LUA_PATH=/home/mdcallag/git/mytools/bench/sysbench.lua/lua/?.lua /home/mdcallag/git/mytools/bench/sysbench.lua/lua/sysbench --db-driver=pgsql --range-size=1000 --table-size=10000000 --tables=8 --threads=40 --events=0 --warmup-time=5 --time=630 --pgsql_conn_id=true /home/mdcallag/git/mytools/bench/sysbench.lua/lua/oltp_read_only.lua run --pgsql-user=root --pgsql-password=pw --pgsql-host=127.0.0.1 --pgsql-db=ib --rand-type=uniform --simple-ranges=1 --sum-ranges=0 --order-ranges=0 --distinct-ranges=0
48 CPUs
sysbench 1.1.0-9072687 (using bundled LuaJIT 2.1.0-beta3)

Running the test with following options:
Number of threads: 40
Warmup time: 5s
Initializing random number generator from current time


Initializing worker threads...

explain: for point_selects :: explain SELECT c FROM sbtest%u WHERE id=%u
explain: for point_selects :: explain SELECT c FROM sbtest%u WHERE id=%u
explain: for point_selects :: explain SELECT c FROM sbtest%u WHERE id=%u
for point_selects
table 1 : explain SELECT c FROM sbtest1 WHERE id=3727674
	Index Scan using sbtest1_pkey on sbtest1  (cost=0.43..8.45 rows=1 width=121)
	  Index Cond: (id = 3727674)

table 2 : explain SELECT c FROM sbtest2 WHERE id=4761032
	Index Scan using sbtest2_pkey on sbtest2  (cost=0.43..8.45 rows=1 width=121)
	  Index Cond: (id = 4761032)

table 3 : explain SELECT c FROM sbtest3 WHERE id=6186586
	Index Scan using sbtest3_pkey on sbtest3  (cost=0.43..8.45 rows=1 width=121)
	  Index Cond: (id = 6186586)

table 4 : explain SELECT c FROM sbtest4 WHERE id=3106893
	Index Scan using sbtest4_pkey on sbtest4  (cost=0.43..8.45 rows=1 width=121)
	  Index Cond: (id = 3106893)

table 5 : explain SELECT c FROM sbtest5 WHERE id=1489516
	Index Scan using sbtest5_pkey on sbtest5  (cost=0.43..8.45 rows=1 width=121)
	  Index Cond: (id = 1489516)

table 6 : explain SELECT c FROM sbtest6 WHERE id=4405732
	Index Scan using sbtest6_pkey on sbtest6  (cost=0.43..8.45 rows=1 width=121)
	  Index Cond: (id = 4405732)

table 7 : explain SELECT c FROM sbtest7 WHERE id=9887081
	Index Scan using sbtest7_pkey on sbtest7  (cost=0.43..8.45 rows=1 width=121)
	  Index Cond: (id = 9887081)

table 8 : explain SELECT c FROM sbtest8 WHERE id=1590243
	Index Scan using sbtest8_pkey on sbtest8  (cost=0.43..8.45 rows=1 width=121)
	  Index Cond: (id = 1590243)

for point_selects
table 1 : explain SELECT c FROM sbtest1 WHERE id=5566372
	Index Scan using sbtest1_pkey on sbtest1  (cost=0.43..8.45 rows=1 width=121)
	  Index Cond: (id = 5566372)

table 2 : explain SELECT c FROM sbtest2 WHERE id=7560400
	Index Scan using sbtest2_pkey on sbtest2  (cost=0.43..8.45 rows=1 width=121)
	  Index Cond: (id = 7560400)

table 3 : explain SELECT c FROM sbtest3 WHERE id=2369239
	Index Scan using sbtest3_pkey on sbtest3  (cost=0.43..8.45 rows=1 width=121)
	  Index Cond: (id = 2369239)

table 4 : explain SELECT c FROM sbtest4 WHERE id=2488090
	Index Scan using sbtest4_pkey on sbtest4  (cost=0.43..8.45 rows=1 width=121)
	  Index Cond: (id = 2488090)

table 5 : explain SELECT c FROM sbtest5 WHERE id=6557887
	Index Scan using sbtest5_pkey on sbtest5  (cost=0.43..8.45 rows=1 width=121)
	  Index Cond: (id = 6557887)

table 6 : explain SELECT c FROM sbtest6 WHERE id=7529655
	Index Scan using sbtest6_pkey on sbtest6  (cost=0.43..8.45 rows=1 width=121)
	  Index Cond: (id = 7529655)

table 7 : explain SELECT c FROM sbtest7 WHERE id=192007
	Index Scan using sbtest7_pkey on sbtest7  (cost=0.43..8.45 rows=1 width=121)
	  Index Cond: (id = 192007)

table 8 : explain SELECT c FROM sbtest8 WHERE id=6832701
	Index Scan using sbtest8_pkey on sbtest8  (cost=0.43..8.45 rows=1 width=121)
	  Index Cond: (id = 6832701)

explain: for point_selects :: explain SELECT c FROM sbtest%u WHERE id=%u
for: simple_ranges
table 1 : explain SELECT c FROM sbtest1 WHERE id BETWEEN 2875400 AND 2876399
	Bitmap Heap Scan on sbtest1  (cost=22.75..3881.79 rows=1006 width=121)
	  Recheck Cond: ((id >= 2875400) AND (id <= 2876399))
	  ->  Bitmap Index Scan on sbtest1_pkey  (cost=0.00..22.50 rows=1006 width=0)
	        Index Cond: ((id >= 2875400) AND (id <= 2876399))

table 2 : explain SELECT c FROM sbtest2 WHERE id BETWEEN 5163567 AND 5164566
	Bitmap Heap Scan on sbtest2  (cost=22.98..3969.35 rows=1029 width=121)
	  Recheck Cond: ((id >= 5163567) AND (id <= 5164566))
	  ->  Bitmap Index Scan on sbtest2_pkey  (cost=0.00..22.72 rows=1029 width=0)
	        Index Cond: ((id >= 5163567) AND (id <= 5164566))

table 3 : explain SELECT c FROM sbtest3 WHERE id BETWEEN 9051273 AND 9052272
	Bitmap Heap Scan on sbtest3  (cost=21.92..3577.62 rows=925 width=121)
	  Recheck Cond: ((id >= 9051273) AND (id <= 9052272))
	  ->  Bitmap Index Scan on sbtest3_pkey  (cost=0.00..21.68 rows=925 width=0)
	        Index Cond: ((id >= 9051273) AND (id <= 9052272))

table 4 : explain SELECT c FROM sbtest4 WHERE id BETWEEN 5371555 AND 5372554
	Bitmap Heap Scan on sbtest4  (cost=23.60..4195.85 rows=1089 width=121)
	  Recheck Cond: ((id >= 5371555) AND (id <= 5372554))
	  ->  Bitmap Index Scan on sbtest4_pkey  (cost=0.00..23.32 rows=1089 width=0)
	        Index Cond: ((id >= 5371555) AND (id <= 5372554))

table 5 : explain SELECT c FROM sbtest5 WHERE id BETWEEN 9200563 AND 9201562
	Bitmap Heap Scan on sbtest5  (cost=21.94..3586.00 rows=927 width=121)
	  Recheck Cond: ((id >= 9200563) AND (id <= 9201562))
	  ->  Bitmap Index Scan on sbtest5_pkey  (cost=0.00..21.70 rows=927 width=0)
	        Index Cond: ((id >= 9200563) AND (id <= 9201562))

table 6 : explain SELECT c FROM sbtest6 WHERE id BETWEEN 615210 AND 616209
	Bitmap Heap Scan on sbtest6  (cost=22.26..3707.43 rows=959 width=121)
	  Recheck Cond: ((id >= 615210) AND (id <= 616209))
	  ->  Bitmap Index Scan on sbtest6_pkey  (cost=0.00..22.02 rows=959 width=0)
	        Index Cond: ((id >= 615210) AND (id <= 616209))

table 7 : explain SELECT c FROM sbtest7 WHERE id BETWEEN 7331371 AND 7332370
	Bitmap Heap Scan on sbtest7  (cost=21.65..3480.78 rows=899 width=121)
	  Recheck Cond: ((id >= 7331371) AND (id <= 7332370))
	  ->  Bitmap Index Scan on sbtest7_pkey  (cost=0.00..21.43 rows=899 width=0)
	        Index Cond: ((id >= 7331371) AND (id <= 7332370))

table 8 : explain SELECT c FROM sbtest8 WHERE id BETWEEN 7499718 AND 7500717
	Bitmap Heap Scan on sbtest8  (cost=22.27..3711.19 rows=960 width=121)
	  Recheck Cond: ((id >= 7499718) AND (id <= 7500717))
	  ->  Bitmap Index Scan on sbtest8_pkey  (cost=0.00..22.04 rows=960 width=0)
	        Index Cond: ((id >= 7499718) AND (id <= 7500717))

for: simple_ranges
table 1 : explain SELECT c FROM sbtest1 WHERE id BETWEEN 8476023 AND 8477022
	Bitmap Heap Scan on sbtest1  (cost=22.21..3685.96 rows=954 width=121)
	  Recheck Cond: ((id >= 8476023) AND (id <= 8477022))
	  ->  Bitmap Index Scan on sbtest1_pkey  (cost=0.00..21.97 rows=954 width=0)
	        Index Cond: ((id >= 8476023) AND (id <= 8477022))

table 2 : explain SELECT c FROM sbtest2 WHERE id BETWEEN 8359761 AND 8360760
	Bitmap Heap Scan on sbtest2  (cost=22.50..3792.44 rows=982 width=121)
	  Recheck Cond: ((id >= 8359761) AND (id <= 8360760))
	  ->  Bitmap Index Scan on sbtest2_pkey  (cost=0.00..22.25 rows=982 width=0)
	        Index Cond: ((id >= 8359761) AND (id <= 8360760))

table 3 : explain SELECT c FROM sbtest3 WHERE id BETWEEN 2482718 AND 2483717
	Bitmap Heap Scan on sbtest3  (cost=22.82..3909.30 rows=1013 width=121)
	  Recheck Cond: ((id >= 2482718) AND (id <= 2483717))
	  ->  Bitmap Index Scan on sbtest3_pkey  (cost=0.00..22.57 rows=1013 width=0)
	        Index Cond: ((id >= 2482718) AND (id <= 2483717))

table 4 : explain SELECT c FROM sbtest4 WHERE id BETWEEN 8721882 AND 8722881
	Bitmap Heap Scan on sbtest4  (cost=22.48..3785.81 rows=980 width=121)
	  Recheck Cond: ((id >= 8721882) AND (id <= 8722881))
	  ->  Bitmap Index Scan on sbtest4_pkey  (cost=0.00..22.23 rows=980 width=0)
	        Index Cond: ((id >= 8721882) AND (id <= 8722881))

table 5 : explain SELECT c FROM sbtest5 WHERE id BETWEEN 4724721 AND 4725720
	Bitmap Heap Scan on sbtest5  (cost=23.42..4132.15 rows=1072 width=121)
	  Recheck Cond: ((id >= 4724721) AND (id <= 4725720))
	  ->  Bitmap Index Scan on sbtest5_pkey  (cost=0.00..23.15 rows=1072 width=0)
	        Index Cond: ((id >= 4724721) AND (id <= 4725720))

table 6 : explain SELECT c FROM sbtest6 WHERE id BETWEEN 9711356 AND 9712355
	Bitmap Heap Scan on sbtest6  (cost=22.33..3730.06 rows=965 width=121)
	  Recheck Cond: ((id >= 9711356) AND (id <= 9712355))
	  ->  Bitmap Index Scan on sbtest6_pkey  (cost=0.00..22.08 rows=965 width=0)
	        Index Cond: ((id >= 9711356) AND (id <= 9712355))

table 7 : explain SELECT c FROM sbtest7 WHERE id BETWEEN 8668175 AND 8669174
	Bitmap Heap Scan on sbtest7  (cost=21.95..3590.36 rows=928 width=121)
	  Recheck Cond: ((id >= 8668175) AND (id <= 8669174))
	  ->  Bitmap Index Scan on sbtest7_pkey  (cost=0.00..21.71 rows=928 width=0)
	        Index Cond: ((id >= 8668175) AND (id <= 8669174))

table 8 : explain SELECT c FROM sbtest8 WHERE id BETWEEN 403570 AND 404569
	Bitmap Heap Scan on sbtest8  (cost=27.73..4249.61 rows=1102 width=121)
	  Recheck Cond: ((id >= 403570) AND (id <= 404569))
	  ->  Bitmap Index Scan on sbtest8_pkey  (cost=0.00..27.45 rows=1102 width=0)
	        Index Cond: ((id >= 403570) AND (id <= 404569))

explain: for point_selects :: explain SELECT c FROM sbtest%u WHERE id=%u
for point_selects
table 1 : explain SELECT c FROM sbtest1 WHERE id=1902047
	Index Scan using sbtest1_pkey on sbtest1  (cost=0.43..8.45 rows=1 width=121)
	  Index Cond: (id = 1902047)

table 2 : explain SELECT c FROM sbtest2 WHERE id=4123879
	Index Scan using sbtest2_pkey on sbtest2  (cost=0.43..8.45 rows=1 width=121)
	  Index Cond: (id = 4123879)

table 3 : explain SELECT c FROM sbtest3 WHERE id=7701694
	Index Scan using sbtest3_pkey on sbtest3  (cost=0.43..8.45 rows=1 width=121)
	  Index Cond: (id = 7701694)

table 4 : explain SELECT c FROM sbtest4 WHERE id=4161614
	Index Scan using sbtest4_pkey on sbtest4  (cost=0.43..8.45 rows=1 width=121)
	  Index Cond: (id = 4161614)

table 5 : explain SELECT c FROM sbtest5 WHERE id=9528129
	Index Scan using sbtest5_pkey on sbtest5  (cost=0.43..8.45 rows=1 width=121)
	  Index Cond: (id = 9528129)

table 6 : explain SELECT c FROM sbtest6 WHERE id=2259754
	Index Scan using sbtest6_pkey on sbtest6  (cost=0.43..8.45 rows=1 width=121)
	  Index Cond: (id = 2259754)

table 7 : explain SELECT c FROM sbtest7 WHERE id=9942893
	Index Scan using sbtest7_pkey on sbtest7  (cost=0.43..8.45 rows=1 width=121)
	  Index Cond: (id = 9942893)

table 8 : explain SELECT c FROM sbtest8 WHERE id=7508807
	Index Scan using sbtest8_pkey on sbtest8  (cost=0.43..8.45 rows=1 width=121)
	  Index Cond: (id = 7508807)

explain: for point_selects :: explain SELECT c FROM sbtest%u WHERE id=%u
explain: for point_selects :: explain SELECT c FROM sbtest%u WHERE id=%u
explain: for point_selects :: explain SELECT c FROM sbtest%u WHERE id=%u
explain: for point_selects :: explain SELECT c FROM sbtest%u WHERE id=%u
explain: for point_selects :: explain SELECT c FROM sbtest%u WHERE id=%u
explain: for point_selects :: explain SELECT c FROM sbtest%u WHERE id=%u
explain: for point_selects :: explain SELECT c FROM sbtest%u WHERE id=%u
for: simple_ranges
table 1 : explain SELECT c FROM sbtest1 WHERE id BETWEEN 346173 AND 347172
	Bitmap Heap Scan on sbtest1  (cost=22.32..3723.65 rows=964 width=121)
	  Recheck Cond: ((id >= 346173) AND (id <= 347172))
	  ->  Bitmap Index Scan on sbtest1_pkey  (cost=0.00..22.07 rows=964 width=0)
	        Index Cond: ((id >= 346173) AND (id <= 347172))

table 2 : explain SELECT c FROM sbtest2 WHERE id BETWEEN 5458394 AND 5459393
	Bitmap Heap Scan on sbtest2  (cost=22.91..3943.02 rows=1022 width=121)
	  Recheck Cond: ((id >= 5458394) AND (id <= 5459393))
	  ->  Bitmap Index Scan on sbtest2_pkey  (cost=0.00..22.65 rows=1022 width=0)
	        Index Cond: ((id >= 5458394) AND (id <= 5459393))

table 3 : explain SELECT c FROM sbtest3 WHERE id BETWEEN 7541259 AND 7542258
	Bitmap Heap Scan on sbtest3  (cost=28.08..4371.50 rows=1136 width=121)
	  Recheck Cond: ((id >= 7541259) AND (id <= 7542258))
	  ->  Bitmap Index Scan on sbtest3_pkey  (cost=0.00..27.79 rows=1136 width=0)
	        Index Cond: ((id >= 7541259) AND (id <= 7542258))

table 4 : explain SELECT c FROM sbtest4 WHERE id BETWEEN 6294199 AND 6295198
	Bitmap Heap Scan on sbtest4  (cost=22.17..3672.69 rows=950 width=121)
	  Recheck Cond: ((id >= 6294199) AND (id <= 6295198))
	  ->  Bitmap Index Scan on sbtest4_pkey  (cost=0.00..21.93 rows=950 width=0)
	        Index Cond: ((id >= 6294199) AND (id <= 6295198))

table 5 : explain SELECT c FROM sbtest5 WHERE id BETWEEN 7312543 AND 7313542
	Bitmap Heap Scan on sbtest5  (cost=22.38..3748.25 rows=970 width=121)
	  Recheck Cond: ((id >= 7312543) AND (id <= 7313542))
	  ->  Bitmap Index Scan on sbtest5_pkey  (cost=0.00..22.14 rows=970 width=0)
	        Index Cond: ((id >= 7312543) AND (id <= 7313542))

table 6 : explain SELECT c FROM sbtest6 WHERE id BETWEEN 9425694 AND 9426693
	Bitmap Heap Scan on sbtest6  (cost=27.75..4257.13 rows=1104 width=121)
	  Recheck Cond: ((id >= 9425694) AND (id <= 9426693))
	  ->  Bitmap Index Scan on sbtest6_pkey  (cost=0.00..27.47 rows=1104 width=0)
	        Index Cond: ((id >= 9425694) AND (id <= 9426693))

table 7 : explain SELECT c FROM sbtest7 WHERE id BETWEEN 2086099 AND 2087098
	Bitmap Heap Scan on sbtest7  (cost=23.46..4147.91 rows=1076 width=121)
	  Recheck Cond: ((id >= 2086099) AND (id <= 2087098))
	  ->  Bitmap Index Scan on sbtest7_pkey  (cost=0.00..23.19 rows=1076 width=0)
	        Index Cond: ((id >= 2086099) AND (id <= 2087098))

table 8 : explain SELECT c FROM sbtest8 WHERE id BETWEEN 6269649 AND 6270648
	Bitmap Heap Scan on sbtest8  (cost=22.11..3650.81 rows=944 width=121)
	  Recheck Cond: ((id >= 6269649) AND (id <= 6270648))
	  ->  Bitmap Index Scan on sbtest8_pkey  (cost=0.00..21.87 rows=944 width=0)
	        Index Cond: ((id >= 6269649) AND (id <= 6270648))

explain: for point_selects :: explain SELECT c FROM sbtest%u WHERE id=%u
for point_selects
table 1 : explain SELECT c FROM sbtest1 WHERE id=7245975
	Index Scan using sbtest1_pkey on sbtest1  (cost=0.43..8.45 rows=1 width=121)
	  Index Cond: (id = 7245975)

table 2 : explain SELECT c FROM sbtest2 WHERE id=396242
	Index Scan using sbtest2_pkey on sbtest2  (cost=0.43..8.45 rows=1 width=121)
	  Index Cond: (id = 396242)

table 3 : explain SELECT c FROM sbtest3 WHERE id=5660443
	Index Scan using sbtest3_pkey on sbtest3  (cost=0.43..8.45 rows=1 width=121)
	  Index Cond: (id = 5660443)

table 4 : explain SELECT c FROM sbtest4 WHERE id=9919556
	Index Scan using sbtest4_pkey on sbtest4  (cost=0.43..8.45 rows=1 width=121)
	  Index Cond: (id = 9919556)

table 5 : explain SELECT c FROM sbtest5 WHERE id=813388
	Index Scan using sbtest5_pkey on sbtest5  (cost=0.43..8.45 rows=1 width=121)
	  Index Cond: (id = 813388)

table 6 : explain SELECT c FROM sbtest6 WHERE id=6611772
	Index Scan using sbtest6_pkey on sbtest6  (cost=0.43..8.45 rows=1 width=121)
	  Index Cond: (id = 6611772)

table 7 : explain SELECT c FROM sbtest7 WHERE id=57498
	Index Scan using sbtest7_pkey on sbtest7  (cost=0.43..8.45 rows=1 width=121)
	  Index Cond: (id = 57498)

table 8 : explain SELECT c FROM sbtest8 WHERE id=7331700
	Index Scan using sbtest8_pkey on sbtest8  (cost=0.43..8.45 rows=1 width=121)
	  Index Cond: (id = 7331700)

for point_selects
table 1 : explain SELECT c FROM sbtest1 WHERE id=8500350
	Index Scan using sbtest1_pkey on sbtest1  (cost=0.43..8.45 rows=1 width=121)
	  Index Cond: (id = 8500350)

table 2 : explain SELECT c FROM sbtest2 WHERE id=4053065
	Index Scan using sbtest2_pkey on sbtest2  (cost=0.43..8.45 rows=1 width=121)
	  Index Cond: (id = 4053065)

table 3 : explain SELECT c FROM sbtest3 WHERE id=8863214
	Index Scan using sbtest3_pkey on sbtest3  (cost=0.43..8.45 rows=1 width=121)
	  Index Cond: (id = 8863214)

table 4 : explain SELECT c FROM sbtest4 WHERE id=981101
	Index Scan using sbtest4_pkey on sbtest4  (cost=0.43..8.45 rows=1 width=121)
	  Index Cond: (id = 981101)

table 5 : explain SELECT c FROM sbtest5 WHERE id=4100046
	Index Scan using sbtest5_pkey on sbtest5  (cost=0.43..8.45 rows=1 width=121)
	  Index Cond: (id = 4100046)

table 6 : explain SELECT c FROM sbtest6 WHERE id=3990474
	Index Scan using sbtest6_pkey on sbtest6  (cost=0.43..8.45 rows=1 width=121)
	  Index Cond: (id = 3990474)

table 7 : explain SELECT c FROM sbtest7 WHERE id=6658183
	Index Scan using sbtest7_pkey on sbtest7  (cost=0.43..8.45 rows=1 width=121)
	  Index Cond: (id = 6658183)

table 8 : explain SELECT c FROM sbtest8 WHERE id=8459187
	Index Scan using sbtest8_pkey on sbtest8  (cost=0.43..8.45 rows=1 width=121)
	  Index Cond: (id = 8459187)

for point_selects
table 1 : explain SELECT c FROM sbtest1 WHERE id=2759906
	Index Scan using sbtest1_pkey on sbtest1  (cost=0.43..8.45 rows=1 width=121)
	  Index Cond: (id = 2759906)

table 2 : explain SELECT c FROM sbtest2 WHERE id=2221456
	Index Scan using sbtest2_pkey on sbtest2  (cost=0.43..8.45 rows=1 width=121)
	  Index Cond: (id = 2221456)

table 3 : explain SELECT c FROM sbtest3 WHERE id=4382509
	Index Scan using sbtest3_pkey on sbtest3  (cost=0.43..8.45 rows=1 width=121)
	  Index Cond: (id = 4382509)

table 4 : explain SELECT c FROM sbtest4 WHERE id=1821269
	Index Scan using sbtest4_pkey on sbtest4  (cost=0.43..8.45 rows=1 width=121)
	  Index Cond: (id = 1821269)

table 5 : explain SELECT c FROM sbtest5 WHERE id=8712610
	Index Scan using sbtest5_pkey on sbtest5  (cost=0.43..8.45 rows=1 width=121)
	  Index Cond: (id = 8712610)

table 6 : explain SELECT c FROM sbtest6 WHERE id=6149207
	Index Scan using sbtest6_pkey on sbtest6  (cost=0.43..8.45 rows=1 width=121)
	  Index Cond: (id = 6149207)

table 7 : explain SELECT c FROM sbtest7 WHERE id=81412
	Index Scan using sbtest7_pkey on sbtest7  (cost=0.43..8.45 rows=1 width=121)
	  Index Cond: (id = 81412)

table 8 : explain SELECT c FROM sbtest8 WHERE id=4030389
	Index Scan using sbtest8_pkey on sbtest8  (cost=0.43..8.45 rows=1 width=121)
	  Index Cond: (id = 4030389)

for: sum_ranges
table 1 : explain SELECT SUM(k) FROM sbtest1 WHERE id BETWEEN 6584282 AND 6585281
	Aggregate  (cost=4083.66..4083.67 rows=1 width=8)
	  ->  Bitmap Heap Scan on sbtest1  (cost=23.29..4081.02 rows=1059 width=4)
	        Recheck Cond: ((id >= 6584282) AND (id <= 6585281))
	        ->  Bitmap Index Scan on sbtest1_pkey  (cost=0.00..23.02 rows=1059 width=0)
	              Index Cond: ((id >= 6584282) AND (id <= 6585281))

table 2 : explain SELECT SUM(k) FROM sbtest2 WHERE id BETWEEN 1239741 AND 1240740
	Aggregate  (cost=4047.17..4047.18 rows=1 width=8)
	  ->  Bitmap Heap Scan on sbtest2  (cost=23.19..4044.55 rows=1049 width=4)
	        Recheck Cond: ((id >= 1239741) AND (id <= 1240740))
	        ->  Bitmap Index Scan on sbtest2_pkey  (cost=0.00..22.93 rows=1049 width=0)
	              Index Cond: ((id >= 1239741) AND (id <= 1240740))

table 3 : explain SELECT SUM(k) FROM sbtest3 WHERE id BETWEEN 6259453 AND 6260452
	Aggregate  (cost=3508.13..3508.14 rows=1 width=8)
	  ->  Bitmap Heap Scan on sbtest3  (cost=21.72..3505.87 rows=906 width=4)
	        Recheck Cond: ((id >= 6259453) AND (id <= 6260452))
	        ->  Bitmap Index Scan on sbtest3_pkey  (cost=0.00..21.50 rows=906 width=0)
	              Index Cond: ((id >= 6259453) AND (id <= 6260452))

table 4 : explain SELECT SUM(k) FROM sbtest4 WHERE id BETWEEN 3027199 AND 3028198
	Aggregate  (cost=3822.20..3822.21 rows=1 width=8)
	  ->  Bitmap Heap Scan on sbtest4  (cost=22.57..3819.73 rows=989 width=4)
	        Recheck Cond: ((id >= 3027199) AND (id <= 3028198))
	        ->  Bitmap Index Scan on sbtest4_pkey  (cost=0.00..22.32 rows=989 width=0)
	              Index Cond: ((id >= 3027199) AND (id <= 3028198))

table 5 : explain SELECT SUM(k) FROM sbtest5 WHERE id BETWEEN 7634977 AND 7635976
	Aggregate  (cost=3758.22..3758.23 rows=1 width=8)
	  ->  Bitmap Heap Scan on sbtest5  (cost=22.40..3755.79 rows=972 width=4)
	        Recheck Cond: ((id >= 7634977) AND (id <= 7635976))
	        ->  Bitmap Index Scan on sbtest5_pkey  (cost=0.00..22.15 rows=972 width=0)
	              Index Cond: ((id >= 7634977) AND (id <= 7635976))

table 6 : explain SELECT SUM(k) FROM sbtest6 WHERE id BETWEEN 4383070 AND 4384069
	Aggregate  (cost=3687.17..3687.18 rows=1 width=8)
	  ->  Bitmap Heap Scan on sbtest6  (cost=22.20..3684.79 rows=953 width=4)
	        Recheck Cond: ((id >= 4383070) AND (id <= 4384069))
	        ->  Bitmap Index Scan on sbtest6_pkey  (cost=0.00..21.96 rows=953 width=0)
	              Index Cond: ((id >= 4383070) AND (id <= 4384069))

table 7 : explain SELECT SUM(k) FROM sbtest7 WHERE id BETWEEN 8987690 AND 8988689
	Aggregate  (cost=4090.42..4090.43 rows=1 width=8)
	  ->  Bitmap Heap Scan on sbtest7  (cost=23.30..4087.77 rows=1060 width=4)
	        Recheck Cond: ((id >= 8987690) AND (id <= 8988689))
	        ->  Bitmap Index Scan on sbtest7_pkey  (cost=0.00..23.04 rows=1060 width=0)
	              Index Cond: ((id >= 8987690) AND (id <= 8988689))

table 8 : explain SELECT SUM(k) FROM sbtest8 WHERE id BETWEEN 2549812 AND 2550811
	Aggregate  (cost=4071.65..4071.66 rows=1 width=8)
	  ->  Bitmap Heap Scan on sbtest8  (cost=23.25..4069.01 rows=1055 width=4)
	        Recheck Cond: ((id >= 2549812) AND (id <= 2550811))
	        ->  Bitmap Index Scan on sbtest8_pkey  (cost=0.00..22.98 rows=1055 width=0)
	              Index Cond: ((id >= 2549812) AND (id <= 2550811))

for point_selects
table 1 : explain SELECT c FROM sbtest1 WHERE id=7255489
	Index Scan using sbtest1_pkey on sbtest1  (cost=0.43..8.45 rows=1 width=121)
	  Index Cond: (id = 7255489)

table 2 : explain SELECT c FROM sbtest2 WHERE id=3320066
	Index Scan using sbtest2_pkey on sbtest2  (cost=0.43..8.45 rows=1 width=121)
	  Index Cond: (id = 3320066)

table 3 : explain SELECT c FROM sbtest3 WHERE id=8216179
	Index Scan using sbtest3_pkey on sbtest3  (cost=0.43..8.45 rows=1 width=121)
	  Index Cond: (id = 8216179)

table 4 : explain SELECT c FROM sbtest4 WHERE id=7223074
	Index Scan using sbtest4_pkey on sbtest4  (cost=0.43..8.45 rows=1 width=121)
	  Index Cond: (id = 7223074)

table 5 : explain SELECT c FROM sbtest5 WHERE id=6849130
	Index Scan using sbtest5_pkey on sbtest5  (cost=0.43..8.45 rows=1 width=121)
	  Index Cond: (id = 6849130)

table 6 : explain SELECT c FROM sbtest6 WHERE id=8969850
	Index Scan using sbtest6_pkey on sbtest6  (cost=0.43..8.45 rows=1 width=121)
	  Index Cond: (id = 8969850)

table 7 : explain SELECT c FROM sbtest7 WHERE id=773554
	Index Scan using sbtest7_pkey on sbtest7  (cost=0.43..8.45 rows=1 width=121)
	  Index Cond: (id = 773554)

table 8 : explain SELECT c FROM sbtest8 WHERE id=409735
	Index Scan using sbtest8_pkey on sbtest8  (cost=0.43..8.45 rows=1 width=121)
	  Index Cond: (id = 409735)

for point_selects
table 1 : explain SELECT c FROM sbtest1 WHERE id=4685575
	Index Scan using sbtest1_pkey on sbtest1  (cost=0.43..8.45 rows=1 width=121)
	  Index Cond: (id = 4685575)

table 2 : explain SELECT c FROM sbtest2 WHERE id=5868970
	Index Scan using sbtest2_pkey on sbtest2  (cost=0.43..8.45 rows=1 width=121)
	  Index Cond: (id = 5868970)

table 3 : explain SELECT c FROM sbtest3 WHERE id=8410820
	Index Scan using sbtest3_pkey on sbtest3  (cost=0.43..8.45 rows=1 width=121)
	  Index Cond: (id = 8410820)

table 4 : explain SELECT c FROM sbtest4 WHERE id=7573606
	Index Scan using sbtest4_pkey on sbtest4  (cost=0.43..8.45 rows=1 width=121)
	  Index Cond: (id = 7573606)

table 5 : explain SELECT c FROM sbtest5 WHERE id=3306512
	Index Scan using sbtest5_pkey on sbtest5  (cost=0.43..8.45 rows=1 width=121)
	  Index Cond: (id = 3306512)

table 6 : explain SELECT c FROM sbtest6 WHERE id=9881684
	Index Scan using sbtest6_pkey on sbtest6  (cost=0.43..8.45 rows=1 width=121)
	  Index Cond: (id = 9881684)

table 7 : explain SELECT c FROM sbtest7 WHERE id=8496002
	Index Scan using sbtest7_pkey on sbtest7  (cost=0.43..8.45 rows=1 width=121)
	  Index Cond: (id = 8496002)

table 8 : explain SELECT c FROM sbtest8 WHERE id=7905574
	Index Scan using sbtest8_pkey on sbtest8  (cost=0.43..8.45 rows=1 width=121)
	  Index Cond: (id = 7905574)

for: simple_ranges
table 1 : explain SELECT c FROM sbtest1 WHERE id BETWEEN 316858 AND 317857
	Bitmap Heap Scan on sbtest1  (cost=22.32..3723.65 rows=964 width=121)
	  Recheck Cond: ((id >= 316858) AND (id <= 317857))
	  ->  Bitmap Index Scan on sbtest1_pkey  (cost=0.00..22.07 rows=964 width=0)
	        Index Cond: ((id >= 316858) AND (id <= 317857))

table 2 : explain SELECT c FROM sbtest2 WHERE id BETWEEN 1550730 AND 1551729
	Bitmap Heap Scan on sbtest2  (cost=22.84..3916.68 rows=1015 width=121)
	  Recheck Cond: ((id >= 1550730) AND (id <= 1551729))
	  ->  Bitmap Index Scan on sbtest2_pkey  (cost=0.00..22.58 rows=1015 width=0)
	        Index Cond: ((id >= 1550730) AND (id <= 1551729))

table 3 : explain SELECT c FROM sbtest3 WHERE id BETWEEN 5565327 AND 5566326
	Bitmap Heap Scan on sbtest3  (cost=22.24..3698.35 rows=957 width=121)
	  Recheck Cond: ((id >= 5565327) AND (id <= 5566326))
	  ->  Bitmap Index Scan on sbtest3_pkey  (cost=0.00..22.00 rows=957 width=0)
	        Index Cond: ((id >= 5565327) AND (id <= 5566326))

table 4 : explain SELECT c FROM sbtest4 WHERE id BETWEEN 4988608 AND 4989607
	Bitmap Heap Scan on sbtest4  (cost=23.15..4030.51 rows=1045 width=121)
	  Recheck Cond: ((id >= 4988608) AND (id <= 4989607))
	  ->  Bitmap Index Scan on sbtest4_pkey  (cost=0.00..22.89 rows=1045 width=0)
	        Index Cond: ((id >= 4988608) AND (id <= 4989607))

table 5 : explain SELECT c FROM sbtest5 WHERE id BETWEEN 4836549 AND 4837548
	Bitmap Heap Scan on sbtest5  (cost=22.27..3710.54 rows=960 width=121)
	  Recheck Cond: ((id >= 4836549) AND (id <= 4837548))
	  ->  Bitmap Index Scan on sbtest5_pkey  (cost=0.00..22.04 rows=960 width=0)
	        Index Cond: ((id >= 4836549) AND (id <= 4837548))

table 6 : explain SELECT c FROM sbtest6 WHERE id BETWEEN 1957702 AND 1958701
	Bitmap Heap Scan on sbtest6  (cost=21.95..3590.41 rows=928 width=121)
	  Recheck Cond: ((id >= 1957702) AND (id <= 1958701))
	  ->  Bitmap Index Scan on sbtest6_pkey  (cost=0.00..21.71 rows=928 width=0)
	        Index Cond: ((id >= 1957702) AND (id <= 1958701))

table 7 : explain SELECT c FROM sbtest7 WHERE id BETWEEN 3275862 AND 3276861
	Bitmap Heap Scan on sbtest7  (cost=22.10..3647.00 rows=943 width=121)
	  Recheck Cond: ((id >= 3275862) AND (id <= 3276861))
	  ->  Bitmap Index Scan on sbtest7_pkey  (cost=0.00..21.86 rows=943 width=0)
	        Index Cond: ((id >= 3275862) AND (id <= 3276861))

table 8 : explain SELECT c FROM sbtest8 WHERE id BETWEEN 4691015 AND 4692014
	Bitmap Heap Scan on sbtest8  (cost=22.36..3741.37 rows=968 width=121)
	  Recheck Cond: ((id >= 4691015) AND (id <= 4692014))
	  ->  Bitmap Index Scan on sbtest8_pkey  (cost=0.00..22.11 rows=968 width=0)
	        Index Cond: ((id >= 4691015) AND (id <= 4692014))

for: sum_ranges
table 1 : explain SELECT SUM(k) FROM sbtest1 WHERE id BETWEEN 4627891 AND 4628890
	Aggregate  (cost=3722.29..3722.30 rows=1 width=8)
	  ->  Bitmap Heap Scan on sbtest1  (cost=22.31..3719.88 rows=963 width=4)
	        Recheck Cond: ((id >= 4627891) AND (id <= 4628890))
	        ->  Bitmap Index Scan on sbtest1_pkey  (cost=0.00..22.07 rows=963 width=0)
	              Index Cond: ((id >= 4627891) AND (id <= 4628890))

table 2 : explain SELECT SUM(k) FROM sbtest2 WHERE id BETWEEN 3301638 AND 3302637
	Aggregate  (cost=4096.05..4096.06 rows=1 width=8)
	  ->  Bitmap Heap Scan on sbtest2  (cost=23.32..4093.40 rows=1062 width=4)
	        Recheck Cond: ((id >= 3301638) AND (id <= 3302637))
	        ->  Bitmap Index Scan on sbtest2_pkey  (cost=0.00..23.05 rows=1062 width=0)
	              Index Cond: ((id >= 3301638) AND (id <= 3302637))

table 3 : explain SELECT SUM(k) FROM sbtest3 WHERE id BETWEEN 3491518 AND 3492517
	Aggregate  (cost=3598.82..3598.83 rows=1 width=8)
	  ->  Bitmap Heap Scan on sbtest3  (cost=21.97..3596.49 rows=930 width=4)
	        Recheck Cond: ((id >= 3491518) AND (id <= 3492517))
	        ->  Bitmap Index Scan on sbtest3_pkey  (cost=0.00..21.73 rows=930 width=0)
	              Index Cond: ((id >= 3491518) AND (id <= 3492517))

table 4 : explain SELECT SUM(k) FROM sbtest4 WHERE id BETWEEN 9803591 AND 9804590
	Aggregate  (cost=3939.01..3939.02 rows=1 width=8)
	  ->  Bitmap Heap Scan on sbtest4  (cost=22.89..3936.46 rows=1020 width=4)
	        Recheck Cond: ((id >= 9803591) AND (id <= 9804590))
	        ->  Bitmap Index Scan on sbtest4_pkey  (cost=0.00..22.64 rows=1020 width=0)
	              Index Cond: ((id >= 9803591) AND (id <= 9804590))

table 5 : explain SELECT SUM(k) FROM sbtest5 WHERE id BETWEEN 5090890 AND 5091889
	Aggregate  (cost=4029.51..4029.52 rows=1 width=8)
	  ->  Bitmap Heap Scan on sbtest5  (cost=23.14..4026.90 rows=1044 width=4)
	        Recheck Cond: ((id >= 5090890) AND (id <= 5091889))
	        ->  Bitmap Index Scan on sbtest5_pkey  (cost=0.00..22.87 rows=1044 width=0)
	              Index Cond: ((id >= 5090890) AND (id <= 5091889))

table 6 : explain SELECT SUM(k) FROM sbtest6 WHERE id BETWEEN 6385451 AND 6386450
	Aggregate  (cost=4000.14..4000.15 rows=1 width=8)
	  ->  Bitmap Heap Scan on sbtest6  (cost=23.05..3997.55 rows=1036 width=4)
	        Recheck Cond: ((id >= 6385451) AND (id <= 6386450))
	        ->  Bitmap Index Scan on sbtest6_pkey  (cost=0.00..22.79 rows=1036 width=0)
	              Index Cond: ((id >= 6385451) AND (id <= 6386450))

table 7 : explain SELECT SUM(k) FROM sbtest7 WHERE id BETWEEN 1400080 AND 1401079
	Aggregate  (cost=3706.00..3706.01 rows=1 width=8)
	  ->  Bitmap Heap Scan on sbtest7  (cost=22.25..3703.61 rows=958 width=4)
	        Recheck Cond: ((id >= 1400080) AND (id <= 1401079))
	        ->  Bitmap Index Scan on sbtest7_pkey  (cost=0.00..22.01 rows=958 width=0)
	              Index Cond: ((id >= 1400080) AND (id <= 1401079))

table 8 : explain SELECT SUM(k) FROM sbtest8 WHERE id BETWEEN 8249484 AND 8250483
	Aggregate  (cost=3551.14..3551.15 rows=1 width=8)
	  ->  Bitmap Heap Scan on sbtest8  (cost=21.83..3548.84 rows=917 width=4)
	        Recheck Cond: ((id >= 8249484) AND (id <= 8250483))
	        ->  Bitmap Index Scan on sbtest8_pkey  (cost=0.00..21.61 rows=917 width=0)
	              Index Cond: ((id >= 8249484) AND (id <= 8250483))

for point_selects
table 1 : explain SELECT c FROM sbtest1 WHERE id=9066960
	Index Scan using sbtest1_pkey on sbtest1  (cost=0.43..8.45 rows=1 width=121)
	  Index Cond: (id = 9066960)

table 2 : explain SELECT c FROM sbtest2 WHERE id=9981994
	Index Scan using sbtest2_pkey on sbtest2  (cost=0.43..8.45 rows=1 width=121)
	  Index Cond: (id = 9981994)

table 3 : explain SELECT c FROM sbtest3 WHERE id=6881780
	Index Scan using sbtest3_pkey on sbtest3  (cost=0.43..8.45 rows=1 width=121)
	  Index Cond: (id = 6881780)

table 4 : explain SELECT c FROM sbtest4 WHERE id=6013038
	Index Scan using sbtest4_pkey on sbtest4  (cost=0.43..8.45 rows=1 width=121)
	  Index Cond: (id = 6013038)

table 5 : explain SELECT c FROM sbtest5 WHERE id=7359172
	Index Scan using sbtest5_pkey on sbtest5  (cost=0.43..8.45 rows=1 width=121)
	  Index Cond: (id = 7359172)

table 6 : explain SELECT c FROM sbtest6 WHERE id=8238447
	Index Scan using sbtest6_pkey on sbtest6  (cost=0.43..8.45 rows=1 width=121)
	  Index Cond: (id = 8238447)

table 7 : explain SELECT c FROM sbtest7 WHERE id=1510792
	Index Scan using sbtest7_pkey on sbtest7  (cost=0.43..8.45 rows=1 width=121)
	  Index Cond: (id = 1510792)

table 8 : explain SELECT c FROM sbtest8 WHERE id=8072165
	Index Scan using sbtest8_pkey on sbtest8  (cost=0.43..8.45 rows=1 width=121)
	  Index Cond: (id = 8072165)

for: simple_ranges
table 1 : explain SELECT c FROM sbtest1 WHERE id BETWEEN 5064180 AND 5065179
	Bitmap Heap Scan on sbtest1  (cost=23.22..4054.72 rows=1052 width=121)
	  Recheck Cond: ((id >= 5064180) AND (id <= 5065179))
	  ->  Bitmap Index Scan on sbtest1_pkey  (cost=0.00..22.95 rows=1052 width=0)
	        Index Cond: ((id >= 5064180) AND (id <= 5065179))

table 2 : explain SELECT c FROM sbtest2 WHERE id BETWEEN 4864965 AND 4865964
	Bitmap Heap Scan on sbtest2  (cost=21.92..3577.50 rows=925 width=121)
	  Recheck Cond: ((id >= 4864965) AND (id <= 4865964))
	  ->  Bitmap Index Scan on sbtest2_pkey  (cost=0.00..21.68 rows=925 width=0)
	        Index Cond: ((id >= 4864965) AND (id <= 4865964))

table 3 : explain SELECT c FROM sbtest3 WHERE id BETWEEN 8926276 AND 8927275
	Bitmap Heap Scan on sbtest3  (cost=22.76..3886.72 rows=1007 width=121)
	  Recheck Cond: ((id >= 8926276) AND (id <= 8927275))
	  ->  Bitmap Index Scan on sbtest3_pkey  (cost=0.00..22.50 rows=1007 width=0)
	        Index Cond: ((id >= 8926276) AND (id <= 8927275))

table 4 : explain SELECT c FROM sbtest4 WHERE id BETWEEN 2085993 AND 2086992
	Bitmap Heap Scan on sbtest4  (cost=22.86..3925.17 rows=1017 width=121)
	  Recheck Cond: ((id >= 2085993) AND (id <= 2086992))
	  ->  Bitmap Index Scan on sbtest4_pkey  (cost=0.00..22.61 rows=1017 width=0)
	        Index Cond: ((id >= 2085993) AND (id <= 2086992))

table 5 : explain SELECT c FROM sbtest5 WHERE id BETWEEN 5058779 AND 5059778
	Bitmap Heap Scan on sbtest5  (cost=23.14..4026.90 rows=1044 width=121)
	  Recheck Cond: ((id >= 5058779) AND (id <= 5059778))
	  ->  Bitmap Index Scan on sbtest5_pkey  (cost=0.00..22.87 rows=1044 width=0)
	        Index Cond: ((id >= 5058779) AND (id <= 5059778))

table 6 : explain SELECT c FROM sbtest6 WHERE id BETWEEN 3055365 AND 3056364
	Bitmap Heap Scan on sbtest6  (cost=22.53..3805.47 rows=985 width=121)
	  Recheck Cond: ((id >= 3055365) AND (id <= 3056364))
	  ->  Bitmap Index Scan on sbtest6_pkey  (cost=0.00..22.29 rows=985 width=0)
	        Index Cond: ((id >= 3055365) AND (id <= 3056364))

table 7 : explain SELECT c FROM sbtest7 WHERE id BETWEEN 5775850 AND 5776849
	Bitmap Heap Scan on sbtest7  (cost=22.14..3662.10 rows=947 width=121)
	  Recheck Cond: ((id >= 5775850) AND (id <= 5776849))
	  ->  Bitmap Index Scan on sbtest7_pkey  (cost=0.00..21.90 rows=947 width=0)
	        Index Cond: ((id >= 5775850) AND (id <= 5776849))

table 8 : explain SELECT c FROM sbtest8 WHERE id BETWEEN 6224043 AND 6225042
	Bitmap Heap Scan on sbtest8  (cost=22.11..3650.81 rows=944 width=121)
	  Recheck Cond: ((id >= 6224043) AND (id <= 6225042))
	  ->  Bitmap Index Scan on sbtest8_pkey  (cost=0.00..21.87 rows=944 width=0)
	        Index Cond: ((id >= 6224043) AND (id <= 6225042))

for point_selects
table 1 : explain SELECT c FROM sbtest1 WHERE id=970270
	Index Scan using sbtest1_pkey on sbtest1  (cost=0.43..8.45 rows=1 width=121)
	  Index Cond: (id = 970270)

table 2 : explain SELECT c FROM sbtest2 WHERE id=1167692
	Index Scan using sbtest2_pkey on sbtest2  (cost=0.43..8.45 rows=1 width=121)
	  Index Cond: (id = 1167692)

table 3 : explain SELECT c FROM sbtest3 WHERE id=5630882
	Index Scan using sbtest3_pkey on sbtest3  (cost=0.43..8.45 rows=1 width=121)
	  Index Cond: (id = 5630882)

table 4 : explain SELECT c FROM sbtest4 WHERE id=2103529
	Index Scan using sbtest4_pkey on sbtest4  (cost=0.43..8.45 rows=1 width=121)
	  Index Cond: (id = 2103529)

table 5 : explain SELECT c FROM sbtest5 WHERE id=9308220
	Index Scan using sbtest5_pkey on sbtest5  (cost=0.43..8.45 rows=1 width=121)
	  Index Cond: (id = 9308220)

table 6 : explain SELECT c FROM sbtest6 WHERE id=5022813
	Index Scan using sbtest6_pkey on sbtest6  (cost=0.43..8.45 rows=1 width=121)
	  Index Cond: (id = 5022813)

table 7 : explain SELECT c FROM sbtest7 WHERE id=7527067
	Index Scan using sbtest7_pkey on sbtest7  (cost=0.43..8.45 rows=1 width=121)
	  Index Cond: (id = 7527067)

table 8 : explain SELECT c FROM sbtest8 WHERE id=7937336
	Index Scan using sbtest8_pkey on sbtest8  (cost=0.43..8.45 rows=1 width=121)
	  Index Cond: (id = 7937336)

for: simple_ranges
table 1 : explain SELECT c FROM sbtest1 WHERE id BETWEEN 5219110 AND 5220109
	Bitmap Heap Scan on sbtest1  (cost=21.90..3569.04 rows=923 width=121)
	  Recheck Cond: ((id >= 5219110) AND (id <= 5220109))
	  ->  Bitmap Index Scan on sbtest1_pkey  (cost=0.00..21.66 rows=923 width=0)
	        Index Cond: ((id >= 5219110) AND (id <= 5220109))

table 2 : explain SELECT c FROM sbtest2 WHERE id BETWEEN 8284925 AND 8285924
	Bitmap Heap Scan on sbtest2  (cost=23.23..4059.58 rows=1053 width=121)
	  Recheck Cond: ((id >= 8284925) AND (id <= 8285924))
	  ->  Bitmap Index Scan on sbtest2_pkey  (cost=0.00..22.96 rows=1053 width=0)
	        Index Cond: ((id >= 8284925) AND (id <= 8285924))

table 3 : explain SELECT c FROM sbtest3 WHERE id BETWEEN 1434549 AND 1435548
	Bitmap Heap Scan on sbtest3  (cost=21.95..3588.94 rows=928 width=121)
	  Recheck Cond: ((id >= 1434549) AND (id <= 1435548))
	  ->  Bitmap Index Scan on sbtest3_pkey  (cost=0.00..21.71 rows=928 width=0)
	        Index Cond: ((id >= 1434549) AND (id <= 1435548))

table 4 : explain SELECT c FROM sbtest4 WHERE id BETWEEN 6607910 AND 6608909
	Bitmap Heap Scan on sbtest4  (cost=23.40..4124.48 rows=1070 width=121)
	  Recheck Cond: ((id >= 6607910) AND (id <= 6608909))
	  ->  Bitmap Index Scan on sbtest4_pkey  (cost=0.00..23.14 rows=1070 width=0)
	        Index Cond: ((id >= 6607910) AND (id <= 6608909))

table 5 : explain SELECT c FROM sbtest5 WHERE id BETWEEN 2676321 AND 2677320
	Bitmap Heap Scan on sbtest5  (cost=27.92..4312.63 rows=1120 width=121)
	  Recheck Cond: ((id >= 2676321) AND (id <= 2677320))
	  ->  Bitmap Index Scan on sbtest5_pkey  (cost=0.00..27.64 rows=1120 width=0)
	        Index Cond: ((id >= 2676321) AND (id <= 2677320))

table 6 : explain SELECT c FROM sbtest6 WHERE id BETWEEN 3369847 AND 3370846
	Bitmap Heap Scan on sbtest6  (cost=22.60..3831.86 rows=992 width=121)
	  Recheck Cond: ((id >= 3369847) AND (id <= 3370846))
	  ->  Bitmap Index Scan on sbtest6_pkey  (cost=0.00..22.36 rows=992 width=0)
	        Index Cond: ((id >= 3369847) AND (id <= 3370846))

table 7 : explain SELECT c FROM sbtest7 WHERE id BETWEEN 9105719 AND 9106718
	Bitmap Heap Scan on sbtest7  (cost=27.63..4212.02 rows=1092 width=121)
	  Recheck Cond: ((id >= 9105719) AND (id <= 9106718))
	  ->  Bitmap Index Scan on sbtest7_pkey  (cost=0.00..27.36 rows=1092 width=0)
	        Index Cond: ((id >= 9105719) AND (id <= 9106718))

table 8 : explain SELECT c FROM sbtest8 WHERE id BETWEEN 4697499 AND 4698498
	Bitmap Heap Scan on sbtest8  (cost=22.36..3741.37 rows=968 width=121)
	  Recheck Cond: ((id >= 4697499) AND (id <= 4698498))
	  ->  Bitmap Index Scan on sbtest8_pkey  (cost=0.00..22.11 rows=968 width=0)
	        Index Cond: ((id >= 4697499) AND (id <= 4698498))

for: simple_ranges
table 1 : explain SELECT c FROM sbtest1 WHERE id BETWEEN 5417299 AND 5418298
	Bitmap Heap Scan on sbtest1  (cost=22.40..3753.79 rows=972 width=121)
	  Recheck Cond: ((id >= 5417299) AND (id <= 5418298))
	  ->  Bitmap Index Scan on sbtest1_pkey  (cost=0.00..22.15 rows=972 width=0)
	        Index Cond: ((id >= 5417299) AND (id <= 5418298))

table 2 : explain SELECT c FROM sbtest2 WHERE id BETWEEN 9230559 AND 9231558
	Bitmap Heap Scan on sbtest2  (cost=23.39..4119.69 rows=1069 width=121)
	  Recheck Cond: ((id >= 9230559) AND (id <= 9231558))
	  ->  Bitmap Index Scan on sbtest2_pkey  (cost=0.00..23.12 rows=1069 width=0)
	        Index Cond: ((id >= 9230559) AND (id <= 9231558))

table 3 : explain SELECT c FROM sbtest3 WHERE id BETWEEN 919047 AND 920046
	Bitmap Heap Scan on sbtest3  (cost=21.67..3486.98 rows=901 width=121)
	  Recheck Cond: ((id >= 919047) AND (id <= 920046))
	  ->  Bitmap Index Scan on sbtest3_pkey  (cost=0.00..21.44 rows=901 width=0)
	        Index Cond: ((id >= 919047) AND (id <= 920046))

table 4 : explain SELECT c FROM sbtest4 WHERE id BETWEEN 1103382 AND 1104381
	Bitmap Heap Scan on sbtest4  (cost=22.49..3789.58 rows=981 width=121)
	  Recheck Cond: ((id >= 1103382) AND (id <= 1104381))
	  ->  Bitmap Index Scan on sbtest4_pkey  (cost=0.00..22.25 rows=981 width=0)
	        Index Cond: ((id >= 1103382) AND (id <= 1104381))

table 5 : explain SELECT c FROM sbtest5 WHERE id BETWEEN 5801189 AND 5802188
	Bitmap Heap Scan on sbtest5  (cost=21.69..3495.34 rows=903 width=121)
	  Recheck Cond: ((id >= 5801189) AND (id <= 5802188))
	  ->  Bitmap Index Scan on sbtest5_pkey  (cost=0.00..21.46 rows=903 width=0)
	        Index Cond: ((id >= 5801189) AND (id <= 5802188))

table 6 : explain SELECT c FROM sbtest6 WHERE id BETWEEN 159808 AND 160807
	Bitmap Heap Scan on sbtest6  (cost=21.45..3408.96 rows=880 width=121)
	  Recheck Cond: ((id >= 159808) AND (id <= 160807))
	  ->  Bitmap Index Scan on sbtest6_pkey  (cost=0.00..21.23 rows=880 width=0)
	        Index Cond: ((id >= 159808) AND (id <= 160807))

table 7 : explain SELECT c FROM sbtest7 WHERE id BETWEEN 6099222 AND 6100221
	Bitmap Heap Scan on sbtest7  (cost=22.92..3948.57 rows=1023 width=121)
	  Recheck Cond: ((id >= 6099222) AND (id <= 6100221))
	  ->  Bitmap Index Scan on sbtest7_pkey  (cost=0.00..22.66 rows=1023 width=0)
	        Index Cond: ((id >= 6099222) AND (id <= 6100221))

table 8 : explain SELECT c FROM sbtest8 WHERE id BETWEEN 248864 AND 249863
	Bitmap Heap Scan on sbtest8  (cost=23.04..3993.78 rows=1035 width=121)
	  Recheck Cond: ((id >= 248864) AND (id <= 249863))
	  ->  Bitmap Index Scan on sbtest8_pkey  (cost=0.00..22.79 rows=1035 width=0)
	        Index Cond: ((id >= 248864) AND (id <= 249863))

for point_selects
table 1 : explain SELECT c FROM sbtest1 WHERE id=2367695
	Index Scan using sbtest1_pkey on sbtest1  (cost=0.43..8.45 rows=1 width=121)
	  Index Cond: (id = 2367695)

table 2 : explain SELECT c FROM sbtest2 WHERE id=7248298
	Index Scan using sbtest2_pkey on sbtest2  (cost=0.43..8.45 rows=1 width=121)
	  Index Cond: (id = 7248298)

table 3 : explain SELECT c FROM sbtest3 WHERE id=5413169
	Index Scan using sbtest3_pkey on sbtest3  (cost=0.43..8.45 rows=1 width=121)
	  Index Cond: (id = 5413169)

table 4 : explain SELECT c FROM sbtest4 WHERE id=2827247
	Index Scan using sbtest4_pkey on sbtest4  (cost=0.43..8.45 rows=1 width=121)
	  Index Cond: (id = 2827247)

table 5 : explain SELECT c FROM sbtest5 WHERE id=1447581
	Index Scan using sbtest5_pkey on sbtest5  (cost=0.43..8.45 rows=1 width=121)
	  Index Cond: (id = 1447581)

table 6 : explain SELECT c FROM sbtest6 WHERE id=7615767
	Index Scan using sbtest6_pkey on sbtest6  (cost=0.43..8.45 rows=1 width=121)
	  Index Cond: (id = 7615767)

table 7 : explain SELECT c FROM sbtest7 WHERE id=7591155
	Index Scan using sbtest7_pkey on sbtest7  (cost=0.43..8.45 rows=1 width=121)
	  Index Cond: (id = 7591155)

table 8 : explain SELECT c FROM sbtest8 WHERE id=3098739
	Index Scan using sbtest8_pkey on sbtest8  (cost=0.43..8.45 rows=1 width=121)
	  Index Cond: (id = 3098739)

explain: for point_selects :: explain SELECT c FROM sbtest%u WHERE id=%u
for: simple_ranges
table 1 : explain SELECT c FROM sbtest1 WHERE id BETWEEN 4436382 AND 4437381
	Bitmap Heap Scan on sbtest1  (cost=21.74..3512.42 rows=908 width=121)
	  Recheck Cond: ((id >= 4436382) AND (id <= 4437381))
	  ->  Bitmap Index Scan on sbtest1_pkey  (cost=0.00..21.51 rows=908 width=0)
	        Index Cond: ((id >= 4436382) AND (id <= 4437381))

table 2 : explain SELECT c FROM sbtest2 WHERE id BETWEEN 3646483 AND 3647482
	Bitmap Heap Scan on sbtest2  (cost=22.01..3611.46 rows=934 width=121)
	  Recheck Cond: ((id >= 3646483) AND (id <= 3647482))
	  ->  Bitmap Index Scan on sbtest2_pkey  (cost=0.00..21.77 rows=934 width=0)
	        Index Cond: ((id >= 3646483) AND (id <= 3647482))

table 3 : explain SELECT c FROM sbtest3 WHERE id BETWEEN 8863428 AND 8864427
	Bitmap Heap Scan on sbtest3  (cost=28.14..4393.99 rows=1142 width=121)
	  Recheck Cond: ((id >= 8863428) AND (id <= 8864427))
	  ->  Bitmap Index Scan on sbtest3_pkey  (cost=0.00..27.86 rows=1142 width=0)
	        Index Cond: ((id >= 8863428) AND (id <= 8864427))

table 4 : explain SELECT c FROM sbtest4 WHERE id BETWEEN 3038951 AND 3039950
	Bitmap Heap Scan on sbtest4  (cost=22.57..3819.73 rows=989 width=121)
	  Recheck Cond: ((id >= 3038951) AND (id <= 3039950))
	  ->  Bitmap Index Scan on sbtest4_pkey  (cost=0.00..22.32 rows=989 width=0)
	        Index Cond: ((id >= 3038951) AND (id <= 3039950))

table 5 : explain SELECT c FROM sbtest5 WHERE id BETWEEN 6192162 AND 6193161
	Bitmap Heap Scan on sbtest5  (cost=23.03..3989.28 rows=1034 width=121)
	  Recheck Cond: ((id >= 6192162) AND (id <= 6193161))
	  ->  Bitmap Index Scan on sbtest5_pkey  (cost=0.00..22.77 rows=1034 width=0)
	        Index Cond: ((id >= 6192162) AND (id <= 6193161))

table 6 : explain SELECT c FROM sbtest6 WHERE id BETWEEN 7031318 AND 7032317
	Bitmap Heap Scan on sbtest6  (cost=21.54..3439.22 rows=888 width=121)
	  Recheck Cond: ((id >= 7031318) AND (id <= 7032317))
	  ->  Bitmap Index Scan on sbtest6_pkey  (cost=0.00..21.32 rows=888 width=0)
	        Index Cond: ((id >= 7031318) AND (id <= 7032317))

table 7 : explain SELECT c FROM sbtest7 WHERE id BETWEEN 3673339 AND 3674338
	Bitmap Heap Scan on sbtest7  (cost=23.22..4057.69 rows=1052 width=121)
	  Recheck Cond: ((id >= 3673339) AND (id <= 3674338))
	  ->  Bitmap Index Scan on sbtest7_pkey  (cost=0.00..22.95 rows=1052 width=0)
	        Index Cond: ((id >= 3673339) AND (id <= 3674338))

table 8 : explain SELECT c FROM sbtest8 WHERE id BETWEEN 4526335 AND 4527334
	Bitmap Heap Scan on sbtest8  (cost=22.46..3779.08 rows=978 width=121)
	  Recheck Cond: ((id >= 4526335) AND (id <= 4527334))
	  ->  Bitmap Index Scan on sbtest8_pkey  (cost=0.00..22.21 rows=978 width=0)
	        Index Cond: ((id >= 4526335) AND (id <= 4527334))

for: order_ranges
table 1 : explain SELECT c FROM sbtest1 WHERE id BETWEEN 3745404 AND 3746403 ORDER BY c
	Sort  (cost=4183.78..4186.46 rows=1072 width=121)
	  Sort Key: c
	  ->  Bitmap Heap Scan on sbtest1  (cost=23.42..4129.83 rows=1072 width=121)
	        Recheck Cond: ((id >= 3745404) AND (id <= 3746403))
	        ->  Bitmap Index Scan on sbtest1_pkey  (cost=0.00..23.15 rows=1072 width=0)
	              Index Cond: ((id >= 3745404) AND (id <= 3746403))

table 2 : explain SELECT c FROM sbtest2 WHERE id BETWEEN 8705568 AND 8706567 ORDER BY c
	Sort  (cost=3657.54..3659.88 rows=934 width=121)
	  Sort Key: c
	  ->  Bitmap Heap Scan on sbtest2  (cost=22.01..3611.46 rows=934 width=121)
	        Recheck Cond: ((id >= 8705568) AND (id <= 8706567))
	        ->  Bitmap Index Scan on sbtest2_pkey  (cost=0.00..21.77 rows=934 width=0)
	              Index Cond: ((id >= 8705568) AND (id <= 8706567))

table 3 : explain SELECT c FROM sbtest3 WHERE id BETWEEN 2292069 AND 2293068 ORDER BY c
	Sort  (cost=4124.04..4126.68 rows=1056 width=121)
	  Sort Key: c
	  ->  Bitmap Heap Scan on sbtest3  (cost=23.26..4071.00 rows=1056 width=121)
	        Recheck Cond: ((id >= 2292069) AND (id <= 2293068))
	        ->  Bitmap Index Scan on sbtest3_pkey  (cost=0.00..23.00 rows=1056 width=0)
	              Index Cond: ((id >= 2292069) AND (id <= 2293068))

table 4 : explain SELECT c FROM sbtest4 WHERE id BETWEEN 5371880 AND 5372879 ORDER BY c
	Sort  (cost=4250.78..4253.51 rows=1089 width=121)
	  Sort Key: c
	  ->  Bitmap Heap Scan on sbtest4  (cost=23.60..4195.85 rows=1089 width=121)
	        Recheck Cond: ((id >= 5371880) AND (id <= 5372879))
	        ->  Bitmap Index Scan on sbtest4_pkey  (cost=0.00..23.32 rows=1089 width=0)
	              Index Cond: ((id >= 5371880) AND (id <= 5372879))

table 5 : explain SELECT c FROM sbtest5 WHERE id BETWEEN 9588183 AND 9589182 ORDER BY c
	Sort  (cost=3715.97..3718.34 rows=949 width=121)
	  Sort Key: c
	  ->  Bitmap Heap Scan on sbtest5  (cost=22.16..3669.04 rows=949 width=121)
	        Recheck Cond: ((id >= 9588183) AND (id <= 9589182))
	        ->  Bitmap Index Scan on sbtest5_pkey  (cost=0.00..21.93 rows=949 width=0)
	              Index Cond: ((id >= 9588183) AND (id <= 9589182))

table 6 : explain SELECT c FROM sbtest6 WHERE id BETWEEN 1307856 AND 1308855 ORDER BY c
	Sort  (cost=3999.76..4002.32 rows=1023 width=121)
	  Sort Key: c
	  ->  Bitmap Heap Scan on sbtest6  (cost=22.92..3948.62 rows=1023 width=121)
	        Recheck Cond: ((id >= 1307856) AND (id <= 1308855))
	        ->  Bitmap Index Scan on sbtest6_pkey  (cost=0.00..22.66 rows=1023 width=0)
	              Index Cond: ((id >= 1307856) AND (id <= 1308855))

table 7 : explain SELECT c FROM sbtest7 WHERE id BETWEEN 6535348 AND 6536347 ORDER BY c
	Sort  (cost=4068.48..4071.09 rows=1041 width=121)
	  Sort Key: c
	  ->  Bitmap Heap Scan on sbtest7  (cost=23.11..4016.31 rows=1041 width=121)
	        Recheck Cond: ((id >= 6535348) AND (id <= 6536347))
	        ->  Bitmap Index Scan on sbtest7_pkey  (cost=0.00..22.84 rows=1041 width=0)
	              Index Cond: ((id >= 6535348) AND (id <= 6536347))

table 8 : explain SELECT c FROM sbtest8 WHERE id BETWEEN 205552 AND 206551 ORDER BY c
	Sort  (cost=3609.30..3611.60 rows=921 width=121)
	  Sort Key: c
	  ->  Bitmap Heap Scan on sbtest8  (cost=21.88..3563.96 rows=921 width=121)
	        Recheck Cond: ((id >= 205552) AND (id <= 206551))
	        ->  Bitmap Index Scan on sbtest8_pkey  (cost=0.00..21.64 rows=921 width=0)
	              Index Cond: ((id >= 205552) AND (id <= 206551))

explain: for point_selects :: explain SELECT c FROM sbtest%u WHERE id=%u
for: sum_ranges
table 1 : explain SELECT SUM(k) FROM sbtest1 WHERE id BETWEEN 9017486 AND 9018485
	Aggregate  (cost=3541.14..3541.15 rows=1 width=8)
	  ->  Bitmap Heap Scan on sbtest1  (cost=21.81..3538.85 rows=915 width=4)
	        Recheck Cond: ((id >= 9017486) AND (id <= 9018485))
	        ->  Bitmap Index Scan on sbtest1_pkey  (cost=0.00..21.58 rows=915 width=0)
	              Index Cond: ((id >= 9017486) AND (id <= 9018485))

table 2 : explain SELECT SUM(k) FROM sbtest2 WHERE id BETWEEN 1343699 AND 1344698
	Aggregate  (cost=3896.63..3896.64 rows=1 width=8)
	  ->  Bitmap Heap Scan on sbtest2  (cost=22.78..3894.11 rows=1009 width=4)
	        Recheck Cond: ((id >= 1343699) AND (id <= 1344698))
	        ->  Bitmap Index Scan on sbtest2_pkey  (cost=0.00..22.52 rows=1009 width=0)
	              Index Cond: ((id >= 1343699) AND (id <= 1344698))

table 3 : explain SELECT SUM(k) FROM sbtest3 WHERE id BETWEEN 4563222 AND 4564221
	Aggregate  (cost=3602.59..3602.60 rows=1 width=8)
	  ->  Bitmap Heap Scan on sbtest3  (cost=21.98..3600.26 rows=931 width=4)
	        Recheck Cond: ((id >= 4563222) AND (id <= 4564221))
	        ->  Bitmap Index Scan on sbtest3_pkey  (cost=0.00..21.75 rows=931 width=0)
	              Index Cond: ((id >= 4563222) AND (id <= 4564221))

table 4 : explain SELECT SUM(k) FROM sbtest4 WHERE id BETWEEN 6553381 AND 6554380
	Aggregate  (cost=3693.94..3693.95 rows=1 width=8)
	  ->  Bitmap Heap Scan on sbtest4  (cost=22.22..3691.55 rows=955 width=4)
	        Recheck Cond: ((id >= 6553381) AND (id <= 6554380))
	        ->  Bitmap Index Scan on sbtest4_pkey  (cost=0.00..21.98 rows=955 width=0)
	              Index Cond: ((id >= 6553381) AND (id <= 6554380))

table 5 : explain SELECT SUM(k) FROM sbtest5 WHERE id BETWEEN 3824639 AND 3825638
	Aggregate  (cost=4089.70..4089.71 rows=1 width=8)
	  ->  Bitmap Heap Scan on sbtest5  (cost=23.30..4087.05 rows=1060 width=4)
	        Recheck Cond: ((id >= 3824639) AND (id <= 3825638))
	        ->  Bitmap Index Scan on sbtest5_pkey  (cost=0.00..23.04 rows=1060 width=0)
	              Index Cond: ((id >= 3824639) AND (id <= 3825638))

table 6 : explain SELECT SUM(k) FROM sbtest6 WHERE id BETWEEN 5544172 AND 5545171
	Aggregate  (cost=3823.02..3823.03 rows=1 width=8)
	  ->  Bitmap Heap Scan on sbtest6  (cost=22.57..3820.55 rows=989 width=4)
	        Recheck Cond: ((id >= 5544172) AND (id <= 5545171))
	        ->  Bitmap Index Scan on sbtest6_pkey  (cost=0.00..22.32 rows=989 width=0)
	              Index Cond: ((id >= 5544172) AND (id <= 5545171))

table 7 : explain SELECT SUM(k) FROM sbtest7 WHERE id BETWEEN 450142 AND 451141
	Aggregate  (cost=4112.99..4113.00 rows=1 width=8)
	  ->  Bitmap Heap Scan on sbtest7  (cost=23.36..4110.32 rows=1066 width=4)
	        Recheck Cond: ((id >= 450142) AND (id <= 451141))
	        ->  Bitmap Index Scan on sbtest7_pkey  (cost=0.00..23.09 rows=1066 width=0)
	              Index Cond: ((id >= 450142) AND (id <= 451141))

table 8 : explain SELECT SUM(k) FROM sbtest8 WHERE id BETWEEN 9627173 AND 9628172
	Aggregate  (cost=3826.79..3826.80 rows=1 width=8)
	  ->  Bitmap Heap Scan on sbtest8  (cost=22.58..3824.31 rows=990 width=4)
	        Recheck Cond: ((id >= 9627173) AND (id <= 9628172))
	        ->  Bitmap Index Scan on sbtest8_pkey  (cost=0.00..22.33 rows=990 width=0)
	              Index Cond: ((id >= 9627173) AND (id <= 9628172))

for: sum_ranges
table 1 : explain SELECT SUM(k) FROM sbtest1 WHERE id BETWEEN 1712804 AND 1713803
	Aggregate  (cost=4320.46..4320.47 rows=1 width=8)
	  ->  Bitmap Heap Scan on sbtest1  (cost=27.94..4317.65 rows=1122 width=4)
	        Recheck Cond: ((id >= 1712804) AND (id <= 1713803))
	        ->  Bitmap Index Scan on sbtest1_pkey  (cost=0.00..27.65 rows=1122 width=0)
	              Index Cond: ((id >= 1712804) AND (id <= 1713803))

table 2 : explain SELECT SUM(k) FROM sbtest2 WHERE id BETWEEN 8316156 AND 8317155
	Aggregate  (cost=3794.89..3794.90 rows=1 width=8)
	  ->  Bitmap Heap Scan on sbtest2  (cost=22.50..3792.44 rows=982 width=4)
	        Recheck Cond: ((id >= 8316156) AND (id <= 8317155))
	        ->  Bitmap Index Scan on sbtest2_pkey  (cost=0.00..22.25 rows=982 width=0)
	              Index Cond: ((id >= 8316156) AND (id <= 8317155))

table 3 : explain SELECT SUM(k) FROM sbtest3 WHERE id BETWEEN 5115753 AND 5116752
	Aggregate  (cost=3911.83..3911.84 rows=1 width=8)
	  ->  Bitmap Heap Scan on sbtest3  (cost=22.82..3909.30 rows=1013 width=4)
	        Recheck Cond: ((id >= 5115753) AND (id <= 5116752))
	        ->  Bitmap Index Scan on sbtest3_pkey  (cost=0.00..22.57 rows=1013 width=0)
	              Index Cond: ((id >= 5115753) AND (id <= 5116752))

table 4 : explain SELECT SUM(k) FROM sbtest4 WHERE id BETWEEN 7446051 AND 7447050
	Aggregate  (cost=3576.86..3576.87 rows=1 width=8)
	  ->  Bitmap Heap Scan on sbtest4  (cost=21.91..3574.55 rows=924 width=4)
	        Recheck Cond: ((id >= 7446051) AND (id <= 7447050))
	        ->  Bitmap Index Scan on sbtest4_pkey  (cost=0.00..21.68 rows=924 width=0)
	              Index Cond: ((id >= 7446051) AND (id <= 7447050))

table 5 : explain SELECT SUM(k) FROM sbtest5 WHERE id BETWEEN 3415194 AND 3416193
	Aggregate  (cost=3527.84..3527.85 rows=1 width=8)
	  ->  Bitmap Heap Scan on sbtest5  (cost=21.77..3525.57 rows=911 width=4)
	        Recheck Cond: ((id >= 3415194) AND (id <= 3416193))
	        ->  Bitmap Index Scan on sbtest5_pkey  (cost=0.00..21.54 rows=911 width=0)
	              Index Cond: ((id >= 3415194) AND (id <= 3416193))

table 6 : explain SELECT SUM(k) FROM sbtest6 WHERE id BETWEEN 9067534 AND 9068533
	Aggregate  (cost=4045.31..4045.32 rows=1 width=8)
	  ->  Bitmap Heap Scan on sbtest6  (cost=23.18..4042.69 rows=1048 width=4)
	        Recheck Cond: ((id >= 9067534) AND (id <= 9068533))
	        ->  Bitmap Index Scan on sbtest6_pkey  (cost=0.00..22.91 rows=1048 width=0)
	              Index Cond: ((id >= 9067534) AND (id <= 9068533))

table 7 : explain SELECT SUM(k) FROM sbtest7 WHERE id BETWEEN 7790481 AND 7791480
	Aggregate  (cost=3811.66..3811.67 rows=1 width=8)
	  ->  Bitmap Heap Scan on sbtest7  (cost=22.54..3809.20 rows=986 width=4)
	        Recheck Cond: ((id >= 7790481) AND (id <= 7791480))
	        ->  Bitmap Index Scan on sbtest7_pkey  (cost=0.00..22.29 rows=986 width=0)
	              Index Cond: ((id >= 7790481) AND (id <= 7791480))

table 8 : explain SELECT SUM(k) FROM sbtest8 WHERE id BETWEEN 315658 AND 316657
	Aggregate  (cost=4252.37..4252.38 rows=1 width=8)
	  ->  Bitmap Heap Scan on sbtest8  (cost=27.73..4249.61 rows=1102 width=4)
	        Recheck Cond: ((id >= 315658) AND (id <= 316657))
	        ->  Bitmap Index Scan on sbtest8_pkey  (cost=0.00..27.45 rows=1102 width=0)
	              Index Cond: ((id >= 315658) AND (id <= 316657))

for: sum_ranges
table 1 : explain SELECT SUM(k) FROM sbtest1 WHERE id BETWEEN 2970098 AND 2971097
	Aggregate  (cost=3793.90..3793.91 rows=1 width=8)
	  ->  Bitmap Heap Scan on sbtest1  (cost=22.50..3791.45 rows=982 width=4)
	        Recheck Cond: ((id >= 2970098) AND (id <= 2971097))
	        ->  Bitmap Index Scan on sbtest1_pkey  (cost=0.00..22.25 rows=982 width=0)
	              Index Cond: ((id >= 2970098) AND (id <= 2971097))

table 2 : explain SELECT SUM(k) FROM sbtest2 WHERE id BETWEEN 608772 AND 609771
	Aggregate  (cost=4096.05..4096.06 rows=1 width=8)
	  ->  Bitmap Heap Scan on sbtest2  (cost=23.32..4093.40 rows=1062 width=4)
	        Recheck Cond: ((id >= 608772) AND (id <= 609771))
	        ->  Bitmap Index Scan on sbtest2_pkey  (cost=0.00..23.05 rows=1062 width=0)
	              Index Cond: ((id >= 608772) AND (id <= 609771))

table 3 : explain SELECT SUM(k) FROM sbtest3 WHERE id BETWEEN 7285487 AND 7286486
	Aggregate  (cost=3847.79..3847.80 rows=1 width=8)
	  ->  Bitmap Heap Scan on sbtest3  (cost=22.64..3845.30 rows=996 width=4)
	        Recheck Cond: ((id >= 7285487) AND (id <= 7286486))
	        ->  Bitmap Index Scan on sbtest3_pkey  (cost=0.00..22.39 rows=996 width=0)
	              Index Cond: ((id >= 7285487) AND (id <= 7286486))

table 4 : explain SELECT SUM(k) FROM sbtest4 WHERE id BETWEEN 4429646 AND 4430645
	Aggregate  (cost=3972.90..3972.91 rows=1 width=8)
	  ->  Bitmap Heap Scan on sbtest4  (cost=22.98..3970.33 rows=1029 width=4)
	        Recheck Cond: ((id >= 4429646) AND (id <= 4430645))
	        ->  Bitmap Index Scan on sbtest4_pkey  (cost=0.00..22.72 rows=1029 width=0)
	              Index Cond: ((id >= 4429646) AND (id <= 4430645))

table 5 : explain SELECT SUM(k) FROM sbtest5 WHERE id BETWEEN 6284803 AND 6285802
	Aggregate  (cost=4217.76..4217.77 rows=1 width=8)
	  ->  Bitmap Heap Scan on sbtest5  (cost=27.64..4215.02 rows=1093 width=4)
	        Recheck Cond: ((id >= 6284803) AND (id <= 6285802))
	        ->  Bitmap Index Scan on sbtest5_pkey  (cost=0.00..27.36 rows=1093 width=0)
	              Index Cond: ((id >= 6284803) AND (id <= 6285802))

table 6 : explain SELECT SUM(k) FROM sbtest6 WHERE id BETWEEN 1247816 AND 1248815
	Aggregate  (cost=3951.18..3951.19 rows=1 width=8)
	  ->  Bitmap Heap Scan on sbtest6  (cost=22.92..3948.62 rows=1023 width=4)
	        Recheck Cond: ((id >= 1247816) AND (id <= 1248815))
	        ->  Bitmap Index Scan on sbtest6_pkey  (cost=0.00..22.66 rows=1023 width=0)
	              Index Cond: ((id >= 1247816) AND (id <= 1248815))

table 7 : explain SELECT SUM(k) FROM sbtest7 WHERE id BETWEEN 6726929 AND 6727928
	Aggregate  (cost=3645.58..3645.59 rows=1 width=8)
	  ->  Bitmap Heap Scan on sbtest7  (cost=22.09..3643.23 rows=942 width=4)
	        Recheck Cond: ((id >= 6726929) AND (id <= 6727928))
	        ->  Bitmap Index Scan on sbtest7_pkey  (cost=0.00..21.86 rows=942 width=0)
	              Index Cond: ((id >= 6726929) AND (id <= 6727928))

table 8 : explain SELECT SUM(k) FROM sbtest8 WHERE id BETWEEN 6295314 AND 6296313
	Aggregate  (cost=3653.17..3653.18 rows=1 width=8)
	  ->  Bitmap Heap Scan on sbtest8  (cost=22.11..3650.81 rows=944 width=4)
	        Recheck Cond: ((id >= 6295314) AND (id <= 6296313))
	        ->  Bitmap Index Scan on sbtest8_pkey  (cost=0.00..21.87 rows=944 width=0)
	              Index Cond: ((id >= 6295314) AND (id <= 6296313))

explain: for point_selects :: explain SELECT c FROM sbtest%u WHERE id=%u
for: order_ranges
table 1 : explain SELECT c FROM sbtest1 WHERE id BETWEEN 3793976 AND 3794975 ORDER BY c
	Sort  (cost=4183.78..4186.46 rows=1072 width=121)
	  Sort Key: c
	  ->  Bitmap Heap Scan on sbtest1  (cost=23.42..4129.83 rows=1072 width=121)
	        Recheck Cond: ((id >= 3793976) AND (id <= 3794975))
	        ->  Bitmap Index Scan on sbtest1_pkey  (cost=0.00..23.15 rows=1072 width=0)
	              Index Cond: ((id >= 3793976) AND (id <= 3794975))

table 2 : explain SELECT c FROM sbtest2 WHERE id BETWEEN 3162167 AND 3163166 ORDER BY c
	Sort  (cost=3929.16..3931.68 rows=1005 width=121)
	  Sort Key: c
	  ->  Bitmap Heap Scan on sbtest2  (cost=22.74..3879.05 rows=1005 width=121)
	        Recheck Cond: ((id >= 3162167) AND (id <= 3163166))
	        ->  Bitmap Index Scan on sbtest2_pkey  (cost=0.00..22.48 rows=1005 width=0)
	              Index Cond: ((id >= 3162167) AND (id <= 3163166))

table 3 : explain SELECT c FROM sbtest3 WHERE id BETWEEN 107045 AND 108044 ORDER BY c
	Sort  (cost=3761.04..3763.44 rows=961 width=121)
	  Sort Key: c
	  ->  Bitmap Heap Scan on sbtest3  (cost=22.29..3713.43 rows=961 width=121)
	        Recheck Cond: ((id >= 107045) AND (id <= 108044))
	        ->  Bitmap Index Scan on sbtest3_pkey  (cost=0.00..22.04 rows=961 width=0)
	              Index Cond: ((id >= 107045) AND (id <= 108044))

table 4 : explain SELECT c FROM sbtest4 WHERE id BETWEEN 457578 AND 458577 ORDER BY c
	Sort  (cost=3570.23..3572.51 rows=911 width=121)
	  Sort Key: c
	  ->  Bitmap Heap Scan on sbtest4  (cost=21.77..3525.45 rows=911 width=121)
	        Recheck Cond: ((id >= 457578) AND (id <= 458577))
	        ->  Bitmap Index Scan on sbtest4_pkey  (cost=0.00..21.54 rows=911 width=0)
	              Index Cond: ((id >= 457578) AND (id <= 458577))

table 5 : explain SELECT c FROM sbtest5 WHERE id BETWEEN 6487864 AND 6488863 ORDER BY c
	Sort  (cost=3976.11..3978.65 rows=1017 width=121)
	  Sort Key: c
	  ->  Bitmap Heap Scan on sbtest5  (cost=22.86..3925.31 rows=1017 width=121)
	        Recheck Cond: ((id >= 6487864) AND (id <= 6488863))
	        ->  Bitmap Index Scan on sbtest5_pkey  (cost=0.00..22.61 rows=1017 width=0)
	              Index Cond: ((id >= 6487864) AND (id <= 6488863))

table 6 : explain SELECT c FROM sbtest6 WHERE id BETWEEN 3300998 AND 3301997 ORDER BY c
	Sort  (cost=3425.11..3427.30 rows=873 width=121)
	  Sort Key: c
	  ->  Bitmap Heap Scan on sbtest6  (cost=21.38..3382.47 rows=873 width=121)
	        Recheck Cond: ((id >= 3300998) AND (id <= 3301997))
	        ->  Bitmap Index Scan on sbtest6_pkey  (cost=0.00..21.16 rows=873 width=0)
	              Index Cond: ((id >= 3300998) AND (id <= 3301997))

table 7 : explain SELECT c FROM sbtest7 WHERE id BETWEEN 7431894 AND 7432893 ORDER BY c
	Sort  (cost=4141.03..4143.68 rows=1060 width=121)
	  Sort Key: c
	  ->  Bitmap Heap Scan on sbtest7  (cost=23.30..4087.77 rows=1060 width=121)
	        Recheck Cond: ((id >= 7431894) AND (id <= 7432893))
	        ->  Bitmap Index Scan on sbtest7_pkey  (cost=0.00..23.04 rows=1060 width=0)
	              Index Cond: ((id >= 7431894) AND (id <= 7432893))

table 8 : explain SELECT c FROM sbtest8 WHERE id BETWEEN 3205643 AND 3206642 ORDER BY c
	Sort  (cost=3685.96..3688.32 rows=941 width=121)
	  Sort Key: c
	  ->  Bitmap Heap Scan on sbtest8  (cost=22.08..3639.49 rows=941 width=121)
	        Recheck Cond: ((id >= 3205643) AND (id <= 3206642))
	        ->  Bitmap Index Scan on sbtest8_pkey  (cost=0.00..21.84 rows=941 width=0)
	              Index Cond: ((id >= 3205643) AND (id <= 3206642))

for: distinct_ranges
table 1 : explain SELECT DISTINCT c FROM sbtest1 WHERE id BETWEEN 5784523 AND 5785522 ORDER BY c
	Unique  (cost=3759.95..3764.76 rows=961 width=121)
	  ->  Sort  (cost=3759.95..3762.35 rows=961 width=121)
	        Sort Key: c
	        ->  Bitmap Heap Scan on sbtest1  (cost=22.29..3712.34 rows=961 width=121)
	              Recheck Cond: ((id >= 5784523) AND (id <= 5785522))
	              ->  Bitmap Index Scan on sbtest1_pkey  (cost=0.00..22.04 rows=961 width=0)
	                    Index Cond: ((id >= 5784523) AND (id <= 5785522))

table 2 : explain SELECT DISTINCT c FROM sbtest2 WHERE id BETWEEN 133931 AND 134930 ORDER BY c
	Unique  (cost=3787.69..3792.53 rows=968 width=121)
	  ->  Sort  (cost=3787.69..3790.11 rows=968 width=121)
	        Sort Key: c
	        ->  Bitmap Heap Scan on sbtest2  (cost=22.36..3739.69 rows=968 width=121)
	              Recheck Cond: ((id >= 133931) AND (id <= 134930))
	              ->  Bitmap Index Scan on sbtest2_pkey  (cost=0.00..22.11 rows=968 width=0)
	                    Index Cond: ((id >= 133931) AND (id <= 134930))

table 3 : explain SELECT DISTINCT c FROM sbtest3 WHERE id BETWEEN 4433595 AND 4434594 ORDER BY c
	Unique  (cost=3956.05..3961.11 rows=1012 width=121)
	  ->  Sort  (cost=3956.05..3958.58 rows=1012 width=121)
	        Sort Key: c
	        ->  Bitmap Heap Scan on sbtest3  (cost=22.81..3905.54 rows=1012 width=121)
	              Recheck Cond: ((id >= 4433595) AND (id <= 4434594))
	              ->  Bitmap Index Scan on sbtest3_pkey  (cost=0.00..22.55 rows=1012 width=0)
	                    Index Cond: ((id >= 4433595) AND (id <= 4434594))

table 4 : explain SELECT DISTINCT c FROM sbtest4 WHERE id BETWEEN 2102113 AND 2103112 ORDER BY c
	Unique  (cost=3975.97..3981.05 rows=1017 width=121)
	  ->  Sort  (cost=3975.97..3978.51 rows=1017 width=121)
	        Sort Key: c
	        ->  Bitmap Heap Scan on sbtest4  (cost=22.86..3925.17 rows=1017 width=121)
	              Recheck Cond: ((id >= 2102113) AND (id <= 2103112))
	              ->  Bitmap Index Scan on sbtest4_pkey  (cost=0.00..22.61 rows=1017 width=0)
	                    Index Cond: ((id >= 2102113) AND (id <= 2103112))

table 5 : explain SELECT DISTINCT c FROM sbtest5 WHERE id BETWEEN 5339679 AND 5340678 ORDER BY c
	Unique  (cost=3979.93..3985.02 rows=1018 width=121)
	  ->  Sort  (cost=3979.93..3982.48 rows=1018 width=121)
	        Sort Key: c
	        ->  Bitmap Heap Scan on sbtest5  (cost=22.87..3929.07 rows=1018 width=121)
	              Recheck Cond: ((id >= 5339679) AND (id <= 5340678))
	              ->  Bitmap Index Scan on sbtest5_pkey  (cost=0.00..22.61 rows=1018 width=0)
	                    Index Cond: ((id >= 5339679) AND (id <= 5340678))

table 6 : explain SELECT DISTINCT c FROM sbtest6 WHERE id BETWEEN 5632385 AND 5633384 ORDER BY c
	Unique  (cost=4362.56..4368.15 rows=1118 width=121)
	  ->  Sort  (cost=4362.56..4365.36 rows=1118 width=121)
	        Sort Key: c
	        ->  Bitmap Heap Scan on sbtest6  (cost=27.89..4305.95 rows=1118 width=121)
	              Recheck Cond: ((id >= 5632385) AND (id <= 5633384))
	              ->  Bitmap Index Scan on sbtest6_pkey  (cost=0.00..27.61 rows=1118 width=0)
	                    Index Cond: ((id >= 5632385) AND (id <= 5633384))

table 7 : explain SELECT DISTINCT c FROM sbtest7 WHERE id BETWEEN 7954239 AND 7955238 ORDER BY c
	Unique  (cost=3689.76..3694.47 rows=942 width=121)
	  ->  Sort  (cost=3689.76..3692.11 rows=942 width=121)
	        Sort Key: c
	        ->  Bitmap Heap Scan on sbtest7  (cost=22.09..3643.23 rows=942 width=121)
	              Recheck Cond: ((id >= 7954239) AND (id <= 7955238))
	              ->  Bitmap Index Scan on sbtest7_pkey  (cost=0.00..21.86 rows=942 width=0)
	                    Index Cond: ((id >= 7954239) AND (id <= 7955238))

table 8 : explain SELECT DISTINCT c FROM sbtest8 WHERE id BETWEEN 3658995 AND 3659994 ORDER BY c
	Unique  (cost=4171.61..4176.95 rows=1068 width=121)
	  ->  Sort  (cost=4171.61..4174.28 rows=1068 width=121)
	        Sort Key: c
	        ->  Bitmap Heap Scan on sbtest8  (cost=23.38..4117.88 rows=1068 width=121)
	              Recheck Cond: ((id >= 3658995) AND (id <= 3659994))
	              ->  Bitmap Index Scan on sbtest8_pkey  (cost=0.00..23.11 rows=1068 width=0)
	                    Index Cond: ((id >= 3658995) AND (id <= 3659994))

for: sum_ranges
table 1 : explain SELECT SUM(k) FROM sbtest1 WHERE id BETWEEN 7154345 AND 7155344
	Aggregate  (cost=3899.36..3899.37 rows=1 width=8)
	  ->  Bitmap Heap Scan on sbtest1  (cost=22.79..3896.84 rows=1010 width=4)
	        Recheck Cond: ((id >= 7154345) AND (id <= 7155344))
	        ->  Bitmap Index Scan on sbtest1_pkey  (cost=0.00..22.54 rows=1010 width=0)
	              Index Cond: ((id >= 7154345) AND (id <= 7155344))

table 2 : explain SELECT SUM(k) FROM sbtest2 WHERE id BETWEEN 6110179 AND 6111178
	Aggregate  (cost=3877.80..3877.81 rows=1 width=8)
	  ->  Bitmap Heap Scan on sbtest2  (cost=22.73..3875.29 rows=1004 width=4)
	        Recheck Cond: ((id >= 6110179) AND (id <= 6111178))
	        ->  Bitmap Index Scan on sbtest2_pkey  (cost=0.00..22.47 rows=1004 width=0)
	              Index Cond: ((id >= 6110179) AND (id <= 6111178))

table 3 : explain SELECT SUM(k) FROM sbtest3 WHERE id BETWEEN 9250612 AND 9251611
	Aggregate  (cost=4126.27..4126.28 rows=1 width=8)
	  ->  Bitmap Heap Scan on sbtest3  (cost=23.40..4123.60 rows=1070 width=4)
	        Recheck Cond: ((id >= 9250612) AND (id <= 9251611))
	        ->  Bitmap Index Scan on sbtest3_pkey  (cost=0.00..23.14 rows=1070 width=0)
	              Index Cond: ((id >= 9250612) AND (id <= 9251611))

table 4 : explain SELECT SUM(k) FROM sbtest4 WHERE id BETWEEN 9551495 AND 9552494
	Aggregate  (cost=3825.97..3825.98 rows=1 width=8)
	  ->  Bitmap Heap Scan on sbtest4  (cost=22.58..3823.49 rows=990 width=4)
	        Recheck Cond: ((id >= 9551495) AND (id <= 9552494))
	        ->  Bitmap Index Scan on sbtest4_pkey  (cost=0.00..22.33 rows=990 width=0)
	              Index Cond: ((id >= 9551495) AND (id <= 9552494))

table 5 : explain SELECT SUM(k) FROM sbtest5 WHERE id BETWEEN 2564936 AND 2565935
	Aggregate  (cost=4040.80..4040.81 rows=1 width=8)
	  ->  Bitmap Heap Scan on sbtest5  (cost=23.17..4038.18 rows=1047 width=4)
	        Recheck Cond: ((id >= 2564936) AND (id <= 2565935))
	        ->  Bitmap Index Scan on sbtest5_pkey  (cost=0.00..22.90 rows=1047 width=0)
	              Index Cond: ((id >= 2564936) AND (id <= 2565935))

table 6 : explain SELECT SUM(k) FROM sbtest6 WHERE id BETWEEN 906278 AND 907277
	Aggregate  (cost=3849.42..3849.43 rows=1 width=8)
	  ->  Bitmap Heap Scan on sbtest6  (cost=22.64..3846.93 rows=996 width=4)
	        Recheck Cond: ((id >= 906278) AND (id <= 907277))
	        ->  Bitmap Index Scan on sbtest6_pkey  (cost=0.00..22.39 rows=996 width=0)
	              Index Cond: ((id >= 906278) AND (id <= 907277))

table 7 : explain SELECT SUM(k) FROM sbtest7 WHERE id BETWEEN 172546 AND 173545
	Aggregate  (cost=3943.59..3943.60 rows=1 width=8)
	  ->  Bitmap Heap Scan on sbtest7  (cost=22.90..3941.04 rows=1021 width=4)
	        Recheck Cond: ((id >= 172546) AND (id <= 173545))
	        ->  Bitmap Index Scan on sbtest7_pkey  (cost=0.00..22.64 rows=1021 width=0)
	              Index Cond: ((id >= 172546) AND (id <= 173545))

table 8 : explain SELECT SUM(k) FROM sbtest8 WHERE id BETWEEN 9395960 AND 9396959
	Aggregate  (cost=3800.39..3800.40 rows=1 width=8)
	  ->  Bitmap Heap Scan on sbtest8  (cost=22.51..3797.93 rows=983 width=4)
	        Recheck Cond: ((id >= 9395960) AND (id <= 9396959))
	        ->  Bitmap Index Scan on sbtest8_pkey  (cost=0.00..22.26 rows=983 width=0)
	              Index Cond: ((id >= 9395960) AND (id <= 9396959))

for: order_ranges
table 1 : explain SELECT c FROM sbtest1 WHERE id BETWEEN 2479360 AND 2480359 ORDER BY c
	Sort  (cost=3740.82..3743.21 rows=956 width=121)
	  Sort Key: c
	  ->  Bitmap Heap Scan on sbtest1  (cost=22.23..3693.50 rows=956 width=121)
	        Recheck Cond: ((id >= 2479360) AND (id <= 2480359))
	        ->  Bitmap Index Scan on sbtest1_pkey  (cost=0.00..22.00 rows=956 width=0)
	              Index Cond: ((id >= 2479360) AND (id <= 2480359))

table 2 : explain SELECT c FROM sbtest2 WHERE id BETWEEN 2268729 AND 2269728 ORDER BY c
	Sort  (cost=3848.89..3851.35 rows=984 width=121)
	  Sort Key: c
	  ->  Bitmap Heap Scan on sbtest2  (cost=22.52..3799.97 rows=984 width=121)
	        Recheck Cond: ((id >= 2268729) AND (id <= 2269728))
	        ->  Bitmap Index Scan on sbtest2_pkey  (cost=0.00..22.27 rows=984 width=0)
	              Index Cond: ((id >= 2268729) AND (id <= 2269728))

table 3 : explain SELECT c FROM sbtest3 WHERE id BETWEEN 2396087 AND 2397086 ORDER BY c
	Sort  (cost=3799.30..3801.73 rows=971 width=121)
	  Sort Key: c
	  ->  Bitmap Heap Scan on sbtest3  (cost=22.39..3751.12 rows=971 width=121)
	        Recheck Cond: ((id >= 2396087) AND (id <= 2397086))
	        ->  Bitmap Index Scan on sbtest3_pkey  (cost=0.00..22.14 rows=971 width=0)
	              Index Cond: ((id >= 2396087) AND (id <= 2397086))

table 4 : explain SELECT c FROM sbtest4 WHERE id BETWEEN 9504958 AND 9505957 ORDER BY c
	Sort  (cost=3872.75..3875.23 rows=990 width=121)
	  Sort Key: c
	  ->  Bitmap Heap Scan on sbtest4  (cost=22.58..3823.49 rows=990 width=121)
	        Recheck Cond: ((id >= 9504958) AND (id <= 9505957))
	        ->  Bitmap Index Scan on sbtest4_pkey  (cost=0.00..22.33 rows=990 width=0)
	              Index Cond: ((id >= 9504958) AND (id <= 9505957))

table 5 : explain SELECT c FROM sbtest5 WHERE id BETWEEN 9630125 AND 9631124 ORDER BY c
	Sort  (cost=3846.11..3848.57 rows=983 width=121)
	  Sort Key: c
	  ->  Bitmap Heap Scan on sbtest5  (cost=22.51..3797.25 rows=983 width=121)
	        Recheck Cond: ((id >= 9630125) AND (id <= 9631124))
	        ->  Bitmap Index Scan on sbtest5_pkey  (cost=0.00..22.26 rows=983 width=0)
	              Index Cond: ((id >= 9630125) AND (id <= 9631124))

table 6 : explain SELECT c FROM sbtest6 WHERE id BETWEEN 8216295 AND 8217294 ORDER BY c
	Sort  (cost=4282.43..4285.17 rows=1096 width=121)
	  Sort Key: c
	  ->  Bitmap Heap Scan on sbtest6  (cost=27.67..4227.09 rows=1096 width=121)
	        Recheck Cond: ((id >= 8216295) AND (id <= 8217294))
	        ->  Bitmap Index Scan on sbtest6_pkey  (cost=0.00..27.39 rows=1096 width=0)
	              Index Cond: ((id >= 8216295) AND (id <= 8217294))

table 7 : explain SELECT c FROM sbtest7 WHERE id BETWEEN 2430388 AND 2431387 ORDER BY c
	Sort  (cost=3701.25..3703.62 rows=945 width=121)
	  Sort Key: c
	  ->  Bitmap Heap Scan on sbtest7  (cost=22.12..3654.55 rows=945 width=121)
	        Recheck Cond: ((id >= 2430388) AND (id <= 2431387))
	        ->  Bitmap Index Scan on sbtest7_pkey  (cost=0.00..21.89 rows=945 width=0)
	              Index Cond: ((id >= 2430388) AND (id <= 2431387))

table 8 : explain SELECT c FROM sbtest8 WHERE id BETWEEN 5403722 AND 5404721 ORDER BY c
	Sort  (cost=3666.80..3669.14 rows=936 width=121)
	  Sort Key: c
	  ->  Bitmap Heap Scan on sbtest8  (cost=22.03..3620.61 rows=936 width=121)
	        Recheck Cond: ((id >= 5403722) AND (id <= 5404721))
	        ->  Bitmap Index Scan on sbtest8_pkey  (cost=0.00..21.79 rows=936 width=0)
	              Index Cond: ((id >= 5403722) AND (id <= 5404721))

for: order_ranges
table 1 : explain SELECT c FROM sbtest1 WHERE id BETWEEN 9804517 AND 9805516 ORDER BY c
	Sort  (cost=3870.83..3873.30 rows=990 width=121)
	  Sort Key: c
	  ->  Bitmap Heap Scan on sbtest1  (cost=22.58..3821.57 rows=990 width=121)
	        Recheck Cond: ((id >= 9804517) AND (id <= 9805516))
	        ->  Bitmap Index Scan on sbtest1_pkey  (cost=0.00..22.33 rows=990 width=0)
	              Index Cond: ((id >= 9804517) AND (id <= 9805516))

table 2 : explain SELECT c FROM sbtest2 WHERE id BETWEEN 7273246 AND 7274245 ORDER BY c
	Sort  (cost=3669.03..3671.38 rows=937 width=121)
	  Sort Key: c
	  ->  Bitmap Heap Scan on sbtest2  (cost=22.04..3622.78 rows=937 width=121)
	        Recheck Cond: ((id >= 7273246) AND (id <= 7274245))
	        ->  Bitmap Index Scan on sbtest2_pkey  (cost=0.00..21.80 rows=937 width=0)
	              Index Cond: ((id >= 7273246) AND (id <= 7274245))

table 3 : explain SELECT c FROM sbtest3 WHERE id BETWEEN 3363048 AND 3364047 ORDER BY c
	Sort  (cost=4242.25..4244.97 rows=1087 width=121)
	  Sort Key: c
	  ->  Bitmap Heap Scan on sbtest3  (cost=23.58..4187.43 rows=1087 width=121)
	        Recheck Cond: ((id >= 3363048) AND (id <= 3364047))
	        ->  Bitmap Index Scan on sbtest3_pkey  (cost=0.00..23.30 rows=1087 width=0)
	              Index Cond: ((id >= 3363048) AND (id <= 3364047))

table 4 : explain SELECT c FROM sbtest4 WHERE id BETWEEN 241701 AND 242700 ORDER BY c
	Sort  (cost=3669.88..3672.22 rows=937 width=121)
	  Sort Key: c
	  ->  Bitmap Heap Scan on sbtest4  (cost=22.04..3623.63 rows=937 width=121)
	        Recheck Cond: ((id >= 241701) AND (id <= 242700))
	        ->  Bitmap Index Scan on sbtest4_pkey  (cost=0.00..21.80 rows=937 width=0)
	              Index Cond: ((id >= 241701) AND (id <= 242700))

table 5 : explain SELECT c FROM sbtest5 WHERE id BETWEEN 5641647 AND 5642646 ORDER BY c
	Sort  (cost=4060.15..4062.75 rows=1039 width=121)
	  Sort Key: c
	  ->  Bitmap Heap Scan on sbtest5  (cost=23.08..4008.09 rows=1039 width=121)
	        Recheck Cond: ((id >= 5641647) AND (id <= 5642646))
	        ->  Bitmap Index Scan on sbtest5_pkey  (cost=0.00..22.82 rows=1039 width=0)
	              Index Cond: ((id >= 5641647) AND (id <= 5642646))

table 6 : explain SELECT c FROM sbtest6 WHERE id BETWEEN 1189021 AND 1190020 ORDER BY c
	Sort  (cost=3854.45..3856.91 rows=985 width=121)
	  Sort Key: c
	  ->  Bitmap Heap Scan on sbtest6  (cost=22.53..3805.47 rows=985 width=121)
	        Recheck Cond: ((id >= 1189021) AND (id <= 1190020))
	        ->  Bitmap Index Scan on sbtest6_pkey  (cost=0.00..22.29 rows=985 width=0)
	              Index Cond: ((id >= 1189021) AND (id <= 1190020))

table 7 : explain SELECT c FROM sbtest7 WHERE id BETWEEN 6887952 AND 6888951 ORDER BY c
	Sort  (cost=3701.25..3703.62 rows=945 width=121)
	  Sort Key: c
	  ->  Bitmap Heap Scan on sbtest7  (cost=22.12..3654.55 rows=945 width=121)
	        Recheck Cond: ((id >= 6887952) AND (id <= 6888951))
	        ->  Bitmap Index Scan on sbtest7_pkey  (cost=0.00..21.89 rows=945 width=0)
	              Index Cond: ((id >= 6887952) AND (id <= 6888951))

table 8 : explain SELECT c FROM sbtest8 WHERE id BETWEEN 2265340 AND 2266339 ORDER BY c
	Sort  (cost=3797.03..3799.46 rows=970 width=121)
	  Sort Key: c
	  ->  Bitmap Heap Scan on sbtest8  (cost=22.38..3748.91 rows=970 width=121)
	        Recheck Cond: ((id >= 2265340) AND (id <= 2266339))
	        ->  Bitmap Index Scan on sbtest8_pkey  (cost=0.00..22.14 rows=970 width=0)
	              Index Cond: ((id >= 2265340) AND (id <= 2266339))

for: distinct_ranges
table 1 : explain SELECT DISTINCT c FROM sbtest1 WHERE id BETWEEN 8955046 AND 8956045 ORDER BY c
	Unique  (cost=4103.72..4108.97 rows=1051 width=121)
	  ->  Sort  (cost=4103.72..4106.34 rows=1051 width=121)
	        Sort Key: c
	        ->  Bitmap Heap Scan on sbtest1  (cost=23.21..4050.97 rows=1051 width=121)
	              Recheck Cond: ((id >= 8955046) AND (id <= 8956045))
	              ->  Bitmap Index Scan on sbtest1_pkey  (cost=0.00..22.94 rows=1051 width=0)
	                    Index Cond: ((id >= 8955046) AND (id <= 8956045))

table 2 : explain SELECT DISTINCT c FROM sbtest2 WHERE id BETWEEN 5881247 AND 5882246 ORDER BY c
	Unique  (cost=3469.71..3474.14 rows=885 width=121)
	  ->  Sort  (cost=3469.71..3471.93 rows=885 width=121)
	        Sort Key: c
	        ->  Bitmap Heap Scan on sbtest2  (cost=21.51..3426.40 rows=885 width=121)
	              Recheck Cond: ((id >= 5881247) AND (id <= 5882246))
	              ->  Bitmap Index Scan on sbtest2_pkey  (cost=0.00..21.29 rows=885 width=0)
	                    Index Cond: ((id >= 5881247) AND (id <= 5882246))

table 3 : explain SELECT DISTINCT c FROM sbtest3 WHERE id BETWEEN 4265671 AND 4266670 ORDER BY c
	Unique  (cost=4116.41..4121.68 rows=1054 width=121)
	  ->  Sort  (cost=4116.41..4119.04 rows=1054 width=121)
	        Sort Key: c
	        ->  Bitmap Heap Scan on sbtest3  (cost=23.24..4063.49 rows=1054 width=121)
	              Recheck Cond: ((id >= 4265671) AND (id <= 4266670))
	              ->  Bitmap Index Scan on sbtest3_pkey  (cost=0.00..22.97 rows=1054 width=0)
	                    Index Cond: ((id >= 4265671) AND (id <= 4266670))

table 4 : explain SELECT DISTINCT c FROM sbtest4 WHERE id BETWEEN 1785196 AND 1786195 ORDER BY c
	Unique  (cost=3470.49..3474.92 rows=885 width=121)
	  ->  Sort  (cost=3470.49..3472.71 rows=885 width=121)
	        Sort Key: c
	        ->  Bitmap Heap Scan on sbtest4  (cost=21.51..3427.17 rows=885 width=121)
	              Recheck Cond: ((id >= 1785196) AND (id <= 1786195))
	              ->  Bitmap Index Scan on sbtest4_pkey  (cost=0.00..21.29 rows=885 width=0)
	                    Index Cond: ((id >= 1785196) AND (id <= 1786195))

table 5 : explain SELECT DISTINCT c FROM sbtest5 WHERE id BETWEEN 2960022 AND 2961021 ORDER BY c
	Unique  (cost=3777.23..3782.06 rows=965 width=121)
	  ->  Sort  (cost=3777.23..3779.64 rows=965 width=121)
	        Sort Key: c
	        ->  Bitmap Heap Scan on sbtest5  (cost=22.33..3729.39 rows=965 width=121)
	              Recheck Cond: ((id >= 2960022) AND (id <= 2961021))
	              ->  Bitmap Index Scan on sbtest5_pkey  (cost=0.00..22.08 rows=965 width=0)
	                    Index Cond: ((id >= 2960022) AND (id <= 2961021))

table 6 : explain SELECT DISTINCT c FROM sbtest6 WHERE id BETWEEN 1225242 AND 1226241 ORDER BY c
	Unique  (cost=3999.76..4004.88 rows=1023 width=121)
	  ->  Sort  (cost=3999.76..4002.32 rows=1023 width=121)
	        Sort Key: c
	        ->  Bitmap Heap Scan on sbtest6  (cost=22.92..3948.62 rows=1023 width=121)
	              Recheck Cond: ((id >= 1225242) AND (id <= 1226241))
	              ->  Bitmap Index Scan on sbtest6_pkey  (cost=0.00..22.66 rows=1023 width=0)
	                    Index Cond: ((id >= 1225242) AND (id <= 1226241))

table 7 : explain SELECT DISTINCT c FROM sbtest7 WHERE id BETWEEN 611606 AND 612605 ORDER BY c
	Unique  (cost=4015.00..4020.13 rows=1027 width=121)
	  ->  Sort  (cost=4015.00..4017.57 rows=1027 width=121)
	        Sort Key: c
	        ->  Bitmap Heap Scan on sbtest7  (cost=22.96..3963.63 rows=1027 width=121)
	              Recheck Cond: ((id >= 611606) AND (id <= 612605))
	              ->  Bitmap Index Scan on sbtest7_pkey  (cost=0.00..22.70 rows=1027 width=0)
	                    Index Cond: ((id >= 611606) AND (id <= 612605))

table 8 : explain SELECT DISTINCT c FROM sbtest8 WHERE id BETWEEN 528426 AND 529425 ORDER BY c
	Unique  (cost=4037.96..4043.13 rows=1033 width=121)
	  ->  Sort  (cost=4037.96..4040.55 rows=1033 width=121)
	        Sort Key: c
	        ->  Bitmap Heap Scan on sbtest8  (cost=23.02..3986.25 rows=1033 width=121)
	              Recheck Cond: ((id >= 528426) AND (id <= 529425))
	              ->  Bitmap Index Scan on sbtest8_pkey  (cost=0.00..22.76 rows=1033 width=0)
	                    Index Cond: ((id >= 528426) AND (id <= 529425))

for: order_ranges
table 1 : explain SELECT c FROM sbtest1 WHERE id BETWEEN 5967993 AND 5968992 ORDER BY c
	Sort  (cost=4057.94..4060.53 rows=1039 width=121)
	  Sort Key: c
	  ->  Bitmap Heap Scan on sbtest1  (cost=23.08..4005.88 rows=1039 width=121)
	        Recheck Cond: ((id >= 5967993) AND (id <= 5968992))
	        ->  Bitmap Index Scan on sbtest1_pkey  (cost=0.00..22.82 rows=1039 width=0)
	              Index Cond: ((id >= 5967993) AND (id <= 5968992))

table 2 : explain SELECT c FROM sbtest2 WHERE id BETWEEN 2670940 AND 2671939 ORDER BY c
	Sort  (cost=3707.32..3709.69 rows=947 width=121)
	  Sort Key: c
	  ->  Bitmap Heap Scan on sbtest2  (cost=22.14..3660.51 rows=947 width=121)
	        Recheck Cond: ((id >= 2670940) AND (id <= 2671939))
	        ->  Bitmap Index Scan on sbtest2_pkey  (cost=0.00..21.90 rows=947 width=0)
	              Index Cond: ((id >= 2670940) AND (id <= 2671939))

table 3 : explain SELECT c FROM sbtest3 WHERE id BETWEEN 2858075 AND 2859074 ORDER BY c
	Sort  (cost=3787.82..3790.24 rows=968 width=121)
	  Sort Key: c
	  ->  Bitmap Heap Scan on sbtest3  (cost=22.36..3739.82 rows=968 width=121)
	        Recheck Cond: ((id >= 2858075) AND (id <= 2859074))
	        ->  Bitmap Index Scan on sbtest3_pkey  (cost=0.00..22.11 rows=968 width=0)
	              Index Cond: ((id >= 2858075) AND (id <= 2859074))

table 4 : explain SELECT c FROM sbtest4 WHERE id BETWEEN 9426922 AND 9427921 ORDER BY c
	Sort  (cost=3865.10..3867.57 rows=988 width=121)
	  Sort Key: c
	  ->  Bitmap Heap Scan on sbtest4  (cost=22.56..3815.96 rows=988 width=121)
	        Recheck Cond: ((id >= 9426922) AND (id <= 9427921))
	        ->  Bitmap Index Scan on sbtest4_pkey  (cost=0.00..22.32 rows=988 width=0)
	              Index Cond: ((id >= 9426922) AND (id <= 9427921))

table 5 : explain SELECT c FROM sbtest5 WHERE id BETWEEN 7291021 AND 7292020 ORDER BY c
	Sort  (cost=3983.75..3986.30 rows=1019 width=121)
	  Sort Key: c
	  ->  Bitmap Heap Scan on sbtest5  (cost=22.88..3932.84 rows=1019 width=121)
	        Recheck Cond: ((id >= 7291021) AND (id <= 7292020))
	        ->  Bitmap Index Scan on sbtest5_pkey  (cost=0.00..22.62 rows=1019 width=0)
	              Index Cond: ((id >= 7291021) AND (id <= 7292020))

table 6 : explain SELECT c FROM sbtest6 WHERE id BETWEEN 8162344 AND 8163343 ORDER BY c
	Sort  (cost=4282.43..4285.17 rows=1096 width=121)
	  Sort Key: c
	  ->  Bitmap Heap Scan on sbtest6  (cost=27.67..4227.09 rows=1096 width=121)
	        Recheck Cond: ((id >= 8162344) AND (id <= 8163343))
	        ->  Bitmap Index Scan on sbtest6_pkey  (cost=0.00..27.39 rows=1096 width=0)
	              Index Cond: ((id >= 8162344) AND (id <= 8163343))

table 7 : explain SELECT c FROM sbtest7 WHERE id BETWEEN 5141680 AND 5142679 ORDER BY c
	Sort  (cost=3842.92..3845.38 rows=982 width=121)
	  Sort Key: c
	  ->  Bitmap Heap Scan on sbtest7  (cost=22.50..3794.12 rows=982 width=121)
	        Recheck Cond: ((id >= 5141680) AND (id <= 5142679))
	        ->  Bitmap Index Scan on sbtest7_pkey  (cost=0.00..22.25 rows=982 width=0)
	              Index Cond: ((id >= 5141680) AND (id <= 5142679))

table 8 : explain SELECT c FROM sbtest8 WHERE id BETWEEN 3475436 AND 3476435 ORDER BY c
	Sort  (cost=4221.40..4224.10 rows=1080 width=121)
	  Sort Key: c
	  ->  Bitmap Heap Scan on sbtest8  (cost=27.50..4166.98 rows=1080 width=121)
	        Recheck Cond: ((id >= 3475436) AND (id <= 3476435))
	        ->  Bitmap Index Scan on sbtest8_pkey  (cost=0.00..27.23 rows=1080 width=0)
	              Index Cond: ((id >= 3475436) AND (id <= 3476435))

for: sum_ranges
table 1 : explain SELECT SUM(k) FROM sbtest1 WHERE id BETWEEN 8282962 AND 8283961
	Aggregate  (cost=4121.24..4121.25 rows=1 width=8)
	  ->  Bitmap Heap Scan on sbtest1  (cost=23.39..4118.57 rows=1069 width=4)
	        Recheck Cond: ((id >= 8282962) AND (id <= 8283961))
	        ->  Bitmap Index Scan on sbtest1_pkey  (cost=0.00..23.12 rows=1069 width=0)
	              Index Cond: ((id >= 8282962) AND (id <= 8283961))

table 2 : explain SELECT SUM(k) FROM sbtest2 WHERE id BETWEEN 1496139 AND 1497138
	Aggregate  (cost=3919.22..3919.23 rows=1 width=8)
	  ->  Bitmap Heap Scan on sbtest2  (cost=22.84..3916.68 rows=1015 width=4)
	        Recheck Cond: ((id >= 1496139) AND (id <= 1497138))
	        ->  Bitmap Index Scan on sbtest2_pkey  (cost=0.00..22.58 rows=1015 width=0)
	              Index Cond: ((id >= 1496139) AND (id <= 1497138))

table 3 : explain SELECT SUM(k) FROM sbtest3 WHERE id BETWEEN 8198901 AND 8199900
	Aggregate  (cost=3515.69..3515.70 rows=1 width=8)
	  ->  Bitmap Heap Scan on sbtest3  (cost=21.74..3513.42 rows=908 width=4)
	        Recheck Cond: ((id >= 8198901) AND (id <= 8199900))
	        ->  Bitmap Index Scan on sbtest3_pkey  (cost=0.00..21.51 rows=908 width=0)
	              Index Cond: ((id >= 8198901) AND (id <= 8199900))

table 4 : explain SELECT SUM(k) FROM sbtest4 WHERE id BETWEEN 1402237 AND 1403236
	Aggregate  (cost=4003.02..4003.03 rows=1 width=8)
	  ->  Bitmap Heap Scan on sbtest4  (cost=23.06..4000.42 rows=1037 width=4)
	        Recheck Cond: ((id >= 1402237) AND (id <= 1403236))
	        ->  Bitmap Index Scan on sbtest4_pkey  (cost=0.00..22.80 rows=1037 width=0)
	              Index Cond: ((id >= 1402237) AND (id <= 1403236))

table 5 : explain SELECT SUM(k) FROM sbtest5 WHERE id BETWEEN 1735830 AND 1736829
	Aggregate  (cost=3788.39..3788.40 rows=1 width=8)
	  ->  Bitmap Heap Scan on sbtest5  (cost=22.48..3785.94 rows=980 width=4)
	        Recheck Cond: ((id >= 1735830) AND (id <= 1736829))
	        ->  Bitmap Index Scan on sbtest5_pkey  (cost=0.00..22.23 rows=980 width=0)
	              Index Cond: ((id >= 1735830) AND (id <= 1736829))

table 6 : explain SELECT SUM(k) FROM sbtest6 WHERE id BETWEEN 6768356 AND 6769355
	Aggregate  (cost=4286.21..4286.22 rows=1 width=8)
	  ->  Bitmap Heap Scan on sbtest6  (cost=27.83..4283.43 rows=1112 width=4)
	        Recheck Cond: ((id >= 6768356) AND (id <= 6769355))
	        ->  Bitmap Index Scan on sbtest6_pkey  (cost=0.00..27.55 rows=1112 width=0)
	              Index Cond: ((id >= 6768356) AND (id <= 6769355))

table 7 : explain SELECT SUM(k) FROM sbtest7 WHERE id BETWEEN 101553 AND 102552
	Aggregate  (cost=3758.85..3758.86 rows=1 width=8)
	  ->  Bitmap Heap Scan on sbtest7  (cost=22.40..3756.42 rows=972 width=4)
	        Recheck Cond: ((id >= 101553) AND (id <= 102552))
	        ->  Bitmap Index Scan on sbtest7_pkey  (cost=0.00..22.15 rows=972 width=0)
	              Index Cond: ((id >= 101553) AND (id <= 102552))

table 8 : explain SELECT SUM(k) FROM sbtest8 WHERE id BETWEEN 2841466 AND 2842465
	Aggregate  (cost=3902.19..3902.20 rows=1 width=8)
	  ->  Bitmap Heap Scan on sbtest8  (cost=22.79..3899.66 rows=1010 width=4)
	        Recheck Cond: ((id >= 2841466) AND (id <= 2842465))
	        ->  Bitmap Index Scan on sbtest8_pkey  (cost=0.00..22.54 rows=1010 width=0)
	              Index Cond: ((id >= 2841466) AND (id <= 2842465))

for: simple_ranges
table 1 : explain SELECT c FROM sbtest1 WHERE id BETWEEN 1273738 AND 1274737
	Bitmap Heap Scan on sbtest1  (cost=27.88..4298.91 rows=1117 width=121)
	  Recheck Cond: ((id >= 1273738) AND (id <= 1274737))
	  ->  Bitmap Index Scan on sbtest1_pkey  (cost=0.00..27.61 rows=1117 width=0)
	        Index Cond: ((id >= 1273738) AND (id <= 1274737))

table 2 : explain SELECT c FROM sbtest2 WHERE id BETWEEN 2758999 AND 2759998
	Bitmap Heap Scan on sbtest2  (cost=22.48..3784.90 rows=980 width=121)
	  Recheck Cond: ((id >= 2758999) AND (id <= 2759998))
	  ->  Bitmap Index Scan on sbtest2_pkey  (cost=0.00..22.23 rows=980 width=0)
	        Index Cond: ((id >= 2758999) AND (id <= 2759998))

table 3 : explain SELECT c FROM sbtest3 WHERE id BETWEEN 5085903 AND 5086902
	Bitmap Heap Scan on sbtest3  (cost=22.53..3803.87 rows=985 width=121)
	  Recheck Cond: ((id >= 5085903) AND (id <= 5086902))
	  ->  Bitmap Index Scan on sbtest3_pkey  (cost=0.00..22.29 rows=985 width=0)
	        Index Cond: ((id >= 5085903) AND (id <= 5086902))

table 4 : explain SELECT c FROM sbtest4 WHERE id BETWEEN 3168825 AND 3169824
	Bitmap Heap Scan on sbtest4  (cost=22.97..3966.57 rows=1028 width=121)
	  Recheck Cond: ((id >= 3168825) AND (id <= 3169824))
	  ->  Bitmap Index Scan on sbtest4_pkey  (cost=0.00..22.71 rows=1028 width=0)
	        Index Cond: ((id >= 3168825) AND (id <= 3169824))

table 5 : explain SELECT c FROM sbtest5 WHERE id BETWEEN 6811477 AND 6812476
	Bitmap Heap Scan on sbtest5  (cost=22.61..3834.93 rows=993 width=121)
	  Recheck Cond: ((id >= 6811477) AND (id <= 6812476))
	  ->  Bitmap Index Scan on sbtest5_pkey  (cost=0.00..22.36 rows=993 width=0)
	        Index Cond: ((id >= 6811477) AND (id <= 6812476))

table 6 : explain SELECT c FROM sbtest6 WHERE id BETWEEN 5148936 AND 5149935
	Bitmap Heap Scan on sbtest6  (cost=22.08..3639.49 rows=941 width=121)
	  Recheck Cond: ((id >= 5148936) AND (id <= 5149935))
	  ->  Bitmap Index Scan on sbtest6_pkey  (cost=0.00..21.84 rows=941 width=0)
	        Index Cond: ((id >= 5148936) AND (id <= 5149935))

table 7 : explain SELECT c FROM sbtest7 WHERE id BETWEEN 4264201 AND 4265200
	Bitmap Heap Scan on sbtest7  (cost=22.46..3779.04 rows=978 width=121)
	  Recheck Cond: ((id >= 4264201) AND (id <= 4265200))
	  ->  Bitmap Index Scan on sbtest7_pkey  (cost=0.00..22.21 rows=978 width=0)
	        Index Cond: ((id >= 4264201) AND (id <= 4265200))

table 8 : explain SELECT c FROM sbtest8 WHERE id BETWEEN 3237682 AND 3238681
	Bitmap Heap Scan on sbtest8  (cost=22.06..3631.94 rows=939 width=121)
	  Recheck Cond: ((id >= 3237682) AND (id <= 3238681))
	  ->  Bitmap Index Scan on sbtest8_pkey  (cost=0.00..21.82 rows=939 width=0)
	        Index Cond: ((id >= 3237682) AND (id <= 3238681))

for: simple_ranges
table 1 : explain SELECT c FROM sbtest1 WHERE id BETWEEN 4462416 AND 4463415
	Bitmap Heap Scan on sbtest1  (cost=21.74..3512.42 rows=908 width=121)
	  Recheck Cond: ((id >= 4462416) AND (id <= 4463415))
	  ->  Bitmap Index Scan on sbtest1_pkey  (cost=0.00..21.51 rows=908 width=0)
	        Index Cond: ((id >= 4462416) AND (id <= 4463415))

table 2 : explain SELECT c FROM sbtest2 WHERE id BETWEEN 9087009 AND 9088008
	Bitmap Heap Scan on sbtest2  (cost=22.70..3863.99 rows=1001 width=121)
	  Recheck Cond: ((id >= 9087009) AND (id <= 9088008))
	  ->  Bitmap Index Scan on sbtest2_pkey  (cost=0.00..22.44 rows=1001 width=0)
	        Index Cond: ((id >= 9087009) AND (id <= 9088008))

table 3 : explain SELECT c FROM sbtest3 WHERE id BETWEEN 4527094 AND 4528093
	Bitmap Heap Scan on sbtest3  (cost=21.98..3600.26 rows=931 width=121)
	  Recheck Cond: ((id >= 4527094) AND (id <= 4528093))
	  ->  Bitmap Index Scan on sbtest3_pkey  (cost=0.00..21.75 rows=931 width=0)
	        Index Cond: ((id >= 4527094) AND (id <= 4528093))

table 4 : explain SELECT c FROM sbtest4 WHERE id BETWEEN 7792688 AND 7793687
	Bitmap Heap Scan on sbtest4  (cost=21.88..3563.22 rows=921 width=121)
	  Recheck Cond: ((id >= 7792688) AND (id <= 7793687))
	  ->  Bitmap Index Scan on sbtest4_pkey  (cost=0.00..21.64 rows=921 width=0)
	        Index Cond: ((id >= 7792688) AND (id <= 7793687))

table 5 : explain SELECT c FROM sbtest5 WHERE id BETWEEN 6877170 AND 6878169
	Bitmap Heap Scan on sbtest5  (cost=22.61..3834.93 rows=993 width=121)
	  Recheck Cond: ((id >= 6877170) AND (id <= 6878169))
	  ->  Bitmap Index Scan on sbtest5_pkey  (cost=0.00..22.36 rows=993 width=0)
	        Index Cond: ((id >= 6877170) AND (id <= 6878169))

table 6 : explain SELECT c FROM sbtest6 WHERE id BETWEEN 1582684 AND 1583683
	Bitmap Heap Scan on sbtest6  (cost=23.02..3986.26 rows=1033 width=121)
	  Recheck Cond: ((id >= 1582684) AND (id <= 1583683))
	  ->  Bitmap Index Scan on sbtest6_pkey  (cost=0.00..22.76 rows=1033 width=0)
	        Index Cond: ((id >= 1582684) AND (id <= 1583683))

table 7 : explain SELECT c FROM sbtest7 WHERE id BETWEEN 9405984 AND 9406983
	Bitmap Heap Scan on sbtest7  (cost=23.33..4099.05 rows=1063 width=121)
	  Recheck Cond: ((id >= 9405984) AND (id <= 9406983))
	  ->  Bitmap Index Scan on sbtest7_pkey  (cost=0.00..23.07 rows=1063 width=0)
	        Index Cond: ((id >= 9405984) AND (id <= 9406983))

table 8 : explain SELECT c FROM sbtest8 WHERE id BETWEEN 9527473 AND 9528472
	Bitmap Heap Scan on sbtest8  (cost=22.80..3903.43 rows=1011 width=121)
	  Recheck Cond: ((id >= 9527473) AND (id <= 9528472))
	  ->  Bitmap Index Scan on sbtest8_pkey  (cost=0.00..22.54 rows=1011 width=0)
	        Index Cond: ((id >= 9527473) AND (id <= 9528472))

for point_selects
table 1 : explain SELECT c FROM sbtest1 WHERE id=9325503
	Index Scan using sbtest1_pkey on sbtest1  (cost=0.43..8.45 rows=1 width=121)
	  Index Cond: (id = 9325503)

table 2 : explain SELECT c FROM sbtest2 WHERE id=6102739
	Index Scan using sbtest2_pkey on sbtest2  (cost=0.43..8.45 rows=1 width=121)
	  Index Cond: (id = 6102739)

table 3 : explain SELECT c FROM sbtest3 WHERE id=5633860
	Index Scan using sbtest3_pkey on sbtest3  (cost=0.43..8.45 rows=1 width=121)
	  Index Cond: (id = 5633860)

table 4 : explain SELECT c FROM sbtest4 WHERE id=8500213
	Index Scan using sbtest4_pkey on sbtest4  (cost=0.43..8.45 rows=1 width=121)
	  Index Cond: (id = 8500213)

table 5 : explain SELECT c FROM sbtest5 WHERE id=7228056
	Index Scan using sbtest5_pkey on sbtest5  (cost=0.43..8.45 rows=1 width=121)
	  Index Cond: (id = 7228056)

table 6 : explain SELECT c FROM sbtest6 WHERE id=9599199
	Index Scan using sbtest6_pkey on sbtest6  (cost=0.43..8.45 rows=1 width=121)
	  Index Cond: (id = 9599199)

table 7 : explain SELECT c FROM sbtest7 WHERE id=4147002
	Index Scan using sbtest7_pkey on sbtest7  (cost=0.43..8.45 rows=1 width=121)
	  Index Cond: (id = 4147002)

table 8 : explain SELECT c FROM sbtest8 WHERE id=6834511
	Index Scan using sbtest8_pkey on sbtest8  (cost=0.43..8.45 rows=1 width=121)
	  Index Cond: (id = 6834511)

for: distinct_ranges
table 1 : explain SELECT DISTINCT c FROM sbtest1 WHERE id BETWEEN 5864471 AND 5865470 ORDER BY c
	Unique  (cost=3844.08..3848.99 rows=983 width=121)
	  ->  Sort  (cost=3844.08..3846.53 rows=983 width=121)
	        Sort Key: c
	        ->  Bitmap Heap Scan on sbtest1  (cost=22.51..3795.22 rows=983 width=121)
	              Recheck Cond: ((id >= 5864471) AND (id <= 5865470))
	              ->  Bitmap Index Scan on sbtest1_pkey  (cost=0.00..22.26 rows=983 width=0)
	                    Index Cond: ((id >= 5864471) AND (id <= 5865470))

table 2 : explain SELECT DISTINCT c FROM sbtest2 WHERE id BETWEEN 9827601 AND 9828600 ORDER BY c
	Unique  (cost=3649.88..3654.54 rows=932 width=121)
	  ->  Sort  (cost=3649.88..3652.21 rows=932 width=121)
	        Sort Key: c
	        ->  Bitmap Heap Scan on sbtest2  (cost=21.99..3603.92 rows=932 width=121)
	              Recheck Cond: ((id >= 9827601) AND (id <= 9828600))
	              ->  Bitmap Index Scan on sbtest2_pkey  (cost=0.00..21.75 rows=932 width=0)
	                    Index Cond: ((id >= 9827601) AND (id <= 9828600))

table 3 : explain SELECT DISTINCT c FROM sbtest3 WHERE id BETWEEN 5779871 AND 5780870 ORDER BY c
	Unique  (cost=3680.65..3685.35 rows=940 width=121)
	  ->  Sort  (cost=3680.65..3683.00 rows=940 width=121)
	        Sort Key: c
	        ->  Bitmap Heap Scan on sbtest3  (cost=22.07..3634.23 rows=940 width=121)
	              Recheck Cond: ((id >= 5779871) AND (id <= 5780870))
	              ->  Bitmap Index Scan on sbtest3_pkey  (cost=0.00..21.83 rows=940 width=0)
	                    Index Cond: ((id >= 5779871) AND (id <= 5780870))

table 4 : explain SELECT DISTINCT c FROM sbtest4 WHERE id BETWEEN 9632372 AND 9633371 ORDER BY c
	Unique  (cost=3937.75..3942.79 rows=1007 width=121)
	  ->  Sort  (cost=3937.75..3940.27 rows=1007 width=121)
	        Sort Key: c
	        ->  Bitmap Heap Scan on sbtest4  (cost=22.76..3887.52 rows=1007 width=121)
	              Recheck Cond: ((id >= 9632372) AND (id <= 9633371))
	              ->  Bitmap Index Scan on sbtest4_pkey  (cost=0.00..22.50 rows=1007 width=0)
	                    Index Cond: ((id >= 9632372) AND (id <= 9633371))

table 5 : explain SELECT DISTINCT c FROM sbtest5 WHERE id BETWEEN 9358337 AND 9359336 ORDER BY c
	Unique  (cost=3937.89..3942.92 rows=1007 width=121)
	  ->  Sort  (cost=3937.89..3940.41 rows=1007 width=121)
	        Sort Key: c
	        ->  Bitmap Heap Scan on sbtest5  (cost=22.76..3887.66 rows=1007 width=121)
	              Recheck Cond: ((id >= 9358337) AND (id <= 9359336))
	              ->  Bitmap Index Scan on sbtest5_pkey  (cost=0.00..22.50 rows=1007 width=0)
	                    Index Cond: ((id >= 9358337) AND (id <= 9359336))

table 6 : explain SELECT DISTINCT c FROM sbtest6 WHERE id BETWEEN 6233159 AND 6234158 ORDER BY c
	Unique  (cost=3888.88..3893.85 rows=994 width=121)
	  ->  Sort  (cost=3888.88..3891.37 rows=994 width=121)
	        Sort Key: c
	        ->  Bitmap Heap Scan on sbtest6  (cost=22.62..3839.39 rows=994 width=121)
	              Recheck Cond: ((id >= 6233159) AND (id <= 6234158))
	              ->  Bitmap Index Scan on sbtest6_pkey  (cost=0.00..22.37 rows=994 width=0)
	                    Index Cond: ((id >= 6233159) AND (id <= 6234158))

table 7 : explain SELECT DISTINCT c FROM sbtest7 WHERE id BETWEEN 3108839 AND 3109838 ORDER BY c
	Unique  (cost=3927.08..3932.10 rows=1004 width=121)
	  ->  Sort  (cost=3927.08..3929.59 rows=1004 width=121)
	        Sort Key: c
	        ->  Bitmap Heap Scan on sbtest7  (cost=22.73..3877.02 rows=1004 width=121)
	              Recheck Cond: ((id >= 3108839) AND (id <= 3109838))
	              ->  Bitmap Index Scan on sbtest7_pkey  (cost=0.00..22.47 rows=1004 width=0)
	                    Index Cond: ((id >= 3108839) AND (id <= 3109838))

table 8 : explain SELECT DISTINCT c FROM sbtest8 WHERE id BETWEEN 2679006 AND 2680005 ORDER BY c
	Unique  (cost=3697.46..3702.18 rows=944 width=121)
	  ->  Sort  (cost=3697.46..3699.82 rows=944 width=121)
	        Sort Key: c
	        ->  Bitmap Heap Scan on sbtest8  (cost=22.11..3650.81 rows=944 width=121)
	              Recheck Cond: ((id >= 2679006) AND (id <= 2680005))
	              ->  Bitmap Index Scan on sbtest8_pkey  (cost=0.00..21.87 rows=944 width=0)
	                    Index Cond: ((id >= 2679006) AND (id <= 2680005))

for: simple_ranges
table 1 : explain SELECT c FROM sbtest1 WHERE id BETWEEN 1440001 AND 1441000
	Bitmap Heap Scan on sbtest1  (cost=21.92..3576.59 rows=925 width=121)
	  Recheck Cond: ((id >= 1440001) AND (id <= 1441000))
	  ->  Bitmap Index Scan on sbtest1_pkey  (cost=0.00..21.68 rows=925 width=0)
	        Index Cond: ((id >= 1440001) AND (id <= 1441000))

table 2 : explain SELECT c FROM sbtest2 WHERE id BETWEEN 8390628 AND 8391627
	Bitmap Heap Scan on sbtest2  (cost=22.50..3792.44 rows=982 width=121)
	  Recheck Cond: ((id >= 8390628) AND (id <= 8391627))
	  ->  Bitmap Index Scan on sbtest2_pkey  (cost=0.00..22.25 rows=982 width=0)
	        Index Cond: ((id >= 8390628) AND (id <= 8391627))

table 3 : explain SELECT c FROM sbtest3 WHERE id BETWEEN 2316119 AND 2317118
	Bitmap Heap Scan on sbtest3  (cost=23.26..4071.00 rows=1056 width=121)
	  Recheck Cond: ((id >= 2316119) AND (id <= 2317118))
	  ->  Bitmap Index Scan on sbtest3_pkey  (cost=0.00..23.00 rows=1056 width=0)
	        Index Cond: ((id >= 2316119) AND (id <= 2317118))

table 4 : explain SELECT c FROM sbtest4 WHERE id BETWEEN 5934482 AND 5935481
	Bitmap Heap Scan on sbtest4  (cost=23.05..3996.66 rows=1036 width=121)
	  Recheck Cond: ((id >= 5934482) AND (id <= 5935481))
	  ->  Bitmap Index Scan on sbtest4_pkey  (cost=0.00..22.79 rows=1036 width=0)
	        Index Cond: ((id >= 5934482) AND (id <= 5935481))

table 5 : explain SELECT c FROM sbtest5 WHERE id BETWEEN 662612 AND 663611
	Bitmap Heap Scan on sbtest5  (cost=22.54..3808.56 rows=986 width=121)
	  Recheck Cond: ((id >= 662612) AND (id <= 663611))
	  ->  Bitmap Index Scan on sbtest5_pkey  (cost=0.00..22.29 rows=986 width=0)
	        Index Cond: ((id >= 662612) AND (id <= 663611))

table 6 : explain SELECT c FROM sbtest6 WHERE id BETWEEN 9102128 AND 9103127
	Bitmap Heap Scan on sbtest6  (cost=22.89..3937.33 rows=1020 width=121)
	  Recheck Cond: ((id >= 9102128) AND (id <= 9103127))
	  ->  Bitmap Index Scan on sbtest6_pkey  (cost=0.00..22.64 rows=1020 width=0)
	        Index Cond: ((id >= 9102128) AND (id <= 9103127))

table 7 : explain SELECT c FROM sbtest7 WHERE id BETWEEN 3302107 AND 3303106
	Bitmap Heap Scan on sbtest7  (cost=22.10..3647.00 rows=943 width=121)
	  Recheck Cond: ((id >= 3302107) AND (id <= 3303106))
	  ->  Bitmap Index Scan on sbtest7_pkey  (cost=0.00..21.86 rows=943 width=0)
	        Index Cond: ((id >= 3302107) AND (id <= 3303106))

table 8 : explain SELECT c FROM sbtest8 WHERE id BETWEEN 8583346 AND 8584345
	Bitmap Heap Scan on sbtest8  (cost=22.49..3790.39 rows=981 width=121)
	  Recheck Cond: ((id >= 8583346) AND (id <= 8584345))
	  ->  Bitmap Index Scan on sbtest8_pkey  (cost=0.00..22.25 rows=981 width=0)
	        Index Cond: ((id >= 8583346) AND (id <= 8584345))

for: distinct_ranges
table 1 : explain SELECT DISTINCT c FROM sbtest1 WHERE id BETWEEN 4865678 AND 4866677 ORDER BY c
	Unique  (cost=4019.78..4024.92 rows=1029 width=121)
	  ->  Sort  (cost=4019.78..4022.35 rows=1029 width=121)
	        Sort Key: c
	        ->  Bitmap Heap Scan on sbtest1  (cost=22.98..3968.29 rows=1029 width=121)
	              Recheck Cond: ((id >= 4865678) AND (id <= 4866677))
	              ->  Bitmap Index Scan on sbtest1_pkey  (cost=0.00..22.72 rows=1029 width=0)
	                    Index Cond: ((id >= 4865678) AND (id <= 4866677))

table 2 : explain SELECT DISTINCT c FROM sbtest2 WHERE id BETWEEN 8348760 AND 8349759 ORDER BY c
	Unique  (cost=3841.24..3846.15 rows=982 width=121)
	  ->  Sort  (cost=3841.24..3843.70 rows=982 width=121)
	        Sort Key: c
	        ->  Bitmap Heap Scan on sbtest2  (cost=22.50..3792.44 rows=982 width=121)
	              Recheck Cond: ((id >= 8348760) AND (id <= 8349759))
	              ->  Bitmap Index Scan on sbtest2_pkey  (cost=0.00..22.25 rows=982 width=0)
	                    Index Cond: ((id >= 8348760) AND (id <= 8349759))

table 3 : explain SELECT DISTINCT c FROM sbtest3 WHERE id BETWEEN 6522330 AND 6523329 ORDER BY c
	Unique  (cost=3986.61..3991.71 rows=1020 width=121)
	  ->  Sort  (cost=3986.61..3989.16 rows=1020 width=121)
	        Sort Key: c
	        ->  Bitmap Heap Scan on sbtest3  (cost=22.89..3935.64 rows=1020 width=121)
	              Recheck Cond: ((id >= 6522330) AND (id <= 6523329))
	              ->  Bitmap Index Scan on sbtest3_pkey  (cost=0.00..22.64 rows=1020 width=0)
	                    Index Cond: ((id >= 6522330) AND (id <= 6523329))

table 4 : explain SELECT DISTINCT c FROM sbtest4 WHERE id BETWEEN 7905508 AND 7906507 ORDER BY c
	Unique  (cost=3689.04..3693.75 rows=942 width=121)
	  ->  Sort  (cost=3689.04..3691.39 rows=942 width=121)
	        Sort Key: c
	        ->  Bitmap Heap Scan on sbtest4  (cost=22.09..3642.50 rows=942 width=121)
	              Recheck Cond: ((id >= 7905508) AND (id <= 7906507))
	              ->  Bitmap Index Scan on sbtest4_pkey  (cost=0.00..21.86 rows=942 width=0)
	                    Index Cond: ((id >= 7905508) AND (id <= 7906507))

table 5 : explain SELECT DISTINCT c FROM sbtest5 WHERE id BETWEEN 217710 AND 218709 ORDER BY c
	Unique  (cost=3819.33..3824.21 rows=976 width=121)
	  ->  Sort  (cost=3819.33..3821.77 rows=976 width=121)
	        Sort Key: c
	        ->  Bitmap Heap Scan on sbtest5  (cost=22.44..3770.87 rows=976 width=121)
	              Recheck Cond: ((id >= 217710) AND (id <= 218709))
	              ->  Bitmap Index Scan on sbtest5_pkey  (cost=0.00..22.19 rows=976 width=0)
	                    Index Cond: ((id >= 217710) AND (id <= 218709))

table 6 : explain SELECT DISTINCT c FROM sbtest6 WHERE id BETWEEN 8215885 AND 8216884 ORDER BY c
	Unique  (cost=4282.43..4287.91 rows=1096 width=121)
	  ->  Sort  (cost=4282.43..4285.17 rows=1096 width=121)
	        Sort Key: c
	        ->  Bitmap Heap Scan on sbtest6  (cost=27.67..4227.09 rows=1096 width=121)
	              Recheck Cond: ((id >= 8215885) AND (id <= 8216884))
	              ->  Bitmap Index Scan on sbtest6_pkey  (cost=0.00..27.39 rows=1096 width=0)
	                    Index Cond: ((id >= 8215885) AND (id <= 8216884))

table 7 : explain SELECT DISTINCT c FROM sbtest7 WHERE id BETWEEN 3860427 AND 3861426 ORDER BY c
	Unique  (cost=4335.83..4341.39 rows=1111 width=121)
	  ->  Sort  (cost=4335.83..4338.61 rows=1111 width=121)
	        Sort Key: c
	        ->  Bitmap Heap Scan on sbtest7  (cost=27.82..4279.63 rows=1111 width=121)
	              Recheck Cond: ((id >= 3860427) AND (id <= 3861426))
	              ->  Bitmap Index Scan on sbtest7_pkey  (cost=0.00..27.54 rows=1111 width=0)
	                    Index Cond: ((id >= 3860427) AND (id <= 3861426))

table 8 : explain SELECT DISTINCT c FROM sbtest8 WHERE id BETWEEN 6984788 AND 6985787 ORDER BY c
	Unique  (cost=3950.06..3955.11 rows=1010 width=121)
	  ->  Sort  (cost=3950.06..3952.59 rows=1010 width=121)
	        Sort Key: c
	        ->  Bitmap Heap Scan on sbtest8  (cost=22.79..3899.66 rows=1010 width=121)
	              Recheck Cond: ((id >= 6984788) AND (id <= 6985787))
	              ->  Bitmap Index Scan on sbtest8_pkey  (cost=0.00..22.54 rows=1010 width=0)
	                    Index Cond: ((id >= 6984788) AND (id <= 6985787))

for point_selects
table 1 : explain SELECT c FROM sbtest1 WHERE id=3068804
	Index Scan using sbtest1_pkey on sbtest1  (cost=0.43..8.45 rows=1 width=121)
	  Index Cond: (id = 3068804)

table 2 : explain SELECT c FROM sbtest2 WHERE id=8282357
	Index Scan using sbtest2_pkey on sbtest2  (cost=0.43..8.45 rows=1 width=121)
	  Index Cond: (id = 8282357)

table 3 : explain SELECT c FROM sbtest3 WHERE id=8268239
	Index Scan using sbtest3_pkey on sbtest3  (cost=0.43..8.45 rows=1 width=121)
	  Index Cond: (id = 8268239)

table 4 : explain SELECT c FROM sbtest4 WHERE id=8810929
	Index Scan using sbtest4_pkey on sbtest4  (cost=0.43..8.45 rows=1 width=121)
	  Index Cond: (id = 8810929)

table 5 : explain SELECT c FROM sbtest5 WHERE id=5605600
	Index Scan using sbtest5_pkey on sbtest5  (cost=0.43..8.45 rows=1 width=121)
	  Index Cond: (id = 5605600)

table 6 : explain SELECT c FROM sbtest6 WHERE id=660568
	Index Scan using sbtest6_pkey on sbtest6  (cost=0.43..8.45 rows=1 width=121)
	  Index Cond: (id = 660568)

table 7 : explain SELECT c FROM sbtest7 WHERE id=1548237
	Index Scan using sbtest7_pkey on sbtest7  (cost=0.43..8.45 rows=1 width=121)
	  Index Cond: (id = 1548237)

table 8 : explain SELECT c FROM sbtest8 WHERE id=3780527
	Index Scan using sbtest8_pkey on sbtest8  (cost=0.43..8.45 rows=1 width=121)
	  Index Cond: (id = 3780527)

for: simple_ranges
table 1 : explain SELECT c FROM sbtest1 WHERE id BETWEEN 670051 AND 671050
	Bitmap Heap Scan on sbtest1  (cost=22.13..3655.80 rows=946 width=121)
	  Recheck Cond: ((id >= 670051) AND (id <= 671050))
	  ->  Bitmap Index Scan on sbtest1_pkey  (cost=0.00..21.89 rows=946 width=0)
	        Index Cond: ((id >= 670051) AND (id <= 671050))

table 2 : explain SELECT c FROM sbtest2 WHERE id BETWEEN 5011639 AND 5012638
	Bitmap Heap Scan on sbtest2  (cost=22.89..3935.50 rows=1020 width=121)
	  Recheck Cond: ((id >= 5011639) AND (id <= 5012638))
	  ->  Bitmap Index Scan on sbtest2_pkey  (cost=0.00..22.64 rows=1020 width=0)
	        Index Cond: ((id >= 5011639) AND (id <= 5012638))

table 3 : explain SELECT c FROM sbtest3 WHERE id BETWEEN 3967915 AND 3968914
	Bitmap Heap Scan on sbtest3  (cost=23.09..4010.86 rows=1040 width=121)
	  Recheck Cond: ((id >= 3967915) AND (id <= 3968914))
	  ->  Bitmap Index Scan on sbtest3_pkey  (cost=0.00..22.83 rows=1040 width=0)
	        Index Cond: ((id >= 3967915) AND (id <= 3968914))

table 4 : explain SELECT c FROM sbtest4 WHERE id BETWEEN 9712767 AND 9713766
	Bitmap Heap Scan on sbtest4  (cost=22.52..3800.89 rows=984 width=121)
	  Recheck Cond: ((id >= 9712767) AND (id <= 9713766))
	  ->  Bitmap Index Scan on sbtest4_pkey  (cost=0.00..22.27 rows=984 width=0)
	        Index Cond: ((id >= 9712767) AND (id <= 9713766))

table 5 : explain SELECT c FROM sbtest5 WHERE id BETWEEN 8067523 AND 8068522
	Bitmap Heap Scan on sbtest5  (cost=22.58..3823.63 rows=990 width=121)
	  Recheck Cond: ((id >= 8067523) AND (id <= 8068522))
	  ->  Bitmap Index Scan on sbtest5_pkey  (cost=0.00..22.33 rows=990 width=0)
	        Index Cond: ((id >= 8067523) AND (id <= 8068522))

table 6 : explain SELECT c FROM sbtest6 WHERE id BETWEEN 6068613 AND 6069612
	Bitmap Heap Scan on sbtest6  (cost=22.34..3733.83 rows=966 width=121)
	  Recheck Cond: ((id >= 6068613) AND (id <= 6069612))
	  ->  Bitmap Index Scan on sbtest6_pkey  (cost=0.00..22.09 rows=966 width=0)
	        Index Cond: ((id >= 6068613) AND (id <= 6069612))

table 7 : explain SELECT c FROM sbtest7 WHERE id BETWEEN 2694953 AND 2695952
	Bitmap Heap Scan on sbtest7  (cost=23.03..3989.97 rows=1034 width=121)
	  Recheck Cond: ((id >= 2694953) AND (id <= 2695952))
	  ->  Bitmap Index Scan on sbtest7_pkey  (cost=0.00..22.77 rows=1034 width=0)
	        Index Cond: ((id >= 2694953) AND (id <= 2695952))

table 8 : explain SELECT c FROM sbtest8 WHERE id BETWEEN 4479304 AND 4480303
	Bitmap Heap Scan on sbtest8  (cost=22.57..3820.54 rows=989 width=121)
	  Recheck Cond: ((id >= 4479304) AND (id <= 4480303))
	  ->  Bitmap Index Scan on sbtest8_pkey  (cost=0.00..22.32 rows=989 width=0)
	        Index Cond: ((id >= 4479304) AND (id <= 4480303))

for point_selects
table 1 : explain SELECT c FROM sbtest1 WHERE id=4869240
	Index Scan using sbtest1_pkey on sbtest1  (cost=0.43..8.45 rows=1 width=121)
	  Index Cond: (id = 4869240)

table 2 : explain SELECT c FROM sbtest2 WHERE id=8965614
	Index Scan using sbtest2_pkey on sbtest2  (cost=0.43..8.45 rows=1 width=121)
	  Index Cond: (id = 8965614)

table 3 : explain SELECT c FROM sbtest3 WHERE id=4354498
	Index Scan using sbtest3_pkey on sbtest3  (cost=0.43..8.45 rows=1 width=121)
	  Index Cond: (id = 4354498)

table 4 : explain SELECT c FROM sbtest4 WHERE id=8073806
	Index Scan using sbtest4_pkey on sbtest4  (cost=0.43..8.45 rows=1 width=121)
	  Index Cond: (id = 8073806)

table 5 : explain SELECT c FROM sbtest5 WHERE id=258835
	Index Scan using sbtest5_pkey on sbtest5  (cost=0.43..8.45 rows=1 width=121)
	  Index Cond: (id = 258835)

table 6 : explain SELECT c FROM sbtest6 WHERE id=1281497
	Index Scan using sbtest6_pkey on sbtest6  (cost=0.43..8.45 rows=1 width=121)
	  Index Cond: (id = 1281497)

table 7 : explain SELECT c FROM sbtest7 WHERE id=1377610
	Index Scan using sbtest7_pkey on sbtest7  (cost=0.43..8.45 rows=1 width=121)
	  Index Cond: (id = 1377610)

table 8 : explain SELECT c FROM sbtest8 WHERE id=6513813
	Index Scan using sbtest8_pkey on sbtest8  (cost=0.43..8.45 rows=1 width=121)
	  Index Cond: (id = 6513813)

for: distinct_ranges
table 1 : explain SELECT DISTINCT c FROM sbtest1 WHERE id BETWEEN 451303 AND 452302 ORDER BY c
	Unique  (cost=4015.96..4021.10 rows=1028 width=121)
	  ->  Sort  (cost=4015.96..4018.53 rows=1028 width=121)
	        Sort Key: c
	        ->  Bitmap Heap Scan on sbtest1  (cost=22.97..3964.53 rows=1028 width=121)
	              Recheck Cond: ((id >= 451303) AND (id <= 452302))
	              ->  Bitmap Index Scan on sbtest1_pkey  (cost=0.00..22.71 rows=1028 width=0)
	                    Index Cond: ((id >= 451303) AND (id <= 452302))

table 2 : explain SELECT DISTINCT c FROM sbtest2 WHERE id BETWEEN 2708280 AND 2709279 ORDER BY c
	Unique  (cost=3833.59..3838.49 rows=980 width=121)
	  ->  Sort  (cost=3833.59..3836.04 rows=980 width=121)
	        Sort Key: c
	        ->  Bitmap Heap Scan on sbtest2  (cost=22.48..3784.90 rows=980 width=121)
	              Recheck Cond: ((id >= 2708280) AND (id <= 2709279))
	              ->  Bitmap Index Scan on sbtest2_pkey  (cost=0.00..22.23 rows=980 width=0)
	                    Index Cond: ((id >= 2708280) AND (id <= 2709279))

table 3 : explain SELECT DISTINCT c FROM sbtest3 WHERE id BETWEEN 9263118 AND 9264117 ORDER BY c
	Unique  (cost=4177.44..4182.79 rows=1070 width=121)
	  ->  Sort  (cost=4177.44..4180.11 rows=1070 width=121)
	        Sort Key: c
	        ->  Bitmap Heap Scan on sbtest3  (cost=23.40..4123.60 rows=1070 width=121)
	              Recheck Cond: ((id >= 9263118) AND (id <= 9264117))
	              ->  Bitmap Index Scan on sbtest3_pkey  (cost=0.00..23.14 rows=1070 width=0)
	                    Index Cond: ((id >= 9263118) AND (id <= 9264117))

table 4 : explain SELECT DISTINCT c FROM sbtest4 WHERE id BETWEEN 9129564 AND 9130563 ORDER BY c
	Unique  (cost=3811.55..3816.42 rows=974 width=121)
	  ->  Sort  (cost=3811.55..3813.98 rows=974 width=121)
	        Sort Key: c
	        ->  Bitmap Heap Scan on sbtest4  (cost=22.42..3763.20 rows=974 width=121)
	              Recheck Cond: ((id >= 9129564) AND (id <= 9130563))
	              ->  Bitmap Index Scan on sbtest4_pkey  (cost=0.00..22.18 rows=974 width=0)
	                    Index Cond: ((id >= 9129564) AND (id <= 9130563))

table 5 : explain SELECT DISTINCT c FROM sbtest5 WHERE id BETWEEN 3339755 AND 3340754 ORDER BY c
	Unique  (cost=3386.14..3390.46 rows=863 width=121)
	  ->  Sort  (cost=3386.14..3388.30 rows=863 width=121)
	        Sort Key: c
	        ->  Bitmap Heap Scan on sbtest5  (cost=21.28..3344.06 rows=863 width=121)
	              Recheck Cond: ((id >= 3339755) AND (id <= 3340754))
	              ->  Bitmap Index Scan on sbtest5_pkey  (cost=0.00..21.07 rows=863 width=0)
	                    Index Cond: ((id >= 3339755) AND (id <= 3340754))

table 6 : explain SELECT DISTINCT c FROM sbtest6 WHERE id BETWEEN 1111104 AND 1112103 ORDER BY c
	Unique  (cost=3804.70..3809.56 rows=972 width=121)
	  ->  Sort  (cost=3804.70..3807.13 rows=972 width=121)
	        Sort Key: c
	        ->  Bitmap Heap Scan on sbtest6  (cost=22.40..3756.46 rows=972 width=121)
	              Recheck Cond: ((id >= 1111104) AND (id <= 1112103))
	              ->  Bitmap Index Scan on sbtest6_pkey  (cost=0.00..22.15 rows=972 width=0)
	                    Index Cond: ((id >= 1111104) AND (id <= 1112103))

table 7 : explain SELECT DISTINCT c FROM sbtest7 WHERE id BETWEEN 6357167 AND 6358166 ORDER BY c
	Unique  (cost=3674.43..3679.12 rows=938 width=121)
	  ->  Sort  (cost=3674.43..3676.78 rows=938 width=121)
	        Sort Key: c
	        ->  Bitmap Heap Scan on sbtest7  (cost=22.05..3628.13 rows=938 width=121)
	              Recheck Cond: ((id >= 6357167) AND (id <= 6358166))
	              ->  Bitmap Index Scan on sbtest7_pkey  (cost=0.00..21.82 rows=938 width=0)
	                    Index Cond: ((id >= 6357167) AND (id <= 6358166))

table 8 : explain SELECT DISTINCT c FROM sbtest8 WHERE id BETWEEN 1132377 AND 1133376 ORDER BY c
	Unique  (cost=4282.42..4287.90 rows=1096 width=121)
	  ->  Sort  (cost=4282.42..4285.16 rows=1096 width=121)
	        Sort Key: c
	        ->  Bitmap Heap Scan on sbtest8  (cost=27.67..4227.08 rows=1096 width=121)
	              Recheck Cond: ((id >= 1132377) AND (id <= 1133376))
	              ->  Bitmap Index Scan on sbtest8_pkey  (cost=0.00..27.39 rows=1096 width=0)
	                    Index Cond: ((id >= 1132377) AND (id <= 1133376))

for point_selects
table 1 : explain SELECT c FROM sbtest1 WHERE id=313226
	Index Scan using sbtest1_pkey on sbtest1  (cost=0.43..8.45 rows=1 width=121)
	  Index Cond: (id = 313226)

table 2 : explain SELECT c FROM sbtest2 WHERE id=7516583
	Index Scan using sbtest2_pkey on sbtest2  (cost=0.43..8.45 rows=1 width=121)
	  Index Cond: (id = 7516583)

table 3 : explain SELECT c FROM sbtest3 WHERE id=4529113
	Index Scan using sbtest3_pkey on sbtest3  (cost=0.43..8.45 rows=1 width=121)
	  Index Cond: (id = 4529113)

table 4 : explain SELECT c FROM sbtest4 WHERE id=4854846
	Index Scan using sbtest4_pkey on sbtest4  (cost=0.43..8.45 rows=1 width=121)
	  Index Cond: (id = 4854846)

table 5 : explain SELECT c FROM sbtest5 WHERE id=4502188
	Index Scan using sbtest5_pkey on sbtest5  (cost=0.43..8.45 rows=1 width=121)
	  Index Cond: (id = 4502188)

table 6 : explain SELECT c FROM sbtest6 WHERE id=4875461
	Index Scan using sbtest6_pkey on sbtest6  (cost=0.43..8.45 rows=1 width=121)
	  Index Cond: (id = 4875461)

table 7 : explain SELECT c FROM sbtest7 WHERE id=1351586
	Index Scan using sbtest7_pkey on sbtest7  (cost=0.43..8.45 rows=1 width=121)
	  Index Cond: (id = 1351586)

table 8 : explain SELECT c FROM sbtest8 WHERE id=8117936
	Index Scan using sbtest8_pkey on sbtest8  (cost=0.43..8.45 rows=1 width=121)
	  Index Cond: (id = 8117936)

for: order_ranges
table 1 : explain SELECT c FROM sbtest1 WHERE id BETWEEN 6084526 AND 6085525 ORDER BY c
	Sort  (cost=3614.50..3616.81 rows=923 width=121)
	  Sort Key: c
	  ->  Bitmap Heap Scan on sbtest1  (cost=21.90..3569.04 rows=923 width=121)
	        Recheck Cond: ((id >= 6084526) AND (id <= 6085525))
	        ->  Bitmap Index Scan on sbtest1_pkey  (cost=0.00..21.66 rows=923 width=0)
	              Index Cond: ((id >= 6084526) AND (id <= 6085525))

table 2 : explain SELECT c FROM sbtest2 WHERE id BETWEEN 4646646 AND 4647645 ORDER BY c
	Sort  (cost=3841.24..3843.70 rows=982 width=121)
	  Sort Key: c
	  ->  Bitmap Heap Scan on sbtest2  (cost=22.50..3792.44 rows=982 width=121)
	        Recheck Cond: ((id >= 4646646) AND (id <= 4647645))
	        ->  Bitmap Index Scan on sbtest2_pkey  (cost=0.00..22.25 rows=982 width=0)
	              Index Cond: ((id >= 4646646) AND (id <= 4647645))

table 3 : explain SELECT c FROM sbtest3 WHERE id BETWEEN 706070 AND 707069 ORDER BY c
	Sort  (cost=3849.02..3851.48 rows=984 width=121)
	  Sort Key: c
	  ->  Bitmap Heap Scan on sbtest3  (cost=22.52..3800.11 rows=984 width=121)
	        Recheck Cond: ((id >= 706070) AND (id <= 707069))
	        ->  Bitmap Index Scan on sbtest3_pkey  (cost=0.00..22.27 rows=984 width=0)
	              Index Cond: ((id >= 706070) AND (id <= 707069))

table 4 : explain SELECT c FROM sbtest4 WHERE id BETWEEN 1636000 AND 1636999 ORDER BY c
	Sort  (cost=3895.70..3898.19 rows=996 width=121)
	  Sort Key: c
	  ->  Bitmap Heap Scan on sbtest4  (cost=22.64..3846.10 rows=996 width=121)
	        Recheck Cond: ((id >= 1636000) AND (id <= 1636999))
	        ->  Bitmap Index Scan on sbtest4_pkey  (cost=0.00..22.39 rows=996 width=0)
	              Index Cond: ((id >= 1636000) AND (id <= 1636999))

table 5 : explain SELECT c FROM sbtest5 WHERE id BETWEEN 5087627 AND 5088626 ORDER BY c
	Sort  (cost=4079.24..4081.85 rows=1044 width=121)
	  Sort Key: c
	  ->  Bitmap Heap Scan on sbtest5  (cost=23.14..4026.90 rows=1044 width=121)
	        Recheck Cond: ((id >= 5087627) AND (id <= 5088626))
	        ->  Bitmap Index Scan on sbtest5_pkey  (cost=0.00..22.87 rows=1044 width=0)
	              Index Cond: ((id >= 5087627) AND (id <= 5088626))

table 6 : explain SELECT c FROM sbtest6 WHERE id BETWEEN 8011841 AND 8012840 ORDER BY c
	Sort  (cost=4007.41..4009.97 rows=1025 width=121)
	  Sort Key: c
	  ->  Bitmap Heap Scan on sbtest6  (cost=22.94..3956.15 rows=1025 width=121)
	        Recheck Cond: ((id >= 8011841) AND (id <= 8012840))
	        ->  Bitmap Index Scan on sbtest6_pkey  (cost=0.00..22.68 rows=1025 width=0)
	              Index Cond: ((id >= 8011841) AND (id <= 8012840))

table 7 : explain SELECT c FROM sbtest7 WHERE id BETWEEN 4222775 AND 4223774 ORDER BY c
	Sort  (cost=3827.62..3830.06 rows=978 width=121)
	  Sort Key: c
	  ->  Bitmap Heap Scan on sbtest7  (cost=22.46..3779.04 rows=978 width=121)
	        Recheck Cond: ((id >= 4222775) AND (id <= 4223774))
	        ->  Bitmap Index Scan on sbtest7_pkey  (cost=0.00..22.21 rows=978 width=0)
	              Index Cond: ((id >= 4222775) AND (id <= 4223774))

table 8 : explain SELECT c FROM sbtest8 WHERE id BETWEEN 3563309 AND 3564308 ORDER BY c
	Sort  (cost=3881.22..3883.70 rows=992 width=121)
	  Sort Key: c
	  ->  Bitmap Heap Scan on sbtest8  (cost=22.60..3831.85 rows=992 width=121)
	        Recheck Cond: ((id >= 3563309) AND (id <= 3564308))
	        ->  Bitmap Index Scan on sbtest8_pkey  (cost=0.00..22.36 rows=992 width=0)
	              Index Cond: ((id >= 3563309) AND (id <= 3564308))

for: sum_ranges
table 1 : explain SELECT SUM(k) FROM sbtest1 WHERE id BETWEEN 6833356 AND 6834355
	Aggregate  (cost=3929.47..3929.48 rows=1 width=8)
	  ->  Bitmap Heap Scan on sbtest1  (cost=22.87..3926.93 rows=1018 width=4)
	        Recheck Cond: ((id >= 6833356) AND (id <= 6834355))
	        ->  Bitmap Index Scan on sbtest1_pkey  (cost=0.00..22.61 rows=1018 width=0)
	              Index Cond: ((id >= 6833356) AND (id <= 6834355))

table 2 : explain SELECT SUM(k) FROM sbtest2 WHERE id BETWEEN 3333478 AND 3334477
	Aggregate  (cost=4096.05..4096.06 rows=1 width=8)
	  ->  Bitmap Heap Scan on sbtest2  (cost=23.32..4093.40 rows=1062 width=4)
	        Recheck Cond: ((id >= 3333478) AND (id <= 3334477))
	        ->  Bitmap Index Scan on sbtest2_pkey  (cost=0.00..23.05 rows=1062 width=0)
	              Index Cond: ((id >= 3333478) AND (id <= 3334477))

table 3 : explain SELECT SUM(k) FROM sbtest3 WHERE id BETWEEN 2835957 AND 2836956
	Aggregate  (cost=3742.24..3742.25 rows=1 width=8)
	  ->  Bitmap Heap Scan on sbtest3  (cost=22.36..3739.82 rows=968 width=4)
	        Recheck Cond: ((id >= 2835957) AND (id <= 2836956))
	        ->  Bitmap Index Scan on sbtest3_pkey  (cost=0.00..22.11 rows=968 width=0)
	              Index Cond: ((id >= 2835957) AND (id <= 2836956))

table 4 : explain SELECT SUM(k) FROM sbtest4 WHERE id BETWEEN 272585 AND 273584
	Aggregate  (cost=3625.97..3625.98 rows=1 width=8)
	  ->  Bitmap Heap Scan on sbtest4  (cost=22.04..3623.63 rows=937 width=4)
	        Recheck Cond: ((id >= 272585) AND (id <= 273584))
	        ->  Bitmap Index Scan on sbtest4_pkey  (cost=0.00..21.80 rows=937 width=0)
	              Index Cond: ((id >= 272585) AND (id <= 273584))

table 5 : explain SELECT SUM(k) FROM sbtest5 WHERE id BETWEEN 2896168 AND 2897167
	Aggregate  (cost=3542.97..3542.98 rows=1 width=8)
	  ->  Bitmap Heap Scan on sbtest5  (cost=21.81..3540.68 rows=915 width=4)
	        Recheck Cond: ((id >= 2896168) AND (id <= 2897167))
	        ->  Bitmap Index Scan on sbtest5_pkey  (cost=0.00..21.58 rows=915 width=0)
	              Index Cond: ((id >= 2896168) AND (id <= 2897167))

table 6 : explain SELECT SUM(k) FROM sbtest6 WHERE id BETWEEN 8104106 AND 8105105
	Aggregate  (cost=3819.25..3819.26 rows=1 width=8)
	  ->  Bitmap Heap Scan on sbtest6  (cost=22.56..3816.78 rows=988 width=4)
	        Recheck Cond: ((id >= 8104106) AND (id <= 8105105))
	        ->  Bitmap Index Scan on sbtest6_pkey  (cost=0.00..22.32 rows=988 width=0)
	              Index Cond: ((id >= 8104106) AND (id <= 8105105))

table 7 : explain SELECT SUM(k) FROM sbtest7 WHERE id BETWEEN 8716206 AND 8717205
	Aggregate  (cost=3592.68..3592.69 rows=1 width=8)
	  ->  Bitmap Heap Scan on sbtest7  (cost=21.95..3590.36 rows=928 width=4)
	        Recheck Cond: ((id >= 8716206) AND (id <= 8717205))
	        ->  Bitmap Index Scan on sbtest7_pkey  (cost=0.00..21.71 rows=928 width=0)
	              Index Cond: ((id >= 8716206) AND (id <= 8717205))

table 8 : explain SELECT SUM(k) FROM sbtest8 WHERE id BETWEEN 3704019 AND 3705018
	Aggregate  (cost=4120.55..4120.56 rows=1 width=8)
	  ->  Bitmap Heap Scan on sbtest8  (cost=23.38..4117.88 rows=1068 width=4)
	        Recheck Cond: ((id >= 3704019) AND (id <= 3705018))
	        ->  Bitmap Index Scan on sbtest8_pkey  (cost=0.00..23.11 rows=1068 width=0)
	              Index Cond: ((id >= 3704019) AND (id <= 3705018))

for: sum_ranges
table 1 : explain SELECT SUM(k) FROM sbtest1 WHERE id BETWEEN 5130992 AND 5131991
	Aggregate  (cost=3963.34..3963.35 rows=1 width=8)
	  ->  Bitmap Heap Scan on sbtest1  (cost=22.96..3960.77 rows=1027 width=4)
	        Recheck Cond: ((id >= 5130992) AND (id <= 5131991))
	        ->  Bitmap Index Scan on sbtest1_pkey  (cost=0.00..22.70 rows=1027 width=0)
	              Index Cond: ((id >= 5130992) AND (id <= 5131991))

table 2 : explain SELECT SUM(k) FROM sbtest2 WHERE id BETWEEN 1114164 AND 1115163
	Aggregate  (cost=4005.79..4005.80 rows=1 width=8)
	  ->  Bitmap Heap Scan on sbtest2  (cost=23.07..4003.20 rows=1038 width=4)
	        Recheck Cond: ((id >= 1114164) AND (id <= 1115163))
	        ->  Bitmap Index Scan on sbtest2_pkey  (cost=0.00..22.82 rows=1038 width=0)
	              Index Cond: ((id >= 1114164) AND (id <= 1115163))

table 3 : explain SELECT SUM(k) FROM sbtest3 WHERE id BETWEEN 535288 AND 536287
	Aggregate  (cost=3798.80..3798.81 rows=1 width=8)
	  ->  Bitmap Heap Scan on sbtest3  (cost=22.51..3796.34 rows=983 width=4)
	        Recheck Cond: ((id >= 535288) AND (id <= 536287))
	        ->  Bitmap Index Scan on sbtest3_pkey  (cost=0.00..22.26 rows=983 width=0)
	              Index Cond: ((id >= 535288) AND (id <= 536287))

table 4 : explain SELECT SUM(k) FROM sbtest4 WHERE id BETWEEN 7645774 AND 7646773
	Aggregate  (cost=3822.20..3822.21 rows=1 width=8)
	  ->  Bitmap Heap Scan on sbtest4  (cost=22.57..3819.73 rows=989 width=4)
	        Recheck Cond: ((id >= 7645774) AND (id <= 7646773))
	        ->  Bitmap Index Scan on sbtest4_pkey  (cost=0.00..22.32 rows=989 width=0)
	              Index Cond: ((id >= 7645774) AND (id <= 7646773))

table 5 : explain SELECT SUM(k) FROM sbtest5 WHERE id BETWEEN 8493691 AND 8494690
	Aggregate  (cost=4018.22..4018.23 rows=1 width=8)
	  ->  Bitmap Heap Scan on sbtest5  (cost=23.11..4015.61 rows=1041 width=4)
	        Recheck Cond: ((id >= 8493691) AND (id <= 8494690))
	        ->  Bitmap Index Scan on sbtest5_pkey  (cost=0.00..22.84 rows=1041 width=0)
	              Index Cond: ((id >= 8493691) AND (id <= 8494690))

table 6 : explain SELECT SUM(k) FROM sbtest6 WHERE id BETWEEN 1847079 AND 1848078
	Aggregate  (cost=3483.07..3483.08 rows=1 width=8)
	  ->  Bitmap Heap Scan on sbtest6  (cost=21.65..3480.82 rows=899 width=4)
	        Recheck Cond: ((id >= 1847079) AND (id <= 1848078))
	        ->  Bitmap Index Scan on sbtest6_pkey  (cost=0.00..21.43 rows=899 width=0)
	              Index Cond: ((id >= 1847079) AND (id <= 1848078))

table 7 : explain SELECT SUM(k) FROM sbtest7 WHERE id BETWEEN 6493874 AND 6494873
	Aggregate  (cost=4026.44..4026.45 rows=1 width=8)
	  ->  Bitmap Heap Scan on sbtest7  (cost=23.13..4023.83 rows=1043 width=4)
	        Recheck Cond: ((id >= 6493874) AND (id <= 6494873))
	        ->  Bitmap Index Scan on sbtest7_pkey  (cost=0.00..22.86 rows=1043 width=0)
	              Index Cond: ((id >= 6493874) AND (id <= 6494873))

table 8 : explain SELECT SUM(k) FROM sbtest8 WHERE id BETWEEN 9567931 AND 9568930
	Aggregate  (cost=3905.95..3905.96 rows=1 width=8)
	  ->  Bitmap Heap Scan on sbtest8  (cost=22.80..3903.43 rows=1011 width=4)
	        Recheck Cond: ((id >= 9567931) AND (id <= 9568930))
	        ->  Bitmap Index Scan on sbtest8_pkey  (cost=0.00..22.54 rows=1011 width=0)
	              Index Cond: ((id >= 9567931) AND (id <= 9568930))

for: order_ranges
table 1 : explain SELECT c FROM sbtest1 WHERE id BETWEEN 1333294 AND 1334293 ORDER BY c
	Sort  (cost=4279.31..4282.05 rows=1097 width=121)
	  Sort Key: c
	  ->  Bitmap Heap Scan on sbtest1  (cost=27.68..4223.91 rows=1097 width=121)
	        Recheck Cond: ((id >= 1333294) AND (id <= 1334293))
	        ->  Bitmap Index Scan on sbtest1_pkey  (cost=0.00..27.40 rows=1097 width=0)
	              Index Cond: ((id >= 1333294) AND (id <= 1334293))

table 2 : explain SELECT c FROM sbtest2 WHERE id BETWEEN 1229600 AND 1230599 ORDER BY c
	Sort  (cost=4097.18..4099.80 rows=1049 width=121)
	  Sort Key: c
	  ->  Bitmap Heap Scan on sbtest2  (cost=23.19..4044.55 rows=1049 width=121)
	        Recheck Cond: ((id >= 1229600) AND (id <= 1230599))
	        ->  Bitmap Index Scan on sbtest2_pkey  (cost=0.00..22.93 rows=1049 width=0)
	              Index Cond: ((id >= 1229600) AND (id <= 1230599))

table 3 : explain SELECT c FROM sbtest3 WHERE id BETWEEN 3191432 AND 3192431 ORDER BY c
	Sort  (cost=4043.89..4046.48 rows=1035 width=121)
	  Sort Key: c
	  ->  Bitmap Heap Scan on sbtest3  (cost=23.04..3992.06 rows=1035 width=121)
	        Recheck Cond: ((id >= 3191432) AND (id <= 3192431))
	        ->  Bitmap Index Scan on sbtest3_pkey  (cost=0.00..22.79 rows=1035 width=0)
	              Index Cond: ((id >= 3191432) AND (id <= 3192431))

table 4 : explain SELECT c FROM sbtest4 WHERE id BETWEEN 1530662 AND 1531661 ORDER BY c
	Sort  (cost=4033.27..4035.85 rows=1032 width=121)
	  Sort Key: c
	  ->  Bitmap Heap Scan on sbtest4  (cost=23.01..3981.62 rows=1032 width=121)
	        Recheck Cond: ((id >= 1530662) AND (id <= 1531661))
	        ->  Bitmap Index Scan on sbtest4_pkey  (cost=0.00..22.75 rows=1032 width=0)
	              Index Cond: ((id >= 1530662) AND (id <= 1531661))

table 5 : explain SELECT c FROM sbtest5 WHERE id BETWEEN 3406231 AND 3407230 ORDER BY c
	Sort  (cost=3570.35..3572.63 rows=911 width=121)
	  Sort Key: c
	  ->  Bitmap Heap Scan on sbtest5  (cost=21.77..3525.57 rows=911 width=121)
	        Recheck Cond: ((id >= 3406231) AND (id <= 3407230))
	        ->  Bitmap Index Scan on sbtest5_pkey  (cost=0.00..21.54 rows=911 width=0)
	              Index Cond: ((id >= 3406231) AND (id <= 3407230))

table 6 : explain SELECT c FROM sbtest6 WHERE id BETWEEN 8407842 AND 8408841 ORDER BY c
	Sort  (cost=4259.55..4262.27 rows=1090 width=121)
	  Sort Key: c
	  ->  Bitmap Heap Scan on sbtest6  (cost=27.61..4204.56 rows=1090 width=121)
	        Recheck Cond: ((id >= 8407842) AND (id <= 8408841))
	        ->  Bitmap Index Scan on sbtest6_pkey  (cost=0.00..27.33 rows=1090 width=0)
	              Index Cond: ((id >= 8407842) AND (id <= 8408841))

table 7 : explain SELECT c FROM sbtest7 WHERE id BETWEEN 12566 AND 13565 ORDER BY c
	Sort  (cost=3804.65..3807.08 rows=972 width=121)
	  Sort Key: c
	  ->  Bitmap Heap Scan on sbtest7  (cost=22.40..3756.42 rows=972 width=121)
	        Recheck Cond: ((id >= 12566) AND (id <= 13565))
	        ->  Bitmap Index Scan on sbtest7_pkey  (cost=0.00..22.15 rows=972 width=0)
	              Index Cond: ((id >= 12566) AND (id <= 13565))

table 8 : explain SELECT c FROM sbtest8 WHERE id BETWEEN 3961676 AND 3962675 ORDER BY c
	Sort  (cost=3766.40..3768.81 rows=962 width=121)
	  Sort Key: c
	  ->  Bitmap Heap Scan on sbtest8  (cost=22.30..3718.74 rows=962 width=121)
	        Recheck Cond: ((id >= 3961676) AND (id <= 3962675))
	        ->  Bitmap Index Scan on sbtest8_pkey  (cost=0.00..22.05 rows=962 width=0)
	              Index Cond: ((id >= 3961676) AND (id <= 3962675))

for: simple_ranges
table 1 : explain SELECT c FROM sbtest1 WHERE id BETWEEN 4459614 AND 4460613
	Bitmap Heap Scan on sbtest1  (cost=21.74..3512.42 rows=908 width=121)
	  Recheck Cond: ((id >= 4459614) AND (id <= 4460613))
	  ->  Bitmap Index Scan on sbtest1_pkey  (cost=0.00..21.51 rows=908 width=0)
	        Index Cond: ((id >= 4459614) AND (id <= 4460613))

table 2 : explain SELECT c FROM sbtest2 WHERE id BETWEEN 3961612 AND 3962611
	Bitmap Heap Scan on sbtest2  (cost=22.38..3747.22 rows=970 width=121)
	  Recheck Cond: ((id >= 3961612) AND (id <= 3962611))
	  ->  Bitmap Index Scan on sbtest2_pkey  (cost=0.00..22.14 rows=970 width=0)
	        Index Cond: ((id >= 3961612) AND (id <= 3962611))

table 3 : explain SELECT c FROM sbtest3 WHERE id BETWEEN 2039620 AND 2040619
	Bitmap Heap Scan on sbtest3  (cost=23.54..4172.42 rows=1083 width=121)
	  Recheck Cond: ((id >= 2039620) AND (id <= 2040619))
	  ->  Bitmap Index Scan on sbtest3_pkey  (cost=0.00..23.26 rows=1083 width=0)
	        Index Cond: ((id >= 2039620) AND (id <= 2040619))

table 4 : explain SELECT c FROM sbtest4 WHERE id BETWEEN 555371 AND 556370
	Bitmap Heap Scan on sbtest4  (cost=22.62..3838.56 rows=994 width=121)
	  Recheck Cond: ((id >= 555371) AND (id <= 556370))
	  ->  Bitmap Index Scan on sbtest4_pkey  (cost=0.00..22.37 rows=994 width=0)
	        Index Cond: ((id >= 555371) AND (id <= 556370))

table 5 : explain SELECT c FROM sbtest5 WHERE id BETWEEN 7561244 AND 7562243
	Bitmap Heap Scan on sbtest5  (cost=21.97..3597.33 rows=930 width=121)
	  Recheck Cond: ((id >= 7561244) AND (id <= 7562243))
	  ->  Bitmap Index Scan on sbtest5_pkey  (cost=0.00..21.73 rows=930 width=0)
	        Index Cond: ((id >= 7561244) AND (id <= 7562243))

table 6 : explain SELECT c FROM sbtest6 WHERE id BETWEEN 7565981 AND 7566980
	Bitmap Heap Scan on sbtest6  (cost=22.74..3880.84 rows=1005 width=121)
	  Recheck Cond: ((id >= 7565981) AND (id <= 7566980))
	  ->  Bitmap Index Scan on sbtest6_pkey  (cost=0.00..22.48 rows=1005 width=0)
	        Index Cond: ((id >= 7565981) AND (id <= 7566980))

table 7 : explain SELECT c FROM sbtest7 WHERE id BETWEEN 5260080 AND 5261079
	Bitmap Heap Scan on sbtest7  (cost=28.60..4564.55 rows=1187 width=121)
	  Recheck Cond: ((id >= 5260080) AND (id <= 5261079))
	  ->  Bitmap Index Scan on sbtest7_pkey  (cost=0.00..28.30 rows=1187 width=0)
	        Index Cond: ((id >= 5260080) AND (id <= 5261079))

table 8 : explain SELECT c FROM sbtest8 WHERE id BETWEEN 2231683 AND 2232682
	Bitmap Heap Scan on sbtest8  (cost=22.38..3748.91 rows=970 width=121)
	  Recheck Cond: ((id >= 2231683) AND (id <= 2232682))
	  ->  Bitmap Index Scan on sbtest8_pkey  (cost=0.00..22.14 rows=970 width=0)
	        Index Cond: ((id >= 2231683) AND (id <= 2232682))

for: sum_ranges
table 1 : explain SELECT SUM(k) FROM sbtest1 WHERE id BETWEEN 5210876 AND 5211875
	Aggregate  (cost=3571.35..3571.36 rows=1 width=8)
	  ->  Bitmap Heap Scan on sbtest1  (cost=21.90..3569.04 rows=923 width=4)
	        Recheck Cond: ((id >= 5210876) AND (id <= 5211875))
	        ->  Bitmap Index Scan on sbtest1_pkey  (cost=0.00..21.66 rows=923 width=0)
	              Index Cond: ((id >= 5210876) AND (id <= 5211875))

table 2 : explain SELECT SUM(k) FROM sbtest2 WHERE id BETWEEN 1630446 AND 1631445
	Aggregate  (cost=3783.58..3783.59 rows=1 width=8)
	  ->  Bitmap Heap Scan on sbtest2  (cost=22.47..3781.14 rows=979 width=4)
	        Recheck Cond: ((id >= 1630446) AND (id <= 1631445))
	        ->  Bitmap Index Scan on sbtest2_pkey  (cost=0.00..22.22 rows=979 width=0)
	              Index Cond: ((id >= 1630446) AND (id <= 1631445))

table 3 : explain SELECT SUM(k) FROM sbtest3 WHERE id BETWEEN 1066976 AND 1067975
	Aggregate  (cost=3802.57..3802.58 rows=1 width=8)
	  ->  Bitmap Heap Scan on sbtest3  (cost=22.52..3800.11 rows=984 width=4)
	        Recheck Cond: ((id >= 1066976) AND (id <= 1067975))
	        ->  Bitmap Index Scan on sbtest3_pkey  (cost=0.00..22.27 rows=984 width=0)
	              Index Cond: ((id >= 1066976) AND (id <= 1067975))

table 4 : explain SELECT SUM(k) FROM sbtest4 WHERE id BETWEEN 565350 AND 566349
	Aggregate  (cost=3841.05..3841.06 rows=1 width=8)
	  ->  Bitmap Heap Scan on sbtest4  (cost=22.62..3838.56 rows=994 width=4)
	        Recheck Cond: ((id >= 565350) AND (id <= 566349))
	        ->  Bitmap Index Scan on sbtest4_pkey  (cost=0.00..22.37 rows=994 width=0)
	              Index Cond: ((id >= 565350) AND (id <= 566349))

table 5 : explain SELECT SUM(k) FROM sbtest5 WHERE id BETWEEN 2518545 AND 2519544
	Aggregate  (cost=3909.02..3909.03 rows=1 width=8)
	  ->  Bitmap Heap Scan on sbtest5  (cost=22.81..3906.49 rows=1012 width=4)
	        Recheck Cond: ((id >= 2518545) AND (id <= 2519544))
	        ->  Bitmap Index Scan on sbtest5_pkey  (cost=0.00..22.55 rows=1012 width=0)
	              Index Cond: ((id >= 2518545) AND (id <= 2519544))

table 6 : explain SELECT SUM(k) FROM sbtest6 WHERE id BETWEEN 8095377 AND 8096376
	Aggregate  (cost=3819.25..3819.26 rows=1 width=8)
	  ->  Bitmap Heap Scan on sbtest6  (cost=22.56..3816.78 rows=988 width=4)
	        Recheck Cond: ((id >= 8095377) AND (id <= 8096376))
	        ->  Bitmap Index Scan on sbtest6_pkey  (cost=0.00..22.32 rows=988 width=0)
	              Index Cond: ((id >= 8095377) AND (id <= 8096376))

table 7 : explain SELECT SUM(k) FROM sbtest7 WHERE id BETWEEN 1765457 AND 1766456
	Aggregate  (cost=3445.19..3445.20 rows=1 width=8)
	  ->  Bitmap Heap Scan on sbtest7  (cost=21.55..3442.96 rows=889 width=4)
	        Recheck Cond: ((id >= 1765457) AND (id <= 1766456))
	        ->  Bitmap Index Scan on sbtest7_pkey  (cost=0.00..21.32 rows=889 width=0)
	              Index Cond: ((id >= 1765457) AND (id <= 1766456))

table 8 : explain SELECT SUM(k) FROM sbtest8 WHERE id BETWEEN 8641527 AND 8642526
	Aggregate  (cost=3792.84..3792.85 rows=1 width=8)
	  ->  Bitmap Heap Scan on sbtest8  (cost=22.49..3790.39 rows=981 width=4)
	        Recheck Cond: ((id >= 8641527) AND (id <= 8642526))
	        ->  Bitmap Index Scan on sbtest8_pkey  (cost=0.00..22.25 rows=981 width=0)
	              Index Cond: ((id >= 8641527) AND (id <= 8642526))

for: sum_ranges
table 1 : explain SELECT SUM(k) FROM sbtest1 WHERE id BETWEEN 16521 AND 17520
	Aggregate  (cost=3921.95..3921.96 rows=1 width=8)
	  ->  Bitmap Heap Scan on sbtest1  (cost=22.85..3919.41 rows=1016 width=4)
	        Recheck Cond: ((id >= 16521) AND (id <= 17520))
	        ->  Bitmap Index Scan on sbtest1_pkey  (cost=0.00..22.59 rows=1016 width=0)
	              Index Cond: ((id >= 16521) AND (id <= 17520))

table 2 : explain SELECT SUM(k) FROM sbtest2 WHERE id BETWEEN 8992388 AND 8993387
	Aggregate  (cost=3979.45..3979.46 rows=1 width=8)
	  ->  Bitmap Heap Scan on sbtest2  (cost=23.00..3976.87 rows=1031 width=4)
	        Recheck Cond: ((id >= 8992388) AND (id <= 8993387))
	        ->  Bitmap Index Scan on sbtest2_pkey  (cost=0.00..22.75 rows=1031 width=0)
	              Index Cond: ((id >= 8992388) AND (id <= 8993387))

table 3 : explain SELECT SUM(k) FROM sbtest3 WHERE id BETWEEN 12468 AND 13467
	Aggregate  (cost=3990.88..3990.89 rows=1 width=8)
	  ->  Bitmap Heap Scan on sbtest3  (cost=23.03..3988.30 rows=1034 width=4)
	        Recheck Cond: ((id >= 12468) AND (id <= 13467))
	        ->  Bitmap Index Scan on sbtest3_pkey  (cost=0.00..22.77 rows=1034 width=0)
	              Index Cond: ((id >= 12468) AND (id <= 13467))

table 4 : explain SELECT SUM(k) FROM sbtest4 WHERE id BETWEEN 7221890 AND 7222889
	Aggregate  (cost=3614.64..3614.65 rows=1 width=8)
	  ->  Bitmap Heap Scan on sbtest4  (cost=22.01..3612.31 rows=934 width=4)
	        Recheck Cond: ((id >= 7221890) AND (id <= 7222889))
	        ->  Bitmap Index Scan on sbtest4_pkey  (cost=0.00..21.77 rows=934 width=0)
	              Index Cond: ((id >= 7221890) AND (id <= 7222889))

table 5 : explain SELECT SUM(k) FROM sbtest5 WHERE id BETWEEN 9986454 AND 9987453
	Aggregate  (cost=4025.74..4025.75 rows=1 width=8)
	  ->  Bitmap Heap Scan on sbtest5  (cost=23.13..4023.14 rows=1043 width=4)
	        Recheck Cond: ((id >= 9986454) AND (id <= 9987453))
	        ->  Bitmap Index Scan on sbtest5_pkey  (cost=0.00..22.86 rows=1043 width=0)
	              Index Cond: ((id >= 9986454) AND (id <= 9987453))

table 6 : explain SELECT SUM(k) FROM sbtest6 WHERE id BETWEEN 3379218 AND 3380217
	Aggregate  (cost=3834.34..3834.35 rows=1 width=8)
	  ->  Bitmap Heap Scan on sbtest6  (cost=22.60..3831.86 rows=992 width=4)
	        Recheck Cond: ((id >= 3379218) AND (id <= 3380217))
	        ->  Bitmap Index Scan on sbtest6_pkey  (cost=0.00..22.36 rows=992 width=0)
	              Index Cond: ((id >= 3379218) AND (id <= 3380217))

table 7 : explain SELECT SUM(k) FROM sbtest7 WHERE id BETWEEN 405741 AND 406740
	Aggregate  (cost=4112.99..4113.00 rows=1 width=8)
	  ->  Bitmap Heap Scan on sbtest7  (cost=23.36..4110.32 rows=1066 width=4)
	        Recheck Cond: ((id >= 405741) AND (id <= 406740))
	        ->  Bitmap Index Scan on sbtest7_pkey  (cost=0.00..23.09 rows=1066 width=0)
	              Index Cond: ((id >= 405741) AND (id <= 406740))

table 8 : explain SELECT SUM(k) FROM sbtest8 WHERE id BETWEEN 2396476 AND 2397475
	Aggregate  (cost=3811.70..3811.71 rows=1 width=8)
	  ->  Bitmap Heap Scan on sbtest8  (cost=22.54..3809.24 rows=986 width=4)
	        Recheck Cond: ((id >= 2396476) AND (id <= 2397475))
	        ->  Bitmap Index Scan on sbtest8_pkey  (cost=0.00..22.29 rows=986 width=0)
	              Index Cond: ((id >= 2396476) AND (id <= 2397475))

for: simple_ranges
table 1 : explain SELECT c FROM sbtest1 WHERE id BETWEEN 384558 AND 385557
	Bitmap Heap Scan on sbtest1  (cost=22.32..3723.65 rows=964 width=121)
	  Recheck Cond: ((id >= 384558) AND (id <= 385557))
	  ->  Bitmap Index Scan on sbtest1_pkey  (cost=0.00..22.07 rows=964 width=0)
	        Index Cond: ((id >= 384558) AND (id <= 385557))

table 2 : explain SELECT c FROM sbtest2 WHERE id BETWEEN 8518153 AND 8519152
	Bitmap Heap Scan on sbtest2  (cost=22.08..3637.87 rows=941 width=121)
	  Recheck Cond: ((id >= 8518153) AND (id <= 8519152))
	  ->  Bitmap Index Scan on sbtest2_pkey  (cost=0.00..21.84 rows=941 width=0)
	        Index Cond: ((id >= 8518153) AND (id <= 8519152))

table 3 : explain SELECT c FROM sbtest3 WHERE id BETWEEN 3408277 AND 3409276
	Bitmap Heap Scan on sbtest3  (cost=23.58..4187.43 rows=1087 width=121)
	  Recheck Cond: ((id >= 3408277) AND (id <= 3409276))
	  ->  Bitmap Index Scan on sbtest3_pkey  (cost=0.00..23.30 rows=1087 width=0)
	        Index Cond: ((id >= 3408277) AND (id <= 3409276))

table 4 : explain SELECT c FROM sbtest4 WHERE id BETWEEN 9526597 AND 9527596
	Bitmap Heap Scan on sbtest4  (cost=22.58..3823.49 rows=990 width=121)
	  Recheck Cond: ((id >= 9526597) AND (id <= 9527596))
	  ->  Bitmap Index Scan on sbtest4_pkey  (cost=0.00..22.33 rows=990 width=0)
	        Index Cond: ((id >= 9526597) AND (id <= 9527596))

table 5 : explain SELECT c FROM sbtest5 WHERE id BETWEEN 8653924 AND 8654923
	Bitmap Heap Scan on sbtest5  (cost=27.77..4260.10 rows=1106 width=121)
	  Recheck Cond: ((id >= 8653924) AND (id <= 8654923))
	  ->  Bitmap Index Scan on sbtest5_pkey  (cost=0.00..27.50 rows=1106 width=0)
	        Index Cond: ((id >= 8653924) AND (id <= 8654923))

table 6 : explain SELECT c FROM sbtest6 WHERE id BETWEEN 5566326 AND 5567325
	Bitmap Heap Scan on sbtest6  (cost=22.57..3820.55 rows=989 width=121)
	  Recheck Cond: ((id >= 5566326) AND (id <= 5567325))
	  ->  Bitmap Index Scan on sbtest6_pkey  (cost=0.00..22.32 rows=989 width=0)
	        Index Cond: ((id >= 5566326) AND (id <= 5567325))

table 7 : explain SELECT c FROM sbtest7 WHERE id BETWEEN 8974981 AND 8975980
	Bitmap Heap Scan on sbtest7  (cost=23.30..4087.77 rows=1060 width=121)
	  Recheck Cond: ((id >= 8974981) AND (id <= 8975980))
	  ->  Bitmap Index Scan on sbtest7_pkey  (cost=0.00..23.04 rows=1060 width=0)
	        Index Cond: ((id >= 8974981) AND (id <= 8975980))

table 8 : explain SELECT c FROM sbtest8 WHERE id BETWEEN 5400327 AND 5401326
	Bitmap Heap Scan on sbtest8  (cost=22.03..3620.61 rows=936 width=121)
	  Recheck Cond: ((id >= 5400327) AND (id <= 5401326))
	  ->  Bitmap Index Scan on sbtest8_pkey  (cost=0.00..21.79 rows=936 width=0)
	        Index Cond: ((id >= 5400327) AND (id <= 5401326))

for: sum_ranges
table 1 : explain SELECT SUM(k) FROM sbtest1 WHERE id BETWEEN 2884319 AND 2885318
	Aggregate  (cost=3793.90..3793.91 rows=1 width=8)
	  ->  Bitmap Heap Scan on sbtest1  (cost=22.50..3791.45 rows=982 width=4)
	        Recheck Cond: ((id >= 2884319) AND (id <= 2885318))
	        ->  Bitmap Index Scan on sbtest1_pkey  (cost=0.00..22.25 rows=982 width=0)
	              Index Cond: ((id >= 2884319) AND (id <= 2885318))

table 2 : explain SELECT SUM(k) FROM sbtest2 WHERE id BETWEEN 6240188 AND 6241187
	Aggregate  (cost=3907.93..3907.94 rows=1 width=8)
	  ->  Bitmap Heap Scan on sbtest2  (cost=22.81..3905.40 rows=1012 width=4)
	        Recheck Cond: ((id >= 6240188) AND (id <= 6241187))
	        ->  Bitmap Index Scan on sbtest2_pkey  (cost=0.00..22.55 rows=1012 width=0)
	              Index Cond: ((id >= 6240188) AND (id <= 6241187))

table 3 : explain SELECT SUM(k) FROM sbtest3 WHERE id BETWEEN 4619993 AND 4620992
	Aggregate  (cost=3636.58..3636.59 rows=1 width=8)
	  ->  Bitmap Heap Scan on sbtest3  (cost=22.07..3634.23 rows=940 width=4)
	        Recheck Cond: ((id >= 4619993) AND (id <= 4620992))
	        ->  Bitmap Index Scan on sbtest3_pkey  (cost=0.00..21.83 rows=940 width=0)
	              Index Cond: ((id >= 4619993) AND (id <= 4620992))

table 4 : explain SELECT SUM(k) FROM sbtest4 WHERE id BETWEEN 6463377 AND 6464376
	Aggregate  (cost=4209.84..4209.85 rows=1 width=8)
	  ->  Bitmap Heap Scan on sbtest4  (cost=23.63..4207.11 rows=1092 width=4)
	        Recheck Cond: ((id >= 6463377) AND (id <= 6464376))
	        ->  Bitmap Index Scan on sbtest4_pkey  (cost=0.00..23.36 rows=1092 width=0)
	              Index Cond: ((id >= 6463377) AND (id <= 6464376))

table 5 : explain SELECT SUM(k) FROM sbtest5 WHERE id BETWEEN 6372202 AND 6373201
	Aggregate  (cost=4093.46..4093.47 rows=1 width=8)
	  ->  Bitmap Heap Scan on sbtest5  (cost=23.31..4090.81 rows=1061 width=4)
	        Recheck Cond: ((id >= 6372202) AND (id <= 6373201))
	        ->  Bitmap Index Scan on sbtest5_pkey  (cost=0.00..23.04 rows=1061 width=0)
	              Index Cond: ((id >= 6372202) AND (id <= 6373201))

table 6 : explain SELECT SUM(k) FROM sbtest6 WHERE id BETWEEN 6362693 AND 6363692
	Aggregate  (cost=4000.14..4000.15 rows=1 width=8)
	  ->  Bitmap Heap Scan on sbtest6  (cost=23.05..3997.55 rows=1036 width=4)
	        Recheck Cond: ((id >= 6362693) AND (id <= 6363692))
	        ->  Bitmap Index Scan on sbtest6_pkey  (cost=0.00..22.79 rows=1036 width=0)
	              Index Cond: ((id >= 6362693) AND (id <= 6363692))

table 7 : explain SELECT SUM(k) FROM sbtest7 WHERE id BETWEEN 5733157 AND 5734156
	Aggregate  (cost=3664.47..3664.48 rows=1 width=8)
	  ->  Bitmap Heap Scan on sbtest7  (cost=22.14..3662.10 rows=947 width=4)
	        Recheck Cond: ((id >= 5733157) AND (id <= 5734156))
	        ->  Bitmap Index Scan on sbtest7_pkey  (cost=0.00..21.90 rows=947 width=0)
	              Index Cond: ((id >= 5733157) AND (id <= 5734156))

table 8 : explain SELECT SUM(k) FROM sbtest8 WHERE id BETWEEN 3002690 AND 3003689
	Aggregate  (cost=3728.69..3728.70 rows=1 width=8)
	  ->  Bitmap Heap Scan on sbtest8  (cost=22.32..3726.28 rows=964 width=4)
	        Recheck Cond: ((id >= 3002690) AND (id <= 3003689))
	        ->  Bitmap Index Scan on sbtest8_pkey  (cost=0.00..22.07 rows=964 width=0)
	              Index Cond: ((id >= 3002690) AND (id <= 3003689))

for: order_ranges
table 1 : explain SELECT c FROM sbtest1 WHERE id BETWEEN 5502457 AND 5503456 ORDER BY c
	Sort  (cost=3744.65..3747.04 rows=957 width=121)
	  Sort Key: c
	  ->  Bitmap Heap Scan on sbtest1  (cost=22.24..3697.27 rows=957 width=121)
	        Recheck Cond: ((id >= 5502457) AND (id <= 5503456))
	        ->  Bitmap Index Scan on sbtest1_pkey  (cost=0.00..22.00 rows=957 width=0)
	              Index Cond: ((id >= 5502457) AND (id <= 5503456))

table 2 : explain SELECT c FROM sbtest2 WHERE id BETWEEN 7218226 AND 7219225 ORDER BY c
	Sort  (cost=3669.03..3671.38 rows=937 width=121)
	  Sort Key: c
	  ->  Bitmap Heap Scan on sbtest2  (cost=22.04..3622.78 rows=937 width=121)
	        Recheck Cond: ((id >= 7218226) AND (id <= 7219225))
	        ->  Bitmap Index Scan on sbtest2_pkey  (cost=0.00..21.80 rows=937 width=0)
	              Index Cond: ((id >= 7218226) AND (id <= 7219225))

table 3 : explain SELECT c FROM sbtest3 WHERE id BETWEEN 2133930 AND 2134929 ORDER BY c
	Sort  (cost=3581.04..3583.32 rows=914 width=121)
	  Sort Key: c
	  ->  Bitmap Heap Scan on sbtest3  (cost=21.80..3536.08 rows=914 width=121)
	        Recheck Cond: ((id >= 2133930) AND (id <= 2134929))
	        ->  Bitmap Index Scan on sbtest3_pkey  (cost=0.00..21.57 rows=914 width=0)
	              Index Cond: ((id >= 2133930) AND (id <= 2134929))

table 4 : explain SELECT c FROM sbtest4 WHERE id BETWEEN 8995163 AND 8996162 ORDER BY c
	Sort  (cost=4308.23..4310.99 rows=1104 width=121)
	  Sort Key: c
	  ->  Bitmap Heap Scan on sbtest4  (cost=27.75..4252.43 rows=1104 width=121)
	        Recheck Cond: ((id >= 8995163) AND (id <= 8996162))
	        ->  Bitmap Index Scan on sbtest4_pkey  (cost=0.00..27.47 rows=1104 width=0)
	              Index Cond: ((id >= 8995163) AND (id <= 8996162))

table 5 : explain SELECT c FROM sbtest5 WHERE id BETWEEN 7189284 AND 7190283 ORDER BY c
	Sort  (cost=3589.52..3591.81 rows=916 width=121)
	  Sort Key: c
	  ->  Bitmap Heap Scan on sbtest5  (cost=21.82..3544.46 rows=916 width=121)
	        Recheck Cond: ((id >= 7189284) AND (id <= 7190283))
	        ->  Bitmap Index Scan on sbtest5_pkey  (cost=0.00..21.59 rows=916 width=0)
	              Index Cond: ((id >= 7189284) AND (id <= 7190283))

table 6 : explain SELECT c FROM sbtest6 WHERE id BETWEEN 9246320 AND 9247319 ORDER BY c
	Sort  (cost=4286.24..4288.99 rows=1097 width=121)
	  Sort Key: c
	  ->  Bitmap Heap Scan on sbtest6  (cost=27.68..4230.85 rows=1097 width=121)
	        Recheck Cond: ((id >= 9246320) AND (id <= 9247319))
	        ->  Bitmap Index Scan on sbtest6_pkey  (cost=0.00..27.40 rows=1097 width=0)
	              Index Cond: ((id >= 9246320) AND (id <= 9247319))

table 7 : explain SELECT c FROM sbtest7 WHERE id BETWEEN 9332844 AND 9333843 ORDER BY c
	Sort  (cost=4152.48..4155.14 rows=1063 width=121)
	  Sort Key: c
	  ->  Bitmap Heap Scan on sbtest7  (cost=23.33..4099.05 rows=1063 width=121)
	        Recheck Cond: ((id >= 9332844) AND (id <= 9333843))
	        ->  Bitmap Index Scan on sbtest7_pkey  (cost=0.00..23.07 rows=1063 width=0)
	              Index Cond: ((id >= 9332844) AND (id <= 9333843))

table 8 : explain SELECT c FROM sbtest8 WHERE id BETWEEN 1040894 AND 1041893 ORDER BY c
	Sort  (cost=3643.81..3646.13 rows=930 width=121)
	  Sort Key: c
	  ->  Bitmap Heap Scan on sbtest8  (cost=21.97..3597.95 rows=930 width=121)
	        Recheck Cond: ((id >= 1040894) AND (id <= 1041893))
	        ->  Bitmap Index Scan on sbtest8_pkey  (cost=0.00..21.73 rows=930 width=0)
	              Index Cond: ((id >= 1040894) AND (id <= 1041893))

explain: for point_selects :: explain SELECT c FROM sbtest%u WHERE id=%u
for: sum_ranges
table 1 : explain SELECT SUM(k) FROM sbtest1 WHERE id BETWEEN 6533162 AND 6534161
	Aggregate  (cost=4083.66..4083.67 rows=1 width=8)
	  ->  Bitmap Heap Scan on sbtest1  (cost=23.29..4081.02 rows=1059 width=4)
	        Recheck Cond: ((id >= 6533162) AND (id <= 6534161))
	        ->  Bitmap Index Scan on sbtest1_pkey  (cost=0.00..23.02 rows=1059 width=0)
	              Index Cond: ((id >= 6533162) AND (id <= 6534161))

table 2 : explain SELECT SUM(k) FROM sbtest2 WHERE id BETWEEN 3630410 AND 3631409
	Aggregate  (cost=3613.80..3613.81 rows=1 width=8)
	  ->  Bitmap Heap Scan on sbtest2  (cost=22.01..3611.46 rows=934 width=4)
	        Recheck Cond: ((id >= 3630410) AND (id <= 3631409))
	        ->  Bitmap Index Scan on sbtest2_pkey  (cost=0.00..21.77 rows=934 width=0)
	              Index Cond: ((id >= 3630410) AND (id <= 3631409))

table 3 : explain SELECT SUM(k) FROM sbtest3 WHERE id BETWEEN 2714602 AND 2715601
	Aggregate  (cost=3477.89..3477.90 rows=1 width=8)
	  ->  Bitmap Heap Scan on sbtest3  (cost=21.64..3475.64 rows=898 width=4)
	        Recheck Cond: ((id >= 2714602) AND (id <= 2715601))
	        ->  Bitmap Index Scan on sbtest3_pkey  (cost=0.00..21.41 rows=898 width=0)
	              Index Cond: ((id >= 2714602) AND (id <= 2715601))

table 4 : explain SELECT SUM(k) FROM sbtest4 WHERE id BETWEEN 9332321 AND 9333320
	Aggregate  (cost=4412.82..4412.83 rows=1 width=8)
	  ->  Bitmap Heap Scan on sbtest4  (cost=28.18..4409.96 rows=1146 width=4)
	        Recheck Cond: ((id >= 9332321) AND (id <= 9333320))
	        ->  Bitmap Index Scan on sbtest4_pkey  (cost=0.00..27.89 rows=1146 width=0)
	              Index Cond: ((id >= 9332321) AND (id <= 9333320))

table 5 : explain SELECT SUM(k) FROM sbtest5 WHERE id BETWEEN 3025591 AND 3026590
	Aggregate  (cost=3731.81..3731.82 rows=1 width=8)
	  ->  Bitmap Heap Scan on sbtest5  (cost=22.33..3729.39 rows=965 width=4)
	        Recheck Cond: ((id >= 3025591) AND (id <= 3026590))
	        ->  Bitmap Index Scan on sbtest5_pkey  (cost=0.00..22.08 rows=965 width=0)
	              Index Cond: ((id >= 3025591) AND (id <= 3026590))

table 6 : explain SELECT SUM(k) FROM sbtest6 WHERE id BETWEEN 9495638 AND 9496637
	Aggregate  (cost=3905.96..3905.97 rows=1 width=8)
	  ->  Bitmap Heap Scan on sbtest6  (cost=22.80..3903.44 rows=1011 width=4)
	        Recheck Cond: ((id >= 9495638) AND (id <= 9496637))
	        ->  Bitmap Index Scan on sbtest6_pkey  (cost=0.00..22.54 rows=1011 width=0)
	              Index Cond: ((id >= 9495638) AND (id <= 9496637))

table 7 : explain SELECT SUM(k) FROM sbtest7 WHERE id BETWEEN 3056531 AND 3057530
	Aggregate  (cost=3683.35..3683.36 rows=1 width=8)
	  ->  Bitmap Heap Scan on sbtest7  (cost=22.19..3680.97 rows=952 width=4)
	        Recheck Cond: ((id >= 3056531) AND (id <= 3057530))
	        ->  Bitmap Index Scan on sbtest7_pkey  (cost=0.00..21.95 rows=952 width=0)
	              Index Cond: ((id >= 3056531) AND (id <= 3057530))

table 8 : explain SELECT SUM(k) FROM sbtest8 WHERE id BETWEEN 5295315 AND 5296314
	Aggregate  (cost=3841.87..3841.88 rows=1 width=8)
	  ->  Bitmap Heap Scan on sbtest8  (cost=22.62..3839.39 rows=994 width=4)
	        Recheck Cond: ((id >= 5295315) AND (id <= 5296314))
	        ->  Bitmap Index Scan on sbtest8_pkey  (cost=0.00..22.37 rows=994 width=0)
	              Index Cond: ((id >= 5295315) AND (id <= 5296314))

for: order_ranges
table 1 : explain SELECT c FROM sbtest1 WHERE id BETWEEN 4037810 AND 4038809 ORDER BY c
	Sort  (cost=4168.54..4171.21 rows=1068 width=121)
	  Sort Key: c
	  ->  Bitmap Heap Scan on sbtest1  (cost=23.38..4114.81 rows=1068 width=121)
	        Recheck Cond: ((id >= 4037810) AND (id <= 4038809))
	        ->  Bitmap Index Scan on sbtest1_pkey  (cost=0.00..23.11 rows=1068 width=0)
	              Index Cond: ((id >= 4037810) AND (id <= 4038809))

table 2 : explain SELECT c FROM sbtest2 WHERE id BETWEEN 5671473 AND 5672472 ORDER BY c
	Sort  (cost=3803.00..3805.43 rows=972 width=121)
	  Sort Key: c
	  ->  Bitmap Heap Scan on sbtest2  (cost=22.40..3754.76 rows=972 width=121)
	        Recheck Cond: ((id >= 5671473) AND (id <= 5672472))
	        ->  Bitmap Index Scan on sbtest2_pkey  (cost=0.00..22.15 rows=972 width=0)
	              Index Cond: ((id >= 5671473) AND (id <= 5672472))

table 3 : explain SELECT c FROM sbtest3 WHERE id BETWEEN 7340259 AND 7341258 ORDER BY c
	Sort  (cost=3936.94..3939.46 rows=1007 width=121)
	  Sort Key: c
	  ->  Bitmap Heap Scan on sbtest3  (cost=22.76..3886.72 rows=1007 width=121)
	        Recheck Cond: ((id >= 7340259) AND (id <= 7341258))
	        ->  Bitmap Index Scan on sbtest3_pkey  (cost=0.00..22.50 rows=1007 width=0)
	              Index Cond: ((id >= 7340259) AND (id <= 7341258))

table 4 : explain SELECT c FROM sbtest4 WHERE id BETWEEN 5282115 AND 5283114 ORDER BY c
	Sort  (cost=3933.93..3936.44 rows=1006 width=121)
	  Sort Key: c
	  ->  Bitmap Heap Scan on sbtest4  (cost=22.75..3883.76 rows=1006 width=121)
	        Recheck Cond: ((id >= 5282115) AND (id <= 5283114))
	        ->  Bitmap Index Scan on sbtest4_pkey  (cost=0.00..22.50 rows=1006 width=0)
	              Index Cond: ((id >= 5282115) AND (id <= 5283114))

table 5 : explain SELECT c FROM sbtest5 WHERE id BETWEEN 4916009 AND 4917008 ORDER BY c
	Sort  (cost=3758.09..3760.49 rows=960 width=121)
	  Sort Key: c
	  ->  Bitmap Heap Scan on sbtest5  (cost=22.27..3710.54 rows=960 width=121)
	        Recheck Cond: ((id >= 4916009) AND (id <= 4917008))
	        ->  Bitmap Index Scan on sbtest5_pkey  (cost=0.00..22.04 rows=960 width=0)
	              Index Cond: ((id >= 4916009) AND (id <= 4917008))

table 6 : explain SELECT c FROM sbtest6 WHERE id BETWEEN 5567989 AND 5568988 ORDER BY c
	Sort  (cost=3869.75..3872.23 rows=989 width=121)
	  Sort Key: c
	  ->  Bitmap Heap Scan on sbtest6  (cost=22.57..3820.55 rows=989 width=121)
	        Recheck Cond: ((id >= 5567989) AND (id <= 5568988))
	        ->  Bitmap Index Scan on sbtest6_pkey  (cost=0.00..22.32 rows=989 width=0)
	              Index Cond: ((id >= 5567989) AND (id <= 5568988))

table 7 : explain SELECT c FROM sbtest7 WHERE id BETWEEN 4973895 AND 4974894 ORDER BY c
	Sort  (cost=4053.20..4055.80 rows=1037 width=121)
	  Sort Key: c
	  ->  Bitmap Heap Scan on sbtest7  (cost=23.06..4001.26 rows=1037 width=121)
	        Recheck Cond: ((id >= 4973895) AND (id <= 4974894))
	        ->  Bitmap Index Scan on sbtest7_pkey  (cost=0.00..22.80 rows=1037 width=0)
	              Index Cond: ((id >= 4973895) AND (id <= 4974894))

table 8 : explain SELECT c FROM sbtest8 WHERE id BETWEEN 6603400 AND 6604399 ORDER BY c
	Sort  (cost=4163.98..4166.64 rows=1066 width=121)
	  Sort Key: c
	  ->  Bitmap Heap Scan on sbtest8  (cost=23.36..4110.37 rows=1066 width=121)
	        Recheck Cond: ((id >= 6603400) AND (id <= 6604399))
	        ->  Bitmap Index Scan on sbtest8_pkey  (cost=0.00..23.09 rows=1066 width=0)
	              Index Cond: ((id >= 6603400) AND (id <= 6604399))

explain: for point_selects :: explain SELECT c FROM sbtest%u WHERE id=%u
for: simple_ranges
table 1 : explain SELECT c FROM sbtest1 WHERE id BETWEEN 3625666 AND 3626665
	Bitmap Heap Scan on sbtest1  (cost=22.81..3904.36 rows=1012 width=121)
	  Recheck Cond: ((id >= 3625666) AND (id <= 3626665))
	  ->  Bitmap Index Scan on sbtest1_pkey  (cost=0.00..22.55 rows=1012 width=0)
	        Index Cond: ((id >= 3625666) AND (id <= 3626665))

table 2 : explain SELECT c FROM sbtest2 WHERE id BETWEEN 5180912 AND 5181911
	Bitmap Heap Scan on sbtest2  (cost=22.98..3969.35 rows=1029 width=121)
	  Recheck Cond: ((id >= 5180912) AND (id <= 5181911))
	  ->  Bitmap Index Scan on sbtest2_pkey  (cost=0.00..22.72 rows=1029 width=0)
	        Index Cond: ((id >= 5180912) AND (id <= 5181911))

table 3 : explain SELECT c FROM sbtest3 WHERE id BETWEEN 3930547 AND 3931546
	Bitmap Heap Scan on sbtest3  (cost=23.09..4010.86 rows=1040 width=121)
	  Recheck Cond: ((id >= 3930547) AND (id <= 3931546))
	  ->  Bitmap Index Scan on sbtest3_pkey  (cost=0.00..22.83 rows=1040 width=0)
	        Index Cond: ((id >= 3930547) AND (id <= 3931546))

table 4 : explain SELECT c FROM sbtest4 WHERE id BETWEEN 5367623 AND 5368622
	Bitmap Heap Scan on sbtest4  (cost=23.60..4195.85 rows=1089 width=121)
	  Recheck Cond: ((id >= 5367623) AND (id <= 5368622))
	  ->  Bitmap Index Scan on sbtest4_pkey  (cost=0.00..23.32 rows=1089 width=0)
	        Index Cond: ((id >= 5367623) AND (id <= 5368622))

table 5 : explain SELECT c FROM sbtest5 WHERE id BETWEEN 109652 AND 110651
	Bitmap Heap Scan on sbtest5  (cost=22.59..3827.40 rows=991 width=121)
	  Recheck Cond: ((id >= 109652) AND (id <= 110651))
	  ->  Bitmap Index Scan on sbtest5_pkey  (cost=0.00..22.34 rows=991 width=0)
	        Index Cond: ((id >= 109652) AND (id <= 110651))

table 6 : explain SELECT c FROM sbtest6 WHERE id BETWEEN 7926747 AND 7927746
	Bitmap Heap Scan on sbtest6  (cost=22.32..3726.29 rows=964 width=121)
	  Recheck Cond: ((id >= 7926747) AND (id <= 7927746))
	  ->  Bitmap Index Scan on sbtest6_pkey  (cost=0.00..22.07 rows=964 width=0)
	        Index Cond: ((id >= 7926747) AND (id <= 7927746))

table 7 : explain SELECT c FROM sbtest7 WHERE id BETWEEN 5032754 AND 5033753
	Bitmap Heap Scan on sbtest7  (cost=22.91..3944.81 rows=1022 width=121)
	  Recheck Cond: ((id >= 5032754) AND (id <= 5033753))
	  ->  Bitmap Index Scan on sbtest7_pkey  (cost=0.00..22.65 rows=1022 width=0)
	        Index Cond: ((id >= 5032754) AND (id <= 5033753))

table 8 : explain SELECT c FROM sbtest8 WHERE id BETWEEN 150367 AND 151366
	Bitmap Heap Scan on sbtest8  (cost=21.88..3563.96 rows=921 width=121)
	  Recheck Cond: ((id >= 150367) AND (id <= 151366))
	  ->  Bitmap Index Scan on sbtest8_pkey  (cost=0.00..21.64 rows=921 width=0)
	        Index Cond: ((id >= 150367) AND (id <= 151366))

for: order_ranges
table 1 : explain SELECT c FROM sbtest1 WHERE id BETWEEN 9318105 AND 9319104 ORDER BY c
	Sort  (cost=4248.65..4251.37 rows=1090 width=121)
	  Sort Key: c
	  ->  Bitmap Heap Scan on sbtest1  (cost=23.61..4193.65 rows=1090 width=121)
	        Recheck Cond: ((id >= 9318105) AND (id <= 9319104))
	        ->  Bitmap Index Scan on sbtest1_pkey  (cost=0.00..23.33 rows=1090 width=0)
	              Index Cond: ((id >= 9318105) AND (id <= 9319104))

table 2 : explain SELECT c FROM sbtest2 WHERE id BETWEEN 3808379 AND 3809378 ORDER BY c
	Sort  (cost=4245.91..4248.63 rows=1088 width=121)
	  Sort Key: c
	  ->  Bitmap Heap Scan on sbtest2  (cost=23.59..4191.03 rows=1088 width=121)
	        Recheck Cond: ((id >= 3808379) AND (id <= 3809378))
	        ->  Bitmap Index Scan on sbtest2_pkey  (cost=0.00..23.32 rows=1088 width=0)
	              Index Cond: ((id >= 3808379) AND (id <= 3809378))

table 3 : explain SELECT c FROM sbtest3 WHERE id BETWEEN 5458837 AND 5459836 ORDER BY c
	Sort  (cost=3933.12..3935.64 rows=1006 width=121)
	  Sort Key: c
	  ->  Bitmap Heap Scan on sbtest3  (cost=22.75..3882.95 rows=1006 width=121)
	        Recheck Cond: ((id >= 5458837) AND (id <= 5459836))
	        ->  Bitmap Index Scan on sbtest3_pkey  (cost=0.00..22.50 rows=1006 width=0)
	              Index Cond: ((id >= 5458837) AND (id <= 5459836))

table 4 : explain SELECT c FROM sbtest4 WHERE id BETWEEN 7365166 AND 7366165 ORDER BY c
	Sort  (cost=3570.23..3572.51 rows=911 width=121)
	  Sort Key: c
	  ->  Bitmap Heap Scan on sbtest4  (cost=21.77..3525.45 rows=911 width=121)
	        Recheck Cond: ((id >= 7365166) AND (id <= 7366165))
	        ->  Bitmap Index Scan on sbtest4_pkey  (cost=0.00..21.54 rows=911 width=0)
	              Index Cond: ((id >= 7365166) AND (id <= 7366165))

table 5 : explain SELECT c FROM sbtest5 WHERE id BETWEEN 3142389 AND 3143388 ORDER BY c
	Sort  (cost=3532.00..3534.25 rows=901 width=121)
	  Sort Key: c
	  ->  Bitmap Heap Scan on sbtest5  (cost=21.67..3487.78 rows=901 width=121)
	        Recheck Cond: ((id >= 3142389) AND (id <= 3143388))
	        ->  Bitmap Index Scan on sbtest5_pkey  (cost=0.00..21.44 rows=901 width=0)
	              Index Cond: ((id >= 3142389) AND (id <= 3143388))

table 6 : explain SELECT c FROM sbtest6 WHERE id BETWEEN 9555916 AND 9556915 ORDER BY c
	Sort  (cost=3953.89..3956.42 rows=1011 width=121)
	  Sort Key: c
	  ->  Bitmap Heap Scan on sbtest6  (cost=22.80..3903.44 rows=1011 width=121)
	        Recheck Cond: ((id >= 9555916) AND (id <= 9556915))
	        ->  Bitmap Index Scan on sbtest6_pkey  (cost=0.00..22.54 rows=1011 width=0)
	              Index Cond: ((id >= 9555916) AND (id <= 9556915))

table 7 : explain SELECT c FROM sbtest7 WHERE id BETWEEN 8346380 AND 8347379 ORDER BY c
	Sort  (cost=3942.38..3944.90 rows=1008 width=121)
	  Sort Key: c
	  ->  Bitmap Heap Scan on sbtest7  (cost=22.77..3892.09 rows=1008 width=121)
	        Recheck Cond: ((id >= 8346380) AND (id <= 8347379))
	        ->  Bitmap Index Scan on sbtest7_pkey  (cost=0.00..22.51 rows=1008 width=0)
	              Index Cond: ((id >= 8346380) AND (id <= 8347379))

table 8 : explain SELECT c FROM sbtest8 WHERE id BETWEEN 1963532 AND 1964531 ORDER BY c
	Sort  (cost=3842.96..3845.42 rows=982 width=121)
	  Sort Key: c
	  ->  Bitmap Heap Scan on sbtest8  (cost=22.50..3794.16 rows=982 width=121)
	        Recheck Cond: ((id >= 1963532) AND (id <= 1964531))
	        ->  Bitmap Index Scan on sbtest8_pkey  (cost=0.00..22.25 rows=982 width=0)
	              Index Cond: ((id >= 1963532) AND (id <= 1964531))

for point_selects
table 1 : explain SELECT c FROM sbtest1 WHERE id=5727581
	Index Scan using sbtest1_pkey on sbtest1  (cost=0.43..8.45 rows=1 width=121)
	  Index Cond: (id = 5727581)

table 2 : explain SELECT c FROM sbtest2 WHERE id=3415353
	Index Scan using sbtest2_pkey on sbtest2  (cost=0.43..8.45 rows=1 width=121)
	  Index Cond: (id = 3415353)

table 3 : explain SELECT c FROM sbtest3 WHERE id=6761068
	Index Scan using sbtest3_pkey on sbtest3  (cost=0.43..8.45 rows=1 width=121)
	  Index Cond: (id = 6761068)

table 4 : explain SELECT c FROM sbtest4 WHERE id=3223174
	Index Scan using sbtest4_pkey on sbtest4  (cost=0.43..8.45 rows=1 width=121)
	  Index Cond: (id = 3223174)

table 5 : explain SELECT c FROM sbtest5 WHERE id=3676363
	Index Scan using sbtest5_pkey on sbtest5  (cost=0.43..8.45 rows=1 width=121)
	  Index Cond: (id = 3676363)

table 6 : explain SELECT c FROM sbtest6 WHERE id=9751106
	Index Scan using sbtest6_pkey on sbtest6  (cost=0.43..8.45 rows=1 width=121)
	  Index Cond: (id = 9751106)

table 7 : explain SELECT c FROM sbtest7 WHERE id=6511728
	Index Scan using sbtest7_pkey on sbtest7  (cost=0.43..8.45 rows=1 width=121)
	  Index Cond: (id = 6511728)

table 8 : explain SELECT c FROM sbtest8 WHERE id=3481729
	Index Scan using sbtest8_pkey on sbtest8  (cost=0.43..8.45 rows=1 width=121)
	  Index Cond: (id = 3481729)

for: distinct_ranges
table 1 : explain SELECT DISTINCT c FROM sbtest1 WHERE id BETWEEN 2483117 AND 2484116 ORDER BY c
	Unique  (cost=4477.20..4482.95 rows=1149 width=121)
	  ->  Sort  (cost=4477.20..4480.07 rows=1149 width=121)
	        Sort Key: c
	        ->  Bitmap Heap Scan on sbtest1  (cost=28.21..4418.80 rows=1149 width=121)
	              Recheck Cond: ((id >= 2483117) AND (id <= 2484116))
	              ->  Bitmap Index Scan on sbtest1_pkey  (cost=0.00..27.93 rows=1149 width=0)
	                    Index Cond: ((id >= 2483117) AND (id <= 2484116))

table 2 : explain SELECT DISTINCT c FROM sbtest2 WHERE id BETWEEN 5148413 AND 5149412 ORDER BY c
	Unique  (cost=4020.84..4025.98 rows=1029 width=121)
	  ->  Sort  (cost=4020.84..4023.41 rows=1029 width=121)
	        Sort Key: c
	        ->  Bitmap Heap Scan on sbtest2  (cost=22.98..3969.35 rows=1029 width=121)
	              Recheck Cond: ((id >= 5148413) AND (id <= 5149412))
	              ->  Bitmap Index Scan on sbtest2_pkey  (cost=0.00..22.72 rows=1029 width=0)
	                    Index Cond: ((id >= 5148413) AND (id <= 5149412))

table 3 : explain SELECT DISTINCT c FROM sbtest3 WHERE id BETWEEN 3846815 AND 3847814 ORDER BY c
	Unique  (cost=4089.69..4094.93 rows=1047 width=121)
	  ->  Sort  (cost=4089.69..4092.31 rows=1047 width=121)
	        Sort Key: c
	        ->  Bitmap Heap Scan on sbtest3  (cost=23.17..4037.18 rows=1047 width=121)
	              Recheck Cond: ((id >= 3846815) AND (id <= 3847814))
	              ->  Bitmap Index Scan on sbtest3_pkey  (cost=0.00..22.90 rows=1047 width=0)
	                    Index Cond: ((id >= 3846815) AND (id <= 3847814))

table 4 : explain SELECT DISTINCT c FROM sbtest4 WHERE id BETWEEN 332807 AND 333806 ORDER BY c
	Unique  (cost=4040.91..4046.08 rows=1034 width=121)
	  ->  Sort  (cost=4040.91..4043.50 rows=1034 width=121)
	        Sort Key: c
	        ->  Bitmap Heap Scan on sbtest4  (cost=23.03..3989.14 rows=1034 width=121)
	              Recheck Cond: ((id >= 332807) AND (id <= 333806))
	              ->  Bitmap Index Scan on sbtest4_pkey  (cost=0.00..22.77 rows=1034 width=0)
	                    Index Cond: ((id >= 332807) AND (id <= 333806))

table 5 : explain SELECT DISTINCT c FROM sbtest5 WHERE id BETWEEN 8475717 AND 8476716 ORDER BY c
	Unique  (cost=4067.79..4072.99 rows=1041 width=121)
	  ->  Sort  (cost=4067.79..4070.39 rows=1041 width=121)
	        Sort Key: c
	        ->  Bitmap Heap Scan on sbtest5  (cost=23.11..4015.61 rows=1041 width=121)
	              Recheck Cond: ((id >= 8475717) AND (id <= 8476716))
	              ->  Bitmap Index Scan on sbtest5_pkey  (cost=0.00..22.84 rows=1041 width=0)
	                    Index Cond: ((id >= 8475717) AND (id <= 8476716))

table 6 : explain SELECT DISTINCT c FROM sbtest6 WHERE id BETWEEN 8588107 AND 8589106 ORDER BY c
	Unique  (cost=4079.99..4085.21 rows=1044 width=121)
	  ->  Sort  (cost=4079.99..4082.60 rows=1044 width=121)
	        Sort Key: c
	        ->  Bitmap Heap Scan on sbtest6  (cost=23.14..4027.65 rows=1044 width=121)
	              Recheck Cond: ((id >= 8588107) AND (id <= 8589106))
	              ->  Bitmap Index Scan on sbtest6_pkey  (cost=0.00..22.87 rows=1044 width=0)
	                    Index Cond: ((id >= 8588107) AND (id <= 8589106))

table 7 : explain SELECT DISTINCT c FROM sbtest7 WHERE id BETWEEN 5617954 AND 5618953 ORDER BY c
	Unique  (cost=4133.40..4138.69 rows=1058 width=121)
	  ->  Sort  (cost=4133.40..4136.04 rows=1058 width=121)
	        Sort Key: c
	        ->  Bitmap Heap Scan on sbtest7  (cost=23.28..4080.25 rows=1058 width=121)
	              Recheck Cond: ((id >= 5617954) AND (id <= 5618953))
	              ->  Bitmap Index Scan on sbtest7_pkey  (cost=0.00..23.01 rows=1058 width=0)
	                    Index Cond: ((id >= 5617954) AND (id <= 5618953))

table 8 : explain SELECT DISTINCT c FROM sbtest8 WHERE id BETWEEN 3393149 AND 3394148 ORDER BY c
	Unique  (cost=3777.89..3782.71 rows=965 width=121)
	  ->  Sort  (cost=3777.89..3780.30 rows=965 width=121)
	        Sort Key: c
	        ->  Bitmap Heap Scan on sbtest8  (cost=22.33..3730.05 rows=965 width=121)
	              Recheck Cond: ((id >= 3393149) AND (id <= 3394148))
	              ->  Bitmap Index Scan on sbtest8_pkey  (cost=0.00..22.08 rows=965 width=0)
	                    Index Cond: ((id >= 3393149) AND (id <= 3394148))

for: distinct_ranges
table 1 : explain SELECT DISTINCT c FROM sbtest1 WHERE id BETWEEN 6991348 AND 6992347 ORDER BY c
	Unique  (cost=4096.09..4101.33 rows=1049 width=121)
	  ->  Sort  (cost=4096.09..4098.71 rows=1049 width=121)
	        Sort Key: c
	        ->  Bitmap Heap Scan on sbtest1  (cost=23.19..4043.45 rows=1049 width=121)
	              Recheck Cond: ((id >= 6991348) AND (id <= 6992347))
	              ->  Bitmap Index Scan on sbtest1_pkey  (cost=0.00..22.93 rows=1049 width=0)
	                    Index Cond: ((id >= 6991348) AND (id <= 6992347))

table 2 : explain SELECT DISTINCT c FROM sbtest2 WHERE id BETWEEN 3401663 AND 3402662 ORDER BY c
	Unique  (cost=4062.83..4068.03 rows=1040 width=121)
	  ->  Sort  (cost=4062.83..4065.43 rows=1040 width=121)
	        Sort Key: c
	        ->  Bitmap Heap Scan on sbtest2  (cost=23.09..4010.72 rows=1040 width=121)
	              Recheck Cond: ((id >= 3401663) AND (id <= 3402662))
	              ->  Bitmap Index Scan on sbtest2_pkey  (cost=0.00..22.83 rows=1040 width=0)
	                    Index Cond: ((id >= 3401663) AND (id <= 3402662))

table 3 : explain SELECT DISTINCT c FROM sbtest3 WHERE id BETWEEN 6917041 AND 6918040 ORDER BY c
	Unique  (cost=3780.17..3785.00 rows=966 width=121)
	  ->  Sort  (cost=3780.17..3782.59 rows=966 width=121)
	        Sort Key: c
	        ->  Bitmap Heap Scan on sbtest3  (cost=22.34..3732.28 rows=966 width=121)
	              Recheck Cond: ((id >= 6917041) AND (id <= 6918040))
	              ->  Bitmap Index Scan on sbtest3_pkey  (cost=0.00..22.09 rows=966 width=0)
	                    Index Cond: ((id >= 6917041) AND (id <= 6918040))

table 4 : explain SELECT DISTINCT c FROM sbtest4 WHERE id BETWEEN 3826323 AND 3827322 ORDER BY c
	Unique  (cost=3715.85..3720.59 rows=949 width=121)
	  ->  Sort  (cost=3715.85..3718.22 rows=949 width=121)
	        Sort Key: c
	        ->  Bitmap Heap Scan on sbtest4  (cost=22.16..3668.92 rows=949 width=121)
	              Recheck Cond: ((id >= 3826323) AND (id <= 3827322))
	              ->  Bitmap Index Scan on sbtest4_pkey  (cost=0.00..21.93 rows=949 width=0)
	                    Index Cond: ((id >= 3826323) AND (id <= 3827322))

table 5 : explain SELECT DISTINCT c FROM sbtest5 WHERE id BETWEEN 835217 AND 836216 ORDER BY c
	Unique  (cost=4044.87..4050.05 rows=1035 width=121)
	  ->  Sort  (cost=4044.87..4047.46 rows=1035 width=121)
	        Sort Key: c
	        ->  Bitmap Heap Scan on sbtest5  (cost=23.04..3993.04 rows=1035 width=121)
	              Recheck Cond: ((id >= 835217) AND (id <= 836216))
	              ->  Bitmap Index Scan on sbtest5_pkey  (cost=0.00..22.79 rows=1035 width=0)
	                    Index Cond: ((id >= 835217) AND (id <= 836216))

table 6 : explain SELECT DISTINCT c FROM sbtest6 WHERE id BETWEEN 8872160 AND 8873159 ORDER BY c
	Unique  (cost=3858.28..3863.21 rows=986 width=121)
	  ->  Sort  (cost=3858.28..3860.74 rows=986 width=121)
	        Sort Key: c
	        ->  Bitmap Heap Scan on sbtest6  (cost=22.54..3809.24 rows=986 width=121)
	              Recheck Cond: ((id >= 8872160) AND (id <= 8873159))
	              ->  Bitmap Index Scan on sbtest6_pkey  (cost=0.00..22.29 rows=986 width=0)
	                    Index Cond: ((id >= 8872160) AND (id <= 8873159))

table 7 : explain SELECT DISTINCT c FROM sbtest7 WHERE id BETWEEN 6196998 AND 6197997 ORDER BY c
	Unique  (cost=4217.35..4222.75 rows=1080 width=121)
	  ->  Sort  (cost=4217.35..4220.05 rows=1080 width=121)
	        Sort Key: c
	        ->  Bitmap Heap Scan on sbtest7  (cost=23.50..4162.94 rows=1080 width=121)
	              Recheck Cond: ((id >= 6196998) AND (id <= 6197997))
	              ->  Bitmap Index Scan on sbtest7_pkey  (cost=0.00..23.23 rows=1080 width=0)
	                    Index Cond: ((id >= 6196998) AND (id <= 6197997))

table 8 : explain SELECT DISTINCT c FROM sbtest8 WHERE id BETWEEN 347863 AND 348862 ORDER BY c
	Unique  (cost=4305.30..4310.81 rows=1102 width=121)
	  ->  Sort  (cost=4305.30..4308.05 rows=1102 width=121)
	        Sort Key: c
	        ->  Bitmap Heap Scan on sbtest8  (cost=27.73..4249.61 rows=1102 width=121)
	              Recheck Cond: ((id >= 347863) AND (id <= 348862))
	              ->  Bitmap Index Scan on sbtest8_pkey  (cost=0.00..27.45 rows=1102 width=0)
	                    Index Cond: ((id >= 347863) AND (id <= 348862))

for: order_ranges
table 1 : explain SELECT c FROM sbtest1 WHERE id BETWEEN 2830709 AND 2831708 ORDER BY c
	Sort  (cost=3931.96..3934.47 rows=1006 width=121)
	  Sort Key: c
	  ->  Bitmap Heap Scan on sbtest1  (cost=22.75..3881.79 rows=1006 width=121)
	        Recheck Cond: ((id >= 2830709) AND (id <= 2831708))
	        ->  Bitmap Index Scan on sbtest1_pkey  (cost=0.00..22.50 rows=1006 width=0)
	              Index Cond: ((id >= 2830709) AND (id <= 2831708))

table 2 : explain SELECT c FROM sbtest2 WHERE id BETWEEN 4929729 AND 4930728 ORDER BY c
	Sort  (cost=3986.47..3989.02 rows=1020 width=121)
	  Sort Key: c
	  ->  Bitmap Heap Scan on sbtest2  (cost=22.89..3935.50 rows=1020 width=121)
	        Recheck Cond: ((id >= 4929729) AND (id <= 4930728))
	        ->  Bitmap Index Scan on sbtest2_pkey  (cost=0.00..22.64 rows=1020 width=0)
	              Index Cond: ((id >= 4929729) AND (id <= 4930728))

table 3 : explain SELECT c FROM sbtest3 WHERE id BETWEEN 1606872 AND 1607871 ORDER BY c
	Sort  (cost=3944.59..3947.11 rows=1009 width=121)
	  Sort Key: c
	  ->  Bitmap Heap Scan on sbtest3  (cost=22.78..3894.24 rows=1009 width=121)
	        Recheck Cond: ((id >= 1606872) AND (id <= 1607871))
	        ->  Bitmap Index Scan on sbtest3_pkey  (cost=0.00..22.52 rows=1009 width=0)
	              Index Cond: ((id >= 1606872) AND (id <= 1607871))

table 4 : explain SELECT c FROM sbtest4 WHERE id BETWEEN 9178437 AND 9179436 ORDER BY c
	Sort  (cost=3811.55..3813.98 rows=974 width=121)
	  Sort Key: c
	  ->  Bitmap Heap Scan on sbtest4  (cost=22.42..3763.20 rows=974 width=121)
	        Recheck Cond: ((id >= 9178437) AND (id <= 9179436))
	        ->  Bitmap Index Scan on sbtest4_pkey  (cost=0.00..22.18 rows=974 width=0)
	              Index Cond: ((id >= 9178437) AND (id <= 9179436))

table 5 : explain SELECT c FROM sbtest5 WHERE id BETWEEN 3302911 AND 3303910 ORDER BY c
	Sort  (cost=3386.14..3388.30 rows=863 width=121)
	  Sort Key: c
	  ->  Bitmap Heap Scan on sbtest5  (cost=21.28..3344.06 rows=863 width=121)
	        Recheck Cond: ((id >= 3302911) AND (id <= 3303910))
	        ->  Bitmap Index Scan on sbtest5_pkey  (cost=0.00..21.07 rows=863 width=0)
	              Index Cond: ((id >= 3302911) AND (id <= 3303910))

table 6 : explain SELECT c FROM sbtest6 WHERE id BETWEEN 9556806 AND 9557805 ORDER BY c
	Sort  (cost=3953.89..3956.42 rows=1011 width=121)
	  Sort Key: c
	  ->  Bitmap Heap Scan on sbtest6  (cost=22.80..3903.44 rows=1011 width=121)
	        Recheck Cond: ((id >= 9556806) AND (id <= 9557805))
	        ->  Bitmap Index Scan on sbtest6_pkey  (cost=0.00..22.54 rows=1011 width=0)
	              Index Cond: ((id >= 9556806) AND (id <= 9557805))

table 7 : explain SELECT c FROM sbtest7 WHERE id BETWEEN 9619023 AND 9620022 ORDER BY c
	Sort  (cost=4274.75..4277.49 rows=1094 width=121)
	  Sort Key: c
	  ->  Bitmap Heap Scan on sbtest7  (cost=27.65..4219.53 rows=1094 width=121)
	        Recheck Cond: ((id >= 9619023) AND (id <= 9620022))
	        ->  Bitmap Index Scan on sbtest7_pkey  (cost=0.00..27.37 rows=1094 width=0)
	              Index Cond: ((id >= 9619023) AND (id <= 9620022))

table 8 : explain SELECT c FROM sbtest8 WHERE id BETWEEN 4834258 AND 4835257 ORDER BY c
	Sort  (cost=3999.75..4002.31 rows=1023 width=121)
	  Sort Key: c
	  ->  Bitmap Heap Scan on sbtest8  (cost=22.92..3948.61 rows=1023 width=121)
	        Recheck Cond: ((id >= 4834258) AND (id <= 4835257))
	        ->  Bitmap Index Scan on sbtest8_pkey  (cost=0.00..22.66 rows=1023 width=0)
	              Index Cond: ((id >= 4834258) AND (id <= 4835257))

for: distinct_ranges
table 1 : explain SELECT DISTINCT c FROM sbtest1 WHERE id BETWEEN 1250071 AND 1251070 ORDER BY c
	Unique  (cost=4355.46..4361.04 rows=1117 width=121)
	  ->  Sort  (cost=4355.46..4358.25 rows=1117 width=121)
	        Sort Key: c
	        ->  Bitmap Heap Scan on sbtest1  (cost=27.88..4298.91 rows=1117 width=121)
	              Recheck Cond: ((id >= 1250071) AND (id <= 1251070))
	              ->  Bitmap Index Scan on sbtest1_pkey  (cost=0.00..27.61 rows=1117 width=0)
	                    Index Cond: ((id >= 1250071) AND (id <= 1251070))

table 2 : explain SELECT DISTINCT c FROM sbtest2 WHERE id BETWEEN 795301 AND 796300 ORDER BY c
	Unique  (cost=3795.35..3800.20 rows=970 width=121)
	  ->  Sort  (cost=3795.35..3797.77 rows=970 width=121)
	        Sort Key: c
	        ->  Bitmap Heap Scan on sbtest2  (cost=22.38..3747.22 rows=970 width=121)
	              Recheck Cond: ((id >= 795301) AND (id <= 796300))
	              ->  Bitmap Index Scan on sbtest2_pkey  (cost=0.00..22.14 rows=970 width=0)
	                    Index Cond: ((id >= 795301) AND (id <= 796300))

table 3 : explain SELECT DISTINCT c FROM sbtest3 WHERE id BETWEEN 2610898 AND 2611897 ORDER BY c
	Unique  (cost=3998.07..4003.18 rows=1023 width=121)
	  ->  Sort  (cost=3998.07..4000.63 rows=1023 width=121)
	        Sort Key: c
	        ->  Bitmap Heap Scan on sbtest3  (cost=22.92..3946.93 rows=1023 width=121)
	              Recheck Cond: ((id >= 2610898) AND (id <= 2611897))
	              ->  Bitmap Index Scan on sbtest3_pkey  (cost=0.00..22.66 rows=1023 width=0)
	                    Index Cond: ((id >= 2610898) AND (id <= 2611897))

table 4 : explain SELECT DISTINCT c FROM sbtest4 WHERE id BETWEEN 5188385 AND 5189384 ORDER BY c
	Unique  (cost=3903.35..3908.34 rows=998 width=121)
	  ->  Sort  (cost=3903.35..3905.84 rows=998 width=121)
	        Sort Key: c
	        ->  Bitmap Heap Scan on sbtest4  (cost=22.66..3853.63 rows=998 width=121)
	              Recheck Cond: ((id >= 5188385) AND (id <= 5189384))
	              ->  Bitmap Index Scan on sbtest4_pkey  (cost=0.00..22.41 rows=998 width=0)
	                    Index Cond: ((id >= 5188385) AND (id <= 5189384))

table 5 : explain SELECT DISTINCT c FROM sbtest5 WHERE id BETWEEN 5701491 AND 5702490 ORDER BY c
	Unique  (cost=4060.15..4065.34 rows=1039 width=121)
	  ->  Sort  (cost=4060.15..4062.75 rows=1039 width=121)
	        Sort Key: c
	        ->  Bitmap Heap Scan on sbtest5  (cost=23.08..4008.09 rows=1039 width=121)
	              Recheck Cond: ((id >= 5701491) AND (id <= 5702490))
	              ->  Bitmap Index Scan on sbtest5_pkey  (cost=0.00..22.82 rows=1039 width=0)
	                    Index Cond: ((id >= 5701491) AND (id <= 5702490))

table 6 : explain SELECT DISTINCT c FROM sbtest6 WHERE id BETWEEN 8234419 AND 8235418 ORDER BY c
	Unique  (cost=3743.43..3748.21 rows=956 width=121)
	  ->  Sort  (cost=3743.43..3745.82 rows=956 width=121)
	        Sort Key: c
	        ->  Bitmap Heap Scan on sbtest6  (cost=22.23..3696.11 rows=956 width=121)
	              Recheck Cond: ((id >= 8234419) AND (id <= 8235418))
	              ->  Bitmap Index Scan on sbtest6_pkey  (cost=0.00..22.00 rows=956 width=0)
	                    Index Cond: ((id >= 8234419) AND (id <= 8235418))

table 7 : explain SELECT DISTINCT c FROM sbtest7 WHERE id BETWEEN 4560588 AND 4561587 ORDER BY c
	Unique  (cost=3697.42..3702.14 rows=944 width=121)
	  ->  Sort  (cost=3697.42..3699.78 rows=944 width=121)
	        Sort Key: c
	        ->  Bitmap Heap Scan on sbtest7  (cost=22.11..3650.78 rows=944 width=121)
	              Recheck Cond: ((id >= 4560588) AND (id <= 4561587))
	              ->  Bitmap Index Scan on sbtest7_pkey  (cost=0.00..21.87 rows=944 width=0)
	                    Index Cond: ((id >= 4560588) AND (id <= 4561587))

table 8 : explain SELECT DISTINCT c FROM sbtest8 WHERE id BETWEEN 4168036 AND 4169035 ORDER BY c
	Unique  (cost=3693.63..3698.34 rows=943 width=121)
	  ->  Sort  (cost=3693.63..3695.98 rows=943 width=121)
	        Sort Key: c
	        ->  Bitmap Heap Scan on sbtest8  (cost=22.10..3647.04 rows=943 width=121)
	              Recheck Cond: ((id >= 4168036) AND (id <= 4169035))
	              ->  Bitmap Index Scan on sbtest8_pkey  (cost=0.00..21.86 rows=943 width=0)
	                    Index Cond: ((id >= 4168036) AND (id <= 4169035))
for: order_ranges
table 1 : explain SELECT c FROM sbtest1 WHERE id BETWEEN 1726400 AND 1727399 ORDER BY c
	Sort  (cost=4374.49..4377.29 rows=1122 width=121)
	  Sort Key: c
	  ->  Bitmap Heap Scan on sbtest1  (cost=27.94..4317.65 rows=1122 width=121)
	        Recheck Cond: ((id >= 1726400) AND (id <= 1727399))
	        ->  Bitmap Index Scan on sbtest1_pkey  (cost=0.00..27.65 rows=1122 width=0)
	              Index Cond: ((id >= 1726400) AND (id <= 1727399))

table 2 : explain SELECT c FROM sbtest2 WHERE id BETWEEN 1171029 AND 1172028 ORDER BY c
	Sort  (cost=4055.20..4057.79 rows=1038 width=121)
	  Sort Key: c
	  ->  Bitmap Heap Scan on sbtest2  (cost=23.07..4003.20 rows=1038 width=121)
	        Recheck Cond: ((id >= 1171029) AND (id <= 1172028))
	        ->  Bitmap Index Scan on sbtest2_pkey  (cost=0.00..22.82 rows=1038 width=0)
	              Index Cond: ((id >= 1171029) AND (id <= 1172028))

table 3 : explain SELECT c FROM sbtest3 WHERE id BETWEEN 9213272 AND 9214271 ORDER BY c
	Sort  (cost=4177.44..4180.11 rows=1070 width=121)
	  Sort Key: c
	  ->  Bitmap Heap Scan on sbtest3  (cost=23.40..4123.60 rows=1070 width=121)
	        Recheck Cond: ((id >= 9213272) AND (id <= 9214271))
	        ->  Bitmap Index Scan on sbtest3_pkey  (cost=0.00..23.14 rows=1070 width=0)
	              Index Cond: ((id >= 9213272) AND (id <= 9214271))

table 4 : explain SELECT c FROM sbtest4 WHERE id BETWEEN 924676 AND 925675 ORDER BY c
	Sort  (cost=3849.80..3852.26 rows=984 width=121)
	  Sort Key: c
	  ->  Bitmap Heap Scan on sbtest4  (cost=22.52..3800.89 rows=984 width=121)
	        Recheck Cond: ((id >= 924676) AND (id <= 925675))
	        ->  Bitmap Index Scan on sbtest4_pkey  (cost=0.00..22.27 rows=984 width=0)
	              Index Cond: ((id >= 924676) AND (id <= 925675))

table 5 : explain SELECT c FROM sbtest5 WHERE id BETWEEN 9742914 AND 9743913 ORDER BY c
	Sort  (cost=3880.54..3883.02 rows=992 width=121)
	  Sort Key: c
	  ->  Bitmap Heap Scan on sbtest5  (cost=22.60..3831.16 rows=992 width=121)
	        Recheck Cond: ((id >= 9742914) AND (id <= 9743913))
	        ->  Bitmap Index Scan on sbtest5_pkey  (cost=0.00..22.36 rows=992 width=0)
	              Index Cond: ((id >= 9742914) AND (id <= 9743913))

table 6 : explain SELECT c FROM sbtest6 WHERE id BETWEEN 6453477 AND 6454476 ORDER BY c
	Sort  (cost=4190.70..4193.38 rows=1073 width=121)
	  Sort Key: c
	  ->  Bitmap Heap Scan on sbtest6  (cost=23.43..4136.69 rows=1073 width=121)
	        Recheck Cond: ((id >= 6453477) AND (id <= 6454476))
	        ->  Bitmap Index Scan on sbtest6_pkey  (cost=0.00..23.16 rows=1073 width=0)
	              Index Cond: ((id >= 6453477) AND (id <= 6454476))

table 7 : explain SELECT c FROM sbtest7 WHERE id BETWEEN 3561254 AND 3562253 ORDER BY c
	Sort  (cost=4316.77..4319.54 rows=1106 width=121)
	  Sort Key: c
	  ->  Bitmap Heap Scan on sbtest7  (cost=27.77..4260.86 rows=1106 width=121)
	        Recheck Cond: ((id >= 3561254) AND (id <= 3562253))
	        ->  Bitmap Index Scan on sbtest7_pkey  (cost=0.00..27.50 rows=1106 width=0)
	              Index Cond: ((id >= 3561254) AND (id <= 3562253))

table 8 : explain SELECT c FROM sbtest8 WHERE id BETWEEN 1962499 AND 1963498 ORDER BY c
	Sort  (cost=3842.96..3845.42 rows=982 width=121)
	  Sort Key: c
	  ->  Bitmap Heap Scan on sbtest8  (cost=22.50..3794.16 rows=982 width=121)
	        Recheck Cond: ((id >= 1962499) AND (id <= 1963498))
	        ->  Bitmap Index Scan on sbtest8_pkey  (cost=0.00..22.25 rows=982 width=0)
	              Index Cond: ((id >= 1962499) AND (id <= 1963498))


for: distinct_ranges
table 1 : explain SELECT DISTINCT c FROM sbtest1 WHERE id BETWEEN 5084681 AND 5085680 ORDER BY c
	Unique  (cost=4107.53..4112.79 rows=1052 width=121)
	  ->  Sort  (cost=4107.53..4110.16 rows=1052 width=121)
	        Sort Key: c
	        ->  Bitmap Heap Scan on sbtest1  (cost=23.22..4054.72 rows=1052 width=121)
	              Recheck Cond: ((id >= 5084681) AND (id <= 5085680))
	              ->  Bitmap Index Scan on sbtest1_pkey  (cost=0.00..22.95 rows=1052 width=0)
	                    Index Cond: ((id >= 5084681) AND (id <= 5085680))

table 2 : explain SELECT DISTINCT c FROM sbtest2 WHERE id BETWEEN 4736550 AND 4737549 ORDER BY c
	Unique  (cost=3534.91..3539.42 rows=902 width=121)
	  ->  Sort  (cost=3534.91..3537.17 rows=902 width=121)
	        Sort Key: c
	        ->  Bitmap Heap Scan on sbtest2  (cost=21.68..3490.64 rows=902 width=121)
	              Recheck Cond: ((id >= 4736550) AND (id <= 4737549))
	              ->  Bitmap Index Scan on sbtest2_pkey  (cost=0.00..21.45 rows=902 width=0)
	                    Index Cond: ((id >= 4736550) AND (id <= 4737549))

table 3 : explain SELECT DISTINCT c FROM sbtest3 WHERE id BETWEEN 3240581 AND 3241580 ORDER BY c
	Unique  (cost=3653.84..3658.50 rows=933 width=121)
	  ->  Sort  (cost=3653.84..3656.17 rows=933 width=121)
	        Sort Key: c
	        ->  Bitmap Heap Scan on sbtest3  (cost=22.00..3607.81 rows=933 width=121)
	              Recheck Cond: ((id >= 3240581) AND (id <= 3241580))
	              ->  Bitmap Index Scan on sbtest3_pkey  (cost=0.00..21.76 rows=933 width=0)
	                    Index Cond: ((id >= 3240581) AND (id <= 3241580))

table 4 : explain SELECT DISTINCT c FROM sbtest4 WHERE id BETWEEN 7882487 AND 7883486 ORDER BY c
	Unique  (cost=3689.04..3693.75 rows=942 width=121)
	  ->  Sort  (cost=3689.04..3691.39 rows=942 width=121)
	        Sort Key: c
	        ->  Bitmap Heap Scan on sbtest4  (cost=22.09..3642.50 rows=942 width=121)
	              Recheck Cond: ((id >= 7882487) AND (id <= 7883486))
	              ->  Bitmap Index Scan on sbtest4_pkey  (cost=0.00..21.86 rows=942 width=0)
	                    Index Cond: ((id >= 7882487) AND (id <= 7883486))

table 5 : explain SELECT DISTINCT c FROM sbtest5 WHERE id BETWEEN 7995741 AND 7996740 ORDER BY c
	Unique  (cost=3903.48..3908.47 rows=998 width=121)
	  ->  Sort  (cost=3903.48..3905.98 rows=998 width=121)
	        Sort Key: c
	        ->  Bitmap Heap Scan on sbtest5  (cost=22.66..3853.77 rows=998 width=121)
	              Recheck Cond: ((id >= 7995741) AND (id <= 7996740))
	              ->  Bitmap Index Scan on sbtest5_pkey  (cost=0.00..22.41 rows=998 width=0)
	                    Index Cond: ((id >= 7995741) AND (id <= 7996740))

table 6 : explain SELECT DISTINCT c FROM sbtest6 WHERE id BETWEEN 5151972 AND 5152971 ORDER BY c
	Unique  (cost=3685.97..3690.68 rows=941 width=121)
	  ->  Sort  (cost=3685.97..3688.32 rows=941 width=121)
	        Sort Key: c
	        ->  Bitmap Heap Scan on sbtest6  (cost=22.08..3639.49 rows=941 width=121)
	              Recheck Cond: ((id >= 5151972) AND (id <= 5152971))
	              ->  Bitmap Index Scan on sbtest6_pkey  (cost=0.00..21.84 rows=941 width=0)
	                    Index Cond: ((id >= 5151972) AND (id <= 5152971))

table 7 : explain SELECT DISTINCT c FROM sbtest7 WHERE id BETWEEN 1300519 AND 1301518 ORDER BY c
	Unique  (cost=3777.85..3782.68 rows=965 width=121)
	  ->  Sort  (cost=3777.85..3780.27 rows=965 width=121)
	        Sort Key: c
	        ->  Bitmap Heap Scan on sbtest7  (cost=22.33..3730.02 rows=965 width=121)
	              Recheck Cond: ((id >= 1300519) AND (id <= 1301518))
	              ->  Bitmap Index Scan on sbtest7_pkey  (cost=0.00..22.08 rows=965 width=0)
	                    Index Cond: ((id >= 1300519) AND (id <= 1301518))

table 8 : explain SELECT DISTINCT c FROM sbtest8 WHERE id BETWEEN 9270403 AND 9271402 ORDER BY c
	Unique  (cost=3348.27..3352.54 rows=853 width=121)
	  ->  Sort  (cost=3348.27..3350.41 rows=853 width=121)
	        Sort Key: c
	        ->  Bitmap Heap Scan on sbtest8  (cost=21.18..3306.75 rows=853 width=121)
	              Recheck Cond: ((id >= 9270403) AND (id <= 9271402))
	              ->  Bitmap Index Scan on sbtest8_pkey  (cost=0.00..20.96 rows=853 width=0)
	                    Index Cond: ((id >= 9270403) AND (id <= 9271402))

for: order_ranges
table 1 : explain SELECT c FROM sbtest1 WHERE id BETWEEN 1091798 AND 1092797 ORDER BY c
	Sort  (cost=3717.87..3720.24 rows=950 width=121)
	  Sort Key: c
	  ->  Bitmap Heap Scan on sbtest1  (cost=22.17..3670.88 rows=950 width=121)
	        Recheck Cond: ((id >= 1091798) AND (id <= 1092797))
	        ->  Bitmap Index Scan on sbtest1_pkey  (cost=0.00..21.93 rows=950 width=0)
	              Index Cond: ((id >= 1091798) AND (id <= 1092797))

table 2 : explain SELECT c FROM sbtest2 WHERE id BETWEEN 7104381 AND 7105380 ORDER BY c
	Sort  (cost=3806.82..3809.25 rows=973 width=121)
	  Sort Key: c
	  ->  Bitmap Heap Scan on sbtest2  (cost=22.41..3758.53 rows=973 width=121)
	        Recheck Cond: ((id >= 7104381) AND (id <= 7105380))
	        ->  Bitmap Index Scan on sbtest2_pkey  (cost=0.00..22.16 rows=973 width=0)
	              Index Cond: ((id >= 7104381) AND (id <= 7105380))

table 3 : explain SELECT c FROM sbtest3 WHERE id BETWEEN 6865177 AND 6866176 ORDER BY c
	Sort  (cost=3814.60..3817.04 rows=975 width=121)
	  Sort Key: c
	  ->  Bitmap Heap Scan on sbtest3  (cost=22.43..3766.20 rows=975 width=121)
	        Recheck Cond: ((id >= 6865177) AND (id <= 6866176))
	        ->  Bitmap Index Scan on sbtest3_pkey  (cost=0.00..22.18 rows=975 width=0)
	              Index Cond: ((id >= 6865177) AND (id <= 6866176))

table 4 : explain SELECT c FROM sbtest4 WHERE id BETWEEN 1681878 AND 1682877 ORDER BY c
	Sort  (cost=3895.70..3898.19 rows=996 width=121)
	  Sort Key: c
	  ->  Bitmap Heap Scan on sbtest4  (cost=22.64..3846.10 rows=996 width=121)
	        Recheck Cond: ((id >= 1681878) AND (id <= 1682877))
	        ->  Bitmap Index Scan on sbtest4_pkey  (cost=0.00..22.39 rows=996 width=0)
	              Index Cond: ((id >= 1681878) AND (id <= 1682877))

table 5 : explain SELECT c FROM sbtest5 WHERE id BETWEEN 6519859 AND 6520858 ORDER BY c
	Sort  (cost=3976.11..3978.65 rows=1017 width=121)
	  Sort Key: c
	  ->  Bitmap Heap Scan on sbtest5  (cost=22.86..3925.31 rows=1017 width=121)
	        Recheck Cond: ((id >= 6519859) AND (id <= 6520858))
	        ->  Bitmap Index Scan on sbtest5_pkey  (cost=0.00..22.61 rows=1017 width=0)
	              Index Cond: ((id >= 6519859) AND (id <= 6520858))

table 6 : explain SELECT c FROM sbtest6 WHERE id BETWEEN 8216012 AND 8217011 ORDER BY c
	Sort  (cost=4282.43..4285.17 rows=1096 width=121)
	  Sort Key: c
	  ->  Bitmap Heap Scan on sbtest6  (cost=27.67..4227.09 rows=1096 width=121)
	        Recheck Cond: ((id >= 8216012) AND (id <= 8217011))
	        ->  Bitmap Index Scan on sbtest6_pkey  (cost=0.00..27.39 rows=1096 width=0)
	              Index Cond: ((id >= 8216012) AND (id <= 8217011))

table 7 : explain SELECT c FROM sbtest7 WHERE id BETWEEN 3601524 AND 3602523 ORDER BY c
	Sort  (cost=4316.77..4319.54 rows=1106 width=121)
	  Sort Key: c
	  ->  Bitmap Heap Scan on sbtest7  (cost=27.77..4260.86 rows=1106 width=121)
	        Recheck Cond: ((id >= 3601524) AND (id <= 3602523))
	        ->  Bitmap Index Scan on sbtest7_pkey  (cost=0.00..27.50 rows=1106 width=0)
	              Index Cond: ((id >= 3601524) AND (id <= 3602523))

table 8 : explain SELECT c FROM sbtest8 WHERE id BETWEEN 9925433 AND 9926432 ORDER BY c
	Sort  (cost=4060.89..4063.48 rows=1039 width=121)
	  Sort Key: c
	  ->  Bitmap Heap Scan on sbtest8  (cost=23.08..4008.83 rows=1039 width=121)
	        Recheck Cond: ((id >= 9925433) AND (id <= 9926432))
	        ->  Bitmap Index Scan on sbtest8_pkey  (cost=0.00..22.82 rows=1039 width=0)
	              Index Cond: ((id >= 9925433) AND (id <= 9926432))

for: sum_ranges
table 1 : explain SELECT SUM(k) FROM sbtest1 WHERE id BETWEEN 5441704 AND 5442703
	Aggregate  (cost=3756.22..3756.23 rows=1 width=8)
	  ->  Bitmap Heap Scan on sbtest1  (cost=22.40..3753.79 rows=972 width=4)
	        Recheck Cond: ((id >= 5441704) AND (id <= 5442703))
	        ->  Bitmap Index Scan on sbtest1_pkey  (cost=0.00..22.15 rows=972 width=0)
	              Index Cond: ((id >= 5441704) AND (id <= 5442703))

table 2 : explain SELECT SUM(k) FROM sbtest2 WHERE id BETWEEN 5143332 AND 5144331
	Aggregate  (cost=3971.92..3971.93 rows=1 width=8)
	  ->  Bitmap Heap Scan on sbtest2  (cost=22.98..3969.35 rows=1029 width=4)
	        Recheck Cond: ((id >= 5143332) AND (id <= 5144331))
	        ->  Bitmap Index Scan on sbtest2_pkey  (cost=0.00..22.72 rows=1029 width=0)
	              Index Cond: ((id >= 5143332) AND (id <= 5144331))

table 3 : explain SELECT SUM(k) FROM sbtest3 WHERE id BETWEEN 6274951 AND 6275950
	Aggregate  (cost=3508.13..3508.14 rows=1 width=8)
	  ->  Bitmap Heap Scan on sbtest3  (cost=21.72..3505.87 rows=906 width=4)
	        Recheck Cond: ((id >= 6274951) AND (id <= 6275950))
	        ->  Bitmap Index Scan on sbtest3_pkey  (cost=0.00..21.50 rows=906 width=0)
	              Index Cond: ((id >= 6274951) AND (id <= 6275950))

table 4 : explain SELECT SUM(k) FROM sbtest4 WHERE id BETWEEN 282400 AND 283399
	Aggregate  (cost=3625.97..3625.98 rows=1 width=8)
	  ->  Bitmap Heap Scan on sbtest4  (cost=22.04..3623.63 rows=937 width=4)
	        Recheck Cond: ((id >= 282400) AND (id <= 283399))
	        ->  Bitmap Index Scan on sbtest4_pkey  (cost=0.00..21.80 rows=937 width=0)
	              Index Cond: ((id >= 282400) AND (id <= 283399))

table 5 : explain SELECT SUM(k) FROM sbtest5 WHERE id BETWEEN 356179 AND 357178
	Aggregate  (cost=3773.31..3773.32 rows=1 width=8)
	  ->  Bitmap Heap Scan on sbtest5  (cost=22.44..3770.87 rows=976 width=4)
	        Recheck Cond: ((id >= 356179) AND (id <= 357178))
	        ->  Bitmap Index Scan on sbtest5_pkey  (cost=0.00..22.19 rows=976 width=0)
	              Index Cond: ((id >= 356179) AND (id <= 357178))

table 6 : explain SELECT SUM(k) FROM sbtest6 WHERE id BETWEEN 7593634 AND 7594633
	Aggregate  (cost=3883.35..3883.36 rows=1 width=8)
	  ->  Bitmap Heap Scan on sbtest6  (cost=22.74..3880.84 rows=1005 width=4)
	        Recheck Cond: ((id >= 7593634) AND (id <= 7594633))
	        ->  Bitmap Index Scan on sbtest6_pkey  (cost=0.00..22.48 rows=1005 width=0)
	              Index Cond: ((id >= 7593634) AND (id <= 7594633))

table 7 : explain SELECT SUM(k) FROM sbtest7 WHERE id BETWEEN 5205095 AND 5206094
	Aggregate  (cost=3796.58..3796.59 rows=1 width=8)
	  ->  Bitmap Heap Scan on sbtest7  (cost=22.50..3794.12 rows=982 width=4)
	        Recheck Cond: ((id >= 5205095) AND (id <= 5206094))
	        ->  Bitmap Index Scan on sbtest7_pkey  (cost=0.00..22.25 rows=982 width=0)
	              Index Cond: ((id >= 5205095) AND (id <= 5206094))

table 8 : explain SELECT SUM(k) FROM sbtest8 WHERE id BETWEEN 5079179 AND 5080178
	Aggregate  (cost=3868.26..3868.27 rows=1 width=8)
	  ->  Bitmap Heap Scan on sbtest8  (cost=22.70..3865.76 rows=1001 width=4)
	        Recheck Cond: ((id >= 5079179) AND (id <= 5080178))
	        ->  Bitmap Index Scan on sbtest8_pkey  (cost=0.00..22.44 rows=1001 width=0)
	              Index Cond: ((id >= 5079179) AND (id <= 5080178))

for: sum_ranges
table 1 : explain SELECT SUM(k) FROM sbtest1 WHERE id BETWEEN 3130049 AND 3131048
	Aggregate  (cost=3548.69..3548.70 rows=1 width=8)
	  ->  Bitmap Heap Scan on sbtest1  (cost=21.83..3546.40 rows=917 width=4)
	        Recheck Cond: ((id >= 3130049) AND (id <= 3131048))
	        ->  Bitmap Index Scan on sbtest1_pkey  (cost=0.00..21.61 rows=917 width=0)
	              Index Cond: ((id >= 3130049) AND (id <= 3131048))

table 2 : explain SELECT SUM(k) FROM sbtest2 WHERE id BETWEEN 7362671 AND 7363670
	Aggregate  (cost=3542.03..3542.04 rows=1 width=8)
	  ->  Bitmap Heap Scan on sbtest2  (cost=21.81..3539.74 rows=915 width=4)
	        Recheck Cond: ((id >= 7362671) AND (id <= 7363670))
	        ->  Bitmap Index Scan on sbtest2_pkey  (cost=0.00..21.58 rows=915 width=0)
	              Index Cond: ((id >= 7362671) AND (id <= 7363670))

table 3 : explain SELECT SUM(k) FROM sbtest3 WHERE id BETWEEN 8182015 AND 8183014
	Aggregate  (cost=3515.69..3515.70 rows=1 width=8)
	  ->  Bitmap Heap Scan on sbtest3  (cost=21.74..3513.42 rows=908 width=4)
	        Recheck Cond: ((id >= 8182015) AND (id <= 8183014))
	        ->  Bitmap Index Scan on sbtest3_pkey  (cost=0.00..21.51 rows=908 width=0)
	              Index Cond: ((id >= 8182015) AND (id <= 8183014))

table 4 : explain SELECT SUM(k) FROM sbtest4 WHERE id BETWEEN 1108272 AND 1109271
	Aggregate  (cost=3792.03..3792.04 rows=1 width=8)
	  ->  Bitmap Heap Scan on sbtest4  (cost=22.49..3789.58 rows=981 width=4)
	        Recheck Cond: ((id >= 1108272) AND (id <= 1109271))
	        ->  Bitmap Index Scan on sbtest4_pkey  (cost=0.00..22.25 rows=981 width=0)
	              Index Cond: ((id >= 1108272) AND (id <= 1109271))

table 5 : explain SELECT SUM(k) FROM sbtest5 WHERE id BETWEEN 2052325 AND 2053324
	Aggregate  (cost=3573.20..3573.21 rows=1 width=8)
	  ->  Bitmap Heap Scan on sbtest5  (cost=21.90..3570.90 rows=923 width=4)
	        Recheck Cond: ((id >= 2052325) AND (id <= 2053324))
	        ->  Bitmap Index Scan on sbtest5_pkey  (cost=0.00..21.66 rows=923 width=0)
	              Index Cond: ((id >= 2052325) AND (id <= 2053324))

table 6 : explain SELECT SUM(k) FROM sbtest6 WHERE id BETWEEN 4212195 AND 4213194
	Aggregate  (cost=3804.17..3804.18 rows=1 width=8)
	  ->  Bitmap Heap Scan on sbtest6  (cost=22.52..3801.71 rows=984 width=4)
	        Recheck Cond: ((id >= 4212195) AND (id <= 4213194))
	        ->  Bitmap Index Scan on sbtest6_pkey  (cost=0.00..22.27 rows=984 width=0)
	              Index Cond: ((id >= 4212195) AND (id <= 4213194))

table 7 : explain SELECT SUM(k) FROM sbtest7 WHERE id BETWEEN 9976744 AND 9977743
	Aggregate  (cost=3860.68..3860.69 rows=1 width=8)
	  ->  Bitmap Heap Scan on sbtest7  (cost=22.67..3858.19 rows=999 width=4)
	        Recheck Cond: ((id >= 9976744) AND (id <= 9977743))
	        ->  Bitmap Index Scan on sbtest7_pkey  (cost=0.00..22.43 rows=999 width=0)
	              Index Cond: ((id >= 9976744) AND (id <= 9977743))

table 8 : explain SELECT SUM(k) FROM sbtest8 WHERE id BETWEEN 3368728 AND 3369727
	Aggregate  (cost=3732.47..3732.48 rows=1 width=8)
	  ->  Bitmap Heap Scan on sbtest8  (cost=22.33..3730.05 rows=965 width=4)
	        Recheck Cond: ((id >= 3368728) AND (id <= 3369727))
	        ->  Bitmap Index Scan on sbtest8_pkey  (cost=0.00..22.08 rows=965 width=0)
	              Index Cond: ((id >= 3368728) AND (id <= 3369727))

for point_selects
table 1 : explain SELECT c FROM sbtest1 WHERE id=2193834
	Index Scan using sbtest1_pkey on sbtest1  (cost=0.43..8.45 rows=1 width=121)
	  Index Cond: (id = 2193834)

table 2 : explain SELECT c FROM sbtest2 WHERE id=2750758
	Index Scan using sbtest2_pkey on sbtest2  (cost=0.43..8.45 rows=1 width=121)
	  Index Cond: (id = 2750758)

table 3 : explain SELECT c FROM sbtest3 WHERE id=7265420
	Index Scan using sbtest3_pkey on sbtest3  (cost=0.43..8.45 rows=1 width=121)
	  Index Cond: (id = 7265420)

table 4 : explain SELECT c FROM sbtest4 WHERE id=6664480
	Index Scan using sbtest4_pkey on sbtest4  (cost=0.43..8.45 rows=1 width=121)
	  Index Cond: (id = 6664480)

table 5 : explain SELECT c FROM sbtest5 WHERE id=6917877
	Index Scan using sbtest5_pkey on sbtest5  (cost=0.43..8.45 rows=1 width=121)
	  Index Cond: (id = 6917877)

table 6 : explain SELECT c FROM sbtest6 WHERE id=3054167
	Index Scan using sbtest6_pkey on sbtest6  (cost=0.43..8.45 rows=1 width=121)
	  Index Cond: (id = 3054167)

table 7 : explain SELECT c FROM sbtest7 WHERE id=5473894
	Index Scan using sbtest7_pkey on sbtest7  (cost=0.43..8.45 rows=1 width=121)
	  Index Cond: (id = 5473894)

table 8 : explain SELECT c FROM sbtest8 WHERE id=2820847
	Index Scan using sbtest8_pkey on sbtest8  (cost=0.43..8.45 rows=1 width=121)
	  Index Cond: (id = 2820847)

for: distinct_ranges
table 1 : explain SELECT DISTINCT c FROM sbtest1 WHERE id BETWEEN 2995312 AND 2996311 ORDER BY c
	Unique  (cost=3706.39..3711.12 rows=947 width=121)
	  ->  Sort  (cost=3706.39..3708.75 rows=947 width=121)
	        Sort Key: c
	        ->  Bitmap Heap Scan on sbtest1  (cost=22.14..3659.57 rows=947 width=121)
	              Recheck Cond: ((id >= 2995312) AND (id <= 2996311))
	              ->  Bitmap Index Scan on sbtest1_pkey  (cost=0.00..21.90 rows=947 width=0)
	                    Index Cond: ((id >= 2995312) AND (id <= 2996311))

table 2 : explain SELECT DISTINCT c FROM sbtest2 WHERE id BETWEEN 2248053 AND 2249052 ORDER BY c
	Unique  (cost=3848.89..3853.81 rows=984 width=121)
	  ->  Sort  (cost=3848.89..3851.35 rows=984 width=121)
	        Sort Key: c
	        ->  Bitmap Heap Scan on sbtest2  (cost=22.52..3799.97 rows=984 width=121)
	              Recheck Cond: ((id >= 2248053) AND (id <= 2249052))
	              ->  Bitmap Index Scan on sbtest2_pkey  (cost=0.00..22.27 rows=984 width=0)
	                    Index Cond: ((id >= 2248053) AND (id <= 2249052))

table 3 : explain SELECT DISTINCT c FROM sbtest3 WHERE id BETWEEN 6058189 AND 6059188 ORDER BY c
	Unique  (cost=4036.25..4041.42 rows=1033 width=121)
	  ->  Sort  (cost=4036.25..4038.84 rows=1033 width=121)
	        Sort Key: c
	        ->  Bitmap Heap Scan on sbtest3  (cost=23.02..3984.54 rows=1033 width=121)
	              Recheck Cond: ((id >= 6058189) AND (id <= 6059188))
	              ->  Bitmap Index Scan on sbtest3_pkey  (cost=0.00..22.76 rows=1033 width=0)
	                    Index Cond: ((id >= 6058189) AND (id <= 6059188))

table 4 : explain SELECT DISTINCT c FROM sbtest4 WHERE id BETWEEN 8748854 AND 8749853 ORDER BY c
	Unique  (cost=4319.66..4325.20 rows=1107 width=121)
	  ->  Sort  (cost=4319.66..4322.43 rows=1107 width=121)
	        Sort Key: c
	        ->  Bitmap Heap Scan on sbtest4  (cost=27.78..4263.69 rows=1107 width=121)
	              Recheck Cond: ((id >= 8748854) AND (id <= 8749853))
	              ->  Bitmap Index Scan on sbtest4_pkey  (cost=0.00..27.50 rows=1107 width=0)
	                    Index Cond: ((id >= 8748854) AND (id <= 8749853))

table 5 : explain SELECT DISTINCT c FROM sbtest5 WHERE id BETWEEN 6608264 AND 6609263 ORDER BY c
	Unique  (cost=3918.77..3923.78 rows=1002 width=121)
	  ->  Sort  (cost=3918.77..3921.28 rows=1002 width=121)
	        Sort Key: c
	        ->  Bitmap Heap Scan on sbtest5  (cost=22.71..3868.83 rows=1002 width=121)
	              Recheck Cond: ((id >= 6608264) AND (id <= 6609263))
	              ->  Bitmap Index Scan on sbtest5_pkey  (cost=0.00..22.45 rows=1002 width=0)
	                    Index Cond: ((id >= 6608264) AND (id <= 6609263))

table 6 : explain SELECT DISTINCT c FROM sbtest6 WHERE id BETWEEN 169551 AND 170550 ORDER BY c
	Unique  (cost=3451.99..3456.39 rows=880 width=121)
	  ->  Sort  (cost=3451.99..3454.19 rows=880 width=121)
	        Sort Key: c
	        ->  Bitmap Heap Scan on sbtest6  (cost=21.45..3408.96 rows=880 width=121)
	              Recheck Cond: ((id >= 169551) AND (id <= 170550))
	              ->  Bitmap Index Scan on sbtest6_pkey  (cost=0.00..21.23 rows=880 width=0)
	                    Index Cond: ((id >= 169551) AND (id <= 170550))

table 7 : explain SELECT DISTINCT c FROM sbtest7 WHERE id BETWEEN 7189608 AND 7190607 ORDER BY c
	Unique  (cost=4167.75..4173.09 rows=1067 width=121)
	  ->  Sort  (cost=4167.75..4170.42 rows=1067 width=121)
	        Sort Key: c
	        ->  Bitmap Heap Scan on sbtest7  (cost=23.37..4114.08 rows=1067 width=121)
	              Recheck Cond: ((id >= 7189608) AND (id <= 7190607))
	              ->  Bitmap Index Scan on sbtest7_pkey  (cost=0.00..23.11 rows=1067 width=0)
	                    Index Cond: ((id >= 7189608) AND (id <= 7190607))

table 8 : explain SELECT DISTINCT c FROM sbtest8 WHERE id BETWEEN 3066820 AND 3067819 ORDER BY c
	Unique  (cost=4026.50..4031.65 rows=1030 width=121)
	  ->  Sort  (cost=4026.50..4029.08 rows=1030 width=121)
	        Sort Key: c
	        ->  Bitmap Heap Scan on sbtest8  (cost=22.99..3974.96 rows=1030 width=121)
	              Recheck Cond: ((id >= 3066820) AND (id <= 3067819))
	              ->  Bitmap Index Scan on sbtest8_pkey  (cost=0.00..22.73 rows=1030 width=0)
	                    Index Cond: ((id >= 3066820) AND (id <= 3067819))

for: distinct_ranges
table 1 : explain SELECT DISTINCT c FROM sbtest1 WHERE id BETWEEN 8614318 AND 8615317 ORDER BY c
	Unique  (cost=3652.80..3657.46 rows=933 width=121)
	  ->  Sort  (cost=3652.80..3655.13 rows=933 width=121)
	        Sort Key: c
	        ->  Bitmap Heap Scan on sbtest1  (cost=22.00..3606.77 rows=933 width=121)
	              Recheck Cond: ((id >= 8614318) AND (id <= 8615317))
	              ->  Bitmap Index Scan on sbtest1_pkey  (cost=0.00..21.76 rows=933 width=0)
	                    Index Cond: ((id >= 8614318) AND (id <= 8615317))

table 2 : explain SELECT DISTINCT c FROM sbtest2 WHERE id BETWEEN 5411910 AND 5412909 ORDER BY c
	Unique  (cost=3955.91..3960.97 rows=1012 width=121)
	  ->  Sort  (cost=3955.91..3958.44 rows=1012 width=121)
	        Sort Key: c
	        ->  Bitmap Heap Scan on sbtest2  (cost=22.81..3905.40 rows=1012 width=121)
	              Recheck Cond: ((id >= 5411910) AND (id <= 5412909))
	              ->  Bitmap Index Scan on sbtest2_pkey  (cost=0.00..22.55 rows=1012 width=0)
	                    Index Cond: ((id >= 5411910) AND (id <= 5412909))

table 3 : explain SELECT DISTINCT c FROM sbtest3 WHERE id BETWEEN 2087256 AND 2088255 ORDER BY c
	Unique  (cost=4227.01..4232.42 rows=1083 width=121)
	  ->  Sort  (cost=4227.01..4229.71 rows=1083 width=121)
	        Sort Key: c
	        ->  Bitmap Heap Scan on sbtest3  (cost=23.54..4172.42 rows=1083 width=121)
	              Recheck Cond: ((id >= 2087256) AND (id <= 2088255))
	              ->  Bitmap Index Scan on sbtest3_pkey  (cost=0.00..23.26 rows=1083 width=0)
	                    Index Cond: ((id >= 2087256) AND (id <= 2088255))

table 4 : explain SELECT DISTINCT c FROM sbtest4 WHERE id BETWEEN 3584980 AND 3585979 ORDER BY c
	Unique  (cost=4124.90..4130.18 rows=1056 width=121)
	  ->  Sort  (cost=4124.90..4127.54 rows=1056 width=121)
	        Sort Key: c
	        ->  Bitmap Heap Scan on sbtest4  (cost=23.26..4071.87 rows=1056 width=121)
	              Recheck Cond: ((id >= 3584980) AND (id <= 3585979))
	              ->  Bitmap Index Scan on sbtest4_pkey  (cost=0.00..23.00 rows=1056 width=0)
	                    Index Cond: ((id >= 3584980) AND (id <= 3585979))

table 5 : explain SELECT DISTINCT c FROM sbtest5 WHERE id BETWEEN 605130 AND 606129 ORDER BY c
	Unique  (cost=3857.59..3862.52 rows=986 width=121)
	  ->  Sort  (cost=3857.59..3860.05 rows=986 width=121)
	        Sort Key: c
	        ->  Bitmap Heap Scan on sbtest5  (cost=22.54..3808.56 rows=986 width=121)
	              Recheck Cond: ((id >= 605130) AND (id <= 606129))
	              ->  Bitmap Index Scan on sbtest5_pkey  (cost=0.00..22.29 rows=986 width=0)
	                    Index Cond: ((id >= 605130) AND (id <= 606129))

table 6 : explain SELECT DISTINCT c FROM sbtest6 WHERE id BETWEEN 2606238 AND 2607237 ORDER BY c
	Unique  (cost=4079.99..4085.21 rows=1044 width=121)
	  ->  Sort  (cost=4079.99..4082.60 rows=1044 width=121)
	        Sort Key: c
	        ->  Bitmap Heap Scan on sbtest6  (cost=23.14..4027.65 rows=1044 width=121)
	              Recheck Cond: ((id >= 2606238) AND (id <= 2607237))
	              ->  Bitmap Index Scan on sbtest6_pkey  (cost=0.00..22.87 rows=1044 width=0)
	                    Index Cond: ((id >= 2606238) AND (id <= 2607237))

table 7 : explain SELECT DISTINCT c FROM sbtest7 WHERE id BETWEEN 7155307 AND 7156306 ORDER BY c
	Unique  (cost=4167.75..4173.09 rows=1067 width=121)
	  ->  Sort  (cost=4167.75..4170.42 rows=1067 width=121)
	        Sort Key: c
	        ->  Bitmap Heap Scan on sbtest7  (cost=23.37..4114.08 rows=1067 width=121)
	              Recheck Cond: ((id >= 7155307) AND (id <= 7156306))
	              ->  Bitmap Index Scan on sbtest7_pkey  (cost=0.00..23.11 rows=1067 width=0)
	                    Index Cond: ((id >= 7155307) AND (id <= 7156306))

table 8 : explain SELECT DISTINCT c FROM sbtest8 WHERE id BETWEEN 7882927 AND 7883926 ORDER BY c
	Unique  (cost=3823.83..3828.71 rows=977 width=121)
	  ->  Sort  (cost=3823.83..3826.27 rows=977 width=121)
	        Sort Key: c
	        ->  Bitmap Heap Scan on sbtest8  (cost=22.45..3775.31 rows=977 width=121)
	              Recheck Cond: ((id >= 7882927) AND (id <= 7883926))
	              ->  Bitmap Index Scan on sbtest8_pkey  (cost=0.00..22.20 rows=977 width=0)
	                    Index Cond: ((id >= 7882927) AND (id <= 7883926))

for: distinct_ranges
table 1 : explain SELECT DISTINCT c FROM sbtest1 WHERE id BETWEEN 1291847 AND 1292846 ORDER BY c
	Unique  (cost=4355.46..4361.04 rows=1117 width=121)
	  ->  Sort  (cost=4355.46..4358.25 rows=1117 width=121)
	        Sort Key: c
	        ->  Bitmap Heap Scan on sbtest1  (cost=27.88..4298.91 rows=1117 width=121)
	              Recheck Cond: ((id >= 1291847) AND (id <= 1292846))
	              ->  Bitmap Index Scan on sbtest1_pkey  (cost=0.00..27.61 rows=1117 width=0)
	                    Index Cond: ((id >= 1291847) AND (id <= 1292846))

table 2 : explain SELECT DISTINCT c FROM sbtest2 WHERE id BETWEEN 2551048 AND 2552047 ORDER BY c
	Unique  (cost=3699.67..3704.39 rows=945 width=121)
	  ->  Sort  (cost=3699.67..3702.03 rows=945 width=121)
	        Sort Key: c
	        ->  Bitmap Heap Scan on sbtest2  (cost=22.12..3652.96 rows=945 width=121)
	              Recheck Cond: ((id >= 2551048) AND (id <= 2552047))
	              ->  Bitmap Index Scan on sbtest2_pkey  (cost=0.00..21.89 rows=945 width=0)
	                    Index Cond: ((id >= 2551048) AND (id <= 2552047))

table 3 : explain SELECT DISTINCT c FROM sbtest3 WHERE id BETWEEN 8980666 AND 8981665 ORDER BY c
	Unique  (cost=3936.94..3941.98 rows=1007 width=121)
	  ->  Sort  (cost=3936.94..3939.46 rows=1007 width=121)
	        Sort Key: c
	        ->  Bitmap Heap Scan on sbtest3  (cost=22.76..3886.72 rows=1007 width=121)
	              Recheck Cond: ((id >= 8980666) AND (id <= 8981665))
	              ->  Bitmap Index Scan on sbtest3_pkey  (cost=0.00..22.50 rows=1007 width=0)
	                    Index Cond: ((id >= 8980666) AND (id <= 8981665))

table 4 : explain SELECT DISTINCT c FROM sbtest4 WHERE id BETWEEN 71780 AND 72779 ORDER BY c
	Unique  (cost=3389.87..3394.19 rows=864 width=121)
	  ->  Sort  (cost=3389.87..3392.03 rows=864 width=121)
	        Sort Key: c
	        ->  Bitmap Heap Scan on sbtest4  (cost=21.29..3347.73 rows=864 width=121)
	              Recheck Cond: ((id >= 71780) AND (id <= 72779))
	              ->  Bitmap Index Scan on sbtest4_pkey  (cost=0.00..21.07 rows=864 width=0)
	                    Index Cond: ((id >= 71780) AND (id <= 72779))

table 5 : explain SELECT DISTINCT c FROM sbtest5 WHERE id BETWEEN 8100437 AND 8101436 ORDER BY c
	Unique  (cost=3872.89..3877.84 rows=990 width=121)
	  ->  Sort  (cost=3872.89..3875.36 rows=990 width=121)
	        Sort Key: c
	        ->  Bitmap Heap Scan on sbtest5  (cost=22.58..3823.63 rows=990 width=121)
	              Recheck Cond: ((id >= 8100437) AND (id <= 8101436))
	              ->  Bitmap Index Scan on sbtest5_pkey  (cost=0.00..22.33 rows=990 width=0)
	                    Index Cond: ((id >= 8100437) AND (id <= 8101436))

table 6 : explain SELECT DISTINCT c FROM sbtest6 WHERE id BETWEEN 9957807 AND 9958806 ORDER BY c
	Unique  (cost=3988.30..3993.40 rows=1020 width=121)
	  ->  Sort  (cost=3988.30..3990.85 rows=1020 width=121)
	        Sort Key: c
	        ->  Bitmap Heap Scan on sbtest6  (cost=22.89..3937.33 rows=1020 width=121)
	              Recheck Cond: ((id >= 9957807) AND (id <= 9958806))
	              ->  Bitmap Index Scan on sbtest6_pkey  (cost=0.00..22.64 rows=1020 width=0)
	                    Index Cond: ((id >= 9957807) AND (id <= 9958806))

table 7 : explain SELECT DISTINCT c FROM sbtest7 WHERE id BETWEEN 7657137 AND 7658136 ORDER BY c
	Unique  (cost=3605.43..3610.03 rows=920 width=121)
	  ->  Sort  (cost=3605.43..3607.73 rows=920 width=121)
	        Sort Key: c
	        ->  Bitmap Heap Scan on sbtest7  (cost=21.87..3560.14 rows=920 width=121)
	              Recheck Cond: ((id >= 7657137) AND (id <= 7658136))
	              ->  Bitmap Index Scan on sbtest7_pkey  (cost=0.00..21.64 rows=920 width=0)
	                    Index Cond: ((id >= 7657137) AND (id <= 7658136))

table 8 : explain SELECT DISTINCT c FROM sbtest8 WHERE id BETWEEN 2863400 AND 2864399 ORDER BY c
	Unique  (cost=3950.06..3955.11 rows=1010 width=121)
	  ->  Sort  (cost=3950.06..3952.59 rows=1010 width=121)
	        Sort Key: c
	        ->  Bitmap Heap Scan on sbtest8  (cost=22.79..3899.66 rows=1010 width=121)
	              Recheck Cond: ((id >= 2863400) AND (id <= 2864399))
	              ->  Bitmap Index Scan on sbtest8_pkey  (cost=0.00..22.54 rows=1010 width=0)
	                    Index Cond: ((id >= 2863400) AND (id <= 2864399))

for: simple_ranges
table 1 : explain SELECT c FROM sbtest1 WHERE id BETWEEN 708069 AND 709068
	Bitmap Heap Scan on sbtest1  (cost=22.60..3829.10 rows=992 width=121)
	  Recheck Cond: ((id >= 708069) AND (id <= 709068))
	  ->  Bitmap Index Scan on sbtest1_pkey  (cost=0.00..22.36 rows=992 width=0)
	        Index Cond: ((id >= 708069) AND (id <= 709068))

table 2 : explain SELECT c FROM sbtest2 WHERE id BETWEEN 5744166 AND 5745165
	Bitmap Heap Scan on sbtest2  (cost=22.90..3939.26 rows=1021 width=121)
	  Recheck Cond: ((id >= 5744166) AND (id <= 5745165))
	  ->  Bitmap Index Scan on sbtest2_pkey  (cost=0.00..22.64 rows=1021 width=0)
	        Index Cond: ((id >= 5744166) AND (id <= 5745165))

table 3 : explain SELECT c FROM sbtest3 WHERE id BETWEEN 3066875 AND 3067874
	Bitmap Heap Scan on sbtest3  (cost=23.15..4029.66 rows=1045 width=121)
	  Recheck Cond: ((id >= 3066875) AND (id <= 3067874))
	  ->  Bitmap Index Scan on sbtest3_pkey  (cost=0.00..22.89 rows=1045 width=0)
	        Index Cond: ((id >= 3066875) AND (id <= 3067874))

table 4 : explain SELECT c FROM sbtest4 WHERE id BETWEEN 6359131 AND 6360130
	Bitmap Heap Scan on sbtest4  (cost=27.70..4237.39 rows=1099 width=121)
	  Recheck Cond: ((id >= 6359131) AND (id <= 6360130))
	  ->  Bitmap Index Scan on sbtest4_pkey  (cost=0.00..27.43 rows=1099 width=0)
	        Index Cond: ((id >= 6359131) AND (id <= 6360130))

table 5 : explain SELECT c FROM sbtest5 WHERE id BETWEEN 8572914 AND 8573913
	Bitmap Heap Scan on sbtest5  (cost=27.80..4271.35 rows=1109 width=121)
	  Recheck Cond: ((id >= 8572914) AND (id <= 8573913))
	  ->  Bitmap Index Scan on sbtest5_pkey  (cost=0.00..27.52 rows=1109 width=0)
	        Index Cond: ((id >= 8572914) AND (id <= 8573913))

table 6 : explain SELECT c FROM sbtest6 WHERE id BETWEEN 7028233 AND 7029232
	Bitmap Heap Scan on sbtest6  (cost=21.54..3439.22 rows=888 width=121)
	  Recheck Cond: ((id >= 7028233) AND (id <= 7029232))
	  ->  Bitmap Index Scan on sbtest6_pkey  (cost=0.00..21.32 rows=888 width=0)
	        Index Cond: ((id >= 7028233) AND (id <= 7029232))

table 7 : explain SELECT c FROM sbtest7 WHERE id BETWEEN 5311972 AND 5312971
	Bitmap Heap Scan on sbtest7  (cost=22.35..3737.56 rows=967 width=121)
	  Recheck Cond: ((id >= 5311972) AND (id <= 5312971))
	  ->  Bitmap Index Scan on sbtest7_pkey  (cost=0.00..22.11 rows=967 width=0)
	        Index Cond: ((id >= 5311972) AND (id <= 5312971))

table 8 : explain SELECT c FROM sbtest8 WHERE id BETWEEN 2795707 AND 2796706
	Bitmap Heap Scan on sbtest8  (cost=22.57..3820.54 rows=989 width=121)
	  Recheck Cond: ((id >= 2795707) AND (id <= 2796706))
	  ->  Bitmap Index Scan on sbtest8_pkey  (cost=0.00..22.32 rows=989 width=0)
	        Index Cond: ((id >= 2795707) AND (id <= 2796706))

explain: for point_selects :: explain SELECT c FROM sbtest%u WHERE id=%u
for: distinct_ranges
table 1 : explain SELECT DISTINCT c FROM sbtest1 WHERE id BETWEEN 5936217 AND 5937216 ORDER BY c
	Unique  (cost=4057.94..4063.13 rows=1039 width=121)
	  ->  Sort  (cost=4057.94..4060.53 rows=1039 width=121)
	        Sort Key: c
	        ->  Bitmap Heap Scan on sbtest1  (cost=23.08..4005.88 rows=1039 width=121)
	              Recheck Cond: ((id >= 5936217) AND (id <= 5937216))
	              ->  Bitmap Index Scan on sbtest1_pkey  (cost=0.00..22.82 rows=1039 width=0)
	                    Index Cond: ((id >= 5936217) AND (id <= 5937216))

table 2 : explain SELECT DISTINCT c FROM sbtest2 WHERE id BETWEEN 6698771 AND 6699770 ORDER BY c
	Unique  (cost=3707.32..3712.06 rows=947 width=121)
	  ->  Sort  (cost=3707.32..3709.69 rows=947 width=121)
	        Sort Key: c
	        ->  Bitmap Heap Scan on sbtest2  (cost=22.14..3660.51 rows=947 width=121)
	              Recheck Cond: ((id >= 6698771) AND (id <= 6699770))
	              ->  Bitmap Index Scan on sbtest2_pkey  (cost=0.00..21.90 rows=947 width=0)
	                    Index Cond: ((id >= 6698771) AND (id <= 6699770))

table 3 : explain SELECT DISTINCT c FROM sbtest3 WHERE id BETWEEN 3337394 AND 3338393 ORDER BY c
	Unique  (cost=4242.25..4247.69 rows=1087 width=121)
	  ->  Sort  (cost=4242.25..4244.97 rows=1087 width=121)
	        Sort Key: c
	        ->  Bitmap Heap Scan on sbtest3  (cost=23.58..4187.43 rows=1087 width=121)
	              Recheck Cond: ((id >= 3337394) AND (id <= 3338393))
	              ->  Bitmap Index Scan on sbtest3_pkey  (cost=0.00..23.30 rows=1087 width=0)
	                    Index Cond: ((id >= 3337394) AND (id <= 3338393))

table 4 : explain SELECT DISTINCT c FROM sbtest4 WHERE id BETWEEN 7759008 AND 7760007 ORDER BY c
	Unique  (cost=3608.57..3613.17 rows=921 width=121)
	  ->  Sort  (cost=3608.57..3610.87 rows=921 width=121)
	        Sort Key: c
	        ->  Bitmap Heap Scan on sbtest4  (cost=21.88..3563.22 rows=921 width=121)
	              Recheck Cond: ((id >= 7759008) AND (id <= 7760007))
	              ->  Bitmap Index Scan on sbtest4_pkey  (cost=0.00..21.64 rows=921 width=0)
	                    Index Cond: ((id >= 7759008) AND (id <= 7760007))

table 5 : explain SELECT DISTINCT c FROM sbtest5 WHERE id BETWEEN 1288385 AND 1289384 ORDER BY c
	Unique  (cost=3624.02..3628.65 rows=925 width=121)
	  ->  Sort  (cost=3624.02..3626.33 rows=925 width=121)
	        Sort Key: c
	        ->  Bitmap Heap Scan on sbtest5  (cost=21.92..3578.45 rows=925 width=121)
	              Recheck Cond: ((id >= 1288385) AND (id <= 1289384))
	              ->  Bitmap Index Scan on sbtest5_pkey  (cost=0.00..21.68 rows=925 width=0)
	                    Index Cond: ((id >= 1288385) AND (id <= 1289384))

table 6 : explain SELECT DISTINCT c FROM sbtest6 WHERE id BETWEEN 2738108 AND 2739107 ORDER BY c
	Unique  (cost=3789.38..3794.22 rows=968 width=121)
	  ->  Sort  (cost=3789.38..3791.80 rows=968 width=121)
	        Sort Key: c
	        ->  Bitmap Heap Scan on sbtest6  (cost=22.36..3741.38 rows=968 width=121)
	              Recheck Cond: ((id >= 2738108) AND (id <= 2739107))
	              ->  Bitmap Index Scan on sbtest6_pkey  (cost=0.00..22.11 rows=968 width=0)
	                    Index Cond: ((id >= 2738108) AND (id <= 2739107))

table 7 : explain SELECT DISTINCT c FROM sbtest7 WHERE id BETWEEN 297336 AND 298335 ORDER BY c
	Unique  (cost=4114.31..4119.57 rows=1053 width=121)
	  ->  Sort  (cost=4114.31..4116.94 rows=1053 width=121)
	        Sort Key: c
	        ->  Bitmap Heap Scan on sbtest7  (cost=23.23..4061.45 rows=1053 width=121)
	              Recheck Cond: ((id >= 297336) AND (id <= 298335))
	              ->  Bitmap Index Scan on sbtest7_pkey  (cost=0.00..22.96 rows=1053 width=0)
	                    Index Cond: ((id >= 297336) AND (id <= 298335))

table 8 : explain SELECT DISTINCT c FROM sbtest8 WHERE id BETWEEN 2082588 AND 2083587 ORDER BY c
	Unique  (cost=3651.47..3656.13 rows=932 width=121)
	  ->  Sort  (cost=3651.47..3653.80 rows=932 width=121)
	        Sort Key: c
	        ->  Bitmap Heap Scan on sbtest8  (cost=21.99..3605.50 rows=932 width=121)
	              Recheck Cond: ((id >= 2082588) AND (id <= 2083587))
	              ->  Bitmap Index Scan on sbtest8_pkey  (cost=0.00..21.75 rows=932 width=0)
	                    Index Cond: ((id >= 2082588) AND (id <= 2083587))

for: simple_ranges
table 1 : explain SELECT c FROM sbtest1 WHERE id BETWEEN 7435436 AND 7436435
	Bitmap Heap Scan on sbtest1  (cost=22.15..3663.34 rows=948 width=121)
	  Recheck Cond: ((id >= 7435436) AND (id <= 7436435))
	  ->  Bitmap Index Scan on sbtest1_pkey  (cost=0.00..21.91 rows=948 width=0)
	        Index Cond: ((id >= 7435436) AND (id <= 7436435))

table 2 : explain SELECT c FROM sbtest2 WHERE id BETWEEN 2566329 AND 2567328
	Bitmap Heap Scan on sbtest2  (cost=22.12..3652.96 rows=945 width=121)
	  Recheck Cond: ((id >= 2566329) AND (id <= 2567328))
	  ->  Bitmap Index Scan on sbtest2_pkey  (cost=0.00..21.89 rows=945 width=0)
	        Index Cond: ((id >= 2566329) AND (id <= 2567328))

table 3 : explain SELECT c FROM sbtest3 WHERE id BETWEEN 8752534 AND 8753533
	Bitmap Heap Scan on sbtest3  (cost=22.37..3743.59 rows=969 width=121)
	  Recheck Cond: ((id >= 8752534) AND (id <= 8753533))
	  ->  Bitmap Index Scan on sbtest3_pkey  (cost=0.00..22.12 rows=969 width=0)
	        Index Cond: ((id >= 8752534) AND (id <= 8753533))

table 4 : explain SELECT c FROM sbtest4 WHERE id BETWEEN 7431238 AND 7432237
	Bitmap Heap Scan on sbtest4  (cost=21.91..3574.55 rows=924 width=121)
	  Recheck Cond: ((id >= 7431238) AND (id <= 7432237))
	  ->  Bitmap Index Scan on sbtest4_pkey  (cost=0.00..21.68 rows=924 width=0)
	        Index Cond: ((id >= 7431238) AND (id <= 7432237))

table 5 : explain SELECT c FROM sbtest5 WHERE id BETWEEN 9559427 AND 9560426
	Bitmap Heap Scan on sbtest5  (cost=22.16..3669.04 rows=949 width=121)
	  Recheck Cond: ((id >= 9559427) AND (id <= 9560426))
	  ->  Bitmap Index Scan on sbtest5_pkey  (cost=0.00..21.93 rows=949 width=0)
	        Index Cond: ((id >= 9559427) AND (id <= 9560426))

table 6 : explain SELECT c FROM sbtest6 WHERE id BETWEEN 7925445 AND 7926444
	Bitmap Heap Scan on sbtest6  (cost=22.32..3726.29 rows=964 width=121)
	  Recheck Cond: ((id >= 7925445) AND (id <= 7926444))
	  ->  Bitmap Index Scan on sbtest6_pkey  (cost=0.00..22.07 rows=964 width=0)
	        Index Cond: ((id >= 7925445) AND (id <= 7926444))

table 7 : explain SELECT c FROM sbtest7 WHERE id BETWEEN 7395767 AND 7396766
	Bitmap Heap Scan on sbtest7  (cost=21.65..3480.78 rows=899 width=121)
	  Recheck Cond: ((id >= 7395767) AND (id <= 7396766))
	  ->  Bitmap Index Scan on sbtest7_pkey  (cost=0.00..21.43 rows=899 width=0)
	        Index Cond: ((id >= 7395767) AND (id <= 7396766))

table 8 : explain SELECT c FROM sbtest8 WHERE id BETWEEN 9046643 AND 9047642
	Bitmap Heap Scan on sbtest8  (cost=22.79..3899.66 rows=1010 width=121)
	  Recheck Cond: ((id >= 9046643) AND (id <= 9047642))
	  ->  Bitmap Index Scan on sbtest8_pkey  (cost=0.00..22.54 rows=1010 width=0)
	        Index Cond: ((id >= 9046643) AND (id <= 9047642))

explain: for point_selects :: explain SELECT c FROM sbtest%u WHERE id=%u
for: order_ranges
table 1 : explain SELECT c FROM sbtest1 WHERE id BETWEEN 6499774 AND 6500773 ORDER BY c
	Sort  (cost=4099.90..4102.53 rows=1050 width=121)
	  Sort Key: c
	  ->  Bitmap Heap Scan on sbtest1  (cost=23.20..4047.21 rows=1050 width=121)
	        Recheck Cond: ((id >= 6499774) AND (id <= 6500773))
	        ->  Bitmap Index Scan on sbtest1_pkey  (cost=0.00..22.93 rows=1050 width=0)
	              Index Cond: ((id >= 6499774) AND (id <= 6500773))

table 2 : explain SELECT c FROM sbtest2 WHERE id BETWEEN 5479641 AND 5480640 ORDER BY c
	Sort  (cost=3994.11..3996.66 rows=1022 width=121)
	  Sort Key: c
	  ->  Bitmap Heap Scan on sbtest2  (cost=22.91..3943.02 rows=1022 width=121)
	        Recheck Cond: ((id >= 5479641) AND (id <= 5480640))
	        ->  Bitmap Index Scan on sbtest2_pkey  (cost=0.00..22.65 rows=1022 width=0)
	              Index Cond: ((id >= 5479641) AND (id <= 5480640))

table 3 : explain SELECT c FROM sbtest3 WHERE id BETWEEN 9978973 AND 9979972 ORDER BY c
	Sort  (cost=3419.94..3422.12 rows=872 width=121)
	  Sort Key: c
	  ->  Bitmap Heap Scan on sbtest3  (cost=21.37..3377.35 rows=872 width=121)
	        Recheck Cond: ((id >= 9978973) AND (id <= 9979972))
	        ->  Bitmap Index Scan on sbtest3_pkey  (cost=0.00..21.15 rows=872 width=0)
	              Index Cond: ((id >= 9978973) AND (id <= 9979972))

table 4 : explain SELECT c FROM sbtest4 WHERE id BETWEEN 1943520 AND 1944519 ORDER BY c
	Sort  (cost=3953.04..3955.57 rows=1011 width=121)
	  Sort Key: c
	  ->  Bitmap Heap Scan on sbtest4  (cost=22.80..3902.58 rows=1011 width=121)
	        Recheck Cond: ((id >= 1943520) AND (id <= 1944519))
	        ->  Bitmap Index Scan on sbtest4_pkey  (cost=0.00..22.54 rows=1011 width=0)
	              Index Cond: ((id >= 1943520) AND (id <= 1944519))

table 5 : explain SELECT c FROM sbtest5 WHERE id BETWEEN 2416851 AND 2417850 ORDER BY c
	Sort  (cost=3957.00..3959.53 rows=1012 width=121)
	  Sort Key: c
	  ->  Bitmap Heap Scan on sbtest5  (cost=22.81..3906.49 rows=1012 width=121)
	        Recheck Cond: ((id >= 2416851) AND (id <= 2417850))
	        ->  Bitmap Index Scan on sbtest5_pkey  (cost=0.00..22.55 rows=1012 width=0)
	              Index Cond: ((id >= 2416851) AND (id <= 2417850))

table 6 : explain SELECT c FROM sbtest6 WHERE id BETWEEN 206152 AND 207151 ORDER BY c
	Sort  (cost=3451.99..3454.19 rows=880 width=121)
	  Sort Key: c
	  ->  Bitmap Heap Scan on sbtest6  (cost=21.45..3408.96 rows=880 width=121)
	        Recheck Cond: ((id >= 206152) AND (id <= 207151))
	        ->  Bitmap Index Scan on sbtest6_pkey  (cost=0.00..21.23 rows=880 width=0)
	              Index Cond: ((id >= 206152) AND (id <= 207151))

table 7 : explain SELECT c FROM sbtest7 WHERE id BETWEEN 5280422 AND 5281421 ORDER BY c
	Sort  (cost=4625.16..4628.13 rows=1187 width=121)
	  Sort Key: c
	  ->  Bitmap Heap Scan on sbtest7  (cost=28.60..4564.55 rows=1187 width=121)
	        Recheck Cond: ((id >= 5280422) AND (id <= 5281421))
	        ->  Bitmap Index Scan on sbtest7_pkey  (cost=0.00..28.30 rows=1187 width=0)
	              Index Cond: ((id >= 5280422) AND (id <= 5281421))

table 8 : explain SELECT c FROM sbtest8 WHERE id BETWEEN 1672050 AND 1673049 ORDER BY c
	Sort  (cost=4034.14..4036.72 rows=1032 width=121)
	  Sort Key: c
	  ->  Bitmap Heap Scan on sbtest8  (cost=23.01..3982.49 rows=1032 width=121)
	        Recheck Cond: ((id >= 1672050) AND (id <= 1673049))
	        ->  Bitmap Index Scan on sbtest8_pkey  (cost=0.00..22.75 rows=1032 width=0)
	              Index Cond: ((id >= 1672050) AND (id <= 1673049))

for: order_ranges
table 1 : explain SELECT c FROM sbtest1 WHERE id BETWEEN 9537189 AND 9538188 ORDER BY c
	Sort  (cost=3756.13..3758.53 rows=960 width=121)
	  Sort Key: c
	  ->  Bitmap Heap Scan on sbtest1  (cost=22.27..3708.57 rows=960 width=121)
	        Recheck Cond: ((id >= 9537189) AND (id <= 9538188))
	        ->  Bitmap Index Scan on sbtest1_pkey  (cost=0.00..22.04 rows=960 width=0)
	              Index Cond: ((id >= 9537189) AND (id <= 9538188))

table 2 : explain SELECT c FROM sbtest2 WHERE id BETWEEN 1064471 AND 1065470 ORDER BY c
	Sort  (cost=3837.42..3839.87 rows=981 width=121)
	  Sort Key: c
	  ->  Bitmap Heap Scan on sbtest2  (cost=22.49..3788.67 rows=981 width=121)
	        Recheck Cond: ((id >= 1064471) AND (id <= 1065470))
	        ->  Bitmap Index Scan on sbtest2_pkey  (cost=0.00..22.25 rows=981 width=0)
	              Index Cond: ((id >= 1064471) AND (id <= 1065470))

table 3 : explain SELECT c FROM sbtest3 WHERE id BETWEEN 4568477 AND 4569476 ORDER BY c
	Sort  (cost=3646.18..3648.50 rows=931 width=121)
	  Sort Key: c
	  ->  Bitmap Heap Scan on sbtest3  (cost=21.98..3600.26 rows=931 width=121)
	        Recheck Cond: ((id >= 4568477) AND (id <= 4569476))
	        ->  Bitmap Index Scan on sbtest3_pkey  (cost=0.00..21.75 rows=931 width=0)
	              Index Cond: ((id >= 4568477) AND (id <= 4569476))

table 4 : explain SELECT c FROM sbtest4 WHERE id BETWEEN 4717676 AND 4718675 ORDER BY c
	Sort  (cost=4105.82..4108.45 rows=1051 width=121)
	  Sort Key: c
	  ->  Bitmap Heap Scan on sbtest4  (cost=23.21..4053.07 rows=1051 width=121)
	        Recheck Cond: ((id >= 4717676) AND (id <= 4718675))
	        ->  Bitmap Index Scan on sbtest4_pkey  (cost=0.00..22.94 rows=1051 width=0)
	              Index Cond: ((id >= 4717676) AND (id <= 4718675))

table 5 : explain SELECT c FROM sbtest5 WHERE id BETWEEN 9447774 AND 9448773 ORDER BY c
	Sort  (cost=3700.65..3703.01 rows=945 width=121)
	  Sort Key: c
	  ->  Bitmap Heap Scan on sbtest5  (cost=22.12..3653.95 rows=945 width=121)
	        Recheck Cond: ((id >= 9447774) AND (id <= 9448773))
	        ->  Bitmap Index Scan on sbtest5_pkey  (cost=0.00..21.89 rows=945 width=0)
	              Index Cond: ((id >= 9447774) AND (id <= 9448773))

table 6 : explain SELECT c FROM sbtest6 WHERE id BETWEEN 6354169 AND 6355168 ORDER BY c
	Sort  (cost=4167.80..4170.47 rows=1067 width=121)
	  Sort Key: c
	  ->  Bitmap Heap Scan on sbtest6  (cost=23.37..4114.14 rows=1067 width=121)
	        Recheck Cond: ((id >= 6354169) AND (id <= 6355168))
	        ->  Bitmap Index Scan on sbtest6_pkey  (cost=0.00..23.11 rows=1067 width=0)
	              Index Cond: ((id >= 6354169) AND (id <= 6355168))

table 7 : explain SELECT c FROM sbtest7 WHERE id BETWEEN 9641072 AND 9642071 ORDER BY c
	Sort  (cost=4274.75..4277.49 rows=1094 width=121)
	  Sort Key: c
	  ->  Bitmap Heap Scan on sbtest7  (cost=27.65..4219.53 rows=1094 width=121)
	        Recheck Cond: ((id >= 9641072) AND (id <= 9642071))
	        ->  Bitmap Index Scan on sbtest7_pkey  (cost=0.00..27.37 rows=1094 width=0)
	              Index Cond: ((id >= 9641072) AND (id <= 9642071))

table 8 : explain SELECT c FROM sbtest8 WHERE id BETWEEN 7660068 AND 7661067 ORDER BY c
	Sort  (cost=4079.98..4082.59 rows=1044 width=121)
	  Sort Key: c
	  ->  Bitmap Heap Scan on sbtest8  (cost=23.14..4027.64 rows=1044 width=121)
	        Recheck Cond: ((id >= 7660068) AND (id <= 7661067))
	        ->  Bitmap Index Scan on sbtest8_pkey  (cost=0.00..22.87 rows=1044 width=0)
	              Index Cond: ((id >= 7660068) AND (id <= 7661067))

explain: for point_selects :: explain SELECT c FROM sbtest%u WHERE id=%u
for: sum_ranges
table 1 : explain SELECT SUM(k) FROM sbtest1 WHERE id BETWEEN 6500491 AND 6501490
	Aggregate  (cost=4049.84..4049.85 rows=1 width=8)
	  ->  Bitmap Heap Scan on sbtest1  (cost=23.20..4047.21 rows=1050 width=4)
	        Recheck Cond: ((id >= 6500491) AND (id <= 6501490))
	        ->  Bitmap Index Scan on sbtest1_pkey  (cost=0.00..22.93 rows=1050 width=0)
	              Index Cond: ((id >= 6500491) AND (id <= 6501490))

table 2 : explain SELECT SUM(k) FROM sbtest2 WHERE id BETWEEN 5764298 AND 5765297
	Aggregate  (cost=3941.81..3941.82 rows=1 width=8)
	  ->  Bitmap Heap Scan on sbtest2  (cost=22.90..3939.26 rows=1021 width=4)
	        Recheck Cond: ((id >= 5764298) AND (id <= 5765297))
	        ->  Bitmap Index Scan on sbtest2_pkey  (cost=0.00..22.64 rows=1021 width=0)
	              Index Cond: ((id >= 5764298) AND (id <= 5765297))

table 3 : explain SELECT SUM(k) FROM sbtest3 WHERE id BETWEEN 5357860 AND 5358859
	Aggregate  (cost=4036.03..4036.04 rows=1 width=8)
	  ->  Bitmap Heap Scan on sbtest3  (cost=23.16..4033.42 rows=1046 width=4)
	        Recheck Cond: ((id >= 5357860) AND (id <= 5358859))
	        ->  Bitmap Index Scan on sbtest3_pkey  (cost=0.00..22.89 rows=1046 width=0)
	              Index Cond: ((id >= 5357860) AND (id <= 5358859))

table 4 : explain SELECT SUM(k) FROM sbtest4 WHERE id BETWEEN 8328887 AND 8329886
	Aggregate  (cost=4078.27..4078.28 rows=1 width=8)
	  ->  Bitmap Heap Scan on sbtest4  (cost=23.27..4075.63 rows=1057 width=4)
	        Recheck Cond: ((id >= 8328887) AND (id <= 8329886))
	        ->  Bitmap Index Scan on sbtest4_pkey  (cost=0.00..23.00 rows=1057 width=0)
	              Index Cond: ((id >= 8328887) AND (id <= 8329886))

table 5 : explain SELECT SUM(k) FROM sbtest5 WHERE id BETWEEN 9262517 AND 9263516
	Aggregate  (cost=3588.32..3588.33 rows=1 width=8)
	  ->  Bitmap Heap Scan on sbtest5  (cost=21.94..3586.00 rows=927 width=4)
	        Recheck Cond: ((id >= 9262517) AND (id <= 9263516))
	        ->  Bitmap Index Scan on sbtest5_pkey  (cost=0.00..21.70 rows=927 width=0)
	              Index Cond: ((id >= 9262517) AND (id <= 9263516))

table 6 : explain SELECT SUM(k) FROM sbtest6 WHERE id BETWEEN 3570978 AND 3571977
	Aggregate  (cost=3649.40..3649.41 rows=1 width=8)
	  ->  Bitmap Heap Scan on sbtest6  (cost=22.10..3647.04 rows=943 width=4)
	        Recheck Cond: ((id >= 3570978) AND (id <= 3571977))
	        ->  Bitmap Index Scan on sbtest6_pkey  (cost=0.00..21.86 rows=943 width=0)
	              Index Cond: ((id >= 3570978) AND (id <= 3571977))

table 7 : explain SELECT SUM(k) FROM sbtest7 WHERE id BETWEEN 2257081 AND 2258080
	Aggregate  (cost=3920.99..3921.00 rows=1 width=8)
	  ->  Bitmap Heap Scan on sbtest7  (cost=22.84..3918.45 rows=1015 width=4)
	        Recheck Cond: ((id >= 2257081) AND (id <= 2258080))
	        ->  Bitmap Index Scan on sbtest7_pkey  (cost=0.00..22.58 rows=1015 width=0)
	              Index Cond: ((id >= 2257081) AND (id <= 2258080))

table 8 : explain SELECT SUM(k) FROM sbtest8 WHERE id BETWEEN 1072973 AND 1073972
	Aggregate  (cost=3600.28..3600.29 rows=1 width=8)
	  ->  Bitmap Heap Scan on sbtest8  (cost=21.97..3597.95 rows=930 width=4)
	        Recheck Cond: ((id >= 1072973) AND (id <= 1073972))
	        ->  Bitmap Index Scan on sbtest8_pkey  (cost=0.00..21.73 rows=930 width=0)
	              Index Cond: ((id >= 1072973) AND (id <= 1073972))

for: sum_ranges
table 1 : explain SELECT SUM(k) FROM sbtest1 WHERE id BETWEEN 8772002 AND 8773001
	Aggregate  (cost=3982.15..3982.16 rows=1 width=8)
	  ->  Bitmap Heap Scan on sbtest1  (cost=23.01..3979.57 rows=1032 width=4)
	        Recheck Cond: ((id >= 8772002) AND (id <= 8773001))
	        ->  Bitmap Index Scan on sbtest1_pkey  (cost=0.00..22.75 rows=1032 width=0)
	              Index Cond: ((id >= 8772002) AND (id <= 8773001))

table 2 : explain SELECT SUM(k) FROM sbtest2 WHERE id BETWEEN 3528980 AND 3529979
	Aggregate  (cost=3847.66..3847.67 rows=1 width=8)
	  ->  Bitmap Heap Scan on sbtest2  (cost=22.64..3845.17 rows=996 width=4)
	        Recheck Cond: ((id >= 3528980) AND (id <= 3529979))
	        ->  Bitmap Index Scan on sbtest2_pkey  (cost=0.00..22.39 rows=996 width=0)
	              Index Cond: ((id >= 3528980) AND (id <= 3529979))

table 3 : explain SELECT SUM(k) FROM sbtest3 WHERE id BETWEEN 1579781 AND 1580780
	Aggregate  (cost=3896.77..3896.78 rows=1 width=8)
	  ->  Bitmap Heap Scan on sbtest3  (cost=22.78..3894.24 rows=1009 width=4)
	        Recheck Cond: ((id >= 1579781) AND (id <= 1580780))
	        ->  Bitmap Index Scan on sbtest3_pkey  (cost=0.00..22.52 rows=1009 width=0)
	              Index Cond: ((id >= 1579781) AND (id <= 1580780))

table 4 : explain SELECT SUM(k) FROM sbtest4 WHERE id BETWEEN 3979132 AND 3980131
	Aggregate  (cost=4427.82..4427.83 rows=1 width=8)
	  ->  Bitmap Heap Scan on sbtest4  (cost=28.22..4424.95 rows=1150 width=4)
	        Recheck Cond: ((id >= 3979132) AND (id <= 3980131))
	        ->  Bitmap Index Scan on sbtest4_pkey  (cost=0.00..27.93 rows=1150 width=0)
	              Index Cond: ((id >= 3979132) AND (id <= 3980131))

table 5 : explain SELECT SUM(k) FROM sbtest5 WHERE id BETWEEN 7181035 AND 7182034
	Aggregate  (cost=3546.75..3546.76 rows=1 width=8)
	  ->  Bitmap Heap Scan on sbtest5  (cost=21.82..3544.46 rows=916 width=4)
	        Recheck Cond: ((id >= 7181035) AND (id <= 7182034))
	        ->  Bitmap Index Scan on sbtest5_pkey  (cost=0.00..21.59 rows=916 width=0)
	              Index Cond: ((id >= 7181035) AND (id <= 7182034))

table 6 : explain SELECT SUM(k) FROM sbtest6 WHERE id BETWEEN 7922115 AND 7923114
	Aggregate  (cost=3728.70..3728.71 rows=1 width=8)
	  ->  Bitmap Heap Scan on sbtest6  (cost=22.32..3726.29 rows=964 width=4)
	        Recheck Cond: ((id >= 7922115) AND (id <= 7923114))
	        ->  Bitmap Index Scan on sbtest6_pkey  (cost=0.00..22.07 rows=964 width=0)
	              Index Cond: ((id >= 7922115) AND (id <= 7923114))

table 7 : explain SELECT SUM(k) FROM sbtest7 WHERE id BETWEEN 1965353 AND 1966352
	Aggregate  (cost=3883.30..3883.31 rows=1 width=8)
	  ->  Bitmap Heap Scan on sbtest7  (cost=22.74..3880.79 rows=1005 width=4)
	        Recheck Cond: ((id >= 1965353) AND (id <= 1966352))
	        ->  Bitmap Index Scan on sbtest7_pkey  (cost=0.00..22.48 rows=1005 width=0)
	              Index Cond: ((id >= 1965353) AND (id <= 1966352))

table 8 : explain SELECT SUM(k) FROM sbtest8 WHERE id BETWEEN 4748515 AND 4749514
	Aggregate  (cost=3743.79..3743.80 rows=1 width=8)
	  ->  Bitmap Heap Scan on sbtest8  (cost=22.36..3741.37 rows=968 width=4)
	        Recheck Cond: ((id >= 4748515) AND (id <= 4749514))
	        ->  Bitmap Index Scan on sbtest8_pkey  (cost=0.00..22.11 rows=968 width=0)
	              Index Cond: ((id >= 4748515) AND (id <= 4749514))

explain: for point_selects :: explain SELECT c FROM sbtest%u WHERE id=%u
for: distinct_ranges
table 1 : explain SELECT DISTINCT c FROM sbtest1 WHERE id BETWEEN 416433 AND 417432 ORDER BY c
	Unique  (cost=4015.96..4021.10 rows=1028 width=121)
	  ->  Sort  (cost=4015.96..4018.53 rows=1028 width=121)
	        Sort Key: c
	        ->  Bitmap Heap Scan on sbtest1  (cost=22.97..3964.53 rows=1028 width=121)
	              Recheck Cond: ((id >= 416433) AND (id <= 417432))
	              ->  Bitmap Index Scan on sbtest1_pkey  (cost=0.00..22.71 rows=1028 width=0)
	                    Index Cond: ((id >= 416433) AND (id <= 417432))

table 2 : explain SELECT DISTINCT c FROM sbtest2 WHERE id BETWEEN 6240855 AND 6241854 ORDER BY c
	Unique  (cost=3955.91..3960.97 rows=1012 width=121)
	  ->  Sort  (cost=3955.91..3958.44 rows=1012 width=121)
	        Sort Key: c
	        ->  Bitmap Heap Scan on sbtest2  (cost=22.81..3905.40 rows=1012 width=121)
	              Recheck Cond: ((id >= 6240855) AND (id <= 6241854))
	              ->  Bitmap Index Scan on sbtest2_pkey  (cost=0.00..22.55 rows=1012 width=0)
	                    Index Cond: ((id >= 6240855) AND (id <= 6241854))

table 3 : explain SELECT DISTINCT c FROM sbtest3 WHERE id BETWEEN 2981951 AND 2982950 ORDER BY c
	Unique  (cost=3879.61..3884.57 rows=992 width=121)
	  ->  Sort  (cost=3879.61..3882.09 rows=992 width=121)
	        Sort Key: c
	        ->  Bitmap Heap Scan on sbtest3  (cost=22.60..3830.24 rows=992 width=121)
	              Recheck Cond: ((id >= 2981951) AND (id <= 2982950))
	              ->  Bitmap Index Scan on sbtest3_pkey  (cost=0.00..22.36 rows=992 width=0)
	                    Index Cond: ((id >= 2981951) AND (id <= 2982950))

table 4 : explain SELECT DISTINCT c FROM sbtest4 WHERE id BETWEEN 2643197 AND 2644196 ORDER BY c
	Unique  (cost=3708.19..3712.92 rows=947 width=121)
	  ->  Sort  (cost=3708.19..3710.55 rows=947 width=121)
	        Sort Key: c
	        ->  Bitmap Heap Scan on sbtest4  (cost=22.14..3661.37 rows=947 width=121)
	              Recheck Cond: ((id >= 2643197) AND (id <= 2644196))
	              ->  Bitmap Index Scan on sbtest4_pkey  (cost=0.00..21.90 rows=947 width=0)
	                    Index Cond: ((id >= 2643197) AND (id <= 2644196))

table 5 : explain SELECT DISTINCT c FROM sbtest5 WHERE id BETWEEN 72480 AND 73479 ORDER BY c
	Unique  (cost=3727.46..3732.22 rows=952 width=121)
	  ->  Sort  (cost=3727.46..3729.84 rows=952 width=121)
	        Sort Key: c
	        ->  Bitmap Heap Scan on sbtest5  (cost=22.19..3680.36 rows=952 width=121)
	              Recheck Cond: ((id >= 72480) AND (id <= 73479))
	              ->  Bitmap Index Scan on sbtest5_pkey  (cost=0.00..21.95 rows=952 width=0)
	                    Index Cond: ((id >= 72480) AND (id <= 73479))

table 6 : explain SELECT DISTINCT c FROM sbtest6 WHERE id BETWEEN 5069447 AND 5070446 ORDER BY c
	Unique  (cost=3636.15..3640.79 rows=928 width=121)
	  ->  Sort  (cost=3636.15..3638.47 rows=928 width=121)
	        Sort Key: c
	        ->  Bitmap Heap Scan on sbtest6  (cost=21.95..3590.41 rows=928 width=121)
	              Recheck Cond: ((id >= 5069447) AND (id <= 5070446))
	              ->  Bitmap Index Scan on sbtest6_pkey  (cost=0.00..21.71 rows=928 width=0)
	                    Index Cond: ((id >= 5069447) AND (id <= 5070446))

table 7 : explain SELECT DISTINCT c FROM sbtest7 WHERE id BETWEEN 5497585 AND 5498584 ORDER BY c
	Unique  (cost=3907.96..3912.95 rows=999 width=121)
	  ->  Sort  (cost=3907.96..3910.46 rows=999 width=121)
	        Sort Key: c
	        ->  Bitmap Heap Scan on sbtest7  (cost=22.67..3858.19 rows=999 width=121)
	              Recheck Cond: ((id >= 5497585) AND (id <= 5498584))
	              ->  Bitmap Index Scan on sbtest7_pkey  (cost=0.00..22.43 rows=999 width=0)
	                    Index Cond: ((id >= 5497585) AND (id <= 5498584))

table 8 : explain SELECT DISTINCT c FROM sbtest8 WHERE id BETWEEN 3474620 AND 3475619 ORDER BY c
	Unique  (cost=4221.40..4226.80 rows=1080 width=121)
	  ->  Sort  (cost=4221.40..4224.10 rows=1080 width=121)
	        Sort Key: c
	        ->  Bitmap Heap Scan on sbtest8  (cost=27.50..4166.98 rows=1080 width=121)
	              Recheck Cond: ((id >= 3474620) AND (id <= 3475619))
	              ->  Bitmap Index Scan on sbtest8_pkey  (cost=0.00..27.23 rows=1080 width=0)
	                    Index Cond: ((id >= 3474620) AND (id <= 3475619))

for point_selects
table 1 : explain SELECT c FROM sbtest1 WHERE id=1355313
	Index Scan using sbtest1_pkey on sbtest1  (cost=0.43..8.45 rows=1 width=121)
	  Index Cond: (id = 1355313)

table 2 : explain SELECT c FROM sbtest2 WHERE id=6883856
	Index Scan using sbtest2_pkey on sbtest2  (cost=0.43..8.45 rows=1 width=121)
	  Index Cond: (id = 6883856)

table 3 : explain SELECT c FROM sbtest3 WHERE id=4317370
	Index Scan using sbtest3_pkey on sbtest3  (cost=0.43..8.45 rows=1 width=121)
	  Index Cond: (id = 4317370)

table 4 : explain SELECT c FROM sbtest4 WHERE id=2543742
	Index Scan using sbtest4_pkey on sbtest4  (cost=0.43..8.45 rows=1 width=121)
	  Index Cond: (id = 2543742)

table 5 : explain SELECT c FROM sbtest5 WHERE id=3115729
	Index Scan using sbtest5_pkey on sbtest5  (cost=0.43..8.45 rows=1 width=121)
	  Index Cond: (id = 3115729)

table 6 : explain SELECT c FROM sbtest6 WHERE id=4706237
	Index Scan using sbtest6_pkey on sbtest6  (cost=0.43..8.45 rows=1 width=121)
	  Index Cond: (id = 4706237)

table 7 : explain SELECT c FROM sbtest7 WHERE id=6457937
	Index Scan using sbtest7_pkey on sbtest7  (cost=0.43..8.45 rows=1 width=121)
	  Index Cond: (id = 6457937)

table 8 : explain SELECT c FROM sbtest8 WHERE id=9373995
	Index Scan using sbtest8_pkey on sbtest8  (cost=0.43..8.45 rows=1 width=121)
	  Index Cond: (id = 9373995)

explain: for point_selects :: explain SELECT c FROM sbtest%u WHERE id=%u
for point_selects
table 1 : explain SELECT c FROM sbtest1 WHERE id=1087459
	Index Scan using sbtest1_pkey on sbtest1  (cost=0.43..8.45 rows=1 width=121)
	  Index Cond: (id = 1087459)

table 2 : explain SELECT c FROM sbtest2 WHERE id=4164169
	Index Scan using sbtest2_pkey on sbtest2  (cost=0.43..8.45 rows=1 width=121)
	  Index Cond: (id = 4164169)

table 3 : explain SELECT c FROM sbtest3 WHERE id=6936623
	Index Scan using sbtest3_pkey on sbtest3  (cost=0.43..8.45 rows=1 width=121)
	  Index Cond: (id = 6936623)

table 4 : explain SELECT c FROM sbtest4 WHERE id=5414790
	Index Scan using sbtest4_pkey on sbtest4  (cost=0.43..8.45 rows=1 width=121)
	  Index Cond: (id = 5414790)

table 5 : explain SELECT c FROM sbtest5 WHERE id=3295087
	Index Scan using sbtest5_pkey on sbtest5  (cost=0.43..8.45 rows=1 width=121)
	  Index Cond: (id = 3295087)

table 6 : explain SELECT c FROM sbtest6 WHERE id=3955120
	Index Scan using sbtest6_pkey on sbtest6  (cost=0.43..8.45 rows=1 width=121)
	  Index Cond: (id = 3955120)

table 7 : explain SELECT c FROM sbtest7 WHERE id=8996340
	Index Scan using sbtest7_pkey on sbtest7  (cost=0.43..8.45 rows=1 width=121)
	  Index Cond: (id = 8996340)

table 8 : explain SELECT c FROM sbtest8 WHERE id=6382931
	Index Scan using sbtest8_pkey on sbtest8  (cost=0.43..8.45 rows=1 width=121)
	  Index Cond: (id = 6382931)

explain: for point_selects :: explain SELECT c FROM sbtest%u WHERE id=%u
explain: for point_selects :: explain SELECT c FROM sbtest%u WHERE id=%u
for: order_ranges
table 1 : explain SELECT c FROM sbtest1 WHERE id BETWEEN 2525432 AND 2526431 ORDER BY c
	Sort  (cost=4477.20..4480.07 rows=1149 width=121)
	  Sort Key: c
	  ->  Bitmap Heap Scan on sbtest1  (cost=28.21..4418.80 rows=1149 width=121)
	        Recheck Cond: ((id >= 2525432) AND (id <= 2526431))
	        ->  Bitmap Index Scan on sbtest1_pkey  (cost=0.00..27.93 rows=1149 width=0)
	              Index Cond: ((id >= 2525432) AND (id <= 2526431))

table 2 : explain SELECT c FROM sbtest2 WHERE id BETWEEN 5647418 AND 5648417 ORDER BY c
	Sort  (cost=3803.00..3805.43 rows=972 width=121)
	  Sort Key: c
	  ->  Bitmap Heap Scan on sbtest2  (cost=22.40..3754.76 rows=972 width=121)
	        Recheck Cond: ((id >= 5647418) AND (id <= 5648417))
	        ->  Bitmap Index Scan on sbtest2_pkey  (cost=0.00..22.15 rows=972 width=0)
	              Index Cond: ((id >= 5647418) AND (id <= 5648417))

table 3 : explain SELECT c FROM sbtest3 WHERE id BETWEEN 9708804 AND 9709803 ORDER BY c
	Sort  (cost=3906.37..3908.87 rows=999 width=121)
	  Sort Key: c
	  ->  Bitmap Heap Scan on sbtest3  (cost=22.67..3856.60 rows=999 width=121)
	        Recheck Cond: ((id >= 9708804) AND (id <= 9709803))
	        ->  Bitmap Index Scan on sbtest3_pkey  (cost=0.00..22.43 rows=999 width=0)
	              Index Cond: ((id >= 9708804) AND (id <= 9709803))

table 4 : explain SELECT c FROM sbtest4 WHERE id BETWEEN 1751021 AND 1752020 ORDER BY c
	Sort  (cost=3470.49..3472.71 rows=885 width=121)
	  Sort Key: c
	  ->  Bitmap Heap Scan on sbtest4  (cost=21.51..3427.17 rows=885 width=121)
	        Recheck Cond: ((id >= 1751021) AND (id <= 1752020))
	        ->  Bitmap Index Scan on sbtest4_pkey  (cost=0.00..21.29 rows=885 width=0)
	              Index Cond: ((id >= 1751021) AND (id <= 1752020))

table 5 : explain SELECT c FROM sbtest5 WHERE id BETWEEN 758343 AND 759342 ORDER BY c
	Sort  (cost=3957.00..3959.53 rows=1012 width=121)
	  Sort Key: c
	  ->  Bitmap Heap Scan on sbtest5  (cost=22.81..3906.49 rows=1012 width=121)
	        Recheck Cond: ((id >= 758343) AND (id <= 759342))
	        ->  Bitmap Index Scan on sbtest5_pkey  (cost=0.00..22.55 rows=1012 width=0)
	              Index Cond: ((id >= 758343) AND (id <= 759342))

table 6 : explain SELECT c FROM sbtest6 WHERE id BETWEEN 9540474 AND 9541473 ORDER BY c
	Sort  (cost=3953.89..3956.42 rows=1011 width=121)
	  Sort Key: c
	  ->  Bitmap Heap Scan on sbtest6  (cost=22.80..3903.44 rows=1011 width=121)
	        Recheck Cond: ((id >= 9540474) AND (id <= 9541473))
	        ->  Bitmap Index Scan on sbtest6_pkey  (cost=0.00..22.54 rows=1011 width=0)
	              Index Cond: ((id >= 9540474) AND (id <= 9541473))

table 7 : explain SELECT c FROM sbtest7 WHERE id BETWEEN 5599160 AND 5600159 ORDER BY c
	Sort  (cost=3712.75..3715.12 rows=948 width=121)
	  Sort Key: c
	  ->  Bitmap Heap Scan on sbtest7  (cost=22.15..3665.87 rows=948 width=121)
	        Recheck Cond: ((id >= 5599160) AND (id <= 5600159))
	        ->  Bitmap Index Scan on sbtest7_pkey  (cost=0.00..21.91 rows=948 width=0)
	              Index Cond: ((id >= 5599160) AND (id <= 5600159))

table 8 : explain SELECT c FROM sbtest8 WHERE id BETWEEN 6956171 AND 6957170 ORDER BY c
	Sort  (cost=3950.06..3952.59 rows=1010 width=121)
	  Sort Key: c
	  ->  Bitmap Heap Scan on sbtest8  (cost=22.79..3899.66 rows=1010 width=121)
	        Recheck Cond: ((id >= 6956171) AND (id <= 6957170))
	        ->  Bitmap Index Scan on sbtest8_pkey  (cost=0.00..22.54 rows=1010 width=0)
	              Index Cond: ((id >= 6956171) AND (id <= 6957170))

for: distinct_ranges
table 1 : explain SELECT DISTINCT c FROM sbtest1 WHERE id BETWEEN 159768 AND 160767 ORDER BY c
	Unique  (cost=3656.63..3661.30 rows=934 width=121)
	  ->  Sort  (cost=3656.63..3658.96 rows=934 width=121)
	        Sort Key: c
	        ->  Bitmap Heap Scan on sbtest1  (cost=22.01..3610.54 rows=934 width=121)
	              Recheck Cond: ((id >= 159768) AND (id <= 160767))
	              ->  Bitmap Index Scan on sbtest1_pkey  (cost=0.00..21.77 rows=934 width=0)
	                    Index Cond: ((id >= 159768) AND (id <= 160767))

table 2 : explain SELECT DISTINCT c FROM sbtest2 WHERE id BETWEEN 3923691 AND 3924690 ORDER BY c
	Unique  (cost=3795.35..3800.20 rows=970 width=121)
	  ->  Sort  (cost=3795.35..3797.77 rows=970 width=121)
	        Sort Key: c
	        ->  Bitmap Heap Scan on sbtest2  (cost=22.38..3747.22 rows=970 width=121)
	              Recheck Cond: ((id >= 3923691) AND (id <= 3924690))
	              ->  Bitmap Index Scan on sbtest2_pkey  (cost=0.00..22.14 rows=970 width=0)
	                    Index Cond: ((id >= 3923691) AND (id <= 3924690))

table 3 : explain SELECT DISTINCT c FROM sbtest3 WHERE id BETWEEN 8879813 AND 8880812 ORDER BY c
	Unique  (cost=4451.99..4457.70 rows=1142 width=121)
	  ->  Sort  (cost=4451.99..4454.84 rows=1142 width=121)
	        Sort Key: c
	        ->  Bitmap Heap Scan on sbtest3  (cost=28.14..4393.99 rows=1142 width=121)
	              Recheck Cond: ((id >= 8879813) AND (id <= 8880812))
	              ->  Bitmap Index Scan on sbtest3_pkey  (cost=0.00..27.86 rows=1142 width=0)
	                    Index Cond: ((id >= 8879813) AND (id <= 8880812))

table 4 : explain SELECT DISTINCT c FROM sbtest4 WHERE id BETWEEN 8351063 AND 8352062 ORDER BY c
	Unique  (cost=3815.37..3820.25 rows=975 width=121)
	  ->  Sort  (cost=3815.37..3817.81 rows=975 width=121)
	        Sort Key: c
	        ->  Bitmap Heap Scan on sbtest4  (cost=22.43..3766.97 rows=975 width=121)
	              Recheck Cond: ((id >= 8351063) AND (id <= 8352062))
	              ->  Bitmap Index Scan on sbtest4_pkey  (cost=0.00..22.18 rows=975 width=0)
	                    Index Cond: ((id >= 8351063) AND (id <= 8352062))

table 5 : explain SELECT DISTINCT c FROM sbtest5 WHERE id BETWEEN 6997843 AND 6998842 ORDER BY c
	Unique  (cost=3447.58..3451.97 rows=879 width=121)
	  ->  Sort  (cost=3447.58..3449.77 rows=879 width=121)
	        Sort Key: c
	        ->  Bitmap Heap Scan on sbtest5  (cost=21.44..3404.59 rows=879 width=121)
	              Recheck Cond: ((id >= 6997843) AND (id <= 6998842))
	              ->  Bitmap Index Scan on sbtest5_pkey  (cost=0.00..21.22 rows=879 width=0)
	                    Index Cond: ((id >= 6997843) AND (id <= 6998842))

table 6 : explain SELECT DISTINCT c FROM sbtest6 WHERE id BETWEEN 8010400 AND 8011399 ORDER BY c
	Unique  (cost=4007.41..4012.53 rows=1025 width=121)
	  ->  Sort  (cost=4007.41..4009.97 rows=1025 width=121)
	        Sort Key: c
	        ->  Bitmap Heap Scan on sbtest6  (cost=22.94..3956.15 rows=1025 width=121)
	              Recheck Cond: ((id >= 8010400) AND (id <= 8011399))
	              ->  Bitmap Index Scan on sbtest6_pkey  (cost=0.00..22.68 rows=1025 width=0)
	                    Index Cond: ((id >= 8010400) AND (id <= 8011399))

table 7 : explain SELECT DISTINCT c FROM sbtest7 WHERE id BETWEEN 2923386 AND 2924385 ORDER BY c
	Unique  (cost=4076.12..4081.34 rows=1043 width=121)
	  ->  Sort  (cost=4076.12..4078.73 rows=1043 width=121)
	        Sort Key: c
	        ->  Bitmap Heap Scan on sbtest7  (cost=23.13..4023.83 rows=1043 width=121)
	              Recheck Cond: ((id >= 2923386) AND (id <= 2924385))
	              ->  Bitmap Index Scan on sbtest7_pkey  (cost=0.00..22.86 rows=1043 width=0)
	                    Index Cond: ((id >= 2923386) AND (id <= 2924385))

table 8 : explain SELECT DISTINCT c FROM sbtest8 WHERE id BETWEEN 3854683 AND 3855682 ORDER BY c
	Unique  (cost=4640.42..4646.38 rows=1191 width=121)
	  ->  Sort  (cost=4640.42..4643.40 rows=1191 width=121)
	        Sort Key: c
	        ->  Bitmap Heap Scan on sbtest8  (cost=28.64..4579.57 rows=1191 width=121)
	              Recheck Cond: ((id >= 3854683) AND (id <= 3855682))
	              ->  Bitmap Index Scan on sbtest8_pkey  (cost=0.00..28.34 rows=1191 width=0)
	                    Index Cond: ((id >= 3854683) AND (id <= 3855682))

for: order_ranges
table 1 : explain SELECT c FROM sbtest1 WHERE id BETWEEN 8457467 AND 8458466 ORDER BY c
	Sort  (cost=3733.17..3735.56 rows=954 width=121)
	  Sort Key: c
	  ->  Bitmap Heap Scan on sbtest1  (cost=22.21..3685.96 rows=954 width=121)
	        Recheck Cond: ((id >= 8457467) AND (id <= 8458466))
	        ->  Bitmap Index Scan on sbtest1_pkey  (cost=0.00..21.97 rows=954 width=0)
	              Index Cond: ((id >= 8457467) AND (id <= 8458466))

table 2 : explain SELECT c FROM sbtest2 WHERE id BETWEEN 4003643 AND 4004642 ORDER BY c
	Sort  (cost=3929.16..3931.68 rows=1005 width=121)
	  Sort Key: c
	  ->  Bitmap Heap Scan on sbtest2  (cost=22.74..3879.05 rows=1005 width=121)
	        Recheck Cond: ((id >= 4003643) AND (id <= 4004642))
	        ->  Bitmap Index Scan on sbtest2_pkey  (cost=0.00..22.48 rows=1005 width=0)
	              Index Cond: ((id >= 4003643) AND (id <= 4004642))

table 3 : explain SELECT c FROM sbtest3 WHERE id BETWEEN 1795358 AND 1796357 ORDER BY c
	Sort  (cost=3936.94..3939.46 rows=1007 width=121)
	  Sort Key: c
	  ->  Bitmap Heap Scan on sbtest3  (cost=22.76..3886.72 rows=1007 width=121)
	        Recheck Cond: ((id >= 1795358) AND (id <= 1796357))
	        ->  Bitmap Index Scan on sbtest3_pkey  (cost=0.00..22.50 rows=1007 width=0)
	              Index Cond: ((id >= 1795358) AND (id <= 1796357))

table 4 : explain SELECT c FROM sbtest4 WHERE id BETWEEN 2331433 AND 2332432 ORDER BY c
	Sort  (cost=3907.17..3909.67 rows=999 width=121)
	  Sort Key: c
	  ->  Bitmap Heap Scan on sbtest4  (cost=22.67..3857.40 rows=999 width=121)
	        Recheck Cond: ((id >= 2331433) AND (id <= 2332432))
	        ->  Bitmap Index Scan on sbtest4_pkey  (cost=0.00..22.43 rows=999 width=0)
	              Index Cond: ((id >= 2331433) AND (id <= 2332432))

table 5 : explain SELECT c FROM sbtest5 WHERE id BETWEEN 1174277 AND 1175276 ORDER BY c
	Sort  (cost=3374.62..3376.77 rows=860 width=121)
	  Sort Key: c
	  ->  Bitmap Heap Scan on sbtest5  (cost=21.25..3332.70 rows=860 width=121)
	        Recheck Cond: ((id >= 1174277) AND (id <= 1175276))
	        ->  Bitmap Index Scan on sbtest5_pkey  (cost=0.00..21.04 rows=860 width=0)
	              Index Cond: ((id >= 1174277) AND (id <= 1175276))

table 6 : explain SELECT c FROM sbtest6 WHERE id BETWEEN 3830101 AND 3831100 ORDER BY c
	Sort  (cost=3628.48..3630.79 rows=926 width=121)
	  Sort Key: c
	  ->  Bitmap Heap Scan on sbtest6  (cost=21.93..3582.85 rows=926 width=121)
	        Recheck Cond: ((id >= 3830101) AND (id <= 3831100))
	        ->  Bitmap Index Scan on sbtest6_pkey  (cost=0.00..21.69 rows=926 width=0)
	              Index Cond: ((id >= 3830101) AND (id <= 3831100))

table 7 : explain SELECT c FROM sbtest7 WHERE id BETWEEN 6227626 AND 6228625 ORDER BY c
	Sort  (cost=4041.74..4044.33 rows=1034 width=121)
	  Sort Key: c
	  ->  Bitmap Heap Scan on sbtest7  (cost=23.03..3989.97 rows=1034 width=121)
	        Recheck Cond: ((id >= 6227626) AND (id <= 6228625))
	        ->  Bitmap Index Scan on sbtest7_pkey  (cost=0.00..22.77 rows=1034 width=0)
	              Index Cond: ((id >= 6227626) AND (id <= 6228625))

table 8 : explain SELECT c FROM sbtest8 WHERE id BETWEEN 2724106 AND 2725105 ORDER BY c
	Sort  (cost=3869.75..3872.22 rows=989 width=121)
	  Sort Key: c
	  ->  Bitmap Heap Scan on sbtest8  (cost=22.57..3820.54 rows=989 width=121)
	        Recheck Cond: ((id >= 2724106) AND (id <= 2725105))
	        ->  Bitmap Index Scan on sbtest8_pkey  (cost=0.00..22.32 rows=989 width=0)
	              Index Cond: ((id >= 2724106) AND (id <= 2725105))

for: simple_ranges
table 1 : explain SELECT c FROM sbtest1 WHERE id BETWEEN 8196493 AND 8197492
	Bitmap Heap Scan on sbtest1  (cost=23.35..4103.55 rows=1065 width=121)
	  Recheck Cond: ((id >= 8196493) AND (id <= 8197492))
	  ->  Bitmap Index Scan on sbtest1_pkey  (cost=0.00..23.08 rows=1065 width=0)
	        Index Cond: ((id >= 8196493) AND (id <= 8197492))

table 2 : explain SELECT c FROM sbtest2 WHERE id BETWEEN 5537139 AND 5538138
	Bitmap Heap Scan on sbtest2  (cost=23.42..4130.96 rows=1072 width=121)
	  Recheck Cond: ((id >= 5537139) AND (id <= 5538138))
	  ->  Bitmap Index Scan on sbtest2_pkey  (cost=0.00..23.15 rows=1072 width=0)
	        Index Cond: ((id >= 5537139) AND (id <= 5538138))

table 3 : explain SELECT c FROM sbtest3 WHERE id BETWEEN 5618660 AND 5619659
	Bitmap Heap Scan on sbtest3  (cost=21.48..3415.17 rows=882 width=121)
	  Recheck Cond: ((id >= 5618660) AND (id <= 5619659))
	  ->  Bitmap Index Scan on sbtest3_pkey  (cost=0.00..21.25 rows=882 width=0)
	        Index Cond: ((id >= 5618660) AND (id <= 5619659))

table 4 : explain SELECT c FROM sbtest4 WHERE id BETWEEN 2593606 AND 2594605
	Bitmap Heap Scan on sbtest4  (cost=22.22..3691.55 rows=955 width=121)
	  Recheck Cond: ((id >= 2593606) AND (id <= 2594605))
	  ->  Bitmap Index Scan on sbtest4_pkey  (cost=0.00..21.98 rows=955 width=0)
	        Index Cond: ((id >= 2593606) AND (id <= 2594605))

table 5 : explain SELECT c FROM sbtest5 WHERE id BETWEEN 2318828 AND 2319827
	Bitmap Heap Scan on sbtest5  (cost=22.68..3861.30 rows=1000 width=121)
	  Recheck Cond: ((id >= 2318828) AND (id <= 2319827))
	  ->  Bitmap Index Scan on sbtest5_pkey  (cost=0.00..22.43 rows=1000 width=0)
	        Index Cond: ((id >= 2318828) AND (id <= 2319827))

table 6 : explain SELECT c FROM sbtest6 WHERE id BETWEEN 9248433 AND 9249432
	Bitmap Heap Scan on sbtest6  (cost=27.68..4230.85 rows=1097 width=121)
	  Recheck Cond: ((id >= 9248433) AND (id <= 9249432))
	  ->  Bitmap Index Scan on sbtest6_pkey  (cost=0.00..27.40 rows=1097 width=0)
	        Index Cond: ((id >= 9248433) AND (id <= 9249432))

table 7 : explain SELECT c FROM sbtest7 WHERE id BETWEEN 183152 AND 184151
	Bitmap Heap Scan on sbtest7  (cost=22.90..3941.04 rows=1021 width=121)
	  Recheck Cond: ((id >= 183152) AND (id <= 184151))
	  ->  Bitmap Index Scan on sbtest7_pkey  (cost=0.00..22.64 rows=1021 width=0)
	        Index Cond: ((id >= 183152) AND (id <= 184151))

table 8 : explain SELECT c FROM sbtest8 WHERE id BETWEEN 3699794 AND 3700793
	Bitmap Heap Scan on sbtest8  (cost=23.38..4117.88 rows=1068 width=121)
	  Recheck Cond: ((id >= 3699794) AND (id <= 3700793))
	  ->  Bitmap Index Scan on sbtest8_pkey  (cost=0.00..23.11 rows=1068 width=0)
	        Index Cond: ((id >= 3699794) AND (id <= 3700793))

for point_selects
table 1 : explain SELECT c FROM sbtest1 WHERE id=4879791
	Index Scan using sbtest1_pkey on sbtest1  (cost=0.43..8.45 rows=1 width=121)
	  Index Cond: (id = 4879791)

table 2 : explain SELECT c FROM sbtest2 WHERE id=1771911
	Index Scan using sbtest2_pkey on sbtest2  (cost=0.43..8.45 rows=1 width=121)
	  Index Cond: (id = 1771911)

table 3 : explain SELECT c FROM sbtest3 WHERE id=3882341
	Index Scan using sbtest3_pkey on sbtest3  (cost=0.43..8.45 rows=1 width=121)
	  Index Cond: (id = 3882341)

table 4 : explain SELECT c FROM sbtest4 WHERE id=7418674
	Index Scan using sbtest4_pkey on sbtest4  (cost=0.43..8.45 rows=1 width=121)
	  Index Cond: (id = 7418674)

table 5 : explain SELECT c FROM sbtest5 WHERE id=676933
	Index Scan using sbtest5_pkey on sbtest5  (cost=0.43..8.45 rows=1 width=121)
	  Index Cond: (id = 676933)

table 6 : explain SELECT c FROM sbtest6 WHERE id=4577429
	Index Scan using sbtest6_pkey on sbtest6  (cost=0.43..8.45 rows=1 width=121)
	  Index Cond: (id = 4577429)

table 7 : explain SELECT c FROM sbtest7 WHERE id=1024549
	Index Scan using sbtest7_pkey on sbtest7  (cost=0.43..8.45 rows=1 width=121)
	  Index Cond: (id = 1024549)

table 8 : explain SELECT c FROM sbtest8 WHERE id=7308399
	Index Scan using sbtest8_pkey on sbtest8  (cost=0.43..8.45 rows=1 width=121)
	  Index Cond: (id = 7308399)

for point_selects
table 1 : explain SELECT c FROM sbtest1 WHERE id=3665771
	Index Scan using sbtest1_pkey on sbtest1  (cost=0.43..8.45 rows=1 width=121)
	  Index Cond: (id = 3665771)

table 2 : explain SELECT c FROM sbtest2 WHERE id=5362345
	Index Scan using sbtest2_pkey on sbtest2  (cost=0.43..8.45 rows=1 width=121)
	  Index Cond: (id = 5362345)

table 3 : explain SELECT c FROM sbtest3 WHERE id=9824790
	Index Scan using sbtest3_pkey on sbtest3  (cost=0.43..8.45 rows=1 width=121)
	  Index Cond: (id = 9824790)

table 4 : explain SELECT c FROM sbtest4 WHERE id=7668969
	Index Scan using sbtest4_pkey on sbtest4  (cost=0.43..8.45 rows=1 width=121)
	  Index Cond: (id = 7668969)

table 5 : explain SELECT c FROM sbtest5 WHERE id=480106
	Index Scan using sbtest5_pkey on sbtest5  (cost=0.43..8.45 rows=1 width=121)
	  Index Cond: (id = 480106)

table 6 : explain SELECT c FROM sbtest6 WHERE id=5266354
	Index Scan using sbtest6_pkey on sbtest6  (cost=0.43..8.45 rows=1 width=121)
	  Index Cond: (id = 5266354)

table 7 : explain SELECT c FROM sbtest7 WHERE id=2673696
	Index Scan using sbtest7_pkey on sbtest7  (cost=0.43..8.45 rows=1 width=121)
	  Index Cond: (id = 2673696)

table 8 : explain SELECT c FROM sbtest8 WHERE id=718182
	Index Scan using sbtest8_pkey on sbtest8  (cost=0.43..8.45 rows=1 width=121)
	  Index Cond: (id = 718182)

for: simple_ranges
table 1 : explain SELECT c FROM sbtest1 WHERE id BETWEEN 1931551 AND 1932550
	Bitmap Heap Scan on sbtest1  (cost=28.05..4358.87 rows=1133 width=121)
	  Recheck Cond: ((id >= 1931551) AND (id <= 1932550))
	  ->  Bitmap Index Scan on sbtest1_pkey  (cost=0.00..27.76 rows=1133 width=0)
	        Index Cond: ((id >= 1931551) AND (id <= 1932550))

table 2 : explain SELECT c FROM sbtest2 WHERE id BETWEEN 8693460 AND 8694459
	Bitmap Heap Scan on sbtest2  (cost=22.01..3611.46 rows=934 width=121)
	  Recheck Cond: ((id >= 8693460) AND (id <= 8694459))
	  ->  Bitmap Index Scan on sbtest2_pkey  (cost=0.00..21.77 rows=934 width=0)
	        Index Cond: ((id >= 8693460) AND (id <= 8694459))

table 3 : explain SELECT c FROM sbtest3 WHERE id BETWEEN 4426727 AND 4427726
	Bitmap Heap Scan on sbtest3  (cost=22.81..3905.54 rows=1012 width=121)
	  Recheck Cond: ((id >= 4426727) AND (id <= 4427726))
	  ->  Bitmap Index Scan on sbtest3_pkey  (cost=0.00..22.55 rows=1012 width=0)
	        Index Cond: ((id >= 4426727) AND (id <= 4427726))

table 4 : explain SELECT c FROM sbtest4 WHERE id BETWEEN 1903262 AND 1904261
	Bitmap Heap Scan on sbtest4  (cost=22.35..3736.81 rows=967 width=121)
	  Recheck Cond: ((id >= 1903262) AND (id <= 1904261))
	  ->  Bitmap Index Scan on sbtest4_pkey  (cost=0.00..22.11 rows=967 width=0)
	        Index Cond: ((id >= 1903262) AND (id <= 1904261))

table 5 : explain SELECT c FROM sbtest5 WHERE id BETWEEN 4931158 AND 4932157
	Bitmap Heap Scan on sbtest5  (cost=22.70..3865.07 rows=1001 width=121)
	  Recheck Cond: ((id >= 4931158) AND (id <= 4932157))
	  ->  Bitmap Index Scan on sbtest5_pkey  (cost=0.00..22.44 rows=1001 width=0)
	        Index Cond: ((id >= 4931158) AND (id <= 4932157))

table 6 : explain SELECT c FROM sbtest6 WHERE id BETWEEN 3814974 AND 3815973
	Bitmap Heap Scan on sbtest6  (cost=21.93..3582.85 rows=926 width=121)
	  Recheck Cond: ((id >= 3814974) AND (id <= 3815973))
	  ->  Bitmap Index Scan on sbtest6_pkey  (cost=0.00..21.69 rows=926 width=0)
	        Index Cond: ((id >= 3814974) AND (id <= 3815973))

table 7 : explain SELECT c FROM sbtest7 WHERE id BETWEEN 1853724 AND 1854723
	Bitmap Heap Scan on sbtest7  (cost=22.57..3820.51 rows=989 width=121)
	  Recheck Cond: ((id >= 1853724) AND (id <= 1854723))
	  ->  Bitmap Index Scan on sbtest7_pkey  (cost=0.00..22.32 rows=989 width=0)
	        Index Cond: ((id >= 1853724) AND (id <= 1854723))

table 8 : explain SELECT c FROM sbtest8 WHERE id BETWEEN 1686478 AND 1687477
	Bitmap Heap Scan on sbtest8  (cost=23.01..3982.49 rows=1032 width=121)
	  Recheck Cond: ((id >= 1686478) AND (id <= 1687477))
	  ->  Bitmap Index Scan on sbtest8_pkey  (cost=0.00..22.75 rows=1032 width=0)
	        Index Cond: ((id >= 1686478) AND (id <= 1687477))

for: distinct_ranges
table 1 : explain SELECT DISTINCT c FROM sbtest1 WHERE id BETWEEN 3746464 AND 3747463 ORDER BY c
	Unique  (cost=4183.78..4189.14 rows=1072 width=121)
	  ->  Sort  (cost=4183.78..4186.46 rows=1072 width=121)
	        Sort Key: c
	        ->  Bitmap Heap Scan on sbtest1  (cost=23.42..4129.83 rows=1072 width=121)
	              Recheck Cond: ((id >= 3746464) AND (id <= 3747463))
	              ->  Bitmap Index Scan on sbtest1_pkey  (cost=0.00..23.15 rows=1072 width=0)
	                    Index Cond: ((id >= 3746464) AND (id <= 3747463))

table 2 : explain SELECT DISTINCT c FROM sbtest2 WHERE id BETWEEN 5912578 AND 5913577 ORDER BY c
	Unique  (cost=3469.71..3474.14 rows=885 width=121)
	  ->  Sort  (cost=3469.71..3471.93 rows=885 width=121)
	        Sort Key: c
	        ->  Bitmap Heap Scan on sbtest2  (cost=21.51..3426.40 rows=885 width=121)
	              Recheck Cond: ((id >= 5912578) AND (id <= 5913577))
	              ->  Bitmap Index Scan on sbtest2_pkey  (cost=0.00..21.29 rows=885 width=0)
	                    Index Cond: ((id >= 5912578) AND (id <= 5913577))

table 3 : explain SELECT DISTINCT c FROM sbtest3 WHERE id BETWEEN 6693330 AND 6694329 ORDER BY c
	Unique  (cost=4066.79..4072.00 rows=1041 width=121)
	  ->  Sort  (cost=4066.79..4069.40 rows=1041 width=121)
	        Sort Key: c
	        ->  Bitmap Heap Scan on sbtest3  (cost=23.11..4014.62 rows=1041 width=121)
	              Recheck Cond: ((id >= 6693330) AND (id <= 6694329))
	              ->  Bitmap Index Scan on sbtest3_pkey  (cost=0.00..22.84 rows=1041 width=0)
	                    Index Cond: ((id >= 6693330) AND (id <= 6694329))

table 4 : explain SELECT DISTINCT c FROM sbtest4 WHERE id BETWEEN 4487364 AND 4488363 ORDER BY c
	Unique  (cost=4021.81..4026.96 rows=1029 width=121)
	  ->  Sort  (cost=4021.81..4024.39 rows=1029 width=121)
	        Sort Key: c
	        ->  Bitmap Heap Scan on sbtest4  (cost=22.98..3970.33 rows=1029 width=121)
	              Recheck Cond: ((id >= 4487364) AND (id <= 4488363))
	              ->  Bitmap Index Scan on sbtest4_pkey  (cost=0.00..22.72 rows=1029 width=0)
	                    Index Cond: ((id >= 4487364) AND (id <= 4488363))

table 5 : explain SELECT DISTINCT c FROM sbtest5 WHERE id BETWEEN 3725709 AND 3726708 ORDER BY c
	Unique  (cost=4430.28..4435.96 rows=1136 width=121)
	  ->  Sort  (cost=4430.28..4433.12 rows=1136 width=121)
	        Sort Key: c
	        ->  Bitmap Heap Scan on sbtest5  (cost=28.08..4372.63 rows=1136 width=121)
	              Recheck Cond: ((id >= 3725709) AND (id <= 3726708))
	              ->  Bitmap Index Scan on sbtest5_pkey  (cost=0.00..27.79 rows=1136 width=0)
	                    Index Cond: ((id >= 3725709) AND (id <= 3726708))

table 6 : explain SELECT DISTINCT c FROM sbtest6 WHERE id BETWEEN 6366046 AND 6367045 ORDER BY c
	Unique  (cost=4049.43..4054.61 rows=1036 width=121)
	  ->  Sort  (cost=4049.43..4052.02 rows=1036 width=121)
	        Sort Key: c
	        ->  Bitmap Heap Scan on sbtest6  (cost=23.05..3997.55 rows=1036 width=121)
	              Recheck Cond: ((id >= 6366046) AND (id <= 6367045))
	              ->  Bitmap Index Scan on sbtest6_pkey  (cost=0.00..22.79 rows=1036 width=0)
	                    Index Cond: ((id >= 6366046) AND (id <= 6367045))

table 7 : explain SELECT DISTINCT c FROM sbtest7 WHERE id BETWEEN 158425 AND 159424 ORDER BY c
	Unique  (cost=3992.07..3997.18 rows=1021 width=121)
	  ->  Sort  (cost=3992.07..3994.62 rows=1021 width=121)
	        Sort Key: c
	        ->  Bitmap Heap Scan on sbtest7  (cost=22.90..3941.04 rows=1021 width=121)
	              Recheck Cond: ((id >= 158425) AND (id <= 159424))
	              ->  Bitmap Index Scan on sbtest7_pkey  (cost=0.00..22.64 rows=1021 width=0)
	                    Index Cond: ((id >= 158425) AND (id <= 159424))

table 8 : explain SELECT DISTINCT c FROM sbtest8 WHERE id BETWEEN 3648925 AND 3649924 ORDER BY c
	Unique  (cost=4171.61..4176.95 rows=1068 width=121)
	  ->  Sort  (cost=4171.61..4174.28 rows=1068 width=121)
	        Sort Key: c
	        ->  Bitmap Heap Scan on sbtest8  (cost=23.38..4117.88 rows=1068 width=121)
	              Recheck Cond: ((id >= 3648925) AND (id <= 3649924))
	              ->  Bitmap Index Scan on sbtest8_pkey  (cost=0.00..23.11 rows=1068 width=0)
	                    Index Cond: ((id >= 3648925) AND (id <= 3649924))

for point_selects
table 1 : explain SELECT c FROM sbtest1 WHERE id=4046765
	Index Scan using sbtest1_pkey on sbtest1  (cost=0.43..8.45 rows=1 width=121)
	  Index Cond: (id = 4046765)

table 2 : explain SELECT c FROM sbtest2 WHERE id=475382
	Index Scan using sbtest2_pkey on sbtest2  (cost=0.43..8.45 rows=1 width=121)
	  Index Cond: (id = 475382)

table 3 : explain SELECT c FROM sbtest3 WHERE id=1805313
	Index Scan using sbtest3_pkey on sbtest3  (cost=0.43..8.45 rows=1 width=121)
	  Index Cond: (id = 1805313)

table 4 : explain SELECT c FROM sbtest4 WHERE id=3680464
	Index Scan using sbtest4_pkey on sbtest4  (cost=0.43..8.45 rows=1 width=121)
	  Index Cond: (id = 3680464)

table 5 : explain SELECT c FROM sbtest5 WHERE id=2879944
	Index Scan using sbtest5_pkey on sbtest5  (cost=0.43..8.45 rows=1 width=121)
	  Index Cond: (id = 2879944)

table 6 : explain SELECT c FROM sbtest6 WHERE id=7082674
	Index Scan using sbtest6_pkey on sbtest6  (cost=0.43..8.45 rows=1 width=121)
	  Index Cond: (id = 7082674)

table 7 : explain SELECT c FROM sbtest7 WHERE id=2729498
	Index Scan using sbtest7_pkey on sbtest7  (cost=0.43..8.45 rows=1 width=121)
	  Index Cond: (id = 2729498)

table 8 : explain SELECT c FROM sbtest8 WHERE id=1918357
	Index Scan using sbtest8_pkey on sbtest8  (cost=0.43..8.45 rows=1 width=121)
	  Index Cond: (id = 1918357)

for point_selects
table 1 : explain SELECT c FROM sbtest1 WHERE id=8141760
	Index Scan using sbtest1_pkey on sbtest1  (cost=0.43..8.45 rows=1 width=121)
	  Index Cond: (id = 8141760)

table 2 : explain SELECT c FROM sbtest2 WHERE id=1936985
	Index Scan using sbtest2_pkey on sbtest2  (cost=0.43..8.45 rows=1 width=121)
	  Index Cond: (id = 1936985)

table 3 : explain SELECT c FROM sbtest3 WHERE id=9191263
	Index Scan using sbtest3_pkey on sbtest3  (cost=0.43..8.45 rows=1 width=121)
	  Index Cond: (id = 9191263)

table 4 : explain SELECT c FROM sbtest4 WHERE id=5791658
	Index Scan using sbtest4_pkey on sbtest4  (cost=0.43..8.45 rows=1 width=121)
	  Index Cond: (id = 5791658)

table 5 : explain SELECT c FROM sbtest5 WHERE id=1175160
	Index Scan using sbtest5_pkey on sbtest5  (cost=0.43..8.45 rows=1 width=121)
	  Index Cond: (id = 1175160)

table 6 : explain SELECT c FROM sbtest6 WHERE id=2774072
	Index Scan using sbtest6_pkey on sbtest6  (cost=0.43..8.45 rows=1 width=121)
	  Index Cond: (id = 2774072)

table 7 : explain SELECT c FROM sbtest7 WHERE id=2641459
	Index Scan using sbtest7_pkey on sbtest7  (cost=0.43..8.45 rows=1 width=121)
	  Index Cond: (id = 2641459)

table 8 : explain SELECT c FROM sbtest8 WHERE id=3374393
	Index Scan using sbtest8_pkey on sbtest8  (cost=0.43..8.45 rows=1 width=121)
	  Index Cond: (id = 3374393)

for: distinct_ranges
table 1 : explain SELECT DISTINCT c FROM sbtest1 WHERE id BETWEEN 3148608 AND 3149607 ORDER BY c
	Unique  (cost=3591.52..3596.10 rows=917 width=121)
	  ->  Sort  (cost=3591.52..3593.81 rows=917 width=121)
	        Sort Key: c
	        ->  Bitmap Heap Scan on sbtest1  (cost=21.83..3546.40 rows=917 width=121)
	              Recheck Cond: ((id >= 3148608) AND (id <= 3149607))
	              ->  Bitmap Index Scan on sbtest1_pkey  (cost=0.00..21.61 rows=917 width=0)
	                    Index Cond: ((id >= 3148608) AND (id <= 3149607))

table 2 : explain SELECT DISTINCT c FROM sbtest2 WHERE id BETWEEN 7491004 AND 7492003 ORDER BY c
	Unique  (cost=4005.56..4010.69 rows=1025 width=121)
	  ->  Sort  (cost=4005.56..4008.13 rows=1025 width=121)
	        Sort Key: c
	        ->  Bitmap Heap Scan on sbtest2  (cost=22.94..3954.31 rows=1025 width=121)
	              Recheck Cond: ((id >= 7491004) AND (id <= 7492003))
	              ->  Bitmap Index Scan on sbtest2_pkey  (cost=0.00..22.68 rows=1025 width=0)
	                    Index Cond: ((id >= 7491004) AND (id <= 7492003))

table 3 : explain SELECT DISTINCT c FROM sbtest3 WHERE id BETWEEN 6531983 AND 6532982 ORDER BY c
	Unique  (cost=3986.61..3991.71 rows=1020 width=121)
	  ->  Sort  (cost=3986.61..3989.16 rows=1020 width=121)
	        Sort Key: c
	        ->  Bitmap Heap Scan on sbtest3  (cost=22.89..3935.64 rows=1020 width=121)
	              Recheck Cond: ((id >= 6531983) AND (id <= 6532982))
	              ->  Bitmap Index Scan on sbtest3_pkey  (cost=0.00..22.64 rows=1020 width=0)
	                    Index Cond: ((id >= 6531983) AND (id <= 6532982))

table 4 : explain SELECT DISTINCT c FROM sbtest4 WHERE id BETWEEN 3908590 AND 3909589 ORDER BY c
	Unique  (cost=3949.22..3954.27 rows=1010 width=121)
	  ->  Sort  (cost=3949.22..3951.74 rows=1010 width=121)
	        Sort Key: c
	        ->  Bitmap Heap Scan on sbtest4  (cost=22.79..3898.82 rows=1010 width=121)
	              Recheck Cond: ((id >= 3908590) AND (id <= 3909589))
	              ->  Bitmap Index Scan on sbtest4_pkey  (cost=0.00..22.54 rows=1010 width=0)
	                    Index Cond: ((id >= 3908590) AND (id <= 3909589))

table 5 : explain SELECT DISTINCT c FROM sbtest5 WHERE id BETWEEN 2066202 AND 2067201 ORDER BY c
	Unique  (cost=3616.35..3620.97 rows=923 width=121)
	  ->  Sort  (cost=3616.35..3618.66 rows=923 width=121)
	        Sort Key: c
	        ->  Bitmap Heap Scan on sbtest5  (cost=21.90..3570.90 rows=923 width=121)
	              Recheck Cond: ((id >= 2066202) AND (id <= 2067201))
	              ->  Bitmap Index Scan on sbtest5_pkey  (cost=0.00..21.66 rows=923 width=0)
	                    Index Cond: ((id >= 2066202) AND (id <= 2067201))

table 6 : explain SELECT DISTINCT c FROM sbtest6 WHERE id BETWEEN 7248469 AND 7249468 ORDER BY c
	Unique  (cost=3911.83..3916.83 rows=1000 width=121)
	  ->  Sort  (cost=3911.83..3914.33 rows=1000 width=121)
	        Sort Key: c
	        ->  Bitmap Heap Scan on sbtest6  (cost=22.68..3862.00 rows=1000 width=121)
	              Recheck Cond: ((id >= 7248469) AND (id <= 7249468))
	              ->  Bitmap Index Scan on sbtest6_pkey  (cost=0.00..22.43 rows=1000 width=0)
	                    Index Cond: ((id >= 7248469) AND (id <= 7249468))

table 7 : explain SELECT DISTINCT c FROM sbtest7 WHERE id BETWEEN 3575404 AND 3576403 ORDER BY c
	Unique  (cost=4316.77..4322.30 rows=1106 width=121)
	  ->  Sort  (cost=4316.77..4319.54 rows=1106 width=121)
	        Sort Key: c
	        ->  Bitmap Heap Scan on sbtest7  (cost=27.77..4260.86 rows=1106 width=121)
	              Recheck Cond: ((id >= 3575404) AND (id <= 3576403))
	              ->  Bitmap Index Scan on sbtest7_pkey  (cost=0.00..27.50 rows=1106 width=0)
	                    Index Cond: ((id >= 3575404) AND (id <= 3576403))

table 8 : explain SELECT DISTINCT c FROM sbtest8 WHERE id BETWEEN 712648 AND 713647 ORDER BY c
	Unique  (cost=3827.65..3832.54 rows=978 width=121)
	  ->  Sort  (cost=3827.65..3830.10 rows=978 width=121)
	        Sort Key: c
	        ->  Bitmap Heap Scan on sbtest8  (cost=22.46..3779.08 rows=978 width=121)
	              Recheck Cond: ((id >= 712648) AND (id <= 713647))
	              ->  Bitmap Index Scan on sbtest8_pkey  (cost=0.00..22.21 rows=978 width=0)
	                    Index Cond: ((id >= 712648) AND (id <= 713647))

for point_selects
table 1 : explain SELECT c FROM sbtest1 WHERE id=4335521
	Index Scan using sbtest1_pkey on sbtest1  (cost=0.43..8.45 rows=1 width=121)
	  Index Cond: (id = 4335521)

table 2 : explain SELECT c FROM sbtest2 WHERE id=5056449
	Index Scan using sbtest2_pkey on sbtest2  (cost=0.43..8.45 rows=1 width=121)
	  Index Cond: (id = 5056449)

table 3 : explain SELECT c FROM sbtest3 WHERE id=4449908
	Index Scan using sbtest3_pkey on sbtest3  (cost=0.43..8.45 rows=1 width=121)
	  Index Cond: (id = 4449908)

table 4 : explain SELECT c FROM sbtest4 WHERE id=7030707
	Index Scan using sbtest4_pkey on sbtest4  (cost=0.43..8.45 rows=1 width=121)
	  Index Cond: (id = 7030707)

table 5 : explain SELECT c FROM sbtest5 WHERE id=6514878
	Index Scan using sbtest5_pkey on sbtest5  (cost=0.43..8.45 rows=1 width=121)
	  Index Cond: (id = 6514878)

table 6 : explain SELECT c FROM sbtest6 WHERE id=5654024
	Index Scan using sbtest6_pkey on sbtest6  (cost=0.43..8.45 rows=1 width=121)
	  Index Cond: (id = 5654024)

table 7 : explain SELECT c FROM sbtest7 WHERE id=9162290
	Index Scan using sbtest7_pkey on sbtest7  (cost=0.43..8.45 rows=1 width=121)
	  Index Cond: (id = 9162290)

table 8 : explain SELECT c FROM sbtest8 WHERE id=228675
	Index Scan using sbtest8_pkey on sbtest8  (cost=0.43..8.45 rows=1 width=121)
	  Index Cond: (id = 228675)

explain: for point_selects :: explain SELECT c FROM sbtest%u WHERE id=%u
for: simple_ranges
table 1 : explain SELECT c FROM sbtest1 WHERE id BETWEEN 3292611 AND 3293610
	Bitmap Heap Scan on sbtest1  (cost=21.94..3584.14 rows=927 width=121)
	  Recheck Cond: ((id >= 3292611) AND (id <= 3293610))
	  ->  Bitmap Index Scan on sbtest1_pkey  (cost=0.00..21.70 rows=927 width=0)
	        Index Cond: ((id >= 3292611) AND (id <= 3293610))

table 2 : explain SELECT c FROM sbtest2 WHERE id BETWEEN 8962550 AND 8963549
	Bitmap Heap Scan on sbtest2  (cost=23.00..3976.87 rows=1031 width=121)
	  Recheck Cond: ((id >= 8962550) AND (id <= 8963549))
	  ->  Bitmap Index Scan on sbtest2_pkey  (cost=0.00..22.75 rows=1031 width=0)
	        Index Cond: ((id >= 8962550) AND (id <= 8963549))

table 3 : explain SELECT c FROM sbtest3 WHERE id BETWEEN 8985805 AND 8986804
	Bitmap Heap Scan on sbtest3  (cost=22.76..3886.72 rows=1007 width=121)
	  Recheck Cond: ((id >= 8985805) AND (id <= 8986804))
	  ->  Bitmap Index Scan on sbtest3_pkey  (cost=0.00..22.50 rows=1007 width=0)
	        Index Cond: ((id >= 8985805) AND (id <= 8986804))

table 4 : explain SELECT c FROM sbtest4 WHERE id BETWEEN 9527569 AND 9528568
	Bitmap Heap Scan on sbtest4  (cost=22.58..3823.49 rows=990 width=121)
	  Recheck Cond: ((id >= 9527569) AND (id <= 9528568))
	  ->  Bitmap Index Scan on sbtest4_pkey  (cost=0.00..22.33 rows=990 width=0)
	        Index Cond: ((id >= 9527569) AND (id <= 9528568))

table 5 : explain SELECT c FROM sbtest5 WHERE id BETWEEN 125187 AND 126186
	Bitmap Heap Scan on sbtest5  (cost=22.59..3827.40 rows=991 width=121)
	  Recheck Cond: ((id >= 125187) AND (id <= 126186))
	  ->  Bitmap Index Scan on sbtest5_pkey  (cost=0.00..22.34 rows=991 width=0)
	        Index Cond: ((id >= 125187) AND (id <= 126186))

table 6 : explain SELECT c FROM sbtest6 WHERE id BETWEEN 193822 AND 194821
	Bitmap Heap Scan on sbtest6  (cost=21.45..3408.96 rows=880 width=121)
	  Recheck Cond: ((id >= 193822) AND (id <= 194821))
	  ->  Bitmap Index Scan on sbtest6_pkey  (cost=0.00..21.23 rows=880 width=0)
	        Index Cond: ((id >= 193822) AND (id <= 194821))

table 7 : explain SELECT c FROM sbtest7 WHERE id BETWEEN 6634397 AND 6635396
	Bitmap Heap Scan on sbtest7  (cost=22.75..3884.56 rows=1006 width=121)
	  Recheck Cond: ((id >= 6634397) AND (id <= 6635396))
	  ->  Bitmap Index Scan on sbtest7_pkey  (cost=0.00..22.50 rows=1006 width=0)
	        Index Cond: ((id >= 6634397) AND (id <= 6635396))

table 8 : explain SELECT c FROM sbtest8 WHERE id BETWEEN 9027967 AND 9028966
	Bitmap Heap Scan on sbtest8  (cost=22.79..3899.66 rows=1010 width=121)
	  Recheck Cond: ((id >= 9027967) AND (id <= 9028966))
	  ->  Bitmap Index Scan on sbtest8_pkey  (cost=0.00..22.54 rows=1010 width=0)
	        Index Cond: ((id >= 9027967) AND (id <= 9028966))

explain: for point_selects :: explain SELECT c FROM sbtest%u WHERE id=%u
explain: for point_selects :: explain SELECT c FROM sbtest%u WHERE id=%u
explain: for point_selects :: explain SELECT c FROM sbtest%u WHERE id=%u
for: sum_ranges
table 1 : explain SELECT SUM(k) FROM sbtest1 WHERE id BETWEEN 7884286 AND 7885285
	Aggregate  (cost=3820.28..3820.29 rows=1 width=8)
	  ->  Bitmap Heap Scan on sbtest1  (cost=22.57..3817.81 rows=989 width=4)
	        Recheck Cond: ((id >= 7884286) AND (id <= 7885285))
	        ->  Bitmap Index Scan on sbtest1_pkey  (cost=0.00..22.32 rows=989 width=0)
	              Index Cond: ((id >= 7884286) AND (id <= 7885285))

table 2 : explain SELECT SUM(k) FROM sbtest2 WHERE id BETWEEN 8593461 AND 8594460
	Aggregate  (cost=3640.23..3640.24 rows=1 width=8)
	  ->  Bitmap Heap Scan on sbtest2  (cost=22.08..3637.87 rows=941 width=4)
	        Recheck Cond: ((id >= 8593461) AND (id <= 8594460))
	        ->  Bitmap Index Scan on sbtest2_pkey  (cost=0.00..21.84 rows=941 width=0)
	              Index Cond: ((id >= 8593461) AND (id <= 8594460))

table 3 : explain SELECT SUM(k) FROM sbtest3 WHERE id BETWEEN 2973311 AND 2974310
	Aggregate  (cost=3832.72..3832.73 rows=1 width=8)
	  ->  Bitmap Heap Scan on sbtest3  (cost=22.60..3830.24 rows=992 width=4)
	        Recheck Cond: ((id >= 2973311) AND (id <= 2974310))
	        ->  Bitmap Index Scan on sbtest3_pkey  (cost=0.00..22.36 rows=992 width=0)
	              Index Cond: ((id >= 2973311) AND (id <= 2974310))

table 4 : explain SELECT SUM(k) FROM sbtest4 WHERE id BETWEEN 2599390 AND 2600389
	Aggregate  (cost=3693.94..3693.95 rows=1 width=8)
	  ->  Bitmap Heap Scan on sbtest4  (cost=22.22..3691.55 rows=955 width=4)
	        Recheck Cond: ((id >= 2599390) AND (id <= 2600389))
	        ->  Bitmap Index Scan on sbtest4_pkey  (cost=0.00..21.98 rows=955 width=0)
	              Index Cond: ((id >= 2599390) AND (id <= 2600389))

table 5 : explain SELECT SUM(k) FROM sbtest5 WHERE id BETWEEN 3277945 AND 3278944
	Aggregate  (cost=3346.21..3346.22 rows=1 width=8)
	  ->  Bitmap Heap Scan on sbtest5  (cost=21.28..3344.06 rows=863 width=4)
	        Recheck Cond: ((id >= 3277945) AND (id <= 3278944))
	        ->  Bitmap Index Scan on sbtest5_pkey  (cost=0.00..21.07 rows=863 width=0)
	              Index Cond: ((id >= 3277945) AND (id <= 3278944))

table 6 : explain SELECT SUM(k) FROM sbtest6 WHERE id BETWEEN 1294744 AND 1295743
	Aggregate  (cost=3951.18..3951.19 rows=1 width=8)
	  ->  Bitmap Heap Scan on sbtest6  (cost=22.92..3948.62 rows=1023 width=4)
	        Recheck Cond: ((id >= 1294744) AND (id <= 1295743))
	        ->  Bitmap Index Scan on sbtest6_pkey  (cost=0.00..22.66 rows=1023 width=0)
	              Index Cond: ((id >= 1294744) AND (id <= 1295743))

table 7 : explain SELECT SUM(k) FROM sbtest7 WHERE id BETWEEN 3739080 AND 3740079
	Aggregate  (cost=3789.03..3789.04 rows=1 width=8)
	  ->  Bitmap Heap Scan on sbtest7  (cost=22.48..3786.58 rows=980 width=4)
	        Recheck Cond: ((id >= 3739080) AND (id <= 3740079))
	        ->  Bitmap Index Scan on sbtest7_pkey  (cost=0.00..22.23 rows=980 width=0)
	              Index Cond: ((id >= 3739080) AND (id <= 3740079))

table 8 : explain SELECT SUM(k) FROM sbtest8 WHERE id BETWEEN 2291948 AND 2292947
	Aggregate  (cost=3751.34..3751.35 rows=1 width=8)
	  ->  Bitmap Heap Scan on sbtest8  (cost=22.38..3748.91 rows=970 width=4)
	        Recheck Cond: ((id >= 2291948) AND (id <= 2292947))
	        ->  Bitmap Index Scan on sbtest8_pkey  (cost=0.00..22.14 rows=970 width=0)
	              Index Cond: ((id >= 2291948) AND (id <= 2292947))

explain: for point_selects :: explain SELECT c FROM sbtest%u WHERE id=%u
for: simple_ranges
table 1 : explain SELECT c FROM sbtest1 WHERE id BETWEEN 6260785 AND 6261784
	Bitmap Heap Scan on sbtest1  (cost=22.09..3640.72 rows=942 width=121)
	  Recheck Cond: ((id >= 6260785) AND (id <= 6261784))
	  ->  Bitmap Index Scan on sbtest1_pkey  (cost=0.00..21.86 rows=942 width=0)
	        Index Cond: ((id >= 6260785) AND (id <= 6261784))

table 2 : explain SELECT c FROM sbtest2 WHERE id BETWEEN 4503578 AND 4504577
	Bitmap Heap Scan on sbtest2  (cost=22.76..3886.58 rows=1007 width=121)
	  Recheck Cond: ((id >= 4503578) AND (id <= 4504577))
	  ->  Bitmap Index Scan on sbtest2_pkey  (cost=0.00..22.50 rows=1007 width=0)
	        Index Cond: ((id >= 4503578) AND (id <= 4504577))

table 3 : explain SELECT c FROM sbtest3 WHERE id BETWEEN 7293879 AND 7294878
	Bitmap Heap Scan on sbtest3  (cost=22.64..3845.30 rows=996 width=121)
	  Recheck Cond: ((id >= 7293879) AND (id <= 7294878))
	  ->  Bitmap Index Scan on sbtest3_pkey  (cost=0.00..22.39 rows=996 width=0)
	        Index Cond: ((id >= 7293879) AND (id <= 7294878))

table 4 : explain SELECT c FROM sbtest4 WHERE id BETWEEN 4954394 AND 4955393
	Bitmap Heap Scan on sbtest4  (cost=23.15..4030.51 rows=1045 width=121)
	  Recheck Cond: ((id >= 4954394) AND (id <= 4955393))
	  ->  Bitmap Index Scan on sbtest4_pkey  (cost=0.00..22.89 rows=1045 width=0)
	        Index Cond: ((id >= 4954394) AND (id <= 4955393))

table 5 : explain SELECT c FROM sbtest5 WHERE id BETWEEN 8965784 AND 8966783
	Bitmap Heap Scan on sbtest5  (cost=22.53..3804.79 rows=985 width=121)
	  Recheck Cond: ((id >= 8965784) AND (id <= 8966783))
	  ->  Bitmap Index Scan on sbtest5_pkey  (cost=0.00..22.29 rows=985 width=0)
	        Index Cond: ((id >= 8965784) AND (id <= 8966783))

table 6 : explain SELECT c FROM sbtest6 WHERE id BETWEEN 3037198 AND 3038197
	Bitmap Heap Scan on sbtest6  (cost=22.53..3805.47 rows=985 width=121)
	  Recheck Cond: ((id >= 3037198) AND (id <= 3038197))
	  ->  Bitmap Index Scan on sbtest6_pkey  (cost=0.00..22.29 rows=985 width=0)
	        Index Cond: ((id >= 3037198) AND (id <= 3038197))

table 7 : explain SELECT c FROM sbtest7 WHERE id BETWEEN 4712572 AND 4713571
	Bitmap Heap Scan on sbtest7  (cost=22.72..3873.26 rows=1003 width=121)
	  Recheck Cond: ((id >= 4712572) AND (id <= 4713571))
	  ->  Bitmap Index Scan on sbtest7_pkey  (cost=0.00..22.46 rows=1003 width=0)
	        Index Cond: ((id >= 4712572) AND (id <= 4713571))

table 8 : explain SELECT c FROM sbtest8 WHERE id BETWEEN 8317683 AND 8318682
	Bitmap Heap Scan on sbtest8  (cost=22.97..3967.43 rows=1028 width=121)
	  Recheck Cond: ((id >= 8317683) AND (id <= 8318682))
	  ->  Bitmap Index Scan on sbtest8_pkey  (cost=0.00..22.71 rows=1028 width=0)
	        Index Cond: ((id >= 8317683) AND (id <= 8318682))

for: simple_ranges
table 1 : explain SELECT c FROM sbtest1 WHERE id BETWEEN 7245522 AND 7246521
	Bitmap Heap Scan on sbtest1  (cost=22.56..3814.04 rows=988 width=121)
	  Recheck Cond: ((id >= 7245522) AND (id <= 7246521))
	  ->  Bitmap Index Scan on sbtest1_pkey  (cost=0.00..22.32 rows=988 width=0)
	        Index Cond: ((id >= 7245522) AND (id <= 7246521))

table 2 : explain SELECT c FROM sbtest2 WHERE id BETWEEN 6186493 AND 6187492
	Bitmap Heap Scan on sbtest2  (cost=23.26..4070.85 rows=1056 width=121)
	  Recheck Cond: ((id >= 6186493) AND (id <= 6187492))
	  ->  Bitmap Index Scan on sbtest2_pkey  (cost=0.00..23.00 rows=1056 width=0)
	        Index Cond: ((id >= 6186493) AND (id <= 6187492))

table 3 : explain SELECT c FROM sbtest3 WHERE id BETWEEN 7240825 AND 7241824
	Bitmap Heap Scan on sbtest3  (cost=22.64..3845.30 rows=996 width=121)
	  Recheck Cond: ((id >= 7240825) AND (id <= 7241824))
	  ->  Bitmap Index Scan on sbtest3_pkey  (cost=0.00..22.39 rows=996 width=0)
	        Index Cond: ((id >= 7240825) AND (id <= 7241824))

table 4 : explain SELECT c FROM sbtest4 WHERE id BETWEEN 1328782 AND 1329781
	Bitmap Heap Scan on sbtest4  (cost=23.06..4000.42 rows=1037 width=121)
	  Recheck Cond: ((id >= 1328782) AND (id <= 1329781))
	  ->  Bitmap Index Scan on sbtest4_pkey  (cost=0.00..22.80 rows=1037 width=0)
	        Index Cond: ((id >= 1328782) AND (id <= 1329781))

table 5 : explain SELECT c FROM sbtest5 WHERE id BETWEEN 7811959 AND 7812958
	Bitmap Heap Scan on sbtest5  (cost=22.06..3631.30 rows=939 width=121)
	  Recheck Cond: ((id >= 7811959) AND (id <= 7812958))
	  ->  Bitmap Index Scan on sbtest5_pkey  (cost=0.00..21.82 rows=939 width=0)
	        Index Cond: ((id >= 7811959) AND (id <= 7812958))

table 6 : explain SELECT c FROM sbtest6 WHERE id BETWEEN 9148765 AND 9149764
	Bitmap Heap Scan on sbtest6  (cost=22.89..3937.33 rows=1020 width=121)
	  Recheck Cond: ((id >= 9148765) AND (id <= 9149764))
	  ->  Bitmap Index Scan on sbtest6_pkey  (cost=0.00..22.64 rows=1020 width=0)
	        Index Cond: ((id >= 9148765) AND (id <= 9149764))

table 7 : explain SELECT c FROM sbtest7 WHERE id BETWEEN 9006175 AND 9007174
	Bitmap Heap Scan on sbtest7  (cost=23.30..4087.77 rows=1060 width=121)
	  Recheck Cond: ((id >= 9006175) AND (id <= 9007174))
	  ->  Bitmap Index Scan on sbtest7_pkey  (cost=0.00..23.04 rows=1060 width=0)
	        Index Cond: ((id >= 9006175) AND (id <= 9007174))

table 8 : explain SELECT c FROM sbtest8 WHERE id BETWEEN 6142780 AND 6143779
	Bitmap Heap Scan on sbtest8  (cost=27.58..4193.28 rows=1087 width=121)
	  Recheck Cond: ((id >= 6142780) AND (id <= 6143779))
	  ->  Bitmap Index Scan on sbtest8_pkey  (cost=0.00..27.30 rows=1087 width=0)
	        Index Cond: ((id >= 6142780) AND (id <= 6143779))

for: simple_ranges
table 1 : explain SELECT c FROM sbtest1 WHERE id BETWEEN 9090035 AND 9091034
	Bitmap Heap Scan on sbtest1  (cost=21.81..3538.85 rows=915 width=121)
	  Recheck Cond: ((id >= 9090035) AND (id <= 9091034))
	  ->  Bitmap Index Scan on sbtest1_pkey  (cost=0.00..21.58 rows=915 width=0)
	        Index Cond: ((id >= 9090035) AND (id <= 9091034))

table 2 : explain SELECT c FROM sbtest2 WHERE id BETWEEN 2845970 AND 2846969
	Bitmap Heap Scan on sbtest2  (cost=22.12..3652.96 rows=945 width=121)
	  Recheck Cond: ((id >= 2845970) AND (id <= 2846969))
	  ->  Bitmap Index Scan on sbtest2_pkey  (cost=0.00..21.89 rows=945 width=0)
	        Index Cond: ((id >= 2845970) AND (id <= 2846969))

table 3 : explain SELECT c FROM sbtest3 WHERE id BETWEEN 4499500 AND 4500499
	Bitmap Heap Scan on sbtest3  (cost=21.98..3600.26 rows=931 width=121)
	  Recheck Cond: ((id >= 4499500) AND (id <= 4500499))
	  ->  Bitmap Index Scan on sbtest3_pkey  (cost=0.00..21.75 rows=931 width=0)
	        Index Cond: ((id >= 4499500) AND (id <= 4500499))

table 4 : explain SELECT c FROM sbtest4 WHERE id BETWEEN 1463139 AND 1464138
	Bitmap Heap Scan on sbtest4  (cost=22.76..3887.52 rows=1007 width=121)
	  Recheck Cond: ((id >= 1463139) AND (id <= 1464138))
	  ->  Bitmap Index Scan on sbtest4_pkey  (cost=0.00..22.50 rows=1007 width=0)
	        Index Cond: ((id >= 1463139) AND (id <= 1464138))

table 5 : explain SELECT c FROM sbtest5 WHERE id BETWEEN 6306619 AND 6307618
	Bitmap Heap Scan on sbtest5  (cost=23.31..4090.81 rows=1061 width=121)
	  Recheck Cond: ((id >= 6306619) AND (id <= 6307618))
	  ->  Bitmap Index Scan on sbtest5_pkey  (cost=0.00..23.04 rows=1061 width=0)
	        Index Cond: ((id >= 6306619) AND (id <= 6307618))

table 6 : explain SELECT c FROM sbtest6 WHERE id BETWEEN 4588569 AND 4589568
	Bitmap Heap Scan on sbtest6  (cost=23.05..3997.55 rows=1036 width=121)
	  Recheck Cond: ((id >= 4588569) AND (id <= 4589568))
	  ->  Bitmap Index Scan on sbtest6_pkey  (cost=0.00..22.79 rows=1036 width=0)
	        Index Cond: ((id >= 4588569) AND (id <= 4589568))

table 7 : explain SELECT c FROM sbtest7 WHERE id BETWEEN 1689364 AND 1690363
	Bitmap Heap Scan on sbtest7  (cost=22.44..3771.50 rows=976 width=121)
	  Recheck Cond: ((id >= 1689364) AND (id <= 1690363))
	  ->  Bitmap Index Scan on sbtest7_pkey  (cost=0.00..22.19 rows=976 width=0)
	        Index Cond: ((id >= 1689364) AND (id <= 1690363))

table 8 : explain SELECT c FROM sbtest8 WHERE id BETWEEN 6570338 AND 6571337
	Bitmap Heap Scan on sbtest8  (cost=22.89..3937.32 rows=1020 width=121)
	  Recheck Cond: ((id >= 6570338) AND (id <= 6571337))
	  ->  Bitmap Index Scan on sbtest8_pkey  (cost=0.00..22.64 rows=1020 width=0)
	        Index Cond: ((id >= 6570338) AND (id <= 6571337))

explain: for point_selects :: explain SELECT c FROM sbtest%u WHERE id=%u
for point_selects
table 1 : explain SELECT c FROM sbtest1 WHERE id=8719290
	Index Scan using sbtest1_pkey on sbtest1  (cost=0.43..8.45 rows=1 width=121)
	  Index Cond: (id = 8719290)

table 2 : explain SELECT c FROM sbtest2 WHERE id=687763
	Index Scan using sbtest2_pkey on sbtest2  (cost=0.43..8.45 rows=1 width=121)
	  Index Cond: (id = 687763)

table 3 : explain SELECT c FROM sbtest3 WHERE id=6919645
	Index Scan using sbtest3_pkey on sbtest3  (cost=0.43..8.45 rows=1 width=121)
	  Index Cond: (id = 6919645)

table 4 : explain SELECT c FROM sbtest4 WHERE id=8885196
	Index Scan using sbtest4_pkey on sbtest4  (cost=0.43..8.45 rows=1 width=121)
	  Index Cond: (id = 8885196)

table 5 : explain SELECT c FROM sbtest5 WHERE id=4235863
	Index Scan using sbtest5_pkey on sbtest5  (cost=0.43..8.45 rows=1 width=121)
	  Index Cond: (id = 4235863)

table 6 : explain SELECT c FROM sbtest6 WHERE id=9308025
	Index Scan using sbtest6_pkey on sbtest6  (cost=0.43..8.45 rows=1 width=121)
	  Index Cond: (id = 9308025)

table 7 : explain SELECT c FROM sbtest7 WHERE id=1860183
	Index Scan using sbtest7_pkey on sbtest7  (cost=0.43..8.45 rows=1 width=121)
	  Index Cond: (id = 1860183)

table 8 : explain SELECT c FROM sbtest8 WHERE id=5269864
	Index Scan using sbtest8_pkey on sbtest8  (cost=0.43..8.45 rows=1 width=121)
	  Index Cond: (id = 5269864)

for: sum_ranges
table 1 : explain SELECT SUM(k) FROM sbtest1 WHERE id BETWEEN 5297605 AND 5298604
	Aggregate  (cost=4143.78..4143.79 rows=1 width=8)
	  ->  Bitmap Heap Scan on sbtest1  (cost=23.45..4141.09 rows=1075 width=4)
	        Recheck Cond: ((id >= 5297605) AND (id <= 5298604))
	        ->  Bitmap Index Scan on sbtest1_pkey  (cost=0.00..23.18 rows=1075 width=0)
	              Index Cond: ((id >= 5297605) AND (id <= 5298604))

table 2 : explain SELECT SUM(k) FROM sbtest2 WHERE id BETWEEN 2039321 AND 2040320
	Aggregate  (cost=3802.43..3802.44 rows=1 width=8)
	  ->  Bitmap Heap Scan on sbtest2  (cost=22.52..3799.97 rows=984 width=4)
	        Recheck Cond: ((id >= 2039321) AND (id <= 2040320))
	        ->  Bitmap Index Scan on sbtest2_pkey  (cost=0.00..22.27 rows=984 width=0)
	              Index Cond: ((id >= 2039321) AND (id <= 2040320))

table 3 : explain SELECT SUM(k) FROM sbtest3 WHERE id BETWEEN 1534245 AND 1535244
	Aggregate  (cost=3896.77..3896.78 rows=1 width=8)
	  ->  Bitmap Heap Scan on sbtest3  (cost=22.78..3894.24 rows=1009 width=4)
	        Recheck Cond: ((id >= 1534245) AND (id <= 1535244))
	        ->  Bitmap Index Scan on sbtest3_pkey  (cost=0.00..22.52 rows=1009 width=0)
	              Index Cond: ((id >= 1534245) AND (id <= 1535244))

table 4 : explain SELECT SUM(k) FROM sbtest4 WHERE id BETWEEN 8718353 AND 8719352
	Aggregate  (cost=3788.26..3788.27 rows=1 width=8)
	  ->  Bitmap Heap Scan on sbtest4  (cost=22.48..3785.81 rows=980 width=4)
	        Recheck Cond: ((id >= 8718353) AND (id <= 8719352))
	        ->  Bitmap Index Scan on sbtest4_pkey  (cost=0.00..22.23 rows=980 width=0)
	              Index Cond: ((id >= 8718353) AND (id <= 8719352))

table 5 : explain SELECT SUM(k) FROM sbtest5 WHERE id BETWEEN 923237 AND 924236
	Aggregate  (cost=3927.85..3927.86 rows=1 width=8)
	  ->  Bitmap Heap Scan on sbtest5  (cost=22.86..3925.31 rows=1017 width=4)
	        Recheck Cond: ((id >= 923237) AND (id <= 924236))
	        ->  Bitmap Index Scan on sbtest5_pkey  (cost=0.00..22.61 rows=1017 width=0)
	              Index Cond: ((id >= 923237) AND (id <= 924236))

table 6 : explain SELECT SUM(k) FROM sbtest6 WHERE id BETWEEN 1993430 AND 1994429
	Aggregate  (cost=3592.73..3592.74 rows=1 width=8)
	  ->  Bitmap Heap Scan on sbtest6  (cost=21.95..3590.41 rows=928 width=4)
	        Recheck Cond: ((id >= 1993430) AND (id <= 1994429))
	        ->  Bitmap Index Scan on sbtest6_pkey  (cost=0.00..21.71 rows=928 width=0)
	              Index Cond: ((id >= 1993430) AND (id <= 1994429))

table 7 : explain SELECT SUM(k) FROM sbtest7 WHERE id BETWEEN 6757123 AND 6758122
	Aggregate  (cost=3645.58..3645.59 rows=1 width=8)
	  ->  Bitmap Heap Scan on sbtest7  (cost=22.09..3643.23 rows=942 width=4)
	        Recheck Cond: ((id >= 6757123) AND (id <= 6758122))
	        ->  Bitmap Index Scan on sbtest7_pkey  (cost=0.00..21.86 rows=942 width=0)
	              Index Cond: ((id >= 6757123) AND (id <= 6758122))

table 8 : explain SELECT SUM(k) FROM sbtest8 WHERE id BETWEEN 2140402 AND 2141401
	Aggregate  (cost=4135.84..4135.85 rows=1 width=8)
	  ->  Bitmap Heap Scan on sbtest8  (cost=27.41..4133.16 rows=1071 width=4)
	        Recheck Cond: ((id >= 2140402) AND (id <= 2141401))
	        ->  Bitmap Index Scan on sbtest8_pkey  (cost=0.00..27.14 rows=1071 width=0)
	              Index Cond: ((id >= 2140402) AND (id <= 2141401))

for: simple_ranges
table 1 : explain SELECT c FROM sbtest1 WHERE id BETWEEN 9120922 AND 9121921
	Bitmap Heap Scan on sbtest1  (cost=22.45..3772.62 rows=977 width=121)
	  Recheck Cond: ((id >= 9120922) AND (id <= 9121921))
	  ->  Bitmap Index Scan on sbtest1_pkey  (cost=0.00..22.20 rows=977 width=0)
	        Index Cond: ((id >= 9120922) AND (id <= 9121921))

table 2 : explain SELECT c FROM sbtest2 WHERE id BETWEEN 1096955 AND 1097954
	Bitmap Heap Scan on sbtest2  (cost=22.49..3788.67 rows=981 width=121)
	  Recheck Cond: ((id >= 1096955) AND (id <= 1097954))
	  ->  Bitmap Index Scan on sbtest2_pkey  (cost=0.00..22.25 rows=981 width=0)
	        Index Cond: ((id >= 1096955) AND (id <= 1097954))

table 3 : explain SELECT c FROM sbtest3 WHERE id BETWEEN 8223795 AND 8224794
	Bitmap Heap Scan on sbtest3  (cost=21.74..3513.42 rows=908 width=121)
	  Recheck Cond: ((id >= 8223795) AND (id <= 8224794))
	  ->  Bitmap Index Scan on sbtest3_pkey  (cost=0.00..21.51 rows=908 width=0)
	        Index Cond: ((id >= 8223795) AND (id <= 8224794))

table 4 : explain SELECT c FROM sbtest4 WHERE id BETWEEN 7512553 AND 7513552
	Bitmap Heap Scan on sbtest4  (cost=21.91..3574.55 rows=924 width=121)
	  Recheck Cond: ((id >= 7512553) AND (id <= 7513552))
	  ->  Bitmap Index Scan on sbtest4_pkey  (cost=0.00..21.68 rows=924 width=0)
	        Index Cond: ((id >= 7512553) AND (id <= 7513552))

table 5 : explain SELECT c FROM sbtest5 WHERE id BETWEEN 2787007 AND 2788006
	Bitmap Heap Scan on sbtest5  (cost=22.53..3804.79 rows=985 width=121)
	  Recheck Cond: ((id >= 2787007) AND (id <= 2788006))
	  ->  Bitmap Index Scan on sbtest5_pkey  (cost=0.00..22.29 rows=985 width=0)
	        Index Cond: ((id >= 2787007) AND (id <= 2788006))

table 6 : explain SELECT c FROM sbtest6 WHERE id BETWEEN 8584805 AND 8585804
	Bitmap Heap Scan on sbtest6  (cost=23.14..4027.65 rows=1044 width=121)
	  Recheck Cond: ((id >= 8584805) AND (id <= 8585804))
	  ->  Bitmap Index Scan on sbtest6_pkey  (cost=0.00..22.87 rows=1044 width=0)
	        Index Cond: ((id >= 8584805) AND (id <= 8585804))

table 7 : explain SELECT c FROM sbtest7 WHERE id BETWEEN 3457751 AND 3458750
	Bitmap Heap Scan on sbtest7  (cost=21.89..3567.70 rows=922 width=121)
	  Recheck Cond: ((id >= 3457751) AND (id <= 3458750))
	  ->  Bitmap Index Scan on sbtest7_pkey  (cost=0.00..21.65 rows=922 width=0)
	        Index Cond: ((id >= 3457751) AND (id <= 3458750))

table 8 : explain SELECT c FROM sbtest8 WHERE id BETWEEN 1062893 AND 1063892
	Bitmap Heap Scan on sbtest8  (cost=21.97..3597.95 rows=930 width=121)
	  Recheck Cond: ((id >= 1062893) AND (id <= 1063892))
	  ->  Bitmap Index Scan on sbtest8_pkey  (cost=0.00..21.73 rows=930 width=0)
	        Index Cond: ((id >= 1062893) AND (id <= 1063892))

for: order_ranges
table 1 : explain SELECT c FROM sbtest1 WHERE id BETWEEN 8708239 AND 8709238 ORDER BY c
	Sort  (cost=4031.23..4033.81 rows=1032 width=121)
	  Sort Key: c
	  ->  Bitmap Heap Scan on sbtest1  (cost=23.01..3979.57 rows=1032 width=121)
	        Recheck Cond: ((id >= 8708239) AND (id <= 8709238))
	        ->  Bitmap Index Scan on sbtest1_pkey  (cost=0.00..22.75 rows=1032 width=0)
	              Index Cond: ((id >= 8708239) AND (id <= 8709238))

table 2 : explain SELECT c FROM sbtest2 WHERE id BETWEEN 5453202 AND 5454201 ORDER BY c
	Sort  (cost=3994.11..3996.66 rows=1022 width=121)
	  Sort Key: c
	  ->  Bitmap Heap Scan on sbtest2  (cost=22.91..3943.02 rows=1022 width=121)
	        Recheck Cond: ((id >= 5453202) AND (id <= 5454201))
	        ->  Bitmap Index Scan on sbtest2_pkey  (cost=0.00..22.65 rows=1022 width=0)
	              Index Cond: ((id >= 5453202) AND (id <= 5454201))

table 3 : explain SELECT c FROM sbtest3 WHERE id BETWEEN 4809967 AND 4810966 ORDER BY c
	Sort  (cost=3810.78..3813.21 rows=974 width=121)
	  Sort Key: c
	  ->  Bitmap Heap Scan on sbtest3  (cost=22.42..3762.43 rows=974 width=121)
	        Recheck Cond: ((id >= 4809967) AND (id <= 4810966))
	        ->  Bitmap Index Scan on sbtest3_pkey  (cost=0.00..22.18 rows=974 width=0)
	              Index Cond: ((id >= 4809967) AND (id <= 4810966))

table 4 : explain SELECT c FROM sbtest4 WHERE id BETWEEN 3403469 AND 3404468 ORDER BY c
	Sort  (cost=3807.72..3810.15 rows=973 width=121)
	  Sort Key: c
	  ->  Bitmap Heap Scan on sbtest4  (cost=22.41..3759.43 rows=973 width=121)
	        Recheck Cond: ((id >= 3403469) AND (id <= 3404468))
	        ->  Bitmap Index Scan on sbtest4_pkey  (cost=0.00..22.16 rows=973 width=0)
	              Index Cond: ((id >= 3403469) AND (id <= 3404468))

table 5 : explain SELECT c FROM sbtest5 WHERE id BETWEEN 9906081 AND 9907080 ORDER BY c
	Sort  (cost=4075.42..4078.03 rows=1043 width=121)
	  Sort Key: c
	  ->  Bitmap Heap Scan on sbtest5  (cost=23.13..4023.14 rows=1043 width=121)
	        Recheck Cond: ((id >= 9906081) AND (id <= 9907080))
	        ->  Bitmap Index Scan on sbtest5_pkey  (cost=0.00..22.86 rows=1043 width=0)
	              Index Cond: ((id >= 9906081) AND (id <= 9907080))

table 6 : explain SELECT c FROM sbtest6 WHERE id BETWEEN 1336902 AND 1337901 ORDER BY c
	Sort  (cost=3785.55..3787.97 rows=967 width=121)
	  Sort Key: c
	  ->  Bitmap Heap Scan on sbtest6  (cost=22.35..3737.60 rows=967 width=121)
	        Recheck Cond: ((id >= 1336902) AND (id <= 1337901))
	        ->  Bitmap Index Scan on sbtest6_pkey  (cost=0.00..22.11 rows=967 width=0)
	              Index Cond: ((id >= 1336902) AND (id <= 1337901))

table 7 : explain SELECT c FROM sbtest7 WHERE id BETWEEN 8601876 AND 8602875 ORDER BY c
	Sort  (cost=3613.10..3615.41 rows=922 width=121)
	  Sort Key: c
	  ->  Bitmap Heap Scan on sbtest7  (cost=21.89..3567.70 rows=922 width=121)
	        Recheck Cond: ((id >= 8601876) AND (id <= 8602875))
	        ->  Bitmap Index Scan on sbtest7_pkey  (cost=0.00..21.65 rows=922 width=0)
	              Index Cond: ((id >= 8601876) AND (id <= 8602875))

table 8 : explain SELECT c FROM sbtest8 WHERE id BETWEEN 8839584 AND 8840583 ORDER BY c
	Sort  (cost=3797.03..3799.46 rows=970 width=121)
	  Sort Key: c
	  ->  Bitmap Heap Scan on sbtest8  (cost=22.38..3748.91 rows=970 width=121)
	        Recheck Cond: ((id >= 8839584) AND (id <= 8840583))
	        ->  Bitmap Index Scan on sbtest8_pkey  (cost=0.00..22.14 rows=970 width=0)
	              Index Cond: ((id >= 8839584) AND (id <= 8840583))

for: sum_ranges
table 1 : explain SELECT SUM(k) FROM sbtest1 WHERE id BETWEEN 1727932 AND 1728931
	Aggregate  (cost=4320.46..4320.47 rows=1 width=8)
	  ->  Bitmap Heap Scan on sbtest1  (cost=27.94..4317.65 rows=1122 width=4)
	        Recheck Cond: ((id >= 1727932) AND (id <= 1728931))
	        ->  Bitmap Index Scan on sbtest1_pkey  (cost=0.00..27.65 rows=1122 width=0)
	              Index Cond: ((id >= 1727932) AND (id <= 1728931))

table 2 : explain SELECT SUM(k) FROM sbtest2 WHERE id BETWEEN 1012700 AND 1013699
	Aggregate  (cost=3791.12..3791.13 rows=1 width=8)
	  ->  Bitmap Heap Scan on sbtest2  (cost=22.49..3788.67 rows=981 width=4)
	        Recheck Cond: ((id >= 1012700) AND (id <= 1013699))
	        ->  Bitmap Index Scan on sbtest2_pkey  (cost=0.00..22.25 rows=981 width=0)
	              Index Cond: ((id >= 1012700) AND (id <= 1013699))

table 3 : explain SELECT SUM(k) FROM sbtest3 WHERE id BETWEEN 2944570 AND 2945569
	Aggregate  (cost=3832.72..3832.73 rows=1 width=8)
	  ->  Bitmap Heap Scan on sbtest3  (cost=22.60..3830.24 rows=992 width=4)
	        Recheck Cond: ((id >= 2944570) AND (id <= 2945569))
	        ->  Bitmap Index Scan on sbtest3_pkey  (cost=0.00..22.36 rows=992 width=0)
	              Index Cond: ((id >= 2944570) AND (id <= 2945569))

table 4 : explain SELECT SUM(k) FROM sbtest4 WHERE id BETWEEN 4118545 AND 4119544
	Aggregate  (cost=3867.43..3867.44 rows=1 width=8)
	  ->  Bitmap Heap Scan on sbtest4  (cost=22.70..3864.93 rows=1001 width=4)
	        Recheck Cond: ((id >= 4118545) AND (id <= 4119544))
	        ->  Bitmap Index Scan on sbtest4_pkey  (cost=0.00..22.44 rows=1001 width=0)
	              Index Cond: ((id >= 4118545) AND (id <= 4119544))

table 5 : explain SELECT SUM(k) FROM sbtest5 WHERE id BETWEEN 7692015 AND 7693014
	Aggregate  (cost=3758.22..3758.23 rows=1 width=8)
	  ->  Bitmap Heap Scan on sbtest5  (cost=22.40..3755.79 rows=972 width=4)
	        Recheck Cond: ((id >= 7692015) AND (id <= 7693014))
	        ->  Bitmap Index Scan on sbtest5_pkey  (cost=0.00..22.15 rows=972 width=0)
	              Index Cond: ((id >= 7692015) AND (id <= 7693014))

table 6 : explain SELECT SUM(k) FROM sbtest6 WHERE id BETWEEN 2659629 AND 2660628
	Aggregate  (cost=3902.19..3902.20 rows=1 width=8)
	  ->  Bitmap Heap Scan on sbtest6  (cost=22.79..3899.67 rows=1010 width=4)
	        Recheck Cond: ((id >= 2659629) AND (id <= 2660628))
	        ->  Bitmap Index Scan on sbtest6_pkey  (cost=0.00..22.54 rows=1010 width=0)
	              Index Cond: ((id >= 2659629) AND (id <= 2660628))

table 7 : explain SELECT SUM(k) FROM sbtest7 WHERE id BETWEEN 503079 AND 504078
	Aggregate  (cost=3826.75..3826.76 rows=1 width=8)
	  ->  Bitmap Heap Scan on sbtest7  (cost=22.58..3824.27 rows=990 width=4)
	        Recheck Cond: ((id >= 503079) AND (id <= 504078))
	        ->  Bitmap Index Scan on sbtest7_pkey  (cost=0.00..22.33 rows=990 width=0)
	              Index Cond: ((id >= 503079) AND (id <= 504078))

table 8 : explain SELECT SUM(k) FROM sbtest8 WHERE id BETWEEN 4135799 AND 4136798
	Aggregate  (cost=3649.39..3649.40 rows=1 width=8)
	  ->  Bitmap Heap Scan on sbtest8  (cost=22.10..3647.04 rows=943 width=4)
	        Recheck Cond: ((id >= 4135799) AND (id <= 4136798))
	        ->  Bitmap Index Scan on sbtest8_pkey  (cost=0.00..21.86 rows=943 width=0)
	              Index Cond: ((id >= 4135799) AND (id <= 4136798))

for: simple_ranges
table 1 : explain SELECT c FROM sbtest1 WHERE id BETWEEN 7371290 AND 7372289
	Bitmap Heap Scan on sbtest1  (cost=22.54..3806.51 rows=986 width=121)
	  Recheck Cond: ((id >= 7371290) AND (id <= 7372289))
	  ->  Bitmap Index Scan on sbtest1_pkey  (cost=0.00..22.29 rows=986 width=0)
	        Index Cond: ((id >= 7371290) AND (id <= 7372289))

table 2 : explain SELECT c FROM sbtest2 WHERE id BETWEEN 4616489 AND 4617488
	Bitmap Heap Scan on sbtest2  (cost=22.50..3792.44 rows=982 width=121)
	  Recheck Cond: ((id >= 4616489) AND (id <= 4617488))
	  ->  Bitmap Index Scan on sbtest2_pkey  (cost=0.00..22.25 rows=982 width=0)
	        Index Cond: ((id >= 4616489) AND (id <= 4617488))

table 3 : explain SELECT c FROM sbtest3 WHERE id BETWEEN 7296792 AND 7297791
	Bitmap Heap Scan on sbtest3  (cost=22.64..3845.30 rows=996 width=121)
	  Recheck Cond: ((id >= 7296792) AND (id <= 7297791))
	  ->  Bitmap Index Scan on sbtest3_pkey  (cost=0.00..22.39 rows=996 width=0)
	        Index Cond: ((id >= 7296792) AND (id <= 7297791))

table 4 : explain SELECT c FROM sbtest4 WHERE id BETWEEN 3318619 AND 3319618
	Bitmap Heap Scan on sbtest4  (cost=21.64..3476.32 rows=898 width=121)
	  Recheck Cond: ((id >= 3318619) AND (id <= 3319618))
	  ->  Bitmap Index Scan on sbtest4_pkey  (cost=0.00..21.41 rows=898 width=0)
	        Index Cond: ((id >= 3318619) AND (id <= 3319618))

table 5 : explain SELECT c FROM sbtest5 WHERE id BETWEEN 3744764 AND 3745763
	Bitmap Heap Scan on sbtest5  (cost=28.08..4372.63 rows=1136 width=121)
	  Recheck Cond: ((id >= 3744764) AND (id <= 3745763))
	  ->  Bitmap Index Scan on sbtest5_pkey  (cost=0.00..27.79 rows=1136 width=0)
	        Index Cond: ((id >= 3744764) AND (id <= 3745763))

table 6 : explain SELECT c FROM sbtest6 WHERE id BETWEEN 3208992 AND 3209991
	Bitmap Heap Scan on sbtest6  (cost=22.70..3865.77 rows=1001 width=121)
	  Recheck Cond: ((id >= 3208992) AND (id <= 3209991))
	  ->  Bitmap Index Scan on sbtest6_pkey  (cost=0.00..22.44 rows=1001 width=0)
	        Index Cond: ((id >= 3208992) AND (id <= 3209991))

table 7 : explain SELECT c FROM sbtest7 WHERE id BETWEEN 2886322 AND 2887321
	Bitmap Heap Scan on sbtest7  (cost=22.76..3888.32 rows=1007 width=121)
	  Recheck Cond: ((id >= 2886322) AND (id <= 2887321))
	  ->  Bitmap Index Scan on sbtest7_pkey  (cost=0.00..22.50 rows=1007 width=0)
	        Index Cond: ((id >= 2886322) AND (id <= 2887321))

table 8 : explain SELECT c FROM sbtest8 WHERE id BETWEEN 7294240 AND 7295239
	Bitmap Heap Scan on sbtest8  (cost=22.37..3745.14 rows=969 width=121)
	  Recheck Cond: ((id >= 7294240) AND (id <= 7295239))
	  ->  Bitmap Index Scan on sbtest8_pkey  (cost=0.00..22.12 rows=969 width=0)
	        Index Cond: ((id >= 7294240) AND (id <= 7295239))

for: sum_ranges
table 1 : explain SELECT SUM(k) FROM sbtest1 WHERE id BETWEEN 465683 AND 466682
	Aggregate  (cost=3967.10..3967.11 rows=1 width=8)
	  ->  Bitmap Heap Scan on sbtest1  (cost=22.97..3964.53 rows=1028 width=4)
	        Recheck Cond: ((id >= 465683) AND (id <= 466682))
	        ->  Bitmap Index Scan on sbtest1_pkey  (cost=0.00..22.71 rows=1028 width=0)
	              Index Cond: ((id >= 465683) AND (id <= 466682))

table 2 : explain SELECT SUM(k) FROM sbtest2 WHERE id BETWEEN 1619080 AND 1620079
	Aggregate  (cost=3783.58..3783.59 rows=1 width=8)
	  ->  Bitmap Heap Scan on sbtest2  (cost=22.47..3781.14 rows=979 width=4)
	        Recheck Cond: ((id >= 1619080) AND (id <= 1620079))
	        ->  Bitmap Index Scan on sbtest2_pkey  (cost=0.00..22.22 rows=979 width=0)
	              Index Cond: ((id >= 1619080) AND (id <= 1620079))

table 3 : explain SELECT SUM(k) FROM sbtest3 WHERE id BETWEEN 2996795 AND 2997794
	Aggregate  (cost=3832.72..3832.73 rows=1 width=8)
	  ->  Bitmap Heap Scan on sbtest3  (cost=22.60..3830.24 rows=992 width=4)
	        Recheck Cond: ((id >= 2996795) AND (id <= 2997794))
	        ->  Bitmap Index Scan on sbtest3_pkey  (cost=0.00..22.36 rows=992 width=0)
	              Index Cond: ((id >= 2996795) AND (id <= 2997794))

table 4 : explain SELECT SUM(k) FROM sbtest4 WHERE id BETWEEN 5234095 AND 5235094
	Aggregate  (cost=3886.27..3886.28 rows=1 width=8)
	  ->  Bitmap Heap Scan on sbtest4  (cost=22.75..3883.76 rows=1006 width=4)
	        Recheck Cond: ((id >= 5234095) AND (id <= 5235094))
	        ->  Bitmap Index Scan on sbtest4_pkey  (cost=0.00..22.50 rows=1006 width=0)
	              Index Cond: ((id >= 5234095) AND (id <= 5235094))

table 5 : explain SELECT SUM(k) FROM sbtest5 WHERE id BETWEEN 479654 AND 480653
	Aggregate  (cost=4390.48..4390.49 rows=1 width=8)
	  ->  Bitmap Heap Scan on sbtest5  (cost=28.12..4387.63 rows=1140 width=4)
	        Recheck Cond: ((id >= 479654) AND (id <= 480653))
	        ->  Bitmap Index Scan on sbtest5_pkey  (cost=0.00..27.83 rows=1140 width=0)
	              Index Cond: ((id >= 479654) AND (id <= 480653))

table 6 : explain SELECT SUM(k) FROM sbtest6 WHERE id BETWEEN 3538712 AND 3539711
	Aggregate  (cost=3872.04..3872.05 rows=1 width=8)
	  ->  Bitmap Heap Scan on sbtest6  (cost=22.71..3869.54 rows=1002 width=4)
	        Recheck Cond: ((id >= 3538712) AND (id <= 3539711))
	        ->  Bitmap Index Scan on sbtest6_pkey  (cost=0.00..22.45 rows=1002 width=0)
	              Index Cond: ((id >= 3538712) AND (id <= 3539711))

table 7 : explain SELECT SUM(k) FROM sbtest7 WHERE id BETWEEN 4992537 AND 4993536
	Aggregate  (cost=4003.85..4003.86 rows=1 width=8)
	  ->  Bitmap Heap Scan on sbtest7  (cost=23.06..4001.26 rows=1037 width=4)
	        Recheck Cond: ((id >= 4992537) AND (id <= 4993536))
	        ->  Bitmap Index Scan on sbtest7_pkey  (cost=0.00..22.80 rows=1037 width=0)
	              Index Cond: ((id >= 4992537) AND (id <= 4993536))

table 8 : explain SELECT SUM(k) FROM sbtest8 WHERE id BETWEEN 5328320 AND 5329319
	Aggregate  (cost=3883.34..3883.35 rows=1 width=8)
	  ->  Bitmap Heap Scan on sbtest8  (cost=22.74..3880.83 rows=1005 width=4)
	        Recheck Cond: ((id >= 5328320) AND (id <= 5329319))
	        ->  Bitmap Index Scan on sbtest8_pkey  (cost=0.00..22.48 rows=1005 width=0)
	              Index Cond: ((id >= 5328320) AND (id <= 5329319))

for point_selects
table 1 : explain SELECT c FROM sbtest1 WHERE id=7508206
	Index Scan using sbtest1_pkey on sbtest1  (cost=0.43..8.45 rows=1 width=121)
	  Index Cond: (id = 7508206)

table 2 : explain SELECT c FROM sbtest2 WHERE id=5592430
	Index Scan using sbtest2_pkey on sbtest2  (cost=0.43..8.45 rows=1 width=121)
	  Index Cond: (id = 5592430)

table 3 : explain SELECT c FROM sbtest3 WHERE id=1816105
	Index Scan using sbtest3_pkey on sbtest3  (cost=0.43..8.45 rows=1 width=121)
	  Index Cond: (id = 1816105)

table 4 : explain SELECT c FROM sbtest4 WHERE id=5335467
	Index Scan using sbtest4_pkey on sbtest4  (cost=0.43..8.45 rows=1 width=121)
	  Index Cond: (id = 5335467)

table 5 : explain SELECT c FROM sbtest5 WHERE id=2216449
	Index Scan using sbtest5_pkey on sbtest5  (cost=0.43..8.45 rows=1 width=121)
	  Index Cond: (id = 2216449)

table 6 : explain SELECT c FROM sbtest6 WHERE id=5183084
	Index Scan using sbtest6_pkey on sbtest6  (cost=0.43..8.45 rows=1 width=121)
	  Index Cond: (id = 5183084)

table 7 : explain SELECT c FROM sbtest7 WHERE id=1626348
	Index Scan using sbtest7_pkey on sbtest7  (cost=0.43..8.45 rows=1 width=121)
	  Index Cond: (id = 1626348)

table 8 : explain SELECT c FROM sbtest8 WHERE id=5209098
	Index Scan using sbtest8_pkey on sbtest8  (cost=0.43..8.45 rows=1 width=121)
	  Index Cond: (id = 5209098)

for point_selects
table 1 : explain SELECT c FROM sbtest1 WHERE id=4508043
	Index Scan using sbtest1_pkey on sbtest1  (cost=0.43..8.45 rows=1 width=121)
	  Index Cond: (id = 4508043)

table 2 : explain SELECT c FROM sbtest2 WHERE id=9876390
	Index Scan using sbtest2_pkey on sbtest2  (cost=0.43..8.45 rows=1 width=121)
	  Index Cond: (id = 9876390)

table 3 : explain SELECT c FROM sbtest3 WHERE id=8693264
	Index Scan using sbtest3_pkey on sbtest3  (cost=0.43..8.45 rows=1 width=121)
	  Index Cond: (id = 8693264)

table 4 : explain SELECT c FROM sbtest4 WHERE id=5991895
	Index Scan using sbtest4_pkey on sbtest4  (cost=0.43..8.45 rows=1 width=121)
	  Index Cond: (id = 5991895)

table 5 : explain SELECT c FROM sbtest5 WHERE id=1659634
	Index Scan using sbtest5_pkey on sbtest5  (cost=0.43..8.45 rows=1 width=121)
	  Index Cond: (id = 1659634)

table 6 : explain SELECT c FROM sbtest6 WHERE id=2800166
	Index Scan using sbtest6_pkey on sbtest6  (cost=0.43..8.45 rows=1 width=121)
	  Index Cond: (id = 2800166)

table 7 : explain SELECT c FROM sbtest7 WHERE id=917623
	Index Scan using sbtest7_pkey on sbtest7  (cost=0.43..8.45 rows=1 width=121)
	  Index Cond: (id = 917623)

table 8 : explain SELECT c FROM sbtest8 WHERE id=9866055
	Index Scan using sbtest8_pkey on sbtest8  (cost=0.43..8.45 rows=1 width=121)
	  Index Cond: (id = 9866055)

explain: for point_selects :: explain SELECT c FROM sbtest%u WHERE id=%u
for point_selects
table 1 : explain SELECT c FROM sbtest1 WHERE id=1349634
	Index Scan using sbtest1_pkey on sbtest1  (cost=0.43..8.45 rows=1 width=121)
	  Index Cond: (id = 1349634)

table 2 : explain SELECT c FROM sbtest2 WHERE id=8781951
	Index Scan using sbtest2_pkey on sbtest2  (cost=0.43..8.45 rows=1 width=121)
	  Index Cond: (id = 8781951)

table 3 : explain SELECT c FROM sbtest3 WHERE id=2410310
	Index Scan using sbtest3_pkey on sbtest3  (cost=0.43..8.45 rows=1 width=121)
	  Index Cond: (id = 2410310)

table 4 : explain SELECT c FROM sbtest4 WHERE id=7599226
	Index Scan using sbtest4_pkey on sbtest4  (cost=0.43..8.45 rows=1 width=121)
	  Index Cond: (id = 7599226)

table 5 : explain SELECT c FROM sbtest5 WHERE id=8334274
	Index Scan using sbtest5_pkey on sbtest5  (cost=0.43..8.45 rows=1 width=121)
	  Index Cond: (id = 8334274)

table 6 : explain SELECT c FROM sbtest6 WHERE id=769413
	Index Scan using sbtest6_pkey on sbtest6  (cost=0.43..8.45 rows=1 width=121)
	  Index Cond: (id = 769413)

table 7 : explain SELECT c FROM sbtest7 WHERE id=6430264
	Index Scan using sbtest7_pkey on sbtest7  (cost=0.43..8.45 rows=1 width=121)
	  Index Cond: (id = 6430264)

table 8 : explain SELECT c FROM sbtest8 WHERE id=7784334
	Index Scan using sbtest8_pkey on sbtest8  (cost=0.43..8.45 rows=1 width=121)
	  Index Cond: (id = 7784334)

for: order_ranges
table 1 : explain SELECT c FROM sbtest1 WHERE id BETWEEN 803315 AND 804314 ORDER BY c
	Sort  (cost=3878.47..3880.95 rows=992 width=121)
	  Sort Key: c
	  ->  Bitmap Heap Scan on sbtest1  (cost=22.60..3829.10 rows=992 width=121)
	        Recheck Cond: ((id >= 803315) AND (id <= 804314))
	        ->  Bitmap Index Scan on sbtest1_pkey  (cost=0.00..22.36 rows=992 width=0)
	              Index Cond: ((id >= 803315) AND (id <= 804314))

table 2 : explain SELECT c FROM sbtest2 WHERE id BETWEEN 2021764 AND 2022763 ORDER BY c
	Sort  (cost=3848.89..3851.35 rows=984 width=121)
	  Sort Key: c
	  ->  Bitmap Heap Scan on sbtest2  (cost=22.52..3799.97 rows=984 width=121)
	        Recheck Cond: ((id >= 2021764) AND (id <= 2022763))
	        ->  Bitmap Index Scan on sbtest2_pkey  (cost=0.00..22.27 rows=984 width=0)
	              Index Cond: ((id >= 2021764) AND (id <= 2022763))

table 3 : explain SELECT c FROM sbtest3 WHERE id BETWEEN 3793019 AND 3794018 ORDER BY c
	Sort  (cost=4066.79..4069.40 rows=1041 width=121)
	  Sort Key: c
	  ->  Bitmap Heap Scan on sbtest3  (cost=23.11..4014.62 rows=1041 width=121)
	        Recheck Cond: ((id >= 3793019) AND (id <= 3794018))
	        ->  Bitmap Index Scan on sbtest3_pkey  (cost=0.00..22.84 rows=1041 width=0)
	              Index Cond: ((id >= 3793019) AND (id <= 3794018))

table 4 : explain SELECT c FROM sbtest4 WHERE id BETWEEN 5048661 AND 5049660 ORDER BY c
	Sort  (cost=3972.15..3974.69 rows=1016 width=121)
	  Sort Key: c
	  ->  Bitmap Heap Scan on sbtest4  (cost=22.85..3921.41 rows=1016 width=121)
	        Recheck Cond: ((id >= 5048661) AND (id <= 5049660))
	        ->  Bitmap Index Scan on sbtest4_pkey  (cost=0.00..22.59 rows=1016 width=0)
	              Index Cond: ((id >= 5048661) AND (id <= 5049660))

table 5 : explain SELECT c FROM sbtest5 WHERE id BETWEEN 74154 AND 75153 ORDER BY c
	Sort  (cost=3727.46..3729.84 rows=952 width=121)
	  Sort Key: c
	  ->  Bitmap Heap Scan on sbtest5  (cost=22.19..3680.36 rows=952 width=121)
	        Recheck Cond: ((id >= 74154) AND (id <= 75153))
	        ->  Bitmap Index Scan on sbtest5_pkey  (cost=0.00..21.95 rows=952 width=0)
	              Index Cond: ((id >= 74154) AND (id <= 75153))

table 6 : explain SELECT c FROM sbtest6 WHERE id BETWEEN 3186642 AND 3187641 ORDER BY c
	Sort  (cost=3915.65..3918.16 rows=1001 width=121)
	  Sort Key: c
	  ->  Bitmap Heap Scan on sbtest6  (cost=22.70..3865.77 rows=1001 width=121)
	        Recheck Cond: ((id >= 3186642) AND (id <= 3187641))
	        ->  Bitmap Index Scan on sbtest6_pkey  (cost=0.00..22.44 rows=1001 width=0)
	              Index Cond: ((id >= 3186642) AND (id <= 3187641))

table 7 : explain SELECT c FROM sbtest7 WHERE id BETWEEN 6193109 AND 6194108 ORDER BY c
	Sort  (cost=4217.35..4220.05 rows=1080 width=121)
	  Sort Key: c
	  ->  Bitmap Heap Scan on sbtest7  (cost=23.50..4162.94 rows=1080 width=121)
	        Recheck Cond: ((id >= 6193109) AND (id <= 6194108))
	        ->  Bitmap Index Scan on sbtest7_pkey  (cost=0.00..23.23 rows=1080 width=0)
	              Index Cond: ((id >= 6193109) AND (id <= 6194108))

table 8 : explain SELECT c FROM sbtest8 WHERE id BETWEEN 303556 AND 304555 ORDER BY c
	Sort  (cost=4045.61..4048.19 rows=1035 width=121)
	  Sort Key: c
	  ->  Bitmap Heap Scan on sbtest8  (cost=23.04..3993.78 rows=1035 width=121)
	        Recheck Cond: ((id >= 303556) AND (id <= 304555))
	        ->  Bitmap Index Scan on sbtest8_pkey  (cost=0.00..22.79 rows=1035 width=0)
	              Index Cond: ((id >= 303556) AND (id <= 304555))

explain: for point_selects :: explain SELECT c FROM sbtest%u WHERE id=%u
for: sum_ranges
table 1 : explain SELECT SUM(k) FROM sbtest1 WHERE id BETWEEN 1111994 AND 1112993
	Aggregate  (cost=3510.92..3510.93 rows=1 width=8)
	  ->  Bitmap Heap Scan on sbtest1  (cost=21.73..3508.65 rows=907 width=4)
	        Recheck Cond: ((id >= 1111994) AND (id <= 1112993))
	        ->  Bitmap Index Scan on sbtest1_pkey  (cost=0.00..21.50 rows=907 width=0)
	              Index Cond: ((id >= 1111994) AND (id <= 1112993))

table 2 : explain SELECT SUM(k) FROM sbtest2 WHERE id BETWEEN 4958881 AND 4959880
	Aggregate  (cost=3938.05..3938.06 rows=1 width=8)
	  ->  Bitmap Heap Scan on sbtest2  (cost=22.89..3935.50 rows=1020 width=4)
	        Recheck Cond: ((id >= 4958881) AND (id <= 4959880))
	        ->  Bitmap Index Scan on sbtest2_pkey  (cost=0.00..22.64 rows=1020 width=0)
	              Index Cond: ((id >= 4958881) AND (id <= 4959880))

table 3 : explain SELECT SUM(k) FROM sbtest3 WHERE id BETWEEN 4653470 AND 4654469
	Aggregate  (cost=3636.58..3636.59 rows=1 width=8)
	  ->  Bitmap Heap Scan on sbtest3  (cost=22.07..3634.23 rows=940 width=4)
	        Recheck Cond: ((id >= 4653470) AND (id <= 4654469))
	        ->  Bitmap Index Scan on sbtest3_pkey  (cost=0.00..21.83 rows=940 width=0)
	              Index Cond: ((id >= 4653470) AND (id <= 4654469))

table 4 : explain SELECT SUM(k) FROM sbtest4 WHERE id BETWEEN 8691806 AND 8692805
	Aggregate  (cost=3788.26..3788.27 rows=1 width=8)
	  ->  Bitmap Heap Scan on sbtest4  (cost=22.48..3785.81 rows=980 width=4)
	        Recheck Cond: ((id >= 8691806) AND (id <= 8692805))
	        ->  Bitmap Index Scan on sbtest4_pkey  (cost=0.00..22.23 rows=980 width=0)
	              Index Cond: ((id >= 8691806) AND (id <= 8692805))

table 5 : explain SELECT SUM(k) FROM sbtest5 WHERE id BETWEEN 7482450 AND 7483449
	Aggregate  (cost=3863.80..3863.81 rows=1 width=8)
	  ->  Bitmap Heap Scan on sbtest5  (cost=22.68..3861.30 rows=1000 width=4)
	        Recheck Cond: ((id >= 7482450) AND (id <= 7483449))
	        ->  Bitmap Index Scan on sbtest5_pkey  (cost=0.00..22.43 rows=1000 width=0)
	              Index Cond: ((id >= 7482450) AND (id <= 7483449))

table 6 : explain SELECT SUM(k) FROM sbtest6 WHERE id BETWEEN 6255729 AND 6256728
	Aggregate  (cost=3841.88..3841.89 rows=1 width=8)
	  ->  Bitmap Heap Scan on sbtest6  (cost=22.62..3839.39 rows=994 width=4)
	        Recheck Cond: ((id >= 6255729) AND (id <= 6256728))
	        ->  Bitmap Index Scan on sbtest6_pkey  (cost=0.00..22.37 rows=994 width=0)
	              Index Cond: ((id >= 6255729) AND (id <= 6256728))

table 7 : explain SELECT SUM(k) FROM sbtest7 WHERE id BETWEEN 5244268 AND 5245267
	Aggregate  (cost=4567.52..4567.53 rows=1 width=8)
	  ->  Bitmap Heap Scan on sbtest7  (cost=28.60..4564.55 rows=1187 width=4)
	        Recheck Cond: ((id >= 5244268) AND (id <= 5245267))
	        ->  Bitmap Index Scan on sbtest7_pkey  (cost=0.00..28.30 rows=1187 width=0)
	              Index Cond: ((id >= 5244268) AND (id <= 5245267))

table 8 : explain SELECT SUM(k) FROM sbtest8 WHERE id BETWEEN 9428515 AND 9429514
	Aggregate  (cost=3800.39..3800.40 rows=1 width=8)
	  ->  Bitmap Heap Scan on sbtest8  (cost=22.51..3797.93 rows=983 width=4)
	        Recheck Cond: ((id >= 9428515) AND (id <= 9429514))
	        ->  Bitmap Index Scan on sbtest8_pkey  (cost=0.00..22.26 rows=983 width=0)
	              Index Cond: ((id >= 9428515) AND (id <= 9429514))

explain: for point_selects :: explain SELECT c FROM sbtest%u WHERE id=%u
for point_selects
table 1 : explain SELECT c FROM sbtest1 WHERE id=5903585
	Index Scan using sbtest1_pkey on sbtest1  (cost=0.43..8.45 rows=1 width=121)
	  Index Cond: (id = 5903585)

table 2 : explain SELECT c FROM sbtest2 WHERE id=3095885
	Index Scan using sbtest2_pkey on sbtest2  (cost=0.43..8.45 rows=1 width=121)
	  Index Cond: (id = 3095885)

table 3 : explain SELECT c FROM sbtest3 WHERE id=5177095
	Index Scan using sbtest3_pkey on sbtest3  (cost=0.43..8.45 rows=1 width=121)
	  Index Cond: (id = 5177095)

table 4 : explain SELECT c FROM sbtest4 WHERE id=9412734
	Index Scan using sbtest4_pkey on sbtest4  (cost=0.43..8.45 rows=1 width=121)
	  Index Cond: (id = 9412734)

table 5 : explain SELECT c FROM sbtest5 WHERE id=6981605
	Index Scan using sbtest5_pkey on sbtest5  (cost=0.43..8.45 rows=1 width=121)
	  Index Cond: (id = 6981605)

table 6 : explain SELECT c FROM sbtest6 WHERE id=5451400
	Index Scan using sbtest6_pkey on sbtest6  (cost=0.43..8.45 rows=1 width=121)
	  Index Cond: (id = 5451400)

table 7 : explain SELECT c FROM sbtest7 WHERE id=5608702
	Index Scan using sbtest7_pkey on sbtest7  (cost=0.43..8.45 rows=1 width=121)
	  Index Cond: (id = 5608702)

table 8 : explain SELECT c FROM sbtest8 WHERE id=8027904
	Index Scan using sbtest8_pkey on sbtest8  (cost=0.43..8.45 rows=1 width=121)
	  Index Cond: (id = 8027904)

for: sum_ranges
table 1 : explain SELECT SUM(k) FROM sbtest1 WHERE id BETWEEN 8189419 AND 8190418
	Aggregate  (cost=4106.21..4106.22 rows=1 width=8)
	  ->  Bitmap Heap Scan on sbtest1  (cost=23.35..4103.55 rows=1065 width=4)
	        Recheck Cond: ((id >= 8189419) AND (id <= 8190418))
	        ->  Bitmap Index Scan on sbtest1_pkey  (cost=0.00..23.08 rows=1065 width=0)
	              Index Cond: ((id >= 8189419) AND (id <= 8190418))

table 2 : explain SELECT SUM(k) FROM sbtest2 WHERE id BETWEEN 480701 AND 481700
	Aggregate  (cost=3757.19..3757.20 rows=1 width=8)
	  ->  Bitmap Heap Scan on sbtest2  (cost=22.40..3754.76 rows=972 width=4)
	        Recheck Cond: ((id >= 480701) AND (id <= 481700))
	        ->  Bitmap Index Scan on sbtest2_pkey  (cost=0.00..22.15 rows=972 width=0)
	              Index Cond: ((id >= 480701) AND (id <= 481700))

table 3 : explain SELECT SUM(k) FROM sbtest3 WHERE id BETWEEN 7164873 AND 7165872
	Aggregate  (cost=3889.23..3889.24 rows=1 width=8)
	  ->  Bitmap Heap Scan on sbtest3  (cost=22.76..3886.72 rows=1007 width=4)
	        Recheck Cond: ((id >= 7164873) AND (id <= 7165872))
	        ->  Bitmap Index Scan on sbtest3_pkey  (cost=0.00..22.50 rows=1007 width=0)
	              Index Cond: ((id >= 7164873) AND (id <= 7165872))

table 4 : explain SELECT SUM(k) FROM sbtest4 WHERE id BETWEEN 9943288 AND 9944287
	Aggregate  (cost=3920.18..3920.19 rows=1 width=8)
	  ->  Bitmap Heap Scan on sbtest4  (cost=22.84..3917.64 rows=1015 width=4)
	        Recheck Cond: ((id >= 9943288) AND (id <= 9944287))
	        ->  Bitmap Index Scan on sbtest4_pkey  (cost=0.00..22.58 rows=1015 width=0)
	              Index Cond: ((id >= 9943288) AND (id <= 9944287))

table 5 : explain SELECT SUM(k) FROM sbtest5 WHERE id BETWEEN 2370803 AND 2371802
	Aggregate  (cost=3909.02..3909.03 rows=1 width=8)
	  ->  Bitmap Heap Scan on sbtest5  (cost=22.81..3906.49 rows=1012 width=4)
	        Recheck Cond: ((id >= 2370803) AND (id <= 2371802))
	        ->  Bitmap Index Scan on sbtest5_pkey  (cost=0.00..22.55 rows=1012 width=0)
	              Index Cond: ((id >= 2370803) AND (id <= 2371802))

table 6 : explain SELECT SUM(k) FROM sbtest6 WHERE id BETWEEN 4274201 AND 4275200
	Aggregate  (cost=4161.93..4161.94 rows=1 width=8)
	  ->  Bitmap Heap Scan on sbtest6  (cost=23.49..4159.23 rows=1079 width=4)
	        Recheck Cond: ((id >= 4274201) AND (id <= 4275200))
	        ->  Bitmap Index Scan on sbtest6_pkey  (cost=0.00..23.22 rows=1079 width=0)
	              Index Cond: ((id >= 4274201) AND (id <= 4275200))

table 7 : explain SELECT SUM(k) FROM sbtest7 WHERE id BETWEEN 6488249 AND 6489248
	Aggregate  (cost=4026.44..4026.45 rows=1 width=8)
	  ->  Bitmap Heap Scan on sbtest7  (cost=23.13..4023.83 rows=1043 width=4)
	        Recheck Cond: ((id >= 6488249) AND (id <= 6489248))
	        ->  Bitmap Index Scan on sbtest7_pkey  (cost=0.00..22.86 rows=1043 width=0)
	              Index Cond: ((id >= 6488249) AND (id <= 6489248))

table 8 : explain SELECT SUM(k) FROM sbtest8 WHERE id BETWEEN 6017744 AND 6018743
	Aggregate  (cost=4086.70..4086.71 rows=1 width=8)
	  ->  Bitmap Heap Scan on sbtest8  (cost=23.29..4084.05 rows=1059 width=4)
	        Recheck Cond: ((id >= 6017744) AND (id <= 6018743))
	        ->  Bitmap Index Scan on sbtest8_pkey  (cost=0.00..23.02 rows=1059 width=0)
	              Index Cond: ((id >= 6017744) AND (id <= 6018743))

for: simple_ranges
table 1 : explain SELECT c FROM sbtest1 WHERE id BETWEEN 6415451 AND 6416450
	Bitmap Heap Scan on sbtest1  (cost=21.77..3523.75 rows=911 width=121)
	  Recheck Cond: ((id >= 6415451) AND (id <= 6416450))
	  ->  Bitmap Index Scan on sbtest1_pkey  (cost=0.00..21.54 rows=911 width=0)
	        Index Cond: ((id >= 6415451) AND (id <= 6416450))

table 2 : explain SELECT c FROM sbtest2 WHERE id BETWEEN 2291433 AND 2292432
	Bitmap Heap Scan on sbtest2  (cost=23.58..4187.28 rows=1087 width=121)
	  Recheck Cond: ((id >= 2291433) AND (id <= 2292432))
	  ->  Bitmap Index Scan on sbtest2_pkey  (cost=0.00..23.30 rows=1087 width=0)
	        Index Cond: ((id >= 2291433) AND (id <= 2292432))

table 3 : explain SELECT c FROM sbtest3 WHERE id BETWEEN 2197457 AND 2198456
	Bitmap Heap Scan on sbtest3  (cost=21.80..3536.08 rows=914 width=121)
	  Recheck Cond: ((id >= 2197457) AND (id <= 2198456))
	  ->  Bitmap Index Scan on sbtest3_pkey  (cost=0.00..21.57 rows=914 width=0)
	        Index Cond: ((id >= 2197457) AND (id <= 2198456))

table 4 : explain SELECT c FROM sbtest4 WHERE id BETWEEN 7999451 AND 8000450
	Bitmap Heap Scan on sbtest4  (cost=22.70..3864.93 rows=1001 width=121)
	  Recheck Cond: ((id >= 7999451) AND (id <= 8000450))
	  ->  Bitmap Index Scan on sbtest4_pkey  (cost=0.00..22.44 rows=1001 width=0)
	        Index Cond: ((id >= 7999451) AND (id <= 8000450))

table 5 : explain SELECT c FROM sbtest5 WHERE id BETWEEN 1042021 AND 1043020
	Bitmap Heap Scan on sbtest5  (cost=22.16..3669.04 rows=949 width=121)
	  Recheck Cond: ((id >= 1042021) AND (id <= 1043020))
	  ->  Bitmap Index Scan on sbtest5_pkey  (cost=0.00..21.93 rows=949 width=0)
	        Index Cond: ((id >= 1042021) AND (id <= 1043020))

table 6 : explain SELECT c FROM sbtest6 WHERE id BETWEEN 2500217 AND 2501216
	Bitmap Heap Scan on sbtest6  (cost=22.13..3658.37 rows=946 width=121)
	  Recheck Cond: ((id >= 2500217) AND (id <= 2501216))
	  ->  Bitmap Index Scan on sbtest6_pkey  (cost=0.00..21.89 rows=946 width=0)
	        Index Cond: ((id >= 2500217) AND (id <= 2501216))

table 7 : explain SELECT c FROM sbtest7 WHERE id BETWEEN 2419417 AND 2420416
	Bitmap Heap Scan on sbtest7  (cost=22.12..3654.55 rows=945 width=121)
	  Recheck Cond: ((id >= 2419417) AND (id <= 2420416))
	  ->  Bitmap Index Scan on sbtest7_pkey  (cost=0.00..21.89 rows=945 width=0)
	        Index Cond: ((id >= 2419417) AND (id <= 2420416))

table 8 : explain SELECT c FROM sbtest8 WHERE id BETWEEN 3518055 AND 3519054
	Bitmap Heap Scan on sbtest8  (cost=27.50..4166.98 rows=1080 width=121)
	  Recheck Cond: ((id >= 3518055) AND (id <= 3519054))
	  ->  Bitmap Index Scan on sbtest8_pkey  (cost=0.00..27.23 rows=1080 width=0)
	        Index Cond: ((id >= 3518055) AND (id <= 3519054))

for: simple_ranges
table 1 : explain SELECT c FROM sbtest1 WHERE id BETWEEN 6966341 AND 6967340
	Bitmap Heap Scan on sbtest1  (cost=23.19..4043.45 rows=1049 width=121)
	  Recheck Cond: ((id >= 6966341) AND (id <= 6967340))
	  ->  Bitmap Index Scan on sbtest1_pkey  (cost=0.00..22.93 rows=1049 width=0)
	        Index Cond: ((id >= 6966341) AND (id <= 6967340))

table 2 : explain SELECT c FROM sbtest2 WHERE id BETWEEN 1326926 AND 1327925
	Bitmap Heap Scan on sbtest2  (cost=22.78..3894.11 rows=1009 width=121)
	  Recheck Cond: ((id >= 1326926) AND (id <= 1327925))
	  ->  Bitmap Index Scan on sbtest2_pkey  (cost=0.00..22.52 rows=1009 width=0)
	        Index Cond: ((id >= 1326926) AND (id <= 1327925))

table 3 : explain SELECT c FROM sbtest3 WHERE id BETWEEN 3715960 AND 3716959
	Bitmap Heap Scan on sbtest3  (cost=22.40..3754.89 rows=972 width=121)
	  Recheck Cond: ((id >= 3715960) AND (id <= 3716959))
	  ->  Bitmap Index Scan on sbtest3_pkey  (cost=0.00..22.15 rows=972 width=0)
	        Index Cond: ((id >= 3715960) AND (id <= 3716959))

table 4 : explain SELECT c FROM sbtest4 WHERE id BETWEEN 8216651 AND 8217650
	Bitmap Heap Scan on sbtest4  (cost=22.13..3657.60 rows=946 width=121)
	  Recheck Cond: ((id >= 8216651) AND (id <= 8217650))
	  ->  Bitmap Index Scan on sbtest4_pkey  (cost=0.00..21.89 rows=946 width=0)
	        Index Cond: ((id >= 8216651) AND (id <= 8217650))

table 5 : explain SELECT c FROM sbtest5 WHERE id BETWEEN 8410370 AND 8411369
	Bitmap Heap Scan on sbtest5  (cost=23.15..4030.66 rows=1045 width=121)
	  Recheck Cond: ((id >= 8410370) AND (id <= 8411369))
	  ->  Bitmap Index Scan on sbtest5_pkey  (cost=0.00..22.89 rows=1045 width=0)
	        Index Cond: ((id >= 8410370) AND (id <= 8411369))

table 6 : explain SELECT c FROM sbtest6 WHERE id BETWEEN 7019217 AND 7020216
	Bitmap Heap Scan on sbtest6  (cost=21.54..3439.22 rows=888 width=121)
	  Recheck Cond: ((id >= 7019217) AND (id <= 7020216))
	  ->  Bitmap Index Scan on sbtest6_pkey  (cost=0.00..21.32 rows=888 width=0)
	        Index Cond: ((id >= 7019217) AND (id <= 7020216))

table 7 : explain SELECT c FROM sbtest7 WHERE id BETWEEN 8129074 AND 8130073
	Bitmap Heap Scan on sbtest7  (cost=22.80..3903.39 rows=1011 width=121)
	  Recheck Cond: ((id >= 8129074) AND (id <= 8130073))
	  ->  Bitmap Index Scan on sbtest7_pkey  (cost=0.00..22.54 rows=1011 width=0)
	        Index Cond: ((id >= 8129074) AND (id <= 8130073))

table 8 : explain SELECT c FROM sbtest8 WHERE id BETWEEN 8984763 AND 8985762
	Bitmap Heap Scan on sbtest8  (cost=22.79..3899.66 rows=1010 width=121)
	  Recheck Cond: ((id >= 8984763) AND (id <= 8985762))
	  ->  Bitmap Index Scan on sbtest8_pkey  (cost=0.00..22.54 rows=1010 width=0)
	        Index Cond: ((id >= 8984763) AND (id <= 8985762))

for: distinct_ranges
table 1 : explain SELECT DISTINCT c FROM sbtest1 WHERE id BETWEEN 6581487 AND 6582486 ORDER BY c
	Unique  (cost=4134.22..4139.52 rows=1059 width=121)
	  ->  Sort  (cost=4134.22..4136.87 rows=1059 width=121)
	        Sort Key: c
	        ->  Bitmap Heap Scan on sbtest1  (cost=23.29..4081.02 rows=1059 width=121)
	              Recheck Cond: ((id >= 6581487) AND (id <= 6582486))
	              ->  Bitmap Index Scan on sbtest1_pkey  (cost=0.00..23.02 rows=1059 width=0)
	                    Index Cond: ((id >= 6581487) AND (id <= 6582486))

table 2 : explain SELECT DISTINCT c FROM sbtest2 WHERE id BETWEEN 63316 AND 64315 ORDER BY c
	Unique  (cost=3902.41..3907.40 rows=998 width=121)
	  ->  Sort  (cost=3902.41..3904.91 rows=998 width=121)
	        Sort Key: c
	        ->  Bitmap Heap Scan on sbtest2  (cost=22.66..3852.70 rows=998 width=121)
	              Recheck Cond: ((id >= 63316) AND (id <= 64315))
	              ->  Bitmap Index Scan on sbtest2_pkey  (cost=0.00..22.41 rows=998 width=0)
	                    Index Cond: ((id >= 63316) AND (id <= 64315))

table 3 : explain SELECT DISTINCT c FROM sbtest3 WHERE id BETWEEN 383821 AND 384820 ORDER BY c
	Unique  (cost=3833.73..3838.63 rows=980 width=121)
	  ->  Sort  (cost=3833.73..3836.18 rows=980 width=121)
	        Sort Key: c
	        ->  Bitmap Heap Scan on sbtest3  (cost=22.48..3785.04 rows=980 width=121)
	              Recheck Cond: ((id >= 383821) AND (id <= 384820))
	              ->  Bitmap Index Scan on sbtest3_pkey  (cost=0.00..22.23 rows=980 width=0)
	                    Index Cond: ((id >= 383821) AND (id <= 384820))

table 4 : explain SELECT DISTINCT c FROM sbtest4 WHERE id BETWEEN 909856 AND 910855 ORDER BY c
	Unique  (cost=4044.73..4049.91 rows=1035 width=121)
	  ->  Sort  (cost=4044.73..4047.32 rows=1035 width=121)
	        Sort Key: c
	        ->  Bitmap Heap Scan on sbtest4  (cost=23.04..3992.90 rows=1035 width=121)
	              Recheck Cond: ((id >= 909856) AND (id <= 910855))
	              ->  Bitmap Index Scan on sbtest4_pkey  (cost=0.00..22.79 rows=1035 width=0)
	                    Index Cond: ((id >= 909856) AND (id <= 910855))

table 5 : explain SELECT DISTINCT c FROM sbtest5 WHERE id BETWEEN 3847452 AND 3848451 ORDER BY c
	Unique  (cost=4109.78..4115.04 rows=1052 width=121)
	  ->  Sort  (cost=4109.78..4112.41 rows=1052 width=121)
	        Sort Key: c
	        ->  Bitmap Heap Scan on sbtest5  (cost=23.22..4056.98 rows=1052 width=121)
	              Recheck Cond: ((id >= 3847452) AND (id <= 3848451))
	              ->  Bitmap Index Scan on sbtest5_pkey  (cost=0.00..22.95 rows=1052 width=0)
	                    Index Cond: ((id >= 3847452) AND (id <= 3848451))

table 6 : explain SELECT DISTINCT c FROM sbtest6 WHERE id BETWEEN 2064660 AND 2065659 ORDER BY c
	Unique  (cost=3908.01..3913.00 rows=999 width=121)
	  ->  Sort  (cost=3908.01..3910.50 rows=999 width=121)
	        Sort Key: c
	        ->  Bitmap Heap Scan on sbtest6  (cost=22.67..3858.23 rows=999 width=121)
	              Recheck Cond: ((id >= 2064660) AND (id <= 2065659))
	              ->  Bitmap Index Scan on sbtest6_pkey  (cost=0.00..22.43 rows=999 width=0)
	                    Index Cond: ((id >= 2064660) AND (id <= 2065659))

table 7 : explain SELECT DISTINCT c FROM sbtest7 WHERE id BETWEEN 2265435 AND 2266434 ORDER BY c
	Unique  (cost=3969.14..3974.21 rows=1015 width=121)
	  ->  Sort  (cost=3969.14..3971.67 rows=1015 width=121)
	        Sort Key: c
	        ->  Bitmap Heap Scan on sbtest7  (cost=22.84..3918.45 rows=1015 width=121)
	              Recheck Cond: ((id >= 2265435) AND (id <= 2266434))
	              ->  Bitmap Index Scan on sbtest7_pkey  (cost=0.00..22.58 rows=1015 width=0)
	                    Index Cond: ((id >= 2265435) AND (id <= 2266434))

table 8 : explain SELECT DISTINCT c FROM sbtest8 WHERE id BETWEEN 1067227 AND 1068226 ORDER BY c
	Unique  (cost=3643.81..3648.46 rows=930 width=121)
	  ->  Sort  (cost=3643.81..3646.13 rows=930 width=121)
	        Sort Key: c
	        ->  Bitmap Heap Scan on sbtest8  (cost=21.97..3597.95 rows=930 width=121)
	              Recheck Cond: ((id >= 1067227) AND (id <= 1068226))
	              ->  Bitmap Index Scan on sbtest8_pkey  (cost=0.00..21.73 rows=930 width=0)
	                    Index Cond: ((id >= 1067227) AND (id <= 1068226))

for: order_ranges
table 1 : explain SELECT c FROM sbtest1 WHERE id BETWEEN 4516554 AND 4517553 ORDER BY c
	Sort  (cost=3867.01..3869.48 rows=989 width=121)
	  Sort Key: c
	  ->  Bitmap Heap Scan on sbtest1  (cost=22.57..3817.81 rows=989 width=121)
	        Recheck Cond: ((id >= 4516554) AND (id <= 4517553))
	        ->  Bitmap Index Scan on sbtest1_pkey  (cost=0.00..22.32 rows=989 width=0)
	              Index Cond: ((id >= 4516554) AND (id <= 4517553))

table 2 : explain SELECT c FROM sbtest2 WHERE id BETWEEN 9567242 AND 9568241 ORDER BY c
	Sort  (cost=3699.67..3702.03 rows=945 width=121)
	  Sort Key: c
	  ->  Bitmap Heap Scan on sbtest2  (cost=22.12..3652.96 rows=945 width=121)
	        Recheck Cond: ((id >= 9567242) AND (id <= 9568241))
	        ->  Bitmap Index Scan on sbtest2_pkey  (cost=0.00..21.89 rows=945 width=0)
	              Index Cond: ((id >= 9567242) AND (id <= 9568241))

table 3 : explain SELECT c FROM sbtest3 WHERE id BETWEEN 672839 AND 673838 ORDER BY c
	Sort  (cost=3849.02..3851.48 rows=984 width=121)
	  Sort Key: c
	  ->  Bitmap Heap Scan on sbtest3  (cost=22.52..3800.11 rows=984 width=121)
	        Recheck Cond: ((id >= 672839) AND (id <= 673838))
	        ->  Bitmap Index Scan on sbtest3_pkey  (cost=0.00..22.27 rows=984 width=0)
	              Index Cond: ((id >= 672839) AND (id <= 673838))

table 4 : explain SELECT c FROM sbtest4 WHERE id BETWEEN 9360949 AND 9361948 ORDER BY c
	Sort  (cost=4468.19..4471.05 rows=1146 width=121)
	  Sort Key: c
	  ->  Bitmap Heap Scan on sbtest4  (cost=28.18..4409.96 rows=1146 width=121)
	        Recheck Cond: ((id >= 9360949) AND (id <= 9361948))
	        ->  Bitmap Index Scan on sbtest4_pkey  (cost=0.00..27.89 rows=1146 width=0)
	              Index Cond: ((id >= 9360949) AND (id <= 9361948))

table 5 : explain SELECT c FROM sbtest5 WHERE id BETWEEN 9006196 AND 9007195 ORDER BY c
	Sort  (cost=4277.81..4280.55 rows=1095 width=121)
	  Sort Key: c
	  ->  Bitmap Heap Scan on sbtest5  (cost=27.66..4222.53 rows=1095 width=121)
	        Recheck Cond: ((id >= 9006196) AND (id <= 9007195))
	        ->  Bitmap Index Scan on sbtest5_pkey  (cost=0.00..27.39 rows=1095 width=0)
	              Index Cond: ((id >= 9006196) AND (id <= 9007195))

table 6 : explain SELECT c FROM sbtest6 WHERE id BETWEEN 8407335 AND 8408334 ORDER BY c
	Sort  (cost=4259.55..4262.27 rows=1090 width=121)
	  Sort Key: c
	  ->  Bitmap Heap Scan on sbtest6  (cost=27.61..4204.56 rows=1090 width=121)
	        Recheck Cond: ((id >= 8407335) AND (id <= 8408334))
	        ->  Bitmap Index Scan on sbtest6_pkey  (cost=0.00..27.33 rows=1090 width=0)
	              Index Cond: ((id >= 8407335) AND (id <= 8408334))

table 7 : explain SELECT c FROM sbtest7 WHERE id BETWEEN 7424372 AND 7425371 ORDER BY c
	Sort  (cost=4141.03..4143.68 rows=1060 width=121)
	  Sort Key: c
	  ->  Bitmap Heap Scan on sbtest7  (cost=23.30..4087.77 rows=1060 width=121)
	        Recheck Cond: ((id >= 7424372) AND (id <= 7425371))
	        ->  Bitmap Index Scan on sbtest7_pkey  (cost=0.00..23.04 rows=1060 width=0)
	              Index Cond: ((id >= 7424372) AND (id <= 7425371))

table 8 : explain SELECT c FROM sbtest8 WHERE id BETWEEN 9015202 AND 9016201 ORDER BY c
	Sort  (cost=3950.06..3952.59 rows=1010 width=121)
	  Sort Key: c
	  ->  Bitmap Heap Scan on sbtest8  (cost=22.79..3899.66 rows=1010 width=121)
	        Recheck Cond: ((id >= 9015202) AND (id <= 9016201))
	        ->  Bitmap Index Scan on sbtest8_pkey  (cost=0.00..22.54 rows=1010 width=0)
	              Index Cond: ((id >= 9015202) AND (id <= 9016201))

for point_selects
table 1 : explain SELECT c FROM sbtest1 WHERE id=7082565
	Index Scan using sbtest1_pkey on sbtest1  (cost=0.43..8.45 rows=1 width=121)
	  Index Cond: (id = 7082565)

table 2 : explain SELECT c FROM sbtest2 WHERE id=9834488
	Index Scan using sbtest2_pkey on sbtest2  (cost=0.43..8.45 rows=1 width=121)
	  Index Cond: (id = 9834488)

table 3 : explain SELECT c FROM sbtest3 WHERE id=7017758
	Index Scan using sbtest3_pkey on sbtest3  (cost=0.43..8.45 rows=1 width=121)
	  Index Cond: (id = 7017758)

table 4 : explain SELECT c FROM sbtest4 WHERE id=3614527
	Index Scan using sbtest4_pkey on sbtest4  (cost=0.43..8.45 rows=1 width=121)
	  Index Cond: (id = 3614527)

table 5 : explain SELECT c FROM sbtest5 WHERE id=976214
	Index Scan using sbtest5_pkey on sbtest5  (cost=0.43..8.45 rows=1 width=121)
	  Index Cond: (id = 976214)

table 6 : explain SELECT c FROM sbtest6 WHERE id=722591
	Index Scan using sbtest6_pkey on sbtest6  (cost=0.43..8.45 rows=1 width=121)
	  Index Cond: (id = 722591)

table 7 : explain SELECT c FROM sbtest7 WHERE id=1619639
	Index Scan using sbtest7_pkey on sbtest7  (cost=0.43..8.45 rows=1 width=121)
	  Index Cond: (id = 1619639)

table 8 : explain SELECT c FROM sbtest8 WHERE id=2525480
	Index Scan using sbtest8_pkey on sbtest8  (cost=0.43..8.45 rows=1 width=121)
	  Index Cond: (id = 2525480)

for: order_ranges
table 1 : explain SELECT c FROM sbtest1 WHERE id BETWEEN 2661990 AND 2662989 ORDER BY c
	Sort  (cost=3809.67..3812.10 rows=974 width=121)
	  Sort Key: c
	  ->  Bitmap Heap Scan on sbtest1  (cost=22.42..3761.32 rows=974 width=121)
	        Recheck Cond: ((id >= 2661990) AND (id <= 2662989))
	        ->  Bitmap Index Scan on sbtest1_pkey  (cost=0.00..22.18 rows=974 width=0)
	              Index Cond: ((id >= 2661990) AND (id <= 2662989))

table 2 : explain SELECT c FROM sbtest2 WHERE id BETWEEN 7809464 AND 7810463 ORDER BY c
	Sort  (cost=4047.56..4050.15 rows=1036 width=121)
	  Sort Key: c
	  ->  Bitmap Heap Scan on sbtest2  (cost=23.05..3995.68 rows=1036 width=121)
	        Recheck Cond: ((id >= 7809464) AND (id <= 7810463))
	        ->  Bitmap Index Scan on sbtest2_pkey  (cost=0.00..22.79 rows=1036 width=0)
	              Index Cond: ((id >= 7809464) AND (id <= 7810463))

table 3 : explain SELECT c FROM sbtest3 WHERE id BETWEEN 96560 AND 97559 ORDER BY c
	Sort  (cost=3803.13..3805.56 rows=972 width=121)
	  Sort Key: c
	  ->  Bitmap Heap Scan on sbtest3  (cost=22.40..3754.89 rows=972 width=121)
	        Recheck Cond: ((id >= 96560) AND (id <= 97559))
	        ->  Bitmap Index Scan on sbtest3_pkey  (cost=0.00..22.15 rows=972 width=0)
	              Index Cond: ((id >= 96560) AND (id <= 97559))

table 4 : explain SELECT c FROM sbtest4 WHERE id BETWEEN 5949739 AND 5950738 ORDER BY c
	Sort  (cost=4048.55..4051.14 rows=1036 width=121)
	  Sort Key: c
	  ->  Bitmap Heap Scan on sbtest4  (cost=23.05..3996.66 rows=1036 width=121)
	        Recheck Cond: ((id >= 5949739) AND (id <= 5950738))
	        ->  Bitmap Index Scan on sbtest4_pkey  (cost=0.00..22.79 rows=1036 width=0)
	              Index Cond: ((id >= 5949739) AND (id <= 5950738))

table 5 : explain SELECT c FROM sbtest5 WHERE id BETWEEN 281047 AND 282046 ORDER BY c
	Sort  (cost=3819.33..3821.77 rows=976 width=121)
	  Sort Key: c
	  ->  Bitmap Heap Scan on sbtest5  (cost=22.44..3770.87 rows=976 width=121)
	        Recheck Cond: ((id >= 281047) AND (id <= 282046))
	        ->  Bitmap Index Scan on sbtest5_pkey  (cost=0.00..22.19 rows=976 width=0)
	              Index Cond: ((id >= 281047) AND (id <= 282046))

table 6 : explain SELECT c FROM sbtest6 WHERE id BETWEEN 408538 AND 409537 ORDER BY c
	Sort  (cost=3632.31..3634.63 rows=927 width=121)
	  Sort Key: c
	  ->  Bitmap Heap Scan on sbtest6  (cost=21.94..3586.63 rows=927 width=121)
	        Recheck Cond: ((id >= 408538) AND (id <= 409537))
	        ->  Bitmap Index Scan on sbtest6_pkey  (cost=0.00..21.70 rows=927 width=0)
	              Index Cond: ((id >= 408538) AND (id <= 409537))

table 7 : explain SELECT c FROM sbtest7 WHERE id BETWEEN 5091400 AND 5092399 ORDER BY c
	Sort  (cost=3995.89..3998.45 rows=1022 width=121)
	  Sort Key: c
	  ->  Bitmap Heap Scan on sbtest7  (cost=22.91..3944.81 rows=1022 width=121)
	        Recheck Cond: ((id >= 5091400) AND (id <= 5092399))
	        ->  Bitmap Index Scan on sbtest7_pkey  (cost=0.00..22.65 rows=1022 width=0)
	              Index Cond: ((id >= 5091400) AND (id <= 5092399))

table 8 : explain SELECT c FROM sbtest8 WHERE id BETWEEN 6345753 AND 6346752 ORDER BY c
	Sort  (cost=3930.94..3933.46 rows=1005 width=121)
	  Sort Key: c
	  ->  Bitmap Heap Scan on sbtest8  (cost=22.74..3880.83 rows=1005 width=121)
	        Recheck Cond: ((id >= 6345753) AND (id <= 6346752))
	        ->  Bitmap Index Scan on sbtest8_pkey  (cost=0.00..22.48 rows=1005 width=0)
	              Index Cond: ((id >= 6345753) AND (id <= 6346752))

explain: for point_selects :: explain SELECT c FROM sbtest%u WHERE id=%u
for point_selects
table 1 : explain SELECT c FROM sbtest1 WHERE id=3030255
	Index Scan using sbtest1_pkey on sbtest1  (cost=0.43..8.45 rows=1 width=121)
	  Index Cond: (id = 3030255)

table 2 : explain SELECT c FROM sbtest2 WHERE id=7991861
	Index Scan using sbtest2_pkey on sbtest2  (cost=0.43..8.45 rows=1 width=121)
	  Index Cond: (id = 7991861)

table 3 : explain SELECT c FROM sbtest3 WHERE id=7645358
	Index Scan using sbtest3_pkey on sbtest3  (cost=0.43..8.45 rows=1 width=121)
	  Index Cond: (id = 7645358)

table 4 : explain SELECT c FROM sbtest4 WHERE id=7679444
	Index Scan using sbtest4_pkey on sbtest4  (cost=0.43..8.45 rows=1 width=121)
	  Index Cond: (id = 7679444)

table 5 : explain SELECT c FROM sbtest5 WHERE id=8251166
	Index Scan using sbtest5_pkey on sbtest5  (cost=0.43..8.45 rows=1 width=121)
	  Index Cond: (id = 8251166)

table 6 : explain SELECT c FROM sbtest6 WHERE id=6781236
	Index Scan using sbtest6_pkey on sbtest6  (cost=0.43..8.45 rows=1 width=121)
	  Index Cond: (id = 6781236)

table 7 : explain SELECT c FROM sbtest7 WHERE id=8835982
	Index Scan using sbtest7_pkey on sbtest7  (cost=0.43..8.45 rows=1 width=121)
	  Index Cond: (id = 8835982)

table 8 : explain SELECT c FROM sbtest8 WHERE id=7823335
	Index Scan using sbtest8_pkey on sbtest8  (cost=0.43..8.45 rows=1 width=121)
	  Index Cond: (id = 7823335)

for: simple_ranges
table 1 : explain SELECT c FROM sbtest1 WHERE id BETWEEN 3163386 AND 3164385
	Bitmap Heap Scan on sbtest1  (cost=21.83..3546.40 rows=917 width=121)
	  Recheck Cond: ((id >= 3163386) AND (id <= 3164385))
	  ->  Bitmap Index Scan on sbtest1_pkey  (cost=0.00..21.61 rows=917 width=0)
	        Index Cond: ((id >= 3163386) AND (id <= 3164385))

table 2 : explain SELECT c FROM sbtest2 WHERE id BETWEEN 4734874 AND 4735873
	Bitmap Heap Scan on sbtest2  (cost=21.68..3490.64 rows=902 width=121)
	  Recheck Cond: ((id >= 4734874) AND (id <= 4735873))
	  ->  Bitmap Index Scan on sbtest2_pkey  (cost=0.00..21.45 rows=902 width=0)
	        Index Cond: ((id >= 4734874) AND (id <= 4735873))

table 3 : explain SELECT c FROM sbtest3 WHERE id BETWEEN 8280280 AND 8281279
	Bitmap Heap Scan on sbtest3  (cost=27.90..4307.77 rows=1119 width=121)
	  Recheck Cond: ((id >= 8280280) AND (id <= 8281279))
	  ->  Bitmap Index Scan on sbtest3_pkey  (cost=0.00..27.62 rows=1119 width=0)
	        Index Cond: ((id >= 8280280) AND (id <= 8281279))

table 4 : explain SELECT c FROM sbtest4 WHERE id BETWEEN 5714854 AND 5715853
	Bitmap Heap Scan on sbtest4  (cost=22.44..3770.74 rows=976 width=121)
	  Recheck Cond: ((id >= 5714854) AND (id <= 5715853))
	  ->  Bitmap Index Scan on sbtest4_pkey  (cost=0.00..22.19 rows=976 width=0)
	        Index Cond: ((id >= 5714854) AND (id <= 5715853))

table 5 : explain SELECT c FROM sbtest5 WHERE id BETWEEN 7455552 AND 7456551
	Bitmap Heap Scan on sbtest5  (cost=22.68..3861.30 rows=1000 width=121)
	  Recheck Cond: ((id >= 7455552) AND (id <= 7456551))
	  ->  Bitmap Index Scan on sbtest5_pkey  (cost=0.00..22.43 rows=1000 width=0)
	        Index Cond: ((id >= 7455552) AND (id <= 7456551))

table 6 : explain SELECT c FROM sbtest6 WHERE id BETWEEN 6273833 AND 6274832
	Bitmap Heap Scan on sbtest6  (cost=23.37..4114.14 rows=1067 width=121)
	  Recheck Cond: ((id >= 6273833) AND (id <= 6274832))
	  ->  Bitmap Index Scan on sbtest6_pkey  (cost=0.00..23.11 rows=1067 width=0)
	        Index Cond: ((id >= 6273833) AND (id <= 6274832))

table 7 : explain SELECT c FROM sbtest7 WHERE id BETWEEN 8733868 AND 8734867
	Bitmap Heap Scan on sbtest7  (cost=22.82..3910.92 rows=1013 width=121)
	  Recheck Cond: ((id >= 8733868) AND (id <= 8734867))
	  ->  Bitmap Index Scan on sbtest7_pkey  (cost=0.00..22.57 rows=1013 width=0)
	        Index Cond: ((id >= 8733868) AND (id <= 8734867))

table 8 : explain SELECT c FROM sbtest8 WHERE id BETWEEN 5708522 AND 5709521
	Bitmap Heap Scan on sbtest8  (cost=22.14..3662.14 rows=947 width=121)
	  Recheck Cond: ((id >= 5708522) AND (id <= 5709521))
	  ->  Bitmap Index Scan on sbtest8_pkey  (cost=0.00..21.90 rows=947 width=0)
	        Index Cond: ((id >= 5708522) AND (id <= 5709521))

for: distinct_ranges
table 1 : explain SELECT DISTINCT c FROM sbtest1 WHERE id BETWEEN 8686188 AND 8687187 ORDER BY c
	Unique  (cost=4031.23..4036.39 rows=1032 width=121)
	  ->  Sort  (cost=4031.23..4033.81 rows=1032 width=121)
	        Sort Key: c
	        ->  Bitmap Heap Scan on sbtest1  (cost=23.01..3979.57 rows=1032 width=121)
	              Recheck Cond: ((id >= 8686188) AND (id <= 8687187))
	              ->  Bitmap Index Scan on sbtest1_pkey  (cost=0.00..22.75 rows=1032 width=0)
	                    Index Cond: ((id >= 8686188) AND (id <= 8687187))

table 2 : explain SELECT DISTINCT c FROM sbtest2 WHERE id BETWEEN 3009959 AND 3010958 ORDER BY c
	Unique  (cost=3772.39..3777.21 rows=964 width=121)
	  ->  Sort  (cost=3772.39..3774.80 rows=964 width=121)
	        Sort Key: c
	        ->  Bitmap Heap Scan on sbtest2  (cost=22.32..3724.61 rows=964 width=121)
	              Recheck Cond: ((id >= 3009959) AND (id <= 3010958))
	              ->  Bitmap Index Scan on sbtest2_pkey  (cost=0.00..22.07 rows=964 width=0)
	                    Index Cond: ((id >= 3009959) AND (id <= 3010958))

table 3 : explain SELECT DISTINCT c FROM sbtest3 WHERE id BETWEEN 8779253 AND 8780252 ORDER BY c
	Unique  (cost=3791.65..3796.50 rows=969 width=121)
	  ->  Sort  (cost=3791.65..3794.07 rows=969 width=121)
	        Sort Key: c
	        ->  Bitmap Heap Scan on sbtest3  (cost=22.37..3743.59 rows=969 width=121)
	              Recheck Cond: ((id >= 8779253) AND (id <= 8780252))
	              ->  Bitmap Index Scan on sbtest3_pkey  (cost=0.00..22.12 rows=969 width=0)
	                    Index Cond: ((id >= 8779253) AND (id <= 8780252))

table 4 : explain SELECT DISTINCT c FROM sbtest4 WHERE id BETWEEN 5603056 AND 5604055 ORDER BY c
	Unique  (cost=3650.72..3655.38 rows=932 width=121)
	  ->  Sort  (cost=3650.72..3653.05 rows=932 width=121)
	        Sort Key: c
	        ->  Bitmap Heap Scan on sbtest4  (cost=21.99..3604.76 rows=932 width=121)
	              Recheck Cond: ((id >= 5603056) AND (id <= 5604055))
	              ->  Bitmap Index Scan on sbtest4_pkey  (cost=0.00..21.75 rows=932 width=0)
	                    Index Cond: ((id >= 5603056) AND (id <= 5604055))

table 5 : explain SELECT DISTINCT c FROM sbtest5 WHERE id BETWEEN 6846049 AND 6847048 ORDER BY c
	Unique  (cost=3884.36..3889.33 rows=993 width=121)
	  ->  Sort  (cost=3884.36..3886.84 rows=993 width=121)
	        Sort Key: c
	        ->  Bitmap Heap Scan on sbtest5  (cost=22.61..3834.93 rows=993 width=121)
	              Recheck Cond: ((id >= 6846049) AND (id <= 6847048))
	              ->  Bitmap Index Scan on sbtest5_pkey  (cost=0.00..22.36 rows=993 width=0)
	                    Index Cond: ((id >= 6846049) AND (id <= 6847048))

table 6 : explain SELECT DISTINCT c FROM sbtest6 WHERE id BETWEEN 9074761 AND 9075760 ORDER BY c
	Unique  (cost=4095.27..4100.51 rows=1048 width=121)
	  ->  Sort  (cost=4095.27..4097.89 rows=1048 width=121)
	        Sort Key: c
	        ->  Bitmap Heap Scan on sbtest6  (cost=23.18..4042.69 rows=1048 width=121)
	              Recheck Cond: ((id >= 9074761) AND (id <= 9075760))
	              ->  Bitmap Index Scan on sbtest6_pkey  (cost=0.00..22.91 rows=1048 width=0)
	                    Index Cond: ((id >= 9074761) AND (id <= 9075760))

table 7 : explain SELECT DISTINCT c FROM sbtest7 WHERE id BETWEEN 1311600 AND 1312599 ORDER BY c
	Unique  (cost=3777.85..3782.68 rows=965 width=121)
	  ->  Sort  (cost=3777.85..3780.27 rows=965 width=121)
	        Sort Key: c
	        ->  Bitmap Heap Scan on sbtest7  (cost=22.33..3730.02 rows=965 width=121)
	              Recheck Cond: ((id >= 1311600) AND (id <= 1312599))
	              ->  Bitmap Index Scan on sbtest7_pkey  (cost=0.00..22.08 rows=965 width=0)
	                    Index Cond: ((id >= 1311600) AND (id <= 1312599))

table 8 : explain SELECT DISTINCT c FROM sbtest8 WHERE id BETWEEN 4595338 AND 4596337 ORDER BY c
	Unique  (cost=3957.71..3962.77 rows=1012 width=121)
	  ->  Sort  (cost=3957.71..3960.24 rows=1012 width=121)
	        Sort Key: c
	        ->  Bitmap Heap Scan on sbtest8  (cost=22.81..3907.19 rows=1012 width=121)
	              Recheck Cond: ((id >= 4595338) AND (id <= 4596337))
	              ->  Bitmap Index Scan on sbtest8_pkey  (cost=0.00..22.55 rows=1012 width=0)
	                    Index Cond: ((id >= 4595338) AND (id <= 4596337))

for: sum_ranges
table 1 : explain SELECT SUM(k) FROM sbtest1 WHERE id BETWEEN 3981608 AND 3982607
	Aggregate  (cost=3729.83..3729.84 rows=1 width=8)
	  ->  Bitmap Heap Scan on sbtest1  (cost=22.33..3727.41 rows=965 width=4)
	        Recheck Cond: ((id >= 3981608) AND (id <= 3982607))
	        ->  Bitmap Index Scan on sbtest1_pkey  (cost=0.00..22.08 rows=965 width=0)
	              Index Cond: ((id >= 3981608) AND (id <= 3982607))

table 2 : explain SELECT SUM(k) FROM sbtest2 WHERE id BETWEEN 6922477 AND 6923476
	Aggregate  (cost=3745.88..3745.89 rows=1 width=8)
	  ->  Bitmap Heap Scan on sbtest2  (cost=22.37..3743.46 rows=969 width=4)
	        Recheck Cond: ((id >= 6922477) AND (id <= 6923476))
	        ->  Bitmap Index Scan on sbtest2_pkey  (cost=0.00..22.12 rows=969 width=0)
	              Index Cond: ((id >= 6922477) AND (id <= 6923476))

table 3 : explain SELECT SUM(k) FROM sbtest3 WHERE id BETWEEN 2420253 AND 2421252
	Aggregate  (cost=3753.55..3753.56 rows=1 width=8)
	  ->  Bitmap Heap Scan on sbtest3  (cost=22.39..3751.12 rows=971 width=4)
	        Recheck Cond: ((id >= 2420253) AND (id <= 2421252))
	        ->  Bitmap Index Scan on sbtest3_pkey  (cost=0.00..22.14 rows=971 width=0)
	              Index Cond: ((id >= 2420253) AND (id <= 2421252))

table 4 : explain SELECT SUM(k) FROM sbtest4 WHERE id BETWEEN 4424271 AND 4425270
	Aggregate  (cost=4051.94..4051.95 rows=1 width=8)
	  ->  Bitmap Heap Scan on sbtest4  (cost=23.20..4049.31 rows=1050 width=4)
	        Recheck Cond: ((id >= 4424271) AND (id <= 4425270))
	        ->  Bitmap Index Scan on sbtest4_pkey  (cost=0.00..22.93 rows=1050 width=0)
	              Index Cond: ((id >= 4424271) AND (id <= 4425270))

table 5 : explain SELECT SUM(k) FROM sbtest5 WHERE id BETWEEN 3405883 AND 3406882
	Aggregate  (cost=3527.84..3527.85 rows=1 width=8)
	  ->  Bitmap Heap Scan on sbtest5  (cost=21.77..3525.57 rows=911 width=4)
	        Recheck Cond: ((id >= 3405883) AND (id <= 3406882))
	        ->  Bitmap Index Scan on sbtest5_pkey  (cost=0.00..21.54 rows=911 width=0)
	              Index Cond: ((id >= 3405883) AND (id <= 3406882))

table 6 : explain SELECT SUM(k) FROM sbtest6 WHERE id BETWEEN 6205759 AND 6206758
	Aggregate  (cost=3841.88..3841.89 rows=1 width=8)
	  ->  Bitmap Heap Scan on sbtest6  (cost=22.62..3839.39 rows=994 width=4)
	        Recheck Cond: ((id >= 6205759) AND (id <= 6206758))
	        ->  Bitmap Index Scan on sbtest6_pkey  (cost=0.00..22.37 rows=994 width=0)
	              Index Cond: ((id >= 6205759) AND (id <= 6206758))

table 7 : explain SELECT SUM(k) FROM sbtest7 WHERE id BETWEEN 254725 AND 255724
	Aggregate  (cost=4267.38..4267.39 rows=1 width=8)
	  ->  Bitmap Heap Scan on sbtest7  (cost=27.78..4264.61 rows=1107 width=4)
	        Recheck Cond: ((id >= 254725) AND (id <= 255724))
	        ->  Bitmap Index Scan on sbtest7_pkey  (cost=0.00..27.50 rows=1107 width=0)
	              Index Cond: ((id >= 254725) AND (id <= 255724))

table 8 : explain SELECT SUM(k) FROM sbtest8 WHERE id BETWEEN 4502093 AND 4503092
	Aggregate  (cost=3781.52..3781.53 rows=1 width=8)
	  ->  Bitmap Heap Scan on sbtest8  (cost=22.46..3779.08 rows=978 width=4)
	        Recheck Cond: ((id >= 4502093) AND (id <= 4503092))
	        ->  Bitmap Index Scan on sbtest8_pkey  (cost=0.00..22.21 rows=978 width=0)
	              Index Cond: ((id >= 4502093) AND (id <= 4503092))

for: sum_ranges
table 1 : explain SELECT SUM(k) FROM sbtest1 WHERE id BETWEEN 7762646 AND 7763645
	Aggregate  (cost=3537.36..3537.37 rows=1 width=8)
	  ->  Bitmap Heap Scan on sbtest1  (cost=21.80..3535.08 rows=914 width=4)
	        Recheck Cond: ((id >= 7762646) AND (id <= 7763645))
	        ->  Bitmap Index Scan on sbtest1_pkey  (cost=0.00..21.57 rows=914 width=0)
	              Index Cond: ((id >= 7762646) AND (id <= 7763645))

table 2 : explain SELECT SUM(k) FROM sbtest2 WHERE id BETWEEN 8626839 AND 8627838
	Aggregate  (cost=3613.80..3613.81 rows=1 width=8)
	  ->  Bitmap Heap Scan on sbtest2  (cost=22.01..3611.46 rows=934 width=4)
	        Recheck Cond: ((id >= 8626839) AND (id <= 8627838))
	        ->  Bitmap Index Scan on sbtest2_pkey  (cost=0.00..21.77 rows=934 width=0)
	              Index Cond: ((id >= 8626839) AND (id <= 8627838))

table 3 : explain SELECT SUM(k) FROM sbtest3 WHERE id BETWEEN 2858099 AND 2859098
	Aggregate  (cost=3742.24..3742.25 rows=1 width=8)
	  ->  Bitmap Heap Scan on sbtest3  (cost=22.36..3739.82 rows=968 width=4)
	        Recheck Cond: ((id >= 2858099) AND (id <= 2859098))
	        ->  Bitmap Index Scan on sbtest3_pkey  (cost=0.00..22.11 rows=968 width=0)
	              Index Cond: ((id >= 2858099) AND (id <= 2859098))

table 4 : explain SELECT SUM(k) FROM sbtest4 WHERE id BETWEEN 2595523 AND 2596522
	Aggregate  (cost=3693.94..3693.95 rows=1 width=8)
	  ->  Bitmap Heap Scan on sbtest4  (cost=22.22..3691.55 rows=955 width=4)
	        Recheck Cond: ((id >= 2595523) AND (id <= 2596522))
	        ->  Bitmap Index Scan on sbtest4_pkey  (cost=0.00..21.98 rows=955 width=0)
	              Index Cond: ((id >= 2595523) AND (id <= 2596522))

table 5 : explain SELECT SUM(k) FROM sbtest5 WHERE id BETWEEN 3575717 AND 3576716
	Aggregate  (cost=3909.02..3909.03 rows=1 width=8)
	  ->  Bitmap Heap Scan on sbtest5  (cost=22.81..3906.49 rows=1012 width=4)
	        Recheck Cond: ((id >= 3575717) AND (id <= 3576716))
	        ->  Bitmap Index Scan on sbtest5_pkey  (cost=0.00..22.55 rows=1012 width=0)
	              Index Cond: ((id >= 3575717) AND (id <= 3576716))

table 6 : explain SELECT SUM(k) FROM sbtest6 WHERE id BETWEEN 1288177 AND 1289176
	Aggregate  (cost=3951.18..3951.19 rows=1 width=8)
	  ->  Bitmap Heap Scan on sbtest6  (cost=22.92..3948.62 rows=1023 width=4)
	        Recheck Cond: ((id >= 1288177) AND (id <= 1289176))
	        ->  Bitmap Index Scan on sbtest6_pkey  (cost=0.00..22.66 rows=1023 width=0)
	              Index Cond: ((id >= 1288177) AND (id <= 1289176))

table 7 : explain SELECT SUM(k) FROM sbtest7 WHERE id BETWEEN 4099505 AND 4100504
	Aggregate  (cost=3638.03..3638.04 rows=1 width=8)
	  ->  Bitmap Heap Scan on sbtest7  (cost=22.07..3635.68 rows=940 width=4)
	        Recheck Cond: ((id >= 4099505) AND (id <= 4100504))
	        ->  Bitmap Index Scan on sbtest7_pkey  (cost=0.00..21.83 rows=940 width=0)
	              Index Cond: ((id >= 4099505) AND (id <= 4100504))

table 8 : explain SELECT SUM(k) FROM sbtest8 WHERE id BETWEEN 149603 AND 150602
	Aggregate  (cost=3566.26..3566.27 rows=1 width=8)
	  ->  Bitmap Heap Scan on sbtest8  (cost=21.88..3563.96 rows=921 width=4)
	        Recheck Cond: ((id >= 149603) AND (id <= 150602))
	        ->  Bitmap Index Scan on sbtest8_pkey  (cost=0.00..21.64 rows=921 width=0)
	              Index Cond: ((id >= 149603) AND (id <= 150602))

for: distinct_ranges
table 1 : explain SELECT DISTINCT c FROM sbtest1 WHERE id BETWEEN 6834925 AND 6835924 ORDER BY c
	Unique  (cost=3977.78..3982.87 rows=1018 width=121)
	  ->  Sort  (cost=3977.78..3980.33 rows=1018 width=121)
	        Sort Key: c
	        ->  Bitmap Heap Scan on sbtest1  (cost=22.87..3926.93 rows=1018 width=121)
	              Recheck Cond: ((id >= 6834925) AND (id <= 6835924))
	              ->  Bitmap Index Scan on sbtest1_pkey  (cost=0.00..22.61 rows=1018 width=0)
	                    Index Cond: ((id >= 6834925) AND (id <= 6835924))

table 2 : explain SELECT DISTINCT c FROM sbtest2 WHERE id BETWEEN 4519499 AND 4520498 ORDER BY c
	Unique  (cost=3936.81..3941.84 rows=1007 width=121)
	  ->  Sort  (cost=3936.81..3939.32 rows=1007 width=121)
	        Sort Key: c
	        ->  Bitmap Heap Scan on sbtest2  (cost=22.76..3886.58 rows=1007 width=121)
	              Recheck Cond: ((id >= 4519499) AND (id <= 4520498))
	              ->  Bitmap Index Scan on sbtest2_pkey  (cost=0.00..22.50 rows=1007 width=0)
	                    Index Cond: ((id >= 4519499) AND (id <= 4520498))

table 3 : explain SELECT DISTINCT c FROM sbtest3 WHERE id BETWEEN 7637095 AND 7638094 ORDER BY c
	Unique  (cost=3833.73..3838.63 rows=980 width=121)
	  ->  Sort  (cost=3833.73..3836.18 rows=980 width=121)
	        Sort Key: c
	        ->  Bitmap Heap Scan on sbtest3  (cost=22.48..3785.04 rows=980 width=121)
	              Recheck Cond: ((id >= 7637095) AND (id <= 7638094))
	              ->  Bitmap Index Scan on sbtest3_pkey  (cost=0.00..22.23 rows=980 width=0)
	                    Index Cond: ((id >= 7637095) AND (id <= 7638094))

table 4 : explain SELECT DISTINCT c FROM sbtest4 WHERE id BETWEEN 3232303 AND 3233302 ORDER BY c
	Unique  (cost=3520.37..3524.86 rows=898 width=121)
	  ->  Sort  (cost=3520.37..3522.62 rows=898 width=121)
	        Sort Key: c
	        ->  Bitmap Heap Scan on sbtest4  (cost=21.64..3476.32 rows=898 width=121)
	              Recheck Cond: ((id >= 3232303) AND (id <= 3233302))
	              ->  Bitmap Index Scan on sbtest4_pkey  (cost=0.00..21.41 rows=898 width=0)
	                    Index Cond: ((id >= 3232303) AND (id <= 3233302))

table 5 : explain SELECT DISTINCT c FROM sbtest5 WHERE id BETWEEN 422061 AND 423060 ORDER BY c
	Unique  (cost=4445.51..4451.21 rows=1140 width=121)
	  ->  Sort  (cost=4445.51..4448.36 rows=1140 width=121)
	        Sort Key: c
	        ->  Bitmap Heap Scan on sbtest5  (cost=28.12..4387.63 rows=1140 width=121)
	              Recheck Cond: ((id >= 422061) AND (id <= 423060))
	              ->  Bitmap Index Scan on sbtest5_pkey  (cost=0.00..27.83 rows=1140 width=0)
	                    Index Cond: ((id >= 422061) AND (id <= 423060))

table 6 : explain SELECT DISTINCT c FROM sbtest6 WHERE id BETWEEN 497639 AND 498638 ORDER BY c
	Unique  (cost=4037.97..4043.14 rows=1033 width=121)
	  ->  Sort  (cost=4037.97..4040.56 rows=1033 width=121)
	        Sort Key: c
	        ->  Bitmap Heap Scan on sbtest6  (cost=23.02..3986.26 rows=1033 width=121)
	              Recheck Cond: ((id >= 497639) AND (id <= 498638))
	              ->  Bitmap Index Scan on sbtest6_pkey  (cost=0.00..22.76 rows=1033 width=0)
	                    Index Cond: ((id >= 497639) AND (id <= 498638))

table 7 : explain SELECT DISTINCT c FROM sbtest7 WHERE id BETWEEN 7476551 AND 7477550 ORDER BY c
	Unique  (cost=4141.03..4146.33 rows=1060 width=121)
	  ->  Sort  (cost=4141.03..4143.68 rows=1060 width=121)
	        Sort Key: c
	        ->  Bitmap Heap Scan on sbtest7  (cost=23.30..4087.77 rows=1060 width=121)
	              Recheck Cond: ((id >= 7476551) AND (id <= 7477550))
	              ->  Bitmap Index Scan on sbtest7_pkey  (cost=0.00..23.04 rows=1060 width=0)
	                    Index Cond: ((id >= 7476551) AND (id <= 7477550))

table 8 : explain SELECT DISTINCT c FROM sbtest8 WHERE id BETWEEN 7294129 AND 7295128 ORDER BY c
	Unique  (cost=3793.20..3798.05 rows=969 width=121)
	  ->  Sort  (cost=3793.20..3795.63 rows=969 width=121)
	        Sort Key: c
	        ->  Bitmap Heap Scan on sbtest8  (cost=22.37..3745.14 rows=969 width=121)
	              Recheck Cond: ((id >= 7294129) AND (id <= 7295128))
	              ->  Bitmap Index Scan on sbtest8_pkey  (cost=0.00..22.12 rows=969 width=0)
	                    Index Cond: ((id >= 7294129) AND (id <= 7295128))

explain: for point_selects :: explain SELECT c FROM sbtest%u WHERE id=%u
for: order_ranges
table 1 : explain SELECT c FROM sbtest1 WHERE id BETWEEN 7263532 AND 7264531 ORDER BY c
	Sort  (cost=3863.19..3865.66 rows=988 width=121)
	  Sort Key: c
	  ->  Bitmap Heap Scan on sbtest1  (cost=22.56..3814.04 rows=988 width=121)
	        Recheck Cond: ((id >= 7263532) AND (id <= 7264531))
	        ->  Bitmap Index Scan on sbtest1_pkey  (cost=0.00..22.32 rows=988 width=0)
	              Index Cond: ((id >= 7263532) AND (id <= 7264531))

table 2 : explain SELECT c FROM sbtest2 WHERE id BETWEEN 3211529 AND 3212528 ORDER BY c
	Sort  (cost=4104.81..4107.44 rows=1051 width=121)
	  Sort Key: c
	  ->  Bitmap Heap Scan on sbtest2  (cost=23.21..4052.06 rows=1051 width=121)
	        Recheck Cond: ((id >= 3211529) AND (id <= 3212528))
	        ->  Bitmap Index Scan on sbtest2_pkey  (cost=0.00..22.94 rows=1051 width=0)
	              Index Cond: ((id >= 3211529) AND (id <= 3212528))

table 3 : explain SELECT c FROM sbtest3 WHERE id BETWEEN 321010 AND 322009 ORDER BY c
	Sort  (cost=3833.73..3836.18 rows=980 width=121)
	  Sort Key: c
	  ->  Bitmap Heap Scan on sbtest3  (cost=22.48..3785.04 rows=980 width=121)
	        Recheck Cond: ((id >= 321010) AND (id <= 322009))
	        ->  Bitmap Index Scan on sbtest3_pkey  (cost=0.00..22.23 rows=980 width=0)
	              Index Cond: ((id >= 321010) AND (id <= 322009))

table 4 : explain SELECT c FROM sbtest4 WHERE id BETWEEN 7738086 AND 7739085 ORDER BY c
	Sort  (cost=3608.57..3610.87 rows=921 width=121)
	  Sort Key: c
	  ->  Bitmap Heap Scan on sbtest4  (cost=21.88..3563.22 rows=921 width=121)
	        Recheck Cond: ((id >= 7738086) AND (id <= 7739085))
	        ->  Bitmap Index Scan on sbtest4_pkey  (cost=0.00..21.64 rows=921 width=0)
	              Index Cond: ((id >= 7738086) AND (id <= 7739085))

table 5 : explain SELECT c FROM sbtest5 WHERE id BETWEEN 8153283 AND 8154282 ORDER BY c
	Sort  (cost=3788.71..3791.13 rows=968 width=121)
	  Sort Key: c
	  ->  Bitmap Heap Scan on sbtest5  (cost=22.36..3740.71 rows=968 width=121)
	        Recheck Cond: ((id >= 8153283) AND (id <= 8154282))
	        ->  Bitmap Index Scan on sbtest5_pkey  (cost=0.00..22.11 rows=968 width=0)
	              Index Cond: ((id >= 8153283) AND (id <= 8154282))

table 6 : explain SELECT c FROM sbtest6 WHERE id BETWEEN 2454539 AND 2455538 ORDER BY c
	Sort  (cost=3705.13..3707.49 rows=946 width=121)
	  Sort Key: c
	  ->  Bitmap Heap Scan on sbtest6  (cost=22.13..3658.37 rows=946 width=121)
	        Recheck Cond: ((id >= 2454539) AND (id <= 2455538))
	        ->  Bitmap Index Scan on sbtest6_pkey  (cost=0.00..21.89 rows=946 width=0)
	              Index Cond: ((id >= 2454539) AND (id <= 2455538))

table 7 : explain SELECT c FROM sbtest7 WHERE id BETWEEN 8063417 AND 8064416 ORDER BY c
	Sort  (cost=3628.44..3630.75 rows=926 width=121)
	  Sort Key: c
	  ->  Bitmap Heap Scan on sbtest7  (cost=21.93..3582.81 rows=926 width=121)
	        Recheck Cond: ((id >= 8063417) AND (id <= 8064416))
	        ->  Bitmap Index Scan on sbtest7_pkey  (cost=0.00..21.69 rows=926 width=0)
	              Index Cond: ((id >= 8063417) AND (id <= 8064416))

table 8 : explain SELECT c FROM sbtest8 WHERE id BETWEEN 7069811 AND 7070810 ORDER BY c
	Sort  (cost=3904.17..3906.67 rows=998 width=121)
	  Sort Key: c
	  ->  Bitmap Heap Scan on sbtest8  (cost=22.66..3854.46 rows=998 width=121)
	        Recheck Cond: ((id >= 7069811) AND (id <= 7070810))
	        ->  Bitmap Index Scan on sbtest8_pkey  (cost=0.00..22.41 rows=998 width=0)
	              Index Cond: ((id >= 7069811) AND (id <= 7070810))

for: sum_ranges
table 1 : explain SELECT SUM(k) FROM sbtest1 WHERE id BETWEEN 8555580 AND 8556579
	Aggregate  (cost=3937.00..3937.01 rows=1 width=8)
	  ->  Bitmap Heap Scan on sbtest1  (cost=22.89..3934.45 rows=1020 width=4)
	        Recheck Cond: ((id >= 8555580) AND (id <= 8556579))
	        ->  Bitmap Index Scan on sbtest1_pkey  (cost=0.00..22.64 rows=1020 width=0)
	              Index Cond: ((id >= 8555580) AND (id <= 8556579))

table 2 : explain SELECT SUM(k) FROM sbtest2 WHERE id BETWEEN 3451294 AND 3452293
	Aggregate  (cost=4013.32..4013.33 rows=1 width=8)
	  ->  Bitmap Heap Scan on sbtest2  (cost=23.09..4010.72 rows=1040 width=4)
	        Recheck Cond: ((id >= 3451294) AND (id <= 3452293))
	        ->  Bitmap Index Scan on sbtest2_pkey  (cost=0.00..22.83 rows=1040 width=0)
	              Index Cond: ((id >= 3451294) AND (id <= 3452293))

table 3 : explain SELECT SUM(k) FROM sbtest3 WHERE id BETWEEN 8983213 AND 8984212
	Aggregate  (cost=3889.23..3889.24 rows=1 width=8)
	  ->  Bitmap Heap Scan on sbtest3  (cost=22.76..3886.72 rows=1007 width=4)
	        Recheck Cond: ((id >= 8983213) AND (id <= 8984212))
	        ->  Bitmap Index Scan on sbtest3_pkey  (cost=0.00..22.50 rows=1007 width=0)
	              Index Cond: ((id >= 8983213) AND (id <= 8984212))

table 4 : explain SELECT SUM(k) FROM sbtest4 WHERE id BETWEEN 2614828 AND 2615827
	Aggregate  (cost=3693.94..3693.95 rows=1 width=8)
	  ->  Bitmap Heap Scan on sbtest4  (cost=22.22..3691.55 rows=955 width=4)
	        Recheck Cond: ((id >= 2614828) AND (id <= 2615827))
	        ->  Bitmap Index Scan on sbtest4_pkey  (cost=0.00..21.98 rows=955 width=0)
	              Index Cond: ((id >= 2614828) AND (id <= 2615827))

table 5 : explain SELECT SUM(k) FROM sbtest5 WHERE id BETWEEN 4117104 AND 4118103
	Aggregate  (cost=3833.64..3833.65 rows=1 width=8)
	  ->  Bitmap Heap Scan on sbtest5  (cost=22.60..3831.16 rows=992 width=4)
	        Recheck Cond: ((id >= 4117104) AND (id <= 4118103))
	        ->  Bitmap Index Scan on sbtest5_pkey  (cost=0.00..22.36 rows=992 width=0)
	              Index Cond: ((id >= 4117104) AND (id <= 4118103))

table 6 : explain SELECT SUM(k) FROM sbtest6 WHERE id BETWEEN 9591584 AND 9592583
	Aggregate  (cost=3770.21..3770.22 rows=1 width=8)
	  ->  Bitmap Heap Scan on sbtest6  (cost=22.43..3767.77 rows=975 width=4)
	        Recheck Cond: ((id >= 9591584) AND (id <= 9592583))
	        ->  Bitmap Index Scan on sbtest6_pkey  (cost=0.00..22.18 rows=975 width=0)
	              Index Cond: ((id >= 9591584) AND (id <= 9592583))

table 7 : explain SELECT SUM(k) FROM sbtest7 WHERE id BETWEEN 4380954 AND 4381953
	Aggregate  (cost=3954.90..3954.91 rows=1 width=8)
	  ->  Bitmap Heap Scan on sbtest7  (cost=22.93..3952.34 rows=1024 width=4)
	        Recheck Cond: ((id >= 4380954) AND (id <= 4381953))
	        ->  Bitmap Index Scan on sbtest7_pkey  (cost=0.00..22.68 rows=1024 width=0)
	              Index Cond: ((id >= 4380954) AND (id <= 4381953))

table 8 : explain SELECT SUM(k) FROM sbtest8 WHERE id BETWEEN 1623465 AND 1624464
	Aggregate  (cost=3985.07..3985.08 rows=1 width=8)
	  ->  Bitmap Heap Scan on sbtest8  (cost=23.01..3982.49 rows=1032 width=4)
	        Recheck Cond: ((id >= 1623465) AND (id <= 1624464))
	        ->  Bitmap Index Scan on sbtest8_pkey  (cost=0.00..22.75 rows=1032 width=0)
	              Index Cond: ((id >= 1623465) AND (id <= 1624464))

for: distinct_ranges
table 1 : explain SELECT DISTINCT c FROM sbtest1 WHERE id BETWEEN 9042377 AND 9043376 ORDER BY c
	Unique  (cost=3583.86..3588.43 rows=915 width=121)
	  ->  Sort  (cost=3583.86..3586.15 rows=915 width=121)
	        Sort Key: c
	        ->  Bitmap Heap Scan on sbtest1  (cost=21.81..3538.85 rows=915 width=121)
	              Recheck Cond: ((id >= 9042377) AND (id <= 9043376))
	              ->  Bitmap Index Scan on sbtest1_pkey  (cost=0.00..21.58 rows=915 width=0)
	                    Index Cond: ((id >= 9042377) AND (id <= 9043376))

table 2 : explain SELECT DISTINCT c FROM sbtest2 WHERE id BETWEEN 4206849 AND 4207848 ORDER BY c
	Unique  (cost=3550.25..3554.78 rows=906 width=121)
	  ->  Sort  (cost=3550.25..3552.52 rows=906 width=121)
	        Sort Key: c
	        ->  Bitmap Heap Scan on sbtest2  (cost=21.72..3505.75 rows=906 width=121)
	              Recheck Cond: ((id >= 4206849) AND (id <= 4207848))
	              ->  Bitmap Index Scan on sbtest2_pkey  (cost=0.00..21.50 rows=906 width=0)
	                    Index Cond: ((id >= 4206849) AND (id <= 4207848))

table 3 : explain SELECT DISTINCT c FROM sbtest3 WHERE id BETWEEN 7636414 AND 7637413 ORDER BY c
	Unique  (cost=3833.73..3838.63 rows=980 width=121)
	  ->  Sort  (cost=3833.73..3836.18 rows=980 width=121)
	        Sort Key: c
	        ->  Bitmap Heap Scan on sbtest3  (cost=22.48..3785.04 rows=980 width=121)
	              Recheck Cond: ((id >= 7636414) AND (id <= 7637413))
	              ->  Bitmap Index Scan on sbtest3_pkey  (cost=0.00..22.23 rows=980 width=0)
	                    Index Cond: ((id >= 7636414) AND (id <= 7637413))

table 4 : explain SELECT DISTINCT c FROM sbtest4 WHERE id BETWEEN 962040 AND 963039 ORDER BY c
	Unique  (cost=3849.80..3854.72 rows=984 width=121)
	  ->  Sort  (cost=3849.80..3852.26 rows=984 width=121)
	        Sort Key: c
	        ->  Bitmap Heap Scan on sbtest4  (cost=22.52..3800.89 rows=984 width=121)
	              Recheck Cond: ((id >= 962040) AND (id <= 963039))
	              ->  Bitmap Index Scan on sbtest4_pkey  (cost=0.00..22.27 rows=984 width=0)
	                    Index Cond: ((id >= 962040) AND (id <= 963039))

table 5 : explain SELECT DISTINCT c FROM sbtest5 WHERE id BETWEEN 2366522 AND 2367521 ORDER BY c
	Unique  (cost=3957.00..3962.06 rows=1012 width=121)
	  ->  Sort  (cost=3957.00..3959.53 rows=1012 width=121)
	        Sort Key: c
	        ->  Bitmap Heap Scan on sbtest5  (cost=22.81..3906.49 rows=1012 width=121)
	              Recheck Cond: ((id >= 2366522) AND (id <= 2367521))
	              ->  Bitmap Index Scan on sbtest5_pkey  (cost=0.00..22.55 rows=1012 width=0)
	                    Index Cond: ((id >= 2366522) AND (id <= 2367521))

table 6 : explain SELECT DISTINCT c FROM sbtest6 WHERE id BETWEEN 7633222 AND 7634221 ORDER BY c
	Unique  (cost=4263.36..4268.82 rows=1091 width=121)
	  ->  Sort  (cost=4263.36..4266.09 rows=1091 width=121)
	        Sort Key: c
	        ->  Bitmap Heap Scan on sbtest6  (cost=27.62..4208.31 rows=1091 width=121)
	              Recheck Cond: ((id >= 7633222) AND (id <= 7634221))
	              ->  Bitmap Index Scan on sbtest6_pkey  (cost=0.00..27.34 rows=1091 width=0)
	                    Index Cond: ((id >= 7633222) AND (id <= 7634221))

table 7 : explain SELECT DISTINCT c FROM sbtest7 WHERE id BETWEEN 8212259 AND 8213258 ORDER BY c
	Unique  (cost=3953.85..3958.90 rows=1011 width=121)
	  ->  Sort  (cost=3953.85..3956.37 rows=1011 width=121)
	        Sort Key: c
	        ->  Bitmap Heap Scan on sbtest7  (cost=22.80..3903.39 rows=1011 width=121)
	              Recheck Cond: ((id >= 8212259) AND (id <= 8213258))
	              ->  Bitmap Index Scan on sbtest7_pkey  (cost=0.00..22.54 rows=1011 width=0)
	                    Index Cond: ((id >= 8212259) AND (id <= 8213258))

table 8 : explain SELECT DISTINCT c FROM sbtest8 WHERE id BETWEEN 7506712 AND 7507711 ORDER BY c
	Unique  (cost=3758.74..3763.54 rows=960 width=121)
	  ->  Sort  (cost=3758.74..3761.14 rows=960 width=121)
	        Sort Key: c
	        ->  Bitmap Heap Scan on sbtest8  (cost=22.27..3711.19 rows=960 width=121)
	              Recheck Cond: ((id >= 7506712) AND (id <= 7507711))
	              ->  Bitmap Index Scan on sbtest8_pkey  (cost=0.00..22.04 rows=960 width=0)
	                    Index Cond: ((id >= 7506712) AND (id <= 7507711))

for: sum_ranges
table 1 : explain SELECT SUM(k) FROM sbtest1 WHERE id BETWEEN 9925405 AND 9926404
	Aggregate  (cost=4290.45..4290.46 rows=1 width=8)
	  ->  Bitmap Heap Scan on sbtest1  (cost=27.85..4287.66 rows=1114 width=4)
	        Recheck Cond: ((id >= 9925405) AND (id <= 9926404))
	        ->  Bitmap Index Scan on sbtest1_pkey  (cost=0.00..27.57 rows=1114 width=0)
	              Index Cond: ((id >= 9925405) AND (id <= 9926404))

table 2 : explain SELECT SUM(k) FROM sbtest2 WHERE id BETWEEN 4954780 AND 4955779
	Aggregate  (cost=3938.05..3938.06 rows=1 width=8)
	  ->  Bitmap Heap Scan on sbtest2  (cost=22.89..3935.50 rows=1020 width=4)
	        Recheck Cond: ((id >= 4954780) AND (id <= 4955779))
	        ->  Bitmap Index Scan on sbtest2_pkey  (cost=0.00..22.64 rows=1020 width=0)
	              Index Cond: ((id >= 4954780) AND (id <= 4955779))

table 3 : explain SELECT SUM(k) FROM sbtest3 WHERE id BETWEEN 2098271 AND 2099270
	Aggregate  (cost=4175.12..4175.13 rows=1 width=8)
	  ->  Bitmap Heap Scan on sbtest3  (cost=23.54..4172.42 rows=1083 width=4)
	        Recheck Cond: ((id >= 2098271) AND (id <= 2099270))
	        ->  Bitmap Index Scan on sbtest3_pkey  (cost=0.00..23.26 rows=1083 width=0)
	              Index Cond: ((id >= 2098271) AND (id <= 2099270))

table 4 : explain SELECT SUM(k) FROM sbtest4 WHERE id BETWEEN 7991662 AND 7992661
	Aggregate  (cost=3867.43..3867.44 rows=1 width=8)
	  ->  Bitmap Heap Scan on sbtest4  (cost=22.70..3864.93 rows=1001 width=4)
	        Recheck Cond: ((id >= 7991662) AND (id <= 7992661))
	        ->  Bitmap Index Scan on sbtest4_pkey  (cost=0.00..22.44 rows=1001 width=0)
	              Index Cond: ((id >= 7991662) AND (id <= 7992661))

table 5 : explain SELECT SUM(k) FROM sbtest5 WHERE id BETWEEN 3264307 AND 3265306
	Aggregate  (cost=3346.21..3346.22 rows=1 width=8)
	  ->  Bitmap Heap Scan on sbtest5  (cost=21.28..3344.06 rows=863 width=4)
	        Recheck Cond: ((id >= 3264307) AND (id <= 3265306))
	        ->  Bitmap Index Scan on sbtest5_pkey  (cost=0.00..21.07 rows=863 width=0)
	              Index Cond: ((id >= 3264307) AND (id <= 3265306))

table 6 : explain SELECT SUM(k) FROM sbtest6 WHERE id BETWEEN 4585949 AND 4586948
	Aggregate  (cost=4000.14..4000.15 rows=1 width=8)
	  ->  Bitmap Heap Scan on sbtest6  (cost=23.05..3997.55 rows=1036 width=4)
	        Recheck Cond: ((id >= 4585949) AND (id <= 4586948))
	        ->  Bitmap Index Scan on sbtest6_pkey  (cost=0.00..22.79 rows=1036 width=0)
	              Index Cond: ((id >= 4585949) AND (id <= 4586948))

table 7 : explain SELECT SUM(k) FROM sbtest7 WHERE id BETWEEN 344844 AND 345843
	Aggregate  (cost=4064.08..4064.09 rows=1 width=8)
	  ->  Bitmap Heap Scan on sbtest7  (cost=23.23..4061.45 rows=1053 width=4)
	        Recheck Cond: ((id >= 344844) AND (id <= 345843))
	        ->  Bitmap Index Scan on sbtest7_pkey  (cost=0.00..22.96 rows=1053 width=0)
	              Index Cond: ((id >= 344844) AND (id <= 345843))

table 8 : explain SELECT SUM(k) FROM sbtest8 WHERE id BETWEEN 9580197 AND 9581196
	Aggregate  (cost=3905.95..3905.96 rows=1 width=8)
	  ->  Bitmap Heap Scan on sbtest8  (cost=22.80..3903.43 rows=1011 width=4)
	        Recheck Cond: ((id >= 9580197) AND (id <= 9581196))
	        ->  Bitmap Index Scan on sbtest8_pkey  (cost=0.00..22.54 rows=1011 width=0)
	              Index Cond: ((id >= 9580197) AND (id <= 9581196))

for point_selects
table 1 : explain SELECT c FROM sbtest1 WHERE id=2039711
	Index Scan using sbtest1_pkey on sbtest1  (cost=0.43..8.45 rows=1 width=121)
	  Index Cond: (id = 2039711)

table 2 : explain SELECT c FROM sbtest2 WHERE id=6770249
	Index Scan using sbtest2_pkey on sbtest2  (cost=0.43..8.45 rows=1 width=121)
	  Index Cond: (id = 6770249)

table 3 : explain SELECT c FROM sbtest3 WHERE id=3022808
	Index Scan using sbtest3_pkey on sbtest3  (cost=0.43..8.45 rows=1 width=121)
	  Index Cond: (id = 3022808)

table 4 : explain SELECT c FROM sbtest4 WHERE id=7128966
	Index Scan using sbtest4_pkey on sbtest4  (cost=0.43..8.45 rows=1 width=121)
	  Index Cond: (id = 7128966)

table 5 : explain SELECT c FROM sbtest5 WHERE id=2191192
	Index Scan using sbtest5_pkey on sbtest5  (cost=0.43..8.45 rows=1 width=121)
	  Index Cond: (id = 2191192)

table 6 : explain SELECT c FROM sbtest6 WHERE id=5005292
	Index Scan using sbtest6_pkey on sbtest6  (cost=0.43..8.45 rows=1 width=121)
	  Index Cond: (id = 5005292)

table 7 : explain SELECT c FROM sbtest7 WHERE id=1924540
	Index Scan using sbtest7_pkey on sbtest7  (cost=0.43..8.45 rows=1 width=121)
	  Index Cond: (id = 1924540)

table 8 : explain SELECT c FROM sbtest8 WHERE id=3119952
	Index Scan using sbtest8_pkey on sbtest8  (cost=0.43..8.45 rows=1 width=121)
	  Index Cond: (id = 3119952)

explain: for point_selects :: explain SELECT c FROM sbtest%u WHERE id=%u
for point_selects
table 1 : explain SELECT c FROM sbtest1 WHERE id=1278942
	Index Scan using sbtest1_pkey on sbtest1  (cost=0.43..8.45 rows=1 width=121)
	  Index Cond: (id = 1278942)

table 2 : explain SELECT c FROM sbtest2 WHERE id=124445
	Index Scan using sbtest2_pkey on sbtest2  (cost=0.43..8.45 rows=1 width=121)
	  Index Cond: (id = 124445)

table 3 : explain SELECT c FROM sbtest3 WHERE id=752113
	Index Scan using sbtest3_pkey on sbtest3  (cost=0.43..8.45 rows=1 width=121)
	  Index Cond: (id = 752113)

table 4 : explain SELECT c FROM sbtest4 WHERE id=8947682
	Index Scan using sbtest4_pkey on sbtest4  (cost=0.43..8.45 rows=1 width=121)
	  Index Cond: (id = 8947682)

table 5 : explain SELECT c FROM sbtest5 WHERE id=6780694
	Index Scan using sbtest5_pkey on sbtest5  (cost=0.43..8.45 rows=1 width=121)
	  Index Cond: (id = 6780694)

table 6 : explain SELECT c FROM sbtest6 WHERE id=4140737
	Index Scan using sbtest6_pkey on sbtest6  (cost=0.43..8.45 rows=1 width=121)
	  Index Cond: (id = 4140737)

table 7 : explain SELECT c FROM sbtest7 WHERE id=8578895
	Index Scan using sbtest7_pkey on sbtest7  (cost=0.43..8.45 rows=1 width=121)
	  Index Cond: (id = 8578895)

table 8 : explain SELECT c FROM sbtest8 WHERE id=255559
	Index Scan using sbtest8_pkey on sbtest8  (cost=0.43..8.45 rows=1 width=121)
	  Index Cond: (id = 255559)

for point_selects
table 1 : explain SELECT c FROM sbtest1 WHERE id=1829394
	Index Scan using sbtest1_pkey on sbtest1  (cost=0.43..8.45 rows=1 width=121)
	  Index Cond: (id = 1829394)

table 2 : explain SELECT c FROM sbtest2 WHERE id=9218047
	Index Scan using sbtest2_pkey on sbtest2  (cost=0.43..8.45 rows=1 width=121)
	  Index Cond: (id = 9218047)

table 3 : explain SELECT c FROM sbtest3 WHERE id=2672621
	Index Scan using sbtest3_pkey on sbtest3  (cost=0.43..8.45 rows=1 width=121)
	  Index Cond: (id = 2672621)

table 4 : explain SELECT c FROM sbtest4 WHERE id=1904596
	Index Scan using sbtest4_pkey on sbtest4  (cost=0.43..8.45 rows=1 width=121)
	  Index Cond: (id = 1904596)

table 5 : explain SELECT c FROM sbtest5 WHERE id=8756050
	Index Scan using sbtest5_pkey on sbtest5  (cost=0.43..8.45 rows=1 width=121)
	  Index Cond: (id = 8756050)

table 6 : explain SELECT c FROM sbtest6 WHERE id=2296261
	Index Scan using sbtest6_pkey on sbtest6  (cost=0.43..8.45 rows=1 width=121)
	  Index Cond: (id = 2296261)

table 7 : explain SELECT c FROM sbtest7 WHERE id=241454
	Index Scan using sbtest7_pkey on sbtest7  (cost=0.43..8.45 rows=1 width=121)
	  Index Cond: (id = 241454)

table 8 : explain SELECT c FROM sbtest8 WHERE id=9236720
	Index Scan using sbtest8_pkey on sbtest8  (cost=0.43..8.45 rows=1 width=121)
	  Index Cond: (id = 9236720)

for: simple_ranges
table 1 : explain SELECT c FROM sbtest1 WHERE id BETWEEN 8162708 AND 8163707
	Bitmap Heap Scan on sbtest1  (cost=23.58..4182.40 rows=1087 width=121)
	  Recheck Cond: ((id >= 8162708) AND (id <= 8163707))
	  ->  Bitmap Index Scan on sbtest1_pkey  (cost=0.00..23.30 rows=1087 width=0)
	        Index Cond: ((id >= 8162708) AND (id <= 8163707))

table 2 : explain SELECT c FROM sbtest2 WHERE id BETWEEN 5284939 AND 5285938
	Bitmap Heap Scan on sbtest2  (cost=22.12..3652.96 rows=945 width=121)
	  Recheck Cond: ((id >= 5284939) AND (id <= 5285938))
	  ->  Bitmap Index Scan on sbtest2_pkey  (cost=0.00..21.89 rows=945 width=0)
	        Index Cond: ((id >= 5284939) AND (id <= 5285938))

table 3 : explain SELECT c FROM sbtest3 WHERE id BETWEEN 4636676 AND 4637675
	Bitmap Heap Scan on sbtest3  (cost=22.07..3634.23 rows=940 width=121)
	  Recheck Cond: ((id >= 4636676) AND (id <= 4637675))
	  ->  Bitmap Index Scan on sbtest3_pkey  (cost=0.00..21.83 rows=940 width=0)
	        Index Cond: ((id >= 4636676) AND (id <= 4637675))

table 4 : explain SELECT c FROM sbtest4 WHERE id BETWEEN 8271768 AND 8272767
	Bitmap Heap Scan on sbtest4  (cost=23.27..4075.63 rows=1057 width=121)
	  Recheck Cond: ((id >= 8271768) AND (id <= 8272767))
	  ->  Bitmap Index Scan on sbtest4_pkey  (cost=0.00..23.00 rows=1057 width=0)
	        Index Cond: ((id >= 8271768) AND (id <= 8272767))

table 5 : explain SELECT c FROM sbtest5 WHERE id BETWEEN 9789722 AND 9790721
	Bitmap Heap Scan on sbtest5  (cost=22.60..3831.16 rows=992 width=121)
	  Recheck Cond: ((id >= 9789722) AND (id <= 9790721))
	  ->  Bitmap Index Scan on sbtest5_pkey  (cost=0.00..22.36 rows=992 width=0)
	        Index Cond: ((id >= 9789722) AND (id <= 9790721))

table 6 : explain SELECT c FROM sbtest6 WHERE id BETWEEN 5134670 AND 5135669
	Bitmap Heap Scan on sbtest6  (cost=22.08..3639.49 rows=941 width=121)
	  Recheck Cond: ((id >= 5134670) AND (id <= 5135669))
	  ->  Bitmap Index Scan on sbtest6_pkey  (cost=0.00..21.84 rows=941 width=0)
	        Index Cond: ((id >= 5134670) AND (id <= 5135669))

table 7 : explain SELECT c FROM sbtest7 WHERE id BETWEEN 8893124 AND 8894123
	Bitmap Heap Scan on sbtest7  (cost=22.43..3767.73 rows=975 width=121)
	  Recheck Cond: ((id >= 8893124) AND (id <= 8894123))
	  ->  Bitmap Index Scan on sbtest7_pkey  (cost=0.00..22.18 rows=975 width=0)
	        Index Cond: ((id >= 8893124) AND (id <= 8894123))

table 8 : explain SELECT c FROM sbtest8 WHERE id BETWEEN 6388640 AND 6389639
	Bitmap Heap Scan on sbtest8  (cost=22.74..3880.83 rows=1005 width=121)
	  Recheck Cond: ((id >= 6388640) AND (id <= 6389639))
	  ->  Bitmap Index Scan on sbtest8_pkey  (cost=0.00..22.48 rows=1005 width=0)
	        Index Cond: ((id >= 6388640) AND (id <= 6389639))

for: sum_ranges
table 1 : explain SELECT SUM(k) FROM sbtest1 WHERE id BETWEEN 4272806 AND 4273805
	Aggregate  (cost=3955.81..3955.82 rows=1 width=8)
	  ->  Bitmap Heap Scan on sbtest1  (cost=22.94..3953.25 rows=1025 width=4)
	        Recheck Cond: ((id >= 4272806) AND (id <= 4273805))
	        ->  Bitmap Index Scan on sbtest1_pkey  (cost=0.00..22.68 rows=1025 width=0)
	              Index Cond: ((id >= 4272806) AND (id <= 4273805))

table 2 : explain SELECT SUM(k) FROM sbtest2 WHERE id BETWEEN 7863882 AND 7864881
	Aggregate  (cost=3979.45..3979.46 rows=1 width=8)
	  ->  Bitmap Heap Scan on sbtest2  (cost=23.00..3976.87 rows=1031 width=4)
	        Recheck Cond: ((id >= 7863882) AND (id <= 7864881))
	        ->  Bitmap Index Scan on sbtest2_pkey  (cost=0.00..22.75 rows=1031 width=0)
	              Index Cond: ((id >= 7863882) AND (id <= 7864881))

table 3 : explain SELECT SUM(k) FROM sbtest3 WHERE id BETWEEN 9832114 AND 9833113
	Aggregate  (cost=4047.32..4047.33 rows=1 width=8)
	  ->  Bitmap Heap Scan on sbtest3  (cost=23.19..4044.69 rows=1049 width=4)
	        Recheck Cond: ((id >= 9832114) AND (id <= 9833113))
	        ->  Bitmap Index Scan on sbtest3_pkey  (cost=0.00..22.93 rows=1049 width=0)
	              Index Cond: ((id >= 9832114) AND (id <= 9833113))

table 4 : explain SELECT SUM(k) FROM sbtest4 WHERE id BETWEEN 7476562 AND 7477561
	Aggregate  (cost=3576.86..3576.87 rows=1 width=8)
	  ->  Bitmap Heap Scan on sbtest4  (cost=21.91..3574.55 rows=924 width=4)
	        Recheck Cond: ((id >= 7476562) AND (id <= 7477561))
	        ->  Bitmap Index Scan on sbtest4_pkey  (cost=0.00..21.68 rows=924 width=0)
	              Index Cond: ((id >= 7476562) AND (id <= 7477561))

table 5 : explain SELECT SUM(k) FROM sbtest5 WHERE id BETWEEN 4638967 AND 4639966
	Aggregate  (cost=4082.18..4082.19 rows=1 width=8)
	  ->  Bitmap Heap Scan on sbtest5  (cost=23.28..4079.53 rows=1058 width=4)
	        Recheck Cond: ((id >= 4638967) AND (id <= 4639966))
	        ->  Bitmap Index Scan on sbtest5_pkey  (cost=0.00..23.01 rows=1058 width=0)
	              Index Cond: ((id >= 4638967) AND (id <= 4639966))

table 6 : explain SELECT SUM(k) FROM sbtest6 WHERE id BETWEEN 3433701 AND 3434700
	Aggregate  (cost=3834.34..3834.35 rows=1 width=8)
	  ->  Bitmap Heap Scan on sbtest6  (cost=22.60..3831.86 rows=992 width=4)
	        Recheck Cond: ((id >= 3433701) AND (id <= 3434700))
	        ->  Bitmap Index Scan on sbtest6_pkey  (cost=0.00..22.36 rows=992 width=0)
	              Index Cond: ((id >= 3433701) AND (id <= 3434700))

table 7 : explain SELECT SUM(k) FROM sbtest7 WHERE id BETWEEN 5117544 AND 5118543
	Aggregate  (cost=3947.36..3947.37 rows=1 width=8)
	  ->  Bitmap Heap Scan on sbtest7  (cost=22.91..3944.81 rows=1022 width=4)
	        Recheck Cond: ((id >= 5117544) AND (id <= 5118543))
	        ->  Bitmap Index Scan on sbtest7_pkey  (cost=0.00..22.65 rows=1022 width=0)
	              Index Cond: ((id >= 5117544) AND (id <= 5118543))

table 8 : explain SELECT SUM(k) FROM sbtest8 WHERE id BETWEEN 7528561 AND 7529560
	Aggregate  (cost=3713.59..3713.60 rows=1 width=8)
	  ->  Bitmap Heap Scan on sbtest8  (cost=22.27..3711.19 rows=960 width=4)
	        Recheck Cond: ((id >= 7528561) AND (id <= 7529560))
	        ->  Bitmap Index Scan on sbtest8_pkey  (cost=0.00..22.04 rows=960 width=0)
	              Index Cond: ((id >= 7528561) AND (id <= 7529560))

for: order_ranges
table 1 : explain SELECT c FROM sbtest1 WHERE id BETWEEN 829648 AND 830647 ORDER BY c
	Sort  (cost=4145.66..4148.32 rows=1062 width=121)
	  Sort Key: c
	  ->  Bitmap Heap Scan on sbtest1  (cost=23.32..4092.28 rows=1062 width=121)
	        Recheck Cond: ((id >= 829648) AND (id <= 830647))
	        ->  Bitmap Index Scan on sbtest1_pkey  (cost=0.00..23.05 rows=1062 width=0)
	              Index Cond: ((id >= 829648) AND (id <= 830647))

table 2 : explain SELECT c FROM sbtest2 WHERE id BETWEEN 6187523 AND 6188522 ORDER BY c
	Sort  (cost=4123.89..4126.53 rows=1056 width=121)
	  Sort Key: c
	  ->  Bitmap Heap Scan on sbtest2  (cost=23.26..4070.85 rows=1056 width=121)
	        Recheck Cond: ((id >= 6187523) AND (id <= 6188522))
	        ->  Bitmap Index Scan on sbtest2_pkey  (cost=0.00..23.00 rows=1056 width=0)
	              Index Cond: ((id >= 6187523) AND (id <= 6188522))

table 3 : explain SELECT c FROM sbtest3 WHERE id BETWEEN 4975135 AND 4976134 ORDER BY c
	Sort  (cost=4295.88..4298.63 rows=1101 width=121)
	  Sort Key: c
	  ->  Bitmap Heap Scan on sbtest3  (cost=27.72..4240.25 rows=1101 width=121)
	        Recheck Cond: ((id >= 4975135) AND (id <= 4976134))
	        ->  Bitmap Index Scan on sbtest3_pkey  (cost=0.00..27.44 rows=1101 width=0)
	              Index Cond: ((id >= 4975135) AND (id <= 4976134))

table 4 : explain SELECT c FROM sbtest4 WHERE id BETWEEN 6967328 AND 6968327 ORDER BY c
	Sort  (cost=3838.33..3840.78 rows=981 width=121)
	  Sort Key: c
	  ->  Bitmap Heap Scan on sbtest4  (cost=22.49..3789.58 rows=981 width=121)
	        Recheck Cond: ((id >= 6967328) AND (id <= 6968327))
	        ->  Bitmap Index Scan on sbtest4_pkey  (cost=0.00..22.25 rows=981 width=0)
	              Index Cond: ((id >= 6967328) AND (id <= 6968327))

table 5 : explain SELECT c FROM sbtest5 WHERE id BETWEEN 1379382 AND 1380381 ORDER BY c
	Sort  (cost=4151.76..4154.42 rows=1063 width=121)
	  Sort Key: c
	  ->  Bitmap Heap Scan on sbtest5  (cost=23.33..4098.33 rows=1063 width=121)
	        Recheck Cond: ((id >= 1379382) AND (id <= 1380381))
	        ->  Bitmap Index Scan on sbtest5_pkey  (cost=0.00..23.07 rows=1063 width=0)
	              Index Cond: ((id >= 1379382) AND (id <= 1380381))

table 6 : explain SELECT c FROM sbtest6 WHERE id BETWEEN 4736956 AND 4737955 ORDER BY c
	Sort  (cost=3547.94..3550.21 rows=905 width=121)
	  Sort Key: c
	  ->  Bitmap Heap Scan on sbtest6  (cost=21.71..3503.50 rows=905 width=121)
	        Recheck Cond: ((id >= 4736956) AND (id <= 4737955))
	        ->  Bitmap Index Scan on sbtest6_pkey  (cost=0.00..21.48 rows=905 width=0)
	              Index Cond: ((id >= 4736956) AND (id <= 4737955))

table 7 : explain SELECT c FROM sbtest7 WHERE id BETWEEN 6973822 AND 6974821 ORDER BY c
	Sort  (cost=4125.76..4128.40 rows=1056 width=121)
	  Sort Key: c
	  ->  Bitmap Heap Scan on sbtest7  (cost=23.26..4072.73 rows=1056 width=121)
	        Recheck Cond: ((id >= 6973822) AND (id <= 6974821))
	        ->  Bitmap Index Scan on sbtest7_pkey  (cost=0.00..23.00 rows=1056 width=0)
	              Index Cond: ((id >= 6973822) AND (id <= 6974821))

table 8 : explain SELECT c FROM sbtest8 WHERE id BETWEEN 1801239 AND 1802238 ORDER BY c
	Sort  (cost=3892.70..3895.19 rows=995 width=121)
	  Sort Key: c
	  ->  Bitmap Heap Scan on sbtest8  (cost=22.63..3843.15 rows=995 width=121)
	        Recheck Cond: ((id >= 1801239) AND (id <= 1802238))
	        ->  Bitmap Index Scan on sbtest8_pkey  (cost=0.00..22.39 rows=995 width=0)
	              Index Cond: ((id >= 1801239) AND (id <= 1802238))

for point_selects
table 1 : explain SELECT c FROM sbtest1 WHERE id=1792675
	Index Scan using sbtest1_pkey on sbtest1  (cost=0.43..8.45 rows=1 width=121)
	  Index Cond: (id = 1792675)

table 2 : explain SELECT c FROM sbtest2 WHERE id=3187231
	Index Scan using sbtest2_pkey on sbtest2  (cost=0.43..8.45 rows=1 width=121)
	  Index Cond: (id = 3187231)

table 3 : explain SELECT c FROM sbtest3 WHERE id=6352159
	Index Scan using sbtest3_pkey on sbtest3  (cost=0.43..8.45 rows=1 width=121)
	  Index Cond: (id = 6352159)

table 4 : explain SELECT c FROM sbtest4 WHERE id=1413127
	Index Scan using sbtest4_pkey on sbtest4  (cost=0.43..8.45 rows=1 width=121)
	  Index Cond: (id = 1413127)

table 5 : explain SELECT c FROM sbtest5 WHERE id=6793340
	Index Scan using sbtest5_pkey on sbtest5  (cost=0.43..8.45 rows=1 width=121)
	  Index Cond: (id = 6793340)

table 6 : explain SELECT c FROM sbtest6 WHERE id=6829543
	Index Scan using sbtest6_pkey on sbtest6  (cost=0.43..8.45 rows=1 width=121)
	  Index Cond: (id = 6829543)

table 7 : explain SELECT c FROM sbtest7 WHERE id=184022
	Index Scan using sbtest7_pkey on sbtest7  (cost=0.43..8.45 rows=1 width=121)
	  Index Cond: (id = 184022)

table 8 : explain SELECT c FROM sbtest8 WHERE id=1231982
	Index Scan using sbtest8_pkey on sbtest8  (cost=0.43..8.45 rows=1 width=121)
	  Index Cond: (id = 1231982)

for: distinct_ranges
table 1 : explain SELECT DISTINCT c FROM sbtest1 WHERE id BETWEEN 3991641 AND 3992640 ORDER BY c
	Unique  (cost=3775.25..3780.08 rows=965 width=121)
	  ->  Sort  (cost=3775.25..3777.66 rows=965 width=121)
	        Sort Key: c
	        ->  Bitmap Heap Scan on sbtest1  (cost=22.33..3727.41 rows=965 width=121)
	              Recheck Cond: ((id >= 3991641) AND (id <= 3992640))
	              ->  Bitmap Index Scan on sbtest1_pkey  (cost=0.00..22.08 rows=965 width=0)
	                    Index Cond: ((id >= 3991641) AND (id <= 3992640))

table 2 : explain SELECT DISTINCT c FROM sbtest2 WHERE id BETWEEN 1712525 AND 1713524 ORDER BY c
	Unique  (cost=4062.83..4068.03 rows=1040 width=121)
	  ->  Sort  (cost=4062.83..4065.43 rows=1040 width=121)
	        Sort Key: c
	        ->  Bitmap Heap Scan on sbtest2  (cost=23.09..4010.72 rows=1040 width=121)
	              Recheck Cond: ((id >= 1712525) AND (id <= 1713524))
	              ->  Bitmap Index Scan on sbtest2_pkey  (cost=0.00..22.83 rows=1040 width=0)
	                    Index Cond: ((id >= 1712525) AND (id <= 1713524))

table 3 : explain SELECT DISTINCT c FROM sbtest3 WHERE id BETWEEN 2131466 AND 2132465 ORDER BY c
	Unique  (cost=3581.04..3585.61 rows=914 width=121)
	  ->  Sort  (cost=3581.04..3583.32 rows=914 width=121)
	        Sort Key: c
	        ->  Bitmap Heap Scan on sbtest3  (cost=21.80..3536.08 rows=914 width=121)
	              Recheck Cond: ((id >= 2131466) AND (id <= 2132465))
	              ->  Bitmap Index Scan on sbtest3_pkey  (cost=0.00..21.57 rows=914 width=0)
	                    Index Cond: ((id >= 2131466) AND (id <= 2132465))

table 4 : explain SELECT DISTINCT c FROM sbtest4 WHERE id BETWEEN 7752690 AND 7753689 ORDER BY c
	Unique  (cost=3608.57..3613.17 rows=921 width=121)
	  ->  Sort  (cost=3608.57..3610.87 rows=921 width=121)
	        Sort Key: c
	        ->  Bitmap Heap Scan on sbtest4  (cost=21.88..3563.22 rows=921 width=121)
	              Recheck Cond: ((id >= 7752690) AND (id <= 7753689))
	              ->  Bitmap Index Scan on sbtest4_pkey  (cost=0.00..21.64 rows=921 width=0)
	                    Index Cond: ((id >= 7752690) AND (id <= 7753689))

table 5 : explain SELECT DISTINCT c FROM sbtest5 WHERE id BETWEEN 9186978 AND 9187977 ORDER BY c
	Unique  (cost=3735.12..3739.89 rows=954 width=121)
	  ->  Sort  (cost=3735.12..3737.50 rows=954 width=121)
	        Sort Key: c
	        ->  Bitmap Heap Scan on sbtest5  (cost=22.21..3687.91 rows=954 width=121)
	              Recheck Cond: ((id >= 9186978) AND (id <= 9187977))
	              ->  Bitmap Index Scan on sbtest5_pkey  (cost=0.00..21.97 rows=954 width=0)
	                    Index Cond: ((id >= 9186978) AND (id <= 9187977))

table 6 : explain SELECT DISTINCT c FROM sbtest6 WHERE id BETWEEN 5349056 AND 5350055 ORDER BY c
	Unique  (cost=3705.13..3709.86 rows=946 width=121)
	  ->  Sort  (cost=3705.13..3707.49 rows=946 width=121)
	        Sort Key: c
	        ->  Bitmap Heap Scan on sbtest6  (cost=22.13..3658.37 rows=946 width=121)
	              Recheck Cond: ((id >= 5349056) AND (id <= 5350055))
	              ->  Bitmap Index Scan on sbtest6_pkey  (cost=0.00..21.89 rows=946 width=0)
	                    Index Cond: ((id >= 5349056) AND (id <= 5350055))

table 7 : explain SELECT DISTINCT c FROM sbtest7 WHERE id BETWEEN 1240362 AND 1241361 ORDER BY c
	Unique  (cost=3666.77..3671.45 rows=936 width=121)
	  ->  Sort  (cost=3666.77..3669.11 rows=936 width=121)
	        Sort Key: c
	        ->  Bitmap Heap Scan on sbtest7  (cost=22.03..3620.57 rows=936 width=121)
	              Recheck Cond: ((id >= 1240362) AND (id <= 1241361))
	              ->  Bitmap Index Scan on sbtest7_pkey  (cost=0.00..21.79 rows=936 width=0)
	                    Index Cond: ((id >= 1240362) AND (id <= 1241361))

table 8 : explain SELECT DISTINCT c FROM sbtest8 WHERE id BETWEEN 4841386 AND 4842385 ORDER BY c
	Unique  (cost=3999.75..4004.87 rows=1023 width=121)
	  ->  Sort  (cost=3999.75..4002.31 rows=1023 width=121)
	        Sort Key: c
	        ->  Bitmap Heap Scan on sbtest8  (cost=22.92..3948.61 rows=1023 width=121)
	              Recheck Cond: ((id >= 4841386) AND (id <= 4842385))
	              ->  Bitmap Index Scan on sbtest8_pkey  (cost=0.00..22.66 rows=1023 width=0)
	                    Index Cond: ((id >= 4841386) AND (id <= 4842385))

for: simple_ranges
table 1 : explain SELECT c FROM sbtest1 WHERE id BETWEEN 196831 AND 197830
	Bitmap Heap Scan on sbtest1  (cost=22.01..3610.54 rows=934 width=121)
	  Recheck Cond: ((id >= 196831) AND (id <= 197830))
	  ->  Bitmap Index Scan on sbtest1_pkey  (cost=0.00..21.77 rows=934 width=0)
	        Index Cond: ((id >= 196831) AND (id <= 197830))

table 2 : explain SELECT c FROM sbtest2 WHERE id BETWEEN 8750036 AND 8751035
	Bitmap Heap Scan on sbtest2  (cost=27.79..4266.35 rows=1108 width=121)
	  Recheck Cond: ((id >= 8750036) AND (id <= 8751035))
	  ->  Bitmap Index Scan on sbtest2_pkey  (cost=0.00..27.51 rows=1108 width=0)
	        Index Cond: ((id >= 8750036) AND (id <= 8751035))

table 3 : explain SELECT c FROM sbtest3 WHERE id BETWEEN 9337069 AND 9338068
	Bitmap Heap Scan on sbtest3  (cost=23.36..4108.57 rows=1066 width=121)
	  Recheck Cond: ((id >= 9337069) AND (id <= 9338068))
	  ->  Bitmap Index Scan on sbtest3_pkey  (cost=0.00..23.09 rows=1066 width=0)
	        Index Cond: ((id >= 9337069) AND (id <= 9338068))

table 4 : explain SELECT c FROM sbtest4 WHERE id BETWEEN 8021993 AND 8022992
	Bitmap Heap Scan on sbtest4  (cost=22.70..3864.93 rows=1001 width=121)
	  Recheck Cond: ((id >= 8021993) AND (id <= 8022992))
	  ->  Bitmap Index Scan on sbtest4_pkey  (cost=0.00..22.44 rows=1001 width=0)
	        Index Cond: ((id >= 8021993) AND (id <= 8022992))

table 5 : explain SELECT c FROM sbtest5 WHERE id BETWEEN 4544428 AND 4545427
	Bitmap Heap Scan on sbtest5  (cost=23.13..4023.14 rows=1043 width=121)
	  Recheck Cond: ((id >= 4544428) AND (id <= 4545427))
	  ->  Bitmap Index Scan on sbtest5_pkey  (cost=0.00..22.86 rows=1043 width=0)
	        Index Cond: ((id >= 4544428) AND (id <= 4545427))

table 6 : explain SELECT c FROM sbtest6 WHERE id BETWEEN 1973821 AND 1974820
	Bitmap Heap Scan on sbtest6  (cost=21.95..3590.41 rows=928 width=121)
	  Recheck Cond: ((id >= 1973821) AND (id <= 1974820))
	  ->  Bitmap Index Scan on sbtest6_pkey  (cost=0.00..21.71 rows=928 width=0)
	        Index Cond: ((id >= 1973821) AND (id <= 1974820))

table 7 : explain SELECT c FROM sbtest7 WHERE id BETWEEN 3965830 AND 3966829
	Bitmap Heap Scan on sbtest7  (cost=21.96..3594.14 rows=929 width=121)
	  Recheck Cond: ((id >= 3965830) AND (id <= 3966829))
	  ->  Bitmap Index Scan on sbtest7_pkey  (cost=0.00..21.72 rows=929 width=0)
	        Index Cond: ((id >= 3965830) AND (id <= 3966829))

table 8 : explain SELECT c FROM sbtest8 WHERE id BETWEEN 8671642 AND 8672641
	Bitmap Heap Scan on sbtest8  (cost=28.08..4373.47 rows=1136 width=121)
	  Recheck Cond: ((id >= 8671642) AND (id <= 8672641))
	  ->  Bitmap Index Scan on sbtest8_pkey  (cost=0.00..27.79 rows=1136 width=0)
	        Index Cond: ((id >= 8671642) AND (id <= 8672641))

for: simple_ranges
table 1 : explain SELECT c FROM sbtest1 WHERE id BETWEEN 7924584 AND 7925583
	Bitmap Heap Scan on sbtest1  (cost=23.13..4020.91 rows=1043 width=121)
	  Recheck Cond: ((id >= 7924584) AND (id <= 7925583))
	  ->  Bitmap Index Scan on sbtest1_pkey  (cost=0.00..22.86 rows=1043 width=0)
	        Index Cond: ((id >= 7924584) AND (id <= 7925583))

table 2 : explain SELECT c FROM sbtest2 WHERE id BETWEEN 6294176 AND 6295175
	Bitmap Heap Scan on sbtest2  (cost=22.81..3905.40 rows=1012 width=121)
	  Recheck Cond: ((id >= 6294176) AND (id <= 6295175))
	  ->  Bitmap Index Scan on sbtest2_pkey  (cost=0.00..22.55 rows=1012 width=0)
	        Index Cond: ((id >= 6294176) AND (id <= 6295175))

table 3 : explain SELECT c FROM sbtest3 WHERE id BETWEEN 8348089 AND 8349088
	Bitmap Heap Scan on sbtest3  (cost=23.09..4010.86 rows=1040 width=121)
	  Recheck Cond: ((id >= 8348089) AND (id <= 8349088))
	  ->  Bitmap Index Scan on sbtest3_pkey  (cost=0.00..22.83 rows=1040 width=0)
	        Index Cond: ((id >= 8348089) AND (id <= 8349088))

table 4 : explain SELECT c FROM sbtest4 WHERE id BETWEEN 9124209 AND 9125208
	Bitmap Heap Scan on sbtest4  (cost=22.42..3763.20 rows=974 width=121)
	  Recheck Cond: ((id >= 9124209) AND (id <= 9125208))
	  ->  Bitmap Index Scan on sbtest4_pkey  (cost=0.00..22.18 rows=974 width=0)
	        Index Cond: ((id >= 9124209) AND (id <= 9125208))

table 5 : explain SELECT c FROM sbtest5 WHERE id BETWEEN 1340724 AND 1341723
	Bitmap Heap Scan on sbtest5  (cost=23.33..4098.33 rows=1063 width=121)
	  Recheck Cond: ((id >= 1340724) AND (id <= 1341723))
	  ->  Bitmap Index Scan on sbtest5_pkey  (cost=0.00..23.07 rows=1063 width=0)
	        Index Cond: ((id >= 1340724) AND (id <= 1341723))

table 6 : explain SELECT c FROM sbtest6 WHERE id BETWEEN 3030824 AND 3031823
	Bitmap Heap Scan on sbtest6  (cost=22.53..3805.47 rows=985 width=121)
	  Recheck Cond: ((id >= 3030824) AND (id <= 3031823))
	  ->  Bitmap Index Scan on sbtest6_pkey  (cost=0.00..22.29 rows=985 width=0)
	        Index Cond: ((id >= 3030824) AND (id <= 3031823))

table 7 : explain SELECT c FROM sbtest7 WHERE id BETWEEN 3934303 AND 3935302
	Bitmap Heap Scan on sbtest7  (cost=21.96..3594.14 rows=929 width=121)
	  Recheck Cond: ((id >= 3934303) AND (id <= 3935302))
	  ->  Bitmap Index Scan on sbtest7_pkey  (cost=0.00..21.72 rows=929 width=0)
	        Index Cond: ((id >= 3934303) AND (id <= 3935302))

table 8 : explain SELECT c FROM sbtest8 WHERE id BETWEEN 2455323 AND 2456322
	Bitmap Heap Scan on sbtest8  (cost=22.16..3669.68 rows=949 width=121)
	  Recheck Cond: ((id >= 2455323) AND (id <= 2456322))
	  ->  Bitmap Index Scan on sbtest8_pkey  (cost=0.00..21.93 rows=949 width=0)
	        Index Cond: ((id >= 2455323) AND (id <= 2456322))

for: order_ranges
table 1 : explain SELECT c FROM sbtest1 WHERE id BETWEEN 3899228 AND 3900227 ORDER BY c
	Sort  (cost=3775.25..3777.66 rows=965 width=121)
	  Sort Key: c
	  ->  Bitmap Heap Scan on sbtest1  (cost=22.33..3727.41 rows=965 width=121)
	        Recheck Cond: ((id >= 3899228) AND (id <= 3900227))
	        ->  Bitmap Index Scan on sbtest1_pkey  (cost=0.00..22.08 rows=965 width=0)
	              Index Cond: ((id >= 3899228) AND (id <= 3900227))

table 2 : explain SELECT c FROM sbtest2 WHERE id BETWEEN 5185727 AND 5186726 ORDER BY c
	Sort  (cost=4020.84..4023.41 rows=1029 width=121)
	  Sort Key: c
	  ->  Bitmap Heap Scan on sbtest2  (cost=22.98..3969.35 rows=1029 width=121)
	        Recheck Cond: ((id >= 5185727) AND (id <= 5186726))
	        ->  Bitmap Index Scan on sbtest2_pkey  (cost=0.00..22.72 rows=1029 width=0)
	              Index Cond: ((id >= 5185727) AND (id <= 5186726))

table 3 : explain SELECT c FROM sbtest3 WHERE id BETWEEN 8509648 AND 8510647 ORDER BY c
	Sort  (cost=4043.89..4046.48 rows=1035 width=121)
	  Sort Key: c
	  ->  Bitmap Heap Scan on sbtest3  (cost=23.04..3992.06 rows=1035 width=121)
	        Recheck Cond: ((id >= 8509648) AND (id <= 8510647))
	        ->  Bitmap Index Scan on sbtest3_pkey  (cost=0.00..22.79 rows=1035 width=0)
	              Index Cond: ((id >= 8509648) AND (id <= 8510647))

table 4 : explain SELECT c FROM sbtest4 WHERE id BETWEEN 380254 AND 381253 ORDER BY c
	Sort  (cost=4040.91..4043.50 rows=1034 width=121)
	  Sort Key: c
	  ->  Bitmap Heap Scan on sbtest4  (cost=23.03..3989.14 rows=1034 width=121)
	        Recheck Cond: ((id >= 380254) AND (id <= 381253))
	        ->  Bitmap Index Scan on sbtest4_pkey  (cost=0.00..22.77 rows=1034 width=0)
	              Index Cond: ((id >= 380254) AND (id <= 381253))

table 5 : explain SELECT c FROM sbtest5 WHERE id BETWEEN 5813975 AND 5814974 ORDER BY c
	Sort  (cost=3539.67..3541.93 rows=903 width=121)
	  Sort Key: c
	  ->  Bitmap Heap Scan on sbtest5  (cost=21.69..3495.34 rows=903 width=121)
	        Recheck Cond: ((id >= 5813975) AND (id <= 5814974))
	        ->  Bitmap Index Scan on sbtest5_pkey  (cost=0.00..21.46 rows=903 width=0)
	              Index Cond: ((id >= 5813975) AND (id <= 5814974))

table 6 : explain SELECT c FROM sbtest6 WHERE id BETWEEN 9831874 AND 9832873 ORDER BY c
	Sort  (cost=3586.30..3588.59 rows=915 width=121)
	  Sort Key: c
	  ->  Bitmap Heap Scan on sbtest6  (cost=21.81..3541.29 rows=915 width=121)
	        Recheck Cond: ((id >= 9831874) AND (id <= 9832873))
	        ->  Bitmap Index Scan on sbtest6_pkey  (cost=0.00..21.58 rows=915 width=0)
	              Index Cond: ((id >= 9831874) AND (id <= 9832873))

table 7 : explain SELECT c FROM sbtest7 WHERE id BETWEEN 6296324 AND 6297323 ORDER BY c
	Sort  (cost=4041.74..4044.33 rows=1034 width=121)
	  Sort Key: c
	  ->  Bitmap Heap Scan on sbtest7  (cost=23.03..3989.97 rows=1034 width=121)
	        Recheck Cond: ((id >= 6296324) AND (id <= 6297323))
	        ->  Bitmap Index Scan on sbtest7_pkey  (cost=0.00..22.77 rows=1034 width=0)
	              Index Cond: ((id >= 6296324) AND (id <= 6297323))

table 8 : explain SELECT c FROM sbtest8 WHERE id BETWEEN 7718521 AND 7719520 ORDER BY c
	Sort  (cost=4152.53..4155.18 rows=1063 width=121)
	  Sort Key: c
	  ->  Bitmap Heap Scan on sbtest8  (cost=23.33..4099.09 rows=1063 width=121)
	        Recheck Cond: ((id >= 7718521) AND (id <= 7719520))
	        ->  Bitmap Index Scan on sbtest8_pkey  (cost=0.00..23.07 rows=1063 width=0)
	              Index Cond: ((id >= 7718521) AND (id <= 7719520))

for: simple_ranges
table 1 : explain SELECT c FROM sbtest1 WHERE id BETWEEN 5457189 AND 5458188
	Bitmap Heap Scan on sbtest1  (cost=22.40..3753.79 rows=972 width=121)
	  Recheck Cond: ((id >= 5457189) AND (id <= 5458188))
	  ->  Bitmap Index Scan on sbtest1_pkey  (cost=0.00..22.15 rows=972 width=0)
	        Index Cond: ((id >= 5457189) AND (id <= 5458188))

table 2 : explain SELECT c FROM sbtest2 WHERE id BETWEEN 4610527 AND 4611526
	Bitmap Heap Scan on sbtest2  (cost=22.50..3792.44 rows=982 width=121)
	  Recheck Cond: ((id >= 4610527) AND (id <= 4611526))
	  ->  Bitmap Index Scan on sbtest2_pkey  (cost=0.00..22.25 rows=982 width=0)
	        Index Cond: ((id >= 4610527) AND (id <= 4611526))

table 3 : explain SELECT c FROM sbtest3 WHERE id BETWEEN 7374520 AND 7375519
	Bitmap Heap Scan on sbtest3  (cost=22.76..3886.72 rows=1007 width=121)
	  Recheck Cond: ((id >= 7374520) AND (id <= 7375519))
	  ->  Bitmap Index Scan on sbtest3_pkey  (cost=0.00..22.50 rows=1007 width=0)
	        Index Cond: ((id >= 7374520) AND (id <= 7375519))

table 4 : explain SELECT c FROM sbtest4 WHERE id BETWEEN 9771649 AND 9772648
	Bitmap Heap Scan on sbtest4  (cost=22.52..3800.89 rows=984 width=121)
	  Recheck Cond: ((id >= 9771649) AND (id <= 9772648))
	  ->  Bitmap Index Scan on sbtest4_pkey  (cost=0.00..22.27 rows=984 width=0)
	        Index Cond: ((id >= 9771649) AND (id <= 9772648))

table 5 : explain SELECT c FROM sbtest5 WHERE id BETWEEN 6201878 AND 6202877
	Bitmap Heap Scan on sbtest5  (cost=27.64..4215.02 rows=1093 width=121)
	  Recheck Cond: ((id >= 6201878) AND (id <= 6202877))
	  ->  Bitmap Index Scan on sbtest5_pkey  (cost=0.00..27.36 rows=1093 width=0)
	        Index Cond: ((id >= 6201878) AND (id <= 6202877))

table 6 : explain SELECT c FROM sbtest6 WHERE id BETWEEN 2125127 AND 2126126
	Bitmap Heap Scan on sbtest6  (cost=22.67..3858.23 rows=999 width=121)
	  Recheck Cond: ((id >= 2125127) AND (id <= 2126126))
	  ->  Bitmap Index Scan on sbtest6_pkey  (cost=0.00..22.43 rows=999 width=0)
	        Index Cond: ((id >= 2125127) AND (id <= 2126126))

table 7 : explain SELECT c FROM sbtest7 WHERE id BETWEEN 6155867 AND 6156866
	Bitmap Heap Scan on sbtest7  (cost=23.50..4162.94 rows=1080 width=121)
	  Recheck Cond: ((id >= 6155867) AND (id <= 6156866))
	  ->  Bitmap Index Scan on sbtest7_pkey  (cost=0.00..23.23 rows=1080 width=0)
	        Index Cond: ((id >= 6155867) AND (id <= 6156866))

table 8 : explain SELECT c FROM sbtest8 WHERE id BETWEEN 3862217 AND 3863216
	Bitmap Heap Scan on sbtest8  (cost=28.64..4579.57 rows=1191 width=121)
	  Recheck Cond: ((id >= 3862217) AND (id <= 3863216))
	  ->  Bitmap Index Scan on sbtest8_pkey  (cost=0.00..28.34 rows=1191 width=0)
	        Index Cond: ((id >= 3862217) AND (id <= 3863216))

for: simple_ranges
table 1 : explain SELECT c FROM sbtest1 WHERE id BETWEEN 9170339 AND 9171338
	Bitmap Heap Scan on sbtest1  (cost=22.45..3772.62 rows=977 width=121)
	  Recheck Cond: ((id >= 9170339) AND (id <= 9171338))
	  ->  Bitmap Index Scan on sbtest1_pkey  (cost=0.00..22.20 rows=977 width=0)
	        Index Cond: ((id >= 9170339) AND (id <= 9171338))

table 2 : explain SELECT c FROM sbtest2 WHERE id BETWEEN 3550333 AND 3551332
	Bitmap Heap Scan on sbtest2  (cost=22.64..3845.17 rows=996 width=121)
	  Recheck Cond: ((id >= 3550333) AND (id <= 3551332))
	  ->  Bitmap Index Scan on sbtest2_pkey  (cost=0.00..22.39 rows=996 width=0)
	        Index Cond: ((id >= 3550333) AND (id <= 3551332))

table 3 : explain SELECT c FROM sbtest3 WHERE id BETWEEN 5752263 AND 5753262
	Bitmap Heap Scan on sbtest3  (cost=22.07..3634.23 rows=940 width=121)
	  Recheck Cond: ((id >= 5752263) AND (id <= 5753262))
	  ->  Bitmap Index Scan on sbtest3_pkey  (cost=0.00..21.83 rows=940 width=0)
	        Index Cond: ((id >= 5752263) AND (id <= 5753262))

table 4 : explain SELECT c FROM sbtest4 WHERE id BETWEEN 577870 AND 578869
	Bitmap Heap Scan on sbtest4  (cost=22.62..3838.56 rows=994 width=121)
	  Recheck Cond: ((id >= 577870) AND (id <= 578869))
	  ->  Bitmap Index Scan on sbtest4_pkey  (cost=0.00..22.37 rows=994 width=0)
	        Index Cond: ((id >= 577870) AND (id <= 578869))

table 5 : explain SELECT c FROM sbtest5 WHERE id BETWEEN 5455932 AND 5456931
	Bitmap Heap Scan on sbtest5  (cost=22.38..3748.25 rows=970 width=121)
	  Recheck Cond: ((id >= 5455932) AND (id <= 5456931))
	  ->  Bitmap Index Scan on sbtest5_pkey  (cost=0.00..22.14 rows=970 width=0)
	        Index Cond: ((id >= 5455932) AND (id <= 5456931))

table 6 : explain SELECT c FROM sbtest6 WHERE id BETWEEN 912715 AND 913714
	Bitmap Heap Scan on sbtest6  (cost=22.64..3846.93 rows=996 width=121)
	  Recheck Cond: ((id >= 912715) AND (id <= 913714))
	  ->  Bitmap Index Scan on sbtest6_pkey  (cost=0.00..22.39 rows=996 width=0)
	        Index Cond: ((id >= 912715) AND (id <= 913714))

table 7 : explain SELECT c FROM sbtest7 WHERE id BETWEEN 4510842 AND 4511841
	Bitmap Heap Scan on sbtest7  (cost=22.11..3650.78 rows=944 width=121)
	  Recheck Cond: ((id >= 4510842) AND (id <= 4511841))
	  ->  Bitmap Index Scan on sbtest7_pkey  (cost=0.00..21.87 rows=944 width=0)
	        Index Cond: ((id >= 4510842) AND (id <= 4511841))

table 8 : explain SELECT c FROM sbtest8 WHERE id BETWEEN 5531425 AND 5532424
	Bitmap Heap Scan on sbtest8  (cost=22.62..3839.39 rows=994 width=121)
	  Recheck Cond: ((id >= 5531425) AND (id <= 5532424))
	  ->  Bitmap Index Scan on sbtest8_pkey  (cost=0.00..22.37 rows=994 width=0)
	        Index Cond: ((id >= 5531425) AND (id <= 5532424))

for: order_ranges
table 1 : explain SELECT c FROM sbtest1 WHERE id BETWEEN 3820290 AND 3821289 ORDER BY c
	Sort  (cost=4206.65..4209.35 rows=1078 width=121)
	  Sort Key: c
	  ->  Bitmap Heap Scan on sbtest1  (cost=23.48..4152.35 rows=1078 width=121)
	        Recheck Cond: ((id >= 3820290) AND (id <= 3821289))
	        ->  Bitmap Index Scan on sbtest1_pkey  (cost=0.00..23.21 rows=1078 width=0)
	              Index Cond: ((id >= 3820290) AND (id <= 3821289))

table 2 : explain SELECT c FROM sbtest2 WHERE id BETWEEN 1353902 AND 1354901 ORDER BY c
	Sort  (cost=3944.45..3946.97 rows=1009 width=121)
	  Sort Key: c
	  ->  Bitmap Heap Scan on sbtest2  (cost=22.78..3894.11 rows=1009 width=121)
	        Recheck Cond: ((id >= 1353902) AND (id <= 1354901))
	        ->  Bitmap Index Scan on sbtest2_pkey  (cost=0.00..22.52 rows=1009 width=0)
	              Index Cond: ((id >= 1353902) AND (id <= 1354901))

table 3 : explain SELECT c FROM sbtest3 WHERE id BETWEEN 9591579 AND 9592578 ORDER BY c
	Sort  (cost=3711.28..3713.65 rows=948 width=121)
	  Sort Key: c
	  ->  Bitmap Heap Scan on sbtest3  (cost=22.15..3664.41 rows=948 width=121)
	        Recheck Cond: ((id >= 9591579) AND (id <= 9592578))
	        ->  Bitmap Index Scan on sbtest3_pkey  (cost=0.00..21.91 rows=948 width=0)
	              Index Cond: ((id >= 9591579) AND (id <= 9592578))

table 4 : explain SELECT c FROM sbtest4 WHERE id BETWEEN 817139 AND 818138 ORDER BY c
	Sort  (cost=4071.46..4074.07 rows=1042 width=121)
	  Sort Key: c
	  ->  Bitmap Heap Scan on sbtest4  (cost=23.12..4019.23 rows=1042 width=121)
	        Recheck Cond: ((id >= 817139) AND (id <= 818138))
	        ->  Bitmap Index Scan on sbtest4_pkey  (cost=0.00..22.86 rows=1042 width=0)
	              Index Cond: ((id >= 817139) AND (id <= 818138))

table 5 : explain SELECT c FROM sbtest5 WHERE id BETWEEN 4163323 AND 4164322 ORDER BY c
	Sort  (cost=3972.29..3974.83 rows=1016 width=121)
	  Sort Key: c
	  ->  Bitmap Heap Scan on sbtest5  (cost=22.85..3921.54 rows=1016 width=121)
	        Recheck Cond: ((id >= 4163323) AND (id <= 4164322))
	        ->  Bitmap Index Scan on sbtest5_pkey  (cost=0.00..22.59 rows=1016 width=0)
	              Index Cond: ((id >= 4163323) AND (id <= 4164322))

table 6 : explain SELECT c FROM sbtest6 WHERE id BETWEEN 4808793 AND 4809792 ORDER BY c
	Sort  (cost=3846.80..3849.25 rows=983 width=121)
	  Sort Key: c
	  ->  Bitmap Heap Scan on sbtest6  (cost=22.51..3797.94 rows=983 width=121)
	        Recheck Cond: ((id >= 4808793) AND (id <= 4809792))
	        ->  Bitmap Index Scan on sbtest6_pkey  (cost=0.00..22.26 rows=983 width=0)
	              Index Cond: ((id >= 4808793) AND (id <= 4809792))

table 7 : explain SELECT c FROM sbtest7 WHERE id BETWEEN 7295960 AND 7296959 ORDER BY c
	Sort  (cost=3524.88..3527.13 rows=899 width=121)
	  Sort Key: c
	  ->  Bitmap Heap Scan on sbtest7  (cost=21.65..3480.78 rows=899 width=121)
	        Recheck Cond: ((id >= 7295960) AND (id <= 7296959))
	        ->  Bitmap Index Scan on sbtest7_pkey  (cost=0.00..21.43 rows=899 width=0)
	              Index Cond: ((id >= 7295960) AND (id <= 7296959))

table 8 : explain SELECT c FROM sbtest8 WHERE id BETWEEN 5148062 AND 5149061 ORDER BY c
	Sort  (cost=3724.27..3726.65 rows=951 width=121)
	  Sort Key: c
	  ->  Bitmap Heap Scan on sbtest8  (cost=22.18..3677.23 rows=951 width=121)
	        Recheck Cond: ((id >= 5148062) AND (id <= 5149061))
	        ->  Bitmap Index Scan on sbtest8_pkey  (cost=0.00..21.94 rows=951 width=0)
	              Index Cond: ((id >= 5148062) AND (id <= 5149061))

for: order_ranges
table 1 : explain SELECT c FROM sbtest1 WHERE id BETWEEN 2326540 AND 2327539 ORDER BY c
	Sort  (cost=4080.83..4083.44 rows=1045 width=121)
	  Sort Key: c
	  ->  Bitmap Heap Scan on sbtest1  (cost=23.15..4028.43 rows=1045 width=121)
	        Recheck Cond: ((id >= 2326540) AND (id <= 2327539))
	        ->  Bitmap Index Scan on sbtest1_pkey  (cost=0.00..22.89 rows=1045 width=0)
	              Index Cond: ((id >= 2326540) AND (id <= 2327539))

table 2 : explain SELECT c FROM sbtest2 WHERE id BETWEEN 9876465 AND 9877464 ORDER BY c
	Sort  (cost=3649.88..3652.21 rows=932 width=121)
	  Sort Key: c
	  ->  Bitmap Heap Scan on sbtest2  (cost=21.99..3603.92 rows=932 width=121)
	        Recheck Cond: ((id >= 9876465) AND (id <= 9877464))
	        ->  Bitmap Index Scan on sbtest2_pkey  (cost=0.00..21.75 rows=932 width=0)
	              Index Cond: ((id >= 9876465) AND (id <= 9877464))

table 3 : explain SELECT c FROM sbtest3 WHERE id BETWEEN 6993844 AND 6994843 ORDER BY c
	Sort  (cost=3638.51..3640.84 rows=929 width=121)
	  Sort Key: c
	  ->  Bitmap Heap Scan on sbtest3  (cost=21.96..3592.72 rows=929 width=121)
	        Recheck Cond: ((id >= 6993844) AND (id <= 6994843))
	        ->  Bitmap Index Scan on sbtest3_pkey  (cost=0.00..21.72 rows=929 width=0)
	              Index Cond: ((id >= 6993844) AND (id <= 6994843))

table 4 : explain SELECT c FROM sbtest4 WHERE id BETWEEN 241307 AND 242306 ORDER BY c
	Sort  (cost=3669.88..3672.22 rows=937 width=121)
	  Sort Key: c
	  ->  Bitmap Heap Scan on sbtest4  (cost=22.04..3623.63 rows=937 width=121)
	        Recheck Cond: ((id >= 241307) AND (id <= 242306))
	        ->  Bitmap Index Scan on sbtest4_pkey  (cost=0.00..21.80 rows=937 width=0)
	              Index Cond: ((id >= 241307) AND (id <= 242306))

table 5 : explain SELECT c FROM sbtest5 WHERE id BETWEEN 47438 AND 48437 ORDER BY c
	Sort  (cost=3727.46..3729.84 rows=952 width=121)
	  Sort Key: c
	  ->  Bitmap Heap Scan on sbtest5  (cost=22.19..3680.36 rows=952 width=121)
	        Recheck Cond: ((id >= 47438) AND (id <= 48437))
	        ->  Bitmap Index Scan on sbtest5_pkey  (cost=0.00..21.95 rows=952 width=0)
	              Index Cond: ((id >= 47438) AND (id <= 48437))

table 6 : explain SELECT c FROM sbtest6 WHERE id BETWEEN 5660411 AND 5661410 ORDER BY c
	Sort  (cost=4362.56..4365.36 rows=1118 width=121)
	  Sort Key: c
	  ->  Bitmap Heap Scan on sbtest6  (cost=27.89..4305.95 rows=1118 width=121)
	        Recheck Cond: ((id >= 5660411) AND (id <= 5661410))
	        ->  Bitmap Index Scan on sbtest6_pkey  (cost=0.00..27.61 rows=1118 width=0)
	              Index Cond: ((id >= 5660411) AND (id <= 5661410))

table 7 : explain SELECT c FROM sbtest7 WHERE id BETWEEN 1629788 AND 1630787 ORDER BY c
	Sort  (cost=3819.96..3822.40 rows=976 width=121)
	  Sort Key: c
	  ->  Bitmap Heap Scan on sbtest7  (cost=22.44..3771.50 rows=976 width=121)
	        Recheck Cond: ((id >= 1629788) AND (id <= 1630787))
	        ->  Bitmap Index Scan on sbtest7_pkey  (cost=0.00..22.19 rows=976 width=0)
	              Index Cond: ((id >= 1629788) AND (id <= 1630787))

table 8 : explain SELECT c FROM sbtest8 WHERE id BETWEEN 2935129 AND 2936128 ORDER BY c
	Sort  (cost=3774.06..3776.47 rows=964 width=121)
	  Sort Key: c
	  ->  Bitmap Heap Scan on sbtest8  (cost=22.32..3726.28 rows=964 width=121)
	        Recheck Cond: ((id >= 2935129) AND (id <= 2936128))
	        ->  Bitmap Index Scan on sbtest8_pkey  (cost=0.00..22.07 rows=964 width=0)
	              Index Cond: ((id >= 2935129) AND (id <= 2936128))

for: simple_ranges
table 1 : explain SELECT c FROM sbtest1 WHERE id BETWEEN 5090950 AND 5091949
	Bitmap Heap Scan on sbtest1  (cost=22.96..3960.77 rows=1027 width=121)
	  Recheck Cond: ((id >= 5090950) AND (id <= 5091949))
	  ->  Bitmap Index Scan on sbtest1_pkey  (cost=0.00..22.70 rows=1027 width=0)
	        Index Cond: ((id >= 5090950) AND (id <= 5091949))

table 2 : explain SELECT c FROM sbtest2 WHERE id BETWEEN 6067264 AND 6068263
	Bitmap Heap Scan on sbtest2  (cost=22.73..3875.29 rows=1004 width=121)
	  Recheck Cond: ((id >= 6067264) AND (id <= 6068263))
	  ->  Bitmap Index Scan on sbtest2_pkey  (cost=0.00..22.47 rows=1004 width=0)
	        Index Cond: ((id >= 6067264) AND (id <= 6068263))

table 3 : explain SELECT c FROM sbtest3 WHERE id BETWEEN 7566516 AND 7567515
	Bitmap Heap Scan on sbtest3  (cost=28.08..4371.50 rows=1136 width=121)
	  Recheck Cond: ((id >= 7566516) AND (id <= 7567515))
	  ->  Bitmap Index Scan on sbtest3_pkey  (cost=0.00..27.79 rows=1136 width=0)
	        Index Cond: ((id >= 7566516) AND (id <= 7567515))

table 4 : explain SELECT c FROM sbtest4 WHERE id BETWEEN 2412146 AND 2413145
	Bitmap Heap Scan on sbtest4  (cost=22.67..3857.40 rows=999 width=121)
	  Recheck Cond: ((id >= 2412146) AND (id <= 2413145))
	  ->  Bitmap Index Scan on sbtest4_pkey  (cost=0.00..22.43 rows=999 width=0)
	        Index Cond: ((id >= 2412146) AND (id <= 2413145))

table 5 : explain SELECT c FROM sbtest5 WHERE id BETWEEN 1686049 AND 1687048
	Bitmap Heap Scan on sbtest5  (cost=22.16..3669.04 rows=949 width=121)
	  Recheck Cond: ((id >= 1686049) AND (id <= 1687048))
	  ->  Bitmap Index Scan on sbtest5_pkey  (cost=0.00..21.93 rows=949 width=0)
	        Index Cond: ((id >= 1686049) AND (id <= 1687048))

table 6 : explain SELECT c FROM sbtest6 WHERE id BETWEEN 5528822 AND 5529821
	Bitmap Heap Scan on sbtest6  (cost=22.57..3820.55 rows=989 width=121)
	  Recheck Cond: ((id >= 5528822) AND (id <= 5529821))
	  ->  Bitmap Index Scan on sbtest6_pkey  (cost=0.00..22.32 rows=989 width=0)
	        Index Cond: ((id >= 5528822) AND (id <= 5529821))

table 7 : explain SELECT c FROM sbtest7 WHERE id BETWEEN 1724848 AND 1725847
	Bitmap Heap Scan on sbtest7  (cost=21.55..3442.96 rows=889 width=121)
	  Recheck Cond: ((id >= 1724848) AND (id <= 1725847))
	  ->  Bitmap Index Scan on sbtest7_pkey  (cost=0.00..21.32 rows=889 width=0)
	        Index Cond: ((id >= 1724848) AND (id <= 1725847))

table 8 : explain SELECT c FROM sbtest8 WHERE id BETWEEN 1209500 AND 1210499
	Bitmap Heap Scan on sbtest8  (cost=23.13..4023.88 rows=1043 width=121)
	  Recheck Cond: ((id >= 1209500) AND (id <= 1210499))
	  ->  Bitmap Index Scan on sbtest8_pkey  (cost=0.00..22.86 rows=1043 width=0)
	        Index Cond: ((id >= 1209500) AND (id <= 1210499))

for: simple_ranges
table 1 : explain SELECT c FROM sbtest1 WHERE id BETWEEN 6897033 AND 6898032
	Bitmap Heap Scan on sbtest1  (cost=22.87..3926.93 rows=1018 width=121)
	  Recheck Cond: ((id >= 6897033) AND (id <= 6898032))
	  ->  Bitmap Index Scan on sbtest1_pkey  (cost=0.00..22.61 rows=1018 width=0)
	        Index Cond: ((id >= 6897033) AND (id <= 6898032))

table 2 : explain SELECT c FROM sbtest2 WHERE id BETWEEN 342615 AND 343614
	Bitmap Heap Scan on sbtest2  (cost=22.80..3901.63 rows=1011 width=121)
	  Recheck Cond: ((id >= 342615) AND (id <= 343614))
	  ->  Bitmap Index Scan on sbtest2_pkey  (cost=0.00..22.54 rows=1011 width=0)
	        Index Cond: ((id >= 342615) AND (id <= 343614))

table 3 : explain SELECT c FROM sbtest3 WHERE id BETWEEN 3853221 AND 3854220
	Bitmap Heap Scan on sbtest3  (cost=23.17..4037.18 rows=1047 width=121)
	  Recheck Cond: ((id >= 3853221) AND (id <= 3854220))
	  ->  Bitmap Index Scan on sbtest3_pkey  (cost=0.00..22.90 rows=1047 width=0)
	        Index Cond: ((id >= 3853221) AND (id <= 3854220))

table 4 : explain SELECT c FROM sbtest4 WHERE id BETWEEN 9281923 AND 9282922
	Bitmap Heap Scan on sbtest4  (cost=22.01..3612.31 rows=934 width=121)
	  Recheck Cond: ((id >= 9281923) AND (id <= 9282922))
	  ->  Bitmap Index Scan on sbtest4_pkey  (cost=0.00..21.77 rows=934 width=0)
	        Index Cond: ((id >= 9281923) AND (id <= 9282922))

table 5 : explain SELECT c FROM sbtest5 WHERE id BETWEEN 2125214 AND 2126213
	Bitmap Heap Scan on sbtest5  (cost=21.95..3589.78 rows=928 width=121)
	  Recheck Cond: ((id >= 2125214) AND (id <= 2126213))
	  ->  Bitmap Index Scan on sbtest5_pkey  (cost=0.00..21.71 rows=928 width=0)
	        Index Cond: ((id >= 2125214) AND (id <= 2126213))

table 6 : explain SELECT c FROM sbtest6 WHERE id BETWEEN 1539635 AND 1540634
	Bitmap Heap Scan on sbtest6  (cost=23.02..3986.26 rows=1033 width=121)
	  Recheck Cond: ((id >= 1539635) AND (id <= 1540634))
	  ->  Bitmap Index Scan on sbtest6_pkey  (cost=0.00..22.76 rows=1033 width=0)
	        Index Cond: ((id >= 1539635) AND (id <= 1540634))

table 7 : explain SELECT c FROM sbtest7 WHERE id BETWEEN 1816180 AND 1817179
	Bitmap Heap Scan on sbtest7  (cost=21.55..3442.96 rows=889 width=121)
	  Recheck Cond: ((id >= 1816180) AND (id <= 1817179))
	  ->  Bitmap Index Scan on sbtest7_pkey  (cost=0.00..21.32 rows=889 width=0)
	        Index Cond: ((id >= 1816180) AND (id <= 1817179))

table 8 : explain SELECT c FROM sbtest8 WHERE id BETWEEN 502192 AND 503191
	Bitmap Heap Scan on sbtest8  (cost=21.70..3499.71 rows=904 width=121)
	  Recheck Cond: ((id >= 502192) AND (id <= 503191))
	  ->  Bitmap Index Scan on sbtest8_pkey  (cost=0.00..21.47 rows=904 width=0)
	        Index Cond: ((id >= 502192) AND (id <= 503191))

for: order_ranges
table 1 : explain SELECT c FROM sbtest1 WHERE id BETWEEN 2534645 AND 2535644 ORDER BY c
	Sort  (cost=4477.20..4480.07 rows=1149 width=121)
	  Sort Key: c
	  ->  Bitmap Heap Scan on sbtest1  (cost=28.21..4418.80 rows=1149 width=121)
	        Recheck Cond: ((id >= 2534645) AND (id <= 2535644))
	        ->  Bitmap Index Scan on sbtest1_pkey  (cost=0.00..27.93 rows=1149 width=0)
	              Index Cond: ((id >= 2534645) AND (id <= 2535644))

table 2 : explain SELECT c FROM sbtest2 WHERE id BETWEEN 7562174 AND 7563173 ORDER BY c
	Sort  (cost=4310.96..4313.72 rows=1105 width=121)
	  Sort Key: c
	  ->  Bitmap Heap Scan on sbtest2  (cost=27.76..4255.10 rows=1105 width=121)
	        Recheck Cond: ((id >= 7562174) AND (id <= 7563173))
	        ->  Bitmap Index Scan on sbtest2_pkey  (cost=0.00..27.48 rows=1105 width=0)
	              Index Cond: ((id >= 7562174) AND (id <= 7563173))

table 3 : explain SELECT c FROM sbtest3 WHERE id BETWEEN 9979882 AND 9980881 ORDER BY c
	Sort  (cost=3419.94..3422.12 rows=872 width=121)
	  Sort Key: c
	  ->  Bitmap Heap Scan on sbtest3  (cost=21.37..3377.35 rows=872 width=121)
	        Recheck Cond: ((id >= 9979882) AND (id <= 9980881))
	        ->  Bitmap Index Scan on sbtest3_pkey  (cost=0.00..21.15 rows=872 width=0)
	              Index Cond: ((id >= 9979882) AND (id <= 9980881))

table 4 : explain SELECT c FROM sbtest4 WHERE id BETWEEN 3631363 AND 3632362 ORDER BY c
	Sort  (cost=4124.90..4127.54 rows=1056 width=121)
	  Sort Key: c
	  ->  Bitmap Heap Scan on sbtest4  (cost=23.26..4071.87 rows=1056 width=121)
	        Recheck Cond: ((id >= 3631363) AND (id <= 3632362))
	        ->  Bitmap Index Scan on sbtest4_pkey  (cost=0.00..23.00 rows=1056 width=0)
	              Index Cond: ((id >= 3631363) AND (id <= 3632362))

table 5 : explain SELECT c FROM sbtest5 WHERE id BETWEEN 8884411 AND 8885410 ORDER BY c
	Sort  (cost=3704.48..3706.85 rows=946 width=121)
	  Sort Key: c
	  ->  Bitmap Heap Scan on sbtest5  (cost=22.13..3657.72 rows=946 width=121)
	        Recheck Cond: ((id >= 8884411) AND (id <= 8885410))
	        ->  Bitmap Index Scan on sbtest5_pkey  (cost=0.00..21.89 rows=946 width=0)
	              Index Cond: ((id >= 8884411) AND (id <= 8885410))

table 6 : explain SELECT c FROM sbtest6 WHERE id BETWEEN 8747491 AND 8748490 ORDER BY c
	Sort  (cost=4282.43..4285.17 rows=1096 width=121)
	  Sort Key: c
	  ->  Bitmap Heap Scan on sbtest6  (cost=27.67..4227.09 rows=1096 width=121)
	        Recheck Cond: ((id >= 8747491) AND (id <= 8748490))
	        ->  Bitmap Index Scan on sbtest6_pkey  (cost=0.00..27.39 rows=1096 width=0)
	              Index Cond: ((id >= 8747491) AND (id <= 8748490))

table 7 : explain SELECT c FROM sbtest7 WHERE id BETWEEN 6468013 AND 6469012 ORDER BY c
	Sort  (cost=4076.12..4078.73 rows=1043 width=121)
	  Sort Key: c
	  ->  Bitmap Heap Scan on sbtest7  (cost=23.13..4023.83 rows=1043 width=121)
	        Recheck Cond: ((id >= 6468013) AND (id <= 6469012))
	        ->  Bitmap Index Scan on sbtest7_pkey  (cost=0.00..22.86 rows=1043 width=0)
	              Index Cond: ((id >= 6468013) AND (id <= 6469012))

table 8 : explain SELECT c FROM sbtest8 WHERE id BETWEEN 2862252 AND 2863251 ORDER BY c
	Sort  (cost=3950.06..3952.59 rows=1010 width=121)
	  Sort Key: c
	  ->  Bitmap Heap Scan on sbtest8  (cost=22.79..3899.66 rows=1010 width=121)
	        Recheck Cond: ((id >= 2862252) AND (id <= 2863251))
	        ->  Bitmap Index Scan on sbtest8_pkey  (cost=0.00..22.54 rows=1010 width=0)
	              Index Cond: ((id >= 2862252) AND (id <= 2863251))

for: order_ranges
table 1 : explain SELECT c FROM sbtest1 WHERE id BETWEEN 82882 AND 83881 ORDER BY c
	Sort  (cost=3970.15..3972.69 rows=1016 width=121)
	  Sort Key: c
	  ->  Bitmap Heap Scan on sbtest1  (cost=22.85..3919.41 rows=1016 width=121)
	        Recheck Cond: ((id >= 82882) AND (id <= 83881))
	        ->  Bitmap Index Scan on sbtest1_pkey  (cost=0.00..22.59 rows=1016 width=0)
	              Index Cond: ((id >= 82882) AND (id <= 83881))

table 2 : explain SELECT c FROM sbtest2 WHERE id BETWEEN 1941480 AND 1942479 ORDER BY c
	Sort  (cost=4135.33..4137.98 rows=1059 width=121)
	  Sort Key: c
	  ->  Bitmap Heap Scan on sbtest2  (cost=23.29..4082.13 rows=1059 width=121)
	        Recheck Cond: ((id >= 1941480) AND (id <= 1942479))
	        ->  Bitmap Index Scan on sbtest2_pkey  (cost=0.00..23.02 rows=1059 width=0)
	              Index Cond: ((id >= 1941480) AND (id <= 1942479))

table 3 : explain SELECT c FROM sbtest3 WHERE id BETWEEN 8608994 AND 8609993 ORDER BY c
	Sort  (cost=4196.50..4199.19 rows=1075 width=121)
	  Sort Key: c
	  ->  Bitmap Heap Scan on sbtest3  (cost=23.45..4142.38 rows=1075 width=121)
	        Recheck Cond: ((id >= 8608994) AND (id <= 8609993))
	        ->  Bitmap Index Scan on sbtest3_pkey  (cost=0.00..23.18 rows=1075 width=0)
	              Index Cond: ((id >= 8608994) AND (id <= 8609993))

table 4 : explain SELECT c FROM sbtest4 WHERE id BETWEEN 510860 AND 511859 ORDER BY c
	Sort  (cost=3570.23..3572.51 rows=911 width=121)
	  Sort Key: c
	  ->  Bitmap Heap Scan on sbtest4  (cost=21.77..3525.45 rows=911 width=121)
	        Recheck Cond: ((id >= 510860) AND (id <= 511859))
	        ->  Bitmap Index Scan on sbtest4_pkey  (cost=0.00..21.54 rows=911 width=0)
	              Index Cond: ((id >= 510860) AND (id <= 511859))

table 5 : explain SELECT c FROM sbtest5 WHERE id BETWEEN 4561582 AND 4562581 ORDER BY c
	Sort  (cost=4075.42..4078.03 rows=1043 width=121)
	  Sort Key: c
	  ->  Bitmap Heap Scan on sbtest5  (cost=23.13..4023.14 rows=1043 width=121)
	        Recheck Cond: ((id >= 4561582) AND (id <= 4562581))
	        ->  Bitmap Index Scan on sbtest5_pkey  (cost=0.00..22.86 rows=1043 width=0)
	              Index Cond: ((id >= 4561582) AND (id <= 4562581))

table 6 : explain SELECT c FROM sbtest6 WHERE id BETWEEN 3939950 AND 3940949 ORDER BY c
	Sort  (cost=3770.24..3772.65 rows=963 width=121)
	  Sort Key: c
	  ->  Bitmap Heap Scan on sbtest6  (cost=22.31..3722.52 rows=963 width=121)
	        Recheck Cond: ((id >= 3939950) AND (id <= 3940949))
	        ->  Bitmap Index Scan on sbtest6_pkey  (cost=0.00..22.07 rows=963 width=0)
	              Index Cond: ((id >= 3939950) AND (id <= 3940949))

table 7 : explain SELECT c FROM sbtest7 WHERE id BETWEEN 6286578 AND 6287577 ORDER BY c
	Sort  (cost=4041.74..4044.33 rows=1034 width=121)
	  Sort Key: c
	  ->  Bitmap Heap Scan on sbtest7  (cost=23.03..3989.97 rows=1034 width=121)
	        Recheck Cond: ((id >= 6286578) AND (id <= 6287577))
	        ->  Bitmap Index Scan on sbtest7_pkey  (cost=0.00..22.77 rows=1034 width=0)
	              Index Cond: ((id >= 6286578) AND (id <= 6287577))

table 8 : explain SELECT c FROM sbtest8 WHERE id BETWEEN 551708 AND 552707 ORDER BY c
	Sort  (cost=4037.96..4040.55 rows=1033 width=121)
	  Sort Key: c
	  ->  Bitmap Heap Scan on sbtest8  (cost=23.02..3986.25 rows=1033 width=121)
	        Recheck Cond: ((id >= 551708) AND (id <= 552707))
	        ->  Bitmap Index Scan on sbtest8_pkey  (cost=0.00..22.76 rows=1033 width=0)
	              Index Cond: ((id >= 551708) AND (id <= 552707))

for: sum_ranges
table 1 : explain SELECT SUM(k) FROM sbtest1 WHERE id BETWEEN 1929866 AND 1930865
	Aggregate  (cost=4361.70..4361.71 rows=1 width=8)
	  ->  Bitmap Heap Scan on sbtest1  (cost=28.05..4358.87 rows=1133 width=4)
	        Recheck Cond: ((id >= 1929866) AND (id <= 1930865))
	        ->  Bitmap Index Scan on sbtest1_pkey  (cost=0.00..27.76 rows=1133 width=0)
	              Index Cond: ((id >= 1929866) AND (id <= 1930865))

table 2 : explain SELECT SUM(k) FROM sbtest2 WHERE id BETWEEN 5857513 AND 5858512
	Aggregate  (cost=3428.61..3428.62 rows=1 width=8)
	  ->  Bitmap Heap Scan on sbtest2  (cost=21.51..3426.40 rows=885 width=4)
	        Recheck Cond: ((id >= 5857513) AND (id <= 5858512))
	        ->  Bitmap Index Scan on sbtest2_pkey  (cost=0.00..21.29 rows=885 width=0)
	              Index Cond: ((id >= 5857513) AND (id <= 5858512))

table 3 : explain SELECT SUM(k) FROM sbtest3 WHERE id BETWEEN 7055306 AND 7056305
	Aggregate  (cost=3779.95..3779.96 rows=1 width=8)
	  ->  Bitmap Heap Scan on sbtest3  (cost=22.46..3777.50 rows=978 width=4)
	        Recheck Cond: ((id >= 7055306) AND (id <= 7056305))
	        ->  Bitmap Index Scan on sbtest3_pkey  (cost=0.00..22.21 rows=978 width=0)
	              Index Cond: ((id >= 7055306) AND (id <= 7056305))

table 4 : explain SELECT SUM(k) FROM sbtest4 WHERE id BETWEEN 4157012 AND 4158011
	Aggregate  (cost=3912.65..3912.66 rows=1 width=8)
	  ->  Bitmap Heap Scan on sbtest4  (cost=22.82..3910.11 rows=1013 width=4)
	        Recheck Cond: ((id >= 4157012) AND (id <= 4158011))
	        ->  Bitmap Index Scan on sbtest4_pkey  (cost=0.00..22.57 rows=1013 width=0)
	              Index Cond: ((id >= 4157012) AND (id <= 4158011))

table 5 : explain SELECT SUM(k) FROM sbtest5 WHERE id BETWEEN 6417414 AND 6418413
	Aggregate  (cost=3792.17..3792.18 rows=1 width=8)
	  ->  Bitmap Heap Scan on sbtest5  (cost=22.49..3789.71 rows=981 width=4)
	        Recheck Cond: ((id >= 6417414) AND (id <= 6418413))
	        ->  Bitmap Index Scan on sbtest5_pkey  (cost=0.00..22.25 rows=981 width=0)
	              Index Cond: ((id >= 6417414) AND (id <= 6418413))

table 6 : explain SELECT SUM(k) FROM sbtest6 WHERE id BETWEEN 8842542 AND 8843541
	Aggregate  (cost=3811.71..3811.72 rows=1 width=8)
	  ->  Bitmap Heap Scan on sbtest6  (cost=22.54..3809.24 rows=986 width=4)
	        Recheck Cond: ((id >= 8842542) AND (id <= 8843541))
	        ->  Bitmap Index Scan on sbtest6_pkey  (cost=0.00..22.29 rows=986 width=0)
	              Index Cond: ((id >= 8842542) AND (id <= 8843541))

table 7 : explain SELECT SUM(k) FROM sbtest7 WHERE id BETWEEN 2970124 AND 2971123
	Aggregate  (cost=4026.44..4026.45 rows=1 width=8)
	  ->  Bitmap Heap Scan on sbtest7  (cost=23.13..4023.83 rows=1043 width=4)
	        Recheck Cond: ((id >= 2970124) AND (id <= 2971123))
	        ->  Bitmap Index Scan on sbtest7_pkey  (cost=0.00..22.86 rows=1043 width=0)
	              Index Cond: ((id >= 2970124) AND (id <= 2971123))

table 8 : explain SELECT SUM(k) FROM sbtest8 WHERE id BETWEEN 7684909 AND 7685908
	Aggregate  (cost=4101.75..4101.76 rows=1 width=8)
	  ->  Bitmap Heap Scan on sbtest8  (cost=23.33..4099.09 rows=1063 width=4)
	        Recheck Cond: ((id >= 7684909) AND (id <= 7685908))
	        ->  Bitmap Index Scan on sbtest8_pkey  (cost=0.00..23.07 rows=1063 width=0)
	              Index Cond: ((id >= 7684909) AND (id <= 7685908))

for: distinct_ranges
table 1 : explain SELECT DISTINCT c FROM sbtest1 WHERE id BETWEEN 962920 AND 963919 ORDER BY c
	Unique  (cost=3794.37..3799.22 rows=970 width=121)
	  ->  Sort  (cost=3794.37..3796.80 rows=970 width=121)
	        Sort Key: c
	        ->  Bitmap Heap Scan on sbtest1  (cost=22.38..3746.25 rows=970 width=121)
	              Recheck Cond: ((id >= 962920) AND (id <= 963919))
	              ->  Bitmap Index Scan on sbtest1_pkey  (cost=0.00..22.14 rows=970 width=0)
	                    Index Cond: ((id >= 962920) AND (id <= 963919))

table 2 : explain SELECT DISTINCT c FROM sbtest2 WHERE id BETWEEN 8283648 AND 8284647 ORDER BY c
	Unique  (cost=4112.44..4117.71 rows=1053 width=121)
	  ->  Sort  (cost=4112.44..4115.07 rows=1053 width=121)
	        Sort Key: c
	        ->  Bitmap Heap Scan on sbtest2  (cost=23.23..4059.58 rows=1053 width=121)
	              Recheck Cond: ((id >= 8283648) AND (id <= 8284647))
	              ->  Bitmap Index Scan on sbtest2_pkey  (cost=0.00..22.96 rows=1053 width=0)
	                    Index Cond: ((id >= 8283648) AND (id <= 8284647))

table 3 : explain SELECT DISTINCT c FROM sbtest3 WHERE id BETWEEN 4529314 AND 4530313 ORDER BY c
	Unique  (cost=3646.18..3650.83 rows=931 width=121)
	  ->  Sort  (cost=3646.18..3648.50 rows=931 width=121)
	        Sort Key: c
	        ->  Bitmap Heap Scan on sbtest3  (cost=21.98..3600.26 rows=931 width=121)
	              Recheck Cond: ((id >= 4529314) AND (id <= 4530313))
	              ->  Bitmap Index Scan on sbtest3_pkey  (cost=0.00..21.75 rows=931 width=0)
	                    Index Cond: ((id >= 4529314) AND (id <= 4530313))

table 4 : explain SELECT DISTINCT c FROM sbtest4 WHERE id BETWEEN 440814 AND 441813 ORDER BY c
	Unique  (cost=3570.23..3574.79 rows=911 width=121)
	  ->  Sort  (cost=3570.23..3572.51 rows=911 width=121)
	        Sort Key: c
	        ->  Bitmap Heap Scan on sbtest4  (cost=21.77..3525.45 rows=911 width=121)
	              Recheck Cond: ((id >= 440814) AND (id <= 441813))
	              ->  Bitmap Index Scan on sbtest4_pkey  (cost=0.00..21.54 rows=911 width=0)
	                    Index Cond: ((id >= 440814) AND (id <= 441813))

table 5 : explain SELECT DISTINCT c FROM sbtest5 WHERE id BETWEEN 9147160 AND 9148159 ORDER BY c
	Unique  (cost=3735.12..3739.89 rows=954 width=121)
	  ->  Sort  (cost=3735.12..3737.50 rows=954 width=121)
	        Sort Key: c
	        ->  Bitmap Heap Scan on sbtest5  (cost=22.21..3687.91 rows=954 width=121)
	              Recheck Cond: ((id >= 9147160) AND (id <= 9148159))
	              ->  Bitmap Index Scan on sbtest5_pkey  (cost=0.00..21.97 rows=954 width=0)
	                    Index Cond: ((id >= 9147160) AND (id <= 9148159))

table 6 : explain SELECT DISTINCT c FROM sbtest6 WHERE id BETWEEN 1612750 AND 1613749 ORDER BY c
	Unique  (cost=4037.97..4043.14 rows=1033 width=121)
	  ->  Sort  (cost=4037.97..4040.56 rows=1033 width=121)
	        Sort Key: c
	        ->  Bitmap Heap Scan on sbtest6  (cost=23.02..3986.26 rows=1033 width=121)
	              Recheck Cond: ((id >= 1612750) AND (id <= 1613749))
	              ->  Bitmap Index Scan on sbtest6_pkey  (cost=0.00..22.76 rows=1033 width=0)
	                    Index Cond: ((id >= 1612750) AND (id <= 1613749))

table 7 : explain SELECT DISTINCT c FROM sbtest7 WHERE id BETWEEN 4362176 AND 4363175 ORDER BY c
	Unique  (cost=4003.54..4008.66 rows=1024 width=121)
	  ->  Sort  (cost=4003.54..4006.10 rows=1024 width=121)
	        Sort Key: c
	        ->  Bitmap Heap Scan on sbtest7  (cost=22.93..3952.34 rows=1024 width=121)
	              Recheck Cond: ((id >= 4362176) AND (id <= 4363175))
	              ->  Bitmap Index Scan on sbtest7_pkey  (cost=0.00..22.68 rows=1024 width=0)
	                    Index Cond: ((id >= 4362176) AND (id <= 4363175))

table 8 : explain SELECT DISTINCT c FROM sbtest8 WHERE id BETWEEN 894771 AND 895770 ORDER BY c
	Unique  (cost=3992.11..3997.21 rows=1021 width=121)
	  ->  Sort  (cost=3992.11..3994.66 rows=1021 width=121)
	        Sort Key: c
	        ->  Bitmap Heap Scan on sbtest8  (cost=22.90..3941.08 rows=1021 width=121)
	              Recheck Cond: ((id >= 894771) AND (id <= 895770))
	              ->  Bitmap Index Scan on sbtest8_pkey  (cost=0.00..22.64 rows=1021 width=0)
	                    Index Cond: ((id >= 894771) AND (id <= 895770))

for: sum_ranges
table 1 : explain SELECT SUM(k) FROM sbtest1 WHERE id BETWEEN 9559613 AND 9560612
	Aggregate  (cost=3710.97..3710.98 rows=1 width=8)
	  ->  Bitmap Heap Scan on sbtest1  (cost=22.27..3708.57 rows=960 width=4)
	        Recheck Cond: ((id >= 9559613) AND (id <= 9560612))
	        ->  Bitmap Index Scan on sbtest1_pkey  (cost=0.00..22.04 rows=960 width=0)
	              Index Cond: ((id >= 9559613) AND (id <= 9560612))

table 2 : explain SELECT SUM(k) FROM sbtest2 WHERE id BETWEEN 2723749 AND 2724748
	Aggregate  (cost=3787.35..3787.36 rows=1 width=8)
	  ->  Bitmap Heap Scan on sbtest2  (cost=22.48..3784.90 rows=980 width=4)
	        Recheck Cond: ((id >= 2723749) AND (id <= 2724748))
	        ->  Bitmap Index Scan on sbtest2_pkey  (cost=0.00..22.23 rows=980 width=0)
	              Index Cond: ((id >= 2723749) AND (id <= 2724748))

table 3 : explain SELECT SUM(k) FROM sbtest3 WHERE id BETWEEN 5827279 AND 5828278
	Aggregate  (cost=3987.12..3987.13 rows=1 width=8)
	  ->  Bitmap Heap Scan on sbtest3  (cost=23.02..3984.54 rows=1033 width=4)
	        Recheck Cond: ((id >= 5827279) AND (id <= 5828278))
	        ->  Bitmap Index Scan on sbtest3_pkey  (cost=0.00..22.76 rows=1033 width=0)
	              Index Cond: ((id >= 5827279) AND (id <= 5828278))

table 4 : explain SELECT SUM(k) FROM sbtest4 WHERE id BETWEEN 7882465 AND 7883464
	Aggregate  (cost=3644.86..3644.87 rows=1 width=8)
	  ->  Bitmap Heap Scan on sbtest4  (cost=22.09..3642.50 rows=942 width=4)
	        Recheck Cond: ((id >= 7882465) AND (id <= 7883464))
	        ->  Bitmap Index Scan on sbtest4_pkey  (cost=0.00..21.86 rows=942 width=0)
	              Index Cond: ((id >= 7882465) AND (id <= 7883464))

table 5 : explain SELECT SUM(k) FROM sbtest5 WHERE id BETWEEN 229170 AND 230169
	Aggregate  (cost=3773.31..3773.32 rows=1 width=8)
	  ->  Bitmap Heap Scan on sbtest5  (cost=22.44..3770.87 rows=976 width=4)
	        Recheck Cond: ((id >= 229170) AND (id <= 230169))
	        ->  Bitmap Index Scan on sbtest5_pkey  (cost=0.00..22.19 rows=976 width=0)
	              Index Cond: ((id >= 229170) AND (id <= 230169))

table 6 : explain SELECT SUM(k) FROM sbtest6 WHERE id BETWEEN 3729881 AND 3730880
	Aggregate  (cost=3823.02..3823.03 rows=1 width=8)
	  ->  Bitmap Heap Scan on sbtest6  (cost=22.57..3820.55 rows=989 width=4)
	        Recheck Cond: ((id >= 3729881) AND (id <= 3730880))
	        ->  Bitmap Index Scan on sbtest6_pkey  (cost=0.00..22.32 rows=989 width=0)
	              Index Cond: ((id >= 3729881) AND (id <= 3730880))

table 7 : explain SELECT SUM(k) FROM sbtest7 WHERE id BETWEEN 1355773 AND 1356772
	Aggregate  (cost=3732.43..3732.44 rows=1 width=8)
	  ->  Bitmap Heap Scan on sbtest7  (cost=22.33..3730.02 rows=965 width=4)
	        Recheck Cond: ((id >= 1355773) AND (id <= 1356772))
	        ->  Bitmap Index Scan on sbtest7_pkey  (cost=0.00..22.08 rows=965 width=0)
	              Index Cond: ((id >= 1355773) AND (id <= 1356772))

table 8 : explain SELECT SUM(k) FROM sbtest8 WHERE id BETWEEN 8340553 AND 8341552
	Aggregate  (cost=3970.00..3970.01 rows=1 width=8)
	  ->  Bitmap Heap Scan on sbtest8  (cost=22.97..3967.43 rows=1028 width=4)
	        Recheck Cond: ((id >= 8340553) AND (id <= 8341552))
	        ->  Bitmap Index Scan on sbtest8_pkey  (cost=0.00..22.71 rows=1028 width=0)
	              Index Cond: ((id >= 8340553) AND (id <= 8341552))

for: distinct_ranges
table 1 : explain SELECT DISTINCT c FROM sbtest1 WHERE id BETWEEN 2013691 AND 2014690 ORDER BY c
	Unique  (cost=3832.61..3837.51 rows=980 width=121)
	  ->  Sort  (cost=3832.61..3835.06 rows=980 width=121)
	        Sort Key: c
	        ->  Bitmap Heap Scan on sbtest1  (cost=22.48..3783.92 rows=980 width=121)
	              Recheck Cond: ((id >= 2013691) AND (id <= 2014690))
	              ->  Bitmap Index Scan on sbtest1_pkey  (cost=0.00..22.23 rows=980 width=0)
	                    Index Cond: ((id >= 2013691) AND (id <= 2014690))

table 2 : explain SELECT DISTINCT c FROM sbtest2 WHERE id BETWEEN 2190372 AND 2191371 ORDER BY c
	Unique  (cost=3848.89..3853.81 rows=984 width=121)
	  ->  Sort  (cost=3848.89..3851.35 rows=984 width=121)
	        Sort Key: c
	        ->  Bitmap Heap Scan on sbtest2  (cost=22.52..3799.97 rows=984 width=121)
	              Recheck Cond: ((id >= 2190372) AND (id <= 2191371))
	              ->  Bitmap Index Scan on sbtest2_pkey  (cost=0.00..22.27 rows=984 width=0)
	                    Index Cond: ((id >= 2190372) AND (id <= 2191371))

table 3 : explain SELECT DISTINCT c FROM sbtest3 WHERE id BETWEEN 7490885 AND 7491884 ORDER BY c
	Unique  (cost=4024.80..4029.95 rows=1030 width=121)
	  ->  Sort  (cost=4024.80..4027.37 rows=1030 width=121)
	        Sort Key: c
	        ->  Bitmap Heap Scan on sbtest3  (cost=22.99..3973.26 rows=1030 width=121)
	              Recheck Cond: ((id >= 7490885) AND (id <= 7491884))
	              ->  Bitmap Index Scan on sbtest3_pkey  (cost=0.00..22.73 rows=1030 width=0)
	                    Index Cond: ((id >= 7490885) AND (id <= 7491884))

table 4 : explain SELECT DISTINCT c FROM sbtest4 WHERE id BETWEEN 3429382 AND 3430381 ORDER BY c
	Unique  (cost=3807.72..3812.58 rows=973 width=121)
	  ->  Sort  (cost=3807.72..3810.15 rows=973 width=121)
	        Sort Key: c
	        ->  Bitmap Heap Scan on sbtest4  (cost=22.41..3759.43 rows=973 width=121)
	              Recheck Cond: ((id >= 3429382) AND (id <= 3430381))
	              ->  Bitmap Index Scan on sbtest4_pkey  (cost=0.00..22.16 rows=973 width=0)
	                    Index Cond: ((id >= 3429382) AND (id <= 3430381))

table 5 : explain SELECT DISTINCT c FROM sbtest5 WHERE id BETWEEN 7559655 AND 7560654 ORDER BY c
	Unique  (cost=3643.18..3647.83 rows=930 width=121)
	  ->  Sort  (cost=3643.18..3645.51 rows=930 width=121)
	        Sort Key: c
	        ->  Bitmap Heap Scan on sbtest5  (cost=21.97..3597.33 rows=930 width=121)
	              Recheck Cond: ((id >= 7559655) AND (id <= 7560654))
	              ->  Bitmap Index Scan on sbtest5_pkey  (cost=0.00..21.73 rows=930 width=0)
	                    Index Cond: ((id >= 7559655) AND (id <= 7560654))

table 6 : explain SELECT DISTINCT c FROM sbtest6 WHERE id BETWEEN 6170749 AND 6171748 ORDER BY c
	Unique  (cost=3888.88..3893.85 rows=994 width=121)
	  ->  Sort  (cost=3888.88..3891.37 rows=994 width=121)
	        Sort Key: c
	        ->  Bitmap Heap Scan on sbtest6  (cost=22.62..3839.39 rows=994 width=121)
	              Recheck Cond: ((id >= 6170749) AND (id <= 6171748))
	              ->  Bitmap Index Scan on sbtest6_pkey  (cost=0.00..22.37 rows=994 width=0)
	                    Index Cond: ((id >= 6170749) AND (id <= 6171748))

table 7 : explain SELECT DISTINCT c FROM sbtest7 WHERE id BETWEEN 4111476 AND 4112475 ORDER BY c
	Unique  (cost=3701.25..3705.98 rows=945 width=121)
	  ->  Sort  (cost=3701.25..3703.62 rows=945 width=121)
	        Sort Key: c
	        ->  Bitmap Heap Scan on sbtest7  (cost=22.12..3654.55 rows=945 width=121)
	              Recheck Cond: ((id >= 4111476) AND (id <= 4112475))
	              ->  Bitmap Index Scan on sbtest7_pkey  (cost=0.00..21.89 rows=945 width=0)
	                    Index Cond: ((id >= 4111476) AND (id <= 4112475))

table 8 : explain SELECT DISTINCT c FROM sbtest8 WHERE id BETWEEN 2734462 AND 2735461 ORDER BY c
	Unique  (cost=3869.75..3874.69 rows=989 width=121)
	  ->  Sort  (cost=3869.75..3872.22 rows=989 width=121)
	        Sort Key: c
	        ->  Bitmap Heap Scan on sbtest8  (cost=22.57..3820.54 rows=989 width=121)
	              Recheck Cond: ((id >= 2734462) AND (id <= 2735461))
	              ->  Bitmap Index Scan on sbtest8_pkey  (cost=0.00..22.32 rows=989 width=0)
	                    Index Cond: ((id >= 2734462) AND (id <= 2735461))

for: sum_ranges
table 1 : explain SELECT SUM(k) FROM sbtest1 WHERE id BETWEEN 9969286 AND 9970285
	Aggregate  (cost=4290.45..4290.46 rows=1 width=8)
	  ->  Bitmap Heap Scan on sbtest1  (cost=27.85..4287.66 rows=1114 width=4)
	        Recheck Cond: ((id >= 9969286) AND (id <= 9970285))
	        ->  Bitmap Index Scan on sbtest1_pkey  (cost=0.00..27.57 rows=1114 width=0)
	              Index Cond: ((id >= 9969286) AND (id <= 9970285))

table 2 : explain SELECT SUM(k) FROM sbtest2 WHERE id BETWEEN 3098245 AND 3099244
	Aggregate  (cost=3881.56..3881.57 rows=1 width=8)
	  ->  Bitmap Heap Scan on sbtest2  (cost=22.74..3879.05 rows=1005 width=4)
	        Recheck Cond: ((id >= 3098245) AND (id <= 3099244))
	        ->  Bitmap Index Scan on sbtest2_pkey  (cost=0.00..22.48 rows=1005 width=0)
	              Index Cond: ((id >= 3098245) AND (id <= 3099244))

table 3 : explain SELECT SUM(k) FROM sbtest3 WHERE id BETWEEN 5465387 AND 5466386
	Aggregate  (cost=3885.47..3885.48 rows=1 width=8)
	  ->  Bitmap Heap Scan on sbtest3  (cost=22.75..3882.95 rows=1006 width=4)
	        Recheck Cond: ((id >= 5465387) AND (id <= 5466386))
	        ->  Bitmap Index Scan on sbtest3_pkey  (cost=0.00..22.50 rows=1006 width=0)
	              Index Cond: ((id >= 5465387) AND (id <= 5466386))

table 4 : explain SELECT SUM(k) FROM sbtest4 WHERE id BETWEEN 8773801 AND 8774800
	Aggregate  (cost=4266.46..4266.47 rows=1 width=8)
	  ->  Bitmap Heap Scan on sbtest4  (cost=27.78..4263.69 rows=1107 width=4)
	        Recheck Cond: ((id >= 8773801) AND (id <= 8774800))
	        ->  Bitmap Index Scan on sbtest4_pkey  (cost=0.00..27.50 rows=1107 width=0)
	              Index Cond: ((id >= 8773801) AND (id <= 8774800))

table 5 : explain SELECT SUM(k) FROM sbtest5 WHERE id BETWEEN 8112099 AND 8113098
	Aggregate  (cost=3826.10..3826.11 rows=1 width=8)
	  ->  Bitmap Heap Scan on sbtest5  (cost=22.58..3823.63 rows=990 width=4)
	        Recheck Cond: ((id >= 8112099) AND (id <= 8113098))
	        ->  Bitmap Index Scan on sbtest5_pkey  (cost=0.00..22.33 rows=990 width=0)
	              Index Cond: ((id >= 8112099) AND (id <= 8113098))

table 6 : explain SELECT SUM(k) FROM sbtest6 WHERE id BETWEEN 1557018 AND 1558017
	Aggregate  (cost=3988.84..3988.85 rows=1 width=8)
	  ->  Bitmap Heap Scan on sbtest6  (cost=23.02..3986.26 rows=1033 width=4)
	        Recheck Cond: ((id >= 1557018) AND (id <= 1558017))
	        ->  Bitmap Index Scan on sbtest6_pkey  (cost=0.00..22.76 rows=1033 width=0)
	              Index Cond: ((id >= 1557018) AND (id <= 1558017))

table 7 : explain SELECT SUM(k) FROM sbtest7 WHERE id BETWEEN 4329263 AND 4330262
	Aggregate  (cost=3954.90..3954.91 rows=1 width=8)
	  ->  Bitmap Heap Scan on sbtest7  (cost=22.93..3952.34 rows=1024 width=4)
	        Recheck Cond: ((id >= 4329263) AND (id <= 4330262))
	        ->  Bitmap Index Scan on sbtest7_pkey  (cost=0.00..22.68 rows=1024 width=0)
	              Index Cond: ((id >= 4329263) AND (id <= 4330262))

table 8 : explain SELECT SUM(k) FROM sbtest8 WHERE id BETWEEN 7301220 AND 7302219
	Aggregate  (cost=3747.56..3747.57 rows=1 width=8)
	  ->  Bitmap Heap Scan on sbtest8  (cost=22.37..3745.14 rows=969 width=4)
	        Recheck Cond: ((id >= 7301220) AND (id <= 7302219))
	        ->  Bitmap Index Scan on sbtest8_pkey  (cost=0.00..22.12 rows=969 width=0)
	              Index Cond: ((id >= 7301220) AND (id <= 7302219))

for: distinct_ranges
table 1 : explain SELECT DISTINCT c FROM sbtest1 WHERE id BETWEEN 1971559 AND 1972558 ORDER BY c
	Unique  (cost=4416.35..4422.01 rows=1133 width=121)
	  ->  Sort  (cost=4416.35..4419.18 rows=1133 width=121)
	        Sort Key: c
	        ->  Bitmap Heap Scan on sbtest1  (cost=28.05..4358.87 rows=1133 width=121)
	              Recheck Cond: ((id >= 1971559) AND (id <= 1972558))
	              ->  Bitmap Index Scan on sbtest1_pkey  (cost=0.00..27.76 rows=1133 width=0)
	                    Index Cond: ((id >= 1971559) AND (id <= 1972558))

table 2 : explain SELECT DISTINCT c FROM sbtest2 WHERE id BETWEEN 5792258 AND 5793257 ORDER BY c
	Unique  (cost=3990.29..3995.39 rows=1021 width=121)
	  ->  Sort  (cost=3990.29..3992.84 rows=1021 width=121)
	        Sort Key: c
	        ->  Bitmap Heap Scan on sbtest2  (cost=22.90..3939.26 rows=1021 width=121)
	              Recheck Cond: ((id >= 5792258) AND (id <= 5793257))
	              ->  Bitmap Index Scan on sbtest2_pkey  (cost=0.00..22.64 rows=1021 width=0)
	                    Index Cond: ((id >= 5792258) AND (id <= 5793257))

table 3 : explain SELECT DISTINCT c FROM sbtest3 WHERE id BETWEEN 6694669 AND 6695668 ORDER BY c
	Unique  (cost=4066.79..4072.00 rows=1041 width=121)
	  ->  Sort  (cost=4066.79..4069.40 rows=1041 width=121)
	        Sort Key: c
	        ->  Bitmap Heap Scan on sbtest3  (cost=23.11..4014.62 rows=1041 width=121)
	              Recheck Cond: ((id >= 6694669) AND (id <= 6695668))
	              ->  Bitmap Index Scan on sbtest3_pkey  (cost=0.00..22.84 rows=1041 width=0)
	                    Index Cond: ((id >= 6694669) AND (id <= 6695668))

table 4 : explain SELECT DISTINCT c FROM sbtest4 WHERE id BETWEEN 1411584 AND 1412583 ORDER BY c
	Unique  (cost=4052.37..4057.55 rows=1037 width=121)
	  ->  Sort  (cost=4052.37..4054.96 rows=1037 width=121)
	        Sort Key: c
	        ->  Bitmap Heap Scan on sbtest4  (cost=23.06..4000.42 rows=1037 width=121)
	              Recheck Cond: ((id >= 1411584) AND (id <= 1412583))
	              ->  Bitmap Index Scan on sbtest4_pkey  (cost=0.00..22.80 rows=1037 width=0)
	                    Index Cond: ((id >= 1411584) AND (id <= 1412583))

table 5 : explain SELECT DISTINCT c FROM sbtest5 WHERE id BETWEEN 3417607 AND 3418606 ORDER BY c
	Unique  (cost=3570.35..3574.90 rows=911 width=121)
	  ->  Sort  (cost=3570.35..3572.63 rows=911 width=121)
	        Sort Key: c
	        ->  Bitmap Heap Scan on sbtest5  (cost=21.77..3525.57 rows=911 width=121)
	              Recheck Cond: ((id >= 3417607) AND (id <= 3418606))
	              ->  Bitmap Index Scan on sbtest5_pkey  (cost=0.00..21.54 rows=911 width=0)
	                    Index Cond: ((id >= 3417607) AND (id <= 3418606))

table 6 : explain SELECT DISTINCT c FROM sbtest6 WHERE id BETWEEN 3263137 AND 3264136 ORDER BY c
	Unique  (cost=3425.11..3429.48 rows=873 width=121)
	  ->  Sort  (cost=3425.11..3427.30 rows=873 width=121)
	        Sort Key: c
	        ->  Bitmap Heap Scan on sbtest6  (cost=21.38..3382.47 rows=873 width=121)
	              Recheck Cond: ((id >= 3263137) AND (id <= 3264136))
	              ->  Bitmap Index Scan on sbtest6_pkey  (cost=0.00..21.16 rows=873 width=0)
	                    Index Cond: ((id >= 3263137) AND (id <= 3264136))

table 7 : explain SELECT DISTINCT c FROM sbtest7 WHERE id BETWEEN 5678438 AND 5679437 ORDER BY c
	Unique  (cost=4133.40..4138.69 rows=1058 width=121)
	  ->  Sort  (cost=4133.40..4136.04 rows=1058 width=121)
	        Sort Key: c
	        ->  Bitmap Heap Scan on sbtest7  (cost=23.28..4080.25 rows=1058 width=121)
	              Recheck Cond: ((id >= 5678438) AND (id <= 5679437))
	              ->  Bitmap Index Scan on sbtest7_pkey  (cost=0.00..23.01 rows=1058 width=0)
	                    Index Cond: ((id >= 5678438) AND (id <= 5679437))

table 8 : explain SELECT DISTINCT c FROM sbtest8 WHERE id BETWEEN 6480219 AND 6481218 ORDER BY c
	Unique  (cost=3827.65..3832.54 rows=978 width=121)
	  ->  Sort  (cost=3827.65..3830.10 rows=978 width=121)
	        Sort Key: c
	        ->  Bitmap Heap Scan on sbtest8  (cost=22.46..3779.08 rows=978 width=121)
	              Recheck Cond: ((id >= 6480219) AND (id <= 6481218))
	              ->  Bitmap Index Scan on sbtest8_pkey  (cost=0.00..22.21 rows=978 width=0)
	                    Index Cond: ((id >= 6480219) AND (id <= 6481218))

explain: for point_selects :: explain SELECT c FROM sbtest%u WHERE id=%u
for: distinct_ranges
table 1 : explain SELECT DISTINCT c FROM sbtest1 WHERE id BETWEEN 709500 AND 710499 ORDER BY c
	Unique  (cost=3878.47..3883.43 rows=992 width=121)
	  ->  Sort  (cost=3878.47..3880.95 rows=992 width=121)
	        Sort Key: c
	        ->  Bitmap Heap Scan on sbtest1  (cost=22.60..3829.10 rows=992 width=121)
	              Recheck Cond: ((id >= 709500) AND (id <= 710499))
	              ->  Bitmap Index Scan on sbtest1_pkey  (cost=0.00..22.36 rows=992 width=0)
	                    Index Cond: ((id >= 709500) AND (id <= 710499))

table 2 : explain SELECT DISTINCT c FROM sbtest2 WHERE id BETWEEN 4869707 AND 4870706 ORDER BY c
	Unique  (cost=3623.07..3627.69 rows=925 width=121)
	  ->  Sort  (cost=3623.07..3625.38 rows=925 width=121)
	        Sort Key: c
	        ->  Bitmap Heap Scan on sbtest2  (cost=21.92..3577.50 rows=925 width=121)
	              Recheck Cond: ((id >= 4869707) AND (id <= 4870706))
	              ->  Bitmap Index Scan on sbtest2_pkey  (cost=0.00..21.68 rows=925 width=0)
	                    Index Cond: ((id >= 4869707) AND (id <= 4870706))

table 3 : explain SELECT DISTINCT c FROM sbtest3 WHERE id BETWEEN 2082174 AND 2083173 ORDER BY c
	Unique  (cost=4227.01..4232.42 rows=1083 width=121)
	  ->  Sort  (cost=4227.01..4229.71 rows=1083 width=121)
	        Sort Key: c
	        ->  Bitmap Heap Scan on sbtest3  (cost=23.54..4172.42 rows=1083 width=121)
	              Recheck Cond: ((id >= 2082174) AND (id <= 2083173))
	              ->  Bitmap Index Scan on sbtest3_pkey  (cost=0.00..23.26 rows=1083 width=0)
	                    Index Cond: ((id >= 2082174) AND (id <= 2083173))

table 4 : explain SELECT DISTINCT c FROM sbtest4 WHERE id BETWEEN 275311 AND 276310 ORDER BY c
	Unique  (cost=3669.88..3674.57 rows=937 width=121)
	  ->  Sort  (cost=3669.88..3672.22 rows=937 width=121)
	        Sort Key: c
	        ->  Bitmap Heap Scan on sbtest4  (cost=22.04..3623.63 rows=937 width=121)
	              Recheck Cond: ((id >= 275311) AND (id <= 276310))
	              ->  Bitmap Index Scan on sbtest4_pkey  (cost=0.00..21.80 rows=937 width=0)
	                    Index Cond: ((id >= 275311) AND (id <= 276310))

table 5 : explain SELECT DISTINCT c FROM sbtest5 WHERE id BETWEEN 9783547 AND 9784546 ORDER BY c
	Unique  (cost=3880.54..3885.50 rows=992 width=121)
	  ->  Sort  (cost=3880.54..3883.02 rows=992 width=121)
	        Sort Key: c
	        ->  Bitmap Heap Scan on sbtest5  (cost=22.60..3831.16 rows=992 width=121)
	              Recheck Cond: ((id >= 9783547) AND (id <= 9784546))
	              ->  Bitmap Index Scan on sbtest5_pkey  (cost=0.00..22.36 rows=992 width=0)
	                    Index Cond: ((id >= 9783547) AND (id <= 9784546))

table 6 : explain SELECT DISTINCT c FROM sbtest6 WHERE id BETWEEN 5799416 AND 5800415 ORDER BY c
	Unique  (cost=4339.70..4345.26 rows=1112 width=121)
	  ->  Sort  (cost=4339.70..4342.48 rows=1112 width=121)
	        Sort Key: c
	        ->  Bitmap Heap Scan on sbtest6  (cost=27.83..4283.43 rows=1112 width=121)
	              Recheck Cond: ((id >= 5799416) AND (id <= 5800415))
	              ->  Bitmap Index Scan on sbtest6_pkey  (cost=0.00..27.55 rows=1112 width=0)
	                    Index Cond: ((id >= 5799416) AND (id <= 5800415))

table 7 : explain SELECT DISTINCT c FROM sbtest7 WHERE id BETWEEN 4196787 AND 4197786 ORDER BY c
	Unique  (cost=3701.25..3705.98 rows=945 width=121)
	  ->  Sort  (cost=3701.25..3703.62 rows=945 width=121)
	        Sort Key: c
	        ->  Bitmap Heap Scan on sbtest7  (cost=22.12..3654.55 rows=945 width=121)
	              Recheck Cond: ((id >= 4196787) AND (id <= 4197786))
	              ->  Bitmap Index Scan on sbtest7_pkey  (cost=0.00..21.89 rows=945 width=0)
	                    Index Cond: ((id >= 4196787) AND (id <= 4197786))

table 8 : explain SELECT DISTINCT c FROM sbtest8 WHERE id BETWEEN 297041 AND 298040 ORDER BY c
	Unique  (cost=4045.61..4050.78 rows=1035 width=121)
	  ->  Sort  (cost=4045.61..4048.19 rows=1035 width=121)
	        Sort Key: c
	        ->  Bitmap Heap Scan on sbtest8  (cost=23.04..3993.78 rows=1035 width=121)
	              Recheck Cond: ((id >= 297041) AND (id <= 298040))
	              ->  Bitmap Index Scan on sbtest8_pkey  (cost=0.00..22.79 rows=1035 width=0)
	                    Index Cond: ((id >= 297041) AND (id <= 298040))

explain: for point_selects :: explain SELECT c FROM sbtest%u WHERE id=%u
for: sum_ranges
table 1 : explain SELECT SUM(k) FROM sbtest1 WHERE id BETWEEN 3802299 AND 3803298
	Aggregate  (cost=4155.05..4155.06 rows=1 width=8)
	  ->  Bitmap Heap Scan on sbtest1  (cost=23.48..4152.35 rows=1078 width=4)
	        Recheck Cond: ((id >= 3802299) AND (id <= 3803298))
	        ->  Bitmap Index Scan on sbtest1_pkey  (cost=0.00..23.21 rows=1078 width=0)
	              Index Cond: ((id >= 3802299) AND (id <= 3803298))

table 2 : explain SELECT SUM(k) FROM sbtest2 WHERE id BETWEEN 1601113 AND 1602112
	Aggregate  (cost=3783.58..3783.59 rows=1 width=8)
	  ->  Bitmap Heap Scan on sbtest2  (cost=22.47..3781.14 rows=979 width=4)
	        Recheck Cond: ((id >= 1601113) AND (id <= 1602112))
	        ->  Bitmap Index Scan on sbtest2_pkey  (cost=0.00..22.22 rows=979 width=0)
	              Index Cond: ((id >= 1601113) AND (id <= 1602112))

table 3 : explain SELECT SUM(k) FROM sbtest3 WHERE id BETWEEN 4257686 AND 4258685
	Aggregate  (cost=4066.12..4066.13 rows=1 width=8)
	  ->  Bitmap Heap Scan on sbtest3  (cost=23.24..4063.49 rows=1054 width=4)
	        Recheck Cond: ((id >= 4257686) AND (id <= 4258685))
	        ->  Bitmap Index Scan on sbtest3_pkey  (cost=0.00..22.97 rows=1054 width=0)
	              Index Cond: ((id >= 4257686) AND (id <= 4258685))

table 4 : explain SELECT SUM(k) FROM sbtest4 WHERE id BETWEEN 5985889 AND 5986888
	Aggregate  (cost=3999.25..3999.26 rows=1 width=8)
	  ->  Bitmap Heap Scan on sbtest4  (cost=23.05..3996.66 rows=1036 width=4)
	        Recheck Cond: ((id >= 5985889) AND (id <= 5986888))
	        ->  Bitmap Index Scan on sbtest4_pkey  (cost=0.00..22.79 rows=1036 width=0)
	              Index Cond: ((id >= 5985889) AND (id <= 5986888))

table 5 : explain SELECT SUM(k) FROM sbtest5 WHERE id BETWEEN 7747527 AND 7748526
	Aggregate  (cost=3633.65..3633.66 rows=1 width=8)
	  ->  Bitmap Heap Scan on sbtest5  (cost=22.06..3631.30 rows=939 width=4)
	        Recheck Cond: ((id >= 7747527) AND (id <= 7748526))
	        ->  Bitmap Index Scan on sbtest5_pkey  (cost=0.00..21.82 rows=939 width=0)
	              Index Cond: ((id >= 7747527) AND (id <= 7748526))

table 6 : explain SELECT SUM(k) FROM sbtest6 WHERE id BETWEEN 9250873 AND 9251872
	Aggregate  (cost=4233.59..4233.60 rows=1 width=8)
	  ->  Bitmap Heap Scan on sbtest6  (cost=27.68..4230.85 rows=1097 width=4)
	        Recheck Cond: ((id >= 9250873) AND (id <= 9251872))
	        ->  Bitmap Index Scan on sbtest6_pkey  (cost=0.00..27.40 rows=1097 width=0)
	              Index Cond: ((id >= 9250873) AND (id <= 9251872))

table 7 : explain SELECT SUM(k) FROM sbtest7 WHERE id BETWEEN 3433365 AND 3434364
	Aggregate  (cost=3570.00..3570.01 rows=1 width=8)
	  ->  Bitmap Heap Scan on sbtest7  (cost=21.89..3567.70 rows=922 width=4)
	        Recheck Cond: ((id >= 3433365) AND (id <= 3434364))
	        ->  Bitmap Index Scan on sbtest7_pkey  (cost=0.00..21.65 rows=922 width=0)
	              Index Cond: ((id >= 3433365) AND (id <= 3434364))

table 8 : explain SELECT SUM(k) FROM sbtest8 WHERE id BETWEEN 2579297 AND 2580296
	Aggregate  (cost=4071.65..4071.66 rows=1 width=8)
	  ->  Bitmap Heap Scan on sbtest8  (cost=23.25..4069.01 rows=1055 width=4)
	        Recheck Cond: ((id >= 2579297) AND (id <= 2580296))
	        ->  Bitmap Index Scan on sbtest8_pkey  (cost=0.00..22.98 rows=1055 width=0)
	              Index Cond: ((id >= 2579297) AND (id <= 2580296))

for: order_ranges
table 1 : explain SELECT c FROM sbtest1 WHERE id BETWEEN 4984769 AND 4985768 ORDER BY c
	Sort  (cost=3729.35..3731.73 rows=953 width=121)
	  Sort Key: c
	  ->  Bitmap Heap Scan on sbtest1  (cost=22.20..3682.19 rows=953 width=121)
	        Recheck Cond: ((id >= 4984769) AND (id <= 4985768))
	        ->  Bitmap Index Scan on sbtest1_pkey  (cost=0.00..21.96 rows=953 width=0)
	              Index Cond: ((id >= 4984769) AND (id <= 4985768))

table 2 : explain SELECT c FROM sbtest2 WHERE id BETWEEN 3920120 AND 3921119 ORDER BY c
	Sort  (cost=3795.35..3797.77 rows=970 width=121)
	  Sort Key: c
	  ->  Bitmap Heap Scan on sbtest2  (cost=22.38..3747.22 rows=970 width=121)
	        Recheck Cond: ((id >= 3920120) AND (id <= 3921119))
	        ->  Bitmap Index Scan on sbtest2_pkey  (cost=0.00..22.14 rows=970 width=0)
	              Index Cond: ((id >= 3920120) AND (id <= 3921119))

table 3 : explain SELECT c FROM sbtest3 WHERE id BETWEEN 5784069 AND 5785068 ORDER BY c
	Sort  (cost=3680.65..3683.00 rows=940 width=121)
	  Sort Key: c
	  ->  Bitmap Heap Scan on sbtest3  (cost=22.07..3634.23 rows=940 width=121)
	        Recheck Cond: ((id >= 5784069) AND (id <= 5785068))
	        ->  Bitmap Index Scan on sbtest3_pkey  (cost=0.00..21.83 rows=940 width=0)
	              Index Cond: ((id >= 5784069) AND (id <= 5785068))

table 4 : explain SELECT c FROM sbtest4 WHERE id BETWEEN 327793 AND 328792 ORDER BY c
	Sort  (cost=4040.91..4043.50 rows=1034 width=121)
	  Sort Key: c
	  ->  Bitmap Heap Scan on sbtest4  (cost=23.03..3989.14 rows=1034 width=121)
	        Recheck Cond: ((id >= 327793) AND (id <= 328792))
	        ->  Bitmap Index Scan on sbtest4_pkey  (cost=0.00..22.77 rows=1034 width=0)
	              Index Cond: ((id >= 327793) AND (id <= 328792))

table 5 : explain SELECT c FROM sbtest5 WHERE id BETWEEN 774057 AND 775056 ORDER BY c
	Sort  (cost=3957.00..3959.53 rows=1012 width=121)
	  Sort Key: c
	  ->  Bitmap Heap Scan on sbtest5  (cost=22.81..3906.49 rows=1012 width=121)
	        Recheck Cond: ((id >= 774057) AND (id <= 775056))
	        ->  Bitmap Index Scan on sbtest5_pkey  (cost=0.00..22.55 rows=1012 width=0)
	              Index Cond: ((id >= 774057) AND (id <= 775056))

table 6 : explain SELECT c FROM sbtest6 WHERE id BETWEEN 147531 AND 148530 ORDER BY c
	Sort  (cost=3451.99..3454.19 rows=880 width=121)
	  Sort Key: c
	  ->  Bitmap Heap Scan on sbtest6  (cost=21.45..3408.96 rows=880 width=121)
	        Recheck Cond: ((id >= 147531) AND (id <= 148530))
	        ->  Bitmap Index Scan on sbtest6_pkey  (cost=0.00..21.23 rows=880 width=0)
	              Index Cond: ((id >= 147531) AND (id <= 148530))

table 7 : explain SELECT c FROM sbtest7 WHERE id BETWEEN 9244340 AND 9245339 ORDER BY c
	Sort  (cost=3873.53..3876.01 rows=990 width=121)
	  Sort Key: c
	  ->  Bitmap Heap Scan on sbtest7  (cost=22.58..3824.27 rows=990 width=121)
	        Recheck Cond: ((id >= 9244340) AND (id <= 9245339))
	        ->  Bitmap Index Scan on sbtest7_pkey  (cost=0.00..22.33 rows=990 width=0)
	              Index Cond: ((id >= 9244340) AND (id <= 9245339))

table 8 : explain SELECT c FROM sbtest8 WHERE id BETWEEN 3424166 AND 3425165 ORDER BY c
	Sort  (cost=3777.89..3780.30 rows=965 width=121)
	  Sort Key: c
	  ->  Bitmap Heap Scan on sbtest8  (cost=22.33..3730.05 rows=965 width=121)
	        Recheck Cond: ((id >= 3424166) AND (id <= 3425165))
	        ->  Bitmap Index Scan on sbtest8_pkey  (cost=0.00..22.08 rows=965 width=0)
	              Index Cond: ((id >= 3424166) AND (id <= 3425165))

for point_selects
table 1 : explain SELECT c FROM sbtest1 WHERE id=178727
	Index Scan using sbtest1_pkey on sbtest1  (cost=0.43..8.45 rows=1 width=121)
	  Index Cond: (id = 178727)

table 2 : explain SELECT c FROM sbtest2 WHERE id=4452776
	Index Scan using sbtest2_pkey on sbtest2  (cost=0.43..8.45 rows=1 width=121)
	  Index Cond: (id = 4452776)

table 3 : explain SELECT c FROM sbtest3 WHERE id=6668946
	Index Scan using sbtest3_pkey on sbtest3  (cost=0.43..8.45 rows=1 width=121)
	  Index Cond: (id = 6668946)

table 4 : explain SELECT c FROM sbtest4 WHERE id=3459042
	Index Scan using sbtest4_pkey on sbtest4  (cost=0.43..8.45 rows=1 width=121)
	  Index Cond: (id = 3459042)

table 5 : explain SELECT c FROM sbtest5 WHERE id=5527675
	Index Scan using sbtest5_pkey on sbtest5  (cost=0.43..8.45 rows=1 width=121)
	  Index Cond: (id = 5527675)

table 6 : explain SELECT c FROM sbtest6 WHERE id=3344103
	Index Scan using sbtest6_pkey on sbtest6  (cost=0.43..8.45 rows=1 width=121)
	  Index Cond: (id = 3344103)

table 7 : explain SELECT c FROM sbtest7 WHERE id=7784033
	Index Scan using sbtest7_pkey on sbtest7  (cost=0.43..8.45 rows=1 width=121)
	  Index Cond: (id = 7784033)

table 8 : explain SELECT c FROM sbtest8 WHERE id=9270035
	Index Scan using sbtest8_pkey on sbtest8  (cost=0.43..8.45 rows=1 width=121)
	  Index Cond: (id = 9270035)

for: sum_ranges
table 1 : explain SELECT SUM(k) FROM sbtest1 WHERE id BETWEEN 4713535 AND 4714534
	Aggregate  (cost=3929.47..3929.48 rows=1 width=8)
	  ->  Bitmap Heap Scan on sbtest1  (cost=22.87..3926.93 rows=1018 width=4)
	        Recheck Cond: ((id >= 4713535) AND (id <= 4714534))
	        ->  Bitmap Index Scan on sbtest1_pkey  (cost=0.00..22.61 rows=1018 width=0)
	              Index Cond: ((id >= 4713535) AND (id <= 4714534))

table 2 : explain SELECT SUM(k) FROM sbtest2 WHERE id BETWEEN 149660 AND 150659
	Aggregate  (cost=3742.11..3742.12 rows=1 width=8)
	  ->  Bitmap Heap Scan on sbtest2  (cost=22.36..3739.69 rows=968 width=4)
	        Recheck Cond: ((id >= 149660) AND (id <= 150659))
	        ->  Bitmap Index Scan on sbtest2_pkey  (cost=0.00..22.11 rows=968 width=0)
	              Index Cond: ((id >= 149660) AND (id <= 150659))

table 3 : explain SELECT SUM(k) FROM sbtest3 WHERE id BETWEEN 1840844 AND 1841843
	Aggregate  (cost=3753.55..3753.56 rows=1 width=8)
	  ->  Bitmap Heap Scan on sbtest3  (cost=22.39..3751.12 rows=971 width=4)
	        Recheck Cond: ((id >= 1840844) AND (id <= 1841843))
	        ->  Bitmap Index Scan on sbtest3_pkey  (cost=0.00..22.14 rows=971 width=0)
	              Index Cond: ((id >= 1840844) AND (id <= 1841843))

table 4 : explain SELECT SUM(k) FROM sbtest4 WHERE id BETWEEN 6438805 AND 6439804
	Aggregate  (cost=4209.84..4209.85 rows=1 width=8)
	  ->  Bitmap Heap Scan on sbtest4  (cost=23.63..4207.11 rows=1092 width=4)
	        Recheck Cond: ((id >= 6438805) AND (id <= 6439804))
	        ->  Bitmap Index Scan on sbtest4_pkey  (cost=0.00..23.36 rows=1092 width=0)
	              Index Cond: ((id >= 6438805) AND (id <= 6439804))

table 5 : explain SELECT SUM(k) FROM sbtest5 WHERE id BETWEEN 6970076 AND 6971075
	Aggregate  (cost=3837.41..3837.42 rows=1 width=8)
	  ->  Bitmap Heap Scan on sbtest5  (cost=22.61..3834.93 rows=993 width=4)
	        Recheck Cond: ((id >= 6970076) AND (id <= 6971075))
	        ->  Bitmap Index Scan on sbtest5_pkey  (cost=0.00..22.36 rows=993 width=0)
	              Index Cond: ((id >= 6970076) AND (id <= 6971075))

table 6 : explain SELECT SUM(k) FROM sbtest6 WHERE id BETWEEN 1722907 AND 1723906
	Aggregate  (cost=3690.95..3690.96 rows=1 width=8)
	  ->  Bitmap Heap Scan on sbtest6  (cost=22.21..3688.56 rows=954 width=4)
	        Recheck Cond: ((id >= 1722907) AND (id <= 1723906))
	        ->  Bitmap Index Scan on sbtest6_pkey  (cost=0.00..21.97 rows=954 width=0)
	              Index Cond: ((id >= 1722907) AND (id <= 1723906))

table 7 : explain SELECT SUM(k) FROM sbtest7 WHERE id BETWEEN 1727762 AND 1728761
	Aggregate  (cost=3445.19..3445.20 rows=1 width=8)
	  ->  Bitmap Heap Scan on sbtest7  (cost=21.55..3442.96 rows=889 width=4)
	        Recheck Cond: ((id >= 1727762) AND (id <= 1728761))
	        ->  Bitmap Index Scan on sbtest7_pkey  (cost=0.00..21.32 rows=889 width=0)
	              Index Cond: ((id >= 1727762) AND (id <= 1728761))

table 8 : explain SELECT SUM(k) FROM sbtest8 WHERE id BETWEEN 8884890 AND 8885889
	Aggregate  (cost=3823.02..3823.03 rows=1 width=8)
	  ->  Bitmap Heap Scan on sbtest8  (cost=22.57..3820.54 rows=989 width=4)
	        Recheck Cond: ((id >= 8884890) AND (id <= 8885889))
	        ->  Bitmap Index Scan on sbtest8_pkey  (cost=0.00..22.32 rows=989 width=0)
	              Index Cond: ((id >= 8884890) AND (id <= 8885889))

for: order_ranges
table 1 : explain SELECT c FROM sbtest1 WHERE id BETWEEN 3763200 AND 3764199 ORDER BY c
	Sort  (cost=4183.78..4186.46 rows=1072 width=121)
	  Sort Key: c
	  ->  Bitmap Heap Scan on sbtest1  (cost=23.42..4129.83 rows=1072 width=121)
	        Recheck Cond: ((id >= 3763200) AND (id <= 3764199))
	        ->  Bitmap Index Scan on sbtest1_pkey  (cost=0.00..23.15 rows=1072 width=0)
	              Index Cond: ((id >= 3763200) AND (id <= 3764199))

table 2 : explain SELECT c FROM sbtest2 WHERE id BETWEEN 5393459 AND 5394458 ORDER BY c
	Sort  (cost=3955.91..3958.44 rows=1012 width=121)
	  Sort Key: c
	  ->  Bitmap Heap Scan on sbtest2  (cost=22.81..3905.40 rows=1012 width=121)
	        Recheck Cond: ((id >= 5393459) AND (id <= 5394458))
	        ->  Bitmap Index Scan on sbtest2_pkey  (cost=0.00..22.55 rows=1012 width=0)
	              Index Cond: ((id >= 5393459) AND (id <= 5394458))

table 3 : explain SELECT c FROM sbtest3 WHERE id BETWEEN 9175112 AND 9176111 ORDER BY c
	Sort  (cost=3845.20..3847.66 rows=983 width=121)
	  Sort Key: c
	  ->  Bitmap Heap Scan on sbtest3  (cost=22.51..3796.34 rows=983 width=121)
	        Recheck Cond: ((id >= 9175112) AND (id <= 9176111))
	        ->  Bitmap Index Scan on sbtest3_pkey  (cost=0.00..22.26 rows=983 width=0)
	              Index Cond: ((id >= 9175112) AND (id <= 9176111))

table 4 : explain SELECT c FROM sbtest4 WHERE id BETWEEN 8059840 AND 8060839 ORDER BY c
	Sort  (cost=3953.04..3955.57 rows=1011 width=121)
	  Sort Key: c
	  ->  Bitmap Heap Scan on sbtest4  (cost=22.80..3902.58 rows=1011 width=121)
	        Recheck Cond: ((id >= 8059840) AND (id <= 8060839))
	        ->  Bitmap Index Scan on sbtest4_pkey  (cost=0.00..22.54 rows=1011 width=0)
	              Index Cond: ((id >= 8059840) AND (id <= 8060839))

table 5 : explain SELECT c FROM sbtest5 WHERE id BETWEEN 4232929 AND 4233928 ORDER BY c
	Sort  (cost=3972.29..3974.83 rows=1016 width=121)
	  Sort Key: c
	  ->  Bitmap Heap Scan on sbtest5  (cost=22.85..3921.54 rows=1016 width=121)
	        Recheck Cond: ((id >= 4232929) AND (id <= 4233928))
	        ->  Bitmap Index Scan on sbtest5_pkey  (cost=0.00..22.59 rows=1016 width=0)
	              Index Cond: ((id >= 4232929) AND (id <= 4233928))

table 6 : explain SELECT c FROM sbtest6 WHERE id BETWEEN 2870504 AND 2871503 ORDER BY c
	Sort  (cost=3670.64..3672.98 rows=937 width=121)
	  Sort Key: c
	  ->  Bitmap Heap Scan on sbtest6  (cost=22.04..3624.39 rows=937 width=121)
	        Recheck Cond: ((id >= 2870504) AND (id <= 2871503))
	        ->  Bitmap Index Scan on sbtest6_pkey  (cost=0.00..21.80 rows=937 width=0)
	              Index Cond: ((id >= 2870504) AND (id <= 2871503))

table 7 : explain SELECT c FROM sbtest7 WHERE id BETWEEN 8980085 AND 8981084 ORDER BY c
	Sort  (cost=4141.03..4143.68 rows=1060 width=121)
	  Sort Key: c
	  ->  Bitmap Heap Scan on sbtest7  (cost=23.30..4087.77 rows=1060 width=121)
	        Recheck Cond: ((id >= 8980085) AND (id <= 8981084))
	        ->  Bitmap Index Scan on sbtest7_pkey  (cost=0.00..23.04 rows=1060 width=0)
	              Index Cond: ((id >= 8980085) AND (id <= 8981084))

table 8 : explain SELECT c FROM sbtest8 WHERE id BETWEEN 3122181 AND 3123180 ORDER BY c
	Sort  (cost=3685.96..3688.32 rows=941 width=121)
	  Sort Key: c
	  ->  Bitmap Heap Scan on sbtest8  (cost=22.08..3639.49 rows=941 width=121)
	        Recheck Cond: ((id >= 3122181) AND (id <= 3123180))
	        ->  Bitmap Index Scan on sbtest8_pkey  (cost=0.00..21.84 rows=941 width=0)
	              Index Cond: ((id >= 3122181) AND (id <= 3123180))

for: distinct_ranges
table 1 : explain SELECT DISTINCT c FROM sbtest1 WHERE id BETWEEN 7699544 AND 7700543 ORDER BY c
	Unique  (cost=3580.03..3584.60 rows=914 width=121)
	  ->  Sort  (cost=3580.03..3582.31 rows=914 width=121)
	        Sort Key: c
	        ->  Bitmap Heap Scan on sbtest1  (cost=21.80..3535.08 rows=914 width=121)
	              Recheck Cond: ((id >= 7699544) AND (id <= 7700543))
	              ->  Bitmap Index Scan on sbtest1_pkey  (cost=0.00..21.57 rows=914 width=0)
	                    Index Cond: ((id >= 7699544) AND (id <= 7700543))

table 2 : explain SELECT DISTINCT c FROM sbtest2 WHERE id BETWEEN 3326591 AND 3327590 ORDER BY c
	Unique  (cost=4146.78..4152.09 rows=1062 width=121)
	  ->  Sort  (cost=4146.78..4149.43 rows=1062 width=121)
	        Sort Key: c
	        ->  Bitmap Heap Scan on sbtest2  (cost=23.32..4093.40 rows=1062 width=121)
	              Recheck Cond: ((id >= 3326591) AND (id <= 3327590))
	              ->  Bitmap Index Scan on sbtest2_pkey  (cost=0.00..23.05 rows=1062 width=0)
	                    Index Cond: ((id >= 3326591) AND (id <= 3327590))

table 3 : explain SELECT DISTINCT c FROM sbtest3 WHERE id BETWEEN 8641099 AND 8642098 ORDER BY c
	Unique  (cost=4196.50..4201.88 rows=1075 width=121)
	  ->  Sort  (cost=4196.50..4199.19 rows=1075 width=121)
	        Sort Key: c
	        ->  Bitmap Heap Scan on sbtest3  (cost=23.45..4142.38 rows=1075 width=121)
	              Recheck Cond: ((id >= 8641099) AND (id <= 8642098))
	              ->  Bitmap Index Scan on sbtest3_pkey  (cost=0.00..23.18 rows=1075 width=0)
	                    Index Cond: ((id >= 8641099) AND (id <= 8642098))

table 4 : explain SELECT DISTINCT c FROM sbtest4 WHERE id BETWEEN 2310923 AND 2311922 ORDER BY c
	Unique  (cost=3914.82..3919.82 rows=1001 width=121)
	  ->  Sort  (cost=3914.82..3917.32 rows=1001 width=121)
	        Sort Key: c
	        ->  Bitmap Heap Scan on sbtest4  (cost=22.70..3864.93 rows=1001 width=121)
	              Recheck Cond: ((id >= 2310923) AND (id <= 2311922))
	              ->  Bitmap Index Scan on sbtest4_pkey  (cost=0.00..22.44 rows=1001 width=0)
	                    Index Cond: ((id >= 2310923) AND (id <= 2311922))

table 5 : explain SELECT DISTINCT c FROM sbtest5 WHERE id BETWEEN 7303667 AND 7304666 ORDER BY c
	Unique  (cost=3796.37..3801.22 rows=970 width=121)
	  ->  Sort  (cost=3796.37..3798.79 rows=970 width=121)
	        Sort Key: c
	        ->  Bitmap Heap Scan on sbtest5  (cost=22.38..3748.25 rows=970 width=121)
	              Recheck Cond: ((id >= 7303667) AND (id <= 7304666))
	              ->  Bitmap Index Scan on sbtest5_pkey  (cost=0.00..22.14 rows=970 width=0)
	                    Index Cond: ((id >= 7303667) AND (id <= 7304666))

table 6 : explain SELECT DISTINCT c FROM sbtest6 WHERE id BETWEEN 8501024 AND 8502023 ORDER BY c
	Unique  (cost=4358.75..4364.34 rows=1117 width=121)
	  ->  Sort  (cost=4358.75..4361.54 rows=1117 width=121)
	        Sort Key: c
	        ->  Bitmap Heap Scan on sbtest6  (cost=27.88..4302.20 rows=1117 width=121)
	              Recheck Cond: ((id >= 8501024) AND (id <= 8502023))
	              ->  Bitmap Index Scan on sbtest6_pkey  (cost=0.00..27.61 rows=1117 width=0)
	                    Index Cond: ((id >= 8501024) AND (id <= 8502023))

table 7 : explain SELECT DISTINCT c FROM sbtest7 WHERE id BETWEEN 676790 AND 677789 ORDER BY c
	Unique  (cost=4015.00..4020.13 rows=1027 width=121)
	  ->  Sort  (cost=4015.00..4017.57 rows=1027 width=121)
	        Sort Key: c
	        ->  Bitmap Heap Scan on sbtest7  (cost=22.96..3963.63 rows=1027 width=121)
	              Recheck Cond: ((id >= 676790) AND (id <= 677789))
	              ->  Bitmap Index Scan on sbtest7_pkey  (cost=0.00..22.70 rows=1027 width=0)
	                    Index Cond: ((id >= 676790) AND (id <= 677789))

table 8 : explain SELECT DISTINCT c FROM sbtest8 WHERE id BETWEEN 7544257 AND 7545256 ORDER BY c
	Unique  (cost=3758.74..3763.54 rows=960 width=121)
	  ->  Sort  (cost=3758.74..3761.14 rows=960 width=121)
	        Sort Key: c
	        ->  Bitmap Heap Scan on sbtest8  (cost=22.27..3711.19 rows=960 width=121)
	              Recheck Cond: ((id >= 7544257) AND (id <= 7545256))
	              ->  Bitmap Index Scan on sbtest8_pkey  (cost=0.00..22.04 rows=960 width=0)
	                    Index Cond: ((id >= 7544257) AND (id <= 7545256))

for: sum_ranges
table 1 : explain SELECT SUM(k) FROM sbtest1 WHERE id BETWEEN 5492672 AND 5493671
	Aggregate  (cost=3699.66..3699.67 rows=1 width=8)
	  ->  Bitmap Heap Scan on sbtest1  (cost=22.24..3697.27 rows=957 width=4)
	        Recheck Cond: ((id >= 5492672) AND (id <= 5493671))
	        ->  Bitmap Index Scan on sbtest1_pkey  (cost=0.00..22.00 rows=957 width=0)
	              Index Cond: ((id >= 5492672) AND (id <= 5493671))

table 2 : explain SELECT SUM(k) FROM sbtest2 WHERE id BETWEEN 9821782 AND 9822781
	Aggregate  (cost=3606.25..3606.26 rows=1 width=8)
	  ->  Bitmap Heap Scan on sbtest2  (cost=21.99..3603.92 rows=932 width=4)
	        Recheck Cond: ((id >= 9821782) AND (id <= 9822781))
	        ->  Bitmap Index Scan on sbtest2_pkey  (cost=0.00..21.75 rows=932 width=0)
	              Index Cond: ((id >= 9821782) AND (id <= 9822781))

table 3 : explain SELECT SUM(k) FROM sbtest3 WHERE id BETWEEN 9881840 AND 9882839
	Aggregate  (cost=4047.32..4047.33 rows=1 width=8)
	  ->  Bitmap Heap Scan on sbtest3  (cost=23.19..4044.69 rows=1049 width=4)
	        Recheck Cond: ((id >= 9881840) AND (id <= 9882839))
	        ->  Bitmap Index Scan on sbtest3_pkey  (cost=0.00..22.93 rows=1049 width=0)
	              Index Cond: ((id >= 9881840) AND (id <= 9882839))

table 4 : explain SELECT SUM(k) FROM sbtest4 WHERE id BETWEEN 8408574 AND 8409573
	Aggregate  (cost=3769.40..3769.41 rows=1 width=8)
	  ->  Bitmap Heap Scan on sbtest4  (cost=22.43..3766.97 rows=975 width=4)
	        Recheck Cond: ((id >= 8408574) AND (id <= 8409573))
	        ->  Bitmap Index Scan on sbtest4_pkey  (cost=0.00..22.18 rows=975 width=0)
	              Index Cond: ((id >= 8408574) AND (id <= 8409573))

table 5 : explain SELECT SUM(k) FROM sbtest5 WHERE id BETWEEN 639568 AND 640567
	Aggregate  (cost=3811.02..3811.03 rows=1 width=8)
	  ->  Bitmap Heap Scan on sbtest5  (cost=22.54..3808.56 rows=986 width=4)
	        Recheck Cond: ((id >= 639568) AND (id <= 640567))
	        ->  Bitmap Index Scan on sbtest5_pkey  (cost=0.00..22.29 rows=986 width=0)
	              Index Cond: ((id >= 639568) AND (id <= 640567))

table 6 : explain SELECT SUM(k) FROM sbtest6 WHERE id BETWEEN 4014434 AND 4015433
	Aggregate  (cost=3958.71..3958.72 rows=1 width=8)
	  ->  Bitmap Heap Scan on sbtest6  (cost=22.94..3956.15 rows=1025 width=4)
	        Recheck Cond: ((id >= 4014434) AND (id <= 4015433))
	        ->  Bitmap Index Scan on sbtest6_pkey  (cost=0.00..22.68 rows=1025 width=0)
	              Index Cond: ((id >= 4014434) AND (id <= 4015433))

table 7 : explain SELECT SUM(k) FROM sbtest7 WHERE id BETWEEN 2922659 AND 2923658
	Aggregate  (cost=4026.44..4026.45 rows=1 width=8)
	  ->  Bitmap Heap Scan on sbtest7  (cost=23.13..4023.83 rows=1043 width=4)
	        Recheck Cond: ((id >= 2922659) AND (id <= 2923658))
	        ->  Bitmap Index Scan on sbtest7_pkey  (cost=0.00..22.86 rows=1043 width=0)
	              Index Cond: ((id >= 2922659) AND (id <= 2923658))

table 8 : explain SELECT SUM(k) FROM sbtest8 WHERE id BETWEEN 2837140 AND 2838139
	Aggregate  (cost=3902.19..3902.20 rows=1 width=8)
	  ->  Bitmap Heap Scan on sbtest8  (cost=22.79..3899.66 rows=1010 width=4)
	        Recheck Cond: ((id >= 2837140) AND (id <= 2838139))
	        ->  Bitmap Index Scan on sbtest8_pkey  (cost=0.00..22.54 rows=1010 width=0)
	              Index Cond: ((id >= 2837140) AND (id <= 2838139))

for: distinct_ranges
table 1 : explain SELECT DISTINCT c FROM sbtest1 WHERE id BETWEEN 7504083 AND 7505082 ORDER BY c
	Unique  (cost=3943.42..3948.46 rows=1009 width=121)
	  ->  Sort  (cost=3943.42..3945.94 rows=1009 width=121)
	        Sort Key: c
	        ->  Bitmap Heap Scan on sbtest1  (cost=22.78..3893.07 rows=1009 width=121)
	              Recheck Cond: ((id >= 7504083) AND (id <= 7505082))
	              ->  Bitmap Index Scan on sbtest1_pkey  (cost=0.00..22.52 rows=1009 width=0)
	                    Index Cond: ((id >= 7504083) AND (id <= 7505082))

table 2 : explain SELECT DISTINCT c FROM sbtest2 WHERE id BETWEEN 5592130 AND 5593129 ORDER BY c
	Unique  (cost=4184.91..4190.27 rows=1072 width=121)
	  ->  Sort  (cost=4184.91..4187.59 rows=1072 width=121)
	        Sort Key: c
	        ->  Bitmap Heap Scan on sbtest2  (cost=23.42..4130.96 rows=1072 width=121)
	              Recheck Cond: ((id >= 5592130) AND (id <= 5593129))
	              ->  Bitmap Index Scan on sbtest2_pkey  (cost=0.00..23.15 rows=1072 width=0)
	                    Index Cond: ((id >= 5592130) AND (id <= 5593129))

table 3 : explain SELECT DISTINCT c FROM sbtest3 WHERE id BETWEEN 3091082 AND 3092081 ORDER BY c
	Unique  (cost=4082.06..4087.29 rows=1045 width=121)
	  ->  Sort  (cost=4082.06..4084.67 rows=1045 width=121)
	        Sort Key: c
	        ->  Bitmap Heap Scan on sbtest3  (cost=23.15..4029.66 rows=1045 width=121)
	              Recheck Cond: ((id >= 3091082) AND (id <= 3092081))
	              ->  Bitmap Index Scan on sbtest3_pkey  (cost=0.00..22.89 rows=1045 width=0)
	                    Index Cond: ((id >= 3091082) AND (id <= 3092081))

table 4 : explain SELECT DISTINCT c FROM sbtest4 WHERE id BETWEEN 382491 AND 383490 ORDER BY c
	Unique  (cost=4040.91..4046.08 rows=1034 width=121)
	  ->  Sort  (cost=4040.91..4043.50 rows=1034 width=121)
	        Sort Key: c
	        ->  Bitmap Heap Scan on sbtest4  (cost=23.03..3989.14 rows=1034 width=121)
	              Recheck Cond: ((id >= 382491) AND (id <= 383490))
	              ->  Bitmap Index Scan on sbtest4_pkey  (cost=0.00..22.77 rows=1034 width=0)
	                    Index Cond: ((id >= 382491) AND (id <= 383490))

table 5 : explain SELECT DISTINCT c FROM sbtest5 WHERE id BETWEEN 3823516 AND 3824515 ORDER BY c
	Unique  (cost=4140.32..4145.62 rows=1060 width=121)
	  ->  Sort  (cost=4140.32..4142.97 rows=1060 width=121)
	        Sort Key: c
	        ->  Bitmap Heap Scan on sbtest5  (cost=23.30..4087.05 rows=1060 width=121)
	              Recheck Cond: ((id >= 3823516) AND (id <= 3824515))
	              ->  Bitmap Index Scan on sbtest5_pkey  (cost=0.00..23.04 rows=1060 width=0)
	                    Index Cond: ((id >= 3823516) AND (id <= 3824515))

table 6 : explain SELECT DISTINCT c FROM sbtest6 WHERE id BETWEEN 9741592 AND 9742591 ORDER BY c
	Unique  (cost=3777.90..3782.72 rows=965 width=121)
	  ->  Sort  (cost=3777.90..3780.31 rows=965 width=121)
	        Sort Key: c
	        ->  Bitmap Heap Scan on sbtest6  (cost=22.33..3730.06 rows=965 width=121)
	              Recheck Cond: ((id >= 9741592) AND (id <= 9742591))
	              ->  Bitmap Index Scan on sbtest6_pkey  (cost=0.00..22.08 rows=965 width=0)
	                    Index Cond: ((id >= 9741592) AND (id <= 9742591))

table 7 : explain SELECT DISTINCT c FROM sbtest7 WHERE id BETWEEN 3838193 AND 3839192 ORDER BY c
	Unique  (cost=4335.83..4341.39 rows=1111 width=121)
	  ->  Sort  (cost=4335.83..4338.61 rows=1111 width=121)
	        Sort Key: c
	        ->  Bitmap Heap Scan on sbtest7  (cost=27.82..4279.63 rows=1111 width=121)
	              Recheck Cond: ((id >= 3838193) AND (id <= 3839192))
	              ->  Bitmap Index Scan on sbtest7_pkey  (cost=0.00..27.54 rows=1111 width=0)
	                    Index Cond: ((id >= 3838193) AND (id <= 3839192))

table 8 : explain SELECT DISTINCT c FROM sbtest8 WHERE id BETWEEN 9443163 AND 9444162 ORDER BY c
	Unique  (cost=3846.79..3851.70 rows=983 width=121)
	  ->  Sort  (cost=3846.79..3849.25 rows=983 width=121)
	        Sort Key: c
	        ->  Bitmap Heap Scan on sbtest8  (cost=22.51..3797.93 rows=983 width=121)
	              Recheck Cond: ((id >= 9443163) AND (id <= 9444162))
	              ->  Bitmap Index Scan on sbtest8_pkey  (cost=0.00..22.26 rows=983 width=0)
	                    Index Cond: ((id >= 9443163) AND (id <= 9444162))

for: sum_ranges
table 1 : explain SELECT SUM(k) FROM sbtest1 WHERE id BETWEEN 4105164 AND 4106163
	Aggregate  (cost=4049.84..4049.85 rows=1 width=8)
	  ->  Bitmap Heap Scan on sbtest1  (cost=23.20..4047.21 rows=1050 width=4)
	        Recheck Cond: ((id >= 4105164) AND (id <= 4106163))
	        ->  Bitmap Index Scan on sbtest1_pkey  (cost=0.00..22.93 rows=1050 width=0)
	              Index Cond: ((id >= 4105164) AND (id <= 4106163))

table 2 : explain SELECT SUM(k) FROM sbtest2 WHERE id BETWEEN 4185934 AND 4186933
	Aggregate  (cost=3508.02..3508.03 rows=1 width=8)
	  ->  Bitmap Heap Scan on sbtest2  (cost=21.72..3505.75 rows=906 width=4)
	        Recheck Cond: ((id >= 4185934) AND (id <= 4186933))
	        ->  Bitmap Index Scan on sbtest2_pkey  (cost=0.00..21.50 rows=906 width=0)
	              Index Cond: ((id >= 4185934) AND (id <= 4186933))

table 3 : explain SELECT SUM(k) FROM sbtest3 WHERE id BETWEEN 8324538 AND 8325537
	Aggregate  (cost=4013.46..4013.47 rows=1 width=8)
	  ->  Bitmap Heap Scan on sbtest3  (cost=23.09..4010.86 rows=1040 width=4)
	        Recheck Cond: ((id >= 8324538) AND (id <= 8325537))
	        ->  Bitmap Index Scan on sbtest3_pkey  (cost=0.00..22.83 rows=1040 width=0)
	              Index Cond: ((id >= 8324538) AND (id <= 8325537))

table 4 : explain SELECT SUM(k) FROM sbtest4 WHERE id BETWEEN 4268992 AND 4269991
	Aggregate  (cost=3709.04..3709.05 rows=1 width=8)
	  ->  Bitmap Heap Scan on sbtest4  (cost=22.26..3706.64 rows=959 width=4)
	        Recheck Cond: ((id >= 4268992) AND (id <= 4269991))
	        ->  Bitmap Index Scan on sbtest4_pkey  (cost=0.00..22.02 rows=959 width=0)
	              Index Cond: ((id >= 4268992) AND (id <= 4269991))

table 5 : explain SELECT SUM(k) FROM sbtest5 WHERE id BETWEEN 4317249 AND 4318248
	Aggregate  (cost=3750.67..3750.68 rows=1 width=8)
	  ->  Bitmap Heap Scan on sbtest5  (cost=22.38..3748.25 rows=970 width=4)
	        Recheck Cond: ((id >= 4317249) AND (id <= 4318248))
	        ->  Bitmap Index Scan on sbtest5_pkey  (cost=0.00..22.14 rows=970 width=0)
	              Index Cond: ((id >= 4317249) AND (id <= 4318248))

table 6 : explain SELECT SUM(k) FROM sbtest6 WHERE id BETWEEN 2430698 AND 2431697
	Aggregate  (cost=3660.73..3660.74 rows=1 width=8)
	  ->  Bitmap Heap Scan on sbtest6  (cost=22.13..3658.37 rows=946 width=4)
	        Recheck Cond: ((id >= 2430698) AND (id <= 2431697))
	        ->  Bitmap Index Scan on sbtest6_pkey  (cost=0.00..21.89 rows=946 width=0)
	              Index Cond: ((id >= 2430698) AND (id <= 2431697))

table 7 : explain SELECT SUM(k) FROM sbtest7 WHERE id BETWEEN 4067417 AND 4068416
	Aggregate  (cost=3638.03..3638.04 rows=1 width=8)
	  ->  Bitmap Heap Scan on sbtest7  (cost=22.07..3635.68 rows=940 width=4)
	        Recheck Cond: ((id >= 4067417) AND (id <= 4068416))
	        ->  Bitmap Index Scan on sbtest7_pkey  (cost=0.00..21.83 rows=940 width=0)
	              Index Cond: ((id >= 4067417) AND (id <= 4068416))

table 8 : explain SELECT SUM(k) FROM sbtest8 WHERE id BETWEEN 2837605 AND 2838604
	Aggregate  (cost=3902.19..3902.20 rows=1 width=8)
	  ->  Bitmap Heap Scan on sbtest8  (cost=22.79..3899.66 rows=1010 width=4)
	        Recheck Cond: ((id >= 2837605) AND (id <= 2838604))
	        ->  Bitmap Index Scan on sbtest8_pkey  (cost=0.00..22.54 rows=1010 width=0)
	              Index Cond: ((id >= 2837605) AND (id <= 2838604))

for: order_ranges
table 1 : explain SELECT c FROM sbtest1 WHERE id BETWEEN 3567619 AND 3568618 ORDER BY c
	Sort  (cost=3691.08..3693.43 rows=943 width=121)
	  Sort Key: c
	  ->  Bitmap Heap Scan on sbtest1  (cost=22.10..3644.49 rows=943 width=121)
	        Recheck Cond: ((id >= 3567619) AND (id <= 3568618))
	        ->  Bitmap Index Scan on sbtest1_pkey  (cost=0.00..21.86 rows=943 width=0)
	              Index Cond: ((id >= 3567619) AND (id <= 3568618))

table 2 : explain SELECT c FROM sbtest2 WHERE id BETWEEN 5662107 AND 5663106 ORDER BY c
	Sort  (cost=3803.00..3805.43 rows=972 width=121)
	  Sort Key: c
	  ->  Bitmap Heap Scan on sbtest2  (cost=22.40..3754.76 rows=972 width=121)
	        Recheck Cond: ((id >= 5662107) AND (id <= 5663106))
	        ->  Bitmap Index Scan on sbtest2_pkey  (cost=0.00..22.15 rows=972 width=0)
	              Index Cond: ((id >= 5662107) AND (id <= 5663106))

table 3 : explain SELECT c FROM sbtest3 WHERE id BETWEEN 5683224 AND 5684223 ORDER BY c
	Sort  (cost=3458.32..3460.52 rows=882 width=121)
	  Sort Key: c
	  ->  Bitmap Heap Scan on sbtest3  (cost=21.48..3415.17 rows=882 width=121)
	        Recheck Cond: ((id >= 5683224) AND (id <= 5684223))
	        ->  Bitmap Index Scan on sbtest3_pkey  (cost=0.00..21.25 rows=882 width=0)
	              Index Cond: ((id >= 5683224) AND (id <= 5684223))

table 4 : explain SELECT c FROM sbtest4 WHERE id BETWEEN 5327588 AND 5328587 ORDER BY c
	Sort  (cost=4250.78..4253.51 rows=1089 width=121)
	  Sort Key: c
	  ->  Bitmap Heap Scan on sbtest4  (cost=23.60..4195.85 rows=1089 width=121)
	        Recheck Cond: ((id >= 5327588) AND (id <= 5328587))
	        ->  Bitmap Index Scan on sbtest4_pkey  (cost=0.00..23.32 rows=1089 width=0)
	              Index Cond: ((id >= 5327588) AND (id <= 5328587))

table 5 : explain SELECT c FROM sbtest5 WHERE id BETWEEN 4934688 AND 4935687 ORDER BY c
	Sort  (cost=3914.95..3917.45 rows=1001 width=121)
	  Sort Key: c
	  ->  Bitmap Heap Scan on sbtest5  (cost=22.70..3865.07 rows=1001 width=121)
	        Recheck Cond: ((id >= 4934688) AND (id <= 4935687))
	        ->  Bitmap Index Scan on sbtest5_pkey  (cost=0.00..22.44 rows=1001 width=0)
	              Index Cond: ((id >= 4934688) AND (id <= 4935687))

table 6 : explain SELECT c FROM sbtest6 WHERE id BETWEEN 2818236 AND 2819235 ORDER BY c
	Sort  (cost=3789.38..3791.80 rows=968 width=121)
	  Sort Key: c
	  ->  Bitmap Heap Scan on sbtest6  (cost=22.36..3741.38 rows=968 width=121)
	        Recheck Cond: ((id >= 2818236) AND (id <= 2819235))
	        ->  Bitmap Index Scan on sbtest6_pkey  (cost=0.00..22.11 rows=968 width=0)
	              Index Cond: ((id >= 2818236) AND (id <= 2819235))

table 7 : explain SELECT c FROM sbtest7 WHERE id BETWEEN 8193104 AND 8194103 ORDER BY c
	Sort  (cost=3953.85..3956.37 rows=1011 width=121)
	  Sort Key: c
	  ->  Bitmap Heap Scan on sbtest7  (cost=22.80..3903.39 rows=1011 width=121)
	        Recheck Cond: ((id >= 8193104) AND (id <= 8194103))
	        ->  Bitmap Index Scan on sbtest7_pkey  (cost=0.00..22.54 rows=1011 width=0)
	              Index Cond: ((id >= 8193104) AND (id <= 8194103))

table 8 : explain SELECT c FROM sbtest8 WHERE id BETWEEN 5745319 AND 5746318 ORDER BY c
	Sort  (cost=3685.96..3688.32 rows=941 width=121)
	  Sort Key: c
	  ->  Bitmap Heap Scan on sbtest8  (cost=22.08..3639.49 rows=941 width=121)
	        Recheck Cond: ((id >= 5745319) AND (id <= 5746318))
	        ->  Bitmap Index Scan on sbtest8_pkey  (cost=0.00..21.84 rows=941 width=0)
	              Index Cond: ((id >= 5745319) AND (id <= 5746318))

for point_selects
table 1 : explain SELECT c FROM sbtest1 WHERE id=1478986
	Index Scan using sbtest1_pkey on sbtest1  (cost=0.43..8.45 rows=1 width=121)
	  Index Cond: (id = 1478986)

table 2 : explain SELECT c FROM sbtest2 WHERE id=9956651
	Index Scan using sbtest2_pkey on sbtest2  (cost=0.43..8.45 rows=1 width=121)
	  Index Cond: (id = 9956651)

table 3 : explain SELECT c FROM sbtest3 WHERE id=1849739
	Index Scan using sbtest3_pkey on sbtest3  (cost=0.43..8.45 rows=1 width=121)
	  Index Cond: (id = 1849739)

table 4 : explain SELECT c FROM sbtest4 WHERE id=4759128
	Index Scan using sbtest4_pkey on sbtest4  (cost=0.43..8.45 rows=1 width=121)
	  Index Cond: (id = 4759128)

table 5 : explain SELECT c FROM sbtest5 WHERE id=5336588
	Index Scan using sbtest5_pkey on sbtest5  (cost=0.43..8.45 rows=1 width=121)
	  Index Cond: (id = 5336588)

table 6 : explain SELECT c FROM sbtest6 WHERE id=6249008
	Index Scan using sbtest6_pkey on sbtest6  (cost=0.43..8.45 rows=1 width=121)
	  Index Cond: (id = 6249008)

table 7 : explain SELECT c FROM sbtest7 WHERE id=7767351
	Index Scan using sbtest7_pkey on sbtest7  (cost=0.43..8.45 rows=1 width=121)
	  Index Cond: (id = 7767351)

table 8 : explain SELECT c FROM sbtest8 WHERE id=6315911
	Index Scan using sbtest8_pkey on sbtest8  (cost=0.43..8.45 rows=1 width=121)
	  Index Cond: (id = 6315911)

for: simple_ranges
table 1 : explain SELECT c FROM sbtest1 WHERE id BETWEEN 1182107 AND 1183106
	Bitmap Heap Scan on sbtest1  (cost=21.73..3508.65 rows=907 width=121)
	  Recheck Cond: ((id >= 1182107) AND (id <= 1183106))
	  ->  Bitmap Index Scan on sbtest1_pkey  (cost=0.00..21.50 rows=907 width=0)
	        Index Cond: ((id >= 1182107) AND (id <= 1183106))

table 2 : explain SELECT c FROM sbtest2 WHERE id BETWEEN 1332544 AND 1333543
	Bitmap Heap Scan on sbtest2  (cost=22.78..3894.11 rows=1009 width=121)
	  Recheck Cond: ((id >= 1332544) AND (id <= 1333543))
	  ->  Bitmap Index Scan on sbtest2_pkey  (cost=0.00..22.52 rows=1009 width=0)
	        Index Cond: ((id >= 1332544) AND (id <= 1333543))

table 3 : explain SELECT c FROM sbtest3 WHERE id BETWEEN 6649324 AND 6650323
	Bitmap Heap Scan on sbtest3  (cost=23.11..4014.62 rows=1041 width=121)
	  Recheck Cond: ((id >= 6649324) AND (id <= 6650323))
	  ->  Bitmap Index Scan on sbtest3_pkey  (cost=0.00..22.84 rows=1041 width=0)
	        Index Cond: ((id >= 6649324) AND (id <= 6650323))

table 4 : explain SELECT c FROM sbtest4 WHERE id BETWEEN 5607501 AND 5608500
	Bitmap Heap Scan on sbtest4  (cost=21.99..3604.76 rows=932 width=121)
	  Recheck Cond: ((id >= 5607501) AND (id <= 5608500))
	  ->  Bitmap Index Scan on sbtest4_pkey  (cost=0.00..21.75 rows=932 width=0)
	        Index Cond: ((id >= 5607501) AND (id <= 5608500))

table 5 : explain SELECT c FROM sbtest5 WHERE id BETWEEN 9886953 AND 9887952
	Bitmap Heap Scan on sbtest5  (cost=23.25..4068.26 rows=1055 width=121)
	  Recheck Cond: ((id >= 9886953) AND (id <= 9887952))
	  ->  Bitmap Index Scan on sbtest5_pkey  (cost=0.00..22.98 rows=1055 width=0)
	        Index Cond: ((id >= 9886953) AND (id <= 9887952))

table 6 : explain SELECT c FROM sbtest6 WHERE id BETWEEN 4204849 AND 4205848
	Bitmap Heap Scan on sbtest6  (cost=22.52..3801.71 rows=984 width=121)
	  Recheck Cond: ((id >= 4204849) AND (id <= 4205848))
	  ->  Bitmap Index Scan on sbtest6_pkey  (cost=0.00..22.27 rows=984 width=0)
	        Index Cond: ((id >= 4204849) AND (id <= 4205848))

table 7 : explain SELECT c FROM sbtest7 WHERE id BETWEEN 342852 AND 343851
	Bitmap Heap Scan on sbtest7  (cost=23.23..4061.45 rows=1053 width=121)
	  Recheck Cond: ((id >= 342852) AND (id <= 343851))
	  ->  Bitmap Index Scan on sbtest7_pkey  (cost=0.00..22.96 rows=1053 width=0)
	        Index Cond: ((id >= 342852) AND (id <= 343851))

table 8 : explain SELECT c FROM sbtest8 WHERE id BETWEEN 4669181 AND 4670180
	Bitmap Heap Scan on sbtest8  (cost=22.81..3907.19 rows=1012 width=121)
	  Recheck Cond: ((id >= 4669181) AND (id <= 4670180))
	  ->  Bitmap Index Scan on sbtest8_pkey  (cost=0.00..22.55 rows=1012 width=0)
	        Index Cond: ((id >= 4669181) AND (id <= 4670180))

for: distinct_ranges
table 1 : explain SELECT DISTINCT c FROM sbtest1 WHERE id BETWEEN 8522793 AND 8523792 ORDER BY c
	Unique  (cost=3985.42..3990.52 rows=1020 width=121)
	  ->  Sort  (cost=3985.42..3987.97 rows=1020 width=121)
	        Sort Key: c
	        ->  Bitmap Heap Scan on sbtest1  (cost=22.89..3934.45 rows=1020 width=121)
	              Recheck Cond: ((id >= 8522793) AND (id <= 8523792))
	              ->  Bitmap Index Scan on sbtest1_pkey  (cost=0.00..22.64 rows=1020 width=0)
	                    Index Cond: ((id >= 8522793) AND (id <= 8523792))

table 2 : explain SELECT DISTINCT c FROM sbtest2 WHERE id BETWEEN 4551014 AND 4552013 ORDER BY c
	Unique  (cost=3936.81..3941.84 rows=1007 width=121)
	  ->  Sort  (cost=3936.81..3939.32 rows=1007 width=121)
	        Sort Key: c
	        ->  Bitmap Heap Scan on sbtest2  (cost=22.76..3886.58 rows=1007 width=121)
	              Recheck Cond: ((id >= 4551014) AND (id <= 4552013))
	              ->  Bitmap Index Scan on sbtest2_pkey  (cost=0.00..22.50 rows=1007 width=0)
	                    Index Cond: ((id >= 4551014) AND (id <= 4552013))

table 3 : explain SELECT DISTINCT c FROM sbtest3 WHERE id BETWEEN 8346520 AND 8347519 ORDER BY c
	Unique  (cost=4062.98..4068.18 rows=1040 width=121)
	  ->  Sort  (cost=4062.98..4065.58 rows=1040 width=121)
	        Sort Key: c
	        ->  Bitmap Heap Scan on sbtest3  (cost=23.09..4010.86 rows=1040 width=121)
	              Recheck Cond: ((id >= 8346520) AND (id <= 8347519))
	              ->  Bitmap Index Scan on sbtest3_pkey  (cost=0.00..22.83 rows=1040 width=0)
	                    Index Cond: ((id >= 8346520) AND (id <= 8347519))

table 4 : explain SELECT DISTINCT c FROM sbtest4 WHERE id BETWEEN 8119624 AND 8120623 ORDER BY c
	Unique  (cost=3953.04..3958.10 rows=1011 width=121)
	  ->  Sort  (cost=3953.04..3955.57 rows=1011 width=121)
	        Sort Key: c
	        ->  Bitmap Heap Scan on sbtest4  (cost=22.80..3902.58 rows=1011 width=121)
	              Recheck Cond: ((id >= 8119624) AND (id <= 8120623))
	              ->  Bitmap Index Scan on sbtest4_pkey  (cost=0.00..22.54 rows=1011 width=0)
	                    Index Cond: ((id >= 8119624) AND (id <= 8120623))

table 5 : explain SELECT DISTINCT c FROM sbtest5 WHERE id BETWEEN 2330279 AND 2331278 ORDER BY c
	Unique  (cost=3911.13..3916.13 rows=1000 width=121)
	  ->  Sort  (cost=3911.13..3913.63 rows=1000 width=121)
	        Sort Key: c
	        ->  Bitmap Heap Scan on sbtest5  (cost=22.68..3861.30 rows=1000 width=121)
	              Recheck Cond: ((id >= 2330279) AND (id <= 2331278))
	              ->  Bitmap Index Scan on sbtest5_pkey  (cost=0.00..22.43 rows=1000 width=0)
	                    Index Cond: ((id >= 2330279) AND (id <= 2331278))

table 6 : explain SELECT DISTINCT c FROM sbtest6 WHERE id BETWEEN 252839 AND 253838 ORDER BY c
	Unique  (cost=4022.69..4027.84 rows=1029 width=121)
	  ->  Sort  (cost=4022.69..4025.26 rows=1029 width=121)
	        Sort Key: c
	        ->  Bitmap Heap Scan on sbtest6  (cost=22.98..3971.20 rows=1029 width=121)
	              Recheck Cond: ((id >= 252839) AND (id <= 253838))
	              ->  Bitmap Index Scan on sbtest6_pkey  (cost=0.00..22.72 rows=1029 width=0)
	                    Index Cond: ((id >= 252839) AND (id <= 253838))

table 7 : explain SELECT DISTINCT c FROM sbtest7 WHERE id BETWEEN 2732677 AND 2733676 ORDER BY c
	Unique  (cost=3793.17..3798.01 rows=969 width=121)
	  ->  Sort  (cost=3793.17..3795.59 rows=969 width=121)
	        Sort Key: c
	        ->  Bitmap Heap Scan on sbtest7  (cost=22.37..3745.10 rows=969 width=121)
	              Recheck Cond: ((id >= 2732677) AND (id <= 2733676))
	              ->  Bitmap Index Scan on sbtest7_pkey  (cost=0.00..22.12 rows=969 width=0)
	                    Index Cond: ((id >= 2732677) AND (id <= 2733676))

table 8 : explain SELECT DISTINCT c FROM sbtest8 WHERE id BETWEEN 3722840 AND 3723839 ORDER BY c
	Unique  (cost=3980.64..3985.73 rows=1018 width=121)
	  ->  Sort  (cost=3980.64..3983.19 rows=1018 width=121)
	        Sort Key: c
	        ->  Bitmap Heap Scan on sbtest8  (cost=22.87..3929.79 rows=1018 width=121)
	              Recheck Cond: ((id >= 3722840) AND (id <= 3723839))
	              ->  Bitmap Index Scan on sbtest8_pkey  (cost=0.00..22.61 rows=1018 width=0)
	                    Index Cond: ((id >= 3722840) AND (id <= 3723839))

for: distinct_ranges
table 1 : explain SELECT DISTINCT c FROM sbtest1 WHERE id BETWEEN 9658428 AND 9659427 ORDER BY c
	Unique  (cost=3541.71..3546.23 rows=904 width=121)
	  ->  Sort  (cost=3541.71..3543.97 rows=904 width=121)
	        Sort Key: c
	        ->  Bitmap Heap Scan on sbtest1  (cost=21.70..3497.32 rows=904 width=121)
	              Recheck Cond: ((id >= 9658428) AND (id <= 9659427))
	              ->  Bitmap Index Scan on sbtest1_pkey  (cost=0.00..21.47 rows=904 width=0)
	                    Index Cond: ((id >= 9658428) AND (id <= 9659427))

table 2 : explain SELECT DISTINCT c FROM sbtest2 WHERE id BETWEEN 396726 AND 397725 ORDER BY c
	Unique  (cost=3952.09..3957.14 rows=1011 width=121)
	  ->  Sort  (cost=3952.09..3954.62 rows=1011 width=121)
	        Sort Key: c
	        ->  Bitmap Heap Scan on sbtest2  (cost=22.80..3901.63 rows=1011 width=121)
	              Recheck Cond: ((id >= 396726) AND (id <= 397725))
	              ->  Bitmap Index Scan on sbtest2_pkey  (cost=0.00..22.54 rows=1011 width=0)
	                    Index Cond: ((id >= 396726) AND (id <= 397725))

table 3 : explain SELECT DISTINCT c FROM sbtest3 WHERE id BETWEEN 736805 AND 737804 ORDER BY c
	Unique  (cost=4509.05..4514.84 rows=1157 width=121)
	  ->  Sort  (cost=4509.05..4511.95 rows=1157 width=121)
	        Sort Key: c
	        ->  Bitmap Heap Scan on sbtest3  (cost=28.29..4450.19 rows=1157 width=121)
	              Recheck Cond: ((id >= 736805) AND (id <= 737804))
	              ->  Bitmap Index Scan on sbtest3_pkey  (cost=0.00..28.00 rows=1157 width=0)
	                    Index Cond: ((id >= 736805) AND (id <= 737804))

table 4 : explain SELECT DISTINCT c FROM sbtest4 WHERE id BETWEEN 9147389 AND 9148388 ORDER BY c
	Unique  (cost=3811.55..3816.42 rows=974 width=121)
	  ->  Sort  (cost=3811.55..3813.98 rows=974 width=121)
	        Sort Key: c
	        ->  Bitmap Heap Scan on sbtest4  (cost=22.42..3763.20 rows=974 width=121)
	              Recheck Cond: ((id >= 9147389) AND (id <= 9148388))
	              ->  Bitmap Index Scan on sbtest4_pkey  (cost=0.00..22.18 rows=974 width=0)
	                    Index Cond: ((id >= 9147389) AND (id <= 9148388))

table 5 : explain SELECT DISTINCT c FROM sbtest5 WHERE id BETWEEN 2400688 AND 2401687 ORDER BY c
	Unique  (cost=3957.00..3962.06 rows=1012 width=121)
	  ->  Sort  (cost=3957.00..3959.53 rows=1012 width=121)
	        Sort Key: c
	        ->  Bitmap Heap Scan on sbtest5  (cost=22.81..3906.49 rows=1012 width=121)
	              Recheck Cond: ((id >= 2400688) AND (id <= 2401687))
	              ->  Bitmap Index Scan on sbtest5_pkey  (cost=0.00..22.55 rows=1012 width=0)
	                    Index Cond: ((id >= 2400688) AND (id <= 2401687))

table 6 : explain SELECT DISTINCT c FROM sbtest6 WHERE id BETWEEN 334033 AND 335032 ORDER BY c
	Unique  (cost=3632.31..3636.95 rows=927 width=121)
	  ->  Sort  (cost=3632.31..3634.63 rows=927 width=121)
	        Sort Key: c
	        ->  Bitmap Heap Scan on sbtest6  (cost=21.94..3586.63 rows=927 width=121)
	              Recheck Cond: ((id >= 334033) AND (id <= 335032))
	              ->  Bitmap Index Scan on sbtest6_pkey  (cost=0.00..21.70 rows=927 width=0)
	                    Index Cond: ((id >= 334033) AND (id <= 335032))

table 7 : explain SELECT DISTINCT c FROM sbtest7 WHERE id BETWEEN 7145447 AND 7146446 ORDER BY c
	Unique  (cost=4167.75..4173.09 rows=1067 width=121)
	  ->  Sort  (cost=4167.75..4170.42 rows=1067 width=121)
	        Sort Key: c
	        ->  Bitmap Heap Scan on sbtest7  (cost=23.37..4114.08 rows=1067 width=121)
	              Recheck Cond: ((id >= 7145447) AND (id <= 7146446))
	              ->  Bitmap Index Scan on sbtest7_pkey  (cost=0.00..23.11 rows=1067 width=0)
	                    Index Cond: ((id >= 7145447) AND (id <= 7146446))

table 8 : explain SELECT DISTINCT c FROM sbtest8 WHERE id BETWEEN 7700657 AND 7701656 ORDER BY c
	Unique  (cost=4152.53..4157.84 rows=1063 width=121)
	  ->  Sort  (cost=4152.53..4155.18 rows=1063 width=121)
	        Sort Key: c
	        ->  Bitmap Heap Scan on sbtest8  (cost=23.33..4099.09 rows=1063 width=121)
	              Recheck Cond: ((id >= 7700657) AND (id <= 7701656))
	              ->  Bitmap Index Scan on sbtest8_pkey  (cost=0.00..23.07 rows=1063 width=0)
	                    Index Cond: ((id >= 7700657) AND (id <= 7701656))

for: simple_ranges
table 1 : explain SELECT c FROM sbtest1 WHERE id BETWEEN 795740 AND 796739
	Bitmap Heap Scan on sbtest1  (cost=22.60..3829.10 rows=992 width=121)
	  Recheck Cond: ((id >= 795740) AND (id <= 796739))
	  ->  Bitmap Index Scan on sbtest1_pkey  (cost=0.00..22.36 rows=992 width=0)
	        Index Cond: ((id >= 795740) AND (id <= 796739))

table 2 : explain SELECT c FROM sbtest2 WHERE id BETWEEN 5115174 AND 5116173
	Bitmap Heap Scan on sbtest2  (cost=22.16..3668.05 rows=949 width=121)
	  Recheck Cond: ((id >= 5115174) AND (id <= 5116173))
	  ->  Bitmap Index Scan on sbtest2_pkey  (cost=0.00..21.93 rows=949 width=0)
	        Index Cond: ((id >= 5115174) AND (id <= 5116173))

table 3 : explain SELECT c FROM sbtest3 WHERE id BETWEEN 2145025 AND 2146024
	Bitmap Heap Scan on sbtest3  (cost=21.80..3536.08 rows=914 width=121)
	  Recheck Cond: ((id >= 2145025) AND (id <= 2146024))
	  ->  Bitmap Index Scan on sbtest3_pkey  (cost=0.00..21.57 rows=914 width=0)
	        Index Cond: ((id >= 2145025) AND (id <= 2146024))

table 4 : explain SELECT c FROM sbtest4 WHERE id BETWEEN 8230756 AND 8231755
	Bitmap Heap Scan on sbtest4  (cost=22.13..3657.60 rows=946 width=121)
	  Recheck Cond: ((id >= 8230756) AND (id <= 8231755))
	  ->  Bitmap Index Scan on sbtest4_pkey  (cost=0.00..21.89 rows=946 width=0)
	        Index Cond: ((id >= 8230756) AND (id <= 8231755))

table 5 : explain SELECT c FROM sbtest5 WHERE id BETWEEN 6444284 AND 6445283
	Bitmap Heap Scan on sbtest5  (cost=22.49..3789.71 rows=981 width=121)
	  Recheck Cond: ((id >= 6444284) AND (id <= 6445283))
	  ->  Bitmap Index Scan on sbtest5_pkey  (cost=0.00..22.25 rows=981 width=0)
	        Index Cond: ((id >= 6444284) AND (id <= 6445283))

table 6 : explain SELECT c FROM sbtest6 WHERE id BETWEEN 6792303 AND 6793302
	Bitmap Heap Scan on sbtest6  (cost=27.83..4283.43 rows=1112 width=121)
	  Recheck Cond: ((id >= 6792303) AND (id <= 6793302))
	  ->  Bitmap Index Scan on sbtest6_pkey  (cost=0.00..27.55 rows=1112 width=0)
	        Index Cond: ((id >= 6792303) AND (id <= 6793302))

table 7 : explain SELECT c FROM sbtest7 WHERE id BETWEEN 1292215 AND 1293214
	Bitmap Heap Scan on sbtest7  (cost=22.03..3620.57 rows=936 width=121)
	  Recheck Cond: ((id >= 1292215) AND (id <= 1293214))
	  ->  Bitmap Index Scan on sbtest7_pkey  (cost=0.00..21.79 rows=936 width=0)
	        Index Cond: ((id >= 1292215) AND (id <= 1293214))

table 8 : explain SELECT c FROM sbtest8 WHERE id BETWEEN 5813685 AND 5814684
	Bitmap Heap Scan on sbtest8  (cost=22.08..3639.49 rows=941 width=121)
	  Recheck Cond: ((id >= 5813685) AND (id <= 5814684))
	  ->  Bitmap Index Scan on sbtest8_pkey  (cost=0.00..21.84 rows=941 width=0)
	        Index Cond: ((id >= 5813685) AND (id <= 5814684))

for: order_ranges
table 1 : explain SELECT c FROM sbtest1 WHERE id BETWEEN 1481455 AND 1482454 ORDER BY c
	Sort  (cost=3622.16..3624.47 rows=925 width=121)
	  Sort Key: c
	  ->  Bitmap Heap Scan on sbtest1  (cost=21.92..3576.59 rows=925 width=121)
	        Recheck Cond: ((id >= 1481455) AND (id <= 1482454))
	        ->  Bitmap Index Scan on sbtest1_pkey  (cost=0.00..21.68 rows=925 width=0)
	              Index Cond: ((id >= 1481455) AND (id <= 1482454))

table 2 : explain SELECT c FROM sbtest2 WHERE id BETWEEN 713650 AND 714649 ORDER BY c
	Sort  (cost=3795.35..3797.77 rows=970 width=121)
	  Sort Key: c
	  ->  Bitmap Heap Scan on sbtest2  (cost=22.38..3747.22 rows=970 width=121)
	        Recheck Cond: ((id >= 713650) AND (id <= 714649))
	        ->  Bitmap Index Scan on sbtest2_pkey  (cost=0.00..22.14 rows=970 width=0)
	              Index Cond: ((id >= 713650) AND (id <= 714649))

table 3 : explain SELECT c FROM sbtest3 WHERE id BETWEEN 2407303 AND 2408302 ORDER BY c
	Sort  (cost=3799.30..3801.73 rows=971 width=121)
	  Sort Key: c
	  ->  Bitmap Heap Scan on sbtest3  (cost=22.39..3751.12 rows=971 width=121)
	        Recheck Cond: ((id >= 2407303) AND (id <= 2408302))
	        ->  Bitmap Index Scan on sbtest3_pkey  (cost=0.00..22.14 rows=971 width=0)
	              Index Cond: ((id >= 2407303) AND (id <= 2408302))

table 4 : explain SELECT c FROM sbtest4 WHERE id BETWEEN 4859657 AND 4860656 ORDER BY c
	Sort  (cost=3765.62..3768.02 rows=962 width=121)
	  Sort Key: c
	  ->  Bitmap Heap Scan on sbtest4  (cost=22.30..3717.95 rows=962 width=121)
	        Recheck Cond: ((id >= 4859657) AND (id <= 4860656))
	        ->  Bitmap Index Scan on sbtest4_pkey  (cost=0.00..22.05 rows=962 width=0)
	              Index Cond: ((id >= 4859657) AND (id <= 4860656))

table 5 : explain SELECT c FROM sbtest5 WHERE id BETWEEN 1474226 AND 1475225 ORDER BY c
	Sort  (cost=3781.06..3783.47 rows=966 width=121)
	  Sort Key: c
	  ->  Bitmap Heap Scan on sbtest5  (cost=22.34..3733.17 rows=966 width=121)
	        Recheck Cond: ((id >= 1474226) AND (id <= 1475225))
	        ->  Bitmap Index Scan on sbtest5_pkey  (cost=0.00..22.09 rows=966 width=0)
	              Index Cond: ((id >= 1474226) AND (id <= 1475225))

table 6 : explain SELECT c FROM sbtest6 WHERE id BETWEEN 4111648 AND 4112647 ORDER BY c
	Sort  (cost=4152.54..4155.19 rows=1063 width=121)
	  Sort Key: c
	  ->  Bitmap Heap Scan on sbtest6  (cost=23.33..4099.10 rows=1063 width=121)
	        Recheck Cond: ((id >= 4111648) AND (id <= 4112647))
	        ->  Bitmap Index Scan on sbtest6_pkey  (cost=0.00..23.07 rows=1063 width=0)
	              Index Cond: ((id >= 4111648) AND (id <= 4112647))

table 7 : explain SELECT c FROM sbtest7 WHERE id BETWEEN 9318841 AND 9319840 ORDER BY c
	Sort  (cost=4152.48..4155.14 rows=1063 width=121)
	  Sort Key: c
	  ->  Bitmap Heap Scan on sbtest7  (cost=23.33..4099.05 rows=1063 width=121)
	        Recheck Cond: ((id >= 9318841) AND (id <= 9319840))
	        ->  Bitmap Index Scan on sbtest7_pkey  (cost=0.00..23.07 rows=1063 width=0)
	              Index Cond: ((id >= 9318841) AND (id <= 9319840))

table 8 : explain SELECT c FROM sbtest8 WHERE id BETWEEN 6753244 AND 6754243 ORDER BY c
	Sort  (cost=3862.09..3864.56 rows=987 width=121)
	  Sort Key: c
	  ->  Bitmap Heap Scan on sbtest8  (cost=22.55..3813.01 rows=987 width=121)
	        Recheck Cond: ((id >= 6753244) AND (id <= 6754243))
	        ->  Bitmap Index Scan on sbtest8_pkey  (cost=0.00..22.30 rows=987 width=0)
	              Index Cond: ((id >= 6753244) AND (id <= 6754243))

for: sum_ranges
table 1 : explain SELECT SUM(k) FROM sbtest1 WHERE id BETWEEN 3679186 AND 3680185
	Aggregate  (cost=3906.89..3906.90 rows=1 width=8)
	  ->  Bitmap Heap Scan on sbtest1  (cost=22.81..3904.36 rows=1012 width=4)
	        Recheck Cond: ((id >= 3679186) AND (id <= 3680185))
	        ->  Bitmap Index Scan on sbtest1_pkey  (cost=0.00..22.55 rows=1012 width=0)
	              Index Cond: ((id >= 3679186) AND (id <= 3680185))

table 2 : explain SELECT SUM(k) FROM sbtest2 WHERE id BETWEEN 3228651 AND 3229650
	Aggregate  (cost=4054.69..4054.70 rows=1 width=8)
	  ->  Bitmap Heap Scan on sbtest2  (cost=23.21..4052.06 rows=1051 width=4)
	        Recheck Cond: ((id >= 3228651) AND (id <= 3229650))
	        ->  Bitmap Index Scan on sbtest2_pkey  (cost=0.00..22.94 rows=1051 width=0)
	              Index Cond: ((id >= 3228651) AND (id <= 3229650))

table 3 : explain SELECT SUM(k) FROM sbtest3 WHERE id BETWEEN 7534658 AND 7535657
	Aggregate  (cost=4374.34..4374.35 rows=1 width=8)
	  ->  Bitmap Heap Scan on sbtest3  (cost=28.08..4371.50 rows=1136 width=4)
	        Recheck Cond: ((id >= 7534658) AND (id <= 7535657))
	        ->  Bitmap Index Scan on sbtest3_pkey  (cost=0.00..27.79 rows=1136 width=0)
	              Index Cond: ((id >= 7534658) AND (id <= 7535657))

table 4 : explain SELECT SUM(k) FROM sbtest4 WHERE id BETWEEN 8264381 AND 8265380
	Aggregate  (cost=4078.27..4078.28 rows=1 width=8)
	  ->  Bitmap Heap Scan on sbtest4  (cost=23.27..4075.63 rows=1057 width=4)
	        Recheck Cond: ((id >= 8264381) AND (id <= 8265380))
	        ->  Bitmap Index Scan on sbtest4_pkey  (cost=0.00..23.00 rows=1057 width=0)
	              Index Cond: ((id >= 8264381) AND (id <= 8265380))

table 5 : explain SELECT SUM(k) FROM sbtest5 WHERE id BETWEEN 3311617 AND 3312616
	Aggregate  (cost=3346.21..3346.22 rows=1 width=8)
	  ->  Bitmap Heap Scan on sbtest5  (cost=21.28..3344.06 rows=863 width=4)
	        Recheck Cond: ((id >= 3311617) AND (id <= 3312616))
	        ->  Bitmap Index Scan on sbtest5_pkey  (cost=0.00..21.07 rows=863 width=0)
	              Index Cond: ((id >= 3311617) AND (id <= 3312616))

table 6 : explain SELECT SUM(k) FROM sbtest6 WHERE id BETWEEN 654304 AND 655303
	Aggregate  (cost=3709.82..3709.83 rows=1 width=8)
	  ->  Bitmap Heap Scan on sbtest6  (cost=22.26..3707.43 rows=959 width=4)
	        Recheck Cond: ((id >= 654304) AND (id <= 655303))
	        ->  Bitmap Index Scan on sbtest6_pkey  (cost=0.00..22.02 rows=959 width=0)
	              Index Cond: ((id >= 654304) AND (id <= 655303))

table 7 : explain SELECT SUM(k) FROM sbtest7 WHERE id BETWEEN 5527977 AND 5528976
	Aggregate  (cost=3668.24..3668.25 rows=1 width=8)
	  ->  Bitmap Heap Scan on sbtest7  (cost=22.15..3665.87 rows=948 width=4)
	        Recheck Cond: ((id >= 5527977) AND (id <= 5528976))
	        ->  Bitmap Index Scan on sbtest7_pkey  (cost=0.00..21.91 rows=948 width=0)
	              Index Cond: ((id >= 5527977) AND (id <= 5528976))

table 8 : explain SELECT SUM(k) FROM sbtest8 WHERE id BETWEEN 3548189 AND 3549188
	Aggregate  (cost=3834.33..3834.34 rows=1 width=8)
	  ->  Bitmap Heap Scan on sbtest8  (cost=22.60..3831.85 rows=992 width=4)
	        Recheck Cond: ((id >= 3548189) AND (id <= 3549188))
	        ->  Bitmap Index Scan on sbtest8_pkey  (cost=0.00..22.36 rows=992 width=0)
	              Index Cond: ((id >= 3548189) AND (id <= 3549188))

explain: for point_selects :: explain SELECT c FROM sbtest%u WHERE id=%u
for: order_ranges
table 1 : explain SELECT c FROM sbtest1 WHERE id BETWEEN 8812414 AND 8813413 ORDER BY c
	Sort  (cost=3629.82..3632.14 rows=927 width=121)
	  Sort Key: c
	  ->  Bitmap Heap Scan on sbtest1  (cost=21.94..3584.14 rows=927 width=121)
	        Recheck Cond: ((id >= 8812414) AND (id <= 8813413))
	        ->  Bitmap Index Scan on sbtest1_pkey  (cost=0.00..21.70 rows=927 width=0)
	              Index Cond: ((id >= 8812414) AND (id <= 8813413))

table 2 : explain SELECT c FROM sbtest2 WHERE id BETWEEN 4560167 AND 4561166 ORDER BY c
	Sort  (cost=3936.81..3939.32 rows=1007 width=121)
	  Sort Key: c
	  ->  Bitmap Heap Scan on sbtest2  (cost=22.76..3886.58 rows=1007 width=121)
	        Recheck Cond: ((id >= 4560167) AND (id <= 4561166))
	        ->  Bitmap Index Scan on sbtest2_pkey  (cost=0.00..22.50 rows=1007 width=0)
	              Index Cond: ((id >= 4560167) AND (id <= 4561166))

table 3 : explain SELECT c FROM sbtest3 WHERE id BETWEEN 8969093 AND 8970092 ORDER BY c
	Sort  (cost=3936.94..3939.46 rows=1007 width=121)
	  Sort Key: c
	  ->  Bitmap Heap Scan on sbtest3  (cost=22.76..3886.72 rows=1007 width=121)
	        Recheck Cond: ((id >= 8969093) AND (id <= 8970092))
	        ->  Bitmap Index Scan on sbtest3_pkey  (cost=0.00..22.50 rows=1007 width=0)
	              Index Cond: ((id >= 8969093) AND (id <= 8970092))

table 4 : explain SELECT c FROM sbtest4 WHERE id BETWEEN 6805924 AND 6806923 ORDER BY c
	Sort  (cost=4315.85..4318.62 rows=1106 width=121)
	  Sort Key: c
	  ->  Bitmap Heap Scan on sbtest4  (cost=27.77..4259.94 rows=1106 width=121)
	        Recheck Cond: ((id >= 6805924) AND (id <= 6806923))
	        ->  Bitmap Index Scan on sbtest4_pkey  (cost=0.00..27.50 rows=1106 width=0)
	              Index Cond: ((id >= 6805924) AND (id <= 6806923))

table 5 : explain SELECT c FROM sbtest5 WHERE id BETWEEN 8853807 AND 8854806 ORDER BY c
	Sort  (cost=3704.48..3706.85 rows=946 width=121)
	  Sort Key: c
	  ->  Bitmap Heap Scan on sbtest5  (cost=22.13..3657.72 rows=946 width=121)
	        Recheck Cond: ((id >= 8853807) AND (id <= 8854806))
	        ->  Bitmap Index Scan on sbtest5_pkey  (cost=0.00..21.89 rows=946 width=0)
	              Index Cond: ((id >= 8853807) AND (id <= 8854806))

table 6 : explain SELECT c FROM sbtest6 WHERE id BETWEEN 8655241 AND 8656240 ORDER BY c
	Sort  (cost=3693.63..3695.99 rows=943 width=121)
	  Sort Key: c
	  ->  Bitmap Heap Scan on sbtest6  (cost=22.10..3647.04 rows=943 width=121)
	        Recheck Cond: ((id >= 8655241) AND (id <= 8656240))
	        ->  Bitmap Index Scan on sbtest6_pkey  (cost=0.00..21.86 rows=943 width=0)
	              Index Cond: ((id >= 8655241) AND (id <= 8656240))

table 7 : explain SELECT c FROM sbtest7 WHERE id BETWEEN 8677140 AND 8678139 ORDER BY c
	Sort  (cost=3636.10..3638.42 rows=928 width=121)
	  Sort Key: c
	  ->  Bitmap Heap Scan on sbtest7  (cost=21.95..3590.36 rows=928 width=121)
	        Recheck Cond: ((id >= 8677140) AND (id <= 8678139))
	        ->  Bitmap Index Scan on sbtest7_pkey  (cost=0.00..21.71 rows=928 width=0)
	              Index Cond: ((id >= 8677140) AND (id <= 8678139))

table 8 : explain SELECT c FROM sbtest8 WHERE id BETWEEN 9444419 AND 9445418 ORDER BY c
	Sort  (cost=3846.79..3849.25 rows=983 width=121)
	  Sort Key: c
	  ->  Bitmap Heap Scan on sbtest8  (cost=22.51..3797.93 rows=983 width=121)
	        Recheck Cond: ((id >= 9444419) AND (id <= 9445418))
	        ->  Bitmap Index Scan on sbtest8_pkey  (cost=0.00..22.26 rows=983 width=0)
	              Index Cond: ((id >= 9444419) AND (id <= 9445418))

for point_selects
table 1 : explain SELECT c FROM sbtest1 WHERE id=7946156
	Index Scan using sbtest1_pkey on sbtest1  (cost=0.43..8.45 rows=1 width=121)
	  Index Cond: (id = 7946156)

table 2 : explain SELECT c FROM sbtest2 WHERE id=7330095
	Index Scan using sbtest2_pkey on sbtest2  (cost=0.43..8.45 rows=1 width=121)
	  Index Cond: (id = 7330095)

table 3 : explain SELECT c FROM sbtest3 WHERE id=206957
	Index Scan using sbtest3_pkey on sbtest3  (cost=0.43..8.45 rows=1 width=121)
	  Index Cond: (id = 206957)

table 4 : explain SELECT c FROM sbtest4 WHERE id=8571480
	Index Scan using sbtest4_pkey on sbtest4  (cost=0.43..8.45 rows=1 width=121)
	  Index Cond: (id = 8571480)

table 5 : explain SELECT c FROM sbtest5 WHERE id=2229377
	Index Scan using sbtest5_pkey on sbtest5  (cost=0.43..8.45 rows=1 width=121)
	  Index Cond: (id = 2229377)

table 6 : explain SELECT c FROM sbtest6 WHERE id=8082966
	Index Scan using sbtest6_pkey on sbtest6  (cost=0.43..8.45 rows=1 width=121)
	  Index Cond: (id = 8082966)

table 7 : explain SELECT c FROM sbtest7 WHERE id=7100619
	Index Scan using sbtest7_pkey on sbtest7  (cost=0.43..8.45 rows=1 width=121)
	  Index Cond: (id = 7100619)

table 8 : explain SELECT c FROM sbtest8 WHERE id=5447202
	Index Scan using sbtest8_pkey on sbtest8  (cost=0.43..8.45 rows=1 width=121)
	  Index Cond: (id = 5447202)

for point_selects
table 1 : explain SELECT c FROM sbtest1 WHERE id=9547881
	Index Scan using sbtest1_pkey on sbtest1  (cost=0.43..8.45 rows=1 width=121)
	  Index Cond: (id = 9547881)

table 2 : explain SELECT c FROM sbtest2 WHERE id=3902461
	Index Scan using sbtest2_pkey on sbtest2  (cost=0.43..8.45 rows=1 width=121)
	  Index Cond: (id = 3902461)

table 3 : explain SELECT c FROM sbtest3 WHERE id=4995122
	Index Scan using sbtest3_pkey on sbtest3  (cost=0.43..8.45 rows=1 width=121)
	  Index Cond: (id = 4995122)

table 4 : explain SELECT c FROM sbtest4 WHERE id=1027900
	Index Scan using sbtest4_pkey on sbtest4  (cost=0.43..8.45 rows=1 width=121)
	  Index Cond: (id = 1027900)

table 5 : explain SELECT c FROM sbtest5 WHERE id=2230488
	Index Scan using sbtest5_pkey on sbtest5  (cost=0.43..8.45 rows=1 width=121)
	  Index Cond: (id = 2230488)

table 6 : explain SELECT c FROM sbtest6 WHERE id=4010030
	Index Scan using sbtest6_pkey on sbtest6  (cost=0.43..8.45 rows=1 width=121)
	  Index Cond: (id = 4010030)

table 7 : explain SELECT c FROM sbtest7 WHERE id=5288404
	Index Scan using sbtest7_pkey on sbtest7  (cost=0.43..8.45 rows=1 width=121)
	  Index Cond: (id = 5288404)

table 8 : explain SELECT c FROM sbtest8 WHERE id=4125195
	Index Scan using sbtest8_pkey on sbtest8  (cost=0.43..8.45 rows=1 width=121)
	  Index Cond: (id = 4125195)

for: sum_ranges
table 1 : explain SELECT SUM(k) FROM sbtest1 WHERE id BETWEEN 3028948 AND 3029947
	Aggregate  (cost=3661.94..3661.95 rows=1 width=8)
	  ->  Bitmap Heap Scan on sbtest1  (cost=22.14..3659.57 rows=947 width=4)
	        Recheck Cond: ((id >= 3028948) AND (id <= 3029947))
	        ->  Bitmap Index Scan on sbtest1_pkey  (cost=0.00..21.90 rows=947 width=0)
	              Index Cond: ((id >= 3028948) AND (id <= 3029947))

table 2 : explain SELECT SUM(k) FROM sbtest2 WHERE id BETWEEN 7442783 AND 7443782
	Aggregate  (cost=3956.87..3956.88 rows=1 width=8)
	  ->  Bitmap Heap Scan on sbtest2  (cost=22.94..3954.31 rows=1025 width=4)
	        Recheck Cond: ((id >= 7442783) AND (id <= 7443782))
	        ->  Bitmap Index Scan on sbtest2_pkey  (cost=0.00..22.68 rows=1025 width=0)
	              Index Cond: ((id >= 7442783) AND (id <= 7443782))

table 3 : explain SELECT SUM(k) FROM sbtest3 WHERE id BETWEEN 3088845 AND 3089844
	Aggregate  (cost=4032.27..4032.28 rows=1 width=8)
	  ->  Bitmap Heap Scan on sbtest3  (cost=23.15..4029.66 rows=1045 width=4)
	        Recheck Cond: ((id >= 3088845) AND (id <= 3089844))
	        ->  Bitmap Index Scan on sbtest3_pkey  (cost=0.00..22.89 rows=1045 width=0)
	              Index Cond: ((id >= 3088845) AND (id <= 3089844))

table 4 : explain SELECT SUM(k) FROM sbtest4 WHERE id BETWEEN 6696736 AND 6697735
	Aggregate  (cost=3776.95..3776.96 rows=1 width=8)
	  ->  Bitmap Heap Scan on sbtest4  (cost=22.45..3774.51 rows=977 width=4)
	        Recheck Cond: ((id >= 6696736) AND (id <= 6697735))
	        ->  Bitmap Index Scan on sbtest4_pkey  (cost=0.00..22.20 rows=977 width=0)
	              Index Cond: ((id >= 6696736) AND (id <= 6697735))

table 5 : explain SELECT SUM(k) FROM sbtest5 WHERE id BETWEEN 6705566 AND 6706565
	Aggregate  (cost=4040.80..4040.81 rows=1 width=8)
	  ->  Bitmap Heap Scan on sbtest5  (cost=23.17..4038.18 rows=1047 width=4)
	        Recheck Cond: ((id >= 6705566) AND (id <= 6706565))
	        ->  Bitmap Index Scan on sbtest5_pkey  (cost=0.00..22.90 rows=1047 width=0)
	              Index Cond: ((id >= 6705566) AND (id <= 6706565))

table 6 : explain SELECT SUM(k) FROM sbtest6 WHERE id BETWEEN 2295103 AND 2296102
	Aggregate  (cost=4188.25..4188.26 rows=1 width=8)
	  ->  Bitmap Heap Scan on sbtest6  (cost=23.57..4185.53 rows=1086 width=4)
	        Recheck Cond: ((id >= 2295103) AND (id <= 2296102))
	        ->  Bitmap Index Scan on sbtest6_pkey  (cost=0.00..23.29 rows=1086 width=0)
	              Index Cond: ((id >= 2295103) AND (id <= 2296102))

table 7 : explain SELECT SUM(k) FROM sbtest7 WHERE id BETWEEN 1879768 AND 1880767
	Aggregate  (cost=3822.98..3822.99 rows=1 width=8)
	  ->  Bitmap Heap Scan on sbtest7  (cost=22.57..3820.51 rows=989 width=4)
	        Recheck Cond: ((id >= 1879768) AND (id <= 1880767))
	        ->  Bitmap Index Scan on sbtest7_pkey  (cost=0.00..22.32 rows=989 width=0)
	              Index Cond: ((id >= 1879768) AND (id <= 1880767))

table 8 : explain SELECT SUM(k) FROM sbtest8 WHERE id BETWEEN 3253873 AND 3254872
	Aggregate  (cost=3634.28..3634.29 rows=1 width=8)
	  ->  Bitmap Heap Scan on sbtest8  (cost=22.06..3631.94 rows=939 width=4)
	        Recheck Cond: ((id >= 3253873) AND (id <= 3254872))
	        ->  Bitmap Index Scan on sbtest8_pkey  (cost=0.00..21.82 rows=939 width=0)
	              Index Cond: ((id >= 3253873) AND (id <= 3254872))

for: order_ranges
table 1 : explain SELECT c FROM sbtest1 WHERE id BETWEEN 1006936 AND 1007935 ORDER BY c
	Sort  (cost=3717.87..3720.24 rows=950 width=121)
	  Sort Key: c
	  ->  Bitmap Heap Scan on sbtest1  (cost=22.17..3670.88 rows=950 width=121)
	        Recheck Cond: ((id >= 1006936) AND (id <= 1007935))
	        ->  Bitmap Index Scan on sbtest1_pkey  (cost=0.00..21.93 rows=950 width=0)
	              Index Cond: ((id >= 1006936) AND (id <= 1007935))

table 2 : explain SELECT c FROM sbtest2 WHERE id BETWEEN 4450871 AND 4451870 ORDER BY c
	Sort  (cost=3887.12..3889.61 rows=994 width=121)
	  Sort Key: c
	  ->  Bitmap Heap Scan on sbtest2  (cost=22.62..3837.64 rows=994 width=121)
	        Recheck Cond: ((id >= 4450871) AND (id <= 4451870))
	        ->  Bitmap Index Scan on sbtest2_pkey  (cost=0.00..22.37 rows=994 width=0)
	              Index Cond: ((id >= 4450871) AND (id <= 4451870))

table 3 : explain SELECT c FROM sbtest3 WHERE id BETWEEN 4591771 AND 4592770 ORDER BY c
	Sort  (cost=3646.18..3648.50 rows=931 width=121)
	  Sort Key: c
	  ->  Bitmap Heap Scan on sbtest3  (cost=21.98..3600.26 rows=931 width=121)
	        Recheck Cond: ((id >= 4591771) AND (id <= 4592770))
	        ->  Bitmap Index Scan on sbtest3_pkey  (cost=0.00..21.75 rows=931 width=0)
	              Index Cond: ((id >= 4591771) AND (id <= 4592770))

table 4 : explain SELECT c FROM sbtest4 WHERE id BETWEEN 1973814 AND 1974813 ORDER BY c
	Sort  (cost=3953.04..3955.57 rows=1011 width=121)
	  Sort Key: c
	  ->  Bitmap Heap Scan on sbtest4  (cost=22.80..3902.58 rows=1011 width=121)
	        Recheck Cond: ((id >= 1973814) AND (id <= 1974813))
	        ->  Bitmap Index Scan on sbtest4_pkey  (cost=0.00..22.54 rows=1011 width=0)
	              Index Cond: ((id >= 1973814) AND (id <= 1974813))

table 5 : explain SELECT c FROM sbtest5 WHERE id BETWEEN 348533 AND 349532 ORDER BY c
	Sort  (cost=3819.33..3821.77 rows=976 width=121)
	  Sort Key: c
	  ->  Bitmap Heap Scan on sbtest5  (cost=22.44..3770.87 rows=976 width=121)
	        Recheck Cond: ((id >= 348533) AND (id <= 349532))
	        ->  Bitmap Index Scan on sbtest5_pkey  (cost=0.00..22.19 rows=976 width=0)
	              Index Cond: ((id >= 348533) AND (id <= 349532))

table 6 : explain SELECT c FROM sbtest6 WHERE id BETWEEN 2993366 AND 2994365 ORDER BY c
	Sort  (cost=4274.80..4277.54 rows=1094 width=121)
	  Sort Key: c
	  ->  Bitmap Heap Scan on sbtest6  (cost=27.65..4219.58 rows=1094 width=121)
	        Recheck Cond: ((id >= 2993366) AND (id <= 2994365))
	        ->  Bitmap Index Scan on sbtest6_pkey  (cost=0.00..27.37 rows=1094 width=0)
	              Index Cond: ((id >= 2993366) AND (id <= 2994365))

table 7 : explain SELECT c FROM sbtest7 WHERE id BETWEEN 8005846 AND 8006845 ORDER BY c
	Sort  (cost=3689.76..3692.11 rows=942 width=121)
	  Sort Key: c
	  ->  Bitmap Heap Scan on sbtest7  (cost=22.09..3643.23 rows=942 width=121)
	        Recheck Cond: ((id >= 8005846) AND (id <= 8006845))
	        ->  Bitmap Index Scan on sbtest7_pkey  (cost=0.00..21.86 rows=942 width=0)
	              Index Cond: ((id >= 8005846) AND (id <= 8006845))

table 8 : explain SELECT c FROM sbtest8 WHERE id BETWEEN 7957327 AND 7958326 ORDER BY c
	Sort  (cost=3823.83..3826.27 rows=977 width=121)
	  Sort Key: c
	  ->  Bitmap Heap Scan on sbtest8  (cost=22.45..3775.31 rows=977 width=121)
	        Recheck Cond: ((id >= 7957327) AND (id <= 7958326))
	        ->  Bitmap Index Scan on sbtest8_pkey  (cost=0.00..22.20 rows=977 width=0)
	              Index Cond: ((id >= 7957327) AND (id <= 7958326))

for: distinct_ranges
table 1 : explain SELECT DISTINCT c FROM sbtest1 WHERE id BETWEEN 6929942 AND 6930941 ORDER BY c
	Unique  (cost=4096.09..4101.33 rows=1049 width=121)
	  ->  Sort  (cost=4096.09..4098.71 rows=1049 width=121)
	        Sort Key: c
	        ->  Bitmap Heap Scan on sbtest1  (cost=23.19..4043.45 rows=1049 width=121)
	              Recheck Cond: ((id >= 6929942) AND (id <= 6930941))
	              ->  Bitmap Index Scan on sbtest1_pkey  (cost=0.00..22.93 rows=1049 width=0)
	                    Index Cond: ((id >= 6929942) AND (id <= 6930941))

table 2 : explain SELECT DISTINCT c FROM sbtest2 WHERE id BETWEEN 8540390 AND 8541389 ORDER BY c
	Unique  (cost=3684.35..3689.06 rows=941 width=121)
	  ->  Sort  (cost=3684.35..3686.70 rows=941 width=121)
	        Sort Key: c
	        ->  Bitmap Heap Scan on sbtest2  (cost=22.08..3637.87 rows=941 width=121)
	              Recheck Cond: ((id >= 8540390) AND (id <= 8541389))
	              ->  Bitmap Index Scan on sbtest2_pkey  (cost=0.00..21.84 rows=941 width=0)
	                    Index Cond: ((id >= 8540390) AND (id <= 8541389))

table 3 : explain SELECT DISTINCT c FROM sbtest3 WHERE id BETWEEN 7101163 AND 7102162 ORDER BY c
	Unique  (cost=3826.08..3830.97 rows=978 width=121)
	  ->  Sort  (cost=3826.08..3828.52 rows=978 width=121)
	        Sort Key: c
	        ->  Bitmap Heap Scan on sbtest3  (cost=22.46..3777.50 rows=978 width=121)
	              Recheck Cond: ((id >= 7101163) AND (id <= 7102162))
	              ->  Bitmap Index Scan on sbtest3_pkey  (cost=0.00..22.21 rows=978 width=0)
	                    Index Cond: ((id >= 7101163) AND (id <= 7102162))

table 4 : explain SELECT DISTINCT c FROM sbtest4 WHERE id BETWEEN 3981454 AND 3982453 ORDER BY c
	Unique  (cost=4483.41..4489.16 rows=1150 width=121)
	  ->  Sort  (cost=4483.41..4486.29 rows=1150 width=121)
	        Sort Key: c
	        ->  Bitmap Heap Scan on sbtest4  (cost=28.22..4424.95 rows=1150 width=121)
	              Recheck Cond: ((id >= 3981454) AND (id <= 3982453))
	              ->  Bitmap Index Scan on sbtest4_pkey  (cost=0.00..27.93 rows=1150 width=0)
	                    Index Cond: ((id >= 3981454) AND (id <= 3982453))

table 5 : explain SELECT DISTINCT c FROM sbtest5 WHERE id BETWEEN 6859362 AND 6860361 ORDER BY c
	Unique  (cost=3884.36..3889.33 rows=993 width=121)
	  ->  Sort  (cost=3884.36..3886.84 rows=993 width=121)
	        Sort Key: c
	        ->  Bitmap Heap Scan on sbtest5  (cost=22.61..3834.93 rows=993 width=121)
	              Recheck Cond: ((id >= 6859362) AND (id <= 6860361))
	              ->  Bitmap Index Scan on sbtest5_pkey  (cost=0.00..22.36 rows=993 width=0)
	                    Index Cond: ((id >= 6859362) AND (id <= 6860361))

table 6 : explain SELECT DISTINCT c FROM sbtest6 WHERE id BETWEEN 9762519 AND 9763518 ORDER BY c
	Unique  (cost=3777.90..3782.72 rows=965 width=121)
	  ->  Sort  (cost=3777.90..3780.31 rows=965 width=121)
	        Sort Key: c
	        ->  Bitmap Heap Scan on sbtest6  (cost=22.33..3730.06 rows=965 width=121)
	              Recheck Cond: ((id >= 9762519) AND (id <= 9763518))
	              ->  Bitmap Index Scan on sbtest6_pkey  (cost=0.00..22.08 rows=965 width=0)
	                    Index Cond: ((id >= 9762519) AND (id <= 9763518))

table 7 : explain SELECT DISTINCT c FROM sbtest7 WHERE id BETWEEN 9049469 AND 9050468 ORDER BY c
	Unique  (cost=4267.12..4272.58 rows=1092 width=121)
	  ->  Sort  (cost=4267.12..4269.85 rows=1092 width=121)
	        Sort Key: c
	        ->  Bitmap Heap Scan on sbtest7  (cost=27.63..4212.02 rows=1092 width=121)
	              Recheck Cond: ((id >= 9049469) AND (id <= 9050468))
	              ->  Bitmap Index Scan on sbtest7_pkey  (cost=0.00..27.36 rows=1092 width=0)
	                    Index Cond: ((id >= 9049469) AND (id <= 9050468))

table 8 : explain SELECT DISTINCT c FROM sbtest8 WHERE id BETWEEN 8453402 AND 8454401 ORDER BY c
	Unique  (cost=4076.16..4081.38 rows=1043 width=121)
	  ->  Sort  (cost=4076.16..4078.77 rows=1043 width=121)
	        Sort Key: c
	        ->  Bitmap Heap Scan on sbtest8  (cost=23.13..4023.88 rows=1043 width=121)
	              Recheck Cond: ((id >= 8453402) AND (id <= 8454401))
	              ->  Bitmap Index Scan on sbtest8_pkey  (cost=0.00..22.86 rows=1043 width=0)
	                    Index Cond: ((id >= 8453402) AND (id <= 8454401))

for: order_ranges
table 1 : explain SELECT c FROM sbtest1 WHERE id BETWEEN 9648526 AND 9649525 ORDER BY c
	Sort  (cost=3541.71..3543.97 rows=904 width=121)
	  Sort Key: c
	  ->  Bitmap Heap Scan on sbtest1  (cost=21.70..3497.32 rows=904 width=121)
	        Recheck Cond: ((id >= 9648526) AND (id <= 9649525))
	        ->  Bitmap Index Scan on sbtest1_pkey  (cost=0.00..21.47 rows=904 width=0)
	              Index Cond: ((id >= 9648526) AND (id <= 9649525))

table 2 : explain SELECT c FROM sbtest2 WHERE id BETWEEN 9652829 AND 9653828 ORDER BY c
	Sort  (cost=4272.86..4275.59 rows=1095 width=121)
	  Sort Key: c
	  ->  Bitmap Heap Scan on sbtest2  (cost=27.66..4217.58 rows=1095 width=121)
	        Recheck Cond: ((id >= 9652829) AND (id <= 9653828))
	        ->  Bitmap Index Scan on sbtest2_pkey  (cost=0.00..27.39 rows=1095 width=0)
	              Index Cond: ((id >= 9652829) AND (id <= 9653828))

table 3 : explain SELECT c FROM sbtest3 WHERE id BETWEEN 5263406 AND 5264405 ORDER BY c
	Sort  (cost=3791.65..3794.07 rows=969 width=121)
	  Sort Key: c
	  ->  Bitmap Heap Scan on sbtest3  (cost=22.37..3743.59 rows=969 width=121)
	        Recheck Cond: ((id >= 5263406) AND (id <= 5264405))
	        ->  Bitmap Index Scan on sbtest3_pkey  (cost=0.00..22.12 rows=969 width=0)
	              Index Cond: ((id >= 5263406) AND (id <= 5264405))

table 4 : explain SELECT c FROM sbtest4 WHERE id BETWEEN 9838583 AND 9839582 ORDER BY c
	Sort  (cost=3987.43..3989.98 rows=1020 width=121)
	  Sort Key: c
	  ->  Bitmap Heap Scan on sbtest4  (cost=22.89..3936.46 rows=1020 width=121)
	        Recheck Cond: ((id >= 9838583) AND (id <= 9839582))
	        ->  Bitmap Index Scan on sbtest4_pkey  (cost=0.00..22.64 rows=1020 width=0)
	              Index Cond: ((id >= 9838583) AND (id <= 9839582))

table 5 : explain SELECT c FROM sbtest5 WHERE id BETWEEN 4170579 AND 4171578 ORDER BY c
	Sort  (cost=3972.29..3974.83 rows=1016 width=121)
	  Sort Key: c
	  ->  Bitmap Heap Scan on sbtest5  (cost=22.85..3921.54 rows=1016 width=121)
	        Recheck Cond: ((id >= 4170579) AND (id <= 4171578))
	        ->  Bitmap Index Scan on sbtest5_pkey  (cost=0.00..22.59 rows=1016 width=0)
	              Index Cond: ((id >= 4170579) AND (id <= 4171578))

table 6 : explain SELECT c FROM sbtest6 WHERE id BETWEEN 4742961 AND 4743960 ORDER BY c
	Sort  (cost=3547.94..3550.21 rows=905 width=121)
	  Sort Key: c
	  ->  Bitmap Heap Scan on sbtest6  (cost=21.71..3503.50 rows=905 width=121)
	        Recheck Cond: ((id >= 4742961) AND (id <= 4743960))
	        ->  Bitmap Index Scan on sbtest6_pkey  (cost=0.00..21.48 rows=905 width=0)
	              Index Cond: ((id >= 4742961) AND (id <= 4743960))

table 7 : explain SELECT c FROM sbtest7 WHERE id BETWEEN 1875249 AND 1876248 ORDER BY c
	Sort  (cost=3869.71..3872.18 rows=989 width=121)
	  Sort Key: c
	  ->  Bitmap Heap Scan on sbtest7  (cost=22.57..3820.51 rows=989 width=121)
	        Recheck Cond: ((id >= 1875249) AND (id <= 1876248))
	        ->  Bitmap Index Scan on sbtest7_pkey  (cost=0.00..22.32 rows=989 width=0)
	              Index Cond: ((id >= 1875249) AND (id <= 1876248))

table 8 : explain SELECT c FROM sbtest8 WHERE id BETWEEN 7272661 AND 7273660 ORDER BY c
	Sort  (cost=3766.40..3768.81 rows=962 width=121)
	  Sort Key: c
	  ->  Bitmap Heap Scan on sbtest8  (cost=22.30..3718.74 rows=962 width=121)
	        Recheck Cond: ((id >= 7272661) AND (id <= 7273660))
	        ->  Bitmap Index Scan on sbtest8_pkey  (cost=0.00..22.05 rows=962 width=0)
	              Index Cond: ((id >= 7272661) AND (id <= 7273660))

for point_selects
table 1 : explain SELECT c FROM sbtest1 WHERE id=520382
	Index Scan using sbtest1_pkey on sbtest1  (cost=0.43..8.45 rows=1 width=121)
	  Index Cond: (id = 520382)

table 2 : explain SELECT c FROM sbtest2 WHERE id=6925700
	Index Scan using sbtest2_pkey on sbtest2  (cost=0.43..8.45 rows=1 width=121)
	  Index Cond: (id = 6925700)

table 3 : explain SELECT c FROM sbtest3 WHERE id=5845459
	Index Scan using sbtest3_pkey on sbtest3  (cost=0.43..8.45 rows=1 width=121)
	  Index Cond: (id = 5845459)

table 4 : explain SELECT c FROM sbtest4 WHERE id=2961501
	Index Scan using sbtest4_pkey on sbtest4  (cost=0.43..8.45 rows=1 width=121)
	  Index Cond: (id = 2961501)

table 5 : explain SELECT c FROM sbtest5 WHERE id=4269438
	Index Scan using sbtest5_pkey on sbtest5  (cost=0.43..8.45 rows=1 width=121)
	  Index Cond: (id = 4269438)

table 6 : explain SELECT c FROM sbtest6 WHERE id=4545997
	Index Scan using sbtest6_pkey on sbtest6  (cost=0.43..8.45 rows=1 width=121)
	  Index Cond: (id = 4545997)

table 7 : explain SELECT c FROM sbtest7 WHERE id=3489640
	Index Scan using sbtest7_pkey on sbtest7  (cost=0.43..8.45 rows=1 width=121)
	  Index Cond: (id = 3489640)

table 8 : explain SELECT c FROM sbtest8 WHERE id=347473
	Index Scan using sbtest8_pkey on sbtest8  (cost=0.43..8.45 rows=1 width=121)
	  Index Cond: (id = 347473)

for: order_ranges
table 1 : explain SELECT c FROM sbtest1 WHERE id BETWEEN 3161994 AND 3162993 ORDER BY c
	Sort  (cost=3591.52..3593.81 rows=917 width=121)
	  Sort Key: c
	  ->  Bitmap Heap Scan on sbtest1  (cost=21.83..3546.40 rows=917 width=121)
	        Recheck Cond: ((id >= 3161994) AND (id <= 3162993))
	        ->  Bitmap Index Scan on sbtest1_pkey  (cost=0.00..21.61 rows=917 width=0)
	              Index Cond: ((id >= 3161994) AND (id <= 3162993))

table 2 : explain SELECT c FROM sbtest2 WHERE id BETWEEN 4091553 AND 4092552 ORDER BY c
	Sort  (cost=4066.65..4069.25 rows=1041 width=121)
	  Sort Key: c
	  ->  Bitmap Heap Scan on sbtest2  (cost=23.11..4014.48 rows=1041 width=121)
	        Recheck Cond: ((id >= 4091553) AND (id <= 4092552))
	        ->  Bitmap Index Scan on sbtest2_pkey  (cost=0.00..22.84 rows=1041 width=0)
	              Index Cond: ((id >= 4091553) AND (id <= 4092552))

table 3 : explain SELECT c FROM sbtest3 WHERE id BETWEEN 8327959 AND 8328958 ORDER BY c
	Sort  (cost=4062.98..4065.58 rows=1040 width=121)
	  Sort Key: c
	  ->  Bitmap Heap Scan on sbtest3  (cost=23.09..4010.86 rows=1040 width=121)
	        Recheck Cond: ((id >= 8327959) AND (id <= 8328958))
	        ->  Bitmap Index Scan on sbtest3_pkey  (cost=0.00..22.83 rows=1040 width=0)
	              Index Cond: ((id >= 8327959) AND (id <= 8328958))

table 4 : explain SELECT c FROM sbtest4 WHERE id BETWEEN 462667 AND 463666 ORDER BY c
	Sort  (cost=3570.23..3572.51 rows=911 width=121)
	  Sort Key: c
	  ->  Bitmap Heap Scan on sbtest4  (cost=21.77..3525.45 rows=911 width=121)
	        Recheck Cond: ((id >= 462667) AND (id <= 463666))
	        ->  Bitmap Index Scan on sbtest4_pkey  (cost=0.00..21.54 rows=911 width=0)
	              Index Cond: ((id >= 462667) AND (id <= 463666))

table 5 : explain SELECT c FROM sbtest5 WHERE id BETWEEN 6219173 AND 6220172 ORDER BY c
	Sort  (cost=4270.19..4272.92 rows=1093 width=121)
	  Sort Key: c
	  ->  Bitmap Heap Scan on sbtest5  (cost=27.64..4215.02 rows=1093 width=121)
	        Recheck Cond: ((id >= 6219173) AND (id <= 6220172))
	        ->  Bitmap Index Scan on sbtest5_pkey  (cost=0.00..27.36 rows=1093 width=0)
	              Index Cond: ((id >= 6219173) AND (id <= 6220172))

table 6 : explain SELECT c FROM sbtest6 WHERE id BETWEEN 3879132 AND 3880131 ORDER BY c
	Sort  (cost=3770.24..3772.65 rows=963 width=121)
	  Sort Key: c
	  ->  Bitmap Heap Scan on sbtest6  (cost=22.31..3722.52 rows=963 width=121)
	        Recheck Cond: ((id >= 3879132) AND (id <= 3880131))
	        ->  Bitmap Index Scan on sbtest6_pkey  (cost=0.00..22.07 rows=963 width=0)
	              Index Cond: ((id >= 3879132) AND (id <= 3880131))

table 7 : explain SELECT c FROM sbtest7 WHERE id BETWEEN 6277539 AND 6278538 ORDER BY c
	Sort  (cost=4041.74..4044.33 rows=1034 width=121)
	  Sort Key: c
	  ->  Bitmap Heap Scan on sbtest7  (cost=23.03..3989.97 rows=1034 width=121)
	        Recheck Cond: ((id >= 6277539) AND (id <= 6278538))
	        ->  Bitmap Index Scan on sbtest7_pkey  (cost=0.00..22.77 rows=1034 width=0)
	              Index Cond: ((id >= 6277539) AND (id <= 6278538))

table 8 : explain SELECT c FROM sbtest8 WHERE id BETWEEN 3747752 AND 3748751 ORDER BY c
	Sort  (cost=3980.64..3983.19 rows=1018 width=121)
	  Sort Key: c
	  ->  Bitmap Heap Scan on sbtest8  (cost=22.87..3929.79 rows=1018 width=121)
	        Recheck Cond: ((id >= 3747752) AND (id <= 3748751))
	        ->  Bitmap Index Scan on sbtest8_pkey  (cost=0.00..22.61 rows=1018 width=0)
	              Index Cond: ((id >= 3747752) AND (id <= 3748751))

for: distinct_ranges
table 1 : explain SELECT DISTINCT c FROM sbtest1 WHERE id BETWEEN 568953 AND 569952 ORDER BY c
	Unique  (cost=3909.04..3914.04 rows=1000 width=121)
	  ->  Sort  (cost=3909.04..3911.54 rows=1000 width=121)
	        Sort Key: c
	        ->  Bitmap Heap Scan on sbtest1  (cost=22.68..3859.21 rows=1000 width=121)
	              Recheck Cond: ((id >= 568953) AND (id <= 569952))
	              ->  Bitmap Index Scan on sbtest1_pkey  (cost=0.00..22.43 rows=1000 width=0)
	                    Index Cond: ((id >= 568953) AND (id <= 569952))

table 2 : explain SELECT DISTINCT c FROM sbtest2 WHERE id BETWEEN 3152368 AND 3153367 ORDER BY c
	Unique  (cost=3929.16..3934.19 rows=1005 width=121)
	  ->  Sort  (cost=3929.16..3931.68 rows=1005 width=121)
	        Sort Key: c
	        ->  Bitmap Heap Scan on sbtest2  (cost=22.74..3879.05 rows=1005 width=121)
	              Recheck Cond: ((id >= 3152368) AND (id <= 3153367))
	              ->  Bitmap Index Scan on sbtest2_pkey  (cost=0.00..22.48 rows=1005 width=0)
	                    Index Cond: ((id >= 3152368) AND (id <= 3153367))

table 3 : explain SELECT DISTINCT c FROM sbtest3 WHERE id BETWEEN 3821875 AND 3822874 ORDER BY c
	Unique  (cost=4066.79..4072.00 rows=1041 width=121)
	  ->  Sort  (cost=4066.79..4069.40 rows=1041 width=121)
	        Sort Key: c
	        ->  Bitmap Heap Scan on sbtest3  (cost=23.11..4014.62 rows=1041 width=121)
	              Recheck Cond: ((id >= 3821875) AND (id <= 3822874))
	              ->  Bitmap Index Scan on sbtest3_pkey  (cost=0.00..22.84 rows=1041 width=0)
	                    Index Cond: ((id >= 3821875) AND (id <= 3822874))

table 4 : explain SELECT DISTINCT c FROM sbtest4 WHERE id BETWEEN 3864881 AND 3865880 ORDER BY c
	Unique  (cost=3949.22..3954.27 rows=1010 width=121)
	  ->  Sort  (cost=3949.22..3951.74 rows=1010 width=121)
	        Sort Key: c
	        ->  Bitmap Heap Scan on sbtest4  (cost=22.79..3898.82 rows=1010 width=121)
	              Recheck Cond: ((id >= 3864881) AND (id <= 3865880))
	              ->  Bitmap Index Scan on sbtest4_pkey  (cost=0.00..22.54 rows=1010 width=0)
	                    Index Cond: ((id >= 3864881) AND (id <= 3865880))

table 5 : explain SELECT DISTINCT c FROM sbtest5 WHERE id BETWEEN 1018238 AND 1019237 ORDER BY c
	Unique  (cost=3715.97..3720.72 rows=949 width=121)
	  ->  Sort  (cost=3715.97..3718.34 rows=949 width=121)
	        Sort Key: c
	        ->  Bitmap Heap Scan on sbtest5  (cost=22.16..3669.04 rows=949 width=121)
	              Recheck Cond: ((id >= 1018238) AND (id <= 1019237))
	              ->  Bitmap Index Scan on sbtest5_pkey  (cost=0.00..21.93 rows=949 width=0)
	                    Index Cond: ((id >= 1018238) AND (id <= 1019237))

table 6 : explain SELECT DISTINCT c FROM sbtest6 WHERE id BETWEEN 6818015 AND 6819014 ORDER BY c
	Unique  (cost=4339.70..4345.26 rows=1112 width=121)
	  ->  Sort  (cost=4339.70..4342.48 rows=1112 width=121)
	        Sort Key: c
	        ->  Bitmap Heap Scan on sbtest6  (cost=27.83..4283.43 rows=1112 width=121)
	              Recheck Cond: ((id >= 6818015) AND (id <= 6819014))
	              ->  Bitmap Index Scan on sbtest6_pkey  (cost=0.00..27.55 rows=1112 width=0)
	                    Index Cond: ((id >= 6818015) AND (id <= 6819014))

table 7 : explain SELECT DISTINCT c FROM sbtest7 WHERE id BETWEEN 8200821 AND 8201820 ORDER BY c
	Unique  (cost=3953.85..3958.90 rows=1011 width=121)
	  ->  Sort  (cost=3953.85..3956.37 rows=1011 width=121)
	        Sort Key: c
	        ->  Bitmap Heap Scan on sbtest7  (cost=22.80..3903.39 rows=1011 width=121)
	              Recheck Cond: ((id >= 8200821) AND (id <= 8201820))
	              ->  Bitmap Index Scan on sbtest7_pkey  (cost=0.00..22.54 rows=1011 width=0)
	                    Index Cond: ((id >= 8200821) AND (id <= 8201820))

table 8 : explain SELECT DISTINCT c FROM sbtest8 WHERE id BETWEEN 8187970 AND 8188969 ORDER BY c
	Unique  (cost=3593.96..3598.55 rows=917 width=121)
	  ->  Sort  (cost=3593.96..3596.26 rows=917 width=121)
	        Sort Key: c
	        ->  Bitmap Heap Scan on sbtest8  (cost=21.83..3548.84 rows=917 width=121)
	              Recheck Cond: ((id >= 8187970) AND (id <= 8188969))
	              ->  Bitmap Index Scan on sbtest8_pkey  (cost=0.00..21.61 rows=917 width=0)
	                    Index Cond: ((id >= 8187970) AND (id <= 8188969))

for: distinct_ranges
table 1 : explain SELECT DISTINCT c FROM sbtest1 WHERE id BETWEEN 9871475 AND 9872474 ORDER BY c
	Unique  (cost=3721.69..3726.45 rows=951 width=121)
	  ->  Sort  (cost=3721.69..3724.07 rows=951 width=121)
	        Sort Key: c
	        ->  Bitmap Heap Scan on sbtest1  (cost=22.18..3674.65 rows=951 width=121)
	              Recheck Cond: ((id >= 9871475) AND (id <= 9872474))
	              ->  Bitmap Index Scan on sbtest1_pkey  (cost=0.00..21.94 rows=951 width=0)
	                    Index Cond: ((id >= 9871475) AND (id <= 9872474))

table 2 : explain SELECT DISTINCT c FROM sbtest2 WHERE id BETWEEN 685880 AND 686879 ORDER BY c
	Unique  (cost=4146.78..4152.09 rows=1062 width=121)
	  ->  Sort  (cost=4146.78..4149.43 rows=1062 width=121)
	        Sort Key: c
	        ->  Bitmap Heap Scan on sbtest2  (cost=23.32..4093.40 rows=1062 width=121)
	              Recheck Cond: ((id >= 685880) AND (id <= 686879))
	              ->  Bitmap Index Scan on sbtest2_pkey  (cost=0.00..23.05 rows=1062 width=0)
	                    Index Cond: ((id >= 685880) AND (id <= 686879))

table 3 : explain SELECT DISTINCT c FROM sbtest3 WHERE id BETWEEN 9539020 AND 9540019 ORDER BY c
	Unique  (cost=3711.28..3716.02 rows=948 width=121)
	  ->  Sort  (cost=3711.28..3713.65 rows=948 width=121)
	        Sort Key: c
	        ->  Bitmap Heap Scan on sbtest3  (cost=22.15..3664.41 rows=948 width=121)
	              Recheck Cond: ((id >= 9539020) AND (id <= 9540019))
	              ->  Bitmap Index Scan on sbtest3_pkey  (cost=0.00..21.91 rows=948 width=0)
	                    Index Cond: ((id >= 9539020) AND (id <= 9540019))

table 4 : explain SELECT DISTINCT c FROM sbtest4 WHERE id BETWEEN 8871837 AND 8872836 ORDER BY c
	Unique  (cost=3910.99..3915.99 rows=1000 width=121)
	  ->  Sort  (cost=3910.99..3913.49 rows=1000 width=121)
	        Sort Key: c
	        ->  Bitmap Heap Scan on sbtest4  (cost=22.68..3861.16 rows=1000 width=121)
	              Recheck Cond: ((id >= 8871837) AND (id <= 8872836))
	              ->  Bitmap Index Scan on sbtest4_pkey  (cost=0.00..22.43 rows=1000 width=0)
	                    Index Cond: ((id >= 8871837) AND (id <= 8872836))

table 5 : explain SELECT DISTINCT c FROM sbtest5 WHERE id BETWEEN 1353788 AND 1354787 ORDER BY c
	Unique  (cost=4151.76..4157.08 rows=1063 width=121)
	  ->  Sort  (cost=4151.76..4154.42 rows=1063 width=121)
	        Sort Key: c
	        ->  Bitmap Heap Scan on sbtest5  (cost=23.33..4098.33 rows=1063 width=121)
	              Recheck Cond: ((id >= 1353788) AND (id <= 1354787))
	              ->  Bitmap Index Scan on sbtest5_pkey  (cost=0.00..23.07 rows=1063 width=0)
	                    Index Cond: ((id >= 1353788) AND (id <= 1354787))

table 6 : explain SELECT DISTINCT c FROM sbtest6 WHERE id BETWEEN 2983188 AND 2984187 ORDER BY c
	Unique  (cost=4274.80..4280.27 rows=1094 width=121)
	  ->  Sort  (cost=4274.80..4277.54 rows=1094 width=121)
	        Sort Key: c
	        ->  Bitmap Heap Scan on sbtest6  (cost=27.65..4219.58 rows=1094 width=121)
	              Recheck Cond: ((id >= 2983188) AND (id <= 2984187))
	              ->  Bitmap Index Scan on sbtest6_pkey  (cost=0.00..27.37 rows=1094 width=0)
	                    Index Cond: ((id >= 2983188) AND (id <= 2984187))

table 7 : explain SELECT DISTINCT c FROM sbtest7 WHERE id BETWEEN 4828705 AND 4829704 ORDER BY c
	Unique  (cost=3651.44..3656.10 rows=932 width=121)
	  ->  Sort  (cost=3651.44..3653.77 rows=932 width=121)
	        Sort Key: c
	        ->  Bitmap Heap Scan on sbtest7  (cost=21.99..3605.47 rows=932 width=121)
	              Recheck Cond: ((id >= 4828705) AND (id <= 4829704))
	              ->  Bitmap Index Scan on sbtest7_pkey  (cost=0.00..21.75 rows=932 width=0)
	                    Index Cond: ((id >= 4828705) AND (id <= 4829704))

table 8 : explain SELECT DISTINCT c FROM sbtest8 WHERE id BETWEEN 6811622 AND 6812621 ORDER BY c
	Unique  (cost=4213.77..4219.16 rows=1078 width=121)
	  ->  Sort  (cost=4213.77..4216.46 rows=1078 width=121)
	        Sort Key: c
	        ->  Bitmap Heap Scan on sbtest8  (cost=27.48..4159.47 rows=1078 width=121)
	              Recheck Cond: ((id >= 6811622) AND (id <= 6812621))
	              ->  Bitmap Index Scan on sbtest8_pkey  (cost=0.00..27.21 rows=1078 width=0)
	                    Index Cond: ((id >= 6811622) AND (id <= 6812621))

for: simple_ranges
table 1 : explain SELECT c FROM sbtest1 WHERE id BETWEEN 1604392 AND 1605391
	Bitmap Heap Scan on sbtest1  (cost=21.83..3546.40 rows=917 width=121)
	  Recheck Cond: ((id >= 1604392) AND (id <= 1605391))
	  ->  Bitmap Index Scan on sbtest1_pkey  (cost=0.00..21.61 rows=917 width=0)
	        Index Cond: ((id >= 1604392) AND (id <= 1605391))

table 2 : explain SELECT c FROM sbtest2 WHERE id BETWEEN 1859489 AND 1860488
	Bitmap Heap Scan on sbtest2  (cost=22.94..3954.31 rows=1025 width=121)
	  Recheck Cond: ((id >= 1859489) AND (id <= 1860488))
	  ->  Bitmap Index Scan on sbtest2_pkey  (cost=0.00..22.68 rows=1025 width=0)
	        Index Cond: ((id >= 1859489) AND (id <= 1860488))

table 3 : explain SELECT c FROM sbtest3 WHERE id BETWEEN 5218588 AND 5219587
	Bitmap Heap Scan on sbtest3  (cost=22.37..3743.59 rows=969 width=121)
	  Recheck Cond: ((id >= 5218588) AND (id <= 5219587))
	  ->  Bitmap Index Scan on sbtest3_pkey  (cost=0.00..22.12 rows=969 width=0)
	        Index Cond: ((id >= 5218588) AND (id <= 5219587))

table 4 : explain SELECT c FROM sbtest4 WHERE id BETWEEN 6914055 AND 6915054
	Bitmap Heap Scan on sbtest4  (cost=22.49..3789.58 rows=981 width=121)
	  Recheck Cond: ((id >= 6914055) AND (id <= 6915054))
	  ->  Bitmap Index Scan on sbtest4_pkey  (cost=0.00..22.25 rows=981 width=0)
	        Index Cond: ((id >= 6914055) AND (id <= 6915054))

table 5 : explain SELECT c FROM sbtest5 WHERE id BETWEEN 2265325 AND 2266324
	Bitmap Heap Scan on sbtest5  (cost=22.68..3861.30 rows=1000 width=121)
	  Recheck Cond: ((id >= 2265325) AND (id <= 2266324))
	  ->  Bitmap Index Scan on sbtest5_pkey  (cost=0.00..22.43 rows=1000 width=0)
	        Index Cond: ((id >= 2265325) AND (id <= 2266324))

table 6 : explain SELECT c FROM sbtest6 WHERE id BETWEEN 7767056 AND 7768055
	Bitmap Heap Scan on sbtest6  (cost=22.12..3654.59 rows=945 width=121)
	  Recheck Cond: ((id >= 7767056) AND (id <= 7768055))
	  ->  Bitmap Index Scan on sbtest6_pkey  (cost=0.00..21.89 rows=945 width=0)
	        Index Cond: ((id >= 7767056) AND (id <= 7768055))

table 7 : explain SELECT c FROM sbtest7 WHERE id BETWEEN 5862091 AND 5863090
	Bitmap Heap Scan on sbtest7  (cost=22.60..3831.81 rows=992 width=121)
	  Recheck Cond: ((id >= 5862091) AND (id <= 5863090))
	  ->  Bitmap Index Scan on sbtest7_pkey  (cost=0.00..22.36 rows=992 width=0)
	        Index Cond: ((id >= 5862091) AND (id <= 5863090))

table 8 : explain SELECT c FROM sbtest8 WHERE id BETWEEN 4999984 AND 5000983
	Bitmap Heap Scan on sbtest8  (cost=22.70..3865.76 rows=1001 width=121)
	  Recheck Cond: ((id >= 4999984) AND (id <= 5000983))
	  ->  Bitmap Index Scan on sbtest8_pkey  (cost=0.00..22.44 rows=1001 width=0)
	        Index Cond: ((id >= 4999984) AND (id <= 5000983))

for: distinct_ranges
table 1 : explain SELECT DISTINCT c FROM sbtest1 WHERE id BETWEEN 5344713 AND 5345712 ORDER BY c
	Unique  (cost=4195.22..4200.59 rows=1075 width=121)
	  ->  Sort  (cost=4195.22..4197.91 rows=1075 width=121)
	        Sort Key: c
	        ->  Bitmap Heap Scan on sbtest1  (cost=23.45..4141.09 rows=1075 width=121)
	              Recheck Cond: ((id >= 5344713) AND (id <= 5345712))
	              ->  Bitmap Index Scan on sbtest1_pkey  (cost=0.00..23.18 rows=1075 width=0)
	                    Index Cond: ((id >= 5344713) AND (id <= 5345712))

table 2 : explain SELECT DISTINCT c FROM sbtest2 WHERE id BETWEEN 1181245 AND 1182244 ORDER BY c
	Unique  (cost=4055.20..4060.39 rows=1038 width=121)
	  ->  Sort  (cost=4055.20..4057.79 rows=1038 width=121)
	        Sort Key: c
	        ->  Bitmap Heap Scan on sbtest2  (cost=23.07..4003.20 rows=1038 width=121)
	              Recheck Cond: ((id >= 1181245) AND (id <= 1182244))
	              ->  Bitmap Index Scan on sbtest2_pkey  (cost=0.00..22.82 rows=1038 width=0)
	                    Index Cond: ((id >= 1181245) AND (id <= 1182244))

table 3 : explain SELECT DISTINCT c FROM sbtest3 WHERE id BETWEEN 7252593 AND 7253592 ORDER BY c
	Unique  (cost=3894.90..3899.88 rows=996 width=121)
	  ->  Sort  (cost=3894.90..3897.39 rows=996 width=121)
	        Sort Key: c
	        ->  Bitmap Heap Scan on sbtest3  (cost=22.64..3845.30 rows=996 width=121)
	              Recheck Cond: ((id >= 7252593) AND (id <= 7253592))
	              ->  Bitmap Index Scan on sbtest3_pkey  (cost=0.00..22.39 rows=996 width=0)
	                    Index Cond: ((id >= 7252593) AND (id <= 7253592))

table 4 : explain SELECT DISTINCT c FROM sbtest4 WHERE id BETWEEN 2422941 AND 2423940 ORDER BY c
	Unique  (cost=3907.17..3912.16 rows=999 width=121)
	  ->  Sort  (cost=3907.17..3909.67 rows=999 width=121)
	        Sort Key: c
	        ->  Bitmap Heap Scan on sbtest4  (cost=22.67..3857.40 rows=999 width=121)
	              Recheck Cond: ((id >= 2422941) AND (id <= 2423940))
	              ->  Bitmap Index Scan on sbtest4_pkey  (cost=0.00..22.43 rows=999 width=0)
	                    Index Cond: ((id >= 2422941) AND (id <= 2423940))

table 5 : explain SELECT DISTINCT c FROM sbtest5 WHERE id BETWEEN 3093633 AND 3094632 ORDER BY c
	Unique  (cost=3999.03..4004.15 rows=1023 width=121)
	  ->  Sort  (cost=3999.03..4001.59 rows=1023 width=121)
	        Sort Key: c
	        ->  Bitmap Heap Scan on sbtest5  (cost=22.92..3947.89 rows=1023 width=121)
	              Recheck Cond: ((id >= 3093633) AND (id <= 3094632))
	              ->  Bitmap Index Scan on sbtest5_pkey  (cost=0.00..22.66 rows=1023 width=0)
	                    Index Cond: ((id >= 3093633) AND (id <= 3094632))

table 6 : explain SELECT DISTINCT c FROM sbtest6 WHERE id BETWEEN 5813202 AND 5814201 ORDER BY c
	Unique  (cost=4339.70..4345.26 rows=1112 width=121)
	  ->  Sort  (cost=4339.70..4342.48 rows=1112 width=121)
	        Sort Key: c
	        ->  Bitmap Heap Scan on sbtest6  (cost=27.83..4283.43 rows=1112 width=121)
	              Recheck Cond: ((id >= 5813202) AND (id <= 5814201))
	              ->  Bitmap Index Scan on sbtest6_pkey  (cost=0.00..27.55 rows=1112 width=0)
	                    Index Cond: ((id >= 5813202) AND (id <= 5814201))

table 7 : explain SELECT DISTINCT c FROM sbtest7 WHERE id BETWEEN 5828493 AND 5829492 ORDER BY c
	Unique  (cost=3881.18..3886.14 rows=992 width=121)
	  ->  Sort  (cost=3881.18..3883.66 rows=992 width=121)
	        Sort Key: c
	        ->  Bitmap Heap Scan on sbtest7  (cost=22.60..3831.81 rows=992 width=121)
	              Recheck Cond: ((id >= 5828493) AND (id <= 5829492))
	              ->  Bitmap Index Scan on sbtest7_pkey  (cost=0.00..22.36 rows=992 width=0)
	                    Index Cond: ((id >= 5828493) AND (id <= 5829492))

table 8 : explain SELECT DISTINCT c FROM sbtest8 WHERE id BETWEEN 6836809 AND 6837808 ORDER BY c
	Unique  (cost=4213.77..4219.16 rows=1078 width=121)
	  ->  Sort  (cost=4213.77..4216.46 rows=1078 width=121)
	        Sort Key: c
	        ->  Bitmap Heap Scan on sbtest8  (cost=27.48..4159.47 rows=1078 width=121)
	              Recheck Cond: ((id >= 6836809) AND (id <= 6837808))
	              ->  Bitmap Index Scan on sbtest8_pkey  (cost=0.00..27.21 rows=1078 width=0)
	                    Index Cond: ((id >= 6836809) AND (id <= 6837808))

for: simple_ranges
table 1 : explain SELECT c FROM sbtest1 WHERE id BETWEEN 6616689 AND 6617688
	Bitmap Heap Scan on sbtest1  (cost=23.37..4111.06 rows=1067 width=121)
	  Recheck Cond: ((id >= 6616689) AND (id <= 6617688))
	  ->  Bitmap Index Scan on sbtest1_pkey  (cost=0.00..23.11 rows=1067 width=0)
	        Index Cond: ((id >= 6616689) AND (id <= 6617688))

table 2 : explain SELECT c FROM sbtest2 WHERE id BETWEEN 1515752 AND 1516751
	Bitmap Heap Scan on sbtest2  (cost=22.84..3916.68 rows=1015 width=121)
	  Recheck Cond: ((id >= 1515752) AND (id <= 1516751))
	  ->  Bitmap Index Scan on sbtest2_pkey  (cost=0.00..22.58 rows=1015 width=0)
	        Index Cond: ((id >= 1515752) AND (id <= 1516751))

table 3 : explain SELECT c FROM sbtest3 WHERE id BETWEEN 3779464 AND 3780463
	Bitmap Heap Scan on sbtest3  (cost=23.11..4014.62 rows=1041 width=121)
	  Recheck Cond: ((id >= 3779464) AND (id <= 3780463))
	  ->  Bitmap Index Scan on sbtest3_pkey  (cost=0.00..22.84 rows=1041 width=0)
	        Index Cond: ((id >= 3779464) AND (id <= 3780463))

table 4 : explain SELECT c FROM sbtest4 WHERE id BETWEEN 3270213 AND 3271212
	Bitmap Heap Scan on sbtest4  (cost=21.64..3476.32 rows=898 width=121)
	  Recheck Cond: ((id >= 3270213) AND (id <= 3271212))
	  ->  Bitmap Index Scan on sbtest4_pkey  (cost=0.00..21.41 rows=898 width=0)
	        Index Cond: ((id >= 3270213) AND (id <= 3271212))

table 5 : explain SELECT c FROM sbtest5 WHERE id BETWEEN 325515 AND 326514
	Bitmap Heap Scan on sbtest5  (cost=22.44..3770.87 rows=976 width=121)
	  Recheck Cond: ((id >= 325515) AND (id <= 326514))
	  ->  Bitmap Index Scan on sbtest5_pkey  (cost=0.00..22.19 rows=976 width=0)
	        Index Cond: ((id >= 325515) AND (id <= 326514))

table 6 : explain SELECT c FROM sbtest6 WHERE id BETWEEN 6972811 AND 6973810
	Bitmap Heap Scan on sbtest6  (cost=21.54..3439.22 rows=888 width=121)
	  Recheck Cond: ((id >= 6972811) AND (id <= 6973810))
	  ->  Bitmap Index Scan on sbtest6_pkey  (cost=0.00..21.32 rows=888 width=0)
	        Index Cond: ((id >= 6972811) AND (id <= 6973810))

table 7 : explain SELECT c FROM sbtest7 WHERE id BETWEEN 815730 AND 816729
	Bitmap Heap Scan on sbtest7  (cost=23.21..4053.93 rows=1051 width=121)
	  Recheck Cond: ((id >= 815730) AND (id <= 816729))
	  ->  Bitmap Index Scan on sbtest7_pkey  (cost=0.00..22.94 rows=1051 width=0)
	        Index Cond: ((id >= 815730) AND (id <= 816729))

table 8 : explain SELECT c FROM sbtest8 WHERE id BETWEEN 3867243 AND 3868242
	Bitmap Heap Scan on sbtest8  (cost=28.64..4579.57 rows=1191 width=121)
	  Recheck Cond: ((id >= 3867243) AND (id <= 3868242))
	  ->  Bitmap Index Scan on sbtest8_pkey  (cost=0.00..28.34 rows=1191 width=0)
	        Index Cond: ((id >= 3867243) AND (id <= 3868242))

for: simple_ranges
table 1 : explain SELECT c FROM sbtest1 WHERE id BETWEEN 170584 AND 171583
	Bitmap Heap Scan on sbtest1  (cost=22.01..3610.54 rows=934 width=121)
	  Recheck Cond: ((id >= 170584) AND (id <= 171583))
	  ->  Bitmap Index Scan on sbtest1_pkey  (cost=0.00..21.77 rows=934 width=0)
	        Index Cond: ((id >= 170584) AND (id <= 171583))

table 2 : explain SELECT c FROM sbtest2 WHERE id BETWEEN 8563349 AND 8564348
	Bitmap Heap Scan on sbtest2  (cost=22.08..3637.87 rows=941 width=121)
	  Recheck Cond: ((id >= 8563349) AND (id <= 8564348))
	  ->  Bitmap Index Scan on sbtest2_pkey  (cost=0.00..21.84 rows=941 width=0)
	        Index Cond: ((id >= 8563349) AND (id <= 8564348))

table 3 : explain SELECT c FROM sbtest3 WHERE id BETWEEN 9001429 AND 9002428
	Bitmap Heap Scan on sbtest3  (cost=21.92..3577.62 rows=925 width=121)
	  Recheck Cond: ((id >= 9001429) AND (id <= 9002428))
	  ->  Bitmap Index Scan on sbtest3_pkey  (cost=0.00..21.68 rows=925 width=0)
	        Index Cond: ((id >= 9001429) AND (id <= 9002428))

table 4 : explain SELECT c FROM sbtest4 WHERE id BETWEEN 6718765 AND 6719764
	Bitmap Heap Scan on sbtest4  (cost=22.45..3774.51 rows=977 width=121)
	  Recheck Cond: ((id >= 6718765) AND (id <= 6719764))
	  ->  Bitmap Index Scan on sbtest4_pkey  (cost=0.00..22.20 rows=977 width=0)
	        Index Cond: ((id >= 6718765) AND (id <= 6719764))

table 5 : explain SELECT c FROM sbtest5 WHERE id BETWEEN 4401365 AND 4402364
	Bitmap Heap Scan on sbtest5  (cost=23.19..4045.70 rows=1049 width=121)
	  Recheck Cond: ((id >= 4401365) AND (id <= 4402364))
	  ->  Bitmap Index Scan on sbtest5_pkey  (cost=0.00..22.93 rows=1049 width=0)
	        Index Cond: ((id >= 4401365) AND (id <= 4402364))

table 6 : explain SELECT c FROM sbtest6 WHERE id BETWEEN 9779524 AND 9780523
	Bitmap Heap Scan on sbtest6  (cost=22.33..3730.06 rows=965 width=121)
	  Recheck Cond: ((id >= 9779524) AND (id <= 9780523))
	  ->  Bitmap Index Scan on sbtest6_pkey  (cost=0.00..22.08 rows=965 width=0)
	        Index Cond: ((id >= 9779524) AND (id <= 9780523))

table 7 : explain SELECT c FROM sbtest7 WHERE id BETWEEN 7847864 AND 7848863
	Bitmap Heap Scan on sbtest7  (cost=22.38..3748.87 rows=970 width=121)
	  Recheck Cond: ((id >= 7847864) AND (id <= 7848863))
	  ->  Bitmap Index Scan on sbtest7_pkey  (cost=0.00..22.14 rows=970 width=0)
	        Index Cond: ((id >= 7847864) AND (id <= 7848863))

table 8 : explain SELECT c FROM sbtest8 WHERE id BETWEEN 8715159 AND 8716158
	Bitmap Heap Scan on sbtest8  (cost=28.08..4373.47 rows=1136 width=121)
	  Recheck Cond: ((id >= 8715159) AND (id <= 8716158))
	  ->  Bitmap Index Scan on sbtest8_pkey  (cost=0.00..27.79 rows=1136 width=0)
	        Index Cond: ((id >= 8715159) AND (id <= 8716158))

for: distinct_ranges
table 1 : explain SELECT DISTINCT c FROM sbtest1 WHERE id BETWEEN 2942343 AND 2943342 ORDER BY c
	Unique  (cost=3840.25..3845.16 rows=982 width=121)
	  ->  Sort  (cost=3840.25..3842.71 rows=982 width=121)
	        Sort Key: c
	        ->  Bitmap Heap Scan on sbtest1  (cost=22.50..3791.45 rows=982 width=121)
	              Recheck Cond: ((id >= 2942343) AND (id <= 2943342))
	              ->  Bitmap Index Scan on sbtest1_pkey  (cost=0.00..22.25 rows=982 width=0)
	                    Index Cond: ((id >= 2942343) AND (id <= 2943342))

table 2 : explain SELECT DISTINCT c FROM sbtest2 WHERE id BETWEEN 3966443 AND 3967442 ORDER BY c
	Unique  (cost=3795.35..3800.20 rows=970 width=121)
	  ->  Sort  (cost=3795.35..3797.77 rows=970 width=121)
	        Sort Key: c
	        ->  Bitmap Heap Scan on sbtest2  (cost=22.38..3747.22 rows=970 width=121)
	              Recheck Cond: ((id >= 3966443) AND (id <= 3967442))
	              ->  Bitmap Index Scan on sbtest2_pkey  (cost=0.00..22.14 rows=970 width=0)
	                    Index Cond: ((id >= 3966443) AND (id <= 3967442))

table 3 : explain SELECT DISTINCT c FROM sbtest3 WHERE id BETWEEN 4955642 AND 4956641 ORDER BY c
	Unique  (cost=4295.88..4301.38 rows=1101 width=121)
	  ->  Sort  (cost=4295.88..4298.63 rows=1101 width=121)
	        Sort Key: c
	        ->  Bitmap Heap Scan on sbtest3  (cost=27.72..4240.25 rows=1101 width=121)
	              Recheck Cond: ((id >= 4955642) AND (id <= 4956641))
	              ->  Bitmap Index Scan on sbtest3_pkey  (cost=0.00..27.44 rows=1101 width=0)
	                    Index Cond: ((id >= 4955642) AND (id <= 4956641))

table 4 : explain SELECT DISTINCT c FROM sbtest4 WHERE id BETWEEN 1751695 AND 1752694 ORDER BY c
	Unique  (cost=3470.49..3474.92 rows=885 width=121)
	  ->  Sort  (cost=3470.49..3472.71 rows=885 width=121)
	        Sort Key: c
	        ->  Bitmap Heap Scan on sbtest4  (cost=21.51..3427.17 rows=885 width=121)
	              Recheck Cond: ((id >= 1751695) AND (id <= 1752694))
	              ->  Bitmap Index Scan on sbtest4_pkey  (cost=0.00..21.29 rows=885 width=0)
	                    Index Cond: ((id >= 1751695) AND (id <= 1752694))

table 5 : explain SELECT DISTINCT c FROM sbtest5 WHERE id BETWEEN 8148404 AND 8149403 ORDER BY c
	Unique  (cost=3788.71..3793.55 rows=968 width=121)
	  ->  Sort  (cost=3788.71..3791.13 rows=968 width=121)
	        Sort Key: c
	        ->  Bitmap Heap Scan on sbtest5  (cost=22.36..3740.71 rows=968 width=121)
	              Recheck Cond: ((id >= 8148404) AND (id <= 8149403))
	              ->  Bitmap Index Scan on sbtest5_pkey  (cost=0.00..22.11 rows=968 width=0)
	                    Index Cond: ((id >= 8148404) AND (id <= 8149403))

table 6 : explain SELECT DISTINCT c FROM sbtest6 WHERE id BETWEEN 8455343 AND 8456342 ORDER BY c
	Unique  (cost=4358.75..4364.34 rows=1117 width=121)
	  ->  Sort  (cost=4358.75..4361.54 rows=1117 width=121)
	        Sort Key: c
	        ->  Bitmap Heap Scan on sbtest6  (cost=27.88..4302.20 rows=1117 width=121)
	              Recheck Cond: ((id >= 8455343) AND (id <= 8456342))
	              ->  Bitmap Index Scan on sbtest6_pkey  (cost=0.00..27.61 rows=1117 width=0)
	                    Index Cond: ((id >= 8455343) AND (id <= 8456342))

table 7 : explain SELECT DISTINCT c FROM sbtest7 WHERE id BETWEEN 7119735 AND 7120734 ORDER BY c
	Unique  (cost=4167.75..4173.09 rows=1067 width=121)
	  ->  Sort  (cost=4167.75..4170.42 rows=1067 width=121)
	        Sort Key: c
	        ->  Bitmap Heap Scan on sbtest7  (cost=23.37..4114.08 rows=1067 width=121)
	              Recheck Cond: ((id >= 7119735) AND (id <= 7120734))
	              ->  Bitmap Index Scan on sbtest7_pkey  (cost=0.00..23.11 rows=1067 width=0)
	                    Index Cond: ((id >= 7119735) AND (id <= 7120734))

table 8 : explain SELECT DISTINCT c FROM sbtest8 WHERE id BETWEEN 414330 AND 415329 ORDER BY c
	Unique  (cost=3544.10..3548.62 rows=904 width=121)
	  ->  Sort  (cost=3544.10..3546.36 rows=904 width=121)
	        Sort Key: c
	        ->  Bitmap Heap Scan on sbtest8  (cost=21.70..3499.71 rows=904 width=121)
	              Recheck Cond: ((id >= 414330) AND (id <= 415329))
	              ->  Bitmap Index Scan on sbtest8_pkey  (cost=0.00..21.47 rows=904 width=0)
	                    Index Cond: ((id >= 414330) AND (id <= 415329))

for: distinct_ranges
table 1 : explain SELECT DISTINCT c FROM sbtest1 WHERE id BETWEEN 942831 AND 943830 ORDER BY c
	Unique  (cost=3794.37..3799.22 rows=970 width=121)
	  ->  Sort  (cost=3794.37..3796.80 rows=970 width=121)
	        Sort Key: c
	        ->  Bitmap Heap Scan on sbtest1  (cost=22.38..3746.25 rows=970 width=121)
	              Recheck Cond: ((id >= 942831) AND (id <= 943830))
	              ->  Bitmap Index Scan on sbtest1_pkey  (cost=0.00..22.14 rows=970 width=0)
	                    Index Cond: ((id >= 942831) AND (id <= 943830))

table 2 : explain SELECT DISTINCT c FROM sbtest2 WHERE id BETWEEN 5888848 AND 5889847 ORDER BY c
	Unique  (cost=3469.71..3474.14 rows=885 width=121)
	  ->  Sort  (cost=3469.71..3471.93 rows=885 width=121)
	        Sort Key: c
	        ->  Bitmap Heap Scan on sbtest2  (cost=21.51..3426.40 rows=885 width=121)
	              Recheck Cond: ((id >= 5888848) AND (id <= 5889847))
	              ->  Bitmap Index Scan on sbtest2_pkey  (cost=0.00..21.29 rows=885 width=0)
	                    Index Cond: ((id >= 5888848) AND (id <= 5889847))

table 3 : explain SELECT DISTINCT c FROM sbtest3 WHERE id BETWEEN 8905333 AND 8906332 ORDER BY c
	Unique  (cost=3936.94..3941.98 rows=1007 width=121)
	  ->  Sort  (cost=3936.94..3939.46 rows=1007 width=121)
	        Sort Key: c
	        ->  Bitmap Heap Scan on sbtest3  (cost=22.76..3886.72 rows=1007 width=121)
	              Recheck Cond: ((id >= 8905333) AND (id <= 8906332))
	              ->  Bitmap Index Scan on sbtest3_pkey  (cost=0.00..22.50 rows=1007 width=0)
	                    Index Cond: ((id >= 8905333) AND (id <= 8906332))

table 4 : explain SELECT DISTINCT c FROM sbtest4 WHERE id BETWEEN 1894311 AND 1895310 ORDER BY c
	Unique  (cost=3784.76..3789.59 rows=967 width=121)
	  ->  Sort  (cost=3784.76..3787.18 rows=967 width=121)
	        Sort Key: c
	        ->  Bitmap Heap Scan on sbtest4  (cost=22.35..3736.81 rows=967 width=121)
	              Recheck Cond: ((id >= 1894311) AND (id <= 1895310))
	              ->  Bitmap Index Scan on sbtest4_pkey  (cost=0.00..22.11 rows=967 width=0)
	                    Index Cond: ((id >= 1894311) AND (id <= 1895310))

table 5 : explain SELECT DISTINCT c FROM sbtest5 WHERE id BETWEEN 8036691 AND 8037690 ORDER BY c
	Unique  (cost=3872.89..3877.84 rows=990 width=121)
	  ->  Sort  (cost=3872.89..3875.36 rows=990 width=121)
	        Sort Key: c
	        ->  Bitmap Heap Scan on sbtest5  (cost=22.58..3823.63 rows=990 width=121)
	              Recheck Cond: ((id >= 8036691) AND (id <= 8037690))
	              ->  Bitmap Index Scan on sbtest5_pkey  (cost=0.00..22.33 rows=990 width=0)
	                    Index Cond: ((id >= 8036691) AND (id <= 8037690))

table 6 : explain SELECT DISTINCT c FROM sbtest6 WHERE id BETWEEN 658510 AND 659509 ORDER BY c
	Unique  (cost=3754.92..3759.72 rows=959 width=121)
	  ->  Sort  (cost=3754.92..3757.32 rows=959 width=121)
	        Sort Key: c
	        ->  Bitmap Heap Scan on sbtest6  (cost=22.26..3707.43 rows=959 width=121)
	              Recheck Cond: ((id >= 658510) AND (id <= 659509))
	              ->  Bitmap Index Scan on sbtest6_pkey  (cost=0.00..22.02 rows=959 width=0)
	                    Index Cond: ((id >= 658510) AND (id <= 659509))

table 7 : explain SELECT DISTINCT c FROM sbtest7 WHERE id BETWEEN 6660612 AND 6661611 ORDER BY c
	Unique  (cost=3934.73..3939.76 rows=1006 width=121)
	  ->  Sort  (cost=3934.73..3937.24 rows=1006 width=121)
	        Sort Key: c
	        ->  Bitmap Heap Scan on sbtest7  (cost=22.75..3884.56 rows=1006 width=121)
	              Recheck Cond: ((id >= 6660612) AND (id <= 6661611))
	              ->  Bitmap Index Scan on sbtest7_pkey  (cost=0.00..22.50 rows=1006 width=0)
	                    Index Cond: ((id >= 6660612) AND (id <= 6661611))

table 8 : explain SELECT DISTINCT c FROM sbtest8 WHERE id BETWEEN 9450656 AND 9451655 ORDER BY c
	Unique  (cost=3846.79..3851.70 rows=983 width=121)
	  ->  Sort  (cost=3846.79..3849.25 rows=983 width=121)
	        Sort Key: c
	        ->  Bitmap Heap Scan on sbtest8  (cost=22.51..3797.93 rows=983 width=121)
	              Recheck Cond: ((id >= 9450656) AND (id <= 9451655))
	              ->  Bitmap Index Scan on sbtest8_pkey  (cost=0.00..22.26 rows=983 width=0)
	                    Index Cond: ((id >= 9450656) AND (id <= 9451655))

for: order_ranges
table 1 : explain SELECT c FROM sbtest1 WHERE id BETWEEN 1788489 AND 1789488 ORDER BY c
	Sort  (cost=4374.49..4377.29 rows=1122 width=121)
	  Sort Key: c
	  ->  Bitmap Heap Scan on sbtest1  (cost=27.94..4317.65 rows=1122 width=121)
	        Recheck Cond: ((id >= 1788489) AND (id <= 1789488))
	        ->  Bitmap Index Scan on sbtest1_pkey  (cost=0.00..27.65 rows=1122 width=0)
	              Index Cond: ((id >= 1788489) AND (id <= 1789488))

table 2 : explain SELECT c FROM sbtest2 WHERE id BETWEEN 9167340 AND 9168339 ORDER BY c
	Sort  (cost=3925.34..3927.85 rows=1004 width=121)
	  Sort Key: c
	  ->  Bitmap Heap Scan on sbtest2  (cost=22.73..3875.29 rows=1004 width=121)
	        Recheck Cond: ((id >= 9167340) AND (id <= 9168339))
	        ->  Bitmap Index Scan on sbtest2_pkey  (cost=0.00..22.47 rows=1004 width=0)
	              Index Cond: ((id >= 9167340) AND (id <= 9168339))

table 3 : explain SELECT c FROM sbtest3 WHERE id BETWEEN 8726044 AND 8727043 ORDER BY c
	Sort  (cost=3791.65..3794.07 rows=969 width=121)
	  Sort Key: c
	  ->  Bitmap Heap Scan on sbtest3  (cost=22.37..3743.59 rows=969 width=121)
	        Recheck Cond: ((id >= 8726044) AND (id <= 8727043))
	        ->  Bitmap Index Scan on sbtest3_pkey  (cost=0.00..22.12 rows=969 width=0)
	              Index Cond: ((id >= 8726044) AND (id <= 8727043))

table 4 : explain SELECT c FROM sbtest4 WHERE id BETWEEN 137051 AND 138050 ORDER BY c
	Sort  (cost=4021.81..4024.39 rows=1029 width=121)
	  Sort Key: c
	  ->  Bitmap Heap Scan on sbtest4  (cost=22.98..3970.33 rows=1029 width=121)
	        Recheck Cond: ((id >= 137051) AND (id <= 138050))
	        ->  Bitmap Index Scan on sbtest4_pkey  (cost=0.00..22.72 rows=1029 width=0)
	              Index Cond: ((id >= 137051) AND (id <= 138050))

table 5 : explain SELECT c FROM sbtest5 WHERE id BETWEEN 2538557 AND 2539556 ORDER BY c
	Sort  (cost=4090.70..4093.31 rows=1047 width=121)
	  Sort Key: c
	  ->  Bitmap Heap Scan on sbtest5  (cost=23.17..4038.18 rows=1047 width=121)
	        Recheck Cond: ((id >= 2538557) AND (id <= 2539556))
	        ->  Bitmap Index Scan on sbtest5_pkey  (cost=0.00..22.90 rows=1047 width=0)
	              Index Cond: ((id >= 2538557) AND (id <= 2539556))

table 6 : explain SELECT c FROM sbtest6 WHERE id BETWEEN 5665532 AND 5666531 ORDER BY c
	Sort  (cost=4362.56..4365.36 rows=1118 width=121)
	  Sort Key: c
	  ->  Bitmap Heap Scan on sbtest6  (cost=27.89..4305.95 rows=1118 width=121)
	        Recheck Cond: ((id >= 5665532) AND (id <= 5666531))
	        ->  Bitmap Index Scan on sbtest6_pkey  (cost=0.00..27.61 rows=1118 width=0)
	              Index Cond: ((id >= 5665532) AND (id <= 5666531))

table 7 : explain SELECT c FROM sbtest7 WHERE id BETWEEN 5735918 AND 5736917 ORDER BY c
	Sort  (cost=3708.92..3711.28 rows=947 width=121)
	  Sort Key: c
	  ->  Bitmap Heap Scan on sbtest7  (cost=22.14..3662.10 rows=947 width=121)
	        Recheck Cond: ((id >= 5735918) AND (id <= 5736917))
	        ->  Bitmap Index Scan on sbtest7_pkey  (cost=0.00..21.90 rows=947 width=0)
	              Index Cond: ((id >= 5735918) AND (id <= 5736917))

table 8 : explain SELECT c FROM sbtest8 WHERE id BETWEEN 4263366 AND 4264365 ORDER BY c
	Sort  (cost=4217.58..4220.28 rows=1079 width=121)
	  Sort Key: c
	  ->  Bitmap Heap Scan on sbtest8  (cost=27.49..4163.22 rows=1079 width=121)
	        Recheck Cond: ((id >= 4263366) AND (id <= 4264365))
	        ->  Bitmap Index Scan on sbtest8_pkey  (cost=0.00..27.22 rows=1079 width=0)
	              Index Cond: ((id >= 4263366) AND (id <= 4264365))

for: sum_ranges
table 1 : explain SELECT SUM(k) FROM sbtest1 WHERE id BETWEEN 8510232 AND 8511231
	Aggregate  (cost=3937.00..3937.01 rows=1 width=8)
	  ->  Bitmap Heap Scan on sbtest1  (cost=22.89..3934.45 rows=1020 width=4)
	        Recheck Cond: ((id >= 8510232) AND (id <= 8511231))
	        ->  Bitmap Index Scan on sbtest1_pkey  (cost=0.00..22.64 rows=1020 width=0)
	              Index Cond: ((id >= 8510232) AND (id <= 8511231))

table 2 : explain SELECT SUM(k) FROM sbtest2 WHERE id BETWEEN 1196529 AND 1197528
	Aggregate  (cost=4005.79..4005.80 rows=1 width=8)
	  ->  Bitmap Heap Scan on sbtest2  (cost=23.07..4003.20 rows=1038 width=4)
	        Recheck Cond: ((id >= 1196529) AND (id <= 1197528))
	        ->  Bitmap Index Scan on sbtest2_pkey  (cost=0.00..22.82 rows=1038 width=0)
	              Index Cond: ((id >= 1196529) AND (id <= 1197528))

table 3 : explain SELECT SUM(k) FROM sbtest3 WHERE id BETWEEN 1013747 AND 1014746
	Aggregate  (cost=3489.23..3489.24 rows=1 width=8)
	  ->  Bitmap Heap Scan on sbtest3  (cost=21.67..3486.98 rows=901 width=4)
	        Recheck Cond: ((id >= 1013747) AND (id <= 1014746))
	        ->  Bitmap Index Scan on sbtest3_pkey  (cost=0.00..21.44 rows=901 width=0)
	              Index Cond: ((id >= 1013747) AND (id <= 1014746))

table 4 : explain SELECT SUM(k) FROM sbtest4 WHERE id BETWEEN 6015980 AND 6016979
	Aggregate  (cost=3886.27..3886.28 rows=1 width=8)
	  ->  Bitmap Heap Scan on sbtest4  (cost=22.75..3883.76 rows=1006 width=4)
	        Recheck Cond: ((id >= 6015980) AND (id <= 6016979))
	        ->  Bitmap Index Scan on sbtest4_pkey  (cost=0.00..22.50 rows=1006 width=0)
	              Index Cond: ((id >= 6015980) AND (id <= 6016979))

table 5 : explain SELECT SUM(k) FROM sbtest5 WHERE id BETWEEN 8935921 AND 8936920
	Aggregate  (cost=3807.25..3807.26 rows=1 width=8)
	  ->  Bitmap Heap Scan on sbtest5  (cost=22.53..3804.79 rows=985 width=4)
	        Recheck Cond: ((id >= 8935921) AND (id <= 8936920))
	        ->  Bitmap Index Scan on sbtest5_pkey  (cost=0.00..22.29 rows=985 width=0)
	              Index Cond: ((id >= 8935921) AND (id <= 8936920))

table 6 : explain SELECT SUM(k) FROM sbtest6 WHERE id BETWEEN 2735771 AND 2736770
	Aggregate  (cost=3743.80..3743.81 rows=1 width=8)
	  ->  Bitmap Heap Scan on sbtest6  (cost=22.36..3741.38 rows=968 width=4)
	        Recheck Cond: ((id >= 2735771) AND (id <= 2736770))
	        ->  Bitmap Index Scan on sbtest6_pkey  (cost=0.00..22.11 rows=968 width=0)
	              Index Cond: ((id >= 2735771) AND (id <= 2736770))

table 7 : explain SELECT SUM(k) FROM sbtest7 WHERE id BETWEEN 964694 AND 965693
	Aggregate  (cost=3894.61..3894.62 rows=1 width=8)
	  ->  Bitmap Heap Scan on sbtest7  (cost=22.77..3892.09 rows=1008 width=4)
	        Recheck Cond: ((id >= 964694) AND (id <= 965693))
	        ->  Bitmap Index Scan on sbtest7_pkey  (cost=0.00..22.51 rows=1008 width=0)
	              Index Cond: ((id >= 964694) AND (id <= 965693))

table 8 : explain SELECT SUM(k) FROM sbtest8 WHERE id BETWEEN 8545572 AND 8546571
	Aggregate  (cost=4067.88..4067.89 rows=1 width=8)
	  ->  Bitmap Heap Scan on sbtest8  (cost=23.24..4065.25 rows=1054 width=4)
	        Recheck Cond: ((id >= 8545572) AND (id <= 8546571))
	        ->  Bitmap Index Scan on sbtest8_pkey  (cost=0.00..22.97 rows=1054 width=0)
	              Index Cond: ((id >= 8545572) AND (id <= 8546571))

for: distinct_ranges
table 1 : explain SELECT DISTINCT c FROM sbtest1 WHERE id BETWEEN 1297919 AND 1298918 ORDER BY c
	Unique  (cost=4355.46..4361.04 rows=1117 width=121)
	  ->  Sort  (cost=4355.46..4358.25 rows=1117 width=121)
	        Sort Key: c
	        ->  Bitmap Heap Scan on sbtest1  (cost=27.88..4298.91 rows=1117 width=121)
	              Recheck Cond: ((id >= 1297919) AND (id <= 1298918))
	              ->  Bitmap Index Scan on sbtest1_pkey  (cost=0.00..27.61 rows=1117 width=0)
	                    Index Cond: ((id >= 1297919) AND (id <= 1298918))

table 2 : explain SELECT DISTINCT c FROM sbtest2 WHERE id BETWEEN 7724803 AND 7725802 ORDER BY c
	Unique  (cost=4047.56..4052.74 rows=1036 width=121)
	  ->  Sort  (cost=4047.56..4050.15 rows=1036 width=121)
	        Sort Key: c
	        ->  Bitmap Heap Scan on sbtest2  (cost=23.05..3995.68 rows=1036 width=121)
	              Recheck Cond: ((id >= 7724803) AND (id <= 7725802))
	              ->  Bitmap Index Scan on sbtest2_pkey  (cost=0.00..22.79 rows=1036 width=0)
	                    Index Cond: ((id >= 7724803) AND (id <= 7725802))

table 3 : explain SELECT DISTINCT c FROM sbtest3 WHERE id BETWEEN 9518081 AND 9519080 ORDER BY c
	Unique  (cost=3711.28..3716.02 rows=948 width=121)
	  ->  Sort  (cost=3711.28..3713.65 rows=948 width=121)
	        Sort Key: c
	        ->  Bitmap Heap Scan on sbtest3  (cost=22.15..3664.41 rows=948 width=121)
	              Recheck Cond: ((id >= 9518081) AND (id <= 9519080))
	              ->  Bitmap Index Scan on sbtest3_pkey  (cost=0.00..21.91 rows=948 width=0)
	                    Index Cond: ((id >= 9518081) AND (id <= 9519080))

table 4 : explain SELECT DISTINCT c FROM sbtest4 WHERE id BETWEEN 7575996 AND 7576995 ORDER BY c
	Unique  (cost=4052.37..4057.55 rows=1037 width=121)
	  ->  Sort  (cost=4052.37..4054.96 rows=1037 width=121)
	        Sort Key: c
	        ->  Bitmap Heap Scan on sbtest4  (cost=23.06..4000.42 rows=1037 width=121)
	              Recheck Cond: ((id >= 7575996) AND (id <= 7576995))
	              ->  Bitmap Index Scan on sbtest4_pkey  (cost=0.00..22.80 rows=1037 width=0)
	                    Index Cond: ((id >= 7575996) AND (id <= 7576995))

table 5 : explain SELECT DISTINCT c FROM sbtest5 WHERE id BETWEEN 9663451 AND 9664450 ORDER BY c
	Unique  (cost=3846.11..3851.03 rows=983 width=121)
	  ->  Sort  (cost=3846.11..3848.57 rows=983 width=121)
	        Sort Key: c
	        ->  Bitmap Heap Scan on sbtest5  (cost=22.51..3797.25 rows=983 width=121)
	              Recheck Cond: ((id >= 9663451) AND (id <= 9664450))
	              ->  Bitmap Index Scan on sbtest5_pkey  (cost=0.00..22.26 rows=983 width=0)
	                    Index Cond: ((id >= 9663451) AND (id <= 9664450))

table 6 : explain SELECT DISTINCT c FROM sbtest6 WHERE id BETWEEN 5321981 AND 5322980 ORDER BY c
	Unique  (cost=3705.13..3709.86 rows=946 width=121)
	  ->  Sort  (cost=3705.13..3707.49 rows=946 width=121)
	        Sort Key: c
	        ->  Bitmap Heap Scan on sbtest6  (cost=22.13..3658.37 rows=946 width=121)
	              Recheck Cond: ((id >= 5321981) AND (id <= 5322980))
	              ->  Bitmap Index Scan on sbtest6_pkey  (cost=0.00..21.89 rows=946 width=0)
	                    Index Cond: ((id >= 5321981) AND (id <= 5322980))

table 7 : explain SELECT DISTINCT c FROM sbtest7 WHERE id BETWEEN 1948716 AND 1949715 ORDER BY c
	Unique  (cost=3930.90..3935.93 rows=1005 width=121)
	  ->  Sort  (cost=3930.90..3933.42 rows=1005 width=121)
	        Sort Key: c
	        ->  Bitmap Heap Scan on sbtest7  (cost=22.74..3880.79 rows=1005 width=121)
	              Recheck Cond: ((id >= 1948716) AND (id <= 1949715))
	              ->  Bitmap Index Scan on sbtest7_pkey  (cost=0.00..22.48 rows=1005 width=0)
	                    Index Cond: ((id >= 1948716) AND (id <= 1949715))

table 8 : explain SELECT DISTINCT c FROM sbtest8 WHERE id BETWEEN 6080213 AND 6081212 ORDER BY c
	Unique  (cost=4137.26..4142.55 rows=1059 width=121)
	  ->  Sort  (cost=4137.26..4139.90 rows=1059 width=121)
	        Sort Key: c
	        ->  Bitmap Heap Scan on sbtest8  (cost=23.29..4084.05 rows=1059 width=121)
	              Recheck Cond: ((id >= 6080213) AND (id <= 6081212))
	              ->  Bitmap Index Scan on sbtest8_pkey  (cost=0.00..23.02 rows=1059 width=0)
	                    Index Cond: ((id >= 6080213) AND (id <= 6081212))

for: sum_ranges
table 1 : explain SELECT SUM(k) FROM sbtest1 WHERE id BETWEEN 4920271 AND 4921270
	Aggregate  (cost=3684.57..3684.58 rows=1 width=8)
	  ->  Bitmap Heap Scan on sbtest1  (cost=22.20..3682.19 rows=953 width=4)
	        Recheck Cond: ((id >= 4920271) AND (id <= 4921270))
	        ->  Bitmap Index Scan on sbtest1_pkey  (cost=0.00..21.96 rows=953 width=0)
	              Index Cond: ((id >= 4920271) AND (id <= 4921270))

table 2 : explain SELECT SUM(k) FROM sbtest2 WHERE id BETWEEN 6983239 AND 6984238
	Aggregate  (cost=3745.88..3745.89 rows=1 width=8)
	  ->  Bitmap Heap Scan on sbtest2  (cost=22.37..3743.46 rows=969 width=4)
	        Recheck Cond: ((id >= 6983239) AND (id <= 6984238))
	        ->  Bitmap Index Scan on sbtest2_pkey  (cost=0.00..22.12 rows=969 width=0)
	              Index Cond: ((id >= 6983239) AND (id <= 6984238))

table 3 : explain SELECT SUM(k) FROM sbtest3 WHERE id BETWEEN 607656 AND 608655
	Aggregate  (cost=3798.80..3798.81 rows=1 width=8)
	  ->  Bitmap Heap Scan on sbtest3  (cost=22.51..3796.34 rows=983 width=4)
	        Recheck Cond: ((id >= 607656) AND (id <= 608655))
	        ->  Bitmap Index Scan on sbtest3_pkey  (cost=0.00..22.26 rows=983 width=0)
	              Index Cond: ((id >= 607656) AND (id <= 608655))

table 4 : explain SELECT SUM(k) FROM sbtest4 WHERE id BETWEEN 4568965 AND 4569964
	Aggregate  (cost=3859.89..3859.90 rows=1 width=8)
	  ->  Bitmap Heap Scan on sbtest4  (cost=22.67..3857.40 rows=999 width=4)
	        Recheck Cond: ((id >= 4568965) AND (id <= 4569964))
	        ->  Bitmap Index Scan on sbtest4_pkey  (cost=0.00..22.43 rows=999 width=0)
	              Index Cond: ((id >= 4568965) AND (id <= 4569964))

table 5 : explain SELECT SUM(k) FROM sbtest5 WHERE id BETWEEN 9747613 AND 9748612
	Aggregate  (cost=3833.64..3833.65 rows=1 width=8)
	  ->  Bitmap Heap Scan on sbtest5  (cost=22.60..3831.16 rows=992 width=4)
	        Recheck Cond: ((id >= 9747613) AND (id <= 9748612))
	        ->  Bitmap Index Scan on sbtest5_pkey  (cost=0.00..22.36 rows=992 width=0)
	              Index Cond: ((id >= 9747613) AND (id <= 9748612))

table 6 : explain SELECT SUM(k) FROM sbtest6 WHERE id BETWEEN 9536159 AND 9537158
	Aggregate  (cost=3905.96..3905.97 rows=1 width=8)
	  ->  Bitmap Heap Scan on sbtest6  (cost=22.80..3903.44 rows=1011 width=4)
	        Recheck Cond: ((id >= 9536159) AND (id <= 9537158))
	        ->  Bitmap Index Scan on sbtest6_pkey  (cost=0.00..22.54 rows=1011 width=0)
	              Index Cond: ((id >= 9536159) AND (id <= 9537158))

table 7 : explain SELECT SUM(k) FROM sbtest7 WHERE id BETWEEN 2161807 AND 2162806
	Aggregate  (cost=4413.79..4413.80 rows=1 width=8)
	  ->  Bitmap Heap Scan on sbtest7  (cost=28.18..4410.93 rows=1146 width=4)
	        Recheck Cond: ((id >= 2161807) AND (id <= 2162806))
	        ->  Bitmap Index Scan on sbtest7_pkey  (cost=0.00..27.89 rows=1146 width=0)
	              Index Cond: ((id >= 2161807) AND (id <= 2162806))

table 8 : explain SELECT SUM(k) FROM sbtest8 WHERE id BETWEEN 1627296 AND 1628295
	Aggregate  (cost=3985.07..3985.08 rows=1 width=8)
	  ->  Bitmap Heap Scan on sbtest8  (cost=23.01..3982.49 rows=1032 width=4)
	        Recheck Cond: ((id >= 1627296) AND (id <= 1628295))
	        ->  Bitmap Index Scan on sbtest8_pkey  (cost=0.00..22.75 rows=1032 width=0)
	              Index Cond: ((id >= 1627296) AND (id <= 1628295))

for: sum_ranges
table 1 : explain SELECT SUM(k) FROM sbtest1 WHERE id BETWEEN 4724386 AND 4725385
	Aggregate  (cost=3929.47..3929.48 rows=1 width=8)
	  ->  Bitmap Heap Scan on sbtest1  (cost=22.87..3926.93 rows=1018 width=4)
	        Recheck Cond: ((id >= 4724386) AND (id <= 4725385))
	        ->  Bitmap Index Scan on sbtest1_pkey  (cost=0.00..22.61 rows=1018 width=0)
	              Index Cond: ((id >= 4724386) AND (id <= 4725385))

table 2 : explain SELECT SUM(k) FROM sbtest2 WHERE id BETWEEN 1322282 AND 1323281
	Aggregate  (cost=3896.63..3896.64 rows=1 width=8)
	  ->  Bitmap Heap Scan on sbtest2  (cost=22.78..3894.11 rows=1009 width=4)
	        Recheck Cond: ((id >= 1322282) AND (id <= 1323281))
	        ->  Bitmap Index Scan on sbtest2_pkey  (cost=0.00..22.52 rows=1009 width=0)
	              Index Cond: ((id >= 1322282) AND (id <= 1323281))

table 3 : explain SELECT SUM(k) FROM sbtest3 WHERE id BETWEEN 8856877 AND 8857876
	Aggregate  (cost=4396.84..4396.85 rows=1 width=8)
	  ->  Bitmap Heap Scan on sbtest3  (cost=28.14..4393.99 rows=1142 width=4)
	        Recheck Cond: ((id >= 8856877) AND (id <= 8857876))
	        ->  Bitmap Index Scan on sbtest3_pkey  (cost=0.00..27.86 rows=1142 width=0)
	              Index Cond: ((id >= 8856877) AND (id <= 8857876))

table 4 : explain SELECT SUM(k) FROM sbtest4 WHERE id BETWEEN 3770383 AND 3771382
	Aggregate  (cost=3671.29..3671.30 rows=1 width=8)
	  ->  Bitmap Heap Scan on sbtest4  (cost=22.16..3668.92 rows=949 width=4)
	        Recheck Cond: ((id >= 3770383) AND (id <= 3771382))
	        ->  Bitmap Index Scan on sbtest4_pkey  (cost=0.00..21.93 rows=949 width=0)
	              Index Cond: ((id >= 3770383) AND (id <= 3771382))

table 5 : explain SELECT SUM(k) FROM sbtest5 WHERE id BETWEEN 9107644 AND 9108643
	Aggregate  (cost=3690.29..3690.30 rows=1 width=8)
	  ->  Bitmap Heap Scan on sbtest5  (cost=22.21..3687.91 rows=954 width=4)
	        Recheck Cond: ((id >= 9107644) AND (id <= 9108643))
	        ->  Bitmap Index Scan on sbtest5_pkey  (cost=0.00..21.97 rows=954 width=0)
	              Index Cond: ((id >= 9107644) AND (id <= 9108643))

table 6 : explain SELECT SUM(k) FROM sbtest6 WHERE id BETWEEN 8247108 AND 8248107
	Aggregate  (cost=3698.50..3698.51 rows=1 width=8)
	  ->  Bitmap Heap Scan on sbtest6  (cost=22.23..3696.11 rows=956 width=4)
	        Recheck Cond: ((id >= 8247108) AND (id <= 8248107))
	        ->  Bitmap Index Scan on sbtest6_pkey  (cost=0.00..22.00 rows=956 width=0)
	              Index Cond: ((id >= 8247108) AND (id <= 8248107))

table 7 : explain SELECT SUM(k) FROM sbtest7 WHERE id BETWEEN 9413787 AND 9414786
	Aggregate  (cost=3834.29..3834.30 rows=1 width=8)
	  ->  Bitmap Heap Scan on sbtest7  (cost=22.60..3831.81 rows=992 width=4)
	        Recheck Cond: ((id >= 9413787) AND (id <= 9414786))
	        ->  Bitmap Index Scan on sbtest7_pkey  (cost=0.00..22.36 rows=992 width=0)
	              Index Cond: ((id >= 9413787) AND (id <= 9414786))

table 8 : explain SELECT SUM(k) FROM sbtest8 WHERE id BETWEEN 6302606 AND 6303605
	Aggregate  (cost=3653.17..3653.18 rows=1 width=8)
	  ->  Bitmap Heap Scan on sbtest8  (cost=22.11..3650.81 rows=944 width=4)
	        Recheck Cond: ((id >= 6302606) AND (id <= 6303605))
	        ->  Bitmap Index Scan on sbtest8_pkey  (cost=0.00..21.87 rows=944 width=0)
	              Index Cond: ((id >= 6302606) AND (id <= 6303605))

for: order_ranges
table 1 : explain SELECT c FROM sbtest1 WHERE id BETWEEN 745484 AND 746483 ORDER BY c
	Sort  (cost=3878.47..3880.95 rows=992 width=121)
	  Sort Key: c
	  ->  Bitmap Heap Scan on sbtest1  (cost=22.60..3829.10 rows=992 width=121)
	        Recheck Cond: ((id >= 745484) AND (id <= 746483))
	        ->  Bitmap Index Scan on sbtest1_pkey  (cost=0.00..22.36 rows=992 width=0)
	              Index Cond: ((id >= 745484) AND (id <= 746483))

table 2 : explain SELECT c FROM sbtest2 WHERE id BETWEEN 6854165 AND 6855164 ORDER BY c
	Sort  (cost=4032.29..4034.87 rows=1032 width=121)
	  Sort Key: c
	  ->  Bitmap Heap Scan on sbtest2  (cost=23.01..3980.63 rows=1032 width=121)
	        Recheck Cond: ((id >= 6854165) AND (id <= 6855164))
	        ->  Bitmap Index Scan on sbtest2_pkey  (cost=0.00..22.75 rows=1032 width=0)
	              Index Cond: ((id >= 6854165) AND (id <= 6855164))

table 3 : explain SELECT c FROM sbtest3 WHERE id BETWEEN 1542058 AND 1543057 ORDER BY c
	Sort  (cost=3944.59..3947.11 rows=1009 width=121)
	  Sort Key: c
	  ->  Bitmap Heap Scan on sbtest3  (cost=22.78..3894.24 rows=1009 width=121)
	        Recheck Cond: ((id >= 1542058) AND (id <= 1543057))
	        ->  Bitmap Index Scan on sbtest3_pkey  (cost=0.00..22.52 rows=1009 width=0)
	              Index Cond: ((id >= 1542058) AND (id <= 1543057))

table 4 : explain SELECT c FROM sbtest4 WHERE id BETWEEN 1520275 AND 1521274 ORDER BY c
	Sort  (cost=4033.27..4035.85 rows=1032 width=121)
	  Sort Key: c
	  ->  Bitmap Heap Scan on sbtest4  (cost=23.01..3981.62 rows=1032 width=121)
	        Recheck Cond: ((id >= 1520275) AND (id <= 1521274))
	        ->  Bitmap Index Scan on sbtest4_pkey  (cost=0.00..22.75 rows=1032 width=0)
	              Index Cond: ((id >= 1520275) AND (id <= 1521274))

table 5 : explain SELECT c FROM sbtest5 WHERE id BETWEEN 4298301 AND 4299300 ORDER BY c
	Sort  (cost=3796.37..3798.79 rows=970 width=121)
	  Sort Key: c
	  ->  Bitmap Heap Scan on sbtest5  (cost=22.38..3748.25 rows=970 width=121)
	        Recheck Cond: ((id >= 4298301) AND (id <= 4299300))
	        ->  Bitmap Index Scan on sbtest5_pkey  (cost=0.00..22.14 rows=970 width=0)
	              Index Cond: ((id >= 4298301) AND (id <= 4299300))

table 6 : explain SELECT c FROM sbtest6 WHERE id BETWEEN 7933367 AND 7934366 ORDER BY c
	Sort  (cost=4007.41..4009.97 rows=1025 width=121)
	  Sort Key: c
	  ->  Bitmap Heap Scan on sbtest6  (cost=22.94..3956.15 rows=1025 width=121)
	        Recheck Cond: ((id >= 7933367) AND (id <= 7934366))
	        ->  Bitmap Index Scan on sbtest6_pkey  (cost=0.00..22.68 rows=1025 width=0)
	              Index Cond: ((id >= 7933367) AND (id <= 7934366))

table 7 : explain SELECT c FROM sbtest7 WHERE id BETWEEN 9268202 AND 9269201 ORDER BY c
	Sort  (cost=3873.53..3876.01 rows=990 width=121)
	  Sort Key: c
	  ->  Bitmap Heap Scan on sbtest7  (cost=22.58..3824.27 rows=990 width=121)
	        Recheck Cond: ((id >= 9268202) AND (id <= 9269201))
	        ->  Bitmap Index Scan on sbtest7_pkey  (cost=0.00..22.33 rows=990 width=0)
	              Index Cond: ((id >= 9268202) AND (id <= 9269201))

table 8 : explain SELECT c FROM sbtest8 WHERE id BETWEEN 9933669 AND 9934668 ORDER BY c
	Sort  (cost=4060.89..4063.48 rows=1039 width=121)
	  Sort Key: c
	  ->  Bitmap Heap Scan on sbtest8  (cost=23.08..4008.83 rows=1039 width=121)
	        Recheck Cond: ((id >= 9933669) AND (id <= 9934668))
	        ->  Bitmap Index Scan on sbtest8_pkey  (cost=0.00..22.82 rows=1039 width=0)
	              Index Cond: ((id >= 9933669) AND (id <= 9934668))

for: distinct_ranges
table 1 : explain SELECT DISTINCT c FROM sbtest1 WHERE id BETWEEN 4636850 AND 4637849 ORDER BY c
	Unique  (cost=3767.60..3772.42 rows=963 width=121)
	  ->  Sort  (cost=3767.60..3770.01 rows=963 width=121)
	        Sort Key: c
	        ->  Bitmap Heap Scan on sbtest1  (cost=22.31..3719.88 rows=963 width=121)
	              Recheck Cond: ((id >= 4636850) AND (id <= 4637849))
	              ->  Bitmap Index Scan on sbtest1_pkey  (cost=0.00..22.07 rows=963 width=0)
	                    Index Cond: ((id >= 4636850) AND (id <= 4637849))

table 2 : explain SELECT DISTINCT c FROM sbtest2 WHERE id BETWEEN 6745393 AND 6746392 ORDER BY c
	Unique  (cost=3906.23..3911.23 rows=999 width=121)
	  ->  Sort  (cost=3906.23..3908.73 rows=999 width=121)
	        Sort Key: c
	        ->  Bitmap Heap Scan on sbtest2  (cost=22.67..3856.46 rows=999 width=121)
	              Recheck Cond: ((id >= 6745393) AND (id <= 6746392))
	              ->  Bitmap Index Scan on sbtest2_pkey  (cost=0.00..22.43 rows=999 width=0)
	                    Index Cond: ((id >= 6745393) AND (id <= 6746392))

table 3 : explain SELECT DISTINCT c FROM sbtest3 WHERE id BETWEEN 9984872 AND 9985871 ORDER BY c
	Unique  (cost=3419.94..3424.30 rows=872 width=121)
	  ->  Sort  (cost=3419.94..3422.12 rows=872 width=121)
	        Sort Key: c
	        ->  Bitmap Heap Scan on sbtest3  (cost=21.37..3377.35 rows=872 width=121)
	              Recheck Cond: ((id >= 9984872) AND (id <= 9985871))
	              ->  Bitmap Index Scan on sbtest3_pkey  (cost=0.00..21.15 rows=872 width=0)
	                    Index Cond: ((id >= 9984872) AND (id <= 9985871))

table 4 : explain SELECT DISTINCT c FROM sbtest4 WHERE id BETWEEN 4737715 AND 4738714 ORDER BY c
	Unique  (cost=3765.62..3770.43 rows=962 width=121)
	  ->  Sort  (cost=3765.62..3768.02 rows=962 width=121)
	        Sort Key: c
	        ->  Bitmap Heap Scan on sbtest4  (cost=22.30..3717.95 rows=962 width=121)
	              Recheck Cond: ((id >= 4737715) AND (id <= 4738714))
	              ->  Bitmap Index Scan on sbtest4_pkey  (cost=0.00..22.05 rows=962 width=0)
	                    Index Cond: ((id >= 4737715) AND (id <= 4738714))

table 5 : explain SELECT DISTINCT c FROM sbtest5 WHERE id BETWEEN 3715614 AND 3716613 ORDER BY c
	Unique  (cost=4430.28..4435.96 rows=1136 width=121)
	  ->  Sort  (cost=4430.28..4433.12 rows=1136 width=121)
	        Sort Key: c
	        ->  Bitmap Heap Scan on sbtest5  (cost=28.08..4372.63 rows=1136 width=121)
	              Recheck Cond: ((id >= 3715614) AND (id <= 3716613))
	              ->  Bitmap Index Scan on sbtest5_pkey  (cost=0.00..27.79 rows=1136 width=0)
	                    Index Cond: ((id >= 3715614) AND (id <= 3716613))

table 6 : explain SELECT DISTINCT c FROM sbtest6 WHERE id BETWEEN 9575567 AND 9576566 ORDER BY c
	Unique  (cost=3953.89..3958.95 rows=1011 width=121)
	  ->  Sort  (cost=3953.89..3956.42 rows=1011 width=121)
	        Sort Key: c
	        ->  Bitmap Heap Scan on sbtest6  (cost=22.80..3903.44 rows=1011 width=121)
	              Recheck Cond: ((id >= 9575567) AND (id <= 9576566))
	              ->  Bitmap Index Scan on sbtest6_pkey  (cost=0.00..22.54 rows=1011 width=0)
	                    Index Cond: ((id >= 9575567) AND (id <= 9576566))

table 7 : explain SELECT DISTINCT c FROM sbtest7 WHERE id BETWEEN 320972 AND 321971 ORDER BY c
	Unique  (cost=4114.31..4119.57 rows=1053 width=121)
	  ->  Sort  (cost=4114.31..4116.94 rows=1053 width=121)
	        Sort Key: c
	        ->  Bitmap Heap Scan on sbtest7  (cost=23.23..4061.45 rows=1053 width=121)
	              Recheck Cond: ((id >= 320972) AND (id <= 321971))
	              ->  Bitmap Index Scan on sbtest7_pkey  (cost=0.00..22.96 rows=1053 width=0)
	                    Index Cond: ((id >= 320972) AND (id <= 321971))

table 8 : explain SELECT DISTINCT c FROM sbtest8 WHERE id BETWEEN 4680124 AND 4681123 ORDER BY c
	Unique  (cost=3957.71..3962.77 rows=1012 width=121)
	  ->  Sort  (cost=3957.71..3960.24 rows=1012 width=121)
	        Sort Key: c
	        ->  Bitmap Heap Scan on sbtest8  (cost=22.81..3907.19 rows=1012 width=121)
	              Recheck Cond: ((id >= 4680124) AND (id <= 4681123))
	              ->  Bitmap Index Scan on sbtest8_pkey  (cost=0.00..22.55 rows=1012 width=0)
	                    Index Cond: ((id >= 4680124) AND (id <= 4681123))

for: order_ranges
table 1 : explain SELECT c FROM sbtest1 WHERE id BETWEEN 5423603 AND 5424602 ORDER BY c
	Sort  (cost=3802.02..3804.45 rows=972 width=121)
	  Sort Key: c
	  ->  Bitmap Heap Scan on sbtest1  (cost=22.40..3753.79 rows=972 width=121)
	        Recheck Cond: ((id >= 5423603) AND (id <= 5424602))
	        ->  Bitmap Index Scan on sbtest1_pkey  (cost=0.00..22.15 rows=972 width=0)
	              Index Cond: ((id >= 5423603) AND (id <= 5424602))

table 2 : explain SELECT c FROM sbtest2 WHERE id BETWEEN 3540831 AND 3541830 ORDER BY c
	Sort  (cost=3894.77..3897.26 rows=996 width=121)
	  Sort Key: c
	  ->  Bitmap Heap Scan on sbtest2  (cost=22.64..3845.17 rows=996 width=121)
	        Recheck Cond: ((id >= 3540831) AND (id <= 3541830))
	        ->  Bitmap Index Scan on sbtest2_pkey  (cost=0.00..22.39 rows=996 width=0)
	              Index Cond: ((id >= 3540831) AND (id <= 3541830))

table 3 : explain SELECT c FROM sbtest3 WHERE id BETWEEN 8140037 AND 8141036 ORDER BY c
	Sort  (cost=3558.04..3560.31 rows=908 width=121)
	  Sort Key: c
	  ->  Bitmap Heap Scan on sbtest3  (cost=21.74..3513.42 rows=908 width=121)
	        Recheck Cond: ((id >= 8140037) AND (id <= 8141036))
	        ->  Bitmap Index Scan on sbtest3_pkey  (cost=0.00..21.51 rows=908 width=0)
	              Index Cond: ((id >= 8140037) AND (id <= 8141036))

table 4 : explain SELECT c FROM sbtest4 WHERE id BETWEEN 1376809 AND 1377808 ORDER BY c
	Sort  (cost=4052.37..4054.96 rows=1037 width=121)
	  Sort Key: c
	  ->  Bitmap Heap Scan on sbtest4  (cost=23.06..4000.42 rows=1037 width=121)
	        Recheck Cond: ((id >= 1376809) AND (id <= 1377808))
	        ->  Bitmap Index Scan on sbtest4_pkey  (cost=0.00..22.80 rows=1037 width=0)
	              Index Cond: ((id >= 1376809) AND (id <= 1377808))

table 5 : explain SELECT c FROM sbtest5 WHERE id BETWEEN 4852734 AND 4853733 ORDER BY c
	Sort  (cost=3758.09..3760.49 rows=960 width=121)
	  Sort Key: c
	  ->  Bitmap Heap Scan on sbtest5  (cost=22.27..3710.54 rows=960 width=121)
	        Recheck Cond: ((id >= 4852734) AND (id <= 4853733))
	        ->  Bitmap Index Scan on sbtest5_pkey  (cost=0.00..22.04 rows=960 width=0)
	              Index Cond: ((id >= 4852734) AND (id <= 4853733))

table 6 : explain SELECT c FROM sbtest6 WHERE id BETWEEN 6249748 AND 6250747 ORDER BY c
	Sort  (cost=3888.88..3891.37 rows=994 width=121)
	  Sort Key: c
	  ->  Bitmap Heap Scan on sbtest6  (cost=22.62..3839.39 rows=994 width=121)
	        Recheck Cond: ((id >= 6249748) AND (id <= 6250747))
	        ->  Bitmap Index Scan on sbtest6_pkey  (cost=0.00..22.37 rows=994 width=0)
	              Index Cond: ((id >= 6249748) AND (id <= 6250747))

table 7 : explain SELECT c FROM sbtest7 WHERE id BETWEEN 7147913 AND 7148912 ORDER BY c
	Sort  (cost=4167.75..4170.42 rows=1067 width=121)
	  Sort Key: c
	  ->  Bitmap Heap Scan on sbtest7  (cost=23.37..4114.08 rows=1067 width=121)
	        Recheck Cond: ((id >= 7147913) AND (id <= 7148912))
	        ->  Bitmap Index Scan on sbtest7_pkey  (cost=0.00..23.11 rows=1067 width=0)
	              Index Cond: ((id >= 7147913) AND (id <= 7148912))

table 8 : explain SELECT c FROM sbtest8 WHERE id BETWEEN 6393722 AND 6394721 ORDER BY c
	Sort  (cost=3930.94..3933.46 rows=1005 width=121)
	  Sort Key: c
	  ->  Bitmap Heap Scan on sbtest8  (cost=22.74..3880.83 rows=1005 width=121)
	        Recheck Cond: ((id >= 6393722) AND (id <= 6394721))
	        ->  Bitmap Index Scan on sbtest8_pkey  (cost=0.00..22.48 rows=1005 width=0)
	              Index Cond: ((id >= 6393722) AND (id <= 6394721))

for: order_ranges
table 1 : explain SELECT c FROM sbtest1 WHERE id BETWEEN 3958902 AND 3959901 ORDER BY c
	Sort  (cost=3775.25..3777.66 rows=965 width=121)
	  Sort Key: c
	  ->  Bitmap Heap Scan on sbtest1  (cost=22.33..3727.41 rows=965 width=121)
	        Recheck Cond: ((id >= 3958902) AND (id <= 3959901))
	        ->  Bitmap Index Scan on sbtest1_pkey  (cost=0.00..22.08 rows=965 width=0)
	              Index Cond: ((id >= 3958902) AND (id <= 3959901))

table 2 : explain SELECT c FROM sbtest2 WHERE id BETWEEN 3602191 AND 3603190 ORDER BY c
	Sort  (cost=3657.54..3659.88 rows=934 width=121)
	  Sort Key: c
	  ->  Bitmap Heap Scan on sbtest2  (cost=22.01..3611.46 rows=934 width=121)
	        Recheck Cond: ((id >= 3602191) AND (id <= 3603190))
	        ->  Bitmap Index Scan on sbtest2_pkey  (cost=0.00..21.77 rows=934 width=0)
	              Index Cond: ((id >= 3602191) AND (id <= 3603190))

table 3 : explain SELECT c FROM sbtest3 WHERE id BETWEEN 5038708 AND 5039707 ORDER BY c
	Sort  (cost=3852.85..3855.31 rows=985 width=121)
	  Sort Key: c
	  ->  Bitmap Heap Scan on sbtest3  (cost=22.53..3803.87 rows=985 width=121)
	        Recheck Cond: ((id >= 5038708) AND (id <= 5039707))
	        ->  Bitmap Index Scan on sbtest3_pkey  (cost=0.00..22.29 rows=985 width=0)
	              Index Cond: ((id >= 5038708) AND (id <= 5039707))

table 4 : explain SELECT c FROM sbtest4 WHERE id BETWEEN 3616530 AND 3617529 ORDER BY c
	Sort  (cost=4124.90..4127.54 rows=1056 width=121)
	  Sort Key: c
	  ->  Bitmap Heap Scan on sbtest4  (cost=23.26..4071.87 rows=1056 width=121)
	        Recheck Cond: ((id >= 3616530) AND (id <= 3617529))
	        ->  Bitmap Index Scan on sbtest4_pkey  (cost=0.00..23.00 rows=1056 width=0)
	              Index Cond: ((id >= 3616530) AND (id <= 3617529))

table 5 : explain SELECT c FROM sbtest5 WHERE id BETWEEN 162276 AND 163275 ORDER BY c
	Sort  (cost=3876.71..3879.19 rows=991 width=121)
	  Sort Key: c
	  ->  Bitmap Heap Scan on sbtest5  (cost=22.59..3827.40 rows=991 width=121)
	        Recheck Cond: ((id >= 162276) AND (id <= 163275))
	        ->  Bitmap Index Scan on sbtest5_pkey  (cost=0.00..22.34 rows=991 width=0)
	              Index Cond: ((id >= 162276) AND (id <= 163275))

table 6 : explain SELECT c FROM sbtest6 WHERE id BETWEEN 9966079 AND 9967078 ORDER BY c
	Sort  (cost=3988.30..3990.85 rows=1020 width=121)
	  Sort Key: c
	  ->  Bitmap Heap Scan on sbtest6  (cost=22.89..3937.33 rows=1020 width=121)
	        Recheck Cond: ((id >= 9966079) AND (id <= 9967078))
	        ->  Bitmap Index Scan on sbtest6_pkey  (cost=0.00..22.64 rows=1020 width=0)
	              Index Cond: ((id >= 9966079) AND (id <= 9967078))

table 7 : explain SELECT c FROM sbtest7 WHERE id BETWEEN 6968347 AND 6969346 ORDER BY c
	Sort  (cost=4125.76..4128.40 rows=1056 width=121)
	  Sort Key: c
	  ->  Bitmap Heap Scan on sbtest7  (cost=23.26..4072.73 rows=1056 width=121)
	        Recheck Cond: ((id >= 6968347) AND (id <= 6969346))
	        ->  Bitmap Index Scan on sbtest7_pkey  (cost=0.00..23.00 rows=1056 width=0)
	              Index Cond: ((id >= 6968347) AND (id <= 6969346))

table 8 : explain SELECT c FROM sbtest8 WHERE id BETWEEN 1529697 AND 1530696 ORDER BY c
	Sort  (cost=3911.82..3914.32 rows=1000 width=121)
	  Sort Key: c
	  ->  Bitmap Heap Scan on sbtest8  (cost=22.68..3861.99 rows=1000 width=121)
	        Recheck Cond: ((id >= 1529697) AND (id <= 1530696))
	        ->  Bitmap Index Scan on sbtest8_pkey  (cost=0.00..22.43 rows=1000 width=0)
	              Index Cond: ((id >= 1529697) AND (id <= 1530696))

for: distinct_ranges
table 1 : explain SELECT DISTINCT c FROM sbtest1 WHERE id BETWEEN 7250346 AND 7251345 ORDER BY c
	Unique  (cost=3863.19..3868.13 rows=988 width=121)
	  ->  Sort  (cost=3863.19..3865.66 rows=988 width=121)
	        Sort Key: c
	        ->  Bitmap Heap Scan on sbtest1  (cost=22.56..3814.04 rows=988 width=121)
	              Recheck Cond: ((id >= 7250346) AND (id <= 7251345))
	              ->  Bitmap Index Scan on sbtest1_pkey  (cost=0.00..22.32 rows=988 width=0)
	                    Index Cond: ((id >= 7250346) AND (id <= 7251345))

table 2 : explain SELECT DISTINCT c FROM sbtest2 WHERE id BETWEEN 4446658 AND 4447657 ORDER BY c
	Unique  (cost=3887.12..3892.09 rows=994 width=121)
	  ->  Sort  (cost=3887.12..3889.61 rows=994 width=121)
	        Sort Key: c
	        ->  Bitmap Heap Scan on sbtest2  (cost=22.62..3837.64 rows=994 width=121)
	              Recheck Cond: ((id >= 4446658) AND (id <= 4447657))
	              ->  Bitmap Index Scan on sbtest2_pkey  (cost=0.00..22.37 rows=994 width=0)
	                    Index Cond: ((id >= 4446658) AND (id <= 4447657))

table 3 : explain SELECT DISTINCT c FROM sbtest3 WHERE id BETWEEN 7571885 AND 7572884 ORDER BY c
	Unique  (cost=4429.15..4434.83 rows=1136 width=121)
	  ->  Sort  (cost=4429.15..4431.99 rows=1136 width=121)
	        Sort Key: c
	        ->  Bitmap Heap Scan on sbtest3  (cost=28.08..4371.50 rows=1136 width=121)
	              Recheck Cond: ((id >= 7571885) AND (id <= 7572884))
	              ->  Bitmap Index Scan on sbtest3_pkey  (cost=0.00..27.79 rows=1136 width=0)
	                    Index Cond: ((id >= 7571885) AND (id <= 7572884))

table 4 : explain SELECT DISTINCT c FROM sbtest4 WHERE id BETWEEN 134172 AND 135171 ORDER BY c
	Unique  (cost=4021.81..4026.96 rows=1029 width=121)
	  ->  Sort  (cost=4021.81..4024.39 rows=1029 width=121)
	        Sort Key: c
	        ->  Bitmap Heap Scan on sbtest4  (cost=22.98..3970.33 rows=1029 width=121)
	              Recheck Cond: ((id >= 134172) AND (id <= 135171))
	              ->  Bitmap Index Scan on sbtest4_pkey  (cost=0.00..22.72 rows=1029 width=0)
	                    Index Cond: ((id >= 134172) AND (id <= 135171))

table 5 : explain SELECT DISTINCT c FROM sbtest5 WHERE id BETWEEN 8912572 AND 8913571 ORDER BY c
	Unique  (cost=3853.76..3858.69 rows=985 width=121)
	  ->  Sort  (cost=3853.76..3856.22 rows=985 width=121)
	        Sort Key: c
	        ->  Bitmap Heap Scan on sbtest5  (cost=22.53..3804.79 rows=985 width=121)
	              Recheck Cond: ((id >= 8912572) AND (id <= 8913571))
	              ->  Bitmap Index Scan on sbtest5_pkey  (cost=0.00..22.29 rows=985 width=0)
	                    Index Cond: ((id >= 8912572) AND (id <= 8913571))

table 6 : explain SELECT DISTINCT c FROM sbtest6 WHERE id BETWEEN 2054612 AND 2055611 ORDER BY c
	Unique  (cost=3908.01..3913.00 rows=999 width=121)
	  ->  Sort  (cost=3908.01..3910.50 rows=999 width=121)
	        Sort Key: c
	        ->  Bitmap Heap Scan on sbtest6  (cost=22.67..3858.23 rows=999 width=121)
	              Recheck Cond: ((id >= 2054612) AND (id <= 2055611))
	              ->  Bitmap Index Scan on sbtest6_pkey  (cost=0.00..22.43 rows=999 width=0)
	                    Index Cond: ((id >= 2054612) AND (id <= 2055611))

table 7 : explain SELECT DISTINCT c FROM sbtest7 WHERE id BETWEEN 9693500 AND 9694499 ORDER BY c
	Unique  (cost=4274.75..4280.22 rows=1094 width=121)
	  ->  Sort  (cost=4274.75..4277.49 rows=1094 width=121)
	        Sort Key: c
	        ->  Bitmap Heap Scan on sbtest7  (cost=27.65..4219.53 rows=1094 width=121)
	              Recheck Cond: ((id >= 9693500) AND (id <= 9694499))
	              ->  Bitmap Index Scan on sbtest7_pkey  (cost=0.00..27.37 rows=1094 width=0)
	                    Index Cond: ((id >= 9693500) AND (id <= 9694499))

table 8 : explain SELECT DISTINCT c FROM sbtest8 WHERE id BETWEEN 2962148 AND 2963147 ORDER BY c
	Unique  (cost=3774.06..3778.88 rows=964 width=121)
	  ->  Sort  (cost=3774.06..3776.47 rows=964 width=121)
	        Sort Key: c
	        ->  Bitmap Heap Scan on sbtest8  (cost=22.32..3726.28 rows=964 width=121)
	              Recheck Cond: ((id >= 2962148) AND (id <= 2963147))
	              ->  Bitmap Index Scan on sbtest8_pkey  (cost=0.00..22.07 rows=964 width=0)
	                    Index Cond: ((id >= 2962148) AND (id <= 2963147))

for: distinct_ranges
table 1 : explain SELECT DISTINCT c FROM sbtest1 WHERE id BETWEEN 7952240 AND 7953239 ORDER BY c
	Unique  (cost=4073.20..4078.41 rows=1043 width=121)
	  ->  Sort  (cost=4073.20..4075.81 rows=1043 width=121)
	        Sort Key: c
	        ->  Bitmap Heap Scan on sbtest1  (cost=23.13..4020.91 rows=1043 width=121)
	              Recheck Cond: ((id >= 7952240) AND (id <= 7953239))
	              ->  Bitmap Index Scan on sbtest1_pkey  (cost=0.00..22.86 rows=1043 width=0)
	                    Index Cond: ((id >= 7952240) AND (id <= 7953239))

table 2 : explain SELECT DISTINCT c FROM sbtest2 WHERE id BETWEEN 6012738 AND 6013737 ORDER BY c
	Unique  (cost=4162.03..4167.36 rows=1066 width=121)
	  ->  Sort  (cost=4162.03..4164.70 rows=1066 width=121)
	        Sort Key: c
	        ->  Bitmap Heap Scan on sbtest2  (cost=23.36..4108.42 rows=1066 width=121)
	              Recheck Cond: ((id >= 6012738) AND (id <= 6013737))
	              ->  Bitmap Index Scan on sbtest2_pkey  (cost=0.00..23.09 rows=1066 width=0)
	                    Index Cond: ((id >= 6012738) AND (id <= 6013737))

table 3 : explain SELECT DISTINCT c FROM sbtest3 WHERE id BETWEEN 5711953 AND 5712952 ORDER BY c
	Unique  (cost=3458.32..3462.73 rows=882 width=121)
	  ->  Sort  (cost=3458.32..3460.52 rows=882 width=121)
	        Sort Key: c
	        ->  Bitmap Heap Scan on sbtest3  (cost=21.48..3415.17 rows=882 width=121)
	              Recheck Cond: ((id >= 5711953) AND (id <= 5712952))
	              ->  Bitmap Index Scan on sbtest3_pkey  (cost=0.00..21.25 rows=882 width=0)
	                    Index Cond: ((id >= 5711953) AND (id <= 5712952))

table 4 : explain SELECT DISTINCT c FROM sbtest4 WHERE id BETWEEN 9934104 AND 9935103 ORDER BY c
	Unique  (cost=3968.33..3973.40 rows=1015 width=121)
	  ->  Sort  (cost=3968.33..3970.86 rows=1015 width=121)
	        Sort Key: c
	        ->  Bitmap Heap Scan on sbtest4  (cost=22.84..3917.64 rows=1015 width=121)
	              Recheck Cond: ((id >= 9934104) AND (id <= 9935103))
	              ->  Bitmap Index Scan on sbtest4_pkey  (cost=0.00..22.58 rows=1015 width=0)
	                    Index Cond: ((id >= 9934104) AND (id <= 9935103))

table 5 : explain SELECT DISTINCT c FROM sbtest5 WHERE id BETWEEN 2122245 AND 2123244 ORDER BY c
	Unique  (cost=3616.35..3620.97 rows=923 width=121)
	  ->  Sort  (cost=3616.35..3618.66 rows=923 width=121)
	        Sort Key: c
	        ->  Bitmap Heap Scan on sbtest5  (cost=21.90..3570.90 rows=923 width=121)
	              Recheck Cond: ((id >= 2122245) AND (id <= 2123244))
	              ->  Bitmap Index Scan on sbtest5_pkey  (cost=0.00..21.66 rows=923 width=0)
	                    Index Cond: ((id >= 2122245) AND (id <= 2123244))

table 6 : explain SELECT DISTINCT c FROM sbtest6 WHERE id BETWEEN 4014830 AND 4015829 ORDER BY c
	Unique  (cost=4007.41..4012.53 rows=1025 width=121)
	  ->  Sort  (cost=4007.41..4009.97 rows=1025 width=121)
	        Sort Key: c
	        ->  Bitmap Heap Scan on sbtest6  (cost=22.94..3956.15 rows=1025 width=121)
	              Recheck Cond: ((id >= 4014830) AND (id <= 4015829))
	              ->  Bitmap Index Scan on sbtest6_pkey  (cost=0.00..22.68 rows=1025 width=0)
	                    Index Cond: ((id >= 4014830) AND (id <= 4015829))

table 7 : explain SELECT DISTINCT c FROM sbtest7 WHERE id BETWEEN 2776974 AND 2777973 ORDER BY c
	Unique  (cost=3793.17..3798.01 rows=969 width=121)
	  ->  Sort  (cost=3793.17..3795.59 rows=969 width=121)
	        Sort Key: c
	        ->  Bitmap Heap Scan on sbtest7  (cost=22.37..3745.10 rows=969 width=121)
	              Recheck Cond: ((id >= 2776974) AND (id <= 2777973))
	              ->  Bitmap Index Scan on sbtest7_pkey  (cost=0.00..22.12 rows=969 width=0)
	                    Index Cond: ((id >= 2776974) AND (id <= 2777973))

table 8 : explain SELECT DISTINCT c FROM sbtest8 WHERE id BETWEEN 8935925 AND 8936924 ORDER BY c
	Unique  (cost=3869.75..3874.69 rows=989 width=121)
	  ->  Sort  (cost=3869.75..3872.22 rows=989 width=121)
	        Sort Key: c
	        ->  Bitmap Heap Scan on sbtest8  (cost=22.57..3820.54 rows=989 width=121)
	              Recheck Cond: ((id >= 8935925) AND (id <= 8936924))
	              ->  Bitmap Index Scan on sbtest8_pkey  (cost=0.00..22.32 rows=989 width=0)
	                    Index Cond: ((id >= 8935925) AND (id <= 8936924))

Threads started!

Warming up for 5 seconds...

SQL statistics:
    queries performed:
        read:                            127828170
        write:                           0
        other:                           23241511
        total:                           151069681
    transactions:                        11620775 (18445.46 per sec.)
    queries:                             151069681 (239790.38 per sec.)
    ignored errors:                      0      (0.00 per sec.)
    reconnects:                          0      (0.00 per sec.)

Throughput:
    events/s (eps):                      18445.4621
    time elapsed:                        630.0074s
    total number of events:              11620775

Latency (ms):
         min:                                    0.48
         avg:                                    2.17
         max:                                   18.44
         95th percentile:                        2.30
         sum:                             25186891.92

Threads fairness:
    events (avg/stddev):           290519.2000/1050.94
    execution time (avg/stddev):   629.6723/0.00

