LUA_PATH=/home/mdcallag/git/mytools/bench/sysbench.lua/lua/?.lua /home/mdcallag/git/mytools/bench/sysbench.lua/lua/sysbench --db-driver=pgsql --range-size=100 --table-size=10000000 --tables=8 --threads=40 --events=0 --warmup-time=5 --time=930 --pgsql_conn_id=true /home/mdcallag/git/mytools/bench/sysbench.lua/lua/oltp_inlist_update.lua run --pgsql-user=root --pgsql-password=pw --pgsql-host=127.0.0.1 --pgsql-db=ib --rand-type=uniform
48 CPUs
sysbench 1.1.0-9072687 (using bundled LuaJIT 2.1.0-beta3)

Running the test with following options:
Number of threads: 40
Warmup time: 5s
Initializing random number generator from current time


Initializing worker threads...

explain: for update-inlist :: explain UPDATE sbtest%d set c=7 WHERE id IN ( 5335599, 7285731, 1726881, 2522546, 2778733, 255632, 5016663, 7209542, 9206057, 3597046)
for update-inlist
table 1 : explain UPDATE sbtest1 set c=7 WHERE id IN ( 5335599, 7285731, 1726881, 2522546, 2778733, 255632, 5016663, 7209542, 9206057, 3597046)
	Update on sbtest1  (cost=0.43..48.53 rows=0 width=0)
	  ->  Index Scan using sbtest1_pkey on sbtest1  (cost=0.43..48.53 rows=10 width=490)
	        Index Cond: (id = ANY ('{5335599,7285731,1726881,2522546,2778733,255632,5016663,7209542,9206057,3597046}'::integer[]))

table 2 : explain UPDATE sbtest2 set c=7 WHERE id IN ( 5335599, 7285731, 1726881, 2522546, 2778733, 255632, 5016663, 7209542, 9206057, 3597046)
	Update on sbtest2  (cost=0.43..48.53 rows=0 width=0)
	  ->  Index Scan using sbtest2_pkey on sbtest2  (cost=0.43..48.53 rows=10 width=490)
	        Index Cond: (id = ANY ('{5335599,7285731,1726881,2522546,2778733,255632,5016663,7209542,9206057,3597046}'::integer[]))

table 3 : explain UPDATE sbtest3 set c=7 WHERE id IN ( 5335599, 7285731, 1726881, 2522546, 2778733, 255632, 5016663, 7209542, 9206057, 3597046)
	Update on sbtest3  (cost=0.43..48.53 rows=0 width=0)
	  ->  Index Scan using sbtest3_pkey on sbtest3  (cost=0.43..48.53 rows=10 width=490)
	        Index Cond: (id = ANY ('{5335599,7285731,1726881,2522546,2778733,255632,5016663,7209542,9206057,3597046}'::integer[]))

table 4 : explain UPDATE sbtest4 set c=7 WHERE id IN ( 5335599, 7285731, 1726881, 2522546, 2778733, 255632, 5016663, 7209542, 9206057, 3597046)
	Update on sbtest4  (cost=0.43..48.53 rows=0 width=0)
	  ->  Index Scan using sbtest4_pkey on sbtest4  (cost=0.43..48.53 rows=10 width=490)
	        Index Cond: (id = ANY ('{5335599,7285731,1726881,2522546,2778733,255632,5016663,7209542,9206057,3597046}'::integer[]))

table 5 : explain UPDATE sbtest5 set c=7 WHERE id IN ( 5335599, 7285731, 1726881, 2522546, 2778733, 255632, 5016663, 7209542, 9206057, 3597046)
	Update on sbtest5  (cost=0.43..48.53 rows=0 width=0)
	  ->  Index Scan using sbtest5_pkey on sbtest5  (cost=0.43..48.53 rows=10 width=490)
	        Index Cond: (id = ANY ('{5335599,7285731,1726881,2522546,2778733,255632,5016663,7209542,9206057,3597046}'::integer[]))

table 6 : explain UPDATE sbtest6 set c=7 WHERE id IN ( 5335599, 7285731, 1726881, 2522546, 2778733, 255632, 5016663, 7209542, 9206057, 3597046)
	Update on sbtest6  (cost=0.43..48.53 rows=0 width=0)
	  ->  Index Scan using sbtest6_pkey on sbtest6  (cost=0.43..48.53 rows=10 width=490)
	        Index Cond: (id = ANY ('{5335599,7285731,1726881,2522546,2778733,255632,5016663,7209542,9206057,3597046}'::integer[]))

table 7 : explain UPDATE sbtest7 set c=7 WHERE id IN ( 5335599, 7285731, 1726881, 2522546, 2778733, 255632, 5016663, 7209542, 9206057, 3597046)
	Update on sbtest7  (cost=0.43..48.53 rows=0 width=0)
	  ->  Index Scan using sbtest7_pkey on sbtest7  (cost=0.43..48.53 rows=10 width=490)
	        Index Cond: (id = ANY ('{5335599,7285731,1726881,2522546,2778733,255632,5016663,7209542,9206057,3597046}'::integer[]))

table 8 : explain UPDATE sbtest8 set c=7 WHERE id IN ( 5335599, 7285731, 1726881, 2522546, 2778733, 255632, 5016663, 7209542, 9206057, 3597046)
	Update on sbtest8  (cost=0.43..48.53 rows=0 width=0)
	  ->  Index Scan using sbtest8_pkey on sbtest8  (cost=0.43..48.53 rows=10 width=490)
	        Index Cond: (id = ANY ('{5335599,7285731,1726881,2522546,2778733,255632,5016663,7209542,9206057,3597046}'::integer[]))

explain: for update-inlist :: explain UPDATE sbtest%d set c=7 WHERE id IN ( 2735067, 1091452, 7677665, 647067, 7817585, 6187474, 1900919, 6379358, 1344659, 9951975)
explain: for update-inlist :: explain UPDATE sbtest%d set c=7 WHERE id IN ( 6610207, 6792538, 4389169, 8394487, 9815308, 3129869, 5670894, 5669638, 8670132, 4482252)
for update-inlist
table 1 : explain UPDATE sbtest1 set c=7 WHERE id IN ( 2735067, 1091452, 7677665, 647067, 7817585, 6187474, 1900919, 6379358, 1344659, 9951975)
	Update on sbtest1  (cost=0.43..48.53 rows=0 width=0)
	  ->  Index Scan using sbtest1_pkey on sbtest1  (cost=0.43..48.53 rows=10 width=490)
	        Index Cond: (id = ANY ('{2735067,1091452,7677665,647067,7817585,6187474,1900919,6379358,1344659,9951975}'::integer[]))

table 2 : explain UPDATE sbtest2 set c=7 WHERE id IN ( 2735067, 1091452, 7677665, 647067, 7817585, 6187474, 1900919, 6379358, 1344659, 9951975)
	Update on sbtest2  (cost=0.43..48.53 rows=0 width=0)
	  ->  Index Scan using sbtest2_pkey on sbtest2  (cost=0.43..48.53 rows=10 width=490)
	        Index Cond: (id = ANY ('{2735067,1091452,7677665,647067,7817585,6187474,1900919,6379358,1344659,9951975}'::integer[]))

table 3 : explain UPDATE sbtest3 set c=7 WHERE id IN ( 2735067, 1091452, 7677665, 647067, 7817585, 6187474, 1900919, 6379358, 1344659, 9951975)
	Update on sbtest3  (cost=0.43..48.53 rows=0 width=0)
	  ->  Index Scan using sbtest3_pkey on sbtest3  (cost=0.43..48.53 rows=10 width=490)
	        Index Cond: (id = ANY ('{2735067,1091452,7677665,647067,7817585,6187474,1900919,6379358,1344659,9951975}'::integer[]))

table 4 : explain UPDATE sbtest4 set c=7 WHERE id IN ( 2735067, 1091452, 7677665, 647067, 7817585, 6187474, 1900919, 6379358, 1344659, 9951975)
	Update on sbtest4  (cost=0.43..48.53 rows=0 width=0)
	  ->  Index Scan using sbtest4_pkey on sbtest4  (cost=0.43..48.53 rows=10 width=490)
	        Index Cond: (id = ANY ('{2735067,1091452,7677665,647067,7817585,6187474,1900919,6379358,1344659,9951975}'::integer[]))

table 5 : explain UPDATE sbtest5 set c=7 WHERE id IN ( 2735067, 1091452, 7677665, 647067, 7817585, 6187474, 1900919, 6379358, 1344659, 9951975)
	Update on sbtest5  (cost=0.43..48.53 rows=0 width=0)
	  ->  Index Scan using sbtest5_pkey on sbtest5  (cost=0.43..48.53 rows=10 width=490)
	        Index Cond: (id = ANY ('{2735067,1091452,7677665,647067,7817585,6187474,1900919,6379358,1344659,9951975}'::integer[]))

table 6 : explain UPDATE sbtest6 set c=7 WHERE id IN ( 2735067, 1091452, 7677665, 647067, 7817585, 6187474, 1900919, 6379358, 1344659, 9951975)
	Update on sbtest6  (cost=0.43..48.53 rows=0 width=0)
	  ->  Index Scan using sbtest6_pkey on sbtest6  (cost=0.43..48.53 rows=10 width=490)
	        Index Cond: (id = ANY ('{2735067,1091452,7677665,647067,7817585,6187474,1900919,6379358,1344659,9951975}'::integer[]))

table 7 : explain UPDATE sbtest7 set c=7 WHERE id IN ( 2735067, 1091452, 7677665, 647067, 7817585, 6187474, 1900919, 6379358, 1344659, 9951975)
	Update on sbtest7  (cost=0.43..48.53 rows=0 width=0)
	  ->  Index Scan using sbtest7_pkey on sbtest7  (cost=0.43..48.53 rows=10 width=490)
	        Index Cond: (id = ANY ('{2735067,1091452,7677665,647067,7817585,6187474,1900919,6379358,1344659,9951975}'::integer[]))

table 8 : explain UPDATE sbtest8 set c=7 WHERE id IN ( 2735067, 1091452, 7677665, 647067, 7817585, 6187474, 1900919, 6379358, 1344659, 9951975)
	Update on sbtest8  (cost=0.43..48.53 rows=0 width=0)
	  ->  Index Scan using sbtest8_pkey on sbtest8  (cost=0.43..48.53 rows=10 width=490)
	        Index Cond: (id = ANY ('{2735067,1091452,7677665,647067,7817585,6187474,1900919,6379358,1344659,9951975}'::integer[]))

for update-inlist
table 1 : explain UPDATE sbtest1 set c=7 WHERE id IN ( 6610207, 6792538, 4389169, 8394487, 9815308, 3129869, 5670894, 5669638, 8670132, 4482252)
	Update on sbtest1  (cost=0.43..48.53 rows=0 width=0)
	  ->  Index Scan using sbtest1_pkey on sbtest1  (cost=0.43..48.53 rows=10 width=490)
	        Index Cond: (id = ANY ('{6610207,6792538,4389169,8394487,9815308,3129869,5670894,5669638,8670132,4482252}'::integer[]))

table 2 : explain UPDATE sbtest2 set c=7 WHERE id IN ( 6610207, 6792538, 4389169, 8394487, 9815308, 3129869, 5670894, 5669638, 8670132, 4482252)
	Update on sbtest2  (cost=0.43..48.53 rows=0 width=0)
	  ->  Index Scan using sbtest2_pkey on sbtest2  (cost=0.43..48.53 rows=10 width=490)
	        Index Cond: (id = ANY ('{6610207,6792538,4389169,8394487,9815308,3129869,5670894,5669638,8670132,4482252}'::integer[]))

table 3 : explain UPDATE sbtest3 set c=7 WHERE id IN ( 6610207, 6792538, 4389169, 8394487, 9815308, 3129869, 5670894, 5669638, 8670132, 4482252)
	Update on sbtest3  (cost=0.43..48.53 rows=0 width=0)
	  ->  Index Scan using sbtest3_pkey on sbtest3  (cost=0.43..48.53 rows=10 width=490)
	        Index Cond: (id = ANY ('{6610207,6792538,4389169,8394487,9815308,3129869,5670894,5669638,8670132,4482252}'::integer[]))

table 4 : explain UPDATE sbtest4 set c=7 WHERE id IN ( 6610207, 6792538, 4389169, 8394487, 9815308, 3129869, 5670894, 5669638, 8670132, 4482252)
	Update on sbtest4  (cost=0.43..48.53 rows=0 width=0)
	  ->  Index Scan using sbtest4_pkey on sbtest4  (cost=0.43..48.53 rows=10 width=490)
	        Index Cond: (id = ANY ('{6610207,6792538,4389169,8394487,9815308,3129869,5670894,5669638,8670132,4482252}'::integer[]))

table 5 : explain UPDATE sbtest5 set c=7 WHERE id IN ( 6610207, 6792538, 4389169, 8394487, 9815308, 3129869, 5670894, 5669638, 8670132, 4482252)
	Update on sbtest5  (cost=0.43..48.53 rows=0 width=0)
	  ->  Index Scan using sbtest5_pkey on sbtest5  (cost=0.43..48.53 rows=10 width=490)
	        Index Cond: (id = ANY ('{6610207,6792538,4389169,8394487,9815308,3129869,5670894,5669638,8670132,4482252}'::integer[]))

table 6 : explain UPDATE sbtest6 set c=7 WHERE id IN ( 6610207, 6792538, 4389169, 8394487, 9815308, 3129869, 5670894, 5669638, 8670132, 4482252)
	Update on sbtest6  (cost=0.43..48.53 rows=0 width=0)
	  ->  Index Scan using sbtest6_pkey on sbtest6  (cost=0.43..48.53 rows=10 width=490)
	        Index Cond: (id = ANY ('{6610207,6792538,4389169,8394487,9815308,3129869,5670894,5669638,8670132,4482252}'::integer[]))

table 7 : explain UPDATE sbtest7 set c=7 WHERE id IN ( 6610207, 6792538, 4389169, 8394487, 9815308, 3129869, 5670894, 5669638, 8670132, 4482252)
	Update on sbtest7  (cost=0.43..48.53 rows=0 width=0)
	  ->  Index Scan using sbtest7_pkey on sbtest7  (cost=0.43..48.53 rows=10 width=490)
	        Index Cond: (id = ANY ('{6610207,6792538,4389169,8394487,9815308,3129869,5670894,5669638,8670132,4482252}'::integer[]))

table 8 : explain UPDATE sbtest8 set c=7 WHERE id IN ( 6610207, 6792538, 4389169, 8394487, 9815308, 3129869, 5670894, 5669638, 8670132, 4482252)
	Update on sbtest8  (cost=0.43..48.53 rows=0 width=0)
	  ->  Index Scan using sbtest8_pkey on sbtest8  (cost=0.43..48.53 rows=10 width=490)
	        Index Cond: (id = ANY ('{6610207,6792538,4389169,8394487,9815308,3129869,5670894,5669638,8670132,4482252}'::integer[]))

explain: for update-inlist :: explain UPDATE sbtest%d set c=7 WHERE id IN ( 2722098, 8211129, 463939, 6595777, 9566173, 8651514, 8031076, 1456618, 9461163, 7779504)
explain: for update-inlist :: explain UPDATE sbtest%d set c=7 WHERE id IN ( 2612546, 226259, 6984761, 7947355, 5648246, 6848343, 278451, 6348803, 7777380, 9361230)
explain: for update-inlist :: explain UPDATE sbtest%d set c=7 WHERE id IN ( 2238953, 506189, 7897902, 8161395, 7026394, 5994841, 9537753, 7023688, 5591967, 3263238)
explain: for update-inlist :: explain UPDATE sbtest%d set c=7 WHERE id IN ( 2912184, 6861275, 2257132, 7962049, 5637716, 1103324, 2681608, 2441697, 9084309, 5241728)
for update-inlist
table 1 : explain UPDATE sbtest1 set c=7 WHERE id IN ( 2722098, 8211129, 463939, 6595777, 9566173, 8651514, 8031076, 1456618, 9461163, 7779504)
	Update on sbtest1  (cost=0.43..48.53 rows=0 width=0)
	  ->  Index Scan using sbtest1_pkey on sbtest1  (cost=0.43..48.53 rows=10 width=490)
	        Index Cond: (id = ANY ('{2722098,8211129,463939,6595777,9566173,8651514,8031076,1456618,9461163,7779504}'::integer[]))

table 2 : explain UPDATE sbtest2 set c=7 WHERE id IN ( 2722098, 8211129, 463939, 6595777, 9566173, 8651514, 8031076, 1456618, 9461163, 7779504)
	Update on sbtest2  (cost=0.43..48.53 rows=0 width=0)
	  ->  Index Scan using sbtest2_pkey on sbtest2  (cost=0.43..48.53 rows=10 width=490)
	        Index Cond: (id = ANY ('{2722098,8211129,463939,6595777,9566173,8651514,8031076,1456618,9461163,7779504}'::integer[]))

table 3 : explain UPDATE sbtest3 set c=7 WHERE id IN ( 2722098, 8211129, 463939, 6595777, 9566173, 8651514, 8031076, 1456618, 9461163, 7779504)
	Update on sbtest3  (cost=0.43..48.53 rows=0 width=0)
	  ->  Index Scan using sbtest3_pkey on sbtest3  (cost=0.43..48.53 rows=10 width=490)
	        Index Cond: (id = ANY ('{2722098,8211129,463939,6595777,9566173,8651514,8031076,1456618,9461163,7779504}'::integer[]))

table 4 : explain UPDATE sbtest4 set c=7 WHERE id IN ( 2722098, 8211129, 463939, 6595777, 9566173, 8651514, 8031076, 1456618, 9461163, 7779504)
	Update on sbtest4  (cost=0.43..48.53 rows=0 width=0)
	  ->  Index Scan using sbtest4_pkey on sbtest4  (cost=0.43..48.53 rows=10 width=490)
	        Index Cond: (id = ANY ('{2722098,8211129,463939,6595777,9566173,8651514,8031076,1456618,9461163,7779504}'::integer[]))

table 5 : explain UPDATE sbtest5 set c=7 WHERE id IN ( 2722098, 8211129, 463939, 6595777, 9566173, 8651514, 8031076, 1456618, 9461163, 7779504)
	Update on sbtest5  (cost=0.43..48.53 rows=0 width=0)
	  ->  Index Scan using sbtest5_pkey on sbtest5  (cost=0.43..48.53 rows=10 width=490)
	        Index Cond: (id = ANY ('{2722098,8211129,463939,6595777,9566173,8651514,8031076,1456618,9461163,7779504}'::integer[]))

table 6 : explain UPDATE sbtest6 set c=7 WHERE id IN ( 2722098, 8211129, 463939, 6595777, 9566173, 8651514, 8031076, 1456618, 9461163, 7779504)
	Update on sbtest6  (cost=0.43..48.53 rows=0 width=0)
	  ->  Index Scan using sbtest6_pkey on sbtest6  (cost=0.43..48.53 rows=10 width=490)
	        Index Cond: (id = ANY ('{2722098,8211129,463939,6595777,9566173,8651514,8031076,1456618,9461163,7779504}'::integer[]))

table 7 : explain UPDATE sbtest7 set c=7 WHERE id IN ( 2722098, 8211129, 463939, 6595777, 9566173, 8651514, 8031076, 1456618, 9461163, 7779504)
	Update on sbtest7  (cost=0.43..48.53 rows=0 width=0)
	  ->  Index Scan using sbtest7_pkey on sbtest7  (cost=0.43..48.53 rows=10 width=490)
	        Index Cond: (id = ANY ('{2722098,8211129,463939,6595777,9566173,8651514,8031076,1456618,9461163,7779504}'::integer[]))

table 8 : explain UPDATE sbtest8 set c=7 WHERE id IN ( 2722098, 8211129, 463939, 6595777, 9566173, 8651514, 8031076, 1456618, 9461163, 7779504)
	Update on sbtest8  (cost=0.43..48.53 rows=0 width=0)
	  ->  Index Scan using sbtest8_pkey on sbtest8  (cost=0.43..48.53 rows=10 width=490)
	        Index Cond: (id = ANY ('{2722098,8211129,463939,6595777,9566173,8651514,8031076,1456618,9461163,7779504}'::integer[]))

for update-inlist
table 1 : explain UPDATE sbtest1 set c=7 WHERE id IN ( 2612546, 226259, 6984761, 7947355, 5648246, 6848343, 278451, 6348803, 7777380, 9361230)
	Update on sbtest1  (cost=0.43..48.53 rows=0 width=0)
	  ->  Index Scan using sbtest1_pkey on sbtest1  (cost=0.43..48.53 rows=10 width=490)
	        Index Cond: (id = ANY ('{2612546,226259,6984761,7947355,5648246,6848343,278451,6348803,7777380,9361230}'::integer[]))

table 2 : explain UPDATE sbtest2 set c=7 WHERE id IN ( 2612546, 226259, 6984761, 7947355, 5648246, 6848343, 278451, 6348803, 7777380, 9361230)
	Update on sbtest2  (cost=0.43..48.53 rows=0 width=0)
	  ->  Index Scan using sbtest2_pkey on sbtest2  (cost=0.43..48.53 rows=10 width=490)
	        Index Cond: (id = ANY ('{2612546,226259,6984761,7947355,5648246,6848343,278451,6348803,7777380,9361230}'::integer[]))

table 3 : explain UPDATE sbtest3 set c=7 WHERE id IN ( 2612546, 226259, 6984761, 7947355, 5648246, 6848343, 278451, 6348803, 7777380, 9361230)
	Update on sbtest3  (cost=0.43..48.53 rows=0 width=0)
	  ->  Index Scan using sbtest3_pkey on sbtest3  (cost=0.43..48.53 rows=10 width=490)
	        Index Cond: (id = ANY ('{2612546,226259,6984761,7947355,5648246,6848343,278451,6348803,7777380,9361230}'::integer[]))

table 4 : explain UPDATE sbtest4 set c=7 WHERE id IN ( 2612546, 226259, 6984761, 7947355, 5648246, 6848343, 278451, 6348803, 7777380, 9361230)
	Update on sbtest4  (cost=0.43..48.53 rows=0 width=0)
	  ->  Index Scan using sbtest4_pkey on sbtest4  (cost=0.43..48.53 rows=10 width=490)
	        Index Cond: (id = ANY ('{2612546,226259,6984761,7947355,5648246,6848343,278451,6348803,7777380,9361230}'::integer[]))

table 5 : explain UPDATE sbtest5 set c=7 WHERE id IN ( 2612546, 226259, 6984761, 7947355, 5648246, 6848343, 278451, 6348803, 7777380, 9361230)
	Update on sbtest5  (cost=0.43..48.53 rows=0 width=0)
	  ->  Index Scan using sbtest5_pkey on sbtest5  (cost=0.43..48.53 rows=10 width=490)
	        Index Cond: (id = ANY ('{2612546,226259,6984761,7947355,5648246,6848343,278451,6348803,7777380,9361230}'::integer[]))

table 6 : explain UPDATE sbtest6 set c=7 WHERE id IN ( 2612546, 226259, 6984761, 7947355, 5648246, 6848343, 278451, 6348803, 7777380, 9361230)
	Update on sbtest6  (cost=0.43..48.53 rows=0 width=0)
	  ->  Index Scan using sbtest6_pkey on sbtest6  (cost=0.43..48.53 rows=10 width=490)
	        Index Cond: (id = ANY ('{2612546,226259,6984761,7947355,5648246,6848343,278451,6348803,7777380,9361230}'::integer[]))

table 7 : explain UPDATE sbtest7 set c=7 WHERE id IN ( 2612546, 226259, 6984761, 7947355, 5648246, 6848343, 278451, 6348803, 7777380, 9361230)
	Update on sbtest7  (cost=0.43..48.53 rows=0 width=0)
	  ->  Index Scan using sbtest7_pkey on sbtest7  (cost=0.43..48.53 rows=10 width=490)
	        Index Cond: (id = ANY ('{2612546,226259,6984761,7947355,5648246,6848343,278451,6348803,7777380,9361230}'::integer[]))

table 8 : explain UPDATE sbtest8 set c=7 WHERE id IN ( 2612546, 226259, 6984761, 7947355, 5648246, 6848343, 278451, 6348803, 7777380, 9361230)
	Update on sbtest8  (cost=0.43..48.53 rows=0 width=0)
	  ->  Index Scan using sbtest8_pkey on sbtest8  (cost=0.43..48.53 rows=10 width=490)
	        Index Cond: (id = ANY ('{2612546,226259,6984761,7947355,5648246,6848343,278451,6348803,7777380,9361230}'::integer[]))

explain: for update-inlist :: explain UPDATE sbtest%d set c=7 WHERE id IN ( 7747157, 6627216, 1585404, 3299720, 8097798, 8392413, 4710584, 6602464, 7528922, 2366483)
explain: for update-inlist :: explain UPDATE sbtest%d set c=7 WHERE id IN ( 1615826, 7031189, 2576206, 2719687, 4483501, 6400836, 8016677, 1713061, 7065138, 7359470)
explain: for update-inlist :: explain UPDATE sbtest%d set c=7 WHERE id IN ( 3711445, 866616, 144227, 5145406, 6863693, 8196868, 9251967, 3665682, 404988, 4665007)
for update-inlist
table 1 : explain UPDATE sbtest1 set c=7 WHERE id IN ( 2238953, 506189, 7897902, 8161395, 7026394, 5994841, 9537753, 7023688, 5591967, 3263238)
	Update on sbtest1  (cost=0.43..48.53 rows=0 width=0)
	  ->  Index Scan using sbtest1_pkey on sbtest1  (cost=0.43..48.53 rows=10 width=490)
	        Index Cond: (id = ANY ('{2238953,506189,7897902,8161395,7026394,5994841,9537753,7023688,5591967,3263238}'::integer[]))

table 2 : explain UPDATE sbtest2 set c=7 WHERE id IN ( 2238953, 506189, 7897902, 8161395, 7026394, 5994841, 9537753, 7023688, 5591967, 3263238)
	Update on sbtest2  (cost=0.43..48.53 rows=0 width=0)
	  ->  Index Scan using sbtest2_pkey on sbtest2  (cost=0.43..48.53 rows=10 width=490)
	        Index Cond: (id = ANY ('{2238953,506189,7897902,8161395,7026394,5994841,9537753,7023688,5591967,3263238}'::integer[]))

table 3 : explain UPDATE sbtest3 set c=7 WHERE id IN ( 2238953, 506189, 7897902, 8161395, 7026394, 5994841, 9537753, 7023688, 5591967, 3263238)
	Update on sbtest3  (cost=0.43..48.53 rows=0 width=0)
	  ->  Index Scan using sbtest3_pkey on sbtest3  (cost=0.43..48.53 rows=10 width=490)
	        Index Cond: (id = ANY ('{2238953,506189,7897902,8161395,7026394,5994841,9537753,7023688,5591967,3263238}'::integer[]))

table 4 : explain UPDATE sbtest4 set c=7 WHERE id IN ( 2238953, 506189, 7897902, 8161395, 7026394, 5994841, 9537753, 7023688, 5591967, 3263238)
	Update on sbtest4  (cost=0.43..48.53 rows=0 width=0)
	  ->  Index Scan using sbtest4_pkey on sbtest4  (cost=0.43..48.53 rows=10 width=490)
	        Index Cond: (id = ANY ('{2238953,506189,7897902,8161395,7026394,5994841,9537753,7023688,5591967,3263238}'::integer[]))

table 5 : explain UPDATE sbtest5 set c=7 WHERE id IN ( 2238953, 506189, 7897902, 8161395, 7026394, 5994841, 9537753, 7023688, 5591967, 3263238)
	Update on sbtest5  (cost=0.43..48.53 rows=0 width=0)
	  ->  Index Scan using sbtest5_pkey on sbtest5  (cost=0.43..48.53 rows=10 width=490)
	        Index Cond: (id = ANY ('{2238953,506189,7897902,8161395,7026394,5994841,9537753,7023688,5591967,3263238}'::integer[]))

table 6 : explain UPDATE sbtest6 set c=7 WHERE id IN ( 2238953, 506189, 7897902, 8161395, 7026394, 5994841, 9537753, 7023688, 5591967, 3263238)
	Update on sbtest6  (cost=0.43..48.53 rows=0 width=0)
	  ->  Index Scan using sbtest6_pkey on sbtest6  (cost=0.43..48.53 rows=10 width=490)
	        Index Cond: (id = ANY ('{2238953,506189,7897902,8161395,7026394,5994841,9537753,7023688,5591967,3263238}'::integer[]))

table 7 : explain UPDATE sbtest7 set c=7 WHERE id IN ( 2238953, 506189, 7897902, 8161395, 7026394, 5994841, 9537753, 7023688, 5591967, 3263238)
	Update on sbtest7  (cost=0.43..48.53 rows=0 width=0)
	  ->  Index Scan using sbtest7_pkey on sbtest7  (cost=0.43..48.53 rows=10 width=490)
	        Index Cond: (id = ANY ('{2238953,506189,7897902,8161395,7026394,5994841,9537753,7023688,5591967,3263238}'::integer[]))

table 8 : explain UPDATE sbtest8 set c=7 WHERE id IN ( 2238953, 506189, 7897902, 8161395, 7026394, 5994841, 9537753, 7023688, 5591967, 3263238)
	Update on sbtest8  (cost=0.43..48.53 rows=0 width=0)
	  ->  Index Scan using sbtest8_pkey on sbtest8  (cost=0.43..48.53 rows=10 width=490)
	        Index Cond: (id = ANY ('{2238953,506189,7897902,8161395,7026394,5994841,9537753,7023688,5591967,3263238}'::integer[]))

explain: for update-inlist :: explain UPDATE sbtest%d set c=7 WHERE id IN ( 7721750, 1513788, 1438975, 7847772, 5539804, 5834578, 363278, 630501, 2106584, 2698855)
for update-inlist
table 1 : explain UPDATE sbtest1 set c=7 WHERE id IN ( 7747157, 6627216, 1585404, 3299720, 8097798, 8392413, 4710584, 6602464, 7528922, 2366483)
	Update on sbtest1  (cost=0.43..48.53 rows=0 width=0)
	  ->  Index Scan using sbtest1_pkey on sbtest1  (cost=0.43..48.53 rows=10 width=490)
	        Index Cond: (id = ANY ('{7747157,6627216,1585404,3299720,8097798,8392413,4710584,6602464,7528922,2366483}'::integer[]))

table 2 : explain UPDATE sbtest2 set c=7 WHERE id IN ( 7747157, 6627216, 1585404, 3299720, 8097798, 8392413, 4710584, 6602464, 7528922, 2366483)
	Update on sbtest2  (cost=0.43..48.53 rows=0 width=0)
	  ->  Index Scan using sbtest2_pkey on sbtest2  (cost=0.43..48.53 rows=10 width=490)
	        Index Cond: (id = ANY ('{7747157,6627216,1585404,3299720,8097798,8392413,4710584,6602464,7528922,2366483}'::integer[]))

table 3 : explain UPDATE sbtest3 set c=7 WHERE id IN ( 7747157, 6627216, 1585404, 3299720, 8097798, 8392413, 4710584, 6602464, 7528922, 2366483)
	Update on sbtest3  (cost=0.43..48.53 rows=0 width=0)
	  ->  Index Scan using sbtest3_pkey on sbtest3  (cost=0.43..48.53 rows=10 width=490)
	        Index Cond: (id = ANY ('{7747157,6627216,1585404,3299720,8097798,8392413,4710584,6602464,7528922,2366483}'::integer[]))

table 4 : explain UPDATE sbtest4 set c=7 WHERE id IN ( 7747157, 6627216, 1585404, 3299720, 8097798, 8392413, 4710584, 6602464, 7528922, 2366483)
	Update on sbtest4  (cost=0.43..48.53 rows=0 width=0)
	  ->  Index Scan using sbtest4_pkey on sbtest4  (cost=0.43..48.53 rows=10 width=490)
	        Index Cond: (id = ANY ('{7747157,6627216,1585404,3299720,8097798,8392413,4710584,6602464,7528922,2366483}'::integer[]))

table 5 : explain UPDATE sbtest5 set c=7 WHERE id IN ( 7747157, 6627216, 1585404, 3299720, 8097798, 8392413, 4710584, 6602464, 7528922, 2366483)
	Update on sbtest5  (cost=0.43..48.53 rows=0 width=0)
	  ->  Index Scan using sbtest5_pkey on sbtest5  (cost=0.43..48.53 rows=10 width=490)
	        Index Cond: (id = ANY ('{7747157,6627216,1585404,3299720,8097798,8392413,4710584,6602464,7528922,2366483}'::integer[]))

table 6 : explain UPDATE sbtest6 set c=7 WHERE id IN ( 7747157, 6627216, 1585404, 3299720, 8097798, 8392413, 4710584, 6602464, 7528922, 2366483)
	Update on sbtest6  (cost=0.43..48.53 rows=0 width=0)
	  ->  Index Scan using sbtest6_pkey on sbtest6  (cost=0.43..48.53 rows=10 width=490)
	        Index Cond: (id = ANY ('{7747157,6627216,1585404,3299720,8097798,8392413,4710584,6602464,7528922,2366483}'::integer[]))

table 7 : explain UPDATE sbtest7 set c=7 WHERE id IN ( 7747157, 6627216, 1585404, 3299720, 8097798, 8392413, 4710584, 6602464, 7528922, 2366483)
	Update on sbtest7  (cost=0.43..48.53 rows=0 width=0)
	  ->  Index Scan using sbtest7_pkey on sbtest7  (cost=0.43..48.53 rows=10 width=490)
	        Index Cond: (id = ANY ('{7747157,6627216,1585404,3299720,8097798,8392413,4710584,6602464,7528922,2366483}'::integer[]))

table 8 : explain UPDATE sbtest8 set c=7 WHERE id IN ( 7747157, 6627216, 1585404, 3299720, 8097798, 8392413, 4710584, 6602464, 7528922, 2366483)
	Update on sbtest8  (cost=0.43..48.53 rows=0 width=0)
	  ->  Index Scan using sbtest8_pkey on sbtest8  (cost=0.43..48.53 rows=10 width=490)
	        Index Cond: (id = ANY ('{7747157,6627216,1585404,3299720,8097798,8392413,4710584,6602464,7528922,2366483}'::integer[]))

for update-inlist
table 1 : explain UPDATE sbtest1 set c=7 WHERE id IN ( 1615826, 7031189, 2576206, 2719687, 4483501, 6400836, 8016677, 1713061, 7065138, 7359470)
	Update on sbtest1  (cost=0.43..48.53 rows=0 width=0)
	  ->  Index Scan using sbtest1_pkey on sbtest1  (cost=0.43..48.53 rows=10 width=490)
	        Index Cond: (id = ANY ('{1615826,7031189,2576206,2719687,4483501,6400836,8016677,1713061,7065138,7359470}'::integer[]))

table 2 : explain UPDATE sbtest2 set c=7 WHERE id IN ( 1615826, 7031189, 2576206, 2719687, 4483501, 6400836, 8016677, 1713061, 7065138, 7359470)
	Update on sbtest2  (cost=0.43..48.53 rows=0 width=0)
	  ->  Index Scan using sbtest2_pkey on sbtest2  (cost=0.43..48.53 rows=10 width=490)
	        Index Cond: (id = ANY ('{1615826,7031189,2576206,2719687,4483501,6400836,8016677,1713061,7065138,7359470}'::integer[]))

table 3 : explain UPDATE sbtest3 set c=7 WHERE id IN ( 1615826, 7031189, 2576206, 2719687, 4483501, 6400836, 8016677, 1713061, 7065138, 7359470)
	Update on sbtest3  (cost=0.43..48.53 rows=0 width=0)
	  ->  Index Scan using sbtest3_pkey on sbtest3  (cost=0.43..48.53 rows=10 width=490)
	        Index Cond: (id = ANY ('{1615826,7031189,2576206,2719687,4483501,6400836,8016677,1713061,7065138,7359470}'::integer[]))

table 4 : explain UPDATE sbtest4 set c=7 WHERE id IN ( 1615826, 7031189, 2576206, 2719687, 4483501, 6400836, 8016677, 1713061, 7065138, 7359470)
	Update on sbtest4  (cost=0.43..48.53 rows=0 width=0)
	  ->  Index Scan using sbtest4_pkey on sbtest4  (cost=0.43..48.53 rows=10 width=490)
	        Index Cond: (id = ANY ('{1615826,7031189,2576206,2719687,4483501,6400836,8016677,1713061,7065138,7359470}'::integer[]))

table 5 : explain UPDATE sbtest5 set c=7 WHERE id IN ( 1615826, 7031189, 2576206, 2719687, 4483501, 6400836, 8016677, 1713061, 7065138, 7359470)
	Update on sbtest5  (cost=0.43..48.53 rows=0 width=0)
	  ->  Index Scan using sbtest5_pkey on sbtest5  (cost=0.43..48.53 rows=10 width=490)
	        Index Cond: (id = ANY ('{1615826,7031189,2576206,2719687,4483501,6400836,8016677,1713061,7065138,7359470}'::integer[]))

table 6 : explain UPDATE sbtest6 set c=7 WHERE id IN ( 1615826, 7031189, 2576206, 2719687, 4483501, 6400836, 8016677, 1713061, 7065138, 7359470)
	Update on sbtest6  (cost=0.43..48.53 rows=0 width=0)
	  ->  Index Scan using sbtest6_pkey on sbtest6  (cost=0.43..48.53 rows=10 width=490)
	        Index Cond: (id = ANY ('{1615826,7031189,2576206,2719687,4483501,6400836,8016677,1713061,7065138,7359470}'::integer[]))

table 7 : explain UPDATE sbtest7 set c=7 WHERE id IN ( 1615826, 7031189, 2576206, 2719687, 4483501, 6400836, 8016677, 1713061, 7065138, 7359470)
	Update on sbtest7  (cost=0.43..48.53 rows=0 width=0)
	  ->  Index Scan using sbtest7_pkey on sbtest7  (cost=0.43..48.53 rows=10 width=490)
	        Index Cond: (id = ANY ('{1615826,7031189,2576206,2719687,4483501,6400836,8016677,1713061,7065138,7359470}'::integer[]))

table 8 : explain UPDATE sbtest8 set c=7 WHERE id IN ( 1615826, 7031189, 2576206, 2719687, 4483501, 6400836, 8016677, 1713061, 7065138, 7359470)
	Update on sbtest8  (cost=0.43..48.53 rows=0 width=0)
	  ->  Index Scan using sbtest8_pkey on sbtest8  (cost=0.43..48.53 rows=10 width=490)
	        Index Cond: (id = ANY ('{1615826,7031189,2576206,2719687,4483501,6400836,8016677,1713061,7065138,7359470}'::integer[]))

for update-inlist
table 1 : explain UPDATE sbtest1 set c=7 WHERE id IN ( 3711445, 866616, 144227, 5145406, 6863693, 8196868, 9251967, 3665682, 404988, 4665007)
	Update on sbtest1  (cost=0.43..48.53 rows=0 width=0)
	  ->  Index Scan using sbtest1_pkey on sbtest1  (cost=0.43..48.53 rows=10 width=490)
	        Index Cond: (id = ANY ('{3711445,866616,144227,5145406,6863693,8196868,9251967,3665682,404988,4665007}'::integer[]))

table 2 : explain UPDATE sbtest2 set c=7 WHERE id IN ( 3711445, 866616, 144227, 5145406, 6863693, 8196868, 9251967, 3665682, 404988, 4665007)
	Update on sbtest2  (cost=0.43..48.53 rows=0 width=0)
	  ->  Index Scan using sbtest2_pkey on sbtest2  (cost=0.43..48.53 rows=10 width=490)
	        Index Cond: (id = ANY ('{3711445,866616,144227,5145406,6863693,8196868,9251967,3665682,404988,4665007}'::integer[]))

table 3 : explain UPDATE sbtest3 set c=7 WHERE id IN ( 3711445, 866616, 144227, 5145406, 6863693, 8196868, 9251967, 3665682, 404988, 4665007)
	Update on sbtest3  (cost=0.43..48.53 rows=0 width=0)
	  ->  Index Scan using sbtest3_pkey on sbtest3  (cost=0.43..48.53 rows=10 width=490)
	        Index Cond: (id = ANY ('{3711445,866616,144227,5145406,6863693,8196868,9251967,3665682,404988,4665007}'::integer[]))

table 4 : explain UPDATE sbtest4 set c=7 WHERE id IN ( 3711445, 866616, 144227, 5145406, 6863693, 8196868, 9251967, 3665682, 404988, 4665007)
	Update on sbtest4  (cost=0.43..48.53 rows=0 width=0)
	  ->  Index Scan using sbtest4_pkey on sbtest4  (cost=0.43..48.53 rows=10 width=490)
	        Index Cond: (id = ANY ('{3711445,866616,144227,5145406,6863693,8196868,9251967,3665682,404988,4665007}'::integer[]))

table 5 : explain UPDATE sbtest5 set c=7 WHERE id IN ( 3711445, 866616, 144227, 5145406, 6863693, 8196868, 9251967, 3665682, 404988, 4665007)
	Update on sbtest5  (cost=0.43..48.53 rows=0 width=0)
	  ->  Index Scan using sbtest5_pkey on sbtest5  (cost=0.43..48.53 rows=10 width=490)
	        Index Cond: (id = ANY ('{3711445,866616,144227,5145406,6863693,8196868,9251967,3665682,404988,4665007}'::integer[]))

table 6 : explain UPDATE sbtest6 set c=7 WHERE id IN ( 3711445, 866616, 144227, 5145406, 6863693, 8196868, 9251967, 3665682, 404988, 4665007)
	Update on sbtest6  (cost=0.43..48.53 rows=0 width=0)
	  ->  Index Scan using sbtest6_pkey on sbtest6  (cost=0.43..48.53 rows=10 width=490)
	        Index Cond: (id = ANY ('{3711445,866616,144227,5145406,6863693,8196868,9251967,3665682,404988,4665007}'::integer[]))

table 7 : explain UPDATE sbtest7 set c=7 WHERE id IN ( 3711445, 866616, 144227, 5145406, 6863693, 8196868, 9251967, 3665682, 404988, 4665007)
	Update on sbtest7  (cost=0.43..48.53 rows=0 width=0)
	  ->  Index Scan using sbtest7_pkey on sbtest7  (cost=0.43..48.53 rows=10 width=490)
	        Index Cond: (id = ANY ('{3711445,866616,144227,5145406,6863693,8196868,9251967,3665682,404988,4665007}'::integer[]))

table 8 : explain UPDATE sbtest8 set c=7 WHERE id IN ( 3711445, 866616, 144227, 5145406, 6863693, 8196868, 9251967, 3665682, 404988, 4665007)
	Update on sbtest8  (cost=0.43..48.53 rows=0 width=0)
	  ->  Index Scan using sbtest8_pkey on sbtest8  (cost=0.43..48.53 rows=10 width=490)
	        Index Cond: (id = ANY ('{3711445,866616,144227,5145406,6863693,8196868,9251967,3665682,404988,4665007}'::integer[]))

for update-inlist
table 1 : explain UPDATE sbtest1 set c=7 WHERE id IN ( 7721750, 1513788, 1438975, 7847772, 5539804, 5834578, 363278, 630501, 2106584, 2698855)
	Update on sbtest1  (cost=0.43..48.53 rows=0 width=0)
	  ->  Index Scan using sbtest1_pkey on sbtest1  (cost=0.43..48.53 rows=10 width=490)
	        Index Cond: (id = ANY ('{7721750,1513788,1438975,7847772,5539804,5834578,363278,630501,2106584,2698855}'::integer[]))

table 2 : explain UPDATE sbtest2 set c=7 WHERE id IN ( 7721750, 1513788, 1438975, 7847772, 5539804, 5834578, 363278, 630501, 2106584, 2698855)
	Update on sbtest2  (cost=0.43..48.53 rows=0 width=0)
	  ->  Index Scan using sbtest2_pkey on sbtest2  (cost=0.43..48.53 rows=10 width=490)
	        Index Cond: (id = ANY ('{7721750,1513788,1438975,7847772,5539804,5834578,363278,630501,2106584,2698855}'::integer[]))

table 3 : explain UPDATE sbtest3 set c=7 WHERE id IN ( 7721750, 1513788, 1438975, 7847772, 5539804, 5834578, 363278, 630501, 2106584, 2698855)
	Update on sbtest3  (cost=0.43..48.53 rows=0 width=0)
	  ->  Index Scan using sbtest3_pkey on sbtest3  (cost=0.43..48.53 rows=10 width=490)
	        Index Cond: (id = ANY ('{7721750,1513788,1438975,7847772,5539804,5834578,363278,630501,2106584,2698855}'::integer[]))

table 4 : explain UPDATE sbtest4 set c=7 WHERE id IN ( 7721750, 1513788, 1438975, 7847772, 5539804, 5834578, 363278, 630501, 2106584, 2698855)
	Update on sbtest4  (cost=0.43..48.53 rows=0 width=0)
	  ->  Index Scan using sbtest4_pkey on sbtest4  (cost=0.43..48.53 rows=10 width=490)
	        Index Cond: (id = ANY ('{7721750,1513788,1438975,7847772,5539804,5834578,363278,630501,2106584,2698855}'::integer[]))

table 5 : explain UPDATE sbtest5 set c=7 WHERE id IN ( 7721750, 1513788, 1438975, 7847772, 5539804, 5834578, 363278, 630501, 2106584, 2698855)
	Update on sbtest5  (cost=0.43..48.53 rows=0 width=0)
	  ->  Index Scan using sbtest5_pkey on sbtest5  (cost=0.43..48.53 rows=10 width=490)
	        Index Cond: (id = ANY ('{7721750,1513788,1438975,7847772,5539804,5834578,363278,630501,2106584,2698855}'::integer[]))

table 6 : explain UPDATE sbtest6 set c=7 WHERE id IN ( 7721750, 1513788, 1438975, 7847772, 5539804, 5834578, 363278, 630501, 2106584, 2698855)
	Update on sbtest6  (cost=0.43..48.53 rows=0 width=0)
	  ->  Index Scan using sbtest6_pkey on sbtest6  (cost=0.43..48.53 rows=10 width=490)
	        Index Cond: (id = ANY ('{7721750,1513788,1438975,7847772,5539804,5834578,363278,630501,2106584,2698855}'::integer[]))

table 7 : explain UPDATE sbtest7 set c=7 WHERE id IN ( 7721750, 1513788, 1438975, 7847772, 5539804, 5834578, 363278, 630501, 2106584, 2698855)
	Update on sbtest7  (cost=0.43..48.53 rows=0 width=0)
	  ->  Index Scan using sbtest7_pkey on sbtest7  (cost=0.43..48.53 rows=10 width=490)
	        Index Cond: (id = ANY ('{7721750,1513788,1438975,7847772,5539804,5834578,363278,630501,2106584,2698855}'::integer[]))

table 8 : explain UPDATE sbtest8 set c=7 WHERE id IN ( 7721750, 1513788, 1438975, 7847772, 5539804, 5834578, 363278, 630501, 2106584, 2698855)
	Update on sbtest8  (cost=0.43..48.53 rows=0 width=0)
	  ->  Index Scan using sbtest8_pkey on sbtest8  (cost=0.43..48.53 rows=10 width=490)
	        Index Cond: (id = ANY ('{7721750,1513788,1438975,7847772,5539804,5834578,363278,630501,2106584,2698855}'::integer[]))

for update-inlist
table 1 : explain UPDATE sbtest1 set c=7 WHERE id IN ( 2912184, 6861275, 2257132, 7962049, 5637716, 1103324, 2681608, 2441697, 9084309, 5241728)
	Update on sbtest1  (cost=0.43..48.53 rows=0 width=0)
	  ->  Index Scan using sbtest1_pkey on sbtest1  (cost=0.43..48.53 rows=10 width=490)
	        Index Cond: (id = ANY ('{2912184,6861275,2257132,7962049,5637716,1103324,2681608,2441697,9084309,5241728}'::integer[]))

table 2 : explain UPDATE sbtest2 set c=7 WHERE id IN ( 2912184, 6861275, 2257132, 7962049, 5637716, 1103324, 2681608, 2441697, 9084309, 5241728)
	Update on sbtest2  (cost=0.43..48.53 rows=0 width=0)
	  ->  Index Scan using sbtest2_pkey on sbtest2  (cost=0.43..48.53 rows=10 width=490)
	        Index Cond: (id = ANY ('{2912184,6861275,2257132,7962049,5637716,1103324,2681608,2441697,9084309,5241728}'::integer[]))

table 3 : explain UPDATE sbtest3 set c=7 WHERE id IN ( 2912184, 6861275, 2257132, 7962049, 5637716, 1103324, 2681608, 2441697, 9084309, 5241728)
	Update on sbtest3  (cost=0.43..48.53 rows=0 width=0)
	  ->  Index Scan using sbtest3_pkey on sbtest3  (cost=0.43..48.53 rows=10 width=490)
	        Index Cond: (id = ANY ('{2912184,6861275,2257132,7962049,5637716,1103324,2681608,2441697,9084309,5241728}'::integer[]))

table 4 : explain UPDATE sbtest4 set c=7 WHERE id IN ( 2912184, 6861275, 2257132, 7962049, 5637716, 1103324, 2681608, 2441697, 9084309, 5241728)
	Update on sbtest4  (cost=0.43..48.53 rows=0 width=0)
	  ->  Index Scan using sbtest4_pkey on sbtest4  (cost=0.43..48.53 rows=10 width=490)
	        Index Cond: (id = ANY ('{2912184,6861275,2257132,7962049,5637716,1103324,2681608,2441697,9084309,5241728}'::integer[]))

table 5 : explain UPDATE sbtest5 set c=7 WHERE id IN ( 2912184, 6861275, 2257132, 7962049, 5637716, 1103324, 2681608, 2441697, 9084309, 5241728)
	Update on sbtest5  (cost=0.43..48.53 rows=0 width=0)
	  ->  Index Scan using sbtest5_pkey on sbtest5  (cost=0.43..48.53 rows=10 width=490)
	        Index Cond: (id = ANY ('{2912184,6861275,2257132,7962049,5637716,1103324,2681608,2441697,9084309,5241728}'::integer[]))

table 6 : explain UPDATE sbtest6 set c=7 WHERE id IN ( 2912184, 6861275, 2257132, 7962049, 5637716, 1103324, 2681608, 2441697, 9084309, 5241728)
	Update on sbtest6  (cost=0.43..48.53 rows=0 width=0)
	  ->  Index Scan using sbtest6_pkey on sbtest6  (cost=0.43..48.53 rows=10 width=490)
	        Index Cond: (id = ANY ('{2912184,6861275,2257132,7962049,5637716,1103324,2681608,2441697,9084309,5241728}'::integer[]))

table 7 : explain UPDATE sbtest7 set c=7 WHERE id IN ( 2912184, 6861275, 2257132, 7962049, 5637716, 1103324, 2681608, 2441697, 9084309, 5241728)
	Update on sbtest7  (cost=0.43..48.53 rows=0 width=0)
	  ->  Index Scan using sbtest7_pkey on sbtest7  (cost=0.43..48.53 rows=10 width=490)
	        Index Cond: (id = ANY ('{2912184,6861275,2257132,7962049,5637716,1103324,2681608,2441697,9084309,5241728}'::integer[]))

table 8 : explain UPDATE sbtest8 set c=7 WHERE id IN ( 2912184, 6861275, 2257132, 7962049, 5637716, 1103324, 2681608, 2441697, 9084309, 5241728)
	Update on sbtest8  (cost=0.43..48.53 rows=0 width=0)
	  ->  Index Scan using sbtest8_pkey on sbtest8  (cost=0.43..48.53 rows=10 width=490)
	        Index Cond: (id = ANY ('{2912184,6861275,2257132,7962049,5637716,1103324,2681608,2441697,9084309,5241728}'::integer[]))

explain: for update-inlist :: explain UPDATE sbtest%d set c=7 WHERE id IN ( 6750066, 4590000, 866129, 5245461, 4490253, 1531676, 8039223, 1630550, 8006762, 6692860)
explain: for update-inlist :: explain UPDATE sbtest%d set c=7 WHERE id IN ( 1690111, 1596192, 9656107, 7351834, 6573042, 5710121, 4210250, 9895722, 8286454, 456811)
explain: for update-inlist :: explain UPDATE sbtest%d set c=7 WHERE id IN ( 4761058, 1900423, 2245851, 6822461, 3330972, 3121582, 7495479, 1187564, 4420069, 1712098)
explain: for update-inlist :: explain UPDATE sbtest%d set c=7 WHERE id IN ( 7964303, 7010892, 9285893, 2215499, 5633685, 5330582, 2679518, 4180091, 10874, 4602180)
explain: for update-inlist :: explain UPDATE sbtest%d set c=7 WHERE id IN ( 2776796, 3951189, 1182181, 6658861, 3309983, 8653538, 9890365, 9488623, 226699, 7173057)
explain: for update-inlist :: explain UPDATE sbtest%d set c=7 WHERE id IN ( 3570112, 7256617, 1078235, 3435385, 5876498, 841169, 3153794, 2964299, 3196300, 6535011)
explain: for update-inlist :: explain UPDATE sbtest%d set c=7 WHERE id IN ( 8498041, 6819701, 746857, 9496122, 4571880, 6197857, 2597718, 8462861, 4494790, 4555554)
explain: for update-inlist :: explain UPDATE sbtest%d set c=7 WHERE id IN ( 7981165, 6247764, 9243787, 2918098, 4247928, 6354853, 3550971, 8092026, 7113927, 2277947)
explain: for update-inlist :: explain UPDATE sbtest%d set c=7 WHERE id IN ( 8535527, 7241583, 3369527, 2097431, 4591919, 1284780, 4712311, 3108746, 6763473, 6350329)
explain: for update-inlist :: explain UPDATE sbtest%d set c=7 WHERE id IN ( 8714475, 257760, 4644366, 8464971, 2615410, 1991860, 7705254, 8411981, 2181992, 8941014)
explain: for update-inlist :: explain UPDATE sbtest%d set c=7 WHERE id IN ( 4178407, 3109599, 5364017, 6170800, 198034, 2078792, 2676981, 1805898, 7630408, 4694325)
for update-inlist
table 1 : explain UPDATE sbtest1 set c=7 WHERE id IN ( 2776796, 3951189, 1182181, 6658861, 3309983, 8653538, 9890365, 9488623, 226699, 7173057)
	Update on sbtest1  (cost=0.43..48.53 rows=0 width=0)
	  ->  Index Scan using sbtest1_pkey on sbtest1  (cost=0.43..48.53 rows=10 width=490)
	        Index Cond: (id = ANY ('{2776796,3951189,1182181,6658861,3309983,8653538,9890365,9488623,226699,7173057}'::integer[]))

table 2 : explain UPDATE sbtest2 set c=7 WHERE id IN ( 2776796, 3951189, 1182181, 6658861, 3309983, 8653538, 9890365, 9488623, 226699, 7173057)
	Update on sbtest2  (cost=0.43..48.53 rows=0 width=0)
	  ->  Index Scan using sbtest2_pkey on sbtest2  (cost=0.43..48.53 rows=10 width=490)
	        Index Cond: (id = ANY ('{2776796,3951189,1182181,6658861,3309983,8653538,9890365,9488623,226699,7173057}'::integer[]))

table 3 : explain UPDATE sbtest3 set c=7 WHERE id IN ( 2776796, 3951189, 1182181, 6658861, 3309983, 8653538, 9890365, 9488623, 226699, 7173057)
	Update on sbtest3  (cost=0.43..48.53 rows=0 width=0)
	  ->  Index Scan using sbtest3_pkey on sbtest3  (cost=0.43..48.53 rows=10 width=490)
	        Index Cond: (id = ANY ('{2776796,3951189,1182181,6658861,3309983,8653538,9890365,9488623,226699,7173057}'::integer[]))

table 4 : explain UPDATE sbtest4 set c=7 WHERE id IN ( 2776796, 3951189, 1182181, 6658861, 3309983, 8653538, 9890365, 9488623, 226699, 7173057)
	Update on sbtest4  (cost=0.43..48.53 rows=0 width=0)
	  ->  Index Scan using sbtest4_pkey on sbtest4  (cost=0.43..48.53 rows=10 width=490)
	        Index Cond: (id = ANY ('{2776796,3951189,1182181,6658861,3309983,8653538,9890365,9488623,226699,7173057}'::integer[]))

table 5 : explain UPDATE sbtest5 set c=7 WHERE id IN ( 2776796, 3951189, 1182181, 6658861, 3309983, 8653538, 9890365, 9488623, 226699, 7173057)
	Update on sbtest5  (cost=0.43..48.53 rows=0 width=0)
	  ->  Index Scan using sbtest5_pkey on sbtest5  (cost=0.43..48.53 rows=10 width=490)
	        Index Cond: (id = ANY ('{2776796,3951189,1182181,6658861,3309983,8653538,9890365,9488623,226699,7173057}'::integer[]))

table 6 : explain UPDATE sbtest6 set c=7 WHERE id IN ( 2776796, 3951189, 1182181, 6658861, 3309983, 8653538, 9890365, 9488623, 226699, 7173057)
	Update on sbtest6  (cost=0.43..48.53 rows=0 width=0)
	  ->  Index Scan using sbtest6_pkey on sbtest6  (cost=0.43..48.53 rows=10 width=490)
	        Index Cond: (id = ANY ('{2776796,3951189,1182181,6658861,3309983,8653538,9890365,9488623,226699,7173057}'::integer[]))

table 7 : explain UPDATE sbtest7 set c=7 WHERE id IN ( 2776796, 3951189, 1182181, 6658861, 3309983, 8653538, 9890365, 9488623, 226699, 7173057)
	Update on sbtest7  (cost=0.43..48.53 rows=0 width=0)
	  ->  Index Scan using sbtest7_pkey on sbtest7  (cost=0.43..48.53 rows=10 width=490)
	        Index Cond: (id = ANY ('{2776796,3951189,1182181,6658861,3309983,8653538,9890365,9488623,226699,7173057}'::integer[]))

table 8 : explain UPDATE sbtest8 set c=7 WHERE id IN ( 2776796, 3951189, 1182181, 6658861, 3309983, 8653538, 9890365, 9488623, 226699, 7173057)
	Update on sbtest8  (cost=0.43..48.53 rows=0 width=0)
	  ->  Index Scan using sbtest8_pkey on sbtest8  (cost=0.43..48.53 rows=10 width=490)
	        Index Cond: (id = ANY ('{2776796,3951189,1182181,6658861,3309983,8653538,9890365,9488623,226699,7173057}'::integer[]))

for update-inlist
table 1 : explain UPDATE sbtest1 set c=7 WHERE id IN ( 4761058, 1900423, 2245851, 6822461, 3330972, 3121582, 7495479, 1187564, 4420069, 1712098)
	Update on sbtest1  (cost=0.43..48.53 rows=0 width=0)
	  ->  Index Scan using sbtest1_pkey on sbtest1  (cost=0.43..48.53 rows=10 width=490)
	        Index Cond: (id = ANY ('{4761058,1900423,2245851,6822461,3330972,3121582,7495479,1187564,4420069,1712098}'::integer[]))

table 2 : explain UPDATE sbtest2 set c=7 WHERE id IN ( 4761058, 1900423, 2245851, 6822461, 3330972, 3121582, 7495479, 1187564, 4420069, 1712098)
	Update on sbtest2  (cost=0.43..48.53 rows=0 width=0)
	  ->  Index Scan using sbtest2_pkey on sbtest2  (cost=0.43..48.53 rows=10 width=490)
	        Index Cond: (id = ANY ('{4761058,1900423,2245851,6822461,3330972,3121582,7495479,1187564,4420069,1712098}'::integer[]))

table 3 : explain UPDATE sbtest3 set c=7 WHERE id IN ( 4761058, 1900423, 2245851, 6822461, 3330972, 3121582, 7495479, 1187564, 4420069, 1712098)
	Update on sbtest3  (cost=0.43..48.53 rows=0 width=0)
	  ->  Index Scan using sbtest3_pkey on sbtest3  (cost=0.43..48.53 rows=10 width=490)
	        Index Cond: (id = ANY ('{4761058,1900423,2245851,6822461,3330972,3121582,7495479,1187564,4420069,1712098}'::integer[]))

table 4 : explain UPDATE sbtest4 set c=7 WHERE id IN ( 4761058, 1900423, 2245851, 6822461, 3330972, 3121582, 7495479, 1187564, 4420069, 1712098)
	Update on sbtest4  (cost=0.43..48.53 rows=0 width=0)
	  ->  Index Scan using sbtest4_pkey on sbtest4  (cost=0.43..48.53 rows=10 width=490)
	        Index Cond: (id = ANY ('{4761058,1900423,2245851,6822461,3330972,3121582,7495479,1187564,4420069,1712098}'::integer[]))

table 5 : explain UPDATE sbtest5 set c=7 WHERE id IN ( 4761058, 1900423, 2245851, 6822461, 3330972, 3121582, 7495479, 1187564, 4420069, 1712098)
	Update on sbtest5  (cost=0.43..48.53 rows=0 width=0)
	  ->  Index Scan using sbtest5_pkey on sbtest5  (cost=0.43..48.53 rows=10 width=490)
	        Index Cond: (id = ANY ('{4761058,1900423,2245851,6822461,3330972,3121582,7495479,1187564,4420069,1712098}'::integer[]))

table 6 : explain UPDATE sbtest6 set c=7 WHERE id IN ( 4761058, 1900423, 2245851, 6822461, 3330972, 3121582, 7495479, 1187564, 4420069, 1712098)
	Update on sbtest6  (cost=0.43..48.53 rows=0 width=0)
	  ->  Index Scan using sbtest6_pkey on sbtest6  (cost=0.43..48.53 rows=10 width=490)
	        Index Cond: (id = ANY ('{4761058,1900423,2245851,6822461,3330972,3121582,7495479,1187564,4420069,1712098}'::integer[]))

table 7 : explain UPDATE sbtest7 set c=7 WHERE id IN ( 4761058, 1900423, 2245851, 6822461, 3330972, 3121582, 7495479, 1187564, 4420069, 1712098)
	Update on sbtest7  (cost=0.43..48.53 rows=0 width=0)
	  ->  Index Scan using sbtest7_pkey on sbtest7  (cost=0.43..48.53 rows=10 width=490)
	        Index Cond: (id = ANY ('{4761058,1900423,2245851,6822461,3330972,3121582,7495479,1187564,4420069,1712098}'::integer[]))

table 8 : explain UPDATE sbtest8 set c=7 WHERE id IN ( 4761058, 1900423, 2245851, 6822461, 3330972, 3121582, 7495479, 1187564, 4420069, 1712098)
	Update on sbtest8  (cost=0.43..48.53 rows=0 width=0)
	  ->  Index Scan using sbtest8_pkey on sbtest8  (cost=0.43..48.53 rows=10 width=490)
	        Index Cond: (id = ANY ('{4761058,1900423,2245851,6822461,3330972,3121582,7495479,1187564,4420069,1712098}'::integer[]))

for update-inlist
table 1 : explain UPDATE sbtest1 set c=7 WHERE id IN ( 6750066, 4590000, 866129, 5245461, 4490253, 1531676, 8039223, 1630550, 8006762, 6692860)
	Update on sbtest1  (cost=0.43..48.53 rows=0 width=0)
	  ->  Index Scan using sbtest1_pkey on sbtest1  (cost=0.43..48.53 rows=10 width=490)
	        Index Cond: (id = ANY ('{6750066,4590000,866129,5245461,4490253,1531676,8039223,1630550,8006762,6692860}'::integer[]))

table 2 : explain UPDATE sbtest2 set c=7 WHERE id IN ( 6750066, 4590000, 866129, 5245461, 4490253, 1531676, 8039223, 1630550, 8006762, 6692860)
	Update on sbtest2  (cost=0.43..48.53 rows=0 width=0)
	  ->  Index Scan using sbtest2_pkey on sbtest2  (cost=0.43..48.53 rows=10 width=490)
	        Index Cond: (id = ANY ('{6750066,4590000,866129,5245461,4490253,1531676,8039223,1630550,8006762,6692860}'::integer[]))

table 3 : explain UPDATE sbtest3 set c=7 WHERE id IN ( 6750066, 4590000, 866129, 5245461, 4490253, 1531676, 8039223, 1630550, 8006762, 6692860)
	Update on sbtest3  (cost=0.43..48.53 rows=0 width=0)
	  ->  Index Scan using sbtest3_pkey on sbtest3  (cost=0.43..48.53 rows=10 width=490)
	        Index Cond: (id = ANY ('{6750066,4590000,866129,5245461,4490253,1531676,8039223,1630550,8006762,6692860}'::integer[]))

table 4 : explain UPDATE sbtest4 set c=7 WHERE id IN ( 6750066, 4590000, 866129, 5245461, 4490253, 1531676, 8039223, 1630550, 8006762, 6692860)
	Update on sbtest4  (cost=0.43..48.53 rows=0 width=0)
	  ->  Index Scan using sbtest4_pkey on sbtest4  (cost=0.43..48.53 rows=10 width=490)
	        Index Cond: (id = ANY ('{6750066,4590000,866129,5245461,4490253,1531676,8039223,1630550,8006762,6692860}'::integer[]))

table 5 : explain UPDATE sbtest5 set c=7 WHERE id IN ( 6750066, 4590000, 866129, 5245461, 4490253, 1531676, 8039223, 1630550, 8006762, 6692860)
	Update on sbtest5  (cost=0.43..48.53 rows=0 width=0)
	  ->  Index Scan using sbtest5_pkey on sbtest5  (cost=0.43..48.53 rows=10 width=490)
	        Index Cond: (id = ANY ('{6750066,4590000,866129,5245461,4490253,1531676,8039223,1630550,8006762,6692860}'::integer[]))

table 6 : explain UPDATE sbtest6 set c=7 WHERE id IN ( 6750066, 4590000, 866129, 5245461, 4490253, 1531676, 8039223, 1630550, 8006762, 6692860)
	Update on sbtest6  (cost=0.43..48.53 rows=0 width=0)
	  ->  Index Scan using sbtest6_pkey on sbtest6  (cost=0.43..48.53 rows=10 width=490)
	        Index Cond: (id = ANY ('{6750066,4590000,866129,5245461,4490253,1531676,8039223,1630550,8006762,6692860}'::integer[]))

table 7 : explain UPDATE sbtest7 set c=7 WHERE id IN ( 6750066, 4590000, 866129, 5245461, 4490253, 1531676, 8039223, 1630550, 8006762, 6692860)
	Update on sbtest7  (cost=0.43..48.53 rows=0 width=0)
	  ->  Index Scan using sbtest7_pkey on sbtest7  (cost=0.43..48.53 rows=10 width=490)
	        Index Cond: (id = ANY ('{6750066,4590000,866129,5245461,4490253,1531676,8039223,1630550,8006762,6692860}'::integer[]))

table 8 : explain UPDATE sbtest8 set c=7 WHERE id IN ( 6750066, 4590000, 866129, 5245461, 4490253, 1531676, 8039223, 1630550, 8006762, 6692860)
	Update on sbtest8  (cost=0.43..48.53 rows=0 width=0)
	  ->  Index Scan using sbtest8_pkey on sbtest8  (cost=0.43..48.53 rows=10 width=490)
	        Index Cond: (id = ANY ('{6750066,4590000,866129,5245461,4490253,1531676,8039223,1630550,8006762,6692860}'::integer[]))

explain: for update-inlist :: explain UPDATE sbtest%d set c=7 WHERE id IN ( 123185, 2702477, 1268633, 2561555, 8220151, 8437321, 4671279, 661687, 8438050, 5433335)
explain: for update-inlist :: explain UPDATE sbtest%d set c=7 WHERE id IN ( 2582438, 3363818, 5646640, 9348341, 8613666, 4271449, 8943387, 7976368, 724489, 6266998)
for update-inlist
table 1 : explain UPDATE sbtest1 set c=7 WHERE id IN ( 8535527, 7241583, 3369527, 2097431, 4591919, 1284780, 4712311, 3108746, 6763473, 6350329)
	Update on sbtest1  (cost=0.43..48.53 rows=0 width=0)
	  ->  Index Scan using sbtest1_pkey on sbtest1  (cost=0.43..48.53 rows=10 width=490)
	        Index Cond: (id = ANY ('{8535527,7241583,3369527,2097431,4591919,1284780,4712311,3108746,6763473,6350329}'::integer[]))

table 2 : explain UPDATE sbtest2 set c=7 WHERE id IN ( 8535527, 7241583, 3369527, 2097431, 4591919, 1284780, 4712311, 3108746, 6763473, 6350329)
	Update on sbtest2  (cost=0.43..48.53 rows=0 width=0)
	  ->  Index Scan using sbtest2_pkey on sbtest2  (cost=0.43..48.53 rows=10 width=490)
	        Index Cond: (id = ANY ('{8535527,7241583,3369527,2097431,4591919,1284780,4712311,3108746,6763473,6350329}'::integer[]))

table 3 : explain UPDATE sbtest3 set c=7 WHERE id IN ( 8535527, 7241583, 3369527, 2097431, 4591919, 1284780, 4712311, 3108746, 6763473, 6350329)
	Update on sbtest3  (cost=0.43..48.53 rows=0 width=0)
	  ->  Index Scan using sbtest3_pkey on sbtest3  (cost=0.43..48.53 rows=10 width=490)
	        Index Cond: (id = ANY ('{8535527,7241583,3369527,2097431,4591919,1284780,4712311,3108746,6763473,6350329}'::integer[]))

table 4 : explain UPDATE sbtest4 set c=7 WHERE id IN ( 8535527, 7241583, 3369527, 2097431, 4591919, 1284780, 4712311, 3108746, 6763473, 6350329)
	Update on sbtest4  (cost=0.43..48.53 rows=0 width=0)
	  ->  Index Scan using sbtest4_pkey on sbtest4  (cost=0.43..48.53 rows=10 width=490)
	        Index Cond: (id = ANY ('{8535527,7241583,3369527,2097431,4591919,1284780,4712311,3108746,6763473,6350329}'::integer[]))

table 5 : explain UPDATE sbtest5 set c=7 WHERE id IN ( 8535527, 7241583, 3369527, 2097431, 4591919, 1284780, 4712311, 3108746, 6763473, 6350329)
	Update on sbtest5  (cost=0.43..48.53 rows=0 width=0)
	  ->  Index Scan using sbtest5_pkey on sbtest5  (cost=0.43..48.53 rows=10 width=490)
	        Index Cond: (id = ANY ('{8535527,7241583,3369527,2097431,4591919,1284780,4712311,3108746,6763473,6350329}'::integer[]))

table 6 : explain UPDATE sbtest6 set c=7 WHERE id IN ( 8535527, 7241583, 3369527, 2097431, 4591919, 1284780, 4712311, 3108746, 6763473, 6350329)
	Update on sbtest6  (cost=0.43..48.53 rows=0 width=0)
	  ->  Index Scan using sbtest6_pkey on sbtest6  (cost=0.43..48.53 rows=10 width=490)
	        Index Cond: (id = ANY ('{8535527,7241583,3369527,2097431,4591919,1284780,4712311,3108746,6763473,6350329}'::integer[]))

table 7 : explain UPDATE sbtest7 set c=7 WHERE id IN ( 8535527, 7241583, 3369527, 2097431, 4591919, 1284780, 4712311, 3108746, 6763473, 6350329)
	Update on sbtest7  (cost=0.43..48.53 rows=0 width=0)
	  ->  Index Scan using sbtest7_pkey on sbtest7  (cost=0.43..48.53 rows=10 width=490)
	        Index Cond: (id = ANY ('{8535527,7241583,3369527,2097431,4591919,1284780,4712311,3108746,6763473,6350329}'::integer[]))

table 8 : explain UPDATE sbtest8 set c=7 WHERE id IN ( 8535527, 7241583, 3369527, 2097431, 4591919, 1284780, 4712311, 3108746, 6763473, 6350329)
	Update on sbtest8  (cost=0.43..48.53 rows=0 width=0)
	  ->  Index Scan using sbtest8_pkey on sbtest8  (cost=0.43..48.53 rows=10 width=490)
	        Index Cond: (id = ANY ('{8535527,7241583,3369527,2097431,4591919,1284780,4712311,3108746,6763473,6350329}'::integer[]))

for update-inlist
table 1 : explain UPDATE sbtest1 set c=7 WHERE id IN ( 8498041, 6819701, 746857, 9496122, 4571880, 6197857, 2597718, 8462861, 4494790, 4555554)
	Update on sbtest1  (cost=0.43..48.53 rows=0 width=0)
	  ->  Index Scan using sbtest1_pkey on sbtest1  (cost=0.43..48.53 rows=10 width=490)
	        Index Cond: (id = ANY ('{8498041,6819701,746857,9496122,4571880,6197857,2597718,8462861,4494790,4555554}'::integer[]))

table 2 : explain UPDATE sbtest2 set c=7 WHERE id IN ( 8498041, 6819701, 746857, 9496122, 4571880, 6197857, 2597718, 8462861, 4494790, 4555554)
	Update on sbtest2  (cost=0.43..48.53 rows=0 width=0)
	  ->  Index Scan using sbtest2_pkey on sbtest2  (cost=0.43..48.53 rows=10 width=490)
	        Index Cond: (id = ANY ('{8498041,6819701,746857,9496122,4571880,6197857,2597718,8462861,4494790,4555554}'::integer[]))

table 3 : explain UPDATE sbtest3 set c=7 WHERE id IN ( 8498041, 6819701, 746857, 9496122, 4571880, 6197857, 2597718, 8462861, 4494790, 4555554)
	Update on sbtest3  (cost=0.43..48.53 rows=0 width=0)
	  ->  Index Scan using sbtest3_pkey on sbtest3  (cost=0.43..48.53 rows=10 width=490)
	        Index Cond: (id = ANY ('{8498041,6819701,746857,9496122,4571880,6197857,2597718,8462861,4494790,4555554}'::integer[]))

table 4 : explain UPDATE sbtest4 set c=7 WHERE id IN ( 8498041, 6819701, 746857, 9496122, 4571880, 6197857, 2597718, 8462861, 4494790, 4555554)
	Update on sbtest4  (cost=0.43..48.53 rows=0 width=0)
	  ->  Index Scan using sbtest4_pkey on sbtest4  (cost=0.43..48.53 rows=10 width=490)
	        Index Cond: (id = ANY ('{8498041,6819701,746857,9496122,4571880,6197857,2597718,8462861,4494790,4555554}'::integer[]))

table 5 : explain UPDATE sbtest5 set c=7 WHERE id IN ( 8498041, 6819701, 746857, 9496122, 4571880, 6197857, 2597718, 8462861, 4494790, 4555554)
	Update on sbtest5  (cost=0.43..48.53 rows=0 width=0)
	  ->  Index Scan using sbtest5_pkey on sbtest5  (cost=0.43..48.53 rows=10 width=490)
	        Index Cond: (id = ANY ('{8498041,6819701,746857,9496122,4571880,6197857,2597718,8462861,4494790,4555554}'::integer[]))

table 6 : explain UPDATE sbtest6 set c=7 WHERE id IN ( 8498041, 6819701, 746857, 9496122, 4571880, 6197857, 2597718, 8462861, 4494790, 4555554)
	Update on sbtest6  (cost=0.43..48.53 rows=0 width=0)
	  ->  Index Scan using sbtest6_pkey on sbtest6  (cost=0.43..48.53 rows=10 width=490)
	        Index Cond: (id = ANY ('{8498041,6819701,746857,9496122,4571880,6197857,2597718,8462861,4494790,4555554}'::integer[]))

table 7 : explain UPDATE sbtest7 set c=7 WHERE id IN ( 8498041, 6819701, 746857, 9496122, 4571880, 6197857, 2597718, 8462861, 4494790, 4555554)
	Update on sbtest7  (cost=0.43..48.53 rows=0 width=0)
	  ->  Index Scan using sbtest7_pkey on sbtest7  (cost=0.43..48.53 rows=10 width=490)
	        Index Cond: (id = ANY ('{8498041,6819701,746857,9496122,4571880,6197857,2597718,8462861,4494790,4555554}'::integer[]))

table 8 : explain UPDATE sbtest8 set c=7 WHERE id IN ( 8498041, 6819701, 746857, 9496122, 4571880, 6197857, 2597718, 8462861, 4494790, 4555554)
	Update on sbtest8  (cost=0.43..48.53 rows=0 width=0)
	  ->  Index Scan using sbtest8_pkey on sbtest8  (cost=0.43..48.53 rows=10 width=490)
	        Index Cond: (id = ANY ('{8498041,6819701,746857,9496122,4571880,6197857,2597718,8462861,4494790,4555554}'::integer[]))

explain: for update-inlist :: explain UPDATE sbtest%d set c=7 WHERE id IN ( 4623915, 9846171, 1566248, 5396313, 1080454, 1619215, 479729, 5625775, 4431303, 5258672)
explain: for update-inlist :: explain UPDATE sbtest%d set c=7 WHERE id IN ( 3740704, 9857985, 5795675, 7819752, 1406072, 7333152, 219859, 192077, 1465371, 8363888)
for update-inlist
table 1 : explain UPDATE sbtest1 set c=7 WHERE id IN ( 4178407, 3109599, 5364017, 6170800, 198034, 2078792, 2676981, 1805898, 7630408, 4694325)
	Update on sbtest1  (cost=0.43..48.53 rows=0 width=0)
	  ->  Index Scan using sbtest1_pkey on sbtest1  (cost=0.43..48.53 rows=10 width=490)
	        Index Cond: (id = ANY ('{4178407,3109599,5364017,6170800,198034,2078792,2676981,1805898,7630408,4694325}'::integer[]))

table 2 : explain UPDATE sbtest2 set c=7 WHERE id IN ( 4178407, 3109599, 5364017, 6170800, 198034, 2078792, 2676981, 1805898, 7630408, 4694325)
	Update on sbtest2  (cost=0.43..48.53 rows=0 width=0)
	  ->  Index Scan using sbtest2_pkey on sbtest2  (cost=0.43..48.53 rows=10 width=490)
	        Index Cond: (id = ANY ('{4178407,3109599,5364017,6170800,198034,2078792,2676981,1805898,7630408,4694325}'::integer[]))

table 3 : explain UPDATE sbtest3 set c=7 WHERE id IN ( 4178407, 3109599, 5364017, 6170800, 198034, 2078792, 2676981, 1805898, 7630408, 4694325)
	Update on sbtest3  (cost=0.43..48.53 rows=0 width=0)
	  ->  Index Scan using sbtest3_pkey on sbtest3  (cost=0.43..48.53 rows=10 width=490)
	        Index Cond: (id = ANY ('{4178407,3109599,5364017,6170800,198034,2078792,2676981,1805898,7630408,4694325}'::integer[]))

table 4 : explain UPDATE sbtest4 set c=7 WHERE id IN ( 4178407, 3109599, 5364017, 6170800, 198034, 2078792, 2676981, 1805898, 7630408, 4694325)
	Update on sbtest4  (cost=0.43..48.53 rows=0 width=0)
	  ->  Index Scan using sbtest4_pkey on sbtest4  (cost=0.43..48.53 rows=10 width=490)
	        Index Cond: (id = ANY ('{4178407,3109599,5364017,6170800,198034,2078792,2676981,1805898,7630408,4694325}'::integer[]))

table 5 : explain UPDATE sbtest5 set c=7 WHERE id IN ( 4178407, 3109599, 5364017, 6170800, 198034, 2078792, 2676981, 1805898, 7630408, 4694325)
	Update on sbtest5  (cost=0.43..48.53 rows=0 width=0)
	  ->  Index Scan using sbtest5_pkey on sbtest5  (cost=0.43..48.53 rows=10 width=490)
	        Index Cond: (id = ANY ('{4178407,3109599,5364017,6170800,198034,2078792,2676981,1805898,7630408,4694325}'::integer[]))

table 6 : explain UPDATE sbtest6 set c=7 WHERE id IN ( 4178407, 3109599, 5364017, 6170800, 198034, 2078792, 2676981, 1805898, 7630408, 4694325)
	Update on sbtest6  (cost=0.43..48.53 rows=0 width=0)
	  ->  Index Scan using sbtest6_pkey on sbtest6  (cost=0.43..48.53 rows=10 width=490)
	        Index Cond: (id = ANY ('{4178407,3109599,5364017,6170800,198034,2078792,2676981,1805898,7630408,4694325}'::integer[]))

table 7 : explain UPDATE sbtest7 set c=7 WHERE id IN ( 4178407, 3109599, 5364017, 6170800, 198034, 2078792, 2676981, 1805898, 7630408, 4694325)
	Update on sbtest7  (cost=0.43..48.53 rows=0 width=0)
	  ->  Index Scan using sbtest7_pkey on sbtest7  (cost=0.43..48.53 rows=10 width=490)
	        Index Cond: (id = ANY ('{4178407,3109599,5364017,6170800,198034,2078792,2676981,1805898,7630408,4694325}'::integer[]))

table 8 : explain UPDATE sbtest8 set c=7 WHERE id IN ( 4178407, 3109599, 5364017, 6170800, 198034, 2078792, 2676981, 1805898, 7630408, 4694325)
	Update on sbtest8  (cost=0.43..48.53 rows=0 width=0)
	  ->  Index Scan using sbtest8_pkey on sbtest8  (cost=0.43..48.53 rows=10 width=490)
	        Index Cond: (id = ANY ('{4178407,3109599,5364017,6170800,198034,2078792,2676981,1805898,7630408,4694325}'::integer[]))

explain: for update-inlist :: explain UPDATE sbtest%d set c=7 WHERE id IN ( 2915666, 291185, 6499566, 7753357, 2293652, 7706527, 7911450, 5826787, 4469050, 7570827)
for update-inlist
table 1 : explain UPDATE sbtest1 set c=7 WHERE id IN ( 7964303, 7010892, 9285893, 2215499, 5633685, 5330582, 2679518, 4180091, 10874, 4602180)
	Update on sbtest1  (cost=0.43..48.53 rows=0 width=0)
	  ->  Index Scan using sbtest1_pkey on sbtest1  (cost=0.43..48.53 rows=10 width=490)
	        Index Cond: (id = ANY ('{7964303,7010892,9285893,2215499,5633685,5330582,2679518,4180091,10874,4602180}'::integer[]))

table 2 : explain UPDATE sbtest2 set c=7 WHERE id IN ( 7964303, 7010892, 9285893, 2215499, 5633685, 5330582, 2679518, 4180091, 10874, 4602180)
	Update on sbtest2  (cost=0.43..48.53 rows=0 width=0)
	  ->  Index Scan using sbtest2_pkey on sbtest2  (cost=0.43..48.53 rows=10 width=490)
	        Index Cond: (id = ANY ('{7964303,7010892,9285893,2215499,5633685,5330582,2679518,4180091,10874,4602180}'::integer[]))

table 3 : explain UPDATE sbtest3 set c=7 WHERE id IN ( 7964303, 7010892, 9285893, 2215499, 5633685, 5330582, 2679518, 4180091, 10874, 4602180)
	Update on sbtest3  (cost=0.43..48.53 rows=0 width=0)
	  ->  Index Scan using sbtest3_pkey on sbtest3  (cost=0.43..48.53 rows=10 width=490)
	        Index Cond: (id = ANY ('{7964303,7010892,9285893,2215499,5633685,5330582,2679518,4180091,10874,4602180}'::integer[]))

table 4 : explain UPDATE sbtest4 set c=7 WHERE id IN ( 7964303, 7010892, 9285893, 2215499, 5633685, 5330582, 2679518, 4180091, 10874, 4602180)
	Update on sbtest4  (cost=0.43..48.53 rows=0 width=0)
	  ->  Index Scan using sbtest4_pkey on sbtest4  (cost=0.43..48.53 rows=10 width=490)
	        Index Cond: (id = ANY ('{7964303,7010892,9285893,2215499,5633685,5330582,2679518,4180091,10874,4602180}'::integer[]))

table 5 : explain UPDATE sbtest5 set c=7 WHERE id IN ( 7964303, 7010892, 9285893, 2215499, 5633685, 5330582, 2679518, 4180091, 10874, 4602180)
	Update on sbtest5  (cost=0.43..48.53 rows=0 width=0)
	  ->  Index Scan using sbtest5_pkey on sbtest5  (cost=0.43..48.53 rows=10 width=490)
	        Index Cond: (id = ANY ('{7964303,7010892,9285893,2215499,5633685,5330582,2679518,4180091,10874,4602180}'::integer[]))

table 6 : explain UPDATE sbtest6 set c=7 WHERE id IN ( 7964303, 7010892, 9285893, 2215499, 5633685, 5330582, 2679518, 4180091, 10874, 4602180)
	Update on sbtest6  (cost=0.43..48.53 rows=0 width=0)
	  ->  Index Scan using sbtest6_pkey on sbtest6  (cost=0.43..48.53 rows=10 width=490)
	        Index Cond: (id = ANY ('{7964303,7010892,9285893,2215499,5633685,5330582,2679518,4180091,10874,4602180}'::integer[]))

table 7 : explain UPDATE sbtest7 set c=7 WHERE id IN ( 7964303, 7010892, 9285893, 2215499, 5633685, 5330582, 2679518, 4180091, 10874, 4602180)
	Update on sbtest7  (cost=0.43..48.53 rows=0 width=0)
	  ->  Index Scan using sbtest7_pkey on sbtest7  (cost=0.43..48.53 rows=10 width=490)
	        Index Cond: (id = ANY ('{7964303,7010892,9285893,2215499,5633685,5330582,2679518,4180091,10874,4602180}'::integer[]))

table 8 : explain UPDATE sbtest8 set c=7 WHERE id IN ( 7964303, 7010892, 9285893, 2215499, 5633685, 5330582, 2679518, 4180091, 10874, 4602180)
	Update on sbtest8  (cost=0.43..48.53 rows=0 width=0)
	  ->  Index Scan using sbtest8_pkey on sbtest8  (cost=0.43..48.53 rows=10 width=490)
	        Index Cond: (id = ANY ('{7964303,7010892,9285893,2215499,5633685,5330582,2679518,4180091,10874,4602180}'::integer[]))

for update-inlist
table 1 : explain UPDATE sbtest1 set c=7 WHERE id IN ( 3570112, 7256617, 1078235, 3435385, 5876498, 841169, 3153794, 2964299, 3196300, 6535011)
	Update on sbtest1  (cost=0.43..48.53 rows=0 width=0)
	  ->  Index Scan using sbtest1_pkey on sbtest1  (cost=0.43..48.53 rows=10 width=490)
	        Index Cond: (id = ANY ('{3570112,7256617,1078235,3435385,5876498,841169,3153794,2964299,3196300,6535011}'::integer[]))

table 2 : explain UPDATE sbtest2 set c=7 WHERE id IN ( 3570112, 7256617, 1078235, 3435385, 5876498, 841169, 3153794, 2964299, 3196300, 6535011)
	Update on sbtest2  (cost=0.43..48.53 rows=0 width=0)
	  ->  Index Scan using sbtest2_pkey on sbtest2  (cost=0.43..48.53 rows=10 width=490)
	        Index Cond: (id = ANY ('{3570112,7256617,1078235,3435385,5876498,841169,3153794,2964299,3196300,6535011}'::integer[]))

table 3 : explain UPDATE sbtest3 set c=7 WHERE id IN ( 3570112, 7256617, 1078235, 3435385, 5876498, 841169, 3153794, 2964299, 3196300, 6535011)
	Update on sbtest3  (cost=0.43..48.53 rows=0 width=0)
	  ->  Index Scan using sbtest3_pkey on sbtest3  (cost=0.43..48.53 rows=10 width=490)
	        Index Cond: (id = ANY ('{3570112,7256617,1078235,3435385,5876498,841169,3153794,2964299,3196300,6535011}'::integer[]))

table 4 : explain UPDATE sbtest4 set c=7 WHERE id IN ( 3570112, 7256617, 1078235, 3435385, 5876498, 841169, 3153794, 2964299, 3196300, 6535011)
	Update on sbtest4  (cost=0.43..48.53 rows=0 width=0)
	  ->  Index Scan using sbtest4_pkey on sbtest4  (cost=0.43..48.53 rows=10 width=490)
	        Index Cond: (id = ANY ('{3570112,7256617,1078235,3435385,5876498,841169,3153794,2964299,3196300,6535011}'::integer[]))

table 5 : explain UPDATE sbtest5 set c=7 WHERE id IN ( 3570112, 7256617, 1078235, 3435385, 5876498, 841169, 3153794, 2964299, 3196300, 6535011)
	Update on sbtest5  (cost=0.43..48.53 rows=0 width=0)
	  ->  Index Scan using sbtest5_pkey on sbtest5  (cost=0.43..48.53 rows=10 width=490)
	        Index Cond: (id = ANY ('{3570112,7256617,1078235,3435385,5876498,841169,3153794,2964299,3196300,6535011}'::integer[]))

table 6 : explain UPDATE sbtest6 set c=7 WHERE id IN ( 3570112, 7256617, 1078235, 3435385, 5876498, 841169, 3153794, 2964299, 3196300, 6535011)
	Update on sbtest6  (cost=0.43..48.53 rows=0 width=0)
	  ->  Index Scan using sbtest6_pkey on sbtest6  (cost=0.43..48.53 rows=10 width=490)
	        Index Cond: (id = ANY ('{3570112,7256617,1078235,3435385,5876498,841169,3153794,2964299,3196300,6535011}'::integer[]))

table 7 : explain UPDATE sbtest7 set c=7 WHERE id IN ( 3570112, 7256617, 1078235, 3435385, 5876498, 841169, 3153794, 2964299, 3196300, 6535011)
	Update on sbtest7  (cost=0.43..48.53 rows=0 width=0)
	  ->  Index Scan using sbtest7_pkey on sbtest7  (cost=0.43..48.53 rows=10 width=490)
	        Index Cond: (id = ANY ('{3570112,7256617,1078235,3435385,5876498,841169,3153794,2964299,3196300,6535011}'::integer[]))

table 8 : explain UPDATE sbtest8 set c=7 WHERE id IN ( 3570112, 7256617, 1078235, 3435385, 5876498, 841169, 3153794, 2964299, 3196300, 6535011)
	Update on sbtest8  (cost=0.43..48.53 rows=0 width=0)
	  ->  Index Scan using sbtest8_pkey on sbtest8  (cost=0.43..48.53 rows=10 width=490)
	        Index Cond: (id = ANY ('{3570112,7256617,1078235,3435385,5876498,841169,3153794,2964299,3196300,6535011}'::integer[]))

for update-inlist
table 1 : explain UPDATE sbtest1 set c=7 WHERE id IN ( 123185, 2702477, 1268633, 2561555, 8220151, 8437321, 4671279, 661687, 8438050, 5433335)
	Update on sbtest1  (cost=0.43..48.53 rows=0 width=0)
	  ->  Index Scan using sbtest1_pkey on sbtest1  (cost=0.43..48.53 rows=10 width=490)
	        Index Cond: (id = ANY ('{123185,2702477,1268633,2561555,8220151,8437321,4671279,661687,8438050,5433335}'::integer[]))

table 2 : explain UPDATE sbtest2 set c=7 WHERE id IN ( 123185, 2702477, 1268633, 2561555, 8220151, 8437321, 4671279, 661687, 8438050, 5433335)
	Update on sbtest2  (cost=0.43..48.53 rows=0 width=0)
	  ->  Index Scan using sbtest2_pkey on sbtest2  (cost=0.43..48.53 rows=10 width=490)
	        Index Cond: (id = ANY ('{123185,2702477,1268633,2561555,8220151,8437321,4671279,661687,8438050,5433335}'::integer[]))

table 3 : explain UPDATE sbtest3 set c=7 WHERE id IN ( 123185, 2702477, 1268633, 2561555, 8220151, 8437321, 4671279, 661687, 8438050, 5433335)
	Update on sbtest3  (cost=0.43..48.53 rows=0 width=0)
	  ->  Index Scan using sbtest3_pkey on sbtest3  (cost=0.43..48.53 rows=10 width=490)
	        Index Cond: (id = ANY ('{123185,2702477,1268633,2561555,8220151,8437321,4671279,661687,8438050,5433335}'::integer[]))

table 4 : explain UPDATE sbtest4 set c=7 WHERE id IN ( 123185, 2702477, 1268633, 2561555, 8220151, 8437321, 4671279, 661687, 8438050, 5433335)
	Update on sbtest4  (cost=0.43..48.53 rows=0 width=0)
	  ->  Index Scan using sbtest4_pkey on sbtest4  (cost=0.43..48.53 rows=10 width=490)
	        Index Cond: (id = ANY ('{123185,2702477,1268633,2561555,8220151,8437321,4671279,661687,8438050,5433335}'::integer[]))

table 5 : explain UPDATE sbtest5 set c=7 WHERE id IN ( 123185, 2702477, 1268633, 2561555, 8220151, 8437321, 4671279, 661687, 8438050, 5433335)
	Update on sbtest5  (cost=0.43..48.53 rows=0 width=0)
	  ->  Index Scan using sbtest5_pkey on sbtest5  (cost=0.43..48.53 rows=10 width=490)
	        Index Cond: (id = ANY ('{123185,2702477,1268633,2561555,8220151,8437321,4671279,661687,8438050,5433335}'::integer[]))

table 6 : explain UPDATE sbtest6 set c=7 WHERE id IN ( 123185, 2702477, 1268633, 2561555, 8220151, 8437321, 4671279, 661687, 8438050, 5433335)
	Update on sbtest6  (cost=0.43..48.53 rows=0 width=0)
	  ->  Index Scan using sbtest6_pkey on sbtest6  (cost=0.43..48.53 rows=10 width=490)
	        Index Cond: (id = ANY ('{123185,2702477,1268633,2561555,8220151,8437321,4671279,661687,8438050,5433335}'::integer[]))

table 7 : explain UPDATE sbtest7 set c=7 WHERE id IN ( 123185, 2702477, 1268633, 2561555, 8220151, 8437321, 4671279, 661687, 8438050, 5433335)
	Update on sbtest7  (cost=0.43..48.53 rows=0 width=0)
	  ->  Index Scan using sbtest7_pkey on sbtest7  (cost=0.43..48.53 rows=10 width=490)
	        Index Cond: (id = ANY ('{123185,2702477,1268633,2561555,8220151,8437321,4671279,661687,8438050,5433335}'::integer[]))

table 8 : explain UPDATE sbtest8 set c=7 WHERE id IN ( 123185, 2702477, 1268633, 2561555, 8220151, 8437321, 4671279, 661687, 8438050, 5433335)
	Update on sbtest8  (cost=0.43..48.53 rows=0 width=0)
	  ->  Index Scan using sbtest8_pkey on sbtest8  (cost=0.43..48.53 rows=10 width=490)
	        Index Cond: (id = ANY ('{123185,2702477,1268633,2561555,8220151,8437321,4671279,661687,8438050,5433335}'::integer[]))

for update-inlist
table 1 : explain UPDATE sbtest1 set c=7 WHERE id IN ( 8714475, 257760, 4644366, 8464971, 2615410, 1991860, 7705254, 8411981, 2181992, 8941014)
	Update on sbtest1  (cost=0.43..48.53 rows=0 width=0)
	  ->  Index Scan using sbtest1_pkey on sbtest1  (cost=0.43..48.53 rows=10 width=490)
	        Index Cond: (id = ANY ('{8714475,257760,4644366,8464971,2615410,1991860,7705254,8411981,2181992,8941014}'::integer[]))

table 2 : explain UPDATE sbtest2 set c=7 WHERE id IN ( 8714475, 257760, 4644366, 8464971, 2615410, 1991860, 7705254, 8411981, 2181992, 8941014)
	Update on sbtest2  (cost=0.43..48.53 rows=0 width=0)
	  ->  Index Scan using sbtest2_pkey on sbtest2  (cost=0.43..48.53 rows=10 width=490)
	        Index Cond: (id = ANY ('{8714475,257760,4644366,8464971,2615410,1991860,7705254,8411981,2181992,8941014}'::integer[]))

table 3 : explain UPDATE sbtest3 set c=7 WHERE id IN ( 8714475, 257760, 4644366, 8464971, 2615410, 1991860, 7705254, 8411981, 2181992, 8941014)
	Update on sbtest3  (cost=0.43..48.53 rows=0 width=0)
	  ->  Index Scan using sbtest3_pkey on sbtest3  (cost=0.43..48.53 rows=10 width=490)
	        Index Cond: (id = ANY ('{8714475,257760,4644366,8464971,2615410,1991860,7705254,8411981,2181992,8941014}'::integer[]))

table 4 : explain UPDATE sbtest4 set c=7 WHERE id IN ( 8714475, 257760, 4644366, 8464971, 2615410, 1991860, 7705254, 8411981, 2181992, 8941014)
	Update on sbtest4  (cost=0.43..48.53 rows=0 width=0)
	  ->  Index Scan using sbtest4_pkey on sbtest4  (cost=0.43..48.53 rows=10 width=490)
	        Index Cond: (id = ANY ('{8714475,257760,4644366,8464971,2615410,1991860,7705254,8411981,2181992,8941014}'::integer[]))

table 5 : explain UPDATE sbtest5 set c=7 WHERE id IN ( 8714475, 257760, 4644366, 8464971, 2615410, 1991860, 7705254, 8411981, 2181992, 8941014)
	Update on sbtest5  (cost=0.43..48.53 rows=0 width=0)
	  ->  Index Scan using sbtest5_pkey on sbtest5  (cost=0.43..48.53 rows=10 width=490)
	        Index Cond: (id = ANY ('{8714475,257760,4644366,8464971,2615410,1991860,7705254,8411981,2181992,8941014}'::integer[]))

table 6 : explain UPDATE sbtest6 set c=7 WHERE id IN ( 8714475, 257760, 4644366, 8464971, 2615410, 1991860, 7705254, 8411981, 2181992, 8941014)
	Update on sbtest6  (cost=0.43..48.53 rows=0 width=0)
	  ->  Index Scan using sbtest6_pkey on sbtest6  (cost=0.43..48.53 rows=10 width=490)
	        Index Cond: (id = ANY ('{8714475,257760,4644366,8464971,2615410,1991860,7705254,8411981,2181992,8941014}'::integer[]))

table 7 : explain UPDATE sbtest7 set c=7 WHERE id IN ( 8714475, 257760, 4644366, 8464971, 2615410, 1991860, 7705254, 8411981, 2181992, 8941014)
	Update on sbtest7  (cost=0.43..48.53 rows=0 width=0)
	  ->  Index Scan using sbtest7_pkey on sbtest7  (cost=0.43..48.53 rows=10 width=490)
	        Index Cond: (id = ANY ('{8714475,257760,4644366,8464971,2615410,1991860,7705254,8411981,2181992,8941014}'::integer[]))

table 8 : explain UPDATE sbtest8 set c=7 WHERE id IN ( 8714475, 257760, 4644366, 8464971, 2615410, 1991860, 7705254, 8411981, 2181992, 8941014)
	Update on sbtest8  (cost=0.43..48.53 rows=0 width=0)
	  ->  Index Scan using sbtest8_pkey on sbtest8  (cost=0.43..48.53 rows=10 width=490)
	        Index Cond: (id = ANY ('{8714475,257760,4644366,8464971,2615410,1991860,7705254,8411981,2181992,8941014}'::integer[]))

for update-inlist
table 1 : explain UPDATE sbtest1 set c=7 WHERE id IN ( 2582438, 3363818, 5646640, 9348341, 8613666, 4271449, 8943387, 7976368, 724489, 6266998)
	Update on sbtest1  (cost=0.43..48.53 rows=0 width=0)
	  ->  Index Scan using sbtest1_pkey on sbtest1  (cost=0.43..48.53 rows=10 width=490)
	        Index Cond: (id = ANY ('{2582438,3363818,5646640,9348341,8613666,4271449,8943387,7976368,724489,6266998}'::integer[]))

table 2 : explain UPDATE sbtest2 set c=7 WHERE id IN ( 2582438, 3363818, 5646640, 9348341, 8613666, 4271449, 8943387, 7976368, 724489, 6266998)
	Update on sbtest2  (cost=0.43..48.53 rows=0 width=0)
	  ->  Index Scan using sbtest2_pkey on sbtest2  (cost=0.43..48.53 rows=10 width=490)
	        Index Cond: (id = ANY ('{2582438,3363818,5646640,9348341,8613666,4271449,8943387,7976368,724489,6266998}'::integer[]))

table 3 : explain UPDATE sbtest3 set c=7 WHERE id IN ( 2582438, 3363818, 5646640, 9348341, 8613666, 4271449, 8943387, 7976368, 724489, 6266998)
	Update on sbtest3  (cost=0.43..48.53 rows=0 width=0)
	  ->  Index Scan using sbtest3_pkey on sbtest3  (cost=0.43..48.53 rows=10 width=490)
	        Index Cond: (id = ANY ('{2582438,3363818,5646640,9348341,8613666,4271449,8943387,7976368,724489,6266998}'::integer[]))

table 4 : explain UPDATE sbtest4 set c=7 WHERE id IN ( 2582438, 3363818, 5646640, 9348341, 8613666, 4271449, 8943387, 7976368, 724489, 6266998)
	Update on sbtest4  (cost=0.43..48.53 rows=0 width=0)
	  ->  Index Scan using sbtest4_pkey on sbtest4  (cost=0.43..48.53 rows=10 width=490)
	        Index Cond: (id = ANY ('{2582438,3363818,5646640,9348341,8613666,4271449,8943387,7976368,724489,6266998}'::integer[]))

table 5 : explain UPDATE sbtest5 set c=7 WHERE id IN ( 2582438, 3363818, 5646640, 9348341, 8613666, 4271449, 8943387, 7976368, 724489, 6266998)
	Update on sbtest5  (cost=0.43..48.53 rows=0 width=0)
	  ->  Index Scan using sbtest5_pkey on sbtest5  (cost=0.43..48.53 rows=10 width=490)
	        Index Cond: (id = ANY ('{2582438,3363818,5646640,9348341,8613666,4271449,8943387,7976368,724489,6266998}'::integer[]))

table 6 : explain UPDATE sbtest6 set c=7 WHERE id IN ( 2582438, 3363818, 5646640, 9348341, 8613666, 4271449, 8943387, 7976368, 724489, 6266998)
	Update on sbtest6  (cost=0.43..48.53 rows=0 width=0)
	  ->  Index Scan using sbtest6_pkey on sbtest6  (cost=0.43..48.53 rows=10 width=490)
	        Index Cond: (id = ANY ('{2582438,3363818,5646640,9348341,8613666,4271449,8943387,7976368,724489,6266998}'::integer[]))

table 7 : explain UPDATE sbtest7 set c=7 WHERE id IN ( 2582438, 3363818, 5646640, 9348341, 8613666, 4271449, 8943387, 7976368, 724489, 6266998)
	Update on sbtest7  (cost=0.43..48.53 rows=0 width=0)
	  ->  Index Scan using sbtest7_pkey on sbtest7  (cost=0.43..48.53 rows=10 width=490)
	        Index Cond: (id = ANY ('{2582438,3363818,5646640,9348341,8613666,4271449,8943387,7976368,724489,6266998}'::integer[]))

table 8 : explain UPDATE sbtest8 set c=7 WHERE id IN ( 2582438, 3363818, 5646640, 9348341, 8613666, 4271449, 8943387, 7976368, 724489, 6266998)
	Update on sbtest8  (cost=0.43..48.53 rows=0 width=0)
	  ->  Index Scan using sbtest8_pkey on sbtest8  (cost=0.43..48.53 rows=10 width=490)
	        Index Cond: (id = ANY ('{2582438,3363818,5646640,9348341,8613666,4271449,8943387,7976368,724489,6266998}'::integer[]))

explain: for update-inlist :: explain UPDATE sbtest%d set c=7 WHERE id IN ( 1114792, 5473330, 2623018, 2828800, 6429033, 8576044, 3568389, 4864623, 7919988, 736001)
explain: for update-inlist :: explain UPDATE sbtest%d set c=7 WHERE id IN ( 7090571, 8392907, 4095546, 6900538, 2400455, 472244, 4251732, 4342682, 6855702, 8730664)
explain: for update-inlist :: explain UPDATE sbtest%d set c=7 WHERE id IN ( 3551130, 8961343, 4082465, 8286727, 504414, 1111996, 7223815, 4916347, 2066716, 4910724)
for update-inlist
table 1 : explain UPDATE sbtest1 set c=7 WHERE id IN ( 4623915, 9846171, 1566248, 5396313, 1080454, 1619215, 479729, 5625775, 4431303, 5258672)
	Update on sbtest1  (cost=0.43..48.53 rows=0 width=0)
	  ->  Index Scan using sbtest1_pkey on sbtest1  (cost=0.43..48.53 rows=10 width=490)
	        Index Cond: (id = ANY ('{4623915,9846171,1566248,5396313,1080454,1619215,479729,5625775,4431303,5258672}'::integer[]))

table 2 : explain UPDATE sbtest2 set c=7 WHERE id IN ( 4623915, 9846171, 1566248, 5396313, 1080454, 1619215, 479729, 5625775, 4431303, 5258672)
	Update on sbtest2  (cost=0.43..48.53 rows=0 width=0)
	  ->  Index Scan using sbtest2_pkey on sbtest2  (cost=0.43..48.53 rows=10 width=490)
	        Index Cond: (id = ANY ('{4623915,9846171,1566248,5396313,1080454,1619215,479729,5625775,4431303,5258672}'::integer[]))

table 3 : explain UPDATE sbtest3 set c=7 WHERE id IN ( 4623915, 9846171, 1566248, 5396313, 1080454, 1619215, 479729, 5625775, 4431303, 5258672)
	Update on sbtest3  (cost=0.43..48.53 rows=0 width=0)
	  ->  Index Scan using sbtest3_pkey on sbtest3  (cost=0.43..48.53 rows=10 width=490)
	        Index Cond: (id = ANY ('{4623915,9846171,1566248,5396313,1080454,1619215,479729,5625775,4431303,5258672}'::integer[]))

table 4 : explain UPDATE sbtest4 set c=7 WHERE id IN ( 4623915, 9846171, 1566248, 5396313, 1080454, 1619215, 479729, 5625775, 4431303, 5258672)
	Update on sbtest4  (cost=0.43..48.53 rows=0 width=0)
	  ->  Index Scan using sbtest4_pkey on sbtest4  (cost=0.43..48.53 rows=10 width=490)
	        Index Cond: (id = ANY ('{4623915,9846171,1566248,5396313,1080454,1619215,479729,5625775,4431303,5258672}'::integer[]))

table 5 : explain UPDATE sbtest5 set c=7 WHERE id IN ( 4623915, 9846171, 1566248, 5396313, 1080454, 1619215, 479729, 5625775, 4431303, 5258672)
	Update on sbtest5  (cost=0.43..48.53 rows=0 width=0)
	  ->  Index Scan using sbtest5_pkey on sbtest5  (cost=0.43..48.53 rows=10 width=490)
	        Index Cond: (id = ANY ('{4623915,9846171,1566248,5396313,1080454,1619215,479729,5625775,4431303,5258672}'::integer[]))

table 6 : explain UPDATE sbtest6 set c=7 WHERE id IN ( 4623915, 9846171, 1566248, 5396313, 1080454, 1619215, 479729, 5625775, 4431303, 5258672)
	Update on sbtest6  (cost=0.43..48.53 rows=0 width=0)
	  ->  Index Scan using sbtest6_pkey on sbtest6  (cost=0.43..48.53 rows=10 width=490)
	        Index Cond: (id = ANY ('{4623915,9846171,1566248,5396313,1080454,1619215,479729,5625775,4431303,5258672}'::integer[]))

table 7 : explain UPDATE sbtest7 set c=7 WHERE id IN ( 4623915, 9846171, 1566248, 5396313, 1080454, 1619215, 479729, 5625775, 4431303, 5258672)
	Update on sbtest7  (cost=0.43..48.53 rows=0 width=0)
	  ->  Index Scan using sbtest7_pkey on sbtest7  (cost=0.43..48.53 rows=10 width=490)
	        Index Cond: (id = ANY ('{4623915,9846171,1566248,5396313,1080454,1619215,479729,5625775,4431303,5258672}'::integer[]))

table 8 : explain UPDATE sbtest8 set c=7 WHERE id IN ( 4623915, 9846171, 1566248, 5396313, 1080454, 1619215, 479729, 5625775, 4431303, 5258672)
	Update on sbtest8  (cost=0.43..48.53 rows=0 width=0)
	  ->  Index Scan using sbtest8_pkey on sbtest8  (cost=0.43..48.53 rows=10 width=490)
	        Index Cond: (id = ANY ('{4623915,9846171,1566248,5396313,1080454,1619215,479729,5625775,4431303,5258672}'::integer[]))

for update-inlist
table 1 : explain UPDATE sbtest1 set c=7 WHERE id IN ( 2915666, 291185, 6499566, 7753357, 2293652, 7706527, 7911450, 5826787, 4469050, 7570827)
	Update on sbtest1  (cost=0.43..48.53 rows=0 width=0)
	  ->  Index Scan using sbtest1_pkey on sbtest1  (cost=0.43..48.53 rows=10 width=490)
	        Index Cond: (id = ANY ('{2915666,291185,6499566,7753357,2293652,7706527,7911450,5826787,4469050,7570827}'::integer[]))

table 2 : explain UPDATE sbtest2 set c=7 WHERE id IN ( 2915666, 291185, 6499566, 7753357, 2293652, 7706527, 7911450, 5826787, 4469050, 7570827)
	Update on sbtest2  (cost=0.43..48.53 rows=0 width=0)
	  ->  Index Scan using sbtest2_pkey on sbtest2  (cost=0.43..48.53 rows=10 width=490)
	        Index Cond: (id = ANY ('{2915666,291185,6499566,7753357,2293652,7706527,7911450,5826787,4469050,7570827}'::integer[]))

table 3 : explain UPDATE sbtest3 set c=7 WHERE id IN ( 2915666, 291185, 6499566, 7753357, 2293652, 7706527, 7911450, 5826787, 4469050, 7570827)
	Update on sbtest3  (cost=0.43..48.53 rows=0 width=0)
	  ->  Index Scan using sbtest3_pkey on sbtest3  (cost=0.43..48.53 rows=10 width=490)
	        Index Cond: (id = ANY ('{2915666,291185,6499566,7753357,2293652,7706527,7911450,5826787,4469050,7570827}'::integer[]))

table 4 : explain UPDATE sbtest4 set c=7 WHERE id IN ( 2915666, 291185, 6499566, 7753357, 2293652, 7706527, 7911450, 5826787, 4469050, 7570827)
	Update on sbtest4  (cost=0.43..48.53 rows=0 width=0)
	  ->  Index Scan using sbtest4_pkey on sbtest4  (cost=0.43..48.53 rows=10 width=490)
	        Index Cond: (id = ANY ('{2915666,291185,6499566,7753357,2293652,7706527,7911450,5826787,4469050,7570827}'::integer[]))

table 5 : explain UPDATE sbtest5 set c=7 WHERE id IN ( 2915666, 291185, 6499566, 7753357, 2293652, 7706527, 7911450, 5826787, 4469050, 7570827)
	Update on sbtest5  (cost=0.43..48.53 rows=0 width=0)
	  ->  Index Scan using sbtest5_pkey on sbtest5  (cost=0.43..48.53 rows=10 width=490)
	        Index Cond: (id = ANY ('{2915666,291185,6499566,7753357,2293652,7706527,7911450,5826787,4469050,7570827}'::integer[]))

table 6 : explain UPDATE sbtest6 set c=7 WHERE id IN ( 2915666, 291185, 6499566, 7753357, 2293652, 7706527, 7911450, 5826787, 4469050, 7570827)
	Update on sbtest6  (cost=0.43..48.53 rows=0 width=0)
	  ->  Index Scan using sbtest6_pkey on sbtest6  (cost=0.43..48.53 rows=10 width=490)
	        Index Cond: (id = ANY ('{2915666,291185,6499566,7753357,2293652,7706527,7911450,5826787,4469050,7570827}'::integer[]))

table 7 : explain UPDATE sbtest7 set c=7 WHERE id IN ( 2915666, 291185, 6499566, 7753357, 2293652, 7706527, 7911450, 5826787, 4469050, 7570827)
	Update on sbtest7  (cost=0.43..48.53 rows=0 width=0)
	  ->  Index Scan using sbtest7_pkey on sbtest7  (cost=0.43..48.53 rows=10 width=490)
	        Index Cond: (id = ANY ('{2915666,291185,6499566,7753357,2293652,7706527,7911450,5826787,4469050,7570827}'::integer[]))

table 8 : explain UPDATE sbtest8 set c=7 WHERE id IN ( 2915666, 291185, 6499566, 7753357, 2293652, 7706527, 7911450, 5826787, 4469050, 7570827)
	Update on sbtest8  (cost=0.43..48.53 rows=0 width=0)
	  ->  Index Scan using sbtest8_pkey on sbtest8  (cost=0.43..48.53 rows=10 width=490)
	        Index Cond: (id = ANY ('{2915666,291185,6499566,7753357,2293652,7706527,7911450,5826787,4469050,7570827}'::integer[]))

explain: for update-inlist :: explain UPDATE sbtest%d set c=7 WHERE id IN ( 8816310, 392820, 8591968, 2627900, 3951734, 984106, 2354695, 3519540, 4624881, 8802541)
for update-inlist
table 1 : explain UPDATE sbtest1 set c=7 WHERE id IN ( 7981165, 6247764, 9243787, 2918098, 4247928, 6354853, 3550971, 8092026, 7113927, 2277947)
	Update on sbtest1  (cost=0.43..48.53 rows=0 width=0)
	  ->  Index Scan using sbtest1_pkey on sbtest1  (cost=0.43..48.53 rows=10 width=490)
	        Index Cond: (id = ANY ('{7981165,6247764,9243787,2918098,4247928,6354853,3550971,8092026,7113927,2277947}'::integer[]))

table 2 : explain UPDATE sbtest2 set c=7 WHERE id IN ( 7981165, 6247764, 9243787, 2918098, 4247928, 6354853, 3550971, 8092026, 7113927, 2277947)
	Update on sbtest2  (cost=0.43..48.53 rows=0 width=0)
	  ->  Index Scan using sbtest2_pkey on sbtest2  (cost=0.43..48.53 rows=10 width=490)
	        Index Cond: (id = ANY ('{7981165,6247764,9243787,2918098,4247928,6354853,3550971,8092026,7113927,2277947}'::integer[]))

table 3 : explain UPDATE sbtest3 set c=7 WHERE id IN ( 7981165, 6247764, 9243787, 2918098, 4247928, 6354853, 3550971, 8092026, 7113927, 2277947)
	Update on sbtest3  (cost=0.43..48.53 rows=0 width=0)
	  ->  Index Scan using sbtest3_pkey on sbtest3  (cost=0.43..48.53 rows=10 width=490)
	        Index Cond: (id = ANY ('{7981165,6247764,9243787,2918098,4247928,6354853,3550971,8092026,7113927,2277947}'::integer[]))

table 4 : explain UPDATE sbtest4 set c=7 WHERE id IN ( 7981165, 6247764, 9243787, 2918098, 4247928, 6354853, 3550971, 8092026, 7113927, 2277947)
	Update on sbtest4  (cost=0.43..48.53 rows=0 width=0)
	  ->  Index Scan using sbtest4_pkey on sbtest4  (cost=0.43..48.53 rows=10 width=490)
	        Index Cond: (id = ANY ('{7981165,6247764,9243787,2918098,4247928,6354853,3550971,8092026,7113927,2277947}'::integer[]))

table 5 : explain UPDATE sbtest5 set c=7 WHERE id IN ( 7981165, 6247764, 9243787, 2918098, 4247928, 6354853, 3550971, 8092026, 7113927, 2277947)
	Update on sbtest5  (cost=0.43..48.53 rows=0 width=0)
	  ->  Index Scan using sbtest5_pkey on sbtest5  (cost=0.43..48.53 rows=10 width=490)
	        Index Cond: (id = ANY ('{7981165,6247764,9243787,2918098,4247928,6354853,3550971,8092026,7113927,2277947}'::integer[]))

table 6 : explain UPDATE sbtest6 set c=7 WHERE id IN ( 7981165, 6247764, 9243787, 2918098, 4247928, 6354853, 3550971, 8092026, 7113927, 2277947)
	Update on sbtest6  (cost=0.43..48.53 rows=0 width=0)
	  ->  Index Scan using sbtest6_pkey on sbtest6  (cost=0.43..48.53 rows=10 width=490)
	        Index Cond: (id = ANY ('{7981165,6247764,9243787,2918098,4247928,6354853,3550971,8092026,7113927,2277947}'::integer[]))

table 7 : explain UPDATE sbtest7 set c=7 WHERE id IN ( 7981165, 6247764, 9243787, 2918098, 4247928, 6354853, 3550971, 8092026, 7113927, 2277947)
	Update on sbtest7  (cost=0.43..48.53 rows=0 width=0)
	  ->  Index Scan using sbtest7_pkey on sbtest7  (cost=0.43..48.53 rows=10 width=490)
	        Index Cond: (id = ANY ('{7981165,6247764,9243787,2918098,4247928,6354853,3550971,8092026,7113927,2277947}'::integer[]))

table 8 : explain UPDATE sbtest8 set c=7 WHERE id IN ( 7981165, 6247764, 9243787, 2918098, 4247928, 6354853, 3550971, 8092026, 7113927, 2277947)
	Update on sbtest8  (cost=0.43..48.53 rows=0 width=0)
	  ->  Index Scan using sbtest8_pkey on sbtest8  (cost=0.43..48.53 rows=10 width=490)
	        Index Cond: (id = ANY ('{7981165,6247764,9243787,2918098,4247928,6354853,3550971,8092026,7113927,2277947}'::integer[]))

for update-inlist
table 1 : explain UPDATE sbtest1 set c=7 WHERE id IN ( 1114792, 5473330, 2623018, 2828800, 6429033, 8576044, 3568389, 4864623, 7919988, 736001)
	Update on sbtest1  (cost=0.43..48.53 rows=0 width=0)
	  ->  Index Scan using sbtest1_pkey on sbtest1  (cost=0.43..48.53 rows=10 width=490)
	        Index Cond: (id = ANY ('{1114792,5473330,2623018,2828800,6429033,8576044,3568389,4864623,7919988,736001}'::integer[]))

table 2 : explain UPDATE sbtest2 set c=7 WHERE id IN ( 1114792, 5473330, 2623018, 2828800, 6429033, 8576044, 3568389, 4864623, 7919988, 736001)
	Update on sbtest2  (cost=0.43..48.53 rows=0 width=0)
	  ->  Index Scan using sbtest2_pkey on sbtest2  (cost=0.43..48.53 rows=10 width=490)
	        Index Cond: (id = ANY ('{1114792,5473330,2623018,2828800,6429033,8576044,3568389,4864623,7919988,736001}'::integer[]))

table 3 : explain UPDATE sbtest3 set c=7 WHERE id IN ( 1114792, 5473330, 2623018, 2828800, 6429033, 8576044, 3568389, 4864623, 7919988, 736001)
	Update on sbtest3  (cost=0.43..48.53 rows=0 width=0)
	  ->  Index Scan using sbtest3_pkey on sbtest3  (cost=0.43..48.53 rows=10 width=490)
	        Index Cond: (id = ANY ('{1114792,5473330,2623018,2828800,6429033,8576044,3568389,4864623,7919988,736001}'::integer[]))

table 4 : explain UPDATE sbtest4 set c=7 WHERE id IN ( 1114792, 5473330, 2623018, 2828800, 6429033, 8576044, 3568389, 4864623, 7919988, 736001)
	Update on sbtest4  (cost=0.43..48.53 rows=0 width=0)
	  ->  Index Scan using sbtest4_pkey on sbtest4  (cost=0.43..48.53 rows=10 width=490)
	        Index Cond: (id = ANY ('{1114792,5473330,2623018,2828800,6429033,8576044,3568389,4864623,7919988,736001}'::integer[]))

table 5 : explain UPDATE sbtest5 set c=7 WHERE id IN ( 1114792, 5473330, 2623018, 2828800, 6429033, 8576044, 3568389, 4864623, 7919988, 736001)
	Update on sbtest5  (cost=0.43..48.53 rows=0 width=0)
	  ->  Index Scan using sbtest5_pkey on sbtest5  (cost=0.43..48.53 rows=10 width=490)
	        Index Cond: (id = ANY ('{1114792,5473330,2623018,2828800,6429033,8576044,3568389,4864623,7919988,736001}'::integer[]))

table 6 : explain UPDATE sbtest6 set c=7 WHERE id IN ( 1114792, 5473330, 2623018, 2828800, 6429033, 8576044, 3568389, 4864623, 7919988, 736001)
	Update on sbtest6  (cost=0.43..48.53 rows=0 width=0)
	  ->  Index Scan using sbtest6_pkey on sbtest6  (cost=0.43..48.53 rows=10 width=490)
	        Index Cond: (id = ANY ('{1114792,5473330,2623018,2828800,6429033,8576044,3568389,4864623,7919988,736001}'::integer[]))

table 7 : explain UPDATE sbtest7 set c=7 WHERE id IN ( 1114792, 5473330, 2623018, 2828800, 6429033, 8576044, 3568389, 4864623, 7919988, 736001)
	Update on sbtest7  (cost=0.43..48.53 rows=0 width=0)
	  ->  Index Scan using sbtest7_pkey on sbtest7  (cost=0.43..48.53 rows=10 width=490)
	        Index Cond: (id = ANY ('{1114792,5473330,2623018,2828800,6429033,8576044,3568389,4864623,7919988,736001}'::integer[]))

table 8 : explain UPDATE sbtest8 set c=7 WHERE id IN ( 1114792, 5473330, 2623018, 2828800, 6429033, 8576044, 3568389, 4864623, 7919988, 736001)
	Update on sbtest8  (cost=0.43..48.53 rows=0 width=0)
	  ->  Index Scan using sbtest8_pkey on sbtest8  (cost=0.43..48.53 rows=10 width=490)
	        Index Cond: (id = ANY ('{1114792,5473330,2623018,2828800,6429033,8576044,3568389,4864623,7919988,736001}'::integer[]))

for update-inlist
table 1 : explain UPDATE sbtest1 set c=7 WHERE id IN ( 7090571, 8392907, 4095546, 6900538, 2400455, 472244, 4251732, 4342682, 6855702, 8730664)
	Update on sbtest1  (cost=0.43..48.53 rows=0 width=0)
	  ->  Index Scan using sbtest1_pkey on sbtest1  (cost=0.43..48.53 rows=10 width=490)
	        Index Cond: (id = ANY ('{7090571,8392907,4095546,6900538,2400455,472244,4251732,4342682,6855702,8730664}'::integer[]))

table 2 : explain UPDATE sbtest2 set c=7 WHERE id IN ( 7090571, 8392907, 4095546, 6900538, 2400455, 472244, 4251732, 4342682, 6855702, 8730664)
	Update on sbtest2  (cost=0.43..48.53 rows=0 width=0)
	  ->  Index Scan using sbtest2_pkey on sbtest2  (cost=0.43..48.53 rows=10 width=490)
	        Index Cond: (id = ANY ('{7090571,8392907,4095546,6900538,2400455,472244,4251732,4342682,6855702,8730664}'::integer[]))

table 3 : explain UPDATE sbtest3 set c=7 WHERE id IN ( 7090571, 8392907, 4095546, 6900538, 2400455, 472244, 4251732, 4342682, 6855702, 8730664)
	Update on sbtest3  (cost=0.43..48.53 rows=0 width=0)
	  ->  Index Scan using sbtest3_pkey on sbtest3  (cost=0.43..48.53 rows=10 width=490)
	        Index Cond: (id = ANY ('{7090571,8392907,4095546,6900538,2400455,472244,4251732,4342682,6855702,8730664}'::integer[]))

table 4 : explain UPDATE sbtest4 set c=7 WHERE id IN ( 7090571, 8392907, 4095546, 6900538, 2400455, 472244, 4251732, 4342682, 6855702, 8730664)
	Update on sbtest4  (cost=0.43..48.53 rows=0 width=0)
	  ->  Index Scan using sbtest4_pkey on sbtest4  (cost=0.43..48.53 rows=10 width=490)
	        Index Cond: (id = ANY ('{7090571,8392907,4095546,6900538,2400455,472244,4251732,4342682,6855702,8730664}'::integer[]))

table 5 : explain UPDATE sbtest5 set c=7 WHERE id IN ( 7090571, 8392907, 4095546, 6900538, 2400455, 472244, 4251732, 4342682, 6855702, 8730664)
	Update on sbtest5  (cost=0.43..48.53 rows=0 width=0)
	  ->  Index Scan using sbtest5_pkey on sbtest5  (cost=0.43..48.53 rows=10 width=490)
	        Index Cond: (id = ANY ('{7090571,8392907,4095546,6900538,2400455,472244,4251732,4342682,6855702,8730664}'::integer[]))

table 6 : explain UPDATE sbtest6 set c=7 WHERE id IN ( 7090571, 8392907, 4095546, 6900538, 2400455, 472244, 4251732, 4342682, 6855702, 8730664)
	Update on sbtest6  (cost=0.43..48.53 rows=0 width=0)
	  ->  Index Scan using sbtest6_pkey on sbtest6  (cost=0.43..48.53 rows=10 width=490)
	        Index Cond: (id = ANY ('{7090571,8392907,4095546,6900538,2400455,472244,4251732,4342682,6855702,8730664}'::integer[]))

table 7 : explain UPDATE sbtest7 set c=7 WHERE id IN ( 7090571, 8392907, 4095546, 6900538, 2400455, 472244, 4251732, 4342682, 6855702, 8730664)
	Update on sbtest7  (cost=0.43..48.53 rows=0 width=0)
	  ->  Index Scan using sbtest7_pkey on sbtest7  (cost=0.43..48.53 rows=10 width=490)
	        Index Cond: (id = ANY ('{7090571,8392907,4095546,6900538,2400455,472244,4251732,4342682,6855702,8730664}'::integer[]))

table 8 : explain UPDATE sbtest8 set c=7 WHERE id IN ( 7090571, 8392907, 4095546, 6900538, 2400455, 472244, 4251732, 4342682, 6855702, 8730664)
	Update on sbtest8  (cost=0.43..48.53 rows=0 width=0)
	  ->  Index Scan using sbtest8_pkey on sbtest8  (cost=0.43..48.53 rows=10 width=490)
	        Index Cond: (id = ANY ('{7090571,8392907,4095546,6900538,2400455,472244,4251732,4342682,6855702,8730664}'::integer[]))

for update-inlist
table 1 : explain UPDATE sbtest1 set c=7 WHERE id IN ( 3551130, 8961343, 4082465, 8286727, 504414, 1111996, 7223815, 4916347, 2066716, 4910724)
	Update on sbtest1  (cost=0.43..48.53 rows=0 width=0)
	  ->  Index Scan using sbtest1_pkey on sbtest1  (cost=0.43..48.53 rows=10 width=490)
	        Index Cond: (id = ANY ('{3551130,8961343,4082465,8286727,504414,1111996,7223815,4916347,2066716,4910724}'::integer[]))

table 2 : explain UPDATE sbtest2 set c=7 WHERE id IN ( 3551130, 8961343, 4082465, 8286727, 504414, 1111996, 7223815, 4916347, 2066716, 4910724)
	Update on sbtest2  (cost=0.43..48.53 rows=0 width=0)
	  ->  Index Scan using sbtest2_pkey on sbtest2  (cost=0.43..48.53 rows=10 width=490)
	        Index Cond: (id = ANY ('{3551130,8961343,4082465,8286727,504414,1111996,7223815,4916347,2066716,4910724}'::integer[]))

table 3 : explain UPDATE sbtest3 set c=7 WHERE id IN ( 3551130, 8961343, 4082465, 8286727, 504414, 1111996, 7223815, 4916347, 2066716, 4910724)
	Update on sbtest3  (cost=0.43..48.53 rows=0 width=0)
	  ->  Index Scan using sbtest3_pkey on sbtest3  (cost=0.43..48.53 rows=10 width=490)
	        Index Cond: (id = ANY ('{3551130,8961343,4082465,8286727,504414,1111996,7223815,4916347,2066716,4910724}'::integer[]))

table 4 : explain UPDATE sbtest4 set c=7 WHERE id IN ( 3551130, 8961343, 4082465, 8286727, 504414, 1111996, 7223815, 4916347, 2066716, 4910724)
	Update on sbtest4  (cost=0.43..48.53 rows=0 width=0)
	  ->  Index Scan using sbtest4_pkey on sbtest4  (cost=0.43..48.53 rows=10 width=490)
	        Index Cond: (id = ANY ('{3551130,8961343,4082465,8286727,504414,1111996,7223815,4916347,2066716,4910724}'::integer[]))

table 5 : explain UPDATE sbtest5 set c=7 WHERE id IN ( 3551130, 8961343, 4082465, 8286727, 504414, 1111996, 7223815, 4916347, 2066716, 4910724)
	Update on sbtest5  (cost=0.43..48.53 rows=0 width=0)
	  ->  Index Scan using sbtest5_pkey on sbtest5  (cost=0.43..48.53 rows=10 width=490)
	        Index Cond: (id = ANY ('{3551130,8961343,4082465,8286727,504414,1111996,7223815,4916347,2066716,4910724}'::integer[]))

table 6 : explain UPDATE sbtest6 set c=7 WHERE id IN ( 3551130, 8961343, 4082465, 8286727, 504414, 1111996, 7223815, 4916347, 2066716, 4910724)
	Update on sbtest6  (cost=0.43..48.53 rows=0 width=0)
	  ->  Index Scan using sbtest6_pkey on sbtest6  (cost=0.43..48.53 rows=10 width=490)
	        Index Cond: (id = ANY ('{3551130,8961343,4082465,8286727,504414,1111996,7223815,4916347,2066716,4910724}'::integer[]))

table 7 : explain UPDATE sbtest7 set c=7 WHERE id IN ( 3551130, 8961343, 4082465, 8286727, 504414, 1111996, 7223815, 4916347, 2066716, 4910724)
	Update on sbtest7  (cost=0.43..48.53 rows=0 width=0)
	  ->  Index Scan using sbtest7_pkey on sbtest7  (cost=0.43..48.53 rows=10 width=490)
	        Index Cond: (id = ANY ('{3551130,8961343,4082465,8286727,504414,1111996,7223815,4916347,2066716,4910724}'::integer[]))

table 8 : explain UPDATE sbtest8 set c=7 WHERE id IN ( 3551130, 8961343, 4082465, 8286727, 504414, 1111996, 7223815, 4916347, 2066716, 4910724)
	Update on sbtest8  (cost=0.43..48.53 rows=0 width=0)
	  ->  Index Scan using sbtest8_pkey on sbtest8  (cost=0.43..48.53 rows=10 width=490)
	        Index Cond: (id = ANY ('{3551130,8961343,4082465,8286727,504414,1111996,7223815,4916347,2066716,4910724}'::integer[]))

explain: for update-inlist :: explain UPDATE sbtest%d set c=7 WHERE id IN ( 3800603, 2892728, 2918524, 3358484, 8612780, 1455682, 9313235, 6240578, 5827390, 1859409)
for update-inlist
table 1 : explain UPDATE sbtest1 set c=7 WHERE id IN ( 1690111, 1596192, 9656107, 7351834, 6573042, 5710121, 4210250, 9895722, 8286454, 456811)
	Update on sbtest1  (cost=0.43..48.53 rows=0 width=0)
	  ->  Index Scan using sbtest1_pkey on sbtest1  (cost=0.43..48.53 rows=10 width=490)
	        Index Cond: (id = ANY ('{1690111,1596192,9656107,7351834,6573042,5710121,4210250,9895722,8286454,456811}'::integer[]))

table 2 : explain UPDATE sbtest2 set c=7 WHERE id IN ( 1690111, 1596192, 9656107, 7351834, 6573042, 5710121, 4210250, 9895722, 8286454, 456811)
	Update on sbtest2  (cost=0.43..48.53 rows=0 width=0)
	  ->  Index Scan using sbtest2_pkey on sbtest2  (cost=0.43..48.53 rows=10 width=490)
	        Index Cond: (id = ANY ('{1690111,1596192,9656107,7351834,6573042,5710121,4210250,9895722,8286454,456811}'::integer[]))

table 3 : explain UPDATE sbtest3 set c=7 WHERE id IN ( 1690111, 1596192, 9656107, 7351834, 6573042, 5710121, 4210250, 9895722, 8286454, 456811)
	Update on sbtest3  (cost=0.43..48.53 rows=0 width=0)
	  ->  Index Scan using sbtest3_pkey on sbtest3  (cost=0.43..48.53 rows=10 width=490)
	        Index Cond: (id = ANY ('{1690111,1596192,9656107,7351834,6573042,5710121,4210250,9895722,8286454,456811}'::integer[]))

table 4 : explain UPDATE sbtest4 set c=7 WHERE id IN ( 1690111, 1596192, 9656107, 7351834, 6573042, 5710121, 4210250, 9895722, 8286454, 456811)
	Update on sbtest4  (cost=0.43..48.53 rows=0 width=0)
	  ->  Index Scan using sbtest4_pkey on sbtest4  (cost=0.43..48.53 rows=10 width=490)
	        Index Cond: (id = ANY ('{1690111,1596192,9656107,7351834,6573042,5710121,4210250,9895722,8286454,456811}'::integer[]))

table 5 : explain UPDATE sbtest5 set c=7 WHERE id IN ( 1690111, 1596192, 9656107, 7351834, 6573042, 5710121, 4210250, 9895722, 8286454, 456811)
	Update on sbtest5  (cost=0.43..48.53 rows=0 width=0)
	  ->  Index Scan using sbtest5_pkey on sbtest5  (cost=0.43..48.53 rows=10 width=490)
	        Index Cond: (id = ANY ('{1690111,1596192,9656107,7351834,6573042,5710121,4210250,9895722,8286454,456811}'::integer[]))

table 6 : explain UPDATE sbtest6 set c=7 WHERE id IN ( 1690111, 1596192, 9656107, 7351834, 6573042, 5710121, 4210250, 9895722, 8286454, 456811)
	Update on sbtest6  (cost=0.43..48.53 rows=0 width=0)
	  ->  Index Scan using sbtest6_pkey on sbtest6  (cost=0.43..48.53 rows=10 width=490)
	        Index Cond: (id = ANY ('{1690111,1596192,9656107,7351834,6573042,5710121,4210250,9895722,8286454,456811}'::integer[]))

table 7 : explain UPDATE sbtest7 set c=7 WHERE id IN ( 1690111, 1596192, 9656107, 7351834, 6573042, 5710121, 4210250, 9895722, 8286454, 456811)
	Update on sbtest7  (cost=0.43..48.53 rows=0 width=0)
	  ->  Index Scan using sbtest7_pkey on sbtest7  (cost=0.43..48.53 rows=10 width=490)
	        Index Cond: (id = ANY ('{1690111,1596192,9656107,7351834,6573042,5710121,4210250,9895722,8286454,456811}'::integer[]))

table 8 : explain UPDATE sbtest8 set c=7 WHERE id IN ( 1690111, 1596192, 9656107, 7351834, 6573042, 5710121, 4210250, 9895722, 8286454, 456811)
	Update on sbtest8  (cost=0.43..48.53 rows=0 width=0)
	  ->  Index Scan using sbtest8_pkey on sbtest8  (cost=0.43..48.53 rows=10 width=490)
	        Index Cond: (id = ANY ('{1690111,1596192,9656107,7351834,6573042,5710121,4210250,9895722,8286454,456811}'::integer[]))

for update-inlist
table 1 : explain UPDATE sbtest1 set c=7 WHERE id IN ( 3740704, 9857985, 5795675, 7819752, 1406072, 7333152, 219859, 192077, 1465371, 8363888)
	Update on sbtest1  (cost=0.43..48.53 rows=0 width=0)
	  ->  Index Scan using sbtest1_pkey on sbtest1  (cost=0.43..48.53 rows=10 width=490)
	        Index Cond: (id = ANY ('{3740704,9857985,5795675,7819752,1406072,7333152,219859,192077,1465371,8363888}'::integer[]))

table 2 : explain UPDATE sbtest2 set c=7 WHERE id IN ( 3740704, 9857985, 5795675, 7819752, 1406072, 7333152, 219859, 192077, 1465371, 8363888)
	Update on sbtest2  (cost=0.43..48.53 rows=0 width=0)
	  ->  Index Scan using sbtest2_pkey on sbtest2  (cost=0.43..48.53 rows=10 width=490)
	        Index Cond: (id = ANY ('{3740704,9857985,5795675,7819752,1406072,7333152,219859,192077,1465371,8363888}'::integer[]))

table 3 : explain UPDATE sbtest3 set c=7 WHERE id IN ( 3740704, 9857985, 5795675, 7819752, 1406072, 7333152, 219859, 192077, 1465371, 8363888)
	Update on sbtest3  (cost=0.43..48.53 rows=0 width=0)
	  ->  Index Scan using sbtest3_pkey on sbtest3  (cost=0.43..48.53 rows=10 width=490)
	        Index Cond: (id = ANY ('{3740704,9857985,5795675,7819752,1406072,7333152,219859,192077,1465371,8363888}'::integer[]))

table 4 : explain UPDATE sbtest4 set c=7 WHERE id IN ( 3740704, 9857985, 5795675, 7819752, 1406072, 7333152, 219859, 192077, 1465371, 8363888)
	Update on sbtest4  (cost=0.43..48.53 rows=0 width=0)
	  ->  Index Scan using sbtest4_pkey on sbtest4  (cost=0.43..48.53 rows=10 width=490)
	        Index Cond: (id = ANY ('{3740704,9857985,5795675,7819752,1406072,7333152,219859,192077,1465371,8363888}'::integer[]))

table 5 : explain UPDATE sbtest5 set c=7 WHERE id IN ( 3740704, 9857985, 5795675, 7819752, 1406072, 7333152, 219859, 192077, 1465371, 8363888)
	Update on sbtest5  (cost=0.43..48.53 rows=0 width=0)
	  ->  Index Scan using sbtest5_pkey on sbtest5  (cost=0.43..48.53 rows=10 width=490)
	        Index Cond: (id = ANY ('{3740704,9857985,5795675,7819752,1406072,7333152,219859,192077,1465371,8363888}'::integer[]))

table 6 : explain UPDATE sbtest6 set c=7 WHERE id IN ( 3740704, 9857985, 5795675, 7819752, 1406072, 7333152, 219859, 192077, 1465371, 8363888)
	Update on sbtest6  (cost=0.43..48.53 rows=0 width=0)
	  ->  Index Scan using sbtest6_pkey on sbtest6  (cost=0.43..48.53 rows=10 width=490)
	        Index Cond: (id = ANY ('{3740704,9857985,5795675,7819752,1406072,7333152,219859,192077,1465371,8363888}'::integer[]))

table 7 : explain UPDATE sbtest7 set c=7 WHERE id IN ( 3740704, 9857985, 5795675, 7819752, 1406072, 7333152, 219859, 192077, 1465371, 8363888)
	Update on sbtest7  (cost=0.43..48.53 rows=0 width=0)
	  ->  Index Scan using sbtest7_pkey on sbtest7  (cost=0.43..48.53 rows=10 width=490)
	        Index Cond: (id = ANY ('{3740704,9857985,5795675,7819752,1406072,7333152,219859,192077,1465371,8363888}'::integer[]))

table 8 : explain UPDATE sbtest8 set c=7 WHERE id IN ( 3740704, 9857985, 5795675, 7819752, 1406072, 7333152, 219859, 192077, 1465371, 8363888)
	Update on sbtest8  (cost=0.43..48.53 rows=0 width=0)
	  ->  Index Scan using sbtest8_pkey on sbtest8  (cost=0.43..48.53 rows=10 width=490)
	        Index Cond: (id = ANY ('{3740704,9857985,5795675,7819752,1406072,7333152,219859,192077,1465371,8363888}'::integer[]))

for update-inlist
table 1 : explain UPDATE sbtest1 set c=7 WHERE id IN ( 8816310, 392820, 8591968, 2627900, 3951734, 984106, 2354695, 3519540, 4624881, 8802541)
	Update on sbtest1  (cost=0.43..48.53 rows=0 width=0)
	  ->  Index Scan using sbtest1_pkey on sbtest1  (cost=0.43..48.53 rows=10 width=490)
	        Index Cond: (id = ANY ('{8816310,392820,8591968,2627900,3951734,984106,2354695,3519540,4624881,8802541}'::integer[]))

table 2 : explain UPDATE sbtest2 set c=7 WHERE id IN ( 8816310, 392820, 8591968, 2627900, 3951734, 984106, 2354695, 3519540, 4624881, 8802541)
	Update on sbtest2  (cost=0.43..48.53 rows=0 width=0)
	  ->  Index Scan using sbtest2_pkey on sbtest2  (cost=0.43..48.53 rows=10 width=490)
	        Index Cond: (id = ANY ('{8816310,392820,8591968,2627900,3951734,984106,2354695,3519540,4624881,8802541}'::integer[]))

table 3 : explain UPDATE sbtest3 set c=7 WHERE id IN ( 8816310, 392820, 8591968, 2627900, 3951734, 984106, 2354695, 3519540, 4624881, 8802541)
	Update on sbtest3  (cost=0.43..48.53 rows=0 width=0)
	  ->  Index Scan using sbtest3_pkey on sbtest3  (cost=0.43..48.53 rows=10 width=490)
	        Index Cond: (id = ANY ('{8816310,392820,8591968,2627900,3951734,984106,2354695,3519540,4624881,8802541}'::integer[]))

table 4 : explain UPDATE sbtest4 set c=7 WHERE id IN ( 8816310, 392820, 8591968, 2627900, 3951734, 984106, 2354695, 3519540, 4624881, 8802541)
	Update on sbtest4  (cost=0.43..48.53 rows=0 width=0)
	  ->  Index Scan using sbtest4_pkey on sbtest4  (cost=0.43..48.53 rows=10 width=490)
	        Index Cond: (id = ANY ('{8816310,392820,8591968,2627900,3951734,984106,2354695,3519540,4624881,8802541}'::integer[]))

table 5 : explain UPDATE sbtest5 set c=7 WHERE id IN ( 8816310, 392820, 8591968, 2627900, 3951734, 984106, 2354695, 3519540, 4624881, 8802541)
	Update on sbtest5  (cost=0.43..48.53 rows=0 width=0)
	  ->  Index Scan using sbtest5_pkey on sbtest5  (cost=0.43..48.53 rows=10 width=490)
	        Index Cond: (id = ANY ('{8816310,392820,8591968,2627900,3951734,984106,2354695,3519540,4624881,8802541}'::integer[]))

table 6 : explain UPDATE sbtest6 set c=7 WHERE id IN ( 8816310, 392820, 8591968, 2627900, 3951734, 984106, 2354695, 3519540, 4624881, 8802541)
	Update on sbtest6  (cost=0.43..48.53 rows=0 width=0)
	  ->  Index Scan using sbtest6_pkey on sbtest6  (cost=0.43..48.53 rows=10 width=490)
	        Index Cond: (id = ANY ('{8816310,392820,8591968,2627900,3951734,984106,2354695,3519540,4624881,8802541}'::integer[]))

table 7 : explain UPDATE sbtest7 set c=7 WHERE id IN ( 8816310, 392820, 8591968, 2627900, 3951734, 984106, 2354695, 3519540, 4624881, 8802541)
	Update on sbtest7  (cost=0.43..48.53 rows=0 width=0)
	  ->  Index Scan using sbtest7_pkey on sbtest7  (cost=0.43..48.53 rows=10 width=490)
	        Index Cond: (id = ANY ('{8816310,392820,8591968,2627900,3951734,984106,2354695,3519540,4624881,8802541}'::integer[]))

table 8 : explain UPDATE sbtest8 set c=7 WHERE id IN ( 8816310, 392820, 8591968, 2627900, 3951734, 984106, 2354695, 3519540, 4624881, 8802541)
	Update on sbtest8  (cost=0.43..48.53 rows=0 width=0)
	  ->  Index Scan using sbtest8_pkey on sbtest8  (cost=0.43..48.53 rows=10 width=490)
	        Index Cond: (id = ANY ('{8816310,392820,8591968,2627900,3951734,984106,2354695,3519540,4624881,8802541}'::integer[]))

explain: for update-inlist :: explain UPDATE sbtest%d set c=7 WHERE id IN ( 9300127, 9366144, 9049229, 1503200, 892832, 5557065, 7795534, 8547023, 7093819, 2788796)
explain: for update-inlist :: explain UPDATE sbtest%d set c=7 WHERE id IN ( 7969859, 719826, 7381430, 3463206, 8766908, 3019477, 366118, 9582466, 1112252, 902156)
for update-inlist
table 1 : explain UPDATE sbtest1 set c=7 WHERE id IN ( 3800603, 2892728, 2918524, 3358484, 8612780, 1455682, 9313235, 6240578, 5827390, 1859409)
	Update on sbtest1  (cost=0.43..48.53 rows=0 width=0)
	  ->  Index Scan using sbtest1_pkey on sbtest1  (cost=0.43..48.53 rows=10 width=490)
	        Index Cond: (id = ANY ('{3800603,2892728,2918524,3358484,8612780,1455682,9313235,6240578,5827390,1859409}'::integer[]))

table 2 : explain UPDATE sbtest2 set c=7 WHERE id IN ( 3800603, 2892728, 2918524, 3358484, 8612780, 1455682, 9313235, 6240578, 5827390, 1859409)
	Update on sbtest2  (cost=0.43..48.53 rows=0 width=0)
	  ->  Index Scan using sbtest2_pkey on sbtest2  (cost=0.43..48.53 rows=10 width=490)
	        Index Cond: (id = ANY ('{3800603,2892728,2918524,3358484,8612780,1455682,9313235,6240578,5827390,1859409}'::integer[]))

table 3 : explain UPDATE sbtest3 set c=7 WHERE id IN ( 3800603, 2892728, 2918524, 3358484, 8612780, 1455682, 9313235, 6240578, 5827390, 1859409)
	Update on sbtest3  (cost=0.43..48.53 rows=0 width=0)
	  ->  Index Scan using sbtest3_pkey on sbtest3  (cost=0.43..48.53 rows=10 width=490)
	        Index Cond: (id = ANY ('{3800603,2892728,2918524,3358484,8612780,1455682,9313235,6240578,5827390,1859409}'::integer[]))

table 4 : explain UPDATE sbtest4 set c=7 WHERE id IN ( 3800603, 2892728, 2918524, 3358484, 8612780, 1455682, 9313235, 6240578, 5827390, 1859409)
	Update on sbtest4  (cost=0.43..48.53 rows=0 width=0)
	  ->  Index Scan using sbtest4_pkey on sbtest4  (cost=0.43..48.53 rows=10 width=490)
	        Index Cond: (id = ANY ('{3800603,2892728,2918524,3358484,8612780,1455682,9313235,6240578,5827390,1859409}'::integer[]))

table 5 : explain UPDATE sbtest5 set c=7 WHERE id IN ( 3800603, 2892728, 2918524, 3358484, 8612780, 1455682, 9313235, 6240578, 5827390, 1859409)
	Update on sbtest5  (cost=0.43..48.53 rows=0 width=0)
	  ->  Index Scan using sbtest5_pkey on sbtest5  (cost=0.43..48.53 rows=10 width=490)
	        Index Cond: (id = ANY ('{3800603,2892728,2918524,3358484,8612780,1455682,9313235,6240578,5827390,1859409}'::integer[]))

table 6 : explain UPDATE sbtest6 set c=7 WHERE id IN ( 3800603, 2892728, 2918524, 3358484, 8612780, 1455682, 9313235, 6240578, 5827390, 1859409)
	Update on sbtest6  (cost=0.43..48.53 rows=0 width=0)
	  ->  Index Scan using sbtest6_pkey on sbtest6  (cost=0.43..48.53 rows=10 width=490)
	        Index Cond: (id = ANY ('{3800603,2892728,2918524,3358484,8612780,1455682,9313235,6240578,5827390,1859409}'::integer[]))

table 7 : explain UPDATE sbtest7 set c=7 WHERE id IN ( 3800603, 2892728, 2918524, 3358484, 8612780, 1455682, 9313235, 6240578, 5827390, 1859409)
	Update on sbtest7  (cost=0.43..48.53 rows=0 width=0)
	  ->  Index Scan using sbtest7_pkey on sbtest7  (cost=0.43..48.53 rows=10 width=490)
	        Index Cond: (id = ANY ('{3800603,2892728,2918524,3358484,8612780,1455682,9313235,6240578,5827390,1859409}'::integer[]))

table 8 : explain UPDATE sbtest8 set c=7 WHERE id IN ( 3800603, 2892728, 2918524, 3358484, 8612780, 1455682, 9313235, 6240578, 5827390, 1859409)
	Update on sbtest8  (cost=0.43..48.53 rows=0 width=0)
	  ->  Index Scan using sbtest8_pkey on sbtest8  (cost=0.43..48.53 rows=10 width=490)
	        Index Cond: (id = ANY ('{3800603,2892728,2918524,3358484,8612780,1455682,9313235,6240578,5827390,1859409}'::integer[]))

explain: for update-inlist :: explain UPDATE sbtest%d set c=7 WHERE id IN ( 6736428, 257345, 3517798, 2161920, 1184131, 6336783, 8030317, 2764125, 470088, 1306723)
for update-inlist
table 1 : explain UPDATE sbtest1 set c=7 WHERE id IN ( 9300127, 9366144, 9049229, 1503200, 892832, 5557065, 7795534, 8547023, 7093819, 2788796)
	Update on sbtest1  (cost=0.43..48.53 rows=0 width=0)
	  ->  Index Scan using sbtest1_pkey on sbtest1  (cost=0.43..48.53 rows=10 width=490)
	        Index Cond: (id = ANY ('{9300127,9366144,9049229,1503200,892832,5557065,7795534,8547023,7093819,2788796}'::integer[]))

table 2 : explain UPDATE sbtest2 set c=7 WHERE id IN ( 9300127, 9366144, 9049229, 1503200, 892832, 5557065, 7795534, 8547023, 7093819, 2788796)
	Update on sbtest2  (cost=0.43..48.53 rows=0 width=0)
	  ->  Index Scan using sbtest2_pkey on sbtest2  (cost=0.43..48.53 rows=10 width=490)
	        Index Cond: (id = ANY ('{9300127,9366144,9049229,1503200,892832,5557065,7795534,8547023,7093819,2788796}'::integer[]))

table 3 : explain UPDATE sbtest3 set c=7 WHERE id IN ( 9300127, 9366144, 9049229, 1503200, 892832, 5557065, 7795534, 8547023, 7093819, 2788796)
	Update on sbtest3  (cost=0.43..48.53 rows=0 width=0)
	  ->  Index Scan using sbtest3_pkey on sbtest3  (cost=0.43..48.53 rows=10 width=490)
	        Index Cond: (id = ANY ('{9300127,9366144,9049229,1503200,892832,5557065,7795534,8547023,7093819,2788796}'::integer[]))

table 4 : explain UPDATE sbtest4 set c=7 WHERE id IN ( 9300127, 9366144, 9049229, 1503200, 892832, 5557065, 7795534, 8547023, 7093819, 2788796)
	Update on sbtest4  (cost=0.43..48.53 rows=0 width=0)
	  ->  Index Scan using sbtest4_pkey on sbtest4  (cost=0.43..48.53 rows=10 width=490)
	        Index Cond: (id = ANY ('{9300127,9366144,9049229,1503200,892832,5557065,7795534,8547023,7093819,2788796}'::integer[]))

table 5 : explain UPDATE sbtest5 set c=7 WHERE id IN ( 9300127, 9366144, 9049229, 1503200, 892832, 5557065, 7795534, 8547023, 7093819, 2788796)
	Update on sbtest5  (cost=0.43..48.53 rows=0 width=0)
	  ->  Index Scan using sbtest5_pkey on sbtest5  (cost=0.43..48.53 rows=10 width=490)
	        Index Cond: (id = ANY ('{9300127,9366144,9049229,1503200,892832,5557065,7795534,8547023,7093819,2788796}'::integer[]))

table 6 : explain UPDATE sbtest6 set c=7 WHERE id IN ( 9300127, 9366144, 9049229, 1503200, 892832, 5557065, 7795534, 8547023, 7093819, 2788796)
	Update on sbtest6  (cost=0.43..48.53 rows=0 width=0)
	  ->  Index Scan using sbtest6_pkey on sbtest6  (cost=0.43..48.53 rows=10 width=490)
	        Index Cond: (id = ANY ('{9300127,9366144,9049229,1503200,892832,5557065,7795534,8547023,7093819,2788796}'::integer[]))

table 7 : explain UPDATE sbtest7 set c=7 WHERE id IN ( 9300127, 9366144, 9049229, 1503200, 892832, 5557065, 7795534, 8547023, 7093819, 2788796)
	Update on sbtest7  (cost=0.43..48.53 rows=0 width=0)
	  ->  Index Scan using sbtest7_pkey on sbtest7  (cost=0.43..48.53 rows=10 width=490)
	        Index Cond: (id = ANY ('{9300127,9366144,9049229,1503200,892832,5557065,7795534,8547023,7093819,2788796}'::integer[]))

table 8 : explain UPDATE sbtest8 set c=7 WHERE id IN ( 9300127, 9366144, 9049229, 1503200, 892832, 5557065, 7795534, 8547023, 7093819, 2788796)
	Update on sbtest8  (cost=0.43..48.53 rows=0 width=0)
	  ->  Index Scan using sbtest8_pkey on sbtest8  (cost=0.43..48.53 rows=10 width=490)
	        Index Cond: (id = ANY ('{9300127,9366144,9049229,1503200,892832,5557065,7795534,8547023,7093819,2788796}'::integer[]))

explain: for update-inlist :: explain UPDATE sbtest%d set c=7 WHERE id IN ( 5966141, 3445545, 1940693, 4602780, 1657220, 4144974, 609332, 3331665, 7035286, 6286310)
for update-inlist
table 1 : explain UPDATE sbtest1 set c=7 WHERE id IN ( 6736428, 257345, 3517798, 2161920, 1184131, 6336783, 8030317, 2764125, 470088, 1306723)
	Update on sbtest1  (cost=0.43..48.53 rows=0 width=0)
	  ->  Index Scan using sbtest1_pkey on sbtest1  (cost=0.43..48.53 rows=10 width=490)
	        Index Cond: (id = ANY ('{6736428,257345,3517798,2161920,1184131,6336783,8030317,2764125,470088,1306723}'::integer[]))

table 2 : explain UPDATE sbtest2 set c=7 WHERE id IN ( 6736428, 257345, 3517798, 2161920, 1184131, 6336783, 8030317, 2764125, 470088, 1306723)
	Update on sbtest2  (cost=0.43..48.53 rows=0 width=0)
	  ->  Index Scan using sbtest2_pkey on sbtest2  (cost=0.43..48.53 rows=10 width=490)
	        Index Cond: (id = ANY ('{6736428,257345,3517798,2161920,1184131,6336783,8030317,2764125,470088,1306723}'::integer[]))

table 3 : explain UPDATE sbtest3 set c=7 WHERE id IN ( 6736428, 257345, 3517798, 2161920, 1184131, 6336783, 8030317, 2764125, 470088, 1306723)
	Update on sbtest3  (cost=0.43..48.53 rows=0 width=0)
	  ->  Index Scan using sbtest3_pkey on sbtest3  (cost=0.43..48.53 rows=10 width=490)
	        Index Cond: (id = ANY ('{6736428,257345,3517798,2161920,1184131,6336783,8030317,2764125,470088,1306723}'::integer[]))

table 4 : explain UPDATE sbtest4 set c=7 WHERE id IN ( 6736428, 257345, 3517798, 2161920, 1184131, 6336783, 8030317, 2764125, 470088, 1306723)
	Update on sbtest4  (cost=0.43..48.53 rows=0 width=0)
	  ->  Index Scan using sbtest4_pkey on sbtest4  (cost=0.43..48.53 rows=10 width=490)
	        Index Cond: (id = ANY ('{6736428,257345,3517798,2161920,1184131,6336783,8030317,2764125,470088,1306723}'::integer[]))

table 5 : explain UPDATE sbtest5 set c=7 WHERE id IN ( 6736428, 257345, 3517798, 2161920, 1184131, 6336783, 8030317, 2764125, 470088, 1306723)
	Update on sbtest5  (cost=0.43..48.53 rows=0 width=0)
	  ->  Index Scan using sbtest5_pkey on sbtest5  (cost=0.43..48.53 rows=10 width=490)
	        Index Cond: (id = ANY ('{6736428,257345,3517798,2161920,1184131,6336783,8030317,2764125,470088,1306723}'::integer[]))

table 6 : explain UPDATE sbtest6 set c=7 WHERE id IN ( 6736428, 257345, 3517798, 2161920, 1184131, 6336783, 8030317, 2764125, 470088, 1306723)
	Update on sbtest6  (cost=0.43..48.53 rows=0 width=0)
	  ->  Index Scan using sbtest6_pkey on sbtest6  (cost=0.43..48.53 rows=10 width=490)
	        Index Cond: (id = ANY ('{6736428,257345,3517798,2161920,1184131,6336783,8030317,2764125,470088,1306723}'::integer[]))

table 7 : explain UPDATE sbtest7 set c=7 WHERE id IN ( 6736428, 257345, 3517798, 2161920, 1184131, 6336783, 8030317, 2764125, 470088, 1306723)
	Update on sbtest7  (cost=0.43..48.53 rows=0 width=0)
	  ->  Index Scan using sbtest7_pkey on sbtest7  (cost=0.43..48.53 rows=10 width=490)
	        Index Cond: (id = ANY ('{6736428,257345,3517798,2161920,1184131,6336783,8030317,2764125,470088,1306723}'::integer[]))

table 8 : explain UPDATE sbtest8 set c=7 WHERE id IN ( 6736428, 257345, 3517798, 2161920, 1184131, 6336783, 8030317, 2764125, 470088, 1306723)
	Update on sbtest8  (cost=0.43..48.53 rows=0 width=0)
	  ->  Index Scan using sbtest8_pkey on sbtest8  (cost=0.43..48.53 rows=10 width=490)
	        Index Cond: (id = ANY ('{6736428,257345,3517798,2161920,1184131,6336783,8030317,2764125,470088,1306723}'::integer[]))

explain: for update-inlist :: explain UPDATE sbtest%d set c=7 WHERE id IN ( 3164033, 9282226, 5532426, 4718996, 3233733, 3774470, 3506244, 3899769, 3178389, 923795)
for update-inlist
table 1 : explain UPDATE sbtest1 set c=7 WHERE id IN ( 7969859, 719826, 7381430, 3463206, 8766908, 3019477, 366118, 9582466, 1112252, 902156)
	Update on sbtest1  (cost=0.43..48.53 rows=0 width=0)
	  ->  Index Scan using sbtest1_pkey on sbtest1  (cost=0.43..48.53 rows=10 width=490)
	        Index Cond: (id = ANY ('{7969859,719826,7381430,3463206,8766908,3019477,366118,9582466,1112252,902156}'::integer[]))

table 2 : explain UPDATE sbtest2 set c=7 WHERE id IN ( 7969859, 719826, 7381430, 3463206, 8766908, 3019477, 366118, 9582466, 1112252, 902156)
	Update on sbtest2  (cost=0.43..48.53 rows=0 width=0)
	  ->  Index Scan using sbtest2_pkey on sbtest2  (cost=0.43..48.53 rows=10 width=490)
	        Index Cond: (id = ANY ('{7969859,719826,7381430,3463206,8766908,3019477,366118,9582466,1112252,902156}'::integer[]))

table 3 : explain UPDATE sbtest3 set c=7 WHERE id IN ( 7969859, 719826, 7381430, 3463206, 8766908, 3019477, 366118, 9582466, 1112252, 902156)
	Update on sbtest3  (cost=0.43..48.53 rows=0 width=0)
	  ->  Index Scan using sbtest3_pkey on sbtest3  (cost=0.43..48.53 rows=10 width=490)
	        Index Cond: (id = ANY ('{7969859,719826,7381430,3463206,8766908,3019477,366118,9582466,1112252,902156}'::integer[]))

table 4 : explain UPDATE sbtest4 set c=7 WHERE id IN ( 7969859, 719826, 7381430, 3463206, 8766908, 3019477, 366118, 9582466, 1112252, 902156)
	Update on sbtest4  (cost=0.43..48.53 rows=0 width=0)
	  ->  Index Scan using sbtest4_pkey on sbtest4  (cost=0.43..48.53 rows=10 width=490)
	        Index Cond: (id = ANY ('{7969859,719826,7381430,3463206,8766908,3019477,366118,9582466,1112252,902156}'::integer[]))

table 5 : explain UPDATE sbtest5 set c=7 WHERE id IN ( 7969859, 719826, 7381430, 3463206, 8766908, 3019477, 366118, 9582466, 1112252, 902156)
	Update on sbtest5  (cost=0.43..48.53 rows=0 width=0)
	  ->  Index Scan using sbtest5_pkey on sbtest5  (cost=0.43..48.53 rows=10 width=490)
	        Index Cond: (id = ANY ('{7969859,719826,7381430,3463206,8766908,3019477,366118,9582466,1112252,902156}'::integer[]))

table 6 : explain UPDATE sbtest6 set c=7 WHERE id IN ( 7969859, 719826, 7381430, 3463206, 8766908, 3019477, 366118, 9582466, 1112252, 902156)
	Update on sbtest6  (cost=0.43..48.53 rows=0 width=0)
	  ->  Index Scan using sbtest6_pkey on sbtest6  (cost=0.43..48.53 rows=10 width=490)
	        Index Cond: (id = ANY ('{7969859,719826,7381430,3463206,8766908,3019477,366118,9582466,1112252,902156}'::integer[]))

table 7 : explain UPDATE sbtest7 set c=7 WHERE id IN ( 7969859, 719826, 7381430, 3463206, 8766908, 3019477, 366118, 9582466, 1112252, 902156)
	Update on sbtest7  (cost=0.43..48.53 rows=0 width=0)
	  ->  Index Scan using sbtest7_pkey on sbtest7  (cost=0.43..48.53 rows=10 width=490)
	        Index Cond: (id = ANY ('{7969859,719826,7381430,3463206,8766908,3019477,366118,9582466,1112252,902156}'::integer[]))

table 8 : explain UPDATE sbtest8 set c=7 WHERE id IN ( 7969859, 719826, 7381430, 3463206, 8766908, 3019477, 366118, 9582466, 1112252, 902156)
	Update on sbtest8  (cost=0.43..48.53 rows=0 width=0)
	  ->  Index Scan using sbtest8_pkey on sbtest8  (cost=0.43..48.53 rows=10 width=490)
	        Index Cond: (id = ANY ('{7969859,719826,7381430,3463206,8766908,3019477,366118,9582466,1112252,902156}'::integer[]))

explain: for update-inlist :: explain UPDATE sbtest%d set c=7 WHERE id IN ( 1904243, 4728253, 3777514, 8849053, 1395846, 347774, 9482816, 309302, 1451803, 8655664)
for update-inlist
table 1 : explain UPDATE sbtest1 set c=7 WHERE id IN ( 5966141, 3445545, 1940693, 4602780, 1657220, 4144974, 609332, 3331665, 7035286, 6286310)
	Update on sbtest1  (cost=0.43..48.53 rows=0 width=0)
	  ->  Index Scan using sbtest1_pkey on sbtest1  (cost=0.43..48.53 rows=10 width=490)
	        Index Cond: (id = ANY ('{5966141,3445545,1940693,4602780,1657220,4144974,609332,3331665,7035286,6286310}'::integer[]))

table 2 : explain UPDATE sbtest2 set c=7 WHERE id IN ( 5966141, 3445545, 1940693, 4602780, 1657220, 4144974, 609332, 3331665, 7035286, 6286310)
	Update on sbtest2  (cost=0.43..48.53 rows=0 width=0)
	  ->  Index Scan using sbtest2_pkey on sbtest2  (cost=0.43..48.53 rows=10 width=490)
	        Index Cond: (id = ANY ('{5966141,3445545,1940693,4602780,1657220,4144974,609332,3331665,7035286,6286310}'::integer[]))

table 3 : explain UPDATE sbtest3 set c=7 WHERE id IN ( 5966141, 3445545, 1940693, 4602780, 1657220, 4144974, 609332, 3331665, 7035286, 6286310)
	Update on sbtest3  (cost=0.43..48.53 rows=0 width=0)
	  ->  Index Scan using sbtest3_pkey on sbtest3  (cost=0.43..48.53 rows=10 width=490)
	        Index Cond: (id = ANY ('{5966141,3445545,1940693,4602780,1657220,4144974,609332,3331665,7035286,6286310}'::integer[]))

table 4 : explain UPDATE sbtest4 set c=7 WHERE id IN ( 5966141, 3445545, 1940693, 4602780, 1657220, 4144974, 609332, 3331665, 7035286, 6286310)
	Update on sbtest4  (cost=0.43..48.53 rows=0 width=0)
	  ->  Index Scan using sbtest4_pkey on sbtest4  (cost=0.43..48.53 rows=10 width=490)
	        Index Cond: (id = ANY ('{5966141,3445545,1940693,4602780,1657220,4144974,609332,3331665,7035286,6286310}'::integer[]))

table 5 : explain UPDATE sbtest5 set c=7 WHERE id IN ( 5966141, 3445545, 1940693, 4602780, 1657220, 4144974, 609332, 3331665, 7035286, 6286310)
	Update on sbtest5  (cost=0.43..48.53 rows=0 width=0)
	  ->  Index Scan using sbtest5_pkey on sbtest5  (cost=0.43..48.53 rows=10 width=490)
	        Index Cond: (id = ANY ('{5966141,3445545,1940693,4602780,1657220,4144974,609332,3331665,7035286,6286310}'::integer[]))

table 6 : explain UPDATE sbtest6 set c=7 WHERE id IN ( 5966141, 3445545, 1940693, 4602780, 1657220, 4144974, 609332, 3331665, 7035286, 6286310)
	Update on sbtest6  (cost=0.43..48.53 rows=0 width=0)
	  ->  Index Scan using sbtest6_pkey on sbtest6  (cost=0.43..48.53 rows=10 width=490)
	        Index Cond: (id = ANY ('{5966141,3445545,1940693,4602780,1657220,4144974,609332,3331665,7035286,6286310}'::integer[]))

table 7 : explain UPDATE sbtest7 set c=7 WHERE id IN ( 5966141, 3445545, 1940693, 4602780, 1657220, 4144974, 609332, 3331665, 7035286, 6286310)
	Update on sbtest7  (cost=0.43..48.53 rows=0 width=0)
	  ->  Index Scan using sbtest7_pkey on sbtest7  (cost=0.43..48.53 rows=10 width=490)
	        Index Cond: (id = ANY ('{5966141,3445545,1940693,4602780,1657220,4144974,609332,3331665,7035286,6286310}'::integer[]))

table 8 : explain UPDATE sbtest8 set c=7 WHERE id IN ( 5966141, 3445545, 1940693, 4602780, 1657220, 4144974, 609332, 3331665, 7035286, 6286310)
	Update on sbtest8  (cost=0.43..48.53 rows=0 width=0)
	  ->  Index Scan using sbtest8_pkey on sbtest8  (cost=0.43..48.53 rows=10 width=490)
	        Index Cond: (id = ANY ('{5966141,3445545,1940693,4602780,1657220,4144974,609332,3331665,7035286,6286310}'::integer[]))

for update-inlist
table 1 : explain UPDATE sbtest1 set c=7 WHERE id IN ( 3164033, 9282226, 5532426, 4718996, 3233733, 3774470, 3506244, 3899769, 3178389, 923795)
	Update on sbtest1  (cost=0.43..48.53 rows=0 width=0)
	  ->  Index Scan using sbtest1_pkey on sbtest1  (cost=0.43..48.53 rows=10 width=490)
	        Index Cond: (id = ANY ('{3164033,9282226,5532426,4718996,3233733,3774470,3506244,3899769,3178389,923795}'::integer[]))

table 2 : explain UPDATE sbtest2 set c=7 WHERE id IN ( 3164033, 9282226, 5532426, 4718996, 3233733, 3774470, 3506244, 3899769, 3178389, 923795)
	Update on sbtest2  (cost=0.43..48.53 rows=0 width=0)
	  ->  Index Scan using sbtest2_pkey on sbtest2  (cost=0.43..48.53 rows=10 width=490)
	        Index Cond: (id = ANY ('{3164033,9282226,5532426,4718996,3233733,3774470,3506244,3899769,3178389,923795}'::integer[]))

table 3 : explain UPDATE sbtest3 set c=7 WHERE id IN ( 3164033, 9282226, 5532426, 4718996, 3233733, 3774470, 3506244, 3899769, 3178389, 923795)
	Update on sbtest3  (cost=0.43..48.53 rows=0 width=0)
	  ->  Index Scan using sbtest3_pkey on sbtest3  (cost=0.43..48.53 rows=10 width=490)
	        Index Cond: (id = ANY ('{3164033,9282226,5532426,4718996,3233733,3774470,3506244,3899769,3178389,923795}'::integer[]))

table 4 : explain UPDATE sbtest4 set c=7 WHERE id IN ( 3164033, 9282226, 5532426, 4718996, 3233733, 3774470, 3506244, 3899769, 3178389, 923795)
	Update on sbtest4  (cost=0.43..48.53 rows=0 width=0)
	  ->  Index Scan using sbtest4_pkey on sbtest4  (cost=0.43..48.53 rows=10 width=490)
	        Index Cond: (id = ANY ('{3164033,9282226,5532426,4718996,3233733,3774470,3506244,3899769,3178389,923795}'::integer[]))

table 5 : explain UPDATE sbtest5 set c=7 WHERE id IN ( 3164033, 9282226, 5532426, 4718996, 3233733, 3774470, 3506244, 3899769, 3178389, 923795)
	Update on sbtest5  (cost=0.43..48.53 rows=0 width=0)
	  ->  Index Scan using sbtest5_pkey on sbtest5  (cost=0.43..48.53 rows=10 width=490)
	        Index Cond: (id = ANY ('{3164033,9282226,5532426,4718996,3233733,3774470,3506244,3899769,3178389,923795}'::integer[]))

table 6 : explain UPDATE sbtest6 set c=7 WHERE id IN ( 3164033, 9282226, 5532426, 4718996, 3233733, 3774470, 3506244, 3899769, 3178389, 923795)
	Update on sbtest6  (cost=0.43..48.53 rows=0 width=0)
	  ->  Index Scan using sbtest6_pkey on sbtest6  (cost=0.43..48.53 rows=10 width=490)
	        Index Cond: (id = ANY ('{3164033,9282226,5532426,4718996,3233733,3774470,3506244,3899769,3178389,923795}'::integer[]))

table 7 : explain UPDATE sbtest7 set c=7 WHERE id IN ( 3164033, 9282226, 5532426, 4718996, 3233733, 3774470, 3506244, 3899769, 3178389, 923795)
	Update on sbtest7  (cost=0.43..48.53 rows=0 width=0)
	  ->  Index Scan using sbtest7_pkey on sbtest7  (cost=0.43..48.53 rows=10 width=490)
	        Index Cond: (id = ANY ('{3164033,9282226,5532426,4718996,3233733,3774470,3506244,3899769,3178389,923795}'::integer[]))

table 8 : explain UPDATE sbtest8 set c=7 WHERE id IN ( 3164033, 9282226, 5532426, 4718996, 3233733, 3774470, 3506244, 3899769, 3178389, 923795)
	Update on sbtest8  (cost=0.43..48.53 rows=0 width=0)
	  ->  Index Scan using sbtest8_pkey on sbtest8  (cost=0.43..48.53 rows=10 width=490)
	        Index Cond: (id = ANY ('{3164033,9282226,5532426,4718996,3233733,3774470,3506244,3899769,3178389,923795}'::integer[]))

explain: for update-inlist :: explain UPDATE sbtest%d set c=7 WHERE id IN ( 6144454, 7713331, 6351307, 9584092, 1564329, 4208556, 8211318, 5327135, 795820, 382617)
explain: for update-inlist :: explain UPDATE sbtest%d set c=7 WHERE id IN ( 4385892, 2760009, 8575960, 2544445, 3275016, 6786256, 9245360, 1414706, 4802165, 8086129)
for update-inlist
table 1 : explain UPDATE sbtest1 set c=7 WHERE id IN ( 1904243, 4728253, 3777514, 8849053, 1395846, 347774, 9482816, 309302, 1451803, 8655664)
	Update on sbtest1  (cost=0.43..48.53 rows=0 width=0)
	  ->  Index Scan using sbtest1_pkey on sbtest1  (cost=0.43..48.53 rows=10 width=490)
	        Index Cond: (id = ANY ('{1904243,4728253,3777514,8849053,1395846,347774,9482816,309302,1451803,8655664}'::integer[]))

table 2 : explain UPDATE sbtest2 set c=7 WHERE id IN ( 1904243, 4728253, 3777514, 8849053, 1395846, 347774, 9482816, 309302, 1451803, 8655664)
	Update on sbtest2  (cost=0.43..48.53 rows=0 width=0)
	  ->  Index Scan using sbtest2_pkey on sbtest2  (cost=0.43..48.53 rows=10 width=490)
	        Index Cond: (id = ANY ('{1904243,4728253,3777514,8849053,1395846,347774,9482816,309302,1451803,8655664}'::integer[]))

table 3 : explain UPDATE sbtest3 set c=7 WHERE id IN ( 1904243, 4728253, 3777514, 8849053, 1395846, 347774, 9482816, 309302, 1451803, 8655664)
	Update on sbtest3  (cost=0.43..48.53 rows=0 width=0)
	  ->  Index Scan using sbtest3_pkey on sbtest3  (cost=0.43..48.53 rows=10 width=490)
	        Index Cond: (id = ANY ('{1904243,4728253,3777514,8849053,1395846,347774,9482816,309302,1451803,8655664}'::integer[]))

table 4 : explain UPDATE sbtest4 set c=7 WHERE id IN ( 1904243, 4728253, 3777514, 8849053, 1395846, 347774, 9482816, 309302, 1451803, 8655664)
	Update on sbtest4  (cost=0.43..48.53 rows=0 width=0)
	  ->  Index Scan using sbtest4_pkey on sbtest4  (cost=0.43..48.53 rows=10 width=490)
	        Index Cond: (id = ANY ('{1904243,4728253,3777514,8849053,1395846,347774,9482816,309302,1451803,8655664}'::integer[]))

table 5 : explain UPDATE sbtest5 set c=7 WHERE id IN ( 1904243, 4728253, 3777514, 8849053, 1395846, 347774, 9482816, 309302, 1451803, 8655664)
	Update on sbtest5  (cost=0.43..48.53 rows=0 width=0)
	  ->  Index Scan using sbtest5_pkey on sbtest5  (cost=0.43..48.53 rows=10 width=490)
	        Index Cond: (id = ANY ('{1904243,4728253,3777514,8849053,1395846,347774,9482816,309302,1451803,8655664}'::integer[]))

table 6 : explain UPDATE sbtest6 set c=7 WHERE id IN ( 1904243, 4728253, 3777514, 8849053, 1395846, 347774, 9482816, 309302, 1451803, 8655664)
	Update on sbtest6  (cost=0.43..48.53 rows=0 width=0)
	  ->  Index Scan using sbtest6_pkey on sbtest6  (cost=0.43..48.53 rows=10 width=490)
	        Index Cond: (id = ANY ('{1904243,4728253,3777514,8849053,1395846,347774,9482816,309302,1451803,8655664}'::integer[]))

table 7 : explain UPDATE sbtest7 set c=7 WHERE id IN ( 1904243, 4728253, 3777514, 8849053, 1395846, 347774, 9482816, 309302, 1451803, 8655664)
	Update on sbtest7  (cost=0.43..48.53 rows=0 width=0)
	  ->  Index Scan using sbtest7_pkey on sbtest7  (cost=0.43..48.53 rows=10 width=490)
	        Index Cond: (id = ANY ('{1904243,4728253,3777514,8849053,1395846,347774,9482816,309302,1451803,8655664}'::integer[]))

table 8 : explain UPDATE sbtest8 set c=7 WHERE id IN ( 1904243, 4728253, 3777514, 8849053, 1395846, 347774, 9482816, 309302, 1451803, 8655664)
	Update on sbtest8  (cost=0.43..48.53 rows=0 width=0)
	  ->  Index Scan using sbtest8_pkey on sbtest8  (cost=0.43..48.53 rows=10 width=490)
	        Index Cond: (id = ANY ('{1904243,4728253,3777514,8849053,1395846,347774,9482816,309302,1451803,8655664}'::integer[]))

for update-inlist
table 1 : explain UPDATE sbtest1 set c=7 WHERE id IN ( 6144454, 7713331, 6351307, 9584092, 1564329, 4208556, 8211318, 5327135, 795820, 382617)
	Update on sbtest1  (cost=0.43..48.53 rows=0 width=0)
	  ->  Index Scan using sbtest1_pkey on sbtest1  (cost=0.43..48.53 rows=10 width=490)
	        Index Cond: (id = ANY ('{6144454,7713331,6351307,9584092,1564329,4208556,8211318,5327135,795820,382617}'::integer[]))

table 2 : explain UPDATE sbtest2 set c=7 WHERE id IN ( 6144454, 7713331, 6351307, 9584092, 1564329, 4208556, 8211318, 5327135, 795820, 382617)
	Update on sbtest2  (cost=0.43..48.53 rows=0 width=0)
	  ->  Index Scan using sbtest2_pkey on sbtest2  (cost=0.43..48.53 rows=10 width=490)
	        Index Cond: (id = ANY ('{6144454,7713331,6351307,9584092,1564329,4208556,8211318,5327135,795820,382617}'::integer[]))

table 3 : explain UPDATE sbtest3 set c=7 WHERE id IN ( 6144454, 7713331, 6351307, 9584092, 1564329, 4208556, 8211318, 5327135, 795820, 382617)
	Update on sbtest3  (cost=0.43..48.53 rows=0 width=0)
	  ->  Index Scan using sbtest3_pkey on sbtest3  (cost=0.43..48.53 rows=10 width=490)
	        Index Cond: (id = ANY ('{6144454,7713331,6351307,9584092,1564329,4208556,8211318,5327135,795820,382617}'::integer[]))

table 4 : explain UPDATE sbtest4 set c=7 WHERE id IN ( 6144454, 7713331, 6351307, 9584092, 1564329, 4208556, 8211318, 5327135, 795820, 382617)
	Update on sbtest4  (cost=0.43..48.53 rows=0 width=0)
	  ->  Index Scan using sbtest4_pkey on sbtest4  (cost=0.43..48.53 rows=10 width=490)
	        Index Cond: (id = ANY ('{6144454,7713331,6351307,9584092,1564329,4208556,8211318,5327135,795820,382617}'::integer[]))

table 5 : explain UPDATE sbtest5 set c=7 WHERE id IN ( 6144454, 7713331, 6351307, 9584092, 1564329, 4208556, 8211318, 5327135, 795820, 382617)
	Update on sbtest5  (cost=0.43..48.53 rows=0 width=0)
	  ->  Index Scan using sbtest5_pkey on sbtest5  (cost=0.43..48.53 rows=10 width=490)
	        Index Cond: (id = ANY ('{6144454,7713331,6351307,9584092,1564329,4208556,8211318,5327135,795820,382617}'::integer[]))

table 6 : explain UPDATE sbtest6 set c=7 WHERE id IN ( 6144454, 7713331, 6351307, 9584092, 1564329, 4208556, 8211318, 5327135, 795820, 382617)
	Update on sbtest6  (cost=0.43..48.53 rows=0 width=0)
	  ->  Index Scan using sbtest6_pkey on sbtest6  (cost=0.43..48.53 rows=10 width=490)
	        Index Cond: (id = ANY ('{6144454,7713331,6351307,9584092,1564329,4208556,8211318,5327135,795820,382617}'::integer[]))

table 7 : explain UPDATE sbtest7 set c=7 WHERE id IN ( 6144454, 7713331, 6351307, 9584092, 1564329, 4208556, 8211318, 5327135, 795820, 382617)
	Update on sbtest7  (cost=0.43..48.53 rows=0 width=0)
	  ->  Index Scan using sbtest7_pkey on sbtest7  (cost=0.43..48.53 rows=10 width=490)
	        Index Cond: (id = ANY ('{6144454,7713331,6351307,9584092,1564329,4208556,8211318,5327135,795820,382617}'::integer[]))

table 8 : explain UPDATE sbtest8 set c=7 WHERE id IN ( 6144454, 7713331, 6351307, 9584092, 1564329, 4208556, 8211318, 5327135, 795820, 382617)
	Update on sbtest8  (cost=0.43..48.53 rows=0 width=0)
	  ->  Index Scan using sbtest8_pkey on sbtest8  (cost=0.43..48.53 rows=10 width=490)
	        Index Cond: (id = ANY ('{6144454,7713331,6351307,9584092,1564329,4208556,8211318,5327135,795820,382617}'::integer[]))

for update-inlist
table 1 : explain UPDATE sbtest1 set c=7 WHERE id IN ( 4385892, 2760009, 8575960, 2544445, 3275016, 6786256, 9245360, 1414706, 4802165, 8086129)
	Update on sbtest1  (cost=0.43..48.53 rows=0 width=0)
	  ->  Index Scan using sbtest1_pkey on sbtest1  (cost=0.43..48.53 rows=10 width=490)
	        Index Cond: (id = ANY ('{4385892,2760009,8575960,2544445,3275016,6786256,9245360,1414706,4802165,8086129}'::integer[]))

table 2 : explain UPDATE sbtest2 set c=7 WHERE id IN ( 4385892, 2760009, 8575960, 2544445, 3275016, 6786256, 9245360, 1414706, 4802165, 8086129)
	Update on sbtest2  (cost=0.43..48.53 rows=0 width=0)
	  ->  Index Scan using sbtest2_pkey on sbtest2  (cost=0.43..48.53 rows=10 width=490)
	        Index Cond: (id = ANY ('{4385892,2760009,8575960,2544445,3275016,6786256,9245360,1414706,4802165,8086129}'::integer[]))

table 3 : explain UPDATE sbtest3 set c=7 WHERE id IN ( 4385892, 2760009, 8575960, 2544445, 3275016, 6786256, 9245360, 1414706, 4802165, 8086129)
	Update on sbtest3  (cost=0.43..48.53 rows=0 width=0)
	  ->  Index Scan using sbtest3_pkey on sbtest3  (cost=0.43..48.53 rows=10 width=490)
	        Index Cond: (id = ANY ('{4385892,2760009,8575960,2544445,3275016,6786256,9245360,1414706,4802165,8086129}'::integer[]))

table 4 : explain UPDATE sbtest4 set c=7 WHERE id IN ( 4385892, 2760009, 8575960, 2544445, 3275016, 6786256, 9245360, 1414706, 4802165, 8086129)
	Update on sbtest4  (cost=0.43..48.53 rows=0 width=0)
	  ->  Index Scan using sbtest4_pkey on sbtest4  (cost=0.43..48.53 rows=10 width=490)
	        Index Cond: (id = ANY ('{4385892,2760009,8575960,2544445,3275016,6786256,9245360,1414706,4802165,8086129}'::integer[]))

table 5 : explain UPDATE sbtest5 set c=7 WHERE id IN ( 4385892, 2760009, 8575960, 2544445, 3275016, 6786256, 9245360, 1414706, 4802165, 8086129)
	Update on sbtest5  (cost=0.43..48.53 rows=0 width=0)
	  ->  Index Scan using sbtest5_pkey on sbtest5  (cost=0.43..48.53 rows=10 width=490)
	        Index Cond: (id = ANY ('{4385892,2760009,8575960,2544445,3275016,6786256,9245360,1414706,4802165,8086129}'::integer[]))

table 6 : explain UPDATE sbtest6 set c=7 WHERE id IN ( 4385892, 2760009, 8575960, 2544445, 3275016, 6786256, 9245360, 1414706, 4802165, 8086129)
	Update on sbtest6  (cost=0.43..48.53 rows=0 width=0)
	  ->  Index Scan using sbtest6_pkey on sbtest6  (cost=0.43..48.53 rows=10 width=490)
	        Index Cond: (id = ANY ('{4385892,2760009,8575960,2544445,3275016,6786256,9245360,1414706,4802165,8086129}'::integer[]))

table 7 : explain UPDATE sbtest7 set c=7 WHERE id IN ( 4385892, 2760009, 8575960, 2544445, 3275016, 6786256, 9245360, 1414706, 4802165, 8086129)
	Update on sbtest7  (cost=0.43..48.53 rows=0 width=0)
	  ->  Index Scan using sbtest7_pkey on sbtest7  (cost=0.43..48.53 rows=10 width=490)
	        Index Cond: (id = ANY ('{4385892,2760009,8575960,2544445,3275016,6786256,9245360,1414706,4802165,8086129}'::integer[]))

table 8 : explain UPDATE sbtest8 set c=7 WHERE id IN ( 4385892, 2760009, 8575960, 2544445, 3275016, 6786256, 9245360, 1414706, 4802165, 8086129)
	Update on sbtest8  (cost=0.43..48.53 rows=0 width=0)
	  ->  Index Scan using sbtest8_pkey on sbtest8  (cost=0.43..48.53 rows=10 width=490)
	        Index Cond: (id = ANY ('{4385892,2760009,8575960,2544445,3275016,6786256,9245360,1414706,4802165,8086129}'::integer[]))

Threads started!

Warming up for 5 seconds...

SQL statistics:
    queries performed:
        read:                            0
        write:                           116391507
        other:                           0
        total:                           116391507
    transactions:                        116391507 (125150.94 per sec.)
    queries:                             116391507 (125150.94 per sec.)
    ignored errors:                      0      (0.00 per sec.)
    reconnects:                          0      (0.00 per sec.)

Throughput:
    events/s (eps):                      125150.9375
    time elapsed:                        930.0092s
    total number of events:              116391507

Latency (ms):
         min:                                    0.11
         avg:                                    0.32
         max:                                  155.01
         95th percentile:                        0.49
         sum:                             37124252.32

Threads fairness:
    events (avg/stddev):           2909787.6750/39854.04
    execution time (avg/stddev):   928.1063/0.04

