LUA_PATH=/home/mdcallag/git/mytools/bench/sysbench.lua/lua/?.lua /home/mdcallag/git/mytools/bench/sysbench.lua/lua/sysbench --db-driver=pgsql --range-size=100 --table-size=10000000 --tables=8 --threads=40 --events=0 --warmup-time=5 --time=630 --pgsql_conn_id=true /home/mdcallag/git/mytools/bench/sysbench.lua/lua/oltp_range_covered.lua run --pgsql-user=root --pgsql-password=pw --pgsql-host=127.0.0.1 --pgsql-db=ib --rand-type=uniform --random-points=100 --skip-trx --on-id=false --covered=false
48 CPUs
sysbench 1.1.0-9072687 (using bundled LuaJIT 2.1.0-beta3)

Running the test with following options:
Number of threads: 40
Warmup time: 5s
Initializing random number generator from current time


Initializing worker threads...

explain: for range-notcovered :: explain SELECT k, c FROM sbtest%d WHERE k BETWEEN 2665046 AND 2665146
explain: for range-notcovered :: explain SELECT k, c FROM sbtest%d WHERE k BETWEEN 4221738 AND 4221838
explain: for range-notcovered :: explain SELECT k, c FROM sbtest%d WHERE k BETWEEN 3237041 AND 3237141
explain: for range-notcovered :: explain SELECT k, c FROM sbtest%d WHERE k BETWEEN 3967413 AND 3967513
explain: for range-notcovered :: explain SELECT k, c FROM sbtest%d WHERE k BETWEEN 2786643 AND 2786743
explain: for range-notcovered :: explain SELECT k, c FROM sbtest%d WHERE k BETWEEN 8331790 AND 8331890
explain: for range-notcovered :: explain SELECT k, c FROM sbtest%d WHERE k BETWEEN 4172560 AND 4172660
explain: for range-notcovered :: explain SELECT k, c FROM sbtest%d WHERE k BETWEEN 7267824 AND 7267924
explain: for range-notcovered :: explain SELECT k, c FROM sbtest%d WHERE k BETWEEN 1500845 AND 1500945
explain: for range-notcovered :: explain SELECT k, c FROM sbtest%d WHERE k BETWEEN 7843619 AND 7843719
explain: for range-notcovered :: explain SELECT k, c FROM sbtest%d WHERE k BETWEEN 2722345 AND 2722445
explain: for range-notcovered :: explain SELECT k, c FROM sbtest%d WHERE k BETWEEN 6393573 AND 6393673
explain: for range-notcovered :: explain SELECT k, c FROM sbtest%d WHERE k BETWEEN 1917812 AND 1917912
explain: for range-notcovered :: explain SELECT k, c FROM sbtest%d WHERE k BETWEEN 2814015 AND 2814115
explain: for range-notcovered :: explain SELECT k, c FROM sbtest%d WHERE k BETWEEN 5389193 AND 5389293
explain: for range-notcovered :: explain SELECT k, c FROM sbtest%d WHERE k BETWEEN 4378422 AND 4378522
explain: for range-notcovered :: explain SELECT k, c FROM sbtest%d WHERE k BETWEEN 6349144 AND 6349244
explain: for range-notcovered :: explain SELECT k, c FROM sbtest%d WHERE k BETWEEN 5046403 AND 5046503
explain: for range-notcovered :: explain SELECT k, c FROM sbtest%d WHERE k BETWEEN 4989850 AND 4989950
explain: for range-notcovered :: explain SELECT k, c FROM sbtest%d WHERE k BETWEEN 8204642 AND 8204742
explain: for range-notcovered :: explain SELECT k, c FROM sbtest%d WHERE k BETWEEN 231832 AND 231932
explain: for range-notcovered :: explain SELECT k, c FROM sbtest%d WHERE k BETWEEN 5409911 AND 5410011
explain: for range-notcovered :: explain SELECT k, c FROM sbtest%d WHERE k BETWEEN 7014798 AND 7014898
explain: for range-notcovered :: explain SELECT k, c FROM sbtest%d WHERE k BETWEEN 4276750 AND 4276850
explain: for range-notcovered :: explain SELECT k, c FROM sbtest%d WHERE k BETWEEN 6413332 AND 6413432
explain: for range-notcovered :: explain SELECT k, c FROM sbtest%d WHERE k BETWEEN 4395323 AND 4395423
for range-notcovered
table 1 : explain SELECT k, c FROM sbtest1 WHERE k BETWEEN 4221738 AND 4221838
	Bitmap Heap Scan on sbtest1  (cost=5.46..401.43 rows=100 width=125)
	  Recheck Cond: ((k >= 4221738) AND (k <= 4221838))
	  ->  Bitmap Index Scan on k_1  (cost=0.00..5.43 rows=100 width=0)
	        Index Cond: ((k >= 4221738) AND (k <= 4221838))

table 2 : explain SELECT k, c FROM sbtest2 WHERE k BETWEEN 4221738 AND 4221838
	Bitmap Heap Scan on sbtest2  (cost=5.48..409.35 rows=102 width=125)
	  Recheck Cond: ((k >= 4221738) AND (k <= 4221838))
	  ->  Bitmap Index Scan on k_2  (cost=0.00..5.45 rows=102 width=0)
	        Index Cond: ((k >= 4221738) AND (k <= 4221838))

table 3 : explain SELECT k, c FROM sbtest3 WHERE k BETWEEN 4221738 AND 4221838
	Bitmap Heap Scan on sbtest3  (cost=5.40..377.81 rows=94 width=125)
	  Recheck Cond: ((k >= 4221738) AND (k <= 4221838))
	  ->  Bitmap Index Scan on k_3  (cost=0.00..5.38 rows=94 width=0)
	        Index Cond: ((k >= 4221738) AND (k <= 4221838))

table 4 : explain SELECT k, c FROM sbtest4 WHERE k BETWEEN 4221738 AND 4221838
	Bitmap Heap Scan on sbtest4  (cost=5.48..409.38 rows=102 width=125)
	  Recheck Cond: ((k >= 4221738) AND (k <= 4221838))
	  ->  Bitmap Index Scan on k_4  (cost=0.00..5.45 rows=102 width=0)
	        Index Cond: ((k >= 4221738) AND (k <= 4221838))

table 5 : explain SELECT k, c FROM sbtest5 WHERE k BETWEEN 4221738 AND 4221838
	Bitmap Heap Scan on sbtest5  (cost=5.42..385.72 rows=96 width=125)
	  Recheck Cond: ((k >= 4221738) AND (k <= 4221838))
	  ->  Bitmap Index Scan on k_5  (cost=0.00..5.39 rows=96 width=0)
	        Index Cond: ((k >= 4221738) AND (k <= 4221838))

table 6 : explain SELECT k, c FROM sbtest6 WHERE k BETWEEN 4221738 AND 4221838
	Bitmap Heap Scan on sbtest6  (cost=5.50..417.29 rows=104 width=125)
	  Recheck Cond: ((k >= 4221738) AND (k <= 4221838))
	  ->  Bitmap Index Scan on k_6  (cost=0.00..5.47 rows=104 width=0)
	        Index Cond: ((k >= 4221738) AND (k <= 4221838))

table 7 : explain SELECT k, c FROM sbtest7 WHERE k BETWEEN 4221738 AND 4221838
	Bitmap Heap Scan on sbtest7  (cost=5.46..401.52 rows=100 width=125)
	  Recheck Cond: ((k >= 4221738) AND (k <= 4221838))
	  ->  Bitmap Index Scan on k_7  (cost=0.00..5.43 rows=100 width=0)
	        Index Cond: ((k >= 4221738) AND (k <= 4221838))

table 8 : explain SELECT k, c FROM sbtest8 WHERE k BETWEEN 4221738 AND 4221838
	Bitmap Heap Scan on sbtest8  (cost=5.57..444.88 rows=111 width=125)
	  Recheck Cond: ((k >= 4221738) AND (k <= 4221838))
	  ->  Bitmap Index Scan on k_8  (cost=0.00..5.54 rows=111 width=0)
	        Index Cond: ((k >= 4221738) AND (k <= 4221838))

for range-notcovered
table 1 : explain SELECT k, c FROM sbtest1 WHERE k BETWEEN 2665046 AND 2665146
	Bitmap Heap Scan on sbtest1  (cost=5.55..436.90 rows=109 width=125)
	  Recheck Cond: ((k >= 2665046) AND (k <= 2665146))
	  ->  Bitmap Index Scan on k_1  (cost=0.00..5.52 rows=109 width=0)
	        Index Cond: ((k >= 2665046) AND (k <= 2665146))

table 2 : explain SELECT k, c FROM sbtest2 WHERE k BETWEEN 2665046 AND 2665146
	Bitmap Heap Scan on sbtest2  (cost=5.35..358.07 rows=89 width=125)
	  Recheck Cond: ((k >= 2665046) AND (k <= 2665146))
	  ->  Bitmap Index Scan on k_2  (cost=0.00..5.32 rows=89 width=0)
	        Index Cond: ((k >= 2665046) AND (k <= 2665146))

table 3 : explain SELECT k, c FROM sbtest3 WHERE k BETWEEN 2665046 AND 2665146
	Bitmap Heap Scan on sbtest3  (cost=5.44..393.58 rows=98 width=125)
	  Recheck Cond: ((k >= 2665046) AND (k <= 2665146))
	  ->  Bitmap Index Scan on k_3  (cost=0.00..5.42 rows=98 width=0)
	        Index Cond: ((k >= 2665046) AND (k <= 2665146))

table 4 : explain SELECT k, c FROM sbtest4 WHERE k BETWEEN 2665046 AND 2665146
	Bitmap Heap Scan on sbtest4  (cost=5.60..456.66 rows=114 width=125)
	  Recheck Cond: ((k >= 2665046) AND (k <= 2665146))
	  ->  Bitmap Index Scan on k_4  (cost=0.00..5.58 rows=114 width=0)
	        Index Cond: ((k >= 2665046) AND (k <= 2665146))

table 5 : explain SELECT k, c FROM sbtest5 WHERE k BETWEEN 2665046 AND 2665146
	Bitmap Heap Scan on sbtest5  (cost=5.52..425.15 rows=106 width=125)
	  Recheck Cond: ((k >= 2665046) AND (k <= 2665146))
	  ->  Bitmap Index Scan on k_5  (cost=0.00..5.50 rows=106 width=0)
	        Index Cond: ((k >= 2665046) AND (k <= 2665146))

table 6 : explain SELECT k, c FROM sbtest6 WHERE k BETWEEN 2665046 AND 2665146
	Bitmap Heap Scan on sbtest6  (cost=5.51..421.24 rows=105 width=125)
	  Recheck Cond: ((k >= 2665046) AND (k <= 2665146))
	  ->  Bitmap Index Scan on k_6  (cost=0.00..5.48 rows=105 width=0)
	        Index Cond: ((k >= 2665046) AND (k <= 2665146))

table 7 : explain SELECT k, c FROM sbtest7 WHERE k BETWEEN 2665046 AND 2665146
	Bitmap Heap Scan on sbtest7  (cost=5.49..413.35 rows=103 width=125)
	  Recheck Cond: ((k >= 2665046) AND (k <= 2665146))
	  ->  Bitmap Index Scan on k_7  (cost=0.00..5.46 rows=103 width=0)
	        Index Cond: ((k >= 2665046) AND (k <= 2665146))

table 8 : explain SELECT k, c FROM sbtest8 WHERE k BETWEEN 2665046 AND 2665146
	Bitmap Heap Scan on sbtest8  (cost=5.60..456.70 rows=114 width=125)
	  Recheck Cond: ((k >= 2665046) AND (k <= 2665146))
	  ->  Bitmap Index Scan on k_8  (cost=0.00..5.58 rows=114 width=0)
	        Index Cond: ((k >= 2665046) AND (k <= 2665146))

explain: for range-notcovered :: explain SELECT k, c FROM sbtest%d WHERE k BETWEEN 4221738 AND 4221838
explain: for range-notcovered :: explain SELECT k, c FROM sbtest%d WHERE k BETWEEN 5513675 AND 5513775
explain: for range-notcovered :: explain SELECT k, c FROM sbtest%d WHERE k BETWEEN 2665046 AND 2665146
for range-notcovered
table 1 : explain SELECT k, c FROM sbtest1 WHERE k BETWEEN 3967413 AND 3967513
	Bitmap Heap Scan on sbtest1  (cost=5.48..409.32 rows=102 width=125)
	  Recheck Cond: ((k >= 3967413) AND (k <= 3967513))
	  ->  Bitmap Index Scan on k_1  (cost=0.00..5.45 rows=102 width=0)
	        Index Cond: ((k >= 3967413) AND (k <= 3967513))

table 2 : explain SELECT k, c FROM sbtest2 WHERE k BETWEEN 3967413 AND 3967513
	Bitmap Heap Scan on sbtest2  (cost=5.46..401.47 rows=100 width=125)
	  Recheck Cond: ((k >= 3967413) AND (k <= 3967513))
	  ->  Bitmap Index Scan on k_2  (cost=0.00..5.43 rows=100 width=0)
	        Index Cond: ((k >= 3967413) AND (k <= 3967513))

table 3 : explain SELECT k, c FROM sbtest3 WHERE k BETWEEN 3967413 AND 3967513
	Bitmap Heap Scan on sbtest3  (cost=5.42..385.70 rows=96 width=125)
	  Recheck Cond: ((k >= 3967413) AND (k <= 3967513))
	  ->  Bitmap Index Scan on k_3  (cost=0.00..5.39 rows=96 width=0)
	        Index Cond: ((k >= 3967413) AND (k <= 3967513))

table 4 : explain SELECT k, c FROM sbtest4 WHERE k BETWEEN 3967413 AND 3967513
	Bitmap Heap Scan on sbtest4  (cost=5.57..444.85 rows=111 width=125)
	  Recheck Cond: ((k >= 3967413) AND (k <= 3967513))
	  ->  Bitmap Index Scan on k_4  (cost=0.00..5.54 rows=111 width=0)
	        Index Cond: ((k >= 3967413) AND (k <= 3967513))

table 5 : explain SELECT k, c FROM sbtest5 WHERE k BETWEEN 3967413 AND 3967513
	Bitmap Heap Scan on sbtest5  (cost=5.39..373.89 rows=93 width=125)
	  Recheck Cond: ((k >= 3967413) AND (k <= 3967513))
	  ->  Bitmap Index Scan on k_5  (cost=0.00..5.36 rows=93 width=0)
	        Index Cond: ((k >= 3967413) AND (k <= 3967513))

table 6 : explain SELECT k, c FROM sbtest6 WHERE k BETWEEN 3967413 AND 3967513
	Bitmap Heap Scan on sbtest6  (cost=5.45..397.58 rows=99 width=125)
	  Recheck Cond: ((k >= 3967413) AND (k <= 3967513))
	  ->  Bitmap Index Scan on k_6  (cost=0.00..5.42 rows=99 width=0)
	        Index Cond: ((k >= 3967413) AND (k <= 3967513))

table 7 : explain SELECT k, c FROM sbtest7 WHERE k BETWEEN 3967413 AND 3967513
	Bitmap Heap Scan on sbtest7  (cost=5.45..397.58 rows=99 width=125)
	  Recheck Cond: ((k >= 3967413) AND (k <= 3967513))
	  ->  Bitmap Index Scan on k_7  (cost=0.00..5.42 rows=99 width=0)
	        Index Cond: ((k >= 3967413) AND (k <= 3967513))

table 8 : explain SELECT k, c FROM sbtest8 WHERE k BETWEEN 3967413 AND 3967513
	Bitmap Heap Scan on sbtest8  (cost=5.42..385.74 rows=96 width=125)
	  Recheck Cond: ((k >= 3967413) AND (k <= 3967513))
	  ->  Bitmap Index Scan on k_8  (cost=0.00..5.39 rows=96 width=0)
	        Index Cond: ((k >= 3967413) AND (k <= 3967513))

for range-notcovered
table 1 : explain SELECT k, c FROM sbtest1 WHERE k BETWEEN 8331790 AND 8331890
	Bitmap Heap Scan on sbtest1  (cost=5.51..421.14 rows=105 width=125)
	  Recheck Cond: ((k >= 8331790) AND (k <= 8331890))
	  ->  Bitmap Index Scan on k_1  (cost=0.00..5.48 rows=105 width=0)
	        Index Cond: ((k >= 8331790) AND (k <= 8331890))

table 2 : explain SELECT k, c FROM sbtest2 WHERE k BETWEEN 8331790 AND 8331890
	Bitmap Heap Scan on sbtest2  (cost=5.54..433.00 rows=108 width=125)
	  Recheck Cond: ((k >= 8331790) AND (k <= 8331890))
	  ->  Bitmap Index Scan on k_2  (cost=0.00..5.51 rows=108 width=0)
	        Index Cond: ((k >= 8331790) AND (k <= 8331890))

table 3 : explain SELECT k, c FROM sbtest3 WHERE k BETWEEN 8331790 AND 8331890
	Bitmap Heap Scan on sbtest3  (cost=5.44..393.58 rows=98 width=125)
	  Recheck Cond: ((k >= 8331790) AND (k <= 8331890))
	  ->  Bitmap Index Scan on k_3  (cost=0.00..5.42 rows=98 width=0)
	        Index Cond: ((k >= 8331790) AND (k <= 8331890))

table 4 : explain SELECT k, c FROM sbtest4 WHERE k BETWEEN 8331790 AND 8331890
	Bitmap Heap Scan on sbtest4  (cost=5.44..393.61 rows=98 width=125)
	  Recheck Cond: ((k >= 8331790) AND (k <= 8331890))
	  ->  Bitmap Index Scan on k_4  (cost=0.00..5.42 rows=98 width=0)
	        Index Cond: ((k >= 8331790) AND (k <= 8331890))

table 5 : explain SELECT k, c FROM sbtest5 WHERE k BETWEEN 8331790 AND 8331890
	Bitmap Heap Scan on sbtest5  (cost=5.46..401.50 rows=100 width=125)
	  Recheck Cond: ((k >= 8331790) AND (k <= 8331890))
	  ->  Bitmap Index Scan on k_5  (cost=0.00..5.43 rows=100 width=0)
	        Index Cond: ((k >= 8331790) AND (k <= 8331890))

table 6 : explain SELECT k, c FROM sbtest6 WHERE k BETWEEN 8331790 AND 8331890
	Bitmap Heap Scan on sbtest6  (cost=5.50..417.29 rows=104 width=125)
	  Recheck Cond: ((k >= 8331790) AND (k <= 8331890))
	  ->  Bitmap Index Scan on k_6  (cost=0.00..5.47 rows=104 width=0)
	        Index Cond: ((k >= 8331790) AND (k <= 8331890))

table 7 : explain SELECT k, c FROM sbtest7 WHERE k BETWEEN 8331790 AND 8331890
	Bitmap Heap Scan on sbtest7  (cost=5.53..429.12 rows=107 width=125)
	  Recheck Cond: ((k >= 8331790) AND (k <= 8331890))
	  ->  Bitmap Index Scan on k_7  (cost=0.00..5.50 rows=107 width=0)
	        Index Cond: ((k >= 8331790) AND (k <= 8331890))

table 8 : explain SELECT k, c FROM sbtest8 WHERE k BETWEEN 8331790 AND 8331890
	Bitmap Heap Scan on sbtest8  (cost=5.58..448.82 rows=112 width=125)
	  Recheck Cond: ((k >= 8331790) AND (k <= 8331890))
	  ->  Bitmap Index Scan on k_8  (cost=0.00..5.55 rows=112 width=0)
	        Index Cond: ((k >= 8331790) AND (k <= 8331890))

for range-notcovered
table 1 : explain SELECT k, c FROM sbtest1 WHERE k BETWEEN 2786643 AND 2786743
	Bitmap Heap Scan on sbtest1  (cost=5.50..417.20 rows=104 width=125)
	  Recheck Cond: ((k >= 2786643) AND (k <= 2786743))
	  ->  Bitmap Index Scan on k_1  (cost=0.00..5.47 rows=104 width=0)
	        Index Cond: ((k >= 2786643) AND (k <= 2786743))

table 2 : explain SELECT k, c FROM sbtest2 WHERE k BETWEEN 2786643 AND 2786743
	Bitmap Heap Scan on sbtest2  (cost=5.47..405.41 rows=101 width=125)
	  Recheck Cond: ((k >= 2786643) AND (k <= 2786743))
	  ->  Bitmap Index Scan on k_2  (cost=0.00..5.44 rows=101 width=0)
	        Index Cond: ((k >= 2786643) AND (k <= 2786743))

table 3 : explain SELECT k, c FROM sbtest3 WHERE k BETWEEN 2786643 AND 2786743
	Bitmap Heap Scan on sbtest3  (cost=5.48..409.36 rows=102 width=125)
	  Recheck Cond: ((k >= 2786643) AND (k <= 2786743))
	  ->  Bitmap Index Scan on k_3  (cost=0.00..5.45 rows=102 width=0)
	        Index Cond: ((k >= 2786643) AND (k <= 2786743))

table 4 : explain SELECT k, c FROM sbtest4 WHERE k BETWEEN 2786643 AND 2786743
	Bitmap Heap Scan on sbtest4  (cost=5.48..409.38 rows=102 width=125)
	  Recheck Cond: ((k >= 2786643) AND (k <= 2786743))
	  ->  Bitmap Index Scan on k_4  (cost=0.00..5.45 rows=102 width=0)
	        Index Cond: ((k >= 2786643) AND (k <= 2786743))

table 5 : explain SELECT k, c FROM sbtest5 WHERE k BETWEEN 2786643 AND 2786743
	Bitmap Heap Scan on sbtest5  (cost=5.46..401.50 rows=100 width=125)
	  Recheck Cond: ((k >= 2786643) AND (k <= 2786743))
	  ->  Bitmap Index Scan on k_5  (cost=0.00..5.43 rows=100 width=0)
	        Index Cond: ((k >= 2786643) AND (k <= 2786743))

table 6 : explain SELECT k, c FROM sbtest6 WHERE k BETWEEN 2786643 AND 2786743
	Bitmap Heap Scan on sbtest6  (cost=5.36..362.07 rows=90 width=125)
	  Recheck Cond: ((k >= 2786643) AND (k <= 2786743))
	  ->  Bitmap Index Scan on k_6  (cost=0.00..5.33 rows=90 width=0)
	        Index Cond: ((k >= 2786643) AND (k <= 2786743))

table 7 : explain SELECT k, c FROM sbtest7 WHERE k BETWEEN 2786643 AND 2786743
	Bitmap Heap Scan on sbtest7  (cost=5.41..381.80 rows=95 width=125)
	  Recheck Cond: ((k >= 2786643) AND (k <= 2786743))
	  ->  Bitmap Index Scan on k_7  (cost=0.00..5.38 rows=95 width=0)
	        Index Cond: ((k >= 2786643) AND (k <= 2786743))

table 8 : explain SELECT k, c FROM sbtest8 WHERE k BETWEEN 2786643 AND 2786743
	Bitmap Heap Scan on sbtest8  (cost=5.46..401.52 rows=100 width=125)
	  Recheck Cond: ((k >= 2786643) AND (k <= 2786743))
	  ->  Bitmap Index Scan on k_8  (cost=0.00..5.43 rows=100 width=0)
	        Index Cond: ((k >= 2786643) AND (k <= 2786743))

for range-notcovered
table 1 : explain SELECT k, c FROM sbtest1 WHERE k BETWEEN 3237041 AND 3237141
	Bitmap Heap Scan on sbtest1  (cost=5.55..436.90 rows=109 width=125)
	  Recheck Cond: ((k >= 3237041) AND (k <= 3237141))
	  ->  Bitmap Index Scan on k_1  (cost=0.00..5.52 rows=109 width=0)
	        Index Cond: ((k >= 3237041) AND (k <= 3237141))

table 2 : explain SELECT k, c FROM sbtest2 WHERE k BETWEEN 3237041 AND 3237141
	Bitmap Heap Scan on sbtest2  (cost=5.42..385.69 rows=96 width=125)
	  Recheck Cond: ((k >= 3237041) AND (k <= 3237141))
	  ->  Bitmap Index Scan on k_2  (cost=0.00..5.39 rows=96 width=0)
	        Index Cond: ((k >= 3237041) AND (k <= 3237141))

table 3 : explain SELECT k, c FROM sbtest3 WHERE k BETWEEN 3237041 AND 3237141
	Bitmap Heap Scan on sbtest3  (cost=5.48..409.36 rows=102 width=125)
	  Recheck Cond: ((k >= 3237041) AND (k <= 3237141))
	  ->  Bitmap Index Scan on k_3  (cost=0.00..5.45 rows=102 width=0)
	        Index Cond: ((k >= 3237041) AND (k <= 3237141))

table 4 : explain SELECT k, c FROM sbtest4 WHERE k BETWEEN 3237041 AND 3237141
	Bitmap Heap Scan on sbtest4  (cost=5.39..373.88 rows=93 width=125)
	  Recheck Cond: ((k >= 3237041) AND (k <= 3237141))
	  ->  Bitmap Index Scan on k_4  (cost=0.00..5.36 rows=93 width=0)
	        Index Cond: ((k >= 3237041) AND (k <= 3237141))

table 5 : explain SELECT k, c FROM sbtest5 WHERE k BETWEEN 3237041 AND 3237141
	Bitmap Heap Scan on sbtest5  (cost=5.51..421.21 rows=105 width=125)
	  Recheck Cond: ((k >= 3237041) AND (k <= 3237141))
	  ->  Bitmap Index Scan on k_5  (cost=0.00..5.48 rows=105 width=0)
	        Index Cond: ((k >= 3237041) AND (k <= 3237141))

table 6 : explain SELECT k, c FROM sbtest6 WHERE k BETWEEN 3237041 AND 3237141
	Bitmap Heap Scan on sbtest6  (cost=5.51..421.24 rows=105 width=125)
	  Recheck Cond: ((k >= 3237041) AND (k <= 3237141))
	  ->  Bitmap Index Scan on k_6  (cost=0.00..5.48 rows=105 width=0)
	        Index Cond: ((k >= 3237041) AND (k <= 3237141))

table 7 : explain SELECT k, c FROM sbtest7 WHERE k BETWEEN 3237041 AND 3237141
	Bitmap Heap Scan on sbtest7  (cost=5.48..409.41 rows=102 width=125)
	  Recheck Cond: ((k >= 3237041) AND (k <= 3237141))
	  ->  Bitmap Index Scan on k_7  (cost=0.00..5.45 rows=102 width=0)
	        Index Cond: ((k >= 3237041) AND (k <= 3237141))

table 8 : explain SELECT k, c FROM sbtest8 WHERE k BETWEEN 3237041 AND 3237141
	Bitmap Heap Scan on sbtest8  (cost=5.48..409.41 rows=102 width=125)
	  Recheck Cond: ((k >= 3237041) AND (k <= 3237141))
	  ->  Bitmap Index Scan on k_8  (cost=0.00..5.45 rows=102 width=0)
	        Index Cond: ((k >= 3237041) AND (k <= 3237141))

explain: for range-notcovered :: explain SELECT k, c FROM sbtest%d WHERE k BETWEEN 2326923 AND 2327023explain: for range-notcovered :: explain SELECT k, c FROM sbtest%d WHERE k BETWEEN 3967413 AND 3967513

explain: for range-notcovered :: explain SELECT k, c FROM sbtest%d WHERE k BETWEEN 8331790 AND 8331890
explain: for range-notcovered :: explain SELECT k, c FROM sbtest%d WHERE k BETWEEN 5198029 AND 5198129
explain: for range-notcovered :: explain SELECT k, c FROM sbtest%d WHERE k BETWEEN 2786643 AND 2786743
explain: for range-notcovered :: explain SELECT k, c FROM sbtest%d WHERE k BETWEEN 3237041 AND 3237141
for range-notcovered
table 1 : explain SELECT k, c FROM sbtest1 WHERE k BETWEEN 7843619 AND 7843719
	Bitmap Heap Scan on sbtest1  (cost=5.45..397.49 rows=99 width=125)
	  Recheck Cond: ((k >= 7843619) AND (k <= 7843719))
	  ->  Bitmap Index Scan on k_1  (cost=0.00..5.42 rows=99 width=0)
	        Index Cond: ((k >= 7843619) AND (k <= 7843719))

table 2 : explain SELECT k, c FROM sbtest2 WHERE k BETWEEN 7843619 AND 7843719
	Bitmap Heap Scan on sbtest2  (cost=5.52..425.12 rows=106 width=125)
	  Recheck Cond: ((k >= 7843619) AND (k <= 7843719))
	  ->  Bitmap Index Scan on k_2  (cost=0.00..5.50 rows=106 width=0)
	        Index Cond: ((k >= 7843619) AND (k <= 7843719))

table 3 : explain SELECT k, c FROM sbtest3 WHERE k BETWEEN 7843619 AND 7843719
	Bitmap Heap Scan on sbtest3  (cost=5.48..409.36 rows=102 width=125)
	  Recheck Cond: ((k >= 7843619) AND (k <= 7843719))
	  ->  Bitmap Index Scan on k_3  (cost=0.00..5.45 rows=102 width=0)
	        Index Cond: ((k >= 7843619) AND (k <= 7843719))

table 4 : explain SELECT k, c FROM sbtest4 WHERE k BETWEEN 7843619 AND 7843719
	Bitmap Heap Scan on sbtest4  (cost=5.51..421.21 rows=105 width=125)
	  Recheck Cond: ((k >= 7843619) AND (k <= 7843719))
	  ->  Bitmap Index Scan on k_4  (cost=0.00..5.48 rows=105 width=0)
	        Index Cond: ((k >= 7843619) AND (k <= 7843719))

table 5 : explain SELECT k, c FROM sbtest5 WHERE k BETWEEN 7843619 AND 7843719
	Bitmap Heap Scan on sbtest5  (cost=5.54..433.03 rows=108 width=125)
	  Recheck Cond: ((k >= 7843619) AND (k <= 7843719))
	  ->  Bitmap Index Scan on k_5  (cost=0.00..5.51 rows=108 width=0)
	        Index Cond: ((k >= 7843619) AND (k <= 7843719))

table 6 : explain SELECT k, c FROM sbtest6 WHERE k BETWEEN 7843619 AND 7843719
	Bitmap Heap Scan on sbtest6  (cost=5.47..405.47 rows=101 width=125)
	  Recheck Cond: ((k >= 7843619) AND (k <= 7843719))
	  ->  Bitmap Index Scan on k_6  (cost=0.00..5.44 rows=101 width=0)
	        Index Cond: ((k >= 7843619) AND (k <= 7843719))

table 7 : explain SELECT k, c FROM sbtest7 WHERE k BETWEEN 7843619 AND 7843719
	Bitmap Heap Scan on sbtest7  (cost=5.35..358.12 rows=89 width=125)
	  Recheck Cond: ((k >= 7843619) AND (k <= 7843719))
	  ->  Bitmap Index Scan on k_7  (cost=0.00..5.32 rows=89 width=0)
	        Index Cond: ((k >= 7843619) AND (k <= 7843719))

table 8 : explain SELECT k, c FROM sbtest8 WHERE k BETWEEN 7843619 AND 7843719
	Bitmap Heap Scan on sbtest8  (cost=5.48..409.41 rows=102 width=125)
	  Recheck Cond: ((k >= 7843619) AND (k <= 7843719))
	  ->  Bitmap Index Scan on k_8  (cost=0.00..5.45 rows=102 width=0)
	        Index Cond: ((k >= 7843619) AND (k <= 7843719))

explain: for range-notcovered :: explain SELECT k, c FROM sbtest%d WHERE k BETWEEN 3701523 AND 3701623
explain: for range-notcovered :: explain SELECT k, c FROM sbtest%d WHERE k BETWEEN 7843619 AND 7843719
explain: for range-notcovered :: explain SELECT k, c FROM sbtest%d WHERE k BETWEEN 3569640 AND 3569740
for range-notcovered
table 1 : explain SELECT k, c FROM sbtest1 WHERE k BETWEEN 7267824 AND 7267924
	Bitmap Heap Scan on sbtest1  (cost=5.74..507.73 rows=127 width=125)
	  Recheck Cond: ((k >= 7267824) AND (k <= 7267924))
	  ->  Bitmap Index Scan on k_1  (cost=0.00..5.70 rows=127 width=0)
	        Index Cond: ((k >= 7267824) AND (k <= 7267924))

table 2 : explain SELECT k, c FROM sbtest2 WHERE k BETWEEN 7267824 AND 7267924
	Bitmap Heap Scan on sbtest2  (cost=5.51..421.18 rows=105 width=125)
	  Recheck Cond: ((k >= 7267824) AND (k <= 7267924))
	  ->  Bitmap Index Scan on k_2  (cost=0.00..5.48 rows=105 width=0)
	        Index Cond: ((k >= 7267824) AND (k <= 7267924))

table 3 : explain SELECT k, c FROM sbtest3 WHERE k BETWEEN 7267824 AND 7267924
	Bitmap Heap Scan on sbtest3  (cost=5.53..429.06 rows=107 width=125)
	  Recheck Cond: ((k >= 7267824) AND (k <= 7267924))
	  ->  Bitmap Index Scan on k_3  (cost=0.00..5.50 rows=107 width=0)
	        Index Cond: ((k >= 7267824) AND (k <= 7267924))

table 4 : explain SELECT k, c FROM sbtest4 WHERE k BETWEEN 7267824 AND 7267924
	Bitmap Heap Scan on sbtest4  (cost=5.50..417.27 rows=104 width=125)
	  Recheck Cond: ((k >= 7267824) AND (k <= 7267924))
	  ->  Bitmap Index Scan on k_4  (cost=0.00..5.47 rows=104 width=0)
	        Index Cond: ((k >= 7267824) AND (k <= 7267924))

table 5 : explain SELECT k, c FROM sbtest5 WHERE k BETWEEN 7267824 AND 7267924
	Bitmap Heap Scan on sbtest5  (cost=5.56..440.91 rows=110 width=125)
	  Recheck Cond: ((k >= 7267824) AND (k <= 7267924))
	  ->  Bitmap Index Scan on k_5  (cost=0.00..5.53 rows=110 width=0)
	        Index Cond: ((k >= 7267824) AND (k <= 7267924))

table 6 : explain SELECT k, c FROM sbtest6 WHERE k BETWEEN 7267824 AND 7267924
	Bitmap Heap Scan on sbtest6  (cost=5.49..413.35 rows=103 width=125)
	  Recheck Cond: ((k >= 7267824) AND (k <= 7267924))
	  ->  Bitmap Index Scan on k_6  (cost=0.00..5.46 rows=103 width=0)
	        Index Cond: ((k >= 7267824) AND (k <= 7267924))

table 7 : explain SELECT k, c FROM sbtest7 WHERE k BETWEEN 7267824 AND 7267924
	Bitmap Heap Scan on sbtest7  (cost=5.48..409.41 rows=102 width=125)
	  Recheck Cond: ((k >= 7267824) AND (k <= 7267924))
	  ->  Bitmap Index Scan on k_7  (cost=0.00..5.45 rows=102 width=0)
	        Index Cond: ((k >= 7267824) AND (k <= 7267924))

table 8 : explain SELECT k, c FROM sbtest8 WHERE k BETWEEN 7267824 AND 7267924
	Bitmap Heap Scan on sbtest8  (cost=5.50..417.29 rows=104 width=125)
	  Recheck Cond: ((k >= 7267824) AND (k <= 7267924))
	  ->  Bitmap Index Scan on k_8  (cost=0.00..5.47 rows=104 width=0)
	        Index Cond: ((k >= 7267824) AND (k <= 7267924))

for range-notcovered
table 1 : explain SELECT k, c FROM sbtest1 WHERE k BETWEEN 1500845 AND 1500945
	Bitmap Heap Scan on sbtest1  (cost=5.53..429.02 rows=107 width=125)
	  Recheck Cond: ((k >= 1500845) AND (k <= 1500945))
	  ->  Bitmap Index Scan on k_1  (cost=0.00..5.50 rows=107 width=0)
	        Index Cond: ((k >= 1500845) AND (k <= 1500945))

table 2 : explain SELECT k, c FROM sbtest2 WHERE k BETWEEN 1500845 AND 1500945
	Bitmap Heap Scan on sbtest2  (cost=5.52..425.12 rows=106 width=125)
	  Recheck Cond: ((k >= 1500845) AND (k <= 1500945))
	  ->  Bitmap Index Scan on k_2  (cost=0.00..5.50 rows=106 width=0)
	        Index Cond: ((k >= 1500845) AND (k <= 1500945))

table 3 : explain SELECT k, c FROM sbtest3 WHERE k BETWEEN 1500845 AND 1500945
	Bitmap Heap Scan on sbtest3  (cost=5.52..425.12 rows=106 width=125)
	  Recheck Cond: ((k >= 1500845) AND (k <= 1500945))
	  ->  Bitmap Index Scan on k_3  (cost=0.00..5.50 rows=106 width=0)
	        Index Cond: ((k >= 1500845) AND (k <= 1500945))

table 4 : explain SELECT k, c FROM sbtest4 WHERE k BETWEEN 1500845 AND 1500945
	Bitmap Heap Scan on sbtest4  (cost=5.42..385.72 rows=96 width=125)
	  Recheck Cond: ((k >= 1500845) AND (k <= 1500945))
	  ->  Bitmap Index Scan on k_4  (cost=0.00..5.39 rows=96 width=0)
	        Index Cond: ((k >= 1500845) AND (k <= 1500945))

table 5 : explain SELECT k, c FROM sbtest5 WHERE k BETWEEN 1500845 AND 1500945
	Bitmap Heap Scan on sbtest5  (cost=5.58..448.79 rows=112 width=125)
	  Recheck Cond: ((k >= 1500845) AND (k <= 1500945))
	  ->  Bitmap Index Scan on k_5  (cost=0.00..5.55 rows=112 width=0)
	        Index Cond: ((k >= 1500845) AND (k <= 1500945))

table 6 : explain SELECT k, c FROM sbtest6 WHERE k BETWEEN 1500845 AND 1500945
	Bitmap Heap Scan on sbtest6  (cost=5.54..433.06 rows=108 width=125)
	  Recheck Cond: ((k >= 1500845) AND (k <= 1500945))
	  ->  Bitmap Index Scan on k_6  (cost=0.00..5.51 rows=108 width=0)
	        Index Cond: ((k >= 1500845) AND (k <= 1500945))

table 7 : explain SELECT k, c FROM sbtest7 WHERE k BETWEEN 1500845 AND 1500945
	Bitmap Heap Scan on sbtest7  (cost=5.59..452.76 rows=113 width=125)
	  Recheck Cond: ((k >= 1500845) AND (k <= 1500945))
	  ->  Bitmap Index Scan on k_7  (cost=0.00..5.56 rows=113 width=0)
	        Index Cond: ((k >= 1500845) AND (k <= 1500945))

table 8 : explain SELECT k, c FROM sbtest8 WHERE k BETWEEN 1500845 AND 1500945
	Bitmap Heap Scan on sbtest8  (cost=5.48..409.41 rows=102 width=125)
	  Recheck Cond: ((k >= 1500845) AND (k <= 1500945))
	  ->  Bitmap Index Scan on k_8  (cost=0.00..5.45 rows=102 width=0)
	        Index Cond: ((k >= 1500845) AND (k <= 1500945))

for range-notcovered
table 1 : explain SELECT k, c FROM sbtest1 WHERE k BETWEEN 4172560 AND 4172660
	Bitmap Heap Scan on sbtest1  (cost=5.46..401.43 rows=100 width=125)
	  Recheck Cond: ((k >= 4172560) AND (k <= 4172660))
	  ->  Bitmap Index Scan on k_1  (cost=0.00..5.43 rows=100 width=0)
	        Index Cond: ((k >= 4172560) AND (k <= 4172660))

table 2 : explain SELECT k, c FROM sbtest2 WHERE k BETWEEN 4172560 AND 4172660
	Bitmap Heap Scan on sbtest2  (cost=5.48..409.35 rows=102 width=125)
	  Recheck Cond: ((k >= 4172560) AND (k <= 4172660))
	  ->  Bitmap Index Scan on k_2  (cost=0.00..5.45 rows=102 width=0)
	        Index Cond: ((k >= 4172560) AND (k <= 4172660))

table 3 : explain SELECT k, c FROM sbtest3 WHERE k BETWEEN 4172560 AND 4172660
	Bitmap Heap Scan on sbtest3  (cost=5.53..429.06 rows=107 width=125)
	  Recheck Cond: ((k >= 4172560) AND (k <= 4172660))
	  ->  Bitmap Index Scan on k_3  (cost=0.00..5.50 rows=107 width=0)
	        Index Cond: ((k >= 4172560) AND (k <= 4172660))

table 4 : explain SELECT k, c FROM sbtest4 WHERE k BETWEEN 4172560 AND 4172660
	Bitmap Heap Scan on sbtest4  (cost=5.48..409.38 rows=102 width=125)
	  Recheck Cond: ((k >= 4172560) AND (k <= 4172660))
	  ->  Bitmap Index Scan on k_4  (cost=0.00..5.45 rows=102 width=0)
	        Index Cond: ((k >= 4172560) AND (k <= 4172660))

table 5 : explain SELECT k, c FROM sbtest5 WHERE k BETWEEN 4172560 AND 4172660
	Bitmap Heap Scan on sbtest5  (cost=5.42..385.72 rows=96 width=125)
	  Recheck Cond: ((k >= 4172560) AND (k <= 4172660))
	  ->  Bitmap Index Scan on k_5  (cost=0.00..5.39 rows=96 width=0)
	        Index Cond: ((k >= 4172560) AND (k <= 4172660))

table 6 : explain SELECT k, c FROM sbtest6 WHERE k BETWEEN 4172560 AND 4172660
	Bitmap Heap Scan on sbtest6  (cost=5.44..393.63 rows=98 width=125)
	  Recheck Cond: ((k >= 4172560) AND (k <= 4172660))
	  ->  Bitmap Index Scan on k_6  (cost=0.00..5.42 rows=98 width=0)
	        Index Cond: ((k >= 4172560) AND (k <= 4172660))

table 7 : explain SELECT k, c FROM sbtest7 WHERE k BETWEEN 4172560 AND 4172660
	Bitmap Heap Scan on sbtest7  (cost=5.52..425.18 rows=106 width=125)
	  Recheck Cond: ((k >= 4172560) AND (k <= 4172660))
	  ->  Bitmap Index Scan on k_7  (cost=0.00..5.50 rows=106 width=0)
	        Index Cond: ((k >= 4172560) AND (k <= 4172660))

table 8 : explain SELECT k, c FROM sbtest8 WHERE k BETWEEN 4172560 AND 4172660
	Bitmap Heap Scan on sbtest8  (cost=5.43..389.69 rows=97 width=125)
	  Recheck Cond: ((k >= 4172560) AND (k <= 4172660))
	  ->  Bitmap Index Scan on k_8  (cost=0.00..5.40 rows=97 width=0)
	        Index Cond: ((k >= 4172560) AND (k <= 4172660))

explain: for range-notcovered :: explain SELECT k, c FROM sbtest%d WHERE k BETWEEN 7267824 AND 7267924
explain: for range-notcovered :: explain SELECT k, c FROM sbtest%d WHERE k BETWEEN 1500845 AND 1500945
explain: for range-notcovered :: explain SELECT k, c FROM sbtest%d WHERE k BETWEEN 4172560 AND 4172660
explain: for range-notcovered :: explain SELECT k, c FROM sbtest%d WHERE k BETWEEN 6479038 AND 6479138
for range-notcovered
table 1 : explain SELECT k, c FROM sbtest1 WHERE k BETWEEN 2722345 AND 2722445
	Bitmap Heap Scan on sbtest1  (cost=5.55..436.90 rows=109 width=125)
	  Recheck Cond: ((k >= 2722345) AND (k <= 2722445))
	  ->  Bitmap Index Scan on k_1  (cost=0.00..5.52 rows=109 width=0)
	        Index Cond: ((k >= 2722345) AND (k <= 2722445))

table 2 : explain SELECT k, c FROM sbtest2 WHERE k BETWEEN 2722345 AND 2722445
	Bitmap Heap Scan on sbtest2  (cost=5.51..421.18 rows=105 width=125)
	  Recheck Cond: ((k >= 2722345) AND (k <= 2722445))
	  ->  Bitmap Index Scan on k_2  (cost=0.00..5.48 rows=105 width=0)
	        Index Cond: ((k >= 2722345) AND (k <= 2722445))

table 3 : explain SELECT k, c FROM sbtest3 WHERE k BETWEEN 2722345 AND 2722445
	Bitmap Heap Scan on sbtest3  (cost=5.48..409.36 rows=102 width=125)
	  Recheck Cond: ((k >= 2722345) AND (k <= 2722445))
	  ->  Bitmap Index Scan on k_3  (cost=0.00..5.45 rows=102 width=0)
	        Index Cond: ((k >= 2722345) AND (k <= 2722445))

table 4 : explain SELECT k, c FROM sbtest4 WHERE k BETWEEN 2722345 AND 2722445
	Bitmap Heap Scan on sbtest4  (cost=5.48..409.38 rows=102 width=125)
	  Recheck Cond: ((k >= 2722345) AND (k <= 2722445))
	  ->  Bitmap Index Scan on k_4  (cost=0.00..5.45 rows=102 width=0)
	        Index Cond: ((k >= 2722345) AND (k <= 2722445))

table 5 : explain SELECT k, c FROM sbtest5 WHERE k BETWEEN 2722345 AND 2722445
	Bitmap Heap Scan on sbtest5  (cost=5.52..425.15 rows=106 width=125)
	  Recheck Cond: ((k >= 2722345) AND (k <= 2722445))
	  ->  Bitmap Index Scan on k_5  (cost=0.00..5.50 rows=106 width=0)
	        Index Cond: ((k >= 2722345) AND (k <= 2722445))

table 6 : explain SELECT k, c FROM sbtest6 WHERE k BETWEEN 2722345 AND 2722445
	Bitmap Heap Scan on sbtest6  (cost=5.51..421.24 rows=105 width=125)
	  Recheck Cond: ((k >= 2722345) AND (k <= 2722445))
	  ->  Bitmap Index Scan on k_6  (cost=0.00..5.48 rows=105 width=0)
	        Index Cond: ((k >= 2722345) AND (k <= 2722445))

table 7 : explain SELECT k, c FROM sbtest7 WHERE k BETWEEN 2722345 AND 2722445
	Bitmap Heap Scan on sbtest7  (cost=5.41..381.80 rows=95 width=125)
	  Recheck Cond: ((k >= 2722345) AND (k <= 2722445))
	  ->  Bitmap Index Scan on k_7  (cost=0.00..5.38 rows=95 width=0)
	        Index Cond: ((k >= 2722345) AND (k <= 2722445))

table 8 : explain SELECT k, c FROM sbtest8 WHERE k BETWEEN 2722345 AND 2722445
	Bitmap Heap Scan on sbtest8  (cost=5.43..389.69 rows=97 width=125)
	  Recheck Cond: ((k >= 2722345) AND (k <= 2722445))
	  ->  Bitmap Index Scan on k_8  (cost=0.00..5.40 rows=97 width=0)
	        Index Cond: ((k >= 2722345) AND (k <= 2722445))

for range-notcovered
table 1 : explain SELECT k, c FROM sbtest1 WHERE k BETWEEN 2665046 AND 2665146
	Bitmap Heap Scan on sbtest1  (cost=5.55..436.90 rows=109 width=125)
	  Recheck Cond: ((k >= 2665046) AND (k <= 2665146))
	  ->  Bitmap Index Scan on k_1  (cost=0.00..5.52 rows=109 width=0)
	        Index Cond: ((k >= 2665046) AND (k <= 2665146))

table 2 : explain SELECT k, c FROM sbtest2 WHERE k BETWEEN 2665046 AND 2665146
	Bitmap Heap Scan on sbtest2  (cost=5.35..358.07 rows=89 width=125)
	  Recheck Cond: ((k >= 2665046) AND (k <= 2665146))
	  ->  Bitmap Index Scan on k_2  (cost=0.00..5.32 rows=89 width=0)
	        Index Cond: ((k >= 2665046) AND (k <= 2665146))

table 3 : explain SELECT k, c FROM sbtest3 WHERE k BETWEEN 2665046 AND 2665146
	Bitmap Heap Scan on sbtest3  (cost=5.44..393.58 rows=98 width=125)
	  Recheck Cond: ((k >= 2665046) AND (k <= 2665146))
	  ->  Bitmap Index Scan on k_3  (cost=0.00..5.42 rows=98 width=0)
	        Index Cond: ((k >= 2665046) AND (k <= 2665146))

table 4 : explain SELECT k, c FROM sbtest4 WHERE k BETWEEN 2665046 AND 2665146
	Bitmap Heap Scan on sbtest4  (cost=5.60..456.66 rows=114 width=125)
	  Recheck Cond: ((k >= 2665046) AND (k <= 2665146))
	  ->  Bitmap Index Scan on k_4  (cost=0.00..5.58 rows=114 width=0)
	        Index Cond: ((k >= 2665046) AND (k <= 2665146))

table 5 : explain SELECT k, c FROM sbtest5 WHERE k BETWEEN 2665046 AND 2665146
	Bitmap Heap Scan on sbtest5  (cost=5.52..425.15 rows=106 width=125)
	  Recheck Cond: ((k >= 2665046) AND (k <= 2665146))
	  ->  Bitmap Index Scan on k_5  (cost=0.00..5.50 rows=106 width=0)
	        Index Cond: ((k >= 2665046) AND (k <= 2665146))

table 6 : explain SELECT k, c FROM sbtest6 WHERE k BETWEEN 2665046 AND 2665146
	Bitmap Heap Scan on sbtest6  (cost=5.51..421.24 rows=105 width=125)
	  Recheck Cond: ((k >= 2665046) AND (k <= 2665146))
	  ->  Bitmap Index Scan on k_6  (cost=0.00..5.48 rows=105 width=0)
	        Index Cond: ((k >= 2665046) AND (k <= 2665146))

table 7 : explain SELECT k, c FROM sbtest7 WHERE k BETWEEN 2665046 AND 2665146
	Bitmap Heap Scan on sbtest7  (cost=5.49..413.35 rows=103 width=125)
	  Recheck Cond: ((k >= 2665046) AND (k <= 2665146))
	  ->  Bitmap Index Scan on k_7  (cost=0.00..5.46 rows=103 width=0)
	        Index Cond: ((k >= 2665046) AND (k <= 2665146))

table 8 : explain SELECT k, c FROM sbtest8 WHERE k BETWEEN 2665046 AND 2665146
	Bitmap Heap Scan on sbtest8  (cost=5.60..456.70 rows=114 width=125)
	  Recheck Cond: ((k >= 2665046) AND (k <= 2665146))
	  ->  Bitmap Index Scan on k_8  (cost=0.00..5.58 rows=114 width=0)
	        Index Cond: ((k >= 2665046) AND (k <= 2665146))

for range-notcovered
table 1 : explain SELECT k, c FROM sbtest1 WHERE k BETWEEN 4221738 AND 4221838
	Bitmap Heap Scan on sbtest1  (cost=5.46..401.43 rows=100 width=125)
	  Recheck Cond: ((k >= 4221738) AND (k <= 4221838))
	  ->  Bitmap Index Scan on k_1  (cost=0.00..5.43 rows=100 width=0)
	        Index Cond: ((k >= 4221738) AND (k <= 4221838))

table 2 : explain SELECT k, c FROM sbtest2 WHERE k BETWEEN 4221738 AND 4221838
	Bitmap Heap Scan on sbtest2  (cost=5.48..409.35 rows=102 width=125)
	  Recheck Cond: ((k >= 4221738) AND (k <= 4221838))
	  ->  Bitmap Index Scan on k_2  (cost=0.00..5.45 rows=102 width=0)
	        Index Cond: ((k >= 4221738) AND (k <= 4221838))

table 3 : explain SELECT k, c FROM sbtest3 WHERE k BETWEEN 4221738 AND 4221838
	Bitmap Heap Scan on sbtest3  (cost=5.40..377.81 rows=94 width=125)
	  Recheck Cond: ((k >= 4221738) AND (k <= 4221838))
	  ->  Bitmap Index Scan on k_3  (cost=0.00..5.38 rows=94 width=0)
	        Index Cond: ((k >= 4221738) AND (k <= 4221838))

table 4 : explain SELECT k, c FROM sbtest4 WHERE k BETWEEN 4221738 AND 4221838
	Bitmap Heap Scan on sbtest4  (cost=5.48..409.38 rows=102 width=125)
	  Recheck Cond: ((k >= 4221738) AND (k <= 4221838))
	  ->  Bitmap Index Scan on k_4  (cost=0.00..5.45 rows=102 width=0)
	        Index Cond: ((k >= 4221738) AND (k <= 4221838))

table 5 : explain SELECT k, c FROM sbtest5 WHERE k BETWEEN 4221738 AND 4221838
	Bitmap Heap Scan on sbtest5  (cost=5.42..385.72 rows=96 width=125)
	  Recheck Cond: ((k >= 4221738) AND (k <= 4221838))
	  ->  Bitmap Index Scan on k_5  (cost=0.00..5.39 rows=96 width=0)
	        Index Cond: ((k >= 4221738) AND (k <= 4221838))

table 6 : explain SELECT k, c FROM sbtest6 WHERE k BETWEEN 4221738 AND 4221838
	Bitmap Heap Scan on sbtest6  (cost=5.50..417.29 rows=104 width=125)
	  Recheck Cond: ((k >= 4221738) AND (k <= 4221838))
	  ->  Bitmap Index Scan on k_6  (cost=0.00..5.47 rows=104 width=0)
	        Index Cond: ((k >= 4221738) AND (k <= 4221838))

table 7 : explain SELECT k, c FROM sbtest7 WHERE k BETWEEN 4221738 AND 4221838
	Bitmap Heap Scan on sbtest7  (cost=5.46..401.52 rows=100 width=125)
	  Recheck Cond: ((k >= 4221738) AND (k <= 4221838))
	  ->  Bitmap Index Scan on k_7  (cost=0.00..5.43 rows=100 width=0)
	        Index Cond: ((k >= 4221738) AND (k <= 4221838))

table 8 : explain SELECT k, c FROM sbtest8 WHERE k BETWEEN 4221738 AND 4221838
	Bitmap Heap Scan on sbtest8  (cost=5.57..444.88 rows=111 width=125)
	  Recheck Cond: ((k >= 4221738) AND (k <= 4221838))
	  ->  Bitmap Index Scan on k_8  (cost=0.00..5.54 rows=111 width=0)
	        Index Cond: ((k >= 4221738) AND (k <= 4221838))

explain: for range-notcovered :: explain SELECT k, c FROM sbtest%d WHERE k BETWEEN 2722345 AND 2722445
explain: for range-notcovered :: explain SELECT k, c FROM sbtest%d WHERE k BETWEEN 2665046 AND 2665146
explain: for range-notcovered :: explain SELECT k, c FROM sbtest%d WHERE k BETWEEN 4221738 AND 4221838
for range-notcovered
table 1 : explain SELECT k, c FROM sbtest1 WHERE k BETWEEN 8331790 AND 8331890
	Bitmap Heap Scan on sbtest1  (cost=5.51..421.14 rows=105 width=125)
	  Recheck Cond: ((k >= 8331790) AND (k <= 8331890))
	  ->  Bitmap Index Scan on k_1  (cost=0.00..5.48 rows=105 width=0)
	        Index Cond: ((k >= 8331790) AND (k <= 8331890))

table 2 : explain SELECT k, c FROM sbtest2 WHERE k BETWEEN 8331790 AND 8331890
	Bitmap Heap Scan on sbtest2  (cost=5.54..433.00 rows=108 width=125)
	  Recheck Cond: ((k >= 8331790) AND (k <= 8331890))
	  ->  Bitmap Index Scan on k_2  (cost=0.00..5.51 rows=108 width=0)
	        Index Cond: ((k >= 8331790) AND (k <= 8331890))

table 3 : explain SELECT k, c FROM sbtest3 WHERE k BETWEEN 8331790 AND 8331890
	Bitmap Heap Scan on sbtest3  (cost=5.44..393.58 rows=98 width=125)
	  Recheck Cond: ((k >= 8331790) AND (k <= 8331890))
	  ->  Bitmap Index Scan on k_3  (cost=0.00..5.42 rows=98 width=0)
	        Index Cond: ((k >= 8331790) AND (k <= 8331890))

table 4 : explain SELECT k, c FROM sbtest4 WHERE k BETWEEN 8331790 AND 8331890
	Bitmap Heap Scan on sbtest4  (cost=5.44..393.61 rows=98 width=125)
	  Recheck Cond: ((k >= 8331790) AND (k <= 8331890))
	  ->  Bitmap Index Scan on k_4  (cost=0.00..5.42 rows=98 width=0)
	        Index Cond: ((k >= 8331790) AND (k <= 8331890))

table 5 : explain SELECT k, c FROM sbtest5 WHERE k BETWEEN 8331790 AND 8331890
	Bitmap Heap Scan on sbtest5  (cost=5.46..401.50 rows=100 width=125)
	  Recheck Cond: ((k >= 8331790) AND (k <= 8331890))
	  ->  Bitmap Index Scan on k_5  (cost=0.00..5.43 rows=100 width=0)
	        Index Cond: ((k >= 8331790) AND (k <= 8331890))

table 6 : explain SELECT k, c FROM sbtest6 WHERE k BETWEEN 8331790 AND 8331890
	Bitmap Heap Scan on sbtest6  (cost=5.50..417.29 rows=104 width=125)
	  Recheck Cond: ((k >= 8331790) AND (k <= 8331890))
	  ->  Bitmap Index Scan on k_6  (cost=0.00..5.47 rows=104 width=0)
	        Index Cond: ((k >= 8331790) AND (k <= 8331890))

table 7 : explain SELECT k, c FROM sbtest7 WHERE k BETWEEN 8331790 AND 8331890
	Bitmap Heap Scan on sbtest7  (cost=5.53..429.12 rows=107 width=125)
	  Recheck Cond: ((k >= 8331790) AND (k <= 8331890))
	  ->  Bitmap Index Scan on k_7  (cost=0.00..5.50 rows=107 width=0)
	        Index Cond: ((k >= 8331790) AND (k <= 8331890))

table 8 : explain SELECT k, c FROM sbtest8 WHERE k BETWEEN 8331790 AND 8331890
	Bitmap Heap Scan on sbtest8  (cost=5.58..448.82 rows=112 width=125)
	  Recheck Cond: ((k >= 8331790) AND (k <= 8331890))
	  ->  Bitmap Index Scan on k_8  (cost=0.00..5.55 rows=112 width=0)
	        Index Cond: ((k >= 8331790) AND (k <= 8331890))

for range-notcovered
table 1 : explain SELECT k, c FROM sbtest1 WHERE k BETWEEN 1917812 AND 1917912
	Bitmap Heap Scan on sbtest1  (cost=5.51..421.14 rows=105 width=125)
	  Recheck Cond: ((k >= 1917812) AND (k <= 1917912))
	  ->  Bitmap Index Scan on k_1  (cost=0.00..5.48 rows=105 width=0)
	        Index Cond: ((k >= 1917812) AND (k <= 1917912))

table 2 : explain SELECT k, c FROM sbtest2 WHERE k BETWEEN 1917812 AND 1917912
	Bitmap Heap Scan on sbtest2  (cost=5.41..381.75 rows=95 width=125)
	  Recheck Cond: ((k >= 1917812) AND (k <= 1917912))
	  ->  Bitmap Index Scan on k_2  (cost=0.00..5.38 rows=95 width=0)
	        Index Cond: ((k >= 1917812) AND (k <= 1917912))

table 3 : explain SELECT k, c FROM sbtest3 WHERE k BETWEEN 1917812 AND 1917912
	Bitmap Heap Scan on sbtest3  (cost=5.42..385.70 rows=96 width=125)
	  Recheck Cond: ((k >= 1917812) AND (k <= 1917912))
	  ->  Bitmap Index Scan on k_3  (cost=0.00..5.39 rows=96 width=0)
	        Index Cond: ((k >= 1917812) AND (k <= 1917912))

table 4 : explain SELECT k, c FROM sbtest4 WHERE k BETWEEN 1917812 AND 1917912
	Bitmap Heap Scan on sbtest4  (cost=5.49..413.32 rows=103 width=125)
	  Recheck Cond: ((k >= 1917812) AND (k <= 1917912))
	  ->  Bitmap Index Scan on k_4  (cost=0.00..5.46 rows=103 width=0)
	        Index Cond: ((k >= 1917812) AND (k <= 1917912))

table 5 : explain SELECT k, c FROM sbtest5 WHERE k BETWEEN 1917812 AND 1917912
	Bitmap Heap Scan on sbtest5  (cost=5.44..393.61 rows=98 width=125)
	  Recheck Cond: ((k >= 1917812) AND (k <= 1917912))
	  ->  Bitmap Index Scan on k_5  (cost=0.00..5.42 rows=98 width=0)
	        Index Cond: ((k >= 1917812) AND (k <= 1917912))

table 6 : explain SELECT k, c FROM sbtest6 WHERE k BETWEEN 1917812 AND 1917912
	Bitmap Heap Scan on sbtest6  (cost=5.49..413.35 rows=103 width=125)
	  Recheck Cond: ((k >= 1917812) AND (k <= 1917912))
	  ->  Bitmap Index Scan on k_6  (cost=0.00..5.46 rows=103 width=0)
	        Index Cond: ((k >= 1917812) AND (k <= 1917912))

table 7 : explain SELECT k, c FROM sbtest7 WHERE k BETWEEN 1917812 AND 1917912
	Bitmap Heap Scan on sbtest7  (cost=5.50..417.29 rows=104 width=125)
	  Recheck Cond: ((k >= 1917812) AND (k <= 1917912))
	  ->  Bitmap Index Scan on k_7  (cost=0.00..5.47 rows=104 width=0)
	        Index Cond: ((k >= 1917812) AND (k <= 1917912))

table 8 : explain SELECT k, c FROM sbtest8 WHERE k BETWEEN 1917812 AND 1917912
	Bitmap Heap Scan on sbtest8  (cost=5.60..456.70 rows=114 width=125)
	  Recheck Cond: ((k >= 1917812) AND (k <= 1917912))
	  ->  Bitmap Index Scan on k_8  (cost=0.00..5.58 rows=114 width=0)
	        Index Cond: ((k >= 1917812) AND (k <= 1917912))

for range-notcovered
table 1 : explain SELECT k, c FROM sbtest1 WHERE k BETWEEN 3237041 AND 3237141
	Bitmap Heap Scan on sbtest1  (cost=5.55..436.90 rows=109 width=125)
	  Recheck Cond: ((k >= 3237041) AND (k <= 3237141))
	  ->  Bitmap Index Scan on k_1  (cost=0.00..5.52 rows=109 width=0)
	        Index Cond: ((k >= 3237041) AND (k <= 3237141))

table 2 : explain SELECT k, c FROM sbtest2 WHERE k BETWEEN 3237041 AND 3237141
	Bitmap Heap Scan on sbtest2  (cost=5.42..385.69 rows=96 width=125)
	  Recheck Cond: ((k >= 3237041) AND (k <= 3237141))
	  ->  Bitmap Index Scan on k_2  (cost=0.00..5.39 rows=96 width=0)
	        Index Cond: ((k >= 3237041) AND (k <= 3237141))

table 3 : explain SELECT k, c FROM sbtest3 WHERE k BETWEEN 3237041 AND 3237141
	Bitmap Heap Scan on sbtest3  (cost=5.48..409.36 rows=102 width=125)
	  Recheck Cond: ((k >= 3237041) AND (k <= 3237141))
	  ->  Bitmap Index Scan on k_3  (cost=0.00..5.45 rows=102 width=0)
	        Index Cond: ((k >= 3237041) AND (k <= 3237141))

table 4 : explain SELECT k, c FROM sbtest4 WHERE k BETWEEN 3237041 AND 3237141
	Bitmap Heap Scan on sbtest4  (cost=5.39..373.88 rows=93 width=125)
	  Recheck Cond: ((k >= 3237041) AND (k <= 3237141))
	  ->  Bitmap Index Scan on k_4  (cost=0.00..5.36 rows=93 width=0)
	        Index Cond: ((k >= 3237041) AND (k <= 3237141))

table 5 : explain SELECT k, c FROM sbtest5 WHERE k BETWEEN 3237041 AND 3237141
	Bitmap Heap Scan on sbtest5  (cost=5.51..421.21 rows=105 width=125)
	  Recheck Cond: ((k >= 3237041) AND (k <= 3237141))
	  ->  Bitmap Index Scan on k_5  (cost=0.00..5.48 rows=105 width=0)
	        Index Cond: ((k >= 3237041) AND (k <= 3237141))

table 6 : explain SELECT k, c FROM sbtest6 WHERE k BETWEEN 3237041 AND 3237141
	Bitmap Heap Scan on sbtest6  (cost=5.51..421.24 rows=105 width=125)
	  Recheck Cond: ((k >= 3237041) AND (k <= 3237141))
	  ->  Bitmap Index Scan on k_6  (cost=0.00..5.48 rows=105 width=0)
	        Index Cond: ((k >= 3237041) AND (k <= 3237141))

table 7 : explain SELECT k, c FROM sbtest7 WHERE k BETWEEN 3237041 AND 3237141
	Bitmap Heap Scan on sbtest7  (cost=5.48..409.41 rows=102 width=125)
	  Recheck Cond: ((k >= 3237041) AND (k <= 3237141))
	  ->  Bitmap Index Scan on k_7  (cost=0.00..5.45 rows=102 width=0)
	        Index Cond: ((k >= 3237041) AND (k <= 3237141))

table 8 : explain SELECT k, c FROM sbtest8 WHERE k BETWEEN 3237041 AND 3237141
	Bitmap Heap Scan on sbtest8  (cost=5.48..409.41 rows=102 width=125)
	  Recheck Cond: ((k >= 3237041) AND (k <= 3237141))
	  ->  Bitmap Index Scan on k_8  (cost=0.00..5.45 rows=102 width=0)
	        Index Cond: ((k >= 3237041) AND (k <= 3237141))

for range-notcovered
table 1 : explain SELECT k, c FROM sbtest1 WHERE k BETWEEN 3967413 AND 3967513
	Bitmap Heap Scan on sbtest1  (cost=5.48..409.32 rows=102 width=125)
	  Recheck Cond: ((k >= 3967413) AND (k <= 3967513))
	  ->  Bitmap Index Scan on k_1  (cost=0.00..5.45 rows=102 width=0)
	        Index Cond: ((k >= 3967413) AND (k <= 3967513))

table 2 : explain SELECT k, c FROM sbtest2 WHERE k BETWEEN 3967413 AND 3967513
	Bitmap Heap Scan on sbtest2  (cost=5.46..401.47 rows=100 width=125)
	  Recheck Cond: ((k >= 3967413) AND (k <= 3967513))
	  ->  Bitmap Index Scan on k_2  (cost=0.00..5.43 rows=100 width=0)
	        Index Cond: ((k >= 3967413) AND (k <= 3967513))

table 3 : explain SELECT k, c FROM sbtest3 WHERE k BETWEEN 3967413 AND 3967513
	Bitmap Heap Scan on sbtest3  (cost=5.42..385.70 rows=96 width=125)
	  Recheck Cond: ((k >= 3967413) AND (k <= 3967513))
	  ->  Bitmap Index Scan on k_3  (cost=0.00..5.39 rows=96 width=0)
	        Index Cond: ((k >= 3967413) AND (k <= 3967513))

table 4 : explain SELECT k, c FROM sbtest4 WHERE k BETWEEN 3967413 AND 3967513
	Bitmap Heap Scan on sbtest4  (cost=5.57..444.85 rows=111 width=125)
	  Recheck Cond: ((k >= 3967413) AND (k <= 3967513))
	  ->  Bitmap Index Scan on k_4  (cost=0.00..5.54 rows=111 width=0)
	        Index Cond: ((k >= 3967413) AND (k <= 3967513))

table 5 : explain SELECT k, c FROM sbtest5 WHERE k BETWEEN 3967413 AND 3967513
	Bitmap Heap Scan on sbtest5  (cost=5.39..373.89 rows=93 width=125)
	  Recheck Cond: ((k >= 3967413) AND (k <= 3967513))
	  ->  Bitmap Index Scan on k_5  (cost=0.00..5.36 rows=93 width=0)
	        Index Cond: ((k >= 3967413) AND (k <= 3967513))

table 6 : explain SELECT k, c FROM sbtest6 WHERE k BETWEEN 3967413 AND 3967513
	Bitmap Heap Scan on sbtest6  (cost=5.45..397.58 rows=99 width=125)
	  Recheck Cond: ((k >= 3967413) AND (k <= 3967513))
	  ->  Bitmap Index Scan on k_6  (cost=0.00..5.42 rows=99 width=0)
	        Index Cond: ((k >= 3967413) AND (k <= 3967513))

table 7 : explain SELECT k, c FROM sbtest7 WHERE k BETWEEN 3967413 AND 3967513
	Bitmap Heap Scan on sbtest7  (cost=5.45..397.58 rows=99 width=125)
	  Recheck Cond: ((k >= 3967413) AND (k <= 3967513))
	  ->  Bitmap Index Scan on k_7  (cost=0.00..5.42 rows=99 width=0)
	        Index Cond: ((k >= 3967413) AND (k <= 3967513))

table 8 : explain SELECT k, c FROM sbtest8 WHERE k BETWEEN 3967413 AND 3967513
	Bitmap Heap Scan on sbtest8  (cost=5.42..385.74 rows=96 width=125)
	  Recheck Cond: ((k >= 3967413) AND (k <= 3967513))
	  ->  Bitmap Index Scan on k_8  (cost=0.00..5.39 rows=96 width=0)
	        Index Cond: ((k >= 3967413) AND (k <= 3967513))

for range-notcovered
table 1 : explain SELECT k, c FROM sbtest1 WHERE k BETWEEN 2786643 AND 2786743
	Bitmap Heap Scan on sbtest1  (cost=5.50..417.20 rows=104 width=125)
	  Recheck Cond: ((k >= 2786643) AND (k <= 2786743))
	  ->  Bitmap Index Scan on k_1  (cost=0.00..5.47 rows=104 width=0)
	        Index Cond: ((k >= 2786643) AND (k <= 2786743))

table 2 : explain SELECT k, c FROM sbtest2 WHERE k BETWEEN 2786643 AND 2786743
	Bitmap Heap Scan on sbtest2  (cost=5.47..405.41 rows=101 width=125)
	  Recheck Cond: ((k >= 2786643) AND (k <= 2786743))
	  ->  Bitmap Index Scan on k_2  (cost=0.00..5.44 rows=101 width=0)
	        Index Cond: ((k >= 2786643) AND (k <= 2786743))

table 3 : explain SELECT k, c FROM sbtest3 WHERE k BETWEEN 2786643 AND 2786743
	Bitmap Heap Scan on sbtest3  (cost=5.48..409.36 rows=102 width=125)
	  Recheck Cond: ((k >= 2786643) AND (k <= 2786743))
	  ->  Bitmap Index Scan on k_3  (cost=0.00..5.45 rows=102 width=0)
	        Index Cond: ((k >= 2786643) AND (k <= 2786743))

table 4 : explain SELECT k, c FROM sbtest4 WHERE k BETWEEN 2786643 AND 2786743
	Bitmap Heap Scan on sbtest4  (cost=5.48..409.38 rows=102 width=125)
	  Recheck Cond: ((k >= 2786643) AND (k <= 2786743))
	  ->  Bitmap Index Scan on k_4  (cost=0.00..5.45 rows=102 width=0)
	        Index Cond: ((k >= 2786643) AND (k <= 2786743))

table 5 : explain SELECT k, c FROM sbtest5 WHERE k BETWEEN 2786643 AND 2786743
	Bitmap Heap Scan on sbtest5  (cost=5.46..401.50 rows=100 width=125)
	  Recheck Cond: ((k >= 2786643) AND (k <= 2786743))
	  ->  Bitmap Index Scan on k_5  (cost=0.00..5.43 rows=100 width=0)
	        Index Cond: ((k >= 2786643) AND (k <= 2786743))

table 6 : explain SELECT k, c FROM sbtest6 WHERE k BETWEEN 2786643 AND 2786743
	Bitmap Heap Scan on sbtest6  (cost=5.36..362.07 rows=90 width=125)
	  Recheck Cond: ((k >= 2786643) AND (k <= 2786743))
	  ->  Bitmap Index Scan on k_6  (cost=0.00..5.33 rows=90 width=0)
	        Index Cond: ((k >= 2786643) AND (k <= 2786743))

table 7 : explain SELECT k, c FROM sbtest7 WHERE k BETWEEN 2786643 AND 2786743
	Bitmap Heap Scan on sbtest7  (cost=5.41..381.80 rows=95 width=125)
	  Recheck Cond: ((k >= 2786643) AND (k <= 2786743))
	  ->  Bitmap Index Scan on k_7  (cost=0.00..5.38 rows=95 width=0)
	        Index Cond: ((k >= 2786643) AND (k <= 2786743))

table 8 : explain SELECT k, c FROM sbtest8 WHERE k BETWEEN 2786643 AND 2786743
	Bitmap Heap Scan on sbtest8  (cost=5.46..401.52 rows=100 width=125)
	  Recheck Cond: ((k >= 2786643) AND (k <= 2786743))
	  ->  Bitmap Index Scan on k_8  (cost=0.00..5.43 rows=100 width=0)
	        Index Cond: ((k >= 2786643) AND (k <= 2786743))
explain: for range-notcovered :: explain SELECT k, c FROM sbtest%d WHERE k BETWEEN 8331790 AND 8331890for range-notcovered
table 1 : explain SELECT k, c FROM sbtest1 WHERE k BETWEEN 6393573 AND 6393673
	Bitmap Heap Scan on sbtest1  (cost=5.50..417.20 rows=104 width=125)
	  Recheck Cond: ((k >= 6393573) AND (k <= 6393673))
	  ->  Bitmap Index Scan on k_1  (cost=0.00..5.47 rows=104 width=0)
	        Index Cond: ((k >= 6393573) AND (k <= 6393673))

table 2 : explain SELECT k, c FROM sbtest2 WHERE k BETWEEN 6393573 AND 6393673
	Bitmap Heap Scan on sbtest2  (cost=5.46..401.47 rows=100 width=125)
	  Recheck Cond: ((k >= 6393573) AND (k <= 6393673))
	  ->  Bitmap Index Scan on k_2  (cost=0.00..5.43 rows=100 width=0)
	        Index Cond: ((k >= 6393573) AND (k <= 6393673))

table 3 : explain SELECT k, c FROM sbtest3 WHERE k BETWEEN 6393573 AND 6393673
	Bitmap Heap Scan on sbtest3  (cost=5.48..409.36 rows=102 width=125)
	  Recheck Cond: ((k >= 6393573) AND (k <= 6393673))
	  ->  Bitmap Index Scan on k_3  (cost=0.00..5.45 rows=102 width=0)
	        Index Cond: ((k >= 6393573) AND (k <= 6393673))

table 4 : explain SELECT k, c FROM sbtest4 WHERE k BETWEEN 6393573 AND 6393673
	Bitmap Heap Scan on sbtest4  (cost=5.47..405.44 rows=101 width=125)
	  Recheck Cond: ((k >= 6393573) AND (k <= 6393673))
	  ->  Bitmap Index Scan on k_4  (cost=0.00..5.44 rows=101 width=0)
	        Index Cond: ((k >= 6393573) AND (k <= 6393673))

table 5 : explain SELECT k, c FROM sbtest5 WHERE k BETWEEN 6393573 AND 6393673
	Bitmap Heap Scan on sbtest5  (cost=5.47..405.44 rows=101 width=125)
	  Recheck Cond: ((k >= 6393573) AND (k <= 6393673))
	  ->  Bitmap Index Scan on k_5  (cost=0.00..5.44 rows=101 width=0)
	        Index Cond: ((k >= 6393573) AND (k <= 6393673))

table 6 : explain SELECT k, c FROM sbtest6 WHERE k BETWEEN 6393573 AND 6393673
	Bitmap Heap Scan on sbtest6  (cost=5.51..421.24 rows=105 width=125)
	  Recheck Cond: ((k >= 6393573) AND (k <= 6393673))
	  ->  Bitmap Index Scan on k_6  (cost=0.00..5.48 rows=105 width=0)
	        Index Cond: ((k >= 6393573) AND (k <= 6393673))

table 7 : explain SELECT k, c FROM sbtest7 WHERE k BETWEEN 6393573 AND 6393673
	Bitmap Heap Scan on sbtest7  (cost=5.50..417.29 rows=104 width=125)
	  Recheck Cond: ((k >= 6393573) AND (k <= 6393673))
	  ->  Bitmap Index Scan on k_7  (cost=0.00..5.47 rows=104 width=0)
	        Index Cond: ((k >= 6393573) AND (k <= 6393673))

table 8 : explain SELECT k, c FROM sbtest8 WHERE k BETWEEN 6393573 AND 6393673
	Bitmap Heap Scan on sbtest8  (cost=5.47..405.47 rows=101 width=125)
	  Recheck Cond: ((k >= 6393573) AND (k <= 6393673))
	  ->  Bitmap Index Scan on k_8  (cost=0.00..5.44 rows=101 width=0)
	        Index Cond: ((k >= 6393573) AND (k <= 6393673))


explain: for range-notcovered :: explain SELECT k, c FROM sbtest%d WHERE k BETWEEN 3237041 AND 3237141

explain: for range-notcovered :: explain SELECT k, c FROM sbtest%d WHERE k BETWEEN 5662288 AND 5662388
explain: for range-notcovered :: explain SELECT k, c FROM sbtest%d WHERE k BETWEEN 8370214 AND 8370314
explain: for range-notcovered :: explain SELECT k, c FROM sbtest%d WHERE k BETWEEN 3967413 AND 3967513
explain: for range-notcovered :: explain SELECT k, c FROM sbtest%d WHERE k BETWEEN 6393573 AND 6393673
explain: for range-notcovered :: explain SELECT k, c FROM sbtest%d WHERE k BETWEEN 1917812 AND 1917912
for range-notcovered
table 1 : explain SELECT k, c FROM sbtest1 WHERE k BETWEEN 7843619 AND 7843719
	Bitmap Heap Scan on sbtest1  (cost=5.45..397.49 rows=99 width=125)
	  Recheck Cond: ((k >= 7843619) AND (k <= 7843719))
	  ->  Bitmap Index Scan on k_1  (cost=0.00..5.42 rows=99 width=0)
	        Index Cond: ((k >= 7843619) AND (k <= 7843719))

table 2 : explain SELECT k, c FROM sbtest2 WHERE k BETWEEN 7843619 AND 7843719
	Bitmap Heap Scan on sbtest2  (cost=5.52..425.12 rows=106 width=125)
	  Recheck Cond: ((k >= 7843619) AND (k <= 7843719))
	  ->  Bitmap Index Scan on k_2  (cost=0.00..5.50 rows=106 width=0)
	        Index Cond: ((k >= 7843619) AND (k <= 7843719))

table 3 : explain SELECT k, c FROM sbtest3 WHERE k BETWEEN 7843619 AND 7843719
	Bitmap Heap Scan on sbtest3  (cost=5.48..409.36 rows=102 width=125)
	  Recheck Cond: ((k >= 7843619) AND (k <= 7843719))
	  ->  Bitmap Index Scan on k_3  (cost=0.00..5.45 rows=102 width=0)
	        Index Cond: ((k >= 7843619) AND (k <= 7843719))

table 4 : explain SELECT k, c FROM sbtest4 WHERE k BETWEEN 7843619 AND 7843719
	Bitmap Heap Scan on sbtest4  (cost=5.51..421.21 rows=105 width=125)
	  Recheck Cond: ((k >= 7843619) AND (k <= 7843719))
	  ->  Bitmap Index Scan on k_4  (cost=0.00..5.48 rows=105 width=0)
	        Index Cond: ((k >= 7843619) AND (k <= 7843719))

table 5 : explain SELECT k, c FROM sbtest5 WHERE k BETWEEN 7843619 AND 7843719
	Bitmap Heap Scan on sbtest5  (cost=5.54..433.03 rows=108 width=125)
	  Recheck Cond: ((k >= 7843619) AND (k <= 7843719))
	  ->  Bitmap Index Scan on k_5  (cost=0.00..5.51 rows=108 width=0)
	        Index Cond: ((k >= 7843619) AND (k <= 7843719))

table 6 : explain SELECT k, c FROM sbtest6 WHERE k BETWEEN 7843619 AND 7843719
	Bitmap Heap Scan on sbtest6  (cost=5.47..405.47 rows=101 width=125)
	  Recheck Cond: ((k >= 7843619) AND (k <= 7843719))
	  ->  Bitmap Index Scan on k_6  (cost=0.00..5.44 rows=101 width=0)
	        Index Cond: ((k >= 7843619) AND (k <= 7843719))

table 7 : explain SELECT k, c FROM sbtest7 WHERE k BETWEEN 7843619 AND 7843719
	Bitmap Heap Scan on sbtest7  (cost=5.35..358.12 rows=89 width=125)
	  Recheck Cond: ((k >= 7843619) AND (k <= 7843719))
	  ->  Bitmap Index Scan on k_7  (cost=0.00..5.32 rows=89 width=0)
	        Index Cond: ((k >= 7843619) AND (k <= 7843719))

table 8 : explain SELECT k, c FROM sbtest8 WHERE k BETWEEN 7843619 AND 7843719
	Bitmap Heap Scan on sbtest8  (cost=5.48..409.41 rows=102 width=125)
	  Recheck Cond: ((k >= 7843619) AND (k <= 7843719))
	  ->  Bitmap Index Scan on k_8  (cost=0.00..5.45 rows=102 width=0)
	        Index Cond: ((k >= 7843619) AND (k <= 7843719))

explain: for range-notcovered :: explain SELECT k, c FROM sbtest%d WHERE k BETWEEN 2786643 AND 2786743
for range-notcovered
table 1 : explain SELECT k, c FROM sbtest1 WHERE k BETWEEN 2814015 AND 2814115
	Bitmap Heap Scan on sbtest1  (cost=5.50..417.20 rows=104 width=125)
	  Recheck Cond: ((k >= 2814015) AND (k <= 2814115))
	  ->  Bitmap Index Scan on k_1  (cost=0.00..5.47 rows=104 width=0)
	        Index Cond: ((k >= 2814015) AND (k <= 2814115))

table 2 : explain SELECT k, c FROM sbtest2 WHERE k BETWEEN 2814015 AND 2814115
	Bitmap Heap Scan on sbtest2  (cost=5.47..405.41 rows=101 width=125)
	  Recheck Cond: ((k >= 2814015) AND (k <= 2814115))
	  ->  Bitmap Index Scan on k_2  (cost=0.00..5.44 rows=101 width=0)
	        Index Cond: ((k >= 2814015) AND (k <= 2814115))

table 3 : explain SELECT k, c FROM sbtest3 WHERE k BETWEEN 2814015 AND 2814115
	Bitmap Heap Scan on sbtest3  (cost=5.55..436.94 rows=109 width=125)
	  Recheck Cond: ((k >= 2814015) AND (k <= 2814115))
	  ->  Bitmap Index Scan on k_3  (cost=0.00..5.52 rows=109 width=0)
	        Index Cond: ((k >= 2814015) AND (k <= 2814115))

table 4 : explain SELECT k, c FROM sbtest4 WHERE k BETWEEN 2814015 AND 2814115
	Bitmap Heap Scan on sbtest4  (cost=5.50..417.27 rows=104 width=125)
	  Recheck Cond: ((k >= 2814015) AND (k <= 2814115))
	  ->  Bitmap Index Scan on k_4  (cost=0.00..5.47 rows=104 width=0)
	        Index Cond: ((k >= 2814015) AND (k <= 2814115))

table 5 : explain SELECT k, c FROM sbtest5 WHERE k BETWEEN 2814015 AND 2814115
	Bitmap Heap Scan on sbtest5  (cost=5.46..401.50 rows=100 width=125)
	  Recheck Cond: ((k >= 2814015) AND (k <= 2814115))
	  ->  Bitmap Index Scan on k_5  (cost=0.00..5.43 rows=100 width=0)
	        Index Cond: ((k >= 2814015) AND (k <= 2814115))

table 6 : explain SELECT k, c FROM sbtest6 WHERE k BETWEEN 2814015 AND 2814115
	Bitmap Heap Scan on sbtest6  (cost=5.36..362.07 rows=90 width=125)
	  Recheck Cond: ((k >= 2814015) AND (k <= 2814115))
	  ->  Bitmap Index Scan on k_6  (cost=0.00..5.33 rows=90 width=0)
	        Index Cond: ((k >= 2814015) AND (k <= 2814115))

table 7 : explain SELECT k, c FROM sbtest7 WHERE k BETWEEN 2814015 AND 2814115
	Bitmap Heap Scan on sbtest7  (cost=5.55..437.00 rows=109 width=125)
	  Recheck Cond: ((k >= 2814015) AND (k <= 2814115))
	  ->  Bitmap Index Scan on k_7  (cost=0.00..5.52 rows=109 width=0)
	        Index Cond: ((k >= 2814015) AND (k <= 2814115))

table 8 : explain SELECT k, c FROM sbtest8 WHERE k BETWEEN 2814015 AND 2814115
	Bitmap Heap Scan on sbtest8  (cost=5.46..401.52 rows=100 width=125)
	  Recheck Cond: ((k >= 2814015) AND (k <= 2814115))
	  ->  Bitmap Index Scan on k_8  (cost=0.00..5.43 rows=100 width=0)
	        Index Cond: ((k >= 2814015) AND (k <= 2814115))

explain: for range-notcovered :: explain SELECT k, c FROM sbtest%d WHERE k BETWEEN 7843619 AND 7843719
for range-notcovered
table 1 : explain SELECT k, c FROM sbtest1 WHERE k BETWEEN 5389193 AND 5389293
	Bitmap Heap Scan on sbtest1  (cost=5.58..448.71 rows=112 width=125)
	  Recheck Cond: ((k >= 5389193) AND (k <= 5389293))
	  ->  Bitmap Index Scan on k_1  (cost=0.00..5.55 rows=112 width=0)
	        Index Cond: ((k >= 5389193) AND (k <= 5389293))

table 2 : explain SELECT k, c FROM sbtest2 WHERE k BETWEEN 5389193 AND 5389293
	Bitmap Heap Scan on sbtest2  (cost=5.46..401.47 rows=100 width=125)
	  Recheck Cond: ((k >= 5389193) AND (k <= 5389293))
	  ->  Bitmap Index Scan on k_2  (cost=0.00..5.43 rows=100 width=0)
	        Index Cond: ((k >= 5389193) AND (k <= 5389293))

table 3 : explain SELECT k, c FROM sbtest3 WHERE k BETWEEN 5389193 AND 5389293
	Bitmap Heap Scan on sbtest3  (cost=5.41..381.75 rows=95 width=125)
	  Recheck Cond: ((k >= 5389193) AND (k <= 5389293))
	  ->  Bitmap Index Scan on k_3  (cost=0.00..5.38 rows=95 width=0)
	        Index Cond: ((k >= 5389193) AND (k <= 5389293))

table 4 : explain SELECT k, c FROM sbtest4 WHERE k BETWEEN 5389193 AND 5389293
	Bitmap Heap Scan on sbtest4  (cost=5.43..389.66 rows=97 width=125)
	  Recheck Cond: ((k >= 5389193) AND (k <= 5389293))
	  ->  Bitmap Index Scan on k_4  (cost=0.00..5.40 rows=97 width=0)
	        Index Cond: ((k >= 5389193) AND (k <= 5389293))

table 5 : explain SELECT k, c FROM sbtest5 WHERE k BETWEEN 5389193 AND 5389293
	Bitmap Heap Scan on sbtest5  (cost=5.47..405.44 rows=101 width=125)
	  Recheck Cond: ((k >= 5389193) AND (k <= 5389293))
	  ->  Bitmap Index Scan on k_5  (cost=0.00..5.44 rows=101 width=0)
	        Index Cond: ((k >= 5389193) AND (k <= 5389293))

table 6 : explain SELECT k, c FROM sbtest6 WHERE k BETWEEN 5389193 AND 5389293
	Bitmap Heap Scan on sbtest6  (cost=5.54..433.06 rows=108 width=125)
	  Recheck Cond: ((k >= 5389193) AND (k <= 5389293))
	  ->  Bitmap Index Scan on k_6  (cost=0.00..5.51 rows=108 width=0)
	        Index Cond: ((k >= 5389193) AND (k <= 5389293))

table 7 : explain SELECT k, c FROM sbtest7 WHERE k BETWEEN 5389193 AND 5389293
	Bitmap Heap Scan on sbtest7  (cost=5.56..440.94 rows=110 width=125)
	  Recheck Cond: ((k >= 5389193) AND (k <= 5389293))
	  ->  Bitmap Index Scan on k_7  (cost=0.00..5.53 rows=110 width=0)
	        Index Cond: ((k >= 5389193) AND (k <= 5389293))

table 8 : explain SELECT k, c FROM sbtest8 WHERE k BETWEEN 5389193 AND 5389293
	Bitmap Heap Scan on sbtest8  (cost=5.42..385.74 rows=96 width=125)
	  Recheck Cond: ((k >= 5389193) AND (k <= 5389293))
	  ->  Bitmap Index Scan on k_8  (cost=0.00..5.39 rows=96 width=0)
	        Index Cond: ((k >= 5389193) AND (k <= 5389293))

explain: for range-notcovered :: explain SELECT k, c FROM sbtest%d WHERE k BETWEEN 4209613 AND 4209713
explain: for range-notcovered :: explain SELECT k, c FROM sbtest%d WHERE k BETWEEN 2814015 AND 2814115
explain: for range-notcovered :: explain SELECT k, c FROM sbtest%d WHERE k BETWEEN 4904265 AND 4904365
explain: for range-notcovered :: explain SELECT k, c FROM sbtest%d WHERE k BETWEEN 5389193 AND 5389293
for range-notcovered
table 1 : explain SELECT k, c FROM sbtest1 WHERE k BETWEEN 4378422 AND 4378522
	Bitmap Heap Scan on sbtest1  (cost=5.50..417.20 rows=104 width=125)
	  Recheck Cond: ((k >= 4378422) AND (k <= 4378522))
	  ->  Bitmap Index Scan on k_1  (cost=0.00..5.47 rows=104 width=0)
	        Index Cond: ((k >= 4378422) AND (k <= 4378522))

table 2 : explain SELECT k, c FROM sbtest2 WHERE k BETWEEN 4378422 AND 4378522
	Bitmap Heap Scan on sbtest2  (cost=5.60..456.63 rows=114 width=125)
	  Recheck Cond: ((k >= 4378422) AND (k <= 4378522))
	  ->  Bitmap Index Scan on k_2  (cost=0.00..5.58 rows=114 width=0)
	        Index Cond: ((k >= 4378422) AND (k <= 4378522))

table 3 : explain SELECT k, c FROM sbtest3 WHERE k BETWEEN 4378422 AND 4378522
	Bitmap Heap Scan on sbtest3  (cost=5.42..385.70 rows=96 width=125)
	  Recheck Cond: ((k >= 4378422) AND (k <= 4378522))
	  ->  Bitmap Index Scan on k_3  (cost=0.00..5.39 rows=96 width=0)
	        Index Cond: ((k >= 4378422) AND (k <= 4378522))

table 4 : explain SELECT k, c FROM sbtest4 WHERE k BETWEEN 4378422 AND 4378522
	Bitmap Heap Scan on sbtest4  (cost=5.44..393.61 rows=98 width=125)
	  Recheck Cond: ((k >= 4378422) AND (k <= 4378522))
	  ->  Bitmap Index Scan on k_4  (cost=0.00..5.42 rows=98 width=0)
	        Index Cond: ((k >= 4378422) AND (k <= 4378522))

table 5 : explain SELECT k, c FROM sbtest5 WHERE k BETWEEN 4378422 AND 4378522
	Bitmap Heap Scan on sbtest5  (cost=5.46..401.50 rows=100 width=125)
	  Recheck Cond: ((k >= 4378422) AND (k <= 4378522))
	  ->  Bitmap Index Scan on k_5  (cost=0.00..5.43 rows=100 width=0)
	        Index Cond: ((k >= 4378422) AND (k <= 4378522))

table 6 : explain SELECT k, c FROM sbtest6 WHERE k BETWEEN 4378422 AND 4378522
	Bitmap Heap Scan on sbtest6  (cost=5.49..413.35 rows=103 width=125)
	  Recheck Cond: ((k >= 4378422) AND (k <= 4378522))
	  ->  Bitmap Index Scan on k_6  (cost=0.00..5.46 rows=103 width=0)
	        Index Cond: ((k >= 4378422) AND (k <= 4378522))

table 7 : explain SELECT k, c FROM sbtest7 WHERE k BETWEEN 4378422 AND 4378522
	Bitmap Heap Scan on sbtest7  (cost=5.59..452.76 rows=113 width=125)
	  Recheck Cond: ((k >= 4378422) AND (k <= 4378522))
	  ->  Bitmap Index Scan on k_7  (cost=0.00..5.56 rows=113 width=0)
	        Index Cond: ((k >= 4378422) AND (k <= 4378522))

table 8 : explain SELECT k, c FROM sbtest8 WHERE k BETWEEN 4378422 AND 4378522
	Bitmap Heap Scan on sbtest8  (cost=5.55..437.00 rows=109 width=125)
	  Recheck Cond: ((k >= 4378422) AND (k <= 4378522))
	  ->  Bitmap Index Scan on k_8  (cost=0.00..5.52 rows=109 width=0)
	        Index Cond: ((k >= 4378422) AND (k <= 4378522))

for range-notcovered
table 1 : explain SELECT k, c FROM sbtest1 WHERE k BETWEEN 1500845 AND 1500945
	Bitmap Heap Scan on sbtest1  (cost=5.53..429.02 rows=107 width=125)
	  Recheck Cond: ((k >= 1500845) AND (k <= 1500945))
	  ->  Bitmap Index Scan on k_1  (cost=0.00..5.50 rows=107 width=0)
	        Index Cond: ((k >= 1500845) AND (k <= 1500945))

table 2 : explain SELECT k, c FROM sbtest2 WHERE k BETWEEN 1500845 AND 1500945
	Bitmap Heap Scan on sbtest2  (cost=5.52..425.12 rows=106 width=125)
	  Recheck Cond: ((k >= 1500845) AND (k <= 1500945))
	  ->  Bitmap Index Scan on k_2  (cost=0.00..5.50 rows=106 width=0)
	        Index Cond: ((k >= 1500845) AND (k <= 1500945))

table 3 : explain SELECT k, c FROM sbtest3 WHERE k BETWEEN 1500845 AND 1500945
	Bitmap Heap Scan on sbtest3  (cost=5.52..425.12 rows=106 width=125)
	  Recheck Cond: ((k >= 1500845) AND (k <= 1500945))
	  ->  Bitmap Index Scan on k_3  (cost=0.00..5.50 rows=106 width=0)
	        Index Cond: ((k >= 1500845) AND (k <= 1500945))

table 4 : explain SELECT k, c FROM sbtest4 WHERE k BETWEEN 1500845 AND 1500945
	Bitmap Heap Scan on sbtest4  (cost=5.42..385.72 rows=96 width=125)
	  Recheck Cond: ((k >= 1500845) AND (k <= 1500945))
	  ->  Bitmap Index Scan on k_4  (cost=0.00..5.39 rows=96 width=0)
	        Index Cond: ((k >= 1500845) AND (k <= 1500945))

table 5 : explain SELECT k, c FROM sbtest5 WHERE k BETWEEN 1500845 AND 1500945
	Bitmap Heap Scan on sbtest5  (cost=5.58..448.79 rows=112 width=125)
	  Recheck Cond: ((k >= 1500845) AND (k <= 1500945))
	  ->  Bitmap Index Scan on k_5  (cost=0.00..5.55 rows=112 width=0)
	        Index Cond: ((k >= 1500845) AND (k <= 1500945))

table 6 : explain SELECT k, c FROM sbtest6 WHERE k BETWEEN 1500845 AND 1500945
	Bitmap Heap Scan on sbtest6  (cost=5.54..433.06 rows=108 width=125)
	  Recheck Cond: ((k >= 1500845) AND (k <= 1500945))
	  ->  Bitmap Index Scan on k_6  (cost=0.00..5.51 rows=108 width=0)
	        Index Cond: ((k >= 1500845) AND (k <= 1500945))

table 7 : explain SELECT k, c FROM sbtest7 WHERE k BETWEEN 1500845 AND 1500945
	Bitmap Heap Scan on sbtest7  (cost=5.59..452.76 rows=113 width=125)
	  Recheck Cond: ((k >= 1500845) AND (k <= 1500945))
	  ->  Bitmap Index Scan on k_7  (cost=0.00..5.56 rows=113 width=0)
	        Index Cond: ((k >= 1500845) AND (k <= 1500945))

table 8 : explain SELECT k, c FROM sbtest8 WHERE k BETWEEN 1500845 AND 1500945
	Bitmap Heap Scan on sbtest8  (cost=5.48..409.41 rows=102 width=125)
	  Recheck Cond: ((k >= 1500845) AND (k <= 1500945))
	  ->  Bitmap Index Scan on k_8  (cost=0.00..5.45 rows=102 width=0)
	        Index Cond: ((k >= 1500845) AND (k <= 1500945))

for range-notcovered
table 1 : explain SELECT k, c FROM sbtest1 WHERE k BETWEEN 7267824 AND 7267924
	Bitmap Heap Scan on sbtest1  (cost=5.74..507.73 rows=127 width=125)
	  Recheck Cond: ((k >= 7267824) AND (k <= 7267924))
	  ->  Bitmap Index Scan on k_1  (cost=0.00..5.70 rows=127 width=0)
	        Index Cond: ((k >= 7267824) AND (k <= 7267924))

table 2 : explain SELECT k, c FROM sbtest2 WHERE k BETWEEN 7267824 AND 7267924
	Bitmap Heap Scan on sbtest2  (cost=5.51..421.18 rows=105 width=125)
	  Recheck Cond: ((k >= 7267824) AND (k <= 7267924))
	  ->  Bitmap Index Scan on k_2  (cost=0.00..5.48 rows=105 width=0)
	        Index Cond: ((k >= 7267824) AND (k <= 7267924))

table 3 : explain SELECT k, c FROM sbtest3 WHERE k BETWEEN 7267824 AND 7267924
	Bitmap Heap Scan on sbtest3  (cost=5.53..429.06 rows=107 width=125)
	  Recheck Cond: ((k >= 7267824) AND (k <= 7267924))
	  ->  Bitmap Index Scan on k_3  (cost=0.00..5.50 rows=107 width=0)
	        Index Cond: ((k >= 7267824) AND (k <= 7267924))

table 4 : explain SELECT k, c FROM sbtest4 WHERE k BETWEEN 7267824 AND 7267924
	Bitmap Heap Scan on sbtest4  (cost=5.50..417.27 rows=104 width=125)
	  Recheck Cond: ((k >= 7267824) AND (k <= 7267924))
	  ->  Bitmap Index Scan on k_4  (cost=0.00..5.47 rows=104 width=0)
	        Index Cond: ((k >= 7267824) AND (k <= 7267924))

table 5 : explain SELECT k, c FROM sbtest5 WHERE k BETWEEN 7267824 AND 7267924
	Bitmap Heap Scan on sbtest5  (cost=5.56..440.91 rows=110 width=125)
	  Recheck Cond: ((k >= 7267824) AND (k <= 7267924))
	  ->  Bitmap Index Scan on k_5  (cost=0.00..5.53 rows=110 width=0)
	        Index Cond: ((k >= 7267824) AND (k <= 7267924))

table 6 : explain SELECT k, c FROM sbtest6 WHERE k BETWEEN 7267824 AND 7267924
	Bitmap Heap Scan on sbtest6  (cost=5.49..413.35 rows=103 width=125)
	  Recheck Cond: ((k >= 7267824) AND (k <= 7267924))
	  ->  Bitmap Index Scan on k_6  (cost=0.00..5.46 rows=103 width=0)
	        Index Cond: ((k >= 7267824) AND (k <= 7267924))

table 7 : explain SELECT k, c FROM sbtest7 WHERE k BETWEEN 7267824 AND 7267924
	Bitmap Heap Scan on sbtest7  (cost=5.48..409.41 rows=102 width=125)
	  Recheck Cond: ((k >= 7267824) AND (k <= 7267924))
	  ->  Bitmap Index Scan on k_7  (cost=0.00..5.45 rows=102 width=0)
	        Index Cond: ((k >= 7267824) AND (k <= 7267924))

table 8 : explain SELECT k, c FROM sbtest8 WHERE k BETWEEN 7267824 AND 7267924
	Bitmap Heap Scan on sbtest8  (cost=5.50..417.29 rows=104 width=125)
	  Recheck Cond: ((k >= 7267824) AND (k <= 7267924))
	  ->  Bitmap Index Scan on k_8  (cost=0.00..5.47 rows=104 width=0)
	        Index Cond: ((k >= 7267824) AND (k <= 7267924))

for range-notcovered
table 1 : explain SELECT k, c FROM sbtest1 WHERE k BETWEEN 4172560 AND 4172660
	Bitmap Heap Scan on sbtest1  (cost=5.46..401.43 rows=100 width=125)
	  Recheck Cond: ((k >= 4172560) AND (k <= 4172660))
	  ->  Bitmap Index Scan on k_1  (cost=0.00..5.43 rows=100 width=0)
	        Index Cond: ((k >= 4172560) AND (k <= 4172660))

table 2 : explain SELECT k, c FROM sbtest2 WHERE k BETWEEN 4172560 AND 4172660
	Bitmap Heap Scan on sbtest2  (cost=5.48..409.35 rows=102 width=125)
	  Recheck Cond: ((k >= 4172560) AND (k <= 4172660))
	  ->  Bitmap Index Scan on k_2  (cost=0.00..5.45 rows=102 width=0)
	        Index Cond: ((k >= 4172560) AND (k <= 4172660))

table 3 : explain SELECT k, c FROM sbtest3 WHERE k BETWEEN 4172560 AND 4172660
	Bitmap Heap Scan on sbtest3  (cost=5.53..429.06 rows=107 width=125)
	  Recheck Cond: ((k >= 4172560) AND (k <= 4172660))
	  ->  Bitmap Index Scan on k_3  (cost=0.00..5.50 rows=107 width=0)
	        Index Cond: ((k >= 4172560) AND (k <= 4172660))

table 4 : explain SELECT k, c FROM sbtest4 WHERE k BETWEEN 4172560 AND 4172660
	Bitmap Heap Scan on sbtest4  (cost=5.48..409.38 rows=102 width=125)
	  Recheck Cond: ((k >= 4172560) AND (k <= 4172660))
	  ->  Bitmap Index Scan on k_4  (cost=0.00..5.45 rows=102 width=0)
	        Index Cond: ((k >= 4172560) AND (k <= 4172660))

table 5 : explain SELECT k, c FROM sbtest5 WHERE k BETWEEN 4172560 AND 4172660
	Bitmap Heap Scan on sbtest5  (cost=5.42..385.72 rows=96 width=125)
	  Recheck Cond: ((k >= 4172560) AND (k <= 4172660))
	  ->  Bitmap Index Scan on k_5  (cost=0.00..5.39 rows=96 width=0)
	        Index Cond: ((k >= 4172560) AND (k <= 4172660))

table 6 : explain SELECT k, c FROM sbtest6 WHERE k BETWEEN 4172560 AND 4172660
	Bitmap Heap Scan on sbtest6  (cost=5.44..393.63 rows=98 width=125)
	  Recheck Cond: ((k >= 4172560) AND (k <= 4172660))
	  ->  Bitmap Index Scan on k_6  (cost=0.00..5.42 rows=98 width=0)
	        Index Cond: ((k >= 4172560) AND (k <= 4172660))

table 7 : explain SELECT k, c FROM sbtest7 WHERE k BETWEEN 4172560 AND 4172660
	Bitmap Heap Scan on sbtest7  (cost=5.52..425.18 rows=106 width=125)
	  Recheck Cond: ((k >= 4172560) AND (k <= 4172660))
	  ->  Bitmap Index Scan on k_7  (cost=0.00..5.50 rows=106 width=0)
	        Index Cond: ((k >= 4172560) AND (k <= 4172660))

table 8 : explain SELECT k, c FROM sbtest8 WHERE k BETWEEN 4172560 AND 4172660
	Bitmap Heap Scan on sbtest8  (cost=5.43..389.69 rows=97 width=125)
	  Recheck Cond: ((k >= 4172560) AND (k <= 4172660))
	  ->  Bitmap Index Scan on k_8  (cost=0.00..5.40 rows=97 width=0)
	        Index Cond: ((k >= 4172560) AND (k <= 4172660))

explain: for range-notcovered :: explain SELECT k, c FROM sbtest%d WHERE k BETWEEN 4378422 AND 4378522
explain: for range-notcovered :: explain SELECT k, c FROM sbtest%d WHERE k BETWEEN 1500845 AND 1500945
explain: for range-notcovered :: explain SELECT k, c FROM sbtest%d WHERE k BETWEEN 7267824 AND 7267924
explain: for range-notcovered :: explain SELECT k, c FROM sbtest%d WHERE k BETWEEN 4172560 AND 4172660
for range-notcovered
table 1 : explain SELECT k, c FROM sbtest1 WHERE k BETWEEN 4221738 AND 4221838
	Bitmap Heap Scan on sbtest1  (cost=5.46..401.43 rows=100 width=125)
	  Recheck Cond: ((k >= 4221738) AND (k <= 4221838))
	  ->  Bitmap Index Scan on k_1  (cost=0.00..5.43 rows=100 width=0)
	        Index Cond: ((k >= 4221738) AND (k <= 4221838))

table 2 : explain SELECT k, c FROM sbtest2 WHERE k BETWEEN 4221738 AND 4221838
	Bitmap Heap Scan on sbtest2  (cost=5.48..409.35 rows=102 width=125)
	  Recheck Cond: ((k >= 4221738) AND (k <= 4221838))
	  ->  Bitmap Index Scan on k_2  (cost=0.00..5.45 rows=102 width=0)
	        Index Cond: ((k >= 4221738) AND (k <= 4221838))

table 3 : explain SELECT k, c FROM sbtest3 WHERE k BETWEEN 4221738 AND 4221838
	Bitmap Heap Scan on sbtest3  (cost=5.40..377.81 rows=94 width=125)
	  Recheck Cond: ((k >= 4221738) AND (k <= 4221838))
	  ->  Bitmap Index Scan on k_3  (cost=0.00..5.38 rows=94 width=0)
	        Index Cond: ((k >= 4221738) AND (k <= 4221838))

table 4 : explain SELECT k, c FROM sbtest4 WHERE k BETWEEN 4221738 AND 4221838
	Bitmap Heap Scan on sbtest4  (cost=5.48..409.38 rows=102 width=125)
	  Recheck Cond: ((k >= 4221738) AND (k <= 4221838))
	  ->  Bitmap Index Scan on k_4  (cost=0.00..5.45 rows=102 width=0)
	        Index Cond: ((k >= 4221738) AND (k <= 4221838))

table 5 : explain SELECT k, c FROM sbtest5 WHERE k BETWEEN 4221738 AND 4221838
	Bitmap Heap Scan on sbtest5  (cost=5.42..385.72 rows=96 width=125)
	  Recheck Cond: ((k >= 4221738) AND (k <= 4221838))
	  ->  Bitmap Index Scan on k_5  (cost=0.00..5.39 rows=96 width=0)
	        Index Cond: ((k >= 4221738) AND (k <= 4221838))

table 6 : explain SELECT k, c FROM sbtest6 WHERE k BETWEEN 4221738 AND 4221838
	Bitmap Heap Scan on sbtest6  (cost=5.50..417.29 rows=104 width=125)
	  Recheck Cond: ((k >= 4221738) AND (k <= 4221838))
	  ->  Bitmap Index Scan on k_6  (cost=0.00..5.47 rows=104 width=0)
	        Index Cond: ((k >= 4221738) AND (k <= 4221838))

table 7 : explain SELECT k, c FROM sbtest7 WHERE k BETWEEN 4221738 AND 4221838
	Bitmap Heap Scan on sbtest7  (cost=5.46..401.52 rows=100 width=125)
	  Recheck Cond: ((k >= 4221738) AND (k <= 4221838))
	  ->  Bitmap Index Scan on k_7  (cost=0.00..5.43 rows=100 width=0)
	        Index Cond: ((k >= 4221738) AND (k <= 4221838))

table 8 : explain SELECT k, c FROM sbtest8 WHERE k BETWEEN 4221738 AND 4221838
	Bitmap Heap Scan on sbtest8  (cost=5.57..444.88 rows=111 width=125)
	  Recheck Cond: ((k >= 4221738) AND (k <= 4221838))
	  ->  Bitmap Index Scan on k_8  (cost=0.00..5.54 rows=111 width=0)
	        Index Cond: ((k >= 4221738) AND (k <= 4221838))

for range-notcovered
table 1 : explain SELECT k, c FROM sbtest1 WHERE k BETWEEN 2665046 AND 2665146
	Bitmap Heap Scan on sbtest1  (cost=5.55..436.90 rows=109 width=125)
	  Recheck Cond: ((k >= 2665046) AND (k <= 2665146))
	  ->  Bitmap Index Scan on k_1  (cost=0.00..5.52 rows=109 width=0)
	        Index Cond: ((k >= 2665046) AND (k <= 2665146))

table 2 : explain SELECT k, c FROM sbtest2 WHERE k BETWEEN 2665046 AND 2665146
	Bitmap Heap Scan on sbtest2  (cost=5.35..358.07 rows=89 width=125)
	  Recheck Cond: ((k >= 2665046) AND (k <= 2665146))
	  ->  Bitmap Index Scan on k_2  (cost=0.00..5.32 rows=89 width=0)
	        Index Cond: ((k >= 2665046) AND (k <= 2665146))

table 3 : explain SELECT k, c FROM sbtest3 WHERE k BETWEEN 2665046 AND 2665146
	Bitmap Heap Scan on sbtest3  (cost=5.44..393.58 rows=98 width=125)
	  Recheck Cond: ((k >= 2665046) AND (k <= 2665146))
	  ->  Bitmap Index Scan on k_3  (cost=0.00..5.42 rows=98 width=0)
	        Index Cond: ((k >= 2665046) AND (k <= 2665146))

table 4 : explain SELECT k, c FROM sbtest4 WHERE k BETWEEN 2665046 AND 2665146
	Bitmap Heap Scan on sbtest4  (cost=5.60..456.66 rows=114 width=125)
	  Recheck Cond: ((k >= 2665046) AND (k <= 2665146))
	  ->  Bitmap Index Scan on k_4  (cost=0.00..5.58 rows=114 width=0)
	        Index Cond: ((k >= 2665046) AND (k <= 2665146))

table 5 : explain SELECT k, c FROM sbtest5 WHERE k BETWEEN 2665046 AND 2665146
	Bitmap Heap Scan on sbtest5  (cost=5.52..425.15 rows=106 width=125)
	  Recheck Cond: ((k >= 2665046) AND (k <= 2665146))
	  ->  Bitmap Index Scan on k_5  (cost=0.00..5.50 rows=106 width=0)
	        Index Cond: ((k >= 2665046) AND (k <= 2665146))

table 6 : explain SELECT k, c FROM sbtest6 WHERE k BETWEEN 2665046 AND 2665146
	Bitmap Heap Scan on sbtest6  (cost=5.51..421.24 rows=105 width=125)
	  Recheck Cond: ((k >= 2665046) AND (k <= 2665146))
	  ->  Bitmap Index Scan on k_6  (cost=0.00..5.48 rows=105 width=0)
	        Index Cond: ((k >= 2665046) AND (k <= 2665146))

table 7 : explain SELECT k, c FROM sbtest7 WHERE k BETWEEN 2665046 AND 2665146
	Bitmap Heap Scan on sbtest7  (cost=5.49..413.35 rows=103 width=125)
	  Recheck Cond: ((k >= 2665046) AND (k <= 2665146))
	  ->  Bitmap Index Scan on k_7  (cost=0.00..5.46 rows=103 width=0)
	        Index Cond: ((k >= 2665046) AND (k <= 2665146))

table 8 : explain SELECT k, c FROM sbtest8 WHERE k BETWEEN 2665046 AND 2665146
	Bitmap Heap Scan on sbtest8  (cost=5.60..456.70 rows=114 width=125)
	  Recheck Cond: ((k >= 2665046) AND (k <= 2665146))
	  ->  Bitmap Index Scan on k_8  (cost=0.00..5.58 rows=114 width=0)
	        Index Cond: ((k >= 2665046) AND (k <= 2665146))

for range-notcovered
table 1 : explain SELECT k, c FROM sbtest1 WHERE k BETWEEN 2722345 AND 2722445
	Bitmap Heap Scan on sbtest1  (cost=5.55..436.90 rows=109 width=125)
	  Recheck Cond: ((k >= 2722345) AND (k <= 2722445))
	  ->  Bitmap Index Scan on k_1  (cost=0.00..5.52 rows=109 width=0)
	        Index Cond: ((k >= 2722345) AND (k <= 2722445))

table 2 : explain SELECT k, c FROM sbtest2 WHERE k BETWEEN 2722345 AND 2722445
	Bitmap Heap Scan on sbtest2  (cost=5.51..421.18 rows=105 width=125)
	  Recheck Cond: ((k >= 2722345) AND (k <= 2722445))
	  ->  Bitmap Index Scan on k_2  (cost=0.00..5.48 rows=105 width=0)
	        Index Cond: ((k >= 2722345) AND (k <= 2722445))

table 3 : explain SELECT k, c FROM sbtest3 WHERE k BETWEEN 2722345 AND 2722445
	Bitmap Heap Scan on sbtest3  (cost=5.48..409.36 rows=102 width=125)
	  Recheck Cond: ((k >= 2722345) AND (k <= 2722445))
	  ->  Bitmap Index Scan on k_3  (cost=0.00..5.45 rows=102 width=0)
	        Index Cond: ((k >= 2722345) AND (k <= 2722445))

table 4 : explain SELECT k, c FROM sbtest4 WHERE k BETWEEN 2722345 AND 2722445
	Bitmap Heap Scan on sbtest4  (cost=5.48..409.38 rows=102 width=125)
	  Recheck Cond: ((k >= 2722345) AND (k <= 2722445))
	  ->  Bitmap Index Scan on k_4  (cost=0.00..5.45 rows=102 width=0)
	        Index Cond: ((k >= 2722345) AND (k <= 2722445))

table 5 : explain SELECT k, c FROM sbtest5 WHERE k BETWEEN 2722345 AND 2722445
	Bitmap Heap Scan on sbtest5  (cost=5.52..425.15 rows=106 width=125)
	  Recheck Cond: ((k >= 2722345) AND (k <= 2722445))
	  ->  Bitmap Index Scan on k_5  (cost=0.00..5.50 rows=106 width=0)
	        Index Cond: ((k >= 2722345) AND (k <= 2722445))

table 6 : explain SELECT k, c FROM sbtest6 WHERE k BETWEEN 2722345 AND 2722445
	Bitmap Heap Scan on sbtest6  (cost=5.51..421.24 rows=105 width=125)
	  Recheck Cond: ((k >= 2722345) AND (k <= 2722445))
	  ->  Bitmap Index Scan on k_6  (cost=0.00..5.48 rows=105 width=0)
	        Index Cond: ((k >= 2722345) AND (k <= 2722445))

table 7 : explain SELECT k, c FROM sbtest7 WHERE k BETWEEN 2722345 AND 2722445
	Bitmap Heap Scan on sbtest7  (cost=5.41..381.80 rows=95 width=125)
	  Recheck Cond: ((k >= 2722345) AND (k <= 2722445))
	  ->  Bitmap Index Scan on k_7  (cost=0.00..5.38 rows=95 width=0)
	        Index Cond: ((k >= 2722345) AND (k <= 2722445))

table 8 : explain SELECT k, c FROM sbtest8 WHERE k BETWEEN 2722345 AND 2722445
	Bitmap Heap Scan on sbtest8  (cost=5.43..389.69 rows=97 width=125)
	  Recheck Cond: ((k >= 2722345) AND (k <= 2722445))
	  ->  Bitmap Index Scan on k_8  (cost=0.00..5.40 rows=97 width=0)
	        Index Cond: ((k >= 2722345) AND (k <= 2722445))

explain: for range-notcovered :: explain SELECT k, c FROM sbtest%d WHERE k BETWEEN 6724376 AND 6724476
explain: for range-notcovered :: explain SELECT k, c FROM sbtest%d WHERE k BETWEEN 4221738 AND 4221838
explain: for range-notcovered :: explain SELECT k, c FROM sbtest%d WHERE k BETWEEN 2665046 AND 2665146
explain: for range-notcovered :: explain SELECT k, c FROM sbtest%d WHERE k BETWEEN 2722345 AND 2722445
explain: for range-notcovered :: explain SELECT k, c FROM sbtest%d WHERE k BETWEEN 3818532 AND 3818632
for range-notcovered
table 1 : explain SELECT k, c FROM sbtest1 WHERE k BETWEEN 5046403 AND 5046503
	Bitmap Heap Scan on sbtest1  (cost=5.63..468.40 rows=117 width=125)
	  Recheck Cond: ((k >= 5046403) AND (k <= 5046503))
	  ->  Bitmap Index Scan on k_1  (cost=0.00..5.60 rows=117 width=0)
	        Index Cond: ((k >= 5046403) AND (k <= 5046503))

table 2 : explain SELECT k, c FROM sbtest2 WHERE k BETWEEN 5046403 AND 5046503
	Bitmap Heap Scan on sbtest2  (cost=5.49..413.29 rows=103 width=125)
	  Recheck Cond: ((k >= 5046403) AND (k <= 5046503))
	  ->  Bitmap Index Scan on k_2  (cost=0.00..5.46 rows=103 width=0)
	        Index Cond: ((k >= 5046403) AND (k <= 5046503))

table 3 : explain SELECT k, c FROM sbtest3 WHERE k BETWEEN 5046403 AND 5046503
	Bitmap Heap Scan on sbtest3  (cost=5.59..452.69 rows=113 width=125)
	  Recheck Cond: ((k >= 5046403) AND (k <= 5046503))
	  ->  Bitmap Index Scan on k_3  (cost=0.00..5.56 rows=113 width=0)
	        Index Cond: ((k >= 5046403) AND (k <= 5046503))

table 4 : explain SELECT k, c FROM sbtest4 WHERE k BETWEEN 5046403 AND 5046503
	Bitmap Heap Scan on sbtest4  (cost=5.43..389.66 rows=97 width=125)
	  Recheck Cond: ((k >= 5046403) AND (k <= 5046503))
	  ->  Bitmap Index Scan on k_4  (cost=0.00..5.40 rows=97 width=0)
	        Index Cond: ((k >= 5046403) AND (k <= 5046503))

table 5 : explain SELECT k, c FROM sbtest5 WHERE k BETWEEN 5046403 AND 5046503
	Bitmap Heap Scan on sbtest5  (cost=5.54..433.03 rows=108 width=125)
	  Recheck Cond: ((k >= 5046403) AND (k <= 5046503))
	  ->  Bitmap Index Scan on k_5  (cost=0.00..5.51 rows=108 width=0)
	        Index Cond: ((k >= 5046403) AND (k <= 5046503))

table 6 : explain SELECT k, c FROM sbtest6 WHERE k BETWEEN 5046403 AND 5046503
	Bitmap Heap Scan on sbtest6  (cost=5.45..397.58 rows=99 width=125)
	  Recheck Cond: ((k >= 5046403) AND (k <= 5046503))
	  ->  Bitmap Index Scan on k_6  (cost=0.00..5.42 rows=99 width=0)
	        Index Cond: ((k >= 5046403) AND (k <= 5046503))

table 7 : explain SELECT k, c FROM sbtest7 WHERE k BETWEEN 5046403 AND 5046503
	Bitmap Heap Scan on sbtest7  (cost=5.47..405.46 rows=101 width=125)
	  Recheck Cond: ((k >= 5046403) AND (k <= 5046503))
	  ->  Bitmap Index Scan on k_7  (cost=0.00..5.44 rows=101 width=0)
	        Index Cond: ((k >= 5046403) AND (k <= 5046503))

table 8 : explain SELECT k, c FROM sbtest8 WHERE k BETWEEN 5046403 AND 5046503
	Bitmap Heap Scan on sbtest8  (cost=5.44..393.63 rows=98 width=125)
	  Recheck Cond: ((k >= 5046403) AND (k <= 5046503))
	  ->  Bitmap Index Scan on k_8  (cost=0.00..5.42 rows=98 width=0)
	        Index Cond: ((k >= 5046403) AND (k <= 5046503))

for range-notcovered
table 1 : explain SELECT k, c FROM sbtest1 WHERE k BETWEEN 3237041 AND 3237141
	Bitmap Heap Scan on sbtest1  (cost=5.55..436.90 rows=109 width=125)
	  Recheck Cond: ((k >= 3237041) AND (k <= 3237141))
	  ->  Bitmap Index Scan on k_1  (cost=0.00..5.52 rows=109 width=0)
	        Index Cond: ((k >= 3237041) AND (k <= 3237141))

table 2 : explain SELECT k, c FROM sbtest2 WHERE k BETWEEN 3237041 AND 3237141
	Bitmap Heap Scan on sbtest2  (cost=5.42..385.69 rows=96 width=125)
	  Recheck Cond: ((k >= 3237041) AND (k <= 3237141))
	  ->  Bitmap Index Scan on k_2  (cost=0.00..5.39 rows=96 width=0)
	        Index Cond: ((k >= 3237041) AND (k <= 3237141))

table 3 : explain SELECT k, c FROM sbtest3 WHERE k BETWEEN 3237041 AND 3237141
	Bitmap Heap Scan on sbtest3  (cost=5.48..409.36 rows=102 width=125)
	  Recheck Cond: ((k >= 3237041) AND (k <= 3237141))
	  ->  Bitmap Index Scan on k_3  (cost=0.00..5.45 rows=102 width=0)
	        Index Cond: ((k >= 3237041) AND (k <= 3237141))

table 4 : explain SELECT k, c FROM sbtest4 WHERE k BETWEEN 3237041 AND 3237141
	Bitmap Heap Scan on sbtest4  (cost=5.39..373.88 rows=93 width=125)
	  Recheck Cond: ((k >= 3237041) AND (k <= 3237141))
	  ->  Bitmap Index Scan on k_4  (cost=0.00..5.36 rows=93 width=0)
	        Index Cond: ((k >= 3237041) AND (k <= 3237141))

table 5 : explain SELECT k, c FROM sbtest5 WHERE k BETWEEN 3237041 AND 3237141
	Bitmap Heap Scan on sbtest5  (cost=5.51..421.21 rows=105 width=125)
	  Recheck Cond: ((k >= 3237041) AND (k <= 3237141))
	  ->  Bitmap Index Scan on k_5  (cost=0.00..5.48 rows=105 width=0)
	        Index Cond: ((k >= 3237041) AND (k <= 3237141))

table 6 : explain SELECT k, c FROM sbtest6 WHERE k BETWEEN 3237041 AND 3237141
	Bitmap Heap Scan on sbtest6  (cost=5.51..421.24 rows=105 width=125)
	  Recheck Cond: ((k >= 3237041) AND (k <= 3237141))
	  ->  Bitmap Index Scan on k_6  (cost=0.00..5.48 rows=105 width=0)
	        Index Cond: ((k >= 3237041) AND (k <= 3237141))

table 7 : explain SELECT k, c FROM sbtest7 WHERE k BETWEEN 3237041 AND 3237141
	Bitmap Heap Scan on sbtest7  (cost=5.48..409.41 rows=102 width=125)
	  Recheck Cond: ((k >= 3237041) AND (k <= 3237141))
	  ->  Bitmap Index Scan on k_7  (cost=0.00..5.45 rows=102 width=0)
	        Index Cond: ((k >= 3237041) AND (k <= 3237141))

table 8 : explain SELECT k, c FROM sbtest8 WHERE k BETWEEN 3237041 AND 3237141
	Bitmap Heap Scan on sbtest8  (cost=5.48..409.41 rows=102 width=125)
	  Recheck Cond: ((k >= 3237041) AND (k <= 3237141))
	  ->  Bitmap Index Scan on k_8  (cost=0.00..5.45 rows=102 width=0)
	        Index Cond: ((k >= 3237041) AND (k <= 3237141))

for range-notcovered
table 1 : explain SELECT k, c FROM sbtest1 WHERE k BETWEEN 8331790 AND 8331890
	Bitmap Heap Scan on sbtest1  (cost=5.51..421.14 rows=105 width=125)
	  Recheck Cond: ((k >= 8331790) AND (k <= 8331890))
	  ->  Bitmap Index Scan on k_1  (cost=0.00..5.48 rows=105 width=0)
	        Index Cond: ((k >= 8331790) AND (k <= 8331890))

table 2 : explain SELECT k, c FROM sbtest2 WHERE k BETWEEN 8331790 AND 8331890
	Bitmap Heap Scan on sbtest2  (cost=5.54..433.00 rows=108 width=125)
	  Recheck Cond: ((k >= 8331790) AND (k <= 8331890))
	  ->  Bitmap Index Scan on k_2  (cost=0.00..5.51 rows=108 width=0)
	        Index Cond: ((k >= 8331790) AND (k <= 8331890))

table 3 : explain SELECT k, c FROM sbtest3 WHERE k BETWEEN 8331790 AND 8331890
	Bitmap Heap Scan on sbtest3  (cost=5.44..393.58 rows=98 width=125)
	  Recheck Cond: ((k >= 8331790) AND (k <= 8331890))
	  ->  Bitmap Index Scan on k_3  (cost=0.00..5.42 rows=98 width=0)
	        Index Cond: ((k >= 8331790) AND (k <= 8331890))

table 4 : explain SELECT k, c FROM sbtest4 WHERE k BETWEEN 8331790 AND 8331890
	Bitmap Heap Scan on sbtest4  (cost=5.44..393.61 rows=98 width=125)
	  Recheck Cond: ((k >= 8331790) AND (k <= 8331890))
	  ->  Bitmap Index Scan on k_4  (cost=0.00..5.42 rows=98 width=0)
	        Index Cond: ((k >= 8331790) AND (k <= 8331890))

table 5 : explain SELECT k, c FROM sbtest5 WHERE k BETWEEN 8331790 AND 8331890
	Bitmap Heap Scan on sbtest5  (cost=5.46..401.50 rows=100 width=125)
	  Recheck Cond: ((k >= 8331790) AND (k <= 8331890))
	  ->  Bitmap Index Scan on k_5  (cost=0.00..5.43 rows=100 width=0)
	        Index Cond: ((k >= 8331790) AND (k <= 8331890))

table 6 : explain SELECT k, c FROM sbtest6 WHERE k BETWEEN 8331790 AND 8331890
	Bitmap Heap Scan on sbtest6  (cost=5.50..417.29 rows=104 width=125)
	  Recheck Cond: ((k >= 8331790) AND (k <= 8331890))
	  ->  Bitmap Index Scan on k_6  (cost=0.00..5.47 rows=104 width=0)
	        Index Cond: ((k >= 8331790) AND (k <= 8331890))

table 7 : explain SELECT k, c FROM sbtest7 WHERE k BETWEEN 8331790 AND 8331890
	Bitmap Heap Scan on sbtest7  (cost=5.53..429.12 rows=107 width=125)
	  Recheck Cond: ((k >= 8331790) AND (k <= 8331890))
	  ->  Bitmap Index Scan on k_7  (cost=0.00..5.50 rows=107 width=0)
	        Index Cond: ((k >= 8331790) AND (k <= 8331890))

table 8 : explain SELECT k, c FROM sbtest8 WHERE k BETWEEN 8331790 AND 8331890
	Bitmap Heap Scan on sbtest8  (cost=5.58..448.82 rows=112 width=125)
	  Recheck Cond: ((k >= 8331790) AND (k <= 8331890))
	  ->  Bitmap Index Scan on k_8  (cost=0.00..5.55 rows=112 width=0)
	        Index Cond: ((k >= 8331790) AND (k <= 8331890))

for range-notcovered
table 1 : explain SELECT k, c FROM sbtest1 WHERE k BETWEEN 3967413 AND 3967513
	Bitmap Heap Scan on sbtest1  (cost=5.48..409.32 rows=102 width=125)
	  Recheck Cond: ((k >= 3967413) AND (k <= 3967513))
	  ->  Bitmap Index Scan on k_1  (cost=0.00..5.45 rows=102 width=0)
	        Index Cond: ((k >= 3967413) AND (k <= 3967513))

table 2 : explain SELECT k, c FROM sbtest2 WHERE k BETWEEN 3967413 AND 3967513
	Bitmap Heap Scan on sbtest2  (cost=5.46..401.47 rows=100 width=125)
	  Recheck Cond: ((k >= 3967413) AND (k <= 3967513))
	  ->  Bitmap Index Scan on k_2  (cost=0.00..5.43 rows=100 width=0)
	        Index Cond: ((k >= 3967413) AND (k <= 3967513))

table 3 : explain SELECT k, c FROM sbtest3 WHERE k BETWEEN 3967413 AND 3967513
	Bitmap Heap Scan on sbtest3  (cost=5.42..385.70 rows=96 width=125)
	  Recheck Cond: ((k >= 3967413) AND (k <= 3967513))
	  ->  Bitmap Index Scan on k_3  (cost=0.00..5.39 rows=96 width=0)
	        Index Cond: ((k >= 3967413) AND (k <= 3967513))

table 4 : explain SELECT k, c FROM sbtest4 WHERE k BETWEEN 3967413 AND 3967513
	Bitmap Heap Scan on sbtest4  (cost=5.57..444.85 rows=111 width=125)
	  Recheck Cond: ((k >= 3967413) AND (k <= 3967513))
	  ->  Bitmap Index Scan on k_4  (cost=0.00..5.54 rows=111 width=0)
	        Index Cond: ((k >= 3967413) AND (k <= 3967513))

table 5 : explain SELECT k, c FROM sbtest5 WHERE k BETWEEN 3967413 AND 3967513
	Bitmap Heap Scan on sbtest5  (cost=5.39..373.89 rows=93 width=125)
	  Recheck Cond: ((k >= 3967413) AND (k <= 3967513))
	  ->  Bitmap Index Scan on k_5  (cost=0.00..5.36 rows=93 width=0)
	        Index Cond: ((k >= 3967413) AND (k <= 3967513))

table 6 : explain SELECT k, c FROM sbtest6 WHERE k BETWEEN 3967413 AND 3967513
	Bitmap Heap Scan on sbtest6  (cost=5.45..397.58 rows=99 width=125)
	  Recheck Cond: ((k >= 3967413) AND (k <= 3967513))
	  ->  Bitmap Index Scan on k_6  (cost=0.00..5.42 rows=99 width=0)
	        Index Cond: ((k >= 3967413) AND (k <= 3967513))

table 7 : explain SELECT k, c FROM sbtest7 WHERE k BETWEEN 3967413 AND 3967513
	Bitmap Heap Scan on sbtest7  (cost=5.45..397.58 rows=99 width=125)
	  Recheck Cond: ((k >= 3967413) AND (k <= 3967513))
	  ->  Bitmap Index Scan on k_7  (cost=0.00..5.42 rows=99 width=0)
	        Index Cond: ((k >= 3967413) AND (k <= 3967513))

table 8 : explain SELECT k, c FROM sbtest8 WHERE k BETWEEN 3967413 AND 3967513
	Bitmap Heap Scan on sbtest8  (cost=5.42..385.74 rows=96 width=125)
	  Recheck Cond: ((k >= 3967413) AND (k <= 3967513))
	  ->  Bitmap Index Scan on k_8  (cost=0.00..5.39 rows=96 width=0)
	        Index Cond: ((k >= 3967413) AND (k <= 3967513))

explain: for range-notcovered :: explain SELECT k, c FROM sbtest%d WHERE k BETWEEN 5046403 AND 5046503
explain: for range-notcovered :: explain SELECT k, c FROM sbtest%d WHERE k BETWEEN 8331790 AND 8331890
explain: for range-notcovered :: explain SELECT k, c FROM sbtest%d WHERE k BETWEEN 3237041 AND 3237141for range-notcovered
table 1 : explain SELECT k, c FROM sbtest1 WHERE k BETWEEN 1917812 AND 1917912
	Bitmap Heap Scan on sbtest1  (cost=5.51..421.14 rows=105 width=125)
	  Recheck Cond: ((k >= 1917812) AND (k <= 1917912))
	  ->  Bitmap Index Scan on k_1  (cost=0.00..5.48 rows=105 width=0)
	        Index Cond: ((k >= 1917812) AND (k <= 1917912))

table 2 : explain SELECT k, c FROM sbtest2 WHERE k BETWEEN 1917812 AND 1917912
	Bitmap Heap Scan on sbtest2  (cost=5.41..381.75 rows=95 width=125)
	  Recheck Cond: ((k >= 1917812) AND (k <= 1917912))
	  ->  Bitmap Index Scan on k_2  (cost=0.00..5.38 rows=95 width=0)
	        Index Cond: ((k >= 1917812) AND (k <= 1917912))

table 3 : explain SELECT k, c FROM sbtest3 WHERE k BETWEEN 1917812 AND 1917912
	Bitmap Heap Scan on sbtest3  (cost=5.42..385.70 rows=96 width=125)
	  Recheck Cond: ((k >= 1917812) AND (k <= 1917912))
	  ->  Bitmap Index Scan on k_3  (cost=0.00..5.39 rows=96 width=0)
	        Index Cond: ((k >= 1917812) AND (k <= 1917912))

table 4 : explain SELECT k, c FROM sbtest4 WHERE k BETWEEN 1917812 AND 1917912
	Bitmap Heap Scan on sbtest4  (cost=5.49..413.32 rows=103 width=125)
	  Recheck Cond: ((k >= 1917812) AND (k <= 1917912))
	  ->  Bitmap Index Scan on k_4  (cost=0.00..5.46 rows=103 width=0)
	        Index Cond: ((k >= 1917812) AND (k <= 1917912))

table 5 : explain SELECT k, c FROM sbtest5 WHERE k BETWEEN 1917812 AND 1917912
	Bitmap Heap Scan on sbtest5  (cost=5.44..393.61 rows=98 width=125)
	  Recheck Cond: ((k >= 1917812) AND (k <= 1917912))
	  ->  Bitmap Index Scan on k_5  (cost=0.00..5.42 rows=98 width=0)
	        Index Cond: ((k >= 1917812) AND (k <= 1917912))

table 6 : explain SELECT k, c FROM sbtest6 WHERE k BETWEEN 1917812 AND 1917912
	Bitmap Heap Scan on sbtest6  (cost=5.49..413.35 rows=103 width=125)
	  Recheck Cond: ((k >= 1917812) AND (k <= 1917912))
	  ->  Bitmap Index Scan on k_6  (cost=0.00..5.46 rows=103 width=0)
	        Index Cond: ((k >= 1917812) AND (k <= 1917912))

table 7 : explain SELECT k, c FROM sbtest7 WHERE k BETWEEN 1917812 AND 1917912
	Bitmap Heap Scan on sbtest7  (cost=5.50..417.29 rows=104 width=125)
	  Recheck Cond: ((k >= 1917812) AND (k <= 1917912))
	  ->  Bitmap Index Scan on k_7  (cost=0.00..5.47 rows=104 width=0)
	        Index Cond: ((k >= 1917812) AND (k <= 1917912))

table 8 : explain SELECT k, c FROM sbtest8 WHERE k BETWEEN 1917812 AND 1917912
	Bitmap Heap Scan on sbtest8  (cost=5.60..456.70 rows=114 width=125)
	  Recheck Cond: ((k >= 1917812) AND (k <= 1917912))
	  ->  Bitmap Index Scan on k_8  (cost=0.00..5.58 rows=114 width=0)
	        Index Cond: ((k >= 1917812) AND (k <= 1917912))
for range-notcovered
table 1 : explain SELECT k, c FROM sbtest1 WHERE k BETWEEN 6349144 AND 6349244
	Bitmap Heap Scan on sbtest1  (cost=5.50..417.20 rows=104 width=125)
	  Recheck Cond: ((k >= 6349144) AND (k <= 6349244))
	  ->  Bitmap Index Scan on k_1  (cost=0.00..5.47 rows=104 width=0)
	        Index Cond: ((k >= 6349144) AND (k <= 6349244))

table 2 : explain SELECT k, c FROM sbtest2 WHERE k BETWEEN 6349144 AND 6349244
	Bitmap Heap Scan on sbtest2  (cost=5.38..369.91 rows=92 width=125)
	  Recheck Cond: ((k >= 6349144) AND (k <= 6349244))
	  ->  Bitmap Index Scan on k_2  (cost=0.00..5.35 rows=92 width=0)
	        Index Cond: ((k >= 6349144) AND (k <= 6349244))

table 3 : explain SELECT k, c FROM sbtest3 WHERE k BETWEEN 6349144 AND 6349244
	Bitmap Heap Scan on sbtest3  (cost=5.48..409.36 rows=102 width=125)
	  Recheck Cond: ((k >= 6349144) AND (k <= 6349244))
	  ->  Bitmap Index Scan on k_3  (cost=0.00..5.45 rows=102 width=0)
	        Index Cond: ((k >= 6349144) AND (k <= 6349244))

table 4 : explain SELECT k, c FROM sbtest4 WHERE k BETWEEN 6349144 AND 6349244
	Bitmap Heap Scan on sbtest4  (cost=5.41..381.77 rows=95 width=125)
	  Recheck Cond: ((k >= 6349144) AND (k <= 6349244))
	  ->  Bitmap Index Scan on k_4  (cost=0.00..5.38 rows=95 width=0)
	        Index Cond: ((k >= 6349144) AND (k <= 6349244))

table 5 : explain SELECT k, c FROM sbtest5 WHERE k BETWEEN 6349144 AND 6349244
	Bitmap Heap Scan on sbtest5  (cost=5.43..389.67 rows=97 width=125)
	  Recheck Cond: ((k >= 6349144) AND (k <= 6349244))
	  ->  Bitmap Index Scan on k_5  (cost=0.00..5.40 rows=97 width=0)
	        Index Cond: ((k >= 6349144) AND (k <= 6349244))

table 6 : explain SELECT k, c FROM sbtest6 WHERE k BETWEEN 6349144 AND 6349244
	Bitmap Heap Scan on sbtest6  (cost=5.47..405.47 rows=101 width=125)
	  Recheck Cond: ((k >= 6349144) AND (k <= 6349244))
	  ->  Bitmap Index Scan on k_6  (cost=0.00..5.44 rows=101 width=0)
	        Index Cond: ((k >= 6349144) AND (k <= 6349244))

table 7 : explain SELECT k, c FROM sbtest7 WHERE k BETWEEN 6349144 AND 6349244
	Bitmap Heap Scan on sbtest7  (cost=5.60..456.69 rows=114 width=125)
	  Recheck Cond: ((k >= 6349144) AND (k <= 6349244))
	  ->  Bitmap Index Scan on k_7  (cost=0.00..5.58 rows=114 width=0)
	        Index Cond: ((k >= 6349144) AND (k <= 6349244))

table 8 : explain SELECT k, c FROM sbtest8 WHERE k BETWEEN 6349144 AND 6349244
	Bitmap Heap Scan on sbtest8  (cost=5.47..405.47 rows=101 width=125)
	  Recheck Cond: ((k >= 6349144) AND (k <= 6349244))
	  ->  Bitmap Index Scan on k_8  (cost=0.00..5.44 rows=101 width=0)
	        Index Cond: ((k >= 6349144) AND (k <= 6349244))


for range-notcovered
table 1 : explain SELECT k, c FROM sbtest1 WHERE k BETWEEN 2786643 AND 2786743
	Bitmap Heap Scan on sbtest1  (cost=5.50..417.20 rows=104 width=125)
	  Recheck Cond: ((k >= 2786643) AND (k <= 2786743))
	  ->  Bitmap Index Scan on k_1  (cost=0.00..5.47 rows=104 width=0)
	        Index Cond: ((k >= 2786643) AND (k <= 2786743))

table 2 : explain SELECT k, c FROM sbtest2 WHERE k BETWEEN 2786643 AND 2786743
	Bitmap Heap Scan on sbtest2  (cost=5.47..405.41 rows=101 width=125)
	  Recheck Cond: ((k >= 2786643) AND (k <= 2786743))
	  ->  Bitmap Index Scan on k_2  (cost=0.00..5.44 rows=101 width=0)
	        Index Cond: ((k >= 2786643) AND (k <= 2786743))

table 3 : explain SELECT k, c FROM sbtest3 WHERE k BETWEEN 2786643 AND 2786743
	Bitmap Heap Scan on sbtest3  (cost=5.48..409.36 rows=102 width=125)
	  Recheck Cond: ((k >= 2786643) AND (k <= 2786743))
	  ->  Bitmap Index Scan on k_3  (cost=0.00..5.45 rows=102 width=0)
	        Index Cond: ((k >= 2786643) AND (k <= 2786743))

table 4 : explain SELECT k, c FROM sbtest4 WHERE k BETWEEN 2786643 AND 2786743
	Bitmap Heap Scan on sbtest4  (cost=5.48..409.38 rows=102 width=125)
	  Recheck Cond: ((k >= 2786643) AND (k <= 2786743))
	  ->  Bitmap Index Scan on k_4  (cost=0.00..5.45 rows=102 width=0)
	        Index Cond: ((k >= 2786643) AND (k <= 2786743))

table 5 : explain SELECT k, c FROM sbtest5 WHERE k BETWEEN 2786643 AND 2786743
	Bitmap Heap Scan on sbtest5  (cost=5.46..401.50 rows=100 width=125)
	  Recheck Cond: ((k >= 2786643) AND (k <= 2786743))
	  ->  Bitmap Index Scan on k_5  (cost=0.00..5.43 rows=100 width=0)
	        Index Cond: ((k >= 2786643) AND (k <= 2786743))

table 6 : explain SELECT k, c FROM sbtest6 WHERE k BETWEEN 2786643 AND 2786743
	Bitmap Heap Scan on sbtest6  (cost=5.36..362.07 rows=90 width=125)
	  Recheck Cond: ((k >= 2786643) AND (k <= 2786743))
	  ->  Bitmap Index Scan on k_6  (cost=0.00..5.33 rows=90 width=0)
	        Index Cond: ((k >= 2786643) AND (k <= 2786743))

table 7 : explain SELECT k, c FROM sbtest7 WHERE k BETWEEN 2786643 AND 2786743
	Bitmap Heap Scan on sbtest7  (cost=5.41..381.80 rows=95 width=125)
	  Recheck Cond: ((k >= 2786643) AND (k <= 2786743))
	  ->  Bitmap Index Scan on k_7  (cost=0.00..5.38 rows=95 width=0)
	        Index Cond: ((k >= 2786643) AND (k <= 2786743))

table 8 : explain SELECT k, c FROM sbtest8 WHERE k BETWEEN 2786643 AND 2786743
	Bitmap Heap Scan on sbtest8  (cost=5.46..401.52 rows=100 width=125)
	  Recheck Cond: ((k >= 2786643) AND (k <= 2786743))
	  ->  Bitmap Index Scan on k_8  (cost=0.00..5.43 rows=100 width=0)
	        Index Cond: ((k >= 2786643) AND (k <= 2786743))
for range-notcovered
table 1 : explain SELECT k, c FROM sbtest1 WHERE k BETWEEN 7843619 AND 7843719
	Bitmap Heap Scan on sbtest1  (cost=5.45..397.49 rows=99 width=125)
	  Recheck Cond: ((k >= 7843619) AND (k <= 7843719))
	  ->  Bitmap Index Scan on k_1  (cost=0.00..5.42 rows=99 width=0)
	        Index Cond: ((k >= 7843619) AND (k <= 7843719))

table 2 : explain SELECT k, c FROM sbtest2 WHERE k BETWEEN 7843619 AND 7843719
	Bitmap Heap Scan on sbtest2  (cost=5.52..425.12 rows=106 width=125)
	  Recheck Cond: ((k >= 7843619) AND (k <= 7843719))
	  ->  Bitmap Index Scan on k_2  (cost=0.00..5.50 rows=106 width=0)
	        Index Cond: ((k >= 7843619) AND (k <= 7843719))

table 3 : explain SELECT k, c FROM sbtest3 WHERE k BETWEEN 7843619 AND 7843719
	Bitmap Heap Scan on sbtest3  (cost=5.48..409.36 rows=102 width=125)
	  Recheck Cond: ((k >= 7843619) AND (k <= 7843719))
	  ->  Bitmap Index Scan on k_3  (cost=0.00..5.45 rows=102 width=0)
	        Index Cond: ((k >= 7843619) AND (k <= 7843719))

table 4 : explain SELECT k, c FROM sbtest4 WHERE k BETWEEN 7843619 AND 7843719
	Bitmap Heap Scan on sbtest4  (cost=5.51..421.21 rows=105 width=125)
	  Recheck Cond: ((k >= 7843619) AND (k <= 7843719))
	  ->  Bitmap Index Scan on k_4  (cost=0.00..5.48 rows=105 width=0)
	        Index Cond: ((k >= 7843619) AND (k <= 7843719))

table 5 : explain SELECT k, c FROM sbtest5 WHERE k BETWEEN 7843619 AND 7843719
	Bitmap Heap Scan on sbtest5  (cost=5.54..433.03 rows=108 width=125)
	  Recheck Cond: ((k >= 7843619) AND (k <= 7843719))
	  ->  Bitmap Index Scan on k_5  (cost=0.00..5.51 rows=108 width=0)
	        Index Cond: ((k >= 7843619) AND (k <= 7843719))

table 6 : explain SELECT k, c FROM sbtest6 WHERE k BETWEEN 7843619 AND 7843719
	Bitmap Heap Scan on sbtest6  (cost=5.47..405.47 rows=101 width=125)
	  Recheck Cond: ((k >= 7843619) AND (k <= 7843719))
	  ->  Bitmap Index Scan on k_6  (cost=0.00..5.44 rows=101 width=0)
	        Index Cond: ((k >= 7843619) AND (k <= 7843719))

table 7 : explain SELECT k, c FROM sbtest7 WHERE k BETWEEN 7843619 AND 7843719
	Bitmap Heap Scan on sbtest7  (cost=5.35..358.12 rows=89 width=125)
	  Recheck Cond: ((k >= 7843619) AND (k <= 7843719))
	  ->  Bitmap Index Scan on k_7  (cost=0.00..5.32 rows=89 width=0)
	        Index Cond: ((k >= 7843619) AND (k <= 7843719))

table 8 : explain SELECT k, c FROM sbtest8 WHERE k BETWEEN 7843619 AND 7843719
	Bitmap Heap Scan on sbtest8  (cost=5.48..409.41 rows=102 width=125)
	  Recheck Cond: ((k >= 7843619) AND (k <= 7843719))
	  ->  Bitmap Index Scan on k_8  (cost=0.00..5.45 rows=102 width=0)
	        Index Cond: ((k >= 7843619) AND (k <= 7843719))

for range-notcovered
table 1 : explain SELECT k, c FROM sbtest1 WHERE k BETWEEN 6393573 AND 6393673
	Bitmap Heap Scan on sbtest1  (cost=5.50..417.20 rows=104 width=125)
	  Recheck Cond: ((k >= 6393573) AND (k <= 6393673))
	  ->  Bitmap Index Scan on k_1  (cost=0.00..5.47 rows=104 width=0)
	        Index Cond: ((k >= 6393573) AND (k <= 6393673))

table 2 : explain SELECT k, c FROM sbtest2 WHERE k BETWEEN 6393573 AND 6393673
	Bitmap Heap Scan on sbtest2  (cost=5.46..401.47 rows=100 width=125)
	  Recheck Cond: ((k >= 6393573) AND (k <= 6393673))
	  ->  Bitmap Index Scan on k_2  (cost=0.00..5.43 rows=100 width=0)
	        Index Cond: ((k >= 6393573) AND (k <= 6393673))

table 3 : explain SELECT k, c FROM sbtest3 WHERE k BETWEEN 6393573 AND 6393673
	Bitmap Heap Scan on sbtest3  (cost=5.48..409.36 rows=102 width=125)
	  Recheck Cond: ((k >= 6393573) AND (k <= 6393673))
	  ->  Bitmap Index Scan on k_3  (cost=0.00..5.45 rows=102 width=0)
	        Index Cond: ((k >= 6393573) AND (k <= 6393673))

table 4 : explain SELECT k, c FROM sbtest4 WHERE k BETWEEN 6393573 AND 6393673
	Bitmap Heap Scan on sbtest4  (cost=5.47..405.44 rows=101 width=125)
	  Recheck Cond: ((k >= 6393573) AND (k <= 6393673))
	  ->  Bitmap Index Scan on k_4  (cost=0.00..5.44 rows=101 width=0)
	        Index Cond: ((k >= 6393573) AND (k <= 6393673))

table 5 : explain SELECT k, c FROM sbtest5 WHERE k BETWEEN 6393573 AND 6393673
	Bitmap Heap Scan on sbtest5  (cost=5.47..405.44 rows=101 width=125)
	  Recheck Cond: ((k >= 6393573) AND (k <= 6393673))
	  ->  Bitmap Index Scan on k_5  (cost=0.00..5.44 rows=101 width=0)
	        Index Cond: ((k >= 6393573) AND (k <= 6393673))

table 6 : explain SELECT k, c FROM sbtest6 WHERE k BETWEEN 6393573 AND 6393673
	Bitmap Heap Scan on sbtest6  (cost=5.51..421.24 rows=105 width=125)
	  Recheck Cond: ((k >= 6393573) AND (k <= 6393673))
	  ->  Bitmap Index Scan on k_6  (cost=0.00..5.48 rows=105 width=0)
	        Index Cond: ((k >= 6393573) AND (k <= 6393673))

table 7 : explain SELECT k, c FROM sbtest7 WHERE k BETWEEN 6393573 AND 6393673
	Bitmap Heap Scan on sbtest7  (cost=5.50..417.29 rows=104 width=125)
	  Recheck Cond: ((k >= 6393573) AND (k <= 6393673))
	  ->  Bitmap Index Scan on k_7  (cost=0.00..5.47 rows=104 width=0)
	        Index Cond: ((k >= 6393573) AND (k <= 6393673))

table 8 : explain SELECT k, c FROM sbtest8 WHERE k BETWEEN 6393573 AND 6393673
	Bitmap Heap Scan on sbtest8  (cost=5.47..405.47 rows=101 width=125)
	  Recheck Cond: ((k >= 6393573) AND (k <= 6393673))
	  ->  Bitmap Index Scan on k_8  (cost=0.00..5.44 rows=101 width=0)
	        Index Cond: ((k >= 6393573) AND (k <= 6393673))



explain: for range-notcovered :: explain SELECT k, c FROM sbtest%d WHERE k BETWEEN 3169993 AND 3170093
explain: for range-notcovered :: explain SELECT k, c FROM sbtest%d WHERE k BETWEEN 3967413 AND 3967513
explain: for range-notcovered :: explain SELECT k, c FROM sbtest%d WHERE k BETWEEN 6349144 AND 6349244
explain: for range-notcovered :: explain SELECT k, c FROM sbtest%d WHERE k BETWEEN 7843619 AND 7843719for range-notcovered
table 1 : explain SELECT k, c FROM sbtest1 WHERE k BETWEEN 2814015 AND 2814115
	Bitmap Heap Scan on sbtest1  (cost=5.50..417.20 rows=104 width=125)
	  Recheck Cond: ((k >= 2814015) AND (k <= 2814115))
	  ->  Bitmap Index Scan on k_1  (cost=0.00..5.47 rows=104 width=0)
	        Index Cond: ((k >= 2814015) AND (k <= 2814115))

table 2 : explain SELECT k, c FROM sbtest2 WHERE k BETWEEN 2814015 AND 2814115
	Bitmap Heap Scan on sbtest2  (cost=5.47..405.41 rows=101 width=125)
	  Recheck Cond: ((k >= 2814015) AND (k <= 2814115))
	  ->  Bitmap Index Scan on k_2  (cost=0.00..5.44 rows=101 width=0)
	        Index Cond: ((k >= 2814015) AND (k <= 2814115))

table 3 : explain SELECT k, c FROM sbtest3 WHERE k BETWEEN 2814015 AND 2814115
	Bitmap Heap Scan on sbtest3  (cost=5.55..436.94 rows=109 width=125)
	  Recheck Cond: ((k >= 2814015) AND (k <= 2814115))
	  ->  Bitmap Index Scan on k_3  (cost=0.00..5.52 rows=109 width=0)
	        Index Cond: ((k >= 2814015) AND (k <= 2814115))

table 4 : explain SELECT k, c FROM sbtest4 WHERE k BETWEEN 2814015 AND 2814115
	Bitmap Heap Scan on sbtest4  (cost=5.50..417.27 rows=104 width=125)
	  Recheck Cond: ((k >= 2814015) AND (k <= 2814115))
	  ->  Bitmap Index Scan on k_4  (cost=0.00..5.47 rows=104 width=0)
	        Index Cond: ((k >= 2814015) AND (k <= 2814115))

table 5 : explain SELECT k, c FROM sbtest5 WHERE k BETWEEN 2814015 AND 2814115
	Bitmap Heap Scan on sbtest5  (cost=5.46..401.50 rows=100 width=125)
	  Recheck Cond: ((k >= 2814015) AND (k <= 2814115))
	  ->  Bitmap Index Scan on k_5  (cost=0.00..5.43 rows=100 width=0)
	        Index Cond: ((k >= 2814015) AND (k <= 2814115))

table 6 : explain SELECT k, c FROM sbtest6 WHERE k BETWEEN 2814015 AND 2814115
	Bitmap Heap Scan on sbtest6  (cost=5.36..362.07 rows=90 width=125)
	  Recheck Cond: ((k >= 2814015) AND (k <= 2814115))
	  ->  Bitmap Index Scan on k_6  (cost=0.00..5.33 rows=90 width=0)
	        Index Cond: ((k >= 2814015) AND (k <= 2814115))

table 7 : explain SELECT k, c FROM sbtest7 WHERE k BETWEEN 2814015 AND 2814115
	Bitmap Heap Scan on sbtest7  (cost=5.55..437.00 rows=109 width=125)
	  Recheck Cond: ((k >= 2814015) AND (k <= 2814115))
	  ->  Bitmap Index Scan on k_7  (cost=0.00..5.52 rows=109 width=0)
	        Index Cond: ((k >= 2814015) AND (k <= 2814115))

table 8 : explain SELECT k, c FROM sbtest8 WHERE k BETWEEN 2814015 AND 2814115
	Bitmap Heap Scan on sbtest8  (cost=5.46..401.52 rows=100 width=125)
	  Recheck Cond: ((k >= 2814015) AND (k <= 2814115))
	  ->  Bitmap Index Scan on k_8  (cost=0.00..5.43 rows=100 width=0)
	        Index Cond: ((k >= 2814015) AND (k <= 2814115))
for range-notcovered
table 1 : explain SELECT k, c FROM sbtest1 WHERE k BETWEEN 5389193 AND 5389293
	Bitmap Heap Scan on sbtest1  (cost=5.58..448.71 rows=112 width=125)
	  Recheck Cond: ((k >= 5389193) AND (k <= 5389293))
	  ->  Bitmap Index Scan on k_1  (cost=0.00..5.55 rows=112 width=0)
	        Index Cond: ((k >= 5389193) AND (k <= 5389293))

table 2 : explain SELECT k, c FROM sbtest2 WHERE k BETWEEN 5389193 AND 5389293
	Bitmap Heap Scan on sbtest2  (cost=5.46..401.47 rows=100 width=125)
	  Recheck Cond: ((k >= 5389193) AND (k <= 5389293))
	  ->  Bitmap Index Scan on k_2  (cost=0.00..5.43 rows=100 width=0)
	        Index Cond: ((k >= 5389193) AND (k <= 5389293))

table 3 : explain SELECT k, c FROM sbtest3 WHERE k BETWEEN 5389193 AND 5389293
	Bitmap Heap Scan on sbtest3  (cost=5.41..381.75 rows=95 width=125)
	  Recheck Cond: ((k >= 5389193) AND (k <= 5389293))
	  ->  Bitmap Index Scan on k_3  (cost=0.00..5.38 rows=95 width=0)
	        Index Cond: ((k >= 5389193) AND (k <= 5389293))

table 4 : explain SELECT k, c FROM sbtest4 WHERE k BETWEEN 5389193 AND 5389293
	Bitmap Heap Scan on sbtest4  (cost=5.43..389.66 rows=97 width=125)
	  Recheck Cond: ((k >= 5389193) AND (k <= 5389293))
	  ->  Bitmap Index Scan on k_4  (cost=0.00..5.40 rows=97 width=0)
	        Index Cond: ((k >= 5389193) AND (k <= 5389293))

table 5 : explain SELECT k, c FROM sbtest5 WHERE k BETWEEN 5389193 AND 5389293
	Bitmap Heap Scan on sbtest5  (cost=5.47..405.44 rows=101 width=125)
	  Recheck Cond: ((k >= 5389193) AND (k <= 5389293))
	  ->  Bitmap Index Scan on k_5  (cost=0.00..5.44 rows=101 width=0)
	        Index Cond: ((k >= 5389193) AND (k <= 5389293))

table 6 : explain SELECT k, c FROM sbtest6 WHERE k BETWEEN 5389193 AND 5389293
	Bitmap Heap Scan on sbtest6  (cost=5.54..433.06 rows=108 width=125)
	  Recheck Cond: ((k >= 5389193) AND (k <= 5389293))
	  ->  Bitmap Index Scan on k_6  (cost=0.00..5.51 rows=108 width=0)
	        Index Cond: ((k >= 5389193) AND (k <= 5389293))

table 7 : explain SELECT k, c FROM sbtest7 WHERE k BETWEEN 5389193 AND 5389293
	Bitmap Heap Scan on sbtest7  (cost=5.56..440.94 rows=110 width=125)
	  Recheck Cond: ((k >= 5389193) AND (k <= 5389293))
	  ->  Bitmap Index Scan on k_7  (cost=0.00..5.53 rows=110 width=0)
	        Index Cond: ((k >= 5389193) AND (k <= 5389293))

table 8 : explain SELECT k, c FROM sbtest8 WHERE k BETWEEN 5389193 AND 5389293
	Bitmap Heap Scan on sbtest8  (cost=5.42..385.74 rows=96 width=125)
	  Recheck Cond: ((k >= 5389193) AND (k <= 5389293))
	  ->  Bitmap Index Scan on k_8  (cost=0.00..5.39 rows=96 width=0)
	        Index Cond: ((k >= 5389193) AND (k <= 5389293))
explain: for range-notcovered :: explain SELECT k, c FROM sbtest%d WHERE k BETWEEN 1917812 AND 1917912
explain: for range-notcovered :: explain SELECT k, c FROM sbtest%d WHERE k BETWEEN 2168939 AND 2169039
explain: for range-notcovered :: explain SELECT k, c FROM sbtest%d WHERE k BETWEEN 2786643 AND 2786743



explain: for range-notcovered :: explain SELECT k, c FROM sbtest%d WHERE k BETWEEN 6393573 AND 6393673
explain: for range-notcovered :: explain SELECT k, c FROM sbtest%d WHERE k BETWEEN 2814015 AND 2814115
for range-notcovered
table 1 : explain SELECT k, c FROM sbtest1 WHERE k BETWEEN 4989850 AND 4989950
	Bitmap Heap Scan on sbtest1  (cost=5.57..444.78 rows=111 width=125)
	  Recheck Cond: ((k >= 4989850) AND (k <= 4989950))
	  ->  Bitmap Index Scan on k_1  (cost=0.00..5.54 rows=111 width=0)
	        Index Cond: ((k >= 4989850) AND (k <= 4989950))

table 2 : explain SELECT k, c FROM sbtest2 WHERE k BETWEEN 4989850 AND 4989950
	Bitmap Heap Scan on sbtest2  (cost=5.49..413.29 rows=103 width=125)
	  Recheck Cond: ((k >= 4989850) AND (k <= 4989950))
	  ->  Bitmap Index Scan on k_2  (cost=0.00..5.46 rows=103 width=0)
	        Index Cond: ((k >= 4989850) AND (k <= 4989950))

table 3 : explain SELECT k, c FROM sbtest3 WHERE k BETWEEN 4989850 AND 4989950
	Bitmap Heap Scan on sbtest3  (cost=5.51..421.18 rows=105 width=125)
	  Recheck Cond: ((k >= 4989850) AND (k <= 4989950))
	  ->  Bitmap Index Scan on k_3  (cost=0.00..5.48 rows=105 width=0)
	        Index Cond: ((k >= 4989850) AND (k <= 4989950))

table 4 : explain SELECT k, c FROM sbtest4 WHERE k BETWEEN 4989850 AND 4989950
	Bitmap Heap Scan on sbtest4  (cost=5.43..389.66 rows=97 width=125)
	  Recheck Cond: ((k >= 4989850) AND (k <= 4989950))
	  ->  Bitmap Index Scan on k_4  (cost=0.00..5.40 rows=97 width=0)
	        Index Cond: ((k >= 4989850) AND (k <= 4989950))

table 5 : explain SELECT k, c FROM sbtest5 WHERE k BETWEEN 4989850 AND 4989950
	Bitmap Heap Scan on sbtest5  (cost=5.54..433.03 rows=108 width=125)
	  Recheck Cond: ((k >= 4989850) AND (k <= 4989950))
	  ->  Bitmap Index Scan on k_5  (cost=0.00..5.51 rows=108 width=0)
	        Index Cond: ((k >= 4989850) AND (k <= 4989950))

table 6 : explain SELECT k, c FROM sbtest6 WHERE k BETWEEN 4989850 AND 4989950
	Bitmap Heap Scan on sbtest6  (cost=5.45..397.58 rows=99 width=125)
	  Recheck Cond: ((k >= 4989850) AND (k <= 4989950))
	  ->  Bitmap Index Scan on k_6  (cost=0.00..5.42 rows=99 width=0)
	        Index Cond: ((k >= 4989850) AND (k <= 4989950))

table 7 : explain SELECT k, c FROM sbtest7 WHERE k BETWEEN 4989850 AND 4989950
	Bitmap Heap Scan on sbtest7  (cost=5.48..409.41 rows=102 width=125)
	  Recheck Cond: ((k >= 4989850) AND (k <= 4989950))
	  ->  Bitmap Index Scan on k_7  (cost=0.00..5.45 rows=102 width=0)
	        Index Cond: ((k >= 4989850) AND (k <= 4989950))

table 8 : explain SELECT k, c FROM sbtest8 WHERE k BETWEEN 4989850 AND 4989950
	Bitmap Heap Scan on sbtest8  (cost=5.42..385.74 rows=96 width=125)
	  Recheck Cond: ((k >= 4989850) AND (k <= 4989950))
	  ->  Bitmap Index Scan on k_8  (cost=0.00..5.39 rows=96 width=0)
	        Index Cond: ((k >= 4989850) AND (k <= 4989950))

explain: for range-notcovered :: explain SELECT k, c FROM sbtest%d WHERE k BETWEEN 5389193 AND 5389293for range-notcovered
table 1 : explain SELECT k, c FROM sbtest1 WHERE k BETWEEN 4378422 AND 4378522
	Bitmap Heap Scan on sbtest1  (cost=5.50..417.20 rows=104 width=125)
	  Recheck Cond: ((k >= 4378422) AND (k <= 4378522))
	  ->  Bitmap Index Scan on k_1  (cost=0.00..5.47 rows=104 width=0)
	        Index Cond: ((k >= 4378422) AND (k <= 4378522))

table 2 : explain SELECT k, c FROM sbtest2 WHERE k BETWEEN 4378422 AND 4378522
	Bitmap Heap Scan on sbtest2  (cost=5.60..456.63 rows=114 width=125)
	  Recheck Cond: ((k >= 4378422) AND (k <= 4378522))
	  ->  Bitmap Index Scan on k_2  (cost=0.00..5.58 rows=114 width=0)
	        Index Cond: ((k >= 4378422) AND (k <= 4378522))

table 3 : explain SELECT k, c FROM sbtest3 WHERE k BETWEEN 4378422 AND 4378522
	Bitmap Heap Scan on sbtest3  (cost=5.42..385.70 rows=96 width=125)
	  Recheck Cond: ((k >= 4378422) AND (k <= 4378522))
	  ->  Bitmap Index Scan on k_3  (cost=0.00..5.39 rows=96 width=0)
	        Index Cond: ((k >= 4378422) AND (k <= 4378522))

table 4 : explain SELECT k, c FROM sbtest4 WHERE k BETWEEN 4378422 AND 4378522
	Bitmap Heap Scan on sbtest4  (cost=5.44..393.61 rows=98 width=125)
	  Recheck Cond: ((k >= 4378422) AND (k <= 4378522))
	  ->  Bitmap Index Scan on k_4  (cost=0.00..5.42 rows=98 width=0)
	        Index Cond: ((k >= 4378422) AND (k <= 4378522))

table 5 : explain SELECT k, c FROM sbtest5 WHERE k BETWEEN 4378422 AND 4378522
	Bitmap Heap Scan on sbtest5  (cost=5.46..401.50 rows=100 width=125)
	  Recheck Cond: ((k >= 4378422) AND (k <= 4378522))
	  ->  Bitmap Index Scan on k_5  (cost=0.00..5.43 rows=100 width=0)
	        Index Cond: ((k >= 4378422) AND (k <= 4378522))

table 6 : explain SELECT k, c FROM sbtest6 WHERE k BETWEEN 4378422 AND 4378522
	Bitmap Heap Scan on sbtest6  (cost=5.49..413.35 rows=103 width=125)
	  Recheck Cond: ((k >= 4378422) AND (k <= 4378522))
	  ->  Bitmap Index Scan on k_6  (cost=0.00..5.46 rows=103 width=0)
	        Index Cond: ((k >= 4378422) AND (k <= 4378522))

table 7 : explain SELECT k, c FROM sbtest7 WHERE k BETWEEN 4378422 AND 4378522
	Bitmap Heap Scan on sbtest7  (cost=5.59..452.76 rows=113 width=125)
	  Recheck Cond: ((k >= 4378422) AND (k <= 4378522))
	  ->  Bitmap Index Scan on k_7  (cost=0.00..5.56 rows=113 width=0)
	        Index Cond: ((k >= 4378422) AND (k <= 4378522))

table 8 : explain SELECT k, c FROM sbtest8 WHERE k BETWEEN 4378422 AND 4378522
	Bitmap Heap Scan on sbtest8  (cost=5.55..437.00 rows=109 width=125)
	  Recheck Cond: ((k >= 4378422) AND (k <= 4378522))
	  ->  Bitmap Index Scan on k_8  (cost=0.00..5.52 rows=109 width=0)
	        Index Cond: ((k >= 4378422) AND (k <= 4378522))

for range-notcovered
table 1 : explain SELECT k, c FROM sbtest1 WHERE k BETWEEN 231832 AND 231932
	Bitmap Heap Scan on sbtest1  (cost=5.53..429.02 rows=107 width=125)
	  Recheck Cond: ((k >= 231832) AND (k <= 231932))
	  ->  Bitmap Index Scan on k_1  (cost=0.00..5.50 rows=107 width=0)
	        Index Cond: ((k >= 231832) AND (k <= 231932))

table 2 : explain SELECT k, c FROM sbtest2 WHERE k BETWEEN 231832 AND 231932
	Bitmap Heap Scan on sbtest2  (cost=5.49..413.29 rows=103 width=125)
	  Recheck Cond: ((k >= 231832) AND (k <= 231932))
	  ->  Bitmap Index Scan on k_2  (cost=0.00..5.46 rows=103 width=0)
	        Index Cond: ((k >= 231832) AND (k <= 231932))

table 3 : explain SELECT k, c FROM sbtest3 WHERE k BETWEEN 231832 AND 231932
	Bitmap Heap Scan on sbtest3  (cost=5.48..409.36 rows=102 width=125)
	  Recheck Cond: ((k >= 231832) AND (k <= 231932))
	  ->  Bitmap Index Scan on k_3  (cost=0.00..5.45 rows=102 width=0)
	        Index Cond: ((k >= 231832) AND (k <= 231932))

table 4 : explain SELECT k, c FROM sbtest4 WHERE k BETWEEN 231832 AND 231932
	Bitmap Heap Scan on sbtest4  (cost=5.50..417.27 rows=104 width=125)
	  Recheck Cond: ((k >= 231832) AND (k <= 231932))
	  ->  Bitmap Index Scan on k_4  (cost=0.00..5.47 rows=104 width=0)
	        Index Cond: ((k >= 231832) AND (k <= 231932))

table 5 : explain SELECT k, c FROM sbtest5 WHERE k BETWEEN 231832 AND 231932
	Bitmap Heap Scan on sbtest5  (cost=5.42..385.72 rows=96 width=125)
	  Recheck Cond: ((k >= 231832) AND (k <= 231932))
	  ->  Bitmap Index Scan on k_5  (cost=0.00..5.39 rows=96 width=0)
	        Index Cond: ((k >= 231832) AND (k <= 231932))

table 6 : explain SELECT k, c FROM sbtest6 WHERE k BETWEEN 231832 AND 231932
	Bitmap Heap Scan on sbtest6  (cost=5.58..448.82 rows=112 width=125)
	  Recheck Cond: ((k >= 231832) AND (k <= 231932))
	  ->  Bitmap Index Scan on k_6  (cost=0.00..5.55 rows=112 width=0)
	        Index Cond: ((k >= 231832) AND (k <= 231932))

table 7 : explain SELECT k, c FROM sbtest7 WHERE k BETWEEN 231832 AND 231932
	Bitmap Heap Scan on sbtest7  (cost=5.48..409.41 rows=102 width=125)
	  Recheck Cond: ((k >= 231832) AND (k <= 231932))
	  ->  Bitmap Index Scan on k_7  (cost=0.00..5.45 rows=102 width=0)
	        Index Cond: ((k >= 231832) AND (k <= 231932))

table 8 : explain SELECT k, c FROM sbtest8 WHERE k BETWEEN 231832 AND 231932
	Bitmap Heap Scan on sbtest8  (cost=5.57..444.88 rows=111 width=125)
	  Recheck Cond: ((k >= 231832) AND (k <= 231932))
	  ->  Bitmap Index Scan on k_8  (cost=0.00..5.54 rows=111 width=0)
	        Index Cond: ((k >= 231832) AND (k <= 231932))

for range-notcovered
table 1 : explain SELECT k, c FROM sbtest1 WHERE k BETWEEN 5409911 AND 5410011
	Bitmap Heap Scan on sbtest1  (cost=5.58..448.71 rows=112 width=125)
	  Recheck Cond: ((k >= 5409911) AND (k <= 5410011))
	  ->  Bitmap Index Scan on k_1  (cost=0.00..5.55 rows=112 width=0)
	        Index Cond: ((k >= 5409911) AND (k <= 5410011))

table 2 : explain SELECT k, c FROM sbtest2 WHERE k BETWEEN 5409911 AND 5410011
	Bitmap Heap Scan on sbtest2  (cost=5.46..401.47 rows=100 width=125)
	  Recheck Cond: ((k >= 5409911) AND (k <= 5410011))
	  ->  Bitmap Index Scan on k_2  (cost=0.00..5.43 rows=100 width=0)
	        Index Cond: ((k >= 5409911) AND (k <= 5410011))

table 3 : explain SELECT k, c FROM sbtest3 WHERE k BETWEEN 5409911 AND 5410011
	Bitmap Heap Scan on sbtest3  (cost=5.49..413.30 rows=103 width=125)
	  Recheck Cond: ((k >= 5409911) AND (k <= 5410011))
	  ->  Bitmap Index Scan on k_3  (cost=0.00..5.46 rows=103 width=0)
	        Index Cond: ((k >= 5409911) AND (k <= 5410011))

table 4 : explain SELECT k, c FROM sbtest4 WHERE k BETWEEN 5409911 AND 5410011
	Bitmap Heap Scan on sbtest4  (cost=5.49..413.32 rows=103 width=125)
	  Recheck Cond: ((k >= 5409911) AND (k <= 5410011))
	  ->  Bitmap Index Scan on k_4  (cost=0.00..5.46 rows=103 width=0)
	        Index Cond: ((k >= 5409911) AND (k <= 5410011))

table 5 : explain SELECT k, c FROM sbtest5 WHERE k BETWEEN 5409911 AND 5410011
	Bitmap Heap Scan on sbtest5  (cost=5.47..405.44 rows=101 width=125)
	  Recheck Cond: ((k >= 5409911) AND (k <= 5410011))
	  ->  Bitmap Index Scan on k_5  (cost=0.00..5.44 rows=101 width=0)
	        Index Cond: ((k >= 5409911) AND (k <= 5410011))

table 6 : explain SELECT k, c FROM sbtest6 WHERE k BETWEEN 5409911 AND 5410011
	Bitmap Heap Scan on sbtest6  (cost=5.54..433.06 rows=108 width=125)
	  Recheck Cond: ((k >= 5409911) AND (k <= 5410011))
	  ->  Bitmap Index Scan on k_6  (cost=0.00..5.51 rows=108 width=0)
	        Index Cond: ((k >= 5409911) AND (k <= 5410011))

table 7 : explain SELECT k, c FROM sbtest7 WHERE k BETWEEN 5409911 AND 5410011
	Bitmap Heap Scan on sbtest7  (cost=5.56..440.94 rows=110 width=125)
	  Recheck Cond: ((k >= 5409911) AND (k <= 5410011))
	  ->  Bitmap Index Scan on k_7  (cost=0.00..5.53 rows=110 width=0)
	        Index Cond: ((k >= 5409911) AND (k <= 5410011))

table 8 : explain SELECT k, c FROM sbtest8 WHERE k BETWEEN 5409911 AND 5410011
	Bitmap Heap Scan on sbtest8  (cost=5.42..385.74 rows=96 width=125)
	  Recheck Cond: ((k >= 5409911) AND (k <= 5410011))
	  ->  Bitmap Index Scan on k_8  (cost=0.00..5.39 rows=96 width=0)
	        Index Cond: ((k >= 5409911) AND (k <= 5410011))
for range-notcovered
table 1 : explain SELECT k, c FROM sbtest1 WHERE k BETWEEN 7267824 AND 7267924
	Bitmap Heap Scan on sbtest1  (cost=5.74..507.73 rows=127 width=125)
	  Recheck Cond: ((k >= 7267824) AND (k <= 7267924))
	  ->  Bitmap Index Scan on k_1  (cost=0.00..5.70 rows=127 width=0)
	        Index Cond: ((k >= 7267824) AND (k <= 7267924))

table 2 : explain SELECT k, c FROM sbtest2 WHERE k BETWEEN 7267824 AND 7267924
	Bitmap Heap Scan on sbtest2  (cost=5.51..421.18 rows=105 width=125)
	  Recheck Cond: ((k >= 7267824) AND (k <= 7267924))
	  ->  Bitmap Index Scan on k_2  (cost=0.00..5.48 rows=105 width=0)
	        Index Cond: ((k >= 7267824) AND (k <= 7267924))

table 3 : explain SELECT k, c FROM sbtest3 WHERE k BETWEEN 7267824 AND 7267924
	Bitmap Heap Scan on sbtest3  (cost=5.53..429.06 rows=107 width=125)
	  Recheck Cond: ((k >= 7267824) AND (k <= 7267924))
	  ->  Bitmap Index Scan on k_3  (cost=0.00..5.50 rows=107 width=0)
	        Index Cond: ((k >= 7267824) AND (k <= 7267924))

table 4 : explain SELECT k, c FROM sbtest4 WHERE k BETWEEN 7267824 AND 7267924
	Bitmap Heap Scan on sbtest4  (cost=5.50..417.27 rows=104 width=125)
	  Recheck Cond: ((k >= 7267824) AND (k <= 7267924))
	  ->  Bitmap Index Scan on k_4  (cost=0.00..5.47 rows=104 width=0)
	        Index Cond: ((k >= 7267824) AND (k <= 7267924))

table 5 : explain SELECT k, c FROM sbtest5 WHERE k BETWEEN 7267824 AND 7267924
	Bitmap Heap Scan on sbtest5  (cost=5.56..440.91 rows=110 width=125)
	  Recheck Cond: ((k >= 7267824) AND (k <= 7267924))
	  ->  Bitmap Index Scan on k_5  (cost=0.00..5.53 rows=110 width=0)
	        Index Cond: ((k >= 7267824) AND (k <= 7267924))

table 6 : explain SELECT k, c FROM sbtest6 WHERE k BETWEEN 7267824 AND 7267924
	Bitmap Heap Scan on sbtest6  (cost=5.49..413.35 rows=103 width=125)
	  Recheck Cond: ((k >= 7267824) AND (k <= 7267924))
	  ->  Bitmap Index Scan on k_6  (cost=0.00..5.46 rows=103 width=0)
	        Index Cond: ((k >= 7267824) AND (k <= 7267924))

table 7 : explain SELECT k, c FROM sbtest7 WHERE k BETWEEN 7267824 AND 7267924
	Bitmap Heap Scan on sbtest7  (cost=5.48..409.41 rows=102 width=125)
	  Recheck Cond: ((k >= 7267824) AND (k <= 7267924))
	  ->  Bitmap Index Scan on k_7  (cost=0.00..5.45 rows=102 width=0)
	        Index Cond: ((k >= 7267824) AND (k <= 7267924))

table 8 : explain SELECT k, c FROM sbtest8 WHERE k BETWEEN 7267824 AND 7267924
	Bitmap Heap Scan on sbtest8  (cost=5.50..417.29 rows=104 width=125)
	  Recheck Cond: ((k >= 7267824) AND (k <= 7267924))
	  ->  Bitmap Index Scan on k_8  (cost=0.00..5.47 rows=104 width=0)
	        Index Cond: ((k >= 7267824) AND (k <= 7267924))

for range-notcovered
table 1 : explain SELECT k, c FROM sbtest1 WHERE k BETWEEN 1500845 AND 1500945
	Bitmap Heap Scan on sbtest1  (cost=5.53..429.02 rows=107 width=125)
	  Recheck Cond: ((k >= 1500845) AND (k <= 1500945))
	  ->  Bitmap Index Scan on k_1  (cost=0.00..5.50 rows=107 width=0)
	        Index Cond: ((k >= 1500845) AND (k <= 1500945))

table 2 : explain SELECT k, c FROM sbtest2 WHERE k BETWEEN 1500845 AND 1500945
	Bitmap Heap Scan on sbtest2  (cost=5.52..425.12 rows=106 width=125)
	  Recheck Cond: ((k >= 1500845) AND (k <= 1500945))
	  ->  Bitmap Index Scan on k_2  (cost=0.00..5.50 rows=106 width=0)
	        Index Cond: ((k >= 1500845) AND (k <= 1500945))

table 3 : explain SELECT k, c FROM sbtest3 WHERE k BETWEEN 1500845 AND 1500945
	Bitmap Heap Scan on sbtest3  (cost=5.52..425.12 rows=106 width=125)
	  Recheck Cond: ((k >= 1500845) AND (k <= 1500945))
	  ->  Bitmap Index Scan on k_3  (cost=0.00..5.50 rows=106 width=0)
	        Index Cond: ((k >= 1500845) AND (k <= 1500945))

table 4 : explain SELECT k, c FROM sbtest4 WHERE k BETWEEN 1500845 AND 1500945
	Bitmap Heap Scan on sbtest4  (cost=5.42..385.72 rows=96 width=125)
	  Recheck Cond: ((k >= 1500845) AND (k <= 1500945))
	  ->  Bitmap Index Scan on k_4  (cost=0.00..5.39 rows=96 width=0)
	        Index Cond: ((k >= 1500845) AND (k <= 1500945))

table 5 : explain SELECT k, c FROM sbtest5 WHERE k BETWEEN 1500845 AND 1500945
	Bitmap Heap Scan on sbtest5  (cost=5.58..448.79 rows=112 width=125)
	  Recheck Cond: ((k >= 1500845) AND (k <= 1500945))
	  ->  Bitmap Index Scan on k_5  (cost=0.00..5.55 rows=112 width=0)
	        Index Cond: ((k >= 1500845) AND (k <= 1500945))

table 6 : explain SELECT k, c FROM sbtest6 WHERE k BETWEEN 1500845 AND 1500945
	Bitmap Heap Scan on sbtest6  (cost=5.54..433.06 rows=108 width=125)
	  Recheck Cond: ((k >= 1500845) AND (k <= 1500945))
	  ->  Bitmap Index Scan on k_6  (cost=0.00..5.51 rows=108 width=0)
	        Index Cond: ((k >= 1500845) AND (k <= 1500945))

table 7 : explain SELECT k, c FROM sbtest7 WHERE k BETWEEN 1500845 AND 1500945
	Bitmap Heap Scan on sbtest7  (cost=5.59..452.76 rows=113 width=125)
	  Recheck Cond: ((k >= 1500845) AND (k <= 1500945))
	  ->  Bitmap Index Scan on k_7  (cost=0.00..5.56 rows=113 width=0)
	        Index Cond: ((k >= 1500845) AND (k <= 1500945))

table 8 : explain SELECT k, c FROM sbtest8 WHERE k BETWEEN 1500845 AND 1500945
	Bitmap Heap Scan on sbtest8  (cost=5.48..409.41 rows=102 width=125)
	  Recheck Cond: ((k >= 1500845) AND (k <= 1500945))
	  ->  Bitmap Index Scan on k_8  (cost=0.00..5.45 rows=102 width=0)
	        Index Cond: ((k >= 1500845) AND (k <= 1500945))
explain: for range-notcovered :: explain SELECT k, c FROM sbtest%d WHERE k BETWEEN 4378422 AND 4378522for range-notcovered
table 1 : explain SELECT k, c FROM sbtest1 WHERE k BETWEEN 8204642 AND 8204742
	Bitmap Heap Scan on sbtest1  (cost=5.50..417.20 rows=104 width=125)
	  Recheck Cond: ((k >= 8204642) AND (k <= 8204742))
	  ->  Bitmap Index Scan on k_1  (cost=0.00..5.47 rows=104 width=0)
	        Index Cond: ((k >= 8204642) AND (k <= 8204742))

table 2 : explain SELECT k, c FROM sbtest2 WHERE k BETWEEN 8204642 AND 8204742
	Bitmap Heap Scan on sbtest2  (cost=5.45..397.52 rows=99 width=125)
	  Recheck Cond: ((k >= 8204642) AND (k <= 8204742))
	  ->  Bitmap Index Scan on k_2  (cost=0.00..5.42 rows=99 width=0)
	        Index Cond: ((k >= 8204642) AND (k <= 8204742))

table 3 : explain SELECT k, c FROM sbtest3 WHERE k BETWEEN 8204642 AND 8204742
	Bitmap Heap Scan on sbtest3  (cost=5.43..389.64 rows=97 width=125)
	  Recheck Cond: ((k >= 8204642) AND (k <= 8204742))
	  ->  Bitmap Index Scan on k_3  (cost=0.00..5.40 rows=97 width=0)
	        Index Cond: ((k >= 8204642) AND (k <= 8204742))

table 4 : explain SELECT k, c FROM sbtest4 WHERE k BETWEEN 8204642 AND 8204742
	Bitmap Heap Scan on sbtest4  (cost=5.48..409.38 rows=102 width=125)
	  Recheck Cond: ((k >= 8204642) AND (k <= 8204742))
	  ->  Bitmap Index Scan on k_4  (cost=0.00..5.45 rows=102 width=0)
	        Index Cond: ((k >= 8204642) AND (k <= 8204742))

table 5 : explain SELECT k, c FROM sbtest5 WHERE k BETWEEN 8204642 AND 8204742
	Bitmap Heap Scan on sbtest5  (cost=5.50..417.27 rows=104 width=125)
	  Recheck Cond: ((k >= 8204642) AND (k <= 8204742))
	  ->  Bitmap Index Scan on k_5  (cost=0.00..5.47 rows=104 width=0)
	        Index Cond: ((k >= 8204642) AND (k <= 8204742))

table 6 : explain SELECT k, c FROM sbtest6 WHERE k BETWEEN 8204642 AND 8204742
	Bitmap Heap Scan on sbtest6  (cost=5.46..401.52 rows=100 width=125)
	  Recheck Cond: ((k >= 8204642) AND (k <= 8204742))
	  ->  Bitmap Index Scan on k_6  (cost=0.00..5.43 rows=100 width=0)
	        Index Cond: ((k >= 8204642) AND (k <= 8204742))

table 7 : explain SELECT k, c FROM sbtest7 WHERE k BETWEEN 8204642 AND 8204742
	Bitmap Heap Scan on sbtest7  (cost=5.50..417.29 rows=104 width=125)
	  Recheck Cond: ((k >= 8204642) AND (k <= 8204742))
	  ->  Bitmap Index Scan on k_7  (cost=0.00..5.47 rows=104 width=0)
	        Index Cond: ((k >= 8204642) AND (k <= 8204742))

table 8 : explain SELECT k, c FROM sbtest8 WHERE k BETWEEN 8204642 AND 8204742
	Bitmap Heap Scan on sbtest8  (cost=5.59..452.76 rows=113 width=125)
	  Recheck Cond: ((k >= 8204642) AND (k <= 8204742))
	  ->  Bitmap Index Scan on k_8  (cost=0.00..5.56 rows=113 width=0)
	        Index Cond: ((k >= 8204642) AND (k <= 8204742))

explain: for range-notcovered :: explain SELECT k, c FROM sbtest%d WHERE k BETWEEN 231832 AND 231932for range-notcovered
table 1 : explain SELECT k, c FROM sbtest1 WHERE k BETWEEN 4172560 AND 4172660
	Bitmap Heap Scan on sbtest1  (cost=5.46..401.43 rows=100 width=125)
	  Recheck Cond: ((k >= 4172560) AND (k <= 4172660))
	  ->  Bitmap Index Scan on k_1  (cost=0.00..5.43 rows=100 width=0)
	        Index Cond: ((k >= 4172560) AND (k <= 4172660))

table 2 : explain SELECT k, c FROM sbtest2 WHERE k BETWEEN 4172560 AND 4172660
	Bitmap Heap Scan on sbtest2  (cost=5.48..409.35 rows=102 width=125)
	  Recheck Cond: ((k >= 4172560) AND (k <= 4172660))
	  ->  Bitmap Index Scan on k_2  (cost=0.00..5.45 rows=102 width=0)
	        Index Cond: ((k >= 4172560) AND (k <= 4172660))

table 3 : explain SELECT k, c FROM sbtest3 WHERE k BETWEEN 4172560 AND 4172660
	Bitmap Heap Scan on sbtest3  (cost=5.53..429.06 rows=107 width=125)
	  Recheck Cond: ((k >= 4172560) AND (k <= 4172660))
	  ->  Bitmap Index Scan on k_3  (cost=0.00..5.50 rows=107 width=0)
	        Index Cond: ((k >= 4172560) AND (k <= 4172660))

table 4 : explain SELECT k, c FROM sbtest4 WHERE k BETWEEN 4172560 AND 4172660
	Bitmap Heap Scan on sbtest4  (cost=5.48..409.38 rows=102 width=125)
	  Recheck Cond: ((k >= 4172560) AND (k <= 4172660))
	  ->  Bitmap Index Scan on k_4  (cost=0.00..5.45 rows=102 width=0)
	        Index Cond: ((k >= 4172560) AND (k <= 4172660))

table 5 : explain SELECT k, c FROM sbtest5 WHERE k BETWEEN 4172560 AND 4172660
	Bitmap Heap Scan on sbtest5  (cost=5.42..385.72 rows=96 width=125)
	  Recheck Cond: ((k >= 4172560) AND (k <= 4172660))
	  ->  Bitmap Index Scan on k_5  (cost=0.00..5.39 rows=96 width=0)
	        Index Cond: ((k >= 4172560) AND (k <= 4172660))

table 6 : explain SELECT k, c FROM sbtest6 WHERE k BETWEEN 4172560 AND 4172660
	Bitmap Heap Scan on sbtest6  (cost=5.44..393.63 rows=98 width=125)
	  Recheck Cond: ((k >= 4172560) AND (k <= 4172660))
	  ->  Bitmap Index Scan on k_6  (cost=0.00..5.42 rows=98 width=0)
	        Index Cond: ((k >= 4172560) AND (k <= 4172660))

table 7 : explain SELECT k, c FROM sbtest7 WHERE k BETWEEN 4172560 AND 4172660
	Bitmap Heap Scan on sbtest7  (cost=5.52..425.18 rows=106 width=125)
	  Recheck Cond: ((k >= 4172560) AND (k <= 4172660))
	  ->  Bitmap Index Scan on k_7  (cost=0.00..5.50 rows=106 width=0)
	        Index Cond: ((k >= 4172560) AND (k <= 4172660))

table 8 : explain SELECT k, c FROM sbtest8 WHERE k BETWEEN 4172560 AND 4172660
	Bitmap Heap Scan on sbtest8  (cost=5.43..389.69 rows=97 width=125)
	  Recheck Cond: ((k >= 4172560) AND (k <= 4172660))
	  ->  Bitmap Index Scan on k_8  (cost=0.00..5.40 rows=97 width=0)
	        Index Cond: ((k >= 4172560) AND (k <= 4172660))



explain: for range-notcovered :: explain SELECT k, c FROM sbtest%d WHERE k BETWEEN 4989850 AND 4989950
explain: for range-notcovered :: explain SELECT k, c FROM sbtest%d WHERE k BETWEEN 8204642 AND 8204742


explain: for range-notcovered :: explain SELECT k, c FROM sbtest%d WHERE k BETWEEN 4172560 AND 4172660
for range-notcovered
table 1 : explain SELECT k, c FROM sbtest1 WHERE k BETWEEN 7014798 AND 7014898
	Bitmap Heap Scan on sbtest1  (cost=5.54..432.96 rows=108 width=125)
	  Recheck Cond: ((k >= 7014798) AND (k <= 7014898))
	  ->  Bitmap Index Scan on k_1  (cost=0.00..5.51 rows=108 width=0)
	        Index Cond: ((k >= 7014798) AND (k <= 7014898))

table 2 : explain SELECT k, c FROM sbtest2 WHERE k BETWEEN 7014798 AND 7014898
	Bitmap Heap Scan on sbtest2  (cost=5.35..358.07 rows=89 width=125)
	  Recheck Cond: ((k >= 7014798) AND (k <= 7014898))
	  ->  Bitmap Index Scan on k_2  (cost=0.00..5.32 rows=89 width=0)
	        Index Cond: ((k >= 7014798) AND (k <= 7014898))

table 3 : explain SELECT k, c FROM sbtest3 WHERE k BETWEEN 7014798 AND 7014898
	Bitmap Heap Scan on sbtest3  (cost=5.46..401.47 rows=100 width=125)
	  Recheck Cond: ((k >= 7014798) AND (k <= 7014898))
	  ->  Bitmap Index Scan on k_3  (cost=0.00..5.43 rows=100 width=0)
	        Index Cond: ((k >= 7014798) AND (k <= 7014898))

table 4 : explain SELECT k, c FROM sbtest4 WHERE k BETWEEN 7014798 AND 7014898
	Bitmap Heap Scan on sbtest4  (cost=5.41..381.77 rows=95 width=125)
	  Recheck Cond: ((k >= 7014798) AND (k <= 7014898))
	  ->  Bitmap Index Scan on k_4  (cost=0.00..5.38 rows=95 width=0)
	        Index Cond: ((k >= 7014798) AND (k <= 7014898))

table 5 : explain SELECT k, c FROM sbtest5 WHERE k BETWEEN 7014798 AND 7014898
	Bitmap Heap Scan on sbtest5  (cost=5.56..440.91 rows=110 width=125)
	  Recheck Cond: ((k >= 7014798) AND (k <= 7014898))
	  ->  Bitmap Index Scan on k_5  (cost=0.00..5.53 rows=110 width=0)
	        Index Cond: ((k >= 7014798) AND (k <= 7014898))

table 6 : explain SELECT k, c FROM sbtest6 WHERE k BETWEEN 7014798 AND 7014898
	Bitmap Heap Scan on sbtest6  (cost=5.58..448.82 rows=112 width=125)
	  Recheck Cond: ((k >= 7014798) AND (k <= 7014898))
	  ->  Bitmap Index Scan on k_6  (cost=0.00..5.55 rows=112 width=0)
	        Index Cond: ((k >= 7014798) AND (k <= 7014898))

table 7 : explain SELECT k, c FROM sbtest7 WHERE k BETWEEN 7014798 AND 7014898
	Bitmap Heap Scan on sbtest7  (cost=5.45..397.58 rows=99 width=125)
	  Recheck Cond: ((k >= 7014798) AND (k <= 7014898))
	  ->  Bitmap Index Scan on k_7  (cost=0.00..5.42 rows=99 width=0)
	        Index Cond: ((k >= 7014798) AND (k <= 7014898))

table 8 : explain SELECT k, c FROM sbtest8 WHERE k BETWEEN 7014798 AND 7014898
	Bitmap Heap Scan on sbtest8  (cost=5.44..393.63 rows=98 width=125)
	  Recheck Cond: ((k >= 7014798) AND (k <= 7014898))
	  ->  Bitmap Index Scan on k_8  (cost=0.00..5.42 rows=98 width=0)
	        Index Cond: ((k >= 7014798) AND (k <= 7014898))

for range-notcovered
table 1 : explain SELECT k, c FROM sbtest1 WHERE k BETWEEN 2665046 AND 2665146
	Bitmap Heap Scan on sbtest1  (cost=5.55..436.90 rows=109 width=125)
	  Recheck Cond: ((k >= 2665046) AND (k <= 2665146))
	  ->  Bitmap Index Scan on k_1  (cost=0.00..5.52 rows=109 width=0)
	        Index Cond: ((k >= 2665046) AND (k <= 2665146))

table 2 : explain SELECT k, c FROM sbtest2 WHERE k BETWEEN 2665046 AND 2665146
	Bitmap Heap Scan on sbtest2  (cost=5.35..358.07 rows=89 width=125)
	  Recheck Cond: ((k >= 2665046) AND (k <= 2665146))
	  ->  Bitmap Index Scan on k_2  (cost=0.00..5.32 rows=89 width=0)
	        Index Cond: ((k >= 2665046) AND (k <= 2665146))

table 3 : explain SELECT k, c FROM sbtest3 WHERE k BETWEEN 2665046 AND 2665146
	Bitmap Heap Scan on sbtest3  (cost=5.44..393.58 rows=98 width=125)
	  Recheck Cond: ((k >= 2665046) AND (k <= 2665146))
	  ->  Bitmap Index Scan on k_3  (cost=0.00..5.42 rows=98 width=0)
	        Index Cond: ((k >= 2665046) AND (k <= 2665146))

table 4 : explain SELECT k, c FROM sbtest4 WHERE k BETWEEN 2665046 AND 2665146
	Bitmap Heap Scan on sbtest4  (cost=5.60..456.66 rows=114 width=125)
	  Recheck Cond: ((k >= 2665046) AND (k <= 2665146))
	  ->  Bitmap Index Scan on k_4  (cost=0.00..5.58 rows=114 width=0)
	        Index Cond: ((k >= 2665046) AND (k <= 2665146))

table 5 : explain SELECT k, c FROM sbtest5 WHERE k BETWEEN 2665046 AND 2665146
	Bitmap Heap Scan on sbtest5  (cost=5.52..425.15 rows=106 width=125)
	  Recheck Cond: ((k >= 2665046) AND (k <= 2665146))
	  ->  Bitmap Index Scan on k_5  (cost=0.00..5.50 rows=106 width=0)
	        Index Cond: ((k >= 2665046) AND (k <= 2665146))

table 6 : explain SELECT k, c FROM sbtest6 WHERE k BETWEEN 2665046 AND 2665146
	Bitmap Heap Scan on sbtest6  (cost=5.51..421.24 rows=105 width=125)
	  Recheck Cond: ((k >= 2665046) AND (k <= 2665146))
	  ->  Bitmap Index Scan on k_6  (cost=0.00..5.48 rows=105 width=0)
	        Index Cond: ((k >= 2665046) AND (k <= 2665146))

table 7 : explain SELECT k, c FROM sbtest7 WHERE k BETWEEN 2665046 AND 2665146
	Bitmap Heap Scan on sbtest7  (cost=5.49..413.35 rows=103 width=125)
	  Recheck Cond: ((k >= 2665046) AND (k <= 2665146))
	  ->  Bitmap Index Scan on k_7  (cost=0.00..5.46 rows=103 width=0)
	        Index Cond: ((k >= 2665046) AND (k <= 2665146))

table 8 : explain SELECT k, c FROM sbtest8 WHERE k BETWEEN 2665046 AND 2665146
	Bitmap Heap Scan on sbtest8  (cost=5.60..456.70 rows=114 width=125)
	  Recheck Cond: ((k >= 2665046) AND (k <= 2665146))
	  ->  Bitmap Index Scan on k_8  (cost=0.00..5.58 rows=114 width=0)
	        Index Cond: ((k >= 2665046) AND (k <= 2665146))

for range-notcovered
table 1 : explain SELECT k, c FROM sbtest1 WHERE k BETWEEN 4221738 AND 4221838
	Bitmap Heap Scan on sbtest1  (cost=5.46..401.43 rows=100 width=125)
	  Recheck Cond: ((k >= 4221738) AND (k <= 4221838))
	  ->  Bitmap Index Scan on k_1  (cost=0.00..5.43 rows=100 width=0)
	        Index Cond: ((k >= 4221738) AND (k <= 4221838))

table 2 : explain SELECT k, c FROM sbtest2 WHERE k BETWEEN 4221738 AND 4221838
	Bitmap Heap Scan on sbtest2  (cost=5.48..409.35 rows=102 width=125)
	  Recheck Cond: ((k >= 4221738) AND (k <= 4221838))
	  ->  Bitmap Index Scan on k_2  (cost=0.00..5.45 rows=102 width=0)
	        Index Cond: ((k >= 4221738) AND (k <= 4221838))

table 3 : explain SELECT k, c FROM sbtest3 WHERE k BETWEEN 4221738 AND 4221838
	Bitmap Heap Scan on sbtest3  (cost=5.40..377.81 rows=94 width=125)
	  Recheck Cond: ((k >= 4221738) AND (k <= 4221838))
	  ->  Bitmap Index Scan on k_3  (cost=0.00..5.38 rows=94 width=0)
	        Index Cond: ((k >= 4221738) AND (k <= 4221838))

table 4 : explain SELECT k, c FROM sbtest4 WHERE k BETWEEN 4221738 AND 4221838
	Bitmap Heap Scan on sbtest4  (cost=5.48..409.38 rows=102 width=125)
	  Recheck Cond: ((k >= 4221738) AND (k <= 4221838))
	  ->  Bitmap Index Scan on k_4  (cost=0.00..5.45 rows=102 width=0)
	        Index Cond: ((k >= 4221738) AND (k <= 4221838))

table 5 : explain SELECT k, c FROM sbtest5 WHERE k BETWEEN 4221738 AND 4221838
	Bitmap Heap Scan on sbtest5  (cost=5.42..385.72 rows=96 width=125)
	  Recheck Cond: ((k >= 4221738) AND (k <= 4221838))
	  ->  Bitmap Index Scan on k_5  (cost=0.00..5.39 rows=96 width=0)
	        Index Cond: ((k >= 4221738) AND (k <= 4221838))

table 6 : explain SELECT k, c FROM sbtest6 WHERE k BETWEEN 4221738 AND 4221838
	Bitmap Heap Scan on sbtest6  (cost=5.50..417.29 rows=104 width=125)
	  Recheck Cond: ((k >= 4221738) AND (k <= 4221838))
	  ->  Bitmap Index Scan on k_6  (cost=0.00..5.47 rows=104 width=0)
	        Index Cond: ((k >= 4221738) AND (k <= 4221838))

table 7 : explain SELECT k, c FROM sbtest7 WHERE k BETWEEN 4221738 AND 4221838
	Bitmap Heap Scan on sbtest7  (cost=5.46..401.52 rows=100 width=125)
	  Recheck Cond: ((k >= 4221738) AND (k <= 4221838))
	  ->  Bitmap Index Scan on k_7  (cost=0.00..5.43 rows=100 width=0)
	        Index Cond: ((k >= 4221738) AND (k <= 4221838))

table 8 : explain SELECT k, c FROM sbtest8 WHERE k BETWEEN 4221738 AND 4221838
	Bitmap Heap Scan on sbtest8  (cost=5.57..444.88 rows=111 width=125)
	  Recheck Cond: ((k >= 4221738) AND (k <= 4221838))
	  ->  Bitmap Index Scan on k_8  (cost=0.00..5.54 rows=111 width=0)
	        Index Cond: ((k >= 4221738) AND (k <= 4221838))


explain: for range-notcovered :: explain SELECT k, c FROM sbtest%d WHERE k BETWEEN 1500845 AND 1500945
explain: for range-notcovered :: explain SELECT k, c FROM sbtest%d WHERE k BETWEEN 2665046 AND 2665146
explain: for range-notcovered :: explain SELECT k, c FROM sbtest%d WHERE k BETWEEN 5409911 AND 5410011
explain: for range-notcovered :: explain SELECT k, c FROM sbtest%d WHERE k BETWEEN 7014798 AND 7014898explain: for range-notcovered :: explain SELECT k, c FROM sbtest%d WHERE k BETWEEN 7267824 AND 7267924

explain: for range-notcovered :: explain SELECT k, c FROM sbtest%d WHERE k BETWEEN 4221738 AND 4221838
for range-notcovered
table 1 : explain SELECT k, c FROM sbtest1 WHERE k BETWEEN 4395323 AND 4395423
	Bitmap Heap Scan on sbtest1  (cost=5.50..417.20 rows=104 width=125)
	  Recheck Cond: ((k >= 4395323) AND (k <= 4395423))
	  ->  Bitmap Index Scan on k_1  (cost=0.00..5.47 rows=104 width=0)
	        Index Cond: ((k >= 4395323) AND (k <= 4395423))

table 2 : explain SELECT k, c FROM sbtest2 WHERE k BETWEEN 4395323 AND 4395423
	Bitmap Heap Scan on sbtest2  (cost=5.60..456.63 rows=114 width=125)
	  Recheck Cond: ((k >= 4395323) AND (k <= 4395423))
	  ->  Bitmap Index Scan on k_2  (cost=0.00..5.58 rows=114 width=0)
	        Index Cond: ((k >= 4395323) AND (k <= 4395423))

table 3 : explain SELECT k, c FROM sbtest3 WHERE k BETWEEN 4395323 AND 4395423
	Bitmap Heap Scan on sbtest3  (cost=5.55..436.94 rows=109 width=125)
	  Recheck Cond: ((k >= 4395323) AND (k <= 4395423))
	  ->  Bitmap Index Scan on k_3  (cost=0.00..5.52 rows=109 width=0)
	        Index Cond: ((k >= 4395323) AND (k <= 4395423))

table 4 : explain SELECT k, c FROM sbtest4 WHERE k BETWEEN 4395323 AND 4395423
	Bitmap Heap Scan on sbtest4  (cost=5.44..393.61 rows=98 width=125)
	  Recheck Cond: ((k >= 4395323) AND (k <= 4395423))
	  ->  Bitmap Index Scan on k_4  (cost=0.00..5.42 rows=98 width=0)
	        Index Cond: ((k >= 4395323) AND (k <= 4395423))

table 5 : explain SELECT k, c FROM sbtest5 WHERE k BETWEEN 4395323 AND 4395423
	Bitmap Heap Scan on sbtest5  (cost=5.46..401.50 rows=100 width=125)
	  Recheck Cond: ((k >= 4395323) AND (k <= 4395423))
	  ->  Bitmap Index Scan on k_5  (cost=0.00..5.43 rows=100 width=0)
	        Index Cond: ((k >= 4395323) AND (k <= 4395423))

table 6 : explain SELECT k, c FROM sbtest6 WHERE k BETWEEN 4395323 AND 4395423
	Bitmap Heap Scan on sbtest6  (cost=5.45..397.58 rows=99 width=125)
	  Recheck Cond: ((k >= 4395323) AND (k <= 4395423))
	  ->  Bitmap Index Scan on k_6  (cost=0.00..5.42 rows=99 width=0)
	        Index Cond: ((k >= 4395323) AND (k <= 4395423))

table 7 : explain SELECT k, c FROM sbtest7 WHERE k BETWEEN 4395323 AND 4395423
	Bitmap Heap Scan on sbtest7  (cost=5.59..452.76 rows=113 width=125)
	  Recheck Cond: ((k >= 4395323) AND (k <= 4395423))
	  ->  Bitmap Index Scan on k_7  (cost=0.00..5.56 rows=113 width=0)
	        Index Cond: ((k >= 4395323) AND (k <= 4395423))

table 8 : explain SELECT k, c FROM sbtest8 WHERE k BETWEEN 4395323 AND 4395423
	Bitmap Heap Scan on sbtest8  (cost=5.42..385.74 rows=96 width=125)
	  Recheck Cond: ((k >= 4395323) AND (k <= 4395423))
	  ->  Bitmap Index Scan on k_8  (cost=0.00..5.39 rows=96 width=0)
	        Index Cond: ((k >= 4395323) AND (k <= 4395423))

for range-notcovered
table 1 : explain SELECT k, c FROM sbtest1 WHERE k BETWEEN 5046403 AND 5046503
	Bitmap Heap Scan on sbtest1  (cost=5.63..468.40 rows=117 width=125)
	  Recheck Cond: ((k >= 5046403) AND (k <= 5046503))
	  ->  Bitmap Index Scan on k_1  (cost=0.00..5.60 rows=117 width=0)
	        Index Cond: ((k >= 5046403) AND (k <= 5046503))

table 2 : explain SELECT k, c FROM sbtest2 WHERE k BETWEEN 5046403 AND 5046503
	Bitmap Heap Scan on sbtest2  (cost=5.49..413.29 rows=103 width=125)
	  Recheck Cond: ((k >= 5046403) AND (k <= 5046503))
	  ->  Bitmap Index Scan on k_2  (cost=0.00..5.46 rows=103 width=0)
	        Index Cond: ((k >= 5046403) AND (k <= 5046503))

table 3 : explain SELECT k, c FROM sbtest3 WHERE k BETWEEN 5046403 AND 5046503
	Bitmap Heap Scan on sbtest3  (cost=5.59..452.69 rows=113 width=125)
	  Recheck Cond: ((k >= 5046403) AND (k <= 5046503))
	  ->  Bitmap Index Scan on k_3  (cost=0.00..5.56 rows=113 width=0)
	        Index Cond: ((k >= 5046403) AND (k <= 5046503))

table 4 : explain SELECT k, c FROM sbtest4 WHERE k BETWEEN 5046403 AND 5046503
	Bitmap Heap Scan on sbtest4  (cost=5.43..389.66 rows=97 width=125)
	  Recheck Cond: ((k >= 5046403) AND (k <= 5046503))
	  ->  Bitmap Index Scan on k_4  (cost=0.00..5.40 rows=97 width=0)
	        Index Cond: ((k >= 5046403) AND (k <= 5046503))

table 5 : explain SELECT k, c FROM sbtest5 WHERE k BETWEEN 5046403 AND 5046503
	Bitmap Heap Scan on sbtest5  (cost=5.54..433.03 rows=108 width=125)
	  Recheck Cond: ((k >= 5046403) AND (k <= 5046503))
	  ->  Bitmap Index Scan on k_5  (cost=0.00..5.51 rows=108 width=0)
	        Index Cond: ((k >= 5046403) AND (k <= 5046503))

table 6 : explain SELECT k, c FROM sbtest6 WHERE k BETWEEN 5046403 AND 5046503
	Bitmap Heap Scan on sbtest6  (cost=5.45..397.58 rows=99 width=125)
	  Recheck Cond: ((k >= 5046403) AND (k <= 5046503))
	  ->  Bitmap Index Scan on k_6  (cost=0.00..5.42 rows=99 width=0)
	        Index Cond: ((k >= 5046403) AND (k <= 5046503))

table 7 : explain SELECT k, c FROM sbtest7 WHERE k BETWEEN 5046403 AND 5046503
	Bitmap Heap Scan on sbtest7  (cost=5.47..405.46 rows=101 width=125)
	  Recheck Cond: ((k >= 5046403) AND (k <= 5046503))
	  ->  Bitmap Index Scan on k_7  (cost=0.00..5.44 rows=101 width=0)
	        Index Cond: ((k >= 5046403) AND (k <= 5046503))

table 8 : explain SELECT k, c FROM sbtest8 WHERE k BETWEEN 5046403 AND 5046503
	Bitmap Heap Scan on sbtest8  (cost=5.44..393.63 rows=98 width=125)
	  Recheck Cond: ((k >= 5046403) AND (k <= 5046503))
	  ->  Bitmap Index Scan on k_8  (cost=0.00..5.42 rows=98 width=0)
	        Index Cond: ((k >= 5046403) AND (k <= 5046503))

for range-notcovered
table 1 : explain SELECT k, c FROM sbtest1 WHERE k BETWEEN 8331790 AND 8331890
	Bitmap Heap Scan on sbtest1  (cost=5.51..421.14 rows=105 width=125)
	  Recheck Cond: ((k >= 8331790) AND (k <= 8331890))
	  ->  Bitmap Index Scan on k_1  (cost=0.00..5.48 rows=105 width=0)
	        Index Cond: ((k >= 8331790) AND (k <= 8331890))

table 2 : explain SELECT k, c FROM sbtest2 WHERE k BETWEEN 8331790 AND 8331890
	Bitmap Heap Scan on sbtest2  (cost=5.54..433.00 rows=108 width=125)
	  Recheck Cond: ((k >= 8331790) AND (k <= 8331890))
	  ->  Bitmap Index Scan on k_2  (cost=0.00..5.51 rows=108 width=0)
	        Index Cond: ((k >= 8331790) AND (k <= 8331890))

table 3 : explain SELECT k, c FROM sbtest3 WHERE k BETWEEN 8331790 AND 8331890
	Bitmap Heap Scan on sbtest3  (cost=5.44..393.58 rows=98 width=125)
	  Recheck Cond: ((k >= 8331790) AND (k <= 8331890))
	  ->  Bitmap Index Scan on k_3  (cost=0.00..5.42 rows=98 width=0)
	        Index Cond: ((k >= 8331790) AND (k <= 8331890))

table 4 : explain SELECT k, c FROM sbtest4 WHERE k BETWEEN 8331790 AND 8331890
	Bitmap Heap Scan on sbtest4  (cost=5.44..393.61 rows=98 width=125)
	  Recheck Cond: ((k >= 8331790) AND (k <= 8331890))
	  ->  Bitmap Index Scan on k_4  (cost=0.00..5.42 rows=98 width=0)
	        Index Cond: ((k >= 8331790) AND (k <= 8331890))

table 5 : explain SELECT k, c FROM sbtest5 WHERE k BETWEEN 8331790 AND 8331890
	Bitmap Heap Scan on sbtest5  (cost=5.46..401.50 rows=100 width=125)
	  Recheck Cond: ((k >= 8331790) AND (k <= 8331890))
	  ->  Bitmap Index Scan on k_5  (cost=0.00..5.43 rows=100 width=0)
	        Index Cond: ((k >= 8331790) AND (k <= 8331890))

table 6 : explain SELECT k, c FROM sbtest6 WHERE k BETWEEN 8331790 AND 8331890
	Bitmap Heap Scan on sbtest6  (cost=5.50..417.29 rows=104 width=125)
	  Recheck Cond: ((k >= 8331790) AND (k <= 8331890))
	  ->  Bitmap Index Scan on k_6  (cost=0.00..5.47 rows=104 width=0)
	        Index Cond: ((k >= 8331790) AND (k <= 8331890))

table 7 : explain SELECT k, c FROM sbtest7 WHERE k BETWEEN 8331790 AND 8331890
	Bitmap Heap Scan on sbtest7  (cost=5.53..429.12 rows=107 width=125)
	  Recheck Cond: ((k >= 8331790) AND (k <= 8331890))
	  ->  Bitmap Index Scan on k_7  (cost=0.00..5.50 rows=107 width=0)
	        Index Cond: ((k >= 8331790) AND (k <= 8331890))

table 8 : explain SELECT k, c FROM sbtest8 WHERE k BETWEEN 8331790 AND 8331890
	Bitmap Heap Scan on sbtest8  (cost=5.58..448.82 rows=112 width=125)
	  Recheck Cond: ((k >= 8331790) AND (k <= 8331890))
	  ->  Bitmap Index Scan on k_8  (cost=0.00..5.55 rows=112 width=0)
	        Index Cond: ((k >= 8331790) AND (k <= 8331890))

for range-notcovered
table 1 : explain SELECT k, c FROM sbtest1 WHERE k BETWEEN 3237041 AND 3237141
	Bitmap Heap Scan on sbtest1  (cost=5.55..436.90 rows=109 width=125)
	  Recheck Cond: ((k >= 3237041) AND (k <= 3237141))
	  ->  Bitmap Index Scan on k_1  (cost=0.00..5.52 rows=109 width=0)
	        Index Cond: ((k >= 3237041) AND (k <= 3237141))

table 2 : explain SELECT k, c FROM sbtest2 WHERE k BETWEEN 3237041 AND 3237141
	Bitmap Heap Scan on sbtest2  (cost=5.42..385.69 rows=96 width=125)
	  Recheck Cond: ((k >= 3237041) AND (k <= 3237141))
	  ->  Bitmap Index Scan on k_2  (cost=0.00..5.39 rows=96 width=0)
	        Index Cond: ((k >= 3237041) AND (k <= 3237141))

table 3 : explain SELECT k, c FROM sbtest3 WHERE k BETWEEN 3237041 AND 3237141
	Bitmap Heap Scan on sbtest3  (cost=5.48..409.36 rows=102 width=125)
	  Recheck Cond: ((k >= 3237041) AND (k <= 3237141))
	  ->  Bitmap Index Scan on k_3  (cost=0.00..5.45 rows=102 width=0)
	        Index Cond: ((k >= 3237041) AND (k <= 3237141))

table 4 : explain SELECT k, c FROM sbtest4 WHERE k BETWEEN 3237041 AND 3237141
	Bitmap Heap Scan on sbtest4  (cost=5.39..373.88 rows=93 width=125)
	  Recheck Cond: ((k >= 3237041) AND (k <= 3237141))
	  ->  Bitmap Index Scan on k_4  (cost=0.00..5.36 rows=93 width=0)
	        Index Cond: ((k >= 3237041) AND (k <= 3237141))

table 5 : explain SELECT k, c FROM sbtest5 WHERE k BETWEEN 3237041 AND 3237141
	Bitmap Heap Scan on sbtest5  (cost=5.51..421.21 rows=105 width=125)
	  Recheck Cond: ((k >= 3237041) AND (k <= 3237141))
	  ->  Bitmap Index Scan on k_5  (cost=0.00..5.48 rows=105 width=0)
	        Index Cond: ((k >= 3237041) AND (k <= 3237141))

table 6 : explain SELECT k, c FROM sbtest6 WHERE k BETWEEN 3237041 AND 3237141
	Bitmap Heap Scan on sbtest6  (cost=5.51..421.24 rows=105 width=125)
	  Recheck Cond: ((k >= 3237041) AND (k <= 3237141))
	  ->  Bitmap Index Scan on k_6  (cost=0.00..5.48 rows=105 width=0)
	        Index Cond: ((k >= 3237041) AND (k <= 3237141))

table 7 : explain SELECT k, c FROM sbtest7 WHERE k BETWEEN 3237041 AND 3237141
	Bitmap Heap Scan on sbtest7  (cost=5.48..409.41 rows=102 width=125)
	  Recheck Cond: ((k >= 3237041) AND (k <= 3237141))
	  ->  Bitmap Index Scan on k_7  (cost=0.00..5.45 rows=102 width=0)
	        Index Cond: ((k >= 3237041) AND (k <= 3237141))

table 8 : explain SELECT k, c FROM sbtest8 WHERE k BETWEEN 3237041 AND 3237141
	Bitmap Heap Scan on sbtest8  (cost=5.48..409.41 rows=102 width=125)
	  Recheck Cond: ((k >= 3237041) AND (k <= 3237141))
	  ->  Bitmap Index Scan on k_8  (cost=0.00..5.45 rows=102 width=0)
	        Index Cond: ((k >= 3237041) AND (k <= 3237141))

for range-notcovered
table 1 : explain SELECT k, c FROM sbtest1 WHERE k BETWEEN 4276750 AND 4276850
	Bitmap Heap Scan on sbtest1  (cost=5.43..389.61 rows=97 width=125)
	  Recheck Cond: ((k >= 4276750) AND (k <= 4276850))
	  ->  Bitmap Index Scan on k_1  (cost=0.00..5.40 rows=97 width=0)
	        Index Cond: ((k >= 4276750) AND (k <= 4276850))

table 2 : explain SELECT k, c FROM sbtest2 WHERE k BETWEEN 4276750 AND 4276850
	Bitmap Heap Scan on sbtest2  (cost=5.51..421.18 rows=105 width=125)
	  Recheck Cond: ((k >= 4276750) AND (k <= 4276850))
	  ->  Bitmap Index Scan on k_2  (cost=0.00..5.48 rows=105 width=0)
	        Index Cond: ((k >= 4276750) AND (k <= 4276850))

table 3 : explain SELECT k, c FROM sbtest3 WHERE k BETWEEN 4276750 AND 4276850
	Bitmap Heap Scan on sbtest3  (cost=5.40..377.81 rows=94 width=125)
	  Recheck Cond: ((k >= 4276750) AND (k <= 4276850))
	  ->  Bitmap Index Scan on k_3  (cost=0.00..5.38 rows=94 width=0)
	        Index Cond: ((k >= 4276750) AND (k <= 4276850))

table 4 : explain SELECT k, c FROM sbtest4 WHERE k BETWEEN 4276750 AND 4276850
	Bitmap Heap Scan on sbtest4  (cost=5.51..421.21 rows=105 width=125)
	  Recheck Cond: ((k >= 4276750) AND (k <= 4276850))
	  ->  Bitmap Index Scan on k_4  (cost=0.00..5.48 rows=105 width=0)
	        Index Cond: ((k >= 4276750) AND (k <= 4276850))

table 5 : explain SELECT k, c FROM sbtest5 WHERE k BETWEEN 4276750 AND 4276850
	Bitmap Heap Scan on sbtest5  (cost=5.55..436.97 rows=109 width=125)
	  Recheck Cond: ((k >= 4276750) AND (k <= 4276850))
	  ->  Bitmap Index Scan on k_5  (cost=0.00..5.52 rows=109 width=0)
	        Index Cond: ((k >= 4276750) AND (k <= 4276850))

table 6 : explain SELECT k, c FROM sbtest6 WHERE k BETWEEN 4276750 AND 4276850
	Bitmap Heap Scan on sbtest6  (cost=5.50..417.29 rows=104 width=125)
	  Recheck Cond: ((k >= 4276750) AND (k <= 4276850))
	  ->  Bitmap Index Scan on k_6  (cost=0.00..5.47 rows=104 width=0)
	        Index Cond: ((k >= 4276750) AND (k <= 4276850))

table 7 : explain SELECT k, c FROM sbtest7 WHERE k BETWEEN 4276750 AND 4276850
	Bitmap Heap Scan on sbtest7  (cost=5.46..401.52 rows=100 width=125)
	  Recheck Cond: ((k >= 4276750) AND (k <= 4276850))
	  ->  Bitmap Index Scan on k_7  (cost=0.00..5.43 rows=100 width=0)
	        Index Cond: ((k >= 4276750) AND (k <= 4276850))

table 8 : explain SELECT k, c FROM sbtest8 WHERE k BETWEEN 4276750 AND 4276850
	Bitmap Heap Scan on sbtest8  (cost=5.57..444.88 rows=111 width=125)
	  Recheck Cond: ((k >= 4276750) AND (k <= 4276850))
	  ->  Bitmap Index Scan on k_8  (cost=0.00..5.54 rows=111 width=0)
	        Index Cond: ((k >= 4276750) AND (k <= 4276850))

for range-notcovered
table 1 : explain SELECT k, c FROM sbtest1 WHERE k BETWEEN 6349144 AND 6349244
	Bitmap Heap Scan on sbtest1  (cost=5.50..417.20 rows=104 width=125)
	  Recheck Cond: ((k >= 6349144) AND (k <= 6349244))
	  ->  Bitmap Index Scan on k_1  (cost=0.00..5.47 rows=104 width=0)
	        Index Cond: ((k >= 6349144) AND (k <= 6349244))

table 2 : explain SELECT k, c FROM sbtest2 WHERE k BETWEEN 6349144 AND 6349244
	Bitmap Heap Scan on sbtest2  (cost=5.38..369.91 rows=92 width=125)
	  Recheck Cond: ((k >= 6349144) AND (k <= 6349244))
	  ->  Bitmap Index Scan on k_2  (cost=0.00..5.35 rows=92 width=0)
	        Index Cond: ((k >= 6349144) AND (k <= 6349244))

table 3 : explain SELECT k, c FROM sbtest3 WHERE k BETWEEN 6349144 AND 6349244
	Bitmap Heap Scan on sbtest3  (cost=5.48..409.36 rows=102 width=125)
	  Recheck Cond: ((k >= 6349144) AND (k <= 6349244))
	  ->  Bitmap Index Scan on k_3  (cost=0.00..5.45 rows=102 width=0)
	        Index Cond: ((k >= 6349144) AND (k <= 6349244))

table 4 : explain SELECT k, c FROM sbtest4 WHERE k BETWEEN 6349144 AND 6349244
	Bitmap Heap Scan on sbtest4  (cost=5.41..381.77 rows=95 width=125)
	  Recheck Cond: ((k >= 6349144) AND (k <= 6349244))
	  ->  Bitmap Index Scan on k_4  (cost=0.00..5.38 rows=95 width=0)
	        Index Cond: ((k >= 6349144) AND (k <= 6349244))

table 5 : explain SELECT k, c FROM sbtest5 WHERE k BETWEEN 6349144 AND 6349244
	Bitmap Heap Scan on sbtest5  (cost=5.43..389.67 rows=97 width=125)
	  Recheck Cond: ((k >= 6349144) AND (k <= 6349244))
	  ->  Bitmap Index Scan on k_5  (cost=0.00..5.40 rows=97 width=0)
	        Index Cond: ((k >= 6349144) AND (k <= 6349244))

table 6 : explain SELECT k, c FROM sbtest6 WHERE k BETWEEN 6349144 AND 6349244
	Bitmap Heap Scan on sbtest6  (cost=5.47..405.47 rows=101 width=125)
	  Recheck Cond: ((k >= 6349144) AND (k <= 6349244))
	  ->  Bitmap Index Scan on k_6  (cost=0.00..5.44 rows=101 width=0)
	        Index Cond: ((k >= 6349144) AND (k <= 6349244))

table 7 : explain SELECT k, c FROM sbtest7 WHERE k BETWEEN 6349144 AND 6349244
	Bitmap Heap Scan on sbtest7  (cost=5.60..456.69 rows=114 width=125)
	  Recheck Cond: ((k >= 6349144) AND (k <= 6349244))
	  ->  Bitmap Index Scan on k_7  (cost=0.00..5.58 rows=114 width=0)
	        Index Cond: ((k >= 6349144) AND (k <= 6349244))

table 8 : explain SELECT k, c FROM sbtest8 WHERE k BETWEEN 6349144 AND 6349244
	Bitmap Heap Scan on sbtest8  (cost=5.47..405.47 rows=101 width=125)
	  Recheck Cond: ((k >= 6349144) AND (k <= 6349244))
	  ->  Bitmap Index Scan on k_8  (cost=0.00..5.44 rows=101 width=0)
	        Index Cond: ((k >= 6349144) AND (k <= 6349244))

explain: for range-notcovered :: explain SELECT k, c FROM sbtest%d WHERE k BETWEEN 4395323 AND 4395423
explain: for range-notcovered :: explain SELECT k, c FROM sbtest%d WHERE k BETWEEN 5046403 AND 5046503
explain: for range-notcovered :: explain SELECT k, c FROM sbtest%d WHERE k BETWEEN 3237041 AND 3237141
for range-notcovered
table 1 : explain SELECT k, c FROM sbtest1 WHERE k BETWEEN 6413332 AND 6413432
	Bitmap Heap Scan on sbtest1  (cost=5.50..417.20 rows=104 width=125)
	  Recheck Cond: ((k >= 6413332) AND (k <= 6413432))
	  ->  Bitmap Index Scan on k_1  (cost=0.00..5.47 rows=104 width=0)
	        Index Cond: ((k >= 6413332) AND (k <= 6413432))

table 2 : explain SELECT k, c FROM sbtest2 WHERE k BETWEEN 6413332 AND 6413432
	Bitmap Heap Scan on sbtest2  (cost=5.46..401.47 rows=100 width=125)
	  Recheck Cond: ((k >= 6413332) AND (k <= 6413432))
	  ->  Bitmap Index Scan on k_2  (cost=0.00..5.43 rows=100 width=0)
	        Index Cond: ((k >= 6413332) AND (k <= 6413432))

table 3 : explain SELECT k, c FROM sbtest3 WHERE k BETWEEN 6413332 AND 6413432
	Bitmap Heap Scan on sbtest3  (cost=5.51..421.18 rows=105 width=125)
	  Recheck Cond: ((k >= 6413332) AND (k <= 6413432))
	  ->  Bitmap Index Scan on k_3  (cost=0.00..5.48 rows=105 width=0)
	        Index Cond: ((k >= 6413332) AND (k <= 6413432))

table 4 : explain SELECT k, c FROM sbtest4 WHERE k BETWEEN 6413332 AND 6413432
	Bitmap Heap Scan on sbtest4  (cost=5.47..405.44 rows=101 width=125)
	  Recheck Cond: ((k >= 6413332) AND (k <= 6413432))
	  ->  Bitmap Index Scan on k_4  (cost=0.00..5.44 rows=101 width=0)
	        Index Cond: ((k >= 6413332) AND (k <= 6413432))

table 5 : explain SELECT k, c FROM sbtest5 WHERE k BETWEEN 6413332 AND 6413432
	Bitmap Heap Scan on sbtest5  (cost=5.47..405.44 rows=101 width=125)
	  Recheck Cond: ((k >= 6413332) AND (k <= 6413432))
	  ->  Bitmap Index Scan on k_5  (cost=0.00..5.44 rows=101 width=0)
	        Index Cond: ((k >= 6413332) AND (k <= 6413432))

table 6 : explain SELECT k, c FROM sbtest6 WHERE k BETWEEN 6413332 AND 6413432
	Bitmap Heap Scan on sbtest6  (cost=5.51..421.24 rows=105 width=125)
	  Recheck Cond: ((k >= 6413332) AND (k <= 6413432))
	  ->  Bitmap Index Scan on k_6  (cost=0.00..5.48 rows=105 width=0)
	        Index Cond: ((k >= 6413332) AND (k <= 6413432))

table 7 : explain SELECT k, c FROM sbtest7 WHERE k BETWEEN 6413332 AND 6413432
	Bitmap Heap Scan on sbtest7  (cost=5.50..417.29 rows=104 width=125)
	  Recheck Cond: ((k >= 6413332) AND (k <= 6413432))
	  ->  Bitmap Index Scan on k_7  (cost=0.00..5.47 rows=104 width=0)
	        Index Cond: ((k >= 6413332) AND (k <= 6413432))

table 8 : explain SELECT k, c FROM sbtest8 WHERE k BETWEEN 6413332 AND 6413432
	Bitmap Heap Scan on sbtest8  (cost=5.47..405.47 rows=101 width=125)
	  Recheck Cond: ((k >= 6413332) AND (k <= 6413432))
	  ->  Bitmap Index Scan on k_8  (cost=0.00..5.44 rows=101 width=0)
	        Index Cond: ((k >= 6413332) AND (k <= 6413432))

explain: for range-notcovered :: explain SELECT k, c FROM sbtest%d WHERE k BETWEEN 8331790 AND 8331890explain: for range-notcovered :: explain SELECT k, c FROM sbtest%d WHERE k BETWEEN 6349144 AND 6349244

explain: for range-notcovered :: explain SELECT k, c FROM sbtest%d WHERE k BETWEEN 4276750 AND 4276850
for range-notcovered
table 1 : explain SELECT k, c FROM sbtest1 WHERE k BETWEEN 2722345 AND 2722445
	Bitmap Heap Scan on sbtest1  (cost=5.55..436.90 rows=109 width=125)
	  Recheck Cond: ((k >= 2722345) AND (k <= 2722445))
	  ->  Bitmap Index Scan on k_1  (cost=0.00..5.52 rows=109 width=0)
	        Index Cond: ((k >= 2722345) AND (k <= 2722445))

table 2 : explain SELECT k, c FROM sbtest2 WHERE k BETWEEN 2722345 AND 2722445
	Bitmap Heap Scan on sbtest2  (cost=5.51..421.18 rows=105 width=125)
	  Recheck Cond: ((k >= 2722345) AND (k <= 2722445))
	  ->  Bitmap Index Scan on k_2  (cost=0.00..5.48 rows=105 width=0)
	        Index Cond: ((k >= 2722345) AND (k <= 2722445))

table 3 : explain SELECT k, c FROM sbtest3 WHERE k BETWEEN 2722345 AND 2722445
	Bitmap Heap Scan on sbtest3  (cost=5.48..409.36 rows=102 width=125)
	  Recheck Cond: ((k >= 2722345) AND (k <= 2722445))
	  ->  Bitmap Index Scan on k_3  (cost=0.00..5.45 rows=102 width=0)
	        Index Cond: ((k >= 2722345) AND (k <= 2722445))

table 4 : explain SELECT k, c FROM sbtest4 WHERE k BETWEEN 2722345 AND 2722445
	Bitmap Heap Scan on sbtest4  (cost=5.48..409.38 rows=102 width=125)
	  Recheck Cond: ((k >= 2722345) AND (k <= 2722445))
	  ->  Bitmap Index Scan on k_4  (cost=0.00..5.45 rows=102 width=0)
	        Index Cond: ((k >= 2722345) AND (k <= 2722445))

table 5 : explain SELECT k, c FROM sbtest5 WHERE k BETWEEN 2722345 AND 2722445
	Bitmap Heap Scan on sbtest5  (cost=5.52..425.15 rows=106 width=125)
	  Recheck Cond: ((k >= 2722345) AND (k <= 2722445))
	  ->  Bitmap Index Scan on k_5  (cost=0.00..5.50 rows=106 width=0)
	        Index Cond: ((k >= 2722345) AND (k <= 2722445))

table 6 : explain SELECT k, c FROM sbtest6 WHERE k BETWEEN 2722345 AND 2722445
	Bitmap Heap Scan on sbtest6  (cost=5.51..421.24 rows=105 width=125)
	  Recheck Cond: ((k >= 2722345) AND (k <= 2722445))
	  ->  Bitmap Index Scan on k_6  (cost=0.00..5.48 rows=105 width=0)
	        Index Cond: ((k >= 2722345) AND (k <= 2722445))

table 7 : explain SELECT k, c FROM sbtest7 WHERE k BETWEEN 2722345 AND 2722445
	Bitmap Heap Scan on sbtest7  (cost=5.41..381.80 rows=95 width=125)
	  Recheck Cond: ((k >= 2722345) AND (k <= 2722445))
	  ->  Bitmap Index Scan on k_7  (cost=0.00..5.38 rows=95 width=0)
	        Index Cond: ((k >= 2722345) AND (k <= 2722445))

table 8 : explain SELECT k, c FROM sbtest8 WHERE k BETWEEN 2722345 AND 2722445
	Bitmap Heap Scan on sbtest8  (cost=5.43..389.69 rows=97 width=125)
	  Recheck Cond: ((k >= 2722345) AND (k <= 2722445))
	  ->  Bitmap Index Scan on k_8  (cost=0.00..5.40 rows=97 width=0)
	        Index Cond: ((k >= 2722345) AND (k <= 2722445))

for range-notcovered
table 1 : explain SELECT k, c FROM sbtest1 WHERE k BETWEEN 1917812 AND 1917912
	Bitmap Heap Scan on sbtest1  (cost=5.51..421.14 rows=105 width=125)
	  Recheck Cond: ((k >= 1917812) AND (k <= 1917912))
	  ->  Bitmap Index Scan on k_1  (cost=0.00..5.48 rows=105 width=0)
	        Index Cond: ((k >= 1917812) AND (k <= 1917912))

table 2 : explain SELECT k, c FROM sbtest2 WHERE k BETWEEN 1917812 AND 1917912
	Bitmap Heap Scan on sbtest2  (cost=5.41..381.75 rows=95 width=125)
	  Recheck Cond: ((k >= 1917812) AND (k <= 1917912))
	  ->  Bitmap Index Scan on k_2  (cost=0.00..5.38 rows=95 width=0)
	        Index Cond: ((k >= 1917812) AND (k <= 1917912))

table 3 : explain SELECT k, c FROM sbtest3 WHERE k BETWEEN 1917812 AND 1917912
	Bitmap Heap Scan on sbtest3  (cost=5.42..385.70 rows=96 width=125)
	  Recheck Cond: ((k >= 1917812) AND (k <= 1917912))
	  ->  Bitmap Index Scan on k_3  (cost=0.00..5.39 rows=96 width=0)
	        Index Cond: ((k >= 1917812) AND (k <= 1917912))

table 4 : explain SELECT k, c FROM sbtest4 WHERE k BETWEEN 1917812 AND 1917912
	Bitmap Heap Scan on sbtest4  (cost=5.49..413.32 rows=103 width=125)
	  Recheck Cond: ((k >= 1917812) AND (k <= 1917912))
	  ->  Bitmap Index Scan on k_4  (cost=0.00..5.46 rows=103 width=0)
	        Index Cond: ((k >= 1917812) AND (k <= 1917912))

table 5 : explain SELECT k, c FROM sbtest5 WHERE k BETWEEN 1917812 AND 1917912
	Bitmap Heap Scan on sbtest5  (cost=5.44..393.61 rows=98 width=125)
	  Recheck Cond: ((k >= 1917812) AND (k <= 1917912))
	  ->  Bitmap Index Scan on k_5  (cost=0.00..5.42 rows=98 width=0)
	        Index Cond: ((k >= 1917812) AND (k <= 1917912))

table 6 : explain SELECT k, c FROM sbtest6 WHERE k BETWEEN 1917812 AND 1917912
	Bitmap Heap Scan on sbtest6  (cost=5.49..413.35 rows=103 width=125)
	  Recheck Cond: ((k >= 1917812) AND (k <= 1917912))
	  ->  Bitmap Index Scan on k_6  (cost=0.00..5.46 rows=103 width=0)
	        Index Cond: ((k >= 1917812) AND (k <= 1917912))

table 7 : explain SELECT k, c FROM sbtest7 WHERE k BETWEEN 1917812 AND 1917912
	Bitmap Heap Scan on sbtest7  (cost=5.50..417.29 rows=104 width=125)
	  Recheck Cond: ((k >= 1917812) AND (k <= 1917912))
	  ->  Bitmap Index Scan on k_7  (cost=0.00..5.47 rows=104 width=0)
	        Index Cond: ((k >= 1917812) AND (k <= 1917912))

table 8 : explain SELECT k, c FROM sbtest8 WHERE k BETWEEN 1917812 AND 1917912
	Bitmap Heap Scan on sbtest8  (cost=5.60..456.70 rows=114 width=125)
	  Recheck Cond: ((k >= 1917812) AND (k <= 1917912))
	  ->  Bitmap Index Scan on k_8  (cost=0.00..5.58 rows=114 width=0)
	        Index Cond: ((k >= 1917812) AND (k <= 1917912))
for range-notcovered
table 1 : explain SELECT k, c FROM sbtest1 WHERE k BETWEEN 2786643 AND 2786743
	Bitmap Heap Scan on sbtest1  (cost=5.50..417.20 rows=104 width=125)
	  Recheck Cond: ((k >= 2786643) AND (k <= 2786743))
	  ->  Bitmap Index Scan on k_1  (cost=0.00..5.47 rows=104 width=0)
	        Index Cond: ((k >= 2786643) AND (k <= 2786743))

table 2 : explain SELECT k, c FROM sbtest2 WHERE k BETWEEN 2786643 AND 2786743
	Bitmap Heap Scan on sbtest2  (cost=5.47..405.41 rows=101 width=125)
	  Recheck Cond: ((k >= 2786643) AND (k <= 2786743))
	  ->  Bitmap Index Scan on k_2  (cost=0.00..5.44 rows=101 width=0)
	        Index Cond: ((k >= 2786643) AND (k <= 2786743))

table 3 : explain SELECT k, c FROM sbtest3 WHERE k BETWEEN 2786643 AND 2786743
	Bitmap Heap Scan on sbtest3  (cost=5.48..409.36 rows=102 width=125)
	  Recheck Cond: ((k >= 2786643) AND (k <= 2786743))
	  ->  Bitmap Index Scan on k_3  (cost=0.00..5.45 rows=102 width=0)
	        Index Cond: ((k >= 2786643) AND (k <= 2786743))

table 4 : explain SELECT k, c FROM sbtest4 WHERE k BETWEEN 2786643 AND 2786743
	Bitmap Heap Scan on sbtest4  (cost=5.48..409.38 rows=102 width=125)
	  Recheck Cond: ((k >= 2786643) AND (k <= 2786743))
	  ->  Bitmap Index Scan on k_4  (cost=0.00..5.45 rows=102 width=0)
	        Index Cond: ((k >= 2786643) AND (k <= 2786743))

table 5 : explain SELECT k, c FROM sbtest5 WHERE k BETWEEN 2786643 AND 2786743
	Bitmap Heap Scan on sbtest5  (cost=5.46..401.50 rows=100 width=125)
	  Recheck Cond: ((k >= 2786643) AND (k <= 2786743))
	  ->  Bitmap Index Scan on k_5  (cost=0.00..5.43 rows=100 width=0)
	        Index Cond: ((k >= 2786643) AND (k <= 2786743))

table 6 : explain SELECT k, c FROM sbtest6 WHERE k BETWEEN 2786643 AND 2786743
	Bitmap Heap Scan on sbtest6  (cost=5.36..362.07 rows=90 width=125)
	  Recheck Cond: ((k >= 2786643) AND (k <= 2786743))
	  ->  Bitmap Index Scan on k_6  (cost=0.00..5.33 rows=90 width=0)
	        Index Cond: ((k >= 2786643) AND (k <= 2786743))

table 7 : explain SELECT k, c FROM sbtest7 WHERE k BETWEEN 2786643 AND 2786743
	Bitmap Heap Scan on sbtest7  (cost=5.41..381.80 rows=95 width=125)
	  Recheck Cond: ((k >= 2786643) AND (k <= 2786743))
	  ->  Bitmap Index Scan on k_7  (cost=0.00..5.38 rows=95 width=0)
	        Index Cond: ((k >= 2786643) AND (k <= 2786743))

table 8 : explain SELECT k, c FROM sbtest8 WHERE k BETWEEN 2786643 AND 2786743
	Bitmap Heap Scan on sbtest8  (cost=5.46..401.52 rows=100 width=125)
	  Recheck Cond: ((k >= 2786643) AND (k <= 2786743))
	  ->  Bitmap Index Scan on k_8  (cost=0.00..5.43 rows=100 width=0)
	        Index Cond: ((k >= 2786643) AND (k <= 2786743))


explain: for range-notcovered :: explain SELECT k, c FROM sbtest%d WHERE k BETWEEN 6413332 AND 6413432
for range-notcovered
table 1 : explain SELECT k, c FROM sbtest1 WHERE k BETWEEN 5513675 AND 5513775
	Bitmap Heap Scan on sbtest1  (cost=5.52..425.08 rows=106 width=125)
	  Recheck Cond: ((k >= 5513675) AND (k <= 5513775))
	  ->  Bitmap Index Scan on k_1  (cost=0.00..5.50 rows=106 width=0)
	        Index Cond: ((k >= 5513675) AND (k <= 5513775))

table 2 : explain SELECT k, c FROM sbtest2 WHERE k BETWEEN 5513675 AND 5513775
	Bitmap Heap Scan on sbtest2  (cost=5.51..421.18 rows=105 width=125)
	  Recheck Cond: ((k >= 5513675) AND (k <= 5513775))
	  ->  Bitmap Index Scan on k_2  (cost=0.00..5.48 rows=105 width=0)
	        Index Cond: ((k >= 5513675) AND (k <= 5513775))

table 3 : explain SELECT k, c FROM sbtest3 WHERE k BETWEEN 5513675 AND 5513775
	Bitmap Heap Scan on sbtest3  (cost=5.46..401.47 rows=100 width=125)
	  Recheck Cond: ((k >= 5513675) AND (k <= 5513775))
	  ->  Bitmap Index Scan on k_3  (cost=0.00..5.43 rows=100 width=0)
	        Index Cond: ((k >= 5513675) AND (k <= 5513775))

table 4 : explain SELECT k, c FROM sbtest4 WHERE k BETWEEN 5513675 AND 5513775
	Bitmap Heap Scan on sbtest4  (cost=5.47..405.44 rows=101 width=125)
	  Recheck Cond: ((k >= 5513675) AND (k <= 5513775))
	  ->  Bitmap Index Scan on k_4  (cost=0.00..5.44 rows=101 width=0)
	        Index Cond: ((k >= 5513675) AND (k <= 5513775))

table 5 : explain SELECT k, c FROM sbtest5 WHERE k BETWEEN 5513675 AND 5513775
	Bitmap Heap Scan on sbtest5  (cost=5.43..389.67 rows=97 width=125)
	  Recheck Cond: ((k >= 5513675) AND (k <= 5513775))
	  ->  Bitmap Index Scan on k_5  (cost=0.00..5.40 rows=97 width=0)
	        Index Cond: ((k >= 5513675) AND (k <= 5513775))

table 6 : explain SELECT k, c FROM sbtest6 WHERE k BETWEEN 5513675 AND 5513775
	Bitmap Heap Scan on sbtest6  (cost=5.38..369.96 rows=92 width=125)
	  Recheck Cond: ((k >= 5513675) AND (k <= 5513775))
	  ->  Bitmap Index Scan on k_6  (cost=0.00..5.35 rows=92 width=0)
	        Index Cond: ((k >= 5513675) AND (k <= 5513775))

table 7 : explain SELECT k, c FROM sbtest7 WHERE k BETWEEN 5513675 AND 5513775
	Bitmap Heap Scan on sbtest7  (cost=5.45..397.58 rows=99 width=125)
	  Recheck Cond: ((k >= 5513675) AND (k <= 5513775))
	  ->  Bitmap Index Scan on k_7  (cost=0.00..5.42 rows=99 width=0)
	        Index Cond: ((k >= 5513675) AND (k <= 5513775))

table 8 : explain SELECT k, c FROM sbtest8 WHERE k BETWEEN 5513675 AND 5513775
	Bitmap Heap Scan on sbtest8  (cost=5.45..397.58 rows=99 width=125)
	  Recheck Cond: ((k >= 5513675) AND (k <= 5513775))
	  ->  Bitmap Index Scan on k_8  (cost=0.00..5.42 rows=99 width=0)
	        Index Cond: ((k >= 5513675) AND (k <= 5513775))

for range-notcovered
table 1 : explain SELECT k, c FROM sbtest1 WHERE k BETWEEN 7843619 AND 7843719
	Bitmap Heap Scan on sbtest1  (cost=5.45..397.49 rows=99 width=125)
	  Recheck Cond: ((k >= 7843619) AND (k <= 7843719))
	  ->  Bitmap Index Scan on k_1  (cost=0.00..5.42 rows=99 width=0)
	        Index Cond: ((k >= 7843619) AND (k <= 7843719))

table 2 : explain SELECT k, c FROM sbtest2 WHERE k BETWEEN 7843619 AND 7843719
	Bitmap Heap Scan on sbtest2  (cost=5.52..425.12 rows=106 width=125)
	  Recheck Cond: ((k >= 7843619) AND (k <= 7843719))
	  ->  Bitmap Index Scan on k_2  (cost=0.00..5.50 rows=106 width=0)
	        Index Cond: ((k >= 7843619) AND (k <= 7843719))

table 3 : explain SELECT k, c FROM sbtest3 WHERE k BETWEEN 7843619 AND 7843719
	Bitmap Heap Scan on sbtest3  (cost=5.48..409.36 rows=102 width=125)
	  Recheck Cond: ((k >= 7843619) AND (k <= 7843719))
	  ->  Bitmap Index Scan on k_3  (cost=0.00..5.45 rows=102 width=0)
	        Index Cond: ((k >= 7843619) AND (k <= 7843719))

table 4 : explain SELECT k, c FROM sbtest4 WHERE k BETWEEN 7843619 AND 7843719
	Bitmap Heap Scan on sbtest4  (cost=5.51..421.21 rows=105 width=125)
	  Recheck Cond: ((k >= 7843619) AND (k <= 7843719))
	  ->  Bitmap Index Scan on k_4  (cost=0.00..5.48 rows=105 width=0)
	        Index Cond: ((k >= 7843619) AND (k <= 7843719))

table 5 : explain SELECT k, c FROM sbtest5 WHERE k BETWEEN 7843619 AND 7843719
	Bitmap Heap Scan on sbtest5  (cost=5.54..433.03 rows=108 width=125)
	  Recheck Cond: ((k >= 7843619) AND (k <= 7843719))
	  ->  Bitmap Index Scan on k_5  (cost=0.00..5.51 rows=108 width=0)
	        Index Cond: ((k >= 7843619) AND (k <= 7843719))

table 6 : explain SELECT k, c FROM sbtest6 WHERE k BETWEEN 7843619 AND 7843719
	Bitmap Heap Scan on sbtest6  (cost=5.47..405.47 rows=101 width=125)
	  Recheck Cond: ((k >= 7843619) AND (k <= 7843719))
	  ->  Bitmap Index Scan on k_6  (cost=0.00..5.44 rows=101 width=0)
	        Index Cond: ((k >= 7843619) AND (k <= 7843719))

table 7 : explain SELECT k, c FROM sbtest7 WHERE k BETWEEN 7843619 AND 7843719
	Bitmap Heap Scan on sbtest7  (cost=5.35..358.12 rows=89 width=125)
	  Recheck Cond: ((k >= 7843619) AND (k <= 7843719))
	  ->  Bitmap Index Scan on k_7  (cost=0.00..5.32 rows=89 width=0)
	        Index Cond: ((k >= 7843619) AND (k <= 7843719))

table 8 : explain SELECT k, c FROM sbtest8 WHERE k BETWEEN 7843619 AND 7843719
	Bitmap Heap Scan on sbtest8  (cost=5.48..409.41 rows=102 width=125)
	  Recheck Cond: ((k >= 7843619) AND (k <= 7843719))
	  ->  Bitmap Index Scan on k_8  (cost=0.00..5.45 rows=102 width=0)
	        Index Cond: ((k >= 7843619) AND (k <= 7843719))

explain: for range-notcovered :: explain SELECT k, c FROM sbtest%d WHERE k BETWEEN 2786643 AND 2786743
for range-notcovered
table 1 : explain SELECT k, c FROM sbtest1 WHERE k BETWEEN 3967413 AND 3967513
	Bitmap Heap Scan on sbtest1  (cost=5.48..409.32 rows=102 width=125)
	  Recheck Cond: ((k >= 3967413) AND (k <= 3967513))
	  ->  Bitmap Index Scan on k_1  (cost=0.00..5.45 rows=102 width=0)
	        Index Cond: ((k >= 3967413) AND (k <= 3967513))

table 2 : explain SELECT k, c FROM sbtest2 WHERE k BETWEEN 3967413 AND 3967513
	Bitmap Heap Scan on sbtest2  (cost=5.46..401.47 rows=100 width=125)
	  Recheck Cond: ((k >= 3967413) AND (k <= 3967513))
	  ->  Bitmap Index Scan on k_2  (cost=0.00..5.43 rows=100 width=0)
	        Index Cond: ((k >= 3967413) AND (k <= 3967513))

table 3 : explain SELECT k, c FROM sbtest3 WHERE k BETWEEN 3967413 AND 3967513
	Bitmap Heap Scan on sbtest3  (cost=5.42..385.70 rows=96 width=125)
	  Recheck Cond: ((k >= 3967413) AND (k <= 3967513))
	  ->  Bitmap Index Scan on k_3  (cost=0.00..5.39 rows=96 width=0)
	        Index Cond: ((k >= 3967413) AND (k <= 3967513))

table 4 : explain SELECT k, c FROM sbtest4 WHERE k BETWEEN 3967413 AND 3967513
	Bitmap Heap Scan on sbtest4  (cost=5.57..444.85 rows=111 width=125)
	  Recheck Cond: ((k >= 3967413) AND (k <= 3967513))
	  ->  Bitmap Index Scan on k_4  (cost=0.00..5.54 rows=111 width=0)
	        Index Cond: ((k >= 3967413) AND (k <= 3967513))

table 5 : explain SELECT k, c FROM sbtest5 WHERE k BETWEEN 3967413 AND 3967513
	Bitmap Heap Scan on sbtest5  (cost=5.39..373.89 rows=93 width=125)
	  Recheck Cond: ((k >= 3967413) AND (k <= 3967513))
	  ->  Bitmap Index Scan on k_5  (cost=0.00..5.36 rows=93 width=0)
	        Index Cond: ((k >= 3967413) AND (k <= 3967513))

table 6 : explain SELECT k, c FROM sbtest6 WHERE k BETWEEN 3967413 AND 3967513
	Bitmap Heap Scan on sbtest6  (cost=5.45..397.58 rows=99 width=125)
	  Recheck Cond: ((k >= 3967413) AND (k <= 3967513))
	  ->  Bitmap Index Scan on k_6  (cost=0.00..5.42 rows=99 width=0)
	        Index Cond: ((k >= 3967413) AND (k <= 3967513))

table 7 : explain SELECT k, c FROM sbtest7 WHERE k BETWEEN 3967413 AND 3967513
	Bitmap Heap Scan on sbtest7  (cost=5.45..397.58 rows=99 width=125)
	  Recheck Cond: ((k >= 3967413) AND (k <= 3967513))
	  ->  Bitmap Index Scan on k_7  (cost=0.00..5.42 rows=99 width=0)
	        Index Cond: ((k >= 3967413) AND (k <= 3967513))

table 8 : explain SELECT k, c FROM sbtest8 WHERE k BETWEEN 3967413 AND 3967513
	Bitmap Heap Scan on sbtest8  (cost=5.42..385.74 rows=96 width=125)
	  Recheck Cond: ((k >= 3967413) AND (k <= 3967513))
	  ->  Bitmap Index Scan on k_8  (cost=0.00..5.39 rows=96 width=0)
	        Index Cond: ((k >= 3967413) AND (k <= 3967513))

for range-notcovered
table 1 : explain SELECT k, c FROM sbtest1 WHERE k BETWEEN 2814015 AND 2814115
	Bitmap Heap Scan on sbtest1  (cost=5.50..417.20 rows=104 width=125)
	  Recheck Cond: ((k >= 2814015) AND (k <= 2814115))
	  ->  Bitmap Index Scan on k_1  (cost=0.00..5.47 rows=104 width=0)
	        Index Cond: ((k >= 2814015) AND (k <= 2814115))

table 2 : explain SELECT k, c FROM sbtest2 WHERE k BETWEEN 2814015 AND 2814115
	Bitmap Heap Scan on sbtest2  (cost=5.47..405.41 rows=101 width=125)
	  Recheck Cond: ((k >= 2814015) AND (k <= 2814115))
	  ->  Bitmap Index Scan on k_2  (cost=0.00..5.44 rows=101 width=0)
	        Index Cond: ((k >= 2814015) AND (k <= 2814115))

table 3 : explain SELECT k, c FROM sbtest3 WHERE k BETWEEN 2814015 AND 2814115
	Bitmap Heap Scan on sbtest3  (cost=5.55..436.94 rows=109 width=125)
	  Recheck Cond: ((k >= 2814015) AND (k <= 2814115))
	  ->  Bitmap Index Scan on k_3  (cost=0.00..5.52 rows=109 width=0)
	        Index Cond: ((k >= 2814015) AND (k <= 2814115))

table 4 : explain SELECT k, c FROM sbtest4 WHERE k BETWEEN 2814015 AND 2814115
	Bitmap Heap Scan on sbtest4  (cost=5.50..417.27 rows=104 width=125)
	  Recheck Cond: ((k >= 2814015) AND (k <= 2814115))
	  ->  Bitmap Index Scan on k_4  (cost=0.00..5.47 rows=104 width=0)
	        Index Cond: ((k >= 2814015) AND (k <= 2814115))

table 5 : explain SELECT k, c FROM sbtest5 WHERE k BETWEEN 2814015 AND 2814115
	Bitmap Heap Scan on sbtest5  (cost=5.46..401.50 rows=100 width=125)
	  Recheck Cond: ((k >= 2814015) AND (k <= 2814115))
	  ->  Bitmap Index Scan on k_5  (cost=0.00..5.43 rows=100 width=0)
	        Index Cond: ((k >= 2814015) AND (k <= 2814115))

table 6 : explain SELECT k, c FROM sbtest6 WHERE k BETWEEN 2814015 AND 2814115
	Bitmap Heap Scan on sbtest6  (cost=5.36..362.07 rows=90 width=125)
	  Recheck Cond: ((k >= 2814015) AND (k <= 2814115))
	  ->  Bitmap Index Scan on k_6  (cost=0.00..5.33 rows=90 width=0)
	        Index Cond: ((k >= 2814015) AND (k <= 2814115))

table 7 : explain SELECT k, c FROM sbtest7 WHERE k BETWEEN 2814015 AND 2814115
	Bitmap Heap Scan on sbtest7  (cost=5.55..437.00 rows=109 width=125)
	  Recheck Cond: ((k >= 2814015) AND (k <= 2814115))
	  ->  Bitmap Index Scan on k_7  (cost=0.00..5.52 rows=109 width=0)
	        Index Cond: ((k >= 2814015) AND (k <= 2814115))

table 8 : explain SELECT k, c FROM sbtest8 WHERE k BETWEEN 2814015 AND 2814115
	Bitmap Heap Scan on sbtest8  (cost=5.46..401.52 rows=100 width=125)
	  Recheck Cond: ((k >= 2814015) AND (k <= 2814115))
	  ->  Bitmap Index Scan on k_8  (cost=0.00..5.43 rows=100 width=0)
	        Index Cond: ((k >= 2814015) AND (k <= 2814115))
explain: for range-notcovered :: explain SELECT k, c FROM sbtest%d WHERE k BETWEEN 5513675 AND 5513775explain: for range-notcovered :: explain SELECT k, c FROM sbtest%d WHERE k BETWEEN 1917812 AND 1917912explain: for range-notcovered :: explain SELECT k, c FROM sbtest%d WHERE k BETWEEN 2722345 AND 2722445


explain: for range-notcovered :: explain SELECT k, c FROM sbtest%d WHERE k BETWEEN 7843619 AND 7843719
for range-notcovered
table 1 : explain SELECT k, c FROM sbtest1 WHERE k BETWEEN 6393573 AND 6393673
	Bitmap Heap Scan on sbtest1  (cost=5.50..417.20 rows=104 width=125)
	  Recheck Cond: ((k >= 6393573) AND (k <= 6393673))
	  ->  Bitmap Index Scan on k_1  (cost=0.00..5.47 rows=104 width=0)
	        Index Cond: ((k >= 6393573) AND (k <= 6393673))

table 2 : explain SELECT k, c FROM sbtest2 WHERE k BETWEEN 6393573 AND 6393673
	Bitmap Heap Scan on sbtest2  (cost=5.46..401.47 rows=100 width=125)
	  Recheck Cond: ((k >= 6393573) AND (k <= 6393673))
	  ->  Bitmap Index Scan on k_2  (cost=0.00..5.43 rows=100 width=0)
	        Index Cond: ((k >= 6393573) AND (k <= 6393673))

table 3 : explain SELECT k, c FROM sbtest3 WHERE k BETWEEN 6393573 AND 6393673
	Bitmap Heap Scan on sbtest3  (cost=5.48..409.36 rows=102 width=125)
	  Recheck Cond: ((k >= 6393573) AND (k <= 6393673))
	  ->  Bitmap Index Scan on k_3  (cost=0.00..5.45 rows=102 width=0)
	        Index Cond: ((k >= 6393573) AND (k <= 6393673))

table 4 : explain SELECT k, c FROM sbtest4 WHERE k BETWEEN 6393573 AND 6393673
	Bitmap Heap Scan on sbtest4  (cost=5.47..405.44 rows=101 width=125)
	  Recheck Cond: ((k >= 6393573) AND (k <= 6393673))
	  ->  Bitmap Index Scan on k_4  (cost=0.00..5.44 rows=101 width=0)
	        Index Cond: ((k >= 6393573) AND (k <= 6393673))

table 5 : explain SELECT k, c FROM sbtest5 WHERE k BETWEEN 6393573 AND 6393673
	Bitmap Heap Scan on sbtest5  (cost=5.47..405.44 rows=101 width=125)
	  Recheck Cond: ((k >= 6393573) AND (k <= 6393673))
	  ->  Bitmap Index Scan on k_5  (cost=0.00..5.44 rows=101 width=0)
	        Index Cond: ((k >= 6393573) AND (k <= 6393673))

table 6 : explain SELECT k, c FROM sbtest6 WHERE k BETWEEN 6393573 AND 6393673
	Bitmap Heap Scan on sbtest6  (cost=5.51..421.24 rows=105 width=125)
	  Recheck Cond: ((k >= 6393573) AND (k <= 6393673))
	  ->  Bitmap Index Scan on k_6  (cost=0.00..5.48 rows=105 width=0)
	        Index Cond: ((k >= 6393573) AND (k <= 6393673))

table 7 : explain SELECT k, c FROM sbtest7 WHERE k BETWEEN 6393573 AND 6393673
	Bitmap Heap Scan on sbtest7  (cost=5.50..417.29 rows=104 width=125)
	  Recheck Cond: ((k >= 6393573) AND (k <= 6393673))
	  ->  Bitmap Index Scan on k_7  (cost=0.00..5.47 rows=104 width=0)
	        Index Cond: ((k >= 6393573) AND (k <= 6393673))

table 8 : explain SELECT k, c FROM sbtest8 WHERE k BETWEEN 6393573 AND 6393673
	Bitmap Heap Scan on sbtest8  (cost=5.47..405.47 rows=101 width=125)
	  Recheck Cond: ((k >= 6393573) AND (k <= 6393673))
	  ->  Bitmap Index Scan on k_8  (cost=0.00..5.44 rows=101 width=0)
	        Index Cond: ((k >= 6393573) AND (k <= 6393673))

explain: for range-notcovered :: explain SELECT k, c FROM sbtest%d WHERE k BETWEEN 3967413 AND 3967513

for range-notcovered
table 1 : explain SELECT k, c FROM sbtest1 WHERE k BETWEEN 5198029 AND 5198129
	Bitmap Heap Scan on sbtest1  (cost=5.48..409.32 rows=102 width=125)
	  Recheck Cond: ((k >= 5198029) AND (k <= 5198129))
	  ->  Bitmap Index Scan on k_1  (cost=0.00..5.45 rows=102 width=0)
	        Index Cond: ((k >= 5198029) AND (k <= 5198129))

table 2 : explain SELECT k, c FROM sbtest2 WHERE k BETWEEN 5198029 AND 5198129
	Bitmap Heap Scan on sbtest2  (cost=5.50..417.23 rows=104 width=125)
	  Recheck Cond: ((k >= 5198029) AND (k <= 5198129))
	  ->  Bitmap Index Scan on k_2  (cost=0.00..5.47 rows=104 width=0)
	        Index Cond: ((k >= 5198029) AND (k <= 5198129))

table 3 : explain SELECT k, c FROM sbtest3 WHERE k BETWEEN 5198029 AND 5198129
	Bitmap Heap Scan on sbtest3  (cost=5.60..456.63 rows=114 width=125)
	  Recheck Cond: ((k >= 5198029) AND (k <= 5198129))
	  ->  Bitmap Index Scan on k_3  (cost=0.00..5.58 rows=114 width=0)
	        Index Cond: ((k >= 5198029) AND (k <= 5198129))

table 4 : explain SELECT k, c FROM sbtest4 WHERE k BETWEEN 5198029 AND 5198129
	Bitmap Heap Scan on sbtest4  (cost=5.47..405.44 rows=101 width=125)
	  Recheck Cond: ((k >= 5198029) AND (k <= 5198129))
	  ->  Bitmap Index Scan on k_4  (cost=0.00..5.44 rows=101 width=0)
	        Index Cond: ((k >= 5198029) AND (k <= 5198129))

table 5 : explain SELECT k, c FROM sbtest5 WHERE k BETWEEN 5198029 AND 5198129
	Bitmap Heap Scan on sbtest5  (cost=5.46..401.50 rows=100 width=125)
	  Recheck Cond: ((k >= 5198029) AND (k <= 5198129))
	  ->  Bitmap Index Scan on k_5  (cost=0.00..5.43 rows=100 width=0)
	        Index Cond: ((k >= 5198029) AND (k <= 5198129))

table 6 : explain SELECT k, c FROM sbtest6 WHERE k BETWEEN 5198029 AND 5198129
	Bitmap Heap Scan on sbtest6  (cost=5.60..456.70 rows=114 width=125)
	  Recheck Cond: ((k >= 5198029) AND (k <= 5198129))
	  ->  Bitmap Index Scan on k_6  (cost=0.00..5.58 rows=114 width=0)
	        Index Cond: ((k >= 5198029) AND (k <= 5198129))

table 7 : explain SELECT k, c FROM sbtest7 WHERE k BETWEEN 5198029 AND 5198129
	Bitmap Heap Scan on sbtest7  (cost=5.65..476.38 rows=119 width=125)
	  Recheck Cond: ((k >= 5198029) AND (k <= 5198129))
	  ->  Bitmap Index Scan on k_7  (cost=0.00..5.62 rows=119 width=0)
	        Index Cond: ((k >= 5198029) AND (k <= 5198129))

table 8 : explain SELECT k, c FROM sbtest8 WHERE k BETWEEN 5198029 AND 5198129
	Bitmap Heap Scan on sbtest8  (cost=5.55..437.00 rows=109 width=125)
	  Recheck Cond: ((k >= 5198029) AND (k <= 5198129))
	  ->  Bitmap Index Scan on k_8  (cost=0.00..5.52 rows=109 width=0)
	        Index Cond: ((k >= 5198029) AND (k <= 5198129))

explain: for range-notcovered :: explain SELECT k, c FROM sbtest%d WHERE k BETWEEN 2814015 AND 2814115
explain: for range-notcovered :: explain SELECT k, c FROM sbtest%d WHERE k BETWEEN 6393573 AND 6393673
for range-notcovered
table 1 : explain SELECT k, c FROM sbtest1 WHERE k BETWEEN 4378422 AND 4378522
	Bitmap Heap Scan on sbtest1  (cost=5.50..417.20 rows=104 width=125)
	  Recheck Cond: ((k >= 4378422) AND (k <= 4378522))
	  ->  Bitmap Index Scan on k_1  (cost=0.00..5.47 rows=104 width=0)
	        Index Cond: ((k >= 4378422) AND (k <= 4378522))

table 2 : explain SELECT k, c FROM sbtest2 WHERE k BETWEEN 4378422 AND 4378522
	Bitmap Heap Scan on sbtest2  (cost=5.60..456.63 rows=114 width=125)
	  Recheck Cond: ((k >= 4378422) AND (k <= 4378522))
	  ->  Bitmap Index Scan on k_2  (cost=0.00..5.58 rows=114 width=0)
	        Index Cond: ((k >= 4378422) AND (k <= 4378522))

table 3 : explain SELECT k, c FROM sbtest3 WHERE k BETWEEN 4378422 AND 4378522
	Bitmap Heap Scan on sbtest3  (cost=5.42..385.70 rows=96 width=125)
	  Recheck Cond: ((k >= 4378422) AND (k <= 4378522))
	  ->  Bitmap Index Scan on k_3  (cost=0.00..5.39 rows=96 width=0)
	        Index Cond: ((k >= 4378422) AND (k <= 4378522))

table 4 : explain SELECT k, c FROM sbtest4 WHERE k BETWEEN 4378422 AND 4378522
	Bitmap Heap Scan on sbtest4  (cost=5.44..393.61 rows=98 width=125)
	  Recheck Cond: ((k >= 4378422) AND (k <= 4378522))
	  ->  Bitmap Index Scan on k_4  (cost=0.00..5.42 rows=98 width=0)
	        Index Cond: ((k >= 4378422) AND (k <= 4378522))

table 5 : explain SELECT k, c FROM sbtest5 WHERE k BETWEEN 4378422 AND 4378522
	Bitmap Heap Scan on sbtest5  (cost=5.46..401.50 rows=100 width=125)
	  Recheck Cond: ((k >= 4378422) AND (k <= 4378522))
	  ->  Bitmap Index Scan on k_5  (cost=0.00..5.43 rows=100 width=0)
	        Index Cond: ((k >= 4378422) AND (k <= 4378522))

table 6 : explain SELECT k, c FROM sbtest6 WHERE k BETWEEN 4378422 AND 4378522
	Bitmap Heap Scan on sbtest6  (cost=5.49..413.35 rows=103 width=125)
	  Recheck Cond: ((k >= 4378422) AND (k <= 4378522))
	  ->  Bitmap Index Scan on k_6  (cost=0.00..5.46 rows=103 width=0)
	        Index Cond: ((k >= 4378422) AND (k <= 4378522))

table 7 : explain SELECT k, c FROM sbtest7 WHERE k BETWEEN 4378422 AND 4378522
	Bitmap Heap Scan on sbtest7  (cost=5.59..452.76 rows=113 width=125)
	  Recheck Cond: ((k >= 4378422) AND (k <= 4378522))
	  ->  Bitmap Index Scan on k_7  (cost=0.00..5.56 rows=113 width=0)
	        Index Cond: ((k >= 4378422) AND (k <= 4378522))

table 8 : explain SELECT k, c FROM sbtest8 WHERE k BETWEEN 4378422 AND 4378522
	Bitmap Heap Scan on sbtest8  (cost=5.55..437.00 rows=109 width=125)
	  Recheck Cond: ((k >= 4378422) AND (k <= 4378522))
	  ->  Bitmap Index Scan on k_8  (cost=0.00..5.52 rows=109 width=0)
	        Index Cond: ((k >= 4378422) AND (k <= 4378522))
explain: for range-notcovered :: explain SELECT k, c FROM sbtest%d WHERE k BETWEEN 5198029 AND 5198129for range-notcovered
table 1 : explain SELECT k, c FROM sbtest1 WHERE k BETWEEN 2326923 AND 2327023
	Bitmap Heap Scan on sbtest1  (cost=5.32..346.20 rows=86 width=125)
	  Recheck Cond: ((k >= 2326923) AND (k <= 2327023))
	  ->  Bitmap Index Scan on k_1  (cost=0.00..5.29 rows=86 width=0)
	        Index Cond: ((k >= 2326923) AND (k <= 2327023))

table 2 : explain SELECT k, c FROM sbtest2 WHERE k BETWEEN 2326923 AND 2327023
	Bitmap Heap Scan on sbtest2  (cost=5.59..452.69 rows=113 width=125)
	  Recheck Cond: ((k >= 2326923) AND (k <= 2327023))
	  ->  Bitmap Index Scan on k_2  (cost=0.00..5.56 rows=113 width=0)
	        Index Cond: ((k >= 2326923) AND (k <= 2327023))

table 3 : explain SELECT k, c FROM sbtest3 WHERE k BETWEEN 2326923 AND 2327023
	Bitmap Heap Scan on sbtest3  (cost=5.42..385.70 rows=96 width=125)
	  Recheck Cond: ((k >= 2326923) AND (k <= 2327023))
	  ->  Bitmap Index Scan on k_3  (cost=0.00..5.39 rows=96 width=0)
	        Index Cond: ((k >= 2326923) AND (k <= 2327023))

table 4 : explain SELECT k, c FROM sbtest4 WHERE k BETWEEN 2326923 AND 2327023
	Bitmap Heap Scan on sbtest4  (cost=5.41..381.77 rows=95 width=125)
	  Recheck Cond: ((k >= 2326923) AND (k <= 2327023))
	  ->  Bitmap Index Scan on k_4  (cost=0.00..5.38 rows=95 width=0)
	        Index Cond: ((k >= 2326923) AND (k <= 2327023))

table 5 : explain SELECT k, c FROM sbtest5 WHERE k BETWEEN 2326923 AND 2327023
	Bitmap Heap Scan on sbtest5  (cost=5.55..436.97 rows=109 width=125)
	  Recheck Cond: ((k >= 2326923) AND (k <= 2327023))
	  ->  Bitmap Index Scan on k_5  (cost=0.00..5.52 rows=109 width=0)
	        Index Cond: ((k >= 2326923) AND (k <= 2327023))

table 6 : explain SELECT k, c FROM sbtest6 WHERE k BETWEEN 2326923 AND 2327023
	Bitmap Heap Scan on sbtest6  (cost=5.53..429.12 rows=107 width=125)
	  Recheck Cond: ((k >= 2326923) AND (k <= 2327023))
	  ->  Bitmap Index Scan on k_6  (cost=0.00..5.50 rows=107 width=0)
	        Index Cond: ((k >= 2326923) AND (k <= 2327023))

table 7 : explain SELECT k, c FROM sbtest7 WHERE k BETWEEN 2326923 AND 2327023
	Bitmap Heap Scan on sbtest7  (cost=5.45..397.58 rows=99 width=125)
	  Recheck Cond: ((k >= 2326923) AND (k <= 2327023))
	  ->  Bitmap Index Scan on k_7  (cost=0.00..5.42 rows=99 width=0)
	        Index Cond: ((k >= 2326923) AND (k <= 2327023))

table 8 : explain SELECT k, c FROM sbtest8 WHERE k BETWEEN 2326923 AND 2327023
	Bitmap Heap Scan on sbtest8  (cost=5.44..393.63 rows=98 width=125)
	  Recheck Cond: ((k >= 2326923) AND (k <= 2327023))
	  ->  Bitmap Index Scan on k_8  (cost=0.00..5.42 rows=98 width=0)
	        Index Cond: ((k >= 2326923) AND (k <= 2327023))

for range-notcovered
table 1 : explain SELECT k, c FROM sbtest1 WHERE k BETWEEN 5389193 AND 5389293
	Bitmap Heap Scan on sbtest1  (cost=5.58..448.71 rows=112 width=125)
	  Recheck Cond: ((k >= 5389193) AND (k <= 5389293))
	  ->  Bitmap Index Scan on k_1  (cost=0.00..5.55 rows=112 width=0)
	        Index Cond: ((k >= 5389193) AND (k <= 5389293))

table 2 : explain SELECT k, c FROM sbtest2 WHERE k BETWEEN 5389193 AND 5389293
	Bitmap Heap Scan on sbtest2  (cost=5.46..401.47 rows=100 width=125)
	  Recheck Cond: ((k >= 5389193) AND (k <= 5389293))
	  ->  Bitmap Index Scan on k_2  (cost=0.00..5.43 rows=100 width=0)
	        Index Cond: ((k >= 5389193) AND (k <= 5389293))

table 3 : explain SELECT k, c FROM sbtest3 WHERE k BETWEEN 5389193 AND 5389293
	Bitmap Heap Scan on sbtest3  (cost=5.41..381.75 rows=95 width=125)
	  Recheck Cond: ((k >= 5389193) AND (k <= 5389293))
	  ->  Bitmap Index Scan on k_3  (cost=0.00..5.38 rows=95 width=0)
	        Index Cond: ((k >= 5389193) AND (k <= 5389293))

table 4 : explain SELECT k, c FROM sbtest4 WHERE k BETWEEN 5389193 AND 5389293
	Bitmap Heap Scan on sbtest4  (cost=5.43..389.66 rows=97 width=125)
	  Recheck Cond: ((k >= 5389193) AND (k <= 5389293))
	  ->  Bitmap Index Scan on k_4  (cost=0.00..5.40 rows=97 width=0)
	        Index Cond: ((k >= 5389193) AND (k <= 5389293))

table 5 : explain SELECT k, c FROM sbtest5 WHERE k BETWEEN 5389193 AND 5389293
	Bitmap Heap Scan on sbtest5  (cost=5.47..405.44 rows=101 width=125)
	  Recheck Cond: ((k >= 5389193) AND (k <= 5389293))
	  ->  Bitmap Index Scan on k_5  (cost=0.00..5.44 rows=101 width=0)
	        Index Cond: ((k >= 5389193) AND (k <= 5389293))

table 6 : explain SELECT k, c FROM sbtest6 WHERE k BETWEEN 5389193 AND 5389293
	Bitmap Heap Scan on sbtest6  (cost=5.54..433.06 rows=108 width=125)
	  Recheck Cond: ((k >= 5389193) AND (k <= 5389293))
	  ->  Bitmap Index Scan on k_6  (cost=0.00..5.51 rows=108 width=0)
	        Index Cond: ((k >= 5389193) AND (k <= 5389293))

table 7 : explain SELECT k, c FROM sbtest7 WHERE k BETWEEN 5389193 AND 5389293
	Bitmap Heap Scan on sbtest7  (cost=5.56..440.94 rows=110 width=125)
	  Recheck Cond: ((k >= 5389193) AND (k <= 5389293))
	  ->  Bitmap Index Scan on k_7  (cost=0.00..5.53 rows=110 width=0)
	        Index Cond: ((k >= 5389193) AND (k <= 5389293))

table 8 : explain SELECT k, c FROM sbtest8 WHERE k BETWEEN 5389193 AND 5389293
	Bitmap Heap Scan on sbtest8  (cost=5.42..385.74 rows=96 width=125)
	  Recheck Cond: ((k >= 5389193) AND (k <= 5389293))
	  ->  Bitmap Index Scan on k_8  (cost=0.00..5.39 rows=96 width=0)
	        Index Cond: ((k >= 5389193) AND (k <= 5389293))
for range-notcovered
table 1 : explain SELECT k, c FROM sbtest1 WHERE k BETWEEN 8204642 AND 8204742
	Bitmap Heap Scan on sbtest1  (cost=5.50..417.20 rows=104 width=125)
	  Recheck Cond: ((k >= 8204642) AND (k <= 8204742))
	  ->  Bitmap Index Scan on k_1  (cost=0.00..5.47 rows=104 width=0)
	        Index Cond: ((k >= 8204642) AND (k <= 8204742))

table 2 : explain SELECT k, c FROM sbtest2 WHERE k BETWEEN 8204642 AND 8204742
	Bitmap Heap Scan on sbtest2  (cost=5.45..397.52 rows=99 width=125)
	  Recheck Cond: ((k >= 8204642) AND (k <= 8204742))
	  ->  Bitmap Index Scan on k_2  (cost=0.00..5.42 rows=99 width=0)
	        Index Cond: ((k >= 8204642) AND (k <= 8204742))

table 3 : explain SELECT k, c FROM sbtest3 WHERE k BETWEEN 8204642 AND 8204742
	Bitmap Heap Scan on sbtest3  (cost=5.43..389.64 rows=97 width=125)
	  Recheck Cond: ((k >= 8204642) AND (k <= 8204742))
	  ->  Bitmap Index Scan on k_3  (cost=0.00..5.40 rows=97 width=0)
	        Index Cond: ((k >= 8204642) AND (k <= 8204742))

table 4 : explain SELECT k, c FROM sbtest4 WHERE k BETWEEN 8204642 AND 8204742
	Bitmap Heap Scan on sbtest4  (cost=5.48..409.38 rows=102 width=125)
	  Recheck Cond: ((k >= 8204642) AND (k <= 8204742))
	  ->  Bitmap Index Scan on k_4  (cost=0.00..5.45 rows=102 width=0)
	        Index Cond: ((k >= 8204642) AND (k <= 8204742))

table 5 : explain SELECT k, c FROM sbtest5 WHERE k BETWEEN 8204642 AND 8204742
	Bitmap Heap Scan on sbtest5  (cost=5.50..417.27 rows=104 width=125)
	  Recheck Cond: ((k >= 8204642) AND (k <= 8204742))
	  ->  Bitmap Index Scan on k_5  (cost=0.00..5.47 rows=104 width=0)
	        Index Cond: ((k >= 8204642) AND (k <= 8204742))

table 6 : explain SELECT k, c FROM sbtest6 WHERE k BETWEEN 8204642 AND 8204742
	Bitmap Heap Scan on sbtest6  (cost=5.46..401.52 rows=100 width=125)
	  Recheck Cond: ((k >= 8204642) AND (k <= 8204742))
	  ->  Bitmap Index Scan on k_6  (cost=0.00..5.43 rows=100 width=0)
	        Index Cond: ((k >= 8204642) AND (k <= 8204742))

table 7 : explain SELECT k, c FROM sbtest7 WHERE k BETWEEN 8204642 AND 8204742
	Bitmap Heap Scan on sbtest7  (cost=5.50..417.29 rows=104 width=125)
	  Recheck Cond: ((k >= 8204642) AND (k <= 8204742))
	  ->  Bitmap Index Scan on k_7  (cost=0.00..5.47 rows=104 width=0)
	        Index Cond: ((k >= 8204642) AND (k <= 8204742))

table 8 : explain SELECT k, c FROM sbtest8 WHERE k BETWEEN 8204642 AND 8204742
	Bitmap Heap Scan on sbtest8  (cost=5.59..452.76 rows=113 width=125)
	  Recheck Cond: ((k >= 8204642) AND (k <= 8204742))
	  ->  Bitmap Index Scan on k_8  (cost=0.00..5.56 rows=113 width=0)
	        Index Cond: ((k >= 8204642) AND (k <= 8204742))

for range-notcovered
table 1 : explain SELECT k, c FROM sbtest1 WHERE k BETWEEN 4989850 AND 4989950
	Bitmap Heap Scan on sbtest1  (cost=5.57..444.78 rows=111 width=125)
	  Recheck Cond: ((k >= 4989850) AND (k <= 4989950))
	  ->  Bitmap Index Scan on k_1  (cost=0.00..5.54 rows=111 width=0)
	        Index Cond: ((k >= 4989850) AND (k <= 4989950))

table 2 : explain SELECT k, c FROM sbtest2 WHERE k BETWEEN 4989850 AND 4989950
	Bitmap Heap Scan on sbtest2  (cost=5.49..413.29 rows=103 width=125)
	  Recheck Cond: ((k >= 4989850) AND (k <= 4989950))
	  ->  Bitmap Index Scan on k_2  (cost=0.00..5.46 rows=103 width=0)
	        Index Cond: ((k >= 4989850) AND (k <= 4989950))

table 3 : explain SELECT k, c FROM sbtest3 WHERE k BETWEEN 4989850 AND 4989950
	Bitmap Heap Scan on sbtest3  (cost=5.51..421.18 rows=105 width=125)
	  Recheck Cond: ((k >= 4989850) AND (k <= 4989950))
	  ->  Bitmap Index Scan on k_3  (cost=0.00..5.48 rows=105 width=0)
	        Index Cond: ((k >= 4989850) AND (k <= 4989950))

table 4 : explain SELECT k, c FROM sbtest4 WHERE k BETWEEN 4989850 AND 4989950
	Bitmap Heap Scan on sbtest4  (cost=5.43..389.66 rows=97 width=125)
	  Recheck Cond: ((k >= 4989850) AND (k <= 4989950))
	  ->  Bitmap Index Scan on k_4  (cost=0.00..5.40 rows=97 width=0)
	        Index Cond: ((k >= 4989850) AND (k <= 4989950))

table 5 : explain SELECT k, c FROM sbtest5 WHERE k BETWEEN 4989850 AND 4989950
	Bitmap Heap Scan on sbtest5  (cost=5.54..433.03 rows=108 width=125)
	  Recheck Cond: ((k >= 4989850) AND (k <= 4989950))
	  ->  Bitmap Index Scan on k_5  (cost=0.00..5.51 rows=108 width=0)
	        Index Cond: ((k >= 4989850) AND (k <= 4989950))

table 6 : explain SELECT k, c FROM sbtest6 WHERE k BETWEEN 4989850 AND 4989950
	Bitmap Heap Scan on sbtest6  (cost=5.45..397.58 rows=99 width=125)
	  Recheck Cond: ((k >= 4989850) AND (k <= 4989950))
	  ->  Bitmap Index Scan on k_6  (cost=0.00..5.42 rows=99 width=0)
	        Index Cond: ((k >= 4989850) AND (k <= 4989950))

table 7 : explain SELECT k, c FROM sbtest7 WHERE k BETWEEN 4989850 AND 4989950
	Bitmap Heap Scan on sbtest7  (cost=5.48..409.41 rows=102 width=125)
	  Recheck Cond: ((k >= 4989850) AND (k <= 4989950))
	  ->  Bitmap Index Scan on k_7  (cost=0.00..5.45 rows=102 width=0)
	        Index Cond: ((k >= 4989850) AND (k <= 4989950))

table 8 : explain SELECT k, c FROM sbtest8 WHERE k BETWEEN 4989850 AND 4989950
	Bitmap Heap Scan on sbtest8  (cost=5.42..385.74 rows=96 width=125)
	  Recheck Cond: ((k >= 4989850) AND (k <= 4989950))
	  ->  Bitmap Index Scan on k_8  (cost=0.00..5.39 rows=96 width=0)
	        Index Cond: ((k >= 4989850) AND (k <= 4989950))




for range-notcovered
table 1 : explain SELECT k, c FROM sbtest1 WHERE k BETWEEN 2665046 AND 2665146
	Bitmap Heap Scan on sbtest1  (cost=5.55..436.90 rows=109 width=125)
	  Recheck Cond: ((k >= 2665046) AND (k <= 2665146))
	  ->  Bitmap Index Scan on k_1  (cost=0.00..5.52 rows=109 width=0)
	        Index Cond: ((k >= 2665046) AND (k <= 2665146))

table 2 : explain SELECT k, c FROM sbtest2 WHERE k BETWEEN 2665046 AND 2665146
	Bitmap Heap Scan on sbtest2  (cost=5.35..358.07 rows=89 width=125)
	  Recheck Cond: ((k >= 2665046) AND (k <= 2665146))
	  ->  Bitmap Index Scan on k_2  (cost=0.00..5.32 rows=89 width=0)
	        Index Cond: ((k >= 2665046) AND (k <= 2665146))

table 3 : explain SELECT k, c FROM sbtest3 WHERE k BETWEEN 2665046 AND 2665146
	Bitmap Heap Scan on sbtest3  (cost=5.44..393.58 rows=98 width=125)
	  Recheck Cond: ((k >= 2665046) AND (k <= 2665146))
	  ->  Bitmap Index Scan on k_3  (cost=0.00..5.42 rows=98 width=0)
	        Index Cond: ((k >= 2665046) AND (k <= 2665146))

table 4 : explain SELECT k, c FROM sbtest4 WHERE k BETWEEN 2665046 AND 2665146
	Bitmap Heap Scan on sbtest4  (cost=5.60..456.66 rows=114 width=125)
	  Recheck Cond: ((k >= 2665046) AND (k <= 2665146))
	  ->  Bitmap Index Scan on k_4  (cost=0.00..5.58 rows=114 width=0)
	        Index Cond: ((k >= 2665046) AND (k <= 2665146))

table 5 : explain SELECT k, c FROM sbtest5 WHERE k BETWEEN 2665046 AND 2665146
	Bitmap Heap Scan on sbtest5  (cost=5.52..425.15 rows=106 width=125)
	  Recheck Cond: ((k >= 2665046) AND (k <= 2665146))
	  ->  Bitmap Index Scan on k_5  (cost=0.00..5.50 rows=106 width=0)
	        Index Cond: ((k >= 2665046) AND (k <= 2665146))

table 6 : explain SELECT k, c FROM sbtest6 WHERE k BETWEEN 2665046 AND 2665146
	Bitmap Heap Scan on sbtest6  (cost=5.51..421.24 rows=105 width=125)
	  Recheck Cond: ((k >= 2665046) AND (k <= 2665146))
	  ->  Bitmap Index Scan on k_6  (cost=0.00..5.48 rows=105 width=0)
	        Index Cond: ((k >= 2665046) AND (k <= 2665146))

table 7 : explain SELECT k, c FROM sbtest7 WHERE k BETWEEN 2665046 AND 2665146
	Bitmap Heap Scan on sbtest7  (cost=5.49..413.35 rows=103 width=125)
	  Recheck Cond: ((k >= 2665046) AND (k <= 2665146))
	  ->  Bitmap Index Scan on k_7  (cost=0.00..5.46 rows=103 width=0)
	        Index Cond: ((k >= 2665046) AND (k <= 2665146))

table 8 : explain SELECT k, c FROM sbtest8 WHERE k BETWEEN 2665046 AND 2665146
	Bitmap Heap Scan on sbtest8  (cost=5.60..456.70 rows=114 width=125)
	  Recheck Cond: ((k >= 2665046) AND (k <= 2665146))
	  ->  Bitmap Index Scan on k_8  (cost=0.00..5.58 rows=114 width=0)
	        Index Cond: ((k >= 2665046) AND (k <= 2665146))

for range-notcovered
table 1 : explain SELECT k, c FROM sbtest1 WHERE k BETWEEN 4221738 AND 4221838
	Bitmap Heap Scan on sbtest1  (cost=5.46..401.43 rows=100 width=125)
	  Recheck Cond: ((k >= 4221738) AND (k <= 4221838))
	  ->  Bitmap Index Scan on k_1  (cost=0.00..5.43 rows=100 width=0)
	        Index Cond: ((k >= 4221738) AND (k <= 4221838))

table 2 : explain SELECT k, c FROM sbtest2 WHERE k BETWEEN 4221738 AND 4221838
	Bitmap Heap Scan on sbtest2  (cost=5.48..409.35 rows=102 width=125)
	  Recheck Cond: ((k >= 4221738) AND (k <= 4221838))
	  ->  Bitmap Index Scan on k_2  (cost=0.00..5.45 rows=102 width=0)
	        Index Cond: ((k >= 4221738) AND (k <= 4221838))

table 3 : explain SELECT k, c FROM sbtest3 WHERE k BETWEEN 4221738 AND 4221838
	Bitmap Heap Scan on sbtest3  (cost=5.40..377.81 rows=94 width=125)
	  Recheck Cond: ((k >= 4221738) AND (k <= 4221838))
	  ->  Bitmap Index Scan on k_3  (cost=0.00..5.38 rows=94 width=0)
	        Index Cond: ((k >= 4221738) AND (k <= 4221838))

table 4 : explain SELECT k, c FROM sbtest4 WHERE k BETWEEN 4221738 AND 4221838
	Bitmap Heap Scan on sbtest4  (cost=5.48..409.38 rows=102 width=125)
	  Recheck Cond: ((k >= 4221738) AND (k <= 4221838))
	  ->  Bitmap Index Scan on k_4  (cost=0.00..5.45 rows=102 width=0)
	        Index Cond: ((k >= 4221738) AND (k <= 4221838))

table 5 : explain SELECT k, c FROM sbtest5 WHERE k BETWEEN 4221738 AND 4221838
	Bitmap Heap Scan on sbtest5  (cost=5.42..385.72 rows=96 width=125)
	  Recheck Cond: ((k >= 4221738) AND (k <= 4221838))
	  ->  Bitmap Index Scan on k_5  (cost=0.00..5.39 rows=96 width=0)
	        Index Cond: ((k >= 4221738) AND (k <= 4221838))

table 6 : explain SELECT k, c FROM sbtest6 WHERE k BETWEEN 4221738 AND 4221838
	Bitmap Heap Scan on sbtest6  (cost=5.50..417.29 rows=104 width=125)
	  Recheck Cond: ((k >= 4221738) AND (k <= 4221838))
	  ->  Bitmap Index Scan on k_6  (cost=0.00..5.47 rows=104 width=0)
	        Index Cond: ((k >= 4221738) AND (k <= 4221838))

table 7 : explain SELECT k, c FROM sbtest7 WHERE k BETWEEN 4221738 AND 4221838
	Bitmap Heap Scan on sbtest7  (cost=5.46..401.52 rows=100 width=125)
	  Recheck Cond: ((k >= 4221738) AND (k <= 4221838))
	  ->  Bitmap Index Scan on k_7  (cost=0.00..5.43 rows=100 width=0)
	        Index Cond: ((k >= 4221738) AND (k <= 4221838))

table 8 : explain SELECT k, c FROM sbtest8 WHERE k BETWEEN 4221738 AND 4221838
	Bitmap Heap Scan on sbtest8  (cost=5.57..444.88 rows=111 width=125)
	  Recheck Cond: ((k >= 4221738) AND (k <= 4221838))
	  ->  Bitmap Index Scan on k_8  (cost=0.00..5.54 rows=111 width=0)
	        Index Cond: ((k >= 4221738) AND (k <= 4221838))

for range-notcovered
table 1 : explain SELECT k, c FROM sbtest1 WHERE k BETWEEN 3701523 AND 3701623
	Bitmap Heap Scan on sbtest1  (cost=5.45..397.49 rows=99 width=125)
	  Recheck Cond: ((k >= 3701523) AND (k <= 3701623))
	  ->  Bitmap Index Scan on k_1  (cost=0.00..5.42 rows=99 width=0)
	        Index Cond: ((k >= 3701523) AND (k <= 3701623))

table 2 : explain SELECT k, c FROM sbtest2 WHERE k BETWEEN 3701523 AND 3701623
	Bitmap Heap Scan on sbtest2  (cost=5.49..413.29 rows=103 width=125)
	  Recheck Cond: ((k >= 3701523) AND (k <= 3701623))
	  ->  Bitmap Index Scan on k_2  (cost=0.00..5.46 rows=103 width=0)
	        Index Cond: ((k >= 3701523) AND (k <= 3701623))

table 3 : explain SELECT k, c FROM sbtest3 WHERE k BETWEEN 3701523 AND 3701623
	Bitmap Heap Scan on sbtest3  (cost=5.41..381.75 rows=95 width=125)
	  Recheck Cond: ((k >= 3701523) AND (k <= 3701623))
	  ->  Bitmap Index Scan on k_3  (cost=0.00..5.38 rows=95 width=0)
	        Index Cond: ((k >= 3701523) AND (k <= 3701623))

table 4 : explain SELECT k, c FROM sbtest4 WHERE k BETWEEN 3701523 AND 3701623
	Bitmap Heap Scan on sbtest4  (cost=5.41..381.77 rows=95 width=125)
	  Recheck Cond: ((k >= 3701523) AND (k <= 3701623))
	  ->  Bitmap Index Scan on k_4  (cost=0.00..5.38 rows=95 width=0)
	        Index Cond: ((k >= 3701523) AND (k <= 3701623))

table 5 : explain SELECT k, c FROM sbtest5 WHERE k BETWEEN 3701523 AND 3701623
	Bitmap Heap Scan on sbtest5  (cost=5.55..436.97 rows=109 width=125)
	  Recheck Cond: ((k >= 3701523) AND (k <= 3701623))
	  ->  Bitmap Index Scan on k_5  (cost=0.00..5.52 rows=109 width=0)
	        Index Cond: ((k >= 3701523) AND (k <= 3701623))

table 6 : explain SELECT k, c FROM sbtest6 WHERE k BETWEEN 3701523 AND 3701623
	Bitmap Heap Scan on sbtest6  (cost=5.42..385.74 rows=96 width=125)
	  Recheck Cond: ((k >= 3701523) AND (k <= 3701623))
	  ->  Bitmap Index Scan on k_6  (cost=0.00..5.39 rows=96 width=0)
	        Index Cond: ((k >= 3701523) AND (k <= 3701623))

table 7 : explain SELECT k, c FROM sbtest7 WHERE k BETWEEN 3701523 AND 3701623
	Bitmap Heap Scan on sbtest7  (cost=5.43..389.69 rows=97 width=125)
	  Recheck Cond: ((k >= 3701523) AND (k <= 3701623))
	  ->  Bitmap Index Scan on k_7  (cost=0.00..5.40 rows=97 width=0)
	        Index Cond: ((k >= 3701523) AND (k <= 3701623))

table 8 : explain SELECT k, c FROM sbtest8 WHERE k BETWEEN 3701523 AND 3701623
	Bitmap Heap Scan on sbtest8  (cost=5.49..413.35 rows=103 width=125)
	  Recheck Cond: ((k >= 3701523) AND (k <= 3701623))
	  ->  Bitmap Index Scan on k_8  (cost=0.00..5.46 rows=103 width=0)
	        Index Cond: ((k >= 3701523) AND (k <= 3701623))

explain: for range-notcovered :: explain SELECT k, c FROM sbtest%d WHERE k BETWEEN 2326923 AND 2327023
for range-notcovered
table 1 : explain SELECT k, c FROM sbtest1 WHERE k BETWEEN 4172560 AND 4172660
	Bitmap Heap Scan on sbtest1  (cost=5.46..401.43 rows=100 width=125)
	  Recheck Cond: ((k >= 4172560) AND (k <= 4172660))
	  ->  Bitmap Index Scan on k_1  (cost=0.00..5.43 rows=100 width=0)
	        Index Cond: ((k >= 4172560) AND (k <= 4172660))

table 2 : explain SELECT k, c FROM sbtest2 WHERE k BETWEEN 4172560 AND 4172660
	Bitmap Heap Scan on sbtest2  (cost=5.48..409.35 rows=102 width=125)
	  Recheck Cond: ((k >= 4172560) AND (k <= 4172660))
	  ->  Bitmap Index Scan on k_2  (cost=0.00..5.45 rows=102 width=0)
	        Index Cond: ((k >= 4172560) AND (k <= 4172660))

table 3 : explain SELECT k, c FROM sbtest3 WHERE k BETWEEN 4172560 AND 4172660
	Bitmap Heap Scan on sbtest3  (cost=5.53..429.06 rows=107 width=125)
	  Recheck Cond: ((k >= 4172560) AND (k <= 4172660))
	  ->  Bitmap Index Scan on k_3  (cost=0.00..5.50 rows=107 width=0)
	        Index Cond: ((k >= 4172560) AND (k <= 4172660))

table 4 : explain SELECT k, c FROM sbtest4 WHERE k BETWEEN 4172560 AND 4172660
	Bitmap Heap Scan on sbtest4  (cost=5.48..409.38 rows=102 width=125)
	  Recheck Cond: ((k >= 4172560) AND (k <= 4172660))
	  ->  Bitmap Index Scan on k_4  (cost=0.00..5.45 rows=102 width=0)
	        Index Cond: ((k >= 4172560) AND (k <= 4172660))

table 5 : explain SELECT k, c FROM sbtest5 WHERE k BETWEEN 4172560 AND 4172660
	Bitmap Heap Scan on sbtest5  (cost=5.42..385.72 rows=96 width=125)
	  Recheck Cond: ((k >= 4172560) AND (k <= 4172660))
	  ->  Bitmap Index Scan on k_5  (cost=0.00..5.39 rows=96 width=0)
	        Index Cond: ((k >= 4172560) AND (k <= 4172660))

table 6 : explain SELECT k, c FROM sbtest6 WHERE k BETWEEN 4172560 AND 4172660
	Bitmap Heap Scan on sbtest6  (cost=5.44..393.63 rows=98 width=125)
	  Recheck Cond: ((k >= 4172560) AND (k <= 4172660))
	  ->  Bitmap Index Scan on k_6  (cost=0.00..5.42 rows=98 width=0)
	        Index Cond: ((k >= 4172560) AND (k <= 4172660))

table 7 : explain SELECT k, c FROM sbtest7 WHERE k BETWEEN 4172560 AND 4172660
	Bitmap Heap Scan on sbtest7  (cost=5.52..425.18 rows=106 width=125)
	  Recheck Cond: ((k >= 4172560) AND (k <= 4172660))
	  ->  Bitmap Index Scan on k_7  (cost=0.00..5.50 rows=106 width=0)
	        Index Cond: ((k >= 4172560) AND (k <= 4172660))

table 8 : explain SELECT k, c FROM sbtest8 WHERE k BETWEEN 4172560 AND 4172660
	Bitmap Heap Scan on sbtest8  (cost=5.43..389.69 rows=97 width=125)
	  Recheck Cond: ((k >= 4172560) AND (k <= 4172660))
	  ->  Bitmap Index Scan on k_8  (cost=0.00..5.40 rows=97 width=0)
	        Index Cond: ((k >= 4172560) AND (k <= 4172660))

explain: for range-notcovered :: explain SELECT k, c FROM sbtest%d WHERE k BETWEEN 5389193 AND 5389293
explain: for range-notcovered :: explain SELECT k, c FROM sbtest%d WHERE k BETWEEN 4378422 AND 4378522
explain: for range-notcovered :: explain SELECT k, c FROM sbtest%d WHERE k BETWEEN 4989850 AND 4989950for range-notcovered
table 1 : explain SELECT k, c FROM sbtest1 WHERE k BETWEEN 7014798 AND 7014898
	Bitmap Heap Scan on sbtest1  (cost=5.54..432.96 rows=108 width=125)
	  Recheck Cond: ((k >= 7014798) AND (k <= 7014898))
	  ->  Bitmap Index Scan on k_1  (cost=0.00..5.51 rows=108 width=0)
	        Index Cond: ((k >= 7014798) AND (k <= 7014898))

table 2 : explain SELECT k, c FROM sbtest2 WHERE k BETWEEN 7014798 AND 7014898
	Bitmap Heap Scan on sbtest2  (cost=5.35..358.07 rows=89 width=125)
	  Recheck Cond: ((k >= 7014798) AND (k <= 7014898))
	  ->  Bitmap Index Scan on k_2  (cost=0.00..5.32 rows=89 width=0)
	        Index Cond: ((k >= 7014798) AND (k <= 7014898))

table 3 : explain SELECT k, c FROM sbtest3 WHERE k BETWEEN 7014798 AND 7014898
	Bitmap Heap Scan on sbtest3  (cost=5.46..401.47 rows=100 width=125)
	  Recheck Cond: ((k >= 7014798) AND (k <= 7014898))
	  ->  Bitmap Index Scan on k_3  (cost=0.00..5.43 rows=100 width=0)
	        Index Cond: ((k >= 7014798) AND (k <= 7014898))

table 4 : explain SELECT k, c FROM sbtest4 WHERE k BETWEEN 7014798 AND 7014898
	Bitmap Heap Scan on sbtest4  (cost=5.41..381.77 rows=95 width=125)
	  Recheck Cond: ((k >= 7014798) AND (k <= 7014898))
	  ->  Bitmap Index Scan on k_4  (cost=0.00..5.38 rows=95 width=0)
	        Index Cond: ((k >= 7014798) AND (k <= 7014898))

table 5 : explain SELECT k, c FROM sbtest5 WHERE k BETWEEN 7014798 AND 7014898
	Bitmap Heap Scan on sbtest5  (cost=5.56..440.91 rows=110 width=125)
	  Recheck Cond: ((k >= 7014798) AND (k <= 7014898))
	  ->  Bitmap Index Scan on k_5  (cost=0.00..5.53 rows=110 width=0)
	        Index Cond: ((k >= 7014798) AND (k <= 7014898))

table 6 : explain SELECT k, c FROM sbtest6 WHERE k BETWEEN 7014798 AND 7014898
	Bitmap Heap Scan on sbtest6  (cost=5.58..448.82 rows=112 width=125)
	  Recheck Cond: ((k >= 7014798) AND (k <= 7014898))
	  ->  Bitmap Index Scan on k_6  (cost=0.00..5.55 rows=112 width=0)
	        Index Cond: ((k >= 7014798) AND (k <= 7014898))

table 7 : explain SELECT k, c FROM sbtest7 WHERE k BETWEEN 7014798 AND 7014898
	Bitmap Heap Scan on sbtest7  (cost=5.45..397.58 rows=99 width=125)
	  Recheck Cond: ((k >= 7014798) AND (k <= 7014898))
	  ->  Bitmap Index Scan on k_7  (cost=0.00..5.42 rows=99 width=0)
	        Index Cond: ((k >= 7014798) AND (k <= 7014898))

table 8 : explain SELECT k, c FROM sbtest8 WHERE k BETWEEN 7014798 AND 7014898
	Bitmap Heap Scan on sbtest8  (cost=5.44..393.63 rows=98 width=125)
	  Recheck Cond: ((k >= 7014798) AND (k <= 7014898))
	  ->  Bitmap Index Scan on k_8  (cost=0.00..5.42 rows=98 width=0)
	        Index Cond: ((k >= 7014798) AND (k <= 7014898))
explain: for range-notcovered :: explain SELECT k, c FROM sbtest%d WHERE k BETWEEN 2665046 AND 2665146explain: for range-notcovered :: explain SELECT k, c FROM sbtest%d WHERE k BETWEEN 3701523 AND 3701623explain: for range-notcovered :: explain SELECT k, c FROM sbtest%d WHERE k BETWEEN 8204642 AND 8204742


explain: for range-notcovered :: explain SELECT k, c FROM sbtest%d WHERE k BETWEEN 4172560 AND 4172660

explain: for range-notcovered :: explain SELECT k, c FROM sbtest%d WHERE k BETWEEN 4221738 AND 4221838
for range-notcovered
table 1 : explain SELECT k, c FROM sbtest1 WHERE k BETWEEN 3237041 AND 3237141
	Bitmap Heap Scan on sbtest1  (cost=5.55..436.90 rows=109 width=125)
	  Recheck Cond: ((k >= 3237041) AND (k <= 3237141))
	  ->  Bitmap Index Scan on k_1  (cost=0.00..5.52 rows=109 width=0)
	        Index Cond: ((k >= 3237041) AND (k <= 3237141))

table 2 : explain SELECT k, c FROM sbtest2 WHERE k BETWEEN 3237041 AND 3237141
	Bitmap Heap Scan on sbtest2  (cost=5.42..385.69 rows=96 width=125)
	  Recheck Cond: ((k >= 3237041) AND (k <= 3237141))
	  ->  Bitmap Index Scan on k_2  (cost=0.00..5.39 rows=96 width=0)
	        Index Cond: ((k >= 3237041) AND (k <= 3237141))

table 3 : explain SELECT k, c FROM sbtest3 WHERE k BETWEEN 3237041 AND 3237141
	Bitmap Heap Scan on sbtest3  (cost=5.48..409.36 rows=102 width=125)
	  Recheck Cond: ((k >= 3237041) AND (k <= 3237141))
	  ->  Bitmap Index Scan on k_3  (cost=0.00..5.45 rows=102 width=0)
	        Index Cond: ((k >= 3237041) AND (k <= 3237141))

table 4 : explain SELECT k, c FROM sbtest4 WHERE k BETWEEN 3237041 AND 3237141
	Bitmap Heap Scan on sbtest4  (cost=5.39..373.88 rows=93 width=125)
	  Recheck Cond: ((k >= 3237041) AND (k <= 3237141))
	  ->  Bitmap Index Scan on k_4  (cost=0.00..5.36 rows=93 width=0)
	        Index Cond: ((k >= 3237041) AND (k <= 3237141))

table 5 : explain SELECT k, c FROM sbtest5 WHERE k BETWEEN 3237041 AND 3237141
	Bitmap Heap Scan on sbtest5  (cost=5.51..421.21 rows=105 width=125)
	  Recheck Cond: ((k >= 3237041) AND (k <= 3237141))
	  ->  Bitmap Index Scan on k_5  (cost=0.00..5.48 rows=105 width=0)
	        Index Cond: ((k >= 3237041) AND (k <= 3237141))

table 6 : explain SELECT k, c FROM sbtest6 WHERE k BETWEEN 3237041 AND 3237141
	Bitmap Heap Scan on sbtest6  (cost=5.51..421.24 rows=105 width=125)
	  Recheck Cond: ((k >= 3237041) AND (k <= 3237141))
	  ->  Bitmap Index Scan on k_6  (cost=0.00..5.48 rows=105 width=0)
	        Index Cond: ((k >= 3237041) AND (k <= 3237141))

table 7 : explain SELECT k, c FROM sbtest7 WHERE k BETWEEN 3237041 AND 3237141
	Bitmap Heap Scan on sbtest7  (cost=5.48..409.41 rows=102 width=125)
	  Recheck Cond: ((k >= 3237041) AND (k <= 3237141))
	  ->  Bitmap Index Scan on k_7  (cost=0.00..5.45 rows=102 width=0)
	        Index Cond: ((k >= 3237041) AND (k <= 3237141))

table 8 : explain SELECT k, c FROM sbtest8 WHERE k BETWEEN 3237041 AND 3237141
	Bitmap Heap Scan on sbtest8  (cost=5.48..409.41 rows=102 width=125)
	  Recheck Cond: ((k >= 3237041) AND (k <= 3237141))
	  ->  Bitmap Index Scan on k_8  (cost=0.00..5.45 rows=102 width=0)
	        Index Cond: ((k >= 3237041) AND (k <= 3237141))
for range-notcovered
table 1 : explain SELECT k, c FROM sbtest1 WHERE k BETWEEN 5409911 AND 5410011
	Bitmap Heap Scan on sbtest1  (cost=5.58..448.71 rows=112 width=125)
	  Recheck Cond: ((k >= 5409911) AND (k <= 5410011))
	  ->  Bitmap Index Scan on k_1  (cost=0.00..5.55 rows=112 width=0)
	        Index Cond: ((k >= 5409911) AND (k <= 5410011))

table 2 : explain SELECT k, c FROM sbtest2 WHERE k BETWEEN 5409911 AND 5410011
	Bitmap Heap Scan on sbtest2  (cost=5.46..401.47 rows=100 width=125)
	  Recheck Cond: ((k >= 5409911) AND (k <= 5410011))
	  ->  Bitmap Index Scan on k_2  (cost=0.00..5.43 rows=100 width=0)
	        Index Cond: ((k >= 5409911) AND (k <= 5410011))

table 3 : explain SELECT k, c FROM sbtest3 WHERE k BETWEEN 5409911 AND 5410011
	Bitmap Heap Scan on sbtest3  (cost=5.49..413.30 rows=103 width=125)
	  Recheck Cond: ((k >= 5409911) AND (k <= 5410011))
	  ->  Bitmap Index Scan on k_3  (cost=0.00..5.46 rows=103 width=0)
	        Index Cond: ((k >= 5409911) AND (k <= 5410011))

table 4 : explain SELECT k, c FROM sbtest4 WHERE k BETWEEN 5409911 AND 5410011
	Bitmap Heap Scan on sbtest4  (cost=5.49..413.32 rows=103 width=125)
	  Recheck Cond: ((k >= 5409911) AND (k <= 5410011))
	  ->  Bitmap Index Scan on k_4  (cost=0.00..5.46 rows=103 width=0)
	        Index Cond: ((k >= 5409911) AND (k <= 5410011))

table 5 : explain SELECT k, c FROM sbtest5 WHERE k BETWEEN 5409911 AND 5410011
	Bitmap Heap Scan on sbtest5  (cost=5.47..405.44 rows=101 width=125)
	  Recheck Cond: ((k >= 5409911) AND (k <= 5410011))
	  ->  Bitmap Index Scan on k_5  (cost=0.00..5.44 rows=101 width=0)
	        Index Cond: ((k >= 5409911) AND (k <= 5410011))

table 6 : explain SELECT k, c FROM sbtest6 WHERE k BETWEEN 5409911 AND 5410011
	Bitmap Heap Scan on sbtest6  (cost=5.54..433.06 rows=108 width=125)
	  Recheck Cond: ((k >= 5409911) AND (k <= 5410011))
	  ->  Bitmap Index Scan on k_6  (cost=0.00..5.51 rows=108 width=0)
	        Index Cond: ((k >= 5409911) AND (k <= 5410011))

table 7 : explain SELECT k, c FROM sbtest7 WHERE k BETWEEN 5409911 AND 5410011
	Bitmap Heap Scan on sbtest7  (cost=5.56..440.94 rows=110 width=125)
	  Recheck Cond: ((k >= 5409911) AND (k <= 5410011))
	  ->  Bitmap Index Scan on k_7  (cost=0.00..5.53 rows=110 width=0)
	        Index Cond: ((k >= 5409911) AND (k <= 5410011))

table 8 : explain SELECT k, c FROM sbtest8 WHERE k BETWEEN 5409911 AND 5410011
	Bitmap Heap Scan on sbtest8  (cost=5.42..385.74 rows=96 width=125)
	  Recheck Cond: ((k >= 5409911) AND (k <= 5410011))
	  ->  Bitmap Index Scan on k_8  (cost=0.00..5.39 rows=96 width=0)
	        Index Cond: ((k >= 5409911) AND (k <= 5410011))

for range-notcovered
table 1 : explain SELECT k, c FROM sbtest1 WHERE k BETWEEN 6349144 AND 6349244
	Bitmap Heap Scan on sbtest1  (cost=5.50..417.20 rows=104 width=125)
	  Recheck Cond: ((k >= 6349144) AND (k <= 6349244))
	  ->  Bitmap Index Scan on k_1  (cost=0.00..5.47 rows=104 width=0)
	        Index Cond: ((k >= 6349144) AND (k <= 6349244))

table 2 : explain SELECT k, c FROM sbtest2 WHERE k BETWEEN 6349144 AND 6349244
	Bitmap Heap Scan on sbtest2  (cost=5.38..369.91 rows=92 width=125)
	  Recheck Cond: ((k >= 6349144) AND (k <= 6349244))
	  ->  Bitmap Index Scan on k_2  (cost=0.00..5.35 rows=92 width=0)
	        Index Cond: ((k >= 6349144) AND (k <= 6349244))

table 3 : explain SELECT k, c FROM sbtest3 WHERE k BETWEEN 6349144 AND 6349244
	Bitmap Heap Scan on sbtest3  (cost=5.48..409.36 rows=102 width=125)
	  Recheck Cond: ((k >= 6349144) AND (k <= 6349244))
	  ->  Bitmap Index Scan on k_3  (cost=0.00..5.45 rows=102 width=0)
	        Index Cond: ((k >= 6349144) AND (k <= 6349244))

table 4 : explain SELECT k, c FROM sbtest4 WHERE k BETWEEN 6349144 AND 6349244
	Bitmap Heap Scan on sbtest4  (cost=5.41..381.77 rows=95 width=125)
	  Recheck Cond: ((k >= 6349144) AND (k <= 6349244))
	  ->  Bitmap Index Scan on k_4  (cost=0.00..5.38 rows=95 width=0)
	        Index Cond: ((k >= 6349144) AND (k <= 6349244))

table 5 : explain SELECT k, c FROM sbtest5 WHERE k BETWEEN 6349144 AND 6349244
	Bitmap Heap Scan on sbtest5  (cost=5.43..389.67 rows=97 width=125)
	  Recheck Cond: ((k >= 6349144) AND (k <= 6349244))
	  ->  Bitmap Index Scan on k_5  (cost=0.00..5.40 rows=97 width=0)
	        Index Cond: ((k >= 6349144) AND (k <= 6349244))

table 6 : explain SELECT k, c FROM sbtest6 WHERE k BETWEEN 6349144 AND 6349244
	Bitmap Heap Scan on sbtest6  (cost=5.47..405.47 rows=101 width=125)
	  Recheck Cond: ((k >= 6349144) AND (k <= 6349244))
	  ->  Bitmap Index Scan on k_6  (cost=0.00..5.44 rows=101 width=0)
	        Index Cond: ((k >= 6349144) AND (k <= 6349244))

table 7 : explain SELECT k, c FROM sbtest7 WHERE k BETWEEN 6349144 AND 6349244
	Bitmap Heap Scan on sbtest7  (cost=5.60..456.69 rows=114 width=125)
	  Recheck Cond: ((k >= 6349144) AND (k <= 6349244))
	  ->  Bitmap Index Scan on k_7  (cost=0.00..5.58 rows=114 width=0)
	        Index Cond: ((k >= 6349144) AND (k <= 6349244))

table 8 : explain SELECT k, c FROM sbtest8 WHERE k BETWEEN 6349144 AND 6349244
	Bitmap Heap Scan on sbtest8  (cost=5.47..405.47 rows=101 width=125)
	  Recheck Cond: ((k >= 6349144) AND (k <= 6349244))
	  ->  Bitmap Index Scan on k_8  (cost=0.00..5.44 rows=101 width=0)
	        Index Cond: ((k >= 6349144) AND (k <= 6349244))

for range-notcovered
table 1 : explain SELECT k, c FROM sbtest1 WHERE k BETWEEN 8331790 AND 8331890
	Bitmap Heap Scan on sbtest1  (cost=5.51..421.14 rows=105 width=125)
	  Recheck Cond: ((k >= 8331790) AND (k <= 8331890))
	  ->  Bitmap Index Scan on k_1  (cost=0.00..5.48 rows=105 width=0)
	        Index Cond: ((k >= 8331790) AND (k <= 8331890))

table 2 : explain SELECT k, c FROM sbtest2 WHERE k BETWEEN 8331790 AND 8331890
	Bitmap Heap Scan on sbtest2  (cost=5.54..433.00 rows=108 width=125)
	  Recheck Cond: ((k >= 8331790) AND (k <= 8331890))
	  ->  Bitmap Index Scan on k_2  (cost=0.00..5.51 rows=108 width=0)
	        Index Cond: ((k >= 8331790) AND (k <= 8331890))

table 3 : explain SELECT k, c FROM sbtest3 WHERE k BETWEEN 8331790 AND 8331890
	Bitmap Heap Scan on sbtest3  (cost=5.44..393.58 rows=98 width=125)
	  Recheck Cond: ((k >= 8331790) AND (k <= 8331890))
	  ->  Bitmap Index Scan on k_3  (cost=0.00..5.42 rows=98 width=0)
	        Index Cond: ((k >= 8331790) AND (k <= 8331890))

table 4 : explain SELECT k, c FROM sbtest4 WHERE k BETWEEN 8331790 AND 8331890
	Bitmap Heap Scan on sbtest4  (cost=5.44..393.61 rows=98 width=125)
	  Recheck Cond: ((k >= 8331790) AND (k <= 8331890))
	  ->  Bitmap Index Scan on k_4  (cost=0.00..5.42 rows=98 width=0)
	        Index Cond: ((k >= 8331790) AND (k <= 8331890))

table 5 : explain SELECT k, c FROM sbtest5 WHERE k BETWEEN 8331790 AND 8331890
	Bitmap Heap Scan on sbtest5  (cost=5.46..401.50 rows=100 width=125)
	  Recheck Cond: ((k >= 8331790) AND (k <= 8331890))
	  ->  Bitmap Index Scan on k_5  (cost=0.00..5.43 rows=100 width=0)
	        Index Cond: ((k >= 8331790) AND (k <= 8331890))

table 6 : explain SELECT k, c FROM sbtest6 WHERE k BETWEEN 8331790 AND 8331890
	Bitmap Heap Scan on sbtest6  (cost=5.50..417.29 rows=104 width=125)
	  Recheck Cond: ((k >= 8331790) AND (k <= 8331890))
	  ->  Bitmap Index Scan on k_6  (cost=0.00..5.47 rows=104 width=0)
	        Index Cond: ((k >= 8331790) AND (k <= 8331890))

table 7 : explain SELECT k, c FROM sbtest7 WHERE k BETWEEN 8331790 AND 8331890
	Bitmap Heap Scan on sbtest7  (cost=5.53..429.12 rows=107 width=125)
	  Recheck Cond: ((k >= 8331790) AND (k <= 8331890))
	  ->  Bitmap Index Scan on k_7  (cost=0.00..5.50 rows=107 width=0)
	        Index Cond: ((k >= 8331790) AND (k <= 8331890))

table 8 : explain SELECT k, c FROM sbtest8 WHERE k BETWEEN 8331790 AND 8331890
	Bitmap Heap Scan on sbtest8  (cost=5.58..448.82 rows=112 width=125)
	  Recheck Cond: ((k >= 8331790) AND (k <= 8331890))
	  ->  Bitmap Index Scan on k_8  (cost=0.00..5.55 rows=112 width=0)
	        Index Cond: ((k >= 8331790) AND (k <= 8331890))



for range-notcovered
table 1 : explain SELECT k, c FROM sbtest1 WHERE k BETWEEN 7267824 AND 7267924
	Bitmap Heap Scan on sbtest1  (cost=5.74..507.73 rows=127 width=125)
	  Recheck Cond: ((k >= 7267824) AND (k <= 7267924))
	  ->  Bitmap Index Scan on k_1  (cost=0.00..5.70 rows=127 width=0)
	        Index Cond: ((k >= 7267824) AND (k <= 7267924))

table 2 : explain SELECT k, c FROM sbtest2 WHERE k BETWEEN 7267824 AND 7267924
	Bitmap Heap Scan on sbtest2  (cost=5.51..421.18 rows=105 width=125)
	  Recheck Cond: ((k >= 7267824) AND (k <= 7267924))
	  ->  Bitmap Index Scan on k_2  (cost=0.00..5.48 rows=105 width=0)
	        Index Cond: ((k >= 7267824) AND (k <= 7267924))

table 3 : explain SELECT k, c FROM sbtest3 WHERE k BETWEEN 7267824 AND 7267924
	Bitmap Heap Scan on sbtest3  (cost=5.53..429.06 rows=107 width=125)
	  Recheck Cond: ((k >= 7267824) AND (k <= 7267924))
	  ->  Bitmap Index Scan on k_3  (cost=0.00..5.50 rows=107 width=0)
	        Index Cond: ((k >= 7267824) AND (k <= 7267924))

table 4 : explain SELECT k, c FROM sbtest4 WHERE k BETWEEN 7267824 AND 7267924
	Bitmap Heap Scan on sbtest4  (cost=5.50..417.27 rows=104 width=125)
	  Recheck Cond: ((k >= 7267824) AND (k <= 7267924))
	  ->  Bitmap Index Scan on k_4  (cost=0.00..5.47 rows=104 width=0)
	        Index Cond: ((k >= 7267824) AND (k <= 7267924))

table 5 : explain SELECT k, c FROM sbtest5 WHERE k BETWEEN 7267824 AND 7267924
	Bitmap Heap Scan on sbtest5  (cost=5.56..440.91 rows=110 width=125)
	  Recheck Cond: ((k >= 7267824) AND (k <= 7267924))
	  ->  Bitmap Index Scan on k_5  (cost=0.00..5.53 rows=110 width=0)
	        Index Cond: ((k >= 7267824) AND (k <= 7267924))

table 6 : explain SELECT k, c FROM sbtest6 WHERE k BETWEEN 7267824 AND 7267924
	Bitmap Heap Scan on sbtest6  (cost=5.49..413.35 rows=103 width=125)
	  Recheck Cond: ((k >= 7267824) AND (k <= 7267924))
	  ->  Bitmap Index Scan on k_6  (cost=0.00..5.46 rows=103 width=0)
	        Index Cond: ((k >= 7267824) AND (k <= 7267924))

table 7 : explain SELECT k, c FROM sbtest7 WHERE k BETWEEN 7267824 AND 7267924
	Bitmap Heap Scan on sbtest7  (cost=5.48..409.41 rows=102 width=125)
	  Recheck Cond: ((k >= 7267824) AND (k <= 7267924))
	  ->  Bitmap Index Scan on k_7  (cost=0.00..5.45 rows=102 width=0)
	        Index Cond: ((k >= 7267824) AND (k <= 7267924))

table 8 : explain SELECT k, c FROM sbtest8 WHERE k BETWEEN 7267824 AND 7267924
	Bitmap Heap Scan on sbtest8  (cost=5.50..417.29 rows=104 width=125)
	  Recheck Cond: ((k >= 7267824) AND (k <= 7267924))
	  ->  Bitmap Index Scan on k_8  (cost=0.00..5.47 rows=104 width=0)
	        Index Cond: ((k >= 7267824) AND (k <= 7267924))

for range-notcovered
table 1 : explain SELECT k, c FROM sbtest1 WHERE k BETWEEN 5046403 AND 5046503
	Bitmap Heap Scan on sbtest1  (cost=5.63..468.40 rows=117 width=125)
	  Recheck Cond: ((k >= 5046403) AND (k <= 5046503))
	  ->  Bitmap Index Scan on k_1  (cost=0.00..5.60 rows=117 width=0)
	        Index Cond: ((k >= 5046403) AND (k <= 5046503))

table 2 : explain SELECT k, c FROM sbtest2 WHERE k BETWEEN 5046403 AND 5046503
	Bitmap Heap Scan on sbtest2  (cost=5.49..413.29 rows=103 width=125)
	  Recheck Cond: ((k >= 5046403) AND (k <= 5046503))
	  ->  Bitmap Index Scan on k_2  (cost=0.00..5.46 rows=103 width=0)
	        Index Cond: ((k >= 5046403) AND (k <= 5046503))

table 3 : explain SELECT k, c FROM sbtest3 WHERE k BETWEEN 5046403 AND 5046503
	Bitmap Heap Scan on sbtest3  (cost=5.59..452.69 rows=113 width=125)
	  Recheck Cond: ((k >= 5046403) AND (k <= 5046503))
	  ->  Bitmap Index Scan on k_3  (cost=0.00..5.56 rows=113 width=0)
	        Index Cond: ((k >= 5046403) AND (k <= 5046503))

table 4 : explain SELECT k, c FROM sbtest4 WHERE k BETWEEN 5046403 AND 5046503
	Bitmap Heap Scan on sbtest4  (cost=5.43..389.66 rows=97 width=125)
	  Recheck Cond: ((k >= 5046403) AND (k <= 5046503))
	  ->  Bitmap Index Scan on k_4  (cost=0.00..5.40 rows=97 width=0)
	        Index Cond: ((k >= 5046403) AND (k <= 5046503))

table 5 : explain SELECT k, c FROM sbtest5 WHERE k BETWEEN 5046403 AND 5046503
	Bitmap Heap Scan on sbtest5  (cost=5.54..433.03 rows=108 width=125)
	  Recheck Cond: ((k >= 5046403) AND (k <= 5046503))
	  ->  Bitmap Index Scan on k_5  (cost=0.00..5.51 rows=108 width=0)
	        Index Cond: ((k >= 5046403) AND (k <= 5046503))

table 6 : explain SELECT k, c FROM sbtest6 WHERE k BETWEEN 5046403 AND 5046503
	Bitmap Heap Scan on sbtest6  (cost=5.45..397.58 rows=99 width=125)
	  Recheck Cond: ((k >= 5046403) AND (k <= 5046503))
	  ->  Bitmap Index Scan on k_6  (cost=0.00..5.42 rows=99 width=0)
	        Index Cond: ((k >= 5046403) AND (k <= 5046503))

table 7 : explain SELECT k, c FROM sbtest7 WHERE k BETWEEN 5046403 AND 5046503
	Bitmap Heap Scan on sbtest7  (cost=5.47..405.46 rows=101 width=125)
	  Recheck Cond: ((k >= 5046403) AND (k <= 5046503))
	  ->  Bitmap Index Scan on k_7  (cost=0.00..5.44 rows=101 width=0)
	        Index Cond: ((k >= 5046403) AND (k <= 5046503))

table 8 : explain SELECT k, c FROM sbtest8 WHERE k BETWEEN 5046403 AND 5046503
	Bitmap Heap Scan on sbtest8  (cost=5.44..393.63 rows=98 width=125)
	  Recheck Cond: ((k >= 5046403) AND (k <= 5046503))
	  ->  Bitmap Index Scan on k_8  (cost=0.00..5.42 rows=98 width=0)
	        Index Cond: ((k >= 5046403) AND (k <= 5046503))

explain: for range-notcovered :: explain SELECT k, c FROM sbtest%d WHERE k BETWEEN 8331790 AND 8331890for range-notcovered
table 1 : explain SELECT k, c FROM sbtest1 WHERE k BETWEEN 2786643 AND 2786743
	Bitmap Heap Scan on sbtest1  (cost=5.50..417.20 rows=104 width=125)
	  Recheck Cond: ((k >= 2786643) AND (k <= 2786743))
	  ->  Bitmap Index Scan on k_1  (cost=0.00..5.47 rows=104 width=0)
	        Index Cond: ((k >= 2786643) AND (k <= 2786743))

table 2 : explain SELECT k, c FROM sbtest2 WHERE k BETWEEN 2786643 AND 2786743
	Bitmap Heap Scan on sbtest2  (cost=5.47..405.41 rows=101 width=125)
	  Recheck Cond: ((k >= 2786643) AND (k <= 2786743))
	  ->  Bitmap Index Scan on k_2  (cost=0.00..5.44 rows=101 width=0)
	        Index Cond: ((k >= 2786643) AND (k <= 2786743))

table 3 : explain SELECT k, c FROM sbtest3 WHERE k BETWEEN 2786643 AND 2786743
	Bitmap Heap Scan on sbtest3  (cost=5.48..409.36 rows=102 width=125)
	  Recheck Cond: ((k >= 2786643) AND (k <= 2786743))
	  ->  Bitmap Index Scan on k_3  (cost=0.00..5.45 rows=102 width=0)
	        Index Cond: ((k >= 2786643) AND (k <= 2786743))

table 4 : explain SELECT k, c FROM sbtest4 WHERE k BETWEEN 2786643 AND 2786743
	Bitmap Heap Scan on sbtest4  (cost=5.48..409.38 rows=102 width=125)
	  Recheck Cond: ((k >= 2786643) AND (k <= 2786743))
	  ->  Bitmap Index Scan on k_4  (cost=0.00..5.45 rows=102 width=0)
	        Index Cond: ((k >= 2786643) AND (k <= 2786743))

table 5 : explain SELECT k, c FROM sbtest5 WHERE k BETWEEN 2786643 AND 2786743
	Bitmap Heap Scan on sbtest5  (cost=5.46..401.50 rows=100 width=125)
	  Recheck Cond: ((k >= 2786643) AND (k <= 2786743))
	  ->  Bitmap Index Scan on k_5  (cost=0.00..5.43 rows=100 width=0)
	        Index Cond: ((k >= 2786643) AND (k <= 2786743))

table 6 : explain SELECT k, c FROM sbtest6 WHERE k BETWEEN 2786643 AND 2786743
	Bitmap Heap Scan on sbtest6  (cost=5.36..362.07 rows=90 width=125)
	  Recheck Cond: ((k >= 2786643) AND (k <= 2786743))
	  ->  Bitmap Index Scan on k_6  (cost=0.00..5.33 rows=90 width=0)
	        Index Cond: ((k >= 2786643) AND (k <= 2786743))

table 7 : explain SELECT k, c FROM sbtest7 WHERE k BETWEEN 2786643 AND 2786743
	Bitmap Heap Scan on sbtest7  (cost=5.41..381.80 rows=95 width=125)
	  Recheck Cond: ((k >= 2786643) AND (k <= 2786743))
	  ->  Bitmap Index Scan on k_7  (cost=0.00..5.38 rows=95 width=0)
	        Index Cond: ((k >= 2786643) AND (k <= 2786743))

table 8 : explain SELECT k, c FROM sbtest8 WHERE k BETWEEN 2786643 AND 2786743
	Bitmap Heap Scan on sbtest8  (cost=5.46..401.52 rows=100 width=125)
	  Recheck Cond: ((k >= 2786643) AND (k <= 2786743))
	  ->  Bitmap Index Scan on k_8  (cost=0.00..5.43 rows=100 width=0)
	        Index Cond: ((k >= 2786643) AND (k <= 2786743))

for range-notcovered
table 1 : explain SELECT k, c FROM sbtest1 WHERE k BETWEEN 4395323 AND 4395423
	Bitmap Heap Scan on sbtest1  (cost=5.50..417.20 rows=104 width=125)
	  Recheck Cond: ((k >= 4395323) AND (k <= 4395423))
	  ->  Bitmap Index Scan on k_1  (cost=0.00..5.47 rows=104 width=0)
	        Index Cond: ((k >= 4395323) AND (k <= 4395423))

table 2 : explain SELECT k, c FROM sbtest2 WHERE k BETWEEN 4395323 AND 4395423
	Bitmap Heap Scan on sbtest2  (cost=5.60..456.63 rows=114 width=125)
	  Recheck Cond: ((k >= 4395323) AND (k <= 4395423))
	  ->  Bitmap Index Scan on k_2  (cost=0.00..5.58 rows=114 width=0)
	        Index Cond: ((k >= 4395323) AND (k <= 4395423))

table 3 : explain SELECT k, c FROM sbtest3 WHERE k BETWEEN 4395323 AND 4395423
	Bitmap Heap Scan on sbtest3  (cost=5.55..436.94 rows=109 width=125)
	  Recheck Cond: ((k >= 4395323) AND (k <= 4395423))
	  ->  Bitmap Index Scan on k_3  (cost=0.00..5.52 rows=109 width=0)
	        Index Cond: ((k >= 4395323) AND (k <= 4395423))

table 4 : explain SELECT k, c FROM sbtest4 WHERE k BETWEEN 4395323 AND 4395423
	Bitmap Heap Scan on sbtest4  (cost=5.44..393.61 rows=98 width=125)
	  Recheck Cond: ((k >= 4395323) AND (k <= 4395423))
	  ->  Bitmap Index Scan on k_4  (cost=0.00..5.42 rows=98 width=0)
	        Index Cond: ((k >= 4395323) AND (k <= 4395423))

table 5 : explain SELECT k, c FROM sbtest5 WHERE k BETWEEN 4395323 AND 4395423
	Bitmap Heap Scan on sbtest5  (cost=5.46..401.50 rows=100 width=125)
	  Recheck Cond: ((k >= 4395323) AND (k <= 4395423))
	  ->  Bitmap Index Scan on k_5  (cost=0.00..5.43 rows=100 width=0)
	        Index Cond: ((k >= 4395323) AND (k <= 4395423))

table 6 : explain SELECT k, c FROM sbtest6 WHERE k BETWEEN 4395323 AND 4395423
	Bitmap Heap Scan on sbtest6  (cost=5.45..397.58 rows=99 width=125)
	  Recheck Cond: ((k >= 4395323) AND (k <= 4395423))
	  ->  Bitmap Index Scan on k_6  (cost=0.00..5.42 rows=99 width=0)
	        Index Cond: ((k >= 4395323) AND (k <= 4395423))

table 7 : explain SELECT k, c FROM sbtest7 WHERE k BETWEEN 4395323 AND 4395423
	Bitmap Heap Scan on sbtest7  (cost=5.59..452.76 rows=113 width=125)
	  Recheck Cond: ((k >= 4395323) AND (k <= 4395423))
	  ->  Bitmap Index Scan on k_7  (cost=0.00..5.56 rows=113 width=0)
	        Index Cond: ((k >= 4395323) AND (k <= 4395423))

table 8 : explain SELECT k, c FROM sbtest8 WHERE k BETWEEN 4395323 AND 4395423
	Bitmap Heap Scan on sbtest8  (cost=5.42..385.74 rows=96 width=125)
	  Recheck Cond: ((k >= 4395323) AND (k <= 4395423))
	  ->  Bitmap Index Scan on k_8  (cost=0.00..5.39 rows=96 width=0)
	        Index Cond: ((k >= 4395323) AND (k <= 4395423))

explain: for range-notcovered :: explain SELECT k, c FROM sbtest%d WHERE k BETWEEN 6349144 AND 6349244
explain: for range-notcovered :: explain SELECT k, c FROM sbtest%d WHERE k BETWEEN 5046403 AND 5046503

explain: for range-notcovered :: explain SELECT k, c FROM sbtest%d WHERE k BETWEEN 7267824 AND 7267924
explain: for range-notcovered :: explain SELECT k, c FROM sbtest%d WHERE k BETWEEN 2786643 AND 2786743
for range-notcovered
table 1 : explain SELECT k, c FROM sbtest1 WHERE k BETWEEN 3569640 AND 3569740
	Bitmap Heap Scan on sbtest1  (cost=5.49..413.26 rows=103 width=125)
	  Recheck Cond: ((k >= 3569640) AND (k <= 3569740))
	  ->  Bitmap Index Scan on k_1  (cost=0.00..5.46 rows=103 width=0)
	        Index Cond: ((k >= 3569640) AND (k <= 3569740))

table 2 : explain SELECT k, c FROM sbtest2 WHERE k BETWEEN 3569640 AND 3569740
	Bitmap Heap Scan on sbtest2  (cost=5.54..433.00 rows=108 width=125)
	  Recheck Cond: ((k >= 3569640) AND (k <= 3569740))
	  ->  Bitmap Index Scan on k_2  (cost=0.00..5.51 rows=108 width=0)
	        Index Cond: ((k >= 3569640) AND (k <= 3569740))

table 3 : explain SELECT k, c FROM sbtest3 WHERE k BETWEEN 3569640 AND 3569740
	Bitmap Heap Scan on sbtest3  (cost=5.44..393.58 rows=98 width=125)
	  Recheck Cond: ((k >= 3569640) AND (k <= 3569740))
	  ->  Bitmap Index Scan on k_3  (cost=0.00..5.42 rows=98 width=0)
	        Index Cond: ((k >= 3569640) AND (k <= 3569740))

table 4 : explain SELECT k, c FROM sbtest4 WHERE k BETWEEN 3569640 AND 3569740
	Bitmap Heap Scan on sbtest4  (cost=5.47..405.44 rows=101 width=125)
	  Recheck Cond: ((k >= 3569640) AND (k <= 3569740))
	  ->  Bitmap Index Scan on k_4  (cost=0.00..5.44 rows=101 width=0)
	        Index Cond: ((k >= 3569640) AND (k <= 3569740))

table 5 : explain SELECT k, c FROM sbtest5 WHERE k BETWEEN 3569640 AND 3569740
	Bitmap Heap Scan on sbtest5  (cost=5.46..401.50 rows=100 width=125)
	  Recheck Cond: ((k >= 3569640) AND (k <= 3569740))
	  ->  Bitmap Index Scan on k_5  (cost=0.00..5.43 rows=100 width=0)
	        Index Cond: ((k >= 3569640) AND (k <= 3569740))

table 6 : explain SELECT k, c FROM sbtest6 WHERE k BETWEEN 3569640 AND 3569740
	Bitmap Heap Scan on sbtest6  (cost=5.46..401.52 rows=100 width=125)
	  Recheck Cond: ((k >= 3569640) AND (k <= 3569740))
	  ->  Bitmap Index Scan on k_6  (cost=0.00..5.43 rows=100 width=0)
	        Index Cond: ((k >= 3569640) AND (k <= 3569740))

table 7 : explain SELECT k, c FROM sbtest7 WHERE k BETWEEN 3569640 AND 3569740
	Bitmap Heap Scan on sbtest7  (cost=5.45..397.58 rows=99 width=125)
	  Recheck Cond: ((k >= 3569640) AND (k <= 3569740))
	  ->  Bitmap Index Scan on k_7  (cost=0.00..5.42 rows=99 width=0)
	        Index Cond: ((k >= 3569640) AND (k <= 3569740))

table 8 : explain SELECT k, c FROM sbtest8 WHERE k BETWEEN 3569640 AND 3569740
	Bitmap Heap Scan on sbtest8  (cost=5.48..409.41 rows=102 width=125)
	  Recheck Cond: ((k >= 3569640) AND (k <= 3569740))
	  ->  Bitmap Index Scan on k_8  (cost=0.00..5.45 rows=102 width=0)
	        Index Cond: ((k >= 3569640) AND (k <= 3569740))

for range-notcovered
table 1 : explain SELECT k, c FROM sbtest1 WHERE k BETWEEN 231832 AND 231932
	Bitmap Heap Scan on sbtest1  (cost=5.53..429.02 rows=107 width=125)
	  Recheck Cond: ((k >= 231832) AND (k <= 231932))
	  ->  Bitmap Index Scan on k_1  (cost=0.00..5.50 rows=107 width=0)
	        Index Cond: ((k >= 231832) AND (k <= 231932))

table 2 : explain SELECT k, c FROM sbtest2 WHERE k BETWEEN 231832 AND 231932
	Bitmap Heap Scan on sbtest2  (cost=5.49..413.29 rows=103 width=125)
	  Recheck Cond: ((k >= 231832) AND (k <= 231932))
	  ->  Bitmap Index Scan on k_2  (cost=0.00..5.46 rows=103 width=0)
	        Index Cond: ((k >= 231832) AND (k <= 231932))

table 3 : explain SELECT k, c FROM sbtest3 WHERE k BETWEEN 231832 AND 231932
	Bitmap Heap Scan on sbtest3  (cost=5.48..409.36 rows=102 width=125)
	  Recheck Cond: ((k >= 231832) AND (k <= 231932))
	  ->  Bitmap Index Scan on k_3  (cost=0.00..5.45 rows=102 width=0)
	        Index Cond: ((k >= 231832) AND (k <= 231932))

table 4 : explain SELECT k, c FROM sbtest4 WHERE k BETWEEN 231832 AND 231932
	Bitmap Heap Scan on sbtest4  (cost=5.50..417.27 rows=104 width=125)
	  Recheck Cond: ((k >= 231832) AND (k <= 231932))
	  ->  Bitmap Index Scan on k_4  (cost=0.00..5.47 rows=104 width=0)
	        Index Cond: ((k >= 231832) AND (k <= 231932))

table 5 : explain SELECT k, c FROM sbtest5 WHERE k BETWEEN 231832 AND 231932
	Bitmap Heap Scan on sbtest5  (cost=5.42..385.72 rows=96 width=125)
	  Recheck Cond: ((k >= 231832) AND (k <= 231932))
	  ->  Bitmap Index Scan on k_5  (cost=0.00..5.39 rows=96 width=0)
	        Index Cond: ((k >= 231832) AND (k <= 231932))

table 6 : explain SELECT k, c FROM sbtest6 WHERE k BETWEEN 231832 AND 231932
	Bitmap Heap Scan on sbtest6  (cost=5.58..448.82 rows=112 width=125)
	  Recheck Cond: ((k >= 231832) AND (k <= 231932))
	  ->  Bitmap Index Scan on k_6  (cost=0.00..5.55 rows=112 width=0)
	        Index Cond: ((k >= 231832) AND (k <= 231932))

table 7 : explain SELECT k, c FROM sbtest7 WHERE k BETWEEN 231832 AND 231932
	Bitmap Heap Scan on sbtest7  (cost=5.48..409.41 rows=102 width=125)
	  Recheck Cond: ((k >= 231832) AND (k <= 231932))
	  ->  Bitmap Index Scan on k_7  (cost=0.00..5.45 rows=102 width=0)
	        Index Cond: ((k >= 231832) AND (k <= 231932))

table 8 : explain SELECT k, c FROM sbtest8 WHERE k BETWEEN 231832 AND 231932
	Bitmap Heap Scan on sbtest8  (cost=5.57..444.88 rows=111 width=125)
	  Recheck Cond: ((k >= 231832) AND (k <= 231932))
	  ->  Bitmap Index Scan on k_8  (cost=0.00..5.54 rows=111 width=0)
	        Index Cond: ((k >= 231832) AND (k <= 231932))

explain: for range-notcovered :: explain SELECT k, c FROM sbtest%d WHERE k BETWEEN 3237041 AND 3237141
for range-notcovered
table 1 : explain SELECT k, c FROM sbtest1 WHERE k BETWEEN 6413332 AND 6413432
	Bitmap Heap Scan on sbtest1  (cost=5.50..417.20 rows=104 width=125)
	  Recheck Cond: ((k >= 6413332) AND (k <= 6413432))
	  ->  Bitmap Index Scan on k_1  (cost=0.00..5.47 rows=104 width=0)
	        Index Cond: ((k >= 6413332) AND (k <= 6413432))

table 2 : explain SELECT k, c FROM sbtest2 WHERE k BETWEEN 6413332 AND 6413432
	Bitmap Heap Scan on sbtest2  (cost=5.46..401.47 rows=100 width=125)
	  Recheck Cond: ((k >= 6413332) AND (k <= 6413432))
	  ->  Bitmap Index Scan on k_2  (cost=0.00..5.43 rows=100 width=0)
	        Index Cond: ((k >= 6413332) AND (k <= 6413432))

table 3 : explain SELECT k, c FROM sbtest3 WHERE k BETWEEN 6413332 AND 6413432
	Bitmap Heap Scan on sbtest3  (cost=5.51..421.18 rows=105 width=125)
	  Recheck Cond: ((k >= 6413332) AND (k <= 6413432))
	  ->  Bitmap Index Scan on k_3  (cost=0.00..5.48 rows=105 width=0)
	        Index Cond: ((k >= 6413332) AND (k <= 6413432))

table 4 : explain SELECT k, c FROM sbtest4 WHERE k BETWEEN 6413332 AND 6413432
	Bitmap Heap Scan on sbtest4  (cost=5.47..405.44 rows=101 width=125)
	  Recheck Cond: ((k >= 6413332) AND (k <= 6413432))
	  ->  Bitmap Index Scan on k_4  (cost=0.00..5.44 rows=101 width=0)
	        Index Cond: ((k >= 6413332) AND (k <= 6413432))

table 5 : explain SELECT k, c FROM sbtest5 WHERE k BETWEEN 6413332 AND 6413432
	Bitmap Heap Scan on sbtest5  (cost=5.47..405.44 rows=101 width=125)
	  Recheck Cond: ((k >= 6413332) AND (k <= 6413432))
	  ->  Bitmap Index Scan on k_5  (cost=0.00..5.44 rows=101 width=0)
	        Index Cond: ((k >= 6413332) AND (k <= 6413432))

table 6 : explain SELECT k, c FROM sbtest6 WHERE k BETWEEN 6413332 AND 6413432
	Bitmap Heap Scan on sbtest6  (cost=5.51..421.24 rows=105 width=125)
	  Recheck Cond: ((k >= 6413332) AND (k <= 6413432))
	  ->  Bitmap Index Scan on k_6  (cost=0.00..5.48 rows=105 width=0)
	        Index Cond: ((k >= 6413332) AND (k <= 6413432))

table 7 : explain SELECT k, c FROM sbtest7 WHERE k BETWEEN 6413332 AND 6413432
	Bitmap Heap Scan on sbtest7  (cost=5.50..417.29 rows=104 width=125)
	  Recheck Cond: ((k >= 6413332) AND (k <= 6413432))
	  ->  Bitmap Index Scan on k_7  (cost=0.00..5.47 rows=104 width=0)
	        Index Cond: ((k >= 6413332) AND (k <= 6413432))

table 8 : explain SELECT k, c FROM sbtest8 WHERE k BETWEEN 6413332 AND 6413432
	Bitmap Heap Scan on sbtest8  (cost=5.47..405.47 rows=101 width=125)
	  Recheck Cond: ((k >= 6413332) AND (k <= 6413432))
	  ->  Bitmap Index Scan on k_8  (cost=0.00..5.44 rows=101 width=0)
	        Index Cond: ((k >= 6413332) AND (k <= 6413432))
for range-notcovered
table 1 : explain SELECT k, c FROM sbtest1 WHERE k BETWEEN 3967413 AND 3967513
	Bitmap Heap Scan on sbtest1  (cost=5.48..409.32 rows=102 width=125)
	  Recheck Cond: ((k >= 3967413) AND (k <= 3967513))
	  ->  Bitmap Index Scan on k_1  (cost=0.00..5.45 rows=102 width=0)
	        Index Cond: ((k >= 3967413) AND (k <= 3967513))

table 2 : explain SELECT k, c FROM sbtest2 WHERE k BETWEEN 3967413 AND 3967513
	Bitmap Heap Scan on sbtest2  (cost=5.46..401.47 rows=100 width=125)
	  Recheck Cond: ((k >= 3967413) AND (k <= 3967513))
	  ->  Bitmap Index Scan on k_2  (cost=0.00..5.43 rows=100 width=0)
	        Index Cond: ((k >= 3967413) AND (k <= 3967513))

table 3 : explain SELECT k, c FROM sbtest3 WHERE k BETWEEN 3967413 AND 3967513
	Bitmap Heap Scan on sbtest3  (cost=5.42..385.70 rows=96 width=125)
	  Recheck Cond: ((k >= 3967413) AND (k <= 3967513))
	  ->  Bitmap Index Scan on k_3  (cost=0.00..5.39 rows=96 width=0)
	        Index Cond: ((k >= 3967413) AND (k <= 3967513))

table 4 : explain SELECT k, c FROM sbtest4 WHERE k BETWEEN 3967413 AND 3967513
	Bitmap Heap Scan on sbtest4  (cost=5.57..444.85 rows=111 width=125)
	  Recheck Cond: ((k >= 3967413) AND (k <= 3967513))
	  ->  Bitmap Index Scan on k_4  (cost=0.00..5.54 rows=111 width=0)
	        Index Cond: ((k >= 3967413) AND (k <= 3967513))

table 5 : explain SELECT k, c FROM sbtest5 WHERE k BETWEEN 3967413 AND 3967513
	Bitmap Heap Scan on sbtest5  (cost=5.39..373.89 rows=93 width=125)
	  Recheck Cond: ((k >= 3967413) AND (k <= 3967513))
	  ->  Bitmap Index Scan on k_5  (cost=0.00..5.36 rows=93 width=0)
	        Index Cond: ((k >= 3967413) AND (k <= 3967513))

table 6 : explain SELECT k, c FROM sbtest6 WHERE k BETWEEN 3967413 AND 3967513
	Bitmap Heap Scan on sbtest6  (cost=5.45..397.58 rows=99 width=125)
	  Recheck Cond: ((k >= 3967413) AND (k <= 3967513))
	  ->  Bitmap Index Scan on k_6  (cost=0.00..5.42 rows=99 width=0)
	        Index Cond: ((k >= 3967413) AND (k <= 3967513))

table 7 : explain SELECT k, c FROM sbtest7 WHERE k BETWEEN 3967413 AND 3967513
	Bitmap Heap Scan on sbtest7  (cost=5.45..397.58 rows=99 width=125)
	  Recheck Cond: ((k >= 3967413) AND (k <= 3967513))
	  ->  Bitmap Index Scan on k_7  (cost=0.00..5.42 rows=99 width=0)
	        Index Cond: ((k >= 3967413) AND (k <= 3967513))

table 8 : explain SELECT k, c FROM sbtest8 WHERE k BETWEEN 3967413 AND 3967513
	Bitmap Heap Scan on sbtest8  (cost=5.42..385.74 rows=96 width=125)
	  Recheck Cond: ((k >= 3967413) AND (k <= 3967513))
	  ->  Bitmap Index Scan on k_8  (cost=0.00..5.39 rows=96 width=0)
	        Index Cond: ((k >= 3967413) AND (k <= 3967513))

for range-notcovered
table 1 : explain SELECT k, c FROM sbtest1 WHERE k BETWEEN 6479038 AND 6479138
	Bitmap Heap Scan on sbtest1  (cost=5.55..436.90 rows=109 width=125)
	  Recheck Cond: ((k >= 6479038) AND (k <= 6479138))
	  ->  Bitmap Index Scan on k_1  (cost=0.00..5.52 rows=109 width=0)
	        Index Cond: ((k >= 6479038) AND (k <= 6479138))

table 2 : explain SELECT k, c FROM sbtest2 WHERE k BETWEEN 6479038 AND 6479138
	Bitmap Heap Scan on sbtest2  (cost=5.46..401.47 rows=100 width=125)
	  Recheck Cond: ((k >= 6479038) AND (k <= 6479138))
	  ->  Bitmap Index Scan on k_2  (cost=0.00..5.43 rows=100 width=0)
	        Index Cond: ((k >= 6479038) AND (k <= 6479138))

table 3 : explain SELECT k, c FROM sbtest3 WHERE k BETWEEN 6479038 AND 6479138
	Bitmap Heap Scan on sbtest3  (cost=5.51..421.18 rows=105 width=125)
	  Recheck Cond: ((k >= 6479038) AND (k <= 6479138))
	  ->  Bitmap Index Scan on k_3  (cost=0.00..5.48 rows=105 width=0)
	        Index Cond: ((k >= 6479038) AND (k <= 6479138))

table 4 : explain SELECT k, c FROM sbtest4 WHERE k BETWEEN 6479038 AND 6479138
	Bitmap Heap Scan on sbtest4  (cost=5.47..405.44 rows=101 width=125)
	  Recheck Cond: ((k >= 6479038) AND (k <= 6479138))
	  ->  Bitmap Index Scan on k_4  (cost=0.00..5.44 rows=101 width=0)
	        Index Cond: ((k >= 6479038) AND (k <= 6479138))

table 5 : explain SELECT k, c FROM sbtest5 WHERE k BETWEEN 6479038 AND 6479138
	Bitmap Heap Scan on sbtest5  (cost=5.47..405.44 rows=101 width=125)
	  Recheck Cond: ((k >= 6479038) AND (k <= 6479138))
	  ->  Bitmap Index Scan on k_5  (cost=0.00..5.44 rows=101 width=0)
	        Index Cond: ((k >= 6479038) AND (k <= 6479138))

table 6 : explain SELECT k, c FROM sbtest6 WHERE k BETWEEN 6479038 AND 6479138
	Bitmap Heap Scan on sbtest6  (cost=5.49..413.35 rows=103 width=125)
	  Recheck Cond: ((k >= 6479038) AND (k <= 6479138))
	  ->  Bitmap Index Scan on k_6  (cost=0.00..5.46 rows=103 width=0)
	        Index Cond: ((k >= 6479038) AND (k <= 6479138))

table 7 : explain SELECT k, c FROM sbtest7 WHERE k BETWEEN 6479038 AND 6479138
	Bitmap Heap Scan on sbtest7  (cost=5.53..429.12 rows=107 width=125)
	  Recheck Cond: ((k >= 6479038) AND (k <= 6479138))
	  ->  Bitmap Index Scan on k_7  (cost=0.00..5.50 rows=107 width=0)
	        Index Cond: ((k >= 6479038) AND (k <= 6479138))

table 8 : explain SELECT k, c FROM sbtest8 WHERE k BETWEEN 6479038 AND 6479138
	Bitmap Heap Scan on sbtest8  (cost=5.46..401.52 rows=100 width=125)
	  Recheck Cond: ((k >= 6479038) AND (k <= 6479138))
	  ->  Bitmap Index Scan on k_8  (cost=0.00..5.43 rows=100 width=0)
	        Index Cond: ((k >= 6479038) AND (k <= 6479138))

explain: for range-notcovered :: explain SELECT k, c FROM sbtest%d WHERE k BETWEEN 7014798 AND 7014898

for range-notcovered
table 1 : explain SELECT k, c FROM sbtest1 WHERE k BETWEEN 7843619 AND 7843719
	Bitmap Heap Scan on sbtest1  (cost=5.45..397.49 rows=99 width=125)
	  Recheck Cond: ((k >= 7843619) AND (k <= 7843719))
	  ->  Bitmap Index Scan on k_1  (cost=0.00..5.42 rows=99 width=0)
	        Index Cond: ((k >= 7843619) AND (k <= 7843719))

table 2 : explain SELECT k, c FROM sbtest2 WHERE k BETWEEN 7843619 AND 7843719
	Bitmap Heap Scan on sbtest2  (cost=5.52..425.12 rows=106 width=125)
	  Recheck Cond: ((k >= 7843619) AND (k <= 7843719))
	  ->  Bitmap Index Scan on k_2  (cost=0.00..5.50 rows=106 width=0)
	        Index Cond: ((k >= 7843619) AND (k <= 7843719))

table 3 : explain SELECT k, c FROM sbtest3 WHERE k BETWEEN 7843619 AND 7843719
	Bitmap Heap Scan on sbtest3  (cost=5.48..409.36 rows=102 width=125)
	  Recheck Cond: ((k >= 7843619) AND (k <= 7843719))
	  ->  Bitmap Index Scan on k_3  (cost=0.00..5.45 rows=102 width=0)
	        Index Cond: ((k >= 7843619) AND (k <= 7843719))

table 4 : explain SELECT k, c FROM sbtest4 WHERE k BETWEEN 7843619 AND 7843719
	Bitmap Heap Scan on sbtest4  (cost=5.51..421.21 rows=105 width=125)
	  Recheck Cond: ((k >= 7843619) AND (k <= 7843719))
	  ->  Bitmap Index Scan on k_4  (cost=0.00..5.48 rows=105 width=0)
	        Index Cond: ((k >= 7843619) AND (k <= 7843719))

table 5 : explain SELECT k, c FROM sbtest5 WHERE k BETWEEN 7843619 AND 7843719
	Bitmap Heap Scan on sbtest5  (cost=5.54..433.03 rows=108 width=125)
	  Recheck Cond: ((k >= 7843619) AND (k <= 7843719))
	  ->  Bitmap Index Scan on k_5  (cost=0.00..5.51 rows=108 width=0)
	        Index Cond: ((k >= 7843619) AND (k <= 7843719))

table 6 : explain SELECT k, c FROM sbtest6 WHERE k BETWEEN 7843619 AND 7843719
	Bitmap Heap Scan on sbtest6  (cost=5.47..405.47 rows=101 width=125)
	  Recheck Cond: ((k >= 7843619) AND (k <= 7843719))
	  ->  Bitmap Index Scan on k_6  (cost=0.00..5.44 rows=101 width=0)
	        Index Cond: ((k >= 7843619) AND (k <= 7843719))

table 7 : explain SELECT k, c FROM sbtest7 WHERE k BETWEEN 7843619 AND 7843719
	Bitmap Heap Scan on sbtest7  (cost=5.35..358.12 rows=89 width=125)
	  Recheck Cond: ((k >= 7843619) AND (k <= 7843719))
	  ->  Bitmap Index Scan on k_7  (cost=0.00..5.32 rows=89 width=0)
	        Index Cond: ((k >= 7843619) AND (k <= 7843719))

table 8 : explain SELECT k, c FROM sbtest8 WHERE k BETWEEN 7843619 AND 7843719
	Bitmap Heap Scan on sbtest8  (cost=5.48..409.41 rows=102 width=125)
	  Recheck Cond: ((k >= 7843619) AND (k <= 7843719))
	  ->  Bitmap Index Scan on k_8  (cost=0.00..5.45 rows=102 width=0)
	        Index Cond: ((k >= 7843619) AND (k <= 7843719))

explain: for range-notcovered :: explain SELECT k, c FROM sbtest%d WHERE k BETWEEN 4395323 AND 4395423explain: for range-notcovered :: explain SELECT k, c FROM sbtest%d WHERE k BETWEEN 3967413 AND 3967513for range-notcovered
table 1 : explain SELECT k, c FROM sbtest1 WHERE k BETWEEN 4276750 AND 4276850
	Bitmap Heap Scan on sbtest1  (cost=5.43..389.61 rows=97 width=125)
	  Recheck Cond: ((k >= 4276750) AND (k <= 4276850))
	  ->  Bitmap Index Scan on k_1  (cost=0.00..5.40 rows=97 width=0)
	        Index Cond: ((k >= 4276750) AND (k <= 4276850))

table 2 : explain SELECT k, c FROM sbtest2 WHERE k BETWEEN 4276750 AND 4276850
	Bitmap Heap Scan on sbtest2  (cost=5.51..421.18 rows=105 width=125)
	  Recheck Cond: ((k >= 4276750) AND (k <= 4276850))
	  ->  Bitmap Index Scan on k_2  (cost=0.00..5.48 rows=105 width=0)
	        Index Cond: ((k >= 4276750) AND (k <= 4276850))

table 3 : explain SELECT k, c FROM sbtest3 WHERE k BETWEEN 4276750 AND 4276850
	Bitmap Heap Scan on sbtest3  (cost=5.40..377.81 rows=94 width=125)
	  Recheck Cond: ((k >= 4276750) AND (k <= 4276850))
	  ->  Bitmap Index Scan on k_3  (cost=0.00..5.38 rows=94 width=0)
	        Index Cond: ((k >= 4276750) AND (k <= 4276850))

table 4 : explain SELECT k, c FROM sbtest4 WHERE k BETWEEN 4276750 AND 4276850
	Bitmap Heap Scan on sbtest4  (cost=5.51..421.21 rows=105 width=125)
	  Recheck Cond: ((k >= 4276750) AND (k <= 4276850))
	  ->  Bitmap Index Scan on k_4  (cost=0.00..5.48 rows=105 width=0)
	        Index Cond: ((k >= 4276750) AND (k <= 4276850))

table 5 : explain SELECT k, c FROM sbtest5 WHERE k BETWEEN 4276750 AND 4276850
	Bitmap Heap Scan on sbtest5  (cost=5.55..436.97 rows=109 width=125)
	  Recheck Cond: ((k >= 4276750) AND (k <= 4276850))
	  ->  Bitmap Index Scan on k_5  (cost=0.00..5.52 rows=109 width=0)
	        Index Cond: ((k >= 4276750) AND (k <= 4276850))

table 6 : explain SELECT k, c FROM sbtest6 WHERE k BETWEEN 4276750 AND 4276850
	Bitmap Heap Scan on sbtest6  (cost=5.50..417.29 rows=104 width=125)
	  Recheck Cond: ((k >= 4276750) AND (k <= 4276850))
	  ->  Bitmap Index Scan on k_6  (cost=0.00..5.47 rows=104 width=0)
	        Index Cond: ((k >= 4276750) AND (k <= 4276850))

table 7 : explain SELECT k, c FROM sbtest7 WHERE k BETWEEN 4276750 AND 4276850
	Bitmap Heap Scan on sbtest7  (cost=5.46..401.52 rows=100 width=125)
	  Recheck Cond: ((k >= 4276750) AND (k <= 4276850))
	  ->  Bitmap Index Scan on k_7  (cost=0.00..5.43 rows=100 width=0)
	        Index Cond: ((k >= 4276750) AND (k <= 4276850))

table 8 : explain SELECT k, c FROM sbtest8 WHERE k BETWEEN 4276750 AND 4276850
	Bitmap Heap Scan on sbtest8  (cost=5.57..444.88 rows=111 width=125)
	  Recheck Cond: ((k >= 4276750) AND (k <= 4276850))
	  ->  Bitmap Index Scan on k_8  (cost=0.00..5.54 rows=111 width=0)
	        Index Cond: ((k >= 4276750) AND (k <= 4276850))

explain: for range-notcovered :: explain SELECT k, c FROM sbtest%d WHERE k BETWEEN 6479038 AND 6479138
explain: for range-notcovered :: explain SELECT k, c FROM sbtest%d WHERE k BETWEEN 231832 AND 231932for range-notcovered
table 1 : explain SELECT k, c FROM sbtest1 WHERE k BETWEEN 2722345 AND 2722445
	Bitmap Heap Scan on sbtest1  (cost=5.55..436.90 rows=109 width=125)
	  Recheck Cond: ((k >= 2722345) AND (k <= 2722445))
	  ->  Bitmap Index Scan on k_1  (cost=0.00..5.52 rows=109 width=0)
	        Index Cond: ((k >= 2722345) AND (k <= 2722445))

table 2 : explain SELECT k, c FROM sbtest2 WHERE k BETWEEN 2722345 AND 2722445
	Bitmap Heap Scan on sbtest2  (cost=5.51..421.18 rows=105 width=125)
	  Recheck Cond: ((k >= 2722345) AND (k <= 2722445))
	  ->  Bitmap Index Scan on k_2  (cost=0.00..5.48 rows=105 width=0)
	        Index Cond: ((k >= 2722345) AND (k <= 2722445))

table 3 : explain SELECT k, c FROM sbtest3 WHERE k BETWEEN 2722345 AND 2722445
	Bitmap Heap Scan on sbtest3  (cost=5.48..409.36 rows=102 width=125)
	  Recheck Cond: ((k >= 2722345) AND (k <= 2722445))
	  ->  Bitmap Index Scan on k_3  (cost=0.00..5.45 rows=102 width=0)
	        Index Cond: ((k >= 2722345) AND (k <= 2722445))

table 4 : explain SELECT k, c FROM sbtest4 WHERE k BETWEEN 2722345 AND 2722445
	Bitmap Heap Scan on sbtest4  (cost=5.48..409.38 rows=102 width=125)
	  Recheck Cond: ((k >= 2722345) AND (k <= 2722445))
	  ->  Bitmap Index Scan on k_4  (cost=0.00..5.45 rows=102 width=0)
	        Index Cond: ((k >= 2722345) AND (k <= 2722445))

table 5 : explain SELECT k, c FROM sbtest5 WHERE k BETWEEN 2722345 AND 2722445
	Bitmap Heap Scan on sbtest5  (cost=5.52..425.15 rows=106 width=125)
	  Recheck Cond: ((k >= 2722345) AND (k <= 2722445))
	  ->  Bitmap Index Scan on k_5  (cost=0.00..5.50 rows=106 width=0)
	        Index Cond: ((k >= 2722345) AND (k <= 2722445))

table 6 : explain SELECT k, c FROM sbtest6 WHERE k BETWEEN 2722345 AND 2722445
	Bitmap Heap Scan on sbtest6  (cost=5.51..421.24 rows=105 width=125)
	  Recheck Cond: ((k >= 2722345) AND (k <= 2722445))
	  ->  Bitmap Index Scan on k_6  (cost=0.00..5.48 rows=105 width=0)
	        Index Cond: ((k >= 2722345) AND (k <= 2722445))

table 7 : explain SELECT k, c FROM sbtest7 WHERE k BETWEEN 2722345 AND 2722445
	Bitmap Heap Scan on sbtest7  (cost=5.41..381.80 rows=95 width=125)
	  Recheck Cond: ((k >= 2722345) AND (k <= 2722445))
	  ->  Bitmap Index Scan on k_7  (cost=0.00..5.38 rows=95 width=0)
	        Index Cond: ((k >= 2722345) AND (k <= 2722445))

table 8 : explain SELECT k, c FROM sbtest8 WHERE k BETWEEN 2722345 AND 2722445
	Bitmap Heap Scan on sbtest8  (cost=5.43..389.69 rows=97 width=125)
	  Recheck Cond: ((k >= 2722345) AND (k <= 2722445))
	  ->  Bitmap Index Scan on k_8  (cost=0.00..5.40 rows=97 width=0)
	        Index Cond: ((k >= 2722345) AND (k <= 2722445))


for range-notcovered
table 1 : explain SELECT k, c FROM sbtest1 WHERE k BETWEEN 5513675 AND 5513775
	Bitmap Heap Scan on sbtest1  (cost=5.52..425.08 rows=106 width=125)
	  Recheck Cond: ((k >= 5513675) AND (k <= 5513775))
	  ->  Bitmap Index Scan on k_1  (cost=0.00..5.50 rows=106 width=0)
	        Index Cond: ((k >= 5513675) AND (k <= 5513775))

table 2 : explain SELECT k, c FROM sbtest2 WHERE k BETWEEN 5513675 AND 5513775
	Bitmap Heap Scan on sbtest2  (cost=5.51..421.18 rows=105 width=125)
	  Recheck Cond: ((k >= 5513675) AND (k <= 5513775))
	  ->  Bitmap Index Scan on k_2  (cost=0.00..5.48 rows=105 width=0)
	        Index Cond: ((k >= 5513675) AND (k <= 5513775))

table 3 : explain SELECT k, c FROM sbtest3 WHERE k BETWEEN 5513675 AND 5513775
	Bitmap Heap Scan on sbtest3  (cost=5.46..401.47 rows=100 width=125)
	  Recheck Cond: ((k >= 5513675) AND (k <= 5513775))
	  ->  Bitmap Index Scan on k_3  (cost=0.00..5.43 rows=100 width=0)
	        Index Cond: ((k >= 5513675) AND (k <= 5513775))

table 4 : explain SELECT k, c FROM sbtest4 WHERE k BETWEEN 5513675 AND 5513775
	Bitmap Heap Scan on sbtest4  (cost=5.47..405.44 rows=101 width=125)
	  Recheck Cond: ((k >= 5513675) AND (k <= 5513775))
	  ->  Bitmap Index Scan on k_4  (cost=0.00..5.44 rows=101 width=0)
	        Index Cond: ((k >= 5513675) AND (k <= 5513775))

table 5 : explain SELECT k, c FROM sbtest5 WHERE k BETWEEN 5513675 AND 5513775
	Bitmap Heap Scan on sbtest5  (cost=5.43..389.67 rows=97 width=125)
	  Recheck Cond: ((k >= 5513675) AND (k <= 5513775))
	  ->  Bitmap Index Scan on k_5  (cost=0.00..5.40 rows=97 width=0)
	        Index Cond: ((k >= 5513675) AND (k <= 5513775))

table 6 : explain SELECT k, c FROM sbtest6 WHERE k BETWEEN 5513675 AND 5513775
	Bitmap Heap Scan on sbtest6  (cost=5.38..369.96 rows=92 width=125)
	  Recheck Cond: ((k >= 5513675) AND (k <= 5513775))
	  ->  Bitmap Index Scan on k_6  (cost=0.00..5.35 rows=92 width=0)
	        Index Cond: ((k >= 5513675) AND (k <= 5513775))

table 7 : explain SELECT k, c FROM sbtest7 WHERE k BETWEEN 5513675 AND 5513775
	Bitmap Heap Scan on sbtest7  (cost=5.45..397.58 rows=99 width=125)
	  Recheck Cond: ((k >= 5513675) AND (k <= 5513775))
	  ->  Bitmap Index Scan on k_7  (cost=0.00..5.42 rows=99 width=0)
	        Index Cond: ((k >= 5513675) AND (k <= 5513775))

table 8 : explain SELECT k, c FROM sbtest8 WHERE k BETWEEN 5513675 AND 5513775
	Bitmap Heap Scan on sbtest8  (cost=5.45..397.58 rows=99 width=125)
	  Recheck Cond: ((k >= 5513675) AND (k <= 5513775))
	  ->  Bitmap Index Scan on k_8  (cost=0.00..5.42 rows=99 width=0)
	        Index Cond: ((k >= 5513675) AND (k <= 5513775))
explain: for range-notcovered :: explain SELECT k, c FROM sbtest%d WHERE k BETWEEN 4276750 AND 4276850

explain: for range-notcovered :: explain SELECT k, c FROM sbtest%d WHERE k BETWEEN 6413332 AND 6413432explain: for range-notcovered :: explain SELECT k, c FROM sbtest%d WHERE k BETWEEN 2722345 AND 2722445


for range-notcovered
table 1 : explain SELECT k, c FROM sbtest1 WHERE k BETWEEN 5198029 AND 5198129
	Bitmap Heap Scan on sbtest1  (cost=5.48..409.32 rows=102 width=125)
	  Recheck Cond: ((k >= 5198029) AND (k <= 5198129))
	  ->  Bitmap Index Scan on k_1  (cost=0.00..5.45 rows=102 width=0)
	        Index Cond: ((k >= 5198029) AND (k <= 5198129))

table 2 : explain SELECT k, c FROM sbtest2 WHERE k BETWEEN 5198029 AND 5198129
	Bitmap Heap Scan on sbtest2  (cost=5.50..417.23 rows=104 width=125)
	  Recheck Cond: ((k >= 5198029) AND (k <= 5198129))
	  ->  Bitmap Index Scan on k_2  (cost=0.00..5.47 rows=104 width=0)
	        Index Cond: ((k >= 5198029) AND (k <= 5198129))

table 3 : explain SELECT k, c FROM sbtest3 WHERE k BETWEEN 5198029 AND 5198129
	Bitmap Heap Scan on sbtest3  (cost=5.60..456.63 rows=114 width=125)
	  Recheck Cond: ((k >= 5198029) AND (k <= 5198129))
	  ->  Bitmap Index Scan on k_3  (cost=0.00..5.58 rows=114 width=0)
	        Index Cond: ((k >= 5198029) AND (k <= 5198129))

table 4 : explain SELECT k, c FROM sbtest4 WHERE k BETWEEN 5198029 AND 5198129
	Bitmap Heap Scan on sbtest4  (cost=5.47..405.44 rows=101 width=125)
	  Recheck Cond: ((k >= 5198029) AND (k <= 5198129))
	  ->  Bitmap Index Scan on k_4  (cost=0.00..5.44 rows=101 width=0)
	        Index Cond: ((k >= 5198029) AND (k <= 5198129))

table 5 : explain SELECT k, c FROM sbtest5 WHERE k BETWEEN 5198029 AND 5198129
	Bitmap Heap Scan on sbtest5  (cost=5.46..401.50 rows=100 width=125)
	  Recheck Cond: ((k >= 5198029) AND (k <= 5198129))
	  ->  Bitmap Index Scan on k_5  (cost=0.00..5.43 rows=100 width=0)
	        Index Cond: ((k >= 5198029) AND (k <= 5198129))

table 6 : explain SELECT k, c FROM sbtest6 WHERE k BETWEEN 5198029 AND 5198129
	Bitmap Heap Scan on sbtest6  (cost=5.60..456.70 rows=114 width=125)
	  Recheck Cond: ((k >= 5198029) AND (k <= 5198129))
	  ->  Bitmap Index Scan on k_6  (cost=0.00..5.58 rows=114 width=0)
	        Index Cond: ((k >= 5198029) AND (k <= 5198129))

table 7 : explain SELECT k, c FROM sbtest7 WHERE k BETWEEN 5198029 AND 5198129
	Bitmap Heap Scan on sbtest7  (cost=5.65..476.38 rows=119 width=125)
	  Recheck Cond: ((k >= 5198029) AND (k <= 5198129))
	  ->  Bitmap Index Scan on k_7  (cost=0.00..5.62 rows=119 width=0)
	        Index Cond: ((k >= 5198029) AND (k <= 5198129))

table 8 : explain SELECT k, c FROM sbtest8 WHERE k BETWEEN 5198029 AND 5198129
	Bitmap Heap Scan on sbtest8  (cost=5.55..437.00 rows=109 width=125)
	  Recheck Cond: ((k >= 5198029) AND (k <= 5198129))
	  ->  Bitmap Index Scan on k_8  (cost=0.00..5.52 rows=109 width=0)
	        Index Cond: ((k >= 5198029) AND (k <= 5198129))

explain: for range-notcovered :: explain SELECT k, c FROM sbtest%d WHERE k BETWEEN 5409911 AND 5410011

explain: for range-notcovered :: explain SELECT k, c FROM sbtest%d WHERE k BETWEEN 3569640 AND 3569740
explain: for range-notcovered :: explain SELECT k, c FROM sbtest%d WHERE k BETWEEN 5513675 AND 5513775for range-notcovered
table 1 : explain SELECT k, c FROM sbtest1 WHERE k BETWEEN 6393573 AND 6393673
	Bitmap Heap Scan on sbtest1  (cost=5.50..417.20 rows=104 width=125)
	  Recheck Cond: ((k >= 6393573) AND (k <= 6393673))
	  ->  Bitmap Index Scan on k_1  (cost=0.00..5.47 rows=104 width=0)
	        Index Cond: ((k >= 6393573) AND (k <= 6393673))

table 2 : explain SELECT k, c FROM sbtest2 WHERE k BETWEEN 6393573 AND 6393673
	Bitmap Heap Scan on sbtest2  (cost=5.46..401.47 rows=100 width=125)
	  Recheck Cond: ((k >= 6393573) AND (k <= 6393673))
	  ->  Bitmap Index Scan on k_2  (cost=0.00..5.43 rows=100 width=0)
	        Index Cond: ((k >= 6393573) AND (k <= 6393673))

table 3 : explain SELECT k, c FROM sbtest3 WHERE k BETWEEN 6393573 AND 6393673
	Bitmap Heap Scan on sbtest3  (cost=5.48..409.36 rows=102 width=125)
	  Recheck Cond: ((k >= 6393573) AND (k <= 6393673))
	  ->  Bitmap Index Scan on k_3  (cost=0.00..5.45 rows=102 width=0)
	        Index Cond: ((k >= 6393573) AND (k <= 6393673))

table 4 : explain SELECT k, c FROM sbtest4 WHERE k BETWEEN 6393573 AND 6393673
	Bitmap Heap Scan on sbtest4  (cost=5.47..405.44 rows=101 width=125)
	  Recheck Cond: ((k >= 6393573) AND (k <= 6393673))
	  ->  Bitmap Index Scan on k_4  (cost=0.00..5.44 rows=101 width=0)
	        Index Cond: ((k >= 6393573) AND (k <= 6393673))

table 5 : explain SELECT k, c FROM sbtest5 WHERE k BETWEEN 6393573 AND 6393673
	Bitmap Heap Scan on sbtest5  (cost=5.47..405.44 rows=101 width=125)
	  Recheck Cond: ((k >= 6393573) AND (k <= 6393673))
	  ->  Bitmap Index Scan on k_5  (cost=0.00..5.44 rows=101 width=0)
	        Index Cond: ((k >= 6393573) AND (k <= 6393673))

table 6 : explain SELECT k, c FROM sbtest6 WHERE k BETWEEN 6393573 AND 6393673
	Bitmap Heap Scan on sbtest6  (cost=5.51..421.24 rows=105 width=125)
	  Recheck Cond: ((k >= 6393573) AND (k <= 6393673))
	  ->  Bitmap Index Scan on k_6  (cost=0.00..5.48 rows=105 width=0)
	        Index Cond: ((k >= 6393573) AND (k <= 6393673))

table 7 : explain SELECT k, c FROM sbtest7 WHERE k BETWEEN 6393573 AND 6393673
	Bitmap Heap Scan on sbtest7  (cost=5.50..417.29 rows=104 width=125)
	  Recheck Cond: ((k >= 6393573) AND (k <= 6393673))
	  ->  Bitmap Index Scan on k_7  (cost=0.00..5.47 rows=104 width=0)
	        Index Cond: ((k >= 6393573) AND (k <= 6393673))

table 8 : explain SELECT k, c FROM sbtest8 WHERE k BETWEEN 6393573 AND 6393673
	Bitmap Heap Scan on sbtest8  (cost=5.47..405.47 rows=101 width=125)
	  Recheck Cond: ((k >= 6393573) AND (k <= 6393673))
	  ->  Bitmap Index Scan on k_8  (cost=0.00..5.44 rows=101 width=0)
	        Index Cond: ((k >= 6393573) AND (k <= 6393673))

for range-notcovered
table 1 : explain SELECT k, c FROM sbtest1 WHERE k BETWEEN 1500845 AND 1500945
	Bitmap Heap Scan on sbtest1  (cost=5.53..429.02 rows=107 width=125)
	  Recheck Cond: ((k >= 1500845) AND (k <= 1500945))
	  ->  Bitmap Index Scan on k_1  (cost=0.00..5.50 rows=107 width=0)
	        Index Cond: ((k >= 1500845) AND (k <= 1500945))

table 2 : explain SELECT k, c FROM sbtest2 WHERE k BETWEEN 1500845 AND 1500945
	Bitmap Heap Scan on sbtest2  (cost=5.52..425.12 rows=106 width=125)
	  Recheck Cond: ((k >= 1500845) AND (k <= 1500945))
	  ->  Bitmap Index Scan on k_2  (cost=0.00..5.50 rows=106 width=0)
	        Index Cond: ((k >= 1500845) AND (k <= 1500945))

table 3 : explain SELECT k, c FROM sbtest3 WHERE k BETWEEN 1500845 AND 1500945
	Bitmap Heap Scan on sbtest3  (cost=5.52..425.12 rows=106 width=125)
	  Recheck Cond: ((k >= 1500845) AND (k <= 1500945))
	  ->  Bitmap Index Scan on k_3  (cost=0.00..5.50 rows=106 width=0)
	        Index Cond: ((k >= 1500845) AND (k <= 1500945))

table 4 : explain SELECT k, c FROM sbtest4 WHERE k BETWEEN 1500845 AND 1500945
	Bitmap Heap Scan on sbtest4  (cost=5.42..385.72 rows=96 width=125)
	  Recheck Cond: ((k >= 1500845) AND (k <= 1500945))
	  ->  Bitmap Index Scan on k_4  (cost=0.00..5.39 rows=96 width=0)
	        Index Cond: ((k >= 1500845) AND (k <= 1500945))

table 5 : explain SELECT k, c FROM sbtest5 WHERE k BETWEEN 1500845 AND 1500945
	Bitmap Heap Scan on sbtest5  (cost=5.58..448.79 rows=112 width=125)
	  Recheck Cond: ((k >= 1500845) AND (k <= 1500945))
	  ->  Bitmap Index Scan on k_5  (cost=0.00..5.55 rows=112 width=0)
	        Index Cond: ((k >= 1500845) AND (k <= 1500945))

table 6 : explain SELECT k, c FROM sbtest6 WHERE k BETWEEN 1500845 AND 1500945
	Bitmap Heap Scan on sbtest6  (cost=5.54..433.06 rows=108 width=125)
	  Recheck Cond: ((k >= 1500845) AND (k <= 1500945))
	  ->  Bitmap Index Scan on k_6  (cost=0.00..5.51 rows=108 width=0)
	        Index Cond: ((k >= 1500845) AND (k <= 1500945))

table 7 : explain SELECT k, c FROM sbtest7 WHERE k BETWEEN 1500845 AND 1500945
	Bitmap Heap Scan on sbtest7  (cost=5.59..452.76 rows=113 width=125)
	  Recheck Cond: ((k >= 1500845) AND (k <= 1500945))
	  ->  Bitmap Index Scan on k_7  (cost=0.00..5.56 rows=113 width=0)
	        Index Cond: ((k >= 1500845) AND (k <= 1500945))

table 8 : explain SELECT k, c FROM sbtest8 WHERE k BETWEEN 1500845 AND 1500945
	Bitmap Heap Scan on sbtest8  (cost=5.48..409.41 rows=102 width=125)
	  Recheck Cond: ((k >= 1500845) AND (k <= 1500945))
	  ->  Bitmap Index Scan on k_8  (cost=0.00..5.45 rows=102 width=0)
	        Index Cond: ((k >= 1500845) AND (k <= 1500945))

for range-notcovered
table 1 : explain SELECT k, c FROM sbtest1 WHERE k BETWEEN 1917812 AND 1917912
	Bitmap Heap Scan on sbtest1  (cost=5.51..421.14 rows=105 width=125)
	  Recheck Cond: ((k >= 1917812) AND (k <= 1917912))
	  ->  Bitmap Index Scan on k_1  (cost=0.00..5.48 rows=105 width=0)
	        Index Cond: ((k >= 1917812) AND (k <= 1917912))

table 2 : explain SELECT k, c FROM sbtest2 WHERE k BETWEEN 1917812 AND 1917912
	Bitmap Heap Scan on sbtest2  (cost=5.41..381.75 rows=95 width=125)
	  Recheck Cond: ((k >= 1917812) AND (k <= 1917912))
	  ->  Bitmap Index Scan on k_2  (cost=0.00..5.38 rows=95 width=0)
	        Index Cond: ((k >= 1917812) AND (k <= 1917912))

table 3 : explain SELECT k, c FROM sbtest3 WHERE k BETWEEN 1917812 AND 1917912
	Bitmap Heap Scan on sbtest3  (cost=5.42..385.70 rows=96 width=125)
	  Recheck Cond: ((k >= 1917812) AND (k <= 1917912))
	  ->  Bitmap Index Scan on k_3  (cost=0.00..5.39 rows=96 width=0)
	        Index Cond: ((k >= 1917812) AND (k <= 1917912))

table 4 : explain SELECT k, c FROM sbtest4 WHERE k BETWEEN 1917812 AND 1917912
	Bitmap Heap Scan on sbtest4  (cost=5.49..413.32 rows=103 width=125)
	  Recheck Cond: ((k >= 1917812) AND (k <= 1917912))
	  ->  Bitmap Index Scan on k_4  (cost=0.00..5.46 rows=103 width=0)
	        Index Cond: ((k >= 1917812) AND (k <= 1917912))

table 5 : explain SELECT k, c FROM sbtest5 WHERE k BETWEEN 1917812 AND 1917912
	Bitmap Heap Scan on sbtest5  (cost=5.44..393.61 rows=98 width=125)
	  Recheck Cond: ((k >= 1917812) AND (k <= 1917912))
	  ->  Bitmap Index Scan on k_5  (cost=0.00..5.42 rows=98 width=0)
	        Index Cond: ((k >= 1917812) AND (k <= 1917912))

table 6 : explain SELECT k, c FROM sbtest6 WHERE k BETWEEN 1917812 AND 1917912
	Bitmap Heap Scan on sbtest6  (cost=5.49..413.35 rows=103 width=125)
	  Recheck Cond: ((k >= 1917812) AND (k <= 1917912))
	  ->  Bitmap Index Scan on k_6  (cost=0.00..5.46 rows=103 width=0)
	        Index Cond: ((k >= 1917812) AND (k <= 1917912))

table 7 : explain SELECT k, c FROM sbtest7 WHERE k BETWEEN 1917812 AND 1917912
	Bitmap Heap Scan on sbtest7  (cost=5.50..417.29 rows=104 width=125)
	  Recheck Cond: ((k >= 1917812) AND (k <= 1917912))
	  ->  Bitmap Index Scan on k_7  (cost=0.00..5.47 rows=104 width=0)
	        Index Cond: ((k >= 1917812) AND (k <= 1917912))

table 8 : explain SELECT k, c FROM sbtest8 WHERE k BETWEEN 1917812 AND 1917912
	Bitmap Heap Scan on sbtest8  (cost=5.60..456.70 rows=114 width=125)
	  Recheck Cond: ((k >= 1917812) AND (k <= 1917912))
	  ->  Bitmap Index Scan on k_8  (cost=0.00..5.58 rows=114 width=0)
	        Index Cond: ((k >= 1917812) AND (k <= 1917912))

for range-notcovered
table 1 : explain SELECT k, c FROM sbtest1 WHERE k BETWEEN 4209613 AND 4209713
	Bitmap Heap Scan on sbtest1  (cost=5.46..401.43 rows=100 width=125)
	  Recheck Cond: ((k >= 4209613) AND (k <= 4209713))
	  ->  Bitmap Index Scan on k_1  (cost=0.00..5.43 rows=100 width=0)
	        Index Cond: ((k >= 4209613) AND (k <= 4209713))

table 2 : explain SELECT k, c FROM sbtest2 WHERE k BETWEEN 4209613 AND 4209713
	Bitmap Heap Scan on sbtest2  (cost=5.48..409.35 rows=102 width=125)
	  Recheck Cond: ((k >= 4209613) AND (k <= 4209713))
	  ->  Bitmap Index Scan on k_2  (cost=0.00..5.45 rows=102 width=0)
	        Index Cond: ((k >= 4209613) AND (k <= 4209713))

table 3 : explain SELECT k, c FROM sbtest3 WHERE k BETWEEN 4209613 AND 4209713
	Bitmap Heap Scan on sbtest3  (cost=5.40..377.81 rows=94 width=125)
	  Recheck Cond: ((k >= 4209613) AND (k <= 4209713))
	  ->  Bitmap Index Scan on k_3  (cost=0.00..5.38 rows=94 width=0)
	        Index Cond: ((k >= 4209613) AND (k <= 4209713))

table 4 : explain SELECT k, c FROM sbtest4 WHERE k BETWEEN 4209613 AND 4209713
	Bitmap Heap Scan on sbtest4  (cost=5.48..409.38 rows=102 width=125)
	  Recheck Cond: ((k >= 4209613) AND (k <= 4209713))
	  ->  Bitmap Index Scan on k_4  (cost=0.00..5.45 rows=102 width=0)
	        Index Cond: ((k >= 4209613) AND (k <= 4209713))

table 5 : explain SELECT k, c FROM sbtest5 WHERE k BETWEEN 4209613 AND 4209713
	Bitmap Heap Scan on sbtest5  (cost=5.42..385.72 rows=96 width=125)
	  Recheck Cond: ((k >= 4209613) AND (k <= 4209713))
	  ->  Bitmap Index Scan on k_5  (cost=0.00..5.39 rows=96 width=0)
	        Index Cond: ((k >= 4209613) AND (k <= 4209713))

table 6 : explain SELECT k, c FROM sbtest6 WHERE k BETWEEN 4209613 AND 4209713
	Bitmap Heap Scan on sbtest6  (cost=5.50..417.29 rows=104 width=125)
	  Recheck Cond: ((k >= 4209613) AND (k <= 4209713))
	  ->  Bitmap Index Scan on k_6  (cost=0.00..5.47 rows=104 width=0)
	        Index Cond: ((k >= 4209613) AND (k <= 4209713))

table 7 : explain SELECT k, c FROM sbtest7 WHERE k BETWEEN 4209613 AND 4209713
	Bitmap Heap Scan on sbtest7  (cost=5.46..401.52 rows=100 width=125)
	  Recheck Cond: ((k >= 4209613) AND (k <= 4209713))
	  ->  Bitmap Index Scan on k_7  (cost=0.00..5.43 rows=100 width=0)
	        Index Cond: ((k >= 4209613) AND (k <= 4209713))

table 8 : explain SELECT k, c FROM sbtest8 WHERE k BETWEEN 4209613 AND 4209713
	Bitmap Heap Scan on sbtest8  (cost=5.57..444.88 rows=111 width=125)
	  Recheck Cond: ((k >= 4209613) AND (k <= 4209713))
	  ->  Bitmap Index Scan on k_8  (cost=0.00..5.54 rows=111 width=0)
	        Index Cond: ((k >= 4209613) AND (k <= 4209713))

explain: for range-notcovered :: explain SELECT k, c FROM sbtest%d WHERE k BETWEEN 5198029 AND 5198129
for range-notcovered
table 1 : explain SELECT k, c FROM sbtest1 WHERE k BETWEEN 2814015 AND 2814115
	Bitmap Heap Scan on sbtest1  (cost=5.50..417.20 rows=104 width=125)
	  Recheck Cond: ((k >= 2814015) AND (k <= 2814115))
	  ->  Bitmap Index Scan on k_1  (cost=0.00..5.47 rows=104 width=0)
	        Index Cond: ((k >= 2814015) AND (k <= 2814115))

table 2 : explain SELECT k, c FROM sbtest2 WHERE k BETWEEN 2814015 AND 2814115
	Bitmap Heap Scan on sbtest2  (cost=5.47..405.41 rows=101 width=125)
	  Recheck Cond: ((k >= 2814015) AND (k <= 2814115))
	  ->  Bitmap Index Scan on k_2  (cost=0.00..5.44 rows=101 width=0)
	        Index Cond: ((k >= 2814015) AND (k <= 2814115))

table 3 : explain SELECT k, c FROM sbtest3 WHERE k BETWEEN 2814015 AND 2814115
	Bitmap Heap Scan on sbtest3  (cost=5.55..436.94 rows=109 width=125)
	  Recheck Cond: ((k >= 2814015) AND (k <= 2814115))
	  ->  Bitmap Index Scan on k_3  (cost=0.00..5.52 rows=109 width=0)
	        Index Cond: ((k >= 2814015) AND (k <= 2814115))

table 4 : explain SELECT k, c FROM sbtest4 WHERE k BETWEEN 2814015 AND 2814115
	Bitmap Heap Scan on sbtest4  (cost=5.50..417.27 rows=104 width=125)
	  Recheck Cond: ((k >= 2814015) AND (k <= 2814115))
	  ->  Bitmap Index Scan on k_4  (cost=0.00..5.47 rows=104 width=0)
	        Index Cond: ((k >= 2814015) AND (k <= 2814115))

table 5 : explain SELECT k, c FROM sbtest5 WHERE k BETWEEN 2814015 AND 2814115
	Bitmap Heap Scan on sbtest5  (cost=5.46..401.50 rows=100 width=125)
	  Recheck Cond: ((k >= 2814015) AND (k <= 2814115))
	  ->  Bitmap Index Scan on k_5  (cost=0.00..5.43 rows=100 width=0)
	        Index Cond: ((k >= 2814015) AND (k <= 2814115))

table 6 : explain SELECT k, c FROM sbtest6 WHERE k BETWEEN 2814015 AND 2814115
	Bitmap Heap Scan on sbtest6  (cost=5.36..362.07 rows=90 width=125)
	  Recheck Cond: ((k >= 2814015) AND (k <= 2814115))
	  ->  Bitmap Index Scan on k_6  (cost=0.00..5.33 rows=90 width=0)
	        Index Cond: ((k >= 2814015) AND (k <= 2814115))

table 7 : explain SELECT k, c FROM sbtest7 WHERE k BETWEEN 2814015 AND 2814115
	Bitmap Heap Scan on sbtest7  (cost=5.55..437.00 rows=109 width=125)
	  Recheck Cond: ((k >= 2814015) AND (k <= 2814115))
	  ->  Bitmap Index Scan on k_7  (cost=0.00..5.52 rows=109 width=0)
	        Index Cond: ((k >= 2814015) AND (k <= 2814115))

table 8 : explain SELECT k, c FROM sbtest8 WHERE k BETWEEN 2814015 AND 2814115
	Bitmap Heap Scan on sbtest8  (cost=5.46..401.52 rows=100 width=125)
	  Recheck Cond: ((k >= 2814015) AND (k <= 2814115))
	  ->  Bitmap Index Scan on k_8  (cost=0.00..5.43 rows=100 width=0)
	        Index Cond: ((k >= 2814015) AND (k <= 2814115))

explain: for range-notcovered :: explain SELECT k, c FROM sbtest%d WHERE k BETWEEN 1500845 AND 1500945
for range-notcovered
table 1 : explain SELECT k, c FROM sbtest1 WHERE k BETWEEN 4172560 AND 4172660
	Bitmap Heap Scan on sbtest1  (cost=5.46..401.43 rows=100 width=125)
	  Recheck Cond: ((k >= 4172560) AND (k <= 4172660))
	  ->  Bitmap Index Scan on k_1  (cost=0.00..5.43 rows=100 width=0)
	        Index Cond: ((k >= 4172560) AND (k <= 4172660))

table 2 : explain SELECT k, c FROM sbtest2 WHERE k BETWEEN 4172560 AND 4172660
	Bitmap Heap Scan on sbtest2  (cost=5.48..409.35 rows=102 width=125)
	  Recheck Cond: ((k >= 4172560) AND (k <= 4172660))
	  ->  Bitmap Index Scan on k_2  (cost=0.00..5.45 rows=102 width=0)
	        Index Cond: ((k >= 4172560) AND (k <= 4172660))

table 3 : explain SELECT k, c FROM sbtest3 WHERE k BETWEEN 4172560 AND 4172660
	Bitmap Heap Scan on sbtest3  (cost=5.53..429.06 rows=107 width=125)
	  Recheck Cond: ((k >= 4172560) AND (k <= 4172660))
	  ->  Bitmap Index Scan on k_3  (cost=0.00..5.50 rows=107 width=0)
	        Index Cond: ((k >= 4172560) AND (k <= 4172660))

table 4 : explain SELECT k, c FROM sbtest4 WHERE k BETWEEN 4172560 AND 4172660
	Bitmap Heap Scan on sbtest4  (cost=5.48..409.38 rows=102 width=125)
	  Recheck Cond: ((k >= 4172560) AND (k <= 4172660))
	  ->  Bitmap Index Scan on k_4  (cost=0.00..5.45 rows=102 width=0)
	        Index Cond: ((k >= 4172560) AND (k <= 4172660))

table 5 : explain SELECT k, c FROM sbtest5 WHERE k BETWEEN 4172560 AND 4172660
	Bitmap Heap Scan on sbtest5  (cost=5.42..385.72 rows=96 width=125)
	  Recheck Cond: ((k >= 4172560) AND (k <= 4172660))
	  ->  Bitmap Index Scan on k_5  (cost=0.00..5.39 rows=96 width=0)
	        Index Cond: ((k >= 4172560) AND (k <= 4172660))

table 6 : explain SELECT k, c FROM sbtest6 WHERE k BETWEEN 4172560 AND 4172660
	Bitmap Heap Scan on sbtest6  (cost=5.44..393.63 rows=98 width=125)
	  Recheck Cond: ((k >= 4172560) AND (k <= 4172660))
	  ->  Bitmap Index Scan on k_6  (cost=0.00..5.42 rows=98 width=0)
	        Index Cond: ((k >= 4172560) AND (k <= 4172660))

table 7 : explain SELECT k, c FROM sbtest7 WHERE k BETWEEN 4172560 AND 4172660
	Bitmap Heap Scan on sbtest7  (cost=5.52..425.18 rows=106 width=125)
	  Recheck Cond: ((k >= 4172560) AND (k <= 4172660))
	  ->  Bitmap Index Scan on k_7  (cost=0.00..5.50 rows=106 width=0)
	        Index Cond: ((k >= 4172560) AND (k <= 4172660))

table 8 : explain SELECT k, c FROM sbtest8 WHERE k BETWEEN 4172560 AND 4172660
	Bitmap Heap Scan on sbtest8  (cost=5.43..389.69 rows=97 width=125)
	  Recheck Cond: ((k >= 4172560) AND (k <= 4172660))
	  ->  Bitmap Index Scan on k_8  (cost=0.00..5.40 rows=97 width=0)
	        Index Cond: ((k >= 4172560) AND (k <= 4172660))

explain: for range-notcovered :: explain SELECT k, c FROM sbtest%d WHERE k BETWEEN 7843619 AND 7843719
for range-notcovered
table 1 : explain SELECT k, c FROM sbtest1 WHERE k BETWEEN 5662288 AND 5662388
	Bitmap Heap Scan on sbtest1  (cost=5.42..385.66 rows=96 width=125)
	  Recheck Cond: ((k >= 5662288) AND (k <= 5662388))
	  ->  Bitmap Index Scan on k_1  (cost=0.00..5.39 rows=96 width=0)
	        Index Cond: ((k >= 5662288) AND (k <= 5662388))

table 2 : explain SELECT k, c FROM sbtest2 WHERE k BETWEEN 5662288 AND 5662388
	Bitmap Heap Scan on sbtest2  (cost=5.40..377.80 rows=94 width=125)
	  Recheck Cond: ((k >= 5662288) AND (k <= 5662388))
	  ->  Bitmap Index Scan on k_2  (cost=0.00..5.38 rows=94 width=0)
	        Index Cond: ((k >= 5662288) AND (k <= 5662388))

table 3 : explain SELECT k, c FROM sbtest3 WHERE k BETWEEN 5662288 AND 5662388
	Bitmap Heap Scan on sbtest3  (cost=5.53..429.06 rows=107 width=125)
	  Recheck Cond: ((k >= 5662288) AND (k <= 5662388))
	  ->  Bitmap Index Scan on k_3  (cost=0.00..5.50 rows=107 width=0)
	        Index Cond: ((k >= 5662288) AND (k <= 5662388))

table 4 : explain SELECT k, c FROM sbtest4 WHERE k BETWEEN 5662288 AND 5662388
	Bitmap Heap Scan on sbtest4  (cost=5.55..436.97 rows=109 width=125)
	  Recheck Cond: ((k >= 5662288) AND (k <= 5662388))
	  ->  Bitmap Index Scan on k_4  (cost=0.00..5.52 rows=109 width=0)
	        Index Cond: ((k >= 5662288) AND (k <= 5662388))

table 5 : explain SELECT k, c FROM sbtest5 WHERE k BETWEEN 5662288 AND 5662388
	Bitmap Heap Scan on sbtest5  (cost=5.35..358.10 rows=89 width=125)
	  Recheck Cond: ((k >= 5662288) AND (k <= 5662388))
	  ->  Bitmap Index Scan on k_5  (cost=0.00..5.32 rows=89 width=0)
	        Index Cond: ((k >= 5662288) AND (k <= 5662388))

table 6 : explain SELECT k, c FROM sbtest6 WHERE k BETWEEN 5662288 AND 5662388
	Bitmap Heap Scan on sbtest6  (cost=5.41..381.80 rows=95 width=125)
	  Recheck Cond: ((k >= 5662288) AND (k <= 5662388))
	  ->  Bitmap Index Scan on k_6  (cost=0.00..5.38 rows=95 width=0)
	        Index Cond: ((k >= 5662288) AND (k <= 5662388))

table 7 : explain SELECT k, c FROM sbtest7 WHERE k BETWEEN 5662288 AND 5662388
	Bitmap Heap Scan on sbtest7  (cost=5.54..433.06 rows=108 width=125)
	  Recheck Cond: ((k >= 5662288) AND (k <= 5662388))
	  ->  Bitmap Index Scan on k_7  (cost=0.00..5.51 rows=108 width=0)
	        Index Cond: ((k >= 5662288) AND (k <= 5662388))

table 8 : explain SELECT k, c FROM sbtest8 WHERE k BETWEEN 5662288 AND 5662388
	Bitmap Heap Scan on sbtest8  (cost=5.46..401.52 rows=100 width=125)
	  Recheck Cond: ((k >= 5662288) AND (k <= 5662388))
	  ->  Bitmap Index Scan on k_8  (cost=0.00..5.43 rows=100 width=0)
	        Index Cond: ((k >= 5662288) AND (k <= 5662388))
for range-notcovered
table 1 : explain SELECT k, c FROM sbtest1 WHERE k BETWEEN 4989850 AND 4989950
	Bitmap Heap Scan on sbtest1  (cost=5.57..444.78 rows=111 width=125)
	  Recheck Cond: ((k >= 4989850) AND (k <= 4989950))
	  ->  Bitmap Index Scan on k_1  (cost=0.00..5.54 rows=111 width=0)
	        Index Cond: ((k >= 4989850) AND (k <= 4989950))

table 2 : explain SELECT k, c FROM sbtest2 WHERE k BETWEEN 4989850 AND 4989950
	Bitmap Heap Scan on sbtest2  (cost=5.49..413.29 rows=103 width=125)
	  Recheck Cond: ((k >= 4989850) AND (k <= 4989950))
	  ->  Bitmap Index Scan on k_2  (cost=0.00..5.46 rows=103 width=0)
	        Index Cond: ((k >= 4989850) AND (k <= 4989950))

table 3 : explain SELECT k, c FROM sbtest3 WHERE k BETWEEN 4989850 AND 4989950
	Bitmap Heap Scan on sbtest3  (cost=5.51..421.18 rows=105 width=125)
	  Recheck Cond: ((k >= 4989850) AND (k <= 4989950))
	  ->  Bitmap Index Scan on k_3  (cost=0.00..5.48 rows=105 width=0)
	        Index Cond: ((k >= 4989850) AND (k <= 4989950))

table 4 : explain SELECT k, c FROM sbtest4 WHERE k BETWEEN 4989850 AND 4989950
	Bitmap Heap Scan on sbtest4  (cost=5.43..389.66 rows=97 width=125)
	  Recheck Cond: ((k >= 4989850) AND (k <= 4989950))
	  ->  Bitmap Index Scan on k_4  (cost=0.00..5.40 rows=97 width=0)
	        Index Cond: ((k >= 4989850) AND (k <= 4989950))

table 5 : explain SELECT k, c FROM sbtest5 WHERE k BETWEEN 4989850 AND 4989950
	Bitmap Heap Scan on sbtest5  (cost=5.54..433.03 rows=108 width=125)
	  Recheck Cond: ((k >= 4989850) AND (k <= 4989950))
	  ->  Bitmap Index Scan on k_5  (cost=0.00..5.51 rows=108 width=0)
	        Index Cond: ((k >= 4989850) AND (k <= 4989950))

table 6 : explain SELECT k, c FROM sbtest6 WHERE k BETWEEN 4989850 AND 4989950
	Bitmap Heap Scan on sbtest6  (cost=5.45..397.58 rows=99 width=125)
	  Recheck Cond: ((k >= 4989850) AND (k <= 4989950))
	  ->  Bitmap Index Scan on k_6  (cost=0.00..5.42 rows=99 width=0)
	        Index Cond: ((k >= 4989850) AND (k <= 4989950))

table 7 : explain SELECT k, c FROM sbtest7 WHERE k BETWEEN 4989850 AND 4989950
	Bitmap Heap Scan on sbtest7  (cost=5.48..409.41 rows=102 width=125)
	  Recheck Cond: ((k >= 4989850) AND (k <= 4989950))
	  ->  Bitmap Index Scan on k_7  (cost=0.00..5.45 rows=102 width=0)
	        Index Cond: ((k >= 4989850) AND (k <= 4989950))

table 8 : explain SELECT k, c FROM sbtest8 WHERE k BETWEEN 4989850 AND 4989950
	Bitmap Heap Scan on sbtest8  (cost=5.42..385.74 rows=96 width=125)
	  Recheck Cond: ((k >= 4989850) AND (k <= 4989950))
	  ->  Bitmap Index Scan on k_8  (cost=0.00..5.39 rows=96 width=0)
	        Index Cond: ((k >= 4989850) AND (k <= 4989950))

explain: for range-notcovered :: explain SELECT k, c FROM sbtest%d WHERE k BETWEEN 2814015 AND 2814115
explain: for range-notcovered :: explain SELECT k, c FROM sbtest%d WHERE k BETWEEN 4209613 AND 4209713for range-notcovered
table 1 : explain SELECT k, c FROM sbtest1 WHERE k BETWEEN 5389193 AND 5389293
	Bitmap Heap Scan on sbtest1  (cost=5.58..448.71 rows=112 width=125)
	  Recheck Cond: ((k >= 5389193) AND (k <= 5389293))
	  ->  Bitmap Index Scan on k_1  (cost=0.00..5.55 rows=112 width=0)
	        Index Cond: ((k >= 5389193) AND (k <= 5389293))

table 2 : explain SELECT k, c FROM sbtest2 WHERE k BETWEEN 5389193 AND 5389293
	Bitmap Heap Scan on sbtest2  (cost=5.46..401.47 rows=100 width=125)
	  Recheck Cond: ((k >= 5389193) AND (k <= 5389293))
	  ->  Bitmap Index Scan on k_2  (cost=0.00..5.43 rows=100 width=0)
	        Index Cond: ((k >= 5389193) AND (k <= 5389293))

table 3 : explain SELECT k, c FROM sbtest3 WHERE k BETWEEN 5389193 AND 5389293
	Bitmap Heap Scan on sbtest3  (cost=5.41..381.75 rows=95 width=125)
	  Recheck Cond: ((k >= 5389193) AND (k <= 5389293))
	  ->  Bitmap Index Scan on k_3  (cost=0.00..5.38 rows=95 width=0)
	        Index Cond: ((k >= 5389193) AND (k <= 5389293))

table 4 : explain SELECT k, c FROM sbtest4 WHERE k BETWEEN 5389193 AND 5389293
	Bitmap Heap Scan on sbtest4  (cost=5.43..389.66 rows=97 width=125)
	  Recheck Cond: ((k >= 5389193) AND (k <= 5389293))
	  ->  Bitmap Index Scan on k_4  (cost=0.00..5.40 rows=97 width=0)
	        Index Cond: ((k >= 5389193) AND (k <= 5389293))

table 5 : explain SELECT k, c FROM sbtest5 WHERE k BETWEEN 5389193 AND 5389293
	Bitmap Heap Scan on sbtest5  (cost=5.47..405.44 rows=101 width=125)
	  Recheck Cond: ((k >= 5389193) AND (k <= 5389293))
	  ->  Bitmap Index Scan on k_5  (cost=0.00..5.44 rows=101 width=0)
	        Index Cond: ((k >= 5389193) AND (k <= 5389293))

table 6 : explain SELECT k, c FROM sbtest6 WHERE k BETWEEN 5389193 AND 5389293
	Bitmap Heap Scan on sbtest6  (cost=5.54..433.06 rows=108 width=125)
	  Recheck Cond: ((k >= 5389193) AND (k <= 5389293))
	  ->  Bitmap Index Scan on k_6  (cost=0.00..5.51 rows=108 width=0)
	        Index Cond: ((k >= 5389193) AND (k <= 5389293))

table 7 : explain SELECT k, c FROM sbtest7 WHERE k BETWEEN 5389193 AND 5389293
	Bitmap Heap Scan on sbtest7  (cost=5.56..440.94 rows=110 width=125)
	  Recheck Cond: ((k >= 5389193) AND (k <= 5389293))
	  ->  Bitmap Index Scan on k_7  (cost=0.00..5.53 rows=110 width=0)
	        Index Cond: ((k >= 5389193) AND (k <= 5389293))

table 8 : explain SELECT k, c FROM sbtest8 WHERE k BETWEEN 5389193 AND 5389293
	Bitmap Heap Scan on sbtest8  (cost=5.42..385.74 rows=96 width=125)
	  Recheck Cond: ((k >= 5389193) AND (k <= 5389293))
	  ->  Bitmap Index Scan on k_8  (cost=0.00..5.39 rows=96 width=0)
	        Index Cond: ((k >= 5389193) AND (k <= 5389293))

for range-notcovered
table 1 : explain SELECT k, c FROM sbtest1 WHERE k BETWEEN 4221738 AND 4221838
	Bitmap Heap Scan on sbtest1  (cost=5.46..401.43 rows=100 width=125)
	  Recheck Cond: ((k >= 4221738) AND (k <= 4221838))
	  ->  Bitmap Index Scan on k_1  (cost=0.00..5.43 rows=100 width=0)
	        Index Cond: ((k >= 4221738) AND (k <= 4221838))

table 2 : explain SELECT k, c FROM sbtest2 WHERE k BETWEEN 4221738 AND 4221838
	Bitmap Heap Scan on sbtest2  (cost=5.48..409.35 rows=102 width=125)
	  Recheck Cond: ((k >= 4221738) AND (k <= 4221838))
	  ->  Bitmap Index Scan on k_2  (cost=0.00..5.45 rows=102 width=0)
	        Index Cond: ((k >= 4221738) AND (k <= 4221838))

table 3 : explain SELECT k, c FROM sbtest3 WHERE k BETWEEN 4221738 AND 4221838
	Bitmap Heap Scan on sbtest3  (cost=5.40..377.81 rows=94 width=125)
	  Recheck Cond: ((k >= 4221738) AND (k <= 4221838))
	  ->  Bitmap Index Scan on k_3  (cost=0.00..5.38 rows=94 width=0)
	        Index Cond: ((k >= 4221738) AND (k <= 4221838))

table 4 : explain SELECT k, c FROM sbtest4 WHERE k BETWEEN 4221738 AND 4221838
	Bitmap Heap Scan on sbtest4  (cost=5.48..409.38 rows=102 width=125)
	  Recheck Cond: ((k >= 4221738) AND (k <= 4221838))
	  ->  Bitmap Index Scan on k_4  (cost=0.00..5.45 rows=102 width=0)
	        Index Cond: ((k >= 4221738) AND (k <= 4221838))

table 5 : explain SELECT k, c FROM sbtest5 WHERE k BETWEEN 4221738 AND 4221838
	Bitmap Heap Scan on sbtest5  (cost=5.42..385.72 rows=96 width=125)
	  Recheck Cond: ((k >= 4221738) AND (k <= 4221838))
	  ->  Bitmap Index Scan on k_5  (cost=0.00..5.39 rows=96 width=0)
	        Index Cond: ((k >= 4221738) AND (k <= 4221838))

table 6 : explain SELECT k, c FROM sbtest6 WHERE k BETWEEN 4221738 AND 4221838
	Bitmap Heap Scan on sbtest6  (cost=5.50..417.29 rows=104 width=125)
	  Recheck Cond: ((k >= 4221738) AND (k <= 4221838))
	  ->  Bitmap Index Scan on k_6  (cost=0.00..5.47 rows=104 width=0)
	        Index Cond: ((k >= 4221738) AND (k <= 4221838))

table 7 : explain SELECT k, c FROM sbtest7 WHERE k BETWEEN 4221738 AND 4221838
	Bitmap Heap Scan on sbtest7  (cost=5.46..401.52 rows=100 width=125)
	  Recheck Cond: ((k >= 4221738) AND (k <= 4221838))
	  ->  Bitmap Index Scan on k_7  (cost=0.00..5.43 rows=100 width=0)
	        Index Cond: ((k >= 4221738) AND (k <= 4221838))

table 8 : explain SELECT k, c FROM sbtest8 WHERE k BETWEEN 4221738 AND 4221838
	Bitmap Heap Scan on sbtest8  (cost=5.57..444.88 rows=111 width=125)
	  Recheck Cond: ((k >= 4221738) AND (k <= 4221838))
	  ->  Bitmap Index Scan on k_8  (cost=0.00..5.54 rows=111 width=0)
	        Index Cond: ((k >= 4221738) AND (k <= 4221838))
for range-notcovered
table 1 : explain SELECT k, c FROM sbtest1 WHERE k BETWEEN 4904265 AND 4904365
	Bitmap Heap Scan on sbtest1  (cost=5.43..389.61 rows=97 width=125)
	  Recheck Cond: ((k >= 4904265) AND (k <= 4904365))
	  ->  Bitmap Index Scan on k_1  (cost=0.00..5.40 rows=97 width=0)
	        Index Cond: ((k >= 4904265) AND (k <= 4904365))

table 2 : explain SELECT k, c FROM sbtest2 WHERE k BETWEEN 4904265 AND 4904365
	Bitmap Heap Scan on sbtest2  (cost=5.49..413.29 rows=103 width=125)
	  Recheck Cond: ((k >= 4904265) AND (k <= 4904365))
	  ->  Bitmap Index Scan on k_2  (cost=0.00..5.46 rows=103 width=0)
	        Index Cond: ((k >= 4904265) AND (k <= 4904365))

table 3 : explain SELECT k, c FROM sbtest3 WHERE k BETWEEN 4904265 AND 4904365
	Bitmap Heap Scan on sbtest3  (cost=5.51..421.18 rows=105 width=125)
	  Recheck Cond: ((k >= 4904265) AND (k <= 4904365))
	  ->  Bitmap Index Scan on k_3  (cost=0.00..5.48 rows=105 width=0)
	        Index Cond: ((k >= 4904265) AND (k <= 4904365))

table 4 : explain SELECT k, c FROM sbtest4 WHERE k BETWEEN 4904265 AND 4904365
	Bitmap Heap Scan on sbtest4  (cost=5.45..397.55 rows=99 width=125)
	  Recheck Cond: ((k >= 4904265) AND (k <= 4904365))
	  ->  Bitmap Index Scan on k_4  (cost=0.00..5.42 rows=99 width=0)
	        Index Cond: ((k >= 4904265) AND (k <= 4904365))

table 5 : explain SELECT k, c FROM sbtest5 WHERE k BETWEEN 4904265 AND 4904365
	Bitmap Heap Scan on sbtest5  (cost=5.51..421.21 rows=105 width=125)
	  Recheck Cond: ((k >= 4904265) AND (k <= 4904365))
	  ->  Bitmap Index Scan on k_5  (cost=0.00..5.48 rows=105 width=0)
	        Index Cond: ((k >= 4904265) AND (k <= 4904365))

table 6 : explain SELECT k, c FROM sbtest6 WHERE k BETWEEN 4904265 AND 4904365
	Bitmap Heap Scan on sbtest6  (cost=5.47..405.47 rows=101 width=125)
	  Recheck Cond: ((k >= 4904265) AND (k <= 4904365))
	  ->  Bitmap Index Scan on k_6  (cost=0.00..5.44 rows=101 width=0)
	        Index Cond: ((k >= 4904265) AND (k <= 4904365))

table 7 : explain SELECT k, c FROM sbtest7 WHERE k BETWEEN 4904265 AND 4904365
	Bitmap Heap Scan on sbtest7  (cost=5.48..409.41 rows=102 width=125)
	  Recheck Cond: ((k >= 4904265) AND (k <= 4904365))
	  ->  Bitmap Index Scan on k_7  (cost=0.00..5.45 rows=102 width=0)
	        Index Cond: ((k >= 4904265) AND (k <= 4904365))

table 8 : explain SELECT k, c FROM sbtest8 WHERE k BETWEEN 4904265 AND 4904365
	Bitmap Heap Scan on sbtest8  (cost=5.46..401.52 rows=100 width=125)
	  Recheck Cond: ((k >= 4904265) AND (k <= 4904365))
	  ->  Bitmap Index Scan on k_8  (cost=0.00..5.43 rows=100 width=0)
	        Index Cond: ((k >= 4904265) AND (k <= 4904365))
for range-notcovered
table 1 : explain SELECT k, c FROM sbtest1 WHERE k BETWEEN 6349144 AND 6349244
	Bitmap Heap Scan on sbtest1  (cost=5.50..417.20 rows=104 width=125)
	  Recheck Cond: ((k >= 6349144) AND (k <= 6349244))
	  ->  Bitmap Index Scan on k_1  (cost=0.00..5.47 rows=104 width=0)
	        Index Cond: ((k >= 6349144) AND (k <= 6349244))

table 2 : explain SELECT k, c FROM sbtest2 WHERE k BETWEEN 6349144 AND 6349244
	Bitmap Heap Scan on sbtest2  (cost=5.38..369.91 rows=92 width=125)
	  Recheck Cond: ((k >= 6349144) AND (k <= 6349244))
	  ->  Bitmap Index Scan on k_2  (cost=0.00..5.35 rows=92 width=0)
	        Index Cond: ((k >= 6349144) AND (k <= 6349244))

table 3 : explain SELECT k, c FROM sbtest3 WHERE k BETWEEN 6349144 AND 6349244
	Bitmap Heap Scan on sbtest3  (cost=5.48..409.36 rows=102 width=125)
	  Recheck Cond: ((k >= 6349144) AND (k <= 6349244))
	  ->  Bitmap Index Scan on k_3  (cost=0.00..5.45 rows=102 width=0)
	        Index Cond: ((k >= 6349144) AND (k <= 6349244))

table 4 : explain SELECT k, c FROM sbtest4 WHERE k BETWEEN 6349144 AND 6349244
	Bitmap Heap Scan on sbtest4  (cost=5.41..381.77 rows=95 width=125)
	  Recheck Cond: ((k >= 6349144) AND (k <= 6349244))
	  ->  Bitmap Index Scan on k_4  (cost=0.00..5.38 rows=95 width=0)
	        Index Cond: ((k >= 6349144) AND (k <= 6349244))

table 5 : explain SELECT k, c FROM sbtest5 WHERE k BETWEEN 6349144 AND 6349244
	Bitmap Heap Scan on sbtest5  (cost=5.43..389.67 rows=97 width=125)
	  Recheck Cond: ((k >= 6349144) AND (k <= 6349244))
	  ->  Bitmap Index Scan on k_5  (cost=0.00..5.40 rows=97 width=0)
	        Index Cond: ((k >= 6349144) AND (k <= 6349244))

table 6 : explain SELECT k, c FROM sbtest6 WHERE k BETWEEN 6349144 AND 6349244
	Bitmap Heap Scan on sbtest6  (cost=5.47..405.47 rows=101 width=125)
	  Recheck Cond: ((k >= 6349144) AND (k <= 6349244))
	  ->  Bitmap Index Scan on k_6  (cost=0.00..5.44 rows=101 width=0)
	        Index Cond: ((k >= 6349144) AND (k <= 6349244))

table 7 : explain SELECT k, c FROM sbtest7 WHERE k BETWEEN 6349144 AND 6349244
	Bitmap Heap Scan on sbtest7  (cost=5.60..456.69 rows=114 width=125)
	  Recheck Cond: ((k >= 6349144) AND (k <= 6349244))
	  ->  Bitmap Index Scan on k_7  (cost=0.00..5.58 rows=114 width=0)
	        Index Cond: ((k >= 6349144) AND (k <= 6349244))

table 8 : explain SELECT k, c FROM sbtest8 WHERE k BETWEEN 6349144 AND 6349244
	Bitmap Heap Scan on sbtest8  (cost=5.47..405.47 rows=101 width=125)
	  Recheck Cond: ((k >= 6349144) AND (k <= 6349244))
	  ->  Bitmap Index Scan on k_8  (cost=0.00..5.44 rows=101 width=0)
	        Index Cond: ((k >= 6349144) AND (k <= 6349244))
for range-notcovered
table 1 : explain SELECT k, c FROM sbtest1 WHERE k BETWEEN 8370214 AND 8370314
	Bitmap Heap Scan on sbtest1  (cost=5.51..421.14 rows=105 width=125)
	  Recheck Cond: ((k >= 8370214) AND (k <= 8370314))
	  ->  Bitmap Index Scan on k_1  (cost=0.00..5.48 rows=105 width=0)
	        Index Cond: ((k >= 8370214) AND (k <= 8370314))

table 2 : explain SELECT k, c FROM sbtest2 WHERE k BETWEEN 8370214 AND 8370314
	Bitmap Heap Scan on sbtest2  (cost=5.50..417.23 rows=104 width=125)
	  Recheck Cond: ((k >= 8370214) AND (k <= 8370314))
	  ->  Bitmap Index Scan on k_2  (cost=0.00..5.47 rows=104 width=0)
	        Index Cond: ((k >= 8370214) AND (k <= 8370314))

table 3 : explain SELECT k, c FROM sbtest3 WHERE k BETWEEN 8370214 AND 8370314
	Bitmap Heap Scan on sbtest3  (cost=5.44..393.58 rows=98 width=125)
	  Recheck Cond: ((k >= 8370214) AND (k <= 8370314))
	  ->  Bitmap Index Scan on k_3  (cost=0.00..5.42 rows=98 width=0)
	        Index Cond: ((k >= 8370214) AND (k <= 8370314))

table 4 : explain SELECT k, c FROM sbtest4 WHERE k BETWEEN 8370214 AND 8370314
	Bitmap Heap Scan on sbtest4  (cost=5.44..393.61 rows=98 width=125)
	  Recheck Cond: ((k >= 8370214) AND (k <= 8370314))
	  ->  Bitmap Index Scan on k_4  (cost=0.00..5.42 rows=98 width=0)
	        Index Cond: ((k >= 8370214) AND (k <= 8370314))

table 5 : explain SELECT k, c FROM sbtest5 WHERE k BETWEEN 8370214 AND 8370314
	Bitmap Heap Scan on sbtest5  (cost=5.46..401.50 rows=100 width=125)
	  Recheck Cond: ((k >= 8370214) AND (k <= 8370314))
	  ->  Bitmap Index Scan on k_5  (cost=0.00..5.43 rows=100 width=0)
	        Index Cond: ((k >= 8370214) AND (k <= 8370314))

table 6 : explain SELECT k, c FROM sbtest6 WHERE k BETWEEN 8370214 AND 8370314
	Bitmap Heap Scan on sbtest6  (cost=5.51..421.24 rows=105 width=125)
	  Recheck Cond: ((k >= 8370214) AND (k <= 8370314))
	  ->  Bitmap Index Scan on k_6  (cost=0.00..5.48 rows=105 width=0)
	        Index Cond: ((k >= 8370214) AND (k <= 8370314))

table 7 : explain SELECT k, c FROM sbtest7 WHERE k BETWEEN 8370214 AND 8370314
	Bitmap Heap Scan on sbtest7  (cost=5.46..401.52 rows=100 width=125)
	  Recheck Cond: ((k >= 8370214) AND (k <= 8370314))
	  ->  Bitmap Index Scan on k_7  (cost=0.00..5.43 rows=100 width=0)
	        Index Cond: ((k >= 8370214) AND (k <= 8370314))

table 8 : explain SELECT k, c FROM sbtest8 WHERE k BETWEEN 8370214 AND 8370314
	Bitmap Heap Scan on sbtest8  (cost=5.58..448.82 rows=112 width=125)
	  Recheck Cond: ((k >= 8370214) AND (k <= 8370314))
	  ->  Bitmap Index Scan on k_8  (cost=0.00..5.55 rows=112 width=0)
	        Index Cond: ((k >= 8370214) AND (k <= 8370314))


explain: for range-notcovered :: explain SELECT k, c FROM sbtest%d WHERE k BETWEEN 6393573 AND 6393673
explain: for range-notcovered :: explain SELECT k, c FROM sbtest%d WHERE k BETWEEN 5389193 AND 5389293

for range-notcovered
table 1 : explain SELECT k, c FROM sbtest1 WHERE k BETWEEN 2786643 AND 2786743
	Bitmap Heap Scan on sbtest1  (cost=5.50..417.20 rows=104 width=125)
	  Recheck Cond: ((k >= 2786643) AND (k <= 2786743))
	  ->  Bitmap Index Scan on k_1  (cost=0.00..5.47 rows=104 width=0)
	        Index Cond: ((k >= 2786643) AND (k <= 2786743))

table 2 : explain SELECT k, c FROM sbtest2 WHERE k BETWEEN 2786643 AND 2786743
	Bitmap Heap Scan on sbtest2  (cost=5.47..405.41 rows=101 width=125)
	  Recheck Cond: ((k >= 2786643) AND (k <= 2786743))
	  ->  Bitmap Index Scan on k_2  (cost=0.00..5.44 rows=101 width=0)
	        Index Cond: ((k >= 2786643) AND (k <= 2786743))

table 3 : explain SELECT k, c FROM sbtest3 WHERE k BETWEEN 2786643 AND 2786743
	Bitmap Heap Scan on sbtest3  (cost=5.48..409.36 rows=102 width=125)
	  Recheck Cond: ((k >= 2786643) AND (k <= 2786743))
	  ->  Bitmap Index Scan on k_3  (cost=0.00..5.45 rows=102 width=0)
	        Index Cond: ((k >= 2786643) AND (k <= 2786743))

table 4 : explain SELECT k, c FROM sbtest4 WHERE k BETWEEN 2786643 AND 2786743
	Bitmap Heap Scan on sbtest4  (cost=5.48..409.38 rows=102 width=125)
	  Recheck Cond: ((k >= 2786643) AND (k <= 2786743))
	  ->  Bitmap Index Scan on k_4  (cost=0.00..5.45 rows=102 width=0)
	        Index Cond: ((k >= 2786643) AND (k <= 2786743))

table 5 : explain SELECT k, c FROM sbtest5 WHERE k BETWEEN 2786643 AND 2786743
	Bitmap Heap Scan on sbtest5  (cost=5.46..401.50 rows=100 width=125)
	  Recheck Cond: ((k >= 2786643) AND (k <= 2786743))
	  ->  Bitmap Index Scan on k_5  (cost=0.00..5.43 rows=100 width=0)
	        Index Cond: ((k >= 2786643) AND (k <= 2786743))

table 6 : explain SELECT k, c FROM sbtest6 WHERE k BETWEEN 2786643 AND 2786743
	Bitmap Heap Scan on sbtest6  (cost=5.36..362.07 rows=90 width=125)
	  Recheck Cond: ((k >= 2786643) AND (k <= 2786743))
	  ->  Bitmap Index Scan on k_6  (cost=0.00..5.33 rows=90 width=0)
	        Index Cond: ((k >= 2786643) AND (k <= 2786743))

table 7 : explain SELECT k, c FROM sbtest7 WHERE k BETWEEN 2786643 AND 2786743
	Bitmap Heap Scan on sbtest7  (cost=5.41..381.80 rows=95 width=125)
	  Recheck Cond: ((k >= 2786643) AND (k <= 2786743))
	  ->  Bitmap Index Scan on k_7  (cost=0.00..5.38 rows=95 width=0)
	        Index Cond: ((k >= 2786643) AND (k <= 2786743))

table 8 : explain SELECT k, c FROM sbtest8 WHERE k BETWEEN 2786643 AND 2786743
	Bitmap Heap Scan on sbtest8  (cost=5.46..401.52 rows=100 width=125)
	  Recheck Cond: ((k >= 2786643) AND (k <= 2786743))
	  ->  Bitmap Index Scan on k_8  (cost=0.00..5.43 rows=100 width=0)
	        Index Cond: ((k >= 2786643) AND (k <= 2786743))

for range-notcovered
table 1 : explain SELECT k, c FROM sbtest1 WHERE k BETWEEN 2665046 AND 2665146
	Bitmap Heap Scan on sbtest1  (cost=5.55..436.90 rows=109 width=125)
	  Recheck Cond: ((k >= 2665046) AND (k <= 2665146))
	  ->  Bitmap Index Scan on k_1  (cost=0.00..5.52 rows=109 width=0)
	        Index Cond: ((k >= 2665046) AND (k <= 2665146))

table 2 : explain SELECT k, c FROM sbtest2 WHERE k BETWEEN 2665046 AND 2665146
	Bitmap Heap Scan on sbtest2  (cost=5.35..358.07 rows=89 width=125)
	  Recheck Cond: ((k >= 2665046) AND (k <= 2665146))
	  ->  Bitmap Index Scan on k_2  (cost=0.00..5.32 rows=89 width=0)
	        Index Cond: ((k >= 2665046) AND (k <= 2665146))

table 3 : explain SELECT k, c FROM sbtest3 WHERE k BETWEEN 2665046 AND 2665146
	Bitmap Heap Scan on sbtest3  (cost=5.44..393.58 rows=98 width=125)
	  Recheck Cond: ((k >= 2665046) AND (k <= 2665146))
	  ->  Bitmap Index Scan on k_3  (cost=0.00..5.42 rows=98 width=0)
	        Index Cond: ((k >= 2665046) AND (k <= 2665146))

table 4 : explain SELECT k, c FROM sbtest4 WHERE k BETWEEN 2665046 AND 2665146
	Bitmap Heap Scan on sbtest4  (cost=5.60..456.66 rows=114 width=125)
	  Recheck Cond: ((k >= 2665046) AND (k <= 2665146))
	  ->  Bitmap Index Scan on k_4  (cost=0.00..5.58 rows=114 width=0)
	        Index Cond: ((k >= 2665046) AND (k <= 2665146))

table 5 : explain SELECT k, c FROM sbtest5 WHERE k BETWEEN 2665046 AND 2665146
	Bitmap Heap Scan on sbtest5  (cost=5.52..425.15 rows=106 width=125)
	  Recheck Cond: ((k >= 2665046) AND (k <= 2665146))
	  ->  Bitmap Index Scan on k_5  (cost=0.00..5.50 rows=106 width=0)
	        Index Cond: ((k >= 2665046) AND (k <= 2665146))

table 6 : explain SELECT k, c FROM sbtest6 WHERE k BETWEEN 2665046 AND 2665146
	Bitmap Heap Scan on sbtest6  (cost=5.51..421.24 rows=105 width=125)
	  Recheck Cond: ((k >= 2665046) AND (k <= 2665146))
	  ->  Bitmap Index Scan on k_6  (cost=0.00..5.48 rows=105 width=0)
	        Index Cond: ((k >= 2665046) AND (k <= 2665146))

table 7 : explain SELECT k, c FROM sbtest7 WHERE k BETWEEN 2665046 AND 2665146
	Bitmap Heap Scan on sbtest7  (cost=5.49..413.35 rows=103 width=125)
	  Recheck Cond: ((k >= 2665046) AND (k <= 2665146))
	  ->  Bitmap Index Scan on k_7  (cost=0.00..5.46 rows=103 width=0)
	        Index Cond: ((k >= 2665046) AND (k <= 2665146))

table 8 : explain SELECT k, c FROM sbtest8 WHERE k BETWEEN 2665046 AND 2665146
	Bitmap Heap Scan on sbtest8  (cost=5.60..456.70 rows=114 width=125)
	  Recheck Cond: ((k >= 2665046) AND (k <= 2665146))
	  ->  Bitmap Index Scan on k_8  (cost=0.00..5.58 rows=114 width=0)
	        Index Cond: ((k >= 2665046) AND (k <= 2665146))

explain: for range-notcovered :: explain SELECT k, c FROM sbtest%d WHERE k BETWEEN 5662288 AND 5662388
for range-notcovered
table 1 : explain SELECT k, c FROM sbtest1 WHERE k BETWEEN 8204642 AND 8204742
	Bitmap Heap Scan on sbtest1  (cost=5.50..417.20 rows=104 width=125)
	  Recheck Cond: ((k >= 8204642) AND (k <= 8204742))
	  ->  Bitmap Index Scan on k_1  (cost=0.00..5.47 rows=104 width=0)
	        Index Cond: ((k >= 8204642) AND (k <= 8204742))

table 2 : explain SELECT k, c FROM sbtest2 WHERE k BETWEEN 8204642 AND 8204742
	Bitmap Heap Scan on sbtest2  (cost=5.45..397.52 rows=99 width=125)
	  Recheck Cond: ((k >= 8204642) AND (k <= 8204742))
	  ->  Bitmap Index Scan on k_2  (cost=0.00..5.42 rows=99 width=0)
	        Index Cond: ((k >= 8204642) AND (k <= 8204742))

table 3 : explain SELECT k, c FROM sbtest3 WHERE k BETWEEN 8204642 AND 8204742
	Bitmap Heap Scan on sbtest3  (cost=5.43..389.64 rows=97 width=125)
	  Recheck Cond: ((k >= 8204642) AND (k <= 8204742))
	  ->  Bitmap Index Scan on k_3  (cost=0.00..5.40 rows=97 width=0)
	        Index Cond: ((k >= 8204642) AND (k <= 8204742))

table 4 : explain SELECT k, c FROM sbtest4 WHERE k BETWEEN 8204642 AND 8204742
	Bitmap Heap Scan on sbtest4  (cost=5.48..409.38 rows=102 width=125)
	  Recheck Cond: ((k >= 8204642) AND (k <= 8204742))
	  ->  Bitmap Index Scan on k_4  (cost=0.00..5.45 rows=102 width=0)
	        Index Cond: ((k >= 8204642) AND (k <= 8204742))

table 5 : explain SELECT k, c FROM sbtest5 WHERE k BETWEEN 8204642 AND 8204742
	Bitmap Heap Scan on sbtest5  (cost=5.50..417.27 rows=104 width=125)
	  Recheck Cond: ((k >= 8204642) AND (k <= 8204742))
	  ->  Bitmap Index Scan on k_5  (cost=0.00..5.47 rows=104 width=0)
	        Index Cond: ((k >= 8204642) AND (k <= 8204742))

table 6 : explain SELECT k, c FROM sbtest6 WHERE k BETWEEN 8204642 AND 8204742
	Bitmap Heap Scan on sbtest6  (cost=5.46..401.52 rows=100 width=125)
	  Recheck Cond: ((k >= 8204642) AND (k <= 8204742))
	  ->  Bitmap Index Scan on k_6  (cost=0.00..5.43 rows=100 width=0)
	        Index Cond: ((k >= 8204642) AND (k <= 8204742))

table 7 : explain SELECT k, c FROM sbtest7 WHERE k BETWEEN 8204642 AND 8204742
	Bitmap Heap Scan on sbtest7  (cost=5.50..417.29 rows=104 width=125)
	  Recheck Cond: ((k >= 8204642) AND (k <= 8204742))
	  ->  Bitmap Index Scan on k_7  (cost=0.00..5.47 rows=104 width=0)
	        Index Cond: ((k >= 8204642) AND (k <= 8204742))

table 8 : explain SELECT k, c FROM sbtest8 WHERE k BETWEEN 8204642 AND 8204742
	Bitmap Heap Scan on sbtest8  (cost=5.59..452.76 rows=113 width=125)
	  Recheck Cond: ((k >= 8204642) AND (k <= 8204742))
	  ->  Bitmap Index Scan on k_8  (cost=0.00..5.56 rows=113 width=0)
	        Index Cond: ((k >= 8204642) AND (k <= 8204742))

for range-notcovered
table 1 : explain SELECT k, c FROM sbtest1 WHERE k BETWEEN 8331790 AND 8331890
	Bitmap Heap Scan on sbtest1  (cost=5.51..421.14 rows=105 width=125)
	  Recheck Cond: ((k >= 8331790) AND (k <= 8331890))
	  ->  Bitmap Index Scan on k_1  (cost=0.00..5.48 rows=105 width=0)
	        Index Cond: ((k >= 8331790) AND (k <= 8331890))

table 2 : explain SELECT k, c FROM sbtest2 WHERE k BETWEEN 8331790 AND 8331890
	Bitmap Heap Scan on sbtest2  (cost=5.54..433.00 rows=108 width=125)
	  Recheck Cond: ((k >= 8331790) AND (k <= 8331890))
	  ->  Bitmap Index Scan on k_2  (cost=0.00..5.51 rows=108 width=0)
	        Index Cond: ((k >= 8331790) AND (k <= 8331890))

table 3 : explain SELECT k, c FROM sbtest3 WHERE k BETWEEN 8331790 AND 8331890
	Bitmap Heap Scan on sbtest3  (cost=5.44..393.58 rows=98 width=125)
	  Recheck Cond: ((k >= 8331790) AND (k <= 8331890))
	  ->  Bitmap Index Scan on k_3  (cost=0.00..5.42 rows=98 width=0)
	        Index Cond: ((k >= 8331790) AND (k <= 8331890))

table 4 : explain SELECT k, c FROM sbtest4 WHERE k BETWEEN 8331790 AND 8331890
	Bitmap Heap Scan on sbtest4  (cost=5.44..393.61 rows=98 width=125)
	  Recheck Cond: ((k >= 8331790) AND (k <= 8331890))
	  ->  Bitmap Index Scan on k_4  (cost=0.00..5.42 rows=98 width=0)
	        Index Cond: ((k >= 8331790) AND (k <= 8331890))

table 5 : explain SELECT k, c FROM sbtest5 WHERE k BETWEEN 8331790 AND 8331890
	Bitmap Heap Scan on sbtest5  (cost=5.46..401.50 rows=100 width=125)
	  Recheck Cond: ((k >= 8331790) AND (k <= 8331890))
	  ->  Bitmap Index Scan on k_5  (cost=0.00..5.43 rows=100 width=0)
	        Index Cond: ((k >= 8331790) AND (k <= 8331890))

table 6 : explain SELECT k, c FROM sbtest6 WHERE k BETWEEN 8331790 AND 8331890
	Bitmap Heap Scan on sbtest6  (cost=5.50..417.29 rows=104 width=125)
	  Recheck Cond: ((k >= 8331790) AND (k <= 8331890))
	  ->  Bitmap Index Scan on k_6  (cost=0.00..5.47 rows=104 width=0)
	        Index Cond: ((k >= 8331790) AND (k <= 8331890))

table 7 : explain SELECT k, c FROM sbtest7 WHERE k BETWEEN 8331790 AND 8331890
	Bitmap Heap Scan on sbtest7  (cost=5.53..429.12 rows=107 width=125)
	  Recheck Cond: ((k >= 8331790) AND (k <= 8331890))
	  ->  Bitmap Index Scan on k_7  (cost=0.00..5.50 rows=107 width=0)
	        Index Cond: ((k >= 8331790) AND (k <= 8331890))

table 8 : explain SELECT k, c FROM sbtest8 WHERE k BETWEEN 8331790 AND 8331890
	Bitmap Heap Scan on sbtest8  (cost=5.58..448.82 rows=112 width=125)
	  Recheck Cond: ((k >= 8331790) AND (k <= 8331890))
	  ->  Bitmap Index Scan on k_8  (cost=0.00..5.55 rows=112 width=0)
	        Index Cond: ((k >= 8331790) AND (k <= 8331890))


for range-notcovered
table 1 : explain SELECT k, c FROM sbtest1 WHERE k BETWEEN 2326923 AND 2327023
	Bitmap Heap Scan on sbtest1  (cost=5.32..346.20 rows=86 width=125)
	  Recheck Cond: ((k >= 2326923) AND (k <= 2327023))
	  ->  Bitmap Index Scan on k_1  (cost=0.00..5.29 rows=86 width=0)
	        Index Cond: ((k >= 2326923) AND (k <= 2327023))

table 2 : explain SELECT k, c FROM sbtest2 WHERE k BETWEEN 2326923 AND 2327023
	Bitmap Heap Scan on sbtest2  (cost=5.59..452.69 rows=113 width=125)
	  Recheck Cond: ((k >= 2326923) AND (k <= 2327023))
	  ->  Bitmap Index Scan on k_2  (cost=0.00..5.56 rows=113 width=0)
	        Index Cond: ((k >= 2326923) AND (k <= 2327023))

table 3 : explain SELECT k, c FROM sbtest3 WHERE k BETWEEN 2326923 AND 2327023
	Bitmap Heap Scan on sbtest3  (cost=5.42..385.70 rows=96 width=125)
	  Recheck Cond: ((k >= 2326923) AND (k <= 2327023))
	  ->  Bitmap Index Scan on k_3  (cost=0.00..5.39 rows=96 width=0)
	        Index Cond: ((k >= 2326923) AND (k <= 2327023))

table 4 : explain SELECT k, c FROM sbtest4 WHERE k BETWEEN 2326923 AND 2327023
	Bitmap Heap Scan on sbtest4  (cost=5.41..381.77 rows=95 width=125)
	  Recheck Cond: ((k >= 2326923) AND (k <= 2327023))
	  ->  Bitmap Index Scan on k_4  (cost=0.00..5.38 rows=95 width=0)
	        Index Cond: ((k >= 2326923) AND (k <= 2327023))

table 5 : explain SELECT k, c FROM sbtest5 WHERE k BETWEEN 2326923 AND 2327023
	Bitmap Heap Scan on sbtest5  (cost=5.55..436.97 rows=109 width=125)
	  Recheck Cond: ((k >= 2326923) AND (k <= 2327023))
	  ->  Bitmap Index Scan on k_5  (cost=0.00..5.52 rows=109 width=0)
	        Index Cond: ((k >= 2326923) AND (k <= 2327023))

table 6 : explain SELECT k, c FROM sbtest6 WHERE k BETWEEN 2326923 AND 2327023
	Bitmap Heap Scan on sbtest6  (cost=5.53..429.12 rows=107 width=125)
	  Recheck Cond: ((k >= 2326923) AND (k <= 2327023))
	  ->  Bitmap Index Scan on k_6  (cost=0.00..5.50 rows=107 width=0)
	        Index Cond: ((k >= 2326923) AND (k <= 2327023))

table 7 : explain SELECT k, c FROM sbtest7 WHERE k BETWEEN 2326923 AND 2327023
	Bitmap Heap Scan on sbtest7  (cost=5.45..397.58 rows=99 width=125)
	  Recheck Cond: ((k >= 2326923) AND (k <= 2327023))
	  ->  Bitmap Index Scan on k_7  (cost=0.00..5.42 rows=99 width=0)
	        Index Cond: ((k >= 2326923) AND (k <= 2327023))

table 8 : explain SELECT k, c FROM sbtest8 WHERE k BETWEEN 2326923 AND 2327023
	Bitmap Heap Scan on sbtest8  (cost=5.44..393.63 rows=98 width=125)
	  Recheck Cond: ((k >= 2326923) AND (k <= 2327023))
	  ->  Bitmap Index Scan on k_8  (cost=0.00..5.42 rows=98 width=0)
	        Index Cond: ((k >= 2326923) AND (k <= 2327023))

explain: for range-notcovered :: explain SELECT k, c FROM sbtest%d WHERE k BETWEEN 4989850 AND 4989950
for range-notcovered
table 1 : explain SELECT k, c FROM sbtest1 WHERE k BETWEEN 3701523 AND 3701623
	Bitmap Heap Scan on sbtest1  (cost=5.45..397.49 rows=99 width=125)
	  Recheck Cond: ((k >= 3701523) AND (k <= 3701623))
	  ->  Bitmap Index Scan on k_1  (cost=0.00..5.42 rows=99 width=0)
	        Index Cond: ((k >= 3701523) AND (k <= 3701623))

table 2 : explain SELECT k, c FROM sbtest2 WHERE k BETWEEN 3701523 AND 3701623
	Bitmap Heap Scan on sbtest2  (cost=5.49..413.29 rows=103 width=125)
	  Recheck Cond: ((k >= 3701523) AND (k <= 3701623))
	  ->  Bitmap Index Scan on k_2  (cost=0.00..5.46 rows=103 width=0)
	        Index Cond: ((k >= 3701523) AND (k <= 3701623))

table 3 : explain SELECT k, c FROM sbtest3 WHERE k BETWEEN 3701523 AND 3701623
	Bitmap Heap Scan on sbtest3  (cost=5.41..381.75 rows=95 width=125)
	  Recheck Cond: ((k >= 3701523) AND (k <= 3701623))
	  ->  Bitmap Index Scan on k_3  (cost=0.00..5.38 rows=95 width=0)
	        Index Cond: ((k >= 3701523) AND (k <= 3701623))

table 4 : explain SELECT k, c FROM sbtest4 WHERE k BETWEEN 3701523 AND 3701623
	Bitmap Heap Scan on sbtest4  (cost=5.41..381.77 rows=95 width=125)
	  Recheck Cond: ((k >= 3701523) AND (k <= 3701623))
	  ->  Bitmap Index Scan on k_4  (cost=0.00..5.38 rows=95 width=0)
	        Index Cond: ((k >= 3701523) AND (k <= 3701623))

table 5 : explain SELECT k, c FROM sbtest5 WHERE k BETWEEN 3701523 AND 3701623
	Bitmap Heap Scan on sbtest5  (cost=5.55..436.97 rows=109 width=125)
	  Recheck Cond: ((k >= 3701523) AND (k <= 3701623))
	  ->  Bitmap Index Scan on k_5  (cost=0.00..5.52 rows=109 width=0)
	        Index Cond: ((k >= 3701523) AND (k <= 3701623))

table 6 : explain SELECT k, c FROM sbtest6 WHERE k BETWEEN 3701523 AND 3701623
	Bitmap Heap Scan on sbtest6  (cost=5.42..385.74 rows=96 width=125)
	  Recheck Cond: ((k >= 3701523) AND (k <= 3701623))
	  ->  Bitmap Index Scan on k_6  (cost=0.00..5.39 rows=96 width=0)
	        Index Cond: ((k >= 3701523) AND (k <= 3701623))

table 7 : explain SELECT k, c FROM sbtest7 WHERE k BETWEEN 3701523 AND 3701623
	Bitmap Heap Scan on sbtest7  (cost=5.43..389.69 rows=97 width=125)
	  Recheck Cond: ((k >= 3701523) AND (k <= 3701623))
	  ->  Bitmap Index Scan on k_7  (cost=0.00..5.40 rows=97 width=0)
	        Index Cond: ((k >= 3701523) AND (k <= 3701623))

table 8 : explain SELECT k, c FROM sbtest8 WHERE k BETWEEN 3701523 AND 3701623
	Bitmap Heap Scan on sbtest8  (cost=5.49..413.35 rows=103 width=125)
	  Recheck Cond: ((k >= 3701523) AND (k <= 3701623))
	  ->  Bitmap Index Scan on k_8  (cost=0.00..5.46 rows=103 width=0)
	        Index Cond: ((k >= 3701523) AND (k <= 3701623))


for range-notcovered
table 1 : explain SELECT k, c FROM sbtest1 WHERE k BETWEEN 4378422 AND 4378522
	Bitmap Heap Scan on sbtest1  (cost=5.50..417.20 rows=104 width=125)
	  Recheck Cond: ((k >= 4378422) AND (k <= 4378522))
	  ->  Bitmap Index Scan on k_1  (cost=0.00..5.47 rows=104 width=0)
	        Index Cond: ((k >= 4378422) AND (k <= 4378522))

table 2 : explain SELECT k, c FROM sbtest2 WHERE k BETWEEN 4378422 AND 4378522
	Bitmap Heap Scan on sbtest2  (cost=5.60..456.63 rows=114 width=125)
	  Recheck Cond: ((k >= 4378422) AND (k <= 4378522))
	  ->  Bitmap Index Scan on k_2  (cost=0.00..5.58 rows=114 width=0)
	        Index Cond: ((k >= 4378422) AND (k <= 4378522))

table 3 : explain SELECT k, c FROM sbtest3 WHERE k BETWEEN 4378422 AND 4378522
	Bitmap Heap Scan on sbtest3  (cost=5.42..385.70 rows=96 width=125)
	  Recheck Cond: ((k >= 4378422) AND (k <= 4378522))
	  ->  Bitmap Index Scan on k_3  (cost=0.00..5.39 rows=96 width=0)
	        Index Cond: ((k >= 4378422) AND (k <= 4378522))

table 4 : explain SELECT k, c FROM sbtest4 WHERE k BETWEEN 4378422 AND 4378522
	Bitmap Heap Scan on sbtest4  (cost=5.44..393.61 rows=98 width=125)
	  Recheck Cond: ((k >= 4378422) AND (k <= 4378522))
	  ->  Bitmap Index Scan on k_4  (cost=0.00..5.42 rows=98 width=0)
	        Index Cond: ((k >= 4378422) AND (k <= 4378522))

table 5 : explain SELECT k, c FROM sbtest5 WHERE k BETWEEN 4378422 AND 4378522
	Bitmap Heap Scan on sbtest5  (cost=5.46..401.50 rows=100 width=125)
	  Recheck Cond: ((k >= 4378422) AND (k <= 4378522))
	  ->  Bitmap Index Scan on k_5  (cost=0.00..5.43 rows=100 width=0)
	        Index Cond: ((k >= 4378422) AND (k <= 4378522))

table 6 : explain SELECT k, c FROM sbtest6 WHERE k BETWEEN 4378422 AND 4378522
	Bitmap Heap Scan on sbtest6  (cost=5.49..413.35 rows=103 width=125)
	  Recheck Cond: ((k >= 4378422) AND (k <= 4378522))
	  ->  Bitmap Index Scan on k_6  (cost=0.00..5.46 rows=103 width=0)
	        Index Cond: ((k >= 4378422) AND (k <= 4378522))

table 7 : explain SELECT k, c FROM sbtest7 WHERE k BETWEEN 4378422 AND 4378522
	Bitmap Heap Scan on sbtest7  (cost=5.59..452.76 rows=113 width=125)
	  Recheck Cond: ((k >= 4378422) AND (k <= 4378522))
	  ->  Bitmap Index Scan on k_7  (cost=0.00..5.56 rows=113 width=0)
	        Index Cond: ((k >= 4378422) AND (k <= 4378522))

table 8 : explain SELECT k, c FROM sbtest8 WHERE k BETWEEN 4378422 AND 4378522
	Bitmap Heap Scan on sbtest8  (cost=5.55..437.00 rows=109 width=125)
	  Recheck Cond: ((k >= 4378422) AND (k <= 4378522))
	  ->  Bitmap Index Scan on k_8  (cost=0.00..5.52 rows=109 width=0)
	        Index Cond: ((k >= 4378422) AND (k <= 4378522))

explain: for range-notcovered :: explain SELECT k, c FROM sbtest%d WHERE k BETWEEN 4172560 AND 4172660for range-notcovered
table 1 : explain SELECT k, c FROM sbtest1 WHERE k BETWEEN 2722345 AND 2722445
	Bitmap Heap Scan on sbtest1  (cost=5.55..436.90 rows=109 width=125)
	  Recheck Cond: ((k >= 2722345) AND (k <= 2722445))
	  ->  Bitmap Index Scan on k_1  (cost=0.00..5.52 rows=109 width=0)
	        Index Cond: ((k >= 2722345) AND (k <= 2722445))

table 2 : explain SELECT k, c FROM sbtest2 WHERE k BETWEEN 2722345 AND 2722445
	Bitmap Heap Scan on sbtest2  (cost=5.51..421.18 rows=105 width=125)
	  Recheck Cond: ((k >= 2722345) AND (k <= 2722445))
	  ->  Bitmap Index Scan on k_2  (cost=0.00..5.48 rows=105 width=0)
	        Index Cond: ((k >= 2722345) AND (k <= 2722445))

table 3 : explain SELECT k, c FROM sbtest3 WHERE k BETWEEN 2722345 AND 2722445
	Bitmap Heap Scan on sbtest3  (cost=5.48..409.36 rows=102 width=125)
	  Recheck Cond: ((k >= 2722345) AND (k <= 2722445))
	  ->  Bitmap Index Scan on k_3  (cost=0.00..5.45 rows=102 width=0)
	        Index Cond: ((k >= 2722345) AND (k <= 2722445))

table 4 : explain SELECT k, c FROM sbtest4 WHERE k BETWEEN 2722345 AND 2722445
	Bitmap Heap Scan on sbtest4  (cost=5.48..409.38 rows=102 width=125)
	  Recheck Cond: ((k >= 2722345) AND (k <= 2722445))
	  ->  Bitmap Index Scan on k_4  (cost=0.00..5.45 rows=102 width=0)
	        Index Cond: ((k >= 2722345) AND (k <= 2722445))

table 5 : explain SELECT k, c FROM sbtest5 WHERE k BETWEEN 2722345 AND 2722445
	Bitmap Heap Scan on sbtest5  (cost=5.52..425.15 rows=106 width=125)
	  Recheck Cond: ((k >= 2722345) AND (k <= 2722445))
	  ->  Bitmap Index Scan on k_5  (cost=0.00..5.50 rows=106 width=0)
	        Index Cond: ((k >= 2722345) AND (k <= 2722445))

table 6 : explain SELECT k, c FROM sbtest6 WHERE k BETWEEN 2722345 AND 2722445
	Bitmap Heap Scan on sbtest6  (cost=5.51..421.24 rows=105 width=125)
	  Recheck Cond: ((k >= 2722345) AND (k <= 2722445))
	  ->  Bitmap Index Scan on k_6  (cost=0.00..5.48 rows=105 width=0)
	        Index Cond: ((k >= 2722345) AND (k <= 2722445))

table 7 : explain SELECT k, c FROM sbtest7 WHERE k BETWEEN 2722345 AND 2722445
	Bitmap Heap Scan on sbtest7  (cost=5.41..381.80 rows=95 width=125)
	  Recheck Cond: ((k >= 2722345) AND (k <= 2722445))
	  ->  Bitmap Index Scan on k_7  (cost=0.00..5.38 rows=95 width=0)
	        Index Cond: ((k >= 2722345) AND (k <= 2722445))

table 8 : explain SELECT k, c FROM sbtest8 WHERE k BETWEEN 2722345 AND 2722445
	Bitmap Heap Scan on sbtest8  (cost=5.43..389.69 rows=97 width=125)
	  Recheck Cond: ((k >= 2722345) AND (k <= 2722445))
	  ->  Bitmap Index Scan on k_8  (cost=0.00..5.40 rows=97 width=0)
	        Index Cond: ((k >= 2722345) AND (k <= 2722445))

explain: for range-notcovered :: explain SELECT k, c FROM sbtest%d WHERE k BETWEEN 1917812 AND 1917912for range-notcovered
table 1 : explain SELECT k, c FROM sbtest1 WHERE k BETWEEN 4395323 AND 4395423
	Bitmap Heap Scan on sbtest1  (cost=5.50..417.20 rows=104 width=125)
	  Recheck Cond: ((k >= 4395323) AND (k <= 4395423))
	  ->  Bitmap Index Scan on k_1  (cost=0.00..5.47 rows=104 width=0)
	        Index Cond: ((k >= 4395323) AND (k <= 4395423))

table 2 : explain SELECT k, c FROM sbtest2 WHERE k BETWEEN 4395323 AND 4395423
	Bitmap Heap Scan on sbtest2  (cost=5.60..456.63 rows=114 width=125)
	  Recheck Cond: ((k >= 4395323) AND (k <= 4395423))
	  ->  Bitmap Index Scan on k_2  (cost=0.00..5.58 rows=114 width=0)
	        Index Cond: ((k >= 4395323) AND (k <= 4395423))

table 3 : explain SELECT k, c FROM sbtest3 WHERE k BETWEEN 4395323 AND 4395423
	Bitmap Heap Scan on sbtest3  (cost=5.55..436.94 rows=109 width=125)
	  Recheck Cond: ((k >= 4395323) AND (k <= 4395423))
	  ->  Bitmap Index Scan on k_3  (cost=0.00..5.52 rows=109 width=0)
	        Index Cond: ((k >= 4395323) AND (k <= 4395423))

table 4 : explain SELECT k, c FROM sbtest4 WHERE k BETWEEN 4395323 AND 4395423
	Bitmap Heap Scan on sbtest4  (cost=5.44..393.61 rows=98 width=125)
	  Recheck Cond: ((k >= 4395323) AND (k <= 4395423))
	  ->  Bitmap Index Scan on k_4  (cost=0.00..5.42 rows=98 width=0)
	        Index Cond: ((k >= 4395323) AND (k <= 4395423))

table 5 : explain SELECT k, c FROM sbtest5 WHERE k BETWEEN 4395323 AND 4395423
	Bitmap Heap Scan on sbtest5  (cost=5.46..401.50 rows=100 width=125)
	  Recheck Cond: ((k >= 4395323) AND (k <= 4395423))
	  ->  Bitmap Index Scan on k_5  (cost=0.00..5.43 rows=100 width=0)
	        Index Cond: ((k >= 4395323) AND (k <= 4395423))

table 6 : explain SELECT k, c FROM sbtest6 WHERE k BETWEEN 4395323 AND 4395423
	Bitmap Heap Scan on sbtest6  (cost=5.45..397.58 rows=99 width=125)
	  Recheck Cond: ((k >= 4395323) AND (k <= 4395423))
	  ->  Bitmap Index Scan on k_6  (cost=0.00..5.42 rows=99 width=0)
	        Index Cond: ((k >= 4395323) AND (k <= 4395423))

table 7 : explain SELECT k, c FROM sbtest7 WHERE k BETWEEN 4395323 AND 4395423
	Bitmap Heap Scan on sbtest7  (cost=5.59..452.76 rows=113 width=125)
	  Recheck Cond: ((k >= 4395323) AND (k <= 4395423))
	  ->  Bitmap Index Scan on k_7  (cost=0.00..5.56 rows=113 width=0)
	        Index Cond: ((k >= 4395323) AND (k <= 4395423))

table 8 : explain SELECT k, c FROM sbtest8 WHERE k BETWEEN 4395323 AND 4395423
	Bitmap Heap Scan on sbtest8  (cost=5.42..385.74 rows=96 width=125)
	  Recheck Cond: ((k >= 4395323) AND (k <= 4395423))
	  ->  Bitmap Index Scan on k_8  (cost=0.00..5.39 rows=96 width=0)
	        Index Cond: ((k >= 4395323) AND (k <= 4395423))
explain: for range-notcovered :: explain SELECT k, c FROM sbtest%d WHERE k BETWEEN 2786643 AND 2786743
for range-notcovered
table 1 : explain SELECT k, c FROM sbtest1 WHERE k BETWEEN 6724376 AND 6724476
	Bitmap Heap Scan on sbtest1  (cost=5.51..421.14 rows=105 width=125)
	  Recheck Cond: ((k >= 6724376) AND (k <= 6724476))
	  ->  Bitmap Index Scan on k_1  (cost=0.00..5.48 rows=105 width=0)
	        Index Cond: ((k >= 6724376) AND (k <= 6724476))

table 2 : explain SELECT k, c FROM sbtest2 WHERE k BETWEEN 6724376 AND 6724476
	Bitmap Heap Scan on sbtest2  (cost=5.44..393.58 rows=98 width=125)
	  Recheck Cond: ((k >= 6724376) AND (k <= 6724476))
	  ->  Bitmap Index Scan on k_2  (cost=0.00..5.42 rows=98 width=0)
	        Index Cond: ((k >= 6724376) AND (k <= 6724476))

table 3 : explain SELECT k, c FROM sbtest3 WHERE k BETWEEN 6724376 AND 6724476
	Bitmap Heap Scan on sbtest3  (cost=5.50..417.24 rows=104 width=125)
	  Recheck Cond: ((k >= 6724376) AND (k <= 6724476))
	  ->  Bitmap Index Scan on k_3  (cost=0.00..5.47 rows=104 width=0)
	        Index Cond: ((k >= 6724376) AND (k <= 6724476))

table 4 : explain SELECT k, c FROM sbtest4 WHERE k BETWEEN 6724376 AND 6724476
	Bitmap Heap Scan on sbtest4  (cost=5.42..385.72 rows=96 width=125)
	  Recheck Cond: ((k >= 6724376) AND (k <= 6724476))
	  ->  Bitmap Index Scan on k_4  (cost=0.00..5.39 rows=96 width=0)
	        Index Cond: ((k >= 6724376) AND (k <= 6724476))

table 5 : explain SELECT k, c FROM sbtest5 WHERE k BETWEEN 6724376 AND 6724476
	Bitmap Heap Scan on sbtest5  (cost=5.47..405.44 rows=101 width=125)
	  Recheck Cond: ((k >= 6724376) AND (k <= 6724476))
	  ->  Bitmap Index Scan on k_5  (cost=0.00..5.44 rows=101 width=0)
	        Index Cond: ((k >= 6724376) AND (k <= 6724476))

table 6 : explain SELECT k, c FROM sbtest6 WHERE k BETWEEN 6724376 AND 6724476
	Bitmap Heap Scan on sbtest6  (cost=5.51..421.24 rows=105 width=125)
	  Recheck Cond: ((k >= 6724376) AND (k <= 6724476))
	  ->  Bitmap Index Scan on k_6  (cost=0.00..5.48 rows=105 width=0)
	        Index Cond: ((k >= 6724376) AND (k <= 6724476))

table 7 : explain SELECT k, c FROM sbtest7 WHERE k BETWEEN 6724376 AND 6724476
	Bitmap Heap Scan on sbtest7  (cost=5.46..401.52 rows=100 width=125)
	  Recheck Cond: ((k >= 6724376) AND (k <= 6724476))
	  ->  Bitmap Index Scan on k_7  (cost=0.00..5.43 rows=100 width=0)
	        Index Cond: ((k >= 6724376) AND (k <= 6724476))

table 8 : explain SELECT k, c FROM sbtest8 WHERE k BETWEEN 6724376 AND 6724476
	Bitmap Heap Scan on sbtest8  (cost=5.53..429.12 rows=107 width=125)
	  Recheck Cond: ((k >= 6724376) AND (k <= 6724476))
	  ->  Bitmap Index Scan on k_8  (cost=0.00..5.50 rows=107 width=0)
	        Index Cond: ((k >= 6724376) AND (k <= 6724476))

explain: for range-notcovered :: explain SELECT k, c FROM sbtest%d WHERE k BETWEEN 8370214 AND 8370314
for range-notcovered
table 1 : explain SELECT k, c FROM sbtest1 WHERE k BETWEEN 6479038 AND 6479138
	Bitmap Heap Scan on sbtest1  (cost=5.55..436.90 rows=109 width=125)
	  Recheck Cond: ((k >= 6479038) AND (k <= 6479138))
	  ->  Bitmap Index Scan on k_1  (cost=0.00..5.52 rows=109 width=0)
	        Index Cond: ((k >= 6479038) AND (k <= 6479138))

table 2 : explain SELECT k, c FROM sbtest2 WHERE k BETWEEN 6479038 AND 6479138
	Bitmap Heap Scan on sbtest2  (cost=5.46..401.47 rows=100 width=125)
	  Recheck Cond: ((k >= 6479038) AND (k <= 6479138))
	  ->  Bitmap Index Scan on k_2  (cost=0.00..5.43 rows=100 width=0)
	        Index Cond: ((k >= 6479038) AND (k <= 6479138))

table 3 : explain SELECT k, c FROM sbtest3 WHERE k BETWEEN 6479038 AND 6479138
	Bitmap Heap Scan on sbtest3  (cost=5.51..421.18 rows=105 width=125)
	  Recheck Cond: ((k >= 6479038) AND (k <= 6479138))
	  ->  Bitmap Index Scan on k_3  (cost=0.00..5.48 rows=105 width=0)
	        Index Cond: ((k >= 6479038) AND (k <= 6479138))

table 4 : explain SELECT k, c FROM sbtest4 WHERE k BETWEEN 6479038 AND 6479138
	Bitmap Heap Scan on sbtest4  (cost=5.47..405.44 rows=101 width=125)
	  Recheck Cond: ((k >= 6479038) AND (k <= 6479138))
	  ->  Bitmap Index Scan on k_4  (cost=0.00..5.44 rows=101 width=0)
	        Index Cond: ((k >= 6479038) AND (k <= 6479138))

table 5 : explain SELECT k, c FROM sbtest5 WHERE k BETWEEN 6479038 AND 6479138
	Bitmap Heap Scan on sbtest5  (cost=5.47..405.44 rows=101 width=125)
	  Recheck Cond: ((k >= 6479038) AND (k <= 6479138))
	  ->  Bitmap Index Scan on k_5  (cost=0.00..5.44 rows=101 width=0)
	        Index Cond: ((k >= 6479038) AND (k <= 6479138))

table 6 : explain SELECT k, c FROM sbtest6 WHERE k BETWEEN 6479038 AND 6479138
	Bitmap Heap Scan on sbtest6  (cost=5.49..413.35 rows=103 width=125)
	  Recheck Cond: ((k >= 6479038) AND (k <= 6479138))
	  ->  Bitmap Index Scan on k_6  (cost=0.00..5.46 rows=103 width=0)
	        Index Cond: ((k >= 6479038) AND (k <= 6479138))

table 7 : explain SELECT k, c FROM sbtest7 WHERE k BETWEEN 6479038 AND 6479138
	Bitmap Heap Scan on sbtest7  (cost=5.53..429.12 rows=107 width=125)
	  Recheck Cond: ((k >= 6479038) AND (k <= 6479138))
	  ->  Bitmap Index Scan on k_7  (cost=0.00..5.50 rows=107 width=0)
	        Index Cond: ((k >= 6479038) AND (k <= 6479138))

table 8 : explain SELECT k, c FROM sbtest8 WHERE k BETWEEN 6479038 AND 6479138
	Bitmap Heap Scan on sbtest8  (cost=5.46..401.52 rows=100 width=125)
	  Recheck Cond: ((k >= 6479038) AND (k <= 6479138))
	  ->  Bitmap Index Scan on k_8  (cost=0.00..5.43 rows=100 width=0)
	        Index Cond: ((k >= 6479038) AND (k <= 6479138))

explain: for range-notcovered :: explain SELECT k, c FROM sbtest%d WHERE k BETWEEN 8204642 AND 8204742
for range-notcovered
table 1 : explain SELECT k, c FROM sbtest1 WHERE k BETWEEN 3237041 AND 3237141
	Bitmap Heap Scan on sbtest1  (cost=5.55..436.90 rows=109 width=125)
	  Recheck Cond: ((k >= 3237041) AND (k <= 3237141))
	  ->  Bitmap Index Scan on k_1  (cost=0.00..5.52 rows=109 width=0)
	        Index Cond: ((k >= 3237041) AND (k <= 3237141))

table 2 : explain SELECT k, c FROM sbtest2 WHERE k BETWEEN 3237041 AND 3237141
	Bitmap Heap Scan on sbtest2  (cost=5.42..385.69 rows=96 width=125)
	  Recheck Cond: ((k >= 3237041) AND (k <= 3237141))
	  ->  Bitmap Index Scan on k_2  (cost=0.00..5.39 rows=96 width=0)
	        Index Cond: ((k >= 3237041) AND (k <= 3237141))

table 3 : explain SELECT k, c FROM sbtest3 WHERE k BETWEEN 3237041 AND 3237141
	Bitmap Heap Scan on sbtest3  (cost=5.48..409.36 rows=102 width=125)
	  Recheck Cond: ((k >= 3237041) AND (k <= 3237141))
	  ->  Bitmap Index Scan on k_3  (cost=0.00..5.45 rows=102 width=0)
	        Index Cond: ((k >= 3237041) AND (k <= 3237141))

table 4 : explain SELECT k, c FROM sbtest4 WHERE k BETWEEN 3237041 AND 3237141
	Bitmap Heap Scan on sbtest4  (cost=5.39..373.88 rows=93 width=125)
	  Recheck Cond: ((k >= 3237041) AND (k <= 3237141))
	  ->  Bitmap Index Scan on k_4  (cost=0.00..5.36 rows=93 width=0)
	        Index Cond: ((k >= 3237041) AND (k <= 3237141))

table 5 : explain SELECT k, c FROM sbtest5 WHERE k BETWEEN 3237041 AND 3237141
	Bitmap Heap Scan on sbtest5  (cost=5.51..421.21 rows=105 width=125)
	  Recheck Cond: ((k >= 3237041) AND (k <= 3237141))
	  ->  Bitmap Index Scan on k_5  (cost=0.00..5.48 rows=105 width=0)
	        Index Cond: ((k >= 3237041) AND (k <= 3237141))

table 6 : explain SELECT k, c FROM sbtest6 WHERE k BETWEEN 3237041 AND 3237141
	Bitmap Heap Scan on sbtest6  (cost=5.51..421.24 rows=105 width=125)
	  Recheck Cond: ((k >= 3237041) AND (k <= 3237141))
	  ->  Bitmap Index Scan on k_6  (cost=0.00..5.48 rows=105 width=0)
	        Index Cond: ((k >= 3237041) AND (k <= 3237141))

table 7 : explain SELECT k, c FROM sbtest7 WHERE k BETWEEN 3237041 AND 3237141
	Bitmap Heap Scan on sbtest7  (cost=5.48..409.41 rows=102 width=125)
	  Recheck Cond: ((k >= 3237041) AND (k <= 3237141))
	  ->  Bitmap Index Scan on k_7  (cost=0.00..5.45 rows=102 width=0)
	        Index Cond: ((k >= 3237041) AND (k <= 3237141))

table 8 : explain SELECT k, c FROM sbtest8 WHERE k BETWEEN 3237041 AND 3237141
	Bitmap Heap Scan on sbtest8  (cost=5.48..409.41 rows=102 width=125)
	  Recheck Cond: ((k >= 3237041) AND (k <= 3237141))
	  ->  Bitmap Index Scan on k_8  (cost=0.00..5.45 rows=102 width=0)
	        Index Cond: ((k >= 3237041) AND (k <= 3237141))

explain: for range-notcovered :: explain SELECT k, c FROM sbtest%d WHERE k BETWEEN 8331790 AND 8331890
explain: for range-notcovered :: explain SELECT k, c FROM sbtest%d WHERE k BETWEEN 4904265 AND 4904365

explain: for range-notcovered :: explain SELECT k, c FROM sbtest%d WHERE k BETWEEN 6479038 AND 6479138
explain: for range-notcovered :: explain SELECT k, c FROM sbtest%d WHERE k BETWEEN 2326923 AND 2327023
explain: for range-notcovered :: explain SELECT k, c FROM sbtest%d WHERE k BETWEEN 6349144 AND 6349244for range-notcovered
table 1 : explain SELECT k, c FROM sbtest1 WHERE k BETWEEN 7014798 AND 7014898
	Bitmap Heap Scan on sbtest1  (cost=5.54..432.96 rows=108 width=125)
	  Recheck Cond: ((k >= 7014798) AND (k <= 7014898))
	  ->  Bitmap Index Scan on k_1  (cost=0.00..5.51 rows=108 width=0)
	        Index Cond: ((k >= 7014798) AND (k <= 7014898))

table 2 : explain SELECT k, c FROM sbtest2 WHERE k BETWEEN 7014798 AND 7014898
	Bitmap Heap Scan on sbtest2  (cost=5.35..358.07 rows=89 width=125)
	  Recheck Cond: ((k >= 7014798) AND (k <= 7014898))
	  ->  Bitmap Index Scan on k_2  (cost=0.00..5.32 rows=89 width=0)
	        Index Cond: ((k >= 7014798) AND (k <= 7014898))

table 3 : explain SELECT k, c FROM sbtest3 WHERE k BETWEEN 7014798 AND 7014898
	Bitmap Heap Scan on sbtest3  (cost=5.46..401.47 rows=100 width=125)
	  Recheck Cond: ((k >= 7014798) AND (k <= 7014898))
	  ->  Bitmap Index Scan on k_3  (cost=0.00..5.43 rows=100 width=0)
	        Index Cond: ((k >= 7014798) AND (k <= 7014898))

table 4 : explain SELECT k, c FROM sbtest4 WHERE k BETWEEN 7014798 AND 7014898
	Bitmap Heap Scan on sbtest4  (cost=5.41..381.77 rows=95 width=125)
	  Recheck Cond: ((k >= 7014798) AND (k <= 7014898))
	  ->  Bitmap Index Scan on k_4  (cost=0.00..5.38 rows=95 width=0)
	        Index Cond: ((k >= 7014798) AND (k <= 7014898))

table 5 : explain SELECT k, c FROM sbtest5 WHERE k BETWEEN 7014798 AND 7014898
	Bitmap Heap Scan on sbtest5  (cost=5.56..440.91 rows=110 width=125)
	  Recheck Cond: ((k >= 7014798) AND (k <= 7014898))
	  ->  Bitmap Index Scan on k_5  (cost=0.00..5.53 rows=110 width=0)
	        Index Cond: ((k >= 7014798) AND (k <= 7014898))

table 6 : explain SELECT k, c FROM sbtest6 WHERE k BETWEEN 7014798 AND 7014898
	Bitmap Heap Scan on sbtest6  (cost=5.58..448.82 rows=112 width=125)
	  Recheck Cond: ((k >= 7014798) AND (k <= 7014898))
	  ->  Bitmap Index Scan on k_6  (cost=0.00..5.55 rows=112 width=0)
	        Index Cond: ((k >= 7014798) AND (k <= 7014898))

table 7 : explain SELECT k, c FROM sbtest7 WHERE k BETWEEN 7014798 AND 7014898
	Bitmap Heap Scan on sbtest7  (cost=5.45..397.58 rows=99 width=125)
	  Recheck Cond: ((k >= 7014798) AND (k <= 7014898))
	  ->  Bitmap Index Scan on k_7  (cost=0.00..5.42 rows=99 width=0)
	        Index Cond: ((k >= 7014798) AND (k <= 7014898))

table 8 : explain SELECT k, c FROM sbtest8 WHERE k BETWEEN 7014798 AND 7014898
	Bitmap Heap Scan on sbtest8  (cost=5.44..393.63 rows=98 width=125)
	  Recheck Cond: ((k >= 7014798) AND (k <= 7014898))
	  ->  Bitmap Index Scan on k_8  (cost=0.00..5.42 rows=98 width=0)
	        Index Cond: ((k >= 7014798) AND (k <= 7014898))



for range-notcovered
table 1 : explain SELECT k, c FROM sbtest1 WHERE k BETWEEN 5409911 AND 5410011
	Bitmap Heap Scan on sbtest1  (cost=5.58..448.71 rows=112 width=125)
	  Recheck Cond: ((k >= 5409911) AND (k <= 5410011))
	  ->  Bitmap Index Scan on k_1  (cost=0.00..5.55 rows=112 width=0)
	        Index Cond: ((k >= 5409911) AND (k <= 5410011))

table 2 : explain SELECT k, c FROM sbtest2 WHERE k BETWEEN 5409911 AND 5410011
	Bitmap Heap Scan on sbtest2  (cost=5.46..401.47 rows=100 width=125)
	  Recheck Cond: ((k >= 5409911) AND (k <= 5410011))
	  ->  Bitmap Index Scan on k_2  (cost=0.00..5.43 rows=100 width=0)
	        Index Cond: ((k >= 5409911) AND (k <= 5410011))

table 3 : explain SELECT k, c FROM sbtest3 WHERE k BETWEEN 5409911 AND 5410011
	Bitmap Heap Scan on sbtest3  (cost=5.49..413.30 rows=103 width=125)
	  Recheck Cond: ((k >= 5409911) AND (k <= 5410011))
	  ->  Bitmap Index Scan on k_3  (cost=0.00..5.46 rows=103 width=0)
	        Index Cond: ((k >= 5409911) AND (k <= 5410011))

table 4 : explain SELECT k, c FROM sbtest4 WHERE k BETWEEN 5409911 AND 5410011
	Bitmap Heap Scan on sbtest4  (cost=5.49..413.32 rows=103 width=125)
	  Recheck Cond: ((k >= 5409911) AND (k <= 5410011))
	  ->  Bitmap Index Scan on k_4  (cost=0.00..5.46 rows=103 width=0)
	        Index Cond: ((k >= 5409911) AND (k <= 5410011))

table 5 : explain SELECT k, c FROM sbtest5 WHERE k BETWEEN 5409911 AND 5410011
	Bitmap Heap Scan on sbtest5  (cost=5.47..405.44 rows=101 width=125)
	  Recheck Cond: ((k >= 5409911) AND (k <= 5410011))
	  ->  Bitmap Index Scan on k_5  (cost=0.00..5.44 rows=101 width=0)
	        Index Cond: ((k >= 5409911) AND (k <= 5410011))

table 6 : explain SELECT k, c FROM sbtest6 WHERE k BETWEEN 5409911 AND 5410011
	Bitmap Heap Scan on sbtest6  (cost=5.54..433.06 rows=108 width=125)
	  Recheck Cond: ((k >= 5409911) AND (k <= 5410011))
	  ->  Bitmap Index Scan on k_6  (cost=0.00..5.51 rows=108 width=0)
	        Index Cond: ((k >= 5409911) AND (k <= 5410011))

table 7 : explain SELECT k, c FROM sbtest7 WHERE k BETWEEN 5409911 AND 5410011
	Bitmap Heap Scan on sbtest7  (cost=5.56..440.94 rows=110 width=125)
	  Recheck Cond: ((k >= 5409911) AND (k <= 5410011))
	  ->  Bitmap Index Scan on k_7  (cost=0.00..5.53 rows=110 width=0)
	        Index Cond: ((k >= 5409911) AND (k <= 5410011))

table 8 : explain SELECT k, c FROM sbtest8 WHERE k BETWEEN 5409911 AND 5410011
	Bitmap Heap Scan on sbtest8  (cost=5.42..385.74 rows=96 width=125)
	  Recheck Cond: ((k >= 5409911) AND (k <= 5410011))
	  ->  Bitmap Index Scan on k_8  (cost=0.00..5.39 rows=96 width=0)
	        Index Cond: ((k >= 5409911) AND (k <= 5410011))

explain: for range-notcovered :: explain SELECT k, c FROM sbtest%d WHERE k BETWEEN 2665046 AND 2665146
for range-notcovered
table 1 : explain SELECT k, c FROM sbtest1 WHERE k BETWEEN 7267824 AND 7267924
	Bitmap Heap Scan on sbtest1  (cost=5.74..507.73 rows=127 width=125)
	  Recheck Cond: ((k >= 7267824) AND (k <= 7267924))
	  ->  Bitmap Index Scan on k_1  (cost=0.00..5.70 rows=127 width=0)
	        Index Cond: ((k >= 7267824) AND (k <= 7267924))

table 2 : explain SELECT k, c FROM sbtest2 WHERE k BETWEEN 7267824 AND 7267924
	Bitmap Heap Scan on sbtest2  (cost=5.51..421.18 rows=105 width=125)
	  Recheck Cond: ((k >= 7267824) AND (k <= 7267924))
	  ->  Bitmap Index Scan on k_2  (cost=0.00..5.48 rows=105 width=0)
	        Index Cond: ((k >= 7267824) AND (k <= 7267924))

table 3 : explain SELECT k, c FROM sbtest3 WHERE k BETWEEN 7267824 AND 7267924
	Bitmap Heap Scan on sbtest3  (cost=5.53..429.06 rows=107 width=125)
	  Recheck Cond: ((k >= 7267824) AND (k <= 7267924))
	  ->  Bitmap Index Scan on k_3  (cost=0.00..5.50 rows=107 width=0)
	        Index Cond: ((k >= 7267824) AND (k <= 7267924))

table 4 : explain SELECT k, c FROM sbtest4 WHERE k BETWEEN 7267824 AND 7267924
	Bitmap Heap Scan on sbtest4  (cost=5.50..417.27 rows=104 width=125)
	  Recheck Cond: ((k >= 7267824) AND (k <= 7267924))
	  ->  Bitmap Index Scan on k_4  (cost=0.00..5.47 rows=104 width=0)
	        Index Cond: ((k >= 7267824) AND (k <= 7267924))

table 5 : explain SELECT k, c FROM sbtest5 WHERE k BETWEEN 7267824 AND 7267924
	Bitmap Heap Scan on sbtest5  (cost=5.56..440.91 rows=110 width=125)
	  Recheck Cond: ((k >= 7267824) AND (k <= 7267924))
	  ->  Bitmap Index Scan on k_5  (cost=0.00..5.53 rows=110 width=0)
	        Index Cond: ((k >= 7267824) AND (k <= 7267924))

table 6 : explain SELECT k, c FROM sbtest6 WHERE k BETWEEN 7267824 AND 7267924
	Bitmap Heap Scan on sbtest6  (cost=5.49..413.35 rows=103 width=125)
	  Recheck Cond: ((k >= 7267824) AND (k <= 7267924))
	  ->  Bitmap Index Scan on k_6  (cost=0.00..5.46 rows=103 width=0)
	        Index Cond: ((k >= 7267824) AND (k <= 7267924))

table 7 : explain SELECT k, c FROM sbtest7 WHERE k BETWEEN 7267824 AND 7267924
	Bitmap Heap Scan on sbtest7  (cost=5.48..409.41 rows=102 width=125)
	  Recheck Cond: ((k >= 7267824) AND (k <= 7267924))
	  ->  Bitmap Index Scan on k_7  (cost=0.00..5.45 rows=102 width=0)
	        Index Cond: ((k >= 7267824) AND (k <= 7267924))

table 8 : explain SELECT k, c FROM sbtest8 WHERE k BETWEEN 7267824 AND 7267924
	Bitmap Heap Scan on sbtest8  (cost=5.50..417.29 rows=104 width=125)
	  Recheck Cond: ((k >= 7267824) AND (k <= 7267924))
	  ->  Bitmap Index Scan on k_8  (cost=0.00..5.47 rows=104 width=0)
	        Index Cond: ((k >= 7267824) AND (k <= 7267924))

explain: for range-notcovered :: explain SELECT k, c FROM sbtest%d WHERE k BETWEEN 2722345 AND 2722445
for range-notcovered
table 1 : explain SELECT k, c FROM sbtest1 WHERE k BETWEEN 3967413 AND 3967513
	Bitmap Heap Scan on sbtest1  (cost=5.48..409.32 rows=102 width=125)
	  Recheck Cond: ((k >= 3967413) AND (k <= 3967513))
	  ->  Bitmap Index Scan on k_1  (cost=0.00..5.45 rows=102 width=0)
	        Index Cond: ((k >= 3967413) AND (k <= 3967513))

table 2 : explain SELECT k, c FROM sbtest2 WHERE k BETWEEN 3967413 AND 3967513
	Bitmap Heap Scan on sbtest2  (cost=5.46..401.47 rows=100 width=125)
	  Recheck Cond: ((k >= 3967413) AND (k <= 3967513))
	  ->  Bitmap Index Scan on k_2  (cost=0.00..5.43 rows=100 width=0)
	        Index Cond: ((k >= 3967413) AND (k <= 3967513))

table 3 : explain SELECT k, c FROM sbtest3 WHERE k BETWEEN 3967413 AND 3967513
	Bitmap Heap Scan on sbtest3  (cost=5.42..385.70 rows=96 width=125)
	  Recheck Cond: ((k >= 3967413) AND (k <= 3967513))
	  ->  Bitmap Index Scan on k_3  (cost=0.00..5.39 rows=96 width=0)
	        Index Cond: ((k >= 3967413) AND (k <= 3967513))

table 4 : explain SELECT k, c FROM sbtest4 WHERE k BETWEEN 3967413 AND 3967513
	Bitmap Heap Scan on sbtest4  (cost=5.57..444.85 rows=111 width=125)
	  Recheck Cond: ((k >= 3967413) AND (k <= 3967513))
	  ->  Bitmap Index Scan on k_4  (cost=0.00..5.54 rows=111 width=0)
	        Index Cond: ((k >= 3967413) AND (k <= 3967513))

table 5 : explain SELECT k, c FROM sbtest5 WHERE k BETWEEN 3967413 AND 3967513
	Bitmap Heap Scan on sbtest5  (cost=5.39..373.89 rows=93 width=125)
	  Recheck Cond: ((k >= 3967413) AND (k <= 3967513))
	  ->  Bitmap Index Scan on k_5  (cost=0.00..5.36 rows=93 width=0)
	        Index Cond: ((k >= 3967413) AND (k <= 3967513))

table 6 : explain SELECT k, c FROM sbtest6 WHERE k BETWEEN 3967413 AND 3967513
	Bitmap Heap Scan on sbtest6  (cost=5.45..397.58 rows=99 width=125)
	  Recheck Cond: ((k >= 3967413) AND (k <= 3967513))
	  ->  Bitmap Index Scan on k_6  (cost=0.00..5.42 rows=99 width=0)
	        Index Cond: ((k >= 3967413) AND (k <= 3967513))

table 7 : explain SELECT k, c FROM sbtest7 WHERE k BETWEEN 3967413 AND 3967513
	Bitmap Heap Scan on sbtest7  (cost=5.45..397.58 rows=99 width=125)
	  Recheck Cond: ((k >= 3967413) AND (k <= 3967513))
	  ->  Bitmap Index Scan on k_7  (cost=0.00..5.42 rows=99 width=0)
	        Index Cond: ((k >= 3967413) AND (k <= 3967513))

table 8 : explain SELECT k, c FROM sbtest8 WHERE k BETWEEN 3967413 AND 3967513
	Bitmap Heap Scan on sbtest8  (cost=5.42..385.74 rows=96 width=125)
	  Recheck Cond: ((k >= 3967413) AND (k <= 3967513))
	  ->  Bitmap Index Scan on k_8  (cost=0.00..5.39 rows=96 width=0)
	        Index Cond: ((k >= 3967413) AND (k <= 3967513))

explain: for range-notcovered :: explain SELECT k, c FROM sbtest%d WHERE k BETWEEN 4378422 AND 4378522for range-notcovered
table 1 : explain SELECT k, c FROM sbtest1 WHERE k BETWEEN 5046403 AND 5046503
	Bitmap Heap Scan on sbtest1  (cost=5.63..468.40 rows=117 width=125)
	  Recheck Cond: ((k >= 5046403) AND (k <= 5046503))
	  ->  Bitmap Index Scan on k_1  (cost=0.00..5.60 rows=117 width=0)
	        Index Cond: ((k >= 5046403) AND (k <= 5046503))

table 2 : explain SELECT k, c FROM sbtest2 WHERE k BETWEEN 5046403 AND 5046503
	Bitmap Heap Scan on sbtest2  (cost=5.49..413.29 rows=103 width=125)
	  Recheck Cond: ((k >= 5046403) AND (k <= 5046503))
	  ->  Bitmap Index Scan on k_2  (cost=0.00..5.46 rows=103 width=0)
	        Index Cond: ((k >= 5046403) AND (k <= 5046503))

table 3 : explain SELECT k, c FROM sbtest3 WHERE k BETWEEN 5046403 AND 5046503
	Bitmap Heap Scan on sbtest3  (cost=5.59..452.69 rows=113 width=125)
	  Recheck Cond: ((k >= 5046403) AND (k <= 5046503))
	  ->  Bitmap Index Scan on k_3  (cost=0.00..5.56 rows=113 width=0)
	        Index Cond: ((k >= 5046403) AND (k <= 5046503))

table 4 : explain SELECT k, c FROM sbtest4 WHERE k BETWEEN 5046403 AND 5046503
	Bitmap Heap Scan on sbtest4  (cost=5.43..389.66 rows=97 width=125)
	  Recheck Cond: ((k >= 5046403) AND (k <= 5046503))
	  ->  Bitmap Index Scan on k_4  (cost=0.00..5.40 rows=97 width=0)
	        Index Cond: ((k >= 5046403) AND (k <= 5046503))

table 5 : explain SELECT k, c FROM sbtest5 WHERE k BETWEEN 5046403 AND 5046503
	Bitmap Heap Scan on sbtest5  (cost=5.54..433.03 rows=108 width=125)
	  Recheck Cond: ((k >= 5046403) AND (k <= 5046503))
	  ->  Bitmap Index Scan on k_5  (cost=0.00..5.51 rows=108 width=0)
	        Index Cond: ((k >= 5046403) AND (k <= 5046503))

table 6 : explain SELECT k, c FROM sbtest6 WHERE k BETWEEN 5046403 AND 5046503
	Bitmap Heap Scan on sbtest6  (cost=5.45..397.58 rows=99 width=125)
	  Recheck Cond: ((k >= 5046403) AND (k <= 5046503))
	  ->  Bitmap Index Scan on k_6  (cost=0.00..5.42 rows=99 width=0)
	        Index Cond: ((k >= 5046403) AND (k <= 5046503))

table 7 : explain SELECT k, c FROM sbtest7 WHERE k BETWEEN 5046403 AND 5046503
	Bitmap Heap Scan on sbtest7  (cost=5.47..405.46 rows=101 width=125)
	  Recheck Cond: ((k >= 5046403) AND (k <= 5046503))
	  ->  Bitmap Index Scan on k_7  (cost=0.00..5.44 rows=101 width=0)
	        Index Cond: ((k >= 5046403) AND (k <= 5046503))

table 8 : explain SELECT k, c FROM sbtest8 WHERE k BETWEEN 5046403 AND 5046503
	Bitmap Heap Scan on sbtest8  (cost=5.44..393.63 rows=98 width=125)
	  Recheck Cond: ((k >= 5046403) AND (k <= 5046503))
	  ->  Bitmap Index Scan on k_8  (cost=0.00..5.42 rows=98 width=0)
	        Index Cond: ((k >= 5046403) AND (k <= 5046503))

for range-notcovered
table 1 : explain SELECT k, c FROM sbtest1 WHERE k BETWEEN 231832 AND 231932
	Bitmap Heap Scan on sbtest1  (cost=5.53..429.02 rows=107 width=125)
	  Recheck Cond: ((k >= 231832) AND (k <= 231932))
	  ->  Bitmap Index Scan on k_1  (cost=0.00..5.50 rows=107 width=0)
	        Index Cond: ((k >= 231832) AND (k <= 231932))

table 2 : explain SELECT k, c FROM sbtest2 WHERE k BETWEEN 231832 AND 231932
	Bitmap Heap Scan on sbtest2  (cost=5.49..413.29 rows=103 width=125)
	  Recheck Cond: ((k >= 231832) AND (k <= 231932))
	  ->  Bitmap Index Scan on k_2  (cost=0.00..5.46 rows=103 width=0)
	        Index Cond: ((k >= 231832) AND (k <= 231932))

table 3 : explain SELECT k, c FROM sbtest3 WHERE k BETWEEN 231832 AND 231932
	Bitmap Heap Scan on sbtest3  (cost=5.48..409.36 rows=102 width=125)
	  Recheck Cond: ((k >= 231832) AND (k <= 231932))
	  ->  Bitmap Index Scan on k_3  (cost=0.00..5.45 rows=102 width=0)
	        Index Cond: ((k >= 231832) AND (k <= 231932))

table 4 : explain SELECT k, c FROM sbtest4 WHERE k BETWEEN 231832 AND 231932
	Bitmap Heap Scan on sbtest4  (cost=5.50..417.27 rows=104 width=125)
	  Recheck Cond: ((k >= 231832) AND (k <= 231932))
	  ->  Bitmap Index Scan on k_4  (cost=0.00..5.47 rows=104 width=0)
	        Index Cond: ((k >= 231832) AND (k <= 231932))

table 5 : explain SELECT k, c FROM sbtest5 WHERE k BETWEEN 231832 AND 231932
	Bitmap Heap Scan on sbtest5  (cost=5.42..385.72 rows=96 width=125)
	  Recheck Cond: ((k >= 231832) AND (k <= 231932))
	  ->  Bitmap Index Scan on k_5  (cost=0.00..5.39 rows=96 width=0)
	        Index Cond: ((k >= 231832) AND (k <= 231932))

table 6 : explain SELECT k, c FROM sbtest6 WHERE k BETWEEN 231832 AND 231932
	Bitmap Heap Scan on sbtest6  (cost=5.58..448.82 rows=112 width=125)
	  Recheck Cond: ((k >= 231832) AND (k <= 231932))
	  ->  Bitmap Index Scan on k_6  (cost=0.00..5.55 rows=112 width=0)
	        Index Cond: ((k >= 231832) AND (k <= 231932))

table 7 : explain SELECT k, c FROM sbtest7 WHERE k BETWEEN 231832 AND 231932
	Bitmap Heap Scan on sbtest7  (cost=5.48..409.41 rows=102 width=125)
	  Recheck Cond: ((k >= 231832) AND (k <= 231932))
	  ->  Bitmap Index Scan on k_7  (cost=0.00..5.45 rows=102 width=0)
	        Index Cond: ((k >= 231832) AND (k <= 231932))

table 8 : explain SELECT k, c FROM sbtest8 WHERE k BETWEEN 231832 AND 231932
	Bitmap Heap Scan on sbtest8  (cost=5.57..444.88 rows=111 width=125)
	  Recheck Cond: ((k >= 231832) AND (k <= 231932))
	  ->  Bitmap Index Scan on k_8  (cost=0.00..5.54 rows=111 width=0)
	        Index Cond: ((k >= 231832) AND (k <= 231932))

for range-notcovered
table 1 : explain SELECT k, c FROM sbtest1 WHERE k BETWEEN 3818532 AND 3818632
	Bitmap Heap Scan on sbtest1  (cost=5.47..405.38 rows=101 width=125)
	  Recheck Cond: ((k >= 3818532) AND (k <= 3818632))
	  ->  Bitmap Index Scan on k_1  (cost=0.00..5.44 rows=101 width=0)
	        Index Cond: ((k >= 3818532) AND (k <= 3818632))

table 2 : explain SELECT k, c FROM sbtest2 WHERE k BETWEEN 3818532 AND 3818632
	Bitmap Heap Scan on sbtest2  (cost=5.50..417.23 rows=104 width=125)
	  Recheck Cond: ((k >= 3818532) AND (k <= 3818632))
	  ->  Bitmap Index Scan on k_2  (cost=0.00..5.47 rows=104 width=0)
	        Index Cond: ((k >= 3818532) AND (k <= 3818632))

table 3 : explain SELECT k, c FROM sbtest3 WHERE k BETWEEN 3818532 AND 3818632
	Bitmap Heap Scan on sbtest3  (cost=5.50..417.24 rows=104 width=125)
	  Recheck Cond: ((k >= 3818532) AND (k <= 3818632))
	  ->  Bitmap Index Scan on k_3  (cost=0.00..5.47 rows=104 width=0)
	        Index Cond: ((k >= 3818532) AND (k <= 3818632))

table 4 : explain SELECT k, c FROM sbtest4 WHERE k BETWEEN 3818532 AND 3818632
	Bitmap Heap Scan on sbtest4  (cost=5.49..413.32 rows=103 width=125)
	  Recheck Cond: ((k >= 3818532) AND (k <= 3818632))
	  ->  Bitmap Index Scan on k_4  (cost=0.00..5.46 rows=103 width=0)
	        Index Cond: ((k >= 3818532) AND (k <= 3818632))

table 5 : explain SELECT k, c FROM sbtest5 WHERE k BETWEEN 3818532 AND 3818632
	Bitmap Heap Scan on sbtest5  (cost=5.45..397.56 rows=99 width=125)
	  Recheck Cond: ((k >= 3818532) AND (k <= 3818632))
	  ->  Bitmap Index Scan on k_5  (cost=0.00..5.42 rows=99 width=0)
	        Index Cond: ((k >= 3818532) AND (k <= 3818632))

table 6 : explain SELECT k, c FROM sbtest6 WHERE k BETWEEN 3818532 AND 3818632
	Bitmap Heap Scan on sbtest6  (cost=5.47..405.47 rows=101 width=125)
	  Recheck Cond: ((k >= 3818532) AND (k <= 3818632))
	  ->  Bitmap Index Scan on k_6  (cost=0.00..5.44 rows=101 width=0)
	        Index Cond: ((k >= 3818532) AND (k <= 3818632))

table 7 : explain SELECT k, c FROM sbtest7 WHERE k BETWEEN 3818532 AND 3818632
	Bitmap Heap Scan on sbtest7  (cost=5.50..417.29 rows=104 width=125)
	  Recheck Cond: ((k >= 3818532) AND (k <= 3818632))
	  ->  Bitmap Index Scan on k_7  (cost=0.00..5.47 rows=104 width=0)
	        Index Cond: ((k >= 3818532) AND (k <= 3818632))

table 8 : explain SELECT k, c FROM sbtest8 WHERE k BETWEEN 3818532 AND 3818632
	Bitmap Heap Scan on sbtest8  (cost=5.43..389.69 rows=97 width=125)
	  Recheck Cond: ((k >= 3818532) AND (k <= 3818632))
	  ->  Bitmap Index Scan on k_8  (cost=0.00..5.40 rows=97 width=0)
	        Index Cond: ((k >= 3818532) AND (k <= 3818632))


for range-notcovered
table 1 : explain SELECT k, c FROM sbtest1 WHERE k BETWEEN 7843619 AND 7843719
	Bitmap Heap Scan on sbtest1  (cost=5.45..397.49 rows=99 width=125)
	  Recheck Cond: ((k >= 7843619) AND (k <= 7843719))
	  ->  Bitmap Index Scan on k_1  (cost=0.00..5.42 rows=99 width=0)
	        Index Cond: ((k >= 7843619) AND (k <= 7843719))

table 2 : explain SELECT k, c FROM sbtest2 WHERE k BETWEEN 7843619 AND 7843719
	Bitmap Heap Scan on sbtest2  (cost=5.52..425.12 rows=106 width=125)
	  Recheck Cond: ((k >= 7843619) AND (k <= 7843719))
	  ->  Bitmap Index Scan on k_2  (cost=0.00..5.50 rows=106 width=0)
	        Index Cond: ((k >= 7843619) AND (k <= 7843719))

table 3 : explain SELECT k, c FROM sbtest3 WHERE k BETWEEN 7843619 AND 7843719
	Bitmap Heap Scan on sbtest3  (cost=5.48..409.36 rows=102 width=125)
	  Recheck Cond: ((k >= 7843619) AND (k <= 7843719))
	  ->  Bitmap Index Scan on k_3  (cost=0.00..5.45 rows=102 width=0)
	        Index Cond: ((k >= 7843619) AND (k <= 7843719))

table 4 : explain SELECT k, c FROM sbtest4 WHERE k BETWEEN 7843619 AND 7843719
	Bitmap Heap Scan on sbtest4  (cost=5.51..421.21 rows=105 width=125)
	  Recheck Cond: ((k >= 7843619) AND (k <= 7843719))
	  ->  Bitmap Index Scan on k_4  (cost=0.00..5.48 rows=105 width=0)
	        Index Cond: ((k >= 7843619) AND (k <= 7843719))

table 5 : explain SELECT k, c FROM sbtest5 WHERE k BETWEEN 7843619 AND 7843719
	Bitmap Heap Scan on sbtest5  (cost=5.54..433.03 rows=108 width=125)
	  Recheck Cond: ((k >= 7843619) AND (k <= 7843719))
	  ->  Bitmap Index Scan on k_5  (cost=0.00..5.51 rows=108 width=0)
	        Index Cond: ((k >= 7843619) AND (k <= 7843719))

table 6 : explain SELECT k, c FROM sbtest6 WHERE k BETWEEN 7843619 AND 7843719
	Bitmap Heap Scan on sbtest6  (cost=5.47..405.47 rows=101 width=125)
	  Recheck Cond: ((k >= 7843619) AND (k <= 7843719))
	  ->  Bitmap Index Scan on k_6  (cost=0.00..5.44 rows=101 width=0)
	        Index Cond: ((k >= 7843619) AND (k <= 7843719))

table 7 : explain SELECT k, c FROM sbtest7 WHERE k BETWEEN 7843619 AND 7843719
	Bitmap Heap Scan on sbtest7  (cost=5.35..358.12 rows=89 width=125)
	  Recheck Cond: ((k >= 7843619) AND (k <= 7843719))
	  ->  Bitmap Index Scan on k_7  (cost=0.00..5.32 rows=89 width=0)
	        Index Cond: ((k >= 7843619) AND (k <= 7843719))

table 8 : explain SELECT k, c FROM sbtest8 WHERE k BETWEEN 7843619 AND 7843719
	Bitmap Heap Scan on sbtest8  (cost=5.48..409.41 rows=102 width=125)
	  Recheck Cond: ((k >= 7843619) AND (k <= 7843719))
	  ->  Bitmap Index Scan on k_8  (cost=0.00..5.45 rows=102 width=0)
	        Index Cond: ((k >= 7843619) AND (k <= 7843719))


for range-notcovered
table 1 : explain SELECT k, c FROM sbtest1 WHERE k BETWEEN 1500845 AND 1500945
	Bitmap Heap Scan on sbtest1  (cost=5.53..429.02 rows=107 width=125)
	  Recheck Cond: ((k >= 1500845) AND (k <= 1500945))
	  ->  Bitmap Index Scan on k_1  (cost=0.00..5.50 rows=107 width=0)
	        Index Cond: ((k >= 1500845) AND (k <= 1500945))

table 2 : explain SELECT k, c FROM sbtest2 WHERE k BETWEEN 1500845 AND 1500945
	Bitmap Heap Scan on sbtest2  (cost=5.52..425.12 rows=106 width=125)
	  Recheck Cond: ((k >= 1500845) AND (k <= 1500945))
	  ->  Bitmap Index Scan on k_2  (cost=0.00..5.50 rows=106 width=0)
	        Index Cond: ((k >= 1500845) AND (k <= 1500945))

table 3 : explain SELECT k, c FROM sbtest3 WHERE k BETWEEN 1500845 AND 1500945
	Bitmap Heap Scan on sbtest3  (cost=5.52..425.12 rows=106 width=125)
	  Recheck Cond: ((k >= 1500845) AND (k <= 1500945))
	  ->  Bitmap Index Scan on k_3  (cost=0.00..5.50 rows=106 width=0)
	        Index Cond: ((k >= 1500845) AND (k <= 1500945))

table 4 : explain SELECT k, c FROM sbtest4 WHERE k BETWEEN 1500845 AND 1500945
	Bitmap Heap Scan on sbtest4  (cost=5.42..385.72 rows=96 width=125)
	  Recheck Cond: ((k >= 1500845) AND (k <= 1500945))
	  ->  Bitmap Index Scan on k_4  (cost=0.00..5.39 rows=96 width=0)
	        Index Cond: ((k >= 1500845) AND (k <= 1500945))

table 5 : explain SELECT k, c FROM sbtest5 WHERE k BETWEEN 1500845 AND 1500945
	Bitmap Heap Scan on sbtest5  (cost=5.58..448.79 rows=112 width=125)
	  Recheck Cond: ((k >= 1500845) AND (k <= 1500945))
	  ->  Bitmap Index Scan on k_5  (cost=0.00..5.55 rows=112 width=0)
	        Index Cond: ((k >= 1500845) AND (k <= 1500945))

table 6 : explain SELECT k, c FROM sbtest6 WHERE k BETWEEN 1500845 AND 1500945
	Bitmap Heap Scan on sbtest6  (cost=5.54..433.06 rows=108 width=125)
	  Recheck Cond: ((k >= 1500845) AND (k <= 1500945))
	  ->  Bitmap Index Scan on k_6  (cost=0.00..5.51 rows=108 width=0)
	        Index Cond: ((k >= 1500845) AND (k <= 1500945))

table 7 : explain SELECT k, c FROM sbtest7 WHERE k BETWEEN 1500845 AND 1500945
	Bitmap Heap Scan on sbtest7  (cost=5.59..452.76 rows=113 width=125)
	  Recheck Cond: ((k >= 1500845) AND (k <= 1500945))
	  ->  Bitmap Index Scan on k_7  (cost=0.00..5.56 rows=113 width=0)
	        Index Cond: ((k >= 1500845) AND (k <= 1500945))

table 8 : explain SELECT k, c FROM sbtest8 WHERE k BETWEEN 1500845 AND 1500945
	Bitmap Heap Scan on sbtest8  (cost=5.48..409.41 rows=102 width=125)
	  Recheck Cond: ((k >= 1500845) AND (k <= 1500945))
	  ->  Bitmap Index Scan on k_8  (cost=0.00..5.45 rows=102 width=0)
	        Index Cond: ((k >= 1500845) AND (k <= 1500945))

explain: for range-notcovered :: explain SELECT k, c FROM sbtest%d WHERE k BETWEEN 7014798 AND 7014898
for range-notcovered
table 1 : explain SELECT k, c FROM sbtest1 WHERE k BETWEEN 5198029 AND 5198129
	Bitmap Heap Scan on sbtest1  (cost=5.48..409.32 rows=102 width=125)
	  Recheck Cond: ((k >= 5198029) AND (k <= 5198129))
	  ->  Bitmap Index Scan on k_1  (cost=0.00..5.45 rows=102 width=0)
	        Index Cond: ((k >= 5198029) AND (k <= 5198129))

table 2 : explain SELECT k, c FROM sbtest2 WHERE k BETWEEN 5198029 AND 5198129
	Bitmap Heap Scan on sbtest2  (cost=5.50..417.23 rows=104 width=125)
	  Recheck Cond: ((k >= 5198029) AND (k <= 5198129))
	  ->  Bitmap Index Scan on k_2  (cost=0.00..5.47 rows=104 width=0)
	        Index Cond: ((k >= 5198029) AND (k <= 5198129))

table 3 : explain SELECT k, c FROM sbtest3 WHERE k BETWEEN 5198029 AND 5198129
	Bitmap Heap Scan on sbtest3  (cost=5.60..456.63 rows=114 width=125)
	  Recheck Cond: ((k >= 5198029) AND (k <= 5198129))
	  ->  Bitmap Index Scan on k_3  (cost=0.00..5.58 rows=114 width=0)
	        Index Cond: ((k >= 5198029) AND (k <= 5198129))

table 4 : explain SELECT k, c FROM sbtest4 WHERE k BETWEEN 5198029 AND 5198129
	Bitmap Heap Scan on sbtest4  (cost=5.47..405.44 rows=101 width=125)
	  Recheck Cond: ((k >= 5198029) AND (k <= 5198129))
	  ->  Bitmap Index Scan on k_4  (cost=0.00..5.44 rows=101 width=0)
	        Index Cond: ((k >= 5198029) AND (k <= 5198129))

table 5 : explain SELECT k, c FROM sbtest5 WHERE k BETWEEN 5198029 AND 5198129
	Bitmap Heap Scan on sbtest5  (cost=5.46..401.50 rows=100 width=125)
	  Recheck Cond: ((k >= 5198029) AND (k <= 5198129))
	  ->  Bitmap Index Scan on k_5  (cost=0.00..5.43 rows=100 width=0)
	        Index Cond: ((k >= 5198029) AND (k <= 5198129))

table 6 : explain SELECT k, c FROM sbtest6 WHERE k BETWEEN 5198029 AND 5198129
	Bitmap Heap Scan on sbtest6  (cost=5.60..456.70 rows=114 width=125)
	  Recheck Cond: ((k >= 5198029) AND (k <= 5198129))
	  ->  Bitmap Index Scan on k_6  (cost=0.00..5.58 rows=114 width=0)
	        Index Cond: ((k >= 5198029) AND (k <= 5198129))

table 7 : explain SELECT k, c FROM sbtest7 WHERE k BETWEEN 5198029 AND 5198129
	Bitmap Heap Scan on sbtest7  (cost=5.65..476.38 rows=119 width=125)
	  Recheck Cond: ((k >= 5198029) AND (k <= 5198129))
	  ->  Bitmap Index Scan on k_7  (cost=0.00..5.62 rows=119 width=0)
	        Index Cond: ((k >= 5198029) AND (k <= 5198129))

table 8 : explain SELECT k, c FROM sbtest8 WHERE k BETWEEN 5198029 AND 5198129
	Bitmap Heap Scan on sbtest8  (cost=5.55..437.00 rows=109 width=125)
	  Recheck Cond: ((k >= 5198029) AND (k <= 5198129))
	  ->  Bitmap Index Scan on k_8  (cost=0.00..5.52 rows=109 width=0)
	        Index Cond: ((k >= 5198029) AND (k <= 5198129))
for range-notcovered
table 1 : explain SELECT k, c FROM sbtest1 WHERE k BETWEEN 2168939 AND 2169039
	Bitmap Heap Scan on sbtest1  (cost=5.36..361.99 rows=90 width=125)
	  Recheck Cond: ((k >= 2168939) AND (k <= 2169039))
	  ->  Bitmap Index Scan on k_1  (cost=0.00..5.33 rows=90 width=0)
	        Index Cond: ((k >= 2168939) AND (k <= 2169039))

table 2 : explain SELECT k, c FROM sbtest2 WHERE k BETWEEN 2168939 AND 2169039
	Bitmap Heap Scan on sbtest2  (cost=5.44..393.58 rows=98 width=125)
	  Recheck Cond: ((k >= 2168939) AND (k <= 2169039))
	  ->  Bitmap Index Scan on k_2  (cost=0.00..5.42 rows=98 width=0)
	        Index Cond: ((k >= 2168939) AND (k <= 2169039))

table 3 : explain SELECT k, c FROM sbtest3 WHERE k BETWEEN 2168939 AND 2169039
	Bitmap Heap Scan on sbtest3  (cost=5.58..448.76 rows=112 width=125)
	  Recheck Cond: ((k >= 2168939) AND (k <= 2169039))
	  ->  Bitmap Index Scan on k_3  (cost=0.00..5.55 rows=112 width=0)
	        Index Cond: ((k >= 2168939) AND (k <= 2169039))

table 4 : explain SELECT k, c FROM sbtest4 WHERE k BETWEEN 2168939 AND 2169039
	Bitmap Heap Scan on sbtest4  (cost=5.41..381.77 rows=95 width=125)
	  Recheck Cond: ((k >= 2168939) AND (k <= 2169039))
	  ->  Bitmap Index Scan on k_4  (cost=0.00..5.38 rows=95 width=0)
	        Index Cond: ((k >= 2168939) AND (k <= 2169039))

table 5 : explain SELECT k, c FROM sbtest5 WHERE k BETWEEN 2168939 AND 2169039
	Bitmap Heap Scan on sbtest5  (cost=5.52..425.15 rows=106 width=125)
	  Recheck Cond: ((k >= 2168939) AND (k <= 2169039))
	  ->  Bitmap Index Scan on k_5  (cost=0.00..5.50 rows=106 width=0)
	        Index Cond: ((k >= 2168939) AND (k <= 2169039))

table 6 : explain SELECT k, c FROM sbtest6 WHERE k BETWEEN 2168939 AND 2169039
	Bitmap Heap Scan on sbtest6  (cost=5.57..444.88 rows=111 width=125)
	  Recheck Cond: ((k >= 2168939) AND (k <= 2169039))
	  ->  Bitmap Index Scan on k_6  (cost=0.00..5.54 rows=111 width=0)
	        Index Cond: ((k >= 2168939) AND (k <= 2169039))

table 7 : explain SELECT k, c FROM sbtest7 WHERE k BETWEEN 2168939 AND 2169039
	Bitmap Heap Scan on sbtest7  (cost=5.53..429.12 rows=107 width=125)
	  Recheck Cond: ((k >= 2168939) AND (k <= 2169039))
	  ->  Bitmap Index Scan on k_7  (cost=0.00..5.50 rows=107 width=0)
	        Index Cond: ((k >= 2168939) AND (k <= 2169039))

table 8 : explain SELECT k, c FROM sbtest8 WHERE k BETWEEN 2168939 AND 2169039
	Bitmap Heap Scan on sbtest8  (cost=5.61..460.63 rows=115 width=125)
	  Recheck Cond: ((k >= 2168939) AND (k <= 2169039))
	  ->  Bitmap Index Scan on k_8  (cost=0.00..5.58 rows=115 width=0)
	        Index Cond: ((k >= 2168939) AND (k <= 2169039))
explain: for range-notcovered :: explain SELECT k, c FROM sbtest%d WHERE k BETWEEN 4395323 AND 4395423explain: for range-notcovered :: explain SELECT k, c FROM sbtest%d WHERE k BETWEEN 231832 AND 231932
explain: for range-notcovered :: explain SELECT k, c FROM sbtest%d WHERE k BETWEEN 6724376 AND 6724476explain: for range-notcovered :: explain SELECT k, c FROM sbtest%d WHERE k BETWEEN 1500845 AND 1500945
explain: for range-notcovered :: explain SELECT k, c FROM sbtest%d WHERE k BETWEEN 5409911 AND 5410011
explain: for range-notcovered :: explain SELECT k, c FROM sbtest%d WHERE k BETWEEN 7267824 AND 7267924for range-notcovered
table 1 : explain SELECT k, c FROM sbtest1 WHERE k BETWEEN 3169993 AND 3170093
	Bitmap Heap Scan on sbtest1  (cost=5.45..397.49 rows=99 width=125)
	  Recheck Cond: ((k >= 3169993) AND (k <= 3170093))
	  ->  Bitmap Index Scan on k_1  (cost=0.00..5.42 rows=99 width=0)
	        Index Cond: ((k >= 3169993) AND (k <= 3170093))

table 2 : explain SELECT k, c FROM sbtest2 WHERE k BETWEEN 3169993 AND 3170093
	Bitmap Heap Scan on sbtest2  (cost=5.42..385.69 rows=96 width=125)
	  Recheck Cond: ((k >= 3169993) AND (k <= 3170093))
	  ->  Bitmap Index Scan on k_2  (cost=0.00..5.39 rows=96 width=0)
	        Index Cond: ((k >= 3169993) AND (k <= 3170093))

table 3 : explain SELECT k, c FROM sbtest3 WHERE k BETWEEN 3169993 AND 3170093
	Bitmap Heap Scan on sbtest3  (cost=5.56..440.88 rows=110 width=125)
	  Recheck Cond: ((k >= 3169993) AND (k <= 3170093))
	  ->  Bitmap Index Scan on k_3  (cost=0.00..5.53 rows=110 width=0)
	        Index Cond: ((k >= 3169993) AND (k <= 3170093))

table 4 : explain SELECT k, c FROM sbtest4 WHERE k BETWEEN 3169993 AND 3170093
	Bitmap Heap Scan on sbtest4  (cost=5.53..429.09 rows=107 width=125)
	  Recheck Cond: ((k >= 3169993) AND (k <= 3170093))
	  ->  Bitmap Index Scan on k_4  (cost=0.00..5.50 rows=107 width=0)
	        Index Cond: ((k >= 3169993) AND (k <= 3170093))

table 5 : explain SELECT k, c FROM sbtest5 WHERE k BETWEEN 3169993 AND 3170093
	Bitmap Heap Scan on sbtest5  (cost=5.42..385.72 rows=96 width=125)
	  Recheck Cond: ((k >= 3169993) AND (k <= 3170093))
	  ->  Bitmap Index Scan on k_5  (cost=0.00..5.39 rows=96 width=0)
	        Index Cond: ((k >= 3169993) AND (k <= 3170093))

table 6 : explain SELECT k, c FROM sbtest6 WHERE k BETWEEN 3169993 AND 3170093
	Bitmap Heap Scan on sbtest6  (cost=5.38..369.96 rows=92 width=125)
	  Recheck Cond: ((k >= 3169993) AND (k <= 3170093))
	  ->  Bitmap Index Scan on k_6  (cost=0.00..5.35 rows=92 width=0)
	        Index Cond: ((k >= 3169993) AND (k <= 3170093))

table 7 : explain SELECT k, c FROM sbtest7 WHERE k BETWEEN 3169993 AND 3170093
	Bitmap Heap Scan on sbtest7  (cost=5.47..405.46 rows=101 width=125)
	  Recheck Cond: ((k >= 3169993) AND (k <= 3170093))
	  ->  Bitmap Index Scan on k_7  (cost=0.00..5.44 rows=101 width=0)
	        Index Cond: ((k >= 3169993) AND (k <= 3170093))

table 8 : explain SELECT k, c FROM sbtest8 WHERE k BETWEEN 3169993 AND 3170093
	Bitmap Heap Scan on sbtest8  (cost=5.47..405.47 rows=101 width=125)
	  Recheck Cond: ((k >= 3169993) AND (k <= 3170093))
	  ->  Bitmap Index Scan on k_8  (cost=0.00..5.44 rows=101 width=0)
	        Index Cond: ((k >= 3169993) AND (k <= 3170093))

explain: for range-notcovered :: explain SELECT k, c FROM sbtest%d WHERE k BETWEEN 3701523 AND 3701623
explain: for range-notcovered :: explain SELECT k, c FROM sbtest%d WHERE k BETWEEN 3967413 AND 3967513
explain: for range-notcovered :: explain SELECT k, c FROM sbtest%d WHERE k BETWEEN 3818532 AND 3818632

explain: for range-notcovered :: explain SELECT k, c FROM sbtest%d WHERE k BETWEEN 4221738 AND 4221838
explain: for range-notcovered :: explain SELECT k, c FROM sbtest%d WHERE k BETWEEN 5046403 AND 5046503


for range-notcovered
table 1 : explain SELECT k, c FROM sbtest1 WHERE k BETWEEN 5662288 AND 5662388
	Bitmap Heap Scan on sbtest1  (cost=5.42..385.66 rows=96 width=125)
	  Recheck Cond: ((k >= 5662288) AND (k <= 5662388))
	  ->  Bitmap Index Scan on k_1  (cost=0.00..5.39 rows=96 width=0)
	        Index Cond: ((k >= 5662288) AND (k <= 5662388))

table 2 : explain SELECT k, c FROM sbtest2 WHERE k BETWEEN 5662288 AND 5662388
	Bitmap Heap Scan on sbtest2  (cost=5.40..377.80 rows=94 width=125)
	  Recheck Cond: ((k >= 5662288) AND (k <= 5662388))
	  ->  Bitmap Index Scan on k_2  (cost=0.00..5.38 rows=94 width=0)
	        Index Cond: ((k >= 5662288) AND (k <= 5662388))

table 3 : explain SELECT k, c FROM sbtest3 WHERE k BETWEEN 5662288 AND 5662388
	Bitmap Heap Scan on sbtest3  (cost=5.53..429.06 rows=107 width=125)
	  Recheck Cond: ((k >= 5662288) AND (k <= 5662388))
	  ->  Bitmap Index Scan on k_3  (cost=0.00..5.50 rows=107 width=0)
	        Index Cond: ((k >= 5662288) AND (k <= 5662388))

table 4 : explain SELECT k, c FROM sbtest4 WHERE k BETWEEN 5662288 AND 5662388
	Bitmap Heap Scan on sbtest4  (cost=5.55..436.97 rows=109 width=125)
	  Recheck Cond: ((k >= 5662288) AND (k <= 5662388))
	  ->  Bitmap Index Scan on k_4  (cost=0.00..5.52 rows=109 width=0)
	        Index Cond: ((k >= 5662288) AND (k <= 5662388))

table 5 : explain SELECT k, c FROM sbtest5 WHERE k BETWEEN 5662288 AND 5662388
	Bitmap Heap Scan on sbtest5  (cost=5.35..358.10 rows=89 width=125)
	  Recheck Cond: ((k >= 5662288) AND (k <= 5662388))
	  ->  Bitmap Index Scan on k_5  (cost=0.00..5.32 rows=89 width=0)
	        Index Cond: ((k >= 5662288) AND (k <= 5662388))

table 6 : explain SELECT k, c FROM sbtest6 WHERE k BETWEEN 5662288 AND 5662388
	Bitmap Heap Scan on sbtest6  (cost=5.41..381.80 rows=95 width=125)
	  Recheck Cond: ((k >= 5662288) AND (k <= 5662388))
	  ->  Bitmap Index Scan on k_6  (cost=0.00..5.38 rows=95 width=0)
	        Index Cond: ((k >= 5662288) AND (k <= 5662388))

table 7 : explain SELECT k, c FROM sbtest7 WHERE k BETWEEN 5662288 AND 5662388
	Bitmap Heap Scan on sbtest7  (cost=5.54..433.06 rows=108 width=125)
	  Recheck Cond: ((k >= 5662288) AND (k <= 5662388))
	  ->  Bitmap Index Scan on k_7  (cost=0.00..5.51 rows=108 width=0)
	        Index Cond: ((k >= 5662288) AND (k <= 5662388))

table 8 : explain SELECT k, c FROM sbtest8 WHERE k BETWEEN 5662288 AND 5662388
	Bitmap Heap Scan on sbtest8  (cost=5.46..401.52 rows=100 width=125)
	  Recheck Cond: ((k >= 5662288) AND (k <= 5662388))
	  ->  Bitmap Index Scan on k_8  (cost=0.00..5.43 rows=100 width=0)
	        Index Cond: ((k >= 5662288) AND (k <= 5662388))


explain: for range-notcovered :: explain SELECT k, c FROM sbtest%d WHERE k BETWEEN 5198029 AND 5198129

for range-notcovered
table 1 : explain SELECT k, c FROM sbtest1 WHERE k BETWEEN 3569640 AND 3569740
	Bitmap Heap Scan on sbtest1  (cost=5.49..413.26 rows=103 width=125)
	  Recheck Cond: ((k >= 3569640) AND (k <= 3569740))
	  ->  Bitmap Index Scan on k_1  (cost=0.00..5.46 rows=103 width=0)
	        Index Cond: ((k >= 3569640) AND (k <= 3569740))

table 2 : explain SELECT k, c FROM sbtest2 WHERE k BETWEEN 3569640 AND 3569740
	Bitmap Heap Scan on sbtest2  (cost=5.54..433.00 rows=108 width=125)
	  Recheck Cond: ((k >= 3569640) AND (k <= 3569740))
	  ->  Bitmap Index Scan on k_2  (cost=0.00..5.51 rows=108 width=0)
	        Index Cond: ((k >= 3569640) AND (k <= 3569740))

table 3 : explain SELECT k, c FROM sbtest3 WHERE k BETWEEN 3569640 AND 3569740
	Bitmap Heap Scan on sbtest3  (cost=5.44..393.58 rows=98 width=125)
	  Recheck Cond: ((k >= 3569640) AND (k <= 3569740))
	  ->  Bitmap Index Scan on k_3  (cost=0.00..5.42 rows=98 width=0)
	        Index Cond: ((k >= 3569640) AND (k <= 3569740))

table 4 : explain SELECT k, c FROM sbtest4 WHERE k BETWEEN 3569640 AND 3569740
	Bitmap Heap Scan on sbtest4  (cost=5.47..405.44 rows=101 width=125)
	  Recheck Cond: ((k >= 3569640) AND (k <= 3569740))
	  ->  Bitmap Index Scan on k_4  (cost=0.00..5.44 rows=101 width=0)
	        Index Cond: ((k >= 3569640) AND (k <= 3569740))

table 5 : explain SELECT k, c FROM sbtest5 WHERE k BETWEEN 3569640 AND 3569740
	Bitmap Heap Scan on sbtest5  (cost=5.46..401.50 rows=100 width=125)
	  Recheck Cond: ((k >= 3569640) AND (k <= 3569740))
	  ->  Bitmap Index Scan on k_5  (cost=0.00..5.43 rows=100 width=0)
	        Index Cond: ((k >= 3569640) AND (k <= 3569740))

table 6 : explain SELECT k, c FROM sbtest6 WHERE k BETWEEN 3569640 AND 3569740
	Bitmap Heap Scan on sbtest6  (cost=5.46..401.52 rows=100 width=125)
	  Recheck Cond: ((k >= 3569640) AND (k <= 3569740))
	  ->  Bitmap Index Scan on k_6  (cost=0.00..5.43 rows=100 width=0)
	        Index Cond: ((k >= 3569640) AND (k <= 3569740))

table 7 : explain SELECT k, c FROM sbtest7 WHERE k BETWEEN 3569640 AND 3569740
	Bitmap Heap Scan on sbtest7  (cost=5.45..397.58 rows=99 width=125)
	  Recheck Cond: ((k >= 3569640) AND (k <= 3569740))
	  ->  Bitmap Index Scan on k_7  (cost=0.00..5.42 rows=99 width=0)
	        Index Cond: ((k >= 3569640) AND (k <= 3569740))

table 8 : explain SELECT k, c FROM sbtest8 WHERE k BETWEEN 3569640 AND 3569740
	Bitmap Heap Scan on sbtest8  (cost=5.48..409.41 rows=102 width=125)
	  Recheck Cond: ((k >= 3569640) AND (k <= 3569740))
	  ->  Bitmap Index Scan on k_8  (cost=0.00..5.45 rows=102 width=0)
	        Index Cond: ((k >= 3569640) AND (k <= 3569740))

for range-notcovered
table 1 : explain SELECT k, c FROM sbtest1 WHERE k BETWEEN 6393573 AND 6393673
	Bitmap Heap Scan on sbtest1  (cost=5.50..417.20 rows=104 width=125)
	  Recheck Cond: ((k >= 6393573) AND (k <= 6393673))
	  ->  Bitmap Index Scan on k_1  (cost=0.00..5.47 rows=104 width=0)
	        Index Cond: ((k >= 6393573) AND (k <= 6393673))

table 2 : explain SELECT k, c FROM sbtest2 WHERE k BETWEEN 6393573 AND 6393673
	Bitmap Heap Scan on sbtest2  (cost=5.46..401.47 rows=100 width=125)
	  Recheck Cond: ((k >= 6393573) AND (k <= 6393673))
	  ->  Bitmap Index Scan on k_2  (cost=0.00..5.43 rows=100 width=0)
	        Index Cond: ((k >= 6393573) AND (k <= 6393673))

table 3 : explain SELECT k, c FROM sbtest3 WHERE k BETWEEN 6393573 AND 6393673
	Bitmap Heap Scan on sbtest3  (cost=5.48..409.36 rows=102 width=125)
	  Recheck Cond: ((k >= 6393573) AND (k <= 6393673))
	  ->  Bitmap Index Scan on k_3  (cost=0.00..5.45 rows=102 width=0)
	        Index Cond: ((k >= 6393573) AND (k <= 6393673))

table 4 : explain SELECT k, c FROM sbtest4 WHERE k BETWEEN 6393573 AND 6393673
	Bitmap Heap Scan on sbtest4  (cost=5.47..405.44 rows=101 width=125)
	  Recheck Cond: ((k >= 6393573) AND (k <= 6393673))
	  ->  Bitmap Index Scan on k_4  (cost=0.00..5.44 rows=101 width=0)
	        Index Cond: ((k >= 6393573) AND (k <= 6393673))

table 5 : explain SELECT k, c FROM sbtest5 WHERE k BETWEEN 6393573 AND 6393673
	Bitmap Heap Scan on sbtest5  (cost=5.47..405.44 rows=101 width=125)
	  Recheck Cond: ((k >= 6393573) AND (k <= 6393673))
	  ->  Bitmap Index Scan on k_5  (cost=0.00..5.44 rows=101 width=0)
	        Index Cond: ((k >= 6393573) AND (k <= 6393673))

table 6 : explain SELECT k, c FROM sbtest6 WHERE k BETWEEN 6393573 AND 6393673
	Bitmap Heap Scan on sbtest6  (cost=5.51..421.24 rows=105 width=125)
	  Recheck Cond: ((k >= 6393573) AND (k <= 6393673))
	  ->  Bitmap Index Scan on k_6  (cost=0.00..5.48 rows=105 width=0)
	        Index Cond: ((k >= 6393573) AND (k <= 6393673))

table 7 : explain SELECT k, c FROM sbtest7 WHERE k BETWEEN 6393573 AND 6393673
	Bitmap Heap Scan on sbtest7  (cost=5.50..417.29 rows=104 width=125)
	  Recheck Cond: ((k >= 6393573) AND (k <= 6393673))
	  ->  Bitmap Index Scan on k_7  (cost=0.00..5.47 rows=104 width=0)
	        Index Cond: ((k >= 6393573) AND (k <= 6393673))

table 8 : explain SELECT k, c FROM sbtest8 WHERE k BETWEEN 6393573 AND 6393673
	Bitmap Heap Scan on sbtest8  (cost=5.47..405.47 rows=101 width=125)
	  Recheck Cond: ((k >= 6393573) AND (k <= 6393673))
	  ->  Bitmap Index Scan on k_8  (cost=0.00..5.44 rows=101 width=0)
	        Index Cond: ((k >= 6393573) AND (k <= 6393673))


for range-notcovered
table 1 : explain SELECT k, c FROM sbtest1 WHERE k BETWEEN 6413332 AND 6413432
	Bitmap Heap Scan on sbtest1  (cost=5.50..417.20 rows=104 width=125)
	  Recheck Cond: ((k >= 6413332) AND (k <= 6413432))
	  ->  Bitmap Index Scan on k_1  (cost=0.00..5.47 rows=104 width=0)
	        Index Cond: ((k >= 6413332) AND (k <= 6413432))

table 2 : explain SELECT k, c FROM sbtest2 WHERE k BETWEEN 6413332 AND 6413432
	Bitmap Heap Scan on sbtest2  (cost=5.46..401.47 rows=100 width=125)
	  Recheck Cond: ((k >= 6413332) AND (k <= 6413432))
	  ->  Bitmap Index Scan on k_2  (cost=0.00..5.43 rows=100 width=0)
	        Index Cond: ((k >= 6413332) AND (k <= 6413432))

table 3 : explain SELECT k, c FROM sbtest3 WHERE k BETWEEN 6413332 AND 6413432
	Bitmap Heap Scan on sbtest3  (cost=5.51..421.18 rows=105 width=125)
	  Recheck Cond: ((k >= 6413332) AND (k <= 6413432))
	  ->  Bitmap Index Scan on k_3  (cost=0.00..5.48 rows=105 width=0)
	        Index Cond: ((k >= 6413332) AND (k <= 6413432))

table 4 : explain SELECT k, c FROM sbtest4 WHERE k BETWEEN 6413332 AND 6413432
	Bitmap Heap Scan on sbtest4  (cost=5.47..405.44 rows=101 width=125)
	  Recheck Cond: ((k >= 6413332) AND (k <= 6413432))
	  ->  Bitmap Index Scan on k_4  (cost=0.00..5.44 rows=101 width=0)
	        Index Cond: ((k >= 6413332) AND (k <= 6413432))

table 5 : explain SELECT k, c FROM sbtest5 WHERE k BETWEEN 6413332 AND 6413432
	Bitmap Heap Scan on sbtest5  (cost=5.47..405.44 rows=101 width=125)
	  Recheck Cond: ((k >= 6413332) AND (k <= 6413432))
	  ->  Bitmap Index Scan on k_5  (cost=0.00..5.44 rows=101 width=0)
	        Index Cond: ((k >= 6413332) AND (k <= 6413432))

table 6 : explain SELECT k, c FROM sbtest6 WHERE k BETWEEN 6413332 AND 6413432
	Bitmap Heap Scan on sbtest6  (cost=5.51..421.24 rows=105 width=125)
	  Recheck Cond: ((k >= 6413332) AND (k <= 6413432))
	  ->  Bitmap Index Scan on k_6  (cost=0.00..5.48 rows=105 width=0)
	        Index Cond: ((k >= 6413332) AND (k <= 6413432))

table 7 : explain SELECT k, c FROM sbtest7 WHERE k BETWEEN 6413332 AND 6413432
	Bitmap Heap Scan on sbtest7  (cost=5.50..417.29 rows=104 width=125)
	  Recheck Cond: ((k >= 6413332) AND (k <= 6413432))
	  ->  Bitmap Index Scan on k_7  (cost=0.00..5.47 rows=104 width=0)
	        Index Cond: ((k >= 6413332) AND (k <= 6413432))

table 8 : explain SELECT k, c FROM sbtest8 WHERE k BETWEEN 6413332 AND 6413432
	Bitmap Heap Scan on sbtest8  (cost=5.47..405.47 rows=101 width=125)
	  Recheck Cond: ((k >= 6413332) AND (k <= 6413432))
	  ->  Bitmap Index Scan on k_8  (cost=0.00..5.44 rows=101 width=0)
	        Index Cond: ((k >= 6413332) AND (k <= 6413432))

for range-notcovered
table 1 : explain SELECT k, c FROM sbtest1 WHERE k BETWEEN 5389193 AND 5389293
	Bitmap Heap Scan on sbtest1  (cost=5.58..448.71 rows=112 width=125)
	  Recheck Cond: ((k >= 5389193) AND (k <= 5389293))
	  ->  Bitmap Index Scan on k_1  (cost=0.00..5.55 rows=112 width=0)
	        Index Cond: ((k >= 5389193) AND (k <= 5389293))

table 2 : explain SELECT k, c FROM sbtest2 WHERE k BETWEEN 5389193 AND 5389293
	Bitmap Heap Scan on sbtest2  (cost=5.46..401.47 rows=100 width=125)
	  Recheck Cond: ((k >= 5389193) AND (k <= 5389293))
	  ->  Bitmap Index Scan on k_2  (cost=0.00..5.43 rows=100 width=0)
	        Index Cond: ((k >= 5389193) AND (k <= 5389293))

table 3 : explain SELECT k, c FROM sbtest3 WHERE k BETWEEN 5389193 AND 5389293
	Bitmap Heap Scan on sbtest3  (cost=5.41..381.75 rows=95 width=125)
	  Recheck Cond: ((k >= 5389193) AND (k <= 5389293))
	  ->  Bitmap Index Scan on k_3  (cost=0.00..5.38 rows=95 width=0)
	        Index Cond: ((k >= 5389193) AND (k <= 5389293))

table 4 : explain SELECT k, c FROM sbtest4 WHERE k BETWEEN 5389193 AND 5389293
	Bitmap Heap Scan on sbtest4  (cost=5.43..389.66 rows=97 width=125)
	  Recheck Cond: ((k >= 5389193) AND (k <= 5389293))
	  ->  Bitmap Index Scan on k_4  (cost=0.00..5.40 rows=97 width=0)
	        Index Cond: ((k >= 5389193) AND (k <= 5389293))

table 5 : explain SELECT k, c FROM sbtest5 WHERE k BETWEEN 5389193 AND 5389293
	Bitmap Heap Scan on sbtest5  (cost=5.47..405.44 rows=101 width=125)
	  Recheck Cond: ((k >= 5389193) AND (k <= 5389293))
	  ->  Bitmap Index Scan on k_5  (cost=0.00..5.44 rows=101 width=0)
	        Index Cond: ((k >= 5389193) AND (k <= 5389293))

table 6 : explain SELECT k, c FROM sbtest6 WHERE k BETWEEN 5389193 AND 5389293
	Bitmap Heap Scan on sbtest6  (cost=5.54..433.06 rows=108 width=125)
	  Recheck Cond: ((k >= 5389193) AND (k <= 5389293))
	  ->  Bitmap Index Scan on k_6  (cost=0.00..5.51 rows=108 width=0)
	        Index Cond: ((k >= 5389193) AND (k <= 5389293))

table 7 : explain SELECT k, c FROM sbtest7 WHERE k BETWEEN 5389193 AND 5389293
	Bitmap Heap Scan on sbtest7  (cost=5.56..440.94 rows=110 width=125)
	  Recheck Cond: ((k >= 5389193) AND (k <= 5389293))
	  ->  Bitmap Index Scan on k_7  (cost=0.00..5.53 rows=110 width=0)
	        Index Cond: ((k >= 5389193) AND (k <= 5389293))

table 8 : explain SELECT k, c FROM sbtest8 WHERE k BETWEEN 5389193 AND 5389293
	Bitmap Heap Scan on sbtest8  (cost=5.42..385.74 rows=96 width=125)
	  Recheck Cond: ((k >= 5389193) AND (k <= 5389293))
	  ->  Bitmap Index Scan on k_8  (cost=0.00..5.39 rows=96 width=0)
	        Index Cond: ((k >= 5389193) AND (k <= 5389293))

for range-notcovered
table 1 : explain SELECT k, c FROM sbtest1 WHERE k BETWEEN 5513675 AND 5513775
	Bitmap Heap Scan on sbtest1  (cost=5.52..425.08 rows=106 width=125)
	  Recheck Cond: ((k >= 5513675) AND (k <= 5513775))
	  ->  Bitmap Index Scan on k_1  (cost=0.00..5.50 rows=106 width=0)
	        Index Cond: ((k >= 5513675) AND (k <= 5513775))

table 2 : explain SELECT k, c FROM sbtest2 WHERE k BETWEEN 5513675 AND 5513775
	Bitmap Heap Scan on sbtest2  (cost=5.51..421.18 rows=105 width=125)
	  Recheck Cond: ((k >= 5513675) AND (k <= 5513775))
	  ->  Bitmap Index Scan on k_2  (cost=0.00..5.48 rows=105 width=0)
	        Index Cond: ((k >= 5513675) AND (k <= 5513775))

table 3 : explain SELECT k, c FROM sbtest3 WHERE k BETWEEN 5513675 AND 5513775
	Bitmap Heap Scan on sbtest3  (cost=5.46..401.47 rows=100 width=125)
	  Recheck Cond: ((k >= 5513675) AND (k <= 5513775))
	  ->  Bitmap Index Scan on k_3  (cost=0.00..5.43 rows=100 width=0)
	        Index Cond: ((k >= 5513675) AND (k <= 5513775))

table 4 : explain SELECT k, c FROM sbtest4 WHERE k BETWEEN 5513675 AND 5513775
	Bitmap Heap Scan on sbtest4  (cost=5.47..405.44 rows=101 width=125)
	  Recheck Cond: ((k >= 5513675) AND (k <= 5513775))
	  ->  Bitmap Index Scan on k_4  (cost=0.00..5.44 rows=101 width=0)
	        Index Cond: ((k >= 5513675) AND (k <= 5513775))

table 5 : explain SELECT k, c FROM sbtest5 WHERE k BETWEEN 5513675 AND 5513775
	Bitmap Heap Scan on sbtest5  (cost=5.43..389.67 rows=97 width=125)
	  Recheck Cond: ((k >= 5513675) AND (k <= 5513775))
	  ->  Bitmap Index Scan on k_5  (cost=0.00..5.40 rows=97 width=0)
	        Index Cond: ((k >= 5513675) AND (k <= 5513775))

table 6 : explain SELECT k, c FROM sbtest6 WHERE k BETWEEN 5513675 AND 5513775
	Bitmap Heap Scan on sbtest6  (cost=5.38..369.96 rows=92 width=125)
	  Recheck Cond: ((k >= 5513675) AND (k <= 5513775))
	  ->  Bitmap Index Scan on k_6  (cost=0.00..5.35 rows=92 width=0)
	        Index Cond: ((k >= 5513675) AND (k <= 5513775))

table 7 : explain SELECT k, c FROM sbtest7 WHERE k BETWEEN 5513675 AND 5513775
	Bitmap Heap Scan on sbtest7  (cost=5.45..397.58 rows=99 width=125)
	  Recheck Cond: ((k >= 5513675) AND (k <= 5513775))
	  ->  Bitmap Index Scan on k_7  (cost=0.00..5.42 rows=99 width=0)
	        Index Cond: ((k >= 5513675) AND (k <= 5513775))

table 8 : explain SELECT k, c FROM sbtest8 WHERE k BETWEEN 5513675 AND 5513775
	Bitmap Heap Scan on sbtest8  (cost=5.45..397.58 rows=99 width=125)
	  Recheck Cond: ((k >= 5513675) AND (k <= 5513775))
	  ->  Bitmap Index Scan on k_8  (cost=0.00..5.42 rows=99 width=0)
	        Index Cond: ((k >= 5513675) AND (k <= 5513775))

for range-notcovered
table 1 : explain SELECT k, c FROM sbtest1 WHERE k BETWEEN 4989850 AND 4989950
	Bitmap Heap Scan on sbtest1  (cost=5.57..444.78 rows=111 width=125)
	  Recheck Cond: ((k >= 4989850) AND (k <= 4989950))
	  ->  Bitmap Index Scan on k_1  (cost=0.00..5.54 rows=111 width=0)
	        Index Cond: ((k >= 4989850) AND (k <= 4989950))

table 2 : explain SELECT k, c FROM sbtest2 WHERE k BETWEEN 4989850 AND 4989950
	Bitmap Heap Scan on sbtest2  (cost=5.49..413.29 rows=103 width=125)
	  Recheck Cond: ((k >= 4989850) AND (k <= 4989950))
	  ->  Bitmap Index Scan on k_2  (cost=0.00..5.46 rows=103 width=0)
	        Index Cond: ((k >= 4989850) AND (k <= 4989950))

table 3 : explain SELECT k, c FROM sbtest3 WHERE k BETWEEN 4989850 AND 4989950
	Bitmap Heap Scan on sbtest3  (cost=5.51..421.18 rows=105 width=125)
	  Recheck Cond: ((k >= 4989850) AND (k <= 4989950))
	  ->  Bitmap Index Scan on k_3  (cost=0.00..5.48 rows=105 width=0)
	        Index Cond: ((k >= 4989850) AND (k <= 4989950))

table 4 : explain SELECT k, c FROM sbtest4 WHERE k BETWEEN 4989850 AND 4989950
	Bitmap Heap Scan on sbtest4  (cost=5.43..389.66 rows=97 width=125)
	  Recheck Cond: ((k >= 4989850) AND (k <= 4989950))
	  ->  Bitmap Index Scan on k_4  (cost=0.00..5.40 rows=97 width=0)
	        Index Cond: ((k >= 4989850) AND (k <= 4989950))

table 5 : explain SELECT k, c FROM sbtest5 WHERE k BETWEEN 4989850 AND 4989950
	Bitmap Heap Scan on sbtest5  (cost=5.54..433.03 rows=108 width=125)
	  Recheck Cond: ((k >= 4989850) AND (k <= 4989950))
	  ->  Bitmap Index Scan on k_5  (cost=0.00..5.51 rows=108 width=0)
	        Index Cond: ((k >= 4989850) AND (k <= 4989950))

table 6 : explain SELECT k, c FROM sbtest6 WHERE k BETWEEN 4989850 AND 4989950
	Bitmap Heap Scan on sbtest6  (cost=5.45..397.58 rows=99 width=125)
	  Recheck Cond: ((k >= 4989850) AND (k <= 4989950))
	  ->  Bitmap Index Scan on k_6  (cost=0.00..5.42 rows=99 width=0)
	        Index Cond: ((k >= 4989850) AND (k <= 4989950))

table 7 : explain SELECT k, c FROM sbtest7 WHERE k BETWEEN 4989850 AND 4989950
	Bitmap Heap Scan on sbtest7  (cost=5.48..409.41 rows=102 width=125)
	  Recheck Cond: ((k >= 4989850) AND (k <= 4989950))
	  ->  Bitmap Index Scan on k_7  (cost=0.00..5.45 rows=102 width=0)
	        Index Cond: ((k >= 4989850) AND (k <= 4989950))

table 8 : explain SELECT k, c FROM sbtest8 WHERE k BETWEEN 4989850 AND 4989950
	Bitmap Heap Scan on sbtest8  (cost=5.42..385.74 rows=96 width=125)
	  Recheck Cond: ((k >= 4989850) AND (k <= 4989950))
	  ->  Bitmap Index Scan on k_8  (cost=0.00..5.39 rows=96 width=0)
	        Index Cond: ((k >= 4989850) AND (k <= 4989950))

for range-notcovered
table 1 : explain SELECT k, c FROM sbtest1 WHERE k BETWEEN 2814015 AND 2814115
	Bitmap Heap Scan on sbtest1  (cost=5.50..417.20 rows=104 width=125)
	  Recheck Cond: ((k >= 2814015) AND (k <= 2814115))
	  ->  Bitmap Index Scan on k_1  (cost=0.00..5.47 rows=104 width=0)
	        Index Cond: ((k >= 2814015) AND (k <= 2814115))

table 2 : explain SELECT k, c FROM sbtest2 WHERE k BETWEEN 2814015 AND 2814115
	Bitmap Heap Scan on sbtest2  (cost=5.47..405.41 rows=101 width=125)
	  Recheck Cond: ((k >= 2814015) AND (k <= 2814115))
	  ->  Bitmap Index Scan on k_2  (cost=0.00..5.44 rows=101 width=0)
	        Index Cond: ((k >= 2814015) AND (k <= 2814115))

table 3 : explain SELECT k, c FROM sbtest3 WHERE k BETWEEN 2814015 AND 2814115
	Bitmap Heap Scan on sbtest3  (cost=5.55..436.94 rows=109 width=125)
	  Recheck Cond: ((k >= 2814015) AND (k <= 2814115))
	  ->  Bitmap Index Scan on k_3  (cost=0.00..5.52 rows=109 width=0)
	        Index Cond: ((k >= 2814015) AND (k <= 2814115))

table 4 : explain SELECT k, c FROM sbtest4 WHERE k BETWEEN 2814015 AND 2814115
	Bitmap Heap Scan on sbtest4  (cost=5.50..417.27 rows=104 width=125)
	  Recheck Cond: ((k >= 2814015) AND (k <= 2814115))
	  ->  Bitmap Index Scan on k_4  (cost=0.00..5.47 rows=104 width=0)
	        Index Cond: ((k >= 2814015) AND (k <= 2814115))

table 5 : explain SELECT k, c FROM sbtest5 WHERE k BETWEEN 2814015 AND 2814115
	Bitmap Heap Scan on sbtest5  (cost=5.46..401.50 rows=100 width=125)
	  Recheck Cond: ((k >= 2814015) AND (k <= 2814115))
	  ->  Bitmap Index Scan on k_5  (cost=0.00..5.43 rows=100 width=0)
	        Index Cond: ((k >= 2814015) AND (k <= 2814115))

table 6 : explain SELECT k, c FROM sbtest6 WHERE k BETWEEN 2814015 AND 2814115
	Bitmap Heap Scan on sbtest6  (cost=5.36..362.07 rows=90 width=125)
	  Recheck Cond: ((k >= 2814015) AND (k <= 2814115))
	  ->  Bitmap Index Scan on k_6  (cost=0.00..5.33 rows=90 width=0)
	        Index Cond: ((k >= 2814015) AND (k <= 2814115))

table 7 : explain SELECT k, c FROM sbtest7 WHERE k BETWEEN 2814015 AND 2814115
	Bitmap Heap Scan on sbtest7  (cost=5.55..437.00 rows=109 width=125)
	  Recheck Cond: ((k >= 2814015) AND (k <= 2814115))
	  ->  Bitmap Index Scan on k_7  (cost=0.00..5.52 rows=109 width=0)
	        Index Cond: ((k >= 2814015) AND (k <= 2814115))

table 8 : explain SELECT k, c FROM sbtest8 WHERE k BETWEEN 2814015 AND 2814115
	Bitmap Heap Scan on sbtest8  (cost=5.46..401.52 rows=100 width=125)
	  Recheck Cond: ((k >= 2814015) AND (k <= 2814115))
	  ->  Bitmap Index Scan on k_8  (cost=0.00..5.43 rows=100 width=0)
	        Index Cond: ((k >= 2814015) AND (k <= 2814115))

explain: for range-notcovered :: explain SELECT k, c FROM sbtest%d WHERE k BETWEEN 5662288 AND 5662388
for range-notcovered
table 1 : explain SELECT k, c FROM sbtest1 WHERE k BETWEEN 2786643 AND 2786743
	Bitmap Heap Scan on sbtest1  (cost=5.50..417.20 rows=104 width=125)
	  Recheck Cond: ((k >= 2786643) AND (k <= 2786743))
	  ->  Bitmap Index Scan on k_1  (cost=0.00..5.47 rows=104 width=0)
	        Index Cond: ((k >= 2786643) AND (k <= 2786743))

table 2 : explain SELECT k, c FROM sbtest2 WHERE k BETWEEN 2786643 AND 2786743
	Bitmap Heap Scan on sbtest2  (cost=5.47..405.41 rows=101 width=125)
	  Recheck Cond: ((k >= 2786643) AND (k <= 2786743))
	  ->  Bitmap Index Scan on k_2  (cost=0.00..5.44 rows=101 width=0)
	        Index Cond: ((k >= 2786643) AND (k <= 2786743))

table 3 : explain SELECT k, c FROM sbtest3 WHERE k BETWEEN 2786643 AND 2786743
	Bitmap Heap Scan on sbtest3  (cost=5.48..409.36 rows=102 width=125)
	  Recheck Cond: ((k >= 2786643) AND (k <= 2786743))
	  ->  Bitmap Index Scan on k_3  (cost=0.00..5.45 rows=102 width=0)
	        Index Cond: ((k >= 2786643) AND (k <= 2786743))

table 4 : explain SELECT k, c FROM sbtest4 WHERE k BETWEEN 2786643 AND 2786743
	Bitmap Heap Scan on sbtest4  (cost=5.48..409.38 rows=102 width=125)
	  Recheck Cond: ((k >= 2786643) AND (k <= 2786743))
	  ->  Bitmap Index Scan on k_4  (cost=0.00..5.45 rows=102 width=0)
	        Index Cond: ((k >= 2786643) AND (k <= 2786743))

table 5 : explain SELECT k, c FROM sbtest5 WHERE k BETWEEN 2786643 AND 2786743
	Bitmap Heap Scan on sbtest5  (cost=5.46..401.50 rows=100 width=125)
	  Recheck Cond: ((k >= 2786643) AND (k <= 2786743))
	  ->  Bitmap Index Scan on k_5  (cost=0.00..5.43 rows=100 width=0)
	        Index Cond: ((k >= 2786643) AND (k <= 2786743))

table 6 : explain SELECT k, c FROM sbtest6 WHERE k BETWEEN 2786643 AND 2786743
	Bitmap Heap Scan on sbtest6  (cost=5.36..362.07 rows=90 width=125)
	  Recheck Cond: ((k >= 2786643) AND (k <= 2786743))
	  ->  Bitmap Index Scan on k_6  (cost=0.00..5.33 rows=90 width=0)
	        Index Cond: ((k >= 2786643) AND (k <= 2786743))

table 7 : explain SELECT k, c FROM sbtest7 WHERE k BETWEEN 2786643 AND 2786743
	Bitmap Heap Scan on sbtest7  (cost=5.41..381.80 rows=95 width=125)
	  Recheck Cond: ((k >= 2786643) AND (k <= 2786743))
	  ->  Bitmap Index Scan on k_7  (cost=0.00..5.38 rows=95 width=0)
	        Index Cond: ((k >= 2786643) AND (k <= 2786743))

table 8 : explain SELECT k, c FROM sbtest8 WHERE k BETWEEN 2786643 AND 2786743
	Bitmap Heap Scan on sbtest8  (cost=5.46..401.52 rows=100 width=125)
	  Recheck Cond: ((k >= 2786643) AND (k <= 2786743))
	  ->  Bitmap Index Scan on k_8  (cost=0.00..5.43 rows=100 width=0)
	        Index Cond: ((k >= 2786643) AND (k <= 2786743))

for range-notcovered
table 1 : explain SELECT k, c FROM sbtest1 WHERE k BETWEEN 4276750 AND 4276850
	Bitmap Heap Scan on sbtest1  (cost=5.43..389.61 rows=97 width=125)
	  Recheck Cond: ((k >= 4276750) AND (k <= 4276850))
	  ->  Bitmap Index Scan on k_1  (cost=0.00..5.40 rows=97 width=0)
	        Index Cond: ((k >= 4276750) AND (k <= 4276850))

table 2 : explain SELECT k, c FROM sbtest2 WHERE k BETWEEN 4276750 AND 4276850
	Bitmap Heap Scan on sbtest2  (cost=5.51..421.18 rows=105 width=125)
	  Recheck Cond: ((k >= 4276750) AND (k <= 4276850))
	  ->  Bitmap Index Scan on k_2  (cost=0.00..5.48 rows=105 width=0)
	        Index Cond: ((k >= 4276750) AND (k <= 4276850))

table 3 : explain SELECT k, c FROM sbtest3 WHERE k BETWEEN 4276750 AND 4276850
	Bitmap Heap Scan on sbtest3  (cost=5.40..377.81 rows=94 width=125)
	  Recheck Cond: ((k >= 4276750) AND (k <= 4276850))
	  ->  Bitmap Index Scan on k_3  (cost=0.00..5.38 rows=94 width=0)
	        Index Cond: ((k >= 4276750) AND (k <= 4276850))

table 4 : explain SELECT k, c FROM sbtest4 WHERE k BETWEEN 4276750 AND 4276850
	Bitmap Heap Scan on sbtest4  (cost=5.51..421.21 rows=105 width=125)
	  Recheck Cond: ((k >= 4276750) AND (k <= 4276850))
	  ->  Bitmap Index Scan on k_4  (cost=0.00..5.48 rows=105 width=0)
	        Index Cond: ((k >= 4276750) AND (k <= 4276850))

table 5 : explain SELECT k, c FROM sbtest5 WHERE k BETWEEN 4276750 AND 4276850
	Bitmap Heap Scan on sbtest5  (cost=5.55..436.97 rows=109 width=125)
	  Recheck Cond: ((k >= 4276750) AND (k <= 4276850))
	  ->  Bitmap Index Scan on k_5  (cost=0.00..5.52 rows=109 width=0)
	        Index Cond: ((k >= 4276750) AND (k <= 4276850))

table 6 : explain SELECT k, c FROM sbtest6 WHERE k BETWEEN 4276750 AND 4276850
	Bitmap Heap Scan on sbtest6  (cost=5.50..417.29 rows=104 width=125)
	  Recheck Cond: ((k >= 4276750) AND (k <= 4276850))
	  ->  Bitmap Index Scan on k_6  (cost=0.00..5.47 rows=104 width=0)
	        Index Cond: ((k >= 4276750) AND (k <= 4276850))

table 7 : explain SELECT k, c FROM sbtest7 WHERE k BETWEEN 4276750 AND 4276850
	Bitmap Heap Scan on sbtest7  (cost=5.46..401.52 rows=100 width=125)
	  Recheck Cond: ((k >= 4276750) AND (k <= 4276850))
	  ->  Bitmap Index Scan on k_7  (cost=0.00..5.43 rows=100 width=0)
	        Index Cond: ((k >= 4276750) AND (k <= 4276850))

table 8 : explain SELECT k, c FROM sbtest8 WHERE k BETWEEN 4276750 AND 4276850
	Bitmap Heap Scan on sbtest8  (cost=5.57..444.88 rows=111 width=125)
	  Recheck Cond: ((k >= 4276750) AND (k <= 4276850))
	  ->  Bitmap Index Scan on k_8  (cost=0.00..5.54 rows=111 width=0)
	        Index Cond: ((k >= 4276750) AND (k <= 4276850))
explain: for range-notcovered :: explain SELECT k, c FROM sbtest%d WHERE k BETWEEN 5513675 AND 5513775for range-notcovered
table 1 : explain SELECT k, c FROM sbtest1 WHERE k BETWEEN 8370214 AND 8370314
	Bitmap Heap Scan on sbtest1  (cost=5.51..421.14 rows=105 width=125)
	  Recheck Cond: ((k >= 8370214) AND (k <= 8370314))
	  ->  Bitmap Index Scan on k_1  (cost=0.00..5.48 rows=105 width=0)
	        Index Cond: ((k >= 8370214) AND (k <= 8370314))

table 2 : explain SELECT k, c FROM sbtest2 WHERE k BETWEEN 8370214 AND 8370314
	Bitmap Heap Scan on sbtest2  (cost=5.50..417.23 rows=104 width=125)
	  Recheck Cond: ((k >= 8370214) AND (k <= 8370314))
	  ->  Bitmap Index Scan on k_2  (cost=0.00..5.47 rows=104 width=0)
	        Index Cond: ((k >= 8370214) AND (k <= 8370314))

table 3 : explain SELECT k, c FROM sbtest3 WHERE k BETWEEN 8370214 AND 8370314
	Bitmap Heap Scan on sbtest3  (cost=5.44..393.58 rows=98 width=125)
	  Recheck Cond: ((k >= 8370214) AND (k <= 8370314))
	  ->  Bitmap Index Scan on k_3  (cost=0.00..5.42 rows=98 width=0)
	        Index Cond: ((k >= 8370214) AND (k <= 8370314))

table 4 : explain SELECT k, c FROM sbtest4 WHERE k BETWEEN 8370214 AND 8370314
	Bitmap Heap Scan on sbtest4  (cost=5.44..393.61 rows=98 width=125)
	  Recheck Cond: ((k >= 8370214) AND (k <= 8370314))
	  ->  Bitmap Index Scan on k_4  (cost=0.00..5.42 rows=98 width=0)
	        Index Cond: ((k >= 8370214) AND (k <= 8370314))

table 5 : explain SELECT k, c FROM sbtest5 WHERE k BETWEEN 8370214 AND 8370314
	Bitmap Heap Scan on sbtest5  (cost=5.46..401.50 rows=100 width=125)
	  Recheck Cond: ((k >= 8370214) AND (k <= 8370314))
	  ->  Bitmap Index Scan on k_5  (cost=0.00..5.43 rows=100 width=0)
	        Index Cond: ((k >= 8370214) AND (k <= 8370314))

table 6 : explain SELECT k, c FROM sbtest6 WHERE k BETWEEN 8370214 AND 8370314
	Bitmap Heap Scan on sbtest6  (cost=5.51..421.24 rows=105 width=125)
	  Recheck Cond: ((k >= 8370214) AND (k <= 8370314))
	  ->  Bitmap Index Scan on k_6  (cost=0.00..5.48 rows=105 width=0)
	        Index Cond: ((k >= 8370214) AND (k <= 8370314))

table 7 : explain SELECT k, c FROM sbtest7 WHERE k BETWEEN 8370214 AND 8370314
	Bitmap Heap Scan on sbtest7  (cost=5.46..401.52 rows=100 width=125)
	  Recheck Cond: ((k >= 8370214) AND (k <= 8370314))
	  ->  Bitmap Index Scan on k_7  (cost=0.00..5.43 rows=100 width=0)
	        Index Cond: ((k >= 8370214) AND (k <= 8370314))

table 8 : explain SELECT k, c FROM sbtest8 WHERE k BETWEEN 8370214 AND 8370314
	Bitmap Heap Scan on sbtest8  (cost=5.58..448.82 rows=112 width=125)
	  Recheck Cond: ((k >= 8370214) AND (k <= 8370314))
	  ->  Bitmap Index Scan on k_8  (cost=0.00..5.55 rows=112 width=0)
	        Index Cond: ((k >= 8370214) AND (k <= 8370314))

explain: for range-notcovered :: explain SELECT k, c FROM sbtest%d WHERE k BETWEEN 7843619 AND 7843719
explain: for range-notcovered :: explain SELECT k, c FROM sbtest%d WHERE k BETWEEN 3169993 AND 3170093
explain: for range-notcovered :: explain SELECT k, c FROM sbtest%d WHERE k BETWEEN 3237041 AND 3237141explain: for range-notcovered :: explain SELECT k, c FROM sbtest%d WHERE k BETWEEN 2786643 AND 2786743explain: for range-notcovered :: explain SELECT k, c FROM sbtest%d WHERE k BETWEEN 6393573 AND 6393673
explain: for range-notcovered :: explain SELECT k, c FROM sbtest%d WHERE k BETWEEN 2168939 AND 2169039

explain: for range-notcovered :: explain SELECT k, c FROM sbtest%d WHERE k BETWEEN 8370214 AND 8370314for range-notcovered
table 1 : explain SELECT k, c FROM sbtest1 WHERE k BETWEEN 8331790 AND 8331890
	Bitmap Heap Scan on sbtest1  (cost=5.51..421.14 rows=105 width=125)
	  Recheck Cond: ((k >= 8331790) AND (k <= 8331890))
	  ->  Bitmap Index Scan on k_1  (cost=0.00..5.48 rows=105 width=0)
	        Index Cond: ((k >= 8331790) AND (k <= 8331890))

table 2 : explain SELECT k, c FROM sbtest2 WHERE k BETWEEN 8331790 AND 8331890
	Bitmap Heap Scan on sbtest2  (cost=5.54..433.00 rows=108 width=125)
	  Recheck Cond: ((k >= 8331790) AND (k <= 8331890))
	  ->  Bitmap Index Scan on k_2  (cost=0.00..5.51 rows=108 width=0)
	        Index Cond: ((k >= 8331790) AND (k <= 8331890))

table 3 : explain SELECT k, c FROM sbtest3 WHERE k BETWEEN 8331790 AND 8331890
	Bitmap Heap Scan on sbtest3  (cost=5.44..393.58 rows=98 width=125)
	  Recheck Cond: ((k >= 8331790) AND (k <= 8331890))
	  ->  Bitmap Index Scan on k_3  (cost=0.00..5.42 rows=98 width=0)
	        Index Cond: ((k >= 8331790) AND (k <= 8331890))

table 4 : explain SELECT k, c FROM sbtest4 WHERE k BETWEEN 8331790 AND 8331890
	Bitmap Heap Scan on sbtest4  (cost=5.44..393.61 rows=98 width=125)
	  Recheck Cond: ((k >= 8331790) AND (k <= 8331890))
	  ->  Bitmap Index Scan on k_4  (cost=0.00..5.42 rows=98 width=0)
	        Index Cond: ((k >= 8331790) AND (k <= 8331890))

table 5 : explain SELECT k, c FROM sbtest5 WHERE k BETWEEN 8331790 AND 8331890
	Bitmap Heap Scan on sbtest5  (cost=5.46..401.50 rows=100 width=125)
	  Recheck Cond: ((k >= 8331790) AND (k <= 8331890))
	  ->  Bitmap Index Scan on k_5  (cost=0.00..5.43 rows=100 width=0)
	        Index Cond: ((k >= 8331790) AND (k <= 8331890))

table 6 : explain SELECT k, c FROM sbtest6 WHERE k BETWEEN 8331790 AND 8331890
	Bitmap Heap Scan on sbtest6  (cost=5.50..417.29 rows=104 width=125)
	  Recheck Cond: ((k >= 8331790) AND (k <= 8331890))
	  ->  Bitmap Index Scan on k_6  (cost=0.00..5.47 rows=104 width=0)
	        Index Cond: ((k >= 8331790) AND (k <= 8331890))

table 7 : explain SELECT k, c FROM sbtest7 WHERE k BETWEEN 8331790 AND 8331890
	Bitmap Heap Scan on sbtest7  (cost=5.53..429.12 rows=107 width=125)
	  Recheck Cond: ((k >= 8331790) AND (k <= 8331890))
	  ->  Bitmap Index Scan on k_7  (cost=0.00..5.50 rows=107 width=0)
	        Index Cond: ((k >= 8331790) AND (k <= 8331890))

table 8 : explain SELECT k, c FROM sbtest8 WHERE k BETWEEN 8331790 AND 8331890
	Bitmap Heap Scan on sbtest8  (cost=5.58..448.82 rows=112 width=125)
	  Recheck Cond: ((k >= 8331790) AND (k <= 8331890))
	  ->  Bitmap Index Scan on k_8  (cost=0.00..5.55 rows=112 width=0)
	        Index Cond: ((k >= 8331790) AND (k <= 8331890))

explain: for range-notcovered :: explain SELECT k, c FROM sbtest%d WHERE k BETWEEN 4989850 AND 4989950
explain: for range-notcovered :: explain SELECT k, c FROM sbtest%d WHERE k BETWEEN 3569640 AND 3569740
explain: for range-notcovered :: explain SELECT k, c FROM sbtest%d WHERE k BETWEEN 5389193 AND 5389293
explain: for range-notcovered :: explain SELECT k, c FROM sbtest%d WHERE k BETWEEN 4276750 AND 4276850


explain: for range-notcovered :: explain SELECT k, c FROM sbtest%d WHERE k BETWEEN 8331790 AND 8331890for range-notcovered
table 1 : explain SELECT k, c FROM sbtest1 WHERE k BETWEEN 2722345 AND 2722445
	Bitmap Heap Scan on sbtest1  (cost=5.55..436.90 rows=109 width=125)
	  Recheck Cond: ((k >= 2722345) AND (k <= 2722445))
	  ->  Bitmap Index Scan on k_1  (cost=0.00..5.52 rows=109 width=0)
	        Index Cond: ((k >= 2722345) AND (k <= 2722445))

table 2 : explain SELECT k, c FROM sbtest2 WHERE k BETWEEN 2722345 AND 2722445
	Bitmap Heap Scan on sbtest2  (cost=5.51..421.18 rows=105 width=125)
	  Recheck Cond: ((k >= 2722345) AND (k <= 2722445))
	  ->  Bitmap Index Scan on k_2  (cost=0.00..5.48 rows=105 width=0)
	        Index Cond: ((k >= 2722345) AND (k <= 2722445))

table 3 : explain SELECT k, c FROM sbtest3 WHERE k BETWEEN 2722345 AND 2722445
	Bitmap Heap Scan on sbtest3  (cost=5.48..409.36 rows=102 width=125)
	  Recheck Cond: ((k >= 2722345) AND (k <= 2722445))
	  ->  Bitmap Index Scan on k_3  (cost=0.00..5.45 rows=102 width=0)
	        Index Cond: ((k >= 2722345) AND (k <= 2722445))

table 4 : explain SELECT k, c FROM sbtest4 WHERE k BETWEEN 2722345 AND 2722445
	Bitmap Heap Scan on sbtest4  (cost=5.48..409.38 rows=102 width=125)
	  Recheck Cond: ((k >= 2722345) AND (k <= 2722445))
	  ->  Bitmap Index Scan on k_4  (cost=0.00..5.45 rows=102 width=0)
	        Index Cond: ((k >= 2722345) AND (k <= 2722445))

table 5 : explain SELECT k, c FROM sbtest5 WHERE k BETWEEN 2722345 AND 2722445
	Bitmap Heap Scan on sbtest5  (cost=5.52..425.15 rows=106 width=125)
	  Recheck Cond: ((k >= 2722345) AND (k <= 2722445))
	  ->  Bitmap Index Scan on k_5  (cost=0.00..5.50 rows=106 width=0)
	        Index Cond: ((k >= 2722345) AND (k <= 2722445))

table 6 : explain SELECT k, c FROM sbtest6 WHERE k BETWEEN 2722345 AND 2722445
	Bitmap Heap Scan on sbtest6  (cost=5.51..421.24 rows=105 width=125)
	  Recheck Cond: ((k >= 2722345) AND (k <= 2722445))
	  ->  Bitmap Index Scan on k_6  (cost=0.00..5.48 rows=105 width=0)
	        Index Cond: ((k >= 2722345) AND (k <= 2722445))

table 7 : explain SELECT k, c FROM sbtest7 WHERE k BETWEEN 2722345 AND 2722445
	Bitmap Heap Scan on sbtest7  (cost=5.41..381.80 rows=95 width=125)
	  Recheck Cond: ((k >= 2722345) AND (k <= 2722445))
	  ->  Bitmap Index Scan on k_7  (cost=0.00..5.38 rows=95 width=0)
	        Index Cond: ((k >= 2722345) AND (k <= 2722445))

table 8 : explain SELECT k, c FROM sbtest8 WHERE k BETWEEN 2722345 AND 2722445
	Bitmap Heap Scan on sbtest8  (cost=5.43..389.69 rows=97 width=125)
	  Recheck Cond: ((k >= 2722345) AND (k <= 2722445))
	  ->  Bitmap Index Scan on k_8  (cost=0.00..5.40 rows=97 width=0)
	        Index Cond: ((k >= 2722345) AND (k <= 2722445))
for range-notcovered
table 1 : explain SELECT k, c FROM sbtest1 WHERE k BETWEEN 8204642 AND 8204742
	Bitmap Heap Scan on sbtest1  (cost=5.50..417.20 rows=104 width=125)
	  Recheck Cond: ((k >= 8204642) AND (k <= 8204742))
	  ->  Bitmap Index Scan on k_1  (cost=0.00..5.47 rows=104 width=0)
	        Index Cond: ((k >= 8204642) AND (k <= 8204742))

table 2 : explain SELECT k, c FROM sbtest2 WHERE k BETWEEN 8204642 AND 8204742
	Bitmap Heap Scan on sbtest2  (cost=5.45..397.52 rows=99 width=125)
	  Recheck Cond: ((k >= 8204642) AND (k <= 8204742))
	  ->  Bitmap Index Scan on k_2  (cost=0.00..5.42 rows=99 width=0)
	        Index Cond: ((k >= 8204642) AND (k <= 8204742))

table 3 : explain SELECT k, c FROM sbtest3 WHERE k BETWEEN 8204642 AND 8204742
	Bitmap Heap Scan on sbtest3  (cost=5.43..389.64 rows=97 width=125)
	  Recheck Cond: ((k >= 8204642) AND (k <= 8204742))
	  ->  Bitmap Index Scan on k_3  (cost=0.00..5.40 rows=97 width=0)
	        Index Cond: ((k >= 8204642) AND (k <= 8204742))

table 4 : explain SELECT k, c FROM sbtest4 WHERE k BETWEEN 8204642 AND 8204742
	Bitmap Heap Scan on sbtest4  (cost=5.48..409.38 rows=102 width=125)
	  Recheck Cond: ((k >= 8204642) AND (k <= 8204742))
	  ->  Bitmap Index Scan on k_4  (cost=0.00..5.45 rows=102 width=0)
	        Index Cond: ((k >= 8204642) AND (k <= 8204742))

table 5 : explain SELECT k, c FROM sbtest5 WHERE k BETWEEN 8204642 AND 8204742
	Bitmap Heap Scan on sbtest5  (cost=5.50..417.27 rows=104 width=125)
	  Recheck Cond: ((k >= 8204642) AND (k <= 8204742))
	  ->  Bitmap Index Scan on k_5  (cost=0.00..5.47 rows=104 width=0)
	        Index Cond: ((k >= 8204642) AND (k <= 8204742))

table 6 : explain SELECT k, c FROM sbtest6 WHERE k BETWEEN 8204642 AND 8204742
	Bitmap Heap Scan on sbtest6  (cost=5.46..401.52 rows=100 width=125)
	  Recheck Cond: ((k >= 8204642) AND (k <= 8204742))
	  ->  Bitmap Index Scan on k_6  (cost=0.00..5.43 rows=100 width=0)
	        Index Cond: ((k >= 8204642) AND (k <= 8204742))

table 7 : explain SELECT k, c FROM sbtest7 WHERE k BETWEEN 8204642 AND 8204742
	Bitmap Heap Scan on sbtest7  (cost=5.50..417.29 rows=104 width=125)
	  Recheck Cond: ((k >= 8204642) AND (k <= 8204742))
	  ->  Bitmap Index Scan on k_7  (cost=0.00..5.47 rows=104 width=0)
	        Index Cond: ((k >= 8204642) AND (k <= 8204742))

table 8 : explain SELECT k, c FROM sbtest8 WHERE k BETWEEN 8204642 AND 8204742
	Bitmap Heap Scan on sbtest8  (cost=5.59..452.76 rows=113 width=125)
	  Recheck Cond: ((k >= 8204642) AND (k <= 8204742))
	  ->  Bitmap Index Scan on k_8  (cost=0.00..5.56 rows=113 width=0)
	        Index Cond: ((k >= 8204642) AND (k <= 8204742))

for range-notcovered
table 1 : explain SELECT k, c FROM sbtest1 WHERE k BETWEEN 4172560 AND 4172660
	Bitmap Heap Scan on sbtest1  (cost=5.46..401.43 rows=100 width=125)
	  Recheck Cond: ((k >= 4172560) AND (k <= 4172660))
	  ->  Bitmap Index Scan on k_1  (cost=0.00..5.43 rows=100 width=0)
	        Index Cond: ((k >= 4172560) AND (k <= 4172660))

table 2 : explain SELECT k, c FROM sbtest2 WHERE k BETWEEN 4172560 AND 4172660
	Bitmap Heap Scan on sbtest2  (cost=5.48..409.35 rows=102 width=125)
	  Recheck Cond: ((k >= 4172560) AND (k <= 4172660))
	  ->  Bitmap Index Scan on k_2  (cost=0.00..5.45 rows=102 width=0)
	        Index Cond: ((k >= 4172560) AND (k <= 4172660))

table 3 : explain SELECT k, c FROM sbtest3 WHERE k BETWEEN 4172560 AND 4172660
	Bitmap Heap Scan on sbtest3  (cost=5.53..429.06 rows=107 width=125)
	  Recheck Cond: ((k >= 4172560) AND (k <= 4172660))
	  ->  Bitmap Index Scan on k_3  (cost=0.00..5.50 rows=107 width=0)
	        Index Cond: ((k >= 4172560) AND (k <= 4172660))

table 4 : explain SELECT k, c FROM sbtest4 WHERE k BETWEEN 4172560 AND 4172660
	Bitmap Heap Scan on sbtest4  (cost=5.48..409.38 rows=102 width=125)
	  Recheck Cond: ((k >= 4172560) AND (k <= 4172660))
	  ->  Bitmap Index Scan on k_4  (cost=0.00..5.45 rows=102 width=0)
	        Index Cond: ((k >= 4172560) AND (k <= 4172660))

table 5 : explain SELECT k, c FROM sbtest5 WHERE k BETWEEN 4172560 AND 4172660
	Bitmap Heap Scan on sbtest5  (cost=5.42..385.72 rows=96 width=125)
	  Recheck Cond: ((k >= 4172560) AND (k <= 4172660))
	  ->  Bitmap Index Scan on k_5  (cost=0.00..5.39 rows=96 width=0)
	        Index Cond: ((k >= 4172560) AND (k <= 4172660))

table 6 : explain SELECT k, c FROM sbtest6 WHERE k BETWEEN 4172560 AND 4172660
	Bitmap Heap Scan on sbtest6  (cost=5.44..393.63 rows=98 width=125)
	  Recheck Cond: ((k >= 4172560) AND (k <= 4172660))
	  ->  Bitmap Index Scan on k_6  (cost=0.00..5.42 rows=98 width=0)
	        Index Cond: ((k >= 4172560) AND (k <= 4172660))

table 7 : explain SELECT k, c FROM sbtest7 WHERE k BETWEEN 4172560 AND 4172660
	Bitmap Heap Scan on sbtest7  (cost=5.52..425.18 rows=106 width=125)
	  Recheck Cond: ((k >= 4172560) AND (k <= 4172660))
	  ->  Bitmap Index Scan on k_7  (cost=0.00..5.50 rows=106 width=0)
	        Index Cond: ((k >= 4172560) AND (k <= 4172660))

table 8 : explain SELECT k, c FROM sbtest8 WHERE k BETWEEN 4172560 AND 4172660
	Bitmap Heap Scan on sbtest8  (cost=5.43..389.69 rows=97 width=125)
	  Recheck Cond: ((k >= 4172560) AND (k <= 4172660))
	  ->  Bitmap Index Scan on k_8  (cost=0.00..5.40 rows=97 width=0)
	        Index Cond: ((k >= 4172560) AND (k <= 4172660))


for range-notcovered
table 1 : explain SELECT k, c FROM sbtest1 WHERE k BETWEEN 6349144 AND 6349244
	Bitmap Heap Scan on sbtest1  (cost=5.50..417.20 rows=104 width=125)
	  Recheck Cond: ((k >= 6349144) AND (k <= 6349244))
	  ->  Bitmap Index Scan on k_1  (cost=0.00..5.47 rows=104 width=0)
	        Index Cond: ((k >= 6349144) AND (k <= 6349244))

table 2 : explain SELECT k, c FROM sbtest2 WHERE k BETWEEN 6349144 AND 6349244
	Bitmap Heap Scan on sbtest2  (cost=5.38..369.91 rows=92 width=125)
	  Recheck Cond: ((k >= 6349144) AND (k <= 6349244))
	  ->  Bitmap Index Scan on k_2  (cost=0.00..5.35 rows=92 width=0)
	        Index Cond: ((k >= 6349144) AND (k <= 6349244))

table 3 : explain SELECT k, c FROM sbtest3 WHERE k BETWEEN 6349144 AND 6349244
	Bitmap Heap Scan on sbtest3  (cost=5.48..409.36 rows=102 width=125)
	  Recheck Cond: ((k >= 6349144) AND (k <= 6349244))
	  ->  Bitmap Index Scan on k_3  (cost=0.00..5.45 rows=102 width=0)
	        Index Cond: ((k >= 6349144) AND (k <= 6349244))

table 4 : explain SELECT k, c FROM sbtest4 WHERE k BETWEEN 6349144 AND 6349244
	Bitmap Heap Scan on sbtest4  (cost=5.41..381.77 rows=95 width=125)
	  Recheck Cond: ((k >= 6349144) AND (k <= 6349244))
	  ->  Bitmap Index Scan on k_4  (cost=0.00..5.38 rows=95 width=0)
	        Index Cond: ((k >= 6349144) AND (k <= 6349244))

table 5 : explain SELECT k, c FROM sbtest5 WHERE k BETWEEN 6349144 AND 6349244
	Bitmap Heap Scan on sbtest5  (cost=5.43..389.67 rows=97 width=125)
	  Recheck Cond: ((k >= 6349144) AND (k <= 6349244))
	  ->  Bitmap Index Scan on k_5  (cost=0.00..5.40 rows=97 width=0)
	        Index Cond: ((k >= 6349144) AND (k <= 6349244))

table 6 : explain SELECT k, c FROM sbtest6 WHERE k BETWEEN 6349144 AND 6349244
	Bitmap Heap Scan on sbtest6  (cost=5.47..405.47 rows=101 width=125)
	  Recheck Cond: ((k >= 6349144) AND (k <= 6349244))
	  ->  Bitmap Index Scan on k_6  (cost=0.00..5.44 rows=101 width=0)
	        Index Cond: ((k >= 6349144) AND (k <= 6349244))

table 7 : explain SELECT k, c FROM sbtest7 WHERE k BETWEEN 6349144 AND 6349244
	Bitmap Heap Scan on sbtest7  (cost=5.60..456.69 rows=114 width=125)
	  Recheck Cond: ((k >= 6349144) AND (k <= 6349244))
	  ->  Bitmap Index Scan on k_7  (cost=0.00..5.58 rows=114 width=0)
	        Index Cond: ((k >= 6349144) AND (k <= 6349244))

table 8 : explain SELECT k, c FROM sbtest8 WHERE k BETWEEN 6349144 AND 6349244
	Bitmap Heap Scan on sbtest8  (cost=5.47..405.47 rows=101 width=125)
	  Recheck Cond: ((k >= 6349144) AND (k <= 6349244))
	  ->  Bitmap Index Scan on k_8  (cost=0.00..5.44 rows=101 width=0)
	        Index Cond: ((k >= 6349144) AND (k <= 6349244))


for range-notcovered
table 1 : explain SELECT k, c FROM sbtest1 WHERE k BETWEEN 6479038 AND 6479138
	Bitmap Heap Scan on sbtest1  (cost=5.55..436.90 rows=109 width=125)
	  Recheck Cond: ((k >= 6479038) AND (k <= 6479138))
	  ->  Bitmap Index Scan on k_1  (cost=0.00..5.52 rows=109 width=0)
	        Index Cond: ((k >= 6479038) AND (k <= 6479138))

table 2 : explain SELECT k, c FROM sbtest2 WHERE k BETWEEN 6479038 AND 6479138
	Bitmap Heap Scan on sbtest2  (cost=5.46..401.47 rows=100 width=125)
	  Recheck Cond: ((k >= 6479038) AND (k <= 6479138))
	  ->  Bitmap Index Scan on k_2  (cost=0.00..5.43 rows=100 width=0)
	        Index Cond: ((k >= 6479038) AND (k <= 6479138))

table 3 : explain SELECT k, c FROM sbtest3 WHERE k BETWEEN 6479038 AND 6479138
	Bitmap Heap Scan on sbtest3  (cost=5.51..421.18 rows=105 width=125)
	  Recheck Cond: ((k >= 6479038) AND (k <= 6479138))
	  ->  Bitmap Index Scan on k_3  (cost=0.00..5.48 rows=105 width=0)
	        Index Cond: ((k >= 6479038) AND (k <= 6479138))

table 4 : explain SELECT k, c FROM sbtest4 WHERE k BETWEEN 6479038 AND 6479138
	Bitmap Heap Scan on sbtest4  (cost=5.47..405.44 rows=101 width=125)
	  Recheck Cond: ((k >= 6479038) AND (k <= 6479138))
	  ->  Bitmap Index Scan on k_4  (cost=0.00..5.44 rows=101 width=0)
	        Index Cond: ((k >= 6479038) AND (k <= 6479138))

table 5 : explain SELECT k, c FROM sbtest5 WHERE k BETWEEN 6479038 AND 6479138
	Bitmap Heap Scan on sbtest5  (cost=5.47..405.44 rows=101 width=125)
	  Recheck Cond: ((k >= 6479038) AND (k <= 6479138))
	  ->  Bitmap Index Scan on k_5  (cost=0.00..5.44 rows=101 width=0)
	        Index Cond: ((k >= 6479038) AND (k <= 6479138))

table 6 : explain SELECT k, c FROM sbtest6 WHERE k BETWEEN 6479038 AND 6479138
	Bitmap Heap Scan on sbtest6  (cost=5.49..413.35 rows=103 width=125)
	  Recheck Cond: ((k >= 6479038) AND (k <= 6479138))
	  ->  Bitmap Index Scan on k_6  (cost=0.00..5.46 rows=103 width=0)
	        Index Cond: ((k >= 6479038) AND (k <= 6479138))

table 7 : explain SELECT k, c FROM sbtest7 WHERE k BETWEEN 6479038 AND 6479138
	Bitmap Heap Scan on sbtest7  (cost=5.53..429.12 rows=107 width=125)
	  Recheck Cond: ((k >= 6479038) AND (k <= 6479138))
	  ->  Bitmap Index Scan on k_7  (cost=0.00..5.50 rows=107 width=0)
	        Index Cond: ((k >= 6479038) AND (k <= 6479138))

table 8 : explain SELECT k, c FROM sbtest8 WHERE k BETWEEN 6479038 AND 6479138
	Bitmap Heap Scan on sbtest8  (cost=5.46..401.52 rows=100 width=125)
	  Recheck Cond: ((k >= 6479038) AND (k <= 6479138))
	  ->  Bitmap Index Scan on k_8  (cost=0.00..5.43 rows=100 width=0)
	        Index Cond: ((k >= 6479038) AND (k <= 6479138))

for range-notcovered
table 1 : explain SELECT k, c FROM sbtest1 WHERE k BETWEEN 4904265 AND 4904365
	Bitmap Heap Scan on sbtest1  (cost=5.43..389.61 rows=97 width=125)
	  Recheck Cond: ((k >= 4904265) AND (k <= 4904365))
	  ->  Bitmap Index Scan on k_1  (cost=0.00..5.40 rows=97 width=0)
	        Index Cond: ((k >= 4904265) AND (k <= 4904365))

table 2 : explain SELECT k, c FROM sbtest2 WHERE k BETWEEN 4904265 AND 4904365
	Bitmap Heap Scan on sbtest2  (cost=5.49..413.29 rows=103 width=125)
	  Recheck Cond: ((k >= 4904265) AND (k <= 4904365))
	  ->  Bitmap Index Scan on k_2  (cost=0.00..5.46 rows=103 width=0)
	        Index Cond: ((k >= 4904265) AND (k <= 4904365))

table 3 : explain SELECT k, c FROM sbtest3 WHERE k BETWEEN 4904265 AND 4904365
	Bitmap Heap Scan on sbtest3  (cost=5.51..421.18 rows=105 width=125)
	  Recheck Cond: ((k >= 4904265) AND (k <= 4904365))
	  ->  Bitmap Index Scan on k_3  (cost=0.00..5.48 rows=105 width=0)
	        Index Cond: ((k >= 4904265) AND (k <= 4904365))

table 4 : explain SELECT k, c FROM sbtest4 WHERE k BETWEEN 4904265 AND 4904365
	Bitmap Heap Scan on sbtest4  (cost=5.45..397.55 rows=99 width=125)
	  Recheck Cond: ((k >= 4904265) AND (k <= 4904365))
	  ->  Bitmap Index Scan on k_4  (cost=0.00..5.42 rows=99 width=0)
	        Index Cond: ((k >= 4904265) AND (k <= 4904365))

table 5 : explain SELECT k, c FROM sbtest5 WHERE k BETWEEN 4904265 AND 4904365
	Bitmap Heap Scan on sbtest5  (cost=5.51..421.21 rows=105 width=125)
	  Recheck Cond: ((k >= 4904265) AND (k <= 4904365))
	  ->  Bitmap Index Scan on k_5  (cost=0.00..5.48 rows=105 width=0)
	        Index Cond: ((k >= 4904265) AND (k <= 4904365))

table 6 : explain SELECT k, c FROM sbtest6 WHERE k BETWEEN 4904265 AND 4904365
	Bitmap Heap Scan on sbtest6  (cost=5.47..405.47 rows=101 width=125)
	  Recheck Cond: ((k >= 4904265) AND (k <= 4904365))
	  ->  Bitmap Index Scan on k_6  (cost=0.00..5.44 rows=101 width=0)
	        Index Cond: ((k >= 4904265) AND (k <= 4904365))

table 7 : explain SELECT k, c FROM sbtest7 WHERE k BETWEEN 4904265 AND 4904365
	Bitmap Heap Scan on sbtest7  (cost=5.48..409.41 rows=102 width=125)
	  Recheck Cond: ((k >= 4904265) AND (k <= 4904365))
	  ->  Bitmap Index Scan on k_7  (cost=0.00..5.45 rows=102 width=0)
	        Index Cond: ((k >= 4904265) AND (k <= 4904365))

table 8 : explain SELECT k, c FROM sbtest8 WHERE k BETWEEN 4904265 AND 4904365
	Bitmap Heap Scan on sbtest8  (cost=5.46..401.52 rows=100 width=125)
	  Recheck Cond: ((k >= 4904265) AND (k <= 4904365))
	  ->  Bitmap Index Scan on k_8  (cost=0.00..5.43 rows=100 width=0)
	        Index Cond: ((k >= 4904265) AND (k <= 4904365))

explain: for range-notcovered :: explain SELECT k, c FROM sbtest%d WHERE k BETWEEN 2814015 AND 2814115explain: for range-notcovered :: explain SELECT k, c FROM sbtest%d WHERE k BETWEEN 4172560 AND 4172660for range-notcovered
table 1 : explain SELECT k, c FROM sbtest1 WHERE k BETWEEN 2665046 AND 2665146
	Bitmap Heap Scan on sbtest1  (cost=5.55..436.90 rows=109 width=125)
	  Recheck Cond: ((k >= 2665046) AND (k <= 2665146))
	  ->  Bitmap Index Scan on k_1  (cost=0.00..5.52 rows=109 width=0)
	        Index Cond: ((k >= 2665046) AND (k <= 2665146))

table 2 : explain SELECT k, c FROM sbtest2 WHERE k BETWEEN 2665046 AND 2665146
	Bitmap Heap Scan on sbtest2  (cost=5.35..358.07 rows=89 width=125)
	  Recheck Cond: ((k >= 2665046) AND (k <= 2665146))
	  ->  Bitmap Index Scan on k_2  (cost=0.00..5.32 rows=89 width=0)
	        Index Cond: ((k >= 2665046) AND (k <= 2665146))

table 3 : explain SELECT k, c FROM sbtest3 WHERE k BETWEEN 2665046 AND 2665146
	Bitmap Heap Scan on sbtest3  (cost=5.44..393.58 rows=98 width=125)
	  Recheck Cond: ((k >= 2665046) AND (k <= 2665146))
	  ->  Bitmap Index Scan on k_3  (cost=0.00..5.42 rows=98 width=0)
	        Index Cond: ((k >= 2665046) AND (k <= 2665146))

table 4 : explain SELECT k, c FROM sbtest4 WHERE k BETWEEN 2665046 AND 2665146
	Bitmap Heap Scan on sbtest4  (cost=5.60..456.66 rows=114 width=125)
	  Recheck Cond: ((k >= 2665046) AND (k <= 2665146))
	  ->  Bitmap Index Scan on k_4  (cost=0.00..5.58 rows=114 width=0)
	        Index Cond: ((k >= 2665046) AND (k <= 2665146))

table 5 : explain SELECT k, c FROM sbtest5 WHERE k BETWEEN 2665046 AND 2665146
	Bitmap Heap Scan on sbtest5  (cost=5.52..425.15 rows=106 width=125)
	  Recheck Cond: ((k >= 2665046) AND (k <= 2665146))
	  ->  Bitmap Index Scan on k_5  (cost=0.00..5.50 rows=106 width=0)
	        Index Cond: ((k >= 2665046) AND (k <= 2665146))

table 6 : explain SELECT k, c FROM sbtest6 WHERE k BETWEEN 2665046 AND 2665146
	Bitmap Heap Scan on sbtest6  (cost=5.51..421.24 rows=105 width=125)
	  Recheck Cond: ((k >= 2665046) AND (k <= 2665146))
	  ->  Bitmap Index Scan on k_6  (cost=0.00..5.48 rows=105 width=0)
	        Index Cond: ((k >= 2665046) AND (k <= 2665146))

table 7 : explain SELECT k, c FROM sbtest7 WHERE k BETWEEN 2665046 AND 2665146
	Bitmap Heap Scan on sbtest7  (cost=5.49..413.35 rows=103 width=125)
	  Recheck Cond: ((k >= 2665046) AND (k <= 2665146))
	  ->  Bitmap Index Scan on k_7  (cost=0.00..5.46 rows=103 width=0)
	        Index Cond: ((k >= 2665046) AND (k <= 2665146))

table 8 : explain SELECT k, c FROM sbtest8 WHERE k BETWEEN 2665046 AND 2665146
	Bitmap Heap Scan on sbtest8  (cost=5.60..456.70 rows=114 width=125)
	  Recheck Cond: ((k >= 2665046) AND (k <= 2665146))
	  ->  Bitmap Index Scan on k_8  (cost=0.00..5.58 rows=114 width=0)
	        Index Cond: ((k >= 2665046) AND (k <= 2665146))
explain: for range-notcovered :: explain SELECT k, c FROM sbtest%d WHERE k BETWEEN 6413332 AND 6413432

for range-notcovered
table 1 : explain SELECT k, c FROM sbtest1 WHERE k BETWEEN 1500845 AND 1500945
	Bitmap Heap Scan on sbtest1  (cost=5.53..429.02 rows=107 width=125)
	  Recheck Cond: ((k >= 1500845) AND (k <= 1500945))
	  ->  Bitmap Index Scan on k_1  (cost=0.00..5.50 rows=107 width=0)
	        Index Cond: ((k >= 1500845) AND (k <= 1500945))

table 2 : explain SELECT k, c FROM sbtest2 WHERE k BETWEEN 1500845 AND 1500945
	Bitmap Heap Scan on sbtest2  (cost=5.52..425.12 rows=106 width=125)
	  Recheck Cond: ((k >= 1500845) AND (k <= 1500945))
	  ->  Bitmap Index Scan on k_2  (cost=0.00..5.50 rows=106 width=0)
	        Index Cond: ((k >= 1500845) AND (k <= 1500945))

table 3 : explain SELECT k, c FROM sbtest3 WHERE k BETWEEN 1500845 AND 1500945
	Bitmap Heap Scan on sbtest3  (cost=5.52..425.12 rows=106 width=125)
	  Recheck Cond: ((k >= 1500845) AND (k <= 1500945))
	  ->  Bitmap Index Scan on k_3  (cost=0.00..5.50 rows=106 width=0)
	        Index Cond: ((k >= 1500845) AND (k <= 1500945))

table 4 : explain SELECT k, c FROM sbtest4 WHERE k BETWEEN 1500845 AND 1500945
	Bitmap Heap Scan on sbtest4  (cost=5.42..385.72 rows=96 width=125)
	  Recheck Cond: ((k >= 1500845) AND (k <= 1500945))
	  ->  Bitmap Index Scan on k_4  (cost=0.00..5.39 rows=96 width=0)
	        Index Cond: ((k >= 1500845) AND (k <= 1500945))

table 5 : explain SELECT k, c FROM sbtest5 WHERE k BETWEEN 1500845 AND 1500945
	Bitmap Heap Scan on sbtest5  (cost=5.58..448.79 rows=112 width=125)
	  Recheck Cond: ((k >= 1500845) AND (k <= 1500945))
	  ->  Bitmap Index Scan on k_5  (cost=0.00..5.55 rows=112 width=0)
	        Index Cond: ((k >= 1500845) AND (k <= 1500945))

table 6 : explain SELECT k, c FROM sbtest6 WHERE k BETWEEN 1500845 AND 1500945
	Bitmap Heap Scan on sbtest6  (cost=5.54..433.06 rows=108 width=125)
	  Recheck Cond: ((k >= 1500845) AND (k <= 1500945))
	  ->  Bitmap Index Scan on k_6  (cost=0.00..5.51 rows=108 width=0)
	        Index Cond: ((k >= 1500845) AND (k <= 1500945))

table 7 : explain SELECT k, c FROM sbtest7 WHERE k BETWEEN 1500845 AND 1500945
	Bitmap Heap Scan on sbtest7  (cost=5.59..452.76 rows=113 width=125)
	  Recheck Cond: ((k >= 1500845) AND (k <= 1500945))
	  ->  Bitmap Index Scan on k_7  (cost=0.00..5.56 rows=113 width=0)
	        Index Cond: ((k >= 1500845) AND (k <= 1500945))

table 8 : explain SELECT k, c FROM sbtest8 WHERE k BETWEEN 1500845 AND 1500945
	Bitmap Heap Scan on sbtest8  (cost=5.48..409.41 rows=102 width=125)
	  Recheck Cond: ((k >= 1500845) AND (k <= 1500945))
	  ->  Bitmap Index Scan on k_8  (cost=0.00..5.45 rows=102 width=0)
	        Index Cond: ((k >= 1500845) AND (k <= 1500945))

for range-notcovered
table 1 : explain SELECT k, c FROM sbtest1 WHERE k BETWEEN 2326923 AND 2327023
	Bitmap Heap Scan on sbtest1  (cost=5.32..346.20 rows=86 width=125)
	  Recheck Cond: ((k >= 2326923) AND (k <= 2327023))
	  ->  Bitmap Index Scan on k_1  (cost=0.00..5.29 rows=86 width=0)
	        Index Cond: ((k >= 2326923) AND (k <= 2327023))

table 2 : explain SELECT k, c FROM sbtest2 WHERE k BETWEEN 2326923 AND 2327023
	Bitmap Heap Scan on sbtest2  (cost=5.59..452.69 rows=113 width=125)
	  Recheck Cond: ((k >= 2326923) AND (k <= 2327023))
	  ->  Bitmap Index Scan on k_2  (cost=0.00..5.56 rows=113 width=0)
	        Index Cond: ((k >= 2326923) AND (k <= 2327023))

table 3 : explain SELECT k, c FROM sbtest3 WHERE k BETWEEN 2326923 AND 2327023
	Bitmap Heap Scan on sbtest3  (cost=5.42..385.70 rows=96 width=125)
	  Recheck Cond: ((k >= 2326923) AND (k <= 2327023))
	  ->  Bitmap Index Scan on k_3  (cost=0.00..5.39 rows=96 width=0)
	        Index Cond: ((k >= 2326923) AND (k <= 2327023))

table 4 : explain SELECT k, c FROM sbtest4 WHERE k BETWEEN 2326923 AND 2327023
	Bitmap Heap Scan on sbtest4  (cost=5.41..381.77 rows=95 width=125)
	  Recheck Cond: ((k >= 2326923) AND (k <= 2327023))
	  ->  Bitmap Index Scan on k_4  (cost=0.00..5.38 rows=95 width=0)
	        Index Cond: ((k >= 2326923) AND (k <= 2327023))

table 5 : explain SELECT k, c FROM sbtest5 WHERE k BETWEEN 2326923 AND 2327023
	Bitmap Heap Scan on sbtest5  (cost=5.55..436.97 rows=109 width=125)
	  Recheck Cond: ((k >= 2326923) AND (k <= 2327023))
	  ->  Bitmap Index Scan on k_5  (cost=0.00..5.52 rows=109 width=0)
	        Index Cond: ((k >= 2326923) AND (k <= 2327023))

table 6 : explain SELECT k, c FROM sbtest6 WHERE k BETWEEN 2326923 AND 2327023
	Bitmap Heap Scan on sbtest6  (cost=5.53..429.12 rows=107 width=125)
	  Recheck Cond: ((k >= 2326923) AND (k <= 2327023))
	  ->  Bitmap Index Scan on k_6  (cost=0.00..5.50 rows=107 width=0)
	        Index Cond: ((k >= 2326923) AND (k <= 2327023))

table 7 : explain SELECT k, c FROM sbtest7 WHERE k BETWEEN 2326923 AND 2327023
	Bitmap Heap Scan on sbtest7  (cost=5.45..397.58 rows=99 width=125)
	  Recheck Cond: ((k >= 2326923) AND (k <= 2327023))
	  ->  Bitmap Index Scan on k_7  (cost=0.00..5.42 rows=99 width=0)
	        Index Cond: ((k >= 2326923) AND (k <= 2327023))

table 8 : explain SELECT k, c FROM sbtest8 WHERE k BETWEEN 2326923 AND 2327023
	Bitmap Heap Scan on sbtest8  (cost=5.44..393.63 rows=98 width=125)
	  Recheck Cond: ((k >= 2326923) AND (k <= 2327023))
	  ->  Bitmap Index Scan on k_8  (cost=0.00..5.42 rows=98 width=0)
	        Index Cond: ((k >= 2326923) AND (k <= 2327023))

explain: for range-notcovered :: explain SELECT k, c FROM sbtest%d WHERE k BETWEEN 4904265 AND 4904365



explain: for range-notcovered :: explain SELECT k, c FROM sbtest%d WHERE k BETWEEN 2326923 AND 2327023
explain: for range-notcovered :: explain SELECT k, c FROM sbtest%d WHERE k BETWEEN 6349144 AND 6349244
for range-notcovered
table 1 : explain SELECT k, c FROM sbtest1 WHERE k BETWEEN 3818532 AND 3818632
	Bitmap Heap Scan on sbtest1  (cost=5.47..405.38 rows=101 width=125)
	  Recheck Cond: ((k >= 3818532) AND (k <= 3818632))
	  ->  Bitmap Index Scan on k_1  (cost=0.00..5.44 rows=101 width=0)
	        Index Cond: ((k >= 3818532) AND (k <= 3818632))

table 2 : explain SELECT k, c FROM sbtest2 WHERE k BETWEEN 3818532 AND 3818632
	Bitmap Heap Scan on sbtest2  (cost=5.50..417.23 rows=104 width=125)
	  Recheck Cond: ((k >= 3818532) AND (k <= 3818632))
	  ->  Bitmap Index Scan on k_2  (cost=0.00..5.47 rows=104 width=0)
	        Index Cond: ((k >= 3818532) AND (k <= 3818632))

table 3 : explain SELECT k, c FROM sbtest3 WHERE k BETWEEN 3818532 AND 3818632
	Bitmap Heap Scan on sbtest3  (cost=5.50..417.24 rows=104 width=125)
	  Recheck Cond: ((k >= 3818532) AND (k <= 3818632))
	  ->  Bitmap Index Scan on k_3  (cost=0.00..5.47 rows=104 width=0)
	        Index Cond: ((k >= 3818532) AND (k <= 3818632))

table 4 : explain SELECT k, c FROM sbtest4 WHERE k BETWEEN 3818532 AND 3818632
	Bitmap Heap Scan on sbtest4  (cost=5.49..413.32 rows=103 width=125)
	  Recheck Cond: ((k >= 3818532) AND (k <= 3818632))
	  ->  Bitmap Index Scan on k_4  (cost=0.00..5.46 rows=103 width=0)
	        Index Cond: ((k >= 3818532) AND (k <= 3818632))

table 5 : explain SELECT k, c FROM sbtest5 WHERE k BETWEEN 3818532 AND 3818632
	Bitmap Heap Scan on sbtest5  (cost=5.45..397.56 rows=99 width=125)
	  Recheck Cond: ((k >= 3818532) AND (k <= 3818632))
	  ->  Bitmap Index Scan on k_5  (cost=0.00..5.42 rows=99 width=0)
	        Index Cond: ((k >= 3818532) AND (k <= 3818632))

table 6 : explain SELECT k, c FROM sbtest6 WHERE k BETWEEN 3818532 AND 3818632
	Bitmap Heap Scan on sbtest6  (cost=5.47..405.47 rows=101 width=125)
	  Recheck Cond: ((k >= 3818532) AND (k <= 3818632))
	  ->  Bitmap Index Scan on k_6  (cost=0.00..5.44 rows=101 width=0)
	        Index Cond: ((k >= 3818532) AND (k <= 3818632))

table 7 : explain SELECT k, c FROM sbtest7 WHERE k BETWEEN 3818532 AND 3818632
	Bitmap Heap Scan on sbtest7  (cost=5.50..417.29 rows=104 width=125)
	  Recheck Cond: ((k >= 3818532) AND (k <= 3818632))
	  ->  Bitmap Index Scan on k_7  (cost=0.00..5.47 rows=104 width=0)
	        Index Cond: ((k >= 3818532) AND (k <= 3818632))

table 8 : explain SELECT k, c FROM sbtest8 WHERE k BETWEEN 3818532 AND 3818632
	Bitmap Heap Scan on sbtest8  (cost=5.43..389.69 rows=97 width=125)
	  Recheck Cond: ((k >= 3818532) AND (k <= 3818632))
	  ->  Bitmap Index Scan on k_8  (cost=0.00..5.40 rows=97 width=0)
	        Index Cond: ((k >= 3818532) AND (k <= 3818632))
for range-notcovered
table 1 : explain SELECT k, c FROM sbtest1 WHERE k BETWEEN 231832 AND 231932
	Bitmap Heap Scan on sbtest1  (cost=5.53..429.02 rows=107 width=125)
	  Recheck Cond: ((k >= 231832) AND (k <= 231932))
	  ->  Bitmap Index Scan on k_1  (cost=0.00..5.50 rows=107 width=0)
	        Index Cond: ((k >= 231832) AND (k <= 231932))

table 2 : explain SELECT k, c FROM sbtest2 WHERE k BETWEEN 231832 AND 231932
	Bitmap Heap Scan on sbtest2  (cost=5.49..413.29 rows=103 width=125)
	  Recheck Cond: ((k >= 231832) AND (k <= 231932))
	  ->  Bitmap Index Scan on k_2  (cost=0.00..5.46 rows=103 width=0)
	        Index Cond: ((k >= 231832) AND (k <= 231932))

table 3 : explain SELECT k, c FROM sbtest3 WHERE k BETWEEN 231832 AND 231932
	Bitmap Heap Scan on sbtest3  (cost=5.48..409.36 rows=102 width=125)
	  Recheck Cond: ((k >= 231832) AND (k <= 231932))
	  ->  Bitmap Index Scan on k_3  (cost=0.00..5.45 rows=102 width=0)
	        Index Cond: ((k >= 231832) AND (k <= 231932))

table 4 : explain SELECT k, c FROM sbtest4 WHERE k BETWEEN 231832 AND 231932
	Bitmap Heap Scan on sbtest4  (cost=5.50..417.27 rows=104 width=125)
	  Recheck Cond: ((k >= 231832) AND (k <= 231932))
	  ->  Bitmap Index Scan on k_4  (cost=0.00..5.47 rows=104 width=0)
	        Index Cond: ((k >= 231832) AND (k <= 231932))

table 5 : explain SELECT k, c FROM sbtest5 WHERE k BETWEEN 231832 AND 231932
	Bitmap Heap Scan on sbtest5  (cost=5.42..385.72 rows=96 width=125)
	  Recheck Cond: ((k >= 231832) AND (k <= 231932))
	  ->  Bitmap Index Scan on k_5  (cost=0.00..5.39 rows=96 width=0)
	        Index Cond: ((k >= 231832) AND (k <= 231932))

table 6 : explain SELECT k, c FROM sbtest6 WHERE k BETWEEN 231832 AND 231932
	Bitmap Heap Scan on sbtest6  (cost=5.58..448.82 rows=112 width=125)
	  Recheck Cond: ((k >= 231832) AND (k <= 231932))
	  ->  Bitmap Index Scan on k_6  (cost=0.00..5.55 rows=112 width=0)
	        Index Cond: ((k >= 231832) AND (k <= 231932))

table 7 : explain SELECT k, c FROM sbtest7 WHERE k BETWEEN 231832 AND 231932
	Bitmap Heap Scan on sbtest7  (cost=5.48..409.41 rows=102 width=125)
	  Recheck Cond: ((k >= 231832) AND (k <= 231932))
	  ->  Bitmap Index Scan on k_7  (cost=0.00..5.45 rows=102 width=0)
	        Index Cond: ((k >= 231832) AND (k <= 231932))

table 8 : explain SELECT k, c FROM sbtest8 WHERE k BETWEEN 231832 AND 231932
	Bitmap Heap Scan on sbtest8  (cost=5.57..444.88 rows=111 width=125)
	  Recheck Cond: ((k >= 231832) AND (k <= 231932))
	  ->  Bitmap Index Scan on k_8  (cost=0.00..5.54 rows=111 width=0)
	        Index Cond: ((k >= 231832) AND (k <= 231932))

explain: for range-notcovered :: explain SELECT k, c FROM sbtest%d WHERE k BETWEEN 6479038 AND 6479138
for range-notcovered
table 1 : explain SELECT k, c FROM sbtest1 WHERE k BETWEEN 1917812 AND 1917912
	Bitmap Heap Scan on sbtest1  (cost=5.51..421.14 rows=105 width=125)
	  Recheck Cond: ((k >= 1917812) AND (k <= 1917912))
	  ->  Bitmap Index Scan on k_1  (cost=0.00..5.48 rows=105 width=0)
	        Index Cond: ((k >= 1917812) AND (k <= 1917912))

table 2 : explain SELECT k, c FROM sbtest2 WHERE k BETWEEN 1917812 AND 1917912
	Bitmap Heap Scan on sbtest2  (cost=5.41..381.75 rows=95 width=125)
	  Recheck Cond: ((k >= 1917812) AND (k <= 1917912))
	  ->  Bitmap Index Scan on k_2  (cost=0.00..5.38 rows=95 width=0)
	        Index Cond: ((k >= 1917812) AND (k <= 1917912))

table 3 : explain SELECT k, c FROM sbtest3 WHERE k BETWEEN 1917812 AND 1917912
	Bitmap Heap Scan on sbtest3  (cost=5.42..385.70 rows=96 width=125)
	  Recheck Cond: ((k >= 1917812) AND (k <= 1917912))
	  ->  Bitmap Index Scan on k_3  (cost=0.00..5.39 rows=96 width=0)
	        Index Cond: ((k >= 1917812) AND (k <= 1917912))

table 4 : explain SELECT k, c FROM sbtest4 WHERE k BETWEEN 1917812 AND 1917912
	Bitmap Heap Scan on sbtest4  (cost=5.49..413.32 rows=103 width=125)
	  Recheck Cond: ((k >= 1917812) AND (k <= 1917912))
	  ->  Bitmap Index Scan on k_4  (cost=0.00..5.46 rows=103 width=0)
	        Index Cond: ((k >= 1917812) AND (k <= 1917912))

table 5 : explain SELECT k, c FROM sbtest5 WHERE k BETWEEN 1917812 AND 1917912
	Bitmap Heap Scan on sbtest5  (cost=5.44..393.61 rows=98 width=125)
	  Recheck Cond: ((k >= 1917812) AND (k <= 1917912))
	  ->  Bitmap Index Scan on k_5  (cost=0.00..5.42 rows=98 width=0)
	        Index Cond: ((k >= 1917812) AND (k <= 1917912))

table 6 : explain SELECT k, c FROM sbtest6 WHERE k BETWEEN 1917812 AND 1917912
	Bitmap Heap Scan on sbtest6  (cost=5.49..413.35 rows=103 width=125)
	  Recheck Cond: ((k >= 1917812) AND (k <= 1917912))
	  ->  Bitmap Index Scan on k_6  (cost=0.00..5.46 rows=103 width=0)
	        Index Cond: ((k >= 1917812) AND (k <= 1917912))

table 7 : explain SELECT k, c FROM sbtest7 WHERE k BETWEEN 1917812 AND 1917912
	Bitmap Heap Scan on sbtest7  (cost=5.50..417.29 rows=104 width=125)
	  Recheck Cond: ((k >= 1917812) AND (k <= 1917912))
	  ->  Bitmap Index Scan on k_7  (cost=0.00..5.47 rows=104 width=0)
	        Index Cond: ((k >= 1917812) AND (k <= 1917912))

table 8 : explain SELECT k, c FROM sbtest8 WHERE k BETWEEN 1917812 AND 1917912
	Bitmap Heap Scan on sbtest8  (cost=5.60..456.70 rows=114 width=125)
	  Recheck Cond: ((k >= 1917812) AND (k <= 1917912))
	  ->  Bitmap Index Scan on k_8  (cost=0.00..5.58 rows=114 width=0)
	        Index Cond: ((k >= 1917812) AND (k <= 1917912))
for range-notcovered
table 1 : explain SELECT k, c FROM sbtest1 WHERE k BETWEEN 4209613 AND 4209713
	Bitmap Heap Scan on sbtest1  (cost=5.46..401.43 rows=100 width=125)
	  Recheck Cond: ((k >= 4209613) AND (k <= 4209713))
	  ->  Bitmap Index Scan on k_1  (cost=0.00..5.43 rows=100 width=0)
	        Index Cond: ((k >= 4209613) AND (k <= 4209713))

table 2 : explain SELECT k, c FROM sbtest2 WHERE k BETWEEN 4209613 AND 4209713
	Bitmap Heap Scan on sbtest2  (cost=5.48..409.35 rows=102 width=125)
	  Recheck Cond: ((k >= 4209613) AND (k <= 4209713))
	  ->  Bitmap Index Scan on k_2  (cost=0.00..5.45 rows=102 width=0)
	        Index Cond: ((k >= 4209613) AND (k <= 4209713))

table 3 : explain SELECT k, c FROM sbtest3 WHERE k BETWEEN 4209613 AND 4209713
	Bitmap Heap Scan on sbtest3  (cost=5.40..377.81 rows=94 width=125)
	  Recheck Cond: ((k >= 4209613) AND (k <= 4209713))
	  ->  Bitmap Index Scan on k_3  (cost=0.00..5.38 rows=94 width=0)
	        Index Cond: ((k >= 4209613) AND (k <= 4209713))

table 4 : explain SELECT k, c FROM sbtest4 WHERE k BETWEEN 4209613 AND 4209713
	Bitmap Heap Scan on sbtest4  (cost=5.48..409.38 rows=102 width=125)
	  Recheck Cond: ((k >= 4209613) AND (k <= 4209713))
	  ->  Bitmap Index Scan on k_4  (cost=0.00..5.45 rows=102 width=0)
	        Index Cond: ((k >= 4209613) AND (k <= 4209713))

table 5 : explain SELECT k, c FROM sbtest5 WHERE k BETWEEN 4209613 AND 4209713
	Bitmap Heap Scan on sbtest5  (cost=5.42..385.72 rows=96 width=125)
	  Recheck Cond: ((k >= 4209613) AND (k <= 4209713))
	  ->  Bitmap Index Scan on k_5  (cost=0.00..5.39 rows=96 width=0)
	        Index Cond: ((k >= 4209613) AND (k <= 4209713))

table 6 : explain SELECT k, c FROM sbtest6 WHERE k BETWEEN 4209613 AND 4209713
	Bitmap Heap Scan on sbtest6  (cost=5.50..417.29 rows=104 width=125)
	  Recheck Cond: ((k >= 4209613) AND (k <= 4209713))
	  ->  Bitmap Index Scan on k_6  (cost=0.00..5.47 rows=104 width=0)
	        Index Cond: ((k >= 4209613) AND (k <= 4209713))

table 7 : explain SELECT k, c FROM sbtest7 WHERE k BETWEEN 4209613 AND 4209713
	Bitmap Heap Scan on sbtest7  (cost=5.46..401.52 rows=100 width=125)
	  Recheck Cond: ((k >= 4209613) AND (k <= 4209713))
	  ->  Bitmap Index Scan on k_7  (cost=0.00..5.43 rows=100 width=0)
	        Index Cond: ((k >= 4209613) AND (k <= 4209713))

table 8 : explain SELECT k, c FROM sbtest8 WHERE k BETWEEN 4209613 AND 4209713
	Bitmap Heap Scan on sbtest8  (cost=5.57..444.88 rows=111 width=125)
	  Recheck Cond: ((k >= 4209613) AND (k <= 4209713))
	  ->  Bitmap Index Scan on k_8  (cost=0.00..5.54 rows=111 width=0)
	        Index Cond: ((k >= 4209613) AND (k <= 4209713))

explain: for range-notcovered :: explain SELECT k, c FROM sbtest%d WHERE k BETWEEN 1500845 AND 1500945
explain: for range-notcovered :: explain SELECT k, c FROM sbtest%d WHERE k BETWEEN 8204642 AND 8204742
for range-notcovered
table 1 : explain SELECT k, c FROM sbtest1 WHERE k BETWEEN 7014798 AND 7014898
	Bitmap Heap Scan on sbtest1  (cost=5.54..432.96 rows=108 width=125)
	  Recheck Cond: ((k >= 7014798) AND (k <= 7014898))
	  ->  Bitmap Index Scan on k_1  (cost=0.00..5.51 rows=108 width=0)
	        Index Cond: ((k >= 7014798) AND (k <= 7014898))

table 2 : explain SELECT k, c FROM sbtest2 WHERE k BETWEEN 7014798 AND 7014898
	Bitmap Heap Scan on sbtest2  (cost=5.35..358.07 rows=89 width=125)
	  Recheck Cond: ((k >= 7014798) AND (k <= 7014898))
	  ->  Bitmap Index Scan on k_2  (cost=0.00..5.32 rows=89 width=0)
	        Index Cond: ((k >= 7014798) AND (k <= 7014898))

table 3 : explain SELECT k, c FROM sbtest3 WHERE k BETWEEN 7014798 AND 7014898
	Bitmap Heap Scan on sbtest3  (cost=5.46..401.47 rows=100 width=125)
	  Recheck Cond: ((k >= 7014798) AND (k <= 7014898))
	  ->  Bitmap Index Scan on k_3  (cost=0.00..5.43 rows=100 width=0)
	        Index Cond: ((k >= 7014798) AND (k <= 7014898))

table 4 : explain SELECT k, c FROM sbtest4 WHERE k BETWEEN 7014798 AND 7014898
	Bitmap Heap Scan on sbtest4  (cost=5.41..381.77 rows=95 width=125)
	  Recheck Cond: ((k >= 7014798) AND (k <= 7014898))
	  ->  Bitmap Index Scan on k_4  (cost=0.00..5.38 rows=95 width=0)
	        Index Cond: ((k >= 7014798) AND (k <= 7014898))

table 5 : explain SELECT k, c FROM sbtest5 WHERE k BETWEEN 7014798 AND 7014898
	Bitmap Heap Scan on sbtest5  (cost=5.56..440.91 rows=110 width=125)
	  Recheck Cond: ((k >= 7014798) AND (k <= 7014898))
	  ->  Bitmap Index Scan on k_5  (cost=0.00..5.53 rows=110 width=0)
	        Index Cond: ((k >= 7014798) AND (k <= 7014898))

table 6 : explain SELECT k, c FROM sbtest6 WHERE k BETWEEN 7014798 AND 7014898
	Bitmap Heap Scan on sbtest6  (cost=5.58..448.82 rows=112 width=125)
	  Recheck Cond: ((k >= 7014798) AND (k <= 7014898))
	  ->  Bitmap Index Scan on k_6  (cost=0.00..5.55 rows=112 width=0)
	        Index Cond: ((k >= 7014798) AND (k <= 7014898))

table 7 : explain SELECT k, c FROM sbtest7 WHERE k BETWEEN 7014798 AND 7014898
	Bitmap Heap Scan on sbtest7  (cost=5.45..397.58 rows=99 width=125)
	  Recheck Cond: ((k >= 7014798) AND (k <= 7014898))
	  ->  Bitmap Index Scan on k_7  (cost=0.00..5.42 rows=99 width=0)
	        Index Cond: ((k >= 7014798) AND (k <= 7014898))

table 8 : explain SELECT k, c FROM sbtest8 WHERE k BETWEEN 7014798 AND 7014898
	Bitmap Heap Scan on sbtest8  (cost=5.44..393.63 rows=98 width=125)
	  Recheck Cond: ((k >= 7014798) AND (k <= 7014898))
	  ->  Bitmap Index Scan on k_8  (cost=0.00..5.42 rows=98 width=0)
	        Index Cond: ((k >= 7014798) AND (k <= 7014898))



explain: for range-notcovered :: explain SELECT k, c FROM sbtest%d WHERE k BETWEEN 4209613 AND 4209713
for range-notcovered
table 1 : explain SELECT k, c FROM sbtest1 WHERE k BETWEEN 3967413 AND 3967513
	Bitmap Heap Scan on sbtest1  (cost=5.48..409.32 rows=102 width=125)
	  Recheck Cond: ((k >= 3967413) AND (k <= 3967513))
	  ->  Bitmap Index Scan on k_1  (cost=0.00..5.45 rows=102 width=0)
	        Index Cond: ((k >= 3967413) AND (k <= 3967513))

table 2 : explain SELECT k, c FROM sbtest2 WHERE k BETWEEN 3967413 AND 3967513
	Bitmap Heap Scan on sbtest2  (cost=5.46..401.47 rows=100 width=125)
	  Recheck Cond: ((k >= 3967413) AND (k <= 3967513))
	  ->  Bitmap Index Scan on k_2  (cost=0.00..5.43 rows=100 width=0)
	        Index Cond: ((k >= 3967413) AND (k <= 3967513))

table 3 : explain SELECT k, c FROM sbtest3 WHERE k BETWEEN 3967413 AND 3967513
	Bitmap Heap Scan on sbtest3  (cost=5.42..385.70 rows=96 width=125)
	  Recheck Cond: ((k >= 3967413) AND (k <= 3967513))
	  ->  Bitmap Index Scan on k_3  (cost=0.00..5.39 rows=96 width=0)
	        Index Cond: ((k >= 3967413) AND (k <= 3967513))

table 4 : explain SELECT k, c FROM sbtest4 WHERE k BETWEEN 3967413 AND 3967513
	Bitmap Heap Scan on sbtest4  (cost=5.57..444.85 rows=111 width=125)
	  Recheck Cond: ((k >= 3967413) AND (k <= 3967513))
	  ->  Bitmap Index Scan on k_4  (cost=0.00..5.54 rows=111 width=0)
	        Index Cond: ((k >= 3967413) AND (k <= 3967513))

table 5 : explain SELECT k, c FROM sbtest5 WHERE k BETWEEN 3967413 AND 3967513
	Bitmap Heap Scan on sbtest5  (cost=5.39..373.89 rows=93 width=125)
	  Recheck Cond: ((k >= 3967413) AND (k <= 3967513))
	  ->  Bitmap Index Scan on k_5  (cost=0.00..5.36 rows=93 width=0)
	        Index Cond: ((k >= 3967413) AND (k <= 3967513))

table 6 : explain SELECT k, c FROM sbtest6 WHERE k BETWEEN 3967413 AND 3967513
	Bitmap Heap Scan on sbtest6  (cost=5.45..397.58 rows=99 width=125)
	  Recheck Cond: ((k >= 3967413) AND (k <= 3967513))
	  ->  Bitmap Index Scan on k_6  (cost=0.00..5.42 rows=99 width=0)
	        Index Cond: ((k >= 3967413) AND (k <= 3967513))

table 7 : explain SELECT k, c FROM sbtest7 WHERE k BETWEEN 3967413 AND 3967513
	Bitmap Heap Scan on sbtest7  (cost=5.45..397.58 rows=99 width=125)
	  Recheck Cond: ((k >= 3967413) AND (k <= 3967513))
	  ->  Bitmap Index Scan on k_7  (cost=0.00..5.42 rows=99 width=0)
	        Index Cond: ((k >= 3967413) AND (k <= 3967513))

table 8 : explain SELECT k, c FROM sbtest8 WHERE k BETWEEN 3967413 AND 3967513
	Bitmap Heap Scan on sbtest8  (cost=5.42..385.74 rows=96 width=125)
	  Recheck Cond: ((k >= 3967413) AND (k <= 3967513))
	  ->  Bitmap Index Scan on k_8  (cost=0.00..5.39 rows=96 width=0)
	        Index Cond: ((k >= 3967413) AND (k <= 3967513))

for range-notcovered
table 1 : explain SELECT k, c FROM sbtest1 WHERE k BETWEEN 3701523 AND 3701623
	Bitmap Heap Scan on sbtest1  (cost=5.45..397.49 rows=99 width=125)
	  Recheck Cond: ((k >= 3701523) AND (k <= 3701623))
	  ->  Bitmap Index Scan on k_1  (cost=0.00..5.42 rows=99 width=0)
	        Index Cond: ((k >= 3701523) AND (k <= 3701623))

table 2 : explain SELECT k, c FROM sbtest2 WHERE k BETWEEN 3701523 AND 3701623
	Bitmap Heap Scan on sbtest2  (cost=5.49..413.29 rows=103 width=125)
	  Recheck Cond: ((k >= 3701523) AND (k <= 3701623))
	  ->  Bitmap Index Scan on k_2  (cost=0.00..5.46 rows=103 width=0)
	        Index Cond: ((k >= 3701523) AND (k <= 3701623))

table 3 : explain SELECT k, c FROM sbtest3 WHERE k BETWEEN 3701523 AND 3701623
	Bitmap Heap Scan on sbtest3  (cost=5.41..381.75 rows=95 width=125)
	  Recheck Cond: ((k >= 3701523) AND (k <= 3701623))
	  ->  Bitmap Index Scan on k_3  (cost=0.00..5.38 rows=95 width=0)
	        Index Cond: ((k >= 3701523) AND (k <= 3701623))

table 4 : explain SELECT k, c FROM sbtest4 WHERE k BETWEEN 3701523 AND 3701623
	Bitmap Heap Scan on sbtest4  (cost=5.41..381.77 rows=95 width=125)
	  Recheck Cond: ((k >= 3701523) AND (k <= 3701623))
	  ->  Bitmap Index Scan on k_4  (cost=0.00..5.38 rows=95 width=0)
	        Index Cond: ((k >= 3701523) AND (k <= 3701623))

table 5 : explain SELECT k, c FROM sbtest5 WHERE k BETWEEN 3701523 AND 3701623
	Bitmap Heap Scan on sbtest5  (cost=5.55..436.97 rows=109 width=125)
	  Recheck Cond: ((k >= 3701523) AND (k <= 3701623))
	  ->  Bitmap Index Scan on k_5  (cost=0.00..5.52 rows=109 width=0)
	        Index Cond: ((k >= 3701523) AND (k <= 3701623))

table 6 : explain SELECT k, c FROM sbtest6 WHERE k BETWEEN 3701523 AND 3701623
	Bitmap Heap Scan on sbtest6  (cost=5.42..385.74 rows=96 width=125)
	  Recheck Cond: ((k >= 3701523) AND (k <= 3701623))
	  ->  Bitmap Index Scan on k_6  (cost=0.00..5.39 rows=96 width=0)
	        Index Cond: ((k >= 3701523) AND (k <= 3701623))

table 7 : explain SELECT k, c FROM sbtest7 WHERE k BETWEEN 3701523 AND 3701623
	Bitmap Heap Scan on sbtest7  (cost=5.43..389.69 rows=97 width=125)
	  Recheck Cond: ((k >= 3701523) AND (k <= 3701623))
	  ->  Bitmap Index Scan on k_7  (cost=0.00..5.40 rows=97 width=0)
	        Index Cond: ((k >= 3701523) AND (k <= 3701623))

table 8 : explain SELECT k, c FROM sbtest8 WHERE k BETWEEN 3701523 AND 3701623
	Bitmap Heap Scan on sbtest8  (cost=5.49..413.35 rows=103 width=125)
	  Recheck Cond: ((k >= 3701523) AND (k <= 3701623))
	  ->  Bitmap Index Scan on k_8  (cost=0.00..5.46 rows=103 width=0)
	        Index Cond: ((k >= 3701523) AND (k <= 3701623))

explain: for range-notcovered :: explain SELECT k, c FROM sbtest%d WHERE k BETWEEN 2665046 AND 2665146

for range-notcovered
table 1 : explain SELECT k, c FROM sbtest1 WHERE k BETWEEN 5046403 AND 5046503
	Bitmap Heap Scan on sbtest1  (cost=5.63..468.40 rows=117 width=125)
	  Recheck Cond: ((k >= 5046403) AND (k <= 5046503))
	  ->  Bitmap Index Scan on k_1  (cost=0.00..5.60 rows=117 width=0)
	        Index Cond: ((k >= 5046403) AND (k <= 5046503))

table 2 : explain SELECT k, c FROM sbtest2 WHERE k BETWEEN 5046403 AND 5046503
	Bitmap Heap Scan on sbtest2  (cost=5.49..413.29 rows=103 width=125)
	  Recheck Cond: ((k >= 5046403) AND (k <= 5046503))
	  ->  Bitmap Index Scan on k_2  (cost=0.00..5.46 rows=103 width=0)
	        Index Cond: ((k >= 5046403) AND (k <= 5046503))

table 3 : explain SELECT k, c FROM sbtest3 WHERE k BETWEEN 5046403 AND 5046503
	Bitmap Heap Scan on sbtest3  (cost=5.59..452.69 rows=113 width=125)
	  Recheck Cond: ((k >= 5046403) AND (k <= 5046503))
	  ->  Bitmap Index Scan on k_3  (cost=0.00..5.56 rows=113 width=0)
	        Index Cond: ((k >= 5046403) AND (k <= 5046503))

table 4 : explain SELECT k, c FROM sbtest4 WHERE k BETWEEN 5046403 AND 5046503
	Bitmap Heap Scan on sbtest4  (cost=5.43..389.66 rows=97 width=125)
	  Recheck Cond: ((k >= 5046403) AND (k <= 5046503))
	  ->  Bitmap Index Scan on k_4  (cost=0.00..5.40 rows=97 width=0)
	        Index Cond: ((k >= 5046403) AND (k <= 5046503))

table 5 : explain SELECT k, c FROM sbtest5 WHERE k BETWEEN 5046403 AND 5046503
	Bitmap Heap Scan on sbtest5  (cost=5.54..433.03 rows=108 width=125)
	  Recheck Cond: ((k >= 5046403) AND (k <= 5046503))
	  ->  Bitmap Index Scan on k_5  (cost=0.00..5.51 rows=108 width=0)
	        Index Cond: ((k >= 5046403) AND (k <= 5046503))

table 6 : explain SELECT k, c FROM sbtest6 WHERE k BETWEEN 5046403 AND 5046503
	Bitmap Heap Scan on sbtest6  (cost=5.45..397.58 rows=99 width=125)
	  Recheck Cond: ((k >= 5046403) AND (k <= 5046503))
	  ->  Bitmap Index Scan on k_6  (cost=0.00..5.42 rows=99 width=0)
	        Index Cond: ((k >= 5046403) AND (k <= 5046503))

table 7 : explain SELECT k, c FROM sbtest7 WHERE k BETWEEN 5046403 AND 5046503
	Bitmap Heap Scan on sbtest7  (cost=5.47..405.46 rows=101 width=125)
	  Recheck Cond: ((k >= 5046403) AND (k <= 5046503))
	  ->  Bitmap Index Scan on k_7  (cost=0.00..5.44 rows=101 width=0)
	        Index Cond: ((k >= 5046403) AND (k <= 5046503))

table 8 : explain SELECT k, c FROM sbtest8 WHERE k BETWEEN 5046403 AND 5046503
	Bitmap Heap Scan on sbtest8  (cost=5.44..393.63 rows=98 width=125)
	  Recheck Cond: ((k >= 5046403) AND (k <= 5046503))
	  ->  Bitmap Index Scan on k_8  (cost=0.00..5.42 rows=98 width=0)
	        Index Cond: ((k >= 5046403) AND (k <= 5046503))

explain: for range-notcovered :: explain SELECT k, c FROM sbtest%d WHERE k BETWEEN 2722345 AND 2722445explain: for range-notcovered :: explain SELECT k, c FROM sbtest%d WHERE k BETWEEN 3701523 AND 3701623
explain: for range-notcovered :: explain SELECT k, c FROM sbtest%d WHERE k BETWEEN 231832 AND 231932

for range-notcovered
table 1 : explain SELECT k, c FROM sbtest1 WHERE k BETWEEN 4221738 AND 4221838
	Bitmap Heap Scan on sbtest1  (cost=5.46..401.43 rows=100 width=125)
	  Recheck Cond: ((k >= 4221738) AND (k <= 4221838))
	  ->  Bitmap Index Scan on k_1  (cost=0.00..5.43 rows=100 width=0)
	        Index Cond: ((k >= 4221738) AND (k <= 4221838))

table 2 : explain SELECT k, c FROM sbtest2 WHERE k BETWEEN 4221738 AND 4221838
	Bitmap Heap Scan on sbtest2  (cost=5.48..409.35 rows=102 width=125)
	  Recheck Cond: ((k >= 4221738) AND (k <= 4221838))
	  ->  Bitmap Index Scan on k_2  (cost=0.00..5.45 rows=102 width=0)
	        Index Cond: ((k >= 4221738) AND (k <= 4221838))

table 3 : explain SELECT k, c FROM sbtest3 WHERE k BETWEEN 4221738 AND 4221838
	Bitmap Heap Scan on sbtest3  (cost=5.40..377.81 rows=94 width=125)
	  Recheck Cond: ((k >= 4221738) AND (k <= 4221838))
	  ->  Bitmap Index Scan on k_3  (cost=0.00..5.38 rows=94 width=0)
	        Index Cond: ((k >= 4221738) AND (k <= 4221838))

table 4 : explain SELECT k, c FROM sbtest4 WHERE k BETWEEN 4221738 AND 4221838
	Bitmap Heap Scan on sbtest4  (cost=5.48..409.38 rows=102 width=125)
	  Recheck Cond: ((k >= 4221738) AND (k <= 4221838))
	  ->  Bitmap Index Scan on k_4  (cost=0.00..5.45 rows=102 width=0)
	        Index Cond: ((k >= 4221738) AND (k <= 4221838))

table 5 : explain SELECT k, c FROM sbtest5 WHERE k BETWEEN 4221738 AND 4221838
	Bitmap Heap Scan on sbtest5  (cost=5.42..385.72 rows=96 width=125)
	  Recheck Cond: ((k >= 4221738) AND (k <= 4221838))
	  ->  Bitmap Index Scan on k_5  (cost=0.00..5.39 rows=96 width=0)
	        Index Cond: ((k >= 4221738) AND (k <= 4221838))

table 6 : explain SELECT k, c FROM sbtest6 WHERE k BETWEEN 4221738 AND 4221838
	Bitmap Heap Scan on sbtest6  (cost=5.50..417.29 rows=104 width=125)
	  Recheck Cond: ((k >= 4221738) AND (k <= 4221838))
	  ->  Bitmap Index Scan on k_6  (cost=0.00..5.47 rows=104 width=0)
	        Index Cond: ((k >= 4221738) AND (k <= 4221838))

table 7 : explain SELECT k, c FROM sbtest7 WHERE k BETWEEN 4221738 AND 4221838
	Bitmap Heap Scan on sbtest7  (cost=5.46..401.52 rows=100 width=125)
	  Recheck Cond: ((k >= 4221738) AND (k <= 4221838))
	  ->  Bitmap Index Scan on k_7  (cost=0.00..5.43 rows=100 width=0)
	        Index Cond: ((k >= 4221738) AND (k <= 4221838))

table 8 : explain SELECT k, c FROM sbtest8 WHERE k BETWEEN 4221738 AND 4221838
	Bitmap Heap Scan on sbtest8  (cost=5.57..444.88 rows=111 width=125)
	  Recheck Cond: ((k >= 4221738) AND (k <= 4221838))
	  ->  Bitmap Index Scan on k_8  (cost=0.00..5.54 rows=111 width=0)
	        Index Cond: ((k >= 4221738) AND (k <= 4221838))
explain: for range-notcovered :: explain SELECT k, c FROM sbtest%d WHERE k BETWEEN 1917812 AND 1917912
explain: for range-notcovered :: explain SELECT k, c FROM sbtest%d WHERE k BETWEEN 3818532 AND 3818632
explain: for range-notcovered :: explain SELECT k, c FROM sbtest%d WHERE k BETWEEN 7014798 AND 7014898
for range-notcovered
table 1 : explain SELECT k, c FROM sbtest1 WHERE k BETWEEN 2786643 AND 2786743
	Bitmap Heap Scan on sbtest1  (cost=5.50..417.20 rows=104 width=125)
	  Recheck Cond: ((k >= 2786643) AND (k <= 2786743))
	  ->  Bitmap Index Scan on k_1  (cost=0.00..5.47 rows=104 width=0)
	        Index Cond: ((k >= 2786643) AND (k <= 2786743))

table 2 : explain SELECT k, c FROM sbtest2 WHERE k BETWEEN 2786643 AND 2786743
	Bitmap Heap Scan on sbtest2  (cost=5.47..405.41 rows=101 width=125)
	  Recheck Cond: ((k >= 2786643) AND (k <= 2786743))
	  ->  Bitmap Index Scan on k_2  (cost=0.00..5.44 rows=101 width=0)
	        Index Cond: ((k >= 2786643) AND (k <= 2786743))

table 3 : explain SELECT k, c FROM sbtest3 WHERE k BETWEEN 2786643 AND 2786743
	Bitmap Heap Scan on sbtest3  (cost=5.48..409.36 rows=102 width=125)
	  Recheck Cond: ((k >= 2786643) AND (k <= 2786743))
	  ->  Bitmap Index Scan on k_3  (cost=0.00..5.45 rows=102 width=0)
	        Index Cond: ((k >= 2786643) AND (k <= 2786743))

table 4 : explain SELECT k, c FROM sbtest4 WHERE k BETWEEN 2786643 AND 2786743
	Bitmap Heap Scan on sbtest4  (cost=5.48..409.38 rows=102 width=125)
	  Recheck Cond: ((k >= 2786643) AND (k <= 2786743))
	  ->  Bitmap Index Scan on k_4  (cost=0.00..5.45 rows=102 width=0)
	        Index Cond: ((k >= 2786643) AND (k <= 2786743))

table 5 : explain SELECT k, c FROM sbtest5 WHERE k BETWEEN 2786643 AND 2786743
	Bitmap Heap Scan on sbtest5  (cost=5.46..401.50 rows=100 width=125)
	  Recheck Cond: ((k >= 2786643) AND (k <= 2786743))
	  ->  Bitmap Index Scan on k_5  (cost=0.00..5.43 rows=100 width=0)
	        Index Cond: ((k >= 2786643) AND (k <= 2786743))

table 6 : explain SELECT k, c FROM sbtest6 WHERE k BETWEEN 2786643 AND 2786743
	Bitmap Heap Scan on sbtest6  (cost=5.36..362.07 rows=90 width=125)
	  Recheck Cond: ((k >= 2786643) AND (k <= 2786743))
	  ->  Bitmap Index Scan on k_6  (cost=0.00..5.33 rows=90 width=0)
	        Index Cond: ((k >= 2786643) AND (k <= 2786743))

table 7 : explain SELECT k, c FROM sbtest7 WHERE k BETWEEN 2786643 AND 2786743
	Bitmap Heap Scan on sbtest7  (cost=5.41..381.80 rows=95 width=125)
	  Recheck Cond: ((k >= 2786643) AND (k <= 2786743))
	  ->  Bitmap Index Scan on k_7  (cost=0.00..5.38 rows=95 width=0)
	        Index Cond: ((k >= 2786643) AND (k <= 2786743))

table 8 : explain SELECT k, c FROM sbtest8 WHERE k BETWEEN 2786643 AND 2786743
	Bitmap Heap Scan on sbtest8  (cost=5.46..401.52 rows=100 width=125)
	  Recheck Cond: ((k >= 2786643) AND (k <= 2786743))
	  ->  Bitmap Index Scan on k_8  (cost=0.00..5.43 rows=100 width=0)
	        Index Cond: ((k >= 2786643) AND (k <= 2786743))

for range-notcovered
table 1 : explain SELECT k, c FROM sbtest1 WHERE k BETWEEN 4395323 AND 4395423
	Bitmap Heap Scan on sbtest1  (cost=5.50..417.20 rows=104 width=125)
	  Recheck Cond: ((k >= 4395323) AND (k <= 4395423))
	  ->  Bitmap Index Scan on k_1  (cost=0.00..5.47 rows=104 width=0)
	        Index Cond: ((k >= 4395323) AND (k <= 4395423))

table 2 : explain SELECT k, c FROM sbtest2 WHERE k BETWEEN 4395323 AND 4395423
	Bitmap Heap Scan on sbtest2  (cost=5.60..456.63 rows=114 width=125)
	  Recheck Cond: ((k >= 4395323) AND (k <= 4395423))
	  ->  Bitmap Index Scan on k_2  (cost=0.00..5.58 rows=114 width=0)
	        Index Cond: ((k >= 4395323) AND (k <= 4395423))

table 3 : explain SELECT k, c FROM sbtest3 WHERE k BETWEEN 4395323 AND 4395423
	Bitmap Heap Scan on sbtest3  (cost=5.55..436.94 rows=109 width=125)
	  Recheck Cond: ((k >= 4395323) AND (k <= 4395423))
	  ->  Bitmap Index Scan on k_3  (cost=0.00..5.52 rows=109 width=0)
	        Index Cond: ((k >= 4395323) AND (k <= 4395423))

table 4 : explain SELECT k, c FROM sbtest4 WHERE k BETWEEN 4395323 AND 4395423
	Bitmap Heap Scan on sbtest4  (cost=5.44..393.61 rows=98 width=125)
	  Recheck Cond: ((k >= 4395323) AND (k <= 4395423))
	  ->  Bitmap Index Scan on k_4  (cost=0.00..5.42 rows=98 width=0)
	        Index Cond: ((k >= 4395323) AND (k <= 4395423))

table 5 : explain SELECT k, c FROM sbtest5 WHERE k BETWEEN 4395323 AND 4395423
	Bitmap Heap Scan on sbtest5  (cost=5.46..401.50 rows=100 width=125)
	  Recheck Cond: ((k >= 4395323) AND (k <= 4395423))
	  ->  Bitmap Index Scan on k_5  (cost=0.00..5.43 rows=100 width=0)
	        Index Cond: ((k >= 4395323) AND (k <= 4395423))

table 6 : explain SELECT k, c FROM sbtest6 WHERE k BETWEEN 4395323 AND 4395423
	Bitmap Heap Scan on sbtest6  (cost=5.45..397.58 rows=99 width=125)
	  Recheck Cond: ((k >= 4395323) AND (k <= 4395423))
	  ->  Bitmap Index Scan on k_6  (cost=0.00..5.42 rows=99 width=0)
	        Index Cond: ((k >= 4395323) AND (k <= 4395423))

table 7 : explain SELECT k, c FROM sbtest7 WHERE k BETWEEN 4395323 AND 4395423
	Bitmap Heap Scan on sbtest7  (cost=5.59..452.76 rows=113 width=125)
	  Recheck Cond: ((k >= 4395323) AND (k <= 4395423))
	  ->  Bitmap Index Scan on k_7  (cost=0.00..5.56 rows=113 width=0)
	        Index Cond: ((k >= 4395323) AND (k <= 4395423))

table 8 : explain SELECT k, c FROM sbtest8 WHERE k BETWEEN 4395323 AND 4395423
	Bitmap Heap Scan on sbtest8  (cost=5.42..385.74 rows=96 width=125)
	  Recheck Cond: ((k >= 4395323) AND (k <= 4395423))
	  ->  Bitmap Index Scan on k_8  (cost=0.00..5.39 rows=96 width=0)
	        Index Cond: ((k >= 4395323) AND (k <= 4395423))
explain: for range-notcovered :: explain SELECT k, c FROM sbtest%d WHERE k BETWEEN 3967413 AND 3967513
explain: for range-notcovered :: explain SELECT k, c FROM sbtest%d WHERE k BETWEEN 5046403 AND 5046503
for range-notcovered
table 1 : explain SELECT k, c FROM sbtest1 WHERE k BETWEEN 5662288 AND 5662388
	Bitmap Heap Scan on sbtest1  (cost=5.42..385.66 rows=96 width=125)
	  Recheck Cond: ((k >= 5662288) AND (k <= 5662388))
	  ->  Bitmap Index Scan on k_1  (cost=0.00..5.39 rows=96 width=0)
	        Index Cond: ((k >= 5662288) AND (k <= 5662388))

table 2 : explain SELECT k, c FROM sbtest2 WHERE k BETWEEN 5662288 AND 5662388
	Bitmap Heap Scan on sbtest2  (cost=5.40..377.80 rows=94 width=125)
	  Recheck Cond: ((k >= 5662288) AND (k <= 5662388))
	  ->  Bitmap Index Scan on k_2  (cost=0.00..5.38 rows=94 width=0)
	        Index Cond: ((k >= 5662288) AND (k <= 5662388))

table 3 : explain SELECT k, c FROM sbtest3 WHERE k BETWEEN 5662288 AND 5662388
	Bitmap Heap Scan on sbtest3  (cost=5.53..429.06 rows=107 width=125)
	  Recheck Cond: ((k >= 5662288) AND (k <= 5662388))
	  ->  Bitmap Index Scan on k_3  (cost=0.00..5.50 rows=107 width=0)
	        Index Cond: ((k >= 5662288) AND (k <= 5662388))

table 4 : explain SELECT k, c FROM sbtest4 WHERE k BETWEEN 5662288 AND 5662388
	Bitmap Heap Scan on sbtest4  (cost=5.55..436.97 rows=109 width=125)
	  Recheck Cond: ((k >= 5662288) AND (k <= 5662388))
	  ->  Bitmap Index Scan on k_4  (cost=0.00..5.52 rows=109 width=0)
	        Index Cond: ((k >= 5662288) AND (k <= 5662388))

table 5 : explain SELECT k, c FROM sbtest5 WHERE k BETWEEN 5662288 AND 5662388
	Bitmap Heap Scan on sbtest5  (cost=5.35..358.10 rows=89 width=125)
	  Recheck Cond: ((k >= 5662288) AND (k <= 5662388))
	  ->  Bitmap Index Scan on k_5  (cost=0.00..5.32 rows=89 width=0)
	        Index Cond: ((k >= 5662288) AND (k <= 5662388))

table 6 : explain SELECT k, c FROM sbtest6 WHERE k BETWEEN 5662288 AND 5662388
	Bitmap Heap Scan on sbtest6  (cost=5.41..381.80 rows=95 width=125)
	  Recheck Cond: ((k >= 5662288) AND (k <= 5662388))
	  ->  Bitmap Index Scan on k_6  (cost=0.00..5.38 rows=95 width=0)
	        Index Cond: ((k >= 5662288) AND (k <= 5662388))

table 7 : explain SELECT k, c FROM sbtest7 WHERE k BETWEEN 5662288 AND 5662388
	Bitmap Heap Scan on sbtest7  (cost=5.54..433.06 rows=108 width=125)
	  Recheck Cond: ((k >= 5662288) AND (k <= 5662388))
	  ->  Bitmap Index Scan on k_7  (cost=0.00..5.51 rows=108 width=0)
	        Index Cond: ((k >= 5662288) AND (k <= 5662388))

table 8 : explain SELECT k, c FROM sbtest8 WHERE k BETWEEN 5662288 AND 5662388
	Bitmap Heap Scan on sbtest8  (cost=5.46..401.52 rows=100 width=125)
	  Recheck Cond: ((k >= 5662288) AND (k <= 5662388))
	  ->  Bitmap Index Scan on k_8  (cost=0.00..5.43 rows=100 width=0)
	        Index Cond: ((k >= 5662288) AND (k <= 5662388))

for range-notcovered
table 1 : explain SELECT k, c FROM sbtest1 WHERE k BETWEEN 4989850 AND 4989950
	Bitmap Heap Scan on sbtest1  (cost=5.57..444.78 rows=111 width=125)
	  Recheck Cond: ((k >= 4989850) AND (k <= 4989950))
	  ->  Bitmap Index Scan on k_1  (cost=0.00..5.54 rows=111 width=0)
	        Index Cond: ((k >= 4989850) AND (k <= 4989950))

table 2 : explain SELECT k, c FROM sbtest2 WHERE k BETWEEN 4989850 AND 4989950
	Bitmap Heap Scan on sbtest2  (cost=5.49..413.29 rows=103 width=125)
	  Recheck Cond: ((k >= 4989850) AND (k <= 4989950))
	  ->  Bitmap Index Scan on k_2  (cost=0.00..5.46 rows=103 width=0)
	        Index Cond: ((k >= 4989850) AND (k <= 4989950))

table 3 : explain SELECT k, c FROM sbtest3 WHERE k BETWEEN 4989850 AND 4989950
	Bitmap Heap Scan on sbtest3  (cost=5.51..421.18 rows=105 width=125)
	  Recheck Cond: ((k >= 4989850) AND (k <= 4989950))
	  ->  Bitmap Index Scan on k_3  (cost=0.00..5.48 rows=105 width=0)
	        Index Cond: ((k >= 4989850) AND (k <= 4989950))

table 4 : explain SELECT k, c FROM sbtest4 WHERE k BETWEEN 4989850 AND 4989950
	Bitmap Heap Scan on sbtest4  (cost=5.43..389.66 rows=97 width=125)
	  Recheck Cond: ((k >= 4989850) AND (k <= 4989950))
	  ->  Bitmap Index Scan on k_4  (cost=0.00..5.40 rows=97 width=0)
	        Index Cond: ((k >= 4989850) AND (k <= 4989950))

table 5 : explain SELECT k, c FROM sbtest5 WHERE k BETWEEN 4989850 AND 4989950
	Bitmap Heap Scan on sbtest5  (cost=5.54..433.03 rows=108 width=125)
	  Recheck Cond: ((k >= 4989850) AND (k <= 4989950))
	  ->  Bitmap Index Scan on k_5  (cost=0.00..5.51 rows=108 width=0)
	        Index Cond: ((k >= 4989850) AND (k <= 4989950))

table 6 : explain SELECT k, c FROM sbtest6 WHERE k BETWEEN 4989850 AND 4989950
	Bitmap Heap Scan on sbtest6  (cost=5.45..397.58 rows=99 width=125)
	  Recheck Cond: ((k >= 4989850) AND (k <= 4989950))
	  ->  Bitmap Index Scan on k_6  (cost=0.00..5.42 rows=99 width=0)
	        Index Cond: ((k >= 4989850) AND (k <= 4989950))

table 7 : explain SELECT k, c FROM sbtest7 WHERE k BETWEEN 4989850 AND 4989950
	Bitmap Heap Scan on sbtest7  (cost=5.48..409.41 rows=102 width=125)
	  Recheck Cond: ((k >= 4989850) AND (k <= 4989950))
	  ->  Bitmap Index Scan on k_7  (cost=0.00..5.45 rows=102 width=0)
	        Index Cond: ((k >= 4989850) AND (k <= 4989950))

table 8 : explain SELECT k, c FROM sbtest8 WHERE k BETWEEN 4989850 AND 4989950
	Bitmap Heap Scan on sbtest8  (cost=5.42..385.74 rows=96 width=125)
	  Recheck Cond: ((k >= 4989850) AND (k <= 4989950))
	  ->  Bitmap Index Scan on k_8  (cost=0.00..5.39 rows=96 width=0)
	        Index Cond: ((k >= 4989850) AND (k <= 4989950))

for range-notcovered
table 1 : explain SELECT k, c FROM sbtest1 WHERE k BETWEEN 6724376 AND 6724476
	Bitmap Heap Scan on sbtest1  (cost=5.51..421.14 rows=105 width=125)
	  Recheck Cond: ((k >= 6724376) AND (k <= 6724476))
	  ->  Bitmap Index Scan on k_1  (cost=0.00..5.48 rows=105 width=0)
	        Index Cond: ((k >= 6724376) AND (k <= 6724476))

table 2 : explain SELECT k, c FROM sbtest2 WHERE k BETWEEN 6724376 AND 6724476
	Bitmap Heap Scan on sbtest2  (cost=5.44..393.58 rows=98 width=125)
	  Recheck Cond: ((k >= 6724376) AND (k <= 6724476))
	  ->  Bitmap Index Scan on k_2  (cost=0.00..5.42 rows=98 width=0)
	        Index Cond: ((k >= 6724376) AND (k <= 6724476))

table 3 : explain SELECT k, c FROM sbtest3 WHERE k BETWEEN 6724376 AND 6724476
	Bitmap Heap Scan on sbtest3  (cost=5.50..417.24 rows=104 width=125)
	  Recheck Cond: ((k >= 6724376) AND (k <= 6724476))
	  ->  Bitmap Index Scan on k_3  (cost=0.00..5.47 rows=104 width=0)
	        Index Cond: ((k >= 6724376) AND (k <= 6724476))

table 4 : explain SELECT k, c FROM sbtest4 WHERE k BETWEEN 6724376 AND 6724476
	Bitmap Heap Scan on sbtest4  (cost=5.42..385.72 rows=96 width=125)
	  Recheck Cond: ((k >= 6724376) AND (k <= 6724476))
	  ->  Bitmap Index Scan on k_4  (cost=0.00..5.39 rows=96 width=0)
	        Index Cond: ((k >= 6724376) AND (k <= 6724476))

table 5 : explain SELECT k, c FROM sbtest5 WHERE k BETWEEN 6724376 AND 6724476
	Bitmap Heap Scan on sbtest5  (cost=5.47..405.44 rows=101 width=125)
	  Recheck Cond: ((k >= 6724376) AND (k <= 6724476))
	  ->  Bitmap Index Scan on k_5  (cost=0.00..5.44 rows=101 width=0)
	        Index Cond: ((k >= 6724376) AND (k <= 6724476))

table 6 : explain SELECT k, c FROM sbtest6 WHERE k BETWEEN 6724376 AND 6724476
	Bitmap Heap Scan on sbtest6  (cost=5.51..421.24 rows=105 width=125)
	  Recheck Cond: ((k >= 6724376) AND (k <= 6724476))
	  ->  Bitmap Index Scan on k_6  (cost=0.00..5.48 rows=105 width=0)
	        Index Cond: ((k >= 6724376) AND (k <= 6724476))

table 7 : explain SELECT k, c FROM sbtest7 WHERE k BETWEEN 6724376 AND 6724476
	Bitmap Heap Scan on sbtest7  (cost=5.46..401.52 rows=100 width=125)
	  Recheck Cond: ((k >= 6724376) AND (k <= 6724476))
	  ->  Bitmap Index Scan on k_7  (cost=0.00..5.43 rows=100 width=0)
	        Index Cond: ((k >= 6724376) AND (k <= 6724476))

table 8 : explain SELECT k, c FROM sbtest8 WHERE k BETWEEN 6724376 AND 6724476
	Bitmap Heap Scan on sbtest8  (cost=5.53..429.12 rows=107 width=125)
	  Recheck Cond: ((k >= 6724376) AND (k <= 6724476))
	  ->  Bitmap Index Scan on k_8  (cost=0.00..5.50 rows=107 width=0)
	        Index Cond: ((k >= 6724376) AND (k <= 6724476))

for range-notcovered
table 1 : explain SELECT k, c FROM sbtest1 WHERE k BETWEEN 5389193 AND 5389293
	Bitmap Heap Scan on sbtest1  (cost=5.58..448.71 rows=112 width=125)
	  Recheck Cond: ((k >= 5389193) AND (k <= 5389293))
	  ->  Bitmap Index Scan on k_1  (cost=0.00..5.55 rows=112 width=0)
	        Index Cond: ((k >= 5389193) AND (k <= 5389293))

table 2 : explain SELECT k, c FROM sbtest2 WHERE k BETWEEN 5389193 AND 5389293
	Bitmap Heap Scan on sbtest2  (cost=5.46..401.47 rows=100 width=125)
	  Recheck Cond: ((k >= 5389193) AND (k <= 5389293))
	  ->  Bitmap Index Scan on k_2  (cost=0.00..5.43 rows=100 width=0)
	        Index Cond: ((k >= 5389193) AND (k <= 5389293))

table 3 : explain SELECT k, c FROM sbtest3 WHERE k BETWEEN 5389193 AND 5389293
	Bitmap Heap Scan on sbtest3  (cost=5.41..381.75 rows=95 width=125)
	  Recheck Cond: ((k >= 5389193) AND (k <= 5389293))
	  ->  Bitmap Index Scan on k_3  (cost=0.00..5.38 rows=95 width=0)
	        Index Cond: ((k >= 5389193) AND (k <= 5389293))

table 4 : explain SELECT k, c FROM sbtest4 WHERE k BETWEEN 5389193 AND 5389293
	Bitmap Heap Scan on sbtest4  (cost=5.43..389.66 rows=97 width=125)
	  Recheck Cond: ((k >= 5389193) AND (k <= 5389293))
	  ->  Bitmap Index Scan on k_4  (cost=0.00..5.40 rows=97 width=0)
	        Index Cond: ((k >= 5389193) AND (k <= 5389293))

table 5 : explain SELECT k, c FROM sbtest5 WHERE k BETWEEN 5389193 AND 5389293
	Bitmap Heap Scan on sbtest5  (cost=5.47..405.44 rows=101 width=125)
	  Recheck Cond: ((k >= 5389193) AND (k <= 5389293))
	  ->  Bitmap Index Scan on k_5  (cost=0.00..5.44 rows=101 width=0)
	        Index Cond: ((k >= 5389193) AND (k <= 5389293))

table 6 : explain SELECT k, c FROM sbtest6 WHERE k BETWEEN 5389193 AND 5389293
	Bitmap Heap Scan on sbtest6  (cost=5.54..433.06 rows=108 width=125)
	  Recheck Cond: ((k >= 5389193) AND (k <= 5389293))
	  ->  Bitmap Index Scan on k_6  (cost=0.00..5.51 rows=108 width=0)
	        Index Cond: ((k >= 5389193) AND (k <= 5389293))

table 7 : explain SELECT k, c FROM sbtest7 WHERE k BETWEEN 5389193 AND 5389293
	Bitmap Heap Scan on sbtest7  (cost=5.56..440.94 rows=110 width=125)
	  Recheck Cond: ((k >= 5389193) AND (k <= 5389293))
	  ->  Bitmap Index Scan on k_7  (cost=0.00..5.53 rows=110 width=0)
	        Index Cond: ((k >= 5389193) AND (k <= 5389293))

table 8 : explain SELECT k, c FROM sbtest8 WHERE k BETWEEN 5389193 AND 5389293
	Bitmap Heap Scan on sbtest8  (cost=5.42..385.74 rows=96 width=125)
	  Recheck Cond: ((k >= 5389193) AND (k <= 5389293))
	  ->  Bitmap Index Scan on k_8  (cost=0.00..5.39 rows=96 width=0)
	        Index Cond: ((k >= 5389193) AND (k <= 5389293))
for range-notcovered
table 1 : explain SELECT k, c FROM sbtest1 WHERE k BETWEEN 6393573 AND 6393673
	Bitmap Heap Scan on sbtest1  (cost=5.50..417.20 rows=104 width=125)
	  Recheck Cond: ((k >= 6393573) AND (k <= 6393673))
	  ->  Bitmap Index Scan on k_1  (cost=0.00..5.47 rows=104 width=0)
	        Index Cond: ((k >= 6393573) AND (k <= 6393673))

table 2 : explain SELECT k, c FROM sbtest2 WHERE k BETWEEN 6393573 AND 6393673
	Bitmap Heap Scan on sbtest2  (cost=5.46..401.47 rows=100 width=125)
	  Recheck Cond: ((k >= 6393573) AND (k <= 6393673))
	  ->  Bitmap Index Scan on k_2  (cost=0.00..5.43 rows=100 width=0)
	        Index Cond: ((k >= 6393573) AND (k <= 6393673))

table 3 : explain SELECT k, c FROM sbtest3 WHERE k BETWEEN 6393573 AND 6393673
	Bitmap Heap Scan on sbtest3  (cost=5.48..409.36 rows=102 width=125)
	  Recheck Cond: ((k >= 6393573) AND (k <= 6393673))
	  ->  Bitmap Index Scan on k_3  (cost=0.00..5.45 rows=102 width=0)
	        Index Cond: ((k >= 6393573) AND (k <= 6393673))

table 4 : explain SELECT k, c FROM sbtest4 WHERE k BETWEEN 6393573 AND 6393673
	Bitmap Heap Scan on sbtest4  (cost=5.47..405.44 rows=101 width=125)
	  Recheck Cond: ((k >= 6393573) AND (k <= 6393673))
	  ->  Bitmap Index Scan on k_4  (cost=0.00..5.44 rows=101 width=0)
	        Index Cond: ((k >= 6393573) AND (k <= 6393673))

table 5 : explain SELECT k, c FROM sbtest5 WHERE k BETWEEN 6393573 AND 6393673
	Bitmap Heap Scan on sbtest5  (cost=5.47..405.44 rows=101 width=125)
	  Recheck Cond: ((k >= 6393573) AND (k <= 6393673))
	  ->  Bitmap Index Scan on k_5  (cost=0.00..5.44 rows=101 width=0)
	        Index Cond: ((k >= 6393573) AND (k <= 6393673))

table 6 : explain SELECT k, c FROM sbtest6 WHERE k BETWEEN 6393573 AND 6393673
	Bitmap Heap Scan on sbtest6  (cost=5.51..421.24 rows=105 width=125)
	  Recheck Cond: ((k >= 6393573) AND (k <= 6393673))
	  ->  Bitmap Index Scan on k_6  (cost=0.00..5.48 rows=105 width=0)
	        Index Cond: ((k >= 6393573) AND (k <= 6393673))

table 7 : explain SELECT k, c FROM sbtest7 WHERE k BETWEEN 6393573 AND 6393673
	Bitmap Heap Scan on sbtest7  (cost=5.50..417.29 rows=104 width=125)
	  Recheck Cond: ((k >= 6393573) AND (k <= 6393673))
	  ->  Bitmap Index Scan on k_7  (cost=0.00..5.47 rows=104 width=0)
	        Index Cond: ((k >= 6393573) AND (k <= 6393673))

table 8 : explain SELECT k, c FROM sbtest8 WHERE k BETWEEN 6393573 AND 6393673
	Bitmap Heap Scan on sbtest8  (cost=5.47..405.47 rows=101 width=125)
	  Recheck Cond: ((k >= 6393573) AND (k <= 6393673))
	  ->  Bitmap Index Scan on k_8  (cost=0.00..5.44 rows=101 width=0)
	        Index Cond: ((k >= 6393573) AND (k <= 6393673))

for range-notcovered
table 1 : explain SELECT k, c FROM sbtest1 WHERE k BETWEEN 5409911 AND 5410011
	Bitmap Heap Scan on sbtest1  (cost=5.58..448.71 rows=112 width=125)
	  Recheck Cond: ((k >= 5409911) AND (k <= 5410011))
	  ->  Bitmap Index Scan on k_1  (cost=0.00..5.55 rows=112 width=0)
	        Index Cond: ((k >= 5409911) AND (k <= 5410011))

table 2 : explain SELECT k, c FROM sbtest2 WHERE k BETWEEN 5409911 AND 5410011
	Bitmap Heap Scan on sbtest2  (cost=5.46..401.47 rows=100 width=125)
	  Recheck Cond: ((k >= 5409911) AND (k <= 5410011))
	  ->  Bitmap Index Scan on k_2  (cost=0.00..5.43 rows=100 width=0)
	        Index Cond: ((k >= 5409911) AND (k <= 5410011))

table 3 : explain SELECT k, c FROM sbtest3 WHERE k BETWEEN 5409911 AND 5410011
	Bitmap Heap Scan on sbtest3  (cost=5.49..413.30 rows=103 width=125)
	  Recheck Cond: ((k >= 5409911) AND (k <= 5410011))
	  ->  Bitmap Index Scan on k_3  (cost=0.00..5.46 rows=103 width=0)
	        Index Cond: ((k >= 5409911) AND (k <= 5410011))

table 4 : explain SELECT k, c FROM sbtest4 WHERE k BETWEEN 5409911 AND 5410011
	Bitmap Heap Scan on sbtest4  (cost=5.49..413.32 rows=103 width=125)
	  Recheck Cond: ((k >= 5409911) AND (k <= 5410011))
	  ->  Bitmap Index Scan on k_4  (cost=0.00..5.46 rows=103 width=0)
	        Index Cond: ((k >= 5409911) AND (k <= 5410011))

table 5 : explain SELECT k, c FROM sbtest5 WHERE k BETWEEN 5409911 AND 5410011
	Bitmap Heap Scan on sbtest5  (cost=5.47..405.44 rows=101 width=125)
	  Recheck Cond: ((k >= 5409911) AND (k <= 5410011))
	  ->  Bitmap Index Scan on k_5  (cost=0.00..5.44 rows=101 width=0)
	        Index Cond: ((k >= 5409911) AND (k <= 5410011))

table 6 : explain SELECT k, c FROM sbtest6 WHERE k BETWEEN 5409911 AND 5410011
	Bitmap Heap Scan on sbtest6  (cost=5.54..433.06 rows=108 width=125)
	  Recheck Cond: ((k >= 5409911) AND (k <= 5410011))
	  ->  Bitmap Index Scan on k_6  (cost=0.00..5.51 rows=108 width=0)
	        Index Cond: ((k >= 5409911) AND (k <= 5410011))

table 7 : explain SELECT k, c FROM sbtest7 WHERE k BETWEEN 5409911 AND 5410011
	Bitmap Heap Scan on sbtest7  (cost=5.56..440.94 rows=110 width=125)
	  Recheck Cond: ((k >= 5409911) AND (k <= 5410011))
	  ->  Bitmap Index Scan on k_7  (cost=0.00..5.53 rows=110 width=0)
	        Index Cond: ((k >= 5409911) AND (k <= 5410011))

table 8 : explain SELECT k, c FROM sbtest8 WHERE k BETWEEN 5409911 AND 5410011
	Bitmap Heap Scan on sbtest8  (cost=5.42..385.74 rows=96 width=125)
	  Recheck Cond: ((k >= 5409911) AND (k <= 5410011))
	  ->  Bitmap Index Scan on k_8  (cost=0.00..5.39 rows=96 width=0)
	        Index Cond: ((k >= 5409911) AND (k <= 5410011))
for range-notcovered
table 1 : explain SELECT k, c FROM sbtest1 WHERE k BETWEEN 3169993 AND 3170093
	Bitmap Heap Scan on sbtest1  (cost=5.45..397.49 rows=99 width=125)
	  Recheck Cond: ((k >= 3169993) AND (k <= 3170093))
	  ->  Bitmap Index Scan on k_1  (cost=0.00..5.42 rows=99 width=0)
	        Index Cond: ((k >= 3169993) AND (k <= 3170093))

table 2 : explain SELECT k, c FROM sbtest2 WHERE k BETWEEN 3169993 AND 3170093
	Bitmap Heap Scan on sbtest2  (cost=5.42..385.69 rows=96 width=125)
	  Recheck Cond: ((k >= 3169993) AND (k <= 3170093))
	  ->  Bitmap Index Scan on k_2  (cost=0.00..5.39 rows=96 width=0)
	        Index Cond: ((k >= 3169993) AND (k <= 3170093))

table 3 : explain SELECT k, c FROM sbtest3 WHERE k BETWEEN 3169993 AND 3170093
	Bitmap Heap Scan on sbtest3  (cost=5.56..440.88 rows=110 width=125)
	  Recheck Cond: ((k >= 3169993) AND (k <= 3170093))
	  ->  Bitmap Index Scan on k_3  (cost=0.00..5.53 rows=110 width=0)
	        Index Cond: ((k >= 3169993) AND (k <= 3170093))

table 4 : explain SELECT k, c FROM sbtest4 WHERE k BETWEEN 3169993 AND 3170093
	Bitmap Heap Scan on sbtest4  (cost=5.53..429.09 rows=107 width=125)
	  Recheck Cond: ((k >= 3169993) AND (k <= 3170093))
	  ->  Bitmap Index Scan on k_4  (cost=0.00..5.50 rows=107 width=0)
	        Index Cond: ((k >= 3169993) AND (k <= 3170093))

table 5 : explain SELECT k, c FROM sbtest5 WHERE k BETWEEN 3169993 AND 3170093
	Bitmap Heap Scan on sbtest5  (cost=5.42..385.72 rows=96 width=125)
	  Recheck Cond: ((k >= 3169993) AND (k <= 3170093))
	  ->  Bitmap Index Scan on k_5  (cost=0.00..5.39 rows=96 width=0)
	        Index Cond: ((k >= 3169993) AND (k <= 3170093))

table 6 : explain SELECT k, c FROM sbtest6 WHERE k BETWEEN 3169993 AND 3170093
	Bitmap Heap Scan on sbtest6  (cost=5.38..369.96 rows=92 width=125)
	  Recheck Cond: ((k >= 3169993) AND (k <= 3170093))
	  ->  Bitmap Index Scan on k_6  (cost=0.00..5.35 rows=92 width=0)
	        Index Cond: ((k >= 3169993) AND (k <= 3170093))

table 7 : explain SELECT k, c FROM sbtest7 WHERE k BETWEEN 3169993 AND 3170093
	Bitmap Heap Scan on sbtest7  (cost=5.47..405.46 rows=101 width=125)
	  Recheck Cond: ((k >= 3169993) AND (k <= 3170093))
	  ->  Bitmap Index Scan on k_7  (cost=0.00..5.44 rows=101 width=0)
	        Index Cond: ((k >= 3169993) AND (k <= 3170093))

table 8 : explain SELECT k, c FROM sbtest8 WHERE k BETWEEN 3169993 AND 3170093
	Bitmap Heap Scan on sbtest8  (cost=5.47..405.47 rows=101 width=125)
	  Recheck Cond: ((k >= 3169993) AND (k <= 3170093))
	  ->  Bitmap Index Scan on k_8  (cost=0.00..5.44 rows=101 width=0)
	        Index Cond: ((k >= 3169993) AND (k <= 3170093))

for range-notcovered
table 1 : explain SELECT k, c FROM sbtest1 WHERE k BETWEEN 3569640 AND 3569740
	Bitmap Heap Scan on sbtest1  (cost=5.49..413.26 rows=103 width=125)
	  Recheck Cond: ((k >= 3569640) AND (k <= 3569740))
	  ->  Bitmap Index Scan on k_1  (cost=0.00..5.46 rows=103 width=0)
	        Index Cond: ((k >= 3569640) AND (k <= 3569740))

table 2 : explain SELECT k, c FROM sbtest2 WHERE k BETWEEN 3569640 AND 3569740
	Bitmap Heap Scan on sbtest2  (cost=5.54..433.00 rows=108 width=125)
	  Recheck Cond: ((k >= 3569640) AND (k <= 3569740))
	  ->  Bitmap Index Scan on k_2  (cost=0.00..5.51 rows=108 width=0)
	        Index Cond: ((k >= 3569640) AND (k <= 3569740))

table 3 : explain SELECT k, c FROM sbtest3 WHERE k BETWEEN 3569640 AND 3569740
	Bitmap Heap Scan on sbtest3  (cost=5.44..393.58 rows=98 width=125)
	  Recheck Cond: ((k >= 3569640) AND (k <= 3569740))
	  ->  Bitmap Index Scan on k_3  (cost=0.00..5.42 rows=98 width=0)
	        Index Cond: ((k >= 3569640) AND (k <= 3569740))

table 4 : explain SELECT k, c FROM sbtest4 WHERE k BETWEEN 3569640 AND 3569740
	Bitmap Heap Scan on sbtest4  (cost=5.47..405.44 rows=101 width=125)
	  Recheck Cond: ((k >= 3569640) AND (k <= 3569740))
	  ->  Bitmap Index Scan on k_4  (cost=0.00..5.44 rows=101 width=0)
	        Index Cond: ((k >= 3569640) AND (k <= 3569740))

table 5 : explain SELECT k, c FROM sbtest5 WHERE k BETWEEN 3569640 AND 3569740
	Bitmap Heap Scan on sbtest5  (cost=5.46..401.50 rows=100 width=125)
	  Recheck Cond: ((k >= 3569640) AND (k <= 3569740))
	  ->  Bitmap Index Scan on k_5  (cost=0.00..5.43 rows=100 width=0)
	        Index Cond: ((k >= 3569640) AND (k <= 3569740))

table 6 : explain SELECT k, c FROM sbtest6 WHERE k BETWEEN 3569640 AND 3569740
	Bitmap Heap Scan on sbtest6  (cost=5.46..401.52 rows=100 width=125)
	  Recheck Cond: ((k >= 3569640) AND (k <= 3569740))
	  ->  Bitmap Index Scan on k_6  (cost=0.00..5.43 rows=100 width=0)
	        Index Cond: ((k >= 3569640) AND (k <= 3569740))

table 7 : explain SELECT k, c FROM sbtest7 WHERE k BETWEEN 3569640 AND 3569740
	Bitmap Heap Scan on sbtest7  (cost=5.45..397.58 rows=99 width=125)
	  Recheck Cond: ((k >= 3569640) AND (k <= 3569740))
	  ->  Bitmap Index Scan on k_7  (cost=0.00..5.42 rows=99 width=0)
	        Index Cond: ((k >= 3569640) AND (k <= 3569740))

table 8 : explain SELECT k, c FROM sbtest8 WHERE k BETWEEN 3569640 AND 3569740
	Bitmap Heap Scan on sbtest8  (cost=5.48..409.41 rows=102 width=125)
	  Recheck Cond: ((k >= 3569640) AND (k <= 3569740))
	  ->  Bitmap Index Scan on k_8  (cost=0.00..5.45 rows=102 width=0)
	        Index Cond: ((k >= 3569640) AND (k <= 3569740))
explain: for range-notcovered :: explain SELECT k, c FROM sbtest%d WHERE k BETWEEN 6724376 AND 6724476
for range-notcovered
table 1 : explain SELECT k, c FROM sbtest1 WHERE k BETWEEN 4276750 AND 4276850
	Bitmap Heap Scan on sbtest1  (cost=5.43..389.61 rows=97 width=125)
	  Recheck Cond: ((k >= 4276750) AND (k <= 4276850))
	  ->  Bitmap Index Scan on k_1  (cost=0.00..5.40 rows=97 width=0)
	        Index Cond: ((k >= 4276750) AND (k <= 4276850))

table 2 : explain SELECT k, c FROM sbtest2 WHERE k BETWEEN 4276750 AND 4276850
	Bitmap Heap Scan on sbtest2  (cost=5.51..421.18 rows=105 width=125)
	  Recheck Cond: ((k >= 4276750) AND (k <= 4276850))
	  ->  Bitmap Index Scan on k_2  (cost=0.00..5.48 rows=105 width=0)
	        Index Cond: ((k >= 4276750) AND (k <= 4276850))

table 3 : explain SELECT k, c FROM sbtest3 WHERE k BETWEEN 4276750 AND 4276850
	Bitmap Heap Scan on sbtest3  (cost=5.40..377.81 rows=94 width=125)
	  Recheck Cond: ((k >= 4276750) AND (k <= 4276850))
	  ->  Bitmap Index Scan on k_3  (cost=0.00..5.38 rows=94 width=0)
	        Index Cond: ((k >= 4276750) AND (k <= 4276850))

table 4 : explain SELECT k, c FROM sbtest4 WHERE k BETWEEN 4276750 AND 4276850
	Bitmap Heap Scan on sbtest4  (cost=5.51..421.21 rows=105 width=125)
	  Recheck Cond: ((k >= 4276750) AND (k <= 4276850))
	  ->  Bitmap Index Scan on k_4  (cost=0.00..5.48 rows=105 width=0)
	        Index Cond: ((k >= 4276750) AND (k <= 4276850))

table 5 : explain SELECT k, c FROM sbtest5 WHERE k BETWEEN 4276750 AND 4276850
	Bitmap Heap Scan on sbtest5  (cost=5.55..436.97 rows=109 width=125)
	  Recheck Cond: ((k >= 4276750) AND (k <= 4276850))
	  ->  Bitmap Index Scan on k_5  (cost=0.00..5.52 rows=109 width=0)
	        Index Cond: ((k >= 4276750) AND (k <= 4276850))

table 6 : explain SELECT k, c FROM sbtest6 WHERE k BETWEEN 4276750 AND 4276850
	Bitmap Heap Scan on sbtest6  (cost=5.50..417.29 rows=104 width=125)
	  Recheck Cond: ((k >= 4276750) AND (k <= 4276850))
	  ->  Bitmap Index Scan on k_6  (cost=0.00..5.47 rows=104 width=0)
	        Index Cond: ((k >= 4276750) AND (k <= 4276850))

table 7 : explain SELECT k, c FROM sbtest7 WHERE k BETWEEN 4276750 AND 4276850
	Bitmap Heap Scan on sbtest7  (cost=5.46..401.52 rows=100 width=125)
	  Recheck Cond: ((k >= 4276750) AND (k <= 4276850))
	  ->  Bitmap Index Scan on k_7  (cost=0.00..5.43 rows=100 width=0)
	        Index Cond: ((k >= 4276750) AND (k <= 4276850))

table 8 : explain SELECT k, c FROM sbtest8 WHERE k BETWEEN 4276750 AND 4276850
	Bitmap Heap Scan on sbtest8  (cost=5.57..444.88 rows=111 width=125)
	  Recheck Cond: ((k >= 4276750) AND (k <= 4276850))
	  ->  Bitmap Index Scan on k_8  (cost=0.00..5.54 rows=111 width=0)
	        Index Cond: ((k >= 4276750) AND (k <= 4276850))

for range-notcovered
table 1 : explain SELECT k, c FROM sbtest1 WHERE k BETWEEN 3237041 AND 3237141
	Bitmap Heap Scan on sbtest1  (cost=5.55..436.90 rows=109 width=125)
	  Recheck Cond: ((k >= 3237041) AND (k <= 3237141))
	  ->  Bitmap Index Scan on k_1  (cost=0.00..5.52 rows=109 width=0)
	        Index Cond: ((k >= 3237041) AND (k <= 3237141))

table 2 : explain SELECT k, c FROM sbtest2 WHERE k BETWEEN 3237041 AND 3237141
	Bitmap Heap Scan on sbtest2  (cost=5.42..385.69 rows=96 width=125)
	  Recheck Cond: ((k >= 3237041) AND (k <= 3237141))
	  ->  Bitmap Index Scan on k_2  (cost=0.00..5.39 rows=96 width=0)
	        Index Cond: ((k >= 3237041) AND (k <= 3237141))

table 3 : explain SELECT k, c FROM sbtest3 WHERE k BETWEEN 3237041 AND 3237141
	Bitmap Heap Scan on sbtest3  (cost=5.48..409.36 rows=102 width=125)
	  Recheck Cond: ((k >= 3237041) AND (k <= 3237141))
	  ->  Bitmap Index Scan on k_3  (cost=0.00..5.45 rows=102 width=0)
	        Index Cond: ((k >= 3237041) AND (k <= 3237141))

table 4 : explain SELECT k, c FROM sbtest4 WHERE k BETWEEN 3237041 AND 3237141
	Bitmap Heap Scan on sbtest4  (cost=5.39..373.88 rows=93 width=125)
	  Recheck Cond: ((k >= 3237041) AND (k <= 3237141))
	  ->  Bitmap Index Scan on k_4  (cost=0.00..5.36 rows=93 width=0)
	        Index Cond: ((k >= 3237041) AND (k <= 3237141))

table 5 : explain SELECT k, c FROM sbtest5 WHERE k BETWEEN 3237041 AND 3237141
	Bitmap Heap Scan on sbtest5  (cost=5.51..421.21 rows=105 width=125)
	  Recheck Cond: ((k >= 3237041) AND (k <= 3237141))
	  ->  Bitmap Index Scan on k_5  (cost=0.00..5.48 rows=105 width=0)
	        Index Cond: ((k >= 3237041) AND (k <= 3237141))

table 6 : explain SELECT k, c FROM sbtest6 WHERE k BETWEEN 3237041 AND 3237141
	Bitmap Heap Scan on sbtest6  (cost=5.51..421.24 rows=105 width=125)
	  Recheck Cond: ((k >= 3237041) AND (k <= 3237141))
	  ->  Bitmap Index Scan on k_6  (cost=0.00..5.48 rows=105 width=0)
	        Index Cond: ((k >= 3237041) AND (k <= 3237141))

table 7 : explain SELECT k, c FROM sbtest7 WHERE k BETWEEN 3237041 AND 3237141
	Bitmap Heap Scan on sbtest7  (cost=5.48..409.41 rows=102 width=125)
	  Recheck Cond: ((k >= 3237041) AND (k <= 3237141))
	  ->  Bitmap Index Scan on k_7  (cost=0.00..5.45 rows=102 width=0)
	        Index Cond: ((k >= 3237041) AND (k <= 3237141))

table 8 : explain SELECT k, c FROM sbtest8 WHERE k BETWEEN 3237041 AND 3237141
	Bitmap Heap Scan on sbtest8  (cost=5.48..409.41 rows=102 width=125)
	  Recheck Cond: ((k >= 3237041) AND (k <= 3237141))
	  ->  Bitmap Index Scan on k_8  (cost=0.00..5.45 rows=102 width=0)
	        Index Cond: ((k >= 3237041) AND (k <= 3237141))
explain: for range-notcovered :: explain SELECT k, c FROM sbtest%d WHERE k BETWEEN 3169993 AND 3170093

for range-notcovered
table 1 : explain SELECT k, c FROM sbtest1 WHERE k BETWEEN 4378422 AND 4378522
	Bitmap Heap Scan on sbtest1  (cost=5.50..417.20 rows=104 width=125)
	  Recheck Cond: ((k >= 4378422) AND (k <= 4378522))
	  ->  Bitmap Index Scan on k_1  (cost=0.00..5.47 rows=104 width=0)
	        Index Cond: ((k >= 4378422) AND (k <= 4378522))

table 2 : explain SELECT k, c FROM sbtest2 WHERE k BETWEEN 4378422 AND 4378522
	Bitmap Heap Scan on sbtest2  (cost=5.60..456.63 rows=114 width=125)
	  Recheck Cond: ((k >= 4378422) AND (k <= 4378522))
	  ->  Bitmap Index Scan on k_2  (cost=0.00..5.58 rows=114 width=0)
	        Index Cond: ((k >= 4378422) AND (k <= 4378522))

table 3 : explain SELECT k, c FROM sbtest3 WHERE k BETWEEN 4378422 AND 4378522
	Bitmap Heap Scan on sbtest3  (cost=5.42..385.70 rows=96 width=125)
	  Recheck Cond: ((k >= 4378422) AND (k <= 4378522))
	  ->  Bitmap Index Scan on k_3  (cost=0.00..5.39 rows=96 width=0)
	        Index Cond: ((k >= 4378422) AND (k <= 4378522))

table 4 : explain SELECT k, c FROM sbtest4 WHERE k BETWEEN 4378422 AND 4378522
	Bitmap Heap Scan on sbtest4  (cost=5.44..393.61 rows=98 width=125)
	  Recheck Cond: ((k >= 4378422) AND (k <= 4378522))
	  ->  Bitmap Index Scan on k_4  (cost=0.00..5.42 rows=98 width=0)
	        Index Cond: ((k >= 4378422) AND (k <= 4378522))

table 5 : explain SELECT k, c FROM sbtest5 WHERE k BETWEEN 4378422 AND 4378522
	Bitmap Heap Scan on sbtest5  (cost=5.46..401.50 rows=100 width=125)
	  Recheck Cond: ((k >= 4378422) AND (k <= 4378522))
	  ->  Bitmap Index Scan on k_5  (cost=0.00..5.43 rows=100 width=0)
	        Index Cond: ((k >= 4378422) AND (k <= 4378522))

table 6 : explain SELECT k, c FROM sbtest6 WHERE k BETWEEN 4378422 AND 4378522
	Bitmap Heap Scan on sbtest6  (cost=5.49..413.35 rows=103 width=125)
	  Recheck Cond: ((k >= 4378422) AND (k <= 4378522))
	  ->  Bitmap Index Scan on k_6  (cost=0.00..5.46 rows=103 width=0)
	        Index Cond: ((k >= 4378422) AND (k <= 4378522))

table 7 : explain SELECT k, c FROM sbtest7 WHERE k BETWEEN 4378422 AND 4378522
	Bitmap Heap Scan on sbtest7  (cost=5.59..452.76 rows=113 width=125)
	  Recheck Cond: ((k >= 4378422) AND (k <= 4378522))
	  ->  Bitmap Index Scan on k_7  (cost=0.00..5.56 rows=113 width=0)
	        Index Cond: ((k >= 4378422) AND (k <= 4378522))

table 8 : explain SELECT k, c FROM sbtest8 WHERE k BETWEEN 4378422 AND 4378522
	Bitmap Heap Scan on sbtest8  (cost=5.55..437.00 rows=109 width=125)
	  Recheck Cond: ((k >= 4378422) AND (k <= 4378522))
	  ->  Bitmap Index Scan on k_8  (cost=0.00..5.52 rows=109 width=0)
	        Index Cond: ((k >= 4378422) AND (k <= 4378522))

explain: for range-notcovered :: explain SELECT k, c FROM sbtest%d WHERE k BETWEEN 5662288 AND 5662388explain: for range-notcovered :: explain SELECT k, c FROM sbtest%d WHERE k BETWEEN 4276750 AND 4276850

explain: for range-notcovered :: explain SELECT k, c FROM sbtest%d WHERE k BETWEEN 4989850 AND 4989950
for range-notcovered
table 1 : explain SELECT k, c FROM sbtest1 WHERE k BETWEEN 5513675 AND 5513775
	Bitmap Heap Scan on sbtest1  (cost=5.52..425.08 rows=106 width=125)
	  Recheck Cond: ((k >= 5513675) AND (k <= 5513775))
	  ->  Bitmap Index Scan on k_1  (cost=0.00..5.50 rows=106 width=0)
	        Index Cond: ((k >= 5513675) AND (k <= 5513775))

table 2 : explain SELECT k, c FROM sbtest2 WHERE k BETWEEN 5513675 AND 5513775
	Bitmap Heap Scan on sbtest2  (cost=5.51..421.18 rows=105 width=125)
	  Recheck Cond: ((k >= 5513675) AND (k <= 5513775))
	  ->  Bitmap Index Scan on k_2  (cost=0.00..5.48 rows=105 width=0)
	        Index Cond: ((k >= 5513675) AND (k <= 5513775))

table 3 : explain SELECT k, c FROM sbtest3 WHERE k BETWEEN 5513675 AND 5513775
	Bitmap Heap Scan on sbtest3  (cost=5.46..401.47 rows=100 width=125)
	  Recheck Cond: ((k >= 5513675) AND (k <= 5513775))
	  ->  Bitmap Index Scan on k_3  (cost=0.00..5.43 rows=100 width=0)
	        Index Cond: ((k >= 5513675) AND (k <= 5513775))

table 4 : explain SELECT k, c FROM sbtest4 WHERE k BETWEEN 5513675 AND 5513775
	Bitmap Heap Scan on sbtest4  (cost=5.47..405.44 rows=101 width=125)
	  Recheck Cond: ((k >= 5513675) AND (k <= 5513775))
	  ->  Bitmap Index Scan on k_4  (cost=0.00..5.44 rows=101 width=0)
	        Index Cond: ((k >= 5513675) AND (k <= 5513775))

table 5 : explain SELECT k, c FROM sbtest5 WHERE k BETWEEN 5513675 AND 5513775
	Bitmap Heap Scan on sbtest5  (cost=5.43..389.67 rows=97 width=125)
	  Recheck Cond: ((k >= 5513675) AND (k <= 5513775))
	  ->  Bitmap Index Scan on k_5  (cost=0.00..5.40 rows=97 width=0)
	        Index Cond: ((k >= 5513675) AND (k <= 5513775))

table 6 : explain SELECT k, c FROM sbtest6 WHERE k BETWEEN 5513675 AND 5513775
	Bitmap Heap Scan on sbtest6  (cost=5.38..369.96 rows=92 width=125)
	  Recheck Cond: ((k >= 5513675) AND (k <= 5513775))
	  ->  Bitmap Index Scan on k_6  (cost=0.00..5.35 rows=92 width=0)
	        Index Cond: ((k >= 5513675) AND (k <= 5513775))

table 7 : explain SELECT k, c FROM sbtest7 WHERE k BETWEEN 5513675 AND 5513775
	Bitmap Heap Scan on sbtest7  (cost=5.45..397.58 rows=99 width=125)
	  Recheck Cond: ((k >= 5513675) AND (k <= 5513775))
	  ->  Bitmap Index Scan on k_7  (cost=0.00..5.42 rows=99 width=0)
	        Index Cond: ((k >= 5513675) AND (k <= 5513775))

table 8 : explain SELECT k, c FROM sbtest8 WHERE k BETWEEN 5513675 AND 5513775
	Bitmap Heap Scan on sbtest8  (cost=5.45..397.58 rows=99 width=125)
	  Recheck Cond: ((k >= 5513675) AND (k <= 5513775))
	  ->  Bitmap Index Scan on k_8  (cost=0.00..5.42 rows=99 width=0)
	        Index Cond: ((k >= 5513675) AND (k <= 5513775))


for range-notcovered
table 1 : explain SELECT k, c FROM sbtest1 WHERE k BETWEEN 2168939 AND 2169039
	Bitmap Heap Scan on sbtest1  (cost=5.36..361.99 rows=90 width=125)
	  Recheck Cond: ((k >= 2168939) AND (k <= 2169039))
	  ->  Bitmap Index Scan on k_1  (cost=0.00..5.33 rows=90 width=0)
	        Index Cond: ((k >= 2168939) AND (k <= 2169039))

table 2 : explain SELECT k, c FROM sbtest2 WHERE k BETWEEN 2168939 AND 2169039
	Bitmap Heap Scan on sbtest2  (cost=5.44..393.58 rows=98 width=125)
	  Recheck Cond: ((k >= 2168939) AND (k <= 2169039))
	  ->  Bitmap Index Scan on k_2  (cost=0.00..5.42 rows=98 width=0)
	        Index Cond: ((k >= 2168939) AND (k <= 2169039))

table 3 : explain SELECT k, c FROM sbtest3 WHERE k BETWEEN 2168939 AND 2169039
	Bitmap Heap Scan on sbtest3  (cost=5.58..448.76 rows=112 width=125)
	  Recheck Cond: ((k >= 2168939) AND (k <= 2169039))
	  ->  Bitmap Index Scan on k_3  (cost=0.00..5.55 rows=112 width=0)
	        Index Cond: ((k >= 2168939) AND (k <= 2169039))

table 4 : explain SELECT k, c FROM sbtest4 WHERE k BETWEEN 2168939 AND 2169039
	Bitmap Heap Scan on sbtest4  (cost=5.41..381.77 rows=95 width=125)
	  Recheck Cond: ((k >= 2168939) AND (k <= 2169039))
	  ->  Bitmap Index Scan on k_4  (cost=0.00..5.38 rows=95 width=0)
	        Index Cond: ((k >= 2168939) AND (k <= 2169039))

table 5 : explain SELECT k, c FROM sbtest5 WHERE k BETWEEN 2168939 AND 2169039
	Bitmap Heap Scan on sbtest5  (cost=5.52..425.15 rows=106 width=125)
	  Recheck Cond: ((k >= 2168939) AND (k <= 2169039))
	  ->  Bitmap Index Scan on k_5  (cost=0.00..5.50 rows=106 width=0)
	        Index Cond: ((k >= 2168939) AND (k <= 2169039))

table 6 : explain SELECT k, c FROM sbtest6 WHERE k BETWEEN 2168939 AND 2169039
	Bitmap Heap Scan on sbtest6  (cost=5.57..444.88 rows=111 width=125)
	  Recheck Cond: ((k >= 2168939) AND (k <= 2169039))
	  ->  Bitmap Index Scan on k_6  (cost=0.00..5.54 rows=111 width=0)
	        Index Cond: ((k >= 2168939) AND (k <= 2169039))

table 7 : explain SELECT k, c FROM sbtest7 WHERE k BETWEEN 2168939 AND 2169039
	Bitmap Heap Scan on sbtest7  (cost=5.53..429.12 rows=107 width=125)
	  Recheck Cond: ((k >= 2168939) AND (k <= 2169039))
	  ->  Bitmap Index Scan on k_7  (cost=0.00..5.50 rows=107 width=0)
	        Index Cond: ((k >= 2168939) AND (k <= 2169039))

table 8 : explain SELECT k, c FROM sbtest8 WHERE k BETWEEN 2168939 AND 2169039
	Bitmap Heap Scan on sbtest8  (cost=5.61..460.63 rows=115 width=125)
	  Recheck Cond: ((k >= 2168939) AND (k <= 2169039))
	  ->  Bitmap Index Scan on k_8  (cost=0.00..5.58 rows=115 width=0)
	        Index Cond: ((k >= 2168939) AND (k <= 2169039))


explain: for range-notcovered :: explain SELECT k, c FROM sbtest%d WHERE k BETWEEN 5409911 AND 5410011
for range-notcovered
table 1 : explain SELECT k, c FROM sbtest1 WHERE k BETWEEN 4172560 AND 4172660
	Bitmap Heap Scan on sbtest1  (cost=5.46..401.43 rows=100 width=125)
	  Recheck Cond: ((k >= 4172560) AND (k <= 4172660))
	  ->  Bitmap Index Scan on k_1  (cost=0.00..5.43 rows=100 width=0)
	        Index Cond: ((k >= 4172560) AND (k <= 4172660))

table 2 : explain SELECT k, c FROM sbtest2 WHERE k BETWEEN 4172560 AND 4172660
	Bitmap Heap Scan on sbtest2  (cost=5.48..409.35 rows=102 width=125)
	  Recheck Cond: ((k >= 4172560) AND (k <= 4172660))
	  ->  Bitmap Index Scan on k_2  (cost=0.00..5.45 rows=102 width=0)
	        Index Cond: ((k >= 4172560) AND (k <= 4172660))

table 3 : explain SELECT k, c FROM sbtest3 WHERE k BETWEEN 4172560 AND 4172660
	Bitmap Heap Scan on sbtest3  (cost=5.53..429.06 rows=107 width=125)
	  Recheck Cond: ((k >= 4172560) AND (k <= 4172660))
	  ->  Bitmap Index Scan on k_3  (cost=0.00..5.50 rows=107 width=0)
	        Index Cond: ((k >= 4172560) AND (k <= 4172660))

table 4 : explain SELECT k, c FROM sbtest4 WHERE k BETWEEN 4172560 AND 4172660
	Bitmap Heap Scan on sbtest4  (cost=5.48..409.38 rows=102 width=125)
	  Recheck Cond: ((k >= 4172560) AND (k <= 4172660))
	  ->  Bitmap Index Scan on k_4  (cost=0.00..5.45 rows=102 width=0)
	        Index Cond: ((k >= 4172560) AND (k <= 4172660))

table 5 : explain SELECT k, c FROM sbtest5 WHERE k BETWEEN 4172560 AND 4172660
	Bitmap Heap Scan on sbtest5  (cost=5.42..385.72 rows=96 width=125)
	  Recheck Cond: ((k >= 4172560) AND (k <= 4172660))
	  ->  Bitmap Index Scan on k_5  (cost=0.00..5.39 rows=96 width=0)
	        Index Cond: ((k >= 4172560) AND (k <= 4172660))

table 6 : explain SELECT k, c FROM sbtest6 WHERE k BETWEEN 4172560 AND 4172660
	Bitmap Heap Scan on sbtest6  (cost=5.44..393.63 rows=98 width=125)
	  Recheck Cond: ((k >= 4172560) AND (k <= 4172660))
	  ->  Bitmap Index Scan on k_6  (cost=0.00..5.42 rows=98 width=0)
	        Index Cond: ((k >= 4172560) AND (k <= 4172660))

table 7 : explain SELECT k, c FROM sbtest7 WHERE k BETWEEN 4172560 AND 4172660
	Bitmap Heap Scan on sbtest7  (cost=5.52..425.18 rows=106 width=125)
	  Recheck Cond: ((k >= 4172560) AND (k <= 4172660))
	  ->  Bitmap Index Scan on k_7  (cost=0.00..5.50 rows=106 width=0)
	        Index Cond: ((k >= 4172560) AND (k <= 4172660))

table 8 : explain SELECT k, c FROM sbtest8 WHERE k BETWEEN 4172560 AND 4172660
	Bitmap Heap Scan on sbtest8  (cost=5.43..389.69 rows=97 width=125)
	  Recheck Cond: ((k >= 4172560) AND (k <= 4172660))
	  ->  Bitmap Index Scan on k_8  (cost=0.00..5.40 rows=97 width=0)
	        Index Cond: ((k >= 4172560) AND (k <= 4172660))
for range-notcovered
table 1 : explain SELECT k, c FROM sbtest1 WHERE k BETWEEN 2326923 AND 2327023
	Bitmap Heap Scan on sbtest1  (cost=5.32..346.20 rows=86 width=125)
	  Recheck Cond: ((k >= 2326923) AND (k <= 2327023))
	  ->  Bitmap Index Scan on k_1  (cost=0.00..5.29 rows=86 width=0)
	        Index Cond: ((k >= 2326923) AND (k <= 2327023))

table 2 : explain SELECT k, c FROM sbtest2 WHERE k BETWEEN 2326923 AND 2327023
	Bitmap Heap Scan on sbtest2  (cost=5.59..452.69 rows=113 width=125)
	  Recheck Cond: ((k >= 2326923) AND (k <= 2327023))
	  ->  Bitmap Index Scan on k_2  (cost=0.00..5.56 rows=113 width=0)
	        Index Cond: ((k >= 2326923) AND (k <= 2327023))

table 3 : explain SELECT k, c FROM sbtest3 WHERE k BETWEEN 2326923 AND 2327023
	Bitmap Heap Scan on sbtest3  (cost=5.42..385.70 rows=96 width=125)
	  Recheck Cond: ((k >= 2326923) AND (k <= 2327023))
	  ->  Bitmap Index Scan on k_3  (cost=0.00..5.39 rows=96 width=0)
	        Index Cond: ((k >= 2326923) AND (k <= 2327023))

table 4 : explain SELECT k, c FROM sbtest4 WHERE k BETWEEN 2326923 AND 2327023
	Bitmap Heap Scan on sbtest4  (cost=5.41..381.77 rows=95 width=125)
	  Recheck Cond: ((k >= 2326923) AND (k <= 2327023))
	  ->  Bitmap Index Scan on k_4  (cost=0.00..5.38 rows=95 width=0)
	        Index Cond: ((k >= 2326923) AND (k <= 2327023))

table 5 : explain SELECT k, c FROM sbtest5 WHERE k BETWEEN 2326923 AND 2327023
	Bitmap Heap Scan on sbtest5  (cost=5.55..436.97 rows=109 width=125)
	  Recheck Cond: ((k >= 2326923) AND (k <= 2327023))
	  ->  Bitmap Index Scan on k_5  (cost=0.00..5.52 rows=109 width=0)
	        Index Cond: ((k >= 2326923) AND (k <= 2327023))

table 6 : explain SELECT k, c FROM sbtest6 WHERE k BETWEEN 2326923 AND 2327023
	Bitmap Heap Scan on sbtest6  (cost=5.53..429.12 rows=107 width=125)
	  Recheck Cond: ((k >= 2326923) AND (k <= 2327023))
	  ->  Bitmap Index Scan on k_6  (cost=0.00..5.50 rows=107 width=0)
	        Index Cond: ((k >= 2326923) AND (k <= 2327023))

table 7 : explain SELECT k, c FROM sbtest7 WHERE k BETWEEN 2326923 AND 2327023
	Bitmap Heap Scan on sbtest7  (cost=5.45..397.58 rows=99 width=125)
	  Recheck Cond: ((k >= 2326923) AND (k <= 2327023))
	  ->  Bitmap Index Scan on k_7  (cost=0.00..5.42 rows=99 width=0)
	        Index Cond: ((k >= 2326923) AND (k <= 2327023))

table 8 : explain SELECT k, c FROM sbtest8 WHERE k BETWEEN 2326923 AND 2327023
	Bitmap Heap Scan on sbtest8  (cost=5.44..393.63 rows=98 width=125)
	  Recheck Cond: ((k >= 2326923) AND (k <= 2327023))
	  ->  Bitmap Index Scan on k_8  (cost=0.00..5.42 rows=98 width=0)
	        Index Cond: ((k >= 2326923) AND (k <= 2327023))



explain: for range-notcovered :: explain SELECT k, c FROM sbtest%d WHERE k BETWEEN 2168939 AND 2169039
for range-notcovered
table 1 : explain SELECT k, c FROM sbtest1 WHERE k BETWEEN 6349144 AND 6349244
	Bitmap Heap Scan on sbtest1  (cost=5.50..417.20 rows=104 width=125)
	  Recheck Cond: ((k >= 6349144) AND (k <= 6349244))
	  ->  Bitmap Index Scan on k_1  (cost=0.00..5.47 rows=104 width=0)
	        Index Cond: ((k >= 6349144) AND (k <= 6349244))

table 2 : explain SELECT k, c FROM sbtest2 WHERE k BETWEEN 6349144 AND 6349244
	Bitmap Heap Scan on sbtest2  (cost=5.38..369.91 rows=92 width=125)
	  Recheck Cond: ((k >= 6349144) AND (k <= 6349244))
	  ->  Bitmap Index Scan on k_2  (cost=0.00..5.35 rows=92 width=0)
	        Index Cond: ((k >= 6349144) AND (k <= 6349244))

table 3 : explain SELECT k, c FROM sbtest3 WHERE k BETWEEN 6349144 AND 6349244
	Bitmap Heap Scan on sbtest3  (cost=5.48..409.36 rows=102 width=125)
	  Recheck Cond: ((k >= 6349144) AND (k <= 6349244))
	  ->  Bitmap Index Scan on k_3  (cost=0.00..5.45 rows=102 width=0)
	        Index Cond: ((k >= 6349144) AND (k <= 6349244))

table 4 : explain SELECT k, c FROM sbtest4 WHERE k BETWEEN 6349144 AND 6349244
	Bitmap Heap Scan on sbtest4  (cost=5.41..381.77 rows=95 width=125)
	  Recheck Cond: ((k >= 6349144) AND (k <= 6349244))
	  ->  Bitmap Index Scan on k_4  (cost=0.00..5.38 rows=95 width=0)
	        Index Cond: ((k >= 6349144) AND (k <= 6349244))

table 5 : explain SELECT k, c FROM sbtest5 WHERE k BETWEEN 6349144 AND 6349244
	Bitmap Heap Scan on sbtest5  (cost=5.43..389.67 rows=97 width=125)
	  Recheck Cond: ((k >= 6349144) AND (k <= 6349244))
	  ->  Bitmap Index Scan on k_5  (cost=0.00..5.40 rows=97 width=0)
	        Index Cond: ((k >= 6349144) AND (k <= 6349244))

table 6 : explain SELECT k, c FROM sbtest6 WHERE k BETWEEN 6349144 AND 6349244
	Bitmap Heap Scan on sbtest6  (cost=5.47..405.47 rows=101 width=125)
	  Recheck Cond: ((k >= 6349144) AND (k <= 6349244))
	  ->  Bitmap Index Scan on k_6  (cost=0.00..5.44 rows=101 width=0)
	        Index Cond: ((k >= 6349144) AND (k <= 6349244))

table 7 : explain SELECT k, c FROM sbtest7 WHERE k BETWEEN 6349144 AND 6349244
	Bitmap Heap Scan on sbtest7  (cost=5.60..456.69 rows=114 width=125)
	  Recheck Cond: ((k >= 6349144) AND (k <= 6349244))
	  ->  Bitmap Index Scan on k_7  (cost=0.00..5.58 rows=114 width=0)
	        Index Cond: ((k >= 6349144) AND (k <= 6349244))

table 8 : explain SELECT k, c FROM sbtest8 WHERE k BETWEEN 6349144 AND 6349244
	Bitmap Heap Scan on sbtest8  (cost=5.47..405.47 rows=101 width=125)
	  Recheck Cond: ((k >= 6349144) AND (k <= 6349244))
	  ->  Bitmap Index Scan on k_8  (cost=0.00..5.44 rows=101 width=0)
	        Index Cond: ((k >= 6349144) AND (k <= 6349244))

for range-notcovered
table 1 : explain SELECT k, c FROM sbtest1 WHERE k BETWEEN 6413332 AND 6413432
	Bitmap Heap Scan on sbtest1  (cost=5.50..417.20 rows=104 width=125)
	  Recheck Cond: ((k >= 6413332) AND (k <= 6413432))
	  ->  Bitmap Index Scan on k_1  (cost=0.00..5.47 rows=104 width=0)
	        Index Cond: ((k >= 6413332) AND (k <= 6413432))

table 2 : explain SELECT k, c FROM sbtest2 WHERE k BETWEEN 6413332 AND 6413432
	Bitmap Heap Scan on sbtest2  (cost=5.46..401.47 rows=100 width=125)
	  Recheck Cond: ((k >= 6413332) AND (k <= 6413432))
	  ->  Bitmap Index Scan on k_2  (cost=0.00..5.43 rows=100 width=0)
	        Index Cond: ((k >= 6413332) AND (k <= 6413432))

table 3 : explain SELECT k, c FROM sbtest3 WHERE k BETWEEN 6413332 AND 6413432
	Bitmap Heap Scan on sbtest3  (cost=5.51..421.18 rows=105 width=125)
	  Recheck Cond: ((k >= 6413332) AND (k <= 6413432))
	  ->  Bitmap Index Scan on k_3  (cost=0.00..5.48 rows=105 width=0)
	        Index Cond: ((k >= 6413332) AND (k <= 6413432))

table 4 : explain SELECT k, c FROM sbtest4 WHERE k BETWEEN 6413332 AND 6413432
	Bitmap Heap Scan on sbtest4  (cost=5.47..405.44 rows=101 width=125)
	  Recheck Cond: ((k >= 6413332) AND (k <= 6413432))
	  ->  Bitmap Index Scan on k_4  (cost=0.00..5.44 rows=101 width=0)
	        Index Cond: ((k >= 6413332) AND (k <= 6413432))

table 5 : explain SELECT k, c FROM sbtest5 WHERE k BETWEEN 6413332 AND 6413432
	Bitmap Heap Scan on sbtest5  (cost=5.47..405.44 rows=101 width=125)
	  Recheck Cond: ((k >= 6413332) AND (k <= 6413432))
	  ->  Bitmap Index Scan on k_5  (cost=0.00..5.44 rows=101 width=0)
	        Index Cond: ((k >= 6413332) AND (k <= 6413432))

table 6 : explain SELECT k, c FROM sbtest6 WHERE k BETWEEN 6413332 AND 6413432
	Bitmap Heap Scan on sbtest6  (cost=5.51..421.24 rows=105 width=125)
	  Recheck Cond: ((k >= 6413332) AND (k <= 6413432))
	  ->  Bitmap Index Scan on k_6  (cost=0.00..5.48 rows=105 width=0)
	        Index Cond: ((k >= 6413332) AND (k <= 6413432))

table 7 : explain SELECT k, c FROM sbtest7 WHERE k BETWEEN 6413332 AND 6413432
	Bitmap Heap Scan on sbtest7  (cost=5.50..417.29 rows=104 width=125)
	  Recheck Cond: ((k >= 6413332) AND (k <= 6413432))
	  ->  Bitmap Index Scan on k_7  (cost=0.00..5.47 rows=104 width=0)
	        Index Cond: ((k >= 6413332) AND (k <= 6413432))

table 8 : explain SELECT k, c FROM sbtest8 WHERE k BETWEEN 6413332 AND 6413432
	Bitmap Heap Scan on sbtest8  (cost=5.47..405.47 rows=101 width=125)
	  Recheck Cond: ((k >= 6413332) AND (k <= 6413432))
	  ->  Bitmap Index Scan on k_8  (cost=0.00..5.44 rows=101 width=0)
	        Index Cond: ((k >= 6413332) AND (k <= 6413432))

explain: for range-notcovered :: explain SELECT k, c FROM sbtest%d WHERE k BETWEEN 2326923 AND 2327023
for range-notcovered
table 1 : explain SELECT k, c FROM sbtest1 WHERE k BETWEEN 4904265 AND 4904365
	Bitmap Heap Scan on sbtest1  (cost=5.43..389.61 rows=97 width=125)
	  Recheck Cond: ((k >= 4904265) AND (k <= 4904365))
	  ->  Bitmap Index Scan on k_1  (cost=0.00..5.40 rows=97 width=0)
	        Index Cond: ((k >= 4904265) AND (k <= 4904365))

table 2 : explain SELECT k, c FROM sbtest2 WHERE k BETWEEN 4904265 AND 4904365
	Bitmap Heap Scan on sbtest2  (cost=5.49..413.29 rows=103 width=125)
	  Recheck Cond: ((k >= 4904265) AND (k <= 4904365))
	  ->  Bitmap Index Scan on k_2  (cost=0.00..5.46 rows=103 width=0)
	        Index Cond: ((k >= 4904265) AND (k <= 4904365))

table 3 : explain SELECT k, c FROM sbtest3 WHERE k BETWEEN 4904265 AND 4904365
	Bitmap Heap Scan on sbtest3  (cost=5.51..421.18 rows=105 width=125)
	  Recheck Cond: ((k >= 4904265) AND (k <= 4904365))
	  ->  Bitmap Index Scan on k_3  (cost=0.00..5.48 rows=105 width=0)
	        Index Cond: ((k >= 4904265) AND (k <= 4904365))

table 4 : explain SELECT k, c FROM sbtest4 WHERE k BETWEEN 4904265 AND 4904365
	Bitmap Heap Scan on sbtest4  (cost=5.45..397.55 rows=99 width=125)
	  Recheck Cond: ((k >= 4904265) AND (k <= 4904365))
	  ->  Bitmap Index Scan on k_4  (cost=0.00..5.42 rows=99 width=0)
	        Index Cond: ((k >= 4904265) AND (k <= 4904365))

table 5 : explain SELECT k, c FROM sbtest5 WHERE k BETWEEN 4904265 AND 4904365
	Bitmap Heap Scan on sbtest5  (cost=5.51..421.21 rows=105 width=125)
	  Recheck Cond: ((k >= 4904265) AND (k <= 4904365))
	  ->  Bitmap Index Scan on k_5  (cost=0.00..5.48 rows=105 width=0)
	        Index Cond: ((k >= 4904265) AND (k <= 4904365))

table 6 : explain SELECT k, c FROM sbtest6 WHERE k BETWEEN 4904265 AND 4904365
	Bitmap Heap Scan on sbtest6  (cost=5.47..405.47 rows=101 width=125)
	  Recheck Cond: ((k >= 4904265) AND (k <= 4904365))
	  ->  Bitmap Index Scan on k_6  (cost=0.00..5.44 rows=101 width=0)
	        Index Cond: ((k >= 4904265) AND (k <= 4904365))

table 7 : explain SELECT k, c FROM sbtest7 WHERE k BETWEEN 4904265 AND 4904365
	Bitmap Heap Scan on sbtest7  (cost=5.48..409.41 rows=102 width=125)
	  Recheck Cond: ((k >= 4904265) AND (k <= 4904365))
	  ->  Bitmap Index Scan on k_7  (cost=0.00..5.45 rows=102 width=0)
	        Index Cond: ((k >= 4904265) AND (k <= 4904365))

table 8 : explain SELECT k, c FROM sbtest8 WHERE k BETWEEN 4904265 AND 4904365
	Bitmap Heap Scan on sbtest8  (cost=5.46..401.52 rows=100 width=125)
	  Recheck Cond: ((k >= 4904265) AND (k <= 4904365))
	  ->  Bitmap Index Scan on k_8  (cost=0.00..5.43 rows=100 width=0)
	        Index Cond: ((k >= 4904265) AND (k <= 4904365))

explain: for range-notcovered :: explain SELECT k, c FROM sbtest%d WHERE k BETWEEN 5389193 AND 5389293
for range-notcovered
table 1 : explain SELECT k, c FROM sbtest1 WHERE k BETWEEN 7843619 AND 7843719
	Bitmap Heap Scan on sbtest1  (cost=5.45..397.49 rows=99 width=125)
	  Recheck Cond: ((k >= 7843619) AND (k <= 7843719))
	  ->  Bitmap Index Scan on k_1  (cost=0.00..5.42 rows=99 width=0)
	        Index Cond: ((k >= 7843619) AND (k <= 7843719))

table 2 : explain SELECT k, c FROM sbtest2 WHERE k BETWEEN 7843619 AND 7843719
	Bitmap Heap Scan on sbtest2  (cost=5.52..425.12 rows=106 width=125)
	  Recheck Cond: ((k >= 7843619) AND (k <= 7843719))
	  ->  Bitmap Index Scan on k_2  (cost=0.00..5.50 rows=106 width=0)
	        Index Cond: ((k >= 7843619) AND (k <= 7843719))

table 3 : explain SELECT k, c FROM sbtest3 WHERE k BETWEEN 7843619 AND 7843719
	Bitmap Heap Scan on sbtest3  (cost=5.48..409.36 rows=102 width=125)
	  Recheck Cond: ((k >= 7843619) AND (k <= 7843719))
	  ->  Bitmap Index Scan on k_3  (cost=0.00..5.45 rows=102 width=0)
	        Index Cond: ((k >= 7843619) AND (k <= 7843719))

table 4 : explain SELECT k, c FROM sbtest4 WHERE k BETWEEN 7843619 AND 7843719
	Bitmap Heap Scan on sbtest4  (cost=5.51..421.21 rows=105 width=125)
	  Recheck Cond: ((k >= 7843619) AND (k <= 7843719))
	  ->  Bitmap Index Scan on k_4  (cost=0.00..5.48 rows=105 width=0)
	        Index Cond: ((k >= 7843619) AND (k <= 7843719))

table 5 : explain SELECT k, c FROM sbtest5 WHERE k BETWEEN 7843619 AND 7843719
	Bitmap Heap Scan on sbtest5  (cost=5.54..433.03 rows=108 width=125)
	  Recheck Cond: ((k >= 7843619) AND (k <= 7843719))
	  ->  Bitmap Index Scan on k_5  (cost=0.00..5.51 rows=108 width=0)
	        Index Cond: ((k >= 7843619) AND (k <= 7843719))

table 6 : explain SELECT k, c FROM sbtest6 WHERE k BETWEEN 7843619 AND 7843719
	Bitmap Heap Scan on sbtest6  (cost=5.47..405.47 rows=101 width=125)
	  Recheck Cond: ((k >= 7843619) AND (k <= 7843719))
	  ->  Bitmap Index Scan on k_6  (cost=0.00..5.44 rows=101 width=0)
	        Index Cond: ((k >= 7843619) AND (k <= 7843719))

table 7 : explain SELECT k, c FROM sbtest7 WHERE k BETWEEN 7843619 AND 7843719
	Bitmap Heap Scan on sbtest7  (cost=5.35..358.12 rows=89 width=125)
	  Recheck Cond: ((k >= 7843619) AND (k <= 7843719))
	  ->  Bitmap Index Scan on k_7  (cost=0.00..5.32 rows=89 width=0)
	        Index Cond: ((k >= 7843619) AND (k <= 7843719))

table 8 : explain SELECT k, c FROM sbtest8 WHERE k BETWEEN 7843619 AND 7843719
	Bitmap Heap Scan on sbtest8  (cost=5.48..409.41 rows=102 width=125)
	  Recheck Cond: ((k >= 7843619) AND (k <= 7843719))
	  ->  Bitmap Index Scan on k_8  (cost=0.00..5.45 rows=102 width=0)
	        Index Cond: ((k >= 7843619) AND (k <= 7843719))

for range-notcovered
table 1 : explain SELECT k, c FROM sbtest1 WHERE k BETWEEN 1500845 AND 1500945
	Bitmap Heap Scan on sbtest1  (cost=5.53..429.02 rows=107 width=125)
	  Recheck Cond: ((k >= 1500845) AND (k <= 1500945))
	  ->  Bitmap Index Scan on k_1  (cost=0.00..5.50 rows=107 width=0)
	        Index Cond: ((k >= 1500845) AND (k <= 1500945))

table 2 : explain SELECT k, c FROM sbtest2 WHERE k BETWEEN 1500845 AND 1500945
	Bitmap Heap Scan on sbtest2  (cost=5.52..425.12 rows=106 width=125)
	  Recheck Cond: ((k >= 1500845) AND (k <= 1500945))
	  ->  Bitmap Index Scan on k_2  (cost=0.00..5.50 rows=106 width=0)
	        Index Cond: ((k >= 1500845) AND (k <= 1500945))

table 3 : explain SELECT k, c FROM sbtest3 WHERE k BETWEEN 1500845 AND 1500945
	Bitmap Heap Scan on sbtest3  (cost=5.52..425.12 rows=106 width=125)
	  Recheck Cond: ((k >= 1500845) AND (k <= 1500945))
	  ->  Bitmap Index Scan on k_3  (cost=0.00..5.50 rows=106 width=0)
	        Index Cond: ((k >= 1500845) AND (k <= 1500945))

table 4 : explain SELECT k, c FROM sbtest4 WHERE k BETWEEN 1500845 AND 1500945
	Bitmap Heap Scan on sbtest4  (cost=5.42..385.72 rows=96 width=125)
	  Recheck Cond: ((k >= 1500845) AND (k <= 1500945))
	  ->  Bitmap Index Scan on k_4  (cost=0.00..5.39 rows=96 width=0)
	        Index Cond: ((k >= 1500845) AND (k <= 1500945))

table 5 : explain SELECT k, c FROM sbtest5 WHERE k BETWEEN 1500845 AND 1500945
	Bitmap Heap Scan on sbtest5  (cost=5.58..448.79 rows=112 width=125)
	  Recheck Cond: ((k >= 1500845) AND (k <= 1500945))
	  ->  Bitmap Index Scan on k_5  (cost=0.00..5.55 rows=112 width=0)
	        Index Cond: ((k >= 1500845) AND (k <= 1500945))

table 6 : explain SELECT k, c FROM sbtest6 WHERE k BETWEEN 1500845 AND 1500945
	Bitmap Heap Scan on sbtest6  (cost=5.54..433.06 rows=108 width=125)
	  Recheck Cond: ((k >= 1500845) AND (k <= 1500945))
	  ->  Bitmap Index Scan on k_6  (cost=0.00..5.51 rows=108 width=0)
	        Index Cond: ((k >= 1500845) AND (k <= 1500945))

table 7 : explain SELECT k, c FROM sbtest7 WHERE k BETWEEN 1500845 AND 1500945
	Bitmap Heap Scan on sbtest7  (cost=5.59..452.76 rows=113 width=125)
	  Recheck Cond: ((k >= 1500845) AND (k <= 1500945))
	  ->  Bitmap Index Scan on k_7  (cost=0.00..5.56 rows=113 width=0)
	        Index Cond: ((k >= 1500845) AND (k <= 1500945))

table 8 : explain SELECT k, c FROM sbtest8 WHERE k BETWEEN 1500845 AND 1500945
	Bitmap Heap Scan on sbtest8  (cost=5.48..409.41 rows=102 width=125)
	  Recheck Cond: ((k >= 1500845) AND (k <= 1500945))
	  ->  Bitmap Index Scan on k_8  (cost=0.00..5.45 rows=102 width=0)
	        Index Cond: ((k >= 1500845) AND (k <= 1500945))


explain: for range-notcovered :: explain SELECT k, c FROM sbtest%d WHERE k BETWEEN 3569640 AND 3569740
explain: for range-notcovered :: explain SELECT k, c FROM sbtest%d WHERE k BETWEEN 4221738 AND 4221838explain: for range-notcovered :: explain SELECT k, c FROM sbtest%d WHERE k BETWEEN 4904265 AND 4904365

for range-notcovered
table 1 : explain SELECT k, c FROM sbtest1 WHERE k BETWEEN 8370214 AND 8370314
	Bitmap Heap Scan on sbtest1  (cost=5.51..421.14 rows=105 width=125)
	  Recheck Cond: ((k >= 8370214) AND (k <= 8370314))
	  ->  Bitmap Index Scan on k_1  (cost=0.00..5.48 rows=105 width=0)
	        Index Cond: ((k >= 8370214) AND (k <= 8370314))

table 2 : explain SELECT k, c FROM sbtest2 WHERE k BETWEEN 8370214 AND 8370314
	Bitmap Heap Scan on sbtest2  (cost=5.50..417.23 rows=104 width=125)
	  Recheck Cond: ((k >= 8370214) AND (k <= 8370314))
	  ->  Bitmap Index Scan on k_2  (cost=0.00..5.47 rows=104 width=0)
	        Index Cond: ((k >= 8370214) AND (k <= 8370314))

table 3 : explain SELECT k, c FROM sbtest3 WHERE k BETWEEN 8370214 AND 8370314
	Bitmap Heap Scan on sbtest3  (cost=5.44..393.58 rows=98 width=125)
	  Recheck Cond: ((k >= 8370214) AND (k <= 8370314))
	  ->  Bitmap Index Scan on k_3  (cost=0.00..5.42 rows=98 width=0)
	        Index Cond: ((k >= 8370214) AND (k <= 8370314))

table 4 : explain SELECT k, c FROM sbtest4 WHERE k BETWEEN 8370214 AND 8370314
	Bitmap Heap Scan on sbtest4  (cost=5.44..393.61 rows=98 width=125)
	  Recheck Cond: ((k >= 8370214) AND (k <= 8370314))
	  ->  Bitmap Index Scan on k_4  (cost=0.00..5.42 rows=98 width=0)
	        Index Cond: ((k >= 8370214) AND (k <= 8370314))

table 5 : explain SELECT k, c FROM sbtest5 WHERE k BETWEEN 8370214 AND 8370314
	Bitmap Heap Scan on sbtest5  (cost=5.46..401.50 rows=100 width=125)
	  Recheck Cond: ((k >= 8370214) AND (k <= 8370314))
	  ->  Bitmap Index Scan on k_5  (cost=0.00..5.43 rows=100 width=0)
	        Index Cond: ((k >= 8370214) AND (k <= 8370314))

table 6 : explain SELECT k, c FROM sbtest6 WHERE k BETWEEN 8370214 AND 8370314
	Bitmap Heap Scan on sbtest6  (cost=5.51..421.24 rows=105 width=125)
	  Recheck Cond: ((k >= 8370214) AND (k <= 8370314))
	  ->  Bitmap Index Scan on k_6  (cost=0.00..5.48 rows=105 width=0)
	        Index Cond: ((k >= 8370214) AND (k <= 8370314))

table 7 : explain SELECT k, c FROM sbtest7 WHERE k BETWEEN 8370214 AND 8370314
	Bitmap Heap Scan on sbtest7  (cost=5.46..401.52 rows=100 width=125)
	  Recheck Cond: ((k >= 8370214) AND (k <= 8370314))
	  ->  Bitmap Index Scan on k_7  (cost=0.00..5.43 rows=100 width=0)
	        Index Cond: ((k >= 8370214) AND (k <= 8370314))

table 8 : explain SELECT k, c FROM sbtest8 WHERE k BETWEEN 8370214 AND 8370314
	Bitmap Heap Scan on sbtest8  (cost=5.58..448.82 rows=112 width=125)
	  Recheck Cond: ((k >= 8370214) AND (k <= 8370314))
	  ->  Bitmap Index Scan on k_8  (cost=0.00..5.55 rows=112 width=0)
	        Index Cond: ((k >= 8370214) AND (k <= 8370314))
explain: for range-notcovered :: explain SELECT k, c FROM sbtest%d WHERE k BETWEEN 1500845 AND 1500945
for range-notcovered
table 1 : explain SELECT k, c FROM sbtest1 WHERE k BETWEEN 2814015 AND 2814115
	Bitmap Heap Scan on sbtest1  (cost=5.50..417.20 rows=104 width=125)
	  Recheck Cond: ((k >= 2814015) AND (k <= 2814115))
	  ->  Bitmap Index Scan on k_1  (cost=0.00..5.47 rows=104 width=0)
	        Index Cond: ((k >= 2814015) AND (k <= 2814115))

table 2 : explain SELECT k, c FROM sbtest2 WHERE k BETWEEN 2814015 AND 2814115
	Bitmap Heap Scan on sbtest2  (cost=5.47..405.41 rows=101 width=125)
	  Recheck Cond: ((k >= 2814015) AND (k <= 2814115))
	  ->  Bitmap Index Scan on k_2  (cost=0.00..5.44 rows=101 width=0)
	        Index Cond: ((k >= 2814015) AND (k <= 2814115))

table 3 : explain SELECT k, c FROM sbtest3 WHERE k BETWEEN 2814015 AND 2814115
	Bitmap Heap Scan on sbtest3  (cost=5.55..436.94 rows=109 width=125)
	  Recheck Cond: ((k >= 2814015) AND (k <= 2814115))
	  ->  Bitmap Index Scan on k_3  (cost=0.00..5.52 rows=109 width=0)
	        Index Cond: ((k >= 2814015) AND (k <= 2814115))

table 4 : explain SELECT k, c FROM sbtest4 WHERE k BETWEEN 2814015 AND 2814115
	Bitmap Heap Scan on sbtest4  (cost=5.50..417.27 rows=104 width=125)
	  Recheck Cond: ((k >= 2814015) AND (k <= 2814115))
	  ->  Bitmap Index Scan on k_4  (cost=0.00..5.47 rows=104 width=0)
	        Index Cond: ((k >= 2814015) AND (k <= 2814115))

table 5 : explain SELECT k, c FROM sbtest5 WHERE k BETWEEN 2814015 AND 2814115
	Bitmap Heap Scan on sbtest5  (cost=5.46..401.50 rows=100 width=125)
	  Recheck Cond: ((k >= 2814015) AND (k <= 2814115))
	  ->  Bitmap Index Scan on k_5  (cost=0.00..5.43 rows=100 width=0)
	        Index Cond: ((k >= 2814015) AND (k <= 2814115))

table 6 : explain SELECT k, c FROM sbtest6 WHERE k BETWEEN 2814015 AND 2814115
	Bitmap Heap Scan on sbtest6  (cost=5.36..362.07 rows=90 width=125)
	  Recheck Cond: ((k >= 2814015) AND (k <= 2814115))
	  ->  Bitmap Index Scan on k_6  (cost=0.00..5.33 rows=90 width=0)
	        Index Cond: ((k >= 2814015) AND (k <= 2814115))

table 7 : explain SELECT k, c FROM sbtest7 WHERE k BETWEEN 2814015 AND 2814115
	Bitmap Heap Scan on sbtest7  (cost=5.55..437.00 rows=109 width=125)
	  Recheck Cond: ((k >= 2814015) AND (k <= 2814115))
	  ->  Bitmap Index Scan on k_7  (cost=0.00..5.52 rows=109 width=0)
	        Index Cond: ((k >= 2814015) AND (k <= 2814115))

table 8 : explain SELECT k, c FROM sbtest8 WHERE k BETWEEN 2814015 AND 2814115
	Bitmap Heap Scan on sbtest8  (cost=5.46..401.52 rows=100 width=125)
	  Recheck Cond: ((k >= 2814015) AND (k <= 2814115))
	  ->  Bitmap Index Scan on k_8  (cost=0.00..5.43 rows=100 width=0)
	        Index Cond: ((k >= 2814015) AND (k <= 2814115))

for range-notcovered
table 1 : explain SELECT k, c FROM sbtest1 WHERE k BETWEEN 5198029 AND 5198129
	Bitmap Heap Scan on sbtest1  (cost=5.48..409.32 rows=102 width=125)
	  Recheck Cond: ((k >= 5198029) AND (k <= 5198129))
	  ->  Bitmap Index Scan on k_1  (cost=0.00..5.45 rows=102 width=0)
	        Index Cond: ((k >= 5198029) AND (k <= 5198129))

table 2 : explain SELECT k, c FROM sbtest2 WHERE k BETWEEN 5198029 AND 5198129
	Bitmap Heap Scan on sbtest2  (cost=5.50..417.23 rows=104 width=125)
	  Recheck Cond: ((k >= 5198029) AND (k <= 5198129))
	  ->  Bitmap Index Scan on k_2  (cost=0.00..5.47 rows=104 width=0)
	        Index Cond: ((k >= 5198029) AND (k <= 5198129))

table 3 : explain SELECT k, c FROM sbtest3 WHERE k BETWEEN 5198029 AND 5198129
	Bitmap Heap Scan on sbtest3  (cost=5.60..456.63 rows=114 width=125)
	  Recheck Cond: ((k >= 5198029) AND (k <= 5198129))
	  ->  Bitmap Index Scan on k_3  (cost=0.00..5.58 rows=114 width=0)
	        Index Cond: ((k >= 5198029) AND (k <= 5198129))

table 4 : explain SELECT k, c FROM sbtest4 WHERE k BETWEEN 5198029 AND 5198129
	Bitmap Heap Scan on sbtest4  (cost=5.47..405.44 rows=101 width=125)
	  Recheck Cond: ((k >= 5198029) AND (k <= 5198129))
	  ->  Bitmap Index Scan on k_4  (cost=0.00..5.44 rows=101 width=0)
	        Index Cond: ((k >= 5198029) AND (k <= 5198129))

table 5 : explain SELECT k, c FROM sbtest5 WHERE k BETWEEN 5198029 AND 5198129
	Bitmap Heap Scan on sbtest5  (cost=5.46..401.50 rows=100 width=125)
	  Recheck Cond: ((k >= 5198029) AND (k <= 5198129))
	  ->  Bitmap Index Scan on k_5  (cost=0.00..5.43 rows=100 width=0)
	        Index Cond: ((k >= 5198029) AND (k <= 5198129))

table 6 : explain SELECT k, c FROM sbtest6 WHERE k BETWEEN 5198029 AND 5198129
	Bitmap Heap Scan on sbtest6  (cost=5.60..456.70 rows=114 width=125)
	  Recheck Cond: ((k >= 5198029) AND (k <= 5198129))
	  ->  Bitmap Index Scan on k_6  (cost=0.00..5.58 rows=114 width=0)
	        Index Cond: ((k >= 5198029) AND (k <= 5198129))

table 7 : explain SELECT k, c FROM sbtest7 WHERE k BETWEEN 5198029 AND 5198129
	Bitmap Heap Scan on sbtest7  (cost=5.65..476.38 rows=119 width=125)
	  Recheck Cond: ((k >= 5198029) AND (k <= 5198129))
	  ->  Bitmap Index Scan on k_7  (cost=0.00..5.62 rows=119 width=0)
	        Index Cond: ((k >= 5198029) AND (k <= 5198129))

table 8 : explain SELECT k, c FROM sbtest8 WHERE k BETWEEN 5198029 AND 5198129
	Bitmap Heap Scan on sbtest8  (cost=5.55..437.00 rows=109 width=125)
	  Recheck Cond: ((k >= 5198029) AND (k <= 5198129))
	  ->  Bitmap Index Scan on k_8  (cost=0.00..5.52 rows=109 width=0)
	        Index Cond: ((k >= 5198029) AND (k <= 5198129))

for range-notcovered
table 1 : explain SELECT k, c FROM sbtest1 WHERE k BETWEEN 8204642 AND 8204742
	Bitmap Heap Scan on sbtest1  (cost=5.50..417.20 rows=104 width=125)
	  Recheck Cond: ((k >= 8204642) AND (k <= 8204742))
	  ->  Bitmap Index Scan on k_1  (cost=0.00..5.47 rows=104 width=0)
	        Index Cond: ((k >= 8204642) AND (k <= 8204742))

table 2 : explain SELECT k, c FROM sbtest2 WHERE k BETWEEN 8204642 AND 8204742
	Bitmap Heap Scan on sbtest2  (cost=5.45..397.52 rows=99 width=125)
	  Recheck Cond: ((k >= 8204642) AND (k <= 8204742))
	  ->  Bitmap Index Scan on k_2  (cost=0.00..5.42 rows=99 width=0)
	        Index Cond: ((k >= 8204642) AND (k <= 8204742))

table 3 : explain SELECT k, c FROM sbtest3 WHERE k BETWEEN 8204642 AND 8204742
	Bitmap Heap Scan on sbtest3  (cost=5.43..389.64 rows=97 width=125)
	  Recheck Cond: ((k >= 8204642) AND (k <= 8204742))
	  ->  Bitmap Index Scan on k_3  (cost=0.00..5.40 rows=97 width=0)
	        Index Cond: ((k >= 8204642) AND (k <= 8204742))

table 4 : explain SELECT k, c FROM sbtest4 WHERE k BETWEEN 8204642 AND 8204742
	Bitmap Heap Scan on sbtest4  (cost=5.48..409.38 rows=102 width=125)
	  Recheck Cond: ((k >= 8204642) AND (k <= 8204742))
	  ->  Bitmap Index Scan on k_4  (cost=0.00..5.45 rows=102 width=0)
	        Index Cond: ((k >= 8204642) AND (k <= 8204742))

table 5 : explain SELECT k, c FROM sbtest5 WHERE k BETWEEN 8204642 AND 8204742
	Bitmap Heap Scan on sbtest5  (cost=5.50..417.27 rows=104 width=125)
	  Recheck Cond: ((k >= 8204642) AND (k <= 8204742))
	  ->  Bitmap Index Scan on k_5  (cost=0.00..5.47 rows=104 width=0)
	        Index Cond: ((k >= 8204642) AND (k <= 8204742))

table 6 : explain SELECT k, c FROM sbtest6 WHERE k BETWEEN 8204642 AND 8204742
	Bitmap Heap Scan on sbtest6  (cost=5.46..401.52 rows=100 width=125)
	  Recheck Cond: ((k >= 8204642) AND (k <= 8204742))
	  ->  Bitmap Index Scan on k_6  (cost=0.00..5.43 rows=100 width=0)
	        Index Cond: ((k >= 8204642) AND (k <= 8204742))

table 7 : explain SELECT k, c FROM sbtest7 WHERE k BETWEEN 8204642 AND 8204742
	Bitmap Heap Scan on sbtest7  (cost=5.50..417.29 rows=104 width=125)
	  Recheck Cond: ((k >= 8204642) AND (k <= 8204742))
	  ->  Bitmap Index Scan on k_7  (cost=0.00..5.47 rows=104 width=0)
	        Index Cond: ((k >= 8204642) AND (k <= 8204742))

table 8 : explain SELECT k, c FROM sbtest8 WHERE k BETWEEN 8204642 AND 8204742
	Bitmap Heap Scan on sbtest8  (cost=5.59..452.76 rows=113 width=125)
	  Recheck Cond: ((k >= 8204642) AND (k <= 8204742))
	  ->  Bitmap Index Scan on k_8  (cost=0.00..5.56 rows=113 width=0)
	        Index Cond: ((k >= 8204642) AND (k <= 8204742))

explain: for range-notcovered :: explain SELECT k, c FROM sbtest%d WHERE k BETWEEN 4378422 AND 4378522
explain: for range-notcovered :: explain SELECT k, c FROM sbtest%d WHERE k BETWEEN 5513675 AND 5513775
explain: for range-notcovered :: explain SELECT k, c FROM sbtest%d WHERE k BETWEEN 6413332 AND 6413432for range-notcovered
table 1 : explain SELECT k, c FROM sbtest1 WHERE k BETWEEN 6479038 AND 6479138
	Bitmap Heap Scan on sbtest1  (cost=5.55..436.90 rows=109 width=125)
	  Recheck Cond: ((k >= 6479038) AND (k <= 6479138))
	  ->  Bitmap Index Scan on k_1  (cost=0.00..5.52 rows=109 width=0)
	        Index Cond: ((k >= 6479038) AND (k <= 6479138))

table 2 : explain SELECT k, c FROM sbtest2 WHERE k BETWEEN 6479038 AND 6479138
	Bitmap Heap Scan on sbtest2  (cost=5.46..401.47 rows=100 width=125)
	  Recheck Cond: ((k >= 6479038) AND (k <= 6479138))
	  ->  Bitmap Index Scan on k_2  (cost=0.00..5.43 rows=100 width=0)
	        Index Cond: ((k >= 6479038) AND (k <= 6479138))

table 3 : explain SELECT k, c FROM sbtest3 WHERE k BETWEEN 6479038 AND 6479138
	Bitmap Heap Scan on sbtest3  (cost=5.51..421.18 rows=105 width=125)
	  Recheck Cond: ((k >= 6479038) AND (k <= 6479138))
	  ->  Bitmap Index Scan on k_3  (cost=0.00..5.48 rows=105 width=0)
	        Index Cond: ((k >= 6479038) AND (k <= 6479138))

table 4 : explain SELECT k, c FROM sbtest4 WHERE k BETWEEN 6479038 AND 6479138
	Bitmap Heap Scan on sbtest4  (cost=5.47..405.44 rows=101 width=125)
	  Recheck Cond: ((k >= 6479038) AND (k <= 6479138))
	  ->  Bitmap Index Scan on k_4  (cost=0.00..5.44 rows=101 width=0)
	        Index Cond: ((k >= 6479038) AND (k <= 6479138))

table 5 : explain SELECT k, c FROM sbtest5 WHERE k BETWEEN 6479038 AND 6479138
	Bitmap Heap Scan on sbtest5  (cost=5.47..405.44 rows=101 width=125)
	  Recheck Cond: ((k >= 6479038) AND (k <= 6479138))
	  ->  Bitmap Index Scan on k_5  (cost=0.00..5.44 rows=101 width=0)
	        Index Cond: ((k >= 6479038) AND (k <= 6479138))

table 6 : explain SELECT k, c FROM sbtest6 WHERE k BETWEEN 6479038 AND 6479138
	Bitmap Heap Scan on sbtest6  (cost=5.49..413.35 rows=103 width=125)
	  Recheck Cond: ((k >= 6479038) AND (k <= 6479138))
	  ->  Bitmap Index Scan on k_6  (cost=0.00..5.46 rows=103 width=0)
	        Index Cond: ((k >= 6479038) AND (k <= 6479138))

table 7 : explain SELECT k, c FROM sbtest7 WHERE k BETWEEN 6479038 AND 6479138
	Bitmap Heap Scan on sbtest7  (cost=5.53..429.12 rows=107 width=125)
	  Recheck Cond: ((k >= 6479038) AND (k <= 6479138))
	  ->  Bitmap Index Scan on k_7  (cost=0.00..5.50 rows=107 width=0)
	        Index Cond: ((k >= 6479038) AND (k <= 6479138))

table 8 : explain SELECT k, c FROM sbtest8 WHERE k BETWEEN 6479038 AND 6479138
	Bitmap Heap Scan on sbtest8  (cost=5.46..401.52 rows=100 width=125)
	  Recheck Cond: ((k >= 6479038) AND (k <= 6479138))
	  ->  Bitmap Index Scan on k_8  (cost=0.00..5.43 rows=100 width=0)
	        Index Cond: ((k >= 6479038) AND (k <= 6479138))

explain: for range-notcovered :: explain SELECT k, c FROM sbtest%d WHERE k BETWEEN 6393573 AND 6393673explain: for range-notcovered :: explain SELECT k, c FROM sbtest%d WHERE k BETWEEN 4395323 AND 4395423for range-notcovered
table 1 : explain SELECT k, c FROM sbtest1 WHERE k BETWEEN 2665046 AND 2665146
	Bitmap Heap Scan on sbtest1  (cost=5.55..436.90 rows=109 width=125)
	  Recheck Cond: ((k >= 2665046) AND (k <= 2665146))
	  ->  Bitmap Index Scan on k_1  (cost=0.00..5.52 rows=109 width=0)
	        Index Cond: ((k >= 2665046) AND (k <= 2665146))

table 2 : explain SELECT k, c FROM sbtest2 WHERE k BETWEEN 2665046 AND 2665146
	Bitmap Heap Scan on sbtest2  (cost=5.35..358.07 rows=89 width=125)
	  Recheck Cond: ((k >= 2665046) AND (k <= 2665146))
	  ->  Bitmap Index Scan on k_2  (cost=0.00..5.32 rows=89 width=0)
	        Index Cond: ((k >= 2665046) AND (k <= 2665146))

table 3 : explain SELECT k, c FROM sbtest3 WHERE k BETWEEN 2665046 AND 2665146
	Bitmap Heap Scan on sbtest3  (cost=5.44..393.58 rows=98 width=125)
	  Recheck Cond: ((k >= 2665046) AND (k <= 2665146))
	  ->  Bitmap Index Scan on k_3  (cost=0.00..5.42 rows=98 width=0)
	        Index Cond: ((k >= 2665046) AND (k <= 2665146))

table 4 : explain SELECT k, c FROM sbtest4 WHERE k BETWEEN 2665046 AND 2665146
	Bitmap Heap Scan on sbtest4  (cost=5.60..456.66 rows=114 width=125)
	  Recheck Cond: ((k >= 2665046) AND (k <= 2665146))
	  ->  Bitmap Index Scan on k_4  (cost=0.00..5.58 rows=114 width=0)
	        Index Cond: ((k >= 2665046) AND (k <= 2665146))

table 5 : explain SELECT k, c FROM sbtest5 WHERE k BETWEEN 2665046 AND 2665146
	Bitmap Heap Scan on sbtest5  (cost=5.52..425.15 rows=106 width=125)
	  Recheck Cond: ((k >= 2665046) AND (k <= 2665146))
	  ->  Bitmap Index Scan on k_5  (cost=0.00..5.50 rows=106 width=0)
	        Index Cond: ((k >= 2665046) AND (k <= 2665146))

table 6 : explain SELECT k, c FROM sbtest6 WHERE k BETWEEN 2665046 AND 2665146
	Bitmap Heap Scan on sbtest6  (cost=5.51..421.24 rows=105 width=125)
	  Recheck Cond: ((k >= 2665046) AND (k <= 2665146))
	  ->  Bitmap Index Scan on k_6  (cost=0.00..5.48 rows=105 width=0)
	        Index Cond: ((k >= 2665046) AND (k <= 2665146))

table 7 : explain SELECT k, c FROM sbtest7 WHERE k BETWEEN 2665046 AND 2665146
	Bitmap Heap Scan on sbtest7  (cost=5.49..413.35 rows=103 width=125)
	  Recheck Cond: ((k >= 2665046) AND (k <= 2665146))
	  ->  Bitmap Index Scan on k_7  (cost=0.00..5.46 rows=103 width=0)
	        Index Cond: ((k >= 2665046) AND (k <= 2665146))

table 8 : explain SELECT k, c FROM sbtest8 WHERE k BETWEEN 2665046 AND 2665146
	Bitmap Heap Scan on sbtest8  (cost=5.60..456.70 rows=114 width=125)
	  Recheck Cond: ((k >= 2665046) AND (k <= 2665146))
	  ->  Bitmap Index Scan on k_8  (cost=0.00..5.58 rows=114 width=0)
	        Index Cond: ((k >= 2665046) AND (k <= 2665146))
explain: for range-notcovered :: explain SELECT k, c FROM sbtest%d WHERE k BETWEEN 8204642 AND 8204742
for range-notcovered
table 1 : explain SELECT k, c FROM sbtest1 WHERE k BETWEEN 8331790 AND 8331890
	Bitmap Heap Scan on sbtest1  (cost=5.51..421.14 rows=105 width=125)
	  Recheck Cond: ((k >= 8331790) AND (k <= 8331890))
	  ->  Bitmap Index Scan on k_1  (cost=0.00..5.48 rows=105 width=0)
	        Index Cond: ((k >= 8331790) AND (k <= 8331890))

table 2 : explain SELECT k, c FROM sbtest2 WHERE k BETWEEN 8331790 AND 8331890
	Bitmap Heap Scan on sbtest2  (cost=5.54..433.00 rows=108 width=125)
	  Recheck Cond: ((k >= 8331790) AND (k <= 8331890))
	  ->  Bitmap Index Scan on k_2  (cost=0.00..5.51 rows=108 width=0)
	        Index Cond: ((k >= 8331790) AND (k <= 8331890))

table 3 : explain SELECT k, c FROM sbtest3 WHERE k BETWEEN 8331790 AND 8331890
	Bitmap Heap Scan on sbtest3  (cost=5.44..393.58 rows=98 width=125)
	  Recheck Cond: ((k >= 8331790) AND (k <= 8331890))
	  ->  Bitmap Index Scan on k_3  (cost=0.00..5.42 rows=98 width=0)
	        Index Cond: ((k >= 8331790) AND (k <= 8331890))

table 4 : explain SELECT k, c FROM sbtest4 WHERE k BETWEEN 8331790 AND 8331890
	Bitmap Heap Scan on sbtest4  (cost=5.44..393.61 rows=98 width=125)
	  Recheck Cond: ((k >= 8331790) AND (k <= 8331890))
	  ->  Bitmap Index Scan on k_4  (cost=0.00..5.42 rows=98 width=0)
	        Index Cond: ((k >= 8331790) AND (k <= 8331890))

table 5 : explain SELECT k, c FROM sbtest5 WHERE k BETWEEN 8331790 AND 8331890
	Bitmap Heap Scan on sbtest5  (cost=5.46..401.50 rows=100 width=125)
	  Recheck Cond: ((k >= 8331790) AND (k <= 8331890))
	  ->  Bitmap Index Scan on k_5  (cost=0.00..5.43 rows=100 width=0)
	        Index Cond: ((k >= 8331790) AND (k <= 8331890))

table 6 : explain SELECT k, c FROM sbtest6 WHERE k BETWEEN 8331790 AND 8331890
	Bitmap Heap Scan on sbtest6  (cost=5.50..417.29 rows=104 width=125)
	  Recheck Cond: ((k >= 8331790) AND (k <= 8331890))
	  ->  Bitmap Index Scan on k_6  (cost=0.00..5.47 rows=104 width=0)
	        Index Cond: ((k >= 8331790) AND (k <= 8331890))

table 7 : explain SELECT k, c FROM sbtest7 WHERE k BETWEEN 8331790 AND 8331890
	Bitmap Heap Scan on sbtest7  (cost=5.53..429.12 rows=107 width=125)
	  Recheck Cond: ((k >= 8331790) AND (k <= 8331890))
	  ->  Bitmap Index Scan on k_7  (cost=0.00..5.50 rows=107 width=0)
	        Index Cond: ((k >= 8331790) AND (k <= 8331890))

table 8 : explain SELECT k, c FROM sbtest8 WHERE k BETWEEN 8331790 AND 8331890
	Bitmap Heap Scan on sbtest8  (cost=5.58..448.82 rows=112 width=125)
	  Recheck Cond: ((k >= 8331790) AND (k <= 8331890))
	  ->  Bitmap Index Scan on k_8  (cost=0.00..5.55 rows=112 width=0)
	        Index Cond: ((k >= 8331790) AND (k <= 8331890))

explain: for range-notcovered :: explain SELECT k, c FROM sbtest%d WHERE k BETWEEN 4172560 AND 4172660

explain: for range-notcovered :: explain SELECT k, c FROM sbtest%d WHERE k BETWEEN 3237041 AND 3237141
for range-notcovered
table 1 : explain SELECT k, c FROM sbtest1 WHERE k BETWEEN 4209613 AND 4209713
	Bitmap Heap Scan on sbtest1  (cost=5.46..401.43 rows=100 width=125)
	  Recheck Cond: ((k >= 4209613) AND (k <= 4209713))
	  ->  Bitmap Index Scan on k_1  (cost=0.00..5.43 rows=100 width=0)
	        Index Cond: ((k >= 4209613) AND (k <= 4209713))

table 2 : explain SELECT k, c FROM sbtest2 WHERE k BETWEEN 4209613 AND 4209713
	Bitmap Heap Scan on sbtest2  (cost=5.48..409.35 rows=102 width=125)
	  Recheck Cond: ((k >= 4209613) AND (k <= 4209713))
	  ->  Bitmap Index Scan on k_2  (cost=0.00..5.45 rows=102 width=0)
	        Index Cond: ((k >= 4209613) AND (k <= 4209713))

table 3 : explain SELECT k, c FROM sbtest3 WHERE k BETWEEN 4209613 AND 4209713
	Bitmap Heap Scan on sbtest3  (cost=5.40..377.81 rows=94 width=125)
	  Recheck Cond: ((k >= 4209613) AND (k <= 4209713))
	  ->  Bitmap Index Scan on k_3  (cost=0.00..5.38 rows=94 width=0)
	        Index Cond: ((k >= 4209613) AND (k <= 4209713))

table 4 : explain SELECT k, c FROM sbtest4 WHERE k BETWEEN 4209613 AND 4209713
	Bitmap Heap Scan on sbtest4  (cost=5.48..409.38 rows=102 width=125)
	  Recheck Cond: ((k >= 4209613) AND (k <= 4209713))
	  ->  Bitmap Index Scan on k_4  (cost=0.00..5.45 rows=102 width=0)
	        Index Cond: ((k >= 4209613) AND (k <= 4209713))

table 5 : explain SELECT k, c FROM sbtest5 WHERE k BETWEEN 4209613 AND 4209713
	Bitmap Heap Scan on sbtest5  (cost=5.42..385.72 rows=96 width=125)
	  Recheck Cond: ((k >= 4209613) AND (k <= 4209713))
	  ->  Bitmap Index Scan on k_5  (cost=0.00..5.39 rows=96 width=0)
	        Index Cond: ((k >= 4209613) AND (k <= 4209713))

table 6 : explain SELECT k, c FROM sbtest6 WHERE k BETWEEN 4209613 AND 4209713
	Bitmap Heap Scan on sbtest6  (cost=5.50..417.29 rows=104 width=125)
	  Recheck Cond: ((k >= 4209613) AND (k <= 4209713))
	  ->  Bitmap Index Scan on k_6  (cost=0.00..5.47 rows=104 width=0)
	        Index Cond: ((k >= 4209613) AND (k <= 4209713))

table 7 : explain SELECT k, c FROM sbtest7 WHERE k BETWEEN 4209613 AND 4209713
	Bitmap Heap Scan on sbtest7  (cost=5.46..401.52 rows=100 width=125)
	  Recheck Cond: ((k >= 4209613) AND (k <= 4209713))
	  ->  Bitmap Index Scan on k_7  (cost=0.00..5.43 rows=100 width=0)
	        Index Cond: ((k >= 4209613) AND (k <= 4209713))

table 8 : explain SELECT k, c FROM sbtest8 WHERE k BETWEEN 4209613 AND 4209713
	Bitmap Heap Scan on sbtest8  (cost=5.57..444.88 rows=111 width=125)
	  Recheck Cond: ((k >= 4209613) AND (k <= 4209713))
	  ->  Bitmap Index Scan on k_8  (cost=0.00..5.54 rows=111 width=0)
	        Index Cond: ((k >= 4209613) AND (k <= 4209713))

for range-notcovered
table 1 : explain SELECT k, c FROM sbtest1 WHERE k BETWEEN 3967413 AND 3967513
	Bitmap Heap Scan on sbtest1  (cost=5.48..409.32 rows=102 width=125)
	  Recheck Cond: ((k >= 3967413) AND (k <= 3967513))
	  ->  Bitmap Index Scan on k_1  (cost=0.00..5.45 rows=102 width=0)
	        Index Cond: ((k >= 3967413) AND (k <= 3967513))

table 2 : explain SELECT k, c FROM sbtest2 WHERE k BETWEEN 3967413 AND 3967513
	Bitmap Heap Scan on sbtest2  (cost=5.46..401.47 rows=100 width=125)
	  Recheck Cond: ((k >= 3967413) AND (k <= 3967513))
	  ->  Bitmap Index Scan on k_2  (cost=0.00..5.43 rows=100 width=0)
	        Index Cond: ((k >= 3967413) AND (k <= 3967513))

table 3 : explain SELECT k, c FROM sbtest3 WHERE k BETWEEN 3967413 AND 3967513
	Bitmap Heap Scan on sbtest3  (cost=5.42..385.70 rows=96 width=125)
	  Recheck Cond: ((k >= 3967413) AND (k <= 3967513))
	  ->  Bitmap Index Scan on k_3  (cost=0.00..5.39 rows=96 width=0)
	        Index Cond: ((k >= 3967413) AND (k <= 3967513))

table 4 : explain SELECT k, c FROM sbtest4 WHERE k BETWEEN 3967413 AND 3967513
	Bitmap Heap Scan on sbtest4  (cost=5.57..444.85 rows=111 width=125)
	  Recheck Cond: ((k >= 3967413) AND (k <= 3967513))
	  ->  Bitmap Index Scan on k_4  (cost=0.00..5.54 rows=111 width=0)
	        Index Cond: ((k >= 3967413) AND (k <= 3967513))

table 5 : explain SELECT k, c FROM sbtest5 WHERE k BETWEEN 3967413 AND 3967513
	Bitmap Heap Scan on sbtest5  (cost=5.39..373.89 rows=93 width=125)
	  Recheck Cond: ((k >= 3967413) AND (k <= 3967513))
	  ->  Bitmap Index Scan on k_5  (cost=0.00..5.36 rows=93 width=0)
	        Index Cond: ((k >= 3967413) AND (k <= 3967513))

table 6 : explain SELECT k, c FROM sbtest6 WHERE k BETWEEN 3967413 AND 3967513
	Bitmap Heap Scan on sbtest6  (cost=5.45..397.58 rows=99 width=125)
	  Recheck Cond: ((k >= 3967413) AND (k <= 3967513))
	  ->  Bitmap Index Scan on k_6  (cost=0.00..5.42 rows=99 width=0)
	        Index Cond: ((k >= 3967413) AND (k <= 3967513))

table 7 : explain SELECT k, c FROM sbtest7 WHERE k BETWEEN 3967413 AND 3967513
	Bitmap Heap Scan on sbtest7  (cost=5.45..397.58 rows=99 width=125)
	  Recheck Cond: ((k >= 3967413) AND (k <= 3967513))
	  ->  Bitmap Index Scan on k_7  (cost=0.00..5.42 rows=99 width=0)
	        Index Cond: ((k >= 3967413) AND (k <= 3967513))

table 8 : explain SELECT k, c FROM sbtest8 WHERE k BETWEEN 3967413 AND 3967513
	Bitmap Heap Scan on sbtest8  (cost=5.42..385.74 rows=96 width=125)
	  Recheck Cond: ((k >= 3967413) AND (k <= 3967513))
	  ->  Bitmap Index Scan on k_8  (cost=0.00..5.39 rows=96 width=0)
	        Index Cond: ((k >= 3967413) AND (k <= 3967513))

for range-notcovered
table 1 : explain SELECT k, c FROM sbtest1 WHERE k BETWEEN 7267824 AND 7267924
	Bitmap Heap Scan on sbtest1  (cost=5.74..507.73 rows=127 width=125)
	  Recheck Cond: ((k >= 7267824) AND (k <= 7267924))
	  ->  Bitmap Index Scan on k_1  (cost=0.00..5.70 rows=127 width=0)
	        Index Cond: ((k >= 7267824) AND (k <= 7267924))

table 2 : explain SELECT k, c FROM sbtest2 WHERE k BETWEEN 7267824 AND 7267924
	Bitmap Heap Scan on sbtest2  (cost=5.51..421.18 rows=105 width=125)
	  Recheck Cond: ((k >= 7267824) AND (k <= 7267924))
	  ->  Bitmap Index Scan on k_2  (cost=0.00..5.48 rows=105 width=0)
	        Index Cond: ((k >= 7267824) AND (k <= 7267924))

table 3 : explain SELECT k, c FROM sbtest3 WHERE k BETWEEN 7267824 AND 7267924
	Bitmap Heap Scan on sbtest3  (cost=5.53..429.06 rows=107 width=125)
	  Recheck Cond: ((k >= 7267824) AND (k <= 7267924))
	  ->  Bitmap Index Scan on k_3  (cost=0.00..5.50 rows=107 width=0)
	        Index Cond: ((k >= 7267824) AND (k <= 7267924))

table 4 : explain SELECT k, c FROM sbtest4 WHERE k BETWEEN 7267824 AND 7267924
	Bitmap Heap Scan on sbtest4  (cost=5.50..417.27 rows=104 width=125)
	  Recheck Cond: ((k >= 7267824) AND (k <= 7267924))
	  ->  Bitmap Index Scan on k_4  (cost=0.00..5.47 rows=104 width=0)
	        Index Cond: ((k >= 7267824) AND (k <= 7267924))

table 5 : explain SELECT k, c FROM sbtest5 WHERE k BETWEEN 7267824 AND 7267924
	Bitmap Heap Scan on sbtest5  (cost=5.56..440.91 rows=110 width=125)
	  Recheck Cond: ((k >= 7267824) AND (k <= 7267924))
	  ->  Bitmap Index Scan on k_5  (cost=0.00..5.53 rows=110 width=0)
	        Index Cond: ((k >= 7267824) AND (k <= 7267924))

table 6 : explain SELECT k, c FROM sbtest6 WHERE k BETWEEN 7267824 AND 7267924
	Bitmap Heap Scan on sbtest6  (cost=5.49..413.35 rows=103 width=125)
	  Recheck Cond: ((k >= 7267824) AND (k <= 7267924))
	  ->  Bitmap Index Scan on k_6  (cost=0.00..5.46 rows=103 width=0)
	        Index Cond: ((k >= 7267824) AND (k <= 7267924))

table 7 : explain SELECT k, c FROM sbtest7 WHERE k BETWEEN 7267824 AND 7267924
	Bitmap Heap Scan on sbtest7  (cost=5.48..409.41 rows=102 width=125)
	  Recheck Cond: ((k >= 7267824) AND (k <= 7267924))
	  ->  Bitmap Index Scan on k_7  (cost=0.00..5.45 rows=102 width=0)
	        Index Cond: ((k >= 7267824) AND (k <= 7267924))

table 8 : explain SELECT k, c FROM sbtest8 WHERE k BETWEEN 7267824 AND 7267924
	Bitmap Heap Scan on sbtest8  (cost=5.50..417.29 rows=104 width=125)
	  Recheck Cond: ((k >= 7267824) AND (k <= 7267924))
	  ->  Bitmap Index Scan on k_8  (cost=0.00..5.47 rows=104 width=0)
	        Index Cond: ((k >= 7267824) AND (k <= 7267924))

explain: for range-notcovered :: explain SELECT k, c FROM sbtest%d WHERE k BETWEEN 5198029 AND 5198129

for range-notcovered
table 1 : explain SELECT k, c FROM sbtest1 WHERE k BETWEEN 3169993 AND 3170093
	Bitmap Heap Scan on sbtest1  (cost=5.45..397.49 rows=99 width=125)
	  Recheck Cond: ((k >= 3169993) AND (k <= 3170093))
	  ->  Bitmap Index Scan on k_1  (cost=0.00..5.42 rows=99 width=0)
	        Index Cond: ((k >= 3169993) AND (k <= 3170093))

table 2 : explain SELECT k, c FROM sbtest2 WHERE k BETWEEN 3169993 AND 3170093
	Bitmap Heap Scan on sbtest2  (cost=5.42..385.69 rows=96 width=125)
	  Recheck Cond: ((k >= 3169993) AND (k <= 3170093))
	  ->  Bitmap Index Scan on k_2  (cost=0.00..5.39 rows=96 width=0)
	        Index Cond: ((k >= 3169993) AND (k <= 3170093))

table 3 : explain SELECT k, c FROM sbtest3 WHERE k BETWEEN 3169993 AND 3170093
	Bitmap Heap Scan on sbtest3  (cost=5.56..440.88 rows=110 width=125)
	  Recheck Cond: ((k >= 3169993) AND (k <= 3170093))
	  ->  Bitmap Index Scan on k_3  (cost=0.00..5.53 rows=110 width=0)
	        Index Cond: ((k >= 3169993) AND (k <= 3170093))

table 4 : explain SELECT k, c FROM sbtest4 WHERE k BETWEEN 3169993 AND 3170093
	Bitmap Heap Scan on sbtest4  (cost=5.53..429.09 rows=107 width=125)
	  Recheck Cond: ((k >= 3169993) AND (k <= 3170093))
	  ->  Bitmap Index Scan on k_4  (cost=0.00..5.50 rows=107 width=0)
	        Index Cond: ((k >= 3169993) AND (k <= 3170093))

table 5 : explain SELECT k, c FROM sbtest5 WHERE k BETWEEN 3169993 AND 3170093
	Bitmap Heap Scan on sbtest5  (cost=5.42..385.72 rows=96 width=125)
	  Recheck Cond: ((k >= 3169993) AND (k <= 3170093))
	  ->  Bitmap Index Scan on k_5  (cost=0.00..5.39 rows=96 width=0)
	        Index Cond: ((k >= 3169993) AND (k <= 3170093))

table 6 : explain SELECT k, c FROM sbtest6 WHERE k BETWEEN 3169993 AND 3170093
	Bitmap Heap Scan on sbtest6  (cost=5.38..369.96 rows=92 width=125)
	  Recheck Cond: ((k >= 3169993) AND (k <= 3170093))
	  ->  Bitmap Index Scan on k_6  (cost=0.00..5.35 rows=92 width=0)
	        Index Cond: ((k >= 3169993) AND (k <= 3170093))

table 7 : explain SELECT k, c FROM sbtest7 WHERE k BETWEEN 3169993 AND 3170093
	Bitmap Heap Scan on sbtest7  (cost=5.47..405.46 rows=101 width=125)
	  Recheck Cond: ((k >= 3169993) AND (k <= 3170093))
	  ->  Bitmap Index Scan on k_7  (cost=0.00..5.44 rows=101 width=0)
	        Index Cond: ((k >= 3169993) AND (k <= 3170093))

table 8 : explain SELECT k, c FROM sbtest8 WHERE k BETWEEN 3169993 AND 3170093
	Bitmap Heap Scan on sbtest8  (cost=5.47..405.47 rows=101 width=125)
	  Recheck Cond: ((k >= 3169993) AND (k <= 3170093))
	  ->  Bitmap Index Scan on k_8  (cost=0.00..5.44 rows=101 width=0)
	        Index Cond: ((k >= 3169993) AND (k <= 3170093))

explain: for range-notcovered :: explain SELECT k, c FROM sbtest%d WHERE k BETWEEN 6349144 AND 6349244
for range-notcovered
table 1 : explain SELECT k, c FROM sbtest1 WHERE k BETWEEN 3701523 AND 3701623
	Bitmap Heap Scan on sbtest1  (cost=5.45..397.49 rows=99 width=125)
	  Recheck Cond: ((k >= 3701523) AND (k <= 3701623))
	  ->  Bitmap Index Scan on k_1  (cost=0.00..5.42 rows=99 width=0)
	        Index Cond: ((k >= 3701523) AND (k <= 3701623))

table 2 : explain SELECT k, c FROM sbtest2 WHERE k BETWEEN 3701523 AND 3701623
	Bitmap Heap Scan on sbtest2  (cost=5.49..413.29 rows=103 width=125)
	  Recheck Cond: ((k >= 3701523) AND (k <= 3701623))
	  ->  Bitmap Index Scan on k_2  (cost=0.00..5.46 rows=103 width=0)
	        Index Cond: ((k >= 3701523) AND (k <= 3701623))

table 3 : explain SELECT k, c FROM sbtest3 WHERE k BETWEEN 3701523 AND 3701623
	Bitmap Heap Scan on sbtest3  (cost=5.41..381.75 rows=95 width=125)
	  Recheck Cond: ((k >= 3701523) AND (k <= 3701623))
	  ->  Bitmap Index Scan on k_3  (cost=0.00..5.38 rows=95 width=0)
	        Index Cond: ((k >= 3701523) AND (k <= 3701623))

table 4 : explain SELECT k, c FROM sbtest4 WHERE k BETWEEN 3701523 AND 3701623
	Bitmap Heap Scan on sbtest4  (cost=5.41..381.77 rows=95 width=125)
	  Recheck Cond: ((k >= 3701523) AND (k <= 3701623))
	  ->  Bitmap Index Scan on k_4  (cost=0.00..5.38 rows=95 width=0)
	        Index Cond: ((k >= 3701523) AND (k <= 3701623))

table 5 : explain SELECT k, c FROM sbtest5 WHERE k BETWEEN 3701523 AND 3701623
	Bitmap Heap Scan on sbtest5  (cost=5.55..436.97 rows=109 width=125)
	  Recheck Cond: ((k >= 3701523) AND (k <= 3701623))
	  ->  Bitmap Index Scan on k_5  (cost=0.00..5.52 rows=109 width=0)
	        Index Cond: ((k >= 3701523) AND (k <= 3701623))

table 6 : explain SELECT k, c FROM sbtest6 WHERE k BETWEEN 3701523 AND 3701623
	Bitmap Heap Scan on sbtest6  (cost=5.42..385.74 rows=96 width=125)
	  Recheck Cond: ((k >= 3701523) AND (k <= 3701623))
	  ->  Bitmap Index Scan on k_6  (cost=0.00..5.39 rows=96 width=0)
	        Index Cond: ((k >= 3701523) AND (k <= 3701623))

table 7 : explain SELECT k, c FROM sbtest7 WHERE k BETWEEN 3701523 AND 3701623
	Bitmap Heap Scan on sbtest7  (cost=5.43..389.69 rows=97 width=125)
	  Recheck Cond: ((k >= 3701523) AND (k <= 3701623))
	  ->  Bitmap Index Scan on k_7  (cost=0.00..5.40 rows=97 width=0)
	        Index Cond: ((k >= 3701523) AND (k <= 3701623))

table 8 : explain SELECT k, c FROM sbtest8 WHERE k BETWEEN 3701523 AND 3701623
	Bitmap Heap Scan on sbtest8  (cost=5.49..413.35 rows=103 width=125)
	  Recheck Cond: ((k >= 3701523) AND (k <= 3701623))
	  ->  Bitmap Index Scan on k_8  (cost=0.00..5.46 rows=103 width=0)
	        Index Cond: ((k >= 3701523) AND (k <= 3701623))

for range-notcovered
table 1 : explain SELECT k, c FROM sbtest1 WHERE k BETWEEN 7014798 AND 7014898
	Bitmap Heap Scan on sbtest1  (cost=5.54..432.96 rows=108 width=125)
	  Recheck Cond: ((k >= 7014798) AND (k <= 7014898))
	  ->  Bitmap Index Scan on k_1  (cost=0.00..5.51 rows=108 width=0)
	        Index Cond: ((k >= 7014798) AND (k <= 7014898))

table 2 : explain SELECT k, c FROM sbtest2 WHERE k BETWEEN 7014798 AND 7014898
	Bitmap Heap Scan on sbtest2  (cost=5.35..358.07 rows=89 width=125)
	  Recheck Cond: ((k >= 7014798) AND (k <= 7014898))
	  ->  Bitmap Index Scan on k_2  (cost=0.00..5.32 rows=89 width=0)
	        Index Cond: ((k >= 7014798) AND (k <= 7014898))

table 3 : explain SELECT k, c FROM sbtest3 WHERE k BETWEEN 7014798 AND 7014898
	Bitmap Heap Scan on sbtest3  (cost=5.46..401.47 rows=100 width=125)
	  Recheck Cond: ((k >= 7014798) AND (k <= 7014898))
	  ->  Bitmap Index Scan on k_3  (cost=0.00..5.43 rows=100 width=0)
	        Index Cond: ((k >= 7014798) AND (k <= 7014898))

table 4 : explain SELECT k, c FROM sbtest4 WHERE k BETWEEN 7014798 AND 7014898
	Bitmap Heap Scan on sbtest4  (cost=5.41..381.77 rows=95 width=125)
	  Recheck Cond: ((k >= 7014798) AND (k <= 7014898))
	  ->  Bitmap Index Scan on k_4  (cost=0.00..5.38 rows=95 width=0)
	        Index Cond: ((k >= 7014798) AND (k <= 7014898))

table 5 : explain SELECT k, c FROM sbtest5 WHERE k BETWEEN 7014798 AND 7014898
	Bitmap Heap Scan on sbtest5  (cost=5.56..440.91 rows=110 width=125)
	  Recheck Cond: ((k >= 7014798) AND (k <= 7014898))
	  ->  Bitmap Index Scan on k_5  (cost=0.00..5.53 rows=110 width=0)
	        Index Cond: ((k >= 7014798) AND (k <= 7014898))

table 6 : explain SELECT k, c FROM sbtest6 WHERE k BETWEEN 7014798 AND 7014898
	Bitmap Heap Scan on sbtest6  (cost=5.58..448.82 rows=112 width=125)
	  Recheck Cond: ((k >= 7014798) AND (k <= 7014898))
	  ->  Bitmap Index Scan on k_6  (cost=0.00..5.55 rows=112 width=0)
	        Index Cond: ((k >= 7014798) AND (k <= 7014898))

table 7 : explain SELECT k, c FROM sbtest7 WHERE k BETWEEN 7014798 AND 7014898
	Bitmap Heap Scan on sbtest7  (cost=5.45..397.58 rows=99 width=125)
	  Recheck Cond: ((k >= 7014798) AND (k <= 7014898))
	  ->  Bitmap Index Scan on k_7  (cost=0.00..5.42 rows=99 width=0)
	        Index Cond: ((k >= 7014798) AND (k <= 7014898))

table 8 : explain SELECT k, c FROM sbtest8 WHERE k BETWEEN 7014798 AND 7014898
	Bitmap Heap Scan on sbtest8  (cost=5.44..393.63 rows=98 width=125)
	  Recheck Cond: ((k >= 7014798) AND (k <= 7014898))
	  ->  Bitmap Index Scan on k_8  (cost=0.00..5.42 rows=98 width=0)
	        Index Cond: ((k >= 7014798) AND (k <= 7014898))
explain: for range-notcovered :: explain SELECT k, c FROM sbtest%d WHERE k BETWEEN 8370214 AND 8370314
explain: for range-notcovered :: explain SELECT k, c FROM sbtest%d WHERE k BETWEEN 7267824 AND 7267924
explain: for range-notcovered :: explain SELECT k, c FROM sbtest%d WHERE k BETWEEN 7843619 AND 7843719
for range-notcovered
table 1 : explain SELECT k, c FROM sbtest1 WHERE k BETWEEN 231832 AND 231932
	Bitmap Heap Scan on sbtest1  (cost=5.53..429.02 rows=107 width=125)
	  Recheck Cond: ((k >= 231832) AND (k <= 231932))
	  ->  Bitmap Index Scan on k_1  (cost=0.00..5.50 rows=107 width=0)
	        Index Cond: ((k >= 231832) AND (k <= 231932))

table 2 : explain SELECT k, c FROM sbtest2 WHERE k BETWEEN 231832 AND 231932
	Bitmap Heap Scan on sbtest2  (cost=5.49..413.29 rows=103 width=125)
	  Recheck Cond: ((k >= 231832) AND (k <= 231932))
	  ->  Bitmap Index Scan on k_2  (cost=0.00..5.46 rows=103 width=0)
	        Index Cond: ((k >= 231832) AND (k <= 231932))

table 3 : explain SELECT k, c FROM sbtest3 WHERE k BETWEEN 231832 AND 231932
	Bitmap Heap Scan on sbtest3  (cost=5.48..409.36 rows=102 width=125)
	  Recheck Cond: ((k >= 231832) AND (k <= 231932))
	  ->  Bitmap Index Scan on k_3  (cost=0.00..5.45 rows=102 width=0)
	        Index Cond: ((k >= 231832) AND (k <= 231932))

table 4 : explain SELECT k, c FROM sbtest4 WHERE k BETWEEN 231832 AND 231932
	Bitmap Heap Scan on sbtest4  (cost=5.50..417.27 rows=104 width=125)
	  Recheck Cond: ((k >= 231832) AND (k <= 231932))
	  ->  Bitmap Index Scan on k_4  (cost=0.00..5.47 rows=104 width=0)
	        Index Cond: ((k >= 231832) AND (k <= 231932))

table 5 : explain SELECT k, c FROM sbtest5 WHERE k BETWEEN 231832 AND 231932
	Bitmap Heap Scan on sbtest5  (cost=5.42..385.72 rows=96 width=125)
	  Recheck Cond: ((k >= 231832) AND (k <= 231932))
	  ->  Bitmap Index Scan on k_5  (cost=0.00..5.39 rows=96 width=0)
	        Index Cond: ((k >= 231832) AND (k <= 231932))

table 6 : explain SELECT k, c FROM sbtest6 WHERE k BETWEEN 231832 AND 231932
	Bitmap Heap Scan on sbtest6  (cost=5.58..448.82 rows=112 width=125)
	  Recheck Cond: ((k >= 231832) AND (k <= 231932))
	  ->  Bitmap Index Scan on k_6  (cost=0.00..5.55 rows=112 width=0)
	        Index Cond: ((k >= 231832) AND (k <= 231932))

table 7 : explain SELECT k, c FROM sbtest7 WHERE k BETWEEN 231832 AND 231932
	Bitmap Heap Scan on sbtest7  (cost=5.48..409.41 rows=102 width=125)
	  Recheck Cond: ((k >= 231832) AND (k <= 231932))
	  ->  Bitmap Index Scan on k_7  (cost=0.00..5.45 rows=102 width=0)
	        Index Cond: ((k >= 231832) AND (k <= 231932))

table 8 : explain SELECT k, c FROM sbtest8 WHERE k BETWEEN 231832 AND 231932
	Bitmap Heap Scan on sbtest8  (cost=5.57..444.88 rows=111 width=125)
	  Recheck Cond: ((k >= 231832) AND (k <= 231932))
	  ->  Bitmap Index Scan on k_8  (cost=0.00..5.54 rows=111 width=0)
	        Index Cond: ((k >= 231832) AND (k <= 231932))

for range-notcovered
table 1 : explain SELECT k, c FROM sbtest1 WHERE k BETWEEN 3818532 AND 3818632
	Bitmap Heap Scan on sbtest1  (cost=5.47..405.38 rows=101 width=125)
	  Recheck Cond: ((k >= 3818532) AND (k <= 3818632))
	  ->  Bitmap Index Scan on k_1  (cost=0.00..5.44 rows=101 width=0)
	        Index Cond: ((k >= 3818532) AND (k <= 3818632))

table 2 : explain SELECT k, c FROM sbtest2 WHERE k BETWEEN 3818532 AND 3818632
	Bitmap Heap Scan on sbtest2  (cost=5.50..417.23 rows=104 width=125)
	  Recheck Cond: ((k >= 3818532) AND (k <= 3818632))
	  ->  Bitmap Index Scan on k_2  (cost=0.00..5.47 rows=104 width=0)
	        Index Cond: ((k >= 3818532) AND (k <= 3818632))

table 3 : explain SELECT k, c FROM sbtest3 WHERE k BETWEEN 3818532 AND 3818632
	Bitmap Heap Scan on sbtest3  (cost=5.50..417.24 rows=104 width=125)
	  Recheck Cond: ((k >= 3818532) AND (k <= 3818632))
	  ->  Bitmap Index Scan on k_3  (cost=0.00..5.47 rows=104 width=0)
	        Index Cond: ((k >= 3818532) AND (k <= 3818632))

table 4 : explain SELECT k, c FROM sbtest4 WHERE k BETWEEN 3818532 AND 3818632
	Bitmap Heap Scan on sbtest4  (cost=5.49..413.32 rows=103 width=125)
	  Recheck Cond: ((k >= 3818532) AND (k <= 3818632))
	  ->  Bitmap Index Scan on k_4  (cost=0.00..5.46 rows=103 width=0)
	        Index Cond: ((k >= 3818532) AND (k <= 3818632))

table 5 : explain SELECT k, c FROM sbtest5 WHERE k BETWEEN 3818532 AND 3818632
	Bitmap Heap Scan on sbtest5  (cost=5.45..397.56 rows=99 width=125)
	  Recheck Cond: ((k >= 3818532) AND (k <= 3818632))
	  ->  Bitmap Index Scan on k_5  (cost=0.00..5.42 rows=99 width=0)
	        Index Cond: ((k >= 3818532) AND (k <= 3818632))

table 6 : explain SELECT k, c FROM sbtest6 WHERE k BETWEEN 3818532 AND 3818632
	Bitmap Heap Scan on sbtest6  (cost=5.47..405.47 rows=101 width=125)
	  Recheck Cond: ((k >= 3818532) AND (k <= 3818632))
	  ->  Bitmap Index Scan on k_6  (cost=0.00..5.44 rows=101 width=0)
	        Index Cond: ((k >= 3818532) AND (k <= 3818632))

table 7 : explain SELECT k, c FROM sbtest7 WHERE k BETWEEN 3818532 AND 3818632
	Bitmap Heap Scan on sbtest7  (cost=5.50..417.29 rows=104 width=125)
	  Recheck Cond: ((k >= 3818532) AND (k <= 3818632))
	  ->  Bitmap Index Scan on k_7  (cost=0.00..5.47 rows=104 width=0)
	        Index Cond: ((k >= 3818532) AND (k <= 3818632))

table 8 : explain SELECT k, c FROM sbtest8 WHERE k BETWEEN 3818532 AND 3818632
	Bitmap Heap Scan on sbtest8  (cost=5.43..389.69 rows=97 width=125)
	  Recheck Cond: ((k >= 3818532) AND (k <= 3818632))
	  ->  Bitmap Index Scan on k_8  (cost=0.00..5.40 rows=97 width=0)
	        Index Cond: ((k >= 3818532) AND (k <= 3818632))

explain: for range-notcovered :: explain SELECT k, c FROM sbtest%d WHERE k BETWEEN 4209613 AND 4209713
for range-notcovered
table 1 : explain SELECT k, c FROM sbtest1 WHERE k BETWEEN 5046403 AND 5046503
	Bitmap Heap Scan on sbtest1  (cost=5.63..468.40 rows=117 width=125)
	  Recheck Cond: ((k >= 5046403) AND (k <= 5046503))
	  ->  Bitmap Index Scan on k_1  (cost=0.00..5.60 rows=117 width=0)
	        Index Cond: ((k >= 5046403) AND (k <= 5046503))

table 2 : explain SELECT k, c FROM sbtest2 WHERE k BETWEEN 5046403 AND 5046503
	Bitmap Heap Scan on sbtest2  (cost=5.49..413.29 rows=103 width=125)
	  Recheck Cond: ((k >= 5046403) AND (k <= 5046503))
	  ->  Bitmap Index Scan on k_2  (cost=0.00..5.46 rows=103 width=0)
	        Index Cond: ((k >= 5046403) AND (k <= 5046503))

table 3 : explain SELECT k, c FROM sbtest3 WHERE k BETWEEN 5046403 AND 5046503
	Bitmap Heap Scan on sbtest3  (cost=5.59..452.69 rows=113 width=125)
	  Recheck Cond: ((k >= 5046403) AND (k <= 5046503))
	  ->  Bitmap Index Scan on k_3  (cost=0.00..5.56 rows=113 width=0)
	        Index Cond: ((k >= 5046403) AND (k <= 5046503))

table 4 : explain SELECT k, c FROM sbtest4 WHERE k BETWEEN 5046403 AND 5046503
	Bitmap Heap Scan on sbtest4  (cost=5.43..389.66 rows=97 width=125)
	  Recheck Cond: ((k >= 5046403) AND (k <= 5046503))
	  ->  Bitmap Index Scan on k_4  (cost=0.00..5.40 rows=97 width=0)
	        Index Cond: ((k >= 5046403) AND (k <= 5046503))

table 5 : explain SELECT k, c FROM sbtest5 WHERE k BETWEEN 5046403 AND 5046503
	Bitmap Heap Scan on sbtest5  (cost=5.54..433.03 rows=108 width=125)
	  Recheck Cond: ((k >= 5046403) AND (k <= 5046503))
	  ->  Bitmap Index Scan on k_5  (cost=0.00..5.51 rows=108 width=0)
	        Index Cond: ((k >= 5046403) AND (k <= 5046503))

table 6 : explain SELECT k, c FROM sbtest6 WHERE k BETWEEN 5046403 AND 5046503
	Bitmap Heap Scan on sbtest6  (cost=5.45..397.58 rows=99 width=125)
	  Recheck Cond: ((k >= 5046403) AND (k <= 5046503))
	  ->  Bitmap Index Scan on k_6  (cost=0.00..5.42 rows=99 width=0)
	        Index Cond: ((k >= 5046403) AND (k <= 5046503))

table 7 : explain SELECT k, c FROM sbtest7 WHERE k BETWEEN 5046403 AND 5046503
	Bitmap Heap Scan on sbtest7  (cost=5.47..405.46 rows=101 width=125)
	  Recheck Cond: ((k >= 5046403) AND (k <= 5046503))
	  ->  Bitmap Index Scan on k_7  (cost=0.00..5.44 rows=101 width=0)
	        Index Cond: ((k >= 5046403) AND (k <= 5046503))

table 8 : explain SELECT k, c FROM sbtest8 WHERE k BETWEEN 5046403 AND 5046503
	Bitmap Heap Scan on sbtest8  (cost=5.44..393.63 rows=98 width=125)
	  Recheck Cond: ((k >= 5046403) AND (k <= 5046503))
	  ->  Bitmap Index Scan on k_8  (cost=0.00..5.42 rows=98 width=0)
	        Index Cond: ((k >= 5046403) AND (k <= 5046503))

explain: for range-notcovered :: explain SELECT k, c FROM sbtest%d WHERE k BETWEEN 2814015 AND 2814115


for range-notcovered
table 1 : explain SELECT k, c FROM sbtest1 WHERE k BETWEEN 2326923 AND 2327023
	Bitmap Heap Scan on sbtest1  (cost=5.32..346.20 rows=86 width=125)
	  Recheck Cond: ((k >= 2326923) AND (k <= 2327023))
	  ->  Bitmap Index Scan on k_1  (cost=0.00..5.29 rows=86 width=0)
	        Index Cond: ((k >= 2326923) AND (k <= 2327023))

table 2 : explain SELECT k, c FROM sbtest2 WHERE k BETWEEN 2326923 AND 2327023
	Bitmap Heap Scan on sbtest2  (cost=5.59..452.69 rows=113 width=125)
	  Recheck Cond: ((k >= 2326923) AND (k <= 2327023))
	  ->  Bitmap Index Scan on k_2  (cost=0.00..5.56 rows=113 width=0)
	        Index Cond: ((k >= 2326923) AND (k <= 2327023))

table 3 : explain SELECT k, c FROM sbtest3 WHERE k BETWEEN 2326923 AND 2327023
	Bitmap Heap Scan on sbtest3  (cost=5.42..385.70 rows=96 width=125)
	  Recheck Cond: ((k >= 2326923) AND (k <= 2327023))
	  ->  Bitmap Index Scan on k_3  (cost=0.00..5.39 rows=96 width=0)
	        Index Cond: ((k >= 2326923) AND (k <= 2327023))

table 4 : explain SELECT k, c FROM sbtest4 WHERE k BETWEEN 2326923 AND 2327023
	Bitmap Heap Scan on sbtest4  (cost=5.41..381.77 rows=95 width=125)
	  Recheck Cond: ((k >= 2326923) AND (k <= 2327023))
	  ->  Bitmap Index Scan on k_4  (cost=0.00..5.38 rows=95 width=0)
	        Index Cond: ((k >= 2326923) AND (k <= 2327023))

table 5 : explain SELECT k, c FROM sbtest5 WHERE k BETWEEN 2326923 AND 2327023
	Bitmap Heap Scan on sbtest5  (cost=5.55..436.97 rows=109 width=125)
	  Recheck Cond: ((k >= 2326923) AND (k <= 2327023))
	  ->  Bitmap Index Scan on k_5  (cost=0.00..5.52 rows=109 width=0)
	        Index Cond: ((k >= 2326923) AND (k <= 2327023))

table 6 : explain SELECT k, c FROM sbtest6 WHERE k BETWEEN 2326923 AND 2327023
	Bitmap Heap Scan on sbtest6  (cost=5.53..429.12 rows=107 width=125)
	  Recheck Cond: ((k >= 2326923) AND (k <= 2327023))
	  ->  Bitmap Index Scan on k_6  (cost=0.00..5.50 rows=107 width=0)
	        Index Cond: ((k >= 2326923) AND (k <= 2327023))

table 7 : explain SELECT k, c FROM sbtest7 WHERE k BETWEEN 2326923 AND 2327023
	Bitmap Heap Scan on sbtest7  (cost=5.45..397.58 rows=99 width=125)
	  Recheck Cond: ((k >= 2326923) AND (k <= 2327023))
	  ->  Bitmap Index Scan on k_7  (cost=0.00..5.42 rows=99 width=0)
	        Index Cond: ((k >= 2326923) AND (k <= 2327023))

table 8 : explain SELECT k, c FROM sbtest8 WHERE k BETWEEN 2326923 AND 2327023
	Bitmap Heap Scan on sbtest8  (cost=5.44..393.63 rows=98 width=125)
	  Recheck Cond: ((k >= 2326923) AND (k <= 2327023))
	  ->  Bitmap Index Scan on k_8  (cost=0.00..5.42 rows=98 width=0)
	        Index Cond: ((k >= 2326923) AND (k <= 2327023))

for range-notcovered
table 1 : explain SELECT k, c FROM sbtest1 WHERE k BETWEEN 2168939 AND 2169039
	Bitmap Heap Scan on sbtest1  (cost=5.36..361.99 rows=90 width=125)
	  Recheck Cond: ((k >= 2168939) AND (k <= 2169039))
	  ->  Bitmap Index Scan on k_1  (cost=0.00..5.33 rows=90 width=0)
	        Index Cond: ((k >= 2168939) AND (k <= 2169039))

table 2 : explain SELECT k, c FROM sbtest2 WHERE k BETWEEN 2168939 AND 2169039
	Bitmap Heap Scan on sbtest2  (cost=5.44..393.58 rows=98 width=125)
	  Recheck Cond: ((k >= 2168939) AND (k <= 2169039))
	  ->  Bitmap Index Scan on k_2  (cost=0.00..5.42 rows=98 width=0)
	        Index Cond: ((k >= 2168939) AND (k <= 2169039))

table 3 : explain SELECT k, c FROM sbtest3 WHERE k BETWEEN 2168939 AND 2169039
	Bitmap Heap Scan on sbtest3  (cost=5.58..448.76 rows=112 width=125)
	  Recheck Cond: ((k >= 2168939) AND (k <= 2169039))
	  ->  Bitmap Index Scan on k_3  (cost=0.00..5.55 rows=112 width=0)
	        Index Cond: ((k >= 2168939) AND (k <= 2169039))

table 4 : explain SELECT k, c FROM sbtest4 WHERE k BETWEEN 2168939 AND 2169039
	Bitmap Heap Scan on sbtest4  (cost=5.41..381.77 rows=95 width=125)
	  Recheck Cond: ((k >= 2168939) AND (k <= 2169039))
	  ->  Bitmap Index Scan on k_4  (cost=0.00..5.38 rows=95 width=0)
	        Index Cond: ((k >= 2168939) AND (k <= 2169039))

table 5 : explain SELECT k, c FROM sbtest5 WHERE k BETWEEN 2168939 AND 2169039
	Bitmap Heap Scan on sbtest5  (cost=5.52..425.15 rows=106 width=125)
	  Recheck Cond: ((k >= 2168939) AND (k <= 2169039))
	  ->  Bitmap Index Scan on k_5  (cost=0.00..5.50 rows=106 width=0)
	        Index Cond: ((k >= 2168939) AND (k <= 2169039))

table 6 : explain SELECT k, c FROM sbtest6 WHERE k BETWEEN 2168939 AND 2169039
	Bitmap Heap Scan on sbtest6  (cost=5.57..444.88 rows=111 width=125)
	  Recheck Cond: ((k >= 2168939) AND (k <= 2169039))
	  ->  Bitmap Index Scan on k_6  (cost=0.00..5.54 rows=111 width=0)
	        Index Cond: ((k >= 2168939) AND (k <= 2169039))

table 7 : explain SELECT k, c FROM sbtest7 WHERE k BETWEEN 2168939 AND 2169039
	Bitmap Heap Scan on sbtest7  (cost=5.53..429.12 rows=107 width=125)
	  Recheck Cond: ((k >= 2168939) AND (k <= 2169039))
	  ->  Bitmap Index Scan on k_7  (cost=0.00..5.50 rows=107 width=0)
	        Index Cond: ((k >= 2168939) AND (k <= 2169039))

table 8 : explain SELECT k, c FROM sbtest8 WHERE k BETWEEN 2168939 AND 2169039
	Bitmap Heap Scan on sbtest8  (cost=5.61..460.63 rows=115 width=125)
	  Recheck Cond: ((k >= 2168939) AND (k <= 2169039))
	  ->  Bitmap Index Scan on k_8  (cost=0.00..5.58 rows=115 width=0)
	        Index Cond: ((k >= 2168939) AND (k <= 2169039))





for range-notcovered
table 1 : explain SELECT k, c FROM sbtest1 WHERE k BETWEEN 5409911 AND 5410011
	Bitmap Heap Scan on sbtest1  (cost=5.58..448.71 rows=112 width=125)
	  Recheck Cond: ((k >= 5409911) AND (k <= 5410011))
	  ->  Bitmap Index Scan on k_1  (cost=0.00..5.55 rows=112 width=0)
	        Index Cond: ((k >= 5409911) AND (k <= 5410011))

table 2 : explain SELECT k, c FROM sbtest2 WHERE k BETWEEN 5409911 AND 5410011
	Bitmap Heap Scan on sbtest2  (cost=5.46..401.47 rows=100 width=125)
	  Recheck Cond: ((k >= 5409911) AND (k <= 5410011))
	  ->  Bitmap Index Scan on k_2  (cost=0.00..5.43 rows=100 width=0)
	        Index Cond: ((k >= 5409911) AND (k <= 5410011))

table 3 : explain SELECT k, c FROM sbtest3 WHERE k BETWEEN 5409911 AND 5410011
	Bitmap Heap Scan on sbtest3  (cost=5.49..413.30 rows=103 width=125)
	  Recheck Cond: ((k >= 5409911) AND (k <= 5410011))
	  ->  Bitmap Index Scan on k_3  (cost=0.00..5.46 rows=103 width=0)
	        Index Cond: ((k >= 5409911) AND (k <= 5410011))

table 4 : explain SELECT k, c FROM sbtest4 WHERE k BETWEEN 5409911 AND 5410011
	Bitmap Heap Scan on sbtest4  (cost=5.49..413.32 rows=103 width=125)
	  Recheck Cond: ((k >= 5409911) AND (k <= 5410011))
	  ->  Bitmap Index Scan on k_4  (cost=0.00..5.46 rows=103 width=0)
	        Index Cond: ((k >= 5409911) AND (k <= 5410011))

table 5 : explain SELECT k, c FROM sbtest5 WHERE k BETWEEN 5409911 AND 5410011
	Bitmap Heap Scan on sbtest5  (cost=5.47..405.44 rows=101 width=125)
	  Recheck Cond: ((k >= 5409911) AND (k <= 5410011))
	  ->  Bitmap Index Scan on k_5  (cost=0.00..5.44 rows=101 width=0)
	        Index Cond: ((k >= 5409911) AND (k <= 5410011))

table 6 : explain SELECT k, c FROM sbtest6 WHERE k BETWEEN 5409911 AND 5410011
	Bitmap Heap Scan on sbtest6  (cost=5.54..433.06 rows=108 width=125)
	  Recheck Cond: ((k >= 5409911) AND (k <= 5410011))
	  ->  Bitmap Index Scan on k_6  (cost=0.00..5.51 rows=108 width=0)
	        Index Cond: ((k >= 5409911) AND (k <= 5410011))

table 7 : explain SELECT k, c FROM sbtest7 WHERE k BETWEEN 5409911 AND 5410011
	Bitmap Heap Scan on sbtest7  (cost=5.56..440.94 rows=110 width=125)
	  Recheck Cond: ((k >= 5409911) AND (k <= 5410011))
	  ->  Bitmap Index Scan on k_7  (cost=0.00..5.53 rows=110 width=0)
	        Index Cond: ((k >= 5409911) AND (k <= 5410011))

table 8 : explain SELECT k, c FROM sbtest8 WHERE k BETWEEN 5409911 AND 5410011
	Bitmap Heap Scan on sbtest8  (cost=5.42..385.74 rows=96 width=125)
	  Recheck Cond: ((k >= 5409911) AND (k <= 5410011))
	  ->  Bitmap Index Scan on k_8  (cost=0.00..5.39 rows=96 width=0)
	        Index Cond: ((k >= 5409911) AND (k <= 5410011))

for range-notcovered
table 1 : explain SELECT k, c FROM sbtest1 WHERE k BETWEEN 4276750 AND 4276850
	Bitmap Heap Scan on sbtest1  (cost=5.43..389.61 rows=97 width=125)
	  Recheck Cond: ((k >= 4276750) AND (k <= 4276850))
	  ->  Bitmap Index Scan on k_1  (cost=0.00..5.40 rows=97 width=0)
	        Index Cond: ((k >= 4276750) AND (k <= 4276850))

table 2 : explain SELECT k, c FROM sbtest2 WHERE k BETWEEN 4276750 AND 4276850
	Bitmap Heap Scan on sbtest2  (cost=5.51..421.18 rows=105 width=125)
	  Recheck Cond: ((k >= 4276750) AND (k <= 4276850))
	  ->  Bitmap Index Scan on k_2  (cost=0.00..5.48 rows=105 width=0)
	        Index Cond: ((k >= 4276750) AND (k <= 4276850))

table 3 : explain SELECT k, c FROM sbtest3 WHERE k BETWEEN 4276750 AND 4276850
	Bitmap Heap Scan on sbtest3  (cost=5.40..377.81 rows=94 width=125)
	  Recheck Cond: ((k >= 4276750) AND (k <= 4276850))
	  ->  Bitmap Index Scan on k_3  (cost=0.00..5.38 rows=94 width=0)
	        Index Cond: ((k >= 4276750) AND (k <= 4276850))

table 4 : explain SELECT k, c FROM sbtest4 WHERE k BETWEEN 4276750 AND 4276850
	Bitmap Heap Scan on sbtest4  (cost=5.51..421.21 rows=105 width=125)
	  Recheck Cond: ((k >= 4276750) AND (k <= 4276850))
	  ->  Bitmap Index Scan on k_4  (cost=0.00..5.48 rows=105 width=0)
	        Index Cond: ((k >= 4276750) AND (k <= 4276850))

table 5 : explain SELECT k, c FROM sbtest5 WHERE k BETWEEN 4276750 AND 4276850
	Bitmap Heap Scan on sbtest5  (cost=5.55..436.97 rows=109 width=125)
	  Recheck Cond: ((k >= 4276750) AND (k <= 4276850))
	  ->  Bitmap Index Scan on k_5  (cost=0.00..5.52 rows=109 width=0)
	        Index Cond: ((k >= 4276750) AND (k <= 4276850))

table 6 : explain SELECT k, c FROM sbtest6 WHERE k BETWEEN 4276750 AND 4276850
	Bitmap Heap Scan on sbtest6  (cost=5.50..417.29 rows=104 width=125)
	  Recheck Cond: ((k >= 4276750) AND (k <= 4276850))
	  ->  Bitmap Index Scan on k_6  (cost=0.00..5.47 rows=104 width=0)
	        Index Cond: ((k >= 4276750) AND (k <= 4276850))

table 7 : explain SELECT k, c FROM sbtest7 WHERE k BETWEEN 4276750 AND 4276850
	Bitmap Heap Scan on sbtest7  (cost=5.46..401.52 rows=100 width=125)
	  Recheck Cond: ((k >= 4276750) AND (k <= 4276850))
	  ->  Bitmap Index Scan on k_7  (cost=0.00..5.43 rows=100 width=0)
	        Index Cond: ((k >= 4276750) AND (k <= 4276850))

table 8 : explain SELECT k, c FROM sbtest8 WHERE k BETWEEN 4276750 AND 4276850
	Bitmap Heap Scan on sbtest8  (cost=5.57..444.88 rows=111 width=125)
	  Recheck Cond: ((k >= 4276750) AND (k <= 4276850))
	  ->  Bitmap Index Scan on k_8  (cost=0.00..5.54 rows=111 width=0)
	        Index Cond: ((k >= 4276750) AND (k <= 4276850))

explain: for range-notcovered :: explain SELECT k, c FROM sbtest%d WHERE k BETWEEN 3701523 AND 3701623explain: for range-notcovered :: explain SELECT k, c FROM sbtest%d WHERE k BETWEEN 2326923 AND 2327023
explain: for range-notcovered :: explain SELECT k, c FROM sbtest%d WHERE k BETWEEN 6479038 AND 6479138
for range-notcovered
table 1 : explain SELECT k, c FROM sbtest1 WHERE k BETWEEN 6724376 AND 6724476
	Bitmap Heap Scan on sbtest1  (cost=5.51..421.14 rows=105 width=125)
	  Recheck Cond: ((k >= 6724376) AND (k <= 6724476))
	  ->  Bitmap Index Scan on k_1  (cost=0.00..5.48 rows=105 width=0)
	        Index Cond: ((k >= 6724376) AND (k <= 6724476))

table 2 : explain SELECT k, c FROM sbtest2 WHERE k BETWEEN 6724376 AND 6724476
	Bitmap Heap Scan on sbtest2  (cost=5.44..393.58 rows=98 width=125)
	  Recheck Cond: ((k >= 6724376) AND (k <= 6724476))
	  ->  Bitmap Index Scan on k_2  (cost=0.00..5.42 rows=98 width=0)
	        Index Cond: ((k >= 6724376) AND (k <= 6724476))

table 3 : explain SELECT k, c FROM sbtest3 WHERE k BETWEEN 6724376 AND 6724476
	Bitmap Heap Scan on sbtest3  (cost=5.50..417.24 rows=104 width=125)
	  Recheck Cond: ((k >= 6724376) AND (k <= 6724476))
	  ->  Bitmap Index Scan on k_3  (cost=0.00..5.47 rows=104 width=0)
	        Index Cond: ((k >= 6724376) AND (k <= 6724476))

table 4 : explain SELECT k, c FROM sbtest4 WHERE k BETWEEN 6724376 AND 6724476
	Bitmap Heap Scan on sbtest4  (cost=5.42..385.72 rows=96 width=125)
	  Recheck Cond: ((k >= 6724376) AND (k <= 6724476))
	  ->  Bitmap Index Scan on k_4  (cost=0.00..5.39 rows=96 width=0)
	        Index Cond: ((k >= 6724376) AND (k <= 6724476))

table 5 : explain SELECT k, c FROM sbtest5 WHERE k BETWEEN 6724376 AND 6724476
	Bitmap Heap Scan on sbtest5  (cost=5.47..405.44 rows=101 width=125)
	  Recheck Cond: ((k >= 6724376) AND (k <= 6724476))
	  ->  Bitmap Index Scan on k_5  (cost=0.00..5.44 rows=101 width=0)
	        Index Cond: ((k >= 6724376) AND (k <= 6724476))

table 6 : explain SELECT k, c FROM sbtest6 WHERE k BETWEEN 6724376 AND 6724476
	Bitmap Heap Scan on sbtest6  (cost=5.51..421.24 rows=105 width=125)
	  Recheck Cond: ((k >= 6724376) AND (k <= 6724476))
	  ->  Bitmap Index Scan on k_6  (cost=0.00..5.48 rows=105 width=0)
	        Index Cond: ((k >= 6724376) AND (k <= 6724476))

table 7 : explain SELECT k, c FROM sbtest7 WHERE k BETWEEN 6724376 AND 6724476
	Bitmap Heap Scan on sbtest7  (cost=5.46..401.52 rows=100 width=125)
	  Recheck Cond: ((k >= 6724376) AND (k <= 6724476))
	  ->  Bitmap Index Scan on k_7  (cost=0.00..5.43 rows=100 width=0)
	        Index Cond: ((k >= 6724376) AND (k <= 6724476))

table 8 : explain SELECT k, c FROM sbtest8 WHERE k BETWEEN 6724376 AND 6724476
	Bitmap Heap Scan on sbtest8  (cost=5.53..429.12 rows=107 width=125)
	  Recheck Cond: ((k >= 6724376) AND (k <= 6724476))
	  ->  Bitmap Index Scan on k_8  (cost=0.00..5.50 rows=107 width=0)
	        Index Cond: ((k >= 6724376) AND (k <= 6724476))
explain: for range-notcovered :: explain SELECT k, c FROM sbtest%d WHERE k BETWEEN 5409911 AND 5410011explain: for range-notcovered :: explain SELECT k, c FROM sbtest%d WHERE k BETWEEN 231832 AND 231932
explain: for range-notcovered :: explain SELECT k, c FROM sbtest%d WHERE k BETWEEN 4276750 AND 4276850
for range-notcovered
table 1 : explain SELECT k, c FROM sbtest1 WHERE k BETWEEN 1917812 AND 1917912
	Bitmap Heap Scan on sbtest1  (cost=5.51..421.14 rows=105 width=125)
	  Recheck Cond: ((k >= 1917812) AND (k <= 1917912))
	  ->  Bitmap Index Scan on k_1  (cost=0.00..5.48 rows=105 width=0)
	        Index Cond: ((k >= 1917812) AND (k <= 1917912))

table 2 : explain SELECT k, c FROM sbtest2 WHERE k BETWEEN 1917812 AND 1917912
	Bitmap Heap Scan on sbtest2  (cost=5.41..381.75 rows=95 width=125)
	  Recheck Cond: ((k >= 1917812) AND (k <= 1917912))
	  ->  Bitmap Index Scan on k_2  (cost=0.00..5.38 rows=95 width=0)
	        Index Cond: ((k >= 1917812) AND (k <= 1917912))

table 3 : explain SELECT k, c FROM sbtest3 WHERE k BETWEEN 1917812 AND 1917912
	Bitmap Heap Scan on sbtest3  (cost=5.42..385.70 rows=96 width=125)
	  Recheck Cond: ((k >= 1917812) AND (k <= 1917912))
	  ->  Bitmap Index Scan on k_3  (cost=0.00..5.39 rows=96 width=0)
	        Index Cond: ((k >= 1917812) AND (k <= 1917912))

table 4 : explain SELECT k, c FROM sbtest4 WHERE k BETWEEN 1917812 AND 1917912
	Bitmap Heap Scan on sbtest4  (cost=5.49..413.32 rows=103 width=125)
	  Recheck Cond: ((k >= 1917812) AND (k <= 1917912))
	  ->  Bitmap Index Scan on k_4  (cost=0.00..5.46 rows=103 width=0)
	        Index Cond: ((k >= 1917812) AND (k <= 1917912))

table 5 : explain SELECT k, c FROM sbtest5 WHERE k BETWEEN 1917812 AND 1917912
	Bitmap Heap Scan on sbtest5  (cost=5.44..393.61 rows=98 width=125)
	  Recheck Cond: ((k >= 1917812) AND (k <= 1917912))
	  ->  Bitmap Index Scan on k_5  (cost=0.00..5.42 rows=98 width=0)
	        Index Cond: ((k >= 1917812) AND (k <= 1917912))

table 6 : explain SELECT k, c FROM sbtest6 WHERE k BETWEEN 1917812 AND 1917912
	Bitmap Heap Scan on sbtest6  (cost=5.49..413.35 rows=103 width=125)
	  Recheck Cond: ((k >= 1917812) AND (k <= 1917912))
	  ->  Bitmap Index Scan on k_6  (cost=0.00..5.46 rows=103 width=0)
	        Index Cond: ((k >= 1917812) AND (k <= 1917912))

table 7 : explain SELECT k, c FROM sbtest7 WHERE k BETWEEN 1917812 AND 1917912
	Bitmap Heap Scan on sbtest7  (cost=5.50..417.29 rows=104 width=125)
	  Recheck Cond: ((k >= 1917812) AND (k <= 1917912))
	  ->  Bitmap Index Scan on k_7  (cost=0.00..5.47 rows=104 width=0)
	        Index Cond: ((k >= 1917812) AND (k <= 1917912))

table 8 : explain SELECT k, c FROM sbtest8 WHERE k BETWEEN 1917812 AND 1917912
	Bitmap Heap Scan on sbtest8  (cost=5.60..456.70 rows=114 width=125)
	  Recheck Cond: ((k >= 1917812) AND (k <= 1917912))
	  ->  Bitmap Index Scan on k_8  (cost=0.00..5.58 rows=114 width=0)
	        Index Cond: ((k >= 1917812) AND (k <= 1917912))

explain: for range-notcovered :: explain SELECT k, c FROM sbtest%d WHERE k BETWEEN 3169993 AND 3170093
explain: for range-notcovered :: explain SELECT k, c FROM sbtest%d WHERE k BETWEEN 2168939 AND 2169039
for range-notcovered
table 1 : explain SELECT k, c FROM sbtest1 WHERE k BETWEEN 2722345 AND 2722445
	Bitmap Heap Scan on sbtest1  (cost=5.55..436.90 rows=109 width=125)
	  Recheck Cond: ((k >= 2722345) AND (k <= 2722445))
	  ->  Bitmap Index Scan on k_1  (cost=0.00..5.52 rows=109 width=0)
	        Index Cond: ((k >= 2722345) AND (k <= 2722445))

table 2 : explain SELECT k, c FROM sbtest2 WHERE k BETWEEN 2722345 AND 2722445
	Bitmap Heap Scan on sbtest2  (cost=5.51..421.18 rows=105 width=125)
	  Recheck Cond: ((k >= 2722345) AND (k <= 2722445))
	  ->  Bitmap Index Scan on k_2  (cost=0.00..5.48 rows=105 width=0)
	        Index Cond: ((k >= 2722345) AND (k <= 2722445))

table 3 : explain SELECT k, c FROM sbtest3 WHERE k BETWEEN 2722345 AND 2722445
	Bitmap Heap Scan on sbtest3  (cost=5.48..409.36 rows=102 width=125)
	  Recheck Cond: ((k >= 2722345) AND (k <= 2722445))
	  ->  Bitmap Index Scan on k_3  (cost=0.00..5.45 rows=102 width=0)
	        Index Cond: ((k >= 2722345) AND (k <= 2722445))

table 4 : explain SELECT k, c FROM sbtest4 WHERE k BETWEEN 2722345 AND 2722445
	Bitmap Heap Scan on sbtest4  (cost=5.48..409.38 rows=102 width=125)
	  Recheck Cond: ((k >= 2722345) AND (k <= 2722445))
	  ->  Bitmap Index Scan on k_4  (cost=0.00..5.45 rows=102 width=0)
	        Index Cond: ((k >= 2722345) AND (k <= 2722445))

table 5 : explain SELECT k, c FROM sbtest5 WHERE k BETWEEN 2722345 AND 2722445
	Bitmap Heap Scan on sbtest5  (cost=5.52..425.15 rows=106 width=125)
	  Recheck Cond: ((k >= 2722345) AND (k <= 2722445))
	  ->  Bitmap Index Scan on k_5  (cost=0.00..5.50 rows=106 width=0)
	        Index Cond: ((k >= 2722345) AND (k <= 2722445))

table 6 : explain SELECT k, c FROM sbtest6 WHERE k BETWEEN 2722345 AND 2722445
	Bitmap Heap Scan on sbtest6  (cost=5.51..421.24 rows=105 width=125)
	  Recheck Cond: ((k >= 2722345) AND (k <= 2722445))
	  ->  Bitmap Index Scan on k_6  (cost=0.00..5.48 rows=105 width=0)
	        Index Cond: ((k >= 2722345) AND (k <= 2722445))

table 7 : explain SELECT k, c FROM sbtest7 WHERE k BETWEEN 2722345 AND 2722445
	Bitmap Heap Scan on sbtest7  (cost=5.41..381.80 rows=95 width=125)
	  Recheck Cond: ((k >= 2722345) AND (k <= 2722445))
	  ->  Bitmap Index Scan on k_7  (cost=0.00..5.38 rows=95 width=0)
	        Index Cond: ((k >= 2722345) AND (k <= 2722445))

table 8 : explain SELECT k, c FROM sbtest8 WHERE k BETWEEN 2722345 AND 2722445
	Bitmap Heap Scan on sbtest8  (cost=5.43..389.69 rows=97 width=125)
	  Recheck Cond: ((k >= 2722345) AND (k <= 2722445))
	  ->  Bitmap Index Scan on k_8  (cost=0.00..5.40 rows=97 width=0)
	        Index Cond: ((k >= 2722345) AND (k <= 2722445))

for range-notcovered
table 1 : explain SELECT k, c FROM sbtest1 WHERE k BETWEEN 3569640 AND 3569740
	Bitmap Heap Scan on sbtest1  (cost=5.49..413.26 rows=103 width=125)
	  Recheck Cond: ((k >= 3569640) AND (k <= 3569740))
	  ->  Bitmap Index Scan on k_1  (cost=0.00..5.46 rows=103 width=0)
	        Index Cond: ((k >= 3569640) AND (k <= 3569740))

table 2 : explain SELECT k, c FROM sbtest2 WHERE k BETWEEN 3569640 AND 3569740
	Bitmap Heap Scan on sbtest2  (cost=5.54..433.00 rows=108 width=125)
	  Recheck Cond: ((k >= 3569640) AND (k <= 3569740))
	  ->  Bitmap Index Scan on k_2  (cost=0.00..5.51 rows=108 width=0)
	        Index Cond: ((k >= 3569640) AND (k <= 3569740))

table 3 : explain SELECT k, c FROM sbtest3 WHERE k BETWEEN 3569640 AND 3569740
	Bitmap Heap Scan on sbtest3  (cost=5.44..393.58 rows=98 width=125)
	  Recheck Cond: ((k >= 3569640) AND (k <= 3569740))
	  ->  Bitmap Index Scan on k_3  (cost=0.00..5.42 rows=98 width=0)
	        Index Cond: ((k >= 3569640) AND (k <= 3569740))

table 4 : explain SELECT k, c FROM sbtest4 WHERE k BETWEEN 3569640 AND 3569740
	Bitmap Heap Scan on sbtest4  (cost=5.47..405.44 rows=101 width=125)
	  Recheck Cond: ((k >= 3569640) AND (k <= 3569740))
	  ->  Bitmap Index Scan on k_4  (cost=0.00..5.44 rows=101 width=0)
	        Index Cond: ((k >= 3569640) AND (k <= 3569740))

table 5 : explain SELECT k, c FROM sbtest5 WHERE k BETWEEN 3569640 AND 3569740
	Bitmap Heap Scan on sbtest5  (cost=5.46..401.50 rows=100 width=125)
	  Recheck Cond: ((k >= 3569640) AND (k <= 3569740))
	  ->  Bitmap Index Scan on k_5  (cost=0.00..5.43 rows=100 width=0)
	        Index Cond: ((k >= 3569640) AND (k <= 3569740))

table 6 : explain SELECT k, c FROM sbtest6 WHERE k BETWEEN 3569640 AND 3569740
	Bitmap Heap Scan on sbtest6  (cost=5.46..401.52 rows=100 width=125)
	  Recheck Cond: ((k >= 3569640) AND (k <= 3569740))
	  ->  Bitmap Index Scan on k_6  (cost=0.00..5.43 rows=100 width=0)
	        Index Cond: ((k >= 3569640) AND (k <= 3569740))

table 7 : explain SELECT k, c FROM sbtest7 WHERE k BETWEEN 3569640 AND 3569740
	Bitmap Heap Scan on sbtest7  (cost=5.45..397.58 rows=99 width=125)
	  Recheck Cond: ((k >= 3569640) AND (k <= 3569740))
	  ->  Bitmap Index Scan on k_7  (cost=0.00..5.42 rows=99 width=0)
	        Index Cond: ((k >= 3569640) AND (k <= 3569740))

table 8 : explain SELECT k, c FROM sbtest8 WHERE k BETWEEN 3569640 AND 3569740
	Bitmap Heap Scan on sbtest8  (cost=5.48..409.41 rows=102 width=125)
	  Recheck Cond: ((k >= 3569640) AND (k <= 3569740))
	  ->  Bitmap Index Scan on k_8  (cost=0.00..5.45 rows=102 width=0)
	        Index Cond: ((k >= 3569640) AND (k <= 3569740))


for range-notcovered
table 1 : explain SELECT k, c FROM sbtest1 WHERE k BETWEEN 4989850 AND 4989950
	Bitmap Heap Scan on sbtest1  (cost=5.57..444.78 rows=111 width=125)
	  Recheck Cond: ((k >= 4989850) AND (k <= 4989950))
	  ->  Bitmap Index Scan on k_1  (cost=0.00..5.54 rows=111 width=0)
	        Index Cond: ((k >= 4989850) AND (k <= 4989950))

table 2 : explain SELECT k, c FROM sbtest2 WHERE k BETWEEN 4989850 AND 4989950
	Bitmap Heap Scan on sbtest2  (cost=5.49..413.29 rows=103 width=125)
	  Recheck Cond: ((k >= 4989850) AND (k <= 4989950))
	  ->  Bitmap Index Scan on k_2  (cost=0.00..5.46 rows=103 width=0)
	        Index Cond: ((k >= 4989850) AND (k <= 4989950))

table 3 : explain SELECT k, c FROM sbtest3 WHERE k BETWEEN 4989850 AND 4989950
	Bitmap Heap Scan on sbtest3  (cost=5.51..421.18 rows=105 width=125)
	  Recheck Cond: ((k >= 4989850) AND (k <= 4989950))
	  ->  Bitmap Index Scan on k_3  (cost=0.00..5.48 rows=105 width=0)
	        Index Cond: ((k >= 4989850) AND (k <= 4989950))

table 4 : explain SELECT k, c FROM sbtest4 WHERE k BETWEEN 4989850 AND 4989950
	Bitmap Heap Scan on sbtest4  (cost=5.43..389.66 rows=97 width=125)
	  Recheck Cond: ((k >= 4989850) AND (k <= 4989950))
	  ->  Bitmap Index Scan on k_4  (cost=0.00..5.40 rows=97 width=0)
	        Index Cond: ((k >= 4989850) AND (k <= 4989950))

table 5 : explain SELECT k, c FROM sbtest5 WHERE k BETWEEN 4989850 AND 4989950
	Bitmap Heap Scan on sbtest5  (cost=5.54..433.03 rows=108 width=125)
	  Recheck Cond: ((k >= 4989850) AND (k <= 4989950))
	  ->  Bitmap Index Scan on k_5  (cost=0.00..5.51 rows=108 width=0)
	        Index Cond: ((k >= 4989850) AND (k <= 4989950))

table 6 : explain SELECT k, c FROM sbtest6 WHERE k BETWEEN 4989850 AND 4989950
	Bitmap Heap Scan on sbtest6  (cost=5.45..397.58 rows=99 width=125)
	  Recheck Cond: ((k >= 4989850) AND (k <= 4989950))
	  ->  Bitmap Index Scan on k_6  (cost=0.00..5.42 rows=99 width=0)
	        Index Cond: ((k >= 4989850) AND (k <= 4989950))

table 7 : explain SELECT k, c FROM sbtest7 WHERE k BETWEEN 4989850 AND 4989950
	Bitmap Heap Scan on sbtest7  (cost=5.48..409.41 rows=102 width=125)
	  Recheck Cond: ((k >= 4989850) AND (k <= 4989950))
	  ->  Bitmap Index Scan on k_7  (cost=0.00..5.45 rows=102 width=0)
	        Index Cond: ((k >= 4989850) AND (k <= 4989950))

table 8 : explain SELECT k, c FROM sbtest8 WHERE k BETWEEN 4989850 AND 4989950
	Bitmap Heap Scan on sbtest8  (cost=5.42..385.74 rows=96 width=125)
	  Recheck Cond: ((k >= 4989850) AND (k <= 4989950))
	  ->  Bitmap Index Scan on k_8  (cost=0.00..5.39 rows=96 width=0)
	        Index Cond: ((k >= 4989850) AND (k <= 4989950))

for range-notcovered
table 1 : explain SELECT k, c FROM sbtest1 WHERE k BETWEEN 1500845 AND 1500945
	Bitmap Heap Scan on sbtest1  (cost=5.53..429.02 rows=107 width=125)
	  Recheck Cond: ((k >= 1500845) AND (k <= 1500945))
	  ->  Bitmap Index Scan on k_1  (cost=0.00..5.50 rows=107 width=0)
	        Index Cond: ((k >= 1500845) AND (k <= 1500945))

table 2 : explain SELECT k, c FROM sbtest2 WHERE k BETWEEN 1500845 AND 1500945
	Bitmap Heap Scan on sbtest2  (cost=5.52..425.12 rows=106 width=125)
	  Recheck Cond: ((k >= 1500845) AND (k <= 1500945))
	  ->  Bitmap Index Scan on k_2  (cost=0.00..5.50 rows=106 width=0)
	        Index Cond: ((k >= 1500845) AND (k <= 1500945))

table 3 : explain SELECT k, c FROM sbtest3 WHERE k BETWEEN 1500845 AND 1500945
	Bitmap Heap Scan on sbtest3  (cost=5.52..425.12 rows=106 width=125)
	  Recheck Cond: ((k >= 1500845) AND (k <= 1500945))
	  ->  Bitmap Index Scan on k_3  (cost=0.00..5.50 rows=106 width=0)
	        Index Cond: ((k >= 1500845) AND (k <= 1500945))

table 4 : explain SELECT k, c FROM sbtest4 WHERE k BETWEEN 1500845 AND 1500945
	Bitmap Heap Scan on sbtest4  (cost=5.42..385.72 rows=96 width=125)
	  Recheck Cond: ((k >= 1500845) AND (k <= 1500945))
	  ->  Bitmap Index Scan on k_4  (cost=0.00..5.39 rows=96 width=0)
	        Index Cond: ((k >= 1500845) AND (k <= 1500945))

table 5 : explain SELECT k, c FROM sbtest5 WHERE k BETWEEN 1500845 AND 1500945
	Bitmap Heap Scan on sbtest5  (cost=5.58..448.79 rows=112 width=125)
	  Recheck Cond: ((k >= 1500845) AND (k <= 1500945))
	  ->  Bitmap Index Scan on k_5  (cost=0.00..5.55 rows=112 width=0)
	        Index Cond: ((k >= 1500845) AND (k <= 1500945))

table 6 : explain SELECT k, c FROM sbtest6 WHERE k BETWEEN 1500845 AND 1500945
	Bitmap Heap Scan on sbtest6  (cost=5.54..433.06 rows=108 width=125)
	  Recheck Cond: ((k >= 1500845) AND (k <= 1500945))
	  ->  Bitmap Index Scan on k_6  (cost=0.00..5.51 rows=108 width=0)
	        Index Cond: ((k >= 1500845) AND (k <= 1500945))

table 7 : explain SELECT k, c FROM sbtest7 WHERE k BETWEEN 1500845 AND 1500945
	Bitmap Heap Scan on sbtest7  (cost=5.59..452.76 rows=113 width=125)
	  Recheck Cond: ((k >= 1500845) AND (k <= 1500945))
	  ->  Bitmap Index Scan on k_7  (cost=0.00..5.56 rows=113 width=0)
	        Index Cond: ((k >= 1500845) AND (k <= 1500945))

table 8 : explain SELECT k, c FROM sbtest8 WHERE k BETWEEN 1500845 AND 1500945
	Bitmap Heap Scan on sbtest8  (cost=5.48..409.41 rows=102 width=125)
	  Recheck Cond: ((k >= 1500845) AND (k <= 1500945))
	  ->  Bitmap Index Scan on k_8  (cost=0.00..5.45 rows=102 width=0)
	        Index Cond: ((k >= 1500845) AND (k <= 1500945))

explain: for range-notcovered :: explain SELECT k, c FROM sbtest%d WHERE k BETWEEN 3818532 AND 3818632
explain: for range-notcovered :: explain SELECT k, c FROM sbtest%d WHERE k BETWEEN 3569640 AND 3569740
explain: for range-notcovered :: explain SELECT k, c FROM sbtest%d WHERE k BETWEEN 5046403 AND 5046503
explain: for range-notcovered :: explain SELECT k, c FROM sbtest%d WHERE k BETWEEN 7014798 AND 7014898
explain: for range-notcovered :: explain SELECT k, c FROM sbtest%d WHERE k BETWEEN 1917812 AND 1917912
for range-notcovered
table 1 : explain SELECT k, c FROM sbtest1 WHERE k BETWEEN 4904265 AND 4904365
	Bitmap Heap Scan on sbtest1  (cost=5.43..389.61 rows=97 width=125)
	  Recheck Cond: ((k >= 4904265) AND (k <= 4904365))
	  ->  Bitmap Index Scan on k_1  (cost=0.00..5.40 rows=97 width=0)
	        Index Cond: ((k >= 4904265) AND (k <= 4904365))

table 2 : explain SELECT k, c FROM sbtest2 WHERE k BETWEEN 4904265 AND 4904365
	Bitmap Heap Scan on sbtest2  (cost=5.49..413.29 rows=103 width=125)
	  Recheck Cond: ((k >= 4904265) AND (k <= 4904365))
	  ->  Bitmap Index Scan on k_2  (cost=0.00..5.46 rows=103 width=0)
	        Index Cond: ((k >= 4904265) AND (k <= 4904365))

table 3 : explain SELECT k, c FROM sbtest3 WHERE k BETWEEN 4904265 AND 4904365
	Bitmap Heap Scan on sbtest3  (cost=5.51..421.18 rows=105 width=125)
	  Recheck Cond: ((k >= 4904265) AND (k <= 4904365))
	  ->  Bitmap Index Scan on k_3  (cost=0.00..5.48 rows=105 width=0)
	        Index Cond: ((k >= 4904265) AND (k <= 4904365))

table 4 : explain SELECT k, c FROM sbtest4 WHERE k BETWEEN 4904265 AND 4904365
	Bitmap Heap Scan on sbtest4  (cost=5.45..397.55 rows=99 width=125)
	  Recheck Cond: ((k >= 4904265) AND (k <= 4904365))
	  ->  Bitmap Index Scan on k_4  (cost=0.00..5.42 rows=99 width=0)
	        Index Cond: ((k >= 4904265) AND (k <= 4904365))

table 5 : explain SELECT k, c FROM sbtest5 WHERE k BETWEEN 4904265 AND 4904365
	Bitmap Heap Scan on sbtest5  (cost=5.51..421.21 rows=105 width=125)
	  Recheck Cond: ((k >= 4904265) AND (k <= 4904365))
	  ->  Bitmap Index Scan on k_5  (cost=0.00..5.48 rows=105 width=0)
	        Index Cond: ((k >= 4904265) AND (k <= 4904365))

table 6 : explain SELECT k, c FROM sbtest6 WHERE k BETWEEN 4904265 AND 4904365
	Bitmap Heap Scan on sbtest6  (cost=5.47..405.47 rows=101 width=125)
	  Recheck Cond: ((k >= 4904265) AND (k <= 4904365))
	  ->  Bitmap Index Scan on k_6  (cost=0.00..5.44 rows=101 width=0)
	        Index Cond: ((k >= 4904265) AND (k <= 4904365))

table 7 : explain SELECT k, c FROM sbtest7 WHERE k BETWEEN 4904265 AND 4904365
	Bitmap Heap Scan on sbtest7  (cost=5.48..409.41 rows=102 width=125)
	  Recheck Cond: ((k >= 4904265) AND (k <= 4904365))
	  ->  Bitmap Index Scan on k_7  (cost=0.00..5.45 rows=102 width=0)
	        Index Cond: ((k >= 4904265) AND (k <= 4904365))

table 8 : explain SELECT k, c FROM sbtest8 WHERE k BETWEEN 4904265 AND 4904365
	Bitmap Heap Scan on sbtest8  (cost=5.46..401.52 rows=100 width=125)
	  Recheck Cond: ((k >= 4904265) AND (k <= 4904365))
	  ->  Bitmap Index Scan on k_8  (cost=0.00..5.43 rows=100 width=0)
	        Index Cond: ((k >= 4904265) AND (k <= 4904365))

for range-notcovered
table 1 : explain SELECT k, c FROM sbtest1 WHERE k BETWEEN 8204642 AND 8204742
	Bitmap Heap Scan on sbtest1  (cost=5.50..417.20 rows=104 width=125)
	  Recheck Cond: ((k >= 8204642) AND (k <= 8204742))
	  ->  Bitmap Index Scan on k_1  (cost=0.00..5.47 rows=104 width=0)
	        Index Cond: ((k >= 8204642) AND (k <= 8204742))

table 2 : explain SELECT k, c FROM sbtest2 WHERE k BETWEEN 8204642 AND 8204742
	Bitmap Heap Scan on sbtest2  (cost=5.45..397.52 rows=99 width=125)
	  Recheck Cond: ((k >= 8204642) AND (k <= 8204742))
	  ->  Bitmap Index Scan on k_2  (cost=0.00..5.42 rows=99 width=0)
	        Index Cond: ((k >= 8204642) AND (k <= 8204742))

table 3 : explain SELECT k, c FROM sbtest3 WHERE k BETWEEN 8204642 AND 8204742
	Bitmap Heap Scan on sbtest3  (cost=5.43..389.64 rows=97 width=125)
	  Recheck Cond: ((k >= 8204642) AND (k <= 8204742))
	  ->  Bitmap Index Scan on k_3  (cost=0.00..5.40 rows=97 width=0)
	        Index Cond: ((k >= 8204642) AND (k <= 8204742))

table 4 : explain SELECT k, c FROM sbtest4 WHERE k BETWEEN 8204642 AND 8204742
	Bitmap Heap Scan on sbtest4  (cost=5.48..409.38 rows=102 width=125)
	  Recheck Cond: ((k >= 8204642) AND (k <= 8204742))
	  ->  Bitmap Index Scan on k_4  (cost=0.00..5.45 rows=102 width=0)
	        Index Cond: ((k >= 8204642) AND (k <= 8204742))

table 5 : explain SELECT k, c FROM sbtest5 WHERE k BETWEEN 8204642 AND 8204742
	Bitmap Heap Scan on sbtest5  (cost=5.50..417.27 rows=104 width=125)
	  Recheck Cond: ((k >= 8204642) AND (k <= 8204742))
	  ->  Bitmap Index Scan on k_5  (cost=0.00..5.47 rows=104 width=0)
	        Index Cond: ((k >= 8204642) AND (k <= 8204742))

table 6 : explain SELECT k, c FROM sbtest6 WHERE k BETWEEN 8204642 AND 8204742
	Bitmap Heap Scan on sbtest6  (cost=5.46..401.52 rows=100 width=125)
	  Recheck Cond: ((k >= 8204642) AND (k <= 8204742))
	  ->  Bitmap Index Scan on k_6  (cost=0.00..5.43 rows=100 width=0)
	        Index Cond: ((k >= 8204642) AND (k <= 8204742))

table 7 : explain SELECT k, c FROM sbtest7 WHERE k BETWEEN 8204642 AND 8204742
	Bitmap Heap Scan on sbtest7  (cost=5.50..417.29 rows=104 width=125)
	  Recheck Cond: ((k >= 8204642) AND (k <= 8204742))
	  ->  Bitmap Index Scan on k_7  (cost=0.00..5.47 rows=104 width=0)
	        Index Cond: ((k >= 8204642) AND (k <= 8204742))

table 8 : explain SELECT k, c FROM sbtest8 WHERE k BETWEEN 8204642 AND 8204742
	Bitmap Heap Scan on sbtest8  (cost=5.59..452.76 rows=113 width=125)
	  Recheck Cond: ((k >= 8204642) AND (k <= 8204742))
	  ->  Bitmap Index Scan on k_8  (cost=0.00..5.56 rows=113 width=0)
	        Index Cond: ((k >= 8204642) AND (k <= 8204742))

for range-notcovered
table 1 : explain SELECT k, c FROM sbtest1 WHERE k BETWEEN 3237041 AND 3237141
	Bitmap Heap Scan on sbtest1  (cost=5.55..436.90 rows=109 width=125)
	  Recheck Cond: ((k >= 3237041) AND (k <= 3237141))
	  ->  Bitmap Index Scan on k_1  (cost=0.00..5.52 rows=109 width=0)
	        Index Cond: ((k >= 3237041) AND (k <= 3237141))

table 2 : explain SELECT k, c FROM sbtest2 WHERE k BETWEEN 3237041 AND 3237141
	Bitmap Heap Scan on sbtest2  (cost=5.42..385.69 rows=96 width=125)
	  Recheck Cond: ((k >= 3237041) AND (k <= 3237141))
	  ->  Bitmap Index Scan on k_2  (cost=0.00..5.39 rows=96 width=0)
	        Index Cond: ((k >= 3237041) AND (k <= 3237141))

table 3 : explain SELECT k, c FROM sbtest3 WHERE k BETWEEN 3237041 AND 3237141
	Bitmap Heap Scan on sbtest3  (cost=5.48..409.36 rows=102 width=125)
	  Recheck Cond: ((k >= 3237041) AND (k <= 3237141))
	  ->  Bitmap Index Scan on k_3  (cost=0.00..5.45 rows=102 width=0)
	        Index Cond: ((k >= 3237041) AND (k <= 3237141))

table 4 : explain SELECT k, c FROM sbtest4 WHERE k BETWEEN 3237041 AND 3237141
	Bitmap Heap Scan on sbtest4  (cost=5.39..373.88 rows=93 width=125)
	  Recheck Cond: ((k >= 3237041) AND (k <= 3237141))
	  ->  Bitmap Index Scan on k_4  (cost=0.00..5.36 rows=93 width=0)
	        Index Cond: ((k >= 3237041) AND (k <= 3237141))

table 5 : explain SELECT k, c FROM sbtest5 WHERE k BETWEEN 3237041 AND 3237141
	Bitmap Heap Scan on sbtest5  (cost=5.51..421.21 rows=105 width=125)
	  Recheck Cond: ((k >= 3237041) AND (k <= 3237141))
	  ->  Bitmap Index Scan on k_5  (cost=0.00..5.48 rows=105 width=0)
	        Index Cond: ((k >= 3237041) AND (k <= 3237141))

table 6 : explain SELECT k, c FROM sbtest6 WHERE k BETWEEN 3237041 AND 3237141
	Bitmap Heap Scan on sbtest6  (cost=5.51..421.24 rows=105 width=125)
	  Recheck Cond: ((k >= 3237041) AND (k <= 3237141))
	  ->  Bitmap Index Scan on k_6  (cost=0.00..5.48 rows=105 width=0)
	        Index Cond: ((k >= 3237041) AND (k <= 3237141))

table 7 : explain SELECT k, c FROM sbtest7 WHERE k BETWEEN 3237041 AND 3237141
	Bitmap Heap Scan on sbtest7  (cost=5.48..409.41 rows=102 width=125)
	  Recheck Cond: ((k >= 3237041) AND (k <= 3237141))
	  ->  Bitmap Index Scan on k_7  (cost=0.00..5.45 rows=102 width=0)
	        Index Cond: ((k >= 3237041) AND (k <= 3237141))

table 8 : explain SELECT k, c FROM sbtest8 WHERE k BETWEEN 3237041 AND 3237141
	Bitmap Heap Scan on sbtest8  (cost=5.48..409.41 rows=102 width=125)
	  Recheck Cond: ((k >= 3237041) AND (k <= 3237141))
	  ->  Bitmap Index Scan on k_8  (cost=0.00..5.45 rows=102 width=0)
	        Index Cond: ((k >= 3237041) AND (k <= 3237141))


for range-notcovered
table 1 : explain SELECT k, c FROM sbtest1 WHERE k BETWEEN 4172560 AND 4172660
	Bitmap Heap Scan on sbtest1  (cost=5.46..401.43 rows=100 width=125)
	  Recheck Cond: ((k >= 4172560) AND (k <= 4172660))
	  ->  Bitmap Index Scan on k_1  (cost=0.00..5.43 rows=100 width=0)
	        Index Cond: ((k >= 4172560) AND (k <= 4172660))

table 2 : explain SELECT k, c FROM sbtest2 WHERE k BETWEEN 4172560 AND 4172660
	Bitmap Heap Scan on sbtest2  (cost=5.48..409.35 rows=102 width=125)
	  Recheck Cond: ((k >= 4172560) AND (k <= 4172660))
	  ->  Bitmap Index Scan on k_2  (cost=0.00..5.45 rows=102 width=0)
	        Index Cond: ((k >= 4172560) AND (k <= 4172660))

table 3 : explain SELECT k, c FROM sbtest3 WHERE k BETWEEN 4172560 AND 4172660
	Bitmap Heap Scan on sbtest3  (cost=5.53..429.06 rows=107 width=125)
	  Recheck Cond: ((k >= 4172560) AND (k <= 4172660))
	  ->  Bitmap Index Scan on k_3  (cost=0.00..5.50 rows=107 width=0)
	        Index Cond: ((k >= 4172560) AND (k <= 4172660))

table 4 : explain SELECT k, c FROM sbtest4 WHERE k BETWEEN 4172560 AND 4172660
	Bitmap Heap Scan on sbtest4  (cost=5.48..409.38 rows=102 width=125)
	  Recheck Cond: ((k >= 4172560) AND (k <= 4172660))
	  ->  Bitmap Index Scan on k_4  (cost=0.00..5.45 rows=102 width=0)
	        Index Cond: ((k >= 4172560) AND (k <= 4172660))

table 5 : explain SELECT k, c FROM sbtest5 WHERE k BETWEEN 4172560 AND 4172660
	Bitmap Heap Scan on sbtest5  (cost=5.42..385.72 rows=96 width=125)
	  Recheck Cond: ((k >= 4172560) AND (k <= 4172660))
	  ->  Bitmap Index Scan on k_5  (cost=0.00..5.39 rows=96 width=0)
	        Index Cond: ((k >= 4172560) AND (k <= 4172660))

table 6 : explain SELECT k, c FROM sbtest6 WHERE k BETWEEN 4172560 AND 4172660
	Bitmap Heap Scan on sbtest6  (cost=5.44..393.63 rows=98 width=125)
	  Recheck Cond: ((k >= 4172560) AND (k <= 4172660))
	  ->  Bitmap Index Scan on k_6  (cost=0.00..5.42 rows=98 width=0)
	        Index Cond: ((k >= 4172560) AND (k <= 4172660))

table 7 : explain SELECT k, c FROM sbtest7 WHERE k BETWEEN 4172560 AND 4172660
	Bitmap Heap Scan on sbtest7  (cost=5.52..425.18 rows=106 width=125)
	  Recheck Cond: ((k >= 4172560) AND (k <= 4172660))
	  ->  Bitmap Index Scan on k_7  (cost=0.00..5.50 rows=106 width=0)
	        Index Cond: ((k >= 4172560) AND (k <= 4172660))

table 8 : explain SELECT k, c FROM sbtest8 WHERE k BETWEEN 4172560 AND 4172660
	Bitmap Heap Scan on sbtest8  (cost=5.43..389.69 rows=97 width=125)
	  Recheck Cond: ((k >= 4172560) AND (k <= 4172660))
	  ->  Bitmap Index Scan on k_8  (cost=0.00..5.40 rows=97 width=0)
	        Index Cond: ((k >= 4172560) AND (k <= 4172660))

for range-notcovered
table 1 : explain SELECT k, c FROM sbtest1 WHERE k BETWEEN 5389193 AND 5389293
	Bitmap Heap Scan on sbtest1  (cost=5.58..448.71 rows=112 width=125)
	  Recheck Cond: ((k >= 5389193) AND (k <= 5389293))
	  ->  Bitmap Index Scan on k_1  (cost=0.00..5.55 rows=112 width=0)
	        Index Cond: ((k >= 5389193) AND (k <= 5389293))

table 2 : explain SELECT k, c FROM sbtest2 WHERE k BETWEEN 5389193 AND 5389293
	Bitmap Heap Scan on sbtest2  (cost=5.46..401.47 rows=100 width=125)
	  Recheck Cond: ((k >= 5389193) AND (k <= 5389293))
	  ->  Bitmap Index Scan on k_2  (cost=0.00..5.43 rows=100 width=0)
	        Index Cond: ((k >= 5389193) AND (k <= 5389293))

table 3 : explain SELECT k, c FROM sbtest3 WHERE k BETWEEN 5389193 AND 5389293
	Bitmap Heap Scan on sbtest3  (cost=5.41..381.75 rows=95 width=125)
	  Recheck Cond: ((k >= 5389193) AND (k <= 5389293))
	  ->  Bitmap Index Scan on k_3  (cost=0.00..5.38 rows=95 width=0)
	        Index Cond: ((k >= 5389193) AND (k <= 5389293))

table 4 : explain SELECT k, c FROM sbtest4 WHERE k BETWEEN 5389193 AND 5389293
	Bitmap Heap Scan on sbtest4  (cost=5.43..389.66 rows=97 width=125)
	  Recheck Cond: ((k >= 5389193) AND (k <= 5389293))
	  ->  Bitmap Index Scan on k_4  (cost=0.00..5.40 rows=97 width=0)
	        Index Cond: ((k >= 5389193) AND (k <= 5389293))

table 5 : explain SELECT k, c FROM sbtest5 WHERE k BETWEEN 5389193 AND 5389293
	Bitmap Heap Scan on sbtest5  (cost=5.47..405.44 rows=101 width=125)
	  Recheck Cond: ((k >= 5389193) AND (k <= 5389293))
	  ->  Bitmap Index Scan on k_5  (cost=0.00..5.44 rows=101 width=0)
	        Index Cond: ((k >= 5389193) AND (k <= 5389293))

table 6 : explain SELECT k, c FROM sbtest6 WHERE k BETWEEN 5389193 AND 5389293
	Bitmap Heap Scan on sbtest6  (cost=5.54..433.06 rows=108 width=125)
	  Recheck Cond: ((k >= 5389193) AND (k <= 5389293))
	  ->  Bitmap Index Scan on k_6  (cost=0.00..5.51 rows=108 width=0)
	        Index Cond: ((k >= 5389193) AND (k <= 5389293))

table 7 : explain SELECT k, c FROM sbtest7 WHERE k BETWEEN 5389193 AND 5389293
	Bitmap Heap Scan on sbtest7  (cost=5.56..440.94 rows=110 width=125)
	  Recheck Cond: ((k >= 5389193) AND (k <= 5389293))
	  ->  Bitmap Index Scan on k_7  (cost=0.00..5.53 rows=110 width=0)
	        Index Cond: ((k >= 5389193) AND (k <= 5389293))

table 8 : explain SELECT k, c FROM sbtest8 WHERE k BETWEEN 5389193 AND 5389293
	Bitmap Heap Scan on sbtest8  (cost=5.42..385.74 rows=96 width=125)
	  Recheck Cond: ((k >= 5389193) AND (k <= 5389293))
	  ->  Bitmap Index Scan on k_8  (cost=0.00..5.39 rows=96 width=0)
	        Index Cond: ((k >= 5389193) AND (k <= 5389293))


explain: for range-notcovered :: explain SELECT k, c FROM sbtest%d WHERE k BETWEEN 8204642 AND 8204742
explain: for range-notcovered :: explain SELECT k, c FROM sbtest%d WHERE k BETWEEN 4989850 AND 4989950
explain: for range-notcovered :: explain SELECT k, c FROM sbtest%d WHERE k BETWEEN 4904265 AND 4904365
for range-notcovered
table 1 : explain SELECT k, c FROM sbtest1 WHERE k BETWEEN 4378422 AND 4378522
	Bitmap Heap Scan on sbtest1  (cost=5.50..417.20 rows=104 width=125)
	  Recheck Cond: ((k >= 4378422) AND (k <= 4378522))
	  ->  Bitmap Index Scan on k_1  (cost=0.00..5.47 rows=104 width=0)
	        Index Cond: ((k >= 4378422) AND (k <= 4378522))

table 2 : explain SELECT k, c FROM sbtest2 WHERE k BETWEEN 4378422 AND 4378522
	Bitmap Heap Scan on sbtest2  (cost=5.60..456.63 rows=114 width=125)
	  Recheck Cond: ((k >= 4378422) AND (k <= 4378522))
	  ->  Bitmap Index Scan on k_2  (cost=0.00..5.58 rows=114 width=0)
	        Index Cond: ((k >= 4378422) AND (k <= 4378522))

table 3 : explain SELECT k, c FROM sbtest3 WHERE k BETWEEN 4378422 AND 4378522
	Bitmap Heap Scan on sbtest3  (cost=5.42..385.70 rows=96 width=125)
	  Recheck Cond: ((k >= 4378422) AND (k <= 4378522))
	  ->  Bitmap Index Scan on k_3  (cost=0.00..5.39 rows=96 width=0)
	        Index Cond: ((k >= 4378422) AND (k <= 4378522))

table 4 : explain SELECT k, c FROM sbtest4 WHERE k BETWEEN 4378422 AND 4378522
	Bitmap Heap Scan on sbtest4  (cost=5.44..393.61 rows=98 width=125)
	  Recheck Cond: ((k >= 4378422) AND (k <= 4378522))
	  ->  Bitmap Index Scan on k_4  (cost=0.00..5.42 rows=98 width=0)
	        Index Cond: ((k >= 4378422) AND (k <= 4378522))

table 5 : explain SELECT k, c FROM sbtest5 WHERE k BETWEEN 4378422 AND 4378522
	Bitmap Heap Scan on sbtest5  (cost=5.46..401.50 rows=100 width=125)
	  Recheck Cond: ((k >= 4378422) AND (k <= 4378522))
	  ->  Bitmap Index Scan on k_5  (cost=0.00..5.43 rows=100 width=0)
	        Index Cond: ((k >= 4378422) AND (k <= 4378522))

table 6 : explain SELECT k, c FROM sbtest6 WHERE k BETWEEN 4378422 AND 4378522
	Bitmap Heap Scan on sbtest6  (cost=5.49..413.35 rows=103 width=125)
	  Recheck Cond: ((k >= 4378422) AND (k <= 4378522))
	  ->  Bitmap Index Scan on k_6  (cost=0.00..5.46 rows=103 width=0)
	        Index Cond: ((k >= 4378422) AND (k <= 4378522))

table 7 : explain SELECT k, c FROM sbtest7 WHERE k BETWEEN 4378422 AND 4378522
	Bitmap Heap Scan on sbtest7  (cost=5.59..452.76 rows=113 width=125)
	  Recheck Cond: ((k >= 4378422) AND (k <= 4378522))
	  ->  Bitmap Index Scan on k_7  (cost=0.00..5.56 rows=113 width=0)
	        Index Cond: ((k >= 4378422) AND (k <= 4378522))

table 8 : explain SELECT k, c FROM sbtest8 WHERE k BETWEEN 4378422 AND 4378522
	Bitmap Heap Scan on sbtest8  (cost=5.55..437.00 rows=109 width=125)
	  Recheck Cond: ((k >= 4378422) AND (k <= 4378522))
	  ->  Bitmap Index Scan on k_8  (cost=0.00..5.52 rows=109 width=0)
	        Index Cond: ((k >= 4378422) AND (k <= 4378522))

explain: for range-notcovered :: explain SELECT k, c FROM sbtest%d WHERE k BETWEEN 2722345 AND 2722445
for range-notcovered
table 1 : explain SELECT k, c FROM sbtest1 WHERE k BETWEEN 5513675 AND 5513775
	Bitmap Heap Scan on sbtest1  (cost=5.52..425.08 rows=106 width=125)
	  Recheck Cond: ((k >= 5513675) AND (k <= 5513775))
	  ->  Bitmap Index Scan on k_1  (cost=0.00..5.50 rows=106 width=0)
	        Index Cond: ((k >= 5513675) AND (k <= 5513775))

table 2 : explain SELECT k, c FROM sbtest2 WHERE k BETWEEN 5513675 AND 5513775
	Bitmap Heap Scan on sbtest2  (cost=5.51..421.18 rows=105 width=125)
	  Recheck Cond: ((k >= 5513675) AND (k <= 5513775))
	  ->  Bitmap Index Scan on k_2  (cost=0.00..5.48 rows=105 width=0)
	        Index Cond: ((k >= 5513675) AND (k <= 5513775))

table 3 : explain SELECT k, c FROM sbtest3 WHERE k BETWEEN 5513675 AND 5513775
	Bitmap Heap Scan on sbtest3  (cost=5.46..401.47 rows=100 width=125)
	  Recheck Cond: ((k >= 5513675) AND (k <= 5513775))
	  ->  Bitmap Index Scan on k_3  (cost=0.00..5.43 rows=100 width=0)
	        Index Cond: ((k >= 5513675) AND (k <= 5513775))

table 4 : explain SELECT k, c FROM sbtest4 WHERE k BETWEEN 5513675 AND 5513775
	Bitmap Heap Scan on sbtest4  (cost=5.47..405.44 rows=101 width=125)
	  Recheck Cond: ((k >= 5513675) AND (k <= 5513775))
	  ->  Bitmap Index Scan on k_4  (cost=0.00..5.44 rows=101 width=0)
	        Index Cond: ((k >= 5513675) AND (k <= 5513775))

table 5 : explain SELECT k, c FROM sbtest5 WHERE k BETWEEN 5513675 AND 5513775
	Bitmap Heap Scan on sbtest5  (cost=5.43..389.67 rows=97 width=125)
	  Recheck Cond: ((k >= 5513675) AND (k <= 5513775))
	  ->  Bitmap Index Scan on k_5  (cost=0.00..5.40 rows=97 width=0)
	        Index Cond: ((k >= 5513675) AND (k <= 5513775))

table 6 : explain SELECT k, c FROM sbtest6 WHERE k BETWEEN 5513675 AND 5513775
	Bitmap Heap Scan on sbtest6  (cost=5.38..369.96 rows=92 width=125)
	  Recheck Cond: ((k >= 5513675) AND (k <= 5513775))
	  ->  Bitmap Index Scan on k_6  (cost=0.00..5.35 rows=92 width=0)
	        Index Cond: ((k >= 5513675) AND (k <= 5513775))

table 7 : explain SELECT k, c FROM sbtest7 WHERE k BETWEEN 5513675 AND 5513775
	Bitmap Heap Scan on sbtest7  (cost=5.45..397.58 rows=99 width=125)
	  Recheck Cond: ((k >= 5513675) AND (k <= 5513775))
	  ->  Bitmap Index Scan on k_7  (cost=0.00..5.42 rows=99 width=0)
	        Index Cond: ((k >= 5513675) AND (k <= 5513775))

table 8 : explain SELECT k, c FROM sbtest8 WHERE k BETWEEN 5513675 AND 5513775
	Bitmap Heap Scan on sbtest8  (cost=5.45..397.58 rows=99 width=125)
	  Recheck Cond: ((k >= 5513675) AND (k <= 5513775))
	  ->  Bitmap Index Scan on k_8  (cost=0.00..5.42 rows=99 width=0)
	        Index Cond: ((k >= 5513675) AND (k <= 5513775))

for range-notcovered
table 1 : explain SELECT k, c FROM sbtest1 WHERE k BETWEEN 6413332 AND 6413432
	Bitmap Heap Scan on sbtest1  (cost=5.50..417.20 rows=104 width=125)
	  Recheck Cond: ((k >= 6413332) AND (k <= 6413432))
	  ->  Bitmap Index Scan on k_1  (cost=0.00..5.47 rows=104 width=0)
	        Index Cond: ((k >= 6413332) AND (k <= 6413432))

table 2 : explain SELECT k, c FROM sbtest2 WHERE k BETWEEN 6413332 AND 6413432
	Bitmap Heap Scan on sbtest2  (cost=5.46..401.47 rows=100 width=125)
	  Recheck Cond: ((k >= 6413332) AND (k <= 6413432))
	  ->  Bitmap Index Scan on k_2  (cost=0.00..5.43 rows=100 width=0)
	        Index Cond: ((k >= 6413332) AND (k <= 6413432))

table 3 : explain SELECT k, c FROM sbtest3 WHERE k BETWEEN 6413332 AND 6413432
	Bitmap Heap Scan on sbtest3  (cost=5.51..421.18 rows=105 width=125)
	  Recheck Cond: ((k >= 6413332) AND (k <= 6413432))
	  ->  Bitmap Index Scan on k_3  (cost=0.00..5.48 rows=105 width=0)
	        Index Cond: ((k >= 6413332) AND (k <= 6413432))

table 4 : explain SELECT k, c FROM sbtest4 WHERE k BETWEEN 6413332 AND 6413432
	Bitmap Heap Scan on sbtest4  (cost=5.47..405.44 rows=101 width=125)
	  Recheck Cond: ((k >= 6413332) AND (k <= 6413432))
	  ->  Bitmap Index Scan on k_4  (cost=0.00..5.44 rows=101 width=0)
	        Index Cond: ((k >= 6413332) AND (k <= 6413432))

table 5 : explain SELECT k, c FROM sbtest5 WHERE k BETWEEN 6413332 AND 6413432
	Bitmap Heap Scan on sbtest5  (cost=5.47..405.44 rows=101 width=125)
	  Recheck Cond: ((k >= 6413332) AND (k <= 6413432))
	  ->  Bitmap Index Scan on k_5  (cost=0.00..5.44 rows=101 width=0)
	        Index Cond: ((k >= 6413332) AND (k <= 6413432))

table 6 : explain SELECT k, c FROM sbtest6 WHERE k BETWEEN 6413332 AND 6413432
	Bitmap Heap Scan on sbtest6  (cost=5.51..421.24 rows=105 width=125)
	  Recheck Cond: ((k >= 6413332) AND (k <= 6413432))
	  ->  Bitmap Index Scan on k_6  (cost=0.00..5.48 rows=105 width=0)
	        Index Cond: ((k >= 6413332) AND (k <= 6413432))

table 7 : explain SELECT k, c FROM sbtest7 WHERE k BETWEEN 6413332 AND 6413432
	Bitmap Heap Scan on sbtest7  (cost=5.50..417.29 rows=104 width=125)
	  Recheck Cond: ((k >= 6413332) AND (k <= 6413432))
	  ->  Bitmap Index Scan on k_7  (cost=0.00..5.47 rows=104 width=0)
	        Index Cond: ((k >= 6413332) AND (k <= 6413432))

table 8 : explain SELECT k, c FROM sbtest8 WHERE k BETWEEN 6413332 AND 6413432
	Bitmap Heap Scan on sbtest8  (cost=5.47..405.47 rows=101 width=125)
	  Recheck Cond: ((k >= 6413332) AND (k <= 6413432))
	  ->  Bitmap Index Scan on k_8  (cost=0.00..5.44 rows=101 width=0)
	        Index Cond: ((k >= 6413332) AND (k <= 6413432))
for range-notcovered
table 1 : explain SELECT k, c FROM sbtest1 WHERE k BETWEEN 7843619 AND 7843719
	Bitmap Heap Scan on sbtest1  (cost=5.45..397.49 rows=99 width=125)
	  Recheck Cond: ((k >= 7843619) AND (k <= 7843719))
	  ->  Bitmap Index Scan on k_1  (cost=0.00..5.42 rows=99 width=0)
	        Index Cond: ((k >= 7843619) AND (k <= 7843719))

table 2 : explain SELECT k, c FROM sbtest2 WHERE k BETWEEN 7843619 AND 7843719
	Bitmap Heap Scan on sbtest2  (cost=5.52..425.12 rows=106 width=125)
	  Recheck Cond: ((k >= 7843619) AND (k <= 7843719))
	  ->  Bitmap Index Scan on k_2  (cost=0.00..5.50 rows=106 width=0)
	        Index Cond: ((k >= 7843619) AND (k <= 7843719))

table 3 : explain SELECT k, c FROM sbtest3 WHERE k BETWEEN 7843619 AND 7843719
	Bitmap Heap Scan on sbtest3  (cost=5.48..409.36 rows=102 width=125)
	  Recheck Cond: ((k >= 7843619) AND (k <= 7843719))
	  ->  Bitmap Index Scan on k_3  (cost=0.00..5.45 rows=102 width=0)
	        Index Cond: ((k >= 7843619) AND (k <= 7843719))

table 4 : explain SELECT k, c FROM sbtest4 WHERE k BETWEEN 7843619 AND 7843719
	Bitmap Heap Scan on sbtest4  (cost=5.51..421.21 rows=105 width=125)
	  Recheck Cond: ((k >= 7843619) AND (k <= 7843719))
	  ->  Bitmap Index Scan on k_4  (cost=0.00..5.48 rows=105 width=0)
	        Index Cond: ((k >= 7843619) AND (k <= 7843719))

table 5 : explain SELECT k, c FROM sbtest5 WHERE k BETWEEN 7843619 AND 7843719
	Bitmap Heap Scan on sbtest5  (cost=5.54..433.03 rows=108 width=125)
	  Recheck Cond: ((k >= 7843619) AND (k <= 7843719))
	  ->  Bitmap Index Scan on k_5  (cost=0.00..5.51 rows=108 width=0)
	        Index Cond: ((k >= 7843619) AND (k <= 7843719))

table 6 : explain SELECT k, c FROM sbtest6 WHERE k BETWEEN 7843619 AND 7843719
	Bitmap Heap Scan on sbtest6  (cost=5.47..405.47 rows=101 width=125)
	  Recheck Cond: ((k >= 7843619) AND (k <= 7843719))
	  ->  Bitmap Index Scan on k_6  (cost=0.00..5.44 rows=101 width=0)
	        Index Cond: ((k >= 7843619) AND (k <= 7843719))

table 7 : explain SELECT k, c FROM sbtest7 WHERE k BETWEEN 7843619 AND 7843719
	Bitmap Heap Scan on sbtest7  (cost=5.35..358.12 rows=89 width=125)
	  Recheck Cond: ((k >= 7843619) AND (k <= 7843719))
	  ->  Bitmap Index Scan on k_7  (cost=0.00..5.32 rows=89 width=0)
	        Index Cond: ((k >= 7843619) AND (k <= 7843719))

table 8 : explain SELECT k, c FROM sbtest8 WHERE k BETWEEN 7843619 AND 7843719
	Bitmap Heap Scan on sbtest8  (cost=5.48..409.41 rows=102 width=125)
	  Recheck Cond: ((k >= 7843619) AND (k <= 7843719))
	  ->  Bitmap Index Scan on k_8  (cost=0.00..5.45 rows=102 width=0)
	        Index Cond: ((k >= 7843619) AND (k <= 7843719))

for range-notcovered
table 1 : explain SELECT k, c FROM sbtest1 WHERE k BETWEEN 6349144 AND 6349244
	Bitmap Heap Scan on sbtest1  (cost=5.50..417.20 rows=104 width=125)
	  Recheck Cond: ((k >= 6349144) AND (k <= 6349244))
	  ->  Bitmap Index Scan on k_1  (cost=0.00..5.47 rows=104 width=0)
	        Index Cond: ((k >= 6349144) AND (k <= 6349244))

table 2 : explain SELECT k, c FROM sbtest2 WHERE k BETWEEN 6349144 AND 6349244
	Bitmap Heap Scan on sbtest2  (cost=5.38..369.91 rows=92 width=125)
	  Recheck Cond: ((k >= 6349144) AND (k <= 6349244))
	  ->  Bitmap Index Scan on k_2  (cost=0.00..5.35 rows=92 width=0)
	        Index Cond: ((k >= 6349144) AND (k <= 6349244))

table 3 : explain SELECT k, c FROM sbtest3 WHERE k BETWEEN 6349144 AND 6349244
	Bitmap Heap Scan on sbtest3  (cost=5.48..409.36 rows=102 width=125)
	  Recheck Cond: ((k >= 6349144) AND (k <= 6349244))
	  ->  Bitmap Index Scan on k_3  (cost=0.00..5.45 rows=102 width=0)
	        Index Cond: ((k >= 6349144) AND (k <= 6349244))

table 4 : explain SELECT k, c FROM sbtest4 WHERE k BETWEEN 6349144 AND 6349244
	Bitmap Heap Scan on sbtest4  (cost=5.41..381.77 rows=95 width=125)
	  Recheck Cond: ((k >= 6349144) AND (k <= 6349244))
	  ->  Bitmap Index Scan on k_4  (cost=0.00..5.38 rows=95 width=0)
	        Index Cond: ((k >= 6349144) AND (k <= 6349244))

table 5 : explain SELECT k, c FROM sbtest5 WHERE k BETWEEN 6349144 AND 6349244
	Bitmap Heap Scan on sbtest5  (cost=5.43..389.67 rows=97 width=125)
	  Recheck Cond: ((k >= 6349144) AND (k <= 6349244))
	  ->  Bitmap Index Scan on k_5  (cost=0.00..5.40 rows=97 width=0)
	        Index Cond: ((k >= 6349144) AND (k <= 6349244))

table 6 : explain SELECT k, c FROM sbtest6 WHERE k BETWEEN 6349144 AND 6349244
	Bitmap Heap Scan on sbtest6  (cost=5.47..405.47 rows=101 width=125)
	  Recheck Cond: ((k >= 6349144) AND (k <= 6349244))
	  ->  Bitmap Index Scan on k_6  (cost=0.00..5.44 rows=101 width=0)
	        Index Cond: ((k >= 6349144) AND (k <= 6349244))

table 7 : explain SELECT k, c FROM sbtest7 WHERE k BETWEEN 6349144 AND 6349244
	Bitmap Heap Scan on sbtest7  (cost=5.60..456.69 rows=114 width=125)
	  Recheck Cond: ((k >= 6349144) AND (k <= 6349244))
	  ->  Bitmap Index Scan on k_7  (cost=0.00..5.58 rows=114 width=0)
	        Index Cond: ((k >= 6349144) AND (k <= 6349244))

table 8 : explain SELECT k, c FROM sbtest8 WHERE k BETWEEN 6349144 AND 6349244
	Bitmap Heap Scan on sbtest8  (cost=5.47..405.47 rows=101 width=125)
	  Recheck Cond: ((k >= 6349144) AND (k <= 6349244))
	  ->  Bitmap Index Scan on k_8  (cost=0.00..5.44 rows=101 width=0)
	        Index Cond: ((k >= 6349144) AND (k <= 6349244))

explain: for range-notcovered :: explain SELECT k, c FROM sbtest%d WHERE k BETWEEN 5389193 AND 5389293

explain: for range-notcovered :: explain SELECT k, c FROM sbtest%d WHERE k BETWEEN 5513675 AND 5513775
explain: for range-notcovered :: explain SELECT k, c FROM sbtest%d WHERE k BETWEEN 4378422 AND 4378522
for range-notcovered
table 1 : explain SELECT k, c FROM sbtest1 WHERE k BETWEEN 5198029 AND 5198129
	Bitmap Heap Scan on sbtest1  (cost=5.48..409.32 rows=102 width=125)
	  Recheck Cond: ((k >= 5198029) AND (k <= 5198129))
	  ->  Bitmap Index Scan on k_1  (cost=0.00..5.45 rows=102 width=0)
	        Index Cond: ((k >= 5198029) AND (k <= 5198129))

table 2 : explain SELECT k, c FROM sbtest2 WHERE k BETWEEN 5198029 AND 5198129
	Bitmap Heap Scan on sbtest2  (cost=5.50..417.23 rows=104 width=125)
	  Recheck Cond: ((k >= 5198029) AND (k <= 5198129))
	  ->  Bitmap Index Scan on k_2  (cost=0.00..5.47 rows=104 width=0)
	        Index Cond: ((k >= 5198029) AND (k <= 5198129))

table 3 : explain SELECT k, c FROM sbtest3 WHERE k BETWEEN 5198029 AND 5198129
	Bitmap Heap Scan on sbtest3  (cost=5.60..456.63 rows=114 width=125)
	  Recheck Cond: ((k >= 5198029) AND (k <= 5198129))
	  ->  Bitmap Index Scan on k_3  (cost=0.00..5.58 rows=114 width=0)
	        Index Cond: ((k >= 5198029) AND (k <= 5198129))

table 4 : explain SELECT k, c FROM sbtest4 WHERE k BETWEEN 5198029 AND 5198129
	Bitmap Heap Scan on sbtest4  (cost=5.47..405.44 rows=101 width=125)
	  Recheck Cond: ((k >= 5198029) AND (k <= 5198129))
	  ->  Bitmap Index Scan on k_4  (cost=0.00..5.44 rows=101 width=0)
	        Index Cond: ((k >= 5198029) AND (k <= 5198129))

table 5 : explain SELECT k, c FROM sbtest5 WHERE k BETWEEN 5198029 AND 5198129
	Bitmap Heap Scan on sbtest5  (cost=5.46..401.50 rows=100 width=125)
	  Recheck Cond: ((k >= 5198029) AND (k <= 5198129))
	  ->  Bitmap Index Scan on k_5  (cost=0.00..5.43 rows=100 width=0)
	        Index Cond: ((k >= 5198029) AND (k <= 5198129))

table 6 : explain SELECT k, c FROM sbtest6 WHERE k BETWEEN 5198029 AND 5198129
	Bitmap Heap Scan on sbtest6  (cost=5.60..456.70 rows=114 width=125)
	  Recheck Cond: ((k >= 5198029) AND (k <= 5198129))
	  ->  Bitmap Index Scan on k_6  (cost=0.00..5.58 rows=114 width=0)
	        Index Cond: ((k >= 5198029) AND (k <= 5198129))

table 7 : explain SELECT k, c FROM sbtest7 WHERE k BETWEEN 5198029 AND 5198129
	Bitmap Heap Scan on sbtest7  (cost=5.65..476.38 rows=119 width=125)
	  Recheck Cond: ((k >= 5198029) AND (k <= 5198129))
	  ->  Bitmap Index Scan on k_7  (cost=0.00..5.62 rows=119 width=0)
	        Index Cond: ((k >= 5198029) AND (k <= 5198129))

table 8 : explain SELECT k, c FROM sbtest8 WHERE k BETWEEN 5198029 AND 5198129
	Bitmap Heap Scan on sbtest8  (cost=5.55..437.00 rows=109 width=125)
	  Recheck Cond: ((k >= 5198029) AND (k <= 5198129))
	  ->  Bitmap Index Scan on k_8  (cost=0.00..5.52 rows=109 width=0)
	        Index Cond: ((k >= 5198029) AND (k <= 5198129))

for range-notcovered
table 1 : explain SELECT k, c FROM sbtest1 WHERE k BETWEEN 4209613 AND 4209713
	Bitmap Heap Scan on sbtest1  (cost=5.46..401.43 rows=100 width=125)
	  Recheck Cond: ((k >= 4209613) AND (k <= 4209713))
	  ->  Bitmap Index Scan on k_1  (cost=0.00..5.43 rows=100 width=0)
	        Index Cond: ((k >= 4209613) AND (k <= 4209713))

table 2 : explain SELECT k, c FROM sbtest2 WHERE k BETWEEN 4209613 AND 4209713
	Bitmap Heap Scan on sbtest2  (cost=5.48..409.35 rows=102 width=125)
	  Recheck Cond: ((k >= 4209613) AND (k <= 4209713))
	  ->  Bitmap Index Scan on k_2  (cost=0.00..5.45 rows=102 width=0)
	        Index Cond: ((k >= 4209613) AND (k <= 4209713))

table 3 : explain SELECT k, c FROM sbtest3 WHERE k BETWEEN 4209613 AND 4209713
	Bitmap Heap Scan on sbtest3  (cost=5.40..377.81 rows=94 width=125)
	  Recheck Cond: ((k >= 4209613) AND (k <= 4209713))
	  ->  Bitmap Index Scan on k_3  (cost=0.00..5.38 rows=94 width=0)
	        Index Cond: ((k >= 4209613) AND (k <= 4209713))

table 4 : explain SELECT k, c FROM sbtest4 WHERE k BETWEEN 4209613 AND 4209713
	Bitmap Heap Scan on sbtest4  (cost=5.48..409.38 rows=102 width=125)
	  Recheck Cond: ((k >= 4209613) AND (k <= 4209713))
	  ->  Bitmap Index Scan on k_4  (cost=0.00..5.45 rows=102 width=0)
	        Index Cond: ((k >= 4209613) AND (k <= 4209713))

table 5 : explain SELECT k, c FROM sbtest5 WHERE k BETWEEN 4209613 AND 4209713
	Bitmap Heap Scan on sbtest5  (cost=5.42..385.72 rows=96 width=125)
	  Recheck Cond: ((k >= 4209613) AND (k <= 4209713))
	  ->  Bitmap Index Scan on k_5  (cost=0.00..5.39 rows=96 width=0)
	        Index Cond: ((k >= 4209613) AND (k <= 4209713))

table 6 : explain SELECT k, c FROM sbtest6 WHERE k BETWEEN 4209613 AND 4209713
	Bitmap Heap Scan on sbtest6  (cost=5.50..417.29 rows=104 width=125)
	  Recheck Cond: ((k >= 4209613) AND (k <= 4209713))
	  ->  Bitmap Index Scan on k_6  (cost=0.00..5.47 rows=104 width=0)
	        Index Cond: ((k >= 4209613) AND (k <= 4209713))

table 7 : explain SELECT k, c FROM sbtest7 WHERE k BETWEEN 4209613 AND 4209713
	Bitmap Heap Scan on sbtest7  (cost=5.46..401.52 rows=100 width=125)
	  Recheck Cond: ((k >= 4209613) AND (k <= 4209713))
	  ->  Bitmap Index Scan on k_7  (cost=0.00..5.43 rows=100 width=0)
	        Index Cond: ((k >= 4209613) AND (k <= 4209713))

table 8 : explain SELECT k, c FROM sbtest8 WHERE k BETWEEN 4209613 AND 4209713
	Bitmap Heap Scan on sbtest8  (cost=5.57..444.88 rows=111 width=125)
	  Recheck Cond: ((k >= 4209613) AND (k <= 4209713))
	  ->  Bitmap Index Scan on k_8  (cost=0.00..5.54 rows=111 width=0)
	        Index Cond: ((k >= 4209613) AND (k <= 4209713))

explain: for range-notcovered :: explain SELECT k, c FROM sbtest%d WHERE k BETWEEN 6724376 AND 6724476
for range-notcovered
table 1 : explain SELECT k, c FROM sbtest1 WHERE k BETWEEN 2814015 AND 2814115
	Bitmap Heap Scan on sbtest1  (cost=5.50..417.20 rows=104 width=125)
	  Recheck Cond: ((k >= 2814015) AND (k <= 2814115))
	  ->  Bitmap Index Scan on k_1  (cost=0.00..5.47 rows=104 width=0)
	        Index Cond: ((k >= 2814015) AND (k <= 2814115))

table 2 : explain SELECT k, c FROM sbtest2 WHERE k BETWEEN 2814015 AND 2814115
	Bitmap Heap Scan on sbtest2  (cost=5.47..405.41 rows=101 width=125)
	  Recheck Cond: ((k >= 2814015) AND (k <= 2814115))
	  ->  Bitmap Index Scan on k_2  (cost=0.00..5.44 rows=101 width=0)
	        Index Cond: ((k >= 2814015) AND (k <= 2814115))

table 3 : explain SELECT k, c FROM sbtest3 WHERE k BETWEEN 2814015 AND 2814115
	Bitmap Heap Scan on sbtest3  (cost=5.55..436.94 rows=109 width=125)
	  Recheck Cond: ((k >= 2814015) AND (k <= 2814115))
	  ->  Bitmap Index Scan on k_3  (cost=0.00..5.52 rows=109 width=0)
	        Index Cond: ((k >= 2814015) AND (k <= 2814115))

table 4 : explain SELECT k, c FROM sbtest4 WHERE k BETWEEN 2814015 AND 2814115
	Bitmap Heap Scan on sbtest4  (cost=5.50..417.27 rows=104 width=125)
	  Recheck Cond: ((k >= 2814015) AND (k <= 2814115))
	  ->  Bitmap Index Scan on k_4  (cost=0.00..5.47 rows=104 width=0)
	        Index Cond: ((k >= 2814015) AND (k <= 2814115))

table 5 : explain SELECT k, c FROM sbtest5 WHERE k BETWEEN 2814015 AND 2814115
	Bitmap Heap Scan on sbtest5  (cost=5.46..401.50 rows=100 width=125)
	  Recheck Cond: ((k >= 2814015) AND (k <= 2814115))
	  ->  Bitmap Index Scan on k_5  (cost=0.00..5.43 rows=100 width=0)
	        Index Cond: ((k >= 2814015) AND (k <= 2814115))

table 6 : explain SELECT k, c FROM sbtest6 WHERE k BETWEEN 2814015 AND 2814115
	Bitmap Heap Scan on sbtest6  (cost=5.36..362.07 rows=90 width=125)
	  Recheck Cond: ((k >= 2814015) AND (k <= 2814115))
	  ->  Bitmap Index Scan on k_6  (cost=0.00..5.33 rows=90 width=0)
	        Index Cond: ((k >= 2814015) AND (k <= 2814115))

table 7 : explain SELECT k, c FROM sbtest7 WHERE k BETWEEN 2814015 AND 2814115
	Bitmap Heap Scan on sbtest7  (cost=5.55..437.00 rows=109 width=125)
	  Recheck Cond: ((k >= 2814015) AND (k <= 2814115))
	  ->  Bitmap Index Scan on k_7  (cost=0.00..5.52 rows=109 width=0)
	        Index Cond: ((k >= 2814015) AND (k <= 2814115))

table 8 : explain SELECT k, c FROM sbtest8 WHERE k BETWEEN 2814015 AND 2814115
	Bitmap Heap Scan on sbtest8  (cost=5.46..401.52 rows=100 width=125)
	  Recheck Cond: ((k >= 2814015) AND (k <= 2814115))
	  ->  Bitmap Index Scan on k_8  (cost=0.00..5.43 rows=100 width=0)
	        Index Cond: ((k >= 2814015) AND (k <= 2814115))

explain: for range-notcovered :: explain SELECT k, c FROM sbtest%d WHERE k BETWEEN 6349144 AND 6349244
explain: for range-notcovered :: explain SELECT k, c FROM sbtest%d WHERE k BETWEEN 4209613 AND 4209713
for range-notcovered
table 1 : explain SELECT k, c FROM sbtest1 WHERE k BETWEEN 5662288 AND 5662388
	Bitmap Heap Scan on sbtest1  (cost=5.42..385.66 rows=96 width=125)
	  Recheck Cond: ((k >= 5662288) AND (k <= 5662388))
	  ->  Bitmap Index Scan on k_1  (cost=0.00..5.39 rows=96 width=0)
	        Index Cond: ((k >= 5662288) AND (k <= 5662388))

table 2 : explain SELECT k, c FROM sbtest2 WHERE k BETWEEN 5662288 AND 5662388
	Bitmap Heap Scan on sbtest2  (cost=5.40..377.80 rows=94 width=125)
	  Recheck Cond: ((k >= 5662288) AND (k <= 5662388))
	  ->  Bitmap Index Scan on k_2  (cost=0.00..5.38 rows=94 width=0)
	        Index Cond: ((k >= 5662288) AND (k <= 5662388))

table 3 : explain SELECT k, c FROM sbtest3 WHERE k BETWEEN 5662288 AND 5662388
	Bitmap Heap Scan on sbtest3  (cost=5.53..429.06 rows=107 width=125)
	  Recheck Cond: ((k >= 5662288) AND (k <= 5662388))
	  ->  Bitmap Index Scan on k_3  (cost=0.00..5.50 rows=107 width=0)
	        Index Cond: ((k >= 5662288) AND (k <= 5662388))

table 4 : explain SELECT k, c FROM sbtest4 WHERE k BETWEEN 5662288 AND 5662388
	Bitmap Heap Scan on sbtest4  (cost=5.55..436.97 rows=109 width=125)
	  Recheck Cond: ((k >= 5662288) AND (k <= 5662388))
	  ->  Bitmap Index Scan on k_4  (cost=0.00..5.52 rows=109 width=0)
	        Index Cond: ((k >= 5662288) AND (k <= 5662388))

table 5 : explain SELECT k, c FROM sbtest5 WHERE k BETWEEN 5662288 AND 5662388
	Bitmap Heap Scan on sbtest5  (cost=5.35..358.10 rows=89 width=125)
	  Recheck Cond: ((k >= 5662288) AND (k <= 5662388))
	  ->  Bitmap Index Scan on k_5  (cost=0.00..5.32 rows=89 width=0)
	        Index Cond: ((k >= 5662288) AND (k <= 5662388))

table 6 : explain SELECT k, c FROM sbtest6 WHERE k BETWEEN 5662288 AND 5662388
	Bitmap Heap Scan on sbtest6  (cost=5.41..381.80 rows=95 width=125)
	  Recheck Cond: ((k >= 5662288) AND (k <= 5662388))
	  ->  Bitmap Index Scan on k_6  (cost=0.00..5.38 rows=95 width=0)
	        Index Cond: ((k >= 5662288) AND (k <= 5662388))

table 7 : explain SELECT k, c FROM sbtest7 WHERE k BETWEEN 5662288 AND 5662388
	Bitmap Heap Scan on sbtest7  (cost=5.54..433.06 rows=108 width=125)
	  Recheck Cond: ((k >= 5662288) AND (k <= 5662388))
	  ->  Bitmap Index Scan on k_7  (cost=0.00..5.51 rows=108 width=0)
	        Index Cond: ((k >= 5662288) AND (k <= 5662388))

table 8 : explain SELECT k, c FROM sbtest8 WHERE k BETWEEN 5662288 AND 5662388
	Bitmap Heap Scan on sbtest8  (cost=5.46..401.52 rows=100 width=125)
	  Recheck Cond: ((k >= 5662288) AND (k <= 5662388))
	  ->  Bitmap Index Scan on k_8  (cost=0.00..5.43 rows=100 width=0)
	        Index Cond: ((k >= 5662288) AND (k <= 5662388))

for range-notcovered
table 1 : explain SELECT k, c FROM sbtest1 WHERE k BETWEEN 7267824 AND 7267924
	Bitmap Heap Scan on sbtest1  (cost=5.74..507.73 rows=127 width=125)
	  Recheck Cond: ((k >= 7267824) AND (k <= 7267924))
	  ->  Bitmap Index Scan on k_1  (cost=0.00..5.70 rows=127 width=0)
	        Index Cond: ((k >= 7267824) AND (k <= 7267924))

table 2 : explain SELECT k, c FROM sbtest2 WHERE k BETWEEN 7267824 AND 7267924
	Bitmap Heap Scan on sbtest2  (cost=5.51..421.18 rows=105 width=125)
	  Recheck Cond: ((k >= 7267824) AND (k <= 7267924))
	  ->  Bitmap Index Scan on k_2  (cost=0.00..5.48 rows=105 width=0)
	        Index Cond: ((k >= 7267824) AND (k <= 7267924))

table 3 : explain SELECT k, c FROM sbtest3 WHERE k BETWEEN 7267824 AND 7267924
	Bitmap Heap Scan on sbtest3  (cost=5.53..429.06 rows=107 width=125)
	  Recheck Cond: ((k >= 7267824) AND (k <= 7267924))
	  ->  Bitmap Index Scan on k_3  (cost=0.00..5.50 rows=107 width=0)
	        Index Cond: ((k >= 7267824) AND (k <= 7267924))

table 4 : explain SELECT k, c FROM sbtest4 WHERE k BETWEEN 7267824 AND 7267924
	Bitmap Heap Scan on sbtest4  (cost=5.50..417.27 rows=104 width=125)
	  Recheck Cond: ((k >= 7267824) AND (k <= 7267924))
	  ->  Bitmap Index Scan on k_4  (cost=0.00..5.47 rows=104 width=0)
	        Index Cond: ((k >= 7267824) AND (k <= 7267924))

table 5 : explain SELECT k, c FROM sbtest5 WHERE k BETWEEN 7267824 AND 7267924
	Bitmap Heap Scan on sbtest5  (cost=5.56..440.91 rows=110 width=125)
	  Recheck Cond: ((k >= 7267824) AND (k <= 7267924))
	  ->  Bitmap Index Scan on k_5  (cost=0.00..5.53 rows=110 width=0)
	        Index Cond: ((k >= 7267824) AND (k <= 7267924))

table 6 : explain SELECT k, c FROM sbtest6 WHERE k BETWEEN 7267824 AND 7267924
	Bitmap Heap Scan on sbtest6  (cost=5.49..413.35 rows=103 width=125)
	  Recheck Cond: ((k >= 7267824) AND (k <= 7267924))
	  ->  Bitmap Index Scan on k_6  (cost=0.00..5.46 rows=103 width=0)
	        Index Cond: ((k >= 7267824) AND (k <= 7267924))

table 7 : explain SELECT k, c FROM sbtest7 WHERE k BETWEEN 7267824 AND 7267924
	Bitmap Heap Scan on sbtest7  (cost=5.48..409.41 rows=102 width=125)
	  Recheck Cond: ((k >= 7267824) AND (k <= 7267924))
	  ->  Bitmap Index Scan on k_7  (cost=0.00..5.45 rows=102 width=0)
	        Index Cond: ((k >= 7267824) AND (k <= 7267924))

table 8 : explain SELECT k, c FROM sbtest8 WHERE k BETWEEN 7267824 AND 7267924
	Bitmap Heap Scan on sbtest8  (cost=5.50..417.29 rows=104 width=125)
	  Recheck Cond: ((k >= 7267824) AND (k <= 7267924))
	  ->  Bitmap Index Scan on k_8  (cost=0.00..5.47 rows=104 width=0)
	        Index Cond: ((k >= 7267824) AND (k <= 7267924))

explain: for range-notcovered :: explain SELECT k, c FROM sbtest%d WHERE k BETWEEN 2814015 AND 2814115
explain: for range-notcovered :: explain SELECT k, c FROM sbtest%d WHERE k BETWEEN 6413332 AND 6413432
for range-notcovered
table 1 : explain SELECT k, c FROM sbtest1 WHERE k BETWEEN 4276750 AND 4276850
	Bitmap Heap Scan on sbtest1  (cost=5.43..389.61 rows=97 width=125)
	  Recheck Cond: ((k >= 4276750) AND (k <= 4276850))
	  ->  Bitmap Index Scan on k_1  (cost=0.00..5.40 rows=97 width=0)
	        Index Cond: ((k >= 4276750) AND (k <= 4276850))

table 2 : explain SELECT k, c FROM sbtest2 WHERE k BETWEEN 4276750 AND 4276850
	Bitmap Heap Scan on sbtest2  (cost=5.51..421.18 rows=105 width=125)
	  Recheck Cond: ((k >= 4276750) AND (k <= 4276850))
	  ->  Bitmap Index Scan on k_2  (cost=0.00..5.48 rows=105 width=0)
	        Index Cond: ((k >= 4276750) AND (k <= 4276850))

table 3 : explain SELECT k, c FROM sbtest3 WHERE k BETWEEN 4276750 AND 4276850
	Bitmap Heap Scan on sbtest3  (cost=5.40..377.81 rows=94 width=125)
	  Recheck Cond: ((k >= 4276750) AND (k <= 4276850))
	  ->  Bitmap Index Scan on k_3  (cost=0.00..5.38 rows=94 width=0)
	        Index Cond: ((k >= 4276750) AND (k <= 4276850))

table 4 : explain SELECT k, c FROM sbtest4 WHERE k BETWEEN 4276750 AND 4276850
	Bitmap Heap Scan on sbtest4  (cost=5.51..421.21 rows=105 width=125)
	  Recheck Cond: ((k >= 4276750) AND (k <= 4276850))
	  ->  Bitmap Index Scan on k_4  (cost=0.00..5.48 rows=105 width=0)
	        Index Cond: ((k >= 4276750) AND (k <= 4276850))

table 5 : explain SELECT k, c FROM sbtest5 WHERE k BETWEEN 4276750 AND 4276850
	Bitmap Heap Scan on sbtest5  (cost=5.55..436.97 rows=109 width=125)
	  Recheck Cond: ((k >= 4276750) AND (k <= 4276850))
	  ->  Bitmap Index Scan on k_5  (cost=0.00..5.52 rows=109 width=0)
	        Index Cond: ((k >= 4276750) AND (k <= 4276850))

table 6 : explain SELECT k, c FROM sbtest6 WHERE k BETWEEN 4276750 AND 4276850
	Bitmap Heap Scan on sbtest6  (cost=5.50..417.29 rows=104 width=125)
	  Recheck Cond: ((k >= 4276750) AND (k <= 4276850))
	  ->  Bitmap Index Scan on k_6  (cost=0.00..5.47 rows=104 width=0)
	        Index Cond: ((k >= 4276750) AND (k <= 4276850))

table 7 : explain SELECT k, c FROM sbtest7 WHERE k BETWEEN 4276750 AND 4276850
	Bitmap Heap Scan on sbtest7  (cost=5.46..401.52 rows=100 width=125)
	  Recheck Cond: ((k >= 4276750) AND (k <= 4276850))
	  ->  Bitmap Index Scan on k_7  (cost=0.00..5.43 rows=100 width=0)
	        Index Cond: ((k >= 4276750) AND (k <= 4276850))

table 8 : explain SELECT k, c FROM sbtest8 WHERE k BETWEEN 4276750 AND 4276850
	Bitmap Heap Scan on sbtest8  (cost=5.57..444.88 rows=111 width=125)
	  Recheck Cond: ((k >= 4276750) AND (k <= 4276850))
	  ->  Bitmap Index Scan on k_8  (cost=0.00..5.54 rows=111 width=0)
	        Index Cond: ((k >= 4276750) AND (k <= 4276850))

for range-notcovered
table 1 : explain SELECT k, c FROM sbtest1 WHERE k BETWEEN 8370214 AND 8370314
	Bitmap Heap Scan on sbtest1  (cost=5.51..421.14 rows=105 width=125)
	  Recheck Cond: ((k >= 8370214) AND (k <= 8370314))
	  ->  Bitmap Index Scan on k_1  (cost=0.00..5.48 rows=105 width=0)
	        Index Cond: ((k >= 8370214) AND (k <= 8370314))

table 2 : explain SELECT k, c FROM sbtest2 WHERE k BETWEEN 8370214 AND 8370314
	Bitmap Heap Scan on sbtest2  (cost=5.50..417.23 rows=104 width=125)
	  Recheck Cond: ((k >= 8370214) AND (k <= 8370314))
	  ->  Bitmap Index Scan on k_2  (cost=0.00..5.47 rows=104 width=0)
	        Index Cond: ((k >= 8370214) AND (k <= 8370314))

table 3 : explain SELECT k, c FROM sbtest3 WHERE k BETWEEN 8370214 AND 8370314
	Bitmap Heap Scan on sbtest3  (cost=5.44..393.58 rows=98 width=125)
	  Recheck Cond: ((k >= 8370214) AND (k <= 8370314))
	  ->  Bitmap Index Scan on k_3  (cost=0.00..5.42 rows=98 width=0)
	        Index Cond: ((k >= 8370214) AND (k <= 8370314))

table 4 : explain SELECT k, c FROM sbtest4 WHERE k BETWEEN 8370214 AND 8370314
	Bitmap Heap Scan on sbtest4  (cost=5.44..393.61 rows=98 width=125)
	  Recheck Cond: ((k >= 8370214) AND (k <= 8370314))
	  ->  Bitmap Index Scan on k_4  (cost=0.00..5.42 rows=98 width=0)
	        Index Cond: ((k >= 8370214) AND (k <= 8370314))

table 5 : explain SELECT k, c FROM sbtest5 WHERE k BETWEEN 8370214 AND 8370314
	Bitmap Heap Scan on sbtest5  (cost=5.46..401.50 rows=100 width=125)
	  Recheck Cond: ((k >= 8370214) AND (k <= 8370314))
	  ->  Bitmap Index Scan on k_5  (cost=0.00..5.43 rows=100 width=0)
	        Index Cond: ((k >= 8370214) AND (k <= 8370314))

table 6 : explain SELECT k, c FROM sbtest6 WHERE k BETWEEN 8370214 AND 8370314
	Bitmap Heap Scan on sbtest6  (cost=5.51..421.24 rows=105 width=125)
	  Recheck Cond: ((k >= 8370214) AND (k <= 8370314))
	  ->  Bitmap Index Scan on k_6  (cost=0.00..5.48 rows=105 width=0)
	        Index Cond: ((k >= 8370214) AND (k <= 8370314))

table 7 : explain SELECT k, c FROM sbtest7 WHERE k BETWEEN 8370214 AND 8370314
	Bitmap Heap Scan on sbtest7  (cost=5.46..401.52 rows=100 width=125)
	  Recheck Cond: ((k >= 8370214) AND (k <= 8370314))
	  ->  Bitmap Index Scan on k_7  (cost=0.00..5.43 rows=100 width=0)
	        Index Cond: ((k >= 8370214) AND (k <= 8370314))

table 8 : explain SELECT k, c FROM sbtest8 WHERE k BETWEEN 8370214 AND 8370314
	Bitmap Heap Scan on sbtest8  (cost=5.58..448.82 rows=112 width=125)
	  Recheck Cond: ((k >= 8370214) AND (k <= 8370314))
	  ->  Bitmap Index Scan on k_8  (cost=0.00..5.55 rows=112 width=0)
	        Index Cond: ((k >= 8370214) AND (k <= 8370314))

explain: for range-notcovered :: explain SELECT k, c FROM sbtest%d WHERE k BETWEEN 5662288 AND 5662388explain: for range-notcovered :: explain SELECT k, c FROM sbtest%d WHERE k BETWEEN 7267824 AND 7267924
explain: for range-notcovered :: explain SELECT k, c FROM sbtest%d WHERE k BETWEEN 5198029 AND 5198129

for range-notcovered
table 1 : explain SELECT k, c FROM sbtest1 WHERE k BETWEEN 6393573 AND 6393673
	Bitmap Heap Scan on sbtest1  (cost=5.50..417.20 rows=104 width=125)
	  Recheck Cond: ((k >= 6393573) AND (k <= 6393673))
	  ->  Bitmap Index Scan on k_1  (cost=0.00..5.47 rows=104 width=0)
	        Index Cond: ((k >= 6393573) AND (k <= 6393673))

table 2 : explain SELECT k, c FROM sbtest2 WHERE k BETWEEN 6393573 AND 6393673
	Bitmap Heap Scan on sbtest2  (cost=5.46..401.47 rows=100 width=125)
	  Recheck Cond: ((k >= 6393573) AND (k <= 6393673))
	  ->  Bitmap Index Scan on k_2  (cost=0.00..5.43 rows=100 width=0)
	        Index Cond: ((k >= 6393573) AND (k <= 6393673))

table 3 : explain SELECT k, c FROM sbtest3 WHERE k BETWEEN 6393573 AND 6393673
	Bitmap Heap Scan on sbtest3  (cost=5.48..409.36 rows=102 width=125)
	  Recheck Cond: ((k >= 6393573) AND (k <= 6393673))
	  ->  Bitmap Index Scan on k_3  (cost=0.00..5.45 rows=102 width=0)
	        Index Cond: ((k >= 6393573) AND (k <= 6393673))

table 4 : explain SELECT k, c FROM sbtest4 WHERE k BETWEEN 6393573 AND 6393673
	Bitmap Heap Scan on sbtest4  (cost=5.47..405.44 rows=101 width=125)
	  Recheck Cond: ((k >= 6393573) AND (k <= 6393673))
	  ->  Bitmap Index Scan on k_4  (cost=0.00..5.44 rows=101 width=0)
	        Index Cond: ((k >= 6393573) AND (k <= 6393673))

table 5 : explain SELECT k, c FROM sbtest5 WHERE k BETWEEN 6393573 AND 6393673
	Bitmap Heap Scan on sbtest5  (cost=5.47..405.44 rows=101 width=125)
	  Recheck Cond: ((k >= 6393573) AND (k <= 6393673))
	  ->  Bitmap Index Scan on k_5  (cost=0.00..5.44 rows=101 width=0)
	        Index Cond: ((k >= 6393573) AND (k <= 6393673))

table 6 : explain SELECT k, c FROM sbtest6 WHERE k BETWEEN 6393573 AND 6393673
	Bitmap Heap Scan on sbtest6  (cost=5.51..421.24 rows=105 width=125)
	  Recheck Cond: ((k >= 6393573) AND (k <= 6393673))
	  ->  Bitmap Index Scan on k_6  (cost=0.00..5.48 rows=105 width=0)
	        Index Cond: ((k >= 6393573) AND (k <= 6393673))

table 7 : explain SELECT k, c FROM sbtest7 WHERE k BETWEEN 6393573 AND 6393673
	Bitmap Heap Scan on sbtest7  (cost=5.50..417.29 rows=104 width=125)
	  Recheck Cond: ((k >= 6393573) AND (k <= 6393673))
	  ->  Bitmap Index Scan on k_7  (cost=0.00..5.47 rows=104 width=0)
	        Index Cond: ((k >= 6393573) AND (k <= 6393673))

table 8 : explain SELECT k, c FROM sbtest8 WHERE k BETWEEN 6393573 AND 6393673
	Bitmap Heap Scan on sbtest8  (cost=5.47..405.47 rows=101 width=125)
	  Recheck Cond: ((k >= 6393573) AND (k <= 6393673))
	  ->  Bitmap Index Scan on k_8  (cost=0.00..5.44 rows=101 width=0)
	        Index Cond: ((k >= 6393573) AND (k <= 6393673))

explain: for range-notcovered :: explain SELECT k, c FROM sbtest%d WHERE k BETWEEN 4276750 AND 4276850for range-notcovered
table 1 : explain SELECT k, c FROM sbtest1 WHERE k BETWEEN 231832 AND 231932
	Bitmap Heap Scan on sbtest1  (cost=5.53..429.02 rows=107 width=125)
	  Recheck Cond: ((k >= 231832) AND (k <= 231932))
	  ->  Bitmap Index Scan on k_1  (cost=0.00..5.50 rows=107 width=0)
	        Index Cond: ((k >= 231832) AND (k <= 231932))

table 2 : explain SELECT k, c FROM sbtest2 WHERE k BETWEEN 231832 AND 231932
	Bitmap Heap Scan on sbtest2  (cost=5.49..413.29 rows=103 width=125)
	  Recheck Cond: ((k >= 231832) AND (k <= 231932))
	  ->  Bitmap Index Scan on k_2  (cost=0.00..5.46 rows=103 width=0)
	        Index Cond: ((k >= 231832) AND (k <= 231932))

table 3 : explain SELECT k, c FROM sbtest3 WHERE k BETWEEN 231832 AND 231932
	Bitmap Heap Scan on sbtest3  (cost=5.48..409.36 rows=102 width=125)
	  Recheck Cond: ((k >= 231832) AND (k <= 231932))
	  ->  Bitmap Index Scan on k_3  (cost=0.00..5.45 rows=102 width=0)
	        Index Cond: ((k >= 231832) AND (k <= 231932))

table 4 : explain SELECT k, c FROM sbtest4 WHERE k BETWEEN 231832 AND 231932
	Bitmap Heap Scan on sbtest4  (cost=5.50..417.27 rows=104 width=125)
	  Recheck Cond: ((k >= 231832) AND (k <= 231932))
	  ->  Bitmap Index Scan on k_4  (cost=0.00..5.47 rows=104 width=0)
	        Index Cond: ((k >= 231832) AND (k <= 231932))

table 5 : explain SELECT k, c FROM sbtest5 WHERE k BETWEEN 231832 AND 231932
	Bitmap Heap Scan on sbtest5  (cost=5.42..385.72 rows=96 width=125)
	  Recheck Cond: ((k >= 231832) AND (k <= 231932))
	  ->  Bitmap Index Scan on k_5  (cost=0.00..5.39 rows=96 width=0)
	        Index Cond: ((k >= 231832) AND (k <= 231932))

table 6 : explain SELECT k, c FROM sbtest6 WHERE k BETWEEN 231832 AND 231932
	Bitmap Heap Scan on sbtest6  (cost=5.58..448.82 rows=112 width=125)
	  Recheck Cond: ((k >= 231832) AND (k <= 231932))
	  ->  Bitmap Index Scan on k_6  (cost=0.00..5.55 rows=112 width=0)
	        Index Cond: ((k >= 231832) AND (k <= 231932))

table 7 : explain SELECT k, c FROM sbtest7 WHERE k BETWEEN 231832 AND 231932
	Bitmap Heap Scan on sbtest7  (cost=5.48..409.41 rows=102 width=125)
	  Recheck Cond: ((k >= 231832) AND (k <= 231932))
	  ->  Bitmap Index Scan on k_7  (cost=0.00..5.45 rows=102 width=0)
	        Index Cond: ((k >= 231832) AND (k <= 231932))

table 8 : explain SELECT k, c FROM sbtest8 WHERE k BETWEEN 231832 AND 231932
	Bitmap Heap Scan on sbtest8  (cost=5.57..444.88 rows=111 width=125)
	  Recheck Cond: ((k >= 231832) AND (k <= 231932))
	  ->  Bitmap Index Scan on k_8  (cost=0.00..5.54 rows=111 width=0)
	        Index Cond: ((k >= 231832) AND (k <= 231932))


explain: for range-notcovered :: explain SELECT k, c FROM sbtest%d WHERE k BETWEEN 8370214 AND 8370314
for range-notcovered
table 1 : explain SELECT k, c FROM sbtest1 WHERE k BETWEEN 4395323 AND 4395423
	Bitmap Heap Scan on sbtest1  (cost=5.50..417.20 rows=104 width=125)
	  Recheck Cond: ((k >= 4395323) AND (k <= 4395423))
	  ->  Bitmap Index Scan on k_1  (cost=0.00..5.47 rows=104 width=0)
	        Index Cond: ((k >= 4395323) AND (k <= 4395423))

table 2 : explain SELECT k, c FROM sbtest2 WHERE k BETWEEN 4395323 AND 4395423
	Bitmap Heap Scan on sbtest2  (cost=5.60..456.63 rows=114 width=125)
	  Recheck Cond: ((k >= 4395323) AND (k <= 4395423))
	  ->  Bitmap Index Scan on k_2  (cost=0.00..5.58 rows=114 width=0)
	        Index Cond: ((k >= 4395323) AND (k <= 4395423))

table 3 : explain SELECT k, c FROM sbtest3 WHERE k BETWEEN 4395323 AND 4395423
	Bitmap Heap Scan on sbtest3  (cost=5.55..436.94 rows=109 width=125)
	  Recheck Cond: ((k >= 4395323) AND (k <= 4395423))
	  ->  Bitmap Index Scan on k_3  (cost=0.00..5.52 rows=109 width=0)
	        Index Cond: ((k >= 4395323) AND (k <= 4395423))

table 4 : explain SELECT k, c FROM sbtest4 WHERE k BETWEEN 4395323 AND 4395423
	Bitmap Heap Scan on sbtest4  (cost=5.44..393.61 rows=98 width=125)
	  Recheck Cond: ((k >= 4395323) AND (k <= 4395423))
	  ->  Bitmap Index Scan on k_4  (cost=0.00..5.42 rows=98 width=0)
	        Index Cond: ((k >= 4395323) AND (k <= 4395423))

table 5 : explain SELECT k, c FROM sbtest5 WHERE k BETWEEN 4395323 AND 4395423
	Bitmap Heap Scan on sbtest5  (cost=5.46..401.50 rows=100 width=125)
	  Recheck Cond: ((k >= 4395323) AND (k <= 4395423))
	  ->  Bitmap Index Scan on k_5  (cost=0.00..5.43 rows=100 width=0)
	        Index Cond: ((k >= 4395323) AND (k <= 4395423))

table 6 : explain SELECT k, c FROM sbtest6 WHERE k BETWEEN 4395323 AND 4395423
	Bitmap Heap Scan on sbtest6  (cost=5.45..397.58 rows=99 width=125)
	  Recheck Cond: ((k >= 4395323) AND (k <= 4395423))
	  ->  Bitmap Index Scan on k_6  (cost=0.00..5.42 rows=99 width=0)
	        Index Cond: ((k >= 4395323) AND (k <= 4395423))

table 7 : explain SELECT k, c FROM sbtest7 WHERE k BETWEEN 4395323 AND 4395423
	Bitmap Heap Scan on sbtest7  (cost=5.59..452.76 rows=113 width=125)
	  Recheck Cond: ((k >= 4395323) AND (k <= 4395423))
	  ->  Bitmap Index Scan on k_7  (cost=0.00..5.56 rows=113 width=0)
	        Index Cond: ((k >= 4395323) AND (k <= 4395423))

table 8 : explain SELECT k, c FROM sbtest8 WHERE k BETWEEN 4395323 AND 4395423
	Bitmap Heap Scan on sbtest8  (cost=5.42..385.74 rows=96 width=125)
	  Recheck Cond: ((k >= 4395323) AND (k <= 4395423))
	  ->  Bitmap Index Scan on k_8  (cost=0.00..5.39 rows=96 width=0)
	        Index Cond: ((k >= 4395323) AND (k <= 4395423))

explain: for range-notcovered :: explain SELECT k, c FROM sbtest%d WHERE k BETWEEN 6393573 AND 6393673
explain: for range-notcovered :: explain SELECT k, c FROM sbtest%d WHERE k BETWEEN 231832 AND 231932
for range-notcovered
table 1 : explain SELECT k, c FROM sbtest1 WHERE k BETWEEN 3169993 AND 3170093
	Bitmap Heap Scan on sbtest1  (cost=5.45..397.49 rows=99 width=125)
	  Recheck Cond: ((k >= 3169993) AND (k <= 3170093))
	  ->  Bitmap Index Scan on k_1  (cost=0.00..5.42 rows=99 width=0)
	        Index Cond: ((k >= 3169993) AND (k <= 3170093))

table 2 : explain SELECT k, c FROM sbtest2 WHERE k BETWEEN 3169993 AND 3170093
	Bitmap Heap Scan on sbtest2  (cost=5.42..385.69 rows=96 width=125)
	  Recheck Cond: ((k >= 3169993) AND (k <= 3170093))
	  ->  Bitmap Index Scan on k_2  (cost=0.00..5.39 rows=96 width=0)
	        Index Cond: ((k >= 3169993) AND (k <= 3170093))

table 3 : explain SELECT k, c FROM sbtest3 WHERE k BETWEEN 3169993 AND 3170093
	Bitmap Heap Scan on sbtest3  (cost=5.56..440.88 rows=110 width=125)
	  Recheck Cond: ((k >= 3169993) AND (k <= 3170093))
	  ->  Bitmap Index Scan on k_3  (cost=0.00..5.53 rows=110 width=0)
	        Index Cond: ((k >= 3169993) AND (k <= 3170093))

table 4 : explain SELECT k, c FROM sbtest4 WHERE k BETWEEN 3169993 AND 3170093
	Bitmap Heap Scan on sbtest4  (cost=5.53..429.09 rows=107 width=125)
	  Recheck Cond: ((k >= 3169993) AND (k <= 3170093))
	  ->  Bitmap Index Scan on k_4  (cost=0.00..5.50 rows=107 width=0)
	        Index Cond: ((k >= 3169993) AND (k <= 3170093))

table 5 : explain SELECT k, c FROM sbtest5 WHERE k BETWEEN 3169993 AND 3170093
	Bitmap Heap Scan on sbtest5  (cost=5.42..385.72 rows=96 width=125)
	  Recheck Cond: ((k >= 3169993) AND (k <= 3170093))
	  ->  Bitmap Index Scan on k_5  (cost=0.00..5.39 rows=96 width=0)
	        Index Cond: ((k >= 3169993) AND (k <= 3170093))

table 6 : explain SELECT k, c FROM sbtest6 WHERE k BETWEEN 3169993 AND 3170093
	Bitmap Heap Scan on sbtest6  (cost=5.38..369.96 rows=92 width=125)
	  Recheck Cond: ((k >= 3169993) AND (k <= 3170093))
	  ->  Bitmap Index Scan on k_6  (cost=0.00..5.35 rows=92 width=0)
	        Index Cond: ((k >= 3169993) AND (k <= 3170093))

table 7 : explain SELECT k, c FROM sbtest7 WHERE k BETWEEN 3169993 AND 3170093
	Bitmap Heap Scan on sbtest7  (cost=5.47..405.46 rows=101 width=125)
	  Recheck Cond: ((k >= 3169993) AND (k <= 3170093))
	  ->  Bitmap Index Scan on k_7  (cost=0.00..5.44 rows=101 width=0)
	        Index Cond: ((k >= 3169993) AND (k <= 3170093))

table 8 : explain SELECT k, c FROM sbtest8 WHERE k BETWEEN 3169993 AND 3170093
	Bitmap Heap Scan on sbtest8  (cost=5.47..405.47 rows=101 width=125)
	  Recheck Cond: ((k >= 3169993) AND (k <= 3170093))
	  ->  Bitmap Index Scan on k_8  (cost=0.00..5.44 rows=101 width=0)
	        Index Cond: ((k >= 3169993) AND (k <= 3170093))

for range-notcovered
table 1 : explain SELECT k, c FROM sbtest1 WHERE k BETWEEN 6479038 AND 6479138
	Bitmap Heap Scan on sbtest1  (cost=5.55..436.90 rows=109 width=125)
	  Recheck Cond: ((k >= 6479038) AND (k <= 6479138))
	  ->  Bitmap Index Scan on k_1  (cost=0.00..5.52 rows=109 width=0)
	        Index Cond: ((k >= 6479038) AND (k <= 6479138))

table 2 : explain SELECT k, c FROM sbtest2 WHERE k BETWEEN 6479038 AND 6479138
	Bitmap Heap Scan on sbtest2  (cost=5.46..401.47 rows=100 width=125)
	  Recheck Cond: ((k >= 6479038) AND (k <= 6479138))
	  ->  Bitmap Index Scan on k_2  (cost=0.00..5.43 rows=100 width=0)
	        Index Cond: ((k >= 6479038) AND (k <= 6479138))

table 3 : explain SELECT k, c FROM sbtest3 WHERE k BETWEEN 6479038 AND 6479138
	Bitmap Heap Scan on sbtest3  (cost=5.51..421.18 rows=105 width=125)
	  Recheck Cond: ((k >= 6479038) AND (k <= 6479138))
	  ->  Bitmap Index Scan on k_3  (cost=0.00..5.48 rows=105 width=0)
	        Index Cond: ((k >= 6479038) AND (k <= 6479138))

table 4 : explain SELECT k, c FROM sbtest4 WHERE k BETWEEN 6479038 AND 6479138
	Bitmap Heap Scan on sbtest4  (cost=5.47..405.44 rows=101 width=125)
	  Recheck Cond: ((k >= 6479038) AND (k <= 6479138))
	  ->  Bitmap Index Scan on k_4  (cost=0.00..5.44 rows=101 width=0)
	        Index Cond: ((k >= 6479038) AND (k <= 6479138))

table 5 : explain SELECT k, c FROM sbtest5 WHERE k BETWEEN 6479038 AND 6479138
	Bitmap Heap Scan on sbtest5  (cost=5.47..405.44 rows=101 width=125)
	  Recheck Cond: ((k >= 6479038) AND (k <= 6479138))
	  ->  Bitmap Index Scan on k_5  (cost=0.00..5.44 rows=101 width=0)
	        Index Cond: ((k >= 6479038) AND (k <= 6479138))

table 6 : explain SELECT k, c FROM sbtest6 WHERE k BETWEEN 6479038 AND 6479138
	Bitmap Heap Scan on sbtest6  (cost=5.49..413.35 rows=103 width=125)
	  Recheck Cond: ((k >= 6479038) AND (k <= 6479138))
	  ->  Bitmap Index Scan on k_6  (cost=0.00..5.46 rows=103 width=0)
	        Index Cond: ((k >= 6479038) AND (k <= 6479138))

table 7 : explain SELECT k, c FROM sbtest7 WHERE k BETWEEN 6479038 AND 6479138
	Bitmap Heap Scan on sbtest7  (cost=5.53..429.12 rows=107 width=125)
	  Recheck Cond: ((k >= 6479038) AND (k <= 6479138))
	  ->  Bitmap Index Scan on k_7  (cost=0.00..5.50 rows=107 width=0)
	        Index Cond: ((k >= 6479038) AND (k <= 6479138))

table 8 : explain SELECT k, c FROM sbtest8 WHERE k BETWEEN 6479038 AND 6479138
	Bitmap Heap Scan on sbtest8  (cost=5.46..401.52 rows=100 width=125)
	  Recheck Cond: ((k >= 6479038) AND (k <= 6479138))
	  ->  Bitmap Index Scan on k_8  (cost=0.00..5.43 rows=100 width=0)
	        Index Cond: ((k >= 6479038) AND (k <= 6479138))

for range-notcovered
table 1 : explain SELECT k, c FROM sbtest1 WHERE k BETWEEN 5046403 AND 5046503
	Bitmap Heap Scan on sbtest1  (cost=5.63..468.40 rows=117 width=125)
	  Recheck Cond: ((k >= 5046403) AND (k <= 5046503))
	  ->  Bitmap Index Scan on k_1  (cost=0.00..5.60 rows=117 width=0)
	        Index Cond: ((k >= 5046403) AND (k <= 5046503))

table 2 : explain SELECT k, c FROM sbtest2 WHERE k BETWEEN 5046403 AND 5046503
	Bitmap Heap Scan on sbtest2  (cost=5.49..413.29 rows=103 width=125)
	  Recheck Cond: ((k >= 5046403) AND (k <= 5046503))
	  ->  Bitmap Index Scan on k_2  (cost=0.00..5.46 rows=103 width=0)
	        Index Cond: ((k >= 5046403) AND (k <= 5046503))

table 3 : explain SELECT k, c FROM sbtest3 WHERE k BETWEEN 5046403 AND 5046503
	Bitmap Heap Scan on sbtest3  (cost=5.59..452.69 rows=113 width=125)
	  Recheck Cond: ((k >= 5046403) AND (k <= 5046503))
	  ->  Bitmap Index Scan on k_3  (cost=0.00..5.56 rows=113 width=0)
	        Index Cond: ((k >= 5046403) AND (k <= 5046503))

table 4 : explain SELECT k, c FROM sbtest4 WHERE k BETWEEN 5046403 AND 5046503
	Bitmap Heap Scan on sbtest4  (cost=5.43..389.66 rows=97 width=125)
	  Recheck Cond: ((k >= 5046403) AND (k <= 5046503))
	  ->  Bitmap Index Scan on k_4  (cost=0.00..5.40 rows=97 width=0)
	        Index Cond: ((k >= 5046403) AND (k <= 5046503))

table 5 : explain SELECT k, c FROM sbtest5 WHERE k BETWEEN 5046403 AND 5046503
	Bitmap Heap Scan on sbtest5  (cost=5.54..433.03 rows=108 width=125)
	  Recheck Cond: ((k >= 5046403) AND (k <= 5046503))
	  ->  Bitmap Index Scan on k_5  (cost=0.00..5.51 rows=108 width=0)
	        Index Cond: ((k >= 5046403) AND (k <= 5046503))

table 6 : explain SELECT k, c FROM sbtest6 WHERE k BETWEEN 5046403 AND 5046503
	Bitmap Heap Scan on sbtest6  (cost=5.45..397.58 rows=99 width=125)
	  Recheck Cond: ((k >= 5046403) AND (k <= 5046503))
	  ->  Bitmap Index Scan on k_6  (cost=0.00..5.42 rows=99 width=0)
	        Index Cond: ((k >= 5046403) AND (k <= 5046503))

table 7 : explain SELECT k, c FROM sbtest7 WHERE k BETWEEN 5046403 AND 5046503
	Bitmap Heap Scan on sbtest7  (cost=5.47..405.46 rows=101 width=125)
	  Recheck Cond: ((k >= 5046403) AND (k <= 5046503))
	  ->  Bitmap Index Scan on k_7  (cost=0.00..5.44 rows=101 width=0)
	        Index Cond: ((k >= 5046403) AND (k <= 5046503))

table 8 : explain SELECT k, c FROM sbtest8 WHERE k BETWEEN 5046403 AND 5046503
	Bitmap Heap Scan on sbtest8  (cost=5.44..393.63 rows=98 width=125)
	  Recheck Cond: ((k >= 5046403) AND (k <= 5046503))
	  ->  Bitmap Index Scan on k_8  (cost=0.00..5.42 rows=98 width=0)
	        Index Cond: ((k >= 5046403) AND (k <= 5046503))

for range-notcovered
table 1 : explain SELECT k, c FROM sbtest1 WHERE k BETWEEN 3569640 AND 3569740
	Bitmap Heap Scan on sbtest1  (cost=5.49..413.26 rows=103 width=125)
	  Recheck Cond: ((k >= 3569640) AND (k <= 3569740))
	  ->  Bitmap Index Scan on k_1  (cost=0.00..5.46 rows=103 width=0)
	        Index Cond: ((k >= 3569640) AND (k <= 3569740))

table 2 : explain SELECT k, c FROM sbtest2 WHERE k BETWEEN 3569640 AND 3569740
	Bitmap Heap Scan on sbtest2  (cost=5.54..433.00 rows=108 width=125)
	  Recheck Cond: ((k >= 3569640) AND (k <= 3569740))
	  ->  Bitmap Index Scan on k_2  (cost=0.00..5.51 rows=108 width=0)
	        Index Cond: ((k >= 3569640) AND (k <= 3569740))

table 3 : explain SELECT k, c FROM sbtest3 WHERE k BETWEEN 3569640 AND 3569740
	Bitmap Heap Scan on sbtest3  (cost=5.44..393.58 rows=98 width=125)
	  Recheck Cond: ((k >= 3569640) AND (k <= 3569740))
	  ->  Bitmap Index Scan on k_3  (cost=0.00..5.42 rows=98 width=0)
	        Index Cond: ((k >= 3569640) AND (k <= 3569740))

table 4 : explain SELECT k, c FROM sbtest4 WHERE k BETWEEN 3569640 AND 3569740
	Bitmap Heap Scan on sbtest4  (cost=5.47..405.44 rows=101 width=125)
	  Recheck Cond: ((k >= 3569640) AND (k <= 3569740))
	  ->  Bitmap Index Scan on k_4  (cost=0.00..5.44 rows=101 width=0)
	        Index Cond: ((k >= 3569640) AND (k <= 3569740))

table 5 : explain SELECT k, c FROM sbtest5 WHERE k BETWEEN 3569640 AND 3569740
	Bitmap Heap Scan on sbtest5  (cost=5.46..401.50 rows=100 width=125)
	  Recheck Cond: ((k >= 3569640) AND (k <= 3569740))
	  ->  Bitmap Index Scan on k_5  (cost=0.00..5.43 rows=100 width=0)
	        Index Cond: ((k >= 3569640) AND (k <= 3569740))

table 6 : explain SELECT k, c FROM sbtest6 WHERE k BETWEEN 3569640 AND 3569740
	Bitmap Heap Scan on sbtest6  (cost=5.46..401.52 rows=100 width=125)
	  Recheck Cond: ((k >= 3569640) AND (k <= 3569740))
	  ->  Bitmap Index Scan on k_6  (cost=0.00..5.43 rows=100 width=0)
	        Index Cond: ((k >= 3569640) AND (k <= 3569740))

table 7 : explain SELECT k, c FROM sbtest7 WHERE k BETWEEN 3569640 AND 3569740
	Bitmap Heap Scan on sbtest7  (cost=5.45..397.58 rows=99 width=125)
	  Recheck Cond: ((k >= 3569640) AND (k <= 3569740))
	  ->  Bitmap Index Scan on k_7  (cost=0.00..5.42 rows=99 width=0)
	        Index Cond: ((k >= 3569640) AND (k <= 3569740))

table 8 : explain SELECT k, c FROM sbtest8 WHERE k BETWEEN 3569640 AND 3569740
	Bitmap Heap Scan on sbtest8  (cost=5.48..409.41 rows=102 width=125)
	  Recheck Cond: ((k >= 3569640) AND (k <= 3569740))
	  ->  Bitmap Index Scan on k_8  (cost=0.00..5.45 rows=102 width=0)
	        Index Cond: ((k >= 3569640) AND (k <= 3569740))

for range-notcovered
table 1 : explain SELECT k, c FROM sbtest1 WHERE k BETWEEN 3701523 AND 3701623
	Bitmap Heap Scan on sbtest1  (cost=5.45..397.49 rows=99 width=125)
	  Recheck Cond: ((k >= 3701523) AND (k <= 3701623))
	  ->  Bitmap Index Scan on k_1  (cost=0.00..5.42 rows=99 width=0)
	        Index Cond: ((k >= 3701523) AND (k <= 3701623))

table 2 : explain SELECT k, c FROM sbtest2 WHERE k BETWEEN 3701523 AND 3701623
	Bitmap Heap Scan on sbtest2  (cost=5.49..413.29 rows=103 width=125)
	  Recheck Cond: ((k >= 3701523) AND (k <= 3701623))
	  ->  Bitmap Index Scan on k_2  (cost=0.00..5.46 rows=103 width=0)
	        Index Cond: ((k >= 3701523) AND (k <= 3701623))

table 3 : explain SELECT k, c FROM sbtest3 WHERE k BETWEEN 3701523 AND 3701623
	Bitmap Heap Scan on sbtest3  (cost=5.41..381.75 rows=95 width=125)
	  Recheck Cond: ((k >= 3701523) AND (k <= 3701623))
	  ->  Bitmap Index Scan on k_3  (cost=0.00..5.38 rows=95 width=0)
	        Index Cond: ((k >= 3701523) AND (k <= 3701623))

table 4 : explain SELECT k, c FROM sbtest4 WHERE k BETWEEN 3701523 AND 3701623
	Bitmap Heap Scan on sbtest4  (cost=5.41..381.77 rows=95 width=125)
	  Recheck Cond: ((k >= 3701523) AND (k <= 3701623))
	  ->  Bitmap Index Scan on k_4  (cost=0.00..5.38 rows=95 width=0)
	        Index Cond: ((k >= 3701523) AND (k <= 3701623))

table 5 : explain SELECT k, c FROM sbtest5 WHERE k BETWEEN 3701523 AND 3701623
	Bitmap Heap Scan on sbtest5  (cost=5.55..436.97 rows=109 width=125)
	  Recheck Cond: ((k >= 3701523) AND (k <= 3701623))
	  ->  Bitmap Index Scan on k_5  (cost=0.00..5.52 rows=109 width=0)
	        Index Cond: ((k >= 3701523) AND (k <= 3701623))

table 6 : explain SELECT k, c FROM sbtest6 WHERE k BETWEEN 3701523 AND 3701623
	Bitmap Heap Scan on sbtest6  (cost=5.42..385.74 rows=96 width=125)
	  Recheck Cond: ((k >= 3701523) AND (k <= 3701623))
	  ->  Bitmap Index Scan on k_6  (cost=0.00..5.39 rows=96 width=0)
	        Index Cond: ((k >= 3701523) AND (k <= 3701623))

table 7 : explain SELECT k, c FROM sbtest7 WHERE k BETWEEN 3701523 AND 3701623
	Bitmap Heap Scan on sbtest7  (cost=5.43..389.69 rows=97 width=125)
	  Recheck Cond: ((k >= 3701523) AND (k <= 3701623))
	  ->  Bitmap Index Scan on k_7  (cost=0.00..5.40 rows=97 width=0)
	        Index Cond: ((k >= 3701523) AND (k <= 3701623))

table 8 : explain SELECT k, c FROM sbtest8 WHERE k BETWEEN 3701523 AND 3701623
	Bitmap Heap Scan on sbtest8  (cost=5.49..413.35 rows=103 width=125)
	  Recheck Cond: ((k >= 3701523) AND (k <= 3701623))
	  ->  Bitmap Index Scan on k_8  (cost=0.00..5.46 rows=103 width=0)
	        Index Cond: ((k >= 3701523) AND (k <= 3701623))
explain: for range-notcovered :: explain SELECT k, c FROM sbtest%d WHERE k BETWEEN 3169993 AND 3170093
for range-notcovered
table 1 : explain SELECT k, c FROM sbtest1 WHERE k BETWEEN 8204642 AND 8204742
	Bitmap Heap Scan on sbtest1  (cost=5.50..417.20 rows=104 width=125)
	  Recheck Cond: ((k >= 8204642) AND (k <= 8204742))
	  ->  Bitmap Index Scan on k_1  (cost=0.00..5.47 rows=104 width=0)
	        Index Cond: ((k >= 8204642) AND (k <= 8204742))

table 2 : explain SELECT k, c FROM sbtest2 WHERE k BETWEEN 8204642 AND 8204742
	Bitmap Heap Scan on sbtest2  (cost=5.45..397.52 rows=99 width=125)
	  Recheck Cond: ((k >= 8204642) AND (k <= 8204742))
	  ->  Bitmap Index Scan on k_2  (cost=0.00..5.42 rows=99 width=0)
	        Index Cond: ((k >= 8204642) AND (k <= 8204742))

table 3 : explain SELECT k, c FROM sbtest3 WHERE k BETWEEN 8204642 AND 8204742
	Bitmap Heap Scan on sbtest3  (cost=5.43..389.64 rows=97 width=125)
	  Recheck Cond: ((k >= 8204642) AND (k <= 8204742))
	  ->  Bitmap Index Scan on k_3  (cost=0.00..5.40 rows=97 width=0)
	        Index Cond: ((k >= 8204642) AND (k <= 8204742))

table 4 : explain SELECT k, c FROM sbtest4 WHERE k BETWEEN 8204642 AND 8204742
	Bitmap Heap Scan on sbtest4  (cost=5.48..409.38 rows=102 width=125)
	  Recheck Cond: ((k >= 8204642) AND (k <= 8204742))
	  ->  Bitmap Index Scan on k_4  (cost=0.00..5.45 rows=102 width=0)
	        Index Cond: ((k >= 8204642) AND (k <= 8204742))

table 5 : explain SELECT k, c FROM sbtest5 WHERE k BETWEEN 8204642 AND 8204742
	Bitmap Heap Scan on sbtest5  (cost=5.50..417.27 rows=104 width=125)
	  Recheck Cond: ((k >= 8204642) AND (k <= 8204742))
	  ->  Bitmap Index Scan on k_5  (cost=0.00..5.47 rows=104 width=0)
	        Index Cond: ((k >= 8204642) AND (k <= 8204742))

table 6 : explain SELECT k, c FROM sbtest6 WHERE k BETWEEN 8204642 AND 8204742
	Bitmap Heap Scan on sbtest6  (cost=5.46..401.52 rows=100 width=125)
	  Recheck Cond: ((k >= 8204642) AND (k <= 8204742))
	  ->  Bitmap Index Scan on k_6  (cost=0.00..5.43 rows=100 width=0)
	        Index Cond: ((k >= 8204642) AND (k <= 8204742))

table 7 : explain SELECT k, c FROM sbtest7 WHERE k BETWEEN 8204642 AND 8204742
	Bitmap Heap Scan on sbtest7  (cost=5.50..417.29 rows=104 width=125)
	  Recheck Cond: ((k >= 8204642) AND (k <= 8204742))
	  ->  Bitmap Index Scan on k_7  (cost=0.00..5.47 rows=104 width=0)
	        Index Cond: ((k >= 8204642) AND (k <= 8204742))

table 8 : explain SELECT k, c FROM sbtest8 WHERE k BETWEEN 8204642 AND 8204742
	Bitmap Heap Scan on sbtest8  (cost=5.59..452.76 rows=113 width=125)
	  Recheck Cond: ((k >= 8204642) AND (k <= 8204742))
	  ->  Bitmap Index Scan on k_8  (cost=0.00..5.56 rows=113 width=0)
	        Index Cond: ((k >= 8204642) AND (k <= 8204742))

explain: for range-notcovered :: explain SELECT k, c FROM sbtest%d WHERE k BETWEEN 6479038 AND 6479138

explain: for range-notcovered :: explain SELECT k, c FROM sbtest%d WHERE k BETWEEN 4395323 AND 4395423explain: for range-notcovered :: explain SELECT k, c FROM sbtest%d WHERE k BETWEEN 5046403 AND 5046503

for range-notcovered
table 1 : explain SELECT k, c FROM sbtest1 WHERE k BETWEEN 5409911 AND 5410011
	Bitmap Heap Scan on sbtest1  (cost=5.58..448.71 rows=112 width=125)
	  Recheck Cond: ((k >= 5409911) AND (k <= 5410011))
	  ->  Bitmap Index Scan on k_1  (cost=0.00..5.55 rows=112 width=0)
	        Index Cond: ((k >= 5409911) AND (k <= 5410011))

table 2 : explain SELECT k, c FROM sbtest2 WHERE k BETWEEN 5409911 AND 5410011
	Bitmap Heap Scan on sbtest2  (cost=5.46..401.47 rows=100 width=125)
	  Recheck Cond: ((k >= 5409911) AND (k <= 5410011))
	  ->  Bitmap Index Scan on k_2  (cost=0.00..5.43 rows=100 width=0)
	        Index Cond: ((k >= 5409911) AND (k <= 5410011))

table 3 : explain SELECT k, c FROM sbtest3 WHERE k BETWEEN 5409911 AND 5410011
	Bitmap Heap Scan on sbtest3  (cost=5.49..413.30 rows=103 width=125)
	  Recheck Cond: ((k >= 5409911) AND (k <= 5410011))
	  ->  Bitmap Index Scan on k_3  (cost=0.00..5.46 rows=103 width=0)
	        Index Cond: ((k >= 5409911) AND (k <= 5410011))

table 4 : explain SELECT k, c FROM sbtest4 WHERE k BETWEEN 5409911 AND 5410011
	Bitmap Heap Scan on sbtest4  (cost=5.49..413.32 rows=103 width=125)
	  Recheck Cond: ((k >= 5409911) AND (k <= 5410011))
	  ->  Bitmap Index Scan on k_4  (cost=0.00..5.46 rows=103 width=0)
	        Index Cond: ((k >= 5409911) AND (k <= 5410011))

table 5 : explain SELECT k, c FROM sbtest5 WHERE k BETWEEN 5409911 AND 5410011
	Bitmap Heap Scan on sbtest5  (cost=5.47..405.44 rows=101 width=125)
	  Recheck Cond: ((k >= 5409911) AND (k <= 5410011))
	  ->  Bitmap Index Scan on k_5  (cost=0.00..5.44 rows=101 width=0)
	        Index Cond: ((k >= 5409911) AND (k <= 5410011))

table 6 : explain SELECT k, c FROM sbtest6 WHERE k BETWEEN 5409911 AND 5410011
	Bitmap Heap Scan on sbtest6  (cost=5.54..433.06 rows=108 width=125)
	  Recheck Cond: ((k >= 5409911) AND (k <= 5410011))
	  ->  Bitmap Index Scan on k_6  (cost=0.00..5.51 rows=108 width=0)
	        Index Cond: ((k >= 5409911) AND (k <= 5410011))

table 7 : explain SELECT k, c FROM sbtest7 WHERE k BETWEEN 5409911 AND 5410011
	Bitmap Heap Scan on sbtest7  (cost=5.56..440.94 rows=110 width=125)
	  Recheck Cond: ((k >= 5409911) AND (k <= 5410011))
	  ->  Bitmap Index Scan on k_7  (cost=0.00..5.53 rows=110 width=0)
	        Index Cond: ((k >= 5409911) AND (k <= 5410011))

table 8 : explain SELECT k, c FROM sbtest8 WHERE k BETWEEN 5409911 AND 5410011
	Bitmap Heap Scan on sbtest8  (cost=5.42..385.74 rows=96 width=125)
	  Recheck Cond: ((k >= 5409911) AND (k <= 5410011))
	  ->  Bitmap Index Scan on k_8  (cost=0.00..5.39 rows=96 width=0)
	        Index Cond: ((k >= 5409911) AND (k <= 5410011))

explain: for range-notcovered :: explain SELECT k, c FROM sbtest%d WHERE k BETWEEN 3569640 AND 3569740for range-notcovered
table 1 : explain SELECT k, c FROM sbtest1 WHERE k BETWEEN 4904265 AND 4904365
	Bitmap Heap Scan on sbtest1  (cost=5.43..389.61 rows=97 width=125)
	  Recheck Cond: ((k >= 4904265) AND (k <= 4904365))
	  ->  Bitmap Index Scan on k_1  (cost=0.00..5.40 rows=97 width=0)
	        Index Cond: ((k >= 4904265) AND (k <= 4904365))

table 2 : explain SELECT k, c FROM sbtest2 WHERE k BETWEEN 4904265 AND 4904365
	Bitmap Heap Scan on sbtest2  (cost=5.49..413.29 rows=103 width=125)
	  Recheck Cond: ((k >= 4904265) AND (k <= 4904365))
	  ->  Bitmap Index Scan on k_2  (cost=0.00..5.46 rows=103 width=0)
	        Index Cond: ((k >= 4904265) AND (k <= 4904365))

table 3 : explain SELECT k, c FROM sbtest3 WHERE k BETWEEN 4904265 AND 4904365
	Bitmap Heap Scan on sbtest3  (cost=5.51..421.18 rows=105 width=125)
	  Recheck Cond: ((k >= 4904265) AND (k <= 4904365))
	  ->  Bitmap Index Scan on k_3  (cost=0.00..5.48 rows=105 width=0)
	        Index Cond: ((k >= 4904265) AND (k <= 4904365))

table 4 : explain SELECT k, c FROM sbtest4 WHERE k BETWEEN 4904265 AND 4904365
	Bitmap Heap Scan on sbtest4  (cost=5.45..397.55 rows=99 width=125)
	  Recheck Cond: ((k >= 4904265) AND (k <= 4904365))
	  ->  Bitmap Index Scan on k_4  (cost=0.00..5.42 rows=99 width=0)
	        Index Cond: ((k >= 4904265) AND (k <= 4904365))

table 5 : explain SELECT k, c FROM sbtest5 WHERE k BETWEEN 4904265 AND 4904365
	Bitmap Heap Scan on sbtest5  (cost=5.51..421.21 rows=105 width=125)
	  Recheck Cond: ((k >= 4904265) AND (k <= 4904365))
	  ->  Bitmap Index Scan on k_5  (cost=0.00..5.48 rows=105 width=0)
	        Index Cond: ((k >= 4904265) AND (k <= 4904365))

table 6 : explain SELECT k, c FROM sbtest6 WHERE k BETWEEN 4904265 AND 4904365
	Bitmap Heap Scan on sbtest6  (cost=5.47..405.47 rows=101 width=125)
	  Recheck Cond: ((k >= 4904265) AND (k <= 4904365))
	  ->  Bitmap Index Scan on k_6  (cost=0.00..5.44 rows=101 width=0)
	        Index Cond: ((k >= 4904265) AND (k <= 4904365))

table 7 : explain SELECT k, c FROM sbtest7 WHERE k BETWEEN 4904265 AND 4904365
	Bitmap Heap Scan on sbtest7  (cost=5.48..409.41 rows=102 width=125)
	  Recheck Cond: ((k >= 4904265) AND (k <= 4904365))
	  ->  Bitmap Index Scan on k_7  (cost=0.00..5.45 rows=102 width=0)
	        Index Cond: ((k >= 4904265) AND (k <= 4904365))

table 8 : explain SELECT k, c FROM sbtest8 WHERE k BETWEEN 4904265 AND 4904365
	Bitmap Heap Scan on sbtest8  (cost=5.46..401.52 rows=100 width=125)
	  Recheck Cond: ((k >= 4904265) AND (k <= 4904365))
	  ->  Bitmap Index Scan on k_8  (cost=0.00..5.43 rows=100 width=0)
	        Index Cond: ((k >= 4904265) AND (k <= 4904365))

explain: for range-notcovered :: explain SELECT k, c FROM sbtest%d WHERE k BETWEEN 8204642 AND 8204742

explain: for range-notcovered :: explain SELECT k, c FROM sbtest%d WHERE k BETWEEN 3701523 AND 3701623
for range-notcovered
table 1 : explain SELECT k, c FROM sbtest1 WHERE k BETWEEN 7014798 AND 7014898
	Bitmap Heap Scan on sbtest1  (cost=5.54..432.96 rows=108 width=125)
	  Recheck Cond: ((k >= 7014798) AND (k <= 7014898))
	  ->  Bitmap Index Scan on k_1  (cost=0.00..5.51 rows=108 width=0)
	        Index Cond: ((k >= 7014798) AND (k <= 7014898))

table 2 : explain SELECT k, c FROM sbtest2 WHERE k BETWEEN 7014798 AND 7014898
	Bitmap Heap Scan on sbtest2  (cost=5.35..358.07 rows=89 width=125)
	  Recheck Cond: ((k >= 7014798) AND (k <= 7014898))
	  ->  Bitmap Index Scan on k_2  (cost=0.00..5.32 rows=89 width=0)
	        Index Cond: ((k >= 7014798) AND (k <= 7014898))

table 3 : explain SELECT k, c FROM sbtest3 WHERE k BETWEEN 7014798 AND 7014898
	Bitmap Heap Scan on sbtest3  (cost=5.46..401.47 rows=100 width=125)
	  Recheck Cond: ((k >= 7014798) AND (k <= 7014898))
	  ->  Bitmap Index Scan on k_3  (cost=0.00..5.43 rows=100 width=0)
	        Index Cond: ((k >= 7014798) AND (k <= 7014898))

table 4 : explain SELECT k, c FROM sbtest4 WHERE k BETWEEN 7014798 AND 7014898
	Bitmap Heap Scan on sbtest4  (cost=5.41..381.77 rows=95 width=125)
	  Recheck Cond: ((k >= 7014798) AND (k <= 7014898))
	  ->  Bitmap Index Scan on k_4  (cost=0.00..5.38 rows=95 width=0)
	        Index Cond: ((k >= 7014798) AND (k <= 7014898))

table 5 : explain SELECT k, c FROM sbtest5 WHERE k BETWEEN 7014798 AND 7014898
	Bitmap Heap Scan on sbtest5  (cost=5.56..440.91 rows=110 width=125)
	  Recheck Cond: ((k >= 7014798) AND (k <= 7014898))
	  ->  Bitmap Index Scan on k_5  (cost=0.00..5.53 rows=110 width=0)
	        Index Cond: ((k >= 7014798) AND (k <= 7014898))

table 6 : explain SELECT k, c FROM sbtest6 WHERE k BETWEEN 7014798 AND 7014898
	Bitmap Heap Scan on sbtest6  (cost=5.58..448.82 rows=112 width=125)
	  Recheck Cond: ((k >= 7014798) AND (k <= 7014898))
	  ->  Bitmap Index Scan on k_6  (cost=0.00..5.55 rows=112 width=0)
	        Index Cond: ((k >= 7014798) AND (k <= 7014898))

table 7 : explain SELECT k, c FROM sbtest7 WHERE k BETWEEN 7014798 AND 7014898
	Bitmap Heap Scan on sbtest7  (cost=5.45..397.58 rows=99 width=125)
	  Recheck Cond: ((k >= 7014798) AND (k <= 7014898))
	  ->  Bitmap Index Scan on k_7  (cost=0.00..5.42 rows=99 width=0)
	        Index Cond: ((k >= 7014798) AND (k <= 7014898))

table 8 : explain SELECT k, c FROM sbtest8 WHERE k BETWEEN 7014798 AND 7014898
	Bitmap Heap Scan on sbtest8  (cost=5.44..393.63 rows=98 width=125)
	  Recheck Cond: ((k >= 7014798) AND (k <= 7014898))
	  ->  Bitmap Index Scan on k_8  (cost=0.00..5.42 rows=98 width=0)
	        Index Cond: ((k >= 7014798) AND (k <= 7014898))

for range-notcovered
table 1 : explain SELECT k, c FROM sbtest1 WHERE k BETWEEN 3818532 AND 3818632
	Bitmap Heap Scan on sbtest1  (cost=5.47..405.38 rows=101 width=125)
	  Recheck Cond: ((k >= 3818532) AND (k <= 3818632))
	  ->  Bitmap Index Scan on k_1  (cost=0.00..5.44 rows=101 width=0)
	        Index Cond: ((k >= 3818532) AND (k <= 3818632))

table 2 : explain SELECT k, c FROM sbtest2 WHERE k BETWEEN 3818532 AND 3818632
	Bitmap Heap Scan on sbtest2  (cost=5.50..417.23 rows=104 width=125)
	  Recheck Cond: ((k >= 3818532) AND (k <= 3818632))
	  ->  Bitmap Index Scan on k_2  (cost=0.00..5.47 rows=104 width=0)
	        Index Cond: ((k >= 3818532) AND (k <= 3818632))

table 3 : explain SELECT k, c FROM sbtest3 WHERE k BETWEEN 3818532 AND 3818632
	Bitmap Heap Scan on sbtest3  (cost=5.50..417.24 rows=104 width=125)
	  Recheck Cond: ((k >= 3818532) AND (k <= 3818632))
	  ->  Bitmap Index Scan on k_3  (cost=0.00..5.47 rows=104 width=0)
	        Index Cond: ((k >= 3818532) AND (k <= 3818632))

table 4 : explain SELECT k, c FROM sbtest4 WHERE k BETWEEN 3818532 AND 3818632
	Bitmap Heap Scan on sbtest4  (cost=5.49..413.32 rows=103 width=125)
	  Recheck Cond: ((k >= 3818532) AND (k <= 3818632))
	  ->  Bitmap Index Scan on k_4  (cost=0.00..5.46 rows=103 width=0)
	        Index Cond: ((k >= 3818532) AND (k <= 3818632))

table 5 : explain SELECT k, c FROM sbtest5 WHERE k BETWEEN 3818532 AND 3818632
	Bitmap Heap Scan on sbtest5  (cost=5.45..397.56 rows=99 width=125)
	  Recheck Cond: ((k >= 3818532) AND (k <= 3818632))
	  ->  Bitmap Index Scan on k_5  (cost=0.00..5.42 rows=99 width=0)
	        Index Cond: ((k >= 3818532) AND (k <= 3818632))

table 6 : explain SELECT k, c FROM sbtest6 WHERE k BETWEEN 3818532 AND 3818632
	Bitmap Heap Scan on sbtest6  (cost=5.47..405.47 rows=101 width=125)
	  Recheck Cond: ((k >= 3818532) AND (k <= 3818632))
	  ->  Bitmap Index Scan on k_6  (cost=0.00..5.44 rows=101 width=0)
	        Index Cond: ((k >= 3818532) AND (k <= 3818632))

table 7 : explain SELECT k, c FROM sbtest7 WHERE k BETWEEN 3818532 AND 3818632
	Bitmap Heap Scan on sbtest7  (cost=5.50..417.29 rows=104 width=125)
	  Recheck Cond: ((k >= 3818532) AND (k <= 3818632))
	  ->  Bitmap Index Scan on k_7  (cost=0.00..5.47 rows=104 width=0)
	        Index Cond: ((k >= 3818532) AND (k <= 3818632))

table 8 : explain SELECT k, c FROM sbtest8 WHERE k BETWEEN 3818532 AND 3818632
	Bitmap Heap Scan on sbtest8  (cost=5.43..389.69 rows=97 width=125)
	  Recheck Cond: ((k >= 3818532) AND (k <= 3818632))
	  ->  Bitmap Index Scan on k_8  (cost=0.00..5.40 rows=97 width=0)
	        Index Cond: ((k >= 3818532) AND (k <= 3818632))

for range-notcovered
table 1 : explain SELECT k, c FROM sbtest1 WHERE k BETWEEN 2326923 AND 2327023
	Bitmap Heap Scan on sbtest1  (cost=5.32..346.20 rows=86 width=125)
	  Recheck Cond: ((k >= 2326923) AND (k <= 2327023))
	  ->  Bitmap Index Scan on k_1  (cost=0.00..5.29 rows=86 width=0)
	        Index Cond: ((k >= 2326923) AND (k <= 2327023))

table 2 : explain SELECT k, c FROM sbtest2 WHERE k BETWEEN 2326923 AND 2327023
	Bitmap Heap Scan on sbtest2  (cost=5.59..452.69 rows=113 width=125)
	  Recheck Cond: ((k >= 2326923) AND (k <= 2327023))
	  ->  Bitmap Index Scan on k_2  (cost=0.00..5.56 rows=113 width=0)
	        Index Cond: ((k >= 2326923) AND (k <= 2327023))

table 3 : explain SELECT k, c FROM sbtest3 WHERE k BETWEEN 2326923 AND 2327023
	Bitmap Heap Scan on sbtest3  (cost=5.42..385.70 rows=96 width=125)
	  Recheck Cond: ((k >= 2326923) AND (k <= 2327023))
	  ->  Bitmap Index Scan on k_3  (cost=0.00..5.39 rows=96 width=0)
	        Index Cond: ((k >= 2326923) AND (k <= 2327023))

table 4 : explain SELECT k, c FROM sbtest4 WHERE k BETWEEN 2326923 AND 2327023
	Bitmap Heap Scan on sbtest4  (cost=5.41..381.77 rows=95 width=125)
	  Recheck Cond: ((k >= 2326923) AND (k <= 2327023))
	  ->  Bitmap Index Scan on k_4  (cost=0.00..5.38 rows=95 width=0)
	        Index Cond: ((k >= 2326923) AND (k <= 2327023))

table 5 : explain SELECT k, c FROM sbtest5 WHERE k BETWEEN 2326923 AND 2327023
	Bitmap Heap Scan on sbtest5  (cost=5.55..436.97 rows=109 width=125)
	  Recheck Cond: ((k >= 2326923) AND (k <= 2327023))
	  ->  Bitmap Index Scan on k_5  (cost=0.00..5.52 rows=109 width=0)
	        Index Cond: ((k >= 2326923) AND (k <= 2327023))

table 6 : explain SELECT k, c FROM sbtest6 WHERE k BETWEEN 2326923 AND 2327023
	Bitmap Heap Scan on sbtest6  (cost=5.53..429.12 rows=107 width=125)
	  Recheck Cond: ((k >= 2326923) AND (k <= 2327023))
	  ->  Bitmap Index Scan on k_6  (cost=0.00..5.50 rows=107 width=0)
	        Index Cond: ((k >= 2326923) AND (k <= 2327023))

table 7 : explain SELECT k, c FROM sbtest7 WHERE k BETWEEN 2326923 AND 2327023
	Bitmap Heap Scan on sbtest7  (cost=5.45..397.58 rows=99 width=125)
	  Recheck Cond: ((k >= 2326923) AND (k <= 2327023))
	  ->  Bitmap Index Scan on k_7  (cost=0.00..5.42 rows=99 width=0)
	        Index Cond: ((k >= 2326923) AND (k <= 2327023))

table 8 : explain SELECT k, c FROM sbtest8 WHERE k BETWEEN 2326923 AND 2327023
	Bitmap Heap Scan on sbtest8  (cost=5.44..393.63 rows=98 width=125)
	  Recheck Cond: ((k >= 2326923) AND (k <= 2327023))
	  ->  Bitmap Index Scan on k_8  (cost=0.00..5.42 rows=98 width=0)
	        Index Cond: ((k >= 2326923) AND (k <= 2327023))
for range-notcovered
table 1 : explain SELECT k, c FROM sbtest1 WHERE k BETWEEN 4378422 AND 4378522
	Bitmap Heap Scan on sbtest1  (cost=5.50..417.20 rows=104 width=125)
	  Recheck Cond: ((k >= 4378422) AND (k <= 4378522))
	  ->  Bitmap Index Scan on k_1  (cost=0.00..5.47 rows=104 width=0)
	        Index Cond: ((k >= 4378422) AND (k <= 4378522))

table 2 : explain SELECT k, c FROM sbtest2 WHERE k BETWEEN 4378422 AND 4378522
	Bitmap Heap Scan on sbtest2  (cost=5.60..456.63 rows=114 width=125)
	  Recheck Cond: ((k >= 4378422) AND (k <= 4378522))
	  ->  Bitmap Index Scan on k_2  (cost=0.00..5.58 rows=114 width=0)
	        Index Cond: ((k >= 4378422) AND (k <= 4378522))

table 3 : explain SELECT k, c FROM sbtest3 WHERE k BETWEEN 4378422 AND 4378522
	Bitmap Heap Scan on sbtest3  (cost=5.42..385.70 rows=96 width=125)
	  Recheck Cond: ((k >= 4378422) AND (k <= 4378522))
	  ->  Bitmap Index Scan on k_3  (cost=0.00..5.39 rows=96 width=0)
	        Index Cond: ((k >= 4378422) AND (k <= 4378522))

table 4 : explain SELECT k, c FROM sbtest4 WHERE k BETWEEN 4378422 AND 4378522
	Bitmap Heap Scan on sbtest4  (cost=5.44..393.61 rows=98 width=125)
	  Recheck Cond: ((k >= 4378422) AND (k <= 4378522))
	  ->  Bitmap Index Scan on k_4  (cost=0.00..5.42 rows=98 width=0)
	        Index Cond: ((k >= 4378422) AND (k <= 4378522))

table 5 : explain SELECT k, c FROM sbtest5 WHERE k BETWEEN 4378422 AND 4378522
	Bitmap Heap Scan on sbtest5  (cost=5.46..401.50 rows=100 width=125)
	  Recheck Cond: ((k >= 4378422) AND (k <= 4378522))
	  ->  Bitmap Index Scan on k_5  (cost=0.00..5.43 rows=100 width=0)
	        Index Cond: ((k >= 4378422) AND (k <= 4378522))

table 6 : explain SELECT k, c FROM sbtest6 WHERE k BETWEEN 4378422 AND 4378522
	Bitmap Heap Scan on sbtest6  (cost=5.49..413.35 rows=103 width=125)
	  Recheck Cond: ((k >= 4378422) AND (k <= 4378522))
	  ->  Bitmap Index Scan on k_6  (cost=0.00..5.46 rows=103 width=0)
	        Index Cond: ((k >= 4378422) AND (k <= 4378522))

table 7 : explain SELECT k, c FROM sbtest7 WHERE k BETWEEN 4378422 AND 4378522
	Bitmap Heap Scan on sbtest7  (cost=5.59..452.76 rows=113 width=125)
	  Recheck Cond: ((k >= 4378422) AND (k <= 4378522))
	  ->  Bitmap Index Scan on k_7  (cost=0.00..5.56 rows=113 width=0)
	        Index Cond: ((k >= 4378422) AND (k <= 4378522))

table 8 : explain SELECT k, c FROM sbtest8 WHERE k BETWEEN 4378422 AND 4378522
	Bitmap Heap Scan on sbtest8  (cost=5.55..437.00 rows=109 width=125)
	  Recheck Cond: ((k >= 4378422) AND (k <= 4378522))
	  ->  Bitmap Index Scan on k_8  (cost=0.00..5.52 rows=109 width=0)
	        Index Cond: ((k >= 4378422) AND (k <= 4378522))

explain: for range-notcovered :: explain SELECT k, c FROM sbtest%d WHERE k BETWEEN 4904265 AND 4904365for range-notcovered
table 1 : explain SELECT k, c FROM sbtest1 WHERE k BETWEEN 2168939 AND 2169039
	Bitmap Heap Scan on sbtest1  (cost=5.36..361.99 rows=90 width=125)
	  Recheck Cond: ((k >= 2168939) AND (k <= 2169039))
	  ->  Bitmap Index Scan on k_1  (cost=0.00..5.33 rows=90 width=0)
	        Index Cond: ((k >= 2168939) AND (k <= 2169039))

table 2 : explain SELECT k, c FROM sbtest2 WHERE k BETWEEN 2168939 AND 2169039
	Bitmap Heap Scan on sbtest2  (cost=5.44..393.58 rows=98 width=125)
	  Recheck Cond: ((k >= 2168939) AND (k <= 2169039))
	  ->  Bitmap Index Scan on k_2  (cost=0.00..5.42 rows=98 width=0)
	        Index Cond: ((k >= 2168939) AND (k <= 2169039))

table 3 : explain SELECT k, c FROM sbtest3 WHERE k BETWEEN 2168939 AND 2169039
	Bitmap Heap Scan on sbtest3  (cost=5.58..448.76 rows=112 width=125)
	  Recheck Cond: ((k >= 2168939) AND (k <= 2169039))
	  ->  Bitmap Index Scan on k_3  (cost=0.00..5.55 rows=112 width=0)
	        Index Cond: ((k >= 2168939) AND (k <= 2169039))

table 4 : explain SELECT k, c FROM sbtest4 WHERE k BETWEEN 2168939 AND 2169039
	Bitmap Heap Scan on sbtest4  (cost=5.41..381.77 rows=95 width=125)
	  Recheck Cond: ((k >= 2168939) AND (k <= 2169039))
	  ->  Bitmap Index Scan on k_4  (cost=0.00..5.38 rows=95 width=0)
	        Index Cond: ((k >= 2168939) AND (k <= 2169039))

table 5 : explain SELECT k, c FROM sbtest5 WHERE k BETWEEN 2168939 AND 2169039
	Bitmap Heap Scan on sbtest5  (cost=5.52..425.15 rows=106 width=125)
	  Recheck Cond: ((k >= 2168939) AND (k <= 2169039))
	  ->  Bitmap Index Scan on k_5  (cost=0.00..5.50 rows=106 width=0)
	        Index Cond: ((k >= 2168939) AND (k <= 2169039))

table 6 : explain SELECT k, c FROM sbtest6 WHERE k BETWEEN 2168939 AND 2169039
	Bitmap Heap Scan on sbtest6  (cost=5.57..444.88 rows=111 width=125)
	  Recheck Cond: ((k >= 2168939) AND (k <= 2169039))
	  ->  Bitmap Index Scan on k_6  (cost=0.00..5.54 rows=111 width=0)
	        Index Cond: ((k >= 2168939) AND (k <= 2169039))

table 7 : explain SELECT k, c FROM sbtest7 WHERE k BETWEEN 2168939 AND 2169039
	Bitmap Heap Scan on sbtest7  (cost=5.53..429.12 rows=107 width=125)
	  Recheck Cond: ((k >= 2168939) AND (k <= 2169039))
	  ->  Bitmap Index Scan on k_7  (cost=0.00..5.50 rows=107 width=0)
	        Index Cond: ((k >= 2168939) AND (k <= 2169039))

table 8 : explain SELECT k, c FROM sbtest8 WHERE k BETWEEN 2168939 AND 2169039
	Bitmap Heap Scan on sbtest8  (cost=5.61..460.63 rows=115 width=125)
	  Recheck Cond: ((k >= 2168939) AND (k <= 2169039))
	  ->  Bitmap Index Scan on k_8  (cost=0.00..5.58 rows=115 width=0)
	        Index Cond: ((k >= 2168939) AND (k <= 2169039))

explain: for range-notcovered :: explain SELECT k, c FROM sbtest%d WHERE k BETWEEN 5409911 AND 5410011

for range-notcovered
table 1 : explain SELECT k, c FROM sbtest1 WHERE k BETWEEN 1917812 AND 1917912
	Bitmap Heap Scan on sbtest1  (cost=5.51..421.14 rows=105 width=125)
	  Recheck Cond: ((k >= 1917812) AND (k <= 1917912))
	  ->  Bitmap Index Scan on k_1  (cost=0.00..5.48 rows=105 width=0)
	        Index Cond: ((k >= 1917812) AND (k <= 1917912))

table 2 : explain SELECT k, c FROM sbtest2 WHERE k BETWEEN 1917812 AND 1917912
	Bitmap Heap Scan on sbtest2  (cost=5.41..381.75 rows=95 width=125)
	  Recheck Cond: ((k >= 1917812) AND (k <= 1917912))
	  ->  Bitmap Index Scan on k_2  (cost=0.00..5.38 rows=95 width=0)
	        Index Cond: ((k >= 1917812) AND (k <= 1917912))

table 3 : explain SELECT k, c FROM sbtest3 WHERE k BETWEEN 1917812 AND 1917912
	Bitmap Heap Scan on sbtest3  (cost=5.42..385.70 rows=96 width=125)
	  Recheck Cond: ((k >= 1917812) AND (k <= 1917912))
	  ->  Bitmap Index Scan on k_3  (cost=0.00..5.39 rows=96 width=0)
	        Index Cond: ((k >= 1917812) AND (k <= 1917912))

table 4 : explain SELECT k, c FROM sbtest4 WHERE k BETWEEN 1917812 AND 1917912
	Bitmap Heap Scan on sbtest4  (cost=5.49..413.32 rows=103 width=125)
	  Recheck Cond: ((k >= 1917812) AND (k <= 1917912))
	  ->  Bitmap Index Scan on k_4  (cost=0.00..5.46 rows=103 width=0)
	        Index Cond: ((k >= 1917812) AND (k <= 1917912))

table 5 : explain SELECT k, c FROM sbtest5 WHERE k BETWEEN 1917812 AND 1917912
	Bitmap Heap Scan on sbtest5  (cost=5.44..393.61 rows=98 width=125)
	  Recheck Cond: ((k >= 1917812) AND (k <= 1917912))
	  ->  Bitmap Index Scan on k_5  (cost=0.00..5.42 rows=98 width=0)
	        Index Cond: ((k >= 1917812) AND (k <= 1917912))

table 6 : explain SELECT k, c FROM sbtest6 WHERE k BETWEEN 1917812 AND 1917912
	Bitmap Heap Scan on sbtest6  (cost=5.49..413.35 rows=103 width=125)
	  Recheck Cond: ((k >= 1917812) AND (k <= 1917912))
	  ->  Bitmap Index Scan on k_6  (cost=0.00..5.46 rows=103 width=0)
	        Index Cond: ((k >= 1917812) AND (k <= 1917912))

table 7 : explain SELECT k, c FROM sbtest7 WHERE k BETWEEN 1917812 AND 1917912
	Bitmap Heap Scan on sbtest7  (cost=5.50..417.29 rows=104 width=125)
	  Recheck Cond: ((k >= 1917812) AND (k <= 1917912))
	  ->  Bitmap Index Scan on k_7  (cost=0.00..5.47 rows=104 width=0)
	        Index Cond: ((k >= 1917812) AND (k <= 1917912))

table 8 : explain SELECT k, c FROM sbtest8 WHERE k BETWEEN 1917812 AND 1917912
	Bitmap Heap Scan on sbtest8  (cost=5.60..456.70 rows=114 width=125)
	  Recheck Cond: ((k >= 1917812) AND (k <= 1917912))
	  ->  Bitmap Index Scan on k_8  (cost=0.00..5.58 rows=114 width=0)
	        Index Cond: ((k >= 1917812) AND (k <= 1917912))

for range-notcovered
table 1 : explain SELECT k, c FROM sbtest1 WHERE k BETWEEN 2722345 AND 2722445
	Bitmap Heap Scan on sbtest1  (cost=5.55..436.90 rows=109 width=125)
	  Recheck Cond: ((k >= 2722345) AND (k <= 2722445))
	  ->  Bitmap Index Scan on k_1  (cost=0.00..5.52 rows=109 width=0)
	        Index Cond: ((k >= 2722345) AND (k <= 2722445))

table 2 : explain SELECT k, c FROM sbtest2 WHERE k BETWEEN 2722345 AND 2722445
	Bitmap Heap Scan on sbtest2  (cost=5.51..421.18 rows=105 width=125)
	  Recheck Cond: ((k >= 2722345) AND (k <= 2722445))
	  ->  Bitmap Index Scan on k_2  (cost=0.00..5.48 rows=105 width=0)
	        Index Cond: ((k >= 2722345) AND (k <= 2722445))

table 3 : explain SELECT k, c FROM sbtest3 WHERE k BETWEEN 2722345 AND 2722445
	Bitmap Heap Scan on sbtest3  (cost=5.48..409.36 rows=102 width=125)
	  Recheck Cond: ((k >= 2722345) AND (k <= 2722445))
	  ->  Bitmap Index Scan on k_3  (cost=0.00..5.45 rows=102 width=0)
	        Index Cond: ((k >= 2722345) AND (k <= 2722445))

table 4 : explain SELECT k, c FROM sbtest4 WHERE k BETWEEN 2722345 AND 2722445
	Bitmap Heap Scan on sbtest4  (cost=5.48..409.38 rows=102 width=125)
	  Recheck Cond: ((k >= 2722345) AND (k <= 2722445))
	  ->  Bitmap Index Scan on k_4  (cost=0.00..5.45 rows=102 width=0)
	        Index Cond: ((k >= 2722345) AND (k <= 2722445))

table 5 : explain SELECT k, c FROM sbtest5 WHERE k BETWEEN 2722345 AND 2722445
	Bitmap Heap Scan on sbtest5  (cost=5.52..425.15 rows=106 width=125)
	  Recheck Cond: ((k >= 2722345) AND (k <= 2722445))
	  ->  Bitmap Index Scan on k_5  (cost=0.00..5.50 rows=106 width=0)
	        Index Cond: ((k >= 2722345) AND (k <= 2722445))

table 6 : explain SELECT k, c FROM sbtest6 WHERE k BETWEEN 2722345 AND 2722445
	Bitmap Heap Scan on sbtest6  (cost=5.51..421.24 rows=105 width=125)
	  Recheck Cond: ((k >= 2722345) AND (k <= 2722445))
	  ->  Bitmap Index Scan on k_6  (cost=0.00..5.48 rows=105 width=0)
	        Index Cond: ((k >= 2722345) AND (k <= 2722445))

table 7 : explain SELECT k, c FROM sbtest7 WHERE k BETWEEN 2722345 AND 2722445
	Bitmap Heap Scan on sbtest7  (cost=5.41..381.80 rows=95 width=125)
	  Recheck Cond: ((k >= 2722345) AND (k <= 2722445))
	  ->  Bitmap Index Scan on k_7  (cost=0.00..5.38 rows=95 width=0)
	        Index Cond: ((k >= 2722345) AND (k <= 2722445))

table 8 : explain SELECT k, c FROM sbtest8 WHERE k BETWEEN 2722345 AND 2722445
	Bitmap Heap Scan on sbtest8  (cost=5.43..389.69 rows=97 width=125)
	  Recheck Cond: ((k >= 2722345) AND (k <= 2722445))
	  ->  Bitmap Index Scan on k_8  (cost=0.00..5.40 rows=97 width=0)
	        Index Cond: ((k >= 2722345) AND (k <= 2722445))
for range-notcovered
table 1 : explain SELECT k, c FROM sbtest1 WHERE k BETWEEN 6349144 AND 6349244
	Bitmap Heap Scan on sbtest1  (cost=5.50..417.20 rows=104 width=125)
	  Recheck Cond: ((k >= 6349144) AND (k <= 6349244))
	  ->  Bitmap Index Scan on k_1  (cost=0.00..5.47 rows=104 width=0)
	        Index Cond: ((k >= 6349144) AND (k <= 6349244))

table 2 : explain SELECT k, c FROM sbtest2 WHERE k BETWEEN 6349144 AND 6349244
	Bitmap Heap Scan on sbtest2  (cost=5.38..369.91 rows=92 width=125)
	  Recheck Cond: ((k >= 6349144) AND (k <= 6349244))
	  ->  Bitmap Index Scan on k_2  (cost=0.00..5.35 rows=92 width=0)
	        Index Cond: ((k >= 6349144) AND (k <= 6349244))

table 3 : explain SELECT k, c FROM sbtest3 WHERE k BETWEEN 6349144 AND 6349244
	Bitmap Heap Scan on sbtest3  (cost=5.48..409.36 rows=102 width=125)
	  Recheck Cond: ((k >= 6349144) AND (k <= 6349244))
	  ->  Bitmap Index Scan on k_3  (cost=0.00..5.45 rows=102 width=0)
	        Index Cond: ((k >= 6349144) AND (k <= 6349244))

table 4 : explain SELECT k, c FROM sbtest4 WHERE k BETWEEN 6349144 AND 6349244
	Bitmap Heap Scan on sbtest4  (cost=5.41..381.77 rows=95 width=125)
	  Recheck Cond: ((k >= 6349144) AND (k <= 6349244))
	  ->  Bitmap Index Scan on k_4  (cost=0.00..5.38 rows=95 width=0)
	        Index Cond: ((k >= 6349144) AND (k <= 6349244))

table 5 : explain SELECT k, c FROM sbtest5 WHERE k BETWEEN 6349144 AND 6349244
	Bitmap Heap Scan on sbtest5  (cost=5.43..389.67 rows=97 width=125)
	  Recheck Cond: ((k >= 6349144) AND (k <= 6349244))
	  ->  Bitmap Index Scan on k_5  (cost=0.00..5.40 rows=97 width=0)
	        Index Cond: ((k >= 6349144) AND (k <= 6349244))

table 6 : explain SELECT k, c FROM sbtest6 WHERE k BETWEEN 6349144 AND 6349244
	Bitmap Heap Scan on sbtest6  (cost=5.47..405.47 rows=101 width=125)
	  Recheck Cond: ((k >= 6349144) AND (k <= 6349244))
	  ->  Bitmap Index Scan on k_6  (cost=0.00..5.44 rows=101 width=0)
	        Index Cond: ((k >= 6349144) AND (k <= 6349244))

table 7 : explain SELECT k, c FROM sbtest7 WHERE k BETWEEN 6349144 AND 6349244
	Bitmap Heap Scan on sbtest7  (cost=5.60..456.69 rows=114 width=125)
	  Recheck Cond: ((k >= 6349144) AND (k <= 6349244))
	  ->  Bitmap Index Scan on k_7  (cost=0.00..5.58 rows=114 width=0)
	        Index Cond: ((k >= 6349144) AND (k <= 6349244))

table 8 : explain SELECT k, c FROM sbtest8 WHERE k BETWEEN 6349144 AND 6349244
	Bitmap Heap Scan on sbtest8  (cost=5.47..405.47 rows=101 width=125)
	  Recheck Cond: ((k >= 6349144) AND (k <= 6349244))
	  ->  Bitmap Index Scan on k_8  (cost=0.00..5.44 rows=101 width=0)
	        Index Cond: ((k >= 6349144) AND (k <= 6349244))

for range-notcovered
table 1 : explain SELECT k, c FROM sbtest1 WHERE k BETWEEN 4989850 AND 4989950
	Bitmap Heap Scan on sbtest1  (cost=5.57..444.78 rows=111 width=125)
	  Recheck Cond: ((k >= 4989850) AND (k <= 4989950))
	  ->  Bitmap Index Scan on k_1  (cost=0.00..5.54 rows=111 width=0)
	        Index Cond: ((k >= 4989850) AND (k <= 4989950))

table 2 : explain SELECT k, c FROM sbtest2 WHERE k BETWEEN 4989850 AND 4989950
	Bitmap Heap Scan on sbtest2  (cost=5.49..413.29 rows=103 width=125)
	  Recheck Cond: ((k >= 4989850) AND (k <= 4989950))
	  ->  Bitmap Index Scan on k_2  (cost=0.00..5.46 rows=103 width=0)
	        Index Cond: ((k >= 4989850) AND (k <= 4989950))

table 3 : explain SELECT k, c FROM sbtest3 WHERE k BETWEEN 4989850 AND 4989950
	Bitmap Heap Scan on sbtest3  (cost=5.51..421.18 rows=105 width=125)
	  Recheck Cond: ((k >= 4989850) AND (k <= 4989950))
	  ->  Bitmap Index Scan on k_3  (cost=0.00..5.48 rows=105 width=0)
	        Index Cond: ((k >= 4989850) AND (k <= 4989950))

table 4 : explain SELECT k, c FROM sbtest4 WHERE k BETWEEN 4989850 AND 4989950
	Bitmap Heap Scan on sbtest4  (cost=5.43..389.66 rows=97 width=125)
	  Recheck Cond: ((k >= 4989850) AND (k <= 4989950))
	  ->  Bitmap Index Scan on k_4  (cost=0.00..5.40 rows=97 width=0)
	        Index Cond: ((k >= 4989850) AND (k <= 4989950))

table 5 : explain SELECT k, c FROM sbtest5 WHERE k BETWEEN 4989850 AND 4989950
	Bitmap Heap Scan on sbtest5  (cost=5.54..433.03 rows=108 width=125)
	  Recheck Cond: ((k >= 4989850) AND (k <= 4989950))
	  ->  Bitmap Index Scan on k_5  (cost=0.00..5.51 rows=108 width=0)
	        Index Cond: ((k >= 4989850) AND (k <= 4989950))

table 6 : explain SELECT k, c FROM sbtest6 WHERE k BETWEEN 4989850 AND 4989950
	Bitmap Heap Scan on sbtest6  (cost=5.45..397.58 rows=99 width=125)
	  Recheck Cond: ((k >= 4989850) AND (k <= 4989950))
	  ->  Bitmap Index Scan on k_6  (cost=0.00..5.42 rows=99 width=0)
	        Index Cond: ((k >= 4989850) AND (k <= 4989950))

table 7 : explain SELECT k, c FROM sbtest7 WHERE k BETWEEN 4989850 AND 4989950
	Bitmap Heap Scan on sbtest7  (cost=5.48..409.41 rows=102 width=125)
	  Recheck Cond: ((k >= 4989850) AND (k <= 4989950))
	  ->  Bitmap Index Scan on k_7  (cost=0.00..5.45 rows=102 width=0)
	        Index Cond: ((k >= 4989850) AND (k <= 4989950))

table 8 : explain SELECT k, c FROM sbtest8 WHERE k BETWEEN 4989850 AND 4989950
	Bitmap Heap Scan on sbtest8  (cost=5.42..385.74 rows=96 width=125)
	  Recheck Cond: ((k >= 4989850) AND (k <= 4989950))
	  ->  Bitmap Index Scan on k_8  (cost=0.00..5.39 rows=96 width=0)
	        Index Cond: ((k >= 4989850) AND (k <= 4989950))

explain: for range-notcovered :: explain SELECT k, c FROM sbtest%d WHERE k BETWEEN 7014798 AND 7014898
explain: for range-notcovered :: explain SELECT k, c FROM sbtest%d WHERE k BETWEEN 3818532 AND 3818632
explain: for range-notcovered :: explain SELECT k, c FROM sbtest%d WHERE k BETWEEN 4378422 AND 4378522

for range-notcovered
table 1 : explain SELECT k, c FROM sbtest1 WHERE k BETWEEN 5513675 AND 5513775
	Bitmap Heap Scan on sbtest1  (cost=5.52..425.08 rows=106 width=125)
	  Recheck Cond: ((k >= 5513675) AND (k <= 5513775))
	  ->  Bitmap Index Scan on k_1  (cost=0.00..5.50 rows=106 width=0)
	        Index Cond: ((k >= 5513675) AND (k <= 5513775))

table 2 : explain SELECT k, c FROM sbtest2 WHERE k BETWEEN 5513675 AND 5513775
	Bitmap Heap Scan on sbtest2  (cost=5.51..421.18 rows=105 width=125)
	  Recheck Cond: ((k >= 5513675) AND (k <= 5513775))
	  ->  Bitmap Index Scan on k_2  (cost=0.00..5.48 rows=105 width=0)
	        Index Cond: ((k >= 5513675) AND (k <= 5513775))

table 3 : explain SELECT k, c FROM sbtest3 WHERE k BETWEEN 5513675 AND 5513775
	Bitmap Heap Scan on sbtest3  (cost=5.46..401.47 rows=100 width=125)
	  Recheck Cond: ((k >= 5513675) AND (k <= 5513775))
	  ->  Bitmap Index Scan on k_3  (cost=0.00..5.43 rows=100 width=0)
	        Index Cond: ((k >= 5513675) AND (k <= 5513775))

table 4 : explain SELECT k, c FROM sbtest4 WHERE k BETWEEN 5513675 AND 5513775
	Bitmap Heap Scan on sbtest4  (cost=5.47..405.44 rows=101 width=125)
	  Recheck Cond: ((k >= 5513675) AND (k <= 5513775))
	  ->  Bitmap Index Scan on k_4  (cost=0.00..5.44 rows=101 width=0)
	        Index Cond: ((k >= 5513675) AND (k <= 5513775))

table 5 : explain SELECT k, c FROM sbtest5 WHERE k BETWEEN 5513675 AND 5513775
	Bitmap Heap Scan on sbtest5  (cost=5.43..389.67 rows=97 width=125)
	  Recheck Cond: ((k >= 5513675) AND (k <= 5513775))
	  ->  Bitmap Index Scan on k_5  (cost=0.00..5.40 rows=97 width=0)
	        Index Cond: ((k >= 5513675) AND (k <= 5513775))

table 6 : explain SELECT k, c FROM sbtest6 WHERE k BETWEEN 5513675 AND 5513775
	Bitmap Heap Scan on sbtest6  (cost=5.38..369.96 rows=92 width=125)
	  Recheck Cond: ((k >= 5513675) AND (k <= 5513775))
	  ->  Bitmap Index Scan on k_6  (cost=0.00..5.35 rows=92 width=0)
	        Index Cond: ((k >= 5513675) AND (k <= 5513775))

table 7 : explain SELECT k, c FROM sbtest7 WHERE k BETWEEN 5513675 AND 5513775
	Bitmap Heap Scan on sbtest7  (cost=5.45..397.58 rows=99 width=125)
	  Recheck Cond: ((k >= 5513675) AND (k <= 5513775))
	  ->  Bitmap Index Scan on k_7  (cost=0.00..5.42 rows=99 width=0)
	        Index Cond: ((k >= 5513675) AND (k <= 5513775))

table 8 : explain SELECT k, c FROM sbtest8 WHERE k BETWEEN 5513675 AND 5513775
	Bitmap Heap Scan on sbtest8  (cost=5.45..397.58 rows=99 width=125)
	  Recheck Cond: ((k >= 5513675) AND (k <= 5513775))
	  ->  Bitmap Index Scan on k_8  (cost=0.00..5.42 rows=99 width=0)
	        Index Cond: ((k >= 5513675) AND (k <= 5513775))


for range-notcovered
table 1 : explain SELECT k, c FROM sbtest1 WHERE k BETWEEN 6724376 AND 6724476
	Bitmap Heap Scan on sbtest1  (cost=5.51..421.14 rows=105 width=125)
	  Recheck Cond: ((k >= 6724376) AND (k <= 6724476))
	  ->  Bitmap Index Scan on k_1  (cost=0.00..5.48 rows=105 width=0)
	        Index Cond: ((k >= 6724376) AND (k <= 6724476))

table 2 : explain SELECT k, c FROM sbtest2 WHERE k BETWEEN 6724376 AND 6724476
	Bitmap Heap Scan on sbtest2  (cost=5.44..393.58 rows=98 width=125)
	  Recheck Cond: ((k >= 6724376) AND (k <= 6724476))
	  ->  Bitmap Index Scan on k_2  (cost=0.00..5.42 rows=98 width=0)
	        Index Cond: ((k >= 6724376) AND (k <= 6724476))

table 3 : explain SELECT k, c FROM sbtest3 WHERE k BETWEEN 6724376 AND 6724476
	Bitmap Heap Scan on sbtest3  (cost=5.50..417.24 rows=104 width=125)
	  Recheck Cond: ((k >= 6724376) AND (k <= 6724476))
	  ->  Bitmap Index Scan on k_3  (cost=0.00..5.47 rows=104 width=0)
	        Index Cond: ((k >= 6724376) AND (k <= 6724476))

table 4 : explain SELECT k, c FROM sbtest4 WHERE k BETWEEN 6724376 AND 6724476
	Bitmap Heap Scan on sbtest4  (cost=5.42..385.72 rows=96 width=125)
	  Recheck Cond: ((k >= 6724376) AND (k <= 6724476))
	  ->  Bitmap Index Scan on k_4  (cost=0.00..5.39 rows=96 width=0)
	        Index Cond: ((k >= 6724376) AND (k <= 6724476))

table 5 : explain SELECT k, c FROM sbtest5 WHERE k BETWEEN 6724376 AND 6724476
	Bitmap Heap Scan on sbtest5  (cost=5.47..405.44 rows=101 width=125)
	  Recheck Cond: ((k >= 6724376) AND (k <= 6724476))
	  ->  Bitmap Index Scan on k_5  (cost=0.00..5.44 rows=101 width=0)
	        Index Cond: ((k >= 6724376) AND (k <= 6724476))

table 6 : explain SELECT k, c FROM sbtest6 WHERE k BETWEEN 6724376 AND 6724476
	Bitmap Heap Scan on sbtest6  (cost=5.51..421.24 rows=105 width=125)
	  Recheck Cond: ((k >= 6724376) AND (k <= 6724476))
	  ->  Bitmap Index Scan on k_6  (cost=0.00..5.48 rows=105 width=0)
	        Index Cond: ((k >= 6724376) AND (k <= 6724476))

table 7 : explain SELECT k, c FROM sbtest7 WHERE k BETWEEN 6724376 AND 6724476
	Bitmap Heap Scan on sbtest7  (cost=5.46..401.52 rows=100 width=125)
	  Recheck Cond: ((k >= 6724376) AND (k <= 6724476))
	  ->  Bitmap Index Scan on k_7  (cost=0.00..5.43 rows=100 width=0)
	        Index Cond: ((k >= 6724376) AND (k <= 6724476))

table 8 : explain SELECT k, c FROM sbtest8 WHERE k BETWEEN 6724376 AND 6724476
	Bitmap Heap Scan on sbtest8  (cost=5.53..429.12 rows=107 width=125)
	  Recheck Cond: ((k >= 6724376) AND (k <= 6724476))
	  ->  Bitmap Index Scan on k_8  (cost=0.00..5.50 rows=107 width=0)
	        Index Cond: ((k >= 6724376) AND (k <= 6724476))

explain: for range-notcovered :: explain SELECT k, c FROM sbtest%d WHERE k BETWEEN 2168939 AND 2169039
for range-notcovered
table 1 : explain SELECT k, c FROM sbtest1 WHERE k BETWEEN 2814015 AND 2814115
	Bitmap Heap Scan on sbtest1  (cost=5.50..417.20 rows=104 width=125)
	  Recheck Cond: ((k >= 2814015) AND (k <= 2814115))
	  ->  Bitmap Index Scan on k_1  (cost=0.00..5.47 rows=104 width=0)
	        Index Cond: ((k >= 2814015) AND (k <= 2814115))

table 2 : explain SELECT k, c FROM sbtest2 WHERE k BETWEEN 2814015 AND 2814115
	Bitmap Heap Scan on sbtest2  (cost=5.47..405.41 rows=101 width=125)
	  Recheck Cond: ((k >= 2814015) AND (k <= 2814115))
	  ->  Bitmap Index Scan on k_2  (cost=0.00..5.44 rows=101 width=0)
	        Index Cond: ((k >= 2814015) AND (k <= 2814115))

table 3 : explain SELECT k, c FROM sbtest3 WHERE k BETWEEN 2814015 AND 2814115
	Bitmap Heap Scan on sbtest3  (cost=5.55..436.94 rows=109 width=125)
	  Recheck Cond: ((k >= 2814015) AND (k <= 2814115))
	  ->  Bitmap Index Scan on k_3  (cost=0.00..5.52 rows=109 width=0)
	        Index Cond: ((k >= 2814015) AND (k <= 2814115))

table 4 : explain SELECT k, c FROM sbtest4 WHERE k BETWEEN 2814015 AND 2814115
	Bitmap Heap Scan on sbtest4  (cost=5.50..417.27 rows=104 width=125)
	  Recheck Cond: ((k >= 2814015) AND (k <= 2814115))
	  ->  Bitmap Index Scan on k_4  (cost=0.00..5.47 rows=104 width=0)
	        Index Cond: ((k >= 2814015) AND (k <= 2814115))

table 5 : explain SELECT k, c FROM sbtest5 WHERE k BETWEEN 2814015 AND 2814115
	Bitmap Heap Scan on sbtest5  (cost=5.46..401.50 rows=100 width=125)
	  Recheck Cond: ((k >= 2814015) AND (k <= 2814115))
	  ->  Bitmap Index Scan on k_5  (cost=0.00..5.43 rows=100 width=0)
	        Index Cond: ((k >= 2814015) AND (k <= 2814115))

table 6 : explain SELECT k, c FROM sbtest6 WHERE k BETWEEN 2814015 AND 2814115
	Bitmap Heap Scan on sbtest6  (cost=5.36..362.07 rows=90 width=125)
	  Recheck Cond: ((k >= 2814015) AND (k <= 2814115))
	  ->  Bitmap Index Scan on k_6  (cost=0.00..5.33 rows=90 width=0)
	        Index Cond: ((k >= 2814015) AND (k <= 2814115))

table 7 : explain SELECT k, c FROM sbtest7 WHERE k BETWEEN 2814015 AND 2814115
	Bitmap Heap Scan on sbtest7  (cost=5.55..437.00 rows=109 width=125)
	  Recheck Cond: ((k >= 2814015) AND (k <= 2814115))
	  ->  Bitmap Index Scan on k_7  (cost=0.00..5.52 rows=109 width=0)
	        Index Cond: ((k >= 2814015) AND (k <= 2814115))

table 8 : explain SELECT k, c FROM sbtest8 WHERE k BETWEEN 2814015 AND 2814115
	Bitmap Heap Scan on sbtest8  (cost=5.46..401.52 rows=100 width=125)
	  Recheck Cond: ((k >= 2814015) AND (k <= 2814115))
	  ->  Bitmap Index Scan on k_8  (cost=0.00..5.43 rows=100 width=0)
	        Index Cond: ((k >= 2814015) AND (k <= 2814115))
for range-notcovered
table 1 : explain SELECT k, c FROM sbtest1 WHERE k BETWEEN 4209613 AND 4209713
	Bitmap Heap Scan on sbtest1  (cost=5.46..401.43 rows=100 width=125)
	  Recheck Cond: ((k >= 4209613) AND (k <= 4209713))
	  ->  Bitmap Index Scan on k_1  (cost=0.00..5.43 rows=100 width=0)
	        Index Cond: ((k >= 4209613) AND (k <= 4209713))

table 2 : explain SELECT k, c FROM sbtest2 WHERE k BETWEEN 4209613 AND 4209713
	Bitmap Heap Scan on sbtest2  (cost=5.48..409.35 rows=102 width=125)
	  Recheck Cond: ((k >= 4209613) AND (k <= 4209713))
	  ->  Bitmap Index Scan on k_2  (cost=0.00..5.45 rows=102 width=0)
	        Index Cond: ((k >= 4209613) AND (k <= 4209713))

table 3 : explain SELECT k, c FROM sbtest3 WHERE k BETWEEN 4209613 AND 4209713
	Bitmap Heap Scan on sbtest3  (cost=5.40..377.81 rows=94 width=125)
	  Recheck Cond: ((k >= 4209613) AND (k <= 4209713))
	  ->  Bitmap Index Scan on k_3  (cost=0.00..5.38 rows=94 width=0)
	        Index Cond: ((k >= 4209613) AND (k <= 4209713))

table 4 : explain SELECT k, c FROM sbtest4 WHERE k BETWEEN 4209613 AND 4209713
	Bitmap Heap Scan on sbtest4  (cost=5.48..409.38 rows=102 width=125)
	  Recheck Cond: ((k >= 4209613) AND (k <= 4209713))
	  ->  Bitmap Index Scan on k_4  (cost=0.00..5.45 rows=102 width=0)
	        Index Cond: ((k >= 4209613) AND (k <= 4209713))

table 5 : explain SELECT k, c FROM sbtest5 WHERE k BETWEEN 4209613 AND 4209713
	Bitmap Heap Scan on sbtest5  (cost=5.42..385.72 rows=96 width=125)
	  Recheck Cond: ((k >= 4209613) AND (k <= 4209713))
	  ->  Bitmap Index Scan on k_5  (cost=0.00..5.39 rows=96 width=0)
	        Index Cond: ((k >= 4209613) AND (k <= 4209713))

table 6 : explain SELECT k, c FROM sbtest6 WHERE k BETWEEN 4209613 AND 4209713
	Bitmap Heap Scan on sbtest6  (cost=5.50..417.29 rows=104 width=125)
	  Recheck Cond: ((k >= 4209613) AND (k <= 4209713))
	  ->  Bitmap Index Scan on k_6  (cost=0.00..5.47 rows=104 width=0)
	        Index Cond: ((k >= 4209613) AND (k <= 4209713))

table 7 : explain SELECT k, c FROM sbtest7 WHERE k BETWEEN 4209613 AND 4209713
	Bitmap Heap Scan on sbtest7  (cost=5.46..401.52 rows=100 width=125)
	  Recheck Cond: ((k >= 4209613) AND (k <= 4209713))
	  ->  Bitmap Index Scan on k_7  (cost=0.00..5.43 rows=100 width=0)
	        Index Cond: ((k >= 4209613) AND (k <= 4209713))

table 8 : explain SELECT k, c FROM sbtest8 WHERE k BETWEEN 4209613 AND 4209713
	Bitmap Heap Scan on sbtest8  (cost=5.57..444.88 rows=111 width=125)
	  Recheck Cond: ((k >= 4209613) AND (k <= 4209713))
	  ->  Bitmap Index Scan on k_8  (cost=0.00..5.54 rows=111 width=0)
	        Index Cond: ((k >= 4209613) AND (k <= 4209713))

explain: for range-notcovered :: explain SELECT k, c FROM sbtest%d WHERE k BETWEEN 2326923 AND 2327023
explain: for range-notcovered :: explain SELECT k, c FROM sbtest%d WHERE k BETWEEN 4989850 AND 4989950
for range-notcovered
table 1 : explain SELECT k, c FROM sbtest1 WHERE k BETWEEN 5389193 AND 5389293
	Bitmap Heap Scan on sbtest1  (cost=5.58..448.71 rows=112 width=125)
	  Recheck Cond: ((k >= 5389193) AND (k <= 5389293))
	  ->  Bitmap Index Scan on k_1  (cost=0.00..5.55 rows=112 width=0)
	        Index Cond: ((k >= 5389193) AND (k <= 5389293))

table 2 : explain SELECT k, c FROM sbtest2 WHERE k BETWEEN 5389193 AND 5389293
	Bitmap Heap Scan on sbtest2  (cost=5.46..401.47 rows=100 width=125)
	  Recheck Cond: ((k >= 5389193) AND (k <= 5389293))
	  ->  Bitmap Index Scan on k_2  (cost=0.00..5.43 rows=100 width=0)
	        Index Cond: ((k >= 5389193) AND (k <= 5389293))

table 3 : explain SELECT k, c FROM sbtest3 WHERE k BETWEEN 5389193 AND 5389293
	Bitmap Heap Scan on sbtest3  (cost=5.41..381.75 rows=95 width=125)
	  Recheck Cond: ((k >= 5389193) AND (k <= 5389293))
	  ->  Bitmap Index Scan on k_3  (cost=0.00..5.38 rows=95 width=0)
	        Index Cond: ((k >= 5389193) AND (k <= 5389293))

table 4 : explain SELECT k, c FROM sbtest4 WHERE k BETWEEN 5389193 AND 5389293
	Bitmap Heap Scan on sbtest4  (cost=5.43..389.66 rows=97 width=125)
	  Recheck Cond: ((k >= 5389193) AND (k <= 5389293))
	  ->  Bitmap Index Scan on k_4  (cost=0.00..5.40 rows=97 width=0)
	        Index Cond: ((k >= 5389193) AND (k <= 5389293))

table 5 : explain SELECT k, c FROM sbtest5 WHERE k BETWEEN 5389193 AND 5389293
	Bitmap Heap Scan on sbtest5  (cost=5.47..405.44 rows=101 width=125)
	  Recheck Cond: ((k >= 5389193) AND (k <= 5389293))
	  ->  Bitmap Index Scan on k_5  (cost=0.00..5.44 rows=101 width=0)
	        Index Cond: ((k >= 5389193) AND (k <= 5389293))

table 6 : explain SELECT k, c FROM sbtest6 WHERE k BETWEEN 5389193 AND 5389293
	Bitmap Heap Scan on sbtest6  (cost=5.54..433.06 rows=108 width=125)
	  Recheck Cond: ((k >= 5389193) AND (k <= 5389293))
	  ->  Bitmap Index Scan on k_6  (cost=0.00..5.51 rows=108 width=0)
	        Index Cond: ((k >= 5389193) AND (k <= 5389293))

table 7 : explain SELECT k, c FROM sbtest7 WHERE k BETWEEN 5389193 AND 5389293
	Bitmap Heap Scan on sbtest7  (cost=5.56..440.94 rows=110 width=125)
	  Recheck Cond: ((k >= 5389193) AND (k <= 5389293))
	  ->  Bitmap Index Scan on k_7  (cost=0.00..5.53 rows=110 width=0)
	        Index Cond: ((k >= 5389193) AND (k <= 5389293))

table 8 : explain SELECT k, c FROM sbtest8 WHERE k BETWEEN 5389193 AND 5389293
	Bitmap Heap Scan on sbtest8  (cost=5.42..385.74 rows=96 width=125)
	  Recheck Cond: ((k >= 5389193) AND (k <= 5389293))
	  ->  Bitmap Index Scan on k_8  (cost=0.00..5.39 rows=96 width=0)
	        Index Cond: ((k >= 5389193) AND (k <= 5389293))
explain: for range-notcovered :: explain SELECT k, c FROM sbtest%d WHERE k BETWEEN 6724376 AND 6724476for range-notcovered
table 1 : explain SELECT k, c FROM sbtest1 WHERE k BETWEEN 8370214 AND 8370314
	Bitmap Heap Scan on sbtest1  (cost=5.51..421.14 rows=105 width=125)
	  Recheck Cond: ((k >= 8370214) AND (k <= 8370314))
	  ->  Bitmap Index Scan on k_1  (cost=0.00..5.48 rows=105 width=0)
	        Index Cond: ((k >= 8370214) AND (k <= 8370314))

table 2 : explain SELECT k, c FROM sbtest2 WHERE k BETWEEN 8370214 AND 8370314
	Bitmap Heap Scan on sbtest2  (cost=5.50..417.23 rows=104 width=125)
	  Recheck Cond: ((k >= 8370214) AND (k <= 8370314))
	  ->  Bitmap Index Scan on k_2  (cost=0.00..5.47 rows=104 width=0)
	        Index Cond: ((k >= 8370214) AND (k <= 8370314))

table 3 : explain SELECT k, c FROM sbtest3 WHERE k BETWEEN 8370214 AND 8370314
	Bitmap Heap Scan on sbtest3  (cost=5.44..393.58 rows=98 width=125)
	  Recheck Cond: ((k >= 8370214) AND (k <= 8370314))
	  ->  Bitmap Index Scan on k_3  (cost=0.00..5.42 rows=98 width=0)
	        Index Cond: ((k >= 8370214) AND (k <= 8370314))

table 4 : explain SELECT k, c FROM sbtest4 WHERE k BETWEEN 8370214 AND 8370314
	Bitmap Heap Scan on sbtest4  (cost=5.44..393.61 rows=98 width=125)
	  Recheck Cond: ((k >= 8370214) AND (k <= 8370314))
	  ->  Bitmap Index Scan on k_4  (cost=0.00..5.42 rows=98 width=0)
	        Index Cond: ((k >= 8370214) AND (k <= 8370314))

table 5 : explain SELECT k, c FROM sbtest5 WHERE k BETWEEN 8370214 AND 8370314
	Bitmap Heap Scan on sbtest5  (cost=5.46..401.50 rows=100 width=125)
	  Recheck Cond: ((k >= 8370214) AND (k <= 8370314))
	  ->  Bitmap Index Scan on k_5  (cost=0.00..5.43 rows=100 width=0)
	        Index Cond: ((k >= 8370214) AND (k <= 8370314))

table 6 : explain SELECT k, c FROM sbtest6 WHERE k BETWEEN 8370214 AND 8370314
	Bitmap Heap Scan on sbtest6  (cost=5.51..421.24 rows=105 width=125)
	  Recheck Cond: ((k >= 8370214) AND (k <= 8370314))
	  ->  Bitmap Index Scan on k_6  (cost=0.00..5.48 rows=105 width=0)
	        Index Cond: ((k >= 8370214) AND (k <= 8370314))

table 7 : explain SELECT k, c FROM sbtest7 WHERE k BETWEEN 8370214 AND 8370314
	Bitmap Heap Scan on sbtest7  (cost=5.46..401.52 rows=100 width=125)
	  Recheck Cond: ((k >= 8370214) AND (k <= 8370314))
	  ->  Bitmap Index Scan on k_7  (cost=0.00..5.43 rows=100 width=0)
	        Index Cond: ((k >= 8370214) AND (k <= 8370314))

table 8 : explain SELECT k, c FROM sbtest8 WHERE k BETWEEN 8370214 AND 8370314
	Bitmap Heap Scan on sbtest8  (cost=5.58..448.82 rows=112 width=125)
	  Recheck Cond: ((k >= 8370214) AND (k <= 8370314))
	  ->  Bitmap Index Scan on k_8  (cost=0.00..5.55 rows=112 width=0)
	        Index Cond: ((k >= 8370214) AND (k <= 8370314))
for range-notcovered
table 1 : explain SELECT k, c FROM sbtest1 WHERE k BETWEEN 5662288 AND 5662388
	Bitmap Heap Scan on sbtest1  (cost=5.42..385.66 rows=96 width=125)
	  Recheck Cond: ((k >= 5662288) AND (k <= 5662388))
	  ->  Bitmap Index Scan on k_1  (cost=0.00..5.39 rows=96 width=0)
	        Index Cond: ((k >= 5662288) AND (k <= 5662388))

table 2 : explain SELECT k, c FROM sbtest2 WHERE k BETWEEN 5662288 AND 5662388
	Bitmap Heap Scan on sbtest2  (cost=5.40..377.80 rows=94 width=125)
	  Recheck Cond: ((k >= 5662288) AND (k <= 5662388))
	  ->  Bitmap Index Scan on k_2  (cost=0.00..5.38 rows=94 width=0)
	        Index Cond: ((k >= 5662288) AND (k <= 5662388))

table 3 : explain SELECT k, c FROM sbtest3 WHERE k BETWEEN 5662288 AND 5662388
	Bitmap Heap Scan on sbtest3  (cost=5.53..429.06 rows=107 width=125)
	  Recheck Cond: ((k >= 5662288) AND (k <= 5662388))
	  ->  Bitmap Index Scan on k_3  (cost=0.00..5.50 rows=107 width=0)
	        Index Cond: ((k >= 5662288) AND (k <= 5662388))

table 4 : explain SELECT k, c FROM sbtest4 WHERE k BETWEEN 5662288 AND 5662388
	Bitmap Heap Scan on sbtest4  (cost=5.55..436.97 rows=109 width=125)
	  Recheck Cond: ((k >= 5662288) AND (k <= 5662388))
	  ->  Bitmap Index Scan on k_4  (cost=0.00..5.52 rows=109 width=0)
	        Index Cond: ((k >= 5662288) AND (k <= 5662388))

table 5 : explain SELECT k, c FROM sbtest5 WHERE k BETWEEN 5662288 AND 5662388
	Bitmap Heap Scan on sbtest5  (cost=5.35..358.10 rows=89 width=125)
	  Recheck Cond: ((k >= 5662288) AND (k <= 5662388))
	  ->  Bitmap Index Scan on k_5  (cost=0.00..5.32 rows=89 width=0)
	        Index Cond: ((k >= 5662288) AND (k <= 5662388))

table 6 : explain SELECT k, c FROM sbtest6 WHERE k BETWEEN 5662288 AND 5662388
	Bitmap Heap Scan on sbtest6  (cost=5.41..381.80 rows=95 width=125)
	  Recheck Cond: ((k >= 5662288) AND (k <= 5662388))
	  ->  Bitmap Index Scan on k_6  (cost=0.00..5.38 rows=95 width=0)
	        Index Cond: ((k >= 5662288) AND (k <= 5662388))

table 7 : explain SELECT k, c FROM sbtest7 WHERE k BETWEEN 5662288 AND 5662388
	Bitmap Heap Scan on sbtest7  (cost=5.54..433.06 rows=108 width=125)
	  Recheck Cond: ((k >= 5662288) AND (k <= 5662388))
	  ->  Bitmap Index Scan on k_7  (cost=0.00..5.51 rows=108 width=0)
	        Index Cond: ((k >= 5662288) AND (k <= 5662388))

table 8 : explain SELECT k, c FROM sbtest8 WHERE k BETWEEN 5662288 AND 5662388
	Bitmap Heap Scan on sbtest8  (cost=5.46..401.52 rows=100 width=125)
	  Recheck Cond: ((k >= 5662288) AND (k <= 5662388))
	  ->  Bitmap Index Scan on k_8  (cost=0.00..5.43 rows=100 width=0)
	        Index Cond: ((k >= 5662288) AND (k <= 5662388))


explain: for range-notcovered :: explain SELECT k, c FROM sbtest%d WHERE k BETWEEN 1917812 AND 1917912


for range-notcovered
table 1 : explain SELECT k, c FROM sbtest1 WHERE k BETWEEN 4276750 AND 4276850
	Bitmap Heap Scan on sbtest1  (cost=5.43..389.61 rows=97 width=125)
	  Recheck Cond: ((k >= 4276750) AND (k <= 4276850))
	  ->  Bitmap Index Scan on k_1  (cost=0.00..5.40 rows=97 width=0)
	        Index Cond: ((k >= 4276750) AND (k <= 4276850))

table 2 : explain SELECT k, c FROM sbtest2 WHERE k BETWEEN 4276750 AND 4276850
	Bitmap Heap Scan on sbtest2  (cost=5.51..421.18 rows=105 width=125)
	  Recheck Cond: ((k >= 4276750) AND (k <= 4276850))
	  ->  Bitmap Index Scan on k_2  (cost=0.00..5.48 rows=105 width=0)
	        Index Cond: ((k >= 4276750) AND (k <= 4276850))

table 3 : explain SELECT k, c FROM sbtest3 WHERE k BETWEEN 4276750 AND 4276850
	Bitmap Heap Scan on sbtest3  (cost=5.40..377.81 rows=94 width=125)
	  Recheck Cond: ((k >= 4276750) AND (k <= 4276850))
	  ->  Bitmap Index Scan on k_3  (cost=0.00..5.38 rows=94 width=0)
	        Index Cond: ((k >= 4276750) AND (k <= 4276850))

table 4 : explain SELECT k, c FROM sbtest4 WHERE k BETWEEN 4276750 AND 4276850
	Bitmap Heap Scan on sbtest4  (cost=5.51..421.21 rows=105 width=125)
	  Recheck Cond: ((k >= 4276750) AND (k <= 4276850))
	  ->  Bitmap Index Scan on k_4  (cost=0.00..5.48 rows=105 width=0)
	        Index Cond: ((k >= 4276750) AND (k <= 4276850))

table 5 : explain SELECT k, c FROM sbtest5 WHERE k BETWEEN 4276750 AND 4276850
	Bitmap Heap Scan on sbtest5  (cost=5.55..436.97 rows=109 width=125)
	  Recheck Cond: ((k >= 4276750) AND (k <= 4276850))
	  ->  Bitmap Index Scan on k_5  (cost=0.00..5.52 rows=109 width=0)
	        Index Cond: ((k >= 4276750) AND (k <= 4276850))

table 6 : explain SELECT k, c FROM sbtest6 WHERE k BETWEEN 4276750 AND 4276850
	Bitmap Heap Scan on sbtest6  (cost=5.50..417.29 rows=104 width=125)
	  Recheck Cond: ((k >= 4276750) AND (k <= 4276850))
	  ->  Bitmap Index Scan on k_6  (cost=0.00..5.47 rows=104 width=0)
	        Index Cond: ((k >= 4276750) AND (k <= 4276850))

table 7 : explain SELECT k, c FROM sbtest7 WHERE k BETWEEN 4276750 AND 4276850
	Bitmap Heap Scan on sbtest7  (cost=5.46..401.52 rows=100 width=125)
	  Recheck Cond: ((k >= 4276750) AND (k <= 4276850))
	  ->  Bitmap Index Scan on k_7  (cost=0.00..5.43 rows=100 width=0)
	        Index Cond: ((k >= 4276750) AND (k <= 4276850))

table 8 : explain SELECT k, c FROM sbtest8 WHERE k BETWEEN 4276750 AND 4276850
	Bitmap Heap Scan on sbtest8  (cost=5.57..444.88 rows=111 width=125)
	  Recheck Cond: ((k >= 4276750) AND (k <= 4276850))
	  ->  Bitmap Index Scan on k_8  (cost=0.00..5.54 rows=111 width=0)
	        Index Cond: ((k >= 4276750) AND (k <= 4276850))
for range-notcovered
table 1 : explain SELECT k, c FROM sbtest1 WHERE k BETWEEN 5198029 AND 5198129
	Bitmap Heap Scan on sbtest1  (cost=5.48..409.32 rows=102 width=125)
	  Recheck Cond: ((k >= 5198029) AND (k <= 5198129))
	  ->  Bitmap Index Scan on k_1  (cost=0.00..5.45 rows=102 width=0)
	        Index Cond: ((k >= 5198029) AND (k <= 5198129))

table 2 : explain SELECT k, c FROM sbtest2 WHERE k BETWEEN 5198029 AND 5198129
	Bitmap Heap Scan on sbtest2  (cost=5.50..417.23 rows=104 width=125)
	  Recheck Cond: ((k >= 5198029) AND (k <= 5198129))
	  ->  Bitmap Index Scan on k_2  (cost=0.00..5.47 rows=104 width=0)
	        Index Cond: ((k >= 5198029) AND (k <= 5198129))

table 3 : explain SELECT k, c FROM sbtest3 WHERE k BETWEEN 5198029 AND 5198129
	Bitmap Heap Scan on sbtest3  (cost=5.60..456.63 rows=114 width=125)
	  Recheck Cond: ((k >= 5198029) AND (k <= 5198129))
	  ->  Bitmap Index Scan on k_3  (cost=0.00..5.58 rows=114 width=0)
	        Index Cond: ((k >= 5198029) AND (k <= 5198129))

table 4 : explain SELECT k, c FROM sbtest4 WHERE k BETWEEN 5198029 AND 5198129
	Bitmap Heap Scan on sbtest4  (cost=5.47..405.44 rows=101 width=125)
	  Recheck Cond: ((k >= 5198029) AND (k <= 5198129))
	  ->  Bitmap Index Scan on k_4  (cost=0.00..5.44 rows=101 width=0)
	        Index Cond: ((k >= 5198029) AND (k <= 5198129))

table 5 : explain SELECT k, c FROM sbtest5 WHERE k BETWEEN 5198029 AND 5198129
	Bitmap Heap Scan on sbtest5  (cost=5.46..401.50 rows=100 width=125)
	  Recheck Cond: ((k >= 5198029) AND (k <= 5198129))
	  ->  Bitmap Index Scan on k_5  (cost=0.00..5.43 rows=100 width=0)
	        Index Cond: ((k >= 5198029) AND (k <= 5198129))

table 6 : explain SELECT k, c FROM sbtest6 WHERE k BETWEEN 5198029 AND 5198129
	Bitmap Heap Scan on sbtest6  (cost=5.60..456.70 rows=114 width=125)
	  Recheck Cond: ((k >= 5198029) AND (k <= 5198129))
	  ->  Bitmap Index Scan on k_6  (cost=0.00..5.58 rows=114 width=0)
	        Index Cond: ((k >= 5198029) AND (k <= 5198129))

table 7 : explain SELECT k, c FROM sbtest7 WHERE k BETWEEN 5198029 AND 5198129
	Bitmap Heap Scan on sbtest7  (cost=5.65..476.38 rows=119 width=125)
	  Recheck Cond: ((k >= 5198029) AND (k <= 5198129))
	  ->  Bitmap Index Scan on k_7  (cost=0.00..5.62 rows=119 width=0)
	        Index Cond: ((k >= 5198029) AND (k <= 5198129))

table 8 : explain SELECT k, c FROM sbtest8 WHERE k BETWEEN 5198029 AND 5198129
	Bitmap Heap Scan on sbtest8  (cost=5.55..437.00 rows=109 width=125)
	  Recheck Cond: ((k >= 5198029) AND (k <= 5198129))
	  ->  Bitmap Index Scan on k_8  (cost=0.00..5.52 rows=109 width=0)
	        Index Cond: ((k >= 5198029) AND (k <= 5198129))

explain: for range-notcovered :: explain SELECT k, c FROM sbtest%d WHERE k BETWEEN 5662288 AND 5662388
for range-notcovered
table 1 : explain SELECT k, c FROM sbtest1 WHERE k BETWEEN 4221738 AND 4221838
	Bitmap Heap Scan on sbtest1  (cost=5.46..401.43 rows=100 width=125)
	  Recheck Cond: ((k >= 4221738) AND (k <= 4221838))
	  ->  Bitmap Index Scan on k_1  (cost=0.00..5.43 rows=100 width=0)
	        Index Cond: ((k >= 4221738) AND (k <= 4221838))

table 2 : explain SELECT k, c FROM sbtest2 WHERE k BETWEEN 4221738 AND 4221838
	Bitmap Heap Scan on sbtest2  (cost=5.48..409.35 rows=102 width=125)
	  Recheck Cond: ((k >= 4221738) AND (k <= 4221838))
	  ->  Bitmap Index Scan on k_2  (cost=0.00..5.45 rows=102 width=0)
	        Index Cond: ((k >= 4221738) AND (k <= 4221838))

table 3 : explain SELECT k, c FROM sbtest3 WHERE k BETWEEN 4221738 AND 4221838
	Bitmap Heap Scan on sbtest3  (cost=5.40..377.81 rows=94 width=125)
	  Recheck Cond: ((k >= 4221738) AND (k <= 4221838))
	  ->  Bitmap Index Scan on k_3  (cost=0.00..5.38 rows=94 width=0)
	        Index Cond: ((k >= 4221738) AND (k <= 4221838))

table 4 : explain SELECT k, c FROM sbtest4 WHERE k BETWEEN 4221738 AND 4221838
	Bitmap Heap Scan on sbtest4  (cost=5.48..409.38 rows=102 width=125)
	  Recheck Cond: ((k >= 4221738) AND (k <= 4221838))
	  ->  Bitmap Index Scan on k_4  (cost=0.00..5.45 rows=102 width=0)
	        Index Cond: ((k >= 4221738) AND (k <= 4221838))

table 5 : explain SELECT k, c FROM sbtest5 WHERE k BETWEEN 4221738 AND 4221838
	Bitmap Heap Scan on sbtest5  (cost=5.42..385.72 rows=96 width=125)
	  Recheck Cond: ((k >= 4221738) AND (k <= 4221838))
	  ->  Bitmap Index Scan on k_5  (cost=0.00..5.39 rows=96 width=0)
	        Index Cond: ((k >= 4221738) AND (k <= 4221838))

table 6 : explain SELECT k, c FROM sbtest6 WHERE k BETWEEN 4221738 AND 4221838
	Bitmap Heap Scan on sbtest6  (cost=5.50..417.29 rows=104 width=125)
	  Recheck Cond: ((k >= 4221738) AND (k <= 4221838))
	  ->  Bitmap Index Scan on k_6  (cost=0.00..5.47 rows=104 width=0)
	        Index Cond: ((k >= 4221738) AND (k <= 4221838))

table 7 : explain SELECT k, c FROM sbtest7 WHERE k BETWEEN 4221738 AND 4221838
	Bitmap Heap Scan on sbtest7  (cost=5.46..401.52 rows=100 width=125)
	  Recheck Cond: ((k >= 4221738) AND (k <= 4221838))
	  ->  Bitmap Index Scan on k_7  (cost=0.00..5.43 rows=100 width=0)
	        Index Cond: ((k >= 4221738) AND (k <= 4221838))

table 8 : explain SELECT k, c FROM sbtest8 WHERE k BETWEEN 4221738 AND 4221838
	Bitmap Heap Scan on sbtest8  (cost=5.57..444.88 rows=111 width=125)
	  Recheck Cond: ((k >= 4221738) AND (k <= 4221838))
	  ->  Bitmap Index Scan on k_8  (cost=0.00..5.54 rows=111 width=0)
	        Index Cond: ((k >= 4221738) AND (k <= 4221838))


explain: for range-notcovered :: explain SELECT k, c FROM sbtest%d WHERE k BETWEEN 4209613 AND 4209713explain: for range-notcovered :: explain SELECT k, c FROM sbtest%d WHERE k BETWEEN 8370214 AND 8370314
for range-notcovered
table 1 : explain SELECT k, c FROM sbtest1 WHERE k BETWEEN 6413332 AND 6413432
	Bitmap Heap Scan on sbtest1  (cost=5.50..417.20 rows=104 width=125)
	  Recheck Cond: ((k >= 6413332) AND (k <= 6413432))
	  ->  Bitmap Index Scan on k_1  (cost=0.00..5.47 rows=104 width=0)
	        Index Cond: ((k >= 6413332) AND (k <= 6413432))

table 2 : explain SELECT k, c FROM sbtest2 WHERE k BETWEEN 6413332 AND 6413432
	Bitmap Heap Scan on sbtest2  (cost=5.46..401.47 rows=100 width=125)
	  Recheck Cond: ((k >= 6413332) AND (k <= 6413432))
	  ->  Bitmap Index Scan on k_2  (cost=0.00..5.43 rows=100 width=0)
	        Index Cond: ((k >= 6413332) AND (k <= 6413432))

table 3 : explain SELECT k, c FROM sbtest3 WHERE k BETWEEN 6413332 AND 6413432
	Bitmap Heap Scan on sbtest3  (cost=5.51..421.18 rows=105 width=125)
	  Recheck Cond: ((k >= 6413332) AND (k <= 6413432))
	  ->  Bitmap Index Scan on k_3  (cost=0.00..5.48 rows=105 width=0)
	        Index Cond: ((k >= 6413332) AND (k <= 6413432))

table 4 : explain SELECT k, c FROM sbtest4 WHERE k BETWEEN 6413332 AND 6413432
	Bitmap Heap Scan on sbtest4  (cost=5.47..405.44 rows=101 width=125)
	  Recheck Cond: ((k >= 6413332) AND (k <= 6413432))
	  ->  Bitmap Index Scan on k_4  (cost=0.00..5.44 rows=101 width=0)
	        Index Cond: ((k >= 6413332) AND (k <= 6413432))

table 5 : explain SELECT k, c FROM sbtest5 WHERE k BETWEEN 6413332 AND 6413432
	Bitmap Heap Scan on sbtest5  (cost=5.47..405.44 rows=101 width=125)
	  Recheck Cond: ((k >= 6413332) AND (k <= 6413432))
	  ->  Bitmap Index Scan on k_5  (cost=0.00..5.44 rows=101 width=0)
	        Index Cond: ((k >= 6413332) AND (k <= 6413432))

table 6 : explain SELECT k, c FROM sbtest6 WHERE k BETWEEN 6413332 AND 6413432
	Bitmap Heap Scan on sbtest6  (cost=5.51..421.24 rows=105 width=125)
	  Recheck Cond: ((k >= 6413332) AND (k <= 6413432))
	  ->  Bitmap Index Scan on k_6  (cost=0.00..5.48 rows=105 width=0)
	        Index Cond: ((k >= 6413332) AND (k <= 6413432))

table 7 : explain SELECT k, c FROM sbtest7 WHERE k BETWEEN 6413332 AND 6413432
	Bitmap Heap Scan on sbtest7  (cost=5.50..417.29 rows=104 width=125)
	  Recheck Cond: ((k >= 6413332) AND (k <= 6413432))
	  ->  Bitmap Index Scan on k_7  (cost=0.00..5.47 rows=104 width=0)
	        Index Cond: ((k >= 6413332) AND (k <= 6413432))

table 8 : explain SELECT k, c FROM sbtest8 WHERE k BETWEEN 6413332 AND 6413432
	Bitmap Heap Scan on sbtest8  (cost=5.47..405.47 rows=101 width=125)
	  Recheck Cond: ((k >= 6413332) AND (k <= 6413432))
	  ->  Bitmap Index Scan on k_8  (cost=0.00..5.44 rows=101 width=0)
	        Index Cond: ((k >= 6413332) AND (k <= 6413432))
explain: for range-notcovered :: explain SELECT k, c FROM sbtest%d WHERE k BETWEEN 5513675 AND 5513775
for range-notcovered
table 1 : explain SELECT k, c FROM sbtest1 WHERE k BETWEEN 7267824 AND 7267924
	Bitmap Heap Scan on sbtest1  (cost=5.74..507.73 rows=127 width=125)
	  Recheck Cond: ((k >= 7267824) AND (k <= 7267924))
	  ->  Bitmap Index Scan on k_1  (cost=0.00..5.70 rows=127 width=0)
	        Index Cond: ((k >= 7267824) AND (k <= 7267924))

table 2 : explain SELECT k, c FROM sbtest2 WHERE k BETWEEN 7267824 AND 7267924
	Bitmap Heap Scan on sbtest2  (cost=5.51..421.18 rows=105 width=125)
	  Recheck Cond: ((k >= 7267824) AND (k <= 7267924))
	  ->  Bitmap Index Scan on k_2  (cost=0.00..5.48 rows=105 width=0)
	        Index Cond: ((k >= 7267824) AND (k <= 7267924))

table 3 : explain SELECT k, c FROM sbtest3 WHERE k BETWEEN 7267824 AND 7267924
	Bitmap Heap Scan on sbtest3  (cost=5.53..429.06 rows=107 width=125)
	  Recheck Cond: ((k >= 7267824) AND (k <= 7267924))
	  ->  Bitmap Index Scan on k_3  (cost=0.00..5.50 rows=107 width=0)
	        Index Cond: ((k >= 7267824) AND (k <= 7267924))

table 4 : explain SELECT k, c FROM sbtest4 WHERE k BETWEEN 7267824 AND 7267924
	Bitmap Heap Scan on sbtest4  (cost=5.50..417.27 rows=104 width=125)
	  Recheck Cond: ((k >= 7267824) AND (k <= 7267924))
	  ->  Bitmap Index Scan on k_4  (cost=0.00..5.47 rows=104 width=0)
	        Index Cond: ((k >= 7267824) AND (k <= 7267924))

table 5 : explain SELECT k, c FROM sbtest5 WHERE k BETWEEN 7267824 AND 7267924
	Bitmap Heap Scan on sbtest5  (cost=5.56..440.91 rows=110 width=125)
	  Recheck Cond: ((k >= 7267824) AND (k <= 7267924))
	  ->  Bitmap Index Scan on k_5  (cost=0.00..5.53 rows=110 width=0)
	        Index Cond: ((k >= 7267824) AND (k <= 7267924))

table 6 : explain SELECT k, c FROM sbtest6 WHERE k BETWEEN 7267824 AND 7267924
	Bitmap Heap Scan on sbtest6  (cost=5.49..413.35 rows=103 width=125)
	  Recheck Cond: ((k >= 7267824) AND (k <= 7267924))
	  ->  Bitmap Index Scan on k_6  (cost=0.00..5.46 rows=103 width=0)
	        Index Cond: ((k >= 7267824) AND (k <= 7267924))

table 7 : explain SELECT k, c FROM sbtest7 WHERE k BETWEEN 7267824 AND 7267924
	Bitmap Heap Scan on sbtest7  (cost=5.48..409.41 rows=102 width=125)
	  Recheck Cond: ((k >= 7267824) AND (k <= 7267924))
	  ->  Bitmap Index Scan on k_7  (cost=0.00..5.45 rows=102 width=0)
	        Index Cond: ((k >= 7267824) AND (k <= 7267924))

table 8 : explain SELECT k, c FROM sbtest8 WHERE k BETWEEN 7267824 AND 7267924
	Bitmap Heap Scan on sbtest8  (cost=5.50..417.29 rows=104 width=125)
	  Recheck Cond: ((k >= 7267824) AND (k <= 7267924))
	  ->  Bitmap Index Scan on k_8  (cost=0.00..5.47 rows=104 width=0)
	        Index Cond: ((k >= 7267824) AND (k <= 7267924))
explain: for range-notcovered :: explain SELECT k, c FROM sbtest%d WHERE k BETWEEN 5198029 AND 5198129
for range-notcovered
table 1 : explain SELECT k, c FROM sbtest1 WHERE k BETWEEN 6393573 AND 6393673
	Bitmap Heap Scan on sbtest1  (cost=5.50..417.20 rows=104 width=125)
	  Recheck Cond: ((k >= 6393573) AND (k <= 6393673))
	  ->  Bitmap Index Scan on k_1  (cost=0.00..5.47 rows=104 width=0)
	        Index Cond: ((k >= 6393573) AND (k <= 6393673))

table 2 : explain SELECT k, c FROM sbtest2 WHERE k BETWEEN 6393573 AND 6393673
	Bitmap Heap Scan on sbtest2  (cost=5.46..401.47 rows=100 width=125)
	  Recheck Cond: ((k >= 6393573) AND (k <= 6393673))
	  ->  Bitmap Index Scan on k_2  (cost=0.00..5.43 rows=100 width=0)
	        Index Cond: ((k >= 6393573) AND (k <= 6393673))

table 3 : explain SELECT k, c FROM sbtest3 WHERE k BETWEEN 6393573 AND 6393673
	Bitmap Heap Scan on sbtest3  (cost=5.48..409.36 rows=102 width=125)
	  Recheck Cond: ((k >= 6393573) AND (k <= 6393673))
	  ->  Bitmap Index Scan on k_3  (cost=0.00..5.45 rows=102 width=0)
	        Index Cond: ((k >= 6393573) AND (k <= 6393673))

table 4 : explain SELECT k, c FROM sbtest4 WHERE k BETWEEN 6393573 AND 6393673
	Bitmap Heap Scan on sbtest4  (cost=5.47..405.44 rows=101 width=125)
	  Recheck Cond: ((k >= 6393573) AND (k <= 6393673))
	  ->  Bitmap Index Scan on k_4  (cost=0.00..5.44 rows=101 width=0)
	        Index Cond: ((k >= 6393573) AND (k <= 6393673))

table 5 : explain SELECT k, c FROM sbtest5 WHERE k BETWEEN 6393573 AND 6393673
	Bitmap Heap Scan on sbtest5  (cost=5.47..405.44 rows=101 width=125)
	  Recheck Cond: ((k >= 6393573) AND (k <= 6393673))
	  ->  Bitmap Index Scan on k_5  (cost=0.00..5.44 rows=101 width=0)
	        Index Cond: ((k >= 6393573) AND (k <= 6393673))

table 6 : explain SELECT k, c FROM sbtest6 WHERE k BETWEEN 6393573 AND 6393673
	Bitmap Heap Scan on sbtest6  (cost=5.51..421.24 rows=105 width=125)
	  Recheck Cond: ((k >= 6393573) AND (k <= 6393673))
	  ->  Bitmap Index Scan on k_6  (cost=0.00..5.48 rows=105 width=0)
	        Index Cond: ((k >= 6393573) AND (k <= 6393673))

table 7 : explain SELECT k, c FROM sbtest7 WHERE k BETWEEN 6393573 AND 6393673
	Bitmap Heap Scan on sbtest7  (cost=5.50..417.29 rows=104 width=125)
	  Recheck Cond: ((k >= 6393573) AND (k <= 6393673))
	  ->  Bitmap Index Scan on k_7  (cost=0.00..5.47 rows=104 width=0)
	        Index Cond: ((k >= 6393573) AND (k <= 6393673))

table 8 : explain SELECT k, c FROM sbtest8 WHERE k BETWEEN 6393573 AND 6393673
	Bitmap Heap Scan on sbtest8  (cost=5.47..405.47 rows=101 width=125)
	  Recheck Cond: ((k >= 6393573) AND (k <= 6393673))
	  ->  Bitmap Index Scan on k_8  (cost=0.00..5.44 rows=101 width=0)
	        Index Cond: ((k >= 6393573) AND (k <= 6393673))

for range-notcovered
table 1 : explain SELECT k, c FROM sbtest1 WHERE k BETWEEN 6479038 AND 6479138
	Bitmap Heap Scan on sbtest1  (cost=5.55..436.90 rows=109 width=125)
	  Recheck Cond: ((k >= 6479038) AND (k <= 6479138))
	  ->  Bitmap Index Scan on k_1  (cost=0.00..5.52 rows=109 width=0)
	        Index Cond: ((k >= 6479038) AND (k <= 6479138))

table 2 : explain SELECT k, c FROM sbtest2 WHERE k BETWEEN 6479038 AND 6479138
	Bitmap Heap Scan on sbtest2  (cost=5.46..401.47 rows=100 width=125)
	  Recheck Cond: ((k >= 6479038) AND (k <= 6479138))
	  ->  Bitmap Index Scan on k_2  (cost=0.00..5.43 rows=100 width=0)
	        Index Cond: ((k >= 6479038) AND (k <= 6479138))

table 3 : explain SELECT k, c FROM sbtest3 WHERE k BETWEEN 6479038 AND 6479138
	Bitmap Heap Scan on sbtest3  (cost=5.51..421.18 rows=105 width=125)
	  Recheck Cond: ((k >= 6479038) AND (k <= 6479138))
	  ->  Bitmap Index Scan on k_3  (cost=0.00..5.48 rows=105 width=0)
	        Index Cond: ((k >= 6479038) AND (k <= 6479138))

table 4 : explain SELECT k, c FROM sbtest4 WHERE k BETWEEN 6479038 AND 6479138
	Bitmap Heap Scan on sbtest4  (cost=5.47..405.44 rows=101 width=125)
	  Recheck Cond: ((k >= 6479038) AND (k <= 6479138))
	  ->  Bitmap Index Scan on k_4  (cost=0.00..5.44 rows=101 width=0)
	        Index Cond: ((k >= 6479038) AND (k <= 6479138))

table 5 : explain SELECT k, c FROM sbtest5 WHERE k BETWEEN 6479038 AND 6479138
	Bitmap Heap Scan on sbtest5  (cost=5.47..405.44 rows=101 width=125)
	  Recheck Cond: ((k >= 6479038) AND (k <= 6479138))
	  ->  Bitmap Index Scan on k_5  (cost=0.00..5.44 rows=101 width=0)
	        Index Cond: ((k >= 6479038) AND (k <= 6479138))

table 6 : explain SELECT k, c FROM sbtest6 WHERE k BETWEEN 6479038 AND 6479138
	Bitmap Heap Scan on sbtest6  (cost=5.49..413.35 rows=103 width=125)
	  Recheck Cond: ((k >= 6479038) AND (k <= 6479138))
	  ->  Bitmap Index Scan on k_6  (cost=0.00..5.46 rows=103 width=0)
	        Index Cond: ((k >= 6479038) AND (k <= 6479138))

table 7 : explain SELECT k, c FROM sbtest7 WHERE k BETWEEN 6479038 AND 6479138
	Bitmap Heap Scan on sbtest7  (cost=5.53..429.12 rows=107 width=125)
	  Recheck Cond: ((k >= 6479038) AND (k <= 6479138))
	  ->  Bitmap Index Scan on k_7  (cost=0.00..5.50 rows=107 width=0)
	        Index Cond: ((k >= 6479038) AND (k <= 6479138))

table 8 : explain SELECT k, c FROM sbtest8 WHERE k BETWEEN 6479038 AND 6479138
	Bitmap Heap Scan on sbtest8  (cost=5.46..401.52 rows=100 width=125)
	  Recheck Cond: ((k >= 6479038) AND (k <= 6479138))
	  ->  Bitmap Index Scan on k_8  (cost=0.00..5.43 rows=100 width=0)
	        Index Cond: ((k >= 6479038) AND (k <= 6479138))


for range-notcovered
table 1 : explain SELECT k, c FROM sbtest1 WHERE k BETWEEN 231832 AND 231932
	Bitmap Heap Scan on sbtest1  (cost=5.53..429.02 rows=107 width=125)
	  Recheck Cond: ((k >= 231832) AND (k <= 231932))
	  ->  Bitmap Index Scan on k_1  (cost=0.00..5.50 rows=107 width=0)
	        Index Cond: ((k >= 231832) AND (k <= 231932))

table 2 : explain SELECT k, c FROM sbtest2 WHERE k BETWEEN 231832 AND 231932
	Bitmap Heap Scan on sbtest2  (cost=5.49..413.29 rows=103 width=125)
	  Recheck Cond: ((k >= 231832) AND (k <= 231932))
	  ->  Bitmap Index Scan on k_2  (cost=0.00..5.46 rows=103 width=0)
	        Index Cond: ((k >= 231832) AND (k <= 231932))

table 3 : explain SELECT k, c FROM sbtest3 WHERE k BETWEEN 231832 AND 231932
	Bitmap Heap Scan on sbtest3  (cost=5.48..409.36 rows=102 width=125)
	  Recheck Cond: ((k >= 231832) AND (k <= 231932))
	  ->  Bitmap Index Scan on k_3  (cost=0.00..5.45 rows=102 width=0)
	        Index Cond: ((k >= 231832) AND (k <= 231932))

table 4 : explain SELECT k, c FROM sbtest4 WHERE k BETWEEN 231832 AND 231932
	Bitmap Heap Scan on sbtest4  (cost=5.50..417.27 rows=104 width=125)
	  Recheck Cond: ((k >= 231832) AND (k <= 231932))
	  ->  Bitmap Index Scan on k_4  (cost=0.00..5.47 rows=104 width=0)
	        Index Cond: ((k >= 231832) AND (k <= 231932))

table 5 : explain SELECT k, c FROM sbtest5 WHERE k BETWEEN 231832 AND 231932
	Bitmap Heap Scan on sbtest5  (cost=5.42..385.72 rows=96 width=125)
	  Recheck Cond: ((k >= 231832) AND (k <= 231932))
	  ->  Bitmap Index Scan on k_5  (cost=0.00..5.39 rows=96 width=0)
	        Index Cond: ((k >= 231832) AND (k <= 231932))

table 6 : explain SELECT k, c FROM sbtest6 WHERE k BETWEEN 231832 AND 231932
	Bitmap Heap Scan on sbtest6  (cost=5.58..448.82 rows=112 width=125)
	  Recheck Cond: ((k >= 231832) AND (k <= 231932))
	  ->  Bitmap Index Scan on k_6  (cost=0.00..5.55 rows=112 width=0)
	        Index Cond: ((k >= 231832) AND (k <= 231932))

table 7 : explain SELECT k, c FROM sbtest7 WHERE k BETWEEN 231832 AND 231932
	Bitmap Heap Scan on sbtest7  (cost=5.48..409.41 rows=102 width=125)
	  Recheck Cond: ((k >= 231832) AND (k <= 231932))
	  ->  Bitmap Index Scan on k_7  (cost=0.00..5.45 rows=102 width=0)
	        Index Cond: ((k >= 231832) AND (k <= 231932))

table 8 : explain SELECT k, c FROM sbtest8 WHERE k BETWEEN 231832 AND 231932
	Bitmap Heap Scan on sbtest8  (cost=5.57..444.88 rows=111 width=125)
	  Recheck Cond: ((k >= 231832) AND (k <= 231932))
	  ->  Bitmap Index Scan on k_8  (cost=0.00..5.54 rows=111 width=0)
	        Index Cond: ((k >= 231832) AND (k <= 231932))




for range-notcovered
table 1 : explain SELECT k, c FROM sbtest1 WHERE k BETWEEN 3169993 AND 3170093
	Bitmap Heap Scan on sbtest1  (cost=5.45..397.49 rows=99 width=125)
	  Recheck Cond: ((k >= 3169993) AND (k <= 3170093))
	  ->  Bitmap Index Scan on k_1  (cost=0.00..5.42 rows=99 width=0)
	        Index Cond: ((k >= 3169993) AND (k <= 3170093))

table 2 : explain SELECT k, c FROM sbtest2 WHERE k BETWEEN 3169993 AND 3170093
	Bitmap Heap Scan on sbtest2  (cost=5.42..385.69 rows=96 width=125)
	  Recheck Cond: ((k >= 3169993) AND (k <= 3170093))
	  ->  Bitmap Index Scan on k_2  (cost=0.00..5.39 rows=96 width=0)
	        Index Cond: ((k >= 3169993) AND (k <= 3170093))

table 3 : explain SELECT k, c FROM sbtest3 WHERE k BETWEEN 3169993 AND 3170093
	Bitmap Heap Scan on sbtest3  (cost=5.56..440.88 rows=110 width=125)
	  Recheck Cond: ((k >= 3169993) AND (k <= 3170093))
	  ->  Bitmap Index Scan on k_3  (cost=0.00..5.53 rows=110 width=0)
	        Index Cond: ((k >= 3169993) AND (k <= 3170093))

table 4 : explain SELECT k, c FROM sbtest4 WHERE k BETWEEN 3169993 AND 3170093
	Bitmap Heap Scan on sbtest4  (cost=5.53..429.09 rows=107 width=125)
	  Recheck Cond: ((k >= 3169993) AND (k <= 3170093))
	  ->  Bitmap Index Scan on k_4  (cost=0.00..5.50 rows=107 width=0)
	        Index Cond: ((k >= 3169993) AND (k <= 3170093))

table 5 : explain SELECT k, c FROM sbtest5 WHERE k BETWEEN 3169993 AND 3170093
	Bitmap Heap Scan on sbtest5  (cost=5.42..385.72 rows=96 width=125)
	  Recheck Cond: ((k >= 3169993) AND (k <= 3170093))
	  ->  Bitmap Index Scan on k_5  (cost=0.00..5.39 rows=96 width=0)
	        Index Cond: ((k >= 3169993) AND (k <= 3170093))

table 6 : explain SELECT k, c FROM sbtest6 WHERE k BETWEEN 3169993 AND 3170093
	Bitmap Heap Scan on sbtest6  (cost=5.38..369.96 rows=92 width=125)
	  Recheck Cond: ((k >= 3169993) AND (k <= 3170093))
	  ->  Bitmap Index Scan on k_6  (cost=0.00..5.35 rows=92 width=0)
	        Index Cond: ((k >= 3169993) AND (k <= 3170093))

table 7 : explain SELECT k, c FROM sbtest7 WHERE k BETWEEN 3169993 AND 3170093
	Bitmap Heap Scan on sbtest7  (cost=5.47..405.46 rows=101 width=125)
	  Recheck Cond: ((k >= 3169993) AND (k <= 3170093))
	  ->  Bitmap Index Scan on k_7  (cost=0.00..5.44 rows=101 width=0)
	        Index Cond: ((k >= 3169993) AND (k <= 3170093))

table 8 : explain SELECT k, c FROM sbtest8 WHERE k BETWEEN 3169993 AND 3170093
	Bitmap Heap Scan on sbtest8  (cost=5.47..405.47 rows=101 width=125)
	  Recheck Cond: ((k >= 3169993) AND (k <= 3170093))
	  ->  Bitmap Index Scan on k_8  (cost=0.00..5.44 rows=101 width=0)
	        Index Cond: ((k >= 3169993) AND (k <= 3170093))

explain: for range-notcovered :: explain SELECT k, c FROM sbtest%d WHERE k BETWEEN 4276750 AND 4276850
explain: for range-notcovered :: explain SELECT k, c FROM sbtest%d WHERE k BETWEEN 231832 AND 231932
for range-notcovered
table 1 : explain SELECT k, c FROM sbtest1 WHERE k BETWEEN 5046403 AND 5046503
	Bitmap Heap Scan on sbtest1  (cost=5.63..468.40 rows=117 width=125)
	  Recheck Cond: ((k >= 5046403) AND (k <= 5046503))
	  ->  Bitmap Index Scan on k_1  (cost=0.00..5.60 rows=117 width=0)
	        Index Cond: ((k >= 5046403) AND (k <= 5046503))

table 2 : explain SELECT k, c FROM sbtest2 WHERE k BETWEEN 5046403 AND 5046503
	Bitmap Heap Scan on sbtest2  (cost=5.49..413.29 rows=103 width=125)
	  Recheck Cond: ((k >= 5046403) AND (k <= 5046503))
	  ->  Bitmap Index Scan on k_2  (cost=0.00..5.46 rows=103 width=0)
	        Index Cond: ((k >= 5046403) AND (k <= 5046503))

table 3 : explain SELECT k, c FROM sbtest3 WHERE k BETWEEN 5046403 AND 5046503
	Bitmap Heap Scan on sbtest3  (cost=5.59..452.69 rows=113 width=125)
	  Recheck Cond: ((k >= 5046403) AND (k <= 5046503))
	  ->  Bitmap Index Scan on k_3  (cost=0.00..5.56 rows=113 width=0)
	        Index Cond: ((k >= 5046403) AND (k <= 5046503))

table 4 : explain SELECT k, c FROM sbtest4 WHERE k BETWEEN 5046403 AND 5046503
	Bitmap Heap Scan on sbtest4  (cost=5.43..389.66 rows=97 width=125)
	  Recheck Cond: ((k >= 5046403) AND (k <= 5046503))
	  ->  Bitmap Index Scan on k_4  (cost=0.00..5.40 rows=97 width=0)
	        Index Cond: ((k >= 5046403) AND (k <= 5046503))

table 5 : explain SELECT k, c FROM sbtest5 WHERE k BETWEEN 5046403 AND 5046503
	Bitmap Heap Scan on sbtest5  (cost=5.54..433.03 rows=108 width=125)
	  Recheck Cond: ((k >= 5046403) AND (k <= 5046503))
	  ->  Bitmap Index Scan on k_5  (cost=0.00..5.51 rows=108 width=0)
	        Index Cond: ((k >= 5046403) AND (k <= 5046503))

table 6 : explain SELECT k, c FROM sbtest6 WHERE k BETWEEN 5046403 AND 5046503
	Bitmap Heap Scan on sbtest6  (cost=5.45..397.58 rows=99 width=125)
	  Recheck Cond: ((k >= 5046403) AND (k <= 5046503))
	  ->  Bitmap Index Scan on k_6  (cost=0.00..5.42 rows=99 width=0)
	        Index Cond: ((k >= 5046403) AND (k <= 5046503))

table 7 : explain SELECT k, c FROM sbtest7 WHERE k BETWEEN 5046403 AND 5046503
	Bitmap Heap Scan on sbtest7  (cost=5.47..405.46 rows=101 width=125)
	  Recheck Cond: ((k >= 5046403) AND (k <= 5046503))
	  ->  Bitmap Index Scan on k_7  (cost=0.00..5.44 rows=101 width=0)
	        Index Cond: ((k >= 5046403) AND (k <= 5046503))

table 8 : explain SELECT k, c FROM sbtest8 WHERE k BETWEEN 5046403 AND 5046503
	Bitmap Heap Scan on sbtest8  (cost=5.44..393.63 rows=98 width=125)
	  Recheck Cond: ((k >= 5046403) AND (k <= 5046503))
	  ->  Bitmap Index Scan on k_8  (cost=0.00..5.42 rows=98 width=0)
	        Index Cond: ((k >= 5046403) AND (k <= 5046503))

for range-notcovered
table 1 : explain SELECT k, c FROM sbtest1 WHERE k BETWEEN 8204642 AND 8204742
	Bitmap Heap Scan on sbtest1  (cost=5.50..417.20 rows=104 width=125)
	  Recheck Cond: ((k >= 8204642) AND (k <= 8204742))
	  ->  Bitmap Index Scan on k_1  (cost=0.00..5.47 rows=104 width=0)
	        Index Cond: ((k >= 8204642) AND (k <= 8204742))

table 2 : explain SELECT k, c FROM sbtest2 WHERE k BETWEEN 8204642 AND 8204742
	Bitmap Heap Scan on sbtest2  (cost=5.45..397.52 rows=99 width=125)
	  Recheck Cond: ((k >= 8204642) AND (k <= 8204742))
	  ->  Bitmap Index Scan on k_2  (cost=0.00..5.42 rows=99 width=0)
	        Index Cond: ((k >= 8204642) AND (k <= 8204742))

table 3 : explain SELECT k, c FROM sbtest3 WHERE k BETWEEN 8204642 AND 8204742
	Bitmap Heap Scan on sbtest3  (cost=5.43..389.64 rows=97 width=125)
	  Recheck Cond: ((k >= 8204642) AND (k <= 8204742))
	  ->  Bitmap Index Scan on k_3  (cost=0.00..5.40 rows=97 width=0)
	        Index Cond: ((k >= 8204642) AND (k <= 8204742))

table 4 : explain SELECT k, c FROM sbtest4 WHERE k BETWEEN 8204642 AND 8204742
	Bitmap Heap Scan on sbtest4  (cost=5.48..409.38 rows=102 width=125)
	  Recheck Cond: ((k >= 8204642) AND (k <= 8204742))
	  ->  Bitmap Index Scan on k_4  (cost=0.00..5.45 rows=102 width=0)
	        Index Cond: ((k >= 8204642) AND (k <= 8204742))

table 5 : explain SELECT k, c FROM sbtest5 WHERE k BETWEEN 8204642 AND 8204742
	Bitmap Heap Scan on sbtest5  (cost=5.50..417.27 rows=104 width=125)
	  Recheck Cond: ((k >= 8204642) AND (k <= 8204742))
	  ->  Bitmap Index Scan on k_5  (cost=0.00..5.47 rows=104 width=0)
	        Index Cond: ((k >= 8204642) AND (k <= 8204742))

table 6 : explain SELECT k, c FROM sbtest6 WHERE k BETWEEN 8204642 AND 8204742
	Bitmap Heap Scan on sbtest6  (cost=5.46..401.52 rows=100 width=125)
	  Recheck Cond: ((k >= 8204642) AND (k <= 8204742))
	  ->  Bitmap Index Scan on k_6  (cost=0.00..5.43 rows=100 width=0)
	        Index Cond: ((k >= 8204642) AND (k <= 8204742))

table 7 : explain SELECT k, c FROM sbtest7 WHERE k BETWEEN 8204642 AND 8204742
	Bitmap Heap Scan on sbtest7  (cost=5.50..417.29 rows=104 width=125)
	  Recheck Cond: ((k >= 8204642) AND (k <= 8204742))
	  ->  Bitmap Index Scan on k_7  (cost=0.00..5.47 rows=104 width=0)
	        Index Cond: ((k >= 8204642) AND (k <= 8204742))

table 8 : explain SELECT k, c FROM sbtest8 WHERE k BETWEEN 8204642 AND 8204742
	Bitmap Heap Scan on sbtest8  (cost=5.59..452.76 rows=113 width=125)
	  Recheck Cond: ((k >= 8204642) AND (k <= 8204742))
	  ->  Bitmap Index Scan on k_8  (cost=0.00..5.56 rows=113 width=0)
	        Index Cond: ((k >= 8204642) AND (k <= 8204742))

for range-notcovered
table 1 : explain SELECT k, c FROM sbtest1 WHERE k BETWEEN 4395323 AND 4395423
	Bitmap Heap Scan on sbtest1  (cost=5.50..417.20 rows=104 width=125)
	  Recheck Cond: ((k >= 4395323) AND (k <= 4395423))
	  ->  Bitmap Index Scan on k_1  (cost=0.00..5.47 rows=104 width=0)
	        Index Cond: ((k >= 4395323) AND (k <= 4395423))

table 2 : explain SELECT k, c FROM sbtest2 WHERE k BETWEEN 4395323 AND 4395423
	Bitmap Heap Scan on sbtest2  (cost=5.60..456.63 rows=114 width=125)
	  Recheck Cond: ((k >= 4395323) AND (k <= 4395423))
	  ->  Bitmap Index Scan on k_2  (cost=0.00..5.58 rows=114 width=0)
	        Index Cond: ((k >= 4395323) AND (k <= 4395423))

table 3 : explain SELECT k, c FROM sbtest3 WHERE k BETWEEN 4395323 AND 4395423
	Bitmap Heap Scan on sbtest3  (cost=5.55..436.94 rows=109 width=125)
	  Recheck Cond: ((k >= 4395323) AND (k <= 4395423))
	  ->  Bitmap Index Scan on k_3  (cost=0.00..5.52 rows=109 width=0)
	        Index Cond: ((k >= 4395323) AND (k <= 4395423))

table 4 : explain SELECT k, c FROM sbtest4 WHERE k BETWEEN 4395323 AND 4395423
	Bitmap Heap Scan on sbtest4  (cost=5.44..393.61 rows=98 width=125)
	  Recheck Cond: ((k >= 4395323) AND (k <= 4395423))
	  ->  Bitmap Index Scan on k_4  (cost=0.00..5.42 rows=98 width=0)
	        Index Cond: ((k >= 4395323) AND (k <= 4395423))

table 5 : explain SELECT k, c FROM sbtest5 WHERE k BETWEEN 4395323 AND 4395423
	Bitmap Heap Scan on sbtest5  (cost=5.46..401.50 rows=100 width=125)
	  Recheck Cond: ((k >= 4395323) AND (k <= 4395423))
	  ->  Bitmap Index Scan on k_5  (cost=0.00..5.43 rows=100 width=0)
	        Index Cond: ((k >= 4395323) AND (k <= 4395423))

table 6 : explain SELECT k, c FROM sbtest6 WHERE k BETWEEN 4395323 AND 4395423
	Bitmap Heap Scan on sbtest6  (cost=5.45..397.58 rows=99 width=125)
	  Recheck Cond: ((k >= 4395323) AND (k <= 4395423))
	  ->  Bitmap Index Scan on k_6  (cost=0.00..5.42 rows=99 width=0)
	        Index Cond: ((k >= 4395323) AND (k <= 4395423))

table 7 : explain SELECT k, c FROM sbtest7 WHERE k BETWEEN 4395323 AND 4395423
	Bitmap Heap Scan on sbtest7  (cost=5.59..452.76 rows=113 width=125)
	  Recheck Cond: ((k >= 4395323) AND (k <= 4395423))
	  ->  Bitmap Index Scan on k_7  (cost=0.00..5.56 rows=113 width=0)
	        Index Cond: ((k >= 4395323) AND (k <= 4395423))

table 8 : explain SELECT k, c FROM sbtest8 WHERE k BETWEEN 4395323 AND 4395423
	Bitmap Heap Scan on sbtest8  (cost=5.42..385.74 rows=96 width=125)
	  Recheck Cond: ((k >= 4395323) AND (k <= 4395423))
	  ->  Bitmap Index Scan on k_8  (cost=0.00..5.39 rows=96 width=0)
	        Index Cond: ((k >= 4395323) AND (k <= 4395423))

explain: for range-notcovered :: explain SELECT k, c FROM sbtest%d WHERE k BETWEEN 6479038 AND 6479138
for range-notcovered
table 1 : explain SELECT k, c FROM sbtest1 WHERE k BETWEEN 3701523 AND 3701623
	Bitmap Heap Scan on sbtest1  (cost=5.45..397.49 rows=99 width=125)
	  Recheck Cond: ((k >= 3701523) AND (k <= 3701623))
	  ->  Bitmap Index Scan on k_1  (cost=0.00..5.42 rows=99 width=0)
	        Index Cond: ((k >= 3701523) AND (k <= 3701623))

table 2 : explain SELECT k, c FROM sbtest2 WHERE k BETWEEN 3701523 AND 3701623
	Bitmap Heap Scan on sbtest2  (cost=5.49..413.29 rows=103 width=125)
	  Recheck Cond: ((k >= 3701523) AND (k <= 3701623))
	  ->  Bitmap Index Scan on k_2  (cost=0.00..5.46 rows=103 width=0)
	        Index Cond: ((k >= 3701523) AND (k <= 3701623))

table 3 : explain SELECT k, c FROM sbtest3 WHERE k BETWEEN 3701523 AND 3701623
	Bitmap Heap Scan on sbtest3  (cost=5.41..381.75 rows=95 width=125)
	  Recheck Cond: ((k >= 3701523) AND (k <= 3701623))
	  ->  Bitmap Index Scan on k_3  (cost=0.00..5.38 rows=95 width=0)
	        Index Cond: ((k >= 3701523) AND (k <= 3701623))

table 4 : explain SELECT k, c FROM sbtest4 WHERE k BETWEEN 3701523 AND 3701623
	Bitmap Heap Scan on sbtest4  (cost=5.41..381.77 rows=95 width=125)
	  Recheck Cond: ((k >= 3701523) AND (k <= 3701623))
	  ->  Bitmap Index Scan on k_4  (cost=0.00..5.38 rows=95 width=0)
	        Index Cond: ((k >= 3701523) AND (k <= 3701623))

table 5 : explain SELECT k, c FROM sbtest5 WHERE k BETWEEN 3701523 AND 3701623
	Bitmap Heap Scan on sbtest5  (cost=5.55..436.97 rows=109 width=125)
	  Recheck Cond: ((k >= 3701523) AND (k <= 3701623))
	  ->  Bitmap Index Scan on k_5  (cost=0.00..5.52 rows=109 width=0)
	        Index Cond: ((k >= 3701523) AND (k <= 3701623))

table 6 : explain SELECT k, c FROM sbtest6 WHERE k BETWEEN 3701523 AND 3701623
	Bitmap Heap Scan on sbtest6  (cost=5.42..385.74 rows=96 width=125)
	  Recheck Cond: ((k >= 3701523) AND (k <= 3701623))
	  ->  Bitmap Index Scan on k_6  (cost=0.00..5.39 rows=96 width=0)
	        Index Cond: ((k >= 3701523) AND (k <= 3701623))

table 7 : explain SELECT k, c FROM sbtest7 WHERE k BETWEEN 3701523 AND 3701623
	Bitmap Heap Scan on sbtest7  (cost=5.43..389.69 rows=97 width=125)
	  Recheck Cond: ((k >= 3701523) AND (k <= 3701623))
	  ->  Bitmap Index Scan on k_7  (cost=0.00..5.40 rows=97 width=0)
	        Index Cond: ((k >= 3701523) AND (k <= 3701623))

table 8 : explain SELECT k, c FROM sbtest8 WHERE k BETWEEN 3701523 AND 3701623
	Bitmap Heap Scan on sbtest8  (cost=5.49..413.35 rows=103 width=125)
	  Recheck Cond: ((k >= 3701523) AND (k <= 3701623))
	  ->  Bitmap Index Scan on k_8  (cost=0.00..5.46 rows=103 width=0)
	        Index Cond: ((k >= 3701523) AND (k <= 3701623))

explain: for range-notcovered :: explain SELECT k, c FROM sbtest%d WHERE k BETWEEN 3169993 AND 3170093
explain: for range-notcovered :: explain SELECT k, c FROM sbtest%d WHERE k BETWEEN 6413332 AND 6413432
explain: for range-notcovered :: explain SELECT k, c FROM sbtest%d WHERE k BETWEEN 4395323 AND 4395423
explain: for range-notcovered :: explain SELECT k, c FROM sbtest%d WHERE k BETWEEN 3701523 AND 3701623
for range-notcovered
table 1 : explain SELECT k, c FROM sbtest1 WHERE k BETWEEN 4378422 AND 4378522
	Bitmap Heap Scan on sbtest1  (cost=5.50..417.20 rows=104 width=125)
	  Recheck Cond: ((k >= 4378422) AND (k <= 4378522))
	  ->  Bitmap Index Scan on k_1  (cost=0.00..5.47 rows=104 width=0)
	        Index Cond: ((k >= 4378422) AND (k <= 4378522))

table 2 : explain SELECT k, c FROM sbtest2 WHERE k BETWEEN 4378422 AND 4378522
	Bitmap Heap Scan on sbtest2  (cost=5.60..456.63 rows=114 width=125)
	  Recheck Cond: ((k >= 4378422) AND (k <= 4378522))
	  ->  Bitmap Index Scan on k_2  (cost=0.00..5.58 rows=114 width=0)
	        Index Cond: ((k >= 4378422) AND (k <= 4378522))

table 3 : explain SELECT k, c FROM sbtest3 WHERE k BETWEEN 4378422 AND 4378522
	Bitmap Heap Scan on sbtest3  (cost=5.42..385.70 rows=96 width=125)
	  Recheck Cond: ((k >= 4378422) AND (k <= 4378522))
	  ->  Bitmap Index Scan on k_3  (cost=0.00..5.39 rows=96 width=0)
	        Index Cond: ((k >= 4378422) AND (k <= 4378522))

table 4 : explain SELECT k, c FROM sbtest4 WHERE k BETWEEN 4378422 AND 4378522
	Bitmap Heap Scan on sbtest4  (cost=5.44..393.61 rows=98 width=125)
	  Recheck Cond: ((k >= 4378422) AND (k <= 4378522))
	  ->  Bitmap Index Scan on k_4  (cost=0.00..5.42 rows=98 width=0)
	        Index Cond: ((k >= 4378422) AND (k <= 4378522))

table 5 : explain SELECT k, c FROM sbtest5 WHERE k BETWEEN 4378422 AND 4378522
	Bitmap Heap Scan on sbtest5  (cost=5.46..401.50 rows=100 width=125)
	  Recheck Cond: ((k >= 4378422) AND (k <= 4378522))
	  ->  Bitmap Index Scan on k_5  (cost=0.00..5.43 rows=100 width=0)
	        Index Cond: ((k >= 4378422) AND (k <= 4378522))

table 6 : explain SELECT k, c FROM sbtest6 WHERE k BETWEEN 4378422 AND 4378522
	Bitmap Heap Scan on sbtest6  (cost=5.49..413.35 rows=103 width=125)
	  Recheck Cond: ((k >= 4378422) AND (k <= 4378522))
	  ->  Bitmap Index Scan on k_6  (cost=0.00..5.46 rows=103 width=0)
	        Index Cond: ((k >= 4378422) AND (k <= 4378522))

table 7 : explain SELECT k, c FROM sbtest7 WHERE k BETWEEN 4378422 AND 4378522
	Bitmap Heap Scan on sbtest7  (cost=5.59..452.76 rows=113 width=125)
	  Recheck Cond: ((k >= 4378422) AND (k <= 4378522))
	  ->  Bitmap Index Scan on k_7  (cost=0.00..5.56 rows=113 width=0)
	        Index Cond: ((k >= 4378422) AND (k <= 4378522))

table 8 : explain SELECT k, c FROM sbtest8 WHERE k BETWEEN 4378422 AND 4378522
	Bitmap Heap Scan on sbtest8  (cost=5.55..437.00 rows=109 width=125)
	  Recheck Cond: ((k >= 4378422) AND (k <= 4378522))
	  ->  Bitmap Index Scan on k_8  (cost=0.00..5.52 rows=109 width=0)
	        Index Cond: ((k >= 4378422) AND (k <= 4378522))

for range-notcovered
table 1 : explain SELECT k, c FROM sbtest1 WHERE k BETWEEN 7014798 AND 7014898
	Bitmap Heap Scan on sbtest1  (cost=5.54..432.96 rows=108 width=125)
	  Recheck Cond: ((k >= 7014798) AND (k <= 7014898))
	  ->  Bitmap Index Scan on k_1  (cost=0.00..5.51 rows=108 width=0)
	        Index Cond: ((k >= 7014798) AND (k <= 7014898))

table 2 : explain SELECT k, c FROM sbtest2 WHERE k BETWEEN 7014798 AND 7014898
	Bitmap Heap Scan on sbtest2  (cost=5.35..358.07 rows=89 width=125)
	  Recheck Cond: ((k >= 7014798) AND (k <= 7014898))
	  ->  Bitmap Index Scan on k_2  (cost=0.00..5.32 rows=89 width=0)
	        Index Cond: ((k >= 7014798) AND (k <= 7014898))

table 3 : explain SELECT k, c FROM sbtest3 WHERE k BETWEEN 7014798 AND 7014898
	Bitmap Heap Scan on sbtest3  (cost=5.46..401.47 rows=100 width=125)
	  Recheck Cond: ((k >= 7014798) AND (k <= 7014898))
	  ->  Bitmap Index Scan on k_3  (cost=0.00..5.43 rows=100 width=0)
	        Index Cond: ((k >= 7014798) AND (k <= 7014898))

table 4 : explain SELECT k, c FROM sbtest4 WHERE k BETWEEN 7014798 AND 7014898
	Bitmap Heap Scan on sbtest4  (cost=5.41..381.77 rows=95 width=125)
	  Recheck Cond: ((k >= 7014798) AND (k <= 7014898))
	  ->  Bitmap Index Scan on k_4  (cost=0.00..5.38 rows=95 width=0)
	        Index Cond: ((k >= 7014798) AND (k <= 7014898))

table 5 : explain SELECT k, c FROM sbtest5 WHERE k BETWEEN 7014798 AND 7014898
	Bitmap Heap Scan on sbtest5  (cost=5.56..440.91 rows=110 width=125)
	  Recheck Cond: ((k >= 7014798) AND (k <= 7014898))
	  ->  Bitmap Index Scan on k_5  (cost=0.00..5.53 rows=110 width=0)
	        Index Cond: ((k >= 7014798) AND (k <= 7014898))

table 6 : explain SELECT k, c FROM sbtest6 WHERE k BETWEEN 7014798 AND 7014898
	Bitmap Heap Scan on sbtest6  (cost=5.58..448.82 rows=112 width=125)
	  Recheck Cond: ((k >= 7014798) AND (k <= 7014898))
	  ->  Bitmap Index Scan on k_6  (cost=0.00..5.55 rows=112 width=0)
	        Index Cond: ((k >= 7014798) AND (k <= 7014898))

table 7 : explain SELECT k, c FROM sbtest7 WHERE k BETWEEN 7014798 AND 7014898
	Bitmap Heap Scan on sbtest7  (cost=5.45..397.58 rows=99 width=125)
	  Recheck Cond: ((k >= 7014798) AND (k <= 7014898))
	  ->  Bitmap Index Scan on k_7  (cost=0.00..5.42 rows=99 width=0)
	        Index Cond: ((k >= 7014798) AND (k <= 7014898))

table 8 : explain SELECT k, c FROM sbtest8 WHERE k BETWEEN 7014798 AND 7014898
	Bitmap Heap Scan on sbtest8  (cost=5.44..393.63 rows=98 width=125)
	  Recheck Cond: ((k >= 7014798) AND (k <= 7014898))
	  ->  Bitmap Index Scan on k_8  (cost=0.00..5.42 rows=98 width=0)
	        Index Cond: ((k >= 7014798) AND (k <= 7014898))

for range-notcovered
table 1 : explain SELECT k, c FROM sbtest1 WHERE k BETWEEN 3569640 AND 3569740
	Bitmap Heap Scan on sbtest1  (cost=5.49..413.26 rows=103 width=125)
	  Recheck Cond: ((k >= 3569640) AND (k <= 3569740))
	  ->  Bitmap Index Scan on k_1  (cost=0.00..5.46 rows=103 width=0)
	        Index Cond: ((k >= 3569640) AND (k <= 3569740))

table 2 : explain SELECT k, c FROM sbtest2 WHERE k BETWEEN 3569640 AND 3569740
	Bitmap Heap Scan on sbtest2  (cost=5.54..433.00 rows=108 width=125)
	  Recheck Cond: ((k >= 3569640) AND (k <= 3569740))
	  ->  Bitmap Index Scan on k_2  (cost=0.00..5.51 rows=108 width=0)
	        Index Cond: ((k >= 3569640) AND (k <= 3569740))

table 3 : explain SELECT k, c FROM sbtest3 WHERE k BETWEEN 3569640 AND 3569740
	Bitmap Heap Scan on sbtest3  (cost=5.44..393.58 rows=98 width=125)
	  Recheck Cond: ((k >= 3569640) AND (k <= 3569740))
	  ->  Bitmap Index Scan on k_3  (cost=0.00..5.42 rows=98 width=0)
	        Index Cond: ((k >= 3569640) AND (k <= 3569740))

table 4 : explain SELECT k, c FROM sbtest4 WHERE k BETWEEN 3569640 AND 3569740
	Bitmap Heap Scan on sbtest4  (cost=5.47..405.44 rows=101 width=125)
	  Recheck Cond: ((k >= 3569640) AND (k <= 3569740))
	  ->  Bitmap Index Scan on k_4  (cost=0.00..5.44 rows=101 width=0)
	        Index Cond: ((k >= 3569640) AND (k <= 3569740))

table 5 : explain SELECT k, c FROM sbtest5 WHERE k BETWEEN 3569640 AND 3569740
	Bitmap Heap Scan on sbtest5  (cost=5.46..401.50 rows=100 width=125)
	  Recheck Cond: ((k >= 3569640) AND (k <= 3569740))
	  ->  Bitmap Index Scan on k_5  (cost=0.00..5.43 rows=100 width=0)
	        Index Cond: ((k >= 3569640) AND (k <= 3569740))

table 6 : explain SELECT k, c FROM sbtest6 WHERE k BETWEEN 3569640 AND 3569740
	Bitmap Heap Scan on sbtest6  (cost=5.46..401.52 rows=100 width=125)
	  Recheck Cond: ((k >= 3569640) AND (k <= 3569740))
	  ->  Bitmap Index Scan on k_6  (cost=0.00..5.43 rows=100 width=0)
	        Index Cond: ((k >= 3569640) AND (k <= 3569740))

table 7 : explain SELECT k, c FROM sbtest7 WHERE k BETWEEN 3569640 AND 3569740
	Bitmap Heap Scan on sbtest7  (cost=5.45..397.58 rows=99 width=125)
	  Recheck Cond: ((k >= 3569640) AND (k <= 3569740))
	  ->  Bitmap Index Scan on k_7  (cost=0.00..5.42 rows=99 width=0)
	        Index Cond: ((k >= 3569640) AND (k <= 3569740))

table 8 : explain SELECT k, c FROM sbtest8 WHERE k BETWEEN 3569640 AND 3569740
	Bitmap Heap Scan on sbtest8  (cost=5.48..409.41 rows=102 width=125)
	  Recheck Cond: ((k >= 3569640) AND (k <= 3569740))
	  ->  Bitmap Index Scan on k_8  (cost=0.00..5.45 rows=102 width=0)
	        Index Cond: ((k >= 3569640) AND (k <= 3569740))

for range-notcovered
table 1 : explain SELECT k, c FROM sbtest1 WHERE k BETWEEN 3818532 AND 3818632
	Bitmap Heap Scan on sbtest1  (cost=5.47..405.38 rows=101 width=125)
	  Recheck Cond: ((k >= 3818532) AND (k <= 3818632))
	  ->  Bitmap Index Scan on k_1  (cost=0.00..5.44 rows=101 width=0)
	        Index Cond: ((k >= 3818532) AND (k <= 3818632))

table 2 : explain SELECT k, c FROM sbtest2 WHERE k BETWEEN 3818532 AND 3818632
	Bitmap Heap Scan on sbtest2  (cost=5.50..417.23 rows=104 width=125)
	  Recheck Cond: ((k >= 3818532) AND (k <= 3818632))
	  ->  Bitmap Index Scan on k_2  (cost=0.00..5.47 rows=104 width=0)
	        Index Cond: ((k >= 3818532) AND (k <= 3818632))

table 3 : explain SELECT k, c FROM sbtest3 WHERE k BETWEEN 3818532 AND 3818632
	Bitmap Heap Scan on sbtest3  (cost=5.50..417.24 rows=104 width=125)
	  Recheck Cond: ((k >= 3818532) AND (k <= 3818632))
	  ->  Bitmap Index Scan on k_3  (cost=0.00..5.47 rows=104 width=0)
	        Index Cond: ((k >= 3818532) AND (k <= 3818632))

table 4 : explain SELECT k, c FROM sbtest4 WHERE k BETWEEN 3818532 AND 3818632
	Bitmap Heap Scan on sbtest4  (cost=5.49..413.32 rows=103 width=125)
	  Recheck Cond: ((k >= 3818532) AND (k <= 3818632))
	  ->  Bitmap Index Scan on k_4  (cost=0.00..5.46 rows=103 width=0)
	        Index Cond: ((k >= 3818532) AND (k <= 3818632))

table 5 : explain SELECT k, c FROM sbtest5 WHERE k BETWEEN 3818532 AND 3818632
	Bitmap Heap Scan on sbtest5  (cost=5.45..397.56 rows=99 width=125)
	  Recheck Cond: ((k >= 3818532) AND (k <= 3818632))
	  ->  Bitmap Index Scan on k_5  (cost=0.00..5.42 rows=99 width=0)
	        Index Cond: ((k >= 3818532) AND (k <= 3818632))

table 6 : explain SELECT k, c FROM sbtest6 WHERE k BETWEEN 3818532 AND 3818632
	Bitmap Heap Scan on sbtest6  (cost=5.47..405.47 rows=101 width=125)
	  Recheck Cond: ((k >= 3818532) AND (k <= 3818632))
	  ->  Bitmap Index Scan on k_6  (cost=0.00..5.44 rows=101 width=0)
	        Index Cond: ((k >= 3818532) AND (k <= 3818632))

table 7 : explain SELECT k, c FROM sbtest7 WHERE k BETWEEN 3818532 AND 3818632
	Bitmap Heap Scan on sbtest7  (cost=5.50..417.29 rows=104 width=125)
	  Recheck Cond: ((k >= 3818532) AND (k <= 3818632))
	  ->  Bitmap Index Scan on k_7  (cost=0.00..5.47 rows=104 width=0)
	        Index Cond: ((k >= 3818532) AND (k <= 3818632))

table 8 : explain SELECT k, c FROM sbtest8 WHERE k BETWEEN 3818532 AND 3818632
	Bitmap Heap Scan on sbtest8  (cost=5.43..389.69 rows=97 width=125)
	  Recheck Cond: ((k >= 3818532) AND (k <= 3818632))
	  ->  Bitmap Index Scan on k_8  (cost=0.00..5.40 rows=97 width=0)
	        Index Cond: ((k >= 3818532) AND (k <= 3818632))

for range-notcovered
table 1 : explain SELECT k, c FROM sbtest1 WHERE k BETWEEN 5409911 AND 5410011
	Bitmap Heap Scan on sbtest1  (cost=5.58..448.71 rows=112 width=125)
	  Recheck Cond: ((k >= 5409911) AND (k <= 5410011))
	  ->  Bitmap Index Scan on k_1  (cost=0.00..5.55 rows=112 width=0)
	        Index Cond: ((k >= 5409911) AND (k <= 5410011))

table 2 : explain SELECT k, c FROM sbtest2 WHERE k BETWEEN 5409911 AND 5410011
	Bitmap Heap Scan on sbtest2  (cost=5.46..401.47 rows=100 width=125)
	  Recheck Cond: ((k >= 5409911) AND (k <= 5410011))
	  ->  Bitmap Index Scan on k_2  (cost=0.00..5.43 rows=100 width=0)
	        Index Cond: ((k >= 5409911) AND (k <= 5410011))

table 3 : explain SELECT k, c FROM sbtest3 WHERE k BETWEEN 5409911 AND 5410011
	Bitmap Heap Scan on sbtest3  (cost=5.49..413.30 rows=103 width=125)
	  Recheck Cond: ((k >= 5409911) AND (k <= 5410011))
	  ->  Bitmap Index Scan on k_3  (cost=0.00..5.46 rows=103 width=0)
	        Index Cond: ((k >= 5409911) AND (k <= 5410011))

table 4 : explain SELECT k, c FROM sbtest4 WHERE k BETWEEN 5409911 AND 5410011
	Bitmap Heap Scan on sbtest4  (cost=5.49..413.32 rows=103 width=125)
	  Recheck Cond: ((k >= 5409911) AND (k <= 5410011))
	  ->  Bitmap Index Scan on k_4  (cost=0.00..5.46 rows=103 width=0)
	        Index Cond: ((k >= 5409911) AND (k <= 5410011))

table 5 : explain SELECT k, c FROM sbtest5 WHERE k BETWEEN 5409911 AND 5410011
	Bitmap Heap Scan on sbtest5  (cost=5.47..405.44 rows=101 width=125)
	  Recheck Cond: ((k >= 5409911) AND (k <= 5410011))
	  ->  Bitmap Index Scan on k_5  (cost=0.00..5.44 rows=101 width=0)
	        Index Cond: ((k >= 5409911) AND (k <= 5410011))

table 6 : explain SELECT k, c FROM sbtest6 WHERE k BETWEEN 5409911 AND 5410011
	Bitmap Heap Scan on sbtest6  (cost=5.54..433.06 rows=108 width=125)
	  Recheck Cond: ((k >= 5409911) AND (k <= 5410011))
	  ->  Bitmap Index Scan on k_6  (cost=0.00..5.51 rows=108 width=0)
	        Index Cond: ((k >= 5409911) AND (k <= 5410011))

table 7 : explain SELECT k, c FROM sbtest7 WHERE k BETWEEN 5409911 AND 5410011
	Bitmap Heap Scan on sbtest7  (cost=5.56..440.94 rows=110 width=125)
	  Recheck Cond: ((k >= 5409911) AND (k <= 5410011))
	  ->  Bitmap Index Scan on k_7  (cost=0.00..5.53 rows=110 width=0)
	        Index Cond: ((k >= 5409911) AND (k <= 5410011))

table 8 : explain SELECT k, c FROM sbtest8 WHERE k BETWEEN 5409911 AND 5410011
	Bitmap Heap Scan on sbtest8  (cost=5.42..385.74 rows=96 width=125)
	  Recheck Cond: ((k >= 5409911) AND (k <= 5410011))
	  ->  Bitmap Index Scan on k_8  (cost=0.00..5.39 rows=96 width=0)
	        Index Cond: ((k >= 5409911) AND (k <= 5410011))

explain: for range-notcovered :: explain SELECT k, c FROM sbtest%d WHERE k BETWEEN 7014798 AND 7014898
explain: for range-notcovered :: explain SELECT k, c FROM sbtest%d WHERE k BETWEEN 3818532 AND 3818632
explain: for range-notcovered :: explain SELECT k, c FROM sbtest%d WHERE k BETWEEN 3569640 AND 3569740
explain: for range-notcovered :: explain SELECT k, c FROM sbtest%d WHERE k BETWEEN 5409911 AND 5410011
for range-notcovered
table 1 : explain SELECT k, c FROM sbtest1 WHERE k BETWEEN 4904265 AND 4904365
	Bitmap Heap Scan on sbtest1  (cost=5.43..389.61 rows=97 width=125)
	  Recheck Cond: ((k >= 4904265) AND (k <= 4904365))
	  ->  Bitmap Index Scan on k_1  (cost=0.00..5.40 rows=97 width=0)
	        Index Cond: ((k >= 4904265) AND (k <= 4904365))

table 2 : explain SELECT k, c FROM sbtest2 WHERE k BETWEEN 4904265 AND 4904365
	Bitmap Heap Scan on sbtest2  (cost=5.49..413.29 rows=103 width=125)
	  Recheck Cond: ((k >= 4904265) AND (k <= 4904365))
	  ->  Bitmap Index Scan on k_2  (cost=0.00..5.46 rows=103 width=0)
	        Index Cond: ((k >= 4904265) AND (k <= 4904365))

table 3 : explain SELECT k, c FROM sbtest3 WHERE k BETWEEN 4904265 AND 4904365
	Bitmap Heap Scan on sbtest3  (cost=5.51..421.18 rows=105 width=125)
	  Recheck Cond: ((k >= 4904265) AND (k <= 4904365))
	  ->  Bitmap Index Scan on k_3  (cost=0.00..5.48 rows=105 width=0)
	        Index Cond: ((k >= 4904265) AND (k <= 4904365))

table 4 : explain SELECT k, c FROM sbtest4 WHERE k BETWEEN 4904265 AND 4904365
	Bitmap Heap Scan on sbtest4  (cost=5.45..397.55 rows=99 width=125)
	  Recheck Cond: ((k >= 4904265) AND (k <= 4904365))
	  ->  Bitmap Index Scan on k_4  (cost=0.00..5.42 rows=99 width=0)
	        Index Cond: ((k >= 4904265) AND (k <= 4904365))

table 5 : explain SELECT k, c FROM sbtest5 WHERE k BETWEEN 4904265 AND 4904365
	Bitmap Heap Scan on sbtest5  (cost=5.51..421.21 rows=105 width=125)
	  Recheck Cond: ((k >= 4904265) AND (k <= 4904365))
	  ->  Bitmap Index Scan on k_5  (cost=0.00..5.48 rows=105 width=0)
	        Index Cond: ((k >= 4904265) AND (k <= 4904365))

table 6 : explain SELECT k, c FROM sbtest6 WHERE k BETWEEN 4904265 AND 4904365
	Bitmap Heap Scan on sbtest6  (cost=5.47..405.47 rows=101 width=125)
	  Recheck Cond: ((k >= 4904265) AND (k <= 4904365))
	  ->  Bitmap Index Scan on k_6  (cost=0.00..5.44 rows=101 width=0)
	        Index Cond: ((k >= 4904265) AND (k <= 4904365))

table 7 : explain SELECT k, c FROM sbtest7 WHERE k BETWEEN 4904265 AND 4904365
	Bitmap Heap Scan on sbtest7  (cost=5.48..409.41 rows=102 width=125)
	  Recheck Cond: ((k >= 4904265) AND (k <= 4904365))
	  ->  Bitmap Index Scan on k_7  (cost=0.00..5.45 rows=102 width=0)
	        Index Cond: ((k >= 4904265) AND (k <= 4904365))

table 8 : explain SELECT k, c FROM sbtest8 WHERE k BETWEEN 4904265 AND 4904365
	Bitmap Heap Scan on sbtest8  (cost=5.46..401.52 rows=100 width=125)
	  Recheck Cond: ((k >= 4904265) AND (k <= 4904365))
	  ->  Bitmap Index Scan on k_8  (cost=0.00..5.43 rows=100 width=0)
	        Index Cond: ((k >= 4904265) AND (k <= 4904365))

for range-notcovered
table 1 : explain SELECT k, c FROM sbtest1 WHERE k BETWEEN 2168939 AND 2169039
	Bitmap Heap Scan on sbtest1  (cost=5.36..361.99 rows=90 width=125)
	  Recheck Cond: ((k >= 2168939) AND (k <= 2169039))
	  ->  Bitmap Index Scan on k_1  (cost=0.00..5.33 rows=90 width=0)
	        Index Cond: ((k >= 2168939) AND (k <= 2169039))

table 2 : explain SELECT k, c FROM sbtest2 WHERE k BETWEEN 2168939 AND 2169039
	Bitmap Heap Scan on sbtest2  (cost=5.44..393.58 rows=98 width=125)
	  Recheck Cond: ((k >= 2168939) AND (k <= 2169039))
	  ->  Bitmap Index Scan on k_2  (cost=0.00..5.42 rows=98 width=0)
	        Index Cond: ((k >= 2168939) AND (k <= 2169039))

table 3 : explain SELECT k, c FROM sbtest3 WHERE k BETWEEN 2168939 AND 2169039
	Bitmap Heap Scan on sbtest3  (cost=5.58..448.76 rows=112 width=125)
	  Recheck Cond: ((k >= 2168939) AND (k <= 2169039))
	  ->  Bitmap Index Scan on k_3  (cost=0.00..5.55 rows=112 width=0)
	        Index Cond: ((k >= 2168939) AND (k <= 2169039))

table 4 : explain SELECT k, c FROM sbtest4 WHERE k BETWEEN 2168939 AND 2169039
	Bitmap Heap Scan on sbtest4  (cost=5.41..381.77 rows=95 width=125)
	  Recheck Cond: ((k >= 2168939) AND (k <= 2169039))
	  ->  Bitmap Index Scan on k_4  (cost=0.00..5.38 rows=95 width=0)
	        Index Cond: ((k >= 2168939) AND (k <= 2169039))

table 5 : explain SELECT k, c FROM sbtest5 WHERE k BETWEEN 2168939 AND 2169039
	Bitmap Heap Scan on sbtest5  (cost=5.52..425.15 rows=106 width=125)
	  Recheck Cond: ((k >= 2168939) AND (k <= 2169039))
	  ->  Bitmap Index Scan on k_5  (cost=0.00..5.50 rows=106 width=0)
	        Index Cond: ((k >= 2168939) AND (k <= 2169039))

table 6 : explain SELECT k, c FROM sbtest6 WHERE k BETWEEN 2168939 AND 2169039
	Bitmap Heap Scan on sbtest6  (cost=5.57..444.88 rows=111 width=125)
	  Recheck Cond: ((k >= 2168939) AND (k <= 2169039))
	  ->  Bitmap Index Scan on k_6  (cost=0.00..5.54 rows=111 width=0)
	        Index Cond: ((k >= 2168939) AND (k <= 2169039))

table 7 : explain SELECT k, c FROM sbtest7 WHERE k BETWEEN 2168939 AND 2169039
	Bitmap Heap Scan on sbtest7  (cost=5.53..429.12 rows=107 width=125)
	  Recheck Cond: ((k >= 2168939) AND (k <= 2169039))
	  ->  Bitmap Index Scan on k_7  (cost=0.00..5.50 rows=107 width=0)
	        Index Cond: ((k >= 2168939) AND (k <= 2169039))

table 8 : explain SELECT k, c FROM sbtest8 WHERE k BETWEEN 2168939 AND 2169039
	Bitmap Heap Scan on sbtest8  (cost=5.61..460.63 rows=115 width=125)
	  Recheck Cond: ((k >= 2168939) AND (k <= 2169039))
	  ->  Bitmap Index Scan on k_8  (cost=0.00..5.58 rows=115 width=0)
	        Index Cond: ((k >= 2168939) AND (k <= 2169039))

for range-notcovered
table 1 : explain SELECT k, c FROM sbtest1 WHERE k BETWEEN 4989850 AND 4989950
	Bitmap Heap Scan on sbtest1  (cost=5.57..444.78 rows=111 width=125)
	  Recheck Cond: ((k >= 4989850) AND (k <= 4989950))
	  ->  Bitmap Index Scan on k_1  (cost=0.00..5.54 rows=111 width=0)
	        Index Cond: ((k >= 4989850) AND (k <= 4989950))

table 2 : explain SELECT k, c FROM sbtest2 WHERE k BETWEEN 4989850 AND 4989950
	Bitmap Heap Scan on sbtest2  (cost=5.49..413.29 rows=103 width=125)
	  Recheck Cond: ((k >= 4989850) AND (k <= 4989950))
	  ->  Bitmap Index Scan on k_2  (cost=0.00..5.46 rows=103 width=0)
	        Index Cond: ((k >= 4989850) AND (k <= 4989950))

table 3 : explain SELECT k, c FROM sbtest3 WHERE k BETWEEN 4989850 AND 4989950
	Bitmap Heap Scan on sbtest3  (cost=5.51..421.18 rows=105 width=125)
	  Recheck Cond: ((k >= 4989850) AND (k <= 4989950))
	  ->  Bitmap Index Scan on k_3  (cost=0.00..5.48 rows=105 width=0)
	        Index Cond: ((k >= 4989850) AND (k <= 4989950))

table 4 : explain SELECT k, c FROM sbtest4 WHERE k BETWEEN 4989850 AND 4989950
	Bitmap Heap Scan on sbtest4  (cost=5.43..389.66 rows=97 width=125)
	  Recheck Cond: ((k >= 4989850) AND (k <= 4989950))
	  ->  Bitmap Index Scan on k_4  (cost=0.00..5.40 rows=97 width=0)
	        Index Cond: ((k >= 4989850) AND (k <= 4989950))

table 5 : explain SELECT k, c FROM sbtest5 WHERE k BETWEEN 4989850 AND 4989950
	Bitmap Heap Scan on sbtest5  (cost=5.54..433.03 rows=108 width=125)
	  Recheck Cond: ((k >= 4989850) AND (k <= 4989950))
	  ->  Bitmap Index Scan on k_5  (cost=0.00..5.51 rows=108 width=0)
	        Index Cond: ((k >= 4989850) AND (k <= 4989950))

table 6 : explain SELECT k, c FROM sbtest6 WHERE k BETWEEN 4989850 AND 4989950
	Bitmap Heap Scan on sbtest6  (cost=5.45..397.58 rows=99 width=125)
	  Recheck Cond: ((k >= 4989850) AND (k <= 4989950))
	  ->  Bitmap Index Scan on k_6  (cost=0.00..5.42 rows=99 width=0)
	        Index Cond: ((k >= 4989850) AND (k <= 4989950))

table 7 : explain SELECT k, c FROM sbtest7 WHERE k BETWEEN 4989850 AND 4989950
	Bitmap Heap Scan on sbtest7  (cost=5.48..409.41 rows=102 width=125)
	  Recheck Cond: ((k >= 4989850) AND (k <= 4989950))
	  ->  Bitmap Index Scan on k_7  (cost=0.00..5.45 rows=102 width=0)
	        Index Cond: ((k >= 4989850) AND (k <= 4989950))

table 8 : explain SELECT k, c FROM sbtest8 WHERE k BETWEEN 4989850 AND 4989950
	Bitmap Heap Scan on sbtest8  (cost=5.42..385.74 rows=96 width=125)
	  Recheck Cond: ((k >= 4989850) AND (k <= 4989950))
	  ->  Bitmap Index Scan on k_8  (cost=0.00..5.39 rows=96 width=0)
	        Index Cond: ((k >= 4989850) AND (k <= 4989950))

explain: for range-notcovered :: explain SELECT k, c FROM sbtest%d WHERE k BETWEEN 2168939 AND 2169039for range-notcovered
table 1 : explain SELECT k, c FROM sbtest1 WHERE k BETWEEN 6724376 AND 6724476
	Bitmap Heap Scan on sbtest1  (cost=5.51..421.14 rows=105 width=125)
	  Recheck Cond: ((k >= 6724376) AND (k <= 6724476))
	  ->  Bitmap Index Scan on k_1  (cost=0.00..5.48 rows=105 width=0)
	        Index Cond: ((k >= 6724376) AND (k <= 6724476))

table 2 : explain SELECT k, c FROM sbtest2 WHERE k BETWEEN 6724376 AND 6724476
	Bitmap Heap Scan on sbtest2  (cost=5.44..393.58 rows=98 width=125)
	  Recheck Cond: ((k >= 6724376) AND (k <= 6724476))
	  ->  Bitmap Index Scan on k_2  (cost=0.00..5.42 rows=98 width=0)
	        Index Cond: ((k >= 6724376) AND (k <= 6724476))

table 3 : explain SELECT k, c FROM sbtest3 WHERE k BETWEEN 6724376 AND 6724476
	Bitmap Heap Scan on sbtest3  (cost=5.50..417.24 rows=104 width=125)
	  Recheck Cond: ((k >= 6724376) AND (k <= 6724476))
	  ->  Bitmap Index Scan on k_3  (cost=0.00..5.47 rows=104 width=0)
	        Index Cond: ((k >= 6724376) AND (k <= 6724476))

table 4 : explain SELECT k, c FROM sbtest4 WHERE k BETWEEN 6724376 AND 6724476
	Bitmap Heap Scan on sbtest4  (cost=5.42..385.72 rows=96 width=125)
	  Recheck Cond: ((k >= 6724376) AND (k <= 6724476))
	  ->  Bitmap Index Scan on k_4  (cost=0.00..5.39 rows=96 width=0)
	        Index Cond: ((k >= 6724376) AND (k <= 6724476))

table 5 : explain SELECT k, c FROM sbtest5 WHERE k BETWEEN 6724376 AND 6724476
	Bitmap Heap Scan on sbtest5  (cost=5.47..405.44 rows=101 width=125)
	  Recheck Cond: ((k >= 6724376) AND (k <= 6724476))
	  ->  Bitmap Index Scan on k_5  (cost=0.00..5.44 rows=101 width=0)
	        Index Cond: ((k >= 6724376) AND (k <= 6724476))

table 6 : explain SELECT k, c FROM sbtest6 WHERE k BETWEEN 6724376 AND 6724476
	Bitmap Heap Scan on sbtest6  (cost=5.51..421.24 rows=105 width=125)
	  Recheck Cond: ((k >= 6724376) AND (k <= 6724476))
	  ->  Bitmap Index Scan on k_6  (cost=0.00..5.48 rows=105 width=0)
	        Index Cond: ((k >= 6724376) AND (k <= 6724476))

table 7 : explain SELECT k, c FROM sbtest7 WHERE k BETWEEN 6724376 AND 6724476
	Bitmap Heap Scan on sbtest7  (cost=5.46..401.52 rows=100 width=125)
	  Recheck Cond: ((k >= 6724376) AND (k <= 6724476))
	  ->  Bitmap Index Scan on k_7  (cost=0.00..5.43 rows=100 width=0)
	        Index Cond: ((k >= 6724376) AND (k <= 6724476))

table 8 : explain SELECT k, c FROM sbtest8 WHERE k BETWEEN 6724376 AND 6724476
	Bitmap Heap Scan on sbtest8  (cost=5.53..429.12 rows=107 width=125)
	  Recheck Cond: ((k >= 6724376) AND (k <= 6724476))
	  ->  Bitmap Index Scan on k_8  (cost=0.00..5.50 rows=107 width=0)
	        Index Cond: ((k >= 6724376) AND (k <= 6724476))

explain: for range-notcovered :: explain SELECT k, c FROM sbtest%d WHERE k BETWEEN 4904265 AND 4904365
for range-notcovered
table 1 : explain SELECT k, c FROM sbtest1 WHERE k BETWEEN 1917812 AND 1917912
	Bitmap Heap Scan on sbtest1  (cost=5.51..421.14 rows=105 width=125)
	  Recheck Cond: ((k >= 1917812) AND (k <= 1917912))
	  ->  Bitmap Index Scan on k_1  (cost=0.00..5.48 rows=105 width=0)
	        Index Cond: ((k >= 1917812) AND (k <= 1917912))

table 2 : explain SELECT k, c FROM sbtest2 WHERE k BETWEEN 1917812 AND 1917912
	Bitmap Heap Scan on sbtest2  (cost=5.41..381.75 rows=95 width=125)
	  Recheck Cond: ((k >= 1917812) AND (k <= 1917912))
	  ->  Bitmap Index Scan on k_2  (cost=0.00..5.38 rows=95 width=0)
	        Index Cond: ((k >= 1917812) AND (k <= 1917912))

table 3 : explain SELECT k, c FROM sbtest3 WHERE k BETWEEN 1917812 AND 1917912
	Bitmap Heap Scan on sbtest3  (cost=5.42..385.70 rows=96 width=125)
	  Recheck Cond: ((k >= 1917812) AND (k <= 1917912))
	  ->  Bitmap Index Scan on k_3  (cost=0.00..5.39 rows=96 width=0)
	        Index Cond: ((k >= 1917812) AND (k <= 1917912))

table 4 : explain SELECT k, c FROM sbtest4 WHERE k BETWEEN 1917812 AND 1917912
	Bitmap Heap Scan on sbtest4  (cost=5.49..413.32 rows=103 width=125)
	  Recheck Cond: ((k >= 1917812) AND (k <= 1917912))
	  ->  Bitmap Index Scan on k_4  (cost=0.00..5.46 rows=103 width=0)
	        Index Cond: ((k >= 1917812) AND (k <= 1917912))

table 5 : explain SELECT k, c FROM sbtest5 WHERE k BETWEEN 1917812 AND 1917912
	Bitmap Heap Scan on sbtest5  (cost=5.44..393.61 rows=98 width=125)
	  Recheck Cond: ((k >= 1917812) AND (k <= 1917912))
	  ->  Bitmap Index Scan on k_5  (cost=0.00..5.42 rows=98 width=0)
	        Index Cond: ((k >= 1917812) AND (k <= 1917912))

table 6 : explain SELECT k, c FROM sbtest6 WHERE k BETWEEN 1917812 AND 1917912
	Bitmap Heap Scan on sbtest6  (cost=5.49..413.35 rows=103 width=125)
	  Recheck Cond: ((k >= 1917812) AND (k <= 1917912))
	  ->  Bitmap Index Scan on k_6  (cost=0.00..5.46 rows=103 width=0)
	        Index Cond: ((k >= 1917812) AND (k <= 1917912))

table 7 : explain SELECT k, c FROM sbtest7 WHERE k BETWEEN 1917812 AND 1917912
	Bitmap Heap Scan on sbtest7  (cost=5.50..417.29 rows=104 width=125)
	  Recheck Cond: ((k >= 1917812) AND (k <= 1917912))
	  ->  Bitmap Index Scan on k_7  (cost=0.00..5.47 rows=104 width=0)
	        Index Cond: ((k >= 1917812) AND (k <= 1917912))

table 8 : explain SELECT k, c FROM sbtest8 WHERE k BETWEEN 1917812 AND 1917912
	Bitmap Heap Scan on sbtest8  (cost=5.60..456.70 rows=114 width=125)
	  Recheck Cond: ((k >= 1917812) AND (k <= 1917912))
	  ->  Bitmap Index Scan on k_8  (cost=0.00..5.58 rows=114 width=0)
	        Index Cond: ((k >= 1917812) AND (k <= 1917912))


for range-notcovered
table 1 : explain SELECT k, c FROM sbtest1 WHERE k BETWEEN 2326923 AND 2327023
	Bitmap Heap Scan on sbtest1  (cost=5.32..346.20 rows=86 width=125)
	  Recheck Cond: ((k >= 2326923) AND (k <= 2327023))
	  ->  Bitmap Index Scan on k_1  (cost=0.00..5.29 rows=86 width=0)
	        Index Cond: ((k >= 2326923) AND (k <= 2327023))

table 2 : explain SELECT k, c FROM sbtest2 WHERE k BETWEEN 2326923 AND 2327023
	Bitmap Heap Scan on sbtest2  (cost=5.59..452.69 rows=113 width=125)
	  Recheck Cond: ((k >= 2326923) AND (k <= 2327023))
	  ->  Bitmap Index Scan on k_2  (cost=0.00..5.56 rows=113 width=0)
	        Index Cond: ((k >= 2326923) AND (k <= 2327023))

table 3 : explain SELECT k, c FROM sbtest3 WHERE k BETWEEN 2326923 AND 2327023
	Bitmap Heap Scan on sbtest3  (cost=5.42..385.70 rows=96 width=125)
	  Recheck Cond: ((k >= 2326923) AND (k <= 2327023))
	  ->  Bitmap Index Scan on k_3  (cost=0.00..5.39 rows=96 width=0)
	        Index Cond: ((k >= 2326923) AND (k <= 2327023))

table 4 : explain SELECT k, c FROM sbtest4 WHERE k BETWEEN 2326923 AND 2327023
	Bitmap Heap Scan on sbtest4  (cost=5.41..381.77 rows=95 width=125)
	  Recheck Cond: ((k >= 2326923) AND (k <= 2327023))
	  ->  Bitmap Index Scan on k_4  (cost=0.00..5.38 rows=95 width=0)
	        Index Cond: ((k >= 2326923) AND (k <= 2327023))

table 5 : explain SELECT k, c FROM sbtest5 WHERE k BETWEEN 2326923 AND 2327023
	Bitmap Heap Scan on sbtest5  (cost=5.55..436.97 rows=109 width=125)
	  Recheck Cond: ((k >= 2326923) AND (k <= 2327023))
	  ->  Bitmap Index Scan on k_5  (cost=0.00..5.52 rows=109 width=0)
	        Index Cond: ((k >= 2326923) AND (k <= 2327023))

table 6 : explain SELECT k, c FROM sbtest6 WHERE k BETWEEN 2326923 AND 2327023
	Bitmap Heap Scan on sbtest6  (cost=5.53..429.12 rows=107 width=125)
	  Recheck Cond: ((k >= 2326923) AND (k <= 2327023))
	  ->  Bitmap Index Scan on k_6  (cost=0.00..5.50 rows=107 width=0)
	        Index Cond: ((k >= 2326923) AND (k <= 2327023))

table 7 : explain SELECT k, c FROM sbtest7 WHERE k BETWEEN 2326923 AND 2327023
	Bitmap Heap Scan on sbtest7  (cost=5.45..397.58 rows=99 width=125)
	  Recheck Cond: ((k >= 2326923) AND (k <= 2327023))
	  ->  Bitmap Index Scan on k_7  (cost=0.00..5.42 rows=99 width=0)
	        Index Cond: ((k >= 2326923) AND (k <= 2327023))

table 8 : explain SELECT k, c FROM sbtest8 WHERE k BETWEEN 2326923 AND 2327023
	Bitmap Heap Scan on sbtest8  (cost=5.44..393.63 rows=98 width=125)
	  Recheck Cond: ((k >= 2326923) AND (k <= 2327023))
	  ->  Bitmap Index Scan on k_8  (cost=0.00..5.42 rows=98 width=0)
	        Index Cond: ((k >= 2326923) AND (k <= 2327023))

explain: for range-notcovered :: explain SELECT k, c FROM sbtest%d WHERE k BETWEEN 6724376 AND 6724476
for range-notcovered
table 1 : explain SELECT k, c FROM sbtest1 WHERE k BETWEEN 5513675 AND 5513775
	Bitmap Heap Scan on sbtest1  (cost=5.52..425.08 rows=106 width=125)
	  Recheck Cond: ((k >= 5513675) AND (k <= 5513775))
	  ->  Bitmap Index Scan on k_1  (cost=0.00..5.50 rows=106 width=0)
	        Index Cond: ((k >= 5513675) AND (k <= 5513775))

table 2 : explain SELECT k, c FROM sbtest2 WHERE k BETWEEN 5513675 AND 5513775
	Bitmap Heap Scan on sbtest2  (cost=5.51..421.18 rows=105 width=125)
	  Recheck Cond: ((k >= 5513675) AND (k <= 5513775))
	  ->  Bitmap Index Scan on k_2  (cost=0.00..5.48 rows=105 width=0)
	        Index Cond: ((k >= 5513675) AND (k <= 5513775))

table 3 : explain SELECT k, c FROM sbtest3 WHERE k BETWEEN 5513675 AND 5513775
	Bitmap Heap Scan on sbtest3  (cost=5.46..401.47 rows=100 width=125)
	  Recheck Cond: ((k >= 5513675) AND (k <= 5513775))
	  ->  Bitmap Index Scan on k_3  (cost=0.00..5.43 rows=100 width=0)
	        Index Cond: ((k >= 5513675) AND (k <= 5513775))

table 4 : explain SELECT k, c FROM sbtest4 WHERE k BETWEEN 5513675 AND 5513775
	Bitmap Heap Scan on sbtest4  (cost=5.47..405.44 rows=101 width=125)
	  Recheck Cond: ((k >= 5513675) AND (k <= 5513775))
	  ->  Bitmap Index Scan on k_4  (cost=0.00..5.44 rows=101 width=0)
	        Index Cond: ((k >= 5513675) AND (k <= 5513775))

table 5 : explain SELECT k, c FROM sbtest5 WHERE k BETWEEN 5513675 AND 5513775
	Bitmap Heap Scan on sbtest5  (cost=5.43..389.67 rows=97 width=125)
	  Recheck Cond: ((k >= 5513675) AND (k <= 5513775))
	  ->  Bitmap Index Scan on k_5  (cost=0.00..5.40 rows=97 width=0)
	        Index Cond: ((k >= 5513675) AND (k <= 5513775))

table 6 : explain SELECT k, c FROM sbtest6 WHERE k BETWEEN 5513675 AND 5513775
	Bitmap Heap Scan on sbtest6  (cost=5.38..369.96 rows=92 width=125)
	  Recheck Cond: ((k >= 5513675) AND (k <= 5513775))
	  ->  Bitmap Index Scan on k_6  (cost=0.00..5.35 rows=92 width=0)
	        Index Cond: ((k >= 5513675) AND (k <= 5513775))

table 7 : explain SELECT k, c FROM sbtest7 WHERE k BETWEEN 5513675 AND 5513775
	Bitmap Heap Scan on sbtest7  (cost=5.45..397.58 rows=99 width=125)
	  Recheck Cond: ((k >= 5513675) AND (k <= 5513775))
	  ->  Bitmap Index Scan on k_7  (cost=0.00..5.42 rows=99 width=0)
	        Index Cond: ((k >= 5513675) AND (k <= 5513775))

table 8 : explain SELECT k, c FROM sbtest8 WHERE k BETWEEN 5513675 AND 5513775
	Bitmap Heap Scan on sbtest8  (cost=5.45..397.58 rows=99 width=125)
	  Recheck Cond: ((k >= 5513675) AND (k <= 5513775))
	  ->  Bitmap Index Scan on k_8  (cost=0.00..5.42 rows=99 width=0)
	        Index Cond: ((k >= 5513675) AND (k <= 5513775))

for range-notcovered
table 1 : explain SELECT k, c FROM sbtest1 WHERE k BETWEEN 5662288 AND 5662388
	Bitmap Heap Scan on sbtest1  (cost=5.42..385.66 rows=96 width=125)
	  Recheck Cond: ((k >= 5662288) AND (k <= 5662388))
	  ->  Bitmap Index Scan on k_1  (cost=0.00..5.39 rows=96 width=0)
	        Index Cond: ((k >= 5662288) AND (k <= 5662388))

table 2 : explain SELECT k, c FROM sbtest2 WHERE k BETWEEN 5662288 AND 5662388
	Bitmap Heap Scan on sbtest2  (cost=5.40..377.80 rows=94 width=125)
	  Recheck Cond: ((k >= 5662288) AND (k <= 5662388))
	  ->  Bitmap Index Scan on k_2  (cost=0.00..5.38 rows=94 width=0)
	        Index Cond: ((k >= 5662288) AND (k <= 5662388))

table 3 : explain SELECT k, c FROM sbtest3 WHERE k BETWEEN 5662288 AND 5662388
	Bitmap Heap Scan on sbtest3  (cost=5.53..429.06 rows=107 width=125)
	  Recheck Cond: ((k >= 5662288) AND (k <= 5662388))
	  ->  Bitmap Index Scan on k_3  (cost=0.00..5.50 rows=107 width=0)
	        Index Cond: ((k >= 5662288) AND (k <= 5662388))

table 4 : explain SELECT k, c FROM sbtest4 WHERE k BETWEEN 5662288 AND 5662388
	Bitmap Heap Scan on sbtest4  (cost=5.55..436.97 rows=109 width=125)
	  Recheck Cond: ((k >= 5662288) AND (k <= 5662388))
	  ->  Bitmap Index Scan on k_4  (cost=0.00..5.52 rows=109 width=0)
	        Index Cond: ((k >= 5662288) AND (k <= 5662388))

table 5 : explain SELECT k, c FROM sbtest5 WHERE k BETWEEN 5662288 AND 5662388
	Bitmap Heap Scan on sbtest5  (cost=5.35..358.10 rows=89 width=125)
	  Recheck Cond: ((k >= 5662288) AND (k <= 5662388))
	  ->  Bitmap Index Scan on k_5  (cost=0.00..5.32 rows=89 width=0)
	        Index Cond: ((k >= 5662288) AND (k <= 5662388))

table 6 : explain SELECT k, c FROM sbtest6 WHERE k BETWEEN 5662288 AND 5662388
	Bitmap Heap Scan on sbtest6  (cost=5.41..381.80 rows=95 width=125)
	  Recheck Cond: ((k >= 5662288) AND (k <= 5662388))
	  ->  Bitmap Index Scan on k_6  (cost=0.00..5.38 rows=95 width=0)
	        Index Cond: ((k >= 5662288) AND (k <= 5662388))

table 7 : explain SELECT k, c FROM sbtest7 WHERE k BETWEEN 5662288 AND 5662388
	Bitmap Heap Scan on sbtest7  (cost=5.54..433.06 rows=108 width=125)
	  Recheck Cond: ((k >= 5662288) AND (k <= 5662388))
	  ->  Bitmap Index Scan on k_7  (cost=0.00..5.51 rows=108 width=0)
	        Index Cond: ((k >= 5662288) AND (k <= 5662388))

table 8 : explain SELECT k, c FROM sbtest8 WHERE k BETWEEN 5662288 AND 5662388
	Bitmap Heap Scan on sbtest8  (cost=5.46..401.52 rows=100 width=125)
	  Recheck Cond: ((k >= 5662288) AND (k <= 5662388))
	  ->  Bitmap Index Scan on k_8  (cost=0.00..5.43 rows=100 width=0)
	        Index Cond: ((k >= 5662288) AND (k <= 5662388))
explain: for range-notcovered :: explain SELECT k, c FROM sbtest%d WHERE k BETWEEN 2326923 AND 2327023

for range-notcovered
table 1 : explain SELECT k, c FROM sbtest1 WHERE k BETWEEN 5198029 AND 5198129
	Bitmap Heap Scan on sbtest1  (cost=5.48..409.32 rows=102 width=125)
	  Recheck Cond: ((k >= 5198029) AND (k <= 5198129))
	  ->  Bitmap Index Scan on k_1  (cost=0.00..5.45 rows=102 width=0)
	        Index Cond: ((k >= 5198029) AND (k <= 5198129))

table 2 : explain SELECT k, c FROM sbtest2 WHERE k BETWEEN 5198029 AND 5198129
	Bitmap Heap Scan on sbtest2  (cost=5.50..417.23 rows=104 width=125)
	  Recheck Cond: ((k >= 5198029) AND (k <= 5198129))
	  ->  Bitmap Index Scan on k_2  (cost=0.00..5.47 rows=104 width=0)
	        Index Cond: ((k >= 5198029) AND (k <= 5198129))

table 3 : explain SELECT k, c FROM sbtest3 WHERE k BETWEEN 5198029 AND 5198129
	Bitmap Heap Scan on sbtest3  (cost=5.60..456.63 rows=114 width=125)
	  Recheck Cond: ((k >= 5198029) AND (k <= 5198129))
	  ->  Bitmap Index Scan on k_3  (cost=0.00..5.58 rows=114 width=0)
	        Index Cond: ((k >= 5198029) AND (k <= 5198129))

table 4 : explain SELECT k, c FROM sbtest4 WHERE k BETWEEN 5198029 AND 5198129
	Bitmap Heap Scan on sbtest4  (cost=5.47..405.44 rows=101 width=125)
	  Recheck Cond: ((k >= 5198029) AND (k <= 5198129))
	  ->  Bitmap Index Scan on k_4  (cost=0.00..5.44 rows=101 width=0)
	        Index Cond: ((k >= 5198029) AND (k <= 5198129))

table 5 : explain SELECT k, c FROM sbtest5 WHERE k BETWEEN 5198029 AND 5198129
	Bitmap Heap Scan on sbtest5  (cost=5.46..401.50 rows=100 width=125)
	  Recheck Cond: ((k >= 5198029) AND (k <= 5198129))
	  ->  Bitmap Index Scan on k_5  (cost=0.00..5.43 rows=100 width=0)
	        Index Cond: ((k >= 5198029) AND (k <= 5198129))

table 6 : explain SELECT k, c FROM sbtest6 WHERE k BETWEEN 5198029 AND 5198129
	Bitmap Heap Scan on sbtest6  (cost=5.60..456.70 rows=114 width=125)
	  Recheck Cond: ((k >= 5198029) AND (k <= 5198129))
	  ->  Bitmap Index Scan on k_6  (cost=0.00..5.58 rows=114 width=0)
	        Index Cond: ((k >= 5198029) AND (k <= 5198129))

table 7 : explain SELECT k, c FROM sbtest7 WHERE k BETWEEN 5198029 AND 5198129
	Bitmap Heap Scan on sbtest7  (cost=5.65..476.38 rows=119 width=125)
	  Recheck Cond: ((k >= 5198029) AND (k <= 5198129))
	  ->  Bitmap Index Scan on k_7  (cost=0.00..5.62 rows=119 width=0)
	        Index Cond: ((k >= 5198029) AND (k <= 5198129))

table 8 : explain SELECT k, c FROM sbtest8 WHERE k BETWEEN 5198029 AND 5198129
	Bitmap Heap Scan on sbtest8  (cost=5.55..437.00 rows=109 width=125)
	  Recheck Cond: ((k >= 5198029) AND (k <= 5198129))
	  ->  Bitmap Index Scan on k_8  (cost=0.00..5.52 rows=109 width=0)
	        Index Cond: ((k >= 5198029) AND (k <= 5198129))

explain: for range-notcovered :: explain SELECT k, c FROM sbtest%d WHERE k BETWEEN 5513675 AND 5513775
for range-notcovered
table 1 : explain SELECT k, c FROM sbtest1 WHERE k BETWEEN 4276750 AND 4276850
	Bitmap Heap Scan on sbtest1  (cost=5.43..389.61 rows=97 width=125)
	  Recheck Cond: ((k >= 4276750) AND (k <= 4276850))
	  ->  Bitmap Index Scan on k_1  (cost=0.00..5.40 rows=97 width=0)
	        Index Cond: ((k >= 4276750) AND (k <= 4276850))

table 2 : explain SELECT k, c FROM sbtest2 WHERE k BETWEEN 4276750 AND 4276850
	Bitmap Heap Scan on sbtest2  (cost=5.51..421.18 rows=105 width=125)
	  Recheck Cond: ((k >= 4276750) AND (k <= 4276850))
	  ->  Bitmap Index Scan on k_2  (cost=0.00..5.48 rows=105 width=0)
	        Index Cond: ((k >= 4276750) AND (k <= 4276850))

table 3 : explain SELECT k, c FROM sbtest3 WHERE k BETWEEN 4276750 AND 4276850
	Bitmap Heap Scan on sbtest3  (cost=5.40..377.81 rows=94 width=125)
	  Recheck Cond: ((k >= 4276750) AND (k <= 4276850))
	  ->  Bitmap Index Scan on k_3  (cost=0.00..5.38 rows=94 width=0)
	        Index Cond: ((k >= 4276750) AND (k <= 4276850))

table 4 : explain SELECT k, c FROM sbtest4 WHERE k BETWEEN 4276750 AND 4276850
	Bitmap Heap Scan on sbtest4  (cost=5.51..421.21 rows=105 width=125)
	  Recheck Cond: ((k >= 4276750) AND (k <= 4276850))
	  ->  Bitmap Index Scan on k_4  (cost=0.00..5.48 rows=105 width=0)
	        Index Cond: ((k >= 4276750) AND (k <= 4276850))

table 5 : explain SELECT k, c FROM sbtest5 WHERE k BETWEEN 4276750 AND 4276850
	Bitmap Heap Scan on sbtest5  (cost=5.55..436.97 rows=109 width=125)
	  Recheck Cond: ((k >= 4276750) AND (k <= 4276850))
	  ->  Bitmap Index Scan on k_5  (cost=0.00..5.52 rows=109 width=0)
	        Index Cond: ((k >= 4276750) AND (k <= 4276850))

table 6 : explain SELECT k, c FROM sbtest6 WHERE k BETWEEN 4276750 AND 4276850
	Bitmap Heap Scan on sbtest6  (cost=5.50..417.29 rows=104 width=125)
	  Recheck Cond: ((k >= 4276750) AND (k <= 4276850))
	  ->  Bitmap Index Scan on k_6  (cost=0.00..5.47 rows=104 width=0)
	        Index Cond: ((k >= 4276750) AND (k <= 4276850))

table 7 : explain SELECT k, c FROM sbtest7 WHERE k BETWEEN 4276750 AND 4276850
	Bitmap Heap Scan on sbtest7  (cost=5.46..401.52 rows=100 width=125)
	  Recheck Cond: ((k >= 4276750) AND (k <= 4276850))
	  ->  Bitmap Index Scan on k_7  (cost=0.00..5.43 rows=100 width=0)
	        Index Cond: ((k >= 4276750) AND (k <= 4276850))

table 8 : explain SELECT k, c FROM sbtest8 WHERE k BETWEEN 4276750 AND 4276850
	Bitmap Heap Scan on sbtest8  (cost=5.57..444.88 rows=111 width=125)
	  Recheck Cond: ((k >= 4276750) AND (k <= 4276850))
	  ->  Bitmap Index Scan on k_8  (cost=0.00..5.54 rows=111 width=0)
	        Index Cond: ((k >= 4276750) AND (k <= 4276850))

for range-notcovered
table 1 : explain SELECT k, c FROM sbtest1 WHERE k BETWEEN 231832 AND 231932
	Bitmap Heap Scan on sbtest1  (cost=5.53..429.02 rows=107 width=125)
	  Recheck Cond: ((k >= 231832) AND (k <= 231932))
	  ->  Bitmap Index Scan on k_1  (cost=0.00..5.50 rows=107 width=0)
	        Index Cond: ((k >= 231832) AND (k <= 231932))

table 2 : explain SELECT k, c FROM sbtest2 WHERE k BETWEEN 231832 AND 231932
	Bitmap Heap Scan on sbtest2  (cost=5.49..413.29 rows=103 width=125)
	  Recheck Cond: ((k >= 231832) AND (k <= 231932))
	  ->  Bitmap Index Scan on k_2  (cost=0.00..5.46 rows=103 width=0)
	        Index Cond: ((k >= 231832) AND (k <= 231932))

table 3 : explain SELECT k, c FROM sbtest3 WHERE k BETWEEN 231832 AND 231932
	Bitmap Heap Scan on sbtest3  (cost=5.48..409.36 rows=102 width=125)
	  Recheck Cond: ((k >= 231832) AND (k <= 231932))
	  ->  Bitmap Index Scan on k_3  (cost=0.00..5.45 rows=102 width=0)
	        Index Cond: ((k >= 231832) AND (k <= 231932))

table 4 : explain SELECT k, c FROM sbtest4 WHERE k BETWEEN 231832 AND 231932
	Bitmap Heap Scan on sbtest4  (cost=5.50..417.27 rows=104 width=125)
	  Recheck Cond: ((k >= 231832) AND (k <= 231932))
	  ->  Bitmap Index Scan on k_4  (cost=0.00..5.47 rows=104 width=0)
	        Index Cond: ((k >= 231832) AND (k <= 231932))

table 5 : explain SELECT k, c FROM sbtest5 WHERE k BETWEEN 231832 AND 231932
	Bitmap Heap Scan on sbtest5  (cost=5.42..385.72 rows=96 width=125)
	  Recheck Cond: ((k >= 231832) AND (k <= 231932))
	  ->  Bitmap Index Scan on k_5  (cost=0.00..5.39 rows=96 width=0)
	        Index Cond: ((k >= 231832) AND (k <= 231932))

table 6 : explain SELECT k, c FROM sbtest6 WHERE k BETWEEN 231832 AND 231932
	Bitmap Heap Scan on sbtest6  (cost=5.58..448.82 rows=112 width=125)
	  Recheck Cond: ((k >= 231832) AND (k <= 231932))
	  ->  Bitmap Index Scan on k_6  (cost=0.00..5.55 rows=112 width=0)
	        Index Cond: ((k >= 231832) AND (k <= 231932))

table 7 : explain SELECT k, c FROM sbtest7 WHERE k BETWEEN 231832 AND 231932
	Bitmap Heap Scan on sbtest7  (cost=5.48..409.41 rows=102 width=125)
	  Recheck Cond: ((k >= 231832) AND (k <= 231932))
	  ->  Bitmap Index Scan on k_7  (cost=0.00..5.45 rows=102 width=0)
	        Index Cond: ((k >= 231832) AND (k <= 231932))

table 8 : explain SELECT k, c FROM sbtest8 WHERE k BETWEEN 231832 AND 231932
	Bitmap Heap Scan on sbtest8  (cost=5.57..444.88 rows=111 width=125)
	  Recheck Cond: ((k >= 231832) AND (k <= 231932))
	  ->  Bitmap Index Scan on k_8  (cost=0.00..5.54 rows=111 width=0)
	        Index Cond: ((k >= 231832) AND (k <= 231932))

explain: for range-notcovered :: explain SELECT k, c FROM sbtest%d WHERE k BETWEEN 5198029 AND 5198129
explain: for range-notcovered :: explain SELECT k, c FROM sbtest%d WHERE k BETWEEN 5662288 AND 5662388
for range-notcovered
table 1 : explain SELECT k, c FROM sbtest1 WHERE k BETWEEN 6479038 AND 6479138
	Bitmap Heap Scan on sbtest1  (cost=5.55..436.90 rows=109 width=125)
	  Recheck Cond: ((k >= 6479038) AND (k <= 6479138))
	  ->  Bitmap Index Scan on k_1  (cost=0.00..5.52 rows=109 width=0)
	        Index Cond: ((k >= 6479038) AND (k <= 6479138))

table 2 : explain SELECT k, c FROM sbtest2 WHERE k BETWEEN 6479038 AND 6479138
	Bitmap Heap Scan on sbtest2  (cost=5.46..401.47 rows=100 width=125)
	  Recheck Cond: ((k >= 6479038) AND (k <= 6479138))
	  ->  Bitmap Index Scan on k_2  (cost=0.00..5.43 rows=100 width=0)
	        Index Cond: ((k >= 6479038) AND (k <= 6479138))

table 3 : explain SELECT k, c FROM sbtest3 WHERE k BETWEEN 6479038 AND 6479138
	Bitmap Heap Scan on sbtest3  (cost=5.51..421.18 rows=105 width=125)
	  Recheck Cond: ((k >= 6479038) AND (k <= 6479138))
	  ->  Bitmap Index Scan on k_3  (cost=0.00..5.48 rows=105 width=0)
	        Index Cond: ((k >= 6479038) AND (k <= 6479138))

table 4 : explain SELECT k, c FROM sbtest4 WHERE k BETWEEN 6479038 AND 6479138
	Bitmap Heap Scan on sbtest4  (cost=5.47..405.44 rows=101 width=125)
	  Recheck Cond: ((k >= 6479038) AND (k <= 6479138))
	  ->  Bitmap Index Scan on k_4  (cost=0.00..5.44 rows=101 width=0)
	        Index Cond: ((k >= 6479038) AND (k <= 6479138))

table 5 : explain SELECT k, c FROM sbtest5 WHERE k BETWEEN 6479038 AND 6479138
	Bitmap Heap Scan on sbtest5  (cost=5.47..405.44 rows=101 width=125)
	  Recheck Cond: ((k >= 6479038) AND (k <= 6479138))
	  ->  Bitmap Index Scan on k_5  (cost=0.00..5.44 rows=101 width=0)
	        Index Cond: ((k >= 6479038) AND (k <= 6479138))

table 6 : explain SELECT k, c FROM sbtest6 WHERE k BETWEEN 6479038 AND 6479138
	Bitmap Heap Scan on sbtest6  (cost=5.49..413.35 rows=103 width=125)
	  Recheck Cond: ((k >= 6479038) AND (k <= 6479138))
	  ->  Bitmap Index Scan on k_6  (cost=0.00..5.46 rows=103 width=0)
	        Index Cond: ((k >= 6479038) AND (k <= 6479138))

table 7 : explain SELECT k, c FROM sbtest7 WHERE k BETWEEN 6479038 AND 6479138
	Bitmap Heap Scan on sbtest7  (cost=5.53..429.12 rows=107 width=125)
	  Recheck Cond: ((k >= 6479038) AND (k <= 6479138))
	  ->  Bitmap Index Scan on k_7  (cost=0.00..5.50 rows=107 width=0)
	        Index Cond: ((k >= 6479038) AND (k <= 6479138))

table 8 : explain SELECT k, c FROM sbtest8 WHERE k BETWEEN 6479038 AND 6479138
	Bitmap Heap Scan on sbtest8  (cost=5.46..401.52 rows=100 width=125)
	  Recheck Cond: ((k >= 6479038) AND (k <= 6479138))
	  ->  Bitmap Index Scan on k_8  (cost=0.00..5.43 rows=100 width=0)
	        Index Cond: ((k >= 6479038) AND (k <= 6479138))

for range-notcovered
table 1 : explain SELECT k, c FROM sbtest1 WHERE k BETWEEN 4209613 AND 4209713
	Bitmap Heap Scan on sbtest1  (cost=5.46..401.43 rows=100 width=125)
	  Recheck Cond: ((k >= 4209613) AND (k <= 4209713))
	  ->  Bitmap Index Scan on k_1  (cost=0.00..5.43 rows=100 width=0)
	        Index Cond: ((k >= 4209613) AND (k <= 4209713))

table 2 : explain SELECT k, c FROM sbtest2 WHERE k BETWEEN 4209613 AND 4209713
	Bitmap Heap Scan on sbtest2  (cost=5.48..409.35 rows=102 width=125)
	  Recheck Cond: ((k >= 4209613) AND (k <= 4209713))
	  ->  Bitmap Index Scan on k_2  (cost=0.00..5.45 rows=102 width=0)
	        Index Cond: ((k >= 4209613) AND (k <= 4209713))

table 3 : explain SELECT k, c FROM sbtest3 WHERE k BETWEEN 4209613 AND 4209713
	Bitmap Heap Scan on sbtest3  (cost=5.40..377.81 rows=94 width=125)
	  Recheck Cond: ((k >= 4209613) AND (k <= 4209713))
	  ->  Bitmap Index Scan on k_3  (cost=0.00..5.38 rows=94 width=0)
	        Index Cond: ((k >= 4209613) AND (k <= 4209713))

table 4 : explain SELECT k, c FROM sbtest4 WHERE k BETWEEN 4209613 AND 4209713
	Bitmap Heap Scan on sbtest4  (cost=5.48..409.38 rows=102 width=125)
	  Recheck Cond: ((k >= 4209613) AND (k <= 4209713))
	  ->  Bitmap Index Scan on k_4  (cost=0.00..5.45 rows=102 width=0)
	        Index Cond: ((k >= 4209613) AND (k <= 4209713))

table 5 : explain SELECT k, c FROM sbtest5 WHERE k BETWEEN 4209613 AND 4209713
	Bitmap Heap Scan on sbtest5  (cost=5.42..385.72 rows=96 width=125)
	  Recheck Cond: ((k >= 4209613) AND (k <= 4209713))
	  ->  Bitmap Index Scan on k_5  (cost=0.00..5.39 rows=96 width=0)
	        Index Cond: ((k >= 4209613) AND (k <= 4209713))

table 6 : explain SELECT k, c FROM sbtest6 WHERE k BETWEEN 4209613 AND 4209713
	Bitmap Heap Scan on sbtest6  (cost=5.50..417.29 rows=104 width=125)
	  Recheck Cond: ((k >= 4209613) AND (k <= 4209713))
	  ->  Bitmap Index Scan on k_6  (cost=0.00..5.47 rows=104 width=0)
	        Index Cond: ((k >= 4209613) AND (k <= 4209713))

table 7 : explain SELECT k, c FROM sbtest7 WHERE k BETWEEN 4209613 AND 4209713
	Bitmap Heap Scan on sbtest7  (cost=5.46..401.52 rows=100 width=125)
	  Recheck Cond: ((k >= 4209613) AND (k <= 4209713))
	  ->  Bitmap Index Scan on k_7  (cost=0.00..5.43 rows=100 width=0)
	        Index Cond: ((k >= 4209613) AND (k <= 4209713))

table 8 : explain SELECT k, c FROM sbtest8 WHERE k BETWEEN 4209613 AND 4209713
	Bitmap Heap Scan on sbtest8  (cost=5.57..444.88 rows=111 width=125)
	  Recheck Cond: ((k >= 4209613) AND (k <= 4209713))
	  ->  Bitmap Index Scan on k_8  (cost=0.00..5.54 rows=111 width=0)
	        Index Cond: ((k >= 4209613) AND (k <= 4209713))

for range-notcovered
table 1 : explain SELECT k, c FROM sbtest1 WHERE k BETWEEN 4395323 AND 4395423
	Bitmap Heap Scan on sbtest1  (cost=5.50..417.20 rows=104 width=125)
	  Recheck Cond: ((k >= 4395323) AND (k <= 4395423))
	  ->  Bitmap Index Scan on k_1  (cost=0.00..5.47 rows=104 width=0)
	        Index Cond: ((k >= 4395323) AND (k <= 4395423))

table 2 : explain SELECT k, c FROM sbtest2 WHERE k BETWEEN 4395323 AND 4395423
	Bitmap Heap Scan on sbtest2  (cost=5.60..456.63 rows=114 width=125)
	  Recheck Cond: ((k >= 4395323) AND (k <= 4395423))
	  ->  Bitmap Index Scan on k_2  (cost=0.00..5.58 rows=114 width=0)
	        Index Cond: ((k >= 4395323) AND (k <= 4395423))

table 3 : explain SELECT k, c FROM sbtest3 WHERE k BETWEEN 4395323 AND 4395423
	Bitmap Heap Scan on sbtest3  (cost=5.55..436.94 rows=109 width=125)
	  Recheck Cond: ((k >= 4395323) AND (k <= 4395423))
	  ->  Bitmap Index Scan on k_3  (cost=0.00..5.52 rows=109 width=0)
	        Index Cond: ((k >= 4395323) AND (k <= 4395423))

table 4 : explain SELECT k, c FROM sbtest4 WHERE k BETWEEN 4395323 AND 4395423
	Bitmap Heap Scan on sbtest4  (cost=5.44..393.61 rows=98 width=125)
	  Recheck Cond: ((k >= 4395323) AND (k <= 4395423))
	  ->  Bitmap Index Scan on k_4  (cost=0.00..5.42 rows=98 width=0)
	        Index Cond: ((k >= 4395323) AND (k <= 4395423))

table 5 : explain SELECT k, c FROM sbtest5 WHERE k BETWEEN 4395323 AND 4395423
	Bitmap Heap Scan on sbtest5  (cost=5.46..401.50 rows=100 width=125)
	  Recheck Cond: ((k >= 4395323) AND (k <= 4395423))
	  ->  Bitmap Index Scan on k_5  (cost=0.00..5.43 rows=100 width=0)
	        Index Cond: ((k >= 4395323) AND (k <= 4395423))

table 6 : explain SELECT k, c FROM sbtest6 WHERE k BETWEEN 4395323 AND 4395423
	Bitmap Heap Scan on sbtest6  (cost=5.45..397.58 rows=99 width=125)
	  Recheck Cond: ((k >= 4395323) AND (k <= 4395423))
	  ->  Bitmap Index Scan on k_6  (cost=0.00..5.42 rows=99 width=0)
	        Index Cond: ((k >= 4395323) AND (k <= 4395423))

table 7 : explain SELECT k, c FROM sbtest7 WHERE k BETWEEN 4395323 AND 4395423
	Bitmap Heap Scan on sbtest7  (cost=5.59..452.76 rows=113 width=125)
	  Recheck Cond: ((k >= 4395323) AND (k <= 4395423))
	  ->  Bitmap Index Scan on k_7  (cost=0.00..5.56 rows=113 width=0)
	        Index Cond: ((k >= 4395323) AND (k <= 4395423))

table 8 : explain SELECT k, c FROM sbtest8 WHERE k BETWEEN 4395323 AND 4395423
	Bitmap Heap Scan on sbtest8  (cost=5.42..385.74 rows=96 width=125)
	  Recheck Cond: ((k >= 4395323) AND (k <= 4395423))
	  ->  Bitmap Index Scan on k_8  (cost=0.00..5.39 rows=96 width=0)
	        Index Cond: ((k >= 4395323) AND (k <= 4395423))

for range-notcovered
table 1 : explain SELECT k, c FROM sbtest1 WHERE k BETWEEN 8370214 AND 8370314
	Bitmap Heap Scan on sbtest1  (cost=5.51..421.14 rows=105 width=125)
	  Recheck Cond: ((k >= 8370214) AND (k <= 8370314))
	  ->  Bitmap Index Scan on k_1  (cost=0.00..5.48 rows=105 width=0)
	        Index Cond: ((k >= 8370214) AND (k <= 8370314))

table 2 : explain SELECT k, c FROM sbtest2 WHERE k BETWEEN 8370214 AND 8370314
	Bitmap Heap Scan on sbtest2  (cost=5.50..417.23 rows=104 width=125)
	  Recheck Cond: ((k >= 8370214) AND (k <= 8370314))
	  ->  Bitmap Index Scan on k_2  (cost=0.00..5.47 rows=104 width=0)
	        Index Cond: ((k >= 8370214) AND (k <= 8370314))

table 3 : explain SELECT k, c FROM sbtest3 WHERE k BETWEEN 8370214 AND 8370314
	Bitmap Heap Scan on sbtest3  (cost=5.44..393.58 rows=98 width=125)
	  Recheck Cond: ((k >= 8370214) AND (k <= 8370314))
	  ->  Bitmap Index Scan on k_3  (cost=0.00..5.42 rows=98 width=0)
	        Index Cond: ((k >= 8370214) AND (k <= 8370314))

table 4 : explain SELECT k, c FROM sbtest4 WHERE k BETWEEN 8370214 AND 8370314
	Bitmap Heap Scan on sbtest4  (cost=5.44..393.61 rows=98 width=125)
	  Recheck Cond: ((k >= 8370214) AND (k <= 8370314))
	  ->  Bitmap Index Scan on k_4  (cost=0.00..5.42 rows=98 width=0)
	        Index Cond: ((k >= 8370214) AND (k <= 8370314))

table 5 : explain SELECT k, c FROM sbtest5 WHERE k BETWEEN 8370214 AND 8370314
	Bitmap Heap Scan on sbtest5  (cost=5.46..401.50 rows=100 width=125)
	  Recheck Cond: ((k >= 8370214) AND (k <= 8370314))
	  ->  Bitmap Index Scan on k_5  (cost=0.00..5.43 rows=100 width=0)
	        Index Cond: ((k >= 8370214) AND (k <= 8370314))

table 6 : explain SELECT k, c FROM sbtest6 WHERE k BETWEEN 8370214 AND 8370314
	Bitmap Heap Scan on sbtest6  (cost=5.51..421.24 rows=105 width=125)
	  Recheck Cond: ((k >= 8370214) AND (k <= 8370314))
	  ->  Bitmap Index Scan on k_6  (cost=0.00..5.48 rows=105 width=0)
	        Index Cond: ((k >= 8370214) AND (k <= 8370314))

table 7 : explain SELECT k, c FROM sbtest7 WHERE k BETWEEN 8370214 AND 8370314
	Bitmap Heap Scan on sbtest7  (cost=5.46..401.52 rows=100 width=125)
	  Recheck Cond: ((k >= 8370214) AND (k <= 8370314))
	  ->  Bitmap Index Scan on k_7  (cost=0.00..5.43 rows=100 width=0)
	        Index Cond: ((k >= 8370214) AND (k <= 8370314))

table 8 : explain SELECT k, c FROM sbtest8 WHERE k BETWEEN 8370214 AND 8370314
	Bitmap Heap Scan on sbtest8  (cost=5.58..448.82 rows=112 width=125)
	  Recheck Cond: ((k >= 8370214) AND (k <= 8370314))
	  ->  Bitmap Index Scan on k_8  (cost=0.00..5.55 rows=112 width=0)
	        Index Cond: ((k >= 8370214) AND (k <= 8370314))

explain: for range-notcovered :: explain SELECT k, c FROM sbtest%d WHERE k BETWEEN 6479038 AND 6479138
explain: for range-notcovered :: explain SELECT k, c FROM sbtest%d WHERE k BETWEEN 4395323 AND 4395423
for range-notcovered
table 1 : explain SELECT k, c FROM sbtest1 WHERE k BETWEEN 3701523 AND 3701623
	Bitmap Heap Scan on sbtest1  (cost=5.45..397.49 rows=99 width=125)
	  Recheck Cond: ((k >= 3701523) AND (k <= 3701623))
	  ->  Bitmap Index Scan on k_1  (cost=0.00..5.42 rows=99 width=0)
	        Index Cond: ((k >= 3701523) AND (k <= 3701623))

table 2 : explain SELECT k, c FROM sbtest2 WHERE k BETWEEN 3701523 AND 3701623
	Bitmap Heap Scan on sbtest2  (cost=5.49..413.29 rows=103 width=125)
	  Recheck Cond: ((k >= 3701523) AND (k <= 3701623))
	  ->  Bitmap Index Scan on k_2  (cost=0.00..5.46 rows=103 width=0)
	        Index Cond: ((k >= 3701523) AND (k <= 3701623))

table 3 : explain SELECT k, c FROM sbtest3 WHERE k BETWEEN 3701523 AND 3701623
	Bitmap Heap Scan on sbtest3  (cost=5.41..381.75 rows=95 width=125)
	  Recheck Cond: ((k >= 3701523) AND (k <= 3701623))
	  ->  Bitmap Index Scan on k_3  (cost=0.00..5.38 rows=95 width=0)
	        Index Cond: ((k >= 3701523) AND (k <= 3701623))

table 4 : explain SELECT k, c FROM sbtest4 WHERE k BETWEEN 3701523 AND 3701623
	Bitmap Heap Scan on sbtest4  (cost=5.41..381.77 rows=95 width=125)
	  Recheck Cond: ((k >= 3701523) AND (k <= 3701623))
	  ->  Bitmap Index Scan on k_4  (cost=0.00..5.38 rows=95 width=0)
	        Index Cond: ((k >= 3701523) AND (k <= 3701623))

table 5 : explain SELECT k, c FROM sbtest5 WHERE k BETWEEN 3701523 AND 3701623
	Bitmap Heap Scan on sbtest5  (cost=5.55..436.97 rows=109 width=125)
	  Recheck Cond: ((k >= 3701523) AND (k <= 3701623))
	  ->  Bitmap Index Scan on k_5  (cost=0.00..5.52 rows=109 width=0)
	        Index Cond: ((k >= 3701523) AND (k <= 3701623))

table 6 : explain SELECT k, c FROM sbtest6 WHERE k BETWEEN 3701523 AND 3701623
	Bitmap Heap Scan on sbtest6  (cost=5.42..385.74 rows=96 width=125)
	  Recheck Cond: ((k >= 3701523) AND (k <= 3701623))
	  ->  Bitmap Index Scan on k_6  (cost=0.00..5.39 rows=96 width=0)
	        Index Cond: ((k >= 3701523) AND (k <= 3701623))

table 7 : explain SELECT k, c FROM sbtest7 WHERE k BETWEEN 3701523 AND 3701623
	Bitmap Heap Scan on sbtest7  (cost=5.43..389.69 rows=97 width=125)
	  Recheck Cond: ((k >= 3701523) AND (k <= 3701623))
	  ->  Bitmap Index Scan on k_7  (cost=0.00..5.40 rows=97 width=0)
	        Index Cond: ((k >= 3701523) AND (k <= 3701623))

table 8 : explain SELECT k, c FROM sbtest8 WHERE k BETWEEN 3701523 AND 3701623
	Bitmap Heap Scan on sbtest8  (cost=5.49..413.35 rows=103 width=125)
	  Recheck Cond: ((k >= 3701523) AND (k <= 3701623))
	  ->  Bitmap Index Scan on k_8  (cost=0.00..5.46 rows=103 width=0)
	        Index Cond: ((k >= 3701523) AND (k <= 3701623))

explain: for range-notcovered :: explain SELECT k, c FROM sbtest%d WHERE k BETWEEN 8370214 AND 8370314
explain: for range-notcovered :: explain SELECT k, c FROM sbtest%d WHERE k BETWEEN 4209613 AND 4209713
for range-notcovered
table 1 : explain SELECT k, c FROM sbtest1 WHERE k BETWEEN 3169993 AND 3170093
	Bitmap Heap Scan on sbtest1  (cost=5.45..397.49 rows=99 width=125)
	  Recheck Cond: ((k >= 3169993) AND (k <= 3170093))
	  ->  Bitmap Index Scan on k_1  (cost=0.00..5.42 rows=99 width=0)
	        Index Cond: ((k >= 3169993) AND (k <= 3170093))

table 2 : explain SELECT k, c FROM sbtest2 WHERE k BETWEEN 3169993 AND 3170093
	Bitmap Heap Scan on sbtest2  (cost=5.42..385.69 rows=96 width=125)
	  Recheck Cond: ((k >= 3169993) AND (k <= 3170093))
	  ->  Bitmap Index Scan on k_2  (cost=0.00..5.39 rows=96 width=0)
	        Index Cond: ((k >= 3169993) AND (k <= 3170093))

table 3 : explain SELECT k, c FROM sbtest3 WHERE k BETWEEN 3169993 AND 3170093
	Bitmap Heap Scan on sbtest3  (cost=5.56..440.88 rows=110 width=125)
	  Recheck Cond: ((k >= 3169993) AND (k <= 3170093))
	  ->  Bitmap Index Scan on k_3  (cost=0.00..5.53 rows=110 width=0)
	        Index Cond: ((k >= 3169993) AND (k <= 3170093))

table 4 : explain SELECT k, c FROM sbtest4 WHERE k BETWEEN 3169993 AND 3170093
	Bitmap Heap Scan on sbtest4  (cost=5.53..429.09 rows=107 width=125)
	  Recheck Cond: ((k >= 3169993) AND (k <= 3170093))
	  ->  Bitmap Index Scan on k_4  (cost=0.00..5.50 rows=107 width=0)
	        Index Cond: ((k >= 3169993) AND (k <= 3170093))

table 5 : explain SELECT k, c FROM sbtest5 WHERE k BETWEEN 3169993 AND 3170093
	Bitmap Heap Scan on sbtest5  (cost=5.42..385.72 rows=96 width=125)
	  Recheck Cond: ((k >= 3169993) AND (k <= 3170093))
	  ->  Bitmap Index Scan on k_5  (cost=0.00..5.39 rows=96 width=0)
	        Index Cond: ((k >= 3169993) AND (k <= 3170093))

table 6 : explain SELECT k, c FROM sbtest6 WHERE k BETWEEN 3169993 AND 3170093
	Bitmap Heap Scan on sbtest6  (cost=5.38..369.96 rows=92 width=125)
	  Recheck Cond: ((k >= 3169993) AND (k <= 3170093))
	  ->  Bitmap Index Scan on k_6  (cost=0.00..5.35 rows=92 width=0)
	        Index Cond: ((k >= 3169993) AND (k <= 3170093))

table 7 : explain SELECT k, c FROM sbtest7 WHERE k BETWEEN 3169993 AND 3170093
	Bitmap Heap Scan on sbtest7  (cost=5.47..405.46 rows=101 width=125)
	  Recheck Cond: ((k >= 3169993) AND (k <= 3170093))
	  ->  Bitmap Index Scan on k_7  (cost=0.00..5.44 rows=101 width=0)
	        Index Cond: ((k >= 3169993) AND (k <= 3170093))

table 8 : explain SELECT k, c FROM sbtest8 WHERE k BETWEEN 3169993 AND 3170093
	Bitmap Heap Scan on sbtest8  (cost=5.47..405.47 rows=101 width=125)
	  Recheck Cond: ((k >= 3169993) AND (k <= 3170093))
	  ->  Bitmap Index Scan on k_8  (cost=0.00..5.44 rows=101 width=0)
	        Index Cond: ((k >= 3169993) AND (k <= 3170093))

explain: for range-notcovered :: explain SELECT k, c FROM sbtest%d WHERE k BETWEEN 3701523 AND 3701623
explain: for range-notcovered :: explain SELECT k, c FROM sbtest%d WHERE k BETWEEN 3169993 AND 3170093
for range-notcovered
table 1 : explain SELECT k, c FROM sbtest1 WHERE k BETWEEN 5409911 AND 5410011
	Bitmap Heap Scan on sbtest1  (cost=5.58..448.71 rows=112 width=125)
	  Recheck Cond: ((k >= 5409911) AND (k <= 5410011))
	  ->  Bitmap Index Scan on k_1  (cost=0.00..5.55 rows=112 width=0)
	        Index Cond: ((k >= 5409911) AND (k <= 5410011))

table 2 : explain SELECT k, c FROM sbtest2 WHERE k BETWEEN 5409911 AND 5410011
	Bitmap Heap Scan on sbtest2  (cost=5.46..401.47 rows=100 width=125)
	  Recheck Cond: ((k >= 5409911) AND (k <= 5410011))
	  ->  Bitmap Index Scan on k_2  (cost=0.00..5.43 rows=100 width=0)
	        Index Cond: ((k >= 5409911) AND (k <= 5410011))

table 3 : explain SELECT k, c FROM sbtest3 WHERE k BETWEEN 5409911 AND 5410011
	Bitmap Heap Scan on sbtest3  (cost=5.49..413.30 rows=103 width=125)
	  Recheck Cond: ((k >= 5409911) AND (k <= 5410011))
	  ->  Bitmap Index Scan on k_3  (cost=0.00..5.46 rows=103 width=0)
	        Index Cond: ((k >= 5409911) AND (k <= 5410011))

table 4 : explain SELECT k, c FROM sbtest4 WHERE k BETWEEN 5409911 AND 5410011
	Bitmap Heap Scan on sbtest4  (cost=5.49..413.32 rows=103 width=125)
	  Recheck Cond: ((k >= 5409911) AND (k <= 5410011))
	  ->  Bitmap Index Scan on k_4  (cost=0.00..5.46 rows=103 width=0)
	        Index Cond: ((k >= 5409911) AND (k <= 5410011))

table 5 : explain SELECT k, c FROM sbtest5 WHERE k BETWEEN 5409911 AND 5410011
	Bitmap Heap Scan on sbtest5  (cost=5.47..405.44 rows=101 width=125)
	  Recheck Cond: ((k >= 5409911) AND (k <= 5410011))
	  ->  Bitmap Index Scan on k_5  (cost=0.00..5.44 rows=101 width=0)
	        Index Cond: ((k >= 5409911) AND (k <= 5410011))

table 6 : explain SELECT k, c FROM sbtest6 WHERE k BETWEEN 5409911 AND 5410011
	Bitmap Heap Scan on sbtest6  (cost=5.54..433.06 rows=108 width=125)
	  Recheck Cond: ((k >= 5409911) AND (k <= 5410011))
	  ->  Bitmap Index Scan on k_6  (cost=0.00..5.51 rows=108 width=0)
	        Index Cond: ((k >= 5409911) AND (k <= 5410011))

table 7 : explain SELECT k, c FROM sbtest7 WHERE k BETWEEN 5409911 AND 5410011
	Bitmap Heap Scan on sbtest7  (cost=5.56..440.94 rows=110 width=125)
	  Recheck Cond: ((k >= 5409911) AND (k <= 5410011))
	  ->  Bitmap Index Scan on k_7  (cost=0.00..5.53 rows=110 width=0)
	        Index Cond: ((k >= 5409911) AND (k <= 5410011))

table 8 : explain SELECT k, c FROM sbtest8 WHERE k BETWEEN 5409911 AND 5410011
	Bitmap Heap Scan on sbtest8  (cost=5.42..385.74 rows=96 width=125)
	  Recheck Cond: ((k >= 5409911) AND (k <= 5410011))
	  ->  Bitmap Index Scan on k_8  (cost=0.00..5.39 rows=96 width=0)
	        Index Cond: ((k >= 5409911) AND (k <= 5410011))

for range-notcovered
table 1 : explain SELECT k, c FROM sbtest1 WHERE k BETWEEN 4904265 AND 4904365
	Bitmap Heap Scan on sbtest1  (cost=5.43..389.61 rows=97 width=125)
	  Recheck Cond: ((k >= 4904265) AND (k <= 4904365))
	  ->  Bitmap Index Scan on k_1  (cost=0.00..5.40 rows=97 width=0)
	        Index Cond: ((k >= 4904265) AND (k <= 4904365))

table 2 : explain SELECT k, c FROM sbtest2 WHERE k BETWEEN 4904265 AND 4904365
	Bitmap Heap Scan on sbtest2  (cost=5.49..413.29 rows=103 width=125)
	  Recheck Cond: ((k >= 4904265) AND (k <= 4904365))
	  ->  Bitmap Index Scan on k_2  (cost=0.00..5.46 rows=103 width=0)
	        Index Cond: ((k >= 4904265) AND (k <= 4904365))

table 3 : explain SELECT k, c FROM sbtest3 WHERE k BETWEEN 4904265 AND 4904365
	Bitmap Heap Scan on sbtest3  (cost=5.51..421.18 rows=105 width=125)
	  Recheck Cond: ((k >= 4904265) AND (k <= 4904365))
	  ->  Bitmap Index Scan on k_3  (cost=0.00..5.48 rows=105 width=0)
	        Index Cond: ((k >= 4904265) AND (k <= 4904365))

table 4 : explain SELECT k, c FROM sbtest4 WHERE k BETWEEN 4904265 AND 4904365
	Bitmap Heap Scan on sbtest4  (cost=5.45..397.55 rows=99 width=125)
	  Recheck Cond: ((k >= 4904265) AND (k <= 4904365))
	  ->  Bitmap Index Scan on k_4  (cost=0.00..5.42 rows=99 width=0)
	        Index Cond: ((k >= 4904265) AND (k <= 4904365))

table 5 : explain SELECT k, c FROM sbtest5 WHERE k BETWEEN 4904265 AND 4904365
	Bitmap Heap Scan on sbtest5  (cost=5.51..421.21 rows=105 width=125)
	  Recheck Cond: ((k >= 4904265) AND (k <= 4904365))
	  ->  Bitmap Index Scan on k_5  (cost=0.00..5.48 rows=105 width=0)
	        Index Cond: ((k >= 4904265) AND (k <= 4904365))

table 6 : explain SELECT k, c FROM sbtest6 WHERE k BETWEEN 4904265 AND 4904365
	Bitmap Heap Scan on sbtest6  (cost=5.47..405.47 rows=101 width=125)
	  Recheck Cond: ((k >= 4904265) AND (k <= 4904365))
	  ->  Bitmap Index Scan on k_6  (cost=0.00..5.44 rows=101 width=0)
	        Index Cond: ((k >= 4904265) AND (k <= 4904365))

table 7 : explain SELECT k, c FROM sbtest7 WHERE k BETWEEN 4904265 AND 4904365
	Bitmap Heap Scan on sbtest7  (cost=5.48..409.41 rows=102 width=125)
	  Recheck Cond: ((k >= 4904265) AND (k <= 4904365))
	  ->  Bitmap Index Scan on k_7  (cost=0.00..5.45 rows=102 width=0)
	        Index Cond: ((k >= 4904265) AND (k <= 4904365))

table 8 : explain SELECT k, c FROM sbtest8 WHERE k BETWEEN 4904265 AND 4904365
	Bitmap Heap Scan on sbtest8  (cost=5.46..401.52 rows=100 width=125)
	  Recheck Cond: ((k >= 4904265) AND (k <= 4904365))
	  ->  Bitmap Index Scan on k_8  (cost=0.00..5.43 rows=100 width=0)
	        Index Cond: ((k >= 4904265) AND (k <= 4904365))

for range-notcovered
table 1 : explain SELECT k, c FROM sbtest1 WHERE k BETWEEN 7014798 AND 7014898
	Bitmap Heap Scan on sbtest1  (cost=5.54..432.96 rows=108 width=125)
	  Recheck Cond: ((k >= 7014798) AND (k <= 7014898))
	  ->  Bitmap Index Scan on k_1  (cost=0.00..5.51 rows=108 width=0)
	        Index Cond: ((k >= 7014798) AND (k <= 7014898))

table 2 : explain SELECT k, c FROM sbtest2 WHERE k BETWEEN 7014798 AND 7014898
	Bitmap Heap Scan on sbtest2  (cost=5.35..358.07 rows=89 width=125)
	  Recheck Cond: ((k >= 7014798) AND (k <= 7014898))
	  ->  Bitmap Index Scan on k_2  (cost=0.00..5.32 rows=89 width=0)
	        Index Cond: ((k >= 7014798) AND (k <= 7014898))

table 3 : explain SELECT k, c FROM sbtest3 WHERE k BETWEEN 7014798 AND 7014898
	Bitmap Heap Scan on sbtest3  (cost=5.46..401.47 rows=100 width=125)
	  Recheck Cond: ((k >= 7014798) AND (k <= 7014898))
	  ->  Bitmap Index Scan on k_3  (cost=0.00..5.43 rows=100 width=0)
	        Index Cond: ((k >= 7014798) AND (k <= 7014898))

table 4 : explain SELECT k, c FROM sbtest4 WHERE k BETWEEN 7014798 AND 7014898
	Bitmap Heap Scan on sbtest4  (cost=5.41..381.77 rows=95 width=125)
	  Recheck Cond: ((k >= 7014798) AND (k <= 7014898))
	  ->  Bitmap Index Scan on k_4  (cost=0.00..5.38 rows=95 width=0)
	        Index Cond: ((k >= 7014798) AND (k <= 7014898))

table 5 : explain SELECT k, c FROM sbtest5 WHERE k BETWEEN 7014798 AND 7014898
	Bitmap Heap Scan on sbtest5  (cost=5.56..440.91 rows=110 width=125)
	  Recheck Cond: ((k >= 7014798) AND (k <= 7014898))
	  ->  Bitmap Index Scan on k_5  (cost=0.00..5.53 rows=110 width=0)
	        Index Cond: ((k >= 7014798) AND (k <= 7014898))

table 6 : explain SELECT k, c FROM sbtest6 WHERE k BETWEEN 7014798 AND 7014898
	Bitmap Heap Scan on sbtest6  (cost=5.58..448.82 rows=112 width=125)
	  Recheck Cond: ((k >= 7014798) AND (k <= 7014898))
	  ->  Bitmap Index Scan on k_6  (cost=0.00..5.55 rows=112 width=0)
	        Index Cond: ((k >= 7014798) AND (k <= 7014898))

table 7 : explain SELECT k, c FROM sbtest7 WHERE k BETWEEN 7014798 AND 7014898
	Bitmap Heap Scan on sbtest7  (cost=5.45..397.58 rows=99 width=125)
	  Recheck Cond: ((k >= 7014798) AND (k <= 7014898))
	  ->  Bitmap Index Scan on k_7  (cost=0.00..5.42 rows=99 width=0)
	        Index Cond: ((k >= 7014798) AND (k <= 7014898))

table 8 : explain SELECT k, c FROM sbtest8 WHERE k BETWEEN 7014798 AND 7014898
	Bitmap Heap Scan on sbtest8  (cost=5.44..393.63 rows=98 width=125)
	  Recheck Cond: ((k >= 7014798) AND (k <= 7014898))
	  ->  Bitmap Index Scan on k_8  (cost=0.00..5.42 rows=98 width=0)
	        Index Cond: ((k >= 7014798) AND (k <= 7014898))

for range-notcovered
table 1 : explain SELECT k, c FROM sbtest1 WHERE k BETWEEN 6413332 AND 6413432
	Bitmap Heap Scan on sbtest1  (cost=5.50..417.20 rows=104 width=125)
	  Recheck Cond: ((k >= 6413332) AND (k <= 6413432))
	  ->  Bitmap Index Scan on k_1  (cost=0.00..5.47 rows=104 width=0)
	        Index Cond: ((k >= 6413332) AND (k <= 6413432))

table 2 : explain SELECT k, c FROM sbtest2 WHERE k BETWEEN 6413332 AND 6413432
	Bitmap Heap Scan on sbtest2  (cost=5.46..401.47 rows=100 width=125)
	  Recheck Cond: ((k >= 6413332) AND (k <= 6413432))
	  ->  Bitmap Index Scan on k_2  (cost=0.00..5.43 rows=100 width=0)
	        Index Cond: ((k >= 6413332) AND (k <= 6413432))

table 3 : explain SELECT k, c FROM sbtest3 WHERE k BETWEEN 6413332 AND 6413432
	Bitmap Heap Scan on sbtest3  (cost=5.51..421.18 rows=105 width=125)
	  Recheck Cond: ((k >= 6413332) AND (k <= 6413432))
	  ->  Bitmap Index Scan on k_3  (cost=0.00..5.48 rows=105 width=0)
	        Index Cond: ((k >= 6413332) AND (k <= 6413432))

table 4 : explain SELECT k, c FROM sbtest4 WHERE k BETWEEN 6413332 AND 6413432
	Bitmap Heap Scan on sbtest4  (cost=5.47..405.44 rows=101 width=125)
	  Recheck Cond: ((k >= 6413332) AND (k <= 6413432))
	  ->  Bitmap Index Scan on k_4  (cost=0.00..5.44 rows=101 width=0)
	        Index Cond: ((k >= 6413332) AND (k <= 6413432))

table 5 : explain SELECT k, c FROM sbtest5 WHERE k BETWEEN 6413332 AND 6413432
	Bitmap Heap Scan on sbtest5  (cost=5.47..405.44 rows=101 width=125)
	  Recheck Cond: ((k >= 6413332) AND (k <= 6413432))
	  ->  Bitmap Index Scan on k_5  (cost=0.00..5.44 rows=101 width=0)
	        Index Cond: ((k >= 6413332) AND (k <= 6413432))

table 6 : explain SELECT k, c FROM sbtest6 WHERE k BETWEEN 6413332 AND 6413432
	Bitmap Heap Scan on sbtest6  (cost=5.51..421.24 rows=105 width=125)
	  Recheck Cond: ((k >= 6413332) AND (k <= 6413432))
	  ->  Bitmap Index Scan on k_6  (cost=0.00..5.48 rows=105 width=0)
	        Index Cond: ((k >= 6413332) AND (k <= 6413432))

table 7 : explain SELECT k, c FROM sbtest7 WHERE k BETWEEN 6413332 AND 6413432
	Bitmap Heap Scan on sbtest7  (cost=5.50..417.29 rows=104 width=125)
	  Recheck Cond: ((k >= 6413332) AND (k <= 6413432))
	  ->  Bitmap Index Scan on k_7  (cost=0.00..5.47 rows=104 width=0)
	        Index Cond: ((k >= 6413332) AND (k <= 6413432))

table 8 : explain SELECT k, c FROM sbtest8 WHERE k BETWEEN 6413332 AND 6413432
	Bitmap Heap Scan on sbtest8  (cost=5.47..405.47 rows=101 width=125)
	  Recheck Cond: ((k >= 6413332) AND (k <= 6413432))
	  ->  Bitmap Index Scan on k_8  (cost=0.00..5.44 rows=101 width=0)
	        Index Cond: ((k >= 6413332) AND (k <= 6413432))
for range-notcovered
table 1 : explain SELECT k, c FROM sbtest1 WHERE k BETWEEN 3818532 AND 3818632
	Bitmap Heap Scan on sbtest1  (cost=5.47..405.38 rows=101 width=125)
	  Recheck Cond: ((k >= 3818532) AND (k <= 3818632))
	  ->  Bitmap Index Scan on k_1  (cost=0.00..5.44 rows=101 width=0)
	        Index Cond: ((k >= 3818532) AND (k <= 3818632))

table 2 : explain SELECT k, c FROM sbtest2 WHERE k BETWEEN 3818532 AND 3818632
	Bitmap Heap Scan on sbtest2  (cost=5.50..417.23 rows=104 width=125)
	  Recheck Cond: ((k >= 3818532) AND (k <= 3818632))
	  ->  Bitmap Index Scan on k_2  (cost=0.00..5.47 rows=104 width=0)
	        Index Cond: ((k >= 3818532) AND (k <= 3818632))

table 3 : explain SELECT k, c FROM sbtest3 WHERE k BETWEEN 3818532 AND 3818632
	Bitmap Heap Scan on sbtest3  (cost=5.50..417.24 rows=104 width=125)
	  Recheck Cond: ((k >= 3818532) AND (k <= 3818632))
	  ->  Bitmap Index Scan on k_3  (cost=0.00..5.47 rows=104 width=0)
	        Index Cond: ((k >= 3818532) AND (k <= 3818632))

table 4 : explain SELECT k, c FROM sbtest4 WHERE k BETWEEN 3818532 AND 3818632
	Bitmap Heap Scan on sbtest4  (cost=5.49..413.32 rows=103 width=125)
	  Recheck Cond: ((k >= 3818532) AND (k <= 3818632))
	  ->  Bitmap Index Scan on k_4  (cost=0.00..5.46 rows=103 width=0)
	        Index Cond: ((k >= 3818532) AND (k <= 3818632))

table 5 : explain SELECT k, c FROM sbtest5 WHERE k BETWEEN 3818532 AND 3818632
	Bitmap Heap Scan on sbtest5  (cost=5.45..397.56 rows=99 width=125)
	  Recheck Cond: ((k >= 3818532) AND (k <= 3818632))
	  ->  Bitmap Index Scan on k_5  (cost=0.00..5.42 rows=99 width=0)
	        Index Cond: ((k >= 3818532) AND (k <= 3818632))

table 6 : explain SELECT k, c FROM sbtest6 WHERE k BETWEEN 3818532 AND 3818632
	Bitmap Heap Scan on sbtest6  (cost=5.47..405.47 rows=101 width=125)
	  Recheck Cond: ((k >= 3818532) AND (k <= 3818632))
	  ->  Bitmap Index Scan on k_6  (cost=0.00..5.44 rows=101 width=0)
	        Index Cond: ((k >= 3818532) AND (k <= 3818632))

table 7 : explain SELECT k, c FROM sbtest7 WHERE k BETWEEN 3818532 AND 3818632
	Bitmap Heap Scan on sbtest7  (cost=5.50..417.29 rows=104 width=125)
	  Recheck Cond: ((k >= 3818532) AND (k <= 3818632))
	  ->  Bitmap Index Scan on k_7  (cost=0.00..5.47 rows=104 width=0)
	        Index Cond: ((k >= 3818532) AND (k <= 3818632))

table 8 : explain SELECT k, c FROM sbtest8 WHERE k BETWEEN 3818532 AND 3818632
	Bitmap Heap Scan on sbtest8  (cost=5.43..389.69 rows=97 width=125)
	  Recheck Cond: ((k >= 3818532) AND (k <= 3818632))
	  ->  Bitmap Index Scan on k_8  (cost=0.00..5.40 rows=97 width=0)
	        Index Cond: ((k >= 3818532) AND (k <= 3818632))
for range-notcovered
table 1 : explain SELECT k, c FROM sbtest1 WHERE k BETWEEN 3569640 AND 3569740
	Bitmap Heap Scan on sbtest1  (cost=5.49..413.26 rows=103 width=125)
	  Recheck Cond: ((k >= 3569640) AND (k <= 3569740))
	  ->  Bitmap Index Scan on k_1  (cost=0.00..5.46 rows=103 width=0)
	        Index Cond: ((k >= 3569640) AND (k <= 3569740))

table 2 : explain SELECT k, c FROM sbtest2 WHERE k BETWEEN 3569640 AND 3569740
	Bitmap Heap Scan on sbtest2  (cost=5.54..433.00 rows=108 width=125)
	  Recheck Cond: ((k >= 3569640) AND (k <= 3569740))
	  ->  Bitmap Index Scan on k_2  (cost=0.00..5.51 rows=108 width=0)
	        Index Cond: ((k >= 3569640) AND (k <= 3569740))

table 3 : explain SELECT k, c FROM sbtest3 WHERE k BETWEEN 3569640 AND 3569740
	Bitmap Heap Scan on sbtest3  (cost=5.44..393.58 rows=98 width=125)
	  Recheck Cond: ((k >= 3569640) AND (k <= 3569740))
	  ->  Bitmap Index Scan on k_3  (cost=0.00..5.42 rows=98 width=0)
	        Index Cond: ((k >= 3569640) AND (k <= 3569740))

table 4 : explain SELECT k, c FROM sbtest4 WHERE k BETWEEN 3569640 AND 3569740
	Bitmap Heap Scan on sbtest4  (cost=5.47..405.44 rows=101 width=125)
	  Recheck Cond: ((k >= 3569640) AND (k <= 3569740))
	  ->  Bitmap Index Scan on k_4  (cost=0.00..5.44 rows=101 width=0)
	        Index Cond: ((k >= 3569640) AND (k <= 3569740))

table 5 : explain SELECT k, c FROM sbtest5 WHERE k BETWEEN 3569640 AND 3569740
	Bitmap Heap Scan on sbtest5  (cost=5.46..401.50 rows=100 width=125)
	  Recheck Cond: ((k >= 3569640) AND (k <= 3569740))
	  ->  Bitmap Index Scan on k_5  (cost=0.00..5.43 rows=100 width=0)
	        Index Cond: ((k >= 3569640) AND (k <= 3569740))

table 6 : explain SELECT k, c FROM sbtest6 WHERE k BETWEEN 3569640 AND 3569740
	Bitmap Heap Scan on sbtest6  (cost=5.46..401.52 rows=100 width=125)
	  Recheck Cond: ((k >= 3569640) AND (k <= 3569740))
	  ->  Bitmap Index Scan on k_6  (cost=0.00..5.43 rows=100 width=0)
	        Index Cond: ((k >= 3569640) AND (k <= 3569740))

table 7 : explain SELECT k, c FROM sbtest7 WHERE k BETWEEN 3569640 AND 3569740
	Bitmap Heap Scan on sbtest7  (cost=5.45..397.58 rows=99 width=125)
	  Recheck Cond: ((k >= 3569640) AND (k <= 3569740))
	  ->  Bitmap Index Scan on k_7  (cost=0.00..5.42 rows=99 width=0)
	        Index Cond: ((k >= 3569640) AND (k <= 3569740))

table 8 : explain SELECT k, c FROM sbtest8 WHERE k BETWEEN 3569640 AND 3569740
	Bitmap Heap Scan on sbtest8  (cost=5.48..409.41 rows=102 width=125)
	  Recheck Cond: ((k >= 3569640) AND (k <= 3569740))
	  ->  Bitmap Index Scan on k_8  (cost=0.00..5.45 rows=102 width=0)
	        Index Cond: ((k >= 3569640) AND (k <= 3569740))

explain: for range-notcovered :: explain SELECT k, c FROM sbtest%d WHERE k BETWEEN 4904265 AND 4904365


for range-notcovered
table 1 : explain SELECT k, c FROM sbtest1 WHERE k BETWEEN 2168939 AND 2169039
	Bitmap Heap Scan on sbtest1  (cost=5.36..361.99 rows=90 width=125)
	  Recheck Cond: ((k >= 2168939) AND (k <= 2169039))
	  ->  Bitmap Index Scan on k_1  (cost=0.00..5.33 rows=90 width=0)
	        Index Cond: ((k >= 2168939) AND (k <= 2169039))

table 2 : explain SELECT k, c FROM sbtest2 WHERE k BETWEEN 2168939 AND 2169039
	Bitmap Heap Scan on sbtest2  (cost=5.44..393.58 rows=98 width=125)
	  Recheck Cond: ((k >= 2168939) AND (k <= 2169039))
	  ->  Bitmap Index Scan on k_2  (cost=0.00..5.42 rows=98 width=0)
	        Index Cond: ((k >= 2168939) AND (k <= 2169039))

table 3 : explain SELECT k, c FROM sbtest3 WHERE k BETWEEN 2168939 AND 2169039
	Bitmap Heap Scan on sbtest3  (cost=5.58..448.76 rows=112 width=125)
	  Recheck Cond: ((k >= 2168939) AND (k <= 2169039))
	  ->  Bitmap Index Scan on k_3  (cost=0.00..5.55 rows=112 width=0)
	        Index Cond: ((k >= 2168939) AND (k <= 2169039))

table 4 : explain SELECT k, c FROM sbtest4 WHERE k BETWEEN 2168939 AND 2169039
	Bitmap Heap Scan on sbtest4  (cost=5.41..381.77 rows=95 width=125)
	  Recheck Cond: ((k >= 2168939) AND (k <= 2169039))
	  ->  Bitmap Index Scan on k_4  (cost=0.00..5.38 rows=95 width=0)
	        Index Cond: ((k >= 2168939) AND (k <= 2169039))

table 5 : explain SELECT k, c FROM sbtest5 WHERE k BETWEEN 2168939 AND 2169039
	Bitmap Heap Scan on sbtest5  (cost=5.52..425.15 rows=106 width=125)
	  Recheck Cond: ((k >= 2168939) AND (k <= 2169039))
	  ->  Bitmap Index Scan on k_5  (cost=0.00..5.50 rows=106 width=0)
	        Index Cond: ((k >= 2168939) AND (k <= 2169039))

table 6 : explain SELECT k, c FROM sbtest6 WHERE k BETWEEN 2168939 AND 2169039
	Bitmap Heap Scan on sbtest6  (cost=5.57..444.88 rows=111 width=125)
	  Recheck Cond: ((k >= 2168939) AND (k <= 2169039))
	  ->  Bitmap Index Scan on k_6  (cost=0.00..5.54 rows=111 width=0)
	        Index Cond: ((k >= 2168939) AND (k <= 2169039))

table 7 : explain SELECT k, c FROM sbtest7 WHERE k BETWEEN 2168939 AND 2169039
	Bitmap Heap Scan on sbtest7  (cost=5.53..429.12 rows=107 width=125)
	  Recheck Cond: ((k >= 2168939) AND (k <= 2169039))
	  ->  Bitmap Index Scan on k_7  (cost=0.00..5.50 rows=107 width=0)
	        Index Cond: ((k >= 2168939) AND (k <= 2169039))

table 8 : explain SELECT k, c FROM sbtest8 WHERE k BETWEEN 2168939 AND 2169039
	Bitmap Heap Scan on sbtest8  (cost=5.61..460.63 rows=115 width=125)
	  Recheck Cond: ((k >= 2168939) AND (k <= 2169039))
	  ->  Bitmap Index Scan on k_8  (cost=0.00..5.58 rows=115 width=0)
	        Index Cond: ((k >= 2168939) AND (k <= 2169039))

explain: for range-notcovered :: explain SELECT k, c FROM sbtest%d WHERE k BETWEEN 6413332 AND 6413432
explain: for range-notcovered :: explain SELECT k, c FROM sbtest%d WHERE k BETWEEN 3569640 AND 3569740
explain: for range-notcovered :: explain SELECT k, c FROM sbtest%d WHERE k BETWEEN 3818532 AND 3818632
for range-notcovered
table 1 : explain SELECT k, c FROM sbtest1 WHERE k BETWEEN 5513675 AND 5513775
	Bitmap Heap Scan on sbtest1  (cost=5.52..425.08 rows=106 width=125)
	  Recheck Cond: ((k >= 5513675) AND (k <= 5513775))
	  ->  Bitmap Index Scan on k_1  (cost=0.00..5.50 rows=106 width=0)
	        Index Cond: ((k >= 5513675) AND (k <= 5513775))

table 2 : explain SELECT k, c FROM sbtest2 WHERE k BETWEEN 5513675 AND 5513775
	Bitmap Heap Scan on sbtest2  (cost=5.51..421.18 rows=105 width=125)
	  Recheck Cond: ((k >= 5513675) AND (k <= 5513775))
	  ->  Bitmap Index Scan on k_2  (cost=0.00..5.48 rows=105 width=0)
	        Index Cond: ((k >= 5513675) AND (k <= 5513775))

table 3 : explain SELECT k, c FROM sbtest3 WHERE k BETWEEN 5513675 AND 5513775
	Bitmap Heap Scan on sbtest3  (cost=5.46..401.47 rows=100 width=125)
	  Recheck Cond: ((k >= 5513675) AND (k <= 5513775))
	  ->  Bitmap Index Scan on k_3  (cost=0.00..5.43 rows=100 width=0)
	        Index Cond: ((k >= 5513675) AND (k <= 5513775))

table 4 : explain SELECT k, c FROM sbtest4 WHERE k BETWEEN 5513675 AND 5513775
	Bitmap Heap Scan on sbtest4  (cost=5.47..405.44 rows=101 width=125)
	  Recheck Cond: ((k >= 5513675) AND (k <= 5513775))
	  ->  Bitmap Index Scan on k_4  (cost=0.00..5.44 rows=101 width=0)
	        Index Cond: ((k >= 5513675) AND (k <= 5513775))

table 5 : explain SELECT k, c FROM sbtest5 WHERE k BETWEEN 5513675 AND 5513775
	Bitmap Heap Scan on sbtest5  (cost=5.43..389.67 rows=97 width=125)
	  Recheck Cond: ((k >= 5513675) AND (k <= 5513775))
	  ->  Bitmap Index Scan on k_5  (cost=0.00..5.40 rows=97 width=0)
	        Index Cond: ((k >= 5513675) AND (k <= 5513775))

table 6 : explain SELECT k, c FROM sbtest6 WHERE k BETWEEN 5513675 AND 5513775
	Bitmap Heap Scan on sbtest6  (cost=5.38..369.96 rows=92 width=125)
	  Recheck Cond: ((k >= 5513675) AND (k <= 5513775))
	  ->  Bitmap Index Scan on k_6  (cost=0.00..5.35 rows=92 width=0)
	        Index Cond: ((k >= 5513675) AND (k <= 5513775))

table 7 : explain SELECT k, c FROM sbtest7 WHERE k BETWEEN 5513675 AND 5513775
	Bitmap Heap Scan on sbtest7  (cost=5.45..397.58 rows=99 width=125)
	  Recheck Cond: ((k >= 5513675) AND (k <= 5513775))
	  ->  Bitmap Index Scan on k_7  (cost=0.00..5.42 rows=99 width=0)
	        Index Cond: ((k >= 5513675) AND (k <= 5513775))

table 8 : explain SELECT k, c FROM sbtest8 WHERE k BETWEEN 5513675 AND 5513775
	Bitmap Heap Scan on sbtest8  (cost=5.45..397.58 rows=99 width=125)
	  Recheck Cond: ((k >= 5513675) AND (k <= 5513775))
	  ->  Bitmap Index Scan on k_8  (cost=0.00..5.42 rows=99 width=0)
	        Index Cond: ((k >= 5513675) AND (k <= 5513775))

for range-notcovered
table 1 : explain SELECT k, c FROM sbtest1 WHERE k BETWEEN 2326923 AND 2327023
	Bitmap Heap Scan on sbtest1  (cost=5.32..346.20 rows=86 width=125)
	  Recheck Cond: ((k >= 2326923) AND (k <= 2327023))
	  ->  Bitmap Index Scan on k_1  (cost=0.00..5.29 rows=86 width=0)
	        Index Cond: ((k >= 2326923) AND (k <= 2327023))

table 2 : explain SELECT k, c FROM sbtest2 WHERE k BETWEEN 2326923 AND 2327023
	Bitmap Heap Scan on sbtest2  (cost=5.59..452.69 rows=113 width=125)
	  Recheck Cond: ((k >= 2326923) AND (k <= 2327023))
	  ->  Bitmap Index Scan on k_2  (cost=0.00..5.56 rows=113 width=0)
	        Index Cond: ((k >= 2326923) AND (k <= 2327023))

table 3 : explain SELECT k, c FROM sbtest3 WHERE k BETWEEN 2326923 AND 2327023
	Bitmap Heap Scan on sbtest3  (cost=5.42..385.70 rows=96 width=125)
	  Recheck Cond: ((k >= 2326923) AND (k <= 2327023))
	  ->  Bitmap Index Scan on k_3  (cost=0.00..5.39 rows=96 width=0)
	        Index Cond: ((k >= 2326923) AND (k <= 2327023))

table 4 : explain SELECT k, c FROM sbtest4 WHERE k BETWEEN 2326923 AND 2327023
	Bitmap Heap Scan on sbtest4  (cost=5.41..381.77 rows=95 width=125)
	  Recheck Cond: ((k >= 2326923) AND (k <= 2327023))
	  ->  Bitmap Index Scan on k_4  (cost=0.00..5.38 rows=95 width=0)
	        Index Cond: ((k >= 2326923) AND (k <= 2327023))

table 5 : explain SELECT k, c FROM sbtest5 WHERE k BETWEEN 2326923 AND 2327023
	Bitmap Heap Scan on sbtest5  (cost=5.55..436.97 rows=109 width=125)
	  Recheck Cond: ((k >= 2326923) AND (k <= 2327023))
	  ->  Bitmap Index Scan on k_5  (cost=0.00..5.52 rows=109 width=0)
	        Index Cond: ((k >= 2326923) AND (k <= 2327023))

table 6 : explain SELECT k, c FROM sbtest6 WHERE k BETWEEN 2326923 AND 2327023
	Bitmap Heap Scan on sbtest6  (cost=5.53..429.12 rows=107 width=125)
	  Recheck Cond: ((k >= 2326923) AND (k <= 2327023))
	  ->  Bitmap Index Scan on k_6  (cost=0.00..5.50 rows=107 width=0)
	        Index Cond: ((k >= 2326923) AND (k <= 2327023))

table 7 : explain SELECT k, c FROM sbtest7 WHERE k BETWEEN 2326923 AND 2327023
	Bitmap Heap Scan on sbtest7  (cost=5.45..397.58 rows=99 width=125)
	  Recheck Cond: ((k >= 2326923) AND (k <= 2327023))
	  ->  Bitmap Index Scan on k_7  (cost=0.00..5.42 rows=99 width=0)
	        Index Cond: ((k >= 2326923) AND (k <= 2327023))

table 8 : explain SELECT k, c FROM sbtest8 WHERE k BETWEEN 2326923 AND 2327023
	Bitmap Heap Scan on sbtest8  (cost=5.44..393.63 rows=98 width=125)
	  Recheck Cond: ((k >= 2326923) AND (k <= 2327023))
	  ->  Bitmap Index Scan on k_8  (cost=0.00..5.42 rows=98 width=0)
	        Index Cond: ((k >= 2326923) AND (k <= 2327023))

explain: for range-notcovered :: explain SELECT k, c FROM sbtest%d WHERE k BETWEEN 2168939 AND 2169039
for range-notcovered
table 1 : explain SELECT k, c FROM sbtest1 WHERE k BETWEEN 5198029 AND 5198129
	Bitmap Heap Scan on sbtest1  (cost=5.48..409.32 rows=102 width=125)
	  Recheck Cond: ((k >= 5198029) AND (k <= 5198129))
	  ->  Bitmap Index Scan on k_1  (cost=0.00..5.45 rows=102 width=0)
	        Index Cond: ((k >= 5198029) AND (k <= 5198129))

table 2 : explain SELECT k, c FROM sbtest2 WHERE k BETWEEN 5198029 AND 5198129
	Bitmap Heap Scan on sbtest2  (cost=5.50..417.23 rows=104 width=125)
	  Recheck Cond: ((k >= 5198029) AND (k <= 5198129))
	  ->  Bitmap Index Scan on k_2  (cost=0.00..5.47 rows=104 width=0)
	        Index Cond: ((k >= 5198029) AND (k <= 5198129))

table 3 : explain SELECT k, c FROM sbtest3 WHERE k BETWEEN 5198029 AND 5198129
	Bitmap Heap Scan on sbtest3  (cost=5.60..456.63 rows=114 width=125)
	  Recheck Cond: ((k >= 5198029) AND (k <= 5198129))
	  ->  Bitmap Index Scan on k_3  (cost=0.00..5.58 rows=114 width=0)
	        Index Cond: ((k >= 5198029) AND (k <= 5198129))

table 4 : explain SELECT k, c FROM sbtest4 WHERE k BETWEEN 5198029 AND 5198129
	Bitmap Heap Scan on sbtest4  (cost=5.47..405.44 rows=101 width=125)
	  Recheck Cond: ((k >= 5198029) AND (k <= 5198129))
	  ->  Bitmap Index Scan on k_4  (cost=0.00..5.44 rows=101 width=0)
	        Index Cond: ((k >= 5198029) AND (k <= 5198129))

table 5 : explain SELECT k, c FROM sbtest5 WHERE k BETWEEN 5198029 AND 5198129
	Bitmap Heap Scan on sbtest5  (cost=5.46..401.50 rows=100 width=125)
	  Recheck Cond: ((k >= 5198029) AND (k <= 5198129))
	  ->  Bitmap Index Scan on k_5  (cost=0.00..5.43 rows=100 width=0)
	        Index Cond: ((k >= 5198029) AND (k <= 5198129))

table 6 : explain SELECT k, c FROM sbtest6 WHERE k BETWEEN 5198029 AND 5198129
	Bitmap Heap Scan on sbtest6  (cost=5.60..456.70 rows=114 width=125)
	  Recheck Cond: ((k >= 5198029) AND (k <= 5198129))
	  ->  Bitmap Index Scan on k_6  (cost=0.00..5.58 rows=114 width=0)
	        Index Cond: ((k >= 5198029) AND (k <= 5198129))

table 7 : explain SELECT k, c FROM sbtest7 WHERE k BETWEEN 5198029 AND 5198129
	Bitmap Heap Scan on sbtest7  (cost=5.65..476.38 rows=119 width=125)
	  Recheck Cond: ((k >= 5198029) AND (k <= 5198129))
	  ->  Bitmap Index Scan on k_7  (cost=0.00..5.62 rows=119 width=0)
	        Index Cond: ((k >= 5198029) AND (k <= 5198129))

table 8 : explain SELECT k, c FROM sbtest8 WHERE k BETWEEN 5198029 AND 5198129
	Bitmap Heap Scan on sbtest8  (cost=5.55..437.00 rows=109 width=125)
	  Recheck Cond: ((k >= 5198029) AND (k <= 5198129))
	  ->  Bitmap Index Scan on k_8  (cost=0.00..5.52 rows=109 width=0)
	        Index Cond: ((k >= 5198029) AND (k <= 5198129))

for range-notcovered
table 1 : explain SELECT k, c FROM sbtest1 WHERE k BETWEEN 6724376 AND 6724476
	Bitmap Heap Scan on sbtest1  (cost=5.51..421.14 rows=105 width=125)
	  Recheck Cond: ((k >= 6724376) AND (k <= 6724476))
	  ->  Bitmap Index Scan on k_1  (cost=0.00..5.48 rows=105 width=0)
	        Index Cond: ((k >= 6724376) AND (k <= 6724476))

table 2 : explain SELECT k, c FROM sbtest2 WHERE k BETWEEN 6724376 AND 6724476
	Bitmap Heap Scan on sbtest2  (cost=5.44..393.58 rows=98 width=125)
	  Recheck Cond: ((k >= 6724376) AND (k <= 6724476))
	  ->  Bitmap Index Scan on k_2  (cost=0.00..5.42 rows=98 width=0)
	        Index Cond: ((k >= 6724376) AND (k <= 6724476))

table 3 : explain SELECT k, c FROM sbtest3 WHERE k BETWEEN 6724376 AND 6724476
	Bitmap Heap Scan on sbtest3  (cost=5.50..417.24 rows=104 width=125)
	  Recheck Cond: ((k >= 6724376) AND (k <= 6724476))
	  ->  Bitmap Index Scan on k_3  (cost=0.00..5.47 rows=104 width=0)
	        Index Cond: ((k >= 6724376) AND (k <= 6724476))

table 4 : explain SELECT k, c FROM sbtest4 WHERE k BETWEEN 6724376 AND 6724476
	Bitmap Heap Scan on sbtest4  (cost=5.42..385.72 rows=96 width=125)
	  Recheck Cond: ((k >= 6724376) AND (k <= 6724476))
	  ->  Bitmap Index Scan on k_4  (cost=0.00..5.39 rows=96 width=0)
	        Index Cond: ((k >= 6724376) AND (k <= 6724476))

table 5 : explain SELECT k, c FROM sbtest5 WHERE k BETWEEN 6724376 AND 6724476
	Bitmap Heap Scan on sbtest5  (cost=5.47..405.44 rows=101 width=125)
	  Recheck Cond: ((k >= 6724376) AND (k <= 6724476))
	  ->  Bitmap Index Scan on k_5  (cost=0.00..5.44 rows=101 width=0)
	        Index Cond: ((k >= 6724376) AND (k <= 6724476))

table 6 : explain SELECT k, c FROM sbtest6 WHERE k BETWEEN 6724376 AND 6724476
	Bitmap Heap Scan on sbtest6  (cost=5.51..421.24 rows=105 width=125)
	  Recheck Cond: ((k >= 6724376) AND (k <= 6724476))
	  ->  Bitmap Index Scan on k_6  (cost=0.00..5.48 rows=105 width=0)
	        Index Cond: ((k >= 6724376) AND (k <= 6724476))

table 7 : explain SELECT k, c FROM sbtest7 WHERE k BETWEEN 6724376 AND 6724476
	Bitmap Heap Scan on sbtest7  (cost=5.46..401.52 rows=100 width=125)
	  Recheck Cond: ((k >= 6724376) AND (k <= 6724476))
	  ->  Bitmap Index Scan on k_7  (cost=0.00..5.43 rows=100 width=0)
	        Index Cond: ((k >= 6724376) AND (k <= 6724476))

table 8 : explain SELECT k, c FROM sbtest8 WHERE k BETWEEN 6724376 AND 6724476
	Bitmap Heap Scan on sbtest8  (cost=5.53..429.12 rows=107 width=125)
	  Recheck Cond: ((k >= 6724376) AND (k <= 6724476))
	  ->  Bitmap Index Scan on k_8  (cost=0.00..5.50 rows=107 width=0)
	        Index Cond: ((k >= 6724376) AND (k <= 6724476))

explain: for range-notcovered :: explain SELECT k, c FROM sbtest%d WHERE k BETWEEN 6724376 AND 6724476
for range-notcovered
table 1 : explain SELECT k, c FROM sbtest1 WHERE k BETWEEN 5662288 AND 5662388
	Bitmap Heap Scan on sbtest1  (cost=5.42..385.66 rows=96 width=125)
	  Recheck Cond: ((k >= 5662288) AND (k <= 5662388))
	  ->  Bitmap Index Scan on k_1  (cost=0.00..5.39 rows=96 width=0)
	        Index Cond: ((k >= 5662288) AND (k <= 5662388))

table 2 : explain SELECT k, c FROM sbtest2 WHERE k BETWEEN 5662288 AND 5662388
	Bitmap Heap Scan on sbtest2  (cost=5.40..377.80 rows=94 width=125)
	  Recheck Cond: ((k >= 5662288) AND (k <= 5662388))
	  ->  Bitmap Index Scan on k_2  (cost=0.00..5.38 rows=94 width=0)
	        Index Cond: ((k >= 5662288) AND (k <= 5662388))

table 3 : explain SELECT k, c FROM sbtest3 WHERE k BETWEEN 5662288 AND 5662388
	Bitmap Heap Scan on sbtest3  (cost=5.53..429.06 rows=107 width=125)
	  Recheck Cond: ((k >= 5662288) AND (k <= 5662388))
	  ->  Bitmap Index Scan on k_3  (cost=0.00..5.50 rows=107 width=0)
	        Index Cond: ((k >= 5662288) AND (k <= 5662388))

table 4 : explain SELECT k, c FROM sbtest4 WHERE k BETWEEN 5662288 AND 5662388
	Bitmap Heap Scan on sbtest4  (cost=5.55..436.97 rows=109 width=125)
	  Recheck Cond: ((k >= 5662288) AND (k <= 5662388))
	  ->  Bitmap Index Scan on k_4  (cost=0.00..5.52 rows=109 width=0)
	        Index Cond: ((k >= 5662288) AND (k <= 5662388))

table 5 : explain SELECT k, c FROM sbtest5 WHERE k BETWEEN 5662288 AND 5662388
	Bitmap Heap Scan on sbtest5  (cost=5.35..358.10 rows=89 width=125)
	  Recheck Cond: ((k >= 5662288) AND (k <= 5662388))
	  ->  Bitmap Index Scan on k_5  (cost=0.00..5.32 rows=89 width=0)
	        Index Cond: ((k >= 5662288) AND (k <= 5662388))

table 6 : explain SELECT k, c FROM sbtest6 WHERE k BETWEEN 5662288 AND 5662388
	Bitmap Heap Scan on sbtest6  (cost=5.41..381.80 rows=95 width=125)
	  Recheck Cond: ((k >= 5662288) AND (k <= 5662388))
	  ->  Bitmap Index Scan on k_6  (cost=0.00..5.38 rows=95 width=0)
	        Index Cond: ((k >= 5662288) AND (k <= 5662388))

table 7 : explain SELECT k, c FROM sbtest7 WHERE k BETWEEN 5662288 AND 5662388
	Bitmap Heap Scan on sbtest7  (cost=5.54..433.06 rows=108 width=125)
	  Recheck Cond: ((k >= 5662288) AND (k <= 5662388))
	  ->  Bitmap Index Scan on k_7  (cost=0.00..5.51 rows=108 width=0)
	        Index Cond: ((k >= 5662288) AND (k <= 5662388))

table 8 : explain SELECT k, c FROM sbtest8 WHERE k BETWEEN 5662288 AND 5662388
	Bitmap Heap Scan on sbtest8  (cost=5.46..401.52 rows=100 width=125)
	  Recheck Cond: ((k >= 5662288) AND (k <= 5662388))
	  ->  Bitmap Index Scan on k_8  (cost=0.00..5.43 rows=100 width=0)
	        Index Cond: ((k >= 5662288) AND (k <= 5662388))

for range-notcovered
table 1 : explain SELECT k, c FROM sbtest1 WHERE k BETWEEN 8370214 AND 8370314
	Bitmap Heap Scan on sbtest1  (cost=5.51..421.14 rows=105 width=125)
	  Recheck Cond: ((k >= 8370214) AND (k <= 8370314))
	  ->  Bitmap Index Scan on k_1  (cost=0.00..5.48 rows=105 width=0)
	        Index Cond: ((k >= 8370214) AND (k <= 8370314))

table 2 : explain SELECT k, c FROM sbtest2 WHERE k BETWEEN 8370214 AND 8370314
	Bitmap Heap Scan on sbtest2  (cost=5.50..417.23 rows=104 width=125)
	  Recheck Cond: ((k >= 8370214) AND (k <= 8370314))
	  ->  Bitmap Index Scan on k_2  (cost=0.00..5.47 rows=104 width=0)
	        Index Cond: ((k >= 8370214) AND (k <= 8370314))

table 3 : explain SELECT k, c FROM sbtest3 WHERE k BETWEEN 8370214 AND 8370314
	Bitmap Heap Scan on sbtest3  (cost=5.44..393.58 rows=98 width=125)
	  Recheck Cond: ((k >= 8370214) AND (k <= 8370314))
	  ->  Bitmap Index Scan on k_3  (cost=0.00..5.42 rows=98 width=0)
	        Index Cond: ((k >= 8370214) AND (k <= 8370314))

table 4 : explain SELECT k, c FROM sbtest4 WHERE k BETWEEN 8370214 AND 8370314
	Bitmap Heap Scan on sbtest4  (cost=5.44..393.61 rows=98 width=125)
	  Recheck Cond: ((k >= 8370214) AND (k <= 8370314))
	  ->  Bitmap Index Scan on k_4  (cost=0.00..5.42 rows=98 width=0)
	        Index Cond: ((k >= 8370214) AND (k <= 8370314))

table 5 : explain SELECT k, c FROM sbtest5 WHERE k BETWEEN 8370214 AND 8370314
	Bitmap Heap Scan on sbtest5  (cost=5.46..401.50 rows=100 width=125)
	  Recheck Cond: ((k >= 8370214) AND (k <= 8370314))
	  ->  Bitmap Index Scan on k_5  (cost=0.00..5.43 rows=100 width=0)
	        Index Cond: ((k >= 8370214) AND (k <= 8370314))

table 6 : explain SELECT k, c FROM sbtest6 WHERE k BETWEEN 8370214 AND 8370314
	Bitmap Heap Scan on sbtest6  (cost=5.51..421.24 rows=105 width=125)
	  Recheck Cond: ((k >= 8370214) AND (k <= 8370314))
	  ->  Bitmap Index Scan on k_6  (cost=0.00..5.48 rows=105 width=0)
	        Index Cond: ((k >= 8370214) AND (k <= 8370314))

table 7 : explain SELECT k, c FROM sbtest7 WHERE k BETWEEN 8370214 AND 8370314
	Bitmap Heap Scan on sbtest7  (cost=5.46..401.52 rows=100 width=125)
	  Recheck Cond: ((k >= 8370214) AND (k <= 8370314))
	  ->  Bitmap Index Scan on k_7  (cost=0.00..5.43 rows=100 width=0)
	        Index Cond: ((k >= 8370214) AND (k <= 8370314))

table 8 : explain SELECT k, c FROM sbtest8 WHERE k BETWEEN 8370214 AND 8370314
	Bitmap Heap Scan on sbtest8  (cost=5.58..448.82 rows=112 width=125)
	  Recheck Cond: ((k >= 8370214) AND (k <= 8370314))
	  ->  Bitmap Index Scan on k_8  (cost=0.00..5.55 rows=112 width=0)
	        Index Cond: ((k >= 8370214) AND (k <= 8370314))

for range-notcovered
table 1 : explain SELECT k, c FROM sbtest1 WHERE k BETWEEN 4395323 AND 4395423
	Bitmap Heap Scan on sbtest1  (cost=5.50..417.20 rows=104 width=125)
	  Recheck Cond: ((k >= 4395323) AND (k <= 4395423))
	  ->  Bitmap Index Scan on k_1  (cost=0.00..5.47 rows=104 width=0)
	        Index Cond: ((k >= 4395323) AND (k <= 4395423))

table 2 : explain SELECT k, c FROM sbtest2 WHERE k BETWEEN 4395323 AND 4395423
	Bitmap Heap Scan on sbtest2  (cost=5.60..456.63 rows=114 width=125)
	  Recheck Cond: ((k >= 4395323) AND (k <= 4395423))
	  ->  Bitmap Index Scan on k_2  (cost=0.00..5.58 rows=114 width=0)
	        Index Cond: ((k >= 4395323) AND (k <= 4395423))

table 3 : explain SELECT k, c FROM sbtest3 WHERE k BETWEEN 4395323 AND 4395423
	Bitmap Heap Scan on sbtest3  (cost=5.55..436.94 rows=109 width=125)
	  Recheck Cond: ((k >= 4395323) AND (k <= 4395423))
	  ->  Bitmap Index Scan on k_3  (cost=0.00..5.52 rows=109 width=0)
	        Index Cond: ((k >= 4395323) AND (k <= 4395423))

table 4 : explain SELECT k, c FROM sbtest4 WHERE k BETWEEN 4395323 AND 4395423
	Bitmap Heap Scan on sbtest4  (cost=5.44..393.61 rows=98 width=125)
	  Recheck Cond: ((k >= 4395323) AND (k <= 4395423))
	  ->  Bitmap Index Scan on k_4  (cost=0.00..5.42 rows=98 width=0)
	        Index Cond: ((k >= 4395323) AND (k <= 4395423))

table 5 : explain SELECT k, c FROM sbtest5 WHERE k BETWEEN 4395323 AND 4395423
	Bitmap Heap Scan on sbtest5  (cost=5.46..401.50 rows=100 width=125)
	  Recheck Cond: ((k >= 4395323) AND (k <= 4395423))
	  ->  Bitmap Index Scan on k_5  (cost=0.00..5.43 rows=100 width=0)
	        Index Cond: ((k >= 4395323) AND (k <= 4395423))

table 6 : explain SELECT k, c FROM sbtest6 WHERE k BETWEEN 4395323 AND 4395423
	Bitmap Heap Scan on sbtest6  (cost=5.45..397.58 rows=99 width=125)
	  Recheck Cond: ((k >= 4395323) AND (k <= 4395423))
	  ->  Bitmap Index Scan on k_6  (cost=0.00..5.42 rows=99 width=0)
	        Index Cond: ((k >= 4395323) AND (k <= 4395423))

table 7 : explain SELECT k, c FROM sbtest7 WHERE k BETWEEN 4395323 AND 4395423
	Bitmap Heap Scan on sbtest7  (cost=5.59..452.76 rows=113 width=125)
	  Recheck Cond: ((k >= 4395323) AND (k <= 4395423))
	  ->  Bitmap Index Scan on k_7  (cost=0.00..5.56 rows=113 width=0)
	        Index Cond: ((k >= 4395323) AND (k <= 4395423))

table 8 : explain SELECT k, c FROM sbtest8 WHERE k BETWEEN 4395323 AND 4395423
	Bitmap Heap Scan on sbtest8  (cost=5.42..385.74 rows=96 width=125)
	  Recheck Cond: ((k >= 4395323) AND (k <= 4395423))
	  ->  Bitmap Index Scan on k_8  (cost=0.00..5.39 rows=96 width=0)
	        Index Cond: ((k >= 4395323) AND (k <= 4395423))

for range-notcovered
table 1 : explain SELECT k, c FROM sbtest1 WHERE k BETWEEN 4209613 AND 4209713
	Bitmap Heap Scan on sbtest1  (cost=5.46..401.43 rows=100 width=125)
	  Recheck Cond: ((k >= 4209613) AND (k <= 4209713))
	  ->  Bitmap Index Scan on k_1  (cost=0.00..5.43 rows=100 width=0)
	        Index Cond: ((k >= 4209613) AND (k <= 4209713))

table 2 : explain SELECT k, c FROM sbtest2 WHERE k BETWEEN 4209613 AND 4209713
	Bitmap Heap Scan on sbtest2  (cost=5.48..409.35 rows=102 width=125)
	  Recheck Cond: ((k >= 4209613) AND (k <= 4209713))
	  ->  Bitmap Index Scan on k_2  (cost=0.00..5.45 rows=102 width=0)
	        Index Cond: ((k >= 4209613) AND (k <= 4209713))

table 3 : explain SELECT k, c FROM sbtest3 WHERE k BETWEEN 4209613 AND 4209713
	Bitmap Heap Scan on sbtest3  (cost=5.40..377.81 rows=94 width=125)
	  Recheck Cond: ((k >= 4209613) AND (k <= 4209713))
	  ->  Bitmap Index Scan on k_3  (cost=0.00..5.38 rows=94 width=0)
	        Index Cond: ((k >= 4209613) AND (k <= 4209713))

table 4 : explain SELECT k, c FROM sbtest4 WHERE k BETWEEN 4209613 AND 4209713
	Bitmap Heap Scan on sbtest4  (cost=5.48..409.38 rows=102 width=125)
	  Recheck Cond: ((k >= 4209613) AND (k <= 4209713))
	  ->  Bitmap Index Scan on k_4  (cost=0.00..5.45 rows=102 width=0)
	        Index Cond: ((k >= 4209613) AND (k <= 4209713))

table 5 : explain SELECT k, c FROM sbtest5 WHERE k BETWEEN 4209613 AND 4209713
	Bitmap Heap Scan on sbtest5  (cost=5.42..385.72 rows=96 width=125)
	  Recheck Cond: ((k >= 4209613) AND (k <= 4209713))
	  ->  Bitmap Index Scan on k_5  (cost=0.00..5.39 rows=96 width=0)
	        Index Cond: ((k >= 4209613) AND (k <= 4209713))

table 6 : explain SELECT k, c FROM sbtest6 WHERE k BETWEEN 4209613 AND 4209713
	Bitmap Heap Scan on sbtest6  (cost=5.50..417.29 rows=104 width=125)
	  Recheck Cond: ((k >= 4209613) AND (k <= 4209713))
	  ->  Bitmap Index Scan on k_6  (cost=0.00..5.47 rows=104 width=0)
	        Index Cond: ((k >= 4209613) AND (k <= 4209713))

table 7 : explain SELECT k, c FROM sbtest7 WHERE k BETWEEN 4209613 AND 4209713
	Bitmap Heap Scan on sbtest7  (cost=5.46..401.52 rows=100 width=125)
	  Recheck Cond: ((k >= 4209613) AND (k <= 4209713))
	  ->  Bitmap Index Scan on k_7  (cost=0.00..5.43 rows=100 width=0)
	        Index Cond: ((k >= 4209613) AND (k <= 4209713))

table 8 : explain SELECT k, c FROM sbtest8 WHERE k BETWEEN 4209613 AND 4209713
	Bitmap Heap Scan on sbtest8  (cost=5.57..444.88 rows=111 width=125)
	  Recheck Cond: ((k >= 4209613) AND (k <= 4209713))
	  ->  Bitmap Index Scan on k_8  (cost=0.00..5.54 rows=111 width=0)
	        Index Cond: ((k >= 4209613) AND (k <= 4209713))

explain: for range-notcovered :: explain SELECT k, c FROM sbtest%d WHERE k BETWEEN 5662288 AND 5662388for range-notcovered
table 1 : explain SELECT k, c FROM sbtest1 WHERE k BETWEEN 3701523 AND 3701623
	Bitmap Heap Scan on sbtest1  (cost=5.45..397.49 rows=99 width=125)
	  Recheck Cond: ((k >= 3701523) AND (k <= 3701623))
	  ->  Bitmap Index Scan on k_1  (cost=0.00..5.42 rows=99 width=0)
	        Index Cond: ((k >= 3701523) AND (k <= 3701623))

table 2 : explain SELECT k, c FROM sbtest2 WHERE k BETWEEN 3701523 AND 3701623
	Bitmap Heap Scan on sbtest2  (cost=5.49..413.29 rows=103 width=125)
	  Recheck Cond: ((k >= 3701523) AND (k <= 3701623))
	  ->  Bitmap Index Scan on k_2  (cost=0.00..5.46 rows=103 width=0)
	        Index Cond: ((k >= 3701523) AND (k <= 3701623))

table 3 : explain SELECT k, c FROM sbtest3 WHERE k BETWEEN 3701523 AND 3701623
	Bitmap Heap Scan on sbtest3  (cost=5.41..381.75 rows=95 width=125)
	  Recheck Cond: ((k >= 3701523) AND (k <= 3701623))
	  ->  Bitmap Index Scan on k_3  (cost=0.00..5.38 rows=95 width=0)
	        Index Cond: ((k >= 3701523) AND (k <= 3701623))

table 4 : explain SELECT k, c FROM sbtest4 WHERE k BETWEEN 3701523 AND 3701623
	Bitmap Heap Scan on sbtest4  (cost=5.41..381.77 rows=95 width=125)
	  Recheck Cond: ((k >= 3701523) AND (k <= 3701623))
	  ->  Bitmap Index Scan on k_4  (cost=0.00..5.38 rows=95 width=0)
	        Index Cond: ((k >= 3701523) AND (k <= 3701623))

table 5 : explain SELECT k, c FROM sbtest5 WHERE k BETWEEN 3701523 AND 3701623
	Bitmap Heap Scan on sbtest5  (cost=5.55..436.97 rows=109 width=125)
	  Recheck Cond: ((k >= 3701523) AND (k <= 3701623))
	  ->  Bitmap Index Scan on k_5  (cost=0.00..5.52 rows=109 width=0)
	        Index Cond: ((k >= 3701523) AND (k <= 3701623))

table 6 : explain SELECT k, c FROM sbtest6 WHERE k BETWEEN 3701523 AND 3701623
	Bitmap Heap Scan on sbtest6  (cost=5.42..385.74 rows=96 width=125)
	  Recheck Cond: ((k >= 3701523) AND (k <= 3701623))
	  ->  Bitmap Index Scan on k_6  (cost=0.00..5.39 rows=96 width=0)
	        Index Cond: ((k >= 3701523) AND (k <= 3701623))

table 7 : explain SELECT k, c FROM sbtest7 WHERE k BETWEEN 3701523 AND 3701623
	Bitmap Heap Scan on sbtest7  (cost=5.43..389.69 rows=97 width=125)
	  Recheck Cond: ((k >= 3701523) AND (k <= 3701623))
	  ->  Bitmap Index Scan on k_7  (cost=0.00..5.40 rows=97 width=0)
	        Index Cond: ((k >= 3701523) AND (k <= 3701623))

table 8 : explain SELECT k, c FROM sbtest8 WHERE k BETWEEN 3701523 AND 3701623
	Bitmap Heap Scan on sbtest8  (cost=5.49..413.35 rows=103 width=125)
	  Recheck Cond: ((k >= 3701523) AND (k <= 3701623))
	  ->  Bitmap Index Scan on k_8  (cost=0.00..5.46 rows=103 width=0)
	        Index Cond: ((k >= 3701523) AND (k <= 3701623))


for range-notcovered
table 1 : explain SELECT k, c FROM sbtest1 WHERE k BETWEEN 3169993 AND 3170093
	Bitmap Heap Scan on sbtest1  (cost=5.45..397.49 rows=99 width=125)
	  Recheck Cond: ((k >= 3169993) AND (k <= 3170093))
	  ->  Bitmap Index Scan on k_1  (cost=0.00..5.42 rows=99 width=0)
	        Index Cond: ((k >= 3169993) AND (k <= 3170093))

table 2 : explain SELECT k, c FROM sbtest2 WHERE k BETWEEN 3169993 AND 3170093
	Bitmap Heap Scan on sbtest2  (cost=5.42..385.69 rows=96 width=125)
	  Recheck Cond: ((k >= 3169993) AND (k <= 3170093))
	  ->  Bitmap Index Scan on k_2  (cost=0.00..5.39 rows=96 width=0)
	        Index Cond: ((k >= 3169993) AND (k <= 3170093))

table 3 : explain SELECT k, c FROM sbtest3 WHERE k BETWEEN 3169993 AND 3170093
	Bitmap Heap Scan on sbtest3  (cost=5.56..440.88 rows=110 width=125)
	  Recheck Cond: ((k >= 3169993) AND (k <= 3170093))
	  ->  Bitmap Index Scan on k_3  (cost=0.00..5.53 rows=110 width=0)
	        Index Cond: ((k >= 3169993) AND (k <= 3170093))

table 4 : explain SELECT k, c FROM sbtest4 WHERE k BETWEEN 3169993 AND 3170093
	Bitmap Heap Scan on sbtest4  (cost=5.53..429.09 rows=107 width=125)
	  Recheck Cond: ((k >= 3169993) AND (k <= 3170093))
	  ->  Bitmap Index Scan on k_4  (cost=0.00..5.50 rows=107 width=0)
	        Index Cond: ((k >= 3169993) AND (k <= 3170093))

table 5 : explain SELECT k, c FROM sbtest5 WHERE k BETWEEN 3169993 AND 3170093
	Bitmap Heap Scan on sbtest5  (cost=5.42..385.72 rows=96 width=125)
	  Recheck Cond: ((k >= 3169993) AND (k <= 3170093))
	  ->  Bitmap Index Scan on k_5  (cost=0.00..5.39 rows=96 width=0)
	        Index Cond: ((k >= 3169993) AND (k <= 3170093))

table 6 : explain SELECT k, c FROM sbtest6 WHERE k BETWEEN 3169993 AND 3170093
	Bitmap Heap Scan on sbtest6  (cost=5.38..369.96 rows=92 width=125)
	  Recheck Cond: ((k >= 3169993) AND (k <= 3170093))
	  ->  Bitmap Index Scan on k_6  (cost=0.00..5.35 rows=92 width=0)
	        Index Cond: ((k >= 3169993) AND (k <= 3170093))

table 7 : explain SELECT k, c FROM sbtest7 WHERE k BETWEEN 3169993 AND 3170093
	Bitmap Heap Scan on sbtest7  (cost=5.47..405.46 rows=101 width=125)
	  Recheck Cond: ((k >= 3169993) AND (k <= 3170093))
	  ->  Bitmap Index Scan on k_7  (cost=0.00..5.44 rows=101 width=0)
	        Index Cond: ((k >= 3169993) AND (k <= 3170093))

table 8 : explain SELECT k, c FROM sbtest8 WHERE k BETWEEN 3169993 AND 3170093
	Bitmap Heap Scan on sbtest8  (cost=5.47..405.47 rows=101 width=125)
	  Recheck Cond: ((k >= 3169993) AND (k <= 3170093))
	  ->  Bitmap Index Scan on k_8  (cost=0.00..5.44 rows=101 width=0)
	        Index Cond: ((k >= 3169993) AND (k <= 3170093))

for range-notcovered
table 1 : explain SELECT k, c FROM sbtest1 WHERE k BETWEEN 6479038 AND 6479138
	Bitmap Heap Scan on sbtest1  (cost=5.55..436.90 rows=109 width=125)
	  Recheck Cond: ((k >= 6479038) AND (k <= 6479138))
	  ->  Bitmap Index Scan on k_1  (cost=0.00..5.52 rows=109 width=0)
	        Index Cond: ((k >= 6479038) AND (k <= 6479138))

table 2 : explain SELECT k, c FROM sbtest2 WHERE k BETWEEN 6479038 AND 6479138
	Bitmap Heap Scan on sbtest2  (cost=5.46..401.47 rows=100 width=125)
	  Recheck Cond: ((k >= 6479038) AND (k <= 6479138))
	  ->  Bitmap Index Scan on k_2  (cost=0.00..5.43 rows=100 width=0)
	        Index Cond: ((k >= 6479038) AND (k <= 6479138))

table 3 : explain SELECT k, c FROM sbtest3 WHERE k BETWEEN 6479038 AND 6479138
	Bitmap Heap Scan on sbtest3  (cost=5.51..421.18 rows=105 width=125)
	  Recheck Cond: ((k >= 6479038) AND (k <= 6479138))
	  ->  Bitmap Index Scan on k_3  (cost=0.00..5.48 rows=105 width=0)
	        Index Cond: ((k >= 6479038) AND (k <= 6479138))

table 4 : explain SELECT k, c FROM sbtest4 WHERE k BETWEEN 6479038 AND 6479138
	Bitmap Heap Scan on sbtest4  (cost=5.47..405.44 rows=101 width=125)
	  Recheck Cond: ((k >= 6479038) AND (k <= 6479138))
	  ->  Bitmap Index Scan on k_4  (cost=0.00..5.44 rows=101 width=0)
	        Index Cond: ((k >= 6479038) AND (k <= 6479138))

table 5 : explain SELECT k, c FROM sbtest5 WHERE k BETWEEN 6479038 AND 6479138
	Bitmap Heap Scan on sbtest5  (cost=5.47..405.44 rows=101 width=125)
	  Recheck Cond: ((k >= 6479038) AND (k <= 6479138))
	  ->  Bitmap Index Scan on k_5  (cost=0.00..5.44 rows=101 width=0)
	        Index Cond: ((k >= 6479038) AND (k <= 6479138))

table 6 : explain SELECT k, c FROM sbtest6 WHERE k BETWEEN 6479038 AND 6479138
	Bitmap Heap Scan on sbtest6  (cost=5.49..413.35 rows=103 width=125)
	  Recheck Cond: ((k >= 6479038) AND (k <= 6479138))
	  ->  Bitmap Index Scan on k_6  (cost=0.00..5.46 rows=103 width=0)
	        Index Cond: ((k >= 6479038) AND (k <= 6479138))

table 7 : explain SELECT k, c FROM sbtest7 WHERE k BETWEEN 6479038 AND 6479138
	Bitmap Heap Scan on sbtest7  (cost=5.53..429.12 rows=107 width=125)
	  Recheck Cond: ((k >= 6479038) AND (k <= 6479138))
	  ->  Bitmap Index Scan on k_7  (cost=0.00..5.50 rows=107 width=0)
	        Index Cond: ((k >= 6479038) AND (k <= 6479138))

table 8 : explain SELECT k, c FROM sbtest8 WHERE k BETWEEN 6479038 AND 6479138
	Bitmap Heap Scan on sbtest8  (cost=5.46..401.52 rows=100 width=125)
	  Recheck Cond: ((k >= 6479038) AND (k <= 6479138))
	  ->  Bitmap Index Scan on k_8  (cost=0.00..5.43 rows=100 width=0)
	        Index Cond: ((k >= 6479038) AND (k <= 6479138))

explain: for range-notcovered :: explain SELECT k, c FROM sbtest%d WHERE k BETWEEN 8370214 AND 8370314explain: for range-notcovered :: explain SELECT k, c FROM sbtest%d WHERE k BETWEEN 4209613 AND 4209713

explain: for range-notcovered :: explain SELECT k, c FROM sbtest%d WHERE k BETWEEN 3169993 AND 3170093
for range-notcovered
table 1 : explain SELECT k, c FROM sbtest1 WHERE k BETWEEN 4904265 AND 4904365
	Bitmap Heap Scan on sbtest1  (cost=5.43..389.61 rows=97 width=125)
	  Recheck Cond: ((k >= 4904265) AND (k <= 4904365))
	  ->  Bitmap Index Scan on k_1  (cost=0.00..5.40 rows=97 width=0)
	        Index Cond: ((k >= 4904265) AND (k <= 4904365))

table 2 : explain SELECT k, c FROM sbtest2 WHERE k BETWEEN 4904265 AND 4904365
	Bitmap Heap Scan on sbtest2  (cost=5.49..413.29 rows=103 width=125)
	  Recheck Cond: ((k >= 4904265) AND (k <= 4904365))
	  ->  Bitmap Index Scan on k_2  (cost=0.00..5.46 rows=103 width=0)
	        Index Cond: ((k >= 4904265) AND (k <= 4904365))

table 3 : explain SELECT k, c FROM sbtest3 WHERE k BETWEEN 4904265 AND 4904365
	Bitmap Heap Scan on sbtest3  (cost=5.51..421.18 rows=105 width=125)
	  Recheck Cond: ((k >= 4904265) AND (k <= 4904365))
	  ->  Bitmap Index Scan on k_3  (cost=0.00..5.48 rows=105 width=0)
	        Index Cond: ((k >= 4904265) AND (k <= 4904365))

table 4 : explain SELECT k, c FROM sbtest4 WHERE k BETWEEN 4904265 AND 4904365
	Bitmap Heap Scan on sbtest4  (cost=5.45..397.55 rows=99 width=125)
	  Recheck Cond: ((k >= 4904265) AND (k <= 4904365))
	  ->  Bitmap Index Scan on k_4  (cost=0.00..5.42 rows=99 width=0)
	        Index Cond: ((k >= 4904265) AND (k <= 4904365))

table 5 : explain SELECT k, c FROM sbtest5 WHERE k BETWEEN 4904265 AND 4904365
	Bitmap Heap Scan on sbtest5  (cost=5.51..421.21 rows=105 width=125)
	  Recheck Cond: ((k >= 4904265) AND (k <= 4904365))
	  ->  Bitmap Index Scan on k_5  (cost=0.00..5.48 rows=105 width=0)
	        Index Cond: ((k >= 4904265) AND (k <= 4904365))

table 6 : explain SELECT k, c FROM sbtest6 WHERE k BETWEEN 4904265 AND 4904365
	Bitmap Heap Scan on sbtest6  (cost=5.47..405.47 rows=101 width=125)
	  Recheck Cond: ((k >= 4904265) AND (k <= 4904365))
	  ->  Bitmap Index Scan on k_6  (cost=0.00..5.44 rows=101 width=0)
	        Index Cond: ((k >= 4904265) AND (k <= 4904365))

table 7 : explain SELECT k, c FROM sbtest7 WHERE k BETWEEN 4904265 AND 4904365
	Bitmap Heap Scan on sbtest7  (cost=5.48..409.41 rows=102 width=125)
	  Recheck Cond: ((k >= 4904265) AND (k <= 4904365))
	  ->  Bitmap Index Scan on k_7  (cost=0.00..5.45 rows=102 width=0)
	        Index Cond: ((k >= 4904265) AND (k <= 4904365))

table 8 : explain SELECT k, c FROM sbtest8 WHERE k BETWEEN 4904265 AND 4904365
	Bitmap Heap Scan on sbtest8  (cost=5.46..401.52 rows=100 width=125)
	  Recheck Cond: ((k >= 4904265) AND (k <= 4904365))
	  ->  Bitmap Index Scan on k_8  (cost=0.00..5.43 rows=100 width=0)
	        Index Cond: ((k >= 4904265) AND (k <= 4904365))

for range-notcovered
table 1 : explain SELECT k, c FROM sbtest1 WHERE k BETWEEN 6413332 AND 6413432
	Bitmap Heap Scan on sbtest1  (cost=5.50..417.20 rows=104 width=125)
	  Recheck Cond: ((k >= 6413332) AND (k <= 6413432))
	  ->  Bitmap Index Scan on k_1  (cost=0.00..5.47 rows=104 width=0)
	        Index Cond: ((k >= 6413332) AND (k <= 6413432))

table 2 : explain SELECT k, c FROM sbtest2 WHERE k BETWEEN 6413332 AND 6413432
	Bitmap Heap Scan on sbtest2  (cost=5.46..401.47 rows=100 width=125)
	  Recheck Cond: ((k >= 6413332) AND (k <= 6413432))
	  ->  Bitmap Index Scan on k_2  (cost=0.00..5.43 rows=100 width=0)
	        Index Cond: ((k >= 6413332) AND (k <= 6413432))

table 3 : explain SELECT k, c FROM sbtest3 WHERE k BETWEEN 6413332 AND 6413432
	Bitmap Heap Scan on sbtest3  (cost=5.51..421.18 rows=105 width=125)
	  Recheck Cond: ((k >= 6413332) AND (k <= 6413432))
	  ->  Bitmap Index Scan on k_3  (cost=0.00..5.48 rows=105 width=0)
	        Index Cond: ((k >= 6413332) AND (k <= 6413432))

table 4 : explain SELECT k, c FROM sbtest4 WHERE k BETWEEN 6413332 AND 6413432
	Bitmap Heap Scan on sbtest4  (cost=5.47..405.44 rows=101 width=125)
	  Recheck Cond: ((k >= 6413332) AND (k <= 6413432))
	  ->  Bitmap Index Scan on k_4  (cost=0.00..5.44 rows=101 width=0)
	        Index Cond: ((k >= 6413332) AND (k <= 6413432))

table 5 : explain SELECT k, c FROM sbtest5 WHERE k BETWEEN 6413332 AND 6413432
	Bitmap Heap Scan on sbtest5  (cost=5.47..405.44 rows=101 width=125)
	  Recheck Cond: ((k >= 6413332) AND (k <= 6413432))
	  ->  Bitmap Index Scan on k_5  (cost=0.00..5.44 rows=101 width=0)
	        Index Cond: ((k >= 6413332) AND (k <= 6413432))

table 6 : explain SELECT k, c FROM sbtest6 WHERE k BETWEEN 6413332 AND 6413432
	Bitmap Heap Scan on sbtest6  (cost=5.51..421.24 rows=105 width=125)
	  Recheck Cond: ((k >= 6413332) AND (k <= 6413432))
	  ->  Bitmap Index Scan on k_6  (cost=0.00..5.48 rows=105 width=0)
	        Index Cond: ((k >= 6413332) AND (k <= 6413432))

table 7 : explain SELECT k, c FROM sbtest7 WHERE k BETWEEN 6413332 AND 6413432
	Bitmap Heap Scan on sbtest7  (cost=5.50..417.29 rows=104 width=125)
	  Recheck Cond: ((k >= 6413332) AND (k <= 6413432))
	  ->  Bitmap Index Scan on k_7  (cost=0.00..5.47 rows=104 width=0)
	        Index Cond: ((k >= 6413332) AND (k <= 6413432))

table 8 : explain SELECT k, c FROM sbtest8 WHERE k BETWEEN 6413332 AND 6413432
	Bitmap Heap Scan on sbtest8  (cost=5.47..405.47 rows=101 width=125)
	  Recheck Cond: ((k >= 6413332) AND (k <= 6413432))
	  ->  Bitmap Index Scan on k_8  (cost=0.00..5.44 rows=101 width=0)
	        Index Cond: ((k >= 6413332) AND (k <= 6413432))

for range-notcovered
table 1 : explain SELECT k, c FROM sbtest1 WHERE k BETWEEN 3569640 AND 3569740
	Bitmap Heap Scan on sbtest1  (cost=5.49..413.26 rows=103 width=125)
	  Recheck Cond: ((k >= 3569640) AND (k <= 3569740))
	  ->  Bitmap Index Scan on k_1  (cost=0.00..5.46 rows=103 width=0)
	        Index Cond: ((k >= 3569640) AND (k <= 3569740))

table 2 : explain SELECT k, c FROM sbtest2 WHERE k BETWEEN 3569640 AND 3569740
	Bitmap Heap Scan on sbtest2  (cost=5.54..433.00 rows=108 width=125)
	  Recheck Cond: ((k >= 3569640) AND (k <= 3569740))
	  ->  Bitmap Index Scan on k_2  (cost=0.00..5.51 rows=108 width=0)
	        Index Cond: ((k >= 3569640) AND (k <= 3569740))

table 3 : explain SELECT k, c FROM sbtest3 WHERE k BETWEEN 3569640 AND 3569740
	Bitmap Heap Scan on sbtest3  (cost=5.44..393.58 rows=98 width=125)
	  Recheck Cond: ((k >= 3569640) AND (k <= 3569740))
	  ->  Bitmap Index Scan on k_3  (cost=0.00..5.42 rows=98 width=0)
	        Index Cond: ((k >= 3569640) AND (k <= 3569740))

table 4 : explain SELECT k, c FROM sbtest4 WHERE k BETWEEN 3569640 AND 3569740
	Bitmap Heap Scan on sbtest4  (cost=5.47..405.44 rows=101 width=125)
	  Recheck Cond: ((k >= 3569640) AND (k <= 3569740))
	  ->  Bitmap Index Scan on k_4  (cost=0.00..5.44 rows=101 width=0)
	        Index Cond: ((k >= 3569640) AND (k <= 3569740))

table 5 : explain SELECT k, c FROM sbtest5 WHERE k BETWEEN 3569640 AND 3569740
	Bitmap Heap Scan on sbtest5  (cost=5.46..401.50 rows=100 width=125)
	  Recheck Cond: ((k >= 3569640) AND (k <= 3569740))
	  ->  Bitmap Index Scan on k_5  (cost=0.00..5.43 rows=100 width=0)
	        Index Cond: ((k >= 3569640) AND (k <= 3569740))

table 6 : explain SELECT k, c FROM sbtest6 WHERE k BETWEEN 3569640 AND 3569740
	Bitmap Heap Scan on sbtest6  (cost=5.46..401.52 rows=100 width=125)
	  Recheck Cond: ((k >= 3569640) AND (k <= 3569740))
	  ->  Bitmap Index Scan on k_6  (cost=0.00..5.43 rows=100 width=0)
	        Index Cond: ((k >= 3569640) AND (k <= 3569740))

table 7 : explain SELECT k, c FROM sbtest7 WHERE k BETWEEN 3569640 AND 3569740
	Bitmap Heap Scan on sbtest7  (cost=5.45..397.58 rows=99 width=125)
	  Recheck Cond: ((k >= 3569640) AND (k <= 3569740))
	  ->  Bitmap Index Scan on k_7  (cost=0.00..5.42 rows=99 width=0)
	        Index Cond: ((k >= 3569640) AND (k <= 3569740))

table 8 : explain SELECT k, c FROM sbtest8 WHERE k BETWEEN 3569640 AND 3569740
	Bitmap Heap Scan on sbtest8  (cost=5.48..409.41 rows=102 width=125)
	  Recheck Cond: ((k >= 3569640) AND (k <= 3569740))
	  ->  Bitmap Index Scan on k_8  (cost=0.00..5.45 rows=102 width=0)
	        Index Cond: ((k >= 3569640) AND (k <= 3569740))

for range-notcovered
table 1 : explain SELECT k, c FROM sbtest1 WHERE k BETWEEN 3818532 AND 3818632
	Bitmap Heap Scan on sbtest1  (cost=5.47..405.38 rows=101 width=125)
	  Recheck Cond: ((k >= 3818532) AND (k <= 3818632))
	  ->  Bitmap Index Scan on k_1  (cost=0.00..5.44 rows=101 width=0)
	        Index Cond: ((k >= 3818532) AND (k <= 3818632))

table 2 : explain SELECT k, c FROM sbtest2 WHERE k BETWEEN 3818532 AND 3818632
	Bitmap Heap Scan on sbtest2  (cost=5.50..417.23 rows=104 width=125)
	  Recheck Cond: ((k >= 3818532) AND (k <= 3818632))
	  ->  Bitmap Index Scan on k_2  (cost=0.00..5.47 rows=104 width=0)
	        Index Cond: ((k >= 3818532) AND (k <= 3818632))

table 3 : explain SELECT k, c FROM sbtest3 WHERE k BETWEEN 3818532 AND 3818632
	Bitmap Heap Scan on sbtest3  (cost=5.50..417.24 rows=104 width=125)
	  Recheck Cond: ((k >= 3818532) AND (k <= 3818632))
	  ->  Bitmap Index Scan on k_3  (cost=0.00..5.47 rows=104 width=0)
	        Index Cond: ((k >= 3818532) AND (k <= 3818632))

table 4 : explain SELECT k, c FROM sbtest4 WHERE k BETWEEN 3818532 AND 3818632
	Bitmap Heap Scan on sbtest4  (cost=5.49..413.32 rows=103 width=125)
	  Recheck Cond: ((k >= 3818532) AND (k <= 3818632))
	  ->  Bitmap Index Scan on k_4  (cost=0.00..5.46 rows=103 width=0)
	        Index Cond: ((k >= 3818532) AND (k <= 3818632))

table 5 : explain SELECT k, c FROM sbtest5 WHERE k BETWEEN 3818532 AND 3818632
	Bitmap Heap Scan on sbtest5  (cost=5.45..397.56 rows=99 width=125)
	  Recheck Cond: ((k >= 3818532) AND (k <= 3818632))
	  ->  Bitmap Index Scan on k_5  (cost=0.00..5.42 rows=99 width=0)
	        Index Cond: ((k >= 3818532) AND (k <= 3818632))

table 6 : explain SELECT k, c FROM sbtest6 WHERE k BETWEEN 3818532 AND 3818632
	Bitmap Heap Scan on sbtest6  (cost=5.47..405.47 rows=101 width=125)
	  Recheck Cond: ((k >= 3818532) AND (k <= 3818632))
	  ->  Bitmap Index Scan on k_6  (cost=0.00..5.44 rows=101 width=0)
	        Index Cond: ((k >= 3818532) AND (k <= 3818632))

table 7 : explain SELECT k, c FROM sbtest7 WHERE k BETWEEN 3818532 AND 3818632
	Bitmap Heap Scan on sbtest7  (cost=5.50..417.29 rows=104 width=125)
	  Recheck Cond: ((k >= 3818532) AND (k <= 3818632))
	  ->  Bitmap Index Scan on k_7  (cost=0.00..5.47 rows=104 width=0)
	        Index Cond: ((k >= 3818532) AND (k <= 3818632))

table 8 : explain SELECT k, c FROM sbtest8 WHERE k BETWEEN 3818532 AND 3818632
	Bitmap Heap Scan on sbtest8  (cost=5.43..389.69 rows=97 width=125)
	  Recheck Cond: ((k >= 3818532) AND (k <= 3818632))
	  ->  Bitmap Index Scan on k_8  (cost=0.00..5.40 rows=97 width=0)
	        Index Cond: ((k >= 3818532) AND (k <= 3818632))

explain: for range-notcovered :: explain SELECT k, c FROM sbtest%d WHERE k BETWEEN 3818532 AND 3818632
for range-notcovered
table 1 : explain SELECT k, c FROM sbtest1 WHERE k BETWEEN 2168939 AND 2169039
	Bitmap Heap Scan on sbtest1  (cost=5.36..361.99 rows=90 width=125)
	  Recheck Cond: ((k >= 2168939) AND (k <= 2169039))
	  ->  Bitmap Index Scan on k_1  (cost=0.00..5.33 rows=90 width=0)
	        Index Cond: ((k >= 2168939) AND (k <= 2169039))

table 2 : explain SELECT k, c FROM sbtest2 WHERE k BETWEEN 2168939 AND 2169039
	Bitmap Heap Scan on sbtest2  (cost=5.44..393.58 rows=98 width=125)
	  Recheck Cond: ((k >= 2168939) AND (k <= 2169039))
	  ->  Bitmap Index Scan on k_2  (cost=0.00..5.42 rows=98 width=0)
	        Index Cond: ((k >= 2168939) AND (k <= 2169039))

table 3 : explain SELECT k, c FROM sbtest3 WHERE k BETWEEN 2168939 AND 2169039
	Bitmap Heap Scan on sbtest3  (cost=5.58..448.76 rows=112 width=125)
	  Recheck Cond: ((k >= 2168939) AND (k <= 2169039))
	  ->  Bitmap Index Scan on k_3  (cost=0.00..5.55 rows=112 width=0)
	        Index Cond: ((k >= 2168939) AND (k <= 2169039))

table 4 : explain SELECT k, c FROM sbtest4 WHERE k BETWEEN 2168939 AND 2169039
	Bitmap Heap Scan on sbtest4  (cost=5.41..381.77 rows=95 width=125)
	  Recheck Cond: ((k >= 2168939) AND (k <= 2169039))
	  ->  Bitmap Index Scan on k_4  (cost=0.00..5.38 rows=95 width=0)
	        Index Cond: ((k >= 2168939) AND (k <= 2169039))

table 5 : explain SELECT k, c FROM sbtest5 WHERE k BETWEEN 2168939 AND 2169039
	Bitmap Heap Scan on sbtest5  (cost=5.52..425.15 rows=106 width=125)
	  Recheck Cond: ((k >= 2168939) AND (k <= 2169039))
	  ->  Bitmap Index Scan on k_5  (cost=0.00..5.50 rows=106 width=0)
	        Index Cond: ((k >= 2168939) AND (k <= 2169039))

table 6 : explain SELECT k, c FROM sbtest6 WHERE k BETWEEN 2168939 AND 2169039
	Bitmap Heap Scan on sbtest6  (cost=5.57..444.88 rows=111 width=125)
	  Recheck Cond: ((k >= 2168939) AND (k <= 2169039))
	  ->  Bitmap Index Scan on k_6  (cost=0.00..5.54 rows=111 width=0)
	        Index Cond: ((k >= 2168939) AND (k <= 2169039))

table 7 : explain SELECT k, c FROM sbtest7 WHERE k BETWEEN 2168939 AND 2169039
	Bitmap Heap Scan on sbtest7  (cost=5.53..429.12 rows=107 width=125)
	  Recheck Cond: ((k >= 2168939) AND (k <= 2169039))
	  ->  Bitmap Index Scan on k_7  (cost=0.00..5.50 rows=107 width=0)
	        Index Cond: ((k >= 2168939) AND (k <= 2169039))

table 8 : explain SELECT k, c FROM sbtest8 WHERE k BETWEEN 2168939 AND 2169039
	Bitmap Heap Scan on sbtest8  (cost=5.61..460.63 rows=115 width=125)
	  Recheck Cond: ((k >= 2168939) AND (k <= 2169039))
	  ->  Bitmap Index Scan on k_8  (cost=0.00..5.58 rows=115 width=0)
	        Index Cond: ((k >= 2168939) AND (k <= 2169039))

explain: for range-notcovered :: explain SELECT k, c FROM sbtest%d WHERE k BETWEEN 2168939 AND 2169039
for range-notcovered
table 1 : explain SELECT k, c FROM sbtest1 WHERE k BETWEEN 6724376 AND 6724476
	Bitmap Heap Scan on sbtest1  (cost=5.51..421.14 rows=105 width=125)
	  Recheck Cond: ((k >= 6724376) AND (k <= 6724476))
	  ->  Bitmap Index Scan on k_1  (cost=0.00..5.48 rows=105 width=0)
	        Index Cond: ((k >= 6724376) AND (k <= 6724476))

table 2 : explain SELECT k, c FROM sbtest2 WHERE k BETWEEN 6724376 AND 6724476
	Bitmap Heap Scan on sbtest2  (cost=5.44..393.58 rows=98 width=125)
	  Recheck Cond: ((k >= 6724376) AND (k <= 6724476))
	  ->  Bitmap Index Scan on k_2  (cost=0.00..5.42 rows=98 width=0)
	        Index Cond: ((k >= 6724376) AND (k <= 6724476))

table 3 : explain SELECT k, c FROM sbtest3 WHERE k BETWEEN 6724376 AND 6724476
	Bitmap Heap Scan on sbtest3  (cost=5.50..417.24 rows=104 width=125)
	  Recheck Cond: ((k >= 6724376) AND (k <= 6724476))
	  ->  Bitmap Index Scan on k_3  (cost=0.00..5.47 rows=104 width=0)
	        Index Cond: ((k >= 6724376) AND (k <= 6724476))

table 4 : explain SELECT k, c FROM sbtest4 WHERE k BETWEEN 6724376 AND 6724476
	Bitmap Heap Scan on sbtest4  (cost=5.42..385.72 rows=96 width=125)
	  Recheck Cond: ((k >= 6724376) AND (k <= 6724476))
	  ->  Bitmap Index Scan on k_4  (cost=0.00..5.39 rows=96 width=0)
	        Index Cond: ((k >= 6724376) AND (k <= 6724476))

table 5 : explain SELECT k, c FROM sbtest5 WHERE k BETWEEN 6724376 AND 6724476
	Bitmap Heap Scan on sbtest5  (cost=5.47..405.44 rows=101 width=125)
	  Recheck Cond: ((k >= 6724376) AND (k <= 6724476))
	  ->  Bitmap Index Scan on k_5  (cost=0.00..5.44 rows=101 width=0)
	        Index Cond: ((k >= 6724376) AND (k <= 6724476))

table 6 : explain SELECT k, c FROM sbtest6 WHERE k BETWEEN 6724376 AND 6724476
	Bitmap Heap Scan on sbtest6  (cost=5.51..421.24 rows=105 width=125)
	  Recheck Cond: ((k >= 6724376) AND (k <= 6724476))
	  ->  Bitmap Index Scan on k_6  (cost=0.00..5.48 rows=105 width=0)
	        Index Cond: ((k >= 6724376) AND (k <= 6724476))

table 7 : explain SELECT k, c FROM sbtest7 WHERE k BETWEEN 6724376 AND 6724476
	Bitmap Heap Scan on sbtest7  (cost=5.46..401.52 rows=100 width=125)
	  Recheck Cond: ((k >= 6724376) AND (k <= 6724476))
	  ->  Bitmap Index Scan on k_7  (cost=0.00..5.43 rows=100 width=0)
	        Index Cond: ((k >= 6724376) AND (k <= 6724476))

table 8 : explain SELECT k, c FROM sbtest8 WHERE k BETWEEN 6724376 AND 6724476
	Bitmap Heap Scan on sbtest8  (cost=5.53..429.12 rows=107 width=125)
	  Recheck Cond: ((k >= 6724376) AND (k <= 6724476))
	  ->  Bitmap Index Scan on k_8  (cost=0.00..5.50 rows=107 width=0)
	        Index Cond: ((k >= 6724376) AND (k <= 6724476))

explain: for range-notcovered :: explain SELECT k, c FROM sbtest%d WHERE k BETWEEN 6724376 AND 6724476
for range-notcovered
table 1 : explain SELECT k, c FROM sbtest1 WHERE k BETWEEN 5662288 AND 5662388
	Bitmap Heap Scan on sbtest1  (cost=5.42..385.66 rows=96 width=125)
	  Recheck Cond: ((k >= 5662288) AND (k <= 5662388))
	  ->  Bitmap Index Scan on k_1  (cost=0.00..5.39 rows=96 width=0)
	        Index Cond: ((k >= 5662288) AND (k <= 5662388))

table 2 : explain SELECT k, c FROM sbtest2 WHERE k BETWEEN 5662288 AND 5662388
	Bitmap Heap Scan on sbtest2  (cost=5.40..377.80 rows=94 width=125)
	  Recheck Cond: ((k >= 5662288) AND (k <= 5662388))
	  ->  Bitmap Index Scan on k_2  (cost=0.00..5.38 rows=94 width=0)
	        Index Cond: ((k >= 5662288) AND (k <= 5662388))

table 3 : explain SELECT k, c FROM sbtest3 WHERE k BETWEEN 5662288 AND 5662388
	Bitmap Heap Scan on sbtest3  (cost=5.53..429.06 rows=107 width=125)
	  Recheck Cond: ((k >= 5662288) AND (k <= 5662388))
	  ->  Bitmap Index Scan on k_3  (cost=0.00..5.50 rows=107 width=0)
	        Index Cond: ((k >= 5662288) AND (k <= 5662388))

table 4 : explain SELECT k, c FROM sbtest4 WHERE k BETWEEN 5662288 AND 5662388
	Bitmap Heap Scan on sbtest4  (cost=5.55..436.97 rows=109 width=125)
	  Recheck Cond: ((k >= 5662288) AND (k <= 5662388))
	  ->  Bitmap Index Scan on k_4  (cost=0.00..5.52 rows=109 width=0)
	        Index Cond: ((k >= 5662288) AND (k <= 5662388))

table 5 : explain SELECT k, c FROM sbtest5 WHERE k BETWEEN 5662288 AND 5662388
	Bitmap Heap Scan on sbtest5  (cost=5.35..358.10 rows=89 width=125)
	  Recheck Cond: ((k >= 5662288) AND (k <= 5662388))
	  ->  Bitmap Index Scan on k_5  (cost=0.00..5.32 rows=89 width=0)
	        Index Cond: ((k >= 5662288) AND (k <= 5662388))

table 6 : explain SELECT k, c FROM sbtest6 WHERE k BETWEEN 5662288 AND 5662388
	Bitmap Heap Scan on sbtest6  (cost=5.41..381.80 rows=95 width=125)
	  Recheck Cond: ((k >= 5662288) AND (k <= 5662388))
	  ->  Bitmap Index Scan on k_6  (cost=0.00..5.38 rows=95 width=0)
	        Index Cond: ((k >= 5662288) AND (k <= 5662388))

table 7 : explain SELECT k, c FROM sbtest7 WHERE k BETWEEN 5662288 AND 5662388
	Bitmap Heap Scan on sbtest7  (cost=5.54..433.06 rows=108 width=125)
	  Recheck Cond: ((k >= 5662288) AND (k <= 5662388))
	  ->  Bitmap Index Scan on k_7  (cost=0.00..5.51 rows=108 width=0)
	        Index Cond: ((k >= 5662288) AND (k <= 5662388))

table 8 : explain SELECT k, c FROM sbtest8 WHERE k BETWEEN 5662288 AND 5662388
	Bitmap Heap Scan on sbtest8  (cost=5.46..401.52 rows=100 width=125)
	  Recheck Cond: ((k >= 5662288) AND (k <= 5662388))
	  ->  Bitmap Index Scan on k_8  (cost=0.00..5.43 rows=100 width=0)
	        Index Cond: ((k >= 5662288) AND (k <= 5662388))

for range-notcovered
table 1 : explain SELECT k, c FROM sbtest1 WHERE k BETWEEN 8370214 AND 8370314
	Bitmap Heap Scan on sbtest1  (cost=5.51..421.14 rows=105 width=125)
	  Recheck Cond: ((k >= 8370214) AND (k <= 8370314))
	  ->  Bitmap Index Scan on k_1  (cost=0.00..5.48 rows=105 width=0)
	        Index Cond: ((k >= 8370214) AND (k <= 8370314))

table 2 : explain SELECT k, c FROM sbtest2 WHERE k BETWEEN 8370214 AND 8370314
	Bitmap Heap Scan on sbtest2  (cost=5.50..417.23 rows=104 width=125)
	  Recheck Cond: ((k >= 8370214) AND (k <= 8370314))
	  ->  Bitmap Index Scan on k_2  (cost=0.00..5.47 rows=104 width=0)
	        Index Cond: ((k >= 8370214) AND (k <= 8370314))

table 3 : explain SELECT k, c FROM sbtest3 WHERE k BETWEEN 8370214 AND 8370314
	Bitmap Heap Scan on sbtest3  (cost=5.44..393.58 rows=98 width=125)
	  Recheck Cond: ((k >= 8370214) AND (k <= 8370314))
	  ->  Bitmap Index Scan on k_3  (cost=0.00..5.42 rows=98 width=0)
	        Index Cond: ((k >= 8370214) AND (k <= 8370314))

table 4 : explain SELECT k, c FROM sbtest4 WHERE k BETWEEN 8370214 AND 8370314
	Bitmap Heap Scan on sbtest4  (cost=5.44..393.61 rows=98 width=125)
	  Recheck Cond: ((k >= 8370214) AND (k <= 8370314))
	  ->  Bitmap Index Scan on k_4  (cost=0.00..5.42 rows=98 width=0)
	        Index Cond: ((k >= 8370214) AND (k <= 8370314))

table 5 : explain SELECT k, c FROM sbtest5 WHERE k BETWEEN 8370214 AND 8370314
	Bitmap Heap Scan on sbtest5  (cost=5.46..401.50 rows=100 width=125)
	  Recheck Cond: ((k >= 8370214) AND (k <= 8370314))
	  ->  Bitmap Index Scan on k_5  (cost=0.00..5.43 rows=100 width=0)
	        Index Cond: ((k >= 8370214) AND (k <= 8370314))

table 6 : explain SELECT k, c FROM sbtest6 WHERE k BETWEEN 8370214 AND 8370314
	Bitmap Heap Scan on sbtest6  (cost=5.51..421.24 rows=105 width=125)
	  Recheck Cond: ((k >= 8370214) AND (k <= 8370314))
	  ->  Bitmap Index Scan on k_6  (cost=0.00..5.48 rows=105 width=0)
	        Index Cond: ((k >= 8370214) AND (k <= 8370314))

table 7 : explain SELECT k, c FROM sbtest7 WHERE k BETWEEN 8370214 AND 8370314
	Bitmap Heap Scan on sbtest7  (cost=5.46..401.52 rows=100 width=125)
	  Recheck Cond: ((k >= 8370214) AND (k <= 8370314))
	  ->  Bitmap Index Scan on k_7  (cost=0.00..5.43 rows=100 width=0)
	        Index Cond: ((k >= 8370214) AND (k <= 8370314))

table 8 : explain SELECT k, c FROM sbtest8 WHERE k BETWEEN 8370214 AND 8370314
	Bitmap Heap Scan on sbtest8  (cost=5.58..448.82 rows=112 width=125)
	  Recheck Cond: ((k >= 8370214) AND (k <= 8370314))
	  ->  Bitmap Index Scan on k_8  (cost=0.00..5.55 rows=112 width=0)
	        Index Cond: ((k >= 8370214) AND (k <= 8370314))

for range-notcovered
table 1 : explain SELECT k, c FROM sbtest1 WHERE k BETWEEN 4209613 AND 4209713
	Bitmap Heap Scan on sbtest1  (cost=5.46..401.43 rows=100 width=125)
	  Recheck Cond: ((k >= 4209613) AND (k <= 4209713))
	  ->  Bitmap Index Scan on k_1  (cost=0.00..5.43 rows=100 width=0)
	        Index Cond: ((k >= 4209613) AND (k <= 4209713))

table 2 : explain SELECT k, c FROM sbtest2 WHERE k BETWEEN 4209613 AND 4209713
	Bitmap Heap Scan on sbtest2  (cost=5.48..409.35 rows=102 width=125)
	  Recheck Cond: ((k >= 4209613) AND (k <= 4209713))
	  ->  Bitmap Index Scan on k_2  (cost=0.00..5.45 rows=102 width=0)
	        Index Cond: ((k >= 4209613) AND (k <= 4209713))

table 3 : explain SELECT k, c FROM sbtest3 WHERE k BETWEEN 4209613 AND 4209713
	Bitmap Heap Scan on sbtest3  (cost=5.40..377.81 rows=94 width=125)
	  Recheck Cond: ((k >= 4209613) AND (k <= 4209713))
	  ->  Bitmap Index Scan on k_3  (cost=0.00..5.38 rows=94 width=0)
	        Index Cond: ((k >= 4209613) AND (k <= 4209713))

table 4 : explain SELECT k, c FROM sbtest4 WHERE k BETWEEN 4209613 AND 4209713
	Bitmap Heap Scan on sbtest4  (cost=5.48..409.38 rows=102 width=125)
	  Recheck Cond: ((k >= 4209613) AND (k <= 4209713))
	  ->  Bitmap Index Scan on k_4  (cost=0.00..5.45 rows=102 width=0)
	        Index Cond: ((k >= 4209613) AND (k <= 4209713))

table 5 : explain SELECT k, c FROM sbtest5 WHERE k BETWEEN 4209613 AND 4209713
	Bitmap Heap Scan on sbtest5  (cost=5.42..385.72 rows=96 width=125)
	  Recheck Cond: ((k >= 4209613) AND (k <= 4209713))
	  ->  Bitmap Index Scan on k_5  (cost=0.00..5.39 rows=96 width=0)
	        Index Cond: ((k >= 4209613) AND (k <= 4209713))

table 6 : explain SELECT k, c FROM sbtest6 WHERE k BETWEEN 4209613 AND 4209713
	Bitmap Heap Scan on sbtest6  (cost=5.50..417.29 rows=104 width=125)
	  Recheck Cond: ((k >= 4209613) AND (k <= 4209713))
	  ->  Bitmap Index Scan on k_6  (cost=0.00..5.47 rows=104 width=0)
	        Index Cond: ((k >= 4209613) AND (k <= 4209713))

table 7 : explain SELECT k, c FROM sbtest7 WHERE k BETWEEN 4209613 AND 4209713
	Bitmap Heap Scan on sbtest7  (cost=5.46..401.52 rows=100 width=125)
	  Recheck Cond: ((k >= 4209613) AND (k <= 4209713))
	  ->  Bitmap Index Scan on k_7  (cost=0.00..5.43 rows=100 width=0)
	        Index Cond: ((k >= 4209613) AND (k <= 4209713))

table 8 : explain SELECT k, c FROM sbtest8 WHERE k BETWEEN 4209613 AND 4209713
	Bitmap Heap Scan on sbtest8  (cost=5.57..444.88 rows=111 width=125)
	  Recheck Cond: ((k >= 4209613) AND (k <= 4209713))
	  ->  Bitmap Index Scan on k_8  (cost=0.00..5.54 rows=111 width=0)
	        Index Cond: ((k >= 4209613) AND (k <= 4209713))

for range-notcovered
table 1 : explain SELECT k, c FROM sbtest1 WHERE k BETWEEN 3169993 AND 3170093
	Bitmap Heap Scan on sbtest1  (cost=5.45..397.49 rows=99 width=125)
	  Recheck Cond: ((k >= 3169993) AND (k <= 3170093))
	  ->  Bitmap Index Scan on k_1  (cost=0.00..5.42 rows=99 width=0)
	        Index Cond: ((k >= 3169993) AND (k <= 3170093))

table 2 : explain SELECT k, c FROM sbtest2 WHERE k BETWEEN 3169993 AND 3170093
	Bitmap Heap Scan on sbtest2  (cost=5.42..385.69 rows=96 width=125)
	  Recheck Cond: ((k >= 3169993) AND (k <= 3170093))
	  ->  Bitmap Index Scan on k_2  (cost=0.00..5.39 rows=96 width=0)
	        Index Cond: ((k >= 3169993) AND (k <= 3170093))

table 3 : explain SELECT k, c FROM sbtest3 WHERE k BETWEEN 3169993 AND 3170093
	Bitmap Heap Scan on sbtest3  (cost=5.56..440.88 rows=110 width=125)
	  Recheck Cond: ((k >= 3169993) AND (k <= 3170093))
	  ->  Bitmap Index Scan on k_3  (cost=0.00..5.53 rows=110 width=0)
	        Index Cond: ((k >= 3169993) AND (k <= 3170093))

table 4 : explain SELECT k, c FROM sbtest4 WHERE k BETWEEN 3169993 AND 3170093
	Bitmap Heap Scan on sbtest4  (cost=5.53..429.09 rows=107 width=125)
	  Recheck Cond: ((k >= 3169993) AND (k <= 3170093))
	  ->  Bitmap Index Scan on k_4  (cost=0.00..5.50 rows=107 width=0)
	        Index Cond: ((k >= 3169993) AND (k <= 3170093))

table 5 : explain SELECT k, c FROM sbtest5 WHERE k BETWEEN 3169993 AND 3170093
	Bitmap Heap Scan on sbtest5  (cost=5.42..385.72 rows=96 width=125)
	  Recheck Cond: ((k >= 3169993) AND (k <= 3170093))
	  ->  Bitmap Index Scan on k_5  (cost=0.00..5.39 rows=96 width=0)
	        Index Cond: ((k >= 3169993) AND (k <= 3170093))

table 6 : explain SELECT k, c FROM sbtest6 WHERE k BETWEEN 3169993 AND 3170093
	Bitmap Heap Scan on sbtest6  (cost=5.38..369.96 rows=92 width=125)
	  Recheck Cond: ((k >= 3169993) AND (k <= 3170093))
	  ->  Bitmap Index Scan on k_6  (cost=0.00..5.35 rows=92 width=0)
	        Index Cond: ((k >= 3169993) AND (k <= 3170093))

table 7 : explain SELECT k, c FROM sbtest7 WHERE k BETWEEN 3169993 AND 3170093
	Bitmap Heap Scan on sbtest7  (cost=5.47..405.46 rows=101 width=125)
	  Recheck Cond: ((k >= 3169993) AND (k <= 3170093))
	  ->  Bitmap Index Scan on k_7  (cost=0.00..5.44 rows=101 width=0)
	        Index Cond: ((k >= 3169993) AND (k <= 3170093))

table 8 : explain SELECT k, c FROM sbtest8 WHERE k BETWEEN 3169993 AND 3170093
	Bitmap Heap Scan on sbtest8  (cost=5.47..405.47 rows=101 width=125)
	  Recheck Cond: ((k >= 3169993) AND (k <= 3170093))
	  ->  Bitmap Index Scan on k_8  (cost=0.00..5.44 rows=101 width=0)
	        Index Cond: ((k >= 3169993) AND (k <= 3170093))

for range-notcovered
table 1 : explain SELECT k, c FROM sbtest1 WHERE k BETWEEN 2168939 AND 2169039
	Bitmap Heap Scan on sbtest1  (cost=5.36..361.99 rows=90 width=125)
	  Recheck Cond: ((k >= 2168939) AND (k <= 2169039))
	  ->  Bitmap Index Scan on k_1  (cost=0.00..5.33 rows=90 width=0)
	        Index Cond: ((k >= 2168939) AND (k <= 2169039))

table 2 : explain SELECT k, c FROM sbtest2 WHERE k BETWEEN 2168939 AND 2169039
	Bitmap Heap Scan on sbtest2  (cost=5.44..393.58 rows=98 width=125)
	  Recheck Cond: ((k >= 2168939) AND (k <= 2169039))
	  ->  Bitmap Index Scan on k_2  (cost=0.00..5.42 rows=98 width=0)
	        Index Cond: ((k >= 2168939) AND (k <= 2169039))

table 3 : explain SELECT k, c FROM sbtest3 WHERE k BETWEEN 2168939 AND 2169039
	Bitmap Heap Scan on sbtest3  (cost=5.58..448.76 rows=112 width=125)
	  Recheck Cond: ((k >= 2168939) AND (k <= 2169039))
	  ->  Bitmap Index Scan on k_3  (cost=0.00..5.55 rows=112 width=0)
	        Index Cond: ((k >= 2168939) AND (k <= 2169039))

table 4 : explain SELECT k, c FROM sbtest4 WHERE k BETWEEN 2168939 AND 2169039
	Bitmap Heap Scan on sbtest4  (cost=5.41..381.77 rows=95 width=125)
	  Recheck Cond: ((k >= 2168939) AND (k <= 2169039))
	  ->  Bitmap Index Scan on k_4  (cost=0.00..5.38 rows=95 width=0)
	        Index Cond: ((k >= 2168939) AND (k <= 2169039))

table 5 : explain SELECT k, c FROM sbtest5 WHERE k BETWEEN 2168939 AND 2169039
	Bitmap Heap Scan on sbtest5  (cost=5.52..425.15 rows=106 width=125)
	  Recheck Cond: ((k >= 2168939) AND (k <= 2169039))
	  ->  Bitmap Index Scan on k_5  (cost=0.00..5.50 rows=106 width=0)
	        Index Cond: ((k >= 2168939) AND (k <= 2169039))

table 6 : explain SELECT k, c FROM sbtest6 WHERE k BETWEEN 2168939 AND 2169039
	Bitmap Heap Scan on sbtest6  (cost=5.57..444.88 rows=111 width=125)
	  Recheck Cond: ((k >= 2168939) AND (k <= 2169039))
	  ->  Bitmap Index Scan on k_6  (cost=0.00..5.54 rows=111 width=0)
	        Index Cond: ((k >= 2168939) AND (k <= 2169039))

table 7 : explain SELECT k, c FROM sbtest7 WHERE k BETWEEN 2168939 AND 2169039
	Bitmap Heap Scan on sbtest7  (cost=5.53..429.12 rows=107 width=125)
	  Recheck Cond: ((k >= 2168939) AND (k <= 2169039))
	  ->  Bitmap Index Scan on k_7  (cost=0.00..5.50 rows=107 width=0)
	        Index Cond: ((k >= 2168939) AND (k <= 2169039))

table 8 : explain SELECT k, c FROM sbtest8 WHERE k BETWEEN 2168939 AND 2169039
	Bitmap Heap Scan on sbtest8  (cost=5.61..460.63 rows=115 width=125)
	  Recheck Cond: ((k >= 2168939) AND (k <= 2169039))
	  ->  Bitmap Index Scan on k_8  (cost=0.00..5.58 rows=115 width=0)
	        Index Cond: ((k >= 2168939) AND (k <= 2169039))

for range-notcovered
table 1 : explain SELECT k, c FROM sbtest1 WHERE k BETWEEN 3818532 AND 3818632
	Bitmap Heap Scan on sbtest1  (cost=5.47..405.38 rows=101 width=125)
	  Recheck Cond: ((k >= 3818532) AND (k <= 3818632))
	  ->  Bitmap Index Scan on k_1  (cost=0.00..5.44 rows=101 width=0)
	        Index Cond: ((k >= 3818532) AND (k <= 3818632))

table 2 : explain SELECT k, c FROM sbtest2 WHERE k BETWEEN 3818532 AND 3818632
	Bitmap Heap Scan on sbtest2  (cost=5.50..417.23 rows=104 width=125)
	  Recheck Cond: ((k >= 3818532) AND (k <= 3818632))
	  ->  Bitmap Index Scan on k_2  (cost=0.00..5.47 rows=104 width=0)
	        Index Cond: ((k >= 3818532) AND (k <= 3818632))

table 3 : explain SELECT k, c FROM sbtest3 WHERE k BETWEEN 3818532 AND 3818632
	Bitmap Heap Scan on sbtest3  (cost=5.50..417.24 rows=104 width=125)
	  Recheck Cond: ((k >= 3818532) AND (k <= 3818632))
	  ->  Bitmap Index Scan on k_3  (cost=0.00..5.47 rows=104 width=0)
	        Index Cond: ((k >= 3818532) AND (k <= 3818632))

table 4 : explain SELECT k, c FROM sbtest4 WHERE k BETWEEN 3818532 AND 3818632
	Bitmap Heap Scan on sbtest4  (cost=5.49..413.32 rows=103 width=125)
	  Recheck Cond: ((k >= 3818532) AND (k <= 3818632))
	  ->  Bitmap Index Scan on k_4  (cost=0.00..5.46 rows=103 width=0)
	        Index Cond: ((k >= 3818532) AND (k <= 3818632))

table 5 : explain SELECT k, c FROM sbtest5 WHERE k BETWEEN 3818532 AND 3818632
	Bitmap Heap Scan on sbtest5  (cost=5.45..397.56 rows=99 width=125)
	  Recheck Cond: ((k >= 3818532) AND (k <= 3818632))
	  ->  Bitmap Index Scan on k_5  (cost=0.00..5.42 rows=99 width=0)
	        Index Cond: ((k >= 3818532) AND (k <= 3818632))

table 6 : explain SELECT k, c FROM sbtest6 WHERE k BETWEEN 3818532 AND 3818632
	Bitmap Heap Scan on sbtest6  (cost=5.47..405.47 rows=101 width=125)
	  Recheck Cond: ((k >= 3818532) AND (k <= 3818632))
	  ->  Bitmap Index Scan on k_6  (cost=0.00..5.44 rows=101 width=0)
	        Index Cond: ((k >= 3818532) AND (k <= 3818632))

table 7 : explain SELECT k, c FROM sbtest7 WHERE k BETWEEN 3818532 AND 3818632
	Bitmap Heap Scan on sbtest7  (cost=5.50..417.29 rows=104 width=125)
	  Recheck Cond: ((k >= 3818532) AND (k <= 3818632))
	  ->  Bitmap Index Scan on k_7  (cost=0.00..5.47 rows=104 width=0)
	        Index Cond: ((k >= 3818532) AND (k <= 3818632))

table 8 : explain SELECT k, c FROM sbtest8 WHERE k BETWEEN 3818532 AND 3818632
	Bitmap Heap Scan on sbtest8  (cost=5.43..389.69 rows=97 width=125)
	  Recheck Cond: ((k >= 3818532) AND (k <= 3818632))
	  ->  Bitmap Index Scan on k_8  (cost=0.00..5.40 rows=97 width=0)
	        Index Cond: ((k >= 3818532) AND (k <= 3818632))

for range-notcovered
table 1 : explain SELECT k, c FROM sbtest1 WHERE k BETWEEN 6724376 AND 6724476
	Bitmap Heap Scan on sbtest1  (cost=5.51..421.14 rows=105 width=125)
	  Recheck Cond: ((k >= 6724376) AND (k <= 6724476))
	  ->  Bitmap Index Scan on k_1  (cost=0.00..5.48 rows=105 width=0)
	        Index Cond: ((k >= 6724376) AND (k <= 6724476))

table 2 : explain SELECT k, c FROM sbtest2 WHERE k BETWEEN 6724376 AND 6724476
	Bitmap Heap Scan on sbtest2  (cost=5.44..393.58 rows=98 width=125)
	  Recheck Cond: ((k >= 6724376) AND (k <= 6724476))
	  ->  Bitmap Index Scan on k_2  (cost=0.00..5.42 rows=98 width=0)
	        Index Cond: ((k >= 6724376) AND (k <= 6724476))

table 3 : explain SELECT k, c FROM sbtest3 WHERE k BETWEEN 6724376 AND 6724476
	Bitmap Heap Scan on sbtest3  (cost=5.50..417.24 rows=104 width=125)
	  Recheck Cond: ((k >= 6724376) AND (k <= 6724476))
	  ->  Bitmap Index Scan on k_3  (cost=0.00..5.47 rows=104 width=0)
	        Index Cond: ((k >= 6724376) AND (k <= 6724476))

table 4 : explain SELECT k, c FROM sbtest4 WHERE k BETWEEN 6724376 AND 6724476
	Bitmap Heap Scan on sbtest4  (cost=5.42..385.72 rows=96 width=125)
	  Recheck Cond: ((k >= 6724376) AND (k <= 6724476))
	  ->  Bitmap Index Scan on k_4  (cost=0.00..5.39 rows=96 width=0)
	        Index Cond: ((k >= 6724376) AND (k <= 6724476))

table 5 : explain SELECT k, c FROM sbtest5 WHERE k BETWEEN 6724376 AND 6724476
	Bitmap Heap Scan on sbtest5  (cost=5.47..405.44 rows=101 width=125)
	  Recheck Cond: ((k >= 6724376) AND (k <= 6724476))
	  ->  Bitmap Index Scan on k_5  (cost=0.00..5.44 rows=101 width=0)
	        Index Cond: ((k >= 6724376) AND (k <= 6724476))

table 6 : explain SELECT k, c FROM sbtest6 WHERE k BETWEEN 6724376 AND 6724476
	Bitmap Heap Scan on sbtest6  (cost=5.51..421.24 rows=105 width=125)
	  Recheck Cond: ((k >= 6724376) AND (k <= 6724476))
	  ->  Bitmap Index Scan on k_6  (cost=0.00..5.48 rows=105 width=0)
	        Index Cond: ((k >= 6724376) AND (k <= 6724476))

table 7 : explain SELECT k, c FROM sbtest7 WHERE k BETWEEN 6724376 AND 6724476
	Bitmap Heap Scan on sbtest7  (cost=5.46..401.52 rows=100 width=125)
	  Recheck Cond: ((k >= 6724376) AND (k <= 6724476))
	  ->  Bitmap Index Scan on k_7  (cost=0.00..5.43 rows=100 width=0)
	        Index Cond: ((k >= 6724376) AND (k <= 6724476))

table 8 : explain SELECT k, c FROM sbtest8 WHERE k BETWEEN 6724376 AND 6724476
	Bitmap Heap Scan on sbtest8  (cost=5.53..429.12 rows=107 width=125)
	  Recheck Cond: ((k >= 6724376) AND (k <= 6724476))
	  ->  Bitmap Index Scan on k_8  (cost=0.00..5.50 rows=107 width=0)
	        Index Cond: ((k >= 6724376) AND (k <= 6724476))

Threads started!

Warming up for 5 seconds...

SQL statistics:
    queries performed:
        read:                            102400086
        write:                           0
        other:                           0
        total:                           102400086
    transactions:                        102400086 (162538.20 per sec.)
    queries:                             102400086 (162538.20 per sec.)
    ignored errors:                      0      (0.00 per sec.)
    reconnects:                          0      (0.00 per sec.)

Throughput:
    events/s (eps):                      162538.2034
    time elapsed:                        630.0064s
    total number of events:              102400086

Latency (ms):
         min:                                    0.08
         avg:                                    0.25
         max:                                   16.36
         95th percentile:                        0.28
         sum:                             25157244.94

Threads fairness:
    events (avg/stddev):           2559998.9750/5769.98
    execution time (avg/stddev):   628.9311/0.02

