LUA_PATH=/home/mdcallag/git/mytools/bench/sysbench.lua/lua/?.lua /home/mdcallag/git/mytools/bench/sysbench.lua/lua/sysbench --db-driver=pgsql --range-size=100 --table-size=10000000 --tables=8 --threads=40 --events=0 --warmup-time=5 --time=930 --pgsql_conn_id=true /home/mdcallag/git/mytools/bench/sysbench.lua/lua/oltp_read_write.lua run --pgsql-user=root --pgsql-password=pw --pgsql-host=127.0.0.1 --pgsql-db=ib --rand-type=uniform
48 CPUs
sysbench 1.1.0-9072687 (using bundled LuaJIT 2.1.0-beta3)

Running the test with following options:
Number of threads: 40
Warmup time: 5s
Initializing random number generator from current time


Initializing worker threads...

explain: for point_selects :: explain SELECT c FROM sbtest%u WHERE id=%u
explain: for point_selects :: explain SELECT c FROM sbtest%u WHERE id=%u
explain: for point_selects :: explain SELECT c FROM sbtest%u WHERE id=%u
explain: for point_selects :: explain SELECT c FROM sbtest%u WHERE id=%u
explain: for point_selects :: explain SELECT c FROM sbtest%u WHERE id=%u
explain: for point_selects :: explain SELECT c FROM sbtest%u WHERE id=%u
explain: for point_selects :: explain SELECT c FROM sbtest%u WHERE id=%u
for point_selects
table 1 : explain SELECT c FROM sbtest1 WHERE id=9772167
	Index Scan using sbtest1_pkey on sbtest1  (cost=0.43..8.45 rows=1 width=121)
	  Index Cond: (id = 9772167)

table 2 : explain SELECT c FROM sbtest2 WHERE id=9997336
	Index Scan using sbtest2_pkey on sbtest2  (cost=0.43..8.45 rows=1 width=121)
	  Index Cond: (id = 9997336)

table 3 : explain SELECT c FROM sbtest3 WHERE id=1708658
	Index Scan using sbtest3_pkey on sbtest3  (cost=0.43..8.45 rows=1 width=121)
	  Index Cond: (id = 1708658)

table 4 : explain SELECT c FROM sbtest4 WHERE id=2363548
	Index Scan using sbtest4_pkey on sbtest4  (cost=0.43..8.45 rows=1 width=121)
	  Index Cond: (id = 2363548)

table 5 : explain SELECT c FROM sbtest5 WHERE id=174418
	Index Scan using sbtest5_pkey on sbtest5  (cost=0.43..8.45 rows=1 width=121)
	  Index Cond: (id = 174418)

table 6 : explain SELECT c FROM sbtest6 WHERE id=3825539
	Index Scan using sbtest6_pkey on sbtest6  (cost=0.43..8.45 rows=1 width=121)
	  Index Cond: (id = 3825539)

table 7 : explain SELECT c FROM sbtest7 WHERE id=21979
	Index Scan using sbtest7_pkey on sbtest7  (cost=0.43..8.45 rows=1 width=121)
	  Index Cond: (id = 21979)

table 8 : explain SELECT c FROM sbtest8 WHERE id=6845002
	Index Scan using sbtest8_pkey on sbtest8  (cost=0.43..8.45 rows=1 width=121)
	  Index Cond: (id = 6845002)

explain: for point_selects :: explain SELECT c FROM sbtest%u WHERE id=%u
for point_selects
table 1 : explain SELECT c FROM sbtest1 WHERE id=2531811
	Index Scan using sbtest1_pkey on sbtest1  (cost=0.43..8.45 rows=1 width=121)
	  Index Cond: (id = 2531811)

table 2 : explain SELECT c FROM sbtest2 WHERE id=520768
	Index Scan using sbtest2_pkey on sbtest2  (cost=0.43..8.45 rows=1 width=121)
	  Index Cond: (id = 520768)

table 3 : explain SELECT c FROM sbtest3 WHERE id=1204279
	Index Scan using sbtest3_pkey on sbtest3  (cost=0.43..8.45 rows=1 width=121)
	  Index Cond: (id = 1204279)

table 4 : explain SELECT c FROM sbtest4 WHERE id=6011769
	Index Scan using sbtest4_pkey on sbtest4  (cost=0.43..8.45 rows=1 width=121)
	  Index Cond: (id = 6011769)

table 5 : explain SELECT c FROM sbtest5 WHERE id=523473
	Index Scan using sbtest5_pkey on sbtest5  (cost=0.43..8.45 rows=1 width=121)
	  Index Cond: (id = 523473)

table 6 : explain SELECT c FROM sbtest6 WHERE id=4628833
	Index Scan using sbtest6_pkey on sbtest6  (cost=0.43..8.45 rows=1 width=121)
	  Index Cond: (id = 4628833)

table 7 : explain SELECT c FROM sbtest7 WHERE id=2361327
	Index Scan using sbtest7_pkey on sbtest7  (cost=0.43..8.45 rows=1 width=121)
	  Index Cond: (id = 2361327)

table 8 : explain SELECT c FROM sbtest8 WHERE id=4946884
	Index Scan using sbtest8_pkey on sbtest8  (cost=0.43..8.45 rows=1 width=121)
	  Index Cond: (id = 4946884)

for point_selects
table 1 : explain SELECT c FROM sbtest1 WHERE id=6449552
	Index Scan using sbtest1_pkey on sbtest1  (cost=0.43..8.45 rows=1 width=121)
	  Index Cond: (id = 6449552)

table 2 : explain SELECT c FROM sbtest2 WHERE id=4195774
	Index Scan using sbtest2_pkey on sbtest2  (cost=0.43..8.45 rows=1 width=121)
	  Index Cond: (id = 4195774)

table 3 : explain SELECT c FROM sbtest3 WHERE id=4735450
	Index Scan using sbtest3_pkey on sbtest3  (cost=0.43..8.45 rows=1 width=121)
	  Index Cond: (id = 4735450)

table 4 : explain SELECT c FROM sbtest4 WHERE id=9302970
	Index Scan using sbtest4_pkey on sbtest4  (cost=0.43..8.45 rows=1 width=121)
	  Index Cond: (id = 9302970)

table 5 : explain SELECT c FROM sbtest5 WHERE id=1905394
	Index Scan using sbtest5_pkey on sbtest5  (cost=0.43..8.45 rows=1 width=121)
	  Index Cond: (id = 1905394)

table 6 : explain SELECT c FROM sbtest6 WHERE id=69137
	Index Scan using sbtest6_pkey on sbtest6  (cost=0.43..8.45 rows=1 width=121)
	  Index Cond: (id = 69137)

table 7 : explain SELECT c FROM sbtest7 WHERE id=9143459
	Index Scan using sbtest7_pkey on sbtest7  (cost=0.43..8.45 rows=1 width=121)
	  Index Cond: (id = 9143459)

table 8 : explain SELECT c FROM sbtest8 WHERE id=7184283
	Index Scan using sbtest8_pkey on sbtest8  (cost=0.43..8.45 rows=1 width=121)
	  Index Cond: (id = 7184283)

for point_selects
table 1 : explain SELECT c FROM sbtest1 WHERE id=1337573
	Index Scan using sbtest1_pkey on sbtest1  (cost=0.43..8.45 rows=1 width=121)
	  Index Cond: (id = 1337573)

table 2 : explain SELECT c FROM sbtest2 WHERE id=5223555
	Index Scan using sbtest2_pkey on sbtest2  (cost=0.43..8.45 rows=1 width=121)
	  Index Cond: (id = 5223555)

table 3 : explain SELECT c FROM sbtest3 WHERE id=6812918
	Index Scan using sbtest3_pkey on sbtest3  (cost=0.43..8.45 rows=1 width=121)
	  Index Cond: (id = 6812918)

table 4 : explain SELECT c FROM sbtest4 WHERE id=3994103
	Index Scan using sbtest4_pkey on sbtest4  (cost=0.43..8.45 rows=1 width=121)
	  Index Cond: (id = 3994103)

table 5 : explain SELECT c FROM sbtest5 WHERE id=1487131
	Index Scan using sbtest5_pkey on sbtest5  (cost=0.43..8.45 rows=1 width=121)
	  Index Cond: (id = 1487131)

table 6 : explain SELECT c FROM sbtest6 WHERE id=5815238
	Index Scan using sbtest6_pkey on sbtest6  (cost=0.43..8.45 rows=1 width=121)
	  Index Cond: (id = 5815238)

table 7 : explain SELECT c FROM sbtest7 WHERE id=349989
	Index Scan using sbtest7_pkey on sbtest7  (cost=0.43..8.45 rows=1 width=121)
	  Index Cond: (id = 349989)

table 8 : explain SELECT c FROM sbtest8 WHERE id=236646
	Index Scan using sbtest8_pkey on sbtest8  (cost=0.43..8.45 rows=1 width=121)
	  Index Cond: (id = 236646)

for: simple_ranges
table 1 : explain SELECT c FROM sbtest1 WHERE id BETWEEN 8589235 AND 8589334
	Index Scan using sbtest1_pkey on sbtest1  (cost=0.43..370.12 rows=94 width=121)
	  Index Cond: ((id >= 8589235) AND (id <= 8589334))

table 2 : explain SELECT c FROM sbtest2 WHERE id BETWEEN 1877853 AND 1877952
	Index Scan using sbtest2_pkey on sbtest2  (cost=0.43..384.69 rows=98 width=121)
	  Index Cond: ((id >= 1877853) AND (id <= 1877952))

table 3 : explain SELECT c FROM sbtest3 WHERE id BETWEEN 1818873 AND 1818972
	Index Scan using sbtest3_pkey on sbtest3  (cost=0.43..396.14 rows=101 width=121)
	  Index Cond: ((id >= 1818873) AND (id <= 1818972))

table 4 : explain SELECT c FROM sbtest4 WHERE id BETWEEN 9371598 AND 9371697
	Index Scan using sbtest4_pkey on sbtest4  (cost=0.43..380.77 rows=97 width=121)
	  Index Cond: ((id >= 9371598) AND (id <= 9371697))

table 5 : explain SELECT c FROM sbtest5 WHERE id BETWEEN 3231680 AND 3231779
	Index Scan using sbtest5_pkey on sbtest5  (cost=0.43..391.55 rows=100 width=121)
	  Index Cond: ((id >= 3231680) AND (id <= 3231779))

table 6 : explain SELECT c FROM sbtest6 WHERE id BETWEEN 3050685 AND 3050784
	Index Scan using sbtest6_pkey on sbtest6  (cost=0.43..392.06 rows=100 width=121)
	  Index Cond: ((id >= 3050685) AND (id <= 3050784))

table 7 : explain SELECT c FROM sbtest7 WHERE id BETWEEN 495389 AND 495488
	Index Scan using sbtest7_pkey on sbtest7  (cost=0.43..385.28 rows=98 width=121)
	  Index Cond: ((id >= 495389) AND (id <= 495488))

table 8 : explain SELECT c FROM sbtest8 WHERE id BETWEEN 2368985 AND 2369084
	Index Scan using sbtest8_pkey on sbtest8  (cost=0.43..376.98 rows=96 width=121)
	  Index Cond: ((id >= 2368985) AND (id <= 2369084))

for: simple_ranges
table 1 : explain SELECT c FROM sbtest1 WHERE id BETWEEN 2168898 AND 2168997
	Index Scan using sbtest1_pkey on sbtest1  (cost=0.43..385.67 rows=98 width=121)
	  Index Cond: ((id >= 2168898) AND (id <= 2168997))

table 2 : explain SELECT c FROM sbtest2 WHERE id BETWEEN 78705 AND 78804
	Index Scan using sbtest2_pkey on sbtest2  (cost=0.43..396.36 rows=101 width=121)
	  Index Cond: ((id >= 78705) AND (id <= 78804))

table 3 : explain SELECT c FROM sbtest3 WHERE id BETWEEN 5590427 AND 5590526
	Index Scan using sbtest3_pkey on sbtest3  (cost=0.43..396.14 rows=101 width=121)
	  Index Cond: ((id >= 5590427) AND (id <= 5590526))

table 4 : explain SELECT c FROM sbtest4 WHERE id BETWEEN 2796137 AND 2796236
	Index Scan using sbtest4_pkey on sbtest4  (cost=0.43..407.95 rows=104 width=121)
	  Index Cond: ((id >= 2796137) AND (id <= 2796236))

table 5 : explain SELECT c FROM sbtest5 WHERE id BETWEEN 7026906 AND 7027005
	Index Scan using sbtest5_pkey on sbtest5  (cost=0.43..418.63 rows=107 width=121)
	  Index Cond: ((id >= 7026906) AND (id <= 7027005))

table 6 : explain SELECT c FROM sbtest6 WHERE id BETWEEN 411565 AND 411664
	Index Scan using sbtest6_pkey on sbtest6  (cost=0.43..357.16 rows=91 width=121)
	  Index Cond: ((id >= 411565) AND (id <= 411664))

table 7 : explain SELECT c FROM sbtest7 WHERE id BETWEEN 7134254 AND 7134353
	Index Scan using sbtest7_pkey on sbtest7  (cost=0.43..404.74 rows=103 width=121)
	  Index Cond: ((id >= 7134254) AND (id <= 7134353))

table 8 : explain SELECT c FROM sbtest8 WHERE id BETWEEN 2058675 AND 2058774
	Index Scan using sbtest8_pkey on sbtest8  (cost=0.43..338.19 rows=86 width=121)
	  Index Cond: ((id >= 2058675) AND (id <= 2058774))

for point_selects
table 1 : explain SELECT c FROM sbtest1 WHERE id=9225183
	Index Scan using sbtest1_pkey on sbtest1  (cost=0.43..8.45 rows=1 width=121)
	  Index Cond: (id = 9225183)

table 2 : explain SELECT c FROM sbtest2 WHERE id=862406
	Index Scan using sbtest2_pkey on sbtest2  (cost=0.43..8.45 rows=1 width=121)
	  Index Cond: (id = 862406)

table 3 : explain SELECT c FROM sbtest3 WHERE id=7695035
	Index Scan using sbtest3_pkey on sbtest3  (cost=0.43..8.45 rows=1 width=121)
	  Index Cond: (id = 7695035)

table 4 : explain SELECT c FROM sbtest4 WHERE id=2298393
	Index Scan using sbtest4_pkey on sbtest4  (cost=0.43..8.45 rows=1 width=121)
	  Index Cond: (id = 2298393)

table 5 : explain SELECT c FROM sbtest5 WHERE id=9413783
	Index Scan using sbtest5_pkey on sbtest5  (cost=0.43..8.45 rows=1 width=121)
	  Index Cond: (id = 9413783)

table 6 : explain SELECT c FROM sbtest6 WHERE id=5282386
	Index Scan using sbtest6_pkey on sbtest6  (cost=0.43..8.45 rows=1 width=121)
	  Index Cond: (id = 5282386)

table 7 : explain SELECT c FROM sbtest7 WHERE id=5046297
	Index Scan using sbtest7_pkey on sbtest7  (cost=0.43..8.45 rows=1 width=121)
	  Index Cond: (id = 5046297)

table 8 : explain SELECT c FROM sbtest8 WHERE id=3408813
	Index Scan using sbtest8_pkey on sbtest8  (cost=0.43..8.45 rows=1 width=121)
	  Index Cond: (id = 3408813)

for: simple_ranges
table 1 : explain SELECT c FROM sbtest1 WHERE id BETWEEN 2026615 AND 2026714
	Index Scan using sbtest1_pkey on sbtest1  (cost=0.43..366.23 rows=93 width=121)
	  Index Cond: ((id >= 2026615) AND (id <= 2026714))

table 2 : explain SELECT c FROM sbtest2 WHERE id BETWEEN 5661332 AND 5661431
	Index Scan using sbtest2_pkey on sbtest2  (cost=0.43..396.36 rows=101 width=121)
	  Index Cond: ((id >= 5661332) AND (id <= 5661431))

table 3 : explain SELECT c FROM sbtest3 WHERE id BETWEEN 3935919 AND 3936018
	Index Scan using sbtest3_pkey on sbtest3  (cost=0.43..380.60 rows=97 width=121)
	  Index Cond: ((id >= 3935919) AND (id <= 3936018))

table 4 : explain SELECT c FROM sbtest4 WHERE id BETWEEN 1061671 AND 1061770
	Index Scan using sbtest4_pkey on sbtest4  (cost=0.43..388.53 rows=99 width=121)
	  Index Cond: ((id >= 1061671) AND (id <= 1061770))

table 5 : explain SELECT c FROM sbtest5 WHERE id BETWEEN 2533193 AND 2533292
	Index Scan using sbtest5_pkey on sbtest5  (cost=0.43..379.91 rows=97 width=121)
	  Index Cond: ((id >= 2533193) AND (id <= 2533292))

table 6 : explain SELECT c FROM sbtest6 WHERE id BETWEEN 8637991 AND 8638090
	Index Scan using sbtest6_pkey on sbtest6  (cost=0.43..407.55 rows=104 width=121)
	  Index Cond: ((id >= 8637991) AND (id <= 8638090))

table 7 : explain SELECT c FROM sbtest7 WHERE id BETWEEN 5059900 AND 5059999
	Index Scan using sbtest7_pkey on sbtest7  (cost=0.43..396.97 rows=101 width=121)
	  Index Cond: ((id >= 5059900) AND (id <= 5059999))

table 8 : explain SELECT c FROM sbtest8 WHERE id BETWEEN 7320253 AND 7320352
	Index Scan using sbtest8_pkey on sbtest8  (cost=0.43..419.68 rows=107 width=121)
	  Index Cond: ((id >= 7320253) AND (id <= 7320352))

for: simple_ranges
table 1 : explain SELECT c FROM sbtest1 WHERE id BETWEEN 9262378 AND 9262477
	Index Scan using sbtest1_pkey on sbtest1  (cost=0.43..405.14 rows=103 width=121)
	  Index Cond: ((id >= 9262378) AND (id <= 9262477))

table 2 : explain SELECT c FROM sbtest2 WHERE id BETWEEN 7785474 AND 7785573
	Index Scan using sbtest2_pkey on sbtest2  (cost=0.43..400.24 rows=102 width=121)
	  Index Cond: ((id >= 7785474) AND (id <= 7785573))

table 3 : explain SELECT c FROM sbtest3 WHERE id BETWEEN 2127181 AND 2127280
	Index Scan using sbtest3_pkey on sbtest3  (cost=0.43..361.22 rows=92 width=121)
	  Index Cond: ((id >= 2127181) AND (id <= 2127280))

table 4 : explain SELECT c FROM sbtest4 WHERE id BETWEEN 8851457 AND 8851556
	Index Scan using sbtest4_pkey on sbtest4  (cost=0.43..365.26 rows=93 width=121)
	  Index Cond: ((id >= 8851457) AND (id <= 8851556))

table 5 : explain SELECT c FROM sbtest5 WHERE id BETWEEN 6189930 AND 6190029
	Index Scan using sbtest5_pkey on sbtest5  (cost=0.43..410.89 rows=105 width=121)
	  Index Cond: ((id >= 6189930) AND (id <= 6190029))

table 6 : explain SELECT c FROM sbtest6 WHERE id BETWEEN 9651006 AND 9651105
	Index Scan using sbtest6_pkey on sbtest6  (cost=0.43..419.18 rows=107 width=121)
	  Index Cond: ((id >= 9651006) AND (id <= 9651105))

table 7 : explain SELECT c FROM sbtest7 WHERE id BETWEEN 6653231 AND 6653330
	Index Scan using sbtest7_pkey on sbtest7  (cost=0.43..400.85 rows=102 width=121)
	  Index Cond: ((id >= 6653231) AND (id <= 6653330))

table 8 : explain SELECT c FROM sbtest8 WHERE id BETWEEN 4745119 AND 4745218
	Index Scan using sbtest8_pkey on sbtest8  (cost=0.43..400.28 rows=102 width=121)
	  Index Cond: ((id >= 4745119) AND (id <= 4745218))

for point_selects
table 1 : explain SELECT c FROM sbtest1 WHERE id=2643479
	Index Scan using sbtest1_pkey on sbtest1  (cost=0.43..8.45 rows=1 width=121)
	  Index Cond: (id = 2643479)

table 2 : explain SELECT c FROM sbtest2 WHERE id=2805255
	Index Scan using sbtest2_pkey on sbtest2  (cost=0.43..8.45 rows=1 width=121)
	  Index Cond: (id = 2805255)

table 3 : explain SELECT c FROM sbtest3 WHERE id=9298737
	Index Scan using sbtest3_pkey on sbtest3  (cost=0.43..8.45 rows=1 width=121)
	  Index Cond: (id = 9298737)

table 4 : explain SELECT c FROM sbtest4 WHERE id=9317255
	Index Scan using sbtest4_pkey on sbtest4  (cost=0.43..8.45 rows=1 width=121)
	  Index Cond: (id = 9317255)

table 5 : explain SELECT c FROM sbtest5 WHERE id=179034
	Index Scan using sbtest5_pkey on sbtest5  (cost=0.43..8.45 rows=1 width=121)
	  Index Cond: (id = 179034)

table 6 : explain SELECT c FROM sbtest6 WHERE id=2133925
	Index Scan using sbtest6_pkey on sbtest6  (cost=0.43..8.45 rows=1 width=121)
	  Index Cond: (id = 2133925)

table 7 : explain SELECT c FROM sbtest7 WHERE id=1356917
	Index Scan using sbtest7_pkey on sbtest7  (cost=0.43..8.45 rows=1 width=121)
	  Index Cond: (id = 1356917)

table 8 : explain SELECT c FROM sbtest8 WHERE id=4336387
	Index Scan using sbtest8_pkey on sbtest8  (cost=0.43..8.45 rows=1 width=121)
	  Index Cond: (id = 4336387)

for point_selects
table 1 : explain SELECT c FROM sbtest1 WHERE id=9618292
	Index Scan using sbtest1_pkey on sbtest1  (cost=0.43..8.45 rows=1 width=121)
	  Index Cond: (id = 9618292)

table 2 : explain SELECT c FROM sbtest2 WHERE id=1947310
	Index Scan using sbtest2_pkey on sbtest2  (cost=0.43..8.45 rows=1 width=121)
	  Index Cond: (id = 1947310)

table 3 : explain SELECT c FROM sbtest3 WHERE id=6863990
	Index Scan using sbtest3_pkey on sbtest3  (cost=0.43..8.45 rows=1 width=121)
	  Index Cond: (id = 6863990)

table 4 : explain SELECT c FROM sbtest4 WHERE id=9139207
	Index Scan using sbtest4_pkey on sbtest4  (cost=0.43..8.45 rows=1 width=121)
	  Index Cond: (id = 9139207)

table 5 : explain SELECT c FROM sbtest5 WHERE id=9109146
	Index Scan using sbtest5_pkey on sbtest5  (cost=0.43..8.45 rows=1 width=121)
	  Index Cond: (id = 9109146)

table 6 : explain SELECT c FROM sbtest6 WHERE id=6144820
	Index Scan using sbtest6_pkey on sbtest6  (cost=0.43..8.45 rows=1 width=121)
	  Index Cond: (id = 6144820)

table 7 : explain SELECT c FROM sbtest7 WHERE id=7773359
	Index Scan using sbtest7_pkey on sbtest7  (cost=0.43..8.45 rows=1 width=121)
	  Index Cond: (id = 7773359)

table 8 : explain SELECT c FROM sbtest8 WHERE id=3851646
	Index Scan using sbtest8_pkey on sbtest8  (cost=0.43..8.45 rows=1 width=121)
	  Index Cond: (id = 3851646)

for: sum_ranges
table 1 : explain SELECT SUM(k) FROM sbtest1 WHERE id BETWEEN 4731600 AND 4731699
	Aggregate  (cost=382.03..382.04 rows=1 width=8)
	  ->  Index Scan using sbtest1_pkey on sbtest1  (cost=0.43..381.78 rows=97 width=4)
	        Index Cond: ((id >= 4731600) AND (id <= 4731699))

table 2 : explain SELECT SUM(k) FROM sbtest2 WHERE id BETWEEN 8246220 AND 8246319
	Aggregate  (cost=416.02..416.03 rows=1 width=8)
	  ->  Index Scan using sbtest2_pkey on sbtest2  (cost=0.43..415.75 rows=106 width=4)
	        Index Cond: ((id >= 8246220) AND (id <= 8246319))

table 3 : explain SELECT SUM(k) FROM sbtest3 WHERE id BETWEEN 4329355 AND 4329454
	Aggregate  (cost=384.72..384.73 rows=1 width=8)
	  ->  Index Scan using sbtest3_pkey on sbtest3  (cost=0.43..384.47 rows=98 width=4)
	        Index Cond: ((id >= 4329355) AND (id <= 4329454))

table 4 : explain SELECT SUM(k) FROM sbtest4 WHERE id BETWEEN 4788137 AND 4788236
	Aggregate  (cost=427.61..427.62 rows=1 width=8)
	  ->  Index Scan using sbtest4_pkey on sbtest4  (cost=0.43..427.34 rows=109 width=4)
	        Index Cond: ((id >= 4788137) AND (id <= 4788236))

table 5 : explain SELECT SUM(k) FROM sbtest5 WHERE id BETWEEN 216533 AND 216632
	Aggregate  (cost=372.41..372.42 rows=1 width=8)
	  ->  Index Scan using sbtest5_pkey on sbtest5  (cost=0.43..372.17 rows=95 width=4)
	        Index Cond: ((id >= 216533) AND (id <= 216632))

table 6 : explain SELECT SUM(k) FROM sbtest6 WHERE id BETWEEN 6161108 AND 6161207
	Aggregate  (cost=361.26..361.27 rows=1 width=8)
	  ->  Index Scan using sbtest6_pkey on sbtest6  (cost=0.43..361.03 rows=92 width=4)
	        Index Cond: ((id >= 6161108) AND (id <= 6161207))

table 7 : explain SELECT SUM(k) FROM sbtest7 WHERE id BETWEEN 2371429 AND 2371528
	Aggregate  (cost=447.75..447.76 rows=1 width=8)
	  ->  Index Scan using sbtest7_pkey on sbtest7  (cost=0.43..447.46 rows=114 width=4)
	        Index Cond: ((id >= 2371429) AND (id <= 2371528))

table 8 : explain SELECT SUM(k) FROM sbtest8 WHERE id BETWEEN 919427 AND 919526
	Aggregate  (cost=365.57..365.58 rows=1 width=8)
	  ->  Index Scan using sbtest8_pkey on sbtest8  (cost=0.43..365.34 rows=93 width=4)
	        Index Cond: ((id >= 919427) AND (id <= 919526))

for: sum_ranges
table 1 : explain SELECT SUM(k) FROM sbtest1 WHERE id BETWEEN 1896351 AND 1896450
	Aggregate  (cost=401.51..401.52 rows=1 width=8)
	  ->  Index Scan using sbtest1_pkey on sbtest1  (cost=0.43..401.26 rows=102 width=4)
	        Index Cond: ((id >= 1896351) AND (id <= 1896450))

table 2 : explain SELECT SUM(k) FROM sbtest2 WHERE id BETWEEN 1206412 AND 1206511
	Aggregate  (cost=400.50..400.51 rows=1 width=8)
	  ->  Index Scan using sbtest2_pkey on sbtest2  (cost=0.43..400.24 rows=102 width=4)
	        Index Cond: ((id >= 1206412) AND (id <= 1206511))

table 3 : explain SELECT SUM(k) FROM sbtest3 WHERE id BETWEEN 7300212 AND 7300311
	Aggregate  (cost=388.60..388.61 rows=1 width=8)
	  ->  Index Scan using sbtest3_pkey on sbtest3  (cost=0.43..388.35 rows=99 width=4)
	        Index Cond: ((id >= 7300212) AND (id <= 7300311))

table 4 : explain SELECT SUM(k) FROM sbtest4 WHERE id BETWEEN 4475308 AND 4475407
	Aggregate  (cost=381.01..381.02 rows=1 width=8)
	  ->  Index Scan using sbtest4_pkey on sbtest4  (cost=0.43..380.77 rows=97 width=4)
	        Index Cond: ((id >= 4475308) AND (id <= 4475407))

table 5 : explain SELECT SUM(k) FROM sbtest5 WHERE id BETWEEN 1697114 AND 1697213
	Aggregate  (cost=430.51..430.52 rows=1 width=8)
	  ->  Index Scan using sbtest5_pkey on sbtest5  (cost=0.43..430.24 rows=110 width=4)
	        Index Cond: ((id >= 1697114) AND (id <= 1697213))

table 6 : explain SELECT SUM(k) FROM sbtest6 WHERE id BETWEEN 2011389 AND 2011488
	Aggregate  (cost=392.31..392.32 rows=1 width=8)
	  ->  Index Scan using sbtest6_pkey on sbtest6  (cost=0.43..392.06 rows=100 width=4)
	        Index Cond: ((id >= 2011389) AND (id <= 2011488))

table 7 : explain SELECT SUM(k) FROM sbtest7 WHERE id BETWEEN 3096968 AND 3097067
	Aggregate  (cost=416.65..416.66 rows=1 width=8)
	  ->  Index Scan using sbtest7_pkey on sbtest7  (cost=0.43..416.39 rows=106 width=4)
	        Index Cond: ((id >= 3096968) AND (id <= 3097067))

table 8 : explain SELECT SUM(k) FROM sbtest8 WHERE id BETWEEN 1474566 AND 1474665
	Aggregate  (cost=408.30..408.31 rows=1 width=8)
	  ->  Index Scan using sbtest8_pkey on sbtest8  (cost=0.43..408.04 rows=104 width=4)
	        Index Cond: ((id >= 1474566) AND (id <= 1474665))

for: simple_ranges
table 1 : explain SELECT c FROM sbtest1 WHERE id BETWEEN 1355176 AND 1355275
	Index Scan using sbtest1_pkey on sbtest1  (cost=0.43..346.79 rows=88 width=121)
	  Index Cond: ((id >= 1355176) AND (id <= 1355275))

table 2 : explain SELECT c FROM sbtest2 WHERE id BETWEEN 2114045 AND 2114144
	Index Scan using sbtest2_pkey on sbtest2  (cost=0.43..392.45 rows=100 width=121)
	  Index Cond: ((id >= 2114045) AND (id <= 2114144))

table 3 : explain SELECT c FROM sbtest3 WHERE id BETWEEN 6668378 AND 6668477
	Index Scan using sbtest3_pkey on sbtest3  (cost=0.43..392.23 rows=100 width=121)
	  Index Cond: ((id >= 6668378) AND (id <= 6668477))

table 4 : explain SELECT c FROM sbtest4 WHERE id BETWEEN 7154036 AND 7154135
	Index Scan using sbtest4_pkey on sbtest4  (cost=0.43..404.07 rows=103 width=121)
	  Index Cond: ((id >= 7154036) AND (id <= 7154135))

table 5 : explain SELECT c FROM sbtest5 WHERE id BETWEEN 1707789 AND 1707888
	Index Scan using sbtest5_pkey on sbtest5  (cost=0.43..376.04 rows=96 width=121)
	  Index Cond: ((id >= 1707789) AND (id <= 1707888))

table 6 : explain SELECT c FROM sbtest6 WHERE id BETWEEN 7483875 AND 7483974
	Index Scan using sbtest6_pkey on sbtest6  (cost=0.43..392.06 rows=100 width=121)
	  Index Cond: ((id >= 7483875) AND (id <= 7483974))

table 7 : explain SELECT c FROM sbtest7 WHERE id BETWEEN 471485 AND 471584
	Index Scan using sbtest7_pkey on sbtest7  (cost=0.43..385.28 rows=98 width=121)
	  Index Cond: ((id >= 471485) AND (id <= 471584))

table 8 : explain SELECT c FROM sbtest8 WHERE id BETWEEN 2360628 AND 2360727
	Index Scan using sbtest8_pkey on sbtest8  (cost=0.43..376.98 rows=96 width=121)
	  Index Cond: ((id >= 2360628) AND (id <= 2360727))

for: sum_ranges
table 1 : explain SELECT SUM(k) FROM sbtest1 WHERE id BETWEEN 4651551 AND 4651650
	Aggregate  (cost=432.64..432.65 rows=1 width=8)
	  ->  Index Scan using sbtest1_pkey on sbtest1  (cost=0.43..432.36 rows=110 width=4)
	        Index Cond: ((id >= 4651551) AND (id <= 4651650))

table 2 : explain SELECT SUM(k) FROM sbtest2 WHERE id BETWEEN 4946022 AND 4946121
	Aggregate  (cost=381.06..381.07 rows=1 width=8)
	  ->  Index Scan using sbtest2_pkey on sbtest2  (cost=0.43..380.82 rows=97 width=4)
	        Index Cond: ((id >= 4946022) AND (id <= 4946121))

table 3 : explain SELECT SUM(k) FROM sbtest3 WHERE id BETWEEN 5644962 AND 5645061
	Aggregate  (cost=365.33..365.34 rows=1 width=8)
	  ->  Index Scan using sbtest3_pkey on sbtest3  (cost=0.43..365.09 rows=93 width=4)
	        Index Cond: ((id >= 5644962) AND (id <= 5645061))

table 4 : explain SELECT SUM(k) FROM sbtest4 WHERE id BETWEEN 6786537 AND 6786636
	Aggregate  (cost=357.73..357.74 rows=1 width=8)
	  ->  Index Scan using sbtest4_pkey on sbtest4  (cost=0.43..357.51 rows=91 width=4)
	        Index Cond: ((id >= 6786537) AND (id <= 6786636))

table 5 : explain SELECT SUM(k) FROM sbtest5 WHERE id BETWEEN 5858700 AND 5858799
	Aggregate  (cost=391.80..391.81 rows=1 width=8)
	  ->  Index Scan using sbtest5_pkey on sbtest5  (cost=0.43..391.55 rows=100 width=4)
	        Index Cond: ((id >= 5858700) AND (id <= 5858799))

table 6 : explain SELECT SUM(k) FROM sbtest6 WHERE id BETWEEN 4919792 AND 4919891
	Aggregate  (cost=419.44..419.45 rows=1 width=8)
	  ->  Index Scan using sbtest6_pkey on sbtest6  (cost=0.43..419.18 rows=107 width=4)
	        Index Cond: ((id >= 4919792) AND (id <= 4919891))

table 7 : explain SELECT SUM(k) FROM sbtest7 WHERE id BETWEEN 2395428 AND 2395527
	Aggregate  (cost=373.87..373.88 rows=1 width=8)
	  ->  Index Scan using sbtest7_pkey on sbtest7  (cost=0.43..373.63 rows=95 width=4)
	        Index Cond: ((id >= 2395428) AND (id <= 2395527))

table 8 : explain SELECT SUM(k) FROM sbtest8 WHERE id BETWEEN 6394393 AND 6394492
	Aggregate  (cost=381.10..381.11 rows=1 width=8)
	  ->  Index Scan using sbtest8_pkey on sbtest8  (cost=0.43..380.86 rows=97 width=4)
	        Index Cond: ((id >= 6394393) AND (id <= 6394492))

for: simple_ranges
table 1 : explain SELECT c FROM sbtest1 WHERE id BETWEEN 8891780 AND 8891879
	Index Scan using sbtest1_pkey on sbtest1  (cost=0.43..370.12 rows=94 width=121)
	  Index Cond: ((id >= 8891780) AND (id <= 8891879))

table 2 : explain SELECT c FROM sbtest2 WHERE id BETWEEN 5991181 AND 5991280
	Index Scan using sbtest2_pkey on sbtest2  (cost=0.43..392.45 rows=100 width=121)
	  Index Cond: ((id >= 5991181) AND (id <= 5991280))

table 3 : explain SELECT c FROM sbtest3 WHERE id BETWEEN 2629925 AND 2630024
	Index Scan using sbtest3_pkey on sbtest3  (cost=0.43..357.34 rows=91 width=121)
	  Index Cond: ((id >= 2629925) AND (id <= 2630024))

table 4 : explain SELECT c FROM sbtest4 WHERE id BETWEEN 868007 AND 868106
	Index Scan using sbtest4_pkey on sbtest4  (cost=0.43..400.20 rows=102 width=121)
	  Index Cond: ((id >= 868007) AND (id <= 868106))

table 5 : explain SELECT c FROM sbtest5 WHERE id BETWEEN 7953609 AND 7953708
	Index Scan using sbtest5_pkey on sbtest5  (cost=0.43..414.76 rows=106 width=121)
	  Index Cond: ((id >= 7953609) AND (id <= 7953708))

table 6 : explain SELECT c FROM sbtest6 WHERE id BETWEEN 6466532 AND 6466631
	Index Scan using sbtest6_pkey on sbtest6  (cost=0.43..384.28 rows=98 width=121)
	  Index Cond: ((id >= 6466532) AND (id <= 6466631))

table 7 : explain SELECT c FROM sbtest7 WHERE id BETWEEN 7063554 AND 7063653
	Index Scan using sbtest7_pkey on sbtest7  (cost=0.43..381.40 rows=97 width=121)
	  Index Cond: ((id >= 7063554) AND (id <= 7063653))

table 8 : explain SELECT c FROM sbtest8 WHERE id BETWEEN 3837095 AND 3837194
	Index Scan using sbtest8_pkey on sbtest8  (cost=0.43..388.65 rows=99 width=121)
	  Index Cond: ((id >= 3837095) AND (id <= 3837194))

for: sum_ranges
table 1 : explain SELECT SUM(k) FROM sbtest1 WHERE id BETWEEN 5065208 AND 5065307
	Aggregate  (cost=397.59..397.60 rows=1 width=8)
	  ->  Index Scan using sbtest1_pkey on sbtest1  (cost=0.43..397.34 rows=101 width=4)
	        Index Cond: ((id >= 5065208) AND (id <= 5065307))

table 2 : explain SELECT SUM(k) FROM sbtest2 WHERE id BETWEEN 8759195 AND 8759294
	Aggregate  (cost=384.94..384.95 rows=1 width=8)
	  ->  Index Scan using sbtest2_pkey on sbtest2  (cost=0.43..384.69 rows=98 width=4)
	        Index Cond: ((id >= 8759195) AND (id <= 8759294))

table 3 : explain SELECT SUM(k) FROM sbtest3 WHERE id BETWEEN 7158537 AND 7158636
	Aggregate  (cost=365.33..365.34 rows=1 width=8)
	  ->  Index Scan using sbtest3_pkey on sbtest3  (cost=0.43..365.09 rows=93 width=4)
	        Index Cond: ((id >= 7158537) AND (id <= 7158636))

table 4 : explain SELECT SUM(k) FROM sbtest4 WHERE id BETWEEN 181411 AND 181510
	Aggregate  (cost=384.89..384.90 rows=1 width=8)
	  ->  Index Scan using sbtest4_pkey on sbtest4  (cost=0.43..384.65 rows=98 width=4)
	        Index Cond: ((id >= 181411) AND (id <= 181510))

table 5 : explain SELECT SUM(k) FROM sbtest5 WHERE id BETWEEN 9814996 AND 9815095
	Aggregate  (cost=364.67..364.68 rows=1 width=8)
	  ->  Index Scan using sbtest5_pkey on sbtest5  (cost=0.43..364.43 rows=93 width=4)
	        Index Cond: ((id >= 9814996) AND (id <= 9815095))

table 6 : explain SELECT SUM(k) FROM sbtest6 WHERE id BETWEEN 4048387 AND 4048486
	Aggregate  (cost=411.69..411.70 rows=1 width=8)
	  ->  Index Scan using sbtest6_pkey on sbtest6  (cost=0.43..411.43 rows=105 width=4)
	        Index Cond: ((id >= 4048387) AND (id <= 4048486))

table 7 : explain SELECT SUM(k) FROM sbtest7 WHERE id BETWEEN 1976676 AND 1976775
	Aggregate  (cost=401.11..401.12 rows=1 width=8)
	  ->  Index Scan using sbtest7_pkey on sbtest7  (cost=0.43..400.85 rows=102 width=4)
	        Index Cond: ((id >= 1976676) AND (id <= 1976775))

table 8 : explain SELECT SUM(k) FROM sbtest8 WHERE id BETWEEN 9584373 AND 9584472
	Aggregate  (cost=369.46..369.47 rows=1 width=8)
	  ->  Index Scan using sbtest8_pkey on sbtest8  (cost=0.43..369.22 rows=94 width=4)
	        Index Cond: ((id >= 9584373) AND (id <= 9584472))

explain: for point_selects :: explain SELECT c FROM sbtest%u WHERE id=%u
for: order_ranges
table 1 : explain SELECT c FROM sbtest1 WHERE id BETWEEN 6976342 AND 6976441 ORDER BY c
	Sort  (cost=384.98..385.23 rows=97 width=121)
	  Sort Key: c
	  ->  Index Scan using sbtest1_pkey on sbtest1  (cost=0.43..381.78 rows=97 width=121)
	        Index Cond: ((id >= 6976342) AND (id <= 6976441))

table 2 : explain SELECT c FROM sbtest2 WHERE id BETWEEN 7893582 AND 7893681 ORDER BY c
	Sort  (cost=415.40..415.66 rows=105 width=121)
	  Sort Key: c
	  ->  Index Scan using sbtest2_pkey on sbtest2  (cost=0.43..411.88 rows=105 width=121)
	        Index Cond: ((id >= 7893582) AND (id <= 7893681))

table 3 : explain SELECT c FROM sbtest3 WHERE id BETWEEN 4384097 AND 4384196 ORDER BY c
	Sort  (cost=407.33..407.59 rows=103 width=121)
	  Sort Key: c
	  ->  Index Scan using sbtest3_pkey on sbtest3  (cost=0.43..403.89 rows=103 width=121)
	        Index Cond: ((id >= 4384097) AND (id <= 4384196))

table 4 : explain SELECT c FROM sbtest4 WHERE id BETWEEN 6362615 AND 6362714 ORDER BY c
	Sort  (cost=368.30..368.53 rows=93 width=121)
	  Sort Key: c
	  ->  Index Scan using sbtest4_pkey on sbtest4  (cost=0.43..365.26 rows=93 width=121)
	        Index Cond: ((id >= 6362615) AND (id <= 6362714))

table 5 : explain SELECT c FROM sbtest5 WHERE id BETWEEN 1961123 AND 1961222 ORDER BY c
	Sort  (cost=383.11..383.35 rows=97 width=121)
	  Sort Key: c
	  ->  Index Scan using sbtest5_pkey on sbtest5  (cost=0.43..379.91 rows=97 width=121)
	        Index Cond: ((id >= 1961123) AND (id <= 1961222))

table 6 : explain SELECT c FROM sbtest6 WHERE id BETWEEN 336768 AND 336867 ORDER BY c
	Sort  (cost=411.04..411.30 rows=104 width=121)
	  Sort Key: c
	  ->  Index Scan using sbtest6_pkey on sbtest6  (cost=0.43..407.55 rows=104 width=121)
	        Index Cond: ((id >= 336768) AND (id <= 336867))

table 7 : explain SELECT c FROM sbtest7 WHERE id BETWEEN 1991216 AND 1991315 ORDER BY c
	Sort  (cost=388.52..388.77 rows=98 width=121)
	  Sort Key: c
	  ->  Index Scan using sbtest7_pkey on sbtest7  (cost=0.43..385.28 rows=98 width=121)
	        Index Cond: ((id >= 1991216) AND (id <= 1991315))

table 8 : explain SELECT c FROM sbtest8 WHERE id BETWEEN 263462 AND 263561 ORDER BY c
	Sort  (cost=376.22..376.46 rows=95 width=121)
	  Sort Key: c
	  ->  Index Scan using sbtest8_pkey on sbtest8  (cost=0.43..373.10 rows=95 width=121)
	        Index Cond: ((id >= 263462) AND (id <= 263561))

for point_selects
table 1 : explain SELECT c FROM sbtest1 WHERE id=3090622
	Index Scan using sbtest1_pkey on sbtest1  (cost=0.43..8.45 rows=1 width=121)
	  Index Cond: (id = 3090622)

table 2 : explain SELECT c FROM sbtest2 WHERE id=7274415
	Index Scan using sbtest2_pkey on sbtest2  (cost=0.43..8.45 rows=1 width=121)
	  Index Cond: (id = 7274415)

table 3 : explain SELECT c FROM sbtest3 WHERE id=8605613
	Index Scan using sbtest3_pkey on sbtest3  (cost=0.43..8.45 rows=1 width=121)
	  Index Cond: (id = 8605613)

table 4 : explain SELECT c FROM sbtest4 WHERE id=952921
	Index Scan using sbtest4_pkey on sbtest4  (cost=0.43..8.45 rows=1 width=121)
	  Index Cond: (id = 952921)

table 5 : explain SELECT c FROM sbtest5 WHERE id=1148085
	Index Scan using sbtest5_pkey on sbtest5  (cost=0.43..8.45 rows=1 width=121)
	  Index Cond: (id = 1148085)

table 6 : explain SELECT c FROM sbtest6 WHERE id=542639
	Index Scan using sbtest6_pkey on sbtest6  (cost=0.43..8.45 rows=1 width=121)
	  Index Cond: (id = 542639)

table 7 : explain SELECT c FROM sbtest7 WHERE id=2626044
	Index Scan using sbtest7_pkey on sbtest7  (cost=0.43..8.45 rows=1 width=121)
	  Index Cond: (id = 2626044)

table 8 : explain SELECT c FROM sbtest8 WHERE id=552284
	Index Scan using sbtest8_pkey on sbtest8  (cost=0.43..8.45 rows=1 width=121)
	  Index Cond: (id = 552284)

for: sum_ranges
table 1 : explain SELECT SUM(k) FROM sbtest1 WHERE id BETWEEN 2032925 AND 2033024
	Aggregate  (cost=366.46..366.47 rows=1 width=8)
	  ->  Index Scan using sbtest1_pkey on sbtest1  (cost=0.43..366.23 rows=93 width=4)
	        Index Cond: ((id >= 2032925) AND (id <= 2033024))

table 2 : explain SELECT SUM(k) FROM sbtest2 WHERE id BETWEEN 3648935 AND 3649034
	Aggregate  (cost=396.62..396.63 rows=1 width=8)
	  ->  Index Scan using sbtest2_pkey on sbtest2  (cost=0.43..396.36 rows=101 width=4)
	        Index Cond: ((id >= 3648935) AND (id <= 3649034))

table 3 : explain SELECT SUM(k) FROM sbtest3 WHERE id BETWEEN 6359038 AND 6359137
	Aggregate  (cost=427.42..427.43 rows=1 width=8)
	  ->  Index Scan using sbtest3_pkey on sbtest3  (cost=0.43..427.14 rows=109 width=4)
	        Index Cond: ((id >= 6359038) AND (id <= 6359137))

table 4 : explain SELECT SUM(k) FROM sbtest4 WHERE id BETWEEN 4029918 AND 4030017
	Aggregate  (cost=373.25..373.26 rows=1 width=8)
	  ->  Index Scan using sbtest4_pkey on sbtest4  (cost=0.43..373.02 rows=95 width=4)
	        Index Cond: ((id >= 4029918) AND (id <= 4030017))

table 5 : explain SELECT SUM(k) FROM sbtest5 WHERE id BETWEEN 8010796 AND 8010895
	Aggregate  (cost=380.15..380.16 rows=1 width=8)
	  ->  Index Scan using sbtest5_pkey on sbtest5  (cost=0.43..379.91 rows=97 width=4)
	        Index Cond: ((id >= 8010796) AND (id <= 8010895))

table 6 : explain SELECT SUM(k) FROM sbtest6 WHERE id BETWEEN 3853071 AND 3853170
	Aggregate  (cost=388.43..388.44 rows=1 width=8)
	  ->  Index Scan using sbtest6_pkey on sbtest6  (cost=0.43..388.19 rows=99 width=4)
	        Index Cond: ((id >= 3853071) AND (id <= 3853170))

table 7 : explain SELECT SUM(k) FROM sbtest7 WHERE id BETWEEN 9021431 AND 9021530
	Aggregate  (cost=397.22..397.23 rows=1 width=8)
	  ->  Index Scan using sbtest7_pkey on sbtest7  (cost=0.43..396.97 rows=101 width=4)
	        Index Cond: ((id >= 9021431) AND (id <= 9021530))

table 8 : explain SELECT SUM(k) FROM sbtest8 WHERE id BETWEEN 2307103 AND 2307202
	Aggregate  (cost=419.94..419.95 rows=1 width=8)
	  ->  Index Scan using sbtest8_pkey on sbtest8  (cost=0.43..419.68 rows=107 width=4)
	        Index Cond: ((id >= 2307103) AND (id <= 2307202))

for: order_ranges
table 1 : explain SELECT c FROM sbtest1 WHERE id BETWEEN 2051570 AND 2051669 ORDER BY c
	Sort  (cost=369.27..369.50 rows=93 width=121)
	  Sort Key: c
	  ->  Index Scan using sbtest1_pkey on sbtest1  (cost=0.43..366.23 rows=93 width=121)
	        Index Cond: ((id >= 2051570) AND (id <= 2051669))

table 2 : explain SELECT c FROM sbtest2 WHERE id BETWEEN 2478625 AND 2478724 ORDER BY c
	Sort  (cost=423.24..423.51 rows=107 width=121)
	  Sort Key: c
	  ->  Index Scan using sbtest2_pkey on sbtest2  (cost=0.43..419.63 rows=107 width=121)
	        Index Cond: ((id >= 2478625) AND (id <= 2478724))

table 3 : explain SELECT c FROM sbtest3 WHERE id BETWEEN 5102756 AND 5102855 ORDER BY c
	Sort  (cost=430.83..431.10 rows=109 width=121)
	  Sort Key: c
	  ->  Index Scan using sbtest3_pkey on sbtest3  (cost=0.43..427.14 rows=109 width=121)
	        Index Cond: ((id >= 5102756) AND (id <= 5102855))

table 4 : explain SELECT c FROM sbtest4 WHERE id BETWEEN 3617106 AND 3617205 ORDER BY c
	Sort  (cost=372.22..372.45 rows=94 width=121)
	  Sort Key: c
	  ->  Index Scan using sbtest4_pkey on sbtest4  (cost=0.43..369.14 rows=94 width=121)
	        Index Cond: ((id >= 3617106) AND (id <= 3617205))

table 5 : explain SELECT c FROM sbtest5 WHERE id BETWEEN 5051756 AND 5051855 ORDER BY c
	Sort  (cost=383.11..383.35 rows=97 width=121)
	  Sort Key: c
	  ->  Index Scan using sbtest5_pkey on sbtest5  (cost=0.43..379.91 rows=97 width=121)
	        Index Cond: ((id >= 5051756) AND (id <= 5051855))

table 6 : explain SELECT c FROM sbtest6 WHERE id BETWEEN 1748507 AND 1748606 ORDER BY c
	Sort  (cost=391.47..391.71 rows=99 width=121)
	  Sort Key: c
	  ->  Index Scan using sbtest6_pkey on sbtest6  (cost=0.43..388.19 rows=99 width=121)
	        Index Cond: ((id >= 1748507) AND (id <= 1748606))

table 7 : explain SELECT c FROM sbtest7 WHERE id BETWEEN 7863856 AND 7863955 ORDER BY c
	Sort  (cost=404.25..404.51 rows=102 width=121)
	  Sort Key: c
	  ->  Index Scan using sbtest7_pkey on sbtest7  (cost=0.43..400.85 rows=102 width=121)
	        Index Cond: ((id >= 7863856) AND (id <= 7863955))

table 8 : explain SELECT c FROM sbtest8 WHERE id BETWEEN 6234797 AND 6234896 ORDER BY c
	Sort  (cost=387.98..388.22 rows=98 width=121)
	  Sort Key: c
	  ->  Index Scan using sbtest8_pkey on sbtest8  (cost=0.43..384.73 rows=98 width=121)
	        Index Cond: ((id >= 6234797) AND (id <= 6234896))

for: simple_ranges
table 1 : explain SELECT c FROM sbtest1 WHERE id BETWEEN 2731741 AND 2731840
	Index Scan using sbtest1_pkey on sbtest1  (cost=0.43..405.14 rows=103 width=121)
	  Index Cond: ((id >= 2731741) AND (id <= 2731840))

table 2 : explain SELECT c FROM sbtest2 WHERE id BETWEEN 2023338 AND 2023437
	Index Scan using sbtest2_pkey on sbtest2  (cost=0.43..376.94 rows=96 width=121)
	  Index Cond: ((id >= 2023338) AND (id <= 2023437))

table 3 : explain SELECT c FROM sbtest3 WHERE id BETWEEN 8249745 AND 8249844
	Index Scan using sbtest3_pkey on sbtest3  (cost=0.43..400.01 rows=102 width=121)
	  Index Cond: ((id >= 8249745) AND (id <= 8249844))

table 4 : explain SELECT c FROM sbtest4 WHERE id BETWEEN 5781627 AND 5781726
	Index Scan using sbtest4_pkey on sbtest4  (cost=0.43..361.38 rows=92 width=121)
	  Index Cond: ((id >= 5781627) AND (id <= 5781726))

table 5 : explain SELECT c FROM sbtest5 WHERE id BETWEEN 5869709 AND 5869808
	Index Scan using sbtest5_pkey on sbtest5  (cost=0.43..391.55 rows=100 width=121)
	  Index Cond: ((id >= 5869709) AND (id <= 5869808))

table 6 : explain SELECT c FROM sbtest6 WHERE id BETWEEN 9139980 AND 9140079
	Index Scan using sbtest6_pkey on sbtest6  (cost=0.43..380.40 rows=97 width=121)
	  Index Cond: ((id >= 9139980) AND (id <= 9140079))

table 7 : explain SELECT c FROM sbtest7 WHERE id BETWEEN 4824229 AND 4824328
	Index Scan using sbtest7_pkey on sbtest7  (cost=0.43..365.86 rows=93 width=121)
	  Index Cond: ((id >= 4824229) AND (id <= 4824328))

table 8 : explain SELECT c FROM sbtest8 WHERE id BETWEEN 5078611 AND 5078710
	Index Scan using sbtest8_pkey on sbtest8  (cost=0.43..396.41 rows=101 width=121)
	  Index Cond: ((id >= 5078611) AND (id <= 5078710))

for: order_ranges
table 1 : explain SELECT c FROM sbtest1 WHERE id BETWEEN 3167898 AND 3167997 ORDER BY c
	Sort  (cost=416.45..416.71 rows=105 width=121)
	  Sort Key: c
	  ->  Index Scan using sbtest1_pkey on sbtest1  (cost=0.43..412.92 rows=105 width=121)
	        Index Cond: ((id >= 3167898) AND (id <= 3167997))

table 2 : explain SELECT c FROM sbtest2 WHERE id BETWEEN 9355397 AND 9355496 ORDER BY c
	Sort  (cost=446.75..447.04 rows=113 width=121)
	  Sort Key: c
	  ->  Index Scan using sbtest2_pkey on sbtest2  (cost=0.43..442.90 rows=113 width=121)
	        Index Cond: ((id >= 9355397) AND (id <= 9355496))

table 3 : explain SELECT c FROM sbtest3 WHERE id BETWEEN 3908466 AND 3908565 ORDER BY c
	Sort  (cost=403.42..403.67 rows=102 width=121)
	  Sort Key: c
	  ->  Index Scan using sbtest3_pkey on sbtest3  (cost=0.43..400.01 rows=102 width=121)
	        Index Cond: ((id >= 3908466) AND (id <= 3908565))

table 4 : explain SELECT c FROM sbtest4 WHERE id BETWEEN 9270771 AND 9270870 ORDER BY c
	Sort  (cost=387.89..388.14 rows=98 width=121)
	  Sort Key: c
	  ->  Index Scan using sbtest4_pkey on sbtest4  (cost=0.43..384.65 rows=98 width=121)
	        Index Cond: ((id >= 9270771) AND (id <= 9270870))

table 5 : explain SELECT c FROM sbtest5 WHERE id BETWEEN 4980277 AND 4980376 ORDER BY c
	Sort  (cost=390.93..391.17 rows=99 width=121)
	  Sort Key: c
	  ->  Index Scan using sbtest5_pkey on sbtest5  (cost=0.43..387.64 rows=99 width=121)
	        Index Cond: ((id >= 4980277) AND (id <= 4980376))

table 6 : explain SELECT c FROM sbtest6 WHERE id BETWEEN 2077386 AND 2077485 ORDER BY c
	Sort  (cost=395.38..395.63 rows=100 width=121)
	  Sort Key: c
	  ->  Index Scan using sbtest6_pkey on sbtest6  (cost=0.43..392.06 rows=100 width=121)
	        Index Cond: ((id >= 2077386) AND (id <= 2077485))

table 7 : explain SELECT c FROM sbtest7 WHERE id BETWEEN 8911591 AND 8911690 ORDER BY c
	Sort  (cost=380.67..380.91 rows=96 width=121)
	  Sort Key: c
	  ->  Index Scan using sbtest7_pkey on sbtest7  (cost=0.43..377.51 rows=96 width=121)
	        Index Cond: ((id >= 8911591) AND (id <= 8911690))

table 8 : explain SELECT c FROM sbtest8 WHERE id BETWEEN 6812573 AND 6812672 ORDER BY c
	Sort  (cost=431.12..431.39 rows=109 width=121)
	  Sort Key: c
	  ->  Index Scan using sbtest8_pkey on sbtest8  (cost=0.43..427.43 rows=109 width=121)
	        Index Cond: ((id >= 6812573) AND (id <= 6812672))

for: order_ranges
table 1 : explain SELECT c FROM sbtest1 WHERE id BETWEEN 8546858 AND 8546957 ORDER BY c
	Sort  (cost=373.20..373.43 rows=94 width=121)
	  Sort Key: c
	  ->  Index Scan using sbtest1_pkey on sbtest1  (cost=0.43..370.12 rows=94 width=121)
	        Index Cond: ((id >= 8546858) AND (id <= 8546957))

table 2 : explain SELECT c FROM sbtest2 WHERE id BETWEEN 5698180 AND 5698279 ORDER BY c
	Sort  (cost=399.73..399.98 rows=101 width=121)
	  Sort Key: c
	  ->  Index Scan using sbtest2_pkey on sbtest2  (cost=0.43..396.36 rows=101 width=121)
	        Index Cond: ((id >= 5698180) AND (id <= 5698279))

table 3 : explain SELECT c FROM sbtest3 WHERE id BETWEEN 2718651 AND 2718750 ORDER BY c
	Sort  (cost=407.33..407.59 rows=103 width=121)
	  Sort Key: c
	  ->  Index Scan using sbtest3_pkey on sbtest3  (cost=0.43..403.89 rows=103 width=121)
	        Index Cond: ((id >= 2718651) AND (id <= 2718750))

table 4 : explain SELECT c FROM sbtest4 WHERE id BETWEEN 4226109 AND 4226208 ORDER BY c
	Sort  (cost=395.76..396.01 rows=100 width=121)
	  Sort Key: c
	  ->  Index Scan using sbtest4_pkey on sbtest4  (cost=0.43..392.44 rows=100 width=121)
	        Index Cond: ((id >= 4226109) AND (id <= 4226208))

table 5 : explain SELECT c FROM sbtest5 WHERE id BETWEEN 9041008 AND 9041107 ORDER BY c
	Sort  (cost=406.60..406.86 rows=103 width=121)
	  Sort Key: c
	  ->  Index Scan using sbtest5_pkey on sbtest5  (cost=0.43..403.16 rows=103 width=121)
	        Index Cond: ((id >= 9041008) AND (id <= 9041107))

table 6 : explain SELECT c FROM sbtest6 WHERE id BETWEEN 1340363 AND 1340462 ORDER BY c
	Sort  (cost=395.38..395.63 rows=100 width=121)
	  Sort Key: c
	  ->  Index Scan using sbtest6_pkey on sbtest6  (cost=0.43..392.06 rows=100 width=121)
	        Index Cond: ((id >= 1340363) AND (id <= 1340462))

table 7 : explain SELECT c FROM sbtest7 WHERE id BETWEEN 5116539 AND 5116638 ORDER BY c
	Sort  (cost=400.33..400.58 rows=101 width=121)
	  Sort Key: c
	  ->  Index Scan using sbtest7_pkey on sbtest7  (cost=0.43..396.97 rows=101 width=121)
	        Index Cond: ((id >= 5116539) AND (id <= 5116638))

table 8 : explain SELECT c FROM sbtest8 WHERE id BETWEEN 7728615 AND 7728714 ORDER BY c
	Sort  (cost=423.28..423.55 rows=107 width=121)
	  Sort Key: c
	  ->  Index Scan using sbtest8_pkey on sbtest8  (cost=0.43..419.68 rows=107 width=121)
	        Index Cond: ((id >= 7728615) AND (id <= 7728714))

for: distinct_ranges
table 1 : explain SELECT DISTINCT c FROM sbtest1 WHERE id BETWEEN 9409441 AND 9409540 ORDER BY c
	Unique  (cost=408.59..409.10 rows=103 width=121)
	  ->  Sort  (cost=408.59..408.85 rows=103 width=121)
	        Sort Key: c
	        ->  Index Scan using sbtest1_pkey on sbtest1  (cost=0.43..405.14 rows=103 width=121)
	              Index Cond: ((id >= 9409441) AND (id <= 9409540))

table 2 : explain SELECT DISTINCT c FROM sbtest2 WHERE id BETWEEN 3008097 AND 3008196 ORDER BY c
	Unique  (cost=356.59..357.04 rows=90 width=121)
	  ->  Sort  (cost=356.59..356.82 rows=90 width=121)
	        Sort Key: c
	        ->  Index Scan using sbtest2_pkey on sbtest2  (cost=0.43..353.67 rows=90 width=121)
	              Index Cond: ((id >= 3008097) AND (id <= 3008196))

table 3 : explain SELECT DISTINCT c FROM sbtest3 WHERE id BETWEEN 4771480 AND 4771579 ORDER BY c
	Unique  (cost=391.63..392.13 rows=99 width=121)
	  ->  Sort  (cost=391.63..391.88 rows=99 width=121)
	        Sort Key: c
	        ->  Index Scan using sbtest3_pkey on sbtest3  (cost=0.43..388.35 rows=99 width=121)
	              Index Cond: ((id >= 4771480) AND (id <= 4771579))

table 4 : explain SELECT DISTINCT c FROM sbtest4 WHERE id BETWEEN 4217898 AND 4217997 ORDER BY c
	Unique  (cost=395.76..396.26 rows=100 width=121)
	  ->  Sort  (cost=395.76..396.01 rows=100 width=121)
	        Sort Key: c
	        ->  Index Scan using sbtest4_pkey on sbtest4  (cost=0.43..392.44 rows=100 width=121)
	              Index Cond: ((id >= 4217898) AND (id <= 4217997))

table 5 : explain SELECT DISTINCT c FROM sbtest5 WHERE id BETWEEN 4424236 AND 4424335 ORDER BY c
	Unique  (cost=359.66..360.11 rows=91 width=121)
	  ->  Sort  (cost=359.66..359.88 rows=91 width=121)
	        Sort Key: c
	        ->  Index Scan using sbtest5_pkey on sbtest5  (cost=0.43..356.70 rows=91 width=121)
	              Index Cond: ((id >= 4424236) AND (id <= 4424335))

table 6 : explain SELECT DISTINCT c FROM sbtest6 WHERE id BETWEEN 5514346 AND 5514445 ORDER BY c
	Unique  (cost=395.38..395.88 rows=100 width=121)
	  ->  Sort  (cost=395.38..395.63 rows=100 width=121)
	        Sort Key: c
	        ->  Index Scan using sbtest6_pkey on sbtest6  (cost=0.43..392.06 rows=100 width=121)
	              Index Cond: ((id >= 5514346) AND (id <= 5514445))

table 7 : explain SELECT DISTINCT c FROM sbtest7 WHERE id BETWEEN 7756908 AND 7757007 ORDER BY c
	Unique  (cost=408.18..408.69 rows=103 width=121)
	  ->  Sort  (cost=408.18..408.44 rows=103 width=121)
	        Sort Key: c
	        ->  Index Scan using sbtest7_pkey on sbtest7  (cost=0.43..404.74 rows=103 width=121)
	              Index Cond: ((id >= 7756908) AND (id <= 7757007))

table 8 : explain SELECT DISTINCT c FROM sbtest8 WHERE id BETWEEN 2474074 AND 2474173 ORDER BY c
	Unique  (cost=387.98..388.47 rows=98 width=121)
	  ->  Sort  (cost=387.98..388.22 rows=98 width=121)
	        Sort Key: c
	        ->  Index Scan using sbtest8_pkey on sbtest8  (cost=0.43..384.73 rows=98 width=121)
	              Index Cond: ((id >= 2474074) AND (id <= 2474173))

for: simple_ranges
table 1 : explain SELECT c FROM sbtest1 WHERE id BETWEEN 1060515 AND 1060614
	Index Scan using sbtest1_pkey on sbtest1  (cost=0.43..416.81 rows=106 width=121)
	  Index Cond: ((id >= 1060515) AND (id <= 1060614))

table 2 : explain SELECT c FROM sbtest2 WHERE id BETWEEN 7529705 AND 7529804
	Index Scan using sbtest2_pkey on sbtest2  (cost=0.43..408.00 rows=104 width=121)
	  Index Cond: ((id >= 7529705) AND (id <= 7529804))

table 3 : explain SELECT c FROM sbtest3 WHERE id BETWEEN 2135480 AND 2135579
	Index Scan using sbtest3_pkey on sbtest3  (cost=0.43..361.22 rows=92 width=121)
	  Index Cond: ((id >= 2135480) AND (id <= 2135579))

table 4 : explain SELECT c FROM sbtest4 WHERE id BETWEEN 6001493 AND 6001592
	Index Scan using sbtest4_pkey on sbtest4  (cost=0.43..454.48 rows=116 width=121)
	  Index Cond: ((id >= 6001493) AND (id <= 6001592))

table 5 : explain SELECT c FROM sbtest5 WHERE id BETWEEN 1684593 AND 1684692
	Index Scan using sbtest5_pkey on sbtest5  (cost=0.43..430.24 rows=110 width=121)
	  Index Cond: ((id >= 1684593) AND (id <= 1684692))

table 6 : explain SELECT c FROM sbtest6 WHERE id BETWEEN 3378947 AND 3379046
	Index Scan using sbtest6_pkey on sbtest6  (cost=0.43..392.06 rows=100 width=121)
	  Index Cond: ((id >= 3378947) AND (id <= 3379046))

table 7 : explain SELECT c FROM sbtest7 WHERE id BETWEEN 7235863 AND 7235962
	Index Scan using sbtest7_pkey on sbtest7  (cost=0.43..400.85 rows=102 width=121)
	  Index Cond: ((id >= 7235863) AND (id <= 7235962))

table 8 : explain SELECT c FROM sbtest8 WHERE id BETWEEN 1492677 AND 1492776
	Index Scan using sbtest8_pkey on sbtest8  (cost=0.43..380.86 rows=97 width=121)
	  Index Cond: ((id >= 1492677) AND (id <= 1492776))

for: distinct_ranges
table 1 : explain SELECT DISTINCT c FROM sbtest1 WHERE id BETWEEN 3731923 AND 3732022 ORDER BY c
	Unique  (cost=412.52..413.04 rows=104 width=121)
	  ->  Sort  (cost=412.52..412.78 rows=104 width=121)
	        Sort Key: c
	        ->  Index Scan using sbtest1_pkey on sbtest1  (cost=0.43..409.03 rows=104 width=121)
	              Index Cond: ((id >= 3731923) AND (id <= 3732022))

table 2 : explain SELECT DISTINCT c FROM sbtest2 WHERE id BETWEEN 873220 AND 873319 ORDER BY c
	Unique  (cost=380.10..380.58 rows=96 width=121)
	  ->  Sort  (cost=380.10..380.34 rows=96 width=121)
	        Sort Key: c
	        ->  Index Scan using sbtest2_pkey on sbtest2  (cost=0.43..376.94 rows=96 width=121)
	              Index Cond: ((id >= 873220) AND (id <= 873319))

table 3 : explain SELECT DISTINCT c FROM sbtest3 WHERE id BETWEEN 5836284 AND 5836383 ORDER BY c
	Unique  (cost=383.80..384.28 rows=97 width=121)
	  ->  Sort  (cost=383.80..384.04 rows=97 width=121)
	        Sort Key: c
	        ->  Index Scan using sbtest3_pkey on sbtest3  (cost=0.43..380.60 rows=97 width=121)
	              Index Cond: ((id >= 5836284) AND (id <= 5836383))

table 4 : explain SELECT DISTINCT c FROM sbtest4 WHERE id BETWEEN 4887311 AND 4887410 ORDER BY c
	Unique  (cost=419.27..419.80 rows=106 width=121)
	  ->  Sort  (cost=419.27..419.54 rows=106 width=121)
	        Sort Key: c
	        ->  Index Scan using sbtest4_pkey on sbtest4  (cost=0.43..415.71 rows=106 width=121)
	              Index Cond: ((id >= 4887311) AND (id <= 4887410))

table 5 : explain SELECT DISTINCT c FROM sbtest5 WHERE id BETWEEN 7410181 AND 7410280 ORDER BY c
	Unique  (cost=394.87..395.37 rows=100 width=121)
	  ->  Sort  (cost=394.87..395.12 rows=100 width=121)
	        Sort Key: c
	        ->  Index Scan using sbtest5_pkey on sbtest5  (cost=0.43..391.55 rows=100 width=121)
	              Index Cond: ((id >= 7410181) AND (id <= 7410280))

table 6 : explain SELECT DISTINCT c FROM sbtest6 WHERE id BETWEEN 8425602 AND 8425701 ORDER BY c
	Unique  (cost=407.12..407.64 rows=103 width=121)
	  ->  Sort  (cost=407.12..407.38 rows=103 width=121)
	        Sort Key: c
	        ->  Index Scan using sbtest6_pkey on sbtest6  (cost=0.43..403.68 rows=103 width=121)
	              Index Cond: ((id >= 8425602) AND (id <= 8425701))

table 7 : explain SELECT DISTINCT c FROM sbtest7 WHERE id BETWEEN 5590351 AND 5590450 ORDER BY c
	Unique  (cost=372.83..373.30 rows=94 width=121)
	  ->  Sort  (cost=372.83..373.06 rows=94 width=121)
	        Sort Key: c
	        ->  Index Scan using sbtest7_pkey on sbtest7  (cost=0.43..369.74 rows=94 width=121)
	              Index Cond: ((id >= 5590351) AND (id <= 5590450))

table 8 : explain SELECT DISTINCT c FROM sbtest8 WHERE id BETWEEN 7905365 AND 7905464 ORDER BY c
	Unique  (cost=387.98..388.47 rows=98 width=121)
	  ->  Sort  (cost=387.98..388.22 rows=98 width=121)
	        Sort Key: c
	        ->  Index Scan using sbtest8_pkey on sbtest8  (cost=0.43..384.73 rows=98 width=121)
	              Index Cond: ((id >= 7905365) AND (id <= 7905464))

for: order_ranges
table 1 : explain SELECT c FROM sbtest1 WHERE id BETWEEN 9827352 AND 9827451 ORDER BY c
	Sort  (cost=384.98..385.23 rows=97 width=121)
	  Sort Key: c
	  ->  Index Scan using sbtest1_pkey on sbtest1  (cost=0.43..381.78 rows=97 width=121)
	        Index Cond: ((id >= 9827352) AND (id <= 9827451))

table 2 : explain SELECT c FROM sbtest2 WHERE id BETWEEN 6080968 AND 6081067 ORDER BY c
	Sort  (cost=427.16..427.43 rows=108 width=121)
	  Sort Key: c
	  ->  Index Scan using sbtest2_pkey on sbtest2  (cost=0.43..423.51 rows=108 width=121)
	        Index Cond: ((id >= 6080968) AND (id <= 6081067))

table 3 : explain SELECT c FROM sbtest3 WHERE id BETWEEN 6282783 AND 6282882 ORDER BY c
	Sort  (cost=360.30..360.53 rows=91 width=121)
	  Sort Key: c
	  ->  Index Scan using sbtest3_pkey on sbtest3  (cost=0.43..357.34 rows=91 width=121)
	        Index Cond: ((id >= 6282783) AND (id <= 6282882))

table 4 : explain SELECT c FROM sbtest4 WHERE id BETWEEN 6934985 AND 6935084 ORDER BY c
	Sort  (cost=383.97..384.22 rows=97 width=121)
	  Sort Key: c
	  ->  Index Scan using sbtest4_pkey on sbtest4  (cost=0.43..380.77 rows=97 width=121)
	        Index Cond: ((id >= 6934985) AND (id <= 6935084))

table 5 : explain SELECT c FROM sbtest5 WHERE id BETWEEN 3360178 AND 3360277 ORDER BY c
	Sort  (cost=379.20..379.44 rows=96 width=121)
	  Sort Key: c
	  ->  Index Scan using sbtest5_pkey on sbtest5  (cost=0.43..376.04 rows=96 width=121)
	        Index Cond: ((id >= 3360178) AND (id <= 3360277))

table 6 : explain SELECT c FROM sbtest6 WHERE id BETWEEN 3267001 AND 3267100 ORDER BY c
	Sort  (cost=383.60..383.85 rows=97 width=121)
	  Sort Key: c
	  ->  Index Scan using sbtest6_pkey on sbtest6  (cost=0.43..380.40 rows=97 width=121)
	        Index Cond: ((id >= 3267001) AND (id <= 3267100))

table 7 : explain SELECT c FROM sbtest7 WHERE id BETWEEN 6688965 AND 6689064 ORDER BY c
	Sort  (cost=404.25..404.51 rows=102 width=121)
	  Sort Key: c
	  ->  Index Scan using sbtest7_pkey on sbtest7  (cost=0.43..400.85 rows=102 width=121)
	        Index Cond: ((id >= 6688965) AND (id <= 6689064))

table 8 : explain SELECT c FROM sbtest8 WHERE id BETWEEN 6662752 AND 6662851 ORDER BY c
	Sort  (cost=415.44..415.71 rows=105 width=121)
	  Sort Key: c
	  ->  Index Scan using sbtest8_pkey on sbtest8  (cost=0.43..411.92 rows=105 width=121)
	        Index Cond: ((id >= 6662752) AND (id <= 6662851))

explain: for index_updates :: explain UPDATE sbtest%u SET k=k+1 WHERE id=%u
explain: for index_updates :: explain UPDATE sbtest%u SET k=k+1 WHERE id=%u
for point_selects
table 1 : explain SELECT c FROM sbtest1 WHERE id=6548314
	Index Scan using sbtest1_pkey on sbtest1  (cost=0.43..8.45 rows=1 width=121)
	  Index Cond: (id = 6548314)

table 2 : explain SELECT c FROM sbtest2 WHERE id=2342338
	Index Scan using sbtest2_pkey on sbtest2  (cost=0.43..8.45 rows=1 width=121)
	  Index Cond: (id = 2342338)

table 3 : explain SELECT c FROM sbtest3 WHERE id=3512264
	Index Scan using sbtest3_pkey on sbtest3  (cost=0.43..8.45 rows=1 width=121)
	  Index Cond: (id = 3512264)

table 4 : explain SELECT c FROM sbtest4 WHERE id=7428296
	Index Scan using sbtest4_pkey on sbtest4  (cost=0.43..8.45 rows=1 width=121)
	  Index Cond: (id = 7428296)

table 5 : explain SELECT c FROM sbtest5 WHERE id=6901124
	Index Scan using sbtest5_pkey on sbtest5  (cost=0.43..8.45 rows=1 width=121)
	  Index Cond: (id = 6901124)

table 6 : explain SELECT c FROM sbtest6 WHERE id=8536667
	Index Scan using sbtest6_pkey on sbtest6  (cost=0.43..8.45 rows=1 width=121)
	  Index Cond: (id = 8536667)

table 7 : explain SELECT c FROM sbtest7 WHERE id=535835
	Index Scan using sbtest7_pkey on sbtest7  (cost=0.43..8.45 rows=1 width=121)
	  Index Cond: (id = 535835)

table 8 : explain SELECT c FROM sbtest8 WHERE id=4212179
	Index Scan using sbtest8_pkey on sbtest8  (cost=0.43..8.45 rows=1 width=121)
	  Index Cond: (id = 4212179)

explain: for point_selects :: explain SELECT c FROM sbtest%u WHERE id=%u
for index_updates
table 1 : explain UPDATE sbtest1 SET k=k+1 WHERE id=3549633
	Update on sbtest1  (cost=0.43..8.46 rows=0 width=0)
	  ->  Index Scan using sbtest1_pkey on sbtest1  (cost=0.43..8.46 rows=1 width=10)
	        Index Cond: (id = 3549633)

table 2 : explain UPDATE sbtest2 SET k=k+1 WHERE id=4525411
	Update on sbtest2  (cost=0.43..8.46 rows=0 width=0)
	  ->  Index Scan using sbtest2_pkey on sbtest2  (cost=0.43..8.46 rows=1 width=10)
	        Index Cond: (id = 4525411)

table 3 : explain UPDATE sbtest3 SET k=k+1 WHERE id=405054
	Update on sbtest3  (cost=0.43..8.46 rows=0 width=0)
	  ->  Index Scan using sbtest3_pkey on sbtest3  (cost=0.43..8.46 rows=1 width=10)
	        Index Cond: (id = 405054)

table 4 : explain UPDATE sbtest4 SET k=k+1 WHERE id=1075987
	Update on sbtest4  (cost=0.43..8.46 rows=0 width=0)
	  ->  Index Scan using sbtest4_pkey on sbtest4  (cost=0.43..8.46 rows=1 width=10)
	        Index Cond: (id = 1075987)

table 5 : explain UPDATE sbtest5 SET k=k+1 WHERE id=2563231
	Update on sbtest5  (cost=0.43..8.46 rows=0 width=0)
	  ->  Index Scan using sbtest5_pkey on sbtest5  (cost=0.43..8.46 rows=1 width=10)
	        Index Cond: (id = 2563231)

table 6 : explain UPDATE sbtest6 SET k=k+1 WHERE id=2350646
	Update on sbtest6  (cost=0.43..8.46 rows=0 width=0)
	  ->  Index Scan using sbtest6_pkey on sbtest6  (cost=0.43..8.46 rows=1 width=10)
	        Index Cond: (id = 2350646)

table 7 : explain UPDATE sbtest7 SET k=k+1 WHERE id=2583221
	Update on sbtest7  (cost=0.43..8.46 rows=0 width=0)
	  ->  Index Scan using sbtest7_pkey on sbtest7  (cost=0.43..8.46 rows=1 width=10)
	        Index Cond: (id = 2583221)

table 8 : explain UPDATE sbtest8 SET k=k+1 WHERE id=4258779
	Update on sbtest8  (cost=0.43..8.46 rows=0 width=0)
	  ->  Index Scan using sbtest8_pkey on sbtest8  (cost=0.43..8.46 rows=1 width=10)
	        Index Cond: (id = 4258779)

for: distinct_ranges
table 1 : explain SELECT DISTINCT c FROM sbtest1 WHERE id BETWEEN 6368413 AND 6368512 ORDER BY c
	Unique  (cost=408.59..409.10 rows=103 width=121)
	  ->  Sort  (cost=408.59..408.85 rows=103 width=121)
	        Sort Key: c
	        ->  Index Scan using sbtest1_pkey on sbtest1  (cost=0.43..405.14 rows=103 width=121)
	              Index Cond: ((id >= 6368413) AND (id <= 6368512))

table 2 : explain SELECT DISTINCT c FROM sbtest2 WHERE id BETWEEN 8794279 AND 8794378 ORDER BY c
	Unique  (cost=387.94..388.43 rows=98 width=121)
	  ->  Sort  (cost=387.94..388.18 rows=98 width=121)
	        Sort Key: c
	        ->  Index Scan using sbtest2_pkey on sbtest2  (cost=0.43..384.69 rows=98 width=121)
	              Index Cond: ((id >= 8794279) AND (id <= 8794378))

table 3 : explain SELECT DISTINCT c FROM sbtest3 WHERE id BETWEEN 6067291 AND 6067390 ORDER BY c
	Unique  (cost=391.63..392.13 rows=99 width=121)
	  ->  Sort  (cost=391.63..391.88 rows=99 width=121)
	        Sort Key: c
	        ->  Index Scan using sbtest3_pkey on sbtest3  (cost=0.43..388.35 rows=99 width=121)
	              Index Cond: ((id >= 6067291) AND (id <= 6067390))

table 4 : explain SELECT DISTINCT c FROM sbtest4 WHERE id BETWEEN 1072469 AND 1072568 ORDER BY c
	Unique  (cost=391.81..392.30 rows=99 width=121)
	  ->  Sort  (cost=391.81..392.06 rows=99 width=121)
	        Sort Key: c
	        ->  Index Scan using sbtest4_pkey on sbtest4  (cost=0.43..388.53 rows=99 width=121)
	              Index Cond: ((id >= 1072469) AND (id <= 1072568))

table 5 : explain SELECT DISTINCT c FROM sbtest5 WHERE id BETWEEN 2969797 AND 2969896 ORDER BY c
	Unique  (cost=379.20..379.68 rows=96 width=121)
	  ->  Sort  (cost=379.20..379.44 rows=96 width=121)
	        Sort Key: c
	        ->  Index Scan using sbtest5_pkey on sbtest5  (cost=0.43..376.04 rows=96 width=121)
	              Index Cond: ((id >= 2969797) AND (id <= 2969896))

table 6 : explain SELECT DISTINCT c FROM sbtest6 WHERE id BETWEEN 1021119 AND 1021218 ORDER BY c
	Unique  (cost=426.70..427.24 rows=108 width=121)
	  ->  Sort  (cost=426.70..426.97 rows=108 width=121)
	        Sort Key: c
	        ->  Index Scan using sbtest6_pkey on sbtest6  (cost=0.43..423.05 rows=108 width=121)
	              Index Cond: ((id >= 1021119) AND (id <= 1021218))

table 7 : explain SELECT DISTINCT c FROM sbtest7 WHERE id BETWEEN 994877 AND 994976 ORDER BY c
	Unique  (cost=404.25..404.76 rows=102 width=121)
	  ->  Sort  (cost=404.25..404.51 rows=102 width=121)
	        Sort Key: c
	        ->  Index Scan using sbtest7_pkey on sbtest7  (cost=0.43..400.85 rows=102 width=121)
	              Index Cond: ((id >= 994877) AND (id <= 994976))

table 8 : explain SELECT DISTINCT c FROM sbtest8 WHERE id BETWEEN 5465951 AND 5466050 ORDER BY c
	Unique  (cost=407.61..408.12 rows=103 width=121)
	  ->  Sort  (cost=407.61..407.86 rows=103 width=121)
	        Sort Key: c
	        ->  Index Scan using sbtest8_pkey on sbtest8  (cost=0.43..404.16 rows=103 width=121)
	              Index Cond: ((id >= 5465951) AND (id <= 5466050))

for index_updates
table 1 : explain UPDATE sbtest1 SET k=k+1 WHERE id=3373954
	Update on sbtest1  (cost=0.43..8.46 rows=0 width=0)
	  ->  Index Scan using sbtest1_pkey on sbtest1  (cost=0.43..8.46 rows=1 width=10)
	        Index Cond: (id = 3373954)

table 2 : explain UPDATE sbtest2 SET k=k+1 WHERE id=9799490
	Update on sbtest2  (cost=0.43..8.46 rows=0 width=0)
	  ->  Index Scan using sbtest2_pkey on sbtest2  (cost=0.43..8.46 rows=1 width=10)
	        Index Cond: (id = 9799490)

table 3 : explain UPDATE sbtest3 SET k=k+1 WHERE id=2889636
	Update on sbtest3  (cost=0.43..8.46 rows=0 width=0)
	  ->  Index Scan using sbtest3_pkey on sbtest3  (cost=0.43..8.46 rows=1 width=10)
	        Index Cond: (id = 2889636)

table 4 : explain UPDATE sbtest4 SET k=k+1 WHERE id=1043222
	Update on sbtest4  (cost=0.43..8.46 rows=0 width=0)
	  ->  Index Scan using sbtest4_pkey on sbtest4  (cost=0.43..8.46 rows=1 width=10)
	        Index Cond: (id = 1043222)

table 5 : explain UPDATE sbtest5 SET k=k+1 WHERE id=6029600
	Update on sbtest5  (cost=0.43..8.46 rows=0 width=0)
	  ->  Index Scan using sbtest5_pkey on sbtest5  (cost=0.43..8.46 rows=1 width=10)
	        Index Cond: (id = 6029600)

table 6 : explain UPDATE sbtest6 SET k=k+1 WHERE id=4867992
	Update on sbtest6  (cost=0.43..8.46 rows=0 width=0)
	  ->  Index Scan using sbtest6_pkey on sbtest6  (cost=0.43..8.46 rows=1 width=10)
	        Index Cond: (id = 4867992)

table 7 : explain UPDATE sbtest7 SET k=k+1 WHERE id=9871734
	Update on sbtest7  (cost=0.43..8.46 rows=0 width=0)
	  ->  Index Scan using sbtest7_pkey on sbtest7  (cost=0.43..8.46 rows=1 width=10)
	        Index Cond: (id = 9871734)

table 8 : explain UPDATE sbtest8 SET k=k+1 WHERE id=286974
	Update on sbtest8  (cost=0.43..8.46 rows=0 width=0)
	  ->  Index Scan using sbtest8_pkey on sbtest8  (cost=0.43..8.46 rows=1 width=10)
	        Index Cond: (id = 286974)

explain: for non_index_updates :: explain UPDATE sbtest%u SET c='foobar' WHERE id=%u
explain: for index_updates :: explain UPDATE sbtest%u SET k=k+1 WHERE id=%u
for: sum_ranges
table 1 : explain SELECT SUM(k) FROM sbtest1 WHERE id BETWEEN 2517531 AND 2517630
	Aggregate  (cost=397.59..397.60 rows=1 width=8)
	  ->  Index Scan using sbtest1_pkey on sbtest1  (cost=0.43..397.34 rows=101 width=4)
	        Index Cond: ((id >= 2517531) AND (id <= 2517630))

table 2 : explain SELECT SUM(k) FROM sbtest2 WHERE id BETWEEN 9792783 AND 9792882
	Aggregate  (cost=377.18..377.19 rows=1 width=8)
	  ->  Index Scan using sbtest2_pkey on sbtest2  (cost=0.43..376.94 rows=96 width=4)
	        Index Cond: ((id >= 9792783) AND (id <= 9792882))

table 3 : explain SELECT SUM(k) FROM sbtest3 WHERE id BETWEEN 2934276 AND 2934375
	Aggregate  (cost=384.72..384.73 rows=1 width=8)
	  ->  Index Scan using sbtest3_pkey on sbtest3  (cost=0.43..384.47 rows=98 width=4)
	        Index Cond: ((id >= 2934276) AND (id <= 2934375))

table 4 : explain SELECT SUM(k) FROM sbtest4 WHERE id BETWEEN 21023 AND 21122
	Aggregate  (cost=415.97..415.98 rows=1 width=8)
	  ->  Index Scan using sbtest4_pkey on sbtest4  (cost=0.43..415.71 rows=106 width=4)
	        Index Cond: ((id >= 21023) AND (id <= 21122))

table 5 : explain SELECT SUM(k) FROM sbtest5 WHERE id BETWEEN 9814360 AND 9814459
	Aggregate  (cost=364.67..364.68 rows=1 width=8)
	  ->  Index Scan using sbtest5_pkey on sbtest5  (cost=0.43..364.43 rows=93 width=4)
	        Index Cond: ((id >= 9814360) AND (id <= 9814459))

table 6 : explain SELECT SUM(k) FROM sbtest6 WHERE id BETWEEN 9363941 AND 9364040
	Aggregate  (cost=372.89..372.90 rows=1 width=8)
	  ->  Index Scan using sbtest6_pkey on sbtest6  (cost=0.43..372.65 rows=95 width=4)
	        Index Cond: ((id >= 9363941) AND (id <= 9364040))

table 7 : explain SELECT SUM(k) FROM sbtest7 WHERE id BETWEEN 3620360 AND 3620459
	Aggregate  (cost=373.87..373.88 rows=1 width=8)
	  ->  Index Scan using sbtest7_pkey on sbtest7  (cost=0.43..373.63 rows=95 width=4)
	        Index Cond: ((id >= 3620360) AND (id <= 3620459))

table 8 : explain SELECT SUM(k) FROM sbtest8 WHERE id BETWEEN 9053424 AND 9053523
	Aggregate  (cost=396.66..396.67 rows=1 width=8)
	  ->  Index Scan using sbtest8_pkey on sbtest8  (cost=0.43..396.41 rows=101 width=4)
	        Index Cond: ((id >= 9053424) AND (id <= 9053523))

explain: for non_index_updates :: explain UPDATE sbtest%u SET c='foobar' WHERE id=%u
for non_index_updates
table 1 : explain UPDATE sbtest1 SET c='foobar' WHERE id=5322021
	Update on sbtest1  (cost=0.43..8.45 rows=0 width=0)
	  ->  Index Scan using sbtest1_pkey on sbtest1  (cost=0.43..8.45 rows=1 width=490)
	        Index Cond: (id = 5322021)

table 2 : explain UPDATE sbtest2 SET c='foobar' WHERE id=4172314
	Update on sbtest2  (cost=0.43..8.45 rows=0 width=0)
	  ->  Index Scan using sbtest2_pkey on sbtest2  (cost=0.43..8.45 rows=1 width=490)
	        Index Cond: (id = 4172314)

table 3 : explain UPDATE sbtest3 SET c='foobar' WHERE id=9123372
	Update on sbtest3  (cost=0.43..8.45 rows=0 width=0)
	  ->  Index Scan using sbtest3_pkey on sbtest3  (cost=0.43..8.45 rows=1 width=490)
	        Index Cond: (id = 9123372)

table 4 : explain UPDATE sbtest4 SET c='foobar' WHERE id=6358892
	Update on sbtest4  (cost=0.43..8.45 rows=0 width=0)
	  ->  Index Scan using sbtest4_pkey on sbtest4  (cost=0.43..8.45 rows=1 width=490)
	        Index Cond: (id = 6358892)

table 5 : explain UPDATE sbtest5 SET c='foobar' WHERE id=5411421
	Update on sbtest5  (cost=0.43..8.45 rows=0 width=0)
	  ->  Index Scan using sbtest5_pkey on sbtest5  (cost=0.43..8.45 rows=1 width=490)
	        Index Cond: (id = 5411421)

table 6 : explain UPDATE sbtest6 SET c='foobar' WHERE id=335484
	Update on sbtest6  (cost=0.43..8.45 rows=0 width=0)
	  ->  Index Scan using sbtest6_pkey on sbtest6  (cost=0.43..8.45 rows=1 width=490)
	        Index Cond: (id = 335484)

table 7 : explain UPDATE sbtest7 SET c='foobar' WHERE id=8594873
	Update on sbtest7  (cost=0.43..8.45 rows=0 width=0)
	  ->  Index Scan using sbtest7_pkey on sbtest7  (cost=0.43..8.45 rows=1 width=490)
	        Index Cond: (id = 8594873)

table 8 : explain UPDATE sbtest8 SET c='foobar' WHERE id=4319061
	Update on sbtest8  (cost=0.43..8.45 rows=0 width=0)
	  ->  Index Scan using sbtest8_pkey on sbtest8  (cost=0.43..8.45 rows=1 width=490)
	        Index Cond: (id = 4319061)

for: sum_ranges
table 1 : explain SELECT SUM(k) FROM sbtest1 WHERE id BETWEEN 4100371 AND 4100470
	Aggregate  (cost=350.90..350.91 rows=1 width=8)
	  ->  Index Scan using sbtest1_pkey on sbtest1  (cost=0.43..350.68 rows=89 width=4)
	        Index Cond: ((id >= 4100371) AND (id <= 4100470))

table 2 : explain SELECT SUM(k) FROM sbtest2 WHERE id BETWEEN 5509646 AND 5509745
	Aggregate  (cost=365.54..365.55 rows=1 width=8)
	  ->  Index Scan using sbtest2_pkey on sbtest2  (cost=0.43..365.30 rows=93 width=4)
	        Index Cond: ((id >= 5509646) AND (id <= 5509745))

table 3 : explain SELECT SUM(k) FROM sbtest3 WHERE id BETWEEN 8882667 AND 8882766
	Aggregate  (cost=357.57..357.58 rows=1 width=8)
	  ->  Index Scan using sbtest3_pkey on sbtest3  (cost=0.43..357.34 rows=91 width=4)
	        Index Cond: ((id >= 8882667) AND (id <= 8882766))

table 4 : explain SELECT SUM(k) FROM sbtest4 WHERE id BETWEEN 2963449 AND 2963548
	Aggregate  (cost=431.49..431.50 rows=1 width=8)
	  ->  Index Scan using sbtest4_pkey on sbtest4  (cost=0.43..431.22 rows=110 width=4)
	        Index Cond: ((id >= 2963449) AND (id <= 2963548))

table 5 : explain SELECT SUM(k) FROM sbtest5 WHERE id BETWEEN 2642696 AND 2642795
	Aggregate  (cost=384.02..384.03 rows=1 width=8)
	  ->  Index Scan using sbtest5_pkey on sbtest5  (cost=0.43..383.78 rows=98 width=4)
	        Index Cond: ((id >= 2642696) AND (id <= 2642795))

table 6 : explain SELECT SUM(k) FROM sbtest6 WHERE id BETWEEN 1076002 AND 1076101
	Aggregate  (cost=423.32..423.33 rows=1 width=8)
	  ->  Index Scan using sbtest6_pkey on sbtest6  (cost=0.43..423.05 rows=108 width=4)
	        Index Cond: ((id >= 1076002) AND (id <= 1076101))

table 7 : explain SELECT SUM(k) FROM sbtest7 WHERE id BETWEEN 2809607 AND 2809706
	Aggregate  (cost=385.53..385.54 rows=1 width=8)
	  ->  Index Scan using sbtest7_pkey on sbtest7  (cost=0.43..385.28 rows=98 width=4)
	        Index Cond: ((id >= 2809607) AND (id <= 2809706))

table 8 : explain SELECT SUM(k) FROM sbtest8 WHERE id BETWEEN 5106493 AND 5106592
	Aggregate  (cost=396.66..396.67 rows=1 width=8)
	  ->  Index Scan using sbtest8_pkey on sbtest8  (cost=0.43..396.41 rows=101 width=4)
	        Index Cond: ((id >= 5106493) AND (id <= 5106592))

for: distinct_ranges
table 1 : explain SELECT DISTINCT c FROM sbtest1 WHERE id BETWEEN 3896563 AND 3896662 ORDER BY c
	Unique  (cost=349.63..350.07 rows=88 width=121)
	  ->  Sort  (cost=349.63..349.85 rows=88 width=121)
	        Sort Key: c
	        ->  Index Scan using sbtest1_pkey on sbtest1  (cost=0.43..346.79 rows=88 width=121)
	              Index Cond: ((id >= 3896563) AND (id <= 3896662))

table 2 : explain SELECT DISTINCT c FROM sbtest2 WHERE id BETWEEN 3044338 AND 3044437 ORDER BY c
	Unique  (cost=399.69..400.20 rows=101 width=121)
	  ->  Sort  (cost=399.69..399.94 rows=101 width=121)
	        Sort Key: c
	        ->  Index Scan using sbtest2_pkey on sbtest2  (cost=0.43..396.33 rows=101 width=121)
	              Index Cond: ((id >= 3044338) AND (id <= 3044437))

table 3 : explain SELECT DISTINCT c FROM sbtest3 WHERE id BETWEEN 8965069 AND 8965168 ORDER BY c
	Unique  (cost=403.42..403.93 rows=102 width=121)
	  ->  Sort  (cost=403.42..403.67 rows=102 width=121)
	        Sort Key: c
	        ->  Index Scan using sbtest3_pkey on sbtest3  (cost=0.43..400.01 rows=102 width=121)
	              Index Cond: ((id >= 8965069) AND (id <= 8965168))

table 4 : explain SELECT DISTINCT c FROM sbtest4 WHERE id BETWEEN 6055510 AND 6055609 ORDER BY c
	Unique  (cost=458.46..459.04 rows=116 width=121)
	  ->  Sort  (cost=458.46..458.75 rows=116 width=121)
	        Sort Key: c
	        ->  Index Scan using sbtest4_pkey on sbtest4  (cost=0.43..454.48 rows=116 width=121)
	              Index Cond: ((id >= 6055510) AND (id <= 6055609))

table 5 : explain SELECT DISTINCT c FROM sbtest5 WHERE id BETWEEN 9711937 AND 9712036 ORDER BY c
	Unique  (cost=375.29..375.77 rows=95 width=121)
	  ->  Sort  (cost=375.29..375.53 rows=95 width=121)
	        Sort Key: c
	        ->  Index Scan using sbtest5_pkey on sbtest5  (cost=0.43..372.17 rows=95 width=121)
	              Index Cond: ((id >= 9711937) AND (id <= 9712036))

table 6 : explain SELECT DISTINCT c FROM sbtest6 WHERE id BETWEEN 8812101 AND 8812200 ORDER BY c
	Unique  (cost=367.95..368.41 rows=93 width=121)
	  ->  Sort  (cost=367.95..368.18 rows=93 width=121)
	        Sort Key: c
	        ->  Index Scan using sbtest6_pkey on sbtest6  (cost=0.43..364.91 rows=93 width=121)
	              Index Cond: ((id >= 8812101) AND (id <= 8812200))

table 7 : explain SELECT DISTINCT c FROM sbtest7 WHERE id BETWEEN 735551 AND 735650 ORDER BY c
	Unique  (cost=404.25..404.76 rows=102 width=121)
	  ->  Sort  (cost=404.25..404.51 rows=102 width=121)
	        Sort Key: c
	        ->  Index Scan using sbtest7_pkey on sbtest7  (cost=0.43..400.85 rows=102 width=121)
	              Index Cond: ((id >= 735551) AND (id <= 735650))

table 8 : explain SELECT DISTINCT c FROM sbtest8 WHERE id BETWEEN 8617019 AND 8617118 ORDER BY c
	Unique  (cost=387.98..388.47 rows=98 width=121)
	  ->  Sort  (cost=387.98..388.22 rows=98 width=121)
	        Sort Key: c
	        ->  Index Scan using sbtest8_pkey on sbtest8  (cost=0.43..384.73 rows=98 width=121)
	              Index Cond: ((id >= 8617019) AND (id <= 8617118))

for non_index_updates
table 1 : explain UPDATE sbtest1 SET c='foobar' WHERE id=4815537
	Update on sbtest1  (cost=0.43..8.45 rows=0 width=0)
	  ->  Index Scan using sbtest1_pkey on sbtest1  (cost=0.43..8.45 rows=1 width=490)
	        Index Cond: (id = 4815537)

table 2 : explain UPDATE sbtest2 SET c='foobar' WHERE id=852281
	Update on sbtest2  (cost=0.43..8.45 rows=0 width=0)
	  ->  Index Scan using sbtest2_pkey on sbtest2  (cost=0.43..8.45 rows=1 width=490)
	        Index Cond: (id = 852281)

table 3 : explain UPDATE sbtest3 SET c='foobar' WHERE id=978713
	Update on sbtest3  (cost=0.43..8.45 rows=0 width=0)
	  ->  Index Scan using sbtest3_pkey on sbtest3  (cost=0.43..8.45 rows=1 width=490)
	        Index Cond: (id = 978713)

table 4 : explain UPDATE sbtest4 SET c='foobar' WHERE id=6896536
	Update on sbtest4  (cost=0.43..8.45 rows=0 width=0)
	  ->  Index Scan using sbtest4_pkey on sbtest4  (cost=0.43..8.45 rows=1 width=490)
	        Index Cond: (id = 6896536)

table 5 : explain UPDATE sbtest5 SET c='foobar' WHERE id=8100833
	Update on sbtest5  (cost=0.43..8.45 rows=0 width=0)
	  ->  Index Scan using sbtest5_pkey on sbtest5  (cost=0.43..8.45 rows=1 width=490)
	        Index Cond: (id = 8100833)

table 6 : explain UPDATE sbtest6 SET c='foobar' WHERE id=2993955
	Update on sbtest6  (cost=0.43..8.45 rows=0 width=0)
	  ->  Index Scan using sbtest6_pkey on sbtest6  (cost=0.43..8.45 rows=1 width=490)
	        Index Cond: (id = 2993955)

table 7 : explain UPDATE sbtest7 SET c='foobar' WHERE id=8347704
	Update on sbtest7  (cost=0.43..8.45 rows=0 width=0)
	  ->  Index Scan using sbtest7_pkey on sbtest7  (cost=0.43..8.45 rows=1 width=490)
	        Index Cond: (id = 8347704)

table 8 : explain UPDATE sbtest8 SET c='foobar' WHERE id=8429708
	Update on sbtest8  (cost=0.43..8.45 rows=0 width=0)
	  ->  Index Scan using sbtest8_pkey on sbtest8  (cost=0.43..8.45 rows=1 width=490)
	        Index Cond: (id = 8429708)

for: sum_ranges
table 1 : explain SELECT SUM(k) FROM sbtest1 WHERE id BETWEEN 158776 AND 158875
	Aggregate  (cost=428.75..428.76 rows=1 width=8)
	  ->  Index Scan using sbtest1_pkey on sbtest1  (cost=0.43..428.47 rows=109 width=4)
	        Index Cond: ((id >= 158776) AND (id <= 158875))

table 2 : explain SELECT SUM(k) FROM sbtest2 WHERE id BETWEEN 1689099 AND 1689198
	Aggregate  (cost=334.49..334.50 rows=1 width=8)
	  ->  Index Scan using sbtest2_pkey on sbtest2  (cost=0.43..334.28 rows=85 width=4)
	        Index Cond: ((id >= 1689099) AND (id <= 1689198))

table 3 : explain SELECT SUM(k) FROM sbtest3 WHERE id BETWEEN 3556215 AND 3556314
	Aggregate  (cost=408.02..408.03 rows=1 width=8)
	  ->  Index Scan using sbtest3_pkey on sbtest3  (cost=0.43..407.76 rows=104 width=4)
	        Index Cond: ((id >= 3556215) AND (id <= 3556314))

table 4 : explain SELECT SUM(k) FROM sbtest4 WHERE id BETWEEN 5079229 AND 5079328
	Aggregate  (cost=384.89..384.90 rows=1 width=8)
	  ->  Index Scan using sbtest4_pkey on sbtest4  (cost=0.43..384.65 rows=98 width=4)
	        Index Cond: ((id >= 5079229) AND (id <= 5079328))

table 5 : explain SELECT SUM(k) FROM sbtest5 WHERE id BETWEEN 9990341 AND 9990440
	Aggregate  (cost=422.77..422.78 rows=1 width=8)
	  ->  Index Scan using sbtest5_pkey on sbtest5  (cost=0.43..422.50 rows=108 width=4)
	        Index Cond: ((id >= 9990341) AND (id <= 9990440))

table 6 : explain SELECT SUM(k) FROM sbtest6 WHERE id BETWEEN 5290623 AND 5290722
	Aggregate  (cost=431.07..431.08 rows=1 width=8)
	  ->  Index Scan using sbtest6_pkey on sbtest6  (cost=0.43..430.80 rows=110 width=4)
	        Index Cond: ((id >= 5290623) AND (id <= 5290722))

table 7 : explain SELECT SUM(k) FROM sbtest7 WHERE id BETWEEN 2611247 AND 2611346
	Aggregate  (cost=412.77..412.78 rows=1 width=8)
	  ->  Index Scan using sbtest7_pkey on sbtest7  (cost=0.43..412.50 rows=105 width=4)
	        Index Cond: ((id >= 2611247) AND (id <= 2611346))

table 8 : explain SELECT SUM(k) FROM sbtest8 WHERE id BETWEEN 311194 AND 311293
	Aggregate  (cost=388.90..388.91 rows=1 width=8)
	  ->  Index Scan using sbtest8_pkey on sbtest8  (cost=0.43..388.65 rows=99 width=4)
	        Index Cond: ((id >= 311194) AND (id <= 311293))

explain: for point_selects :: explain SELECT c FROM sbtest%u WHERE id=%u
explain: for deletes :: explain DELETE FROM sbtest%u WHERE id=%u
explain: for point_selects :: explain SELECT c FROM sbtest%u WHERE id=%u
for: distinct_ranges
table 1 : explain SELECT DISTINCT c FROM sbtest1 WHERE id BETWEEN 3447367 AND 3447466 ORDER BY c
	Unique  (cost=381.06..381.54 rows=96 width=121)
	  ->  Sort  (cost=381.06..381.30 rows=96 width=121)
	        Sort Key: c
	        ->  Index Scan using sbtest1_pkey on sbtest1  (cost=0.43..377.89 rows=96 width=121)
	              Index Cond: ((id >= 3447367) AND (id <= 3447466))

table 2 : explain SELECT DISTINCT c FROM sbtest2 WHERE id BETWEEN 5487577 AND 5487676 ORDER BY c
	Unique  (cost=368.35..368.81 rows=93 width=121)
	  ->  Sort  (cost=368.35..368.58 rows=93 width=121)
	        Sort Key: c
	        ->  Index Scan using sbtest2_pkey on sbtest2  (cost=0.43..365.30 rows=93 width=121)
	              Index Cond: ((id >= 5487577) AND (id <= 5487676))

table 3 : explain SELECT DISTINCT c FROM sbtest3 WHERE id BETWEEN 3986629 AND 3986728 ORDER BY c
	Unique  (cost=383.80..384.28 rows=97 width=121)
	  ->  Sort  (cost=383.80..384.04 rows=97 width=121)
	        Sort Key: c
	        ->  Index Scan using sbtest3_pkey on sbtest3  (cost=0.43..380.60 rows=97 width=121)
	              Index Cond: ((id >= 3986629) AND (id <= 3986728))

table 4 : explain SELECT DISTINCT c FROM sbtest4 WHERE id BETWEEN 374762 AND 374861 ORDER BY c
	Unique  (cost=391.81..392.30 rows=99 width=121)
	  ->  Sort  (cost=391.81..392.06 rows=99 width=121)
	        Sort Key: c
	        ->  Index Scan using sbtest4_pkey on sbtest4  (cost=0.43..388.53 rows=99 width=121)
	              Index Cond: ((id >= 374762) AND (id <= 374861))

table 5 : explain SELECT DISTINCT c FROM sbtest5 WHERE id BETWEEN 9311222 AND 9311321 ORDER BY c
	Unique  (cost=390.93..391.42 rows=99 width=121)
	  ->  Sort  (cost=390.93..391.17 rows=99 width=121)
	        Sort Key: c
	        ->  Index Scan using sbtest5_pkey on sbtest5  (cost=0.43..387.64 rows=99 width=121)
	              Index Cond: ((id >= 9311222) AND (id <= 9311321))

table 6 : explain SELECT DISTINCT c FROM sbtest6 WHERE id BETWEEN 1724392 AND 1724491 ORDER BY c
	Unique  (cost=391.47..391.96 rows=99 width=121)
	  ->  Sort  (cost=391.47..391.71 rows=99 width=121)
	        Sort Key: c
	        ->  Index Scan using sbtest6_pkey on sbtest6  (cost=0.43..388.19 rows=99 width=121)
	              Index Cond: ((id >= 1724392) AND (id <= 1724491))

table 7 : explain SELECT DISTINCT c FROM sbtest7 WHERE id BETWEEN 9284264 AND 9284363 ORDER BY c
	Unique  (cost=376.75..377.22 rows=95 width=121)
	  ->  Sort  (cost=376.75..376.99 rows=95 width=121)
	        Sort Key: c
	        ->  Index Scan using sbtest7_pkey on sbtest7  (cost=0.43..373.63 rows=95 width=121)
	              Index Cond: ((id >= 9284264) AND (id <= 9284363))

table 8 : explain SELECT DISTINCT c FROM sbtest8 WHERE id BETWEEN 8314406 AND 8314505 ORDER BY c
	Unique  (cost=376.22..376.70 rows=95 width=121)
	  ->  Sort  (cost=376.22..376.46 rows=95 width=121)
	        Sort Key: c
	        ->  Index Scan using sbtest8_pkey on sbtest8  (cost=0.43..373.10 rows=95 width=121)
	              Index Cond: ((id >= 8314406) AND (id <= 8314505))

explain: for deletes :: explain DELETE FROM sbtest%u WHERE id=%u
for deletes
table 1 : explain DELETE FROM sbtest1 WHERE id=4565112
	Delete on sbtest1  (cost=0.43..8.45 rows=0 width=0)
	  ->  Index Scan using sbtest1_pkey on sbtest1  (cost=0.43..8.45 rows=1 width=6)
	        Index Cond: (id = 4565112)

table 2 : explain DELETE FROM sbtest2 WHERE id=424011
	Delete on sbtest2  (cost=0.43..8.45 rows=0 width=0)
	  ->  Index Scan using sbtest2_pkey on sbtest2  (cost=0.43..8.45 rows=1 width=6)
	        Index Cond: (id = 424011)

table 3 : explain DELETE FROM sbtest3 WHERE id=3714931
	Delete on sbtest3  (cost=0.43..8.45 rows=0 width=0)
	  ->  Index Scan using sbtest3_pkey on sbtest3  (cost=0.43..8.45 rows=1 width=6)
	        Index Cond: (id = 3714931)

table 4 : explain DELETE FROM sbtest4 WHERE id=8291315
	Delete on sbtest4  (cost=0.43..8.45 rows=0 width=0)
	  ->  Index Scan using sbtest4_pkey on sbtest4  (cost=0.43..8.45 rows=1 width=6)
	        Index Cond: (id = 8291315)

table 5 : explain DELETE FROM sbtest5 WHERE id=4828901
	Delete on sbtest5  (cost=0.43..8.45 rows=0 width=0)
	  ->  Index Scan using sbtest5_pkey on sbtest5  (cost=0.43..8.45 rows=1 width=6)
	        Index Cond: (id = 4828901)

table 6 : explain DELETE FROM sbtest6 WHERE id=1255536
	Delete on sbtest6  (cost=0.43..8.45 rows=0 width=0)
	  ->  Index Scan using sbtest6_pkey on sbtest6  (cost=0.43..8.45 rows=1 width=6)
	        Index Cond: (id = 1255536)

table 7 : explain DELETE FROM sbtest7 WHERE id=6372904
	Delete on sbtest7  (cost=0.43..8.45 rows=0 width=0)
	  ->  Index Scan using sbtest7_pkey on sbtest7  (cost=0.43..8.45 rows=1 width=6)
	        Index Cond: (id = 6372904)

table 8 : explain DELETE FROM sbtest8 WHERE id=5463924
	Delete on sbtest8  (cost=0.43..8.45 rows=0 width=0)
	  ->  Index Scan using sbtest8_pkey on sbtest8  (cost=0.43..8.45 rows=1 width=6)
	        Index Cond: (id = 5463924)

for index_updates
table 1 : explain UPDATE sbtest1 SET k=k+1 WHERE id=5084912
	Update on sbtest1  (cost=0.43..8.46 rows=0 width=0)
	  ->  Index Scan using sbtest1_pkey on sbtest1  (cost=0.43..8.46 rows=1 width=10)
	        Index Cond: (id = 5084912)

table 2 : explain UPDATE sbtest2 SET k=k+1 WHERE id=2820448
	Update on sbtest2  (cost=0.43..8.46 rows=0 width=0)
	  ->  Index Scan using sbtest2_pkey on sbtest2  (cost=0.43..8.46 rows=1 width=10)
	        Index Cond: (id = 2820448)

table 3 : explain UPDATE sbtest3 SET k=k+1 WHERE id=9876052
	Update on sbtest3  (cost=0.43..8.46 rows=0 width=0)
	  ->  Index Scan using sbtest3_pkey on sbtest3  (cost=0.43..8.46 rows=1 width=10)
	        Index Cond: (id = 9876052)

table 4 : explain UPDATE sbtest4 SET k=k+1 WHERE id=3051601
	Update on sbtest4  (cost=0.43..8.46 rows=0 width=0)
	  ->  Index Scan using sbtest4_pkey on sbtest4  (cost=0.43..8.46 rows=1 width=10)
	        Index Cond: (id = 3051601)

table 5 : explain UPDATE sbtest5 SET k=k+1 WHERE id=6534257
	Update on sbtest5  (cost=0.43..8.46 rows=0 width=0)
	  ->  Index Scan using sbtest5_pkey on sbtest5  (cost=0.43..8.46 rows=1 width=10)
	        Index Cond: (id = 6534257)

table 6 : explain UPDATE sbtest6 SET k=k+1 WHERE id=7523703
	Update on sbtest6  (cost=0.43..8.46 rows=0 width=0)
	  ->  Index Scan using sbtest6_pkey on sbtest6  (cost=0.43..8.46 rows=1 width=10)
	        Index Cond: (id = 7523703)

table 7 : explain UPDATE sbtest7 SET k=k+1 WHERE id=1145017
	Update on sbtest7  (cost=0.43..8.46 rows=0 width=0)
	  ->  Index Scan using sbtest7_pkey on sbtest7  (cost=0.43..8.46 rows=1 width=10)
	        Index Cond: (id = 1145017)

table 8 : explain UPDATE sbtest8 SET k=k+1 WHERE id=6524967
	Update on sbtest8  (cost=0.43..8.46 rows=0 width=0)
	  ->  Index Scan using sbtest8_pkey on sbtest8  (cost=0.43..8.46 rows=1 width=10)
	        Index Cond: (id = 6524967)

explain: for index_updates :: explain UPDATE sbtest%u SET k=k+1 WHERE id=%u
for deletes
table 1 : explain DELETE FROM sbtest1 WHERE id=3355111
	Delete on sbtest1  (cost=0.43..8.45 rows=0 width=0)
	  ->  Index Scan using sbtest1_pkey on sbtest1  (cost=0.43..8.45 rows=1 width=6)
	        Index Cond: (id = 3355111)

table 2 : explain DELETE FROM sbtest2 WHERE id=1859268
	Delete on sbtest2  (cost=0.43..8.45 rows=0 width=0)
	  ->  Index Scan using sbtest2_pkey on sbtest2  (cost=0.43..8.45 rows=1 width=6)
	        Index Cond: (id = 1859268)

table 3 : explain DELETE FROM sbtest3 WHERE id=9776584
	Delete on sbtest3  (cost=0.43..8.45 rows=0 width=0)
	  ->  Index Scan using sbtest3_pkey on sbtest3  (cost=0.43..8.45 rows=1 width=6)
	        Index Cond: (id = 9776584)

table 4 : explain DELETE FROM sbtest4 WHERE id=7851848
	Delete on sbtest4  (cost=0.43..8.45 rows=0 width=0)
	  ->  Index Scan using sbtest4_pkey on sbtest4  (cost=0.43..8.45 rows=1 width=6)
	        Index Cond: (id = 7851848)

table 5 : explain DELETE FROM sbtest5 WHERE id=8755240
	Delete on sbtest5  (cost=0.43..8.45 rows=0 width=0)
	  ->  Index Scan using sbtest5_pkey on sbtest5  (cost=0.43..8.45 rows=1 width=6)
	        Index Cond: (id = 8755240)

table 6 : explain DELETE FROM sbtest6 WHERE id=3263641
	Delete on sbtest6  (cost=0.43..8.45 rows=0 width=0)
	  ->  Index Scan using sbtest6_pkey on sbtest6  (cost=0.43..8.45 rows=1 width=6)
	        Index Cond: (id = 3263641)

table 7 : explain DELETE FROM sbtest7 WHERE id=6128415
	Delete on sbtest7  (cost=0.43..8.45 rows=0 width=0)
	  ->  Index Scan using sbtest7_pkey on sbtest7  (cost=0.43..8.45 rows=1 width=6)
	        Index Cond: (id = 6128415)

table 8 : explain DELETE FROM sbtest8 WHERE id=4243714
	Delete on sbtest8  (cost=0.43..8.45 rows=0 width=0)
	  ->  Index Scan using sbtest8_pkey on sbtest8  (cost=0.43..8.45 rows=1 width=6)
	        Index Cond: (id = 4243714)

explain: for non_index_updates :: explain UPDATE sbtest%u SET c='foobar' WHERE id=%u
explain: for inserts :: explain INSERT INTO sbtest%u (id, k, c, pad) VALUES (%u, 13, 'foobar', 'foobar')
for: simple_ranges
table 1 : explain SELECT c FROM sbtest1 WHERE id BETWEEN 883727 AND 883826
	Index Scan using sbtest1_pkey on sbtest1  (cost=0.43..346.79 rows=88 width=121)
	  Index Cond: ((id >= 883727) AND (id <= 883826))

table 2 : explain SELECT c FROM sbtest2 WHERE id BETWEEN 1989595 AND 1989694
	Index Scan using sbtest2_pkey on sbtest2  (cost=0.43..427.39 rows=109 width=121)
	  Index Cond: ((id >= 1989595) AND (id <= 1989694))

table 3 : explain SELECT c FROM sbtest3 WHERE id BETWEEN 5594313 AND 5594412
	Index Scan using sbtest3_pkey on sbtest3  (cost=0.43..396.14 rows=101 width=121)
	  Index Cond: ((id >= 5594313) AND (id <= 5594412))

table 4 : explain SELECT c FROM sbtest4 WHERE id BETWEEN 8457031 AND 8457130
	Index Scan using sbtest4_pkey on sbtest4  (cost=0.43..373.02 rows=95 width=121)
	  Index Cond: ((id >= 8457031) AND (id <= 8457130))

table 5 : explain SELECT c FROM sbtest5 WHERE id BETWEEN 5167982 AND 5168081
	Index Scan using sbtest5_pkey on sbtest5  (cost=0.43..376.04 rows=96 width=121)
	  Index Cond: ((id >= 5167982) AND (id <= 5168081))

table 6 : explain SELECT c FROM sbtest6 WHERE id BETWEEN 8280532 AND 8280631
	Index Scan using sbtest6_pkey on sbtest6  (cost=0.43..345.54 rows=88 width=121)
	  Index Cond: ((id >= 8280532) AND (id <= 8280631))

table 7 : explain SELECT c FROM sbtest7 WHERE id BETWEEN 5700635 AND 5700734
	Index Scan using sbtest7_pkey on sbtest7  (cost=0.43..420.27 rows=107 width=121)
	  Index Cond: ((id >= 5700635) AND (id <= 5700734))

table 8 : explain SELECT c FROM sbtest8 WHERE id BETWEEN 3441238 AND 3441337
	Index Scan using sbtest8_pkey on sbtest8  (cost=0.43..392.53 rows=100 width=121)
	  Index Cond: ((id >= 3441238) AND (id <= 3441337))

for: order_ranges
table 1 : explain SELECT c FROM sbtest1 WHERE id BETWEEN 889733 AND 889832 ORDER BY c
	Sort  (cost=349.63..349.85 rows=88 width=121)
	  Sort Key: c
	  ->  Index Scan using sbtest1_pkey on sbtest1  (cost=0.43..346.79 rows=88 width=121)
	        Index Cond: ((id >= 889733) AND (id <= 889832))

table 2 : explain SELECT c FROM sbtest2 WHERE id BETWEEN 4705557 AND 4705656 ORDER BY c
	Sort  (cost=376.18..376.42 rows=95 width=121)
	  Sort Key: c
	  ->  Index Scan using sbtest2_pkey on sbtest2  (cost=0.43..373.06 rows=95 width=121)
	        Index Cond: ((id >= 4705557) AND (id <= 4705656))

table 3 : explain SELECT c FROM sbtest3 WHERE id BETWEEN 1286921 AND 1287020 ORDER BY c
	Sort  (cost=387.71..387.96 rows=98 width=121)
	  Sort Key: c
	  ->  Index Scan using sbtest3_pkey on sbtest3  (cost=0.43..384.47 rows=98 width=121)
	        Index Cond: ((id >= 1286921) AND (id <= 1287020))

table 4 : explain SELECT c FROM sbtest4 WHERE id BETWEEN 1462178 AND 1462277 ORDER BY c
	Sort  (cost=380.06..380.30 rows=96 width=121)
	  Sort Key: c
	  ->  Index Scan using sbtest4_pkey on sbtest4  (cost=0.43..376.89 rows=96 width=121)
	        Index Cond: ((id >= 1462178) AND (id <= 1462277))

table 5 : explain SELECT c FROM sbtest5 WHERE id BETWEEN 3662035 AND 3662134 ORDER BY c
	Sort  (cost=363.57..363.80 rows=92 width=121)
	  Sort Key: c
	  ->  Index Scan using sbtest5_pkey on sbtest5  (cost=0.43..360.56 rows=92 width=121)
	        Index Cond: ((id >= 3662035) AND (id <= 3662134))

table 6 : explain SELECT c FROM sbtest6 WHERE id BETWEEN 6572460 AND 6572559 ORDER BY c
	Sort  (cost=371.86..372.10 rows=94 width=121)
	  Sort Key: c
	  ->  Index Scan using sbtest6_pkey on sbtest6  (cost=0.43..368.78 rows=94 width=121)
	        Index Cond: ((id >= 6572460) AND (id <= 6572559))

table 7 : explain SELECT c FROM sbtest7 WHERE id BETWEEN 3237854 AND 3237953 ORDER BY c
	Sort  (cost=392.48..392.73 rows=99 width=121)
	  Sort Key: c
	  ->  Index Scan using sbtest7_pkey on sbtest7  (cost=0.43..389.20 rows=99 width=121)
	        Index Cond: ((id >= 3237854) AND (id <= 3237953))

table 8 : explain SELECT c FROM sbtest8 WHERE id BETWEEN 2117687 AND 2117786 ORDER BY c
	Sort  (cost=340.96..341.17 rows=86 width=121)
	  Sort Key: c
	  ->  Index Scan using sbtest8_pkey on sbtest8  (cost=0.43..338.19 rows=86 width=121)
	        Index Cond: ((id >= 2117687) AND (id <= 2117786))

explain: for inserts :: explain INSERT INTO sbtest%u (id, k, c, pad) VALUES (%u, 13, 'foobar', 'foobar')
for inserts
table 1 : explain INSERT INTO sbtest1 (id, k, c, pad) VALUES (6017633, 13, 'foobar', 'foobar')
	Insert on sbtest1  (cost=0.00..0.01 rows=0 width=0)
	  ->  Result  (cost=0.00..0.01 rows=1 width=736)

table 2 : explain INSERT INTO sbtest2 (id, k, c, pad) VALUES (8714445, 13, 'foobar', 'foobar')
	Insert on sbtest2  (cost=0.00..0.01 rows=0 width=0)
	  ->  Result  (cost=0.00..0.01 rows=1 width=736)

table 3 : explain INSERT INTO sbtest3 (id, k, c, pad) VALUES (7395863, 13, 'foobar', 'foobar')
	Insert on sbtest3  (cost=0.00..0.01 rows=0 width=0)
	  ->  Result  (cost=0.00..0.01 rows=1 width=736)

table 4 : explain INSERT INTO sbtest4 (id, k, c, pad) VALUES (2360247, 13, 'foobar', 'foobar')
	Insert on sbtest4  (cost=0.00..0.01 rows=0 width=0)
	  ->  Result  (cost=0.00..0.01 rows=1 width=736)

table 5 : explain INSERT INTO sbtest5 (id, k, c, pad) VALUES (4914137, 13, 'foobar', 'foobar')
	Insert on sbtest5  (cost=0.00..0.01 rows=0 width=0)
	  ->  Result  (cost=0.00..0.01 rows=1 width=736)

table 6 : explain INSERT INTO sbtest6 (id, k, c, pad) VALUES (167852, 13, 'foobar', 'foobar')
	Insert on sbtest6  (cost=0.00..0.01 rows=0 width=0)
	  ->  Result  (cost=0.00..0.01 rows=1 width=736)

table 7 : explain INSERT INTO sbtest7 (id, k, c, pad) VALUES (1901548, 13, 'foobar', 'foobar')
	Insert on sbtest7  (cost=0.00..0.01 rows=0 width=0)
	  ->  Result  (cost=0.00..0.01 rows=1 width=736)

table 8 : explain INSERT INTO sbtest8 (id, k, c, pad) VALUES (3469779, 13, 'foobar', 'foobar')
	Insert on sbtest8  (cost=0.00..0.01 rows=0 width=0)
	  ->  Result  (cost=0.00..0.01 rows=1 width=736)

explain: for point_selects :: explain SELECT c FROM sbtest%u WHERE id=%u
for index_updates
table 1 : explain UPDATE sbtest1 SET k=k+1 WHERE id=979097
	Update on sbtest1  (cost=0.43..8.46 rows=0 width=0)
	  ->  Index Scan using sbtest1_pkey on sbtest1  (cost=0.43..8.46 rows=1 width=10)
	        Index Cond: (id = 979097)

table 2 : explain UPDATE sbtest2 SET k=k+1 WHERE id=1492661
	Update on sbtest2  (cost=0.43..8.46 rows=0 width=0)
	  ->  Index Scan using sbtest2_pkey on sbtest2  (cost=0.43..8.46 rows=1 width=10)
	        Index Cond: (id = 1492661)

table 3 : explain UPDATE sbtest3 SET k=k+1 WHERE id=5426912
	Update on sbtest3  (cost=0.43..8.46 rows=0 width=0)
	  ->  Index Scan using sbtest3_pkey on sbtest3  (cost=0.43..8.46 rows=1 width=10)
	        Index Cond: (id = 5426912)

table 4 : explain UPDATE sbtest4 SET k=k+1 WHERE id=2174117
	Update on sbtest4  (cost=0.43..8.46 rows=0 width=0)
	  ->  Index Scan using sbtest4_pkey on sbtest4  (cost=0.43..8.46 rows=1 width=10)
	        Index Cond: (id = 2174117)

table 5 : explain UPDATE sbtest5 SET k=k+1 WHERE id=8286610
	Update on sbtest5  (cost=0.43..8.46 rows=0 width=0)
	  ->  Index Scan using sbtest5_pkey on sbtest5  (cost=0.43..8.46 rows=1 width=10)
	        Index Cond: (id = 8286610)

table 6 : explain UPDATE sbtest6 SET k=k+1 WHERE id=1524452
	Update on sbtest6  (cost=0.43..8.46 rows=0 width=0)
	  ->  Index Scan using sbtest6_pkey on sbtest6  (cost=0.43..8.46 rows=1 width=10)
	        Index Cond: (id = 1524452)

table 7 : explain UPDATE sbtest7 SET k=k+1 WHERE id=8967202
	Update on sbtest7  (cost=0.43..8.46 rows=0 width=0)
	  ->  Index Scan using sbtest7_pkey on sbtest7  (cost=0.43..8.46 rows=1 width=10)
	        Index Cond: (id = 8967202)

table 8 : explain UPDATE sbtest8 SET k=k+1 WHERE id=1041763
	Update on sbtest8  (cost=0.43..8.46 rows=0 width=0)
	  ->  Index Scan using sbtest8_pkey on sbtest8  (cost=0.43..8.46 rows=1 width=10)
	        Index Cond: (id = 1041763)

for: order_ranges
table 1 : explain SELECT c FROM sbtest1 WHERE id BETWEEN 7262147 AND 7262246 ORDER BY c
	Sort  (cost=443.95..444.23 rows=112 width=121)
	  Sort Key: c
	  ->  Index Scan using sbtest1_pkey on sbtest1  (cost=0.43..440.14 rows=112 width=121)
	        Index Cond: ((id >= 7262147) AND (id <= 7262246))

table 2 : explain SELECT c FROM sbtest2 WHERE id BETWEEN 7849399 AND 7849498 ORDER BY c
	Sort  (cost=415.40..415.66 rows=105 width=121)
	  Sort Key: c
	  ->  Index Scan using sbtest2_pkey on sbtest2  (cost=0.43..411.88 rows=105 width=121)
	        Index Cond: ((id >= 7849399) AND (id <= 7849498))

table 3 : explain SELECT c FROM sbtest3 WHERE id BETWEEN 3226792 AND 3226891 ORDER BY c
	Sort  (cost=375.97..376.20 rows=95 width=121)
	  Sort Key: c
	  ->  Index Scan using sbtest3_pkey on sbtest3  (cost=0.43..372.85 rows=95 width=121)
	        Index Cond: ((id >= 3226792) AND (id <= 3226891))

table 4 : explain SELECT c FROM sbtest4 WHERE id BETWEEN 4972173 AND 4972272 ORDER BY c
	Sort  (cost=419.27..419.54 rows=106 width=121)
	  Sort Key: c
	  ->  Index Scan using sbtest4_pkey on sbtest4  (cost=0.43..415.71 rows=106 width=121)
	        Index Cond: ((id >= 4972173) AND (id <= 4972272))

table 5 : explain SELECT c FROM sbtest5 WHERE id BETWEEN 1767105 AND 1767204 ORDER BY c
	Sort  (cost=379.20..379.44 rows=96 width=121)
	  Sort Key: c
	  ->  Index Scan using sbtest5_pkey on sbtest5  (cost=0.43..376.04 rows=96 width=121)
	        Index Cond: ((id >= 1767105) AND (id <= 1767204))

table 6 : explain SELECT c FROM sbtest6 WHERE id BETWEEN 241478 AND 241577 ORDER BY c
	Sort  (cost=422.78..423.05 rows=107 width=121)
	  Sort Key: c
	  ->  Index Scan using sbtest6_pkey on sbtest6  (cost=0.43..419.18 rows=107 width=121)
	        Index Cond: ((id >= 241478) AND (id <= 241577))

table 7 : explain SELECT c FROM sbtest7 WHERE id BETWEEN 6890303 AND 6890402 ORDER BY c
	Sort  (cost=392.48..392.73 rows=99 width=121)
	  Sort Key: c
	  ->  Index Scan using sbtest7_pkey on sbtest7  (cost=0.43..389.20 rows=99 width=121)
	        Index Cond: ((id >= 6890303) AND (id <= 6890402))

table 8 : explain SELECT c FROM sbtest8 WHERE id BETWEEN 6887087 AND 6887186 ORDER BY c
	Sort  (cost=399.77..400.02 rows=101 width=121)
	  Sort Key: c
	  ->  Index Scan using sbtest8_pkey on sbtest8  (cost=0.43..396.41 rows=101 width=121)
	        Index Cond: ((id >= 6887087) AND (id <= 6887186))

for non_index_updates
table 1 : explain UPDATE sbtest1 SET c='foobar' WHERE id=9212573
	Update on sbtest1  (cost=0.43..8.45 rows=0 width=0)
	  ->  Index Scan using sbtest1_pkey on sbtest1  (cost=0.43..8.45 rows=1 width=490)
	        Index Cond: (id = 9212573)

table 2 : explain UPDATE sbtest2 SET c='foobar' WHERE id=2888509
	Update on sbtest2  (cost=0.43..8.45 rows=0 width=0)
	  ->  Index Scan using sbtest2_pkey on sbtest2  (cost=0.43..8.45 rows=1 width=490)
	        Index Cond: (id = 2888509)

table 3 : explain UPDATE sbtest3 SET c='foobar' WHERE id=1290236
	Update on sbtest3  (cost=0.43..8.45 rows=0 width=0)
	  ->  Index Scan using sbtest3_pkey on sbtest3  (cost=0.43..8.45 rows=1 width=490)
	        Index Cond: (id = 1290236)

table 4 : explain UPDATE sbtest4 SET c='foobar' WHERE id=8558843
	Update on sbtest4  (cost=0.43..8.45 rows=0 width=0)
	  ->  Index Scan using sbtest4_pkey on sbtest4  (cost=0.43..8.45 rows=1 width=490)
	        Index Cond: (id = 8558843)

table 5 : explain UPDATE sbtest5 SET c='foobar' WHERE id=233995
	Update on sbtest5  (cost=0.43..8.45 rows=0 width=0)
	  ->  Index Scan using sbtest5_pkey on sbtest5  (cost=0.43..8.45 rows=1 width=490)
	        Index Cond: (id = 233995)

table 6 : explain UPDATE sbtest6 SET c='foobar' WHERE id=7029174
	Update on sbtest6  (cost=0.43..8.45 rows=0 width=0)
	  ->  Index Scan using sbtest6_pkey on sbtest6  (cost=0.43..8.45 rows=1 width=490)
	        Index Cond: (id = 7029174)

table 7 : explain UPDATE sbtest7 SET c='foobar' WHERE id=4487967
	Update on sbtest7  (cost=0.43..8.45 rows=0 width=0)
	  ->  Index Scan using sbtest7_pkey on sbtest7  (cost=0.43..8.45 rows=1 width=490)
	        Index Cond: (id = 4487967)

table 8 : explain UPDATE sbtest8 SET c='foobar' WHERE id=4388145
	Update on sbtest8  (cost=0.43..8.45 rows=0 width=0)
	  ->  Index Scan using sbtest8_pkey on sbtest8  (cost=0.43..8.45 rows=1 width=490)
	        Index Cond: (id = 4388145)

explain: for point_selects :: explain SELECT c FROM sbtest%u WHERE id=%u
explain: for index_updates :: explain UPDATE sbtest%u SET k=k+1 WHERE id=%u
for: sum_ranges
table 1 : explain SELECT SUM(k) FROM sbtest1 WHERE id BETWEEN 3789341 AND 3789440
	Aggregate  (cost=350.90..350.91 rows=1 width=8)
	  ->  Index Scan using sbtest1_pkey on sbtest1  (cost=0.43..350.68 rows=89 width=4)
	        Index Cond: ((id >= 3789341) AND (id <= 3789440))

table 2 : explain SELECT SUM(k) FROM sbtest2 WHERE id BETWEEN 8634891 AND 8634990
	Aggregate  (cost=388.82..388.83 rows=1 width=8)
	  ->  Index Scan using sbtest2_pkey on sbtest2  (cost=0.43..388.57 rows=99 width=4)
	        Index Cond: ((id >= 8634891) AND (id <= 8634990))

table 3 : explain SELECT SUM(k) FROM sbtest3 WHERE id BETWEEN 8141680 AND 8141779
	Aggregate  (cost=400.27..400.28 rows=1 width=8)
	  ->  Index Scan using sbtest3_pkey on sbtest3  (cost=0.43..400.01 rows=102 width=4)
	        Index Cond: ((id >= 8141680) AND (id <= 8141779))

table 4 : explain SELECT SUM(k) FROM sbtest4 WHERE id BETWEEN 9102748 AND 9102847
	Aggregate  (cost=377.13..377.14 rows=1 width=8)
	  ->  Index Scan using sbtest4_pkey on sbtest4  (cost=0.43..376.89 rows=96 width=4)
	        Index Cond: ((id >= 9102748) AND (id <= 9102847))

table 5 : explain SELECT SUM(k) FROM sbtest5 WHERE id BETWEEN 464922 AND 465021
	Aggregate  (cost=380.15..380.16 rows=1 width=8)
	  ->  Index Scan using sbtest5_pkey on sbtest5  (cost=0.43..379.91 rows=97 width=4)
	        Index Cond: ((id >= 464922) AND (id <= 465021))

table 6 : explain SELECT SUM(k) FROM sbtest6 WHERE id BETWEEN 9339519 AND 9339618
	Aggregate  (cost=372.89..372.90 rows=1 width=8)
	  ->  Index Scan using sbtest6_pkey on sbtest6  (cost=0.43..372.65 rows=95 width=4)
	        Index Cond: ((id >= 9339519) AND (id <= 9339618))

table 7 : explain SELECT SUM(k) FROM sbtest7 WHERE id BETWEEN 4210321 AND 4210420
	Aggregate  (cost=389.45..389.46 rows=1 width=8)
	  ->  Index Scan using sbtest7_pkey on sbtest7  (cost=0.43..389.20 rows=99 width=4)
	        Index Cond: ((id >= 4210321) AND (id <= 4210420))

table 8 : explain SELECT SUM(k) FROM sbtest8 WHERE id BETWEEN 542402 AND 542501
	Aggregate  (cost=396.66..396.67 rows=1 width=8)
	  ->  Index Scan using sbtest8_pkey on sbtest8  (cost=0.43..396.41 rows=101 width=4)
	        Index Cond: ((id >= 542402) AND (id <= 542501))

explain: for point_selects :: explain SELECT c FROM sbtest%u WHERE id=%u
explain: for deletes :: explain DELETE FROM sbtest%u WHERE id=%u
for: distinct_ranges
table 1 : explain SELECT DISTINCT c FROM sbtest1 WHERE id BETWEEN 7793969 AND 7794068 ORDER BY c
	Unique  (cost=408.59..409.10 rows=103 width=121)
	  ->  Sort  (cost=408.59..408.85 rows=103 width=121)
	        Sort Key: c
	        ->  Index Scan using sbtest1_pkey on sbtest1  (cost=0.43..405.14 rows=103 width=121)
	              Index Cond: ((id >= 7793969) AND (id <= 7794068))

table 2 : explain SELECT DISTINCT c FROM sbtest2 WHERE id BETWEEN 5328212 AND 5328311 ORDER BY c
	Unique  (cost=356.59..357.04 rows=90 width=121)
	  ->  Sort  (cost=356.59..356.82 rows=90 width=121)
	        Sort Key: c
	        ->  Index Scan using sbtest2_pkey on sbtest2  (cost=0.43..353.67 rows=90 width=121)
	              Index Cond: ((id >= 5328212) AND (id <= 5328311))

table 3 : explain SELECT DISTINCT c FROM sbtest3 WHERE id BETWEEN 1780914 AND 1781013 ORDER BY c
	Unique  (cost=399.50..400.00 rows=101 width=121)
	  ->  Sort  (cost=399.50..399.75 rows=101 width=121)
	        Sort Key: c
	        ->  Index Scan using sbtest3_pkey on sbtest3  (cost=0.43..396.14 rows=101 width=121)
	              Index Cond: ((id >= 1780914) AND (id <= 1781013))

table 4 : explain SELECT DISTINCT c FROM sbtest4 WHERE id BETWEEN 3639055 AND 3639154 ORDER BY c
	Unique  (cost=372.22..372.69 rows=94 width=121)
	  ->  Sort  (cost=372.22..372.45 rows=94 width=121)
	        Sort Key: c
	        ->  Index Scan using sbtest4_pkey on sbtest4  (cost=0.43..369.14 rows=94 width=121)
	              Index Cond: ((id >= 3639055) AND (id <= 3639154))

table 5 : explain SELECT DISTINCT c FROM sbtest5 WHERE id BETWEEN 3719143 AND 3719242 ORDER BY c
	Unique  (cost=390.93..391.42 rows=99 width=121)
	  ->  Sort  (cost=390.93..391.17 rows=99 width=121)
	        Sort Key: c
	        ->  Index Scan using sbtest5_pkey on sbtest5  (cost=0.43..387.64 rows=99 width=121)
	              Index Cond: ((id >= 3719143) AND (id <= 3719242))

table 6 : explain SELECT DISTINCT c FROM sbtest6 WHERE id BETWEEN 9554080 AND 9554179 ORDER BY c
	Unique  (cost=364.03..364.49 rows=92 width=121)
	  ->  Sort  (cost=364.03..364.26 rows=92 width=121)
	        Sort Key: c
	        ->  Index Scan using sbtest6_pkey on sbtest6  (cost=0.43..361.03 rows=92 width=121)
	              Index Cond: ((id >= 9554080) AND (id <= 9554179))

table 7 : explain SELECT DISTINCT c FROM sbtest7 WHERE id BETWEEN 9463433 AND 9463532 ORDER BY c
	Unique  (cost=380.67..381.15 rows=96 width=121)
	  ->  Sort  (cost=380.67..380.91 rows=96 width=121)
	        Sort Key: c
	        ->  Index Scan using sbtest7_pkey on sbtest7  (cost=0.43..377.51 rows=96 width=121)
	              Index Cond: ((id >= 9463433) AND (id <= 9463532))

table 8 : explain SELECT DISTINCT c FROM sbtest8 WHERE id BETWEEN 9462804 AND 9462903 ORDER BY c
	Unique  (cost=407.61..408.12 rows=103 width=121)
	  ->  Sort  (cost=407.61..407.86 rows=103 width=121)
	        Sort Key: c
	        ->  Index Scan using sbtest8_pkey on sbtest8  (cost=0.43..404.16 rows=103 width=121)
	              Index Cond: ((id >= 9462804) AND (id <= 9462903))

for inserts
table 1 : explain INSERT INTO sbtest1 (id, k, c, pad) VALUES (3654157, 13, 'foobar', 'foobar')
	Insert on sbtest1  (cost=0.00..0.01 rows=0 width=0)
	  ->  Result  (cost=0.00..0.01 rows=1 width=736)

table 2 : explain INSERT INTO sbtest2 (id, k, c, pad) VALUES (8214812, 13, 'foobar', 'foobar')
	Insert on sbtest2  (cost=0.00..0.01 rows=0 width=0)
	  ->  Result  (cost=0.00..0.01 rows=1 width=736)

table 3 : explain INSERT INTO sbtest3 (id, k, c, pad) VALUES (2857012, 13, 'foobar', 'foobar')
	Insert on sbtest3  (cost=0.00..0.01 rows=0 width=0)
	  ->  Result  (cost=0.00..0.01 rows=1 width=736)

table 4 : explain INSERT INTO sbtest4 (id, k, c, pad) VALUES (9369560, 13, 'foobar', 'foobar')
	Insert on sbtest4  (cost=0.00..0.01 rows=0 width=0)
	  ->  Result  (cost=0.00..0.01 rows=1 width=736)

table 5 : explain INSERT INTO sbtest5 (id, k, c, pad) VALUES (3362963, 13, 'foobar', 'foobar')
	Insert on sbtest5  (cost=0.00..0.01 rows=0 width=0)
	  ->  Result  (cost=0.00..0.01 rows=1 width=736)

table 6 : explain INSERT INTO sbtest6 (id, k, c, pad) VALUES (7507542, 13, 'foobar', 'foobar')
	Insert on sbtest6  (cost=0.00..0.01 rows=0 width=0)
	  ->  Result  (cost=0.00..0.01 rows=1 width=736)

table 7 : explain INSERT INTO sbtest7 (id, k, c, pad) VALUES (5073377, 13, 'foobar', 'foobar')
	Insert on sbtest7  (cost=0.00..0.01 rows=0 width=0)
	  ->  Result  (cost=0.00..0.01 rows=1 width=736)

table 8 : explain INSERT INTO sbtest8 (id, k, c, pad) VALUES (8117493, 13, 'foobar', 'foobar')
	Insert on sbtest8  (cost=0.00..0.01 rows=0 width=0)
	  ->  Result  (cost=0.00..0.01 rows=1 width=736)

explain: for index_updates :: explain UPDATE sbtest%u SET k=k+1 WHERE id=%u
for index_updates
table 1 : explain UPDATE sbtest1 SET k=k+1 WHERE id=2354827
	Update on sbtest1  (cost=0.43..8.46 rows=0 width=0)
	  ->  Index Scan using sbtest1_pkey on sbtest1  (cost=0.43..8.46 rows=1 width=10)
	        Index Cond: (id = 2354827)

table 2 : explain UPDATE sbtest2 SET k=k+1 WHERE id=3016379
	Update on sbtest2  (cost=0.43..8.46 rows=0 width=0)
	  ->  Index Scan using sbtest2_pkey on sbtest2  (cost=0.43..8.46 rows=1 width=10)
	        Index Cond: (id = 3016379)

table 3 : explain UPDATE sbtest3 SET k=k+1 WHERE id=3777203
	Update on sbtest3  (cost=0.43..8.46 rows=0 width=0)
	  ->  Index Scan using sbtest3_pkey on sbtest3  (cost=0.43..8.46 rows=1 width=10)
	        Index Cond: (id = 3777203)

table 4 : explain UPDATE sbtest4 SET k=k+1 WHERE id=6905765
	Update on sbtest4  (cost=0.43..8.46 rows=0 width=0)
	  ->  Index Scan using sbtest4_pkey on sbtest4  (cost=0.43..8.46 rows=1 width=10)
	        Index Cond: (id = 6905765)

table 5 : explain UPDATE sbtest5 SET k=k+1 WHERE id=1570429
	Update on sbtest5  (cost=0.43..8.46 rows=0 width=0)
	  ->  Index Scan using sbtest5_pkey on sbtest5  (cost=0.43..8.46 rows=1 width=10)
	        Index Cond: (id = 1570429)

table 6 : explain UPDATE sbtest6 SET k=k+1 WHERE id=2876137
	Update on sbtest6  (cost=0.43..8.46 rows=0 width=0)
	  ->  Index Scan using sbtest6_pkey on sbtest6  (cost=0.43..8.46 rows=1 width=10)
	        Index Cond: (id = 2876137)

table 7 : explain UPDATE sbtest7 SET k=k+1 WHERE id=6141354
	Update on sbtest7  (cost=0.43..8.46 rows=0 width=0)
	  ->  Index Scan using sbtest7_pkey on sbtest7  (cost=0.43..8.46 rows=1 width=10)
	        Index Cond: (id = 6141354)

table 8 : explain UPDATE sbtest8 SET k=k+1 WHERE id=5248872
	Update on sbtest8  (cost=0.43..8.46 rows=0 width=0)
	  ->  Index Scan using sbtest8_pkey on sbtest8  (cost=0.43..8.46 rows=1 width=10)
	        Index Cond: (id = 5248872)

explain: for non_index_updates :: explain UPDATE sbtest%u SET c='foobar' WHERE id=%u
for deletes
table 1 : explain DELETE FROM sbtest1 WHERE id=2749538
	Delete on sbtest1  (cost=0.43..8.45 rows=0 width=0)
	  ->  Index Scan using sbtest1_pkey on sbtest1  (cost=0.43..8.45 rows=1 width=6)
	        Index Cond: (id = 2749538)

table 2 : explain DELETE FROM sbtest2 WHERE id=1632349
	Delete on sbtest2  (cost=0.43..8.45 rows=0 width=0)
	  ->  Index Scan using sbtest2_pkey on sbtest2  (cost=0.43..8.45 rows=1 width=6)
	        Index Cond: (id = 1632349)

table 3 : explain DELETE FROM sbtest3 WHERE id=3030073
	Delete on sbtest3  (cost=0.43..8.45 rows=0 width=0)
	  ->  Index Scan using sbtest3_pkey on sbtest3  (cost=0.43..8.45 rows=1 width=6)
	        Index Cond: (id = 3030073)

table 4 : explain DELETE FROM sbtest4 WHERE id=2868213
	Delete on sbtest4  (cost=0.43..8.45 rows=0 width=0)
	  ->  Index Scan using sbtest4_pkey on sbtest4  (cost=0.43..8.45 rows=1 width=6)
	        Index Cond: (id = 2868213)

table 5 : explain DELETE FROM sbtest5 WHERE id=9523262
	Delete on sbtest5  (cost=0.43..8.45 rows=0 width=0)
	  ->  Index Scan using sbtest5_pkey on sbtest5  (cost=0.43..8.45 rows=1 width=6)
	        Index Cond: (id = 9523262)

table 6 : explain DELETE FROM sbtest6 WHERE id=9734663
	Delete on sbtest6  (cost=0.43..8.45 rows=0 width=0)
	  ->  Index Scan using sbtest6_pkey on sbtest6  (cost=0.43..8.45 rows=1 width=6)
	        Index Cond: (id = 9734663)

table 7 : explain DELETE FROM sbtest7 WHERE id=2232700
	Delete on sbtest7  (cost=0.43..8.45 rows=0 width=0)
	  ->  Index Scan using sbtest7_pkey on sbtest7  (cost=0.43..8.45 rows=1 width=6)
	        Index Cond: (id = 2232700)

table 8 : explain DELETE FROM sbtest8 WHERE id=236795
	Delete on sbtest8  (cost=0.43..8.45 rows=0 width=0)
	  ->  Index Scan using sbtest8_pkey on sbtest8  (cost=0.43..8.45 rows=1 width=6)
	        Index Cond: (id = 236795)

for: distinct_ranges
table 1 : explain SELECT DISTINCT c FROM sbtest1 WHERE id BETWEEN 4151977 AND 4152076 ORDER BY c
	Unique  (cost=463.60..464.18 rows=117 width=121)
	  ->  Sort  (cost=463.60..463.89 rows=117 width=121)
	        Sort Key: c
	        ->  Index Scan using sbtest1_pkey on sbtest1  (cost=0.43..459.58 rows=117 width=121)
	              Index Cond: ((id >= 4151977) AND (id <= 4152076))

table 2 : explain SELECT DISTINCT c FROM sbtest2 WHERE id BETWEEN 6203620 AND 6203719 ORDER BY c
	Unique  (cost=387.94..388.43 rows=98 width=121)
	  ->  Sort  (cost=387.94..388.18 rows=98 width=121)
	        Sort Key: c
	        ->  Index Scan using sbtest2_pkey on sbtest2  (cost=0.43..384.69 rows=98 width=121)
	              Index Cond: ((id >= 6203620) AND (id <= 6203719))

table 3 : explain SELECT DISTINCT c FROM sbtest3 WHERE id BETWEEN 7677852 AND 7677951 ORDER BY c
	Unique  (cost=403.42..403.93 rows=102 width=121)
	  ->  Sort  (cost=403.42..403.67 rows=102 width=121)
	        Sort Key: c
	        ->  Index Scan using sbtest3_pkey on sbtest3  (cost=0.43..400.01 rows=102 width=121)
	              Index Cond: ((id >= 7677852) AND (id <= 7677951))

table 4 : explain SELECT DISTINCT c FROM sbtest4 WHERE id BETWEEN 3264711 AND 3264810 ORDER BY c
	Unique  (cost=403.60..404.11 rows=102 width=121)
	  ->  Sort  (cost=403.60..403.85 rows=102 width=121)
	        Sort Key: c
	        ->  Index Scan using sbtest4_pkey on sbtest4  (cost=0.43..400.20 rows=102 width=121)
	              Index Cond: ((id >= 3264711) AND (id <= 3264810))

table 5 : explain SELECT DISTINCT c FROM sbtest5 WHERE id BETWEEN 5267656 AND 5267755 ORDER BY c
	Unique  (cost=387.02..387.51 rows=98 width=121)
	  ->  Sort  (cost=387.02..387.26 rows=98 width=121)
	        Sort Key: c
	        ->  Index Scan using sbtest5_pkey on sbtest5  (cost=0.43..383.78 rows=98 width=121)
	              Index Cond: ((id >= 5267656) AND (id <= 5267755))

table 6 : explain SELECT DISTINCT c FROM sbtest6 WHERE id BETWEEN 16022 AND 16121 ORDER BY c
	Unique  (cost=422.78..423.32 rows=107 width=121)
	  ->  Sort  (cost=422.78..423.05 rows=107 width=121)
	        Sort Key: c
	        ->  Index Scan using sbtest6_pkey on sbtest6  (cost=0.43..419.18 rows=107 width=121)
	              Index Cond: ((id >= 16022) AND (id <= 16121))

table 7 : explain SELECT DISTINCT c FROM sbtest7 WHERE id BETWEEN 8084612 AND 8084711 ORDER BY c
	Unique  (cost=376.75..377.22 rows=95 width=121)
	  ->  Sort  (cost=376.75..376.99 rows=95 width=121)
	        Sort Key: c
	        ->  Index Scan using sbtest7_pkey on sbtest7  (cost=0.43..373.63 rows=95 width=121)
	              Index Cond: ((id >= 8084612) AND (id <= 8084711))

table 8 : explain SELECT DISTINCT c FROM sbtest8 WHERE id BETWEEN 9158091 AND 9158190 ORDER BY c
	Unique  (cost=403.69..404.20 rows=102 width=121)
	  ->  Sort  (cost=403.69..403.94 rows=102 width=121)
	        Sort Key: c
	        ->  Index Scan using sbtest8_pkey on sbtest8  (cost=0.43..400.28 rows=102 width=121)
	              Index Cond: ((id >= 9158091) AND (id <= 9158190))

explain: for non_index_updates :: explain UPDATE sbtest%u SET c='foobar' WHERE id=%u
for: order_ranges
table 1 : explain SELECT c FROM sbtest1 WHERE id BETWEEN 5911853 AND 5911952 ORDER BY c
	Sort  (cost=436.09..436.37 rows=110 width=121)
	  Sort Key: c
	  ->  Index Scan using sbtest1_pkey on sbtest1  (cost=0.43..432.36 rows=110 width=121)
	        Index Cond: ((id >= 5911853) AND (id <= 5911952))

table 2 : explain SELECT c FROM sbtest2 WHERE id BETWEEN 5246952 AND 5247051 ORDER BY c
	Sort  (cost=356.59..356.82 rows=90 width=121)
	  Sort Key: c
	  ->  Index Scan using sbtest2_pkey on sbtest2  (cost=0.43..353.67 rows=90 width=121)
	        Index Cond: ((id >= 5246952) AND (id <= 5247051))

table 3 : explain SELECT c FROM sbtest3 WHERE id BETWEEN 3812700 AND 3812799 ORDER BY c
	Sort  (cost=419.08..419.35 rows=106 width=121)
	  Sort Key: c
	  ->  Index Scan using sbtest3_pkey on sbtest3  (cost=0.43..415.52 rows=106 width=121)
	        Index Cond: ((id >= 3812700) AND (id <= 3812799))

table 4 : explain SELECT c FROM sbtest4 WHERE id BETWEEN 7078008 AND 7078107 ORDER BY c
	Sort  (cost=407.52..407.77 rows=103 width=121)
	  Sort Key: c
	  ->  Index Scan using sbtest4_pkey on sbtest4  (cost=0.43..404.07 rows=103 width=121)
	        Index Cond: ((id >= 7078008) AND (id <= 7078107))

table 5 : explain SELECT c FROM sbtest5 WHERE id BETWEEN 5013431 AND 5013530 ORDER BY c
	Sort  (cost=390.93..391.17 rows=99 width=121)
	  Sort Key: c
	  ->  Index Scan using sbtest5_pkey on sbtest5  (cost=0.43..387.64 rows=99 width=121)
	        Index Cond: ((id >= 5013431) AND (id <= 5013530))

table 6 : explain SELECT c FROM sbtest6 WHERE id BETWEEN 6919098 AND 6919197 ORDER BY c
	Sort  (cost=395.38..395.63 rows=100 width=121)
	  Sort Key: c
	  ->  Index Scan using sbtest6_pkey on sbtest6  (cost=0.43..392.06 rows=100 width=121)
	        Index Cond: ((id >= 6919098) AND (id <= 6919197))

table 7 : explain SELECT c FROM sbtest7 WHERE id BETWEEN 4946800 AND 4946899 ORDER BY c
	Sort  (cost=396.41..396.66 rows=100 width=121)
	  Sort Key: c
	  ->  Index Scan using sbtest7_pkey on sbtest7  (cost=0.43..393.08 rows=100 width=121)
	        Index Cond: ((id >= 4946800) AND (id <= 4946899))

table 8 : explain SELECT c FROM sbtest8 WHERE id BETWEEN 3111410 AND 3111509 ORDER BY c
	Sort  (cost=372.30..372.54 rows=94 width=121)
	  Sort Key: c
	  ->  Index Scan using sbtest8_pkey on sbtest8  (cost=0.43..369.22 rows=94 width=121)
	        Index Cond: ((id >= 3111410) AND (id <= 3111509))

for index_updates
table 1 : explain UPDATE sbtest1 SET k=k+1 WHERE id=3924911
	Update on sbtest1  (cost=0.43..8.46 rows=0 width=0)
	  ->  Index Scan using sbtest1_pkey on sbtest1  (cost=0.43..8.46 rows=1 width=10)
	        Index Cond: (id = 3924911)

table 2 : explain UPDATE sbtest2 SET k=k+1 WHERE id=6040068
	Update on sbtest2  (cost=0.43..8.46 rows=0 width=0)
	  ->  Index Scan using sbtest2_pkey on sbtest2  (cost=0.43..8.46 rows=1 width=10)
	        Index Cond: (id = 6040068)

table 3 : explain UPDATE sbtest3 SET k=k+1 WHERE id=376439
	Update on sbtest3  (cost=0.43..8.46 rows=0 width=0)
	  ->  Index Scan using sbtest3_pkey on sbtest3  (cost=0.43..8.46 rows=1 width=10)
	        Index Cond: (id = 376439)

table 4 : explain UPDATE sbtest4 SET k=k+1 WHERE id=5066073
	Update on sbtest4  (cost=0.43..8.46 rows=0 width=0)
	  ->  Index Scan using sbtest4_pkey on sbtest4  (cost=0.43..8.46 rows=1 width=10)
	        Index Cond: (id = 5066073)

table 5 : explain UPDATE sbtest5 SET k=k+1 WHERE id=5928075
	Update on sbtest5  (cost=0.43..8.46 rows=0 width=0)
	  ->  Index Scan using sbtest5_pkey on sbtest5  (cost=0.43..8.46 rows=1 width=10)
	        Index Cond: (id = 5928075)

table 6 : explain UPDATE sbtest6 SET k=k+1 WHERE id=8529001
	Update on sbtest6  (cost=0.43..8.46 rows=0 width=0)
	  ->  Index Scan using sbtest6_pkey on sbtest6  (cost=0.43..8.46 rows=1 width=10)
	        Index Cond: (id = 8529001)

table 7 : explain UPDATE sbtest7 SET k=k+1 WHERE id=2912304
	Update on sbtest7  (cost=0.43..8.46 rows=0 width=0)
	  ->  Index Scan using sbtest7_pkey on sbtest7  (cost=0.43..8.46 rows=1 width=10)
	        Index Cond: (id = 2912304)

table 8 : explain UPDATE sbtest8 SET k=k+1 WHERE id=9366775
	Update on sbtest8  (cost=0.43..8.46 rows=0 width=0)
	  ->  Index Scan using sbtest8_pkey on sbtest8  (cost=0.43..8.46 rows=1 width=10)
	        Index Cond: (id = 9366775)

explain: for index_updates :: explain UPDATE sbtest%u SET k=k+1 WHERE id=%u
for non_index_updates
table 1 : explain UPDATE sbtest1 SET c='foobar' WHERE id=2187210
	Update on sbtest1  (cost=0.43..8.45 rows=0 width=0)
	  ->  Index Scan using sbtest1_pkey on sbtest1  (cost=0.43..8.45 rows=1 width=490)
	        Index Cond: (id = 2187210)

table 2 : explain UPDATE sbtest2 SET c='foobar' WHERE id=4383057
	Update on sbtest2  (cost=0.43..8.45 rows=0 width=0)
	  ->  Index Scan using sbtest2_pkey on sbtest2  (cost=0.43..8.45 rows=1 width=490)
	        Index Cond: (id = 4383057)

table 3 : explain UPDATE sbtest3 SET c='foobar' WHERE id=7895280
	Update on sbtest3  (cost=0.43..8.45 rows=0 width=0)
	  ->  Index Scan using sbtest3_pkey on sbtest3  (cost=0.43..8.45 rows=1 width=490)
	        Index Cond: (id = 7895280)

table 4 : explain UPDATE sbtest4 SET c='foobar' WHERE id=881141
	Update on sbtest4  (cost=0.43..8.45 rows=0 width=0)
	  ->  Index Scan using sbtest4_pkey on sbtest4  (cost=0.43..8.45 rows=1 width=490)
	        Index Cond: (id = 881141)

table 5 : explain UPDATE sbtest5 SET c='foobar' WHERE id=1037159
	Update on sbtest5  (cost=0.43..8.45 rows=0 width=0)
	  ->  Index Scan using sbtest5_pkey on sbtest5  (cost=0.43..8.45 rows=1 width=490)
	        Index Cond: (id = 1037159)

table 6 : explain UPDATE sbtest6 SET c='foobar' WHERE id=3144778
	Update on sbtest6  (cost=0.43..8.45 rows=0 width=0)
	  ->  Index Scan using sbtest6_pkey on sbtest6  (cost=0.43..8.45 rows=1 width=490)
	        Index Cond: (id = 3144778)

table 7 : explain UPDATE sbtest7 SET c='foobar' WHERE id=6018607
	Update on sbtest7  (cost=0.43..8.45 rows=0 width=0)
	  ->  Index Scan using sbtest7_pkey on sbtest7  (cost=0.43..8.45 rows=1 width=490)
	        Index Cond: (id = 6018607)

table 8 : explain UPDATE sbtest8 SET c='foobar' WHERE id=3217732
	Update on sbtest8  (cost=0.43..8.45 rows=0 width=0)
	  ->  Index Scan using sbtest8_pkey on sbtest8  (cost=0.43..8.45 rows=1 width=490)
	        Index Cond: (id = 3217732)

explain: for non_index_updates :: explain UPDATE sbtest%u SET c='foobar' WHERE id=%u
for non_index_updates
table 1 : explain UPDATE sbtest1 SET c='foobar' WHERE id=5513926
	Update on sbtest1  (cost=0.43..8.45 rows=0 width=0)
	  ->  Index Scan using sbtest1_pkey on sbtest1  (cost=0.43..8.45 rows=1 width=490)
	        Index Cond: (id = 5513926)

table 2 : explain UPDATE sbtest2 SET c='foobar' WHERE id=161290
	Update on sbtest2  (cost=0.43..8.45 rows=0 width=0)
	  ->  Index Scan using sbtest2_pkey on sbtest2  (cost=0.43..8.45 rows=1 width=490)
	        Index Cond: (id = 161290)

table 3 : explain UPDATE sbtest3 SET c='foobar' WHERE id=2468314
	Update on sbtest3  (cost=0.43..8.45 rows=0 width=0)
	  ->  Index Scan using sbtest3_pkey on sbtest3  (cost=0.43..8.45 rows=1 width=490)
	        Index Cond: (id = 2468314)

table 4 : explain UPDATE sbtest4 SET c='foobar' WHERE id=4767034
	Update on sbtest4  (cost=0.43..8.45 rows=0 width=0)
	  ->  Index Scan using sbtest4_pkey on sbtest4  (cost=0.43..8.45 rows=1 width=490)
	        Index Cond: (id = 4767034)

table 5 : explain UPDATE sbtest5 SET c='foobar' WHERE id=9873862
	Update on sbtest5  (cost=0.43..8.45 rows=0 width=0)
	  ->  Index Scan using sbtest5_pkey on sbtest5  (cost=0.43..8.45 rows=1 width=490)
	        Index Cond: (id = 9873862)

table 6 : explain UPDATE sbtest6 SET c='foobar' WHERE id=4105365
	Update on sbtest6  (cost=0.43..8.45 rows=0 width=0)
	  ->  Index Scan using sbtest6_pkey on sbtest6  (cost=0.43..8.45 rows=1 width=490)
	        Index Cond: (id = 4105365)

table 7 : explain UPDATE sbtest7 SET c='foobar' WHERE id=8532570
	Update on sbtest7  (cost=0.43..8.45 rows=0 width=0)
	  ->  Index Scan using sbtest7_pkey on sbtest7  (cost=0.43..8.45 rows=1 width=490)
	        Index Cond: (id = 8532570)

table 8 : explain UPDATE sbtest8 SET c='foobar' WHERE id=3193883
	Update on sbtest8  (cost=0.43..8.45 rows=0 width=0)
	  ->  Index Scan using sbtest8_pkey on sbtest8  (cost=0.43..8.45 rows=1 width=490)
	        Index Cond: (id = 3193883)

explain: for inserts :: explain INSERT INTO sbtest%u (id, k, c, pad) VALUES (%u, 13, 'foobar', 'foobar')
for: order_ranges
table 1 : explain SELECT c FROM sbtest1 WHERE id BETWEEN 5579072 AND 5579171 ORDER BY c
	Sort  (cost=440.02..440.30 rows=111 width=121)
	  Sort Key: c
	  ->  Index Scan using sbtest1_pkey on sbtest1  (cost=0.43..436.25 rows=111 width=121)
	        Index Cond: ((id >= 5579072) AND (id <= 5579171))

table 2 : explain SELECT c FROM sbtest2 WHERE id BETWEEN 8953688 AND 8953787 ORDER BY c
	Sort  (cost=411.48..411.74 rows=104 width=121)
	  Sort Key: c
	  ->  Index Scan using sbtest2_pkey on sbtest2  (cost=0.43..408.00 rows=104 width=121)
	        Index Cond: ((id >= 8953688) AND (id <= 8953787))

table 3 : explain SELECT c FROM sbtest3 WHERE id BETWEEN 9737025 AND 9737124 ORDER BY c
	Sort  (cost=375.97..376.20 rows=95 width=121)
	  Sort Key: c
	  ->  Index Scan using sbtest3_pkey on sbtest3  (cost=0.43..372.85 rows=95 width=121)
	        Index Cond: ((id >= 9737025) AND (id <= 9737124))

table 4 : explain SELECT c FROM sbtest4 WHERE id BETWEEN 7869049 AND 7869148 ORDER BY c
	Sort  (cost=387.89..388.14 rows=98 width=121)
	  Sort Key: c
	  ->  Index Scan using sbtest4_pkey on sbtest4  (cost=0.43..384.65 rows=98 width=121)
	        Index Cond: ((id >= 7869049) AND (id <= 7869148))

table 5 : explain SELECT c FROM sbtest5 WHERE id BETWEEN 4717482 AND 4717581 ORDER BY c
	Sort  (cost=355.75..355.97 rows=90 width=121)
	  Sort Key: c
	  ->  Index Scan using sbtest5_pkey on sbtest5  (cost=0.43..352.83 rows=90 width=121)
	        Index Cond: ((id >= 4717482) AND (id <= 4717581))

table 6 : explain SELECT c FROM sbtest6 WHERE id BETWEEN 4921859 AND 4921958 ORDER BY c
	Sort  (cost=422.78..423.05 rows=107 width=121)
	  Sort Key: c
	  ->  Index Scan using sbtest6_pkey on sbtest6  (cost=0.43..419.18 rows=107 width=121)
	        Index Cond: ((id >= 4921859) AND (id <= 4921958))

table 7 : explain SELECT c FROM sbtest7 WHERE id BETWEEN 6484145 AND 6484244 ORDER BY c
	Sort  (cost=404.25..404.51 rows=102 width=121)
	  Sort Key: c
	  ->  Index Scan using sbtest7_pkey on sbtest7  (cost=0.43..400.85 rows=102 width=121)
	        Index Cond: ((id >= 6484145) AND (id <= 6484244))

table 8 : explain SELECT c FROM sbtest8 WHERE id BETWEEN 3486412 AND 3486511 ORDER BY c
	Sort  (cost=380.14..380.38 rows=96 width=121)
	  Sort Key: c
	  ->  Index Scan using sbtest8_pkey on sbtest8  (cost=0.43..376.98 rows=96 width=121)
	        Index Cond: ((id >= 3486412) AND (id <= 3486511))

explain: for deletes :: explain DELETE FROM sbtest%u WHERE id=%u
for index_updates
table 1 : explain UPDATE sbtest1 SET k=k+1 WHERE id=8513667
	Update on sbtest1  (cost=0.43..8.46 rows=0 width=0)
	  ->  Index Scan using sbtest1_pkey on sbtest1  (cost=0.43..8.46 rows=1 width=10)
	        Index Cond: (id = 8513667)

table 2 : explain UPDATE sbtest2 SET k=k+1 WHERE id=8522106
	Update on sbtest2  (cost=0.43..8.46 rows=0 width=0)
	  ->  Index Scan using sbtest2_pkey on sbtest2  (cost=0.43..8.46 rows=1 width=10)
	        Index Cond: (id = 8522106)

table 3 : explain UPDATE sbtest3 SET k=k+1 WHERE id=4675866
	Update on sbtest3  (cost=0.43..8.46 rows=0 width=0)
	  ->  Index Scan using sbtest3_pkey on sbtest3  (cost=0.43..8.46 rows=1 width=10)
	        Index Cond: (id = 4675866)

table 4 : explain UPDATE sbtest4 SET k=k+1 WHERE id=9285584
	Update on sbtest4  (cost=0.43..8.46 rows=0 width=0)
	  ->  Index Scan using sbtest4_pkey on sbtest4  (cost=0.43..8.46 rows=1 width=10)
	        Index Cond: (id = 9285584)

table 5 : explain UPDATE sbtest5 SET k=k+1 WHERE id=8949132
	Update on sbtest5  (cost=0.43..8.46 rows=0 width=0)
	  ->  Index Scan using sbtest5_pkey on sbtest5  (cost=0.43..8.46 rows=1 width=10)
	        Index Cond: (id = 8949132)

table 6 : explain UPDATE sbtest6 SET k=k+1 WHERE id=2270877
	Update on sbtest6  (cost=0.43..8.46 rows=0 width=0)
	  ->  Index Scan using sbtest6_pkey on sbtest6  (cost=0.43..8.46 rows=1 width=10)
	        Index Cond: (id = 2270877)

table 7 : explain UPDATE sbtest7 SET k=k+1 WHERE id=31128
	Update on sbtest7  (cost=0.43..8.46 rows=0 width=0)
	  ->  Index Scan using sbtest7_pkey on sbtest7  (cost=0.43..8.46 rows=1 width=10)
	        Index Cond: (id = 31128)

table 8 : explain UPDATE sbtest8 SET k=k+1 WHERE id=8544135
	Update on sbtest8  (cost=0.43..8.46 rows=0 width=0)
	  ->  Index Scan using sbtest8_pkey on sbtest8  (cost=0.43..8.46 rows=1 width=10)
	        Index Cond: (id = 8544135)

explain: for deletes :: explain DELETE FROM sbtest%u WHERE id=%u
for point_selects
table 1 : explain SELECT c FROM sbtest1 WHERE id=9368084
	Index Scan using sbtest1_pkey on sbtest1  (cost=0.43..8.45 rows=1 width=121)
	  Index Cond: (id = 9368084)

table 2 : explain SELECT c FROM sbtest2 WHERE id=4371410
	Index Scan using sbtest2_pkey on sbtest2  (cost=0.43..8.45 rows=1 width=121)
	  Index Cond: (id = 4371410)

table 3 : explain SELECT c FROM sbtest3 WHERE id=3962581
	Index Scan using sbtest3_pkey on sbtest3  (cost=0.43..8.45 rows=1 width=121)
	  Index Cond: (id = 3962581)

table 4 : explain SELECT c FROM sbtest4 WHERE id=4439815
	Index Scan using sbtest4_pkey on sbtest4  (cost=0.43..8.45 rows=1 width=121)
	  Index Cond: (id = 4439815)

table 5 : explain SELECT c FROM sbtest5 WHERE id=9717047
	Index Scan using sbtest5_pkey on sbtest5  (cost=0.43..8.45 rows=1 width=121)
	  Index Cond: (id = 9717047)

table 6 : explain SELECT c FROM sbtest6 WHERE id=7144485
	Index Scan using sbtest6_pkey on sbtest6  (cost=0.43..8.45 rows=1 width=121)
	  Index Cond: (id = 7144485)

table 7 : explain SELECT c FROM sbtest7 WHERE id=7481640
	Index Scan using sbtest7_pkey on sbtest7  (cost=0.43..8.45 rows=1 width=121)
	  Index Cond: (id = 7481640)

table 8 : explain SELECT c FROM sbtest8 WHERE id=9932923
	Index Scan using sbtest8_pkey on sbtest8  (cost=0.43..8.45 rows=1 width=121)
	  Index Cond: (id = 9932923)

for non_index_updates
table 1 : explain UPDATE sbtest1 SET c='foobar' WHERE id=5368349
	Update on sbtest1  (cost=0.43..8.45 rows=0 width=0)
	  ->  Index Scan using sbtest1_pkey on sbtest1  (cost=0.43..8.45 rows=1 width=490)
	        Index Cond: (id = 5368349)

table 2 : explain UPDATE sbtest2 SET c='foobar' WHERE id=9739061
	Update on sbtest2  (cost=0.43..8.45 rows=0 width=0)
	  ->  Index Scan using sbtest2_pkey on sbtest2  (cost=0.43..8.45 rows=1 width=490)
	        Index Cond: (id = 9739061)

table 3 : explain UPDATE sbtest3 SET c='foobar' WHERE id=7773525
	Update on sbtest3  (cost=0.43..8.45 rows=0 width=0)
	  ->  Index Scan using sbtest3_pkey on sbtest3  (cost=0.43..8.45 rows=1 width=490)
	        Index Cond: (id = 7773525)

table 4 : explain UPDATE sbtest4 SET c='foobar' WHERE id=8388799
	Update on sbtest4  (cost=0.43..8.45 rows=0 width=0)
	  ->  Index Scan using sbtest4_pkey on sbtest4  (cost=0.43..8.45 rows=1 width=490)
	        Index Cond: (id = 8388799)

table 5 : explain UPDATE sbtest5 SET c='foobar' WHERE id=9222729
	Update on sbtest5  (cost=0.43..8.45 rows=0 width=0)
	  ->  Index Scan using sbtest5_pkey on sbtest5  (cost=0.43..8.45 rows=1 width=490)
	        Index Cond: (id = 9222729)

table 6 : explain UPDATE sbtest6 SET c='foobar' WHERE id=3273013
	Update on sbtest6  (cost=0.43..8.45 rows=0 width=0)
	  ->  Index Scan using sbtest6_pkey on sbtest6  (cost=0.43..8.45 rows=1 width=490)
	        Index Cond: (id = 3273013)

table 7 : explain UPDATE sbtest7 SET c='foobar' WHERE id=2444928
	Update on sbtest7  (cost=0.43..8.45 rows=0 width=0)
	  ->  Index Scan using sbtest7_pkey on sbtest7  (cost=0.43..8.45 rows=1 width=490)
	        Index Cond: (id = 2444928)

table 8 : explain UPDATE sbtest8 SET c='foobar' WHERE id=4595039
	Update on sbtest8  (cost=0.43..8.45 rows=0 width=0)
	  ->  Index Scan using sbtest8_pkey on sbtest8  (cost=0.43..8.45 rows=1 width=490)
	        Index Cond: (id = 4595039)

explain: for non_index_updates :: explain UPDATE sbtest%u SET c='foobar' WHERE id=%u
explain: for deletes :: explain DELETE FROM sbtest%u WHERE id=%u
explain: for point_selects :: explain SELECT c FROM sbtest%u WHERE id=%u
for point_selects
table 1 : explain SELECT c FROM sbtest1 WHERE id=5820553
	Index Scan using sbtest1_pkey on sbtest1  (cost=0.43..8.45 rows=1 width=121)
	  Index Cond: (id = 5820553)

table 2 : explain SELECT c FROM sbtest2 WHERE id=1086666
	Index Scan using sbtest2_pkey on sbtest2  (cost=0.43..8.45 rows=1 width=121)
	  Index Cond: (id = 1086666)

table 3 : explain SELECT c FROM sbtest3 WHERE id=820986
	Index Scan using sbtest3_pkey on sbtest3  (cost=0.43..8.45 rows=1 width=121)
	  Index Cond: (id = 820986)

table 4 : explain SELECT c FROM sbtest4 WHERE id=6942508
	Index Scan using sbtest4_pkey on sbtest4  (cost=0.43..8.45 rows=1 width=121)
	  Index Cond: (id = 6942508)

table 5 : explain SELECT c FROM sbtest5 WHERE id=2451285
	Index Scan using sbtest5_pkey on sbtest5  (cost=0.43..8.45 rows=1 width=121)
	  Index Cond: (id = 2451285)

table 6 : explain SELECT c FROM sbtest6 WHERE id=4734908
	Index Scan using sbtest6_pkey on sbtest6  (cost=0.43..8.45 rows=1 width=121)
	  Index Cond: (id = 4734908)

table 7 : explain SELECT c FROM sbtest7 WHERE id=2618274
	Index Scan using sbtest7_pkey on sbtest7  (cost=0.43..8.45 rows=1 width=121)
	  Index Cond: (id = 2618274)

table 8 : explain SELECT c FROM sbtest8 WHERE id=1468567
	Index Scan using sbtest8_pkey on sbtest8  (cost=0.43..8.45 rows=1 width=121)
	  Index Cond: (id = 1468567)

for deletes
table 1 : explain DELETE FROM sbtest1 WHERE id=8744191
	Delete on sbtest1  (cost=0.43..8.45 rows=0 width=0)
	  ->  Index Scan using sbtest1_pkey on sbtest1  (cost=0.43..8.45 rows=1 width=6)
	        Index Cond: (id = 8744191)

table 2 : explain DELETE FROM sbtest2 WHERE id=5217510
	Delete on sbtest2  (cost=0.43..8.45 rows=0 width=0)
	  ->  Index Scan using sbtest2_pkey on sbtest2  (cost=0.43..8.45 rows=1 width=6)
	        Index Cond: (id = 5217510)

table 3 : explain DELETE FROM sbtest3 WHERE id=2817429
	Delete on sbtest3  (cost=0.43..8.45 rows=0 width=0)
	  ->  Index Scan using sbtest3_pkey on sbtest3  (cost=0.43..8.45 rows=1 width=6)
	        Index Cond: (id = 2817429)

table 4 : explain DELETE FROM sbtest4 WHERE id=9002966
	Delete on sbtest4  (cost=0.43..8.45 rows=0 width=0)
	  ->  Index Scan using sbtest4_pkey on sbtest4  (cost=0.43..8.45 rows=1 width=6)
	        Index Cond: (id = 9002966)

table 5 : explain DELETE FROM sbtest5 WHERE id=4182400
	Delete on sbtest5  (cost=0.43..8.45 rows=0 width=0)
	  ->  Index Scan using sbtest5_pkey on sbtest5  (cost=0.43..8.45 rows=1 width=6)
	        Index Cond: (id = 4182400)

table 6 : explain DELETE FROM sbtest6 WHERE id=9829039
	Delete on sbtest6  (cost=0.43..8.45 rows=0 width=0)
	  ->  Index Scan using sbtest6_pkey on sbtest6  (cost=0.43..8.45 rows=1 width=6)
	        Index Cond: (id = 9829039)

table 7 : explain DELETE FROM sbtest7 WHERE id=2731592
	Delete on sbtest7  (cost=0.43..8.45 rows=0 width=0)
	  ->  Index Scan using sbtest7_pkey on sbtest7  (cost=0.43..8.45 rows=1 width=6)
	        Index Cond: (id = 2731592)

table 8 : explain DELETE FROM sbtest8 WHERE id=3974995
	Delete on sbtest8  (cost=0.43..8.45 rows=0 width=0)
	  ->  Index Scan using sbtest8_pkey on sbtest8  (cost=0.43..8.45 rows=1 width=6)
	        Index Cond: (id = 3974995)

for inserts
table 1 : explain INSERT INTO sbtest1 (id, k, c, pad) VALUES (4709940, 13, 'foobar', 'foobar')
	Insert on sbtest1  (cost=0.00..0.01 rows=0 width=0)
	  ->  Result  (cost=0.00..0.01 rows=1 width=736)

table 2 : explain INSERT INTO sbtest2 (id, k, c, pad) VALUES (2912842, 13, 'foobar', 'foobar')
	Insert on sbtest2  (cost=0.00..0.01 rows=0 width=0)
	  ->  Result  (cost=0.00..0.01 rows=1 width=736)

table 3 : explain INSERT INTO sbtest3 (id, k, c, pad) VALUES (9252221, 13, 'foobar', 'foobar')
	Insert on sbtest3  (cost=0.00..0.01 rows=0 width=0)
	  ->  Result  (cost=0.00..0.01 rows=1 width=736)

table 4 : explain INSERT INTO sbtest4 (id, k, c, pad) VALUES (6856, 13, 'foobar', 'foobar')
	Insert on sbtest4  (cost=0.00..0.01 rows=0 width=0)
	  ->  Result  (cost=0.00..0.01 rows=1 width=736)

table 5 : explain INSERT INTO sbtest5 (id, k, c, pad) VALUES (6424000, 13, 'foobar', 'foobar')
	Insert on sbtest5  (cost=0.00..0.01 rows=0 width=0)
	  ->  Result  (cost=0.00..0.01 rows=1 width=736)

table 6 : explain INSERT INTO sbtest6 (id, k, c, pad) VALUES (5825924, 13, 'foobar', 'foobar')
	Insert on sbtest6  (cost=0.00..0.01 rows=0 width=0)
	  ->  Result  (cost=0.00..0.01 rows=1 width=736)

table 7 : explain INSERT INTO sbtest7 (id, k, c, pad) VALUES (1088665, 13, 'foobar', 'foobar')
	Insert on sbtest7  (cost=0.00..0.01 rows=0 width=0)
	  ->  Result  (cost=0.00..0.01 rows=1 width=736)

table 8 : explain INSERT INTO sbtest8 (id, k, c, pad) VALUES (3583569, 13, 'foobar', 'foobar')
	Insert on sbtest8  (cost=0.00..0.01 rows=0 width=0)
	  ->  Result  (cost=0.00..0.01 rows=1 width=736)

for deletes
table 1 : explain DELETE FROM sbtest1 WHERE id=7535799
	Delete on sbtest1  (cost=0.43..8.45 rows=0 width=0)
	  ->  Index Scan using sbtest1_pkey on sbtest1  (cost=0.43..8.45 rows=1 width=6)
	        Index Cond: (id = 7535799)

table 2 : explain DELETE FROM sbtest2 WHERE id=1881550
	Delete on sbtest2  (cost=0.43..8.45 rows=0 width=0)
	  ->  Index Scan using sbtest2_pkey on sbtest2  (cost=0.43..8.45 rows=1 width=6)
	        Index Cond: (id = 1881550)

table 3 : explain DELETE FROM sbtest3 WHERE id=5428518
	Delete on sbtest3  (cost=0.43..8.45 rows=0 width=0)
	  ->  Index Scan using sbtest3_pkey on sbtest3  (cost=0.43..8.45 rows=1 width=6)
	        Index Cond: (id = 5428518)

table 4 : explain DELETE FROM sbtest4 WHERE id=7312124
	Delete on sbtest4  (cost=0.43..8.45 rows=0 width=0)
	  ->  Index Scan using sbtest4_pkey on sbtest4  (cost=0.43..8.45 rows=1 width=6)
	        Index Cond: (id = 7312124)

table 5 : explain DELETE FROM sbtest5 WHERE id=7737431
	Delete on sbtest5  (cost=0.43..8.45 rows=0 width=0)
	  ->  Index Scan using sbtest5_pkey on sbtest5  (cost=0.43..8.45 rows=1 width=6)
	        Index Cond: (id = 7737431)

table 6 : explain DELETE FROM sbtest6 WHERE id=6568611
	Delete on sbtest6  (cost=0.43..8.45 rows=0 width=0)
	  ->  Index Scan using sbtest6_pkey on sbtest6  (cost=0.43..8.45 rows=1 width=6)
	        Index Cond: (id = 6568611)

table 7 : explain DELETE FROM sbtest7 WHERE id=9429493
	Delete on sbtest7  (cost=0.43..8.45 rows=0 width=0)
	  ->  Index Scan using sbtest7_pkey on sbtest7  (cost=0.43..8.45 rows=1 width=6)
	        Index Cond: (id = 9429493)

table 8 : explain DELETE FROM sbtest8 WHERE id=9631751
	Delete on sbtest8  (cost=0.43..8.45 rows=0 width=0)
	  ->  Index Scan using sbtest8_pkey on sbtest8  (cost=0.43..8.45 rows=1 width=6)
	        Index Cond: (id = 9631751)

for non_index_updates
table 1 : explain UPDATE sbtest1 SET c='foobar' WHERE id=3900988
	Update on sbtest1  (cost=0.43..8.45 rows=0 width=0)
	  ->  Index Scan using sbtest1_pkey on sbtest1  (cost=0.43..8.45 rows=1 width=490)
	        Index Cond: (id = 3900988)

table 2 : explain UPDATE sbtest2 SET c='foobar' WHERE id=7497161
	Update on sbtest2  (cost=0.43..8.45 rows=0 width=0)
	  ->  Index Scan using sbtest2_pkey on sbtest2  (cost=0.43..8.45 rows=1 width=490)
	        Index Cond: (id = 7497161)

table 3 : explain UPDATE sbtest3 SET c='foobar' WHERE id=7774149
	Update on sbtest3  (cost=0.43..8.45 rows=0 width=0)
	  ->  Index Scan using sbtest3_pkey on sbtest3  (cost=0.43..8.45 rows=1 width=490)
	        Index Cond: (id = 7774149)

table 4 : explain UPDATE sbtest4 SET c='foobar' WHERE id=501227
	Update on sbtest4  (cost=0.43..8.45 rows=0 width=0)
	  ->  Index Scan using sbtest4_pkey on sbtest4  (cost=0.43..8.45 rows=1 width=490)
	        Index Cond: (id = 501227)

table 5 : explain UPDATE sbtest5 SET c='foobar' WHERE id=8326767
	Update on sbtest5  (cost=0.43..8.45 rows=0 width=0)
	  ->  Index Scan using sbtest5_pkey on sbtest5  (cost=0.43..8.45 rows=1 width=490)
	        Index Cond: (id = 8326767)

table 6 : explain UPDATE sbtest6 SET c='foobar' WHERE id=1387812
	Update on sbtest6  (cost=0.43..8.45 rows=0 width=0)
	  ->  Index Scan using sbtest6_pkey on sbtest6  (cost=0.43..8.45 rows=1 width=490)
	        Index Cond: (id = 1387812)

table 7 : explain UPDATE sbtest7 SET c='foobar' WHERE id=8666003
	Update on sbtest7  (cost=0.43..8.45 rows=0 width=0)
	  ->  Index Scan using sbtest7_pkey on sbtest7  (cost=0.43..8.45 rows=1 width=490)
	        Index Cond: (id = 8666003)

table 8 : explain UPDATE sbtest8 SET c='foobar' WHERE id=4887016
	Update on sbtest8  (cost=0.43..8.45 rows=0 width=0)
	  ->  Index Scan using sbtest8_pkey on sbtest8  (cost=0.43..8.45 rows=1 width=490)
	        Index Cond: (id = 4887016)

explain: for point_selects :: explain SELECT c FROM sbtest%u WHERE id=%u
for point_selects
table 1 : explain SELECT c FROM sbtest1 WHERE id=7774342
	Index Scan using sbtest1_pkey on sbtest1  (cost=0.43..8.45 rows=1 width=121)
	  Index Cond: (id = 7774342)

table 2 : explain SELECT c FROM sbtest2 WHERE id=3792795
	Index Scan using sbtest2_pkey on sbtest2  (cost=0.43..8.45 rows=1 width=121)
	  Index Cond: (id = 3792795)

table 3 : explain SELECT c FROM sbtest3 WHERE id=3564180
	Index Scan using sbtest3_pkey on sbtest3  (cost=0.43..8.45 rows=1 width=121)
	  Index Cond: (id = 3564180)

table 4 : explain SELECT c FROM sbtest4 WHERE id=6006780
	Index Scan using sbtest4_pkey on sbtest4  (cost=0.43..8.45 rows=1 width=121)
	  Index Cond: (id = 6006780)

table 5 : explain SELECT c FROM sbtest5 WHERE id=7337043
	Index Scan using sbtest5_pkey on sbtest5  (cost=0.43..8.45 rows=1 width=121)
	  Index Cond: (id = 7337043)

table 6 : explain SELECT c FROM sbtest6 WHERE id=3414083
	Index Scan using sbtest6_pkey on sbtest6  (cost=0.43..8.45 rows=1 width=121)
	  Index Cond: (id = 3414083)

table 7 : explain SELECT c FROM sbtest7 WHERE id=4518769
	Index Scan using sbtest7_pkey on sbtest7  (cost=0.43..8.45 rows=1 width=121)
	  Index Cond: (id = 4518769)

table 8 : explain SELECT c FROM sbtest8 WHERE id=2976345
	Index Scan using sbtest8_pkey on sbtest8  (cost=0.43..8.45 rows=1 width=121)
	  Index Cond: (id = 2976345)

for: simple_ranges
table 1 : explain SELECT c FROM sbtest1 WHERE id BETWEEN 3159853 AND 3159952
	Index Scan using sbtest1_pkey on sbtest1  (cost=0.43..412.92 rows=105 width=121)
	  Index Cond: ((id >= 3159853) AND (id <= 3159952))

table 2 : explain SELECT c FROM sbtest2 WHERE id BETWEEN 8586776 AND 8586875
	Index Scan using sbtest2_pkey on sbtest2  (cost=0.43..376.94 rows=96 width=121)
	  Index Cond: ((id >= 8586776) AND (id <= 8586875))

table 3 : explain SELECT c FROM sbtest3 WHERE id BETWEEN 8996431 AND 8996530
	Index Scan using sbtest3_pkey on sbtest3  (cost=0.43..427.14 rows=109 width=121)
	  Index Cond: ((id >= 8996431) AND (id <= 8996530))

table 4 : explain SELECT c FROM sbtest4 WHERE id BETWEEN 4540426 AND 4540525
	Index Scan using sbtest4_pkey on sbtest4  (cost=0.43..407.95 rows=104 width=121)
	  Index Cond: ((id >= 4540426) AND (id <= 4540525))

table 5 : explain SELECT c FROM sbtest5 WHERE id BETWEEN 2807639 AND 2807738
	Index Scan using sbtest5_pkey on sbtest5  (cost=0.43..391.55 rows=100 width=121)
	  Index Cond: ((id >= 2807639) AND (id <= 2807738))

table 6 : explain SELECT c FROM sbtest6 WHERE id BETWEEN 3782554 AND 3782653
	Index Scan using sbtest6_pkey on sbtest6  (cost=0.43..388.19 rows=99 width=121)
	  Index Cond: ((id >= 3782554) AND (id <= 3782653))

table 7 : explain SELECT c FROM sbtest7 WHERE id BETWEEN 1542817 AND 1542916
	Index Scan using sbtest7_pkey on sbtest7  (cost=0.43..361.98 rows=92 width=121)
	  Index Cond: ((id >= 1542817) AND (id <= 1542916))

table 8 : explain SELECT c FROM sbtest8 WHERE id BETWEEN 3496374 AND 3496473
	Index Scan using sbtest8_pkey on sbtest8  (cost=0.43..376.98 rows=96 width=121)
	  Index Cond: ((id >= 3496374) AND (id <= 3496473))

for: distinct_ranges
table 1 : explain SELECT DISTINCT c FROM sbtest1 WHERE id BETWEEN 631355 AND 631454 ORDER BY c
	Unique  (cost=412.52..413.04 rows=104 width=121)
	  ->  Sort  (cost=412.52..412.78 rows=104 width=121)
	        Sort Key: c
	        ->  Index Scan using sbtest1_pkey on sbtest1  (cost=0.43..409.03 rows=104 width=121)
	              Index Cond: ((id >= 631355) AND (id <= 631454))

table 2 : explain SELECT DISTINCT c FROM sbtest2 WHERE id BETWEEN 1178690 AND 1178789 ORDER BY c
	Unique  (cost=399.73..400.23 rows=101 width=121)
	  ->  Sort  (cost=399.73..399.98 rows=101 width=121)
	        Sort Key: c
	        ->  Index Scan using sbtest2_pkey on sbtest2  (cost=0.43..396.36 rows=101 width=121)
	              Index Cond: ((id >= 1178690) AND (id <= 1178789))

table 3 : explain SELECT DISTINCT c FROM sbtest3 WHERE id BETWEEN 9046311 AND 9046410 ORDER BY c
	Unique  (cost=430.83..431.38 rows=109 width=121)
	  ->  Sort  (cost=430.83..431.10 rows=109 width=121)
	        Sort Key: c
	        ->  Index Scan using sbtest3_pkey on sbtest3  (cost=0.43..427.14 rows=109 width=121)
	              Index Cond: ((id >= 9046311) AND (id <= 9046410))

table 4 : explain SELECT DISTINCT c FROM sbtest4 WHERE id BETWEEN 6086790 AND 6086889 ORDER BY c
	Unique  (cost=391.81..392.30 rows=99 width=121)
	  ->  Sort  (cost=391.81..392.06 rows=99 width=121)
	        Sort Key: c
	        ->  Index Scan using sbtest4_pkey on sbtest4  (cost=0.43..388.53 rows=99 width=121)
	              Index Cond: ((id >= 6086790) AND (id <= 6086889))

table 5 : explain SELECT DISTINCT c FROM sbtest5 WHERE id BETWEEN 8402967 AND 8403066 ORDER BY c
	Unique  (cost=422.24..422.77 rows=107 width=121)
	  ->  Sort  (cost=422.24..422.50 rows=107 width=121)
	        Sort Key: c
	        ->  Index Scan using sbtest5_pkey on sbtest5  (cost=0.43..418.63 rows=107 width=121)
	              Index Cond: ((id >= 8402967) AND (id <= 8403066))

table 6 : explain SELECT DISTINCT c FROM sbtest6 WHERE id BETWEEN 1899708 AND 1899807 ORDER BY c
	Unique  (cost=383.60..384.09 rows=97 width=121)
	  ->  Sort  (cost=383.60..383.85 rows=97 width=121)
	        Sort Key: c
	        ->  Index Scan using sbtest6_pkey on sbtest6  (cost=0.43..380.40 rows=97 width=121)
	              Index Cond: ((id >= 1899708) AND (id <= 1899807))

table 7 : explain SELECT DISTINCT c FROM sbtest7 WHERE id BETWEEN 9447034 AND 9447133 ORDER BY c
	Unique  (cost=380.67..381.15 rows=96 width=121)
	  ->  Sort  (cost=380.67..380.91 rows=96 width=121)
	        Sort Key: c
	        ->  Index Scan using sbtest7_pkey on sbtest7  (cost=0.43..377.51 rows=96 width=121)
	              Index Cond: ((id >= 9447034) AND (id <= 9447133))

table 8 : explain SELECT DISTINCT c FROM sbtest8 WHERE id BETWEEN 2039347 AND 2039446 ORDER BY c
	Unique  (cost=340.96..341.39 rows=86 width=121)
	  ->  Sort  (cost=340.96..341.17 rows=86 width=121)
	        Sort Key: c
	        ->  Index Scan using sbtest8_pkey on sbtest8  (cost=0.43..338.19 rows=86 width=121)
	              Index Cond: ((id >= 2039347) AND (id <= 2039446))

for deletes
table 1 : explain DELETE FROM sbtest1 WHERE id=7704838
	Delete on sbtest1  (cost=0.43..8.45 rows=0 width=0)
	  ->  Index Scan using sbtest1_pkey on sbtest1  (cost=0.43..8.45 rows=1 width=6)
	        Index Cond: (id = 7704838)

table 2 : explain DELETE FROM sbtest2 WHERE id=4013579
	Delete on sbtest2  (cost=0.43..8.45 rows=0 width=0)
	  ->  Index Scan using sbtest2_pkey on sbtest2  (cost=0.43..8.45 rows=1 width=6)
	        Index Cond: (id = 4013579)

table 3 : explain DELETE FROM sbtest3 WHERE id=9277408
	Delete on sbtest3  (cost=0.43..8.45 rows=0 width=0)
	  ->  Index Scan using sbtest3_pkey on sbtest3  (cost=0.43..8.45 rows=1 width=6)
	        Index Cond: (id = 9277408)

table 4 : explain DELETE FROM sbtest4 WHERE id=1748465
	Delete on sbtest4  (cost=0.43..8.45 rows=0 width=0)
	  ->  Index Scan using sbtest4_pkey on sbtest4  (cost=0.43..8.45 rows=1 width=6)
	        Index Cond: (id = 1748465)

table 5 : explain DELETE FROM sbtest5 WHERE id=1410293
	Delete on sbtest5  (cost=0.43..8.45 rows=0 width=0)
	  ->  Index Scan using sbtest5_pkey on sbtest5  (cost=0.43..8.45 rows=1 width=6)
	        Index Cond: (id = 1410293)

table 6 : explain DELETE FROM sbtest6 WHERE id=8978079
	Delete on sbtest6  (cost=0.43..8.45 rows=0 width=0)
	  ->  Index Scan using sbtest6_pkey on sbtest6  (cost=0.43..8.45 rows=1 width=6)
	        Index Cond: (id = 8978079)

table 7 : explain DELETE FROM sbtest7 WHERE id=3399237
	Delete on sbtest7  (cost=0.43..8.45 rows=0 width=0)
	  ->  Index Scan using sbtest7_pkey on sbtest7  (cost=0.43..8.45 rows=1 width=6)
	        Index Cond: (id = 3399237)

table 8 : explain DELETE FROM sbtest8 WHERE id=6561553
	Delete on sbtest8  (cost=0.43..8.45 rows=0 width=0)
	  ->  Index Scan using sbtest8_pkey on sbtest8  (cost=0.43..8.45 rows=1 width=6)
	        Index Cond: (id = 6561553)

explain: for inserts :: explain INSERT INTO sbtest%u (id, k, c, pad) VALUES (%u, 13, 'foobar', 'foobar')explain: for deletes :: explain DELETE FROM sbtest%u WHERE id=%u

for point_selects
table 1 : explain SELECT c FROM sbtest1 WHERE id=8826077
	Index Scan using sbtest1_pkey on sbtest1  (cost=0.43..8.45 rows=1 width=121)
	  Index Cond: (id = 8826077)

table 2 : explain SELECT c FROM sbtest2 WHERE id=7361858
	Index Scan using sbtest2_pkey on sbtest2  (cost=0.43..8.45 rows=1 width=121)
	  Index Cond: (id = 7361858)

table 3 : explain SELECT c FROM sbtest3 WHERE id=9269521
	Index Scan using sbtest3_pkey on sbtest3  (cost=0.43..8.45 rows=1 width=121)
	  Index Cond: (id = 9269521)

table 4 : explain SELECT c FROM sbtest4 WHERE id=4006128
	Index Scan using sbtest4_pkey on sbtest4  (cost=0.43..8.45 rows=1 width=121)
	  Index Cond: (id = 4006128)

table 5 : explain SELECT c FROM sbtest5 WHERE id=5022669
	Index Scan using sbtest5_pkey on sbtest5  (cost=0.43..8.45 rows=1 width=121)
	  Index Cond: (id = 5022669)

table 6 : explain SELECT c FROM sbtest6 WHERE id=4478896
	Index Scan using sbtest6_pkey on sbtest6  (cost=0.43..8.45 rows=1 width=121)
	  Index Cond: (id = 4478896)

table 7 : explain SELECT c FROM sbtest7 WHERE id=860109
	Index Scan using sbtest7_pkey on sbtest7  (cost=0.43..8.45 rows=1 width=121)
	  Index Cond: (id = 860109)

table 8 : explain SELECT c FROM sbtest8 WHERE id=4261029
	Index Scan using sbtest8_pkey on sbtest8  (cost=0.43..8.45 rows=1 width=121)
	  Index Cond: (id = 4261029)

explain: for inserts :: explain INSERT INTO sbtest%u (id, k, c, pad) VALUES (%u, 13, 'foobar', 'foobar')
for inserts
table 1 : explain INSERT INTO sbtest1 (id, k, c, pad) VALUES (5565107, 13, 'foobar', 'foobar')
	Insert on sbtest1  (cost=0.00..0.01 rows=0 width=0)
	  ->  Result  (cost=0.00..0.01 rows=1 width=736)

table 2 : explain INSERT INTO sbtest2 (id, k, c, pad) VALUES (9815535, 13, 'foobar', 'foobar')
	Insert on sbtest2  (cost=0.00..0.01 rows=0 width=0)
	  ->  Result  (cost=0.00..0.01 rows=1 width=736)

table 3 : explain INSERT INTO sbtest3 (id, k, c, pad) VALUES (7371149, 13, 'foobar', 'foobar')
	Insert on sbtest3  (cost=0.00..0.01 rows=0 width=0)
	  ->  Result  (cost=0.00..0.01 rows=1 width=736)

table 4 : explain INSERT INTO sbtest4 (id, k, c, pad) VALUES (2220466, 13, 'foobar', 'foobar')
	Insert on sbtest4  (cost=0.00..0.01 rows=0 width=0)
	  ->  Result  (cost=0.00..0.01 rows=1 width=736)

table 5 : explain INSERT INTO sbtest5 (id, k, c, pad) VALUES (9386575, 13, 'foobar', 'foobar')
	Insert on sbtest5  (cost=0.00..0.01 rows=0 width=0)
	  ->  Result  (cost=0.00..0.01 rows=1 width=736)

table 6 : explain INSERT INTO sbtest6 (id, k, c, pad) VALUES (2958677, 13, 'foobar', 'foobar')
	Insert on sbtest6  (cost=0.00..0.01 rows=0 width=0)
	  ->  Result  (cost=0.00..0.01 rows=1 width=736)

table 7 : explain INSERT INTO sbtest7 (id, k, c, pad) VALUES (6696068, 13, 'foobar', 'foobar')
	Insert on sbtest7  (cost=0.00..0.01 rows=0 width=0)
	  ->  Result  (cost=0.00..0.01 rows=1 width=736)

table 8 : explain INSERT INTO sbtest8 (id, k, c, pad) VALUES (76162, 13, 'foobar', 'foobar')
	Insert on sbtest8  (cost=0.00..0.01 rows=0 width=0)
	  ->  Result  (cost=0.00..0.01 rows=1 width=736)

for deletes
table 1 : explain DELETE FROM sbtest1 WHERE id=5666227
	Delete on sbtest1  (cost=0.43..8.45 rows=0 width=0)
	  ->  Index Scan using sbtest1_pkey on sbtest1  (cost=0.43..8.45 rows=1 width=6)
	        Index Cond: (id = 5666227)

table 2 : explain DELETE FROM sbtest2 WHERE id=8481078
	Delete on sbtest2  (cost=0.43..8.45 rows=0 width=0)
	  ->  Index Scan using sbtest2_pkey on sbtest2  (cost=0.43..8.45 rows=1 width=6)
	        Index Cond: (id = 8481078)

table 3 : explain DELETE FROM sbtest3 WHERE id=25658
	Delete on sbtest3  (cost=0.43..8.45 rows=0 width=0)
	  ->  Index Scan using sbtest3_pkey on sbtest3  (cost=0.43..8.45 rows=1 width=6)
	        Index Cond: (id = 25658)

table 4 : explain DELETE FROM sbtest4 WHERE id=8531713
	Delete on sbtest4  (cost=0.43..8.45 rows=0 width=0)
	  ->  Index Scan using sbtest4_pkey on sbtest4  (cost=0.43..8.45 rows=1 width=6)
	        Index Cond: (id = 8531713)

table 5 : explain DELETE FROM sbtest5 WHERE id=8979140
	Delete on sbtest5  (cost=0.43..8.45 rows=0 width=0)
	  ->  Index Scan using sbtest5_pkey on sbtest5  (cost=0.43..8.45 rows=1 width=6)
	        Index Cond: (id = 8979140)

table 6 : explain DELETE FROM sbtest6 WHERE id=4749606
	Delete on sbtest6  (cost=0.43..8.45 rows=0 width=0)
	  ->  Index Scan using sbtest6_pkey on sbtest6  (cost=0.43..8.45 rows=1 width=6)
	        Index Cond: (id = 4749606)

table 7 : explain DELETE FROM sbtest7 WHERE id=9218046
	Delete on sbtest7  (cost=0.43..8.45 rows=0 width=0)
	  ->  Index Scan using sbtest7_pkey on sbtest7  (cost=0.43..8.45 rows=1 width=6)
	        Index Cond: (id = 9218046)

table 8 : explain DELETE FROM sbtest8 WHERE id=9985504
	Delete on sbtest8  (cost=0.43..8.45 rows=0 width=0)
	  ->  Index Scan using sbtest8_pkey on sbtest8  (cost=0.43..8.45 rows=1 width=6)
	        Index Cond: (id = 9985504)

explain: for inserts :: explain INSERT INTO sbtest%u (id, k, c, pad) VALUES (%u, 13, 'foobar', 'foobar')
for: simple_ranges
table 1 : explain SELECT c FROM sbtest1 WHERE id BETWEEN 7009606 AND 7009705
	Index Scan using sbtest1_pkey on sbtest1  (cost=0.43..409.03 rows=104 width=121)
	  Index Cond: ((id >= 7009606) AND (id <= 7009705))

table 2 : explain SELECT c FROM sbtest2 WHERE id BETWEEN 3137969 AND 3138068
	Index Scan using sbtest2_pkey on sbtest2  (cost=0.43..415.75 rows=106 width=121)
	  Index Cond: ((id >= 3137969) AND (id <= 3138068))

table 3 : explain SELECT c FROM sbtest3 WHERE id BETWEEN 8440436 AND 8440535
	Index Scan using sbtest3_pkey on sbtest3  (cost=0.43..368.97 rows=94 width=121)
	  Index Cond: ((id >= 8440436) AND (id <= 8440535))

table 4 : explain SELECT c FROM sbtest4 WHERE id BETWEEN 4997328 AND 4997427
	Index Scan using sbtest4_pkey on sbtest4  (cost=0.43..380.77 rows=97 width=121)
	  Index Cond: ((id >= 4997328) AND (id <= 4997427))

table 5 : explain SELECT c FROM sbtest5 WHERE id BETWEEN 7071966 AND 7072065
	Index Scan using sbtest5_pkey on sbtest5  (cost=0.43..418.63 rows=107 width=121)
	  Index Cond: ((id >= 7071966) AND (id <= 7072065))

table 6 : explain SELECT c FROM sbtest6 WHERE id BETWEEN 2075413 AND 2075512
	Index Scan using sbtest6_pkey on sbtest6  (cost=0.43..392.06 rows=100 width=121)
	  Index Cond: ((id >= 2075413) AND (id <= 2075512))

table 7 : explain SELECT c FROM sbtest7 WHERE id BETWEEN 5413657 AND 5413756
	Index Scan using sbtest7_pkey on sbtest7  (cost=0.43..400.85 rows=102 width=121)
	  Index Cond: ((id >= 5413657) AND (id <= 5413756))

table 8 : explain SELECT c FROM sbtest8 WHERE id BETWEEN 4616923 AND 4617022
	Index Scan using sbtest8_pkey on sbtest8  (cost=0.43..388.61 rows=99 width=121)
	  Index Cond: ((id >= 4616923) AND (id <= 4617022))

for: distinct_ranges
table 1 : explain SELECT DISTINCT c FROM sbtest1 WHERE id BETWEEN 5258092 AND 5258191 ORDER BY c
	Unique  (cost=404.63..405.14 rows=102 width=121)
	  ->  Sort  (cost=404.63..404.88 rows=102 width=121)
	        Sort Key: c
	        ->  Index Scan using sbtest1_pkey on sbtest1  (cost=0.43..401.22 rows=102 width=121)
	              Index Cond: ((id >= 5258092) AND (id <= 5258191))

table 2 : explain SELECT DISTINCT c FROM sbtest2 WHERE id BETWEEN 2462346 AND 2462445 ORDER BY c
	Unique  (cost=423.24..423.77 rows=107 width=121)
	  ->  Sort  (cost=423.24..423.51 rows=107 width=121)
	        Sort Key: c
	        ->  Index Scan using sbtest2_pkey on sbtest2  (cost=0.43..419.63 rows=107 width=121)
	              Index Cond: ((id >= 2462346) AND (id <= 2462445))

table 3 : explain SELECT DISTINCT c FROM sbtest3 WHERE id BETWEEN 5113405 AND 5113504 ORDER BY c
	Unique  (cost=430.83..431.38 rows=109 width=121)
	  ->  Sort  (cost=430.83..431.10 rows=109 width=121)
	        Sort Key: c
	        ->  Index Scan using sbtest3_pkey on sbtest3  (cost=0.43..427.14 rows=109 width=121)
	              Index Cond: ((id >= 5113405) AND (id <= 5113504))

table 4 : explain SELECT DISTINCT c FROM sbtest4 WHERE id BETWEEN 3594830 AND 3594929 ORDER BY c
	Unique  (cost=372.22..372.69 rows=94 width=121)
	  ->  Sort  (cost=372.22..372.45 rows=94 width=121)
	        Sort Key: c
	        ->  Index Scan using sbtest4_pkey on sbtest4  (cost=0.43..369.14 rows=94 width=121)
	              Index Cond: ((id >= 3594830) AND (id <= 3594929))

table 5 : explain SELECT DISTINCT c FROM sbtest5 WHERE id BETWEEN 5023979 AND 5024078 ORDER BY c
	Unique  (cost=390.93..391.42 rows=99 width=121)
	  ->  Sort  (cost=390.93..391.17 rows=99 width=121)
	        Sort Key: c
	        ->  Index Scan using sbtest5_pkey on sbtest5  (cost=0.43..387.64 rows=99 width=121)
	              Index Cond: ((id >= 5023979) AND (id <= 5024078))

table 6 : explain SELECT DISTINCT c FROM sbtest6 WHERE id BETWEEN 7783042 AND 7783141 ORDER BY c
	Unique  (cost=395.38..395.88 rows=100 width=121)
	  ->  Sort  (cost=395.38..395.63 rows=100 width=121)
	        Sort Key: c
	        ->  Index Scan using sbtest6_pkey on sbtest6  (cost=0.43..392.06 rows=100 width=121)
	              Index Cond: ((id >= 7783042) AND (id <= 7783141))

table 7 : explain SELECT DISTINCT c FROM sbtest7 WHERE id BETWEEN 5102501 AND 5102600 ORDER BY c
	Unique  (cost=400.33..400.83 rows=101 width=121)
	  ->  Sort  (cost=400.33..400.58 rows=101 width=121)
	        Sort Key: c
	        ->  Index Scan using sbtest7_pkey on sbtest7  (cost=0.43..396.97 rows=101 width=121)
	              Index Cond: ((id >= 5102501) AND (id <= 5102600))

table 8 : explain SELECT DISTINCT c FROM sbtest8 WHERE id BETWEEN 9885887 AND 9885986 ORDER BY c
	Unique  (cost=403.69..404.20 rows=102 width=121)
	  ->  Sort  (cost=403.69..403.94 rows=102 width=121)
	        Sort Key: c
	        ->  Index Scan using sbtest8_pkey on sbtest8  (cost=0.43..400.28 rows=102 width=121)
	              Index Cond: ((id >= 9885887) AND (id <= 9885986))

explain: for inserts :: explain INSERT INTO sbtest%u (id, k, c, pad) VALUES (%u, 13, 'foobar', 'foobar')
for inserts
table 1 : explain INSERT INTO sbtest1 (id, k, c, pad) VALUES (5922455, 13, 'foobar', 'foobar')
	Insert on sbtest1  (cost=0.00..0.01 rows=0 width=0)
	  ->  Result  (cost=0.00..0.01 rows=1 width=736)

table 2 : explain INSERT INTO sbtest2 (id, k, c, pad) VALUES (1742626, 13, 'foobar', 'foobar')
	Insert on sbtest2  (cost=0.00..0.01 rows=0 width=0)
	  ->  Result  (cost=0.00..0.01 rows=1 width=736)

table 3 : explain INSERT INTO sbtest3 (id, k, c, pad) VALUES (7406908, 13, 'foobar', 'foobar')
	Insert on sbtest3  (cost=0.00..0.01 rows=0 width=0)
	  ->  Result  (cost=0.00..0.01 rows=1 width=736)

table 4 : explain INSERT INTO sbtest4 (id, k, c, pad) VALUES (7431651, 13, 'foobar', 'foobar')
	Insert on sbtest4  (cost=0.00..0.01 rows=0 width=0)
	  ->  Result  (cost=0.00..0.01 rows=1 width=736)

table 5 : explain INSERT INTO sbtest5 (id, k, c, pad) VALUES (6286023, 13, 'foobar', 'foobar')
	Insert on sbtest5  (cost=0.00..0.01 rows=0 width=0)
	  ->  Result  (cost=0.00..0.01 rows=1 width=736)

table 6 : explain INSERT INTO sbtest6 (id, k, c, pad) VALUES (1887932, 13, 'foobar', 'foobar')
	Insert on sbtest6  (cost=0.00..0.01 rows=0 width=0)
	  ->  Result  (cost=0.00..0.01 rows=1 width=736)

table 7 : explain INSERT INTO sbtest7 (id, k, c, pad) VALUES (7944317, 13, 'foobar', 'foobar')
	Insert on sbtest7  (cost=0.00..0.01 rows=0 width=0)
	  ->  Result  (cost=0.00..0.01 rows=1 width=736)

table 8 : explain INSERT INTO sbtest8 (id, k, c, pad) VALUES (2811838, 13, 'foobar', 'foobar')
	Insert on sbtest8  (cost=0.00..0.01 rows=0 width=0)
	  ->  Result  (cost=0.00..0.01 rows=1 width=736)

explain: for index_updates :: explain UPDATE sbtest%u SET k=k+1 WHERE id=%u
for point_selects
table 1 : explain SELECT c FROM sbtest1 WHERE id=7911183
	Index Scan using sbtest1_pkey on sbtest1  (cost=0.43..8.45 rows=1 width=121)
	  Index Cond: (id = 7911183)

table 2 : explain SELECT c FROM sbtest2 WHERE id=8622524
	Index Scan using sbtest2_pkey on sbtest2  (cost=0.43..8.45 rows=1 width=121)
	  Index Cond: (id = 8622524)

table 3 : explain SELECT c FROM sbtest3 WHERE id=6015401
	Index Scan using sbtest3_pkey on sbtest3  (cost=0.43..8.45 rows=1 width=121)
	  Index Cond: (id = 6015401)

table 4 : explain SELECT c FROM sbtest4 WHERE id=6940898
	Index Scan using sbtest4_pkey on sbtest4  (cost=0.43..8.45 rows=1 width=121)
	  Index Cond: (id = 6940898)

table 5 : explain SELECT c FROM sbtest5 WHERE id=343474
	Index Scan using sbtest5_pkey on sbtest5  (cost=0.43..8.45 rows=1 width=121)
	  Index Cond: (id = 343474)

table 6 : explain SELECT c FROM sbtest6 WHERE id=1204931
	Index Scan using sbtest6_pkey on sbtest6  (cost=0.43..8.45 rows=1 width=121)
	  Index Cond: (id = 1204931)

table 7 : explain SELECT c FROM sbtest7 WHERE id=9438006
	Index Scan using sbtest7_pkey on sbtest7  (cost=0.43..8.45 rows=1 width=121)
	  Index Cond: (id = 9438006)

table 8 : explain SELECT c FROM sbtest8 WHERE id=6412547
	Index Scan using sbtest8_pkey on sbtest8  (cost=0.43..8.45 rows=1 width=121)
	  Index Cond: (id = 6412547)

for inserts
table 1 : explain INSERT INTO sbtest1 (id, k, c, pad) VALUES (9275292, 13, 'foobar', 'foobar')
	Insert on sbtest1  (cost=0.00..0.01 rows=0 width=0)
	  ->  Result  (cost=0.00..0.01 rows=1 width=736)

table 2 : explain INSERT INTO sbtest2 (id, k, c, pad) VALUES (8324337, 13, 'foobar', 'foobar')
	Insert on sbtest2  (cost=0.00..0.01 rows=0 width=0)
	  ->  Result  (cost=0.00..0.01 rows=1 width=736)

table 3 : explain INSERT INTO sbtest3 (id, k, c, pad) VALUES (9438908, 13, 'foobar', 'foobar')
	Insert on sbtest3  (cost=0.00..0.01 rows=0 width=0)
	  ->  Result  (cost=0.00..0.01 rows=1 width=736)

table 4 : explain INSERT INTO sbtest4 (id, k, c, pad) VALUES (9570491, 13, 'foobar', 'foobar')
	Insert on sbtest4  (cost=0.00..0.01 rows=0 width=0)
	  ->  Result  (cost=0.00..0.01 rows=1 width=736)

table 5 : explain INSERT INTO sbtest5 (id, k, c, pad) VALUES (3428835, 13, 'foobar', 'foobar')
	Insert on sbtest5  (cost=0.00..0.01 rows=0 width=0)
	  ->  Result  (cost=0.00..0.01 rows=1 width=736)

table 6 : explain INSERT INTO sbtest6 (id, k, c, pad) VALUES (6512592, 13, 'foobar', 'foobar')
	Insert on sbtest6  (cost=0.00..0.01 rows=0 width=0)
	  ->  Result  (cost=0.00..0.01 rows=1 width=736)

table 7 : explain INSERT INTO sbtest7 (id, k, c, pad) VALUES (8999246, 13, 'foobar', 'foobar')
	Insert on sbtest7  (cost=0.00..0.01 rows=0 width=0)
	  ->  Result  (cost=0.00..0.01 rows=1 width=736)

table 8 : explain INSERT INTO sbtest8 (id, k, c, pad) VALUES (7416713, 13, 'foobar', 'foobar')
	Insert on sbtest8  (cost=0.00..0.01 rows=0 width=0)
	  ->  Result  (cost=0.00..0.01 rows=1 width=736)

for inserts
table 1 : explain INSERT INTO sbtest1 (id, k, c, pad) VALUES (7714568, 13, 'foobar', 'foobar')
	Insert on sbtest1  (cost=0.00..0.01 rows=0 width=0)
	  ->  Result  (cost=0.00..0.01 rows=1 width=736)

table 2 : explain INSERT INTO sbtest2 (id, k, c, pad) VALUES (4502060, 13, 'foobar', 'foobar')
	Insert on sbtest2  (cost=0.00..0.01 rows=0 width=0)
	  ->  Result  (cost=0.00..0.01 rows=1 width=736)

table 3 : explain INSERT INTO sbtest3 (id, k, c, pad) VALUES (4830930, 13, 'foobar', 'foobar')
	Insert on sbtest3  (cost=0.00..0.01 rows=0 width=0)
	  ->  Result  (cost=0.00..0.01 rows=1 width=736)

table 4 : explain INSERT INTO sbtest4 (id, k, c, pad) VALUES (4241531, 13, 'foobar', 'foobar')
	Insert on sbtest4  (cost=0.00..0.01 rows=0 width=0)
	  ->  Result  (cost=0.00..0.01 rows=1 width=736)

table 5 : explain INSERT INTO sbtest5 (id, k, c, pad) VALUES (5398048, 13, 'foobar', 'foobar')
	Insert on sbtest5  (cost=0.00..0.01 rows=0 width=0)
	  ->  Result  (cost=0.00..0.01 rows=1 width=736)

table 6 : explain INSERT INTO sbtest6 (id, k, c, pad) VALUES (7040863, 13, 'foobar', 'foobar')
	Insert on sbtest6  (cost=0.00..0.01 rows=0 width=0)
	  ->  Result  (cost=0.00..0.01 rows=1 width=736)

table 7 : explain INSERT INTO sbtest7 (id, k, c, pad) VALUES (3706491, 13, 'foobar', 'foobar')
	Insert on sbtest7  (cost=0.00..0.01 rows=0 width=0)
	  ->  Result  (cost=0.00..0.01 rows=1 width=736)

table 8 : explain INSERT INTO sbtest8 (id, k, c, pad) VALUES (4240349, 13, 'foobar', 'foobar')
	Insert on sbtest8  (cost=0.00..0.01 rows=0 width=0)
	  ->  Result  (cost=0.00..0.01 rows=1 width=736)

explain: for index_updates :: explain UPDATE sbtest%u SET k=k+1 WHERE id=%u
explain: for point_selects :: explain SELECT c FROM sbtest%u WHERE id=%u
explain: for point_selects :: explain SELECT c FROM sbtest%u WHERE id=%u
for point_selects
table 1 : explain SELECT c FROM sbtest1 WHERE id=6086239
	Index Scan using sbtest1_pkey on sbtest1  (cost=0.43..8.45 rows=1 width=121)
	  Index Cond: (id = 6086239)

table 2 : explain SELECT c FROM sbtest2 WHERE id=763553
	Index Scan using sbtest2_pkey on sbtest2  (cost=0.43..8.45 rows=1 width=121)
	  Index Cond: (id = 763553)

table 3 : explain SELECT c FROM sbtest3 WHERE id=3477404
	Index Scan using sbtest3_pkey on sbtest3  (cost=0.43..8.45 rows=1 width=121)
	  Index Cond: (id = 3477404)

table 4 : explain SELECT c FROM sbtest4 WHERE id=3388374
	Index Scan using sbtest4_pkey on sbtest4  (cost=0.43..8.45 rows=1 width=121)
	  Index Cond: (id = 3388374)

table 5 : explain SELECT c FROM sbtest5 WHERE id=3943316
	Index Scan using sbtest5_pkey on sbtest5  (cost=0.43..8.45 rows=1 width=121)
	  Index Cond: (id = 3943316)

table 6 : explain SELECT c FROM sbtest6 WHERE id=8755754
	Index Scan using sbtest6_pkey on sbtest6  (cost=0.43..8.45 rows=1 width=121)
	  Index Cond: (id = 8755754)

table 7 : explain SELECT c FROM sbtest7 WHERE id=6240604
	Index Scan using sbtest7_pkey on sbtest7  (cost=0.43..8.45 rows=1 width=121)
	  Index Cond: (id = 6240604)

table 8 : explain SELECT c FROM sbtest8 WHERE id=7048883
	Index Scan using sbtest8_pkey on sbtest8  (cost=0.43..8.45 rows=1 width=121)
	  Index Cond: (id = 7048883)

explain: for point_selects :: explain SELECT c FROM sbtest%u WHERE id=%u
for: simple_ranges
table 1 : explain SELECT c FROM sbtest1 WHERE id BETWEEN 2317561 AND 2317660
	Index Scan using sbtest1_pkey on sbtest1  (cost=0.43..405.14 rows=103 width=121)
	  Index Cond: ((id >= 2317561) AND (id <= 2317660))

table 2 : explain SELECT c FROM sbtest2 WHERE id BETWEEN 7610428 AND 7610527
	Index Scan using sbtest2_pkey on sbtest2  (cost=0.43..376.94 rows=96 width=121)
	  Index Cond: ((id >= 7610428) AND (id <= 7610527))

table 3 : explain SELECT c FROM sbtest3 WHERE id BETWEEN 1285507 AND 1285606
	Index Scan using sbtest3_pkey on sbtest3  (cost=0.43..384.47 rows=98 width=121)
	  Index Cond: ((id >= 1285507) AND (id <= 1285606))

table 4 : explain SELECT c FROM sbtest4 WHERE id BETWEEN 2865399 AND 2865498
	Index Scan using sbtest4_pkey on sbtest4  (cost=0.43..407.95 rows=104 width=121)
	  Index Cond: ((id >= 2865399) AND (id <= 2865498))

table 5 : explain SELECT c FROM sbtest5 WHERE id BETWEEN 3145310 AND 3145409
	Index Scan using sbtest5_pkey on sbtest5  (cost=0.43..441.84 rows=113 width=121)
	  Index Cond: ((id >= 3145310) AND (id <= 3145409))

table 6 : explain SELECT c FROM sbtest6 WHERE id BETWEEN 6441563 AND 6441662
	Index Scan using sbtest6_pkey on sbtest6  (cost=0.43..384.28 rows=98 width=121)
	  Index Cond: ((id >= 6441563) AND (id <= 6441662))

table 7 : explain SELECT c FROM sbtest7 WHERE id BETWEEN 8774865 AND 8774964
	Index Scan using sbtest7_pkey on sbtest7  (cost=0.43..389.20 rows=99 width=121)
	  Index Cond: ((id >= 8774865) AND (id <= 8774964))

table 8 : explain SELECT c FROM sbtest8 WHERE id BETWEEN 8003585 AND 8003684
	Index Scan using sbtest8_pkey on sbtest8  (cost=0.43..415.80 rows=106 width=121)
	  Index Cond: ((id >= 8003585) AND (id <= 8003684))

for: sum_ranges
table 1 : explain SELECT SUM(k) FROM sbtest1 WHERE id BETWEEN 3375074 AND 3375173
	Aggregate  (cost=378.13..378.14 rows=1 width=8)
	  ->  Index Scan using sbtest1_pkey on sbtest1  (cost=0.43..377.89 rows=96 width=4)
	        Index Cond: ((id >= 3375074) AND (id <= 3375173))

table 2 : explain SELECT SUM(k) FROM sbtest2 WHERE id BETWEEN 7187635 AND 7187734
	Aggregate  (cost=447.06..447.07 rows=1 width=8)
	  ->  Index Scan using sbtest2_pkey on sbtest2  (cost=0.43..446.78 rows=114 width=4)
	        Index Cond: ((id >= 7187635) AND (id <= 7187734))

table 3 : explain SELECT SUM(k) FROM sbtest3 WHERE id BETWEEN 6265225 AND 6265324
	Aggregate  (cost=357.57..357.58 rows=1 width=8)
	  ->  Index Scan using sbtest3_pkey on sbtest3  (cost=0.43..357.34 rows=91 width=4)
	        Index Cond: ((id >= 6265225) AND (id <= 6265324))

table 4 : explain SELECT SUM(k) FROM sbtest4 WHERE id BETWEEN 3197137 AND 3197236
	Aggregate  (cost=400.45..400.46 rows=1 width=8)
	  ->  Index Scan using sbtest4_pkey on sbtest4  (cost=0.43..400.20 rows=102 width=4)
	        Index Cond: ((id >= 3197137) AND (id <= 3197236))

table 5 : explain SELECT SUM(k) FROM sbtest5 WHERE id BETWEEN 8709284 AND 8709383
	Aggregate  (cost=372.41..372.42 rows=1 width=8)
	  ->  Index Scan using sbtest5_pkey on sbtest5  (cost=0.43..372.17 rows=95 width=4)
	        Index Cond: ((id >= 8709284) AND (id <= 8709383))

table 6 : explain SELECT SUM(k) FROM sbtest6 WHERE id BETWEEN 5463383 AND 5463482
	Aggregate  (cost=392.31..392.32 rows=1 width=8)
	  ->  Index Scan using sbtest6_pkey on sbtest6  (cost=0.43..392.06 rows=100 width=4)
	        Index Cond: ((id >= 5463383) AND (id <= 5463482))

table 7 : explain SELECT SUM(k) FROM sbtest7 WHERE id BETWEEN 1817961 AND 1818060
	Aggregate  (cost=408.88..408.89 rows=1 width=8)
	  ->  Index Scan using sbtest7_pkey on sbtest7  (cost=0.43..408.62 rows=104 width=4)
	        Index Cond: ((id >= 1817961) AND (id <= 1818060))

table 8 : explain SELECT SUM(k) FROM sbtest8 WHERE id BETWEEN 6418262 AND 6418361
	Aggregate  (cost=381.10..381.11 rows=1 width=8)
	  ->  Index Scan using sbtest8_pkey on sbtest8  (cost=0.43..380.86 rows=97 width=4)
	        Index Cond: ((id >= 6418262) AND (id <= 6418361))

explain: for point_selects :: explain SELECT c FROM sbtest%u WHERE id=%u
for: simple_ranges
table 1 : explain SELECT c FROM sbtest1 WHERE id BETWEEN 9640079 AND 9640178
	Index Scan using sbtest1_pkey on sbtest1  (cost=0.43..362.34 rows=92 width=121)
	  Index Cond: ((id >= 9640079) AND (id <= 9640178))

table 2 : explain SELECT c FROM sbtest2 WHERE id BETWEEN 4317204 AND 4317303
	Index Scan using sbtest2_pkey on sbtest2  (cost=0.43..442.90 rows=113 width=121)
	  Index Cond: ((id >= 4317204) AND (id <= 4317303))

table 3 : explain SELECT c FROM sbtest3 WHERE id BETWEEN 4493286 AND 4493385
	Index Scan using sbtest3_pkey on sbtest3  (cost=0.43..415.52 rows=106 width=121)
	  Index Cond: ((id >= 4493286) AND (id <= 4493385))

table 4 : explain SELECT c FROM sbtest4 WHERE id BETWEEN 8369407 AND 8369506
	Index Scan using sbtest4_pkey on sbtest4  (cost=0.43..396.32 rows=101 width=121)
	  Index Cond: ((id >= 8369407) AND (id <= 8369506))

table 5 : explain SELECT c FROM sbtest5 WHERE id BETWEEN 305525 AND 305624
	Index Scan using sbtest5_pkey on sbtest5  (cost=0.43..379.91 rows=97 width=121)
	  Index Cond: ((id >= 305525) AND (id <= 305624))

table 6 : explain SELECT c FROM sbtest6 WHERE id BETWEEN 7333700 AND 7333799
	Index Scan using sbtest6_pkey on sbtest6  (cost=0.43..426.92 rows=109 width=121)
	  Index Cond: ((id >= 7333700) AND (id <= 7333799))

table 7 : explain SELECT c FROM sbtest7 WHERE id BETWEEN 8904905 AND 8905004
	Index Scan using sbtest7_pkey on sbtest7  (cost=0.43..377.51 rows=96 width=121)
	  Index Cond: ((id >= 8904905) AND (id <= 8905004))

table 8 : explain SELECT c FROM sbtest8 WHERE id BETWEEN 2439212 AND 2439311
	Index Scan using sbtest8_pkey on sbtest8  (cost=0.43..384.73 rows=98 width=121)
	  Index Cond: ((id >= 2439212) AND (id <= 2439311))

for: simple_ranges
table 1 : explain SELECT c FROM sbtest1 WHERE id BETWEEN 2747734 AND 2747833
	Index Scan using sbtest1_pkey on sbtest1  (cost=0.43..405.14 rows=103 width=121)
	  Index Cond: ((id >= 2747734) AND (id <= 2747833))

table 2 : explain SELECT c FROM sbtest2 WHERE id BETWEEN 5173071 AND 5173170
	Index Scan using sbtest2_pkey on sbtest2  (cost=0.43..376.94 rows=96 width=121)
	  Index Cond: ((id >= 5173071) AND (id <= 5173170))

table 3 : explain SELECT c FROM sbtest3 WHERE id BETWEEN 5988170 AND 5988269
	Index Scan using sbtest3_pkey on sbtest3  (cost=0.43..446.52 rows=114 width=121)
	  Index Cond: ((id >= 5988170) AND (id <= 5988269))

table 4 : explain SELECT c FROM sbtest4 WHERE id BETWEEN 937356 AND 937455
	Index Scan using sbtest4_pkey on sbtest4  (cost=0.43..435.09 rows=111 width=121)
	  Index Cond: ((id >= 937356) AND (id <= 937455))

table 5 : explain SELECT c FROM sbtest5 WHERE id BETWEEN 9886834 AND 9886933
	Index Scan using sbtest5_pkey on sbtest5  (cost=0.43..364.43 rows=93 width=121)
	  Index Cond: ((id >= 9886834) AND (id <= 9886933))

table 6 : explain SELECT c FROM sbtest6 WHERE id BETWEEN 6523623 AND 6523722
	Index Scan using sbtest6_pkey on sbtest6  (cost=0.43..368.78 rows=94 width=121)
	  Index Cond: ((id >= 6523623) AND (id <= 6523722))

table 7 : explain SELECT c FROM sbtest7 WHERE id BETWEEN 8728426 AND 8728525
	Index Scan using sbtest7_pkey on sbtest7  (cost=0.43..389.20 rows=99 width=121)
	  Index Cond: ((id >= 8728426) AND (id <= 8728525))

table 8 : explain SELECT c FROM sbtest8 WHERE id BETWEEN 5290082 AND 5290181
	Index Scan using sbtest8_pkey on sbtest8  (cost=0.43..400.28 rows=102 width=121)
	  Index Cond: ((id >= 5290082) AND (id <= 5290181))

for point_selects
table 1 : explain SELECT c FROM sbtest1 WHERE id=5058278
	Index Scan using sbtest1_pkey on sbtest1  (cost=0.43..8.45 rows=1 width=121)
	  Index Cond: (id = 5058278)

table 2 : explain SELECT c FROM sbtest2 WHERE id=1788006
	Index Scan using sbtest2_pkey on sbtest2  (cost=0.43..8.45 rows=1 width=121)
	  Index Cond: (id = 1788006)

table 3 : explain SELECT c FROM sbtest3 WHERE id=618609
	Index Scan using sbtest3_pkey on sbtest3  (cost=0.43..8.45 rows=1 width=121)
	  Index Cond: (id = 618609)

table 4 : explain SELECT c FROM sbtest4 WHERE id=4730102
	Index Scan using sbtest4_pkey on sbtest4  (cost=0.43..8.45 rows=1 width=121)
	  Index Cond: (id = 4730102)

table 5 : explain SELECT c FROM sbtest5 WHERE id=5027552
	Index Scan using sbtest5_pkey on sbtest5  (cost=0.43..8.45 rows=1 width=121)
	  Index Cond: (id = 5027552)

table 6 : explain SELECT c FROM sbtest6 WHERE id=3651073
	Index Scan using sbtest6_pkey on sbtest6  (cost=0.43..8.45 rows=1 width=121)
	  Index Cond: (id = 3651073)

table 7 : explain SELECT c FROM sbtest7 WHERE id=9094685
	Index Scan using sbtest7_pkey on sbtest7  (cost=0.43..8.45 rows=1 width=121)
	  Index Cond: (id = 9094685)

table 8 : explain SELECT c FROM sbtest8 WHERE id=7911716
	Index Scan using sbtest8_pkey on sbtest8  (cost=0.43..8.45 rows=1 width=121)
	  Index Cond: (id = 7911716)

for: simple_ranges
table 1 : explain SELECT c FROM sbtest1 WHERE id BETWEEN 8185581 AND 8185680
	Index Scan using sbtest1_pkey on sbtest1  (cost=0.43..362.34 rows=92 width=121)
	  Index Cond: ((id >= 8185581) AND (id <= 8185680))

table 2 : explain SELECT c FROM sbtest2 WHERE id BETWEEN 2905852 AND 2905951
	Index Scan using sbtest2_pkey on sbtest2  (cost=0.43..408.00 rows=104 width=121)
	  Index Cond: ((id >= 2905852) AND (id <= 2905951))

table 3 : explain SELECT c FROM sbtest3 WHERE id BETWEEN 7418664 AND 7418763
	Index Scan using sbtest3_pkey on sbtest3  (cost=0.43..396.14 rows=101 width=121)
	  Index Cond: ((id >= 7418664) AND (id <= 7418763))

table 4 : explain SELECT c FROM sbtest4 WHERE id BETWEEN 8497578 AND 8497677
	Index Scan using sbtest4_pkey on sbtest4  (cost=0.43..373.02 rows=95 width=121)
	  Index Cond: ((id >= 8497578) AND (id <= 8497677))

table 5 : explain SELECT c FROM sbtest5 WHERE id BETWEEN 7796247 AND 7796346
	Index Scan using sbtest5_pkey on sbtest5  (cost=0.43..395.42 rows=101 width=121)
	  Index Cond: ((id >= 7796247) AND (id <= 7796346))

table 6 : explain SELECT c FROM sbtest6 WHERE id BETWEEN 4992187 AND 4992286
	Index Scan using sbtest6_pkey on sbtest6  (cost=0.43..392.06 rows=100 width=121)
	  Index Cond: ((id >= 4992187) AND (id <= 4992286))

table 7 : explain SELECT c FROM sbtest7 WHERE id BETWEEN 320140 AND 320239
	Index Scan using sbtest7_pkey on sbtest7  (cost=0.43..416.39 rows=106 width=121)
	  Index Cond: ((id >= 320140) AND (id <= 320239))

table 8 : explain SELECT c FROM sbtest8 WHERE id BETWEEN 5028542 AND 5028641
	Index Scan using sbtest8_pkey on sbtest8  (cost=0.43..396.41 rows=101 width=121)
	  Index Cond: ((id >= 5028542) AND (id <= 5028641))

for index_updates
table 1 : explain UPDATE sbtest1 SET k=k+1 WHERE id=5183753
	Update on sbtest1  (cost=0.43..8.46 rows=0 width=0)
	  ->  Index Scan using sbtest1_pkey on sbtest1  (cost=0.43..8.46 rows=1 width=10)
	        Index Cond: (id = 5183753)

table 2 : explain UPDATE sbtest2 SET k=k+1 WHERE id=8218390
	Update on sbtest2  (cost=0.43..8.46 rows=0 width=0)
	  ->  Index Scan using sbtest2_pkey on sbtest2  (cost=0.43..8.46 rows=1 width=10)
	        Index Cond: (id = 8218390)

table 3 : explain UPDATE sbtest3 SET k=k+1 WHERE id=6739711
	Update on sbtest3  (cost=0.43..8.46 rows=0 width=0)
	  ->  Index Scan using sbtest3_pkey on sbtest3  (cost=0.43..8.46 rows=1 width=10)
	        Index Cond: (id = 6739711)

table 4 : explain UPDATE sbtest4 SET k=k+1 WHERE id=5649844
	Update on sbtest4  (cost=0.43..8.46 rows=0 width=0)
	  ->  Index Scan using sbtest4_pkey on sbtest4  (cost=0.43..8.46 rows=1 width=10)
	        Index Cond: (id = 5649844)

table 5 : explain UPDATE sbtest5 SET k=k+1 WHERE id=97708
	Update on sbtest5  (cost=0.43..8.46 rows=0 width=0)
	  ->  Index Scan using sbtest5_pkey on sbtest5  (cost=0.43..8.46 rows=1 width=10)
	        Index Cond: (id = 97708)

table 6 : explain UPDATE sbtest6 SET k=k+1 WHERE id=8134873
	Update on sbtest6  (cost=0.43..8.46 rows=0 width=0)
	  ->  Index Scan using sbtest6_pkey on sbtest6  (cost=0.43..8.46 rows=1 width=10)
	        Index Cond: (id = 8134873)

table 7 : explain UPDATE sbtest7 SET k=k+1 WHERE id=8618640
	Update on sbtest7  (cost=0.43..8.46 rows=0 width=0)
	  ->  Index Scan using sbtest7_pkey on sbtest7  (cost=0.43..8.46 rows=1 width=10)
	        Index Cond: (id = 8618640)

table 8 : explain UPDATE sbtest8 SET k=k+1 WHERE id=1912551
	Update on sbtest8  (cost=0.43..8.46 rows=0 width=0)
	  ->  Index Scan using sbtest8_pkey on sbtest8  (cost=0.43..8.46 rows=1 width=10)
	        Index Cond: (id = 1912551)

explain: for point_selects :: explain SELECT c FROM sbtest%u WHERE id=%u
explain: for non_index_updates :: explain UPDATE sbtest%u SET c='foobar' WHERE id=%u
for point_selects
table 1 : explain SELECT c FROM sbtest1 WHERE id=1122158
	Index Scan using sbtest1_pkey on sbtest1  (cost=0.43..8.45 rows=1 width=121)
	  Index Cond: (id = 1122158)

table 2 : explain SELECT c FROM sbtest2 WHERE id=5384128
	Index Scan using sbtest2_pkey on sbtest2  (cost=0.43..8.45 rows=1 width=121)
	  Index Cond: (id = 5384128)

table 3 : explain SELECT c FROM sbtest3 WHERE id=4293096
	Index Scan using sbtest3_pkey on sbtest3  (cost=0.43..8.45 rows=1 width=121)
	  Index Cond: (id = 4293096)

table 4 : explain SELECT c FROM sbtest4 WHERE id=7645460
	Index Scan using sbtest4_pkey on sbtest4  (cost=0.43..8.45 rows=1 width=121)
	  Index Cond: (id = 7645460)

table 5 : explain SELECT c FROM sbtest5 WHERE id=1498278
	Index Scan using sbtest5_pkey on sbtest5  (cost=0.43..8.45 rows=1 width=121)
	  Index Cond: (id = 1498278)

table 6 : explain SELECT c FROM sbtest6 WHERE id=1594087
	Index Scan using sbtest6_pkey on sbtest6  (cost=0.43..8.45 rows=1 width=121)
	  Index Cond: (id = 1594087)

table 7 : explain SELECT c FROM sbtest7 WHERE id=9032681
	Index Scan using sbtest7_pkey on sbtest7  (cost=0.43..8.45 rows=1 width=121)
	  Index Cond: (id = 9032681)

table 8 : explain SELECT c FROM sbtest8 WHERE id=9113153
	Index Scan using sbtest8_pkey on sbtest8  (cost=0.43..8.45 rows=1 width=121)
	  Index Cond: (id = 9113153)

for: sum_ranges
table 1 : explain SELECT SUM(k) FROM sbtest1 WHERE id BETWEEN 9090488 AND 9090587
	Aggregate  (cost=397.59..397.60 rows=1 width=8)
	  ->  Index Scan using sbtest1_pkey on sbtest1  (cost=0.43..397.34 rows=101 width=4)
	        Index Cond: ((id >= 9090488) AND (id <= 9090587))

table 2 : explain SELECT SUM(k) FROM sbtest2 WHERE id BETWEEN 9140842 AND 9140941
	Aggregate  (cost=423.78..423.79 rows=1 width=8)
	  ->  Index Scan using sbtest2_pkey on sbtest2  (cost=0.43..423.51 rows=108 width=4)
	        Index Cond: ((id >= 9140842) AND (id <= 9140941))

table 3 : explain SELECT SUM(k) FROM sbtest3 WHERE id BETWEEN 1413114 AND 1413213
	Aggregate  (cost=408.02..408.03 rows=1 width=8)
	  ->  Index Scan using sbtest3_pkey on sbtest3  (cost=0.43..407.76 rows=104 width=4)
	        Index Cond: ((id >= 1413114) AND (id <= 1413213))

table 4 : explain SELECT SUM(k) FROM sbtest4 WHERE id BETWEEN 5972678 AND 5972777
	Aggregate  (cost=373.25..373.26 rows=1 width=8)
	  ->  Index Scan using sbtest4_pkey on sbtest4  (cost=0.43..373.02 rows=95 width=4)
	        Index Cond: ((id >= 5972678) AND (id <= 5972777))

table 5 : explain SELECT SUM(k) FROM sbtest5 WHERE id BETWEEN 2626565 AND 2626664
	Aggregate  (cost=384.02..384.03 rows=1 width=8)
	  ->  Index Scan using sbtest5_pkey on sbtest5  (cost=0.43..383.78 rows=98 width=4)
	        Index Cond: ((id >= 2626565) AND (id <= 2626664))

table 6 : explain SELECT SUM(k) FROM sbtest6 WHERE id BETWEEN 7556634 AND 7556733
	Aggregate  (cost=392.31..392.32 rows=1 width=8)
	  ->  Index Scan using sbtest6_pkey on sbtest6  (cost=0.43..392.06 rows=100 width=4)
	        Index Cond: ((id >= 7556634) AND (id <= 7556733))

table 7 : explain SELECT SUM(k) FROM sbtest7 WHERE id BETWEEN 3859602 AND 3859701
	Aggregate  (cost=381.64..381.65 rows=1 width=8)
	  ->  Index Scan using sbtest7_pkey on sbtest7  (cost=0.43..381.40 rows=97 width=4)
	        Index Cond: ((id >= 3859602) AND (id <= 3859701))

table 8 : explain SELECT SUM(k) FROM sbtest8 WHERE id BETWEEN 356352 AND 356451
	Aggregate  (cost=388.90..388.91 rows=1 width=8)
	  ->  Index Scan using sbtest8_pkey on sbtest8  (cost=0.43..388.65 rows=99 width=4)
	        Index Cond: ((id >= 356352) AND (id <= 356451))

for: sum_ranges
table 1 : explain SELECT SUM(k) FROM sbtest1 WHERE id BETWEEN 5006214 AND 5006313
	Aggregate  (cost=397.59..397.60 rows=1 width=8)
	  ->  Index Scan using sbtest1_pkey on sbtest1  (cost=0.43..397.34 rows=101 width=4)
	        Index Cond: ((id >= 5006214) AND (id <= 5006313))

table 2 : explain SELECT SUM(k) FROM sbtest2 WHERE id BETWEEN 1308407 AND 1308506
	Aggregate  (cost=384.94..384.95 rows=1 width=8)
	  ->  Index Scan using sbtest2_pkey on sbtest2  (cost=0.43..384.69 rows=98 width=4)
	        Index Cond: ((id >= 1308407) AND (id <= 1308506))

table 3 : explain SELECT SUM(k) FROM sbtest3 WHERE id BETWEEN 7487077 AND 7487176
	Aggregate  (cost=396.39..396.40 rows=1 width=8)
	  ->  Index Scan using sbtest3_pkey on sbtest3  (cost=0.43..396.14 rows=101 width=4)
	        Index Cond: ((id >= 7487077) AND (id <= 7487176))

table 4 : explain SELECT SUM(k) FROM sbtest4 WHERE id BETWEEN 1086821 AND 1086920
	Aggregate  (cost=373.25..373.26 rows=1 width=8)
	  ->  Index Scan using sbtest4_pkey on sbtest4  (cost=0.43..373.02 rows=95 width=4)
	        Index Cond: ((id >= 1086821) AND (id <= 1086920))

table 5 : explain SELECT SUM(k) FROM sbtest5 WHERE id BETWEEN 8140894 AND 8140993
	Aggregate  (cost=403.41..403.42 rows=1 width=8)
	  ->  Index Scan using sbtest5_pkey on sbtest5  (cost=0.43..403.16 rows=103 width=4)
	        Index Cond: ((id >= 8140894) AND (id <= 8140993))

table 6 : explain SELECT SUM(k) FROM sbtest6 WHERE id BETWEEN 6524437 AND 6524536
	Aggregate  (cost=369.02..369.03 rows=1 width=8)
	  ->  Index Scan using sbtest6_pkey on sbtest6  (cost=0.43..368.78 rows=94 width=4)
	        Index Cond: ((id >= 6524437) AND (id <= 6524536))

table 7 : explain SELECT SUM(k) FROM sbtest7 WHERE id BETWEEN 8143301 AND 8143400
	Aggregate  (cost=389.45..389.46 rows=1 width=8)
	  ->  Index Scan using sbtest7_pkey on sbtest7  (cost=0.43..389.20 rows=99 width=4)
	        Index Cond: ((id >= 8143301) AND (id <= 8143400))

table 8 : explain SELECT SUM(k) FROM sbtest8 WHERE id BETWEEN 3179657 AND 3179756
	Aggregate  (cost=373.34..373.35 rows=1 width=8)
	  ->  Index Scan using sbtest8_pkey on sbtest8  (cost=0.43..373.10 rows=95 width=4)
	        Index Cond: ((id >= 3179657) AND (id <= 3179756))

for: simple_ranges
table 1 : explain SELECT c FROM sbtest1 WHERE id BETWEEN 441116 AND 441215
	Index Scan using sbtest1_pkey on sbtest1  (cost=0.43..393.45 rows=100 width=121)
	  Index Cond: ((id >= 441116) AND (id <= 441215))

table 2 : explain SELECT c FROM sbtest2 WHERE id BETWEEN 1487050 AND 1487149
	Index Scan using sbtest2_pkey on sbtest2  (cost=0.43..396.36 rows=101 width=121)
	  Index Cond: ((id >= 1487050) AND (id <= 1487149))

table 3 : explain SELECT c FROM sbtest3 WHERE id BETWEEN 2345343 AND 2345442
	Index Scan using sbtest3_pkey on sbtest3  (cost=0.43..380.60 rows=97 width=121)
	  Index Cond: ((id >= 2345343) AND (id <= 2345442))

table 4 : explain SELECT c FROM sbtest4 WHERE id BETWEEN 12070 AND 12169
	Index Scan using sbtest4_pkey on sbtest4  (cost=0.43..415.71 rows=106 width=121)
	  Index Cond: ((id >= 12070) AND (id <= 12169))

table 5 : explain SELECT c FROM sbtest5 WHERE id BETWEEN 681502 AND 681601
	Index Scan using sbtest5_pkey on sbtest5  (cost=0.43..410.89 rows=105 width=121)
	  Index Cond: ((id >= 681502) AND (id <= 681601))

table 6 : explain SELECT c FROM sbtest6 WHERE id BETWEEN 4131921 AND 4132020
	Index Scan using sbtest6_pkey on sbtest6  (cost=0.43..357.16 rows=91 width=121)
	  Index Cond: ((id >= 4131921) AND (id <= 4132020))

table 7 : explain SELECT c FROM sbtest7 WHERE id BETWEEN 4960013 AND 4960112
	Index Scan using sbtest7_pkey on sbtest7  (cost=0.43..393.08 rows=100 width=121)
	  Index Cond: ((id >= 4960013) AND (id <= 4960112))

table 8 : explain SELECT c FROM sbtest8 WHERE id BETWEEN 5582177 AND 5582276
	Index Scan using sbtest8_pkey on sbtest8  (cost=0.43..365.34 rows=93 width=121)
	  Index Cond: ((id >= 5582177) AND (id <= 5582276))

for: sum_ranges
table 1 : explain SELECT SUM(k) FROM sbtest1 WHERE id BETWEEN 2254595 AND 2254694
	Aggregate  (cost=382.03..382.04 rows=1 width=8)
	  ->  Index Scan using sbtest1_pkey on sbtest1  (cost=0.43..381.78 rows=97 width=4)
	        Index Cond: ((id >= 2254595) AND (id <= 2254694))

table 2 : explain SELECT SUM(k) FROM sbtest2 WHERE id BETWEEN 2605534 AND 2605633
	Aggregate  (cost=369.42..369.43 rows=1 width=8)
	  ->  Index Scan using sbtest2_pkey on sbtest2  (cost=0.43..369.18 rows=94 width=4)
	        Index Cond: ((id >= 2605534) AND (id <= 2605633))

table 3 : explain SELECT SUM(k) FROM sbtest3 WHERE id BETWEEN 9279127 AND 9279226
	Aggregate  (cost=400.27..400.28 rows=1 width=8)
	  ->  Index Scan using sbtest3_pkey on sbtest3  (cost=0.43..400.01 rows=102 width=4)
	        Index Cond: ((id >= 9279127) AND (id <= 9279226))

table 4 : explain SELECT SUM(k) FROM sbtest4 WHERE id BETWEEN 1723486 AND 1723585
	Aggregate  (cost=431.49..431.50 rows=1 width=8)
	  ->  Index Scan using sbtest4_pkey on sbtest4  (cost=0.43..431.22 rows=110 width=4)
	        Index Cond: ((id >= 1723486) AND (id <= 1723585))

table 5 : explain SELECT SUM(k) FROM sbtest5 WHERE id BETWEEN 1827941 AND 1828040
	Aggregate  (cost=380.15..380.16 rows=1 width=8)
	  ->  Index Scan using sbtest5_pkey on sbtest5  (cost=0.43..379.91 rows=97 width=4)
	        Index Cond: ((id >= 1827941) AND (id <= 1828040))

table 6 : explain SELECT SUM(k) FROM sbtest6 WHERE id BETWEEN 3277477 AND 3277576
	Aggregate  (cost=380.64..380.65 rows=1 width=8)
	  ->  Index Scan using sbtest6_pkey on sbtest6  (cost=0.43..380.40 rows=97 width=4)
	        Index Cond: ((id >= 3277477) AND (id <= 3277576))

table 7 : explain SELECT SUM(k) FROM sbtest7 WHERE id BETWEEN 1752462 AND 1752561
	Aggregate  (cost=401.11..401.12 rows=1 width=8)
	  ->  Index Scan using sbtest7_pkey on sbtest7  (cost=0.43..400.85 rows=102 width=4)
	        Index Cond: ((id >= 1752462) AND (id <= 1752561))

table 8 : explain SELECT SUM(k) FROM sbtest8 WHERE id BETWEEN 4581764 AND 4581863
	Aggregate  (cost=388.86..388.87 rows=1 width=8)
	  ->  Index Scan using sbtest8_pkey on sbtest8  (cost=0.43..388.61 rows=99 width=4)
	        Index Cond: ((id >= 4581764) AND (id <= 4581863))

for point_selects
table 1 : explain SELECT c FROM sbtest1 WHERE id=8979792
	Index Scan using sbtest1_pkey on sbtest1  (cost=0.43..8.45 rows=1 width=121)
	  Index Cond: (id = 8979792)

table 2 : explain SELECT c FROM sbtest2 WHERE id=7048030
	Index Scan using sbtest2_pkey on sbtest2  (cost=0.43..8.45 rows=1 width=121)
	  Index Cond: (id = 7048030)

table 3 : explain SELECT c FROM sbtest3 WHERE id=9670473
	Index Scan using sbtest3_pkey on sbtest3  (cost=0.43..8.45 rows=1 width=121)
	  Index Cond: (id = 9670473)

table 4 : explain SELECT c FROM sbtest4 WHERE id=4962408
	Index Scan using sbtest4_pkey on sbtest4  (cost=0.43..8.45 rows=1 width=121)
	  Index Cond: (id = 4962408)

table 5 : explain SELECT c FROM sbtest5 WHERE id=1458883
	Index Scan using sbtest5_pkey on sbtest5  (cost=0.43..8.45 rows=1 width=121)
	  Index Cond: (id = 1458883)

table 6 : explain SELECT c FROM sbtest6 WHERE id=9995422
	Index Scan using sbtest6_pkey on sbtest6  (cost=0.43..8.45 rows=1 width=121)
	  Index Cond: (id = 9995422)

table 7 : explain SELECT c FROM sbtest7 WHERE id=5412686
	Index Scan using sbtest7_pkey on sbtest7  (cost=0.43..8.45 rows=1 width=121)
	  Index Cond: (id = 5412686)

table 8 : explain SELECT c FROM sbtest8 WHERE id=4628437
	Index Scan using sbtest8_pkey on sbtest8  (cost=0.43..8.45 rows=1 width=121)
	  Index Cond: (id = 4628437)

explain: for point_selects :: explain SELECT c FROM sbtest%u WHERE id=%u
explain: for point_selects :: explain SELECT c FROM sbtest%u WHERE id=%u
for point_selects
table 1 : explain SELECT c FROM sbtest1 WHERE id=7930537
	Index Scan using sbtest1_pkey on sbtest1  (cost=0.43..8.45 rows=1 width=121)
	  Index Cond: (id = 7930537)

table 2 : explain SELECT c FROM sbtest2 WHERE id=5228114
	Index Scan using sbtest2_pkey on sbtest2  (cost=0.43..8.45 rows=1 width=121)
	  Index Cond: (id = 5228114)

table 3 : explain SELECT c FROM sbtest3 WHERE id=227011
	Index Scan using sbtest3_pkey on sbtest3  (cost=0.43..8.45 rows=1 width=121)
	  Index Cond: (id = 227011)

table 4 : explain SELECT c FROM sbtest4 WHERE id=6699259
	Index Scan using sbtest4_pkey on sbtest4  (cost=0.43..8.45 rows=1 width=121)
	  Index Cond: (id = 6699259)

table 5 : explain SELECT c FROM sbtest5 WHERE id=1236005
	Index Scan using sbtest5_pkey on sbtest5  (cost=0.43..8.45 rows=1 width=121)
	  Index Cond: (id = 1236005)

table 6 : explain SELECT c FROM sbtest6 WHERE id=6021766
	Index Scan using sbtest6_pkey on sbtest6  (cost=0.43..8.45 rows=1 width=121)
	  Index Cond: (id = 6021766)

table 7 : explain SELECT c FROM sbtest7 WHERE id=6004554
	Index Scan using sbtest7_pkey on sbtest7  (cost=0.43..8.45 rows=1 width=121)
	  Index Cond: (id = 6004554)

table 8 : explain SELECT c FROM sbtest8 WHERE id=6930014
	Index Scan using sbtest8_pkey on sbtest8  (cost=0.43..8.45 rows=1 width=121)
	  Index Cond: (id = 6930014)

for non_index_updates
table 1 : explain UPDATE sbtest1 SET c='foobar' WHERE id=4218511
	Update on sbtest1  (cost=0.43..8.45 rows=0 width=0)
	  ->  Index Scan using sbtest1_pkey on sbtest1  (cost=0.43..8.45 rows=1 width=490)
	        Index Cond: (id = 4218511)

table 2 : explain UPDATE sbtest2 SET c='foobar' WHERE id=2483238
	Update on sbtest2  (cost=0.43..8.45 rows=0 width=0)
	  ->  Index Scan using sbtest2_pkey on sbtest2  (cost=0.43..8.45 rows=1 width=490)
	        Index Cond: (id = 2483238)

table 3 : explain UPDATE sbtest3 SET c='foobar' WHERE id=6067736
	Update on sbtest3  (cost=0.43..8.45 rows=0 width=0)
	  ->  Index Scan using sbtest3_pkey on sbtest3  (cost=0.43..8.45 rows=1 width=490)
	        Index Cond: (id = 6067736)

table 4 : explain UPDATE sbtest4 SET c='foobar' WHERE id=4532383
	Update on sbtest4  (cost=0.43..8.45 rows=0 width=0)
	  ->  Index Scan using sbtest4_pkey on sbtest4  (cost=0.43..8.45 rows=1 width=490)
	        Index Cond: (id = 4532383)

table 5 : explain UPDATE sbtest5 SET c='foobar' WHERE id=951373
	Update on sbtest5  (cost=0.43..8.45 rows=0 width=0)
	  ->  Index Scan using sbtest5_pkey on sbtest5  (cost=0.43..8.45 rows=1 width=490)
	        Index Cond: (id = 951373)

table 6 : explain UPDATE sbtest6 SET c='foobar' WHERE id=5446438
	Update on sbtest6  (cost=0.43..8.45 rows=0 width=0)
	  ->  Index Scan using sbtest6_pkey on sbtest6  (cost=0.43..8.45 rows=1 width=490)
	        Index Cond: (id = 5446438)

table 7 : explain UPDATE sbtest7 SET c='foobar' WHERE id=5993839
	Update on sbtest7  (cost=0.43..8.45 rows=0 width=0)
	  ->  Index Scan using sbtest7_pkey on sbtest7  (cost=0.43..8.45 rows=1 width=490)
	        Index Cond: (id = 5993839)

table 8 : explain UPDATE sbtest8 SET c='foobar' WHERE id=7005114
	Update on sbtest8  (cost=0.43..8.45 rows=0 width=0)
	  ->  Index Scan using sbtest8_pkey on sbtest8  (cost=0.43..8.45 rows=1 width=490)
	        Index Cond: (id = 7005114)

for: sum_ranges
table 1 : explain SELECT SUM(k) FROM sbtest1 WHERE id BETWEEN 4152722 AND 4152821
	Aggregate  (cost=459.87..459.88 rows=1 width=8)
	  ->  Index Scan using sbtest1_pkey on sbtest1  (cost=0.43..459.58 rows=117 width=4)
	        Index Cond: ((id >= 4152722) AND (id <= 4152821))

table 2 : explain SELECT SUM(k) FROM sbtest2 WHERE id BETWEEN 7976243 AND 7976342
	Aggregate  (cost=365.54..365.55 rows=1 width=8)
	  ->  Index Scan using sbtest2_pkey on sbtest2  (cost=0.43..365.30 rows=93 width=4)
	        Index Cond: ((id >= 7976243) AND (id <= 7976342))

table 3 : explain SELECT SUM(k) FROM sbtest3 WHERE id BETWEEN 6953223 AND 6953322
	Aggregate  (cost=380.84..380.85 rows=1 width=8)
	  ->  Index Scan using sbtest3_pkey on sbtest3  (cost=0.43..380.60 rows=97 width=4)
	        Index Cond: ((id >= 6953223) AND (id <= 6953322))

table 4 : explain SELECT SUM(k) FROM sbtest4 WHERE id BETWEEN 7803845 AND 7803944
	Aggregate  (cost=377.13..377.14 rows=1 width=8)
	  ->  Index Scan using sbtest4_pkey on sbtest4  (cost=0.43..376.89 rows=96 width=4)
	        Index Cond: ((id >= 7803845) AND (id <= 7803944))

table 5 : explain SELECT SUM(k) FROM sbtest5 WHERE id BETWEEN 6455951 AND 6456050
	Aggregate  (cost=380.15..380.16 rows=1 width=8)
	  ->  Index Scan using sbtest5_pkey on sbtest5  (cost=0.43..379.91 rows=97 width=4)
	        Index Cond: ((id >= 6455951) AND (id <= 6456050))

table 6 : explain SELECT SUM(k) FROM sbtest6 WHERE id BETWEEN 5680931 AND 5681030
	Aggregate  (cost=384.52..384.53 rows=1 width=8)
	  ->  Index Scan using sbtest6_pkey on sbtest6  (cost=0.43..384.28 rows=98 width=4)
	        Index Cond: ((id >= 5680931) AND (id <= 5681030))

table 7 : explain SELECT SUM(k) FROM sbtest7 WHERE id BETWEEN 525582 AND 525681
	Aggregate  (cost=389.45..389.46 rows=1 width=8)
	  ->  Index Scan using sbtest7_pkey on sbtest7  (cost=0.43..389.20 rows=99 width=4)
	        Index Cond: ((id >= 525582) AND (id <= 525681))

table 8 : explain SELECT SUM(k) FROM sbtest8 WHERE id BETWEEN 4845575 AND 4845674
	Aggregate  (cost=365.57..365.58 rows=1 width=8)
	  ->  Index Scan using sbtest8_pkey on sbtest8  (cost=0.43..365.34 rows=93 width=4)
	        Index Cond: ((id >= 4845575) AND (id <= 4845674))

for: simple_ranges
table 1 : explain SELECT c FROM sbtest1 WHERE id BETWEEN 1445892 AND 1445991
	Index Scan using sbtest1_pkey on sbtest1  (cost=0.43..409.03 rows=104 width=121)
	  Index Cond: ((id >= 1445892) AND (id <= 1445991))

table 2 : explain SELECT c FROM sbtest2 WHERE id BETWEEN 7819996 AND 7820095
	Index Scan using sbtest2_pkey on sbtest2  (cost=0.43..411.88 rows=105 width=121)
	  Index Cond: ((id >= 7819996) AND (id <= 7820095))

table 3 : explain SELECT c FROM sbtest3 WHERE id BETWEEN 5218135 AND 5218234
	Index Scan using sbtest3_pkey on sbtest3  (cost=0.43..372.85 rows=95 width=121)
	  Index Cond: ((id >= 5218135) AND (id <= 5218234))

table 4 : explain SELECT c FROM sbtest4 WHERE id BETWEEN 9375287 AND 9375386
	Index Scan using sbtest4_pkey on sbtest4  (cost=0.43..380.77 rows=97 width=121)
	  Index Cond: ((id >= 9375287) AND (id <= 9375386))

table 5 : explain SELECT c FROM sbtest5 WHERE id BETWEEN 4151589 AND 4151688
	Index Scan using sbtest5_pkey on sbtest5  (cost=0.43..399.29 rows=102 width=121)
	  Index Cond: ((id >= 4151589) AND (id <= 4151688))

table 6 : explain SELECT c FROM sbtest6 WHERE id BETWEEN 8216734 AND 8216833
	Index Scan using sbtest6_pkey on sbtest6  (cost=0.43..426.92 rows=109 width=121)
	  Index Cond: ((id >= 8216734) AND (id <= 8216833))

table 7 : explain SELECT c FROM sbtest7 WHERE id BETWEEN 4336639 AND 4336738
	Index Scan using sbtest7_pkey on sbtest7  (cost=0.43..412.50 rows=105 width=121)
	  Index Cond: ((id >= 4336639) AND (id <= 4336738))

table 8 : explain SELECT c FROM sbtest8 WHERE id BETWEEN 4492650 AND 4492749
	Index Scan using sbtest8_pkey on sbtest8  (cost=0.43..477.85 rows=122 width=121)
	  Index Cond: ((id >= 4492650) AND (id <= 4492749))

for: order_ranges
table 1 : explain SELECT c FROM sbtest1 WHERE id BETWEEN 9553349 AND 9553448 ORDER BY c
	Sort  (cost=361.41..361.64 rows=91 width=121)
	  Sort Key: c
	  ->  Index Scan using sbtest1_pkey on sbtest1  (cost=0.43..358.45 rows=91 width=121)
	        Index Cond: ((id >= 9553349) AND (id <= 9553448))

table 2 : explain SELECT c FROM sbtest2 WHERE id BETWEEN 7611554 AND 7611653 ORDER BY c
	Sort  (cost=380.10..380.34 rows=96 width=121)
	  Sort Key: c
	  ->  Index Scan using sbtest2_pkey on sbtest2  (cost=0.43..376.94 rows=96 width=121)
	        Index Cond: ((id >= 7611554) AND (id <= 7611653))

table 3 : explain SELECT c FROM sbtest3 WHERE id BETWEEN 5527597 AND 5527696 ORDER BY c
	Sort  (cost=399.50..399.75 rows=101 width=121)
	  Sort Key: c
	  ->  Index Scan using sbtest3_pkey on sbtest3  (cost=0.43..396.14 rows=101 width=121)
	        Index Cond: ((id >= 5527597) AND (id <= 5527696))

table 4 : explain SELECT c FROM sbtest4 WHERE id BETWEEN 7932889 AND 7932988 ORDER BY c
	Sort  (cost=415.35..415.62 rows=105 width=121)
	  Sort Key: c
	  ->  Index Scan using sbtest4_pkey on sbtest4  (cost=0.43..411.83 rows=105 width=121)
	        Index Cond: ((id >= 7932889) AND (id <= 7932988))

table 5 : explain SELECT c FROM sbtest5 WHERE id BETWEEN 3726406 AND 3726505 ORDER BY c
	Sort  (cost=390.93..391.17 rows=99 width=121)
	  Sort Key: c
	  ->  Index Scan using sbtest5_pkey on sbtest5  (cost=0.43..387.64 rows=99 width=121)
	        Index Cond: ((id >= 3726406) AND (id <= 3726505))

table 6 : explain SELECT c FROM sbtest6 WHERE id BETWEEN 5533192 AND 5533291 ORDER BY c
	Sort  (cost=395.38..395.63 rows=100 width=121)
	  Sort Key: c
	  ->  Index Scan using sbtest6_pkey on sbtest6  (cost=0.43..392.06 rows=100 width=121)
	        Index Cond: ((id >= 5533192) AND (id <= 5533291))

table 7 : explain SELECT c FROM sbtest7 WHERE id BETWEEN 1568189 AND 1568288 ORDER BY c
	Sort  (cost=364.98..365.21 rows=92 width=121)
	  Sort Key: c
	  ->  Index Scan using sbtest7_pkey on sbtest7  (cost=0.43..361.98 rows=92 width=121)
	        Index Cond: ((id >= 1568189) AND (id <= 1568288))

table 8 : explain SELECT c FROM sbtest8 WHERE id BETWEEN 5277397 AND 5277496 ORDER BY c
	Sort  (cost=403.69..403.94 rows=102 width=121)
	  Sort Key: c
	  ->  Index Scan using sbtest8_pkey on sbtest8  (cost=0.43..400.28 rows=102 width=121)
	        Index Cond: ((id >= 5277397) AND (id <= 5277496))

explain: for deletes :: explain DELETE FROM sbtest%u WHERE id=%u
for: sum_ranges
table 1 : explain SELECT SUM(k) FROM sbtest1 WHERE id BETWEEN 1894234 AND 1894333
	Aggregate  (cost=374.24..374.25 rows=1 width=8)
	  ->  Index Scan using sbtest1_pkey on sbtest1  (cost=0.43..374.01 rows=95 width=4)
	        Index Cond: ((id >= 1894234) AND (id <= 1894333))

table 2 : explain SELECT SUM(k) FROM sbtest2 WHERE id BETWEEN 1785900 AND 1785999
	Aggregate  (cost=388.82..388.83 rows=1 width=8)
	  ->  Index Scan using sbtest2_pkey on sbtest2  (cost=0.43..388.57 rows=99 width=4)
	        Index Cond: ((id >= 1785900) AND (id <= 1785999))

table 3 : explain SELECT SUM(k) FROM sbtest3 WHERE id BETWEEN 2359894 AND 2359993
	Aggregate  (cost=380.84..380.85 rows=1 width=8)
	  ->  Index Scan using sbtest3_pkey on sbtest3  (cost=0.43..380.60 rows=97 width=4)
	        Index Cond: ((id >= 2359894) AND (id <= 2359993))

table 4 : explain SELECT SUM(k) FROM sbtest4 WHERE id BETWEEN 8109686 AND 8109785
	Aggregate  (cost=419.85..419.86 rows=1 width=8)
	  ->  Index Scan using sbtest4_pkey on sbtest4  (cost=0.43..419.58 rows=107 width=4)
	        Index Cond: ((id >= 8109686) AND (id <= 8109785))

table 5 : explain SELECT SUM(k) FROM sbtest5 WHERE id BETWEEN 848309 AND 848408
	Aggregate  (cost=341.44..341.45 rows=1 width=8)
	  ->  Index Scan using sbtest5_pkey on sbtest5  (cost=0.43..341.22 rows=87 width=4)
	        Index Cond: ((id >= 848309) AND (id <= 848408))

table 6 : explain SELECT SUM(k) FROM sbtest6 WHERE id BETWEEN 7833669 AND 7833768
	Aggregate  (cost=392.31..392.32 rows=1 width=8)
	  ->  Index Scan using sbtest6_pkey on sbtest6  (cost=0.43..392.06 rows=100 width=4)
	        Index Cond: ((id >= 7833669) AND (id <= 7833768))

table 7 : explain SELECT SUM(k) FROM sbtest7 WHERE id BETWEEN 2700548 AND 2700647
	Aggregate  (cost=366.09..366.10 rows=1 width=8)
	  ->  Index Scan using sbtest7_pkey on sbtest7  (cost=0.43..365.86 rows=93 width=4)
	        Index Cond: ((id >= 2700548) AND (id <= 2700647))

table 8 : explain SELECT SUM(k) FROM sbtest8 WHERE id BETWEEN 4069697 AND 4069796
	Aggregate  (cost=381.10..381.11 rows=1 width=8)
	  ->  Index Scan using sbtest8_pkey on sbtest8  (cost=0.43..380.86 rows=97 width=4)
	        Index Cond: ((id >= 4069697) AND (id <= 4069796))

explain: for point_selects :: explain SELECT c FROM sbtest%u WHERE id=%u
for point_selects
table 1 : explain SELECT c FROM sbtest1 WHERE id=812783
	Index Scan using sbtest1_pkey on sbtest1  (cost=0.43..8.45 rows=1 width=121)
	  Index Cond: (id = 812783)

table 2 : explain SELECT c FROM sbtest2 WHERE id=7999933
	Index Scan using sbtest2_pkey on sbtest2  (cost=0.43..8.45 rows=1 width=121)
	  Index Cond: (id = 7999933)

table 3 : explain SELECT c FROM sbtest3 WHERE id=6857794
	Index Scan using sbtest3_pkey on sbtest3  (cost=0.43..8.45 rows=1 width=121)
	  Index Cond: (id = 6857794)

table 4 : explain SELECT c FROM sbtest4 WHERE id=1858762
	Index Scan using sbtest4_pkey on sbtest4  (cost=0.43..8.45 rows=1 width=121)
	  Index Cond: (id = 1858762)

table 5 : explain SELECT c FROM sbtest5 WHERE id=3859852
	Index Scan using sbtest5_pkey on sbtest5  (cost=0.43..8.45 rows=1 width=121)
	  Index Cond: (id = 3859852)

table 6 : explain SELECT c FROM sbtest6 WHERE id=5283919
	Index Scan using sbtest6_pkey on sbtest6  (cost=0.43..8.45 rows=1 width=121)
	  Index Cond: (id = 5283919)

table 7 : explain SELECT c FROM sbtest7 WHERE id=7372290
	Index Scan using sbtest7_pkey on sbtest7  (cost=0.43..8.45 rows=1 width=121)
	  Index Cond: (id = 7372290)

table 8 : explain SELECT c FROM sbtest8 WHERE id=2767787
	Index Scan using sbtest8_pkey on sbtest8  (cost=0.43..8.45 rows=1 width=121)
	  Index Cond: (id = 2767787)

explain: for point_selects :: explain SELECT c FROM sbtest%u WHERE id=%u
for: order_ranges
table 1 : explain SELECT c FROM sbtest1 WHERE id BETWEEN 6591650 AND 6591749 ORDER BY c
	Sort  (cost=381.06..381.30 rows=96 width=121)
	  Sort Key: c
	  ->  Index Scan using sbtest1_pkey on sbtest1  (cost=0.43..377.89 rows=96 width=121)
	        Index Cond: ((id >= 6591650) AND (id <= 6591749))

table 2 : explain SELECT c FROM sbtest2 WHERE id BETWEEN 4242751 AND 4242850 ORDER BY c
	Sort  (cost=446.75..447.04 rows=113 width=121)
	  Sort Key: c
	  ->  Index Scan using sbtest2_pkey on sbtest2  (cost=0.43..442.90 rows=113 width=121)
	        Index Cond: ((id >= 4242751) AND (id <= 4242850))

table 3 : explain SELECT c FROM sbtest3 WHERE id BETWEEN 2764549 AND 2764648 ORDER BY c
	Sort  (cost=375.97..376.20 rows=95 width=121)
	  Sort Key: c
	  ->  Index Scan using sbtest3_pkey on sbtest3  (cost=0.43..372.85 rows=95 width=121)
	        Index Cond: ((id >= 2764549) AND (id <= 2764648))

table 4 : explain SELECT c FROM sbtest4 WHERE id BETWEEN 5104099 AND 5104198 ORDER BY c
	Sort  (cost=387.89..388.14 rows=98 width=121)
	  Sort Key: c
	  ->  Index Scan using sbtest4_pkey on sbtest4  (cost=0.43..384.65 rows=98 width=121)
	        Index Cond: ((id >= 5104099) AND (id <= 5104198))

table 5 : explain SELECT c FROM sbtest5 WHERE id BETWEEN 6172938 AND 6173037 ORDER BY c
	Sort  (cost=414.42..414.68 rows=105 width=121)
	  Sort Key: c
	  ->  Index Scan using sbtest5_pkey on sbtest5  (cost=0.43..410.89 rows=105 width=121)
	        Index Cond: ((id >= 6172938) AND (id <= 6173037))

table 6 : explain SELECT c FROM sbtest6 WHERE id BETWEEN 1767167 AND 1767266 ORDER BY c
	Sort  (cost=391.47..391.71 rows=99 width=121)
	  Sort Key: c
	  ->  Index Scan using sbtest6_pkey on sbtest6  (cost=0.43..388.19 rows=99 width=121)
	        Index Cond: ((id >= 1767167) AND (id <= 1767266))

table 7 : explain SELECT c FROM sbtest7 WHERE id BETWEEN 9996190 AND 9996289 ORDER BY c
	Sort  (cost=431.73..432.00 rows=109 width=121)
	  Sort Key: c
	  ->  Index Scan using sbtest7_pkey on sbtest7  (cost=0.43..428.04 rows=109 width=121)
	        Index Cond: ((id >= 9996190) AND (id <= 9996289))

table 8 : explain SELECT c FROM sbtest8 WHERE id BETWEEN 2247687 AND 2247786 ORDER BY c
	Sort  (cost=423.28..423.55 rows=107 width=121)
	  Sort Key: c
	  ->  Index Scan using sbtest8_pkey on sbtest8  (cost=0.43..419.68 rows=107 width=121)
	        Index Cond: ((id >= 2247687) AND (id <= 2247786))

for: simple_ranges
table 1 : explain SELECT c FROM sbtest1 WHERE id BETWEEN 5299429 AND 5299528
	Index Scan using sbtest1_pkey on sbtest1  (cost=0.43..428.47 rows=109 width=121)
	  Index Cond: ((id >= 5299429) AND (id <= 5299528))

table 2 : explain SELECT c FROM sbtest2 WHERE id BETWEEN 236176 AND 236275
	Index Scan using sbtest2_pkey on sbtest2  (cost=0.43..396.36 rows=101 width=121)
	  Index Cond: ((id >= 236176) AND (id <= 236275))

table 3 : explain SELECT c FROM sbtest3 WHERE id BETWEEN 3737840 AND 3737939
	Index Scan using sbtest3_pkey on sbtest3  (cost=0.43..415.52 rows=106 width=121)
	  Index Cond: ((id >= 3737840) AND (id <= 3737939))

table 4 : explain SELECT c FROM sbtest4 WHERE id BETWEEN 6629420 AND 6629519
	Index Scan using sbtest4_pkey on sbtest4  (cost=0.43..380.77 rows=97 width=121)
	  Index Cond: ((id >= 6629420) AND (id <= 6629519))

table 5 : explain SELECT c FROM sbtest5 WHERE id BETWEEN 1940783 AND 1940882
	Index Scan using sbtest5_pkey on sbtest5  (cost=0.43..379.91 rows=97 width=121)
	  Index Cond: ((id >= 1940783) AND (id <= 1940882))

table 6 : explain SELECT c FROM sbtest6 WHERE id BETWEEN 2117376 AND 2117475
	Index Scan using sbtest6_pkey on sbtest6  (cost=0.43..461.79 rows=118 width=121)
	  Index Cond: ((id >= 2117376) AND (id <= 2117475))

table 7 : explain SELECT c FROM sbtest7 WHERE id BETWEEN 712342 AND 712441
	Index Scan using sbtest7_pkey on sbtest7  (cost=0.43..400.85 rows=102 width=121)
	  Index Cond: ((id >= 712342) AND (id <= 712441))

table 8 : explain SELECT c FROM sbtest8 WHERE id BETWEEN 4147873 AND 4147972
	Index Scan using sbtest8_pkey on sbtest8  (cost=0.43..380.86 rows=97 width=121)
	  Index Cond: ((id >= 4147873) AND (id <= 4147972))

for: order_ranges
table 1 : explain SELECT c FROM sbtest1 WHERE id BETWEEN 6362277 AND 6362376 ORDER BY c
	Sort  (cost=357.49..357.71 rows=90 width=121)
	  Sort Key: c
	  ->  Index Scan using sbtest1_pkey on sbtest1  (cost=0.43..354.57 rows=90 width=121)
	        Index Cond: ((id >= 6362277) AND (id <= 6362376))

table 2 : explain SELECT c FROM sbtest2 WHERE id BETWEEN 26750 AND 26849 ORDER BY c
	Sort  (cost=399.73..399.98 rows=101 width=121)
	  Sort Key: c
	  ->  Index Scan using sbtest2_pkey on sbtest2  (cost=0.43..396.36 rows=101 width=121)
	        Index Cond: ((id >= 26750) AND (id <= 26849))

table 3 : explain SELECT c FROM sbtest3 WHERE id BETWEEN 2223941 AND 2224040 ORDER BY c
	Sort  (cost=454.33..454.62 rows=115 width=121)
	  Sort Key: c
	  ->  Index Scan using sbtest3_pkey on sbtest3  (cost=0.43..450.40 rows=115 width=121)
	        Index Cond: ((id >= 2223941) AND (id <= 2224040))

table 4 : explain SELECT c FROM sbtest4 WHERE id BETWEEN 6462194 AND 6462293 ORDER BY c
	Sort  (cost=419.27..419.54 rows=106 width=121)
	  Sort Key: c
	  ->  Index Scan using sbtest4_pkey on sbtest4  (cost=0.43..415.71 rows=106 width=121)
	        Index Cond: ((id >= 6462194) AND (id <= 6462293))

table 5 : explain SELECT c FROM sbtest5 WHERE id BETWEEN 7378894 AND 7378993 ORDER BY c
	Sort  (cost=394.87..395.12 rows=100 width=121)
	  Sort Key: c
	  ->  Index Scan using sbtest5_pkey on sbtest5  (cost=0.43..391.55 rows=100 width=121)
	        Index Cond: ((id >= 7378894) AND (id <= 7378993))

table 6 : explain SELECT c FROM sbtest6 WHERE id BETWEEN 2519027 AND 2519126 ORDER BY c
	Sort  (cost=371.86..372.10 rows=94 width=121)
	  Sort Key: c
	  ->  Index Scan using sbtest6_pkey on sbtest6  (cost=0.43..368.78 rows=94 width=121)
	        Index Cond: ((id >= 2519027) AND (id <= 2519126))

table 7 : explain SELECT c FROM sbtest7 WHERE id BETWEEN 5625163 AND 5625262 ORDER BY c
	Sort  (cost=372.83..373.06 rows=94 width=121)
	  Sort Key: c
	  ->  Index Scan using sbtest7_pkey on sbtest7  (cost=0.43..369.74 rows=94 width=121)
	        Index Cond: ((id >= 5625163) AND (id <= 5625262))

table 8 : explain SELECT c FROM sbtest8 WHERE id BETWEEN 3461383 AND 3461482 ORDER BY c
	Sort  (cost=380.14..380.38 rows=96 width=121)
	  Sort Key: c
	  ->  Index Scan using sbtest8_pkey on sbtest8  (cost=0.43..376.98 rows=96 width=121)
	        Index Cond: ((id >= 3461383) AND (id <= 3461482))

for: sum_ranges
table 1 : explain SELECT SUM(k) FROM sbtest1 WHERE id BETWEEN 8685108 AND 8685207
	Aggregate  (cost=401.51..401.52 rows=1 width=8)
	  ->  Index Scan using sbtest1_pkey on sbtest1  (cost=0.43..401.26 rows=102 width=4)
	        Index Cond: ((id >= 8685108) AND (id <= 8685207))

table 2 : explain SELECT SUM(k) FROM sbtest2 WHERE id BETWEEN 4264991 AND 4265090
	Aggregate  (cost=443.18..443.19 rows=1 width=8)
	  ->  Index Scan using sbtest2_pkey on sbtest2  (cost=0.43..442.90 rows=113 width=4)
	        Index Cond: ((id >= 4264991) AND (id <= 4265090))

table 3 : explain SELECT SUM(k) FROM sbtest3 WHERE id BETWEEN 934539 AND 934638
	Aggregate  (cost=365.33..365.34 rows=1 width=8)
	  ->  Index Scan using sbtest3_pkey on sbtest3  (cost=0.43..365.09 rows=93 width=4)
	        Index Cond: ((id >= 934539) AND (id <= 934638))

table 4 : explain SELECT SUM(k) FROM sbtest4 WHERE id BETWEEN 5599482 AND 5599581
	Aggregate  (cost=381.01..381.02 rows=1 width=8)
	  ->  Index Scan using sbtest4_pkey on sbtest4  (cost=0.43..380.77 rows=97 width=4)
	        Index Cond: ((id >= 5599482) AND (id <= 5599581))

table 5 : explain SELECT SUM(k) FROM sbtest5 WHERE id BETWEEN 2257912 AND 2258011
	Aggregate  (cost=411.16..411.17 rows=1 width=8)
	  ->  Index Scan using sbtest5_pkey on sbtest5  (cost=0.43..410.89 rows=105 width=4)
	        Index Cond: ((id >= 2257912) AND (id <= 2258011))

table 6 : explain SELECT SUM(k) FROM sbtest6 WHERE id BETWEEN 6295168 AND 6295267
	Aggregate  (cost=396.19..396.20 rows=1 width=8)
	  ->  Index Scan using sbtest6_pkey on sbtest6  (cost=0.43..395.93 rows=101 width=4)
	        Index Cond: ((id >= 6295168) AND (id <= 6295267))

table 7 : explain SELECT SUM(k) FROM sbtest7 WHERE id BETWEEN 6630969 AND 6631068
	Aggregate  (cost=401.11..401.12 rows=1 width=8)
	  ->  Index Scan using sbtest7_pkey on sbtest7  (cost=0.43..400.85 rows=102 width=4)
	        Index Cond: ((id >= 6630969) AND (id <= 6631068))

table 8 : explain SELECT SUM(k) FROM sbtest8 WHERE id BETWEEN 128309 AND 128408
	Aggregate  (cost=377.22..377.23 rows=1 width=8)
	  ->  Index Scan using sbtest8_pkey on sbtest8  (cost=0.43..376.98 rows=96 width=4)
	        Index Cond: ((id >= 128309) AND (id <= 128408))

for: distinct_ranges
table 1 : explain SELECT DISTINCT c FROM sbtest1 WHERE id BETWEEN 1033460 AND 1033559 ORDER BY c
	Unique  (cost=420.37..420.90 rows=106 width=121)
	  ->  Sort  (cost=420.37..420.64 rows=106 width=121)
	        Sort Key: c
	        ->  Index Scan using sbtest1_pkey on sbtest1  (cost=0.43..416.81 rows=106 width=121)
	              Index Cond: ((id >= 1033460) AND (id <= 1033559))

table 2 : explain SELECT DISTINCT c FROM sbtest2 WHERE id BETWEEN 9003187 AND 9003286 ORDER BY c
	Unique  (cost=411.48..412.00 rows=104 width=121)
	  ->  Sort  (cost=411.48..411.74 rows=104 width=121)
	        Sort Key: c
	        ->  Index Scan using sbtest2_pkey on sbtest2  (cost=0.43..408.00 rows=104 width=121)
	              Index Cond: ((id >= 9003187) AND (id <= 9003286))

table 3 : explain SELECT DISTINCT c FROM sbtest3 WHERE id BETWEEN 7152289 AND 7152388 ORDER BY c
	Unique  (cost=368.14..368.60 rows=93 width=121)
	  ->  Sort  (cost=368.14..368.37 rows=93 width=121)
	        Sort Key: c
	        ->  Index Scan using sbtest3_pkey on sbtest3  (cost=0.43..365.09 rows=93 width=121)
	              Index Cond: ((id >= 7152289) AND (id <= 7152388))

table 4 : explain SELECT DISTINCT c FROM sbtest4 WHERE id BETWEEN 508244 AND 508343 ORDER BY c
	Unique  (cost=364.39..364.85 rows=92 width=121)
	  ->  Sort  (cost=364.39..364.62 rows=92 width=121)
	        Sort Key: c
	        ->  Index Scan using sbtest4_pkey on sbtest4  (cost=0.43..361.38 rows=92 width=121)
	              Index Cond: ((id >= 508244) AND (id <= 508343))

table 5 : explain SELECT DISTINCT c FROM sbtest5 WHERE id BETWEEN 809680 AND 809779 ORDER BY c
	Unique  (cost=414.42..414.94 rows=105 width=121)
	  ->  Sort  (cost=414.42..414.68 rows=105 width=121)
	        Sort Key: c
	        ->  Index Scan using sbtest5_pkey on sbtest5  (cost=0.43..410.89 rows=105 width=121)
	              Index Cond: ((id >= 809680) AND (id <= 809779))

table 6 : explain SELECT DISTINCT c FROM sbtest6 WHERE id BETWEEN 6260920 AND 6261019 ORDER BY c
	Unique  (cost=364.03..364.49 rows=92 width=121)
	  ->  Sort  (cost=364.03..364.26 rows=92 width=121)
	        Sort Key: c
	        ->  Index Scan using sbtest6_pkey on sbtest6  (cost=0.43..361.03 rows=92 width=121)
	              Index Cond: ((id >= 6260920) AND (id <= 6261019))

table 7 : explain SELECT DISTINCT c FROM sbtest7 WHERE id BETWEEN 8656058 AND 8656157 ORDER BY c
	Unique  (cost=353.21..353.65 rows=89 width=121)
	  ->  Sort  (cost=353.21..353.43 rows=89 width=121)
	        Sort Key: c
	        ->  Index Scan using sbtest7_pkey on sbtest7  (cost=0.43..350.32 rows=89 width=121)
	              Index Cond: ((id >= 8656058) AND (id <= 8656157))

table 8 : explain SELECT DISTINCT c FROM sbtest8 WHERE id BETWEEN 2569224 AND 2569323 ORDER BY c
	Unique  (cost=423.28..423.82 rows=107 width=121)
	  ->  Sort  (cost=423.28..423.55 rows=107 width=121)
	        Sort Key: c
	        ->  Index Scan using sbtest8_pkey on sbtest8  (cost=0.43..419.68 rows=107 width=121)
	              Index Cond: ((id >= 2569224) AND (id <= 2569323))

for deletes
table 1 : explain DELETE FROM sbtest1 WHERE id=3030086
	Delete on sbtest1  (cost=0.43..8.45 rows=0 width=0)
	  ->  Index Scan using sbtest1_pkey on sbtest1  (cost=0.43..8.45 rows=1 width=6)
	        Index Cond: (id = 3030086)

table 2 : explain DELETE FROM sbtest2 WHERE id=4989701
	Delete on sbtest2  (cost=0.43..8.45 rows=0 width=0)
	  ->  Index Scan using sbtest2_pkey on sbtest2  (cost=0.43..8.45 rows=1 width=6)
	        Index Cond: (id = 4989701)

table 3 : explain DELETE FROM sbtest3 WHERE id=9678722
	Delete on sbtest3  (cost=0.43..8.45 rows=0 width=0)
	  ->  Index Scan using sbtest3_pkey on sbtest3  (cost=0.43..8.45 rows=1 width=6)
	        Index Cond: (id = 9678722)

table 4 : explain DELETE FROM sbtest4 WHERE id=1039079
	Delete on sbtest4  (cost=0.43..8.45 rows=0 width=0)
	  ->  Index Scan using sbtest4_pkey on sbtest4  (cost=0.43..8.45 rows=1 width=6)
	        Index Cond: (id = 1039079)

table 5 : explain DELETE FROM sbtest5 WHERE id=24316
	Delete on sbtest5  (cost=0.43..8.45 rows=0 width=0)
	  ->  Index Scan using sbtest5_pkey on sbtest5  (cost=0.43..8.45 rows=1 width=6)
	        Index Cond: (id = 24316)

table 6 : explain DELETE FROM sbtest6 WHERE id=542669
	Delete on sbtest6  (cost=0.43..8.45 rows=0 width=0)
	  ->  Index Scan using sbtest6_pkey on sbtest6  (cost=0.43..8.45 rows=1 width=6)
	        Index Cond: (id = 542669)

table 7 : explain DELETE FROM sbtest7 WHERE id=2770189
	Delete on sbtest7  (cost=0.43..8.45 rows=0 width=0)
	  ->  Index Scan using sbtest7_pkey on sbtest7  (cost=0.43..8.45 rows=1 width=6)
	        Index Cond: (id = 2770189)

table 8 : explain DELETE FROM sbtest8 WHERE id=7336713
	Delete on sbtest8  (cost=0.43..8.45 rows=0 width=0)
	  ->  Index Scan using sbtest8_pkey on sbtest8  (cost=0.43..8.45 rows=1 width=6)
	        Index Cond: (id = 7336713)

for: order_ranges
table 1 : explain SELECT c FROM sbtest1 WHERE id BETWEEN 8634426 AND 8634525 ORDER BY c
	Sort  (cost=404.66..404.91 rows=102 width=121)
	  Sort Key: c
	  ->  Index Scan using sbtest1_pkey on sbtest1  (cost=0.43..401.26 rows=102 width=121)
	        Index Cond: ((id >= 8634426) AND (id <= 8634525))

table 2 : explain SELECT c FROM sbtest2 WHERE id BETWEEN 2950661 AND 2950760 ORDER BY c
	Sort  (cost=356.59..356.82 rows=90 width=121)
	  Sort Key: c
	  ->  Index Scan using sbtest2_pkey on sbtest2  (cost=0.43..353.67 rows=90 width=121)
	        Index Cond: ((id >= 2950661) AND (id <= 2950760))

table 3 : explain SELECT c FROM sbtest3 WHERE id BETWEEN 509930 AND 510029 ORDER BY c
	Sort  (cost=415.16..415.43 rows=105 width=121)
	  Sort Key: c
	  ->  Index Scan using sbtest3_pkey on sbtest3  (cost=0.43..411.64 rows=105 width=121)
	        Index Cond: ((id >= 509930) AND (id <= 510029))

table 4 : explain SELECT c FROM sbtest4 WHERE id BETWEEN 1521413 AND 1521512 ORDER BY c
	Sort  (cost=415.35..415.62 rows=105 width=121)
	  Sort Key: c
	  ->  Index Scan using sbtest4_pkey on sbtest4  (cost=0.43..411.83 rows=105 width=121)
	        Index Cond: ((id >= 1521413) AND (id <= 1521512))

table 5 : explain SELECT c FROM sbtest5 WHERE id BETWEEN 5885600 AND 5885699 ORDER BY c
	Sort  (cost=394.87..395.12 rows=100 width=121)
	  Sort Key: c
	  ->  Index Scan using sbtest5_pkey on sbtest5  (cost=0.43..391.55 rows=100 width=121)
	        Index Cond: ((id >= 5885600) AND (id <= 5885699))

table 6 : explain SELECT c FROM sbtest6 WHERE id BETWEEN 9453083 AND 9453182 ORDER BY c
	Sort  (cost=403.21..403.46 rows=102 width=121)
	  Sort Key: c
	  ->  Index Scan using sbtest6_pkey on sbtest6  (cost=0.43..399.81 rows=102 width=121)
	        Index Cond: ((id >= 9453083) AND (id <= 9453182))

table 7 : explain SELECT c FROM sbtest7 WHERE id BETWEEN 2975398 AND 2975497 ORDER BY c
	Sort  (cost=372.83..373.06 rows=94 width=121)
	  Sort Key: c
	  ->  Index Scan using sbtest7_pkey on sbtest7  (cost=0.43..369.74 rows=94 width=121)
	        Index Cond: ((id >= 2975398) AND (id <= 2975497))

table 8 : explain SELECT c FROM sbtest8 WHERE id BETWEEN 9975763 AND 9975862 ORDER BY c
	Sort  (cost=403.69..403.94 rows=102 width=121)
	  Sort Key: c
	  ->  Index Scan using sbtest8_pkey on sbtest8  (cost=0.43..400.28 rows=102 width=121)
	        Index Cond: ((id >= 9975763) AND (id <= 9975862))

for point_selects
table 1 : explain SELECT c FROM sbtest1 WHERE id=3626538
	Index Scan using sbtest1_pkey on sbtest1  (cost=0.43..8.45 rows=1 width=121)
	  Index Cond: (id = 3626538)

table 2 : explain SELECT c FROM sbtest2 WHERE id=1191338
	Index Scan using sbtest2_pkey on sbtest2  (cost=0.43..8.45 rows=1 width=121)
	  Index Cond: (id = 1191338)

table 3 : explain SELECT c FROM sbtest3 WHERE id=3360923
	Index Scan using sbtest3_pkey on sbtest3  (cost=0.43..8.45 rows=1 width=121)
	  Index Cond: (id = 3360923)

table 4 : explain SELECT c FROM sbtest4 WHERE id=6602752
	Index Scan using sbtest4_pkey on sbtest4  (cost=0.43..8.45 rows=1 width=121)
	  Index Cond: (id = 6602752)

table 5 : explain SELECT c FROM sbtest5 WHERE id=6094344
	Index Scan using sbtest5_pkey on sbtest5  (cost=0.43..8.45 rows=1 width=121)
	  Index Cond: (id = 6094344)

table 6 : explain SELECT c FROM sbtest6 WHERE id=1163225
	Index Scan using sbtest6_pkey on sbtest6  (cost=0.43..8.45 rows=1 width=121)
	  Index Cond: (id = 1163225)

table 7 : explain SELECT c FROM sbtest7 WHERE id=449883
	Index Scan using sbtest7_pkey on sbtest7  (cost=0.43..8.45 rows=1 width=121)
	  Index Cond: (id = 449883)

table 8 : explain SELECT c FROM sbtest8 WHERE id=6049459
	Index Scan using sbtest8_pkey on sbtest8  (cost=0.43..8.45 rows=1 width=121)
	  Index Cond: (id = 6049459)

for point_selects
table 1 : explain SELECT c FROM sbtest1 WHERE id=3796608
	Index Scan using sbtest1_pkey on sbtest1  (cost=0.43..8.45 rows=1 width=121)
	  Index Cond: (id = 3796608)

table 2 : explain SELECT c FROM sbtest2 WHERE id=6266063
	Index Scan using sbtest2_pkey on sbtest2  (cost=0.43..8.45 rows=1 width=121)
	  Index Cond: (id = 6266063)

table 3 : explain SELECT c FROM sbtest3 WHERE id=7022829
	Index Scan using sbtest3_pkey on sbtest3  (cost=0.43..8.45 rows=1 width=121)
	  Index Cond: (id = 7022829)

table 4 : explain SELECT c FROM sbtest4 WHERE id=325308
	Index Scan using sbtest4_pkey on sbtest4  (cost=0.43..8.45 rows=1 width=121)
	  Index Cond: (id = 325308)

table 5 : explain SELECT c FROM sbtest5 WHERE id=3461108
	Index Scan using sbtest5_pkey on sbtest5  (cost=0.43..8.45 rows=1 width=121)
	  Index Cond: (id = 3461108)

table 6 : explain SELECT c FROM sbtest6 WHERE id=5080239
	Index Scan using sbtest6_pkey on sbtest6  (cost=0.43..8.45 rows=1 width=121)
	  Index Cond: (id = 5080239)

table 7 : explain SELECT c FROM sbtest7 WHERE id=5223749
	Index Scan using sbtest7_pkey on sbtest7  (cost=0.43..8.45 rows=1 width=121)
	  Index Cond: (id = 5223749)

table 8 : explain SELECT c FROM sbtest8 WHERE id=6486523
	Index Scan using sbtest8_pkey on sbtest8  (cost=0.43..8.45 rows=1 width=121)
	  Index Cond: (id = 6486523)

explain: for index_updates :: explain UPDATE sbtest%u SET k=k+1 WHERE id=%u
explain: for point_selects :: explain SELECT c FROM sbtest%u WHERE id=%u
for: order_ranges
table 1 : explain SELECT c FROM sbtest1 WHERE id BETWEEN 1649959 AND 1650058 ORDER BY c
	Sort  (cost=412.52..412.78 rows=104 width=121)
	  Sort Key: c
	  ->  Index Scan using sbtest1_pkey on sbtest1  (cost=0.43..409.03 rows=104 width=121)
	        Index Cond: ((id >= 1649959) AND (id <= 1650058))

table 2 : explain SELECT c FROM sbtest2 WHERE id BETWEEN 5476545 AND 5476644 ORDER BY c
	Sort  (cost=368.35..368.58 rows=93 width=121)
	  Sort Key: c
	  ->  Index Scan using sbtest2_pkey on sbtest2  (cost=0.43..365.30 rows=93 width=121)
	        Index Cond: ((id >= 5476545) AND (id <= 5476644))

table 3 : explain SELECT c FROM sbtest3 WHERE id BETWEEN 3966468 AND 3966567 ORDER BY c
	Sort  (cost=383.80..384.04 rows=97 width=121)
	  Sort Key: c
	  ->  Index Scan using sbtest3_pkey on sbtest3  (cost=0.43..380.60 rows=97 width=121)
	        Index Cond: ((id >= 3966468) AND (id <= 3966567))

table 4 : explain SELECT c FROM sbtest4 WHERE id BETWEEN 3344656 AND 3344755 ORDER BY c
	Sort  (cost=403.60..403.85 rows=102 width=121)
	  Sort Key: c
	  ->  Index Scan using sbtest4_pkey on sbtest4  (cost=0.43..400.20 rows=102 width=121)
	        Index Cond: ((id >= 3344656) AND (id <= 3344755))

table 5 : explain SELECT c FROM sbtest5 WHERE id BETWEEN 5034833 AND 5034932 ORDER BY c
	Sort  (cost=390.93..391.17 rows=99 width=121)
	  Sort Key: c
	  ->  Index Scan using sbtest5_pkey on sbtest5  (cost=0.43..387.64 rows=99 width=121)
	        Index Cond: ((id >= 5034833) AND (id <= 5034932))

table 6 : explain SELECT c FROM sbtest6 WHERE id BETWEEN 2551327 AND 2551426 ORDER BY c
	Sort  (cost=371.86..372.10 rows=94 width=121)
	  Sort Key: c
	  ->  Index Scan using sbtest6_pkey on sbtest6  (cost=0.43..368.78 rows=94 width=121)
	        Index Cond: ((id >= 2551327) AND (id <= 2551426))

table 7 : explain SELECT c FROM sbtest7 WHERE id BETWEEN 4120604 AND 4120703 ORDER BY c
	Sort  (cost=392.48..392.73 rows=99 width=121)
	  Sort Key: c
	  ->  Index Scan using sbtest7_pkey on sbtest7  (cost=0.43..389.20 rows=99 width=121)
	        Index Cond: ((id >= 4120604) AND (id <= 4120703))

table 8 : explain SELECT c FROM sbtest8 WHERE id BETWEEN 5458724 AND 5458823 ORDER BY c
	Sort  (cost=407.61..407.86 rows=103 width=121)
	  Sort Key: c
	  ->  Index Scan using sbtest8_pkey on sbtest8  (cost=0.43..404.16 rows=103 width=121)
	        Index Cond: ((id >= 5458724) AND (id <= 5458823))

for: distinct_ranges
table 1 : explain SELECT DISTINCT c FROM sbtest1 WHERE id BETWEEN 8863994 AND 8864093 ORDER BY c
	Unique  (cost=373.20..373.67 rows=94 width=121)
	  ->  Sort  (cost=373.20..373.43 rows=94 width=121)
	        Sort Key: c
	        ->  Index Scan using sbtest1_pkey on sbtest1  (cost=0.43..370.12 rows=94 width=121)
	              Index Cond: ((id >= 8863994) AND (id <= 8864093))

table 2 : explain SELECT DISTINCT c FROM sbtest2 WHERE id BETWEEN 4937383 AND 4937482 ORDER BY c
	Unique  (cost=384.02..384.50 rows=97 width=121)
	  ->  Sort  (cost=384.02..384.26 rows=97 width=121)
	        Sort Key: c
	        ->  Index Scan using sbtest2_pkey on sbtest2  (cost=0.43..380.82 rows=97 width=121)
	              Index Cond: ((id >= 4937383) AND (id <= 4937482))

table 3 : explain SELECT DISTINCT c FROM sbtest3 WHERE id BETWEEN 1361237 AND 1361336 ORDER BY c
	Unique  (cost=411.25..411.77 rows=104 width=121)
	  ->  Sort  (cost=411.25..411.51 rows=104 width=121)
	        Sort Key: c
	        ->  Index Scan using sbtest3_pkey on sbtest3  (cost=0.43..407.76 rows=104 width=121)
	              Index Cond: ((id >= 1361237) AND (id <= 1361336))

table 4 : explain SELECT DISTINCT c FROM sbtest4 WHERE id BETWEEN 5168345 AND 5168444 ORDER BY c
	Unique  (cost=387.89..388.38 rows=98 width=121)
	  ->  Sort  (cost=387.89..388.14 rows=98 width=121)
	        Sort Key: c
	        ->  Index Scan using sbtest4_pkey on sbtest4  (cost=0.43..384.65 rows=98 width=121)
	              Index Cond: ((id >= 5168345) AND (id <= 5168444))

table 5 : explain SELECT DISTINCT c FROM sbtest5 WHERE id BETWEEN 8709793 AND 8709892 ORDER BY c
	Unique  (cost=375.29..375.77 rows=95 width=121)
	  ->  Sort  (cost=375.29..375.53 rows=95 width=121)
	        Sort Key: c
	        ->  Index Scan using sbtest5_pkey on sbtest5  (cost=0.43..372.17 rows=95 width=121)
	              Index Cond: ((id >= 8709793) AND (id <= 8709892))

table 6 : explain SELECT DISTINCT c FROM sbtest6 WHERE id BETWEEN 816480 AND 816579 ORDER BY c
	Unique  (cost=391.47..391.96 rows=99 width=121)
	  ->  Sort  (cost=391.47..391.71 rows=99 width=121)
	        Sort Key: c
	        ->  Index Scan using sbtest6_pkey on sbtest6  (cost=0.43..388.19 rows=99 width=121)
	              Index Cond: ((id >= 816480) AND (id <= 816579))

table 7 : explain SELECT DISTINCT c FROM sbtest7 WHERE id BETWEEN 2296114 AND 2296213 ORDER BY c
	Unique  (cost=451.36..451.93 rows=114 width=121)
	  ->  Sort  (cost=451.36..451.64 rows=114 width=121)
	        Sort Key: c
	        ->  Index Scan using sbtest7_pkey on sbtest7  (cost=0.43..447.46 rows=114 width=121)
	              Index Cond: ((id >= 2296114) AND (id <= 2296213))

table 8 : explain SELECT DISTINCT c FROM sbtest8 WHERE id BETWEEN 9421262 AND 9421361 ORDER BY c
	Unique  (cost=407.61..408.12 rows=103 width=121)
	  ->  Sort  (cost=407.61..407.86 rows=103 width=121)
	        Sort Key: c
	        ->  Index Scan using sbtest8_pkey on sbtest8  (cost=0.43..404.16 rows=103 width=121)
	              Index Cond: ((id >= 9421262) AND (id <= 9421361))

explain: for inserts :: explain INSERT INTO sbtest%u (id, k, c, pad) VALUES (%u, 13, 'foobar', 'foobar')
for: sum_ranges
table 1 : explain SELECT SUM(k) FROM sbtest1 WHERE id BETWEEN 1297898 AND 1297997
	Aggregate  (cost=347.01..347.02 rows=1 width=8)
	  ->  Index Scan using sbtest1_pkey on sbtest1  (cost=0.43..346.79 rows=88 width=4)
	        Index Cond: ((id >= 1297898) AND (id <= 1297997))

table 2 : explain SELECT SUM(k) FROM sbtest2 WHERE id BETWEEN 4712377 AND 4712476
	Aggregate  (cost=373.30..373.31 rows=1 width=8)
	  ->  Index Scan using sbtest2_pkey on sbtest2  (cost=0.43..373.06 rows=95 width=4)
	        Index Cond: ((id >= 4712377) AND (id <= 4712476))

table 3 : explain SELECT SUM(k) FROM sbtest3 WHERE id BETWEEN 2673677 AND 2673776
	Aggregate  (cost=404.15..404.16 rows=1 width=8)
	  ->  Index Scan using sbtest3_pkey on sbtest3  (cost=0.43..403.89 rows=103 width=4)
	        Index Cond: ((id >= 2673677) AND (id <= 2673776))

table 4 : explain SELECT SUM(k) FROM sbtest4 WHERE id BETWEEN 9836082 AND 9836181
	Aggregate  (cost=408.21..408.22 rows=1 width=8)
	  ->  Index Scan using sbtest4_pkey on sbtest4  (cost=0.43..407.95 rows=104 width=4)
	        Index Cond: ((id >= 9836082) AND (id <= 9836181))

table 5 : explain SELECT SUM(k) FROM sbtest5 WHERE id BETWEEN 3845845 AND 3845944
	Aggregate  (cost=387.93..387.94 rows=1 width=8)
	  ->  Index Scan using sbtest5_pkey on sbtest5  (cost=0.43..387.68 rows=99 width=4)
	        Index Cond: ((id >= 3845845) AND (id <= 3845944))

table 6 : explain SELECT SUM(k) FROM sbtest6 WHERE id BETWEEN 1577398 AND 1577497
	Aggregate  (cost=400.06..400.07 rows=1 width=8)
	  ->  Index Scan using sbtest6_pkey on sbtest6  (cost=0.43..399.81 rows=102 width=4)
	        Index Cond: ((id >= 1577398) AND (id <= 1577497))

table 7 : explain SELECT SUM(k) FROM sbtest7 WHERE id BETWEEN 3505988 AND 3506087
	Aggregate  (cost=397.22..397.23 rows=1 width=8)
	  ->  Index Scan using sbtest7_pkey on sbtest7  (cost=0.43..396.97 rows=101 width=4)
	        Index Cond: ((id >= 3505988) AND (id <= 3506087))

table 8 : explain SELECT SUM(k) FROM sbtest8 WHERE id BETWEEN 1351828 AND 1351927
	Aggregate  (cost=416.06..416.07 rows=1 width=8)
	  ->  Index Scan using sbtest8_pkey on sbtest8  (cost=0.43..415.80 rows=106 width=4)
	        Index Cond: ((id >= 1351828) AND (id <= 1351927))

explain: for index_updates :: explain UPDATE sbtest%u SET k=k+1 WHERE id=%u
for: simple_ranges
table 1 : explain SELECT c FROM sbtest1 WHERE id BETWEEN 9124309 AND 9124408
	Index Scan using sbtest1_pkey on sbtest1  (cost=0.43..397.34 rows=101 width=121)
	  Index Cond: ((id >= 9124309) AND (id <= 9124408))

table 2 : explain SELECT c FROM sbtest2 WHERE id BETWEEN 4970402 AND 4970501
	Index Scan using sbtest2_pkey on sbtest2  (cost=0.43..380.82 rows=97 width=121)
	  Index Cond: ((id >= 4970402) AND (id <= 4970501))

table 3 : explain SELECT c FROM sbtest3 WHERE id BETWEEN 7438925 AND 7439024
	Index Scan using sbtest3_pkey on sbtest3  (cost=0.43..396.14 rows=101 width=121)
	  Index Cond: ((id >= 7438925) AND (id <= 7439024))

table 4 : explain SELECT c FROM sbtest4 WHERE id BETWEEN 435849 AND 435948
	Index Scan using sbtest4_pkey on sbtest4  (cost=0.43..404.07 rows=103 width=121)
	  Index Cond: ((id >= 435849) AND (id <= 435948))

table 5 : explain SELECT c FROM sbtest5 WHERE id BETWEEN 70483 AND 70582
	Index Scan using sbtest5_pkey on sbtest5  (cost=0.43..387.64 rows=99 width=121)
	  Index Cond: ((id >= 70483) AND (id <= 70582))

table 6 : explain SELECT c FROM sbtest6 WHERE id BETWEEN 6046732 AND 6046831
	Index Scan using sbtest6_pkey on sbtest6  (cost=0.43..430.80 rows=110 width=121)
	  Index Cond: ((id >= 6046732) AND (id <= 6046831))

table 7 : explain SELECT c FROM sbtest7 WHERE id BETWEEN 4874141 AND 4874240
	Index Scan using sbtest7_pkey on sbtest7  (cost=0.43..396.97 rows=101 width=121)
	  Index Cond: ((id >= 4874141) AND (id <= 4874240))

table 8 : explain SELECT c FROM sbtest8 WHERE id BETWEEN 7496901 AND 7497000
	Index Scan using sbtest8_pkey on sbtest8  (cost=0.43..396.41 rows=101 width=121)
	  Index Cond: ((id >= 7496901) AND (id <= 7497000))

for point_selects
table 1 : explain SELECT c FROM sbtest1 WHERE id=8951394
	Index Scan using sbtest1_pkey on sbtest1  (cost=0.43..8.45 rows=1 width=121)
	  Index Cond: (id = 8951394)

table 2 : explain SELECT c FROM sbtest2 WHERE id=2131798
	Index Scan using sbtest2_pkey on sbtest2  (cost=0.43..8.45 rows=1 width=121)
	  Index Cond: (id = 2131798)

table 3 : explain SELECT c FROM sbtest3 WHERE id=8654253
	Index Scan using sbtest3_pkey on sbtest3  (cost=0.43..8.45 rows=1 width=121)
	  Index Cond: (id = 8654253)

table 4 : explain SELECT c FROM sbtest4 WHERE id=623012
	Index Scan using sbtest4_pkey on sbtest4  (cost=0.43..8.45 rows=1 width=121)
	  Index Cond: (id = 623012)

table 5 : explain SELECT c FROM sbtest5 WHERE id=6727994
	Index Scan using sbtest5_pkey on sbtest5  (cost=0.43..8.45 rows=1 width=121)
	  Index Cond: (id = 6727994)

table 6 : explain SELECT c FROM sbtest6 WHERE id=8685880
	Index Scan using sbtest6_pkey on sbtest6  (cost=0.43..8.45 rows=1 width=121)
	  Index Cond: (id = 8685880)

table 7 : explain SELECT c FROM sbtest7 WHERE id=3993938
	Index Scan using sbtest7_pkey on sbtest7  (cost=0.43..8.45 rows=1 width=121)
	  Index Cond: (id = 3993938)

table 8 : explain SELECT c FROM sbtest8 WHERE id=9117325
	Index Scan using sbtest8_pkey on sbtest8  (cost=0.43..8.45 rows=1 width=121)
	  Index Cond: (id = 9117325)

explain: for point_selects :: explain SELECT c FROM sbtest%u WHERE id=%u
explain: for point_selects :: explain SELECT c FROM sbtest%u WHERE id=%u
explain: for point_selects :: explain SELECT c FROM sbtest%u WHERE id=%u
for index_updates
table 1 : explain UPDATE sbtest1 SET k=k+1 WHERE id=4903292
	Update on sbtest1  (cost=0.43..8.46 rows=0 width=0)
	  ->  Index Scan using sbtest1_pkey on sbtest1  (cost=0.43..8.46 rows=1 width=10)
	        Index Cond: (id = 4903292)

table 2 : explain UPDATE sbtest2 SET k=k+1 WHERE id=5018218
	Update on sbtest2  (cost=0.43..8.46 rows=0 width=0)
	  ->  Index Scan using sbtest2_pkey on sbtest2  (cost=0.43..8.46 rows=1 width=10)
	        Index Cond: (id = 5018218)

table 3 : explain UPDATE sbtest3 SET k=k+1 WHERE id=3506253
	Update on sbtest3  (cost=0.43..8.46 rows=0 width=0)
	  ->  Index Scan using sbtest3_pkey on sbtest3  (cost=0.43..8.46 rows=1 width=10)
	        Index Cond: (id = 3506253)

table 4 : explain UPDATE sbtest4 SET k=k+1 WHERE id=9241238
	Update on sbtest4  (cost=0.43..8.46 rows=0 width=0)
	  ->  Index Scan using sbtest4_pkey on sbtest4  (cost=0.43..8.46 rows=1 width=10)
	        Index Cond: (id = 9241238)

table 5 : explain UPDATE sbtest5 SET k=k+1 WHERE id=9047173
	Update on sbtest5  (cost=0.43..8.46 rows=0 width=0)
	  ->  Index Scan using sbtest5_pkey on sbtest5  (cost=0.43..8.46 rows=1 width=10)
	        Index Cond: (id = 9047173)

table 6 : explain UPDATE sbtest6 SET k=k+1 WHERE id=2857277
	Update on sbtest6  (cost=0.43..8.46 rows=0 width=0)
	  ->  Index Scan using sbtest6_pkey on sbtest6  (cost=0.43..8.46 rows=1 width=10)
	        Index Cond: (id = 2857277)

table 7 : explain UPDATE sbtest7 SET k=k+1 WHERE id=1178456
	Update on sbtest7  (cost=0.43..8.46 rows=0 width=0)
	  ->  Index Scan using sbtest7_pkey on sbtest7  (cost=0.43..8.46 rows=1 width=10)
	        Index Cond: (id = 1178456)

table 8 : explain UPDATE sbtest8 SET k=k+1 WHERE id=9354538
	Update on sbtest8  (cost=0.43..8.46 rows=0 width=0)
	  ->  Index Scan using sbtest8_pkey on sbtest8  (cost=0.43..8.46 rows=1 width=10)
	        Index Cond: (id = 9354538)

for point_selects
table 1 : explain SELECT c FROM sbtest1 WHERE id=3981935
	Index Scan using sbtest1_pkey on sbtest1  (cost=0.43..8.45 rows=1 width=121)
	  Index Cond: (id = 3981935)

table 2 : explain SELECT c FROM sbtest2 WHERE id=3111351
	Index Scan using sbtest2_pkey on sbtest2  (cost=0.43..8.45 rows=1 width=121)
	  Index Cond: (id = 3111351)

table 3 : explain SELECT c FROM sbtest3 WHERE id=6025599
	Index Scan using sbtest3_pkey on sbtest3  (cost=0.43..8.45 rows=1 width=121)
	  Index Cond: (id = 6025599)

table 4 : explain SELECT c FROM sbtest4 WHERE id=7657011
	Index Scan using sbtest4_pkey on sbtest4  (cost=0.43..8.45 rows=1 width=121)
	  Index Cond: (id = 7657011)

table 5 : explain SELECT c FROM sbtest5 WHERE id=2146122
	Index Scan using sbtest5_pkey on sbtest5  (cost=0.43..8.45 rows=1 width=121)
	  Index Cond: (id = 2146122)

table 6 : explain SELECT c FROM sbtest6 WHERE id=3231495
	Index Scan using sbtest6_pkey on sbtest6  (cost=0.43..8.45 rows=1 width=121)
	  Index Cond: (id = 3231495)

table 7 : explain SELECT c FROM sbtest7 WHERE id=4645280
	Index Scan using sbtest7_pkey on sbtest7  (cost=0.43..8.45 rows=1 width=121)
	  Index Cond: (id = 4645280)

table 8 : explain SELECT c FROM sbtest8 WHERE id=4006374
	Index Scan using sbtest8_pkey on sbtest8  (cost=0.43..8.45 rows=1 width=121)
	  Index Cond: (id = 4006374)

for: simple_ranges
table 1 : explain SELECT c FROM sbtest1 WHERE id BETWEEN 1356281 AND 1356380
	Index Scan using sbtest1_pkey on sbtest1  (cost=0.43..346.79 rows=88 width=121)
	  Index Cond: ((id >= 1356281) AND (id <= 1356380))

table 2 : explain SELECT c FROM sbtest2 WHERE id BETWEEN 7216693 AND 7216792
	Index Scan using sbtest2_pkey on sbtest2  (cost=0.43..446.78 rows=114 width=121)
	  Index Cond: ((id >= 7216693) AND (id <= 7216792))

table 3 : explain SELECT c FROM sbtest3 WHERE id BETWEEN 2548900 AND 2548999
	Index Scan using sbtest3_pkey on sbtest3  (cost=0.43..357.34 rows=91 width=121)
	  Index Cond: ((id >= 2548900) AND (id <= 2548999))

table 4 : explain SELECT c FROM sbtest4 WHERE id BETWEEN 3985125 AND 3985224
	Index Scan using sbtest4_pkey on sbtest4  (cost=0.43..373.02 rows=95 width=121)
	  Index Cond: ((id >= 3985125) AND (id <= 3985224))

table 5 : explain SELECT c FROM sbtest5 WHERE id BETWEEN 9436443 AND 9436542
	Index Scan using sbtest5_pkey on sbtest5  (cost=0.43..364.43 rows=93 width=121)
	  Index Cond: ((id >= 9436443) AND (id <= 9436542))

table 6 : explain SELECT c FROM sbtest6 WHERE id BETWEEN 5812717 AND 5812816
	Index Scan using sbtest6_pkey on sbtest6  (cost=0.43..380.40 rows=97 width=121)
	  Index Cond: ((id >= 5812717) AND (id <= 5812816))

table 7 : explain SELECT c FROM sbtest7 WHERE id BETWEEN 7778192 AND 7778291
	Index Scan using sbtest7_pkey on sbtest7  (cost=0.43..404.74 rows=103 width=121)
	  Index Cond: ((id >= 7778192) AND (id <= 7778291))

table 8 : explain SELECT c FROM sbtest8 WHERE id BETWEEN 1607394 AND 1607493
	Index Scan using sbtest8_pkey on sbtest8  (cost=0.43..423.55 rows=108 width=121)
	  Index Cond: ((id >= 1607394) AND (id <= 1607493))

for: order_ranges
table 1 : explain SELECT c FROM sbtest1 WHERE id BETWEEN 8189086 AND 8189185 ORDER BY c
	Sort  (cost=365.34..365.57 rows=92 width=121)
	  Sort Key: c
	  ->  Index Scan using sbtest1_pkey on sbtest1  (cost=0.43..362.34 rows=92 width=121)
	        Index Cond: ((id >= 8189086) AND (id <= 8189185))

table 2 : explain SELECT c FROM sbtest2 WHERE id BETWEEN 3154346 AND 3154445 ORDER BY c
	Sort  (cost=419.32..419.59 rows=106 width=121)
	  Sort Key: c
	  ->  Index Scan using sbtest2_pkey on sbtest2  (cost=0.43..415.75 rows=106 width=121)
	        Index Cond: ((id >= 3154346) AND (id <= 3154445))

table 3 : explain SELECT c FROM sbtest3 WHERE id BETWEEN 3135424 AND 3135523 ORDER BY c
	Sort  (cost=434.75..435.02 rows=110 width=121)
	  Sort Key: c
	  ->  Index Scan using sbtest3_pkey on sbtest3  (cost=0.43..431.02 rows=110 width=121)
	        Index Cond: ((id >= 3135424) AND (id <= 3135523))

table 4 : explain SELECT c FROM sbtest4 WHERE id BETWEEN 9884240 AND 9884339 ORDER BY c
	Sort  (cost=411.43..411.69 rows=104 width=121)
	  Sort Key: c
	  ->  Index Scan using sbtest4_pkey on sbtest4  (cost=0.43..407.95 rows=104 width=121)
	        Index Cond: ((id >= 9884240) AND (id <= 9884339))

table 5 : explain SELECT c FROM sbtest5 WHERE id BETWEEN 3465837 AND 3465936 ORDER BY c
	Sort  (cost=394.87..395.12 rows=100 width=121)
	  Sort Key: c
	  ->  Index Scan using sbtest5_pkey on sbtest5  (cost=0.43..391.55 rows=100 width=121)
	        Index Cond: ((id >= 3465837) AND (id <= 3465936))

table 6 : explain SELECT c FROM sbtest6 WHERE id BETWEEN 9413063 AND 9413162 ORDER BY c
	Sort  (cost=403.21..403.46 rows=102 width=121)
	  Sort Key: c
	  ->  Index Scan using sbtest6_pkey on sbtest6  (cost=0.43..399.81 rows=102 width=121)
	        Index Cond: ((id >= 9413063) AND (id <= 9413162))

table 7 : explain SELECT c FROM sbtest7 WHERE id BETWEEN 4345960 AND 4346059 ORDER BY c
	Sort  (cost=416.03..416.29 rows=105 width=121)
	  Sort Key: c
	  ->  Index Scan using sbtest7_pkey on sbtest7  (cost=0.43..412.50 rows=105 width=121)
	        Index Cond: ((id >= 4345960) AND (id <= 4346059))

table 8 : explain SELECT c FROM sbtest8 WHERE id BETWEEN 3561933 AND 3562032 ORDER BY c
	Sort  (cost=376.22..376.46 rows=95 width=121)
	  Sort Key: c
	  ->  Index Scan using sbtest8_pkey on sbtest8  (cost=0.43..373.10 rows=95 width=121)
	        Index Cond: ((id >= 3561933) AND (id <= 3562032))

for: simple_ranges
table 1 : explain SELECT c FROM sbtest1 WHERE id BETWEEN 5050756 AND 5050855
	Index Scan using sbtest1_pkey on sbtest1  (cost=0.43..397.34 rows=101 width=121)
	  Index Cond: ((id >= 5050756) AND (id <= 5050855))

table 2 : explain SELECT c FROM sbtest2 WHERE id BETWEEN 784391 AND 784490
	Index Scan using sbtest2_pkey on sbtest2  (cost=0.43..415.75 rows=106 width=121)
	  Index Cond: ((id >= 784391) AND (id <= 784490))

table 3 : explain SELECT c FROM sbtest3 WHERE id BETWEEN 9426 AND 9525
	Index Scan using sbtest3_pkey on sbtest3  (cost=0.43..380.60 rows=97 width=121)
	  Index Cond: ((id >= 9426) AND (id <= 9525))

table 4 : explain SELECT c FROM sbtest4 WHERE id BETWEEN 4178069 AND 4178168
	Index Scan using sbtest4_pkey on sbtest4  (cost=0.43..404.07 rows=103 width=121)
	  Index Cond: ((id >= 4178069) AND (id <= 4178168))

table 5 : explain SELECT c FROM sbtest5 WHERE id BETWEEN 9056520 AND 9056619
	Index Scan using sbtest5_pkey on sbtest5  (cost=0.43..403.16 rows=103 width=121)
	  Index Cond: ((id >= 9056520) AND (id <= 9056619))

table 6 : explain SELECT c FROM sbtest6 WHERE id BETWEEN 292626 AND 292725
	Index Scan using sbtest6_pkey on sbtest6  (cost=0.43..407.55 rows=104 width=121)
	  Index Cond: ((id >= 292626) AND (id <= 292725))

table 7 : explain SELECT c FROM sbtest7 WHERE id BETWEEN 6394671 AND 6394770
	Index Scan using sbtest7_pkey on sbtest7  (cost=0.43..361.98 rows=92 width=121)
	  Index Cond: ((id >= 6394671) AND (id <= 6394770))

table 8 : explain SELECT c FROM sbtest8 WHERE id BETWEEN 6558913 AND 6559012
	Index Scan using sbtest8_pkey on sbtest8  (cost=0.43..423.55 rows=108 width=121)
	  Index Cond: ((id >= 6558913) AND (id <= 6559012))

for: distinct_ranges
table 1 : explain SELECT DISTINCT c FROM sbtest1 WHERE id BETWEEN 7440071 AND 7440170 ORDER BY c
	Unique  (cost=428.23..428.77 rows=108 width=121)
	  ->  Sort  (cost=428.23..428.50 rows=108 width=121)
	        Sort Key: c
	        ->  Index Scan using sbtest1_pkey on sbtest1  (cost=0.43..424.59 rows=108 width=121)
	              Index Cond: ((id >= 7440071) AND (id <= 7440170))

table 2 : explain SELECT DISTINCT c FROM sbtest2 WHERE id BETWEEN 764556 AND 764655 ORDER BY c
	Unique  (cost=419.32..419.85 rows=106 width=121)
	  ->  Sort  (cost=419.32..419.59 rows=106 width=121)
	        Sort Key: c
	        ->  Index Scan using sbtest2_pkey on sbtest2  (cost=0.43..415.75 rows=106 width=121)
	              Index Cond: ((id >= 764556) AND (id <= 764655))

table 3 : explain SELECT DISTINCT c FROM sbtest3 WHERE id BETWEEN 4687010 AND 4687109 ORDER BY c
	Unique  (cost=391.63..392.13 rows=99 width=121)
	  ->  Sort  (cost=391.63..391.88 rows=99 width=121)
	        Sort Key: c
	        ->  Index Scan using sbtest3_pkey on sbtest3  (cost=0.43..388.35 rows=99 width=121)
	              Index Cond: ((id >= 4687010) AND (id <= 4687109))

table 4 : explain SELECT DISTINCT c FROM sbtest4 WHERE id BETWEEN 9821324 AND 9821423 ORDER BY c
	Unique  (cost=411.43..411.95 rows=104 width=121)
	  ->  Sort  (cost=411.43..411.69 rows=104 width=121)
	        Sort Key: c
	        ->  Index Scan using sbtest4_pkey on sbtest4  (cost=0.43..407.95 rows=104 width=121)
	              Index Cond: ((id >= 9821324) AND (id <= 9821423))

table 5 : explain SELECT DISTINCT c FROM sbtest5 WHERE id BETWEEN 3299410 AND 3299509 ORDER BY c
	Unique  (cost=379.20..379.68 rows=96 width=121)
	  ->  Sort  (cost=379.20..379.44 rows=96 width=121)
	        Sort Key: c
	        ->  Index Scan using sbtest5_pkey on sbtest5  (cost=0.43..376.04 rows=96 width=121)
	              Index Cond: ((id >= 3299410) AND (id <= 3299509))

table 6 : explain SELECT DISTINCT c FROM sbtest6 WHERE id BETWEEN 2767707 AND 2767806 ORDER BY c
	Unique  (cost=442.36..442.92 rows=112 width=121)
	  ->  Sort  (cost=442.36..442.64 rows=112 width=121)
	        Sort Key: c
	        ->  Index Scan using sbtest6_pkey on sbtest6  (cost=0.43..438.54 rows=112 width=121)
	              Index Cond: ((id >= 2767707) AND (id <= 2767806))

table 7 : explain SELECT DISTINCT c FROM sbtest7 WHERE id BETWEEN 4092960 AND 4093059 ORDER BY c
	Unique  (cost=376.75..377.22 rows=95 width=121)
	  ->  Sort  (cost=376.75..376.99 rows=95 width=121)
	        Sort Key: c
	        ->  Index Scan using sbtest7_pkey on sbtest7  (cost=0.43..373.63 rows=95 width=121)
	              Index Cond: ((id >= 4092960) AND (id <= 4093059))

table 8 : explain SELECT DISTINCT c FROM sbtest8 WHERE id BETWEEN 5973513 AND 5973612 ORDER BY c
	Unique  (cost=380.14..380.62 rows=96 width=121)
	  ->  Sort  (cost=380.14..380.38 rows=96 width=121)
	        Sort Key: c
	        ->  Index Scan using sbtest8_pkey on sbtest8  (cost=0.43..376.98 rows=96 width=121)
	              Index Cond: ((id >= 5973513) AND (id <= 5973612))

for point_selects
table 1 : explain SELECT c FROM sbtest1 WHERE id=8332570
	Index Scan using sbtest1_pkey on sbtest1  (cost=0.43..8.45 rows=1 width=121)
	  Index Cond: (id = 8332570)

table 2 : explain SELECT c FROM sbtest2 WHERE id=3348252
	Index Scan using sbtest2_pkey on sbtest2  (cost=0.43..8.45 rows=1 width=121)
	  Index Cond: (id = 3348252)

table 3 : explain SELECT c FROM sbtest3 WHERE id=8053811
	Index Scan using sbtest3_pkey on sbtest3  (cost=0.43..8.45 rows=1 width=121)
	  Index Cond: (id = 8053811)

table 4 : explain SELECT c FROM sbtest4 WHERE id=6498610
	Index Scan using sbtest4_pkey on sbtest4  (cost=0.43..8.45 rows=1 width=121)
	  Index Cond: (id = 6498610)

table 5 : explain SELECT c FROM sbtest5 WHERE id=2591985
	Index Scan using sbtest5_pkey on sbtest5  (cost=0.43..8.45 rows=1 width=121)
	  Index Cond: (id = 2591985)

table 6 : explain SELECT c FROM sbtest6 WHERE id=6843331
	Index Scan using sbtest6_pkey on sbtest6  (cost=0.43..8.45 rows=1 width=121)
	  Index Cond: (id = 6843331)

table 7 : explain SELECT c FROM sbtest7 WHERE id=1385968
	Index Scan using sbtest7_pkey on sbtest7  (cost=0.43..8.45 rows=1 width=121)
	  Index Cond: (id = 1385968)

table 8 : explain SELECT c FROM sbtest8 WHERE id=795619
	Index Scan using sbtest8_pkey on sbtest8  (cost=0.43..8.45 rows=1 width=121)
	  Index Cond: (id = 795619)

for inserts
table 1 : explain INSERT INTO sbtest1 (id, k, c, pad) VALUES (3646035, 13, 'foobar', 'foobar')
	Insert on sbtest1  (cost=0.00..0.01 rows=0 width=0)
	  ->  Result  (cost=0.00..0.01 rows=1 width=736)

table 2 : explain INSERT INTO sbtest2 (id, k, c, pad) VALUES (8640046, 13, 'foobar', 'foobar')
	Insert on sbtest2  (cost=0.00..0.01 rows=0 width=0)
	  ->  Result  (cost=0.00..0.01 rows=1 width=736)

table 3 : explain INSERT INTO sbtest3 (id, k, c, pad) VALUES (1525275, 13, 'foobar', 'foobar')
	Insert on sbtest3  (cost=0.00..0.01 rows=0 width=0)
	  ->  Result  (cost=0.00..0.01 rows=1 width=736)

table 4 : explain INSERT INTO sbtest4 (id, k, c, pad) VALUES (1271787, 13, 'foobar', 'foobar')
	Insert on sbtest4  (cost=0.00..0.01 rows=0 width=0)
	  ->  Result  (cost=0.00..0.01 rows=1 width=736)

table 5 : explain INSERT INTO sbtest5 (id, k, c, pad) VALUES (2107666, 13, 'foobar', 'foobar')
	Insert on sbtest5  (cost=0.00..0.01 rows=0 width=0)
	  ->  Result  (cost=0.00..0.01 rows=1 width=736)

table 6 : explain INSERT INTO sbtest6 (id, k, c, pad) VALUES (8155890, 13, 'foobar', 'foobar')
	Insert on sbtest6  (cost=0.00..0.01 rows=0 width=0)
	  ->  Result  (cost=0.00..0.01 rows=1 width=736)

table 7 : explain INSERT INTO sbtest7 (id, k, c, pad) VALUES (5782268, 13, 'foobar', 'foobar')
	Insert on sbtest7  (cost=0.00..0.01 rows=0 width=0)
	  ->  Result  (cost=0.00..0.01 rows=1 width=736)

table 8 : explain INSERT INTO sbtest8 (id, k, c, pad) VALUES (3802689, 13, 'foobar', 'foobar')
	Insert on sbtest8  (cost=0.00..0.01 rows=0 width=0)
	  ->  Result  (cost=0.00..0.01 rows=1 width=736)

explain: for point_selects :: explain SELECT c FROM sbtest%u WHERE id=%u
explain: for point_selects :: explain SELECT c FROM sbtest%u WHERE id=%u
explain: for index_updates :: explain UPDATE sbtest%u SET k=k+1 WHERE id=%u
for: order_ranges
table 1 : explain SELECT c FROM sbtest1 WHERE id BETWEEN 5022511 AND 5022610 ORDER BY c
	Sort  (cost=400.70..400.95 rows=101 width=121)
	  Sort Key: c
	  ->  Index Scan using sbtest1_pkey on sbtest1  (cost=0.43..397.34 rows=101 width=121)
	        Index Cond: ((id >= 5022511) AND (id <= 5022610))

table 2 : explain SELECT c FROM sbtest2 WHERE id BETWEEN 453714 AND 453813 ORDER BY c
	Sort  (cost=395.77..396.02 rows=100 width=121)
	  Sort Key: c
	  ->  Index Scan using sbtest2_pkey on sbtest2  (cost=0.43..392.45 rows=100 width=121)
	        Index Cond: ((id >= 453714) AND (id <= 453813))

table 3 : explain SELECT c FROM sbtest3 WHERE id BETWEEN 6771574 AND 6771673 ORDER BY c
	Sort  (cost=372.05..372.29 rows=94 width=121)
	  Sort Key: c
	  ->  Index Scan using sbtest3_pkey on sbtest3  (cost=0.43..368.97 rows=94 width=121)
	        Index Cond: ((id >= 6771574) AND (id <= 6771673))

table 4 : explain SELECT c FROM sbtest4 WHERE id BETWEEN 8133325 AND 8133424 ORDER BY c
	Sort  (cost=423.19..423.46 rows=107 width=121)
	  Sort Key: c
	  ->  Index Scan using sbtest4_pkey on sbtest4  (cost=0.43..419.58 rows=107 width=121)
	        Index Cond: ((id >= 8133325) AND (id <= 8133424))

table 5 : explain SELECT c FROM sbtest5 WHERE id BETWEEN 6505075 AND 6505174 ORDER BY c
	Sort  (cost=383.11..383.35 rows=97 width=121)
	  Sort Key: c
	  ->  Index Scan using sbtest5_pkey on sbtest5  (cost=0.43..379.91 rows=97 width=121)
	        Index Cond: ((id >= 6505075) AND (id <= 6505174))

table 6 : explain SELECT c FROM sbtest6 WHERE id BETWEEN 6739426 AND 6739525 ORDER BY c
	Sort  (cost=450.19..450.47 rows=114 width=121)
	  Sort Key: c
	  ->  Index Scan using sbtest6_pkey on sbtest6  (cost=0.43..446.29 rows=114 width=121)
	        Index Cond: ((id >= 6739426) AND (id <= 6739525))

table 7 : explain SELECT c FROM sbtest7 WHERE id BETWEEN 6453671 AND 6453770 ORDER BY c
	Sort  (cost=404.25..404.51 rows=102 width=121)
	  Sort Key: c
	  ->  Index Scan using sbtest7_pkey on sbtest7  (cost=0.43..400.85 rows=102 width=121)
	        Index Cond: ((id >= 6453671) AND (id <= 6453770))

table 8 : explain SELECT c FROM sbtest8 WHERE id BETWEEN 639234 AND 639333 ORDER BY c
	Sort  (cost=387.98..388.22 rows=98 width=121)
	  Sort Key: c
	  ->  Index Scan using sbtest8_pkey on sbtest8  (cost=0.43..384.73 rows=98 width=121)
	        Index Cond: ((id >= 639234) AND (id <= 639333))

for: simple_ranges
table 1 : explain SELECT c FROM sbtest1 WHERE id BETWEEN 5910419 AND 5910518
	Index Scan using sbtest1_pkey on sbtest1  (cost=0.43..432.36 rows=110 width=121)
	  Index Cond: ((id >= 5910419) AND (id <= 5910518))

table 2 : explain SELECT c FROM sbtest2 WHERE id BETWEEN 8645373 AND 8645472
	Index Scan using sbtest2_pkey on sbtest2  (cost=0.43..388.57 rows=99 width=121)
	  Index Cond: ((id >= 8645373) AND (id <= 8645472))

table 3 : explain SELECT c FROM sbtest3 WHERE id BETWEEN 3314934 AND 3315033
	Index Scan using sbtest3_pkey on sbtest3  (cost=0.43..400.01 rows=102 width=121)
	  Index Cond: ((id >= 3314934) AND (id <= 3315033))

table 4 : explain SELECT c FROM sbtest4 WHERE id BETWEEN 7103554 AND 7103653
	Index Scan using sbtest4_pkey on sbtest4  (cost=0.43..404.07 rows=103 width=121)
	  Index Cond: ((id >= 7103554) AND (id <= 7103653))

table 5 : explain SELECT c FROM sbtest5 WHERE id BETWEEN 1091951 AND 1092050
	Index Scan using sbtest5_pkey on sbtest5  (cost=0.43..383.78 rows=98 width=121)
	  Index Cond: ((id >= 1091951) AND (id <= 1092050))

table 6 : explain SELECT c FROM sbtest6 WHERE id BETWEEN 6228731 AND 6228830
	Index Scan using sbtest6_pkey on sbtest6  (cost=0.43..361.03 rows=92 width=121)
	  Index Cond: ((id >= 6228731) AND (id <= 6228830))

table 7 : explain SELECT c FROM sbtest7 WHERE id BETWEEN 7764184 AND 7764283
	Index Scan using sbtest7_pkey on sbtest7  (cost=0.43..404.74 rows=103 width=121)
	  Index Cond: ((id >= 7764184) AND (id <= 7764283))

table 8 : explain SELECT c FROM sbtest8 WHERE id BETWEEN 7706428 AND 7706527
	Index Scan using sbtest8_pkey on sbtest8  (cost=0.43..419.68 rows=107 width=121)
	  Index Cond: ((id >= 7706428) AND (id <= 7706527))

for: distinct_ranges
table 1 : explain SELECT DISTINCT c FROM sbtest1 WHERE id BETWEEN 7598489 AND 7598588 ORDER BY c
	Unique  (cost=384.98..385.47 rows=97 width=121)
	  ->  Sort  (cost=384.98..385.23 rows=97 width=121)
	        Sort Key: c
	        ->  Index Scan using sbtest1_pkey on sbtest1  (cost=0.43..381.78 rows=97 width=121)
	              Index Cond: ((id >= 7598489) AND (id <= 7598588))

table 2 : explain SELECT DISTINCT c FROM sbtest2 WHERE id BETWEEN 3211193 AND 3211292 ORDER BY c
	Unique  (cost=419.32..419.85 rows=106 width=121)
	  ->  Sort  (cost=419.32..419.59 rows=106 width=121)
	        Sort Key: c
	        ->  Index Scan using sbtest2_pkey on sbtest2  (cost=0.43..415.75 rows=106 width=121)
	              Index Cond: ((id >= 3211193) AND (id <= 3211292))

table 3 : explain SELECT DISTINCT c FROM sbtest3 WHERE id BETWEEN 3917867 AND 3917966 ORDER BY c
	Unique  (cost=403.42..403.93 rows=102 width=121)
	  ->  Sort  (cost=403.42..403.67 rows=102 width=121)
	        Sort Key: c
	        ->  Index Scan using sbtest3_pkey on sbtest3  (cost=0.43..400.01 rows=102 width=121)
	              Index Cond: ((id >= 3917867) AND (id <= 3917966))

table 4 : explain SELECT DISTINCT c FROM sbtest4 WHERE id BETWEEN 7833724 AND 7833823 ORDER BY c
	Unique  (cost=387.89..388.38 rows=98 width=121)
	  ->  Sort  (cost=387.89..388.14 rows=98 width=121)
	        Sort Key: c
	        ->  Index Scan using sbtest4_pkey on sbtest4  (cost=0.43..384.65 rows=98 width=121)
	              Index Cond: ((id >= 7833724) AND (id <= 7833823))

table 5 : explain SELECT DISTINCT c FROM sbtest5 WHERE id BETWEEN 1779533 AND 1779632 ORDER BY c
	Unique  (cost=379.20..379.68 rows=96 width=121)
	  ->  Sort  (cost=379.20..379.44 rows=96 width=121)
	        Sort Key: c
	        ->  Index Scan using sbtest5_pkey on sbtest5  (cost=0.43..376.04 rows=96 width=121)
	              Index Cond: ((id >= 1779533) AND (id <= 1779632))

table 6 : explain SELECT DISTINCT c FROM sbtest6 WHERE id BETWEEN 8596627 AND 8596726 ORDER BY c
	Unique  (cost=411.04..411.56 rows=104 width=121)
	  ->  Sort  (cost=411.04..411.30 rows=104 width=121)
	        Sort Key: c
	        ->  Index Scan using sbtest6_pkey on sbtest6  (cost=0.43..407.55 rows=104 width=121)
	              Index Cond: ((id >= 8596627) AND (id <= 8596726))

table 7 : explain SELECT DISTINCT c FROM sbtest7 WHERE id BETWEEN 1385279 AND 1385378 ORDER BY c
	Unique  (cost=400.33..400.83 rows=101 width=121)
	  ->  Sort  (cost=400.33..400.58 rows=101 width=121)
	        Sort Key: c
	        ->  Index Scan using sbtest7_pkey on sbtest7  (cost=0.43..396.97 rows=101 width=121)
	              Index Cond: ((id >= 1385279) AND (id <= 1385378))

table 8 : explain SELECT DISTINCT c FROM sbtest8 WHERE id BETWEEN 6417560 AND 6417659 ORDER BY c
	Unique  (cost=384.06..384.54 rows=97 width=121)
	  ->  Sort  (cost=384.06..384.30 rows=97 width=121)
	        Sort Key: c
	        ->  Index Scan using sbtest8_pkey on sbtest8  (cost=0.43..380.86 rows=97 width=121)
	              Index Cond: ((id >= 6417560) AND (id <= 6417659))

for point_selects
table 1 : explain SELECT c FROM sbtest1 WHERE id=5843409
	Index Scan using sbtest1_pkey on sbtest1  (cost=0.43..8.45 rows=1 width=121)
	  Index Cond: (id = 5843409)

table 2 : explain SELECT c FROM sbtest2 WHERE id=7641939
	Index Scan using sbtest2_pkey on sbtest2  (cost=0.43..8.45 rows=1 width=121)
	  Index Cond: (id = 7641939)

table 3 : explain SELECT c FROM sbtest3 WHERE id=7629491
	Index Scan using sbtest3_pkey on sbtest3  (cost=0.43..8.45 rows=1 width=121)
	  Index Cond: (id = 7629491)

table 4 : explain SELECT c FROM sbtest4 WHERE id=6972358
	Index Scan using sbtest4_pkey on sbtest4  (cost=0.43..8.45 rows=1 width=121)
	  Index Cond: (id = 6972358)

table 5 : explain SELECT c FROM sbtest5 WHERE id=3331945
	Index Scan using sbtest5_pkey on sbtest5  (cost=0.43..8.45 rows=1 width=121)
	  Index Cond: (id = 3331945)

table 6 : explain SELECT c FROM sbtest6 WHERE id=5762475
	Index Scan using sbtest6_pkey on sbtest6  (cost=0.43..8.45 rows=1 width=121)
	  Index Cond: (id = 5762475)

table 7 : explain SELECT c FROM sbtest7 WHERE id=1156701
	Index Scan using sbtest7_pkey on sbtest7  (cost=0.43..8.45 rows=1 width=121)
	  Index Cond: (id = 1156701)

table 8 : explain SELECT c FROM sbtest8 WHERE id=4142915
	Index Scan using sbtest8_pkey on sbtest8  (cost=0.43..8.45 rows=1 width=121)
	  Index Cond: (id = 4142915)

for: distinct_ranges
table 1 : explain SELECT DISTINCT c FROM sbtest1 WHERE id BETWEEN 7182400 AND 7182499 ORDER BY c
	Unique  (cost=443.95..444.51 rows=112 width=121)
	  ->  Sort  (cost=443.95..444.23 rows=112 width=121)
	        Sort Key: c
	        ->  Index Scan using sbtest1_pkey on sbtest1  (cost=0.43..440.14 rows=112 width=121)
	              Index Cond: ((id >= 7182400) AND (id <= 7182499))

table 2 : explain SELECT DISTINCT c FROM sbtest2 WHERE id BETWEEN 8769097 AND 8769196 ORDER BY c
	Unique  (cost=387.94..388.43 rows=98 width=121)
	  ->  Sort  (cost=387.94..388.18 rows=98 width=121)
	        Sort Key: c
	        ->  Index Scan using sbtest2_pkey on sbtest2  (cost=0.43..384.69 rows=98 width=121)
	              Index Cond: ((id >= 8769097) AND (id <= 8769196))

table 3 : explain SELECT DISTINCT c FROM sbtest3 WHERE id BETWEEN 8682744 AND 8682843 ORDER BY c
	Unique  (cost=391.63..392.13 rows=99 width=121)
	  ->  Sort  (cost=391.63..391.88 rows=99 width=121)
	        Sort Key: c
	        ->  Index Scan using sbtest3_pkey on sbtest3  (cost=0.43..388.35 rows=99 width=121)
	              Index Cond: ((id >= 8682744) AND (id <= 8682843))

table 4 : explain SELECT DISTINCT c FROM sbtest4 WHERE id BETWEEN 3587605 AND 3587704 ORDER BY c
	Unique  (cost=395.76..396.26 rows=100 width=121)
	  ->  Sort  (cost=395.76..396.01 rows=100 width=121)
	        Sort Key: c
	        ->  Index Scan using sbtest4_pkey on sbtest4  (cost=0.43..392.44 rows=100 width=121)
	              Index Cond: ((id >= 3587605) AND (id <= 3587704))

table 5 : explain SELECT DISTINCT c FROM sbtest5 WHERE id BETWEEN 8093914 AND 8094013 ORDER BY c
	Unique  (cost=383.11..383.59 rows=97 width=121)
	  ->  Sort  (cost=383.11..383.35 rows=97 width=121)
	        Sort Key: c
	        ->  Index Scan using sbtest5_pkey on sbtest5  (cost=0.43..379.91 rows=97 width=121)
	              Index Cond: ((id >= 8093914) AND (id <= 8094013))

table 6 : explain SELECT DISTINCT c FROM sbtest6 WHERE id BETWEEN 5322222 AND 5322321 ORDER BY c
	Unique  (cost=434.53..435.08 rows=110 width=121)
	  ->  Sort  (cost=434.53..434.80 rows=110 width=121)
	        Sort Key: c
	        ->  Index Scan using sbtest6_pkey on sbtest6  (cost=0.43..430.80 rows=110 width=121)
	              Index Cond: ((id >= 5322222) AND (id <= 5322321))

table 7 : explain SELECT DISTINCT c FROM sbtest7 WHERE id BETWEEN 3594827 AND 3594926 ORDER BY c
	Unique  (cost=376.75..377.22 rows=95 width=121)
	  ->  Sort  (cost=376.75..376.99 rows=95 width=121)
	        Sort Key: c
	        ->  Index Scan using sbtest7_pkey on sbtest7  (cost=0.43..373.63 rows=95 width=121)
	              Index Cond: ((id >= 3594827) AND (id <= 3594926))

table 8 : explain SELECT DISTINCT c FROM sbtest8 WHERE id BETWEEN 8780668 AND 8780767 ORDER BY c
	Unique  (cost=407.61..408.12 rows=103 width=121)
	  ->  Sort  (cost=407.61..407.86 rows=103 width=121)
	        Sort Key: c
	        ->  Index Scan using sbtest8_pkey on sbtest8  (cost=0.43..404.16 rows=103 width=121)
	              Index Cond: ((id >= 8780668) AND (id <= 8780767))

explain: for index_updates :: explain UPDATE sbtest%u SET k=k+1 WHERE id=%u
for: sum_ranges
table 1 : explain SELECT SUM(k) FROM sbtest1 WHERE id BETWEEN 2487439 AND 2487538
	Aggregate  (cost=409.29..409.30 rows=1 width=8)
	  ->  Index Scan using sbtest1_pkey on sbtest1  (cost=0.43..409.03 rows=104 width=4)
	        Index Cond: ((id >= 2487439) AND (id <= 2487538))

table 2 : explain SELECT SUM(k) FROM sbtest2 WHERE id BETWEEN 673832 AND 673931
	Aggregate  (cost=365.54..365.55 rows=1 width=8)
	  ->  Index Scan using sbtest2_pkey on sbtest2  (cost=0.43..365.30 rows=93 width=4)
	        Index Cond: ((id >= 673832) AND (id <= 673931))

table 3 : explain SELECT SUM(k) FROM sbtest3 WHERE id BETWEEN 9639897 AND 9639996
	Aggregate  (cost=369.21..369.22 rows=1 width=8)
	  ->  Index Scan using sbtest3_pkey on sbtest3  (cost=0.43..368.97 rows=94 width=4)
	        Index Cond: ((id >= 9639897) AND (id <= 9639996))

table 4 : explain SELECT SUM(k) FROM sbtest4 WHERE id BETWEEN 9212009 AND 9212108
	Aggregate  (cost=384.89..384.90 rows=1 width=8)
	  ->  Index Scan using sbtest4_pkey on sbtest4  (cost=0.43..384.65 rows=98 width=4)
	        Index Cond: ((id >= 9212009) AND (id <= 9212108))

table 5 : explain SELECT SUM(k) FROM sbtest5 WHERE id BETWEEN 9424522 AND 9424621
	Aggregate  (cost=364.67..364.68 rows=1 width=8)
	  ->  Index Scan using sbtest5_pkey on sbtest5  (cost=0.43..364.43 rows=93 width=4)
	        Index Cond: ((id >= 9424522) AND (id <= 9424621))

table 6 : explain SELECT SUM(k) FROM sbtest6 WHERE id BETWEEN 6890560 AND 6890659
	Aggregate  (cost=392.31..392.32 rows=1 width=8)
	  ->  Index Scan using sbtest6_pkey on sbtest6  (cost=0.43..392.06 rows=100 width=4)
	        Index Cond: ((id >= 6890560) AND (id <= 6890659))

table 7 : explain SELECT SUM(k) FROM sbtest7 WHERE id BETWEEN 9636077 AND 9636176
	Aggregate  (cost=420.54..420.55 rows=1 width=8)
	  ->  Index Scan using sbtest7_pkey on sbtest7  (cost=0.43..420.27 rows=107 width=4)
	        Index Cond: ((id >= 9636077) AND (id <= 9636176))

table 8 : explain SELECT SUM(k) FROM sbtest8 WHERE id BETWEEN 4958293 AND 4958392
	Aggregate  (cost=396.66..396.67 rows=1 width=8)
	  ->  Index Scan using sbtest8_pkey on sbtest8  (cost=0.43..396.41 rows=101 width=4)
	        Index Cond: ((id >= 4958293) AND (id <= 4958392))

for: sum_ranges
table 1 : explain SELECT SUM(k) FROM sbtest1 WHERE id BETWEEN 8831776 AND 8831875
	Aggregate  (cost=370.35..370.36 rows=1 width=8)
	  ->  Index Scan using sbtest1_pkey on sbtest1  (cost=0.43..370.12 rows=94 width=4)
	        Index Cond: ((id >= 8831776) AND (id <= 8831875))

table 2 : explain SELECT SUM(k) FROM sbtest2 WHERE id BETWEEN 183830 AND 183929
	Aggregate  (cost=396.62..396.63 rows=1 width=8)
	  ->  Index Scan using sbtest2_pkey on sbtest2  (cost=0.43..396.36 rows=101 width=4)
	        Index Cond: ((id >= 183830) AND (id <= 183929))

table 3 : explain SELECT SUM(k) FROM sbtest3 WHERE id BETWEEN 1933961 AND 1934060
	Aggregate  (cost=435.17..435.18 rows=1 width=8)
	  ->  Index Scan using sbtest3_pkey on sbtest3  (cost=0.43..434.89 rows=111 width=4)
	        Index Cond: ((id >= 1933961) AND (id <= 1934060))

table 4 : explain SELECT SUM(k) FROM sbtest4 WHERE id BETWEEN 2215153 AND 2215252
	Aggregate  (cost=396.57..396.58 rows=1 width=8)
	  ->  Index Scan using sbtest4_pkey on sbtest4  (cost=0.43..396.32 rows=101 width=4)
	        Index Cond: ((id >= 2215153) AND (id <= 2215252))

table 5 : explain SELECT SUM(k) FROM sbtest5 WHERE id BETWEEN 7544752 AND 7544851
	Aggregate  (cost=415.03..415.04 rows=1 width=8)
	  ->  Index Scan using sbtest5_pkey on sbtest5  (cost=0.43..414.76 rows=106 width=4)
	        Index Cond: ((id >= 7544752) AND (id <= 7544851))

table 6 : explain SELECT SUM(k) FROM sbtest6 WHERE id BETWEEN 6356506 AND 6356605
	Aggregate  (cost=396.19..396.20 rows=1 width=8)
	  ->  Index Scan using sbtest6_pkey on sbtest6  (cost=0.43..395.93 rows=101 width=4)
	        Index Cond: ((id >= 6356506) AND (id <= 6356605))

table 7 : explain SELECT SUM(k) FROM sbtest7 WHERE id BETWEEN 5702677 AND 5702776
	Aggregate  (cost=420.54..420.55 rows=1 width=8)
	  ->  Index Scan using sbtest7_pkey on sbtest7  (cost=0.43..420.27 rows=107 width=4)
	        Index Cond: ((id >= 5702677) AND (id <= 5702776))

table 8 : explain SELECT SUM(k) FROM sbtest8 WHERE id BETWEEN 6036096 AND 6036195
	Aggregate  (cost=377.22..377.23 rows=1 width=8)
	  ->  Index Scan using sbtest8_pkey on sbtest8  (cost=0.43..376.98 rows=96 width=4)
	        Index Cond: ((id >= 6036096) AND (id <= 6036195))

for: distinct_ranges
table 1 : explain SELECT DISTINCT c FROM sbtest1 WHERE id BETWEEN 4546847 AND 4546946 ORDER BY c
	Unique  (cost=420.37..420.90 rows=106 width=121)
	  ->  Sort  (cost=420.37..420.64 rows=106 width=121)
	        Sort Key: c
	        ->  Index Scan using sbtest1_pkey on sbtest1  (cost=0.43..416.81 rows=106 width=121)
	              Index Cond: ((id >= 4546847) AND (id <= 4546946))

table 2 : explain SELECT DISTINCT c FROM sbtest2 WHERE id BETWEEN 4628851 AND 4628950 ORDER BY c
	Unique  (cost=376.18..376.66 rows=95 width=121)
	  ->  Sort  (cost=376.18..376.42 rows=95 width=121)
	        Sort Key: c
	        ->  Index Scan using sbtest2_pkey on sbtest2  (cost=0.43..373.06 rows=95 width=121)
	              Index Cond: ((id >= 4628851) AND (id <= 4628950))

table 3 : explain SELECT DISTINCT c FROM sbtest3 WHERE id BETWEEN 7740917 AND 7741016 ORDER BY c
	Unique  (cost=395.55..396.05 rows=100 width=121)
	  ->  Sort  (cost=395.55..395.80 rows=100 width=121)
	        Sort Key: c
	        ->  Index Scan using sbtest3_pkey on sbtest3  (cost=0.43..392.23 rows=100 width=121)
	              Index Cond: ((id >= 7740917) AND (id <= 7741016))

table 4 : explain SELECT DISTINCT c FROM sbtest4 WHERE id BETWEEN 2055432 AND 2055531 ORDER BY c
	Unique  (cost=391.81..392.30 rows=99 width=121)
	  ->  Sort  (cost=391.81..392.06 rows=99 width=121)
	        Sort Key: c
	        ->  Index Scan using sbtest4_pkey on sbtest4  (cost=0.43..388.53 rows=99 width=121)
	              Index Cond: ((id >= 2055432) AND (id <= 2055531))

table 5 : explain SELECT DISTINCT c FROM sbtest5 WHERE id BETWEEN 4390536 AND 4390635 ORDER BY c
	Unique  (cost=359.66..360.11 rows=91 width=121)
	  ->  Sort  (cost=359.66..359.88 rows=91 width=121)
	        Sort Key: c
	        ->  Index Scan using sbtest5_pkey on sbtest5  (cost=0.43..356.70 rows=91 width=121)
	              Index Cond: ((id >= 4390536) AND (id <= 4390635))

table 6 : explain SELECT DISTINCT c FROM sbtest6 WHERE id BETWEEN 1037561 AND 1037660 ORDER BY c
	Unique  (cost=426.70..427.24 rows=108 width=121)
	  ->  Sort  (cost=426.70..426.97 rows=108 width=121)
	        Sort Key: c
	        ->  Index Scan using sbtest6_pkey on sbtest6  (cost=0.43..423.05 rows=108 width=121)
	              Index Cond: ((id >= 1037561) AND (id <= 1037660))

table 7 : explain SELECT DISTINCT c FROM sbtest7 WHERE id BETWEEN 228621 AND 228720 ORDER BY c
	Unique  (cost=412.10..412.62 rows=104 width=121)
	  ->  Sort  (cost=412.10..412.36 rows=104 width=121)
	        Sort Key: c
	        ->  Index Scan using sbtest7_pkey on sbtest7  (cost=0.43..408.62 rows=104 width=121)
	              Index Cond: ((id >= 228621) AND (id <= 228720))

table 8 : explain SELECT DISTINCT c FROM sbtest8 WHERE id BETWEEN 124490 AND 124589 ORDER BY c
	Unique  (cost=380.14..380.62 rows=96 width=121)
	  ->  Sort  (cost=380.14..380.38 rows=96 width=121)
	        Sort Key: c
	        ->  Index Scan using sbtest8_pkey on sbtest8  (cost=0.43..376.98 rows=96 width=121)
	              Index Cond: ((id >= 124490) AND (id <= 124589))

explain: for index_updates :: explain UPDATE sbtest%u SET k=k+1 WHERE id=%u
for: sum_ranges
table 1 : explain SELECT SUM(k) FROM sbtest1 WHERE id BETWEEN 3065437 AND 3065536
	Aggregate  (cost=424.86..424.87 rows=1 width=8)
	  ->  Index Scan using sbtest1_pkey on sbtest1  (cost=0.43..424.59 rows=108 width=4)
	        Index Cond: ((id >= 3065437) AND (id <= 3065536))

table 2 : explain SELECT SUM(k) FROM sbtest2 WHERE id BETWEEN 5151953 AND 5152052
	Aggregate  (cost=377.18..377.19 rows=1 width=8)
	  ->  Index Scan using sbtest2_pkey on sbtest2  (cost=0.43..376.94 rows=96 width=4)
	        Index Cond: ((id >= 5151953) AND (id <= 5152052))

table 3 : explain SELECT SUM(k) FROM sbtest3 WHERE id BETWEEN 1392076 AND 1392175
	Aggregate  (cost=408.02..408.03 rows=1 width=8)
	  ->  Index Scan using sbtest3_pkey on sbtest3  (cost=0.43..407.76 rows=104 width=4)
	        Index Cond: ((id >= 1392076) AND (id <= 1392175))

table 4 : explain SELECT SUM(k) FROM sbtest4 WHERE id BETWEEN 27131 AND 27230
	Aggregate  (cost=415.97..415.98 rows=1 width=8)
	  ->  Index Scan using sbtest4_pkey on sbtest4  (cost=0.43..415.71 rows=106 width=4)
	        Index Cond: ((id >= 27131) AND (id <= 27230))

table 5 : explain SELECT SUM(k) FROM sbtest5 WHERE id BETWEEN 1811185 AND 1811284
	Aggregate  (cost=380.15..380.16 rows=1 width=8)
	  ->  Index Scan using sbtest5_pkey on sbtest5  (cost=0.43..379.91 rows=97 width=4)
	        Index Cond: ((id >= 1811185) AND (id <= 1811284))

table 6 : explain SELECT SUM(k) FROM sbtest6 WHERE id BETWEEN 3681072 AND 3681171
	Aggregate  (cost=392.31..392.32 rows=1 width=8)
	  ->  Index Scan using sbtest6_pkey on sbtest6  (cost=0.43..392.06 rows=100 width=4)
	        Index Cond: ((id >= 3681072) AND (id <= 3681171))

table 7 : explain SELECT SUM(k) FROM sbtest7 WHERE id BETWEEN 3831159 AND 3831258
	Aggregate  (cost=381.64..381.65 rows=1 width=8)
	  ->  Index Scan using sbtest7_pkey on sbtest7  (cost=0.43..381.40 rows=97 width=4)
	        Index Cond: ((id >= 3831159) AND (id <= 3831258))

table 8 : explain SELECT SUM(k) FROM sbtest8 WHERE id BETWEEN 6933887 AND 6933986
	Aggregate  (cost=377.22..377.23 rows=1 width=8)
	  ->  Index Scan using sbtest8_pkey on sbtest8  (cost=0.43..376.98 rows=96 width=4)
	        Index Cond: ((id >= 6933887) AND (id <= 6933986))

for: sum_ranges
table 1 : explain SELECT SUM(k) FROM sbtest1 WHERE id BETWEEN 952053 AND 952152
	Aggregate  (cost=405.40..405.41 rows=1 width=8)
	  ->  Index Scan using sbtest1_pkey on sbtest1  (cost=0.43..405.14 rows=103 width=4)
	        Index Cond: ((id >= 952053) AND (id <= 952152))

table 2 : explain SELECT SUM(k) FROM sbtest2 WHERE id BETWEEN 3437606 AND 3437705
	Aggregate  (cost=322.85..322.86 rows=1 width=8)
	  ->  Index Scan using sbtest2_pkey on sbtest2  (cost=0.43..322.65 rows=82 width=4)
	        Index Cond: ((id >= 3437606) AND (id <= 3437705))

table 3 : explain SELECT SUM(k) FROM sbtest3 WHERE id BETWEEN 4270881 AND 4270980
	Aggregate  (cost=384.72..384.73 rows=1 width=8)
	  ->  Index Scan using sbtest3_pkey on sbtest3  (cost=0.43..384.47 rows=98 width=4)
	        Index Cond: ((id >= 4270881) AND (id <= 4270980))

table 4 : explain SELECT SUM(k) FROM sbtest4 WHERE id BETWEEN 5569124 AND 5569223
	Aggregate  (cost=412.09..412.10 rows=1 width=8)
	  ->  Index Scan using sbtest4_pkey on sbtest4  (cost=0.43..411.83 rows=105 width=4)
	        Index Cond: ((id >= 5569124) AND (id <= 5569223))

table 5 : explain SELECT SUM(k) FROM sbtest5 WHERE id BETWEEN 4314495 AND 4314594
	Aggregate  (cost=380.15..380.16 rows=1 width=8)
	  ->  Index Scan using sbtest5_pkey on sbtest5  (cost=0.43..379.91 rows=97 width=4)
	        Index Cond: ((id >= 4314495) AND (id <= 4314594))

table 6 : explain SELECT SUM(k) FROM sbtest6 WHERE id BETWEEN 3750426 AND 3750525
	Aggregate  (cost=388.43..388.44 rows=1 width=8)
	  ->  Index Scan using sbtest6_pkey on sbtest6  (cost=0.43..388.19 rows=99 width=4)
	        Index Cond: ((id >= 3750426) AND (id <= 3750525))

table 7 : explain SELECT SUM(k) FROM sbtest7 WHERE id BETWEEN 7818629 AND 7818728
	Aggregate  (cost=401.11..401.12 rows=1 width=8)
	  ->  Index Scan using sbtest7_pkey on sbtest7  (cost=0.43..400.85 rows=102 width=4)
	        Index Cond: ((id >= 7818629) AND (id <= 7818728))

table 8 : explain SELECT SUM(k) FROM sbtest8 WHERE id BETWEEN 7181597 AND 7181696
	Aggregate  (cost=416.06..416.07 rows=1 width=8)
	  ->  Index Scan using sbtest8_pkey on sbtest8  (cost=0.43..415.80 rows=106 width=4)
	        Index Cond: ((id >= 7181597) AND (id <= 7181696))

for point_selects
table 1 : explain SELECT c FROM sbtest1 WHERE id=8441211
	Index Scan using sbtest1_pkey on sbtest1  (cost=0.43..8.45 rows=1 width=121)
	  Index Cond: (id = 8441211)

table 2 : explain SELECT c FROM sbtest2 WHERE id=5031108
	Index Scan using sbtest2_pkey on sbtest2  (cost=0.43..8.45 rows=1 width=121)
	  Index Cond: (id = 5031108)

table 3 : explain SELECT c FROM sbtest3 WHERE id=3459423
	Index Scan using sbtest3_pkey on sbtest3  (cost=0.43..8.45 rows=1 width=121)
	  Index Cond: (id = 3459423)

table 4 : explain SELECT c FROM sbtest4 WHERE id=4321128
	Index Scan using sbtest4_pkey on sbtest4  (cost=0.43..8.45 rows=1 width=121)
	  Index Cond: (id = 4321128)

table 5 : explain SELECT c FROM sbtest5 WHERE id=9005949
	Index Scan using sbtest5_pkey on sbtest5  (cost=0.43..8.45 rows=1 width=121)
	  Index Cond: (id = 9005949)

table 6 : explain SELECT c FROM sbtest6 WHERE id=1999083
	Index Scan using sbtest6_pkey on sbtest6  (cost=0.43..8.45 rows=1 width=121)
	  Index Cond: (id = 1999083)

table 7 : explain SELECT c FROM sbtest7 WHERE id=8152726
	Index Scan using sbtest7_pkey on sbtest7  (cost=0.43..8.45 rows=1 width=121)
	  Index Cond: (id = 8152726)

table 8 : explain SELECT c FROM sbtest8 WHERE id=9186962
	Index Scan using sbtest8_pkey on sbtest8  (cost=0.43..8.45 rows=1 width=121)
	  Index Cond: (id = 9186962)
for point_selects
table 1 : explain SELECT c FROM sbtest1 WHERE id=3782635
	Index Scan using sbtest1_pkey on sbtest1  (cost=0.43..8.45 rows=1 width=121)
	  Index Cond: (id = 3782635)

table 2 : explain SELECT c FROM sbtest2 WHERE id=2413977
	Index Scan using sbtest2_pkey on sbtest2  (cost=0.43..8.45 rows=1 width=121)
	  Index Cond: (id = 2413977)

table 3 : explain SELECT c FROM sbtest3 WHERE id=3581981
	Index Scan using sbtest3_pkey on sbtest3  (cost=0.43..8.45 rows=1 width=121)
	  Index Cond: (id = 3581981)

table 4 : explain SELECT c FROM sbtest4 WHERE id=2016765
	Index Scan using sbtest4_pkey on sbtest4  (cost=0.43..8.45 rows=1 width=121)
	  Index Cond: (id = 2016765)

table 5 : explain SELECT c FROM sbtest5 WHERE id=556158
	Index Scan using sbtest5_pkey on sbtest5  (cost=0.43..8.45 rows=1 width=121)
	  Index Cond: (id = 556158)

table 6 : explain SELECT c FROM sbtest6 WHERE id=7176136
	Index Scan using sbtest6_pkey on sbtest6  (cost=0.43..8.45 rows=1 width=121)
	  Index Cond: (id = 7176136)

table 7 : explain SELECT c FROM sbtest7 WHERE id=5252743
	Index Scan using sbtest7_pkey on sbtest7  (cost=0.43..8.45 rows=1 width=121)
	  Index Cond: (id = 5252743)

table 8 : explain SELECT c FROM sbtest8 WHERE id=2400382
	Index Scan using sbtest8_pkey on sbtest8  (cost=0.43..8.45 rows=1 width=121)
	  Index Cond: (id = 2400382)


for: distinct_ranges
table 1 : explain SELECT DISTINCT c FROM sbtest1 WHERE id BETWEEN 6331122 AND 6331221 ORDER BY c
	Unique  (cost=357.49..357.94 rows=90 width=121)
	  ->  Sort  (cost=357.49..357.71 rows=90 width=121)
	        Sort Key: c
	        ->  Index Scan using sbtest1_pkey on sbtest1  (cost=0.43..354.57 rows=90 width=121)
	              Index Cond: ((id >= 6331122) AND (id <= 6331221))

table 2 : explain SELECT DISTINCT c FROM sbtest2 WHERE id BETWEEN 1007850 AND 1007949 ORDER BY c
	Unique  (cost=407.56..408.08 rows=103 width=121)
	  ->  Sort  (cost=407.56..407.82 rows=103 width=121)
	        Sort Key: c
	        ->  Index Scan using sbtest2_pkey on sbtest2  (cost=0.43..404.12 rows=103 width=121)
	              Index Cond: ((id >= 1007850) AND (id <= 1007949))

table 3 : explain SELECT DISTINCT c FROM sbtest3 WHERE id BETWEEN 646460 AND 646559 ORDER BY c
	Unique  (cost=379.88..380.36 rows=96 width=121)
	  ->  Sort  (cost=379.88..380.12 rows=96 width=121)
	        Sort Key: c
	        ->  Index Scan using sbtest3_pkey on sbtest3  (cost=0.43..376.72 rows=96 width=121)
	              Index Cond: ((id >= 646460) AND (id <= 646559))

table 4 : explain SELECT DISTINCT c FROM sbtest4 WHERE id BETWEEN 4269368 AND 4269467 ORDER BY c
	Unique  (cost=395.76..396.26 rows=100 width=121)
	  ->  Sort  (cost=395.76..396.01 rows=100 width=121)
	        Sort Key: c
	        ->  Index Scan using sbtest4_pkey on sbtest4  (cost=0.43..392.44 rows=100 width=121)
	              Index Cond: ((id >= 4269368) AND (id <= 4269467))

table 5 : explain SELECT DISTINCT c FROM sbtest5 WHERE id BETWEEN 4892267 AND 4892366 ORDER BY c
	Unique  (cost=375.29..375.77 rows=95 width=121)
	  ->  Sort  (cost=375.29..375.53 rows=95 width=121)
	        Sort Key: c
	        ->  Index Scan using sbtest5_pkey on sbtest5  (cost=0.43..372.17 rows=95 width=121)
	              Index Cond: ((id >= 4892267) AND (id <= 4892366))

table 6 : explain SELECT DISTINCT c FROM sbtest6 WHERE id BETWEEN 4480696 AND 4480795 ORDER BY c
	Unique  (cost=375.78..376.25 rows=95 width=121)
	  ->  Sort  (cost=375.78..376.01 rows=95 width=121)
	        Sort Key: c
	        ->  Index Scan using sbtest6_pkey on sbtest6  (cost=0.43..372.65 rows=95 width=121)
	              Index Cond: ((id >= 4480696) AND (id <= 4480795))

table 7 : explain SELECT DISTINCT c FROM sbtest7 WHERE id BETWEEN 4204490 AND 4204589 ORDER BY c
	Unique  (cost=392.48..392.98 rows=99 width=121)
	  ->  Sort  (cost=392.48..392.73 rows=99 width=121)
	        Sort Key: c
	        ->  Index Scan using sbtest7_pkey on sbtest7  (cost=0.43..389.20 rows=99 width=121)
	              Index Cond: ((id >= 4204490) AND (id <= 4204589))

table 8 : explain SELECT DISTINCT c FROM sbtest8 WHERE id BETWEEN 2294695 AND 2294794 ORDER BY c
	Unique  (cost=423.28..423.82 rows=107 width=121)
	  ->  Sort  (cost=423.28..423.55 rows=107 width=121)
	        Sort Key: c
	        ->  Index Scan using sbtest8_pkey on sbtest8  (cost=0.43..419.68 rows=107 width=121)
	              Index Cond: ((id >= 2294695) AND (id <= 2294794))

for index_updates
table 1 : explain UPDATE sbtest1 SET k=k+1 WHERE id=1997030
	Update on sbtest1  (cost=0.43..8.46 rows=0 width=0)
	  ->  Index Scan using sbtest1_pkey on sbtest1  (cost=0.43..8.46 rows=1 width=10)
	        Index Cond: (id = 1997030)

table 2 : explain UPDATE sbtest2 SET k=k+1 WHERE id=5127749
	Update on sbtest2  (cost=0.43..8.46 rows=0 width=0)
	  ->  Index Scan using sbtest2_pkey on sbtest2  (cost=0.43..8.46 rows=1 width=10)
	        Index Cond: (id = 5127749)

table 3 : explain UPDATE sbtest3 SET k=k+1 WHERE id=7424717
	Update on sbtest3  (cost=0.43..8.46 rows=0 width=0)
	  ->  Index Scan using sbtest3_pkey on sbtest3  (cost=0.43..8.46 rows=1 width=10)
	        Index Cond: (id = 7424717)

table 4 : explain UPDATE sbtest4 SET k=k+1 WHERE id=6931248
	Update on sbtest4  (cost=0.43..8.46 rows=0 width=0)
	  ->  Index Scan using sbtest4_pkey on sbtest4  (cost=0.43..8.46 rows=1 width=10)
	        Index Cond: (id = 6931248)

table 5 : explain UPDATE sbtest5 SET k=k+1 WHERE id=6231019
	Update on sbtest5  (cost=0.43..8.46 rows=0 width=0)
	  ->  Index Scan using sbtest5_pkey on sbtest5  (cost=0.43..8.46 rows=1 width=10)
	        Index Cond: (id = 6231019)

table 6 : explain UPDATE sbtest6 SET k=k+1 WHERE id=3546858
	Update on sbtest6  (cost=0.43..8.46 rows=0 width=0)
	  ->  Index Scan using sbtest6_pkey on sbtest6  (cost=0.43..8.46 rows=1 width=10)
	        Index Cond: (id = 3546858)

table 7 : explain UPDATE sbtest7 SET k=k+1 WHERE id=8895465
	Update on sbtest7  (cost=0.43..8.46 rows=0 width=0)
	  ->  Index Scan using sbtest7_pkey on sbtest7  (cost=0.43..8.46 rows=1 width=10)
	        Index Cond: (id = 8895465)

table 8 : explain UPDATE sbtest8 SET k=k+1 WHERE id=5948255
	Update on sbtest8  (cost=0.43..8.46 rows=0 width=0)
	  ->  Index Scan using sbtest8_pkey on sbtest8  (cost=0.43..8.46 rows=1 width=10)
	        Index Cond: (id = 5948255)

for: sum_ranges
table 1 : explain SELECT SUM(k) FROM sbtest1 WHERE id BETWEEN 7604835 AND 7604934
	Aggregate  (cost=382.03..382.04 rows=1 width=8)
	  ->  Index Scan using sbtest1_pkey on sbtest1  (cost=0.43..381.78 rows=97 width=4)
	        Index Cond: ((id >= 7604835) AND (id <= 7604934))

table 2 : explain SELECT SUM(k) FROM sbtest2 WHERE id BETWEEN 220796 AND 220895
	Aggregate  (cost=396.62..396.63 rows=1 width=8)
	  ->  Index Scan using sbtest2_pkey on sbtest2  (cost=0.43..396.36 rows=101 width=4)
	        Index Cond: ((id >= 220796) AND (id <= 220895))

table 3 : explain SELECT SUM(k) FROM sbtest3 WHERE id BETWEEN 8903157 AND 8903256
	Aggregate  (cost=400.27..400.28 rows=1 width=8)
	  ->  Index Scan using sbtest3_pkey on sbtest3  (cost=0.43..400.01 rows=102 width=4)
	        Index Cond: ((id >= 8903157) AND (id <= 8903256))

table 4 : explain SELECT SUM(k) FROM sbtest4 WHERE id BETWEEN 5341318 AND 5341417
	Aggregate  (cost=400.45..400.46 rows=1 width=8)
	  ->  Index Scan using sbtest4_pkey on sbtest4  (cost=0.43..400.20 rows=102 width=4)
	        Index Cond: ((id >= 5341318) AND (id <= 5341417))

table 5 : explain SELECT SUM(k) FROM sbtest5 WHERE id BETWEEN 2960640 AND 2960739
	Aggregate  (cost=376.28..376.29 rows=1 width=8)
	  ->  Index Scan using sbtest5_pkey on sbtest5  (cost=0.43..376.04 rows=96 width=4)
	        Index Cond: ((id >= 2960640) AND (id <= 2960739))

table 6 : explain SELECT SUM(k) FROM sbtest6 WHERE id BETWEEN 8866636 AND 8866735
	Aggregate  (cost=365.14..365.15 rows=1 width=8)
	  ->  Index Scan using sbtest6_pkey on sbtest6  (cost=0.43..364.91 rows=93 width=4)
	        Index Cond: ((id >= 8866636) AND (id <= 8866735))

table 7 : explain SELECT SUM(k) FROM sbtest7 WHERE id BETWEEN 5974116 AND 5974215
	Aggregate  (cost=366.09..366.10 rows=1 width=8)
	  ->  Index Scan using sbtest7_pkey on sbtest7  (cost=0.43..365.86 rows=93 width=4)
	        Index Cond: ((id >= 5974116) AND (id <= 5974215))

table 8 : explain SELECT SUM(k) FROM sbtest8 WHERE id BETWEEN 4745471 AND 4745570
	Aggregate  (cost=400.54..400.55 rows=1 width=8)
	  ->  Index Scan using sbtest8_pkey on sbtest8  (cost=0.43..400.28 rows=102 width=4)
	        Index Cond: ((id >= 4745471) AND (id <= 4745570))

explain: for index_updates :: explain UPDATE sbtest%u SET k=k+1 WHERE id=%u
explain: for index_updates :: explain UPDATE sbtest%u SET k=k+1 WHERE id=%u
for: simple_ranges
table 1 : explain SELECT c FROM sbtest1 WHERE id BETWEEN 9056137 AND 9056236
	Index Scan using sbtest1_pkey on sbtest1  (cost=0.43..424.59 rows=108 width=121)
	  Index Cond: ((id >= 9056137) AND (id <= 9056236))

table 2 : explain SELECT c FROM sbtest2 WHERE id BETWEEN 3271924 AND 3272023
	Index Scan using sbtest2_pkey on sbtest2  (cost=0.43..423.51 rows=108 width=121)
	  Index Cond: ((id >= 3271924) AND (id <= 3272023))

table 3 : explain SELECT c FROM sbtest3 WHERE id BETWEEN 7822381 AND 7822480
	Index Scan using sbtest3_pkey on sbtest3  (cost=0.43..415.52 rows=106 width=121)
	  Index Cond: ((id >= 7822381) AND (id <= 7822480))

table 4 : explain SELECT c FROM sbtest4 WHERE id BETWEEN 2998010 AND 2998109
	Index Scan using sbtest4_pkey on sbtest4  (cost=0.43..357.51 rows=91 width=121)
	  Index Cond: ((id >= 2998010) AND (id <= 2998109))

table 5 : explain SELECT c FROM sbtest5 WHERE id BETWEEN 5577634 AND 5577733
	Index Scan using sbtest5_pkey on sbtest5  (cost=0.43..418.63 rows=107 width=121)
	  Index Cond: ((id >= 5577634) AND (id <= 5577733))

table 6 : explain SELECT c FROM sbtest6 WHERE id BETWEEN 8035408 AND 8035507
	Index Scan using sbtest6_pkey on sbtest6  (cost=0.43..423.05 rows=108 width=121)
	  Index Cond: ((id >= 8035408) AND (id <= 8035507))

table 7 : explain SELECT c FROM sbtest7 WHERE id BETWEEN 1953073 AND 1953172
	Index Scan using sbtest7_pkey on sbtest7  (cost=0.43..400.85 rows=102 width=121)
	  Index Cond: ((id >= 1953073) AND (id <= 1953172))

table 8 : explain SELECT c FROM sbtest8 WHERE id BETWEEN 9939882 AND 9939981
	Index Scan using sbtest8_pkey on sbtest8  (cost=0.43..400.28 rows=102 width=121)
	  Index Cond: ((id >= 9939882) AND (id <= 9939981))

for index_updates
table 1 : explain UPDATE sbtest1 SET k=k+1 WHERE id=6990170
	Update on sbtest1  (cost=0.43..8.46 rows=0 width=0)
	  ->  Index Scan using sbtest1_pkey on sbtest1  (cost=0.43..8.46 rows=1 width=10)
	        Index Cond: (id = 6990170)

table 2 : explain UPDATE sbtest2 SET k=k+1 WHERE id=3236603
	Update on sbtest2  (cost=0.43..8.46 rows=0 width=0)
	  ->  Index Scan using sbtest2_pkey on sbtest2  (cost=0.43..8.46 rows=1 width=10)
	        Index Cond: (id = 3236603)

table 3 : explain UPDATE sbtest3 SET k=k+1 WHERE id=7500965
	Update on sbtest3  (cost=0.43..8.46 rows=0 width=0)
	  ->  Index Scan using sbtest3_pkey on sbtest3  (cost=0.43..8.46 rows=1 width=10)
	        Index Cond: (id = 7500965)

table 4 : explain UPDATE sbtest4 SET k=k+1 WHERE id=2177175
	Update on sbtest4  (cost=0.43..8.46 rows=0 width=0)
	  ->  Index Scan using sbtest4_pkey on sbtest4  (cost=0.43..8.46 rows=1 width=10)
	        Index Cond: (id = 2177175)

table 5 : explain UPDATE sbtest5 SET k=k+1 WHERE id=7218870
	Update on sbtest5  (cost=0.43..8.46 rows=0 width=0)
	  ->  Index Scan using sbtest5_pkey on sbtest5  (cost=0.43..8.46 rows=1 width=10)
	        Index Cond: (id = 7218870)

table 6 : explain UPDATE sbtest6 SET k=k+1 WHERE id=1003317
	Update on sbtest6  (cost=0.43..8.46 rows=0 width=0)
	  ->  Index Scan using sbtest6_pkey on sbtest6  (cost=0.43..8.46 rows=1 width=10)
	        Index Cond: (id = 1003317)

table 7 : explain UPDATE sbtest7 SET k=k+1 WHERE id=5061111
	Update on sbtest7  (cost=0.43..8.46 rows=0 width=0)
	  ->  Index Scan using sbtest7_pkey on sbtest7  (cost=0.43..8.46 rows=1 width=10)
	        Index Cond: (id = 5061111)

table 8 : explain UPDATE sbtest8 SET k=k+1 WHERE id=6063020
	Update on sbtest8  (cost=0.43..8.46 rows=0 width=0)
	  ->  Index Scan using sbtest8_pkey on sbtest8  (cost=0.43..8.46 rows=1 width=10)
	        Index Cond: (id = 6063020)

explain: for non_index_updates :: explain UPDATE sbtest%u SET c='foobar' WHERE id=%u
explain: for point_selects :: explain SELECT c FROM sbtest%u WHERE id=%u
for point_selects
table 1 : explain SELECT c FROM sbtest1 WHERE id=2982465
	Index Scan using sbtest1_pkey on sbtest1  (cost=0.43..8.45 rows=1 width=121)
	  Index Cond: (id = 2982465)

table 2 : explain SELECT c FROM sbtest2 WHERE id=8570193
	Index Scan using sbtest2_pkey on sbtest2  (cost=0.43..8.45 rows=1 width=121)
	  Index Cond: (id = 8570193)

table 3 : explain SELECT c FROM sbtest3 WHERE id=8909466
	Index Scan using sbtest3_pkey on sbtest3  (cost=0.43..8.45 rows=1 width=121)
	  Index Cond: (id = 8909466)

table 4 : explain SELECT c FROM sbtest4 WHERE id=7800341
	Index Scan using sbtest4_pkey on sbtest4  (cost=0.43..8.45 rows=1 width=121)
	  Index Cond: (id = 7800341)

table 5 : explain SELECT c FROM sbtest5 WHERE id=6617918
	Index Scan using sbtest5_pkey on sbtest5  (cost=0.43..8.45 rows=1 width=121)
	  Index Cond: (id = 6617918)

table 6 : explain SELECT c FROM sbtest6 WHERE id=6481550
	Index Scan using sbtest6_pkey on sbtest6  (cost=0.43..8.45 rows=1 width=121)
	  Index Cond: (id = 6481550)

table 7 : explain SELECT c FROM sbtest7 WHERE id=9116101
	Index Scan using sbtest7_pkey on sbtest7  (cost=0.43..8.45 rows=1 width=121)
	  Index Cond: (id = 9116101)

table 8 : explain SELECT c FROM sbtest8 WHERE id=4922171
	Index Scan using sbtest8_pkey on sbtest8  (cost=0.43..8.45 rows=1 width=121)
	  Index Cond: (id = 4922171)

for point_selects
table 1 : explain SELECT c FROM sbtest1 WHERE id=282500
	Index Scan using sbtest1_pkey on sbtest1  (cost=0.43..8.45 rows=1 width=121)
	  Index Cond: (id = 282500)

table 2 : explain SELECT c FROM sbtest2 WHERE id=7386915
	Index Scan using sbtest2_pkey on sbtest2  (cost=0.43..8.45 rows=1 width=121)
	  Index Cond: (id = 7386915)

table 3 : explain SELECT c FROM sbtest3 WHERE id=5223972
	Index Scan using sbtest3_pkey on sbtest3  (cost=0.43..8.45 rows=1 width=121)
	  Index Cond: (id = 5223972)

table 4 : explain SELECT c FROM sbtest4 WHERE id=9819785
	Index Scan using sbtest4_pkey on sbtest4  (cost=0.43..8.45 rows=1 width=121)
	  Index Cond: (id = 9819785)

table 5 : explain SELECT c FROM sbtest5 WHERE id=5505253
	Index Scan using sbtest5_pkey on sbtest5  (cost=0.43..8.45 rows=1 width=121)
	  Index Cond: (id = 5505253)

table 6 : explain SELECT c FROM sbtest6 WHERE id=5443664
	Index Scan using sbtest6_pkey on sbtest6  (cost=0.43..8.45 rows=1 width=121)
	  Index Cond: (id = 5443664)

table 7 : explain SELECT c FROM sbtest7 WHERE id=5035956
	Index Scan using sbtest7_pkey on sbtest7  (cost=0.43..8.45 rows=1 width=121)
	  Index Cond: (id = 5035956)

table 8 : explain SELECT c FROM sbtest8 WHERE id=6707244
	Index Scan using sbtest8_pkey on sbtest8  (cost=0.43..8.45 rows=1 width=121)
	  Index Cond: (id = 6707244)

explain: for point_selects :: explain SELECT c FROM sbtest%u WHERE id=%u
explain: for non_index_updates :: explain UPDATE sbtest%u SET c='foobar' WHERE id=%u
for: order_ranges
table 1 : explain SELECT c FROM sbtest1 WHERE id BETWEEN 8838953 AND 8839052 ORDER BY c
	Sort  (cost=373.20..373.43 rows=94 width=121)
	  Sort Key: c
	  ->  Index Scan using sbtest1_pkey on sbtest1  (cost=0.43..370.12 rows=94 width=121)
	        Index Cond: ((id >= 8838953) AND (id <= 8839052))

table 2 : explain SELECT c FROM sbtest2 WHERE id BETWEEN 2273301 AND 2273400 ORDER BY c
	Sort  (cost=380.10..380.34 rows=96 width=121)
	  Sort Key: c
	  ->  Index Scan using sbtest2_pkey on sbtest2  (cost=0.43..376.94 rows=96 width=121)
	        Index Cond: ((id >= 2273301) AND (id <= 2273400))

table 3 : explain SELECT c FROM sbtest3 WHERE id BETWEEN 8642156 AND 8642255 ORDER BY c
	Sort  (cost=391.63..391.88 rows=99 width=121)
	  Sort Key: c
	  ->  Index Scan using sbtest3_pkey on sbtest3  (cost=0.43..388.35 rows=99 width=121)
	        Index Cond: ((id >= 8642156) AND (id <= 8642255))

table 4 : explain SELECT c FROM sbtest4 WHERE id BETWEEN 4121047 AND 4121146 ORDER BY c
	Sort  (cost=407.52..407.77 rows=103 width=121)
	  Sort Key: c
	  ->  Index Scan using sbtest4_pkey on sbtest4  (cost=0.43..404.07 rows=103 width=121)
	        Index Cond: ((id >= 4121047) AND (id <= 4121146))

table 5 : explain SELECT c FROM sbtest5 WHERE id BETWEEN 2564525 AND 2564624 ORDER BY c
	Sort  (cost=383.11..383.35 rows=97 width=121)
	  Sort Key: c
	  ->  Index Scan using sbtest5_pkey on sbtest5  (cost=0.43..379.91 rows=97 width=121)
	        Index Cond: ((id >= 2564525) AND (id <= 2564624))

table 6 : explain SELECT c FROM sbtest6 WHERE id BETWEEN 5645768 AND 5645867 ORDER BY c
	Sort  (cost=375.78..376.01 rows=95 width=121)
	  Sort Key: c
	  ->  Index Scan using sbtest6_pkey on sbtest6  (cost=0.43..372.65 rows=95 width=121)
	        Index Cond: ((id >= 5645768) AND (id <= 5645867))

table 7 : explain SELECT c FROM sbtest7 WHERE id BETWEEN 5412334 AND 5412433 ORDER BY c
	Sort  (cost=404.25..404.51 rows=102 width=121)
	  Sort Key: c
	  ->  Index Scan using sbtest7_pkey on sbtest7  (cost=0.43..400.85 rows=102 width=121)
	        Index Cond: ((id >= 5412334) AND (id <= 5412433))

table 8 : explain SELECT c FROM sbtest8 WHERE id BETWEEN 9042184 AND 9042283 ORDER BY c
	Sort  (cost=399.77..400.02 rows=101 width=121)
	  Sort Key: c
	  ->  Index Scan using sbtest8_pkey on sbtest8  (cost=0.43..396.41 rows=101 width=121)
	        Index Cond: ((id >= 9042184) AND (id <= 9042283))

for: simple_ranges
table 1 : explain SELECT c FROM sbtest1 WHERE id BETWEEN 9238027 AND 9238126
	Index Scan using sbtest1_pkey on sbtest1  (cost=0.43..405.14 rows=103 width=121)
	  Index Cond: ((id >= 9238027) AND (id <= 9238126))

table 2 : explain SELECT c FROM sbtest2 WHERE id BETWEEN 4120632 AND 4120731
	Index Scan using sbtest2_pkey on sbtest2  (cost=0.43..400.24 rows=102 width=121)
	  Index Cond: ((id >= 4120632) AND (id <= 4120731))

table 3 : explain SELECT c FROM sbtest3 WHERE id BETWEEN 963310 AND 963409
	Index Scan using sbtest3_pkey on sbtest3  (cost=0.43..365.09 rows=93 width=121)
	  Index Cond: ((id >= 963310) AND (id <= 963409))

table 4 : explain SELECT c FROM sbtest4 WHERE id BETWEEN 908712 AND 908811
	Index Scan using sbtest4_pkey on sbtest4  (cost=0.43..435.09 rows=111 width=121)
	  Index Cond: ((id >= 908712) AND (id <= 908811))

table 5 : explain SELECT c FROM sbtest5 WHERE id BETWEEN 1672080 AND 1672179
	Index Scan using sbtest5_pkey on sbtest5  (cost=0.43..430.24 rows=110 width=121)
	  Index Cond: ((id >= 1672080) AND (id <= 1672179))

table 6 : explain SELECT c FROM sbtest6 WHERE id BETWEEN 8580465 AND 8580564
	Index Scan using sbtest6_pkey on sbtest6  (cost=0.43..407.55 rows=104 width=121)
	  Index Cond: ((id >= 8580465) AND (id <= 8580564))

table 7 : explain SELECT c FROM sbtest7 WHERE id BETWEEN 2527620 AND 2527719
	Index Scan using sbtest7_pkey on sbtest7  (cost=0.43..404.74 rows=103 width=121)
	  Index Cond: ((id >= 2527620) AND (id <= 2527719))

table 8 : explain SELECT c FROM sbtest8 WHERE id BETWEEN 5079286 AND 5079385
	Index Scan using sbtest8_pkey on sbtest8  (cost=0.43..396.41 rows=101 width=121)
	  Index Cond: ((id >= 5079286) AND (id <= 5079385))

for: order_ranges
table 1 : explain SELECT c FROM sbtest1 WHERE id BETWEEN 4123691 AND 4123790 ORDER BY c
	Sort  (cost=463.60..463.89 rows=117 width=121)
	  Sort Key: c
	  ->  Index Scan using sbtest1_pkey on sbtest1  (cost=0.43..459.58 rows=117 width=121)
	        Index Cond: ((id >= 4123691) AND (id <= 4123790))

table 2 : explain SELECT c FROM sbtest2 WHERE id BETWEEN 5860898 AND 5860997 ORDER BY c
	Sort  (cost=427.16..427.43 rows=108 width=121)
	  Sort Key: c
	  ->  Index Scan using sbtest2_pkey on sbtest2  (cost=0.43..423.51 rows=108 width=121)
	        Index Cond: ((id >= 5860898) AND (id <= 5860997))

table 3 : explain SELECT c FROM sbtest3 WHERE id BETWEEN 3648843 AND 3648942 ORDER BY c
	Sort  (cost=415.16..415.43 rows=105 width=121)
	  Sort Key: c
	  ->  Index Scan using sbtest3_pkey on sbtest3  (cost=0.43..411.64 rows=105 width=121)
	        Index Cond: ((id >= 3648843) AND (id <= 3648942))

table 4 : explain SELECT c FROM sbtest4 WHERE id BETWEEN 5522792 AND 5522891 ORDER BY c
	Sort  (cost=415.35..415.62 rows=105 width=121)
	  Sort Key: c
	  ->  Index Scan using sbtest4_pkey on sbtest4  (cost=0.43..411.83 rows=105 width=121)
	        Index Cond: ((id >= 5522792) AND (id <= 5522891))

table 5 : explain SELECT c FROM sbtest5 WHERE id BETWEEN 6478382 AND 6478481 ORDER BY c
	Sort  (cost=383.11..383.35 rows=97 width=121)
	  Sort Key: c
	  ->  Index Scan using sbtest5_pkey on sbtest5  (cost=0.43..379.91 rows=97 width=121)
	        Index Cond: ((id >= 6478382) AND (id <= 6478481))

table 6 : explain SELECT c FROM sbtest6 WHERE id BETWEEN 70653 AND 70752 ORDER BY c
	Sort  (cost=422.78..423.05 rows=107 width=121)
	  Sort Key: c
	  ->  Index Scan using sbtest6_pkey on sbtest6  (cost=0.43..419.18 rows=107 width=121)
	        Index Cond: ((id >= 70653) AND (id <= 70752))

table 7 : explain SELECT c FROM sbtest7 WHERE id BETWEEN 9229194 AND 9229293 ORDER BY c
	Sort  (cost=376.75..376.99 rows=95 width=121)
	  Sort Key: c
	  ->  Index Scan using sbtest7_pkey on sbtest7  (cost=0.43..373.63 rows=95 width=121)
	        Index Cond: ((id >= 9229194) AND (id <= 9229293))

table 8 : explain SELECT c FROM sbtest8 WHERE id BETWEEN 1100817 AND 1100916 ORDER BY c
	Sort  (cost=415.44..415.71 rows=105 width=121)
	  Sort Key: c
	  ->  Index Scan using sbtest8_pkey on sbtest8  (cost=0.43..411.92 rows=105 width=121)
	        Index Cond: ((id >= 1100817) AND (id <= 1100916))

for: simple_ranges
table 1 : explain SELECT c FROM sbtest1 WHERE id BETWEEN 5191082 AND 5191181
	Index Scan using sbtest1_pkey on sbtest1  (cost=0.43..401.22 rows=102 width=121)
	  Index Cond: ((id >= 5191082) AND (id <= 5191181))

table 2 : explain SELECT c FROM sbtest2 WHERE id BETWEEN 1101515 AND 1101614
	Index Scan using sbtest2_pkey on sbtest2  (cost=0.43..396.36 rows=101 width=121)
	  Index Cond: ((id >= 1101515) AND (id <= 1101614))

table 3 : explain SELECT c FROM sbtest3 WHERE id BETWEEN 7241024 AND 7241123
	Index Scan using sbtest3_pkey on sbtest3  (cost=0.43..489.15 rows=125 width=121)
	  Index Cond: ((id >= 7241024) AND (id <= 7241123))

table 4 : explain SELECT c FROM sbtest4 WHERE id BETWEEN 2502926 AND 2503025
	Index Scan using sbtest4_pkey on sbtest4  (cost=0.43..411.83 rows=105 width=121)
	  Index Cond: ((id >= 2502926) AND (id <= 2503025))

table 5 : explain SELECT c FROM sbtest5 WHERE id BETWEEN 4178054 AND 4178153
	Index Scan using sbtest5_pkey on sbtest5  (cost=0.43..399.29 rows=102 width=121)
	  Index Cond: ((id >= 4178054) AND (id <= 4178153))

table 6 : explain SELECT c FROM sbtest6 WHERE id BETWEEN 8170906 AND 8171005
	Index Scan using sbtest6_pkey on sbtest6  (cost=0.43..426.92 rows=109 width=121)
	  Index Cond: ((id >= 8170906) AND (id <= 8171005))

table 7 : explain SELECT c FROM sbtest7 WHERE id BETWEEN 1580892 AND 1580991
	Index Scan using sbtest7_pkey on sbtest7  (cost=0.43..361.98 rows=92 width=121)
	  Index Cond: ((id >= 1580892) AND (id <= 1580991))

table 8 : explain SELECT c FROM sbtest8 WHERE id BETWEEN 5050590 AND 5050689
	Index Scan using sbtest8_pkey on sbtest8  (cost=0.43..396.41 rows=101 width=121)
	  Index Cond: ((id >= 5050590) AND (id <= 5050689))

for: simple_ranges
table 1 : explain SELECT c FROM sbtest1 WHERE id BETWEEN 2155303 AND 2155402
	Index Scan using sbtest1_pkey on sbtest1  (cost=0.43..385.67 rows=98 width=121)
	  Index Cond: ((id >= 2155303) AND (id <= 2155402))

table 2 : explain SELECT c FROM sbtest2 WHERE id BETWEEN 9030862 AND 9030961
	Index Scan using sbtest2_pkey on sbtest2  (cost=0.43..408.00 rows=104 width=121)
	  Index Cond: ((id >= 9030862) AND (id <= 9030961))

table 3 : explain SELECT c FROM sbtest3 WHERE id BETWEEN 8633622 AND 8633721
	Index Scan using sbtest3_pkey on sbtest3  (cost=0.43..388.35 rows=99 width=121)
	  Index Cond: ((id >= 8633622) AND (id <= 8633721))

table 4 : explain SELECT c FROM sbtest4 WHERE id BETWEEN 7789618 AND 7789717
	Index Scan using sbtest4_pkey on sbtest4  (cost=0.43..376.89 rows=96 width=121)
	  Index Cond: ((id >= 7789618) AND (id <= 7789717))

table 5 : explain SELECT c FROM sbtest5 WHERE id BETWEEN 3675719 AND 3675818
	Index Scan using sbtest5_pkey on sbtest5  (cost=0.43..360.56 rows=92 width=121)
	  Index Cond: ((id >= 3675719) AND (id <= 3675818))

table 6 : explain SELECT c FROM sbtest6 WHERE id BETWEEN 7235706 AND 7235805
	Index Scan using sbtest6_pkey on sbtest6  (cost=0.43..361.03 rows=92 width=121)
	  Index Cond: ((id >= 7235706) AND (id <= 7235805))

table 7 : explain SELECT c FROM sbtest7 WHERE id BETWEEN 9315452 AND 9315551
	Index Scan using sbtest7_pkey on sbtest7  (cost=0.43..373.63 rows=95 width=121)
	  Index Cond: ((id >= 9315452) AND (id <= 9315551))

table 8 : explain SELECT c FROM sbtest8 WHERE id BETWEEN 3204654 AND 3204753
	Index Scan using sbtest8_pkey on sbtest8  (cost=0.43..373.10 rows=95 width=121)
	  Index Cond: ((id >= 3204654) AND (id <= 3204753))

for index_updates
table 1 : explain UPDATE sbtest1 SET k=k+1 WHERE id=1079685
	Update on sbtest1  (cost=0.43..8.46 rows=0 width=0)
	  ->  Index Scan using sbtest1_pkey on sbtest1  (cost=0.43..8.46 rows=1 width=10)
	        Index Cond: (id = 1079685)

table 2 : explain UPDATE sbtest2 SET k=k+1 WHERE id=7734661
	Update on sbtest2  (cost=0.43..8.46 rows=0 width=0)
	  ->  Index Scan using sbtest2_pkey on sbtest2  (cost=0.43..8.46 rows=1 width=10)
	        Index Cond: (id = 7734661)

table 3 : explain UPDATE sbtest3 SET k=k+1 WHERE id=7115910
	Update on sbtest3  (cost=0.43..8.46 rows=0 width=0)
	  ->  Index Scan using sbtest3_pkey on sbtest3  (cost=0.43..8.46 rows=1 width=10)
	        Index Cond: (id = 7115910)

table 4 : explain UPDATE sbtest4 SET k=k+1 WHERE id=7692064
	Update on sbtest4  (cost=0.43..8.46 rows=0 width=0)
	  ->  Index Scan using sbtest4_pkey on sbtest4  (cost=0.43..8.46 rows=1 width=10)
	        Index Cond: (id = 7692064)

table 5 : explain UPDATE sbtest5 SET k=k+1 WHERE id=9428061
	Update on sbtest5  (cost=0.43..8.46 rows=0 width=0)
	  ->  Index Scan using sbtest5_pkey on sbtest5  (cost=0.43..8.46 rows=1 width=10)
	        Index Cond: (id = 9428061)

table 6 : explain UPDATE sbtest6 SET k=k+1 WHERE id=9170871
	Update on sbtest6  (cost=0.43..8.46 rows=0 width=0)
	  ->  Index Scan using sbtest6_pkey on sbtest6  (cost=0.43..8.46 rows=1 width=10)
	        Index Cond: (id = 9170871)

table 7 : explain UPDATE sbtest7 SET k=k+1 WHERE id=1655460
	Update on sbtest7  (cost=0.43..8.46 rows=0 width=0)
	  ->  Index Scan using sbtest7_pkey on sbtest7  (cost=0.43..8.46 rows=1 width=10)
	        Index Cond: (id = 1655460)

table 8 : explain UPDATE sbtest8 SET k=k+1 WHERE id=5909283
	Update on sbtest8  (cost=0.43..8.46 rows=0 width=0)
	  ->  Index Scan using sbtest8_pkey on sbtest8  (cost=0.43..8.46 rows=1 width=10)
	        Index Cond: (id = 5909283)

for non_index_updates
table 1 : explain UPDATE sbtest1 SET c='foobar' WHERE id=8444459
	Update on sbtest1  (cost=0.43..8.45 rows=0 width=0)
	  ->  Index Scan using sbtest1_pkey on sbtest1  (cost=0.43..8.45 rows=1 width=490)
	        Index Cond: (id = 8444459)

table 2 : explain UPDATE sbtest2 SET c='foobar' WHERE id=2945326
	Update on sbtest2  (cost=0.43..8.45 rows=0 width=0)
	  ->  Index Scan using sbtest2_pkey on sbtest2  (cost=0.43..8.45 rows=1 width=490)
	        Index Cond: (id = 2945326)

table 3 : explain UPDATE sbtest3 SET c='foobar' WHERE id=9143296
	Update on sbtest3  (cost=0.43..8.45 rows=0 width=0)
	  ->  Index Scan using sbtest3_pkey on sbtest3  (cost=0.43..8.45 rows=1 width=490)
	        Index Cond: (id = 9143296)

table 4 : explain UPDATE sbtest4 SET c='foobar' WHERE id=4586662
	Update on sbtest4  (cost=0.43..8.45 rows=0 width=0)
	  ->  Index Scan using sbtest4_pkey on sbtest4  (cost=0.43..8.45 rows=1 width=490)
	        Index Cond: (id = 4586662)

table 5 : explain UPDATE sbtest5 SET c='foobar' WHERE id=5866049
	Update on sbtest5  (cost=0.43..8.45 rows=0 width=0)
	  ->  Index Scan using sbtest5_pkey on sbtest5  (cost=0.43..8.45 rows=1 width=490)
	        Index Cond: (id = 5866049)

table 6 : explain UPDATE sbtest6 SET c='foobar' WHERE id=6888581
	Update on sbtest6  (cost=0.43..8.45 rows=0 width=0)
	  ->  Index Scan using sbtest6_pkey on sbtest6  (cost=0.43..8.45 rows=1 width=490)
	        Index Cond: (id = 6888581)

table 7 : explain UPDATE sbtest7 SET c='foobar' WHERE id=7837286
	Update on sbtest7  (cost=0.43..8.45 rows=0 width=0)
	  ->  Index Scan using sbtest7_pkey on sbtest7  (cost=0.43..8.45 rows=1 width=490)
	        Index Cond: (id = 7837286)

table 8 : explain UPDATE sbtest8 SET c='foobar' WHERE id=4257505
	Update on sbtest8  (cost=0.43..8.45 rows=0 width=0)
	  ->  Index Scan using sbtest8_pkey on sbtest8  (cost=0.43..8.45 rows=1 width=490)
	        Index Cond: (id = 4257505)

for index_updates
table 1 : explain UPDATE sbtest1 SET k=k+1 WHERE id=4135834
	Update on sbtest1  (cost=0.43..8.46 rows=0 width=0)
	  ->  Index Scan using sbtest1_pkey on sbtest1  (cost=0.43..8.46 rows=1 width=10)
	        Index Cond: (id = 4135834)

table 2 : explain UPDATE sbtest2 SET k=k+1 WHERE id=9568056
	Update on sbtest2  (cost=0.43..8.46 rows=0 width=0)
	  ->  Index Scan using sbtest2_pkey on sbtest2  (cost=0.43..8.46 rows=1 width=10)
	        Index Cond: (id = 9568056)

table 3 : explain UPDATE sbtest3 SET k=k+1 WHERE id=8790798
	Update on sbtest3  (cost=0.43..8.46 rows=0 width=0)
	  ->  Index Scan using sbtest3_pkey on sbtest3  (cost=0.43..8.46 rows=1 width=10)
	        Index Cond: (id = 8790798)

table 4 : explain UPDATE sbtest4 SET k=k+1 WHERE id=1901565
	Update on sbtest4  (cost=0.43..8.46 rows=0 width=0)
	  ->  Index Scan using sbtest4_pkey on sbtest4  (cost=0.43..8.46 rows=1 width=10)
	        Index Cond: (id = 1901565)

table 5 : explain UPDATE sbtest5 SET k=k+1 WHERE id=4825526
	Update on sbtest5  (cost=0.43..8.46 rows=0 width=0)
	  ->  Index Scan using sbtest5_pkey on sbtest5  (cost=0.43..8.46 rows=1 width=10)
	        Index Cond: (id = 4825526)

table 6 : explain UPDATE sbtest6 SET k=k+1 WHERE id=8656617
	Update on sbtest6  (cost=0.43..8.46 rows=0 width=0)
	  ->  Index Scan using sbtest6_pkey on sbtest6  (cost=0.43..8.46 rows=1 width=10)
	        Index Cond: (id = 8656617)

table 7 : explain UPDATE sbtest7 SET k=k+1 WHERE id=2600097
	Update on sbtest7  (cost=0.43..8.46 rows=0 width=0)
	  ->  Index Scan using sbtest7_pkey on sbtest7  (cost=0.43..8.46 rows=1 width=10)
	        Index Cond: (id = 2600097)

table 8 : explain UPDATE sbtest8 SET k=k+1 WHERE id=9544999
	Update on sbtest8  (cost=0.43..8.46 rows=0 width=0)
	  ->  Index Scan using sbtest8_pkey on sbtest8  (cost=0.43..8.46 rows=1 width=10)
	        Index Cond: (id = 9544999)

for: order_ranges
table 1 : explain SELECT c FROM sbtest1 WHERE id BETWEEN 8232362 AND 8232461 ORDER BY c
	Sort  (cost=365.34..365.57 rows=92 width=121)
	  Sort Key: c
	  ->  Index Scan using sbtest1_pkey on sbtest1  (cost=0.43..362.34 rows=92 width=121)
	        Index Cond: ((id >= 8232362) AND (id <= 8232461))

table 2 : explain SELECT c FROM sbtest2 WHERE id BETWEEN 6632364 AND 6632463 ORDER BY c
	Sort  (cost=411.48..411.74 rows=104 width=121)
	  Sort Key: c
	  ->  Index Scan using sbtest2_pkey on sbtest2  (cost=0.43..408.00 rows=104 width=121)
	        Index Cond: ((id >= 6632364) AND (id <= 6632463))

table 3 : explain SELECT c FROM sbtest3 WHERE id BETWEEN 4269117 AND 4269216 ORDER BY c
	Sort  (cost=387.71..387.96 rows=98 width=121)
	  Sort Key: c
	  ->  Index Scan using sbtest3_pkey on sbtest3  (cost=0.43..384.47 rows=98 width=121)
	        Index Cond: ((id >= 4269117) AND (id <= 4269216))

table 4 : explain SELECT c FROM sbtest4 WHERE id BETWEEN 9372564 AND 9372663 ORDER BY c
	Sort  (cost=383.97..384.22 rows=97 width=121)
	  Sort Key: c
	  ->  Index Scan using sbtest4_pkey on sbtest4  (cost=0.43..380.77 rows=97 width=121)
	        Index Cond: ((id >= 9372564) AND (id <= 9372663))

table 5 : explain SELECT c FROM sbtest5 WHERE id BETWEEN 8541883 AND 8541982 ORDER BY c
	Sort  (cost=441.78..442.06 rows=112 width=121)
	  Sort Key: c
	  ->  Index Scan using sbtest5_pkey on sbtest5  (cost=0.43..437.97 rows=112 width=121)
	        Index Cond: ((id >= 8541883) AND (id <= 8541982))

table 6 : explain SELECT c FROM sbtest6 WHERE id BETWEEN 4144922 AND 4145021 ORDER BY c
	Sort  (cost=360.12..360.35 rows=91 width=121)
	  Sort Key: c
	  ->  Index Scan using sbtest6_pkey on sbtest6  (cost=0.43..357.16 rows=91 width=121)
	        Index Cond: ((id >= 4144922) AND (id <= 4145021))

table 7 : explain SELECT c FROM sbtest7 WHERE id BETWEEN 8901639 AND 8901738 ORDER BY c
	Sort  (cost=380.67..380.91 rows=96 width=121)
	  Sort Key: c
	  ->  Index Scan using sbtest7_pkey on sbtest7  (cost=0.43..377.51 rows=96 width=121)
	        Index Cond: ((id >= 8901639) AND (id <= 8901738))

table 8 : explain SELECT c FROM sbtest8 WHERE id BETWEEN 678179 AND 678278 ORDER BY c
	Sort  (cost=387.98..388.22 rows=98 width=121)
	  Sort Key: c
	  ->  Index Scan using sbtest8_pkey on sbtest8  (cost=0.43..384.73 rows=98 width=121)
	        Index Cond: ((id >= 678179) AND (id <= 678278))

explain: for deletes :: explain DELETE FROM sbtest%u WHERE id=%u
explain: for point_selects :: explain SELECT c FROM sbtest%u WHERE id=%u
for non_index_updates
table 1 : explain UPDATE sbtest1 SET c='foobar' WHERE id=4056174
	Update on sbtest1  (cost=0.43..8.45 rows=0 width=0)
	  ->  Index Scan using sbtest1_pkey on sbtest1  (cost=0.43..8.45 rows=1 width=490)
	        Index Cond: (id = 4056174)

table 2 : explain UPDATE sbtest2 SET c='foobar' WHERE id=218466
	Update on sbtest2  (cost=0.43..8.45 rows=0 width=0)
	  ->  Index Scan using sbtest2_pkey on sbtest2  (cost=0.43..8.45 rows=1 width=490)
	        Index Cond: (id = 218466)

table 3 : explain UPDATE sbtest3 SET c='foobar' WHERE id=273901
	Update on sbtest3  (cost=0.43..8.45 rows=0 width=0)
	  ->  Index Scan using sbtest3_pkey on sbtest3  (cost=0.43..8.45 rows=1 width=490)
	        Index Cond: (id = 273901)

table 4 : explain UPDATE sbtest4 SET c='foobar' WHERE id=412778
	Update on sbtest4  (cost=0.43..8.45 rows=0 width=0)
	  ->  Index Scan using sbtest4_pkey on sbtest4  (cost=0.43..8.45 rows=1 width=490)
	        Index Cond: (id = 412778)

table 5 : explain UPDATE sbtest5 SET c='foobar' WHERE id=2534780
	Update on sbtest5  (cost=0.43..8.45 rows=0 width=0)
	  ->  Index Scan using sbtest5_pkey on sbtest5  (cost=0.43..8.45 rows=1 width=490)
	        Index Cond: (id = 2534780)

table 6 : explain UPDATE sbtest6 SET c='foobar' WHERE id=9310694
	Update on sbtest6  (cost=0.43..8.45 rows=0 width=0)
	  ->  Index Scan using sbtest6_pkey on sbtest6  (cost=0.43..8.45 rows=1 width=490)
	        Index Cond: (id = 9310694)

table 7 : explain UPDATE sbtest7 SET c='foobar' WHERE id=4614116
	Update on sbtest7  (cost=0.43..8.45 rows=0 width=0)
	  ->  Index Scan using sbtest7_pkey on sbtest7  (cost=0.43..8.45 rows=1 width=490)
	        Index Cond: (id = 4614116)

table 8 : explain UPDATE sbtest8 SET c='foobar' WHERE id=9699987
	Update on sbtest8  (cost=0.43..8.45 rows=0 width=0)
	  ->  Index Scan using sbtest8_pkey on sbtest8  (cost=0.43..8.45 rows=1 width=490)
	        Index Cond: (id = 9699987)

for index_updates
table 1 : explain UPDATE sbtest1 SET k=k+1 WHERE id=4135333
	Update on sbtest1  (cost=0.43..8.46 rows=0 width=0)
	  ->  Index Scan using sbtest1_pkey on sbtest1  (cost=0.43..8.46 rows=1 width=10)
	        Index Cond: (id = 4135333)

table 2 : explain UPDATE sbtest2 SET k=k+1 WHERE id=3889250
	Update on sbtest2  (cost=0.43..8.46 rows=0 width=0)
	  ->  Index Scan using sbtest2_pkey on sbtest2  (cost=0.43..8.46 rows=1 width=10)
	        Index Cond: (id = 3889250)

table 3 : explain UPDATE sbtest3 SET k=k+1 WHERE id=1421551
	Update on sbtest3  (cost=0.43..8.46 rows=0 width=0)
	  ->  Index Scan using sbtest3_pkey on sbtest3  (cost=0.43..8.46 rows=1 width=10)
	        Index Cond: (id = 1421551)

table 4 : explain UPDATE sbtest4 SET k=k+1 WHERE id=8147615
	Update on sbtest4  (cost=0.43..8.46 rows=0 width=0)
	  ->  Index Scan using sbtest4_pkey on sbtest4  (cost=0.43..8.46 rows=1 width=10)
	        Index Cond: (id = 8147615)

table 5 : explain UPDATE sbtest5 SET k=k+1 WHERE id=3871453
	Update on sbtest5  (cost=0.43..8.46 rows=0 width=0)
	  ->  Index Scan using sbtest5_pkey on sbtest5  (cost=0.43..8.46 rows=1 width=10)
	        Index Cond: (id = 3871453)

table 6 : explain UPDATE sbtest6 SET k=k+1 WHERE id=5795375
	Update on sbtest6  (cost=0.43..8.46 rows=0 width=0)
	  ->  Index Scan using sbtest6_pkey on sbtest6  (cost=0.43..8.46 rows=1 width=10)
	        Index Cond: (id = 5795375)

table 7 : explain UPDATE sbtest7 SET k=k+1 WHERE id=6872067
	Update on sbtest7  (cost=0.43..8.46 rows=0 width=0)
	  ->  Index Scan using sbtest7_pkey on sbtest7  (cost=0.43..8.46 rows=1 width=10)
	        Index Cond: (id = 6872067)

table 8 : explain UPDATE sbtest8 SET k=k+1 WHERE id=7299405
	Update on sbtest8  (cost=0.43..8.46 rows=0 width=0)
	  ->  Index Scan using sbtest8_pkey on sbtest8  (cost=0.43..8.46 rows=1 width=10)
	        Index Cond: (id = 7299405)

explain: for non_index_updates :: explain UPDATE sbtest%u SET c='foobar' WHERE id=%u
explain: for deletes :: explain DELETE FROM sbtest%u WHERE id=%u
for: simple_ranges
table 1 : explain SELECT c FROM sbtest1 WHERE id BETWEEN 7466740 AND 7466839
	Index Scan using sbtest1_pkey on sbtest1  (cost=0.43..424.59 rows=108 width=121)
	  Index Cond: ((id >= 7466740) AND (id <= 7466839))

table 2 : explain SELECT c FROM sbtest2 WHERE id BETWEEN 708901 AND 709000
	Index Scan using sbtest2_pkey on sbtest2  (cost=0.43..415.75 rows=106 width=121)
	  Index Cond: ((id >= 708901) AND (id <= 709000))

table 3 : explain SELECT c FROM sbtest3 WHERE id BETWEEN 431041 AND 431140
	Index Scan using sbtest3_pkey on sbtest3  (cost=0.43..400.01 rows=102 width=121)
	  Index Cond: ((id >= 431041) AND (id <= 431140))

table 4 : explain SELECT c FROM sbtest4 WHERE id BETWEEN 7731571 AND 7731670
	Index Scan using sbtest4_pkey on sbtest4  (cost=0.43..376.89 rows=96 width=121)
	  Index Cond: ((id >= 7731571) AND (id <= 7731670))

table 5 : explain SELECT c FROM sbtest5 WHERE id BETWEEN 5146876 AND 5146975
	Index Scan using sbtest5_pkey on sbtest5  (cost=0.43..379.91 rows=97 width=121)
	  Index Cond: ((id >= 5146876) AND (id <= 5146975))

table 6 : explain SELECT c FROM sbtest6 WHERE id BETWEEN 1855878 AND 1855977
	Index Scan using sbtest6_pkey on sbtest6  (cost=0.43..380.40 rows=97 width=121)
	  Index Cond: ((id >= 1855878) AND (id <= 1855977))

table 7 : explain SELECT c FROM sbtest7 WHERE id BETWEEN 8548760 AND 8548859
	Index Scan using sbtest7_pkey on sbtest7  (cost=0.43..424.16 rows=108 width=121)
	  Index Cond: ((id >= 8548760) AND (id <= 8548859))

table 8 : explain SELECT c FROM sbtest8 WHERE id BETWEEN 8082122 AND 8082221
	Index Scan using sbtest8_pkey on sbtest8  (cost=0.43..415.80 rows=106 width=121)
	  Index Cond: ((id >= 8082122) AND (id <= 8082221))

for: simple_ranges
table 1 : explain SELECT c FROM sbtest1 WHERE id BETWEEN 9690132 AND 9690231
	Index Scan using sbtest1_pkey on sbtest1  (cost=0.43..362.34 rows=92 width=121)
	  Index Cond: ((id >= 9690132) AND (id <= 9690231))

table 2 : explain SELECT c FROM sbtest2 WHERE id BETWEEN 4539825 AND 4539924
	Index Scan using sbtest2_pkey on sbtest2  (cost=0.43..408.00 rows=104 width=121)
	  Index Cond: ((id >= 4539825) AND (id <= 4539924))

table 3 : explain SELECT c FROM sbtest3 WHERE id BETWEEN 1756760 AND 1756859
	Index Scan using sbtest3_pkey on sbtest3  (cost=0.43..396.14 rows=101 width=121)
	  Index Cond: ((id >= 1756760) AND (id <= 1756859))

table 4 : explain SELECT c FROM sbtest4 WHERE id BETWEEN 3853510 AND 3853609
	Index Scan using sbtest4_pkey on sbtest4  (cost=0.43..392.44 rows=100 width=121)
	  Index Cond: ((id >= 3853510) AND (id <= 3853609))

table 5 : explain SELECT c FROM sbtest5 WHERE id BETWEEN 1514548 AND 1514647
	Index Scan using sbtest5_pkey on sbtest5  (cost=0.43..403.16 rows=103 width=121)
	  Index Cond: ((id >= 1514548) AND (id <= 1514647))

table 6 : explain SELECT c FROM sbtest6 WHERE id BETWEEN 1352619 AND 1352718
	Index Scan using sbtest6_pkey on sbtest6  (cost=0.43..392.06 rows=100 width=121)
	  Index Cond: ((id >= 1352619) AND (id <= 1352718))

table 7 : explain SELECT c FROM sbtest7 WHERE id BETWEEN 4102262 AND 4102361
	Index Scan using sbtest7_pkey on sbtest7  (cost=0.43..373.63 rows=95 width=121)
	  Index Cond: ((id >= 4102262) AND (id <= 4102361))

table 8 : explain SELECT c FROM sbtest8 WHERE id BETWEEN 4713104 AND 4713203
	Index Scan using sbtest8_pkey on sbtest8  (cost=0.43..408.04 rows=104 width=121)
	  Index Cond: ((id >= 4713104) AND (id <= 4713203))

for: sum_ranges
table 1 : explain SELECT SUM(k) FROM sbtest1 WHERE id BETWEEN 3199345 AND 3199444
	Aggregate  (cost=393.70..393.71 rows=1 width=8)
	  ->  Index Scan using sbtest1_pkey on sbtest1  (cost=0.43..393.45 rows=100 width=4)
	        Index Cond: ((id >= 3199345) AND (id <= 3199444))

table 2 : explain SELECT SUM(k) FROM sbtest2 WHERE id BETWEEN 3425147 AND 3425246
	Aggregate  (cost=322.85..322.86 rows=1 width=8)
	  ->  Index Scan using sbtest2_pkey on sbtest2  (cost=0.43..322.65 rows=82 width=4)
	        Index Cond: ((id >= 3425147) AND (id <= 3425246))

table 3 : explain SELECT SUM(k) FROM sbtest3 WHERE id BETWEEN 5112263 AND 5112362
	Aggregate  (cost=427.42..427.43 rows=1 width=8)
	  ->  Index Scan using sbtest3_pkey on sbtest3  (cost=0.43..427.14 rows=109 width=4)
	        Index Cond: ((id >= 5112263) AND (id <= 5112362))

table 4 : explain SELECT SUM(k) FROM sbtest4 WHERE id BETWEEN 9357749 AND 9357848
	Aggregate  (cost=381.01..381.02 rows=1 width=8)
	  ->  Index Scan using sbtest4_pkey on sbtest4  (cost=0.43..380.77 rows=97 width=4)
	        Index Cond: ((id >= 9357749) AND (id <= 9357848))

table 5 : explain SELECT SUM(k) FROM sbtest5 WHERE id BETWEEN 489481 AND 489580
	Aggregate  (cost=380.15..380.16 rows=1 width=8)
	  ->  Index Scan using sbtest5_pkey on sbtest5  (cost=0.43..379.91 rows=97 width=4)
	        Index Cond: ((id >= 489481) AND (id <= 489580))

table 6 : explain SELECT SUM(k) FROM sbtest6 WHERE id BETWEEN 2398156 AND 2398255
	Aggregate  (cost=396.19..396.20 rows=1 width=8)
	  ->  Index Scan using sbtest6_pkey on sbtest6  (cost=0.43..395.93 rows=101 width=4)
	        Index Cond: ((id >= 2398156) AND (id <= 2398255))

table 7 : explain SELECT SUM(k) FROM sbtest7 WHERE id BETWEEN 367766 AND 367865
	Aggregate  (cost=416.65..416.66 rows=1 width=8)
	  ->  Index Scan using sbtest7_pkey on sbtest7  (cost=0.43..416.39 rows=106 width=4)
	        Index Cond: ((id >= 367766) AND (id <= 367865))

table 8 : explain SELECT SUM(k) FROM sbtest8 WHERE id BETWEEN 2834182 AND 2834281
	Aggregate  (cost=350.05..350.06 rows=1 width=8)
	  ->  Index Scan using sbtest8_pkey on sbtest8  (cost=0.43..349.83 rows=89 width=4)
	        Index Cond: ((id >= 2834182) AND (id <= 2834281))

for deletes
table 1 : explain DELETE FROM sbtest1 WHERE id=9722226
	Delete on sbtest1  (cost=0.43..8.45 rows=0 width=0)
	  ->  Index Scan using sbtest1_pkey on sbtest1  (cost=0.43..8.45 rows=1 width=6)
	        Index Cond: (id = 9722226)

table 2 : explain DELETE FROM sbtest2 WHERE id=5345224
	Delete on sbtest2  (cost=0.43..8.45 rows=0 width=0)
	  ->  Index Scan using sbtest2_pkey on sbtest2  (cost=0.43..8.45 rows=1 width=6)
	        Index Cond: (id = 5345224)

table 3 : explain DELETE FROM sbtest3 WHERE id=7907016
	Delete on sbtest3  (cost=0.43..8.45 rows=0 width=0)
	  ->  Index Scan using sbtest3_pkey on sbtest3  (cost=0.43..8.45 rows=1 width=6)
	        Index Cond: (id = 7907016)

table 4 : explain DELETE FROM sbtest4 WHERE id=7070847
	Delete on sbtest4  (cost=0.43..8.45 rows=0 width=0)
	  ->  Index Scan using sbtest4_pkey on sbtest4  (cost=0.43..8.45 rows=1 width=6)
	        Index Cond: (id = 7070847)

table 5 : explain DELETE FROM sbtest5 WHERE id=9705821
	Delete on sbtest5  (cost=0.43..8.45 rows=0 width=0)
	  ->  Index Scan using sbtest5_pkey on sbtest5  (cost=0.43..8.45 rows=1 width=6)
	        Index Cond: (id = 9705821)

table 6 : explain DELETE FROM sbtest6 WHERE id=5676071
	Delete on sbtest6  (cost=0.43..8.45 rows=0 width=0)
	  ->  Index Scan using sbtest6_pkey on sbtest6  (cost=0.43..8.45 rows=1 width=6)
	        Index Cond: (id = 5676071)

table 7 : explain DELETE FROM sbtest7 WHERE id=7990153
	Delete on sbtest7  (cost=0.43..8.45 rows=0 width=0)
	  ->  Index Scan using sbtest7_pkey on sbtest7  (cost=0.43..8.45 rows=1 width=6)
	        Index Cond: (id = 7990153)

table 8 : explain DELETE FROM sbtest8 WHERE id=8326817
	Delete on sbtest8  (cost=0.43..8.45 rows=0 width=0)
	  ->  Index Scan using sbtest8_pkey on sbtest8  (cost=0.43..8.45 rows=1 width=6)
	        Index Cond: (id = 8326817)

for: order_ranges
table 1 : explain SELECT c FROM sbtest1 WHERE id BETWEEN 6708951 AND 6709050 ORDER BY c
	Sort  (cost=361.41..361.64 rows=91 width=121)
	  Sort Key: c
	  ->  Index Scan using sbtest1_pkey on sbtest1  (cost=0.43..358.45 rows=91 width=121)
	        Index Cond: ((id >= 6708951) AND (id <= 6709050))

table 2 : explain SELECT c FROM sbtest2 WHERE id BETWEEN 943810 AND 943909 ORDER BY c
	Sort  (cost=415.40..415.66 rows=105 width=121)
	  Sort Key: c
	  ->  Index Scan using sbtest2_pkey on sbtest2  (cost=0.43..411.88 rows=105 width=121)
	        Index Cond: ((id >= 943810) AND (id <= 943909))

table 3 : explain SELECT c FROM sbtest3 WHERE id BETWEEN 919245 AND 919344 ORDER BY c
	Sort  (cost=352.47..352.70 rows=89 width=121)
	  Sort Key: c
	  ->  Index Scan using sbtest3_pkey on sbtest3  (cost=0.43..349.59 rows=89 width=121)
	        Index Cond: ((id >= 919245) AND (id <= 919344))

table 4 : explain SELECT c FROM sbtest4 WHERE id BETWEEN 547433 AND 547532 ORDER BY c
	Sort  (cost=364.39..364.62 rows=92 width=121)
	  Sort Key: c
	  ->  Index Scan using sbtest4_pkey on sbtest4  (cost=0.43..361.38 rows=92 width=121)
	        Index Cond: ((id >= 547433) AND (id <= 547532))

table 5 : explain SELECT c FROM sbtest5 WHERE id BETWEEN 971676 AND 971775 ORDER BY c
	Sort  (cost=422.24..422.50 rows=107 width=121)
	  Sort Key: c
	  ->  Index Scan using sbtest5_pkey on sbtest5  (cost=0.43..418.63 rows=107 width=121)
	        Index Cond: ((id >= 971676) AND (id <= 971775))

table 6 : explain SELECT c FROM sbtest6 WHERE id BETWEEN 3739139 AND 3739238 ORDER BY c
	Sort  (cost=391.47..391.71 rows=99 width=121)
	  Sort Key: c
	  ->  Index Scan using sbtest6_pkey on sbtest6  (cost=0.43..388.19 rows=99 width=121)
	        Index Cond: ((id >= 3739139) AND (id <= 3739238))

table 7 : explain SELECT c FROM sbtest7 WHERE id BETWEEN 1090028 AND 1090127 ORDER BY c
	Sort  (cost=431.73..432.00 rows=109 width=121)
	  Sort Key: c
	  ->  Index Scan using sbtest7_pkey on sbtest7  (cost=0.43..428.04 rows=109 width=121)
	        Index Cond: ((id >= 1090028) AND (id <= 1090127))

table 8 : explain SELECT c FROM sbtest8 WHERE id BETWEEN 5772325 AND 5772424 ORDER BY c
	Sort  (cost=372.30..372.54 rows=94 width=121)
	  Sort Key: c
	  ->  Index Scan using sbtest8_pkey on sbtest8  (cost=0.43..369.22 rows=94 width=121)
	        Index Cond: ((id >= 5772325) AND (id <= 5772424))

for deletes
table 1 : explain DELETE FROM sbtest1 WHERE id=900222
	Delete on sbtest1  (cost=0.43..8.45 rows=0 width=0)
	  ->  Index Scan using sbtest1_pkey on sbtest1  (cost=0.43..8.45 rows=1 width=6)
	        Index Cond: (id = 900222)

table 2 : explain DELETE FROM sbtest2 WHERE id=5699248
	Delete on sbtest2  (cost=0.43..8.45 rows=0 width=0)
	  ->  Index Scan using sbtest2_pkey on sbtest2  (cost=0.43..8.45 rows=1 width=6)
	        Index Cond: (id = 5699248)

table 3 : explain DELETE FROM sbtest3 WHERE id=7483029
	Delete on sbtest3  (cost=0.43..8.45 rows=0 width=0)
	  ->  Index Scan using sbtest3_pkey on sbtest3  (cost=0.43..8.45 rows=1 width=6)
	        Index Cond: (id = 7483029)

table 4 : explain DELETE FROM sbtest4 WHERE id=4441242
	Delete on sbtest4  (cost=0.43..8.45 rows=0 width=0)
	  ->  Index Scan using sbtest4_pkey on sbtest4  (cost=0.43..8.45 rows=1 width=6)
	        Index Cond: (id = 4441242)

table 5 : explain DELETE FROM sbtest5 WHERE id=2487820
	Delete on sbtest5  (cost=0.43..8.45 rows=0 width=0)
	  ->  Index Scan using sbtest5_pkey on sbtest5  (cost=0.43..8.45 rows=1 width=6)
	        Index Cond: (id = 2487820)

table 6 : explain DELETE FROM sbtest6 WHERE id=3994753
	Delete on sbtest6  (cost=0.43..8.45 rows=0 width=0)
	  ->  Index Scan using sbtest6_pkey on sbtest6  (cost=0.43..8.45 rows=1 width=6)
	        Index Cond: (id = 3994753)

table 7 : explain DELETE FROM sbtest7 WHERE id=7047296
	Delete on sbtest7  (cost=0.43..8.45 rows=0 width=0)
	  ->  Index Scan using sbtest7_pkey on sbtest7  (cost=0.43..8.45 rows=1 width=6)
	        Index Cond: (id = 7047296)

table 8 : explain DELETE FROM sbtest8 WHERE id=5175562
	Delete on sbtest8  (cost=0.43..8.45 rows=0 width=0)
	  ->  Index Scan using sbtest8_pkey on sbtest8  (cost=0.43..8.45 rows=1 width=6)
	        Index Cond: (id = 5175562)

for: distinct_ranges
table 1 : explain SELECT DISTINCT c FROM sbtest1 WHERE id BETWEEN 8386578 AND 8386677 ORDER BY c
	Unique  (cost=341.78..342.21 rows=86 width=121)
	  ->  Sort  (cost=341.78..341.99 rows=86 width=121)
	        Sort Key: c
	        ->  Index Scan using sbtest1_pkey on sbtest1  (cost=0.43..339.01 rows=86 width=121)
	              Index Cond: ((id >= 8386578) AND (id <= 8386677))

table 2 : explain SELECT DISTINCT c FROM sbtest2 WHERE id BETWEEN 4208181 AND 4208280 ORDER BY c
	Unique  (cost=423.24..423.77 rows=107 width=121)
	  ->  Sort  (cost=423.24..423.51 rows=107 width=121)
	        Sort Key: c
	        ->  Index Scan using sbtest2_pkey on sbtest2  (cost=0.43..419.63 rows=107 width=121)
	              Index Cond: ((id >= 4208181) AND (id <= 4208280))

table 3 : explain SELECT DISTINCT c FROM sbtest3 WHERE id BETWEEN 4195815 AND 4195914 ORDER BY c
	Unique  (cost=391.63..392.13 rows=99 width=121)
	  ->  Sort  (cost=391.63..391.88 rows=99 width=121)
	        Sort Key: c
	        ->  Index Scan using sbtest3_pkey on sbtest3  (cost=0.43..388.35 rows=99 width=121)
	              Index Cond: ((id >= 4195815) AND (id <= 4195914))

table 4 : explain SELECT DISTINCT c FROM sbtest4 WHERE id BETWEEN 4237267 AND 4237366 ORDER BY c
	Unique  (cost=395.76..396.26 rows=100 width=121)
	  ->  Sort  (cost=395.76..396.01 rows=100 width=121)
	        Sort Key: c
	        ->  Index Scan using sbtest4_pkey on sbtest4  (cost=0.43..392.44 rows=100 width=121)
	              Index Cond: ((id >= 4237267) AND (id <= 4237366))

table 5 : explain SELECT DISTINCT c FROM sbtest5 WHERE id BETWEEN 5652977 AND 5653076 ORDER BY c
	Unique  (cost=402.69..403.20 rows=102 width=121)
	  ->  Sort  (cost=402.69..402.95 rows=102 width=121)
	        Sort Key: c
	        ->  Index Scan using sbtest5_pkey on sbtest5  (cost=0.43..399.29 rows=102 width=121)
	              Index Cond: ((id >= 5652977) AND (id <= 5653076))

table 6 : explain SELECT DISTINCT c FROM sbtest6 WHERE id BETWEEN 8469326 AND 8469425 ORDER BY c
	Unique  (cost=367.95..368.41 rows=93 width=121)
	  ->  Sort  (cost=367.95..368.18 rows=93 width=121)
	        Sort Key: c
	        ->  Index Scan using sbtest6_pkey on sbtest6  (cost=0.43..364.91 rows=93 width=121)
	              Index Cond: ((id >= 8469326) AND (id <= 8469425))

table 7 : explain SELECT DISTINCT c FROM sbtest7 WHERE id BETWEEN 4616456 AND 4616555 ORDER BY c
	Unique  (cost=372.83..373.30 rows=94 width=121)
	  ->  Sort  (cost=372.83..373.06 rows=94 width=121)
	        Sort Key: c
	        ->  Index Scan using sbtest7_pkey on sbtest7  (cost=0.43..369.74 rows=94 width=121)
	              Index Cond: ((id >= 4616456) AND (id <= 4616555))

table 8 : explain SELECT DISTINCT c FROM sbtest8 WHERE id BETWEEN 6521442 AND 6521541 ORDER BY c
	Unique  (cost=407.61..408.12 rows=103 width=121)
	  ->  Sort  (cost=407.61..407.86 rows=103 width=121)
	        Sort Key: c
	        ->  Index Scan using sbtest8_pkey on sbtest8  (cost=0.43..404.16 rows=103 width=121)
	              Index Cond: ((id >= 6521442) AND (id <= 6521541))

for: distinct_ranges
table 1 : explain SELECT DISTINCT c FROM sbtest1 WHERE id BETWEEN 4434714 AND 4434813 ORDER BY c
	Unique  (cost=428.23..428.77 rows=108 width=121)
	  ->  Sort  (cost=428.23..428.50 rows=108 width=121)
	        Sort Key: c
	        ->  Index Scan using sbtest1_pkey on sbtest1  (cost=0.43..424.59 rows=108 width=121)
	              Index Cond: ((id >= 4434714) AND (id <= 4434813))

table 2 : explain SELECT DISTINCT c FROM sbtest2 WHERE id BETWEEN 4265312 AND 4265411 ORDER BY c
	Unique  (cost=446.75..447.32 rows=113 width=121)
	  ->  Sort  (cost=446.75..447.04 rows=113 width=121)
	        Sort Key: c
	        ->  Index Scan using sbtest2_pkey on sbtest2  (cost=0.43..442.90 rows=113 width=121)
	              Index Cond: ((id >= 4265312) AND (id <= 4265411))

table 3 : explain SELECT DISTINCT c FROM sbtest3 WHERE id BETWEEN 6227994 AND 6228093 ORDER BY c
	Unique  (cost=360.30..360.76 rows=91 width=121)
	  ->  Sort  (cost=360.30..360.53 rows=91 width=121)
	        Sort Key: c
	        ->  Index Scan using sbtest3_pkey on sbtest3  (cost=0.43..357.34 rows=91 width=121)
	              Index Cond: ((id >= 6227994) AND (id <= 6228093))

table 4 : explain SELECT DISTINCT c FROM sbtest4 WHERE id BETWEEN 5070402 AND 5070501 ORDER BY c
	Unique  (cost=383.97..384.46 rows=97 width=121)
	  ->  Sort  (cost=383.97..384.22 rows=97 width=121)
	        Sort Key: c
	        ->  Index Scan using sbtest4_pkey on sbtest4  (cost=0.43..380.77 rows=97 width=121)
	              Index Cond: ((id >= 5070402) AND (id <= 5070501))

table 5 : explain SELECT DISTINCT c FROM sbtest5 WHERE id BETWEEN 9353910 AND 9354009 ORDER BY c
	Unique  (cost=390.93..391.42 rows=99 width=121)
	  ->  Sort  (cost=390.93..391.17 rows=99 width=121)
	        Sort Key: c
	        ->  Index Scan using sbtest5_pkey on sbtest5  (cost=0.43..387.64 rows=99 width=121)
	              Index Cond: ((id >= 9353910) AND (id <= 9354009))

table 6 : explain SELECT DISTINCT c FROM sbtest6 WHERE id BETWEEN 5788733 AND 5788832 ORDER BY c
	Unique  (cost=383.60..384.09 rows=97 width=121)
	  ->  Sort  (cost=383.60..383.85 rows=97 width=121)
	        Sort Key: c
	        ->  Index Scan using sbtest6_pkey on sbtest6  (cost=0.43..380.40 rows=97 width=121)
	              Index Cond: ((id >= 5788733) AND (id <= 5788832))

table 7 : explain SELECT DISTINCT c FROM sbtest7 WHERE id BETWEEN 9053101 AND 9053200 ORDER BY c
	Unique  (cost=400.33..400.83 rows=101 width=121)
	  ->  Sort  (cost=400.33..400.58 rows=101 width=121)
	        Sort Key: c
	        ->  Index Scan using sbtest7_pkey on sbtest7  (cost=0.43..396.97 rows=101 width=121)
	              Index Cond: ((id >= 9053101) AND (id <= 9053200))

table 8 : explain SELECT DISTINCT c FROM sbtest8 WHERE id BETWEEN 6165078 AND 6165177 ORDER BY c
	Unique  (cost=387.98..388.47 rows=98 width=121)
	  ->  Sort  (cost=387.98..388.22 rows=98 width=121)
	        Sort Key: c
	        ->  Index Scan using sbtest8_pkey on sbtest8  (cost=0.43..384.73 rows=98 width=121)
	              Index Cond: ((id >= 6165078) AND (id <= 6165177))

explain: for inserts :: explain INSERT INTO sbtest%u (id, k, c, pad) VALUES (%u, 13, 'foobar', 'foobar')
explain: for point_selects :: explain SELECT c FROM sbtest%u WHERE id=%u
for: sum_ranges
table 1 : explain SELECT SUM(k) FROM sbtest1 WHERE id BETWEEN 3685787 AND 3685886
	Aggregate  (cost=409.29..409.30 rows=1 width=8)
	  ->  Index Scan using sbtest1_pkey on sbtest1  (cost=0.43..409.03 rows=104 width=4)
	        Index Cond: ((id >= 3685787) AND (id <= 3685886))

table 2 : explain SELECT SUM(k) FROM sbtest2 WHERE id BETWEEN 7423620 AND 7423719
	Aggregate  (cost=416.02..416.03 rows=1 width=8)
	  ->  Index Scan using sbtest2_pkey on sbtest2  (cost=0.43..415.75 rows=106 width=4)
	        Index Cond: ((id >= 7423620) AND (id <= 7423719))

table 3 : explain SELECT SUM(k) FROM sbtest3 WHERE id BETWEEN 8233504 AND 8233603
	Aggregate  (cost=400.27..400.28 rows=1 width=8)
	  ->  Index Scan using sbtest3_pkey on sbtest3  (cost=0.43..400.01 rows=102 width=4)
	        Index Cond: ((id >= 8233504) AND (id <= 8233603))

table 4 : explain SELECT SUM(k) FROM sbtest4 WHERE id BETWEEN 4735920 AND 4736019
	Aggregate  (cost=392.69..392.70 rows=1 width=8)
	  ->  Index Scan using sbtest4_pkey on sbtest4  (cost=0.43..392.44 rows=100 width=4)
	        Index Cond: ((id >= 4735920) AND (id <= 4736019))

table 5 : explain SELECT SUM(k) FROM sbtest5 WHERE id BETWEEN 6890990 AND 6891089
	Aggregate  (cost=426.64..426.65 rows=1 width=8)
	  ->  Index Scan using sbtest5_pkey on sbtest5  (cost=0.43..426.37 rows=109 width=4)
	        Index Cond: ((id >= 6890990) AND (id <= 6891089))

table 6 : explain SELECT SUM(k) FROM sbtest6 WHERE id BETWEEN 1956277 AND 1956376
	Aggregate  (cost=380.64..380.65 rows=1 width=8)
	  ->  Index Scan using sbtest6_pkey on sbtest6  (cost=0.43..380.40 rows=97 width=4)
	        Index Cond: ((id >= 1956277) AND (id <= 1956376))

table 7 : explain SELECT SUM(k) FROM sbtest7 WHERE id BETWEEN 2710855 AND 2710954
	Aggregate  (cost=366.09..366.10 rows=1 width=8)
	  ->  Index Scan using sbtest7_pkey on sbtest7  (cost=0.43..365.86 rows=93 width=4)
	        Index Cond: ((id >= 2710855) AND (id <= 2710954))

table 8 : explain SELECT SUM(k) FROM sbtest8 WHERE id BETWEEN 375967 AND 376066
	Aggregate  (cost=388.90..388.91 rows=1 width=8)
	  ->  Index Scan using sbtest8_pkey on sbtest8  (cost=0.43..388.65 rows=99 width=4)
	        Index Cond: ((id >= 375967) AND (id <= 376066))

explain: for non_index_updates :: explain UPDATE sbtest%u SET c='foobar' WHERE id=%ufor: distinct_ranges
table 1 : explain SELECT DISTINCT c FROM sbtest1 WHERE id BETWEEN 4520693 AND 4520792 ORDER BY c
	Unique  (cost=420.37..420.90 rows=106 width=121)
	  ->  Sort  (cost=420.37..420.64 rows=106 width=121)
	        Sort Key: c
	        ->  Index Scan using sbtest1_pkey on sbtest1  (cost=0.43..416.81 rows=106 width=121)
	              Index Cond: ((id >= 4520693) AND (id <= 4520792))

table 2 : explain SELECT DISTINCT c FROM sbtest2 WHERE id BETWEEN 4135383 AND 4135482 ORDER BY c
	Unique  (cost=403.65..404.16 rows=102 width=121)
	  ->  Sort  (cost=403.65..403.90 rows=102 width=121)
	        Sort Key: c
	        ->  Index Scan using sbtest2_pkey on sbtest2  (cost=0.43..400.24 rows=102 width=121)
	              Index Cond: ((id >= 4135383) AND (id <= 4135482))

table 3 : explain SELECT DISTINCT c FROM sbtest3 WHERE id BETWEEN 4937926 AND 4938025 ORDER BY c
	Unique  (cost=391.63..392.13 rows=99 width=121)
	  ->  Sort  (cost=391.63..391.88 rows=99 width=121)
	        Sort Key: c
	        ->  Index Scan using sbtest3_pkey on sbtest3  (cost=0.43..388.35 rows=99 width=121)
	              Index Cond: ((id >= 4937926) AND (id <= 4938025))

table 4 : explain SELECT DISTINCT c FROM sbtest4 WHERE id BETWEEN 4791506 AND 4791605 ORDER BY c
	Unique  (cost=431.03..431.57 rows=109 width=121)
	  ->  Sort  (cost=431.03..431.30 rows=109 width=121)
	        Sort Key: c
	        ->  Index Scan using sbtest4_pkey on sbtest4  (cost=0.43..427.34 rows=109 width=121)
	              Index Cond: ((id >= 4791506) AND (id <= 4791605))

table 5 : explain SELECT DISTINCT c FROM sbtest5 WHERE id BETWEEN 2803161 AND 2803260 ORDER BY c
	Unique  (cost=394.87..395.37 rows=100 width=121)
	  ->  Sort  (cost=394.87..395.12 rows=100 width=121)
	        Sort Key: c
	        ->  Index Scan using sbtest5_pkey on sbtest5  (cost=0.43..391.55 rows=100 width=121)
	              Index Cond: ((id >= 2803161) AND (id <= 2803260))

table 6 : explain SELECT DISTINCT c FROM sbtest6 WHERE id BETWEEN 1303170 AND 1303269 ORDER BY c
	Unique  (cost=367.95..368.41 rows=93 width=121)
	  ->  Sort  (cost=367.95..368.18 rows=93 width=121)
	        Sort Key: c
	        ->  Index Scan using sbtest6_pkey on sbtest6  (cost=0.43..364.91 rows=93 width=121)
	              Index Cond: ((id >= 1303170) AND (id <= 1303269))

table 7 : explain SELECT DISTINCT c FROM sbtest7 WHERE id BETWEEN 2249420 AND 2249519 ORDER BY c
	Unique  (cost=392.48..392.98 rows=99 width=121)
	  ->  Sort  (cost=392.48..392.73 rows=99 width=121)
	        Sort Key: c
	        ->  Index Scan using sbtest7_pkey on sbtest7  (cost=0.43..389.20 rows=99 width=121)
	              Index Cond: ((id >= 2249420) AND (id <= 2249519))

table 8 : explain SELECT DISTINCT c FROM sbtest8 WHERE id BETWEEN 6954783 AND 6954882 ORDER BY c
	Unique  (cost=380.14..380.62 rows=96 width=121)
	  ->  Sort  (cost=380.14..380.38 rows=96 width=121)
	        Sort Key: c
	        ->  Index Scan using sbtest8_pkey on sbtest8  (cost=0.43..376.98 rows=96 width=121)
	              Index Cond: ((id >= 6954783) AND (id <= 6954882))

explain: for non_index_updates :: explain UPDATE sbtest%u SET c='foobar' WHERE id=%u

for: sum_ranges
table 1 : explain SELECT SUM(k) FROM sbtest1 WHERE id BETWEEN 5354106 AND 5354205
	Aggregate  (cost=428.75..428.76 rows=1 width=8)
	  ->  Index Scan using sbtest1_pkey on sbtest1  (cost=0.43..428.47 rows=109 width=4)
	        Index Cond: ((id >= 5354106) AND (id <= 5354205))

table 2 : explain SELECT SUM(k) FROM sbtest2 WHERE id BETWEEN 9949464 AND 9949563
	Aggregate  (cost=408.26..408.27 rows=1 width=8)
	  ->  Index Scan using sbtest2_pkey on sbtest2  (cost=0.43..408.00 rows=104 width=4)
	        Index Cond: ((id >= 9949464) AND (id <= 9949563))

table 3 : explain SELECT SUM(k) FROM sbtest3 WHERE id BETWEEN 9622200 AND 9622299
	Aggregate  (cost=369.21..369.22 rows=1 width=8)
	  ->  Index Scan using sbtest3_pkey on sbtest3  (cost=0.43..368.97 rows=94 width=4)
	        Index Cond: ((id >= 9622200) AND (id <= 9622299))

table 4 : explain SELECT SUM(k) FROM sbtest4 WHERE id BETWEEN 4521501 AND 4521600
	Aggregate  (cost=408.21..408.22 rows=1 width=8)
	  ->  Index Scan using sbtest4_pkey on sbtest4  (cost=0.43..407.95 rows=104 width=4)
	        Index Cond: ((id >= 4521501) AND (id <= 4521600))

table 5 : explain SELECT SUM(k) FROM sbtest5 WHERE id BETWEEN 8185576 AND 8185675
	Aggregate  (cost=403.41..403.42 rows=1 width=8)
	  ->  Index Scan using sbtest5_pkey on sbtest5  (cost=0.43..403.16 rows=103 width=4)
	        Index Cond: ((id >= 8185576) AND (id <= 8185675))

table 6 : explain SELECT SUM(k) FROM sbtest6 WHERE id BETWEEN 1942977 AND 1943076
	Aggregate  (cost=380.64..380.65 rows=1 width=8)
	  ->  Index Scan using sbtest6_pkey on sbtest6  (cost=0.43..380.40 rows=97 width=4)
	        Index Cond: ((id >= 1942977) AND (id <= 1943076))

table 7 : explain SELECT SUM(k) FROM sbtest7 WHERE id BETWEEN 5761449 AND 5761548
	Aggregate  (cost=408.88..408.89 rows=1 width=8)
	  ->  Index Scan using sbtest7_pkey on sbtest7  (cost=0.43..408.62 rows=104 width=4)
	        Index Cond: ((id >= 5761449) AND (id <= 5761548))

table 8 : explain SELECT SUM(k) FROM sbtest8 WHERE id BETWEEN 85422 AND 85521
	Aggregate  (cost=427.71..427.72 rows=1 width=8)
	  ->  Index Scan using sbtest8_pkey on sbtest8  (cost=0.43..427.43 rows=109 width=4)
	        Index Cond: ((id >= 85422) AND (id <= 85521))

for point_selects
table 1 : explain SELECT c FROM sbtest1 WHERE id=6957438
	Index Scan using sbtest1_pkey on sbtest1  (cost=0.43..8.45 rows=1 width=121)
	  Index Cond: (id = 6957438)

table 2 : explain SELECT c FROM sbtest2 WHERE id=5595270
	Index Scan using sbtest2_pkey on sbtest2  (cost=0.43..8.45 rows=1 width=121)
	  Index Cond: (id = 5595270)

table 3 : explain SELECT c FROM sbtest3 WHERE id=3132225
	Index Scan using sbtest3_pkey on sbtest3  (cost=0.43..8.45 rows=1 width=121)
	  Index Cond: (id = 3132225)

table 4 : explain SELECT c FROM sbtest4 WHERE id=5772895
	Index Scan using sbtest4_pkey on sbtest4  (cost=0.43..8.45 rows=1 width=121)
	  Index Cond: (id = 5772895)

table 5 : explain SELECT c FROM sbtest5 WHERE id=8105775
	Index Scan using sbtest5_pkey on sbtest5  (cost=0.43..8.45 rows=1 width=121)
	  Index Cond: (id = 8105775)

table 6 : explain SELECT c FROM sbtest6 WHERE id=2641189
	Index Scan using sbtest6_pkey on sbtest6  (cost=0.43..8.45 rows=1 width=121)
	  Index Cond: (id = 2641189)

table 7 : explain SELECT c FROM sbtest7 WHERE id=7168147
	Index Scan using sbtest7_pkey on sbtest7  (cost=0.43..8.45 rows=1 width=121)
	  Index Cond: (id = 7168147)

table 8 : explain SELECT c FROM sbtest8 WHERE id=2479888
	Index Scan using sbtest8_pkey on sbtest8  (cost=0.43..8.45 rows=1 width=121)
	  Index Cond: (id = 2479888)

for non_index_updates
table 1 : explain UPDATE sbtest1 SET c='foobar' WHERE id=8431973
	Update on sbtest1  (cost=0.43..8.45 rows=0 width=0)
	  ->  Index Scan using sbtest1_pkey on sbtest1  (cost=0.43..8.45 rows=1 width=490)
	        Index Cond: (id = 8431973)

table 2 : explain UPDATE sbtest2 SET c='foobar' WHERE id=9846920
	Update on sbtest2  (cost=0.43..8.45 rows=0 width=0)
	  ->  Index Scan using sbtest2_pkey on sbtest2  (cost=0.43..8.45 rows=1 width=490)
	        Index Cond: (id = 9846920)

table 3 : explain UPDATE sbtest3 SET c='foobar' WHERE id=805613
	Update on sbtest3  (cost=0.43..8.45 rows=0 width=0)
	  ->  Index Scan using sbtest3_pkey on sbtest3  (cost=0.43..8.45 rows=1 width=490)
	        Index Cond: (id = 805613)

table 4 : explain UPDATE sbtest4 SET c='foobar' WHERE id=4594146
	Update on sbtest4  (cost=0.43..8.45 rows=0 width=0)
	  ->  Index Scan using sbtest4_pkey on sbtest4  (cost=0.43..8.45 rows=1 width=490)
	        Index Cond: (id = 4594146)

table 5 : explain UPDATE sbtest5 SET c='foobar' WHERE id=3374361
	Update on sbtest5  (cost=0.43..8.45 rows=0 width=0)
	  ->  Index Scan using sbtest5_pkey on sbtest5  (cost=0.43..8.45 rows=1 width=490)
	        Index Cond: (id = 3374361)

table 6 : explain UPDATE sbtest6 SET c='foobar' WHERE id=5277384
	Update on sbtest6  (cost=0.43..8.45 rows=0 width=0)
	  ->  Index Scan using sbtest6_pkey on sbtest6  (cost=0.43..8.45 rows=1 width=490)
	        Index Cond: (id = 5277384)

table 7 : explain UPDATE sbtest7 SET c='foobar' WHERE id=1744311
	Update on sbtest7  (cost=0.43..8.45 rows=0 width=0)
	  ->  Index Scan using sbtest7_pkey on sbtest7  (cost=0.43..8.45 rows=1 width=490)
	        Index Cond: (id = 1744311)

table 8 : explain UPDATE sbtest8 SET c='foobar' WHERE id=7646313
	Update on sbtest8  (cost=0.43..8.45 rows=0 width=0)
	  ->  Index Scan using sbtest8_pkey on sbtest8  (cost=0.43..8.45 rows=1 width=490)
	        Index Cond: (id = 7646313)

explain: for index_updates :: explain UPDATE sbtest%u SET k=k+1 WHERE id=%u
explain: for index_updates :: explain UPDATE sbtest%u SET k=k+1 WHERE id=%u
for point_selects
table 1 : explain SELECT c FROM sbtest1 WHERE id=3439488
	Index Scan using sbtest1_pkey on sbtest1  (cost=0.43..8.45 rows=1 width=121)
	  Index Cond: (id = 3439488)

table 2 : explain SELECT c FROM sbtest2 WHERE id=9564043
	Index Scan using sbtest2_pkey on sbtest2  (cost=0.43..8.45 rows=1 width=121)
	  Index Cond: (id = 9564043)

table 3 : explain SELECT c FROM sbtest3 WHERE id=9824912
	Index Scan using sbtest3_pkey on sbtest3  (cost=0.43..8.45 rows=1 width=121)
	  Index Cond: (id = 9824912)

table 4 : explain SELECT c FROM sbtest4 WHERE id=6570803
	Index Scan using sbtest4_pkey on sbtest4  (cost=0.43..8.45 rows=1 width=121)
	  Index Cond: (id = 6570803)

table 5 : explain SELECT c FROM sbtest5 WHERE id=9520673
	Index Scan using sbtest5_pkey on sbtest5  (cost=0.43..8.45 rows=1 width=121)
	  Index Cond: (id = 9520673)

table 6 : explain SELECT c FROM sbtest6 WHERE id=5113060
	Index Scan using sbtest6_pkey on sbtest6  (cost=0.43..8.45 rows=1 width=121)
	  Index Cond: (id = 5113060)

table 7 : explain SELECT c FROM sbtest7 WHERE id=8658209
	Index Scan using sbtest7_pkey on sbtest7  (cost=0.43..8.45 rows=1 width=121)
	  Index Cond: (id = 8658209)

table 8 : explain SELECT c FROM sbtest8 WHERE id=7538071
	Index Scan using sbtest8_pkey on sbtest8  (cost=0.43..8.45 rows=1 width=121)
	  Index Cond: (id = 7538071)

explain: for index_updates :: explain UPDATE sbtest%u SET k=k+1 WHERE id=%u
for inserts
table 1 : explain INSERT INTO sbtest1 (id, k, c, pad) VALUES (1258978, 13, 'foobar', 'foobar')
	Insert on sbtest1  (cost=0.00..0.01 rows=0 width=0)
	  ->  Result  (cost=0.00..0.01 rows=1 width=736)

table 2 : explain INSERT INTO sbtest2 (id, k, c, pad) VALUES (9126088, 13, 'foobar', 'foobar')
	Insert on sbtest2  (cost=0.00..0.01 rows=0 width=0)
	  ->  Result  (cost=0.00..0.01 rows=1 width=736)

table 3 : explain INSERT INTO sbtest3 (id, k, c, pad) VALUES (47240, 13, 'foobar', 'foobar')
	Insert on sbtest3  (cost=0.00..0.01 rows=0 width=0)
	  ->  Result  (cost=0.00..0.01 rows=1 width=736)

table 4 : explain INSERT INTO sbtest4 (id, k, c, pad) VALUES (9030380, 13, 'foobar', 'foobar')
	Insert on sbtest4  (cost=0.00..0.01 rows=0 width=0)
	  ->  Result  (cost=0.00..0.01 rows=1 width=736)

table 5 : explain INSERT INTO sbtest5 (id, k, c, pad) VALUES (6566374, 13, 'foobar', 'foobar')
	Insert on sbtest5  (cost=0.00..0.01 rows=0 width=0)
	  ->  Result  (cost=0.00..0.01 rows=1 width=736)

table 6 : explain INSERT INTO sbtest6 (id, k, c, pad) VALUES (2874651, 13, 'foobar', 'foobar')
	Insert on sbtest6  (cost=0.00..0.01 rows=0 width=0)
	  ->  Result  (cost=0.00..0.01 rows=1 width=736)

table 7 : explain INSERT INTO sbtest7 (id, k, c, pad) VALUES (6898919, 13, 'foobar', 'foobar')
	Insert on sbtest7  (cost=0.00..0.01 rows=0 width=0)
	  ->  Result  (cost=0.00..0.01 rows=1 width=736)

table 8 : explain INSERT INTO sbtest8 (id, k, c, pad) VALUES (1548115, 13, 'foobar', 'foobar')
	Insert on sbtest8  (cost=0.00..0.01 rows=0 width=0)
	  ->  Result  (cost=0.00..0.01 rows=1 width=736)

explain: for inserts :: explain INSERT INTO sbtest%u (id, k, c, pad) VALUES (%u, 13, 'foobar', 'foobar')
for: sum_ranges
table 1 : explain SELECT SUM(k) FROM sbtest1 WHERE id BETWEEN 6826391 AND 6826490
	Aggregate  (cost=378.13..378.14 rows=1 width=8)
	  ->  Index Scan using sbtest1_pkey on sbtest1  (cost=0.43..377.89 rows=96 width=4)
	        Index Cond: ((id >= 6826391) AND (id <= 6826490))

table 2 : explain SELECT SUM(k) FROM sbtest2 WHERE id BETWEEN 6939491 AND 6939590
	Aggregate  (cost=396.62..396.63 rows=1 width=8)
	  ->  Index Scan using sbtest2_pkey on sbtest2  (cost=0.43..396.36 rows=101 width=4)
	        Index Cond: ((id >= 6939491) AND (id <= 6939590))

table 3 : explain SELECT SUM(k) FROM sbtest3 WHERE id BETWEEN 4323852 AND 4323951
	Aggregate  (cost=384.72..384.73 rows=1 width=8)
	  ->  Index Scan using sbtest3_pkey on sbtest3  (cost=0.43..384.47 rows=98 width=4)
	        Index Cond: ((id >= 4323852) AND (id <= 4323951))

table 4 : explain SELECT SUM(k) FROM sbtest4 WHERE id BETWEEN 4576707 AND 4576806
	Aggregate  (cost=408.21..408.22 rows=1 width=8)
	  ->  Index Scan using sbtest4_pkey on sbtest4  (cost=0.43..407.95 rows=104 width=4)
	        Index Cond: ((id >= 4576707) AND (id <= 4576806))

table 5 : explain SELECT SUM(k) FROM sbtest5 WHERE id BETWEEN 8801879 AND 8801978
	Aggregate  (cost=380.15..380.16 rows=1 width=8)
	  ->  Index Scan using sbtest5_pkey on sbtest5  (cost=0.43..379.91 rows=97 width=4)
	        Index Cond: ((id >= 8801879) AND (id <= 8801978))

table 6 : explain SELECT SUM(k) FROM sbtest6 WHERE id BETWEEN 4202408 AND 4202507
	Aggregate  (cost=427.20..427.21 rows=1 width=8)
	  ->  Index Scan using sbtest6_pkey on sbtest6  (cost=0.43..426.92 rows=109 width=4)
	        Index Cond: ((id >= 4202408) AND (id <= 4202507))

table 7 : explain SELECT SUM(k) FROM sbtest7 WHERE id BETWEEN 1998056 AND 1998155
	Aggregate  (cost=385.53..385.54 rows=1 width=8)
	  ->  Index Scan using sbtest7_pkey on sbtest7  (cost=0.43..385.28 rows=98 width=4)
	        Index Cond: ((id >= 1998056) AND (id <= 1998155))

table 8 : explain SELECT SUM(k) FROM sbtest8 WHERE id BETWEEN 7959343 AND 7959442
	Aggregate  (cost=384.98..384.99 rows=1 width=8)
	  ->  Index Scan using sbtest8_pkey on sbtest8  (cost=0.43..384.73 rows=98 width=4)
	        Index Cond: ((id >= 7959343) AND (id <= 7959442))

explain: for point_selects :: explain SELECT c FROM sbtest%u WHERE id=%u
explain: for point_selects :: explain SELECT c FROM sbtest%u WHERE id=%u
explain: for deletes :: explain DELETE FROM sbtest%u WHERE id=%u
for: sum_ranges
table 1 : explain SELECT SUM(k) FROM sbtest1 WHERE id BETWEEN 7883656 AND 7883755
	Aggregate  (cost=389.81..389.82 rows=1 width=8)
	  ->  Index Scan using sbtest1_pkey on sbtest1  (cost=0.43..389.56 rows=99 width=4)
	        Index Cond: ((id >= 7883656) AND (id <= 7883755))

table 2 : explain SELECT SUM(k) FROM sbtest2 WHERE id BETWEEN 7726688 AND 7726787
	Aggregate  (cost=400.50..400.51 rows=1 width=8)
	  ->  Index Scan using sbtest2_pkey on sbtest2  (cost=0.43..400.24 rows=102 width=4)
	        Index Cond: ((id >= 7726688) AND (id <= 7726787))

table 3 : explain SELECT SUM(k) FROM sbtest3 WHERE id BETWEEN 7881264 AND 7881363
	Aggregate  (cost=415.78..415.79 rows=1 width=8)
	  ->  Index Scan using sbtest3_pkey on sbtest3  (cost=0.43..415.52 rows=106 width=4)
	        Index Cond: ((id >= 7881264) AND (id <= 7881363))

table 4 : explain SELECT SUM(k) FROM sbtest4 WHERE id BETWEEN 9815874 AND 9815973
	Aggregate  (cost=408.21..408.22 rows=1 width=8)
	  ->  Index Scan using sbtest4_pkey on sbtest4  (cost=0.43..407.95 rows=104 width=4)
	        Index Cond: ((id >= 9815874) AND (id <= 9815973))

table 5 : explain SELECT SUM(k) FROM sbtest5 WHERE id BETWEEN 4592319 AND 4592418
	Aggregate  (cost=384.02..384.03 rows=1 width=8)
	  ->  Index Scan using sbtest5_pkey on sbtest5  (cost=0.43..383.78 rows=98 width=4)
	        Index Cond: ((id >= 4592319) AND (id <= 4592418))

table 6 : explain SELECT SUM(k) FROM sbtest6 WHERE id BETWEEN 3048028 AND 3048127
	Aggregate  (cost=392.31..392.32 rows=1 width=8)
	  ->  Index Scan using sbtest6_pkey on sbtest6  (cost=0.43..392.06 rows=100 width=4)
	        Index Cond: ((id >= 3048028) AND (id <= 3048127))

table 7 : explain SELECT SUM(k) FROM sbtest7 WHERE id BETWEEN 1997690 AND 1997789
	Aggregate  (cost=385.53..385.54 rows=1 width=8)
	  ->  Index Scan using sbtest7_pkey on sbtest7  (cost=0.43..385.28 rows=98 width=4)
	        Index Cond: ((id >= 1997690) AND (id <= 1997789))

table 8 : explain SELECT SUM(k) FROM sbtest8 WHERE id BETWEEN 6391154 AND 6391253
	Aggregate  (cost=381.10..381.11 rows=1 width=8)
	  ->  Index Scan using sbtest8_pkey on sbtest8  (cost=0.43..380.86 rows=97 width=4)
	        Index Cond: ((id >= 6391154) AND (id <= 6391253))

for inserts
table 1 : explain INSERT INTO sbtest1 (id, k, c, pad) VALUES (2559771, 13, 'foobar', 'foobar')
	Insert on sbtest1  (cost=0.00..0.01 rows=0 width=0)
	  ->  Result  (cost=0.00..0.01 rows=1 width=736)

table 2 : explain INSERT INTO sbtest2 (id, k, c, pad) VALUES (4736804, 13, 'foobar', 'foobar')
	Insert on sbtest2  (cost=0.00..0.01 rows=0 width=0)
	  ->  Result  (cost=0.00..0.01 rows=1 width=736)

table 3 : explain INSERT INTO sbtest3 (id, k, c, pad) VALUES (8392406, 13, 'foobar', 'foobar')
	Insert on sbtest3  (cost=0.00..0.01 rows=0 width=0)
	  ->  Result  (cost=0.00..0.01 rows=1 width=736)

table 4 : explain INSERT INTO sbtest4 (id, k, c, pad) VALUES (8700877, 13, 'foobar', 'foobar')
	Insert on sbtest4  (cost=0.00..0.01 rows=0 width=0)
	  ->  Result  (cost=0.00..0.01 rows=1 width=736)

table 5 : explain INSERT INTO sbtest5 (id, k, c, pad) VALUES (9745555, 13, 'foobar', 'foobar')
	Insert on sbtest5  (cost=0.00..0.01 rows=0 width=0)
	  ->  Result  (cost=0.00..0.01 rows=1 width=736)

table 6 : explain INSERT INTO sbtest6 (id, k, c, pad) VALUES (6866516, 13, 'foobar', 'foobar')
	Insert on sbtest6  (cost=0.00..0.01 rows=0 width=0)
	  ->  Result  (cost=0.00..0.01 rows=1 width=736)

table 7 : explain INSERT INTO sbtest7 (id, k, c, pad) VALUES (8920948, 13, 'foobar', 'foobar')
	Insert on sbtest7  (cost=0.00..0.01 rows=0 width=0)
	  ->  Result  (cost=0.00..0.01 rows=1 width=736)

table 8 : explain INSERT INTO sbtest8 (id, k, c, pad) VALUES (4880922, 13, 'foobar', 'foobar')
	Insert on sbtest8  (cost=0.00..0.01 rows=0 width=0)
	  ->  Result  (cost=0.00..0.01 rows=1 width=736)

for index_updates
table 1 : explain UPDATE sbtest1 SET k=k+1 WHERE id=8642004
	Update on sbtest1  (cost=0.43..8.46 rows=0 width=0)
	  ->  Index Scan using sbtest1_pkey on sbtest1  (cost=0.43..8.46 rows=1 width=10)
	        Index Cond: (id = 8642004)

table 2 : explain UPDATE sbtest2 SET k=k+1 WHERE id=7674636
	Update on sbtest2  (cost=0.43..8.46 rows=0 width=0)
	  ->  Index Scan using sbtest2_pkey on sbtest2  (cost=0.43..8.46 rows=1 width=10)
	        Index Cond: (id = 7674636)

table 3 : explain UPDATE sbtest3 SET k=k+1 WHERE id=9423077
	Update on sbtest3  (cost=0.43..8.46 rows=0 width=0)
	  ->  Index Scan using sbtest3_pkey on sbtest3  (cost=0.43..8.46 rows=1 width=10)
	        Index Cond: (id = 9423077)

table 4 : explain UPDATE sbtest4 SET k=k+1 WHERE id=2525691
	Update on sbtest4  (cost=0.43..8.46 rows=0 width=0)
	  ->  Index Scan using sbtest4_pkey on sbtest4  (cost=0.43..8.46 rows=1 width=10)
	        Index Cond: (id = 2525691)

table 5 : explain UPDATE sbtest5 SET k=k+1 WHERE id=5099601
	Update on sbtest5  (cost=0.43..8.46 rows=0 width=0)
	  ->  Index Scan using sbtest5_pkey on sbtest5  (cost=0.43..8.46 rows=1 width=10)
	        Index Cond: (id = 5099601)

table 6 : explain UPDATE sbtest6 SET k=k+1 WHERE id=8459533
	Update on sbtest6  (cost=0.43..8.46 rows=0 width=0)
	  ->  Index Scan using sbtest6_pkey on sbtest6  (cost=0.43..8.46 rows=1 width=10)
	        Index Cond: (id = 8459533)

table 7 : explain UPDATE sbtest7 SET k=k+1 WHERE id=3069977
	Update on sbtest7  (cost=0.43..8.46 rows=0 width=0)
	  ->  Index Scan using sbtest7_pkey on sbtest7  (cost=0.43..8.46 rows=1 width=10)
	        Index Cond: (id = 3069977)

table 8 : explain UPDATE sbtest8 SET k=k+1 WHERE id=3826456
	Update on sbtest8  (cost=0.43..8.46 rows=0 width=0)
	  ->  Index Scan using sbtest8_pkey on sbtest8  (cost=0.43..8.46 rows=1 width=10)
	        Index Cond: (id = 3826456)

for index_updates
table 1 : explain UPDATE sbtest1 SET k=k+1 WHERE id=3569772
	Update on sbtest1  (cost=0.43..8.46 rows=0 width=0)
	  ->  Index Scan using sbtest1_pkey on sbtest1  (cost=0.43..8.46 rows=1 width=10)
	        Index Cond: (id = 3569772)

table 2 : explain UPDATE sbtest2 SET k=k+1 WHERE id=9782019
	Update on sbtest2  (cost=0.43..8.46 rows=0 width=0)
	  ->  Index Scan using sbtest2_pkey on sbtest2  (cost=0.43..8.46 rows=1 width=10)
	        Index Cond: (id = 9782019)

table 3 : explain UPDATE sbtest3 SET k=k+1 WHERE id=8639826
	Update on sbtest3  (cost=0.43..8.46 rows=0 width=0)
	  ->  Index Scan using sbtest3_pkey on sbtest3  (cost=0.43..8.46 rows=1 width=10)
	        Index Cond: (id = 8639826)

table 4 : explain UPDATE sbtest4 SET k=k+1 WHERE id=5390680
	Update on sbtest4  (cost=0.43..8.46 rows=0 width=0)
	  ->  Index Scan using sbtest4_pkey on sbtest4  (cost=0.43..8.46 rows=1 width=10)
	        Index Cond: (id = 5390680)

table 5 : explain UPDATE sbtest5 SET k=k+1 WHERE id=1318232
	Update on sbtest5  (cost=0.43..8.46 rows=0 width=0)
	  ->  Index Scan using sbtest5_pkey on sbtest5  (cost=0.43..8.46 rows=1 width=10)
	        Index Cond: (id = 1318232)

table 6 : explain UPDATE sbtest6 SET k=k+1 WHERE id=2312650
	Update on sbtest6  (cost=0.43..8.46 rows=0 width=0)
	  ->  Index Scan using sbtest6_pkey on sbtest6  (cost=0.43..8.46 rows=1 width=10)
	        Index Cond: (id = 2312650)

table 7 : explain UPDATE sbtest7 SET k=k+1 WHERE id=2125310
	Update on sbtest7  (cost=0.43..8.46 rows=0 width=0)
	  ->  Index Scan using sbtest7_pkey on sbtest7  (cost=0.43..8.46 rows=1 width=10)
	        Index Cond: (id = 2125310)

table 8 : explain UPDATE sbtest8 SET k=k+1 WHERE id=6318790
	Update on sbtest8  (cost=0.43..8.46 rows=0 width=0)
	  ->  Index Scan using sbtest8_pkey on sbtest8  (cost=0.43..8.46 rows=1 width=10)
	        Index Cond: (id = 6318790)

for point_selects
table 1 : explain SELECT c FROM sbtest1 WHERE id=3614287
	Index Scan using sbtest1_pkey on sbtest1  (cost=0.43..8.45 rows=1 width=121)
	  Index Cond: (id = 3614287)

table 2 : explain SELECT c FROM sbtest2 WHERE id=7463007
	Index Scan using sbtest2_pkey on sbtest2  (cost=0.43..8.45 rows=1 width=121)
	  Index Cond: (id = 7463007)

table 3 : explain SELECT c FROM sbtest3 WHERE id=6478288
	Index Scan using sbtest3_pkey on sbtest3  (cost=0.43..8.45 rows=1 width=121)
	  Index Cond: (id = 6478288)

table 4 : explain SELECT c FROM sbtest4 WHERE id=9160347
	Index Scan using sbtest4_pkey on sbtest4  (cost=0.43..8.45 rows=1 width=121)
	  Index Cond: (id = 9160347)

table 5 : explain SELECT c FROM sbtest5 WHERE id=6201779
	Index Scan using sbtest5_pkey on sbtest5  (cost=0.43..8.45 rows=1 width=121)
	  Index Cond: (id = 6201779)

table 6 : explain SELECT c FROM sbtest6 WHERE id=5560733
	Index Scan using sbtest6_pkey on sbtest6  (cost=0.43..8.45 rows=1 width=121)
	  Index Cond: (id = 5560733)

table 7 : explain SELECT c FROM sbtest7 WHERE id=4992980
	Index Scan using sbtest7_pkey on sbtest7  (cost=0.43..8.45 rows=1 width=121)
	  Index Cond: (id = 4992980)

table 8 : explain SELECT c FROM sbtest8 WHERE id=9486385
	Index Scan using sbtest8_pkey on sbtest8  (cost=0.43..8.45 rows=1 width=121)
	  Index Cond: (id = 9486385)

for index_updates
table 1 : explain UPDATE sbtest1 SET k=k+1 WHERE id=117562
	Update on sbtest1  (cost=0.43..8.46 rows=0 width=0)
	  ->  Index Scan using sbtest1_pkey on sbtest1  (cost=0.43..8.46 rows=1 width=10)
	        Index Cond: (id = 117562)

table 2 : explain UPDATE sbtest2 SET k=k+1 WHERE id=4156617
	Update on sbtest2  (cost=0.43..8.46 rows=0 width=0)
	  ->  Index Scan using sbtest2_pkey on sbtest2  (cost=0.43..8.46 rows=1 width=10)
	        Index Cond: (id = 4156617)

table 3 : explain UPDATE sbtest3 SET k=k+1 WHERE id=6475990
	Update on sbtest3  (cost=0.43..8.46 rows=0 width=0)
	  ->  Index Scan using sbtest3_pkey on sbtest3  (cost=0.43..8.46 rows=1 width=10)
	        Index Cond: (id = 6475990)

table 4 : explain UPDATE sbtest4 SET k=k+1 WHERE id=6457991
	Update on sbtest4  (cost=0.43..8.46 rows=0 width=0)
	  ->  Index Scan using sbtest4_pkey on sbtest4  (cost=0.43..8.46 rows=1 width=10)
	        Index Cond: (id = 6457991)

table 5 : explain UPDATE sbtest5 SET k=k+1 WHERE id=2923950
	Update on sbtest5  (cost=0.43..8.46 rows=0 width=0)
	  ->  Index Scan using sbtest5_pkey on sbtest5  (cost=0.43..8.46 rows=1 width=10)
	        Index Cond: (id = 2923950)

table 6 : explain UPDATE sbtest6 SET k=k+1 WHERE id=9414139
	Update on sbtest6  (cost=0.43..8.46 rows=0 width=0)
	  ->  Index Scan using sbtest6_pkey on sbtest6  (cost=0.43..8.46 rows=1 width=10)
	        Index Cond: (id = 9414139)

table 7 : explain UPDATE sbtest7 SET k=k+1 WHERE id=9511758
	Update on sbtest7  (cost=0.43..8.46 rows=0 width=0)
	  ->  Index Scan using sbtest7_pkey on sbtest7  (cost=0.43..8.46 rows=1 width=10)
	        Index Cond: (id = 9511758)

table 8 : explain UPDATE sbtest8 SET k=k+1 WHERE id=2733651
	Update on sbtest8  (cost=0.43..8.46 rows=0 width=0)
	  ->  Index Scan using sbtest8_pkey on sbtest8  (cost=0.43..8.46 rows=1 width=10)
	        Index Cond: (id = 2733651)

for: order_ranges
table 1 : explain SELECT c FROM sbtest1 WHERE id BETWEEN 550288 AND 550387 ORDER BY c
	Sort  (cost=404.66..404.91 rows=102 width=121)
	  Sort Key: c
	  ->  Index Scan using sbtest1_pkey on sbtest1  (cost=0.43..401.26 rows=102 width=121)
	        Index Cond: ((id >= 550288) AND (id <= 550387))

table 2 : explain SELECT c FROM sbtest2 WHERE id BETWEEN 9280202 AND 9280301 ORDER BY c
	Sort  (cost=372.26..372.50 rows=94 width=121)
	  Sort Key: c
	  ->  Index Scan using sbtest2_pkey on sbtest2  (cost=0.43..369.18 rows=94 width=121)
	        Index Cond: ((id >= 9280202) AND (id <= 9280301))

table 3 : explain SELECT c FROM sbtest3 WHERE id BETWEEN 6031385 AND 6031484 ORDER BY c
	Sort  (cost=391.63..391.88 rows=99 width=121)
	  Sort Key: c
	  ->  Index Scan using sbtest3_pkey on sbtest3  (cost=0.43..388.35 rows=99 width=121)
	        Index Cond: ((id >= 6031385) AND (id <= 6031484))

table 4 : explain SELECT c FROM sbtest4 WHERE id BETWEEN 6082580 AND 6082679 ORDER BY c
	Sort  (cost=391.81..392.06 rows=99 width=121)
	  Sort Key: c
	  ->  Index Scan using sbtest4_pkey on sbtest4  (cost=0.43..388.53 rows=99 width=121)
	        Index Cond: ((id >= 6082580) AND (id <= 6082679))

table 5 : explain SELECT c FROM sbtest5 WHERE id BETWEEN 1820686 AND 1820785 ORDER BY c
	Sort  (cost=383.11..383.35 rows=97 width=121)
	  Sort Key: c
	  ->  Index Scan using sbtest5_pkey on sbtest5  (cost=0.43..379.91 rows=97 width=121)
	        Index Cond: ((id >= 1820686) AND (id <= 1820785))

table 6 : explain SELECT c FROM sbtest6 WHERE id BETWEEN 9512468 AND 9512567 ORDER BY c
	Sort  (cost=364.03..364.26 rows=92 width=121)
	  Sort Key: c
	  ->  Index Scan using sbtest6_pkey on sbtest6  (cost=0.43..361.03 rows=92 width=121)
	        Index Cond: ((id >= 9512468) AND (id <= 9512567))

table 7 : explain SELECT c FROM sbtest7 WHERE id BETWEEN 5095988 AND 5096087 ORDER BY c
	Sort  (cost=400.33..400.58 rows=101 width=121)
	  Sort Key: c
	  ->  Index Scan using sbtest7_pkey on sbtest7  (cost=0.43..396.97 rows=101 width=121)
	        Index Cond: ((id >= 5095988) AND (id <= 5096087))

table 8 : explain SELECT c FROM sbtest8 WHERE id BETWEEN 3197039 AND 3197138 ORDER BY c
	Sort  (cost=376.22..376.46 rows=95 width=121)
	  Sort Key: c
	  ->  Index Scan using sbtest8_pkey on sbtest8  (cost=0.43..373.10 rows=95 width=121)
	        Index Cond: ((id >= 3197039) AND (id <= 3197138))

for: order_ranges
table 1 : explain SELECT c FROM sbtest1 WHERE id BETWEEN 1549031 AND 1549130 ORDER BY c
	Sort  (cost=424.30..424.57 rows=107 width=121)
	  Sort Key: c
	  ->  Index Scan using sbtest1_pkey on sbtest1  (cost=0.43..420.70 rows=107 width=121)
	        Index Cond: ((id >= 1549031) AND (id <= 1549130))

table 2 : explain SELECT c FROM sbtest2 WHERE id BETWEEN 8395623 AND 8395722 ORDER BY c
	Sort  (cost=415.40..415.66 rows=105 width=121)
	  Sort Key: c
	  ->  Index Scan using sbtest2_pkey on sbtest2  (cost=0.43..411.88 rows=105 width=121)
	        Index Cond: ((id >= 8395623) AND (id <= 8395722))

table 3 : explain SELECT c FROM sbtest3 WHERE id BETWEEN 4322500 AND 4322599 ORDER BY c
	Sort  (cost=387.71..387.96 rows=98 width=121)
	  Sort Key: c
	  ->  Index Scan using sbtest3_pkey on sbtest3  (cost=0.43..384.47 rows=98 width=121)
	        Index Cond: ((id >= 4322500) AND (id <= 4322599))

table 4 : explain SELECT c FROM sbtest4 WHERE id BETWEEN 1298153 AND 1298252 ORDER BY c
	Sort  (cost=376.14..376.38 rows=95 width=121)
	  Sort Key: c
	  ->  Index Scan using sbtest4_pkey on sbtest4  (cost=0.43..373.02 rows=95 width=121)
	        Index Cond: ((id >= 1298153) AND (id <= 1298252))

table 5 : explain SELECT c FROM sbtest5 WHERE id BETWEEN 9411756 AND 9411855 ORDER BY c
	Sort  (cost=367.47..367.71 rows=93 width=121)
	  Sort Key: c
	  ->  Index Scan using sbtest5_pkey on sbtest5  (cost=0.43..364.43 rows=93 width=121)
	        Index Cond: ((id >= 9411756) AND (id <= 9411855))

table 6 : explain SELECT c FROM sbtest6 WHERE id BETWEEN 7636774 AND 7636873 ORDER BY c
	Sort  (cost=379.69..379.93 rows=96 width=121)
	  Sort Key: c
	  ->  Index Scan using sbtest6_pkey on sbtest6  (cost=0.43..376.53 rows=96 width=121)
	        Index Cond: ((id >= 7636774) AND (id <= 7636873))

table 7 : explain SELECT c FROM sbtest7 WHERE id BETWEEN 3326372 AND 3326471 ORDER BY c
	Sort  (cost=392.48..392.73 rows=99 width=121)
	  Sort Key: c
	  ->  Index Scan using sbtest7_pkey on sbtest7  (cost=0.43..389.20 rows=99 width=121)
	        Index Cond: ((id >= 3326372) AND (id <= 3326471))

table 8 : explain SELECT c FROM sbtest8 WHERE id BETWEEN 6182025 AND 6182124 ORDER BY c
	Sort  (cost=387.98..388.22 rows=98 width=121)
	  Sort Key: c
	  ->  Index Scan using sbtest8_pkey on sbtest8  (cost=0.43..384.73 rows=98 width=121)
	        Index Cond: ((id >= 6182025) AND (id <= 6182124))

for: simple_ranges
table 1 : explain SELECT c FROM sbtest1 WHERE id BETWEEN 7317587 AND 7317686
	Index Scan using sbtest1_pkey on sbtest1  (cost=0.43..370.12 rows=94 width=121)
	  Index Cond: ((id >= 7317587) AND (id <= 7317686))

table 2 : explain SELECT c FROM sbtest2 WHERE id BETWEEN 59747 AND 59846
	Index Scan using sbtest2_pkey on sbtest2  (cost=0.43..396.36 rows=101 width=121)
	  Index Cond: ((id >= 59747) AND (id <= 59846))

table 3 : explain SELECT c FROM sbtest3 WHERE id BETWEEN 5928672 AND 5928771
	Index Scan using sbtest3_pkey on sbtest3  (cost=0.43..446.52 rows=114 width=121)
	  Index Cond: ((id >= 5928672) AND (id <= 5928771))

table 4 : explain SELECT c FROM sbtest4 WHERE id BETWEEN 866045 AND 866144
	Index Scan using sbtest4_pkey on sbtest4  (cost=0.43..400.20 rows=102 width=121)
	  Index Cond: ((id >= 866045) AND (id <= 866144))

table 5 : explain SELECT c FROM sbtest5 WHERE id BETWEEN 8027403 AND 8027502
	Index Scan using sbtest5_pkey on sbtest5  (cost=0.43..379.91 rows=97 width=121)
	  Index Cond: ((id >= 8027403) AND (id <= 8027502))

table 6 : explain SELECT c FROM sbtest6 WHERE id BETWEEN 5196534 AND 5196633
	Index Scan using sbtest6_pkey on sbtest6  (cost=0.43..399.81 rows=102 width=121)
	  Index Cond: ((id >= 5196534) AND (id <= 5196633))

table 7 : explain SELECT c FROM sbtest7 WHERE id BETWEEN 3707046 AND 3707145
	Index Scan using sbtest7_pkey on sbtest7  (cost=0.43..400.85 rows=102 width=121)
	  Index Cond: ((id >= 3707046) AND (id <= 3707145))

table 8 : explain SELECT c FROM sbtest8 WHERE id BETWEEN 5792363 AND 5792462
	Index Scan using sbtest8_pkey on sbtest8  (cost=0.43..369.22 rows=94 width=121)
	  Index Cond: ((id >= 5792363) AND (id <= 5792462))

for non_index_updates
table 1 : explain UPDATE sbtest1 SET c='foobar' WHERE id=2776916
	Update on sbtest1  (cost=0.43..8.45 rows=0 width=0)
	  ->  Index Scan using sbtest1_pkey on sbtest1  (cost=0.43..8.45 rows=1 width=490)
	        Index Cond: (id = 2776916)

table 2 : explain UPDATE sbtest2 SET c='foobar' WHERE id=639044
	Update on sbtest2  (cost=0.43..8.45 rows=0 width=0)
	  ->  Index Scan using sbtest2_pkey on sbtest2  (cost=0.43..8.45 rows=1 width=490)
	        Index Cond: (id = 639044)

table 3 : explain UPDATE sbtest3 SET c='foobar' WHERE id=218564
	Update on sbtest3  (cost=0.43..8.45 rows=0 width=0)
	  ->  Index Scan using sbtest3_pkey on sbtest3  (cost=0.43..8.45 rows=1 width=490)
	        Index Cond: (id = 218564)

table 4 : explain UPDATE sbtest4 SET c='foobar' WHERE id=4487358
	Update on sbtest4  (cost=0.43..8.45 rows=0 width=0)
	  ->  Index Scan using sbtest4_pkey on sbtest4  (cost=0.43..8.45 rows=1 width=490)
	        Index Cond: (id = 4487358)

table 5 : explain UPDATE sbtest5 SET c='foobar' WHERE id=1705681
	Update on sbtest5  (cost=0.43..8.45 rows=0 width=0)
	  ->  Index Scan using sbtest5_pkey on sbtest5  (cost=0.43..8.45 rows=1 width=490)
	        Index Cond: (id = 1705681)

table 6 : explain UPDATE sbtest6 SET c='foobar' WHERE id=6929779
	Update on sbtest6  (cost=0.43..8.45 rows=0 width=0)
	  ->  Index Scan using sbtest6_pkey on sbtest6  (cost=0.43..8.45 rows=1 width=490)
	        Index Cond: (id = 6929779)

table 7 : explain UPDATE sbtest7 SET c='foobar' WHERE id=493170
	Update on sbtest7  (cost=0.43..8.45 rows=0 width=0)
	  ->  Index Scan using sbtest7_pkey on sbtest7  (cost=0.43..8.45 rows=1 width=490)
	        Index Cond: (id = 493170)

table 8 : explain UPDATE sbtest8 SET c='foobar' WHERE id=4036479
	Update on sbtest8  (cost=0.43..8.45 rows=0 width=0)
	  ->  Index Scan using sbtest8_pkey on sbtest8  (cost=0.43..8.45 rows=1 width=490)
	        Index Cond: (id = 4036479)

for: simple_ranges
table 1 : explain SELECT c FROM sbtest1 WHERE id BETWEEN 4687338 AND 4687437
	Index Scan using sbtest1_pkey on sbtest1  (cost=0.43..381.78 rows=97 width=121)
	  Index Cond: ((id >= 4687338) AND (id <= 4687437))

table 2 : explain SELECT c FROM sbtest2 WHERE id BETWEEN 2357904 AND 2358003
	Index Scan using sbtest2_pkey on sbtest2  (cost=0.43..373.06 rows=95 width=121)
	  Index Cond: ((id >= 2357904) AND (id <= 2358003))

table 3 : explain SELECT c FROM sbtest3 WHERE id BETWEEN 5264224 AND 5264323
	Index Scan using sbtest3_pkey on sbtest3  (cost=0.43..372.85 rows=95 width=121)
	  Index Cond: ((id >= 5264224) AND (id <= 5264323))

table 4 : explain SELECT c FROM sbtest4 WHERE id BETWEEN 8971335 AND 8971434
	Index Scan using sbtest4_pkey on sbtest4  (cost=0.43..388.53 rows=99 width=121)
	  Index Cond: ((id >= 8971335) AND (id <= 8971434))

table 5 : explain SELECT c FROM sbtest5 WHERE id BETWEEN 6667149 AND 6667248
	Index Scan using sbtest5_pkey on sbtest5  (cost=0.43..376.04 rows=96 width=121)
	  Index Cond: ((id >= 6667149) AND (id <= 6667248))

table 6 : explain SELECT c FROM sbtest6 WHERE id BETWEEN 6456014 AND 6456113
	Index Scan using sbtest6_pkey on sbtest6  (cost=0.43..384.28 rows=98 width=121)
	  Index Cond: ((id >= 6456014) AND (id <= 6456113))

table 7 : explain SELECT c FROM sbtest7 WHERE id BETWEEN 8516314 AND 8516413
	Index Scan using sbtest7_pkey on sbtest7  (cost=0.43..424.16 rows=108 width=121)
	  Index Cond: ((id >= 8516314) AND (id <= 8516413))

table 8 : explain SELECT c FROM sbtest8 WHERE id BETWEEN 6599286 AND 6599385
	Index Scan using sbtest8_pkey on sbtest8  (cost=0.43..423.55 rows=108 width=121)
	  Index Cond: ((id >= 6599286) AND (id <= 6599385))

for non_index_updates
table 1 : explain UPDATE sbtest1 SET c='foobar' WHERE id=5330366
	Update on sbtest1  (cost=0.43..8.45 rows=0 width=0)
	  ->  Index Scan using sbtest1_pkey on sbtest1  (cost=0.43..8.45 rows=1 width=490)
	        Index Cond: (id = 5330366)

table 2 : explain UPDATE sbtest2 SET c='foobar' WHERE id=9667740
	Update on sbtest2  (cost=0.43..8.45 rows=0 width=0)
	  ->  Index Scan using sbtest2_pkey on sbtest2  (cost=0.43..8.45 rows=1 width=490)
	        Index Cond: (id = 9667740)

table 3 : explain UPDATE sbtest3 SET c='foobar' WHERE id=8246703
	Update on sbtest3  (cost=0.43..8.45 rows=0 width=0)
	  ->  Index Scan using sbtest3_pkey on sbtest3  (cost=0.43..8.45 rows=1 width=490)
	        Index Cond: (id = 8246703)

table 4 : explain UPDATE sbtest4 SET c='foobar' WHERE id=3299396
	Update on sbtest4  (cost=0.43..8.45 rows=0 width=0)
	  ->  Index Scan using sbtest4_pkey on sbtest4  (cost=0.43..8.45 rows=1 width=490)
	        Index Cond: (id = 3299396)

table 5 : explain UPDATE sbtest5 SET c='foobar' WHERE id=8649383
	Update on sbtest5  (cost=0.43..8.45 rows=0 width=0)
	  ->  Index Scan using sbtest5_pkey on sbtest5  (cost=0.43..8.45 rows=1 width=490)
	        Index Cond: (id = 8649383)

table 6 : explain UPDATE sbtest6 SET c='foobar' WHERE id=5654935
	Update on sbtest6  (cost=0.43..8.45 rows=0 width=0)
	  ->  Index Scan using sbtest6_pkey on sbtest6  (cost=0.43..8.45 rows=1 width=490)
	        Index Cond: (id = 5654935)

table 7 : explain UPDATE sbtest7 SET c='foobar' WHERE id=7814072
	Update on sbtest7  (cost=0.43..8.45 rows=0 width=0)
	  ->  Index Scan using sbtest7_pkey on sbtest7  (cost=0.43..8.45 rows=1 width=490)
	        Index Cond: (id = 7814072)

table 8 : explain UPDATE sbtest8 SET c='foobar' WHERE id=3927197
	Update on sbtest8  (cost=0.43..8.45 rows=0 width=0)
	  ->  Index Scan using sbtest8_pkey on sbtest8  (cost=0.43..8.45 rows=1 width=490)
	        Index Cond: (id = 3927197)

for index_updates
table 1 : explain UPDATE sbtest1 SET k=k+1 WHERE id=6896129
	Update on sbtest1  (cost=0.43..8.46 rows=0 width=0)
	  ->  Index Scan using sbtest1_pkey on sbtest1  (cost=0.43..8.46 rows=1 width=10)
	        Index Cond: (id = 6896129)

table 2 : explain UPDATE sbtest2 SET k=k+1 WHERE id=4790216
	Update on sbtest2  (cost=0.43..8.46 rows=0 width=0)
	  ->  Index Scan using sbtest2_pkey on sbtest2  (cost=0.43..8.46 rows=1 width=10)
	        Index Cond: (id = 4790216)

table 3 : explain UPDATE sbtest3 SET k=k+1 WHERE id=2933379
	Update on sbtest3  (cost=0.43..8.46 rows=0 width=0)
	  ->  Index Scan using sbtest3_pkey on sbtest3  (cost=0.43..8.46 rows=1 width=10)
	        Index Cond: (id = 2933379)

table 4 : explain UPDATE sbtest4 SET k=k+1 WHERE id=9761116
	Update on sbtest4  (cost=0.43..8.46 rows=0 width=0)
	  ->  Index Scan using sbtest4_pkey on sbtest4  (cost=0.43..8.46 rows=1 width=10)
	        Index Cond: (id = 9761116)

table 5 : explain UPDATE sbtest5 SET k=k+1 WHERE id=8194271
	Update on sbtest5  (cost=0.43..8.46 rows=0 width=0)
	  ->  Index Scan using sbtest5_pkey on sbtest5  (cost=0.43..8.46 rows=1 width=10)
	        Index Cond: (id = 8194271)

table 6 : explain UPDATE sbtest6 SET k=k+1 WHERE id=9300820
	Update on sbtest6  (cost=0.43..8.46 rows=0 width=0)
	  ->  Index Scan using sbtest6_pkey on sbtest6  (cost=0.43..8.46 rows=1 width=10)
	        Index Cond: (id = 9300820)

table 7 : explain UPDATE sbtest7 SET k=k+1 WHERE id=6416885
	Update on sbtest7  (cost=0.43..8.46 rows=0 width=0)
	  ->  Index Scan using sbtest7_pkey on sbtest7  (cost=0.43..8.46 rows=1 width=10)
	        Index Cond: (id = 6416885)

table 8 : explain UPDATE sbtest8 SET k=k+1 WHERE id=4129247
	Update on sbtest8  (cost=0.43..8.46 rows=0 width=0)
	  ->  Index Scan using sbtest8_pkey on sbtest8  (cost=0.43..8.46 rows=1 width=10)
	        Index Cond: (id = 4129247)

explain: for non_index_updates :: explain UPDATE sbtest%u SET c='foobar' WHERE id=%u
explain: for non_index_updates :: explain UPDATE sbtest%u SET c='foobar' WHERE id=%u
explain: for non_index_updates :: explain UPDATE sbtest%u SET c='foobar' WHERE id=%u
for point_selects
table 1 : explain SELECT c FROM sbtest1 WHERE id=9612904
	Index Scan using sbtest1_pkey on sbtest1  (cost=0.43..8.45 rows=1 width=121)
	  Index Cond: (id = 9612904)

table 2 : explain SELECT c FROM sbtest2 WHERE id=9631288
	Index Scan using sbtest2_pkey on sbtest2  (cost=0.43..8.45 rows=1 width=121)
	  Index Cond: (id = 9631288)

table 3 : explain SELECT c FROM sbtest3 WHERE id=9156674
	Index Scan using sbtest3_pkey on sbtest3  (cost=0.43..8.45 rows=1 width=121)
	  Index Cond: (id = 9156674)

table 4 : explain SELECT c FROM sbtest4 WHERE id=1586985
	Index Scan using sbtest4_pkey on sbtest4  (cost=0.43..8.45 rows=1 width=121)
	  Index Cond: (id = 1586985)

table 5 : explain SELECT c FROM sbtest5 WHERE id=6760176
	Index Scan using sbtest5_pkey on sbtest5  (cost=0.43..8.45 rows=1 width=121)
	  Index Cond: (id = 6760176)

table 6 : explain SELECT c FROM sbtest6 WHERE id=49778
	Index Scan using sbtest6_pkey on sbtest6  (cost=0.43..8.45 rows=1 width=121)
	  Index Cond: (id = 49778)

table 7 : explain SELECT c FROM sbtest7 WHERE id=1562644
	Index Scan using sbtest7_pkey on sbtest7  (cost=0.43..8.45 rows=1 width=121)
	  Index Cond: (id = 1562644)

table 8 : explain SELECT c FROM sbtest8 WHERE id=8341465
	Index Scan using sbtest8_pkey on sbtest8  (cost=0.43..8.45 rows=1 width=121)
	  Index Cond: (id = 8341465)

explain: for deletes :: explain DELETE FROM sbtest%u WHERE id=%u
explain: for non_index_updates :: explain UPDATE sbtest%u SET c='foobar' WHERE id=%u
explain: for point_selects :: explain SELECT c FROM sbtest%u WHERE id=%u
for deletes
table 1 : explain DELETE FROM sbtest1 WHERE id=7706542
	Delete on sbtest1  (cost=0.43..8.45 rows=0 width=0)
	  ->  Index Scan using sbtest1_pkey on sbtest1  (cost=0.43..8.45 rows=1 width=6)
	        Index Cond: (id = 7706542)

table 2 : explain DELETE FROM sbtest2 WHERE id=103941
	Delete on sbtest2  (cost=0.43..8.45 rows=0 width=0)
	  ->  Index Scan using sbtest2_pkey on sbtest2  (cost=0.43..8.45 rows=1 width=6)
	        Index Cond: (id = 103941)

table 3 : explain DELETE FROM sbtest3 WHERE id=8163166
	Delete on sbtest3  (cost=0.43..8.45 rows=0 width=0)
	  ->  Index Scan using sbtest3_pkey on sbtest3  (cost=0.43..8.45 rows=1 width=6)
	        Index Cond: (id = 8163166)

table 4 : explain DELETE FROM sbtest4 WHERE id=6476605
	Delete on sbtest4  (cost=0.43..8.45 rows=0 width=0)
	  ->  Index Scan using sbtest4_pkey on sbtest4  (cost=0.43..8.45 rows=1 width=6)
	        Index Cond: (id = 6476605)

table 5 : explain DELETE FROM sbtest5 WHERE id=3425829
	Delete on sbtest5  (cost=0.43..8.45 rows=0 width=0)
	  ->  Index Scan using sbtest5_pkey on sbtest5  (cost=0.43..8.45 rows=1 width=6)
	        Index Cond: (id = 3425829)

table 6 : explain DELETE FROM sbtest6 WHERE id=3643657
	Delete on sbtest6  (cost=0.43..8.45 rows=0 width=0)
	  ->  Index Scan using sbtest6_pkey on sbtest6  (cost=0.43..8.45 rows=1 width=6)
	        Index Cond: (id = 3643657)

table 7 : explain DELETE FROM sbtest7 WHERE id=4752186
	Delete on sbtest7  (cost=0.43..8.45 rows=0 width=0)
	  ->  Index Scan using sbtest7_pkey on sbtest7  (cost=0.43..8.45 rows=1 width=6)
	        Index Cond: (id = 4752186)

table 8 : explain DELETE FROM sbtest8 WHERE id=6768706
	Delete on sbtest8  (cost=0.43..8.45 rows=0 width=0)
	  ->  Index Scan using sbtest8_pkey on sbtest8  (cost=0.43..8.45 rows=1 width=6)
	        Index Cond: (id = 6768706)

explain: for deletes :: explain DELETE FROM sbtest%u WHERE id=%u
for: distinct_ranges
table 1 : explain SELECT DISTINCT c FROM sbtest1 WHERE id BETWEEN 7218893 AND 7218992 ORDER BY c
	Unique  (cost=443.95..444.51 rows=112 width=121)
	  ->  Sort  (cost=443.95..444.23 rows=112 width=121)
	        Sort Key: c
	        ->  Index Scan using sbtest1_pkey on sbtest1  (cost=0.43..440.14 rows=112 width=121)
	              Index Cond: ((id >= 7218893) AND (id <= 7218992))

table 2 : explain SELECT DISTINCT c FROM sbtest2 WHERE id BETWEEN 1902418 AND 1902517 ORDER BY c
	Unique  (cost=387.94..388.43 rows=98 width=121)
	  ->  Sort  (cost=387.94..388.18 rows=98 width=121)
	        Sort Key: c
	        ->  Index Scan using sbtest2_pkey on sbtest2  (cost=0.43..384.69 rows=98 width=121)
	              Index Cond: ((id >= 1902418) AND (id <= 1902517))

table 3 : explain SELECT DISTINCT c FROM sbtest3 WHERE id BETWEEN 500618 AND 500717 ORDER BY c
	Unique  (cost=403.42..403.93 rows=102 width=121)
	  ->  Sort  (cost=403.42..403.67 rows=102 width=121)
	        Sort Key: c
	        ->  Index Scan using sbtest3_pkey on sbtest3  (cost=0.43..400.01 rows=102 width=121)
	              Index Cond: ((id >= 500618) AND (id <= 500717))

table 4 : explain SELECT DISTINCT c FROM sbtest4 WHERE id BETWEEN 9895239 AND 9895338 ORDER BY c
	Unique  (cost=411.43..411.95 rows=104 width=121)
	  ->  Sort  (cost=411.43..411.69 rows=104 width=121)
	        Sort Key: c
	        ->  Index Scan using sbtest4_pkey on sbtest4  (cost=0.43..407.95 rows=104 width=121)
	              Index Cond: ((id >= 9895239) AND (id <= 9895338))

table 5 : explain SELECT DISTINCT c FROM sbtest5 WHERE id BETWEEN 6298552 AND 6298651 ORDER BY c
	Unique  (cost=445.69..446.26 rows=113 width=121)
	  ->  Sort  (cost=445.69..445.98 rows=113 width=121)
	        Sort Key: c
	        ->  Index Scan using sbtest5_pkey on sbtest5  (cost=0.43..441.84 rows=113 width=121)
	              Index Cond: ((id >= 6298552) AND (id <= 6298651))

table 6 : explain SELECT DISTINCT c FROM sbtest6 WHERE id BETWEEN 4039969 AND 4040068 ORDER BY c
	Unique  (cost=414.95..415.48 rows=105 width=121)
	  ->  Sort  (cost=414.95..415.22 rows=105 width=121)
	        Sort Key: c
	        ->  Index Scan using sbtest6_pkey on sbtest6  (cost=0.43..411.43 rows=105 width=121)
	              Index Cond: ((id >= 4039969) AND (id <= 4040068))

table 7 : explain SELECT DISTINCT c FROM sbtest7 WHERE id BETWEEN 6215460 AND 6215559 ORDER BY c
	Unique  (cost=412.10..412.62 rows=104 width=121)
	  ->  Sort  (cost=412.10..412.36 rows=104 width=121)
	        Sort Key: c
	        ->  Index Scan using sbtest7_pkey on sbtest7  (cost=0.43..408.62 rows=104 width=121)
	              Index Cond: ((id >= 6215460) AND (id <= 6215559))

table 8 : explain SELECT DISTINCT c FROM sbtest8 WHERE id BETWEEN 1234884 AND 1234983 ORDER BY c
	Unique  (cost=395.85..396.35 rows=100 width=121)
	  ->  Sort  (cost=395.85..396.10 rows=100 width=121)
	        Sort Key: c
	        ->  Index Scan using sbtest8_pkey on sbtest8  (cost=0.43..392.53 rows=100 width=121)
	              Index Cond: ((id >= 1234884) AND (id <= 1234983))

for: order_ranges
table 1 : explain SELECT c FROM sbtest1 WHERE id BETWEEN 6185093 AND 6185192 ORDER BY c
	Sort  (cost=381.06..381.30 rows=96 width=121)
	  Sort Key: c
	  ->  Index Scan using sbtest1_pkey on sbtest1  (cost=0.43..377.89 rows=96 width=121)
	        Index Cond: ((id >= 6185093) AND (id <= 6185192))

table 2 : explain SELECT c FROM sbtest2 WHERE id BETWEEN 2019206 AND 2019305 ORDER BY c
	Sort  (cost=380.10..380.34 rows=96 width=121)
	  Sort Key: c
	  ->  Index Scan using sbtest2_pkey on sbtest2  (cost=0.43..376.94 rows=96 width=121)
	        Index Cond: ((id >= 2019206) AND (id <= 2019305))

table 3 : explain SELECT c FROM sbtest3 WHERE id BETWEEN 6794888 AND 6794987 ORDER BY c
	Sort  (cost=372.05..372.29 rows=94 width=121)
	  Sort Key: c
	  ->  Index Scan using sbtest3_pkey on sbtest3  (cost=0.43..368.97 rows=94 width=121)
	        Index Cond: ((id >= 6794888) AND (id <= 6794987))

table 4 : explain SELECT c FROM sbtest4 WHERE id BETWEEN 9401995 AND 9402094 ORDER BY c
	Sort  (cost=383.97..384.22 rows=97 width=121)
	  Sort Key: c
	  ->  Index Scan using sbtest4_pkey on sbtest4  (cost=0.43..380.77 rows=97 width=121)
	        Index Cond: ((id >= 9401995) AND (id <= 9402094))

table 5 : explain SELECT c FROM sbtest5 WHERE id BETWEEN 232889 AND 232988 ORDER BY c
	Sort  (cost=375.29..375.53 rows=95 width=121)
	  Sort Key: c
	  ->  Index Scan using sbtest5_pkey on sbtest5  (cost=0.43..372.17 rows=95 width=121)
	        Index Cond: ((id >= 232889) AND (id <= 232988))

table 6 : explain SELECT c FROM sbtest6 WHERE id BETWEEN 9851640 AND 9851739 ORDER BY c
	Sort  (cost=383.60..383.85 rows=97 width=121)
	  Sort Key: c
	  ->  Index Scan using sbtest6_pkey on sbtest6  (cost=0.43..380.40 rows=97 width=121)
	        Index Cond: ((id >= 9851640) AND (id <= 9851739))

table 7 : explain SELECT c FROM sbtest7 WHERE id BETWEEN 2514692 AND 2514791 ORDER BY c
	Sort  (cost=408.18..408.44 rows=103 width=121)
	  Sort Key: c
	  ->  Index Scan using sbtest7_pkey on sbtest7  (cost=0.43..404.74 rows=103 width=121)
	        Index Cond: ((id >= 2514692) AND (id <= 2514791))

table 8 : explain SELECT c FROM sbtest8 WHERE id BETWEEN 2158976 AND 2159075 ORDER BY c
	Sort  (cost=384.06..384.30 rows=97 width=121)
	  Sort Key: c
	  ->  Index Scan using sbtest8_pkey on sbtest8  (cost=0.43..380.86 rows=97 width=121)
	        Index Cond: ((id >= 2158976) AND (id <= 2159075))

for: order_ranges
table 1 : explain SELECT c FROM sbtest1 WHERE id BETWEEN 6923921 AND 6924020 ORDER BY c
	Sort  (cost=384.98..385.23 rows=97 width=121)
	  Sort Key: c
	  ->  Index Scan using sbtest1_pkey on sbtest1  (cost=0.43..381.78 rows=97 width=121)
	        Index Cond: ((id >= 6923921) AND (id <= 6924020))

table 2 : explain SELECT c FROM sbtest2 WHERE id BETWEEN 3957309 AND 3957408 ORDER BY c
	Sort  (cost=395.77..396.02 rows=100 width=121)
	  Sort Key: c
	  ->  Index Scan using sbtest2_pkey on sbtest2  (cost=0.43..392.45 rows=100 width=121)
	        Index Cond: ((id >= 3957309) AND (id <= 3957408))

table 3 : explain SELECT c FROM sbtest3 WHERE id BETWEEN 362682 AND 362781 ORDER BY c
	Sort  (cost=387.71..387.96 rows=98 width=121)
	  Sort Key: c
	  ->  Index Scan using sbtest3_pkey on sbtest3  (cost=0.43..384.47 rows=98 width=121)
	        Index Cond: ((id >= 362682) AND (id <= 362781))

table 4 : explain SELECT c FROM sbtest4 WHERE id BETWEEN 7502567 AND 7502666 ORDER BY c
	Sort  (cost=387.89..388.14 rows=98 width=121)
	  Sort Key: c
	  ->  Index Scan using sbtest4_pkey on sbtest4  (cost=0.43..384.65 rows=98 width=121)
	        Index Cond: ((id >= 7502567) AND (id <= 7502666))

table 5 : explain SELECT c FROM sbtest5 WHERE id BETWEEN 3005524 AND 3005623 ORDER BY c
	Sort  (cost=375.29..375.53 rows=95 width=121)
	  Sort Key: c
	  ->  Index Scan using sbtest5_pkey on sbtest5  (cost=0.43..372.17 rows=95 width=121)
	        Index Cond: ((id >= 3005524) AND (id <= 3005623))

table 6 : explain SELECT c FROM sbtest6 WHERE id BETWEEN 4540450 AND 4540549 ORDER BY c
	Sort  (cost=375.78..376.01 rows=95 width=121)
	  Sort Key: c
	  ->  Index Scan using sbtest6_pkey on sbtest6  (cost=0.43..372.65 rows=95 width=121)
	        Index Cond: ((id >= 4540450) AND (id <= 4540549))

table 7 : explain SELECT c FROM sbtest7 WHERE id BETWEEN 5459515 AND 5459614 ORDER BY c
	Sort  (cost=408.18..408.44 rows=103 width=121)
	  Sort Key: c
	  ->  Index Scan using sbtest7_pkey on sbtest7  (cost=0.43..404.74 rows=103 width=121)
	        Index Cond: ((id >= 5459515) AND (id <= 5459614))

table 8 : explain SELECT c FROM sbtest8 WHERE id BETWEEN 8033057 AND 8033156 ORDER BY c
	Sort  (cost=419.36..419.63 rows=106 width=121)
	  Sort Key: c
	  ->  Index Scan using sbtest8_pkey on sbtest8  (cost=0.43..415.80 rows=106 width=121)
	        Index Cond: ((id >= 8033057) AND (id <= 8033156))

for point_selects
table 1 : explain SELECT c FROM sbtest1 WHERE id=4871083
	Index Scan using sbtest1_pkey on sbtest1  (cost=0.43..8.45 rows=1 width=121)
	  Index Cond: (id = 4871083)

table 2 : explain SELECT c FROM sbtest2 WHERE id=4956103
	Index Scan using sbtest2_pkey on sbtest2  (cost=0.43..8.45 rows=1 width=121)
	  Index Cond: (id = 4956103)

table 3 : explain SELECT c FROM sbtest3 WHERE id=6982624
	Index Scan using sbtest3_pkey on sbtest3  (cost=0.43..8.45 rows=1 width=121)
	  Index Cond: (id = 6982624)

table 4 : explain SELECT c FROM sbtest4 WHERE id=6262028
	Index Scan using sbtest4_pkey on sbtest4  (cost=0.43..8.45 rows=1 width=121)
	  Index Cond: (id = 6262028)

table 5 : explain SELECT c FROM sbtest5 WHERE id=191798
	Index Scan using sbtest5_pkey on sbtest5  (cost=0.43..8.45 rows=1 width=121)
	  Index Cond: (id = 191798)

table 6 : explain SELECT c FROM sbtest6 WHERE id=3479624
	Index Scan using sbtest6_pkey on sbtest6  (cost=0.43..8.45 rows=1 width=121)
	  Index Cond: (id = 3479624)

table 7 : explain SELECT c FROM sbtest7 WHERE id=5218472
	Index Scan using sbtest7_pkey on sbtest7  (cost=0.43..8.45 rows=1 width=121)
	  Index Cond: (id = 5218472)

table 8 : explain SELECT c FROM sbtest8 WHERE id=6483705
	Index Scan using sbtest8_pkey on sbtest8  (cost=0.43..8.45 rows=1 width=121)
	  Index Cond: (id = 6483705)

for: simple_ranges
table 1 : explain SELECT c FROM sbtest1 WHERE id BETWEEN 5428234 AND 5428333
	Index Scan using sbtest1_pkey on sbtest1  (cost=0.43..374.01 rows=95 width=121)
	  Index Cond: ((id >= 5428234) AND (id <= 5428333))

table 2 : explain SELECT c FROM sbtest2 WHERE id BETWEEN 7893912 AND 7894011
	Index Scan using sbtest2_pkey on sbtest2  (cost=0.43..411.88 rows=105 width=121)
	  Index Cond: ((id >= 7893912) AND (id <= 7894011))

table 3 : explain SELECT c FROM sbtest3 WHERE id BETWEEN 9242869 AND 9242968
	Index Scan using sbtest3_pkey on sbtest3  (cost=0.43..403.89 rows=103 width=121)
	  Index Cond: ((id >= 9242869) AND (id <= 9242968))

table 4 : explain SELECT c FROM sbtest4 WHERE id BETWEEN 9320388 AND 9320487
	Index Scan using sbtest4_pkey on sbtest4  (cost=0.43..380.77 rows=97 width=121)
	  Index Cond: ((id >= 9320388) AND (id <= 9320487))

table 5 : explain SELECT c FROM sbtest5 WHERE id BETWEEN 2855573 AND 2855672
	Index Scan using sbtest5_pkey on sbtest5  (cost=0.43..391.55 rows=100 width=121)
	  Index Cond: ((id >= 2855573) AND (id <= 2855672))

table 6 : explain SELECT c FROM sbtest6 WHERE id BETWEEN 2595615 AND 2595714
	Index Scan using sbtest6_pkey on sbtest6  (cost=0.43..368.78 rows=94 width=121)
	  Index Cond: ((id >= 2595615) AND (id <= 2595714))

table 7 : explain SELECT c FROM sbtest7 WHERE id BETWEEN 334392 AND 334491
	Index Scan using sbtest7_pkey on sbtest7  (cost=0.43..416.39 rows=106 width=121)
	  Index Cond: ((id >= 334392) AND (id <= 334491))

table 8 : explain SELECT c FROM sbtest8 WHERE id BETWEEN 2425859 AND 2425958
	Index Scan using sbtest8_pkey on sbtest8  (cost=0.43..384.73 rows=98 width=121)
	  Index Cond: ((id >= 2425859) AND (id <= 2425958))

for non_index_updates
table 1 : explain UPDATE sbtest1 SET c='foobar' WHERE id=444593
	Update on sbtest1  (cost=0.43..8.45 rows=0 width=0)
	  ->  Index Scan using sbtest1_pkey on sbtest1  (cost=0.43..8.45 rows=1 width=490)
	        Index Cond: (id = 444593)

table 2 : explain UPDATE sbtest2 SET c='foobar' WHERE id=4853717
	Update on sbtest2  (cost=0.43..8.45 rows=0 width=0)
	  ->  Index Scan using sbtest2_pkey on sbtest2  (cost=0.43..8.45 rows=1 width=490)
	        Index Cond: (id = 4853717)

table 3 : explain UPDATE sbtest3 SET c='foobar' WHERE id=3537365
	Update on sbtest3  (cost=0.43..8.45 rows=0 width=0)
	  ->  Index Scan using sbtest3_pkey on sbtest3  (cost=0.43..8.45 rows=1 width=490)
	        Index Cond: (id = 3537365)

table 4 : explain UPDATE sbtest4 SET c='foobar' WHERE id=5831678
	Update on sbtest4  (cost=0.43..8.45 rows=0 width=0)
	  ->  Index Scan using sbtest4_pkey on sbtest4  (cost=0.43..8.45 rows=1 width=490)
	        Index Cond: (id = 5831678)

table 5 : explain UPDATE sbtest5 SET c='foobar' WHERE id=9483397
	Update on sbtest5  (cost=0.43..8.45 rows=0 width=0)
	  ->  Index Scan using sbtest5_pkey on sbtest5  (cost=0.43..8.45 rows=1 width=490)
	        Index Cond: (id = 9483397)

table 6 : explain UPDATE sbtest6 SET c='foobar' WHERE id=9477093
	Update on sbtest6  (cost=0.43..8.45 rows=0 width=0)
	  ->  Index Scan using sbtest6_pkey on sbtest6  (cost=0.43..8.45 rows=1 width=490)
	        Index Cond: (id = 9477093)

table 7 : explain UPDATE sbtest7 SET c='foobar' WHERE id=787941
	Update on sbtest7  (cost=0.43..8.45 rows=0 width=0)
	  ->  Index Scan using sbtest7_pkey on sbtest7  (cost=0.43..8.45 rows=1 width=490)
	        Index Cond: (id = 787941)

table 8 : explain UPDATE sbtest8 SET c='foobar' WHERE id=570410
	Update on sbtest8  (cost=0.43..8.45 rows=0 width=0)
	  ->  Index Scan using sbtest8_pkey on sbtest8  (cost=0.43..8.45 rows=1 width=490)
	        Index Cond: (id = 570410)

for non_index_updates
table 1 : explain UPDATE sbtest1 SET c='foobar' WHERE id=2376996
	Update on sbtest1  (cost=0.43..8.45 rows=0 width=0)
	  ->  Index Scan using sbtest1_pkey on sbtest1  (cost=0.43..8.45 rows=1 width=490)
	        Index Cond: (id = 2376996)

table 2 : explain UPDATE sbtest2 SET c='foobar' WHERE id=1342467
	Update on sbtest2  (cost=0.43..8.45 rows=0 width=0)
	  ->  Index Scan using sbtest2_pkey on sbtest2  (cost=0.43..8.45 rows=1 width=490)
	        Index Cond: (id = 1342467)

table 3 : explain UPDATE sbtest3 SET c='foobar' WHERE id=907307
	Update on sbtest3  (cost=0.43..8.45 rows=0 width=0)
	  ->  Index Scan using sbtest3_pkey on sbtest3  (cost=0.43..8.45 rows=1 width=490)
	        Index Cond: (id = 907307)

table 4 : explain UPDATE sbtest4 SET c='foobar' WHERE id=4508165
	Update on sbtest4  (cost=0.43..8.45 rows=0 width=0)
	  ->  Index Scan using sbtest4_pkey on sbtest4  (cost=0.43..8.45 rows=1 width=490)
	        Index Cond: (id = 4508165)

table 5 : explain UPDATE sbtest5 SET c='foobar' WHERE id=9631192
	Update on sbtest5  (cost=0.43..8.45 rows=0 width=0)
	  ->  Index Scan using sbtest5_pkey on sbtest5  (cost=0.43..8.45 rows=1 width=490)
	        Index Cond: (id = 9631192)

table 6 : explain UPDATE sbtest6 SET c='foobar' WHERE id=9886752
	Update on sbtest6  (cost=0.43..8.45 rows=0 width=0)
	  ->  Index Scan using sbtest6_pkey on sbtest6  (cost=0.43..8.45 rows=1 width=490)
	        Index Cond: (id = 9886752)

table 7 : explain UPDATE sbtest7 SET c='foobar' WHERE id=5610240
	Update on sbtest7  (cost=0.43..8.45 rows=0 width=0)
	  ->  Index Scan using sbtest7_pkey on sbtest7  (cost=0.43..8.45 rows=1 width=490)
	        Index Cond: (id = 5610240)

table 8 : explain UPDATE sbtest8 SET c='foobar' WHERE id=3859007
	Update on sbtest8  (cost=0.43..8.45 rows=0 width=0)
	  ->  Index Scan using sbtest8_pkey on sbtest8  (cost=0.43..8.45 rows=1 width=490)
	        Index Cond: (id = 3859007)

for non_index_updates
table 1 : explain UPDATE sbtest1 SET c='foobar' WHERE id=1420184
	Update on sbtest1  (cost=0.43..8.45 rows=0 width=0)
	  ->  Index Scan using sbtest1_pkey on sbtest1  (cost=0.43..8.45 rows=1 width=490)
	        Index Cond: (id = 1420184)

table 2 : explain UPDATE sbtest2 SET c='foobar' WHERE id=6593209
	Update on sbtest2  (cost=0.43..8.45 rows=0 width=0)
	  ->  Index Scan using sbtest2_pkey on sbtest2  (cost=0.43..8.45 rows=1 width=490)
	        Index Cond: (id = 6593209)

table 3 : explain UPDATE sbtest3 SET c='foobar' WHERE id=8339324
	Update on sbtest3  (cost=0.43..8.45 rows=0 width=0)
	  ->  Index Scan using sbtest3_pkey on sbtest3  (cost=0.43..8.45 rows=1 width=490)
	        Index Cond: (id = 8339324)

table 4 : explain UPDATE sbtest4 SET c='foobar' WHERE id=5917249
	Update on sbtest4  (cost=0.43..8.45 rows=0 width=0)
	  ->  Index Scan using sbtest4_pkey on sbtest4  (cost=0.43..8.45 rows=1 width=490)
	        Index Cond: (id = 5917249)

table 5 : explain UPDATE sbtest5 SET c='foobar' WHERE id=6548090
	Update on sbtest5  (cost=0.43..8.45 rows=0 width=0)
	  ->  Index Scan using sbtest5_pkey on sbtest5  (cost=0.43..8.45 rows=1 width=490)
	        Index Cond: (id = 6548090)

table 6 : explain UPDATE sbtest6 SET c='foobar' WHERE id=7117810
	Update on sbtest6  (cost=0.43..8.45 rows=0 width=0)
	  ->  Index Scan using sbtest6_pkey on sbtest6  (cost=0.43..8.45 rows=1 width=490)
	        Index Cond: (id = 7117810)

table 7 : explain UPDATE sbtest7 SET c='foobar' WHERE id=681655
	Update on sbtest7  (cost=0.43..8.45 rows=0 width=0)
	  ->  Index Scan using sbtest7_pkey on sbtest7  (cost=0.43..8.45 rows=1 width=490)
	        Index Cond: (id = 681655)

table 8 : explain UPDATE sbtest8 SET c='foobar' WHERE id=4736951
	Update on sbtest8  (cost=0.43..8.45 rows=0 width=0)
	  ->  Index Scan using sbtest8_pkey on sbtest8  (cost=0.43..8.45 rows=1 width=490)
	        Index Cond: (id = 4736951)

for: order_ranges
table 1 : explain SELECT c FROM sbtest1 WHERE id BETWEEN 9131694 AND 9131793 ORDER BY c
	Sort  (cost=400.70..400.95 rows=101 width=121)
	  Sort Key: c
	  ->  Index Scan using sbtest1_pkey on sbtest1  (cost=0.43..397.34 rows=101 width=121)
	        Index Cond: ((id >= 9131694) AND (id <= 9131793))

table 2 : explain SELECT c FROM sbtest2 WHERE id BETWEEN 815731 AND 815830 ORDER BY c
	Sort  (cost=380.10..380.34 rows=96 width=121)
	  Sort Key: c
	  ->  Index Scan using sbtest2_pkey on sbtest2  (cost=0.43..376.94 rows=96 width=121)
	        Index Cond: ((id >= 815731) AND (id <= 815830))

table 3 : explain SELECT c FROM sbtest3 WHERE id BETWEEN 1953667 AND 1953766 ORDER BY c
	Sort  (cost=391.63..391.88 rows=99 width=121)
	  Sort Key: c
	  ->  Index Scan using sbtest3_pkey on sbtest3  (cost=0.43..388.35 rows=99 width=121)
	        Index Cond: ((id >= 1953667) AND (id <= 1953766))

table 4 : explain SELECT c FROM sbtest4 WHERE id BETWEEN 741556 AND 741655 ORDER BY c
	Sort  (cost=438.86..439.14 rows=111 width=121)
	  Sort Key: c
	  ->  Index Scan using sbtest4_pkey on sbtest4  (cost=0.43..435.09 rows=111 width=121)
	        Index Cond: ((id >= 741556) AND (id <= 741655))

table 5 : explain SELECT c FROM sbtest5 WHERE id BETWEEN 9813251 AND 9813350 ORDER BY c
	Sort  (cost=367.47..367.71 rows=93 width=121)
	  Sort Key: c
	  ->  Index Scan using sbtest5_pkey on sbtest5  (cost=0.43..364.43 rows=93 width=121)
	        Index Cond: ((id >= 9813251) AND (id <= 9813350))

table 6 : explain SELECT c FROM sbtest6 WHERE id BETWEEN 5444180 AND 5444279 ORDER BY c
	Sort  (cost=403.21..403.46 rows=102 width=121)
	  Sort Key: c
	  ->  Index Scan using sbtest6_pkey on sbtest6  (cost=0.43..399.81 rows=102 width=121)
	        Index Cond: ((id >= 5444180) AND (id <= 5444279))

table 7 : explain SELECT c FROM sbtest7 WHERE id BETWEEN 9249348 AND 9249447 ORDER BY c
	Sort  (cost=376.75..376.99 rows=95 width=121)
	  Sort Key: c
	  ->  Index Scan using sbtest7_pkey on sbtest7  (cost=0.43..373.63 rows=95 width=121)
	        Index Cond: ((id >= 9249348) AND (id <= 9249447))

table 8 : explain SELECT c FROM sbtest8 WHERE id BETWEEN 6978804 AND 6978903 ORDER BY c
	Sort  (cost=380.14..380.38 rows=96 width=121)
	  Sort Key: c
	  ->  Index Scan using sbtest8_pkey on sbtest8  (cost=0.43..376.98 rows=96 width=121)
	        Index Cond: ((id >= 6978804) AND (id <= 6978903))

for non_index_updates
table 1 : explain UPDATE sbtest1 SET c='foobar' WHERE id=956704
	Update on sbtest1  (cost=0.43..8.45 rows=0 width=0)
	  ->  Index Scan using sbtest1_pkey on sbtest1  (cost=0.43..8.45 rows=1 width=490)
	        Index Cond: (id = 956704)

table 2 : explain UPDATE sbtest2 SET c='foobar' WHERE id=1096107
	Update on sbtest2  (cost=0.43..8.45 rows=0 width=0)
	  ->  Index Scan using sbtest2_pkey on sbtest2  (cost=0.43..8.45 rows=1 width=490)
	        Index Cond: (id = 1096107)

table 3 : explain UPDATE sbtest3 SET c='foobar' WHERE id=4671334
	Update on sbtest3  (cost=0.43..8.45 rows=0 width=0)
	  ->  Index Scan using sbtest3_pkey on sbtest3  (cost=0.43..8.45 rows=1 width=490)
	        Index Cond: (id = 4671334)

table 4 : explain UPDATE sbtest4 SET c='foobar' WHERE id=6188934
	Update on sbtest4  (cost=0.43..8.45 rows=0 width=0)
	  ->  Index Scan using sbtest4_pkey on sbtest4  (cost=0.43..8.45 rows=1 width=490)
	        Index Cond: (id = 6188934)

table 5 : explain UPDATE sbtest5 SET c='foobar' WHERE id=3660867
	Update on sbtest5  (cost=0.43..8.45 rows=0 width=0)
	  ->  Index Scan using sbtest5_pkey on sbtest5  (cost=0.43..8.45 rows=1 width=490)
	        Index Cond: (id = 3660867)

table 6 : explain UPDATE sbtest6 SET c='foobar' WHERE id=5604297
	Update on sbtest6  (cost=0.43..8.45 rows=0 width=0)
	  ->  Index Scan using sbtest6_pkey on sbtest6  (cost=0.43..8.45 rows=1 width=490)
	        Index Cond: (id = 5604297)

table 7 : explain UPDATE sbtest7 SET c='foobar' WHERE id=4829771
	Update on sbtest7  (cost=0.43..8.45 rows=0 width=0)
	  ->  Index Scan using sbtest7_pkey on sbtest7  (cost=0.43..8.45 rows=1 width=490)
	        Index Cond: (id = 4829771)

table 8 : explain UPDATE sbtest8 SET c='foobar' WHERE id=524733
	Update on sbtest8  (cost=0.43..8.45 rows=0 width=0)
	  ->  Index Scan using sbtest8_pkey on sbtest8  (cost=0.43..8.45 rows=1 width=490)
	        Index Cond: (id = 524733)

explain: for deletes :: explain DELETE FROM sbtest%u WHERE id=%u
explain: for deletes :: explain DELETE FROM sbtest%u WHERE id=%u
explain: for index_updates :: explain UPDATE sbtest%u SET k=k+1 WHERE id=%u
for: distinct_ranges
table 1 : explain SELECT DISTINCT c FROM sbtest1 WHERE id BETWEEN 1509141 AND 1509240 ORDER BY c
	Unique  (cost=424.30..424.84 rows=107 width=121)
	  ->  Sort  (cost=424.30..424.57 rows=107 width=121)
	        Sort Key: c
	        ->  Index Scan using sbtest1_pkey on sbtest1  (cost=0.43..420.70 rows=107 width=121)
	              Index Cond: ((id >= 1509141) AND (id <= 1509240))

table 2 : explain SELECT DISTINCT c FROM sbtest2 WHERE id BETWEEN 6004012 AND 6004111 ORDER BY c
	Unique  (cost=395.77..396.27 rows=100 width=121)
	  ->  Sort  (cost=395.77..396.02 rows=100 width=121)
	        Sort Key: c
	        ->  Index Scan using sbtest2_pkey on sbtest2  (cost=0.43..392.45 rows=100 width=121)
	              Index Cond: ((id >= 6004012) AND (id <= 6004111))

table 3 : explain SELECT DISTINCT c FROM sbtest3 WHERE id BETWEEN 2610968 AND 2611067 ORDER BY c
	Unique  (cost=360.30..360.76 rows=91 width=121)
	  ->  Sort  (cost=360.30..360.53 rows=91 width=121)
	        Sort Key: c
	        ->  Index Scan using sbtest3_pkey on sbtest3  (cost=0.43..357.34 rows=91 width=121)
	              Index Cond: ((id >= 2610968) AND (id <= 2611067))

table 4 : explain SELECT DISTINCT c FROM sbtest4 WHERE id BETWEEN 703888 AND 703987 ORDER BY c
	Unique  (cost=438.86..439.42 rows=111 width=121)
	  ->  Sort  (cost=438.86..439.14 rows=111 width=121)
	        Sort Key: c
	        ->  Index Scan using sbtest4_pkey on sbtest4  (cost=0.43..435.09 rows=111 width=121)
	              Index Cond: ((id >= 703888) AND (id <= 703987))

table 5 : explain SELECT DISTINCT c FROM sbtest5 WHERE id BETWEEN 5539330 AND 5539429 ORDER BY c
	Unique  (cost=398.78..399.29 rows=101 width=121)
	  ->  Sort  (cost=398.78..399.03 rows=101 width=121)
	        Sort Key: c
	        ->  Index Scan using sbtest5_pkey on sbtest5  (cost=0.43..395.42 rows=101 width=121)
	              Index Cond: ((id >= 5539330) AND (id <= 5539429))

table 6 : explain SELECT DISTINCT c FROM sbtest6 WHERE id BETWEEN 4382975 AND 4383074 ORDER BY c
	Unique  (cost=383.60..384.09 rows=97 width=121)
	  ->  Sort  (cost=383.60..383.85 rows=97 width=121)
	        Sort Key: c
	        ->  Index Scan using sbtest6_pkey on sbtest6  (cost=0.43..380.40 rows=97 width=121)
	              Index Cond: ((id >= 4382975) AND (id <= 4383074))

table 7 : explain SELECT DISTINCT c FROM sbtest7 WHERE id BETWEEN 4975484 AND 4975583 ORDER BY c
	Unique  (cost=396.41..396.91 rows=100 width=121)
	  ->  Sort  (cost=396.41..396.66 rows=100 width=121)
	        Sort Key: c
	        ->  Index Scan using sbtest7_pkey on sbtest7  (cost=0.43..393.08 rows=100 width=121)
	              Index Cond: ((id >= 4975484) AND (id <= 4975583))

table 8 : explain SELECT DISTINCT c FROM sbtest8 WHERE id BETWEEN 4482865 AND 4482964 ORDER BY c
	Unique  (cost=482.08..482.69 rows=122 width=121)
	  ->  Sort  (cost=482.08..482.39 rows=122 width=121)
	        Sort Key: c
	        ->  Index Scan using sbtest8_pkey on sbtest8  (cost=0.43..477.85 rows=122 width=121)
	              Index Cond: ((id >= 4482865) AND (id <= 4482964))

for: sum_ranges
table 1 : explain SELECT SUM(k) FROM sbtest1 WHERE id BETWEEN 5429704 AND 5429803
	Aggregate  (cost=374.24..374.25 rows=1 width=8)
	  ->  Index Scan using sbtest1_pkey on sbtest1  (cost=0.43..374.01 rows=95 width=4)
	        Index Cond: ((id >= 5429704) AND (id <= 5429803))

table 2 : explain SELECT SUM(k) FROM sbtest2 WHERE id BETWEEN 5281973 AND 5282072
	Aggregate  (cost=353.90..353.91 rows=1 width=8)
	  ->  Index Scan using sbtest2_pkey on sbtest2  (cost=0.43..353.67 rows=90 width=4)
	        Index Cond: ((id >= 5281973) AND (id <= 5282072))

table 3 : explain SELECT SUM(k) FROM sbtest3 WHERE id BETWEEN 4617835 AND 4617934
	Aggregate  (cost=384.72..384.73 rows=1 width=8)
	  ->  Index Scan using sbtest3_pkey on sbtest3  (cost=0.43..384.47 rows=98 width=4)
	        Index Cond: ((id >= 4617835) AND (id <= 4617934))

table 4 : explain SELECT SUM(k) FROM sbtest4 WHERE id BETWEEN 3372462 AND 3372561
	Aggregate  (cost=400.45..400.46 rows=1 width=8)
	  ->  Index Scan using sbtest4_pkey on sbtest4  (cost=0.43..400.20 rows=102 width=4)
	        Index Cond: ((id >= 3372462) AND (id <= 3372561))

table 5 : explain SELECT SUM(k) FROM sbtest5 WHERE id BETWEEN 1550832 AND 1550931
	Aggregate  (cost=403.41..403.42 rows=1 width=8)
	  ->  Index Scan using sbtest5_pkey on sbtest5  (cost=0.43..403.16 rows=103 width=4)
	        Index Cond: ((id >= 1550832) AND (id <= 1550931))

table 6 : explain SELECT SUM(k) FROM sbtest6 WHERE id BETWEEN 3845206 AND 3845305
	Aggregate  (cost=388.43..388.44 rows=1 width=8)
	  ->  Index Scan using sbtest6_pkey on sbtest6  (cost=0.43..388.19 rows=99 width=4)
	        Index Cond: ((id >= 3845206) AND (id <= 3845305))

table 7 : explain SELECT SUM(k) FROM sbtest7 WHERE id BETWEEN 9790678 AND 9790777
	Aggregate  (cost=416.65..416.66 rows=1 width=8)
	  ->  Index Scan using sbtest7_pkey on sbtest7  (cost=0.43..416.39 rows=106 width=4)
	        Index Cond: ((id >= 9790678) AND (id <= 9790777))

table 8 : explain SELECT SUM(k) FROM sbtest8 WHERE id BETWEEN 1703784 AND 1703883
	Aggregate  (cost=384.98..384.99 rows=1 width=8)
	  ->  Index Scan using sbtest8_pkey on sbtest8  (cost=0.43..384.73 rows=98 width=4)
	        Index Cond: ((id >= 1703784) AND (id <= 1703883))

for: sum_ranges
table 1 : explain SELECT SUM(k) FROM sbtest1 WHERE id BETWEEN 5659737 AND 5659836
	Aggregate  (cost=436.53..436.54 rows=1 width=8)
	  ->  Index Scan using sbtest1_pkey on sbtest1  (cost=0.43..436.25 rows=111 width=4)
	        Index Cond: ((id >= 5659737) AND (id <= 5659836))

table 2 : explain SELECT SUM(k) FROM sbtest2 WHERE id BETWEEN 765973 AND 766072
	Aggregate  (cost=416.02..416.03 rows=1 width=8)
	  ->  Index Scan using sbtest2_pkey on sbtest2  (cost=0.43..415.75 rows=106 width=4)
	        Index Cond: ((id >= 765973) AND (id <= 766072))

table 3 : explain SELECT SUM(k) FROM sbtest3 WHERE id BETWEEN 5588340 AND 5588439
	Aggregate  (cost=396.39..396.40 rows=1 width=8)
	  ->  Index Scan using sbtest3_pkey on sbtest3  (cost=0.43..396.14 rows=101 width=4)
	        Index Cond: ((id >= 5588340) AND (id <= 5588439))

table 4 : explain SELECT SUM(k) FROM sbtest4 WHERE id BETWEEN 4420611 AND 4420710
	Aggregate  (cost=381.01..381.02 rows=1 width=8)
	  ->  Index Scan using sbtest4_pkey on sbtest4  (cost=0.43..380.77 rows=97 width=4)
	        Index Cond: ((id >= 4420611) AND (id <= 4420710))

table 5 : explain SELECT SUM(k) FROM sbtest5 WHERE id BETWEEN 816359 AND 816458
	Aggregate  (cost=341.44..341.45 rows=1 width=8)
	  ->  Index Scan using sbtest5_pkey on sbtest5  (cost=0.43..341.22 rows=87 width=4)
	        Index Cond: ((id >= 816359) AND (id <= 816458))

table 6 : explain SELECT SUM(k) FROM sbtest6 WHERE id BETWEEN 3491662 AND 3491761
	Aggregate  (cost=415.57..415.58 rows=1 width=8)
	  ->  Index Scan using sbtest6_pkey on sbtest6  (cost=0.43..415.30 rows=106 width=4)
	        Index Cond: ((id >= 3491662) AND (id <= 3491761))

table 7 : explain SELECT SUM(k) FROM sbtest7 WHERE id BETWEEN 1463548 AND 1463647
	Aggregate  (cost=397.22..397.23 rows=1 width=8)
	  ->  Index Scan using sbtest7_pkey on sbtest7  (cost=0.43..396.97 rows=101 width=4)
	        Index Cond: ((id >= 1463548) AND (id <= 1463647))

table 8 : explain SELECT SUM(k) FROM sbtest8 WHERE id BETWEEN 7248267 AND 7248366
	Aggregate  (cost=419.94..419.95 rows=1 width=8)
	  ->  Index Scan using sbtest8_pkey on sbtest8  (cost=0.43..419.68 rows=107 width=4)
	        Index Cond: ((id >= 7248267) AND (id <= 7248366))

explain: for deletes :: explain DELETE FROM sbtest%u WHERE id=%u
for deletes
table 1 : explain DELETE FROM sbtest1 WHERE id=6279705
	Delete on sbtest1  (cost=0.43..8.45 rows=0 width=0)
	  ->  Index Scan using sbtest1_pkey on sbtest1  (cost=0.43..8.45 rows=1 width=6)
	        Index Cond: (id = 6279705)

table 2 : explain DELETE FROM sbtest2 WHERE id=3168296
	Delete on sbtest2  (cost=0.43..8.45 rows=0 width=0)
	  ->  Index Scan using sbtest2_pkey on sbtest2  (cost=0.43..8.45 rows=1 width=6)
	        Index Cond: (id = 3168296)

table 3 : explain DELETE FROM sbtest3 WHERE id=3007707
	Delete on sbtest3  (cost=0.43..8.45 rows=0 width=0)
	  ->  Index Scan using sbtest3_pkey on sbtest3  (cost=0.43..8.45 rows=1 width=6)
	        Index Cond: (id = 3007707)

table 4 : explain DELETE FROM sbtest4 WHERE id=5515042
	Delete on sbtest4  (cost=0.43..8.45 rows=0 width=0)
	  ->  Index Scan using sbtest4_pkey on sbtest4  (cost=0.43..8.45 rows=1 width=6)
	        Index Cond: (id = 5515042)

table 5 : explain DELETE FROM sbtest5 WHERE id=1684540
	Delete on sbtest5  (cost=0.43..8.45 rows=0 width=0)
	  ->  Index Scan using sbtest5_pkey on sbtest5  (cost=0.43..8.45 rows=1 width=6)
	        Index Cond: (id = 1684540)

table 6 : explain DELETE FROM sbtest6 WHERE id=9015105
	Delete on sbtest6  (cost=0.43..8.45 rows=0 width=0)
	  ->  Index Scan using sbtest6_pkey on sbtest6  (cost=0.43..8.45 rows=1 width=6)
	        Index Cond: (id = 9015105)

table 7 : explain DELETE FROM sbtest7 WHERE id=4278316
	Delete on sbtest7  (cost=0.43..8.45 rows=0 width=0)
	  ->  Index Scan using sbtest7_pkey on sbtest7  (cost=0.43..8.45 rows=1 width=6)
	        Index Cond: (id = 4278316)

table 8 : explain DELETE FROM sbtest8 WHERE id=696699
	Delete on sbtest8  (cost=0.43..8.45 rows=0 width=0)
	  ->  Index Scan using sbtest8_pkey on sbtest8  (cost=0.43..8.45 rows=1 width=6)
	        Index Cond: (id = 696699)

explain: for index_updates :: explain UPDATE sbtest%u SET k=k+1 WHERE id=%u
for deletes
table 1 : explain DELETE FROM sbtest1 WHERE id=1786751
	Delete on sbtest1  (cost=0.43..8.45 rows=0 width=0)
	  ->  Index Scan using sbtest1_pkey on sbtest1  (cost=0.43..8.45 rows=1 width=6)
	        Index Cond: (id = 1786751)

table 2 : explain DELETE FROM sbtest2 WHERE id=6051808
	Delete on sbtest2  (cost=0.43..8.45 rows=0 width=0)
	  ->  Index Scan using sbtest2_pkey on sbtest2  (cost=0.43..8.45 rows=1 width=6)
	        Index Cond: (id = 6051808)

table 3 : explain DELETE FROM sbtest3 WHERE id=6038435
	Delete on sbtest3  (cost=0.43..8.45 rows=0 width=0)
	  ->  Index Scan using sbtest3_pkey on sbtest3  (cost=0.43..8.45 rows=1 width=6)
	        Index Cond: (id = 6038435)

table 4 : explain DELETE FROM sbtest4 WHERE id=7794395
	Delete on sbtest4  (cost=0.43..8.45 rows=0 width=0)
	  ->  Index Scan using sbtest4_pkey on sbtest4  (cost=0.43..8.45 rows=1 width=6)
	        Index Cond: (id = 7794395)

table 5 : explain DELETE FROM sbtest5 WHERE id=3205088
	Delete on sbtest5  (cost=0.43..8.45 rows=0 width=0)
	  ->  Index Scan using sbtest5_pkey on sbtest5  (cost=0.43..8.45 rows=1 width=6)
	        Index Cond: (id = 3205088)

table 6 : explain DELETE FROM sbtest6 WHERE id=9335221
	Delete on sbtest6  (cost=0.43..8.45 rows=0 width=0)
	  ->  Index Scan using sbtest6_pkey on sbtest6  (cost=0.43..8.45 rows=1 width=6)
	        Index Cond: (id = 9335221)

table 7 : explain DELETE FROM sbtest7 WHERE id=7021212
	Delete on sbtest7  (cost=0.43..8.45 rows=0 width=0)
	  ->  Index Scan using sbtest7_pkey on sbtest7  (cost=0.43..8.45 rows=1 width=6)
	        Index Cond: (id = 7021212)

table 8 : explain DELETE FROM sbtest8 WHERE id=2716041
	Delete on sbtest8  (cost=0.43..8.45 rows=0 width=0)
	  ->  Index Scan using sbtest8_pkey on sbtest8  (cost=0.43..8.45 rows=1 width=6)
	        Index Cond: (id = 2716041)

explain: for inserts :: explain INSERT INTO sbtest%u (id, k, c, pad) VALUES (%u, 13, 'foobar', 'foobar')
for deletes
table 1 : explain DELETE FROM sbtest1 WHERE id=170291
	Delete on sbtest1  (cost=0.43..8.45 rows=0 width=0)
	  ->  Index Scan using sbtest1_pkey on sbtest1  (cost=0.43..8.45 rows=1 width=6)
	        Index Cond: (id = 170291)

table 2 : explain DELETE FROM sbtest2 WHERE id=7773243
	Delete on sbtest2  (cost=0.43..8.45 rows=0 width=0)
	  ->  Index Scan using sbtest2_pkey on sbtest2  (cost=0.43..8.45 rows=1 width=6)
	        Index Cond: (id = 7773243)

table 3 : explain DELETE FROM sbtest3 WHERE id=2711558
	Delete on sbtest3  (cost=0.43..8.45 rows=0 width=0)
	  ->  Index Scan using sbtest3_pkey on sbtest3  (cost=0.43..8.45 rows=1 width=6)
	        Index Cond: (id = 2711558)

table 4 : explain DELETE FROM sbtest4 WHERE id=3235041
	Delete on sbtest4  (cost=0.43..8.45 rows=0 width=0)
	  ->  Index Scan using sbtest4_pkey on sbtest4  (cost=0.43..8.45 rows=1 width=6)
	        Index Cond: (id = 3235041)

table 5 : explain DELETE FROM sbtest5 WHERE id=7454139
	Delete on sbtest5  (cost=0.43..8.45 rows=0 width=0)
	  ->  Index Scan using sbtest5_pkey on sbtest5  (cost=0.43..8.45 rows=1 width=6)
	        Index Cond: (id = 7454139)

table 6 : explain DELETE FROM sbtest6 WHERE id=4545538
	Delete on sbtest6  (cost=0.43..8.45 rows=0 width=0)
	  ->  Index Scan using sbtest6_pkey on sbtest6  (cost=0.43..8.45 rows=1 width=6)
	        Index Cond: (id = 4545538)

table 7 : explain DELETE FROM sbtest7 WHERE id=60433
	Delete on sbtest7  (cost=0.43..8.45 rows=0 width=0)
	  ->  Index Scan using sbtest7_pkey on sbtest7  (cost=0.43..8.45 rows=1 width=6)
	        Index Cond: (id = 60433)

table 8 : explain DELETE FROM sbtest8 WHERE id=231258
	Delete on sbtest8  (cost=0.43..8.45 rows=0 width=0)
	  ->  Index Scan using sbtest8_pkey on sbtest8  (cost=0.43..8.45 rows=1 width=6)
	        Index Cond: (id = 231258)

for: simple_ranges
table 1 : explain SELECT c FROM sbtest1 WHERE id BETWEEN 3065668 AND 3065767
	Index Scan using sbtest1_pkey on sbtest1  (cost=0.43..424.59 rows=108 width=121)
	  Index Cond: ((id >= 3065668) AND (id <= 3065767))

table 2 : explain SELECT c FROM sbtest2 WHERE id BETWEEN 3530281 AND 3530380
	Index Scan using sbtest2_pkey on sbtest2  (cost=0.43..392.45 rows=100 width=121)
	  Index Cond: ((id >= 3530281) AND (id <= 3530380))

table 3 : explain SELECT c FROM sbtest3 WHERE id BETWEEN 6157467 AND 6157566
	Index Scan using sbtest3_pkey on sbtest3  (cost=0.43..384.47 rows=98 width=121)
	  Index Cond: ((id >= 6157467) AND (id <= 6157566))

table 4 : explain SELECT c FROM sbtest4 WHERE id BETWEEN 6273001 AND 6273100
	Index Scan using sbtest4_pkey on sbtest4  (cost=0.43..365.26 rows=93 width=121)
	  Index Cond: ((id >= 6273001) AND (id <= 6273100))

table 5 : explain SELECT c FROM sbtest5 WHERE id BETWEEN 4924212 AND 4924311
	Index Scan using sbtest5_pkey on sbtest5  (cost=0.43..372.17 rows=95 width=121)
	  Index Cond: ((id >= 4924212) AND (id <= 4924311))

table 6 : explain SELECT c FROM sbtest6 WHERE id BETWEEN 1628071 AND 1628170
	Index Scan using sbtest6_pkey on sbtest6  (cost=0.43..454.04 rows=116 width=121)
	  Index Cond: ((id >= 1628071) AND (id <= 1628170))

table 7 : explain SELECT c FROM sbtest7 WHERE id BETWEEN 2115981 AND 2116080
	Index Scan using sbtest7_pkey on sbtest7  (cost=0.43..393.08 rows=100 width=121)
	  Index Cond: ((id >= 2115981) AND (id <= 2116080))

table 8 : explain SELECT c FROM sbtest8 WHERE id BETWEEN 8472113 AND 8472212
	Index Scan using sbtest8_pkey on sbtest8  (cost=0.43..431.31 rows=110 width=121)
	  Index Cond: ((id >= 8472113) AND (id <= 8472212))

for: distinct_ranges
table 1 : explain SELECT DISTINCT c FROM sbtest1 WHERE id BETWEEN 7391637 AND 7391736 ORDER BY c
	Unique  (cost=428.23..428.77 rows=108 width=121)
	  ->  Sort  (cost=428.23..428.50 rows=108 width=121)
	        Sort Key: c
	        ->  Index Scan using sbtest1_pkey on sbtest1  (cost=0.43..424.59 rows=108 width=121)
	              Index Cond: ((id >= 7391637) AND (id <= 7391736))

table 2 : explain SELECT DISTINCT c FROM sbtest2 WHERE id BETWEEN 5740972 AND 5741071 ORDER BY c
	Unique  (cost=387.94..388.43 rows=98 width=121)
	  ->  Sort  (cost=387.94..388.18 rows=98 width=121)
	        Sort Key: c
	        ->  Index Scan using sbtest2_pkey on sbtest2  (cost=0.43..384.69 rows=98 width=121)
	              Index Cond: ((id >= 5740972) AND (id <= 5741071))

table 3 : explain SELECT DISTINCT c FROM sbtest3 WHERE id BETWEEN 1248680 AND 1248779 ORDER BY c
	Unique  (cost=360.30..360.76 rows=91 width=121)
	  ->  Sort  (cost=360.30..360.53 rows=91 width=121)
	        Sort Key: c
	        ->  Index Scan using sbtest3_pkey on sbtest3  (cost=0.43..357.34 rows=91 width=121)
	              Index Cond: ((id >= 1248680) AND (id <= 1248779))

table 4 : explain SELECT DISTINCT c FROM sbtest4 WHERE id BETWEEN 6815851 AND 6815950 ORDER BY c
	Unique  (cost=356.55..357.00 rows=90 width=121)
	  ->  Sort  (cost=356.55..356.78 rows=90 width=121)
	        Sort Key: c
	        ->  Index Scan using sbtest4_pkey on sbtest4  (cost=0.43..353.63 rows=90 width=121)
	              Index Cond: ((id >= 6815851) AND (id <= 6815950))

table 5 : explain SELECT DISTINCT c FROM sbtest5 WHERE id BETWEEN 6348906 AND 6349005 ORDER BY c
	Unique  (cost=398.78..399.29 rows=101 width=121)
	  ->  Sort  (cost=398.78..399.03 rows=101 width=121)
	        Sort Key: c
	        ->  Index Scan using sbtest5_pkey on sbtest5  (cost=0.43..395.42 rows=101 width=121)
	              Index Cond: ((id >= 6348906) AND (id <= 6349005))

table 6 : explain SELECT DISTINCT c FROM sbtest6 WHERE id BETWEEN 5894313 AND 5894412 ORDER BY c
	Unique  (cost=364.03..364.49 rows=92 width=121)
	  ->  Sort  (cost=364.03..364.26 rows=92 width=121)
	        Sort Key: c
	        ->  Index Scan using sbtest6_pkey on sbtest6  (cost=0.43..361.03 rows=92 width=121)
	              Index Cond: ((id >= 5894313) AND (id <= 5894412))

table 7 : explain SELECT DISTINCT c FROM sbtest7 WHERE id BETWEEN 9284122 AND 9284221 ORDER BY c
	Unique  (cost=376.75..377.22 rows=95 width=121)
	  ->  Sort  (cost=376.75..376.99 rows=95 width=121)
	        Sort Key: c
	        ->  Index Scan using sbtest7_pkey on sbtest7  (cost=0.43..373.63 rows=95 width=121)
	              Index Cond: ((id >= 9284122) AND (id <= 9284221))

table 8 : explain SELECT DISTINCT c FROM sbtest8 WHERE id BETWEEN 4102584 AND 4102683 ORDER BY c
	Unique  (cost=384.06..384.54 rows=97 width=121)
	  ->  Sort  (cost=384.06..384.30 rows=97 width=121)
	        Sort Key: c
	        ->  Index Scan using sbtest8_pkey on sbtest8  (cost=0.43..380.86 rows=97 width=121)
	              Index Cond: ((id >= 4102584) AND (id <= 4102683))

for deletes
table 1 : explain DELETE FROM sbtest1 WHERE id=3914428
	Delete on sbtest1  (cost=0.43..8.45 rows=0 width=0)
	  ->  Index Scan using sbtest1_pkey on sbtest1  (cost=0.43..8.45 rows=1 width=6)
	        Index Cond: (id = 3914428)

table 2 : explain DELETE FROM sbtest2 WHERE id=3109008
	Delete on sbtest2  (cost=0.43..8.45 rows=0 width=0)
	  ->  Index Scan using sbtest2_pkey on sbtest2  (cost=0.43..8.45 rows=1 width=6)
	        Index Cond: (id = 3109008)

table 3 : explain DELETE FROM sbtest3 WHERE id=5708487
	Delete on sbtest3  (cost=0.43..8.45 rows=0 width=0)
	  ->  Index Scan using sbtest3_pkey on sbtest3  (cost=0.43..8.45 rows=1 width=6)
	        Index Cond: (id = 5708487)

table 4 : explain DELETE FROM sbtest4 WHERE id=8465812
	Delete on sbtest4  (cost=0.43..8.45 rows=0 width=0)
	  ->  Index Scan using sbtest4_pkey on sbtest4  (cost=0.43..8.45 rows=1 width=6)
	        Index Cond: (id = 8465812)

table 5 : explain DELETE FROM sbtest5 WHERE id=1833816
	Delete on sbtest5  (cost=0.43..8.45 rows=0 width=0)
	  ->  Index Scan using sbtest5_pkey on sbtest5  (cost=0.43..8.45 rows=1 width=6)
	        Index Cond: (id = 1833816)

table 6 : explain DELETE FROM sbtest6 WHERE id=3850997
	Delete on sbtest6  (cost=0.43..8.45 rows=0 width=0)
	  ->  Index Scan using sbtest6_pkey on sbtest6  (cost=0.43..8.45 rows=1 width=6)
	        Index Cond: (id = 3850997)

table 7 : explain DELETE FROM sbtest7 WHERE id=5545747
	Delete on sbtest7  (cost=0.43..8.45 rows=0 width=0)
	  ->  Index Scan using sbtest7_pkey on sbtest7  (cost=0.43..8.45 rows=1 width=6)
	        Index Cond: (id = 5545747)

table 8 : explain DELETE FROM sbtest8 WHERE id=1110005
	Delete on sbtest8  (cost=0.43..8.45 rows=0 width=0)
	  ->  Index Scan using sbtest8_pkey on sbtest8  (cost=0.43..8.45 rows=1 width=6)
	        Index Cond: (id = 1110005)

explain: for index_updates :: explain UPDATE sbtest%u SET k=k+1 WHERE id=%ufor: sum_ranges
table 1 : explain SELECT SUM(k) FROM sbtest1 WHERE id BETWEEN 1202081 AND 1202180
	Aggregate  (cost=409.29..409.30 rows=1 width=8)
	  ->  Index Scan using sbtest1_pkey on sbtest1  (cost=0.43..409.03 rows=104 width=4)
	        Index Cond: ((id >= 1202081) AND (id <= 1202180))

table 2 : explain SELECT SUM(k) FROM sbtest2 WHERE id BETWEEN 4677841 AND 4677940
	Aggregate  (cost=373.30..373.31 rows=1 width=8)
	  ->  Index Scan using sbtest2_pkey on sbtest2  (cost=0.43..373.06 rows=95 width=4)
	        Index Cond: ((id >= 4677841) AND (id <= 4677940))

table 3 : explain SELECT SUM(k) FROM sbtest3 WHERE id BETWEEN 2680601 AND 2680700
	Aggregate  (cost=404.15..404.16 rows=1 width=8)
	  ->  Index Scan using sbtest3_pkey on sbtest3  (cost=0.43..403.89 rows=103 width=4)
	        Index Cond: ((id >= 2680601) AND (id <= 2680700))

table 4 : explain SELECT SUM(k) FROM sbtest4 WHERE id BETWEEN 7223068 AND 7223167
	Aggregate  (cost=365.49..365.50 rows=1 width=8)
	  ->  Index Scan using sbtest4_pkey on sbtest4  (cost=0.43..365.26 rows=93 width=4)
	        Index Cond: ((id >= 7223068) AND (id <= 7223167))

table 5 : explain SELECT SUM(k) FROM sbtest5 WHERE id BETWEEN 9954592 AND 9954691
	Aggregate  (cost=422.77..422.78 rows=1 width=8)
	  ->  Index Scan using sbtest5_pkey on sbtest5  (cost=0.43..422.50 rows=108 width=4)
	        Index Cond: ((id >= 9954592) AND (id <= 9954691))

table 6 : explain SELECT SUM(k) FROM sbtest6 WHERE id BETWEEN 505416 AND 505515
	Aggregate  (cost=396.19..396.20 rows=1 width=8)
	  ->  Index Scan using sbtest6_pkey on sbtest6  (cost=0.43..395.93 rows=101 width=4)
	        Index Cond: ((id >= 505416) AND (id <= 505515))

table 7 : explain SELECT SUM(k) FROM sbtest7 WHERE id BETWEEN 5860108 AND 5860207
	Aggregate  (cost=401.11..401.12 rows=1 width=8)
	  ->  Index Scan using sbtest7_pkey on sbtest7  (cost=0.43..400.85 rows=102 width=4)
	        Index Cond: ((id >= 5860108) AND (id <= 5860207))

table 8 : explain SELECT SUM(k) FROM sbtest8 WHERE id BETWEEN 3904380 AND 3904479
	Aggregate  (cost=431.59..431.60 rows=1 width=8)
	  ->  Index Scan using sbtest8_pkey on sbtest8  (cost=0.43..431.31 rows=110 width=4)
	        Index Cond: ((id >= 3904380) AND (id <= 3904479))

explain: for inserts :: explain INSERT INTO sbtest%u (id, k, c, pad) VALUES (%u, 13, 'foobar', 'foobar')
for: simple_ranges
table 1 : explain SELECT c FROM sbtest1 WHERE id BETWEEN 7537022 AND 7537121
	Index Scan using sbtest1_pkey on sbtest1  (cost=0.43..393.45 rows=100 width=121)
	  Index Cond: ((id >= 7537022) AND (id <= 7537121))

table 2 : explain SELECT c FROM sbtest2 WHERE id BETWEEN 196321 AND 196420
	Index Scan using sbtest2_pkey on sbtest2  (cost=0.43..396.36 rows=101 width=121)
	  Index Cond: ((id >= 196321) AND (id <= 196420))

table 3 : explain SELECT c FROM sbtest3 WHERE id BETWEEN 9139249 AND 9139348
	Index Scan using sbtest3_pkey on sbtest3  (cost=0.43..392.23 rows=100 width=121)
	  Index Cond: ((id >= 9139249) AND (id <= 9139348))

table 4 : explain SELECT c FROM sbtest4 WHERE id BETWEEN 8008104 AND 8008203
	Index Scan using sbtest4_pkey on sbtest4  (cost=0.43..419.58 rows=107 width=121)
	  Index Cond: ((id >= 8008104) AND (id <= 8008203))

table 5 : explain SELECT c FROM sbtest5 WHERE id BETWEEN 5990182 AND 5990281
	Index Scan using sbtest5_pkey on sbtest5  (cost=0.43..391.55 rows=100 width=121)
	  Index Cond: ((id >= 5990182) AND (id <= 5990281))

table 6 : explain SELECT c FROM sbtest6 WHERE id BETWEEN 1075467 AND 1075566
	Index Scan using sbtest6_pkey on sbtest6  (cost=0.43..423.05 rows=108 width=121)
	  Index Cond: ((id >= 1075467) AND (id <= 1075566))

table 7 : explain SELECT c FROM sbtest7 WHERE id BETWEEN 7697522 AND 7697621
	Index Scan using sbtest7_pkey on sbtest7  (cost=0.43..385.28 rows=98 width=121)
	  Index Cond: ((id >= 7697522) AND (id <= 7697621))

table 8 : explain SELECT c FROM sbtest8 WHERE id BETWEEN 6933859 AND 6933958
	Index Scan using sbtest8_pkey on sbtest8  (cost=0.43..376.98 rows=96 width=121)
	  Index Cond: ((id >= 6933859) AND (id <= 6933958))


for: simple_ranges
table 1 : explain SELECT c FROM sbtest1 WHERE id BETWEEN 2280228 AND 2280327
	Index Scan using sbtest1_pkey on sbtest1  (cost=0.43..381.78 rows=97 width=121)
	  Index Cond: ((id >= 2280228) AND (id <= 2280327))

table 2 : explain SELECT c FROM sbtest2 WHERE id BETWEEN 6110879 AND 6110978
	Index Scan using sbtest2_pkey on sbtest2  (cost=0.43..423.51 rows=108 width=121)
	  Index Cond: ((id >= 6110879) AND (id <= 6110978))

table 3 : explain SELECT c FROM sbtest3 WHERE id BETWEEN 2347523 AND 2347622
	Index Scan using sbtest3_pkey on sbtest3  (cost=0.43..380.60 rows=97 width=121)
	  Index Cond: ((id >= 2347523) AND (id <= 2347622))

table 4 : explain SELECT c FROM sbtest4 WHERE id BETWEEN 3442721 AND 3442820
	Index Scan using sbtest4_pkey on sbtest4  (cost=0.43..361.38 rows=92 width=121)
	  Index Cond: ((id >= 3442721) AND (id <= 3442820))

table 5 : explain SELECT c FROM sbtest5 WHERE id BETWEEN 7862502 AND 7862601
	Index Scan using sbtest5_pkey on sbtest5  (cost=0.43..395.42 rows=101 width=121)
	  Index Cond: ((id >= 7862502) AND (id <= 7862601))

table 6 : explain SELECT c FROM sbtest6 WHERE id BETWEEN 1054684 AND 1054783
	Index Scan using sbtest6_pkey on sbtest6  (cost=0.43..423.05 rows=108 width=121)
	  Index Cond: ((id >= 1054684) AND (id <= 1054783))

table 7 : explain SELECT c FROM sbtest7 WHERE id BETWEEN 4952708 AND 4952807
	Index Scan using sbtest7_pkey on sbtest7  (cost=0.43..393.08 rows=100 width=121)
	  Index Cond: ((id >= 4952708) AND (id <= 4952807))

table 8 : explain SELECT c FROM sbtest8 WHERE id BETWEEN 9752155 AND 9752254
	Index Scan using sbtest8_pkey on sbtest8  (cost=0.43..380.86 rows=97 width=121)
	  Index Cond: ((id >= 9752155) AND (id <= 9752254))

explain: for inserts :: explain INSERT INTO sbtest%u (id, k, c, pad) VALUES (%u, 13, 'foobar', 'foobar')
for deletes
table 1 : explain DELETE FROM sbtest1 WHERE id=3687050
	Delete on sbtest1  (cost=0.43..8.45 rows=0 width=0)
	  ->  Index Scan using sbtest1_pkey on sbtest1  (cost=0.43..8.45 rows=1 width=6)
	        Index Cond: (id = 3687050)

table 2 : explain DELETE FROM sbtest2 WHERE id=2285022
	Delete on sbtest2  (cost=0.43..8.45 rows=0 width=0)
	  ->  Index Scan using sbtest2_pkey on sbtest2  (cost=0.43..8.45 rows=1 width=6)
	        Index Cond: (id = 2285022)

table 3 : explain DELETE FROM sbtest3 WHERE id=3703237
	Delete on sbtest3  (cost=0.43..8.45 rows=0 width=0)
	  ->  Index Scan using sbtest3_pkey on sbtest3  (cost=0.43..8.45 rows=1 width=6)
	        Index Cond: (id = 3703237)

table 4 : explain DELETE FROM sbtest4 WHERE id=7829674
	Delete on sbtest4  (cost=0.43..8.45 rows=0 width=0)
	  ->  Index Scan using sbtest4_pkey on sbtest4  (cost=0.43..8.45 rows=1 width=6)
	        Index Cond: (id = 7829674)

table 5 : explain DELETE FROM sbtest5 WHERE id=8258197
	Delete on sbtest5  (cost=0.43..8.45 rows=0 width=0)
	  ->  Index Scan using sbtest5_pkey on sbtest5  (cost=0.43..8.45 rows=1 width=6)
	        Index Cond: (id = 8258197)

table 6 : explain DELETE FROM sbtest6 WHERE id=5662929
	Delete on sbtest6  (cost=0.43..8.45 rows=0 width=0)
	  ->  Index Scan using sbtest6_pkey on sbtest6  (cost=0.43..8.45 rows=1 width=6)
	        Index Cond: (id = 5662929)

table 7 : explain DELETE FROM sbtest7 WHERE id=5459631
	Delete on sbtest7  (cost=0.43..8.45 rows=0 width=0)
	  ->  Index Scan using sbtest7_pkey on sbtest7  (cost=0.43..8.45 rows=1 width=6)
	        Index Cond: (id = 5459631)

table 8 : explain DELETE FROM sbtest8 WHERE id=2775098
	Delete on sbtest8  (cost=0.43..8.45 rows=0 width=0)
	  ->  Index Scan using sbtest8_pkey on sbtest8  (cost=0.43..8.45 rows=1 width=6)
	        Index Cond: (id = 2775098)
for index_updates
table 1 : explain UPDATE sbtest1 SET k=k+1 WHERE id=7006938
	Update on sbtest1  (cost=0.43..8.46 rows=0 width=0)
	  ->  Index Scan using sbtest1_pkey on sbtest1  (cost=0.43..8.46 rows=1 width=10)
	        Index Cond: (id = 7006938)

table 2 : explain UPDATE sbtest2 SET k=k+1 WHERE id=1075540
	Update on sbtest2  (cost=0.43..8.46 rows=0 width=0)
	  ->  Index Scan using sbtest2_pkey on sbtest2  (cost=0.43..8.46 rows=1 width=10)
	        Index Cond: (id = 1075540)

table 3 : explain UPDATE sbtest3 SET k=k+1 WHERE id=1238033
	Update on sbtest3  (cost=0.43..8.46 rows=0 width=0)
	  ->  Index Scan using sbtest3_pkey on sbtest3  (cost=0.43..8.46 rows=1 width=10)
	        Index Cond: (id = 1238033)

table 4 : explain UPDATE sbtest4 SET k=k+1 WHERE id=2933483
	Update on sbtest4  (cost=0.43..8.46 rows=0 width=0)
	  ->  Index Scan using sbtest4_pkey on sbtest4  (cost=0.43..8.46 rows=1 width=10)
	        Index Cond: (id = 2933483)

table 5 : explain UPDATE sbtest5 SET k=k+1 WHERE id=5332128
	Update on sbtest5  (cost=0.43..8.46 rows=0 width=0)
	  ->  Index Scan using sbtest5_pkey on sbtest5  (cost=0.43..8.46 rows=1 width=10)
	        Index Cond: (id = 5332128)

table 6 : explain UPDATE sbtest6 SET k=k+1 WHERE id=5812304
	Update on sbtest6  (cost=0.43..8.46 rows=0 width=0)
	  ->  Index Scan using sbtest6_pkey on sbtest6  (cost=0.43..8.46 rows=1 width=10)
	        Index Cond: (id = 5812304)

table 7 : explain UPDATE sbtest7 SET k=k+1 WHERE id=2437337
	Update on sbtest7  (cost=0.43..8.46 rows=0 width=0)
	  ->  Index Scan using sbtest7_pkey on sbtest7  (cost=0.43..8.46 rows=1 width=10)
	        Index Cond: (id = 2437337)

table 8 : explain UPDATE sbtest8 SET k=k+1 WHERE id=5992234
	Update on sbtest8  (cost=0.43..8.46 rows=0 width=0)
	  ->  Index Scan using sbtest8_pkey on sbtest8  (cost=0.43..8.46 rows=1 width=10)
	        Index Cond: (id = 5992234)


explain: for inserts :: explain INSERT INTO sbtest%u (id, k, c, pad) VALUES (%u, 13, 'foobar', 'foobar')
for: order_ranges
table 1 : explain SELECT c FROM sbtest1 WHERE id BETWEEN 4653943 AND 4654042 ORDER BY c
	Sort  (cost=436.09..436.37 rows=110 width=121)
	  Sort Key: c
	  ->  Index Scan using sbtest1_pkey on sbtest1  (cost=0.43..432.36 rows=110 width=121)
	        Index Cond: ((id >= 4653943) AND (id <= 4654042))

table 2 : explain SELECT c FROM sbtest2 WHERE id BETWEEN 335654 AND 335753 ORDER BY c
	Sort  (cost=419.32..419.59 rows=106 width=121)
	  Sort Key: c
	  ->  Index Scan using sbtest2_pkey on sbtest2  (cost=0.43..415.75 rows=106 width=121)
	        Index Cond: ((id >= 335654) AND (id <= 335753))

table 3 : explain SELECT c FROM sbtest3 WHERE id BETWEEN 1798138 AND 1798237 ORDER BY c
	Sort  (cost=399.50..399.75 rows=101 width=121)
	  Sort Key: c
	  ->  Index Scan using sbtest3_pkey on sbtest3  (cost=0.43..396.14 rows=101 width=121)
	        Index Cond: ((id >= 1798138) AND (id <= 1798237))

table 4 : explain SELECT c FROM sbtest4 WHERE id BETWEEN 2637230 AND 2637329 ORDER BY c
	Sort  (cost=411.43..411.69 rows=104 width=121)
	  Sort Key: c
	  ->  Index Scan using sbtest4_pkey on sbtest4  (cost=0.43..407.95 rows=104 width=121)
	        Index Cond: ((id >= 2637230) AND (id <= 2637329))

table 5 : explain SELECT c FROM sbtest5 WHERE id BETWEEN 6506546 AND 6506645 ORDER BY c
	Sort  (cost=383.11..383.35 rows=97 width=121)
	  Sort Key: c
	  ->  Index Scan using sbtest5_pkey on sbtest5  (cost=0.43..379.91 rows=97 width=121)
	        Index Cond: ((id >= 6506546) AND (id <= 6506645))

table 6 : explain SELECT c FROM sbtest6 WHERE id BETWEEN 5443410 AND 5443509 ORDER BY c
	Sort  (cost=403.21..403.46 rows=102 width=121)
	  Sort Key: c
	  ->  Index Scan using sbtest6_pkey on sbtest6  (cost=0.43..399.81 rows=102 width=121)
	        Index Cond: ((id >= 5443410) AND (id <= 5443509))

table 7 : explain SELECT c FROM sbtest7 WHERE id BETWEEN 8860139 AND 8860238 ORDER BY c
	Sort  (cost=380.67..380.91 rows=96 width=121)
	  Sort Key: c
	  ->  Index Scan using sbtest7_pkey on sbtest7  (cost=0.43..377.51 rows=96 width=121)
	        Index Cond: ((id >= 8860139) AND (id <= 8860238))

table 8 : explain SELECT c FROM sbtest8 WHERE id BETWEEN 5358547 AND 5358646 ORDER BY c
	Sort  (cost=427.20..427.47 rows=108 width=121)
	  Sort Key: c
	  ->  Index Scan using sbtest8_pkey on sbtest8  (cost=0.43..423.55 rows=108 width=121)
	        Index Cond: ((id >= 5358547) AND (id <= 5358646))

for index_updates
table 1 : explain UPDATE sbtest1 SET k=k+1 WHERE id=2239215
	Update on sbtest1  (cost=0.43..8.46 rows=0 width=0)
	  ->  Index Scan using sbtest1_pkey on sbtest1  (cost=0.43..8.46 rows=1 width=10)
	        Index Cond: (id = 2239215)

table 2 : explain UPDATE sbtest2 SET k=k+1 WHERE id=3999593
	Update on sbtest2  (cost=0.43..8.46 rows=0 width=0)
	  ->  Index Scan using sbtest2_pkey on sbtest2  (cost=0.43..8.46 rows=1 width=10)
	        Index Cond: (id = 3999593)

table 3 : explain UPDATE sbtest3 SET k=k+1 WHERE id=9402922
	Update on sbtest3  (cost=0.43..8.46 rows=0 width=0)
	  ->  Index Scan using sbtest3_pkey on sbtest3  (cost=0.43..8.46 rows=1 width=10)
	        Index Cond: (id = 9402922)

table 4 : explain UPDATE sbtest4 SET k=k+1 WHERE id=4942906
	Update on sbtest4  (cost=0.43..8.46 rows=0 width=0)
	  ->  Index Scan using sbtest4_pkey on sbtest4  (cost=0.43..8.46 rows=1 width=10)
	        Index Cond: (id = 4942906)

table 5 : explain UPDATE sbtest5 SET k=k+1 WHERE id=7821785
	Update on sbtest5  (cost=0.43..8.46 rows=0 width=0)
	  ->  Index Scan using sbtest5_pkey on sbtest5  (cost=0.43..8.46 rows=1 width=10)
	        Index Cond: (id = 7821785)

table 6 : explain UPDATE sbtest6 SET k=k+1 WHERE id=6198201
	Update on sbtest6  (cost=0.43..8.46 rows=0 width=0)
	  ->  Index Scan using sbtest6_pkey on sbtest6  (cost=0.43..8.46 rows=1 width=10)
	        Index Cond: (id = 6198201)

table 7 : explain UPDATE sbtest7 SET k=k+1 WHERE id=2700896
	Update on sbtest7  (cost=0.43..8.46 rows=0 width=0)
	  ->  Index Scan using sbtest7_pkey on sbtest7  (cost=0.43..8.46 rows=1 width=10)
	        Index Cond: (id = 2700896)

table 8 : explain UPDATE sbtest8 SET k=k+1 WHERE id=6496262
	Update on sbtest8  (cost=0.43..8.46 rows=0 width=0)
	  ->  Index Scan using sbtest8_pkey on sbtest8  (cost=0.43..8.46 rows=1 width=10)
	        Index Cond: (id = 6496262)

for: order_ranges
table 1 : explain SELECT c FROM sbtest1 WHERE id BETWEEN 2408887 AND 2408986 ORDER BY c
	Sort  (cost=412.52..412.78 rows=104 width=121)
	  Sort Key: c
	  ->  Index Scan using sbtest1_pkey on sbtest1  (cost=0.43..409.03 rows=104 width=121)
	        Index Cond: ((id >= 2408887) AND (id <= 2408986))

table 2 : explain SELECT c FROM sbtest2 WHERE id BETWEEN 4835901 AND 4836000 ORDER BY c
	Sort  (cost=431.08..431.35 rows=109 width=121)
	  Sort Key: c
	  ->  Index Scan using sbtest2_pkey on sbtest2  (cost=0.43..427.39 rows=109 width=121)
	        Index Cond: ((id >= 4835901) AND (id <= 4836000))

table 3 : explain SELECT c FROM sbtest3 WHERE id BETWEEN 7408964 AND 7409063 ORDER BY c
	Sort  (cost=399.50..399.75 rows=101 width=121)
	  Sort Key: c
	  ->  Index Scan using sbtest3_pkey on sbtest3  (cost=0.43..396.14 rows=101 width=121)
	        Index Cond: ((id >= 7408964) AND (id <= 7409063))

table 4 : explain SELECT c FROM sbtest4 WHERE id BETWEEN 5708929 AND 5709028 ORDER BY c
	Sort  (cost=423.19..423.46 rows=107 width=121)
	  Sort Key: c
	  ->  Index Scan using sbtest4_pkey on sbtest4  (cost=0.43..419.58 rows=107 width=121)
	        Index Cond: ((id >= 5708929) AND (id <= 5709028))

table 5 : explain SELECT c FROM sbtest5 WHERE id BETWEEN 2200802 AND 2200901 ORDER BY c
	Sort  (cost=406.60..406.86 rows=103 width=121)
	  Sort Key: c
	  ->  Index Scan using sbtest5_pkey on sbtest5  (cost=0.43..403.16 rows=103 width=121)
	        Index Cond: ((id >= 2200802) AND (id <= 2200901))

table 6 : explain SELECT c FROM sbtest6 WHERE id BETWEEN 6866362 AND 6866461 ORDER BY c
	Sort  (cost=371.86..372.10 rows=94 width=121)
	  Sort Key: c
	  ->  Index Scan using sbtest6_pkey on sbtest6  (cost=0.43..368.78 rows=94 width=121)
	        Index Cond: ((id >= 6866362) AND (id <= 6866461))

table 7 : explain SELECT c FROM sbtest7 WHERE id BETWEEN 2699330 AND 2699429 ORDER BY c
	Sort  (cost=368.90..369.13 rows=93 width=121)
	  Sort Key: c
	  ->  Index Scan using sbtest7_pkey on sbtest7  (cost=0.43..365.86 rows=93 width=121)
	        Index Cond: ((id >= 2699330) AND (id <= 2699429))

table 8 : explain SELECT c FROM sbtest8 WHERE id BETWEEN 3034256 AND 3034355 ORDER BY c
	Sort  (cost=372.30..372.54 rows=94 width=121)
	  Sort Key: c
	  ->  Index Scan using sbtest8_pkey on sbtest8  (cost=0.43..369.22 rows=94 width=121)
	        Index Cond: ((id >= 3034256) AND (id <= 3034355))

explain: for non_index_updates :: explain UPDATE sbtest%u SET c='foobar' WHERE id=%u
for point_selects
table 1 : explain SELECT c FROM sbtest1 WHERE id=7782113
	Index Scan using sbtest1_pkey on sbtest1  (cost=0.43..8.45 rows=1 width=121)
	  Index Cond: (id = 7782113)

table 2 : explain SELECT c FROM sbtest2 WHERE id=9792150
	Index Scan using sbtest2_pkey on sbtest2  (cost=0.43..8.45 rows=1 width=121)
	  Index Cond: (id = 9792150)

table 3 : explain SELECT c FROM sbtest3 WHERE id=5660233
	Index Scan using sbtest3_pkey on sbtest3  (cost=0.43..8.45 rows=1 width=121)
	  Index Cond: (id = 5660233)

table 4 : explain SELECT c FROM sbtest4 WHERE id=3778273
	Index Scan using sbtest4_pkey on sbtest4  (cost=0.43..8.45 rows=1 width=121)
	  Index Cond: (id = 3778273)

table 5 : explain SELECT c FROM sbtest5 WHERE id=4158349
	Index Scan using sbtest5_pkey on sbtest5  (cost=0.43..8.45 rows=1 width=121)
	  Index Cond: (id = 4158349)

table 6 : explain SELECT c FROM sbtest6 WHERE id=7811780
	Index Scan using sbtest6_pkey on sbtest6  (cost=0.43..8.45 rows=1 width=121)
	  Index Cond: (id = 7811780)

table 7 : explain SELECT c FROM sbtest7 WHERE id=2114637
	Index Scan using sbtest7_pkey on sbtest7  (cost=0.43..8.45 rows=1 width=121)
	  Index Cond: (id = 2114637)

table 8 : explain SELECT c FROM sbtest8 WHERE id=3076345
	Index Scan using sbtest8_pkey on sbtest8  (cost=0.43..8.45 rows=1 width=121)
	  Index Cond: (id = 3076345)

explain: for inserts :: explain INSERT INTO sbtest%u (id, k, c, pad) VALUES (%u, 13, 'foobar', 'foobar')
for: distinct_ranges
table 1 : explain SELECT DISTINCT c FROM sbtest1 WHERE id BETWEEN 7890910 AND 7891009 ORDER BY c
	Unique  (cost=392.84..393.34 rows=99 width=121)
	  ->  Sort  (cost=392.84..393.09 rows=99 width=121)
	        Sort Key: c
	        ->  Index Scan using sbtest1_pkey on sbtest1  (cost=0.43..389.56 rows=99 width=121)
	              Index Cond: ((id >= 7890910) AND (id <= 7891009))

table 2 : explain SELECT DISTINCT c FROM sbtest2 WHERE id BETWEEN 9431126 AND 9431225 ORDER BY c
	Unique  (cost=387.94..388.43 rows=98 width=121)
	  ->  Sort  (cost=387.94..388.18 rows=98 width=121)
	        Sort Key: c
	        ->  Index Scan using sbtest2_pkey on sbtest2  (cost=0.43..384.69 rows=98 width=121)
	              Index Cond: ((id >= 9431126) AND (id <= 9431225))

table 3 : explain SELECT DISTINCT c FROM sbtest3 WHERE id BETWEEN 713219 AND 713318 ORDER BY c
	Unique  (cost=372.05..372.52 rows=94 width=121)
	  ->  Sort  (cost=372.05..372.29 rows=94 width=121)
	        Sort Key: c
	        ->  Index Scan using sbtest3_pkey on sbtest3  (cost=0.43..368.97 rows=94 width=121)
	              Index Cond: ((id >= 713219) AND (id <= 713318))

table 4 : explain SELECT DISTINCT c FROM sbtest4 WHERE id BETWEEN 4108304 AND 4108403 ORDER BY c
	Unique  (cost=407.52..408.03 rows=103 width=121)
	  ->  Sort  (cost=407.52..407.77 rows=103 width=121)
	        Sort Key: c
	        ->  Index Scan using sbtest4_pkey on sbtest4  (cost=0.43..404.07 rows=103 width=121)
	              Index Cond: ((id >= 4108304) AND (id <= 4108403))

table 5 : explain SELECT DISTINCT c FROM sbtest5 WHERE id BETWEEN 9228292 AND 9228391 ORDER BY c
	Unique  (cost=390.93..391.42 rows=99 width=121)
	  ->  Sort  (cost=390.93..391.17 rows=99 width=121)
	        Sort Key: c
	        ->  Index Scan using sbtest5_pkey on sbtest5  (cost=0.43..387.64 rows=99 width=121)
	              Index Cond: ((id >= 9228292) AND (id <= 9228391))

table 6 : explain SELECT DISTINCT c FROM sbtest6 WHERE id BETWEEN 1315124 AND 1315223 ORDER BY c
	Unique  (cost=395.38..395.88 rows=100 width=121)
	  ->  Sort  (cost=395.38..395.63 rows=100 width=121)
	        Sort Key: c
	        ->  Index Scan using sbtest6_pkey on sbtest6  (cost=0.43..392.06 rows=100 width=121)
	              Index Cond: ((id >= 1315124) AND (id <= 1315223))

table 7 : explain SELECT DISTINCT c FROM sbtest7 WHERE id BETWEEN 9080097 AND 9080196 ORDER BY c
	Unique  (cost=400.33..400.83 rows=101 width=121)
	  ->  Sort  (cost=400.33..400.58 rows=101 width=121)
	        Sort Key: c
	        ->  Index Scan using sbtest7_pkey on sbtest7  (cost=0.43..396.97 rows=101 width=121)
	              Index Cond: ((id >= 9080097) AND (id <= 9080196))

table 8 : explain SELECT DISTINCT c FROM sbtest8 WHERE id BETWEEN 9239148 AND 9239247 ORDER BY c
	Unique  (cost=391.93..392.43 rows=99 width=121)
	  ->  Sort  (cost=391.93..392.18 rows=99 width=121)
	        Sort Key: c
	        ->  Index Scan using sbtest8_pkey on sbtest8  (cost=0.43..388.65 rows=99 width=121)
	              Index Cond: ((id >= 9239148) AND (id <= 9239247))

explain: for non_index_updates :: explain UPDATE sbtest%u SET c='foobar' WHERE id=%u
for inserts
table 1 : explain INSERT INTO sbtest1 (id, k, c, pad) VALUES (6484328, 13, 'foobar', 'foobar')
	Insert on sbtest1  (cost=0.00..0.01 rows=0 width=0)
	  ->  Result  (cost=0.00..0.01 rows=1 width=736)

table 2 : explain INSERT INTO sbtest2 (id, k, c, pad) VALUES (6152608, 13, 'foobar', 'foobar')
	Insert on sbtest2  (cost=0.00..0.01 rows=0 width=0)
	  ->  Result  (cost=0.00..0.01 rows=1 width=736)

table 3 : explain INSERT INTO sbtest3 (id, k, c, pad) VALUES (7789991, 13, 'foobar', 'foobar')
	Insert on sbtest3  (cost=0.00..0.01 rows=0 width=0)
	  ->  Result  (cost=0.00..0.01 rows=1 width=736)

table 4 : explain INSERT INTO sbtest4 (id, k, c, pad) VALUES (4004739, 13, 'foobar', 'foobar')
	Insert on sbtest4  (cost=0.00..0.01 rows=0 width=0)
	  ->  Result  (cost=0.00..0.01 rows=1 width=736)

table 5 : explain INSERT INTO sbtest5 (id, k, c, pad) VALUES (9415808, 13, 'foobar', 'foobar')
	Insert on sbtest5  (cost=0.00..0.01 rows=0 width=0)
	  ->  Result  (cost=0.00..0.01 rows=1 width=736)

table 6 : explain INSERT INTO sbtest6 (id, k, c, pad) VALUES (3132795, 13, 'foobar', 'foobar')
	Insert on sbtest6  (cost=0.00..0.01 rows=0 width=0)
	  ->  Result  (cost=0.00..0.01 rows=1 width=736)

table 7 : explain INSERT INTO sbtest7 (id, k, c, pad) VALUES (8845069, 13, 'foobar', 'foobar')
	Insert on sbtest7  (cost=0.00..0.01 rows=0 width=0)
	  ->  Result  (cost=0.00..0.01 rows=1 width=736)

table 8 : explain INSERT INTO sbtest8 (id, k, c, pad) VALUES (2596928, 13, 'foobar', 'foobar')
	Insert on sbtest8  (cost=0.00..0.01 rows=0 width=0)
	  ->  Result  (cost=0.00..0.01 rows=1 width=736)

explain: for non_index_updates :: explain UPDATE sbtest%u SET c='foobar' WHERE id=%u
for inserts
table 1 : explain INSERT INTO sbtest1 (id, k, c, pad) VALUES (8879074, 13, 'foobar', 'foobar')
	Insert on sbtest1  (cost=0.00..0.01 rows=0 width=0)
	  ->  Result  (cost=0.00..0.01 rows=1 width=736)

table 2 : explain INSERT INTO sbtest2 (id, k, c, pad) VALUES (5735543, 13, 'foobar', 'foobar')
	Insert on sbtest2  (cost=0.00..0.01 rows=0 width=0)
	  ->  Result  (cost=0.00..0.01 rows=1 width=736)

table 3 : explain INSERT INTO sbtest3 (id, k, c, pad) VALUES (1070141, 13, 'foobar', 'foobar')
	Insert on sbtest3  (cost=0.00..0.01 rows=0 width=0)
	  ->  Result  (cost=0.00..0.01 rows=1 width=736)

table 4 : explain INSERT INTO sbtest4 (id, k, c, pad) VALUES (9230901, 13, 'foobar', 'foobar')
	Insert on sbtest4  (cost=0.00..0.01 rows=0 width=0)
	  ->  Result  (cost=0.00..0.01 rows=1 width=736)

table 5 : explain INSERT INTO sbtest5 (id, k, c, pad) VALUES (1008299, 13, 'foobar', 'foobar')
	Insert on sbtest5  (cost=0.00..0.01 rows=0 width=0)
	  ->  Result  (cost=0.00..0.01 rows=1 width=736)

table 6 : explain INSERT INTO sbtest6 (id, k, c, pad) VALUES (7915693, 13, 'foobar', 'foobar')
	Insert on sbtest6  (cost=0.00..0.01 rows=0 width=0)
	  ->  Result  (cost=0.00..0.01 rows=1 width=736)

table 7 : explain INSERT INTO sbtest7 (id, k, c, pad) VALUES (9499295, 13, 'foobar', 'foobar')
	Insert on sbtest7  (cost=0.00..0.01 rows=0 width=0)
	  ->  Result  (cost=0.00..0.01 rows=1 width=736)

table 8 : explain INSERT INTO sbtest8 (id, k, c, pad) VALUES (4184526, 13, 'foobar', 'foobar')
	Insert on sbtest8  (cost=0.00..0.01 rows=0 width=0)
	  ->  Result  (cost=0.00..0.01 rows=1 width=736)

for point_selects
table 1 : explain SELECT c FROM sbtest1 WHERE id=9765405
	Index Scan using sbtest1_pkey on sbtest1  (cost=0.43..8.45 rows=1 width=121)
	  Index Cond: (id = 9765405)

table 2 : explain SELECT c FROM sbtest2 WHERE id=3465889
	Index Scan using sbtest2_pkey on sbtest2  (cost=0.43..8.45 rows=1 width=121)
	  Index Cond: (id = 3465889)

table 3 : explain SELECT c FROM sbtest3 WHERE id=6130386
	Index Scan using sbtest3_pkey on sbtest3  (cost=0.43..8.45 rows=1 width=121)
	  Index Cond: (id = 6130386)

table 4 : explain SELECT c FROM sbtest4 WHERE id=6677617
	Index Scan using sbtest4_pkey on sbtest4  (cost=0.43..8.45 rows=1 width=121)
	  Index Cond: (id = 6677617)

table 5 : explain SELECT c FROM sbtest5 WHERE id=8204684
	Index Scan using sbtest5_pkey on sbtest5  (cost=0.43..8.45 rows=1 width=121)
	  Index Cond: (id = 8204684)

table 6 : explain SELECT c FROM sbtest6 WHERE id=3600432
	Index Scan using sbtest6_pkey on sbtest6  (cost=0.43..8.45 rows=1 width=121)
	  Index Cond: (id = 3600432)

table 7 : explain SELECT c FROM sbtest7 WHERE id=9840920
	Index Scan using sbtest7_pkey on sbtest7  (cost=0.43..8.45 rows=1 width=121)
	  Index Cond: (id = 9840920)

table 8 : explain SELECT c FROM sbtest8 WHERE id=2497652
	Index Scan using sbtest8_pkey on sbtest8  (cost=0.43..8.45 rows=1 width=121)
	  Index Cond: (id = 2497652)

for: distinct_ranges
table 1 : explain SELECT DISTINCT c FROM sbtest1 WHERE id BETWEEN 5221051 AND 5221150 ORDER BY c
	Unique  (cost=404.63..405.14 rows=102 width=121)
	  ->  Sort  (cost=404.63..404.88 rows=102 width=121)
	        Sort Key: c
	        ->  Index Scan using sbtest1_pkey on sbtest1  (cost=0.43..401.22 rows=102 width=121)
	              Index Cond: ((id >= 5221051) AND (id <= 5221150))

table 2 : explain SELECT DISTINCT c FROM sbtest2 WHERE id BETWEEN 1690221 AND 1690320 ORDER BY c
	Unique  (cost=337.00..337.43 rows=85 width=121)
	  ->  Sort  (cost=337.00..337.22 rows=85 width=121)
	        Sort Key: c
	        ->  Index Scan using sbtest2_pkey on sbtest2  (cost=0.43..334.28 rows=85 width=121)
	              Index Cond: ((id >= 1690221) AND (id <= 1690320))

table 3 : explain SELECT DISTINCT c FROM sbtest3 WHERE id BETWEEN 3758978 AND 3759077 ORDER BY c
	Unique  (cost=419.08..419.61 rows=106 width=121)
	  ->  Sort  (cost=419.08..419.35 rows=106 width=121)
	        Sort Key: c
	        ->  Index Scan using sbtest3_pkey on sbtest3  (cost=0.43..415.52 rows=106 width=121)
	              Index Cond: ((id >= 3758978) AND (id <= 3759077))

table 4 : explain SELECT DISTINCT c FROM sbtest4 WHERE id BETWEEN 6183283 AND 6183382 ORDER BY c
	Unique  (cost=427.11..427.65 rows=108 width=121)
	  ->  Sort  (cost=427.11..427.38 rows=108 width=121)
	        Sort Key: c
	        ->  Index Scan using sbtest4_pkey on sbtest4  (cost=0.43..423.46 rows=108 width=121)
	              Index Cond: ((id >= 6183283) AND (id <= 6183382))

table 5 : explain SELECT DISTINCT c FROM sbtest5 WHERE id BETWEEN 3781985 AND 3782084 ORDER BY c
	Unique  (cost=390.93..391.42 rows=99 width=121)
	  ->  Sort  (cost=390.93..391.17 rows=99 width=121)
	        Sort Key: c
	        ->  Index Scan using sbtest5_pkey on sbtest5  (cost=0.43..387.64 rows=99 width=121)
	              Index Cond: ((id >= 3781985) AND (id <= 3782084))

table 6 : explain SELECT DISTINCT c FROM sbtest6 WHERE id BETWEEN 4092213 AND 4092312 ORDER BY c
	Unique  (cost=360.12..360.58 rows=91 width=121)
	  ->  Sort  (cost=360.12..360.35 rows=91 width=121)
	        Sort Key: c
	        ->  Index Scan using sbtest6_pkey on sbtest6  (cost=0.43..357.16 rows=91 width=121)
	              Index Cond: ((id >= 4092213) AND (id <= 4092312))

table 7 : explain SELECT DISTINCT c FROM sbtest7 WHERE id BETWEEN 5892570 AND 5892669 ORDER BY c
	Unique  (cost=404.25..404.76 rows=102 width=121)
	  ->  Sort  (cost=404.25..404.51 rows=102 width=121)
	        Sort Key: c
	        ->  Index Scan using sbtest7_pkey on sbtest7  (cost=0.43..400.85 rows=102 width=121)
	              Index Cond: ((id >= 5892570) AND (id <= 5892669))

table 8 : explain SELECT DISTINCT c FROM sbtest8 WHERE id BETWEEN 957749 AND 957848 ORDER BY c
	Unique  (cost=368.38..368.85 rows=93 width=121)
	  ->  Sort  (cost=368.38..368.62 rows=93 width=121)
	        Sort Key: c
	        ->  Index Scan using sbtest8_pkey on sbtest8  (cost=0.43..365.34 rows=93 width=121)
	              Index Cond: ((id >= 957749) AND (id <= 957848))

for inserts
table 1 : explain INSERT INTO sbtest1 (id, k, c, pad) VALUES (8046263, 13, 'foobar', 'foobar')
	Insert on sbtest1  (cost=0.00..0.01 rows=0 width=0)
	  ->  Result  (cost=0.00..0.01 rows=1 width=736)

table 2 : explain INSERT INTO sbtest2 (id, k, c, pad) VALUES (8170247, 13, 'foobar', 'foobar')
	Insert on sbtest2  (cost=0.00..0.01 rows=0 width=0)
	  ->  Result  (cost=0.00..0.01 rows=1 width=736)

table 3 : explain INSERT INTO sbtest3 (id, k, c, pad) VALUES (6419329, 13, 'foobar', 'foobar')
	Insert on sbtest3  (cost=0.00..0.01 rows=0 width=0)
	  ->  Result  (cost=0.00..0.01 rows=1 width=736)

table 4 : explain INSERT INTO sbtest4 (id, k, c, pad) VALUES (4257267, 13, 'foobar', 'foobar')
	Insert on sbtest4  (cost=0.00..0.01 rows=0 width=0)
	  ->  Result  (cost=0.00..0.01 rows=1 width=736)

table 5 : explain INSERT INTO sbtest5 (id, k, c, pad) VALUES (2070200, 13, 'foobar', 'foobar')
	Insert on sbtest5  (cost=0.00..0.01 rows=0 width=0)
	  ->  Result  (cost=0.00..0.01 rows=1 width=736)

table 6 : explain INSERT INTO sbtest6 (id, k, c, pad) VALUES (326571, 13, 'foobar', 'foobar')
	Insert on sbtest6  (cost=0.00..0.01 rows=0 width=0)
	  ->  Result  (cost=0.00..0.01 rows=1 width=736)

table 7 : explain INSERT INTO sbtest7 (id, k, c, pad) VALUES (7129008, 13, 'foobar', 'foobar')
	Insert on sbtest7  (cost=0.00..0.01 rows=0 width=0)
	  ->  Result  (cost=0.00..0.01 rows=1 width=736)

table 8 : explain INSERT INTO sbtest8 (id, k, c, pad) VALUES (8315119, 13, 'foobar', 'foobar')
	Insert on sbtest8  (cost=0.00..0.01 rows=0 width=0)
	  ->  Result  (cost=0.00..0.01 rows=1 width=736)

for: sum_ranges
table 1 : explain SELECT SUM(k) FROM sbtest1 WHERE id BETWEEN 249376 AND 249475
	Aggregate  (cost=405.40..405.41 rows=1 width=8)
	  ->  Index Scan using sbtest1_pkey on sbtest1  (cost=0.43..405.14 rows=103 width=4)
	        Index Cond: ((id >= 249376) AND (id <= 249475))

table 2 : explain SELECT SUM(k) FROM sbtest2 WHERE id BETWEEN 3667458 AND 3667557
	Aggregate  (cost=396.62..396.63 rows=1 width=8)
	  ->  Index Scan using sbtest2_pkey on sbtest2  (cost=0.43..396.36 rows=101 width=4)
	        Index Cond: ((id >= 3667458) AND (id <= 3667557))

table 3 : explain SELECT SUM(k) FROM sbtest3 WHERE id BETWEEN 1620741 AND 1620840
	Aggregate  (cost=408.02..408.03 rows=1 width=8)
	  ->  Index Scan using sbtest3_pkey on sbtest3  (cost=0.43..407.76 rows=104 width=4)
	        Index Cond: ((id >= 1620741) AND (id <= 1620840))

table 4 : explain SELECT SUM(k) FROM sbtest4 WHERE id BETWEEN 373852 AND 373951
	Aggregate  (cost=388.77..388.78 rows=1 width=8)
	  ->  Index Scan using sbtest4_pkey on sbtest4  (cost=0.43..388.53 rows=99 width=4)
	        Index Cond: ((id >= 373852) AND (id <= 373951))

table 5 : explain SELECT SUM(k) FROM sbtest5 WHERE id BETWEEN 6307019 AND 6307118
	Aggregate  (cost=442.12..442.13 rows=1 width=8)
	  ->  Index Scan using sbtest5_pkey on sbtest5  (cost=0.43..441.84 rows=113 width=4)
	        Index Cond: ((id >= 6307019) AND (id <= 6307118))

table 6 : explain SELECT SUM(k) FROM sbtest6 WHERE id BETWEEN 8030664 AND 8030763
	Aggregate  (cost=423.32..423.33 rows=1 width=8)
	  ->  Index Scan using sbtest6_pkey on sbtest6  (cost=0.43..423.05 rows=108 width=4)
	        Index Cond: ((id >= 8030664) AND (id <= 8030763))

table 7 : explain SELECT SUM(k) FROM sbtest7 WHERE id BETWEEN 1467985 AND 1468084
	Aggregate  (cost=397.22..397.23 rows=1 width=8)
	  ->  Index Scan using sbtest7_pkey on sbtest7  (cost=0.43..396.97 rows=101 width=4)
	        Index Cond: ((id >= 1467985) AND (id <= 1468084))

table 8 : explain SELECT SUM(k) FROM sbtest8 WHERE id BETWEEN 7038866 AND 7038965
	Aggregate  (cost=377.22..377.23 rows=1 width=8)
	  ->  Index Scan using sbtest8_pkey on sbtest8  (cost=0.43..376.98 rows=96 width=4)
	        Index Cond: ((id >= 7038866) AND (id <= 7038965))

for point_selects
table 1 : explain SELECT c FROM sbtest1 WHERE id=9316283
	Index Scan using sbtest1_pkey on sbtest1  (cost=0.43..8.45 rows=1 width=121)
	  Index Cond: (id = 9316283)

table 2 : explain SELECT c FROM sbtest2 WHERE id=9479439
	Index Scan using sbtest2_pkey on sbtest2  (cost=0.43..8.45 rows=1 width=121)
	  Index Cond: (id = 9479439)

table 3 : explain SELECT c FROM sbtest3 WHERE id=6190087
	Index Scan using sbtest3_pkey on sbtest3  (cost=0.43..8.45 rows=1 width=121)
	  Index Cond: (id = 6190087)

table 4 : explain SELECT c FROM sbtest4 WHERE id=9200250
	Index Scan using sbtest4_pkey on sbtest4  (cost=0.43..8.45 rows=1 width=121)
	  Index Cond: (id = 9200250)

table 5 : explain SELECT c FROM sbtest5 WHERE id=1402703
	Index Scan using sbtest5_pkey on sbtest5  (cost=0.43..8.45 rows=1 width=121)
	  Index Cond: (id = 1402703)

table 6 : explain SELECT c FROM sbtest6 WHERE id=9316531
	Index Scan using sbtest6_pkey on sbtest6  (cost=0.43..8.45 rows=1 width=121)
	  Index Cond: (id = 9316531)

table 7 : explain SELECT c FROM sbtest7 WHERE id=579902
	Index Scan using sbtest7_pkey on sbtest7  (cost=0.43..8.45 rows=1 width=121)
	  Index Cond: (id = 579902)

table 8 : explain SELECT c FROM sbtest8 WHERE id=5818797
	Index Scan using sbtest8_pkey on sbtest8  (cost=0.43..8.45 rows=1 width=121)
	  Index Cond: (id = 5818797)

for: distinct_ranges
table 1 : explain SELECT DISTINCT c FROM sbtest1 WHERE id BETWEEN 760661 AND 760760 ORDER BY c
	Unique  (cost=381.06..381.54 rows=96 width=121)
	  ->  Sort  (cost=381.06..381.30 rows=96 width=121)
	        Sort Key: c
	        ->  Index Scan using sbtest1_pkey on sbtest1  (cost=0.43..377.89 rows=96 width=121)
	              Index Cond: ((id >= 760661) AND (id <= 760760))

table 2 : explain SELECT DISTINCT c FROM sbtest2 WHERE id BETWEEN 3674581 AND 3674680 ORDER BY c
	Unique  (cost=399.73..400.23 rows=101 width=121)
	  ->  Sort  (cost=399.73..399.98 rows=101 width=121)
	        Sort Key: c
	        ->  Index Scan using sbtest2_pkey on sbtest2  (cost=0.43..396.36 rows=101 width=121)
	              Index Cond: ((id >= 3674581) AND (id <= 3674680))

table 3 : explain SELECT DISTINCT c FROM sbtest3 WHERE id BETWEEN 2224369 AND 2224468 ORDER BY c
	Unique  (cost=454.33..454.91 rows=115 width=121)
	  ->  Sort  (cost=454.33..454.62 rows=115 width=121)
	        Sort Key: c
	        ->  Index Scan using sbtest3_pkey on sbtest3  (cost=0.43..450.40 rows=115 width=121)
	              Index Cond: ((id >= 2224369) AND (id <= 2224468))

table 4 : explain SELECT DISTINCT c FROM sbtest4 WHERE id BETWEEN 6463782 AND 6463881 ORDER BY c
	Unique  (cost=419.27..419.80 rows=106 width=121)
	  ->  Sort  (cost=419.27..419.54 rows=106 width=121)
	        Sort Key: c
	        ->  Index Scan using sbtest4_pkey on sbtest4  (cost=0.43..415.71 rows=106 width=121)
	              Index Cond: ((id >= 6463782) AND (id <= 6463881))

table 5 : explain SELECT DISTINCT c FROM sbtest5 WHERE id BETWEEN 6331312 AND 6331411 ORDER BY c
	Unique  (cost=398.78..399.29 rows=101 width=121)
	  ->  Sort  (cost=398.78..399.03 rows=101 width=121)
	        Sort Key: c
	        ->  Index Scan using sbtest5_pkey on sbtest5  (cost=0.43..395.42 rows=101 width=121)
	              Index Cond: ((id >= 6331312) AND (id <= 6331411))

table 6 : explain SELECT DISTINCT c FROM sbtest6 WHERE id BETWEEN 3047837 AND 3047936 ORDER BY c
	Unique  (cost=395.38..395.88 rows=100 width=121)
	  ->  Sort  (cost=395.38..395.63 rows=100 width=121)
	        Sort Key: c
	        ->  Index Scan using sbtest6_pkey on sbtest6  (cost=0.43..392.06 rows=100 width=121)
	              Index Cond: ((id >= 3047837) AND (id <= 3047936))

table 7 : explain SELECT DISTINCT c FROM sbtest7 WHERE id BETWEEN 729223 AND 729322 ORDER BY c
	Unique  (cost=404.25..404.76 rows=102 width=121)
	  ->  Sort  (cost=404.25..404.51 rows=102 width=121)
	        Sort Key: c
	        ->  Index Scan using sbtest7_pkey on sbtest7  (cost=0.43..400.85 rows=102 width=121)
	              Index Cond: ((id >= 729223) AND (id <= 729322))

table 8 : explain SELECT DISTINCT c FROM sbtest8 WHERE id BETWEEN 6825016 AND 6825115 ORDER BY c
	Unique  (cost=431.12..431.67 rows=109 width=121)
	  ->  Sort  (cost=431.12..431.39 rows=109 width=121)
	        Sort Key: c
	        ->  Index Scan using sbtest8_pkey on sbtest8  (cost=0.43..427.43 rows=109 width=121)
	              Index Cond: ((id >= 6825016) AND (id <= 6825115))

for non_index_updates
table 1 : explain UPDATE sbtest1 SET c='foobar' WHERE id=7812735
	Update on sbtest1  (cost=0.43..8.45 rows=0 width=0)
	  ->  Index Scan using sbtest1_pkey on sbtest1  (cost=0.43..8.45 rows=1 width=490)
	        Index Cond: (id = 7812735)

table 2 : explain UPDATE sbtest2 SET c='foobar' WHERE id=3670434
	Update on sbtest2  (cost=0.43..8.45 rows=0 width=0)
	  ->  Index Scan using sbtest2_pkey on sbtest2  (cost=0.43..8.45 rows=1 width=490)
	        Index Cond: (id = 3670434)

table 3 : explain UPDATE sbtest3 SET c='foobar' WHERE id=3708087
	Update on sbtest3  (cost=0.43..8.45 rows=0 width=0)
	  ->  Index Scan using sbtest3_pkey on sbtest3  (cost=0.43..8.45 rows=1 width=490)
	        Index Cond: (id = 3708087)

table 4 : explain UPDATE sbtest4 SET c='foobar' WHERE id=7612472
	Update on sbtest4  (cost=0.43..8.45 rows=0 width=0)
	  ->  Index Scan using sbtest4_pkey on sbtest4  (cost=0.43..8.45 rows=1 width=490)
	        Index Cond: (id = 7612472)

table 5 : explain UPDATE sbtest5 SET c='foobar' WHERE id=2382307
	Update on sbtest5  (cost=0.43..8.45 rows=0 width=0)
	  ->  Index Scan using sbtest5_pkey on sbtest5  (cost=0.43..8.45 rows=1 width=490)
	        Index Cond: (id = 2382307)

table 6 : explain UPDATE sbtest6 SET c='foobar' WHERE id=5019324
	Update on sbtest6  (cost=0.43..8.45 rows=0 width=0)
	  ->  Index Scan using sbtest6_pkey on sbtest6  (cost=0.43..8.45 rows=1 width=490)
	        Index Cond: (id = 5019324)

table 7 : explain UPDATE sbtest7 SET c='foobar' WHERE id=3657436
	Update on sbtest7  (cost=0.43..8.45 rows=0 width=0)
	  ->  Index Scan using sbtest7_pkey on sbtest7  (cost=0.43..8.45 rows=1 width=490)
	        Index Cond: (id = 3657436)

table 8 : explain UPDATE sbtest8 SET c='foobar' WHERE id=9897441
	Update on sbtest8  (cost=0.43..8.45 rows=0 width=0)
	  ->  Index Scan using sbtest8_pkey on sbtest8  (cost=0.43..8.45 rows=1 width=490)
	        Index Cond: (id = 9897441)

for inserts
table 1 : explain INSERT INTO sbtest1 (id, k, c, pad) VALUES (8171443, 13, 'foobar', 'foobar')
	Insert on sbtest1  (cost=0.00..0.01 rows=0 width=0)
	  ->  Result  (cost=0.00..0.01 rows=1 width=736)

table 2 : explain INSERT INTO sbtest2 (id, k, c, pad) VALUES (8073292, 13, 'foobar', 'foobar')
	Insert on sbtest2  (cost=0.00..0.01 rows=0 width=0)
	  ->  Result  (cost=0.00..0.01 rows=1 width=736)

table 3 : explain INSERT INTO sbtest3 (id, k, c, pad) VALUES (9108596, 13, 'foobar', 'foobar')
	Insert on sbtest3  (cost=0.00..0.01 rows=0 width=0)
	  ->  Result  (cost=0.00..0.01 rows=1 width=736)

table 4 : explain INSERT INTO sbtest4 (id, k, c, pad) VALUES (1023968, 13, 'foobar', 'foobar')
	Insert on sbtest4  (cost=0.00..0.01 rows=0 width=0)
	  ->  Result  (cost=0.00..0.01 rows=1 width=736)

table 5 : explain INSERT INTO sbtest5 (id, k, c, pad) VALUES (7221807, 13, 'foobar', 'foobar')
	Insert on sbtest5  (cost=0.00..0.01 rows=0 width=0)
	  ->  Result  (cost=0.00..0.01 rows=1 width=736)

table 6 : explain INSERT INTO sbtest6 (id, k, c, pad) VALUES (8152139, 13, 'foobar', 'foobar')
	Insert on sbtest6  (cost=0.00..0.01 rows=0 width=0)
	  ->  Result  (cost=0.00..0.01 rows=1 width=736)

table 7 : explain INSERT INTO sbtest7 (id, k, c, pad) VALUES (5515904, 13, 'foobar', 'foobar')
	Insert on sbtest7  (cost=0.00..0.01 rows=0 width=0)
	  ->  Result  (cost=0.00..0.01 rows=1 width=736)

table 8 : explain INSERT INTO sbtest8 (id, k, c, pad) VALUES (7484488, 13, 'foobar', 'foobar')
	Insert on sbtest8  (cost=0.00..0.01 rows=0 width=0)
	  ->  Result  (cost=0.00..0.01 rows=1 width=736)

for index_updates
table 1 : explain UPDATE sbtest1 SET k=k+1 WHERE id=8808608
	Update on sbtest1  (cost=0.43..8.46 rows=0 width=0)
	  ->  Index Scan using sbtest1_pkey on sbtest1  (cost=0.43..8.46 rows=1 width=10)
	        Index Cond: (id = 8808608)

table 2 : explain UPDATE sbtest2 SET k=k+1 WHERE id=8946709
	Update on sbtest2  (cost=0.43..8.46 rows=0 width=0)
	  ->  Index Scan using sbtest2_pkey on sbtest2  (cost=0.43..8.46 rows=1 width=10)
	        Index Cond: (id = 8946709)

table 3 : explain UPDATE sbtest3 SET k=k+1 WHERE id=9199205
	Update on sbtest3  (cost=0.43..8.46 rows=0 width=0)
	  ->  Index Scan using sbtest3_pkey on sbtest3  (cost=0.43..8.46 rows=1 width=10)
	        Index Cond: (id = 9199205)

table 4 : explain UPDATE sbtest4 SET k=k+1 WHERE id=869436
	Update on sbtest4  (cost=0.43..8.46 rows=0 width=0)
	  ->  Index Scan using sbtest4_pkey on sbtest4  (cost=0.43..8.46 rows=1 width=10)
	        Index Cond: (id = 869436)

table 5 : explain UPDATE sbtest5 SET k=k+1 WHERE id=6060833
	Update on sbtest5  (cost=0.43..8.46 rows=0 width=0)
	  ->  Index Scan using sbtest5_pkey on sbtest5  (cost=0.43..8.46 rows=1 width=10)
	        Index Cond: (id = 6060833)

table 6 : explain UPDATE sbtest6 SET k=k+1 WHERE id=1781946
	Update on sbtest6  (cost=0.43..8.46 rows=0 width=0)
	  ->  Index Scan using sbtest6_pkey on sbtest6  (cost=0.43..8.46 rows=1 width=10)
	        Index Cond: (id = 1781946)

table 7 : explain UPDATE sbtest7 SET k=k+1 WHERE id=9388727
	Update on sbtest7  (cost=0.43..8.46 rows=0 width=0)
	  ->  Index Scan using sbtest7_pkey on sbtest7  (cost=0.43..8.46 rows=1 width=10)
	        Index Cond: (id = 9388727)

table 8 : explain UPDATE sbtest8 SET k=k+1 WHERE id=1508215
	Update on sbtest8  (cost=0.43..8.46 rows=0 width=0)
	  ->  Index Scan using sbtest8_pkey on sbtest8  (cost=0.43..8.46 rows=1 width=10)
	        Index Cond: (id = 1508215)

for non_index_updates
table 1 : explain UPDATE sbtest1 SET c='foobar' WHERE id=2098393
	Update on sbtest1  (cost=0.43..8.45 rows=0 width=0)
	  ->  Index Scan using sbtest1_pkey on sbtest1  (cost=0.43..8.45 rows=1 width=490)
	        Index Cond: (id = 2098393)

table 2 : explain UPDATE sbtest2 SET c='foobar' WHERE id=7883097
	Update on sbtest2  (cost=0.43..8.45 rows=0 width=0)
	  ->  Index Scan using sbtest2_pkey on sbtest2  (cost=0.43..8.45 rows=1 width=490)
	        Index Cond: (id = 7883097)

table 3 : explain UPDATE sbtest3 SET c='foobar' WHERE id=6198985
	Update on sbtest3  (cost=0.43..8.45 rows=0 width=0)
	  ->  Index Scan using sbtest3_pkey on sbtest3  (cost=0.43..8.45 rows=1 width=490)
	        Index Cond: (id = 6198985)

table 4 : explain UPDATE sbtest4 SET c='foobar' WHERE id=5456131
	Update on sbtest4  (cost=0.43..8.45 rows=0 width=0)
	  ->  Index Scan using sbtest4_pkey on sbtest4  (cost=0.43..8.45 rows=1 width=490)
	        Index Cond: (id = 5456131)

table 5 : explain UPDATE sbtest5 SET c='foobar' WHERE id=428703
	Update on sbtest5  (cost=0.43..8.45 rows=0 width=0)
	  ->  Index Scan using sbtest5_pkey on sbtest5  (cost=0.43..8.45 rows=1 width=490)
	        Index Cond: (id = 428703)

table 6 : explain UPDATE sbtest6 SET c='foobar' WHERE id=2030303
	Update on sbtest6  (cost=0.43..8.45 rows=0 width=0)
	  ->  Index Scan using sbtest6_pkey on sbtest6  (cost=0.43..8.45 rows=1 width=490)
	        Index Cond: (id = 2030303)

table 7 : explain UPDATE sbtest7 SET c='foobar' WHERE id=1037054
	Update on sbtest7  (cost=0.43..8.45 rows=0 width=0)
	  ->  Index Scan using sbtest7_pkey on sbtest7  (cost=0.43..8.45 rows=1 width=490)
	        Index Cond: (id = 1037054)

table 8 : explain UPDATE sbtest8 SET c='foobar' WHERE id=5164707
	Update on sbtest8  (cost=0.43..8.45 rows=0 width=0)
	  ->  Index Scan using sbtest8_pkey on sbtest8  (cost=0.43..8.45 rows=1 width=490)
	        Index Cond: (id = 5164707)

explain: for index_updates :: explain UPDATE sbtest%u SET k=k+1 WHERE id=%u
for non_index_updates
table 1 : explain UPDATE sbtest1 SET c='foobar' WHERE id=5341680
	Update on sbtest1  (cost=0.43..8.45 rows=0 width=0)
	  ->  Index Scan using sbtest1_pkey on sbtest1  (cost=0.43..8.45 rows=1 width=490)
	        Index Cond: (id = 5341680)

table 2 : explain UPDATE sbtest2 SET c='foobar' WHERE id=4310971
	Update on sbtest2  (cost=0.43..8.45 rows=0 width=0)
	  ->  Index Scan using sbtest2_pkey on sbtest2  (cost=0.43..8.45 rows=1 width=490)
	        Index Cond: (id = 4310971)

table 3 : explain UPDATE sbtest3 SET c='foobar' WHERE id=1747883
	Update on sbtest3  (cost=0.43..8.45 rows=0 width=0)
	  ->  Index Scan using sbtest3_pkey on sbtest3  (cost=0.43..8.45 rows=1 width=490)
	        Index Cond: (id = 1747883)

table 4 : explain UPDATE sbtest4 SET c='foobar' WHERE id=2039841
	Update on sbtest4  (cost=0.43..8.45 rows=0 width=0)
	  ->  Index Scan using sbtest4_pkey on sbtest4  (cost=0.43..8.45 rows=1 width=490)
	        Index Cond: (id = 2039841)

table 5 : explain UPDATE sbtest5 SET c='foobar' WHERE id=4703638
	Update on sbtest5  (cost=0.43..8.45 rows=0 width=0)
	  ->  Index Scan using sbtest5_pkey on sbtest5  (cost=0.43..8.45 rows=1 width=490)
	        Index Cond: (id = 4703638)

table 6 : explain UPDATE sbtest6 SET c='foobar' WHERE id=351417
	Update on sbtest6  (cost=0.43..8.45 rows=0 width=0)
	  ->  Index Scan using sbtest6_pkey on sbtest6  (cost=0.43..8.45 rows=1 width=490)
	        Index Cond: (id = 351417)

table 7 : explain UPDATE sbtest7 SET c='foobar' WHERE id=818308
	Update on sbtest7  (cost=0.43..8.45 rows=0 width=0)
	  ->  Index Scan using sbtest7_pkey on sbtest7  (cost=0.43..8.45 rows=1 width=490)
	        Index Cond: (id = 818308)

table 8 : explain UPDATE sbtest8 SET c='foobar' WHERE id=9523609
	Update on sbtest8  (cost=0.43..8.45 rows=0 width=0)
	  ->  Index Scan using sbtest8_pkey on sbtest8  (cost=0.43..8.45 rows=1 width=490)
	        Index Cond: (id = 9523609)

explain: for deletes :: explain DELETE FROM sbtest%u WHERE id=%u
for: order_ranges
table 1 : explain SELECT c FROM sbtest1 WHERE id BETWEEN 4147585 AND 4147684 ORDER BY c
	Sort  (cost=463.60..463.89 rows=117 width=121)
	  Sort Key: c
	  ->  Index Scan using sbtest1_pkey on sbtest1  (cost=0.43..459.58 rows=117 width=121)
	        Index Cond: ((id >= 4147585) AND (id <= 4147684))

table 2 : explain SELECT c FROM sbtest2 WHERE id BETWEEN 4645437 AND 4645536 ORDER BY c
	Sort  (cost=376.18..376.42 rows=95 width=121)
	  Sort Key: c
	  ->  Index Scan using sbtest2_pkey on sbtest2  (cost=0.43..373.06 rows=95 width=121)
	        Index Cond: ((id >= 4645437) AND (id <= 4645536))

table 3 : explain SELECT c FROM sbtest3 WHERE id BETWEEN 7460405 AND 7460504 ORDER BY c
	Sort  (cost=399.50..399.75 rows=101 width=121)
	  Sort Key: c
	  ->  Index Scan using sbtest3_pkey on sbtest3  (cost=0.43..396.14 rows=101 width=121)
	        Index Cond: ((id >= 7460405) AND (id <= 7460504))

table 4 : explain SELECT c FROM sbtest4 WHERE id BETWEEN 7376707 AND 7376806 ORDER BY c
	Sort  (cost=407.52..407.77 rows=103 width=121)
	  Sort Key: c
	  ->  Index Scan using sbtest4_pkey on sbtest4  (cost=0.43..404.07 rows=103 width=121)
	        Index Cond: ((id >= 7376707) AND (id <= 7376806))

table 5 : explain SELECT c FROM sbtest5 WHERE id BETWEEN 6989192 AND 6989291 ORDER BY c
	Sort  (cost=402.69..402.95 rows=102 width=121)
	  Sort Key: c
	  ->  Index Scan using sbtest5_pkey on sbtest5  (cost=0.43..399.29 rows=102 width=121)
	        Index Cond: ((id >= 6989192) AND (id <= 6989291))

table 6 : explain SELECT c FROM sbtest6 WHERE id BETWEEN 1149550 AND 1149649 ORDER BY c
	Sort  (cost=375.78..376.01 rows=95 width=121)
	  Sort Key: c
	  ->  Index Scan using sbtest6_pkey on sbtest6  (cost=0.43..372.65 rows=95 width=121)
	        Index Cond: ((id >= 1149550) AND (id <= 1149649))

table 7 : explain SELECT c FROM sbtest7 WHERE id BETWEEN 9957660 AND 9957759 ORDER BY c
	Sort  (cost=431.73..432.00 rows=109 width=121)
	  Sort Key: c
	  ->  Index Scan using sbtest7_pkey on sbtest7  (cost=0.43..428.04 rows=109 width=121)
	        Index Cond: ((id >= 9957660) AND (id <= 9957759))

table 8 : explain SELECT c FROM sbtest8 WHERE id BETWEEN 1835933 AND 1836032 ORDER BY c
	Sort  (cost=344.87..345.09 rows=87 width=121)
	  Sort Key: c
	  ->  Index Scan using sbtest8_pkey on sbtest8  (cost=0.43..342.07 rows=87 width=121)
	        Index Cond: ((id >= 1835933) AND (id <= 1836032))

explain: for deletes :: explain DELETE FROM sbtest%u WHERE id=%u
explain: for inserts :: explain INSERT INTO sbtest%u (id, k, c, pad) VALUES (%u, 13, 'foobar', 'foobar')
for: distinct_ranges
table 1 : explain SELECT DISTINCT c FROM sbtest1 WHERE id BETWEEN 1838262 AND 1838361 ORDER BY c
	Unique  (cost=377.13..377.60 rows=95 width=121)
	  ->  Sort  (cost=377.13..377.36 rows=95 width=121)
	        Sort Key: c
	        ->  Index Scan using sbtest1_pkey on sbtest1  (cost=0.43..374.01 rows=95 width=121)
	              Index Cond: ((id >= 1838262) AND (id <= 1838361))

table 2 : explain SELECT DISTINCT c FROM sbtest2 WHERE id BETWEEN 5336745 AND 5336844 ORDER BY c
	Unique  (cost=384.02..384.50 rows=97 width=121)
	  ->  Sort  (cost=384.02..384.26 rows=97 width=121)
	        Sort Key: c
	        ->  Index Scan using sbtest2_pkey on sbtest2  (cost=0.43..380.82 rows=97 width=121)
	              Index Cond: ((id >= 5336745) AND (id <= 5336844))

table 3 : explain SELECT DISTINCT c FROM sbtest3 WHERE id BETWEEN 8498876 AND 8498975 ORDER BY c
	Unique  (cost=399.50..400.00 rows=101 width=121)
	  ->  Sort  (cost=399.50..399.75 rows=101 width=121)
	        Sort Key: c
	        ->  Index Scan using sbtest3_pkey on sbtest3  (cost=0.43..396.14 rows=101 width=121)
	              Index Cond: ((id >= 8498876) AND (id <= 8498975))

table 4 : explain SELECT DISTINCT c FROM sbtest4 WHERE id BETWEEN 6514800 AND 6514899 ORDER BY c
	Unique  (cost=348.72..349.16 rows=88 width=121)
	  ->  Sort  (cost=348.72..348.94 rows=88 width=121)
	        Sort Key: c
	        ->  Index Scan using sbtest4_pkey on sbtest4  (cost=0.43..345.87 rows=88 width=121)
	              Index Cond: ((id >= 6514800) AND (id <= 6514899))

table 5 : explain SELECT DISTINCT c FROM sbtest5 WHERE id BETWEEN 4011762 AND 4011861 ORDER BY c
	Unique  (cost=383.11..383.59 rows=97 width=121)
	  ->  Sort  (cost=383.11..383.35 rows=97 width=121)
	        Sort Key: c
	        ->  Index Scan using sbtest5_pkey on sbtest5  (cost=0.43..379.91 rows=97 width=121)
	              Index Cond: ((id >= 4011762) AND (id <= 4011861))

table 6 : explain SELECT DISTINCT c FROM sbtest6 WHERE id BETWEEN 2892614 AND 2892713 ORDER BY c
	Unique  (cost=364.03..364.49 rows=92 width=121)
	  ->  Sort  (cost=364.03..364.26 rows=92 width=121)
	        Sort Key: c
	        ->  Index Scan using sbtest6_pkey on sbtest6  (cost=0.43..361.03 rows=92 width=121)
	              Index Cond: ((id >= 2892614) AND (id <= 2892713))

table 7 : explain SELECT DISTINCT c FROM sbtest7 WHERE id BETWEEN 1422462 AND 1422561 ORDER BY c
	Unique  (cost=400.33..400.83 rows=101 width=121)
	  ->  Sort  (cost=400.33..400.58 rows=101 width=121)
	        Sort Key: c
	        ->  Index Scan using sbtest7_pkey on sbtest7  (cost=0.43..396.97 rows=101 width=121)
	              Index Cond: ((id >= 1422462) AND (id <= 1422561))

table 8 : explain SELECT DISTINCT c FROM sbtest8 WHERE id BETWEEN 2072878 AND 2072977 ORDER BY c
	Unique  (cost=340.96..341.39 rows=86 width=121)
	  ->  Sort  (cost=340.96..341.17 rows=86 width=121)
	        Sort Key: c
	        ->  Index Scan using sbtest8_pkey on sbtest8  (cost=0.43..338.19 rows=86 width=121)
	              Index Cond: ((id >= 2072878) AND (id <= 2072977))

explain: for point_selects :: explain SELECT c FROM sbtest%u WHERE id=%u
for: simple_ranges
table 1 : explain SELECT c FROM sbtest1 WHERE id BETWEEN 2934520 AND 2934619
	Index Scan using sbtest1_pkey on sbtest1  (cost=0.43..420.70 rows=107 width=121)
	  Index Cond: ((id >= 2934520) AND (id <= 2934619))

table 2 : explain SELECT c FROM sbtest2 WHERE id BETWEEN 3394933 AND 3395032
	Index Scan using sbtest2_pkey on sbtest2  (cost=0.43..322.65 rows=82 width=121)
	  Index Cond: ((id >= 3394933) AND (id <= 3395032))

table 3 : explain SELECT c FROM sbtest3 WHERE id BETWEEN 5055170 AND 5055269
	Index Scan using sbtest3_pkey on sbtest3  (cost=0.43..427.14 rows=109 width=121)
	  Index Cond: ((id >= 5055170) AND (id <= 5055269))

table 4 : explain SELECT c FROM sbtest4 WHERE id BETWEEN 7069565 AND 7069664
	Index Scan using sbtest4_pkey on sbtest4  (cost=0.43..404.07 rows=103 width=121)
	  Index Cond: ((id >= 7069565) AND (id <= 7069664))

table 5 : explain SELECT c FROM sbtest5 WHERE id BETWEEN 7097858 AND 7097957
	Index Scan using sbtest5_pkey on sbtest5  (cost=0.43..418.63 rows=107 width=121)
	  Index Cond: ((id >= 7097858) AND (id <= 7097957))

table 6 : explain SELECT c FROM sbtest6 WHERE id BETWEEN 9763620 AND 9763719
	Index Scan using sbtest6_pkey on sbtest6  (cost=0.43..353.29 rows=90 width=121)
	  Index Cond: ((id >= 9763620) AND (id <= 9763719))

table 7 : explain SELECT c FROM sbtest7 WHERE id BETWEEN 7331424 AND 7331523
	Index Scan using sbtest7_pkey on sbtest7  (cost=0.43..396.97 rows=101 width=121)
	  Index Cond: ((id >= 7331424) AND (id <= 7331523))

table 8 : explain SELECT c FROM sbtest8 WHERE id BETWEEN 6665253 AND 6665352
	Index Scan using sbtest8_pkey on sbtest8  (cost=0.43..411.92 rows=105 width=121)
	  Index Cond: ((id >= 6665253) AND (id <= 6665352))

explain: for non_index_updates :: explain UPDATE sbtest%u SET c='foobar' WHERE id=%u
explain: for deletes :: explain DELETE FROM sbtest%u WHERE id=%u
explain: for index_updates :: explain UPDATE sbtest%u SET k=k+1 WHERE id=%u
for index_updates
table 1 : explain UPDATE sbtest1 SET k=k+1 WHERE id=5140406
	Update on sbtest1  (cost=0.43..8.46 rows=0 width=0)
	  ->  Index Scan using sbtest1_pkey on sbtest1  (cost=0.43..8.46 rows=1 width=10)
	        Index Cond: (id = 5140406)

table 2 : explain UPDATE sbtest2 SET k=k+1 WHERE id=3302526
	Update on sbtest2  (cost=0.43..8.46 rows=0 width=0)
	  ->  Index Scan using sbtest2_pkey on sbtest2  (cost=0.43..8.46 rows=1 width=10)
	        Index Cond: (id = 3302526)

table 3 : explain UPDATE sbtest3 SET k=k+1 WHERE id=7319997
	Update on sbtest3  (cost=0.43..8.46 rows=0 width=0)
	  ->  Index Scan using sbtest3_pkey on sbtest3  (cost=0.43..8.46 rows=1 width=10)
	        Index Cond: (id = 7319997)

table 4 : explain UPDATE sbtest4 SET k=k+1 WHERE id=9218363
	Update on sbtest4  (cost=0.43..8.46 rows=0 width=0)
	  ->  Index Scan using sbtest4_pkey on sbtest4  (cost=0.43..8.46 rows=1 width=10)
	        Index Cond: (id = 9218363)

table 5 : explain UPDATE sbtest5 SET k=k+1 WHERE id=5342706
	Update on sbtest5  (cost=0.43..8.46 rows=0 width=0)
	  ->  Index Scan using sbtest5_pkey on sbtest5  (cost=0.43..8.46 rows=1 width=10)
	        Index Cond: (id = 5342706)

table 6 : explain UPDATE sbtest6 SET k=k+1 WHERE id=9004934
	Update on sbtest6  (cost=0.43..8.46 rows=0 width=0)
	  ->  Index Scan using sbtest6_pkey on sbtest6  (cost=0.43..8.46 rows=1 width=10)
	        Index Cond: (id = 9004934)

table 7 : explain UPDATE sbtest7 SET k=k+1 WHERE id=4234982
	Update on sbtest7  (cost=0.43..8.46 rows=0 width=0)
	  ->  Index Scan using sbtest7_pkey on sbtest7  (cost=0.43..8.46 rows=1 width=10)
	        Index Cond: (id = 4234982)

table 8 : explain UPDATE sbtest8 SET k=k+1 WHERE id=4643755
	Update on sbtest8  (cost=0.43..8.46 rows=0 width=0)
	  ->  Index Scan using sbtest8_pkey on sbtest8  (cost=0.43..8.46 rows=1 width=10)
	        Index Cond: (id = 4643755)

for: distinct_ranges
table 1 : explain SELECT DISTINCT c FROM sbtest1 WHERE id BETWEEN 9711876 AND 9711975 ORDER BY c
	Unique  (cost=408.59..409.10 rows=103 width=121)
	  ->  Sort  (cost=408.59..408.85 rows=103 width=121)
	        Sort Key: c
	        ->  Index Scan using sbtest1_pkey on sbtest1  (cost=0.43..405.14 rows=103 width=121)
	              Index Cond: ((id >= 9711876) AND (id <= 9711975))

table 2 : explain SELECT DISTINCT c FROM sbtest2 WHERE id BETWEEN 7009899 AND 7009998 ORDER BY c
	Unique  (cost=423.24..423.77 rows=107 width=121)
	  ->  Sort  (cost=423.24..423.51 rows=107 width=121)
	        Sort Key: c
	        ->  Index Scan using sbtest2_pkey on sbtest2  (cost=0.43..419.63 rows=107 width=121)
	              Index Cond: ((id >= 7009899) AND (id <= 7009998))

table 3 : explain SELECT DISTINCT c FROM sbtest3 WHERE id BETWEEN 301693 AND 301792 ORDER BY c
	Unique  (cost=379.88..380.36 rows=96 width=121)
	  ->  Sort  (cost=379.88..380.12 rows=96 width=121)
	        Sort Key: c
	        ->  Index Scan using sbtest3_pkey on sbtest3  (cost=0.43..376.72 rows=96 width=121)
	              Index Cond: ((id >= 301693) AND (id <= 301792))

table 4 : explain SELECT DISTINCT c FROM sbtest4 WHERE id BETWEEN 6599478 AND 6599577 ORDER BY c
	Unique  (cost=383.97..384.46 rows=97 width=121)
	  ->  Sort  (cost=383.97..384.22 rows=97 width=121)
	        Sort Key: c
	        ->  Index Scan using sbtest4_pkey on sbtest4  (cost=0.43..380.77 rows=97 width=121)
	              Index Cond: ((id >= 6599478) AND (id <= 6599577))

table 5 : explain SELECT DISTINCT c FROM sbtest5 WHERE id BETWEEN 2871469 AND 2871568 ORDER BY c
	Unique  (cost=394.87..395.37 rows=100 width=121)
	  ->  Sort  (cost=394.87..395.12 rows=100 width=121)
	        Sort Key: c
	        ->  Index Scan using sbtest5_pkey on sbtest5  (cost=0.43..391.55 rows=100 width=121)
	              Index Cond: ((id >= 2871469) AND (id <= 2871568))

table 6 : explain SELECT DISTINCT c FROM sbtest6 WHERE id BETWEEN 1167649 AND 1167748 ORDER BY c
	Unique  (cost=375.78..376.25 rows=95 width=121)
	  ->  Sort  (cost=375.78..376.01 rows=95 width=121)
	        Sort Key: c
	        ->  Index Scan using sbtest6_pkey on sbtest6  (cost=0.43..372.65 rows=95 width=121)
	              Index Cond: ((id >= 1167649) AND (id <= 1167748))

table 7 : explain SELECT DISTINCT c FROM sbtest7 WHERE id BETWEEN 127037 AND 127136 ORDER BY c
	Unique  (cost=372.83..373.30 rows=94 width=121)
	  ->  Sort  (cost=372.83..373.06 rows=94 width=121)
	        Sort Key: c
	        ->  Index Scan using sbtest7_pkey on sbtest7  (cost=0.43..369.74 rows=94 width=121)
	              Index Cond: ((id >= 127037) AND (id <= 127136))

table 8 : explain SELECT DISTINCT c FROM sbtest8 WHERE id BETWEEN 1184687 AND 1184786 ORDER BY c
	Unique  (cost=431.12..431.67 rows=109 width=121)
	  ->  Sort  (cost=431.12..431.39 rows=109 width=121)
	        Sort Key: c
	        ->  Index Scan using sbtest8_pkey on sbtest8  (cost=0.43..427.43 rows=109 width=121)
	              Index Cond: ((id >= 1184687) AND (id <= 1184786))

for deletes
table 1 : explain DELETE FROM sbtest1 WHERE id=9263567
	Delete on sbtest1  (cost=0.43..8.45 rows=0 width=0)
	  ->  Index Scan using sbtest1_pkey on sbtest1  (cost=0.43..8.45 rows=1 width=6)
	        Index Cond: (id = 9263567)

table 2 : explain DELETE FROM sbtest2 WHERE id=3317690
	Delete on sbtest2  (cost=0.43..8.45 rows=0 width=0)
	  ->  Index Scan using sbtest2_pkey on sbtest2  (cost=0.43..8.45 rows=1 width=6)
	        Index Cond: (id = 3317690)

table 3 : explain DELETE FROM sbtest3 WHERE id=5814740
	Delete on sbtest3  (cost=0.43..8.45 rows=0 width=0)
	  ->  Index Scan using sbtest3_pkey on sbtest3  (cost=0.43..8.45 rows=1 width=6)
	        Index Cond: (id = 5814740)

table 4 : explain DELETE FROM sbtest4 WHERE id=4492963
	Delete on sbtest4  (cost=0.43..8.45 rows=0 width=0)
	  ->  Index Scan using sbtest4_pkey on sbtest4  (cost=0.43..8.45 rows=1 width=6)
	        Index Cond: (id = 4492963)

table 5 : explain DELETE FROM sbtest5 WHERE id=9424508
	Delete on sbtest5  (cost=0.43..8.45 rows=0 width=0)
	  ->  Index Scan using sbtest5_pkey on sbtest5  (cost=0.43..8.45 rows=1 width=6)
	        Index Cond: (id = 9424508)

table 6 : explain DELETE FROM sbtest6 WHERE id=706362
	Delete on sbtest6  (cost=0.43..8.45 rows=0 width=0)
	  ->  Index Scan using sbtest6_pkey on sbtest6  (cost=0.43..8.45 rows=1 width=6)
	        Index Cond: (id = 706362)

table 7 : explain DELETE FROM sbtest7 WHERE id=894706
	Delete on sbtest7  (cost=0.43..8.45 rows=0 width=0)
	  ->  Index Scan using sbtest7_pkey on sbtest7  (cost=0.43..8.45 rows=1 width=6)
	        Index Cond: (id = 894706)

table 8 : explain DELETE FROM sbtest8 WHERE id=7546204
	Delete on sbtest8  (cost=0.43..8.45 rows=0 width=0)
	  ->  Index Scan using sbtest8_pkey on sbtest8  (cost=0.43..8.45 rows=1 width=6)
	        Index Cond: (id = 7546204)

explain: for index_updates :: explain UPDATE sbtest%u SET k=k+1 WHERE id=%u
for deletes
table 1 : explain DELETE FROM sbtest1 WHERE id=576853
	Delete on sbtest1  (cost=0.43..8.45 rows=0 width=0)
	  ->  Index Scan using sbtest1_pkey on sbtest1  (cost=0.43..8.45 rows=1 width=6)
	        Index Cond: (id = 576853)

table 2 : explain DELETE FROM sbtest2 WHERE id=3296853
	Delete on sbtest2  (cost=0.43..8.45 rows=0 width=0)
	  ->  Index Scan using sbtest2_pkey on sbtest2  (cost=0.43..8.45 rows=1 width=6)
	        Index Cond: (id = 3296853)

table 3 : explain DELETE FROM sbtest3 WHERE id=4220048
	Delete on sbtest3  (cost=0.43..8.45 rows=0 width=0)
	  ->  Index Scan using sbtest3_pkey on sbtest3  (cost=0.43..8.45 rows=1 width=6)
	        Index Cond: (id = 4220048)

table 4 : explain DELETE FROM sbtest4 WHERE id=1626250
	Delete on sbtest4  (cost=0.43..8.45 rows=0 width=0)
	  ->  Index Scan using sbtest4_pkey on sbtest4  (cost=0.43..8.45 rows=1 width=6)
	        Index Cond: (id = 1626250)

table 5 : explain DELETE FROM sbtest5 WHERE id=9250679
	Delete on sbtest5  (cost=0.43..8.45 rows=0 width=0)
	  ->  Index Scan using sbtest5_pkey on sbtest5  (cost=0.43..8.45 rows=1 width=6)
	        Index Cond: (id = 9250679)

table 6 : explain DELETE FROM sbtest6 WHERE id=1119396
	Delete on sbtest6  (cost=0.43..8.45 rows=0 width=0)
	  ->  Index Scan using sbtest6_pkey on sbtest6  (cost=0.43..8.45 rows=1 width=6)
	        Index Cond: (id = 1119396)

table 7 : explain DELETE FROM sbtest7 WHERE id=9553467
	Delete on sbtest7  (cost=0.43..8.45 rows=0 width=0)
	  ->  Index Scan using sbtest7_pkey on sbtest7  (cost=0.43..8.45 rows=1 width=6)
	        Index Cond: (id = 9553467)

table 8 : explain DELETE FROM sbtest8 WHERE id=2475725
	Delete on sbtest8  (cost=0.43..8.45 rows=0 width=0)
	  ->  Index Scan using sbtest8_pkey on sbtest8  (cost=0.43..8.45 rows=1 width=6)
	        Index Cond: (id = 2475725)

for index_updates
table 1 : explain UPDATE sbtest1 SET k=k+1 WHERE id=9947409
	Update on sbtest1  (cost=0.43..8.46 rows=0 width=0)
	  ->  Index Scan using sbtest1_pkey on sbtest1  (cost=0.43..8.46 rows=1 width=10)
	        Index Cond: (id = 9947409)

table 2 : explain UPDATE sbtest2 SET k=k+1 WHERE id=239042
	Update on sbtest2  (cost=0.43..8.46 rows=0 width=0)
	  ->  Index Scan using sbtest2_pkey on sbtest2  (cost=0.43..8.46 rows=1 width=10)
	        Index Cond: (id = 239042)

table 3 : explain UPDATE sbtest3 SET k=k+1 WHERE id=9226100
	Update on sbtest3  (cost=0.43..8.46 rows=0 width=0)
	  ->  Index Scan using sbtest3_pkey on sbtest3  (cost=0.43..8.46 rows=1 width=10)
	        Index Cond: (id = 9226100)

table 4 : explain UPDATE sbtest4 SET k=k+1 WHERE id=4045341
	Update on sbtest4  (cost=0.43..8.46 rows=0 width=0)
	  ->  Index Scan using sbtest4_pkey on sbtest4  (cost=0.43..8.46 rows=1 width=10)
	        Index Cond: (id = 4045341)

table 5 : explain UPDATE sbtest5 SET k=k+1 WHERE id=5109712
	Update on sbtest5  (cost=0.43..8.46 rows=0 width=0)
	  ->  Index Scan using sbtest5_pkey on sbtest5  (cost=0.43..8.46 rows=1 width=10)
	        Index Cond: (id = 5109712)

table 6 : explain UPDATE sbtest6 SET k=k+1 WHERE id=6517250
	Update on sbtest6  (cost=0.43..8.46 rows=0 width=0)
	  ->  Index Scan using sbtest6_pkey on sbtest6  (cost=0.43..8.46 rows=1 width=10)
	        Index Cond: (id = 6517250)

table 7 : explain UPDATE sbtest7 SET k=k+1 WHERE id=7571640
	Update on sbtest7  (cost=0.43..8.46 rows=0 width=0)
	  ->  Index Scan using sbtest7_pkey on sbtest7  (cost=0.43..8.46 rows=1 width=10)
	        Index Cond: (id = 7571640)

table 8 : explain UPDATE sbtest8 SET k=k+1 WHERE id=9555063
	Update on sbtest8  (cost=0.43..8.46 rows=0 width=0)
	  ->  Index Scan using sbtest8_pkey on sbtest8  (cost=0.43..8.46 rows=1 width=10)
	        Index Cond: (id = 9555063)

explain: for index_updates :: explain UPDATE sbtest%u SET k=k+1 WHERE id=%u
for: order_ranges
table 1 : explain SELECT c FROM sbtest1 WHERE id BETWEEN 4927977 AND 4928076 ORDER BY c
	Sort  (cost=381.06..381.30 rows=96 width=121)
	  Sort Key: c
	  ->  Index Scan using sbtest1_pkey on sbtest1  (cost=0.43..377.89 rows=96 width=121)
	        Index Cond: ((id >= 4927977) AND (id <= 4928076))

table 2 : explain SELECT c FROM sbtest2 WHERE id BETWEEN 1619913 AND 1620012 ORDER BY c
	Sort  (cost=337.00..337.22 rows=85 width=121)
	  Sort Key: c
	  ->  Index Scan using sbtest2_pkey on sbtest2  (cost=0.43..334.28 rows=85 width=121)
	        Index Cond: ((id >= 1619913) AND (id <= 1620012))

table 3 : explain SELECT c FROM sbtest3 WHERE id BETWEEN 7956288 AND 7956387 ORDER BY c
	Sort  (cost=415.16..415.43 rows=105 width=121)
	  Sort Key: c
	  ->  Index Scan using sbtest3_pkey on sbtest3  (cost=0.43..411.64 rows=105 width=121)
	        Index Cond: ((id >= 7956288) AND (id <= 7956387))

table 4 : explain SELECT c FROM sbtest4 WHERE id BETWEEN 2995447 AND 2995546 ORDER BY c
	Sort  (cost=360.47..360.70 rows=91 width=121)
	  Sort Key: c
	  ->  Index Scan using sbtest4_pkey on sbtest4  (cost=0.43..357.51 rows=91 width=121)
	        Index Cond: ((id >= 2995447) AND (id <= 2995546))

table 5 : explain SELECT c FROM sbtest5 WHERE id BETWEEN 1133589 AND 1133688 ORDER BY c
	Sort  (cost=390.93..391.17 rows=99 width=121)
	  Sort Key: c
	  ->  Index Scan using sbtest5_pkey on sbtest5  (cost=0.43..387.64 rows=99 width=121)
	        Index Cond: ((id >= 1133589) AND (id <= 1133688))

table 6 : explain SELECT c FROM sbtest6 WHERE id BETWEEN 1225159 AND 1225258 ORDER BY c
	Sort  (cost=367.95..368.18 rows=93 width=121)
	  Sort Key: c
	  ->  Index Scan using sbtest6_pkey on sbtest6  (cost=0.43..364.91 rows=93 width=121)
	        Index Cond: ((id >= 1225159) AND (id <= 1225258))

table 7 : explain SELECT c FROM sbtest7 WHERE id BETWEEN 4770425 AND 4770524 ORDER BY c
	Sort  (cost=368.90..369.13 rows=93 width=121)
	  Sort Key: c
	  ->  Index Scan using sbtest7_pkey on sbtest7  (cost=0.43..365.86 rows=93 width=121)
	        Index Cond: ((id >= 4770425) AND (id <= 4770524))

table 8 : explain SELECT c FROM sbtest8 WHERE id BETWEEN 1910886 AND 1910985 ORDER BY c
	Sort  (cost=372.30..372.54 rows=94 width=121)
	  Sort Key: c
	  ->  Index Scan using sbtest8_pkey on sbtest8  (cost=0.43..369.22 rows=94 width=121)
	        Index Cond: ((id >= 1910886) AND (id <= 1910985))

explain: for non_index_updates :: explain UPDATE sbtest%u SET c='foobar' WHERE id=%u
for inserts
table 1 : explain INSERT INTO sbtest1 (id, k, c, pad) VALUES (8631218, 13, 'foobar', 'foobar')
	Insert on sbtest1  (cost=0.00..0.01 rows=0 width=0)
	  ->  Result  (cost=0.00..0.01 rows=1 width=736)

table 2 : explain INSERT INTO sbtest2 (id, k, c, pad) VALUES (5682175, 13, 'foobar', 'foobar')
	Insert on sbtest2  (cost=0.00..0.01 rows=0 width=0)
	  ->  Result  (cost=0.00..0.01 rows=1 width=736)

table 3 : explain INSERT INTO sbtest3 (id, k, c, pad) VALUES (7224056, 13, 'foobar', 'foobar')
	Insert on sbtest3  (cost=0.00..0.01 rows=0 width=0)
	  ->  Result  (cost=0.00..0.01 rows=1 width=736)

table 4 : explain INSERT INTO sbtest4 (id, k, c, pad) VALUES (5119068, 13, 'foobar', 'foobar')
	Insert on sbtest4  (cost=0.00..0.01 rows=0 width=0)
	  ->  Result  (cost=0.00..0.01 rows=1 width=736)

table 5 : explain INSERT INTO sbtest5 (id, k, c, pad) VALUES (6991416, 13, 'foobar', 'foobar')
	Insert on sbtest5  (cost=0.00..0.01 rows=0 width=0)
	  ->  Result  (cost=0.00..0.01 rows=1 width=736)

table 6 : explain INSERT INTO sbtest6 (id, k, c, pad) VALUES (9005426, 13, 'foobar', 'foobar')
	Insert on sbtest6  (cost=0.00..0.01 rows=0 width=0)
	  ->  Result  (cost=0.00..0.01 rows=1 width=736)

table 7 : explain INSERT INTO sbtest7 (id, k, c, pad) VALUES (8375418, 13, 'foobar', 'foobar')
	Insert on sbtest7  (cost=0.00..0.01 rows=0 width=0)
	  ->  Result  (cost=0.00..0.01 rows=1 width=736)

table 8 : explain INSERT INTO sbtest8 (id, k, c, pad) VALUES (6728572, 13, 'foobar', 'foobar')
	Insert on sbtest8  (cost=0.00..0.01 rows=0 width=0)
	  ->  Result  (cost=0.00..0.01 rows=1 width=736)

for non_index_updates
table 1 : explain UPDATE sbtest1 SET c='foobar' WHERE id=2544102
	Update on sbtest1  (cost=0.43..8.45 rows=0 width=0)
	  ->  Index Scan using sbtest1_pkey on sbtest1  (cost=0.43..8.45 rows=1 width=490)
	        Index Cond: (id = 2544102)

table 2 : explain UPDATE sbtest2 SET c='foobar' WHERE id=2479559
	Update on sbtest2  (cost=0.43..8.45 rows=0 width=0)
	  ->  Index Scan using sbtest2_pkey on sbtest2  (cost=0.43..8.45 rows=1 width=490)
	        Index Cond: (id = 2479559)

table 3 : explain UPDATE sbtest3 SET c='foobar' WHERE id=2573798
	Update on sbtest3  (cost=0.43..8.45 rows=0 width=0)
	  ->  Index Scan using sbtest3_pkey on sbtest3  (cost=0.43..8.45 rows=1 width=490)
	        Index Cond: (id = 2573798)

table 4 : explain UPDATE sbtest4 SET c='foobar' WHERE id=4979449
	Update on sbtest4  (cost=0.43..8.45 rows=0 width=0)
	  ->  Index Scan using sbtest4_pkey on sbtest4  (cost=0.43..8.45 rows=1 width=490)
	        Index Cond: (id = 4979449)

table 5 : explain UPDATE sbtest5 SET c='foobar' WHERE id=9480022
	Update on sbtest5  (cost=0.43..8.45 rows=0 width=0)
	  ->  Index Scan using sbtest5_pkey on sbtest5  (cost=0.43..8.45 rows=1 width=490)
	        Index Cond: (id = 9480022)

table 6 : explain UPDATE sbtest6 SET c='foobar' WHERE id=843723
	Update on sbtest6  (cost=0.43..8.45 rows=0 width=0)
	  ->  Index Scan using sbtest6_pkey on sbtest6  (cost=0.43..8.45 rows=1 width=490)
	        Index Cond: (id = 843723)

table 7 : explain UPDATE sbtest7 SET c='foobar' WHERE id=6358429
	Update on sbtest7  (cost=0.43..8.45 rows=0 width=0)
	  ->  Index Scan using sbtest7_pkey on sbtest7  (cost=0.43..8.45 rows=1 width=490)
	        Index Cond: (id = 6358429)

table 8 : explain UPDATE sbtest8 SET c='foobar' WHERE id=2247559
	Update on sbtest8  (cost=0.43..8.45 rows=0 width=0)
	  ->  Index Scan using sbtest8_pkey on sbtest8  (cost=0.43..8.45 rows=1 width=490)
	        Index Cond: (id = 2247559)

explain: for index_updates :: explain UPDATE sbtest%u SET k=k+1 WHERE id=%u
for: sum_ranges
table 1 : explain SELECT SUM(k) FROM sbtest1 WHERE id BETWEEN 8892782 AND 8892881
	Aggregate  (cost=382.03..382.04 rows=1 width=8)
	  ->  Index Scan using sbtest1_pkey on sbtest1  (cost=0.43..381.78 rows=97 width=4)
	        Index Cond: ((id >= 8892782) AND (id <= 8892881))

table 2 : explain SELECT SUM(k) FROM sbtest2 WHERE id BETWEEN 4473183 AND 4473282
	Aggregate  (cost=377.18..377.19 rows=1 width=8)
	  ->  Index Scan using sbtest2_pkey on sbtest2  (cost=0.43..376.94 rows=96 width=4)
	        Index Cond: ((id >= 4473183) AND (id <= 4473282))

table 3 : explain SELECT SUM(k) FROM sbtest3 WHERE id BETWEEN 710298 AND 710397
	Aggregate  (cost=369.21..369.22 rows=1 width=8)
	  ->  Index Scan using sbtest3_pkey on sbtest3  (cost=0.43..368.97 rows=94 width=4)
	        Index Cond: ((id >= 710298) AND (id <= 710397))

table 4 : explain SELECT SUM(k) FROM sbtest4 WHERE id BETWEEN 4792844 AND 4792943
	Aggregate  (cost=427.61..427.62 rows=1 width=8)
	  ->  Index Scan using sbtest4_pkey on sbtest4  (cost=0.43..427.34 rows=109 width=4)
	        Index Cond: ((id >= 4792844) AND (id <= 4792943))

table 5 : explain SELECT SUM(k) FROM sbtest5 WHERE id BETWEEN 3228889 AND 3228988
	Aggregate  (cost=391.80..391.81 rows=1 width=8)
	  ->  Index Scan using sbtest5_pkey on sbtest5  (cost=0.43..391.55 rows=100 width=4)
	        Index Cond: ((id >= 3228889) AND (id <= 3228988))

table 6 : explain SELECT SUM(k) FROM sbtest6 WHERE id BETWEEN 1261204 AND 1261303
	Aggregate  (cost=365.14..365.15 rows=1 width=8)
	  ->  Index Scan using sbtest6_pkey on sbtest6  (cost=0.43..364.91 rows=93 width=4)
	        Index Cond: ((id >= 1261204) AND (id <= 1261303))

table 7 : explain SELECT SUM(k) FROM sbtest7 WHERE id BETWEEN 649275 AND 649374
	Aggregate  (cost=373.87..373.88 rows=1 width=8)
	  ->  Index Scan using sbtest7_pkey on sbtest7  (cost=0.43..373.63 rows=95 width=4)
	        Index Cond: ((id >= 649275) AND (id <= 649374))

table 8 : explain SELECT SUM(k) FROM sbtest8 WHERE id BETWEEN 7867270 AND 7867369
	Aggregate  (cost=392.78..392.79 rows=1 width=8)
	  ->  Index Scan using sbtest8_pkey on sbtest8  (cost=0.43..392.53 rows=100 width=4)
	        Index Cond: ((id >= 7867270) AND (id <= 7867369))

for point_selects
table 1 : explain SELECT c FROM sbtest1 WHERE id=1642567
	Index Scan using sbtest1_pkey on sbtest1  (cost=0.43..8.45 rows=1 width=121)
	  Index Cond: (id = 1642567)

table 2 : explain SELECT c FROM sbtest2 WHERE id=9988335
	Index Scan using sbtest2_pkey on sbtest2  (cost=0.43..8.45 rows=1 width=121)
	  Index Cond: (id = 9988335)

table 3 : explain SELECT c FROM sbtest3 WHERE id=9273791
	Index Scan using sbtest3_pkey on sbtest3  (cost=0.43..8.45 rows=1 width=121)
	  Index Cond: (id = 9273791)

table 4 : explain SELECT c FROM sbtest4 WHERE id=5217738
	Index Scan using sbtest4_pkey on sbtest4  (cost=0.43..8.45 rows=1 width=121)
	  Index Cond: (id = 5217738)

table 5 : explain SELECT c FROM sbtest5 WHERE id=2799390
	Index Scan using sbtest5_pkey on sbtest5  (cost=0.43..8.45 rows=1 width=121)
	  Index Cond: (id = 2799390)

table 6 : explain SELECT c FROM sbtest6 WHERE id=6443442
	Index Scan using sbtest6_pkey on sbtest6  (cost=0.43..8.45 rows=1 width=121)
	  Index Cond: (id = 6443442)

table 7 : explain SELECT c FROM sbtest7 WHERE id=9580918
	Index Scan using sbtest7_pkey on sbtest7  (cost=0.43..8.45 rows=1 width=121)
	  Index Cond: (id = 9580918)

table 8 : explain SELECT c FROM sbtest8 WHERE id=9639647
	Index Scan using sbtest8_pkey on sbtest8  (cost=0.43..8.45 rows=1 width=121)
	  Index Cond: (id = 9639647)

for: sum_ranges
table 1 : explain SELECT SUM(k) FROM sbtest1 WHERE id BETWEEN 3157108 AND 3157207
	Aggregate  (cost=413.18..413.19 rows=1 width=8)
	  ->  Index Scan using sbtest1_pkey on sbtest1  (cost=0.43..412.92 rows=105 width=4)
	        Index Cond: ((id >= 3157108) AND (id <= 3157207))

table 2 : explain SELECT SUM(k) FROM sbtest2 WHERE id BETWEEN 8870293 AND 8870392
	Aggregate  (cost=373.30..373.31 rows=1 width=8)
	  ->  Index Scan using sbtest2_pkey on sbtest2  (cost=0.43..373.06 rows=95 width=4)
	        Index Cond: ((id >= 8870293) AND (id <= 8870392))

table 3 : explain SELECT SUM(k) FROM sbtest3 WHERE id BETWEEN 9779702 AND 9779801
	Aggregate  (cost=373.08..373.09 rows=1 width=8)
	  ->  Index Scan using sbtest3_pkey on sbtest3  (cost=0.43..372.85 rows=95 width=4)
	        Index Cond: ((id >= 9779702) AND (id <= 9779801))

table 4 : explain SELECT SUM(k) FROM sbtest4 WHERE id BETWEEN 8173711 AND 8173810
	Aggregate  (cost=419.85..419.86 rows=1 width=8)
	  ->  Index Scan using sbtest4_pkey on sbtest4  (cost=0.43..419.58 rows=107 width=4)
	        Index Cond: ((id >= 8173711) AND (id <= 8173810))

table 5 : explain SELECT SUM(k) FROM sbtest5 WHERE id BETWEEN 5824320 AND 5824419
	Aggregate  (cost=399.54..399.55 rows=1 width=8)
	  ->  Index Scan using sbtest5_pkey on sbtest5  (cost=0.43..399.29 rows=102 width=4)
	        Index Cond: ((id >= 5824320) AND (id <= 5824419))

table 6 : explain SELECT SUM(k) FROM sbtest6 WHERE id BETWEEN 2779032 AND 2779131
	Aggregate  (cost=438.82..438.83 rows=1 width=8)
	  ->  Index Scan using sbtest6_pkey on sbtest6  (cost=0.43..438.54 rows=112 width=4)
	        Index Cond: ((id >= 2779032) AND (id <= 2779131))

table 7 : explain SELECT SUM(k) FROM sbtest7 WHERE id BETWEEN 1097610 AND 1097709
	Aggregate  (cost=401.11..401.12 rows=1 width=8)
	  ->  Index Scan using sbtest7_pkey on sbtest7  (cost=0.43..400.85 rows=102 width=4)
	        Index Cond: ((id >= 1097610) AND (id <= 1097709))

table 8 : explain SELECT SUM(k) FROM sbtest8 WHERE id BETWEEN 4084167 AND 4084266
	Aggregate  (cost=381.10..381.11 rows=1 width=8)
	  ->  Index Scan using sbtest8_pkey on sbtest8  (cost=0.43..380.86 rows=97 width=4)
	        Index Cond: ((id >= 4084167) AND (id <= 4084266))

explain: for inserts :: explain INSERT INTO sbtest%u (id, k, c, pad) VALUES (%u, 13, 'foobar', 'foobar')
explain: for non_index_updates :: explain UPDATE sbtest%u SET c='foobar' WHERE id=%u
explain: for deletes :: explain DELETE FROM sbtest%u WHERE id=%u
for: distinct_ranges
table 1 : explain SELECT DISTINCT c FROM sbtest1 WHERE id BETWEEN 4010130 AND 4010229 ORDER BY c
	Unique  (cost=353.56..354.00 rows=89 width=121)
	  ->  Sort  (cost=353.56..353.78 rows=89 width=121)
	        Sort Key: c
	        ->  Index Scan using sbtest1_pkey on sbtest1  (cost=0.43..350.68 rows=89 width=121)
	              Index Cond: ((id >= 4010130) AND (id <= 4010229))

table 2 : explain SELECT DISTINCT c FROM sbtest2 WHERE id BETWEEN 7274039 AND 7274138 ORDER BY c
	Unique  (cost=387.94..388.43 rows=98 width=121)
	  ->  Sort  (cost=387.94..388.18 rows=98 width=121)
	        Sort Key: c
	        ->  Index Scan using sbtest2_pkey on sbtest2  (cost=0.43..384.69 rows=98 width=121)
	              Index Cond: ((id >= 7274039) AND (id <= 7274138))

table 3 : explain SELECT DISTINCT c FROM sbtest3 WHERE id BETWEEN 2749639 AND 2749738 ORDER BY c
	Unique  (cost=375.97..376.44 rows=95 width=121)
	  ->  Sort  (cost=375.97..376.20 rows=95 width=121)
	        Sort Key: c
	        ->  Index Scan using sbtest3_pkey on sbtest3  (cost=0.43..372.85 rows=95 width=121)
	              Index Cond: ((id >= 2749639) AND (id <= 2749738))

table 4 : explain SELECT DISTINCT c FROM sbtest4 WHERE id BETWEEN 4802977 AND 4803076 ORDER BY c
	Unique  (cost=431.03..431.57 rows=109 width=121)
	  ->  Sort  (cost=431.03..431.30 rows=109 width=121)
	        Sort Key: c
	        ->  Index Scan using sbtest4_pkey on sbtest4  (cost=0.43..427.34 rows=109 width=121)
	              Index Cond: ((id >= 4802977) AND (id <= 4803076))

table 5 : explain SELECT DISTINCT c FROM sbtest5 WHERE id BETWEEN 1229718 AND 1229817 ORDER BY c
	Unique  (cost=422.24..422.77 rows=107 width=121)
	  ->  Sort  (cost=422.24..422.50 rows=107 width=121)
	        Sort Key: c
	        ->  Index Scan using sbtest5_pkey on sbtest5  (cost=0.43..418.63 rows=107 width=121)
	              Index Cond: ((id >= 1229718) AND (id <= 1229817))

table 6 : explain SELECT DISTINCT c FROM sbtest6 WHERE id BETWEEN 779728 AND 779827 ORDER BY c
	Unique  (cost=418.87..419.40 rows=106 width=121)
	  ->  Sort  (cost=418.87..419.13 rows=106 width=121)
	        Sort Key: c
	        ->  Index Scan using sbtest6_pkey on sbtest6  (cost=0.43..415.30 rows=106 width=121)
	              Index Cond: ((id >= 779728) AND (id <= 779827))

table 7 : explain SELECT DISTINCT c FROM sbtest7 WHERE id BETWEEN 6154078 AND 6154177 ORDER BY c
	Unique  (cost=408.18..408.69 rows=103 width=121)
	  ->  Sort  (cost=408.18..408.44 rows=103 width=121)
	        Sort Key: c
	        ->  Index Scan using sbtest7_pkey on sbtest7  (cost=0.43..404.74 rows=103 width=121)
	              Index Cond: ((id >= 6154078) AND (id <= 6154177))

table 8 : explain SELECT DISTINCT c FROM sbtest8 WHERE id BETWEEN 1339933 AND 1340032 ORDER BY c
	Unique  (cost=419.36..419.89 rows=106 width=121)
	  ->  Sort  (cost=419.36..419.63 rows=106 width=121)
	        Sort Key: c
	        ->  Index Scan using sbtest8_pkey on sbtest8  (cost=0.43..415.80 rows=106 width=121)
	              Index Cond: ((id >= 1339933) AND (id <= 1340032))

for deletes
table 1 : explain DELETE FROM sbtest1 WHERE id=8309439
	Delete on sbtest1  (cost=0.43..8.45 rows=0 width=0)
	  ->  Index Scan using sbtest1_pkey on sbtest1  (cost=0.43..8.45 rows=1 width=6)
	        Index Cond: (id = 8309439)

table 2 : explain DELETE FROM sbtest2 WHERE id=1695006
	Delete on sbtest2  (cost=0.43..8.45 rows=0 width=0)
	  ->  Index Scan using sbtest2_pkey on sbtest2  (cost=0.43..8.45 rows=1 width=6)
	        Index Cond: (id = 1695006)

table 3 : explain DELETE FROM sbtest3 WHERE id=4145086
	Delete on sbtest3  (cost=0.43..8.45 rows=0 width=0)
	  ->  Index Scan using sbtest3_pkey on sbtest3  (cost=0.43..8.45 rows=1 width=6)
	        Index Cond: (id = 4145086)

table 4 : explain DELETE FROM sbtest4 WHERE id=126108
	Delete on sbtest4  (cost=0.43..8.45 rows=0 width=0)
	  ->  Index Scan using sbtest4_pkey on sbtest4  (cost=0.43..8.45 rows=1 width=6)
	        Index Cond: (id = 126108)

table 5 : explain DELETE FROM sbtest5 WHERE id=7665413
	Delete on sbtest5  (cost=0.43..8.45 rows=0 width=0)
	  ->  Index Scan using sbtest5_pkey on sbtest5  (cost=0.43..8.45 rows=1 width=6)
	        Index Cond: (id = 7665413)

table 6 : explain DELETE FROM sbtest6 WHERE id=5072111
	Delete on sbtest6  (cost=0.43..8.45 rows=0 width=0)
	  ->  Index Scan using sbtest6_pkey on sbtest6  (cost=0.43..8.45 rows=1 width=6)
	        Index Cond: (id = 5072111)

table 7 : explain DELETE FROM sbtest7 WHERE id=7765895
	Delete on sbtest7  (cost=0.43..8.45 rows=0 width=0)
	  ->  Index Scan using sbtest7_pkey on sbtest7  (cost=0.43..8.45 rows=1 width=6)
	        Index Cond: (id = 7765895)

table 8 : explain DELETE FROM sbtest8 WHERE id=6142105
	Delete on sbtest8  (cost=0.43..8.45 rows=0 width=0)
	  ->  Index Scan using sbtest8_pkey on sbtest8  (cost=0.43..8.45 rows=1 width=6)
	        Index Cond: (id = 6142105)

for: simple_ranges
table 1 : explain SELECT c FROM sbtest1 WHERE id BETWEEN 1785400 AND 1785499
	Index Scan using sbtest1_pkey on sbtest1  (cost=0.43..412.92 rows=105 width=121)
	  Index Cond: ((id >= 1785400) AND (id <= 1785499))

table 2 : explain SELECT c FROM sbtest2 WHERE id BETWEEN 8386892 AND 8386991
	Index Scan using sbtest2_pkey on sbtest2  (cost=0.43..411.88 rows=105 width=121)
	  Index Cond: ((id >= 8386892) AND (id <= 8386991))

table 3 : explain SELECT c FROM sbtest3 WHERE id BETWEEN 3906342 AND 3906441
	Index Scan using sbtest3_pkey on sbtest3  (cost=0.43..400.01 rows=102 width=121)
	  Index Cond: ((id >= 3906342) AND (id <= 3906441))

table 4 : explain SELECT c FROM sbtest4 WHERE id BETWEEN 9184537 AND 9184636
	Index Scan using sbtest4_pkey on sbtest4  (cost=0.43..392.44 rows=100 width=121)
	  Index Cond: ((id >= 9184537) AND (id <= 9184636))

table 5 : explain SELECT c FROM sbtest5 WHERE id BETWEEN 9174907 AND 9175006
	Index Scan using sbtest5_pkey on sbtest5  (cost=0.43..387.64 rows=99 width=121)
	  Index Cond: ((id >= 9174907) AND (id <= 9175006))

table 6 : explain SELECT c FROM sbtest6 WHERE id BETWEEN 2038901 AND 2039000
	Index Scan using sbtest6_pkey on sbtest6  (cost=0.43..392.06 rows=100 width=121)
	  Index Cond: ((id >= 2038901) AND (id <= 2039000))

table 7 : explain SELECT c FROM sbtest7 WHERE id BETWEEN 8213802 AND 8213901
	Index Scan using sbtest7_pkey on sbtest7  (cost=0.43..416.39 rows=106 width=121)
	  Index Cond: ((id >= 8213802) AND (id <= 8213901))

table 8 : explain SELECT c FROM sbtest8 WHERE id BETWEEN 9519427 AND 9519526
	Index Scan using sbtest8_pkey on sbtest8  (cost=0.43..369.22 rows=94 width=121)
	  Index Cond: ((id >= 9519427) AND (id <= 9519526))

explain: for inserts :: explain INSERT INTO sbtest%u (id, k, c, pad) VALUES (%u, 13, 'foobar', 'foobar')
for index_updates
table 1 : explain UPDATE sbtest1 SET k=k+1 WHERE id=8611696
	Update on sbtest1  (cost=0.43..8.46 rows=0 width=0)
	  ->  Index Scan using sbtest1_pkey on sbtest1  (cost=0.43..8.46 rows=1 width=10)
	        Index Cond: (id = 8611696)

table 2 : explain UPDATE sbtest2 SET k=k+1 WHERE id=6531833
	Update on sbtest2  (cost=0.43..8.46 rows=0 width=0)
	  ->  Index Scan using sbtest2_pkey on sbtest2  (cost=0.43..8.46 rows=1 width=10)
	        Index Cond: (id = 6531833)

table 3 : explain UPDATE sbtest3 SET k=k+1 WHERE id=9752058
	Update on sbtest3  (cost=0.43..8.46 rows=0 width=0)
	  ->  Index Scan using sbtest3_pkey on sbtest3  (cost=0.43..8.46 rows=1 width=10)
	        Index Cond: (id = 9752058)

table 4 : explain UPDATE sbtest4 SET k=k+1 WHERE id=4057885
	Update on sbtest4  (cost=0.43..8.46 rows=0 width=0)
	  ->  Index Scan using sbtest4_pkey on sbtest4  (cost=0.43..8.46 rows=1 width=10)
	        Index Cond: (id = 4057885)

table 5 : explain UPDATE sbtest5 SET k=k+1 WHERE id=9069020
	Update on sbtest5  (cost=0.43..8.46 rows=0 width=0)
	  ->  Index Scan using sbtest5_pkey on sbtest5  (cost=0.43..8.46 rows=1 width=10)
	        Index Cond: (id = 9069020)

table 6 : explain UPDATE sbtest6 SET k=k+1 WHERE id=3042754
	Update on sbtest6  (cost=0.43..8.46 rows=0 width=0)
	  ->  Index Scan using sbtest6_pkey on sbtest6  (cost=0.43..8.46 rows=1 width=10)
	        Index Cond: (id = 3042754)

table 7 : explain UPDATE sbtest7 SET k=k+1 WHERE id=8865751
	Update on sbtest7  (cost=0.43..8.46 rows=0 width=0)
	  ->  Index Scan using sbtest7_pkey on sbtest7  (cost=0.43..8.46 rows=1 width=10)
	        Index Cond: (id = 8865751)

table 8 : explain UPDATE sbtest8 SET k=k+1 WHERE id=18392
	Update on sbtest8  (cost=0.43..8.46 rows=0 width=0)
	  ->  Index Scan using sbtest8_pkey on sbtest8  (cost=0.43..8.46 rows=1 width=10)
	        Index Cond: (id = 18392)

for index_updates
table 1 : explain UPDATE sbtest1 SET k=k+1 WHERE id=6371280
	Update on sbtest1  (cost=0.43..8.46 rows=0 width=0)
	  ->  Index Scan using sbtest1_pkey on sbtest1  (cost=0.43..8.46 rows=1 width=10)
	        Index Cond: (id = 6371280)

table 2 : explain UPDATE sbtest2 SET k=k+1 WHERE id=3329393
	Update on sbtest2  (cost=0.43..8.46 rows=0 width=0)
	  ->  Index Scan using sbtest2_pkey on sbtest2  (cost=0.43..8.46 rows=1 width=10)
	        Index Cond: (id = 3329393)

table 3 : explain UPDATE sbtest3 SET k=k+1 WHERE id=1779478
	Update on sbtest3  (cost=0.43..8.46 rows=0 width=0)
	  ->  Index Scan using sbtest3_pkey on sbtest3  (cost=0.43..8.46 rows=1 width=10)
	        Index Cond: (id = 1779478)

table 4 : explain UPDATE sbtest4 SET k=k+1 WHERE id=6121401
	Update on sbtest4  (cost=0.43..8.46 rows=0 width=0)
	  ->  Index Scan using sbtest4_pkey on sbtest4  (cost=0.43..8.46 rows=1 width=10)
	        Index Cond: (id = 6121401)

table 5 : explain UPDATE sbtest5 SET k=k+1 WHERE id=3819523
	Update on sbtest5  (cost=0.43..8.46 rows=0 width=0)
	  ->  Index Scan using sbtest5_pkey on sbtest5  (cost=0.43..8.46 rows=1 width=10)
	        Index Cond: (id = 3819523)

table 6 : explain UPDATE sbtest6 SET k=k+1 WHERE id=7307426
	Update on sbtest6  (cost=0.43..8.46 rows=0 width=0)
	  ->  Index Scan using sbtest6_pkey on sbtest6  (cost=0.43..8.46 rows=1 width=10)
	        Index Cond: (id = 7307426)

table 7 : explain UPDATE sbtest7 SET k=k+1 WHERE id=5210059
	Update on sbtest7  (cost=0.43..8.46 rows=0 width=0)
	  ->  Index Scan using sbtest7_pkey on sbtest7  (cost=0.43..8.46 rows=1 width=10)
	        Index Cond: (id = 5210059)

table 8 : explain UPDATE sbtest8 SET k=k+1 WHERE id=5766892
	Update on sbtest8  (cost=0.43..8.46 rows=0 width=0)
	  ->  Index Scan using sbtest8_pkey on sbtest8  (cost=0.43..8.46 rows=1 width=10)
	        Index Cond: (id = 5766892)

for inserts
table 1 : explain INSERT INTO sbtest1 (id, k, c, pad) VALUES (2260950, 13, 'foobar', 'foobar')
	Insert on sbtest1  (cost=0.00..0.01 rows=0 width=0)
	  ->  Result  (cost=0.00..0.01 rows=1 width=736)

table 2 : explain INSERT INTO sbtest2 (id, k, c, pad) VALUES (7566476, 13, 'foobar', 'foobar')
	Insert on sbtest2  (cost=0.00..0.01 rows=0 width=0)
	  ->  Result  (cost=0.00..0.01 rows=1 width=736)

table 3 : explain INSERT INTO sbtest3 (id, k, c, pad) VALUES (3934160, 13, 'foobar', 'foobar')
	Insert on sbtest3  (cost=0.00..0.01 rows=0 width=0)
	  ->  Result  (cost=0.00..0.01 rows=1 width=736)

table 4 : explain INSERT INTO sbtest4 (id, k, c, pad) VALUES (3284357, 13, 'foobar', 'foobar')
	Insert on sbtest4  (cost=0.00..0.01 rows=0 width=0)
	  ->  Result  (cost=0.00..0.01 rows=1 width=736)

table 5 : explain INSERT INTO sbtest5 (id, k, c, pad) VALUES (9208767, 13, 'foobar', 'foobar')
	Insert on sbtest5  (cost=0.00..0.01 rows=0 width=0)
	  ->  Result  (cost=0.00..0.01 rows=1 width=736)

table 6 : explain INSERT INTO sbtest6 (id, k, c, pad) VALUES (3448524, 13, 'foobar', 'foobar')
	Insert on sbtest6  (cost=0.00..0.01 rows=0 width=0)
	  ->  Result  (cost=0.00..0.01 rows=1 width=736)

table 7 : explain INSERT INTO sbtest7 (id, k, c, pad) VALUES (8282698, 13, 'foobar', 'foobar')
	Insert on sbtest7  (cost=0.00..0.01 rows=0 width=0)
	  ->  Result  (cost=0.00..0.01 rows=1 width=736)

table 8 : explain INSERT INTO sbtest8 (id, k, c, pad) VALUES (8185376, 13, 'foobar', 'foobar')
	Insert on sbtest8  (cost=0.00..0.01 rows=0 width=0)
	  ->  Result  (cost=0.00..0.01 rows=1 width=736)

explain: for index_updates :: explain UPDATE sbtest%u SET k=k+1 WHERE id=%u
for deletes
table 1 : explain DELETE FROM sbtest1 WHERE id=4459723
	Delete on sbtest1  (cost=0.43..8.45 rows=0 width=0)
	  ->  Index Scan using sbtest1_pkey on sbtest1  (cost=0.43..8.45 rows=1 width=6)
	        Index Cond: (id = 4459723)

table 2 : explain DELETE FROM sbtest2 WHERE id=7948890
	Delete on sbtest2  (cost=0.43..8.45 rows=0 width=0)
	  ->  Index Scan using sbtest2_pkey on sbtest2  (cost=0.43..8.45 rows=1 width=6)
	        Index Cond: (id = 7948890)

table 3 : explain DELETE FROM sbtest3 WHERE id=5613493
	Delete on sbtest3  (cost=0.43..8.45 rows=0 width=0)
	  ->  Index Scan using sbtest3_pkey on sbtest3  (cost=0.43..8.45 rows=1 width=6)
	        Index Cond: (id = 5613493)

table 4 : explain DELETE FROM sbtest4 WHERE id=9029966
	Delete on sbtest4  (cost=0.43..8.45 rows=0 width=0)
	  ->  Index Scan using sbtest4_pkey on sbtest4  (cost=0.43..8.45 rows=1 width=6)
	        Index Cond: (id = 9029966)

table 5 : explain DELETE FROM sbtest5 WHERE id=2545638
	Delete on sbtest5  (cost=0.43..8.45 rows=0 width=0)
	  ->  Index Scan using sbtest5_pkey on sbtest5  (cost=0.43..8.45 rows=1 width=6)
	        Index Cond: (id = 2545638)

table 6 : explain DELETE FROM sbtest6 WHERE id=9572137
	Delete on sbtest6  (cost=0.43..8.45 rows=0 width=0)
	  ->  Index Scan using sbtest6_pkey on sbtest6  (cost=0.43..8.45 rows=1 width=6)
	        Index Cond: (id = 9572137)

table 7 : explain DELETE FROM sbtest7 WHERE id=9454775
	Delete on sbtest7  (cost=0.43..8.45 rows=0 width=0)
	  ->  Index Scan using sbtest7_pkey on sbtest7  (cost=0.43..8.45 rows=1 width=6)
	        Index Cond: (id = 9454775)

table 8 : explain DELETE FROM sbtest8 WHERE id=8978730
	Delete on sbtest8  (cost=0.43..8.45 rows=0 width=0)
	  ->  Index Scan using sbtest8_pkey on sbtest8  (cost=0.43..8.45 rows=1 width=6)
	        Index Cond: (id = 8978730)

for non_index_updates
table 1 : explain UPDATE sbtest1 SET c='foobar' WHERE id=9998222
	Update on sbtest1  (cost=0.43..8.45 rows=0 width=0)
	  ->  Index Scan using sbtest1_pkey on sbtest1  (cost=0.43..8.45 rows=1 width=490)
	        Index Cond: (id = 9998222)

table 2 : explain UPDATE sbtest2 SET c='foobar' WHERE id=3767176
	Update on sbtest2  (cost=0.43..8.45 rows=0 width=0)
	  ->  Index Scan using sbtest2_pkey on sbtest2  (cost=0.43..8.45 rows=1 width=490)
	        Index Cond: (id = 3767176)

table 3 : explain UPDATE sbtest3 SET c='foobar' WHERE id=3784192
	Update on sbtest3  (cost=0.43..8.45 rows=0 width=0)
	  ->  Index Scan using sbtest3_pkey on sbtest3  (cost=0.43..8.45 rows=1 width=490)
	        Index Cond: (id = 3784192)

table 4 : explain UPDATE sbtest4 SET c='foobar' WHERE id=4570876
	Update on sbtest4  (cost=0.43..8.45 rows=0 width=0)
	  ->  Index Scan using sbtest4_pkey on sbtest4  (cost=0.43..8.45 rows=1 width=490)
	        Index Cond: (id = 4570876)

table 5 : explain UPDATE sbtest5 SET c='foobar' WHERE id=378712
	Update on sbtest5  (cost=0.43..8.45 rows=0 width=0)
	  ->  Index Scan using sbtest5_pkey on sbtest5  (cost=0.43..8.45 rows=1 width=490)
	        Index Cond: (id = 378712)

table 6 : explain UPDATE sbtest6 SET c='foobar' WHERE id=8080262
	Update on sbtest6  (cost=0.43..8.45 rows=0 width=0)
	  ->  Index Scan using sbtest6_pkey on sbtest6  (cost=0.43..8.45 rows=1 width=490)
	        Index Cond: (id = 8080262)

table 7 : explain UPDATE sbtest7 SET c='foobar' WHERE id=6048332
	Update on sbtest7  (cost=0.43..8.45 rows=0 width=0)
	  ->  Index Scan using sbtest7_pkey on sbtest7  (cost=0.43..8.45 rows=1 width=490)
	        Index Cond: (id = 6048332)

table 8 : explain UPDATE sbtest8 SET c='foobar' WHERE id=6832301
	Update on sbtest8  (cost=0.43..8.45 rows=0 width=0)
	  ->  Index Scan using sbtest8_pkey on sbtest8  (cost=0.43..8.45 rows=1 width=490)
	        Index Cond: (id = 6832301)

for index_updates
table 1 : explain UPDATE sbtest1 SET k=k+1 WHERE id=7454678
	Update on sbtest1  (cost=0.43..8.46 rows=0 width=0)
	  ->  Index Scan using sbtest1_pkey on sbtest1  (cost=0.43..8.46 rows=1 width=10)
	        Index Cond: (id = 7454678)

table 2 : explain UPDATE sbtest2 SET k=k+1 WHERE id=3726162
	Update on sbtest2  (cost=0.43..8.46 rows=0 width=0)
	  ->  Index Scan using sbtest2_pkey on sbtest2  (cost=0.43..8.46 rows=1 width=10)
	        Index Cond: (id = 3726162)

table 3 : explain UPDATE sbtest3 SET k=k+1 WHERE id=4527010
	Update on sbtest3  (cost=0.43..8.46 rows=0 width=0)
	  ->  Index Scan using sbtest3_pkey on sbtest3  (cost=0.43..8.46 rows=1 width=10)
	        Index Cond: (id = 4527010)

table 4 : explain UPDATE sbtest4 SET k=k+1 WHERE id=2686537
	Update on sbtest4  (cost=0.43..8.46 rows=0 width=0)
	  ->  Index Scan using sbtest4_pkey on sbtest4  (cost=0.43..8.46 rows=1 width=10)
	        Index Cond: (id = 2686537)

table 5 : explain UPDATE sbtest5 SET k=k+1 WHERE id=5119908
	Update on sbtest5  (cost=0.43..8.46 rows=0 width=0)
	  ->  Index Scan using sbtest5_pkey on sbtest5  (cost=0.43..8.46 rows=1 width=10)
	        Index Cond: (id = 5119908)

table 6 : explain UPDATE sbtest6 SET k=k+1 WHERE id=2598337
	Update on sbtest6  (cost=0.43..8.46 rows=0 width=0)
	  ->  Index Scan using sbtest6_pkey on sbtest6  (cost=0.43..8.46 rows=1 width=10)
	        Index Cond: (id = 2598337)

table 7 : explain UPDATE sbtest7 SET k=k+1 WHERE id=8462046
	Update on sbtest7  (cost=0.43..8.46 rows=0 width=0)
	  ->  Index Scan using sbtest7_pkey on sbtest7  (cost=0.43..8.46 rows=1 width=10)
	        Index Cond: (id = 8462046)

table 8 : explain UPDATE sbtest8 SET k=k+1 WHERE id=409483
	Update on sbtest8  (cost=0.43..8.46 rows=0 width=0)
	  ->  Index Scan using sbtest8_pkey on sbtest8  (cost=0.43..8.46 rows=1 width=10)
	        Index Cond: (id = 409483)

for non_index_updates
table 1 : explain UPDATE sbtest1 SET c='foobar' WHERE id=1280892
	Update on sbtest1  (cost=0.43..8.45 rows=0 width=0)
	  ->  Index Scan using sbtest1_pkey on sbtest1  (cost=0.43..8.45 rows=1 width=490)
	        Index Cond: (id = 1280892)

table 2 : explain UPDATE sbtest2 SET c='foobar' WHERE id=3131235
	Update on sbtest2  (cost=0.43..8.45 rows=0 width=0)
	  ->  Index Scan using sbtest2_pkey on sbtest2  (cost=0.43..8.45 rows=1 width=490)
	        Index Cond: (id = 3131235)

table 3 : explain UPDATE sbtest3 SET c='foobar' WHERE id=3651067
	Update on sbtest3  (cost=0.43..8.45 rows=0 width=0)
	  ->  Index Scan using sbtest3_pkey on sbtest3  (cost=0.43..8.45 rows=1 width=490)
	        Index Cond: (id = 3651067)

table 4 : explain UPDATE sbtest4 SET c='foobar' WHERE id=9114462
	Update on sbtest4  (cost=0.43..8.45 rows=0 width=0)
	  ->  Index Scan using sbtest4_pkey on sbtest4  (cost=0.43..8.45 rows=1 width=490)
	        Index Cond: (id = 9114462)

table 5 : explain UPDATE sbtest5 SET c='foobar' WHERE id=3754047
	Update on sbtest5  (cost=0.43..8.45 rows=0 width=0)
	  ->  Index Scan using sbtest5_pkey on sbtest5  (cost=0.43..8.45 rows=1 width=490)
	        Index Cond: (id = 3754047)

table 6 : explain UPDATE sbtest6 SET c='foobar' WHERE id=5871694
	Update on sbtest6  (cost=0.43..8.45 rows=0 width=0)
	  ->  Index Scan using sbtest6_pkey on sbtest6  (cost=0.43..8.45 rows=1 width=490)
	        Index Cond: (id = 5871694)

table 7 : explain UPDATE sbtest7 SET c='foobar' WHERE id=1361781
	Update on sbtest7  (cost=0.43..8.45 rows=0 width=0)
	  ->  Index Scan using sbtest7_pkey on sbtest7  (cost=0.43..8.45 rows=1 width=490)
	        Index Cond: (id = 1361781)

table 8 : explain UPDATE sbtest8 SET c='foobar' WHERE id=753892
	Update on sbtest8  (cost=0.43..8.45 rows=0 width=0)
	  ->  Index Scan using sbtest8_pkey on sbtest8  (cost=0.43..8.45 rows=1 width=490)
	        Index Cond: (id = 753892)

for: sum_ranges
table 1 : explain SELECT SUM(k) FROM sbtest1 WHERE id BETWEEN 9812646 AND 9812745
	Aggregate  (cost=382.03..382.04 rows=1 width=8)
	  ->  Index Scan using sbtest1_pkey on sbtest1  (cost=0.43..381.78 rows=97 width=4)
	        Index Cond: ((id >= 9812646) AND (id <= 9812745))

table 2 : explain SELECT SUM(k) FROM sbtest2 WHERE id BETWEEN 5711026 AND 5711125
	Aggregate  (cost=396.62..396.63 rows=1 width=8)
	  ->  Index Scan using sbtest2_pkey on sbtest2  (cost=0.43..396.36 rows=101 width=4)
	        Index Cond: ((id >= 5711026) AND (id <= 5711125))

table 3 : explain SELECT SUM(k) FROM sbtest3 WHERE id BETWEEN 5022422 AND 5022521
	Aggregate  (cost=388.60..388.61 rows=1 width=8)
	  ->  Index Scan using sbtest3_pkey on sbtest3  (cost=0.43..388.35 rows=99 width=4)
	        Index Cond: ((id >= 5022422) AND (id <= 5022521))

table 4 : explain SELECT SUM(k) FROM sbtest4 WHERE id BETWEEN 3306749 AND 3306848
	Aggregate  (cost=400.45..400.46 rows=1 width=8)
	  ->  Index Scan using sbtest4_pkey on sbtest4  (cost=0.43..400.20 rows=102 width=4)
	        Index Cond: ((id >= 3306749) AND (id <= 3306848))

table 5 : explain SELECT SUM(k) FROM sbtest5 WHERE id BETWEEN 5123433 AND 5123532
	Aggregate  (cost=380.15..380.16 rows=1 width=8)
	  ->  Index Scan using sbtest5_pkey on sbtest5  (cost=0.43..379.91 rows=97 width=4)
	        Index Cond: ((id >= 5123433) AND (id <= 5123532))

table 6 : explain SELECT SUM(k) FROM sbtest6 WHERE id BETWEEN 9240714 AND 9240813
	Aggregate  (cost=419.44..419.45 rows=1 width=8)
	  ->  Index Scan using sbtest6_pkey on sbtest6  (cost=0.43..419.18 rows=107 width=4)
	        Index Cond: ((id >= 9240714) AND (id <= 9240813))

table 7 : explain SELECT SUM(k) FROM sbtest7 WHERE id BETWEEN 8167790 AND 8167889
	Aggregate  (cost=389.45..389.46 rows=1 width=8)
	  ->  Index Scan using sbtest7_pkey on sbtest7  (cost=0.43..389.20 rows=99 width=4)
	        Index Cond: ((id >= 8167790) AND (id <= 8167889))

table 8 : explain SELECT SUM(k) FROM sbtest8 WHERE id BETWEEN 4207293 AND 4207392
	Aggregate  (cost=412.18..412.19 rows=1 width=8)
	  ->  Index Scan using sbtest8_pkey on sbtest8  (cost=0.43..411.92 rows=105 width=4)
	        Index Cond: ((id >= 4207293) AND (id <= 4207392))

for: simple_ranges
table 1 : explain SELECT c FROM sbtest1 WHERE id BETWEEN 7751605 AND 7751704
	Index Scan using sbtest1_pkey on sbtest1  (cost=0.43..389.56 rows=99 width=121)
	  Index Cond: ((id >= 7751605) AND (id <= 7751704))

table 2 : explain SELECT c FROM sbtest2 WHERE id BETWEEN 4476977 AND 4477076
	Index Scan using sbtest2_pkey on sbtest2  (cost=0.43..376.94 rows=96 width=121)
	  Index Cond: ((id >= 4476977) AND (id <= 4477076))

table 3 : explain SELECT c FROM sbtest3 WHERE id BETWEEN 3380344 AND 3380443
	Index Scan using sbtest3_pkey on sbtest3  (cost=0.43..450.40 rows=115 width=121)
	  Index Cond: ((id >= 3380344) AND (id <= 3380443))

table 4 : explain SELECT c FROM sbtest4 WHERE id BETWEEN 591647 AND 591746
	Index Scan using sbtest4_pkey on sbtest4  (cost=0.43..361.38 rows=92 width=121)
	  Index Cond: ((id >= 591647) AND (id <= 591746))

table 5 : explain SELECT c FROM sbtest5 WHERE id BETWEEN 2351470 AND 2351569
	Index Scan using sbtest5_pkey on sbtest5  (cost=0.43..414.76 rows=106 width=121)
	  Index Cond: ((id >= 2351470) AND (id <= 2351569))

table 6 : explain SELECT c FROM sbtest6 WHERE id BETWEEN 9000804 AND 9000903
	Index Scan using sbtest6_pkey on sbtest6  (cost=0.43..411.43 rows=105 width=121)
	  Index Cond: ((id >= 9000804) AND (id <= 9000903))

table 7 : explain SELECT c FROM sbtest7 WHERE id BETWEEN 6383181 AND 6383280
	Index Scan using sbtest7_pkey on sbtest7  (cost=0.43..361.98 rows=92 width=121)
	  Index Cond: ((id >= 6383181) AND (id <= 6383280))

table 8 : explain SELECT c FROM sbtest8 WHERE id BETWEEN 6425783 AND 6425882
	Index Scan using sbtest8_pkey on sbtest8  (cost=0.43..380.86 rows=97 width=121)
	  Index Cond: ((id >= 6425783) AND (id <= 6425882))

for inserts
table 1 : explain INSERT INTO sbtest1 (id, k, c, pad) VALUES (8125777, 13, 'foobar', 'foobar')
	Insert on sbtest1  (cost=0.00..0.01 rows=0 width=0)
	  ->  Result  (cost=0.00..0.01 rows=1 width=736)

table 2 : explain INSERT INTO sbtest2 (id, k, c, pad) VALUES (9354732, 13, 'foobar', 'foobar')
	Insert on sbtest2  (cost=0.00..0.01 rows=0 width=0)
	  ->  Result  (cost=0.00..0.01 rows=1 width=736)

table 3 : explain INSERT INTO sbtest3 (id, k, c, pad) VALUES (3141600, 13, 'foobar', 'foobar')
	Insert on sbtest3  (cost=0.00..0.01 rows=0 width=0)
	  ->  Result  (cost=0.00..0.01 rows=1 width=736)

table 4 : explain INSERT INTO sbtest4 (id, k, c, pad) VALUES (3374065, 13, 'foobar', 'foobar')
	Insert on sbtest4  (cost=0.00..0.01 rows=0 width=0)
	  ->  Result  (cost=0.00..0.01 rows=1 width=736)

table 5 : explain INSERT INTO sbtest5 (id, k, c, pad) VALUES (3750843, 13, 'foobar', 'foobar')
	Insert on sbtest5  (cost=0.00..0.01 rows=0 width=0)
	  ->  Result  (cost=0.00..0.01 rows=1 width=736)

table 6 : explain INSERT INTO sbtest6 (id, k, c, pad) VALUES (403770, 13, 'foobar', 'foobar')
	Insert on sbtest6  (cost=0.00..0.01 rows=0 width=0)
	  ->  Result  (cost=0.00..0.01 rows=1 width=736)

table 7 : explain INSERT INTO sbtest7 (id, k, c, pad) VALUES (3566876, 13, 'foobar', 'foobar')
	Insert on sbtest7  (cost=0.00..0.01 rows=0 width=0)
	  ->  Result  (cost=0.00..0.01 rows=1 width=736)

table 8 : explain INSERT INTO sbtest8 (id, k, c, pad) VALUES (1254798, 13, 'foobar', 'foobar')
	Insert on sbtest8  (cost=0.00..0.01 rows=0 width=0)
	  ->  Result  (cost=0.00..0.01 rows=1 width=736)

explain: for non_index_updates :: explain UPDATE sbtest%u SET c='foobar' WHERE id=%u
explain: for deletes :: explain DELETE FROM sbtest%u WHERE id=%u
for: simple_ranges
table 1 : explain SELECT c FROM sbtest1 WHERE id BETWEEN 2732378 AND 2732477
	Index Scan using sbtest1_pkey on sbtest1  (cost=0.43..405.14 rows=103 width=121)
	  Index Cond: ((id >= 2732378) AND (id <= 2732477))

table 2 : explain SELECT c FROM sbtest2 WHERE id BETWEEN 7829485 AND 7829584
	Index Scan using sbtest2_pkey on sbtest2  (cost=0.43..411.88 rows=105 width=121)
	  Index Cond: ((id >= 7829485) AND (id <= 7829584))

table 3 : explain SELECT c FROM sbtest3 WHERE id BETWEEN 2648755 AND 2648854
	Index Scan using sbtest3_pkey on sbtest3  (cost=0.43..403.89 rows=103 width=121)
	  Index Cond: ((id >= 2648755) AND (id <= 2648854))

table 4 : explain SELECT c FROM sbtest4 WHERE id BETWEEN 8858674 AND 8858773
	Index Scan using sbtest4_pkey on sbtest4  (cost=0.43..365.26 rows=93 width=121)
	  Index Cond: ((id >= 8858674) AND (id <= 8858773))

table 5 : explain SELECT c FROM sbtest5 WHERE id BETWEEN 824460 AND 824559
	Index Scan using sbtest5_pkey on sbtest5  (cost=0.43..341.22 rows=87 width=121)
	  Index Cond: ((id >= 824460) AND (id <= 824559))

table 6 : explain SELECT c FROM sbtest6 WHERE id BETWEEN 5736800 AND 5736899
	Index Scan using sbtest6_pkey on sbtest6  (cost=0.43..384.28 rows=98 width=121)
	  Index Cond: ((id >= 5736800) AND (id <= 5736899))

table 7 : explain SELECT c FROM sbtest7 WHERE id BETWEEN 8247399 AND 8247498
	Index Scan using sbtest7_pkey on sbtest7  (cost=0.43..416.39 rows=106 width=121)
	  Index Cond: ((id >= 8247399) AND (id <= 8247498))

table 8 : explain SELECT c FROM sbtest8 WHERE id BETWEEN 7582405 AND 7582504
	Index Scan using sbtest8_pkey on sbtest8  (cost=0.43..411.92 rows=105 width=121)
	  Index Cond: ((id >= 7582405) AND (id <= 7582504))

explain: for deletes :: explain DELETE FROM sbtest%u WHERE id=%u
for: sum_ranges
table 1 : explain SELECT SUM(k) FROM sbtest1 WHERE id BETWEEN 1937872 AND 1937971
	Aggregate  (cost=401.51..401.52 rows=1 width=8)
	  ->  Index Scan using sbtest1_pkey on sbtest1  (cost=0.43..401.26 rows=102 width=4)
	        Index Cond: ((id >= 1937872) AND (id <= 1937971))

table 2 : explain SELECT SUM(k) FROM sbtest2 WHERE id BETWEEN 1587252 AND 1587351
	Aggregate  (cost=377.18..377.19 rows=1 width=8)
	  ->  Index Scan using sbtest2_pkey on sbtest2  (cost=0.43..376.94 rows=96 width=4)
	        Index Cond: ((id >= 1587252) AND (id <= 1587351))

table 3 : explain SELECT SUM(k) FROM sbtest3 WHERE id BETWEEN 4478278 AND 4478377
	Aggregate  (cost=415.78..415.79 rows=1 width=8)
	  ->  Index Scan using sbtest3_pkey on sbtest3  (cost=0.43..415.52 rows=106 width=4)
	        Index Cond: ((id >= 4478278) AND (id <= 4478377))

table 4 : explain SELECT SUM(k) FROM sbtest4 WHERE id BETWEEN 258526 AND 258625
	Aggregate  (cost=439.25..439.26 rows=1 width=8)
	  ->  Index Scan using sbtest4_pkey on sbtest4  (cost=0.43..438.97 rows=112 width=4)
	        Index Cond: ((id >= 258526) AND (id <= 258625))

table 5 : explain SELECT SUM(k) FROM sbtest5 WHERE id BETWEEN 6137906 AND 6138005
	Aggregate  (cost=395.67..395.68 rows=1 width=8)
	  ->  Index Scan using sbtest5_pkey on sbtest5  (cost=0.43..395.42 rows=101 width=4)
	        Index Cond: ((id >= 6137906) AND (id <= 6138005))

table 6 : explain SELECT SUM(k) FROM sbtest6 WHERE id BETWEEN 4266783 AND 4266882
	Aggregate  (cost=427.20..427.21 rows=1 width=8)
	  ->  Index Scan using sbtest6_pkey on sbtest6  (cost=0.43..426.92 rows=109 width=4)
	        Index Cond: ((id >= 4266783) AND (id <= 4266882))

table 7 : explain SELECT SUM(k) FROM sbtest7 WHERE id BETWEEN 6500116 AND 6500215
	Aggregate  (cost=401.11..401.12 rows=1 width=8)
	  ->  Index Scan using sbtest7_pkey on sbtest7  (cost=0.43..400.85 rows=102 width=4)
	        Index Cond: ((id >= 6500116) AND (id <= 6500215))

table 8 : explain SELECT SUM(k) FROM sbtest8 WHERE id BETWEEN 1947005 AND 1947104
	Aggregate  (cost=369.46..369.47 rows=1 width=8)
	  ->  Index Scan using sbtest8_pkey on sbtest8  (cost=0.43..369.22 rows=94 width=4)
	        Index Cond: ((id >= 1947005) AND (id <= 1947104))

for index_updates
table 1 : explain UPDATE sbtest1 SET k=k+1 WHERE id=3615168
	Update on sbtest1  (cost=0.43..8.46 rows=0 width=0)
	  ->  Index Scan using sbtest1_pkey on sbtest1  (cost=0.43..8.46 rows=1 width=10)
	        Index Cond: (id = 3615168)

table 2 : explain UPDATE sbtest2 SET k=k+1 WHERE id=6803113
	Update on sbtest2  (cost=0.43..8.46 rows=0 width=0)
	  ->  Index Scan using sbtest2_pkey on sbtest2  (cost=0.43..8.46 rows=1 width=10)
	        Index Cond: (id = 6803113)

table 3 : explain UPDATE sbtest3 SET k=k+1 WHERE id=9229096
	Update on sbtest3  (cost=0.43..8.46 rows=0 width=0)
	  ->  Index Scan using sbtest3_pkey on sbtest3  (cost=0.43..8.46 rows=1 width=10)
	        Index Cond: (id = 9229096)

table 4 : explain UPDATE sbtest4 SET k=k+1 WHERE id=3279742
	Update on sbtest4  (cost=0.43..8.46 rows=0 width=0)
	  ->  Index Scan using sbtest4_pkey on sbtest4  (cost=0.43..8.46 rows=1 width=10)
	        Index Cond: (id = 3279742)

table 5 : explain UPDATE sbtest5 SET k=k+1 WHERE id=3652952
	Update on sbtest5  (cost=0.43..8.46 rows=0 width=0)
	  ->  Index Scan using sbtest5_pkey on sbtest5  (cost=0.43..8.46 rows=1 width=10)
	        Index Cond: (id = 3652952)

table 6 : explain UPDATE sbtest6 SET k=k+1 WHERE id=1688945
	Update on sbtest6  (cost=0.43..8.46 rows=0 width=0)
	  ->  Index Scan using sbtest6_pkey on sbtest6  (cost=0.43..8.46 rows=1 width=10)
	        Index Cond: (id = 1688945)

table 7 : explain UPDATE sbtest7 SET k=k+1 WHERE id=5977560
	Update on sbtest7  (cost=0.43..8.46 rows=0 width=0)
	  ->  Index Scan using sbtest7_pkey on sbtest7  (cost=0.43..8.46 rows=1 width=10)
	        Index Cond: (id = 5977560)

table 8 : explain UPDATE sbtest8 SET k=k+1 WHERE id=3376368
	Update on sbtest8  (cost=0.43..8.46 rows=0 width=0)
	  ->  Index Scan using sbtest8_pkey on sbtest8  (cost=0.43..8.46 rows=1 width=10)
	        Index Cond: (id = 3376368)

explain: for inserts :: explain INSERT INTO sbtest%u (id, k, c, pad) VALUES (%u, 13, 'foobar', 'foobar')
for: distinct_ranges
table 1 : explain SELECT DISTINCT c FROM sbtest1 WHERE id BETWEEN 4403751 AND 4403850 ORDER BY c
	Unique  (cost=428.23..428.77 rows=108 width=121)
	  ->  Sort  (cost=428.23..428.50 rows=108 width=121)
	        Sort Key: c
	        ->  Index Scan using sbtest1_pkey on sbtest1  (cost=0.43..424.59 rows=108 width=121)
	              Index Cond: ((id >= 4403751) AND (id <= 4403850))

table 2 : explain SELECT DISTINCT c FROM sbtest2 WHERE id BETWEEN 8698300 AND 8698399 ORDER BY c
	Unique  (cost=391.85..392.35 rows=99 width=121)
	  ->  Sort  (cost=391.85..392.10 rows=99 width=121)
	        Sort Key: c
	        ->  Index Scan using sbtest2_pkey on sbtest2  (cost=0.43..388.57 rows=99 width=121)
	              Index Cond: ((id >= 8698300) AND (id <= 8698399))

table 3 : explain SELECT DISTINCT c FROM sbtest3 WHERE id BETWEEN 9767648 AND 9767747 ORDER BY c
	Unique  (cost=375.97..376.44 rows=95 width=121)
	  ->  Sort  (cost=375.97..376.20 rows=95 width=121)
	        Sort Key: c
	        ->  Index Scan using sbtest3_pkey on sbtest3  (cost=0.43..372.85 rows=95 width=121)
	              Index Cond: ((id >= 9767648) AND (id <= 9767747))

table 4 : explain SELECT DISTINCT c FROM sbtest4 WHERE id BETWEEN 1516897 AND 1516996 ORDER BY c
	Unique  (cost=415.35..415.88 rows=105 width=121)
	  ->  Sort  (cost=415.35..415.62 rows=105 width=121)
	        Sort Key: c
	        ->  Index Scan using sbtest4_pkey on sbtest4  (cost=0.43..411.83 rows=105 width=121)
	              Index Cond: ((id >= 1516897) AND (id <= 1516996))

table 5 : explain SELECT DISTINCT c FROM sbtest5 WHERE id BETWEEN 4711873 AND 4711972 ORDER BY c
	Unique  (cost=355.75..356.20 rows=90 width=121)
	  ->  Sort  (cost=355.75..355.97 rows=90 width=121)
	        Sort Key: c
	        ->  Index Scan using sbtest5_pkey on sbtest5  (cost=0.43..352.83 rows=90 width=121)
	              Index Cond: ((id >= 4711873) AND (id <= 4711972))

table 6 : explain SELECT DISTINCT c FROM sbtest6 WHERE id BETWEEN 4479977 AND 4480076 ORDER BY c
	Unique  (cost=375.78..376.25 rows=95 width=121)
	  ->  Sort  (cost=375.78..376.01 rows=95 width=121)
	        Sort Key: c
	        ->  Index Scan using sbtest6_pkey on sbtest6  (cost=0.43..372.65 rows=95 width=121)
	              Index Cond: ((id >= 4479977) AND (id <= 4480076))

table 7 : explain SELECT DISTINCT c FROM sbtest7 WHERE id BETWEEN 193991 AND 194090 ORDER BY c
	Unique  (cost=372.83..373.30 rows=94 width=121)
	  ->  Sort  (cost=372.83..373.06 rows=94 width=121)
	        Sort Key: c
	        ->  Index Scan using sbtest7_pkey on sbtest7  (cost=0.43..369.74 rows=94 width=121)
	              Index Cond: ((id >= 193991) AND (id <= 194090))

table 8 : explain SELECT DISTINCT c FROM sbtest8 WHERE id BETWEEN 4115054 AND 4115153 ORDER BY c
	Unique  (cost=384.06..384.54 rows=97 width=121)
	  ->  Sort  (cost=384.06..384.30 rows=97 width=121)
	        Sort Key: c
	        ->  Index Scan using sbtest8_pkey on sbtest8  (cost=0.43..380.86 rows=97 width=121)
	              Index Cond: ((id >= 4115054) AND (id <= 4115153))

explain: for inserts :: explain INSERT INTO sbtest%u (id, k, c, pad) VALUES (%u, 13, 'foobar', 'foobar')
for index_updates
table 1 : explain UPDATE sbtest1 SET k=k+1 WHERE id=4521731
	Update on sbtest1  (cost=0.43..8.46 rows=0 width=0)
	  ->  Index Scan using sbtest1_pkey on sbtest1  (cost=0.43..8.46 rows=1 width=10)
	        Index Cond: (id = 4521731)

table 2 : explain UPDATE sbtest2 SET k=k+1 WHERE id=6461891
	Update on sbtest2  (cost=0.43..8.46 rows=0 width=0)
	  ->  Index Scan using sbtest2_pkey on sbtest2  (cost=0.43..8.46 rows=1 width=10)
	        Index Cond: (id = 6461891)

table 3 : explain UPDATE sbtest3 SET k=k+1 WHERE id=8256479
	Update on sbtest3  (cost=0.43..8.46 rows=0 width=0)
	  ->  Index Scan using sbtest3_pkey on sbtest3  (cost=0.43..8.46 rows=1 width=10)
	        Index Cond: (id = 8256479)

table 4 : explain UPDATE sbtest4 SET k=k+1 WHERE id=6570209
	Update on sbtest4  (cost=0.43..8.46 rows=0 width=0)
	  ->  Index Scan using sbtest4_pkey on sbtest4  (cost=0.43..8.46 rows=1 width=10)
	        Index Cond: (id = 6570209)

table 5 : explain UPDATE sbtest5 SET k=k+1 WHERE id=8329799
	Update on sbtest5  (cost=0.43..8.46 rows=0 width=0)
	  ->  Index Scan using sbtest5_pkey on sbtest5  (cost=0.43..8.46 rows=1 width=10)
	        Index Cond: (id = 8329799)

table 6 : explain UPDATE sbtest6 SET k=k+1 WHERE id=7834937
	Update on sbtest6  (cost=0.43..8.46 rows=0 width=0)
	  ->  Index Scan using sbtest6_pkey on sbtest6  (cost=0.43..8.46 rows=1 width=10)
	        Index Cond: (id = 7834937)

table 7 : explain UPDATE sbtest7 SET k=k+1 WHERE id=1289664
	Update on sbtest7  (cost=0.43..8.46 rows=0 width=0)
	  ->  Index Scan using sbtest7_pkey on sbtest7  (cost=0.43..8.46 rows=1 width=10)
	        Index Cond: (id = 1289664)

table 8 : explain UPDATE sbtest8 SET k=k+1 WHERE id=4297957
	Update on sbtest8  (cost=0.43..8.46 rows=0 width=0)
	  ->  Index Scan using sbtest8_pkey on sbtest8  (cost=0.43..8.46 rows=1 width=10)
	        Index Cond: (id = 4297957)

for non_index_updates
table 1 : explain UPDATE sbtest1 SET c='foobar' WHERE id=165225
	Update on sbtest1  (cost=0.43..8.45 rows=0 width=0)
	  ->  Index Scan using sbtest1_pkey on sbtest1  (cost=0.43..8.45 rows=1 width=490)
	        Index Cond: (id = 165225)

table 2 : explain UPDATE sbtest2 SET c='foobar' WHERE id=4078211
	Update on sbtest2  (cost=0.43..8.45 rows=0 width=0)
	  ->  Index Scan using sbtest2_pkey on sbtest2  (cost=0.43..8.45 rows=1 width=490)
	        Index Cond: (id = 4078211)

table 3 : explain UPDATE sbtest3 SET c='foobar' WHERE id=3655618
	Update on sbtest3  (cost=0.43..8.45 rows=0 width=0)
	  ->  Index Scan using sbtest3_pkey on sbtest3  (cost=0.43..8.45 rows=1 width=490)
	        Index Cond: (id = 3655618)

table 4 : explain UPDATE sbtest4 SET c='foobar' WHERE id=7888939
	Update on sbtest4  (cost=0.43..8.45 rows=0 width=0)
	  ->  Index Scan using sbtest4_pkey on sbtest4  (cost=0.43..8.45 rows=1 width=490)
	        Index Cond: (id = 7888939)

table 5 : explain UPDATE sbtest5 SET c='foobar' WHERE id=3638801
	Update on sbtest5  (cost=0.43..8.45 rows=0 width=0)
	  ->  Index Scan using sbtest5_pkey on sbtest5  (cost=0.43..8.45 rows=1 width=490)
	        Index Cond: (id = 3638801)

table 6 : explain UPDATE sbtest6 SET c='foobar' WHERE id=5378061
	Update on sbtest6  (cost=0.43..8.45 rows=0 width=0)
	  ->  Index Scan using sbtest6_pkey on sbtest6  (cost=0.43..8.45 rows=1 width=490)
	        Index Cond: (id = 5378061)

table 7 : explain UPDATE sbtest7 SET c='foobar' WHERE id=7587256
	Update on sbtest7  (cost=0.43..8.45 rows=0 width=0)
	  ->  Index Scan using sbtest7_pkey on sbtest7  (cost=0.43..8.45 rows=1 width=490)
	        Index Cond: (id = 7587256)

table 8 : explain UPDATE sbtest8 SET c='foobar' WHERE id=1168751
	Update on sbtest8  (cost=0.43..8.45 rows=0 width=0)
	  ->  Index Scan using sbtest8_pkey on sbtest8  (cost=0.43..8.45 rows=1 width=490)
	        Index Cond: (id = 1168751)

for deletes
table 1 : explain DELETE FROM sbtest1 WHERE id=1065998
	Delete on sbtest1  (cost=0.43..8.45 rows=0 width=0)
	  ->  Index Scan using sbtest1_pkey on sbtest1  (cost=0.43..8.45 rows=1 width=6)
	        Index Cond: (id = 1065998)

table 2 : explain DELETE FROM sbtest2 WHERE id=9568966
	Delete on sbtest2  (cost=0.43..8.45 rows=0 width=0)
	  ->  Index Scan using sbtest2_pkey on sbtest2  (cost=0.43..8.45 rows=1 width=6)
	        Index Cond: (id = 9568966)

table 3 : explain DELETE FROM sbtest3 WHERE id=321926
	Delete on sbtest3  (cost=0.43..8.45 rows=0 width=0)
	  ->  Index Scan using sbtest3_pkey on sbtest3  (cost=0.43..8.45 rows=1 width=6)
	        Index Cond: (id = 321926)

table 4 : explain DELETE FROM sbtest4 WHERE id=8686849
	Delete on sbtest4  (cost=0.43..8.45 rows=0 width=0)
	  ->  Index Scan using sbtest4_pkey on sbtest4  (cost=0.43..8.45 rows=1 width=6)
	        Index Cond: (id = 8686849)

table 5 : explain DELETE FROM sbtest5 WHERE id=3542335
	Delete on sbtest5  (cost=0.43..8.45 rows=0 width=0)
	  ->  Index Scan using sbtest5_pkey on sbtest5  (cost=0.43..8.45 rows=1 width=6)
	        Index Cond: (id = 3542335)

table 6 : explain DELETE FROM sbtest6 WHERE id=9341554
	Delete on sbtest6  (cost=0.43..8.45 rows=0 width=0)
	  ->  Index Scan using sbtest6_pkey on sbtest6  (cost=0.43..8.45 rows=1 width=6)
	        Index Cond: (id = 9341554)

table 7 : explain DELETE FROM sbtest7 WHERE id=9279591
	Delete on sbtest7  (cost=0.43..8.45 rows=0 width=0)
	  ->  Index Scan using sbtest7_pkey on sbtest7  (cost=0.43..8.45 rows=1 width=6)
	        Index Cond: (id = 9279591)

table 8 : explain DELETE FROM sbtest8 WHERE id=4772886
	Delete on sbtest8  (cost=0.43..8.45 rows=0 width=0)
	  ->  Index Scan using sbtest8_pkey on sbtest8  (cost=0.43..8.45 rows=1 width=6)
	        Index Cond: (id = 4772886)

explain: for index_updates :: explain UPDATE sbtest%u SET k=k+1 WHERE id=%u
for inserts
table 1 : explain INSERT INTO sbtest1 (id, k, c, pad) VALUES (8769800, 13, 'foobar', 'foobar')
	Insert on sbtest1  (cost=0.00..0.01 rows=0 width=0)
	  ->  Result  (cost=0.00..0.01 rows=1 width=736)

table 2 : explain INSERT INTO sbtest2 (id, k, c, pad) VALUES (380144, 13, 'foobar', 'foobar')
	Insert on sbtest2  (cost=0.00..0.01 rows=0 width=0)
	  ->  Result  (cost=0.00..0.01 rows=1 width=736)

table 3 : explain INSERT INTO sbtest3 (id, k, c, pad) VALUES (5625318, 13, 'foobar', 'foobar')
	Insert on sbtest3  (cost=0.00..0.01 rows=0 width=0)
	  ->  Result  (cost=0.00..0.01 rows=1 width=736)

table 4 : explain INSERT INTO sbtest4 (id, k, c, pad) VALUES (2002658, 13, 'foobar', 'foobar')
	Insert on sbtest4  (cost=0.00..0.01 rows=0 width=0)
	  ->  Result  (cost=0.00..0.01 rows=1 width=736)

table 5 : explain INSERT INTO sbtest5 (id, k, c, pad) VALUES (7389946, 13, 'foobar', 'foobar')
	Insert on sbtest5  (cost=0.00..0.01 rows=0 width=0)
	  ->  Result  (cost=0.00..0.01 rows=1 width=736)

table 6 : explain INSERT INTO sbtest6 (id, k, c, pad) VALUES (9696598, 13, 'foobar', 'foobar')
	Insert on sbtest6  (cost=0.00..0.01 rows=0 width=0)
	  ->  Result  (cost=0.00..0.01 rows=1 width=736)

table 7 : explain INSERT INTO sbtest7 (id, k, c, pad) VALUES (7768145, 13, 'foobar', 'foobar')
	Insert on sbtest7  (cost=0.00..0.01 rows=0 width=0)
	  ->  Result  (cost=0.00..0.01 rows=1 width=736)

table 8 : explain INSERT INTO sbtest8 (id, k, c, pad) VALUES (4208965, 13, 'foobar', 'foobar')
	Insert on sbtest8  (cost=0.00..0.01 rows=0 width=0)
	  ->  Result  (cost=0.00..0.01 rows=1 width=736)

explain: for non_index_updates :: explain UPDATE sbtest%u SET c='foobar' WHERE id=%u
explain: for deletes :: explain DELETE FROM sbtest%u WHERE id=%u
explain: for non_index_updates :: explain UPDATE sbtest%u SET c='foobar' WHERE id=%u
for deletes
table 1 : explain DELETE FROM sbtest1 WHERE id=5899904
	Delete on sbtest1  (cost=0.43..8.45 rows=0 width=0)
	  ->  Index Scan using sbtest1_pkey on sbtest1  (cost=0.43..8.45 rows=1 width=6)
	        Index Cond: (id = 5899904)

table 2 : explain DELETE FROM sbtest2 WHERE id=3028613
	Delete on sbtest2  (cost=0.43..8.45 rows=0 width=0)
	  ->  Index Scan using sbtest2_pkey on sbtest2  (cost=0.43..8.45 rows=1 width=6)
	        Index Cond: (id = 3028613)

table 3 : explain DELETE FROM sbtest3 WHERE id=3157133
	Delete on sbtest3  (cost=0.43..8.45 rows=0 width=0)
	  ->  Index Scan using sbtest3_pkey on sbtest3  (cost=0.43..8.45 rows=1 width=6)
	        Index Cond: (id = 3157133)

table 4 : explain DELETE FROM sbtest4 WHERE id=4367347
	Delete on sbtest4  (cost=0.43..8.45 rows=0 width=0)
	  ->  Index Scan using sbtest4_pkey on sbtest4  (cost=0.43..8.45 rows=1 width=6)
	        Index Cond: (id = 4367347)

table 5 : explain DELETE FROM sbtest5 WHERE id=6818737
	Delete on sbtest5  (cost=0.43..8.45 rows=0 width=0)
	  ->  Index Scan using sbtest5_pkey on sbtest5  (cost=0.43..8.45 rows=1 width=6)
	        Index Cond: (id = 6818737)

table 6 : explain DELETE FROM sbtest6 WHERE id=2173498
	Delete on sbtest6  (cost=0.43..8.45 rows=0 width=0)
	  ->  Index Scan using sbtest6_pkey on sbtest6  (cost=0.43..8.45 rows=1 width=6)
	        Index Cond: (id = 2173498)

table 7 : explain DELETE FROM sbtest7 WHERE id=6156895
	Delete on sbtest7  (cost=0.43..8.45 rows=0 width=0)
	  ->  Index Scan using sbtest7_pkey on sbtest7  (cost=0.43..8.45 rows=1 width=6)
	        Index Cond: (id = 6156895)

table 8 : explain DELETE FROM sbtest8 WHERE id=1872891
	Delete on sbtest8  (cost=0.43..8.45 rows=0 width=0)
	  ->  Index Scan using sbtest8_pkey on sbtest8  (cost=0.43..8.45 rows=1 width=6)
	        Index Cond: (id = 1872891)

for: order_ranges
table 1 : explain SELECT c FROM sbtest1 WHERE id BETWEEN 6886214 AND 6886313 ORDER BY c
	Sort  (cost=381.06..381.30 rows=96 width=121)
	  Sort Key: c
	  ->  Index Scan using sbtest1_pkey on sbtest1  (cost=0.43..377.89 rows=96 width=121)
	        Index Cond: ((id >= 6886214) AND (id <= 6886313))

table 2 : explain SELECT c FROM sbtest2 WHERE id BETWEEN 109144 AND 109243 ORDER BY c
	Sort  (cost=399.73..399.98 rows=101 width=121)
	  Sort Key: c
	  ->  Index Scan using sbtest2_pkey on sbtest2  (cost=0.43..396.36 rows=101 width=121)
	        Index Cond: ((id >= 109144) AND (id <= 109243))

table 3 : explain SELECT c FROM sbtest3 WHERE id BETWEEN 1499762 AND 1499861 ORDER BY c
	Sort  (cost=391.63..391.88 rows=99 width=121)
	  Sort Key: c
	  ->  Index Scan using sbtest3_pkey on sbtest3  (cost=0.43..388.35 rows=99 width=121)
	        Index Cond: ((id >= 1499762) AND (id <= 1499861))

table 4 : explain SELECT c FROM sbtest4 WHERE id BETWEEN 6426083 AND 6426182 ORDER BY c
	Sort  (cost=419.27..419.54 rows=106 width=121)
	  Sort Key: c
	  ->  Index Scan using sbtest4_pkey on sbtest4  (cost=0.43..415.71 rows=106 width=121)
	        Index Cond: ((id >= 6426083) AND (id <= 6426182))

table 5 : explain SELECT c FROM sbtest5 WHERE id BETWEEN 837717 AND 837816 ORDER BY c
	Sort  (cost=344.02..344.24 rows=87 width=121)
	  Sort Key: c
	  ->  Index Scan using sbtest5_pkey on sbtest5  (cost=0.43..341.22 rows=87 width=121)
	        Index Cond: ((id >= 837717) AND (id <= 837816))

table 6 : explain SELECT c FROM sbtest6 WHERE id BETWEEN 7767530 AND 7767629 ORDER BY c
	Sort  (cost=399.30..399.55 rows=101 width=121)
	  Sort Key: c
	  ->  Index Scan using sbtest6_pkey on sbtest6  (cost=0.43..395.93 rows=101 width=121)
	        Index Cond: ((id >= 7767530) AND (id <= 7767629))

table 7 : explain SELECT c FROM sbtest7 WHERE id BETWEEN 2823552 AND 2823651 ORDER BY c
	Sort  (cost=388.52..388.77 rows=98 width=121)
	  Sort Key: c
	  ->  Index Scan using sbtest7_pkey on sbtest7  (cost=0.43..385.28 rows=98 width=121)
	        Index Cond: ((id >= 2823552) AND (id <= 2823651))

table 8 : explain SELECT c FROM sbtest8 WHERE id BETWEEN 2327786 AND 2327885 ORDER BY c
	Sort  (cost=380.14..380.38 rows=96 width=121)
	  Sort Key: c
	  ->  Index Scan using sbtest8_pkey on sbtest8  (cost=0.43..376.98 rows=96 width=121)
	        Index Cond: ((id >= 2327786) AND (id <= 2327885))

for: simple_ranges
table 1 : explain SELECT c FROM sbtest1 WHERE id BETWEEN 120704 AND 120803
	Index Scan using sbtest1_pkey on sbtest1  (cost=0.43..428.47 rows=109 width=121)
	  Index Cond: ((id >= 120704) AND (id <= 120803))

table 2 : explain SELECT c FROM sbtest2 WHERE id BETWEEN 7488831 AND 7488930
	Index Scan using sbtest2_pkey on sbtest2  (cost=0.43..415.75 rows=106 width=121)
	  Index Cond: ((id >= 7488831) AND (id <= 7488930))

table 3 : explain SELECT c FROM sbtest3 WHERE id BETWEEN 5168854 AND 5168953
	Index Scan using sbtest3_pkey on sbtest3  (cost=0.43..372.85 rows=95 width=121)
	  Index Cond: ((id >= 5168854) AND (id <= 5168953))

table 4 : explain SELECT c FROM sbtest4 WHERE id BETWEEN 5316103 AND 5316202
	Index Scan using sbtest4_pkey on sbtest4  (cost=0.43..400.20 rows=102 width=121)
	  Index Cond: ((id >= 5316103) AND (id <= 5316202))

table 5 : explain SELECT c FROM sbtest5 WHERE id BETWEEN 9996363 AND 9996462
	Index Scan using sbtest5_pkey on sbtest5  (cost=0.43..422.50 rows=108 width=121)
	  Index Cond: ((id >= 9996363) AND (id <= 9996462))

table 6 : explain SELECT c FROM sbtest6 WHERE id BETWEEN 441626 AND 441725
	Index Scan using sbtest6_pkey on sbtest6  (cost=0.43..357.16 rows=91 width=121)
	  Index Cond: ((id >= 441626) AND (id <= 441725))

table 7 : explain SELECT c FROM sbtest7 WHERE id BETWEEN 7883390 AND 7883489
	Index Scan using sbtest7_pkey on sbtest7  (cost=0.43..400.85 rows=102 width=121)
	  Index Cond: ((id >= 7883390) AND (id <= 7883489))

table 8 : explain SELECT c FROM sbtest8 WHERE id BETWEEN 5970400 AND 5970499
	Index Scan using sbtest8_pkey on sbtest8  (cost=0.43..376.98 rows=96 width=121)
	  Index Cond: ((id >= 5970400) AND (id <= 5970499))

explain: for inserts :: explain INSERT INTO sbtest%u (id, k, c, pad) VALUES (%u, 13, 'foobar', 'foobar')
for: order_ranges
table 1 : explain SELECT c FROM sbtest1 WHERE id BETWEEN 4189552 AND 4189651 ORDER BY c
	Sort  (cost=463.60..463.89 rows=117 width=121)
	  Sort Key: c
	  ->  Index Scan using sbtest1_pkey on sbtest1  (cost=0.43..459.58 rows=117 width=121)
	        Index Cond: ((id >= 4189552) AND (id <= 4189651))

table 2 : explain SELECT c FROM sbtest2 WHERE id BETWEEN 3681632 AND 3681731 ORDER BY c
	Sort  (cost=399.73..399.98 rows=101 width=121)
	  Sort Key: c
	  ->  Index Scan using sbtest2_pkey on sbtest2  (cost=0.43..396.36 rows=101 width=121)
	        Index Cond: ((id >= 3681632) AND (id <= 3681731))

table 3 : explain SELECT c FROM sbtest3 WHERE id BETWEEN 9823525 AND 9823624 ORDER BY c
	Sort  (cost=375.97..376.20 rows=95 width=121)
	  Sort Key: c
	  ->  Index Scan using sbtest3_pkey on sbtest3  (cost=0.43..372.85 rows=95 width=121)
	        Index Cond: ((id >= 9823525) AND (id <= 9823624))

table 4 : explain SELECT c FROM sbtest4 WHERE id BETWEEN 4941748 AND 4941847 ORDER BY c
	Sort  (cost=419.27..419.54 rows=106 width=121)
	  Sort Key: c
	  ->  Index Scan using sbtest4_pkey on sbtest4  (cost=0.43..415.71 rows=106 width=121)
	        Index Cond: ((id >= 4941748) AND (id <= 4941847))

table 5 : explain SELECT c FROM sbtest5 WHERE id BETWEEN 699710 AND 699809 ORDER BY c
	Sort  (cost=414.42..414.68 rows=105 width=121)
	  Sort Key: c
	  ->  Index Scan using sbtest5_pkey on sbtest5  (cost=0.43..410.89 rows=105 width=121)
	        Index Cond: ((id >= 699710) AND (id <= 699809))

table 6 : explain SELECT c FROM sbtest6 WHERE id BETWEEN 677543 AND 677642 ORDER BY c
	Sort  (cost=387.52..387.76 rows=98 width=121)
	  Sort Key: c
	  ->  Index Scan using sbtest6_pkey on sbtest6  (cost=0.43..384.28 rows=98 width=121)
	        Index Cond: ((id >= 677543) AND (id <= 677642))

table 7 : explain SELECT c FROM sbtest7 WHERE id BETWEEN 2430242 AND 2430341 ORDER BY c
	Sort  (cost=376.75..376.99 rows=95 width=121)
	  Sort Key: c
	  ->  Index Scan using sbtest7_pkey on sbtest7  (cost=0.43..373.63 rows=95 width=121)
	        Index Cond: ((id >= 2430242) AND (id <= 2430341))

table 8 : explain SELECT c FROM sbtest8 WHERE id BETWEEN 9283875 AND 9283974 ORDER BY c
	Sort  (cost=391.93..392.18 rows=99 width=121)
	  Sort Key: c
	  ->  Index Scan using sbtest8_pkey on sbtest8  (cost=0.43..388.65 rows=99 width=121)
	        Index Cond: ((id >= 9283875) AND (id <= 9283974))

for index_updates
table 1 : explain UPDATE sbtest1 SET k=k+1 WHERE id=5231542
	Update on sbtest1  (cost=0.43..8.46 rows=0 width=0)
	  ->  Index Scan using sbtest1_pkey on sbtest1  (cost=0.43..8.46 rows=1 width=10)
	        Index Cond: (id = 5231542)

table 2 : explain UPDATE sbtest2 SET k=k+1 WHERE id=1405545
	Update on sbtest2  (cost=0.43..8.46 rows=0 width=0)
	  ->  Index Scan using sbtest2_pkey on sbtest2  (cost=0.43..8.46 rows=1 width=10)
	        Index Cond: (id = 1405545)

table 3 : explain UPDATE sbtest3 SET k=k+1 WHERE id=9316995
	Update on sbtest3  (cost=0.43..8.46 rows=0 width=0)
	  ->  Index Scan using sbtest3_pkey on sbtest3  (cost=0.43..8.46 rows=1 width=10)
	        Index Cond: (id = 9316995)

table 4 : explain UPDATE sbtest4 SET k=k+1 WHERE id=5361129
	Update on sbtest4  (cost=0.43..8.46 rows=0 width=0)
	  ->  Index Scan using sbtest4_pkey on sbtest4  (cost=0.43..8.46 rows=1 width=10)
	        Index Cond: (id = 5361129)

table 5 : explain UPDATE sbtest5 SET k=k+1 WHERE id=259261
	Update on sbtest5  (cost=0.43..8.46 rows=0 width=0)
	  ->  Index Scan using sbtest5_pkey on sbtest5  (cost=0.43..8.46 rows=1 width=10)
	        Index Cond: (id = 259261)

table 6 : explain UPDATE sbtest6 SET k=k+1 WHERE id=2823361
	Update on sbtest6  (cost=0.43..8.46 rows=0 width=0)
	  ->  Index Scan using sbtest6_pkey on sbtest6  (cost=0.43..8.46 rows=1 width=10)
	        Index Cond: (id = 2823361)

table 7 : explain UPDATE sbtest7 SET k=k+1 WHERE id=3192433
	Update on sbtest7  (cost=0.43..8.46 rows=0 width=0)
	  ->  Index Scan using sbtest7_pkey on sbtest7  (cost=0.43..8.46 rows=1 width=10)
	        Index Cond: (id = 3192433)

table 8 : explain UPDATE sbtest8 SET k=k+1 WHERE id=4667876
	Update on sbtest8  (cost=0.43..8.46 rows=0 width=0)
	  ->  Index Scan using sbtest8_pkey on sbtest8  (cost=0.43..8.46 rows=1 width=10)
	        Index Cond: (id = 4667876)

for deletes
table 1 : explain DELETE FROM sbtest1 WHERE id=6701061
	Delete on sbtest1  (cost=0.43..8.45 rows=0 width=0)
	  ->  Index Scan using sbtest1_pkey on sbtest1  (cost=0.43..8.45 rows=1 width=6)
	        Index Cond: (id = 6701061)

table 2 : explain DELETE FROM sbtest2 WHERE id=9114501
	Delete on sbtest2  (cost=0.43..8.45 rows=0 width=0)
	  ->  Index Scan using sbtest2_pkey on sbtest2  (cost=0.43..8.45 rows=1 width=6)
	        Index Cond: (id = 9114501)

table 3 : explain DELETE FROM sbtest3 WHERE id=1174667
	Delete on sbtest3  (cost=0.43..8.45 rows=0 width=0)
	  ->  Index Scan using sbtest3_pkey on sbtest3  (cost=0.43..8.45 rows=1 width=6)
	        Index Cond: (id = 1174667)

table 4 : explain DELETE FROM sbtest4 WHERE id=582573
	Delete on sbtest4  (cost=0.43..8.45 rows=0 width=0)
	  ->  Index Scan using sbtest4_pkey on sbtest4  (cost=0.43..8.45 rows=1 width=6)
	        Index Cond: (id = 582573)

table 5 : explain DELETE FROM sbtest5 WHERE id=1824444
	Delete on sbtest5  (cost=0.43..8.45 rows=0 width=0)
	  ->  Index Scan using sbtest5_pkey on sbtest5  (cost=0.43..8.45 rows=1 width=6)
	        Index Cond: (id = 1824444)

table 6 : explain DELETE FROM sbtest6 WHERE id=9457433
	Delete on sbtest6  (cost=0.43..8.45 rows=0 width=0)
	  ->  Index Scan using sbtest6_pkey on sbtest6  (cost=0.43..8.45 rows=1 width=6)
	        Index Cond: (id = 9457433)

table 7 : explain DELETE FROM sbtest7 WHERE id=2688216
	Delete on sbtest7  (cost=0.43..8.45 rows=0 width=0)
	  ->  Index Scan using sbtest7_pkey on sbtest7  (cost=0.43..8.45 rows=1 width=6)
	        Index Cond: (id = 2688216)

table 8 : explain DELETE FROM sbtest8 WHERE id=874818
	Delete on sbtest8  (cost=0.43..8.45 rows=0 width=0)
	  ->  Index Scan using sbtest8_pkey on sbtest8  (cost=0.43..8.45 rows=1 width=6)
	        Index Cond: (id = 874818)

for: order_ranges
table 1 : explain SELECT c FROM sbtest1 WHERE id BETWEEN 281679 AND 281778 ORDER BY c
	Sort  (cost=408.59..408.85 rows=103 width=121)
	  Sort Key: c
	  ->  Index Scan using sbtest1_pkey on sbtest1  (cost=0.43..405.14 rows=103 width=121)
	        Index Cond: ((id >= 281679) AND (id <= 281778))

table 2 : explain SELECT c FROM sbtest2 WHERE id BETWEEN 843236 AND 843335 ORDER BY c
	Sort  (cost=380.10..380.34 rows=96 width=121)
	  Sort Key: c
	  ->  Index Scan using sbtest2_pkey on sbtest2  (cost=0.43..376.94 rows=96 width=121)
	        Index Cond: ((id >= 843236) AND (id <= 843335))

table 3 : explain SELECT c FROM sbtest3 WHERE id BETWEEN 6868480 AND 6868579 ORDER BY c
	Sort  (cost=411.25..411.51 rows=104 width=121)
	  Sort Key: c
	  ->  Index Scan using sbtest3_pkey on sbtest3  (cost=0.43..407.76 rows=104 width=121)
	        Index Cond: ((id >= 6868480) AND (id <= 6868579))

table 4 : explain SELECT c FROM sbtest4 WHERE id BETWEEN 557282 AND 557381 ORDER BY c
	Sort  (cost=364.39..364.62 rows=92 width=121)
	  Sort Key: c
	  ->  Index Scan using sbtest4_pkey on sbtest4  (cost=0.43..361.38 rows=92 width=121)
	        Index Cond: ((id >= 557282) AND (id <= 557381))

table 5 : explain SELECT c FROM sbtest5 WHERE id BETWEEN 8286545 AND 8286644 ORDER BY c
	Sort  (cost=394.87..395.12 rows=100 width=121)
	  Sort Key: c
	  ->  Index Scan using sbtest5_pkey on sbtest5  (cost=0.43..391.55 rows=100 width=121)
	        Index Cond: ((id >= 8286545) AND (id <= 8286644))

table 6 : explain SELECT c FROM sbtest6 WHERE id BETWEEN 455051 AND 455150 ORDER BY c
	Sort  (cost=360.12..360.35 rows=91 width=121)
	  Sort Key: c
	  ->  Index Scan using sbtest6_pkey on sbtest6  (cost=0.43..357.16 rows=91 width=121)
	        Index Cond: ((id >= 455051) AND (id <= 455150))

table 7 : explain SELECT c FROM sbtest7 WHERE id BETWEEN 4603561 AND 4603660 ORDER BY c
	Sort  (cost=372.83..373.06 rows=94 width=121)
	  Sort Key: c
	  ->  Index Scan using sbtest7_pkey on sbtest7  (cost=0.43..369.74 rows=94 width=121)
	        Index Cond: ((id >= 4603561) AND (id <= 4603660))

table 8 : explain SELECT c FROM sbtest8 WHERE id BETWEEN 539116 AND 539215 ORDER BY c
	Sort  (cost=399.77..400.02 rows=101 width=121)
	  Sort Key: c
	  ->  Index Scan using sbtest8_pkey on sbtest8  (cost=0.43..396.41 rows=101 width=121)
	        Index Cond: ((id >= 539116) AND (id <= 539215))

explain: for non_index_updates :: explain UPDATE sbtest%u SET c='foobar' WHERE id=%u
for: order_ranges
table 1 : explain SELECT c FROM sbtest1 WHERE id BETWEEN 356628 AND 356727 ORDER BY c
	Sort  (cost=384.98..385.23 rows=97 width=121)
	  Sort Key: c
	  ->  Index Scan using sbtest1_pkey on sbtest1  (cost=0.43..381.78 rows=97 width=121)
	        Index Cond: ((id >= 356628) AND (id <= 356727))

table 2 : explain SELECT c FROM sbtest2 WHERE id BETWEEN 1643495 AND 1643594 ORDER BY c
	Sort  (cost=337.00..337.22 rows=85 width=121)
	  Sort Key: c
	  ->  Index Scan using sbtest2_pkey on sbtest2  (cost=0.43..334.28 rows=85 width=121)
	        Index Cond: ((id >= 1643495) AND (id <= 1643594))

table 3 : explain SELECT c FROM sbtest3 WHERE id BETWEEN 7598290 AND 7598389 ORDER BY c
	Sort  (cost=403.42..403.67 rows=102 width=121)
	  Sort Key: c
	  ->  Index Scan using sbtest3_pkey on sbtest3  (cost=0.43..400.01 rows=102 width=121)
	        Index Cond: ((id >= 7598290) AND (id <= 7598389))

table 4 : explain SELECT c FROM sbtest4 WHERE id BETWEEN 4485940 AND 4486039 ORDER BY c
	Sort  (cost=383.97..384.22 rows=97 width=121)
	  Sort Key: c
	  ->  Index Scan using sbtest4_pkey on sbtest4  (cost=0.43..380.77 rows=97 width=121)
	        Index Cond: ((id >= 4485940) AND (id <= 4486039))

table 5 : explain SELECT c FROM sbtest5 WHERE id BETWEEN 129946 AND 130045 ORDER BY c
	Sort  (cost=394.87..395.12 rows=100 width=121)
	  Sort Key: c
	  ->  Index Scan using sbtest5_pkey on sbtest5  (cost=0.43..391.55 rows=100 width=121)
	        Index Cond: ((id >= 129946) AND (id <= 130045))

table 6 : explain SELECT c FROM sbtest6 WHERE id BETWEEN 17576 AND 17675 ORDER BY c
	Sort  (cost=422.78..423.05 rows=107 width=121)
	  Sort Key: c
	  ->  Index Scan using sbtest6_pkey on sbtest6  (cost=0.43..419.18 rows=107 width=121)
	        Index Cond: ((id >= 17576) AND (id <= 17675))

table 7 : explain SELECT c FROM sbtest7 WHERE id BETWEEN 8751409 AND 8751508 ORDER BY c
	Sort  (cost=392.48..392.73 rows=99 width=121)
	  Sort Key: c
	  ->  Index Scan using sbtest7_pkey on sbtest7  (cost=0.43..389.20 rows=99 width=121)
	        Index Cond: ((id >= 8751409) AND (id <= 8751508))

table 8 : explain SELECT c FROM sbtest8 WHERE id BETWEEN 8103880 AND 8103979 ORDER BY c
	Sort  (cost=376.22..376.46 rows=95 width=121)
	  Sort Key: c
	  ->  Index Scan using sbtest8_pkey on sbtest8  (cost=0.43..373.10 rows=95 width=121)
	        Index Cond: ((id >= 8103880) AND (id <= 8103979))

for point_selects
table 1 : explain SELECT c FROM sbtest1 WHERE id=1633691
	Index Scan using sbtest1_pkey on sbtest1  (cost=0.43..8.45 rows=1 width=121)
	  Index Cond: (id = 1633691)

table 2 : explain SELECT c FROM sbtest2 WHERE id=9005992
	Index Scan using sbtest2_pkey on sbtest2  (cost=0.43..8.45 rows=1 width=121)
	  Index Cond: (id = 9005992)

table 3 : explain SELECT c FROM sbtest3 WHERE id=8588977
	Index Scan using sbtest3_pkey on sbtest3  (cost=0.43..8.45 rows=1 width=121)
	  Index Cond: (id = 8588977)

table 4 : explain SELECT c FROM sbtest4 WHERE id=3771126
	Index Scan using sbtest4_pkey on sbtest4  (cost=0.43..8.45 rows=1 width=121)
	  Index Cond: (id = 3771126)

table 5 : explain SELECT c FROM sbtest5 WHERE id=9131270
	Index Scan using sbtest5_pkey on sbtest5  (cost=0.43..8.45 rows=1 width=121)
	  Index Cond: (id = 9131270)

table 6 : explain SELECT c FROM sbtest6 WHERE id=3001498
	Index Scan using sbtest6_pkey on sbtest6  (cost=0.43..8.45 rows=1 width=121)
	  Index Cond: (id = 3001498)

table 7 : explain SELECT c FROM sbtest7 WHERE id=1647533
	Index Scan using sbtest7_pkey on sbtest7  (cost=0.43..8.45 rows=1 width=121)
	  Index Cond: (id = 1647533)

table 8 : explain SELECT c FROM sbtest8 WHERE id=889981
	Index Scan using sbtest8_pkey on sbtest8  (cost=0.43..8.45 rows=1 width=121)
	  Index Cond: (id = 889981)

for: order_ranges
table 1 : explain SELECT c FROM sbtest1 WHERE id BETWEEN 4674913 AND 4675012 ORDER BY c
	Sort  (cost=384.98..385.23 rows=97 width=121)
	  Sort Key: c
	  ->  Index Scan using sbtest1_pkey on sbtest1  (cost=0.43..381.78 rows=97 width=121)
	        Index Cond: ((id >= 4674913) AND (id <= 4675012))

table 2 : explain SELECT c FROM sbtest2 WHERE id BETWEEN 9179999 AND 9180098 ORDER BY c
	Sort  (cost=427.16..427.43 rows=108 width=121)
	  Sort Key: c
	  ->  Index Scan using sbtest2_pkey on sbtest2  (cost=0.43..423.51 rows=108 width=121)
	        Index Cond: ((id >= 9179999) AND (id <= 9180098))

table 3 : explain SELECT c FROM sbtest3 WHERE id BETWEEN 44522 AND 44621 ORDER BY c
	Sort  (cost=383.80..384.04 rows=97 width=121)
	  Sort Key: c
	  ->  Index Scan using sbtest3_pkey on sbtest3  (cost=0.43..380.60 rows=97 width=121)
	        Index Cond: ((id >= 44522) AND (id <= 44621))

table 4 : explain SELECT c FROM sbtest4 WHERE id BETWEEN 1102075 AND 1102174 ORDER BY c
	Sort  (cost=376.14..376.38 rows=95 width=121)
	  Sort Key: c
	  ->  Index Scan using sbtest4_pkey on sbtest4  (cost=0.43..373.02 rows=95 width=121)
	        Index Cond: ((id >= 1102075) AND (id <= 1102174))

table 5 : explain SELECT c FROM sbtest5 WHERE id BETWEEN 3486106 AND 3486205 ORDER BY c
	Sort  (cost=394.87..395.12 rows=100 width=121)
	  Sort Key: c
	  ->  Index Scan using sbtest5_pkey on sbtest5  (cost=0.43..391.55 rows=100 width=121)
	        Index Cond: ((id >= 3486106) AND (id <= 3486205))

table 6 : explain SELECT c FROM sbtest6 WHERE id BETWEEN 2437766 AND 2437865 ORDER BY c
	Sort  (cost=399.30..399.55 rows=101 width=121)
	  Sort Key: c
	  ->  Index Scan using sbtest6_pkey on sbtest6  (cost=0.43..395.93 rows=101 width=121)
	        Index Cond: ((id >= 2437766) AND (id <= 2437865))

table 7 : explain SELECT c FROM sbtest7 WHERE id BETWEEN 6281732 AND 6281831 ORDER BY c
	Sort  (cost=412.10..412.36 rows=104 width=121)
	  Sort Key: c
	  ->  Index Scan using sbtest7_pkey on sbtest7  (cost=0.43..408.62 rows=104 width=121)
	        Index Cond: ((id >= 6281732) AND (id <= 6281831))

table 8 : explain SELECT c FROM sbtest8 WHERE id BETWEEN 705403 AND 705502 ORDER BY c
	Sort  (cost=435.04..435.32 rows=110 width=121)
	  Sort Key: c
	  ->  Index Scan using sbtest8_pkey on sbtest8  (cost=0.43..431.31 rows=110 width=121)
	        Index Cond: ((id >= 705403) AND (id <= 705502))

for inserts
table 1 : explain INSERT INTO sbtest1 (id, k, c, pad) VALUES (6530923, 13, 'foobar', 'foobar')
	Insert on sbtest1  (cost=0.00..0.01 rows=0 width=0)
	  ->  Result  (cost=0.00..0.01 rows=1 width=736)

table 2 : explain INSERT INTO sbtest2 (id, k, c, pad) VALUES (5788897, 13, 'foobar', 'foobar')
	Insert on sbtest2  (cost=0.00..0.01 rows=0 width=0)
	  ->  Result  (cost=0.00..0.01 rows=1 width=736)

table 3 : explain INSERT INTO sbtest3 (id, k, c, pad) VALUES (1434620, 13, 'foobar', 'foobar')
	Insert on sbtest3  (cost=0.00..0.01 rows=0 width=0)
	  ->  Result  (cost=0.00..0.01 rows=1 width=736)

table 4 : explain INSERT INTO sbtest4 (id, k, c, pad) VALUES (6389389, 13, 'foobar', 'foobar')
	Insert on sbtest4  (cost=0.00..0.01 rows=0 width=0)
	  ->  Result  (cost=0.00..0.01 rows=1 width=736)

table 5 : explain INSERT INTO sbtest5 (id, k, c, pad) VALUES (6142060, 13, 'foobar', 'foobar')
	Insert on sbtest5  (cost=0.00..0.01 rows=0 width=0)
	  ->  Result  (cost=0.00..0.01 rows=1 width=736)

table 6 : explain INSERT INTO sbtest6 (id, k, c, pad) VALUES (483489, 13, 'foobar', 'foobar')
	Insert on sbtest6  (cost=0.00..0.01 rows=0 width=0)
	  ->  Result  (cost=0.00..0.01 rows=1 width=736)

table 7 : explain INSERT INTO sbtest7 (id, k, c, pad) VALUES (332830, 13, 'foobar', 'foobar')
	Insert on sbtest7  (cost=0.00..0.01 rows=0 width=0)
	  ->  Result  (cost=0.00..0.01 rows=1 width=736)

table 8 : explain INSERT INTO sbtest8 (id, k, c, pad) VALUES (1776708, 13, 'foobar', 'foobar')
	Insert on sbtest8  (cost=0.00..0.01 rows=0 width=0)
	  ->  Result  (cost=0.00..0.01 rows=1 width=736)

for: sum_ranges
table 1 : explain SELECT SUM(k) FROM sbtest1 WHERE id BETWEEN 8896712 AND 8896811
	Aggregate  (cost=382.03..382.04 rows=1 width=8)
	  ->  Index Scan using sbtest1_pkey on sbtest1  (cost=0.43..381.78 rows=97 width=4)
	        Index Cond: ((id >= 8896712) AND (id <= 8896811))

table 2 : explain SELECT SUM(k) FROM sbtest2 WHERE id BETWEEN 7190971 AND 7191070
	Aggregate  (cost=447.06..447.07 rows=1 width=8)
	  ->  Index Scan using sbtest2_pkey on sbtest2  (cost=0.43..446.78 rows=114 width=4)
	        Index Cond: ((id >= 7190971) AND (id <= 7191070))

table 3 : explain SELECT SUM(k) FROM sbtest3 WHERE id BETWEEN 2344515 AND 2344614
	Aggregate  (cost=380.84..380.85 rows=1 width=8)
	  ->  Index Scan using sbtest3_pkey on sbtest3  (cost=0.43..380.60 rows=97 width=4)
	        Index Cond: ((id >= 2344515) AND (id <= 2344614))

table 4 : explain SELECT SUM(k) FROM sbtest4 WHERE id BETWEEN 8117959 AND 8118058
	Aggregate  (cost=419.85..419.86 rows=1 width=8)
	  ->  Index Scan using sbtest4_pkey on sbtest4  (cost=0.43..419.58 rows=107 width=4)
	        Index Cond: ((id >= 8117959) AND (id <= 8118058))

table 5 : explain SELECT SUM(k) FROM sbtest5 WHERE id BETWEEN 6142387 AND 6142486
	Aggregate  (cost=395.67..395.68 rows=1 width=8)
	  ->  Index Scan using sbtest5_pkey on sbtest5  (cost=0.43..395.42 rows=101 width=4)
	        Index Cond: ((id >= 6142387) AND (id <= 6142486))

table 6 : explain SELECT SUM(k) FROM sbtest6 WHERE id BETWEEN 1769469 AND 1769568
	Aggregate  (cost=388.43..388.44 rows=1 width=8)
	  ->  Index Scan using sbtest6_pkey on sbtest6  (cost=0.43..388.19 rows=99 width=4)
	        Index Cond: ((id >= 1769469) AND (id <= 1769568))

table 7 : explain SELECT SUM(k) FROM sbtest7 WHERE id BETWEEN 2481478 AND 2481577
	Aggregate  (cost=404.99..405.00 rows=1 width=8)
	  ->  Index Scan using sbtest7_pkey on sbtest7  (cost=0.43..404.74 rows=103 width=4)
	        Index Cond: ((id >= 2481478) AND (id <= 2481577))

table 8 : explain SELECT SUM(k) FROM sbtest8 WHERE id BETWEEN 1801747 AND 1801846
	Aggregate  (cost=342.29..342.30 rows=1 width=8)
	  ->  Index Scan using sbtest8_pkey on sbtest8  (cost=0.43..342.07 rows=87 width=4)
	        Index Cond: ((id >= 1801747) AND (id <= 1801846))

for inserts
table 1 : explain INSERT INTO sbtest1 (id, k, c, pad) VALUES (9812502, 13, 'foobar', 'foobar')
	Insert on sbtest1  (cost=0.00..0.01 rows=0 width=0)
	  ->  Result  (cost=0.00..0.01 rows=1 width=736)

table 2 : explain INSERT INTO sbtest2 (id, k, c, pad) VALUES (7351617, 13, 'foobar', 'foobar')
	Insert on sbtest2  (cost=0.00..0.01 rows=0 width=0)
	  ->  Result  (cost=0.00..0.01 rows=1 width=736)

table 3 : explain INSERT INTO sbtest3 (id, k, c, pad) VALUES (2368799, 13, 'foobar', 'foobar')
	Insert on sbtest3  (cost=0.00..0.01 rows=0 width=0)
	  ->  Result  (cost=0.00..0.01 rows=1 width=736)

table 4 : explain INSERT INTO sbtest4 (id, k, c, pad) VALUES (6745753, 13, 'foobar', 'foobar')
	Insert on sbtest4  (cost=0.00..0.01 rows=0 width=0)
	  ->  Result  (cost=0.00..0.01 rows=1 width=736)

table 5 : explain INSERT INTO sbtest5 (id, k, c, pad) VALUES (2344465, 13, 'foobar', 'foobar')
	Insert on sbtest5  (cost=0.00..0.01 rows=0 width=0)
	  ->  Result  (cost=0.00..0.01 rows=1 width=736)

table 6 : explain INSERT INTO sbtest6 (id, k, c, pad) VALUES (2569908, 13, 'foobar', 'foobar')
	Insert on sbtest6  (cost=0.00..0.01 rows=0 width=0)
	  ->  Result  (cost=0.00..0.01 rows=1 width=736)

table 7 : explain INSERT INTO sbtest7 (id, k, c, pad) VALUES (8439263, 13, 'foobar', 'foobar')
	Insert on sbtest7  (cost=0.00..0.01 rows=0 width=0)
	  ->  Result  (cost=0.00..0.01 rows=1 width=736)

table 8 : explain INSERT INTO sbtest8 (id, k, c, pad) VALUES (2199103, 13, 'foobar', 'foobar')
	Insert on sbtest8  (cost=0.00..0.01 rows=0 width=0)
	  ->  Result  (cost=0.00..0.01 rows=1 width=736)

explain: for inserts :: explain INSERT INTO sbtest%u (id, k, c, pad) VALUES (%u, 13, 'foobar', 'foobar')
for non_index_updates
table 1 : explain UPDATE sbtest1 SET c='foobar' WHERE id=6846532
	Update on sbtest1  (cost=0.43..8.45 rows=0 width=0)
	  ->  Index Scan using sbtest1_pkey on sbtest1  (cost=0.43..8.45 rows=1 width=490)
	        Index Cond: (id = 6846532)

table 2 : explain UPDATE sbtest2 SET c='foobar' WHERE id=9776881
	Update on sbtest2  (cost=0.43..8.45 rows=0 width=0)
	  ->  Index Scan using sbtest2_pkey on sbtest2  (cost=0.43..8.45 rows=1 width=490)
	        Index Cond: (id = 9776881)

table 3 : explain UPDATE sbtest3 SET c='foobar' WHERE id=1409321
	Update on sbtest3  (cost=0.43..8.45 rows=0 width=0)
	  ->  Index Scan using sbtest3_pkey on sbtest3  (cost=0.43..8.45 rows=1 width=490)
	        Index Cond: (id = 1409321)

table 4 : explain UPDATE sbtest4 SET c='foobar' WHERE id=4418575
	Update on sbtest4  (cost=0.43..8.45 rows=0 width=0)
	  ->  Index Scan using sbtest4_pkey on sbtest4  (cost=0.43..8.45 rows=1 width=490)
	        Index Cond: (id = 4418575)

table 5 : explain UPDATE sbtest5 SET c='foobar' WHERE id=7190319
	Update on sbtest5  (cost=0.43..8.45 rows=0 width=0)
	  ->  Index Scan using sbtest5_pkey on sbtest5  (cost=0.43..8.45 rows=1 width=490)
	        Index Cond: (id = 7190319)

table 6 : explain UPDATE sbtest6 SET c='foobar' WHERE id=5194569
	Update on sbtest6  (cost=0.43..8.45 rows=0 width=0)
	  ->  Index Scan using sbtest6_pkey on sbtest6  (cost=0.43..8.45 rows=1 width=490)
	        Index Cond: (id = 5194569)

table 7 : explain UPDATE sbtest7 SET c='foobar' WHERE id=914767
	Update on sbtest7  (cost=0.43..8.45 rows=0 width=0)
	  ->  Index Scan using sbtest7_pkey on sbtest7  (cost=0.43..8.45 rows=1 width=490)
	        Index Cond: (id = 914767)

table 8 : explain UPDATE sbtest8 SET c='foobar' WHERE id=8681782
	Update on sbtest8  (cost=0.43..8.45 rows=0 width=0)
	  ->  Index Scan using sbtest8_pkey on sbtest8  (cost=0.43..8.45 rows=1 width=490)
	        Index Cond: (id = 8681782)

explain: for inserts :: explain INSERT INTO sbtest%u (id, k, c, pad) VALUES (%u, 13, 'foobar', 'foobar')
for inserts
table 1 : explain INSERT INTO sbtest1 (id, k, c, pad) VALUES (6558527, 13, 'foobar', 'foobar')
	Insert on sbtest1  (cost=0.00..0.01 rows=0 width=0)
	  ->  Result  (cost=0.00..0.01 rows=1 width=736)

table 2 : explain INSERT INTO sbtest2 (id, k, c, pad) VALUES (671931, 13, 'foobar', 'foobar')
	Insert on sbtest2  (cost=0.00..0.01 rows=0 width=0)
	  ->  Result  (cost=0.00..0.01 rows=1 width=736)

table 3 : explain INSERT INTO sbtest3 (id, k, c, pad) VALUES (8104710, 13, 'foobar', 'foobar')
	Insert on sbtest3  (cost=0.00..0.01 rows=0 width=0)
	  ->  Result  (cost=0.00..0.01 rows=1 width=736)

table 4 : explain INSERT INTO sbtest4 (id, k, c, pad) VALUES (716614, 13, 'foobar', 'foobar')
	Insert on sbtest4  (cost=0.00..0.01 rows=0 width=0)
	  ->  Result  (cost=0.00..0.01 rows=1 width=736)

table 5 : explain INSERT INTO sbtest5 (id, k, c, pad) VALUES (3804760, 13, 'foobar', 'foobar')
	Insert on sbtest5  (cost=0.00..0.01 rows=0 width=0)
	  ->  Result  (cost=0.00..0.01 rows=1 width=736)

table 6 : explain INSERT INTO sbtest6 (id, k, c, pad) VALUES (4480433, 13, 'foobar', 'foobar')
	Insert on sbtest6  (cost=0.00..0.01 rows=0 width=0)
	  ->  Result  (cost=0.00..0.01 rows=1 width=736)

table 7 : explain INSERT INTO sbtest7 (id, k, c, pad) VALUES (1252027, 13, 'foobar', 'foobar')
	Insert on sbtest7  (cost=0.00..0.01 rows=0 width=0)
	  ->  Result  (cost=0.00..0.01 rows=1 width=736)

table 8 : explain INSERT INTO sbtest8 (id, k, c, pad) VALUES (7584826, 13, 'foobar', 'foobar')
	Insert on sbtest8  (cost=0.00..0.01 rows=0 width=0)
	  ->  Result  (cost=0.00..0.01 rows=1 width=736)

for: distinct_ranges
table 1 : explain SELECT DISTINCT c FROM sbtest1 WHERE id BETWEEN 4350187 AND 4350286 ORDER BY c
	Unique  (cost=416.45..416.97 rows=105 width=121)
	  ->  Sort  (cost=416.45..416.71 rows=105 width=121)
	        Sort Key: c
	        ->  Index Scan using sbtest1_pkey on sbtest1  (cost=0.43..412.92 rows=105 width=121)
	              Index Cond: ((id >= 4350187) AND (id <= 4350286))

table 2 : explain SELECT DISTINCT c FROM sbtest2 WHERE id BETWEEN 4908705 AND 4908804 ORDER BY c
	Unique  (cost=431.08..431.62 rows=109 width=121)
	  ->  Sort  (cost=431.08..431.35 rows=109 width=121)
	        Sort Key: c
	        ->  Index Scan using sbtest2_pkey on sbtest2  (cost=0.43..427.39 rows=109 width=121)
	              Index Cond: ((id >= 4908705) AND (id <= 4908804))

table 3 : explain SELECT DISTINCT c FROM sbtest3 WHERE id BETWEEN 9775635 AND 9775734 ORDER BY c
	Unique  (cost=375.97..376.44 rows=95 width=121)
	  ->  Sort  (cost=375.97..376.20 rows=95 width=121)
	        Sort Key: c
	        ->  Index Scan using sbtest3_pkey on sbtest3  (cost=0.43..372.85 rows=95 width=121)
	              Index Cond: ((id >= 9775635) AND (id <= 9775734))

table 4 : explain SELECT DISTINCT c FROM sbtest4 WHERE id BETWEEN 50556 AND 50655 ORDER BY c
	Unique  (cost=419.27..419.80 rows=106 width=121)
	  ->  Sort  (cost=419.27..419.54 rows=106 width=121)
	        Sort Key: c
	        ->  Index Scan using sbtest4_pkey on sbtest4  (cost=0.43..415.71 rows=106 width=121)
	              Index Cond: ((id >= 50556) AND (id <= 50655))

table 5 : explain SELECT DISTINCT c FROM sbtest5 WHERE id BETWEEN 6250287 AND 6250386 ORDER BY c
	Unique  (cost=445.69..446.26 rows=113 width=121)
	  ->  Sort  (cost=445.69..445.98 rows=113 width=121)
	        Sort Key: c
	        ->  Index Scan using sbtest5_pkey on sbtest5  (cost=0.43..441.84 rows=113 width=121)
	              Index Cond: ((id >= 6250287) AND (id <= 6250386))

table 6 : explain SELECT DISTINCT c FROM sbtest6 WHERE id BETWEEN 1807333 AND 1807432 ORDER BY c
	Unique  (cost=383.60..384.09 rows=97 width=121)
	  ->  Sort  (cost=383.60..383.85 rows=97 width=121)
	        Sort Key: c
	        ->  Index Scan using sbtest6_pkey on sbtest6  (cost=0.43..380.40 rows=97 width=121)
	              Index Cond: ((id >= 1807333) AND (id <= 1807432))

table 7 : explain SELECT DISTINCT c FROM sbtest7 WHERE id BETWEEN 733941 AND 734040 ORDER BY c
	Unique  (cost=404.25..404.76 rows=102 width=121)
	  ->  Sort  (cost=404.25..404.51 rows=102 width=121)
	        Sort Key: c
	        ->  Index Scan using sbtest7_pkey on sbtest7  (cost=0.43..400.85 rows=102 width=121)
	              Index Cond: ((id >= 733941) AND (id <= 734040))

table 8 : explain SELECT DISTINCT c FROM sbtest8 WHERE id BETWEEN 6638120 AND 6638219 ORDER BY c
	Unique  (cost=427.20..427.74 rows=108 width=121)
	  ->  Sort  (cost=427.20..427.47 rows=108 width=121)
	        Sort Key: c
	        ->  Index Scan using sbtest8_pkey on sbtest8  (cost=0.43..423.55 rows=108 width=121)
	              Index Cond: ((id >= 6638120) AND (id <= 6638219))

for: distinct_ranges
table 1 : explain SELECT DISTINCT c FROM sbtest1 WHERE id BETWEEN 3283085 AND 3283184 ORDER BY c
	Unique  (cost=392.84..393.34 rows=99 width=121)
	  ->  Sort  (cost=392.84..393.09 rows=99 width=121)
	        Sort Key: c
	        ->  Index Scan using sbtest1_pkey on sbtest1  (cost=0.43..389.56 rows=99 width=121)
	              Index Cond: ((id >= 3283085) AND (id <= 3283184))

table 2 : explain SELECT DISTINCT c FROM sbtest2 WHERE id BETWEEN 2516784 AND 2516883 ORDER BY c
	Unique  (cost=372.26..372.73 rows=94 width=121)
	  ->  Sort  (cost=372.26..372.50 rows=94 width=121)
	        Sort Key: c
	        ->  Index Scan using sbtest2_pkey on sbtest2  (cost=0.43..369.18 rows=94 width=121)
	              Index Cond: ((id >= 2516784) AND (id <= 2516883))

table 3 : explain SELECT DISTINCT c FROM sbtest3 WHERE id BETWEEN 6677537 AND 6677636 ORDER BY c
	Unique  (cost=395.55..396.05 rows=100 width=121)
	  ->  Sort  (cost=395.55..395.80 rows=100 width=121)
	        Sort Key: c
	        ->  Index Scan using sbtest3_pkey on sbtest3  (cost=0.43..392.23 rows=100 width=121)
	              Index Cond: ((id >= 6677537) AND (id <= 6677636))

table 4 : explain SELECT DISTINCT c FROM sbtest4 WHERE id BETWEEN 5614330 AND 5614429 ORDER BY c
	Unique  (cost=383.97..384.46 rows=97 width=121)
	  ->  Sort  (cost=383.97..384.22 rows=97 width=121)
	        Sort Key: c
	        ->  Index Scan using sbtest4_pkey on sbtest4  (cost=0.43..380.77 rows=97 width=121)
	              Index Cond: ((id >= 5614330) AND (id <= 5614429))

table 5 : explain SELECT DISTINCT c FROM sbtest5 WHERE id BETWEEN 133721 AND 133820 ORDER BY c
	Unique  (cost=394.87..395.37 rows=100 width=121)
	  ->  Sort  (cost=394.87..395.12 rows=100 width=121)
	        Sort Key: c
	        ->  Index Scan using sbtest5_pkey on sbtest5  (cost=0.43..391.55 rows=100 width=121)
	              Index Cond: ((id >= 133721) AND (id <= 133820))

table 6 : explain SELECT DISTINCT c FROM sbtest6 WHERE id BETWEEN 7694920 AND 7695019 ORDER BY c
	Unique  (cost=399.30..399.80 rows=101 width=121)
	  ->  Sort  (cost=399.30..399.55 rows=101 width=121)
	        Sort Key: c
	        ->  Index Scan using sbtest6_pkey on sbtest6  (cost=0.43..395.93 rows=101 width=121)
	              Index Cond: ((id >= 7694920) AND (id <= 7695019))

table 7 : explain SELECT DISTINCT c FROM sbtest7 WHERE id BETWEEN 7741473 AND 7741572 ORDER BY c
	Unique  (cost=408.18..408.69 rows=103 width=121)
	  ->  Sort  (cost=408.18..408.44 rows=103 width=121)
	        Sort Key: c
	        ->  Index Scan using sbtest7_pkey on sbtest7  (cost=0.43..404.74 rows=103 width=121)
	              Index Cond: ((id >= 7741473) AND (id <= 7741572))

table 8 : explain SELECT DISTINCT c FROM sbtest8 WHERE id BETWEEN 1687491 AND 1687590 ORDER BY c
	Unique  (cost=387.98..388.47 rows=98 width=121)
	  ->  Sort  (cost=387.98..388.22 rows=98 width=121)
	        Sort Key: c
	        ->  Index Scan using sbtest8_pkey on sbtest8  (cost=0.43..384.73 rows=98 width=121)
	              Index Cond: ((id >= 1687491) AND (id <= 1687590))

for: order_ranges
table 1 : explain SELECT c FROM sbtest1 WHERE id BETWEEN 2716459 AND 2716558 ORDER BY c
	Sort  (cost=408.59..408.85 rows=103 width=121)
	  Sort Key: c
	  ->  Index Scan using sbtest1_pkey on sbtest1  (cost=0.43..405.14 rows=103 width=121)
	        Index Cond: ((id >= 2716459) AND (id <= 2716558))

table 2 : explain SELECT c FROM sbtest2 WHERE id BETWEEN 7626671 AND 7626770 ORDER BY c
	Sort  (cost=380.10..380.34 rows=96 width=121)
	  Sort Key: c
	  ->  Index Scan using sbtest2_pkey on sbtest2  (cost=0.43..376.94 rows=96 width=121)
	        Index Cond: ((id >= 7626671) AND (id <= 7626770))

table 3 : explain SELECT c FROM sbtest3 WHERE id BETWEEN 3008536 AND 3008635 ORDER BY c
	Sort  (cost=387.71..387.96 rows=98 width=121)
	  Sort Key: c
	  ->  Index Scan using sbtest3_pkey on sbtest3  (cost=0.43..384.47 rows=98 width=121)
	        Index Cond: ((id >= 3008536) AND (id <= 3008635))

table 4 : explain SELECT c FROM sbtest4 WHERE id BETWEEN 3628458 AND 3628557 ORDER BY c
	Sort  (cost=372.22..372.45 rows=94 width=121)
	  Sort Key: c
	  ->  Index Scan using sbtest4_pkey on sbtest4  (cost=0.43..369.14 rows=94 width=121)
	        Index Cond: ((id >= 3628458) AND (id <= 3628557))

table 5 : explain SELECT c FROM sbtest5 WHERE id BETWEEN 3089317 AND 3089416 ORDER BY c
	Sort  (cost=375.29..375.53 rows=95 width=121)
	  Sort Key: c
	  ->  Index Scan using sbtest5_pkey on sbtest5  (cost=0.43..372.17 rows=95 width=121)
	        Index Cond: ((id >= 3089317) AND (id <= 3089416))

table 6 : explain SELECT c FROM sbtest6 WHERE id BETWEEN 4085859 AND 4085958 ORDER BY c
	Sort  (cost=360.12..360.35 rows=91 width=121)
	  Sort Key: c
	  ->  Index Scan using sbtest6_pkey on sbtest6  (cost=0.43..357.16 rows=91 width=121)
	        Index Cond: ((id >= 4085859) AND (id <= 4085958))

table 7 : explain SELECT c FROM sbtest7 WHERE id BETWEEN 5973832 AND 5973931 ORDER BY c
	Sort  (cost=368.90..369.13 rows=93 width=121)
	  Sort Key: c
	  ->  Index Scan using sbtest7_pkey on sbtest7  (cost=0.43..365.86 rows=93 width=121)
	        Index Cond: ((id >= 5973832) AND (id <= 5973931))

table 8 : explain SELECT c FROM sbtest8 WHERE id BETWEEN 1197656 AND 1197755 ORDER BY c
	Sort  (cost=395.85..396.10 rows=100 width=121)
	  Sort Key: c
	  ->  Index Scan using sbtest8_pkey on sbtest8  (cost=0.43..392.53 rows=100 width=121)
	        Index Cond: ((id >= 1197656) AND (id <= 1197755))

for non_index_updates
table 1 : explain UPDATE sbtest1 SET c='foobar' WHERE id=4823116
	Update on sbtest1  (cost=0.43..8.45 rows=0 width=0)
	  ->  Index Scan using sbtest1_pkey on sbtest1  (cost=0.43..8.45 rows=1 width=490)
	        Index Cond: (id = 4823116)

table 2 : explain UPDATE sbtest2 SET c='foobar' WHERE id=2823329
	Update on sbtest2  (cost=0.43..8.45 rows=0 width=0)
	  ->  Index Scan using sbtest2_pkey on sbtest2  (cost=0.43..8.45 rows=1 width=490)
	        Index Cond: (id = 2823329)

table 3 : explain UPDATE sbtest3 SET c='foobar' WHERE id=1054201
	Update on sbtest3  (cost=0.43..8.45 rows=0 width=0)
	  ->  Index Scan using sbtest3_pkey on sbtest3  (cost=0.43..8.45 rows=1 width=490)
	        Index Cond: (id = 1054201)

table 4 : explain UPDATE sbtest4 SET c='foobar' WHERE id=2479710
	Update on sbtest4  (cost=0.43..8.45 rows=0 width=0)
	  ->  Index Scan using sbtest4_pkey on sbtest4  (cost=0.43..8.45 rows=1 width=490)
	        Index Cond: (id = 2479710)

table 5 : explain UPDATE sbtest5 SET c='foobar' WHERE id=4406733
	Update on sbtest5  (cost=0.43..8.45 rows=0 width=0)
	  ->  Index Scan using sbtest5_pkey on sbtest5  (cost=0.43..8.45 rows=1 width=490)
	        Index Cond: (id = 4406733)

table 6 : explain UPDATE sbtest6 SET c='foobar' WHERE id=2284260
	Update on sbtest6  (cost=0.43..8.45 rows=0 width=0)
	  ->  Index Scan using sbtest6_pkey on sbtest6  (cost=0.43..8.45 rows=1 width=490)
	        Index Cond: (id = 2284260)

table 7 : explain UPDATE sbtest7 SET c='foobar' WHERE id=3875710
	Update on sbtest7  (cost=0.43..8.45 rows=0 width=0)
	  ->  Index Scan using sbtest7_pkey on sbtest7  (cost=0.43..8.45 rows=1 width=490)
	        Index Cond: (id = 3875710)

table 8 : explain UPDATE sbtest8 SET c='foobar' WHERE id=4945108
	Update on sbtest8  (cost=0.43..8.45 rows=0 width=0)
	  ->  Index Scan using sbtest8_pkey on sbtest8  (cost=0.43..8.45 rows=1 width=490)
	        Index Cond: (id = 4945108)

for: sum_ranges
table 1 : explain SELECT SUM(k) FROM sbtest1 WHERE id BETWEEN 1914835 AND 1914934
	Aggregate  (cost=401.51..401.52 rows=1 width=8)
	  ->  Index Scan using sbtest1_pkey on sbtest1  (cost=0.43..401.26 rows=102 width=4)
	        Index Cond: ((id >= 1914835) AND (id <= 1914934))

table 2 : explain SELECT SUM(k) FROM sbtest2 WHERE id BETWEEN 6036008 AND 6036107
	Aggregate  (cost=423.78..423.79 rows=1 width=8)
	  ->  Index Scan using sbtest2_pkey on sbtest2  (cost=0.43..423.51 rows=108 width=4)
	        Index Cond: ((id >= 6036008) AND (id <= 6036107))

table 3 : explain SELECT SUM(k) FROM sbtest3 WHERE id BETWEEN 3156461 AND 3156560
	Aggregate  (cost=373.08..373.09 rows=1 width=8)
	  ->  Index Scan using sbtest3_pkey on sbtest3  (cost=0.43..372.85 rows=95 width=4)
	        Index Cond: ((id >= 3156461) AND (id <= 3156560))

table 4 : explain SELECT SUM(k) FROM sbtest4 WHERE id BETWEEN 8836764 AND 8836863
	Aggregate  (cost=365.49..365.50 rows=1 width=8)
	  ->  Index Scan using sbtest4_pkey on sbtest4  (cost=0.43..365.26 rows=93 width=4)
	        Index Cond: ((id >= 8836764) AND (id <= 8836863))

table 5 : explain SELECT SUM(k) FROM sbtest5 WHERE id BETWEEN 3806925 AND 3807024
	Aggregate  (cost=387.89..387.90 rows=1 width=8)
	  ->  Index Scan using sbtest5_pkey on sbtest5  (cost=0.43..387.64 rows=99 width=4)
	        Index Cond: ((id >= 3806925) AND (id <= 3807024))

table 6 : explain SELECT SUM(k) FROM sbtest6 WHERE id BETWEEN 6165871 AND 6165970
	Aggregate  (cost=361.26..361.27 rows=1 width=8)
	  ->  Index Scan using sbtest6_pkey on sbtest6  (cost=0.43..361.03 rows=92 width=4)
	        Index Cond: ((id >= 6165871) AND (id <= 6165970))

table 7 : explain SELECT SUM(k) FROM sbtest7 WHERE id BETWEEN 1554576 AND 1554675
	Aggregate  (cost=362.21..362.22 rows=1 width=8)
	  ->  Index Scan using sbtest7_pkey on sbtest7  (cost=0.43..361.98 rows=92 width=4)
	        Index Cond: ((id >= 1554576) AND (id <= 1554675))

table 8 : explain SELECT SUM(k) FROM sbtest8 WHERE id BETWEEN 3860881 AND 3860980
	Aggregate  (cost=431.59..431.60 rows=1 width=8)
	  ->  Index Scan using sbtest8_pkey on sbtest8  (cost=0.43..431.31 rows=110 width=4)
	        Index Cond: ((id >= 3860881) AND (id <= 3860980))

for inserts
table 1 : explain INSERT INTO sbtest1 (id, k, c, pad) VALUES (8592429, 13, 'foobar', 'foobar')
	Insert on sbtest1  (cost=0.00..0.01 rows=0 width=0)
	  ->  Result  (cost=0.00..0.01 rows=1 width=736)

table 2 : explain INSERT INTO sbtest2 (id, k, c, pad) VALUES (7103907, 13, 'foobar', 'foobar')
	Insert on sbtest2  (cost=0.00..0.01 rows=0 width=0)
	  ->  Result  (cost=0.00..0.01 rows=1 width=736)

table 3 : explain INSERT INTO sbtest3 (id, k, c, pad) VALUES (1344890, 13, 'foobar', 'foobar')
	Insert on sbtest3  (cost=0.00..0.01 rows=0 width=0)
	  ->  Result  (cost=0.00..0.01 rows=1 width=736)

table 4 : explain INSERT INTO sbtest4 (id, k, c, pad) VALUES (4445501, 13, 'foobar', 'foobar')
	Insert on sbtest4  (cost=0.00..0.01 rows=0 width=0)
	  ->  Result  (cost=0.00..0.01 rows=1 width=736)

table 5 : explain INSERT INTO sbtest5 (id, k, c, pad) VALUES (6119049, 13, 'foobar', 'foobar')
	Insert on sbtest5  (cost=0.00..0.01 rows=0 width=0)
	  ->  Result  (cost=0.00..0.01 rows=1 width=736)

table 6 : explain INSERT INTO sbtest6 (id, k, c, pad) VALUES (7481777, 13, 'foobar', 'foobar')
	Insert on sbtest6  (cost=0.00..0.01 rows=0 width=0)
	  ->  Result  (cost=0.00..0.01 rows=1 width=736)

table 7 : explain INSERT INTO sbtest7 (id, k, c, pad) VALUES (2111059, 13, 'foobar', 'foobar')
	Insert on sbtest7  (cost=0.00..0.01 rows=0 width=0)
	  ->  Result  (cost=0.00..0.01 rows=1 width=736)

table 8 : explain INSERT INTO sbtest8 (id, k, c, pad) VALUES (9605447, 13, 'foobar', 'foobar')
	Insert on sbtest8  (cost=0.00..0.01 rows=0 width=0)
	  ->  Result  (cost=0.00..0.01 rows=1 width=736)

for: sum_ranges
table 1 : explain SELECT SUM(k) FROM sbtest1 WHERE id BETWEEN 1176929 AND 1177028
	Aggregate  (cost=362.57..362.58 rows=1 width=8)
	  ->  Index Scan using sbtest1_pkey on sbtest1  (cost=0.43..362.34 rows=92 width=4)
	        Index Cond: ((id >= 1176929) AND (id <= 1177028))

table 2 : explain SELECT SUM(k) FROM sbtest2 WHERE id BETWEEN 1257211 AND 1257310
	Aggregate  (cost=400.50..400.51 rows=1 width=8)
	  ->  Index Scan using sbtest2_pkey on sbtest2  (cost=0.43..400.24 rows=102 width=4)
	        Index Cond: ((id >= 1257211) AND (id <= 1257310))

table 3 : explain SELECT SUM(k) FROM sbtest3 WHERE id BETWEEN 9632792 AND 9632891
	Aggregate  (cost=369.21..369.22 rows=1 width=8)
	  ->  Index Scan using sbtest3_pkey on sbtest3  (cost=0.43..368.97 rows=94 width=4)
	        Index Cond: ((id >= 9632792) AND (id <= 9632891))

table 4 : explain SELECT SUM(k) FROM sbtest4 WHERE id BETWEEN 6543257 AND 6543356
	Aggregate  (cost=346.09..346.10 rows=1 width=8)
	  ->  Index Scan using sbtest4_pkey on sbtest4  (cost=0.43..345.87 rows=88 width=4)
	        Index Cond: ((id >= 6543257) AND (id <= 6543356))

table 5 : explain SELECT SUM(k) FROM sbtest5 WHERE id BETWEEN 3834898 AND 3834997
	Aggregate  (cost=387.93..387.94 rows=1 width=8)
	  ->  Index Scan using sbtest5_pkey on sbtest5  (cost=0.43..387.68 rows=99 width=4)
	        Index Cond: ((id >= 3834898) AND (id <= 3834997))

table 6 : explain SELECT SUM(k) FROM sbtest6 WHERE id BETWEEN 5313444 AND 5313543
	Aggregate  (cost=431.07..431.08 rows=1 width=8)
	  ->  Index Scan using sbtest6_pkey on sbtest6  (cost=0.43..430.80 rows=110 width=4)
	        Index Cond: ((id >= 5313444) AND (id <= 5313543))

table 7 : explain SELECT SUM(k) FROM sbtest7 WHERE id BETWEEN 9061269 AND 9061368
	Aggregate  (cost=397.22..397.23 rows=1 width=8)
	  ->  Index Scan using sbtest7_pkey on sbtest7  (cost=0.43..396.97 rows=101 width=4)
	        Index Cond: ((id >= 9061269) AND (id <= 9061368))

table 8 : explain SELECT SUM(k) FROM sbtest8 WHERE id BETWEEN 992943 AND 993042
	Aggregate  (cost=365.57..365.58 rows=1 width=8)
	  ->  Index Scan using sbtest8_pkey on sbtest8  (cost=0.43..365.34 rows=93 width=4)
	        Index Cond: ((id >= 992943) AND (id <= 993042))

explain: for index_updates :: explain UPDATE sbtest%u SET k=k+1 WHERE id=%u
explain: for index_updates :: explain UPDATE sbtest%u SET k=k+1 WHERE id=%u
explain: for deletes :: explain DELETE FROM sbtest%u WHERE id=%u
for inserts
table 1 : explain INSERT INTO sbtest1 (id, k, c, pad) VALUES (5720059, 13, 'foobar', 'foobar')
	Insert on sbtest1  (cost=0.00..0.01 rows=0 width=0)
	  ->  Result  (cost=0.00..0.01 rows=1 width=736)

table 2 : explain INSERT INTO sbtest2 (id, k, c, pad) VALUES (3539136, 13, 'foobar', 'foobar')
	Insert on sbtest2  (cost=0.00..0.01 rows=0 width=0)
	  ->  Result  (cost=0.00..0.01 rows=1 width=736)

table 3 : explain INSERT INTO sbtest3 (id, k, c, pad) VALUES (6216424, 13, 'foobar', 'foobar')
	Insert on sbtest3  (cost=0.00..0.01 rows=0 width=0)
	  ->  Result  (cost=0.00..0.01 rows=1 width=736)

table 4 : explain INSERT INTO sbtest4 (id, k, c, pad) VALUES (1007176, 13, 'foobar', 'foobar')
	Insert on sbtest4  (cost=0.00..0.01 rows=0 width=0)
	  ->  Result  (cost=0.00..0.01 rows=1 width=736)

table 5 : explain INSERT INTO sbtest5 (id, k, c, pad) VALUES (2985066, 13, 'foobar', 'foobar')
	Insert on sbtest5  (cost=0.00..0.01 rows=0 width=0)
	  ->  Result  (cost=0.00..0.01 rows=1 width=736)

table 6 : explain INSERT INTO sbtest6 (id, k, c, pad) VALUES (6977611, 13, 'foobar', 'foobar')
	Insert on sbtest6  (cost=0.00..0.01 rows=0 width=0)
	  ->  Result  (cost=0.00..0.01 rows=1 width=736)

table 7 : explain INSERT INTO sbtest7 (id, k, c, pad) VALUES (4473582, 13, 'foobar', 'foobar')
	Insert on sbtest7  (cost=0.00..0.01 rows=0 width=0)
	  ->  Result  (cost=0.00..0.01 rows=1 width=736)

table 8 : explain INSERT INTO sbtest8 (id, k, c, pad) VALUES (2043211, 13, 'foobar', 'foobar')
	Insert on sbtest8  (cost=0.00..0.01 rows=0 width=0)
	  ->  Result  (cost=0.00..0.01 rows=1 width=736)

explain: for non_index_updates :: explain UPDATE sbtest%u SET c='foobar' WHERE id=%u
for: distinct_ranges
table 1 : explain SELECT DISTINCT c FROM sbtest1 WHERE id BETWEEN 428705 AND 428804 ORDER BY c
	Unique  (cost=396.77..397.27 rows=100 width=121)
	  ->  Sort  (cost=396.77..397.02 rows=100 width=121)
	        Sort Key: c
	        ->  Index Scan using sbtest1_pkey on sbtest1  (cost=0.43..393.45 rows=100 width=121)
	              Index Cond: ((id >= 428705) AND (id <= 428804))

table 2 : explain SELECT DISTINCT c FROM sbtest2 WHERE id BETWEEN 6695404 AND 6695503 ORDER BY c
	Unique  (cost=360.51..360.96 rows=91 width=121)
	  ->  Sort  (cost=360.51..360.74 rows=91 width=121)
	        Sort Key: c
	        ->  Index Scan using sbtest2_pkey on sbtest2  (cost=0.43..357.55 rows=91 width=121)
	              Index Cond: ((id >= 6695404) AND (id <= 6695503))

table 3 : explain SELECT DISTINCT c FROM sbtest3 WHERE id BETWEEN 2965459 AND 2965558 ORDER BY c
	Unique  (cost=387.71..388.20 rows=98 width=121)
	  ->  Sort  (cost=387.71..387.96 rows=98 width=121)
	        Sort Key: c
	        ->  Index Scan using sbtest3_pkey on sbtest3  (cost=0.43..384.47 rows=98 width=121)
	              Index Cond: ((id >= 2965459) AND (id <= 2965558))

table 4 : explain SELECT DISTINCT c FROM sbtest4 WHERE id BETWEEN 9163476 AND 9163575 ORDER BY c
	Unique  (cost=395.76..396.26 rows=100 width=121)
	  ->  Sort  (cost=395.76..396.01 rows=100 width=121)
	        Sort Key: c
	        ->  Index Scan using sbtest4_pkey on sbtest4  (cost=0.43..392.44 rows=100 width=121)
	              Index Cond: ((id >= 9163476) AND (id <= 9163575))

table 5 : explain SELECT DISTINCT c FROM sbtest5 WHERE id BETWEEN 3429533 AND 3429632 ORDER BY c
	Unique  (cost=394.87..395.37 rows=100 width=121)
	  ->  Sort  (cost=394.87..395.12 rows=100 width=121)
	        Sort Key: c
	        ->  Index Scan using sbtest5_pkey on sbtest5  (cost=0.43..391.55 rows=100 width=121)
	              Index Cond: ((id >= 3429533) AND (id <= 3429632))

table 6 : explain SELECT DISTINCT c FROM sbtest6 WHERE id BETWEEN 8188980 AND 8189079 ORDER BY c
	Unique  (cost=430.61..431.16 rows=109 width=121)
	  ->  Sort  (cost=430.61..430.88 rows=109 width=121)
	        Sort Key: c
	        ->  Index Scan using sbtest6_pkey on sbtest6  (cost=0.43..426.92 rows=109 width=121)
	              Index Cond: ((id >= 8188980) AND (id <= 8189079))

table 7 : explain SELECT DISTINCT c FROM sbtest7 WHERE id BETWEEN 5062904 AND 5063003 ORDER BY c
	Unique  (cost=400.33..400.83 rows=101 width=121)
	  ->  Sort  (cost=400.33..400.58 rows=101 width=121)
	        Sort Key: c
	        ->  Index Scan using sbtest7_pkey on sbtest7  (cost=0.43..396.97 rows=101 width=121)
	              Index Cond: ((id >= 5062904) AND (id <= 5063003))

table 8 : explain SELECT DISTINCT c FROM sbtest8 WHERE id BETWEEN 3251983 AND 3252082 ORDER BY c
	Unique  (cost=387.98..388.47 rows=98 width=121)
	  ->  Sort  (cost=387.98..388.22 rows=98 width=121)
	        Sort Key: c
	        ->  Index Scan using sbtest8_pkey on sbtest8  (cost=0.43..384.73 rows=98 width=121)
	              Index Cond: ((id >= 3251983) AND (id <= 3252082))

for non_index_updates
table 1 : explain UPDATE sbtest1 SET c='foobar' WHERE id=5552137
	Update on sbtest1  (cost=0.43..8.45 rows=0 width=0)
	  ->  Index Scan using sbtest1_pkey on sbtest1  (cost=0.43..8.45 rows=1 width=490)
	        Index Cond: (id = 5552137)

table 2 : explain UPDATE sbtest2 SET c='foobar' WHERE id=654655
	Update on sbtest2  (cost=0.43..8.45 rows=0 width=0)
	  ->  Index Scan using sbtest2_pkey on sbtest2  (cost=0.43..8.45 rows=1 width=490)
	        Index Cond: (id = 654655)

table 3 : explain UPDATE sbtest3 SET c='foobar' WHERE id=3495752
	Update on sbtest3  (cost=0.43..8.45 rows=0 width=0)
	  ->  Index Scan using sbtest3_pkey on sbtest3  (cost=0.43..8.45 rows=1 width=490)
	        Index Cond: (id = 3495752)

table 4 : explain UPDATE sbtest4 SET c='foobar' WHERE id=4119355
	Update on sbtest4  (cost=0.43..8.45 rows=0 width=0)
	  ->  Index Scan using sbtest4_pkey on sbtest4  (cost=0.43..8.45 rows=1 width=490)
	        Index Cond: (id = 4119355)

table 5 : explain UPDATE sbtest5 SET c='foobar' WHERE id=5859915
	Update on sbtest5  (cost=0.43..8.45 rows=0 width=0)
	  ->  Index Scan using sbtest5_pkey on sbtest5  (cost=0.43..8.45 rows=1 width=490)
	        Index Cond: (id = 5859915)

table 6 : explain UPDATE sbtest6 SET c='foobar' WHERE id=1421364
	Update on sbtest6  (cost=0.43..8.45 rows=0 width=0)
	  ->  Index Scan using sbtest6_pkey on sbtest6  (cost=0.43..8.45 rows=1 width=490)
	        Index Cond: (id = 1421364)

table 7 : explain UPDATE sbtest7 SET c='foobar' WHERE id=6327109
	Update on sbtest7  (cost=0.43..8.45 rows=0 width=0)
	  ->  Index Scan using sbtest7_pkey on sbtest7  (cost=0.43..8.45 rows=1 width=490)
	        Index Cond: (id = 6327109)

table 8 : explain UPDATE sbtest8 SET c='foobar' WHERE id=7492553
	Update on sbtest8  (cost=0.43..8.45 rows=0 width=0)
	  ->  Index Scan using sbtest8_pkey on sbtest8  (cost=0.43..8.45 rows=1 width=490)
	        Index Cond: (id = 7492553)

for: distinct_ranges
table 1 : explain SELECT DISTINCT c FROM sbtest1 WHERE id BETWEEN 9102261 AND 9102360 ORDER BY c
	Unique  (cost=400.70..401.20 rows=101 width=121)
	  ->  Sort  (cost=400.70..400.95 rows=101 width=121)
	        Sort Key: c
	        ->  Index Scan using sbtest1_pkey on sbtest1  (cost=0.43..397.34 rows=101 width=121)
	              Index Cond: ((id >= 9102261) AND (id <= 9102360))

table 2 : explain SELECT DISTINCT c FROM sbtest2 WHERE id BETWEEN 5126362 AND 5126461 ORDER BY c
	Unique  (cost=380.10..380.58 rows=96 width=121)
	  ->  Sort  (cost=380.10..380.34 rows=96 width=121)
	        Sort Key: c
	        ->  Index Scan using sbtest2_pkey on sbtest2  (cost=0.43..376.94 rows=96 width=121)
	              Index Cond: ((id >= 5126362) AND (id <= 5126461))

table 3 : explain SELECT DISTINCT c FROM sbtest3 WHERE id BETWEEN 2086612 AND 2086711 ORDER BY c
	Unique  (cost=364.22..364.68 rows=92 width=121)
	  ->  Sort  (cost=364.22..364.45 rows=92 width=121)
	        Sort Key: c
	        ->  Index Scan using sbtest3_pkey on sbtest3  (cost=0.43..361.22 rows=92 width=121)
	              Index Cond: ((id >= 2086612) AND (id <= 2086711))

table 4 : explain SELECT DISTINCT c FROM sbtest4 WHERE id BETWEEN 3906513 AND 3906612 ORDER BY c
	Unique  (cost=403.60..404.11 rows=102 width=121)
	  ->  Sort  (cost=403.60..403.85 rows=102 width=121)
	        Sort Key: c
	        ->  Index Scan using sbtest4_pkey on sbtest4  (cost=0.43..400.20 rows=102 width=121)
	              Index Cond: ((id >= 3906513) AND (id <= 3906612))

table 5 : explain SELECT DISTINCT c FROM sbtest5 WHERE id BETWEEN 6016159 AND 6016258 ORDER BY c
	Unique  (cost=394.87..395.37 rows=100 width=121)
	  ->  Sort  (cost=394.87..395.12 rows=100 width=121)
	        Sort Key: c
	        ->  Index Scan using sbtest5_pkey on sbtest5  (cost=0.43..391.55 rows=100 width=121)
	              Index Cond: ((id >= 6016159) AND (id <= 6016258))

table 6 : explain SELECT DISTINCT c FROM sbtest6 WHERE id BETWEEN 1210384 AND 1210483 ORDER BY c
	Unique  (cost=367.95..368.41 rows=93 width=121)
	  ->  Sort  (cost=367.95..368.18 rows=93 width=121)
	        Sort Key: c
	        ->  Index Scan using sbtest6_pkey on sbtest6  (cost=0.43..364.91 rows=93 width=121)
	              Index Cond: ((id >= 1210384) AND (id <= 1210483))

table 7 : explain SELECT DISTINCT c FROM sbtest7 WHERE id BETWEEN 2440342 AND 2440441 ORDER BY c
	Unique  (cost=376.75..377.22 rows=95 width=121)
	  ->  Sort  (cost=376.75..376.99 rows=95 width=121)
	        Sort Key: c
	        ->  Index Scan using sbtest7_pkey on sbtest7  (cost=0.43..373.63 rows=95 width=121)
	              Index Cond: ((id >= 2440342) AND (id <= 2440441))

table 8 : explain SELECT DISTINCT c FROM sbtest8 WHERE id BETWEEN 5319722 AND 5319821 ORDER BY c
	Unique  (cost=403.69..404.20 rows=102 width=121)
	  ->  Sort  (cost=403.69..403.94 rows=102 width=121)
	        Sort Key: c
	        ->  Index Scan using sbtest8_pkey on sbtest8  (cost=0.43..400.28 rows=102 width=121)
	              Index Cond: ((id >= 5319722) AND (id <= 5319821))

for: distinct_ranges
table 1 : explain SELECT DISTINCT c FROM sbtest1 WHERE id BETWEEN 5241836 AND 5241935 ORDER BY c
	Unique  (cost=404.63..405.14 rows=102 width=121)
	  ->  Sort  (cost=404.63..404.88 rows=102 width=121)
	        Sort Key: c
	        ->  Index Scan using sbtest1_pkey on sbtest1  (cost=0.43..401.22 rows=102 width=121)
	              Index Cond: ((id >= 5241836) AND (id <= 5241935))

table 2 : explain SELECT DISTINCT c FROM sbtest2 WHERE id BETWEEN 5710764 AND 5710863 ORDER BY c
	Unique  (cost=399.73..400.23 rows=101 width=121)
	  ->  Sort  (cost=399.73..399.98 rows=101 width=121)
	        Sort Key: c
	        ->  Index Scan using sbtest2_pkey on sbtest2  (cost=0.43..396.36 rows=101 width=121)
	              Index Cond: ((id >= 5710764) AND (id <= 5710863))

table 3 : explain SELECT DISTINCT c FROM sbtest3 WHERE id BETWEEN 4235632 AND 4235731 ORDER BY c
	Unique  (cost=387.71..388.20 rows=98 width=121)
	  ->  Sort  (cost=387.71..387.96 rows=98 width=121)
	        Sort Key: c
	        ->  Index Scan using sbtest3_pkey on sbtest3  (cost=0.43..384.47 rows=98 width=121)
	              Index Cond: ((id >= 4235632) AND (id <= 4235731))

table 4 : explain SELECT DISTINCT c FROM sbtest4 WHERE id BETWEEN 7384459 AND 7384558 ORDER BY c
	Unique  (cost=407.52..408.03 rows=103 width=121)
	  ->  Sort  (cost=407.52..407.77 rows=103 width=121)
	        Sort Key: c
	        ->  Index Scan using sbtest4_pkey on sbtest4  (cost=0.43..404.07 rows=103 width=121)
	              Index Cond: ((id >= 7384459) AND (id <= 7384558))

table 5 : explain SELECT DISTINCT c FROM sbtest5 WHERE id BETWEEN 2533017 AND 2533116 ORDER BY c
	Unique  (cost=383.11..383.59 rows=97 width=121)
	  ->  Sort  (cost=383.11..383.35 rows=97 width=121)
	        Sort Key: c
	        ->  Index Scan using sbtest5_pkey on sbtest5  (cost=0.43..379.91 rows=97 width=121)
	              Index Cond: ((id >= 2533017) AND (id <= 2533116))

table 6 : explain SELECT DISTINCT c FROM sbtest6 WHERE id BETWEEN 6088361 AND 6088460 ORDER BY c
	Unique  (cost=391.47..391.96 rows=99 width=121)
	  ->  Sort  (cost=391.47..391.71 rows=99 width=121)
	        Sort Key: c
	        ->  Index Scan using sbtest6_pkey on sbtest6  (cost=0.43..388.19 rows=99 width=121)
	              Index Cond: ((id >= 6088361) AND (id <= 6088460))

table 7 : explain SELECT DISTINCT c FROM sbtest7 WHERE id BETWEEN 4966373 AND 4966472 ORDER BY c
	Unique  (cost=396.41..396.91 rows=100 width=121)
	  ->  Sort  (cost=396.41..396.66 rows=100 width=121)
	        Sort Key: c
	        ->  Index Scan using sbtest7_pkey on sbtest7  (cost=0.43..393.08 rows=100 width=121)
	              Index Cond: ((id >= 4966373) AND (id <= 4966472))

table 8 : explain SELECT DISTINCT c FROM sbtest8 WHERE id BETWEEN 7239365 AND 7239464 ORDER BY c
	Unique  (cost=423.28..423.82 rows=107 width=121)
	  ->  Sort  (cost=423.28..423.55 rows=107 width=121)
	        Sort Key: c
	        ->  Index Scan using sbtest8_pkey on sbtest8  (cost=0.43..419.68 rows=107 width=121)
	              Index Cond: ((id >= 7239365) AND (id <= 7239464))

for index_updates
table 1 : explain UPDATE sbtest1 SET k=k+1 WHERE id=9905179
	Update on sbtest1  (cost=0.43..8.46 rows=0 width=0)
	  ->  Index Scan using sbtest1_pkey on sbtest1  (cost=0.43..8.46 rows=1 width=10)
	        Index Cond: (id = 9905179)

table 2 : explain UPDATE sbtest2 SET k=k+1 WHERE id=3333397
	Update on sbtest2  (cost=0.43..8.46 rows=0 width=0)
	  ->  Index Scan using sbtest2_pkey on sbtest2  (cost=0.43..8.46 rows=1 width=10)
	        Index Cond: (id = 3333397)

table 3 : explain UPDATE sbtest3 SET k=k+1 WHERE id=919682
	Update on sbtest3  (cost=0.43..8.46 rows=0 width=0)
	  ->  Index Scan using sbtest3_pkey on sbtest3  (cost=0.43..8.46 rows=1 width=10)
	        Index Cond: (id = 919682)

table 4 : explain UPDATE sbtest4 SET k=k+1 WHERE id=7008546
	Update on sbtest4  (cost=0.43..8.46 rows=0 width=0)
	  ->  Index Scan using sbtest4_pkey on sbtest4  (cost=0.43..8.46 rows=1 width=10)
	        Index Cond: (id = 7008546)

table 5 : explain UPDATE sbtest5 SET k=k+1 WHERE id=7627100
	Update on sbtest5  (cost=0.43..8.46 rows=0 width=0)
	  ->  Index Scan using sbtest5_pkey on sbtest5  (cost=0.43..8.46 rows=1 width=10)
	        Index Cond: (id = 7627100)

table 6 : explain UPDATE sbtest6 SET k=k+1 WHERE id=8780986
	Update on sbtest6  (cost=0.43..8.46 rows=0 width=0)
	  ->  Index Scan using sbtest6_pkey on sbtest6  (cost=0.43..8.46 rows=1 width=10)
	        Index Cond: (id = 8780986)

table 7 : explain UPDATE sbtest7 SET k=k+1 WHERE id=6697447
	Update on sbtest7  (cost=0.43..8.46 rows=0 width=0)
	  ->  Index Scan using sbtest7_pkey on sbtest7  (cost=0.43..8.46 rows=1 width=10)
	        Index Cond: (id = 6697447)

table 8 : explain UPDATE sbtest8 SET k=k+1 WHERE id=9684257
	Update on sbtest8  (cost=0.43..8.46 rows=0 width=0)
	  ->  Index Scan using sbtest8_pkey on sbtest8  (cost=0.43..8.46 rows=1 width=10)
	        Index Cond: (id = 9684257)

for index_updates
table 1 : explain UPDATE sbtest1 SET k=k+1 WHERE id=3092841
	Update on sbtest1  (cost=0.43..8.46 rows=0 width=0)
	  ->  Index Scan using sbtest1_pkey on sbtest1  (cost=0.43..8.46 rows=1 width=10)
	        Index Cond: (id = 3092841)

table 2 : explain UPDATE sbtest2 SET k=k+1 WHERE id=5756343
	Update on sbtest2  (cost=0.43..8.46 rows=0 width=0)
	  ->  Index Scan using sbtest2_pkey on sbtest2  (cost=0.43..8.46 rows=1 width=10)
	        Index Cond: (id = 5756343)

table 3 : explain UPDATE sbtest3 SET k=k+1 WHERE id=3879602
	Update on sbtest3  (cost=0.43..8.46 rows=0 width=0)
	  ->  Index Scan using sbtest3_pkey on sbtest3  (cost=0.43..8.46 rows=1 width=10)
	        Index Cond: (id = 3879602)

table 4 : explain UPDATE sbtest4 SET k=k+1 WHERE id=9042634
	Update on sbtest4  (cost=0.43..8.46 rows=0 width=0)
	  ->  Index Scan using sbtest4_pkey on sbtest4  (cost=0.43..8.46 rows=1 width=10)
	        Index Cond: (id = 9042634)

table 5 : explain UPDATE sbtest5 SET k=k+1 WHERE id=4128308
	Update on sbtest5  (cost=0.43..8.46 rows=0 width=0)
	  ->  Index Scan using sbtest5_pkey on sbtest5  (cost=0.43..8.46 rows=1 width=10)
	        Index Cond: (id = 4128308)

table 6 : explain UPDATE sbtest6 SET k=k+1 WHERE id=4550501
	Update on sbtest6  (cost=0.43..8.46 rows=0 width=0)
	  ->  Index Scan using sbtest6_pkey on sbtest6  (cost=0.43..8.46 rows=1 width=10)
	        Index Cond: (id = 4550501)

table 7 : explain UPDATE sbtest7 SET k=k+1 WHERE id=3726842
	Update on sbtest7  (cost=0.43..8.46 rows=0 width=0)
	  ->  Index Scan using sbtest7_pkey on sbtest7  (cost=0.43..8.46 rows=1 width=10)
	        Index Cond: (id = 3726842)

table 8 : explain UPDATE sbtest8 SET k=k+1 WHERE id=8524091
	Update on sbtest8  (cost=0.43..8.46 rows=0 width=0)
	  ->  Index Scan using sbtest8_pkey on sbtest8  (cost=0.43..8.46 rows=1 width=10)
	        Index Cond: (id = 8524091)

explain: for deletes :: explain DELETE FROM sbtest%u WHERE id=%u
explain: for deletes :: explain DELETE FROM sbtest%u WHERE id=%u
explain: for index_updates :: explain UPDATE sbtest%u SET k=k+1 WHERE id=%u
for: sum_ranges
table 1 : explain SELECT SUM(k) FROM sbtest1 WHERE id BETWEEN 3089020 AND 3089119
	Aggregate  (cost=413.18..413.19 rows=1 width=8)
	  ->  Index Scan using sbtest1_pkey on sbtest1  (cost=0.43..412.92 rows=105 width=4)
	        Index Cond: ((id >= 3089020) AND (id <= 3089119))

table 2 : explain SELECT SUM(k) FROM sbtest2 WHERE id BETWEEN 7168825 AND 7168924
	Aggregate  (cost=447.06..447.07 rows=1 width=8)
	  ->  Index Scan using sbtest2_pkey on sbtest2  (cost=0.43..446.78 rows=114 width=4)
	        Index Cond: ((id >= 7168825) AND (id <= 7168924))

table 3 : explain SELECT SUM(k) FROM sbtest3 WHERE id BETWEEN 4584567 AND 4584666
	Aggregate  (cost=384.72..384.73 rows=1 width=8)
	  ->  Index Scan using sbtest3_pkey on sbtest3  (cost=0.43..384.47 rows=98 width=4)
	        Index Cond: ((id >= 4584567) AND (id <= 4584666))

table 4 : explain SELECT SUM(k) FROM sbtest4 WHERE id BETWEEN 9670100 AND 9670199
	Aggregate  (cost=419.85..419.86 rows=1 width=8)
	  ->  Index Scan using sbtest4_pkey on sbtest4  (cost=0.43..419.58 rows=107 width=4)
	        Index Cond: ((id >= 9670100) AND (id <= 9670199))

table 5 : explain SELECT SUM(k) FROM sbtest5 WHERE id BETWEEN 7332202 AND 7332301
	Aggregate  (cost=391.80..391.81 rows=1 width=8)
	  ->  Index Scan using sbtest5_pkey on sbtest5  (cost=0.43..391.55 rows=100 width=4)
	        Index Cond: ((id >= 7332202) AND (id <= 7332301))

table 6 : explain SELECT SUM(k) FROM sbtest6 WHERE id BETWEEN 4481482 AND 4481581
	Aggregate  (cost=372.89..372.90 rows=1 width=8)
	  ->  Index Scan using sbtest6_pkey on sbtest6  (cost=0.43..372.65 rows=95 width=4)
	        Index Cond: ((id >= 4481482) AND (id <= 4481581))

table 7 : explain SELECT SUM(k) FROM sbtest7 WHERE id BETWEEN 515586 AND 515685
	Aggregate  (cost=389.45..389.46 rows=1 width=8)
	  ->  Index Scan using sbtest7_pkey on sbtest7  (cost=0.43..389.20 rows=99 width=4)
	        Index Cond: ((id >= 515586) AND (id <= 515685))

table 8 : explain SELECT SUM(k) FROM sbtest8 WHERE id BETWEEN 8077711 AND 8077810
	Aggregate  (cost=416.06..416.07 rows=1 width=8)
	  ->  Index Scan using sbtest8_pkey on sbtest8  (cost=0.43..415.80 rows=106 width=4)
	        Index Cond: ((id >= 8077711) AND (id <= 8077810))

for non_index_updates
table 1 : explain UPDATE sbtest1 SET c='foobar' WHERE id=5044767
	Update on sbtest1  (cost=0.43..8.45 rows=0 width=0)
	  ->  Index Scan using sbtest1_pkey on sbtest1  (cost=0.43..8.45 rows=1 width=490)
	        Index Cond: (id = 5044767)

table 2 : explain UPDATE sbtest2 SET c='foobar' WHERE id=5458205
	Update on sbtest2  (cost=0.43..8.45 rows=0 width=0)
	  ->  Index Scan using sbtest2_pkey on sbtest2  (cost=0.43..8.45 rows=1 width=490)
	        Index Cond: (id = 5458205)

table 3 : explain UPDATE sbtest3 SET c='foobar' WHERE id=5328719
	Update on sbtest3  (cost=0.43..8.45 rows=0 width=0)
	  ->  Index Scan using sbtest3_pkey on sbtest3  (cost=0.43..8.45 rows=1 width=490)
	        Index Cond: (id = 5328719)

table 4 : explain UPDATE sbtest4 SET c='foobar' WHERE id=3807377
	Update on sbtest4  (cost=0.43..8.45 rows=0 width=0)
	  ->  Index Scan using sbtest4_pkey on sbtest4  (cost=0.43..8.45 rows=1 width=490)
	        Index Cond: (id = 3807377)

table 5 : explain UPDATE sbtest5 SET c='foobar' WHERE id=8289209
	Update on sbtest5  (cost=0.43..8.45 rows=0 width=0)
	  ->  Index Scan using sbtest5_pkey on sbtest5  (cost=0.43..8.45 rows=1 width=490)
	        Index Cond: (id = 8289209)

table 6 : explain UPDATE sbtest6 SET c='foobar' WHERE id=1015095
	Update on sbtest6  (cost=0.43..8.45 rows=0 width=0)
	  ->  Index Scan using sbtest6_pkey on sbtest6  (cost=0.43..8.45 rows=1 width=490)
	        Index Cond: (id = 1015095)

table 7 : explain UPDATE sbtest7 SET c='foobar' WHERE id=2828639
	Update on sbtest7  (cost=0.43..8.45 rows=0 width=0)
	  ->  Index Scan using sbtest7_pkey on sbtest7  (cost=0.43..8.45 rows=1 width=490)
	        Index Cond: (id = 2828639)

table 8 : explain UPDATE sbtest8 SET c='foobar' WHERE id=1594735
	Update on sbtest8  (cost=0.43..8.45 rows=0 width=0)
	  ->  Index Scan using sbtest8_pkey on sbtest8  (cost=0.43..8.45 rows=1 width=490)
	        Index Cond: (id = 1594735)

for: order_ranges
table 1 : explain SELECT c FROM sbtest1 WHERE id BETWEEN 3252950 AND 3253049 ORDER BY c
	Sort  (cost=396.77..397.02 rows=100 width=121)
	  Sort Key: c
	  ->  Index Scan using sbtest1_pkey on sbtest1  (cost=0.43..393.45 rows=100 width=121)
	        Index Cond: ((id >= 3252950) AND (id <= 3253049))

table 2 : explain SELECT c FROM sbtest2 WHERE id BETWEEN 5335497 AND 5335596 ORDER BY c
	Sort  (cost=384.02..384.26 rows=97 width=121)
	  Sort Key: c
	  ->  Index Scan using sbtest2_pkey on sbtest2  (cost=0.43..380.82 rows=97 width=121)
	        Index Cond: ((id >= 5335497) AND (id <= 5335596))

table 3 : explain SELECT c FROM sbtest3 WHERE id BETWEEN 9551163 AND 9551262 ORDER BY c
	Sort  (cost=383.80..384.04 rows=97 width=121)
	  Sort Key: c
	  ->  Index Scan using sbtest3_pkey on sbtest3  (cost=0.43..380.60 rows=97 width=121)
	        Index Cond: ((id >= 9551163) AND (id <= 9551262))

table 4 : explain SELECT c FROM sbtest4 WHERE id BETWEEN 4029964 AND 4030063 ORDER BY c
	Sort  (cost=376.14..376.38 rows=95 width=121)
	  Sort Key: c
	  ->  Index Scan using sbtest4_pkey on sbtest4  (cost=0.43..373.02 rows=95 width=121)
	        Index Cond: ((id >= 4029964) AND (id <= 4030063))

table 5 : explain SELECT c FROM sbtest5 WHERE id BETWEEN 8332565 AND 8332664 ORDER BY c
	Sort  (cost=422.24..422.50 rows=107 width=121)
	  Sort Key: c
	  ->  Index Scan using sbtest5_pkey on sbtest5  (cost=0.43..418.63 rows=107 width=121)
	        Index Cond: ((id >= 8332565) AND (id <= 8332664))

table 6 : explain SELECT c FROM sbtest6 WHERE id BETWEEN 8449117 AND 8449216 ORDER BY c
	Sort  (cost=407.12..407.38 rows=103 width=121)
	  Sort Key: c
	  ->  Index Scan using sbtest6_pkey on sbtest6  (cost=0.43..403.68 rows=103 width=121)
	        Index Cond: ((id >= 8449117) AND (id <= 8449216))

table 7 : explain SELECT c FROM sbtest7 WHERE id BETWEEN 675579 AND 675678 ORDER BY c
	Sort  (cost=376.75..376.99 rows=95 width=121)
	  Sort Key: c
	  ->  Index Scan using sbtest7_pkey on sbtest7  (cost=0.43..373.63 rows=95 width=121)
	        Index Cond: ((id >= 675579) AND (id <= 675678))

table 8 : explain SELECT c FROM sbtest8 WHERE id BETWEEN 6605183 AND 6605282 ORDER BY c
	Sort  (cost=427.20..427.47 rows=108 width=121)
	  Sort Key: c
	  ->  Index Scan using sbtest8_pkey on sbtest8  (cost=0.43..423.55 rows=108 width=121)
	        Index Cond: ((id >= 6605183) AND (id <= 6605282))
for: simple_ranges
table 1 : explain SELECT c FROM sbtest1 WHERE id BETWEEN 631866 AND 631965
	Index Scan using sbtest1_pkey on sbtest1  (cost=0.43..409.03 rows=104 width=121)
	  Index Cond: ((id >= 631866) AND (id <= 631965))

table 2 : explain SELECT c FROM sbtest2 WHERE id BETWEEN 3085403 AND 3085502
	Index Scan using sbtest2_pkey on sbtest2  (cost=0.43..396.33 rows=101 width=121)
	  Index Cond: ((id >= 3085403) AND (id <= 3085502))

table 3 : explain SELECT c FROM sbtest3 WHERE id BETWEEN 8774094 AND 8774193
	Index Scan using sbtest3_pkey on sbtest3  (cost=0.43..427.14 rows=109 width=121)
	  Index Cond: ((id >= 8774094) AND (id <= 8774193))

table 4 : explain SELECT c FROM sbtest4 WHERE id BETWEEN 2410489 AND 2410588
	Index Scan using sbtest4_pkey on sbtest4  (cost=0.43..431.22 rows=110 width=121)
	  Index Cond: ((id >= 2410489) AND (id <= 2410588))

table 5 : explain SELECT c FROM sbtest5 WHERE id BETWEEN 2840587 AND 2840686
	Index Scan using sbtest5_pkey on sbtest5  (cost=0.43..391.55 rows=100 width=121)
	  Index Cond: ((id >= 2840587) AND (id <= 2840686))

table 6 : explain SELECT c FROM sbtest6 WHERE id BETWEEN 7233742 AND 7233841
	Index Scan using sbtest6_pkey on sbtest6  (cost=0.43..361.03 rows=92 width=121)
	  Index Cond: ((id >= 7233742) AND (id <= 7233841))

table 7 : explain SELECT c FROM sbtest7 WHERE id BETWEEN 4055414 AND 4055513
	Index Scan using sbtest7_pkey on sbtest7  (cost=0.43..373.63 rows=95 width=121)
	  Index Cond: ((id >= 4055414) AND (id <= 4055513))

table 8 : explain SELECT c FROM sbtest8 WHERE id BETWEEN 3934935 AND 3935034
	Index Scan using sbtest8_pkey on sbtest8  (cost=0.43..431.31 rows=110 width=121)
	  Index Cond: ((id >= 3934935) AND (id <= 3935034))


for: distinct_ranges
table 1 : explain SELECT DISTINCT c FROM sbtest1 WHERE id BETWEEN 9156882 AND 9156981 ORDER BY c
	Unique  (cost=400.70..401.20 rows=101 width=121)
	  ->  Sort  (cost=400.70..400.95 rows=101 width=121)
	        Sort Key: c
	        ->  Index Scan using sbtest1_pkey on sbtest1  (cost=0.43..397.34 rows=101 width=121)
	              Index Cond: ((id >= 9156882) AND (id <= 9156981))

table 2 : explain SELECT DISTINCT c FROM sbtest2 WHERE id BETWEEN 1548267 AND 1548366 ORDER BY c
	Unique  (cost=380.10..380.58 rows=96 width=121)
	  ->  Sort  (cost=380.10..380.34 rows=96 width=121)
	        Sort Key: c
	        ->  Index Scan using sbtest2_pkey on sbtest2  (cost=0.43..376.94 rows=96 width=121)
	              Index Cond: ((id >= 1548267) AND (id <= 1548366))

table 3 : explain SELECT DISTINCT c FROM sbtest3 WHERE id BETWEEN 9957470 AND 9957569 ORDER BY c
	Unique  (cost=356.39..356.84 rows=90 width=121)
	  ->  Sort  (cost=356.39..356.61 rows=90 width=121)
	        Sort Key: c
	        ->  Index Scan using sbtest3_pkey on sbtest3  (cost=0.43..353.47 rows=90 width=121)
	              Index Cond: ((id >= 9957470) AND (id <= 9957569))

table 4 : explain SELECT DISTINCT c FROM sbtest4 WHERE id BETWEEN 4424175 AND 4424274 ORDER BY c
	Unique  (cost=383.97..384.46 rows=97 width=121)
	  ->  Sort  (cost=383.97..384.22 rows=97 width=121)
	        Sort Key: c
	        ->  Index Scan using sbtest4_pkey on sbtest4  (cost=0.43..380.77 rows=97 width=121)
	              Index Cond: ((id >= 4424175) AND (id <= 4424274))

table 5 : explain SELECT DISTINCT c FROM sbtest5 WHERE id BETWEEN 690749 AND 690848 ORDER BY c
	Unique  (cost=414.42..414.94 rows=105 width=121)
	  ->  Sort  (cost=414.42..414.68 rows=105 width=121)
	        Sort Key: c
	        ->  Index Scan using sbtest5_pkey on sbtest5  (cost=0.43..410.89 rows=105 width=121)
	              Index Cond: ((id >= 690749) AND (id <= 690848))

table 6 : explain SELECT DISTINCT c FROM sbtest6 WHERE id BETWEEN 6993754 AND 6993853 ORDER BY c
	Unique  (cost=367.95..368.41 rows=93 width=121)
	  ->  Sort  (cost=367.95..368.18 rows=93 width=121)
	        Sort Key: c
	        ->  Index Scan using sbtest6_pkey on sbtest6  (cost=0.43..364.91 rows=93 width=121)
	              Index Cond: ((id >= 6993754) AND (id <= 6993853))

table 7 : explain SELECT DISTINCT c FROM sbtest7 WHERE id BETWEEN 2461277 AND 2461376 ORDER BY c
	Unique  (cost=376.75..377.22 rows=95 width=121)
	  ->  Sort  (cost=376.75..376.99 rows=95 width=121)
	        Sort Key: c
	        ->  Index Scan using sbtest7_pkey on sbtest7  (cost=0.43..373.63 rows=95 width=121)
	              Index Cond: ((id >= 2461277) AND (id <= 2461376))

table 8 : explain SELECT DISTINCT c FROM sbtest8 WHERE id BETWEEN 4889860 AND 4889959 ORDER BY c
	Unique  (cost=368.38..368.85 rows=93 width=121)
	  ->  Sort  (cost=368.38..368.62 rows=93 width=121)
	        Sort Key: c
	        ->  Index Scan using sbtest8_pkey on sbtest8  (cost=0.43..365.34 rows=93 width=121)
	              Index Cond: ((id >= 4889860) AND (id <= 4889959))

explain: for non_index_updates :: explain UPDATE sbtest%u SET c='foobar' WHERE id=%u
explain: for non_index_updates :: explain UPDATE sbtest%u SET c='foobar' WHERE id=%u
for: order_ranges
table 1 : explain SELECT c FROM sbtest1 WHERE id BETWEEN 8793321 AND 8793420 ORDER BY c
	Sort  (cost=373.20..373.43 rows=94 width=121)
	  Sort Key: c
	  ->  Index Scan using sbtest1_pkey on sbtest1  (cost=0.43..370.12 rows=94 width=121)
	        Index Cond: ((id >= 8793321) AND (id <= 8793420))

table 2 : explain SELECT c FROM sbtest2 WHERE id BETWEEN 9096439 AND 9096538 ORDER BY c
	Sort  (cost=411.48..411.74 rows=104 width=121)
	  Sort Key: c
	  ->  Index Scan using sbtest2_pkey on sbtest2  (cost=0.43..408.00 rows=104 width=121)
	        Index Cond: ((id >= 9096439) AND (id <= 9096538))

table 3 : explain SELECT c FROM sbtest3 WHERE id BETWEEN 6900447 AND 6900546 ORDER BY c
	Sort  (cost=411.25..411.51 rows=104 width=121)
	  Sort Key: c
	  ->  Index Scan using sbtest3_pkey on sbtest3  (cost=0.43..407.76 rows=104 width=121)
	        Index Cond: ((id >= 6900447) AND (id <= 6900546))

table 4 : explain SELECT c FROM sbtest4 WHERE id BETWEEN 9119464 AND 9119563 ORDER BY c
	Sort  (cost=395.76..396.01 rows=100 width=121)
	  Sort Key: c
	  ->  Index Scan using sbtest4_pkey on sbtest4  (cost=0.43..392.44 rows=100 width=121)
	        Index Cond: ((id >= 9119464) AND (id <= 9119563))

table 5 : explain SELECT c FROM sbtest5 WHERE id BETWEEN 1442503 AND 1442602 ORDER BY c
	Sort  (cost=402.69..402.95 rows=102 width=121)
	  Sort Key: c
	  ->  Index Scan using sbtest5_pkey on sbtest5  (cost=0.43..399.29 rows=102 width=121)
	        Index Cond: ((id >= 1442503) AND (id <= 1442602))

table 6 : explain SELECT c FROM sbtest6 WHERE id BETWEEN 8201775 AND 8201874 ORDER BY c
	Sort  (cost=430.61..430.88 rows=109 width=121)
	  Sort Key: c
	  ->  Index Scan using sbtest6_pkey on sbtest6  (cost=0.43..426.92 rows=109 width=121)
	        Index Cond: ((id >= 8201775) AND (id <= 8201874))

table 7 : explain SELECT c FROM sbtest7 WHERE id BETWEEN 6797698 AND 6797797 ORDER BY c
	Sort  (cost=400.33..400.58 rows=101 width=121)
	  Sort Key: c
	  ->  Index Scan using sbtest7_pkey on sbtest7  (cost=0.43..396.97 rows=101 width=121)
	        Index Cond: ((id >= 6797698) AND (id <= 6797797))

table 8 : explain SELECT c FROM sbtest8 WHERE id BETWEEN 6206154 AND 6206253 ORDER BY c
	Sort  (cost=387.98..388.22 rows=98 width=121)
	  Sort Key: c
	  ->  Index Scan using sbtest8_pkey on sbtest8  (cost=0.43..384.73 rows=98 width=121)
	        Index Cond: ((id >= 6206154) AND (id <= 6206253))

explain: for deletes :: explain DELETE FROM sbtest%u WHERE id=%u
for deletes
table 1 : explain DELETE FROM sbtest1 WHERE id=8731780
	Delete on sbtest1  (cost=0.43..8.45 rows=0 width=0)
	  ->  Index Scan using sbtest1_pkey on sbtest1  (cost=0.43..8.45 rows=1 width=6)
	        Index Cond: (id = 8731780)

table 2 : explain DELETE FROM sbtest2 WHERE id=9787406
	Delete on sbtest2  (cost=0.43..8.45 rows=0 width=0)
	  ->  Index Scan using sbtest2_pkey on sbtest2  (cost=0.43..8.45 rows=1 width=6)
	        Index Cond: (id = 9787406)

table 3 : explain DELETE FROM sbtest3 WHERE id=8783078
	Delete on sbtest3  (cost=0.43..8.45 rows=0 width=0)
	  ->  Index Scan using sbtest3_pkey on sbtest3  (cost=0.43..8.45 rows=1 width=6)
	        Index Cond: (id = 8783078)

table 4 : explain DELETE FROM sbtest4 WHERE id=5840523
	Delete on sbtest4  (cost=0.43..8.45 rows=0 width=0)
	  ->  Index Scan using sbtest4_pkey on sbtest4  (cost=0.43..8.45 rows=1 width=6)
	        Index Cond: (id = 5840523)

table 5 : explain DELETE FROM sbtest5 WHERE id=6928491
	Delete on sbtest5  (cost=0.43..8.45 rows=0 width=0)
	  ->  Index Scan using sbtest5_pkey on sbtest5  (cost=0.43..8.45 rows=1 width=6)
	        Index Cond: (id = 6928491)

table 6 : explain DELETE FROM sbtest6 WHERE id=2276487
	Delete on sbtest6  (cost=0.43..8.45 rows=0 width=0)
	  ->  Index Scan using sbtest6_pkey on sbtest6  (cost=0.43..8.45 rows=1 width=6)
	        Index Cond: (id = 2276487)

table 7 : explain DELETE FROM sbtest7 WHERE id=147942
	Delete on sbtest7  (cost=0.43..8.45 rows=0 width=0)
	  ->  Index Scan using sbtest7_pkey on sbtest7  (cost=0.43..8.45 rows=1 width=6)
	        Index Cond: (id = 147942)

table 8 : explain DELETE FROM sbtest8 WHERE id=3597364
	Delete on sbtest8  (cost=0.43..8.45 rows=0 width=0)
	  ->  Index Scan using sbtest8_pkey on sbtest8  (cost=0.43..8.45 rows=1 width=6)
	        Index Cond: (id = 3597364)

explain: for index_updates :: explain UPDATE sbtest%u SET k=k+1 WHERE id=%u
explain: for index_updates :: explain UPDATE sbtest%u SET k=k+1 WHERE id=%u
for deletes
table 1 : explain DELETE FROM sbtest1 WHERE id=3815313
	Delete on sbtest1  (cost=0.43..8.45 rows=0 width=0)
	  ->  Index Scan using sbtest1_pkey on sbtest1  (cost=0.43..8.45 rows=1 width=6)
	        Index Cond: (id = 3815313)

table 2 : explain DELETE FROM sbtest2 WHERE id=1403375
	Delete on sbtest2  (cost=0.43..8.45 rows=0 width=0)
	  ->  Index Scan using sbtest2_pkey on sbtest2  (cost=0.43..8.45 rows=1 width=6)
	        Index Cond: (id = 1403375)

table 3 : explain DELETE FROM sbtest3 WHERE id=1483378
	Delete on sbtest3  (cost=0.43..8.45 rows=0 width=0)
	  ->  Index Scan using sbtest3_pkey on sbtest3  (cost=0.43..8.45 rows=1 width=6)
	        Index Cond: (id = 1483378)

table 4 : explain DELETE FROM sbtest4 WHERE id=6783110
	Delete on sbtest4  (cost=0.43..8.45 rows=0 width=0)
	  ->  Index Scan using sbtest4_pkey on sbtest4  (cost=0.43..8.45 rows=1 width=6)
	        Index Cond: (id = 6783110)

table 5 : explain DELETE FROM sbtest5 WHERE id=7483854
	Delete on sbtest5  (cost=0.43..8.45 rows=0 width=0)
	  ->  Index Scan using sbtest5_pkey on sbtest5  (cost=0.43..8.45 rows=1 width=6)
	        Index Cond: (id = 7483854)

table 6 : explain DELETE FROM sbtest6 WHERE id=4738987
	Delete on sbtest6  (cost=0.43..8.45 rows=0 width=0)
	  ->  Index Scan using sbtest6_pkey on sbtest6  (cost=0.43..8.45 rows=1 width=6)
	        Index Cond: (id = 4738987)

table 7 : explain DELETE FROM sbtest7 WHERE id=9225282
	Delete on sbtest7  (cost=0.43..8.45 rows=0 width=0)
	  ->  Index Scan using sbtest7_pkey on sbtest7  (cost=0.43..8.45 rows=1 width=6)
	        Index Cond: (id = 9225282)

table 8 : explain DELETE FROM sbtest8 WHERE id=6747364
	Delete on sbtest8  (cost=0.43..8.45 rows=0 width=0)
	  ->  Index Scan using sbtest8_pkey on sbtest8  (cost=0.43..8.45 rows=1 width=6)
	        Index Cond: (id = 6747364)

explain: for index_updates :: explain UPDATE sbtest%u SET k=k+1 WHERE id=%u
for deletes
table 1 : explain DELETE FROM sbtest1 WHERE id=7030311
	Delete on sbtest1  (cost=0.43..8.45 rows=0 width=0)
	  ->  Index Scan using sbtest1_pkey on sbtest1  (cost=0.43..8.45 rows=1 width=6)
	        Index Cond: (id = 7030311)

table 2 : explain DELETE FROM sbtest2 WHERE id=8955030
	Delete on sbtest2  (cost=0.43..8.45 rows=0 width=0)
	  ->  Index Scan using sbtest2_pkey on sbtest2  (cost=0.43..8.45 rows=1 width=6)
	        Index Cond: (id = 8955030)

table 3 : explain DELETE FROM sbtest3 WHERE id=6333605
	Delete on sbtest3  (cost=0.43..8.45 rows=0 width=0)
	  ->  Index Scan using sbtest3_pkey on sbtest3  (cost=0.43..8.45 rows=1 width=6)
	        Index Cond: (id = 6333605)

table 4 : explain DELETE FROM sbtest4 WHERE id=7864082
	Delete on sbtest4  (cost=0.43..8.45 rows=0 width=0)
	  ->  Index Scan using sbtest4_pkey on sbtest4  (cost=0.43..8.45 rows=1 width=6)
	        Index Cond: (id = 7864082)

table 5 : explain DELETE FROM sbtest5 WHERE id=1946575
	Delete on sbtest5  (cost=0.43..8.45 rows=0 width=0)
	  ->  Index Scan using sbtest5_pkey on sbtest5  (cost=0.43..8.45 rows=1 width=6)
	        Index Cond: (id = 1946575)

table 6 : explain DELETE FROM sbtest6 WHERE id=253441
	Delete on sbtest6  (cost=0.43..8.45 rows=0 width=0)
	  ->  Index Scan using sbtest6_pkey on sbtest6  (cost=0.43..8.45 rows=1 width=6)
	        Index Cond: (id = 253441)

table 7 : explain DELETE FROM sbtest7 WHERE id=4754789
	Delete on sbtest7  (cost=0.43..8.45 rows=0 width=0)
	  ->  Index Scan using sbtest7_pkey on sbtest7  (cost=0.43..8.45 rows=1 width=6)
	        Index Cond: (id = 4754789)

table 8 : explain DELETE FROM sbtest8 WHERE id=4536878
	Delete on sbtest8  (cost=0.43..8.45 rows=0 width=0)
	  ->  Index Scan using sbtest8_pkey on sbtest8  (cost=0.43..8.45 rows=1 width=6)
	        Index Cond: (id = 4536878)

for non_index_updates
table 1 : explain UPDATE sbtest1 SET c='foobar' WHERE id=3384866
	Update on sbtest1  (cost=0.43..8.45 rows=0 width=0)
	  ->  Index Scan using sbtest1_pkey on sbtest1  (cost=0.43..8.45 rows=1 width=490)
	        Index Cond: (id = 3384866)

table 2 : explain UPDATE sbtest2 SET c='foobar' WHERE id=1567087
	Update on sbtest2  (cost=0.43..8.45 rows=0 width=0)
	  ->  Index Scan using sbtest2_pkey on sbtest2  (cost=0.43..8.45 rows=1 width=490)
	        Index Cond: (id = 1567087)

table 3 : explain UPDATE sbtest3 SET c='foobar' WHERE id=7419931
	Update on sbtest3  (cost=0.43..8.45 rows=0 width=0)
	  ->  Index Scan using sbtest3_pkey on sbtest3  (cost=0.43..8.45 rows=1 width=490)
	        Index Cond: (id = 7419931)

table 4 : explain UPDATE sbtest4 SET c='foobar' WHERE id=2831197
	Update on sbtest4  (cost=0.43..8.45 rows=0 width=0)
	  ->  Index Scan using sbtest4_pkey on sbtest4  (cost=0.43..8.45 rows=1 width=490)
	        Index Cond: (id = 2831197)

table 5 : explain UPDATE sbtest5 SET c='foobar' WHERE id=9706393
	Update on sbtest5  (cost=0.43..8.45 rows=0 width=0)
	  ->  Index Scan using sbtest5_pkey on sbtest5  (cost=0.43..8.45 rows=1 width=490)
	        Index Cond: (id = 9706393)

table 6 : explain UPDATE sbtest6 SET c='foobar' WHERE id=2710458
	Update on sbtest6  (cost=0.43..8.45 rows=0 width=0)
	  ->  Index Scan using sbtest6_pkey on sbtest6  (cost=0.43..8.45 rows=1 width=490)
	        Index Cond: (id = 2710458)

table 7 : explain UPDATE sbtest7 SET c='foobar' WHERE id=2774498
	Update on sbtest7  (cost=0.43..8.45 rows=0 width=0)
	  ->  Index Scan using sbtest7_pkey on sbtest7  (cost=0.43..8.45 rows=1 width=490)
	        Index Cond: (id = 2774498)

table 8 : explain UPDATE sbtest8 SET c='foobar' WHERE id=6780584
	Update on sbtest8  (cost=0.43..8.45 rows=0 width=0)
	  ->  Index Scan using sbtest8_pkey on sbtest8  (cost=0.43..8.45 rows=1 width=490)
	        Index Cond: (id = 6780584)
for non_index_updates
table 1 : explain UPDATE sbtest1 SET c='foobar' WHERE id=1955142
	Update on sbtest1  (cost=0.43..8.45 rows=0 width=0)
	  ->  Index Scan using sbtest1_pkey on sbtest1  (cost=0.43..8.45 rows=1 width=490)
	        Index Cond: (id = 1955142)

table 2 : explain UPDATE sbtest2 SET c='foobar' WHERE id=3910621
	Update on sbtest2  (cost=0.43..8.45 rows=0 width=0)
	  ->  Index Scan using sbtest2_pkey on sbtest2  (cost=0.43..8.45 rows=1 width=490)
	        Index Cond: (id = 3910621)

table 3 : explain UPDATE sbtest3 SET c='foobar' WHERE id=983888
	Update on sbtest3  (cost=0.43..8.45 rows=0 width=0)
	  ->  Index Scan using sbtest3_pkey on sbtest3  (cost=0.43..8.45 rows=1 width=490)
	        Index Cond: (id = 983888)

table 4 : explain UPDATE sbtest4 SET c='foobar' WHERE id=7038160
	Update on sbtest4  (cost=0.43..8.45 rows=0 width=0)
	  ->  Index Scan using sbtest4_pkey on sbtest4  (cost=0.43..8.45 rows=1 width=490)
	        Index Cond: (id = 7038160)

table 5 : explain UPDATE sbtest5 SET c='foobar' WHERE id=1796223
	Update on sbtest5  (cost=0.43..8.45 rows=0 width=0)
	  ->  Index Scan using sbtest5_pkey on sbtest5  (cost=0.43..8.45 rows=1 width=490)
	        Index Cond: (id = 1796223)

table 6 : explain UPDATE sbtest6 SET c='foobar' WHERE id=5783233
	Update on sbtest6  (cost=0.43..8.45 rows=0 width=0)
	  ->  Index Scan using sbtest6_pkey on sbtest6  (cost=0.43..8.45 rows=1 width=490)
	        Index Cond: (id = 5783233)

table 7 : explain UPDATE sbtest7 SET c='foobar' WHERE id=1175785
	Update on sbtest7  (cost=0.43..8.45 rows=0 width=0)
	  ->  Index Scan using sbtest7_pkey on sbtest7  (cost=0.43..8.45 rows=1 width=490)
	        Index Cond: (id = 1175785)

table 8 : explain UPDATE sbtest8 SET c='foobar' WHERE id=3542410
	Update on sbtest8  (cost=0.43..8.45 rows=0 width=0)
	  ->  Index Scan using sbtest8_pkey on sbtest8  (cost=0.43..8.45 rows=1 width=490)
	        Index Cond: (id = 3542410)

for deletes
table 1 : explain DELETE FROM sbtest1 WHERE id=5927129
	Delete on sbtest1  (cost=0.43..8.45 rows=0 width=0)
	  ->  Index Scan using sbtest1_pkey on sbtest1  (cost=0.43..8.45 rows=1 width=6)
	        Index Cond: (id = 5927129)

table 2 : explain DELETE FROM sbtest2 WHERE id=9778720
	Delete on sbtest2  (cost=0.43..8.45 rows=0 width=0)
	  ->  Index Scan using sbtest2_pkey on sbtest2  (cost=0.43..8.45 rows=1 width=6)
	        Index Cond: (id = 9778720)

table 3 : explain DELETE FROM sbtest3 WHERE id=6256498
	Delete on sbtest3  (cost=0.43..8.45 rows=0 width=0)
	  ->  Index Scan using sbtest3_pkey on sbtest3  (cost=0.43..8.45 rows=1 width=6)
	        Index Cond: (id = 6256498)

table 4 : explain DELETE FROM sbtest4 WHERE id=286458
	Delete on sbtest4  (cost=0.43..8.45 rows=0 width=0)
	  ->  Index Scan using sbtest4_pkey on sbtest4  (cost=0.43..8.45 rows=1 width=6)
	        Index Cond: (id = 286458)

table 5 : explain DELETE FROM sbtest5 WHERE id=6978498
	Delete on sbtest5  (cost=0.43..8.45 rows=0 width=0)
	  ->  Index Scan using sbtest5_pkey on sbtest5  (cost=0.43..8.45 rows=1 width=6)
	        Index Cond: (id = 6978498)

table 6 : explain DELETE FROM sbtest6 WHERE id=9873769
	Delete on sbtest6  (cost=0.43..8.45 rows=0 width=0)
	  ->  Index Scan using sbtest6_pkey on sbtest6  (cost=0.43..8.45 rows=1 width=6)
	        Index Cond: (id = 9873769)

table 7 : explain DELETE FROM sbtest7 WHERE id=4855674
	Delete on sbtest7  (cost=0.43..8.45 rows=0 width=0)
	  ->  Index Scan using sbtest7_pkey on sbtest7  (cost=0.43..8.45 rows=1 width=6)
	        Index Cond: (id = 4855674)

table 8 : explain DELETE FROM sbtest8 WHERE id=9695030
	Delete on sbtest8  (cost=0.43..8.45 rows=0 width=0)
	  ->  Index Scan using sbtest8_pkey on sbtest8  (cost=0.43..8.45 rows=1 width=6)
	        Index Cond: (id = 9695030)


for: order_ranges
table 1 : explain SELECT c FROM sbtest1 WHERE id BETWEEN 6456144 AND 6456243 ORDER BY c
	Sort  (cost=408.59..408.85 rows=103 width=121)
	  Sort Key: c
	  ->  Index Scan using sbtest1_pkey on sbtest1  (cost=0.43..405.14 rows=103 width=121)
	        Index Cond: ((id >= 6456144) AND (id <= 6456243))

table 2 : explain SELECT c FROM sbtest2 WHERE id BETWEEN 8048185 AND 8048284 ORDER BY c
	Sort  (cost=442.83..443.11 rows=112 width=121)
	  Sort Key: c
	  ->  Index Scan using sbtest2_pkey on sbtest2  (cost=0.43..439.02 rows=112 width=121)
	        Index Cond: ((id >= 8048185) AND (id <= 8048284))

table 3 : explain SELECT c FROM sbtest3 WHERE id BETWEEN 9980648 AND 9980747 ORDER BY c
	Sort  (cost=356.39..356.61 rows=90 width=121)
	  Sort Key: c
	  ->  Index Scan using sbtest3_pkey on sbtest3  (cost=0.43..353.47 rows=90 width=121)
	        Index Cond: ((id >= 9980648) AND (id <= 9980747))

table 4 : explain SELECT c FROM sbtest4 WHERE id BETWEEN 6821760 AND 6821859 ORDER BY c
	Sort  (cost=356.55..356.78 rows=90 width=121)
	  Sort Key: c
	  ->  Index Scan using sbtest4_pkey on sbtest4  (cost=0.43..353.63 rows=90 width=121)
	        Index Cond: ((id >= 6821760) AND (id <= 6821859))

table 5 : explain SELECT c FROM sbtest5 WHERE id BETWEEN 4726249 AND 4726348 ORDER BY c
	Sort  (cost=355.75..355.97 rows=90 width=121)
	  Sort Key: c
	  ->  Index Scan using sbtest5_pkey on sbtest5  (cost=0.43..352.83 rows=90 width=121)
	        Index Cond: ((id >= 4726249) AND (id <= 4726348))

table 6 : explain SELECT c FROM sbtest6 WHERE id BETWEEN 2463931 AND 2464030 ORDER BY c
	Sort  (cost=399.30..399.55 rows=101 width=121)
	  Sort Key: c
	  ->  Index Scan using sbtest6_pkey on sbtest6  (cost=0.43..395.93 rows=101 width=121)
	        Index Cond: ((id >= 2463931) AND (id <= 2464030))

table 7 : explain SELECT c FROM sbtest7 WHERE id BETWEEN 8973003 AND 8973102 ORDER BY c
	Sort  (cost=427.80..428.07 rows=108 width=121)
	  Sort Key: c
	  ->  Index Scan using sbtest7_pkey on sbtest7  (cost=0.43..424.16 rows=108 width=121)
	        Index Cond: ((id >= 8973003) AND (id <= 8973102))

table 8 : explain SELECT c FROM sbtest8 WHERE id BETWEEN 2272274 AND 2272373 ORDER BY c
	Sort  (cost=423.28..423.55 rows=107 width=121)
	  Sort Key: c
	  ->  Index Scan using sbtest8_pkey on sbtest8  (cost=0.43..419.68 rows=107 width=121)
	        Index Cond: ((id >= 2272274) AND (id <= 2272373))

for index_updates
table 1 : explain UPDATE sbtest1 SET k=k+1 WHERE id=1336799
	Update on sbtest1  (cost=0.43..8.46 rows=0 width=0)
	  ->  Index Scan using sbtest1_pkey on sbtest1  (cost=0.43..8.46 rows=1 width=10)
	        Index Cond: (id = 1336799)

table 2 : explain UPDATE sbtest2 SET k=k+1 WHERE id=7793194
	Update on sbtest2  (cost=0.43..8.46 rows=0 width=0)
	  ->  Index Scan using sbtest2_pkey on sbtest2  (cost=0.43..8.46 rows=1 width=10)
	        Index Cond: (id = 7793194)

table 3 : explain UPDATE sbtest3 SET k=k+1 WHERE id=1955368
	Update on sbtest3  (cost=0.43..8.46 rows=0 width=0)
	  ->  Index Scan using sbtest3_pkey on sbtest3  (cost=0.43..8.46 rows=1 width=10)
	        Index Cond: (id = 1955368)

table 4 : explain UPDATE sbtest4 SET k=k+1 WHERE id=3078297
	Update on sbtest4  (cost=0.43..8.46 rows=0 width=0)
	  ->  Index Scan using sbtest4_pkey on sbtest4  (cost=0.43..8.46 rows=1 width=10)
	        Index Cond: (id = 3078297)

table 5 : explain UPDATE sbtest5 SET k=k+1 WHERE id=7148117
	Update on sbtest5  (cost=0.43..8.46 rows=0 width=0)
	  ->  Index Scan using sbtest5_pkey on sbtest5  (cost=0.43..8.46 rows=1 width=10)
	        Index Cond: (id = 7148117)

table 6 : explain UPDATE sbtest6 SET k=k+1 WHERE id=5442375
	Update on sbtest6  (cost=0.43..8.46 rows=0 width=0)
	  ->  Index Scan using sbtest6_pkey on sbtest6  (cost=0.43..8.46 rows=1 width=10)
	        Index Cond: (id = 5442375)

table 7 : explain UPDATE sbtest7 SET k=k+1 WHERE id=9476441
	Update on sbtest7  (cost=0.43..8.46 rows=0 width=0)
	  ->  Index Scan using sbtest7_pkey on sbtest7  (cost=0.43..8.46 rows=1 width=10)
	        Index Cond: (id = 9476441)

table 8 : explain UPDATE sbtest8 SET k=k+1 WHERE id=6251006
	Update on sbtest8  (cost=0.43..8.46 rows=0 width=0)
	  ->  Index Scan using sbtest8_pkey on sbtest8  (cost=0.43..8.46 rows=1 width=10)
	        Index Cond: (id = 6251006)

explain: for deletes :: explain DELETE FROM sbtest%u WHERE id=%u
for: order_ranges
table 1 : explain SELECT c FROM sbtest1 WHERE id BETWEEN 5528656 AND 5528755 ORDER BY c
	Sort  (cost=416.45..416.71 rows=105 width=121)
	  Sort Key: c
	  ->  Index Scan using sbtest1_pkey on sbtest1  (cost=0.43..412.92 rows=105 width=121)
	        Index Cond: ((id >= 5528656) AND (id <= 5528755))

table 2 : explain SELECT c FROM sbtest2 WHERE id BETWEEN 7431234 AND 7431333 ORDER BY c
	Sort  (cost=419.32..419.59 rows=106 width=121)
	  Sort Key: c
	  ->  Index Scan using sbtest2_pkey on sbtest2  (cost=0.43..415.75 rows=106 width=121)
	        Index Cond: ((id >= 7431234) AND (id <= 7431333))

table 3 : explain SELECT c FROM sbtest3 WHERE id BETWEEN 2356616 AND 2356715 ORDER BY c
	Sort  (cost=383.80..384.04 rows=97 width=121)
	  Sort Key: c
	  ->  Index Scan using sbtest3_pkey on sbtest3  (cost=0.43..380.60 rows=97 width=121)
	        Index Cond: ((id >= 2356616) AND (id <= 2356715))

table 4 : explain SELECT c FROM sbtest4 WHERE id BETWEEN 8530680 AND 8530779 ORDER BY c
	Sort  (cost=399.68..399.93 rows=101 width=121)
	  Sort Key: c
	  ->  Index Scan using sbtest4_pkey on sbtest4  (cost=0.43..396.32 rows=101 width=121)
	        Index Cond: ((id >= 8530680) AND (id <= 8530779))

table 5 : explain SELECT c FROM sbtest5 WHERE id BETWEEN 7386021 AND 7386120 ORDER BY c
	Sort  (cost=394.87..395.12 rows=100 width=121)
	  Sort Key: c
	  ->  Index Scan using sbtest5_pkey on sbtest5  (cost=0.43..391.55 rows=100 width=121)
	        Index Cond: ((id >= 7386021) AND (id <= 7386120))

table 6 : explain SELECT c FROM sbtest6 WHERE id BETWEEN 9753352 AND 9753451 ORDER BY c
	Sort  (cost=356.21..356.43 rows=90 width=121)
	  Sort Key: c
	  ->  Index Scan using sbtest6_pkey on sbtest6  (cost=0.43..353.29 rows=90 width=121)
	        Index Cond: ((id >= 9753352) AND (id <= 9753451))

table 7 : explain SELECT c FROM sbtest7 WHERE id BETWEEN 3455934 AND 3456033 ORDER BY c
	Sort  (cost=380.67..380.91 rows=96 width=121)
	  Sort Key: c
	  ->  Index Scan using sbtest7_pkey on sbtest7  (cost=0.43..377.51 rows=96 width=121)
	        Index Cond: ((id >= 3455934) AND (id <= 3456033))

table 8 : explain SELECT c FROM sbtest8 WHERE id BETWEEN 8005853 AND 8005952 ORDER BY c
	Sort  (cost=419.36..419.63 rows=106 width=121)
	  Sort Key: c
	  ->  Index Scan using sbtest8_pkey on sbtest8  (cost=0.43..415.80 rows=106 width=121)
	        Index Cond: ((id >= 8005853) AND (id <= 8005952))

for index_updates
table 1 : explain UPDATE sbtest1 SET k=k+1 WHERE id=9140268
	Update on sbtest1  (cost=0.43..8.46 rows=0 width=0)
	  ->  Index Scan using sbtest1_pkey on sbtest1  (cost=0.43..8.46 rows=1 width=10)
	        Index Cond: (id = 9140268)

table 2 : explain UPDATE sbtest2 SET k=k+1 WHERE id=3241148
	Update on sbtest2  (cost=0.43..8.46 rows=0 width=0)
	  ->  Index Scan using sbtest2_pkey on sbtest2  (cost=0.43..8.46 rows=1 width=10)
	        Index Cond: (id = 3241148)

table 3 : explain UPDATE sbtest3 SET k=k+1 WHERE id=5278301
	Update on sbtest3  (cost=0.43..8.46 rows=0 width=0)
	  ->  Index Scan using sbtest3_pkey on sbtest3  (cost=0.43..8.46 rows=1 width=10)
	        Index Cond: (id = 5278301)

table 4 : explain UPDATE sbtest4 SET k=k+1 WHERE id=3710592
	Update on sbtest4  (cost=0.43..8.46 rows=0 width=0)
	  ->  Index Scan using sbtest4_pkey on sbtest4  (cost=0.43..8.46 rows=1 width=10)
	        Index Cond: (id = 3710592)

table 5 : explain UPDATE sbtest5 SET k=k+1 WHERE id=4273542
	Update on sbtest5  (cost=0.43..8.46 rows=0 width=0)
	  ->  Index Scan using sbtest5_pkey on sbtest5  (cost=0.43..8.46 rows=1 width=10)
	        Index Cond: (id = 4273542)

table 6 : explain UPDATE sbtest6 SET k=k+1 WHERE id=7923542
	Update on sbtest6  (cost=0.43..8.46 rows=0 width=0)
	  ->  Index Scan using sbtest6_pkey on sbtest6  (cost=0.43..8.46 rows=1 width=10)
	        Index Cond: (id = 7923542)

table 7 : explain UPDATE sbtest7 SET k=k+1 WHERE id=4551360
	Update on sbtest7  (cost=0.43..8.46 rows=0 width=0)
	  ->  Index Scan using sbtest7_pkey on sbtest7  (cost=0.43..8.46 rows=1 width=10)
	        Index Cond: (id = 4551360)

table 8 : explain UPDATE sbtest8 SET k=k+1 WHERE id=3200178
	Update on sbtest8  (cost=0.43..8.46 rows=0 width=0)
	  ->  Index Scan using sbtest8_pkey on sbtest8  (cost=0.43..8.46 rows=1 width=10)
	        Index Cond: (id = 3200178)

explain: for deletes :: explain DELETE FROM sbtest%u WHERE id=%u
explain: for inserts :: explain INSERT INTO sbtest%u (id, k, c, pad) VALUES (%u, 13, 'foobar', 'foobar')
for index_updates
table 1 : explain UPDATE sbtest1 SET k=k+1 WHERE id=7182842
	Update on sbtest1  (cost=0.43..8.46 rows=0 width=0)
	  ->  Index Scan using sbtest1_pkey on sbtest1  (cost=0.43..8.46 rows=1 width=10)
	        Index Cond: (id = 7182842)

table 2 : explain UPDATE sbtest2 SET k=k+1 WHERE id=1336991
	Update on sbtest2  (cost=0.43..8.46 rows=0 width=0)
	  ->  Index Scan using sbtest2_pkey on sbtest2  (cost=0.43..8.46 rows=1 width=10)
	        Index Cond: (id = 1336991)

table 3 : explain UPDATE sbtest3 SET k=k+1 WHERE id=9944047
	Update on sbtest3  (cost=0.43..8.46 rows=0 width=0)
	  ->  Index Scan using sbtest3_pkey on sbtest3  (cost=0.43..8.46 rows=1 width=10)
	        Index Cond: (id = 9944047)

table 4 : explain UPDATE sbtest4 SET k=k+1 WHERE id=6111672
	Update on sbtest4  (cost=0.43..8.46 rows=0 width=0)
	  ->  Index Scan using sbtest4_pkey on sbtest4  (cost=0.43..8.46 rows=1 width=10)
	        Index Cond: (id = 6111672)

table 5 : explain UPDATE sbtest5 SET k=k+1 WHERE id=7301445
	Update on sbtest5  (cost=0.43..8.46 rows=0 width=0)
	  ->  Index Scan using sbtest5_pkey on sbtest5  (cost=0.43..8.46 rows=1 width=10)
	        Index Cond: (id = 7301445)

table 6 : explain UPDATE sbtest6 SET k=k+1 WHERE id=5561324
	Update on sbtest6  (cost=0.43..8.46 rows=0 width=0)
	  ->  Index Scan using sbtest6_pkey on sbtest6  (cost=0.43..8.46 rows=1 width=10)
	        Index Cond: (id = 5561324)

table 7 : explain UPDATE sbtest7 SET k=k+1 WHERE id=7286486
	Update on sbtest7  (cost=0.43..8.46 rows=0 width=0)
	  ->  Index Scan using sbtest7_pkey on sbtest7  (cost=0.43..8.46 rows=1 width=10)
	        Index Cond: (id = 7286486)

table 8 : explain UPDATE sbtest8 SET k=k+1 WHERE id=9786872
	Update on sbtest8  (cost=0.43..8.46 rows=0 width=0)
	  ->  Index Scan using sbtest8_pkey on sbtest8  (cost=0.43..8.46 rows=1 width=10)
	        Index Cond: (id = 9786872)

for: distinct_ranges
table 1 : explain SELECT DISTINCT c FROM sbtest1 WHERE id BETWEEN 6605258 AND 6605357 ORDER BY c
	Unique  (cost=381.06..381.54 rows=96 width=121)
	  ->  Sort  (cost=381.06..381.30 rows=96 width=121)
	        Sort Key: c
	        ->  Index Scan using sbtest1_pkey on sbtest1  (cost=0.43..377.89 rows=96 width=121)
	              Index Cond: ((id >= 6605258) AND (id <= 6605357))

table 2 : explain SELECT DISTINCT c FROM sbtest2 WHERE id BETWEEN 8339739 AND 8339838 ORDER BY c
	Unique  (cost=415.40..415.93 rows=105 width=121)
	  ->  Sort  (cost=415.40..415.66 rows=105 width=121)
	        Sort Key: c
	        ->  Index Scan using sbtest2_pkey on sbtest2  (cost=0.43..411.88 rows=105 width=121)
	              Index Cond: ((id >= 8339739) AND (id <= 8339838))

table 3 : explain SELECT DISTINCT c FROM sbtest3 WHERE id BETWEEN 1250924 AND 1251023 ORDER BY c
	Unique  (cost=360.30..360.76 rows=91 width=121)
	  ->  Sort  (cost=360.30..360.53 rows=91 width=121)
	        Sort Key: c
	        ->  Index Scan using sbtest3_pkey on sbtest3  (cost=0.43..357.34 rows=91 width=121)
	              Index Cond: ((id >= 1250924) AND (id <= 1251023))

table 4 : explain SELECT DISTINCT c FROM sbtest4 WHERE id BETWEEN 650118 AND 650217 ORDER BY c
	Unique  (cost=383.97..384.46 rows=97 width=121)
	  ->  Sort  (cost=383.97..384.22 rows=97 width=121)
	        Sort Key: c
	        ->  Index Scan using sbtest4_pkey on sbtest4  (cost=0.43..380.77 rows=97 width=121)
	              Index Cond: ((id >= 650118) AND (id <= 650217))

table 5 : explain SELECT DISTINCT c FROM sbtest5 WHERE id BETWEEN 3314556 AND 3314655 ORDER BY c
	Unique  (cost=379.20..379.68 rows=96 width=121)
	  ->  Sort  (cost=379.20..379.44 rows=96 width=121)
	        Sort Key: c
	        ->  Index Scan using sbtest5_pkey on sbtest5  (cost=0.43..376.04 rows=96 width=121)
	              Index Cond: ((id >= 3314556) AND (id <= 3314655))

table 6 : explain SELECT DISTINCT c FROM sbtest6 WHERE id BETWEEN 3976767 AND 3976866 ORDER BY c
	Unique  (cost=375.78..376.25 rows=95 width=121)
	  ->  Sort  (cost=375.78..376.01 rows=95 width=121)
	        Sort Key: c
	        ->  Index Scan using sbtest6_pkey on sbtest6  (cost=0.43..372.65 rows=95 width=121)
	              Index Cond: ((id >= 3976767) AND (id <= 3976866))

table 7 : explain SELECT DISTINCT c FROM sbtest7 WHERE id BETWEEN 4941321 AND 4941420 ORDER BY c
	Unique  (cost=396.41..396.91 rows=100 width=121)
	  ->  Sort  (cost=396.41..396.66 rows=100 width=121)
	        Sort Key: c
	        ->  Index Scan using sbtest7_pkey on sbtest7  (cost=0.43..393.08 rows=100 width=121)
	              Index Cond: ((id >= 4941321) AND (id <= 4941420))

table 8 : explain SELECT DISTINCT c FROM sbtest8 WHERE id BETWEEN 5337290 AND 5337389 ORDER BY c
	Unique  (cost=403.69..404.20 rows=102 width=121)
	  ->  Sort  (cost=403.69..403.94 rows=102 width=121)
	        Sort Key: c
	        ->  Index Scan using sbtest8_pkey on sbtest8  (cost=0.43..400.28 rows=102 width=121)
	              Index Cond: ((id >= 5337290) AND (id <= 5337389))

explain: for non_index_updates :: explain UPDATE sbtest%u SET c='foobar' WHERE id=%u
explain: for inserts :: explain INSERT INTO sbtest%u (id, k, c, pad) VALUES (%u, 13, 'foobar', 'foobar')
for index_updates
table 1 : explain UPDATE sbtest1 SET k=k+1 WHERE id=7390206
	Update on sbtest1  (cost=0.43..8.46 rows=0 width=0)
	  ->  Index Scan using sbtest1_pkey on sbtest1  (cost=0.43..8.46 rows=1 width=10)
	        Index Cond: (id = 7390206)

table 2 : explain UPDATE sbtest2 SET k=k+1 WHERE id=3654188
	Update on sbtest2  (cost=0.43..8.46 rows=0 width=0)
	  ->  Index Scan using sbtest2_pkey on sbtest2  (cost=0.43..8.46 rows=1 width=10)
	        Index Cond: (id = 3654188)

table 3 : explain UPDATE sbtest3 SET k=k+1 WHERE id=3890968
	Update on sbtest3  (cost=0.43..8.46 rows=0 width=0)
	  ->  Index Scan using sbtest3_pkey on sbtest3  (cost=0.43..8.46 rows=1 width=10)
	        Index Cond: (id = 3890968)

table 4 : explain UPDATE sbtest4 SET k=k+1 WHERE id=5843187
	Update on sbtest4  (cost=0.43..8.46 rows=0 width=0)
	  ->  Index Scan using sbtest4_pkey on sbtest4  (cost=0.43..8.46 rows=1 width=10)
	        Index Cond: (id = 5843187)

table 5 : explain UPDATE sbtest5 SET k=k+1 WHERE id=9047241
	Update on sbtest5  (cost=0.43..8.46 rows=0 width=0)
	  ->  Index Scan using sbtest5_pkey on sbtest5  (cost=0.43..8.46 rows=1 width=10)
	        Index Cond: (id = 9047241)

table 6 : explain UPDATE sbtest6 SET k=k+1 WHERE id=8139550
	Update on sbtest6  (cost=0.43..8.46 rows=0 width=0)
	  ->  Index Scan using sbtest6_pkey on sbtest6  (cost=0.43..8.46 rows=1 width=10)
	        Index Cond: (id = 8139550)

table 7 : explain UPDATE sbtest7 SET k=k+1 WHERE id=8526025
	Update on sbtest7  (cost=0.43..8.46 rows=0 width=0)
	  ->  Index Scan using sbtest7_pkey on sbtest7  (cost=0.43..8.46 rows=1 width=10)
	        Index Cond: (id = 8526025)

table 8 : explain UPDATE sbtest8 SET k=k+1 WHERE id=7437737
	Update on sbtest8  (cost=0.43..8.46 rows=0 width=0)
	  ->  Index Scan using sbtest8_pkey on sbtest8  (cost=0.43..8.46 rows=1 width=10)
	        Index Cond: (id = 7437737)

explain: for inserts :: explain INSERT INTO sbtest%u (id, k, c, pad) VALUES (%u, 13, 'foobar', 'foobar')
for deletes
table 1 : explain DELETE FROM sbtest1 WHERE id=1210838
	Delete on sbtest1  (cost=0.43..8.45 rows=0 width=0)
	  ->  Index Scan using sbtest1_pkey on sbtest1  (cost=0.43..8.45 rows=1 width=6)
	        Index Cond: (id = 1210838)

table 2 : explain DELETE FROM sbtest2 WHERE id=145019
	Delete on sbtest2  (cost=0.43..8.45 rows=0 width=0)
	  ->  Index Scan using sbtest2_pkey on sbtest2  (cost=0.43..8.45 rows=1 width=6)
	        Index Cond: (id = 145019)

table 3 : explain DELETE FROM sbtest3 WHERE id=9582251
	Delete on sbtest3  (cost=0.43..8.45 rows=0 width=0)
	  ->  Index Scan using sbtest3_pkey on sbtest3  (cost=0.43..8.45 rows=1 width=6)
	        Index Cond: (id = 9582251)

table 4 : explain DELETE FROM sbtest4 WHERE id=6605147
	Delete on sbtest4  (cost=0.43..8.45 rows=0 width=0)
	  ->  Index Scan using sbtest4_pkey on sbtest4  (cost=0.43..8.45 rows=1 width=6)
	        Index Cond: (id = 6605147)

table 5 : explain DELETE FROM sbtest5 WHERE id=411908
	Delete on sbtest5  (cost=0.43..8.45 rows=0 width=0)
	  ->  Index Scan using sbtest5_pkey on sbtest5  (cost=0.43..8.45 rows=1 width=6)
	        Index Cond: (id = 411908)

table 6 : explain DELETE FROM sbtest6 WHERE id=6785067
	Delete on sbtest6  (cost=0.43..8.45 rows=0 width=0)
	  ->  Index Scan using sbtest6_pkey on sbtest6  (cost=0.43..8.45 rows=1 width=6)
	        Index Cond: (id = 6785067)

table 7 : explain DELETE FROM sbtest7 WHERE id=3932811
	Delete on sbtest7  (cost=0.43..8.45 rows=0 width=0)
	  ->  Index Scan using sbtest7_pkey on sbtest7  (cost=0.43..8.45 rows=1 width=6)
	        Index Cond: (id = 3932811)

table 8 : explain DELETE FROM sbtest8 WHERE id=1615271
	Delete on sbtest8  (cost=0.43..8.45 rows=0 width=0)
	  ->  Index Scan using sbtest8_pkey on sbtest8  (cost=0.43..8.45 rows=1 width=6)
	        Index Cond: (id = 1615271)

explain: for inserts :: explain INSERT INTO sbtest%u (id, k, c, pad) VALUES (%u, 13, 'foobar', 'foobar')
explain: for index_updates :: explain UPDATE sbtest%u SET k=k+1 WHERE id=%u
explain: for non_index_updates :: explain UPDATE sbtest%u SET c='foobar' WHERE id=%u
explain: for non_index_updates :: explain UPDATE sbtest%u SET c='foobar' WHERE id=%u
for inserts
table 1 : explain INSERT INTO sbtest1 (id, k, c, pad) VALUES (3116077, 13, 'foobar', 'foobar')
	Insert on sbtest1  (cost=0.00..0.01 rows=0 width=0)
	  ->  Result  (cost=0.00..0.01 rows=1 width=736)

table 2 : explain INSERT INTO sbtest2 (id, k, c, pad) VALUES (3222716, 13, 'foobar', 'foobar')
	Insert on sbtest2  (cost=0.00..0.01 rows=0 width=0)
	  ->  Result  (cost=0.00..0.01 rows=1 width=736)

table 3 : explain INSERT INTO sbtest3 (id, k, c, pad) VALUES (4865148, 13, 'foobar', 'foobar')
	Insert on sbtest3  (cost=0.00..0.01 rows=0 width=0)
	  ->  Result  (cost=0.00..0.01 rows=1 width=736)

table 4 : explain INSERT INTO sbtest4 (id, k, c, pad) VALUES (7154137, 13, 'foobar', 'foobar')
	Insert on sbtest4  (cost=0.00..0.01 rows=0 width=0)
	  ->  Result  (cost=0.00..0.01 rows=1 width=736)

table 5 : explain INSERT INTO sbtest5 (id, k, c, pad) VALUES (6419528, 13, 'foobar', 'foobar')
	Insert on sbtest5  (cost=0.00..0.01 rows=0 width=0)
	  ->  Result  (cost=0.00..0.01 rows=1 width=736)

table 6 : explain INSERT INTO sbtest6 (id, k, c, pad) VALUES (3730304, 13, 'foobar', 'foobar')
	Insert on sbtest6  (cost=0.00..0.01 rows=0 width=0)
	  ->  Result  (cost=0.00..0.01 rows=1 width=736)

table 7 : explain INSERT INTO sbtest7 (id, k, c, pad) VALUES (4136935, 13, 'foobar', 'foobar')
	Insert on sbtest7  (cost=0.00..0.01 rows=0 width=0)
	  ->  Result  (cost=0.00..0.01 rows=1 width=736)

table 8 : explain INSERT INTO sbtest8 (id, k, c, pad) VALUES (7249762, 13, 'foobar', 'foobar')
	Insert on sbtest8  (cost=0.00..0.01 rows=0 width=0)
	  ->  Result  (cost=0.00..0.01 rows=1 width=736)

explain: for non_index_updates :: explain UPDATE sbtest%u SET c='foobar' WHERE id=%u
for non_index_updates
table 1 : explain UPDATE sbtest1 SET c='foobar' WHERE id=1694999
	Update on sbtest1  (cost=0.43..8.45 rows=0 width=0)
	  ->  Index Scan using sbtest1_pkey on sbtest1  (cost=0.43..8.45 rows=1 width=490)
	        Index Cond: (id = 1694999)

table 2 : explain UPDATE sbtest2 SET c='foobar' WHERE id=1054258
	Update on sbtest2  (cost=0.43..8.45 rows=0 width=0)
	  ->  Index Scan using sbtest2_pkey on sbtest2  (cost=0.43..8.45 rows=1 width=490)
	        Index Cond: (id = 1054258)

table 3 : explain UPDATE sbtest3 SET c='foobar' WHERE id=24525
	Update on sbtest3  (cost=0.43..8.45 rows=0 width=0)
	  ->  Index Scan using sbtest3_pkey on sbtest3  (cost=0.43..8.45 rows=1 width=490)
	        Index Cond: (id = 24525)

table 4 : explain UPDATE sbtest4 SET c='foobar' WHERE id=2781702
	Update on sbtest4  (cost=0.43..8.45 rows=0 width=0)
	  ->  Index Scan using sbtest4_pkey on sbtest4  (cost=0.43..8.45 rows=1 width=490)
	        Index Cond: (id = 2781702)

table 5 : explain UPDATE sbtest5 SET c='foobar' WHERE id=6298205
	Update on sbtest5  (cost=0.43..8.45 rows=0 width=0)
	  ->  Index Scan using sbtest5_pkey on sbtest5  (cost=0.43..8.45 rows=1 width=490)
	        Index Cond: (id = 6298205)

table 6 : explain UPDATE sbtest6 SET c='foobar' WHERE id=8211365
	Update on sbtest6  (cost=0.43..8.45 rows=0 width=0)
	  ->  Index Scan using sbtest6_pkey on sbtest6  (cost=0.43..8.45 rows=1 width=490)
	        Index Cond: (id = 8211365)

table 7 : explain UPDATE sbtest7 SET c='foobar' WHERE id=1476288
	Update on sbtest7  (cost=0.43..8.45 rows=0 width=0)
	  ->  Index Scan using sbtest7_pkey on sbtest7  (cost=0.43..8.45 rows=1 width=490)
	        Index Cond: (id = 1476288)

table 8 : explain UPDATE sbtest8 SET c='foobar' WHERE id=1394414
	Update on sbtest8  (cost=0.43..8.45 rows=0 width=0)
	  ->  Index Scan using sbtest8_pkey on sbtest8  (cost=0.43..8.45 rows=1 width=490)
	        Index Cond: (id = 1394414)

explain: for non_index_updates :: explain UPDATE sbtest%u SET c='foobar' WHERE id=%u
explain: for deletes :: explain DELETE FROM sbtest%u WHERE id=%u
explain: for inserts :: explain INSERT INTO sbtest%u (id, k, c, pad) VALUES (%u, 13, 'foobar', 'foobar')
for inserts
table 1 : explain INSERT INTO sbtest1 (id, k, c, pad) VALUES (4416449, 13, 'foobar', 'foobar')
	Insert on sbtest1  (cost=0.00..0.01 rows=0 width=0)
	  ->  Result  (cost=0.00..0.01 rows=1 width=736)

table 2 : explain INSERT INTO sbtest2 (id, k, c, pad) VALUES (4893920, 13, 'foobar', 'foobar')
	Insert on sbtest2  (cost=0.00..0.01 rows=0 width=0)
	  ->  Result  (cost=0.00..0.01 rows=1 width=736)

table 3 : explain INSERT INTO sbtest3 (id, k, c, pad) VALUES (2847846, 13, 'foobar', 'foobar')
	Insert on sbtest3  (cost=0.00..0.01 rows=0 width=0)
	  ->  Result  (cost=0.00..0.01 rows=1 width=736)

table 4 : explain INSERT INTO sbtest4 (id, k, c, pad) VALUES (3926161, 13, 'foobar', 'foobar')
	Insert on sbtest4  (cost=0.00..0.01 rows=0 width=0)
	  ->  Result  (cost=0.00..0.01 rows=1 width=736)

table 5 : explain INSERT INTO sbtest5 (id, k, c, pad) VALUES (2041767, 13, 'foobar', 'foobar')
	Insert on sbtest5  (cost=0.00..0.01 rows=0 width=0)
	  ->  Result  (cost=0.00..0.01 rows=1 width=736)

table 6 : explain INSERT INTO sbtest6 (id, k, c, pad) VALUES (6868334, 13, 'foobar', 'foobar')
	Insert on sbtest6  (cost=0.00..0.01 rows=0 width=0)
	  ->  Result  (cost=0.00..0.01 rows=1 width=736)

table 7 : explain INSERT INTO sbtest7 (id, k, c, pad) VALUES (1045937, 13, 'foobar', 'foobar')
	Insert on sbtest7  (cost=0.00..0.01 rows=0 width=0)
	  ->  Result  (cost=0.00..0.01 rows=1 width=736)

table 8 : explain INSERT INTO sbtest8 (id, k, c, pad) VALUES (677335, 13, 'foobar', 'foobar')
	Insert on sbtest8  (cost=0.00..0.01 rows=0 width=0)
	  ->  Result  (cost=0.00..0.01 rows=1 width=736)

for: distinct_ranges
table 1 : explain SELECT DISTINCT c FROM sbtest1 WHERE id BETWEEN 3594082 AND 3594181 ORDER BY c
	Unique  (cost=373.20..373.67 rows=94 width=121)
	  ->  Sort  (cost=373.20..373.43 rows=94 width=121)
	        Sort Key: c
	        ->  Index Scan using sbtest1_pkey on sbtest1  (cost=0.43..370.12 rows=94 width=121)
	              Index Cond: ((id >= 3594082) AND (id <= 3594181))

table 2 : explain SELECT DISTINCT c FROM sbtest2 WHERE id BETWEEN 4337648 AND 4337747 ORDER BY c
	Unique  (cost=391.85..392.35 rows=99 width=121)
	  ->  Sort  (cost=391.85..392.10 rows=99 width=121)
	        Sort Key: c
	        ->  Index Scan using sbtest2_pkey on sbtest2  (cost=0.43..388.57 rows=99 width=121)
	              Index Cond: ((id >= 4337648) AND (id <= 4337747))

table 3 : explain SELECT DISTINCT c FROM sbtest3 WHERE id BETWEEN 1854691 AND 1854790 ORDER BY c
	Unique  (cost=438.67..439.22 rows=111 width=121)
	  ->  Sort  (cost=438.67..438.94 rows=111 width=121)
	        Sort Key: c
	        ->  Index Scan using sbtest3_pkey on sbtest3  (cost=0.43..434.89 rows=111 width=121)
	              Index Cond: ((id >= 1854691) AND (id <= 1854790))

table 4 : explain SELECT DISTINCT c FROM sbtest4 WHERE id BETWEEN 9458010 AND 9458109 ORDER BY c
	Unique  (cost=391.81..392.30 rows=99 width=121)
	  ->  Sort  (cost=391.81..392.06 rows=99 width=121)
	        Sort Key: c
	        ->  Index Scan using sbtest4_pkey on sbtest4  (cost=0.43..388.53 rows=99 width=121)
	              Index Cond: ((id >= 9458010) AND (id <= 9458109))

table 5 : explain SELECT DISTINCT c FROM sbtest5 WHERE id BETWEEN 2146530 AND 2146629 ORDER BY c
	Unique  (cost=406.60..407.11 rows=103 width=121)
	  ->  Sort  (cost=406.60..406.86 rows=103 width=121)
	        Sort Key: c
	        ->  Index Scan using sbtest5_pkey on sbtest5  (cost=0.43..403.16 rows=103 width=121)
	              Index Cond: ((id >= 2146530) AND (id <= 2146629))

table 6 : explain SELECT DISTINCT c FROM sbtest6 WHERE id BETWEEN 4203129 AND 4203228 ORDER BY c
	Unique  (cost=430.61..431.16 rows=109 width=121)
	  ->  Sort  (cost=430.61..430.88 rows=109 width=121)
	        Sort Key: c
	        ->  Index Scan using sbtest6_pkey on sbtest6  (cost=0.43..426.92 rows=109 width=121)
	              Index Cond: ((id >= 4203129) AND (id <= 4203228))

table 7 : explain SELECT DISTINCT c FROM sbtest7 WHERE id BETWEEN 3773245 AND 3773344 ORDER BY c
	Unique  (cost=404.25..404.76 rows=102 width=121)
	  ->  Sort  (cost=404.25..404.51 rows=102 width=121)
	        Sort Key: c
	        ->  Index Scan using sbtest7_pkey on sbtest7  (cost=0.43..400.85 rows=102 width=121)
	              Index Cond: ((id >= 3773245) AND (id <= 3773344))

table 8 : explain SELECT DISTINCT c FROM sbtest8 WHERE id BETWEEN 139377 AND 139476 ORDER BY c
	Unique  (cost=380.14..380.62 rows=96 width=121)
	  ->  Sort  (cost=380.14..380.38 rows=96 width=121)
	        Sort Key: c
	        ->  Index Scan using sbtest8_pkey on sbtest8  (cost=0.43..376.98 rows=96 width=121)
	              Index Cond: ((id >= 139377) AND (id <= 139476))

explain: for deletes :: explain DELETE FROM sbtest%u WHERE id=%u
for inserts
table 1 : explain INSERT INTO sbtest1 (id, k, c, pad) VALUES (4490019, 13, 'foobar', 'foobar')
	Insert on sbtest1  (cost=0.00..0.01 rows=0 width=0)
	  ->  Result  (cost=0.00..0.01 rows=1 width=736)

table 2 : explain INSERT INTO sbtest2 (id, k, c, pad) VALUES (4440336, 13, 'foobar', 'foobar')
	Insert on sbtest2  (cost=0.00..0.01 rows=0 width=0)
	  ->  Result  (cost=0.00..0.01 rows=1 width=736)

table 3 : explain INSERT INTO sbtest3 (id, k, c, pad) VALUES (3442378, 13, 'foobar', 'foobar')
	Insert on sbtest3  (cost=0.00..0.01 rows=0 width=0)
	  ->  Result  (cost=0.00..0.01 rows=1 width=736)

table 4 : explain INSERT INTO sbtest4 (id, k, c, pad) VALUES (2579501, 13, 'foobar', 'foobar')
	Insert on sbtest4  (cost=0.00..0.01 rows=0 width=0)
	  ->  Result  (cost=0.00..0.01 rows=1 width=736)

table 5 : explain INSERT INTO sbtest5 (id, k, c, pad) VALUES (6468925, 13, 'foobar', 'foobar')
	Insert on sbtest5  (cost=0.00..0.01 rows=0 width=0)
	  ->  Result  (cost=0.00..0.01 rows=1 width=736)

table 6 : explain INSERT INTO sbtest6 (id, k, c, pad) VALUES (2151211, 13, 'foobar', 'foobar')
	Insert on sbtest6  (cost=0.00..0.01 rows=0 width=0)
	  ->  Result  (cost=0.00..0.01 rows=1 width=736)

table 7 : explain INSERT INTO sbtest7 (id, k, c, pad) VALUES (2560597, 13, 'foobar', 'foobar')
	Insert on sbtest7  (cost=0.00..0.01 rows=0 width=0)
	  ->  Result  (cost=0.00..0.01 rows=1 width=736)

table 8 : explain INSERT INTO sbtest8 (id, k, c, pad) VALUES (746757, 13, 'foobar', 'foobar')
	Insert on sbtest8  (cost=0.00..0.01 rows=0 width=0)
	  ->  Result  (cost=0.00..0.01 rows=1 width=736)

for index_updates
table 1 : explain UPDATE sbtest1 SET k=k+1 WHERE id=7115508
	Update on sbtest1  (cost=0.43..8.46 rows=0 width=0)
	  ->  Index Scan using sbtest1_pkey on sbtest1  (cost=0.43..8.46 rows=1 width=10)
	        Index Cond: (id = 7115508)

table 2 : explain UPDATE sbtest2 SET k=k+1 WHERE id=1177900
	Update on sbtest2  (cost=0.43..8.46 rows=0 width=0)
	  ->  Index Scan using sbtest2_pkey on sbtest2  (cost=0.43..8.46 rows=1 width=10)
	        Index Cond: (id = 1177900)

table 3 : explain UPDATE sbtest3 SET k=k+1 WHERE id=7284100
	Update on sbtest3  (cost=0.43..8.46 rows=0 width=0)
	  ->  Index Scan using sbtest3_pkey on sbtest3  (cost=0.43..8.46 rows=1 width=10)
	        Index Cond: (id = 7284100)

table 4 : explain UPDATE sbtest4 SET k=k+1 WHERE id=2606752
	Update on sbtest4  (cost=0.43..8.46 rows=0 width=0)
	  ->  Index Scan using sbtest4_pkey on sbtest4  (cost=0.43..8.46 rows=1 width=10)
	        Index Cond: (id = 2606752)

table 5 : explain UPDATE sbtest5 SET k=k+1 WHERE id=3868913
	Update on sbtest5  (cost=0.43..8.46 rows=0 width=0)
	  ->  Index Scan using sbtest5_pkey on sbtest5  (cost=0.43..8.46 rows=1 width=10)
	        Index Cond: (id = 3868913)

table 6 : explain UPDATE sbtest6 SET k=k+1 WHERE id=5675043
	Update on sbtest6  (cost=0.43..8.46 rows=0 width=0)
	  ->  Index Scan using sbtest6_pkey on sbtest6  (cost=0.43..8.46 rows=1 width=10)
	        Index Cond: (id = 5675043)

table 7 : explain UPDATE sbtest7 SET k=k+1 WHERE id=5230674
	Update on sbtest7  (cost=0.43..8.46 rows=0 width=0)
	  ->  Index Scan using sbtest7_pkey on sbtest7  (cost=0.43..8.46 rows=1 width=10)
	        Index Cond: (id = 5230674)

table 8 : explain UPDATE sbtest8 SET k=k+1 WHERE id=9513639
	Update on sbtest8  (cost=0.43..8.46 rows=0 width=0)
	  ->  Index Scan using sbtest8_pkey on sbtest8  (cost=0.43..8.46 rows=1 width=10)
	        Index Cond: (id = 9513639)

explain: for index_updates :: explain UPDATE sbtest%u SET k=k+1 WHERE id=%u
for inserts
table 1 : explain INSERT INTO sbtest1 (id, k, c, pad) VALUES (4374703, 13, 'foobar', 'foobar')
	Insert on sbtest1  (cost=0.00..0.01 rows=0 width=0)
	  ->  Result  (cost=0.00..0.01 rows=1 width=736)

table 2 : explain INSERT INTO sbtest2 (id, k, c, pad) VALUES (1414658, 13, 'foobar', 'foobar')
	Insert on sbtest2  (cost=0.00..0.01 rows=0 width=0)
	  ->  Result  (cost=0.00..0.01 rows=1 width=736)

table 3 : explain INSERT INTO sbtest3 (id, k, c, pad) VALUES (7201157, 13, 'foobar', 'foobar')
	Insert on sbtest3  (cost=0.00..0.01 rows=0 width=0)
	  ->  Result  (cost=0.00..0.01 rows=1 width=736)

table 4 : explain INSERT INTO sbtest4 (id, k, c, pad) VALUES (8927939, 13, 'foobar', 'foobar')
	Insert on sbtest4  (cost=0.00..0.01 rows=0 width=0)
	  ->  Result  (cost=0.00..0.01 rows=1 width=736)

table 5 : explain INSERT INTO sbtest5 (id, k, c, pad) VALUES (6274453, 13, 'foobar', 'foobar')
	Insert on sbtest5  (cost=0.00..0.01 rows=0 width=0)
	  ->  Result  (cost=0.00..0.01 rows=1 width=736)

table 6 : explain INSERT INTO sbtest6 (id, k, c, pad) VALUES (9077740, 13, 'foobar', 'foobar')
	Insert on sbtest6  (cost=0.00..0.01 rows=0 width=0)
	  ->  Result  (cost=0.00..0.01 rows=1 width=736)

table 7 : explain INSERT INTO sbtest7 (id, k, c, pad) VALUES (7692995, 13, 'foobar', 'foobar')
	Insert on sbtest7  (cost=0.00..0.01 rows=0 width=0)
	  ->  Result  (cost=0.00..0.01 rows=1 width=736)

table 8 : explain INSERT INTO sbtest8 (id, k, c, pad) VALUES (731155, 13, 'foobar', 'foobar')
	Insert on sbtest8  (cost=0.00..0.01 rows=0 width=0)
	  ->  Result  (cost=0.00..0.01 rows=1 width=736)

for inserts
table 1 : explain INSERT INTO sbtest1 (id, k, c, pad) VALUES (7251814, 13, 'foobar', 'foobar')
	Insert on sbtest1  (cost=0.00..0.01 rows=0 width=0)
	  ->  Result  (cost=0.00..0.01 rows=1 width=736)

table 2 : explain INSERT INTO sbtest2 (id, k, c, pad) VALUES (5504612, 13, 'foobar', 'foobar')
	Insert on sbtest2  (cost=0.00..0.01 rows=0 width=0)
	  ->  Result  (cost=0.00..0.01 rows=1 width=736)

table 3 : explain INSERT INTO sbtest3 (id, k, c, pad) VALUES (3550658, 13, 'foobar', 'foobar')
	Insert on sbtest3  (cost=0.00..0.01 rows=0 width=0)
	  ->  Result  (cost=0.00..0.01 rows=1 width=736)

table 4 : explain INSERT INTO sbtest4 (id, k, c, pad) VALUES (9494558, 13, 'foobar', 'foobar')
	Insert on sbtest4  (cost=0.00..0.01 rows=0 width=0)
	  ->  Result  (cost=0.00..0.01 rows=1 width=736)

table 5 : explain INSERT INTO sbtest5 (id, k, c, pad) VALUES (9334737, 13, 'foobar', 'foobar')
	Insert on sbtest5  (cost=0.00..0.01 rows=0 width=0)
	  ->  Result  (cost=0.00..0.01 rows=1 width=736)

table 6 : explain INSERT INTO sbtest6 (id, k, c, pad) VALUES (9762963, 13, 'foobar', 'foobar')
	Insert on sbtest6  (cost=0.00..0.01 rows=0 width=0)
	  ->  Result  (cost=0.00..0.01 rows=1 width=736)

table 7 : explain INSERT INTO sbtest7 (id, k, c, pad) VALUES (2752639, 13, 'foobar', 'foobar')
	Insert on sbtest7  (cost=0.00..0.01 rows=0 width=0)
	  ->  Result  (cost=0.00..0.01 rows=1 width=736)

table 8 : explain INSERT INTO sbtest8 (id, k, c, pad) VALUES (5228696, 13, 'foobar', 'foobar')
	Insert on sbtest8  (cost=0.00..0.01 rows=0 width=0)
	  ->  Result  (cost=0.00..0.01 rows=1 width=736)

for: distinct_ranges
table 1 : explain SELECT DISTINCT c FROM sbtest1 WHERE id BETWEEN 5932054 AND 5932153 ORDER BY c
	Unique  (cost=436.09..436.64 rows=110 width=121)
	  ->  Sort  (cost=436.09..436.37 rows=110 width=121)
	        Sort Key: c
	        ->  Index Scan using sbtest1_pkey on sbtest1  (cost=0.43..432.36 rows=110 width=121)
	              Index Cond: ((id >= 5932054) AND (id <= 5932153))

table 2 : explain SELECT DISTINCT c FROM sbtest2 WHERE id BETWEEN 1709820 AND 1709919 ORDER BY c
	Unique  (cost=337.00..337.43 rows=85 width=121)
	  ->  Sort  (cost=337.00..337.22 rows=85 width=121)
	        Sort Key: c
	        ->  Index Scan using sbtest2_pkey on sbtest2  (cost=0.43..334.28 rows=85 width=121)
	              Index Cond: ((id >= 1709820) AND (id <= 1709919))

table 3 : explain SELECT DISTINCT c FROM sbtest3 WHERE id BETWEEN 4310942 AND 4311041 ORDER BY c
	Unique  (cost=387.71..388.20 rows=98 width=121)
	  ->  Sort  (cost=387.71..387.96 rows=98 width=121)
	        Sort Key: c
	        ->  Index Scan using sbtest3_pkey on sbtest3  (cost=0.43..384.47 rows=98 width=121)
	              Index Cond: ((id >= 4310942) AND (id <= 4311041))

table 4 : explain SELECT DISTINCT c FROM sbtest4 WHERE id BETWEEN 685289 AND 685388 ORDER BY c
	Unique  (cost=383.97..384.46 rows=97 width=121)
	  ->  Sort  (cost=383.97..384.22 rows=97 width=121)
	        Sort Key: c
	        ->  Index Scan using sbtest4_pkey on sbtest4  (cost=0.43..380.77 rows=97 width=121)
	              Index Cond: ((id >= 685289) AND (id <= 685388))

table 5 : explain SELECT DISTINCT c FROM sbtest5 WHERE id BETWEEN 7106115 AND 7106214 ORDER BY c
	Unique  (cost=359.66..360.11 rows=91 width=121)
	  ->  Sort  (cost=359.66..359.88 rows=91 width=121)
	        Sort Key: c
	        ->  Index Scan using sbtest5_pkey on sbtest5  (cost=0.43..356.70 rows=91 width=121)
	              Index Cond: ((id >= 7106115) AND (id <= 7106214))

table 6 : explain SELECT DISTINCT c FROM sbtest6 WHERE id BETWEEN 2842222 AND 2842321 ORDER BY c
	Unique  (cost=364.03..364.49 rows=92 width=121)
	  ->  Sort  (cost=364.03..364.26 rows=92 width=121)
	        Sort Key: c
	        ->  Index Scan using sbtest6_pkey on sbtest6  (cost=0.43..361.03 rows=92 width=121)
	              Index Cond: ((id >= 2842222) AND (id <= 2842321))

table 7 : explain SELECT DISTINCT c FROM sbtest7 WHERE id BETWEEN 4922722 AND 4922821 ORDER BY c
	Unique  (cost=400.33..400.83 rows=101 width=121)
	  ->  Sort  (cost=400.33..400.58 rows=101 width=121)
	        Sort Key: c
	        ->  Index Scan using sbtest7_pkey on sbtest7  (cost=0.43..396.97 rows=101 width=121)
	              Index Cond: ((id >= 4922722) AND (id <= 4922821))

table 8 : explain SELECT DISTINCT c FROM sbtest8 WHERE id BETWEEN 3666841 AND 3666940 ORDER BY c
	Unique  (cost=407.61..408.12 rows=103 width=121)
	  ->  Sort  (cost=407.61..407.86 rows=103 width=121)
	        Sort Key: c
	        ->  Index Scan using sbtest8_pkey on sbtest8  (cost=0.43..404.16 rows=103 width=121)
	              Index Cond: ((id >= 3666841) AND (id <= 3666940))

for deletes
table 1 : explain DELETE FROM sbtest1 WHERE id=3658431
	Delete on sbtest1  (cost=0.43..8.45 rows=0 width=0)
	  ->  Index Scan using sbtest1_pkey on sbtest1  (cost=0.43..8.45 rows=1 width=6)
	        Index Cond: (id = 3658431)

table 2 : explain DELETE FROM sbtest2 WHERE id=8579799
	Delete on sbtest2  (cost=0.43..8.45 rows=0 width=0)
	  ->  Index Scan using sbtest2_pkey on sbtest2  (cost=0.43..8.45 rows=1 width=6)
	        Index Cond: (id = 8579799)

table 3 : explain DELETE FROM sbtest3 WHERE id=5499186
	Delete on sbtest3  (cost=0.43..8.45 rows=0 width=0)
	  ->  Index Scan using sbtest3_pkey on sbtest3  (cost=0.43..8.45 rows=1 width=6)
	        Index Cond: (id = 5499186)

table 4 : explain DELETE FROM sbtest4 WHERE id=2327357
	Delete on sbtest4  (cost=0.43..8.45 rows=0 width=0)
	  ->  Index Scan using sbtest4_pkey on sbtest4  (cost=0.43..8.45 rows=1 width=6)
	        Index Cond: (id = 2327357)

table 5 : explain DELETE FROM sbtest5 WHERE id=8564654
	Delete on sbtest5  (cost=0.43..8.45 rows=0 width=0)
	  ->  Index Scan using sbtest5_pkey on sbtest5  (cost=0.43..8.45 rows=1 width=6)
	        Index Cond: (id = 8564654)

table 6 : explain DELETE FROM sbtest6 WHERE id=3245337
	Delete on sbtest6  (cost=0.43..8.45 rows=0 width=0)
	  ->  Index Scan using sbtest6_pkey on sbtest6  (cost=0.43..8.45 rows=1 width=6)
	        Index Cond: (id = 3245337)

table 7 : explain DELETE FROM sbtest7 WHERE id=1034308
	Delete on sbtest7  (cost=0.43..8.45 rows=0 width=0)
	  ->  Index Scan using sbtest7_pkey on sbtest7  (cost=0.43..8.45 rows=1 width=6)
	        Index Cond: (id = 1034308)

table 8 : explain DELETE FROM sbtest8 WHERE id=8939696
	Delete on sbtest8  (cost=0.43..8.45 rows=0 width=0)
	  ->  Index Scan using sbtest8_pkey on sbtest8  (cost=0.43..8.45 rows=1 width=6)
	        Index Cond: (id = 8939696)

for deletes
table 1 : explain DELETE FROM sbtest1 WHERE id=1525179
	Delete on sbtest1  (cost=0.43..8.45 rows=0 width=0)
	  ->  Index Scan using sbtest1_pkey on sbtest1  (cost=0.43..8.45 rows=1 width=6)
	        Index Cond: (id = 1525179)

table 2 : explain DELETE FROM sbtest2 WHERE id=9817812
	Delete on sbtest2  (cost=0.43..8.45 rows=0 width=0)
	  ->  Index Scan using sbtest2_pkey on sbtest2  (cost=0.43..8.45 rows=1 width=6)
	        Index Cond: (id = 9817812)

table 3 : explain DELETE FROM sbtest3 WHERE id=5998565
	Delete on sbtest3  (cost=0.43..8.45 rows=0 width=0)
	  ->  Index Scan using sbtest3_pkey on sbtest3  (cost=0.43..8.45 rows=1 width=6)
	        Index Cond: (id = 5998565)

table 4 : explain DELETE FROM sbtest4 WHERE id=9043653
	Delete on sbtest4  (cost=0.43..8.45 rows=0 width=0)
	  ->  Index Scan using sbtest4_pkey on sbtest4  (cost=0.43..8.45 rows=1 width=6)
	        Index Cond: (id = 9043653)

table 5 : explain DELETE FROM sbtest5 WHERE id=7628981
	Delete on sbtest5  (cost=0.43..8.45 rows=0 width=0)
	  ->  Index Scan using sbtest5_pkey on sbtest5  (cost=0.43..8.45 rows=1 width=6)
	        Index Cond: (id = 7628981)

table 6 : explain DELETE FROM sbtest6 WHERE id=8819204
	Delete on sbtest6  (cost=0.43..8.45 rows=0 width=0)
	  ->  Index Scan using sbtest6_pkey on sbtest6  (cost=0.43..8.45 rows=1 width=6)
	        Index Cond: (id = 8819204)

table 7 : explain DELETE FROM sbtest7 WHERE id=874231
	Delete on sbtest7  (cost=0.43..8.45 rows=0 width=0)
	  ->  Index Scan using sbtest7_pkey on sbtest7  (cost=0.43..8.45 rows=1 width=6)
	        Index Cond: (id = 874231)

table 8 : explain DELETE FROM sbtest8 WHERE id=1544843
	Delete on sbtest8  (cost=0.43..8.45 rows=0 width=0)
	  ->  Index Scan using sbtest8_pkey on sbtest8  (cost=0.43..8.45 rows=1 width=6)
	        Index Cond: (id = 1544843)

for non_index_updates
table 1 : explain UPDATE sbtest1 SET c='foobar' WHERE id=4929381
	Update on sbtest1  (cost=0.43..8.45 rows=0 width=0)
	  ->  Index Scan using sbtest1_pkey on sbtest1  (cost=0.43..8.45 rows=1 width=490)
	        Index Cond: (id = 4929381)

table 2 : explain UPDATE sbtest2 SET c='foobar' WHERE id=3923103
	Update on sbtest2  (cost=0.43..8.45 rows=0 width=0)
	  ->  Index Scan using sbtest2_pkey on sbtest2  (cost=0.43..8.45 rows=1 width=490)
	        Index Cond: (id = 3923103)

table 3 : explain UPDATE sbtest3 SET c='foobar' WHERE id=7875995
	Update on sbtest3  (cost=0.43..8.45 rows=0 width=0)
	  ->  Index Scan using sbtest3_pkey on sbtest3  (cost=0.43..8.45 rows=1 width=490)
	        Index Cond: (id = 7875995)

table 4 : explain UPDATE sbtest4 SET c='foobar' WHERE id=4427403
	Update on sbtest4  (cost=0.43..8.45 rows=0 width=0)
	  ->  Index Scan using sbtest4_pkey on sbtest4  (cost=0.43..8.45 rows=1 width=490)
	        Index Cond: (id = 4427403)

table 5 : explain UPDATE sbtest5 SET c='foobar' WHERE id=7181920
	Update on sbtest5  (cost=0.43..8.45 rows=0 width=0)
	  ->  Index Scan using sbtest5_pkey on sbtest5  (cost=0.43..8.45 rows=1 width=490)
	        Index Cond: (id = 7181920)

table 6 : explain UPDATE sbtest6 SET c='foobar' WHERE id=2816591
	Update on sbtest6  (cost=0.43..8.45 rows=0 width=0)
	  ->  Index Scan using sbtest6_pkey on sbtest6  (cost=0.43..8.45 rows=1 width=490)
	        Index Cond: (id = 2816591)

table 7 : explain UPDATE sbtest7 SET c='foobar' WHERE id=2782891
	Update on sbtest7  (cost=0.43..8.45 rows=0 width=0)
	  ->  Index Scan using sbtest7_pkey on sbtest7  (cost=0.43..8.45 rows=1 width=490)
	        Index Cond: (id = 2782891)

table 8 : explain UPDATE sbtest8 SET c='foobar' WHERE id=7367764
	Update on sbtest8  (cost=0.43..8.45 rows=0 width=0)
	  ->  Index Scan using sbtest8_pkey on sbtest8  (cost=0.43..8.45 rows=1 width=490)
	        Index Cond: (id = 7367764)

for deletes
table 1 : explain DELETE FROM sbtest1 WHERE id=2179217
	Delete on sbtest1  (cost=0.43..8.45 rows=0 width=0)
	  ->  Index Scan using sbtest1_pkey on sbtest1  (cost=0.43..8.45 rows=1 width=6)
	        Index Cond: (id = 2179217)

table 2 : explain DELETE FROM sbtest2 WHERE id=2094867
	Delete on sbtest2  (cost=0.43..8.45 rows=0 width=0)
	  ->  Index Scan using sbtest2_pkey on sbtest2  (cost=0.43..8.45 rows=1 width=6)
	        Index Cond: (id = 2094867)

table 3 : explain DELETE FROM sbtest3 WHERE id=5872143
	Delete on sbtest3  (cost=0.43..8.45 rows=0 width=0)
	  ->  Index Scan using sbtest3_pkey on sbtest3  (cost=0.43..8.45 rows=1 width=6)
	        Index Cond: (id = 5872143)

table 4 : explain DELETE FROM sbtest4 WHERE id=5363334
	Delete on sbtest4  (cost=0.43..8.45 rows=0 width=0)
	  ->  Index Scan using sbtest4_pkey on sbtest4  (cost=0.43..8.45 rows=1 width=6)
	        Index Cond: (id = 5363334)

table 5 : explain DELETE FROM sbtest5 WHERE id=9648106
	Delete on sbtest5  (cost=0.43..8.45 rows=0 width=0)
	  ->  Index Scan using sbtest5_pkey on sbtest5  (cost=0.43..8.45 rows=1 width=6)
	        Index Cond: (id = 9648106)

table 6 : explain DELETE FROM sbtest6 WHERE id=2606215
	Delete on sbtest6  (cost=0.43..8.45 rows=0 width=0)
	  ->  Index Scan using sbtest6_pkey on sbtest6  (cost=0.43..8.45 rows=1 width=6)
	        Index Cond: (id = 2606215)

table 7 : explain DELETE FROM sbtest7 WHERE id=203317
	Delete on sbtest7  (cost=0.43..8.45 rows=0 width=0)
	  ->  Index Scan using sbtest7_pkey on sbtest7  (cost=0.43..8.45 rows=1 width=6)
	        Index Cond: (id = 203317)

table 8 : explain DELETE FROM sbtest8 WHERE id=7911984
	Delete on sbtest8  (cost=0.43..8.45 rows=0 width=0)
	  ->  Index Scan using sbtest8_pkey on sbtest8  (cost=0.43..8.45 rows=1 width=6)
	        Index Cond: (id = 7911984)

for non_index_updates
table 1 : explain UPDATE sbtest1 SET c='foobar' WHERE id=865818
	Update on sbtest1  (cost=0.43..8.45 rows=0 width=0)
	  ->  Index Scan using sbtest1_pkey on sbtest1  (cost=0.43..8.45 rows=1 width=490)
	        Index Cond: (id = 865818)

table 2 : explain UPDATE sbtest2 SET c='foobar' WHERE id=6196581
	Update on sbtest2  (cost=0.43..8.45 rows=0 width=0)
	  ->  Index Scan using sbtest2_pkey on sbtest2  (cost=0.43..8.45 rows=1 width=490)
	        Index Cond: (id = 6196581)

table 3 : explain UPDATE sbtest3 SET c='foobar' WHERE id=9691983
	Update on sbtest3  (cost=0.43..8.45 rows=0 width=0)
	  ->  Index Scan using sbtest3_pkey on sbtest3  (cost=0.43..8.45 rows=1 width=490)
	        Index Cond: (id = 9691983)

table 4 : explain UPDATE sbtest4 SET c='foobar' WHERE id=7573602
	Update on sbtest4  (cost=0.43..8.45 rows=0 width=0)
	  ->  Index Scan using sbtest4_pkey on sbtest4  (cost=0.43..8.45 rows=1 width=490)
	        Index Cond: (id = 7573602)

table 5 : explain UPDATE sbtest5 SET c='foobar' WHERE id=2177366
	Update on sbtest5  (cost=0.43..8.45 rows=0 width=0)
	  ->  Index Scan using sbtest5_pkey on sbtest5  (cost=0.43..8.45 rows=1 width=490)
	        Index Cond: (id = 2177366)

table 6 : explain UPDATE sbtest6 SET c='foobar' WHERE id=320721
	Update on sbtest6  (cost=0.43..8.45 rows=0 width=0)
	  ->  Index Scan using sbtest6_pkey on sbtest6  (cost=0.43..8.45 rows=1 width=490)
	        Index Cond: (id = 320721)

table 7 : explain UPDATE sbtest7 SET c='foobar' WHERE id=7435922
	Update on sbtest7  (cost=0.43..8.45 rows=0 width=0)
	  ->  Index Scan using sbtest7_pkey on sbtest7  (cost=0.43..8.45 rows=1 width=490)
	        Index Cond: (id = 7435922)

table 8 : explain UPDATE sbtest8 SET c='foobar' WHERE id=3890571
	Update on sbtest8  (cost=0.43..8.45 rows=0 width=0)
	  ->  Index Scan using sbtest8_pkey on sbtest8  (cost=0.43..8.45 rows=1 width=490)
	        Index Cond: (id = 3890571)

explain: for non_index_updates :: explain UPDATE sbtest%u SET c='foobar' WHERE id=%u
for non_index_updates
table 1 : explain UPDATE sbtest1 SET c='foobar' WHERE id=735333
	Update on sbtest1  (cost=0.43..8.45 rows=0 width=0)
	  ->  Index Scan using sbtest1_pkey on sbtest1  (cost=0.43..8.45 rows=1 width=490)
	        Index Cond: (id = 735333)

table 2 : explain UPDATE sbtest2 SET c='foobar' WHERE id=5491588
	Update on sbtest2  (cost=0.43..8.45 rows=0 width=0)
	  ->  Index Scan using sbtest2_pkey on sbtest2  (cost=0.43..8.45 rows=1 width=490)
	        Index Cond: (id = 5491588)

table 3 : explain UPDATE sbtest3 SET c='foobar' WHERE id=8830236
	Update on sbtest3  (cost=0.43..8.45 rows=0 width=0)
	  ->  Index Scan using sbtest3_pkey on sbtest3  (cost=0.43..8.45 rows=1 width=490)
	        Index Cond: (id = 8830236)

table 4 : explain UPDATE sbtest4 SET c='foobar' WHERE id=3599042
	Update on sbtest4  (cost=0.43..8.45 rows=0 width=0)
	  ->  Index Scan using sbtest4_pkey on sbtest4  (cost=0.43..8.45 rows=1 width=490)
	        Index Cond: (id = 3599042)

table 5 : explain UPDATE sbtest5 SET c='foobar' WHERE id=8126911
	Update on sbtest5  (cost=0.43..8.45 rows=0 width=0)
	  ->  Index Scan using sbtest5_pkey on sbtest5  (cost=0.43..8.45 rows=1 width=490)
	        Index Cond: (id = 8126911)

table 6 : explain UPDATE sbtest6 SET c='foobar' WHERE id=4661652
	Update on sbtest6  (cost=0.43..8.45 rows=0 width=0)
	  ->  Index Scan using sbtest6_pkey on sbtest6  (cost=0.43..8.45 rows=1 width=490)
	        Index Cond: (id = 4661652)

table 7 : explain UPDATE sbtest7 SET c='foobar' WHERE id=8426322
	Update on sbtest7  (cost=0.43..8.45 rows=0 width=0)
	  ->  Index Scan using sbtest7_pkey on sbtest7  (cost=0.43..8.45 rows=1 width=490)
	        Index Cond: (id = 8426322)

table 8 : explain UPDATE sbtest8 SET c='foobar' WHERE id=2614614
	Update on sbtest8  (cost=0.43..8.45 rows=0 width=0)
	  ->  Index Scan using sbtest8_pkey on sbtest8  (cost=0.43..8.45 rows=1 width=490)
	        Index Cond: (id = 2614614)

explain: for deletes :: explain DELETE FROM sbtest%u WHERE id=%u
for: distinct_ranges
table 1 : explain SELECT DISTINCT c FROM sbtest1 WHERE id BETWEEN 1383591 AND 1383690 ORDER BY c
	Unique  (cost=349.63..350.07 rows=88 width=121)
	  ->  Sort  (cost=349.63..349.85 rows=88 width=121)
	        Sort Key: c
	        ->  Index Scan using sbtest1_pkey on sbtest1  (cost=0.43..346.79 rows=88 width=121)
	              Index Cond: ((id >= 1383591) AND (id <= 1383690))

table 2 : explain SELECT DISTINCT c FROM sbtest2 WHERE id BETWEEN 7333009 AND 7333108 ORDER BY c
	Unique  (cost=399.73..400.23 rows=101 width=121)
	  ->  Sort  (cost=399.73..399.98 rows=101 width=121)
	        Sort Key: c
	        ->  Index Scan using sbtest2_pkey on sbtest2  (cost=0.43..396.36 rows=101 width=121)
	              Index Cond: ((id >= 7333009) AND (id <= 7333108))

table 3 : explain SELECT DISTINCT c FROM sbtest3 WHERE id BETWEEN 8540899 AND 8540998 ORDER BY c
	Unique  (cost=399.50..400.00 rows=101 width=121)
	  ->  Sort  (cost=399.50..399.75 rows=101 width=121)
	        Sort Key: c
	        ->  Index Scan using sbtest3_pkey on sbtest3  (cost=0.43..396.14 rows=101 width=121)
	              Index Cond: ((id >= 8540899) AND (id <= 8540998))

table 4 : explain SELECT DISTINCT c FROM sbtest4 WHERE id BETWEEN 3077188 AND 3077287 ORDER BY c
	Unique  (cost=360.47..360.92 rows=91 width=121)
	  ->  Sort  (cost=360.47..360.70 rows=91 width=121)
	        Sort Key: c
	        ->  Index Scan using sbtest4_pkey on sbtest4  (cost=0.43..357.51 rows=91 width=121)
	              Index Cond: ((id >= 3077188) AND (id <= 3077287))

table 5 : explain SELECT DISTINCT c FROM sbtest5 WHERE id BETWEEN 9340271 AND 9340370 ORDER BY c
	Unique  (cost=390.93..391.42 rows=99 width=121)
	  ->  Sort  (cost=390.93..391.17 rows=99 width=121)
	        Sort Key: c
	        ->  Index Scan using sbtest5_pkey on sbtest5  (cost=0.43..387.64 rows=99 width=121)
	              Index Cond: ((id >= 9340271) AND (id <= 9340370))

table 6 : explain SELECT DISTINCT c FROM sbtest6 WHERE id BETWEEN 7728185 AND 7728284 ORDER BY c
	Unique  (cost=399.30..399.80 rows=101 width=121)
	  ->  Sort  (cost=399.30..399.55 rows=101 width=121)
	        Sort Key: c
	        ->  Index Scan using sbtest6_pkey on sbtest6  (cost=0.43..395.93 rows=101 width=121)
	              Index Cond: ((id >= 7728185) AND (id <= 7728284))

table 7 : explain SELECT DISTINCT c FROM sbtest7 WHERE id BETWEEN 6785927 AND 6786026 ORDER BY c
	Unique  (cost=400.33..400.83 rows=101 width=121)
	  ->  Sort  (cost=400.33..400.58 rows=101 width=121)
	        Sort Key: c
	        ->  Index Scan using sbtest7_pkey on sbtest7  (cost=0.43..396.97 rows=101 width=121)
	              Index Cond: ((id >= 6785927) AND (id <= 6786026))

table 8 : explain SELECT DISTINCT c FROM sbtest8 WHERE id BETWEEN 657690 AND 657789 ORDER BY c
	Unique  (cost=387.98..388.47 rows=98 width=121)
	  ->  Sort  (cost=387.98..388.22 rows=98 width=121)
	        Sort Key: c
	        ->  Index Scan using sbtest8_pkey on sbtest8  (cost=0.43..384.73 rows=98 width=121)
	              Index Cond: ((id >= 657690) AND (id <= 657789))

for non_index_updates
table 1 : explain UPDATE sbtest1 SET c='foobar' WHERE id=4676134
	Update on sbtest1  (cost=0.43..8.45 rows=0 width=0)
	  ->  Index Scan using sbtest1_pkey on sbtest1  (cost=0.43..8.45 rows=1 width=490)
	        Index Cond: (id = 4676134)

table 2 : explain UPDATE sbtest2 SET c='foobar' WHERE id=4827332
	Update on sbtest2  (cost=0.43..8.45 rows=0 width=0)
	  ->  Index Scan using sbtest2_pkey on sbtest2  (cost=0.43..8.45 rows=1 width=490)
	        Index Cond: (id = 4827332)

table 3 : explain UPDATE sbtest3 SET c='foobar' WHERE id=3647666
	Update on sbtest3  (cost=0.43..8.45 rows=0 width=0)
	  ->  Index Scan using sbtest3_pkey on sbtest3  (cost=0.43..8.45 rows=1 width=490)
	        Index Cond: (id = 3647666)

table 4 : explain UPDATE sbtest4 SET c='foobar' WHERE id=1894743
	Update on sbtest4  (cost=0.43..8.45 rows=0 width=0)
	  ->  Index Scan using sbtest4_pkey on sbtest4  (cost=0.43..8.45 rows=1 width=490)
	        Index Cond: (id = 1894743)

table 5 : explain UPDATE sbtest5 SET c='foobar' WHERE id=5630864
	Update on sbtest5  (cost=0.43..8.45 rows=0 width=0)
	  ->  Index Scan using sbtest5_pkey on sbtest5  (cost=0.43..8.45 rows=1 width=490)
	        Index Cond: (id = 5630864)

table 6 : explain UPDATE sbtest6 SET c='foobar' WHERE id=8059050
	Update on sbtest6  (cost=0.43..8.45 rows=0 width=0)
	  ->  Index Scan using sbtest6_pkey on sbtest6  (cost=0.43..8.45 rows=1 width=490)
	        Index Cond: (id = 8059050)

table 7 : explain UPDATE sbtest7 SET c='foobar' WHERE id=1461621
	Update on sbtest7  (cost=0.43..8.45 rows=0 width=0)
	  ->  Index Scan using sbtest7_pkey on sbtest7  (cost=0.43..8.45 rows=1 width=490)
	        Index Cond: (id = 1461621)

table 8 : explain UPDATE sbtest8 SET c='foobar' WHERE id=3046499
	Update on sbtest8  (cost=0.43..8.45 rows=0 width=0)
	  ->  Index Scan using sbtest8_pkey on sbtest8  (cost=0.43..8.45 rows=1 width=490)
	        Index Cond: (id = 3046499)

explain: for deletes :: explain DELETE FROM sbtest%u WHERE id=%u
explain: for inserts :: explain INSERT INTO sbtest%u (id, k, c, pad) VALUES (%u, 13, 'foobar', 'foobar')
explain: for deletes :: explain DELETE FROM sbtest%u WHERE id=%u
explain: for inserts :: explain INSERT INTO sbtest%u (id, k, c, pad) VALUES (%u, 13, 'foobar', 'foobar')
for index_updates
table 1 : explain UPDATE sbtest1 SET k=k+1 WHERE id=4564406
	Update on sbtest1  (cost=0.43..8.46 rows=0 width=0)
	  ->  Index Scan using sbtest1_pkey on sbtest1  (cost=0.43..8.46 rows=1 width=10)
	        Index Cond: (id = 4564406)

table 2 : explain UPDATE sbtest2 SET k=k+1 WHERE id=2615617
	Update on sbtest2  (cost=0.43..8.46 rows=0 width=0)
	  ->  Index Scan using sbtest2_pkey on sbtest2  (cost=0.43..8.46 rows=1 width=10)
	        Index Cond: (id = 2615617)

table 3 : explain UPDATE sbtest3 SET k=k+1 WHERE id=4158594
	Update on sbtest3  (cost=0.43..8.46 rows=0 width=0)
	  ->  Index Scan using sbtest3_pkey on sbtest3  (cost=0.43..8.46 rows=1 width=10)
	        Index Cond: (id = 4158594)

table 4 : explain UPDATE sbtest4 SET k=k+1 WHERE id=494881
	Update on sbtest4  (cost=0.43..8.46 rows=0 width=0)
	  ->  Index Scan using sbtest4_pkey on sbtest4  (cost=0.43..8.46 rows=1 width=10)
	        Index Cond: (id = 494881)

table 5 : explain UPDATE sbtest5 SET k=k+1 WHERE id=9645345
	Update on sbtest5  (cost=0.43..8.46 rows=0 width=0)
	  ->  Index Scan using sbtest5_pkey on sbtest5  (cost=0.43..8.46 rows=1 width=10)
	        Index Cond: (id = 9645345)

table 6 : explain UPDATE sbtest6 SET k=k+1 WHERE id=4160782
	Update on sbtest6  (cost=0.43..8.46 rows=0 width=0)
	  ->  Index Scan using sbtest6_pkey on sbtest6  (cost=0.43..8.46 rows=1 width=10)
	        Index Cond: (id = 4160782)

table 7 : explain UPDATE sbtest7 SET k=k+1 WHERE id=8495280
	Update on sbtest7  (cost=0.43..8.46 rows=0 width=0)
	  ->  Index Scan using sbtest7_pkey on sbtest7  (cost=0.43..8.46 rows=1 width=10)
	        Index Cond: (id = 8495280)

table 8 : explain UPDATE sbtest8 SET k=k+1 WHERE id=5820792
	Update on sbtest8  (cost=0.43..8.46 rows=0 width=0)
	  ->  Index Scan using sbtest8_pkey on sbtest8  (cost=0.43..8.46 rows=1 width=10)
	        Index Cond: (id = 5820792)

explain: for deletes :: explain DELETE FROM sbtest%u WHERE id=%u
explain: for index_updates :: explain UPDATE sbtest%u SET k=k+1 WHERE id=%u
for deletes
table 1 : explain DELETE FROM sbtest1 WHERE id=9476478
	Delete on sbtest1  (cost=0.43..8.45 rows=0 width=0)
	  ->  Index Scan using sbtest1_pkey on sbtest1  (cost=0.43..8.45 rows=1 width=6)
	        Index Cond: (id = 9476478)

table 2 : explain DELETE FROM sbtest2 WHERE id=7260805
	Delete on sbtest2  (cost=0.43..8.45 rows=0 width=0)
	  ->  Index Scan using sbtest2_pkey on sbtest2  (cost=0.43..8.45 rows=1 width=6)
	        Index Cond: (id = 7260805)

table 3 : explain DELETE FROM sbtest3 WHERE id=8696157
	Delete on sbtest3  (cost=0.43..8.45 rows=0 width=0)
	  ->  Index Scan using sbtest3_pkey on sbtest3  (cost=0.43..8.45 rows=1 width=6)
	        Index Cond: (id = 8696157)

table 4 : explain DELETE FROM sbtest4 WHERE id=7831255
	Delete on sbtest4  (cost=0.43..8.45 rows=0 width=0)
	  ->  Index Scan using sbtest4_pkey on sbtest4  (cost=0.43..8.45 rows=1 width=6)
	        Index Cond: (id = 7831255)

table 5 : explain DELETE FROM sbtest5 WHERE id=3032628
	Delete on sbtest5  (cost=0.43..8.45 rows=0 width=0)
	  ->  Index Scan using sbtest5_pkey on sbtest5  (cost=0.43..8.45 rows=1 width=6)
	        Index Cond: (id = 3032628)

table 6 : explain DELETE FROM sbtest6 WHERE id=6701480
	Delete on sbtest6  (cost=0.43..8.45 rows=0 width=0)
	  ->  Index Scan using sbtest6_pkey on sbtest6  (cost=0.43..8.45 rows=1 width=6)
	        Index Cond: (id = 6701480)

table 7 : explain DELETE FROM sbtest7 WHERE id=373987
	Delete on sbtest7  (cost=0.43..8.45 rows=0 width=0)
	  ->  Index Scan using sbtest7_pkey on sbtest7  (cost=0.43..8.45 rows=1 width=6)
	        Index Cond: (id = 373987)

table 8 : explain DELETE FROM sbtest8 WHERE id=5668449
	Delete on sbtest8  (cost=0.43..8.45 rows=0 width=0)
	  ->  Index Scan using sbtest8_pkey on sbtest8  (cost=0.43..8.45 rows=1 width=6)
	        Index Cond: (id = 5668449)

for deletes
table 1 : explain DELETE FROM sbtest1 WHERE id=5198678
	Delete on sbtest1  (cost=0.43..8.45 rows=0 width=0)
	  ->  Index Scan using sbtest1_pkey on sbtest1  (cost=0.43..8.45 rows=1 width=6)
	        Index Cond: (id = 5198678)

table 2 : explain DELETE FROM sbtest2 WHERE id=1493547
	Delete on sbtest2  (cost=0.43..8.45 rows=0 width=0)
	  ->  Index Scan using sbtest2_pkey on sbtest2  (cost=0.43..8.45 rows=1 width=6)
	        Index Cond: (id = 1493547)

table 3 : explain DELETE FROM sbtest3 WHERE id=5506482
	Delete on sbtest3  (cost=0.43..8.45 rows=0 width=0)
	  ->  Index Scan using sbtest3_pkey on sbtest3  (cost=0.43..8.45 rows=1 width=6)
	        Index Cond: (id = 5506482)

table 4 : explain DELETE FROM sbtest4 WHERE id=2903121
	Delete on sbtest4  (cost=0.43..8.45 rows=0 width=0)
	  ->  Index Scan using sbtest4_pkey on sbtest4  (cost=0.43..8.45 rows=1 width=6)
	        Index Cond: (id = 2903121)

table 5 : explain DELETE FROM sbtest5 WHERE id=3990707
	Delete on sbtest5  (cost=0.43..8.45 rows=0 width=0)
	  ->  Index Scan using sbtest5_pkey on sbtest5  (cost=0.43..8.45 rows=1 width=6)
	        Index Cond: (id = 3990707)

table 6 : explain DELETE FROM sbtest6 WHERE id=6933598
	Delete on sbtest6  (cost=0.43..8.45 rows=0 width=0)
	  ->  Index Scan using sbtest6_pkey on sbtest6  (cost=0.43..8.45 rows=1 width=6)
	        Index Cond: (id = 6933598)

table 7 : explain DELETE FROM sbtest7 WHERE id=7751760
	Delete on sbtest7  (cost=0.43..8.45 rows=0 width=0)
	  ->  Index Scan using sbtest7_pkey on sbtest7  (cost=0.43..8.45 rows=1 width=6)
	        Index Cond: (id = 7751760)

table 8 : explain DELETE FROM sbtest8 WHERE id=2028102
	Delete on sbtest8  (cost=0.43..8.45 rows=0 width=0)
	  ->  Index Scan using sbtest8_pkey on sbtest8  (cost=0.43..8.45 rows=1 width=6)
	        Index Cond: (id = 2028102)

for non_index_updates
table 1 : explain UPDATE sbtest1 SET c='foobar' WHERE id=4168268
	Update on sbtest1  (cost=0.43..8.45 rows=0 width=0)
	  ->  Index Scan using sbtest1_pkey on sbtest1  (cost=0.43..8.45 rows=1 width=490)
	        Index Cond: (id = 4168268)

table 2 : explain UPDATE sbtest2 SET c='foobar' WHERE id=8478075
	Update on sbtest2  (cost=0.43..8.45 rows=0 width=0)
	  ->  Index Scan using sbtest2_pkey on sbtest2  (cost=0.43..8.45 rows=1 width=490)
	        Index Cond: (id = 8478075)

table 3 : explain UPDATE sbtest3 SET c='foobar' WHERE id=2118150
	Update on sbtest3  (cost=0.43..8.45 rows=0 width=0)
	  ->  Index Scan using sbtest3_pkey on sbtest3  (cost=0.43..8.45 rows=1 width=490)
	        Index Cond: (id = 2118150)

table 4 : explain UPDATE sbtest4 SET c='foobar' WHERE id=6330377
	Update on sbtest4  (cost=0.43..8.45 rows=0 width=0)
	  ->  Index Scan using sbtest4_pkey on sbtest4  (cost=0.43..8.45 rows=1 width=490)
	        Index Cond: (id = 6330377)

table 5 : explain UPDATE sbtest5 SET c='foobar' WHERE id=4516992
	Update on sbtest5  (cost=0.43..8.45 rows=0 width=0)
	  ->  Index Scan using sbtest5_pkey on sbtest5  (cost=0.43..8.45 rows=1 width=490)
	        Index Cond: (id = 4516992)

table 6 : explain UPDATE sbtest6 SET c='foobar' WHERE id=5020576
	Update on sbtest6  (cost=0.43..8.45 rows=0 width=0)
	  ->  Index Scan using sbtest6_pkey on sbtest6  (cost=0.43..8.45 rows=1 width=490)
	        Index Cond: (id = 5020576)

table 7 : explain UPDATE sbtest7 SET c='foobar' WHERE id=1450553
	Update on sbtest7  (cost=0.43..8.45 rows=0 width=0)
	  ->  Index Scan using sbtest7_pkey on sbtest7  (cost=0.43..8.45 rows=1 width=490)
	        Index Cond: (id = 1450553)

table 8 : explain UPDATE sbtest8 SET c='foobar' WHERE id=5461504
	Update on sbtest8  (cost=0.43..8.45 rows=0 width=0)
	  ->  Index Scan using sbtest8_pkey on sbtest8  (cost=0.43..8.45 rows=1 width=490)
	        Index Cond: (id = 5461504)

explain: for index_updates :: explain UPDATE sbtest%u SET k=k+1 WHERE id=%u
for inserts
table 1 : explain INSERT INTO sbtest1 (id, k, c, pad) VALUES (7601963, 13, 'foobar', 'foobar')
	Insert on sbtest1  (cost=0.00..0.01 rows=0 width=0)
	  ->  Result  (cost=0.00..0.01 rows=1 width=736)

table 2 : explain INSERT INTO sbtest2 (id, k, c, pad) VALUES (8878063, 13, 'foobar', 'foobar')
	Insert on sbtest2  (cost=0.00..0.01 rows=0 width=0)
	  ->  Result  (cost=0.00..0.01 rows=1 width=736)

table 3 : explain INSERT INTO sbtest3 (id, k, c, pad) VALUES (6831593, 13, 'foobar', 'foobar')
	Insert on sbtest3  (cost=0.00..0.01 rows=0 width=0)
	  ->  Result  (cost=0.00..0.01 rows=1 width=736)

table 4 : explain INSERT INTO sbtest4 (id, k, c, pad) VALUES (3120098, 13, 'foobar', 'foobar')
	Insert on sbtest4  (cost=0.00..0.01 rows=0 width=0)
	  ->  Result  (cost=0.00..0.01 rows=1 width=736)

table 5 : explain INSERT INTO sbtest5 (id, k, c, pad) VALUES (6237844, 13, 'foobar', 'foobar')
	Insert on sbtest5  (cost=0.00..0.01 rows=0 width=0)
	  ->  Result  (cost=0.00..0.01 rows=1 width=736)

table 6 : explain INSERT INTO sbtest6 (id, k, c, pad) VALUES (7250516, 13, 'foobar', 'foobar')
	Insert on sbtest6  (cost=0.00..0.01 rows=0 width=0)
	  ->  Result  (cost=0.00..0.01 rows=1 width=736)

table 7 : explain INSERT INTO sbtest7 (id, k, c, pad) VALUES (9980301, 13, 'foobar', 'foobar')
	Insert on sbtest7  (cost=0.00..0.01 rows=0 width=0)
	  ->  Result  (cost=0.00..0.01 rows=1 width=736)

table 8 : explain INSERT INTO sbtest8 (id, k, c, pad) VALUES (9469483, 13, 'foobar', 'foobar')
	Insert on sbtest8  (cost=0.00..0.01 rows=0 width=0)
	  ->  Result  (cost=0.00..0.01 rows=1 width=736)

for inserts
table 1 : explain INSERT INTO sbtest1 (id, k, c, pad) VALUES (4400318, 13, 'foobar', 'foobar')
	Insert on sbtest1  (cost=0.00..0.01 rows=0 width=0)
	  ->  Result  (cost=0.00..0.01 rows=1 width=736)

table 2 : explain INSERT INTO sbtest2 (id, k, c, pad) VALUES (6690422, 13, 'foobar', 'foobar')
	Insert on sbtest2  (cost=0.00..0.01 rows=0 width=0)
	  ->  Result  (cost=0.00..0.01 rows=1 width=736)

table 3 : explain INSERT INTO sbtest3 (id, k, c, pad) VALUES (8922375, 13, 'foobar', 'foobar')
	Insert on sbtest3  (cost=0.00..0.01 rows=0 width=0)
	  ->  Result  (cost=0.00..0.01 rows=1 width=736)

table 4 : explain INSERT INTO sbtest4 (id, k, c, pad) VALUES (5492636, 13, 'foobar', 'foobar')
	Insert on sbtest4  (cost=0.00..0.01 rows=0 width=0)
	  ->  Result  (cost=0.00..0.01 rows=1 width=736)

table 5 : explain INSERT INTO sbtest5 (id, k, c, pad) VALUES (6611559, 13, 'foobar', 'foobar')
	Insert on sbtest5  (cost=0.00..0.01 rows=0 width=0)
	  ->  Result  (cost=0.00..0.01 rows=1 width=736)

table 6 : explain INSERT INTO sbtest6 (id, k, c, pad) VALUES (3996128, 13, 'foobar', 'foobar')
	Insert on sbtest6  (cost=0.00..0.01 rows=0 width=0)
	  ->  Result  (cost=0.00..0.01 rows=1 width=736)

table 7 : explain INSERT INTO sbtest7 (id, k, c, pad) VALUES (5658745, 13, 'foobar', 'foobar')
	Insert on sbtest7  (cost=0.00..0.01 rows=0 width=0)
	  ->  Result  (cost=0.00..0.01 rows=1 width=736)

table 8 : explain INSERT INTO sbtest8 (id, k, c, pad) VALUES (6483547, 13, 'foobar', 'foobar')
	Insert on sbtest8  (cost=0.00..0.01 rows=0 width=0)
	  ->  Result  (cost=0.00..0.01 rows=1 width=736)

explain: for non_index_updates :: explain UPDATE sbtest%u SET c='foobar' WHERE id=%u
for deletes
table 1 : explain DELETE FROM sbtest1 WHERE id=540593
	Delete on sbtest1  (cost=0.43..8.45 rows=0 width=0)
	  ->  Index Scan using sbtest1_pkey on sbtest1  (cost=0.43..8.45 rows=1 width=6)
	        Index Cond: (id = 540593)

table 2 : explain DELETE FROM sbtest2 WHERE id=1242607
	Delete on sbtest2  (cost=0.43..8.45 rows=0 width=0)
	  ->  Index Scan using sbtest2_pkey on sbtest2  (cost=0.43..8.45 rows=1 width=6)
	        Index Cond: (id = 1242607)

table 3 : explain DELETE FROM sbtest3 WHERE id=3815751
	Delete on sbtest3  (cost=0.43..8.45 rows=0 width=0)
	  ->  Index Scan using sbtest3_pkey on sbtest3  (cost=0.43..8.45 rows=1 width=6)
	        Index Cond: (id = 3815751)

table 4 : explain DELETE FROM sbtest4 WHERE id=7478838
	Delete on sbtest4  (cost=0.43..8.45 rows=0 width=0)
	  ->  Index Scan using sbtest4_pkey on sbtest4  (cost=0.43..8.45 rows=1 width=6)
	        Index Cond: (id = 7478838)

table 5 : explain DELETE FROM sbtest5 WHERE id=8086503
	Delete on sbtest5  (cost=0.43..8.45 rows=0 width=0)
	  ->  Index Scan using sbtest5_pkey on sbtest5  (cost=0.43..8.45 rows=1 width=6)
	        Index Cond: (id = 8086503)

table 6 : explain DELETE FROM sbtest6 WHERE id=2557488
	Delete on sbtest6  (cost=0.43..8.45 rows=0 width=0)
	  ->  Index Scan using sbtest6_pkey on sbtest6  (cost=0.43..8.45 rows=1 width=6)
	        Index Cond: (id = 2557488)

table 7 : explain DELETE FROM sbtest7 WHERE id=9288508
	Delete on sbtest7  (cost=0.43..8.45 rows=0 width=0)
	  ->  Index Scan using sbtest7_pkey on sbtest7  (cost=0.43..8.45 rows=1 width=6)
	        Index Cond: (id = 9288508)

table 8 : explain DELETE FROM sbtest8 WHERE id=699789
	Delete on sbtest8  (cost=0.43..8.45 rows=0 width=0)
	  ->  Index Scan using sbtest8_pkey on sbtest8  (cost=0.43..8.45 rows=1 width=6)
	        Index Cond: (id = 699789)

explain: for deletes :: explain DELETE FROM sbtest%u WHERE id=%u
for deletes
table 1 : explain DELETE FROM sbtest1 WHERE id=6396765
	Delete on sbtest1  (cost=0.43..8.45 rows=0 width=0)
	  ->  Index Scan using sbtest1_pkey on sbtest1  (cost=0.43..8.45 rows=1 width=6)
	        Index Cond: (id = 6396765)

table 2 : explain DELETE FROM sbtest2 WHERE id=2228015
	Delete on sbtest2  (cost=0.43..8.45 rows=0 width=0)
	  ->  Index Scan using sbtest2_pkey on sbtest2  (cost=0.43..8.45 rows=1 width=6)
	        Index Cond: (id = 2228015)

table 3 : explain DELETE FROM sbtest3 WHERE id=7980610
	Delete on sbtest3  (cost=0.43..8.45 rows=0 width=0)
	  ->  Index Scan using sbtest3_pkey on sbtest3  (cost=0.43..8.45 rows=1 width=6)
	        Index Cond: (id = 7980610)

table 4 : explain DELETE FROM sbtest4 WHERE id=6839970
	Delete on sbtest4  (cost=0.43..8.45 rows=0 width=0)
	  ->  Index Scan using sbtest4_pkey on sbtest4  (cost=0.43..8.45 rows=1 width=6)
	        Index Cond: (id = 6839970)

table 5 : explain DELETE FROM sbtest5 WHERE id=9602285
	Delete on sbtest5  (cost=0.43..8.45 rows=0 width=0)
	  ->  Index Scan using sbtest5_pkey on sbtest5  (cost=0.43..8.45 rows=1 width=6)
	        Index Cond: (id = 9602285)

table 6 : explain DELETE FROM sbtest6 WHERE id=9680245
	Delete on sbtest6  (cost=0.43..8.45 rows=0 width=0)
	  ->  Index Scan using sbtest6_pkey on sbtest6  (cost=0.43..8.45 rows=1 width=6)
	        Index Cond: (id = 9680245)

table 7 : explain DELETE FROM sbtest7 WHERE id=4002829
	Delete on sbtest7  (cost=0.43..8.45 rows=0 width=0)
	  ->  Index Scan using sbtest7_pkey on sbtest7  (cost=0.43..8.45 rows=1 width=6)
	        Index Cond: (id = 4002829)

table 8 : explain DELETE FROM sbtest8 WHERE id=4498814
	Delete on sbtest8  (cost=0.43..8.45 rows=0 width=0)
	  ->  Index Scan using sbtest8_pkey on sbtest8  (cost=0.43..8.45 rows=1 width=6)
	        Index Cond: (id = 4498814)

explain: for inserts :: explain INSERT INTO sbtest%u (id, k, c, pad) VALUES (%u, 13, 'foobar', 'foobar')
explain: for inserts :: explain INSERT INTO sbtest%u (id, k, c, pad) VALUES (%u, 13, 'foobar', 'foobar')
for non_index_updates
table 1 : explain UPDATE sbtest1 SET c='foobar' WHERE id=6397864
	Update on sbtest1  (cost=0.43..8.45 rows=0 width=0)
	  ->  Index Scan using sbtest1_pkey on sbtest1  (cost=0.43..8.45 rows=1 width=490)
	        Index Cond: (id = 6397864)

table 2 : explain UPDATE sbtest2 SET c='foobar' WHERE id=8202542
	Update on sbtest2  (cost=0.43..8.45 rows=0 width=0)
	  ->  Index Scan using sbtest2_pkey on sbtest2  (cost=0.43..8.45 rows=1 width=490)
	        Index Cond: (id = 8202542)

table 3 : explain UPDATE sbtest3 SET c='foobar' WHERE id=6271476
	Update on sbtest3  (cost=0.43..8.45 rows=0 width=0)
	  ->  Index Scan using sbtest3_pkey on sbtest3  (cost=0.43..8.45 rows=1 width=490)
	        Index Cond: (id = 6271476)

table 4 : explain UPDATE sbtest4 SET c='foobar' WHERE id=448361
	Update on sbtest4  (cost=0.43..8.45 rows=0 width=0)
	  ->  Index Scan using sbtest4_pkey on sbtest4  (cost=0.43..8.45 rows=1 width=490)
	        Index Cond: (id = 448361)

table 5 : explain UPDATE sbtest5 SET c='foobar' WHERE id=2430463
	Update on sbtest5  (cost=0.43..8.45 rows=0 width=0)
	  ->  Index Scan using sbtest5_pkey on sbtest5  (cost=0.43..8.45 rows=1 width=490)
	        Index Cond: (id = 2430463)

table 6 : explain UPDATE sbtest6 SET c='foobar' WHERE id=2979468
	Update on sbtest6  (cost=0.43..8.45 rows=0 width=0)
	  ->  Index Scan using sbtest6_pkey on sbtest6  (cost=0.43..8.45 rows=1 width=490)
	        Index Cond: (id = 2979468)

table 7 : explain UPDATE sbtest7 SET c='foobar' WHERE id=67819
	Update on sbtest7  (cost=0.43..8.45 rows=0 width=0)
	  ->  Index Scan using sbtest7_pkey on sbtest7  (cost=0.43..8.45 rows=1 width=490)
	        Index Cond: (id = 67819)

table 8 : explain UPDATE sbtest8 SET c='foobar' WHERE id=940790
	Update on sbtest8  (cost=0.43..8.45 rows=0 width=0)
	  ->  Index Scan using sbtest8_pkey on sbtest8  (cost=0.43..8.45 rows=1 width=490)
	        Index Cond: (id = 940790)

explain: for inserts :: explain INSERT INTO sbtest%u (id, k, c, pad) VALUES (%u, 13, 'foobar', 'foobar')
for deletes
table 1 : explain DELETE FROM sbtest1 WHERE id=7025263
	Delete on sbtest1  (cost=0.43..8.45 rows=0 width=0)
	  ->  Index Scan using sbtest1_pkey on sbtest1  (cost=0.43..8.45 rows=1 width=6)
	        Index Cond: (id = 7025263)

table 2 : explain DELETE FROM sbtest2 WHERE id=9207078
	Delete on sbtest2  (cost=0.43..8.45 rows=0 width=0)
	  ->  Index Scan using sbtest2_pkey on sbtest2  (cost=0.43..8.45 rows=1 width=6)
	        Index Cond: (id = 9207078)

table 3 : explain DELETE FROM sbtest3 WHERE id=6119018
	Delete on sbtest3  (cost=0.43..8.45 rows=0 width=0)
	  ->  Index Scan using sbtest3_pkey on sbtest3  (cost=0.43..8.45 rows=1 width=6)
	        Index Cond: (id = 6119018)

table 4 : explain DELETE FROM sbtest4 WHERE id=5275162
	Delete on sbtest4  (cost=0.43..8.45 rows=0 width=0)
	  ->  Index Scan using sbtest4_pkey on sbtest4  (cost=0.43..8.45 rows=1 width=6)
	        Index Cond: (id = 5275162)

table 5 : explain DELETE FROM sbtest5 WHERE id=811591
	Delete on sbtest5  (cost=0.43..8.45 rows=0 width=0)
	  ->  Index Scan using sbtest5_pkey on sbtest5  (cost=0.43..8.45 rows=1 width=6)
	        Index Cond: (id = 811591)

table 6 : explain DELETE FROM sbtest6 WHERE id=5311214
	Delete on sbtest6  (cost=0.43..8.45 rows=0 width=0)
	  ->  Index Scan using sbtest6_pkey on sbtest6  (cost=0.43..8.45 rows=1 width=6)
	        Index Cond: (id = 5311214)

table 7 : explain DELETE FROM sbtest7 WHERE id=8689819
	Delete on sbtest7  (cost=0.43..8.45 rows=0 width=0)
	  ->  Index Scan using sbtest7_pkey on sbtest7  (cost=0.43..8.45 rows=1 width=6)
	        Index Cond: (id = 8689819)

table 8 : explain DELETE FROM sbtest8 WHERE id=2108262
	Delete on sbtest8  (cost=0.43..8.45 rows=0 width=0)
	  ->  Index Scan using sbtest8_pkey on sbtest8  (cost=0.43..8.45 rows=1 width=6)
	        Index Cond: (id = 2108262)

for inserts
table 1 : explain INSERT INTO sbtest1 (id, k, c, pad) VALUES (823972, 13, 'foobar', 'foobar')
	Insert on sbtest1  (cost=0.00..0.01 rows=0 width=0)
	  ->  Result  (cost=0.00..0.01 rows=1 width=736)

table 2 : explain INSERT INTO sbtest2 (id, k, c, pad) VALUES (5153384, 13, 'foobar', 'foobar')
	Insert on sbtest2  (cost=0.00..0.01 rows=0 width=0)
	  ->  Result  (cost=0.00..0.01 rows=1 width=736)

table 3 : explain INSERT INTO sbtest3 (id, k, c, pad) VALUES (373013, 13, 'foobar', 'foobar')
	Insert on sbtest3  (cost=0.00..0.01 rows=0 width=0)
	  ->  Result  (cost=0.00..0.01 rows=1 width=736)

table 4 : explain INSERT INTO sbtest4 (id, k, c, pad) VALUES (9111443, 13, 'foobar', 'foobar')
	Insert on sbtest4  (cost=0.00..0.01 rows=0 width=0)
	  ->  Result  (cost=0.00..0.01 rows=1 width=736)

table 5 : explain INSERT INTO sbtest5 (id, k, c, pad) VALUES (3550559, 13, 'foobar', 'foobar')
	Insert on sbtest5  (cost=0.00..0.01 rows=0 width=0)
	  ->  Result  (cost=0.00..0.01 rows=1 width=736)

table 6 : explain INSERT INTO sbtest6 (id, k, c, pad) VALUES (5822378, 13, 'foobar', 'foobar')
	Insert on sbtest6  (cost=0.00..0.01 rows=0 width=0)
	  ->  Result  (cost=0.00..0.01 rows=1 width=736)

table 7 : explain INSERT INTO sbtest7 (id, k, c, pad) VALUES (9308248, 13, 'foobar', 'foobar')
	Insert on sbtest7  (cost=0.00..0.01 rows=0 width=0)
	  ->  Result  (cost=0.00..0.01 rows=1 width=736)

table 8 : explain INSERT INTO sbtest8 (id, k, c, pad) VALUES (1156363, 13, 'foobar', 'foobar')
	Insert on sbtest8  (cost=0.00..0.01 rows=0 width=0)
	  ->  Result  (cost=0.00..0.01 rows=1 width=736)

for inserts
table 1 : explain INSERT INTO sbtest1 (id, k, c, pad) VALUES (7579401, 13, 'foobar', 'foobar')
	Insert on sbtest1  (cost=0.00..0.01 rows=0 width=0)
	  ->  Result  (cost=0.00..0.01 rows=1 width=736)

table 2 : explain INSERT INTO sbtest2 (id, k, c, pad) VALUES (1588079, 13, 'foobar', 'foobar')
	Insert on sbtest2  (cost=0.00..0.01 rows=0 width=0)
	  ->  Result  (cost=0.00..0.01 rows=1 width=736)

table 3 : explain INSERT INTO sbtest3 (id, k, c, pad) VALUES (3878601, 13, 'foobar', 'foobar')
	Insert on sbtest3  (cost=0.00..0.01 rows=0 width=0)
	  ->  Result  (cost=0.00..0.01 rows=1 width=736)

table 4 : explain INSERT INTO sbtest4 (id, k, c, pad) VALUES (6214412, 13, 'foobar', 'foobar')
	Insert on sbtest4  (cost=0.00..0.01 rows=0 width=0)
	  ->  Result  (cost=0.00..0.01 rows=1 width=736)

table 5 : explain INSERT INTO sbtest5 (id, k, c, pad) VALUES (9319791, 13, 'foobar', 'foobar')
	Insert on sbtest5  (cost=0.00..0.01 rows=0 width=0)
	  ->  Result  (cost=0.00..0.01 rows=1 width=736)

table 6 : explain INSERT INTO sbtest6 (id, k, c, pad) VALUES (6569270, 13, 'foobar', 'foobar')
	Insert on sbtest6  (cost=0.00..0.01 rows=0 width=0)
	  ->  Result  (cost=0.00..0.01 rows=1 width=736)

table 7 : explain INSERT INTO sbtest7 (id, k, c, pad) VALUES (4051504, 13, 'foobar', 'foobar')
	Insert on sbtest7  (cost=0.00..0.01 rows=0 width=0)
	  ->  Result  (cost=0.00..0.01 rows=1 width=736)

table 8 : explain INSERT INTO sbtest8 (id, k, c, pad) VALUES (8258746, 13, 'foobar', 'foobar')
	Insert on sbtest8  (cost=0.00..0.01 rows=0 width=0)
	  ->  Result  (cost=0.00..0.01 rows=1 width=736)

explain: for deletes :: explain DELETE FROM sbtest%u WHERE id=%u
for index_updates
table 1 : explain UPDATE sbtest1 SET k=k+1 WHERE id=9361533
	Update on sbtest1  (cost=0.43..8.46 rows=0 width=0)
	  ->  Index Scan using sbtest1_pkey on sbtest1  (cost=0.43..8.46 rows=1 width=10)
	        Index Cond: (id = 9361533)

table 2 : explain UPDATE sbtest2 SET k=k+1 WHERE id=978469
	Update on sbtest2  (cost=0.43..8.46 rows=0 width=0)
	  ->  Index Scan using sbtest2_pkey on sbtest2  (cost=0.43..8.46 rows=1 width=10)
	        Index Cond: (id = 978469)

table 3 : explain UPDATE sbtest3 SET k=k+1 WHERE id=6445857
	Update on sbtest3  (cost=0.43..8.46 rows=0 width=0)
	  ->  Index Scan using sbtest3_pkey on sbtest3  (cost=0.43..8.46 rows=1 width=10)
	        Index Cond: (id = 6445857)

table 4 : explain UPDATE sbtest4 SET k=k+1 WHERE id=5633173
	Update on sbtest4  (cost=0.43..8.46 rows=0 width=0)
	  ->  Index Scan using sbtest4_pkey on sbtest4  (cost=0.43..8.46 rows=1 width=10)
	        Index Cond: (id = 5633173)

table 5 : explain UPDATE sbtest5 SET k=k+1 WHERE id=1788860
	Update on sbtest5  (cost=0.43..8.46 rows=0 width=0)
	  ->  Index Scan using sbtest5_pkey on sbtest5  (cost=0.43..8.46 rows=1 width=10)
	        Index Cond: (id = 1788860)

table 6 : explain UPDATE sbtest6 SET k=k+1 WHERE id=8042
	Update on sbtest6  (cost=0.43..8.46 rows=0 width=0)
	  ->  Index Scan using sbtest6_pkey on sbtest6  (cost=0.43..8.46 rows=1 width=10)
	        Index Cond: (id = 8042)

table 7 : explain UPDATE sbtest7 SET k=k+1 WHERE id=777028
	Update on sbtest7  (cost=0.43..8.46 rows=0 width=0)
	  ->  Index Scan using sbtest7_pkey on sbtest7  (cost=0.43..8.46 rows=1 width=10)
	        Index Cond: (id = 777028)

table 8 : explain UPDATE sbtest8 SET k=k+1 WHERE id=9760343
	Update on sbtest8  (cost=0.43..8.46 rows=0 width=0)
	  ->  Index Scan using sbtest8_pkey on sbtest8  (cost=0.43..8.46 rows=1 width=10)
	        Index Cond: (id = 9760343)

for index_updates
table 1 : explain UPDATE sbtest1 SET k=k+1 WHERE id=2998328
	Update on sbtest1  (cost=0.43..8.46 rows=0 width=0)
	  ->  Index Scan using sbtest1_pkey on sbtest1  (cost=0.43..8.46 rows=1 width=10)
	        Index Cond: (id = 2998328)

table 2 : explain UPDATE sbtest2 SET k=k+1 WHERE id=6065830
	Update on sbtest2  (cost=0.43..8.46 rows=0 width=0)
	  ->  Index Scan using sbtest2_pkey on sbtest2  (cost=0.43..8.46 rows=1 width=10)
	        Index Cond: (id = 6065830)

table 3 : explain UPDATE sbtest3 SET k=k+1 WHERE id=3806667
	Update on sbtest3  (cost=0.43..8.46 rows=0 width=0)
	  ->  Index Scan using sbtest3_pkey on sbtest3  (cost=0.43..8.46 rows=1 width=10)
	        Index Cond: (id = 3806667)

table 4 : explain UPDATE sbtest4 SET k=k+1 WHERE id=3354329
	Update on sbtest4  (cost=0.43..8.46 rows=0 width=0)
	  ->  Index Scan using sbtest4_pkey on sbtest4  (cost=0.43..8.46 rows=1 width=10)
	        Index Cond: (id = 3354329)

table 5 : explain UPDATE sbtest5 SET k=k+1 WHERE id=4528035
	Update on sbtest5  (cost=0.43..8.46 rows=0 width=0)
	  ->  Index Scan using sbtest5_pkey on sbtest5  (cost=0.43..8.46 rows=1 width=10)
	        Index Cond: (id = 4528035)

table 6 : explain UPDATE sbtest6 SET k=k+1 WHERE id=428953
	Update on sbtest6  (cost=0.43..8.46 rows=0 width=0)
	  ->  Index Scan using sbtest6_pkey on sbtest6  (cost=0.43..8.46 rows=1 width=10)
	        Index Cond: (id = 428953)

table 7 : explain UPDATE sbtest7 SET k=k+1 WHERE id=7669391
	Update on sbtest7  (cost=0.43..8.46 rows=0 width=0)
	  ->  Index Scan using sbtest7_pkey on sbtest7  (cost=0.43..8.46 rows=1 width=10)
	        Index Cond: (id = 7669391)

table 8 : explain UPDATE sbtest8 SET k=k+1 WHERE id=3484159
	Update on sbtest8  (cost=0.43..8.46 rows=0 width=0)
	  ->  Index Scan using sbtest8_pkey on sbtest8  (cost=0.43..8.46 rows=1 width=10)
	        Index Cond: (id = 3484159)

for inserts
table 1 : explain INSERT INTO sbtest1 (id, k, c, pad) VALUES (6212302, 13, 'foobar', 'foobar')
	Insert on sbtest1  (cost=0.00..0.01 rows=0 width=0)
	  ->  Result  (cost=0.00..0.01 rows=1 width=736)

table 2 : explain INSERT INTO sbtest2 (id, k, c, pad) VALUES (7664924, 13, 'foobar', 'foobar')
	Insert on sbtest2  (cost=0.00..0.01 rows=0 width=0)
	  ->  Result  (cost=0.00..0.01 rows=1 width=736)

table 3 : explain INSERT INTO sbtest3 (id, k, c, pad) VALUES (1977542, 13, 'foobar', 'foobar')
	Insert on sbtest3  (cost=0.00..0.01 rows=0 width=0)
	  ->  Result  (cost=0.00..0.01 rows=1 width=736)

table 4 : explain INSERT INTO sbtest4 (id, k, c, pad) VALUES (4946114, 13, 'foobar', 'foobar')
	Insert on sbtest4  (cost=0.00..0.01 rows=0 width=0)
	  ->  Result  (cost=0.00..0.01 rows=1 width=736)

table 5 : explain INSERT INTO sbtest5 (id, k, c, pad) VALUES (4091300, 13, 'foobar', 'foobar')
	Insert on sbtest5  (cost=0.00..0.01 rows=0 width=0)
	  ->  Result  (cost=0.00..0.01 rows=1 width=736)

table 6 : explain INSERT INTO sbtest6 (id, k, c, pad) VALUES (5488531, 13, 'foobar', 'foobar')
	Insert on sbtest6  (cost=0.00..0.01 rows=0 width=0)
	  ->  Result  (cost=0.00..0.01 rows=1 width=736)

table 7 : explain INSERT INTO sbtest7 (id, k, c, pad) VALUES (495427, 13, 'foobar', 'foobar')
	Insert on sbtest7  (cost=0.00..0.01 rows=0 width=0)
	  ->  Result  (cost=0.00..0.01 rows=1 width=736)

table 8 : explain INSERT INTO sbtest8 (id, k, c, pad) VALUES (5310723, 13, 'foobar', 'foobar')
	Insert on sbtest8  (cost=0.00..0.01 rows=0 width=0)
	  ->  Result  (cost=0.00..0.01 rows=1 width=736)

explain: for inserts :: explain INSERT INTO sbtest%u (id, k, c, pad) VALUES (%u, 13, 'foobar', 'foobar')
explain: for inserts :: explain INSERT INTO sbtest%u (id, k, c, pad) VALUES (%u, 13, 'foobar', 'foobar')
for deletes
table 1 : explain DELETE FROM sbtest1 WHERE id=4733445
	Delete on sbtest1  (cost=0.43..8.45 rows=0 width=0)
	  ->  Index Scan using sbtest1_pkey on sbtest1  (cost=0.43..8.45 rows=1 width=6)
	        Index Cond: (id = 4733445)

table 2 : explain DELETE FROM sbtest2 WHERE id=8699210
	Delete on sbtest2  (cost=0.43..8.45 rows=0 width=0)
	  ->  Index Scan using sbtest2_pkey on sbtest2  (cost=0.43..8.45 rows=1 width=6)
	        Index Cond: (id = 8699210)

table 3 : explain DELETE FROM sbtest3 WHERE id=5861789
	Delete on sbtest3  (cost=0.43..8.45 rows=0 width=0)
	  ->  Index Scan using sbtest3_pkey on sbtest3  (cost=0.43..8.45 rows=1 width=6)
	        Index Cond: (id = 5861789)

table 4 : explain DELETE FROM sbtest4 WHERE id=6948889
	Delete on sbtest4  (cost=0.43..8.45 rows=0 width=0)
	  ->  Index Scan using sbtest4_pkey on sbtest4  (cost=0.43..8.45 rows=1 width=6)
	        Index Cond: (id = 6948889)

table 5 : explain DELETE FROM sbtest5 WHERE id=6930467
	Delete on sbtest5  (cost=0.43..8.45 rows=0 width=0)
	  ->  Index Scan using sbtest5_pkey on sbtest5  (cost=0.43..8.45 rows=1 width=6)
	        Index Cond: (id = 6930467)

table 6 : explain DELETE FROM sbtest6 WHERE id=2450741
	Delete on sbtest6  (cost=0.43..8.45 rows=0 width=0)
	  ->  Index Scan using sbtest6_pkey on sbtest6  (cost=0.43..8.45 rows=1 width=6)
	        Index Cond: (id = 2450741)

table 7 : explain DELETE FROM sbtest7 WHERE id=9669362
	Delete on sbtest7  (cost=0.43..8.45 rows=0 width=0)
	  ->  Index Scan using sbtest7_pkey on sbtest7  (cost=0.43..8.45 rows=1 width=6)
	        Index Cond: (id = 9669362)

table 8 : explain DELETE FROM sbtest8 WHERE id=5891634
	Delete on sbtest8  (cost=0.43..8.45 rows=0 width=0)
	  ->  Index Scan using sbtest8_pkey on sbtest8  (cost=0.43..8.45 rows=1 width=6)
	        Index Cond: (id = 5891634)

for inserts
table 1 : explain INSERT INTO sbtest1 (id, k, c, pad) VALUES (3521446, 13, 'foobar', 'foobar')
	Insert on sbtest1  (cost=0.00..0.01 rows=0 width=0)
	  ->  Result  (cost=0.00..0.01 rows=1 width=736)

table 2 : explain INSERT INTO sbtest2 (id, k, c, pad) VALUES (5570694, 13, 'foobar', 'foobar')
	Insert on sbtest2  (cost=0.00..0.01 rows=0 width=0)
	  ->  Result  (cost=0.00..0.01 rows=1 width=736)

table 3 : explain INSERT INTO sbtest3 (id, k, c, pad) VALUES (2742760, 13, 'foobar', 'foobar')
	Insert on sbtest3  (cost=0.00..0.01 rows=0 width=0)
	  ->  Result  (cost=0.00..0.01 rows=1 width=736)

table 4 : explain INSERT INTO sbtest4 (id, k, c, pad) VALUES (3900783, 13, 'foobar', 'foobar')
	Insert on sbtest4  (cost=0.00..0.01 rows=0 width=0)
	  ->  Result  (cost=0.00..0.01 rows=1 width=736)

table 5 : explain INSERT INTO sbtest5 (id, k, c, pad) VALUES (8029669, 13, 'foobar', 'foobar')
	Insert on sbtest5  (cost=0.00..0.01 rows=0 width=0)
	  ->  Result  (cost=0.00..0.01 rows=1 width=736)

table 6 : explain INSERT INTO sbtest6 (id, k, c, pad) VALUES (5956821, 13, 'foobar', 'foobar')
	Insert on sbtest6  (cost=0.00..0.01 rows=0 width=0)
	  ->  Result  (cost=0.00..0.01 rows=1 width=736)

table 7 : explain INSERT INTO sbtest7 (id, k, c, pad) VALUES (8789267, 13, 'foobar', 'foobar')
	Insert on sbtest7  (cost=0.00..0.01 rows=0 width=0)
	  ->  Result  (cost=0.00..0.01 rows=1 width=736)

table 8 : explain INSERT INTO sbtest8 (id, k, c, pad) VALUES (2211220, 13, 'foobar', 'foobar')
	Insert on sbtest8  (cost=0.00..0.01 rows=0 width=0)
	  ->  Result  (cost=0.00..0.01 rows=1 width=736)

explain: for inserts :: explain INSERT INTO sbtest%u (id, k, c, pad) VALUES (%u, 13, 'foobar', 'foobar')
explain: for non_index_updates :: explain UPDATE sbtest%u SET c='foobar' WHERE id=%u
explain: for non_index_updates :: explain UPDATE sbtest%u SET c='foobar' WHERE id=%u
for inserts
table 1 : explain INSERT INTO sbtest1 (id, k, c, pad) VALUES (3550561, 13, 'foobar', 'foobar')
	Insert on sbtest1  (cost=0.00..0.01 rows=0 width=0)
	  ->  Result  (cost=0.00..0.01 rows=1 width=736)

table 2 : explain INSERT INTO sbtest2 (id, k, c, pad) VALUES (5130115, 13, 'foobar', 'foobar')
	Insert on sbtest2  (cost=0.00..0.01 rows=0 width=0)
	  ->  Result  (cost=0.00..0.01 rows=1 width=736)

table 3 : explain INSERT INTO sbtest3 (id, k, c, pad) VALUES (3427860, 13, 'foobar', 'foobar')
	Insert on sbtest3  (cost=0.00..0.01 rows=0 width=0)
	  ->  Result  (cost=0.00..0.01 rows=1 width=736)

table 4 : explain INSERT INTO sbtest4 (id, k, c, pad) VALUES (4164717, 13, 'foobar', 'foobar')
	Insert on sbtest4  (cost=0.00..0.01 rows=0 width=0)
	  ->  Result  (cost=0.00..0.01 rows=1 width=736)

table 5 : explain INSERT INTO sbtest5 (id, k, c, pad) VALUES (1727304, 13, 'foobar', 'foobar')
	Insert on sbtest5  (cost=0.00..0.01 rows=0 width=0)
	  ->  Result  (cost=0.00..0.01 rows=1 width=736)

table 6 : explain INSERT INTO sbtest6 (id, k, c, pad) VALUES (3037213, 13, 'foobar', 'foobar')
	Insert on sbtest6  (cost=0.00..0.01 rows=0 width=0)
	  ->  Result  (cost=0.00..0.01 rows=1 width=736)

table 7 : explain INSERT INTO sbtest7 (id, k, c, pad) VALUES (9497459, 13, 'foobar', 'foobar')
	Insert on sbtest7  (cost=0.00..0.01 rows=0 width=0)
	  ->  Result  (cost=0.00..0.01 rows=1 width=736)

table 8 : explain INSERT INTO sbtest8 (id, k, c, pad) VALUES (9027363, 13, 'foobar', 'foobar')
	Insert on sbtest8  (cost=0.00..0.01 rows=0 width=0)
	  ->  Result  (cost=0.00..0.01 rows=1 width=736)

explain: for inserts :: explain INSERT INTO sbtest%u (id, k, c, pad) VALUES (%u, 13, 'foobar', 'foobar')
for inserts
table 1 : explain INSERT INTO sbtest1 (id, k, c, pad) VALUES (5208099, 13, 'foobar', 'foobar')
	Insert on sbtest1  (cost=0.00..0.01 rows=0 width=0)
	  ->  Result  (cost=0.00..0.01 rows=1 width=736)

table 2 : explain INSERT INTO sbtest2 (id, k, c, pad) VALUES (5911164, 13, 'foobar', 'foobar')
	Insert on sbtest2  (cost=0.00..0.01 rows=0 width=0)
	  ->  Result  (cost=0.00..0.01 rows=1 width=736)

table 3 : explain INSERT INTO sbtest3 (id, k, c, pad) VALUES (1668487, 13, 'foobar', 'foobar')
	Insert on sbtest3  (cost=0.00..0.01 rows=0 width=0)
	  ->  Result  (cost=0.00..0.01 rows=1 width=736)

table 4 : explain INSERT INTO sbtest4 (id, k, c, pad) VALUES (3479226, 13, 'foobar', 'foobar')
	Insert on sbtest4  (cost=0.00..0.01 rows=0 width=0)
	  ->  Result  (cost=0.00..0.01 rows=1 width=736)

table 5 : explain INSERT INTO sbtest5 (id, k, c, pad) VALUES (7228779, 13, 'foobar', 'foobar')
	Insert on sbtest5  (cost=0.00..0.01 rows=0 width=0)
	  ->  Result  (cost=0.00..0.01 rows=1 width=736)

table 6 : explain INSERT INTO sbtest6 (id, k, c, pad) VALUES (1406740, 13, 'foobar', 'foobar')
	Insert on sbtest6  (cost=0.00..0.01 rows=0 width=0)
	  ->  Result  (cost=0.00..0.01 rows=1 width=736)

table 7 : explain INSERT INTO sbtest7 (id, k, c, pad) VALUES (3289672, 13, 'foobar', 'foobar')
	Insert on sbtest7  (cost=0.00..0.01 rows=0 width=0)
	  ->  Result  (cost=0.00..0.01 rows=1 width=736)

table 8 : explain INSERT INTO sbtest8 (id, k, c, pad) VALUES (2851501, 13, 'foobar', 'foobar')
	Insert on sbtest8  (cost=0.00..0.01 rows=0 width=0)
	  ->  Result  (cost=0.00..0.01 rows=1 width=736)

for inserts
table 1 : explain INSERT INTO sbtest1 (id, k, c, pad) VALUES (3632548, 13, 'foobar', 'foobar')
	Insert on sbtest1  (cost=0.00..0.01 rows=0 width=0)
	  ->  Result  (cost=0.00..0.01 rows=1 width=736)

table 2 : explain INSERT INTO sbtest2 (id, k, c, pad) VALUES (2619769, 13, 'foobar', 'foobar')
	Insert on sbtest2  (cost=0.00..0.01 rows=0 width=0)
	  ->  Result  (cost=0.00..0.01 rows=1 width=736)

table 3 : explain INSERT INTO sbtest3 (id, k, c, pad) VALUES (9284122, 13, 'foobar', 'foobar')
	Insert on sbtest3  (cost=0.00..0.01 rows=0 width=0)
	  ->  Result  (cost=0.00..0.01 rows=1 width=736)

table 4 : explain INSERT INTO sbtest4 (id, k, c, pad) VALUES (4278912, 13, 'foobar', 'foobar')
	Insert on sbtest4  (cost=0.00..0.01 rows=0 width=0)
	  ->  Result  (cost=0.00..0.01 rows=1 width=736)

table 5 : explain INSERT INTO sbtest5 (id, k, c, pad) VALUES (2853761, 13, 'foobar', 'foobar')
	Insert on sbtest5  (cost=0.00..0.01 rows=0 width=0)
	  ->  Result  (cost=0.00..0.01 rows=1 width=736)

table 6 : explain INSERT INTO sbtest6 (id, k, c, pad) VALUES (1654184, 13, 'foobar', 'foobar')
	Insert on sbtest6  (cost=0.00..0.01 rows=0 width=0)
	  ->  Result  (cost=0.00..0.01 rows=1 width=736)

table 7 : explain INSERT INTO sbtest7 (id, k, c, pad) VALUES (8314455, 13, 'foobar', 'foobar')
	Insert on sbtest7  (cost=0.00..0.01 rows=0 width=0)
	  ->  Result  (cost=0.00..0.01 rows=1 width=736)

table 8 : explain INSERT INTO sbtest8 (id, k, c, pad) VALUES (8421275, 13, 'foobar', 'foobar')
	Insert on sbtest8  (cost=0.00..0.01 rows=0 width=0)
	  ->  Result  (cost=0.00..0.01 rows=1 width=736)

for non_index_updates
table 1 : explain UPDATE sbtest1 SET c='foobar' WHERE id=6514125
	Update on sbtest1  (cost=0.43..8.45 rows=0 width=0)
	  ->  Index Scan using sbtest1_pkey on sbtest1  (cost=0.43..8.45 rows=1 width=490)
	        Index Cond: (id = 6514125)

table 2 : explain UPDATE sbtest2 SET c='foobar' WHERE id=4924074
	Update on sbtest2  (cost=0.43..8.45 rows=0 width=0)
	  ->  Index Scan using sbtest2_pkey on sbtest2  (cost=0.43..8.45 rows=1 width=490)
	        Index Cond: (id = 4924074)

table 3 : explain UPDATE sbtest3 SET c='foobar' WHERE id=9998431
	Update on sbtest3  (cost=0.43..8.45 rows=0 width=0)
	  ->  Index Scan using sbtest3_pkey on sbtest3  (cost=0.43..8.45 rows=1 width=490)
	        Index Cond: (id = 9998431)

table 4 : explain UPDATE sbtest4 SET c='foobar' WHERE id=5441636
	Update on sbtest4  (cost=0.43..8.45 rows=0 width=0)
	  ->  Index Scan using sbtest4_pkey on sbtest4  (cost=0.43..8.45 rows=1 width=490)
	        Index Cond: (id = 5441636)

table 5 : explain UPDATE sbtest5 SET c='foobar' WHERE id=7888230
	Update on sbtest5  (cost=0.43..8.45 rows=0 width=0)
	  ->  Index Scan using sbtest5_pkey on sbtest5  (cost=0.43..8.45 rows=1 width=490)
	        Index Cond: (id = 7888230)

table 6 : explain UPDATE sbtest6 SET c='foobar' WHERE id=6165116
	Update on sbtest6  (cost=0.43..8.45 rows=0 width=0)
	  ->  Index Scan using sbtest6_pkey on sbtest6  (cost=0.43..8.45 rows=1 width=490)
	        Index Cond: (id = 6165116)

table 7 : explain UPDATE sbtest7 SET c='foobar' WHERE id=1074692
	Update on sbtest7  (cost=0.43..8.45 rows=0 width=0)
	  ->  Index Scan using sbtest7_pkey on sbtest7  (cost=0.43..8.45 rows=1 width=490)
	        Index Cond: (id = 1074692)

table 8 : explain UPDATE sbtest8 SET c='foobar' WHERE id=796937
	Update on sbtest8  (cost=0.43..8.45 rows=0 width=0)
	  ->  Index Scan using sbtest8_pkey on sbtest8  (cost=0.43..8.45 rows=1 width=490)
	        Index Cond: (id = 796937)

explain: for deletes :: explain DELETE FROM sbtest%u WHERE id=%u
for deletes
table 1 : explain DELETE FROM sbtest1 WHERE id=8986251
	Delete on sbtest1  (cost=0.43..8.45 rows=0 width=0)
	  ->  Index Scan using sbtest1_pkey on sbtest1  (cost=0.43..8.45 rows=1 width=6)
	        Index Cond: (id = 8986251)

table 2 : explain DELETE FROM sbtest2 WHERE id=8456545
	Delete on sbtest2  (cost=0.43..8.45 rows=0 width=0)
	  ->  Index Scan using sbtest2_pkey on sbtest2  (cost=0.43..8.45 rows=1 width=6)
	        Index Cond: (id = 8456545)

table 3 : explain DELETE FROM sbtest3 WHERE id=5528320
	Delete on sbtest3  (cost=0.43..8.45 rows=0 width=0)
	  ->  Index Scan using sbtest3_pkey on sbtest3  (cost=0.43..8.45 rows=1 width=6)
	        Index Cond: (id = 5528320)

table 4 : explain DELETE FROM sbtest4 WHERE id=4542126
	Delete on sbtest4  (cost=0.43..8.45 rows=0 width=0)
	  ->  Index Scan using sbtest4_pkey on sbtest4  (cost=0.43..8.45 rows=1 width=6)
	        Index Cond: (id = 4542126)

table 5 : explain DELETE FROM sbtest5 WHERE id=320975
	Delete on sbtest5  (cost=0.43..8.45 rows=0 width=0)
	  ->  Index Scan using sbtest5_pkey on sbtest5  (cost=0.43..8.45 rows=1 width=6)
	        Index Cond: (id = 320975)

table 6 : explain DELETE FROM sbtest6 WHERE id=4647978
	Delete on sbtest6  (cost=0.43..8.45 rows=0 width=0)
	  ->  Index Scan using sbtest6_pkey on sbtest6  (cost=0.43..8.45 rows=1 width=6)
	        Index Cond: (id = 4647978)

table 7 : explain DELETE FROM sbtest7 WHERE id=7468494
	Delete on sbtest7  (cost=0.43..8.45 rows=0 width=0)
	  ->  Index Scan using sbtest7_pkey on sbtest7  (cost=0.43..8.45 rows=1 width=6)
	        Index Cond: (id = 7468494)

table 8 : explain DELETE FROM sbtest8 WHERE id=1789787
	Delete on sbtest8  (cost=0.43..8.45 rows=0 width=0)
	  ->  Index Scan using sbtest8_pkey on sbtest8  (cost=0.43..8.45 rows=1 width=6)
	        Index Cond: (id = 1789787)

for: sum_ranges
table 1 : explain SELECT SUM(k) FROM sbtest1 WHERE id BETWEEN 2814273 AND 2814372
	Aggregate  (cost=397.59..397.60 rows=1 width=8)
	  ->  Index Scan using sbtest1_pkey on sbtest1  (cost=0.43..397.34 rows=101 width=4)
	        Index Cond: ((id >= 2814273) AND (id <= 2814372))

table 2 : explain SELECT SUM(k) FROM sbtest2 WHERE id BETWEEN 7649810 AND 7649909
	Aggregate  (cost=377.18..377.19 rows=1 width=8)
	  ->  Index Scan using sbtest2_pkey on sbtest2  (cost=0.43..376.94 rows=96 width=4)
	        Index Cond: ((id >= 7649810) AND (id <= 7649909))

table 3 : explain SELECT SUM(k) FROM sbtest3 WHERE id BETWEEN 5794192 AND 5794291
	Aggregate  (cost=427.42..427.43 rows=1 width=8)
	  ->  Index Scan using sbtest3_pkey on sbtest3  (cost=0.43..427.14 rows=109 width=4)
	        Index Cond: ((id >= 5794192) AND (id <= 5794291))

table 4 : explain SELECT SUM(k) FROM sbtest4 WHERE id BETWEEN 903057 AND 903156
	Aggregate  (cost=435.37..435.38 rows=1 width=8)
	  ->  Index Scan using sbtest4_pkey on sbtest4  (cost=0.43..435.09 rows=111 width=4)
	        Index Cond: ((id >= 903057) AND (id <= 903156))

table 5 : explain SELECT SUM(k) FROM sbtest5 WHERE id BETWEEN 7473295 AND 7473394
	Aggregate  (cost=364.67..364.68 rows=1 width=8)
	  ->  Index Scan using sbtest5_pkey on sbtest5  (cost=0.43..364.43 rows=93 width=4)
	        Index Cond: ((id >= 7473295) AND (id <= 7473394))

table 6 : explain SELECT SUM(k) FROM sbtest6 WHERE id BETWEEN 117989 AND 118088
	Aggregate  (cost=376.77..376.78 rows=1 width=8)
	  ->  Index Scan using sbtest6_pkey on sbtest6  (cost=0.43..376.53 rows=96 width=4)
	        Index Cond: ((id >= 117989) AND (id <= 118088))

table 7 : explain SELECT SUM(k) FROM sbtest7 WHERE id BETWEEN 2540706 AND 2540805
	Aggregate  (cost=404.99..405.00 rows=1 width=8)
	  ->  Index Scan using sbtest7_pkey on sbtest7  (cost=0.43..404.74 rows=103 width=4)
	        Index Cond: ((id >= 2540706) AND (id <= 2540805))

table 8 : explain SELECT SUM(k) FROM sbtest8 WHERE id BETWEEN 9321496 AND 9321595
	Aggregate  (cost=404.42..404.43 rows=1 width=8)
	  ->  Index Scan using sbtest8_pkey on sbtest8  (cost=0.43..404.16 rows=103 width=4)
	        Index Cond: ((id >= 9321496) AND (id <= 9321595))

explain: for inserts :: explain INSERT INTO sbtest%u (id, k, c, pad) VALUES (%u, 13, 'foobar', 'foobar')
for non_index_updates
table 1 : explain UPDATE sbtest1 SET c='foobar' WHERE id=1440457
	Update on sbtest1  (cost=0.43..8.45 rows=0 width=0)
	  ->  Index Scan using sbtest1_pkey on sbtest1  (cost=0.43..8.45 rows=1 width=490)
	        Index Cond: (id = 1440457)

table 2 : explain UPDATE sbtest2 SET c='foobar' WHERE id=1359750
	Update on sbtest2  (cost=0.43..8.45 rows=0 width=0)
	  ->  Index Scan using sbtest2_pkey on sbtest2  (cost=0.43..8.45 rows=1 width=490)
	        Index Cond: (id = 1359750)

table 3 : explain UPDATE sbtest3 SET c='foobar' WHERE id=9401688
	Update on sbtest3  (cost=0.43..8.45 rows=0 width=0)
	  ->  Index Scan using sbtest3_pkey on sbtest3  (cost=0.43..8.45 rows=1 width=490)
	        Index Cond: (id = 9401688)

table 4 : explain UPDATE sbtest4 SET c='foobar' WHERE id=3256392
	Update on sbtest4  (cost=0.43..8.45 rows=0 width=0)
	  ->  Index Scan using sbtest4_pkey on sbtest4  (cost=0.43..8.45 rows=1 width=490)
	        Index Cond: (id = 3256392)

table 5 : explain UPDATE sbtest5 SET c='foobar' WHERE id=9332190
	Update on sbtest5  (cost=0.43..8.45 rows=0 width=0)
	  ->  Index Scan using sbtest5_pkey on sbtest5  (cost=0.43..8.45 rows=1 width=490)
	        Index Cond: (id = 9332190)

table 6 : explain UPDATE sbtest6 SET c='foobar' WHERE id=146121
	Update on sbtest6  (cost=0.43..8.45 rows=0 width=0)
	  ->  Index Scan using sbtest6_pkey on sbtest6  (cost=0.43..8.45 rows=1 width=490)
	        Index Cond: (id = 146121)

table 7 : explain UPDATE sbtest7 SET c='foobar' WHERE id=8601485
	Update on sbtest7  (cost=0.43..8.45 rows=0 width=0)
	  ->  Index Scan using sbtest7_pkey on sbtest7  (cost=0.43..8.45 rows=1 width=490)
	        Index Cond: (id = 8601485)

table 8 : explain UPDATE sbtest8 SET c='foobar' WHERE id=6192950
	Update on sbtest8  (cost=0.43..8.45 rows=0 width=0)
	  ->  Index Scan using sbtest8_pkey on sbtest8  (cost=0.43..8.45 rows=1 width=490)
	        Index Cond: (id = 6192950)

for inserts
table 1 : explain INSERT INTO sbtest1 (id, k, c, pad) VALUES (4893096, 13, 'foobar', 'foobar')
	Insert on sbtest1  (cost=0.00..0.01 rows=0 width=0)
	  ->  Result  (cost=0.00..0.01 rows=1 width=736)

table 2 : explain INSERT INTO sbtest2 (id, k, c, pad) VALUES (1887047, 13, 'foobar', 'foobar')
	Insert on sbtest2  (cost=0.00..0.01 rows=0 width=0)
	  ->  Result  (cost=0.00..0.01 rows=1 width=736)

table 3 : explain INSERT INTO sbtest3 (id, k, c, pad) VALUES (2725034, 13, 'foobar', 'foobar')
	Insert on sbtest3  (cost=0.00..0.01 rows=0 width=0)
	  ->  Result  (cost=0.00..0.01 rows=1 width=736)

table 4 : explain INSERT INTO sbtest4 (id, k, c, pad) VALUES (8619800, 13, 'foobar', 'foobar')
	Insert on sbtest4  (cost=0.00..0.01 rows=0 width=0)
	  ->  Result  (cost=0.00..0.01 rows=1 width=736)

table 5 : explain INSERT INTO sbtest5 (id, k, c, pad) VALUES (8362534, 13, 'foobar', 'foobar')
	Insert on sbtest5  (cost=0.00..0.01 rows=0 width=0)
	  ->  Result  (cost=0.00..0.01 rows=1 width=736)

table 6 : explain INSERT INTO sbtest6 (id, k, c, pad) VALUES (5210004, 13, 'foobar', 'foobar')
	Insert on sbtest6  (cost=0.00..0.01 rows=0 width=0)
	  ->  Result  (cost=0.00..0.01 rows=1 width=736)

table 7 : explain INSERT INTO sbtest7 (id, k, c, pad) VALUES (935734, 13, 'foobar', 'foobar')
	Insert on sbtest7  (cost=0.00..0.01 rows=0 width=0)
	  ->  Result  (cost=0.00..0.01 rows=1 width=736)

table 8 : explain INSERT INTO sbtest8 (id, k, c, pad) VALUES (9164921, 13, 'foobar', 'foobar')
	Insert on sbtest8  (cost=0.00..0.01 rows=0 width=0)
	  ->  Result  (cost=0.00..0.01 rows=1 width=736)

for: order_ranges
table 1 : explain SELECT c FROM sbtest1 WHERE id BETWEEN 637192 AND 637291 ORDER BY c
	Sort  (cost=412.52..412.78 rows=104 width=121)
	  Sort Key: c
	  ->  Index Scan using sbtest1_pkey on sbtest1  (cost=0.43..409.03 rows=104 width=121)
	        Index Cond: ((id >= 637192) AND (id <= 637291))

table 2 : explain SELECT c FROM sbtest2 WHERE id BETWEEN 4600525 AND 4600624 ORDER BY c
	Sort  (cost=411.48..411.74 rows=104 width=121)
	  Sort Key: c
	  ->  Index Scan using sbtest2_pkey on sbtest2  (cost=0.43..408.00 rows=104 width=121)
	        Index Cond: ((id >= 4600525) AND (id <= 4600624))

table 3 : explain SELECT c FROM sbtest3 WHERE id BETWEEN 2788123 AND 2788222 ORDER BY c
	Sort  (cost=375.97..376.20 rows=95 width=121)
	  Sort Key: c
	  ->  Index Scan using sbtest3_pkey on sbtest3  (cost=0.43..372.85 rows=95 width=121)
	        Index Cond: ((id >= 2788123) AND (id <= 2788222))

table 4 : explain SELECT c FROM sbtest4 WHERE id BETWEEN 3550363 AND 3550462 ORDER BY c
	Sort  (cost=395.76..396.01 rows=100 width=121)
	  Sort Key: c
	  ->  Index Scan using sbtest4_pkey on sbtest4  (cost=0.43..392.44 rows=100 width=121)
	        Index Cond: ((id >= 3550363) AND (id <= 3550462))

table 5 : explain SELECT c FROM sbtest5 WHERE id BETWEEN 7264614 AND 7264713 ORDER BY c
	Sort  (cost=375.29..375.53 rows=95 width=121)
	  Sort Key: c
	  ->  Index Scan using sbtest5_pkey on sbtest5  (cost=0.43..372.17 rows=95 width=121)
	        Index Cond: ((id >= 7264614) AND (id <= 7264713))

table 6 : explain SELECT c FROM sbtest6 WHERE id BETWEEN 9534094 AND 9534193 ORDER BY c
	Sort  (cost=364.03..364.26 rows=92 width=121)
	  Sort Key: c
	  ->  Index Scan using sbtest6_pkey on sbtest6  (cost=0.43..361.03 rows=92 width=121)
	        Index Cond: ((id >= 9534094) AND (id <= 9534193))

table 7 : explain SELECT c FROM sbtest7 WHERE id BETWEEN 7533957 AND 7534056 ORDER BY c
	Sort  (cost=416.03..416.29 rows=105 width=121)
	  Sort Key: c
	  ->  Index Scan using sbtest7_pkey on sbtest7  (cost=0.43..412.50 rows=105 width=121)
	        Index Cond: ((id >= 7533957) AND (id <= 7534056))

table 8 : explain SELECT c FROM sbtest8 WHERE id BETWEEN 4445167 AND 4445266 ORDER BY c
	Sort  (cost=368.38..368.62 rows=93 width=121)
	  Sort Key: c
	  ->  Index Scan using sbtest8_pkey on sbtest8  (cost=0.43..365.34 rows=93 width=121)
	        Index Cond: ((id >= 4445167) AND (id <= 4445266))

explain: for deletes :: explain DELETE FROM sbtest%u WHERE id=%u
for deletes
table 1 : explain DELETE FROM sbtest1 WHERE id=210705
	Delete on sbtest1  (cost=0.43..8.45 rows=0 width=0)
	  ->  Index Scan using sbtest1_pkey on sbtest1  (cost=0.43..8.45 rows=1 width=6)
	        Index Cond: (id = 210705)

table 2 : explain DELETE FROM sbtest2 WHERE id=5983833
	Delete on sbtest2  (cost=0.43..8.45 rows=0 width=0)
	  ->  Index Scan using sbtest2_pkey on sbtest2  (cost=0.43..8.45 rows=1 width=6)
	        Index Cond: (id = 5983833)

table 3 : explain DELETE FROM sbtest3 WHERE id=6765408
	Delete on sbtest3  (cost=0.43..8.45 rows=0 width=0)
	  ->  Index Scan using sbtest3_pkey on sbtest3  (cost=0.43..8.45 rows=1 width=6)
	        Index Cond: (id = 6765408)

table 4 : explain DELETE FROM sbtest4 WHERE id=7006928
	Delete on sbtest4  (cost=0.43..8.45 rows=0 width=0)
	  ->  Index Scan using sbtest4_pkey on sbtest4  (cost=0.43..8.45 rows=1 width=6)
	        Index Cond: (id = 7006928)

table 5 : explain DELETE FROM sbtest5 WHERE id=5168943
	Delete on sbtest5  (cost=0.43..8.45 rows=0 width=0)
	  ->  Index Scan using sbtest5_pkey on sbtest5  (cost=0.43..8.45 rows=1 width=6)
	        Index Cond: (id = 5168943)

table 6 : explain DELETE FROM sbtest6 WHERE id=7420528
	Delete on sbtest6  (cost=0.43..8.45 rows=0 width=0)
	  ->  Index Scan using sbtest6_pkey on sbtest6  (cost=0.43..8.45 rows=1 width=6)
	        Index Cond: (id = 7420528)

table 7 : explain DELETE FROM sbtest7 WHERE id=1585336
	Delete on sbtest7  (cost=0.43..8.45 rows=0 width=0)
	  ->  Index Scan using sbtest7_pkey on sbtest7  (cost=0.43..8.45 rows=1 width=6)
	        Index Cond: (id = 1585336)

table 8 : explain DELETE FROM sbtest8 WHERE id=480652
	Delete on sbtest8  (cost=0.43..8.45 rows=0 width=0)
	  ->  Index Scan using sbtest8_pkey on sbtest8  (cost=0.43..8.45 rows=1 width=6)
	        Index Cond: (id = 480652)

explain: for inserts :: explain INSERT INTO sbtest%u (id, k, c, pad) VALUES (%u, 13, 'foobar', 'foobar')
for: distinct_ranges
table 1 : explain SELECT DISTINCT c FROM sbtest1 WHERE id BETWEEN 1882876 AND 1882975 ORDER BY c
	Unique  (cost=377.13..377.60 rows=95 width=121)
	  ->  Sort  (cost=377.13..377.36 rows=95 width=121)
	        Sort Key: c
	        ->  Index Scan using sbtest1_pkey on sbtest1  (cost=0.43..374.01 rows=95 width=121)
	              Index Cond: ((id >= 1882876) AND (id <= 1882975))

table 2 : explain SELECT DISTINCT c FROM sbtest2 WHERE id BETWEEN 3829219 AND 3829318 ORDER BY c
	Unique  (cost=387.94..388.43 rows=98 width=121)
	  ->  Sort  (cost=387.94..388.18 rows=98 width=121)
	        Sort Key: c
	        ->  Index Scan using sbtest2_pkey on sbtest2  (cost=0.43..384.69 rows=98 width=121)
	              Index Cond: ((id >= 3829219) AND (id <= 3829318))

table 3 : explain SELECT DISTINCT c FROM sbtest3 WHERE id BETWEEN 8274406 AND 8274505 ORDER BY c
	Unique  (cost=403.42..403.93 rows=102 width=121)
	  ->  Sort  (cost=403.42..403.67 rows=102 width=121)
	        Sort Key: c
	        ->  Index Scan using sbtest3_pkey on sbtest3  (cost=0.43..400.01 rows=102 width=121)
	              Index Cond: ((id >= 8274406) AND (id <= 8274505))

table 4 : explain SELECT DISTINCT c FROM sbtest4 WHERE id BETWEEN 7474608 AND 7474707 ORDER BY c
	Unique  (cost=387.89..388.38 rows=98 width=121)
	  ->  Sort  (cost=387.89..388.14 rows=98 width=121)
	        Sort Key: c
	        ->  Index Scan using sbtest4_pkey on sbtest4  (cost=0.43..384.65 rows=98 width=121)
	              Index Cond: ((id >= 7474608) AND (id <= 7474707))

table 5 : explain SELECT DISTINCT c FROM sbtest5 WHERE id BETWEEN 2940129 AND 2940228 ORDER BY c
	Unique  (cost=379.20..379.68 rows=96 width=121)
	  ->  Sort  (cost=379.20..379.44 rows=96 width=121)
	        Sort Key: c
	        ->  Index Scan using sbtest5_pkey on sbtest5  (cost=0.43..376.04 rows=96 width=121)
	              Index Cond: ((id >= 2940129) AND (id <= 2940228))

table 6 : explain SELECT DISTINCT c FROM sbtest6 WHERE id BETWEEN 187475 AND 187574 ORDER BY c
	Unique  (cost=379.69..380.17 rows=96 width=121)
	  ->  Sort  (cost=379.69..379.93 rows=96 width=121)
	        Sort Key: c
	        ->  Index Scan using sbtest6_pkey on sbtest6  (cost=0.43..376.53 rows=96 width=121)
	              Index Cond: ((id >= 187475) AND (id <= 187574))

table 7 : explain SELECT DISTINCT c FROM sbtest7 WHERE id BETWEEN 428255 AND 428354 ORDER BY c
	Unique  (cost=388.52..389.01 rows=98 width=121)
	  ->  Sort  (cost=388.52..388.77 rows=98 width=121)
	        Sort Key: c
	        ->  Index Scan using sbtest7_pkey on sbtest7  (cost=0.43..385.28 rows=98 width=121)
	              Index Cond: ((id >= 428255) AND (id <= 428354))

table 8 : explain SELECT DISTINCT c FROM sbtest8 WHERE id BETWEEN 7241463 AND 7241562 ORDER BY c
	Unique  (cost=423.28..423.82 rows=107 width=121)
	  ->  Sort  (cost=423.28..423.55 rows=107 width=121)
	        Sort Key: c
	        ->  Index Scan using sbtest8_pkey on sbtest8  (cost=0.43..419.68 rows=107 width=121)
	              Index Cond: ((id >= 7241463) AND (id <= 7241562))

for inserts
table 1 : explain INSERT INTO sbtest1 (id, k, c, pad) VALUES (6081945, 13, 'foobar', 'foobar')
	Insert on sbtest1  (cost=0.00..0.01 rows=0 width=0)
	  ->  Result  (cost=0.00..0.01 rows=1 width=736)

table 2 : explain INSERT INTO sbtest2 (id, k, c, pad) VALUES (2368255, 13, 'foobar', 'foobar')
	Insert on sbtest2  (cost=0.00..0.01 rows=0 width=0)
	  ->  Result  (cost=0.00..0.01 rows=1 width=736)

table 3 : explain INSERT INTO sbtest3 (id, k, c, pad) VALUES (2557345, 13, 'foobar', 'foobar')
	Insert on sbtest3  (cost=0.00..0.01 rows=0 width=0)
	  ->  Result  (cost=0.00..0.01 rows=1 width=736)

table 4 : explain INSERT INTO sbtest4 (id, k, c, pad) VALUES (7556039, 13, 'foobar', 'foobar')
	Insert on sbtest4  (cost=0.00..0.01 rows=0 width=0)
	  ->  Result  (cost=0.00..0.01 rows=1 width=736)

table 5 : explain INSERT INTO sbtest5 (id, k, c, pad) VALUES (413464, 13, 'foobar', 'foobar')
	Insert on sbtest5  (cost=0.00..0.01 rows=0 width=0)
	  ->  Result  (cost=0.00..0.01 rows=1 width=736)

table 6 : explain INSERT INTO sbtest6 (id, k, c, pad) VALUES (9244197, 13, 'foobar', 'foobar')
	Insert on sbtest6  (cost=0.00..0.01 rows=0 width=0)
	  ->  Result  (cost=0.00..0.01 rows=1 width=736)

table 7 : explain INSERT INTO sbtest7 (id, k, c, pad) VALUES (3072949, 13, 'foobar', 'foobar')
	Insert on sbtest7  (cost=0.00..0.01 rows=0 width=0)
	  ->  Result  (cost=0.00..0.01 rows=1 width=736)

table 8 : explain INSERT INTO sbtest8 (id, k, c, pad) VALUES (2505687, 13, 'foobar', 'foobar')
	Insert on sbtest8  (cost=0.00..0.01 rows=0 width=0)
	  ->  Result  (cost=0.00..0.01 rows=1 width=736)

explain: for index_updates :: explain UPDATE sbtest%u SET k=k+1 WHERE id=%u
for index_updates
table 1 : explain UPDATE sbtest1 SET k=k+1 WHERE id=2362107
	Update on sbtest1  (cost=0.43..8.46 rows=0 width=0)
	  ->  Index Scan using sbtest1_pkey on sbtest1  (cost=0.43..8.46 rows=1 width=10)
	        Index Cond: (id = 2362107)

table 2 : explain UPDATE sbtest2 SET k=k+1 WHERE id=4783470
	Update on sbtest2  (cost=0.43..8.46 rows=0 width=0)
	  ->  Index Scan using sbtest2_pkey on sbtest2  (cost=0.43..8.46 rows=1 width=10)
	        Index Cond: (id = 4783470)

table 3 : explain UPDATE sbtest3 SET k=k+1 WHERE id=6609504
	Update on sbtest3  (cost=0.43..8.46 rows=0 width=0)
	  ->  Index Scan using sbtest3_pkey on sbtest3  (cost=0.43..8.46 rows=1 width=10)
	        Index Cond: (id = 6609504)

table 4 : explain UPDATE sbtest4 SET k=k+1 WHERE id=5407522
	Update on sbtest4  (cost=0.43..8.46 rows=0 width=0)
	  ->  Index Scan using sbtest4_pkey on sbtest4  (cost=0.43..8.46 rows=1 width=10)
	        Index Cond: (id = 5407522)

table 5 : explain UPDATE sbtest5 SET k=k+1 WHERE id=5821891
	Update on sbtest5  (cost=0.43..8.46 rows=0 width=0)
	  ->  Index Scan using sbtest5_pkey on sbtest5  (cost=0.43..8.46 rows=1 width=10)
	        Index Cond: (id = 5821891)

table 6 : explain UPDATE sbtest6 SET k=k+1 WHERE id=5386929
	Update on sbtest6  (cost=0.43..8.46 rows=0 width=0)
	  ->  Index Scan using sbtest6_pkey on sbtest6  (cost=0.43..8.46 rows=1 width=10)
	        Index Cond: (id = 5386929)

table 7 : explain UPDATE sbtest7 SET k=k+1 WHERE id=7912224
	Update on sbtest7  (cost=0.43..8.46 rows=0 width=0)
	  ->  Index Scan using sbtest7_pkey on sbtest7  (cost=0.43..8.46 rows=1 width=10)
	        Index Cond: (id = 7912224)

table 8 : explain UPDATE sbtest8 SET k=k+1 WHERE id=6246712
	Update on sbtest8  (cost=0.43..8.46 rows=0 width=0)
	  ->  Index Scan using sbtest8_pkey on sbtest8  (cost=0.43..8.46 rows=1 width=10)
	        Index Cond: (id = 6246712)

explain: for non_index_updates :: explain UPDATE sbtest%u SET c='foobar' WHERE id=%u
for non_index_updates
table 1 : explain UPDATE sbtest1 SET c='foobar' WHERE id=8321694
	Update on sbtest1  (cost=0.43..8.45 rows=0 width=0)
	  ->  Index Scan using sbtest1_pkey on sbtest1  (cost=0.43..8.45 rows=1 width=490)
	        Index Cond: (id = 8321694)

table 2 : explain UPDATE sbtest2 SET c='foobar' WHERE id=3727807
	Update on sbtest2  (cost=0.43..8.45 rows=0 width=0)
	  ->  Index Scan using sbtest2_pkey on sbtest2  (cost=0.43..8.45 rows=1 width=490)
	        Index Cond: (id = 3727807)

table 3 : explain UPDATE sbtest3 SET c='foobar' WHERE id=8220504
	Update on sbtest3  (cost=0.43..8.45 rows=0 width=0)
	  ->  Index Scan using sbtest3_pkey on sbtest3  (cost=0.43..8.45 rows=1 width=490)
	        Index Cond: (id = 8220504)

table 4 : explain UPDATE sbtest4 SET c='foobar' WHERE id=6963096
	Update on sbtest4  (cost=0.43..8.45 rows=0 width=0)
	  ->  Index Scan using sbtest4_pkey on sbtest4  (cost=0.43..8.45 rows=1 width=490)
	        Index Cond: (id = 6963096)

table 5 : explain UPDATE sbtest5 SET c='foobar' WHERE id=6228078
	Update on sbtest5  (cost=0.43..8.45 rows=0 width=0)
	  ->  Index Scan using sbtest5_pkey on sbtest5  (cost=0.43..8.45 rows=1 width=490)
	        Index Cond: (id = 6228078)

table 6 : explain UPDATE sbtest6 SET c='foobar' WHERE id=267496
	Update on sbtest6  (cost=0.43..8.45 rows=0 width=0)
	  ->  Index Scan using sbtest6_pkey on sbtest6  (cost=0.43..8.45 rows=1 width=490)
	        Index Cond: (id = 267496)

table 7 : explain UPDATE sbtest7 SET c='foobar' WHERE id=7559271
	Update on sbtest7  (cost=0.43..8.45 rows=0 width=0)
	  ->  Index Scan using sbtest7_pkey on sbtest7  (cost=0.43..8.45 rows=1 width=490)
	        Index Cond: (id = 7559271)

table 8 : explain UPDATE sbtest8 SET c='foobar' WHERE id=2782095
	Update on sbtest8  (cost=0.43..8.45 rows=0 width=0)
	  ->  Index Scan using sbtest8_pkey on sbtest8  (cost=0.43..8.45 rows=1 width=490)
	        Index Cond: (id = 2782095)

explain: for deletes :: explain DELETE FROM sbtest%u WHERE id=%u
for deletes
table 1 : explain DELETE FROM sbtest1 WHERE id=4354560
	Delete on sbtest1  (cost=0.43..8.45 rows=0 width=0)
	  ->  Index Scan using sbtest1_pkey on sbtest1  (cost=0.43..8.45 rows=1 width=6)
	        Index Cond: (id = 4354560)

table 2 : explain DELETE FROM sbtest2 WHERE id=6752127
	Delete on sbtest2  (cost=0.43..8.45 rows=0 width=0)
	  ->  Index Scan using sbtest2_pkey on sbtest2  (cost=0.43..8.45 rows=1 width=6)
	        Index Cond: (id = 6752127)

table 3 : explain DELETE FROM sbtest3 WHERE id=1082080
	Delete on sbtest3  (cost=0.43..8.45 rows=0 width=0)
	  ->  Index Scan using sbtest3_pkey on sbtest3  (cost=0.43..8.45 rows=1 width=6)
	        Index Cond: (id = 1082080)

table 4 : explain DELETE FROM sbtest4 WHERE id=3327497
	Delete on sbtest4  (cost=0.43..8.45 rows=0 width=0)
	  ->  Index Scan using sbtest4_pkey on sbtest4  (cost=0.43..8.45 rows=1 width=6)
	        Index Cond: (id = 3327497)

table 5 : explain DELETE FROM sbtest5 WHERE id=5032847
	Delete on sbtest5  (cost=0.43..8.45 rows=0 width=0)
	  ->  Index Scan using sbtest5_pkey on sbtest5  (cost=0.43..8.45 rows=1 width=6)
	        Index Cond: (id = 5032847)

table 6 : explain DELETE FROM sbtest6 WHERE id=4834248
	Delete on sbtest6  (cost=0.43..8.45 rows=0 width=0)
	  ->  Index Scan using sbtest6_pkey on sbtest6  (cost=0.43..8.45 rows=1 width=6)
	        Index Cond: (id = 4834248)

table 7 : explain DELETE FROM sbtest7 WHERE id=5451838
	Delete on sbtest7  (cost=0.43..8.45 rows=0 width=0)
	  ->  Index Scan using sbtest7_pkey on sbtest7  (cost=0.43..8.45 rows=1 width=6)
	        Index Cond: (id = 5451838)

table 8 : explain DELETE FROM sbtest8 WHERE id=2079554
	Delete on sbtest8  (cost=0.43..8.45 rows=0 width=0)
	  ->  Index Scan using sbtest8_pkey on sbtest8  (cost=0.43..8.45 rows=1 width=6)
	        Index Cond: (id = 2079554)

explain: for inserts :: explain INSERT INTO sbtest%u (id, k, c, pad) VALUES (%u, 13, 'foobar', 'foobar')
for inserts
table 1 : explain INSERT INTO sbtest1 (id, k, c, pad) VALUES (1379869, 13, 'foobar', 'foobar')
	Insert on sbtest1  (cost=0.00..0.01 rows=0 width=0)
	  ->  Result  (cost=0.00..0.01 rows=1 width=736)

table 2 : explain INSERT INTO sbtest2 (id, k, c, pad) VALUES (2781617, 13, 'foobar', 'foobar')
	Insert on sbtest2  (cost=0.00..0.01 rows=0 width=0)
	  ->  Result  (cost=0.00..0.01 rows=1 width=736)

table 3 : explain INSERT INTO sbtest3 (id, k, c, pad) VALUES (5504505, 13, 'foobar', 'foobar')
	Insert on sbtest3  (cost=0.00..0.01 rows=0 width=0)
	  ->  Result  (cost=0.00..0.01 rows=1 width=736)

table 4 : explain INSERT INTO sbtest4 (id, k, c, pad) VALUES (3687621, 13, 'foobar', 'foobar')
	Insert on sbtest4  (cost=0.00..0.01 rows=0 width=0)
	  ->  Result  (cost=0.00..0.01 rows=1 width=736)

table 5 : explain INSERT INTO sbtest5 (id, k, c, pad) VALUES (3746963, 13, 'foobar', 'foobar')
	Insert on sbtest5  (cost=0.00..0.01 rows=0 width=0)
	  ->  Result  (cost=0.00..0.01 rows=1 width=736)

table 6 : explain INSERT INTO sbtest6 (id, k, c, pad) VALUES (811165, 13, 'foobar', 'foobar')
	Insert on sbtest6  (cost=0.00..0.01 rows=0 width=0)
	  ->  Result  (cost=0.00..0.01 rows=1 width=736)

table 7 : explain INSERT INTO sbtest7 (id, k, c, pad) VALUES (1196014, 13, 'foobar', 'foobar')
	Insert on sbtest7  (cost=0.00..0.01 rows=0 width=0)
	  ->  Result  (cost=0.00..0.01 rows=1 width=736)

table 8 : explain INSERT INTO sbtest8 (id, k, c, pad) VALUES (6268030, 13, 'foobar', 'foobar')
	Insert on sbtest8  (cost=0.00..0.01 rows=0 width=0)
	  ->  Result  (cost=0.00..0.01 rows=1 width=736)

Threads started!

Warming up for 5 seconds...

SQL statistics:
    queries performed:
        read:                            317735260
        write:                           90781623
        other:                           45390778
        total:                           453907661
    transactions:                        22695408 (24403.20 per sec.)
    queries:                             453907661 (488063.45 per sec.)
    ignored errors:                      0      (0.00 per sec.)
    reconnects:                          0      (0.00 per sec.)

Throughput:
    events/s (eps):                      24403.1993
    time elapsed:                        930.0178s
    total number of events:              22695408

Latency (ms):
         min:                                    1.36
         avg:                                    1.64
         max:                                   28.05
         95th percentile:                        1.70
         sum:                             37176695.95

Threads fairness:
    events (avg/stddev):           567384.9000/2826.68
    execution time (avg/stddev):   929.4174/0.01

