LUA_PATH=/home/mdcallag/git/mytools/bench/sysbench.lua/lua/?.lua /home/mdcallag/git/mytools/bench/sysbench.lua/lua/sysbench --db-driver=pgsql --range-size=1000 --table-size=10000000 --tables=8 --threads=40 --events=0 --warmup-time=5 --time=630 --pgsql_conn_id=true /home/mdcallag/git/mytools/bench/sysbench.lua/lua/oltp_read_only.lua run --pgsql-user=root --pgsql-password=pw --pgsql-host=127.0.0.1 --pgsql-db=ib --rand-type=uniform --simple-ranges=0 --sum-ranges=1 --order-ranges=0 --distinct-ranges=0
48 CPUs
sysbench 1.1.0-9072687 (using bundled LuaJIT 2.1.0-beta3)

Running the test with following options:
Number of threads: 40
Warmup time: 5s
Initializing random number generator from current time


Initializing worker threads...

explain: for point_selects :: explain SELECT c FROM sbtest%u WHERE id=%u
explain: for point_selects :: explain SELECT c FROM sbtest%u WHERE id=%u
explain: for point_selects :: explain SELECT c FROM sbtest%u WHERE id=%u
explain: for point_selects :: explain SELECT c FROM sbtest%u WHERE id=%u
explain: for point_selects :: explain SELECT c FROM sbtest%u WHERE id=%u
for point_selects
table 1 : explain SELECT c FROM sbtest1 WHERE id=8241868
	Index Scan using sbtest1_pkey on sbtest1  (cost=0.43..8.45 rows=1 width=121)
	  Index Cond: (id = 8241868)

table 2 : explain SELECT c FROM sbtest2 WHERE id=3081692
	Index Scan using sbtest2_pkey on sbtest2  (cost=0.43..8.45 rows=1 width=121)
	  Index Cond: (id = 3081692)

table 3 : explain SELECT c FROM sbtest3 WHERE id=2367486
	Index Scan using sbtest3_pkey on sbtest3  (cost=0.43..8.45 rows=1 width=121)
	  Index Cond: (id = 2367486)

table 4 : explain SELECT c FROM sbtest4 WHERE id=5850741
	Index Scan using sbtest4_pkey on sbtest4  (cost=0.43..8.45 rows=1 width=121)
	  Index Cond: (id = 5850741)

table 5 : explain SELECT c FROM sbtest5 WHERE id=3525085
	Index Scan using sbtest5_pkey on sbtest5  (cost=0.43..8.45 rows=1 width=121)
	  Index Cond: (id = 3525085)

table 6 : explain SELECT c FROM sbtest6 WHERE id=9628569
	Index Scan using sbtest6_pkey on sbtest6  (cost=0.43..8.45 rows=1 width=121)
	  Index Cond: (id = 9628569)

table 7 : explain SELECT c FROM sbtest7 WHERE id=1144204
	Index Scan using sbtest7_pkey on sbtest7  (cost=0.43..8.45 rows=1 width=121)
	  Index Cond: (id = 1144204)

table 8 : explain SELECT c FROM sbtest8 WHERE id=1883335
	Index Scan using sbtest8_pkey on sbtest8  (cost=0.43..8.45 rows=1 width=121)
	  Index Cond: (id = 1883335)

explain: for point_selects :: explain SELECT c FROM sbtest%u WHERE id=%u
for point_selects
table 1 : explain SELECT c FROM sbtest1 WHERE id=3124266
	Index Scan using sbtest1_pkey on sbtest1  (cost=0.43..8.45 rows=1 width=121)
	  Index Cond: (id = 3124266)

table 2 : explain SELECT c FROM sbtest2 WHERE id=1275756
	Index Scan using sbtest2_pkey on sbtest2  (cost=0.43..8.45 rows=1 width=121)
	  Index Cond: (id = 1275756)

table 3 : explain SELECT c FROM sbtest3 WHERE id=7629740
	Index Scan using sbtest3_pkey on sbtest3  (cost=0.43..8.45 rows=1 width=121)
	  Index Cond: (id = 7629740)

table 4 : explain SELECT c FROM sbtest4 WHERE id=113285
	Index Scan using sbtest4_pkey on sbtest4  (cost=0.43..8.45 rows=1 width=121)
	  Index Cond: (id = 113285)

table 5 : explain SELECT c FROM sbtest5 WHERE id=2222359
	Index Scan using sbtest5_pkey on sbtest5  (cost=0.43..8.45 rows=1 width=121)
	  Index Cond: (id = 2222359)

table 6 : explain SELECT c FROM sbtest6 WHERE id=6767831
	Index Scan using sbtest6_pkey on sbtest6  (cost=0.43..8.45 rows=1 width=121)
	  Index Cond: (id = 6767831)

table 7 : explain SELECT c FROM sbtest7 WHERE id=8569253
	Index Scan using sbtest7_pkey on sbtest7  (cost=0.43..8.45 rows=1 width=121)
	  Index Cond: (id = 8569253)

table 8 : explain SELECT c FROM sbtest8 WHERE id=7699548
	Index Scan using sbtest8_pkey on sbtest8  (cost=0.43..8.45 rows=1 width=121)
	  Index Cond: (id = 7699548)

for point_selects
table 1 : explain SELECT c FROM sbtest1 WHERE id=6986558
	Index Scan using sbtest1_pkey on sbtest1  (cost=0.43..8.45 rows=1 width=121)
	  Index Cond: (id = 6986558)

table 2 : explain SELECT c FROM sbtest2 WHERE id=458252
	Index Scan using sbtest2_pkey on sbtest2  (cost=0.43..8.45 rows=1 width=121)
	  Index Cond: (id = 458252)

table 3 : explain SELECT c FROM sbtest3 WHERE id=5516278
	Index Scan using sbtest3_pkey on sbtest3  (cost=0.43..8.45 rows=1 width=121)
	  Index Cond: (id = 5516278)

table 4 : explain SELECT c FROM sbtest4 WHERE id=6434388
	Index Scan using sbtest4_pkey on sbtest4  (cost=0.43..8.45 rows=1 width=121)
	  Index Cond: (id = 6434388)

table 5 : explain SELECT c FROM sbtest5 WHERE id=4932334
	Index Scan using sbtest5_pkey on sbtest5  (cost=0.43..8.45 rows=1 width=121)
	  Index Cond: (id = 4932334)

table 6 : explain SELECT c FROM sbtest6 WHERE id=4233003
	Index Scan using sbtest6_pkey on sbtest6  (cost=0.43..8.45 rows=1 width=121)
	  Index Cond: (id = 4233003)

table 7 : explain SELECT c FROM sbtest7 WHERE id=8363294
	Index Scan using sbtest7_pkey on sbtest7  (cost=0.43..8.45 rows=1 width=121)
	  Index Cond: (id = 8363294)

table 8 : explain SELECT c FROM sbtest8 WHERE id=6677819
	Index Scan using sbtest8_pkey on sbtest8  (cost=0.43..8.45 rows=1 width=121)
	  Index Cond: (id = 6677819)

for point_selects
table 1 : explain SELECT c FROM sbtest1 WHERE id=8573600
	Index Scan using sbtest1_pkey on sbtest1  (cost=0.43..8.45 rows=1 width=121)
	  Index Cond: (id = 8573600)

table 2 : explain SELECT c FROM sbtest2 WHERE id=4081982
	Index Scan using sbtest2_pkey on sbtest2  (cost=0.43..8.45 rows=1 width=121)
	  Index Cond: (id = 4081982)

table 3 : explain SELECT c FROM sbtest3 WHERE id=3486383
	Index Scan using sbtest3_pkey on sbtest3  (cost=0.43..8.45 rows=1 width=121)
	  Index Cond: (id = 3486383)

table 4 : explain SELECT c FROM sbtest4 WHERE id=654513
	Index Scan using sbtest4_pkey on sbtest4  (cost=0.43..8.45 rows=1 width=121)
	  Index Cond: (id = 654513)

table 5 : explain SELECT c FROM sbtest5 WHERE id=9005976
	Index Scan using sbtest5_pkey on sbtest5  (cost=0.43..8.45 rows=1 width=121)
	  Index Cond: (id = 9005976)

table 6 : explain SELECT c FROM sbtest6 WHERE id=8738229
	Index Scan using sbtest6_pkey on sbtest6  (cost=0.43..8.45 rows=1 width=121)
	  Index Cond: (id = 8738229)

table 7 : explain SELECT c FROM sbtest7 WHERE id=7743679
	Index Scan using sbtest7_pkey on sbtest7  (cost=0.43..8.45 rows=1 width=121)
	  Index Cond: (id = 7743679)

table 8 : explain SELECT c FROM sbtest8 WHERE id=5875347
	Index Scan using sbtest8_pkey on sbtest8  (cost=0.43..8.45 rows=1 width=121)
	  Index Cond: (id = 5875347)

explain: for point_selects :: explain SELECT c FROM sbtest%u WHERE id=%u
explain: for point_selects :: explain SELECT c FROM sbtest%u WHERE id=%u
explain: for point_selects :: explain SELECT c FROM sbtest%u WHERE id=%u
for: simple_ranges
table 1 : explain SELECT c FROM sbtest1 WHERE id BETWEEN 5167788 AND 5168787
	Bitmap Heap Scan on sbtest1  (cost=22.96..3960.77 rows=1027 width=121)
	  Recheck Cond: ((id >= 5167788) AND (id <= 5168787))
	  ->  Bitmap Index Scan on sbtest1_pkey  (cost=0.00..22.70 rows=1027 width=0)
	        Index Cond: ((id >= 5167788) AND (id <= 5168787))

table 2 : explain SELECT c FROM sbtest2 WHERE id BETWEEN 9118514 AND 9119513
	Bitmap Heap Scan on sbtest2  (cost=22.73..3875.29 rows=1004 width=121)
	  Recheck Cond: ((id >= 9118514) AND (id <= 9119513))
	  ->  Bitmap Index Scan on sbtest2_pkey  (cost=0.00..22.47 rows=1004 width=0)
	        Index Cond: ((id >= 9118514) AND (id <= 9119513))

table 3 : explain SELECT c FROM sbtest3 WHERE id BETWEEN 4149372 AND 4150371
	Bitmap Heap Scan on sbtest3  (cost=23.08..4007.10 rows=1039 width=121)
	  Recheck Cond: ((id >= 4149372) AND (id <= 4150371))
	  ->  Bitmap Index Scan on sbtest3_pkey  (cost=0.00..22.82 rows=1039 width=0)
	        Index Cond: ((id >= 4149372) AND (id <= 4150371))

table 4 : explain SELECT c FROM sbtest4 WHERE id BETWEEN 4245821 AND 4246820
	Bitmap Heap Scan on sbtest4  (cost=22.26..3706.64 rows=959 width=121)
	  Recheck Cond: ((id >= 4245821) AND (id <= 4246820))
	  ->  Bitmap Index Scan on sbtest4_pkey  (cost=0.00..22.02 rows=959 width=0)
	        Index Cond: ((id >= 4245821) AND (id <= 4246820))

table 5 : explain SELECT c FROM sbtest5 WHERE id BETWEEN 5568018 AND 5569017
	Bitmap Heap Scan on sbtest5  (cost=22.62..3838.70 rows=994 width=121)
	  Recheck Cond: ((id >= 5568018) AND (id <= 5569017))
	  ->  Bitmap Index Scan on sbtest5_pkey  (cost=0.00..22.37 rows=994 width=0)
	        Index Cond: ((id >= 5568018) AND (id <= 5569017))

table 6 : explain SELECT c FROM sbtest6 WHERE id BETWEEN 6971565 AND 6972564
	Bitmap Heap Scan on sbtest6  (cost=21.54..3439.22 rows=888 width=121)
	  Recheck Cond: ((id >= 6971565) AND (id <= 6972564))
	  ->  Bitmap Index Scan on sbtest6_pkey  (cost=0.00..21.32 rows=888 width=0)
	        Index Cond: ((id >= 6971565) AND (id <= 6972564))

table 7 : explain SELECT c FROM sbtest7 WHERE id BETWEEN 2994468 AND 2995467
	Bitmap Heap Scan on sbtest7  (cost=23.13..4023.83 rows=1043 width=121)
	  Recheck Cond: ((id >= 2994468) AND (id <= 2995467))
	  ->  Bitmap Index Scan on sbtest7_pkey  (cost=0.00..22.86 rows=1043 width=0)
	        Index Cond: ((id >= 2994468) AND (id <= 2995467))

table 8 : explain SELECT c FROM sbtest8 WHERE id BETWEEN 6929323 AND 6930322
	Bitmap Heap Scan on sbtest8  (cost=22.79..3899.66 rows=1010 width=121)
	  Recheck Cond: ((id >= 6929323) AND (id <= 6930322))
	  ->  Bitmap Index Scan on sbtest8_pkey  (cost=0.00..22.54 rows=1010 width=0)
	        Index Cond: ((id >= 6929323) AND (id <= 6930322))

for: simple_ranges
table 1 : explain SELECT c FROM sbtest1 WHERE id BETWEEN 5448829 AND 5449828
	Bitmap Heap Scan on sbtest1  (cost=22.40..3753.79 rows=972 width=121)
	  Recheck Cond: ((id >= 5448829) AND (id <= 5449828))
	  ->  Bitmap Index Scan on sbtest1_pkey  (cost=0.00..22.15 rows=972 width=0)
	        Index Cond: ((id >= 5448829) AND (id <= 5449828))

table 2 : explain SELECT c FROM sbtest2 WHERE id BETWEEN 3521421 AND 3522420
	Bitmap Heap Scan on sbtest2  (cost=22.64..3845.17 rows=996 width=121)
	  Recheck Cond: ((id >= 3521421) AND (id <= 3522420))
	  ->  Bitmap Index Scan on sbtest2_pkey  (cost=0.00..22.39 rows=996 width=0)
	        Index Cond: ((id >= 3521421) AND (id <= 3522420))

table 3 : explain SELECT c FROM sbtest3 WHERE id BETWEEN 5255805 AND 5256804
	Bitmap Heap Scan on sbtest3  (cost=22.37..3743.59 rows=969 width=121)
	  Recheck Cond: ((id >= 5255805) AND (id <= 5256804))
	  ->  Bitmap Index Scan on sbtest3_pkey  (cost=0.00..22.12 rows=969 width=0)
	        Index Cond: ((id >= 5255805) AND (id <= 5256804))

table 4 : explain SELECT c FROM sbtest4 WHERE id BETWEEN 3731575 AND 3732574
	Bitmap Heap Scan on sbtest4  (cost=22.63..3842.33 rows=995 width=121)
	  Recheck Cond: ((id >= 3731575) AND (id <= 3732574))
	  ->  Bitmap Index Scan on sbtest4_pkey  (cost=0.00..22.39 rows=995 width=0)
	        Index Cond: ((id >= 3731575) AND (id <= 3732574))

table 5 : explain SELECT c FROM sbtest5 WHERE id BETWEEN 5009943 AND 5010942
	Bitmap Heap Scan on sbtest5  (cost=22.70..3865.07 rows=1001 width=121)
	  Recheck Cond: ((id >= 5009943) AND (id <= 5010942))
	  ->  Bitmap Index Scan on sbtest5_pkey  (cost=0.00..22.44 rows=1001 width=0)
	        Index Cond: ((id >= 5009943) AND (id <= 5010942))

table 6 : explain SELECT c FROM sbtest6 WHERE id BETWEEN 7974139 AND 7975138
	Bitmap Heap Scan on sbtest6  (cost=22.94..3956.15 rows=1025 width=121)
	  Recheck Cond: ((id >= 7974139) AND (id <= 7975138))
	  ->  Bitmap Index Scan on sbtest6_pkey  (cost=0.00..22.68 rows=1025 width=0)
	        Index Cond: ((id >= 7974139) AND (id <= 7975138))

table 7 : explain SELECT c FROM sbtest7 WHERE id BETWEEN 2548409 AND 2549408
	Bitmap Heap Scan on sbtest7  (cost=23.45..4144.15 rows=1075 width=121)
	  Recheck Cond: ((id >= 2548409) AND (id <= 2549408))
	  ->  Bitmap Index Scan on sbtest7_pkey  (cost=0.00..23.18 rows=1075 width=0)
	        Index Cond: ((id >= 2548409) AND (id <= 2549408))

table 8 : explain SELECT c FROM sbtest8 WHERE id BETWEEN 6550546 AND 6551545
	Bitmap Heap Scan on sbtest8  (cost=22.89..3937.32 rows=1020 width=121)
	  Recheck Cond: ((id >= 6550546) AND (id <= 6551545))
	  ->  Bitmap Index Scan on sbtest8_pkey  (cost=0.00..22.64 rows=1020 width=0)
	        Index Cond: ((id >= 6550546) AND (id <= 6551545))

for point_selects
table 1 : explain SELECT c FROM sbtest1 WHERE id=3670201
	Index Scan using sbtest1_pkey on sbtest1  (cost=0.43..8.45 rows=1 width=121)
	  Index Cond: (id = 3670201)

table 2 : explain SELECT c FROM sbtest2 WHERE id=330310
	Index Scan using sbtest2_pkey on sbtest2  (cost=0.43..8.45 rows=1 width=121)
	  Index Cond: (id = 330310)

table 3 : explain SELECT c FROM sbtest3 WHERE id=4387996
	Index Scan using sbtest3_pkey on sbtest3  (cost=0.43..8.45 rows=1 width=121)
	  Index Cond: (id = 4387996)

table 4 : explain SELECT c FROM sbtest4 WHERE id=9670523
	Index Scan using sbtest4_pkey on sbtest4  (cost=0.43..8.45 rows=1 width=121)
	  Index Cond: (id = 9670523)

table 5 : explain SELECT c FROM sbtest5 WHERE id=3638927
	Index Scan using sbtest5_pkey on sbtest5  (cost=0.43..8.45 rows=1 width=121)
	  Index Cond: (id = 3638927)

table 6 : explain SELECT c FROM sbtest6 WHERE id=4127611
	Index Scan using sbtest6_pkey on sbtest6  (cost=0.43..8.45 rows=1 width=121)
	  Index Cond: (id = 4127611)

table 7 : explain SELECT c FROM sbtest7 WHERE id=3756933
	Index Scan using sbtest7_pkey on sbtest7  (cost=0.43..8.45 rows=1 width=121)
	  Index Cond: (id = 3756933)

table 8 : explain SELECT c FROM sbtest8 WHERE id=7111369
	Index Scan using sbtest8_pkey on sbtest8  (cost=0.43..8.45 rows=1 width=121)
	  Index Cond: (id = 7111369)

for: simple_ranges
table 1 : explain SELECT c FROM sbtest1 WHERE id BETWEEN 2808125 AND 2809124
	Bitmap Heap Scan on sbtest1  (cost=22.75..3881.79 rows=1006 width=121)
	  Recheck Cond: ((id >= 2808125) AND (id <= 2809124))
	  ->  Bitmap Index Scan on sbtest1_pkey  (cost=0.00..22.50 rows=1006 width=0)
	        Index Cond: ((id >= 2808125) AND (id <= 2809124))

table 2 : explain SELECT c FROM sbtest2 WHERE id BETWEEN 3863512 AND 3864511
	Bitmap Heap Scan on sbtest2  (cost=23.59..4191.03 rows=1088 width=121)
	  Recheck Cond: ((id >= 3863512) AND (id <= 3864511))
	  ->  Bitmap Index Scan on sbtest2_pkey  (cost=0.00..23.32 rows=1088 width=0)
	        Index Cond: ((id >= 3863512) AND (id <= 3864511))

table 3 : explain SELECT c FROM sbtest3 WHERE id BETWEEN 4586964 AND 4587963
	Bitmap Heap Scan on sbtest3  (cost=21.98..3600.26 rows=931 width=121)
	  Recheck Cond: ((id >= 4586964) AND (id <= 4587963))
	  ->  Bitmap Index Scan on sbtest3_pkey  (cost=0.00..21.75 rows=931 width=0)
	        Index Cond: ((id >= 4586964) AND (id <= 4587963))

table 4 : explain SELECT c FROM sbtest4 WHERE id BETWEEN 9322903 AND 9323902
	Bitmap Heap Scan on sbtest4  (cost=28.18..4409.96 rows=1146 width=121)
	  Recheck Cond: ((id >= 9322903) AND (id <= 9323902))
	  ->  Bitmap Index Scan on sbtest4_pkey  (cost=0.00..27.89 rows=1146 width=0)
	        Index Cond: ((id >= 9322903) AND (id <= 9323902))

table 5 : explain SELECT c FROM sbtest5 WHERE id BETWEEN 6507329 AND 6508328
	Bitmap Heap Scan on sbtest5  (cost=22.86..3925.31 rows=1017 width=121)
	  Recheck Cond: ((id >= 6507329) AND (id <= 6508328))
	  ->  Bitmap Index Scan on sbtest5_pkey  (cost=0.00..22.61 rows=1017 width=0)
	        Index Cond: ((id >= 6507329) AND (id <= 6508328))

table 6 : explain SELECT c FROM sbtest6 WHERE id BETWEEN 8827208 AND 8828207
	Bitmap Heap Scan on sbtest6  (cost=22.54..3809.24 rows=986 width=121)
	  Recheck Cond: ((id >= 8827208) AND (id <= 8828207))
	  ->  Bitmap Index Scan on sbtest6_pkey  (cost=0.00..22.29 rows=986 width=0)
	        Index Cond: ((id >= 8827208) AND (id <= 8828207))

table 7 : explain SELECT c FROM sbtest7 WHERE id BETWEEN 3685556 AND 3686555
	Bitmap Heap Scan on sbtest7  (cost=23.22..4057.69 rows=1052 width=121)
	  Recheck Cond: ((id >= 3685556) AND (id <= 3686555))
	  ->  Bitmap Index Scan on sbtest7_pkey  (cost=0.00..22.95 rows=1052 width=0)
	        Index Cond: ((id >= 3685556) AND (id <= 3686555))

table 8 : explain SELECT c FROM sbtest8 WHERE id BETWEEN 2818486 AND 2819485
	Bitmap Heap Scan on sbtest8  (cost=22.79..3899.66 rows=1010 width=121)
	  Recheck Cond: ((id >= 2818486) AND (id <= 2819485))
	  ->  Bitmap Index Scan on sbtest8_pkey  (cost=0.00..22.54 rows=1010 width=0)
	        Index Cond: ((id >= 2818486) AND (id <= 2819485))

for: simple_ranges
table 1 : explain SELECT c FROM sbtest1 WHERE id BETWEEN 1520960 AND 1521959
	Bitmap Heap Scan on sbtest1  (cost=23.21..4050.97 rows=1051 width=121)
	  Recheck Cond: ((id >= 1520960) AND (id <= 1521959))
	  ->  Bitmap Index Scan on sbtest1_pkey  (cost=0.00..22.94 rows=1051 width=0)
	        Index Cond: ((id >= 1520960) AND (id <= 1521959))

table 2 : explain SELECT c FROM sbtest2 WHERE id BETWEEN 2945045 AND 2946044
	Bitmap Heap Scan on sbtest2  (cost=22.05..3626.56 rows=938 width=121)
	  Recheck Cond: ((id >= 2945045) AND (id <= 2946044))
	  ->  Bitmap Index Scan on sbtest2_pkey  (cost=0.00..21.82 rows=938 width=0)
	        Index Cond: ((id >= 2945045) AND (id <= 2946044))

table 3 : explain SELECT c FROM sbtest3 WHERE id BETWEEN 100518 AND 101517
	Bitmap Heap Scan on sbtest3  (cost=22.29..3713.43 rows=961 width=121)
	  Recheck Cond: ((id >= 100518) AND (id <= 101517))
	  ->  Bitmap Index Scan on sbtest3_pkey  (cost=0.00..22.04 rows=961 width=0)
	        Index Cond: ((id >= 100518) AND (id <= 101517))

table 4 : explain SELECT c FROM sbtest4 WHERE id BETWEEN 3159489 AND 3160488
	Bitmap Heap Scan on sbtest4  (cost=22.97..3966.57 rows=1028 width=121)
	  Recheck Cond: ((id >= 3159489) AND (id <= 3160488))
	  ->  Bitmap Index Scan on sbtest4_pkey  (cost=0.00..22.71 rows=1028 width=0)
	        Index Cond: ((id >= 3159489) AND (id <= 3160488))

table 5 : explain SELECT c FROM sbtest5 WHERE id BETWEEN 2408168 AND 2409167
	Bitmap Heap Scan on sbtest5  (cost=22.81..3906.49 rows=1012 width=121)
	  Recheck Cond: ((id >= 2408168) AND (id <= 2409167))
	  ->  Bitmap Index Scan on sbtest5_pkey  (cost=0.00..22.55 rows=1012 width=0)
	        Index Cond: ((id >= 2408168) AND (id <= 2409167))

table 6 : explain SELECT c FROM sbtest6 WHERE id BETWEEN 5344230 AND 5345229
	Bitmap Heap Scan on sbtest6  (cost=22.13..3658.37 rows=946 width=121)
	  Recheck Cond: ((id >= 5344230) AND (id <= 5345229))
	  ->  Bitmap Index Scan on sbtest6_pkey  (cost=0.00..21.89 rows=946 width=0)
	        Index Cond: ((id >= 5344230) AND (id <= 5345229))

table 7 : explain SELECT c FROM sbtest7 WHERE id BETWEEN 8556945 AND 8557944
	Bitmap Heap Scan on sbtest7  (cost=21.89..3567.70 rows=922 width=121)
	  Recheck Cond: ((id >= 8556945) AND (id <= 8557944))
	  ->  Bitmap Index Scan on sbtest7_pkey  (cost=0.00..21.65 rows=922 width=0)
	        Index Cond: ((id >= 8556945) AND (id <= 8557944))

table 8 : explain SELECT c FROM sbtest8 WHERE id BETWEEN 6348267 AND 6349266
	Bitmap Heap Scan on sbtest8  (cost=22.74..3880.83 rows=1005 width=121)
	  Recheck Cond: ((id >= 6348267) AND (id <= 6349266))
	  ->  Bitmap Index Scan on sbtest8_pkey  (cost=0.00..22.48 rows=1005 width=0)
	        Index Cond: ((id >= 6348267) AND (id <= 6349266))

for point_selects
table 1 : explain SELECT c FROM sbtest1 WHERE id=1283095
	Index Scan using sbtest1_pkey on sbtest1  (cost=0.43..8.45 rows=1 width=121)
	  Index Cond: (id = 1283095)

table 2 : explain SELECT c FROM sbtest2 WHERE id=5541279
	Index Scan using sbtest2_pkey on sbtest2  (cost=0.43..8.45 rows=1 width=121)
	  Index Cond: (id = 5541279)

table 3 : explain SELECT c FROM sbtest3 WHERE id=4535834
	Index Scan using sbtest3_pkey on sbtest3  (cost=0.43..8.45 rows=1 width=121)
	  Index Cond: (id = 4535834)

table 4 : explain SELECT c FROM sbtest4 WHERE id=3457378
	Index Scan using sbtest4_pkey on sbtest4  (cost=0.43..8.45 rows=1 width=121)
	  Index Cond: (id = 3457378)

table 5 : explain SELECT c FROM sbtest5 WHERE id=2507100
	Index Scan using sbtest5_pkey on sbtest5  (cost=0.43..8.45 rows=1 width=121)
	  Index Cond: (id = 2507100)

table 6 : explain SELECT c FROM sbtest6 WHERE id=6153825
	Index Scan using sbtest6_pkey on sbtest6  (cost=0.43..8.45 rows=1 width=121)
	  Index Cond: (id = 6153825)

table 7 : explain SELECT c FROM sbtest7 WHERE id=9324605
	Index Scan using sbtest7_pkey on sbtest7  (cost=0.43..8.45 rows=1 width=121)
	  Index Cond: (id = 9324605)

table 8 : explain SELECT c FROM sbtest8 WHERE id=9513752
	Index Scan using sbtest8_pkey on sbtest8  (cost=0.43..8.45 rows=1 width=121)
	  Index Cond: (id = 9513752)

for: simple_ranges
table 1 : explain SELECT c FROM sbtest1 WHERE id BETWEEN 2583010 AND 2584009
	Bitmap Heap Scan on sbtest1  (cost=22.42..3761.32 rows=974 width=121)
	  Recheck Cond: ((id >= 2583010) AND (id <= 2584009))
	  ->  Bitmap Index Scan on sbtest1_pkey  (cost=0.00..22.18 rows=974 width=0)
	        Index Cond: ((id >= 2583010) AND (id <= 2584009))

table 2 : explain SELECT c FROM sbtest2 WHERE id BETWEEN 6328942 AND 6329941
	Bitmap Heap Scan on sbtest2  (cost=22.50..3792.44 rows=982 width=121)
	  Recheck Cond: ((id >= 6328942) AND (id <= 6329941))
	  ->  Bitmap Index Scan on sbtest2_pkey  (cost=0.00..22.25 rows=982 width=0)
	        Index Cond: ((id >= 6328942) AND (id <= 6329941))

table 3 : explain SELECT c FROM sbtest3 WHERE id BETWEEN 1611006 AND 1612005
	Bitmap Heap Scan on sbtest3  (cost=22.78..3894.24 rows=1009 width=121)
	  Recheck Cond: ((id >= 1611006) AND (id <= 1612005))
	  ->  Bitmap Index Scan on sbtest3_pkey  (cost=0.00..22.52 rows=1009 width=0)
	        Index Cond: ((id >= 1611006) AND (id <= 1612005))

table 4 : explain SELECT c FROM sbtest4 WHERE id BETWEEN 5866644 AND 5867643
	Bitmap Heap Scan on sbtest4  (cost=22.58..3823.49 rows=990 width=121)
	  Recheck Cond: ((id >= 5866644) AND (id <= 5867643))
	  ->  Bitmap Index Scan on sbtest4_pkey  (cost=0.00..22.33 rows=990 width=0)
	        Index Cond: ((id >= 5866644) AND (id <= 5867643))

table 5 : explain SELECT c FROM sbtest5 WHERE id BETWEEN 9934839 AND 9935838
	Bitmap Heap Scan on sbtest5  (cost=23.13..4023.14 rows=1043 width=121)
	  Recheck Cond: ((id >= 9934839) AND (id <= 9935838))
	  ->  Bitmap Index Scan on sbtest5_pkey  (cost=0.00..22.86 rows=1043 width=0)
	        Index Cond: ((id >= 9934839) AND (id <= 9935838))

table 6 : explain SELECT c FROM sbtest6 WHERE id BETWEEN 2585392 AND 2586391
	Bitmap Heap Scan on sbtest6  (cost=23.14..4027.65 rows=1044 width=121)
	  Recheck Cond: ((id >= 2585392) AND (id <= 2586391))
	  ->  Bitmap Index Scan on sbtest6_pkey  (cost=0.00..22.87 rows=1044 width=0)
	        Index Cond: ((id >= 2585392) AND (id <= 2586391))

table 7 : explain SELECT c FROM sbtest7 WHERE id BETWEEN 4962203 AND 4963202
	Bitmap Heap Scan on sbtest7  (cost=23.06..4001.26 rows=1037 width=121)
	  Recheck Cond: ((id >= 4962203) AND (id <= 4963202))
	  ->  Bitmap Index Scan on sbtest7_pkey  (cost=0.00..22.80 rows=1037 width=0)
	        Index Cond: ((id >= 4962203) AND (id <= 4963202))

table 8 : explain SELECT c FROM sbtest8 WHERE id BETWEEN 1740354 AND 1741353
	Bitmap Heap Scan on sbtest8  (cost=22.63..3843.15 rows=995 width=121)
	  Recheck Cond: ((id >= 1740354) AND (id <= 1741353))
	  ->  Bitmap Index Scan on sbtest8_pkey  (cost=0.00..22.39 rows=995 width=0)
	        Index Cond: ((id >= 1740354) AND (id <= 1741353))

for: simple_ranges
table 1 : explain SELECT c FROM sbtest1 WHERE id BETWEEN 3645187 AND 3646186
	Bitmap Heap Scan on sbtest1  (cost=22.81..3904.36 rows=1012 width=121)
	  Recheck Cond: ((id >= 3645187) AND (id <= 3646186))
	  ->  Bitmap Index Scan on sbtest1_pkey  (cost=0.00..22.55 rows=1012 width=0)
	        Index Cond: ((id >= 3645187) AND (id <= 3646186))

table 2 : explain SELECT c FROM sbtest2 WHERE id BETWEEN 9582751 AND 9583750
	Bitmap Heap Scan on sbtest2  (cost=22.12..3652.96 rows=945 width=121)
	  Recheck Cond: ((id >= 9582751) AND (id <= 9583750))
	  ->  Bitmap Index Scan on sbtest2_pkey  (cost=0.00..21.89 rows=945 width=0)
	        Index Cond: ((id >= 9582751) AND (id <= 9583750))

table 3 : explain SELECT c FROM sbtest3 WHERE id BETWEEN 9805917 AND 9806916
	Bitmap Heap Scan on sbtest3  (cost=23.19..4044.69 rows=1049 width=121)
	  Recheck Cond: ((id >= 9805917) AND (id <= 9806916))
	  ->  Bitmap Index Scan on sbtest3_pkey  (cost=0.00..22.93 rows=1049 width=0)
	        Index Cond: ((id >= 9805917) AND (id <= 9806916))

table 4 : explain SELECT c FROM sbtest4 WHERE id BETWEEN 6841471 AND 6842470
	Bitmap Heap Scan on sbtest4  (cost=27.77..4259.94 rows=1106 width=121)
	  Recheck Cond: ((id >= 6841471) AND (id <= 6842470))
	  ->  Bitmap Index Scan on sbtest4_pkey  (cost=0.00..27.50 rows=1106 width=0)
	        Index Cond: ((id >= 6841471) AND (id <= 6842470))

table 5 : explain SELECT c FROM sbtest5 WHERE id BETWEEN 6365100 AND 6366099
	Bitmap Heap Scan on sbtest5  (cost=23.31..4090.81 rows=1061 width=121)
	  Recheck Cond: ((id >= 6365100) AND (id <= 6366099))
	  ->  Bitmap Index Scan on sbtest5_pkey  (cost=0.00..23.04 rows=1061 width=0)
	        Index Cond: ((id >= 6365100) AND (id <= 6366099))

table 6 : explain SELECT c FROM sbtest6 WHERE id BETWEEN 8339858 AND 8340857
	Bitmap Heap Scan on sbtest6  (cost=27.61..4204.56 rows=1090 width=121)
	  Recheck Cond: ((id >= 8339858) AND (id <= 8340857))
	  ->  Bitmap Index Scan on sbtest6_pkey  (cost=0.00..27.33 rows=1090 width=0)
	        Index Cond: ((id >= 8339858) AND (id <= 8340857))

table 7 : explain SELECT c FROM sbtest7 WHERE id BETWEEN 3218784 AND 3219783
	Bitmap Heap Scan on sbtest7  (cost=22.10..3647.00 rows=943 width=121)
	  Recheck Cond: ((id >= 3218784) AND (id <= 3219783))
	  ->  Bitmap Index Scan on sbtest7_pkey  (cost=0.00..21.86 rows=943 width=0)
	        Index Cond: ((id >= 3218784) AND (id <= 3219783))

table 8 : explain SELECT c FROM sbtest8 WHERE id BETWEEN 6152648 AND 6153647
	Bitmap Heap Scan on sbtest8  (cost=27.58..4193.28 rows=1087 width=121)
	  Recheck Cond: ((id >= 6152648) AND (id <= 6153647))
	  ->  Bitmap Index Scan on sbtest8_pkey  (cost=0.00..27.30 rows=1087 width=0)
	        Index Cond: ((id >= 6152648) AND (id <= 6153647))

explain: for point_selects :: explain SELECT c FROM sbtest%u WHERE id=%u
explain: for point_selects :: explain SELECT c FROM sbtest%u WHERE id=%u
for point_selects
table 1 : explain SELECT c FROM sbtest1 WHERE id=2185114
	Index Scan using sbtest1_pkey on sbtest1  (cost=0.43..8.45 rows=1 width=121)
	  Index Cond: (id = 2185114)

table 2 : explain SELECT c FROM sbtest2 WHERE id=8883024
	Index Scan using sbtest2_pkey on sbtest2  (cost=0.43..8.45 rows=1 width=121)
	  Index Cond: (id = 8883024)

table 3 : explain SELECT c FROM sbtest3 WHERE id=397731
	Index Scan using sbtest3_pkey on sbtest3  (cost=0.43..8.45 rows=1 width=121)
	  Index Cond: (id = 397731)

table 4 : explain SELECT c FROM sbtest4 WHERE id=4089225
	Index Scan using sbtest4_pkey on sbtest4  (cost=0.43..8.45 rows=1 width=121)
	  Index Cond: (id = 4089225)

table 5 : explain SELECT c FROM sbtest5 WHERE id=701463
	Index Scan using sbtest5_pkey on sbtest5  (cost=0.43..8.45 rows=1 width=121)
	  Index Cond: (id = 701463)

table 6 : explain SELECT c FROM sbtest6 WHERE id=8023013
	Index Scan using sbtest6_pkey on sbtest6  (cost=0.43..8.45 rows=1 width=121)
	  Index Cond: (id = 8023013)

table 7 : explain SELECT c FROM sbtest7 WHERE id=3409703
	Index Scan using sbtest7_pkey on sbtest7  (cost=0.43..8.45 rows=1 width=121)
	  Index Cond: (id = 3409703)

table 8 : explain SELECT c FROM sbtest8 WHERE id=3516440
	Index Scan using sbtest8_pkey on sbtest8  (cost=0.43..8.45 rows=1 width=121)
	  Index Cond: (id = 3516440)

explain: for point_selects :: explain SELECT c FROM sbtest%u WHERE id=%u
for: simple_ranges
table 1 : explain SELECT c FROM sbtest1 WHERE id BETWEEN 6994078 AND 6995077
	Bitmap Heap Scan on sbtest1  (cost=23.24..4062.24 rows=1054 width=121)
	  Recheck Cond: ((id >= 6994078) AND (id <= 6995077))
	  ->  Bitmap Index Scan on sbtest1_pkey  (cost=0.00..22.97 rows=1054 width=0)
	        Index Cond: ((id >= 6994078) AND (id <= 6995077))

table 2 : explain SELECT c FROM sbtest2 WHERE id BETWEEN 9283612 AND 9284611
	Bitmap Heap Scan on sbtest2  (cost=23.39..4119.69 rows=1069 width=121)
	  Recheck Cond: ((id >= 9283612) AND (id <= 9284611))
	  ->  Bitmap Index Scan on sbtest2_pkey  (cost=0.00..23.12 rows=1069 width=0)
	        Index Cond: ((id >= 9283612) AND (id <= 9284611))

table 3 : explain SELECT c FROM sbtest3 WHERE id BETWEEN 8593350 AND 8594349
	Bitmap Heap Scan on sbtest3  (cost=23.04..3992.06 rows=1035 width=121)
	  Recheck Cond: ((id >= 8593350) AND (id <= 8594349))
	  ->  Bitmap Index Scan on sbtest3_pkey  (cost=0.00..22.79 rows=1035 width=0)
	        Index Cond: ((id >= 8593350) AND (id <= 8594349))

table 4 : explain SELECT c FROM sbtest4 WHERE id BETWEEN 3659046 AND 3660045
	Bitmap Heap Scan on sbtest4  (cost=22.63..3842.33 rows=995 width=121)
	  Recheck Cond: ((id >= 3659046) AND (id <= 3660045))
	  ->  Bitmap Index Scan on sbtest4_pkey  (cost=0.00..22.39 rows=995 width=0)
	        Index Cond: ((id >= 3659046) AND (id <= 3660045))

table 5 : explain SELECT c FROM sbtest5 WHERE id BETWEEN 7713821 AND 7714820
	Bitmap Heap Scan on sbtest5  (cost=22.06..3631.30 rows=939 width=121)
	  Recheck Cond: ((id >= 7713821) AND (id <= 7714820))
	  ->  Bitmap Index Scan on sbtest5_pkey  (cost=0.00..21.82 rows=939 width=0)
	        Index Cond: ((id >= 7713821) AND (id <= 7714820))

table 6 : explain SELECT c FROM sbtest6 WHERE id BETWEEN 8598714 AND 8599713
	Bitmap Heap Scan on sbtest6  (cost=23.14..4027.65 rows=1044 width=121)
	  Recheck Cond: ((id >= 8598714) AND (id <= 8599713))
	  ->  Bitmap Index Scan on sbtest6_pkey  (cost=0.00..22.87 rows=1044 width=0)
	        Index Cond: ((id >= 8598714) AND (id <= 8599713))

table 7 : explain SELECT c FROM sbtest7 WHERE id BETWEEN 1174396 AND 1175395
	Bitmap Heap Scan on sbtest7  (cost=22.45..3775.27 rows=977 width=121)
	  Recheck Cond: ((id >= 1174396) AND (id <= 1175395))
	  ->  Bitmap Index Scan on sbtest7_pkey  (cost=0.00..22.20 rows=977 width=0)
	        Index Cond: ((id >= 1174396) AND (id <= 1175395))

table 8 : explain SELECT c FROM sbtest8 WHERE id BETWEEN 9263001 AND 9264000
	Bitmap Heap Scan on sbtest8  (cost=22.13..3658.36 rows=946 width=121)
	  Recheck Cond: ((id >= 9263001) AND (id <= 9264000))
	  ->  Bitmap Index Scan on sbtest8_pkey  (cost=0.00..21.89 rows=946 width=0)
	        Index Cond: ((id >= 9263001) AND (id <= 9264000))

for point_selects
table 1 : explain SELECT c FROM sbtest1 WHERE id=3985524
	Index Scan using sbtest1_pkey on sbtest1  (cost=0.43..8.45 rows=1 width=121)
	  Index Cond: (id = 3985524)

table 2 : explain SELECT c FROM sbtest2 WHERE id=1237335
	Index Scan using sbtest2_pkey on sbtest2  (cost=0.43..8.45 rows=1 width=121)
	  Index Cond: (id = 1237335)

table 3 : explain SELECT c FROM sbtest3 WHERE id=5274705
	Index Scan using sbtest3_pkey on sbtest3  (cost=0.43..8.45 rows=1 width=121)
	  Index Cond: (id = 5274705)

table 4 : explain SELECT c FROM sbtest4 WHERE id=1853988
	Index Scan using sbtest4_pkey on sbtest4  (cost=0.43..8.45 rows=1 width=121)
	  Index Cond: (id = 1853988)

table 5 : explain SELECT c FROM sbtest5 WHERE id=728140
	Index Scan using sbtest5_pkey on sbtest5  (cost=0.43..8.45 rows=1 width=121)
	  Index Cond: (id = 728140)

table 6 : explain SELECT c FROM sbtest6 WHERE id=8663263
	Index Scan using sbtest6_pkey on sbtest6  (cost=0.43..8.45 rows=1 width=121)
	  Index Cond: (id = 8663263)

table 7 : explain SELECT c FROM sbtest7 WHERE id=9159005
	Index Scan using sbtest7_pkey on sbtest7  (cost=0.43..8.45 rows=1 width=121)
	  Index Cond: (id = 9159005)

table 8 : explain SELECT c FROM sbtest8 WHERE id=7462062
	Index Scan using sbtest8_pkey on sbtest8  (cost=0.43..8.45 rows=1 width=121)
	  Index Cond: (id = 7462062)

for point_selects
table 1 : explain SELECT c FROM sbtest1 WHERE id=3691002
	Index Scan using sbtest1_pkey on sbtest1  (cost=0.43..8.45 rows=1 width=121)
	  Index Cond: (id = 3691002)

table 2 : explain SELECT c FROM sbtest2 WHERE id=3530737
	Index Scan using sbtest2_pkey on sbtest2  (cost=0.43..8.45 rows=1 width=121)
	  Index Cond: (id = 3530737)

table 3 : explain SELECT c FROM sbtest3 WHERE id=8228702
	Index Scan using sbtest3_pkey on sbtest3  (cost=0.43..8.45 rows=1 width=121)
	  Index Cond: (id = 8228702)

table 4 : explain SELECT c FROM sbtest4 WHERE id=6553464
	Index Scan using sbtest4_pkey on sbtest4  (cost=0.43..8.45 rows=1 width=121)
	  Index Cond: (id = 6553464)

table 5 : explain SELECT c FROM sbtest5 WHERE id=247172
	Index Scan using sbtest5_pkey on sbtest5  (cost=0.43..8.45 rows=1 width=121)
	  Index Cond: (id = 247172)

table 6 : explain SELECT c FROM sbtest6 WHERE id=5323079
	Index Scan using sbtest6_pkey on sbtest6  (cost=0.43..8.45 rows=1 width=121)
	  Index Cond: (id = 5323079)

table 7 : explain SELECT c FROM sbtest7 WHERE id=383923
	Index Scan using sbtest7_pkey on sbtest7  (cost=0.43..8.45 rows=1 width=121)
	  Index Cond: (id = 383923)

table 8 : explain SELECT c FROM sbtest8 WHERE id=2704102
	Index Scan using sbtest8_pkey on sbtest8  (cost=0.43..8.45 rows=1 width=121)
	  Index Cond: (id = 2704102)

for: sum_ranges
table 1 : explain SELECT SUM(k) FROM sbtest1 WHERE id BETWEEN 5348586 AND 5349585
	Aggregate  (cost=4143.78..4143.79 rows=1 width=8)
	  ->  Bitmap Heap Scan on sbtest1  (cost=23.45..4141.09 rows=1075 width=4)
	        Recheck Cond: ((id >= 5348586) AND (id <= 5349585))
	        ->  Bitmap Index Scan on sbtest1_pkey  (cost=0.00..23.18 rows=1075 width=0)
	              Index Cond: ((id >= 5348586) AND (id <= 5349585))

table 2 : explain SELECT SUM(k) FROM sbtest2 WHERE id BETWEEN 245244 AND 246243
	Aggregate  (cost=3832.58..3832.59 rows=1 width=8)
	  ->  Bitmap Heap Scan on sbtest2  (cost=22.60..3830.10 rows=992 width=4)
	        Recheck Cond: ((id >= 245244) AND (id <= 246243))
	        ->  Bitmap Index Scan on sbtest2_pkey  (cost=0.00..22.36 rows=992 width=0)
	              Index Cond: ((id >= 245244) AND (id <= 246243))

table 3 : explain SELECT SUM(k) FROM sbtest3 WHERE id BETWEEN 1934736 AND 1935735
	Aggregate  (cost=4088.68..4088.69 rows=1 width=8)
	  ->  Bitmap Heap Scan on sbtest3  (cost=23.30..4086.03 rows=1060 width=4)
	        Recheck Cond: ((id >= 1934736) AND (id <= 1935735))
	        ->  Bitmap Index Scan on sbtest3_pkey  (cost=0.00..23.04 rows=1060 width=0)
	              Index Cond: ((id >= 1934736) AND (id <= 1935735))

table 4 : explain SELECT SUM(k) FROM sbtest4 WHERE id BETWEEN 3183412 AND 3184411
	Aggregate  (cost=3969.14..3969.15 rows=1 width=8)
	  ->  Bitmap Heap Scan on sbtest4  (cost=22.97..3966.57 rows=1028 width=4)
	        Recheck Cond: ((id >= 3183412) AND (id <= 3184411))
	        ->  Bitmap Index Scan on sbtest4_pkey  (cost=0.00..22.71 rows=1028 width=0)
	              Index Cond: ((id >= 3183412) AND (id <= 3184411))

table 5 : explain SELECT SUM(k) FROM sbtest5 WHERE id BETWEEN 1330352 AND 1331351
	Aggregate  (cost=4100.99..4101.00 rows=1 width=8)
	  ->  Bitmap Heap Scan on sbtest5  (cost=23.33..4098.33 rows=1063 width=4)
	        Recheck Cond: ((id >= 1330352) AND (id <= 1331351))
	        ->  Bitmap Index Scan on sbtest5_pkey  (cost=0.00..23.07 rows=1063 width=0)
	              Index Cond: ((id >= 1330352) AND (id <= 1331351))

table 6 : explain SELECT SUM(k) FROM sbtest6 WHERE id BETWEEN 6871119 AND 6872118
	Aggregate  (cost=4071.66..4071.67 rows=1 width=8)
	  ->  Bitmap Heap Scan on sbtest6  (cost=23.25..4069.02 rows=1055 width=4)
	        Recheck Cond: ((id >= 6871119) AND (id <= 6872118))
	        ->  Bitmap Index Scan on sbtest6_pkey  (cost=0.00..22.98 rows=1055 width=0)
	              Index Cond: ((id >= 6871119) AND (id <= 6872118))

table 7 : explain SELECT SUM(k) FROM sbtest7 WHERE id BETWEEN 4925444 AND 4926443
	Aggregate  (cost=4003.85..4003.86 rows=1 width=8)
	  ->  Bitmap Heap Scan on sbtest7  (cost=23.06..4001.26 rows=1037 width=4)
	        Recheck Cond: ((id >= 4925444) AND (id <= 4926443))
	        ->  Bitmap Index Scan on sbtest7_pkey  (cost=0.00..22.80 rows=1037 width=0)
	              Index Cond: ((id >= 4925444) AND (id <= 4926443))

table 8 : explain SELECT SUM(k) FROM sbtest8 WHERE id BETWEEN 6168106 AND 6169105
	Aggregate  (cost=4196.00..4196.01 rows=1 width=8)
	  ->  Bitmap Heap Scan on sbtest8  (cost=27.58..4193.28 rows=1087 width=4)
	        Recheck Cond: ((id >= 6168106) AND (id <= 6169105))
	        ->  Bitmap Index Scan on sbtest8_pkey  (cost=0.00..27.30 rows=1087 width=0)
	              Index Cond: ((id >= 6168106) AND (id <= 6169105))

for point_selects
table 1 : explain SELECT c FROM sbtest1 WHERE id=6823618
	Index Scan using sbtest1_pkey on sbtest1  (cost=0.43..8.45 rows=1 width=121)
	  Index Cond: (id = 6823618)

table 2 : explain SELECT c FROM sbtest2 WHERE id=4800873
	Index Scan using sbtest2_pkey on sbtest2  (cost=0.43..8.45 rows=1 width=121)
	  Index Cond: (id = 4800873)

table 3 : explain SELECT c FROM sbtest3 WHERE id=5613777
	Index Scan using sbtest3_pkey on sbtest3  (cost=0.43..8.45 rows=1 width=121)
	  Index Cond: (id = 5613777)

table 4 : explain SELECT c FROM sbtest4 WHERE id=4597770
	Index Scan using sbtest4_pkey on sbtest4  (cost=0.43..8.45 rows=1 width=121)
	  Index Cond: (id = 4597770)

table 5 : explain SELECT c FROM sbtest5 WHERE id=7817379
	Index Scan using sbtest5_pkey on sbtest5  (cost=0.43..8.45 rows=1 width=121)
	  Index Cond: (id = 7817379)

table 6 : explain SELECT c FROM sbtest6 WHERE id=1482518
	Index Scan using sbtest6_pkey on sbtest6  (cost=0.43..8.45 rows=1 width=121)
	  Index Cond: (id = 1482518)

table 7 : explain SELECT c FROM sbtest7 WHERE id=3710343
	Index Scan using sbtest7_pkey on sbtest7  (cost=0.43..8.45 rows=1 width=121)
	  Index Cond: (id = 3710343)

table 8 : explain SELECT c FROM sbtest8 WHERE id=5342409
	Index Scan using sbtest8_pkey on sbtest8  (cost=0.43..8.45 rows=1 width=121)
	  Index Cond: (id = 5342409)

for point_selects
table 1 : explain SELECT c FROM sbtest1 WHERE id=5106982
	Index Scan using sbtest1_pkey on sbtest1  (cost=0.43..8.45 rows=1 width=121)
	  Index Cond: (id = 5106982)

table 2 : explain SELECT c FROM sbtest2 WHERE id=3512473
	Index Scan using sbtest2_pkey on sbtest2  (cost=0.43..8.45 rows=1 width=121)
	  Index Cond: (id = 3512473)

table 3 : explain SELECT c FROM sbtest3 WHERE id=7382758
	Index Scan using sbtest3_pkey on sbtest3  (cost=0.43..8.45 rows=1 width=121)
	  Index Cond: (id = 7382758)

table 4 : explain SELECT c FROM sbtest4 WHERE id=8093429
	Index Scan using sbtest4_pkey on sbtest4  (cost=0.43..8.45 rows=1 width=121)
	  Index Cond: (id = 8093429)

table 5 : explain SELECT c FROM sbtest5 WHERE id=4003801
	Index Scan using sbtest5_pkey on sbtest5  (cost=0.43..8.45 rows=1 width=121)
	  Index Cond: (id = 4003801)

table 6 : explain SELECT c FROM sbtest6 WHERE id=4941451
	Index Scan using sbtest6_pkey on sbtest6  (cost=0.43..8.45 rows=1 width=121)
	  Index Cond: (id = 4941451)

table 7 : explain SELECT c FROM sbtest7 WHERE id=5746430
	Index Scan using sbtest7_pkey on sbtest7  (cost=0.43..8.45 rows=1 width=121)
	  Index Cond: (id = 5746430)

table 8 : explain SELECT c FROM sbtest8 WHERE id=9632546
	Index Scan using sbtest8_pkey on sbtest8  (cost=0.43..8.45 rows=1 width=121)
	  Index Cond: (id = 9632546)

explain: for point_selects :: explain SELECT c FROM sbtest%u WHERE id=%u
for: simple_ranges
table 1 : explain SELECT c FROM sbtest1 WHERE id BETWEEN 4737961 AND 4738960
	Bitmap Heap Scan on sbtest1  (cost=22.87..3926.93 rows=1018 width=121)
	  Recheck Cond: ((id >= 4737961) AND (id <= 4738960))
	  ->  Bitmap Index Scan on sbtest1_pkey  (cost=0.00..22.61 rows=1018 width=0)
	        Index Cond: ((id >= 4737961) AND (id <= 4738960))

table 2 : explain SELECT c FROM sbtest2 WHERE id BETWEEN 5045369 AND 5046368
	Bitmap Heap Scan on sbtest2  (cost=22.16..3668.05 rows=949 width=121)
	  Recheck Cond: ((id >= 5045369) AND (id <= 5046368))
	  ->  Bitmap Index Scan on sbtest2_pkey  (cost=0.00..21.93 rows=949 width=0)
	        Index Cond: ((id >= 5045369) AND (id <= 5046368))

table 3 : explain SELECT c FROM sbtest3 WHERE id BETWEEN 6080880 AND 6081879
	Bitmap Heap Scan on sbtest3  (cost=23.02..3984.54 rows=1033 width=121)
	  Recheck Cond: ((id >= 6080880) AND (id <= 6081879))
	  ->  Bitmap Index Scan on sbtest3_pkey  (cost=0.00..22.76 rows=1033 width=0)
	        Index Cond: ((id >= 6080880) AND (id <= 6081879))

table 4 : explain SELECT c FROM sbtest4 WHERE id BETWEEN 9135276 AND 9136275
	Bitmap Heap Scan on sbtest4  (cost=22.42..3763.20 rows=974 width=121)
	  Recheck Cond: ((id >= 9135276) AND (id <= 9136275))
	  ->  Bitmap Index Scan on sbtest4_pkey  (cost=0.00..22.18 rows=974 width=0)
	        Index Cond: ((id >= 9135276) AND (id <= 9136275))

table 5 : explain SELECT c FROM sbtest5 WHERE id BETWEEN 1127585 AND 1128584
	Bitmap Heap Scan on sbtest5  (cost=21.25..3332.70 rows=860 width=121)
	  Recheck Cond: ((id >= 1127585) AND (id <= 1128584))
	  ->  Bitmap Index Scan on sbtest5_pkey  (cost=0.00..21.04 rows=860 width=0)
	        Index Cond: ((id >= 1127585) AND (id <= 1128584))

table 6 : explain SELECT c FROM sbtest6 WHERE id BETWEEN 5167251 AND 5168250
	Bitmap Heap Scan on sbtest6  (cost=22.08..3639.49 rows=941 width=121)
	  Recheck Cond: ((id >= 5167251) AND (id <= 5168250))
	  ->  Bitmap Index Scan on sbtest6_pkey  (cost=0.00..21.84 rows=941 width=0)
	        Index Cond: ((id >= 5167251) AND (id <= 5168250))

table 7 : explain SELECT c FROM sbtest7 WHERE id BETWEEN 8467337 AND 8468336
	Bitmap Heap Scan on sbtest7  (cost=22.83..3914.69 rows=1014 width=121)
	  Recheck Cond: ((id >= 8467337) AND (id <= 8468336))
	  ->  Bitmap Index Scan on sbtest7_pkey  (cost=0.00..22.57 rows=1014 width=0)
	        Index Cond: ((id >= 8467337) AND (id <= 8468336))

table 8 : explain SELECT c FROM sbtest8 WHERE id BETWEEN 9982090 AND 9983089
	Bitmap Heap Scan on sbtest8  (cost=23.08..4008.83 rows=1039 width=121)
	  Recheck Cond: ((id >= 9982090) AND (id <= 9983089))
	  ->  Bitmap Index Scan on sbtest8_pkey  (cost=0.00..22.82 rows=1039 width=0)
	        Index Cond: ((id >= 9982090) AND (id <= 9983089))

for: simple_ranges
table 1 : explain SELECT c FROM sbtest1 WHERE id BETWEEN 2456141 AND 2457140
	Bitmap Heap Scan on sbtest1  (cost=22.23..3693.50 rows=956 width=121)
	  Recheck Cond: ((id >= 2456141) AND (id <= 2457140))
	  ->  Bitmap Index Scan on sbtest1_pkey  (cost=0.00..22.00 rows=956 width=0)
	        Index Cond: ((id >= 2456141) AND (id <= 2457140))

table 2 : explain SELECT c FROM sbtest2 WHERE id BETWEEN 4683018 AND 4684017
	Bitmap Heap Scan on sbtest2  (cost=22.50..3792.44 rows=982 width=121)
	  Recheck Cond: ((id >= 4683018) AND (id <= 4684017))
	  ->  Bitmap Index Scan on sbtest2_pkey  (cost=0.00..22.25 rows=982 width=0)
	        Index Cond: ((id >= 4683018) AND (id <= 4684017))

table 3 : explain SELECT c FROM sbtest3 WHERE id BETWEEN 362607 AND 363606
	Bitmap Heap Scan on sbtest3  (cost=22.48..3785.04 rows=980 width=121)
	  Recheck Cond: ((id >= 362607) AND (id <= 363606))
	  ->  Bitmap Index Scan on sbtest3_pkey  (cost=0.00..22.23 rows=980 width=0)
	        Index Cond: ((id >= 362607) AND (id <= 363606))

table 4 : explain SELECT c FROM sbtest4 WHERE id BETWEEN 898601 AND 899600
	Bitmap Heap Scan on sbtest4  (cost=23.04..3992.90 rows=1035 width=121)
	  Recheck Cond: ((id >= 898601) AND (id <= 899600))
	  ->  Bitmap Index Scan on sbtest4_pkey  (cost=0.00..22.79 rows=1035 width=0)
	        Index Cond: ((id >= 898601) AND (id <= 899600))

table 5 : explain SELECT c FROM sbtest5 WHERE id BETWEEN 2033715 AND 2034714
	Bitmap Heap Scan on sbtest5  (cost=21.90..3570.90 rows=923 width=121)
	  Recheck Cond: ((id >= 2033715) AND (id <= 2034714))
	  ->  Bitmap Index Scan on sbtest5_pkey  (cost=0.00..21.66 rows=923 width=0)
	        Index Cond: ((id >= 2033715) AND (id <= 2034714))

table 6 : explain SELECT c FROM sbtest6 WHERE id BETWEEN 3785349 AND 3786348
	Bitmap Heap Scan on sbtest6  (cost=21.93..3582.85 rows=926 width=121)
	  Recheck Cond: ((id >= 3785349) AND (id <= 3786348))
	  ->  Bitmap Index Scan on sbtest6_pkey  (cost=0.00..21.69 rows=926 width=0)
	        Index Cond: ((id >= 3785349) AND (id <= 3786348))

table 7 : explain SELECT c FROM sbtest7 WHERE id BETWEEN 845297 AND 846296
	Bitmap Heap Scan on sbtest7  (cost=23.21..4053.93 rows=1051 width=121)
	  Recheck Cond: ((id >= 845297) AND (id <= 846296))
	  ->  Bitmap Index Scan on sbtest7_pkey  (cost=0.00..22.94 rows=1051 width=0)
	        Index Cond: ((id >= 845297) AND (id <= 846296))

table 8 : explain SELECT c FROM sbtest8 WHERE id BETWEEN 627389 AND 628388
	Bitmap Heap Scan on sbtest8  (cost=23.27..4076.53 rows=1057 width=121)
	  Recheck Cond: ((id >= 627389) AND (id <= 628388))
	  ->  Bitmap Index Scan on sbtest8_pkey  (cost=0.00..23.00 rows=1057 width=0)
	        Index Cond: ((id >= 627389) AND (id <= 628388))

for: simple_ranges
table 1 : explain SELECT c FROM sbtest1 WHERE id BETWEEN 2920584 AND 2921583
	Bitmap Heap Scan on sbtest1  (cost=22.50..3791.45 rows=982 width=121)
	  Recheck Cond: ((id >= 2920584) AND (id <= 2921583))
	  ->  Bitmap Index Scan on sbtest1_pkey  (cost=0.00..22.25 rows=982 width=0)
	        Index Cond: ((id >= 2920584) AND (id <= 2921583))

table 2 : explain SELECT c FROM sbtest2 WHERE id BETWEEN 2055356 AND 2056355
	Bitmap Heap Scan on sbtest2  (cost=22.52..3799.97 rows=984 width=121)
	  Recheck Cond: ((id >= 2055356) AND (id <= 2056355))
	  ->  Bitmap Index Scan on sbtest2_pkey  (cost=0.00..22.27 rows=984 width=0)
	        Index Cond: ((id >= 2055356) AND (id <= 2056355))

table 3 : explain SELECT c FROM sbtest3 WHERE id BETWEEN 5326564 AND 5327563
	Bitmap Heap Scan on sbtest3  (cost=23.16..4033.42 rows=1046 width=121)
	  Recheck Cond: ((id >= 5326564) AND (id <= 5327563))
	  ->  Bitmap Index Scan on sbtest3_pkey  (cost=0.00..22.89 rows=1046 width=0)
	        Index Cond: ((id >= 5326564) AND (id <= 5327563))

table 4 : explain SELECT c FROM sbtest4 WHERE id BETWEEN 4722490 AND 4723489
	Bitmap Heap Scan on sbtest4  (cost=22.30..3717.95 rows=962 width=121)
	  Recheck Cond: ((id >= 4722490) AND (id <= 4723489))
	  ->  Bitmap Index Scan on sbtest4_pkey  (cost=0.00..22.05 rows=962 width=0)
	        Index Cond: ((id >= 4722490) AND (id <= 4723489))

table 5 : explain SELECT c FROM sbtest5 WHERE id BETWEEN 6805778 AND 6806777
	Bitmap Heap Scan on sbtest5  (cost=22.61..3834.93 rows=993 width=121)
	  Recheck Cond: ((id >= 6805778) AND (id <= 6806777))
	  ->  Bitmap Index Scan on sbtest5_pkey  (cost=0.00..22.36 rows=993 width=0)
	        Index Cond: ((id >= 6805778) AND (id <= 6806777))

table 6 : explain SELECT c FROM sbtest6 WHERE id BETWEEN 206370 AND 207369
	Bitmap Heap Scan on sbtest6  (cost=21.45..3408.96 rows=880 width=121)
	  Recheck Cond: ((id >= 206370) AND (id <= 207369))
	  ->  Bitmap Index Scan on sbtest6_pkey  (cost=0.00..21.23 rows=880 width=0)
	        Index Cond: ((id >= 206370) AND (id <= 207369))

table 7 : explain SELECT c FROM sbtest7 WHERE id BETWEEN 6338771 AND 6339770
	Bitmap Heap Scan on sbtest7  (cost=22.05..3628.13 rows=938 width=121)
	  Recheck Cond: ((id >= 6338771) AND (id <= 6339770))
	  ->  Bitmap Index Scan on sbtest7_pkey  (cost=0.00..21.82 rows=938 width=0)
	        Index Cond: ((id >= 6338771) AND (id <= 6339770))

table 8 : explain SELECT c FROM sbtest8 WHERE id BETWEEN 8864707 AND 8865706
	Bitmap Heap Scan on sbtest8  (cost=22.57..3820.54 rows=989 width=121)
	  Recheck Cond: ((id >= 8864707) AND (id <= 8865706))
	  ->  Bitmap Index Scan on sbtest8_pkey  (cost=0.00..22.32 rows=989 width=0)
	        Index Cond: ((id >= 8864707) AND (id <= 8865706))

for: sum_ranges
table 1 : explain SELECT SUM(k) FROM sbtest1 WHERE id BETWEEN 5556750 AND 5557749
	Aggregate  (cost=3699.66..3699.67 rows=1 width=8)
	  ->  Bitmap Heap Scan on sbtest1  (cost=22.24..3697.27 rows=957 width=4)
	        Recheck Cond: ((id >= 5556750) AND (id <= 5557749))
	        ->  Bitmap Index Scan on sbtest1_pkey  (cost=0.00..22.00 rows=957 width=0)
	              Index Cond: ((id >= 5556750) AND (id <= 5557749))

table 2 : explain SELECT SUM(k) FROM sbtest2 WHERE id BETWEEN 3631796 AND 3632795
	Aggregate  (cost=3613.80..3613.81 rows=1 width=8)
	  ->  Bitmap Heap Scan on sbtest2  (cost=22.01..3611.46 rows=934 width=4)
	        Recheck Cond: ((id >= 3631796) AND (id <= 3632795))
	        ->  Bitmap Index Scan on sbtest2_pkey  (cost=0.00..21.77 rows=934 width=0)
	              Index Cond: ((id >= 3631796) AND (id <= 3632795))

table 3 : explain SELECT SUM(k) FROM sbtest3 WHERE id BETWEEN 8320985 AND 8321984
	Aggregate  (cost=4013.46..4013.47 rows=1 width=8)
	  ->  Bitmap Heap Scan on sbtest3  (cost=23.09..4010.86 rows=1040 width=4)
	        Recheck Cond: ((id >= 8320985) AND (id <= 8321984))
	        ->  Bitmap Index Scan on sbtest3_pkey  (cost=0.00..22.83 rows=1040 width=0)
	              Index Cond: ((id >= 8320985) AND (id <= 8321984))

table 4 : explain SELECT SUM(k) FROM sbtest4 WHERE id BETWEEN 4953077 AND 4954076
	Aggregate  (cost=4033.12..4033.13 rows=1 width=8)
	  ->  Bitmap Heap Scan on sbtest4  (cost=23.15..4030.51 rows=1045 width=4)
	        Recheck Cond: ((id >= 4953077) AND (id <= 4954076))
	        ->  Bitmap Index Scan on sbtest4_pkey  (cost=0.00..22.89 rows=1045 width=0)
	              Index Cond: ((id >= 4953077) AND (id <= 4954076))

table 5 : explain SELECT SUM(k) FROM sbtest5 WHERE id BETWEEN 2405400 AND 2406399
	Aggregate  (cost=3909.02..3909.03 rows=1 width=8)
	  ->  Bitmap Heap Scan on sbtest5  (cost=22.81..3906.49 rows=1012 width=4)
	        Recheck Cond: ((id >= 2405400) AND (id <= 2406399))
	        ->  Bitmap Index Scan on sbtest5_pkey  (cost=0.00..22.55 rows=1012 width=0)
	              Index Cond: ((id >= 2405400) AND (id <= 2406399))

table 6 : explain SELECT SUM(k) FROM sbtest6 WHERE id BETWEEN 1658950 AND 1659949
	Aggregate  (cost=4252.38..4252.39 rows=1 width=8)
	  ->  Bitmap Heap Scan on sbtest6  (cost=27.73..4249.62 rows=1102 width=4)
	        Recheck Cond: ((id >= 1658950) AND (id <= 1659949))
	        ->  Bitmap Index Scan on sbtest6_pkey  (cost=0.00..27.45 rows=1102 width=0)
	              Index Cond: ((id >= 1658950) AND (id <= 1659949))

table 7 : explain SELECT SUM(k) FROM sbtest7 WHERE id BETWEEN 4601175 AND 4602174
	Aggregate  (cost=3653.14..3653.15 rows=1 width=8)
	  ->  Bitmap Heap Scan on sbtest7  (cost=22.11..3650.78 rows=944 width=4)
	        Recheck Cond: ((id >= 4601175) AND (id <= 4602174))
	        ->  Bitmap Index Scan on sbtest7_pkey  (cost=0.00..21.87 rows=944 width=0)
	              Index Cond: ((id >= 4601175) AND (id <= 4602174))

table 8 : explain SELECT SUM(k) FROM sbtest8 WHERE id BETWEEN 1413907 AND 1414906
	Aggregate  (cost=4011.42..4011.43 rows=1 width=8)
	  ->  Bitmap Heap Scan on sbtest8  (cost=23.08..4008.83 rows=1039 width=4)
	        Recheck Cond: ((id >= 1413907) AND (id <= 1414906))
	        ->  Bitmap Index Scan on sbtest8_pkey  (cost=0.00..22.82 rows=1039 width=0)
	              Index Cond: ((id >= 1413907) AND (id <= 1414906))

for: simple_ranges
table 1 : explain SELECT c FROM sbtest1 WHERE id BETWEEN 1478559 AND 1479558
	Bitmap Heap Scan on sbtest1  (cost=21.92..3576.59 rows=925 width=121)
	  Recheck Cond: ((id >= 1478559) AND (id <= 1479558))
	  ->  Bitmap Index Scan on sbtest1_pkey  (cost=0.00..21.68 rows=925 width=0)
	        Index Cond: ((id >= 1478559) AND (id <= 1479558))

table 2 : explain SELECT c FROM sbtest2 WHERE id BETWEEN 3873747 AND 3874746
	Bitmap Heap Scan on sbtest2  (cost=23.59..4191.03 rows=1088 width=121)
	  Recheck Cond: ((id >= 3873747) AND (id <= 3874746))
	  ->  Bitmap Index Scan on sbtest2_pkey  (cost=0.00..23.32 rows=1088 width=0)
	        Index Cond: ((id >= 3873747) AND (id <= 3874746))

table 3 : explain SELECT c FROM sbtest3 WHERE id BETWEEN 5178846 AND 5179845
	Bitmap Heap Scan on sbtest3  (cost=22.82..3909.30 rows=1013 width=121)
	  Recheck Cond: ((id >= 5178846) AND (id <= 5179845))
	  ->  Bitmap Index Scan on sbtest3_pkey  (cost=0.00..22.57 rows=1013 width=0)
	        Index Cond: ((id >= 5178846) AND (id <= 5179845))

table 4 : explain SELECT c FROM sbtest4 WHERE id BETWEEN 9071387 AND 9072386
	Bitmap Heap Scan on sbtest4  (cost=23.31..4090.66 rows=1061 width=121)
	  Recheck Cond: ((id >= 9071387) AND (id <= 9072386))
	  ->  Bitmap Index Scan on sbtest4_pkey  (cost=0.00..23.04 rows=1061 width=0)
	        Index Cond: ((id >= 9071387) AND (id <= 9072386))

table 5 : explain SELECT c FROM sbtest5 WHERE id BETWEEN 8198968 AND 8199967
	Bitmap Heap Scan on sbtest5  (cost=22.36..3740.71 rows=968 width=121)
	  Recheck Cond: ((id >= 8198968) AND (id <= 8199967))
	  ->  Bitmap Index Scan on sbtest5_pkey  (cost=0.00..22.11 rows=968 width=0)
	        Index Cond: ((id >= 8198968) AND (id <= 8199967))

table 6 : explain SELECT c FROM sbtest6 WHERE id BETWEEN 5300554 AND 5301553
	Bitmap Heap Scan on sbtest6  (cost=22.13..3658.37 rows=946 width=121)
	  Recheck Cond: ((id >= 5300554) AND (id <= 5301553))
	  ->  Bitmap Index Scan on sbtest6_pkey  (cost=0.00..21.89 rows=946 width=0)
	        Index Cond: ((id >= 5300554) AND (id <= 5301553))

table 7 : explain SELECT c FROM sbtest7 WHERE id BETWEEN 9394952 AND 9395951
	Bitmap Heap Scan on sbtest7  (cost=23.33..4099.05 rows=1063 width=121)
	  Recheck Cond: ((id >= 9394952) AND (id <= 9395951))
	  ->  Bitmap Index Scan on sbtest7_pkey  (cost=0.00..23.07 rows=1063 width=0)
	        Index Cond: ((id >= 9394952) AND (id <= 9395951))

table 8 : explain SELECT c FROM sbtest8 WHERE id BETWEEN 3848457 AND 3849456
	Bitmap Heap Scan on sbtest8  (cost=28.64..4579.57 rows=1191 width=121)
	  Recheck Cond: ((id >= 3848457) AND (id <= 3849456))
	  ->  Bitmap Index Scan on sbtest8_pkey  (cost=0.00..28.34 rows=1191 width=0)
	        Index Cond: ((id >= 3848457) AND (id <= 3849456))

for: sum_ranges
table 1 : explain SELECT SUM(k) FROM sbtest1 WHERE id BETWEEN 9697404 AND 9698403
	Aggregate  (cost=3499.58..3499.59 rows=1 width=8)
	  ->  Bitmap Heap Scan on sbtest1  (cost=21.70..3497.32 rows=904 width=4)
	        Recheck Cond: ((id >= 9697404) AND (id <= 9698403))
	        ->  Bitmap Index Scan on sbtest1_pkey  (cost=0.00..21.47 rows=904 width=0)
	              Index Cond: ((id >= 9697404) AND (id <= 9698403))

table 2 : explain SELECT SUM(k) FROM sbtest2 WHERE id BETWEEN 400020 AND 401019
	Aggregate  (cost=3904.16..3904.17 rows=1 width=8)
	  ->  Bitmap Heap Scan on sbtest2  (cost=22.80..3901.63 rows=1011 width=4)
	        Recheck Cond: ((id >= 400020) AND (id <= 401019))
	        ->  Bitmap Index Scan on sbtest2_pkey  (cost=0.00..22.54 rows=1011 width=0)
	              Index Cond: ((id >= 400020) AND (id <= 401019))

table 3 : explain SELECT SUM(k) FROM sbtest3 WHERE id BETWEEN 2729345 AND 2730344
	Aggregate  (cost=3568.60..3568.61 rows=1 width=8)
	  ->  Bitmap Heap Scan on sbtest3  (cost=21.89..3566.29 rows=922 width=4)
	        Recheck Cond: ((id >= 2729345) AND (id <= 2730344))
	        ->  Bitmap Index Scan on sbtest3_pkey  (cost=0.00..21.65 rows=922 width=0)
	              Index Cond: ((id >= 2729345) AND (id <= 2730344))

table 4 : explain SELECT SUM(k) FROM sbtest4 WHERE id BETWEEN 7624818 AND 7625817
	Aggregate  (cost=3822.20..3822.21 rows=1 width=8)
	  ->  Bitmap Heap Scan on sbtest4  (cost=22.57..3819.73 rows=989 width=4)
	        Recheck Cond: ((id >= 7624818) AND (id <= 7625817))
	        ->  Bitmap Index Scan on sbtest4_pkey  (cost=0.00..22.32 rows=989 width=0)
	              Index Cond: ((id >= 7624818) AND (id <= 7625817))

table 5 : explain SELECT SUM(k) FROM sbtest5 WHERE id BETWEEN 1243863 AND 1244862
	Aggregate  (cost=3580.76..3580.77 rows=1 width=8)
	  ->  Bitmap Heap Scan on sbtest5  (cost=21.92..3578.45 rows=925 width=4)
	        Recheck Cond: ((id >= 1243863) AND (id <= 1244862))
	        ->  Bitmap Index Scan on sbtest5_pkey  (cost=0.00..21.68 rows=925 width=0)
	              Index Cond: ((id >= 1243863) AND (id <= 1244862))

table 6 : explain SELECT SUM(k) FROM sbtest6 WHERE id BETWEEN 5595751 AND 5596750
	Aggregate  (cost=4308.75..4308.76 rows=1 width=8)
	  ->  Bitmap Heap Scan on sbtest6  (cost=27.89..4305.95 rows=1118 width=4)
	        Recheck Cond: ((id >= 5595751) AND (id <= 5596750))
	        ->  Bitmap Index Scan on sbtest6_pkey  (cost=0.00..27.61 rows=1118 width=0)
	              Index Cond: ((id >= 5595751) AND (id <= 5596750))

table 7 : explain SELECT SUM(k) FROM sbtest7 WHERE id BETWEEN 6665728 AND 6666727
	Aggregate  (cost=3887.07..3887.08 rows=1 width=8)
	  ->  Bitmap Heap Scan on sbtest7  (cost=22.75..3884.56 rows=1006 width=4)
	        Recheck Cond: ((id >= 6665728) AND (id <= 6666727))
	        ->  Bitmap Index Scan on sbtest7_pkey  (cost=0.00..22.50 rows=1006 width=0)
	              Index Cond: ((id >= 6665728) AND (id <= 6666727))

table 8 : explain SELECT SUM(k) FROM sbtest8 WHERE id BETWEEN 6739117 AND 6740116
	Aggregate  (cost=3815.47..3815.48 rows=1 width=8)
	  ->  Bitmap Heap Scan on sbtest8  (cost=22.55..3813.01 rows=987 width=4)
	        Recheck Cond: ((id >= 6739117) AND (id <= 6740116))
	        ->  Bitmap Index Scan on sbtest8_pkey  (cost=0.00..22.30 rows=987 width=0)
	              Index Cond: ((id >= 6739117) AND (id <= 6740116))

explain: for point_selects :: explain SELECT c FROM sbtest%u WHERE id=%u
explain: for point_selects :: explain SELECT c FROM sbtest%u WHERE id=%u
for: sum_ranges
table 1 : explain SELECT SUM(k) FROM sbtest1 WHERE id BETWEEN 9751262 AND 9752261
	Aggregate  (cost=3921.95..3921.96 rows=1 width=8)
	  ->  Bitmap Heap Scan on sbtest1  (cost=22.85..3919.41 rows=1016 width=4)
	        Recheck Cond: ((id >= 9751262) AND (id <= 9752261))
	        ->  Bitmap Index Scan on sbtest1_pkey  (cost=0.00..22.59 rows=1016 width=0)
	              Index Cond: ((id >= 9751262) AND (id <= 9752261))

table 2 : explain SELECT SUM(k) FROM sbtest2 WHERE id BETWEEN 7794884 AND 7795883
	Aggregate  (cost=3998.27..3998.28 rows=1 width=8)
	  ->  Bitmap Heap Scan on sbtest2  (cost=23.05..3995.68 rows=1036 width=4)
	        Recheck Cond: ((id >= 7794884) AND (id <= 7795883))
	        ->  Bitmap Index Scan on sbtest2_pkey  (cost=0.00..22.79 rows=1036 width=0)
	              Index Cond: ((id >= 7794884) AND (id <= 7795883))

table 3 : explain SELECT SUM(k) FROM sbtest3 WHERE id BETWEEN 1195584 AND 1196583
	Aggregate  (cost=4156.34..4156.35 rows=1 width=8)
	  ->  Bitmap Heap Scan on sbtest3  (cost=23.48..4153.64 rows=1078 width=4)
	        Recheck Cond: ((id >= 1195584) AND (id <= 1196583))
	        ->  Bitmap Index Scan on sbtest3_pkey  (cost=0.00..23.21 rows=1078 width=0)
	              Index Cond: ((id >= 1195584) AND (id <= 1196583))

table 4 : explain SELECT SUM(k) FROM sbtest4 WHERE id BETWEEN 1364214 AND 1365213
	Aggregate  (cost=4003.02..4003.03 rows=1 width=8)
	  ->  Bitmap Heap Scan on sbtest4  (cost=23.06..4000.42 rows=1037 width=4)
	        Recheck Cond: ((id >= 1364214) AND (id <= 1365213))
	        ->  Bitmap Index Scan on sbtest4_pkey  (cost=0.00..22.80 rows=1037 width=0)
	              Index Cond: ((id >= 1364214) AND (id <= 1365213))

table 5 : explain SELECT SUM(k) FROM sbtest5 WHERE id BETWEEN 212337 AND 213336
	Aggregate  (cost=3773.31..3773.32 rows=1 width=8)
	  ->  Bitmap Heap Scan on sbtest5  (cost=22.44..3770.87 rows=976 width=4)
	        Recheck Cond: ((id >= 212337) AND (id <= 213336))
	        ->  Bitmap Index Scan on sbtest5_pkey  (cost=0.00..22.19 rows=976 width=0)
	              Index Cond: ((id >= 212337) AND (id <= 213336))

table 6 : explain SELECT SUM(k) FROM sbtest6 WHERE id BETWEEN 5759152 AND 5760151
	Aggregate  (cost=4086.71..4086.72 rows=1 width=8)
	  ->  Bitmap Heap Scan on sbtest6  (cost=23.29..4084.06 rows=1059 width=4)
	        Recheck Cond: ((id >= 5759152) AND (id <= 5760151))
	        ->  Bitmap Index Scan on sbtest6_pkey  (cost=0.00..23.02 rows=1059 width=0)
	              Index Cond: ((id >= 5759152) AND (id <= 5760151))

table 7 : explain SELECT SUM(k) FROM sbtest7 WHERE id BETWEEN 8060803 AND 8061802
	Aggregate  (cost=3585.12..3585.13 rows=1 width=8)
	  ->  Bitmap Heap Scan on sbtest7  (cost=21.93..3582.81 rows=926 width=4)
	        Recheck Cond: ((id >= 8060803) AND (id <= 8061802))
	        ->  Bitmap Index Scan on sbtest7_pkey  (cost=0.00..21.69 rows=926 width=0)
	              Index Cond: ((id >= 8060803) AND (id <= 8061802))

table 8 : explain SELECT SUM(k) FROM sbtest8 WHERE id BETWEEN 9678128 AND 9679127
	Aggregate  (cost=3826.79..3826.80 rows=1 width=8)
	  ->  Bitmap Heap Scan on sbtest8  (cost=22.58..3824.31 rows=990 width=4)
	        Recheck Cond: ((id >= 9678128) AND (id <= 9679127))
	        ->  Bitmap Index Scan on sbtest8_pkey  (cost=0.00..22.33 rows=990 width=0)
	              Index Cond: ((id >= 9678128) AND (id <= 9679127))

for: sum_ranges
table 1 : explain SELECT SUM(k) FROM sbtest1 WHERE id BETWEEN 7165915 AND 7166914
	Aggregate  (cost=3899.36..3899.37 rows=1 width=8)
	  ->  Bitmap Heap Scan on sbtest1  (cost=22.79..3896.84 rows=1010 width=4)
	        Recheck Cond: ((id >= 7165915) AND (id <= 7166914))
	        ->  Bitmap Index Scan on sbtest1_pkey  (cost=0.00..22.54 rows=1010 width=0)
	              Index Cond: ((id >= 7165915) AND (id <= 7166914))

table 2 : explain SELECT SUM(k) FROM sbtest2 WHERE id BETWEEN 9521418 AND 9522417
	Aggregate  (cost=3655.33..3655.34 rows=1 width=8)
	  ->  Bitmap Heap Scan on sbtest2  (cost=22.12..3652.96 rows=945 width=4)
	        Recheck Cond: ((id >= 9521418) AND (id <= 9522417))
	        ->  Bitmap Index Scan on sbtest2_pkey  (cost=0.00..21.89 rows=945 width=0)
	              Index Cond: ((id >= 9521418) AND (id <= 9522417))

table 3 : explain SELECT SUM(k) FROM sbtest3 WHERE id BETWEEN 2823494 AND 2824493
	Aggregate  (cost=3908.07..3908.08 rows=1 width=8)
	  ->  Bitmap Heap Scan on sbtest3  (cost=22.81..3905.54 rows=1012 width=4)
	        Recheck Cond: ((id >= 2823494) AND (id <= 2824493))
	        ->  Bitmap Index Scan on sbtest3_pkey  (cost=0.00..22.55 rows=1012 width=0)
	              Index Cond: ((id >= 2823494) AND (id <= 2824493))

table 4 : explain SELECT SUM(k) FROM sbtest4 WHERE id BETWEEN 8024331 AND 8025330
	Aggregate  (cost=3867.43..3867.44 rows=1 width=8)
	  ->  Bitmap Heap Scan on sbtest4  (cost=22.70..3864.93 rows=1001 width=4)
	        Recheck Cond: ((id >= 8024331) AND (id <= 8025330))
	        ->  Bitmap Index Scan on sbtest4_pkey  (cost=0.00..22.44 rows=1001 width=0)
	              Index Cond: ((id >= 8024331) AND (id <= 8025330))

table 5 : explain SELECT SUM(k) FROM sbtest5 WHERE id BETWEEN 3155269 AND 3156268
	Aggregate  (cost=3490.03..3490.04 rows=1 width=8)
	  ->  Bitmap Heap Scan on sbtest5  (cost=21.67..3487.78 rows=901 width=4)
	        Recheck Cond: ((id >= 3155269) AND (id <= 3156268))
	        ->  Bitmap Index Scan on sbtest5_pkey  (cost=0.00..21.44 rows=901 width=0)
	              Index Cond: ((id >= 3155269) AND (id <= 3156268))

table 6 : explain SELECT SUM(k) FROM sbtest6 WHERE id BETWEEN 4168387 AND 4169386
	Aggregate  (cost=3804.17..3804.18 rows=1 width=8)
	  ->  Bitmap Heap Scan on sbtest6  (cost=22.52..3801.71 rows=984 width=4)
	        Recheck Cond: ((id >= 4168387) AND (id <= 4169386))
	        ->  Bitmap Index Scan on sbtest6_pkey  (cost=0.00..22.27 rows=984 width=0)
	              Index Cond: ((id >= 4168387) AND (id <= 4169386))

table 7 : explain SELECT SUM(k) FROM sbtest7 WHERE id BETWEEN 8973725 AND 8974724
	Aggregate  (cost=4090.42..4090.43 rows=1 width=8)
	  ->  Bitmap Heap Scan on sbtest7  (cost=23.30..4087.77 rows=1060 width=4)
	        Recheck Cond: ((id >= 8973725) AND (id <= 8974724))
	        ->  Bitmap Index Scan on sbtest7_pkey  (cost=0.00..23.04 rows=1060 width=0)
	              Index Cond: ((id >= 8973725) AND (id <= 8974724))

table 8 : explain SELECT SUM(k) FROM sbtest8 WHERE id BETWEEN 8253875 AND 8254874
	Aggregate  (cost=3551.14..3551.15 rows=1 width=8)
	  ->  Bitmap Heap Scan on sbtest8  (cost=21.83..3548.84 rows=917 width=4)
	        Recheck Cond: ((id >= 8253875) AND (id <= 8254874))
	        ->  Bitmap Index Scan on sbtest8_pkey  (cost=0.00..21.61 rows=917 width=0)
	              Index Cond: ((id >= 8253875) AND (id <= 8254874))

explain: for point_selects :: explain SELECT c FROM sbtest%u WHERE id=%u
explain: for point_selects :: explain SELECT c FROM sbtest%u WHERE id=%u
explain: for point_selects :: explain SELECT c FROM sbtest%u WHERE id=%u
for point_selects
table 1 : explain SELECT c FROM sbtest1 WHERE id=155758
	Index Scan using sbtest1_pkey on sbtest1  (cost=0.43..8.45 rows=1 width=121)
	  Index Cond: (id = 155758)

table 2 : explain SELECT c FROM sbtest2 WHERE id=6758773
	Index Scan using sbtest2_pkey on sbtest2  (cost=0.43..8.45 rows=1 width=121)
	  Index Cond: (id = 6758773)

table 3 : explain SELECT c FROM sbtest3 WHERE id=7887499
	Index Scan using sbtest3_pkey on sbtest3  (cost=0.43..8.45 rows=1 width=121)
	  Index Cond: (id = 7887499)

table 4 : explain SELECT c FROM sbtest4 WHERE id=546880
	Index Scan using sbtest4_pkey on sbtest4  (cost=0.43..8.45 rows=1 width=121)
	  Index Cond: (id = 546880)

table 5 : explain SELECT c FROM sbtest5 WHERE id=6143759
	Index Scan using sbtest5_pkey on sbtest5  (cost=0.43..8.45 rows=1 width=121)
	  Index Cond: (id = 6143759)

table 6 : explain SELECT c FROM sbtest6 WHERE id=3473072
	Index Scan using sbtest6_pkey on sbtest6  (cost=0.43..8.45 rows=1 width=121)
	  Index Cond: (id = 3473072)

table 7 : explain SELECT c FROM sbtest7 WHERE id=1039510
	Index Scan using sbtest7_pkey on sbtest7  (cost=0.43..8.45 rows=1 width=121)
	  Index Cond: (id = 1039510)

table 8 : explain SELECT c FROM sbtest8 WHERE id=1683278
	Index Scan using sbtest8_pkey on sbtest8  (cost=0.43..8.45 rows=1 width=121)
	  Index Cond: (id = 1683278)

for point_selects
table 1 : explain SELECT c FROM sbtest1 WHERE id=5417330
	Index Scan using sbtest1_pkey on sbtest1  (cost=0.43..8.45 rows=1 width=121)
	  Index Cond: (id = 5417330)

table 2 : explain SELECT c FROM sbtest2 WHERE id=8817542
	Index Scan using sbtest2_pkey on sbtest2  (cost=0.43..8.45 rows=1 width=121)
	  Index Cond: (id = 8817542)

table 3 : explain SELECT c FROM sbtest3 WHERE id=1283867
	Index Scan using sbtest3_pkey on sbtest3  (cost=0.43..8.45 rows=1 width=121)
	  Index Cond: (id = 1283867)

table 4 : explain SELECT c FROM sbtest4 WHERE id=2204998
	Index Scan using sbtest4_pkey on sbtest4  (cost=0.43..8.45 rows=1 width=121)
	  Index Cond: (id = 2204998)

table 5 : explain SELECT c FROM sbtest5 WHERE id=8831330
	Index Scan using sbtest5_pkey on sbtest5  (cost=0.43..8.45 rows=1 width=121)
	  Index Cond: (id = 8831330)

table 6 : explain SELECT c FROM sbtest6 WHERE id=6753451
	Index Scan using sbtest6_pkey on sbtest6  (cost=0.43..8.45 rows=1 width=121)
	  Index Cond: (id = 6753451)

table 7 : explain SELECT c FROM sbtest7 WHERE id=172544
	Index Scan using sbtest7_pkey on sbtest7  (cost=0.43..8.45 rows=1 width=121)
	  Index Cond: (id = 172544)

table 8 : explain SELECT c FROM sbtest8 WHERE id=6786555
	Index Scan using sbtest8_pkey on sbtest8  (cost=0.43..8.45 rows=1 width=121)
	  Index Cond: (id = 6786555)

for: sum_ranges
table 1 : explain SELECT SUM(k) FROM sbtest1 WHERE id BETWEEN 3365907 AND 3366906
	Aggregate  (cost=3933.24..3933.25 rows=1 width=8)
	  ->  Bitmap Heap Scan on sbtest1  (cost=22.88..3930.69 rows=1019 width=4)
	        Recheck Cond: ((id >= 3365907) AND (id <= 3366906))
	        ->  Bitmap Index Scan on sbtest1_pkey  (cost=0.00..22.62 rows=1019 width=0)
	              Index Cond: ((id >= 3365907) AND (id <= 3366906))

table 2 : explain SELECT SUM(k) FROM sbtest2 WHERE id BETWEEN 7611041 AND 7612040
	Aggregate  (cost=4257.86..4257.87 rows=1 width=8)
	  ->  Bitmap Heap Scan on sbtest2  (cost=27.76..4255.10 rows=1105 width=4)
	        Recheck Cond: ((id >= 7611041) AND (id <= 7612040))
	        ->  Bitmap Index Scan on sbtest2_pkey  (cost=0.00..27.48 rows=1105 width=0)
	              Index Cond: ((id >= 7611041) AND (id <= 7612040))

table 3 : explain SELECT SUM(k) FROM sbtest3 WHERE id BETWEEN 4837044 AND 4838043
	Aggregate  (cost=4115.00..4115.01 rows=1 width=8)
	  ->  Bitmap Heap Scan on sbtest3  (cost=23.37..4112.33 rows=1067 width=4)
	        Recheck Cond: ((id >= 4837044) AND (id <= 4838043))
	        ->  Bitmap Index Scan on sbtest3_pkey  (cost=0.00..23.11 rows=1067 width=0)
	              Index Cond: ((id >= 4837044) AND (id <= 4838043))

table 4 : explain SELECT SUM(k) FROM sbtest4 WHERE id BETWEEN 335082 AND 336081
	Aggregate  (cost=3991.72..3991.73 rows=1 width=8)
	  ->  Bitmap Heap Scan on sbtest4  (cost=23.03..3989.14 rows=1034 width=4)
	        Recheck Cond: ((id >= 335082) AND (id <= 336081))
	        ->  Bitmap Index Scan on sbtest4_pkey  (cost=0.00..22.77 rows=1034 width=0)
	              Index Cond: ((id >= 335082) AND (id <= 336081))

table 5 : explain SELECT SUM(k) FROM sbtest5 WHERE id BETWEEN 8352908 AND 8353907
	Aggregate  (cost=4033.27..4033.28 rows=1 width=8)
	  ->  Bitmap Heap Scan on sbtest5  (cost=23.15..4030.66 rows=1045 width=4)
	        Recheck Cond: ((id >= 8352908) AND (id <= 8353907))
	        ->  Bitmap Index Scan on sbtest5_pkey  (cost=0.00..22.89 rows=1045 width=0)
	              Index Cond: ((id >= 8352908) AND (id <= 8353907))

table 6 : explain SELECT SUM(k) FROM sbtest6 WHERE id BETWEEN 4361994 AND 4362993
	Aggregate  (cost=3687.17..3687.18 rows=1 width=8)
	  ->  Bitmap Heap Scan on sbtest6  (cost=22.20..3684.79 rows=953 width=4)
	        Recheck Cond: ((id >= 4361994) AND (id <= 4362993))
	        ->  Bitmap Index Scan on sbtest6_pkey  (cost=0.00..21.96 rows=953 width=0)
	              Index Cond: ((id >= 4361994) AND (id <= 4362993))

table 7 : explain SELECT SUM(k) FROM sbtest7 WHERE id BETWEEN 1119991 AND 1120990
	Aggregate  (cost=3777.71..3777.72 rows=1 width=8)
	  ->  Bitmap Heap Scan on sbtest7  (cost=22.45..3775.27 rows=977 width=4)
	        Recheck Cond: ((id >= 1119991) AND (id <= 1120990))
	        ->  Bitmap Index Scan on sbtest7_pkey  (cost=0.00..22.20 rows=977 width=0)
	              Index Cond: ((id >= 1119991) AND (id <= 1120990))

table 8 : explain SELECT SUM(k) FROM sbtest8 WHERE id BETWEEN 4790853 AND 4791852
	Aggregate  (cost=3951.17..3951.18 rows=1 width=8)
	  ->  Bitmap Heap Scan on sbtest8  (cost=22.92..3948.61 rows=1023 width=4)
	        Recheck Cond: ((id >= 4790853) AND (id <= 4791852))
	        ->  Bitmap Index Scan on sbtest8_pkey  (cost=0.00..22.66 rows=1023 width=0)
	              Index Cond: ((id >= 4790853) AND (id <= 4791852))

explain: for point_selects :: explain SELECT c FROM sbtest%u WHERE id=%u
explain: for point_selects :: explain SELECT c FROM sbtest%u WHERE id=%u
for: order_ranges
table 1 : explain SELECT c FROM sbtest1 WHERE id BETWEEN 2648063 AND 2649062 ORDER BY c
	Sort  (cost=3809.67..3812.10 rows=974 width=121)
	  Sort Key: c
	  ->  Bitmap Heap Scan on sbtest1  (cost=22.42..3761.32 rows=974 width=121)
	        Recheck Cond: ((id >= 2648063) AND (id <= 2649062))
	        ->  Bitmap Index Scan on sbtest1_pkey  (cost=0.00..22.18 rows=974 width=0)
	              Index Cond: ((id >= 2648063) AND (id <= 2649062))

table 2 : explain SELECT c FROM sbtest2 WHERE id BETWEEN 1554733 AND 1555732 ORDER BY c
	Sort  (cost=3967.37..3969.91 rows=1015 width=121)
	  Sort Key: c
	  ->  Bitmap Heap Scan on sbtest2  (cost=22.84..3916.68 rows=1015 width=121)
	        Recheck Cond: ((id >= 1554733) AND (id <= 1555732))
	        ->  Bitmap Index Scan on sbtest2_pkey  (cost=0.00..22.58 rows=1015 width=0)
	              Index Cond: ((id >= 1554733) AND (id <= 1555732))

table 3 : explain SELECT c FROM sbtest3 WHERE id BETWEEN 4961950 AND 4962949 ORDER BY c
	Sort  (cost=4295.88..4298.63 rows=1101 width=121)
	  Sort Key: c
	  ->  Bitmap Heap Scan on sbtest3  (cost=27.72..4240.25 rows=1101 width=121)
	        Recheck Cond: ((id >= 4961950) AND (id <= 4962949))
	        ->  Bitmap Index Scan on sbtest3_pkey  (cost=0.00..27.44 rows=1101 width=0)
	              Index Cond: ((id >= 4961950) AND (id <= 4962949))

table 4 : explain SELECT c FROM sbtest4 WHERE id BETWEEN 6253228 AND 6254227 ORDER BY c
	Sort  (cost=3719.68..3722.05 rows=950 width=121)
	  Sort Key: c
	  ->  Bitmap Heap Scan on sbtest4  (cost=22.17..3672.69 rows=950 width=121)
	        Recheck Cond: ((id >= 6253228) AND (id <= 6254227))
	        ->  Bitmap Index Scan on sbtest4_pkey  (cost=0.00..21.93 rows=950 width=0)
	              Index Cond: ((id >= 6253228) AND (id <= 6254227))

table 5 : explain SELECT c FROM sbtest5 WHERE id BETWEEN 4361565 AND 4362564 ORDER BY c
	Sort  (cost=4098.33..4100.95 rows=1049 width=121)
	  Sort Key: c
	  ->  Bitmap Heap Scan on sbtest5  (cost=23.19..4045.70 rows=1049 width=121)
	        Recheck Cond: ((id >= 4361565) AND (id <= 4362564))
	        ->  Bitmap Index Scan on sbtest5_pkey  (cost=0.00..22.93 rows=1049 width=0)
	              Index Cond: ((id >= 4361565) AND (id <= 4362564))

table 6 : explain SELECT c FROM sbtest6 WHERE id BETWEEN 5497444 AND 5498443 ORDER BY c
	Sort  (cost=3869.75..3872.23 rows=989 width=121)
	  Sort Key: c
	  ->  Bitmap Heap Scan on sbtest6  (cost=22.57..3820.55 rows=989 width=121)
	        Recheck Cond: ((id >= 5497444) AND (id <= 5498443))
	        ->  Bitmap Index Scan on sbtest6_pkey  (cost=0.00..22.32 rows=989 width=0)
	              Index Cond: ((id >= 5497444) AND (id <= 5498443))

table 7 : explain SELECT c FROM sbtest7 WHERE id BETWEEN 4361191 AND 4362190 ORDER BY c
	Sort  (cost=4003.54..4006.10 rows=1024 width=121)
	  Sort Key: c
	  ->  Bitmap Heap Scan on sbtest7  (cost=22.93..3952.34 rows=1024 width=121)
	        Recheck Cond: ((id >= 4361191) AND (id <= 4362190))
	        ->  Bitmap Index Scan on sbtest7_pkey  (cost=0.00..22.68 rows=1024 width=0)
	              Index Cond: ((id >= 4361191) AND (id <= 4362190))

table 8 : explain SELECT c FROM sbtest8 WHERE id BETWEEN 6502747 AND 6503746 ORDER BY c
	Sort  (cost=3827.65..3830.10 rows=978 width=121)
	  Sort Key: c
	  ->  Bitmap Heap Scan on sbtest8  (cost=22.46..3779.08 rows=978 width=121)
	        Recheck Cond: ((id >= 6502747) AND (id <= 6503746))
	        ->  Bitmap Index Scan on sbtest8_pkey  (cost=0.00..22.21 rows=978 width=0)
	              Index Cond: ((id >= 6502747) AND (id <= 6503746))

for point_selects
table 1 : explain SELECT c FROM sbtest1 WHERE id=8037657
	Index Scan using sbtest1_pkey on sbtest1  (cost=0.43..8.45 rows=1 width=121)
	  Index Cond: (id = 8037657)

table 2 : explain SELECT c FROM sbtest2 WHERE id=531166
	Index Scan using sbtest2_pkey on sbtest2  (cost=0.43..8.45 rows=1 width=121)
	  Index Cond: (id = 531166)

table 3 : explain SELECT c FROM sbtest3 WHERE id=7665175
	Index Scan using sbtest3_pkey on sbtest3  (cost=0.43..8.45 rows=1 width=121)
	  Index Cond: (id = 7665175)

table 4 : explain SELECT c FROM sbtest4 WHERE id=6028632
	Index Scan using sbtest4_pkey on sbtest4  (cost=0.43..8.45 rows=1 width=121)
	  Index Cond: (id = 6028632)

table 5 : explain SELECT c FROM sbtest5 WHERE id=97551
	Index Scan using sbtest5_pkey on sbtest5  (cost=0.43..8.45 rows=1 width=121)
	  Index Cond: (id = 97551)

table 6 : explain SELECT c FROM sbtest6 WHERE id=8923009
	Index Scan using sbtest6_pkey on sbtest6  (cost=0.43..8.45 rows=1 width=121)
	  Index Cond: (id = 8923009)

table 7 : explain SELECT c FROM sbtest7 WHERE id=7840577
	Index Scan using sbtest7_pkey on sbtest7  (cost=0.43..8.45 rows=1 width=121)
	  Index Cond: (id = 7840577)

table 8 : explain SELECT c FROM sbtest8 WHERE id=9013451
	Index Scan using sbtest8_pkey on sbtest8  (cost=0.43..8.45 rows=1 width=121)
	  Index Cond: (id = 9013451)

for: simple_ranges
table 1 : explain SELECT c FROM sbtest1 WHERE id BETWEEN 3620593 AND 3621592
	Bitmap Heap Scan on sbtest1  (cost=22.81..3904.36 rows=1012 width=121)
	  Recheck Cond: ((id >= 3620593) AND (id <= 3621592))
	  ->  Bitmap Index Scan on sbtest1_pkey  (cost=0.00..22.55 rows=1012 width=0)
	        Index Cond: ((id >= 3620593) AND (id <= 3621592))

table 2 : explain SELECT c FROM sbtest2 WHERE id BETWEEN 5474325 AND 5475324
	Bitmap Heap Scan on sbtest2  (cost=22.91..3943.02 rows=1022 width=121)
	  Recheck Cond: ((id >= 5474325) AND (id <= 5475324))
	  ->  Bitmap Index Scan on sbtest2_pkey  (cost=0.00..22.65 rows=1022 width=0)
	        Index Cond: ((id >= 5474325) AND (id <= 5475324))

table 3 : explain SELECT c FROM sbtest3 WHERE id BETWEEN 9522881 AND 9523880
	Bitmap Heap Scan on sbtest3  (cost=22.15..3664.41 rows=948 width=121)
	  Recheck Cond: ((id >= 9522881) AND (id <= 9523880))
	  ->  Bitmap Index Scan on sbtest3_pkey  (cost=0.00..21.91 rows=948 width=0)
	        Index Cond: ((id >= 9522881) AND (id <= 9523880))

table 4 : explain SELECT c FROM sbtest4 WHERE id BETWEEN 6690235 AND 6691234
	Bitmap Heap Scan on sbtest4  (cost=23.40..4124.48 rows=1070 width=121)
	  Recheck Cond: ((id >= 6690235) AND (id <= 6691234))
	  ->  Bitmap Index Scan on sbtest4_pkey  (cost=0.00..23.14 rows=1070 width=0)
	        Index Cond: ((id >= 6690235) AND (id <= 6691234))

table 5 : explain SELECT c FROM sbtest5 WHERE id BETWEEN 3903297 AND 3904296
	Bitmap Heap Scan on sbtest5  (cost=23.22..4056.98 rows=1052 width=121)
	  Recheck Cond: ((id >= 3903297) AND (id <= 3904296))
	  ->  Bitmap Index Scan on sbtest5_pkey  (cost=0.00..22.95 rows=1052 width=0)
	        Index Cond: ((id >= 3903297) AND (id <= 3904296))

table 6 : explain SELECT c FROM sbtest6 WHERE id BETWEEN 2653593 AND 2654592
	Bitmap Heap Scan on sbtest6  (cost=22.79..3899.67 rows=1010 width=121)
	  Recheck Cond: ((id >= 2653593) AND (id <= 2654592))
	  ->  Bitmap Index Scan on sbtest6_pkey  (cost=0.00..22.54 rows=1010 width=0)
	        Index Cond: ((id >= 2653593) AND (id <= 2654592))

table 7 : explain SELECT c FROM sbtest7 WHERE id BETWEEN 5102184 AND 5103183
	Bitmap Heap Scan on sbtest7  (cost=22.91..3944.81 rows=1022 width=121)
	  Recheck Cond: ((id >= 5102184) AND (id <= 5103183))
	  ->  Bitmap Index Scan on sbtest7_pkey  (cost=0.00..22.65 rows=1022 width=0)
	        Index Cond: ((id >= 5102184) AND (id <= 5103183))

table 8 : explain SELECT c FROM sbtest8 WHERE id BETWEEN 7292104 AND 7293103
	Bitmap Heap Scan on sbtest8  (cost=22.37..3745.14 rows=969 width=121)
	  Recheck Cond: ((id >= 7292104) AND (id <= 7293103))
	  ->  Bitmap Index Scan on sbtest8_pkey  (cost=0.00..22.12 rows=969 width=0)
	        Index Cond: ((id >= 7292104) AND (id <= 7293103))

for: order_ranges
table 1 : explain SELECT c FROM sbtest1 WHERE id BETWEEN 5532909 AND 5533908 ORDER BY c
	Sort  (cost=3744.65..3747.04 rows=957 width=121)
	  Sort Key: c
	  ->  Bitmap Heap Scan on sbtest1  (cost=22.24..3697.27 rows=957 width=121)
	        Recheck Cond: ((id >= 5532909) AND (id <= 5533908))
	        ->  Bitmap Index Scan on sbtest1_pkey  (cost=0.00..22.00 rows=957 width=0)
	              Index Cond: ((id >= 5532909) AND (id <= 5533908))

table 2 : explain SELECT c FROM sbtest2 WHERE id BETWEEN 4299278 AND 4300277 ORDER BY c
	Sort  (cost=3454.37..3456.57 rows=881 width=121)
	  Sort Key: c
	  ->  Bitmap Heap Scan on sbtest2  (cost=21.47..3411.27 rows=881 width=121)
	        Recheck Cond: ((id >= 4299278) AND (id <= 4300277))
	        ->  Bitmap Index Scan on sbtest2_pkey  (cost=0.00..21.25 rows=881 width=0)
	              Index Cond: ((id >= 4299278) AND (id <= 4300277))

table 3 : explain SELECT c FROM sbtest3 WHERE id BETWEEN 4922424 AND 4923423 ORDER BY c
	Sort  (cost=4295.88..4298.63 rows=1101 width=121)
	  Sort Key: c
	  ->  Bitmap Heap Scan on sbtest3  (cost=27.72..4240.25 rows=1101 width=121)
	        Recheck Cond: ((id >= 4922424) AND (id <= 4923423))
	        ->  Bitmap Index Scan on sbtest3_pkey  (cost=0.00..27.44 rows=1101 width=0)
	              Index Cond: ((id >= 4922424) AND (id <= 4923423))

table 4 : explain SELECT c FROM sbtest4 WHERE id BETWEEN 9355393 AND 9356392 ORDER BY c
	Sort  (cost=4468.19..4471.05 rows=1146 width=121)
	  Sort Key: c
	  ->  Bitmap Heap Scan on sbtest4  (cost=28.18..4409.96 rows=1146 width=121)
	        Recheck Cond: ((id >= 9355393) AND (id <= 9356392))
	        ->  Bitmap Index Scan on sbtest4_pkey  (cost=0.00..27.89 rows=1146 width=0)
	              Index Cond: ((id >= 9355393) AND (id <= 9356392))

table 5 : explain SELECT c FROM sbtest5 WHERE id BETWEEN 4692847 AND 4693846 ORDER BY c
	Sort  (cost=4132.68..4135.33 rows=1058 width=121)
	  Sort Key: c
	  ->  Bitmap Heap Scan on sbtest5  (cost=23.28..4079.53 rows=1058 width=121)
	        Recheck Cond: ((id >= 4692847) AND (id <= 4693846))
	        ->  Bitmap Index Scan on sbtest5_pkey  (cost=0.00..23.01 rows=1058 width=0)
	              Index Cond: ((id >= 4692847) AND (id <= 4693846))

table 6 : explain SELECT c FROM sbtest6 WHERE id BETWEEN 1258010 AND 1259009 ORDER BY c
	Sort  (cost=3999.76..4002.32 rows=1023 width=121)
	  Sort Key: c
	  ->  Bitmap Heap Scan on sbtest6  (cost=22.92..3948.62 rows=1023 width=121)
	        Recheck Cond: ((id >= 1258010) AND (id <= 1259009))
	        ->  Bitmap Index Scan on sbtest6_pkey  (cost=0.00..22.66 rows=1023 width=0)
	              Index Cond: ((id >= 1258010) AND (id <= 1259009))

table 7 : explain SELECT c FROM sbtest7 WHERE id BETWEEN 8252167 AND 8253166 ORDER BY c
	Sort  (cost=4057.02..4059.62 rows=1038 width=121)
	  Sort Key: c
	  ->  Bitmap Heap Scan on sbtest7  (cost=23.07..4005.02 rows=1038 width=121)
	        Recheck Cond: ((id >= 8252167) AND (id <= 8253166))
	        ->  Bitmap Index Scan on sbtest7_pkey  (cost=0.00..22.82 rows=1038 width=0)
	              Index Cond: ((id >= 8252167) AND (id <= 8253166))

table 8 : explain SELECT c FROM sbtest8 WHERE id BETWEEN 5401191 AND 5402190 ORDER BY c
	Sort  (cost=3666.80..3669.14 rows=936 width=121)
	  Sort Key: c
	  ->  Bitmap Heap Scan on sbtest8  (cost=22.03..3620.61 rows=936 width=121)
	        Recheck Cond: ((id >= 5401191) AND (id <= 5402190))
	        ->  Bitmap Index Scan on sbtest8_pkey  (cost=0.00..21.79 rows=936 width=0)
	              Index Cond: ((id >= 5401191) AND (id <= 5402190))

for: simple_ranges
table 1 : explain SELECT c FROM sbtest1 WHERE id BETWEEN 9961713 AND 9962712
	Bitmap Heap Scan on sbtest1  (cost=27.85..4287.66 rows=1114 width=121)
	  Recheck Cond: ((id >= 9961713) AND (id <= 9962712))
	  ->  Bitmap Index Scan on sbtest1_pkey  (cost=0.00..27.57 rows=1114 width=0)
	        Index Cond: ((id >= 9961713) AND (id <= 9962712))

table 2 : explain SELECT c FROM sbtest2 WHERE id BETWEEN 4665364 AND 4666363
	Bitmap Heap Scan on sbtest2  (cost=22.50..3792.44 rows=982 width=121)
	  Recheck Cond: ((id >= 4665364) AND (id <= 4666363))
	  ->  Bitmap Index Scan on sbtest2_pkey  (cost=0.00..22.25 rows=982 width=0)
	        Index Cond: ((id >= 4665364) AND (id <= 4666363))

table 3 : explain SELECT c FROM sbtest3 WHERE id BETWEEN 7019462 AND 7020461
	Bitmap Heap Scan on sbtest3  (cost=21.96..3592.72 rows=929 width=121)
	  Recheck Cond: ((id >= 7019462) AND (id <= 7020461))
	  ->  Bitmap Index Scan on sbtest3_pkey  (cost=0.00..21.72 rows=929 width=0)
	        Index Cond: ((id >= 7019462) AND (id <= 7020461))

table 4 : explain SELECT c FROM sbtest4 WHERE id BETWEEN 4669194 AND 4670193
	Bitmap Heap Scan on sbtest4  (cost=23.21..4053.07 rows=1051 width=121)
	  Recheck Cond: ((id >= 4669194) AND (id <= 4670193))
	  ->  Bitmap Index Scan on sbtest4_pkey  (cost=0.00..22.94 rows=1051 width=0)
	        Index Cond: ((id >= 4669194) AND (id <= 4670193))

table 5 : explain SELECT c FROM sbtest5 WHERE id BETWEEN 4607846 AND 4608845
	Bitmap Heap Scan on sbtest5  (cost=23.13..4023.14 rows=1043 width=121)
	  Recheck Cond: ((id >= 4607846) AND (id <= 4608845))
	  ->  Bitmap Index Scan on sbtest5_pkey  (cost=0.00..22.86 rows=1043 width=0)
	        Index Cond: ((id >= 4607846) AND (id <= 4608845))

table 6 : explain SELECT c FROM sbtest6 WHERE id BETWEEN 5043281 AND 5044280
	Bitmap Heap Scan on sbtest6  (cost=21.82..3545.07 rows=916 width=121)
	  Recheck Cond: ((id >= 5043281) AND (id <= 5044280))
	  ->  Bitmap Index Scan on sbtest6_pkey  (cost=0.00..21.59 rows=916 width=0)
	        Index Cond: ((id >= 5043281) AND (id <= 5044280))

table 7 : explain SELECT c FROM sbtest7 WHERE id BETWEEN 2465738 AND 2466737
	Bitmap Heap Scan on sbtest7  (cost=22.12..3654.55 rows=945 width=121)
	  Recheck Cond: ((id >= 2465738) AND (id <= 2466737))
	  ->  Bitmap Index Scan on sbtest7_pkey  (cost=0.00..21.89 rows=945 width=0)
	        Index Cond: ((id >= 2465738) AND (id <= 2466737))

table 8 : explain SELECT c FROM sbtest8 WHERE id BETWEEN 9829614 AND 9830613
	Bitmap Heap Scan on sbtest8  (cost=22.34..3733.82 rows=966 width=121)
	  Recheck Cond: ((id >= 9829614) AND (id <= 9830613))
	  ->  Bitmap Index Scan on sbtest8_pkey  (cost=0.00..22.09 rows=966 width=0)
	        Index Cond: ((id >= 9829614) AND (id <= 9830613))

for: sum_ranges
table 1 : explain SELECT SUM(k) FROM sbtest1 WHERE id BETWEEN 100182 AND 101181
	Aggregate  (cost=3612.88..3612.89 rows=1 width=8)
	  ->  Bitmap Heap Scan on sbtest1  (cost=22.01..3610.54 rows=934 width=4)
	        Recheck Cond: ((id >= 100182) AND (id <= 101181))
	        ->  Bitmap Index Scan on sbtest1_pkey  (cost=0.00..21.77 rows=934 width=0)
	              Index Cond: ((id >= 100182) AND (id <= 101181))

table 2 : explain SELECT SUM(k) FROM sbtest2 WHERE id BETWEEN 1561344 AND 1562343
	Aggregate  (cost=3919.22..3919.23 rows=1 width=8)
	  ->  Bitmap Heap Scan on sbtest2  (cost=22.84..3916.68 rows=1015 width=4)
	        Recheck Cond: ((id >= 1561344) AND (id <= 1562343))
	        ->  Bitmap Index Scan on sbtest2_pkey  (cost=0.00..22.58 rows=1015 width=0)
	              Index Cond: ((id >= 1561344) AND (id <= 1562343))

table 3 : explain SELECT SUM(k) FROM sbtest3 WHERE id BETWEEN 9960470 AND 9961469
	Aggregate  (cost=3379.53..3379.54 rows=1 width=8)
	  ->  Bitmap Heap Scan on sbtest3  (cost=21.37..3377.35 rows=872 width=4)
	        Recheck Cond: ((id >= 9960470) AND (id <= 9961469))
	        ->  Bitmap Index Scan on sbtest3_pkey  (cost=0.00..21.15 rows=872 width=0)
	              Index Cond: ((id >= 9960470) AND (id <= 9961469))

table 4 : explain SELECT SUM(k) FROM sbtest4 WHERE id BETWEEN 8429578 AND 8430577
	Aggregate  (cost=3769.40..3769.41 rows=1 width=8)
	  ->  Bitmap Heap Scan on sbtest4  (cost=22.43..3766.97 rows=975 width=4)
	        Recheck Cond: ((id >= 8429578) AND (id <= 8430577))
	        ->  Bitmap Index Scan on sbtest4_pkey  (cost=0.00..22.18 rows=975 width=0)
	              Index Cond: ((id >= 8429578) AND (id <= 8430577))

table 5 : explain SELECT SUM(k) FROM sbtest5 WHERE id BETWEEN 6565138 AND 6566137
	Aggregate  (cost=3927.85..3927.86 rows=1 width=8)
	  ->  Bitmap Heap Scan on sbtest5  (cost=22.86..3925.31 rows=1017 width=4)
	        Recheck Cond: ((id >= 6565138) AND (id <= 6566137))
	        ->  Bitmap Index Scan on sbtest5_pkey  (cost=0.00..22.61 rows=1017 width=0)
	              Index Cond: ((id >= 6565138) AND (id <= 6566137))

table 6 : explain SELECT SUM(k) FROM sbtest6 WHERE id BETWEEN 5295471 AND 5296470
	Aggregate  (cost=3660.73..3660.74 rows=1 width=8)
	  ->  Bitmap Heap Scan on sbtest6  (cost=22.13..3658.37 rows=946 width=4)
	        Recheck Cond: ((id >= 5295471) AND (id <= 5296470))
	        ->  Bitmap Index Scan on sbtest6_pkey  (cost=0.00..21.89 rows=946 width=0)
	              Index Cond: ((id >= 5295471) AND (id <= 5296470))

table 7 : explain SELECT SUM(k) FROM sbtest7 WHERE id BETWEEN 9920487 AND 9921486
	Aggregate  (cost=3860.68..3860.69 rows=1 width=8)
	  ->  Bitmap Heap Scan on sbtest7  (cost=22.67..3858.19 rows=999 width=4)
	        Recheck Cond: ((id >= 9920487) AND (id <= 9921486))
	        ->  Bitmap Index Scan on sbtest7_pkey  (cost=0.00..22.43 rows=999 width=0)
	              Index Cond: ((id >= 9920487) AND (id <= 9921486))

table 8 : explain SELECT SUM(k) FROM sbtest8 WHERE id BETWEEN 6406158 AND 6407157
	Aggregate  (cost=3781.52..3781.53 rows=1 width=8)
	  ->  Bitmap Heap Scan on sbtest8  (cost=22.46..3779.08 rows=978 width=4)
	        Recheck Cond: ((id >= 6406158) AND (id <= 6407157))
	        ->  Bitmap Index Scan on sbtest8_pkey  (cost=0.00..22.21 rows=978 width=0)
	              Index Cond: ((id >= 6406158) AND (id <= 6407157))

for point_selects
table 1 : explain SELECT c FROM sbtest1 WHERE id=8089299
	Index Scan using sbtest1_pkey on sbtest1  (cost=0.43..8.45 rows=1 width=121)
	  Index Cond: (id = 8089299)

table 2 : explain SELECT c FROM sbtest2 WHERE id=2551305
	Index Scan using sbtest2_pkey on sbtest2  (cost=0.43..8.45 rows=1 width=121)
	  Index Cond: (id = 2551305)

table 3 : explain SELECT c FROM sbtest3 WHERE id=9636420
	Index Scan using sbtest3_pkey on sbtest3  (cost=0.43..8.45 rows=1 width=121)
	  Index Cond: (id = 9636420)

table 4 : explain SELECT c FROM sbtest4 WHERE id=5809859
	Index Scan using sbtest4_pkey on sbtest4  (cost=0.43..8.45 rows=1 width=121)
	  Index Cond: (id = 5809859)

table 5 : explain SELECT c FROM sbtest5 WHERE id=400336
	Index Scan using sbtest5_pkey on sbtest5  (cost=0.43..8.45 rows=1 width=121)
	  Index Cond: (id = 400336)

table 6 : explain SELECT c FROM sbtest6 WHERE id=2848758
	Index Scan using sbtest6_pkey on sbtest6  (cost=0.43..8.45 rows=1 width=121)
	  Index Cond: (id = 2848758)

table 7 : explain SELECT c FROM sbtest7 WHERE id=5407224
	Index Scan using sbtest7_pkey on sbtest7  (cost=0.43..8.45 rows=1 width=121)
	  Index Cond: (id = 5407224)

table 8 : explain SELECT c FROM sbtest8 WHERE id=4527061
	Index Scan using sbtest8_pkey on sbtest8  (cost=0.43..8.45 rows=1 width=121)
	  Index Cond: (id = 4527061)

for point_selects
table 1 : explain SELECT c FROM sbtest1 WHERE id=4704997
	Index Scan using sbtest1_pkey on sbtest1  (cost=0.43..8.45 rows=1 width=121)
	  Index Cond: (id = 4704997)

table 2 : explain SELECT c FROM sbtest2 WHERE id=913636
	Index Scan using sbtest2_pkey on sbtest2  (cost=0.43..8.45 rows=1 width=121)
	  Index Cond: (id = 913636)

table 3 : explain SELECT c FROM sbtest3 WHERE id=1551003
	Index Scan using sbtest3_pkey on sbtest3  (cost=0.43..8.45 rows=1 width=121)
	  Index Cond: (id = 1551003)

table 4 : explain SELECT c FROM sbtest4 WHERE id=7327869
	Index Scan using sbtest4_pkey on sbtest4  (cost=0.43..8.45 rows=1 width=121)
	  Index Cond: (id = 7327869)

table 5 : explain SELECT c FROM sbtest5 WHERE id=3207815
	Index Scan using sbtest5_pkey on sbtest5  (cost=0.43..8.45 rows=1 width=121)
	  Index Cond: (id = 3207815)

table 6 : explain SELECT c FROM sbtest6 WHERE id=3824815
	Index Scan using sbtest6_pkey on sbtest6  (cost=0.43..8.45 rows=1 width=121)
	  Index Cond: (id = 3824815)

table 7 : explain SELECT c FROM sbtest7 WHERE id=1986304
	Index Scan using sbtest7_pkey on sbtest7  (cost=0.43..8.45 rows=1 width=121)
	  Index Cond: (id = 1986304)

table 8 : explain SELECT c FROM sbtest8 WHERE id=6215205
	Index Scan using sbtest8_pkey on sbtest8  (cost=0.43..8.45 rows=1 width=121)
	  Index Cond: (id = 6215205)

for: order_ranges
table 1 : explain SELECT c FROM sbtest1 WHERE id BETWEEN 3496839 AND 3497838 ORDER BY c
	Sort  (cost=3878.47..3880.95 rows=992 width=121)
	  Sort Key: c
	  ->  Bitmap Heap Scan on sbtest1  (cost=22.60..3829.10 rows=992 width=121)
	        Recheck Cond: ((id >= 3496839) AND (id <= 3497838))
	        ->  Bitmap Index Scan on sbtest1_pkey  (cost=0.00..22.36 rows=992 width=0)
	              Index Cond: ((id >= 3496839) AND (id <= 3497838))

table 2 : explain SELECT c FROM sbtest2 WHERE id BETWEEN 6671119 AND 6672118 ORDER BY c
	Sort  (cost=3707.32..3709.69 rows=947 width=121)
	  Sort Key: c
	  ->  Bitmap Heap Scan on sbtest2  (cost=22.14..3660.51 rows=947 width=121)
	        Recheck Cond: ((id >= 6671119) AND (id <= 6672118))
	        ->  Bitmap Index Scan on sbtest2_pkey  (cost=0.00..21.90 rows=947 width=0)
	              Index Cond: ((id >= 6671119) AND (id <= 6672118))

table 3 : explain SELECT c FROM sbtest3 WHERE id BETWEEN 5038229 AND 5039228 ORDER BY c
	Sort  (cost=3852.85..3855.31 rows=985 width=121)
	  Sort Key: c
	  ->  Bitmap Heap Scan on sbtest3  (cost=22.53..3803.87 rows=985 width=121)
	        Recheck Cond: ((id >= 5038229) AND (id <= 5039228))
	        ->  Bitmap Index Scan on sbtest3_pkey  (cost=0.00..22.29 rows=985 width=0)
	              Index Cond: ((id >= 5038229) AND (id <= 5039228))

table 4 : explain SELECT c FROM sbtest4 WHERE id BETWEEN 5368046 AND 5369045 ORDER BY c
	Sort  (cost=4250.78..4253.51 rows=1089 width=121)
	  Sort Key: c
	  ->  Bitmap Heap Scan on sbtest4  (cost=23.60..4195.85 rows=1089 width=121)
	        Recheck Cond: ((id >= 5368046) AND (id <= 5369045))
	        ->  Bitmap Index Scan on sbtest4_pkey  (cost=0.00..23.32 rows=1089 width=0)
	              Index Cond: ((id >= 5368046) AND (id <= 5369045))

table 5 : explain SELECT c FROM sbtest5 WHERE id BETWEEN 7407787 AND 7408786 ORDER BY c
	Sort  (cost=3911.13..3913.63 rows=1000 width=121)
	  Sort Key: c
	  ->  Bitmap Heap Scan on sbtest5  (cost=22.68..3861.30 rows=1000 width=121)
	        Recheck Cond: ((id >= 7407787) AND (id <= 7408786))
	        ->  Bitmap Index Scan on sbtest5_pkey  (cost=0.00..22.43 rows=1000 width=0)
	              Index Cond: ((id >= 7407787) AND (id <= 7408786))

table 6 : explain SELECT c FROM sbtest6 WHERE id BETWEEN 652924 AND 653923 ORDER BY c
	Sort  (cost=3754.92..3757.32 rows=959 width=121)
	  Sort Key: c
	  ->  Bitmap Heap Scan on sbtest6  (cost=22.26..3707.43 rows=959 width=121)
	        Recheck Cond: ((id >= 652924) AND (id <= 653923))
	        ->  Bitmap Index Scan on sbtest6_pkey  (cost=0.00..22.02 rows=959 width=0)
	              Index Cond: ((id >= 652924) AND (id <= 653923))

table 7 : explain SELECT c FROM sbtest7 WHERE id BETWEEN 6642364 AND 6643363 ORDER BY c
	Sort  (cost=3934.73..3937.24 rows=1006 width=121)
	  Sort Key: c
	  ->  Bitmap Heap Scan on sbtest7  (cost=22.75..3884.56 rows=1006 width=121)
	        Recheck Cond: ((id >= 6642364) AND (id <= 6643363))
	        ->  Bitmap Index Scan on sbtest7_pkey  (cost=0.00..22.50 rows=1006 width=0)
	              Index Cond: ((id >= 6642364) AND (id <= 6643363))

table 8 : explain SELECT c FROM sbtest8 WHERE id BETWEEN 8193625 AND 8194624 ORDER BY c
	Sort  (cost=3593.96..3596.26 rows=917 width=121)
	  Sort Key: c
	  ->  Bitmap Heap Scan on sbtest8  (cost=21.83..3548.84 rows=917 width=121)
	        Recheck Cond: ((id >= 8193625) AND (id <= 8194624))
	        ->  Bitmap Index Scan on sbtest8_pkey  (cost=0.00..21.61 rows=917 width=0)
	              Index Cond: ((id >= 8193625) AND (id <= 8194624))

explain: for point_selects :: explain SELECT c FROM sbtest%u WHERE id=%u
for: order_ranges
table 1 : explain SELECT c FROM sbtest1 WHERE id BETWEEN 2239227 AND 2240226 ORDER BY c
	Sort  (cost=4027.41..4029.99 rows=1031 width=121)
	  Sort Key: c
	  ->  Bitmap Heap Scan on sbtest1  (cost=23.00..3975.81 rows=1031 width=121)
	        Recheck Cond: ((id >= 2239227) AND (id <= 2240226))
	        ->  Bitmap Index Scan on sbtest1_pkey  (cost=0.00..22.75 rows=1031 width=0)
	              Index Cond: ((id >= 2239227) AND (id <= 2240226))

table 2 : explain SELECT c FROM sbtest2 WHERE id BETWEEN 8141404 AND 8142403 ORDER BY c
	Sort  (cost=4146.78..4149.43 rows=1062 width=121)
	  Sort Key: c
	  ->  Bitmap Heap Scan on sbtest2  (cost=23.32..4093.40 rows=1062 width=121)
	        Recheck Cond: ((id >= 8141404) AND (id <= 8142403))
	        ->  Bitmap Index Scan on sbtest2_pkey  (cost=0.00..23.05 rows=1062 width=0)
	              Index Cond: ((id >= 8141404) AND (id <= 8142403))

table 3 : explain SELECT c FROM sbtest3 WHERE id BETWEEN 6028698 AND 6029697 ORDER BY c
	Sort  (cost=4036.25..4038.84 rows=1033 width=121)
	  Sort Key: c
	  ->  Bitmap Heap Scan on sbtest3  (cost=23.02..3984.54 rows=1033 width=121)
	        Recheck Cond: ((id >= 6028698) AND (id <= 6029697))
	        ->  Bitmap Index Scan on sbtest3_pkey  (cost=0.00..22.76 rows=1033 width=0)
	              Index Cond: ((id >= 6028698) AND (id <= 6029697))

table 4 : explain SELECT c FROM sbtest4 WHERE id BETWEEN 9185507 AND 9186506 ORDER BY c
	Sort  (cost=3811.55..3813.98 rows=974 width=121)
	  Sort Key: c
	  ->  Bitmap Heap Scan on sbtest4  (cost=22.42..3763.20 rows=974 width=121)
	        Recheck Cond: ((id >= 9185507) AND (id <= 9186506))
	        ->  Bitmap Index Scan on sbtest4_pkey  (cost=0.00..22.18 rows=974 width=0)
	              Index Cond: ((id >= 9185507) AND (id <= 9186506))

table 5 : explain SELECT c FROM sbtest5 WHERE id BETWEEN 8453053 AND 8454052 ORDER BY c
	Sort  (cost=4067.79..4070.39 rows=1041 width=121)
	  Sort Key: c
	  ->  Bitmap Heap Scan on sbtest5  (cost=23.11..4015.61 rows=1041 width=121)
	        Recheck Cond: ((id >= 8453053) AND (id <= 8454052))
	        ->  Bitmap Index Scan on sbtest5_pkey  (cost=0.00..22.84 rows=1041 width=0)
	              Index Cond: ((id >= 8453053) AND (id <= 8454052))

table 6 : explain SELECT c FROM sbtest6 WHERE id BETWEEN 649279 AND 650278 ORDER BY c
	Sort  (cost=3754.92..3757.32 rows=959 width=121)
	  Sort Key: c
	  ->  Bitmap Heap Scan on sbtest6  (cost=22.26..3707.43 rows=959 width=121)
	        Recheck Cond: ((id >= 649279) AND (id <= 650278))
	        ->  Bitmap Index Scan on sbtest6_pkey  (cost=0.00..22.02 rows=959 width=0)
	              Index Cond: ((id >= 649279) AND (id <= 650278))

table 7 : explain SELECT c FROM sbtest7 WHERE id BETWEEN 5144749 AND 5145748 ORDER BY c
	Sort  (cost=3842.92..3845.38 rows=982 width=121)
	  Sort Key: c
	  ->  Bitmap Heap Scan on sbtest7  (cost=22.50..3794.12 rows=982 width=121)
	        Recheck Cond: ((id >= 5144749) AND (id <= 5145748))
	        ->  Bitmap Index Scan on sbtest7_pkey  (cost=0.00..22.25 rows=982 width=0)
	              Index Cond: ((id >= 5144749) AND (id <= 5145748))

table 8 : explain SELECT c FROM sbtest8 WHERE id BETWEEN 6168338 AND 6169337 ORDER BY c
	Sort  (cost=4248.10..4250.82 rows=1087 width=121)
	  Sort Key: c
	  ->  Bitmap Heap Scan on sbtest8  (cost=27.58..4193.28 rows=1087 width=121)
	        Recheck Cond: ((id >= 6168338) AND (id <= 6169337))
	        ->  Bitmap Index Scan on sbtest8_pkey  (cost=0.00..27.30 rows=1087 width=0)
	              Index Cond: ((id >= 6168338) AND (id <= 6169337))

for: distinct_ranges
table 1 : explain SELECT DISTINCT c FROM sbtest1 WHERE id BETWEEN 2760926 AND 2761925 ORDER BY c
	Unique  (cost=3606.84..3611.45 rows=921 width=121)
	  ->  Sort  (cost=3606.84..3609.14 rows=921 width=121)
	        Sort Key: c
	        ->  Bitmap Heap Scan on sbtest1  (cost=21.88..3561.50 rows=921 width=121)
	              Recheck Cond: ((id >= 2760926) AND (id <= 2761925))
	              ->  Bitmap Index Scan on sbtest1_pkey  (cost=0.00..21.64 rows=921 width=0)
	                    Index Cond: ((id >= 2760926) AND (id <= 2761925))

table 2 : explain SELECT DISTINCT c FROM sbtest2 WHERE id BETWEEN 5741664 AND 5742663 ORDER BY c
	Unique  (cost=3990.29..3995.39 rows=1021 width=121)
	  ->  Sort  (cost=3990.29..3992.84 rows=1021 width=121)
	        Sort Key: c
	        ->  Bitmap Heap Scan on sbtest2  (cost=22.90..3939.26 rows=1021 width=121)
	              Recheck Cond: ((id >= 5741664) AND (id <= 5742663))
	              ->  Bitmap Index Scan on sbtest2_pkey  (cost=0.00..22.64 rows=1021 width=0)
	                    Index Cond: ((id >= 5741664) AND (id <= 5742663))

table 3 : explain SELECT DISTINCT c FROM sbtest3 WHERE id BETWEEN 1179714 AND 1180713 ORDER BY c
	Unique  (cost=4207.94..4213.33 rows=1078 width=121)
	  ->  Sort  (cost=4207.94..4210.64 rows=1078 width=121)
	        Sort Key: c
	        ->  Bitmap Heap Scan on sbtest3  (cost=23.48..4153.64 rows=1078 width=121)
	              Recheck Cond: ((id >= 1179714) AND (id <= 1180713))
	              ->  Bitmap Index Scan on sbtest3_pkey  (cost=0.00..23.21 rows=1078 width=0)
	                    Index Cond: ((id >= 1179714) AND (id <= 1180713))

table 4 : explain SELECT DISTINCT c FROM sbtest4 WHERE id BETWEEN 4648481 AND 4649480 ORDER BY c
	Unique  (cost=4105.82..4111.07 rows=1051 width=121)
	  ->  Sort  (cost=4105.82..4108.45 rows=1051 width=121)
	        Sort Key: c
	        ->  Bitmap Heap Scan on sbtest4  (cost=23.21..4053.07 rows=1051 width=121)
	              Recheck Cond: ((id >= 4648481) AND (id <= 4649480))
	              ->  Bitmap Index Scan on sbtest4_pkey  (cost=0.00..22.94 rows=1051 width=0)
	                    Index Cond: ((id >= 4648481) AND (id <= 4649480))

table 5 : explain SELECT DISTINCT c FROM sbtest5 WHERE id BETWEEN 6726212 AND 6727211 ORDER BY c
	Unique  (cost=4090.70..4095.93 rows=1047 width=121)
	  ->  Sort  (cost=4090.70..4093.31 rows=1047 width=121)
	        Sort Key: c
	        ->  Bitmap Heap Scan on sbtest5  (cost=23.17..4038.18 rows=1047 width=121)
	              Recheck Cond: ((id >= 6726212) AND (id <= 6727211))
	              ->  Bitmap Index Scan on sbtest5_pkey  (cost=0.00..22.90 rows=1047 width=0)
	                    Index Cond: ((id >= 6726212) AND (id <= 6727211))

table 6 : explain SELECT DISTINCT c FROM sbtest6 WHERE id BETWEEN 2962349 AND 2963348 ORDER BY c
	Unique  (cost=4274.80..4280.27 rows=1094 width=121)
	  ->  Sort  (cost=4274.80..4277.54 rows=1094 width=121)
	        Sort Key: c
	        ->  Bitmap Heap Scan on sbtest6  (cost=27.65..4219.58 rows=1094 width=121)
	              Recheck Cond: ((id >= 2962349) AND (id <= 2963348))
	              ->  Bitmap Index Scan on sbtest6_pkey  (cost=0.00..27.37 rows=1094 width=0)
	                    Index Cond: ((id >= 2962349) AND (id <= 2963348))

table 7 : explain SELECT DISTINCT c FROM sbtest7 WHERE id BETWEEN 2352285 AND 2353284 ORDER BY c
	Unique  (cost=3770.20..3775.01 rows=963 width=121)
	  ->  Sort  (cost=3770.20..3772.60 rows=963 width=121)
	        Sort Key: c
	        ->  Bitmap Heap Scan on sbtest7  (cost=22.31..3722.47 rows=963 width=121)
	              Recheck Cond: ((id >= 2352285) AND (id <= 2353284))
	              ->  Bitmap Index Scan on sbtest7_pkey  (cost=0.00..22.07 rows=963 width=0)
	                    Index Cond: ((id >= 2352285) AND (id <= 2353284))

table 8 : explain SELECT DISTINCT c FROM sbtest8 WHERE id BETWEEN 2065350 AND 2066349 ORDER BY c
	Unique  (cost=3651.47..3656.13 rows=932 width=121)
	  ->  Sort  (cost=3651.47..3653.80 rows=932 width=121)
	        Sort Key: c
	        ->  Bitmap Heap Scan on sbtest8  (cost=21.99..3605.50 rows=932 width=121)
	              Recheck Cond: ((id >= 2065350) AND (id <= 2066349))
	              ->  Bitmap Index Scan on sbtest8_pkey  (cost=0.00..21.75 rows=932 width=0)
	                    Index Cond: ((id >= 2065350) AND (id <= 2066349))

for point_selects
table 1 : explain SELECT c FROM sbtest1 WHERE id=8061718
	Index Scan using sbtest1_pkey on sbtest1  (cost=0.43..8.45 rows=1 width=121)
	  Index Cond: (id = 8061718)

table 2 : explain SELECT c FROM sbtest2 WHERE id=3868496
	Index Scan using sbtest2_pkey on sbtest2  (cost=0.43..8.45 rows=1 width=121)
	  Index Cond: (id = 3868496)

table 3 : explain SELECT c FROM sbtest3 WHERE id=8996893
	Index Scan using sbtest3_pkey on sbtest3  (cost=0.43..8.45 rows=1 width=121)
	  Index Cond: (id = 8996893)

table 4 : explain SELECT c FROM sbtest4 WHERE id=4604273
	Index Scan using sbtest4_pkey on sbtest4  (cost=0.43..8.45 rows=1 width=121)
	  Index Cond: (id = 4604273)

table 5 : explain SELECT c FROM sbtest5 WHERE id=1975375
	Index Scan using sbtest5_pkey on sbtest5  (cost=0.43..8.45 rows=1 width=121)
	  Index Cond: (id = 1975375)

table 6 : explain SELECT c FROM sbtest6 WHERE id=8313849
	Index Scan using sbtest6_pkey on sbtest6  (cost=0.43..8.45 rows=1 width=121)
	  Index Cond: (id = 8313849)

table 7 : explain SELECT c FROM sbtest7 WHERE id=5271460
	Index Scan using sbtest7_pkey on sbtest7  (cost=0.43..8.45 rows=1 width=121)
	  Index Cond: (id = 5271460)

table 8 : explain SELECT c FROM sbtest8 WHERE id=6269185
	Index Scan using sbtest8_pkey on sbtest8  (cost=0.43..8.45 rows=1 width=121)
	  Index Cond: (id = 6269185)

for point_selects
table 1 : explain SELECT c FROM sbtest1 WHERE id=3965315
	Index Scan using sbtest1_pkey on sbtest1  (cost=0.43..8.45 rows=1 width=121)
	  Index Cond: (id = 3965315)

table 2 : explain SELECT c FROM sbtest2 WHERE id=733450
	Index Scan using sbtest2_pkey on sbtest2  (cost=0.43..8.45 rows=1 width=121)
	  Index Cond: (id = 733450)

table 3 : explain SELECT c FROM sbtest3 WHERE id=7298326
	Index Scan using sbtest3_pkey on sbtest3  (cost=0.43..8.45 rows=1 width=121)
	  Index Cond: (id = 7298326)

table 4 : explain SELECT c FROM sbtest4 WHERE id=9274684
	Index Scan using sbtest4_pkey on sbtest4  (cost=0.43..8.45 rows=1 width=121)
	  Index Cond: (id = 9274684)

table 5 : explain SELECT c FROM sbtest5 WHERE id=2309827
	Index Scan using sbtest5_pkey on sbtest5  (cost=0.43..8.45 rows=1 width=121)
	  Index Cond: (id = 2309827)

table 6 : explain SELECT c FROM sbtest6 WHERE id=9432776
	Index Scan using sbtest6_pkey on sbtest6  (cost=0.43..8.45 rows=1 width=121)
	  Index Cond: (id = 9432776)

table 7 : explain SELECT c FROM sbtest7 WHERE id=5729404
	Index Scan using sbtest7_pkey on sbtest7  (cost=0.43..8.45 rows=1 width=121)
	  Index Cond: (id = 5729404)

table 8 : explain SELECT c FROM sbtest8 WHERE id=2532933
	Index Scan using sbtest8_pkey on sbtest8  (cost=0.43..8.45 rows=1 width=121)
	  Index Cond: (id = 2532933)

for point_selects
table 1 : explain SELECT c FROM sbtest1 WHERE id=5755746
	Index Scan using sbtest1_pkey on sbtest1  (cost=0.43..8.45 rows=1 width=121)
	  Index Cond: (id = 5755746)

table 2 : explain SELECT c FROM sbtest2 WHERE id=2889167
	Index Scan using sbtest2_pkey on sbtest2  (cost=0.43..8.45 rows=1 width=121)
	  Index Cond: (id = 2889167)

table 3 : explain SELECT c FROM sbtest3 WHERE id=9324126
	Index Scan using sbtest3_pkey on sbtest3  (cost=0.43..8.45 rows=1 width=121)
	  Index Cond: (id = 9324126)

table 4 : explain SELECT c FROM sbtest4 WHERE id=7466369
	Index Scan using sbtest4_pkey on sbtest4  (cost=0.43..8.45 rows=1 width=121)
	  Index Cond: (id = 7466369)

table 5 : explain SELECT c FROM sbtest5 WHERE id=227397
	Index Scan using sbtest5_pkey on sbtest5  (cost=0.43..8.45 rows=1 width=121)
	  Index Cond: (id = 227397)

table 6 : explain SELECT c FROM sbtest6 WHERE id=3022438
	Index Scan using sbtest6_pkey on sbtest6  (cost=0.43..8.45 rows=1 width=121)
	  Index Cond: (id = 3022438)

table 7 : explain SELECT c FROM sbtest7 WHERE id=2367628
	Index Scan using sbtest7_pkey on sbtest7  (cost=0.43..8.45 rows=1 width=121)
	  Index Cond: (id = 2367628)

table 8 : explain SELECT c FROM sbtest8 WHERE id=8811568
	Index Scan using sbtest8_pkey on sbtest8  (cost=0.43..8.45 rows=1 width=121)
	  Index Cond: (id = 8811568)

for: simple_ranges
table 1 : explain SELECT c FROM sbtest1 WHERE id BETWEEN 276805 AND 277804
	Bitmap Heap Scan on sbtest1  (cost=23.59..4186.15 rows=1088 width=121)
	  Recheck Cond: ((id >= 276805) AND (id <= 277804))
	  ->  Bitmap Index Scan on sbtest1_pkey  (cost=0.00..23.32 rows=1088 width=0)
	        Index Cond: ((id >= 276805) AND (id <= 277804))

table 2 : explain SELECT c FROM sbtest2 WHERE id BETWEEN 8601307 AND 8602306
	Bitmap Heap Scan on sbtest2  (cost=22.08..3637.87 rows=941 width=121)
	  Recheck Cond: ((id >= 8601307) AND (id <= 8602306))
	  ->  Bitmap Index Scan on sbtest2_pkey  (cost=0.00..21.84 rows=941 width=0)
	        Index Cond: ((id >= 8601307) AND (id <= 8602306))

table 3 : explain SELECT c FROM sbtest3 WHERE id BETWEEN 7301345 AND 7302344
	Bitmap Heap Scan on sbtest3  (cost=22.64..3845.30 rows=996 width=121)
	  Recheck Cond: ((id >= 7301345) AND (id <= 7302344))
	  ->  Bitmap Index Scan on sbtest3_pkey  (cost=0.00..22.39 rows=996 width=0)
	        Index Cond: ((id >= 7301345) AND (id <= 7302344))

table 4 : explain SELECT c FROM sbtest4 WHERE id BETWEEN 6679568 AND 6680567
	Bitmap Heap Scan on sbtest4  (cost=23.40..4124.48 rows=1070 width=121)
	  Recheck Cond: ((id >= 6679568) AND (id <= 6680567))
	  ->  Bitmap Index Scan on sbtest4_pkey  (cost=0.00..23.14 rows=1070 width=0)
	        Index Cond: ((id >= 6679568) AND (id <= 6680567))

table 5 : explain SELECT c FROM sbtest5 WHERE id BETWEEN 866796 AND 867795
	Bitmap Heap Scan on sbtest5  (cost=23.04..3993.04 rows=1035 width=121)
	  Recheck Cond: ((id >= 866796) AND (id <= 867795))
	  ->  Bitmap Index Scan on sbtest5_pkey  (cost=0.00..22.79 rows=1035 width=0)
	        Index Cond: ((id >= 866796) AND (id <= 867795))

table 6 : explain SELECT c FROM sbtest6 WHERE id BETWEEN 4501381 AND 4502380
	Bitmap Heap Scan on sbtest6  (cost=22.57..3820.55 rows=989 width=121)
	  Recheck Cond: ((id >= 4501381) AND (id <= 4502380))
	  ->  Bitmap Index Scan on sbtest6_pkey  (cost=0.00..22.32 rows=989 width=0)
	        Index Cond: ((id >= 4501381) AND (id <= 4502380))

table 7 : explain SELECT c FROM sbtest7 WHERE id BETWEEN 4670336 AND 4671335
	Bitmap Heap Scan on sbtest7  (cost=22.72..3873.26 rows=1003 width=121)
	  Recheck Cond: ((id >= 4670336) AND (id <= 4671335))
	  ->  Bitmap Index Scan on sbtest7_pkey  (cost=0.00..22.46 rows=1003 width=0)
	        Index Cond: ((id >= 4670336) AND (id <= 4671335))

table 8 : explain SELECT c FROM sbtest8 WHERE id BETWEEN 8071407 AND 8072406
	Bitmap Heap Scan on sbtest8  (cost=22.44..3771.54 rows=976 width=121)
	  Recheck Cond: ((id >= 8071407) AND (id <= 8072406))
	  ->  Bitmap Index Scan on sbtest8_pkey  (cost=0.00..22.19 rows=976 width=0)
	        Index Cond: ((id >= 8071407) AND (id <= 8072406))

for: simple_ranges
table 1 : explain SELECT c FROM sbtest1 WHERE id BETWEEN 5062394 AND 5063393
	Bitmap Heap Scan on sbtest1  (cost=23.22..4054.72 rows=1052 width=121)
	  Recheck Cond: ((id >= 5062394) AND (id <= 5063393))
	  ->  Bitmap Index Scan on sbtest1_pkey  (cost=0.00..22.95 rows=1052 width=0)
	        Index Cond: ((id >= 5062394) AND (id <= 5063393))

table 2 : explain SELECT c FROM sbtest2 WHERE id BETWEEN 1263840 AND 1264839
	Bitmap Heap Scan on sbtest2  (cost=23.19..4044.55 rows=1049 width=121)
	  Recheck Cond: ((id >= 1263840) AND (id <= 1264839))
	  ->  Bitmap Index Scan on sbtest2_pkey  (cost=0.00..22.93 rows=1049 width=0)
	        Index Cond: ((id >= 1263840) AND (id <= 1264839))

table 3 : explain SELECT c FROM sbtest3 WHERE id BETWEEN 6153075 AND 6154074
	Bitmap Heap Scan on sbtest3  (cost=22.31..3720.97 rows=963 width=121)
	  Recheck Cond: ((id >= 6153075) AND (id <= 6154074))
	  ->  Bitmap Index Scan on sbtest3_pkey  (cost=0.00..22.07 rows=963 width=0)
	        Index Cond: ((id >= 6153075) AND (id <= 6154074))

table 4 : explain SELECT c FROM sbtest4 WHERE id BETWEEN 5084065 AND 5085064
	Bitmap Heap Scan on sbtest4  (cost=22.85..3921.41 rows=1016 width=121)
	  Recheck Cond: ((id >= 5084065) AND (id <= 5085064))
	  ->  Bitmap Index Scan on sbtest4_pkey  (cost=0.00..22.59 rows=1016 width=0)
	        Index Cond: ((id >= 5084065) AND (id <= 5085064))

table 5 : explain SELECT c FROM sbtest5 WHERE id BETWEEN 784049 AND 785048
	Bitmap Heap Scan on sbtest5  (cost=22.81..3906.49 rows=1012 width=121)
	  Recheck Cond: ((id >= 784049) AND (id <= 785048))
	  ->  Bitmap Index Scan on sbtest5_pkey  (cost=0.00..22.55 rows=1012 width=0)
	        Index Cond: ((id >= 784049) AND (id <= 785048))

table 6 : explain SELECT c FROM sbtest6 WHERE id BETWEEN 9736227 AND 9737226
	Bitmap Heap Scan on sbtest6  (cost=22.33..3730.06 rows=965 width=121)
	  Recheck Cond: ((id >= 9736227) AND (id <= 9737226))
	  ->  Bitmap Index Scan on sbtest6_pkey  (cost=0.00..22.08 rows=965 width=0)
	        Index Cond: ((id >= 9736227) AND (id <= 9737226))

table 7 : explain SELECT c FROM sbtest7 WHERE id BETWEEN 4905760 AND 4906759
	Bitmap Heap Scan on sbtest7  (cost=21.99..3605.47 rows=932 width=121)
	  Recheck Cond: ((id >= 4905760) AND (id <= 4906759))
	  ->  Bitmap Index Scan on sbtest7_pkey  (cost=0.00..21.75 rows=932 width=0)
	        Index Cond: ((id >= 4905760) AND (id <= 4906759))

table 8 : explain SELECT c FROM sbtest8 WHERE id BETWEEN 9944783 AND 9945782
	Bitmap Heap Scan on sbtest8  (cost=23.08..4008.83 rows=1039 width=121)
	  Recheck Cond: ((id >= 9944783) AND (id <= 9945782))
	  ->  Bitmap Index Scan on sbtest8_pkey  (cost=0.00..22.82 rows=1039 width=0)
	        Index Cond: ((id >= 9944783) AND (id <= 9945782))

for: simple_ranges
table 1 : explain SELECT c FROM sbtest1 WHERE id BETWEEN 1126188 AND 1127187
	Bitmap Heap Scan on sbtest1  (cost=21.73..3508.65 rows=907 width=121)
	  Recheck Cond: ((id >= 1126188) AND (id <= 1127187))
	  ->  Bitmap Index Scan on sbtest1_pkey  (cost=0.00..21.50 rows=907 width=0)
	        Index Cond: ((id >= 1126188) AND (id <= 1127187))

table 2 : explain SELECT c FROM sbtest2 WHERE id BETWEEN 387040 AND 388039
	Bitmap Heap Scan on sbtest2  (cost=22.80..3901.63 rows=1011 width=121)
	  Recheck Cond: ((id >= 387040) AND (id <= 388039))
	  ->  Bitmap Index Scan on sbtest2_pkey  (cost=0.00..22.54 rows=1011 width=0)
	        Index Cond: ((id >= 387040) AND (id <= 388039))

table 3 : explain SELECT c FROM sbtest3 WHERE id BETWEEN 9607780 AND 9608779
	Bitmap Heap Scan on sbtest3  (cost=22.99..3973.26 rows=1030 width=121)
	  Recheck Cond: ((id >= 9607780) AND (id <= 9608779))
	  ->  Bitmap Index Scan on sbtest3_pkey  (cost=0.00..22.73 rows=1030 width=0)
	        Index Cond: ((id >= 9607780) AND (id <= 9608779))

table 4 : explain SELECT c FROM sbtest4 WHERE id BETWEEN 3081185 AND 3082184
	Bitmap Heap Scan on sbtest4  (cost=27.76..4256.18 rows=1105 width=121)
	  Recheck Cond: ((id >= 3081185) AND (id <= 3082184))
	  ->  Bitmap Index Scan on sbtest4_pkey  (cost=0.00..27.48 rows=1105 width=0)
	        Index Cond: ((id >= 3081185) AND (id <= 3082184))

table 5 : explain SELECT c FROM sbtest5 WHERE id BETWEEN 5736845 AND 5737844
	Bitmap Heap Scan on sbtest5  (cost=21.69..3495.34 rows=903 width=121)
	  Recheck Cond: ((id >= 5736845) AND (id <= 5737844))
	  ->  Bitmap Index Scan on sbtest5_pkey  (cost=0.00..21.46 rows=903 width=0)
	        Index Cond: ((id >= 5736845) AND (id <= 5737844))

table 6 : explain SELECT c FROM sbtest6 WHERE id BETWEEN 564304 AND 565303
	Bitmap Heap Scan on sbtest6  (cost=22.43..3767.77 rows=975 width=121)
	  Recheck Cond: ((id >= 564304) AND (id <= 565303))
	  ->  Bitmap Index Scan on sbtest6_pkey  (cost=0.00..22.18 rows=975 width=0)
	        Index Cond: ((id >= 564304) AND (id <= 565303))

table 7 : explain SELECT c FROM sbtest7 WHERE id BETWEEN 766870 AND 767869
	Bitmap Heap Scan on sbtest7  (cost=22.51..3797.89 rows=983 width=121)
	  Recheck Cond: ((id >= 766870) AND (id <= 767869))
	  ->  Bitmap Index Scan on sbtest7_pkey  (cost=0.00..22.26 rows=983 width=0)
	        Index Cond: ((id >= 766870) AND (id <= 767869))

table 8 : explain SELECT c FROM sbtest8 WHERE id BETWEEN 9266506 AND 9267505
	Bitmap Heap Scan on sbtest8  (cost=22.13..3658.36 rows=946 width=121)
	  Recheck Cond: ((id >= 9266506) AND (id <= 9267505))
	  ->  Bitmap Index Scan on sbtest8_pkey  (cost=0.00..21.89 rows=946 width=0)
	        Index Cond: ((id >= 9266506) AND (id <= 9267505))

for: order_ranges
table 1 : explain SELECT c FROM sbtest1 WHERE id BETWEEN 602916 AND 603915 ORDER BY c
	Sort  (cost=3702.56..3704.92 rows=946 width=121)
	  Sort Key: c
	  ->  Bitmap Heap Scan on sbtest1  (cost=22.13..3655.80 rows=946 width=121)
	        Recheck Cond: ((id >= 602916) AND (id <= 603915))
	        ->  Bitmap Index Scan on sbtest1_pkey  (cost=0.00..21.89 rows=946 width=0)
	              Index Cond: ((id >= 602916) AND (id <= 603915))

table 2 : explain SELECT c FROM sbtest2 WHERE id BETWEEN 7532090 AND 7533089 ORDER BY c
	Sort  (cost=4310.96..4313.72 rows=1105 width=121)
	  Sort Key: c
	  ->  Bitmap Heap Scan on sbtest2  (cost=27.76..4255.10 rows=1105 width=121)
	        Recheck Cond: ((id >= 7532090) AND (id <= 7533089))
	        ->  Bitmap Index Scan on sbtest2_pkey  (cost=0.00..27.48 rows=1105 width=0)
	              Index Cond: ((id >= 7532090) AND (id <= 7533089))

table 3 : explain SELECT c FROM sbtest3 WHERE id BETWEEN 9731387 AND 9732386 ORDER BY c
	Sort  (cost=3906.37..3908.87 rows=999 width=121)
	  Sort Key: c
	  ->  Bitmap Heap Scan on sbtest3  (cost=22.67..3856.60 rows=999 width=121)
	        Recheck Cond: ((id >= 9731387) AND (id <= 9732386))
	        ->  Bitmap Index Scan on sbtest3_pkey  (cost=0.00..22.43 rows=999 width=0)
	              Index Cond: ((id >= 9731387) AND (id <= 9732386))

table 4 : explain SELECT c FROM sbtest4 WHERE id BETWEEN 1249628 AND 1250627 ORDER BY c
	Sort  (cost=3528.04..3530.29 rows=900 width=121)
	  Sort Key: c
	  ->  Bitmap Heap Scan on sbtest4  (cost=21.66..3483.88 rows=900 width=121)
	        Recheck Cond: ((id >= 1249628) AND (id <= 1250627))
	        ->  Bitmap Index Scan on sbtest4_pkey  (cost=0.00..21.43 rows=900 width=0)
	              Index Cond: ((id >= 1249628) AND (id <= 1250627))

table 5 : explain SELECT c FROM sbtest5 WHERE id BETWEEN 3350889 AND 3351888 ORDER BY c
	Sort  (cost=3413.02..3415.20 rows=870 width=121)
	  Sort Key: c
	  ->  Bitmap Heap Scan on sbtest5  (cost=21.35..3370.55 rows=870 width=121)
	        Recheck Cond: ((id >= 3350889) AND (id <= 3351888))
	        ->  Bitmap Index Scan on sbtest5_pkey  (cost=0.00..21.14 rows=870 width=0)
	              Index Cond: ((id >= 3350889) AND (id <= 3351888))

table 6 : explain SELECT c FROM sbtest6 WHERE id BETWEEN 2060340 AND 2061339 ORDER BY c
	Sort  (cost=3908.01..3910.50 rows=999 width=121)
	  Sort Key: c
	  ->  Bitmap Heap Scan on sbtest6  (cost=22.67..3858.23 rows=999 width=121)
	        Recheck Cond: ((id >= 2060340) AND (id <= 2061339))
	        ->  Bitmap Index Scan on sbtest6_pkey  (cost=0.00..22.43 rows=999 width=0)
	              Index Cond: ((id >= 2060340) AND (id <= 2061339))

table 7 : explain SELECT c FROM sbtest7 WHERE id BETWEEN 5221672 AND 5222671 ORDER BY c
	Sort  (cost=4625.16..4628.13 rows=1187 width=121)
	  Sort Key: c
	  ->  Bitmap Heap Scan on sbtest7  (cost=28.60..4564.55 rows=1187 width=121)
	        Recheck Cond: ((id >= 5221672) AND (id <= 5222671))
	        ->  Bitmap Index Scan on sbtest7_pkey  (cost=0.00..28.30 rows=1187 width=0)
	              Index Cond: ((id >= 5221672) AND (id <= 5222671))

table 8 : explain SELECT c FROM sbtest8 WHERE id BETWEEN 6628657 AND 6629656 ORDER BY c
	Sort  (cost=4232.84..4235.55 rows=1083 width=121)
	  Sort Key: c
	  ->  Bitmap Heap Scan on sbtest8  (cost=27.54..4178.25 rows=1083 width=121)
	        Recheck Cond: ((id >= 6628657) AND (id <= 6629656))
	        ->  Bitmap Index Scan on sbtest8_pkey  (cost=0.00..27.26 rows=1083 width=0)
	              Index Cond: ((id >= 6628657) AND (id <= 6629656))

for: order_ranges
table 1 : explain SELECT c FROM sbtest1 WHERE id BETWEEN 9837862 AND 9838861 ORDER BY c
	Sort  (cost=3721.69..3724.07 rows=951 width=121)
	  Sort Key: c
	  ->  Bitmap Heap Scan on sbtest1  (cost=22.18..3674.65 rows=951 width=121)
	        Recheck Cond: ((id >= 9837862) AND (id <= 9838861))
	        ->  Bitmap Index Scan on sbtest1_pkey  (cost=0.00..21.94 rows=951 width=0)
	              Index Cond: ((id >= 9837862) AND (id <= 9838861))

table 2 : explain SELECT c FROM sbtest2 WHERE id BETWEEN 9621587 AND 9622586 ORDER BY c
	Sort  (cost=4272.86..4275.59 rows=1095 width=121)
	  Sort Key: c
	  ->  Bitmap Heap Scan on sbtest2  (cost=27.66..4217.58 rows=1095 width=121)
	        Recheck Cond: ((id >= 9621587) AND (id <= 9622586))
	        ->  Bitmap Index Scan on sbtest2_pkey  (cost=0.00..27.39 rows=1095 width=0)
	              Index Cond: ((id >= 9621587) AND (id <= 9622586))

table 3 : explain SELECT c FROM sbtest3 WHERE id BETWEEN 1799257 AND 1800256 ORDER BY c
	Sort  (cost=3936.94..3939.46 rows=1007 width=121)
	  Sort Key: c
	  ->  Bitmap Heap Scan on sbtest3  (cost=22.76..3886.72 rows=1007 width=121)
	        Recheck Cond: ((id >= 1799257) AND (id <= 1800256))
	        ->  Bitmap Index Scan on sbtest3_pkey  (cost=0.00..22.50 rows=1007 width=0)
	              Index Cond: ((id >= 1799257) AND (id <= 1800256))

table 4 : explain SELECT c FROM sbtest4 WHERE id BETWEEN 7703643 AND 7704642 ORDER BY c
	Sort  (cost=3868.93..3871.40 rows=989 width=121)
	  Sort Key: c
	  ->  Bitmap Heap Scan on sbtest4  (cost=22.57..3819.73 rows=989 width=121)
	        Recheck Cond: ((id >= 7703643) AND (id <= 7704642))
	        ->  Bitmap Index Scan on sbtest4_pkey  (cost=0.00..22.32 rows=989 width=0)
	              Index Cond: ((id >= 7703643) AND (id <= 7704642))

table 5 : explain SELECT c FROM sbtest5 WHERE id BETWEEN 6442803 AND 6443802 ORDER BY c
	Sort  (cost=3838.46..3840.91 rows=981 width=121)
	  Sort Key: c
	  ->  Bitmap Heap Scan on sbtest5  (cost=22.49..3789.71 rows=981 width=121)
	        Recheck Cond: ((id >= 6442803) AND (id <= 6443802))
	        ->  Bitmap Index Scan on sbtest5_pkey  (cost=0.00..22.25 rows=981 width=0)
	              Index Cond: ((id >= 6442803) AND (id <= 6443802))

table 6 : explain SELECT c FROM sbtest6 WHERE id BETWEEN 5595625 AND 5596624 ORDER BY c
	Sort  (cost=4362.56..4365.36 rows=1118 width=121)
	  Sort Key: c
	  ->  Bitmap Heap Scan on sbtest6  (cost=27.89..4305.95 rows=1118 width=121)
	        Recheck Cond: ((id >= 5595625) AND (id <= 5596624))
	        ->  Bitmap Index Scan on sbtest6_pkey  (cost=0.00..27.61 rows=1118 width=0)
	              Index Cond: ((id >= 5595625) AND (id <= 5596624))

table 7 : explain SELECT c FROM sbtest7 WHERE id BETWEEN 9054212 AND 9055211 ORDER BY c
	Sort  (cost=4267.12..4269.85 rows=1092 width=121)
	  Sort Key: c
	  ->  Bitmap Heap Scan on sbtest7  (cost=27.63..4212.02 rows=1092 width=121)
	        Recheck Cond: ((id >= 9054212) AND (id <= 9055211))
	        ->  Bitmap Index Scan on sbtest7_pkey  (cost=0.00..27.36 rows=1092 width=0)
	              Index Cond: ((id >= 9054212) AND (id <= 9055211))

table 8 : explain SELECT c FROM sbtest8 WHERE id BETWEEN 4857936 AND 4858935 ORDER BY c
	Sort  (cost=3999.75..4002.31 rows=1023 width=121)
	  Sort Key: c
	  ->  Bitmap Heap Scan on sbtest8  (cost=22.92..3948.61 rows=1023 width=121)
	        Recheck Cond: ((id >= 4857936) AND (id <= 4858935))
	        ->  Bitmap Index Scan on sbtest8_pkey  (cost=0.00..22.66 rows=1023 width=0)
	              Index Cond: ((id >= 4857936) AND (id <= 4858935))

for: sum_ranges
table 1 : explain SELECT SUM(k) FROM sbtest1 WHERE id BETWEEN 4251092 AND 4252091
	Aggregate  (cost=3955.81..3955.82 rows=1 width=8)
	  ->  Bitmap Heap Scan on sbtest1  (cost=22.94..3953.25 rows=1025 width=4)
	        Recheck Cond: ((id >= 4251092) AND (id <= 4252091))
	        ->  Bitmap Index Scan on sbtest1_pkey  (cost=0.00..22.68 rows=1025 width=0)
	              Index Cond: ((id >= 4251092) AND (id <= 4252091))

table 2 : explain SELECT SUM(k) FROM sbtest2 WHERE id BETWEEN 7438137 AND 7439136
	Aggregate  (cost=3956.87..3956.88 rows=1 width=8)
	  ->  Bitmap Heap Scan on sbtest2  (cost=22.94..3954.31 rows=1025 width=4)
	        Recheck Cond: ((id >= 7438137) AND (id <= 7439136))
	        ->  Bitmap Index Scan on sbtest2_pkey  (cost=0.00..22.68 rows=1025 width=0)
	              Index Cond: ((id >= 7438137) AND (id <= 7439136))

table 3 : explain SELECT SUM(k) FROM sbtest3 WHERE id BETWEEN 6702434 AND 6703433
	Aggregate  (cost=4017.22..4017.23 rows=1 width=8)
	  ->  Bitmap Heap Scan on sbtest3  (cost=23.11..4014.62 rows=1041 width=4)
	        Recheck Cond: ((id >= 6702434) AND (id <= 6703433))
	        ->  Bitmap Index Scan on sbtest3_pkey  (cost=0.00..22.84 rows=1041 width=0)
	              Index Cond: ((id >= 6702434) AND (id <= 6703433))

table 4 : explain SELECT SUM(k) FROM sbtest4 WHERE id BETWEEN 3254211 AND 3255210
	Aggregate  (cost=3478.57..3478.58 rows=1 width=8)
	  ->  Bitmap Heap Scan on sbtest4  (cost=21.64..3476.32 rows=898 width=4)
	        Recheck Cond: ((id >= 3254211) AND (id <= 3255210))
	        ->  Bitmap Index Scan on sbtest4_pkey  (cost=0.00..21.41 rows=898 width=0)
	              Index Cond: ((id >= 3254211) AND (id <= 3255210))

table 5 : explain SELECT SUM(k) FROM sbtest5 WHERE id BETWEEN 3247248 AND 3248247
	Aggregate  (cost=3346.21..3346.22 rows=1 width=8)
	  ->  Bitmap Heap Scan on sbtest5  (cost=21.28..3344.06 rows=863 width=4)
	        Recheck Cond: ((id >= 3247248) AND (id <= 3248247))
	        ->  Bitmap Index Scan on sbtest5_pkey  (cost=0.00..21.07 rows=863 width=0)
	              Index Cond: ((id >= 3247248) AND (id <= 3248247))

table 6 : explain SELECT SUM(k) FROM sbtest6 WHERE id BETWEEN 6848893 AND 6849892
	Aggregate  (cost=4071.66..4071.67 rows=1 width=8)
	  ->  Bitmap Heap Scan on sbtest6  (cost=23.25..4069.02 rows=1055 width=4)
	        Recheck Cond: ((id >= 6848893) AND (id <= 6849892))
	        ->  Bitmap Index Scan on sbtest6_pkey  (cost=0.00..22.98 rows=1055 width=0)
	              Index Cond: ((id >= 6848893) AND (id <= 6849892))

table 7 : explain SELECT SUM(k) FROM sbtest7 WHERE id BETWEEN 7023887 AND 7024886
	Aggregate  (cost=4124.27..4124.28 rows=1 width=8)
	  ->  Bitmap Heap Scan on sbtest7  (cost=23.39..4121.60 rows=1069 width=4)
	        Recheck Cond: ((id >= 7023887) AND (id <= 7024886))
	        ->  Bitmap Index Scan on sbtest7_pkey  (cost=0.00..23.12 rows=1069 width=0)
	              Index Cond: ((id >= 7023887) AND (id <= 7024886))

table 8 : explain SELECT SUM(k) FROM sbtest8 WHERE id BETWEEN 8032775 AND 8033774
	Aggregate  (cost=4353.79..4353.80 rows=1 width=8)
	  ->  Bitmap Heap Scan on sbtest8  (cost=28.02..4350.97 rows=1130 width=4)
	        Recheck Cond: ((id >= 8032775) AND (id <= 8033774))
	        ->  Bitmap Index Scan on sbtest8_pkey  (cost=0.00..27.73 rows=1130 width=0)
	              Index Cond: ((id >= 8032775) AND (id <= 8033774))

for point_selects
table 1 : explain SELECT c FROM sbtest1 WHERE id=1444887
	Index Scan using sbtest1_pkey on sbtest1  (cost=0.43..8.45 rows=1 width=121)
	  Index Cond: (id = 1444887)

table 2 : explain SELECT c FROM sbtest2 WHERE id=649650
	Index Scan using sbtest2_pkey on sbtest2  (cost=0.43..8.45 rows=1 width=121)
	  Index Cond: (id = 649650)

table 3 : explain SELECT c FROM sbtest3 WHERE id=1443186
	Index Scan using sbtest3_pkey on sbtest3  (cost=0.43..8.45 rows=1 width=121)
	  Index Cond: (id = 1443186)

table 4 : explain SELECT c FROM sbtest4 WHERE id=3646242
	Index Scan using sbtest4_pkey on sbtest4  (cost=0.43..8.45 rows=1 width=121)
	  Index Cond: (id = 3646242)

table 5 : explain SELECT c FROM sbtest5 WHERE id=3810887
	Index Scan using sbtest5_pkey on sbtest5  (cost=0.43..8.45 rows=1 width=121)
	  Index Cond: (id = 3810887)

table 6 : explain SELECT c FROM sbtest6 WHERE id=1858446
	Index Scan using sbtest6_pkey on sbtest6  (cost=0.43..8.45 rows=1 width=121)
	  Index Cond: (id = 1858446)

table 7 : explain SELECT c FROM sbtest7 WHERE id=3963834
	Index Scan using sbtest7_pkey on sbtest7  (cost=0.43..8.45 rows=1 width=121)
	  Index Cond: (id = 3963834)

table 8 : explain SELECT c FROM sbtest8 WHERE id=4172209
	Index Scan using sbtest8_pkey on sbtest8  (cost=0.43..8.45 rows=1 width=121)
	  Index Cond: (id = 4172209)

for: sum_ranges
table 1 : explain SELECT SUM(k) FROM sbtest1 WHERE id BETWEEN 5563751 AND 5564750
	Aggregate  (cost=3699.66..3699.67 rows=1 width=8)
	  ->  Bitmap Heap Scan on sbtest1  (cost=22.24..3697.27 rows=957 width=4)
	        Recheck Cond: ((id >= 5563751) AND (id <= 5564750))
	        ->  Bitmap Index Scan on sbtest1_pkey  (cost=0.00..22.00 rows=957 width=0)
	              Index Cond: ((id >= 5563751) AND (id <= 5564750))

table 2 : explain SELECT SUM(k) FROM sbtest2 WHERE id BETWEEN 5675666 AND 5676665
	Aggregate  (cost=3757.19..3757.20 rows=1 width=8)
	  ->  Bitmap Heap Scan on sbtest2  (cost=22.40..3754.76 rows=972 width=4)
	        Recheck Cond: ((id >= 5675666) AND (id <= 5676665))
	        ->  Bitmap Index Scan on sbtest2_pkey  (cost=0.00..22.15 rows=972 width=0)
	              Index Cond: ((id >= 5675666) AND (id <= 5676665))

table 3 : explain SELECT SUM(k) FROM sbtest3 WHERE id BETWEEN 6101598 AND 6102597
	Aggregate  (cost=3987.12..3987.13 rows=1 width=8)
	  ->  Bitmap Heap Scan on sbtest3  (cost=23.02..3984.54 rows=1033 width=4)
	        Recheck Cond: ((id >= 6101598) AND (id <= 6102597))
	        ->  Bitmap Index Scan on sbtest3_pkey  (cost=0.00..22.76 rows=1033 width=0)
	              Index Cond: ((id >= 6101598) AND (id <= 6102597))

table 4 : explain SELECT SUM(k) FROM sbtest4 WHERE id BETWEEN 6186042 AND 6187041
	Aggregate  (cost=3818.43..3818.44 rows=1 width=8)
	  ->  Bitmap Heap Scan on sbtest4  (cost=22.56..3815.96 rows=988 width=4)
	        Recheck Cond: ((id >= 6186042) AND (id <= 6187041))
	        ->  Bitmap Index Scan on sbtest4_pkey  (cost=0.00..22.32 rows=988 width=0)
	              Index Cond: ((id >= 6186042) AND (id <= 6187041))

table 5 : explain SELECT SUM(k) FROM sbtest5 WHERE id BETWEEN 5438180 AND 5439179
	Aggregate  (cost=3750.67..3750.68 rows=1 width=8)
	  ->  Bitmap Heap Scan on sbtest5  (cost=22.38..3748.25 rows=970 width=4)
	        Recheck Cond: ((id >= 5438180) AND (id <= 5439179))
	        ->  Bitmap Index Scan on sbtest5_pkey  (cost=0.00..22.14 rows=970 width=0)
	              Index Cond: ((id >= 5438180) AND (id <= 5439179))

table 6 : explain SELECT SUM(k) FROM sbtest6 WHERE id BETWEEN 2054293 AND 2055292
	Aggregate  (cost=3860.73..3860.74 rows=1 width=8)
	  ->  Bitmap Heap Scan on sbtest6  (cost=22.67..3858.23 rows=999 width=4)
	        Recheck Cond: ((id >= 2054293) AND (id <= 2055292))
	        ->  Bitmap Index Scan on sbtest6_pkey  (cost=0.00..22.43 rows=999 width=0)
	              Index Cond: ((id >= 2054293) AND (id <= 2055292))

table 7 : explain SELECT SUM(k) FROM sbtest7 WHERE id BETWEEN 2391401 AND 2392400
	Aggregate  (cost=3724.88..3724.89 rows=1 width=8)
	  ->  Bitmap Heap Scan on sbtest7  (cost=22.31..3722.47 rows=963 width=4)
	        Recheck Cond: ((id >= 2391401) AND (id <= 2392400))
	        ->  Bitmap Index Scan on sbtest7_pkey  (cost=0.00..22.07 rows=963 width=0)
	              Index Cond: ((id >= 2391401) AND (id <= 2392400))

table 8 : explain SELECT SUM(k) FROM sbtest8 WHERE id BETWEEN 7782217 AND 7783216
	Aggregate  (cost=3924.80..3924.81 rows=1 width=8)
	  ->  Bitmap Heap Scan on sbtest8  (cost=22.85..3922.26 rows=1016 width=4)
	        Recheck Cond: ((id >= 7782217) AND (id <= 7783216))
	        ->  Bitmap Index Scan on sbtest8_pkey  (cost=0.00..22.59 rows=1016 width=0)
	              Index Cond: ((id >= 7782217) AND (id <= 7783216))

for: distinct_ranges
table 1 : explain SELECT DISTINCT c FROM sbtest1 WHERE id BETWEEN 3537772 AND 3538771 ORDER BY c
	Unique  (cost=3691.08..3695.79 rows=943 width=121)
	  ->  Sort  (cost=3691.08..3693.43 rows=943 width=121)
	        Sort Key: c
	        ->  Bitmap Heap Scan on sbtest1  (cost=22.10..3644.49 rows=943 width=121)
	              Recheck Cond: ((id >= 3537772) AND (id <= 3538771))
	              ->  Bitmap Index Scan on sbtest1_pkey  (cost=0.00..21.86 rows=943 width=0)
	                    Index Cond: ((id >= 3537772) AND (id <= 3538771))

table 2 : explain SELECT DISTINCT c FROM sbtest2 WHERE id BETWEEN 8060019 AND 8061018 ORDER BY c
	Unique  (cost=3829.77..3834.67 rows=979 width=121)
	  ->  Sort  (cost=3829.77..3832.22 rows=979 width=121)
	        Sort Key: c
	        ->  Bitmap Heap Scan on sbtest2  (cost=22.47..3781.14 rows=979 width=121)
	              Recheck Cond: ((id >= 8060019) AND (id <= 8061018))
	              ->  Bitmap Index Scan on sbtest2_pkey  (cost=0.00..22.22 rows=979 width=0)
	                    Index Cond: ((id >= 8060019) AND (id <= 8061018))

table 3 : explain SELECT DISTINCT c FROM sbtest3 WHERE id BETWEEN 9687843 AND 9688842 ORDER BY c
	Unique  (cost=4024.80..4029.95 rows=1030 width=121)
	  ->  Sort  (cost=4024.80..4027.37 rows=1030 width=121)
	        Sort Key: c
	        ->  Bitmap Heap Scan on sbtest3  (cost=22.99..3973.26 rows=1030 width=121)
	              Recheck Cond: ((id >= 9687843) AND (id <= 9688842))
	              ->  Bitmap Index Scan on sbtest3_pkey  (cost=0.00..22.73 rows=1030 width=0)
	                    Index Cond: ((id >= 9687843) AND (id <= 9688842))

table 4 : explain SELECT DISTINCT c FROM sbtest4 WHERE id BETWEEN 617420 AND 618419 ORDER BY c
	Unique  (cost=3888.05..3893.02 rows=994 width=121)
	  ->  Sort  (cost=3888.05..3890.54 rows=994 width=121)
	        Sort Key: c
	        ->  Bitmap Heap Scan on sbtest4  (cost=22.62..3838.56 rows=994 width=121)
	              Recheck Cond: ((id >= 617420) AND (id <= 618419))
	              ->  Bitmap Index Scan on sbtest4_pkey  (cost=0.00..22.37 rows=994 width=0)
	                    Index Cond: ((id >= 617420) AND (id <= 618419))

table 5 : explain SELECT DISTINCT c FROM sbtest5 WHERE id BETWEEN 9249858 AND 9250857 ORDER BY c
	Unique  (cost=3631.69..3636.32 rows=927 width=121)
	  ->  Sort  (cost=3631.69..3634.00 rows=927 width=121)
	        Sort Key: c
	        ->  Bitmap Heap Scan on sbtest5  (cost=21.94..3586.00 rows=927 width=121)
	              Recheck Cond: ((id >= 9249858) AND (id <= 9250857))
	              ->  Bitmap Index Scan on sbtest5_pkey  (cost=0.00..21.70 rows=927 width=0)
	                    Index Cond: ((id >= 9249858) AND (id <= 9250857))

table 6 : explain SELECT DISTINCT c FROM sbtest6 WHERE id BETWEEN 594142 AND 595141 ORDER BY c
	Unique  (cost=3816.18..3821.05 rows=975 width=121)
	  ->  Sort  (cost=3816.18..3818.62 rows=975 width=121)
	        Sort Key: c
	        ->  Bitmap Heap Scan on sbtest6  (cost=22.43..3767.77 rows=975 width=121)
	              Recheck Cond: ((id >= 594142) AND (id <= 595141))
	              ->  Bitmap Index Scan on sbtest6_pkey  (cost=0.00..22.18 rows=975 width=0)
	                    Index Cond: ((id >= 594142) AND (id <= 595141))

table 7 : explain SELECT DISTINCT c FROM sbtest7 WHERE id BETWEEN 3155629 AND 3156628 ORDER BY c
	Unique  (cost=3927.08..3932.10 rows=1004 width=121)
	  ->  Sort  (cost=3927.08..3929.59 rows=1004 width=121)
	        Sort Key: c
	        ->  Bitmap Heap Scan on sbtest7  (cost=22.73..3877.02 rows=1004 width=121)
	              Recheck Cond: ((id >= 3155629) AND (id <= 3156628))
	              ->  Bitmap Index Scan on sbtest7_pkey  (cost=0.00..22.47 rows=1004 width=0)
	                    Index Cond: ((id >= 3155629) AND (id <= 3156628))

table 8 : explain SELECT DISTINCT c FROM sbtest8 WHERE id BETWEEN 6599753 AND 6600752 ORDER BY c
	Unique  (cost=3988.29..3993.39 rows=1020 width=121)
	  ->  Sort  (cost=3988.29..3990.84 rows=1020 width=121)
	        Sort Key: c
	        ->  Bitmap Heap Scan on sbtest8  (cost=22.89..3937.32 rows=1020 width=121)
	              Recheck Cond: ((id >= 6599753) AND (id <= 6600752))
	              ->  Bitmap Index Scan on sbtest8_pkey  (cost=0.00..22.64 rows=1020 width=0)
	                    Index Cond: ((id >= 6599753) AND (id <= 6600752))

for: simple_ranges
table 1 : explain SELECT c FROM sbtest1 WHERE id BETWEEN 1511681 AND 1512680
	Bitmap Heap Scan on sbtest1  (cost=23.21..4050.97 rows=1051 width=121)
	  Recheck Cond: ((id >= 1511681) AND (id <= 1512680))
	  ->  Bitmap Index Scan on sbtest1_pkey  (cost=0.00..22.94 rows=1051 width=0)
	        Index Cond: ((id >= 1511681) AND (id <= 1512680))

table 2 : explain SELECT c FROM sbtest2 WHERE id BETWEEN 4459699 AND 4460698
	Bitmap Heap Scan on sbtest2  (cost=22.62..3837.64 rows=994 width=121)
	  Recheck Cond: ((id >= 4459699) AND (id <= 4460698))
	  ->  Bitmap Index Scan on sbtest2_pkey  (cost=0.00..22.37 rows=994 width=0)
	        Index Cond: ((id >= 4459699) AND (id <= 4460698))

table 3 : explain SELECT c FROM sbtest3 WHERE id BETWEEN 3244117 AND 3245116
	Bitmap Heap Scan on sbtest3  (cost=22.00..3607.81 rows=933 width=121)
	  Recheck Cond: ((id >= 3244117) AND (id <= 3245116))
	  ->  Bitmap Index Scan on sbtest3_pkey  (cost=0.00..21.76 rows=933 width=0)
	        Index Cond: ((id >= 3244117) AND (id <= 3245116))

table 4 : explain SELECT c FROM sbtest4 WHERE id BETWEEN 5709646 AND 5710645
	Bitmap Heap Scan on sbtest4  (cost=22.44..3770.74 rows=976 width=121)
	  Recheck Cond: ((id >= 5709646) AND (id <= 5710645))
	  ->  Bitmap Index Scan on sbtest4_pkey  (cost=0.00..22.19 rows=976 width=0)
	        Index Cond: ((id >= 5709646) AND (id <= 5710645))

table 5 : explain SELECT c FROM sbtest5 WHERE id BETWEEN 5372849 AND 5373848
	Bitmap Heap Scan on sbtest5  (cost=22.87..3929.07 rows=1018 width=121)
	  Recheck Cond: ((id >= 5372849) AND (id <= 5373848))
	  ->  Bitmap Index Scan on sbtest5_pkey  (cost=0.00..22.61 rows=1018 width=0)
	        Index Cond: ((id >= 5372849) AND (id <= 5373848))

table 6 : explain SELECT c FROM sbtest6 WHERE id BETWEEN 337923 AND 338922
	Bitmap Heap Scan on sbtest6  (cost=21.94..3586.63 rows=927 width=121)
	  Recheck Cond: ((id >= 337923) AND (id <= 338922))
	  ->  Bitmap Index Scan on sbtest6_pkey  (cost=0.00..21.70 rows=927 width=0)
	        Index Cond: ((id >= 337923) AND (id <= 338922))

table 7 : explain SELECT c FROM sbtest7 WHERE id BETWEEN 732482 AND 733481
	Bitmap Heap Scan on sbtest7  (cost=22.51..3797.89 rows=983 width=121)
	  Recheck Cond: ((id >= 732482) AND (id <= 733481))
	  ->  Bitmap Index Scan on sbtest7_pkey  (cost=0.00..22.26 rows=983 width=0)
	        Index Cond: ((id >= 732482) AND (id <= 733481))

table 8 : explain SELECT c FROM sbtest8 WHERE id BETWEEN 6688676 AND 6689675
	Bitmap Heap Scan on sbtest8  (cost=27.54..4178.25 rows=1083 width=121)
	  Recheck Cond: ((id >= 6688676) AND (id <= 6689675))
	  ->  Bitmap Index Scan on sbtest8_pkey  (cost=0.00..27.26 rows=1083 width=0)
	        Index Cond: ((id >= 6688676) AND (id <= 6689675))

for: distinct_ranges
table 1 : explain SELECT DISTINCT c FROM sbtest1 WHERE id BETWEEN 4291851 AND 4292850 ORDER BY c
	Unique  (cost=4019.78..4024.92 rows=1029 width=121)
	  ->  Sort  (cost=4019.78..4022.35 rows=1029 width=121)
	        Sort Key: c
	        ->  Bitmap Heap Scan on sbtest1  (cost=22.98..3968.29 rows=1029 width=121)
	              Recheck Cond: ((id >= 4291851) AND (id <= 4292850))
	              ->  Bitmap Index Scan on sbtest1_pkey  (cost=0.00..22.72 rows=1029 width=0)
	                    Index Cond: ((id >= 4291851) AND (id <= 4292850))

table 2 : explain SELECT DISTINCT c FROM sbtest2 WHERE id BETWEEN 1141391 AND 1142390 ORDER BY c
	Unique  (cost=4055.20..4060.39 rows=1038 width=121)
	  ->  Sort  (cost=4055.20..4057.79 rows=1038 width=121)
	        Sort Key: c
	        ->  Bitmap Heap Scan on sbtest2  (cost=23.07..4003.20 rows=1038 width=121)
	              Recheck Cond: ((id >= 1141391) AND (id <= 1142390))
	              ->  Bitmap Index Scan on sbtest2_pkey  (cost=0.00..22.82 rows=1038 width=0)
	                    Index Cond: ((id >= 1141391) AND (id <= 1142390))

table 3 : explain SELECT DISTINCT c FROM sbtest3 WHERE id BETWEEN 6404344 AND 6405343 ORDER BY c
	Unique  (cost=4127.85..4133.14 rows=1057 width=121)
	  ->  Sort  (cost=4127.85..4130.49 rows=1057 width=121)
	        Sort Key: c
	        ->  Bitmap Heap Scan on sbtest3  (cost=23.27..4074.76 rows=1057 width=121)
	              Recheck Cond: ((id >= 6404344) AND (id <= 6405343))
	              ->  Bitmap Index Scan on sbtest3_pkey  (cost=0.00..23.00 rows=1057 width=0)
	                    Index Cond: ((id >= 6404344) AND (id <= 6405343))

table 4 : explain SELECT DISTINCT c FROM sbtest4 WHERE id BETWEEN 9486010 AND 9487009 ORDER BY c
	Unique  (cost=3865.10..3870.04 rows=988 width=121)
	  ->  Sort  (cost=3865.10..3867.57 rows=988 width=121)
	        Sort Key: c
	        ->  Bitmap Heap Scan on sbtest4  (cost=22.56..3815.96 rows=988 width=121)
	              Recheck Cond: ((id >= 9486010) AND (id <= 9487009))
	              ->  Bitmap Index Scan on sbtest4_pkey  (cost=0.00..22.32 rows=988 width=0)
	                    Index Cond: ((id >= 9486010) AND (id <= 9487009))

table 5 : explain SELECT DISTINCT c FROM sbtest5 WHERE id BETWEEN 4430841 AND 4431840 ORDER BY c
	Unique  (cost=4098.33..4103.58 rows=1049 width=121)
	  ->  Sort  (cost=4098.33..4100.95 rows=1049 width=121)
	        Sort Key: c
	        ->  Bitmap Heap Scan on sbtest5  (cost=23.19..4045.70 rows=1049 width=121)
	              Recheck Cond: ((id >= 4430841) AND (id <= 4431840))
	              ->  Bitmap Index Scan on sbtest5_pkey  (cost=0.00..22.93 rows=1049 width=0)
	                    Index Cond: ((id >= 4430841) AND (id <= 4431840))

table 6 : explain SELECT DISTINCT c FROM sbtest6 WHERE id BETWEEN 7561571 AND 7562570 ORDER BY c
	Unique  (cost=3930.95..3935.98 rows=1005 width=121)
	  ->  Sort  (cost=3930.95..3933.46 rows=1005 width=121)
	        Sort Key: c
	        ->  Bitmap Heap Scan on sbtest6  (cost=22.74..3880.84 rows=1005 width=121)
	              Recheck Cond: ((id >= 7561571) AND (id <= 7562570))
	              ->  Bitmap Index Scan on sbtest6_pkey  (cost=0.00..22.48 rows=1005 width=0)
	                    Index Cond: ((id >= 7561571) AND (id <= 7562570))

table 7 : explain SELECT DISTINCT c FROM sbtest7 WHERE id BETWEEN 3628602 AND 3629601 ORDER BY c
	Unique  (cost=4110.49..4115.75 rows=1052 width=121)
	  ->  Sort  (cost=4110.49..4113.12 rows=1052 width=121)
	        Sort Key: c
	        ->  Bitmap Heap Scan on sbtest7  (cost=23.22..4057.69 rows=1052 width=121)
	              Recheck Cond: ((id >= 3628602) AND (id <= 3629601))
	              ->  Bitmap Index Scan on sbtest7_pkey  (cost=0.00..22.95 rows=1052 width=0)
	                    Index Cond: ((id >= 3628602) AND (id <= 3629601))

table 8 : explain SELECT DISTINCT c FROM sbtest8 WHERE id BETWEEN 9116957 AND 9117956 ORDER BY c
	Unique  (cost=3789.38..3794.22 rows=968 width=121)
	  ->  Sort  (cost=3789.38..3791.80 rows=968 width=121)
	        Sort Key: c
	        ->  Bitmap Heap Scan on sbtest8  (cost=22.36..3741.37 rows=968 width=121)
	              Recheck Cond: ((id >= 9116957) AND (id <= 9117956))
	              ->  Bitmap Index Scan on sbtest8_pkey  (cost=0.00..22.11 rows=968 width=0)
	                    Index Cond: ((id >= 9116957) AND (id <= 9117956))

for: distinct_ranges
table 1 : explain SELECT DISTINCT c FROM sbtest1 WHERE id BETWEEN 4911630 AND 4912629 ORDER BY c
	Unique  (cost=3729.35..3734.11 rows=953 width=121)
	  ->  Sort  (cost=3729.35..3731.73 rows=953 width=121)
	        Sort Key: c
	        ->  Bitmap Heap Scan on sbtest1  (cost=22.20..3682.19 rows=953 width=121)
	              Recheck Cond: ((id >= 4911630) AND (id <= 4912629))
	              ->  Bitmap Index Scan on sbtest1_pkey  (cost=0.00..21.96 rows=953 width=0)
	                    Index Cond: ((id >= 4911630) AND (id <= 4912629))

table 2 : explain SELECT DISTINCT c FROM sbtest2 WHERE id BETWEEN 4394174 AND 4395173 ORDER BY c
	Unique  (cost=3454.37..3458.77 rows=881 width=121)
	  ->  Sort  (cost=3454.37..3456.57 rows=881 width=121)
	        Sort Key: c
	        ->  Bitmap Heap Scan on sbtest2  (cost=21.47..3411.27 rows=881 width=121)
	              Recheck Cond: ((id >= 4394174) AND (id <= 4395173))
	              ->  Bitmap Index Scan on sbtest2_pkey  (cost=0.00..21.25 rows=881 width=0)
	                    Index Cond: ((id >= 4394174) AND (id <= 4395173))

table 3 : explain SELECT DISTINCT c FROM sbtest3 WHERE id BETWEEN 4735821 AND 4736820 ORDER BY c
	Unique  (cost=3810.78..3815.65 rows=974 width=121)
	  ->  Sort  (cost=3810.78..3813.21 rows=974 width=121)
	        Sort Key: c
	        ->  Bitmap Heap Scan on sbtest3  (cost=22.42..3762.43 rows=974 width=121)
	              Recheck Cond: ((id >= 4735821) AND (id <= 4736820))
	              ->  Bitmap Index Scan on sbtest3_pkey  (cost=0.00..22.18 rows=974 width=0)
	                    Index Cond: ((id >= 4735821) AND (id <= 4736820))

table 4 : explain SELECT DISTINCT c FROM sbtest4 WHERE id BETWEEN 4310782 AND 4311781 ORDER BY c
	Unique  (cost=3754.14..3758.93 rows=959 width=121)
	  ->  Sort  (cost=3754.14..3756.53 rows=959 width=121)
	        Sort Key: c
	        ->  Bitmap Heap Scan on sbtest4  (cost=22.26..3706.64 rows=959 width=121)
	              Recheck Cond: ((id >= 4310782) AND (id <= 4311781))
	              ->  Bitmap Index Scan on sbtest4_pkey  (cost=0.00..22.02 rows=959 width=0)
	                    Index Cond: ((id >= 4310782) AND (id <= 4311781))

table 5 : explain SELECT DISTINCT c FROM sbtest5 WHERE id BETWEEN 3244151 AND 3245150 ORDER BY c
	Unique  (cost=3386.14..3390.46 rows=863 width=121)
	  ->  Sort  (cost=3386.14..3388.30 rows=863 width=121)
	        Sort Key: c
	        ->  Bitmap Heap Scan on sbtest5  (cost=21.28..3344.06 rows=863 width=121)
	              Recheck Cond: ((id >= 3244151) AND (id <= 3245150))
	              ->  Bitmap Index Scan on sbtest5_pkey  (cost=0.00..21.07 rows=863 width=0)
	                    Index Cond: ((id >= 3244151) AND (id <= 3245150))

table 6 : explain SELECT DISTINCT c FROM sbtest6 WHERE id BETWEEN 4403978 AND 4404977 ORDER BY c
	Unique  (cost=3731.94..3736.71 rows=953 width=121)
	  ->  Sort  (cost=3731.94..3734.33 rows=953 width=121)
	        Sort Key: c
	        ->  Bitmap Heap Scan on sbtest6  (cost=22.20..3684.79 rows=953 width=121)
	              Recheck Cond: ((id >= 4403978) AND (id <= 4404977))
	              ->  Bitmap Index Scan on sbtest6_pkey  (cost=0.00..21.96 rows=953 width=0)
	                    Index Cond: ((id >= 4403978) AND (id <= 4404977))

table 7 : explain SELECT DISTINCT c FROM sbtest7 WHERE id BETWEEN 5809337 AND 5810336 ORDER BY c
	Unique  (cost=3708.92..3713.65 rows=947 width=121)
	  ->  Sort  (cost=3708.92..3711.28 rows=947 width=121)
	        Sort Key: c
	        ->  Bitmap Heap Scan on sbtest7  (cost=22.14..3662.10 rows=947 width=121)
	              Recheck Cond: ((id >= 5809337) AND (id <= 5810336))
	              ->  Bitmap Index Scan on sbtest7_pkey  (cost=0.00..21.90 rows=947 width=0)
	                    Index Cond: ((id >= 5809337) AND (id <= 5810336))

table 8 : explain SELECT DISTINCT c FROM sbtest8 WHERE id BETWEEN 7289860 AND 7290859 ORDER BY c
	Unique  (cost=3793.20..3798.05 rows=969 width=121)
	  ->  Sort  (cost=3793.20..3795.63 rows=969 width=121)
	        Sort Key: c
	        ->  Bitmap Heap Scan on sbtest8  (cost=22.37..3745.14 rows=969 width=121)
	              Recheck Cond: ((id >= 7289860) AND (id <= 7290859))
	              ->  Bitmap Index Scan on sbtest8_pkey  (cost=0.00..22.12 rows=969 width=0)
	                    Index Cond: ((id >= 7289860) AND (id <= 7290859))

for: distinct_ranges
table 1 : explain SELECT DISTINCT c FROM sbtest1 WHERE id BETWEEN 3782072 AND 3783071 ORDER BY c
	Unique  (cost=4183.78..4189.14 rows=1072 width=121)
	  ->  Sort  (cost=4183.78..4186.46 rows=1072 width=121)
	        Sort Key: c
	        ->  Bitmap Heap Scan on sbtest1  (cost=23.42..4129.83 rows=1072 width=121)
	              Recheck Cond: ((id >= 3782072) AND (id <= 3783071))
	              ->  Bitmap Index Scan on sbtest1_pkey  (cost=0.00..23.15 rows=1072 width=0)
	                    Index Cond: ((id >= 3782072) AND (id <= 3783071))

table 2 : explain SELECT DISTINCT c FROM sbtest2 WHERE id BETWEEN 2302555 AND 2303554 ORDER BY c
	Unique  (cost=4242.10..4247.53 rows=1087 width=121)
	  ->  Sort  (cost=4242.10..4244.81 rows=1087 width=121)
	        Sort Key: c
	        ->  Bitmap Heap Scan on sbtest2  (cost=23.58..4187.28 rows=1087 width=121)
	              Recheck Cond: ((id >= 2302555) AND (id <= 2303554))
	              ->  Bitmap Index Scan on sbtest2_pkey  (cost=0.00..23.30 rows=1087 width=0)
	                    Index Cond: ((id >= 2302555) AND (id <= 2303554))

table 3 : explain SELECT DISTINCT c FROM sbtest3 WHERE id BETWEEN 2539738 AND 2540737 ORDER BY c
	Unique  (cost=3998.07..4003.18 rows=1023 width=121)
	  ->  Sort  (cost=3998.07..4000.63 rows=1023 width=121)
	        Sort Key: c
	        ->  Bitmap Heap Scan on sbtest3  (cost=22.92..3946.93 rows=1023 width=121)
	              Recheck Cond: ((id >= 2539738) AND (id <= 2540737))
	              ->  Bitmap Index Scan on sbtest3_pkey  (cost=0.00..22.66 rows=1023 width=0)
	                    Index Cond: ((id >= 2539738) AND (id <= 2540737))

table 4 : explain SELECT DISTINCT c FROM sbtest4 WHERE id BETWEEN 8617189 AND 8618188 ORDER BY c
	Unique  (cost=4060.01..4065.20 rows=1039 width=121)
	  ->  Sort  (cost=4060.01..4062.60 rows=1039 width=121)
	        Sort Key: c
	        ->  Bitmap Heap Scan on sbtest4  (cost=23.08..4007.95 rows=1039 width=121)
	              Recheck Cond: ((id >= 8617189) AND (id <= 8618188))
	              ->  Bitmap Index Scan on sbtest4_pkey  (cost=0.00..22.82 rows=1039 width=0)
	                    Index Cond: ((id >= 8617189) AND (id <= 8618188))

table 5 : explain SELECT DISTINCT c FROM sbtest5 WHERE id BETWEEN 1454134 AND 1455133 ORDER BY c
	Unique  (cost=3781.06..3785.89 rows=966 width=121)
	  ->  Sort  (cost=3781.06..3783.47 rows=966 width=121)
	        Sort Key: c
	        ->  Bitmap Heap Scan on sbtest5  (cost=22.34..3733.17 rows=966 width=121)
	              Recheck Cond: ((id >= 1454134) AND (id <= 1455133))
	              ->  Bitmap Index Scan on sbtest5_pkey  (cost=0.00..22.09 rows=966 width=0)
	                    Index Cond: ((id >= 1454134) AND (id <= 1455133))

table 6 : explain SELECT DISTINCT c FROM sbtest6 WHERE id BETWEEN 4247204 AND 4248203 ORDER BY c
	Unique  (cost=3850.62..3855.54 rows=984 width=121)
	  ->  Sort  (cost=3850.62..3853.08 rows=984 width=121)
	        Sort Key: c
	        ->  Bitmap Heap Scan on sbtest6  (cost=22.52..3801.71 rows=984 width=121)
	              Recheck Cond: ((id >= 4247204) AND (id <= 4248203))
	              ->  Bitmap Index Scan on sbtest6_pkey  (cost=0.00..22.27 rows=984 width=0)
	                    Index Cond: ((id >= 4247204) AND (id <= 4248203))

table 7 : explain SELECT DISTINCT c FROM sbtest7 WHERE id BETWEEN 3150022 AND 3151021 ORDER BY c
	Unique  (cost=3927.08..3932.10 rows=1004 width=121)
	  ->  Sort  (cost=3927.08..3929.59 rows=1004 width=121)
	        Sort Key: c
	        ->  Bitmap Heap Scan on sbtest7  (cost=22.73..3877.02 rows=1004 width=121)
	              Recheck Cond: ((id >= 3150022) AND (id <= 3151021))
	              ->  Bitmap Index Scan on sbtest7_pkey  (cost=0.00..22.47 rows=1004 width=0)
	                    Index Cond: ((id >= 3150022) AND (id <= 3151021))

table 8 : explain SELECT DISTINCT c FROM sbtest8 WHERE id BETWEEN 8533918 AND 8534917 ORDER BY c
	Unique  (cost=4118.17..4123.44 rows=1054 width=121)
	  ->  Sort  (cost=4118.17..4120.80 rows=1054 width=121)
	        Sort Key: c
	        ->  Bitmap Heap Scan on sbtest8  (cost=23.24..4065.25 rows=1054 width=121)
	              Recheck Cond: ((id >= 8533918) AND (id <= 8534917))
	              ->  Bitmap Index Scan on sbtest8_pkey  (cost=0.00..22.97 rows=1054 width=0)
	                    Index Cond: ((id >= 8533918) AND (id <= 8534917))

for: sum_ranges
table 1 : explain SELECT SUM(k) FROM sbtest1 WHERE id BETWEEN 1289866 AND 1290865
	Aggregate  (cost=4301.70..4301.71 rows=1 width=8)
	  ->  Bitmap Heap Scan on sbtest1  (cost=27.88..4298.91 rows=1117 width=4)
	        Recheck Cond: ((id >= 1289866) AND (id <= 1290865))
	        ->  Bitmap Index Scan on sbtest1_pkey  (cost=0.00..27.61 rows=1117 width=0)
	              Index Cond: ((id >= 1289866) AND (id <= 1290865))

table 2 : explain SELECT SUM(k) FROM sbtest2 WHERE id BETWEEN 3060342 AND 3061341
	Aggregate  (cost=3727.02..3727.03 rows=1 width=8)
	  ->  Bitmap Heap Scan on sbtest2  (cost=22.32..3724.61 rows=964 width=4)
	        Recheck Cond: ((id >= 3060342) AND (id <= 3061341))
	        ->  Bitmap Index Scan on sbtest2_pkey  (cost=0.00..22.07 rows=964 width=0)
	              Index Cond: ((id >= 3060342) AND (id <= 3061341))

table 3 : explain SELECT SUM(k) FROM sbtest3 WHERE id BETWEEN 3483517 AND 3484516
	Aggregate  (cost=3598.82..3598.83 rows=1 width=8)
	  ->  Bitmap Heap Scan on sbtest3  (cost=21.97..3596.49 rows=930 width=4)
	        Recheck Cond: ((id >= 3483517) AND (id <= 3484516))
	        ->  Bitmap Index Scan on sbtest3_pkey  (cost=0.00..21.73 rows=930 width=0)
	              Index Cond: ((id >= 3483517) AND (id <= 3484516))

table 4 : explain SELECT SUM(k) FROM sbtest4 WHERE id BETWEEN 5349969 AND 5350968
	Aggregate  (cost=4198.57..4198.58 rows=1 width=8)
	  ->  Bitmap Heap Scan on sbtest4  (cost=23.60..4195.85 rows=1089 width=4)
	        Recheck Cond: ((id >= 5349969) AND (id <= 5350968))
	        ->  Bitmap Index Scan on sbtest4_pkey  (cost=0.00..23.32 rows=1089 width=0)
	              Index Cond: ((id >= 5349969) AND (id <= 5350968))

table 5 : explain SELECT SUM(k) FROM sbtest5 WHERE id BETWEEN 5922269 AND 5923268
	Aggregate  (cost=4191.21..4191.22 rows=1 width=8)
	  ->  Bitmap Heap Scan on sbtest5  (cost=23.58..4188.49 rows=1087 width=4)
	        Recheck Cond: ((id >= 5922269) AND (id <= 5923268))
	        ->  Bitmap Index Scan on sbtest5_pkey  (cost=0.00..23.30 rows=1087 width=0)
	              Index Cond: ((id >= 5922269) AND (id <= 5923268))

table 6 : explain SELECT SUM(k) FROM sbtest6 WHERE id BETWEEN 9443140 AND 9444139
	Aggregate  (cost=4259.89..4259.90 rows=1 width=8)
	  ->  Bitmap Heap Scan on sbtest6  (cost=27.75..4257.13 rows=1104 width=4)
	        Recheck Cond: ((id >= 9443140) AND (id <= 9444139))
	        ->  Bitmap Index Scan on sbtest6_pkey  (cost=0.00..27.47 rows=1104 width=0)
	              Index Cond: ((id >= 9443140) AND (id <= 9444139))

table 7 : explain SELECT SUM(k) FROM sbtest7 WHERE id BETWEEN 3055921 AND 3056920
	Aggregate  (cost=3683.35..3683.36 rows=1 width=8)
	  ->  Bitmap Heap Scan on sbtest7  (cost=22.19..3680.97 rows=952 width=4)
	        Recheck Cond: ((id >= 3055921) AND (id <= 3056920))
	        ->  Bitmap Index Scan on sbtest7_pkey  (cost=0.00..21.95 rows=952 width=0)
	              Index Cond: ((id >= 3055921) AND (id <= 3056920))

table 8 : explain SELECT SUM(k) FROM sbtest8 WHERE id BETWEEN 9341380 AND 9342379
	Aggregate  (cost=3308.88..3308.89 rows=1 width=8)
	  ->  Bitmap Heap Scan on sbtest8  (cost=21.18..3306.75 rows=853 width=4)
	        Recheck Cond: ((id >= 9341380) AND (id <= 9342379))
	        ->  Bitmap Index Scan on sbtest8_pkey  (cost=0.00..20.96 rows=853 width=0)
	              Index Cond: ((id >= 9341380) AND (id <= 9342379))

for: simple_ranges
table 1 : explain SELECT c FROM sbtest1 WHERE id BETWEEN 765060 AND 766059
	Bitmap Heap Scan on sbtest1  (cost=22.60..3829.10 rows=992 width=121)
	  Recheck Cond: ((id >= 765060) AND (id <= 766059))
	  ->  Bitmap Index Scan on sbtest1_pkey  (cost=0.00..22.36 rows=992 width=0)
	        Index Cond: ((id >= 765060) AND (id <= 766059))

table 2 : explain SELECT c FROM sbtest2 WHERE id BETWEEN 1789284 AND 1790283
	Bitmap Heap Scan on sbtest2  (cost=22.94..3954.31 rows=1025 width=121)
	  Recheck Cond: ((id >= 1789284) AND (id <= 1790283))
	  ->  Bitmap Index Scan on sbtest2_pkey  (cost=0.00..22.68 rows=1025 width=0)
	        Index Cond: ((id >= 1789284) AND (id <= 1790283))

table 3 : explain SELECT c FROM sbtest3 WHERE id BETWEEN 4394157 AND 4395156
	Bitmap Heap Scan on sbtest3  (cost=23.26..4071.00 rows=1056 width=121)
	  Recheck Cond: ((id >= 4394157) AND (id <= 4395156))
	  ->  Bitmap Index Scan on sbtest3_pkey  (cost=0.00..23.00 rows=1056 width=0)
	        Index Cond: ((id >= 4394157) AND (id <= 4395156))

table 4 : explain SELECT c FROM sbtest4 WHERE id BETWEEN 526472 AND 527471
	Bitmap Heap Scan on sbtest4  (cost=22.31..3721.72 rows=963 width=121)
	  Recheck Cond: ((id >= 526472) AND (id <= 527471))
	  ->  Bitmap Index Scan on sbtest4_pkey  (cost=0.00..22.07 rows=963 width=0)
	        Index Cond: ((id >= 526472) AND (id <= 527471))

table 5 : explain SELECT c FROM sbtest5 WHERE id BETWEEN 3109653 AND 3110652
	Bitmap Heap Scan on sbtest5  (cost=22.92..3947.89 rows=1023 width=121)
	  Recheck Cond: ((id >= 3109653) AND (id <= 3110652))
	  ->  Bitmap Index Scan on sbtest5_pkey  (cost=0.00..22.66 rows=1023 width=0)
	        Index Cond: ((id >= 3109653) AND (id <= 3110652))

table 6 : explain SELECT c FROM sbtest6 WHERE id BETWEEN 6986072 AND 6987071
	Bitmap Heap Scan on sbtest6  (cost=21.54..3439.22 rows=888 width=121)
	  Recheck Cond: ((id >= 6986072) AND (id <= 6987071))
	  ->  Bitmap Index Scan on sbtest6_pkey  (cost=0.00..21.32 rows=888 width=0)
	        Index Cond: ((id >= 6986072) AND (id <= 6987071))

table 7 : explain SELECT c FROM sbtest7 WHERE id BETWEEN 3185005 AND 3186004
	Bitmap Heap Scan on sbtest7  (cost=22.73..3877.02 rows=1004 width=121)
	  Recheck Cond: ((id >= 3185005) AND (id <= 3186004))
	  ->  Bitmap Index Scan on sbtest7_pkey  (cost=0.00..22.47 rows=1004 width=0)
	        Index Cond: ((id >= 3185005) AND (id <= 3186004))

table 8 : explain SELECT c FROM sbtest8 WHERE id BETWEEN 7078230 AND 7079229
	Bitmap Heap Scan on sbtest8  (cost=22.66..3854.46 rows=998 width=121)
	  Recheck Cond: ((id >= 7078230) AND (id <= 7079229))
	  ->  Bitmap Index Scan on sbtest8_pkey  (cost=0.00..22.41 rows=998 width=0)
	        Index Cond: ((id >= 7078230) AND (id <= 7079229))

for: simple_ranges
table 1 : explain SELECT c FROM sbtest1 WHERE id BETWEEN 2154174 AND 2155173
	Bitmap Heap Scan on sbtest1  (cost=22.88..3930.69 rows=1019 width=121)
	  Recheck Cond: ((id >= 2154174) AND (id <= 2155173))
	  ->  Bitmap Index Scan on sbtest1_pkey  (cost=0.00..22.62 rows=1019 width=0)
	        Index Cond: ((id >= 2154174) AND (id <= 2155173))

table 2 : explain SELECT c FROM sbtest2 WHERE id BETWEEN 4064235 AND 4065234
	Bitmap Heap Scan on sbtest2  (cost=22.74..3879.05 rows=1005 width=121)
	  Recheck Cond: ((id >= 4064235) AND (id <= 4065234))
	  ->  Bitmap Index Scan on sbtest2_pkey  (cost=0.00..22.48 rows=1005 width=0)
	        Index Cond: ((id >= 4064235) AND (id <= 4065234))

table 3 : explain SELECT c FROM sbtest3 WHERE id BETWEEN 393016 AND 394015
	Bitmap Heap Scan on sbtest3  (cost=22.48..3785.04 rows=980 width=121)
	  Recheck Cond: ((id >= 393016) AND (id <= 394015))
	  ->  Bitmap Index Scan on sbtest3_pkey  (cost=0.00..22.23 rows=980 width=0)
	        Index Cond: ((id >= 393016) AND (id <= 394015))

table 4 : explain SELECT c FROM sbtest4 WHERE id BETWEEN 6951010 AND 6952009
	Bitmap Heap Scan on sbtest4  (cost=22.49..3789.58 rows=981 width=121)
	  Recheck Cond: ((id >= 6951010) AND (id <= 6952009))
	  ->  Bitmap Index Scan on sbtest4_pkey  (cost=0.00..22.25 rows=981 width=0)
	        Index Cond: ((id >= 6951010) AND (id <= 6952009))

table 5 : explain SELECT c FROM sbtest5 WHERE id BETWEEN 5907648 AND 5908647
	Bitmap Heap Scan on sbtest5  (cost=23.58..4188.49 rows=1087 width=121)
	  Recheck Cond: ((id >= 5907648) AND (id <= 5908647))
	  ->  Bitmap Index Scan on sbtest5_pkey  (cost=0.00..23.30 rows=1087 width=0)
	        Index Cond: ((id >= 5907648) AND (id <= 5908647))

table 6 : explain SELECT c FROM sbtest6 WHERE id BETWEEN 2873590 AND 2874589
	Bitmap Heap Scan on sbtest6  (cost=22.04..3624.39 rows=937 width=121)
	  Recheck Cond: ((id >= 2873590) AND (id <= 2874589))
	  ->  Bitmap Index Scan on sbtest6_pkey  (cost=0.00..21.80 rows=937 width=0)
	        Index Cond: ((id >= 2873590) AND (id <= 2874589))

table 7 : explain SELECT c FROM sbtest7 WHERE id BETWEEN 5972157 AND 5973156
	Bitmap Heap Scan on sbtest7  (cost=22.67..3858.19 rows=999 width=121)
	  Recheck Cond: ((id >= 5972157) AND (id <= 5973156))
	  ->  Bitmap Index Scan on sbtest7_pkey  (cost=0.00..22.43 rows=999 width=0)
	        Index Cond: ((id >= 5972157) AND (id <= 5973156))

table 8 : explain SELECT c FROM sbtest8 WHERE id BETWEEN 2888169 AND 2889168
	Bitmap Heap Scan on sbtest8  (cost=22.79..3899.66 rows=1010 width=121)
	  Recheck Cond: ((id >= 2888169) AND (id <= 2889168))
	  ->  Bitmap Index Scan on sbtest8_pkey  (cost=0.00..22.54 rows=1010 width=0)
	        Index Cond: ((id >= 2888169) AND (id <= 2889168))

for: sum_ranges
table 1 : explain SELECT SUM(k) FROM sbtest1 WHERE id BETWEEN 6081381 AND 6082380
	Aggregate  (cost=3571.35..3571.36 rows=1 width=8)
	  ->  Bitmap Heap Scan on sbtest1  (cost=21.90..3569.04 rows=923 width=4)
	        Recheck Cond: ((id >= 6081381) AND (id <= 6082380))
	        ->  Bitmap Index Scan on sbtest1_pkey  (cost=0.00..21.66 rows=923 width=0)
	              Index Cond: ((id >= 6081381) AND (id <= 6082380))

table 2 : explain SELECT SUM(k) FROM sbtest2 WHERE id BETWEEN 2051981 AND 2052980
	Aggregate  (cost=3802.43..3802.44 rows=1 width=8)
	  ->  Bitmap Heap Scan on sbtest2  (cost=22.52..3799.97 rows=984 width=4)
	        Recheck Cond: ((id >= 2051981) AND (id <= 2052980))
	        ->  Bitmap Index Scan on sbtest2_pkey  (cost=0.00..22.27 rows=984 width=0)
	              Index Cond: ((id >= 2051981) AND (id <= 2052980))

table 3 : explain SELECT SUM(k) FROM sbtest3 WHERE id BETWEEN 4396373 AND 4397372
	Aggregate  (cost=4073.64..4073.65 rows=1 width=8)
	  ->  Bitmap Heap Scan on sbtest3  (cost=23.26..4071.00 rows=1056 width=4)
	        Recheck Cond: ((id >= 4396373) AND (id <= 4397372))
	        ->  Bitmap Index Scan on sbtest3_pkey  (cost=0.00..23.00 rows=1056 width=0)
	              Index Cond: ((id >= 4396373) AND (id <= 4397372))

table 4 : explain SELECT SUM(k) FROM sbtest4 WHERE id BETWEEN 4927493 AND 4928492
	Aggregate  (cost=3720.36..3720.37 rows=1 width=8)
	  ->  Bitmap Heap Scan on sbtest4  (cost=22.30..3717.95 rows=962 width=4)
	        Recheck Cond: ((id >= 4927493) AND (id <= 4928492))
	        ->  Bitmap Index Scan on sbtest4_pkey  (cost=0.00..22.05 rows=962 width=0)
	              Index Cond: ((id >= 4927493) AND (id <= 4928492))

table 5 : explain SELECT SUM(k) FROM sbtest5 WHERE id BETWEEN 6387774 AND 6388773
	Aggregate  (cost=3792.17..3792.18 rows=1 width=8)
	  ->  Bitmap Heap Scan on sbtest5  (cost=22.49..3789.71 rows=981 width=4)
	        Recheck Cond: ((id >= 6387774) AND (id <= 6388773))
	        ->  Bitmap Index Scan on sbtest5_pkey  (cost=0.00..22.25 rows=981 width=0)
	              Index Cond: ((id >= 6387774) AND (id <= 6388773))

table 6 : explain SELECT SUM(k) FROM sbtest6 WHERE id BETWEEN 3548207 AND 3549206
	Aggregate  (cost=3649.40..3649.41 rows=1 width=8)
	  ->  Bitmap Heap Scan on sbtest6  (cost=22.10..3647.04 rows=943 width=4)
	        Recheck Cond: ((id >= 3548207) AND (id <= 3549206))
	        ->  Bitmap Index Scan on sbtest6_pkey  (cost=0.00..21.86 rows=943 width=0)
	              Index Cond: ((id >= 3548207) AND (id <= 3549206))

table 7 : explain SELECT SUM(k) FROM sbtest7 WHERE id BETWEEN 5745914 AND 5746913
	Aggregate  (cost=3664.47..3664.48 rows=1 width=8)
	  ->  Bitmap Heap Scan on sbtest7  (cost=22.14..3662.10 rows=947 width=4)
	        Recheck Cond: ((id >= 5745914) AND (id <= 5746913))
	        ->  Bitmap Index Scan on sbtest7_pkey  (cost=0.00..21.90 rows=947 width=0)
	              Index Cond: ((id >= 5745914) AND (id <= 5746913))

table 8 : explain SELECT SUM(k) FROM sbtest8 WHERE id BETWEEN 1663437 AND 1664436
	Aggregate  (cost=3985.07..3985.08 rows=1 width=8)
	  ->  Bitmap Heap Scan on sbtest8  (cost=23.01..3982.49 rows=1032 width=4)
	        Recheck Cond: ((id >= 1663437) AND (id <= 1664436))
	        ->  Bitmap Index Scan on sbtest8_pkey  (cost=0.00..22.75 rows=1032 width=0)
	              Index Cond: ((id >= 1663437) AND (id <= 1664436))

for point_selects
table 1 : explain SELECT c FROM sbtest1 WHERE id=1284510
	Index Scan using sbtest1_pkey on sbtest1  (cost=0.43..8.45 rows=1 width=121)
	  Index Cond: (id = 1284510)

table 2 : explain SELECT c FROM sbtest2 WHERE id=647016
	Index Scan using sbtest2_pkey on sbtest2  (cost=0.43..8.45 rows=1 width=121)
	  Index Cond: (id = 647016)

table 3 : explain SELECT c FROM sbtest3 WHERE id=9703217
	Index Scan using sbtest3_pkey on sbtest3  (cost=0.43..8.45 rows=1 width=121)
	  Index Cond: (id = 9703217)

table 4 : explain SELECT c FROM sbtest4 WHERE id=7491519
	Index Scan using sbtest4_pkey on sbtest4  (cost=0.43..8.45 rows=1 width=121)
	  Index Cond: (id = 7491519)

table 5 : explain SELECT c FROM sbtest5 WHERE id=8792583
	Index Scan using sbtest5_pkey on sbtest5  (cost=0.43..8.45 rows=1 width=121)
	  Index Cond: (id = 8792583)

table 6 : explain SELECT c FROM sbtest6 WHERE id=4132289
	Index Scan using sbtest6_pkey on sbtest6  (cost=0.43..8.45 rows=1 width=121)
	  Index Cond: (id = 4132289)

table 7 : explain SELECT c FROM sbtest7 WHERE id=2474671
	Index Scan using sbtest7_pkey on sbtest7  (cost=0.43..8.45 rows=1 width=121)
	  Index Cond: (id = 2474671)

table 8 : explain SELECT c FROM sbtest8 WHERE id=6649556
	Index Scan using sbtest8_pkey on sbtest8  (cost=0.43..8.45 rows=1 width=121)
	  Index Cond: (id = 6649556)

for: sum_ranges
table 1 : explain SELECT SUM(k) FROM sbtest1 WHERE id BETWEEN 365073 AND 366072
	Aggregate  (cost=3726.06..3726.07 rows=1 width=8)
	  ->  Bitmap Heap Scan on sbtest1  (cost=22.32..3723.65 rows=964 width=4)
	        Recheck Cond: ((id >= 365073) AND (id <= 366072))
	        ->  Bitmap Index Scan on sbtest1_pkey  (cost=0.00..22.07 rows=964 width=0)
	              Index Cond: ((id >= 365073) AND (id <= 366072))

table 2 : explain SELECT SUM(k) FROM sbtest2 WHERE id BETWEEN 9299152 AND 9300151
	Aggregate  (cost=4122.36..4122.37 rows=1 width=8)
	  ->  Bitmap Heap Scan on sbtest2  (cost=23.39..4119.69 rows=1069 width=4)
	        Recheck Cond: ((id >= 9299152) AND (id <= 9300151))
	        ->  Bitmap Index Scan on sbtest2_pkey  (cost=0.00..23.12 rows=1069 width=0)
	              Index Cond: ((id >= 9299152) AND (id <= 9300151))

table 3 : explain SELECT SUM(k) FROM sbtest3 WHERE id BETWEEN 6736872 AND 6737871
	Aggregate  (cost=3734.69..3734.70 rows=1 width=8)
	  ->  Bitmap Heap Scan on sbtest3  (cost=22.34..3732.28 rows=966 width=4)
	        Recheck Cond: ((id >= 6736872) AND (id <= 6737871))
	        ->  Bitmap Index Scan on sbtest3_pkey  (cost=0.00..22.09 rows=966 width=0)
	              Index Cond: ((id >= 6736872) AND (id <= 6737871))

table 4 : explain SELECT SUM(k) FROM sbtest4 WHERE id BETWEEN 6565705 AND 6566704
	Aggregate  (cost=3693.94..3693.95 rows=1 width=8)
	  ->  Bitmap Heap Scan on sbtest4  (cost=22.22..3691.55 rows=955 width=4)
	        Recheck Cond: ((id >= 6565705) AND (id <= 6566704))
	        ->  Bitmap Index Scan on sbtest4_pkey  (cost=0.00..21.98 rows=955 width=0)
	              Index Cond: ((id >= 6565705) AND (id <= 6566704))

table 5 : explain SELECT SUM(k) FROM sbtest5 WHERE id BETWEEN 7094148 AND 7095147
	Aggregate  (cost=3546.75..3546.76 rows=1 width=8)
	  ->  Bitmap Heap Scan on sbtest5  (cost=21.82..3544.46 rows=916 width=4)
	        Recheck Cond: ((id >= 7094148) AND (id <= 7095147))
	        ->  Bitmap Index Scan on sbtest5_pkey  (cost=0.00..21.59 rows=916 width=0)
	              Index Cond: ((id >= 7094148) AND (id <= 7095147))

table 6 : explain SELECT SUM(k) FROM sbtest6 WHERE id BETWEEN 3646228 AND 3647227
	Aggregate  (cost=3649.40..3649.41 rows=1 width=8)
	  ->  Bitmap Heap Scan on sbtest6  (cost=22.10..3647.04 rows=943 width=4)
	        Recheck Cond: ((id >= 3646228) AND (id <= 3647227))
	        ->  Bitmap Index Scan on sbtest6_pkey  (cost=0.00..21.86 rows=943 width=0)
	              Index Cond: ((id >= 3646228) AND (id <= 3647227))

table 7 : explain SELECT SUM(k) FROM sbtest7 WHERE id BETWEEN 3838630 AND 3839629
	Aggregate  (cost=4282.40..4282.41 rows=1 width=8)
	  ->  Bitmap Heap Scan on sbtest7  (cost=27.82..4279.63 rows=1111 width=4)
	        Recheck Cond: ((id >= 3838630) AND (id <= 3839629))
	        ->  Bitmap Index Scan on sbtest7_pkey  (cost=0.00..27.54 rows=1111 width=0)
	              Index Cond: ((id >= 3838630) AND (id <= 3839629))

table 8 : explain SELECT SUM(k) FROM sbtest8 WHERE id BETWEEN 2028979 AND 2029978
	Aggregate  (cost=3607.83..3607.84 rows=1 width=8)
	  ->  Bitmap Heap Scan on sbtest8  (cost=21.99..3605.50 rows=932 width=4)
	        Recheck Cond: ((id >= 2028979) AND (id <= 2029978))
	        ->  Bitmap Index Scan on sbtest8_pkey  (cost=0.00..21.75 rows=932 width=0)
	              Index Cond: ((id >= 2028979) AND (id <= 2029978))

for: simple_ranges
table 1 : explain SELECT c FROM sbtest1 WHERE id BETWEEN 2037913 AND 2038912
	Bitmap Heap Scan on sbtest1  (cost=22.48..3783.92 rows=980 width=121)
	  Recheck Cond: ((id >= 2037913) AND (id <= 2038912))
	  ->  Bitmap Index Scan on sbtest1_pkey  (cost=0.00..22.23 rows=980 width=0)
	        Index Cond: ((id >= 2037913) AND (id <= 2038912))

table 2 : explain SELECT c FROM sbtest2 WHERE id BETWEEN 9013642 AND 9014641
	Bitmap Heap Scan on sbtest2  (cost=23.00..3976.87 rows=1031 width=121)
	  Recheck Cond: ((id >= 9013642) AND (id <= 9014641))
	  ->  Bitmap Index Scan on sbtest2_pkey  (cost=0.00..22.75 rows=1031 width=0)
	        Index Cond: ((id >= 9013642) AND (id <= 9014641))

table 3 : explain SELECT c FROM sbtest3 WHERE id BETWEEN 3328248 AND 3329247
	Bitmap Heap Scan on sbtest3  (cost=22.00..3607.81 rows=933 width=121)
	  Recheck Cond: ((id >= 3328248) AND (id <= 3329247))
	  ->  Bitmap Index Scan on sbtest3_pkey  (cost=0.00..21.76 rows=933 width=0)
	        Index Cond: ((id >= 3328248) AND (id <= 3329247))

table 4 : explain SELECT c FROM sbtest4 WHERE id BETWEEN 1181402 AND 1182401
	Bitmap Heap Scan on sbtest4  (cost=28.02..4349.97 rows=1130 width=121)
	  Recheck Cond: ((id >= 1181402) AND (id <= 1182401))
	  ->  Bitmap Index Scan on sbtest4_pkey  (cost=0.00..27.73 rows=1130 width=0)
	        Index Cond: ((id >= 1181402) AND (id <= 1182401))

table 5 : explain SELECT c FROM sbtest5 WHERE id BETWEEN 4598880 AND 4599879
	Bitmap Heap Scan on sbtest5  (cost=23.13..4023.14 rows=1043 width=121)
	  Recheck Cond: ((id >= 4598880) AND (id <= 4599879))
	  ->  Bitmap Index Scan on sbtest5_pkey  (cost=0.00..22.86 rows=1043 width=0)
	        Index Cond: ((id >= 4598880) AND (id <= 4599879))

table 6 : explain SELECT c FROM sbtest6 WHERE id BETWEEN 9486911 AND 9487910
	Bitmap Heap Scan on sbtest6  (cost=23.57..4185.53 rows=1086 width=121)
	  Recheck Cond: ((id >= 9486911) AND (id <= 9487910))
	  ->  Bitmap Index Scan on sbtest6_pkey  (cost=0.00..23.29 rows=1086 width=0)
	        Index Cond: ((id >= 9486911) AND (id <= 9487910))

table 7 : explain SELECT c FROM sbtest7 WHERE id BETWEEN 6123947 AND 6124946
	Bitmap Heap Scan on sbtest7  (cost=23.50..4162.94 rows=1080 width=121)
	  Recheck Cond: ((id >= 6123947) AND (id <= 6124946))
	  ->  Bitmap Index Scan on sbtest7_pkey  (cost=0.00..23.23 rows=1080 width=0)
	        Index Cond: ((id >= 6123947) AND (id <= 6124946))

table 8 : explain SELECT c FROM sbtest8 WHERE id BETWEEN 7594966 AND 7595965
	Bitmap Heap Scan on sbtest8  (cost=23.14..4027.64 rows=1044 width=121)
	  Recheck Cond: ((id >= 7594966) AND (id <= 7595965))
	  ->  Bitmap Index Scan on sbtest8_pkey  (cost=0.00..22.87 rows=1044 width=0)
	        Index Cond: ((id >= 7594966) AND (id <= 7595965))

for: simple_ranges
table 1 : explain SELECT c FROM sbtest1 WHERE id BETWEEN 3271818 AND 3272817
	Bitmap Heap Scan on sbtest1  (cost=21.94..3584.14 rows=927 width=121)
	  Recheck Cond: ((id >= 3271818) AND (id <= 3272817))
	  ->  Bitmap Index Scan on sbtest1_pkey  (cost=0.00..21.70 rows=927 width=0)
	        Index Cond: ((id >= 3271818) AND (id <= 3272817))

table 2 : explain SELECT c FROM sbtest2 WHERE id BETWEEN 9901030 AND 9902029
	Bitmap Heap Scan on sbtest2  (cost=22.65..3848.93 rows=997 width=121)
	  Recheck Cond: ((id >= 9901030) AND (id <= 9902029))
	  ->  Bitmap Index Scan on sbtest2_pkey  (cost=0.00..22.40 rows=997 width=0)
	        Index Cond: ((id >= 9901030) AND (id <= 9902029))

table 3 : explain SELECT c FROM sbtest3 WHERE id BETWEEN 2314305 AND 2315304
	Bitmap Heap Scan on sbtest3  (cost=23.26..4071.00 rows=1056 width=121)
	  Recheck Cond: ((id >= 2314305) AND (id <= 2315304))
	  ->  Bitmap Index Scan on sbtest3_pkey  (cost=0.00..23.00 rows=1056 width=0)
	        Index Cond: ((id >= 2314305) AND (id <= 2315304))

table 4 : explain SELECT c FROM sbtest4 WHERE id BETWEEN 7008730 AND 7009729
	Bitmap Heap Scan on sbtest4  (cost=22.35..3736.81 rows=967 width=121)
	  Recheck Cond: ((id >= 7008730) AND (id <= 7009729))
	  ->  Bitmap Index Scan on sbtest4_pkey  (cost=0.00..22.11 rows=967 width=0)
	        Index Cond: ((id >= 7008730) AND (id <= 7009729))

table 5 : explain SELECT c FROM sbtest5 WHERE id BETWEEN 6117045 AND 6118044
	Bitmap Heap Scan on sbtest5  (cost=23.03..3989.28 rows=1034 width=121)
	  Recheck Cond: ((id >= 6117045) AND (id <= 6118044))
	  ->  Bitmap Index Scan on sbtest5_pkey  (cost=0.00..22.77 rows=1034 width=0)
	        Index Cond: ((id >= 6117045) AND (id <= 6118044))

table 6 : explain SELECT c FROM sbtest6 WHERE id BETWEEN 6884284 AND 6885283
	Bitmap Heap Scan on sbtest6  (cost=23.25..4069.02 rows=1055 width=121)
	  Recheck Cond: ((id >= 6884284) AND (id <= 6885283))
	  ->  Bitmap Index Scan on sbtest6_pkey  (cost=0.00..22.98 rows=1055 width=0)
	        Index Cond: ((id >= 6884284) AND (id <= 6885283))

table 7 : explain SELECT c FROM sbtest7 WHERE id BETWEEN 6545476 AND 6546475
	Bitmap Heap Scan on sbtest7  (cost=23.11..4016.31 rows=1041 width=121)
	  Recheck Cond: ((id >= 6545476) AND (id <= 6546475))
	  ->  Bitmap Index Scan on sbtest7_pkey  (cost=0.00..22.84 rows=1041 width=0)
	        Index Cond: ((id >= 6545476) AND (id <= 6546475))

table 8 : explain SELECT c FROM sbtest8 WHERE id BETWEEN 3971305 AND 3972304
	Bitmap Heap Scan on sbtest8  (cost=22.30..3718.74 rows=962 width=121)
	  Recheck Cond: ((id >= 3971305) AND (id <= 3972304))
	  ->  Bitmap Index Scan on sbtest8_pkey  (cost=0.00..22.05 rows=962 width=0)
	        Index Cond: ((id >= 3971305) AND (id <= 3972304))

explain: for point_selects :: explain SELECT c FROM sbtest%u WHERE id=%u
for: order_ranges
table 1 : explain SELECT c FROM sbtest1 WHERE id BETWEEN 8927170 AND 8928169 ORDER BY c
	Sort  (cost=4103.72..4106.34 rows=1051 width=121)
	  Sort Key: c
	  ->  Bitmap Heap Scan on sbtest1  (cost=23.21..4050.97 rows=1051 width=121)
	        Recheck Cond: ((id >= 8927170) AND (id <= 8928169))
	        ->  Bitmap Index Scan on sbtest1_pkey  (cost=0.00..22.94 rows=1051 width=0)
	              Index Cond: ((id >= 8927170) AND (id <= 8928169))

table 2 : explain SELECT c FROM sbtest2 WHERE id BETWEEN 3515028 AND 3516027 ORDER BY c
	Sort  (cost=3894.77..3897.26 rows=996 width=121)
	  Sort Key: c
	  ->  Bitmap Heap Scan on sbtest2  (cost=22.64..3845.17 rows=996 width=121)
	        Recheck Cond: ((id >= 3515028) AND (id <= 3516027))
	        ->  Bitmap Index Scan on sbtest2_pkey  (cost=0.00..22.39 rows=996 width=0)
	              Index Cond: ((id >= 3515028) AND (id <= 3516027))

table 3 : explain SELECT c FROM sbtest3 WHERE id BETWEEN 2196956 AND 2197955 ORDER BY c
	Sort  (cost=3581.04..3583.32 rows=914 width=121)
	  Sort Key: c
	  ->  Bitmap Heap Scan on sbtest3  (cost=21.80..3536.08 rows=914 width=121)
	        Recheck Cond: ((id >= 2196956) AND (id <= 2197955))
	        ->  Bitmap Index Scan on sbtest3_pkey  (cost=0.00..21.57 rows=914 width=0)
	              Index Cond: ((id >= 2196956) AND (id <= 2197955))

table 4 : explain SELECT c FROM sbtest4 WHERE id BETWEEN 149687 AND 150686 ORDER BY c
	Sort  (cost=4021.81..4024.39 rows=1029 width=121)
	  Sort Key: c
	  ->  Bitmap Heap Scan on sbtest4  (cost=22.98..3970.33 rows=1029 width=121)
	        Recheck Cond: ((id >= 149687) AND (id <= 150686))
	        ->  Bitmap Index Scan on sbtest4_pkey  (cost=0.00..22.72 rows=1029 width=0)
	              Index Cond: ((id >= 149687) AND (id <= 150686))

table 5 : explain SELECT c FROM sbtest5 WHERE id BETWEEN 7232531 AND 7233530 ORDER BY c
	Sort  (cost=3983.75..3986.30 rows=1019 width=121)
	  Sort Key: c
	  ->  Bitmap Heap Scan on sbtest5  (cost=22.88..3932.84 rows=1019 width=121)
	        Recheck Cond: ((id >= 7232531) AND (id <= 7233530))
	        ->  Bitmap Index Scan on sbtest5_pkey  (cost=0.00..22.62 rows=1019 width=0)
	              Index Cond: ((id >= 7232531) AND (id <= 7233530))

table 6 : explain SELECT c FROM sbtest6 WHERE id BETWEEN 5957522 AND 5958521 ORDER BY c
	Sort  (cost=3835.32..3837.77 rows=980 width=121)
	  Sort Key: c
	  ->  Bitmap Heap Scan on sbtest6  (cost=22.48..3786.63 rows=980 width=121)
	        Recheck Cond: ((id >= 5957522) AND (id <= 5958521))
	        ->  Bitmap Index Scan on sbtest6_pkey  (cost=0.00..22.23 rows=980 width=0)
	              Index Cond: ((id >= 5957522) AND (id <= 5958521))

table 7 : explain SELECT c FROM sbtest7 WHERE id BETWEEN 1892736 AND 1893735 ORDER BY c
	Sort  (cost=3869.71..3872.18 rows=989 width=121)
	  Sort Key: c
	  ->  Bitmap Heap Scan on sbtest7  (cost=22.57..3820.51 rows=989 width=121)
	        Recheck Cond: ((id >= 1892736) AND (id <= 1893735))
	        ->  Bitmap Index Scan on sbtest7_pkey  (cost=0.00..22.32 rows=989 width=0)
	              Index Cond: ((id >= 1892736) AND (id <= 1893735))

table 8 : explain SELECT c FROM sbtest8 WHERE id BETWEEN 2053430 AND 2054429 ORDER BY c
	Sort  (cost=3651.47..3653.80 rows=932 width=121)
	  Sort Key: c
	  ->  Bitmap Heap Scan on sbtest8  (cost=21.99..3605.50 rows=932 width=121)
	        Recheck Cond: ((id >= 2053430) AND (id <= 2054429))
	        ->  Bitmap Index Scan on sbtest8_pkey  (cost=0.00..21.75 rows=932 width=0)
	              Index Cond: ((id >= 2053430) AND (id <= 2054429))

for: sum_ranges
table 1 : explain SELECT SUM(k) FROM sbtest1 WHERE id BETWEEN 1606091 AND 1607090
	Aggregate  (cost=3548.69..3548.70 rows=1 width=8)
	  ->  Bitmap Heap Scan on sbtest1  (cost=21.83..3546.40 rows=917 width=4)
	        Recheck Cond: ((id >= 1606091) AND (id <= 1607090))
	        ->  Bitmap Index Scan on sbtest1_pkey  (cost=0.00..21.61 rows=917 width=0)
	              Index Cond: ((id >= 1606091) AND (id <= 1607090))

table 2 : explain SELECT SUM(k) FROM sbtest2 WHERE id BETWEEN 7860815 AND 7861814
	Aggregate  (cost=3979.45..3979.46 rows=1 width=8)
	  ->  Bitmap Heap Scan on sbtest2  (cost=23.00..3976.87 rows=1031 width=4)
	        Recheck Cond: ((id >= 7860815) AND (id <= 7861814))
	        ->  Bitmap Index Scan on sbtest2_pkey  (cost=0.00..22.75 rows=1031 width=0)
	              Index Cond: ((id >= 7860815) AND (id <= 7861814))

table 3 : explain SELECT SUM(k) FROM sbtest3 WHERE id BETWEEN 4424231 AND 4425230
	Aggregate  (cost=3908.07..3908.08 rows=1 width=8)
	  ->  Bitmap Heap Scan on sbtest3  (cost=22.81..3905.54 rows=1012 width=4)
	        Recheck Cond: ((id >= 4424231) AND (id <= 4425230))
	        ->  Bitmap Index Scan on sbtest3_pkey  (cost=0.00..22.55 rows=1012 width=0)
	              Index Cond: ((id >= 4424231) AND (id <= 4425230))

table 4 : explain SELECT SUM(k) FROM sbtest4 WHERE id BETWEEN 7192351 AND 7193350
	Aggregate  (cost=3697.71..3697.72 rows=1 width=8)
	  ->  Bitmap Heap Scan on sbtest4  (cost=22.23..3695.32 rows=956 width=4)
	        Recheck Cond: ((id >= 7192351) AND (id <= 7193350))
	        ->  Bitmap Index Scan on sbtest4_pkey  (cost=0.00..22.00 rows=956 width=0)
	              Index Cond: ((id >= 7192351) AND (id <= 7193350))

table 5 : explain SELECT SUM(k) FROM sbtest5 WHERE id BETWEEN 1988443 AND 1989442
	Aggregate  (cost=3799.71..3799.72 rows=1 width=8)
	  ->  Bitmap Heap Scan on sbtest5  (cost=22.51..3797.25 rows=983 width=4)
	        Recheck Cond: ((id >= 1988443) AND (id <= 1989442))
	        ->  Bitmap Index Scan on sbtest5_pkey  (cost=0.00..22.26 rows=983 width=0)
	              Index Cond: ((id >= 1988443) AND (id <= 1989442))

table 6 : explain SELECT SUM(k) FROM sbtest6 WHERE id BETWEEN 709807 AND 710806
	Aggregate  (cost=3709.82..3709.83 rows=1 width=8)
	  ->  Bitmap Heap Scan on sbtest6  (cost=22.26..3707.43 rows=959 width=4)
	        Recheck Cond: ((id >= 709807) AND (id <= 710806))
	        ->  Bitmap Index Scan on sbtest6_pkey  (cost=0.00..22.02 rows=959 width=0)
	              Index Cond: ((id >= 709807) AND (id <= 710806))

table 7 : explain SELECT SUM(k) FROM sbtest7 WHERE id BETWEEN 424804 AND 425803
	Aggregate  (cost=4112.99..4113.00 rows=1 width=8)
	  ->  Bitmap Heap Scan on sbtest7  (cost=23.36..4110.32 rows=1066 width=4)
	        Recheck Cond: ((id >= 424804) AND (id <= 425803))
	        ->  Bitmap Index Scan on sbtest7_pkey  (cost=0.00..23.09 rows=1066 width=0)
	              Index Cond: ((id >= 424804) AND (id <= 425803))

table 8 : explain SELECT SUM(k) FROM sbtest8 WHERE id BETWEEN 9622276 AND 9623275
	Aggregate  (cost=3826.79..3826.80 rows=1 width=8)
	  ->  Bitmap Heap Scan on sbtest8  (cost=22.58..3824.31 rows=990 width=4)
	        Recheck Cond: ((id >= 9622276) AND (id <= 9623275))
	        ->  Bitmap Index Scan on sbtest8_pkey  (cost=0.00..22.33 rows=990 width=0)
	              Index Cond: ((id >= 9622276) AND (id <= 9623275))

for: order_ranges
table 1 : explain SELECT c FROM sbtest1 WHERE id BETWEEN 5050747 AND 5051746 ORDER BY c
	Sort  (cost=4107.53..4110.16 rows=1052 width=121)
	  Sort Key: c
	  ->  Bitmap Heap Scan on sbtest1  (cost=23.22..4054.72 rows=1052 width=121)
	        Recheck Cond: ((id >= 5050747) AND (id <= 5051746))
	        ->  Bitmap Index Scan on sbtest1_pkey  (cost=0.00..22.95 rows=1052 width=0)
	              Index Cond: ((id >= 5050747) AND (id <= 5051746))

table 2 : explain SELECT c FROM sbtest2 WHERE id BETWEEN 4553810 AND 4554809 ORDER BY c
	Sort  (cost=3936.81..3939.32 rows=1007 width=121)
	  Sort Key: c
	  ->  Bitmap Heap Scan on sbtest2  (cost=22.76..3886.58 rows=1007 width=121)
	        Recheck Cond: ((id >= 4553810) AND (id <= 4554809))
	        ->  Bitmap Index Scan on sbtest2_pkey  (cost=0.00..22.50 rows=1007 width=0)
	              Index Cond: ((id >= 4553810) AND (id <= 4554809))

table 3 : explain SELECT c FROM sbtest3 WHERE id BETWEEN 5949345 AND 5950344 ORDER BY c
	Sort  (cost=4307.31..4310.07 rows=1104 width=121)
	  Sort Key: c
	  ->  Bitmap Heap Scan on sbtest3  (cost=27.75..4251.51 rows=1104 width=121)
	        Recheck Cond: ((id >= 5949345) AND (id <= 5950344))
	        ->  Bitmap Index Scan on sbtest3_pkey  (cost=0.00..27.47 rows=1104 width=0)
	              Index Cond: ((id >= 5949345) AND (id <= 5950344))

table 4 : explain SELECT c FROM sbtest4 WHERE id BETWEEN 3925362 AND 3926361 ORDER BY c
	Sort  (cost=3949.22..3951.74 rows=1010 width=121)
	  Sort Key: c
	  ->  Bitmap Heap Scan on sbtest4  (cost=22.79..3898.82 rows=1010 width=121)
	        Recheck Cond: ((id >= 3925362) AND (id <= 3926361))
	        ->  Bitmap Index Scan on sbtest4_pkey  (cost=0.00..22.54 rows=1010 width=0)
	              Index Cond: ((id >= 3925362) AND (id <= 3926361))

table 5 : explain SELECT c FROM sbtest5 WHERE id BETWEEN 6113696 AND 6114695 ORDER BY c
	Sort  (cost=4041.05..4043.64 rows=1034 width=121)
	  Sort Key: c
	  ->  Bitmap Heap Scan on sbtest5  (cost=23.03..3989.28 rows=1034 width=121)
	        Recheck Cond: ((id >= 6113696) AND (id <= 6114695))
	        ->  Bitmap Index Scan on sbtest5_pkey  (cost=0.00..22.77 rows=1034 width=0)
	              Index Cond: ((id >= 6113696) AND (id <= 6114695))

table 6 : explain SELECT c FROM sbtest6 WHERE id BETWEEN 6319373 AND 6320372 ORDER BY c
	Sort  (cost=4167.80..4170.47 rows=1067 width=121)
	  Sort Key: c
	  ->  Bitmap Heap Scan on sbtest6  (cost=23.37..4114.14 rows=1067 width=121)
	        Recheck Cond: ((id >= 6319373) AND (id <= 6320372))
	        ->  Bitmap Index Scan on sbtest6_pkey  (cost=0.00..23.11 rows=1067 width=0)
	              Index Cond: ((id >= 6319373) AND (id <= 6320372))

table 7 : explain SELECT c FROM sbtest7 WHERE id BETWEEN 936675 AND 937674 ORDER BY c
	Sort  (cost=3942.38..3944.90 rows=1008 width=121)
	  Sort Key: c
	  ->  Bitmap Heap Scan on sbtest7  (cost=22.77..3892.09 rows=1008 width=121)
	        Recheck Cond: ((id >= 936675) AND (id <= 937674))
	        ->  Bitmap Index Scan on sbtest7_pkey  (cost=0.00..22.51 rows=1008 width=0)
	              Index Cond: ((id >= 936675) AND (id <= 937674))

table 8 : explain SELECT c FROM sbtest8 WHERE id BETWEEN 8411728 AND 8412727 ORDER BY c
	Sort  (cost=4076.16..4078.77 rows=1043 width=121)
	  Sort Key: c
	  ->  Bitmap Heap Scan on sbtest8  (cost=23.13..4023.88 rows=1043 width=121)
	        Recheck Cond: ((id >= 8411728) AND (id <= 8412727))
	        ->  Bitmap Index Scan on sbtest8_pkey  (cost=0.00..22.86 rows=1043 width=0)
	              Index Cond: ((id >= 8411728) AND (id <= 8412727))

for: order_ranges
table 1 : explain SELECT c FROM sbtest1 WHERE id BETWEEN 5858041 AND 5859040 ORDER BY c
	Sort  (cost=3844.08..3846.53 rows=983 width=121)
	  Sort Key: c
	  ->  Bitmap Heap Scan on sbtest1  (cost=22.51..3795.22 rows=983 width=121)
	        Recheck Cond: ((id >= 5858041) AND (id <= 5859040))
	        ->  Bitmap Index Scan on sbtest1_pkey  (cost=0.00..22.26 rows=983 width=0)
	              Index Cond: ((id >= 5858041) AND (id <= 5859040))

table 2 : explain SELECT c FROM sbtest2 WHERE id BETWEEN 4797364 AND 4798363 ORDER BY c
	Sort  (cost=3534.91..3537.17 rows=902 width=121)
	  Sort Key: c
	  ->  Bitmap Heap Scan on sbtest2  (cost=21.68..3490.64 rows=902 width=121)
	        Recheck Cond: ((id >= 4797364) AND (id <= 4798363))
	        ->  Bitmap Index Scan on sbtest2_pkey  (cost=0.00..21.45 rows=902 width=0)
	              Index Cond: ((id >= 4797364) AND (id <= 4798363))

table 3 : explain SELECT c FROM sbtest3 WHERE id BETWEEN 4048212 AND 4049211 ORDER BY c
	Sort  (cost=4104.96..4107.59 rows=1051 width=121)
	  Sort Key: c
	  ->  Bitmap Heap Scan on sbtest3  (cost=23.21..4052.21 rows=1051 width=121)
	        Recheck Cond: ((id >= 4048212) AND (id <= 4049211))
	        ->  Bitmap Index Scan on sbtest3_pkey  (cost=0.00..22.94 rows=1051 width=0)
	              Index Cond: ((id >= 4048212) AND (id <= 4049211))

table 4 : explain SELECT c FROM sbtest4 WHERE id BETWEEN 68737 AND 69736 ORDER BY c
	Sort  (cost=3389.87..3392.03 rows=864 width=121)
	  Sort Key: c
	  ->  Bitmap Heap Scan on sbtest4  (cost=21.29..3347.73 rows=864 width=121)
	        Recheck Cond: ((id >= 68737) AND (id <= 69736))
	        ->  Bitmap Index Scan on sbtest4_pkey  (cost=0.00..21.07 rows=864 width=0)
	              Index Cond: ((id >= 68737) AND (id <= 69736))

table 5 : explain SELECT c FROM sbtest5 WHERE id BETWEEN 575534 AND 576533 ORDER BY c
	Sort  (cost=4037.24..4039.82 rows=1033 width=121)
	  Sort Key: c
	  ->  Bitmap Heap Scan on sbtest5  (cost=23.02..3985.52 rows=1033 width=121)
	        Recheck Cond: ((id >= 575534) AND (id <= 576533))
	        ->  Bitmap Index Scan on sbtest5_pkey  (cost=0.00..22.76 rows=1033 width=0)
	              Index Cond: ((id >= 575534) AND (id <= 576533))

table 6 : explain SELECT c FROM sbtest6 WHERE id BETWEEN 254920 AND 255919 ORDER BY c
	Sort  (cost=4022.69..4025.26 rows=1029 width=121)
	  Sort Key: c
	  ->  Bitmap Heap Scan on sbtest6  (cost=22.98..3971.20 rows=1029 width=121)
	        Recheck Cond: ((id >= 254920) AND (id <= 255919))
	        ->  Bitmap Index Scan on sbtest6_pkey  (cost=0.00..22.72 rows=1029 width=0)
	              Index Cond: ((id >= 254920) AND (id <= 255919))

table 7 : explain SELECT c FROM sbtest7 WHERE id BETWEEN 6519129 AND 6520128 ORDER BY c
	Sort  (cost=4068.48..4071.09 rows=1041 width=121)
	  Sort Key: c
	  ->  Bitmap Heap Scan on sbtest7  (cost=23.11..4016.31 rows=1041 width=121)
	        Recheck Cond: ((id >= 6519129) AND (id <= 6520128))
	        ->  Bitmap Index Scan on sbtest7_pkey  (cost=0.00..22.84 rows=1041 width=0)
	              Index Cond: ((id >= 6519129) AND (id <= 6520128))

table 8 : explain SELECT c FROM sbtest8 WHERE id BETWEEN 912196 AND 913195 ORDER BY c
	Sort  (cost=3938.59..3941.11 rows=1007 width=121)
	  Sort Key: c
	  ->  Bitmap Heap Scan on sbtest8  (cost=22.76..3888.36 rows=1007 width=121)
	        Recheck Cond: ((id >= 912196) AND (id <= 913195))
	        ->  Bitmap Index Scan on sbtest8_pkey  (cost=0.00..22.50 rows=1007 width=0)
	              Index Cond: ((id >= 912196) AND (id <= 913195))

for: sum_ranges
table 1 : explain SELECT SUM(k) FROM sbtest1 WHERE id BETWEEN 8846370 AND 8847369
	Aggregate  (cost=3586.45..3586.46 rows=1 width=8)
	  ->  Bitmap Heap Scan on sbtest1  (cost=21.94..3584.14 rows=927 width=4)
	        Recheck Cond: ((id >= 8846370) AND (id <= 8847369))
	        ->  Bitmap Index Scan on sbtest1_pkey  (cost=0.00..21.70 rows=927 width=0)
	              Index Cond: ((id >= 8846370) AND (id <= 8847369))

table 2 : explain SELECT SUM(k) FROM sbtest2 WHERE id BETWEEN 9835858 AND 9836857
	Aggregate  (cost=3606.25..3606.26 rows=1 width=8)
	  ->  Bitmap Heap Scan on sbtest2  (cost=21.99..3603.92 rows=932 width=4)
	        Recheck Cond: ((id >= 9835858) AND (id <= 9836857))
	        ->  Bitmap Index Scan on sbtest2_pkey  (cost=0.00..21.75 rows=932 width=0)
	              Index Cond: ((id >= 9835858) AND (id <= 9836857))

table 3 : explain SELECT SUM(k) FROM sbtest3 WHERE id BETWEEN 3111147 AND 3112146
	Aggregate  (cost=4032.27..4032.28 rows=1 width=8)
	  ->  Bitmap Heap Scan on sbtest3  (cost=23.15..4029.66 rows=1045 width=4)
	        Recheck Cond: ((id >= 3111147) AND (id <= 3112146))
	        ->  Bitmap Index Scan on sbtest3_pkey  (cost=0.00..22.89 rows=1045 width=0)
	              Index Cond: ((id >= 3111147) AND (id <= 3112146))

table 4 : explain SELECT SUM(k) FROM sbtest4 WHERE id BETWEEN 923527 AND 924526
	Aggregate  (cost=3803.35..3803.36 rows=1 width=8)
	  ->  Bitmap Heap Scan on sbtest4  (cost=22.52..3800.89 rows=984 width=4)
	        Recheck Cond: ((id >= 923527) AND (id <= 924526))
	        ->  Bitmap Index Scan on sbtest4_pkey  (cost=0.00..22.27 rows=984 width=0)
	              Index Cond: ((id >= 923527) AND (id <= 924526))

table 5 : explain SELECT SUM(k) FROM sbtest5 WHERE id BETWEEN 6852932 AND 6853931
	Aggregate  (cost=3837.41..3837.42 rows=1 width=8)
	  ->  Bitmap Heap Scan on sbtest5  (cost=22.61..3834.93 rows=993 width=4)
	        Recheck Cond: ((id >= 6852932) AND (id <= 6853931))
	        ->  Bitmap Index Scan on sbtest5_pkey  (cost=0.00..22.36 rows=993 width=0)
	              Index Cond: ((id >= 6852932) AND (id <= 6853931))

table 6 : explain SELECT SUM(k) FROM sbtest6 WHERE id BETWEEN 8231079 AND 8232078
	Aggregate  (cost=3698.50..3698.51 rows=1 width=8)
	  ->  Bitmap Heap Scan on sbtest6  (cost=22.23..3696.11 rows=956 width=4)
	        Recheck Cond: ((id >= 8231079) AND (id <= 8232078))
	        ->  Bitmap Index Scan on sbtest6_pkey  (cost=0.00..22.00 rows=956 width=0)
	              Index Cond: ((id >= 8231079) AND (id <= 8232078))

table 7 : explain SELECT SUM(k) FROM sbtest7 WHERE id BETWEEN 211863 AND 212862
	Aggregate  (cost=4267.38..4267.39 rows=1 width=8)
	  ->  Bitmap Heap Scan on sbtest7  (cost=27.78..4264.61 rows=1107 width=4)
	        Recheck Cond: ((id >= 211863) AND (id <= 212862))
	        ->  Bitmap Index Scan on sbtest7_pkey  (cost=0.00..27.50 rows=1107 width=0)
	              Index Cond: ((id >= 211863) AND (id <= 212862))

table 8 : explain SELECT SUM(k) FROM sbtest8 WHERE id BETWEEN 3280155 AND 3281154
	Aggregate  (cost=3634.28..3634.29 rows=1 width=8)
	  ->  Bitmap Heap Scan on sbtest8  (cost=22.06..3631.94 rows=939 width=4)
	        Recheck Cond: ((id >= 3280155) AND (id <= 3281154))
	        ->  Bitmap Index Scan on sbtest8_pkey  (cost=0.00..21.82 rows=939 width=0)
	              Index Cond: ((id >= 3280155) AND (id <= 3281154))

for: sum_ranges
table 1 : explain SELECT SUM(k) FROM sbtest1 WHERE id BETWEEN 2356542 AND 2357541
	Aggregate  (cost=4031.04..4031.05 rows=1 width=8)
	  ->  Bitmap Heap Scan on sbtest1  (cost=23.15..4028.43 rows=1045 width=4)
	        Recheck Cond: ((id >= 2356542) AND (id <= 2357541))
	        ->  Bitmap Index Scan on sbtest1_pkey  (cost=0.00..22.89 rows=1045 width=0)
	              Index Cond: ((id >= 2356542) AND (id <= 2357541))

table 2 : explain SELECT SUM(k) FROM sbtest2 WHERE id BETWEEN 3377002 AND 3378001
	Aggregate  (cost=4096.05..4096.06 rows=1 width=8)
	  ->  Bitmap Heap Scan on sbtest2  (cost=23.32..4093.40 rows=1062 width=4)
	        Recheck Cond: ((id >= 3377002) AND (id <= 3378001))
	        ->  Bitmap Index Scan on sbtest2_pkey  (cost=0.00..23.05 rows=1062 width=0)
	              Index Cond: ((id >= 3377002) AND (id <= 3378001))

table 3 : explain SELECT SUM(k) FROM sbtest3 WHERE id BETWEEN 1120364 AND 1121363
	Aggregate  (cost=3802.57..3802.58 rows=1 width=8)
	  ->  Bitmap Heap Scan on sbtest3  (cost=22.52..3800.11 rows=984 width=4)
	        Recheck Cond: ((id >= 1120364) AND (id <= 1121363))
	        ->  Bitmap Index Scan on sbtest3_pkey  (cost=0.00..22.27 rows=984 width=0)
	              Index Cond: ((id >= 1120364) AND (id <= 1121363))

table 4 : explain SELECT SUM(k) FROM sbtest4 WHERE id BETWEEN 2647650 AND 2648649
	Aggregate  (cost=3663.74..3663.75 rows=1 width=8)
	  ->  Bitmap Heap Scan on sbtest4  (cost=22.14..3661.37 rows=947 width=4)
	        Recheck Cond: ((id >= 2647650) AND (id <= 2648649))
	        ->  Bitmap Index Scan on sbtest4_pkey  (cost=0.00..21.90 rows=947 width=0)
	              Index Cond: ((id >= 2647650) AND (id <= 2648649))

table 5 : explain SELECT SUM(k) FROM sbtest5 WHERE id BETWEEN 9671410 AND 9672409
	Aggregate  (cost=3799.71..3799.72 rows=1 width=8)
	  ->  Bitmap Heap Scan on sbtest5  (cost=22.51..3797.25 rows=983 width=4)
	        Recheck Cond: ((id >= 9671410) AND (id <= 9672409))
	        ->  Bitmap Index Scan on sbtest5_pkey  (cost=0.00..22.26 rows=983 width=0)
	              Index Cond: ((id >= 9671410) AND (id <= 9672409))

table 6 : explain SELECT SUM(k) FROM sbtest6 WHERE id BETWEEN 2849650 AND 2850649
	Aggregate  (cost=3626.73..3626.74 rows=1 width=8)
	  ->  Bitmap Heap Scan on sbtest6  (cost=22.04..3624.39 rows=937 width=4)
	        Recheck Cond: ((id >= 2849650) AND (id <= 2850649))
	        ->  Bitmap Index Scan on sbtest6_pkey  (cost=0.00..21.80 rows=937 width=0)
	              Index Cond: ((id >= 2849650) AND (id <= 2850649))

table 7 : explain SELECT SUM(k) FROM sbtest7 WHERE id BETWEEN 1238242 AND 1239241
	Aggregate  (cost=3622.91..3622.92 rows=1 width=8)
	  ->  Bitmap Heap Scan on sbtest7  (cost=22.03..3620.57 rows=936 width=4)
	        Recheck Cond: ((id >= 1238242) AND (id <= 1239241))
	        ->  Bitmap Index Scan on sbtest7_pkey  (cost=0.00..21.79 rows=936 width=0)
	              Index Cond: ((id >= 1238242) AND (id <= 1239241))

table 8 : explain SELECT SUM(k) FROM sbtest8 WHERE id BETWEEN 356209 AND 357208
	Aggregate  (cost=4252.37..4252.38 rows=1 width=8)
	  ->  Bitmap Heap Scan on sbtest8  (cost=27.73..4249.61 rows=1102 width=4)
	        Recheck Cond: ((id >= 356209) AND (id <= 357208))
	        ->  Bitmap Index Scan on sbtest8_pkey  (cost=0.00..27.45 rows=1102 width=0)
	              Index Cond: ((id >= 356209) AND (id <= 357208))

for: sum_ranges
table 1 : explain SELECT SUM(k) FROM sbtest1 WHERE id BETWEEN 6039835 AND 6040834
	Aggregate  (cost=3571.35..3571.36 rows=1 width=8)
	  ->  Bitmap Heap Scan on sbtest1  (cost=21.90..3569.04 rows=923 width=4)
	        Recheck Cond: ((id >= 6039835) AND (id <= 6040834))
	        ->  Bitmap Index Scan on sbtest1_pkey  (cost=0.00..21.66 rows=923 width=0)
	              Index Cond: ((id >= 6039835) AND (id <= 6040834))

table 2 : explain SELECT SUM(k) FROM sbtest2 WHERE id BETWEEN 7728268 AND 7729267
	Aggregate  (cost=3998.27..3998.28 rows=1 width=8)
	  ->  Bitmap Heap Scan on sbtest2  (cost=23.05..3995.68 rows=1036 width=4)
	        Recheck Cond: ((id >= 7728268) AND (id <= 7729267))
	        ->  Bitmap Index Scan on sbtest2_pkey  (cost=0.00..22.79 rows=1036 width=0)
	              Index Cond: ((id >= 7728268) AND (id <= 7729267))

table 3 : explain SELECT SUM(k) FROM sbtest3 WHERE id BETWEEN 5860460 AND 5861459
	Aggregate  (cost=3987.12..3987.13 rows=1 width=8)
	  ->  Bitmap Heap Scan on sbtest3  (cost=23.02..3984.54 rows=1033 width=4)
	        Recheck Cond: ((id >= 5860460) AND (id <= 5861459))
	        ->  Bitmap Index Scan on sbtest3_pkey  (cost=0.00..22.76 rows=1033 width=0)
	              Index Cond: ((id >= 5860460) AND (id <= 5861459))

table 4 : explain SELECT SUM(k) FROM sbtest4 WHERE id BETWEEN 3837639 AND 3838638
	Aggregate  (cost=3671.29..3671.30 rows=1 width=8)
	  ->  Bitmap Heap Scan on sbtest4  (cost=22.16..3668.92 rows=949 width=4)
	        Recheck Cond: ((id >= 3837639) AND (id <= 3838638))
	        ->  Bitmap Index Scan on sbtest4_pkey  (cost=0.00..21.93 rows=949 width=0)
	              Index Cond: ((id >= 3837639) AND (id <= 3838638))

table 5 : explain SELECT SUM(k) FROM sbtest5 WHERE id BETWEEN 3723385 AND 3724384
	Aggregate  (cost=4375.47..4375.48 rows=1 width=8)
	  ->  Bitmap Heap Scan on sbtest5  (cost=28.08..4372.63 rows=1136 width=4)
	        Recheck Cond: ((id >= 3723385) AND (id <= 3724384))
	        ->  Bitmap Index Scan on sbtest5_pkey  (cost=0.00..27.79 rows=1136 width=0)
	              Index Cond: ((id >= 3723385) AND (id <= 3724384))

table 6 : explain SELECT SUM(k) FROM sbtest6 WHERE id BETWEEN 5485249 AND 5486248
	Aggregate  (cost=3875.81..3875.82 rows=1 width=8)
	  ->  Bitmap Heap Scan on sbtest6  (cost=22.72..3873.30 rows=1003 width=4)
	        Recheck Cond: ((id >= 5485249) AND (id <= 5486248))
	        ->  Bitmap Index Scan on sbtest6_pkey  (cost=0.00..22.46 rows=1003 width=0)
	              Index Cond: ((id >= 5485249) AND (id <= 5486248))

table 7 : explain SELECT SUM(k) FROM sbtest7 WHERE id BETWEEN 4660480 AND 4661479
	Aggregate  (cost=3875.76..3875.77 rows=1 width=8)
	  ->  Bitmap Heap Scan on sbtest7  (cost=22.72..3873.26 rows=1003 width=4)
	        Recheck Cond: ((id >= 4660480) AND (id <= 4661479))
	        ->  Bitmap Index Scan on sbtest7_pkey  (cost=0.00..22.46 rows=1003 width=0)
	              Index Cond: ((id >= 4660480) AND (id <= 4661479))

table 8 : explain SELECT SUM(k) FROM sbtest8 WHERE id BETWEEN 8302869 AND 8303868
	Aggregate  (cost=3970.00..3970.01 rows=1 width=8)
	  ->  Bitmap Heap Scan on sbtest8  (cost=22.97..3967.43 rows=1028 width=4)
	        Recheck Cond: ((id >= 8302869) AND (id <= 8303868))
	        ->  Bitmap Index Scan on sbtest8_pkey  (cost=0.00..22.71 rows=1028 width=0)
	              Index Cond: ((id >= 8302869) AND (id <= 8303868))

explain: for point_selects :: explain SELECT c FROM sbtest%u WHERE id=%u
for: order_ranges
table 1 : explain SELECT c FROM sbtest1 WHERE id BETWEEN 5293203 AND 5294202 ORDER BY c
	Sort  (cost=3614.50..3616.81 rows=923 width=121)
	  Sort Key: c
	  ->  Bitmap Heap Scan on sbtest1  (cost=21.90..3569.04 rows=923 width=121)
	        Recheck Cond: ((id >= 5293203) AND (id <= 5294202))
	        ->  Bitmap Index Scan on sbtest1_pkey  (cost=0.00..21.66 rows=923 width=0)
	              Index Cond: ((id >= 5293203) AND (id <= 5294202))

table 2 : explain SELECT c FROM sbtest2 WHERE id BETWEEN 289138 AND 290137 ORDER BY c
	Sort  (cost=3879.48..3881.96 rows=992 width=121)
	  Sort Key: c
	  ->  Bitmap Heap Scan on sbtest2  (cost=22.60..3830.10 rows=992 width=121)
	        Recheck Cond: ((id >= 289138) AND (id <= 290137))
	        ->  Bitmap Index Scan on sbtest2_pkey  (cost=0.00..22.36 rows=992 width=0)
	              Index Cond: ((id >= 289138) AND (id <= 290137))

table 3 : explain SELECT c FROM sbtest3 WHERE id BETWEEN 2033544 AND 2034543 ORDER BY c
	Sort  (cost=4227.01..4229.71 rows=1083 width=121)
	  Sort Key: c
	  ->  Bitmap Heap Scan on sbtest3  (cost=23.54..4172.42 rows=1083 width=121)
	        Recheck Cond: ((id >= 2033544) AND (id <= 2034543))
	        ->  Bitmap Index Scan on sbtest3_pkey  (cost=0.00..23.26 rows=1083 width=0)
	              Index Cond: ((id >= 2033544) AND (id <= 2034543))

table 4 : explain SELECT c FROM sbtest4 WHERE id BETWEEN 9376653 AND 9377652 ORDER BY c
	Sort  (cost=4468.19..4471.05 rows=1146 width=121)
	  Sort Key: c
	  ->  Bitmap Heap Scan on sbtest4  (cost=28.18..4409.96 rows=1146 width=121)
	        Recheck Cond: ((id >= 9376653) AND (id <= 9377652))
	        ->  Bitmap Index Scan on sbtest4_pkey  (cost=0.00..27.89 rows=1146 width=0)
	              Index Cond: ((id >= 9376653) AND (id <= 9377652))

table 5 : explain SELECT c FROM sbtest5 WHERE id BETWEEN 9102802 AND 9103801 ORDER BY c
	Sort  (cost=3735.12..3737.50 rows=954 width=121)
	  Sort Key: c
	  ->  Bitmap Heap Scan on sbtest5  (cost=22.21..3687.91 rows=954 width=121)
	        Recheck Cond: ((id >= 9102802) AND (id <= 9103801))
	        ->  Bitmap Index Scan on sbtest5_pkey  (cost=0.00..21.97 rows=954 width=0)
	              Index Cond: ((id >= 9102802) AND (id <= 9103801))

table 6 : explain SELECT c FROM sbtest6 WHERE id BETWEEN 8775276 AND 8776275 ORDER BY c
	Sort  (cost=4282.43..4285.17 rows=1096 width=121)
	  Sort Key: c
	  ->  Bitmap Heap Scan on sbtest6  (cost=27.67..4227.09 rows=1096 width=121)
	        Recheck Cond: ((id >= 8775276) AND (id <= 8776275))
	        ->  Bitmap Index Scan on sbtest6_pkey  (cost=0.00..27.39 rows=1096 width=0)
	              Index Cond: ((id >= 8775276) AND (id <= 8776275))

table 7 : explain SELECT c FROM sbtest7 WHERE id BETWEEN 6281494 AND 6282493 ORDER BY c
	Sort  (cost=4041.74..4044.33 rows=1034 width=121)
	  Sort Key: c
	  ->  Bitmap Heap Scan on sbtest7  (cost=23.03..3989.97 rows=1034 width=121)
	        Recheck Cond: ((id >= 6281494) AND (id <= 6282493))
	        ->  Bitmap Index Scan on sbtest7_pkey  (cost=0.00..22.77 rows=1034 width=0)
	              Index Cond: ((id >= 6281494) AND (id <= 6282493))

table 8 : explain SELECT c FROM sbtest8 WHERE id BETWEEN 2738751 AND 2739750 ORDER BY c
	Sort  (cost=3869.75..3872.22 rows=989 width=121)
	  Sort Key: c
	  ->  Bitmap Heap Scan on sbtest8  (cost=22.57..3820.54 rows=989 width=121)
	        Recheck Cond: ((id >= 2738751) AND (id <= 2739750))
	        ->  Bitmap Index Scan on sbtest8_pkey  (cost=0.00..22.32 rows=989 width=0)
	              Index Cond: ((id >= 2738751) AND (id <= 2739750))

for: sum_ranges
table 1 : explain SELECT SUM(k) FROM sbtest1 WHERE id BETWEEN 9917604 AND 9918603
	Aggregate  (cost=4290.45..4290.46 rows=1 width=8)
	  ->  Bitmap Heap Scan on sbtest1  (cost=27.85..4287.66 rows=1114 width=4)
	        Recheck Cond: ((id >= 9917604) AND (id <= 9918603))
	        ->  Bitmap Index Scan on sbtest1_pkey  (cost=0.00..27.57 rows=1114 width=0)
	              Index Cond: ((id >= 9917604) AND (id <= 9918603))

table 2 : explain SELECT SUM(k) FROM sbtest2 WHERE id BETWEEN 8977884 AND 8978883
	Aggregate  (cost=3979.45..3979.46 rows=1 width=8)
	  ->  Bitmap Heap Scan on sbtest2  (cost=23.00..3976.87 rows=1031 width=4)
	        Recheck Cond: ((id >= 8977884) AND (id <= 8978883))
	        ->  Bitmap Index Scan on sbtest2_pkey  (cost=0.00..22.75 rows=1031 width=0)
	              Index Cond: ((id >= 8977884) AND (id <= 8978883))

table 3 : explain SELECT SUM(k) FROM sbtest3 WHERE id BETWEEN 8480075 AND 8481074
	Aggregate  (cost=3979.59..3979.60 rows=1 width=8)
	  ->  Bitmap Heap Scan on sbtest3  (cost=23.00..3977.02 rows=1031 width=4)
	        Recheck Cond: ((id >= 8480075) AND (id <= 8481074))
	        ->  Bitmap Index Scan on sbtest3_pkey  (cost=0.00..22.75 rows=1031 width=0)
	              Index Cond: ((id >= 8480075) AND (id <= 8481074))

table 4 : explain SELECT SUM(k) FROM sbtest4 WHERE id BETWEEN 4845907 AND 4846906
	Aggregate  (cost=3720.36..3720.37 rows=1 width=8)
	  ->  Bitmap Heap Scan on sbtest4  (cost=22.30..3717.95 rows=962 width=4)
	        Recheck Cond: ((id >= 4845907) AND (id <= 4846906))
	        ->  Bitmap Index Scan on sbtest4_pkey  (cost=0.00..22.05 rows=962 width=0)
	              Index Cond: ((id >= 4845907) AND (id <= 4846906))

table 5 : explain SELECT SUM(k) FROM sbtest5 WHERE id BETWEEN 6056732 AND 6057731
	Aggregate  (cost=3569.42..3569.43 rows=1 width=8)
	  ->  Bitmap Heap Scan on sbtest5  (cost=21.89..3567.12 rows=922 width=4)
	        Recheck Cond: ((id >= 6056732) AND (id <= 6057731))
	        ->  Bitmap Index Scan on sbtest5_pkey  (cost=0.00..21.65 rows=922 width=0)
	              Index Cond: ((id >= 6056732) AND (id <= 6057731))

table 6 : explain SELECT SUM(k) FROM sbtest6 WHERE id BETWEEN 4623111 AND 4624110
	Aggregate  (cost=4000.14..4000.15 rows=1 width=8)
	  ->  Bitmap Heap Scan on sbtest6  (cost=23.05..3997.55 rows=1036 width=4)
	        Recheck Cond: ((id >= 4623111) AND (id <= 4624110))
	        ->  Bitmap Index Scan on sbtest6_pkey  (cost=0.00..22.79 rows=1036 width=0)
	              Index Cond: ((id >= 4623111) AND (id <= 4624110))

table 7 : explain SELECT SUM(k) FROM sbtest7 WHERE id BETWEEN 1078943 AND 1079942
	Aggregate  (cost=3441.40..3441.41 rows=1 width=8)
	  ->  Bitmap Heap Scan on sbtest7  (cost=21.54..3439.18 rows=888 width=4)
	        Recheck Cond: ((id >= 1078943) AND (id <= 1079942))
	        ->  Bitmap Index Scan on sbtest7_pkey  (cost=0.00..21.32 rows=888 width=0)
	              Index Cond: ((id >= 1078943) AND (id <= 1079942))

table 8 : explain SELECT SUM(k) FROM sbtest8 WHERE id BETWEEN 5923610 AND 5924609
	Aggregate  (cost=3898.42..3898.43 rows=1 width=8)
	  ->  Bitmap Heap Scan on sbtest8  (cost=22.78..3895.89 rows=1009 width=4)
	        Recheck Cond: ((id >= 5923610) AND (id <= 5924609))
	        ->  Bitmap Index Scan on sbtest8_pkey  (cost=0.00..22.52 rows=1009 width=0)
	              Index Cond: ((id >= 5923610) AND (id <= 5924609))

for: distinct_ranges
table 1 : explain SELECT DISTINCT c FROM sbtest1 WHERE id BETWEEN 9453943 AND 9454942 ORDER BY c
	Unique  (cost=4004.51..4009.63 rows=1025 width=121)
	  ->  Sort  (cost=4004.51..4007.07 rows=1025 width=121)
	        Sort Key: c
	        ->  Bitmap Heap Scan on sbtest1  (cost=22.94..3953.25 rows=1025 width=121)
	              Recheck Cond: ((id >= 9453943) AND (id <= 9454942))
	              ->  Bitmap Index Scan on sbtest1_pkey  (cost=0.00..22.68 rows=1025 width=0)
	                    Index Cond: ((id >= 9453943) AND (id <= 9454942))

table 2 : explain SELECT DISTINCT c FROM sbtest2 WHERE id BETWEEN 9369099 AND 9370098 ORDER BY c
	Unique  (cost=3753.26..3758.05 rows=959 width=121)
	  ->  Sort  (cost=3753.26..3755.65 rows=959 width=121)
	        Sort Key: c
	        ->  Bitmap Heap Scan on sbtest2  (cost=22.26..3705.76 rows=959 width=121)
	              Recheck Cond: ((id >= 9369099) AND (id <= 9370098))
	              ->  Bitmap Index Scan on sbtest2_pkey  (cost=0.00..22.02 rows=959 width=0)
	                    Index Cond: ((id >= 9369099) AND (id <= 9370098))

table 3 : explain SELECT DISTINCT c FROM sbtest3 WHERE id BETWEEN 6312213 AND 6313212 ORDER BY c
	Unique  (cost=3550.37..3554.90 rows=906 width=121)
	  ->  Sort  (cost=3550.37..3552.63 rows=906 width=121)
	        Sort Key: c
	        ->  Bitmap Heap Scan on sbtest3  (cost=21.72..3505.87 rows=906 width=121)
	              Recheck Cond: ((id >= 6312213) AND (id <= 6313212))
	              ->  Bitmap Index Scan on sbtest3_pkey  (cost=0.00..21.50 rows=906 width=0)
	                    Index Cond: ((id >= 6312213) AND (id <= 6313212))

table 4 : explain SELECT DISTINCT c FROM sbtest4 WHERE id BETWEEN 5240289 AND 5241288 ORDER BY c
	Unique  (cost=3933.93..3938.96 rows=1006 width=121)
	  ->  Sort  (cost=3933.93..3936.44 rows=1006 width=121)
	        Sort Key: c
	        ->  Bitmap Heap Scan on sbtest4  (cost=22.75..3883.76 rows=1006 width=121)
	              Recheck Cond: ((id >= 5240289) AND (id <= 5241288))
	              ->  Bitmap Index Scan on sbtest4_pkey  (cost=0.00..22.50 rows=1006 width=0)
	                    Index Cond: ((id >= 5240289) AND (id <= 5241288))

table 5 : explain SELECT DISTINCT c FROM sbtest5 WHERE id BETWEEN 9629163 AND 9630162 ORDER BY c
	Unique  (cost=3846.11..3851.03 rows=983 width=121)
	  ->  Sort  (cost=3846.11..3848.57 rows=983 width=121)
	        Sort Key: c
	        ->  Bitmap Heap Scan on sbtest5  (cost=22.51..3797.25 rows=983 width=121)
	              Recheck Cond: ((id >= 9629163) AND (id <= 9630162))
	              ->  Bitmap Index Scan on sbtest5_pkey  (cost=0.00..22.26 rows=983 width=0)
	                    Index Cond: ((id >= 9629163) AND (id <= 9630162))

table 6 : explain SELECT DISTINCT c FROM sbtest6 WHERE id BETWEEN 6775635 AND 6776634 ORDER BY c
	Unique  (cost=4339.70..4345.26 rows=1112 width=121)
	  ->  Sort  (cost=4339.70..4342.48 rows=1112 width=121)
	        Sort Key: c
	        ->  Bitmap Heap Scan on sbtest6  (cost=27.83..4283.43 rows=1112 width=121)
	              Recheck Cond: ((id >= 6775635) AND (id <= 6776634))
	              ->  Bitmap Index Scan on sbtest6_pkey  (cost=0.00..27.55 rows=1112 width=0)
	                    Index Cond: ((id >= 6775635) AND (id <= 6776634))

table 7 : explain SELECT DISTINCT c FROM sbtest7 WHERE id BETWEEN 4357947 AND 4358946 ORDER BY c
	Unique  (cost=4003.54..4008.66 rows=1024 width=121)
	  ->  Sort  (cost=4003.54..4006.10 rows=1024 width=121)
	        Sort Key: c
	        ->  Bitmap Heap Scan on sbtest7  (cost=22.93..3952.34 rows=1024 width=121)
	              Recheck Cond: ((id >= 4357947) AND (id <= 4358946))
	              ->  Bitmap Index Scan on sbtest7_pkey  (cost=0.00..22.68 rows=1024 width=0)
	                    Index Cond: ((id >= 4357947) AND (id <= 4358946))

table 8 : explain SELECT DISTINCT c FROM sbtest8 WHERE id BETWEEN 3365181 AND 3366180 ORDER BY c
	Unique  (cost=3777.89..3782.71 rows=965 width=121)
	  ->  Sort  (cost=3777.89..3780.30 rows=965 width=121)
	        Sort Key: c
	        ->  Bitmap Heap Scan on sbtest8  (cost=22.33..3730.05 rows=965 width=121)
	              Recheck Cond: ((id >= 3365181) AND (id <= 3366180))
	              ->  Bitmap Index Scan on sbtest8_pkey  (cost=0.00..22.08 rows=965 width=0)
	                    Index Cond: ((id >= 3365181) AND (id <= 3366180))

for: order_ranges
table 1 : explain SELECT c FROM sbtest1 WHERE id BETWEEN 5756304 AND 5757303 ORDER BY c
	Sort  (cost=3759.95..3762.35 rows=961 width=121)
	  Sort Key: c
	  ->  Bitmap Heap Scan on sbtest1  (cost=22.29..3712.34 rows=961 width=121)
	        Recheck Cond: ((id >= 5756304) AND (id <= 5757303))
	        ->  Bitmap Index Scan on sbtest1_pkey  (cost=0.00..22.04 rows=961 width=0)
	              Index Cond: ((id >= 5756304) AND (id <= 5757303))

table 2 : explain SELECT c FROM sbtest2 WHERE id BETWEEN 1400543 AND 1401542 ORDER BY c
	Sort  (cost=4196.35..4199.04 rows=1075 width=121)
	  Sort Key: c
	  ->  Bitmap Heap Scan on sbtest2  (cost=23.45..4142.23 rows=1075 width=121)
	        Recheck Cond: ((id >= 1400543) AND (id <= 1401542))
	        ->  Bitmap Index Scan on sbtest2_pkey  (cost=0.00..23.18 rows=1075 width=0)
	              Index Cond: ((id >= 1400543) AND (id <= 1401542))

table 3 : explain SELECT c FROM sbtest3 WHERE id BETWEEN 9389795 AND 9390794 ORDER BY c
	Sort  (cost=3799.30..3801.73 rows=971 width=121)
	  Sort Key: c
	  ->  Bitmap Heap Scan on sbtest3  (cost=22.39..3751.12 rows=971 width=121)
	        Recheck Cond: ((id >= 9389795) AND (id <= 9390794))
	        ->  Bitmap Index Scan on sbtest3_pkey  (cost=0.00..22.14 rows=971 width=0)
	              Index Cond: ((id >= 9389795) AND (id <= 9390794))

table 4 : explain SELECT c FROM sbtest4 WHERE id BETWEEN 5677683 AND 5678682 ORDER BY c
	Sort  (cost=4445.35..4448.20 rows=1140 width=121)
	  Sort Key: c
	  ->  Bitmap Heap Scan on sbtest4  (cost=28.12..4387.47 rows=1140 width=121)
	        Recheck Cond: ((id >= 5677683) AND (id <= 5678682))
	        ->  Bitmap Index Scan on sbtest4_pkey  (cost=0.00..27.83 rows=1140 width=0)
	              Index Cond: ((id >= 5677683) AND (id <= 5678682))

table 5 : explain SELECT c FROM sbtest5 WHERE id BETWEEN 7203382 AND 7204381 ORDER BY c
	Sort  (cost=3983.75..3986.30 rows=1019 width=121)
	  Sort Key: c
	  ->  Bitmap Heap Scan on sbtest5  (cost=22.88..3932.84 rows=1019 width=121)
	        Recheck Cond: ((id >= 7203382) AND (id <= 7204381))
	        ->  Bitmap Index Scan on sbtest5_pkey  (cost=0.00..22.62 rows=1019 width=0)
	              Index Cond: ((id >= 7203382) AND (id <= 7204381))

table 6 : explain SELECT c FROM sbtest6 WHERE id BETWEEN 9767344 AND 9768343 ORDER BY c
	Sort  (cost=3777.90..3780.31 rows=965 width=121)
	  Sort Key: c
	  ->  Bitmap Heap Scan on sbtest6  (cost=22.33..3730.06 rows=965 width=121)
	        Recheck Cond: ((id >= 9767344) AND (id <= 9768343))
	        ->  Bitmap Index Scan on sbtest6_pkey  (cost=0.00..22.08 rows=965 width=0)
	              Index Cond: ((id >= 9767344) AND (id <= 9768343))

table 7 : explain SELECT c FROM sbtest7 WHERE id BETWEEN 2177274 AND 2178273 ORDER BY c
	Sort  (cost=4469.16..4472.02 rows=1146 width=121)
	  Sort Key: c
	  ->  Bitmap Heap Scan on sbtest7  (cost=28.18..4410.93 rows=1146 width=121)
	        Recheck Cond: ((id >= 2177274) AND (id <= 2178273))
	        ->  Bitmap Index Scan on sbtest7_pkey  (cost=0.00..27.89 rows=1146 width=0)
	              Index Cond: ((id >= 2177274) AND (id <= 2178273))

table 8 : explain SELECT c FROM sbtest8 WHERE id BETWEEN 2498062 AND 2499061 ORDER BY c
	Sort  (cost=3716.61..3718.99 rows=949 width=121)
	  Sort Key: c
	  ->  Bitmap Heap Scan on sbtest8  (cost=22.16..3669.68 rows=949 width=121)
	        Recheck Cond: ((id >= 2498062) AND (id <= 2499061))
	        ->  Bitmap Index Scan on sbtest8_pkey  (cost=0.00..21.93 rows=949 width=0)
	              Index Cond: ((id >= 2498062) AND (id <= 2499061))

for: distinct_ranges
table 1 : explain SELECT DISTINCT c FROM sbtest1 WHERE id BETWEEN 8382705 AND 8383704 ORDER BY c
	Unique  (cost=3733.17..3737.94 rows=954 width=121)
	  ->  Sort  (cost=3733.17..3735.56 rows=954 width=121)
	        Sort Key: c
	        ->  Bitmap Heap Scan on sbtest1  (cost=22.21..3685.96 rows=954 width=121)
	              Recheck Cond: ((id >= 8382705) AND (id <= 8383704))
	              ->  Bitmap Index Scan on sbtest1_pkey  (cost=0.00..21.97 rows=954 width=0)
	                    Index Cond: ((id >= 8382705) AND (id <= 8383704))

table 2 : explain SELECT DISTINCT c FROM sbtest2 WHERE id BETWEEN 5396337 AND 5397336 ORDER BY c
	Unique  (cost=3955.91..3960.97 rows=1012 width=121)
	  ->  Sort  (cost=3955.91..3958.44 rows=1012 width=121)
	        Sort Key: c
	        ->  Bitmap Heap Scan on sbtest2  (cost=22.81..3905.40 rows=1012 width=121)
	              Recheck Cond: ((id >= 5396337) AND (id <= 5397336))
	              ->  Bitmap Index Scan on sbtest2_pkey  (cost=0.00..22.55 rows=1012 width=0)
	                    Index Cond: ((id >= 5396337) AND (id <= 5397336))

table 3 : explain SELECT DISTINCT c FROM sbtest3 WHERE id BETWEEN 1903851 AND 1904850 ORDER BY c
	Unique  (cost=3799.30..3804.16 rows=971 width=121)
	  ->  Sort  (cost=3799.30..3801.73 rows=971 width=121)
	        Sort Key: c
	        ->  Bitmap Heap Scan on sbtest3  (cost=22.39..3751.12 rows=971 width=121)
	              Recheck Cond: ((id >= 1903851) AND (id <= 1904850))
	              ->  Bitmap Index Scan on sbtest3_pkey  (cost=0.00..22.14 rows=971 width=0)
	                    Index Cond: ((id >= 1903851) AND (id <= 1904850))

table 4 : explain SELECT DISTINCT c FROM sbtest4 WHERE id BETWEEN 3953841 AND 3954840 ORDER BY c
	Unique  (cost=4483.41..4489.16 rows=1150 width=121)
	  ->  Sort  (cost=4483.41..4486.29 rows=1150 width=121)
	        Sort Key: c
	        ->  Bitmap Heap Scan on sbtest4  (cost=28.22..4424.95 rows=1150 width=121)
	              Recheck Cond: ((id >= 3953841) AND (id <= 3954840))
	              ->  Bitmap Index Scan on sbtest4_pkey  (cost=0.00..27.93 rows=1150 width=0)
	                    Index Cond: ((id >= 3953841) AND (id <= 3954840))

table 5 : explain SELECT DISTINCT c FROM sbtest5 WHERE id BETWEEN 1721493 AND 1722492 ORDER BY c
	Unique  (cost=3834.63..3839.53 rows=980 width=121)
	  ->  Sort  (cost=3834.63..3837.08 rows=980 width=121)
	        Sort Key: c
	        ->  Bitmap Heap Scan on sbtest5  (cost=22.48..3785.94 rows=980 width=121)
	              Recheck Cond: ((id >= 1721493) AND (id <= 1722492))
	              ->  Bitmap Index Scan on sbtest5_pkey  (cost=0.00..22.23 rows=980 width=0)
	                    Index Cond: ((id >= 1721493) AND (id <= 1722492))

table 6 : explain SELECT DISTINCT c FROM sbtest6 WHERE id BETWEEN 388211 AND 389210 ORDER BY c
	Unique  (cost=3632.31..3636.95 rows=927 width=121)
	  ->  Sort  (cost=3632.31..3634.63 rows=927 width=121)
	        Sort Key: c
	        ->  Bitmap Heap Scan on sbtest6  (cost=21.94..3586.63 rows=927 width=121)
	              Recheck Cond: ((id >= 388211) AND (id <= 389210))
	              ->  Bitmap Index Scan on sbtest6_pkey  (cost=0.00..21.70 rows=927 width=0)
	                    Index Cond: ((id >= 388211) AND (id <= 389210))

table 7 : explain SELECT DISTINCT c FROM sbtest7 WHERE id BETWEEN 7125361 AND 7126360 ORDER BY c
	Unique  (cost=4167.75..4173.09 rows=1067 width=121)
	  ->  Sort  (cost=4167.75..4170.42 rows=1067 width=121)
	        Sort Key: c
	        ->  Bitmap Heap Scan on sbtest7  (cost=23.37..4114.08 rows=1067 width=121)
	              Recheck Cond: ((id >= 7125361) AND (id <= 7126360))
	              ->  Bitmap Index Scan on sbtest7_pkey  (cost=0.00..23.11 rows=1067 width=0)
	                    Index Cond: ((id >= 7125361) AND (id <= 7126360))

table 8 : explain SELECT DISTINCT c FROM sbtest8 WHERE id BETWEEN 6214527 AND 6215526 ORDER BY c
	Unique  (cost=3697.46..3702.18 rows=944 width=121)
	  ->  Sort  (cost=3697.46..3699.82 rows=944 width=121)
	        Sort Key: c
	        ->  Bitmap Heap Scan on sbtest8  (cost=22.11..3650.81 rows=944 width=121)
	              Recheck Cond: ((id >= 6214527) AND (id <= 6215526))
	              ->  Bitmap Index Scan on sbtest8_pkey  (cost=0.00..21.87 rows=944 width=0)
	                    Index Cond: ((id >= 6214527) AND (id <= 6215526))

for: distinct_ranges
table 1 : explain SELECT DISTINCT c FROM sbtest1 WHERE id BETWEEN 9642734 AND 9643733 ORDER BY c
	Unique  (cost=3541.71..3546.23 rows=904 width=121)
	  ->  Sort  (cost=3541.71..3543.97 rows=904 width=121)
	        Sort Key: c
	        ->  Bitmap Heap Scan on sbtest1  (cost=21.70..3497.32 rows=904 width=121)
	              Recheck Cond: ((id >= 9642734) AND (id <= 9643733))
	              ->  Bitmap Index Scan on sbtest1_pkey  (cost=0.00..21.47 rows=904 width=0)
	                    Index Cond: ((id >= 9642734) AND (id <= 9643733))

table 2 : explain SELECT DISTINCT c FROM sbtest2 WHERE id BETWEEN 2114950 AND 2115949 ORDER BY c
	Unique  (cost=3955.91..3960.97 rows=1012 width=121)
	  ->  Sort  (cost=3955.91..3958.44 rows=1012 width=121)
	        Sort Key: c
	        ->  Bitmap Heap Scan on sbtest2  (cost=22.81..3905.40 rows=1012 width=121)
	              Recheck Cond: ((id >= 2114950) AND (id <= 2115949))
	              ->  Bitmap Index Scan on sbtest2_pkey  (cost=0.00..22.55 rows=1012 width=0)
	                    Index Cond: ((id >= 2114950) AND (id <= 2115949))

table 3 : explain SELECT DISTINCT c FROM sbtest3 WHERE id BETWEEN 4162668 AND 4163667 ORDER BY c
	Unique  (cost=4059.16..4064.36 rows=1039 width=121)
	  ->  Sort  (cost=4059.16..4061.76 rows=1039 width=121)
	        Sort Key: c
	        ->  Bitmap Heap Scan on sbtest3  (cost=23.08..4007.10 rows=1039 width=121)
	              Recheck Cond: ((id >= 4162668) AND (id <= 4163667))
	              ->  Bitmap Index Scan on sbtest3_pkey  (cost=0.00..22.82 rows=1039 width=0)
	                    Index Cond: ((id >= 4162668) AND (id <= 4163667))

table 4 : explain SELECT DISTINCT c FROM sbtest4 WHERE id BETWEEN 6944678 AND 6945677 ORDER BY c
	Unique  (cost=3838.33..3843.23 rows=981 width=121)
	  ->  Sort  (cost=3838.33..3840.78 rows=981 width=121)
	        Sort Key: c
	        ->  Bitmap Heap Scan on sbtest4  (cost=22.49..3789.58 rows=981 width=121)
	              Recheck Cond: ((id >= 6944678) AND (id <= 6945677))
	              ->  Bitmap Index Scan on sbtest4_pkey  (cost=0.00..22.25 rows=981 width=0)
	                    Index Cond: ((id >= 6944678) AND (id <= 6945677))

table 5 : explain SELECT DISTINCT c FROM sbtest5 WHERE id BETWEEN 9947185 AND 9948184 ORDER BY c
	Unique  (cost=4075.42..4080.64 rows=1043 width=121)
	  ->  Sort  (cost=4075.42..4078.03 rows=1043 width=121)
	        Sort Key: c
	        ->  Bitmap Heap Scan on sbtest5  (cost=23.13..4023.14 rows=1043 width=121)
	              Recheck Cond: ((id >= 9947185) AND (id <= 9948184))
	              ->  Bitmap Index Scan on sbtest5_pkey  (cost=0.00..22.86 rows=1043 width=0)
	                    Index Cond: ((id >= 9947185) AND (id <= 9948184))

table 6 : explain SELECT DISTINCT c FROM sbtest6 WHERE id BETWEEN 7108647 AND 7109646 ORDER BY c
	Unique  (cost=3911.83..3916.83 rows=1000 width=121)
	  ->  Sort  (cost=3911.83..3914.33 rows=1000 width=121)
	        Sort Key: c
	        ->  Bitmap Heap Scan on sbtest6  (cost=22.68..3862.00 rows=1000 width=121)
	              Recheck Cond: ((id >= 7108647) AND (id <= 7109646))
	              ->  Bitmap Index Scan on sbtest6_pkey  (cost=0.00..22.43 rows=1000 width=0)
	                    Index Cond: ((id >= 7108647) AND (id <= 7109646))

table 7 : explain SELECT DISTINCT c FROM sbtest7 WHERE id BETWEEN 1892342 AND 1893341 ORDER BY c
	Unique  (cost=3869.71..3874.65 rows=989 width=121)
	  ->  Sort  (cost=3869.71..3872.18 rows=989 width=121)
	        Sort Key: c
	        ->  Bitmap Heap Scan on sbtest7  (cost=22.57..3820.51 rows=989 width=121)
	              Recheck Cond: ((id >= 1892342) AND (id <= 1893341))
	              ->  Bitmap Index Scan on sbtest7_pkey  (cost=0.00..22.32 rows=989 width=0)
	                    Index Cond: ((id >= 1892342) AND (id <= 1893341))

table 8 : explain SELECT DISTINCT c FROM sbtest8 WHERE id BETWEEN 3181359 AND 3182358 ORDER BY c
	Unique  (cost=3685.96..3690.67 rows=941 width=121)
	  ->  Sort  (cost=3685.96..3688.32 rows=941 width=121)
	        Sort Key: c
	        ->  Bitmap Heap Scan on sbtest8  (cost=22.08..3639.49 rows=941 width=121)
	              Recheck Cond: ((id >= 3181359) AND (id <= 3182358))
	              ->  Bitmap Index Scan on sbtest8_pkey  (cost=0.00..21.84 rows=941 width=0)
	                    Index Cond: ((id >= 3181359) AND (id <= 3182358))

for: order_ranges
table 1 : explain SELECT c FROM sbtest1 WHERE id BETWEEN 4867186 AND 4868185 ORDER BY c
	Sort  (cost=4019.78..4022.35 rows=1029 width=121)
	  Sort Key: c
	  ->  Bitmap Heap Scan on sbtest1  (cost=22.98..3968.29 rows=1029 width=121)
	        Recheck Cond: ((id >= 4867186) AND (id <= 4868185))
	        ->  Bitmap Index Scan on sbtest1_pkey  (cost=0.00..22.72 rows=1029 width=0)
	              Index Cond: ((id >= 4867186) AND (id <= 4868185))

table 2 : explain SELECT c FROM sbtest2 WHERE id BETWEEN 5433648 AND 5434647 ORDER BY c
	Sort  (cost=3994.11..3996.66 rows=1022 width=121)
	  Sort Key: c
	  ->  Bitmap Heap Scan on sbtest2  (cost=22.91..3943.02 rows=1022 width=121)
	        Recheck Cond: ((id >= 5433648) AND (id <= 5434647))
	        ->  Bitmap Index Scan on sbtest2_pkey  (cost=0.00..22.65 rows=1022 width=0)
	              Index Cond: ((id >= 5433648) AND (id <= 5434647))

table 3 : explain SELECT c FROM sbtest3 WHERE id BETWEEN 3306272 AND 3307271 ORDER BY c
	Sort  (cost=3653.84..3656.17 rows=933 width=121)
	  Sort Key: c
	  ->  Bitmap Heap Scan on sbtest3  (cost=22.00..3607.81 rows=933 width=121)
	        Recheck Cond: ((id >= 3306272) AND (id <= 3307271))
	        ->  Bitmap Index Scan on sbtest3_pkey  (cost=0.00..21.76 rows=933 width=0)
	              Index Cond: ((id >= 3306272) AND (id <= 3307271))

table 4 : explain SELECT c FROM sbtest4 WHERE id BETWEEN 1310714 AND 1311713 ORDER BY c
	Sort  (cost=3528.04..3530.29 rows=900 width=121)
	  Sort Key: c
	  ->  Bitmap Heap Scan on sbtest4  (cost=21.66..3483.88 rows=900 width=121)
	        Recheck Cond: ((id >= 1310714) AND (id <= 1311713))
	        ->  Bitmap Index Scan on sbtest4_pkey  (cost=0.00..21.43 rows=900 width=0)
	              Index Cond: ((id >= 1310714) AND (id <= 1311713))

table 5 : explain SELECT c FROM sbtest5 WHERE id BETWEEN 8610913 AND 8611912 ORDER BY c
	Sort  (cost=4316.01..4318.77 rows=1106 width=121)
	  Sort Key: c
	  ->  Bitmap Heap Scan on sbtest5  (cost=27.77..4260.10 rows=1106 width=121)
	        Recheck Cond: ((id >= 8610913) AND (id <= 8611912))
	        ->  Bitmap Index Scan on sbtest5_pkey  (cost=0.00..27.50 rows=1106 width=0)
	              Index Cond: ((id >= 8610913) AND (id <= 8611912))

table 6 : explain SELECT c FROM sbtest6 WHERE id BETWEEN 2270798 AND 2271797 ORDER BY c
	Sort  (cost=4240.29..4243.01 rows=1086 width=121)
	  Sort Key: c
	  ->  Bitmap Heap Scan on sbtest6  (cost=23.57..4185.53 rows=1086 width=121)
	        Recheck Cond: ((id >= 2270798) AND (id <= 2271797))
	        ->  Bitmap Index Scan on sbtest6_pkey  (cost=0.00..23.29 rows=1086 width=0)
	              Index Cond: ((id >= 2270798) AND (id <= 2271797))

table 7 : explain SELECT c FROM sbtest7 WHERE id BETWEEN 8880531 AND 8881530 ORDER BY c
	Sort  (cost=3816.13..3818.57 rows=975 width=121)
	  Sort Key: c
	  ->  Bitmap Heap Scan on sbtest7  (cost=22.43..3767.73 rows=975 width=121)
	        Recheck Cond: ((id >= 8880531) AND (id <= 8881530))
	        ->  Bitmap Index Scan on sbtest7_pkey  (cost=0.00..22.18 rows=975 width=0)
	              Index Cond: ((id >= 8880531) AND (id <= 8881530))

table 8 : explain SELECT c FROM sbtest8 WHERE id BETWEEN 1592117 AND 1593116 ORDER BY c
	Sort  (cost=3911.82..3914.32 rows=1000 width=121)
	  Sort Key: c
	  ->  Bitmap Heap Scan on sbtest8  (cost=22.68..3861.99 rows=1000 width=121)
	        Recheck Cond: ((id >= 1592117) AND (id <= 1593116))
	        ->  Bitmap Index Scan on sbtest8_pkey  (cost=0.00..22.43 rows=1000 width=0)
	              Index Cond: ((id >= 1592117) AND (id <= 1593116))

for: sum_ranges
table 1 : explain SELECT SUM(k) FROM sbtest1 WHERE id BETWEEN 6898014 AND 6899013
	Aggregate  (cost=3944.53..3944.54 rows=1 width=8)
	  ->  Bitmap Heap Scan on sbtest1  (cost=22.91..3941.97 rows=1022 width=4)
	        Recheck Cond: ((id >= 6898014) AND (id <= 6899013))
	        ->  Bitmap Index Scan on sbtest1_pkey  (cost=0.00..22.65 rows=1022 width=0)
	              Index Cond: ((id >= 6898014) AND (id <= 6899013))

table 2 : explain SELECT SUM(k) FROM sbtest2 WHERE id BETWEEN 8755745 AND 8756744
	Aggregate  (cost=4269.12..4269.13 rows=1 width=8)
	  ->  Bitmap Heap Scan on sbtest2  (cost=27.79..4266.35 rows=1108 width=4)
	        Recheck Cond: ((id >= 8755745) AND (id <= 8756744))
	        ->  Bitmap Index Scan on sbtest2_pkey  (cost=0.00..27.51 rows=1108 width=0)
	              Index Cond: ((id >= 8755745) AND (id <= 8756744))

table 3 : explain SELECT SUM(k) FROM sbtest3 WHERE id BETWEEN 9173167 AND 9174166
	Aggregate  (cost=3798.80..3798.81 rows=1 width=8)
	  ->  Bitmap Heap Scan on sbtest3  (cost=22.51..3796.34 rows=983 width=4)
	        Recheck Cond: ((id >= 9173167) AND (id <= 9174166))
	        ->  Bitmap Index Scan on sbtest3_pkey  (cost=0.00..22.26 rows=983 width=0)
	              Index Cond: ((id >= 9173167) AND (id <= 9174166))

table 4 : explain SELECT SUM(k) FROM sbtest4 WHERE id BETWEEN 7084243 AND 7085242
	Aggregate  (cost=3739.22..3739.23 rows=1 width=8)
	  ->  Bitmap Heap Scan on sbtest4  (cost=22.35..3736.81 rows=967 width=4)
	        Recheck Cond: ((id >= 7084243) AND (id <= 7085242))
	        ->  Bitmap Index Scan on sbtest4_pkey  (cost=0.00..22.11 rows=967 width=0)
	              Index Cond: ((id >= 7084243) AND (id <= 7085242))

table 5 : explain SELECT SUM(k) FROM sbtest5 WHERE id BETWEEN 5075904 AND 5076903
	Aggregate  (cost=4029.51..4029.52 rows=1 width=8)
	  ->  Bitmap Heap Scan on sbtest5  (cost=23.14..4026.90 rows=1044 width=4)
	        Recheck Cond: ((id >= 5075904) AND (id <= 5076903))
	        ->  Bitmap Index Scan on sbtest5_pkey  (cost=0.00..22.87 rows=1044 width=0)
	              Index Cond: ((id >= 5075904) AND (id <= 5076903))

table 6 : explain SELECT SUM(k) FROM sbtest6 WHERE id BETWEEN 3846913 AND 3847912
	Aggregate  (cost=3585.17..3585.18 rows=1 width=8)
	  ->  Bitmap Heap Scan on sbtest6  (cost=21.93..3582.85 rows=926 width=4)
	        Recheck Cond: ((id >= 3846913) AND (id <= 3847912))
	        ->  Bitmap Index Scan on sbtest6_pkey  (cost=0.00..21.69 rows=926 width=0)
	              Index Cond: ((id >= 3846913) AND (id <= 3847912))

table 7 : explain SELECT SUM(k) FROM sbtest7 WHERE id BETWEEN 8417578 AND 8418577
	Aggregate  (cost=3917.22..3917.23 rows=1 width=8)
	  ->  Bitmap Heap Scan on sbtest7  (cost=22.83..3914.69 rows=1014 width=4)
	        Recheck Cond: ((id >= 8417578) AND (id <= 8418577))
	        ->  Bitmap Index Scan on sbtest7_pkey  (cost=0.00..22.57 rows=1014 width=0)
	              Index Cond: ((id >= 8417578) AND (id <= 8418577))

table 8 : explain SELECT SUM(k) FROM sbtest8 WHERE id BETWEEN 7455040 AND 7456039
	Aggregate  (cost=3928.56..3928.57 rows=1 width=8)
	  ->  Bitmap Heap Scan on sbtest8  (cost=22.86..3926.02 rows=1017 width=4)
	        Recheck Cond: ((id >= 7455040) AND (id <= 7456039))
	        ->  Bitmap Index Scan on sbtest8_pkey  (cost=0.00..22.61 rows=1017 width=0)
	              Index Cond: ((id >= 7455040) AND (id <= 7456039))

for: distinct_ranges
table 1 : explain SELECT DISTINCT c FROM sbtest1 WHERE id BETWEEN 7416474 AND 7417473 ORDER BY c
	Unique  (cost=3710.21..3714.95 rows=948 width=121)
	  ->  Sort  (cost=3710.21..3712.58 rows=948 width=121)
	        Sort Key: c
	        ->  Bitmap Heap Scan on sbtest1  (cost=22.15..3663.34 rows=948 width=121)
	              Recheck Cond: ((id >= 7416474) AND (id <= 7417473))
	              ->  Bitmap Index Scan on sbtest1_pkey  (cost=0.00..21.91 rows=948 width=0)
	                    Index Cond: ((id >= 7416474) AND (id <= 7417473))

table 2 : explain SELECT DISTINCT c FROM sbtest2 WHERE id BETWEEN 3410791 AND 3411790 ORDER BY c
	Unique  (cost=4062.83..4068.03 rows=1040 width=121)
	  ->  Sort  (cost=4062.83..4065.43 rows=1040 width=121)
	        Sort Key: c
	        ->  Bitmap Heap Scan on sbtest2  (cost=23.09..4010.72 rows=1040 width=121)
	              Recheck Cond: ((id >= 3410791) AND (id <= 3411790))
	              ->  Bitmap Index Scan on sbtest2_pkey  (cost=0.00..22.83 rows=1040 width=0)
	                    Index Cond: ((id >= 3410791) AND (id <= 3411790))

table 3 : explain SELECT DISTINCT c FROM sbtest3 WHERE id BETWEEN 402506 AND 403505 ORDER BY c
	Unique  (cost=3833.73..3838.63 rows=980 width=121)
	  ->  Sort  (cost=3833.73..3836.18 rows=980 width=121)
	        Sort Key: c
	        ->  Bitmap Heap Scan on sbtest3  (cost=22.48..3785.04 rows=980 width=121)
	              Recheck Cond: ((id >= 402506) AND (id <= 403505))
	              ->  Bitmap Index Scan on sbtest3_pkey  (cost=0.00..22.23 rows=980 width=0)
	                    Index Cond: ((id >= 402506) AND (id <= 403505))

table 4 : explain SELECT DISTINCT c FROM sbtest4 WHERE id BETWEEN 5406475 AND 5407474 ORDER BY c
	Unique  (cost=4250.78..4256.23 rows=1089 width=121)
	  ->  Sort  (cost=4250.78..4253.51 rows=1089 width=121)
	        Sort Key: c
	        ->  Bitmap Heap Scan on sbtest4  (cost=23.60..4195.85 rows=1089 width=121)
	              Recheck Cond: ((id >= 5406475) AND (id <= 5407474))
	              ->  Bitmap Index Scan on sbtest4_pkey  (cost=0.00..23.32 rows=1089 width=0)
	                    Index Cond: ((id >= 5406475) AND (id <= 5407474))

table 5 : explain SELECT DISTINCT c FROM sbtest5 WHERE id BETWEEN 3671501 AND 3672500 ORDER BY c
	Unique  (cost=4430.28..4435.96 rows=1136 width=121)
	  ->  Sort  (cost=4430.28..4433.12 rows=1136 width=121)
	        Sort Key: c
	        ->  Bitmap Heap Scan on sbtest5  (cost=28.08..4372.63 rows=1136 width=121)
	              Recheck Cond: ((id >= 3671501) AND (id <= 3672500))
	              ->  Bitmap Index Scan on sbtest5_pkey  (cost=0.00..27.79 rows=1136 width=0)
	                    Index Cond: ((id >= 3671501) AND (id <= 3672500))

table 6 : explain SELECT DISTINCT c FROM sbtest6 WHERE id BETWEEN 1064745 AND 1065744 ORDER BY c
	Unique  (cost=3804.70..3809.56 rows=972 width=121)
	  ->  Sort  (cost=3804.70..3807.13 rows=972 width=121)
	        Sort Key: c
	        ->  Bitmap Heap Scan on sbtest6  (cost=22.40..3756.46 rows=972 width=121)
	              Recheck Cond: ((id >= 1064745) AND (id <= 1065744))
	              ->  Bitmap Index Scan on sbtest6_pkey  (cost=0.00..22.15 rows=972 width=0)
	                    Index Cond: ((id >= 1064745) AND (id <= 1065744))

table 7 : explain SELECT DISTINCT c FROM sbtest7 WHERE id BETWEEN 5052191 AND 5053190 ORDER BY c
	Unique  (cost=3995.89..4001.00 rows=1022 width=121)
	  ->  Sort  (cost=3995.89..3998.45 rows=1022 width=121)
	        Sort Key: c
	        ->  Bitmap Heap Scan on sbtest7  (cost=22.91..3944.81 rows=1022 width=121)
	              Recheck Cond: ((id >= 5052191) AND (id <= 5053190))
	              ->  Bitmap Index Scan on sbtest7_pkey  (cost=0.00..22.65 rows=1022 width=0)
	                    Index Cond: ((id >= 5052191) AND (id <= 5053190))

table 8 : explain SELECT DISTINCT c FROM sbtest8 WHERE id BETWEEN 9867557 AND 9868556 ORDER BY c
	Unique  (cost=3781.72..3786.55 rows=966 width=121)
	  ->  Sort  (cost=3781.72..3784.13 rows=966 width=121)
	        Sort Key: c
	        ->  Bitmap Heap Scan on sbtest8  (cost=22.34..3733.82 rows=966 width=121)
	              Recheck Cond: ((id >= 9867557) AND (id <= 9868556))
	              ->  Bitmap Index Scan on sbtest8_pkey  (cost=0.00..22.09 rows=966 width=0)
	                    Index Cond: ((id >= 9867557) AND (id <= 9868556))

explain: for point_selects :: explain SELECT c FROM sbtest%u WHERE id=%u
for: distinct_ranges
table 1 : explain SELECT DISTINCT c FROM sbtest1 WHERE id BETWEEN 7970707 AND 7971706 ORDER BY c
	Unique  (cost=4073.20..4078.41 rows=1043 width=121)
	  ->  Sort  (cost=4073.20..4075.81 rows=1043 width=121)
	        Sort Key: c
	        ->  Bitmap Heap Scan on sbtest1  (cost=23.13..4020.91 rows=1043 width=121)
	              Recheck Cond: ((id >= 7970707) AND (id <= 7971706))
	              ->  Bitmap Index Scan on sbtest1_pkey  (cost=0.00..22.86 rows=1043 width=0)
	                    Index Cond: ((id >= 7970707) AND (id <= 7971706))

table 2 : explain SELECT DISTINCT c FROM sbtest2 WHERE id BETWEEN 8614511 AND 8615510 ORDER BY c
	Unique  (cost=3684.35..3689.06 rows=941 width=121)
	  ->  Sort  (cost=3684.35..3686.70 rows=941 width=121)
	        Sort Key: c
	        ->  Bitmap Heap Scan on sbtest2  (cost=22.08..3637.87 rows=941 width=121)
	              Recheck Cond: ((id >= 8614511) AND (id <= 8615510))
	              ->  Bitmap Index Scan on sbtest2_pkey  (cost=0.00..21.84 rows=941 width=0)
	                    Index Cond: ((id >= 8614511) AND (id <= 8615510))

table 3 : explain SELECT DISTINCT c FROM sbtest3 WHERE id BETWEEN 5460148 AND 5461147 ORDER BY c
	Unique  (cost=3933.12..3938.15 rows=1006 width=121)
	  ->  Sort  (cost=3933.12..3935.64 rows=1006 width=121)
	        Sort Key: c
	        ->  Bitmap Heap Scan on sbtest3  (cost=22.75..3882.95 rows=1006 width=121)
	              Recheck Cond: ((id >= 5460148) AND (id <= 5461147))
	              ->  Bitmap Index Scan on sbtest3_pkey  (cost=0.00..22.50 rows=1006 width=0)
	                    Index Cond: ((id >= 5460148) AND (id <= 5461147))

table 4 : explain SELECT DISTINCT c FROM sbtest4 WHERE id BETWEEN 8460173 AND 8461172 ORDER BY c
	Unique  (cost=4426.31..4431.99 rows=1135 width=121)
	  ->  Sort  (cost=4426.31..4429.15 rows=1135 width=121)
	        Sort Key: c
	        ->  Bitmap Heap Scan on sbtest4  (cost=28.07..4368.72 rows=1135 width=121)
	              Recheck Cond: ((id >= 8460173) AND (id <= 8461172))
	              ->  Bitmap Index Scan on sbtest4_pkey  (cost=0.00..27.79 rows=1135 width=0)
	                    Index Cond: ((id >= 8460173) AND (id <= 8461172))

table 5 : explain SELECT DISTINCT c FROM sbtest5 WHERE id BETWEEN 4649363 AND 4650362 ORDER BY c
	Unique  (cost=4132.68..4137.97 rows=1058 width=121)
	  ->  Sort  (cost=4132.68..4135.33 rows=1058 width=121)
	        Sort Key: c
	        ->  Bitmap Heap Scan on sbtest5  (cost=23.28..4079.53 rows=1058 width=121)
	              Recheck Cond: ((id >= 4649363) AND (id <= 4650362))
	              ->  Bitmap Index Scan on sbtest5_pkey  (cost=0.00..23.01 rows=1058 width=0)
	                    Index Cond: ((id >= 4649363) AND (id <= 4650362))

table 6 : explain SELECT DISTINCT c FROM sbtest6 WHERE id BETWEEN 4894708 AND 4895707 ORDER BY c
	Unique  (cost=3927.13..3932.15 rows=1004 width=121)
	  ->  Sort  (cost=3927.13..3929.64 rows=1004 width=121)
	        Sort Key: c
	        ->  Bitmap Heap Scan on sbtest6  (cost=22.73..3877.07 rows=1004 width=121)
	              Recheck Cond: ((id >= 4894708) AND (id <= 4895707))
	              ->  Bitmap Index Scan on sbtest6_pkey  (cost=0.00..22.47 rows=1004 width=0)
	                    Index Cond: ((id >= 4894708) AND (id <= 4895707))

table 7 : explain SELECT DISTINCT c FROM sbtest7 WHERE id BETWEEN 7693298 AND 7694297 ORDER BY c
	Unique  (cost=3605.43..3610.03 rows=920 width=121)
	  ->  Sort  (cost=3605.43..3607.73 rows=920 width=121)
	        Sort Key: c
	        ->  Bitmap Heap Scan on sbtest7  (cost=21.87..3560.14 rows=920 width=121)
	              Recheck Cond: ((id >= 7693298) AND (id <= 7694297))
	              ->  Bitmap Index Scan on sbtest7_pkey  (cost=0.00..21.64 rows=920 width=0)
	                    Index Cond: ((id >= 7693298) AND (id <= 7694297))

table 8 : explain SELECT DISTINCT c FROM sbtest8 WHERE id BETWEEN 5575523 AND 5576522 ORDER BY c
	Unique  (cost=3888.87..3893.84 rows=994 width=121)
	  ->  Sort  (cost=3888.87..3891.36 rows=994 width=121)
	        Sort Key: c
	        ->  Bitmap Heap Scan on sbtest8  (cost=22.62..3839.39 rows=994 width=121)
	              Recheck Cond: ((id >= 5575523) AND (id <= 5576522))
	              ->  Bitmap Index Scan on sbtest8_pkey  (cost=0.00..22.37 rows=994 width=0)
	                    Index Cond: ((id >= 5575523) AND (id <= 5576522))

for: distinct_ranges
table 1 : explain SELECT DISTINCT c FROM sbtest1 WHERE id BETWEEN 6386269 AND 6387268 ORDER BY c
	Unique  (cost=3568.53..3573.09 rows=911 width=121)
	  ->  Sort  (cost=3568.53..3570.81 rows=911 width=121)
	        Sort Key: c
	        ->  Bitmap Heap Scan on sbtest1  (cost=21.77..3523.75 rows=911 width=121)
	              Recheck Cond: ((id >= 6386269) AND (id <= 6387268))
	              ->  Bitmap Index Scan on sbtest1_pkey  (cost=0.00..21.54 rows=911 width=0)
	                    Index Cond: ((id >= 6386269) AND (id <= 6387268))

table 2 : explain SELECT DISTINCT c FROM sbtest2 WHERE id BETWEEN 7405785 AND 7406784 ORDER BY c
	Unique  (cost=3584.75..3589.32 rows=915 width=121)
	  ->  Sort  (cost=3584.75..3587.04 rows=915 width=121)
	        Sort Key: c
	        ->  Bitmap Heap Scan on sbtest2  (cost=21.81..3539.74 rows=915 width=121)
	              Recheck Cond: ((id >= 7405785) AND (id <= 7406784))
	              ->  Bitmap Index Scan on sbtest2_pkey  (cost=0.00..21.58 rows=915 width=0)
	                    Index Cond: ((id >= 7405785) AND (id <= 7406784))

table 3 : explain SELECT DISTINCT c FROM sbtest3 WHERE id BETWEEN 2221617 AND 2222616 ORDER BY c
	Unique  (cost=3581.04..3585.61 rows=914 width=121)
	  ->  Sort  (cost=3581.04..3583.32 rows=914 width=121)
	        Sort Key: c
	        ->  Bitmap Heap Scan on sbtest3  (cost=21.80..3536.08 rows=914 width=121)
	              Recheck Cond: ((id >= 2221617) AND (id <= 2222616))
	              ->  Bitmap Index Scan on sbtest3_pkey  (cost=0.00..21.57 rows=914 width=0)
	                    Index Cond: ((id >= 2221617) AND (id <= 2222616))

table 4 : explain SELECT DISTINCT c FROM sbtest4 WHERE id BETWEEN 3235300 AND 3236299 ORDER BY c
	Unique  (cost=3520.37..3524.86 rows=898 width=121)
	  ->  Sort  (cost=3520.37..3522.62 rows=898 width=121)
	        Sort Key: c
	        ->  Bitmap Heap Scan on sbtest4  (cost=21.64..3476.32 rows=898 width=121)
	              Recheck Cond: ((id >= 3235300) AND (id <= 3236299))
	              ->  Bitmap Index Scan on sbtest4_pkey  (cost=0.00..21.41 rows=898 width=0)
	                    Index Cond: ((id >= 3235300) AND (id <= 3236299))

table 5 : explain SELECT DISTINCT c FROM sbtest5 WHERE id BETWEEN 9663420 AND 9664419 ORDER BY c
	Unique  (cost=3846.11..3851.03 rows=983 width=121)
	  ->  Sort  (cost=3846.11..3848.57 rows=983 width=121)
	        Sort Key: c
	        ->  Bitmap Heap Scan on sbtest5  (cost=22.51..3797.25 rows=983 width=121)
	              Recheck Cond: ((id >= 9663420) AND (id <= 9664419))
	              ->  Bitmap Index Scan on sbtest5_pkey  (cost=0.00..22.26 rows=983 width=0)
	                    Index Cond: ((id >= 9663420) AND (id <= 9664419))

table 6 : explain SELECT DISTINCT c FROM sbtest6 WHERE id BETWEEN 585535 AND 586534 ORDER BY c
	Unique  (cost=3816.18..3821.05 rows=975 width=121)
	  ->  Sort  (cost=3816.18..3818.62 rows=975 width=121)
	        Sort Key: c
	        ->  Bitmap Heap Scan on sbtest6  (cost=22.43..3767.77 rows=975 width=121)
	              Recheck Cond: ((id >= 585535) AND (id <= 586534))
	              ->  Bitmap Index Scan on sbtest6_pkey  (cost=0.00..22.18 rows=975 width=0)
	                    Index Cond: ((id >= 585535) AND (id <= 586534))

table 7 : explain SELECT DISTINCT c FROM sbtest7 WHERE id BETWEEN 7138404 AND 7139403 ORDER BY c
	Unique  (cost=4167.75..4173.09 rows=1067 width=121)
	  ->  Sort  (cost=4167.75..4170.42 rows=1067 width=121)
	        Sort Key: c
	        ->  Bitmap Heap Scan on sbtest7  (cost=23.37..4114.08 rows=1067 width=121)
	              Recheck Cond: ((id >= 7138404) AND (id <= 7139403))
	              ->  Bitmap Index Scan on sbtest7_pkey  (cost=0.00..23.11 rows=1067 width=0)
	                    Index Cond: ((id >= 7138404) AND (id <= 7139403))

table 8 : explain SELECT DISTINCT c FROM sbtest8 WHERE id BETWEEN 5144287 AND 5145286 ORDER BY c
	Unique  (cost=3724.27..3729.03 rows=951 width=121)
	  ->  Sort  (cost=3724.27..3726.65 rows=951 width=121)
	        Sort Key: c
	        ->  Bitmap Heap Scan on sbtest8  (cost=22.18..3677.23 rows=951 width=121)
	              Recheck Cond: ((id >= 5144287) AND (id <= 5145286))
	              ->  Bitmap Index Scan on sbtest8_pkey  (cost=0.00..21.94 rows=951 width=0)
	                    Index Cond: ((id >= 5144287) AND (id <= 5145286))

for: order_ranges
table 1 : explain SELECT c FROM sbtest1 WHERE id BETWEEN 1623949 AND 1624948 ORDER BY c
	Sort  (cost=3591.52..3593.81 rows=917 width=121)
	  Sort Key: c
	  ->  Bitmap Heap Scan on sbtest1  (cost=21.83..3546.40 rows=917 width=121)
	        Recheck Cond: ((id >= 1623949) AND (id <= 1624948))
	        ->  Bitmap Index Scan on sbtest1_pkey  (cost=0.00..21.61 rows=917 width=0)
	              Index Cond: ((id >= 1623949) AND (id <= 1624948))

table 2 : explain SELECT c FROM sbtest2 WHERE id BETWEEN 9866645 AND 9867644 ORDER BY c
	Sort  (cost=3649.88..3652.21 rows=932 width=121)
	  Sort Key: c
	  ->  Bitmap Heap Scan on sbtest2  (cost=21.99..3603.92 rows=932 width=121)
	        Recheck Cond: ((id >= 9866645) AND (id <= 9867644))
	        ->  Bitmap Index Scan on sbtest2_pkey  (cost=0.00..21.75 rows=932 width=0)
	              Index Cond: ((id >= 9866645) AND (id <= 9867644))

table 3 : explain SELECT c FROM sbtest3 WHERE id BETWEEN 9015528 AND 9016527 ORDER BY c
	Sort  (cost=3623.19..3625.50 rows=925 width=121)
	  Sort Key: c
	  ->  Bitmap Heap Scan on sbtest3  (cost=21.92..3577.62 rows=925 width=121)
	        Recheck Cond: ((id >= 9015528) AND (id <= 9016527))
	        ->  Bitmap Index Scan on sbtest3_pkey  (cost=0.00..21.68 rows=925 width=0)
	              Index Cond: ((id >= 9015528) AND (id <= 9016527))

table 4 : explain SELECT c FROM sbtest4 WHERE id BETWEEN 8268036 AND 8269035 ORDER BY c
	Sort  (cost=4128.72..4131.36 rows=1057 width=121)
	  Sort Key: c
	  ->  Bitmap Heap Scan on sbtest4  (cost=23.27..4075.63 rows=1057 width=121)
	        Recheck Cond: ((id >= 8268036) AND (id <= 8269035))
	        ->  Bitmap Index Scan on sbtest4_pkey  (cost=0.00..23.00 rows=1057 width=0)
	              Index Cond: ((id >= 8268036) AND (id <= 8269035))

table 5 : explain SELECT c FROM sbtest5 WHERE id BETWEEN 8056035 AND 8057034 ORDER BY c
	Sort  (cost=3872.89..3875.36 rows=990 width=121)
	  Sort Key: c
	  ->  Bitmap Heap Scan on sbtest5  (cost=22.58..3823.63 rows=990 width=121)
	        Recheck Cond: ((id >= 8056035) AND (id <= 8057034))
	        ->  Bitmap Index Scan on sbtest5_pkey  (cost=0.00..22.33 rows=990 width=0)
	              Index Cond: ((id >= 8056035) AND (id <= 8057034))

table 6 : explain SELECT c FROM sbtest6 WHERE id BETWEEN 6080331 AND 6081330 ORDER BY c
	Sort  (cost=3781.73..3784.14 rows=966 width=121)
	  Sort Key: c
	  ->  Bitmap Heap Scan on sbtest6  (cost=22.34..3733.83 rows=966 width=121)
	        Recheck Cond: ((id >= 6080331) AND (id <= 6081330))
	        ->  Bitmap Index Scan on sbtest6_pkey  (cost=0.00..22.09 rows=966 width=0)
	              Index Cond: ((id >= 6080331) AND (id <= 6081330))

table 7 : explain SELECT c FROM sbtest7 WHERE id BETWEEN 9170997 AND 9171996 ORDER BY c
	Sort  (cost=3923.26..3925.76 rows=1003 width=121)
	  Sort Key: c
	  ->  Bitmap Heap Scan on sbtest7  (cost=22.72..3873.26 rows=1003 width=121)
	        Recheck Cond: ((id >= 9170997) AND (id <= 9171996))
	        ->  Bitmap Index Scan on sbtest7_pkey  (cost=0.00..22.46 rows=1003 width=0)
	              Index Cond: ((id >= 9170997) AND (id <= 9171996))

table 8 : explain SELECT c FROM sbtest8 WHERE id BETWEEN 6931722 AND 6932721 ORDER BY c
	Sort  (cost=3950.06..3952.59 rows=1010 width=121)
	  Sort Key: c
	  ->  Bitmap Heap Scan on sbtest8  (cost=22.79..3899.66 rows=1010 width=121)
	        Recheck Cond: ((id >= 6931722) AND (id <= 6932721))
	        ->  Bitmap Index Scan on sbtest8_pkey  (cost=0.00..22.54 rows=1010 width=0)
	              Index Cond: ((id >= 6931722) AND (id <= 6932721))

for: sum_ranges
table 1 : explain SELECT SUM(k) FROM sbtest1 WHERE id BETWEEN 6050763 AND 6051762
	Aggregate  (cost=3571.35..3571.36 rows=1 width=8)
	  ->  Bitmap Heap Scan on sbtest1  (cost=21.90..3569.04 rows=923 width=4)
	        Recheck Cond: ((id >= 6050763) AND (id <= 6051762))
	        ->  Bitmap Index Scan on sbtest1_pkey  (cost=0.00..21.66 rows=923 width=0)
	              Index Cond: ((id >= 6050763) AND (id <= 6051762))

table 2 : explain SELECT SUM(k) FROM sbtest2 WHERE id BETWEEN 443395 AND 444394
	Aggregate  (cost=3757.19..3757.20 rows=1 width=8)
	  ->  Bitmap Heap Scan on sbtest2  (cost=22.40..3754.76 rows=972 width=4)
	        Recheck Cond: ((id >= 443395) AND (id <= 444394))
	        ->  Bitmap Index Scan on sbtest2_pkey  (cost=0.00..22.15 rows=972 width=0)
	              Index Cond: ((id >= 443395) AND (id <= 444394))

table 3 : explain SELECT SUM(k) FROM sbtest3 WHERE id BETWEEN 7076951 AND 7077950
	Aggregate  (cost=3779.95..3779.96 rows=1 width=8)
	  ->  Bitmap Heap Scan on sbtest3  (cost=22.46..3777.50 rows=978 width=4)
	        Recheck Cond: ((id >= 7076951) AND (id <= 7077950))
	        ->  Bitmap Index Scan on sbtest3_pkey  (cost=0.00..22.21 rows=978 width=0)
	              Index Cond: ((id >= 7076951) AND (id <= 7077950))

table 4 : explain SELECT SUM(k) FROM sbtest4 WHERE id BETWEEN 7023040 AND 7024039
	Aggregate  (cost=3739.22..3739.23 rows=1 width=8)
	  ->  Bitmap Heap Scan on sbtest4  (cost=22.35..3736.81 rows=967 width=4)
	        Recheck Cond: ((id >= 7023040) AND (id <= 7024039))
	        ->  Bitmap Index Scan on sbtest4_pkey  (cost=0.00..22.11 rows=967 width=0)
	              Index Cond: ((id >= 7023040) AND (id <= 7024039))

table 5 : explain SELECT SUM(k) FROM sbtest5 WHERE id BETWEEN 8661264 AND 8662263
	Aggregate  (cost=4262.86..4262.87 rows=1 width=8)
	  ->  Bitmap Heap Scan on sbtest5  (cost=27.77..4260.10 rows=1106 width=4)
	        Recheck Cond: ((id >= 8661264) AND (id <= 8662263))
	        ->  Bitmap Index Scan on sbtest5_pkey  (cost=0.00..27.50 rows=1106 width=0)
	              Index Cond: ((id >= 8661264) AND (id <= 8662263))

table 6 : explain SELECT SUM(k) FROM sbtest6 WHERE id BETWEEN 5661021 AND 5662020
	Aggregate  (cost=4308.75..4308.76 rows=1 width=8)
	  ->  Bitmap Heap Scan on sbtest6  (cost=27.89..4305.95 rows=1118 width=4)
	        Recheck Cond: ((id >= 5661021) AND (id <= 5662020))
	        ->  Bitmap Index Scan on sbtest6_pkey  (cost=0.00..27.61 rows=1118 width=0)
	              Index Cond: ((id >= 5661021) AND (id <= 5662020))

table 7 : explain SELECT SUM(k) FROM sbtest7 WHERE id BETWEEN 1350690 AND 1351689
	Aggregate  (cost=3732.43..3732.44 rows=1 width=8)
	  ->  Bitmap Heap Scan on sbtest7  (cost=22.33..3730.02 rows=965 width=4)
	        Recheck Cond: ((id >= 1350690) AND (id <= 1351689))
	        ->  Bitmap Index Scan on sbtest7_pkey  (cost=0.00..22.08 rows=965 width=0)
	              Index Cond: ((id >= 1350690) AND (id <= 1351689))

table 8 : explain SELECT SUM(k) FROM sbtest8 WHERE id BETWEEN 6945582 AND 6946581
	Aggregate  (cost=3902.19..3902.20 rows=1 width=8)
	  ->  Bitmap Heap Scan on sbtest8  (cost=22.79..3899.66 rows=1010 width=4)
	        Recheck Cond: ((id >= 6945582) AND (id <= 6946581))
	        ->  Bitmap Index Scan on sbtest8_pkey  (cost=0.00..22.54 rows=1010 width=0)
	              Index Cond: ((id >= 6945582) AND (id <= 6946581))

for: distinct_ranges
table 1 : explain SELECT DISTINCT c FROM sbtest1 WHERE id BETWEEN 4490413 AND 4491412 ORDER BY c
	Unique  (cost=3867.01..3871.95 rows=989 width=121)
	  ->  Sort  (cost=3867.01..3869.48 rows=989 width=121)
	        Sort Key: c
	        ->  Bitmap Heap Scan on sbtest1  (cost=22.57..3817.81 rows=989 width=121)
	              Recheck Cond: ((id >= 4490413) AND (id <= 4491412))
	              ->  Bitmap Index Scan on sbtest1_pkey  (cost=0.00..22.32 rows=989 width=0)
	                    Index Cond: ((id >= 4490413) AND (id <= 4491412))

table 2 : explain SELECT DISTINCT c FROM sbtest2 WHERE id BETWEEN 2710059 AND 2711058 ORDER BY c
	Unique  (cost=3833.59..3838.49 rows=980 width=121)
	  ->  Sort  (cost=3833.59..3836.04 rows=980 width=121)
	        Sort Key: c
	        ->  Bitmap Heap Scan on sbtest2  (cost=22.48..3784.90 rows=980 width=121)
	              Recheck Cond: ((id >= 2710059) AND (id <= 2711058))
	              ->  Bitmap Index Scan on sbtest2_pkey  (cost=0.00..22.23 rows=980 width=0)
	                    Index Cond: ((id >= 2710059) AND (id <= 2711058))

table 3 : explain SELECT DISTINCT c FROM sbtest3 WHERE id BETWEEN 4162163 AND 4163162 ORDER BY c
	Unique  (cost=4059.16..4064.36 rows=1039 width=121)
	  ->  Sort  (cost=4059.16..4061.76 rows=1039 width=121)
	        Sort Key: c
	        ->  Bitmap Heap Scan on sbtest3  (cost=23.08..4007.10 rows=1039 width=121)
	              Recheck Cond: ((id >= 4162163) AND (id <= 4163162))
	              ->  Bitmap Index Scan on sbtest3_pkey  (cost=0.00..22.82 rows=1039 width=0)
	                    Index Cond: ((id >= 4162163) AND (id <= 4163162))

table 4 : explain SELECT DISTINCT c FROM sbtest4 WHERE id BETWEEN 4791109 AND 4792108 ORDER BY c
	Unique  (cost=3765.62..3770.43 rows=962 width=121)
	  ->  Sort  (cost=3765.62..3768.02 rows=962 width=121)
	        Sort Key: c
	        ->  Bitmap Heap Scan on sbtest4  (cost=22.30..3717.95 rows=962 width=121)
	              Recheck Cond: ((id >= 4791109) AND (id <= 4792108))
	              ->  Bitmap Index Scan on sbtest4_pkey  (cost=0.00..22.05 rows=962 width=0)
	                    Index Cond: ((id >= 4791109) AND (id <= 4792108))

table 5 : explain SELECT DISTINCT c FROM sbtest5 WHERE id BETWEEN 7045855 AND 7046854 ORDER BY c
	Unique  (cost=3447.58..3451.97 rows=879 width=121)
	  ->  Sort  (cost=3447.58..3449.77 rows=879 width=121)
	        Sort Key: c
	        ->  Bitmap Heap Scan on sbtest5  (cost=21.44..3404.59 rows=879 width=121)
	              Recheck Cond: ((id >= 7045855) AND (id <= 7046854))
	              ->  Bitmap Index Scan on sbtest5_pkey  (cost=0.00..21.22 rows=879 width=0)
	                    Index Cond: ((id >= 7045855) AND (id <= 7046854))

table 6 : explain SELECT DISTINCT c FROM sbtest6 WHERE id BETWEEN 7689504 AND 7690503 ORDER BY c
	Unique  (cost=4518.70..4524.50 rows=1159 width=121)
	  ->  Sort  (cost=4518.70..4521.60 rows=1159 width=121)
	        Sort Key: c
	        ->  Bitmap Heap Scan on sbtest6  (cost=28.31..4459.72 rows=1159 width=121)
	              Recheck Cond: ((id >= 7689504) AND (id <= 7690503))
	              ->  Bitmap Index Scan on sbtest6_pkey  (cost=0.00..28.02 rows=1159 width=0)
	                    Index Cond: ((id >= 7689504) AND (id <= 7690503))

table 7 : explain SELECT DISTINCT c FROM sbtest7 WHERE id BETWEEN 5823771 AND 5824770 ORDER BY c
	Unique  (cost=3881.18..3886.14 rows=992 width=121)
	  ->  Sort  (cost=3881.18..3883.66 rows=992 width=121)
	        Sort Key: c
	        ->  Bitmap Heap Scan on sbtest7  (cost=22.60..3831.81 rows=992 width=121)
	              Recheck Cond: ((id >= 5823771) AND (id <= 5824770))
	              ->  Bitmap Index Scan on sbtest7_pkey  (cost=0.00..22.36 rows=992 width=0)
	                    Index Cond: ((id >= 5823771) AND (id <= 5824770))

table 8 : explain SELECT DISTINCT c FROM sbtest8 WHERE id BETWEEN 5364236 AND 5365235 ORDER BY c
	Unique  (cost=3930.94..3935.97 rows=1005 width=121)
	  ->  Sort  (cost=3930.94..3933.46 rows=1005 width=121)
	        Sort Key: c
	        ->  Bitmap Heap Scan on sbtest8  (cost=22.74..3880.83 rows=1005 width=121)
	              Recheck Cond: ((id >= 5364236) AND (id <= 5365235))
	              ->  Bitmap Index Scan on sbtest8_pkey  (cost=0.00..22.48 rows=1005 width=0)
	                    Index Cond: ((id >= 5364236) AND (id <= 5365235))

for: order_ranges
table 1 : explain SELECT c FROM sbtest1 WHERE id BETWEEN 7534249 AND 7535248 ORDER BY c
	Sort  (cost=3943.42..3945.94 rows=1009 width=121)
	  Sort Key: c
	  ->  Bitmap Heap Scan on sbtest1  (cost=22.78..3893.07 rows=1009 width=121)
	        Recheck Cond: ((id >= 7534249) AND (id <= 7535248))
	        ->  Bitmap Index Scan on sbtest1_pkey  (cost=0.00..22.52 rows=1009 width=0)
	              Index Cond: ((id >= 7534249) AND (id <= 7535248))

table 2 : explain SELECT c FROM sbtest2 WHERE id BETWEEN 4833576 AND 4834575 ORDER BY c
	Sort  (cost=3623.07..3625.38 rows=925 width=121)
	  Sort Key: c
	  ->  Bitmap Heap Scan on sbtest2  (cost=21.92..3577.50 rows=925 width=121)
	        Recheck Cond: ((id >= 4833576) AND (id <= 4834575))
	        ->  Bitmap Index Scan on sbtest2_pkey  (cost=0.00..21.68 rows=925 width=0)
	              Index Cond: ((id >= 4833576) AND (id <= 4834575))

table 3 : explain SELECT c FROM sbtest3 WHERE id BETWEEN 5654575 AND 5655574 ORDER BY c
	Sort  (cost=3458.32..3460.52 rows=882 width=121)
	  Sort Key: c
	  ->  Bitmap Heap Scan on sbtest3  (cost=21.48..3415.17 rows=882 width=121)
	        Recheck Cond: ((id >= 5654575) AND (id <= 5655574))
	        ->  Bitmap Index Scan on sbtest3_pkey  (cost=0.00..21.25 rows=882 width=0)
	              Index Cond: ((id >= 5654575) AND (id <= 5655574))

table 4 : explain SELECT c FROM sbtest4 WHERE id BETWEEN 4204741 AND 4205740 ORDER BY c
	Sort  (cost=3960.68..3963.22 rows=1013 width=121)
	  Sort Key: c
	  ->  Bitmap Heap Scan on sbtest4  (cost=22.82..3910.11 rows=1013 width=121)
	        Recheck Cond: ((id >= 4204741) AND (id <= 4205740))
	        ->  Bitmap Index Scan on sbtest4_pkey  (cost=0.00..22.57 rows=1013 width=0)
	              Index Cond: ((id >= 4204741) AND (id <= 4205740))

table 5 : explain SELECT c FROM sbtest5 WHERE id BETWEEN 6944990 AND 6945989 ORDER BY c
	Sort  (cost=3884.36..3886.84 rows=993 width=121)
	  Sort Key: c
	  ->  Bitmap Heap Scan on sbtest5  (cost=22.61..3834.93 rows=993 width=121)
	        Recheck Cond: ((id >= 6944990) AND (id <= 6945989))
	        ->  Bitmap Index Scan on sbtest5_pkey  (cost=0.00..22.36 rows=993 width=0)
	              Index Cond: ((id >= 6944990) AND (id <= 6945989))

table 6 : explain SELECT c FROM sbtest6 WHERE id BETWEEN 5170955 AND 5171954 ORDER BY c
	Sort  (cost=3685.97..3688.32 rows=941 width=121)
	  Sort Key: c
	  ->  Bitmap Heap Scan on sbtest6  (cost=22.08..3639.49 rows=941 width=121)
	        Recheck Cond: ((id >= 5170955) AND (id <= 5171954))
	        ->  Bitmap Index Scan on sbtest6_pkey  (cost=0.00..21.84 rows=941 width=0)
	              Index Cond: ((id >= 5170955) AND (id <= 5171954))

table 7 : explain SELECT c FROM sbtest7 WHERE id BETWEEN 8222849 AND 8223848 ORDER BY c
	Sort  (cost=4057.02..4059.62 rows=1038 width=121)
	  Sort Key: c
	  ->  Bitmap Heap Scan on sbtest7  (cost=23.07..4005.02 rows=1038 width=121)
	        Recheck Cond: ((id >= 8222849) AND (id <= 8223848))
	        ->  Bitmap Index Scan on sbtest7_pkey  (cost=0.00..22.82 rows=1038 width=0)
	              Index Cond: ((id >= 8222849) AND (id <= 8223848))

table 8 : explain SELECT c FROM sbtest8 WHERE id BETWEEN 6723009 AND 6724008 ORDER BY c
	Sort  (cost=3862.09..3864.56 rows=987 width=121)
	  Sort Key: c
	  ->  Bitmap Heap Scan on sbtest8  (cost=22.55..3813.01 rows=987 width=121)
	        Recheck Cond: ((id >= 6723009) AND (id <= 6724008))
	        ->  Bitmap Index Scan on sbtest8_pkey  (cost=0.00..22.30 rows=987 width=0)
	              Index Cond: ((id >= 6723009) AND (id <= 6724008))

for: order_ranges
table 1 : explain SELECT c FROM sbtest1 WHERE id BETWEEN 8343216 AND 8344215 ORDER BY c
	Sort  (cost=4172.35..4175.02 rows=1069 width=121)
	  Sort Key: c
	  ->  Bitmap Heap Scan on sbtest1  (cost=23.39..4118.57 rows=1069 width=121)
	        Recheck Cond: ((id >= 8343216) AND (id <= 8344215))
	        ->  Bitmap Index Scan on sbtest1_pkey  (cost=0.00..23.12 rows=1069 width=0)
	              Index Cond: ((id >= 8343216) AND (id <= 8344215))

table 2 : explain SELECT c FROM sbtest2 WHERE id BETWEEN 3829380 AND 3830379 ORDER BY c
	Sort  (cost=4245.91..4248.63 rows=1088 width=121)
	  Sort Key: c
	  ->  Bitmap Heap Scan on sbtest2  (cost=23.59..4191.03 rows=1088 width=121)
	        Recheck Cond: ((id >= 3829380) AND (id <= 3830379))
	        ->  Bitmap Index Scan on sbtest2_pkey  (cost=0.00..23.32 rows=1088 width=0)
	              Index Cond: ((id >= 3829380) AND (id <= 3830379))

table 3 : explain SELECT c FROM sbtest3 WHERE id BETWEEN 4733063 AND 4734062 ORDER BY c
	Sort  (cost=3810.78..3813.21 rows=974 width=121)
	  Sort Key: c
	  ->  Bitmap Heap Scan on sbtest3  (cost=22.42..3762.43 rows=974 width=121)
	        Recheck Cond: ((id >= 4733063) AND (id <= 4734062))
	        ->  Bitmap Index Scan on sbtest3_pkey  (cost=0.00..22.18 rows=974 width=0)
	              Index Cond: ((id >= 4733063) AND (id <= 4734062))

table 4 : explain SELECT c FROM sbtest4 WHERE id BETWEEN 7882720 AND 7883719 ORDER BY c
	Sort  (cost=3689.04..3691.39 rows=942 width=121)
	  Sort Key: c
	  ->  Bitmap Heap Scan on sbtest4  (cost=22.09..3642.50 rows=942 width=121)
	        Recheck Cond: ((id >= 7882720) AND (id <= 7883719))
	        ->  Bitmap Index Scan on sbtest4_pkey  (cost=0.00..21.86 rows=942 width=0)
	              Index Cond: ((id >= 7882720) AND (id <= 7883719))

table 5 : explain SELECT c FROM sbtest5 WHERE id BETWEEN 4049788 AND 4050787 ORDER BY c
	Sort  (cost=3880.54..3883.02 rows=992 width=121)
	  Sort Key: c
	  ->  Bitmap Heap Scan on sbtest5  (cost=22.60..3831.16 rows=992 width=121)
	        Recheck Cond: ((id >= 4049788) AND (id <= 4050787))
	        ->  Bitmap Index Scan on sbtest5_pkey  (cost=0.00..22.36 rows=992 width=0)
	              Index Cond: ((id >= 4049788) AND (id <= 4050787))

table 6 : explain SELECT c FROM sbtest6 WHERE id BETWEEN 4873710 AND 4874709 ORDER BY c
	Sort  (cost=3927.13..3929.64 rows=1004 width=121)
	  Sort Key: c
	  ->  Bitmap Heap Scan on sbtest6  (cost=22.73..3877.07 rows=1004 width=121)
	        Recheck Cond: ((id >= 4873710) AND (id <= 4874709))
	        ->  Bitmap Index Scan on sbtest6_pkey  (cost=0.00..22.47 rows=1004 width=0)
	              Index Cond: ((id >= 4873710) AND (id <= 4874709))

table 7 : explain SELECT c FROM sbtest7 WHERE id BETWEEN 1093091 AND 1094090 ORDER BY c
	Sort  (cost=3823.79..3826.23 rows=977 width=121)
	  Sort Key: c
	  ->  Bitmap Heap Scan on sbtest7  (cost=22.45..3775.27 rows=977 width=121)
	        Recheck Cond: ((id >= 1093091) AND (id <= 1094090))
	        ->  Bitmap Index Scan on sbtest7_pkey  (cost=0.00..22.20 rows=977 width=0)
	              Index Cond: ((id >= 1093091) AND (id <= 1094090))

table 8 : explain SELECT c FROM sbtest8 WHERE id BETWEEN 9221076 AND 9222075 ORDER BY c
	Sort  (cost=3705.12..3707.48 rows=946 width=121)
	  Sort Key: c
	  ->  Bitmap Heap Scan on sbtest8  (cost=22.13..3658.36 rows=946 width=121)
	        Recheck Cond: ((id >= 9221076) AND (id <= 9222075))
	        ->  Bitmap Index Scan on sbtest8_pkey  (cost=0.00..21.89 rows=946 width=0)
	              Index Cond: ((id >= 9221076) AND (id <= 9222075))

for: order_ranges
table 1 : explain SELECT c FROM sbtest1 WHERE id BETWEEN 7043711 AND 7044710 ORDER BY c
	Sort  (cost=4118.97..4121.61 rows=1055 width=121)
	  Sort Key: c
	  ->  Bitmap Heap Scan on sbtest1  (cost=23.25..4065.99 rows=1055 width=121)
	        Recheck Cond: ((id >= 7043711) AND (id <= 7044710))
	        ->  Bitmap Index Scan on sbtest1_pkey  (cost=0.00..22.98 rows=1055 width=0)
	              Index Cond: ((id >= 7043711) AND (id <= 7044710))

table 2 : explain SELECT c FROM sbtest2 WHERE id BETWEEN 9239999 AND 9240998 ORDER BY c
	Sort  (cost=4173.47..4176.15 rows=1069 width=121)
	  Sort Key: c
	  ->  Bitmap Heap Scan on sbtest2  (cost=23.39..4119.69 rows=1069 width=121)
	        Recheck Cond: ((id >= 9239999) AND (id <= 9240998))
	        ->  Bitmap Index Scan on sbtest2_pkey  (cost=0.00..23.12 rows=1069 width=0)
	              Index Cond: ((id >= 9239999) AND (id <= 9240998))

table 3 : explain SELECT c FROM sbtest3 WHERE id BETWEEN 4113174 AND 4114173 ORDER BY c
	Sort  (cost=4085.88..4088.49 rows=1046 width=121)
	  Sort Key: c
	  ->  Bitmap Heap Scan on sbtest3  (cost=23.16..4033.42 rows=1046 width=121)
	        Recheck Cond: ((id >= 4113174) AND (id <= 4114173))
	        ->  Bitmap Index Scan on sbtest3_pkey  (cost=0.00..22.89 rows=1046 width=0)
	              Index Cond: ((id >= 4113174) AND (id <= 4114173))

table 4 : explain SELECT c FROM sbtest4 WHERE id BETWEEN 8975603 AND 8976602 ORDER BY c
	Sort  (cost=4308.23..4310.99 rows=1104 width=121)
	  Sort Key: c
	  ->  Bitmap Heap Scan on sbtest4  (cost=27.75..4252.43 rows=1104 width=121)
	        Recheck Cond: ((id >= 8975603) AND (id <= 8976602))
	        ->  Bitmap Index Scan on sbtest4_pkey  (cost=0.00..27.47 rows=1104 width=0)
	              Index Cond: ((id >= 8975603) AND (id <= 8976602))

table 5 : explain SELECT c FROM sbtest5 WHERE id BETWEEN 813106 AND 814105 ORDER BY c
	Sort  (cost=4044.87..4047.46 rows=1035 width=121)
	  Sort Key: c
	  ->  Bitmap Heap Scan on sbtest5  (cost=23.04..3993.04 rows=1035 width=121)
	        Recheck Cond: ((id >= 813106) AND (id <= 814105))
	        ->  Bitmap Index Scan on sbtest5_pkey  (cost=0.00..22.79 rows=1035 width=0)
	              Index Cond: ((id >= 813106) AND (id <= 814105))

table 6 : explain SELECT c FROM sbtest6 WHERE id BETWEEN 3182947 AND 3183946 ORDER BY c
	Sort  (cost=3915.65..3918.16 rows=1001 width=121)
	  Sort Key: c
	  ->  Bitmap Heap Scan on sbtest6  (cost=22.70..3865.77 rows=1001 width=121)
	        Recheck Cond: ((id >= 3182947) AND (id <= 3183946))
	        ->  Bitmap Index Scan on sbtest6_pkey  (cost=0.00..22.44 rows=1001 width=0)
	              Index Cond: ((id >= 3182947) AND (id <= 3183946))

table 7 : explain SELECT c FROM sbtest7 WHERE id BETWEEN 28821 AND 29820 ORDER BY c
	Sort  (cost=3804.65..3807.08 rows=972 width=121)
	  Sort Key: c
	  ->  Bitmap Heap Scan on sbtest7  (cost=22.40..3756.42 rows=972 width=121)
	        Recheck Cond: ((id >= 28821) AND (id <= 29820))
	        ->  Bitmap Index Scan on sbtest7_pkey  (cost=0.00..22.15 rows=972 width=0)
	              Index Cond: ((id >= 28821) AND (id <= 29820))

table 8 : explain SELECT c FROM sbtest8 WHERE id BETWEEN 936570 AND 937569 ORDER BY c
	Sort  (cost=3938.59..3941.11 rows=1007 width=121)
	  Sort Key: c
	  ->  Bitmap Heap Scan on sbtest8  (cost=22.76..3888.36 rows=1007 width=121)
	        Recheck Cond: ((id >= 936570) AND (id <= 937569))
	        ->  Bitmap Index Scan on sbtest8_pkey  (cost=0.00..22.50 rows=1007 width=0)
	              Index Cond: ((id >= 936570) AND (id <= 937569))

for point_selects
table 1 : explain SELECT c FROM sbtest1 WHERE id=1007305
	Index Scan using sbtest1_pkey on sbtest1  (cost=0.43..8.45 rows=1 width=121)
	  Index Cond: (id = 1007305)

table 2 : explain SELECT c FROM sbtest2 WHERE id=754759
	Index Scan using sbtest2_pkey on sbtest2  (cost=0.43..8.45 rows=1 width=121)
	  Index Cond: (id = 754759)

table 3 : explain SELECT c FROM sbtest3 WHERE id=546403
	Index Scan using sbtest3_pkey on sbtest3  (cost=0.43..8.45 rows=1 width=121)
	  Index Cond: (id = 546403)

table 4 : explain SELECT c FROM sbtest4 WHERE id=4220057
	Index Scan using sbtest4_pkey on sbtest4  (cost=0.43..8.45 rows=1 width=121)
	  Index Cond: (id = 4220057)

table 5 : explain SELECT c FROM sbtest5 WHERE id=2326354
	Index Scan using sbtest5_pkey on sbtest5  (cost=0.43..8.45 rows=1 width=121)
	  Index Cond: (id = 2326354)

table 6 : explain SELECT c FROM sbtest6 WHERE id=4627059
	Index Scan using sbtest6_pkey on sbtest6  (cost=0.43..8.45 rows=1 width=121)
	  Index Cond: (id = 4627059)

table 7 : explain SELECT c FROM sbtest7 WHERE id=8534911
	Index Scan using sbtest7_pkey on sbtest7  (cost=0.43..8.45 rows=1 width=121)
	  Index Cond: (id = 8534911)

table 8 : explain SELECT c FROM sbtest8 WHERE id=1124505
	Index Scan using sbtest8_pkey on sbtest8  (cost=0.43..8.45 rows=1 width=121)
	  Index Cond: (id = 1124505)

for: order_ranges
table 1 : explain SELECT c FROM sbtest1 WHERE id BETWEEN 5378039 AND 5379038 ORDER BY c
	Sort  (cost=4195.22..4197.91 rows=1075 width=121)
	  Sort Key: c
	  ->  Bitmap Heap Scan on sbtest1  (cost=23.45..4141.09 rows=1075 width=121)
	        Recheck Cond: ((id >= 5378039) AND (id <= 5379038))
	        ->  Bitmap Index Scan on sbtest1_pkey  (cost=0.00..23.18 rows=1075 width=0)
	              Index Cond: ((id >= 5378039) AND (id <= 5379038))

table 2 : explain SELECT c FROM sbtest2 WHERE id BETWEEN 8273292 AND 8274291 ORDER BY c
	Sort  (cost=4112.44..4115.07 rows=1053 width=121)
	  Sort Key: c
	  ->  Bitmap Heap Scan on sbtest2  (cost=23.23..4059.58 rows=1053 width=121)
	        Recheck Cond: ((id >= 8273292) AND (id <= 8274291))
	        ->  Bitmap Index Scan on sbtest2_pkey  (cost=0.00..22.96 rows=1053 width=0)
	              Index Cond: ((id >= 8273292) AND (id <= 8274291))

table 3 : explain SELECT c FROM sbtest3 WHERE id BETWEEN 3679886 AND 3680885 ORDER BY c
	Sort  (cost=3803.13..3805.56 rows=972 width=121)
	  Sort Key: c
	  ->  Bitmap Heap Scan on sbtest3  (cost=22.40..3754.89 rows=972 width=121)
	        Recheck Cond: ((id >= 3679886) AND (id <= 3680885))
	        ->  Bitmap Index Scan on sbtest3_pkey  (cost=0.00..22.15 rows=972 width=0)
	              Index Cond: ((id >= 3679886) AND (id <= 3680885))

table 4 : explain SELECT c FROM sbtest4 WHERE id BETWEEN 8596168 AND 8597167 ORDER BY c
	Sort  (cost=4060.01..4062.60 rows=1039 width=121)
	  Sort Key: c
	  ->  Bitmap Heap Scan on sbtest4  (cost=23.08..4007.95 rows=1039 width=121)
	        Recheck Cond: ((id >= 8596168) AND (id <= 8597167))
	        ->  Bitmap Index Scan on sbtest4_pkey  (cost=0.00..22.82 rows=1039 width=0)
	              Index Cond: ((id >= 8596168) AND (id <= 8597167))

table 5 : explain SELECT c FROM sbtest5 WHERE id BETWEEN 5215008 AND 5216007 ORDER BY c
	Sort  (cost=3983.75..3986.30 rows=1019 width=121)
	  Sort Key: c
	  ->  Bitmap Heap Scan on sbtest5  (cost=22.88..3932.84 rows=1019 width=121)
	        Recheck Cond: ((id >= 5215008) AND (id <= 5216007))
	        ->  Bitmap Index Scan on sbtest5_pkey  (cost=0.00..22.62 rows=1019 width=0)
	              Index Cond: ((id >= 5215008) AND (id <= 5216007))

table 6 : explain SELECT c FROM sbtest6 WHERE id BETWEEN 5999047 AND 6000046 ORDER BY c
	Sort  (cost=3835.32..3837.77 rows=980 width=121)
	  Sort Key: c
	  ->  Bitmap Heap Scan on sbtest6  (cost=22.48..3786.63 rows=980 width=121)
	        Recheck Cond: ((id >= 5999047) AND (id <= 6000046))
	        ->  Bitmap Index Scan on sbtest6_pkey  (cost=0.00..22.23 rows=980 width=0)
	              Index Cond: ((id >= 5999047) AND (id <= 6000046))

table 7 : explain SELECT c FROM sbtest7 WHERE id BETWEEN 1383878 AND 1384877 ORDER BY c
	Sort  (cost=3777.85..3780.27 rows=965 width=121)
	  Sort Key: c
	  ->  Bitmap Heap Scan on sbtest7  (cost=22.33..3730.02 rows=965 width=121)
	        Recheck Cond: ((id >= 1383878) AND (id <= 1384877))
	        ->  Bitmap Index Scan on sbtest7_pkey  (cost=0.00..22.08 rows=965 width=0)
	              Index Cond: ((id >= 1383878) AND (id <= 1384877))

table 8 : explain SELECT c FROM sbtest8 WHERE id BETWEEN 5028580 AND 5029579 ORDER BY c
	Sort  (cost=3915.65..3918.15 rows=1001 width=121)
	  Sort Key: c
	  ->  Bitmap Heap Scan on sbtest8  (cost=22.70..3865.76 rows=1001 width=121)
	        Recheck Cond: ((id >= 5028580) AND (id <= 5029579))
	        ->  Bitmap Index Scan on sbtest8_pkey  (cost=0.00..22.44 rows=1001 width=0)
	              Index Cond: ((id >= 5028580) AND (id <= 5029579))

for: order_ranges
table 1 : explain SELECT c FROM sbtest1 WHERE id BETWEEN 7644052 AND 7645051 ORDER BY c
	Sort  (cost=4176.16..4178.84 rows=1070 width=121)
	  Sort Key: c
	  ->  Bitmap Heap Scan on sbtest1  (cost=23.40..4122.32 rows=1070 width=121)
	        Recheck Cond: ((id >= 7644052) AND (id <= 7645051))
	        ->  Bitmap Index Scan on sbtest1_pkey  (cost=0.00..23.14 rows=1070 width=0)
	              Index Cond: ((id >= 7644052) AND (id <= 7645051))

table 2 : explain SELECT c FROM sbtest2 WHERE id BETWEEN 6474811 AND 6475810 ORDER BY c
	Sort  (cost=4234.47..4237.19 rows=1085 width=121)
	  Sort Key: c
	  ->  Bitmap Heap Scan on sbtest2  (cost=23.56..4179.77 rows=1085 width=121)
	        Recheck Cond: ((id >= 6474811) AND (id <= 6475810))
	        ->  Bitmap Index Scan on sbtest2_pkey  (cost=0.00..23.29 rows=1085 width=0)
	              Index Cond: ((id >= 6474811) AND (id <= 6475810))

table 3 : explain SELECT c FROM sbtest3 WHERE id BETWEEN 7325816 AND 7326815 ORDER BY c
	Sort  (cost=3894.90..3897.39 rows=996 width=121)
	  Sort Key: c
	  ->  Bitmap Heap Scan on sbtest3  (cost=22.64..3845.30 rows=996 width=121)
	        Recheck Cond: ((id >= 7325816) AND (id <= 7326815))
	        ->  Bitmap Index Scan on sbtest3_pkey  (cost=0.00..22.39 rows=996 width=0)
	              Index Cond: ((id >= 7325816) AND (id <= 7326815))

table 4 : explain SELECT c FROM sbtest4 WHERE id BETWEEN 3754638 AND 3755637 ORDER BY c
	Sort  (cost=3715.85..3718.22 rows=949 width=121)
	  Sort Key: c
	  ->  Bitmap Heap Scan on sbtest4  (cost=22.16..3668.92 rows=949 width=121)
	        Recheck Cond: ((id >= 3754638) AND (id <= 3755637))
	        ->  Bitmap Index Scan on sbtest4_pkey  (cost=0.00..21.93 rows=949 width=0)
	              Index Cond: ((id >= 3754638) AND (id <= 3755637))

table 5 : explain SELECT c FROM sbtest5 WHERE id BETWEEN 6169985 AND 6170984 ORDER BY c
	Sort  (cost=4041.05..4043.64 rows=1034 width=121)
	  Sort Key: c
	  ->  Bitmap Heap Scan on sbtest5  (cost=23.03..3989.28 rows=1034 width=121)
	        Recheck Cond: ((id >= 6169985) AND (id <= 6170984))
	        ->  Bitmap Index Scan on sbtest5_pkey  (cost=0.00..22.77 rows=1034 width=0)
	              Index Cond: ((id >= 6169985) AND (id <= 6170984))

table 6 : explain SELECT c FROM sbtest6 WHERE id BETWEEN 6507344 AND 6508343 ORDER BY c
	Sort  (cost=4190.70..4193.38 rows=1073 width=121)
	  Sort Key: c
	  ->  Bitmap Heap Scan on sbtest6  (cost=23.43..4136.69 rows=1073 width=121)
	        Recheck Cond: ((id >= 6507344) AND (id <= 6508343))
	        ->  Bitmap Index Scan on sbtest6_pkey  (cost=0.00..23.16 rows=1073 width=0)
	              Index Cond: ((id >= 6507344) AND (id <= 6508343))

table 7 : explain SELECT c FROM sbtest7 WHERE id BETWEEN 3508004 AND 3509003 ORDER BY c
	Sort  (cost=3613.10..3615.41 rows=922 width=121)
	  Sort Key: c
	  ->  Bitmap Heap Scan on sbtest7  (cost=21.89..3567.70 rows=922 width=121)
	        Recheck Cond: ((id >= 3508004) AND (id <= 3509003))
	        ->  Bitmap Index Scan on sbtest7_pkey  (cost=0.00..21.65 rows=922 width=0)
	              Index Cond: ((id >= 3508004) AND (id <= 3509003))

table 8 : explain SELECT c FROM sbtest8 WHERE id BETWEEN 6666646 AND 6667645 ORDER BY c
	Sort  (cost=4232.84..4235.55 rows=1083 width=121)
	  Sort Key: c
	  ->  Bitmap Heap Scan on sbtest8  (cost=27.54..4178.25 rows=1083 width=121)
	        Recheck Cond: ((id >= 6666646) AND (id <= 6667645))
	        ->  Bitmap Index Scan on sbtest8_pkey  (cost=0.00..27.26 rows=1083 width=0)
	              Index Cond: ((id >= 6666646) AND (id <= 6667645))

for point_selects
table 1 : explain SELECT c FROM sbtest1 WHERE id=6289515
	Index Scan using sbtest1_pkey on sbtest1  (cost=0.43..8.45 rows=1 width=121)
	  Index Cond: (id = 6289515)

table 2 : explain SELECT c FROM sbtest2 WHERE id=8468101
	Index Scan using sbtest2_pkey on sbtest2  (cost=0.43..8.45 rows=1 width=121)
	  Index Cond: (id = 8468101)

table 3 : explain SELECT c FROM sbtest3 WHERE id=9732749
	Index Scan using sbtest3_pkey on sbtest3  (cost=0.43..8.45 rows=1 width=121)
	  Index Cond: (id = 9732749)

table 4 : explain SELECT c FROM sbtest4 WHERE id=1907629
	Index Scan using sbtest4_pkey on sbtest4  (cost=0.43..8.45 rows=1 width=121)
	  Index Cond: (id = 1907629)

table 5 : explain SELECT c FROM sbtest5 WHERE id=1234621
	Index Scan using sbtest5_pkey on sbtest5  (cost=0.43..8.45 rows=1 width=121)
	  Index Cond: (id = 1234621)

table 6 : explain SELECT c FROM sbtest6 WHERE id=130151
	Index Scan using sbtest6_pkey on sbtest6  (cost=0.43..8.45 rows=1 width=121)
	  Index Cond: (id = 130151)

table 7 : explain SELECT c FROM sbtest7 WHERE id=7926515
	Index Scan using sbtest7_pkey on sbtest7  (cost=0.43..8.45 rows=1 width=121)
	  Index Cond: (id = 7926515)

table 8 : explain SELECT c FROM sbtest8 WHERE id=660548
	Index Scan using sbtest8_pkey on sbtest8  (cost=0.43..8.45 rows=1 width=121)
	  Index Cond: (id = 660548)

for: distinct_ranges
table 1 : explain SELECT DISTINCT c FROM sbtest1 WHERE id BETWEEN 6000128 AND 6001127 ORDER BY c
	Unique  (cost=3614.50..3619.12 rows=923 width=121)
	  ->  Sort  (cost=3614.50..3616.81 rows=923 width=121)
	        Sort Key: c
	        ->  Bitmap Heap Scan on sbtest1  (cost=21.90..3569.04 rows=923 width=121)
	              Recheck Cond: ((id >= 6000128) AND (id <= 6001127))
	              ->  Bitmap Index Scan on sbtest1_pkey  (cost=0.00..21.66 rows=923 width=0)
	                    Index Cond: ((id >= 6000128) AND (id <= 6001127))

table 2 : explain SELECT DISTINCT c FROM sbtest2 WHERE id BETWEEN 8917562 AND 8918561 ORDER BY c
	Unique  (cost=3978.83..3983.92 rows=1018 width=121)
	  ->  Sort  (cost=3978.83..3981.37 rows=1018 width=121)
	        Sort Key: c
	        ->  Bitmap Heap Scan on sbtest2  (cost=22.87..3927.97 rows=1018 width=121)
	              Recheck Cond: ((id >= 8917562) AND (id <= 8918561))
	              ->  Bitmap Index Scan on sbtest2_pkey  (cost=0.00..22.61 rows=1018 width=0)
	                    Index Cond: ((id >= 8917562) AND (id <= 8918561))

table 3 : explain SELECT DISTINCT c FROM sbtest3 WHERE id BETWEEN 8371527 AND 8372526 ORDER BY c
	Unique  (cost=4062.98..4068.18 rows=1040 width=121)
	  ->  Sort  (cost=4062.98..4065.58 rows=1040 width=121)
	        Sort Key: c
	        ->  Bitmap Heap Scan on sbtest3  (cost=23.09..4010.86 rows=1040 width=121)
	              Recheck Cond: ((id >= 8371527) AND (id <= 8372526))
	              ->  Bitmap Index Scan on sbtest3_pkey  (cost=0.00..22.83 rows=1040 width=0)
	                    Index Cond: ((id >= 8371527) AND (id <= 8372526))

table 4 : explain SELECT DISTINCT c FROM sbtest4 WHERE id BETWEEN 6935122 AND 6936121 ORDER BY c
	Unique  (cost=3838.33..3843.23 rows=981 width=121)
	  ->  Sort  (cost=3838.33..3840.78 rows=981 width=121)
	        Sort Key: c
	        ->  Bitmap Heap Scan on sbtest4  (cost=22.49..3789.58 rows=981 width=121)
	              Recheck Cond: ((id >= 6935122) AND (id <= 6936121))
	              ->  Bitmap Index Scan on sbtest4_pkey  (cost=0.00..22.25 rows=981 width=0)
	                    Index Cond: ((id >= 6935122) AND (id <= 6936121))

table 5 : explain SELECT DISTINCT c FROM sbtest5 WHERE id BETWEEN 879785 AND 880784 ORDER BY c
	Unique  (cost=4044.87..4050.05 rows=1035 width=121)
	  ->  Sort  (cost=4044.87..4047.46 rows=1035 width=121)
	        Sort Key: c
	        ->  Bitmap Heap Scan on sbtest5  (cost=23.04..3993.04 rows=1035 width=121)
	              Recheck Cond: ((id >= 879785) AND (id <= 880784))
	              ->  Bitmap Index Scan on sbtest5_pkey  (cost=0.00..22.79 rows=1035 width=0)
	                    Index Cond: ((id >= 879785) AND (id <= 880784))

table 6 : explain SELECT DISTINCT c FROM sbtest6 WHERE id BETWEEN 6468562 AND 6469561 ORDER BY c
	Unique  (cost=4190.70..4196.06 rows=1073 width=121)
	  ->  Sort  (cost=4190.70..4193.38 rows=1073 width=121)
	        Sort Key: c
	        ->  Bitmap Heap Scan on sbtest6  (cost=23.43..4136.69 rows=1073 width=121)
	              Recheck Cond: ((id >= 6468562) AND (id <= 6469561))
	              ->  Bitmap Index Scan on sbtest6_pkey  (cost=0.00..23.16 rows=1073 width=0)
	                    Index Cond: ((id >= 6468562) AND (id <= 6469561))

table 7 : explain SELECT DISTINCT c FROM sbtest7 WHERE id BETWEEN 1190539 AND 1191538 ORDER BY c
	Unique  (cost=3666.77..3671.45 rows=936 width=121)
	  ->  Sort  (cost=3666.77..3669.11 rows=936 width=121)
	        Sort Key: c
	        ->  Bitmap Heap Scan on sbtest7  (cost=22.03..3620.57 rows=936 width=121)
	              Recheck Cond: ((id >= 1190539) AND (id <= 1191538))
	              ->  Bitmap Index Scan on sbtest7_pkey  (cost=0.00..21.79 rows=936 width=0)
	                    Index Cond: ((id >= 1190539) AND (id <= 1191538))

table 8 : explain SELECT DISTINCT c FROM sbtest8 WHERE id BETWEEN 7115954 AND 7116953 ORDER BY c
	Unique  (cost=4370.17..4375.77 rows=1120 width=121)
	  ->  Sort  (cost=4370.17..4372.97 rows=1120 width=121)
	        Sort Key: c
	        ->  Bitmap Heap Scan on sbtest8  (cost=27.92..4313.45 rows=1120 width=121)
	              Recheck Cond: ((id >= 7115954) AND (id <= 7116953))
	              ->  Bitmap Index Scan on sbtest8_pkey  (cost=0.00..27.64 rows=1120 width=0)
	                    Index Cond: ((id >= 7115954) AND (id <= 7116953))

for point_selects
table 1 : explain SELECT c FROM sbtest1 WHERE id=8308684
	Index Scan using sbtest1_pkey on sbtest1  (cost=0.43..8.45 rows=1 width=121)
	  Index Cond: (id = 8308684)

table 2 : explain SELECT c FROM sbtest2 WHERE id=158274
	Index Scan using sbtest2_pkey on sbtest2  (cost=0.43..8.45 rows=1 width=121)
	  Index Cond: (id = 158274)

table 3 : explain SELECT c FROM sbtest3 WHERE id=5176828
	Index Scan using sbtest3_pkey on sbtest3  (cost=0.43..8.45 rows=1 width=121)
	  Index Cond: (id = 5176828)

table 4 : explain SELECT c FROM sbtest4 WHERE id=7190563
	Index Scan using sbtest4_pkey on sbtest4  (cost=0.43..8.45 rows=1 width=121)
	  Index Cond: (id = 7190563)

table 5 : explain SELECT c FROM sbtest5 WHERE id=5984440
	Index Scan using sbtest5_pkey on sbtest5  (cost=0.43..8.45 rows=1 width=121)
	  Index Cond: (id = 5984440)

table 6 : explain SELECT c FROM sbtest6 WHERE id=1946703
	Index Scan using sbtest6_pkey on sbtest6  (cost=0.43..8.45 rows=1 width=121)
	  Index Cond: (id = 1946703)

table 7 : explain SELECT c FROM sbtest7 WHERE id=8491043
	Index Scan using sbtest7_pkey on sbtest7  (cost=0.43..8.45 rows=1 width=121)
	  Index Cond: (id = 8491043)

table 8 : explain SELECT c FROM sbtest8 WHERE id=7268981
	Index Scan using sbtest8_pkey on sbtest8  (cost=0.43..8.45 rows=1 width=121)
	  Index Cond: (id = 7268981)

for: distinct_ranges
table 1 : explain SELECT DISTINCT c FROM sbtest1 WHERE id BETWEEN 1758530 AND 1759529 ORDER BY c
	Unique  (cost=4374.49..4380.10 rows=1122 width=121)
	  ->  Sort  (cost=4374.49..4377.29 rows=1122 width=121)
	        Sort Key: c
	        ->  Bitmap Heap Scan on sbtest1  (cost=27.94..4317.65 rows=1122 width=121)
	              Recheck Cond: ((id >= 1758530) AND (id <= 1759529))
	              ->  Bitmap Index Scan on sbtest1_pkey  (cost=0.00..27.65 rows=1122 width=0)
	                    Index Cond: ((id >= 1758530) AND (id <= 1759529))

table 2 : explain SELECT DISTINCT c FROM sbtest2 WHERE id BETWEEN 2685309 AND 2686308 ORDER BY c
	Unique  (cost=3833.59..3838.49 rows=980 width=121)
	  ->  Sort  (cost=3833.59..3836.04 rows=980 width=121)
	        Sort Key: c
	        ->  Bitmap Heap Scan on sbtest2  (cost=22.48..3784.90 rows=980 width=121)
	              Recheck Cond: ((id >= 2685309) AND (id <= 2686308))
	              ->  Bitmap Index Scan on sbtest2_pkey  (cost=0.00..22.23 rows=980 width=0)
	                    Index Cond: ((id >= 2685309) AND (id <= 2686308))

table 3 : explain SELECT DISTINCT c FROM sbtest3 WHERE id BETWEEN 5573289 AND 5574288 ORDER BY c
	Unique  (cost=3745.73..3750.52 rows=957 width=121)
	  ->  Sort  (cost=3745.73..3748.12 rows=957 width=121)
	        Sort Key: c
	        ->  Bitmap Heap Scan on sbtest3  (cost=22.24..3698.35 rows=957 width=121)
	              Recheck Cond: ((id >= 5573289) AND (id <= 5574288))
	              ->  Bitmap Index Scan on sbtest3_pkey  (cost=0.00..22.00 rows=957 width=0)
	                    Index Cond: ((id >= 5573289) AND (id <= 5574288))

table 4 : explain SELECT DISTINCT c FROM sbtest4 WHERE id BETWEEN 1595382 AND 1596381 ORDER BY c
	Unique  (cost=4033.27..4038.43 rows=1032 width=121)
	  ->  Sort  (cost=4033.27..4035.85 rows=1032 width=121)
	        Sort Key: c
	        ->  Bitmap Heap Scan on sbtest4  (cost=23.01..3981.62 rows=1032 width=121)
	              Recheck Cond: ((id >= 1595382) AND (id <= 1596381))
	              ->  Bitmap Index Scan on sbtest4_pkey  (cost=0.00..22.75 rows=1032 width=0)
	                    Index Cond: ((id >= 1595382) AND (id <= 1596381))

table 5 : explain SELECT DISTINCT c FROM sbtest5 WHERE id BETWEEN 985822 AND 986821 ORDER BY c
	Unique  (cost=3976.11..3981.19 rows=1017 width=121)
	  ->  Sort  (cost=3976.11..3978.65 rows=1017 width=121)
	        Sort Key: c
	        ->  Bitmap Heap Scan on sbtest5  (cost=22.86..3925.31 rows=1017 width=121)
	              Recheck Cond: ((id >= 985822) AND (id <= 986821))
	              ->  Bitmap Index Scan on sbtest5_pkey  (cost=0.00..22.61 rows=1017 width=0)
	                    Index Cond: ((id >= 985822) AND (id <= 986821))

table 6 : explain SELECT DISTINCT c FROM sbtest6 WHERE id BETWEEN 7668861 AND 7669860 ORDER BY c
	Unique  (cost=4518.70..4524.50 rows=1159 width=121)
	  ->  Sort  (cost=4518.70..4521.60 rows=1159 width=121)
	        Sort Key: c
	        ->  Bitmap Heap Scan on sbtest6  (cost=28.31..4459.72 rows=1159 width=121)
	              Recheck Cond: ((id >= 7668861) AND (id <= 7669860))
	              ->  Bitmap Index Scan on sbtest6_pkey  (cost=0.00..28.02 rows=1159 width=0)
	                    Index Cond: ((id >= 7668861) AND (id <= 7669860))

table 7 : explain SELECT DISTINCT c FROM sbtest7 WHERE id BETWEEN 9256918 AND 9257917 ORDER BY c
	Unique  (cost=3873.53..3878.48 rows=990 width=121)
	  ->  Sort  (cost=3873.53..3876.01 rows=990 width=121)
	        Sort Key: c
	        ->  Bitmap Heap Scan on sbtest7  (cost=22.58..3824.27 rows=990 width=121)
	              Recheck Cond: ((id >= 9256918) AND (id <= 9257917))
	              ->  Bitmap Index Scan on sbtest7_pkey  (cost=0.00..22.33 rows=990 width=0)
	                    Index Cond: ((id >= 9256918) AND (id <= 9257917))

table 8 : explain SELECT DISTINCT c FROM sbtest8 WHERE id BETWEEN 9842292 AND 9843291 ORDER BY c
	Unique  (cost=3781.72..3786.55 rows=966 width=121)
	  ->  Sort  (cost=3781.72..3784.13 rows=966 width=121)
	        Sort Key: c
	        ->  Bitmap Heap Scan on sbtest8  (cost=22.34..3733.82 rows=966 width=121)
	              Recheck Cond: ((id >= 9842292) AND (id <= 9843291))
	              ->  Bitmap Index Scan on sbtest8_pkey  (cost=0.00..22.09 rows=966 width=0)
	                    Index Cond: ((id >= 9842292) AND (id <= 9843291))

for: distinct_ranges
table 1 : explain SELECT DISTINCT c FROM sbtest1 WHERE id BETWEEN 9039533 AND 9040532 ORDER BY c
	Unique  (cost=3583.86..3588.43 rows=915 width=121)
	  ->  Sort  (cost=3583.86..3586.15 rows=915 width=121)
	        Sort Key: c
	        ->  Bitmap Heap Scan on sbtest1  (cost=21.81..3538.85 rows=915 width=121)
	              Recheck Cond: ((id >= 9039533) AND (id <= 9040532))
	              ->  Bitmap Index Scan on sbtest1_pkey  (cost=0.00..21.58 rows=915 width=0)
	                    Index Cond: ((id >= 9039533) AND (id <= 9040532))

table 2 : explain SELECT DISTINCT c FROM sbtest2 WHERE id BETWEEN 6546631 AND 6547630 ORDER BY c
	Unique  (cost=4203.98..4209.36 rows=1077 width=121)
	  ->  Sort  (cost=4203.98..4206.67 rows=1077 width=121)
	        Sort Key: c
	        ->  Bitmap Heap Scan on sbtest2  (cost=23.47..4149.74 rows=1077 width=121)
	              Recheck Cond: ((id >= 6546631) AND (id <= 6547630))
	              ->  Bitmap Index Scan on sbtest2_pkey  (cost=0.00..23.20 rows=1077 width=0)
	                    Index Cond: ((id >= 6546631) AND (id <= 6547630))

table 3 : explain SELECT DISTINCT c FROM sbtest3 WHERE id BETWEEN 4197331 AND 4198330 ORDER BY c
	Unique  (cost=4059.16..4064.36 rows=1039 width=121)
	  ->  Sort  (cost=4059.16..4061.76 rows=1039 width=121)
	        Sort Key: c
	        ->  Bitmap Heap Scan on sbtest3  (cost=23.08..4007.10 rows=1039 width=121)
	              Recheck Cond: ((id >= 4197331) AND (id <= 4198330))
	              ->  Bitmap Index Scan on sbtest3_pkey  (cost=0.00..22.82 rows=1039 width=0)
	                    Index Cond: ((id >= 4197331) AND (id <= 4198330))

table 4 : explain SELECT DISTINCT c FROM sbtest4 WHERE id BETWEEN 4361577 AND 4362576 ORDER BY c
	Unique  (cost=4102.00..4107.25 rows=1050 width=121)
	  ->  Sort  (cost=4102.00..4104.63 rows=1050 width=121)
	        Sort Key: c
	        ->  Bitmap Heap Scan on sbtest4  (cost=23.20..4049.31 rows=1050 width=121)
	              Recheck Cond: ((id >= 4361577) AND (id <= 4362576))
	              ->  Bitmap Index Scan on sbtest4_pkey  (cost=0.00..22.93 rows=1050 width=0)
	                    Index Cond: ((id >= 4361577) AND (id <= 4362576))

table 5 : explain SELECT DISTINCT c FROM sbtest5 WHERE id BETWEEN 2156310 AND 2157309 ORDER BY c
	Unique  (cost=3666.17..3670.85 rows=936 width=121)
	  ->  Sort  (cost=3666.17..3668.51 rows=936 width=121)
	        Sort Key: c
	        ->  Bitmap Heap Scan on sbtest5  (cost=22.03..3619.98 rows=936 width=121)
	              Recheck Cond: ((id >= 2156310) AND (id <= 2157309))
	              ->  Bitmap Index Scan on sbtest5_pkey  (cost=0.00..21.79 rows=936 width=0)
	                    Index Cond: ((id >= 2156310) AND (id <= 2157309))

table 6 : explain SELECT DISTINCT c FROM sbtest6 WHERE id BETWEEN 3542074 AND 3543073 ORDER BY c
	Unique  (cost=3724.28..3729.04 rows=951 width=121)
	  ->  Sort  (cost=3724.28..3726.66 rows=951 width=121)
	        Sort Key: c
	        ->  Bitmap Heap Scan on sbtest6  (cost=22.18..3677.24 rows=951 width=121)
	              Recheck Cond: ((id >= 3542074) AND (id <= 3543073))
	              ->  Bitmap Index Scan on sbtest6_pkey  (cost=0.00..21.94 rows=951 width=0)
	                    Index Cond: ((id >= 3542074) AND (id <= 3543073))

table 7 : explain SELECT DISTINCT c FROM sbtest7 WHERE id BETWEEN 7343652 AND 7344651 ORDER BY c
	Unique  (cost=3524.88..3529.38 rows=899 width=121)
	  ->  Sort  (cost=3524.88..3527.13 rows=899 width=121)
	        Sort Key: c
	        ->  Bitmap Heap Scan on sbtest7  (cost=21.65..3480.78 rows=899 width=121)
	              Recheck Cond: ((id >= 7343652) AND (id <= 7344651))
	              ->  Bitmap Index Scan on sbtest7_pkey  (cost=0.00..21.43 rows=899 width=0)
	                    Index Cond: ((id >= 7343652) AND (id <= 7344651))

table 8 : explain SELECT DISTINCT c FROM sbtest8 WHERE id BETWEEN 2870676 AND 2871675 ORDER BY c
	Unique  (cost=3950.06..3955.11 rows=1010 width=121)
	  ->  Sort  (cost=3950.06..3952.59 rows=1010 width=121)
	        Sort Key: c
	        ->  Bitmap Heap Scan on sbtest8  (cost=22.79..3899.66 rows=1010 width=121)
	              Recheck Cond: ((id >= 2870676) AND (id <= 2871675))
	              ->  Bitmap Index Scan on sbtest8_pkey  (cost=0.00..22.54 rows=1010 width=0)
	                    Index Cond: ((id >= 2870676) AND (id <= 2871675))

for: sum_ranges
table 1 : explain SELECT SUM(k) FROM sbtest1 WHERE id BETWEEN 3017451 AND 3018450
	Aggregate  (cost=3661.94..3661.95 rows=1 width=8)
	  ->  Bitmap Heap Scan on sbtest1  (cost=22.14..3659.57 rows=947 width=4)
	        Recheck Cond: ((id >= 3017451) AND (id <= 3018450))
	        ->  Bitmap Index Scan on sbtest1_pkey  (cost=0.00..21.90 rows=947 width=0)
	              Index Cond: ((id >= 3017451) AND (id <= 3018450))

table 2 : explain SELECT SUM(k) FROM sbtest2 WHERE id BETWEEN 2385141 AND 2386140
	Aggregate  (cost=3968.16..3968.17 rows=1 width=8)
	  ->  Bitmap Heap Scan on sbtest2  (cost=22.97..3965.59 rows=1028 width=4)
	        Recheck Cond: ((id >= 2385141) AND (id <= 2386140))
	        ->  Bitmap Index Scan on sbtest2_pkey  (cost=0.00..22.71 rows=1028 width=0)
	              Index Cond: ((id >= 2385141) AND (id <= 2386140))

table 3 : explain SELECT SUM(k) FROM sbtest3 WHERE id BETWEEN 9067559 AND 9068558
	Aggregate  (cost=3579.93..3579.94 rows=1 width=8)
	  ->  Bitmap Heap Scan on sbtest3  (cost=21.92..3577.62 rows=925 width=4)
	        Recheck Cond: ((id >= 9067559) AND (id <= 9068558))
	        ->  Bitmap Index Scan on sbtest3_pkey  (cost=0.00..21.68 rows=925 width=0)
	              Index Cond: ((id >= 9067559) AND (id <= 9068558))

table 4 : explain SELECT SUM(k) FROM sbtest4 WHERE id BETWEEN 5495608 AND 5496607
	Aggregate  (cost=4021.84..4021.85 rows=1 width=8)
	  ->  Bitmap Heap Scan on sbtest4  (cost=23.12..4019.23 rows=1042 width=4)
	        Recheck Cond: ((id >= 5495608) AND (id <= 5496607))
	        ->  Bitmap Index Scan on sbtest4_pkey  (cost=0.00..22.86 rows=1042 width=0)
	              Index Cond: ((id >= 5495608) AND (id <= 5496607))

table 5 : explain SELECT SUM(k) FROM sbtest5 WHERE id BETWEEN 788669 AND 789668
	Aggregate  (cost=3909.02..3909.03 rows=1 width=8)
	  ->  Bitmap Heap Scan on sbtest5  (cost=22.81..3906.49 rows=1012 width=4)
	        Recheck Cond: ((id >= 788669) AND (id <= 789668))
	        ->  Bitmap Index Scan on sbtest5_pkey  (cost=0.00..22.55 rows=1012 width=0)
	              Index Cond: ((id >= 788669) AND (id <= 789668))

table 6 : explain SELECT SUM(k) FROM sbtest6 WHERE id BETWEEN 7292263 AND 7293262
	Aggregate  (cost=3864.50..3864.51 rows=1 width=8)
	  ->  Bitmap Heap Scan on sbtest6  (cost=22.68..3862.00 rows=1000 width=4)
	        Recheck Cond: ((id >= 7292263) AND (id <= 7293262))
	        ->  Bitmap Index Scan on sbtest6_pkey  (cost=0.00..22.43 rows=1000 width=0)
	              Index Cond: ((id >= 7292263) AND (id <= 7293262))

table 7 : explain SELECT SUM(k) FROM sbtest7 WHERE id BETWEEN 9495144 AND 9496143
	Aggregate  (cost=3834.29..3834.30 rows=1 width=8)
	  ->  Bitmap Heap Scan on sbtest7  (cost=22.60..3831.81 rows=992 width=4)
	        Recheck Cond: ((id >= 9495144) AND (id <= 9496143))
	        ->  Bitmap Index Scan on sbtest7_pkey  (cost=0.00..22.36 rows=992 width=0)
	              Index Cond: ((id >= 9495144) AND (id <= 9496143))

table 8 : explain SELECT SUM(k) FROM sbtest8 WHERE id BETWEEN 8207510 AND 8208509
	Aggregate  (cost=3551.14..3551.15 rows=1 width=8)
	  ->  Bitmap Heap Scan on sbtest8  (cost=21.83..3548.84 rows=917 width=4)
	        Recheck Cond: ((id >= 8207510) AND (id <= 8208509))
	        ->  Bitmap Index Scan on sbtest8_pkey  (cost=0.00..21.61 rows=917 width=0)
	              Index Cond: ((id >= 8207510) AND (id <= 8208509))

for: distinct_ranges
table 1 : explain SELECT DISTINCT c FROM sbtest1 WHERE id BETWEEN 6443123 AND 6444122 ORDER BY c
	Unique  (cost=4099.90..4105.15 rows=1050 width=121)
	  ->  Sort  (cost=4099.90..4102.53 rows=1050 width=121)
	        Sort Key: c
	        ->  Bitmap Heap Scan on sbtest1  (cost=23.20..4047.21 rows=1050 width=121)
	              Recheck Cond: ((id >= 6443123) AND (id <= 6444122))
	              ->  Bitmap Index Scan on sbtest1_pkey  (cost=0.00..22.93 rows=1050 width=0)
	                    Index Cond: ((id >= 6443123) AND (id <= 6444122))

table 2 : explain SELECT DISTINCT c FROM sbtest2 WHERE id BETWEEN 4789586 AND 4790585 ORDER BY c
	Unique  (cost=3534.91..3539.42 rows=902 width=121)
	  ->  Sort  (cost=3534.91..3537.17 rows=902 width=121)
	        Sort Key: c
	        ->  Bitmap Heap Scan on sbtest2  (cost=21.68..3490.64 rows=902 width=121)
	              Recheck Cond: ((id >= 4789586) AND (id <= 4790585))
	              ->  Bitmap Index Scan on sbtest2_pkey  (cost=0.00..21.45 rows=902 width=0)
	                    Index Cond: ((id >= 4789586) AND (id <= 4790585))

table 3 : explain SELECT DISTINCT c FROM sbtest3 WHERE id BETWEEN 534723 AND 535722 ORDER BY c
	Unique  (cost=3845.20..3850.12 rows=983 width=121)
	  ->  Sort  (cost=3845.20..3847.66 rows=983 width=121)
	        Sort Key: c
	        ->  Bitmap Heap Scan on sbtest3  (cost=22.51..3796.34 rows=983 width=121)
	              Recheck Cond: ((id >= 534723) AND (id <= 535722))
	              ->  Bitmap Index Scan on sbtest3_pkey  (cost=0.00..22.26 rows=983 width=0)
	                    Index Cond: ((id >= 534723) AND (id <= 535722))

table 4 : explain SELECT DISTINCT c FROM sbtest4 WHERE id BETWEEN 5336275 AND 5337274 ORDER BY c
	Unique  (cost=4250.78..4256.23 rows=1089 width=121)
	  ->  Sort  (cost=4250.78..4253.51 rows=1089 width=121)
	        Sort Key: c
	        ->  Bitmap Heap Scan on sbtest4  (cost=23.60..4195.85 rows=1089 width=121)
	              Recheck Cond: ((id >= 5336275) AND (id <= 5337274))
	              ->  Bitmap Index Scan on sbtest4_pkey  (cost=0.00..23.32 rows=1089 width=0)
	                    Index Cond: ((id >= 5336275) AND (id <= 5337274))

table 5 : explain SELECT DISTINCT c FROM sbtest5 WHERE id BETWEEN 6791585 AND 6792584 ORDER BY c
	Unique  (cost=3884.36..3889.33 rows=993 width=121)
	  ->  Sort  (cost=3884.36..3886.84 rows=993 width=121)
	        Sort Key: c
	        ->  Bitmap Heap Scan on sbtest5  (cost=22.61..3834.93 rows=993 width=121)
	              Recheck Cond: ((id >= 6791585) AND (id <= 6792584))
	              ->  Bitmap Index Scan on sbtest5_pkey  (cost=0.00..22.36 rows=993 width=0)
	                    Index Cond: ((id >= 6791585) AND (id <= 6792584))

table 6 : explain SELECT DISTINCT c FROM sbtest6 WHERE id BETWEEN 8624888 AND 8625887 ORDER BY c
	Unique  (cost=3693.63..3698.35 rows=943 width=121)
	  ->  Sort  (cost=3693.63..3695.99 rows=943 width=121)
	        Sort Key: c
	        ->  Bitmap Heap Scan on sbtest6  (cost=22.10..3647.04 rows=943 width=121)
	              Recheck Cond: ((id >= 8624888) AND (id <= 8625887))
	              ->  Bitmap Index Scan on sbtest6_pkey  (cost=0.00..21.86 rows=943 width=0)
	                    Index Cond: ((id >= 8624888) AND (id <= 8625887))

table 7 : explain SELECT DISTINCT c FROM sbtest7 WHERE id BETWEEN 6274233 AND 6275232 ORDER BY c
	Unique  (cost=4041.74..4046.91 rows=1034 width=121)
	  ->  Sort  (cost=4041.74..4044.33 rows=1034 width=121)
	        Sort Key: c
	        ->  Bitmap Heap Scan on sbtest7  (cost=23.03..3989.97 rows=1034 width=121)
	              Recheck Cond: ((id >= 6274233) AND (id <= 6275232))
	              ->  Bitmap Index Scan on sbtest7_pkey  (cost=0.00..22.77 rows=1034 width=0)
	                    Index Cond: ((id >= 6274233) AND (id <= 6275232))

table 8 : explain SELECT DISTINCT c FROM sbtest8 WHERE id BETWEEN 1842550 AND 1843549 ORDER BY c
	Unique  (cost=4213.77..4219.16 rows=1078 width=121)
	  ->  Sort  (cost=4213.77..4216.46 rows=1078 width=121)
	        Sort Key: c
	        ->  Bitmap Heap Scan on sbtest8  (cost=27.48..4159.47 rows=1078 width=121)
	              Recheck Cond: ((id >= 1842550) AND (id <= 1843549))
	              ->  Bitmap Index Scan on sbtest8_pkey  (cost=0.00..27.21 rows=1078 width=0)
	                    Index Cond: ((id >= 1842550) AND (id <= 1843549))

for: distinct_ranges
table 1 : explain SELECT DISTINCT c FROM sbtest1 WHERE id BETWEEN 8336227 AND 8337226 ORDER BY c
	Unique  (cost=4172.35..4177.69 rows=1069 width=121)
	  ->  Sort  (cost=4172.35..4175.02 rows=1069 width=121)
	        Sort Key: c
	        ->  Bitmap Heap Scan on sbtest1  (cost=23.39..4118.57 rows=1069 width=121)
	              Recheck Cond: ((id >= 8336227) AND (id <= 8337226))
	              ->  Bitmap Index Scan on sbtest1_pkey  (cost=0.00..23.12 rows=1069 width=0)
	                    Index Cond: ((id >= 8336227) AND (id <= 8337226))

table 2 : explain SELECT DISTINCT c FROM sbtest2 WHERE id BETWEEN 1407390 AND 1408389 ORDER BY c
	Unique  (cost=4196.35..4201.73 rows=1075 width=121)
	  ->  Sort  (cost=4196.35..4199.04 rows=1075 width=121)
	        Sort Key: c
	        ->  Bitmap Heap Scan on sbtest2  (cost=23.45..4142.23 rows=1075 width=121)
	              Recheck Cond: ((id >= 1407390) AND (id <= 1408389))
	              ->  Bitmap Index Scan on sbtest2_pkey  (cost=0.00..23.18 rows=1075 width=0)
	                    Index Cond: ((id >= 1407390) AND (id <= 1408389))

table 3 : explain SELECT DISTINCT c FROM sbtest3 WHERE id BETWEEN 1526331 AND 1527330 ORDER BY c
	Unique  (cost=3944.59..3949.63 rows=1009 width=121)
	  ->  Sort  (cost=3944.59..3947.11 rows=1009 width=121)
	        Sort Key: c
	        ->  Bitmap Heap Scan on sbtest3  (cost=22.78..3894.24 rows=1009 width=121)
	              Recheck Cond: ((id >= 1526331) AND (id <= 1527330))
	              ->  Bitmap Index Scan on sbtest3_pkey  (cost=0.00..22.52 rows=1009 width=0)
	                    Index Cond: ((id >= 1526331) AND (id <= 1527330))

table 4 : explain SELECT DISTINCT c FROM sbtest4 WHERE id BETWEEN 6391447 AND 6392446 ORDER BY c
	Unique  (cost=4292.90..4298.40 rows=1099 width=121)
	  ->  Sort  (cost=4292.90..4295.65 rows=1099 width=121)
	        Sort Key: c
	        ->  Bitmap Heap Scan on sbtest4  (cost=27.70..4237.39 rows=1099 width=121)
	              Recheck Cond: ((id >= 6391447) AND (id <= 6392446))
	              ->  Bitmap Index Scan on sbtest4_pkey  (cost=0.00..27.43 rows=1099 width=0)
	                    Index Cond: ((id >= 6391447) AND (id <= 6392446))

table 5 : explain SELECT DISTINCT c FROM sbtest5 WHERE id BETWEEN 93267 AND 94266 ORDER BY c
	Unique  (cost=3727.46..3732.22 rows=952 width=121)
	  ->  Sort  (cost=3727.46..3729.84 rows=952 width=121)
	        Sort Key: c
	        ->  Bitmap Heap Scan on sbtest5  (cost=22.19..3680.36 rows=952 width=121)
	              Recheck Cond: ((id >= 93267) AND (id <= 94266))
	              ->  Bitmap Index Scan on sbtest5_pkey  (cost=0.00..21.95 rows=952 width=0)
	                    Index Cond: ((id >= 93267) AND (id <= 94266))

table 6 : explain SELECT DISTINCT c FROM sbtest6 WHERE id BETWEEN 4439426 AND 4440425 ORDER BY c
	Unique  (cost=3731.94..3736.71 rows=953 width=121)
	  ->  Sort  (cost=3731.94..3734.33 rows=953 width=121)
	        Sort Key: c
	        ->  Bitmap Heap Scan on sbtest6  (cost=22.20..3684.79 rows=953 width=121)
	              Recheck Cond: ((id >= 4439426) AND (id <= 4440425))
	              ->  Bitmap Index Scan on sbtest6_pkey  (cost=0.00..21.96 rows=953 width=0)
	                    Index Cond: ((id >= 4439426) AND (id <= 4440425))

table 7 : explain SELECT DISTINCT c FROM sbtest7 WHERE id BETWEEN 561944 AND 562943 ORDER BY c
	Unique  (cost=3873.53..3878.48 rows=990 width=121)
	  ->  Sort  (cost=3873.53..3876.01 rows=990 width=121)
	        Sort Key: c
	        ->  Bitmap Heap Scan on sbtest7  (cost=22.58..3824.27 rows=990 width=121)
	              Recheck Cond: ((id >= 561944) AND (id <= 562943))
	              ->  Bitmap Index Scan on sbtest7_pkey  (cost=0.00..22.33 rows=990 width=0)
	                    Index Cond: ((id >= 561944) AND (id <= 562943))

table 8 : explain SELECT DISTINCT c FROM sbtest8 WHERE id BETWEEN 39486 AND 40485 ORDER BY c
	Unique  (cost=3570.95..3575.51 rows=911 width=121)
	  ->  Sort  (cost=3570.95..3573.23 rows=911 width=121)
	        Sort Key: c
	        ->  Bitmap Heap Scan on sbtest8  (cost=21.77..3526.17 rows=911 width=121)
	              Recheck Cond: ((id >= 39486) AND (id <= 40485))
	              ->  Bitmap Index Scan on sbtest8_pkey  (cost=0.00..21.54 rows=911 width=0)
	                    Index Cond: ((id >= 39486) AND (id <= 40485))

for: order_ranges
table 1 : explain SELECT c FROM sbtest1 WHERE id BETWEEN 9472096 AND 9473095 ORDER BY c
	Sort  (cost=4004.51..4007.07 rows=1025 width=121)
	  Sort Key: c
	  ->  Bitmap Heap Scan on sbtest1  (cost=22.94..3953.25 rows=1025 width=121)
	        Recheck Cond: ((id >= 9472096) AND (id <= 9473095))
	        ->  Bitmap Index Scan on sbtest1_pkey  (cost=0.00..22.68 rows=1025 width=0)
	              Index Cond: ((id >= 9472096) AND (id <= 9473095))

table 2 : explain SELECT c FROM sbtest2 WHERE id BETWEEN 5572033 AND 5573032 ORDER BY c
	Sort  (cost=4184.91..4187.59 rows=1072 width=121)
	  Sort Key: c
	  ->  Bitmap Heap Scan on sbtest2  (cost=23.42..4130.96 rows=1072 width=121)
	        Recheck Cond: ((id >= 5572033) AND (id <= 5573032))
	        ->  Bitmap Index Scan on sbtest2_pkey  (cost=0.00..23.15 rows=1072 width=0)
	              Index Cond: ((id >= 5572033) AND (id <= 5573032))

table 3 : explain SELECT c FROM sbtest3 WHERE id BETWEEN 2259619 AND 2260618 ORDER BY c
	Sort  (cost=4124.04..4126.68 rows=1056 width=121)
	  Sort Key: c
	  ->  Bitmap Heap Scan on sbtest3  (cost=23.26..4071.00 rows=1056 width=121)
	        Recheck Cond: ((id >= 2259619) AND (id <= 2260618))
	        ->  Bitmap Index Scan on sbtest3_pkey  (cost=0.00..23.00 rows=1056 width=0)
	              Index Cond: ((id >= 2259619) AND (id <= 2260618))

table 4 : explain SELECT c FROM sbtest4 WHERE id BETWEEN 8253891 AND 8254890 ORDER BY c
	Sort  (cost=4128.72..4131.36 rows=1057 width=121)
	  Sort Key: c
	  ->  Bitmap Heap Scan on sbtest4  (cost=23.27..4075.63 rows=1057 width=121)
	        Recheck Cond: ((id >= 8253891) AND (id <= 8254890))
	        ->  Bitmap Index Scan on sbtest4_pkey  (cost=0.00..23.00 rows=1057 width=0)
	              Index Cond: ((id >= 8253891) AND (id <= 8254890))

table 5 : explain SELECT c FROM sbtest5 WHERE id BETWEEN 9027691 AND 9028690 ORDER BY c
	Sort  (cost=4277.81..4280.55 rows=1095 width=121)
	  Sort Key: c
	  ->  Bitmap Heap Scan on sbtest5  (cost=27.66..4222.53 rows=1095 width=121)
	        Recheck Cond: ((id >= 9027691) AND (id <= 9028690))
	        ->  Bitmap Index Scan on sbtest5_pkey  (cost=0.00..27.39 rows=1095 width=0)
	              Index Cond: ((id >= 9027691) AND (id <= 9028690))

table 6 : explain SELECT c FROM sbtest6 WHERE id BETWEEN 4757388 AND 4758387 ORDER BY c
	Sort  (cost=3547.94..3550.21 rows=905 width=121)
	  Sort Key: c
	  ->  Bitmap Heap Scan on sbtest6  (cost=21.71..3503.50 rows=905 width=121)
	        Recheck Cond: ((id >= 4757388) AND (id <= 4758387))
	        ->  Bitmap Index Scan on sbtest6_pkey  (cost=0.00..21.48 rows=905 width=0)
	              Index Cond: ((id >= 4757388) AND (id <= 4758387))

table 7 : explain SELECT c FROM sbtest7 WHERE id BETWEEN 5482726 AND 5483725 ORDER BY c
	Sort  (cost=3907.96..3910.46 rows=999 width=121)
	  Sort Key: c
	  ->  Bitmap Heap Scan on sbtest7  (cost=22.67..3858.19 rows=999 width=121)
	        Recheck Cond: ((id >= 5482726) AND (id <= 5483725))
	        ->  Bitmap Index Scan on sbtest7_pkey  (cost=0.00..22.43 rows=999 width=0)
	              Index Cond: ((id >= 5482726) AND (id <= 5483725))

table 8 : explain SELECT c FROM sbtest8 WHERE id BETWEEN 9165652 AND 9166651 ORDER BY c
	Sort  (cost=3705.12..3707.48 rows=946 width=121)
	  Sort Key: c
	  ->  Bitmap Heap Scan on sbtest8  (cost=22.13..3658.36 rows=946 width=121)
	        Recheck Cond: ((id >= 9165652) AND (id <= 9166651))
	        ->  Bitmap Index Scan on sbtest8_pkey  (cost=0.00..21.89 rows=946 width=0)
	              Index Cond: ((id >= 9165652) AND (id <= 9166651))

for: simple_ranges
table 1 : explain SELECT c FROM sbtest1 WHERE id BETWEEN 4528735 AND 4529734
	Bitmap Heap Scan on sbtest1  (cost=22.57..3817.81 rows=989 width=121)
	  Recheck Cond: ((id >= 4528735) AND (id <= 4529734))
	  ->  Bitmap Index Scan on sbtest1_pkey  (cost=0.00..22.32 rows=989 width=0)
	        Index Cond: ((id >= 4528735) AND (id <= 4529734))

table 2 : explain SELECT c FROM sbtest2 WHERE id BETWEEN 2261918 AND 2262917
	Bitmap Heap Scan on sbtest2  (cost=22.52..3799.97 rows=984 width=121)
	  Recheck Cond: ((id >= 2261918) AND (id <= 2262917))
	  ->  Bitmap Index Scan on sbtest2_pkey  (cost=0.00..22.27 rows=984 width=0)
	        Index Cond: ((id >= 2261918) AND (id <= 2262917))

table 3 : explain SELECT c FROM sbtest3 WHERE id BETWEEN 731128 AND 732127
	Bitmap Heap Scan on sbtest3  (cost=28.29..4450.19 rows=1157 width=121)
	  Recheck Cond: ((id >= 731128) AND (id <= 732127))
	  ->  Bitmap Index Scan on sbtest3_pkey  (cost=0.00..28.00 rows=1157 width=0)
	        Index Cond: ((id >= 731128) AND (id <= 732127))

table 4 : explain SELECT c FROM sbtest4 WHERE id BETWEEN 3268911 AND 3269910
	Bitmap Heap Scan on sbtest4  (cost=21.64..3476.32 rows=898 width=121)
	  Recheck Cond: ((id >= 3268911) AND (id <= 3269910))
	  ->  Bitmap Index Scan on sbtest4_pkey  (cost=0.00..21.41 rows=898 width=0)
	        Index Cond: ((id >= 3268911) AND (id <= 3269910))

table 5 : explain SELECT c FROM sbtest5 WHERE id BETWEEN 5577528 AND 5578527
	Bitmap Heap Scan on sbtest5  (cost=22.62..3838.70 rows=994 width=121)
	  Recheck Cond: ((id >= 5577528) AND (id <= 5578527))
	  ->  Bitmap Index Scan on sbtest5_pkey  (cost=0.00..22.37 rows=994 width=0)
	        Index Cond: ((id >= 5577528) AND (id <= 5578527))

table 6 : explain SELECT c FROM sbtest6 WHERE id BETWEEN 5791098 AND 5792097
	Bitmap Heap Scan on sbtest6  (cost=27.83..4283.43 rows=1112 width=121)
	  Recheck Cond: ((id >= 5791098) AND (id <= 5792097))
	  ->  Bitmap Index Scan on sbtest6_pkey  (cost=0.00..27.55 rows=1112 width=0)
	        Index Cond: ((id >= 5791098) AND (id <= 5792097))

table 7 : explain SELECT c FROM sbtest7 WHERE id BETWEEN 2088157 AND 2089156
	Bitmap Heap Scan on sbtest7  (cost=23.46..4147.91 rows=1076 width=121)
	  Recheck Cond: ((id >= 2088157) AND (id <= 2089156))
	  ->  Bitmap Index Scan on sbtest7_pkey  (cost=0.00..23.19 rows=1076 width=0)
	        Index Cond: ((id >= 2088157) AND (id <= 2089156))

table 8 : explain SELECT c FROM sbtest8 WHERE id BETWEEN 7215778 AND 7216777
	Bitmap Heap Scan on sbtest8  (cost=22.30..3718.74 rows=962 width=121)
	  Recheck Cond: ((id >= 7215778) AND (id <= 7216777))
	  ->  Bitmap Index Scan on sbtest8_pkey  (cost=0.00..22.05 rows=962 width=0)
	        Index Cond: ((id >= 7215778) AND (id <= 7216777))

explain: for point_selects :: explain SELECT c FROM sbtest%u WHERE id=%u
for: distinct_ranges
table 1 : explain SELECT DISTINCT c FROM sbtest1 WHERE id BETWEEN 8067168 AND 8068167 ORDER BY c
	Unique  (cost=3905.22..3910.21 rows=999 width=121)
	  ->  Sort  (cost=3905.22..3907.72 rows=999 width=121)
	        Sort Key: c
	        ->  Bitmap Heap Scan on sbtest1  (cost=22.67..3855.45 rows=999 width=121)
	              Recheck Cond: ((id >= 8067168) AND (id <= 8068167))
	              ->  Bitmap Index Scan on sbtest1_pkey  (cost=0.00..22.43 rows=999 width=0)
	                    Index Cond: ((id >= 8067168) AND (id <= 8068167))

table 2 : explain SELECT DISTINCT c FROM sbtest2 WHERE id BETWEEN 8999442 AND 9000441 ORDER BY c
	Unique  (cost=4028.47..4033.63 rows=1031 width=121)
	  ->  Sort  (cost=4028.47..4031.05 rows=1031 width=121)
	        Sort Key: c
	        ->  Bitmap Heap Scan on sbtest2  (cost=23.00..3976.87 rows=1031 width=121)
	              Recheck Cond: ((id >= 8999442) AND (id <= 9000441))
	              ->  Bitmap Index Scan on sbtest2_pkey  (cost=0.00..22.75 rows=1031 width=0)
	                    Index Cond: ((id >= 8999442) AND (id <= 9000441))

table 3 : explain SELECT DISTINCT c FROM sbtest3 WHERE id BETWEEN 1880348 AND 1881347 ORDER BY c
	Unique  (cost=3799.30..3804.16 rows=971 width=121)
	  ->  Sort  (cost=3799.30..3801.73 rows=971 width=121)
	        Sort Key: c
	        ->  Bitmap Heap Scan on sbtest3  (cost=22.39..3751.12 rows=971 width=121)
	              Recheck Cond: ((id >= 1880348) AND (id <= 1881347))
	              ->  Bitmap Index Scan on sbtest3_pkey  (cost=0.00..22.14 rows=971 width=0)
	                    Index Cond: ((id >= 1880348) AND (id <= 1881347))

table 4 : explain SELECT DISTINCT c FROM sbtest4 WHERE id BETWEEN 2545951 AND 2546950 ORDER BY c
	Unique  (cost=3738.82..3743.60 rows=955 width=121)
	  ->  Sort  (cost=3738.82..3741.21 rows=955 width=121)
	        Sort Key: c
	        ->  Bitmap Heap Scan on sbtest4  (cost=22.22..3691.55 rows=955 width=121)
	              Recheck Cond: ((id >= 2545951) AND (id <= 2546950))
	              ->  Bitmap Index Scan on sbtest4_pkey  (cost=0.00..21.98 rows=955 width=0)
	                    Index Cond: ((id >= 2545951) AND (id <= 2546950))

table 5 : explain SELECT DISTINCT c FROM sbtest5 WHERE id BETWEEN 4075844 AND 4076843 ORDER BY c
	Unique  (cost=3880.54..3885.50 rows=992 width=121)
	  ->  Sort  (cost=3880.54..3883.02 rows=992 width=121)
	        Sort Key: c
	        ->  Bitmap Heap Scan on sbtest5  (cost=22.60..3831.16 rows=992 width=121)
	              Recheck Cond: ((id >= 4075844) AND (id <= 4076843))
	              ->  Bitmap Index Scan on sbtest5_pkey  (cost=0.00..22.36 rows=992 width=0)
	                    Index Cond: ((id >= 4075844) AND (id <= 4076843))

table 6 : explain SELECT DISTINCT c FROM sbtest6 WHERE id BETWEEN 3743341 AND 3744340 ORDER BY c
	Unique  (cost=3869.75..3874.70 rows=989 width=121)
	  ->  Sort  (cost=3869.75..3872.23 rows=989 width=121)
	        Sort Key: c
	        ->  Bitmap Heap Scan on sbtest6  (cost=22.57..3820.55 rows=989 width=121)
	              Recheck Cond: ((id >= 3743341) AND (id <= 3744340))
	              ->  Bitmap Index Scan on sbtest6_pkey  (cost=0.00..22.32 rows=989 width=0)
	                    Index Cond: ((id >= 3743341) AND (id <= 3744340))

table 7 : explain SELECT DISTINCT c FROM sbtest7 WHERE id BETWEEN 3135987 AND 3136986 ORDER BY c
	Unique  (cost=3927.08..3932.10 rows=1004 width=121)
	  ->  Sort  (cost=3927.08..3929.59 rows=1004 width=121)
	        Sort Key: c
	        ->  Bitmap Heap Scan on sbtest7  (cost=22.73..3877.02 rows=1004 width=121)
	              Recheck Cond: ((id >= 3135987) AND (id <= 3136986))
	              ->  Bitmap Index Scan on sbtest7_pkey  (cost=0.00..22.47 rows=1004 width=0)
	                    Index Cond: ((id >= 3135987) AND (id <= 3136986))

table 8 : explain SELECT DISTINCT c FROM sbtest8 WHERE id BETWEEN 5162299 AND 5163298 ORDER BY c
	Unique  (cost=3724.27..3729.03 rows=951 width=121)
	  ->  Sort  (cost=3724.27..3726.65 rows=951 width=121)
	        Sort Key: c
	        ->  Bitmap Heap Scan on sbtest8  (cost=22.18..3677.23 rows=951 width=121)
	              Recheck Cond: ((id >= 5162299) AND (id <= 5163298))
	              ->  Bitmap Index Scan on sbtest8_pkey  (cost=0.00..21.94 rows=951 width=0)
	                    Index Cond: ((id >= 5162299) AND (id <= 5163298))

explain: for point_selects :: explain SELECT c FROM sbtest%u WHERE id=%u
for: simple_ranges
table 1 : explain SELECT c FROM sbtest1 WHERE id BETWEEN 6696329 AND 6697328
	Bitmap Heap Scan on sbtest1  (cost=23.37..4111.06 rows=1067 width=121)
	  Recheck Cond: ((id >= 6696329) AND (id <= 6697328))
	  ->  Bitmap Index Scan on sbtest1_pkey  (cost=0.00..23.11 rows=1067 width=0)
	        Index Cond: ((id >= 6696329) AND (id <= 6697328))

table 2 : explain SELECT c FROM sbtest2 WHERE id BETWEEN 7557628 AND 7558627
	Bitmap Heap Scan on sbtest2  (cost=27.76..4255.10 rows=1105 width=121)
	  Recheck Cond: ((id >= 7557628) AND (id <= 7558627))
	  ->  Bitmap Index Scan on sbtest2_pkey  (cost=0.00..27.48 rows=1105 width=0)
	        Index Cond: ((id >= 7557628) AND (id <= 7558627))

table 3 : explain SELECT c FROM sbtest3 WHERE id BETWEEN 3927505 AND 3928504
	Bitmap Heap Scan on sbtest3  (cost=23.09..4010.86 rows=1040 width=121)
	  Recheck Cond: ((id >= 3927505) AND (id <= 3928504))
	  ->  Bitmap Index Scan on sbtest3_pkey  (cost=0.00..22.83 rows=1040 width=0)
	        Index Cond: ((id >= 3927505) AND (id <= 3928504))

table 4 : explain SELECT c FROM sbtest4 WHERE id BETWEEN 1051004 AND 1052003
	Bitmap Heap Scan on sbtest4  (cost=22.49..3789.58 rows=981 width=121)
	  Recheck Cond: ((id >= 1051004) AND (id <= 1052003))
	  ->  Bitmap Index Scan on sbtest4_pkey  (cost=0.00..22.25 rows=981 width=0)
	        Index Cond: ((id >= 1051004) AND (id <= 1052003))

table 5 : explain SELECT c FROM sbtest5 WHERE id BETWEEN 512367 AND 513366
	Bitmap Heap Scan on sbtest5  (cost=23.02..3985.52 rows=1033 width=121)
	  Recheck Cond: ((id >= 512367) AND (id <= 513366))
	  ->  Bitmap Index Scan on sbtest5_pkey  (cost=0.00..22.76 rows=1033 width=0)
	        Index Cond: ((id >= 512367) AND (id <= 513366))

table 6 : explain SELECT c FROM sbtest6 WHERE id BETWEEN 4605278 AND 4606277
	Bitmap Heap Scan on sbtest6  (cost=23.05..3997.55 rows=1036 width=121)
	  Recheck Cond: ((id >= 4605278) AND (id <= 4606277))
	  ->  Bitmap Index Scan on sbtest6_pkey  (cost=0.00..22.79 rows=1036 width=0)
	        Index Cond: ((id >= 4605278) AND (id <= 4606277))

table 7 : explain SELECT c FROM sbtest7 WHERE id BETWEEN 4472332 AND 4473331
	Bitmap Heap Scan on sbtest7  (cost=23.00..3978.68 rows=1031 width=121)
	  Recheck Cond: ((id >= 4472332) AND (id <= 4473331))
	  ->  Bitmap Index Scan on sbtest7_pkey  (cost=0.00..22.75 rows=1031 width=0)
	        Index Cond: ((id >= 4472332) AND (id <= 4473331))

table 8 : explain SELECT c FROM sbtest8 WHERE id BETWEEN 3733389 AND 3734388
	Bitmap Heap Scan on sbtest8  (cost=22.87..3929.79 rows=1018 width=121)
	  Recheck Cond: ((id >= 3733389) AND (id <= 3734388))
	  ->  Bitmap Index Scan on sbtest8_pkey  (cost=0.00..22.61 rows=1018 width=0)
	        Index Cond: ((id >= 3733389) AND (id <= 3734388))

for: sum_ranges
table 1 : explain SELECT SUM(k) FROM sbtest1 WHERE id BETWEEN 9494144 AND 9495143
	Aggregate  (cost=3710.97..3710.98 rows=1 width=8)
	  ->  Bitmap Heap Scan on sbtest1  (cost=22.27..3708.57 rows=960 width=4)
	        Recheck Cond: ((id >= 9494144) AND (id <= 9495143))
	        ->  Bitmap Index Scan on sbtest1_pkey  (cost=0.00..22.04 rows=960 width=0)
	              Index Cond: ((id >= 9494144) AND (id <= 9495143))

table 2 : explain SELECT SUM(k) FROM sbtest2 WHERE id BETWEEN 3797251 AND 3798250
	Aggregate  (cost=4193.75..4193.76 rows=1 width=8)
	  ->  Bitmap Heap Scan on sbtest2  (cost=23.59..4191.03 rows=1088 width=4)
	        Recheck Cond: ((id >= 3797251) AND (id <= 3798250))
	        ->  Bitmap Index Scan on sbtest2_pkey  (cost=0.00..23.32 rows=1088 width=0)
	              Index Cond: ((id >= 3797251) AND (id <= 3798250))

table 3 : explain SELECT SUM(k) FROM sbtest3 WHERE id BETWEEN 4489614 AND 4490613
	Aggregate  (cost=3908.07..3908.08 rows=1 width=8)
	  ->  Bitmap Heap Scan on sbtest3  (cost=22.81..3905.54 rows=1012 width=4)
	        Recheck Cond: ((id >= 4489614) AND (id <= 4490613))
	        ->  Bitmap Index Scan on sbtest3_pkey  (cost=0.00..22.55 rows=1012 width=0)
	              Index Cond: ((id >= 4489614) AND (id <= 4490613))

table 4 : explain SELECT SUM(k) FROM sbtest4 WHERE id BETWEEN 7715744 AND 7716743
	Aggregate  (cost=3822.20..3822.21 rows=1 width=8)
	  ->  Bitmap Heap Scan on sbtest4  (cost=22.57..3819.73 rows=989 width=4)
	        Recheck Cond: ((id >= 7715744) AND (id <= 7716743))
	        ->  Bitmap Index Scan on sbtest4_pkey  (cost=0.00..22.32 rows=989 width=0)
	              Index Cond: ((id >= 7715744) AND (id <= 7716743))

table 5 : explain SELECT SUM(k) FROM sbtest5 WHERE id BETWEEN 9145437 AND 9146436
	Aggregate  (cost=3690.29..3690.30 rows=1 width=8)
	  ->  Bitmap Heap Scan on sbtest5  (cost=22.21..3687.91 rows=954 width=4)
	        Recheck Cond: ((id >= 9145437) AND (id <= 9146436))
	        ->  Bitmap Index Scan on sbtest5_pkey  (cost=0.00..21.97 rows=954 width=0)
	              Index Cond: ((id >= 9145437) AND (id <= 9146436))

table 6 : explain SELECT SUM(k) FROM sbtest6 WHERE id BETWEEN 5858343 AND 5859342
	Aggregate  (cost=4286.21..4286.22 rows=1 width=8)
	  ->  Bitmap Heap Scan on sbtest6  (cost=27.83..4283.43 rows=1112 width=4)
	        Recheck Cond: ((id >= 5858343) AND (id <= 5859342))
	        ->  Bitmap Index Scan on sbtest6_pkey  (cost=0.00..27.55 rows=1112 width=0)
	              Index Cond: ((id >= 5858343) AND (id <= 5859342))

table 7 : explain SELECT SUM(k) FROM sbtest7 WHERE id BETWEEN 8110721 AND 8111720
	Aggregate  (cost=3585.12..3585.13 rows=1 width=8)
	  ->  Bitmap Heap Scan on sbtest7  (cost=21.93..3582.81 rows=926 width=4)
	        Recheck Cond: ((id >= 8110721) AND (id <= 8111720))
	        ->  Bitmap Index Scan on sbtest7_pkey  (cost=0.00..21.69 rows=926 width=0)
	              Index Cond: ((id >= 8110721) AND (id <= 8111720))

table 8 : explain SELECT SUM(k) FROM sbtest8 WHERE id BETWEEN 6672510 AND 6673509
	Aggregate  (cost=4180.96..4180.97 rows=1 width=8)
	  ->  Bitmap Heap Scan on sbtest8  (cost=27.54..4178.25 rows=1083 width=4)
	        Recheck Cond: ((id >= 6672510) AND (id <= 6673509))
	        ->  Bitmap Index Scan on sbtest8_pkey  (cost=0.00..27.26 rows=1083 width=0)
	              Index Cond: ((id >= 6672510) AND (id <= 6673509))

explain: for point_selects :: explain SELECT c FROM sbtest%u WHERE id=%u
for: simple_ranges
table 1 : explain SELECT c FROM sbtest1 WHERE id BETWEEN 3188476 AND 3189475
	Bitmap Heap Scan on sbtest1  (cost=21.83..3546.40 rows=917 width=121)
	  Recheck Cond: ((id >= 3188476) AND (id <= 3189475))
	  ->  Bitmap Index Scan on sbtest1_pkey  (cost=0.00..21.61 rows=917 width=0)
	        Index Cond: ((id >= 3188476) AND (id <= 3189475))

table 2 : explain SELECT c FROM sbtest2 WHERE id BETWEEN 9037223 AND 9038222
	Bitmap Heap Scan on sbtest2  (cost=22.70..3863.99 rows=1001 width=121)
	  Recheck Cond: ((id >= 9037223) AND (id <= 9038222))
	  ->  Bitmap Index Scan on sbtest2_pkey  (cost=0.00..22.44 rows=1001 width=0)
	        Index Cond: ((id >= 9037223) AND (id <= 9038222))

table 3 : explain SELECT c FROM sbtest3 WHERE id BETWEEN 362168 AND 363167
	Bitmap Heap Scan on sbtest3  (cost=22.48..3785.04 rows=980 width=121)
	  Recheck Cond: ((id >= 362168) AND (id <= 363167))
	  ->  Bitmap Index Scan on sbtest3_pkey  (cost=0.00..22.23 rows=980 width=0)
	        Index Cond: ((id >= 362168) AND (id <= 363167))

table 4 : explain SELECT c FROM sbtest4 WHERE id BETWEEN 473203 AND 474202
	Bitmap Heap Scan on sbtest4  (cost=21.77..3525.45 rows=911 width=121)
	  Recheck Cond: ((id >= 473203) AND (id <= 474202))
	  ->  Bitmap Index Scan on sbtest4_pkey  (cost=0.00..21.54 rows=911 width=0)
	        Index Cond: ((id >= 473203) AND (id <= 474202))

table 5 : explain SELECT c FROM sbtest5 WHERE id BETWEEN 1818363 AND 1819362
	Bitmap Heap Scan on sbtest5  (cost=22.50..3793.48 rows=982 width=121)
	  Recheck Cond: ((id >= 1818363) AND (id <= 1819362))
	  ->  Bitmap Index Scan on sbtest5_pkey  (cost=0.00..22.25 rows=982 width=0)
	        Index Cond: ((id >= 1818363) AND (id <= 1819362))

table 6 : explain SELECT c FROM sbtest6 WHERE id BETWEEN 5872397 AND 5873396
	Bitmap Heap Scan on sbtest6  (cost=23.32..4095.34 rows=1062 width=121)
	  Recheck Cond: ((id >= 5872397) AND (id <= 5873396))
	  ->  Bitmap Index Scan on sbtest6_pkey  (cost=0.00..23.05 rows=1062 width=0)
	        Index Cond: ((id >= 5872397) AND (id <= 5873396))

table 7 : explain SELECT c FROM sbtest7 WHERE id BETWEEN 6358254 AND 6359253
	Bitmap Heap Scan on sbtest7  (cost=22.05..3628.13 rows=938 width=121)
	  Recheck Cond: ((id >= 6358254) AND (id <= 6359253))
	  ->  Bitmap Index Scan on sbtest7_pkey  (cost=0.00..21.82 rows=938 width=0)
	        Index Cond: ((id >= 6358254) AND (id <= 6359253))

table 8 : explain SELECT c FROM sbtest8 WHERE id BETWEEN 1810702 AND 1811701
	Bitmap Heap Scan on sbtest8  (cost=27.48..4159.47 rows=1078 width=121)
	  Recheck Cond: ((id >= 1810702) AND (id <= 1811701))
	  ->  Bitmap Index Scan on sbtest8_pkey  (cost=0.00..27.21 rows=1078 width=0)
	        Index Cond: ((id >= 1810702) AND (id <= 1811701))

for: sum_ranges
table 1 : explain SELECT SUM(k) FROM sbtest1 WHERE id BETWEEN 4888802 AND 4889801
	Aggregate  (cost=3970.86..3970.87 rows=1 width=8)
	  ->  Bitmap Heap Scan on sbtest1  (cost=22.98..3968.29 rows=1029 width=4)
	        Recheck Cond: ((id >= 4888802) AND (id <= 4889801))
	        ->  Bitmap Index Scan on sbtest1_pkey  (cost=0.00..22.72 rows=1029 width=0)
	              Index Cond: ((id >= 4888802) AND (id <= 4889801))

table 2 : explain SELECT SUM(k) FROM sbtest2 WHERE id BETWEEN 8231048 AND 8232047
	Aggregate  (cost=4062.21..4062.22 rows=1 width=8)
	  ->  Bitmap Heap Scan on sbtest2  (cost=23.23..4059.58 rows=1053 width=4)
	        Recheck Cond: ((id >= 8231048) AND (id <= 8232047))
	        ->  Bitmap Index Scan on sbtest2_pkey  (cost=0.00..22.96 rows=1053 width=0)
	              Index Cond: ((id >= 8231048) AND (id <= 8232047))

table 3 : explain SELECT SUM(k) FROM sbtest3 WHERE id BETWEEN 9811441 AND 9812440
	Aggregate  (cost=4047.32..4047.33 rows=1 width=8)
	  ->  Bitmap Heap Scan on sbtest3  (cost=23.19..4044.69 rows=1049 width=4)
	        Recheck Cond: ((id >= 9811441) AND (id <= 9812440))
	        ->  Bitmap Index Scan on sbtest3_pkey  (cost=0.00..22.93 rows=1049 width=0)
	              Index Cond: ((id >= 9811441) AND (id <= 9812440))

table 4 : explain SELECT SUM(k) FROM sbtest4 WHERE id BETWEEN 9715530 AND 9716529
	Aggregate  (cost=3803.35..3803.36 rows=1 width=8)
	  ->  Bitmap Heap Scan on sbtest4  (cost=22.52..3800.89 rows=984 width=4)
	        Recheck Cond: ((id >= 9715530) AND (id <= 9716529))
	        ->  Bitmap Index Scan on sbtest4_pkey  (cost=0.00..22.27 rows=984 width=0)
	              Index Cond: ((id >= 9715530) AND (id <= 9716529))

table 5 : explain SELECT SUM(k) FROM sbtest5 WHERE id BETWEEN 683871 AND 684870
	Aggregate  (cost=3811.02..3811.03 rows=1 width=8)
	  ->  Bitmap Heap Scan on sbtest5  (cost=22.54..3808.56 rows=986 width=4)
	        Recheck Cond: ((id >= 683871) AND (id <= 684870))
	        ->  Bitmap Index Scan on sbtest5_pkey  (cost=0.00..22.29 rows=986 width=0)
	              Index Cond: ((id >= 683871) AND (id <= 684870))

table 6 : explain SELECT SUM(k) FROM sbtest6 WHERE id BETWEEN 577475 AND 578474
	Aggregate  (cost=3770.21..3770.22 rows=1 width=8)
	  ->  Bitmap Heap Scan on sbtest6  (cost=22.43..3767.77 rows=975 width=4)
	        Recheck Cond: ((id >= 577475) AND (id <= 578474))
	        ->  Bitmap Index Scan on sbtest6_pkey  (cost=0.00..22.18 rows=975 width=0)
	              Index Cond: ((id >= 577475) AND (id <= 578474))

table 7 : explain SELECT SUM(k) FROM sbtest7 WHERE id BETWEEN 2632454 AND 2633453
	Aggregate  (cost=3992.56..3992.57 rows=1 width=8)
	  ->  Bitmap Heap Scan on sbtest7  (cost=23.03..3989.97 rows=1034 width=4)
	        Recheck Cond: ((id >= 2632454) AND (id <= 2633453))
	        ->  Bitmap Index Scan on sbtest7_pkey  (cost=0.00..22.77 rows=1034 width=0)
	              Index Cond: ((id >= 2632454) AND (id <= 2633453))

table 8 : explain SELECT SUM(k) FROM sbtest8 WHERE id BETWEEN 4810291 AND 4811290
	Aggregate  (cost=3951.17..3951.18 rows=1 width=8)
	  ->  Bitmap Heap Scan on sbtest8  (cost=22.92..3948.61 rows=1023 width=4)
	        Recheck Cond: ((id >= 4810291) AND (id <= 4811290))
	        ->  Bitmap Index Scan on sbtest8_pkey  (cost=0.00..22.66 rows=1023 width=0)
	              Index Cond: ((id >= 4810291) AND (id <= 4811290))

for: sum_ranges
table 1 : explain SELECT SUM(k) FROM sbtest1 WHERE id BETWEEN 508641 AND 509640
	Aggregate  (cost=3861.71..3861.72 rows=1 width=8)
	  ->  Bitmap Heap Scan on sbtest1  (cost=22.68..3859.21 rows=1000 width=4)
	        Recheck Cond: ((id >= 508641) AND (id <= 509640))
	        ->  Bitmap Index Scan on sbtest1_pkey  (cost=0.00..22.43 rows=1000 width=0)
	              Index Cond: ((id >= 508641) AND (id <= 509640))

table 2 : explain SELECT SUM(k) FROM sbtest2 WHERE id BETWEEN 9037462 AND 9038461
	Aggregate  (cost=3866.49..3866.50 rows=1 width=8)
	  ->  Bitmap Heap Scan on sbtest2  (cost=22.70..3863.99 rows=1001 width=4)
	        Recheck Cond: ((id >= 9037462) AND (id <= 9038461))
	        ->  Bitmap Index Scan on sbtest2_pkey  (cost=0.00..22.44 rows=1001 width=0)
	              Index Cond: ((id >= 9037462) AND (id <= 9038461))

table 3 : explain SELECT SUM(k) FROM sbtest3 WHERE id BETWEEN 22450 AND 23449
	Aggregate  (cost=3990.88..3990.89 rows=1 width=8)
	  ->  Bitmap Heap Scan on sbtest3  (cost=23.03..3988.30 rows=1034 width=4)
	        Recheck Cond: ((id >= 22450) AND (id <= 23449))
	        ->  Bitmap Index Scan on sbtest3_pkey  (cost=0.00..22.77 rows=1034 width=0)
	              Index Cond: ((id >= 22450) AND (id <= 23449))

table 4 : explain SELECT SUM(k) FROM sbtest4 WHERE id BETWEEN 157145 AND 158144
	Aggregate  (cost=3972.90..3972.91 rows=1 width=8)
	  ->  Bitmap Heap Scan on sbtest4  (cost=22.98..3970.33 rows=1029 width=4)
	        Recheck Cond: ((id >= 157145) AND (id <= 158144))
	        ->  Bitmap Index Scan on sbtest4_pkey  (cost=0.00..22.72 rows=1029 width=0)
	              Index Cond: ((id >= 157145) AND (id <= 158144))

table 5 : explain SELECT SUM(k) FROM sbtest5 WHERE id BETWEEN 5853249 AND 5854248
	Aggregate  (cost=4397.98..4397.99 rows=1 width=8)
	  ->  Bitmap Heap Scan on sbtest5  (cost=28.14..4395.13 rows=1142 width=4)
	        Recheck Cond: ((id >= 5853249) AND (id <= 5854248))
	        ->  Bitmap Index Scan on sbtest5_pkey  (cost=0.00..27.86 rows=1142 width=0)
	              Index Cond: ((id >= 5853249) AND (id <= 5854248))

table 6 : explain SELECT SUM(k) FROM sbtest6 WHERE id BETWEEN 6719672 AND 6720671
	Aggregate  (cost=4173.21..4173.22 rows=1 width=8)
	  ->  Bitmap Heap Scan on sbtest6  (cost=23.53..4170.51 rows=1082 width=4)
	        Recheck Cond: ((id >= 6719672) AND (id <= 6720671))
	        ->  Bitmap Index Scan on sbtest6_pkey  (cost=0.00..23.25 rows=1082 width=0)
	              Index Cond: ((id >= 6719672) AND (id <= 6720671))

table 7 : explain SELECT SUM(k) FROM sbtest7 WHERE id BETWEEN 236755 AND 237754
	Aggregate  (cost=4267.38..4267.39 rows=1 width=8)
	  ->  Bitmap Heap Scan on sbtest7  (cost=27.78..4264.61 rows=1107 width=4)
	        Recheck Cond: ((id >= 236755) AND (id <= 237754))
	        ->  Bitmap Index Scan on sbtest7_pkey  (cost=0.00..27.50 rows=1107 width=0)
	              Index Cond: ((id >= 236755) AND (id <= 237754))

table 8 : explain SELECT SUM(k) FROM sbtest8 WHERE id BETWEEN 8451483 AND 8452482
	Aggregate  (cost=4026.48..4026.49 rows=1 width=8)
	  ->  Bitmap Heap Scan on sbtest8  (cost=23.13..4023.88 rows=1043 width=4)
	        Recheck Cond: ((id >= 8451483) AND (id <= 8452482))
	        ->  Bitmap Index Scan on sbtest8_pkey  (cost=0.00..22.86 rows=1043 width=0)
	              Index Cond: ((id >= 8451483) AND (id <= 8452482))

for: distinct_ranges
table 1 : explain SELECT DISTINCT c FROM sbtest1 WHERE id BETWEEN 8714188 AND 8715187 ORDER BY c
	Unique  (cost=4031.23..4036.39 rows=1032 width=121)
	  ->  Sort  (cost=4031.23..4033.81 rows=1032 width=121)
	        Sort Key: c
	        ->  Bitmap Heap Scan on sbtest1  (cost=23.01..3979.57 rows=1032 width=121)
	              Recheck Cond: ((id >= 8714188) AND (id <= 8715187))
	              ->  Bitmap Index Scan on sbtest1_pkey  (cost=0.00..22.75 rows=1032 width=0)
	                    Index Cond: ((id >= 8714188) AND (id <= 8715187))

table 2 : explain SELECT DISTINCT c FROM sbtest2 WHERE id BETWEEN 3166192 AND 3167191 ORDER BY c
	Unique  (cost=3929.16..3934.19 rows=1005 width=121)
	  ->  Sort  (cost=3929.16..3931.68 rows=1005 width=121)
	        Sort Key: c
	        ->  Bitmap Heap Scan on sbtest2  (cost=22.74..3879.05 rows=1005 width=121)
	              Recheck Cond: ((id >= 3166192) AND (id <= 3167191))
	              ->  Bitmap Index Scan on sbtest2_pkey  (cost=0.00..22.48 rows=1005 width=0)
	                    Index Cond: ((id >= 3166192) AND (id <= 3167191))

table 3 : explain SELECT DISTINCT c FROM sbtest3 WHERE id BETWEEN 993756 AND 994755 ORDER BY c
	Unique  (cost=3531.20..3535.70 rows=901 width=121)
	  ->  Sort  (cost=3531.20..3533.45 rows=901 width=121)
	        Sort Key: c
	        ->  Bitmap Heap Scan on sbtest3  (cost=21.67..3486.98 rows=901 width=121)
	              Recheck Cond: ((id >= 993756) AND (id <= 994755))
	              ->  Bitmap Index Scan on sbtest3_pkey  (cost=0.00..21.44 rows=901 width=0)
	                    Index Cond: ((id >= 993756) AND (id <= 994755))

table 4 : explain SELECT DISTINCT c FROM sbtest4 WHERE id BETWEEN 7661221 AND 7662220 ORDER BY c
	Unique  (cost=3868.93..3873.87 rows=989 width=121)
	  ->  Sort  (cost=3868.93..3871.40 rows=989 width=121)
	        Sort Key: c
	        ->  Bitmap Heap Scan on sbtest4  (cost=22.57..3819.73 rows=989 width=121)
	              Recheck Cond: ((id >= 7661221) AND (id <= 7662220))
	              ->  Bitmap Index Scan on sbtest4_pkey  (cost=0.00..22.32 rows=989 width=0)
	                    Index Cond: ((id >= 7661221) AND (id <= 7662220))

table 5 : explain SELECT DISTINCT c FROM sbtest5 WHERE id BETWEEN 9713854 AND 9714853 ORDER BY c
	Unique  (cost=3880.54..3885.50 rows=992 width=121)
	  ->  Sort  (cost=3880.54..3883.02 rows=992 width=121)
	        Sort Key: c
	        ->  Bitmap Heap Scan on sbtest5  (cost=22.60..3831.16 rows=992 width=121)
	              Recheck Cond: ((id >= 9713854) AND (id <= 9714853))
	              ->  Bitmap Index Scan on sbtest5_pkey  (cost=0.00..22.36 rows=992 width=0)
	                    Index Cond: ((id >= 9713854) AND (id <= 9714853))

table 6 : explain SELECT DISTINCT c FROM sbtest6 WHERE id BETWEEN 3232424 AND 3233423 ORDER BY c
	Unique  (cost=3425.11..3429.48 rows=873 width=121)
	  ->  Sort  (cost=3425.11..3427.30 rows=873 width=121)
	        Sort Key: c
	        ->  Bitmap Heap Scan on sbtest6  (cost=21.38..3382.47 rows=873 width=121)
	              Recheck Cond: ((id >= 3232424) AND (id <= 3233423))
	              ->  Bitmap Index Scan on sbtest6_pkey  (cost=0.00..21.16 rows=873 width=0)
	                    Index Cond: ((id >= 3232424) AND (id <= 3233423))

table 7 : explain SELECT DISTINCT c FROM sbtest7 WHERE id BETWEEN 6303353 AND 6304352 ORDER BY c
	Unique  (cost=3674.43..3679.12 rows=938 width=121)
	  ->  Sort  (cost=3674.43..3676.78 rows=938 width=121)
	        Sort Key: c
	        ->  Bitmap Heap Scan on sbtest7  (cost=22.05..3628.13 rows=938 width=121)
	              Recheck Cond: ((id >= 6303353) AND (id <= 6304352))
	              ->  Bitmap Index Scan on sbtest7_pkey  (cost=0.00..21.82 rows=938 width=0)
	                    Index Cond: ((id >= 6303353) AND (id <= 6304352))

table 8 : explain SELECT DISTINCT c FROM sbtest8 WHERE id BETWEEN 256822 AND 257821 ORDER BY c
	Unique  (cost=4045.61..4050.78 rows=1035 width=121)
	  ->  Sort  (cost=4045.61..4048.19 rows=1035 width=121)
	        Sort Key: c
	        ->  Bitmap Heap Scan on sbtest8  (cost=23.04..3993.78 rows=1035 width=121)
	              Recheck Cond: ((id >= 256822) AND (id <= 257821))
	              ->  Bitmap Index Scan on sbtest8_pkey  (cost=0.00..22.79 rows=1035 width=0)
	                    Index Cond: ((id >= 256822) AND (id <= 257821))

for: order_ranges
table 1 : explain SELECT c FROM sbtest1 WHERE id BETWEEN 9981769 AND 9982768 ORDER BY c
	Sort  (cost=4344.04..4346.83 rows=1114 width=121)
	  Sort Key: c
	  ->  Bitmap Heap Scan on sbtest1  (cost=27.85..4287.66 rows=1114 width=121)
	        Recheck Cond: ((id >= 9981769) AND (id <= 9982768))
	        ->  Bitmap Index Scan on sbtest1_pkey  (cost=0.00..27.57 rows=1114 width=0)
	              Index Cond: ((id >= 9981769) AND (id <= 9982768))

table 2 : explain SELECT c FROM sbtest2 WHERE id BETWEEN 955980 AND 956979 ORDER BY c
	Sort  (cost=3925.34..3927.85 rows=1004 width=121)
	  Sort Key: c
	  ->  Bitmap Heap Scan on sbtest2  (cost=22.73..3875.29 rows=1004 width=121)
	        Recheck Cond: ((id >= 955980) AND (id <= 956979))
	        ->  Bitmap Index Scan on sbtest2_pkey  (cost=0.00..22.47 rows=1004 width=0)
	              Index Cond: ((id >= 955980) AND (id <= 956979))

table 3 : explain SELECT c FROM sbtest3 WHERE id BETWEEN 2743668 AND 2744667 ORDER BY c
	Sort  (cost=3956.05..3958.58 rows=1012 width=121)
	  Sort Key: c
	  ->  Bitmap Heap Scan on sbtest3  (cost=22.81..3905.54 rows=1012 width=121)
	        Recheck Cond: ((id >= 2743668) AND (id <= 2744667))
	        ->  Bitmap Index Scan on sbtest3_pkey  (cost=0.00..22.55 rows=1012 width=0)
	              Index Cond: ((id >= 2743668) AND (id <= 2744667))

table 4 : explain SELECT c FROM sbtest4 WHERE id BETWEEN 2406799 AND 2407798 ORDER BY c
	Sort  (cost=3907.17..3909.67 rows=999 width=121)
	  Sort Key: c
	  ->  Bitmap Heap Scan on sbtest4  (cost=22.67..3857.40 rows=999 width=121)
	        Recheck Cond: ((id >= 2406799) AND (id <= 2407798))
	        ->  Bitmap Index Scan on sbtest4_pkey  (cost=0.00..22.43 rows=999 width=0)
	              Index Cond: ((id >= 2406799) AND (id <= 2407798))

table 5 : explain SELECT c FROM sbtest5 WHERE id BETWEEN 7888320 AND 7889319 ORDER BY c
	Sort  (cost=4170.84..4173.51 rows=1068 width=121)
	  Sort Key: c
	  ->  Bitmap Heap Scan on sbtest5  (cost=23.38..4117.12 rows=1068 width=121)
	        Recheck Cond: ((id >= 7888320) AND (id <= 7889319))
	        ->  Bitmap Index Scan on sbtest5_pkey  (cost=0.00..23.11 rows=1068 width=0)
	              Index Cond: ((id >= 7888320) AND (id <= 7889319))

table 6 : explain SELECT c FROM sbtest6 WHERE id BETWEEN 2320495 AND 2321494 ORDER BY c
	Sort  (cost=4240.29..4243.01 rows=1086 width=121)
	  Sort Key: c
	  ->  Bitmap Heap Scan on sbtest6  (cost=23.57..4185.53 rows=1086 width=121)
	        Recheck Cond: ((id >= 2320495) AND (id <= 2321494))
	        ->  Bitmap Index Scan on sbtest6_pkey  (cost=0.00..23.29 rows=1086 width=0)
	              Index Cond: ((id >= 2320495) AND (id <= 2321494))

table 7 : explain SELECT c FROM sbtest7 WHERE id BETWEEN 1551922 AND 1552921 ORDER BY c
	Sort  (cost=3636.10..3638.42 rows=928 width=121)
	  Sort Key: c
	  ->  Bitmap Heap Scan on sbtest7  (cost=21.95..3590.36 rows=928 width=121)
	        Recheck Cond: ((id >= 1551922) AND (id <= 1552921))
	        ->  Bitmap Index Scan on sbtest7_pkey  (cost=0.00..21.71 rows=928 width=0)
	              Index Cond: ((id >= 1551922) AND (id <= 1552921))

table 8 : explain SELECT c FROM sbtest8 WHERE id BETWEEN 6877271 AND 6878270 ORDER BY c
	Sort  (cost=4213.77..4216.46 rows=1078 width=121)
	  Sort Key: c
	  ->  Bitmap Heap Scan on sbtest8  (cost=27.48..4159.47 rows=1078 width=121)
	        Recheck Cond: ((id >= 6877271) AND (id <= 6878270))
	        ->  Bitmap Index Scan on sbtest8_pkey  (cost=0.00..27.21 rows=1078 width=0)
	              Index Cond: ((id >= 6877271) AND (id <= 6878270))

for: sum_ranges
table 1 : explain SELECT SUM(k) FROM sbtest1 WHERE id BETWEEN 713447 AND 714446
	Aggregate  (cost=3831.58..3831.59 rows=1 width=8)
	  ->  Bitmap Heap Scan on sbtest1  (cost=22.60..3829.10 rows=992 width=4)
	        Recheck Cond: ((id >= 713447) AND (id <= 714446))
	        ->  Bitmap Index Scan on sbtest1_pkey  (cost=0.00..22.36 rows=992 width=0)
	              Index Cond: ((id >= 713447) AND (id <= 714446))

table 2 : explain SELECT SUM(k) FROM sbtest2 WHERE id BETWEEN 6289548 AND 6290547
	Aggregate  (cost=3907.93..3907.94 rows=1 width=8)
	  ->  Bitmap Heap Scan on sbtest2  (cost=22.81..3905.40 rows=1012 width=4)
	        Recheck Cond: ((id >= 6289548) AND (id <= 6290547))
	        ->  Bitmap Index Scan on sbtest2_pkey  (cost=0.00..22.55 rows=1012 width=0)
	              Index Cond: ((id >= 6289548) AND (id <= 6290547))

table 3 : explain SELECT SUM(k) FROM sbtest3 WHERE id BETWEEN 3428360 AND 3429359
	Aggregate  (cost=3598.82..3598.83 rows=1 width=8)
	  ->  Bitmap Heap Scan on sbtest3  (cost=21.97..3596.49 rows=930 width=4)
	        Recheck Cond: ((id >= 3428360) AND (id <= 3429359))
	        ->  Bitmap Index Scan on sbtest3_pkey  (cost=0.00..21.73 rows=930 width=0)
	              Index Cond: ((id >= 3428360) AND (id <= 3429359))

table 4 : explain SELECT SUM(k) FROM sbtest4 WHERE id BETWEEN 7516739 AND 7517738
	Aggregate  (cost=3576.86..3576.87 rows=1 width=8)
	  ->  Bitmap Heap Scan on sbtest4  (cost=21.91..3574.55 rows=924 width=4)
	        Recheck Cond: ((id >= 7516739) AND (id <= 7517738))
	        ->  Bitmap Index Scan on sbtest4_pkey  (cost=0.00..21.68 rows=924 width=0)
	              Index Cond: ((id >= 7516739) AND (id <= 7517738))

table 5 : explain SELECT SUM(k) FROM sbtest5 WHERE id BETWEEN 928496 AND 929495
	Aggregate  (cost=3927.85..3927.86 rows=1 width=8)
	  ->  Bitmap Heap Scan on sbtest5  (cost=22.86..3925.31 rows=1017 width=4)
	        Recheck Cond: ((id >= 928496) AND (id <= 929495))
	        ->  Bitmap Index Scan on sbtest5_pkey  (cost=0.00..22.61 rows=1017 width=0)
	              Index Cond: ((id >= 928496) AND (id <= 929495))

table 6 : explain SELECT SUM(k) FROM sbtest6 WHERE id BETWEEN 3382067 AND 3383066
	Aggregate  (cost=3834.34..3834.35 rows=1 width=8)
	  ->  Bitmap Heap Scan on sbtest6  (cost=22.60..3831.86 rows=992 width=4)
	        Recheck Cond: ((id >= 3382067) AND (id <= 3383066))
	        ->  Bitmap Index Scan on sbtest6_pkey  (cost=0.00..22.36 rows=992 width=0)
	              Index Cond: ((id >= 3382067) AND (id <= 3383066))

table 7 : explain SELECT SUM(k) FROM sbtest7 WHERE id BETWEEN 9097530 AND 9098529
	Aggregate  (cost=4214.75..4214.76 rows=1 width=8)
	  ->  Bitmap Heap Scan on sbtest7  (cost=27.63..4212.02 rows=1092 width=4)
	        Recheck Cond: ((id >= 9097530) AND (id <= 9098529))
	        ->  Bitmap Index Scan on sbtest7_pkey  (cost=0.00..27.36 rows=1092 width=0)
	              Index Cond: ((id >= 9097530) AND (id <= 9098529))

table 8 : explain SELECT SUM(k) FROM sbtest8 WHERE id BETWEEN 2349143 AND 2350142
	Aggregate  (cost=3811.70..3811.71 rows=1 width=8)
	  ->  Bitmap Heap Scan on sbtest8  (cost=22.54..3809.24 rows=986 width=4)
	        Recheck Cond: ((id >= 2349143) AND (id <= 2350142))
	        ->  Bitmap Index Scan on sbtest8_pkey  (cost=0.00..22.29 rows=986 width=0)
	              Index Cond: ((id >= 2349143) AND (id <= 2350142))

for: order_ranges
table 1 : explain SELECT c FROM sbtest1 WHERE id BETWEEN 3765832 AND 3766831 ORDER BY c
	Sort  (cost=4183.78..4186.46 rows=1072 width=121)
	  Sort Key: c
	  ->  Bitmap Heap Scan on sbtest1  (cost=23.42..4129.83 rows=1072 width=121)
	        Recheck Cond: ((id >= 3765832) AND (id <= 3766831))
	        ->  Bitmap Index Scan on sbtest1_pkey  (cost=0.00..23.15 rows=1072 width=0)
	              Index Cond: ((id >= 3765832) AND (id <= 3766831))

table 2 : explain SELECT c FROM sbtest2 WHERE id BETWEEN 8849605 AND 8850604 ORDER BY c
	Sort  (cost=3822.12..3824.56 rows=977 width=121)
	  Sort Key: c
	  ->  Bitmap Heap Scan on sbtest2  (cost=22.45..3773.60 rows=977 width=121)
	        Recheck Cond: ((id >= 8849605) AND (id <= 8850604))
	        ->  Bitmap Index Scan on sbtest2_pkey  (cost=0.00..22.20 rows=977 width=0)
	              Index Cond: ((id >= 8849605) AND (id <= 8850604))

table 3 : explain SELECT c FROM sbtest3 WHERE id BETWEEN 8326606 AND 8327605 ORDER BY c
	Sort  (cost=4062.98..4065.58 rows=1040 width=121)
	  Sort Key: c
	  ->  Bitmap Heap Scan on sbtest3  (cost=23.09..4010.86 rows=1040 width=121)
	        Recheck Cond: ((id >= 8326606) AND (id <= 8327605))
	        ->  Bitmap Index Scan on sbtest3_pkey  (cost=0.00..22.83 rows=1040 width=0)
	              Index Cond: ((id >= 8326606) AND (id <= 8327605))

table 4 : explain SELECT c FROM sbtest4 WHERE id BETWEEN 2188455 AND 2189454 ORDER BY c
	Sort  (cost=3800.07..3802.49 rows=971 width=121)
	  Sort Key: c
	  ->  Bitmap Heap Scan on sbtest4  (cost=22.39..3751.89 rows=971 width=121)
	        Recheck Cond: ((id >= 2188455) AND (id <= 2189454))
	        ->  Bitmap Index Scan on sbtest4_pkey  (cost=0.00..22.14 rows=971 width=0)
	              Index Cond: ((id >= 2188455) AND (id <= 2189454))

table 5 : explain SELECT c FROM sbtest5 WHERE id BETWEEN 2770216 AND 2771215 ORDER BY c
	Sort  (cost=3853.76..3856.22 rows=985 width=121)
	  Sort Key: c
	  ->  Bitmap Heap Scan on sbtest5  (cost=22.53..3804.79 rows=985 width=121)
	        Recheck Cond: ((id >= 2770216) AND (id <= 2771215))
	        ->  Bitmap Index Scan on sbtest5_pkey  (cost=0.00..22.29 rows=985 width=0)
	              Index Cond: ((id >= 2770216) AND (id <= 2771215))

table 6 : explain SELECT c FROM sbtest6 WHERE id BETWEEN 6556796 AND 6557795 ORDER BY c
	Sort  (cost=3850.62..3853.08 rows=984 width=121)
	  Sort Key: c
	  ->  Bitmap Heap Scan on sbtest6  (cost=22.52..3801.71 rows=984 width=121)
	        Recheck Cond: ((id >= 6556796) AND (id <= 6557795))
	        ->  Bitmap Index Scan on sbtest6_pkey  (cost=0.00..22.27 rows=984 width=0)
	              Index Cond: ((id >= 6556796) AND (id <= 6557795))

table 7 : explain SELECT c FROM sbtest7 WHERE id BETWEEN 9560981 AND 9561980 ORDER BY c
	Sort  (cost=3804.65..3807.08 rows=972 width=121)
	  Sort Key: c
	  ->  Bitmap Heap Scan on sbtest7  (cost=22.40..3756.42 rows=972 width=121)
	        Recheck Cond: ((id >= 9560981) AND (id <= 9561980))
	        ->  Bitmap Index Scan on sbtest7_pkey  (cost=0.00..22.15 rows=972 width=0)
	              Index Cond: ((id >= 9560981) AND (id <= 9561980))

table 8 : explain SELECT c FROM sbtest8 WHERE id BETWEEN 8583414 AND 8584413 ORDER BY c
	Sort  (cost=3839.13..3841.59 rows=981 width=121)
	  Sort Key: c
	  ->  Bitmap Heap Scan on sbtest8  (cost=22.49..3790.39 rows=981 width=121)
	        Recheck Cond: ((id >= 8583414) AND (id <= 8584413))
	        ->  Bitmap Index Scan on sbtest8_pkey  (cost=0.00..22.25 rows=981 width=0)
	              Index Cond: ((id >= 8583414) AND (id <= 8584413))

for point_selects
table 1 : explain SELECT c FROM sbtest1 WHERE id=2625358
	Index Scan using sbtest1_pkey on sbtest1  (cost=0.43..8.45 rows=1 width=121)
	  Index Cond: (id = 2625358)

table 2 : explain SELECT c FROM sbtest2 WHERE id=7671372
	Index Scan using sbtest2_pkey on sbtest2  (cost=0.43..8.45 rows=1 width=121)
	  Index Cond: (id = 7671372)

table 3 : explain SELECT c FROM sbtest3 WHERE id=3723862
	Index Scan using sbtest3_pkey on sbtest3  (cost=0.43..8.45 rows=1 width=121)
	  Index Cond: (id = 3723862)

table 4 : explain SELECT c FROM sbtest4 WHERE id=4328015
	Index Scan using sbtest4_pkey on sbtest4  (cost=0.43..8.45 rows=1 width=121)
	  Index Cond: (id = 4328015)

table 5 : explain SELECT c FROM sbtest5 WHERE id=4720712
	Index Scan using sbtest5_pkey on sbtest5  (cost=0.43..8.45 rows=1 width=121)
	  Index Cond: (id = 4720712)

table 6 : explain SELECT c FROM sbtest6 WHERE id=9793347
	Index Scan using sbtest6_pkey on sbtest6  (cost=0.43..8.45 rows=1 width=121)
	  Index Cond: (id = 9793347)

table 7 : explain SELECT c FROM sbtest7 WHERE id=8883161
	Index Scan using sbtest7_pkey on sbtest7  (cost=0.43..8.45 rows=1 width=121)
	  Index Cond: (id = 8883161)

table 8 : explain SELECT c FROM sbtest8 WHERE id=4319335
	Index Scan using sbtest8_pkey on sbtest8  (cost=0.43..8.45 rows=1 width=121)
	  Index Cond: (id = 4319335)

for point_selects
table 1 : explain SELECT c FROM sbtest1 WHERE id=8804448
	Index Scan using sbtest1_pkey on sbtest1  (cost=0.43..8.45 rows=1 width=121)
	  Index Cond: (id = 8804448)

table 2 : explain SELECT c FROM sbtest2 WHERE id=4550763
	Index Scan using sbtest2_pkey on sbtest2  (cost=0.43..8.45 rows=1 width=121)
	  Index Cond: (id = 4550763)

table 3 : explain SELECT c FROM sbtest3 WHERE id=79988
	Index Scan using sbtest3_pkey on sbtest3  (cost=0.43..8.45 rows=1 width=121)
	  Index Cond: (id = 79988)

table 4 : explain SELECT c FROM sbtest4 WHERE id=9910683
	Index Scan using sbtest4_pkey on sbtest4  (cost=0.43..8.45 rows=1 width=121)
	  Index Cond: (id = 9910683)

table 5 : explain SELECT c FROM sbtest5 WHERE id=4671908
	Index Scan using sbtest5_pkey on sbtest5  (cost=0.43..8.45 rows=1 width=121)
	  Index Cond: (id = 4671908)

table 6 : explain SELECT c FROM sbtest6 WHERE id=9420304
	Index Scan using sbtest6_pkey on sbtest6  (cost=0.43..8.45 rows=1 width=121)
	  Index Cond: (id = 9420304)

table 7 : explain SELECT c FROM sbtest7 WHERE id=9736795
	Index Scan using sbtest7_pkey on sbtest7  (cost=0.43..8.45 rows=1 width=121)
	  Index Cond: (id = 9736795)

table 8 : explain SELECT c FROM sbtest8 WHERE id=3213205
	Index Scan using sbtest8_pkey on sbtest8  (cost=0.43..8.45 rows=1 width=121)
	  Index Cond: (id = 3213205)

for: order_ranges
table 1 : explain SELECT c FROM sbtest1 WHERE id BETWEEN 3283710 AND 3284709 ORDER BY c
	Sort  (cost=3629.82..3632.14 rows=927 width=121)
	  Sort Key: c
	  ->  Bitmap Heap Scan on sbtest1  (cost=21.94..3584.14 rows=927 width=121)
	        Recheck Cond: ((id >= 3283710) AND (id <= 3284709))
	        ->  Bitmap Index Scan on sbtest1_pkey  (cost=0.00..21.70 rows=927 width=0)
	              Index Cond: ((id >= 3283710) AND (id <= 3284709))

table 2 : explain SELECT c FROM sbtest2 WHERE id BETWEEN 1838335 AND 1839334 ORDER BY c
	Sort  (cost=4005.56..4008.13 rows=1025 width=121)
	  Sort Key: c
	  ->  Bitmap Heap Scan on sbtest2  (cost=22.94..3954.31 rows=1025 width=121)
	        Recheck Cond: ((id >= 1838335) AND (id <= 1839334))
	        ->  Bitmap Index Scan on sbtest2_pkey  (cost=0.00..22.68 rows=1025 width=0)
	              Index Cond: ((id >= 1838335) AND (id <= 1839334))

table 3 : explain SELECT c FROM sbtest3 WHERE id BETWEEN 742177 AND 743176 ORDER BY c
	Sort  (cost=4509.05..4511.95 rows=1157 width=121)
	  Sort Key: c
	  ->  Bitmap Heap Scan on sbtest3  (cost=28.29..4450.19 rows=1157 width=121)
	        Recheck Cond: ((id >= 742177) AND (id <= 743176))
	        ->  Bitmap Index Scan on sbtest3_pkey  (cost=0.00..28.00 rows=1157 width=0)
	              Index Cond: ((id >= 742177) AND (id <= 743176))

table 4 : explain SELECT c FROM sbtest4 WHERE id BETWEEN 4243447 AND 4244446 ORDER BY c
	Sort  (cost=3754.14..3756.53 rows=959 width=121)
	  Sort Key: c
	  ->  Bitmap Heap Scan on sbtest4  (cost=22.26..3706.64 rows=959 width=121)
	        Recheck Cond: ((id >= 4243447) AND (id <= 4244446))
	        ->  Bitmap Index Scan on sbtest4_pkey  (cost=0.00..22.02 rows=959 width=0)
	              Index Cond: ((id >= 4243447) AND (id <= 4244446))

table 5 : explain SELECT c FROM sbtest5 WHERE id BETWEEN 9954710 AND 9955709 ORDER BY c
	Sort  (cost=4075.42..4078.03 rows=1043 width=121)
	  Sort Key: c
	  ->  Bitmap Heap Scan on sbtest5  (cost=23.13..4023.14 rows=1043 width=121)
	        Recheck Cond: ((id >= 9954710) AND (id <= 9955709))
	        ->  Bitmap Index Scan on sbtest5_pkey  (cost=0.00..22.86 rows=1043 width=0)
	              Index Cond: ((id >= 9954710) AND (id <= 9955709))

table 6 : explain SELECT c FROM sbtest6 WHERE id BETWEEN 8898273 AND 8899272 ORDER BY c
	Sort  (cost=3858.28..3860.74 rows=986 width=121)
	  Sort Key: c
	  ->  Bitmap Heap Scan on sbtest6  (cost=22.54..3809.24 rows=986 width=121)
	        Recheck Cond: ((id >= 8898273) AND (id <= 8899272))
	        ->  Bitmap Index Scan on sbtest6_pkey  (cost=0.00..22.29 rows=986 width=0)
	              Index Cond: ((id >= 8898273) AND (id <= 8899272))

table 7 : explain SELECT c FROM sbtest7 WHERE id BETWEEN 4927438 AND 4928437 ORDER BY c
	Sort  (cost=4053.20..4055.80 rows=1037 width=121)
	  Sort Key: c
	  ->  Bitmap Heap Scan on sbtest7  (cost=23.06..4001.26 rows=1037 width=121)
	        Recheck Cond: ((id >= 4927438) AND (id <= 4928437))
	        ->  Bitmap Index Scan on sbtest7_pkey  (cost=0.00..22.80 rows=1037 width=0)
	              Index Cond: ((id >= 4927438) AND (id <= 4928437))

table 8 : explain SELECT c FROM sbtest8 WHERE id BETWEEN 6545580 AND 6546579 ORDER BY c
	Sort  (cost=3988.29..3990.84 rows=1020 width=121)
	  Sort Key: c
	  ->  Bitmap Heap Scan on sbtest8  (cost=22.89..3937.32 rows=1020 width=121)
	        Recheck Cond: ((id >= 6545580) AND (id <= 6546579))
	        ->  Bitmap Index Scan on sbtest8_pkey  (cost=0.00..22.64 rows=1020 width=0)
	              Index Cond: ((id >= 6545580) AND (id <= 6546579))

for: distinct_ranges
table 1 : explain SELECT DISTINCT c FROM sbtest1 WHERE id BETWEEN 8065711 AND 8066710 ORDER BY c
	Unique  (cost=3905.22..3910.21 rows=999 width=121)
	  ->  Sort  (cost=3905.22..3907.72 rows=999 width=121)
	        Sort Key: c
	        ->  Bitmap Heap Scan on sbtest1  (cost=22.67..3855.45 rows=999 width=121)
	              Recheck Cond: ((id >= 8065711) AND (id <= 8066710))
	              ->  Bitmap Index Scan on sbtest1_pkey  (cost=0.00..22.43 rows=999 width=0)
	                    Index Cond: ((id >= 8065711) AND (id <= 8066710))

table 2 : explain SELECT DISTINCT c FROM sbtest2 WHERE id BETWEEN 2652273 AND 2653272 ORDER BY c
	Unique  (cost=3707.32..3712.06 rows=947 width=121)
	  ->  Sort  (cost=3707.32..3709.69 rows=947 width=121)
	        Sort Key: c
	        ->  Bitmap Heap Scan on sbtest2  (cost=22.14..3660.51 rows=947 width=121)
	              Recheck Cond: ((id >= 2652273) AND (id <= 2653272))
	              ->  Bitmap Index Scan on sbtest2_pkey  (cost=0.00..21.90 rows=947 width=0)
	                    Index Cond: ((id >= 2652273) AND (id <= 2653272))

table 3 : explain SELECT DISTINCT c FROM sbtest3 WHERE id BETWEEN 8069645 AND 8070644 ORDER BY c
	Unique  (cost=4013.34..4018.48 rows=1027 width=121)
	  ->  Sort  (cost=4013.34..4015.91 rows=1027 width=121)
	        Sort Key: c
	        ->  Bitmap Heap Scan on sbtest3  (cost=22.96..3961.97 rows=1027 width=121)
	              Recheck Cond: ((id >= 8069645) AND (id <= 8070644))
	              ->  Bitmap Index Scan on sbtest3_pkey  (cost=0.00..22.70 rows=1027 width=0)
	                    Index Cond: ((id >= 8069645) AND (id <= 8070644))

table 4 : explain SELECT DISTINCT c FROM sbtest4 WHERE id BETWEEN 8654156 AND 8655155 ORDER BY c
	Unique  (cost=3834.50..3839.40 rows=980 width=121)
	  ->  Sort  (cost=3834.50..3836.95 rows=980 width=121)
	        Sort Key: c
	        ->  Bitmap Heap Scan on sbtest4  (cost=22.48..3785.81 rows=980 width=121)
	              Recheck Cond: ((id >= 8654156) AND (id <= 8655155))
	              ->  Bitmap Index Scan on sbtest4_pkey  (cost=0.00..22.23 rows=980 width=0)
	                    Index Cond: ((id >= 8654156) AND (id <= 8655155))

table 5 : explain SELECT DISTINCT c FROM sbtest5 WHERE id BETWEEN 1447072 AND 1448071 ORDER BY c
	Unique  (cost=3781.06..3785.89 rows=966 width=121)
	  ->  Sort  (cost=3781.06..3783.47 rows=966 width=121)
	        Sort Key: c
	        ->  Bitmap Heap Scan on sbtest5  (cost=22.34..3733.17 rows=966 width=121)
	              Recheck Cond: ((id >= 1447072) AND (id <= 1448071))
	              ->  Bitmap Index Scan on sbtest5_pkey  (cost=0.00..22.09 rows=966 width=0)
	                    Index Cond: ((id >= 1447072) AND (id <= 1448071))

table 6 : explain SELECT DISTINCT c FROM sbtest6 WHERE id BETWEEN 5539704 AND 5540703 ORDER BY c
	Unique  (cost=3869.75..3874.70 rows=989 width=121)
	  ->  Sort  (cost=3869.75..3872.23 rows=989 width=121)
	        Sort Key: c
	        ->  Bitmap Heap Scan on sbtest6  (cost=22.57..3820.55 rows=989 width=121)
	              Recheck Cond: ((id >= 5539704) AND (id <= 5540703))
	              ->  Bitmap Index Scan on sbtest6_pkey  (cost=0.00..22.32 rows=989 width=0)
	                    Index Cond: ((id >= 5539704) AND (id <= 5540703))

table 7 : explain SELECT DISTINCT c FROM sbtest7 WHERE id BETWEEN 5501809 AND 5502808 ORDER BY c
	Unique  (cost=3907.96..3912.95 rows=999 width=121)
	  ->  Sort  (cost=3907.96..3910.46 rows=999 width=121)
	        Sort Key: c
	        ->  Bitmap Heap Scan on sbtest7  (cost=22.67..3858.19 rows=999 width=121)
	              Recheck Cond: ((id >= 5501809) AND (id <= 5502808))
	              ->  Bitmap Index Scan on sbtest7_pkey  (cost=0.00..22.43 rows=999 width=0)
	                    Index Cond: ((id >= 5501809) AND (id <= 5502808))

table 8 : explain SELECT DISTINCT c FROM sbtest8 WHERE id BETWEEN 1698205 AND 1699204 ORDER BY c
	Unique  (cost=4034.14..4039.30 rows=1032 width=121)
	  ->  Sort  (cost=4034.14..4036.72 rows=1032 width=121)
	        Sort Key: c
	        ->  Bitmap Heap Scan on sbtest8  (cost=23.01..3982.49 rows=1032 width=121)
	              Recheck Cond: ((id >= 1698205) AND (id <= 1699204))
	              ->  Bitmap Index Scan on sbtest8_pkey  (cost=0.00..22.75 rows=1032 width=0)
	                    Index Cond: ((id >= 1698205) AND (id <= 1699204))

for: order_ranges
table 1 : explain SELECT c FROM sbtest1 WHERE id BETWEEN 9386110 AND 9387109 ORDER BY c
	Sort  (cost=4248.65..4251.37 rows=1090 width=121)
	  Sort Key: c
	  ->  Bitmap Heap Scan on sbtest1  (cost=23.61..4193.65 rows=1090 width=121)
	        Recheck Cond: ((id >= 9386110) AND (id <= 9387109))
	        ->  Bitmap Index Scan on sbtest1_pkey  (cost=0.00..23.33 rows=1090 width=0)
	              Index Cond: ((id >= 9386110) AND (id <= 9387109))

table 2 : explain SELECT c FROM sbtest2 WHERE id BETWEEN 4273322 AND 4274321 ORDER BY c
	Sort  (cost=3550.25..3552.52 rows=906 width=121)
	  Sort Key: c
	  ->  Bitmap Heap Scan on sbtest2  (cost=21.72..3505.75 rows=906 width=121)
	        Recheck Cond: ((id >= 4273322) AND (id <= 4274321))
	        ->  Bitmap Index Scan on sbtest2_pkey  (cost=0.00..21.50 rows=906 width=0)
	              Index Cond: ((id >= 4273322) AND (id <= 4274321))

table 3 : explain SELECT c FROM sbtest3 WHERE id BETWEEN 5477955 AND 5478954 ORDER BY c
	Sort  (cost=3933.12..3935.64 rows=1006 width=121)
	  Sort Key: c
	  ->  Bitmap Heap Scan on sbtest3  (cost=22.75..3882.95 rows=1006 width=121)
	        Recheck Cond: ((id >= 5477955) AND (id <= 5478954))
	        ->  Bitmap Index Scan on sbtest3_pkey  (cost=0.00..22.50 rows=1006 width=0)
	              Index Cond: ((id >= 5477955) AND (id <= 5478954))

table 4 : explain SELECT c FROM sbtest4 WHERE id BETWEEN 6494062 AND 6495061 ORDER BY c
	Sort  (cost=4262.22..4264.95 rows=1092 width=121)
	  Sort Key: c
	  ->  Bitmap Heap Scan on sbtest4  (cost=23.63..4207.11 rows=1092 width=121)
	        Recheck Cond: ((id >= 6494062) AND (id <= 6495061))
	        ->  Bitmap Index Scan on sbtest4_pkey  (cost=0.00..23.36 rows=1092 width=0)
	              Index Cond: ((id >= 6494062) AND (id <= 6495061))

table 5 : explain SELECT c FROM sbtest5 WHERE id BETWEEN 8577002 AND 8578001 ORDER BY c
	Sort  (cost=4327.44..4330.21 rows=1109 width=121)
	  Sort Key: c
	  ->  Bitmap Heap Scan on sbtest5  (cost=27.80..4271.35 rows=1109 width=121)
	        Recheck Cond: ((id >= 8577002) AND (id <= 8578001))
	        ->  Bitmap Index Scan on sbtest5_pkey  (cost=0.00..27.52 rows=1109 width=0)
	              Index Cond: ((id >= 8577002) AND (id <= 8578001))

table 6 : explain SELECT c FROM sbtest6 WHERE id BETWEEN 6997068 AND 6998067 ORDER BY c
	Sort  (cost=3482.71..3484.93 rows=888 width=121)
	  Sort Key: c
	  ->  Bitmap Heap Scan on sbtest6  (cost=21.54..3439.22 rows=888 width=121)
	        Recheck Cond: ((id >= 6997068) AND (id <= 6998067))
	        ->  Bitmap Index Scan on sbtest6_pkey  (cost=0.00..21.32 rows=888 width=0)
	              Index Cond: ((id >= 6997068) AND (id <= 6998067))

table 7 : explain SELECT c FROM sbtest7 WHERE id BETWEEN 9539557 AND 9540556 ORDER BY c
	Sort  (cost=3804.65..3807.08 rows=972 width=121)
	  Sort Key: c
	  ->  Bitmap Heap Scan on sbtest7  (cost=22.40..3756.42 rows=972 width=121)
	        Recheck Cond: ((id >= 9539557) AND (id <= 9540556))
	        ->  Bitmap Index Scan on sbtest7_pkey  (cost=0.00..22.15 rows=972 width=0)
	              Index Cond: ((id >= 9539557) AND (id <= 9540556))

table 8 : explain SELECT c FROM sbtest8 WHERE id BETWEEN 9236414 AND 9237413 ORDER BY c
	Sort  (cost=3705.12..3707.48 rows=946 width=121)
	  Sort Key: c
	  ->  Bitmap Heap Scan on sbtest8  (cost=22.13..3658.36 rows=946 width=121)
	        Recheck Cond: ((id >= 9236414) AND (id <= 9237413))
	        ->  Bitmap Index Scan on sbtest8_pkey  (cost=0.00..21.89 rows=946 width=0)
	              Index Cond: ((id >= 9236414) AND (id <= 9237413))

for: distinct_ranges
table 1 : explain SELECT DISTINCT c FROM sbtest1 WHERE id BETWEEN 7863566 AND 7864565 ORDER BY c
	Unique  (cost=3867.01..3871.95 rows=989 width=121)
	  ->  Sort  (cost=3867.01..3869.48 rows=989 width=121)
	        Sort Key: c
	        ->  Bitmap Heap Scan on sbtest1  (cost=22.57..3817.81 rows=989 width=121)
	              Recheck Cond: ((id >= 7863566) AND (id <= 7864565))
	              ->  Bitmap Index Scan on sbtest1_pkey  (cost=0.00..22.32 rows=989 width=0)
	                    Index Cond: ((id >= 7863566) AND (id <= 7864565))

table 2 : explain SELECT DISTINCT c FROM sbtest2 WHERE id BETWEEN 5520836 AND 5521835 ORDER BY c
	Unique  (cost=4184.91..4190.27 rows=1072 width=121)
	  ->  Sort  (cost=4184.91..4187.59 rows=1072 width=121)
	        Sort Key: c
	        ->  Bitmap Heap Scan on sbtest2  (cost=23.42..4130.96 rows=1072 width=121)
	              Recheck Cond: ((id >= 5520836) AND (id <= 5521835))
	              ->  Bitmap Index Scan on sbtest2_pkey  (cost=0.00..23.15 rows=1072 width=0)
	                    Index Cond: ((id >= 5520836) AND (id <= 5521835))

table 3 : explain SELECT DISTINCT c FROM sbtest3 WHERE id BETWEEN 5614705 AND 5615704 ORDER BY c
	Unique  (cost=3458.32..3462.73 rows=882 width=121)
	  ->  Sort  (cost=3458.32..3460.52 rows=882 width=121)
	        Sort Key: c
	        ->  Bitmap Heap Scan on sbtest3  (cost=21.48..3415.17 rows=882 width=121)
	              Recheck Cond: ((id >= 5614705) AND (id <= 5615704))
	              ->  Bitmap Index Scan on sbtest3_pkey  (cost=0.00..21.25 rows=882 width=0)
	                    Index Cond: ((id >= 5614705) AND (id <= 5615704))

table 4 : explain SELECT DISTINCT c FROM sbtest4 WHERE id BETWEEN 4705620 AND 4706619 ORDER BY c
	Unique  (cost=4105.82..4111.07 rows=1051 width=121)
	  ->  Sort  (cost=4105.82..4108.45 rows=1051 width=121)
	        Sort Key: c
	        ->  Bitmap Heap Scan on sbtest4  (cost=23.21..4053.07 rows=1051 width=121)
	              Recheck Cond: ((id >= 4705620) AND (id <= 4706619))
	              ->  Bitmap Index Scan on sbtest4_pkey  (cost=0.00..22.94 rows=1051 width=0)
	                    Index Cond: ((id >= 4705620) AND (id <= 4706619))

table 5 : explain SELECT DISTINCT c FROM sbtest5 WHERE id BETWEEN 1368095 AND 1369094 ORDER BY c
	Unique  (cost=4151.76..4157.08 rows=1063 width=121)
	  ->  Sort  (cost=4151.76..4154.42 rows=1063 width=121)
	        Sort Key: c
	        ->  Bitmap Heap Scan on sbtest5  (cost=23.33..4098.33 rows=1063 width=121)
	              Recheck Cond: ((id >= 1368095) AND (id <= 1369094))
	              ->  Bitmap Index Scan on sbtest5_pkey  (cost=0.00..23.07 rows=1063 width=0)
	                    Index Cond: ((id >= 1368095) AND (id <= 1369094))

table 6 : explain SELECT DISTINCT c FROM sbtest6 WHERE id BETWEEN 634030 AND 635029 ORDER BY c
	Unique  (cost=3754.92..3759.72 rows=959 width=121)
	  ->  Sort  (cost=3754.92..3757.32 rows=959 width=121)
	        Sort Key: c
	        ->  Bitmap Heap Scan on sbtest6  (cost=22.26..3707.43 rows=959 width=121)
	              Recheck Cond: ((id >= 634030) AND (id <= 635029))
	              ->  Bitmap Index Scan on sbtest6_pkey  (cost=0.00..22.02 rows=959 width=0)
	                    Index Cond: ((id >= 634030) AND (id <= 635029))

table 7 : explain SELECT DISTINCT c FROM sbtest7 WHERE id BETWEEN 2642694 AND 2643693 ORDER BY c
	Unique  (cost=4041.74..4046.91 rows=1034 width=121)
	  ->  Sort  (cost=4041.74..4044.33 rows=1034 width=121)
	        Sort Key: c
	        ->  Bitmap Heap Scan on sbtest7  (cost=23.03..3989.97 rows=1034 width=121)
	              Recheck Cond: ((id >= 2642694) AND (id <= 2643693))
	              ->  Bitmap Index Scan on sbtest7_pkey  (cost=0.00..22.77 rows=1034 width=0)
	                    Index Cond: ((id >= 2642694) AND (id <= 2643693))

table 8 : explain SELECT DISTINCT c FROM sbtest8 WHERE id BETWEEN 8873787 AND 8874786 ORDER BY c
	Unique  (cost=3869.75..3874.69 rows=989 width=121)
	  ->  Sort  (cost=3869.75..3872.22 rows=989 width=121)
	        Sort Key: c
	        ->  Bitmap Heap Scan on sbtest8  (cost=22.57..3820.54 rows=989 width=121)
	              Recheck Cond: ((id >= 8873787) AND (id <= 8874786))
	              ->  Bitmap Index Scan on sbtest8_pkey  (cost=0.00..22.32 rows=989 width=0)
	                    Index Cond: ((id >= 8873787) AND (id <= 8874786))

for: simple_ranges
table 1 : explain SELECT c FROM sbtest1 WHERE id BETWEEN 7524711 AND 7525710
	Bitmap Heap Scan on sbtest1  (cost=22.78..3893.07 rows=1009 width=121)
	  Recheck Cond: ((id >= 7524711) AND (id <= 7525710))
	  ->  Bitmap Index Scan on sbtest1_pkey  (cost=0.00..22.52 rows=1009 width=0)
	        Index Cond: ((id >= 7524711) AND (id <= 7525710))

table 2 : explain SELECT c FROM sbtest2 WHERE id BETWEEN 4186295 AND 4187294
	Bitmap Heap Scan on sbtest2  (cost=21.72..3505.75 rows=906 width=121)
	  Recheck Cond: ((id >= 4186295) AND (id <= 4187294))
	  ->  Bitmap Index Scan on sbtest2_pkey  (cost=0.00..21.50 rows=906 width=0)
	        Index Cond: ((id >= 4186295) AND (id <= 4187294))

table 3 : explain SELECT c FROM sbtest3 WHERE id BETWEEN 6055940 AND 6056939
	Bitmap Heap Scan on sbtest3  (cost=23.02..3984.54 rows=1033 width=121)
	  Recheck Cond: ((id >= 6055940) AND (id <= 6056939))
	  ->  Bitmap Index Scan on sbtest3_pkey  (cost=0.00..22.76 rows=1033 width=0)
	        Index Cond: ((id >= 6055940) AND (id <= 6056939))

table 4 : explain SELECT c FROM sbtest4 WHERE id BETWEEN 9516569 AND 9517568
	Bitmap Heap Scan on sbtest4  (cost=22.58..3823.49 rows=990 width=121)
	  Recheck Cond: ((id >= 9516569) AND (id <= 9517568))
	  ->  Bitmap Index Scan on sbtest4_pkey  (cost=0.00..22.33 rows=990 width=0)
	        Index Cond: ((id >= 9516569) AND (id <= 9517568))

table 5 : explain SELECT c FROM sbtest5 WHERE id BETWEEN 7019021 AND 7020020
	Bitmap Heap Scan on sbtest5  (cost=21.44..3404.59 rows=879 width=121)
	  Recheck Cond: ((id >= 7019021) AND (id <= 7020020))
	  ->  Bitmap Index Scan on sbtest5_pkey  (cost=0.00..21.22 rows=879 width=0)
	        Index Cond: ((id >= 7019021) AND (id <= 7020020))

table 6 : explain SELECT c FROM sbtest6 WHERE id BETWEEN 3100553 AND 3101552
	Bitmap Heap Scan on sbtest6  (cost=22.53..3805.47 rows=985 width=121)
	  Recheck Cond: ((id >= 3100553) AND (id <= 3101552))
	  ->  Bitmap Index Scan on sbtest6_pkey  (cost=0.00..22.29 rows=985 width=0)
	        Index Cond: ((id >= 3100553) AND (id <= 3101552))

table 7 : explain SELECT c FROM sbtest7 WHERE id BETWEEN 2230251 AND 2231250
	Bitmap Heap Scan on sbtest7  (cost=22.84..3918.45 rows=1015 width=121)
	  Recheck Cond: ((id >= 2230251) AND (id <= 2231250))
	  ->  Bitmap Index Scan on sbtest7_pkey  (cost=0.00..22.58 rows=1015 width=0)
	        Index Cond: ((id >= 2230251) AND (id <= 2231250))

table 8 : explain SELECT c FROM sbtest8 WHERE id BETWEEN 7336086 AND 7337085
	Bitmap Heap Scan on sbtest8  (cost=22.37..3745.14 rows=969 width=121)
	  Recheck Cond: ((id >= 7336086) AND (id <= 7337085))
	  ->  Bitmap Index Scan on sbtest8_pkey  (cost=0.00..22.12 rows=969 width=0)
	        Index Cond: ((id >= 7336086) AND (id <= 7337085))

for: order_ranges
table 1 : explain SELECT c FROM sbtest1 WHERE id BETWEEN 4961439 AND 4962438 ORDER BY c
	Sort  (cost=3729.35..3731.73 rows=953 width=121)
	  Sort Key: c
	  ->  Bitmap Heap Scan on sbtest1  (cost=22.20..3682.19 rows=953 width=121)
	        Recheck Cond: ((id >= 4961439) AND (id <= 4962438))
	        ->  Bitmap Index Scan on sbtest1_pkey  (cost=0.00..21.96 rows=953 width=0)
	              Index Cond: ((id >= 4961439) AND (id <= 4962438))

table 2 : explain SELECT c FROM sbtest2 WHERE id BETWEEN 1513420 AND 1514419 ORDER BY c
	Sort  (cost=3967.37..3969.91 rows=1015 width=121)
	  Sort Key: c
	  ->  Bitmap Heap Scan on sbtest2  (cost=22.84..3916.68 rows=1015 width=121)
	        Recheck Cond: ((id >= 1513420) AND (id <= 1514419))
	        ->  Bitmap Index Scan on sbtest2_pkey  (cost=0.00..22.58 rows=1015 width=0)
	              Index Cond: ((id >= 1513420) AND (id <= 1514419))

table 3 : explain SELECT c FROM sbtest3 WHERE id BETWEEN 3405622 AND 3406621 ORDER BY c
	Sort  (cost=4242.25..4244.97 rows=1087 width=121)
	  Sort Key: c
	  ->  Bitmap Heap Scan on sbtest3  (cost=23.58..4187.43 rows=1087 width=121)
	        Recheck Cond: ((id >= 3405622) AND (id <= 3406621))
	        ->  Bitmap Index Scan on sbtest3_pkey  (cost=0.00..23.30 rows=1087 width=0)
	              Index Cond: ((id >= 3405622) AND (id <= 3406621))

table 4 : explain SELECT c FROM sbtest4 WHERE id BETWEEN 7189662 AND 7190661 ORDER BY c
	Sort  (cost=3742.65..3745.04 rows=956 width=121)
	  Sort Key: c
	  ->  Bitmap Heap Scan on sbtest4  (cost=22.23..3695.32 rows=956 width=121)
	        Recheck Cond: ((id >= 7189662) AND (id <= 7190661))
	        ->  Bitmap Index Scan on sbtest4_pkey  (cost=0.00..22.00 rows=956 width=0)
	              Index Cond: ((id >= 7189662) AND (id <= 7190661))

table 5 : explain SELECT c FROM sbtest5 WHERE id BETWEEN 4192189 AND 4193188 ORDER BY c
	Sort  (cost=3972.29..3974.83 rows=1016 width=121)
	  Sort Key: c
	  ->  Bitmap Heap Scan on sbtest5  (cost=22.85..3921.54 rows=1016 width=121)
	        Recheck Cond: ((id >= 4192189) AND (id <= 4193188))
	        ->  Bitmap Index Scan on sbtest5_pkey  (cost=0.00..22.59 rows=1016 width=0)
	              Index Cond: ((id >= 4192189) AND (id <= 4193188))

table 6 : explain SELECT c FROM sbtest6 WHERE id BETWEEN 8825407 AND 8826406 ORDER BY c
	Sort  (cost=3858.28..3860.74 rows=986 width=121)
	  Sort Key: c
	  ->  Bitmap Heap Scan on sbtest6  (cost=22.54..3809.24 rows=986 width=121)
	        Recheck Cond: ((id >= 8825407) AND (id <= 8826406))
	        ->  Bitmap Index Scan on sbtest6_pkey  (cost=0.00..22.29 rows=986 width=0)
	              Index Cond: ((id >= 8825407) AND (id <= 8826406))

table 7 : explain SELECT c FROM sbtest7 WHERE id BETWEEN 8269990 AND 8270989 ORDER BY c
	Sort  (cost=4057.02..4059.62 rows=1038 width=121)
	  Sort Key: c
	  ->  Bitmap Heap Scan on sbtest7  (cost=23.07..4005.02 rows=1038 width=121)
	        Recheck Cond: ((id >= 8269990) AND (id <= 8270989))
	        ->  Bitmap Index Scan on sbtest7_pkey  (cost=0.00..22.82 rows=1038 width=0)
	              Index Cond: ((id >= 8269990) AND (id <= 8270989))

table 8 : explain SELECT c FROM sbtest8 WHERE id BETWEEN 305360 AND 306359 ORDER BY c
	Sort  (cost=4045.61..4048.19 rows=1035 width=121)
	  Sort Key: c
	  ->  Bitmap Heap Scan on sbtest8  (cost=23.04..3993.78 rows=1035 width=121)
	        Recheck Cond: ((id >= 305360) AND (id <= 306359))
	        ->  Bitmap Index Scan on sbtest8_pkey  (cost=0.00..22.79 rows=1035 width=0)
	              Index Cond: ((id >= 305360) AND (id <= 306359))

for: distinct_ranges
table 1 : explain SELECT DISTINCT c FROM sbtest1 WHERE id BETWEEN 5270060 AND 5271059 ORDER BY c
	Unique  (cost=3614.50..3619.12 rows=923 width=121)
	  ->  Sort  (cost=3614.50..3616.81 rows=923 width=121)
	        Sort Key: c
	        ->  Bitmap Heap Scan on sbtest1  (cost=21.90..3569.04 rows=923 width=121)
	              Recheck Cond: ((id >= 5270060) AND (id <= 5271059))
	              ->  Bitmap Index Scan on sbtest1_pkey  (cost=0.00..21.66 rows=923 width=0)
	                    Index Cond: ((id >= 5270060) AND (id <= 5271059))

table 2 : explain SELECT DISTINCT c FROM sbtest2 WHERE id BETWEEN 4153424 AND 4154423 ORDER BY c
	Unique  (cost=4066.65..4071.85 rows=1041 width=121)
	  ->  Sort  (cost=4066.65..4069.25 rows=1041 width=121)
	        Sort Key: c
	        ->  Bitmap Heap Scan on sbtest2  (cost=23.11..4014.48 rows=1041 width=121)
	              Recheck Cond: ((id >= 4153424) AND (id <= 4154423))
	              ->  Bitmap Index Scan on sbtest2_pkey  (cost=0.00..22.84 rows=1041 width=0)
	                    Index Cond: ((id >= 4153424) AND (id <= 4154423))

table 3 : explain SELECT DISTINCT c FROM sbtest3 WHERE id BETWEEN 3802272 AND 3803271 ORDER BY c
	Unique  (cost=4066.79..4072.00 rows=1041 width=121)
	  ->  Sort  (cost=4066.79..4069.40 rows=1041 width=121)
	        Sort Key: c
	        ->  Bitmap Heap Scan on sbtest3  (cost=23.11..4014.62 rows=1041 width=121)
	              Recheck Cond: ((id >= 3802272) AND (id <= 3803271))
	              ->  Bitmap Index Scan on sbtest3_pkey  (cost=0.00..22.84 rows=1041 width=0)
	                    Index Cond: ((id >= 3802272) AND (id <= 3803271))

table 4 : explain SELECT DISTINCT c FROM sbtest4 WHERE id BETWEEN 7520249 AND 7521248 ORDER BY c
	Unique  (cost=3620.07..3624.69 rows=924 width=121)
	  ->  Sort  (cost=3620.07..3622.38 rows=924 width=121)
	        Sort Key: c
	        ->  Bitmap Heap Scan on sbtest4  (cost=21.91..3574.55 rows=924 width=121)
	              Recheck Cond: ((id >= 7520249) AND (id <= 7521248))
	              ->  Bitmap Index Scan on sbtest4_pkey  (cost=0.00..21.68 rows=924 width=0)
	                    Index Cond: ((id >= 7520249) AND (id <= 7521248))

table 5 : explain SELECT DISTINCT c FROM sbtest5 WHERE id BETWEEN 7645086 AND 7646085 ORDER BY c
	Unique  (cost=3804.02..3808.88 rows=972 width=121)
	  ->  Sort  (cost=3804.02..3806.45 rows=972 width=121)
	        Sort Key: c
	        ->  Bitmap Heap Scan on sbtest5  (cost=22.40..3755.79 rows=972 width=121)
	              Recheck Cond: ((id >= 7645086) AND (id <= 7646085))
	              ->  Bitmap Index Scan on sbtest5_pkey  (cost=0.00..22.15 rows=972 width=0)
	                    Index Cond: ((id >= 7645086) AND (id <= 7646085))

table 6 : explain SELECT DISTINCT c FROM sbtest6 WHERE id BETWEEN 7674972 AND 7675971 ORDER BY c
	Unique  (cost=4518.70..4524.50 rows=1159 width=121)
	  ->  Sort  (cost=4518.70..4521.60 rows=1159 width=121)
	        Sort Key: c
	        ->  Bitmap Heap Scan on sbtest6  (cost=28.31..4459.72 rows=1159 width=121)
	              Recheck Cond: ((id >= 7674972) AND (id <= 7675971))
	              ->  Bitmap Index Scan on sbtest6_pkey  (cost=0.00..28.02 rows=1159 width=0)
	                    Index Cond: ((id >= 7674972) AND (id <= 7675971))

table 7 : explain SELECT DISTINCT c FROM sbtest7 WHERE id BETWEEN 6822603 AND 6823602 ORDER BY c
	Unique  (cost=3701.25..3705.98 rows=945 width=121)
	  ->  Sort  (cost=3701.25..3703.62 rows=945 width=121)
	        Sort Key: c
	        ->  Bitmap Heap Scan on sbtest7  (cost=22.12..3654.55 rows=945 width=121)
	              Recheck Cond: ((id >= 6822603) AND (id <= 6823602))
	              ->  Bitmap Index Scan on sbtest7_pkey  (cost=0.00..21.89 rows=945 width=0)
	                    Index Cond: ((id >= 6822603) AND (id <= 6823602))

table 8 : explain SELECT DISTINCT c FROM sbtest8 WHERE id BETWEEN 8002326 AND 8003325 ORDER BY c
	Unique  (cost=4408.27..4413.92 rows=1130 width=121)
	  ->  Sort  (cost=4408.27..4411.10 rows=1130 width=121)
	        Sort Key: c
	        ->  Bitmap Heap Scan on sbtest8  (cost=28.02..4350.97 rows=1130 width=121)
	              Recheck Cond: ((id >= 8002326) AND (id <= 8003325))
	              ->  Bitmap Index Scan on sbtest8_pkey  (cost=0.00..27.73 rows=1130 width=0)
	                    Index Cond: ((id >= 8002326) AND (id <= 8003325))

explain: for point_selects :: explain SELECT c FROM sbtest%u WHERE id=%u
for point_selects
table 1 : explain SELECT c FROM sbtest1 WHERE id=8668565
	Index Scan using sbtest1_pkey on sbtest1  (cost=0.43..8.45 rows=1 width=121)
	  Index Cond: (id = 8668565)

table 2 : explain SELECT c FROM sbtest2 WHERE id=9435671
	Index Scan using sbtest2_pkey on sbtest2  (cost=0.43..8.45 rows=1 width=121)
	  Index Cond: (id = 9435671)

table 3 : explain SELECT c FROM sbtest3 WHERE id=4096147
	Index Scan using sbtest3_pkey on sbtest3  (cost=0.43..8.45 rows=1 width=121)
	  Index Cond: (id = 4096147)

table 4 : explain SELECT c FROM sbtest4 WHERE id=6209002
	Index Scan using sbtest4_pkey on sbtest4  (cost=0.43..8.45 rows=1 width=121)
	  Index Cond: (id = 6209002)

table 5 : explain SELECT c FROM sbtest5 WHERE id=8469475
	Index Scan using sbtest5_pkey on sbtest5  (cost=0.43..8.45 rows=1 width=121)
	  Index Cond: (id = 8469475)

table 6 : explain SELECT c FROM sbtest6 WHERE id=5767589
	Index Scan using sbtest6_pkey on sbtest6  (cost=0.43..8.45 rows=1 width=121)
	  Index Cond: (id = 5767589)

table 7 : explain SELECT c FROM sbtest7 WHERE id=974016
	Index Scan using sbtest7_pkey on sbtest7  (cost=0.43..8.45 rows=1 width=121)
	  Index Cond: (id = 974016)

table 8 : explain SELECT c FROM sbtest8 WHERE id=3328312
	Index Scan using sbtest8_pkey on sbtest8  (cost=0.43..8.45 rows=1 width=121)
	  Index Cond: (id = 3328312)

explain: for point_selects :: explain SELECT c FROM sbtest%u WHERE id=%u
for: simple_ranges
table 1 : explain SELECT c FROM sbtest1 WHERE id BETWEEN 863056 AND 864055
	Bitmap Heap Scan on sbtest1  (cost=23.32..4092.28 rows=1062 width=121)
	  Recheck Cond: ((id >= 863056) AND (id <= 864055))
	  ->  Bitmap Index Scan on sbtest1_pkey  (cost=0.00..23.05 rows=1062 width=0)
	        Index Cond: ((id >= 863056) AND (id <= 864055))

table 2 : explain SELECT c FROM sbtest2 WHERE id BETWEEN 6002249 AND 6003248
	Bitmap Heap Scan on sbtest2  (cost=23.36..4108.42 rows=1066 width=121)
	  Recheck Cond: ((id >= 6002249) AND (id <= 6003248))
	  ->  Bitmap Index Scan on sbtest2_pkey  (cost=0.00..23.09 rows=1066 width=0)
	        Index Cond: ((id >= 6002249) AND (id <= 6003248))

table 3 : explain SELECT c FROM sbtest3 WHERE id BETWEEN 1405351 AND 1406350
	Bitmap Heap Scan on sbtest3  (cost=22.26..3705.89 rows=959 width=121)
	  Recheck Cond: ((id >= 1405351) AND (id <= 1406350))
	  ->  Bitmap Index Scan on sbtest3_pkey  (cost=0.00..22.02 rows=959 width=0)
	        Index Cond: ((id >= 1405351) AND (id <= 1406350))

table 4 : explain SELECT c FROM sbtest4 WHERE id BETWEEN 6562186 AND 6563185
	Bitmap Heap Scan on sbtest4  (cost=22.22..3691.55 rows=955 width=121)
	  Recheck Cond: ((id >= 6562186) AND (id <= 6563185))
	  ->  Bitmap Index Scan on sbtest4_pkey  (cost=0.00..21.98 rows=955 width=0)
	        Index Cond: ((id >= 6562186) AND (id <= 6563185))

table 5 : explain SELECT c FROM sbtest5 WHERE id BETWEEN 5155636 AND 5156635
	Bitmap Heap Scan on sbtest5  (cost=23.33..4098.33 rows=1063 width=121)
	  Recheck Cond: ((id >= 5155636) AND (id <= 5156635))
	  ->  Bitmap Index Scan on sbtest5_pkey  (cost=0.00..23.07 rows=1063 width=0)
	        Index Cond: ((id >= 5155636) AND (id <= 5156635))

table 6 : explain SELECT c FROM sbtest6 WHERE id BETWEEN 8698393 AND 8699392
	Bitmap Heap Scan on sbtest6  (cost=22.10..3647.04 rows=943 width=121)
	  Recheck Cond: ((id >= 8698393) AND (id <= 8699392))
	  ->  Bitmap Index Scan on sbtest6_pkey  (cost=0.00..21.86 rows=943 width=0)
	        Index Cond: ((id >= 8698393) AND (id <= 8699392))

table 7 : explain SELECT c FROM sbtest7 WHERE id BETWEEN 157620 AND 158619
	Bitmap Heap Scan on sbtest7  (cost=22.90..3941.04 rows=1021 width=121)
	  Recheck Cond: ((id >= 157620) AND (id <= 158619))
	  ->  Bitmap Index Scan on sbtest7_pkey  (cost=0.00..22.64 rows=1021 width=0)
	        Index Cond: ((id >= 157620) AND (id <= 158619))

table 8 : explain SELECT c FROM sbtest8 WHERE id BETWEEN 1656532 AND 1657531
	Bitmap Heap Scan on sbtest8  (cost=23.01..3982.49 rows=1032 width=121)
	  Recheck Cond: ((id >= 1656532) AND (id <= 1657531))
	  ->  Bitmap Index Scan on sbtest8_pkey  (cost=0.00..22.75 rows=1032 width=0)
	        Index Cond: ((id >= 1656532) AND (id <= 1657531))

for: sum_ranges
table 1 : explain SELECT SUM(k) FROM sbtest1 WHERE id BETWEEN 8612586 AND 8613585
	Aggregate  (cost=3609.11..3609.12 rows=1 width=8)
	  ->  Bitmap Heap Scan on sbtest1  (cost=22.00..3606.77 rows=933 width=4)
	        Recheck Cond: ((id >= 8612586) AND (id <= 8613585))
	        ->  Bitmap Index Scan on sbtest1_pkey  (cost=0.00..21.76 rows=933 width=0)
	              Index Cond: ((id >= 8612586) AND (id <= 8613585))

table 2 : explain SELECT SUM(k) FROM sbtest2 WHERE id BETWEEN 5578667 AND 5579666
	Aggregate  (cost=4133.64..4133.65 rows=1 width=8)
	  ->  Bitmap Heap Scan on sbtest2  (cost=23.42..4130.96 rows=1072 width=4)
	        Recheck Cond: ((id >= 5578667) AND (id <= 5579666))
	        ->  Bitmap Index Scan on sbtest2_pkey  (cost=0.00..23.15 rows=1072 width=0)
	              Index Cond: ((id >= 5578667) AND (id <= 5579666))

table 3 : explain SELECT SUM(k) FROM sbtest3 WHERE id BETWEEN 2376725 AND 2377724
	Aggregate  (cost=3753.55..3753.56 rows=1 width=8)
	  ->  Bitmap Heap Scan on sbtest3  (cost=22.39..3751.12 rows=971 width=4)
	        Recheck Cond: ((id >= 2376725) AND (id <= 2377724))
	        ->  Bitmap Index Scan on sbtest3_pkey  (cost=0.00..22.14 rows=971 width=0)
	              Index Cond: ((id >= 2376725) AND (id <= 2377724))

table 4 : explain SELECT SUM(k) FROM sbtest4 WHERE id BETWEEN 8390821 AND 8391820
	Aggregate  (cost=3769.40..3769.41 rows=1 width=8)
	  ->  Bitmap Heap Scan on sbtest4  (cost=22.43..3766.97 rows=975 width=4)
	        Recheck Cond: ((id >= 8390821) AND (id <= 8391820))
	        ->  Bitmap Index Scan on sbtest4_pkey  (cost=0.00..22.18 rows=975 width=0)
	              Index Cond: ((id >= 8390821) AND (id <= 8391820))

table 5 : explain SELECT SUM(k) FROM sbtest5 WHERE id BETWEEN 1641026 AND 1642025
	Aggregate  (cost=3671.41..3671.42 rows=1 width=8)
	  ->  Bitmap Heap Scan on sbtest5  (cost=22.16..3669.04 rows=949 width=4)
	        Recheck Cond: ((id >= 1641026) AND (id <= 1642025))
	        ->  Bitmap Index Scan on sbtest5_pkey  (cost=0.00..21.93 rows=949 width=0)
	              Index Cond: ((id >= 1641026) AND (id <= 1642025))

table 6 : explain SELECT SUM(k) FROM sbtest6 WHERE id BETWEEN 675650 AND 676649
	Aggregate  (cost=3709.82..3709.83 rows=1 width=8)
	  ->  Bitmap Heap Scan on sbtest6  (cost=22.26..3707.43 rows=959 width=4)
	        Recheck Cond: ((id >= 675650) AND (id <= 676649))
	        ->  Bitmap Index Scan on sbtest6_pkey  (cost=0.00..22.02 rows=959 width=0)
	              Index Cond: ((id >= 675650) AND (id <= 676649))

table 7 : explain SELECT SUM(k) FROM sbtest7 WHERE id BETWEEN 9783419 AND 9784418
	Aggregate  (cost=4094.18..4094.19 rows=1 width=8)
	  ->  Bitmap Heap Scan on sbtest7  (cost=23.31..4091.53 rows=1061 width=4)
	        Recheck Cond: ((id >= 9783419) AND (id <= 9784418))
	        ->  Bitmap Index Scan on sbtest7_pkey  (cost=0.00..23.04 rows=1061 width=0)
	              Index Cond: ((id >= 9783419) AND (id <= 9784418))

table 8 : explain SELECT SUM(k) FROM sbtest8 WHERE id BETWEEN 159478 AND 160477
	Aggregate  (cost=3566.26..3566.27 rows=1 width=8)
	  ->  Bitmap Heap Scan on sbtest8  (cost=21.88..3563.96 rows=921 width=4)
	        Recheck Cond: ((id >= 159478) AND (id <= 160477))
	        ->  Bitmap Index Scan on sbtest8_pkey  (cost=0.00..21.64 rows=921 width=0)
	              Index Cond: ((id >= 159478) AND (id <= 160477))

explain: for point_selects :: explain SELECT c FROM sbtest%u WHERE id=%u
for point_selects
table 1 : explain SELECT c FROM sbtest1 WHERE id=4811769
	Index Scan using sbtest1_pkey on sbtest1  (cost=0.43..8.45 rows=1 width=121)
	  Index Cond: (id = 4811769)

table 2 : explain SELECT c FROM sbtest2 WHERE id=7826538
	Index Scan using sbtest2_pkey on sbtest2  (cost=0.43..8.45 rows=1 width=121)
	  Index Cond: (id = 7826538)

table 3 : explain SELECT c FROM sbtest3 WHERE id=5408999
	Index Scan using sbtest3_pkey on sbtest3  (cost=0.43..8.45 rows=1 width=121)
	  Index Cond: (id = 5408999)

table 4 : explain SELECT c FROM sbtest4 WHERE id=407748
	Index Scan using sbtest4_pkey on sbtest4  (cost=0.43..8.45 rows=1 width=121)
	  Index Cond: (id = 407748)

table 5 : explain SELECT c FROM sbtest5 WHERE id=781363
	Index Scan using sbtest5_pkey on sbtest5  (cost=0.43..8.45 rows=1 width=121)
	  Index Cond: (id = 781363)

table 6 : explain SELECT c FROM sbtest6 WHERE id=2100310
	Index Scan using sbtest6_pkey on sbtest6  (cost=0.43..8.45 rows=1 width=121)
	  Index Cond: (id = 2100310)

table 7 : explain SELECT c FROM sbtest7 WHERE id=2325287
	Index Scan using sbtest7_pkey on sbtest7  (cost=0.43..8.45 rows=1 width=121)
	  Index Cond: (id = 2325287)

table 8 : explain SELECT c FROM sbtest8 WHERE id=918578
	Index Scan using sbtest8_pkey on sbtest8  (cost=0.43..8.45 rows=1 width=121)
	  Index Cond: (id = 918578)

explain: for point_selects :: explain SELECT c FROM sbtest%u WHERE id=%u
for: distinct_ranges
table 1 : explain SELECT DISTINCT c FROM sbtest1 WHERE id BETWEEN 7880006 AND 7881005 ORDER BY c
	Unique  (cost=3867.01..3871.95 rows=989 width=121)
	  ->  Sort  (cost=3867.01..3869.48 rows=989 width=121)
	        Sort Key: c
	        ->  Bitmap Heap Scan on sbtest1  (cost=22.57..3817.81 rows=989 width=121)
	              Recheck Cond: ((id >= 7880006) AND (id <= 7881005))
	              ->  Bitmap Index Scan on sbtest1_pkey  (cost=0.00..22.32 rows=989 width=0)
	                    Index Cond: ((id >= 7880006) AND (id <= 7881005))

table 2 : explain SELECT DISTINCT c FROM sbtest2 WHERE id BETWEEN 5161050 AND 5162049 ORDER BY c
	Unique  (cost=4020.84..4025.98 rows=1029 width=121)
	  ->  Sort  (cost=4020.84..4023.41 rows=1029 width=121)
	        Sort Key: c
	        ->  Bitmap Heap Scan on sbtest2  (cost=22.98..3969.35 rows=1029 width=121)
	              Recheck Cond: ((id >= 5161050) AND (id <= 5162049))
	              ->  Bitmap Index Scan on sbtest2_pkey  (cost=0.00..22.72 rows=1029 width=0)
	                    Index Cond: ((id >= 5161050) AND (id <= 5162049))

table 3 : explain SELECT DISTINCT c FROM sbtest3 WHERE id BETWEEN 7679855 AND 7680854 ORDER BY c
	Unique  (cost=3833.73..3838.63 rows=980 width=121)
	  ->  Sort  (cost=3833.73..3836.18 rows=980 width=121)
	        Sort Key: c
	        ->  Bitmap Heap Scan on sbtest3  (cost=22.48..3785.04 rows=980 width=121)
	              Recheck Cond: ((id >= 7679855) AND (id <= 7680854))
	              ->  Bitmap Index Scan on sbtest3_pkey  (cost=0.00..22.23 rows=980 width=0)
	                    Index Cond: ((id >= 7679855) AND (id <= 7680854))

table 4 : explain SELECT DISTINCT c FROM sbtest4 WHERE id BETWEEN 1923529 AND 1924528 ORDER BY c
	Unique  (cost=3784.76..3789.59 rows=967 width=121)
	  ->  Sort  (cost=3784.76..3787.18 rows=967 width=121)
	        Sort Key: c
	        ->  Bitmap Heap Scan on sbtest4  (cost=22.35..3736.81 rows=967 width=121)
	              Recheck Cond: ((id >= 1923529) AND (id <= 1924528))
	              ->  Bitmap Index Scan on sbtest4_pkey  (cost=0.00..22.11 rows=967 width=0)
	                    Index Cond: ((id >= 1923529) AND (id <= 1924528))

table 5 : explain SELECT DISTINCT c FROM sbtest5 WHERE id BETWEEN 5405216 AND 5406215 ORDER BY c
	Unique  (cost=3811.68..3816.55 rows=974 width=121)
	  ->  Sort  (cost=3811.68..3814.11 rows=974 width=121)
	        Sort Key: c
	        ->  Bitmap Heap Scan on sbtest5  (cost=22.42..3763.33 rows=974 width=121)
	              Recheck Cond: ((id >= 5405216) AND (id <= 5406215))
	              ->  Bitmap Index Scan on sbtest5_pkey  (cost=0.00..22.18 rows=974 width=0)
	                    Index Cond: ((id >= 5405216) AND (id <= 5406215))

table 6 : explain SELECT DISTINCT c FROM sbtest6 WHERE id BETWEEN 4582630 AND 4583629 ORDER BY c
	Unique  (cost=4049.43..4054.61 rows=1036 width=121)
	  ->  Sort  (cost=4049.43..4052.02 rows=1036 width=121)
	        Sort Key: c
	        ->  Bitmap Heap Scan on sbtest6  (cost=23.05..3997.55 rows=1036 width=121)
	              Recheck Cond: ((id >= 4582630) AND (id <= 4583629))
	              ->  Bitmap Index Scan on sbtest6_pkey  (cost=0.00..22.79 rows=1036 width=0)
	                    Index Cond: ((id >= 4582630) AND (id <= 4583629))

table 7 : explain SELECT DISTINCT c FROM sbtest7 WHERE id BETWEEN 5735936 AND 5736935 ORDER BY c
	Unique  (cost=3708.92..3713.65 rows=947 width=121)
	  ->  Sort  (cost=3708.92..3711.28 rows=947 width=121)
	        Sort Key: c
	        ->  Bitmap Heap Scan on sbtest7  (cost=22.14..3662.10 rows=947 width=121)
	              Recheck Cond: ((id >= 5735936) AND (id <= 5736935))
	              ->  Bitmap Index Scan on sbtest7_pkey  (cost=0.00..21.90 rows=947 width=0)
	                    Index Cond: ((id >= 5735936) AND (id <= 5736935))

table 8 : explain SELECT DISTINCT c FROM sbtest8 WHERE id BETWEEN 1746688 AND 1747687 ORDER BY c
	Unique  (cost=3892.70..3897.67 rows=995 width=121)
	  ->  Sort  (cost=3892.70..3895.19 rows=995 width=121)
	        Sort Key: c
	        ->  Bitmap Heap Scan on sbtest8  (cost=22.63..3843.15 rows=995 width=121)
	              Recheck Cond: ((id >= 1746688) AND (id <= 1747687))
	              ->  Bitmap Index Scan on sbtest8_pkey  (cost=0.00..22.39 rows=995 width=0)
	                    Index Cond: ((id >= 1746688) AND (id <= 1747687))

for: order_ranges
table 1 : explain SELECT c FROM sbtest1 WHERE id BETWEEN 8657844 AND 8658843 ORDER BY c
	Sort  (cost=3652.80..3655.13 rows=933 width=121)
	  Sort Key: c
	  ->  Bitmap Heap Scan on sbtest1  (cost=22.00..3606.77 rows=933 width=121)
	        Recheck Cond: ((id >= 8657844) AND (id <= 8658843))
	        ->  Bitmap Index Scan on sbtest1_pkey  (cost=0.00..21.76 rows=933 width=0)
	              Index Cond: ((id >= 8657844) AND (id <= 8658843))

table 2 : explain SELECT c FROM sbtest2 WHERE id BETWEEN 442363 AND 443362 ORDER BY c
	Sort  (cost=3803.00..3805.43 rows=972 width=121)
	  Sort Key: c
	  ->  Bitmap Heap Scan on sbtest2  (cost=22.40..3754.76 rows=972 width=121)
	        Recheck Cond: ((id >= 442363) AND (id <= 443362))
	        ->  Bitmap Index Scan on sbtest2_pkey  (cost=0.00..22.15 rows=972 width=0)
	              Index Cond: ((id >= 442363) AND (id <= 443362))

table 3 : explain SELECT c FROM sbtest3 WHERE id BETWEEN 723288 AND 724287 ORDER BY c
	Sort  (cost=4509.05..4511.95 rows=1157 width=121)
	  Sort Key: c
	  ->  Bitmap Heap Scan on sbtest3  (cost=28.29..4450.19 rows=1157 width=121)
	        Recheck Cond: ((id >= 723288) AND (id <= 724287))
	        ->  Bitmap Index Scan on sbtest3_pkey  (cost=0.00..28.00 rows=1157 width=0)
	              Index Cond: ((id >= 723288) AND (id <= 724287))

table 4 : explain SELECT c FROM sbtest4 WHERE id BETWEEN 4042310 AND 4043309 ORDER BY c
	Sort  (cost=3914.82..3917.32 rows=1001 width=121)
	  Sort Key: c
	  ->  Bitmap Heap Scan on sbtest4  (cost=22.70..3864.93 rows=1001 width=121)
	        Recheck Cond: ((id >= 4042310) AND (id <= 4043309))
	        ->  Bitmap Index Scan on sbtest4_pkey  (cost=0.00..22.44 rows=1001 width=0)
	              Index Cond: ((id >= 4042310) AND (id <= 4043309))

table 5 : explain SELECT c FROM sbtest5 WHERE id BETWEEN 6538786 AND 6539785 ORDER BY c
	Sort  (cost=3976.11..3978.65 rows=1017 width=121)
	  Sort Key: c
	  ->  Bitmap Heap Scan on sbtest5  (cost=22.86..3925.31 rows=1017 width=121)
	        Recheck Cond: ((id >= 6538786) AND (id <= 6539785))
	        ->  Bitmap Index Scan on sbtest5_pkey  (cost=0.00..22.61 rows=1017 width=0)
	              Index Cond: ((id >= 6538786) AND (id <= 6539785))

table 6 : explain SELECT c FROM sbtest6 WHERE id BETWEEN 1275990 AND 1276989 ORDER BY c
	Sort  (cost=3999.76..4002.32 rows=1023 width=121)
	  Sort Key: c
	  ->  Bitmap Heap Scan on sbtest6  (cost=22.92..3948.62 rows=1023 width=121)
	        Recheck Cond: ((id >= 1275990) AND (id <= 1276989))
	        ->  Bitmap Index Scan on sbtest6_pkey  (cost=0.00..22.66 rows=1023 width=0)
	              Index Cond: ((id >= 1275990) AND (id <= 1276989))

table 7 : explain SELECT c FROM sbtest7 WHERE id BETWEEN 2292937 AND 2293936 ORDER BY c
	Sort  (cost=3969.14..3971.67 rows=1015 width=121)
	  Sort Key: c
	  ->  Bitmap Heap Scan on sbtest7  (cost=22.84..3918.45 rows=1015 width=121)
	        Recheck Cond: ((id >= 2292937) AND (id <= 2293936))
	        ->  Bitmap Index Scan on sbtest7_pkey  (cost=0.00..22.58 rows=1015 width=0)
	              Index Cond: ((id >= 2292937) AND (id <= 2293936))

table 8 : explain SELECT c FROM sbtest8 WHERE id BETWEEN 4159448 AND 4160447 ORDER BY c
	Sort  (cost=3693.63..3695.98 rows=943 width=121)
	  Sort Key: c
	  ->  Bitmap Heap Scan on sbtest8  (cost=22.10..3647.04 rows=943 width=121)
	        Recheck Cond: ((id >= 4159448) AND (id <= 4160447))
	        ->  Bitmap Index Scan on sbtest8_pkey  (cost=0.00..21.86 rows=943 width=0)
	              Index Cond: ((id >= 4159448) AND (id <= 4160447))

for point_selects
table 1 : explain SELECT c FROM sbtest1 WHERE id=9880616
	Index Scan using sbtest1_pkey on sbtest1  (cost=0.43..8.45 rows=1 width=121)
	  Index Cond: (id = 9880616)

table 2 : explain SELECT c FROM sbtest2 WHERE id=6324079
	Index Scan using sbtest2_pkey on sbtest2  (cost=0.43..8.45 rows=1 width=121)
	  Index Cond: (id = 6324079)

table 3 : explain SELECT c FROM sbtest3 WHERE id=3718134
	Index Scan using sbtest3_pkey on sbtest3  (cost=0.43..8.45 rows=1 width=121)
	  Index Cond: (id = 3718134)

table 4 : explain SELECT c FROM sbtest4 WHERE id=8737938
	Index Scan using sbtest4_pkey on sbtest4  (cost=0.43..8.45 rows=1 width=121)
	  Index Cond: (id = 8737938)

table 5 : explain SELECT c FROM sbtest5 WHERE id=9656789
	Index Scan using sbtest5_pkey on sbtest5  (cost=0.43..8.45 rows=1 width=121)
	  Index Cond: (id = 9656789)

table 6 : explain SELECT c FROM sbtest6 WHERE id=5498738
	Index Scan using sbtest6_pkey on sbtest6  (cost=0.43..8.45 rows=1 width=121)
	  Index Cond: (id = 5498738)

table 7 : explain SELECT c FROM sbtest7 WHERE id=9892386
	Index Scan using sbtest7_pkey on sbtest7  (cost=0.43..8.45 rows=1 width=121)
	  Index Cond: (id = 9892386)

table 8 : explain SELECT c FROM sbtest8 WHERE id=7962286
	Index Scan using sbtest8_pkey on sbtest8  (cost=0.43..8.45 rows=1 width=121)
	  Index Cond: (id = 7962286)

explain: for point_selects :: explain SELECT c FROM sbtest%u WHERE id=%u
for: simple_ranges
table 1 : explain SELECT c FROM sbtest1 WHERE id BETWEEN 2958970 AND 2959969
	Bitmap Heap Scan on sbtest1  (cost=22.50..3791.45 rows=982 width=121)
	  Recheck Cond: ((id >= 2958970) AND (id <= 2959969))
	  ->  Bitmap Index Scan on sbtest1_pkey  (cost=0.00..22.25 rows=982 width=0)
	        Index Cond: ((id >= 2958970) AND (id <= 2959969))

table 2 : explain SELECT c FROM sbtest2 WHERE id BETWEEN 4073771 AND 4074770
	Bitmap Heap Scan on sbtest2  (cost=22.74..3879.05 rows=1005 width=121)
	  Recheck Cond: ((id >= 4073771) AND (id <= 4074770))
	  ->  Bitmap Index Scan on sbtest2_pkey  (cost=0.00..22.48 rows=1005 width=0)
	        Index Cond: ((id >= 4073771) AND (id <= 4074770))

table 3 : explain SELECT c FROM sbtest3 WHERE id BETWEEN 9725291 AND 9726290
	Bitmap Heap Scan on sbtest3  (cost=22.67..3856.60 rows=999 width=121)
	  Recheck Cond: ((id >= 9725291) AND (id <= 9726290))
	  ->  Bitmap Index Scan on sbtest3_pkey  (cost=0.00..22.43 rows=999 width=0)
	        Index Cond: ((id >= 9725291) AND (id <= 9726290))

table 4 : explain SELECT c FROM sbtest4 WHERE id BETWEEN 1842642 AND 1843641
	Bitmap Heap Scan on sbtest4  (cost=22.35..3736.81 rows=967 width=121)
	  Recheck Cond: ((id >= 1842642) AND (id <= 1843641))
	  ->  Bitmap Index Scan on sbtest4_pkey  (cost=0.00..22.11 rows=967 width=0)
	        Index Cond: ((id >= 1842642) AND (id <= 1843641))

table 5 : explain SELECT c FROM sbtest5 WHERE id BETWEEN 7325485 AND 7326484
	Bitmap Heap Scan on sbtest5  (cost=22.38..3748.25 rows=970 width=121)
	  Recheck Cond: ((id >= 7325485) AND (id <= 7326484))
	  ->  Bitmap Index Scan on sbtest5_pkey  (cost=0.00..22.14 rows=970 width=0)
	        Index Cond: ((id >= 7325485) AND (id <= 7326484))

table 6 : explain SELECT c FROM sbtest6 WHERE id BETWEEN 6249153 AND 6250152
	Bitmap Heap Scan on sbtest6  (cost=22.62..3839.39 rows=994 width=121)
	  Recheck Cond: ((id >= 6249153) AND (id <= 6250152))
	  ->  Bitmap Index Scan on sbtest6_pkey  (cost=0.00..22.37 rows=994 width=0)
	        Index Cond: ((id >= 6249153) AND (id <= 6250152))

table 7 : explain SELECT c FROM sbtest7 WHERE id BETWEEN 8425196 AND 8426195
	Bitmap Heap Scan on sbtest7  (cost=22.83..3914.69 rows=1014 width=121)
	  Recheck Cond: ((id >= 8425196) AND (id <= 8426195))
	  ->  Bitmap Index Scan on sbtest7_pkey  (cost=0.00..22.57 rows=1014 width=0)
	        Index Cond: ((id >= 8425196) AND (id <= 8426195))

table 8 : explain SELECT c FROM sbtest8 WHERE id BETWEEN 4256266 AND 4257265
	Bitmap Heap Scan on sbtest8  (cost=27.49..4163.22 rows=1079 width=121)
	  Recheck Cond: ((id >= 4256266) AND (id <= 4257265))
	  ->  Bitmap Index Scan on sbtest8_pkey  (cost=0.00..27.22 rows=1079 width=0)
	        Index Cond: ((id >= 4256266) AND (id <= 4257265))

for: simple_ranges
table 1 : explain SELECT c FROM sbtest1 WHERE id BETWEEN 7457172 AND 7458171
	Bitmap Heap Scan on sbtest1  (cost=22.15..3663.34 rows=948 width=121)
	  Recheck Cond: ((id >= 7457172) AND (id <= 7458171))
	  ->  Bitmap Index Scan on sbtest1_pkey  (cost=0.00..21.91 rows=948 width=0)
	        Index Cond: ((id >= 7457172) AND (id <= 7458171))

table 2 : explain SELECT c FROM sbtest2 WHERE id BETWEEN 2426513 AND 2427512
	Bitmap Heap Scan on sbtest2  (cost=22.97..3965.59 rows=1028 width=121)
	  Recheck Cond: ((id >= 2426513) AND (id <= 2427512))
	  ->  Bitmap Index Scan on sbtest2_pkey  (cost=0.00..22.71 rows=1028 width=0)
	        Index Cond: ((id >= 2426513) AND (id <= 2427512))

table 3 : explain SELECT c FROM sbtest3 WHERE id BETWEEN 1656439 AND 1657438
	Bitmap Heap Scan on sbtest3  (cost=21.91..3573.84 rows=924 width=121)
	  Recheck Cond: ((id >= 1656439) AND (id <= 1657438))
	  ->  Bitmap Index Scan on sbtest3_pkey  (cost=0.00..21.68 rows=924 width=0)
	        Index Cond: ((id >= 1656439) AND (id <= 1657438))

table 4 : explain SELECT c FROM sbtest4 WHERE id BETWEEN 1451481 AND 1452480
	Bitmap Heap Scan on sbtest4  (cost=22.76..3887.52 rows=1007 width=121)
	  Recheck Cond: ((id >= 1451481) AND (id <= 1452480))
	  ->  Bitmap Index Scan on sbtest4_pkey  (cost=0.00..22.50 rows=1007 width=0)
	        Index Cond: ((id >= 1451481) AND (id <= 1452480))

table 5 : explain SELECT c FROM sbtest5 WHERE id BETWEEN 1947961 AND 1948960
	Bitmap Heap Scan on sbtest5  (cost=22.51..3797.25 rows=983 width=121)
	  Recheck Cond: ((id >= 1947961) AND (id <= 1948960))
	  ->  Bitmap Index Scan on sbtest5_pkey  (cost=0.00..22.26 rows=983 width=0)
	        Index Cond: ((id >= 1947961) AND (id <= 1948960))

table 6 : explain SELECT c FROM sbtest6 WHERE id BETWEEN 1217189 AND 1218188
	Bitmap Heap Scan on sbtest6  (cost=22.53..3805.47 rows=985 width=121)
	  Recheck Cond: ((id >= 1217189) AND (id <= 1218188))
	  ->  Bitmap Index Scan on sbtest6_pkey  (cost=0.00..22.29 rows=985 width=0)
	        Index Cond: ((id >= 1217189) AND (id <= 1218188))

table 7 : explain SELECT c FROM sbtest7 WHERE id BETWEEN 4570383 AND 4571382
	Bitmap Heap Scan on sbtest7  (cost=22.11..3650.78 rows=944 width=121)
	  Recheck Cond: ((id >= 4570383) AND (id <= 4571382))
	  ->  Bitmap Index Scan on sbtest7_pkey  (cost=0.00..21.87 rows=944 width=0)
	        Index Cond: ((id >= 4570383) AND (id <= 4571382))

table 8 : explain SELECT c FROM sbtest8 WHERE id BETWEEN 4197318 AND 4198317
	Bitmap Heap Scan on sbtest8  (cost=22.10..3647.04 rows=943 width=121)
	  Recheck Cond: ((id >= 4197318) AND (id <= 4198317))
	  ->  Bitmap Index Scan on sbtest8_pkey  (cost=0.00..21.86 rows=943 width=0)
	        Index Cond: ((id >= 4197318) AND (id <= 4198317))

for: sum_ranges
table 1 : explain SELECT SUM(k) FROM sbtest1 WHERE id BETWEEN 9510512 AND 9511511
	Aggregate  (cost=3710.97..3710.98 rows=1 width=8)
	  ->  Bitmap Heap Scan on sbtest1  (cost=22.27..3708.57 rows=960 width=4)
	        Recheck Cond: ((id >= 9510512) AND (id <= 9511511))
	        ->  Bitmap Index Scan on sbtest1_pkey  (cost=0.00..22.04 rows=960 width=0)
	              Index Cond: ((id >= 9510512) AND (id <= 9511511))

table 2 : explain SELECT SUM(k) FROM sbtest2 WHERE id BETWEEN 6852485 AND 6853484
	Aggregate  (cost=3983.21..3983.22 rows=1 width=8)
	  ->  Bitmap Heap Scan on sbtest2  (cost=23.01..3980.63 rows=1032 width=4)
	        Recheck Cond: ((id >= 6852485) AND (id <= 6853484))
	        ->  Bitmap Index Scan on sbtest2_pkey  (cost=0.00..22.75 rows=1032 width=0)
	              Index Cond: ((id >= 6852485) AND (id <= 6853484))

table 3 : explain SELECT SUM(k) FROM sbtest3 WHERE id BETWEEN 5421275 AND 5422274
	Aggregate  (cost=3885.47..3885.48 rows=1 width=8)
	  ->  Bitmap Heap Scan on sbtest3  (cost=22.75..3882.95 rows=1006 width=4)
	        Recheck Cond: ((id >= 5421275) AND (id <= 5422274))
	        ->  Bitmap Index Scan on sbtest3_pkey  (cost=0.00..22.50 rows=1006 width=0)
	              Index Cond: ((id >= 5421275) AND (id <= 5422274))

table 4 : explain SELECT SUM(k) FROM sbtest4 WHERE id BETWEEN 6051163 AND 6052162
	Aggregate  (cost=3886.27..3886.28 rows=1 width=8)
	  ->  Bitmap Heap Scan on sbtest4  (cost=22.75..3883.76 rows=1006 width=4)
	        Recheck Cond: ((id >= 6051163) AND (id <= 6052162))
	        ->  Bitmap Index Scan on sbtest4_pkey  (cost=0.00..22.50 rows=1006 width=0)
	              Index Cond: ((id >= 6051163) AND (id <= 6052162))

table 5 : explain SELECT SUM(k) FROM sbtest5 WHERE id BETWEEN 2045498 AND 2046497
	Aggregate  (cost=3573.20..3573.21 rows=1 width=8)
	  ->  Bitmap Heap Scan on sbtest5  (cost=21.90..3570.90 rows=923 width=4)
	        Recheck Cond: ((id >= 2045498) AND (id <= 2046497))
	        ->  Bitmap Index Scan on sbtest5_pkey  (cost=0.00..21.66 rows=923 width=0)
	              Index Cond: ((id >= 2045498) AND (id <= 2046497))

table 6 : explain SELECT SUM(k) FROM sbtest6 WHERE id BETWEEN 5656593 AND 5657592
	Aggregate  (cost=4308.75..4308.76 rows=1 width=8)
	  ->  Bitmap Heap Scan on sbtest6  (cost=27.89..4305.95 rows=1118 width=4)
	        Recheck Cond: ((id >= 5656593) AND (id <= 5657592))
	        ->  Bitmap Index Scan on sbtest6_pkey  (cost=0.00..27.61 rows=1118 width=0)
	              Index Cond: ((id >= 5656593) AND (id <= 5657592))

table 7 : explain SELECT SUM(k) FROM sbtest7 WHERE id BETWEEN 2179370 AND 2180369
	Aggregate  (cost=4413.79..4413.80 rows=1 width=8)
	  ->  Bitmap Heap Scan on sbtest7  (cost=28.18..4410.93 rows=1146 width=4)
	        Recheck Cond: ((id >= 2179370) AND (id <= 2180369))
	        ->  Bitmap Index Scan on sbtest7_pkey  (cost=0.00..27.89 rows=1146 width=0)
	              Index Cond: ((id >= 2179370) AND (id <= 2180369))

table 8 : explain SELECT SUM(k) FROM sbtest8 WHERE id BETWEEN 9226440 AND 9227439
	Aggregate  (cost=3660.73..3660.74 rows=1 width=8)
	  ->  Bitmap Heap Scan on sbtest8  (cost=22.13..3658.36 rows=946 width=4)
	        Recheck Cond: ((id >= 9226440) AND (id <= 9227439))
	        ->  Bitmap Index Scan on sbtest8_pkey  (cost=0.00..21.89 rows=946 width=0)
	              Index Cond: ((id >= 9226440) AND (id <= 9227439))

for: distinct_ranges
table 1 : explain SELECT DISTINCT c FROM sbtest1 WHERE id BETWEEN 428547 AND 429546 ORDER BY c
	Unique  (cost=4015.96..4021.10 rows=1028 width=121)
	  ->  Sort  (cost=4015.96..4018.53 rows=1028 width=121)
	        Sort Key: c
	        ->  Bitmap Heap Scan on sbtest1  (cost=22.97..3964.53 rows=1028 width=121)
	              Recheck Cond: ((id >= 428547) AND (id <= 429546))
	              ->  Bitmap Index Scan on sbtest1_pkey  (cost=0.00..22.71 rows=1028 width=0)
	                    Index Cond: ((id >= 428547) AND (id <= 429546))

table 2 : explain SELECT DISTINCT c FROM sbtest2 WHERE id BETWEEN 4010257 AND 4011256 ORDER BY c
	Unique  (cost=3929.16..3934.19 rows=1005 width=121)
	  ->  Sort  (cost=3929.16..3931.68 rows=1005 width=121)
	        Sort Key: c
	        ->  Bitmap Heap Scan on sbtest2  (cost=22.74..3879.05 rows=1005 width=121)
	              Recheck Cond: ((id >= 4010257) AND (id <= 4011256))
	              ->  Bitmap Index Scan on sbtest2_pkey  (cost=0.00..22.48 rows=1005 width=0)
	                    Index Cond: ((id >= 4010257) AND (id <= 4011256))

table 3 : explain SELECT DISTINCT c FROM sbtest3 WHERE id BETWEEN 763335 AND 764334 ORDER BY c
	Unique  (cost=4509.05..4514.84 rows=1157 width=121)
	  ->  Sort  (cost=4509.05..4511.95 rows=1157 width=121)
	        Sort Key: c
	        ->  Bitmap Heap Scan on sbtest3  (cost=28.29..4450.19 rows=1157 width=121)
	              Recheck Cond: ((id >= 763335) AND (id <= 764334))
	              ->  Bitmap Index Scan on sbtest3_pkey  (cost=0.00..28.00 rows=1157 width=0)
	                    Index Cond: ((id >= 763335) AND (id <= 764334))

table 4 : explain SELECT DISTINCT c FROM sbtest4 WHERE id BETWEEN 9520859 AND 9521858 ORDER BY c
	Unique  (cost=3872.75..3877.70 rows=990 width=121)
	  ->  Sort  (cost=3872.75..3875.23 rows=990 width=121)
	        Sort Key: c
	        ->  Bitmap Heap Scan on sbtest4  (cost=22.58..3823.49 rows=990 width=121)
	              Recheck Cond: ((id >= 9520859) AND (id <= 9521858))
	              ->  Bitmap Index Scan on sbtest4_pkey  (cost=0.00..22.33 rows=990 width=0)
	                    Index Cond: ((id >= 9520859) AND (id <= 9521858))

table 5 : explain SELECT DISTINCT c FROM sbtest5 WHERE id BETWEEN 7594124 AND 7595123 ORDER BY c
	Unique  (cost=3643.18..3647.83 rows=930 width=121)
	  ->  Sort  (cost=3643.18..3645.51 rows=930 width=121)
	        Sort Key: c
	        ->  Bitmap Heap Scan on sbtest5  (cost=21.97..3597.33 rows=930 width=121)
	              Recheck Cond: ((id >= 7594124) AND (id <= 7595123))
	              ->  Bitmap Index Scan on sbtest5_pkey  (cost=0.00..21.73 rows=930 width=0)
	                    Index Cond: ((id >= 7594124) AND (id <= 7595123))

table 6 : explain SELECT DISTINCT c FROM sbtest6 WHERE id BETWEEN 4997436 AND 4998435 ORDER BY c
	Unique  (cost=3590.14..3594.72 rows=916 width=121)
	  ->  Sort  (cost=3590.14..3592.43 rows=916 width=121)
	        Sort Key: c
	        ->  Bitmap Heap Scan on sbtest6  (cost=21.82..3545.07 rows=916 width=121)
	              Recheck Cond: ((id >= 4997436) AND (id <= 4998435))
	              ->  Bitmap Index Scan on sbtest6_pkey  (cost=0.00..21.59 rows=916 width=0)
	                    Index Cond: ((id >= 4997436) AND (id <= 4998435))

table 7 : explain SELECT DISTINCT c FROM sbtest7 WHERE id BETWEEN 3102820 AND 3103819 ORDER BY c
	Unique  (cost=3728.07..3732.83 rows=952 width=121)
	  ->  Sort  (cost=3728.07..3730.45 rows=952 width=121)
	        Sort Key: c
	        ->  Bitmap Heap Scan on sbtest7  (cost=22.19..3680.97 rows=952 width=121)
	              Recheck Cond: ((id >= 3102820) AND (id <= 3103819))
	              ->  Bitmap Index Scan on sbtest7_pkey  (cost=0.00..21.95 rows=952 width=0)
	                    Index Cond: ((id >= 3102820) AND (id <= 3103819))

table 8 : explain SELECT DISTINCT c FROM sbtest8 WHERE id BETWEEN 6820453 AND 6821452 ORDER BY c
	Unique  (cost=4213.77..4219.16 rows=1078 width=121)
	  ->  Sort  (cost=4213.77..4216.46 rows=1078 width=121)
	        Sort Key: c
	        ->  Bitmap Heap Scan on sbtest8  (cost=27.48..4159.47 rows=1078 width=121)
	              Recheck Cond: ((id >= 6820453) AND (id <= 6821452))
	              ->  Bitmap Index Scan on sbtest8_pkey  (cost=0.00..27.21 rows=1078 width=0)
	                    Index Cond: ((id >= 6820453) AND (id <= 6821452))

for: simple_ranges
table 1 : explain SELECT c FROM sbtest1 WHERE id BETWEEN 2052508 AND 2053507
	Bitmap Heap Scan on sbtest1  (cost=22.48..3783.92 rows=980 width=121)
	  Recheck Cond: ((id >= 2052508) AND (id <= 2053507))
	  ->  Bitmap Index Scan on sbtest1_pkey  (cost=0.00..22.23 rows=980 width=0)
	        Index Cond: ((id >= 2052508) AND (id <= 2053507))

table 2 : explain SELECT c FROM sbtest2 WHERE id BETWEEN 9598935 AND 9599934
	Bitmap Heap Scan on sbtest2  (cost=22.12..3652.96 rows=945 width=121)
	  Recheck Cond: ((id >= 9598935) AND (id <= 9599934))
	  ->  Bitmap Index Scan on sbtest2_pkey  (cost=0.00..21.89 rows=945 width=0)
	        Index Cond: ((id >= 9598935) AND (id <= 9599934))

table 3 : explain SELECT c FROM sbtest3 WHERE id BETWEEN 3104047 AND 3105046
	Bitmap Heap Scan on sbtest3  (cost=23.15..4029.66 rows=1045 width=121)
	  Recheck Cond: ((id >= 3104047) AND (id <= 3105046))
	  ->  Bitmap Index Scan on sbtest3_pkey  (cost=0.00..22.89 rows=1045 width=0)
	        Index Cond: ((id >= 3104047) AND (id <= 3105046))

table 4 : explain SELECT c FROM sbtest4 WHERE id BETWEEN 2186989 AND 2187988
	Bitmap Heap Scan on sbtest4  (cost=22.39..3751.89 rows=971 width=121)
	  Recheck Cond: ((id >= 2186989) AND (id <= 2187988))
	  ->  Bitmap Index Scan on sbtest4_pkey  (cost=0.00..22.14 rows=971 width=0)
	        Index Cond: ((id >= 2186989) AND (id <= 2187988))

table 5 : explain SELECT c FROM sbtest5 WHERE id BETWEEN 7751794 AND 7752793
	Bitmap Heap Scan on sbtest5  (cost=22.06..3631.30 rows=939 width=121)
	  Recheck Cond: ((id >= 7751794) AND (id <= 7752793))
	  ->  Bitmap Index Scan on sbtest5_pkey  (cost=0.00..21.82 rows=939 width=0)
	        Index Cond: ((id >= 7751794) AND (id <= 7752793))

table 6 : explain SELECT c FROM sbtest6 WHERE id BETWEEN 6340349 AND 6341348
	Bitmap Heap Scan on sbtest6  (cost=23.37..4114.14 rows=1067 width=121)
	  Recheck Cond: ((id >= 6340349) AND (id <= 6341348))
	  ->  Bitmap Index Scan on sbtest6_pkey  (cost=0.00..23.11 rows=1067 width=0)
	        Index Cond: ((id >= 6340349) AND (id <= 6341348))

table 7 : explain SELECT c FROM sbtest7 WHERE id BETWEEN 1008023 AND 1009022
	Bitmap Heap Scan on sbtest7  (cost=21.54..3439.18 rows=888 width=121)
	  Recheck Cond: ((id >= 1008023) AND (id <= 1009022))
	  ->  Bitmap Index Scan on sbtest7_pkey  (cost=0.00..21.32 rows=888 width=0)
	        Index Cond: ((id >= 1008023) AND (id <= 1009022))

table 8 : explain SELECT c FROM sbtest8 WHERE id BETWEEN 9578459 AND 9579458
	Bitmap Heap Scan on sbtest8  (cost=22.80..3903.43 rows=1011 width=121)
	  Recheck Cond: ((id >= 9578459) AND (id <= 9579458))
	  ->  Bitmap Index Scan on sbtest8_pkey  (cost=0.00..22.54 rows=1011 width=0)
	        Index Cond: ((id >= 9578459) AND (id <= 9579458))

for point_selects
table 1 : explain SELECT c FROM sbtest1 WHERE id=9731824
	Index Scan using sbtest1_pkey on sbtest1  (cost=0.43..8.45 rows=1 width=121)
	  Index Cond: (id = 9731824)

table 2 : explain SELECT c FROM sbtest2 WHERE id=7553542
	Index Scan using sbtest2_pkey on sbtest2  (cost=0.43..8.45 rows=1 width=121)
	  Index Cond: (id = 7553542)

table 3 : explain SELECT c FROM sbtest3 WHERE id=4116123
	Index Scan using sbtest3_pkey on sbtest3  (cost=0.43..8.45 rows=1 width=121)
	  Index Cond: (id = 4116123)

table 4 : explain SELECT c FROM sbtest4 WHERE id=3072343
	Index Scan using sbtest4_pkey on sbtest4  (cost=0.43..8.45 rows=1 width=121)
	  Index Cond: (id = 3072343)

table 5 : explain SELECT c FROM sbtest5 WHERE id=9752083
	Index Scan using sbtest5_pkey on sbtest5  (cost=0.43..8.45 rows=1 width=121)
	  Index Cond: (id = 9752083)

table 6 : explain SELECT c FROM sbtest6 WHERE id=7285577
	Index Scan using sbtest6_pkey on sbtest6  (cost=0.43..8.45 rows=1 width=121)
	  Index Cond: (id = 7285577)

table 7 : explain SELECT c FROM sbtest7 WHERE id=542046
	Index Scan using sbtest7_pkey on sbtest7  (cost=0.43..8.45 rows=1 width=121)
	  Index Cond: (id = 542046)

table 8 : explain SELECT c FROM sbtest8 WHERE id=4151081
	Index Scan using sbtest8_pkey on sbtest8  (cost=0.43..8.45 rows=1 width=121)
	  Index Cond: (id = 4151081)

explain: for point_selects :: explain SELECT c FROM sbtest%u WHERE id=%u
explain: for point_selects :: explain SELECT c FROM sbtest%u WHERE id=%u
for point_selects
table 1 : explain SELECT c FROM sbtest1 WHERE id=6696704
	Index Scan using sbtest1_pkey on sbtest1  (cost=0.43..8.45 rows=1 width=121)
	  Index Cond: (id = 6696704)

table 2 : explain SELECT c FROM sbtest2 WHERE id=3165403
	Index Scan using sbtest2_pkey on sbtest2  (cost=0.43..8.45 rows=1 width=121)
	  Index Cond: (id = 3165403)

table 3 : explain SELECT c FROM sbtest3 WHERE id=3308365
	Index Scan using sbtest3_pkey on sbtest3  (cost=0.43..8.45 rows=1 width=121)
	  Index Cond: (id = 3308365)

table 4 : explain SELECT c FROM sbtest4 WHERE id=554283
	Index Scan using sbtest4_pkey on sbtest4  (cost=0.43..8.45 rows=1 width=121)
	  Index Cond: (id = 554283)

table 5 : explain SELECT c FROM sbtest5 WHERE id=1867126
	Index Scan using sbtest5_pkey on sbtest5  (cost=0.43..8.45 rows=1 width=121)
	  Index Cond: (id = 1867126)

table 6 : explain SELECT c FROM sbtest6 WHERE id=7194776
	Index Scan using sbtest6_pkey on sbtest6  (cost=0.43..8.45 rows=1 width=121)
	  Index Cond: (id = 7194776)

table 7 : explain SELECT c FROM sbtest7 WHERE id=7818953
	Index Scan using sbtest7_pkey on sbtest7  (cost=0.43..8.45 rows=1 width=121)
	  Index Cond: (id = 7818953)

table 8 : explain SELECT c FROM sbtest8 WHERE id=1944691
	Index Scan using sbtest8_pkey on sbtest8  (cost=0.43..8.45 rows=1 width=121)
	  Index Cond: (id = 1944691)

explain: for point_selects :: explain SELECT c FROM sbtest%u WHERE id=%u
for: sum_ranges
table 1 : explain SELECT SUM(k) FROM sbtest1 WHERE id BETWEEN 4768295 AND 4769294
	Aggregate  (cost=3929.47..3929.48 rows=1 width=8)
	  ->  Bitmap Heap Scan on sbtest1  (cost=22.87..3926.93 rows=1018 width=4)
	        Recheck Cond: ((id >= 4768295) AND (id <= 4769294))
	        ->  Bitmap Index Scan on sbtest1_pkey  (cost=0.00..22.61 rows=1018 width=0)
	              Index Cond: ((id >= 4768295) AND (id <= 4769294))

table 2 : explain SELECT SUM(k) FROM sbtest2 WHERE id BETWEEN 2470748 AND 2471747
	Aggregate  (cost=3655.33..3655.34 rows=1 width=8)
	  ->  Bitmap Heap Scan on sbtest2  (cost=22.12..3652.96 rows=945 width=4)
	        Recheck Cond: ((id >= 2470748) AND (id <= 2471747))
	        ->  Bitmap Index Scan on sbtest2_pkey  (cost=0.00..21.89 rows=945 width=0)
	              Index Cond: ((id >= 2470748) AND (id <= 2471747))

table 3 : explain SELECT SUM(k) FROM sbtest3 WHERE id BETWEEN 1415047 AND 1416046
	Aggregate  (cost=3591.26..3591.27 rows=1 width=8)
	  ->  Bitmap Heap Scan on sbtest3  (cost=21.95..3588.94 rows=928 width=4)
	        Recheck Cond: ((id >= 1415047) AND (id <= 1416046))
	        ->  Bitmap Index Scan on sbtest3_pkey  (cost=0.00..21.71 rows=928 width=0)
	              Index Cond: ((id >= 1415047) AND (id <= 1416046))

table 4 : explain SELECT SUM(k) FROM sbtest4 WHERE id BETWEEN 6423820 AND 6424819
	Aggregate  (cost=4209.84..4209.85 rows=1 width=8)
	  ->  Bitmap Heap Scan on sbtest4  (cost=23.63..4207.11 rows=1092 width=4)
	        Recheck Cond: ((id >= 6423820) AND (id <= 6424819))
	        ->  Bitmap Index Scan on sbtest4_pkey  (cost=0.00..23.36 rows=1092 width=0)
	              Index Cond: ((id >= 6423820) AND (id <= 6424819))

table 5 : explain SELECT SUM(k) FROM sbtest5 WHERE id BETWEEN 6564918 AND 6565917
	Aggregate  (cost=3927.85..3927.86 rows=1 width=8)
	  ->  Bitmap Heap Scan on sbtest5  (cost=22.86..3925.31 rows=1017 width=4)
	        Recheck Cond: ((id >= 6564918) AND (id <= 6565917))
	        ->  Bitmap Index Scan on sbtest5_pkey  (cost=0.00..22.61 rows=1017 width=0)
	              Index Cond: ((id >= 6564918) AND (id <= 6565917))

table 6 : explain SELECT SUM(k) FROM sbtest6 WHERE id BETWEEN 5639877 AND 5640876
	Aggregate  (cost=4308.75..4308.76 rows=1 width=8)
	  ->  Bitmap Heap Scan on sbtest6  (cost=27.89..4305.95 rows=1118 width=4)
	        Recheck Cond: ((id >= 5639877) AND (id <= 5640876))
	        ->  Bitmap Index Scan on sbtest6_pkey  (cost=0.00..27.61 rows=1118 width=0)
	              Index Cond: ((id >= 5639877) AND (id <= 5640876))

table 7 : explain SELECT SUM(k) FROM sbtest7 WHERE id BETWEEN 3111183 AND 3112182
	Aggregate  (cost=3879.53..3879.54 rows=1 width=8)
	  ->  Bitmap Heap Scan on sbtest7  (cost=22.73..3877.02 rows=1004 width=4)
	        Recheck Cond: ((id >= 3111183) AND (id <= 3112182))
	        ->  Bitmap Index Scan on sbtest7_pkey  (cost=0.00..22.47 rows=1004 width=0)
	              Index Cond: ((id >= 3111183) AND (id <= 3112182))

table 8 : explain SELECT SUM(k) FROM sbtest8 WHERE id BETWEEN 4757690 AND 4758689
	Aggregate  (cost=3743.79..3743.80 rows=1 width=8)
	  ->  Bitmap Heap Scan on sbtest8  (cost=22.36..3741.37 rows=968 width=4)
	        Recheck Cond: ((id >= 4757690) AND (id <= 4758689))
	        ->  Bitmap Index Scan on sbtest8_pkey  (cost=0.00..22.11 rows=968 width=0)
	              Index Cond: ((id >= 4757690) AND (id <= 4758689))

for point_selects
table 1 : explain SELECT c FROM sbtest1 WHERE id=5255296
	Index Scan using sbtest1_pkey on sbtest1  (cost=0.43..8.45 rows=1 width=121)
	  Index Cond: (id = 5255296)

table 2 : explain SELECT c FROM sbtest2 WHERE id=9194281
	Index Scan using sbtest2_pkey on sbtest2  (cost=0.43..8.45 rows=1 width=121)
	  Index Cond: (id = 9194281)

table 3 : explain SELECT c FROM sbtest3 WHERE id=9089612
	Index Scan using sbtest3_pkey on sbtest3  (cost=0.43..8.45 rows=1 width=121)
	  Index Cond: (id = 9089612)

table 4 : explain SELECT c FROM sbtest4 WHERE id=4883010
	Index Scan using sbtest4_pkey on sbtest4  (cost=0.43..8.45 rows=1 width=121)
	  Index Cond: (id = 4883010)

table 5 : explain SELECT c FROM sbtest5 WHERE id=2672158
	Index Scan using sbtest5_pkey on sbtest5  (cost=0.43..8.45 rows=1 width=121)
	  Index Cond: (id = 2672158)

table 6 : explain SELECT c FROM sbtest6 WHERE id=6297109
	Index Scan using sbtest6_pkey on sbtest6  (cost=0.43..8.45 rows=1 width=121)
	  Index Cond: (id = 6297109)

table 7 : explain SELECT c FROM sbtest7 WHERE id=9465470
	Index Scan using sbtest7_pkey on sbtest7  (cost=0.43..8.45 rows=1 width=121)
	  Index Cond: (id = 9465470)

table 8 : explain SELECT c FROM sbtest8 WHERE id=9545759
	Index Scan using sbtest8_pkey on sbtest8  (cost=0.43..8.45 rows=1 width=121)
	  Index Cond: (id = 9545759)

for: sum_ranges
table 1 : explain SELECT SUM(k) FROM sbtest1 WHERE id BETWEEN 1587016 AND 1588015
	Aggregate  (cost=4053.60..4053.61 rows=1 width=8)
	  ->  Bitmap Heap Scan on sbtest1  (cost=23.21..4050.97 rows=1051 width=4)
	        Recheck Cond: ((id >= 1587016) AND (id <= 1588015))
	        ->  Bitmap Index Scan on sbtest1_pkey  (cost=0.00..22.94 rows=1051 width=0)
	              Index Cond: ((id >= 1587016) AND (id <= 1588015))

table 2 : explain SELECT SUM(k) FROM sbtest2 WHERE id BETWEEN 3490401 AND 3491400
	Aggregate  (cost=3847.66..3847.67 rows=1 width=8)
	  ->  Bitmap Heap Scan on sbtest2  (cost=22.64..3845.17 rows=996 width=4)
	        Recheck Cond: ((id >= 3490401) AND (id <= 3491400))
	        ->  Bitmap Index Scan on sbtest2_pkey  (cost=0.00..22.39 rows=996 width=0)
	              Index Cond: ((id >= 3490401) AND (id <= 3491400))

table 3 : explain SELECT SUM(k) FROM sbtest3 WHERE id BETWEEN 5253357 AND 5254356
	Aggregate  (cost=3746.01..3746.02 rows=1 width=8)
	  ->  Bitmap Heap Scan on sbtest3  (cost=22.37..3743.59 rows=969 width=4)
	        Recheck Cond: ((id >= 5253357) AND (id <= 5254356))
	        ->  Bitmap Index Scan on sbtest3_pkey  (cost=0.00..22.12 rows=969 width=0)
	              Index Cond: ((id >= 5253357) AND (id <= 5254356))

table 4 : explain SELECT SUM(k) FROM sbtest4 WHERE id BETWEEN 6671826 AND 6672825
	Aggregate  (cost=4127.16..4127.17 rows=1 width=8)
	  ->  Bitmap Heap Scan on sbtest4  (cost=23.40..4124.48 rows=1070 width=4)
	        Recheck Cond: ((id >= 6671826) AND (id <= 6672825))
	        ->  Bitmap Index Scan on sbtest4_pkey  (cost=0.00..23.14 rows=1070 width=0)
	              Index Cond: ((id >= 6671826) AND (id <= 6672825))

table 5 : explain SELECT SUM(k) FROM sbtest5 WHERE id BETWEEN 1965192 AND 1966191
	Aggregate  (cost=3799.71..3799.72 rows=1 width=8)
	  ->  Bitmap Heap Scan on sbtest5  (cost=22.51..3797.25 rows=983 width=4)
	        Recheck Cond: ((id >= 1965192) AND (id <= 1966191))
	        ->  Bitmap Index Scan on sbtest5_pkey  (cost=0.00..22.26 rows=983 width=0)
	              Index Cond: ((id >= 1965192) AND (id <= 1966191))

table 6 : explain SELECT SUM(k) FROM sbtest6 WHERE id BETWEEN 560690 AND 561689
	Aggregate  (cost=3770.21..3770.22 rows=1 width=8)
	  ->  Bitmap Heap Scan on sbtest6  (cost=22.43..3767.77 rows=975 width=4)
	        Recheck Cond: ((id >= 560690) AND (id <= 561689))
	        ->  Bitmap Index Scan on sbtest6_pkey  (cost=0.00..22.18 rows=975 width=0)
	              Index Cond: ((id >= 560690) AND (id <= 561689))

table 7 : explain SELECT SUM(k) FROM sbtest7 WHERE id BETWEEN 5877443 AND 5878442
	Aggregate  (cost=3834.29..3834.30 rows=1 width=8)
	  ->  Bitmap Heap Scan on sbtest7  (cost=22.60..3831.81 rows=992 width=4)
	        Recheck Cond: ((id >= 5877443) AND (id <= 5878442))
	        ->  Bitmap Index Scan on sbtest7_pkey  (cost=0.00..22.36 rows=992 width=0)
	              Index Cond: ((id >= 5877443) AND (id <= 5878442))

table 8 : explain SELECT SUM(k) FROM sbtest8 WHERE id BETWEEN 6635986 AND 6636985
	Aggregate  (cost=4180.96..4180.97 rows=1 width=8)
	  ->  Bitmap Heap Scan on sbtest8  (cost=27.54..4178.25 rows=1083 width=4)
	        Recheck Cond: ((id >= 6635986) AND (id <= 6636985))
	        ->  Bitmap Index Scan on sbtest8_pkey  (cost=0.00..27.26 rows=1083 width=0)
	              Index Cond: ((id >= 6635986) AND (id <= 6636985))

for: simple_ranges
table 1 : explain SELECT c FROM sbtest1 WHERE id BETWEEN 1132293 AND 1133292
	Bitmap Heap Scan on sbtest1  (cost=21.73..3508.65 rows=907 width=121)
	  Recheck Cond: ((id >= 1132293) AND (id <= 1133292))
	  ->  Bitmap Index Scan on sbtest1_pkey  (cost=0.00..21.50 rows=907 width=0)
	        Index Cond: ((id >= 1132293) AND (id <= 1133292))

table 2 : explain SELECT c FROM sbtest2 WHERE id BETWEEN 927829 AND 928828
	Bitmap Heap Scan on sbtest2  (cost=22.73..3875.29 rows=1004 width=121)
	  Recheck Cond: ((id >= 927829) AND (id <= 928828))
	  ->  Bitmap Index Scan on sbtest2_pkey  (cost=0.00..22.47 rows=1004 width=0)
	        Index Cond: ((id >= 927829) AND (id <= 928828))

table 3 : explain SELECT c FROM sbtest3 WHERE id BETWEEN 4346436 AND 4347435
	Bitmap Heap Scan on sbtest3  (cost=23.26..4071.00 rows=1056 width=121)
	  Recheck Cond: ((id >= 4346436) AND (id <= 4347435))
	  ->  Bitmap Index Scan on sbtest3_pkey  (cost=0.00..23.00 rows=1056 width=0)
	        Index Cond: ((id >= 4346436) AND (id <= 4347435))

table 4 : explain SELECT c FROM sbtest4 WHERE id BETWEEN 4362596 AND 4363595
	Bitmap Heap Scan on sbtest4  (cost=23.20..4049.31 rows=1050 width=121)
	  Recheck Cond: ((id >= 4362596) AND (id <= 4363595))
	  ->  Bitmap Index Scan on sbtest4_pkey  (cost=0.00..22.93 rows=1050 width=0)
	        Index Cond: ((id >= 4362596) AND (id <= 4363595))

table 5 : explain SELECT c FROM sbtest5 WHERE id BETWEEN 1068587 AND 1069586
	Bitmap Heap Scan on sbtest5  (cost=22.16..3669.04 rows=949 width=121)
	  Recheck Cond: ((id >= 1068587) AND (id <= 1069586))
	  ->  Bitmap Index Scan on sbtest5_pkey  (cost=0.00..21.93 rows=949 width=0)
	        Index Cond: ((id >= 1068587) AND (id <= 1069586))

table 6 : explain SELECT c FROM sbtest6 WHERE id BETWEEN 4434599 AND 4435598
	Bitmap Heap Scan on sbtest6  (cost=22.20..3684.79 rows=953 width=121)
	  Recheck Cond: ((id >= 4434599) AND (id <= 4435598))
	  ->  Bitmap Index Scan on sbtest6_pkey  (cost=0.00..21.96 rows=953 width=0)
	        Index Cond: ((id >= 4434599) AND (id <= 4435598))

table 7 : explain SELECT c FROM sbtest7 WHERE id BETWEEN 1236756 AND 1237755
	Bitmap Heap Scan on sbtest7  (cost=22.03..3620.57 rows=936 width=121)
	  Recheck Cond: ((id >= 1236756) AND (id <= 1237755))
	  ->  Bitmap Index Scan on sbtest7_pkey  (cost=0.00..21.79 rows=936 width=0)
	        Index Cond: ((id >= 1236756) AND (id <= 1237755))

table 8 : explain SELECT c FROM sbtest8 WHERE id BETWEEN 3932623 AND 3933622
	Bitmap Heap Scan on sbtest8  (cost=22.30..3718.74 rows=962 width=121)
	  Recheck Cond: ((id >= 3932623) AND (id <= 3933622))
	  ->  Bitmap Index Scan on sbtest8_pkey  (cost=0.00..22.05 rows=962 width=0)
	        Index Cond: ((id >= 3932623) AND (id <= 3933622))

for: sum_ranges
table 1 : explain SELECT SUM(k) FROM sbtest1 WHERE id BETWEEN 3833252 AND 3834251
	Aggregate  (cost=4155.05..4155.06 rows=1 width=8)
	  ->  Bitmap Heap Scan on sbtest1  (cost=23.48..4152.35 rows=1078 width=4)
	        Recheck Cond: ((id >= 3833252) AND (id <= 3834251))
	        ->  Bitmap Index Scan on sbtest1_pkey  (cost=0.00..23.21 rows=1078 width=0)
	              Index Cond: ((id >= 3833252) AND (id <= 3834251))

table 2 : explain SELECT SUM(k) FROM sbtest2 WHERE id BETWEEN 1688511 AND 1689510
	Aggregate  (cost=4013.32..4013.33 rows=1 width=8)
	  ->  Bitmap Heap Scan on sbtest2  (cost=23.09..4010.72 rows=1040 width=4)
	        Recheck Cond: ((id >= 1688511) AND (id <= 1689510))
	        ->  Bitmap Index Scan on sbtest2_pkey  (cost=0.00..22.83 rows=1040 width=0)
	              Index Cond: ((id >= 1688511) AND (id <= 1689510))

table 3 : explain SELECT SUM(k) FROM sbtest3 WHERE id BETWEEN 5642197 AND 5643196
	Aggregate  (cost=3417.37..3417.38 rows=1 width=8)
	  ->  Bitmap Heap Scan on sbtest3  (cost=21.48..3415.17 rows=882 width=4)
	        Recheck Cond: ((id >= 5642197) AND (id <= 5643196))
	        ->  Bitmap Index Scan on sbtest3_pkey  (cost=0.00..21.25 rows=882 width=0)
	              Index Cond: ((id >= 5642197) AND (id <= 5643196))

table 4 : explain SELECT SUM(k) FROM sbtest4 WHERE id BETWEEN 8637180 AND 8638179
	Aggregate  (cost=3788.26..3788.27 rows=1 width=8)
	  ->  Bitmap Heap Scan on sbtest4  (cost=22.48..3785.81 rows=980 width=4)
	        Recheck Cond: ((id >= 8637180) AND (id <= 8638179))
	        ->  Bitmap Index Scan on sbtest4_pkey  (cost=0.00..22.23 rows=980 width=0)
	              Index Cond: ((id >= 8637180) AND (id <= 8638179))

table 5 : explain SELECT SUM(k) FROM sbtest5 WHERE id BETWEEN 3960125 AND 3961124
	Aggregate  (cost=3803.48..3803.49 rows=1 width=8)
	  ->  Bitmap Heap Scan on sbtest5  (cost=22.52..3801.02 rows=984 width=4)
	        Recheck Cond: ((id >= 3960125) AND (id <= 3961124))
	        ->  Bitmap Index Scan on sbtest5_pkey  (cost=0.00..22.27 rows=984 width=0)
	              Index Cond: ((id >= 3960125) AND (id <= 3961124))

table 6 : explain SELECT SUM(k) FROM sbtest6 WHERE id BETWEEN 6991038 AND 6992037
	Aggregate  (cost=3441.44..3441.45 rows=1 width=8)
	  ->  Bitmap Heap Scan on sbtest6  (cost=21.54..3439.22 rows=888 width=4)
	        Recheck Cond: ((id >= 6991038) AND (id <= 6992037))
	        ->  Bitmap Index Scan on sbtest6_pkey  (cost=0.00..21.32 rows=888 width=0)
	              Index Cond: ((id >= 6991038) AND (id <= 6992037))

table 7 : explain SELECT SUM(k) FROM sbtest7 WHERE id BETWEEN 3087434 AND 3088433
	Aggregate  (cost=3683.35..3683.36 rows=1 width=8)
	  ->  Bitmap Heap Scan on sbtest7  (cost=22.19..3680.97 rows=952 width=4)
	        Recheck Cond: ((id >= 3087434) AND (id <= 3088433))
	        ->  Bitmap Index Scan on sbtest7_pkey  (cost=0.00..21.95 rows=952 width=0)
	              Index Cond: ((id >= 3087434) AND (id <= 3088433))

table 8 : explain SELECT SUM(k) FROM sbtest8 WHERE id BETWEEN 5709830 AND 5710829
	Aggregate  (cost=3649.39..3649.40 rows=1 width=8)
	  ->  Bitmap Heap Scan on sbtest8  (cost=22.10..3647.04 rows=943 width=4)
	        Recheck Cond: ((id >= 5709830) AND (id <= 5710829))
	        ->  Bitmap Index Scan on sbtest8_pkey  (cost=0.00..21.86 rows=943 width=0)
	              Index Cond: ((id >= 5709830) AND (id <= 5710829))

for: simple_ranges
table 1 : explain SELECT c FROM sbtest1 WHERE id BETWEEN 8553339 AND 8554338
	Bitmap Heap Scan on sbtest1  (cost=22.89..3934.45 rows=1020 width=121)
	  Recheck Cond: ((id >= 8553339) AND (id <= 8554338))
	  ->  Bitmap Index Scan on sbtest1_pkey  (cost=0.00..22.64 rows=1020 width=0)
	        Index Cond: ((id >= 8553339) AND (id <= 8554338))

table 2 : explain SELECT c FROM sbtest2 WHERE id BETWEEN 5621347 AND 5622346
	Bitmap Heap Scan on sbtest2  (cost=22.40..3754.76 rows=972 width=121)
	  Recheck Cond: ((id >= 5621347) AND (id <= 5622346))
	  ->  Bitmap Index Scan on sbtest2_pkey  (cost=0.00..22.15 rows=972 width=0)
	        Index Cond: ((id >= 5621347) AND (id <= 5622346))

table 3 : explain SELECT c FROM sbtest3 WHERE id BETWEEN 1008089 AND 1009088
	Bitmap Heap Scan on sbtest3  (cost=21.67..3486.98 rows=901 width=121)
	  Recheck Cond: ((id >= 1008089) AND (id <= 1009088))
	  ->  Bitmap Index Scan on sbtest3_pkey  (cost=0.00..21.44 rows=901 width=0)
	        Index Cond: ((id >= 1008089) AND (id <= 1009088))

table 4 : explain SELECT c FROM sbtest4 WHERE id BETWEEN 8743462 AND 8744461
	Bitmap Heap Scan on sbtest4  (cost=27.78..4263.69 rows=1107 width=121)
	  Recheck Cond: ((id >= 8743462) AND (id <= 8744461))
	  ->  Bitmap Index Scan on sbtest4_pkey  (cost=0.00..27.50 rows=1107 width=0)
	        Index Cond: ((id >= 8743462) AND (id <= 8744461))

table 5 : explain SELECT c FROM sbtest5 WHERE id BETWEEN 3994534 AND 3995533
	Bitmap Heap Scan on sbtest5  (cost=22.52..3801.02 rows=984 width=121)
	  Recheck Cond: ((id >= 3994534) AND (id <= 3995533))
	  ->  Bitmap Index Scan on sbtest5_pkey  (cost=0.00..22.27 rows=984 width=0)
	        Index Cond: ((id >= 3994534) AND (id <= 3995533))

table 6 : explain SELECT c FROM sbtest6 WHERE id BETWEEN 8719484 AND 8720483
	Bitmap Heap Scan on sbtest6  (cost=27.67..4227.09 rows=1096 width=121)
	  Recheck Cond: ((id >= 8719484) AND (id <= 8720483))
	  ->  Bitmap Index Scan on sbtest6_pkey  (cost=0.00..27.39 rows=1096 width=0)
	        Index Cond: ((id >= 8719484) AND (id <= 8720483))

table 7 : explain SELECT c FROM sbtest7 WHERE id BETWEEN 6463444 AND 6464443
	Bitmap Heap Scan on sbtest7  (cost=23.13..4023.83 rows=1043 width=121)
	  Recheck Cond: ((id >= 6463444) AND (id <= 6464443))
	  ->  Bitmap Index Scan on sbtest7_pkey  (cost=0.00..22.86 rows=1043 width=0)
	        Index Cond: ((id >= 6463444) AND (id <= 6464443))

table 8 : explain SELECT c FROM sbtest8 WHERE id BETWEEN 5977183 AND 5978182
	Bitmap Heap Scan on sbtest8  (cost=22.78..3895.89 rows=1009 width=121)
	  Recheck Cond: ((id >= 5977183) AND (id <= 5978182))
	  ->  Bitmap Index Scan on sbtest8_pkey  (cost=0.00..22.52 rows=1009 width=0)
	        Index Cond: ((id >= 5977183) AND (id <= 5978182))

for: simple_ranges
table 1 : explain SELECT c FROM sbtest1 WHERE id BETWEEN 4281650 AND 4282649
	Bitmap Heap Scan on sbtest1  (cost=22.94..3953.25 rows=1025 width=121)
	  Recheck Cond: ((id >= 4281650) AND (id <= 4282649))
	  ->  Bitmap Index Scan on sbtest1_pkey  (cost=0.00..22.68 rows=1025 width=0)
	        Index Cond: ((id >= 4281650) AND (id <= 4282649))

table 2 : explain SELECT c FROM sbtest2 WHERE id BETWEEN 9381332 AND 9382331
	Bitmap Heap Scan on sbtest2  (cost=22.26..3705.76 rows=959 width=121)
	  Recheck Cond: ((id >= 9381332) AND (id <= 9382331))
	  ->  Bitmap Index Scan on sbtest2_pkey  (cost=0.00..22.02 rows=959 width=0)
	        Index Cond: ((id >= 9381332) AND (id <= 9382331))

table 3 : explain SELECT c FROM sbtest3 WHERE id BETWEEN 6471014 AND 6472013
	Bitmap Heap Scan on sbtest3  (cost=22.44..3769.97 rows=976 width=121)
	  Recheck Cond: ((id >= 6471014) AND (id <= 6472013))
	  ->  Bitmap Index Scan on sbtest3_pkey  (cost=0.00..22.19 rows=976 width=0)
	        Index Cond: ((id >= 6471014) AND (id <= 6472013))

table 4 : explain SELECT c FROM sbtest4 WHERE id BETWEEN 5828647 AND 5829646
	Bitmap Heap Scan on sbtest4  (cost=22.58..3823.49 rows=990 width=121)
	  Recheck Cond: ((id >= 5828647) AND (id <= 5829646))
	  ->  Bitmap Index Scan on sbtest4_pkey  (cost=0.00..22.33 rows=990 width=0)
	        Index Cond: ((id >= 5828647) AND (id <= 5829646))

table 5 : explain SELECT c FROM sbtest5 WHERE id BETWEEN 7816663 AND 7817662
	Bitmap Heap Scan on sbtest5  (cost=22.06..3631.30 rows=939 width=121)
	  Recheck Cond: ((id >= 7816663) AND (id <= 7817662))
	  ->  Bitmap Index Scan on sbtest5_pkey  (cost=0.00..21.82 rows=939 width=0)
	        Index Cond: ((id >= 7816663) AND (id <= 7817662))

table 6 : explain SELECT c FROM sbtest6 WHERE id BETWEEN 6774767 AND 6775766
	Bitmap Heap Scan on sbtest6  (cost=27.83..4283.43 rows=1112 width=121)
	  Recheck Cond: ((id >= 6774767) AND (id <= 6775766))
	  ->  Bitmap Index Scan on sbtest6_pkey  (cost=0.00..27.55 rows=1112 width=0)
	        Index Cond: ((id >= 6774767) AND (id <= 6775766))

table 7 : explain SELECT c FROM sbtest7 WHERE id BETWEEN 4092274 AND 4093273
	Bitmap Heap Scan on sbtest7  (cost=22.07..3635.68 rows=940 width=121)
	  Recheck Cond: ((id >= 4092274) AND (id <= 4093273))
	  ->  Bitmap Index Scan on sbtest7_pkey  (cost=0.00..21.83 rows=940 width=0)
	        Index Cond: ((id >= 4092274) AND (id <= 4093273))

table 8 : explain SELECT c FROM sbtest8 WHERE id BETWEEN 1084404 AND 1085403
	Bitmap Heap Scan on sbtest8  (cost=21.97..3597.95 rows=930 width=121)
	  Recheck Cond: ((id >= 1084404) AND (id <= 1085403))
	  ->  Bitmap Index Scan on sbtest8_pkey  (cost=0.00..21.73 rows=930 width=0)
	        Index Cond: ((id >= 1084404) AND (id <= 1085403))

for: order_ranges
table 1 : explain SELECT c FROM sbtest1 WHERE id BETWEEN 715242 AND 716241 ORDER BY c
	Sort  (cost=3878.47..3880.95 rows=992 width=121)
	  Sort Key: c
	  ->  Bitmap Heap Scan on sbtest1  (cost=22.60..3829.10 rows=992 width=121)
	        Recheck Cond: ((id >= 715242) AND (id <= 716241))
	        ->  Bitmap Index Scan on sbtest1_pkey  (cost=0.00..22.36 rows=992 width=0)
	              Index Cond: ((id >= 715242) AND (id <= 716241))

table 2 : explain SELECT c FROM sbtest2 WHERE id BETWEEN 6206147 AND 6207146 ORDER BY c
	Sort  (cost=4123.89..4126.53 rows=1056 width=121)
	  Sort Key: c
	  ->  Bitmap Heap Scan on sbtest2  (cost=23.26..4070.85 rows=1056 width=121)
	        Recheck Cond: ((id >= 6206147) AND (id <= 6207146))
	        ->  Bitmap Index Scan on sbtest2_pkey  (cost=0.00..23.00 rows=1056 width=0)
	              Index Cond: ((id >= 6206147) AND (id <= 6207146))

table 3 : explain SELECT c FROM sbtest3 WHERE id BETWEEN 8393512 AND 8394511 ORDER BY c
	Sort  (cost=4062.98..4065.58 rows=1040 width=121)
	  Sort Key: c
	  ->  Bitmap Heap Scan on sbtest3  (cost=23.09..4010.86 rows=1040 width=121)
	        Recheck Cond: ((id >= 8393512) AND (id <= 8394511))
	        ->  Bitmap Index Scan on sbtest3_pkey  (cost=0.00..22.83 rows=1040 width=0)
	              Index Cond: ((id >= 8393512) AND (id <= 8394511))

table 4 : explain SELECT c FROM sbtest4 WHERE id BETWEEN 605211 AND 606210 ORDER BY c
	Sort  (cost=3888.05..3890.54 rows=994 width=121)
	  Sort Key: c
	  ->  Bitmap Heap Scan on sbtest4  (cost=22.62..3838.56 rows=994 width=121)
	        Recheck Cond: ((id >= 605211) AND (id <= 606210))
	        ->  Bitmap Index Scan on sbtest4_pkey  (cost=0.00..22.37 rows=994 width=0)
	              Index Cond: ((id >= 605211) AND (id <= 606210))

table 5 : explain SELECT c FROM sbtest5 WHERE id BETWEEN 4204314 AND 4205313 ORDER BY c
	Sort  (cost=3972.29..3974.83 rows=1016 width=121)
	  Sort Key: c
	  ->  Bitmap Heap Scan on sbtest5  (cost=22.85..3921.54 rows=1016 width=121)
	        Recheck Cond: ((id >= 4204314) AND (id <= 4205313))
	        ->  Bitmap Index Scan on sbtest5_pkey  (cost=0.00..22.59 rows=1016 width=0)
	              Index Cond: ((id >= 4204314) AND (id <= 4205313))

table 6 : explain SELECT c FROM sbtest6 WHERE id BETWEEN 577307 AND 578306 ORDER BY c
	Sort  (cost=3816.18..3818.62 rows=975 width=121)
	  Sort Key: c
	  ->  Bitmap Heap Scan on sbtest6  (cost=22.43..3767.77 rows=975 width=121)
	        Recheck Cond: ((id >= 577307) AND (id <= 578306))
	        ->  Bitmap Index Scan on sbtest6_pkey  (cost=0.00..22.18 rows=975 width=0)
	              Index Cond: ((id >= 577307) AND (id <= 578306))

table 7 : explain SELECT c FROM sbtest7 WHERE id BETWEEN 993588 AND 994587 ORDER BY c
	Sort  (cost=3482.67..3484.89 rows=888 width=121)
	  Sort Key: c
	  ->  Bitmap Heap Scan on sbtest7  (cost=21.54..3439.18 rows=888 width=121)
	        Recheck Cond: ((id >= 993588) AND (id <= 994587))
	        ->  Bitmap Index Scan on sbtest7_pkey  (cost=0.00..21.32 rows=888 width=0)
	              Index Cond: ((id >= 993588) AND (id <= 994587))

table 8 : explain SELECT c FROM sbtest8 WHERE id BETWEEN 3311051 AND 3312050 ORDER BY c
	Sort  (cost=3678.30..3680.65 rows=939 width=121)
	  Sort Key: c
	  ->  Bitmap Heap Scan on sbtest8  (cost=22.06..3631.94 rows=939 width=121)
	        Recheck Cond: ((id >= 3311051) AND (id <= 3312050))
	        ->  Bitmap Index Scan on sbtest8_pkey  (cost=0.00..21.82 rows=939 width=0)
	              Index Cond: ((id >= 3311051) AND (id <= 3312050))

for: order_ranges
table 1 : explain SELECT c FROM sbtest1 WHERE id BETWEEN 8563700 AND 8564699 ORDER BY c
	Sort  (cost=3985.42..3987.97 rows=1020 width=121)
	  Sort Key: c
	  ->  Bitmap Heap Scan on sbtest1  (cost=22.89..3934.45 rows=1020 width=121)
	        Recheck Cond: ((id >= 8563700) AND (id <= 8564699))
	        ->  Bitmap Index Scan on sbtest1_pkey  (cost=0.00..22.64 rows=1020 width=0)
	              Index Cond: ((id >= 8563700) AND (id <= 8564699))

table 2 : explain SELECT c FROM sbtest2 WHERE id BETWEEN 3751305 AND 3752304 ORDER BY c
	Sort  (cost=3975.01..3977.55 rows=1017 width=121)
	  Sort Key: c
	  ->  Bitmap Heap Scan on sbtest2  (cost=22.86..3924.21 rows=1017 width=121)
	        Recheck Cond: ((id >= 3751305) AND (id <= 3752304))
	        ->  Bitmap Index Scan on sbtest2_pkey  (cost=0.00..22.61 rows=1017 width=0)
	              Index Cond: ((id >= 3751305) AND (id <= 3752304))

table 3 : explain SELECT c FROM sbtest3 WHERE id BETWEEN 6595825 AND 6596824 ORDER BY c
	Sort  (cost=3986.61..3989.16 rows=1020 width=121)
	  Sort Key: c
	  ->  Bitmap Heap Scan on sbtest3  (cost=22.89..3935.64 rows=1020 width=121)
	        Recheck Cond: ((id >= 6595825) AND (id <= 6596824))
	        ->  Bitmap Index Scan on sbtest3_pkey  (cost=0.00..22.64 rows=1020 width=0)
	              Index Cond: ((id >= 6595825) AND (id <= 6596824))

table 4 : explain SELECT c FROM sbtest4 WHERE id BETWEEN 4087703 AND 4088702 ORDER BY c
	Sort  (cost=3914.82..3917.32 rows=1001 width=121)
	  Sort Key: c
	  ->  Bitmap Heap Scan on sbtest4  (cost=22.70..3864.93 rows=1001 width=121)
	        Recheck Cond: ((id >= 4087703) AND (id <= 4088702))
	        ->  Bitmap Index Scan on sbtest4_pkey  (cost=0.00..22.44 rows=1001 width=0)
	              Index Cond: ((id >= 4087703) AND (id <= 4088702))

table 5 : explain SELECT c FROM sbtest5 WHERE id BETWEEN 3147618 AND 3148617 ORDER BY c
	Sort  (cost=3532.00..3534.25 rows=901 width=121)
	  Sort Key: c
	  ->  Bitmap Heap Scan on sbtest5  (cost=21.67..3487.78 rows=901 width=121)
	        Recheck Cond: ((id >= 3147618) AND (id <= 3148617))
	        ->  Bitmap Index Scan on sbtest5_pkey  (cost=0.00..21.44 rows=901 width=0)
	              Index Cond: ((id >= 3147618) AND (id <= 3148617))

table 6 : explain SELECT c FROM sbtest6 WHERE id BETWEEN 2234242 AND 2235241 ORDER BY c
	Sort  (cost=3804.70..3807.13 rows=972 width=121)
	  Sort Key: c
	  ->  Bitmap Heap Scan on sbtest6  (cost=22.40..3756.46 rows=972 width=121)
	        Recheck Cond: ((id >= 2234242) AND (id <= 2235241))
	        ->  Bitmap Index Scan on sbtest6_pkey  (cost=0.00..22.15 rows=972 width=0)
	              Index Cond: ((id >= 2234242) AND (id <= 2235241))

table 7 : explain SELECT c FROM sbtest7 WHERE id BETWEEN 4915752 AND 4916751 ORDER BY c
	Sort  (cost=3651.44..3653.77 rows=932 width=121)
	  Sort Key: c
	  ->  Bitmap Heap Scan on sbtest7  (cost=21.99..3605.47 rows=932 width=121)
	        Recheck Cond: ((id >= 4915752) AND (id <= 4916751))
	        ->  Bitmap Index Scan on sbtest7_pkey  (cost=0.00..21.75 rows=932 width=0)
	              Index Cond: ((id >= 4915752) AND (id <= 4916751))

table 8 : explain SELECT c FROM sbtest8 WHERE id BETWEEN 1740341 AND 1741340 ORDER BY c
	Sort  (cost=3892.70..3895.19 rows=995 width=121)
	  Sort Key: c
	  ->  Bitmap Heap Scan on sbtest8  (cost=22.63..3843.15 rows=995 width=121)
	        Recheck Cond: ((id >= 1740341) AND (id <= 1741340))
	        ->  Bitmap Index Scan on sbtest8_pkey  (cost=0.00..22.39 rows=995 width=0)
	              Index Cond: ((id >= 1740341) AND (id <= 1741340))

for point_selects
table 1 : explain SELECT c FROM sbtest1 WHERE id=2880939
	Index Scan using sbtest1_pkey on sbtest1  (cost=0.43..8.45 rows=1 width=121)
	  Index Cond: (id = 2880939)

table 2 : explain SELECT c FROM sbtest2 WHERE id=7546132
	Index Scan using sbtest2_pkey on sbtest2  (cost=0.43..8.45 rows=1 width=121)
	  Index Cond: (id = 7546132)

table 3 : explain SELECT c FROM sbtest3 WHERE id=3224071
	Index Scan using sbtest3_pkey on sbtest3  (cost=0.43..8.45 rows=1 width=121)
	  Index Cond: (id = 3224071)

table 4 : explain SELECT c FROM sbtest4 WHERE id=4028590
	Index Scan using sbtest4_pkey on sbtest4  (cost=0.43..8.45 rows=1 width=121)
	  Index Cond: (id = 4028590)

table 5 : explain SELECT c FROM sbtest5 WHERE id=96023
	Index Scan using sbtest5_pkey on sbtest5  (cost=0.43..8.45 rows=1 width=121)
	  Index Cond: (id = 96023)

table 6 : explain SELECT c FROM sbtest6 WHERE id=5770747
	Index Scan using sbtest6_pkey on sbtest6  (cost=0.43..8.45 rows=1 width=121)
	  Index Cond: (id = 5770747)

table 7 : explain SELECT c FROM sbtest7 WHERE id=876722
	Index Scan using sbtest7_pkey on sbtest7  (cost=0.43..8.45 rows=1 width=121)
	  Index Cond: (id = 876722)

table 8 : explain SELECT c FROM sbtest8 WHERE id=1149972
	Index Scan using sbtest8_pkey on sbtest8  (cost=0.43..8.45 rows=1 width=121)
	  Index Cond: (id = 1149972)

for point_selects
table 1 : explain SELECT c FROM sbtest1 WHERE id=3134059
	Index Scan using sbtest1_pkey on sbtest1  (cost=0.43..8.45 rows=1 width=121)
	  Index Cond: (id = 3134059)

table 2 : explain SELECT c FROM sbtest2 WHERE id=1848674
	Index Scan using sbtest2_pkey on sbtest2  (cost=0.43..8.45 rows=1 width=121)
	  Index Cond: (id = 1848674)

table 3 : explain SELECT c FROM sbtest3 WHERE id=3320226
	Index Scan using sbtest3_pkey on sbtest3  (cost=0.43..8.45 rows=1 width=121)
	  Index Cond: (id = 3320226)

table 4 : explain SELECT c FROM sbtest4 WHERE id=9640977
	Index Scan using sbtest4_pkey on sbtest4  (cost=0.43..8.45 rows=1 width=121)
	  Index Cond: (id = 9640977)

table 5 : explain SELECT c FROM sbtest5 WHERE id=7286244
	Index Scan using sbtest5_pkey on sbtest5  (cost=0.43..8.45 rows=1 width=121)
	  Index Cond: (id = 7286244)

table 6 : explain SELECT c FROM sbtest6 WHERE id=1326388
	Index Scan using sbtest6_pkey on sbtest6  (cost=0.43..8.45 rows=1 width=121)
	  Index Cond: (id = 1326388)

table 7 : explain SELECT c FROM sbtest7 WHERE id=6589310
	Index Scan using sbtest7_pkey on sbtest7  (cost=0.43..8.45 rows=1 width=121)
	  Index Cond: (id = 6589310)

table 8 : explain SELECT c FROM sbtest8 WHERE id=1560589
	Index Scan using sbtest8_pkey on sbtest8  (cost=0.43..8.45 rows=1 width=121)
	  Index Cond: (id = 1560589)

for point_selects
table 1 : explain SELECT c FROM sbtest1 WHERE id=5132570
	Index Scan using sbtest1_pkey on sbtest1  (cost=0.43..8.45 rows=1 width=121)
	  Index Cond: (id = 5132570)

table 2 : explain SELECT c FROM sbtest2 WHERE id=8722997
	Index Scan using sbtest2_pkey on sbtest2  (cost=0.43..8.45 rows=1 width=121)
	  Index Cond: (id = 8722997)

table 3 : explain SELECT c FROM sbtest3 WHERE id=8037400
	Index Scan using sbtest3_pkey on sbtest3  (cost=0.43..8.45 rows=1 width=121)
	  Index Cond: (id = 8037400)

table 4 : explain SELECT c FROM sbtest4 WHERE id=1682703
	Index Scan using sbtest4_pkey on sbtest4  (cost=0.43..8.45 rows=1 width=121)
	  Index Cond: (id = 1682703)

table 5 : explain SELECT c FROM sbtest5 WHERE id=2144125
	Index Scan using sbtest5_pkey on sbtest5  (cost=0.43..8.45 rows=1 width=121)
	  Index Cond: (id = 2144125)

table 6 : explain SELECT c FROM sbtest6 WHERE id=7980943
	Index Scan using sbtest6_pkey on sbtest6  (cost=0.43..8.45 rows=1 width=121)
	  Index Cond: (id = 7980943)

table 7 : explain SELECT c FROM sbtest7 WHERE id=9392029
	Index Scan using sbtest7_pkey on sbtest7  (cost=0.43..8.45 rows=1 width=121)
	  Index Cond: (id = 9392029)

table 8 : explain SELECT c FROM sbtest8 WHERE id=3995599
	Index Scan using sbtest8_pkey on sbtest8  (cost=0.43..8.45 rows=1 width=121)
	  Index Cond: (id = 3995599)

for: sum_ranges
table 1 : explain SELECT SUM(k) FROM sbtest1 WHERE id BETWEEN 5210336 AND 5211335
	Aggregate  (cost=3571.35..3571.36 rows=1 width=8)
	  ->  Bitmap Heap Scan on sbtest1  (cost=21.90..3569.04 rows=923 width=4)
	        Recheck Cond: ((id >= 5210336) AND (id <= 5211335))
	        ->  Bitmap Index Scan on sbtest1_pkey  (cost=0.00..21.66 rows=923 width=0)
	              Index Cond: ((id >= 5210336) AND (id <= 5211335))

table 2 : explain SELECT SUM(k) FROM sbtest2 WHERE id BETWEEN 2372952 AND 2373951
	Aggregate  (cost=3968.16..3968.17 rows=1 width=8)
	  ->  Bitmap Heap Scan on sbtest2  (cost=22.97..3965.59 rows=1028 width=4)
	        Recheck Cond: ((id >= 2372952) AND (id <= 2373951))
	        ->  Bitmap Index Scan on sbtest2_pkey  (cost=0.00..22.71 rows=1028 width=0)
	              Index Cond: ((id >= 2372952) AND (id <= 2373951))

table 3 : explain SELECT SUM(k) FROM sbtest3 WHERE id BETWEEN 6363719 AND 6364718
	Aggregate  (cost=4077.40..4077.41 rows=1 width=8)
	  ->  Bitmap Heap Scan on sbtest3  (cost=23.27..4074.76 rows=1057 width=4)
	        Recheck Cond: ((id >= 6363719) AND (id <= 6364718))
	        ->  Bitmap Index Scan on sbtest3_pkey  (cost=0.00..23.00 rows=1057 width=0)
	              Index Cond: ((id >= 6363719) AND (id <= 6364718))

table 4 : explain SELECT SUM(k) FROM sbtest4 WHERE id BETWEEN 2254561 AND 2255560
	Aggregate  (cost=3867.43..3867.44 rows=1 width=8)
	  ->  Bitmap Heap Scan on sbtest4  (cost=22.70..3864.93 rows=1001 width=4)
	        Recheck Cond: ((id >= 2254561) AND (id <= 2255560))
	        ->  Bitmap Index Scan on sbtest4_pkey  (cost=0.00..22.44 rows=1001 width=0)
	              Index Cond: ((id >= 2254561) AND (id <= 2255560))

table 5 : explain SELECT SUM(k) FROM sbtest5 WHERE id BETWEEN 7479859 AND 7480858
	Aggregate  (cost=3863.80..3863.81 rows=1 width=8)
	  ->  Bitmap Heap Scan on sbtest5  (cost=22.68..3861.30 rows=1000 width=4)
	        Recheck Cond: ((id >= 7479859) AND (id <= 7480858))
	        ->  Bitmap Index Scan on sbtest5_pkey  (cost=0.00..22.43 rows=1000 width=0)
	              Index Cond: ((id >= 7479859) AND (id <= 7480858))

table 6 : explain SELECT SUM(k) FROM sbtest6 WHERE id BETWEEN 7170730 AND 7171729
	Aggregate  (cost=3890.89..3890.90 rows=1 width=8)
	  ->  Bitmap Heap Scan on sbtest6  (cost=22.76..3888.37 rows=1007 width=4)
	        Recheck Cond: ((id >= 7170730) AND (id <= 7171729))
	        ->  Bitmap Index Scan on sbtest6_pkey  (cost=0.00..22.50 rows=1007 width=0)
	              Index Cond: ((id >= 7170730) AND (id <= 7171729))

table 7 : explain SELECT SUM(k) FROM sbtest7 WHERE id BETWEEN 8559410 AND 8560409
	Aggregate  (cost=3570.00..3570.01 rows=1 width=8)
	  ->  Bitmap Heap Scan on sbtest7  (cost=21.89..3567.70 rows=922 width=4)
	        Recheck Cond: ((id >= 8559410) AND (id <= 8560409))
	        ->  Bitmap Index Scan on sbtest7_pkey  (cost=0.00..21.65 rows=922 width=0)
	              Index Cond: ((id >= 8559410) AND (id <= 8560409))

table 8 : explain SELECT SUM(k) FROM sbtest8 WHERE id BETWEEN 2004701 AND 2005700
	Aggregate  (cost=3607.83..3607.84 rows=1 width=8)
	  ->  Bitmap Heap Scan on sbtest8  (cost=21.99..3605.50 rows=932 width=4)
	        Recheck Cond: ((id >= 2004701) AND (id <= 2005700))
	        ->  Bitmap Index Scan on sbtest8_pkey  (cost=0.00..21.75 rows=932 width=0)
	              Index Cond: ((id >= 2004701) AND (id <= 2005700))

explain: for point_selects :: explain SELECT c FROM sbtest%u WHERE id=%u
for: sum_ranges
table 1 : explain SELECT SUM(k) FROM sbtest1 WHERE id BETWEEN 531026 AND 532025
	Aggregate  (cost=3861.71..3861.72 rows=1 width=8)
	  ->  Bitmap Heap Scan on sbtest1  (cost=22.68..3859.21 rows=1000 width=4)
	        Recheck Cond: ((id >= 531026) AND (id <= 532025))
	        ->  Bitmap Index Scan on sbtest1_pkey  (cost=0.00..22.43 rows=1000 width=0)
	              Index Cond: ((id >= 531026) AND (id <= 532025))

table 2 : explain SELECT SUM(k) FROM sbtest2 WHERE id BETWEEN 5905063 AND 5906062
	Aggregate  (cost=3428.61..3428.62 rows=1 width=8)
	  ->  Bitmap Heap Scan on sbtest2  (cost=21.51..3426.40 rows=885 width=4)
	        Recheck Cond: ((id >= 5905063) AND (id <= 5906062))
	        ->  Bitmap Index Scan on sbtest2_pkey  (cost=0.00..21.29 rows=885 width=0)
	              Index Cond: ((id >= 5905063) AND (id <= 5906062))

table 3 : explain SELECT SUM(k) FROM sbtest3 WHERE id BETWEEN 6882101 AND 6883100
	Aggregate  (cost=3768.64..3768.65 rows=1 width=8)
	  ->  Bitmap Heap Scan on sbtest3  (cost=22.43..3766.20 rows=975 width=4)
	        Recheck Cond: ((id >= 6882101) AND (id <= 6883100))
	        ->  Bitmap Index Scan on sbtest3_pkey  (cost=0.00..22.18 rows=975 width=0)
	              Index Cond: ((id >= 6882101) AND (id <= 6883100))

table 4 : explain SELECT SUM(k) FROM sbtest4 WHERE id BETWEEN 8407224 AND 8408223
	Aggregate  (cost=3769.40..3769.41 rows=1 width=8)
	  ->  Bitmap Heap Scan on sbtest4  (cost=22.43..3766.97 rows=975 width=4)
	        Recheck Cond: ((id >= 8407224) AND (id <= 8408223))
	        ->  Bitmap Index Scan on sbtest4_pkey  (cost=0.00..22.18 rows=975 width=0)
	              Index Cond: ((id >= 8407224) AND (id <= 8408223))

table 5 : explain SELECT SUM(k) FROM sbtest5 WHERE id BETWEEN 9132390 AND 9133389
	Aggregate  (cost=3690.29..3690.30 rows=1 width=8)
	  ->  Bitmap Heap Scan on sbtest5  (cost=22.21..3687.91 rows=954 width=4)
	        Recheck Cond: ((id >= 9132390) AND (id <= 9133389))
	        ->  Bitmap Index Scan on sbtest5_pkey  (cost=0.00..21.97 rows=954 width=0)
	              Index Cond: ((id >= 9132390) AND (id <= 9133389))

table 6 : explain SELECT SUM(k) FROM sbtest6 WHERE id BETWEEN 7238812 AND 7239811
	Aggregate  (cost=3864.50..3864.51 rows=1 width=8)
	  ->  Bitmap Heap Scan on sbtest6  (cost=22.68..3862.00 rows=1000 width=4)
	        Recheck Cond: ((id >= 7238812) AND (id <= 7239811))
	        ->  Bitmap Index Scan on sbtest6_pkey  (cost=0.00..22.43 rows=1000 width=0)
	              Index Cond: ((id >= 7238812) AND (id <= 7239811))

table 7 : explain SELECT SUM(k) FROM sbtest7 WHERE id BETWEEN 7018439 AND 7019438
	Aggregate  (cost=4124.27..4124.28 rows=1 width=8)
	  ->  Bitmap Heap Scan on sbtest7  (cost=23.39..4121.60 rows=1069 width=4)
	        Recheck Cond: ((id >= 7018439) AND (id <= 7019438))
	        ->  Bitmap Index Scan on sbtest7_pkey  (cost=0.00..23.12 rows=1069 width=0)
	              Index Cond: ((id >= 7018439) AND (id <= 7019438))

table 8 : explain SELECT SUM(k) FROM sbtest8 WHERE id BETWEEN 7876832 AND 7877831
	Aggregate  (cost=3804.16..3804.17 rows=1 width=8)
	  ->  Bitmap Heap Scan on sbtest8  (cost=22.52..3801.70 rows=984 width=4)
	        Recheck Cond: ((id >= 7876832) AND (id <= 7877831))
	        ->  Bitmap Index Scan on sbtest8_pkey  (cost=0.00..22.27 rows=984 width=0)
	              Index Cond: ((id >= 7876832) AND (id <= 7877831))

for: sum_ranges
table 1 : explain SELECT SUM(k) FROM sbtest1 WHERE id BETWEEN 2411309 AND 2412308
	Aggregate  (cost=3695.89..3695.90 rows=1 width=8)
	  ->  Bitmap Heap Scan on sbtest1  (cost=22.23..3693.50 rows=956 width=4)
	        Recheck Cond: ((id >= 2411309) AND (id <= 2412308))
	        ->  Bitmap Index Scan on sbtest1_pkey  (cost=0.00..22.00 rows=956 width=0)
	              Index Cond: ((id >= 2411309) AND (id <= 2412308))

table 2 : explain SELECT SUM(k) FROM sbtest2 WHERE id BETWEEN 6334467 AND 6335466
	Aggregate  (cost=3794.89..3794.90 rows=1 width=8)
	  ->  Bitmap Heap Scan on sbtest2  (cost=22.50..3792.44 rows=982 width=4)
	        Recheck Cond: ((id >= 6334467) AND (id <= 6335466))
	        ->  Bitmap Index Scan on sbtest2_pkey  (cost=0.00..22.25 rows=982 width=0)
	              Index Cond: ((id >= 6334467) AND (id <= 6335466))

table 3 : explain SELECT SUM(k) FROM sbtest3 WHERE id BETWEEN 9414592 AND 9415591
	Aggregate  (cost=3753.55..3753.56 rows=1 width=8)
	  ->  Bitmap Heap Scan on sbtest3  (cost=22.39..3751.12 rows=971 width=4)
	        Recheck Cond: ((id >= 9414592) AND (id <= 9415591))
	        ->  Bitmap Index Scan on sbtest3_pkey  (cost=0.00..22.14 rows=971 width=0)
	              Index Cond: ((id >= 9414592) AND (id <= 9415591))

table 4 : explain SELECT SUM(k) FROM sbtest4 WHERE id BETWEEN 7316043 AND 7317042
	Aggregate  (cost=3527.73..3527.74 rows=1 width=8)
	  ->  Bitmap Heap Scan on sbtest4  (cost=21.77..3525.45 rows=911 width=4)
	        Recheck Cond: ((id >= 7316043) AND (id <= 7317042))
	        ->  Bitmap Index Scan on sbtest4_pkey  (cost=0.00..21.54 rows=911 width=0)
	              Index Cond: ((id >= 7316043) AND (id <= 7317042))

table 5 : explain SELECT SUM(k) FROM sbtest5 WHERE id BETWEEN 3933796 AND 3934795
	Aggregate  (cost=4059.61..4059.62 rows=1 width=8)
	  ->  Bitmap Heap Scan on sbtest5  (cost=23.22..4056.98 rows=1052 width=4)
	        Recheck Cond: ((id >= 3933796) AND (id <= 3934795))
	        ->  Bitmap Index Scan on sbtest5_pkey  (cost=0.00..22.95 rows=1052 width=0)
	              Index Cond: ((id >= 3933796) AND (id <= 3934795))

table 6 : explain SELECT SUM(k) FROM sbtest6 WHERE id BETWEEN 2085343 AND 2086342
	Aggregate  (cost=3860.73..3860.74 rows=1 width=8)
	  ->  Bitmap Heap Scan on sbtest6  (cost=22.67..3858.23 rows=999 width=4)
	        Recheck Cond: ((id >= 2085343) AND (id <= 2086342))
	        ->  Bitmap Index Scan on sbtest6_pkey  (cost=0.00..22.43 rows=999 width=0)
	              Index Cond: ((id >= 2085343) AND (id <= 2086342))

table 7 : explain SELECT SUM(k) FROM sbtest7 WHERE id BETWEEN 5715466 AND 5716465
	Aggregate  (cost=3664.47..3664.48 rows=1 width=8)
	  ->  Bitmap Heap Scan on sbtest7  (cost=22.14..3662.10 rows=947 width=4)
	        Recheck Cond: ((id >= 5715466) AND (id <= 5716465))
	        ->  Bitmap Index Scan on sbtest7_pkey  (cost=0.00..21.90 rows=947 width=0)
	              Index Cond: ((id >= 5715466) AND (id <= 5716465))

table 8 : explain SELECT SUM(k) FROM sbtest8 WHERE id BETWEEN 2020594 AND 2021593
	Aggregate  (cost=3607.83..3607.84 rows=1 width=8)
	  ->  Bitmap Heap Scan on sbtest8  (cost=21.99..3605.50 rows=932 width=4)
	        Recheck Cond: ((id >= 2020594) AND (id <= 2021593))
	        ->  Bitmap Index Scan on sbtest8_pkey  (cost=0.00..21.75 rows=932 width=0)
	              Index Cond: ((id >= 2020594) AND (id <= 2021593))

for: distinct_ranges
table 1 : explain SELECT DISTINCT c FROM sbtest1 WHERE id BETWEEN 9919089 AND 9920088 ORDER BY c
	Unique  (cost=4344.04..4349.61 rows=1114 width=121)
	  ->  Sort  (cost=4344.04..4346.83 rows=1114 width=121)
	        Sort Key: c
	        ->  Bitmap Heap Scan on sbtest1  (cost=27.85..4287.66 rows=1114 width=121)
	              Recheck Cond: ((id >= 9919089) AND (id <= 9920088))
	              ->  Bitmap Index Scan on sbtest1_pkey  (cost=0.00..27.57 rows=1114 width=0)
	                    Index Cond: ((id >= 9919089) AND (id <= 9920088))

table 2 : explain SELECT DISTINCT c FROM sbtest2 WHERE id BETWEEN 3361591 AND 3362590 ORDER BY c
	Unique  (cost=4146.78..4152.09 rows=1062 width=121)
	  ->  Sort  (cost=4146.78..4149.43 rows=1062 width=121)
	        Sort Key: c
	        ->  Bitmap Heap Scan on sbtest2  (cost=23.32..4093.40 rows=1062 width=121)
	              Recheck Cond: ((id >= 3361591) AND (id <= 3362590))
	              ->  Bitmap Index Scan on sbtest2_pkey  (cost=0.00..23.05 rows=1062 width=0)
	                    Index Cond: ((id >= 3361591) AND (id <= 3362590))

table 3 : explain SELECT DISTINCT c FROM sbtest3 WHERE id BETWEEN 5666751 AND 5667750 ORDER BY c
	Unique  (cost=3458.32..3462.73 rows=882 width=121)
	  ->  Sort  (cost=3458.32..3460.52 rows=882 width=121)
	        Sort Key: c
	        ->  Bitmap Heap Scan on sbtest3  (cost=21.48..3415.17 rows=882 width=121)
	              Recheck Cond: ((id >= 5666751) AND (id <= 5667750))
	              ->  Bitmap Index Scan on sbtest3_pkey  (cost=0.00..21.25 rows=882 width=0)
	                    Index Cond: ((id >= 5666751) AND (id <= 5667750))

table 4 : explain SELECT DISTINCT c FROM sbtest4 WHERE id BETWEEN 8269725 AND 8270724 ORDER BY c
	Unique  (cost=4128.72..4134.01 rows=1057 width=121)
	  ->  Sort  (cost=4128.72..4131.36 rows=1057 width=121)
	        Sort Key: c
	        ->  Bitmap Heap Scan on sbtest4  (cost=23.27..4075.63 rows=1057 width=121)
	              Recheck Cond: ((id >= 8269725) AND (id <= 8270724))
	              ->  Bitmap Index Scan on sbtest4_pkey  (cost=0.00..23.00 rows=1057 width=0)
	                    Index Cond: ((id >= 8269725) AND (id <= 8270724))

table 5 : explain SELECT DISTINCT c FROM sbtest5 WHERE id BETWEEN 5643295 AND 5644294 ORDER BY c
	Unique  (cost=4060.15..4065.34 rows=1039 width=121)
	  ->  Sort  (cost=4060.15..4062.75 rows=1039 width=121)
	        Sort Key: c
	        ->  Bitmap Heap Scan on sbtest5  (cost=23.08..4008.09 rows=1039 width=121)
	              Recheck Cond: ((id >= 5643295) AND (id <= 5644294))
	              ->  Bitmap Index Scan on sbtest5_pkey  (cost=0.00..22.82 rows=1039 width=0)
	                    Index Cond: ((id >= 5643295) AND (id <= 5644294))

table 6 : explain SELECT DISTINCT c FROM sbtest6 WHERE id BETWEEN 7791549 AND 7792548 ORDER BY c
	Unique  (cost=3701.30..3706.02 rows=945 width=121)
	  ->  Sort  (cost=3701.30..3703.66 rows=945 width=121)
	        Sort Key: c
	        ->  Bitmap Heap Scan on sbtest6  (cost=22.12..3654.59 rows=945 width=121)
	              Recheck Cond: ((id >= 7791549) AND (id <= 7792548))
	              ->  Bitmap Index Scan on sbtest6_pkey  (cost=0.00..21.89 rows=945 width=0)
	                    Index Cond: ((id >= 7791549) AND (id <= 7792548))

table 7 : explain SELECT DISTINCT c FROM sbtest7 WHERE id BETWEEN 9927708 AND 9928707 ORDER BY c
	Unique  (cost=3907.96..3912.95 rows=999 width=121)
	  ->  Sort  (cost=3907.96..3910.46 rows=999 width=121)
	        Sort Key: c
	        ->  Bitmap Heap Scan on sbtest7  (cost=22.67..3858.19 rows=999 width=121)
	              Recheck Cond: ((id >= 9927708) AND (id <= 9928707))
	              ->  Bitmap Index Scan on sbtest7_pkey  (cost=0.00..22.43 rows=999 width=0)
	                    Index Cond: ((id >= 9927708) AND (id <= 9928707))

table 8 : explain SELECT DISTINCT c FROM sbtest8 WHERE id BETWEEN 4077379 AND 4078378 ORDER BY c
	Unique  (cost=4060.89..4066.08 rows=1039 width=121)
	  ->  Sort  (cost=4060.89..4063.48 rows=1039 width=121)
	        Sort Key: c
	        ->  Bitmap Heap Scan on sbtest8  (cost=23.08..4008.83 rows=1039 width=121)
	              Recheck Cond: ((id >= 4077379) AND (id <= 4078378))
	              ->  Bitmap Index Scan on sbtest8_pkey  (cost=0.00..22.82 rows=1039 width=0)
	                    Index Cond: ((id >= 4077379) AND (id <= 4078378))

for: distinct_ranges
table 1 : explain SELECT DISTINCT c FROM sbtest1 WHERE id BETWEEN 5735562 AND 5736561 ORDER BY c
	Unique  (cost=3759.95..3764.76 rows=961 width=121)
	  ->  Sort  (cost=3759.95..3762.35 rows=961 width=121)
	        Sort Key: c
	        ->  Bitmap Heap Scan on sbtest1  (cost=22.29..3712.34 rows=961 width=121)
	              Recheck Cond: ((id >= 5735562) AND (id <= 5736561))
	              ->  Bitmap Index Scan on sbtest1_pkey  (cost=0.00..22.04 rows=961 width=0)
	                    Index Cond: ((id >= 5735562) AND (id <= 5736561))

table 2 : explain SELECT DISTINCT c FROM sbtest2 WHERE id BETWEEN 8847480 AND 8848479 ORDER BY c
	Unique  (cost=3822.12..3827.01 rows=977 width=121)
	  ->  Sort  (cost=3822.12..3824.56 rows=977 width=121)
	        Sort Key: c
	        ->  Bitmap Heap Scan on sbtest2  (cost=22.45..3773.60 rows=977 width=121)
	              Recheck Cond: ((id >= 8847480) AND (id <= 8848479))
	              ->  Bitmap Index Scan on sbtest2_pkey  (cost=0.00..22.20 rows=977 width=0)
	                    Index Cond: ((id >= 8847480) AND (id <= 8848479))

table 3 : explain SELECT DISTINCT c FROM sbtest3 WHERE id BETWEEN 1695423 AND 1696422 ORDER BY c
	Unique  (cost=3619.36..3623.98 rows=924 width=121)
	  ->  Sort  (cost=3619.36..3621.67 rows=924 width=121)
	        Sort Key: c
	        ->  Bitmap Heap Scan on sbtest3  (cost=21.91..3573.84 rows=924 width=121)
	              Recheck Cond: ((id >= 1695423) AND (id <= 1696422))
	              ->  Bitmap Index Scan on sbtest3_pkey  (cost=0.00..21.68 rows=924 width=0)
	                    Index Cond: ((id >= 1695423) AND (id <= 1696422))

table 4 : explain SELECT DISTINCT c FROM sbtest4 WHERE id BETWEEN 4632231 AND 4633230 ORDER BY c
	Unique  (cost=4105.82..4111.07 rows=1051 width=121)
	  ->  Sort  (cost=4105.82..4108.45 rows=1051 width=121)
	        Sort Key: c
	        ->  Bitmap Heap Scan on sbtest4  (cost=23.21..4053.07 rows=1051 width=121)
	              Recheck Cond: ((id >= 4632231) AND (id <= 4633230))
	              ->  Bitmap Index Scan on sbtest4_pkey  (cost=0.00..22.94 rows=1051 width=0)
	                    Index Cond: ((id >= 4632231) AND (id <= 4633230))

table 5 : explain SELECT DISTINCT c FROM sbtest5 WHERE id BETWEEN 5710807 AND 5711806 ORDER BY c
	Unique  (cost=3539.67..3544.18 rows=903 width=121)
	  ->  Sort  (cost=3539.67..3541.93 rows=903 width=121)
	        Sort Key: c
	        ->  Bitmap Heap Scan on sbtest5  (cost=21.69..3495.34 rows=903 width=121)
	              Recheck Cond: ((id >= 5710807) AND (id <= 5711806))
	              ->  Bitmap Index Scan on sbtest5_pkey  (cost=0.00..21.46 rows=903 width=0)
	                    Index Cond: ((id >= 5710807) AND (id <= 5711806))

table 6 : explain SELECT DISTINCT c FROM sbtest6 WHERE id BETWEEN 5537938 AND 5538937 ORDER BY c
	Unique  (cost=3869.75..3874.70 rows=989 width=121)
	  ->  Sort  (cost=3869.75..3872.23 rows=989 width=121)
	        Sort Key: c
	        ->  Bitmap Heap Scan on sbtest6  (cost=22.57..3820.55 rows=989 width=121)
	              Recheck Cond: ((id >= 5537938) AND (id <= 5538937))
	              ->  Bitmap Index Scan on sbtest6_pkey  (cost=0.00..22.32 rows=989 width=0)
	                    Index Cond: ((id >= 5537938) AND (id <= 5538937))

table 7 : explain SELECT DISTINCT c FROM sbtest7 WHERE id BETWEEN 1337746 AND 1338745 ORDER BY c
	Unique  (cost=3777.85..3782.68 rows=965 width=121)
	  ->  Sort  (cost=3777.85..3780.27 rows=965 width=121)
	        Sort Key: c
	        ->  Bitmap Heap Scan on sbtest7  (cost=22.33..3730.02 rows=965 width=121)
	              Recheck Cond: ((id >= 1337746) AND (id <= 1338745))
	              ->  Bitmap Index Scan on sbtest7_pkey  (cost=0.00..22.08 rows=965 width=0)
	                    Index Cond: ((id >= 1337746) AND (id <= 1338745))

table 8 : explain SELECT DISTINCT c FROM sbtest8 WHERE id BETWEEN 8998737 AND 8999736 ORDER BY c
	Unique  (cost=3950.06..3955.11 rows=1010 width=121)
	  ->  Sort  (cost=3950.06..3952.59 rows=1010 width=121)
	        Sort Key: c
	        ->  Bitmap Heap Scan on sbtest8  (cost=22.79..3899.66 rows=1010 width=121)
	              Recheck Cond: ((id >= 8998737) AND (id <= 8999736))
	              ->  Bitmap Index Scan on sbtest8_pkey  (cost=0.00..22.54 rows=1010 width=0)
	                    Index Cond: ((id >= 8998737) AND (id <= 8999736))

for: simple_ranges
table 1 : explain SELECT c FROM sbtest1 WHERE id BETWEEN 4237487 AND 4238486
	Bitmap Heap Scan on sbtest1  (cost=22.94..3953.25 rows=1025 width=121)
	  Recheck Cond: ((id >= 4237487) AND (id <= 4238486))
	  ->  Bitmap Index Scan on sbtest1_pkey  (cost=0.00..22.68 rows=1025 width=0)
	        Index Cond: ((id >= 4237487) AND (id <= 4238486))

table 2 : explain SELECT c FROM sbtest2 WHERE id BETWEEN 5077743 AND 5078742
	Bitmap Heap Scan on sbtest2  (cost=22.16..3668.05 rows=949 width=121)
	  Recheck Cond: ((id >= 5077743) AND (id <= 5078742))
	  ->  Bitmap Index Scan on sbtest2_pkey  (cost=0.00..21.93 rows=949 width=0)
	        Index Cond: ((id >= 5077743) AND (id <= 5078742))

table 3 : explain SELECT c FROM sbtest3 WHERE id BETWEEN 4466927 AND 4467926
	Bitmap Heap Scan on sbtest3  (cost=22.81..3905.54 rows=1012 width=121)
	  Recheck Cond: ((id >= 4466927) AND (id <= 4467926))
	  ->  Bitmap Index Scan on sbtest3_pkey  (cost=0.00..22.55 rows=1012 width=0)
	        Index Cond: ((id >= 4466927) AND (id <= 4467926))

table 4 : explain SELECT c FROM sbtest4 WHERE id BETWEEN 9314534 AND 9315533
	Bitmap Heap Scan on sbtest4  (cost=28.18..4409.96 rows=1146 width=121)
	  Recheck Cond: ((id >= 9314534) AND (id <= 9315533))
	  ->  Bitmap Index Scan on sbtest4_pkey  (cost=0.00..27.89 rows=1146 width=0)
	        Index Cond: ((id >= 9314534) AND (id <= 9315533))

table 5 : explain SELECT c FROM sbtest5 WHERE id BETWEEN 944592 AND 945591
	Bitmap Heap Scan on sbtest5  (cost=22.86..3925.31 rows=1017 width=121)
	  Recheck Cond: ((id >= 944592) AND (id <= 945591))
	  ->  Bitmap Index Scan on sbtest5_pkey  (cost=0.00..22.61 rows=1017 width=0)
	        Index Cond: ((id >= 944592) AND (id <= 945591))

table 6 : explain SELECT c FROM sbtest6 WHERE id BETWEEN 964671 AND 965670
	Bitmap Heap Scan on sbtest6  (cost=23.02..3986.26 rows=1033 width=121)
	  Recheck Cond: ((id >= 964671) AND (id <= 965670))
	  ->  Bitmap Index Scan on sbtest6_pkey  (cost=0.00..22.76 rows=1033 width=0)
	        Index Cond: ((id >= 964671) AND (id <= 965670))

table 7 : explain SELECT c FROM sbtest7 WHERE id BETWEEN 8193966 AND 8194965
	Bitmap Heap Scan on sbtest7  (cost=22.80..3903.39 rows=1011 width=121)
	  Recheck Cond: ((id >= 8193966) AND (id <= 8194965))
	  ->  Bitmap Index Scan on sbtest7_pkey  (cost=0.00..22.54 rows=1011 width=0)
	        Index Cond: ((id >= 8193966) AND (id <= 8194965))

table 8 : explain SELECT c FROM sbtest8 WHERE id BETWEEN 5082027 AND 5083026
	Bitmap Heap Scan on sbtest8  (cost=22.70..3865.76 rows=1001 width=121)
	  Recheck Cond: ((id >= 5082027) AND (id <= 5083026))
	  ->  Bitmap Index Scan on sbtest8_pkey  (cost=0.00..22.44 rows=1001 width=0)
	        Index Cond: ((id >= 5082027) AND (id <= 5083026))

for: simple_ranges
table 1 : explain SELECT c FROM sbtest1 WHERE id BETWEEN 6697269 AND 6698268
	Bitmap Heap Scan on sbtest1  (cost=23.37..4111.06 rows=1067 width=121)
	  Recheck Cond: ((id >= 6697269) AND (id <= 6698268))
	  ->  Bitmap Index Scan on sbtest1_pkey  (cost=0.00..23.11 rows=1067 width=0)
	        Index Cond: ((id >= 6697269) AND (id <= 6698268))

table 2 : explain SELECT c FROM sbtest2 WHERE id BETWEEN 6070613 AND 6071612
	Bitmap Heap Scan on sbtest2  (cost=22.73..3875.29 rows=1004 width=121)
	  Recheck Cond: ((id >= 6070613) AND (id <= 6071612))
	  ->  Bitmap Index Scan on sbtest2_pkey  (cost=0.00..22.47 rows=1004 width=0)
	        Index Cond: ((id >= 6070613) AND (id <= 6071612))

table 3 : explain SELECT c FROM sbtest3 WHERE id BETWEEN 2258367 AND 2259366
	Bitmap Heap Scan on sbtest3  (cost=23.26..4071.00 rows=1056 width=121)
	  Recheck Cond: ((id >= 2258367) AND (id <= 2259366))
	  ->  Bitmap Index Scan on sbtest3_pkey  (cost=0.00..23.00 rows=1056 width=0)
	        Index Cond: ((id >= 2258367) AND (id <= 2259366))

table 4 : explain SELECT c FROM sbtest4 WHERE id BETWEEN 5937966 AND 5938965
	Bitmap Heap Scan on sbtest4  (cost=23.05..3996.66 rows=1036 width=121)
	  Recheck Cond: ((id >= 5937966) AND (id <= 5938965))
	  ->  Bitmap Index Scan on sbtest4_pkey  (cost=0.00..22.79 rows=1036 width=0)
	        Index Cond: ((id >= 5937966) AND (id <= 5938965))

table 5 : explain SELECT c FROM sbtest5 WHERE id BETWEEN 8351408 AND 8352407
	Bitmap Heap Scan on sbtest5  (cost=23.15..4030.66 rows=1045 width=121)
	  Recheck Cond: ((id >= 8351408) AND (id <= 8352407))
	  ->  Bitmap Index Scan on sbtest5_pkey  (cost=0.00..22.89 rows=1045 width=0)
	        Index Cond: ((id >= 8351408) AND (id <= 8352407))

table 6 : explain SELECT c FROM sbtest6 WHERE id BETWEEN 3670600 AND 3671599
	Bitmap Heap Scan on sbtest6  (cost=22.57..3820.55 rows=989 width=121)
	  Recheck Cond: ((id >= 3670600) AND (id <= 3671599))
	  ->  Bitmap Index Scan on sbtest6_pkey  (cost=0.00..22.32 rows=989 width=0)
	        Index Cond: ((id >= 3670600) AND (id <= 3671599))

table 7 : explain SELECT c FROM sbtest7 WHERE id BETWEEN 4384388 AND 4385387
	Bitmap Heap Scan on sbtest7  (cost=22.93..3952.34 rows=1024 width=121)
	  Recheck Cond: ((id >= 4384388) AND (id <= 4385387))
	  ->  Bitmap Index Scan on sbtest7_pkey  (cost=0.00..22.68 rows=1024 width=0)
	        Index Cond: ((id >= 4384388) AND (id <= 4385387))

table 8 : explain SELECT c FROM sbtest8 WHERE id BETWEEN 6824477 AND 6825476
	Bitmap Heap Scan on sbtest8  (cost=27.48..4159.47 rows=1078 width=121)
	  Recheck Cond: ((id >= 6824477) AND (id <= 6825476))
	  ->  Bitmap Index Scan on sbtest8_pkey  (cost=0.00..27.21 rows=1078 width=0)
	        Index Cond: ((id >= 6824477) AND (id <= 6825476))

for: simple_ranges
table 1 : explain SELECT c FROM sbtest1 WHERE id BETWEEN 2871885 AND 2872884
	Bitmap Heap Scan on sbtest1  (cost=22.75..3881.79 rows=1006 width=121)
	  Recheck Cond: ((id >= 2871885) AND (id <= 2872884))
	  ->  Bitmap Index Scan on sbtest1_pkey  (cost=0.00..22.50 rows=1006 width=0)
	        Index Cond: ((id >= 2871885) AND (id <= 2872884))

table 2 : explain SELECT c FROM sbtest2 WHERE id BETWEEN 7242091 AND 7243090
	Bitmap Heap Scan on sbtest2  (cost=22.04..3622.78 rows=937 width=121)
	  Recheck Cond: ((id >= 7242091) AND (id <= 7243090))
	  ->  Bitmap Index Scan on sbtest2_pkey  (cost=0.00..21.80 rows=937 width=0)
	        Index Cond: ((id >= 7242091) AND (id <= 7243090))

table 3 : explain SELECT c FROM sbtest3 WHERE id BETWEEN 429639 AND 430638
	Bitmap Heap Scan on sbtest3  (cost=22.34..3732.28 rows=966 width=121)
	  Recheck Cond: ((id >= 429639) AND (id <= 430638))
	  ->  Bitmap Index Scan on sbtest3_pkey  (cost=0.00..22.09 rows=966 width=0)
	        Index Cond: ((id >= 429639) AND (id <= 430638))

table 4 : explain SELECT c FROM sbtest4 WHERE id BETWEEN 5965796 AND 5966795
	Bitmap Heap Scan on sbtest4  (cost=23.05..3996.66 rows=1036 width=121)
	  Recheck Cond: ((id >= 5965796) AND (id <= 5966795))
	  ->  Bitmap Index Scan on sbtest4_pkey  (cost=0.00..22.79 rows=1036 width=0)
	        Index Cond: ((id >= 5965796) AND (id <= 5966795))

table 5 : explain SELECT c FROM sbtest5 WHERE id BETWEEN 2312197 AND 2313196
	Bitmap Heap Scan on sbtest5  (cost=22.68..3861.30 rows=1000 width=121)
	  Recheck Cond: ((id >= 2312197) AND (id <= 2313196))
	  ->  Bitmap Index Scan on sbtest5_pkey  (cost=0.00..22.43 rows=1000 width=0)
	        Index Cond: ((id >= 2312197) AND (id <= 2313196))

table 6 : explain SELECT c FROM sbtest6 WHERE id BETWEEN 7691500 AND 7692499
	Bitmap Heap Scan on sbtest6  (cost=28.31..4459.72 rows=1159 width=121)
	  Recheck Cond: ((id >= 7691500) AND (id <= 7692499))
	  ->  Bitmap Index Scan on sbtest6_pkey  (cost=0.00..28.02 rows=1159 width=0)
	        Index Cond: ((id >= 7691500) AND (id <= 7692499))

table 7 : explain SELECT c FROM sbtest7 WHERE id BETWEEN 5531943 AND 5532942
	Bitmap Heap Scan on sbtest7  (cost=22.15..3665.87 rows=948 width=121)
	  Recheck Cond: ((id >= 5531943) AND (id <= 5532942))
	  ->  Bitmap Index Scan on sbtest7_pkey  (cost=0.00..21.91 rows=948 width=0)
	        Index Cond: ((id >= 5531943) AND (id <= 5532942))

table 8 : explain SELECT c FROM sbtest8 WHERE id BETWEEN 784148 AND 785147
	Bitmap Heap Scan on sbtest8  (cost=22.46..3779.08 rows=978 width=121)
	  Recheck Cond: ((id >= 784148) AND (id <= 785147))
	  ->  Bitmap Index Scan on sbtest8_pkey  (cost=0.00..22.21 rows=978 width=0)
	        Index Cond: ((id >= 784148) AND (id <= 785147))

explain: for point_selects :: explain SELECT c FROM sbtest%u WHERE id=%u
for: order_ranges
table 1 : explain SELECT c FROM sbtest1 WHERE id BETWEEN 2898918 AND 2899917 ORDER BY c
	Sort  (cost=3840.25..3842.71 rows=982 width=121)
	  Sort Key: c
	  ->  Bitmap Heap Scan on sbtest1  (cost=22.50..3791.45 rows=982 width=121)
	        Recheck Cond: ((id >= 2898918) AND (id <= 2899917))
	        ->  Bitmap Index Scan on sbtest1_pkey  (cost=0.00..22.25 rows=982 width=0)
	              Index Cond: ((id >= 2898918) AND (id <= 2899917))

table 2 : explain SELECT c FROM sbtest2 WHERE id BETWEEN 6176031 AND 6177030 ORDER BY c
	Sort  (cost=4123.89..4126.53 rows=1056 width=121)
	  Sort Key: c
	  ->  Bitmap Heap Scan on sbtest2  (cost=23.26..4070.85 rows=1056 width=121)
	        Recheck Cond: ((id >= 6176031) AND (id <= 6177030))
	        ->  Bitmap Index Scan on sbtest2_pkey  (cost=0.00..23.00 rows=1056 width=0)
	              Index Cond: ((id >= 6176031) AND (id <= 6177030))

table 3 : explain SELECT c FROM sbtest3 WHERE id BETWEEN 2289391 AND 2290390 ORDER BY c
	Sort  (cost=4124.04..4126.68 rows=1056 width=121)
	  Sort Key: c
	  ->  Bitmap Heap Scan on sbtest3  (cost=23.26..4071.00 rows=1056 width=121)
	        Recheck Cond: ((id >= 2289391) AND (id <= 2290390))
	        ->  Bitmap Index Scan on sbtest3_pkey  (cost=0.00..23.00 rows=1056 width=0)
	              Index Cond: ((id >= 2289391) AND (id <= 2290390))

table 4 : explain SELECT c FROM sbtest4 WHERE id BETWEEN 5914212 AND 5915211 ORDER BY c
	Sort  (cost=4048.55..4051.14 rows=1036 width=121)
	  Sort Key: c
	  ->  Bitmap Heap Scan on sbtest4  (cost=23.05..3996.66 rows=1036 width=121)
	        Recheck Cond: ((id >= 5914212) AND (id <= 5915211))
	        ->  Bitmap Index Scan on sbtest4_pkey  (cost=0.00..22.79 rows=1036 width=0)
	              Index Cond: ((id >= 5914212) AND (id <= 5915211))

table 5 : explain SELECT c FROM sbtest5 WHERE id BETWEEN 5177823 AND 5178822 ORDER BY c
	Sort  (cost=4151.76..4154.42 rows=1063 width=121)
	  Sort Key: c
	  ->  Bitmap Heap Scan on sbtest5  (cost=23.33..4098.33 rows=1063 width=121)
	        Recheck Cond: ((id >= 5177823) AND (id <= 5178822))
	        ->  Bitmap Index Scan on sbtest5_pkey  (cost=0.00..23.07 rows=1063 width=0)
	              Index Cond: ((id >= 5177823) AND (id <= 5178822))

table 6 : explain SELECT c FROM sbtest6 WHERE id BETWEEN 1711783 AND 1712782 ORDER BY c
	Sort  (cost=4305.31..4308.06 rows=1102 width=121)
	  Sort Key: c
	  ->  Bitmap Heap Scan on sbtest6  (cost=27.73..4249.62 rows=1102 width=121)
	        Recheck Cond: ((id >= 1711783) AND (id <= 1712782))
	        ->  Bitmap Index Scan on sbtest6_pkey  (cost=0.00..27.45 rows=1102 width=0)
	              Index Cond: ((id >= 1711783) AND (id <= 1712782))

table 7 : explain SELECT c FROM sbtest7 WHERE id BETWEEN 2006941 AND 2007940 ORDER BY c
	Sort  (cost=3930.90..3933.42 rows=1005 width=121)
	  Sort Key: c
	  ->  Bitmap Heap Scan on sbtest7  (cost=22.74..3880.79 rows=1005 width=121)
	        Recheck Cond: ((id >= 2006941) AND (id <= 2007940))
	        ->  Bitmap Index Scan on sbtest7_pkey  (cost=0.00..22.48 rows=1005 width=0)
	              Index Cond: ((id >= 2006941) AND (id <= 2007940))

table 8 : explain SELECT c FROM sbtest8 WHERE id BETWEEN 2454484 AND 2455483 ORDER BY c
	Sort  (cost=3716.61..3718.99 rows=949 width=121)
	  Sort Key: c
	  ->  Bitmap Heap Scan on sbtest8  (cost=22.16..3669.68 rows=949 width=121)
	        Recheck Cond: ((id >= 2454484) AND (id <= 2455483))
	        ->  Bitmap Index Scan on sbtest8_pkey  (cost=0.00..21.93 rows=949 width=0)
	              Index Cond: ((id >= 2454484) AND (id <= 2455483))

for: order_ranges
table 1 : explain SELECT c FROM sbtest1 WHERE id BETWEEN 8347245 AND 8348244 ORDER BY c
	Sort  (cost=4172.35..4175.02 rows=1069 width=121)
	  Sort Key: c
	  ->  Bitmap Heap Scan on sbtest1  (cost=23.39..4118.57 rows=1069 width=121)
	        Recheck Cond: ((id >= 8347245) AND (id <= 8348244))
	        ->  Bitmap Index Scan on sbtest1_pkey  (cost=0.00..23.12 rows=1069 width=0)
	              Index Cond: ((id >= 8347245) AND (id <= 8348244))

table 2 : explain SELECT c FROM sbtest2 WHERE id BETWEEN 2475434 AND 2476433 ORDER BY c
	Sort  (cost=3699.67..3702.03 rows=945 width=121)
	  Sort Key: c
	  ->  Bitmap Heap Scan on sbtest2  (cost=22.12..3652.96 rows=945 width=121)
	        Recheck Cond: ((id >= 2475434) AND (id <= 2476433))
	        ->  Bitmap Index Scan on sbtest2_pkey  (cost=0.00..21.89 rows=945 width=0)
	              Index Cond: ((id >= 2475434) AND (id <= 2476433))

table 3 : explain SELECT c FROM sbtest3 WHERE id BETWEEN 4022754 AND 4023753 ORDER BY c
	Sort  (cost=4104.96..4107.59 rows=1051 width=121)
	  Sort Key: c
	  ->  Bitmap Heap Scan on sbtest3  (cost=23.21..4052.21 rows=1051 width=121)
	        Recheck Cond: ((id >= 4022754) AND (id <= 4023753))
	        ->  Bitmap Index Scan on sbtest3_pkey  (cost=0.00..22.94 rows=1051 width=0)
	              Index Cond: ((id >= 4022754) AND (id <= 4023753))

table 4 : explain SELECT c FROM sbtest4 WHERE id BETWEEN 566407 AND 567406 ORDER BY c
	Sort  (cost=3888.05..3890.54 rows=994 width=121)
	  Sort Key: c
	  ->  Bitmap Heap Scan on sbtest4  (cost=22.62..3838.56 rows=994 width=121)
	        Recheck Cond: ((id >= 566407) AND (id <= 567406))
	        ->  Bitmap Index Scan on sbtest4_pkey  (cost=0.00..22.37 rows=994 width=0)
	              Index Cond: ((id >= 566407) AND (id <= 567406))

table 5 : explain SELECT c FROM sbtest5 WHERE id BETWEEN 4178245 AND 4179244 ORDER BY c
	Sort  (cost=3972.29..3974.83 rows=1016 width=121)
	  Sort Key: c
	  ->  Bitmap Heap Scan on sbtest5  (cost=22.85..3921.54 rows=1016 width=121)
	        Recheck Cond: ((id >= 4178245) AND (id <= 4179244))
	        ->  Bitmap Index Scan on sbtest5_pkey  (cost=0.00..22.59 rows=1016 width=0)
	              Index Cond: ((id >= 4178245) AND (id <= 4179244))

table 6 : explain SELECT c FROM sbtest6 WHERE id BETWEEN 2678982 AND 2679981 ORDER BY c
	Sort  (cost=3950.07..3952.59 rows=1010 width=121)
	  Sort Key: c
	  ->  Bitmap Heap Scan on sbtest6  (cost=22.79..3899.67 rows=1010 width=121)
	        Recheck Cond: ((id >= 2678982) AND (id <= 2679981))
	        ->  Bitmap Index Scan on sbtest6_pkey  (cost=0.00..22.54 rows=1010 width=0)
	              Index Cond: ((id >= 2678982) AND (id <= 2679981))

table 7 : explain SELECT c FROM sbtest7 WHERE id BETWEEN 7558017 AND 7559016 ORDER BY c
	Sort  (cost=3992.07..3994.62 rows=1021 width=121)
	  Sort Key: c
	  ->  Bitmap Heap Scan on sbtest7  (cost=22.90..3941.04 rows=1021 width=121)
	        Recheck Cond: ((id >= 7558017) AND (id <= 7559016))
	        ->  Bitmap Index Scan on sbtest7_pkey  (cost=0.00..22.64 rows=1021 width=0)
	              Index Cond: ((id >= 7558017) AND (id <= 7559016))

table 8 : explain SELECT c FROM sbtest8 WHERE id BETWEEN 2887440 AND 2888439 ORDER BY c
	Sort  (cost=3950.06..3952.59 rows=1010 width=121)
	  Sort Key: c
	  ->  Bitmap Heap Scan on sbtest8  (cost=22.79..3899.66 rows=1010 width=121)
	        Recheck Cond: ((id >= 2887440) AND (id <= 2888439))
	        ->  Bitmap Index Scan on sbtest8_pkey  (cost=0.00..22.54 rows=1010 width=0)
	              Index Cond: ((id >= 2887440) AND (id <= 2888439))

for: order_ranges
table 1 : explain SELECT c FROM sbtest1 WHERE id BETWEEN 7983443 AND 7984442 ORDER BY c
	Sort  (cost=4073.20..4075.81 rows=1043 width=121)
	  Sort Key: c
	  ->  Bitmap Heap Scan on sbtest1  (cost=23.13..4020.91 rows=1043 width=121)
	        Recheck Cond: ((id >= 7983443) AND (id <= 7984442))
	        ->  Bitmap Index Scan on sbtest1_pkey  (cost=0.00..22.86 rows=1043 width=0)
	              Index Cond: ((id >= 7983443) AND (id <= 7984442))

table 2 : explain SELECT c FROM sbtest2 WHERE id BETWEEN 2668856 AND 2669855 ORDER BY c
	Sort  (cost=3707.32..3709.69 rows=947 width=121)
	  Sort Key: c
	  ->  Bitmap Heap Scan on sbtest2  (cost=22.14..3660.51 rows=947 width=121)
	        Recheck Cond: ((id >= 2668856) AND (id <= 2669855))
	        ->  Bitmap Index Scan on sbtest2_pkey  (cost=0.00..21.90 rows=947 width=0)
	              Index Cond: ((id >= 2668856) AND (id <= 2669855))

table 3 : explain SELECT c FROM sbtest3 WHERE id BETWEEN 968144 AND 969143 ORDER BY c
	Sort  (cost=3531.20..3533.45 rows=901 width=121)
	  Sort Key: c
	  ->  Bitmap Heap Scan on sbtest3  (cost=21.67..3486.98 rows=901 width=121)
	        Recheck Cond: ((id >= 968144) AND (id <= 969143))
	        ->  Bitmap Index Scan on sbtest3_pkey  (cost=0.00..21.44 rows=901 width=0)
	              Index Cond: ((id >= 968144) AND (id <= 969143))

table 4 : explain SELECT c FROM sbtest4 WHERE id BETWEEN 2341579 AND 2342578 ORDER BY c
	Sort  (cost=3907.17..3909.67 rows=999 width=121)
	  Sort Key: c
	  ->  Bitmap Heap Scan on sbtest4  (cost=22.67..3857.40 rows=999 width=121)
	        Recheck Cond: ((id >= 2341579) AND (id <= 2342578))
	        ->  Bitmap Index Scan on sbtest4_pkey  (cost=0.00..22.43 rows=999 width=0)
	              Index Cond: ((id >= 2341579) AND (id <= 2342578))

table 5 : explain SELECT c FROM sbtest5 WHERE id BETWEEN 5726413 AND 5727412 ORDER BY c
	Sort  (cost=3539.67..3541.93 rows=903 width=121)
	  Sort Key: c
	  ->  Bitmap Heap Scan on sbtest5  (cost=21.69..3495.34 rows=903 width=121)
	        Recheck Cond: ((id >= 5726413) AND (id <= 5727412))
	        ->  Bitmap Index Scan on sbtest5_pkey  (cost=0.00..21.46 rows=903 width=0)
	              Index Cond: ((id >= 5726413) AND (id <= 5727412))

table 6 : explain SELECT c FROM sbtest6 WHERE id BETWEEN 6096081 AND 6097080 ORDER BY c
	Sort  (cost=3781.73..3784.14 rows=966 width=121)
	  Sort Key: c
	  ->  Bitmap Heap Scan on sbtest6  (cost=22.34..3733.83 rows=966 width=121)
	        Recheck Cond: ((id >= 6096081) AND (id <= 6097080))
	        ->  Bitmap Index Scan on sbtest6_pkey  (cost=0.00..22.09 rows=966 width=0)
	              Index Cond: ((id >= 6096081) AND (id <= 6097080))

table 7 : explain SELECT c FROM sbtest7 WHERE id BETWEEN 906509 AND 907508 ORDER BY c
	Sort  (cost=3942.38..3944.90 rows=1008 width=121)
	  Sort Key: c
	  ->  Bitmap Heap Scan on sbtest7  (cost=22.77..3892.09 rows=1008 width=121)
	        Recheck Cond: ((id >= 906509) AND (id <= 907508))
	        ->  Bitmap Index Scan on sbtest7_pkey  (cost=0.00..22.51 rows=1008 width=0)
	              Index Cond: ((id >= 906509) AND (id <= 907508))

table 8 : explain SELECT c FROM sbtest8 WHERE id BETWEEN 2637280 AND 2638279 ORDER BY c
	Sort  (cost=3697.46..3699.82 rows=944 width=121)
	  Sort Key: c
	  ->  Bitmap Heap Scan on sbtest8  (cost=22.11..3650.81 rows=944 width=121)
	        Recheck Cond: ((id >= 2637280) AND (id <= 2638279))
	        ->  Bitmap Index Scan on sbtest8_pkey  (cost=0.00..21.87 rows=944 width=0)
	              Index Cond: ((id >= 2637280) AND (id <= 2638279))

for: order_ranges
table 1 : explain SELECT c FROM sbtest1 WHERE id BETWEEN 5522292 AND 5523291 ORDER BY c
	Sort  (cost=3744.65..3747.04 rows=957 width=121)
	  Sort Key: c
	  ->  Bitmap Heap Scan on sbtest1  (cost=22.24..3697.27 rows=957 width=121)
	        Recheck Cond: ((id >= 5522292) AND (id <= 5523291))
	        ->  Bitmap Index Scan on sbtest1_pkey  (cost=0.00..22.00 rows=957 width=0)
	              Index Cond: ((id >= 5522292) AND (id <= 5523291))

table 2 : explain SELECT c FROM sbtest2 WHERE id BETWEEN 7000622 AND 7001621 ORDER BY c
	Sort  (cost=3791.52..3793.94 rows=969 width=121)
	  Sort Key: c
	  ->  Bitmap Heap Scan on sbtest2  (cost=22.37..3743.46 rows=969 width=121)
	        Recheck Cond: ((id >= 7000622) AND (id <= 7001621))
	        ->  Bitmap Index Scan on sbtest2_pkey  (cost=0.00..22.12 rows=969 width=0)
	              Index Cond: ((id >= 7000622) AND (id <= 7001621))

table 3 : explain SELECT c FROM sbtest3 WHERE id BETWEEN 4039790 AND 4040789 ORDER BY c
	Sort  (cost=4104.96..4107.59 rows=1051 width=121)
	  Sort Key: c
	  ->  Bitmap Heap Scan on sbtest3  (cost=23.21..4052.21 rows=1051 width=121)
	        Recheck Cond: ((id >= 4039790) AND (id <= 4040789))
	        ->  Bitmap Index Scan on sbtest3_pkey  (cost=0.00..22.94 rows=1051 width=0)
	              Index Cond: ((id >= 4039790) AND (id <= 4040789))

table 4 : explain SELECT c FROM sbtest4 WHERE id BETWEEN 8162932 AND 8163931 ORDER BY c
	Sort  (cost=3704.36..3706.72 rows=946 width=121)
	  Sort Key: c
	  ->  Bitmap Heap Scan on sbtest4  (cost=22.13..3657.60 rows=946 width=121)
	        Recheck Cond: ((id >= 8162932) AND (id <= 8163931))
	        ->  Bitmap Index Scan on sbtest4_pkey  (cost=0.00..21.89 rows=946 width=0)
	              Index Cond: ((id >= 8162932) AND (id <= 8163931))

table 5 : explain SELECT c FROM sbtest5 WHERE id BETWEEN 1394810 AND 1395809 ORDER BY c
	Sort  (cost=4151.76..4154.42 rows=1063 width=121)
	  Sort Key: c
	  ->  Bitmap Heap Scan on sbtest5  (cost=23.33..4098.33 rows=1063 width=121)
	        Recheck Cond: ((id >= 1394810) AND (id <= 1395809))
	        ->  Bitmap Index Scan on sbtest5_pkey  (cost=0.00..23.07 rows=1063 width=0)
	              Index Cond: ((id >= 1394810) AND (id <= 1395809))

table 6 : explain SELECT c FROM sbtest6 WHERE id BETWEEN 5797987 AND 5798986 ORDER BY c
	Sort  (cost=4339.70..4342.48 rows=1112 width=121)
	  Sort Key: c
	  ->  Bitmap Heap Scan on sbtest6  (cost=27.83..4283.43 rows=1112 width=121)
	        Recheck Cond: ((id >= 5797987) AND (id <= 5798986))
	        ->  Bitmap Index Scan on sbtest6_pkey  (cost=0.00..27.55 rows=1112 width=0)
	              Index Cond: ((id >= 5797987) AND (id <= 5798986))

table 7 : explain SELECT c FROM sbtest7 WHERE id BETWEEN 1338622 AND 1339621 ORDER BY c
	Sort  (cost=3777.85..3780.27 rows=965 width=121)
	  Sort Key: c
	  ->  Bitmap Heap Scan on sbtest7  (cost=22.33..3730.02 rows=965 width=121)
	        Recheck Cond: ((id >= 1338622) AND (id <= 1339621))
	        ->  Bitmap Index Scan on sbtest7_pkey  (cost=0.00..22.08 rows=965 width=0)
	              Index Cond: ((id >= 1338622) AND (id <= 1339621))

table 8 : explain SELECT c FROM sbtest8 WHERE id BETWEEN 2936964 AND 2937963 ORDER BY c
	Sort  (cost=3774.06..3776.47 rows=964 width=121)
	  Sort Key: c
	  ->  Bitmap Heap Scan on sbtest8  (cost=22.32..3726.28 rows=964 width=121)
	        Recheck Cond: ((id >= 2936964) AND (id <= 2937963))
	        ->  Bitmap Index Scan on sbtest8_pkey  (cost=0.00..22.07 rows=964 width=0)
	              Index Cond: ((id >= 2936964) AND (id <= 2937963))

explain: for point_selects :: explain SELECT c FROM sbtest%u WHERE id=%u
for: order_ranges
table 1 : explain SELECT c FROM sbtest1 WHERE id BETWEEN 2017540 AND 2018539 ORDER BY c
	Sort  (cost=3832.61..3835.06 rows=980 width=121)
	  Sort Key: c
	  ->  Bitmap Heap Scan on sbtest1  (cost=22.48..3783.92 rows=980 width=121)
	        Recheck Cond: ((id >= 2017540) AND (id <= 2018539))
	        ->  Bitmap Index Scan on sbtest1_pkey  (cost=0.00..22.23 rows=980 width=0)
	              Index Cond: ((id >= 2017540) AND (id <= 2018539))

table 2 : explain SELECT c FROM sbtest2 WHERE id BETWEEN 6849528 AND 6850527 ORDER BY c
	Sort  (cost=4032.29..4034.87 rows=1032 width=121)
	  Sort Key: c
	  ->  Bitmap Heap Scan on sbtest2  (cost=23.01..3980.63 rows=1032 width=121)
	        Recheck Cond: ((id >= 6849528) AND (id <= 6850527))
	        ->  Bitmap Index Scan on sbtest2_pkey  (cost=0.00..22.75 rows=1032 width=0)
	              Index Cond: ((id >= 6849528) AND (id <= 6850527))

table 3 : explain SELECT c FROM sbtest3 WHERE id BETWEEN 8441446 AND 8442445 ORDER BY c
	Sort  (cost=4028.62..4031.20 rows=1031 width=121)
	  Sort Key: c
	  ->  Bitmap Heap Scan on sbtest3  (cost=23.00..3977.02 rows=1031 width=121)
	        Recheck Cond: ((id >= 8441446) AND (id <= 8442445))
	        ->  Bitmap Index Scan on sbtest3_pkey  (cost=0.00..22.75 rows=1031 width=0)
	              Index Cond: ((id >= 8441446) AND (id <= 8442445))

table 4 : explain SELECT c FROM sbtest4 WHERE id BETWEEN 3709095 AND 3710094 ORDER BY c
	Sort  (cost=3891.87..3894.36 rows=995 width=121)
	  Sort Key: c
	  ->  Bitmap Heap Scan on sbtest4  (cost=22.63..3842.33 rows=995 width=121)
	        Recheck Cond: ((id >= 3709095) AND (id <= 3710094))
	        ->  Bitmap Index Scan on sbtest4_pkey  (cost=0.00..22.39 rows=995 width=0)
	              Index Cond: ((id >= 3709095) AND (id <= 3710094))

table 5 : explain SELECT c FROM sbtest5 WHERE id BETWEEN 9997815 AND 9998814 ORDER BY c
	Sort  (cost=4075.42..4078.03 rows=1043 width=121)
	  Sort Key: c
	  ->  Bitmap Heap Scan on sbtest5  (cost=23.13..4023.14 rows=1043 width=121)
	        Recheck Cond: ((id >= 9997815) AND (id <= 9998814))
	        ->  Bitmap Index Scan on sbtest5_pkey  (cost=0.00..22.86 rows=1043 width=0)
	              Index Cond: ((id >= 9997815) AND (id <= 9998814))

table 6 : explain SELECT c FROM sbtest6 WHERE id BETWEEN 2588731 AND 2589730 ORDER BY c
	Sort  (cost=4079.99..4082.60 rows=1044 width=121)
	  Sort Key: c
	  ->  Bitmap Heap Scan on sbtest6  (cost=23.14..4027.65 rows=1044 width=121)
	        Recheck Cond: ((id >= 2588731) AND (id <= 2589730))
	        ->  Bitmap Index Scan on sbtest6_pkey  (cost=0.00..22.87 rows=1044 width=0)
	              Index Cond: ((id >= 2588731) AND (id <= 2589730))

table 7 : explain SELECT c FROM sbtest7 WHERE id BETWEEN 7707734 AND 7708733 ORDER BY c
	Sort  (cost=3858.23..3860.69 rows=986 width=121)
	  Sort Key: c
	  ->  Bitmap Heap Scan on sbtest7  (cost=22.54..3809.20 rows=986 width=121)
	        Recheck Cond: ((id >= 7707734) AND (id <= 7708733))
	        ->  Bitmap Index Scan on sbtest7_pkey  (cost=0.00..22.29 rows=986 width=0)
	              Index Cond: ((id >= 7707734) AND (id <= 7708733))

table 8 : explain SELECT c FROM sbtest8 WHERE id BETWEEN 5364845 AND 5365844 ORDER BY c
	Sort  (cost=3930.94..3933.46 rows=1005 width=121)
	  Sort Key: c
	  ->  Bitmap Heap Scan on sbtest8  (cost=22.74..3880.83 rows=1005 width=121)
	        Recheck Cond: ((id >= 5364845) AND (id <= 5365844))
	        ->  Bitmap Index Scan on sbtest8_pkey  (cost=0.00..22.48 rows=1005 width=0)
	              Index Cond: ((id >= 5364845) AND (id <= 5365844))

for: distinct_ranges
table 1 : explain SELECT DISTINCT c FROM sbtest1 WHERE id BETWEEN 5462100 AND 5463099 ORDER BY c
	Unique  (cost=3802.02..3806.88 rows=972 width=121)
	  ->  Sort  (cost=3802.02..3804.45 rows=972 width=121)
	        Sort Key: c
	        ->  Bitmap Heap Scan on sbtest1  (cost=22.40..3753.79 rows=972 width=121)
	              Recheck Cond: ((id >= 5462100) AND (id <= 5463099))
	              ->  Bitmap Index Scan on sbtest1_pkey  (cost=0.00..22.15 rows=972 width=0)
	                    Index Cond: ((id >= 5462100) AND (id <= 5463099))

table 2 : explain SELECT DISTINCT c FROM sbtest2 WHERE id BETWEEN 6042523 AND 6043522 ORDER BY c
	Unique  (cost=3925.34..3930.36 rows=1004 width=121)
	  ->  Sort  (cost=3925.34..3927.85 rows=1004 width=121)
	        Sort Key: c
	        ->  Bitmap Heap Scan on sbtest2  (cost=22.73..3875.29 rows=1004 width=121)
	              Recheck Cond: ((id >= 6042523) AND (id <= 6043522))
	              ->  Bitmap Index Scan on sbtest2_pkey  (cost=0.00..22.47 rows=1004 width=0)
	                    Index Cond: ((id >= 6042523) AND (id <= 6043522))

table 3 : explain SELECT DISTINCT c FROM sbtest3 WHERE id BETWEEN 6812250 AND 6813249 ORDER BY c
	Unique  (cost=3780.17..3785.00 rows=966 width=121)
	  ->  Sort  (cost=3780.17..3782.59 rows=966 width=121)
	        Sort Key: c
	        ->  Bitmap Heap Scan on sbtest3  (cost=22.34..3732.28 rows=966 width=121)
	              Recheck Cond: ((id >= 6812250) AND (id <= 6813249))
	              ->  Bitmap Index Scan on sbtest3_pkey  (cost=0.00..22.09 rows=966 width=0)
	                    Index Cond: ((id >= 6812250) AND (id <= 6813249))

table 4 : explain SELECT DISTINCT c FROM sbtest4 WHERE id BETWEEN 881430 AND 882429 ORDER BY c
	Unique  (cost=4044.73..4049.91 rows=1035 width=121)
	  ->  Sort  (cost=4044.73..4047.32 rows=1035 width=121)
	        Sort Key: c
	        ->  Bitmap Heap Scan on sbtest4  (cost=23.04..3992.90 rows=1035 width=121)
	              Recheck Cond: ((id >= 881430) AND (id <= 882429))
	              ->  Bitmap Index Scan on sbtest4_pkey  (cost=0.00..22.79 rows=1035 width=0)
	                    Index Cond: ((id >= 881430) AND (id <= 882429))

table 5 : explain SELECT DISTINCT c FROM sbtest5 WHERE id BETWEEN 1997336 AND 1998335 ORDER BY c
	Unique  (cost=3846.11..3851.03 rows=983 width=121)
	  ->  Sort  (cost=3846.11..3848.57 rows=983 width=121)
	        Sort Key: c
	        ->  Bitmap Heap Scan on sbtest5  (cost=22.51..3797.25 rows=983 width=121)
	              Recheck Cond: ((id >= 1997336) AND (id <= 1998335))
	              ->  Bitmap Index Scan on sbtest5_pkey  (cost=0.00..22.26 rows=983 width=0)
	                    Index Cond: ((id >= 1997336) AND (id <= 1998335))

table 6 : explain SELECT DISTINCT c FROM sbtest6 WHERE id BETWEEN 6270132 AND 6271131 ORDER BY c
	Unique  (cost=4167.80..4173.14 rows=1067 width=121)
	  ->  Sort  (cost=4167.80..4170.47 rows=1067 width=121)
	        Sort Key: c
	        ->  Bitmap Heap Scan on sbtest6  (cost=23.37..4114.14 rows=1067 width=121)
	              Recheck Cond: ((id >= 6270132) AND (id <= 6271131))
	              ->  Bitmap Index Scan on sbtest6_pkey  (cost=0.00..23.11 rows=1067 width=0)
	                    Index Cond: ((id >= 6270132) AND (id <= 6271131))

table 7 : explain SELECT DISTINCT c FROM sbtest7 WHERE id BETWEEN 3494336 AND 3495335 ORDER BY c
	Unique  (cost=3613.10..3617.71 rows=922 width=121)
	  ->  Sort  (cost=3613.10..3615.41 rows=922 width=121)
	        Sort Key: c
	        ->  Bitmap Heap Scan on sbtest7  (cost=21.89..3567.70 rows=922 width=121)
	              Recheck Cond: ((id >= 3494336) AND (id <= 3495335))
	              ->  Bitmap Index Scan on sbtest7_pkey  (cost=0.00..21.65 rows=922 width=0)
	                    Index Cond: ((id >= 3494336) AND (id <= 3495335))

table 8 : explain SELECT DISTINCT c FROM sbtest8 WHERE id BETWEEN 2165394 AND 2166393 ORDER BY c
	Unique  (cost=4187.06..4192.41 rows=1071 width=121)
	  ->  Sort  (cost=4187.06..4189.74 rows=1071 width=121)
	        Sort Key: c
	        ->  Bitmap Heap Scan on sbtest8  (cost=27.41..4133.16 rows=1071 width=121)
	              Recheck Cond: ((id >= 2165394) AND (id <= 2166393))
	              ->  Bitmap Index Scan on sbtest8_pkey  (cost=0.00..27.14 rows=1071 width=0)
	                    Index Cond: ((id >= 2165394) AND (id <= 2166393))

for point_selects
table 1 : explain SELECT c FROM sbtest1 WHERE id=9667613
	Index Scan using sbtest1_pkey on sbtest1  (cost=0.43..8.45 rows=1 width=121)
	  Index Cond: (id = 9667613)

table 2 : explain SELECT c FROM sbtest2 WHERE id=97910
	Index Scan using sbtest2_pkey on sbtest2  (cost=0.43..8.45 rows=1 width=121)
	  Index Cond: (id = 97910)

table 3 : explain SELECT c FROM sbtest3 WHERE id=2036913
	Index Scan using sbtest3_pkey on sbtest3  (cost=0.43..8.45 rows=1 width=121)
	  Index Cond: (id = 2036913)

table 4 : explain SELECT c FROM sbtest4 WHERE id=9756298
	Index Scan using sbtest4_pkey on sbtest4  (cost=0.43..8.45 rows=1 width=121)
	  Index Cond: (id = 9756298)

table 5 : explain SELECT c FROM sbtest5 WHERE id=2664007
	Index Scan using sbtest5_pkey on sbtest5  (cost=0.43..8.45 rows=1 width=121)
	  Index Cond: (id = 2664007)

table 6 : explain SELECT c FROM sbtest6 WHERE id=8876159
	Index Scan using sbtest6_pkey on sbtest6  (cost=0.43..8.45 rows=1 width=121)
	  Index Cond: (id = 8876159)

table 7 : explain SELECT c FROM sbtest7 WHERE id=3552446
	Index Scan using sbtest7_pkey on sbtest7  (cost=0.43..8.45 rows=1 width=121)
	  Index Cond: (id = 3552446)

table 8 : explain SELECT c FROM sbtest8 WHERE id=6232026
	Index Scan using sbtest8_pkey on sbtest8  (cost=0.43..8.45 rows=1 width=121)
	  Index Cond: (id = 6232026)

for: sum_ranges
table 1 : explain SELECT SUM(k) FROM sbtest1 WHERE id BETWEEN 9766602 AND 9767601
	Aggregate  (cost=3921.95..3921.96 rows=1 width=8)
	  ->  Bitmap Heap Scan on sbtest1  (cost=22.85..3919.41 rows=1016 width=4)
	        Recheck Cond: ((id >= 9766602) AND (id <= 9767601))
	        ->  Bitmap Index Scan on sbtest1_pkey  (cost=0.00..22.59 rows=1016 width=0)
	              Index Cond: ((id >= 9766602) AND (id <= 9767601))

table 2 : explain SELECT SUM(k) FROM sbtest2 WHERE id BETWEEN 6054322 AND 6055321
	Aggregate  (cost=3877.80..3877.81 rows=1 width=8)
	  ->  Bitmap Heap Scan on sbtest2  (cost=22.73..3875.29 rows=1004 width=4)
	        Recheck Cond: ((id >= 6054322) AND (id <= 6055321))
	        ->  Bitmap Index Scan on sbtest2_pkey  (cost=0.00..22.47 rows=1004 width=0)
	              Index Cond: ((id >= 6054322) AND (id <= 6055321))

table 3 : explain SELECT SUM(k) FROM sbtest3 WHERE id BETWEEN 2160138 AND 2161137
	Aggregate  (cost=3538.37..3538.38 rows=1 width=8)
	  ->  Bitmap Heap Scan on sbtest3  (cost=21.80..3536.08 rows=914 width=4)
	        Recheck Cond: ((id >= 2160138) AND (id <= 2161137))
	        ->  Bitmap Index Scan on sbtest3_pkey  (cost=0.00..21.57 rows=914 width=0)
	              Index Cond: ((id >= 2160138) AND (id <= 2161137))

table 4 : explain SELECT SUM(k) FROM sbtest4 WHERE id BETWEEN 3739582 AND 3740581
	Aggregate  (cost=3671.29..3671.30 rows=1 width=8)
	  ->  Bitmap Heap Scan on sbtest4  (cost=22.16..3668.92 rows=949 width=4)
	        Recheck Cond: ((id >= 3739582) AND (id <= 3740581))
	        ->  Bitmap Index Scan on sbtest4_pkey  (cost=0.00..21.93 rows=949 width=0)
	              Index Cond: ((id >= 3739582) AND (id <= 3740581))

table 5 : explain SELECT SUM(k) FROM sbtest5 WHERE id BETWEEN 9306809 AND 9307808
	Aggregate  (cost=3890.18..3890.19 rows=1 width=8)
	  ->  Bitmap Heap Scan on sbtest5  (cost=22.76..3887.66 rows=1007 width=4)
	        Recheck Cond: ((id >= 9306809) AND (id <= 9307808))
	        ->  Bitmap Index Scan on sbtest5_pkey  (cost=0.00..22.50 rows=1007 width=0)
	              Index Cond: ((id >= 9306809) AND (id <= 9307808))

table 6 : explain SELECT SUM(k) FROM sbtest6 WHERE id BETWEEN 4584668 AND 4585667
	Aggregate  (cost=4000.14..4000.15 rows=1 width=8)
	  ->  Bitmap Heap Scan on sbtest6  (cost=23.05..3997.55 rows=1036 width=4)
	        Recheck Cond: ((id >= 4584668) AND (id <= 4585667))
	        ->  Bitmap Index Scan on sbtest6_pkey  (cost=0.00..22.79 rows=1036 width=0)
	              Index Cond: ((id >= 4584668) AND (id <= 4585667))

table 7 : explain SELECT SUM(k) FROM sbtest7 WHERE id BETWEEN 504370 AND 505369
	Aggregate  (cost=3826.75..3826.76 rows=1 width=8)
	  ->  Bitmap Heap Scan on sbtest7  (cost=22.58..3824.27 rows=990 width=4)
	        Recheck Cond: ((id >= 504370) AND (id <= 505369))
	        ->  Bitmap Index Scan on sbtest7_pkey  (cost=0.00..22.33 rows=990 width=0)
	              Index Cond: ((id >= 504370) AND (id <= 505369))

table 8 : explain SELECT SUM(k) FROM sbtest8 WHERE id BETWEEN 7955288 AND 7956287
	Aggregate  (cost=3777.75..3777.76 rows=1 width=8)
	  ->  Bitmap Heap Scan on sbtest8  (cost=22.45..3775.31 rows=977 width=4)
	        Recheck Cond: ((id >= 7955288) AND (id <= 7956287))
	        ->  Bitmap Index Scan on sbtest8_pkey  (cost=0.00..22.20 rows=977 width=0)
	              Index Cond: ((id >= 7955288) AND (id <= 7956287))

for: sum_ranges
table 1 : explain SELECT SUM(k) FROM sbtest1 WHERE id BETWEEN 2662577 AND 2663576
	Aggregate  (cost=3763.76..3763.77 rows=1 width=8)
	  ->  Bitmap Heap Scan on sbtest1  (cost=22.42..3761.32 rows=974 width=4)
	        Recheck Cond: ((id >= 2662577) AND (id <= 2663576))
	        ->  Bitmap Index Scan on sbtest1_pkey  (cost=0.00..22.18 rows=974 width=0)
	              Index Cond: ((id >= 2662577) AND (id <= 2663576))

table 2 : explain SELECT SUM(k) FROM sbtest2 WHERE id BETWEEN 1417015 AND 1418014
	Aggregate  (cost=4144.91..4144.92 rows=1 width=8)
	  ->  Bitmap Heap Scan on sbtest2  (cost=23.45..4142.23 rows=1075 width=4)
	        Recheck Cond: ((id >= 1417015) AND (id <= 1418014))
	        ->  Bitmap Index Scan on sbtest2_pkey  (cost=0.00..23.18 rows=1075 width=0)
	              Index Cond: ((id >= 1417015) AND (id <= 1418014))

table 3 : explain SELECT SUM(k) FROM sbtest3 WHERE id BETWEEN 8162344 AND 8163343
	Aggregate  (cost=3515.69..3515.70 rows=1 width=8)
	  ->  Bitmap Heap Scan on sbtest3  (cost=21.74..3513.42 rows=908 width=4)
	        Recheck Cond: ((id >= 8162344) AND (id <= 8163343))
	        ->  Bitmap Index Scan on sbtest3_pkey  (cost=0.00..21.51 rows=908 width=0)
	              Index Cond: ((id >= 8162344) AND (id <= 8163343))

table 4 : explain SELECT SUM(k) FROM sbtest4 WHERE id BETWEEN 4371850 AND 4372849
	Aggregate  (cost=4051.94..4051.95 rows=1 width=8)
	  ->  Bitmap Heap Scan on sbtest4  (cost=23.20..4049.31 rows=1050 width=4)
	        Recheck Cond: ((id >= 4371850) AND (id <= 4372849))
	        ->  Bitmap Index Scan on sbtest4_pkey  (cost=0.00..22.93 rows=1050 width=0)
	              Index Cond: ((id >= 4371850) AND (id <= 4372849))

table 5 : explain SELECT SUM(k) FROM sbtest5 WHERE id BETWEEN 724168 AND 725167
	Aggregate  (cost=3909.02..3909.03 rows=1 width=8)
	  ->  Bitmap Heap Scan on sbtest5  (cost=22.81..3906.49 rows=1012 width=4)
	        Recheck Cond: ((id >= 724168) AND (id <= 725167))
	        ->  Bitmap Index Scan on sbtest5_pkey  (cost=0.00..22.55 rows=1012 width=0)
	              Index Cond: ((id >= 724168) AND (id <= 725167))

table 6 : explain SELECT SUM(k) FROM sbtest6 WHERE id BETWEEN 9081106 AND 9082105
	Aggregate  (cost=4045.31..4045.32 rows=1 width=8)
	  ->  Bitmap Heap Scan on sbtest6  (cost=23.18..4042.69 rows=1048 width=4)
	        Recheck Cond: ((id >= 9081106) AND (id <= 9082105))
	        ->  Bitmap Index Scan on sbtest6_pkey  (cost=0.00..22.91 rows=1048 width=0)
	              Index Cond: ((id >= 9081106) AND (id <= 9082105))

table 7 : explain SELECT SUM(k) FROM sbtest7 WHERE id BETWEEN 3975734 AND 3976733
	Aggregate  (cost=3596.46..3596.47 rows=1 width=8)
	  ->  Bitmap Heap Scan on sbtest7  (cost=21.96..3594.14 rows=929 width=4)
	        Recheck Cond: ((id >= 3975734) AND (id <= 3976733))
	        ->  Bitmap Index Scan on sbtest7_pkey  (cost=0.00..21.72 rows=929 width=0)
	              Index Cond: ((id >= 3975734) AND (id <= 3976733))

table 8 : explain SELECT SUM(k) FROM sbtest8 WHERE id BETWEEN 706614 AND 707613
	Aggregate  (cost=4079.17..4079.18 rows=1 width=8)
	  ->  Bitmap Heap Scan on sbtest8  (cost=23.27..4076.53 rows=1057 width=4)
	        Recheck Cond: ((id >= 706614) AND (id <= 707613))
	        ->  Bitmap Index Scan on sbtest8_pkey  (cost=0.00..23.00 rows=1057 width=0)
	              Index Cond: ((id >= 706614) AND (id <= 707613))

for: distinct_ranges
table 1 : explain SELECT DISTINCT c FROM sbtest1 WHERE id BETWEEN 6578407 AND 6579406 ORDER BY c
	Unique  (cost=4134.22..4139.52 rows=1059 width=121)
	  ->  Sort  (cost=4134.22..4136.87 rows=1059 width=121)
	        Sort Key: c
	        ->  Bitmap Heap Scan on sbtest1  (cost=23.29..4081.02 rows=1059 width=121)
	              Recheck Cond: ((id >= 6578407) AND (id <= 6579406))
	              ->  Bitmap Index Scan on sbtest1_pkey  (cost=0.00..23.02 rows=1059 width=0)
	                    Index Cond: ((id >= 6578407) AND (id <= 6579406))

table 2 : explain SELECT DISTINCT c FROM sbtest2 WHERE id BETWEEN 1861658 AND 1862657 ORDER BY c
	Unique  (cost=4005.56..4010.69 rows=1025 width=121)
	  ->  Sort  (cost=4005.56..4008.13 rows=1025 width=121)
	        Sort Key: c
	        ->  Bitmap Heap Scan on sbtest2  (cost=22.94..3954.31 rows=1025 width=121)
	              Recheck Cond: ((id >= 1861658) AND (id <= 1862657))
	              ->  Bitmap Index Scan on sbtest2_pkey  (cost=0.00..22.68 rows=1025 width=0)
	                    Index Cond: ((id >= 1861658) AND (id <= 1862657))

table 3 : explain SELECT DISTINCT c FROM sbtest3 WHERE id BETWEEN 9105589 AND 9106588 ORDER BY c
	Unique  (cost=3845.20..3850.12 rows=983 width=121)
	  ->  Sort  (cost=3845.20..3847.66 rows=983 width=121)
	        Sort Key: c
	        ->  Bitmap Heap Scan on sbtest3  (cost=22.51..3796.34 rows=983 width=121)
	              Recheck Cond: ((id >= 9105589) AND (id <= 9106588))
	              ->  Bitmap Index Scan on sbtest3_pkey  (cost=0.00..22.26 rows=983 width=0)
	                    Index Cond: ((id >= 9105589) AND (id <= 9106588))

table 4 : explain SELECT DISTINCT c FROM sbtest4 WHERE id BETWEEN 7091230 AND 7092229 ORDER BY c
	Unique  (cost=3784.76..3789.59 rows=967 width=121)
	  ->  Sort  (cost=3784.76..3787.18 rows=967 width=121)
	        Sort Key: c
	        ->  Bitmap Heap Scan on sbtest4  (cost=22.35..3736.81 rows=967 width=121)
	              Recheck Cond: ((id >= 7091230) AND (id <= 7092229))
	              ->  Bitmap Index Scan on sbtest4_pkey  (cost=0.00..22.11 rows=967 width=0)
	                    Index Cond: ((id >= 7091230) AND (id <= 7092229))

table 5 : explain SELECT DISTINCT c FROM sbtest5 WHERE id BETWEEN 3809476 AND 3810475 ORDER BY c
	Unique  (cost=4140.32..4145.62 rows=1060 width=121)
	  ->  Sort  (cost=4140.32..4142.97 rows=1060 width=121)
	        Sort Key: c
	        ->  Bitmap Heap Scan on sbtest5  (cost=23.30..4087.05 rows=1060 width=121)
	              Recheck Cond: ((id >= 3809476) AND (id <= 3810475))
	              ->  Bitmap Index Scan on sbtest5_pkey  (cost=0.00..23.04 rows=1060 width=0)
	                    Index Cond: ((id >= 3809476) AND (id <= 3810475))

table 6 : explain SELECT DISTINCT c FROM sbtest6 WHERE id BETWEEN 3011674 AND 3012673 ORDER BY c
	Unique  (cost=4274.80..4280.27 rows=1094 width=121)
	  ->  Sort  (cost=4274.80..4277.54 rows=1094 width=121)
	        Sort Key: c
	        ->  Bitmap Heap Scan on sbtest6  (cost=27.65..4219.58 rows=1094 width=121)
	              Recheck Cond: ((id >= 3011674) AND (id <= 3012673))
	              ->  Bitmap Index Scan on sbtest6_pkey  (cost=0.00..27.37 rows=1094 width=0)
	                    Index Cond: ((id >= 3011674) AND (id <= 3012673))

table 7 : explain SELECT DISTINCT c FROM sbtest7 WHERE id BETWEEN 8680755 AND 8681754 ORDER BY c
	Unique  (cost=3636.10..3640.74 rows=928 width=121)
	  ->  Sort  (cost=3636.10..3638.42 rows=928 width=121)
	        Sort Key: c
	        ->  Bitmap Heap Scan on sbtest7  (cost=21.95..3590.36 rows=928 width=121)
	              Recheck Cond: ((id >= 8680755) AND (id <= 8681754))
	              ->  Bitmap Index Scan on sbtest7_pkey  (cost=0.00..21.71 rows=928 width=0)
	                    Index Cond: ((id >= 8680755) AND (id <= 8681754))

table 8 : explain SELECT DISTINCT c FROM sbtest8 WHERE id BETWEEN 2333102 AND 2334101 ORDER BY c
	Unique  (cost=3858.27..3863.20 rows=986 width=121)
	  ->  Sort  (cost=3858.27..3860.73 rows=986 width=121)
	        Sort Key: c
	        ->  Bitmap Heap Scan on sbtest8  (cost=22.54..3809.24 rows=986 width=121)
	              Recheck Cond: ((id >= 2333102) AND (id <= 2334101))
	              ->  Bitmap Index Scan on sbtest8_pkey  (cost=0.00..22.29 rows=986 width=0)
	                    Index Cond: ((id >= 2333102) AND (id <= 2334101))

for: sum_ranges
table 1 : explain SELECT SUM(k) FROM sbtest1 WHERE id BETWEEN 4225403 AND 4226402
	Aggregate  (cost=3955.81..3955.82 rows=1 width=8)
	  ->  Bitmap Heap Scan on sbtest1  (cost=22.94..3953.25 rows=1025 width=4)
	        Recheck Cond: ((id >= 4225403) AND (id <= 4226402))
	        ->  Bitmap Index Scan on sbtest1_pkey  (cost=0.00..22.68 rows=1025 width=0)
	              Index Cond: ((id >= 4225403) AND (id <= 4226402))

table 2 : explain SELECT SUM(k) FROM sbtest2 WHERE id BETWEEN 2816342 AND 2817341
	Aggregate  (cost=3655.33..3655.34 rows=1 width=8)
	  ->  Bitmap Heap Scan on sbtest2  (cost=22.12..3652.96 rows=945 width=4)
	        Recheck Cond: ((id >= 2816342) AND (id <= 2817341))
	        ->  Bitmap Index Scan on sbtest2_pkey  (cost=0.00..21.89 rows=945 width=0)
	              Index Cond: ((id >= 2816342) AND (id <= 2817341))

table 3 : explain SELECT SUM(k) FROM sbtest3 WHERE id BETWEEN 4403089 AND 4404088
	Aggregate  (cost=3908.07..3908.08 rows=1 width=8)
	  ->  Bitmap Heap Scan on sbtest3  (cost=22.81..3905.54 rows=1012 width=4)
	        Recheck Cond: ((id >= 4403089) AND (id <= 4404088))
	        ->  Bitmap Index Scan on sbtest3_pkey  (cost=0.00..22.55 rows=1012 width=0)
	              Index Cond: ((id >= 4403089) AND (id <= 4404088))

table 4 : explain SELECT SUM(k) FROM sbtest4 WHERE id BETWEEN 2124493 AND 2125492
	Aggregate  (cost=3927.71..3927.72 rows=1 width=8)
	  ->  Bitmap Heap Scan on sbtest4  (cost=22.86..3925.17 rows=1017 width=4)
	        Recheck Cond: ((id >= 2124493) AND (id <= 2125492))
	        ->  Bitmap Index Scan on sbtest4_pkey  (cost=0.00..22.61 rows=1017 width=0)
	              Index Cond: ((id >= 2124493) AND (id <= 2125492))

table 5 : explain SELECT SUM(k) FROM sbtest5 WHERE id BETWEEN 4852206 AND 4853205
	Aggregate  (cost=3712.94..3712.95 rows=1 width=8)
	  ->  Bitmap Heap Scan on sbtest5  (cost=22.27..3710.54 rows=960 width=4)
	        Recheck Cond: ((id >= 4852206) AND (id <= 4853205))
	        ->  Bitmap Index Scan on sbtest5_pkey  (cost=0.00..22.04 rows=960 width=0)
	              Index Cond: ((id >= 4852206) AND (id <= 4853205))

table 6 : explain SELECT SUM(k) FROM sbtest6 WHERE id BETWEEN 6427208 AND 6428207
	Aggregate  (cost=4000.14..4000.15 rows=1 width=8)
	  ->  Bitmap Heap Scan on sbtest6  (cost=23.05..3997.55 rows=1036 width=4)
	        Recheck Cond: ((id >= 6427208) AND (id <= 6428207))
	        ->  Bitmap Index Scan on sbtest6_pkey  (cost=0.00..22.79 rows=1036 width=0)
	              Index Cond: ((id >= 6427208) AND (id <= 6428207))

table 7 : explain SELECT SUM(k) FROM sbtest7 WHERE id BETWEEN 3572160 AND 3573159
	Aggregate  (cost=4263.62..4263.63 rows=1 width=8)
	  ->  Bitmap Heap Scan on sbtest7  (cost=27.77..4260.86 rows=1106 width=4)
	        Recheck Cond: ((id >= 3572160) AND (id <= 3573159))
	        ->  Bitmap Index Scan on sbtest7_pkey  (cost=0.00..27.50 rows=1106 width=0)
	              Index Cond: ((id >= 3572160) AND (id <= 3573159))

table 8 : explain SELECT SUM(k) FROM sbtest8 WHERE id BETWEEN 7029266 AND 7030265
	Aggregate  (cost=3856.95..3856.96 rows=1 width=8)
	  ->  Bitmap Heap Scan on sbtest8  (cost=22.66..3854.46 rows=998 width=4)
	        Recheck Cond: ((id >= 7029266) AND (id <= 7030265))
	        ->  Bitmap Index Scan on sbtest8_pkey  (cost=0.00..22.41 rows=998 width=0)
	              Index Cond: ((id >= 7029266) AND (id <= 7030265))

for: distinct_ranges
table 1 : explain SELECT DISTINCT c FROM sbtest1 WHERE id BETWEEN 150821 AND 151820 ORDER BY c
	Unique  (cost=3656.63..3661.30 rows=934 width=121)
	  ->  Sort  (cost=3656.63..3658.96 rows=934 width=121)
	        Sort Key: c
	        ->  Bitmap Heap Scan on sbtest1  (cost=22.01..3610.54 rows=934 width=121)
	              Recheck Cond: ((id >= 150821) AND (id <= 151820))
	              ->  Bitmap Index Scan on sbtest1_pkey  (cost=0.00..21.77 rows=934 width=0)
	                    Index Cond: ((id >= 150821) AND (id <= 151820))

table 2 : explain SELECT DISTINCT c FROM sbtest2 WHERE id BETWEEN 3032195 AND 3033194 ORDER BY c
	Unique  (cost=3772.39..3777.21 rows=964 width=121)
	  ->  Sort  (cost=3772.39..3774.80 rows=964 width=121)
	        Sort Key: c
	        ->  Bitmap Heap Scan on sbtest2  (cost=22.32..3724.61 rows=964 width=121)
	              Recheck Cond: ((id >= 3032195) AND (id <= 3033194))
	              ->  Bitmap Index Scan on sbtest2_pkey  (cost=0.00..22.07 rows=964 width=0)
	                    Index Cond: ((id >= 3032195) AND (id <= 3033194))

table 3 : explain SELECT DISTINCT c FROM sbtest3 WHERE id BETWEEN 188685 AND 189684 ORDER BY c
	Unique  (cost=3761.04..3765.84 rows=961 width=121)
	  ->  Sort  (cost=3761.04..3763.44 rows=961 width=121)
	        Sort Key: c
	        ->  Bitmap Heap Scan on sbtest3  (cost=22.29..3713.43 rows=961 width=121)
	              Recheck Cond: ((id >= 188685) AND (id <= 189684))
	              ->  Bitmap Index Scan on sbtest3_pkey  (cost=0.00..22.04 rows=961 width=0)
	                    Index Cond: ((id >= 188685) AND (id <= 189684))

table 4 : explain SELECT DISTINCT c FROM sbtest4 WHERE id BETWEEN 4250664 AND 4251663 ORDER BY c
	Unique  (cost=3754.14..3758.93 rows=959 width=121)
	  ->  Sort  (cost=3754.14..3756.53 rows=959 width=121)
	        Sort Key: c
	        ->  Bitmap Heap Scan on sbtest4  (cost=22.26..3706.64 rows=959 width=121)
	              Recheck Cond: ((id >= 4250664) AND (id <= 4251663))
	              ->  Bitmap Index Scan on sbtest4_pkey  (cost=0.00..22.02 rows=959 width=0)
	                    Index Cond: ((id >= 4250664) AND (id <= 4251663))

table 5 : explain SELECT DISTINCT c FROM sbtest5 WHERE id BETWEEN 9599613 AND 9600612 ORDER BY c
	Unique  (cost=3715.97..3720.72 rows=949 width=121)
	  ->  Sort  (cost=3715.97..3718.34 rows=949 width=121)
	        Sort Key: c
	        ->  Bitmap Heap Scan on sbtest5  (cost=22.16..3669.04 rows=949 width=121)
	              Recheck Cond: ((id >= 9599613) AND (id <= 9600612))
	              ->  Bitmap Index Scan on sbtest5_pkey  (cost=0.00..21.93 rows=949 width=0)
	                    Index Cond: ((id >= 9599613) AND (id <= 9600612))

table 6 : explain SELECT DISTINCT c FROM sbtest6 WHERE id BETWEEN 8137505 AND 8138504 ORDER BY c
	Unique  (cost=4282.43..4287.91 rows=1096 width=121)
	  ->  Sort  (cost=4282.43..4285.17 rows=1096 width=121)
	        Sort Key: c
	        ->  Bitmap Heap Scan on sbtest6  (cost=27.67..4227.09 rows=1096 width=121)
	              Recheck Cond: ((id >= 8137505) AND (id <= 8138504))
	              ->  Bitmap Index Scan on sbtest6_pkey  (cost=0.00..27.39 rows=1096 width=0)
	                    Index Cond: ((id >= 8137505) AND (id <= 8138504))

table 7 : explain SELECT DISTINCT c FROM sbtest7 WHERE id BETWEEN 8115179 AND 8116178 ORDER BY c
	Unique  (cost=3628.44..3633.07 rows=926 width=121)
	  ->  Sort  (cost=3628.44..3630.75 rows=926 width=121)
	        Sort Key: c
	        ->  Bitmap Heap Scan on sbtest7  (cost=21.93..3582.81 rows=926 width=121)
	              Recheck Cond: ((id >= 8115179) AND (id <= 8116178))
	              ->  Bitmap Index Scan on sbtest7_pkey  (cost=0.00..21.69 rows=926 width=0)
	                    Index Cond: ((id >= 8115179) AND (id <= 8116178))

table 8 : explain SELECT DISTINCT c FROM sbtest8 WHERE id BETWEEN 9646619 AND 9647618 ORDER BY c
	Unique  (cost=3873.57..3878.52 rows=990 width=121)
	  ->  Sort  (cost=3873.57..3876.05 rows=990 width=121)
	        Sort Key: c
	        ->  Bitmap Heap Scan on sbtest8  (cost=22.58..3824.31 rows=990 width=121)
	              Recheck Cond: ((id >= 9646619) AND (id <= 9647618))
	              ->  Bitmap Index Scan on sbtest8_pkey  (cost=0.00..22.33 rows=990 width=0)
	                    Index Cond: ((id >= 9646619) AND (id <= 9647618))

for: distinct_ranges
table 1 : explain SELECT DISTINCT c FROM sbtest1 WHERE id BETWEEN 4873653 AND 4874652 ORDER BY c
	Unique  (cost=4019.78..4024.92 rows=1029 width=121)
	  ->  Sort  (cost=4019.78..4022.35 rows=1029 width=121)
	        Sort Key: c
	        ->  Bitmap Heap Scan on sbtest1  (cost=22.98..3968.29 rows=1029 width=121)
	              Recheck Cond: ((id >= 4873653) AND (id <= 4874652))
	              ->  Bitmap Index Scan on sbtest1_pkey  (cost=0.00..22.72 rows=1029 width=0)
	                    Index Cond: ((id >= 4873653) AND (id <= 4874652))

table 2 : explain SELECT DISTINCT c FROM sbtest2 WHERE id BETWEEN 2364828 AND 2365827 ORDER BY c
	Unique  (cost=4242.10..4247.53 rows=1087 width=121)
	  ->  Sort  (cost=4242.10..4244.81 rows=1087 width=121)
	        Sort Key: c
	        ->  Bitmap Heap Scan on sbtest2  (cost=23.58..4187.28 rows=1087 width=121)
	              Recheck Cond: ((id >= 2364828) AND (id <= 2365827))
	              ->  Bitmap Index Scan on sbtest2_pkey  (cost=0.00..23.30 rows=1087 width=0)
	                    Index Cond: ((id >= 2364828) AND (id <= 2365827))

table 3 : explain SELECT DISTINCT c FROM sbtest3 WHERE id BETWEEN 9859311 AND 9860310 ORDER BY c
	Unique  (cost=4097.33..4102.57 rows=1049 width=121)
	  ->  Sort  (cost=4097.33..4099.95 rows=1049 width=121)
	        Sort Key: c
	        ->  Bitmap Heap Scan on sbtest3  (cost=23.19..4044.69 rows=1049 width=121)
	              Recheck Cond: ((id >= 9859311) AND (id <= 9860310))
	              ->  Bitmap Index Scan on sbtest3_pkey  (cost=0.00..22.93 rows=1049 width=0)
	                    Index Cond: ((id >= 9859311) AND (id <= 9860310))

table 4 : explain SELECT DISTINCT c FROM sbtest4 WHERE id BETWEEN 6854225 AND 6855224 ORDER BY c
	Unique  (cost=4315.85..4321.38 rows=1106 width=121)
	  ->  Sort  (cost=4315.85..4318.62 rows=1106 width=121)
	        Sort Key: c
	        ->  Bitmap Heap Scan on sbtest4  (cost=27.77..4259.94 rows=1106 width=121)
	              Recheck Cond: ((id >= 6854225) AND (id <= 6855224))
	              ->  Bitmap Index Scan on sbtest4_pkey  (cost=0.00..27.50 rows=1106 width=0)
	                    Index Cond: ((id >= 6854225) AND (id <= 6855224))

table 5 : explain SELECT DISTINCT c FROM sbtest5 WHERE id BETWEEN 4424069 AND 4425068 ORDER BY c
	Unique  (cost=4098.33..4103.58 rows=1049 width=121)
	  ->  Sort  (cost=4098.33..4100.95 rows=1049 width=121)
	        Sort Key: c
	        ->  Bitmap Heap Scan on sbtest5  (cost=23.19..4045.70 rows=1049 width=121)
	              Recheck Cond: ((id >= 4424069) AND (id <= 4425068))
	              ->  Bitmap Index Scan on sbtest5_pkey  (cost=0.00..22.93 rows=1049 width=0)
	                    Index Cond: ((id >= 4424069) AND (id <= 4425068))

table 6 : explain SELECT DISTINCT c FROM sbtest6 WHERE id BETWEEN 3666299 AND 3667298 ORDER BY c
	Unique  (cost=3869.75..3874.70 rows=989 width=121)
	  ->  Sort  (cost=3869.75..3872.23 rows=989 width=121)
	        Sort Key: c
	        ->  Bitmap Heap Scan on sbtest6  (cost=22.57..3820.55 rows=989 width=121)
	              Recheck Cond: ((id >= 3666299) AND (id <= 3667298))
	              ->  Bitmap Index Scan on sbtest6_pkey  (cost=0.00..22.32 rows=989 width=0)
	                    Index Cond: ((id >= 3666299) AND (id <= 3667298))

table 7 : explain SELECT DISTINCT c FROM sbtest7 WHERE id BETWEEN 632667 AND 633666 ORDER BY c
	Unique  (cost=4015.00..4020.13 rows=1027 width=121)
	  ->  Sort  (cost=4015.00..4017.57 rows=1027 width=121)
	        Sort Key: c
	        ->  Bitmap Heap Scan on sbtest7  (cost=22.96..3963.63 rows=1027 width=121)
	              Recheck Cond: ((id >= 632667) AND (id <= 633666))
	              ->  Bitmap Index Scan on sbtest7_pkey  (cost=0.00..22.70 rows=1027 width=0)
	                    Index Cond: ((id >= 632667) AND (id <= 633666))

table 8 : explain SELECT DISTINCT c FROM sbtest8 WHERE id BETWEEN 6397367 AND 6398366 ORDER BY c
	Unique  (cost=3930.94..3935.97 rows=1005 width=121)
	  ->  Sort  (cost=3930.94..3933.46 rows=1005 width=121)
	        Sort Key: c
	        ->  Bitmap Heap Scan on sbtest8  (cost=22.74..3880.83 rows=1005 width=121)
	              Recheck Cond: ((id >= 6397367) AND (id <= 6398366))
	              ->  Bitmap Index Scan on sbtest8_pkey  (cost=0.00..22.48 rows=1005 width=0)
	                    Index Cond: ((id >= 6397367) AND (id <= 6398366))

for: distinct_ranges
table 1 : explain SELECT DISTINCT c FROM sbtest1 WHERE id BETWEEN 8949387 AND 8950386 ORDER BY c
	Unique  (cost=4103.72..4108.97 rows=1051 width=121)
	  ->  Sort  (cost=4103.72..4106.34 rows=1051 width=121)
	        Sort Key: c
	        ->  Bitmap Heap Scan on sbtest1  (cost=23.21..4050.97 rows=1051 width=121)
	              Recheck Cond: ((id >= 8949387) AND (id <= 8950386))
	              ->  Bitmap Index Scan on sbtest1_pkey  (cost=0.00..22.94 rows=1051 width=0)
	                    Index Cond: ((id >= 8949387) AND (id <= 8950386))

table 2 : explain SELECT DISTINCT c FROM sbtest2 WHERE id BETWEEN 6422772 AND 6423771 ORDER BY c
	Unique  (cost=4234.47..4239.90 rows=1085 width=121)
	  ->  Sort  (cost=4234.47..4237.19 rows=1085 width=121)
	        Sort Key: c
	        ->  Bitmap Heap Scan on sbtest2  (cost=23.56..4179.77 rows=1085 width=121)
	              Recheck Cond: ((id >= 6422772) AND (id <= 6423771))
	              ->  Bitmap Index Scan on sbtest2_pkey  (cost=0.00..23.29 rows=1085 width=0)
	                    Index Cond: ((id >= 6422772) AND (id <= 6423771))

table 3 : explain SELECT DISTINCT c FROM sbtest3 WHERE id BETWEEN 4118468 AND 4119467 ORDER BY c
	Unique  (cost=4059.16..4064.36 rows=1039 width=121)
	  ->  Sort  (cost=4059.16..4061.76 rows=1039 width=121)
	        Sort Key: c
	        ->  Bitmap Heap Scan on sbtest3  (cost=23.08..4007.10 rows=1039 width=121)
	              Recheck Cond: ((id >= 4118468) AND (id <= 4119467))
	              ->  Bitmap Index Scan on sbtest3_pkey  (cost=0.00..22.82 rows=1039 width=0)
	                    Index Cond: ((id >= 4118468) AND (id <= 4119467))

table 4 : explain SELECT DISTINCT c FROM sbtest4 WHERE id BETWEEN 2718385 AND 2719384 ORDER BY c
	Unique  (cost=3708.19..3712.92 rows=947 width=121)
	  ->  Sort  (cost=3708.19..3710.55 rows=947 width=121)
	        Sort Key: c
	        ->  Bitmap Heap Scan on sbtest4  (cost=22.14..3661.37 rows=947 width=121)
	              Recheck Cond: ((id >= 2718385) AND (id <= 2719384))
	              ->  Bitmap Index Scan on sbtest4_pkey  (cost=0.00..21.90 rows=947 width=0)
	                    Index Cond: ((id >= 2718385) AND (id <= 2719384))

table 5 : explain SELECT DISTINCT c FROM sbtest5 WHERE id BETWEEN 9410967 AND 9411966 ORDER BY c
	Unique  (cost=3700.65..3705.38 rows=945 width=121)
	  ->  Sort  (cost=3700.65..3703.01 rows=945 width=121)
	        Sort Key: c
	        ->  Bitmap Heap Scan on sbtest5  (cost=22.12..3653.95 rows=945 width=121)
	              Recheck Cond: ((id >= 9410967) AND (id <= 9411966))
	              ->  Bitmap Index Scan on sbtest5_pkey  (cost=0.00..21.89 rows=945 width=0)
	                    Index Cond: ((id >= 9410967) AND (id <= 9411966))

table 6 : explain SELECT DISTINCT c FROM sbtest6 WHERE id BETWEEN 6904783 AND 6905782 ORDER BY c
	Unique  (cost=4122.00..4127.27 rows=1055 width=121)
	  ->  Sort  (cost=4122.00..4124.63 rows=1055 width=121)
	        Sort Key: c
	        ->  Bitmap Heap Scan on sbtest6  (cost=23.25..4069.02 rows=1055 width=121)
	              Recheck Cond: ((id >= 6904783) AND (id <= 6905782))
	              ->  Bitmap Index Scan on sbtest6_pkey  (cost=0.00..22.98 rows=1055 width=0)
	                    Index Cond: ((id >= 6904783) AND (id <= 6905782))

table 7 : explain SELECT DISTINCT c FROM sbtest7 WHERE id BETWEEN 1416038 AND 1417037 ORDER BY c
	Unique  (cost=3751.05..3755.84 rows=958 width=121)
	  ->  Sort  (cost=3751.05..3753.44 rows=958 width=121)
	        Sort Key: c
	        ->  Bitmap Heap Scan on sbtest7  (cost=22.25..3703.61 rows=958 width=121)
	              Recheck Cond: ((id >= 1416038) AND (id <= 1417037))
	              ->  Bitmap Index Scan on sbtest7_pkey  (cost=0.00..22.01 rows=958 width=0)
	                    Index Cond: ((id >= 1416038) AND (id <= 1417037))

table 8 : explain SELECT DISTINCT c FROM sbtest8 WHERE id BETWEEN 7304212 AND 7305211 ORDER BY c
	Unique  (cost=3793.20..3798.05 rows=969 width=121)
	  ->  Sort  (cost=3793.20..3795.63 rows=969 width=121)
	        Sort Key: c
	        ->  Bitmap Heap Scan on sbtest8  (cost=22.37..3745.14 rows=969 width=121)
	              Recheck Cond: ((id >= 7304212) AND (id <= 7305211))
	              ->  Bitmap Index Scan on sbtest8_pkey  (cost=0.00..22.12 rows=969 width=0)
	                    Index Cond: ((id >= 7304212) AND (id <= 7305211))

for: distinct_ranges
table 1 : explain SELECT DISTINCT c FROM sbtest1 WHERE id BETWEEN 8257891 AND 8258890 ORDER BY c
	Unique  (cost=4157.10..4162.43 rows=1065 width=121)
	  ->  Sort  (cost=4157.10..4159.76 rows=1065 width=121)
	        Sort Key: c
	        ->  Bitmap Heap Scan on sbtest1  (cost=23.35..4103.55 rows=1065 width=121)
	              Recheck Cond: ((id >= 8257891) AND (id <= 8258890))
	              ->  Bitmap Index Scan on sbtest1_pkey  (cost=0.00..23.08 rows=1065 width=0)
	                    Index Cond: ((id >= 8257891) AND (id <= 8258890))

table 2 : explain SELECT DISTINCT c FROM sbtest2 WHERE id BETWEEN 7579373 AND 7580372 ORDER BY c
	Unique  (cost=4310.96..4316.48 rows=1105 width=121)
	  ->  Sort  (cost=4310.96..4313.72 rows=1105 width=121)
	        Sort Key: c
	        ->  Bitmap Heap Scan on sbtest2  (cost=27.76..4255.10 rows=1105 width=121)
	              Recheck Cond: ((id >= 7579373) AND (id <= 7580372))
	              ->  Bitmap Index Scan on sbtest2_pkey  (cost=0.00..27.48 rows=1105 width=0)
	                    Index Cond: ((id >= 7579373) AND (id <= 7580372))

table 3 : explain SELECT DISTINCT c FROM sbtest3 WHERE id BETWEEN 2215674 AND 2216673 ORDER BY c
	Unique  (cost=3581.04..3585.61 rows=914 width=121)
	  ->  Sort  (cost=3581.04..3583.32 rows=914 width=121)
	        Sort Key: c
	        ->  Bitmap Heap Scan on sbtest3  (cost=21.80..3536.08 rows=914 width=121)
	              Recheck Cond: ((id >= 2215674) AND (id <= 2216673))
	              ->  Bitmap Index Scan on sbtest3_pkey  (cost=0.00..21.57 rows=914 width=0)
	                    Index Cond: ((id >= 2215674) AND (id <= 2216673))

table 4 : explain SELECT DISTINCT c FROM sbtest4 WHERE id BETWEEN 203844 AND 204843 ORDER BY c
	Unique  (cost=4021.81..4026.96 rows=1029 width=121)
	  ->  Sort  (cost=4021.81..4024.39 rows=1029 width=121)
	        Sort Key: c
	        ->  Bitmap Heap Scan on sbtest4  (cost=22.98..3970.33 rows=1029 width=121)
	              Recheck Cond: ((id >= 203844) AND (id <= 204843))
	              ->  Bitmap Index Scan on sbtest4_pkey  (cost=0.00..22.72 rows=1029 width=0)
	                    Index Cond: ((id >= 203844) AND (id <= 204843))

table 5 : explain SELECT DISTINCT c FROM sbtest5 WHERE id BETWEEN 5298095 AND 5299094 ORDER BY c
	Unique  (cost=3983.75..3988.85 rows=1019 width=121)
	  ->  Sort  (cost=3983.75..3986.30 rows=1019 width=121)
	        Sort Key: c
	        ->  Bitmap Heap Scan on sbtest5  (cost=22.88..3932.84 rows=1019 width=121)
	              Recheck Cond: ((id >= 5298095) AND (id <= 5299094))
	              ->  Bitmap Index Scan on sbtest5_pkey  (cost=0.00..22.62 rows=1019 width=0)
	                    Index Cond: ((id >= 5298095) AND (id <= 5299094))

table 6 : explain SELECT DISTINCT c FROM sbtest6 WHERE id BETWEEN 7780365 AND 7781364 ORDER BY c
	Unique  (cost=3701.30..3706.02 rows=945 width=121)
	  ->  Sort  (cost=3701.30..3703.66 rows=945 width=121)
	        Sort Key: c
	        ->  Bitmap Heap Scan on sbtest6  (cost=22.12..3654.59 rows=945 width=121)
	              Recheck Cond: ((id >= 7780365) AND (id <= 7781364))
	              ->  Bitmap Index Scan on sbtest6_pkey  (cost=0.00..21.89 rows=945 width=0)
	                    Index Cond: ((id >= 7780365) AND (id <= 7781364))

table 7 : explain SELECT DISTINCT c FROM sbtest7 WHERE id BETWEEN 8315551 AND 8316550 ORDER BY c
	Unique  (cost=3999.71..4004.83 rows=1023 width=121)
	  ->  Sort  (cost=3999.71..4002.27 rows=1023 width=121)
	        Sort Key: c
	        ->  Bitmap Heap Scan on sbtest7  (cost=22.92..3948.57 rows=1023 width=121)
	              Recheck Cond: ((id >= 8315551) AND (id <= 8316550))
	              ->  Bitmap Index Scan on sbtest7_pkey  (cost=0.00..22.66 rows=1023 width=0)
	                    Index Cond: ((id >= 8315551) AND (id <= 8316550))

table 8 : explain SELECT DISTINCT c FROM sbtest8 WHERE id BETWEEN 2774033 AND 2775032 ORDER BY c
	Unique  (cost=3869.75..3874.69 rows=989 width=121)
	  ->  Sort  (cost=3869.75..3872.22 rows=989 width=121)
	        Sort Key: c
	        ->  Bitmap Heap Scan on sbtest8  (cost=22.57..3820.54 rows=989 width=121)
	              Recheck Cond: ((id >= 2774033) AND (id <= 2775032))
	              ->  Bitmap Index Scan on sbtest8_pkey  (cost=0.00..22.32 rows=989 width=0)
	                    Index Cond: ((id >= 2774033) AND (id <= 2775032))

for: simple_ranges
table 1 : explain SELECT c FROM sbtest1 WHERE id BETWEEN 3036427 AND 3037426
	Bitmap Heap Scan on sbtest1  (cost=22.14..3659.57 rows=947 width=121)
	  Recheck Cond: ((id >= 3036427) AND (id <= 3037426))
	  ->  Bitmap Index Scan on sbtest1_pkey  (cost=0.00..21.90 rows=947 width=0)
	        Index Cond: ((id >= 3036427) AND (id <= 3037426))

table 2 : explain SELECT c FROM sbtest2 WHERE id BETWEEN 2144898 AND 2145897
	Bitmap Heap Scan on sbtest2  (cost=22.81..3905.40 rows=1012 width=121)
	  Recheck Cond: ((id >= 2144898) AND (id <= 2145897))
	  ->  Bitmap Index Scan on sbtest2_pkey  (cost=0.00..22.55 rows=1012 width=0)
	        Index Cond: ((id >= 2144898) AND (id <= 2145897))

table 3 : explain SELECT c FROM sbtest3 WHERE id BETWEEN 189264 AND 190263
	Bitmap Heap Scan on sbtest3  (cost=22.29..3713.43 rows=961 width=121)
	  Recheck Cond: ((id >= 189264) AND (id <= 190263))
	  ->  Bitmap Index Scan on sbtest3_pkey  (cost=0.00..22.04 rows=961 width=0)
	        Index Cond: ((id >= 189264) AND (id <= 190263))

table 4 : explain SELECT c FROM sbtest4 WHERE id BETWEEN 3223932 AND 3224931
	Bitmap Heap Scan on sbtest4  (cost=22.97..3966.57 rows=1028 width=121)
	  Recheck Cond: ((id >= 3223932) AND (id <= 3224931))
	  ->  Bitmap Index Scan on sbtest4_pkey  (cost=0.00..22.71 rows=1028 width=0)
	        Index Cond: ((id >= 3223932) AND (id <= 3224931))

table 5 : explain SELECT c FROM sbtest5 WHERE id BETWEEN 1249501 AND 1250500
	Bitmap Heap Scan on sbtest5  (cost=21.92..3578.45 rows=925 width=121)
	  Recheck Cond: ((id >= 1249501) AND (id <= 1250500))
	  ->  Bitmap Index Scan on sbtest5_pkey  (cost=0.00..21.68 rows=925 width=0)
	        Index Cond: ((id >= 1249501) AND (id <= 1250500))

table 6 : explain SELECT c FROM sbtest6 WHERE id BETWEEN 1304836 AND 1305835
	Bitmap Heap Scan on sbtest6  (cost=22.92..3948.62 rows=1023 width=121)
	  Recheck Cond: ((id >= 1304836) AND (id <= 1305835))
	  ->  Bitmap Index Scan on sbtest6_pkey  (cost=0.00..22.66 rows=1023 width=0)
	        Index Cond: ((id >= 1304836) AND (id <= 1305835))

table 7 : explain SELECT c FROM sbtest7 WHERE id BETWEEN 2352766 AND 2353765
	Bitmap Heap Scan on sbtest7  (cost=22.31..3722.47 rows=963 width=121)
	  Recheck Cond: ((id >= 2352766) AND (id <= 2353765))
	  ->  Bitmap Index Scan on sbtest7_pkey  (cost=0.00..22.07 rows=963 width=0)
	        Index Cond: ((id >= 2352766) AND (id <= 2353765))

table 8 : explain SELECT c FROM sbtest8 WHERE id BETWEEN 4532083 AND 4533082
	Bitmap Heap Scan on sbtest8  (cost=22.46..3779.08 rows=978 width=121)
	  Recheck Cond: ((id >= 4532083) AND (id <= 4533082))
	  ->  Bitmap Index Scan on sbtest8_pkey  (cost=0.00..22.21 rows=978 width=0)
	        Index Cond: ((id >= 4532083) AND (id <= 4533082))

for point_selects
table 1 : explain SELECT c FROM sbtest1 WHERE id=9411645
	Index Scan using sbtest1_pkey on sbtest1  (cost=0.43..8.45 rows=1 width=121)
	  Index Cond: (id = 9411645)

table 2 : explain SELECT c FROM sbtest2 WHERE id=5124970
	Index Scan using sbtest2_pkey on sbtest2  (cost=0.43..8.45 rows=1 width=121)
	  Index Cond: (id = 5124970)

table 3 : explain SELECT c FROM sbtest3 WHERE id=5513261
	Index Scan using sbtest3_pkey on sbtest3  (cost=0.43..8.45 rows=1 width=121)
	  Index Cond: (id = 5513261)

table 4 : explain SELECT c FROM sbtest4 WHERE id=9207182
	Index Scan using sbtest4_pkey on sbtest4  (cost=0.43..8.45 rows=1 width=121)
	  Index Cond: (id = 9207182)

table 5 : explain SELECT c FROM sbtest5 WHERE id=5952406
	Index Scan using sbtest5_pkey on sbtest5  (cost=0.43..8.45 rows=1 width=121)
	  Index Cond: (id = 5952406)

table 6 : explain SELECT c FROM sbtest6 WHERE id=6614307
	Index Scan using sbtest6_pkey on sbtest6  (cost=0.43..8.45 rows=1 width=121)
	  Index Cond: (id = 6614307)

table 7 : explain SELECT c FROM sbtest7 WHERE id=7155177
	Index Scan using sbtest7_pkey on sbtest7  (cost=0.43..8.45 rows=1 width=121)
	  Index Cond: (id = 7155177)

table 8 : explain SELECT c FROM sbtest8 WHERE id=3640276
	Index Scan using sbtest8_pkey on sbtest8  (cost=0.43..8.45 rows=1 width=121)
	  Index Cond: (id = 3640276)

for: order_ranges
table 1 : explain SELECT c FROM sbtest1 WHERE id BETWEEN 4957924 AND 4958923 ORDER BY c
	Sort  (cost=3729.35..3731.73 rows=953 width=121)
	  Sort Key: c
	  ->  Bitmap Heap Scan on sbtest1  (cost=22.20..3682.19 rows=953 width=121)
	        Recheck Cond: ((id >= 4957924) AND (id <= 4958923))
	        ->  Bitmap Index Scan on sbtest1_pkey  (cost=0.00..21.96 rows=953 width=0)
	              Index Cond: ((id >= 4957924) AND (id <= 4958923))

table 2 : explain SELECT c FROM sbtest2 WHERE id BETWEEN 7662485 AND 7663484 ORDER BY c
	Sort  (cost=3718.81..3721.18 rows=950 width=121)
	  Sort Key: c
	  ->  Bitmap Heap Scan on sbtest2  (cost=22.17..3671.82 rows=950 width=121)
	        Recheck Cond: ((id >= 7662485) AND (id <= 7663484))
	        ->  Bitmap Index Scan on sbtest2_pkey  (cost=0.00..21.93 rows=950 width=0)
	              Index Cond: ((id >= 7662485) AND (id <= 7663484))

table 3 : explain SELECT c FROM sbtest3 WHERE id BETWEEN 1956319 AND 1957318 ORDER BY c
	Sort  (cost=4139.30..4141.95 rows=1060 width=121)
	  Sort Key: c
	  ->  Bitmap Heap Scan on sbtest3  (cost=23.30..4086.03 rows=1060 width=121)
	        Recheck Cond: ((id >= 1956319) AND (id <= 1957318))
	        ->  Bitmap Index Scan on sbtest3_pkey  (cost=0.00..23.04 rows=1060 width=0)
	              Index Cond: ((id >= 1956319) AND (id <= 1957318))

table 4 : explain SELECT c FROM sbtest4 WHERE id BETWEEN 9099261 AND 9100260 ORDER BY c
	Sort  (cost=4143.98..4146.64 rows=1061 width=121)
	  Sort Key: c
	  ->  Bitmap Heap Scan on sbtest4  (cost=23.31..4090.66 rows=1061 width=121)
	        Recheck Cond: ((id >= 9099261) AND (id <= 9100260))
	        ->  Bitmap Index Scan on sbtest4_pkey  (cost=0.00..23.04 rows=1061 width=0)
	              Index Cond: ((id >= 9099261) AND (id <= 9100260))

table 5 : explain SELECT c FROM sbtest5 WHERE id BETWEEN 6568745 AND 6569744 ORDER BY c
	Sort  (cost=3976.11..3978.65 rows=1017 width=121)
	  Sort Key: c
	  ->  Bitmap Heap Scan on sbtest5  (cost=22.86..3925.31 rows=1017 width=121)
	        Recheck Cond: ((id >= 6568745) AND (id <= 6569744))
	        ->  Bitmap Index Scan on sbtest5_pkey  (cost=0.00..22.61 rows=1017 width=0)
	              Index Cond: ((id >= 6568745) AND (id <= 6569744))

table 6 : explain SELECT c FROM sbtest6 WHERE id BETWEEN 570431 AND 571430 ORDER BY c
	Sort  (cost=3816.18..3818.62 rows=975 width=121)
	  Sort Key: c
	  ->  Bitmap Heap Scan on sbtest6  (cost=22.43..3767.77 rows=975 width=121)
	        Recheck Cond: ((id >= 570431) AND (id <= 571430))
	        ->  Bitmap Index Scan on sbtest6_pkey  (cost=0.00..22.18 rows=975 width=0)
	              Index Cond: ((id >= 570431) AND (id <= 571430))

table 7 : explain SELECT c FROM sbtest7 WHERE id BETWEEN 9062115 AND 9063114 ORDER BY c
	Sort  (cost=4267.12..4269.85 rows=1092 width=121)
	  Sort Key: c
	  ->  Bitmap Heap Scan on sbtest7  (cost=27.63..4212.02 rows=1092 width=121)
	        Recheck Cond: ((id >= 9062115) AND (id <= 9063114))
	        ->  Bitmap Index Scan on sbtest7_pkey  (cost=0.00..27.36 rows=1092 width=0)
	              Index Cond: ((id >= 9062115) AND (id <= 9063114))

table 8 : explain SELECT c FROM sbtest8 WHERE id BETWEEN 631720 AND 632719 ORDER BY c
	Sort  (cost=4129.62..4132.26 rows=1057 width=121)
	  Sort Key: c
	  ->  Bitmap Heap Scan on sbtest8  (cost=23.27..4076.53 rows=1057 width=121)
	        Recheck Cond: ((id >= 631720) AND (id <= 632719))
	        ->  Bitmap Index Scan on sbtest8_pkey  (cost=0.00..23.00 rows=1057 width=0)
	              Index Cond: ((id >= 631720) AND (id <= 632719))

for: order_ranges
table 1 : explain SELECT c FROM sbtest1 WHERE id BETWEEN 9503297 AND 9504296 ORDER BY c
	Sort  (cost=3756.13..3758.53 rows=960 width=121)
	  Sort Key: c
	  ->  Bitmap Heap Scan on sbtest1  (cost=22.27..3708.57 rows=960 width=121)
	        Recheck Cond: ((id >= 9503297) AND (id <= 9504296))
	        ->  Bitmap Index Scan on sbtest1_pkey  (cost=0.00..22.04 rows=960 width=0)
	              Index Cond: ((id >= 9503297) AND (id <= 9504296))

table 2 : explain SELECT c FROM sbtest2 WHERE id BETWEEN 8656228 AND 8657227 ORDER BY c
	Sort  (cost=3657.54..3659.88 rows=934 width=121)
	  Sort Key: c
	  ->  Bitmap Heap Scan on sbtest2  (cost=22.01..3611.46 rows=934 width=121)
	        Recheck Cond: ((id >= 8656228) AND (id <= 8657227))
	        ->  Bitmap Index Scan on sbtest2_pkey  (cost=0.00..21.77 rows=934 width=0)
	              Index Cond: ((id >= 8656228) AND (id <= 8657227))

table 3 : explain SELECT c FROM sbtest3 WHERE id BETWEEN 4836614 AND 4837613 ORDER BY c
	Sort  (cost=4166.00..4168.66 rows=1067 width=121)
	  Sort Key: c
	  ->  Bitmap Heap Scan on sbtest3  (cost=23.37..4112.33 rows=1067 width=121)
	        Recheck Cond: ((id >= 4836614) AND (id <= 4837613))
	        ->  Bitmap Index Scan on sbtest3_pkey  (cost=0.00..23.11 rows=1067 width=0)
	              Index Cond: ((id >= 4836614) AND (id <= 4837613))

table 4 : explain SELECT c FROM sbtest4 WHERE id BETWEEN 5600810 AND 5601809 ORDER BY c
	Sort  (cost=3650.72..3653.05 rows=932 width=121)
	  Sort Key: c
	  ->  Bitmap Heap Scan on sbtest4  (cost=21.99..3604.76 rows=932 width=121)
	        Recheck Cond: ((id >= 5600810) AND (id <= 5601809))
	        ->  Bitmap Index Scan on sbtest4_pkey  (cost=0.00..21.75 rows=932 width=0)
	              Index Cond: ((id >= 5600810) AND (id <= 5601809))

table 5 : explain SELECT c FROM sbtest5 WHERE id BETWEEN 8098415 AND 8099414 ORDER BY c
	Sort  (cost=3872.89..3875.36 rows=990 width=121)
	  Sort Key: c
	  ->  Bitmap Heap Scan on sbtest5  (cost=22.58..3823.63 rows=990 width=121)
	        Recheck Cond: ((id >= 8098415) AND (id <= 8099414))
	        ->  Bitmap Index Scan on sbtest5_pkey  (cost=0.00..22.33 rows=990 width=0)
	              Index Cond: ((id >= 8098415) AND (id <= 8099414))

table 6 : explain SELECT c FROM sbtest6 WHERE id BETWEEN 3336118 AND 3337117 ORDER BY c
	Sort  (cost=3425.11..3427.30 rows=873 width=121)
	  Sort Key: c
	  ->  Bitmap Heap Scan on sbtest6  (cost=21.38..3382.47 rows=873 width=121)
	        Recheck Cond: ((id >= 3336118) AND (id <= 3337117))
	        ->  Bitmap Index Scan on sbtest6_pkey  (cost=0.00..21.16 rows=873 width=0)
	              Index Cond: ((id >= 3336118) AND (id <= 3337117))

table 7 : explain SELECT c FROM sbtest7 WHERE id BETWEEN 2850712 AND 2851711 ORDER BY c
	Sort  (cost=3938.55..3941.07 rows=1007 width=121)
	  Sort Key: c
	  ->  Bitmap Heap Scan on sbtest7  (cost=22.76..3888.32 rows=1007 width=121)
	        Recheck Cond: ((id >= 2850712) AND (id <= 2851711))
	        ->  Bitmap Index Scan on sbtest7_pkey  (cost=0.00..22.50 rows=1007 width=0)
	              Index Cond: ((id >= 2850712) AND (id <= 2851711))

table 8 : explain SELECT c FROM sbtest8 WHERE id BETWEEN 4865452 AND 4866451 ORDER BY c
	Sort  (cost=3999.75..4002.31 rows=1023 width=121)
	  Sort Key: c
	  ->  Bitmap Heap Scan on sbtest8  (cost=22.92..3948.61 rows=1023 width=121)
	        Recheck Cond: ((id >= 4865452) AND (id <= 4866451))
	        ->  Bitmap Index Scan on sbtest8_pkey  (cost=0.00..22.66 rows=1023 width=0)
	              Index Cond: ((id >= 4865452) AND (id <= 4866451))

for point_selects
table 1 : explain SELECT c FROM sbtest1 WHERE id=7918506
	Index Scan using sbtest1_pkey on sbtest1  (cost=0.43..8.45 rows=1 width=121)
	  Index Cond: (id = 7918506)

table 2 : explain SELECT c FROM sbtest2 WHERE id=7244268
	Index Scan using sbtest2_pkey on sbtest2  (cost=0.43..8.45 rows=1 width=121)
	  Index Cond: (id = 7244268)

table 3 : explain SELECT c FROM sbtest3 WHERE id=5653783
	Index Scan using sbtest3_pkey on sbtest3  (cost=0.43..8.45 rows=1 width=121)
	  Index Cond: (id = 5653783)

table 4 : explain SELECT c FROM sbtest4 WHERE id=5453621
	Index Scan using sbtest4_pkey on sbtest4  (cost=0.43..8.45 rows=1 width=121)
	  Index Cond: (id = 5453621)

table 5 : explain SELECT c FROM sbtest5 WHERE id=3920590
	Index Scan using sbtest5_pkey on sbtest5  (cost=0.43..8.45 rows=1 width=121)
	  Index Cond: (id = 3920590)

table 6 : explain SELECT c FROM sbtest6 WHERE id=275251
	Index Scan using sbtest6_pkey on sbtest6  (cost=0.43..8.45 rows=1 width=121)
	  Index Cond: (id = 275251)

table 7 : explain SELECT c FROM sbtest7 WHERE id=3793472
	Index Scan using sbtest7_pkey on sbtest7  (cost=0.43..8.45 rows=1 width=121)
	  Index Cond: (id = 3793472)

table 8 : explain SELECT c FROM sbtest8 WHERE id=2799852
	Index Scan using sbtest8_pkey on sbtest8  (cost=0.43..8.45 rows=1 width=121)
	  Index Cond: (id = 2799852)

for: order_ranges
table 1 : explain SELECT c FROM sbtest1 WHERE id BETWEEN 6738759 AND 6739758 ORDER BY c
	Sort  (cost=3905.22..3907.72 rows=999 width=121)
	  Sort Key: c
	  ->  Bitmap Heap Scan on sbtest1  (cost=22.67..3855.45 rows=999 width=121)
	        Recheck Cond: ((id >= 6738759) AND (id <= 6739758))
	        ->  Bitmap Index Scan on sbtest1_pkey  (cost=0.00..22.43 rows=999 width=0)
	              Index Cond: ((id >= 6738759) AND (id <= 6739758))

table 2 : explain SELECT c FROM sbtest2 WHERE id BETWEEN 9162384 AND 9163383 ORDER BY c
	Sort  (cost=3925.34..3927.85 rows=1004 width=121)
	  Sort Key: c
	  ->  Bitmap Heap Scan on sbtest2  (cost=22.73..3875.29 rows=1004 width=121)
	        Recheck Cond: ((id >= 9162384) AND (id <= 9163383))
	        ->  Bitmap Index Scan on sbtest2_pkey  (cost=0.00..22.47 rows=1004 width=0)
	              Index Cond: ((id >= 9162384) AND (id <= 9163383))

table 3 : explain SELECT c FROM sbtest3 WHERE id BETWEEN 9686385 AND 9687384 ORDER BY c
	Sort  (cost=4024.80..4027.37 rows=1030 width=121)
	  Sort Key: c
	  ->  Bitmap Heap Scan on sbtest3  (cost=22.99..3973.26 rows=1030 width=121)
	        Recheck Cond: ((id >= 9686385) AND (id <= 9687384))
	        ->  Bitmap Index Scan on sbtest3_pkey  (cost=0.00..22.73 rows=1030 width=0)
	              Index Cond: ((id >= 9686385) AND (id <= 9687384))

table 4 : explain SELECT c FROM sbtest4 WHERE id BETWEEN 396304 AND 397303 ORDER BY c
	Sort  (cost=4040.91..4043.50 rows=1034 width=121)
	  Sort Key: c
	  ->  Bitmap Heap Scan on sbtest4  (cost=23.03..3989.14 rows=1034 width=121)
	        Recheck Cond: ((id >= 396304) AND (id <= 397303))
	        ->  Bitmap Index Scan on sbtest4_pkey  (cost=0.00..22.77 rows=1034 width=0)
	              Index Cond: ((id >= 396304) AND (id <= 397303))

table 5 : explain SELECT c FROM sbtest5 WHERE id BETWEEN 3990213 AND 3991212 ORDER BY c
	Sort  (cost=3849.94..3852.40 rows=984 width=121)
	  Sort Key: c
	  ->  Bitmap Heap Scan on sbtest5  (cost=22.52..3801.02 rows=984 width=121)
	        Recheck Cond: ((id >= 3990213) AND (id <= 3991212))
	        ->  Bitmap Index Scan on sbtest5_pkey  (cost=0.00..22.27 rows=984 width=0)
	              Index Cond: ((id >= 3990213) AND (id <= 3991212))

table 6 : explain SELECT c FROM sbtest6 WHERE id BETWEEN 2116329 AND 2117328 ORDER BY c
	Sort  (cost=3908.01..3910.50 rows=999 width=121)
	  Sort Key: c
	  ->  Bitmap Heap Scan on sbtest6  (cost=22.67..3858.23 rows=999 width=121)
	        Recheck Cond: ((id >= 2116329) AND (id <= 2117328))
	        ->  Bitmap Index Scan on sbtest6_pkey  (cost=0.00..22.43 rows=999 width=0)
	              Index Cond: ((id >= 2116329) AND (id <= 2117328))

table 7 : explain SELECT c FROM sbtest7 WHERE id BETWEEN 7859480 AND 7860479 ORDER BY c
	Sort  (cost=3797.00..3799.42 rows=970 width=121)
	  Sort Key: c
	  ->  Bitmap Heap Scan on sbtest7  (cost=22.38..3748.87 rows=970 width=121)
	        Recheck Cond: ((id >= 7859480) AND (id <= 7860479))
	        ->  Bitmap Index Scan on sbtest7_pkey  (cost=0.00..22.14 rows=970 width=0)
	              Index Cond: ((id >= 7859480) AND (id <= 7860479))

table 8 : explain SELECT c FROM sbtest8 WHERE id BETWEEN 671843 AND 672842 ORDER BY c
	Sort  (cost=4129.62..4132.26 rows=1057 width=121)
	  Sort Key: c
	  ->  Bitmap Heap Scan on sbtest8  (cost=23.27..4076.53 rows=1057 width=121)
	        Recheck Cond: ((id >= 671843) AND (id <= 672842))
	        ->  Bitmap Index Scan on sbtest8_pkey  (cost=0.00..23.00 rows=1057 width=0)
	              Index Cond: ((id >= 671843) AND (id <= 672842))

for: simple_ranges
table 1 : explain SELECT c FROM sbtest1 WHERE id BETWEEN 9588909 AND 9589908
	Bitmap Heap Scan on sbtest1  (cost=22.27..3708.57 rows=960 width=121)
	  Recheck Cond: ((id >= 9588909) AND (id <= 9589908))
	  ->  Bitmap Index Scan on sbtest1_pkey  (cost=0.00..22.04 rows=960 width=0)
	        Index Cond: ((id >= 9588909) AND (id <= 9589908))

table 2 : explain SELECT c FROM sbtest2 WHERE id BETWEEN 8200872 AND 8201871
	Bitmap Heap Scan on sbtest2  (cost=23.32..4093.40 rows=1062 width=121)
	  Recheck Cond: ((id >= 8200872) AND (id <= 8201871))
	  ->  Bitmap Index Scan on sbtest2_pkey  (cost=0.00..23.05 rows=1062 width=0)
	        Index Cond: ((id >= 8200872) AND (id <= 8201871))

table 3 : explain SELECT c FROM sbtest3 WHERE id BETWEEN 5606561 AND 5607560
	Bitmap Heap Scan on sbtest3  (cost=21.48..3415.17 rows=882 width=121)
	  Recheck Cond: ((id >= 5606561) AND (id <= 5607560))
	  ->  Bitmap Index Scan on sbtest3_pkey  (cost=0.00..21.25 rows=882 width=0)
	        Index Cond: ((id >= 5606561) AND (id <= 5607560))

table 4 : explain SELECT c FROM sbtest4 WHERE id BETWEEN 4303353 AND 4304352
	Bitmap Heap Scan on sbtest4  (cost=22.26..3706.64 rows=959 width=121)
	  Recheck Cond: ((id >= 4303353) AND (id <= 4304352))
	  ->  Bitmap Index Scan on sbtest4_pkey  (cost=0.00..22.02 rows=959 width=0)
	        Index Cond: ((id >= 4303353) AND (id <= 4304352))

table 5 : explain SELECT c FROM sbtest5 WHERE id BETWEEN 2320965 AND 2321964
	Bitmap Heap Scan on sbtest5  (cost=22.68..3861.30 rows=1000 width=121)
	  Recheck Cond: ((id >= 2320965) AND (id <= 2321964))
	  ->  Bitmap Index Scan on sbtest5_pkey  (cost=0.00..22.43 rows=1000 width=0)
	        Index Cond: ((id >= 2320965) AND (id <= 2321964))

table 6 : explain SELECT c FROM sbtest6 WHERE id BETWEEN 8114443 AND 8115442
	Bitmap Heap Scan on sbtest6  (cost=22.56..3816.78 rows=988 width=121)
	  Recheck Cond: ((id >= 8114443) AND (id <= 8115442))
	  ->  Bitmap Index Scan on sbtest6_pkey  (cost=0.00..22.32 rows=988 width=0)
	        Index Cond: ((id >= 8114443) AND (id <= 8115442))

table 7 : explain SELECT c FROM sbtest7 WHERE id BETWEEN 5753150 AND 5754149
	Bitmap Heap Scan on sbtest7  (cost=22.14..3662.10 rows=947 width=121)
	  Recheck Cond: ((id >= 5753150) AND (id <= 5754149))
	  ->  Bitmap Index Scan on sbtest7_pkey  (cost=0.00..21.90 rows=947 width=0)
	        Index Cond: ((id >= 5753150) AND (id <= 5754149))

table 8 : explain SELECT c FROM sbtest8 WHERE id BETWEEN 3400170 AND 3401169
	Bitmap Heap Scan on sbtest8  (cost=22.33..3730.05 rows=965 width=121)
	  Recheck Cond: ((id >= 3400170) AND (id <= 3401169))
	  ->  Bitmap Index Scan on sbtest8_pkey  (cost=0.00..22.08 rows=965 width=0)
	        Index Cond: ((id >= 3400170) AND (id <= 3401169))

for: sum_ranges
table 1 : explain SELECT SUM(k) FROM sbtest1 WHERE id BETWEEN 9551126 AND 9552125
	Aggregate  (cost=3710.97..3710.98 rows=1 width=8)
	  ->  Bitmap Heap Scan on sbtest1  (cost=22.27..3708.57 rows=960 width=4)
	        Recheck Cond: ((id >= 9551126) AND (id <= 9552125))
	        ->  Bitmap Index Scan on sbtest1_pkey  (cost=0.00..22.04 rows=960 width=0)
	              Index Cond: ((id >= 9551126) AND (id <= 9552125))

table 2 : explain SELECT SUM(k) FROM sbtest2 WHERE id BETWEEN 5902060 AND 5903059
	Aggregate  (cost=3428.61..3428.62 rows=1 width=8)
	  ->  Bitmap Heap Scan on sbtest2  (cost=21.51..3426.40 rows=885 width=4)
	        Recheck Cond: ((id >= 5902060) AND (id <= 5903059))
	        ->  Bitmap Index Scan on sbtest2_pkey  (cost=0.00..21.29 rows=885 width=0)
	              Index Cond: ((id >= 5902060) AND (id <= 5903059))

table 3 : explain SELECT SUM(k) FROM sbtest3 WHERE id BETWEEN 3406798 AND 3407797
	Aggregate  (cost=4190.15..4190.16 rows=1 width=8)
	  ->  Bitmap Heap Scan on sbtest3  (cost=23.58..4187.43 rows=1087 width=4)
	        Recheck Cond: ((id >= 3406798) AND (id <= 3407797))
	        ->  Bitmap Index Scan on sbtest3_pkey  (cost=0.00..23.30 rows=1087 width=0)
	              Index Cond: ((id >= 3406798) AND (id <= 3407797))

table 4 : explain SELECT SUM(k) FROM sbtest4 WHERE id BETWEEN 8813152 AND 8814151
	Aggregate  (cost=4266.46..4266.47 rows=1 width=8)
	  ->  Bitmap Heap Scan on sbtest4  (cost=27.78..4263.69 rows=1107 width=4)
	        Recheck Cond: ((id >= 8813152) AND (id <= 8814151))
	        ->  Bitmap Index Scan on sbtest4_pkey  (cost=0.00..27.50 rows=1107 width=0)
	              Index Cond: ((id >= 8813152) AND (id <= 8814151))

table 5 : explain SELECT SUM(k) FROM sbtest5 WHERE id BETWEEN 4357324 AND 4358323
	Aggregate  (cost=4048.32..4048.33 rows=1 width=8)
	  ->  Bitmap Heap Scan on sbtest5  (cost=23.19..4045.70 rows=1049 width=4)
	        Recheck Cond: ((id >= 4357324) AND (id <= 4358323))
	        ->  Bitmap Index Scan on sbtest5_pkey  (cost=0.00..22.93 rows=1049 width=0)
	              Index Cond: ((id >= 4357324) AND (id <= 4358323))

table 6 : explain SELECT SUM(k) FROM sbtest6 WHERE id BETWEEN 3368409 AND 3369408
	Aggregate  (cost=3834.34..3834.35 rows=1 width=8)
	  ->  Bitmap Heap Scan on sbtest6  (cost=22.60..3831.86 rows=992 width=4)
	        Recheck Cond: ((id >= 3368409) AND (id <= 3369408))
	        ->  Bitmap Index Scan on sbtest6_pkey  (cost=0.00..22.36 rows=992 width=0)
	              Index Cond: ((id >= 3368409) AND (id <= 3369408))

table 7 : explain SELECT SUM(k) FROM sbtest7 WHERE id BETWEEN 9465460 AND 9466459
	Aggregate  (cost=3834.29..3834.30 rows=1 width=8)
	  ->  Bitmap Heap Scan on sbtest7  (cost=22.60..3831.81 rows=992 width=4)
	        Recheck Cond: ((id >= 9465460) AND (id <= 9466459))
	        ->  Bitmap Index Scan on sbtest7_pkey  (cost=0.00..22.36 rows=992 width=0)
	              Index Cond: ((id >= 9465460) AND (id <= 9466459))

table 8 : explain SELECT SUM(k) FROM sbtest8 WHERE id BETWEEN 1160747 AND 1161746
	Aggregate  (cost=4229.82..4229.83 rows=1 width=8)
	  ->  Bitmap Heap Scan on sbtest8  (cost=27.67..4227.08 rows=1096 width=4)
	        Recheck Cond: ((id >= 1160747) AND (id <= 1161746))
	        ->  Bitmap Index Scan on sbtest8_pkey  (cost=0.00..27.39 rows=1096 width=0)
	              Index Cond: ((id >= 1160747) AND (id <= 1161746))

for: distinct_ranges
table 1 : explain SELECT DISTINCT c FROM sbtest1 WHERE id BETWEEN 8580308 AND 8581307 ORDER BY c
	Unique  (cost=3652.80..3657.46 rows=933 width=121)
	  ->  Sort  (cost=3652.80..3655.13 rows=933 width=121)
	        Sort Key: c
	        ->  Bitmap Heap Scan on sbtest1  (cost=22.00..3606.77 rows=933 width=121)
	              Recheck Cond: ((id >= 8580308) AND (id <= 8581307))
	              ->  Bitmap Index Scan on sbtest1_pkey  (cost=0.00..21.76 rows=933 width=0)
	                    Index Cond: ((id >= 8580308) AND (id <= 8581307))

table 2 : explain SELECT DISTINCT c FROM sbtest2 WHERE id BETWEEN 9603959 AND 9604958 ORDER BY c
	Unique  (cost=3699.67..3704.39 rows=945 width=121)
	  ->  Sort  (cost=3699.67..3702.03 rows=945 width=121)
	        Sort Key: c
	        ->  Bitmap Heap Scan on sbtest2  (cost=22.12..3652.96 rows=945 width=121)
	              Recheck Cond: ((id >= 9603959) AND (id <= 9604958))
	              ->  Bitmap Index Scan on sbtest2_pkey  (cost=0.00..21.89 rows=945 width=0)
	                    Index Cond: ((id >= 9603959) AND (id <= 9604958))

table 3 : explain SELECT DISTINCT c FROM sbtest3 WHERE id BETWEEN 9785433 AND 9786432 ORDER BY c
	Unique  (cost=3906.37..3911.37 rows=999 width=121)
	  ->  Sort  (cost=3906.37..3908.87 rows=999 width=121)
	        Sort Key: c
	        ->  Bitmap Heap Scan on sbtest3  (cost=22.67..3856.60 rows=999 width=121)
	              Recheck Cond: ((id >= 9785433) AND (id <= 9786432))
	              ->  Bitmap Index Scan on sbtest3_pkey  (cost=0.00..22.43 rows=999 width=0)
	                    Index Cond: ((id >= 9785433) AND (id <= 9786432))

table 4 : explain SELECT DISTINCT c FROM sbtest4 WHERE id BETWEEN 9572432 AND 9573431 ORDER BY c
	Unique  (cost=3872.75..3877.70 rows=990 width=121)
	  ->  Sort  (cost=3872.75..3875.23 rows=990 width=121)
	        Sort Key: c
	        ->  Bitmap Heap Scan on sbtest4  (cost=22.58..3823.49 rows=990 width=121)
	              Recheck Cond: ((id >= 9572432) AND (id <= 9573431))
	              ->  Bitmap Index Scan on sbtest4_pkey  (cost=0.00..22.33 rows=990 width=0)
	                    Index Cond: ((id >= 9572432) AND (id <= 9573431))

table 5 : explain SELECT DISTINCT c FROM sbtest5 WHERE id BETWEEN 7964166 AND 7965165 ORDER BY c
	Unique  (cost=3903.48..3908.47 rows=998 width=121)
	  ->  Sort  (cost=3903.48..3905.98 rows=998 width=121)
	        Sort Key: c
	        ->  Bitmap Heap Scan on sbtest5  (cost=22.66..3853.77 rows=998 width=121)
	              Recheck Cond: ((id >= 7964166) AND (id <= 7965165))
	              ->  Bitmap Index Scan on sbtest5_pkey  (cost=0.00..22.41 rows=998 width=0)
	                    Index Cond: ((id >= 7964166) AND (id <= 7965165))

table 6 : explain SELECT DISTINCT c FROM sbtest6 WHERE id BETWEEN 2634337 AND 2635336 ORDER BY c
	Unique  (cost=3950.07..3955.12 rows=1010 width=121)
	  ->  Sort  (cost=3950.07..3952.59 rows=1010 width=121)
	        Sort Key: c
	        ->  Bitmap Heap Scan on sbtest6  (cost=22.79..3899.67 rows=1010 width=121)
	              Recheck Cond: ((id >= 2634337) AND (id <= 2635336))
	              ->  Bitmap Index Scan on sbtest6_pkey  (cost=0.00..22.54 rows=1010 width=0)
	                    Index Cond: ((id >= 2634337) AND (id <= 2635336))

table 7 : explain SELECT DISTINCT c FROM sbtest7 WHERE id BETWEEN 2486597 AND 2487596 ORDER BY c
	Unique  (cost=3701.25..3705.98 rows=945 width=121)
	  ->  Sort  (cost=3701.25..3703.62 rows=945 width=121)
	        Sort Key: c
	        ->  Bitmap Heap Scan on sbtest7  (cost=22.12..3654.55 rows=945 width=121)
	              Recheck Cond: ((id >= 2486597) AND (id <= 2487596))
	              ->  Bitmap Index Scan on sbtest7_pkey  (cost=0.00..21.89 rows=945 width=0)
	                    Index Cond: ((id >= 2486597) AND (id <= 2487596))

table 8 : explain SELECT DISTINCT c FROM sbtest8 WHERE id BETWEEN 4074878 AND 4075877 ORDER BY c
	Unique  (cost=4060.89..4066.08 rows=1039 width=121)
	  ->  Sort  (cost=4060.89..4063.48 rows=1039 width=121)
	        Sort Key: c
	        ->  Bitmap Heap Scan on sbtest8  (cost=23.08..4008.83 rows=1039 width=121)
	              Recheck Cond: ((id >= 4074878) AND (id <= 4075877))
	              ->  Bitmap Index Scan on sbtest8_pkey  (cost=0.00..22.82 rows=1039 width=0)
	                    Index Cond: ((id >= 4074878) AND (id <= 4075877))

for: distinct_ranges
table 1 : explain SELECT DISTINCT c FROM sbtest1 WHERE id BETWEEN 7024949 AND 7025948 ORDER BY c
	Unique  (cost=4118.97..4124.25 rows=1055 width=121)
	  ->  Sort  (cost=4118.97..4121.61 rows=1055 width=121)
	        Sort Key: c
	        ->  Bitmap Heap Scan on sbtest1  (cost=23.25..4065.99 rows=1055 width=121)
	              Recheck Cond: ((id >= 7024949) AND (id <= 7025948))
	              ->  Bitmap Index Scan on sbtest1_pkey  (cost=0.00..22.98 rows=1055 width=0)
	                    Index Cond: ((id >= 7024949) AND (id <= 7025948))

table 2 : explain SELECT DISTINCT c FROM sbtest2 WHERE id BETWEEN 7836191 AND 7837190 ORDER BY c
	Unique  (cost=4028.47..4033.63 rows=1031 width=121)
	  ->  Sort  (cost=4028.47..4031.05 rows=1031 width=121)
	        Sort Key: c
	        ->  Bitmap Heap Scan on sbtest2  (cost=23.00..3976.87 rows=1031 width=121)
	              Recheck Cond: ((id >= 7836191) AND (id <= 7837190))
	              ->  Bitmap Index Scan on sbtest2_pkey  (cost=0.00..22.75 rows=1031 width=0)
	                    Index Cond: ((id >= 7836191) AND (id <= 7837190))

table 3 : explain SELECT DISTINCT c FROM sbtest3 WHERE id BETWEEN 9333732 AND 9334731 ORDER BY c
	Unique  (cost=4162.18..4167.51 rows=1066 width=121)
	  ->  Sort  (cost=4162.18..4164.85 rows=1066 width=121)
	        Sort Key: c
	        ->  Bitmap Heap Scan on sbtest3  (cost=23.36..4108.57 rows=1066 width=121)
	              Recheck Cond: ((id >= 9333732) AND (id <= 9334731))
	              ->  Bitmap Index Scan on sbtest3_pkey  (cost=0.00..23.09 rows=1066 width=0)
	                    Index Cond: ((id >= 9333732) AND (id <= 9334731))

table 4 : explain SELECT DISTINCT c FROM sbtest4 WHERE id BETWEEN 8157921 AND 8158920 ORDER BY c
	Unique  (cost=3704.36..3709.09 rows=946 width=121)
	  ->  Sort  (cost=3704.36..3706.72 rows=946 width=121)
	        Sort Key: c
	        ->  Bitmap Heap Scan on sbtest4  (cost=22.13..3657.60 rows=946 width=121)
	              Recheck Cond: ((id >= 8157921) AND (id <= 8158920))
	              ->  Bitmap Index Scan on sbtest4_pkey  (cost=0.00..21.89 rows=946 width=0)
	                    Index Cond: ((id >= 8157921) AND (id <= 8158920))

table 5 : explain SELECT DISTINCT c FROM sbtest5 WHERE id BETWEEN 5802875 AND 5803874 ORDER BY c
	Unique  (cost=3539.67..3544.18 rows=903 width=121)
	  ->  Sort  (cost=3539.67..3541.93 rows=903 width=121)
	        Sort Key: c
	        ->  Bitmap Heap Scan on sbtest5  (cost=21.69..3495.34 rows=903 width=121)
	              Recheck Cond: ((id >= 5802875) AND (id <= 5803874))
	              ->  Bitmap Index Scan on sbtest5_pkey  (cost=0.00..21.46 rows=903 width=0)
	                    Index Cond: ((id >= 5802875) AND (id <= 5803874))

table 6 : explain SELECT DISTINCT c FROM sbtest6 WHERE id BETWEEN 4400128 AND 4401127 ORDER BY c
	Unique  (cost=3731.94..3736.71 rows=953 width=121)
	  ->  Sort  (cost=3731.94..3734.33 rows=953 width=121)
	        Sort Key: c
	        ->  Bitmap Heap Scan on sbtest6  (cost=22.20..3684.79 rows=953 width=121)
	              Recheck Cond: ((id >= 4400128) AND (id <= 4401127))
	              ->  Bitmap Index Scan on sbtest6_pkey  (cost=0.00..21.96 rows=953 width=0)
	                    Index Cond: ((id >= 4400128) AND (id <= 4401127))

table 7 : explain SELECT DISTINCT c FROM sbtest7 WHERE id BETWEEN 6459060 AND 6460059 ORDER BY c
	Unique  (cost=4076.12..4081.34 rows=1043 width=121)
	  ->  Sort  (cost=4076.12..4078.73 rows=1043 width=121)
	        Sort Key: c
	        ->  Bitmap Heap Scan on sbtest7  (cost=23.13..4023.83 rows=1043 width=121)
	              Recheck Cond: ((id >= 6459060) AND (id <= 6460059))
	              ->  Bitmap Index Scan on sbtest7_pkey  (cost=0.00..22.86 rows=1043 width=0)
	                    Index Cond: ((id >= 6459060) AND (id <= 6460059))

table 8 : explain SELECT DISTINCT c FROM sbtest8 WHERE id BETWEEN 7041432 AND 7042431 ORDER BY c
	Unique  (cost=3904.17..3909.16 rows=998 width=121)
	  ->  Sort  (cost=3904.17..3906.67 rows=998 width=121)
	        Sort Key: c
	        ->  Bitmap Heap Scan on sbtest8  (cost=22.66..3854.46 rows=998 width=121)
	              Recheck Cond: ((id >= 7041432) AND (id <= 7042431))
	              ->  Bitmap Index Scan on sbtest8_pkey  (cost=0.00..22.41 rows=998 width=0)
	                    Index Cond: ((id >= 7041432) AND (id <= 7042431))

for: simple_ranges
table 1 : explain SELECT c FROM sbtest1 WHERE id BETWEEN 7332071 AND 7333070
	Bitmap Heap Scan on sbtest1  (cost=22.54..3806.51 rows=986 width=121)
	  Recheck Cond: ((id >= 7332071) AND (id <= 7333070))
	  ->  Bitmap Index Scan on sbtest1_pkey  (cost=0.00..22.29 rows=986 width=0)
	        Index Cond: ((id >= 7332071) AND (id <= 7333070))

table 2 : explain SELECT c FROM sbtest2 WHERE id BETWEEN 3548337 AND 3549336
	Bitmap Heap Scan on sbtest2  (cost=22.64..3845.17 rows=996 width=121)
	  Recheck Cond: ((id >= 3548337) AND (id <= 3549336))
	  ->  Bitmap Index Scan on sbtest2_pkey  (cost=0.00..22.39 rows=996 width=0)
	        Index Cond: ((id >= 3548337) AND (id <= 3549336))

table 3 : explain SELECT c FROM sbtest3 WHERE id BETWEEN 930412 AND 931411
	Bitmap Heap Scan on sbtest3  (cost=21.67..3486.98 rows=901 width=121)
	  Recheck Cond: ((id >= 930412) AND (id <= 931411))
	  ->  Bitmap Index Scan on sbtest3_pkey  (cost=0.00..21.44 rows=901 width=0)
	        Index Cond: ((id >= 930412) AND (id <= 931411))

table 4 : explain SELECT c FROM sbtest4 WHERE id BETWEEN 1570818 AND 1571817
	Bitmap Heap Scan on sbtest4  (cost=23.01..3981.62 rows=1032 width=121)
	  Recheck Cond: ((id >= 1570818) AND (id <= 1571817))
	  ->  Bitmap Index Scan on sbtest4_pkey  (cost=0.00..22.75 rows=1032 width=0)
	        Index Cond: ((id >= 1570818) AND (id <= 1571817))

table 5 : explain SELECT c FROM sbtest5 WHERE id BETWEEN 3323577 AND 3324576
	Bitmap Heap Scan on sbtest5  (cost=21.28..3344.06 rows=863 width=121)
	  Recheck Cond: ((id >= 3323577) AND (id <= 3324576))
	  ->  Bitmap Index Scan on sbtest5_pkey  (cost=0.00..21.07 rows=863 width=0)
	        Index Cond: ((id >= 3323577) AND (id <= 3324576))

table 6 : explain SELECT c FROM sbtest6 WHERE id BETWEEN 9631699 AND 9632698
	Bitmap Heap Scan on sbtest6  (cost=22.43..3767.77 rows=975 width=121)
	  Recheck Cond: ((id >= 9631699) AND (id <= 9632698))
	  ->  Bitmap Index Scan on sbtest6_pkey  (cost=0.00..22.18 rows=975 width=0)
	        Index Cond: ((id >= 9631699) AND (id <= 9632698))

table 7 : explain SELECT c FROM sbtest7 WHERE id BETWEEN 5535741 AND 5536740
	Bitmap Heap Scan on sbtest7  (cost=22.15..3665.87 rows=948 width=121)
	  Recheck Cond: ((id >= 5535741) AND (id <= 5536740))
	  ->  Bitmap Index Scan on sbtest7_pkey  (cost=0.00..21.91 rows=948 width=0)
	        Index Cond: ((id >= 5535741) AND (id <= 5536740))

table 8 : explain SELECT c FROM sbtest8 WHERE id BETWEEN 903982 AND 904981
	Bitmap Heap Scan on sbtest8  (cost=22.90..3941.08 rows=1021 width=121)
	  Recheck Cond: ((id >= 903982) AND (id <= 904981))
	  ->  Bitmap Index Scan on sbtest8_pkey  (cost=0.00..22.64 rows=1021 width=0)
	        Index Cond: ((id >= 903982) AND (id <= 904981))

for: distinct_ranges
table 1 : explain SELECT DISTINCT c FROM sbtest1 WHERE id BETWEEN 5343270 AND 5344269 ORDER BY c
	Unique  (cost=4195.22..4200.59 rows=1075 width=121)
	  ->  Sort  (cost=4195.22..4197.91 rows=1075 width=121)
	        Sort Key: c
	        ->  Bitmap Heap Scan on sbtest1  (cost=23.45..4141.09 rows=1075 width=121)
	              Recheck Cond: ((id >= 5343270) AND (id <= 5344269))
	              ->  Bitmap Index Scan on sbtest1_pkey  (cost=0.00..23.18 rows=1075 width=0)
	                    Index Cond: ((id >= 5343270) AND (id <= 5344269))

table 2 : explain SELECT DISTINCT c FROM sbtest2 WHERE id BETWEEN 3048488 AND 3049487 ORDER BY c
	Unique  (cost=3772.39..3777.21 rows=964 width=121)
	  ->  Sort  (cost=3772.39..3774.80 rows=964 width=121)
	        Sort Key: c
	        ->  Bitmap Heap Scan on sbtest2  (cost=22.32..3724.61 rows=964 width=121)
	              Recheck Cond: ((id >= 3048488) AND (id <= 3049487))
	              ->  Bitmap Index Scan on sbtest2_pkey  (cost=0.00..22.07 rows=964 width=0)
	                    Index Cond: ((id >= 3048488) AND (id <= 3049487))

table 3 : explain SELECT DISTINCT c FROM sbtest3 WHERE id BETWEEN 479001 AND 480000 ORDER BY c
	Unique  (cost=3780.17..3785.00 rows=966 width=121)
	  ->  Sort  (cost=3780.17..3782.59 rows=966 width=121)
	        Sort Key: c
	        ->  Bitmap Heap Scan on sbtest3  (cost=22.34..3732.28 rows=966 width=121)
	              Recheck Cond: ((id >= 479001) AND (id <= 480000))
	              ->  Bitmap Index Scan on sbtest3_pkey  (cost=0.00..22.09 rows=966 width=0)
	                    Index Cond: ((id >= 479001) AND (id <= 480000))

table 4 : explain SELECT DISTINCT c FROM sbtest4 WHERE id BETWEEN 9441431 AND 9442430 ORDER BY c
	Unique  (cost=3865.10..3870.04 rows=988 width=121)
	  ->  Sort  (cost=3865.10..3867.57 rows=988 width=121)
	        Sort Key: c
	        ->  Bitmap Heap Scan on sbtest4  (cost=22.56..3815.96 rows=988 width=121)
	              Recheck Cond: ((id >= 9441431) AND (id <= 9442430))
	              ->  Bitmap Index Scan on sbtest4_pkey  (cost=0.00..22.32 rows=988 width=0)
	                    Index Cond: ((id >= 9441431) AND (id <= 9442430))

table 5 : explain SELECT DISTINCT c FROM sbtest5 WHERE id BETWEEN 4087636 AND 4088635 ORDER BY c
	Unique  (cost=3880.54..3885.50 rows=992 width=121)
	  ->  Sort  (cost=3880.54..3883.02 rows=992 width=121)
	        Sort Key: c
	        ->  Bitmap Heap Scan on sbtest5  (cost=22.60..3831.16 rows=992 width=121)
	              Recheck Cond: ((id >= 4087636) AND (id <= 4088635))
	              ->  Bitmap Index Scan on sbtest5_pkey  (cost=0.00..22.36 rows=992 width=0)
	                    Index Cond: ((id >= 4087636) AND (id <= 4088635))

table 6 : explain SELECT DISTINCT c FROM sbtest6 WHERE id BETWEEN 7674628 AND 7675627 ORDER BY c
	Unique  (cost=4518.70..4524.50 rows=1159 width=121)
	  ->  Sort  (cost=4518.70..4521.60 rows=1159 width=121)
	        Sort Key: c
	        ->  Bitmap Heap Scan on sbtest6  (cost=28.31..4459.72 rows=1159 width=121)
	              Recheck Cond: ((id >= 7674628) AND (id <= 7675627))
	              ->  Bitmap Index Scan on sbtest6_pkey  (cost=0.00..28.02 rows=1159 width=0)
	                    Index Cond: ((id >= 7674628) AND (id <= 7675627))

table 7 : explain SELECT DISTINCT c FROM sbtest7 WHERE id BETWEEN 6520616 AND 6521615 ORDER BY c
	Unique  (cost=4068.48..4073.69 rows=1041 width=121)
	  ->  Sort  (cost=4068.48..4071.09 rows=1041 width=121)
	        Sort Key: c
	        ->  Bitmap Heap Scan on sbtest7  (cost=23.11..4016.31 rows=1041 width=121)
	              Recheck Cond: ((id >= 6520616) AND (id <= 6521615))
	              ->  Bitmap Index Scan on sbtest7_pkey  (cost=0.00..22.84 rows=1041 width=0)
	                    Index Cond: ((id >= 6520616) AND (id <= 6521615))

table 8 : explain SELECT DISTINCT c FROM sbtest8 WHERE id BETWEEN 800483 AND 801482 ORDER BY c
	Unique  (cost=3827.65..3832.54 rows=978 width=121)
	  ->  Sort  (cost=3827.65..3830.10 rows=978 width=121)
	        Sort Key: c
	        ->  Bitmap Heap Scan on sbtest8  (cost=22.46..3779.08 rows=978 width=121)
	              Recheck Cond: ((id >= 800483) AND (id <= 801482))
	              ->  Bitmap Index Scan on sbtest8_pkey  (cost=0.00..22.21 rows=978 width=0)
	                    Index Cond: ((id >= 800483) AND (id <= 801482))

explain: for point_selects :: explain SELECT c FROM sbtest%u WHERE id=%u
for: sum_ranges
table 1 : explain SELECT SUM(k) FROM sbtest1 WHERE id BETWEEN 4058644 AND 4059643
	Aggregate  (cost=4117.48..4117.49 rows=1 width=8)
	  ->  Bitmap Heap Scan on sbtest1  (cost=23.38..4114.81 rows=1068 width=4)
	        Recheck Cond: ((id >= 4058644) AND (id <= 4059643))
	        ->  Bitmap Index Scan on sbtest1_pkey  (cost=0.00..23.11 rows=1068 width=0)
	              Index Cond: ((id >= 4058644) AND (id <= 4059643))

table 2 : explain SELECT SUM(k) FROM sbtest2 WHERE id BETWEEN 882666 AND 883665
	Aggregate  (cost=4009.55..4009.56 rows=1 width=8)
	  ->  Bitmap Heap Scan on sbtest2  (cost=23.08..4006.96 rows=1039 width=4)
	        Recheck Cond: ((id >= 882666) AND (id <= 883665))
	        ->  Bitmap Index Scan on sbtest2_pkey  (cost=0.00..22.82 rows=1039 width=0)
	              Index Cond: ((id >= 882666) AND (id <= 883665))

table 3 : explain SELECT SUM(k) FROM sbtest3 WHERE id BETWEEN 1873388 AND 1874387
	Aggregate  (cost=3753.55..3753.56 rows=1 width=8)
	  ->  Bitmap Heap Scan on sbtest3  (cost=22.39..3751.12 rows=971 width=4)
	        Recheck Cond: ((id >= 1873388) AND (id <= 1874387))
	        ->  Bitmap Index Scan on sbtest3_pkey  (cost=0.00..22.14 rows=971 width=0)
	              Index Cond: ((id >= 1873388) AND (id <= 1874387))

table 4 : explain SELECT SUM(k) FROM sbtest4 WHERE id BETWEEN 5926657 AND 5927656
	Aggregate  (cost=3999.25..3999.26 rows=1 width=8)
	  ->  Bitmap Heap Scan on sbtest4  (cost=23.05..3996.66 rows=1036 width=4)
	        Recheck Cond: ((id >= 5926657) AND (id <= 5927656))
	        ->  Bitmap Index Scan on sbtest4_pkey  (cost=0.00..22.79 rows=1036 width=0)
	              Index Cond: ((id >= 5926657) AND (id <= 5927656))

table 5 : explain SELECT SUM(k) FROM sbtest5 WHERE id BETWEEN 8672008 AND 8673007
	Aggregate  (cost=4262.86..4262.87 rows=1 width=8)
	  ->  Bitmap Heap Scan on sbtest5  (cost=27.77..4260.10 rows=1106 width=4)
	        Recheck Cond: ((id >= 8672008) AND (id <= 8673007))
	        ->  Bitmap Index Scan on sbtest5_pkey  (cost=0.00..27.50 rows=1106 width=0)
	              Index Cond: ((id >= 8672008) AND (id <= 8673007))

table 6 : explain SELECT SUM(k) FROM sbtest6 WHERE id BETWEEN 9640903 AND 9641902
	Aggregate  (cost=3770.21..3770.22 rows=1 width=8)
	  ->  Bitmap Heap Scan on sbtest6  (cost=22.43..3767.77 rows=975 width=4)
	        Recheck Cond: ((id >= 9640903) AND (id <= 9641902))
	        ->  Bitmap Index Scan on sbtest6_pkey  (cost=0.00..22.18 rows=975 width=0)
	              Index Cond: ((id >= 9640903) AND (id <= 9641902))

table 7 : explain SELECT SUM(k) FROM sbtest7 WHERE id BETWEEN 5819339 AND 5820338
	Aggregate  (cost=3834.29..3834.30 rows=1 width=8)
	  ->  Bitmap Heap Scan on sbtest7  (cost=22.60..3831.81 rows=992 width=4)
	        Recheck Cond: ((id >= 5819339) AND (id <= 5820338))
	        ->  Bitmap Index Scan on sbtest7_pkey  (cost=0.00..22.36 rows=992 width=0)
	              Index Cond: ((id >= 5819339) AND (id <= 5820338))

table 8 : explain SELECT SUM(k) FROM sbtest8 WHERE id BETWEEN 6839308 AND 6840307
	Aggregate  (cost=4162.16..4162.17 rows=1 width=8)
	  ->  Bitmap Heap Scan on sbtest8  (cost=27.48..4159.47 rows=1078 width=4)
	        Recheck Cond: ((id >= 6839308) AND (id <= 6840307))
	        ->  Bitmap Index Scan on sbtest8_pkey  (cost=0.00..27.21 rows=1078 width=0)
	              Index Cond: ((id >= 6839308) AND (id <= 6840307))

explain: for point_selects :: explain SELECT c FROM sbtest%u WHERE id=%u
for: order_ranges
table 1 : explain SELECT c FROM sbtest1 WHERE id BETWEEN 6619584 AND 6620583 ORDER BY c
	Sort  (cost=4164.72..4167.39 rows=1067 width=121)
	  Sort Key: c
	  ->  Bitmap Heap Scan on sbtest1  (cost=23.37..4111.06 rows=1067 width=121)
	        Recheck Cond: ((id >= 6619584) AND (id <= 6620583))
	        ->  Bitmap Index Scan on sbtest1_pkey  (cost=0.00..23.11 rows=1067 width=0)
	              Index Cond: ((id >= 6619584) AND (id <= 6620583))

table 2 : explain SELECT c FROM sbtest2 WHERE id BETWEEN 6546307 AND 6547306 ORDER BY c
	Sort  (cost=4203.98..4206.67 rows=1077 width=121)
	  Sort Key: c
	  ->  Bitmap Heap Scan on sbtest2  (cost=23.47..4149.74 rows=1077 width=121)
	        Recheck Cond: ((id >= 6546307) AND (id <= 6547306))
	        ->  Bitmap Index Scan on sbtest2_pkey  (cost=0.00..23.20 rows=1077 width=0)
	              Index Cond: ((id >= 6546307) AND (id <= 6547306))

table 3 : explain SELECT c FROM sbtest3 WHERE id BETWEEN 8745887 AND 8746886 ORDER BY c
	Sort  (cost=3791.65..3794.07 rows=969 width=121)
	  Sort Key: c
	  ->  Bitmap Heap Scan on sbtest3  (cost=22.37..3743.59 rows=969 width=121)
	        Recheck Cond: ((id >= 8745887) AND (id <= 8746886))
	        ->  Bitmap Index Scan on sbtest3_pkey  (cost=0.00..22.12 rows=969 width=0)
	              Index Cond: ((id >= 8745887) AND (id <= 8746886))

table 4 : explain SELECT c FROM sbtest4 WHERE id BETWEEN 1698972 AND 1699971 ORDER BY c
	Sort  (cost=3895.70..3898.19 rows=996 width=121)
	  Sort Key: c
	  ->  Bitmap Heap Scan on sbtest4  (cost=22.64..3846.10 rows=996 width=121)
	        Recheck Cond: ((id >= 1698972) AND (id <= 1699971))
	        ->  Bitmap Index Scan on sbtest4_pkey  (cost=0.00..22.39 rows=996 width=0)
	              Index Cond: ((id >= 1698972) AND (id <= 1699971))

table 5 : explain SELECT c FROM sbtest5 WHERE id BETWEEN 3384448 AND 3385447 ORDER BY c
	Sort  (cost=3570.35..3572.63 rows=911 width=121)
	  Sort Key: c
	  ->  Bitmap Heap Scan on sbtest5  (cost=21.77..3525.57 rows=911 width=121)
	        Recheck Cond: ((id >= 3384448) AND (id <= 3385447))
	        ->  Bitmap Index Scan on sbtest5_pkey  (cost=0.00..21.54 rows=911 width=0)
	              Index Cond: ((id >= 3384448) AND (id <= 3385447))

table 6 : explain SELECT c FROM sbtest6 WHERE id BETWEEN 9130427 AND 9131426 ORDER BY c
	Sort  (cost=3988.30..3990.85 rows=1020 width=121)
	  Sort Key: c
	  ->  Bitmap Heap Scan on sbtest6  (cost=22.89..3937.33 rows=1020 width=121)
	        Recheck Cond: ((id >= 9130427) AND (id <= 9131426))
	        ->  Bitmap Index Scan on sbtest6_pkey  (cost=0.00..22.64 rows=1020 width=0)
	              Index Cond: ((id >= 9130427) AND (id <= 9131426))

table 7 : explain SELECT c FROM sbtest7 WHERE id BETWEEN 8335654 AND 8336653 ORDER BY c
	Sort  (cost=3942.38..3944.90 rows=1008 width=121)
	  Sort Key: c
	  ->  Bitmap Heap Scan on sbtest7  (cost=22.77..3892.09 rows=1008 width=121)
	        Recheck Cond: ((id >= 8335654) AND (id <= 8336653))
	        ->  Bitmap Index Scan on sbtest7_pkey  (cost=0.00..22.51 rows=1008 width=0)
	              Index Cond: ((id >= 8335654) AND (id <= 8336653))

table 8 : explain SELECT c FROM sbtest8 WHERE id BETWEEN 4965912 AND 4966911 ORDER BY c
	Sort  (cost=3789.38..3791.80 rows=968 width=121)
	  Sort Key: c
	  ->  Bitmap Heap Scan on sbtest8  (cost=22.36..3741.37 rows=968 width=121)
	        Recheck Cond: ((id >= 4965912) AND (id <= 4966911))
	        ->  Bitmap Index Scan on sbtest8_pkey  (cost=0.00..22.11 rows=968 width=0)
	              Index Cond: ((id >= 4965912) AND (id <= 4966911))

for: sum_ranges
table 1 : explain SELECT SUM(k) FROM sbtest1 WHERE id BETWEEN 987049 AND 988048
	Aggregate  (cost=3748.68..3748.69 rows=1 width=8)
	  ->  Bitmap Heap Scan on sbtest1  (cost=22.38..3746.25 rows=970 width=4)
	        Recheck Cond: ((id >= 987049) AND (id <= 988048))
	        ->  Bitmap Index Scan on sbtest1_pkey  (cost=0.00..22.14 rows=970 width=0)
	              Index Cond: ((id >= 987049) AND (id <= 988048))

table 2 : explain SELECT SUM(k) FROM sbtest2 WHERE id BETWEEN 4666819 AND 4667818
	Aggregate  (cost=3794.89..3794.90 rows=1 width=8)
	  ->  Bitmap Heap Scan on sbtest2  (cost=22.50..3792.44 rows=982 width=4)
	        Recheck Cond: ((id >= 4666819) AND (id <= 4667818))
	        ->  Bitmap Index Scan on sbtest2_pkey  (cost=0.00..22.25 rows=982 width=0)
	              Index Cond: ((id >= 4666819) AND (id <= 4667818))

table 3 : explain SELECT SUM(k) FROM sbtest3 WHERE id BETWEEN 8292789 AND 8293788
	Aggregate  (cost=4310.57..4310.58 rows=1 width=8)
	  ->  Bitmap Heap Scan on sbtest3  (cost=27.90..4307.77 rows=1119 width=4)
	        Recheck Cond: ((id >= 8292789) AND (id <= 8293788))
	        ->  Bitmap Index Scan on sbtest3_pkey  (cost=0.00..27.62 rows=1119 width=0)
	              Index Cond: ((id >= 8292789) AND (id <= 8293788))

table 4 : explain SELECT SUM(k) FROM sbtest4 WHERE id BETWEEN 596186 AND 597185
	Aggregate  (cost=3841.05..3841.06 rows=1 width=8)
	  ->  Bitmap Heap Scan on sbtest4  (cost=22.62..3838.56 rows=994 width=4)
	        Recheck Cond: ((id >= 596186) AND (id <= 597185))
	        ->  Bitmap Index Scan on sbtest4_pkey  (cost=0.00..22.37 rows=994 width=0)
	              Index Cond: ((id >= 596186) AND (id <= 597185))

table 5 : explain SELECT SUM(k) FROM sbtest5 WHERE id BETWEEN 2724404 AND 2725403
	Aggregate  (cost=3807.25..3807.26 rows=1 width=8)
	  ->  Bitmap Heap Scan on sbtest5  (cost=22.53..3804.79 rows=985 width=4)
	        Recheck Cond: ((id >= 2724404) AND (id <= 2725403))
	        ->  Bitmap Index Scan on sbtest5_pkey  (cost=0.00..22.29 rows=985 width=0)
	              Index Cond: ((id >= 2724404) AND (id <= 2725403))

table 6 : explain SELECT SUM(k) FROM sbtest6 WHERE id BETWEEN 6985493 AND 6986492
	Aggregate  (cost=3441.44..3441.45 rows=1 width=8)
	  ->  Bitmap Heap Scan on sbtest6  (cost=21.54..3439.22 rows=888 width=4)
	        Recheck Cond: ((id >= 6985493) AND (id <= 6986492))
	        ->  Bitmap Index Scan on sbtest6_pkey  (cost=0.00..21.32 rows=888 width=0)
	              Index Cond: ((id >= 6985493) AND (id <= 6986492))

table 7 : explain SELECT SUM(k) FROM sbtest7 WHERE id BETWEEN 6782611 AND 6783610
	Aggregate  (cost=3645.58..3645.59 rows=1 width=8)
	  ->  Bitmap Heap Scan on sbtest7  (cost=22.09..3643.23 rows=942 width=4)
	        Recheck Cond: ((id >= 6782611) AND (id <= 6783610))
	        ->  Bitmap Index Scan on sbtest7_pkey  (cost=0.00..21.86 rows=942 width=0)
	              Index Cond: ((id >= 6782611) AND (id <= 6783610))

table 8 : explain SELECT SUM(k) FROM sbtest8 WHERE id BETWEEN 2293136 AND 2294135
	Aggregate  (cost=3751.34..3751.35 rows=1 width=8)
	  ->  Bitmap Heap Scan on sbtest8  (cost=22.38..3748.91 rows=970 width=4)
	        Recheck Cond: ((id >= 2293136) AND (id <= 2294135))
	        ->  Bitmap Index Scan on sbtest8_pkey  (cost=0.00..22.14 rows=970 width=0)
	              Index Cond: ((id >= 2293136) AND (id <= 2294135))

for: distinct_ranges
table 1 : explain SELECT DISTINCT c FROM sbtest1 WHERE id BETWEEN 9796978 AND 9797977 ORDER BY c
	Unique  (cost=3970.15..3975.23 rows=1016 width=121)
	  ->  Sort  (cost=3970.15..3972.69 rows=1016 width=121)
	        Sort Key: c
	        ->  Bitmap Heap Scan on sbtest1  (cost=22.85..3919.41 rows=1016 width=121)
	              Recheck Cond: ((id >= 9796978) AND (id <= 9797977))
	              ->  Bitmap Index Scan on sbtest1_pkey  (cost=0.00..22.59 rows=1016 width=0)
	                    Index Cond: ((id >= 9796978) AND (id <= 9797977))

table 2 : explain SELECT DISTINCT c FROM sbtest2 WHERE id BETWEEN 4551753 AND 4552752 ORDER BY c
	Unique  (cost=3936.81..3941.84 rows=1007 width=121)
	  ->  Sort  (cost=3936.81..3939.32 rows=1007 width=121)
	        Sort Key: c
	        ->  Bitmap Heap Scan on sbtest2  (cost=22.76..3886.58 rows=1007 width=121)
	              Recheck Cond: ((id >= 4551753) AND (id <= 4552752))
	              ->  Bitmap Index Scan on sbtest2_pkey  (cost=0.00..22.50 rows=1007 width=0)
	                    Index Cond: ((id >= 4551753) AND (id <= 4552752))

table 3 : explain SELECT DISTINCT c FROM sbtest3 WHERE id BETWEEN 2789976 AND 2790975 ORDER BY c
	Unique  (cost=3956.05..3961.11 rows=1012 width=121)
	  ->  Sort  (cost=3956.05..3958.58 rows=1012 width=121)
	        Sort Key: c
	        ->  Bitmap Heap Scan on sbtest3  (cost=22.81..3905.54 rows=1012 width=121)
	              Recheck Cond: ((id >= 2789976) AND (id <= 2790975))
	              ->  Bitmap Index Scan on sbtest3_pkey  (cost=0.00..22.55 rows=1012 width=0)
	                    Index Cond: ((id >= 2789976) AND (id <= 2790975))

table 4 : explain SELECT DISTINCT c FROM sbtest4 WHERE id BETWEEN 7512392 AND 7513391 ORDER BY c
	Unique  (cost=3620.07..3624.69 rows=924 width=121)
	  ->  Sort  (cost=3620.07..3622.38 rows=924 width=121)
	        Sort Key: c
	        ->  Bitmap Heap Scan on sbtest4  (cost=21.91..3574.55 rows=924 width=121)
	              Recheck Cond: ((id >= 7512392) AND (id <= 7513391))
	              ->  Bitmap Index Scan on sbtest4_pkey  (cost=0.00..21.68 rows=924 width=0)
	                    Index Cond: ((id >= 7512392) AND (id <= 7513391))

table 5 : explain SELECT DISTINCT c FROM sbtest5 WHERE id BETWEEN 2226783 AND 2227782 ORDER BY c
	Unique  (cost=3666.17..3670.85 rows=936 width=121)
	  ->  Sort  (cost=3666.17..3668.51 rows=936 width=121)
	        Sort Key: c
	        ->  Bitmap Heap Scan on sbtest5  (cost=22.03..3619.98 rows=936 width=121)
	              Recheck Cond: ((id >= 2226783) AND (id <= 2227782))
	              ->  Bitmap Index Scan on sbtest5_pkey  (cost=0.00..21.79 rows=936 width=0)
	                    Index Cond: ((id >= 2226783) AND (id <= 2227782))

table 6 : explain SELECT DISTINCT c FROM sbtest6 WHERE id BETWEEN 9117993 AND 9118992 ORDER BY c
	Unique  (cost=3988.30..3993.40 rows=1020 width=121)
	  ->  Sort  (cost=3988.30..3990.85 rows=1020 width=121)
	        Sort Key: c
	        ->  Bitmap Heap Scan on sbtest6  (cost=22.89..3937.33 rows=1020 width=121)
	              Recheck Cond: ((id >= 9117993) AND (id <= 9118992))
	              ->  Bitmap Index Scan on sbtest6_pkey  (cost=0.00..22.64 rows=1020 width=0)
	                    Index Cond: ((id >= 9117993) AND (id <= 9118992))

table 7 : explain SELECT DISTINCT c FROM sbtest7 WHERE id BETWEEN 9675199 AND 9676198 ORDER BY c
	Unique  (cost=4274.75..4280.22 rows=1094 width=121)
	  ->  Sort  (cost=4274.75..4277.49 rows=1094 width=121)
	        Sort Key: c
	        ->  Bitmap Heap Scan on sbtest7  (cost=27.65..4219.53 rows=1094 width=121)
	              Recheck Cond: ((id >= 9675199) AND (id <= 9676198))
	              ->  Bitmap Index Scan on sbtest7_pkey  (cost=0.00..27.37 rows=1094 width=0)
	                    Index Cond: ((id >= 9675199) AND (id <= 9676198))

table 8 : explain SELECT DISTINCT c FROM sbtest8 WHERE id BETWEEN 8461233 AND 8462232 ORDER BY c
	Unique  (cost=4076.16..4081.38 rows=1043 width=121)
	  ->  Sort  (cost=4076.16..4078.77 rows=1043 width=121)
	        Sort Key: c
	        ->  Bitmap Heap Scan on sbtest8  (cost=23.13..4023.88 rows=1043 width=121)
	              Recheck Cond: ((id >= 8461233) AND (id <= 8462232))
	              ->  Bitmap Index Scan on sbtest8_pkey  (cost=0.00..22.86 rows=1043 width=0)
	                    Index Cond: ((id >= 8461233) AND (id <= 8462232))

for: order_ranges
table 1 : explain SELECT c FROM sbtest1 WHERE id BETWEEN 5564423 AND 5565422 ORDER BY c
	Sort  (cost=3744.65..3747.04 rows=957 width=121)
	  Sort Key: c
	  ->  Bitmap Heap Scan on sbtest1  (cost=22.24..3697.27 rows=957 width=121)
	        Recheck Cond: ((id >= 5564423) AND (id <= 5565422))
	        ->  Bitmap Index Scan on sbtest1_pkey  (cost=0.00..22.00 rows=957 width=0)
	              Index Cond: ((id >= 5564423) AND (id <= 5565422))

table 2 : explain SELECT c FROM sbtest2 WHERE id BETWEEN 1423534 AND 1424533 ORDER BY c
	Sort  (cost=4196.35..4199.04 rows=1075 width=121)
	  Sort Key: c
	  ->  Bitmap Heap Scan on sbtest2  (cost=23.45..4142.23 rows=1075 width=121)
	        Recheck Cond: ((id >= 1423534) AND (id <= 1424533))
	        ->  Bitmap Index Scan on sbtest2_pkey  (cost=0.00..23.18 rows=1075 width=0)
	              Index Cond: ((id >= 1423534) AND (id <= 1424533))

table 3 : explain SELECT c FROM sbtest3 WHERE id BETWEEN 6704911 AND 6705910 ORDER BY c
	Sort  (cost=4066.79..4069.40 rows=1041 width=121)
	  Sort Key: c
	  ->  Bitmap Heap Scan on sbtest3  (cost=23.11..4014.62 rows=1041 width=121)
	        Recheck Cond: ((id >= 6704911) AND (id <= 6705910))
	        ->  Bitmap Index Scan on sbtest3_pkey  (cost=0.00..22.84 rows=1041 width=0)
	              Index Cond: ((id >= 6704911) AND (id <= 6705910))

table 4 : explain SELECT c FROM sbtest4 WHERE id BETWEEN 9303917 AND 9304916 ORDER BY c
	Sort  (cost=3658.39..3660.72 rows=934 width=121)
	  Sort Key: c
	  ->  Bitmap Heap Scan on sbtest4  (cost=22.01..3612.31 rows=934 width=121)
	        Recheck Cond: ((id >= 9303917) AND (id <= 9304916))
	        ->  Bitmap Index Scan on sbtest4_pkey  (cost=0.00..21.77 rows=934 width=0)
	              Index Cond: ((id >= 9303917) AND (id <= 9304916))

table 5 : explain SELECT c FROM sbtest5 WHERE id BETWEEN 2927938 AND 2928937 ORDER BY c
	Sort  (cost=3777.23..3779.64 rows=965 width=121)
	  Sort Key: c
	  ->  Bitmap Heap Scan on sbtest5  (cost=22.33..3729.39 rows=965 width=121)
	        Recheck Cond: ((id >= 2927938) AND (id <= 2928937))
	        ->  Bitmap Index Scan on sbtest5_pkey  (cost=0.00..22.08 rows=965 width=0)
	              Index Cond: ((id >= 2927938) AND (id <= 2928937))

table 6 : explain SELECT c FROM sbtest6 WHERE id BETWEEN 2619740 AND 2620739 ORDER BY c
	Sort  (cost=4079.99..4082.60 rows=1044 width=121)
	  Sort Key: c
	  ->  Bitmap Heap Scan on sbtest6  (cost=23.14..4027.65 rows=1044 width=121)
	        Recheck Cond: ((id >= 2619740) AND (id <= 2620739))
	        ->  Bitmap Index Scan on sbtest6_pkey  (cost=0.00..22.87 rows=1044 width=0)
	              Index Cond: ((id >= 2619740) AND (id <= 2620739))

table 7 : explain SELECT c FROM sbtest7 WHERE id BETWEEN 9596724 AND 9597723 ORDER BY c
	Sort  (cost=3804.65..3807.08 rows=972 width=121)
	  Sort Key: c
	  ->  Bitmap Heap Scan on sbtest7  (cost=22.40..3756.42 rows=972 width=121)
	        Recheck Cond: ((id >= 9596724) AND (id <= 9597723))
	        ->  Bitmap Index Scan on sbtest7_pkey  (cost=0.00..22.15 rows=972 width=0)
	              Index Cond: ((id >= 9596724) AND (id <= 9597723))

table 8 : explain SELECT c FROM sbtest8 WHERE id BETWEEN 3542197 AND 3543196 ORDER BY c
	Sort  (cost=3881.22..3883.70 rows=992 width=121)
	  Sort Key: c
	  ->  Bitmap Heap Scan on sbtest8  (cost=22.60..3831.85 rows=992 width=121)
	        Recheck Cond: ((id >= 3542197) AND (id <= 3543196))
	        ->  Bitmap Index Scan on sbtest8_pkey  (cost=0.00..22.36 rows=992 width=0)
	              Index Cond: ((id >= 3542197) AND (id <= 3543196))

for point_selects
table 1 : explain SELECT c FROM sbtest1 WHERE id=7204763
	Index Scan using sbtest1_pkey on sbtest1  (cost=0.43..8.45 rows=1 width=121)
	  Index Cond: (id = 7204763)

table 2 : explain SELECT c FROM sbtest2 WHERE id=6728085
	Index Scan using sbtest2_pkey on sbtest2  (cost=0.43..8.45 rows=1 width=121)
	  Index Cond: (id = 6728085)

table 3 : explain SELECT c FROM sbtest3 WHERE id=9318497
	Index Scan using sbtest3_pkey on sbtest3  (cost=0.43..8.45 rows=1 width=121)
	  Index Cond: (id = 9318497)

table 4 : explain SELECT c FROM sbtest4 WHERE id=4196707
	Index Scan using sbtest4_pkey on sbtest4  (cost=0.43..8.45 rows=1 width=121)
	  Index Cond: (id = 4196707)

table 5 : explain SELECT c FROM sbtest5 WHERE id=3438022
	Index Scan using sbtest5_pkey on sbtest5  (cost=0.43..8.45 rows=1 width=121)
	  Index Cond: (id = 3438022)

table 6 : explain SELECT c FROM sbtest6 WHERE id=4046346
	Index Scan using sbtest6_pkey on sbtest6  (cost=0.43..8.45 rows=1 width=121)
	  Index Cond: (id = 4046346)

table 7 : explain SELECT c FROM sbtest7 WHERE id=3035139
	Index Scan using sbtest7_pkey on sbtest7  (cost=0.43..8.45 rows=1 width=121)
	  Index Cond: (id = 3035139)

table 8 : explain SELECT c FROM sbtest8 WHERE id=164185
	Index Scan using sbtest8_pkey on sbtest8  (cost=0.43..8.45 rows=1 width=121)
	  Index Cond: (id = 164185)

for: order_ranges
table 1 : explain SELECT c FROM sbtest1 WHERE id BETWEEN 8252774 AND 8253773 ORDER BY c
	Sort  (cost=4157.10..4159.76 rows=1065 width=121)
	  Sort Key: c
	  ->  Bitmap Heap Scan on sbtest1  (cost=23.35..4103.55 rows=1065 width=121)
	        Recheck Cond: ((id >= 8252774) AND (id <= 8253773))
	        ->  Bitmap Index Scan on sbtest1_pkey  (cost=0.00..23.08 rows=1065 width=0)
	              Index Cond: ((id >= 8252774) AND (id <= 8253773))

table 2 : explain SELECT c FROM sbtest2 WHERE id BETWEEN 1630725 AND 1631724 ORDER BY c
	Sort  (cost=3829.77..3832.22 rows=979 width=121)
	  Sort Key: c
	  ->  Bitmap Heap Scan on sbtest2  (cost=22.47..3781.14 rows=979 width=121)
	        Recheck Cond: ((id >= 1630725) AND (id <= 1631724))
	        ->  Bitmap Index Scan on sbtest2_pkey  (cost=0.00..22.22 rows=979 width=0)
	              Index Cond: ((id >= 1630725) AND (id <= 1631724))

table 3 : explain SELECT c FROM sbtest3 WHERE id BETWEEN 230057 AND 231056 ORDER BY c
	Sort  (cost=3695.96..3698.32 rows=944 width=121)
	  Sort Key: c
	  ->  Bitmap Heap Scan on sbtest3  (cost=22.11..3649.32 rows=944 width=121)
	        Recheck Cond: ((id >= 230057) AND (id <= 231056))
	        ->  Bitmap Index Scan on sbtest3_pkey  (cost=0.00..21.87 rows=944 width=0)
	              Index Cond: ((id >= 230057) AND (id <= 231056))

table 4 : explain SELECT c FROM sbtest4 WHERE id BETWEEN 3820736 AND 3821735 ORDER BY c
	Sort  (cost=3715.85..3718.22 rows=949 width=121)
	  Sort Key: c
	  ->  Bitmap Heap Scan on sbtest4  (cost=22.16..3668.92 rows=949 width=121)
	        Recheck Cond: ((id >= 3820736) AND (id <= 3821735))
	        ->  Bitmap Index Scan on sbtest4_pkey  (cost=0.00..21.93 rows=949 width=0)
	              Index Cond: ((id >= 3820736) AND (id <= 3821735))

table 5 : explain SELECT c FROM sbtest5 WHERE id BETWEEN 1873585 AND 1874584 ORDER BY c
	Sort  (cost=4029.60..4032.17 rows=1031 width=121)
	  Sort Key: c
	  ->  Bitmap Heap Scan on sbtest5  (cost=23.00..3978.00 rows=1031 width=121)
	        Recheck Cond: ((id >= 1873585) AND (id <= 1874584))
	        ->  Bitmap Index Scan on sbtest5_pkey  (cost=0.00..22.75 rows=1031 width=0)
	              Index Cond: ((id >= 1873585) AND (id <= 1874584))

table 6 : explain SELECT c FROM sbtest6 WHERE id BETWEEN 2352044 AND 2353043 ORDER BY c
	Sort  (cost=4259.55..4262.27 rows=1090 width=121)
	  Sort Key: c
	  ->  Bitmap Heap Scan on sbtest6  (cost=27.61..4204.56 rows=1090 width=121)
	        Recheck Cond: ((id >= 2352044) AND (id <= 2353043))
	        ->  Bitmap Index Scan on sbtest6_pkey  (cost=0.00..27.33 rows=1090 width=0)
	              Index Cond: ((id >= 2352044) AND (id <= 2353043))

table 7 : explain SELECT c FROM sbtest7 WHERE id BETWEEN 4535266 AND 4536265 ORDER BY c
	Sort  (cost=3697.42..3699.78 rows=944 width=121)
	  Sort Key: c
	  ->  Bitmap Heap Scan on sbtest7  (cost=22.11..3650.78 rows=944 width=121)
	        Recheck Cond: ((id >= 4535266) AND (id <= 4536265))
	        ->  Bitmap Index Scan on sbtest7_pkey  (cost=0.00..21.87 rows=944 width=0)
	              Index Cond: ((id >= 4535266) AND (id <= 4536265))

table 8 : explain SELECT c FROM sbtest8 WHERE id BETWEEN 8424160 AND 8425159 ORDER BY c
	Sort  (cost=4076.16..4078.77 rows=1043 width=121)
	  Sort Key: c
	  ->  Bitmap Heap Scan on sbtest8  (cost=23.13..4023.88 rows=1043 width=121)
	        Recheck Cond: ((id >= 8424160) AND (id <= 8425159))
	        ->  Bitmap Index Scan on sbtest8_pkey  (cost=0.00..22.86 rows=1043 width=0)
	              Index Cond: ((id >= 8424160) AND (id <= 8425159))

for point_selects
table 1 : explain SELECT c FROM sbtest1 WHERE id=7277430
	Index Scan using sbtest1_pkey on sbtest1  (cost=0.43..8.45 rows=1 width=121)
	  Index Cond: (id = 7277430)

table 2 : explain SELECT c FROM sbtest2 WHERE id=7381670
	Index Scan using sbtest2_pkey on sbtest2  (cost=0.43..8.45 rows=1 width=121)
	  Index Cond: (id = 7381670)

table 3 : explain SELECT c FROM sbtest3 WHERE id=5605693
	Index Scan using sbtest3_pkey on sbtest3  (cost=0.43..8.45 rows=1 width=121)
	  Index Cond: (id = 5605693)

table 4 : explain SELECT c FROM sbtest4 WHERE id=9177719
	Index Scan using sbtest4_pkey on sbtest4  (cost=0.43..8.45 rows=1 width=121)
	  Index Cond: (id = 9177719)

table 5 : explain SELECT c FROM sbtest5 WHERE id=1231977
	Index Scan using sbtest5_pkey on sbtest5  (cost=0.43..8.45 rows=1 width=121)
	  Index Cond: (id = 1231977)

table 6 : explain SELECT c FROM sbtest6 WHERE id=8699590
	Index Scan using sbtest6_pkey on sbtest6  (cost=0.43..8.45 rows=1 width=121)
	  Index Cond: (id = 8699590)

table 7 : explain SELECT c FROM sbtest7 WHERE id=4882893
	Index Scan using sbtest7_pkey on sbtest7  (cost=0.43..8.45 rows=1 width=121)
	  Index Cond: (id = 4882893)

table 8 : explain SELECT c FROM sbtest8 WHERE id=2182505
	Index Scan using sbtest8_pkey on sbtest8  (cost=0.43..8.45 rows=1 width=121)
	  Index Cond: (id = 2182505)

for: distinct_ranges
table 1 : explain SELECT DISTINCT c FROM sbtest1 WHERE id BETWEEN 1762756 AND 1763755 ORDER BY c
	Unique  (cost=4374.49..4380.10 rows=1122 width=121)
	  ->  Sort  (cost=4374.49..4377.29 rows=1122 width=121)
	        Sort Key: c
	        ->  Bitmap Heap Scan on sbtest1  (cost=27.94..4317.65 rows=1122 width=121)
	              Recheck Cond: ((id >= 1762756) AND (id <= 1763755))
	              ->  Bitmap Index Scan on sbtest1_pkey  (cost=0.00..27.65 rows=1122 width=0)
	                    Index Cond: ((id >= 1762756) AND (id <= 1763755))

table 2 : explain SELECT DISTINCT c FROM sbtest2 WHERE id BETWEEN 4275301 AND 4276300 ORDER BY c
	Unique  (cost=3550.25..3554.78 rows=906 width=121)
	  ->  Sort  (cost=3550.25..3552.52 rows=906 width=121)
	        Sort Key: c
	        ->  Bitmap Heap Scan on sbtest2  (cost=21.72..3505.75 rows=906 width=121)
	              Recheck Cond: ((id >= 4275301) AND (id <= 4276300))
	              ->  Bitmap Index Scan on sbtest2_pkey  (cost=0.00..21.50 rows=906 width=0)
	                    Index Cond: ((id >= 4275301) AND (id <= 4276300))

table 3 : explain SELECT DISTINCT c FROM sbtest3 WHERE id BETWEEN 612710 AND 613709 ORDER BY c
	Unique  (cost=3845.20..3850.12 rows=983 width=121)
	  ->  Sort  (cost=3845.20..3847.66 rows=983 width=121)
	        Sort Key: c
	        ->  Bitmap Heap Scan on sbtest3  (cost=22.51..3796.34 rows=983 width=121)
	              Recheck Cond: ((id >= 612710) AND (id <= 613709))
	              ->  Bitmap Index Scan on sbtest3_pkey  (cost=0.00..22.26 rows=983 width=0)
	                    Index Cond: ((id >= 612710) AND (id <= 613709))

table 4 : explain SELECT DISTINCT c FROM sbtest4 WHERE id BETWEEN 1538364 AND 1539363 ORDER BY c
	Unique  (cost=4033.27..4038.43 rows=1032 width=121)
	  ->  Sort  (cost=4033.27..4035.85 rows=1032 width=121)
	        Sort Key: c
	        ->  Bitmap Heap Scan on sbtest4  (cost=23.01..3981.62 rows=1032 width=121)
	              Recheck Cond: ((id >= 1538364) AND (id <= 1539363))
	              ->  Bitmap Index Scan on sbtest4_pkey  (cost=0.00..22.75 rows=1032 width=0)
	                    Index Cond: ((id >= 1538364) AND (id <= 1539363))

table 5 : explain SELECT DISTINCT c FROM sbtest5 WHERE id BETWEEN 7625877 AND 7626876 ORDER BY c
	Unique  (cost=3804.02..3808.88 rows=972 width=121)
	  ->  Sort  (cost=3804.02..3806.45 rows=972 width=121)
	        Sort Key: c
	        ->  Bitmap Heap Scan on sbtest5  (cost=22.40..3755.79 rows=972 width=121)
	              Recheck Cond: ((id >= 7625877) AND (id <= 7626876))
	              ->  Bitmap Index Scan on sbtest5_pkey  (cost=0.00..22.15 rows=972 width=0)
	                    Index Cond: ((id >= 7625877) AND (id <= 7626876))

table 6 : explain SELECT DISTINCT c FROM sbtest6 WHERE id BETWEEN 7316658 AND 7317657 ORDER BY c
	Unique  (cost=3911.83..3916.83 rows=1000 width=121)
	  ->  Sort  (cost=3911.83..3914.33 rows=1000 width=121)
	        Sort Key: c
	        ->  Bitmap Heap Scan on sbtest6  (cost=22.68..3862.00 rows=1000 width=121)
	              Recheck Cond: ((id >= 7316658) AND (id <= 7317657))
	              ->  Bitmap Index Scan on sbtest6_pkey  (cost=0.00..22.43 rows=1000 width=0)
	                    Index Cond: ((id >= 7316658) AND (id <= 7317657))

table 7 : explain SELECT DISTINCT c FROM sbtest7 WHERE id BETWEEN 1895370 AND 1896369 ORDER BY c
	Unique  (cost=3869.71..3874.65 rows=989 width=121)
	  ->  Sort  (cost=3869.71..3872.18 rows=989 width=121)
	        Sort Key: c
	        ->  Bitmap Heap Scan on sbtest7  (cost=22.57..3820.51 rows=989 width=121)
	              Recheck Cond: ((id >= 1895370) AND (id <= 1896369))
	              ->  Bitmap Index Scan on sbtest7_pkey  (cost=0.00..22.32 rows=989 width=0)
	                    Index Cond: ((id >= 1895370) AND (id <= 1896369))

table 8 : explain SELECT DISTINCT c FROM sbtest8 WHERE id BETWEEN 4397057 AND 4398056 ORDER BY c
	Unique  (cost=3869.75..3874.69 rows=989 width=121)
	  ->  Sort  (cost=3869.75..3872.22 rows=989 width=121)
	        Sort Key: c
	        ->  Bitmap Heap Scan on sbtest8  (cost=22.57..3820.54 rows=989 width=121)
	              Recheck Cond: ((id >= 4397057) AND (id <= 4398056))
	              ->  Bitmap Index Scan on sbtest8_pkey  (cost=0.00..22.32 rows=989 width=0)
	                    Index Cond: ((id >= 4397057) AND (id <= 4398056))

for: simple_ranges
table 1 : explain SELECT c FROM sbtest1 WHERE id BETWEEN 989845 AND 990844
	Bitmap Heap Scan on sbtest1  (cost=22.38..3746.25 rows=970 width=121)
	  Recheck Cond: ((id >= 989845) AND (id <= 990844))
	  ->  Bitmap Index Scan on sbtest1_pkey  (cost=0.00..22.14 rows=970 width=0)
	        Index Cond: ((id >= 989845) AND (id <= 990844))

table 2 : explain SELECT c FROM sbtest2 WHERE id BETWEEN 4324919 AND 4325918
	Bitmap Heap Scan on sbtest2  (cost=21.47..3411.27 rows=881 width=121)
	  Recheck Cond: ((id >= 4324919) AND (id <= 4325918))
	  ->  Bitmap Index Scan on sbtest2_pkey  (cost=0.00..21.25 rows=881 width=0)
	        Index Cond: ((id >= 4324919) AND (id <= 4325918))

table 3 : explain SELECT c FROM sbtest3 WHERE id BETWEEN 2782341 AND 2783340
	Bitmap Heap Scan on sbtest3  (cost=22.81..3905.54 rows=1012 width=121)
	  Recheck Cond: ((id >= 2782341) AND (id <= 2783340))
	  ->  Bitmap Index Scan on sbtest3_pkey  (cost=0.00..22.55 rows=1012 width=0)
	        Index Cond: ((id >= 2782341) AND (id <= 2783340))

table 4 : explain SELECT c FROM sbtest4 WHERE id BETWEEN 4179676 AND 4180675
	Bitmap Heap Scan on sbtest4  (cost=22.82..3910.11 rows=1013 width=121)
	  Recheck Cond: ((id >= 4179676) AND (id <= 4180675))
	  ->  Bitmap Index Scan on sbtest4_pkey  (cost=0.00..22.57 rows=1013 width=0)
	        Index Cond: ((id >= 4179676) AND (id <= 4180675))

table 5 : explain SELECT c FROM sbtest5 WHERE id BETWEEN 221360 AND 222359
	Bitmap Heap Scan on sbtest5  (cost=22.44..3770.87 rows=976 width=121)
	  Recheck Cond: ((id >= 221360) AND (id <= 222359))
	  ->  Bitmap Index Scan on sbtest5_pkey  (cost=0.00..22.19 rows=976 width=0)
	        Index Cond: ((id >= 221360) AND (id <= 222359))

table 6 : explain SELECT c FROM sbtest6 WHERE id BETWEEN 8399820 AND 8400819
	Bitmap Heap Scan on sbtest6  (cost=27.61..4204.56 rows=1090 width=121)
	  Recheck Cond: ((id >= 8399820) AND (id <= 8400819))
	  ->  Bitmap Index Scan on sbtest6_pkey  (cost=0.00..27.33 rows=1090 width=0)
	        Index Cond: ((id >= 8399820) AND (id <= 8400819))

table 7 : explain SELECT c FROM sbtest7 WHERE id BETWEEN 6456177 AND 6457176
	Bitmap Heap Scan on sbtest7  (cost=23.13..4023.83 rows=1043 width=121)
	  Recheck Cond: ((id >= 6456177) AND (id <= 6457176))
	  ->  Bitmap Index Scan on sbtest7_pkey  (cost=0.00..22.86 rows=1043 width=0)
	        Index Cond: ((id >= 6456177) AND (id <= 6457176))

table 8 : explain SELECT c FROM sbtest8 WHERE id BETWEEN 1787006 AND 1788005
	Bitmap Heap Scan on sbtest8  (cost=22.63..3843.15 rows=995 width=121)
	  Recheck Cond: ((id >= 1787006) AND (id <= 1788005))
	  ->  Bitmap Index Scan on sbtest8_pkey  (cost=0.00..22.39 rows=995 width=0)
	        Index Cond: ((id >= 1787006) AND (id <= 1788005))

for: distinct_ranges
table 1 : explain SELECT DISTINCT c FROM sbtest1 WHERE id BETWEEN 8107054 AND 8108053 ORDER BY c
	Unique  (cost=4237.22..4242.65 rows=1087 width=121)
	  ->  Sort  (cost=4237.22..4239.93 rows=1087 width=121)
	        Sort Key: c
	        ->  Bitmap Heap Scan on sbtest1  (cost=23.58..4182.40 rows=1087 width=121)
	              Recheck Cond: ((id >= 8107054) AND (id <= 8108053))
	              ->  Bitmap Index Scan on sbtest1_pkey  (cost=0.00..23.30 rows=1087 width=0)
	                    Index Cond: ((id >= 8107054) AND (id <= 8108053))

table 2 : explain SELECT DISTINCT c FROM sbtest2 WHERE id BETWEEN 4642795 AND 4643794 ORDER BY c
	Unique  (cost=3841.24..3846.15 rows=982 width=121)
	  ->  Sort  (cost=3841.24..3843.70 rows=982 width=121)
	        Sort Key: c
	        ->  Bitmap Heap Scan on sbtest2  (cost=22.50..3792.44 rows=982 width=121)
	              Recheck Cond: ((id >= 4642795) AND (id <= 4643794))
	              ->  Bitmap Index Scan on sbtest2_pkey  (cost=0.00..22.25 rows=982 width=0)
	                    Index Cond: ((id >= 4642795) AND (id <= 4643794))

table 3 : explain SELECT DISTINCT c FROM sbtest3 WHERE id BETWEEN 6742077 AND 6743076 ORDER BY c
	Unique  (cost=3780.17..3785.00 rows=966 width=121)
	  ->  Sort  (cost=3780.17..3782.59 rows=966 width=121)
	        Sort Key: c
	        ->  Bitmap Heap Scan on sbtest3  (cost=22.34..3732.28 rows=966 width=121)
	              Recheck Cond: ((id >= 6742077) AND (id <= 6743076))
	              ->  Bitmap Index Scan on sbtest3_pkey  (cost=0.00..22.09 rows=966 width=0)
	                    Index Cond: ((id >= 6742077) AND (id <= 6743076))

table 4 : explain SELECT DISTINCT c FROM sbtest4 WHERE id BETWEEN 7053546 AND 7054545 ORDER BY c
	Unique  (cost=3784.76..3789.59 rows=967 width=121)
	  ->  Sort  (cost=3784.76..3787.18 rows=967 width=121)
	        Sort Key: c
	        ->  Bitmap Heap Scan on sbtest4  (cost=22.35..3736.81 rows=967 width=121)
	              Recheck Cond: ((id >= 7053546) AND (id <= 7054545))
	              ->  Bitmap Index Scan on sbtest4_pkey  (cost=0.00..22.11 rows=967 width=0)
	                    Index Cond: ((id >= 7053546) AND (id <= 7054545))

table 5 : explain SELECT DISTINCT c FROM sbtest5 WHERE id BETWEEN 8721233 AND 8722232 ORDER BY c
	Unique  (cost=4056.33..4061.52 rows=1038 width=121)
	  ->  Sort  (cost=4056.33..4058.93 rows=1038 width=121)
	        Sort Key: c
	        ->  Bitmap Heap Scan on sbtest5  (cost=23.07..4004.33 rows=1038 width=121)
	              Recheck Cond: ((id >= 8721233) AND (id <= 8722232))
	              ->  Bitmap Index Scan on sbtest5_pkey  (cost=0.00..22.82 rows=1038 width=0)
	                    Index Cond: ((id >= 8721233) AND (id <= 8722232))

table 6 : explain SELECT DISTINCT c FROM sbtest6 WHERE id BETWEEN 4568459 AND 4569458 ORDER BY c
	Unique  (cost=4049.43..4054.61 rows=1036 width=121)
	  ->  Sort  (cost=4049.43..4052.02 rows=1036 width=121)
	        Sort Key: c
	        ->  Bitmap Heap Scan on sbtest6  (cost=23.05..3997.55 rows=1036 width=121)
	              Recheck Cond: ((id >= 4568459) AND (id <= 4569458))
	              ->  Bitmap Index Scan on sbtest6_pkey  (cost=0.00..22.79 rows=1036 width=0)
	                    Index Cond: ((id >= 4568459) AND (id <= 4569458))

table 7 : explain SELECT DISTINCT c FROM sbtest7 WHERE id BETWEEN 7647496 AND 7648495 ORDER BY c
	Unique  (cost=3605.43..3610.03 rows=920 width=121)
	  ->  Sort  (cost=3605.43..3607.73 rows=920 width=121)
	        Sort Key: c
	        ->  Bitmap Heap Scan on sbtest7  (cost=21.87..3560.14 rows=920 width=121)
	              Recheck Cond: ((id >= 7647496) AND (id <= 7648495))
	              ->  Bitmap Index Scan on sbtest7_pkey  (cost=0.00..21.64 rows=920 width=0)
	                    Index Cond: ((id >= 7647496) AND (id <= 7648495))

table 8 : explain SELECT DISTINCT c FROM sbtest8 WHERE id BETWEEN 3732019 AND 3733018 ORDER BY c
	Unique  (cost=3980.64..3985.73 rows=1018 width=121)
	  ->  Sort  (cost=3980.64..3983.19 rows=1018 width=121)
	        Sort Key: c
	        ->  Bitmap Heap Scan on sbtest8  (cost=22.87..3929.79 rows=1018 width=121)
	              Recheck Cond: ((id >= 3732019) AND (id <= 3733018))
	              ->  Bitmap Index Scan on sbtest8_pkey  (cost=0.00..22.61 rows=1018 width=0)
	                    Index Cond: ((id >= 3732019) AND (id <= 3733018))

for: simple_ranges
table 1 : explain SELECT c FROM sbtest1 WHERE id BETWEEN 8370416 AND 8371415
	Bitmap Heap Scan on sbtest1  (cost=23.39..4118.57 rows=1069 width=121)
	  Recheck Cond: ((id >= 8370416) AND (id <= 8371415))
	  ->  Bitmap Index Scan on sbtest1_pkey  (cost=0.00..23.12 rows=1069 width=0)
	        Index Cond: ((id >= 8370416) AND (id <= 8371415))

table 2 : explain SELECT c FROM sbtest2 WHERE id BETWEEN 1989028 AND 1990027
	Bitmap Heap Scan on sbtest2  (cost=22.52..3799.97 rows=984 width=121)
	  Recheck Cond: ((id >= 1989028) AND (id <= 1990027))
	  ->  Bitmap Index Scan on sbtest2_pkey  (cost=0.00..22.27 rows=984 width=0)
	        Index Cond: ((id >= 1989028) AND (id <= 1990027))

table 3 : explain SELECT c FROM sbtest3 WHERE id BETWEEN 2951550 AND 2952549
	Bitmap Heap Scan on sbtest3  (cost=22.60..3830.24 rows=992 width=121)
	  Recheck Cond: ((id >= 2951550) AND (id <= 2952549))
	  ->  Bitmap Index Scan on sbtest3_pkey  (cost=0.00..22.36 rows=992 width=0)
	        Index Cond: ((id >= 2951550) AND (id <= 2952549))

table 4 : explain SELECT c FROM sbtest4 WHERE id BETWEEN 8058771 AND 8059770
	Bitmap Heap Scan on sbtest4  (cost=22.80..3902.58 rows=1011 width=121)
	  Recheck Cond: ((id >= 8058771) AND (id <= 8059770))
	  ->  Bitmap Index Scan on sbtest4_pkey  (cost=0.00..22.54 rows=1011 width=0)
	        Index Cond: ((id >= 8058771) AND (id <= 8059770))

table 5 : explain SELECT c FROM sbtest5 WHERE id BETWEEN 2401735 AND 2402734
	Bitmap Heap Scan on sbtest5  (cost=22.81..3906.49 rows=1012 width=121)
	  Recheck Cond: ((id >= 2401735) AND (id <= 2402734))
	  ->  Bitmap Index Scan on sbtest5_pkey  (cost=0.00..22.55 rows=1012 width=0)
	        Index Cond: ((id >= 2401735) AND (id <= 2402734))

table 6 : explain SELECT c FROM sbtest6 WHERE id BETWEEN 6507643 AND 6508642
	Bitmap Heap Scan on sbtest6  (cost=23.43..4136.69 rows=1073 width=121)
	  Recheck Cond: ((id >= 6507643) AND (id <= 6508642))
	  ->  Bitmap Index Scan on sbtest6_pkey  (cost=0.00..23.16 rows=1073 width=0)
	        Index Cond: ((id >= 6507643) AND (id <= 6508642))

table 7 : explain SELECT c FROM sbtest7 WHERE id BETWEEN 9609058 AND 9610057
	Bitmap Heap Scan on sbtest7  (cost=22.40..3756.42 rows=972 width=121)
	  Recheck Cond: ((id >= 9609058) AND (id <= 9610057))
	  ->  Bitmap Index Scan on sbtest7_pkey  (cost=0.00..22.15 rows=972 width=0)
	        Index Cond: ((id >= 9609058) AND (id <= 9610057))

table 8 : explain SELECT c FROM sbtest8 WHERE id BETWEEN 5164497 AND 5165496
	Bitmap Heap Scan on sbtest8  (cost=22.18..3677.23 rows=951 width=121)
	  Recheck Cond: ((id >= 5164497) AND (id <= 5165496))
	  ->  Bitmap Index Scan on sbtest8_pkey  (cost=0.00..21.94 rows=951 width=0)
	        Index Cond: ((id >= 5164497) AND (id <= 5165496))

for: sum_ranges
table 1 : explain SELECT SUM(k) FROM sbtest1 WHERE id BETWEEN 6021173 AND 6022172
	Aggregate  (cost=3571.35..3571.36 rows=1 width=8)
	  ->  Bitmap Heap Scan on sbtest1  (cost=21.90..3569.04 rows=923 width=4)
	        Recheck Cond: ((id >= 6021173) AND (id <= 6022172))
	        ->  Bitmap Index Scan on sbtest1_pkey  (cost=0.00..21.66 rows=923 width=0)
	              Index Cond: ((id >= 6021173) AND (id <= 6022172))

table 2 : explain SELECT SUM(k) FROM sbtest2 WHERE id BETWEEN 7648590 AND 7649589
	Aggregate  (cost=3674.20..3674.21 rows=1 width=8)
	  ->  Bitmap Heap Scan on sbtest2  (cost=22.17..3671.82 rows=950 width=4)
	        Recheck Cond: ((id >= 7648590) AND (id <= 7649589))
	        ->  Bitmap Index Scan on sbtest2_pkey  (cost=0.00..21.93 rows=950 width=0)
	              Index Cond: ((id >= 7648590) AND (id <= 7649589))

table 3 : explain SELECT SUM(k) FROM sbtest3 WHERE id BETWEEN 5548146 AND 5549145
	Aggregate  (cost=3700.74..3700.75 rows=1 width=8)
	  ->  Bitmap Heap Scan on sbtest3  (cost=22.24..3698.35 rows=957 width=4)
	        Recheck Cond: ((id >= 5548146) AND (id <= 5549145))
	        ->  Bitmap Index Scan on sbtest3_pkey  (cost=0.00..22.00 rows=957 width=0)
	              Index Cond: ((id >= 5548146) AND (id <= 5549145))

table 4 : explain SELECT SUM(k) FROM sbtest4 WHERE id BETWEEN 3765462 AND 3766461
	Aggregate  (cost=3671.29..3671.30 rows=1 width=8)
	  ->  Bitmap Heap Scan on sbtest4  (cost=22.16..3668.92 rows=949 width=4)
	        Recheck Cond: ((id >= 3765462) AND (id <= 3766461))
	        ->  Bitmap Index Scan on sbtest4_pkey  (cost=0.00..21.93 rows=949 width=0)
	              Index Cond: ((id >= 3765462) AND (id <= 3766461))

table 5 : explain SELECT SUM(k) FROM sbtest5 WHERE id BETWEEN 2308407 AND 2309406
	Aggregate  (cost=3863.80..3863.81 rows=1 width=8)
	  ->  Bitmap Heap Scan on sbtest5  (cost=22.68..3861.30 rows=1000 width=4)
	        Recheck Cond: ((id >= 2308407) AND (id <= 2309406))
	        ->  Bitmap Index Scan on sbtest5_pkey  (cost=0.00..22.43 rows=1000 width=0)
	              Index Cond: ((id >= 2308407) AND (id <= 2309406))

table 6 : explain SELECT SUM(k) FROM sbtest6 WHERE id BETWEEN 5652980 AND 5653979
	Aggregate  (cost=4308.75..4308.76 rows=1 width=8)
	  ->  Bitmap Heap Scan on sbtest6  (cost=27.89..4305.95 rows=1118 width=4)
	        Recheck Cond: ((id >= 5652980) AND (id <= 5653979))
	        ->  Bitmap Index Scan on sbtest6_pkey  (cost=0.00..27.61 rows=1118 width=0)
	              Index Cond: ((id >= 5652980) AND (id <= 5653979))

table 7 : explain SELECT SUM(k) FROM sbtest7 WHERE id BETWEEN 4506648 AND 4507647
	Aggregate  (cost=3981.26..3981.27 rows=1 width=8)
	  ->  Bitmap Heap Scan on sbtest7  (cost=23.00..3978.68 rows=1031 width=4)
	        Recheck Cond: ((id >= 4506648) AND (id <= 4507647))
	        ->  Bitmap Index Scan on sbtest7_pkey  (cost=0.00..22.75 rows=1031 width=0)
	              Index Cond: ((id >= 4506648) AND (id <= 4507647))

table 8 : explain SELECT SUM(k) FROM sbtest8 WHERE id BETWEEN 1560418 AND 1561417
	Aggregate  (cost=3864.49..3864.50 rows=1 width=8)
	  ->  Bitmap Heap Scan on sbtest8  (cost=22.68..3861.99 rows=1000 width=4)
	        Recheck Cond: ((id >= 1560418) AND (id <= 1561417))
	        ->  Bitmap Index Scan on sbtest8_pkey  (cost=0.00..22.43 rows=1000 width=0)
	              Index Cond: ((id >= 1560418) AND (id <= 1561417))

for: sum_ranges
table 1 : explain SELECT SUM(k) FROM sbtest1 WHERE id BETWEEN 9184251 AND 9185250
	Aggregate  (cost=3775.06..3775.07 rows=1 width=8)
	  ->  Bitmap Heap Scan on sbtest1  (cost=22.45..3772.62 rows=977 width=4)
	        Recheck Cond: ((id >= 9184251) AND (id <= 9185250))
	        ->  Bitmap Index Scan on sbtest1_pkey  (cost=0.00..22.20 rows=977 width=0)
	              Index Cond: ((id >= 9184251) AND (id <= 9185250))

table 2 : explain SELECT SUM(k) FROM sbtest2 WHERE id BETWEEN 1061611 AND 1062610
	Aggregate  (cost=3791.12..3791.13 rows=1 width=8)
	  ->  Bitmap Heap Scan on sbtest2  (cost=22.49..3788.67 rows=981 width=4)
	        Recheck Cond: ((id >= 1061611) AND (id <= 1062610))
	        ->  Bitmap Index Scan on sbtest2_pkey  (cost=0.00..22.25 rows=981 width=0)
	              Index Cond: ((id >= 1061611) AND (id <= 1062610))

table 3 : explain SELECT SUM(k) FROM sbtest3 WHERE id BETWEEN 7356646 AND 7357645
	Aggregate  (cost=3889.23..3889.24 rows=1 width=8)
	  ->  Bitmap Heap Scan on sbtest3  (cost=22.76..3886.72 rows=1007 width=4)
	        Recheck Cond: ((id >= 7356646) AND (id <= 7357645))
	        ->  Bitmap Index Scan on sbtest3_pkey  (cost=0.00..22.50 rows=1007 width=0)
	              Index Cond: ((id >= 7356646) AND (id <= 7357645))

table 4 : explain SELECT SUM(k) FROM sbtest4 WHERE id BETWEEN 5271020 AND 5272019
	Aggregate  (cost=3886.27..3886.28 rows=1 width=8)
	  ->  Bitmap Heap Scan on sbtest4  (cost=22.75..3883.76 rows=1006 width=4)
	        Recheck Cond: ((id >= 5271020) AND (id <= 5272019))
	        ->  Bitmap Index Scan on sbtest4_pkey  (cost=0.00..22.50 rows=1006 width=0)
	              Index Cond: ((id >= 5271020) AND (id <= 5272019))

table 5 : explain SELECT SUM(k) FROM sbtest5 WHERE id BETWEEN 6256658 AND 6257657
	Aggregate  (cost=4217.76..4217.77 rows=1 width=8)
	  ->  Bitmap Heap Scan on sbtest5  (cost=27.64..4215.02 rows=1093 width=4)
	        Recheck Cond: ((id >= 6256658) AND (id <= 6257657))
	        ->  Bitmap Index Scan on sbtest5_pkey  (cost=0.00..27.36 rows=1093 width=0)
	              Index Cond: ((id >= 6256658) AND (id <= 6257657))

table 6 : explain SELECT SUM(k) FROM sbtest6 WHERE id BETWEEN 5954145 AND 5955144
	Aggregate  (cost=4097.99..4098.00 rows=1 width=8)
	  ->  Bitmap Heap Scan on sbtest6  (cost=23.32..4095.34 rows=1062 width=4)
	        Recheck Cond: ((id >= 5954145) AND (id <= 5955144))
	        ->  Bitmap Index Scan on sbtest6_pkey  (cost=0.00..23.05 rows=1062 width=0)
	              Index Cond: ((id >= 5954145) AND (id <= 5955144))

table 7 : explain SELECT SUM(k) FROM sbtest7 WHERE id BETWEEN 6334262 AND 6335261
	Aggregate  (cost=3630.47..3630.48 rows=1 width=8)
	  ->  Bitmap Heap Scan on sbtest7  (cost=22.05..3628.13 rows=938 width=4)
	        Recheck Cond: ((id >= 6334262) AND (id <= 6335261))
	        ->  Bitmap Index Scan on sbtest7_pkey  (cost=0.00..21.82 rows=938 width=0)
	              Index Cond: ((id >= 6334262) AND (id <= 6335261))

table 8 : explain SELECT SUM(k) FROM sbtest8 WHERE id BETWEEN 9134374 AND 9135373
	Aggregate  (cost=3743.79..3743.80 rows=1 width=8)
	  ->  Bitmap Heap Scan on sbtest8  (cost=22.36..3741.37 rows=968 width=4)
	        Recheck Cond: ((id >= 9134374) AND (id <= 9135373))
	        ->  Bitmap Index Scan on sbtest8_pkey  (cost=0.00..22.11 rows=968 width=0)
	              Index Cond: ((id >= 9134374) AND (id <= 9135373))

for: order_ranges
table 1 : explain SELECT c FROM sbtest1 WHERE id BETWEEN 7166383 AND 7167382 ORDER BY c
	Sort  (cost=3947.24..3949.76 rows=1010 width=121)
	  Sort Key: c
	  ->  Bitmap Heap Scan on sbtest1  (cost=22.79..3896.84 rows=1010 width=121)
	        Recheck Cond: ((id >= 7166383) AND (id <= 7167382))
	        ->  Bitmap Index Scan on sbtest1_pkey  (cost=0.00..22.54 rows=1010 width=0)
	              Index Cond: ((id >= 7166383) AND (id <= 7167382))

table 2 : explain SELECT c FROM sbtest2 WHERE id BETWEEN 3196672 AND 3197671 ORDER BY c
	Sort  (cost=4104.81..4107.44 rows=1051 width=121)
	  Sort Key: c
	  ->  Bitmap Heap Scan on sbtest2  (cost=23.21..4052.06 rows=1051 width=121)
	        Recheck Cond: ((id >= 3196672) AND (id <= 3197671))
	        ->  Bitmap Index Scan on sbtest2_pkey  (cost=0.00..22.94 rows=1051 width=0)
	              Index Cond: ((id >= 3196672) AND (id <= 3197671))

table 3 : explain SELECT c FROM sbtest3 WHERE id BETWEEN 5511413 AND 5512412 ORDER BY c
	Sort  (cost=3745.73..3748.12 rows=957 width=121)
	  Sort Key: c
	  ->  Bitmap Heap Scan on sbtest3  (cost=22.24..3698.35 rows=957 width=121)
	        Recheck Cond: ((id >= 5511413) AND (id <= 5512412))
	        ->  Bitmap Index Scan on sbtest3_pkey  (cost=0.00..22.00 rows=957 width=0)
	              Index Cond: ((id >= 5511413) AND (id <= 5512412))

table 4 : explain SELECT c FROM sbtest4 WHERE id BETWEEN 4835218 AND 4836217 ORDER BY c
	Sort  (cost=3765.62..3768.02 rows=962 width=121)
	  Sort Key: c
	  ->  Bitmap Heap Scan on sbtest4  (cost=22.30..3717.95 rows=962 width=121)
	        Recheck Cond: ((id >= 4835218) AND (id <= 4836217))
	        ->  Bitmap Index Scan on sbtest4_pkey  (cost=0.00..22.05 rows=962 width=0)
	              Index Cond: ((id >= 4835218) AND (id <= 4836217))

table 5 : explain SELECT c FROM sbtest5 WHERE id BETWEEN 6042498 AND 6043497 ORDER BY c
	Sort  (cost=3612.52..3614.83 rows=922 width=121)
	  Sort Key: c
	  ->  Bitmap Heap Scan on sbtest5  (cost=21.89..3567.12 rows=922 width=121)
	        Recheck Cond: ((id >= 6042498) AND (id <= 6043497))
	        ->  Bitmap Index Scan on sbtest5_pkey  (cost=0.00..21.65 rows=922 width=0)
	              Index Cond: ((id >= 6042498) AND (id <= 6043497))

table 6 : explain SELECT c FROM sbtest6 WHERE id BETWEEN 7254163 AND 7255162 ORDER BY c
	Sort  (cost=3911.83..3914.33 rows=1000 width=121)
	  Sort Key: c
	  ->  Bitmap Heap Scan on sbtest6  (cost=22.68..3862.00 rows=1000 width=121)
	        Recheck Cond: ((id >= 7254163) AND (id <= 7255162))
	        ->  Bitmap Index Scan on sbtest6_pkey  (cost=0.00..22.43 rows=1000 width=0)
	              Index Cond: ((id >= 7254163) AND (id <= 7255162))

table 7 : explain SELECT c FROM sbtest7 WHERE id BETWEEN 3823745 AND 3824744 ORDER BY c
	Sort  (cost=4335.83..4338.61 rows=1111 width=121)
	  Sort Key: c
	  ->  Bitmap Heap Scan on sbtest7  (cost=27.82..4279.63 rows=1111 width=121)
	        Recheck Cond: ((id >= 3823745) AND (id <= 3824744))
	        ->  Bitmap Index Scan on sbtest7_pkey  (cost=0.00..27.54 rows=1111 width=0)
	              Index Cond: ((id >= 3823745) AND (id <= 3824744))

table 8 : explain SELECT c FROM sbtest8 WHERE id BETWEEN 9406610 AND 9407609 ORDER BY c
	Sort  (cost=3846.79..3849.25 rows=983 width=121)
	  Sort Key: c
	  ->  Bitmap Heap Scan on sbtest8  (cost=22.51..3797.93 rows=983 width=121)
	        Recheck Cond: ((id >= 9406610) AND (id <= 9407609))
	        ->  Bitmap Index Scan on sbtest8_pkey  (cost=0.00..22.26 rows=983 width=0)
	              Index Cond: ((id >= 9406610) AND (id <= 9407609))

for: order_ranges
table 1 : explain SELECT c FROM sbtest1 WHERE id BETWEEN 6310958 AND 6311957 ORDER BY c
	Sort  (cost=3568.53..3570.81 rows=911 width=121)
	  Sort Key: c
	  ->  Bitmap Heap Scan on sbtest1  (cost=21.77..3523.75 rows=911 width=121)
	        Recheck Cond: ((id >= 6310958) AND (id <= 6311957))
	        ->  Bitmap Index Scan on sbtest1_pkey  (cost=0.00..21.54 rows=911 width=0)
	              Index Cond: ((id >= 6310958) AND (id <= 6311957))

table 2 : explain SELECT c FROM sbtest2 WHERE id BETWEEN 5301249 AND 5302248 ORDER BY c
	Sort  (cost=3699.67..3702.03 rows=945 width=121)
	  Sort Key: c
	  ->  Bitmap Heap Scan on sbtest2  (cost=22.12..3652.96 rows=945 width=121)
	        Recheck Cond: ((id >= 5301249) AND (id <= 5302248))
	        ->  Bitmap Index Scan on sbtest2_pkey  (cost=0.00..21.89 rows=945 width=0)
	              Index Cond: ((id >= 5301249) AND (id <= 5302248))

table 3 : explain SELECT c FROM sbtest3 WHERE id BETWEEN 7838600 AND 7839599 ORDER BY c
	Sort  (cost=3868.14..3870.62 rows=989 width=121)
	  Sort Key: c
	  ->  Bitmap Heap Scan on sbtest3  (cost=22.57..3818.94 rows=989 width=121)
	        Recheck Cond: ((id >= 7838600) AND (id <= 7839599))
	        ->  Bitmap Index Scan on sbtest3_pkey  (cost=0.00..22.32 rows=989 width=0)
	              Index Cond: ((id >= 7838600) AND (id <= 7839599))

table 4 : explain SELECT c FROM sbtest4 WHERE id BETWEEN 1608161 AND 1609160 ORDER BY c
	Sort  (cost=4033.27..4035.85 rows=1032 width=121)
	  Sort Key: c
	  ->  Bitmap Heap Scan on sbtest4  (cost=23.01..3981.62 rows=1032 width=121)
	        Recheck Cond: ((id >= 1608161) AND (id <= 1609160))
	        ->  Bitmap Index Scan on sbtest4_pkey  (cost=0.00..22.75 rows=1032 width=0)
	              Index Cond: ((id >= 1608161) AND (id <= 1609160))

table 5 : explain SELECT c FROM sbtest5 WHERE id BETWEEN 3027656 AND 3028655 ORDER BY c
	Sort  (cost=3999.03..4001.59 rows=1023 width=121)
	  Sort Key: c
	  ->  Bitmap Heap Scan on sbtest5  (cost=22.92..3947.89 rows=1023 width=121)
	        Recheck Cond: ((id >= 3027656) AND (id <= 3028655))
	        ->  Bitmap Index Scan on sbtest5_pkey  (cost=0.00..22.66 rows=1023 width=0)
	              Index Cond: ((id >= 3027656) AND (id <= 3028655))

table 6 : explain SELECT c FROM sbtest6 WHERE id BETWEEN 6985692 AND 6986691 ORDER BY c
	Sort  (cost=3482.71..3484.93 rows=888 width=121)
	  Sort Key: c
	  ->  Bitmap Heap Scan on sbtest6  (cost=21.54..3439.22 rows=888 width=121)
	        Recheck Cond: ((id >= 6985692) AND (id <= 6986691))
	        ->  Bitmap Index Scan on sbtest6_pkey  (cost=0.00..21.32 rows=888 width=0)
	              Index Cond: ((id >= 6985692) AND (id <= 6986691))

table 7 : explain SELECT c FROM sbtest7 WHERE id BETWEEN 5904609 AND 5905608 ORDER BY c
	Sort  (cost=3881.18..3883.66 rows=992 width=121)
	  Sort Key: c
	  ->  Bitmap Heap Scan on sbtest7  (cost=22.60..3831.81 rows=992 width=121)
	        Recheck Cond: ((id >= 5904609) AND (id <= 5905608))
	        ->  Bitmap Index Scan on sbtest7_pkey  (cost=0.00..22.36 rows=992 width=0)
	              Index Cond: ((id >= 5904609) AND (id <= 5905608))

table 8 : explain SELECT c FROM sbtest8 WHERE id BETWEEN 6799677 AND 6800676 ORDER BY c
	Sort  (cost=4213.77..4216.46 rows=1078 width=121)
	  Sort Key: c
	  ->  Bitmap Heap Scan on sbtest8  (cost=27.48..4159.47 rows=1078 width=121)
	        Recheck Cond: ((id >= 6799677) AND (id <= 6800676))
	        ->  Bitmap Index Scan on sbtest8_pkey  (cost=0.00..27.21 rows=1078 width=0)
	              Index Cond: ((id >= 6799677) AND (id <= 6800676))

for: distinct_ranges
table 1 : explain SELECT DISTINCT c FROM sbtest1 WHERE id BETWEEN 1752520 AND 1753519 ORDER BY c
	Unique  (cost=4374.49..4380.10 rows=1122 width=121)
	  ->  Sort  (cost=4374.49..4377.29 rows=1122 width=121)
	        Sort Key: c
	        ->  Bitmap Heap Scan on sbtest1  (cost=27.94..4317.65 rows=1122 width=121)
	              Recheck Cond: ((id >= 1752520) AND (id <= 1753519))
	              ->  Bitmap Index Scan on sbtest1_pkey  (cost=0.00..27.65 rows=1122 width=0)
	                    Index Cond: ((id >= 1752520) AND (id <= 1753519))

table 2 : explain SELECT DISTINCT c FROM sbtest2 WHERE id BETWEEN 3276804 AND 3277803 ORDER BY c
	Unique  (cost=4104.81..4110.07 rows=1051 width=121)
	  ->  Sort  (cost=4104.81..4107.44 rows=1051 width=121)
	        Sort Key: c
	        ->  Bitmap Heap Scan on sbtest2  (cost=23.21..4052.06 rows=1051 width=121)
	              Recheck Cond: ((id >= 3276804) AND (id <= 3277803))
	              ->  Bitmap Index Scan on sbtest2_pkey  (cost=0.00..22.94 rows=1051 width=0)
	                    Index Cond: ((id >= 3276804) AND (id <= 3277803))

table 3 : explain SELECT DISTINCT c FROM sbtest3 WHERE id BETWEEN 9487943 AND 9488942 ORDER BY c
	Unique  (cost=3711.28..3716.02 rows=948 width=121)
	  ->  Sort  (cost=3711.28..3713.65 rows=948 width=121)
	        Sort Key: c
	        ->  Bitmap Heap Scan on sbtest3  (cost=22.15..3664.41 rows=948 width=121)
	              Recheck Cond: ((id >= 9487943) AND (id <= 9488942))
	              ->  Bitmap Index Scan on sbtest3_pkey  (cost=0.00..21.91 rows=948 width=0)
	                    Index Cond: ((id >= 9487943) AND (id <= 9488942))

table 4 : explain SELECT DISTINCT c FROM sbtest4 WHERE id BETWEEN 8432577 AND 8433576 ORDER BY c
	Unique  (cost=3815.37..3820.25 rows=975 width=121)
	  ->  Sort  (cost=3815.37..3817.81 rows=975 width=121)
	        Sort Key: c
	        ->  Bitmap Heap Scan on sbtest4  (cost=22.43..3766.97 rows=975 width=121)
	              Recheck Cond: ((id >= 8432577) AND (id <= 8433576))
	              ->  Bitmap Index Scan on sbtest4_pkey  (cost=0.00..22.18 rows=975 width=0)
	                    Index Cond: ((id >= 8432577) AND (id <= 8433576))

table 5 : explain SELECT DISTINCT c FROM sbtest5 WHERE id BETWEEN 5666195 AND 5667194 ORDER BY c
	Unique  (cost=4060.15..4065.34 rows=1039 width=121)
	  ->  Sort  (cost=4060.15..4062.75 rows=1039 width=121)
	        Sort Key: c
	        ->  Bitmap Heap Scan on sbtest5  (cost=23.08..4008.09 rows=1039 width=121)
	              Recheck Cond: ((id >= 5666195) AND (id <= 5667194))
	              ->  Bitmap Index Scan on sbtest5_pkey  (cost=0.00..22.82 rows=1039 width=0)
	                    Index Cond: ((id >= 5666195) AND (id <= 5667194))

table 6 : explain SELECT DISTINCT c FROM sbtest6 WHERE id BETWEEN 2079834 AND 2080833 ORDER BY c
	Unique  (cost=3908.01..3913.00 rows=999 width=121)
	  ->  Sort  (cost=3908.01..3910.50 rows=999 width=121)
	        Sort Key: c
	        ->  Bitmap Heap Scan on sbtest6  (cost=22.67..3858.23 rows=999 width=121)
	              Recheck Cond: ((id >= 2079834) AND (id <= 2080833))
	              ->  Bitmap Index Scan on sbtest6_pkey  (cost=0.00..22.43 rows=999 width=0)
	                    Index Cond: ((id >= 2079834) AND (id <= 2080833))

table 7 : explain SELECT DISTINCT c FROM sbtest7 WHERE id BETWEEN 1584369 AND 1585368 ORDER BY c
	Unique  (cost=3636.10..3640.74 rows=928 width=121)
	  ->  Sort  (cost=3636.10..3638.42 rows=928 width=121)
	        Sort Key: c
	        ->  Bitmap Heap Scan on sbtest7  (cost=21.95..3590.36 rows=928 width=121)
	              Recheck Cond: ((id >= 1584369) AND (id <= 1585368))
	              ->  Bitmap Index Scan on sbtest7_pkey  (cost=0.00..21.71 rows=928 width=0)
	                    Index Cond: ((id >= 1584369) AND (id <= 1585368))

table 8 : explain SELECT DISTINCT c FROM sbtest8 WHERE id BETWEEN 8297955 AND 8298954 ORDER BY c
	Unique  (cost=4018.86..4024.00 rows=1028 width=121)
	  ->  Sort  (cost=4018.86..4021.43 rows=1028 width=121)
	        Sort Key: c
	        ->  Bitmap Heap Scan on sbtest8  (cost=22.97..3967.43 rows=1028 width=121)
	              Recheck Cond: ((id >= 8297955) AND (id <= 8298954))
	              ->  Bitmap Index Scan on sbtest8_pkey  (cost=0.00..22.71 rows=1028 width=0)
	                    Index Cond: ((id >= 8297955) AND (id <= 8298954))

for: distinct_ranges
table 1 : explain SELECT DISTINCT c FROM sbtest1 WHERE id BETWEEN 3600475 AND 3601474 ORDER BY c
	Unique  (cost=3691.08..3695.79 rows=943 width=121)
	  ->  Sort  (cost=3691.08..3693.43 rows=943 width=121)
	        Sort Key: c
	        ->  Bitmap Heap Scan on sbtest1  (cost=22.10..3644.49 rows=943 width=121)
	              Recheck Cond: ((id >= 3600475) AND (id <= 3601474))
	              ->  Bitmap Index Scan on sbtest1_pkey  (cost=0.00..21.86 rows=943 width=0)
	                    Index Cond: ((id >= 3600475) AND (id <= 3601474))

table 2 : explain SELECT DISTINCT c FROM sbtest2 WHERE id BETWEEN 3613692 AND 3614691 ORDER BY c
	Unique  (cost=3657.54..3662.21 rows=934 width=121)
	  ->  Sort  (cost=3657.54..3659.88 rows=934 width=121)
	        Sort Key: c
	        ->  Bitmap Heap Scan on sbtest2  (cost=22.01..3611.46 rows=934 width=121)
	              Recheck Cond: ((id >= 3613692) AND (id <= 3614691))
	              ->  Bitmap Index Scan on sbtest2_pkey  (cost=0.00..21.77 rows=934 width=0)
	                    Index Cond: ((id >= 3613692) AND (id <= 3614691))

table 3 : explain SELECT DISTINCT c FROM sbtest3 WHERE id BETWEEN 7364420 AND 7365419 ORDER BY c
	Unique  (cost=3936.94..3941.98 rows=1007 width=121)
	  ->  Sort  (cost=3936.94..3939.46 rows=1007 width=121)
	        Sort Key: c
	        ->  Bitmap Heap Scan on sbtest3  (cost=22.76..3886.72 rows=1007 width=121)
	              Recheck Cond: ((id >= 7364420) AND (id <= 7365419))
	              ->  Bitmap Index Scan on sbtest3_pkey  (cost=0.00..22.50 rows=1007 width=0)
	                    Index Cond: ((id >= 7364420) AND (id <= 7365419))

table 4 : explain SELECT DISTINCT c FROM sbtest4 WHERE id BETWEEN 8568877 AND 8569876 ORDER BY c
	Unique  (cost=4060.01..4065.20 rows=1039 width=121)
	  ->  Sort  (cost=4060.01..4062.60 rows=1039 width=121)
	        Sort Key: c
	        ->  Bitmap Heap Scan on sbtest4  (cost=23.08..4007.95 rows=1039 width=121)
	              Recheck Cond: ((id >= 8568877) AND (id <= 8569876))
	              ->  Bitmap Index Scan on sbtest4_pkey  (cost=0.00..22.82 rows=1039 width=0)
	                    Index Cond: ((id >= 8568877) AND (id <= 8569876))

table 5 : explain SELECT DISTINCT c FROM sbtest5 WHERE id BETWEEN 4664625 AND 4665624 ORDER BY c
	Unique  (cost=4132.68..4137.97 rows=1058 width=121)
	  ->  Sort  (cost=4132.68..4135.33 rows=1058 width=121)
	        Sort Key: c
	        ->  Bitmap Heap Scan on sbtest5  (cost=23.28..4079.53 rows=1058 width=121)
	              Recheck Cond: ((id >= 4664625) AND (id <= 4665624))
	              ->  Bitmap Index Scan on sbtest5_pkey  (cost=0.00..23.01 rows=1058 width=0)
	                    Index Cond: ((id >= 4664625) AND (id <= 4665624))

table 6 : explain SELECT DISTINCT c FROM sbtest6 WHERE id BETWEEN 8167838 AND 8168837 ORDER BY c
	Unique  (cost=4282.43..4287.91 rows=1096 width=121)
	  ->  Sort  (cost=4282.43..4285.17 rows=1096 width=121)
	        Sort Key: c
	        ->  Bitmap Heap Scan on sbtest6  (cost=27.67..4227.09 rows=1096 width=121)
	              Recheck Cond: ((id >= 8167838) AND (id <= 8168837))
	              ->  Bitmap Index Scan on sbtest6_pkey  (cost=0.00..27.39 rows=1096 width=0)
	                    Index Cond: ((id >= 8167838) AND (id <= 8168837))

table 7 : explain SELECT DISTINCT c FROM sbtest7 WHERE id BETWEEN 8179145 AND 8180144 ORDER BY c
	Unique  (cost=3953.85..3958.90 rows=1011 width=121)
	  ->  Sort  (cost=3953.85..3956.37 rows=1011 width=121)
	        Sort Key: c
	        ->  Bitmap Heap Scan on sbtest7  (cost=22.80..3903.39 rows=1011 width=121)
	              Recheck Cond: ((id >= 8179145) AND (id <= 8180144))
	              ->  Bitmap Index Scan on sbtest7_pkey  (cost=0.00..22.54 rows=1011 width=0)
	                    Index Cond: ((id >= 8179145) AND (id <= 8180144))

table 8 : explain SELECT DISTINCT c FROM sbtest8 WHERE id BETWEEN 3687581 AND 3688580 ORDER BY c
	Unique  (cost=4171.61..4176.95 rows=1068 width=121)
	  ->  Sort  (cost=4171.61..4174.28 rows=1068 width=121)
	        Sort Key: c
	        ->  Bitmap Heap Scan on sbtest8  (cost=23.38..4117.88 rows=1068 width=121)
	              Recheck Cond: ((id >= 3687581) AND (id <= 3688580))
	              ->  Bitmap Index Scan on sbtest8_pkey  (cost=0.00..23.11 rows=1068 width=0)
	                    Index Cond: ((id >= 3687581) AND (id <= 3688580))

Threads started!

Warming up for 5 seconds...

SQL statistics:
    queries performed:
        read:                            159874128
        write:                           0
        other:                           29068041
        total:                           188942169
    transactions:                        14534040 (23069.65 per sec.)
    queries:                             188942169 (299904.89 per sec.)
    ignored errors:                      0      (0.00 per sec.)
    reconnects:                          0      (0.00 per sec.)

Throughput:
    events/s (eps):                      23069.6500
    time elapsed:                        630.0071s
    total number of events:              14534040

Latency (ms):
         min:                                    0.47
         avg:                                    1.73
         max:                                   17.83
         95th percentile:                        1.82
         sum:                             25185282.97

Threads fairness:
    events (avg/stddev):           363350.7500/2252.24
    execution time (avg/stddev):   629.6321/0.01

