LUA_PATH=/home/mdcallag/git/mytools/bench/sysbench.lua/lua/?.lua /home/mdcallag/git/mytools/bench/sysbench.lua/lua/sysbench --db-driver=pgsql --range-size=100 --table-size=10000000 --tables=8 --threads=40 --events=0 --warmup-time=5 --time=630 --pgsql_conn_id=true /home/mdcallag/git/mytools/bench/sysbench.lua/lua/oltp_point_select.lua run --pgsql-user=root --pgsql-password=pw --pgsql-host=127.0.0.1 --pgsql-db=ib --rand-type=uniform --skip-trx
48 CPUs
sysbench 1.1.0-9072687 (using bundled LuaJIT 2.1.0-beta3)

Running the test with following options:
Number of threads: 40
Warmup time: 5s
Initializing random number generator from current time


Initializing worker threads...

explain: for point_selects :: explain SELECT c FROM sbtest%u WHERE id=%u
explain: for point_selects :: explain SELECT c FROM sbtest%u WHERE id=%u
explain: for point_selects :: explain SELECT c FROM sbtest%u WHERE id=%u
explain: for point_selects :: explain SELECT c FROM sbtest%u WHERE id=%uexplain: for point_selects :: explain SELECT c FROM sbtest%u WHERE id=%uexplain: for point_selects :: explain SELECT c FROM sbtest%u WHERE id=%uexplain: for point_selects :: explain SELECT c FROM sbtest%u WHERE id=%u

explain: for point_selects :: explain SELECT c FROM sbtest%u WHERE id=%u

explain: for point_selects :: explain SELECT c FROM sbtest%u WHERE id=%uexplain: for point_selects :: explain SELECT c FROM sbtest%u WHERE id=%u
explain: for point_selects :: explain SELECT c FROM sbtest%u WHERE id=%u
explain: for point_selects :: explain SELECT c FROM sbtest%u WHERE id=%u


explain: for point_selects :: explain SELECT c FROM sbtest%u WHERE id=%u
explain: for point_selects :: explain SELECT c FROM sbtest%u WHERE id=%u
explain: for point_selects :: explain SELECT c FROM sbtest%u WHERE id=%u
explain: for point_selects :: explain SELECT c FROM sbtest%u WHERE id=%u
explain: for point_selects :: explain SELECT c FROM sbtest%u WHERE id=%u
explain: for point_selects :: explain SELECT c FROM sbtest%u WHERE id=%u
explain: for point_selects :: explain SELECT c FROM sbtest%u WHERE id=%u
explain: for point_selects :: explain SELECT c FROM sbtest%u WHERE id=%u
explain: for point_selects :: explain SELECT c FROM sbtest%u WHERE id=%u
explain: for point_selects :: explain SELECT c FROM sbtest%u WHERE id=%u
explain: for point_selects :: explain SELECT c FROM sbtest%u WHERE id=%u
explain: for point_selects :: explain SELECT c FROM sbtest%u WHERE id=%u
explain: for point_selects :: explain SELECT c FROM sbtest%u WHERE id=%u
explain: for point_selects :: explain SELECT c FROM sbtest%u WHERE id=%u
for point_selects
table 1 : explain SELECT c FROM sbtest1 WHERE id=2350759
	Index Scan using sbtest1_pkey on sbtest1  (cost=0.43..8.45 rows=1 width=121)
	  Index Cond: (id = 2350759)

table 2 : explain SELECT c FROM sbtest2 WHERE id=2781664
	Index Scan using sbtest2_pkey on sbtest2  (cost=0.43..8.45 rows=1 width=121)
	  Index Cond: (id = 2781664)

table 3 : explain SELECT c FROM sbtest3 WHERE id=1673260
	Index Scan using sbtest3_pkey on sbtest3  (cost=0.43..8.45 rows=1 width=121)
	  Index Cond: (id = 1673260)

table 4 : explain SELECT c FROM sbtest4 WHERE id=4716692
	Index Scan using sbtest4_pkey on sbtest4  (cost=0.43..8.45 rows=1 width=121)
	  Index Cond: (id = 4716692)

table 5 : explain SELECT c FROM sbtest5 WHERE id=7541527
	Index Scan using sbtest5_pkey on sbtest5  (cost=0.43..8.45 rows=1 width=121)
	  Index Cond: (id = 7541527)

table 6 : explain SELECT c FROM sbtest6 WHERE id=6352602
	Index Scan using sbtest6_pkey on sbtest6  (cost=0.43..8.45 rows=1 width=121)
	  Index Cond: (id = 6352602)

table 7 : explain SELECT c FROM sbtest7 WHERE id=5039755
	Index Scan using sbtest7_pkey on sbtest7  (cost=0.43..8.45 rows=1 width=121)
	  Index Cond: (id = 5039755)

table 8 : explain SELECT c FROM sbtest8 WHERE id=3773664
	Index Scan using sbtest8_pkey on sbtest8  (cost=0.43..8.45 rows=1 width=121)
	  Index Cond: (id = 3773664)

explain: for point_selects :: explain SELECT c FROM sbtest%u WHERE id=%u
explain: for point_selects :: explain SELECT c FROM sbtest%u WHERE id=%u
for point_selects
table 1 : explain SELECT c FROM sbtest1 WHERE id=5988254
	Index Scan using sbtest1_pkey on sbtest1  (cost=0.43..8.45 rows=1 width=121)
	  Index Cond: (id = 5988254)

table 2 : explain SELECT c FROM sbtest2 WHERE id=6665316
	Index Scan using sbtest2_pkey on sbtest2  (cost=0.43..8.45 rows=1 width=121)
	  Index Cond: (id = 6665316)

table 3 : explain SELECT c FROM sbtest3 WHERE id=1137684
	Index Scan using sbtest3_pkey on sbtest3  (cost=0.43..8.45 rows=1 width=121)
	  Index Cond: (id = 1137684)

table 4 : explain SELECT c FROM sbtest4 WHERE id=9264687
	Index Scan using sbtest4_pkey on sbtest4  (cost=0.43..8.45 rows=1 width=121)
	  Index Cond: (id = 9264687)

table 5 : explain SELECT c FROM sbtest5 WHERE id=4413886
	Index Scan using sbtest5_pkey on sbtest5  (cost=0.43..8.45 rows=1 width=121)
	  Index Cond: (id = 4413886)

table 6 : explain SELECT c FROM sbtest6 WHERE id=8874760
	Index Scan using sbtest6_pkey on sbtest6  (cost=0.43..8.45 rows=1 width=121)
	  Index Cond: (id = 8874760)

table 7 : explain SELECT c FROM sbtest7 WHERE id=51235
	Index Scan using sbtest7_pkey on sbtest7  (cost=0.43..8.45 rows=1 width=121)
	  Index Cond: (id = 51235)

table 8 : explain SELECT c FROM sbtest8 WHERE id=2192996
	Index Scan using sbtest8_pkey on sbtest8  (cost=0.43..8.45 rows=1 width=121)
	  Index Cond: (id = 2192996)

explain: for point_selects :: explain SELECT c FROM sbtest%u WHERE id=%u
explain: for point_selects :: explain SELECT c FROM sbtest%u WHERE id=%u
for point_selects
table 1 : explain SELECT c FROM sbtest1 WHERE id=4305033
	Index Scan using sbtest1_pkey on sbtest1  (cost=0.43..8.45 rows=1 width=121)
	  Index Cond: (id = 4305033)

table 2 : explain SELECT c FROM sbtest2 WHERE id=7155322
	Index Scan using sbtest2_pkey on sbtest2  (cost=0.43..8.45 rows=1 width=121)
	  Index Cond: (id = 7155322)

table 3 : explain SELECT c FROM sbtest3 WHERE id=6844676
	Index Scan using sbtest3_pkey on sbtest3  (cost=0.43..8.45 rows=1 width=121)
	  Index Cond: (id = 6844676)

table 4 : explain SELECT c FROM sbtest4 WHERE id=2468837
	Index Scan using sbtest4_pkey on sbtest4  (cost=0.43..8.45 rows=1 width=121)
	  Index Cond: (id = 2468837)

table 5 : explain SELECT c FROM sbtest5 WHERE id=7287119
	Index Scan using sbtest5_pkey on sbtest5  (cost=0.43..8.45 rows=1 width=121)
	  Index Cond: (id = 7287119)

table 6 : explain SELECT c FROM sbtest6 WHERE id=4937904
	Index Scan using sbtest6_pkey on sbtest6  (cost=0.43..8.45 rows=1 width=121)
	  Index Cond: (id = 4937904)

table 7 : explain SELECT c FROM sbtest7 WHERE id=7355107
	Index Scan using sbtest7_pkey on sbtest7  (cost=0.43..8.45 rows=1 width=121)
	  Index Cond: (id = 7355107)

table 8 : explain SELECT c FROM sbtest8 WHERE id=6645600
	Index Scan using sbtest8_pkey on sbtest8  (cost=0.43..8.45 rows=1 width=121)
	  Index Cond: (id = 6645600)

for point_selects
table 1 : explain SELECT c FROM sbtest1 WHERE id=7698154
	Index Scan using sbtest1_pkey on sbtest1  (cost=0.43..8.45 rows=1 width=121)
	  Index Cond: (id = 7698154)

table 2 : explain SELECT c FROM sbtest2 WHERE id=4686925
	Index Scan using sbtest2_pkey on sbtest2  (cost=0.43..8.45 rows=1 width=121)
	  Index Cond: (id = 4686925)

table 3 : explain SELECT c FROM sbtest3 WHERE id=8719022
	Index Scan using sbtest3_pkey on sbtest3  (cost=0.43..8.45 rows=1 width=121)
	  Index Cond: (id = 8719022)

table 4 : explain SELECT c FROM sbtest4 WHERE id=1586907
	Index Scan using sbtest4_pkey on sbtest4  (cost=0.43..8.45 rows=1 width=121)
	  Index Cond: (id = 1586907)

table 5 : explain SELECT c FROM sbtest5 WHERE id=4059383
	Index Scan using sbtest5_pkey on sbtest5  (cost=0.43..8.45 rows=1 width=121)
	  Index Cond: (id = 4059383)

table 6 : explain SELECT c FROM sbtest6 WHERE id=6517306
	Index Scan using sbtest6_pkey on sbtest6  (cost=0.43..8.45 rows=1 width=121)
	  Index Cond: (id = 6517306)

table 7 : explain SELECT c FROM sbtest7 WHERE id=5991037
	Index Scan using sbtest7_pkey on sbtest7  (cost=0.43..8.45 rows=1 width=121)
	  Index Cond: (id = 5991037)

table 8 : explain SELECT c FROM sbtest8 WHERE id=7208534
	Index Scan using sbtest8_pkey on sbtest8  (cost=0.43..8.45 rows=1 width=121)
	  Index Cond: (id = 7208534)
for point_selects
table 1 : explain SELECT c FROM sbtest1 WHERE id=7609498
	Index Scan using sbtest1_pkey on sbtest1  (cost=0.43..8.45 rows=1 width=121)
	  Index Cond: (id = 7609498)

table 2 : explain SELECT c FROM sbtest2 WHERE id=8135531
	Index Scan using sbtest2_pkey on sbtest2  (cost=0.43..8.45 rows=1 width=121)
	  Index Cond: (id = 8135531)

table 3 : explain SELECT c FROM sbtest3 WHERE id=8623091
	Index Scan using sbtest3_pkey on sbtest3  (cost=0.43..8.45 rows=1 width=121)
	  Index Cond: (id = 8623091)

table 4 : explain SELECT c FROM sbtest4 WHERE id=7257319
	Index Scan using sbtest4_pkey on sbtest4  (cost=0.43..8.45 rows=1 width=121)
	  Index Cond: (id = 7257319)

table 5 : explain SELECT c FROM sbtest5 WHERE id=8876297
	Index Scan using sbtest5_pkey on sbtest5  (cost=0.43..8.45 rows=1 width=121)
	  Index Cond: (id = 8876297)

table 6 : explain SELECT c FROM sbtest6 WHERE id=9573945
	Index Scan using sbtest6_pkey on sbtest6  (cost=0.43..8.45 rows=1 width=121)
	  Index Cond: (id = 9573945)

table 7 : explain SELECT c FROM sbtest7 WHERE id=3760339
	Index Scan using sbtest7_pkey on sbtest7  (cost=0.43..8.45 rows=1 width=121)
	  Index Cond: (id = 3760339)

table 8 : explain SELECT c FROM sbtest8 WHERE id=6367643
	Index Scan using sbtest8_pkey on sbtest8  (cost=0.43..8.45 rows=1 width=121)
	  Index Cond: (id = 6367643)

for point_selects
table 1 : explain SELECT c FROM sbtest1 WHERE id=2739004
	Index Scan using sbtest1_pkey on sbtest1  (cost=0.43..8.45 rows=1 width=121)
	  Index Cond: (id = 2739004)

table 2 : explain SELECT c FROM sbtest2 WHERE id=9656604
	Index Scan using sbtest2_pkey on sbtest2  (cost=0.43..8.45 rows=1 width=121)
	  Index Cond: (id = 9656604)

table 3 : explain SELECT c FROM sbtest3 WHERE id=6148042
	Index Scan using sbtest3_pkey on sbtest3  (cost=0.43..8.45 rows=1 width=121)
	  Index Cond: (id = 6148042)

table 4 : explain SELECT c FROM sbtest4 WHERE id=1484416
	Index Scan using sbtest4_pkey on sbtest4  (cost=0.43..8.45 rows=1 width=121)
	  Index Cond: (id = 1484416)

table 5 : explain SELECT c FROM sbtest5 WHERE id=7873008
	Index Scan using sbtest5_pkey on sbtest5  (cost=0.43..8.45 rows=1 width=121)
	  Index Cond: (id = 7873008)

table 6 : explain SELECT c FROM sbtest6 WHERE id=3712311
	Index Scan using sbtest6_pkey on sbtest6  (cost=0.43..8.45 rows=1 width=121)
	  Index Cond: (id = 3712311)

table 7 : explain SELECT c FROM sbtest7 WHERE id=5447043
	Index Scan using sbtest7_pkey on sbtest7  (cost=0.43..8.45 rows=1 width=121)
	  Index Cond: (id = 5447043)

table 8 : explain SELECT c FROM sbtest8 WHERE id=5652652
	Index Scan using sbtest8_pkey on sbtest8  (cost=0.43..8.45 rows=1 width=121)
	  Index Cond: (id = 5652652)

for point_selects
table 1 : explain SELECT c FROM sbtest1 WHERE id=6203163
	Index Scan using sbtest1_pkey on sbtest1  (cost=0.43..8.45 rows=1 width=121)
	  Index Cond: (id = 6203163)

table 2 : explain SELECT c FROM sbtest2 WHERE id=9889838
	Index Scan using sbtest2_pkey on sbtest2  (cost=0.43..8.45 rows=1 width=121)
	  Index Cond: (id = 9889838)

table 3 : explain SELECT c FROM sbtest3 WHERE id=2128923
	Index Scan using sbtest3_pkey on sbtest3  (cost=0.43..8.45 rows=1 width=121)
	  Index Cond: (id = 2128923)

table 4 : explain SELECT c FROM sbtest4 WHERE id=8821328
	Index Scan using sbtest4_pkey on sbtest4  (cost=0.43..8.45 rows=1 width=121)
	  Index Cond: (id = 8821328)

table 5 : explain SELECT c FROM sbtest5 WHERE id=9087808
	Index Scan using sbtest5_pkey on sbtest5  (cost=0.43..8.45 rows=1 width=121)
	  Index Cond: (id = 9087808)

table 6 : explain SELECT c FROM sbtest6 WHERE id=2290692
	Index Scan using sbtest6_pkey on sbtest6  (cost=0.43..8.45 rows=1 width=121)
	  Index Cond: (id = 2290692)

table 7 : explain SELECT c FROM sbtest7 WHERE id=7877689
	Index Scan using sbtest7_pkey on sbtest7  (cost=0.43..8.45 rows=1 width=121)
	  Index Cond: (id = 7877689)

table 8 : explain SELECT c FROM sbtest8 WHERE id=2784616
	Index Scan using sbtest8_pkey on sbtest8  (cost=0.43..8.45 rows=1 width=121)
	  Index Cond: (id = 2784616)

for point_selects
table 1 : explain SELECT c FROM sbtest1 WHERE id=1744655
	Index Scan using sbtest1_pkey on sbtest1  (cost=0.43..8.45 rows=1 width=121)
	  Index Cond: (id = 1744655)

table 2 : explain SELECT c FROM sbtest2 WHERE id=6449048
	Index Scan using sbtest2_pkey on sbtest2  (cost=0.43..8.45 rows=1 width=121)
	  Index Cond: (id = 6449048)

table 3 : explain SELECT c FROM sbtest3 WHERE id=5065533
	Index Scan using sbtest3_pkey on sbtest3  (cost=0.43..8.45 rows=1 width=121)
	  Index Cond: (id = 5065533)

table 4 : explain SELECT c FROM sbtest4 WHERE id=6735865
	Index Scan using sbtest4_pkey on sbtest4  (cost=0.43..8.45 rows=1 width=121)
	  Index Cond: (id = 6735865)

table 5 : explain SELECT c FROM sbtest5 WHERE id=3002481
	Index Scan using sbtest5_pkey on sbtest5  (cost=0.43..8.45 rows=1 width=121)
	  Index Cond: (id = 3002481)

table 6 : explain SELECT c FROM sbtest6 WHERE id=766501
	Index Scan using sbtest6_pkey on sbtest6  (cost=0.43..8.45 rows=1 width=121)
	  Index Cond: (id = 766501)

table 7 : explain SELECT c FROM sbtest7 WHERE id=7056826
	Index Scan using sbtest7_pkey on sbtest7  (cost=0.43..8.45 rows=1 width=121)
	  Index Cond: (id = 7056826)

table 8 : explain SELECT c FROM sbtest8 WHERE id=9381230
	Index Scan using sbtest8_pkey on sbtest8  (cost=0.43..8.45 rows=1 width=121)
	  Index Cond: (id = 9381230)

for point_selects
table 1 : explain SELECT c FROM sbtest1 WHERE id=479623
	Index Scan using sbtest1_pkey on sbtest1  (cost=0.43..8.45 rows=1 width=121)
	  Index Cond: (id = 479623)

table 2 : explain SELECT c FROM sbtest2 WHERE id=6146412
	Index Scan using sbtest2_pkey on sbtest2  (cost=0.43..8.45 rows=1 width=121)
	  Index Cond: (id = 6146412)

table 3 : explain SELECT c FROM sbtest3 WHERE id=7789701
	Index Scan using sbtest3_pkey on sbtest3  (cost=0.43..8.45 rows=1 width=121)
	  Index Cond: (id = 7789701)

table 4 : explain SELECT c FROM sbtest4 WHERE id=5811355
	Index Scan using sbtest4_pkey on sbtest4  (cost=0.43..8.45 rows=1 width=121)
	  Index Cond: (id = 5811355)

table 5 : explain SELECT c FROM sbtest5 WHERE id=385608
	Index Scan using sbtest5_pkey on sbtest5  (cost=0.43..8.45 rows=1 width=121)
	  Index Cond: (id = 385608)

table 6 : explain SELECT c FROM sbtest6 WHERE id=4708968
	Index Scan using sbtest6_pkey on sbtest6  (cost=0.43..8.45 rows=1 width=121)
	  Index Cond: (id = 4708968)

table 7 : explain SELECT c FROM sbtest7 WHERE id=9531055
	Index Scan using sbtest7_pkey on sbtest7  (cost=0.43..8.45 rows=1 width=121)
	  Index Cond: (id = 9531055)

table 8 : explain SELECT c FROM sbtest8 WHERE id=4394213
	Index Scan using sbtest8_pkey on sbtest8  (cost=0.43..8.45 rows=1 width=121)
	  Index Cond: (id = 4394213)

for point_selects
table 1 : explain SELECT c FROM sbtest1 WHERE id=9902673
	Index Scan using sbtest1_pkey on sbtest1  (cost=0.43..8.45 rows=1 width=121)
	  Index Cond: (id = 9902673)

table 2 : explain SELECT c FROM sbtest2 WHERE id=2100514
	Index Scan using sbtest2_pkey on sbtest2  (cost=0.43..8.45 rows=1 width=121)
	  Index Cond: (id = 2100514)

table 3 : explain SELECT c FROM sbtest3 WHERE id=2757943
	Index Scan using sbtest3_pkey on sbtest3  (cost=0.43..8.45 rows=1 width=121)
	  Index Cond: (id = 2757943)

table 4 : explain SELECT c FROM sbtest4 WHERE id=8509017
	Index Scan using sbtest4_pkey on sbtest4  (cost=0.43..8.45 rows=1 width=121)
	  Index Cond: (id = 8509017)

table 5 : explain SELECT c FROM sbtest5 WHERE id=8206532
	Index Scan using sbtest5_pkey on sbtest5  (cost=0.43..8.45 rows=1 width=121)
	  Index Cond: (id = 8206532)

table 6 : explain SELECT c FROM sbtest6 WHERE id=3690448
	Index Scan using sbtest6_pkey on sbtest6  (cost=0.43..8.45 rows=1 width=121)
	  Index Cond: (id = 3690448)

table 7 : explain SELECT c FROM sbtest7 WHERE id=5488438
	Index Scan using sbtest7_pkey on sbtest7  (cost=0.43..8.45 rows=1 width=121)
	  Index Cond: (id = 5488438)

table 8 : explain SELECT c FROM sbtest8 WHERE id=933008
	Index Scan using sbtest8_pkey on sbtest8  (cost=0.43..8.45 rows=1 width=121)
	  Index Cond: (id = 933008)


for point_selects
table 1 : explain SELECT c FROM sbtest1 WHERE id=9119515
	Index Scan using sbtest1_pkey on sbtest1  (cost=0.43..8.45 rows=1 width=121)
	  Index Cond: (id = 9119515)

table 2 : explain SELECT c FROM sbtest2 WHERE id=3694686
	Index Scan using sbtest2_pkey on sbtest2  (cost=0.43..8.45 rows=1 width=121)
	  Index Cond: (id = 3694686)

table 3 : explain SELECT c FROM sbtest3 WHERE id=4372751
	Index Scan using sbtest3_pkey on sbtest3  (cost=0.43..8.45 rows=1 width=121)
	  Index Cond: (id = 4372751)

table 4 : explain SELECT c FROM sbtest4 WHERE id=4607078
	Index Scan using sbtest4_pkey on sbtest4  (cost=0.43..8.45 rows=1 width=121)
	  Index Cond: (id = 4607078)

table 5 : explain SELECT c FROM sbtest5 WHERE id=4939472
	Index Scan using sbtest5_pkey on sbtest5  (cost=0.43..8.45 rows=1 width=121)
	  Index Cond: (id = 4939472)

table 6 : explain SELECT c FROM sbtest6 WHERE id=3216537
	Index Scan using sbtest6_pkey on sbtest6  (cost=0.43..8.45 rows=1 width=121)
	  Index Cond: (id = 3216537)

table 7 : explain SELECT c FROM sbtest7 WHERE id=124847
	Index Scan using sbtest7_pkey on sbtest7  (cost=0.43..8.45 rows=1 width=121)
	  Index Cond: (id = 124847)

table 8 : explain SELECT c FROM sbtest8 WHERE id=9178039
	Index Scan using sbtest8_pkey on sbtest8  (cost=0.43..8.45 rows=1 width=121)
	  Index Cond: (id = 9178039)
for point_selects
table 1 : explain SELECT c FROM sbtest1 WHERE id=7477967
	Index Scan using sbtest1_pkey on sbtest1  (cost=0.43..8.45 rows=1 width=121)
	  Index Cond: (id = 7477967)

table 2 : explain SELECT c FROM sbtest2 WHERE id=1719205
	Index Scan using sbtest2_pkey on sbtest2  (cost=0.43..8.45 rows=1 width=121)
	  Index Cond: (id = 1719205)

table 3 : explain SELECT c FROM sbtest3 WHERE id=7368617
	Index Scan using sbtest3_pkey on sbtest3  (cost=0.43..8.45 rows=1 width=121)
	  Index Cond: (id = 7368617)

table 4 : explain SELECT c FROM sbtest4 WHERE id=8974264
	Index Scan using sbtest4_pkey on sbtest4  (cost=0.43..8.45 rows=1 width=121)
	  Index Cond: (id = 8974264)

table 5 : explain SELECT c FROM sbtest5 WHERE id=2590995
	Index Scan using sbtest5_pkey on sbtest5  (cost=0.43..8.45 rows=1 width=121)
	  Index Cond: (id = 2590995)

table 6 : explain SELECT c FROM sbtest6 WHERE id=3779633
	Index Scan using sbtest6_pkey on sbtest6  (cost=0.43..8.45 rows=1 width=121)
	  Index Cond: (id = 3779633)

table 7 : explain SELECT c FROM sbtest7 WHERE id=8404177
	Index Scan using sbtest7_pkey on sbtest7  (cost=0.43..8.45 rows=1 width=121)
	  Index Cond: (id = 8404177)

table 8 : explain SELECT c FROM sbtest8 WHERE id=5077519
	Index Scan using sbtest8_pkey on sbtest8  (cost=0.43..8.45 rows=1 width=121)
	  Index Cond: (id = 5077519)

for point_selects
table 1 : explain SELECT c FROM sbtest1 WHERE id=1734246
	Index Scan using sbtest1_pkey on sbtest1  (cost=0.43..8.45 rows=1 width=121)
	  Index Cond: (id = 1734246)

table 2 : explain SELECT c FROM sbtest2 WHERE id=425784
	Index Scan using sbtest2_pkey on sbtest2  (cost=0.43..8.45 rows=1 width=121)
	  Index Cond: (id = 425784)

table 3 : explain SELECT c FROM sbtest3 WHERE id=8450760
	Index Scan using sbtest3_pkey on sbtest3  (cost=0.43..8.45 rows=1 width=121)
	  Index Cond: (id = 8450760)

table 4 : explain SELECT c FROM sbtest4 WHERE id=7724964
	Index Scan using sbtest4_pkey on sbtest4  (cost=0.43..8.45 rows=1 width=121)
	  Index Cond: (id = 7724964)

table 5 : explain SELECT c FROM sbtest5 WHERE id=2049396
	Index Scan using sbtest5_pkey on sbtest5  (cost=0.43..8.45 rows=1 width=121)
	  Index Cond: (id = 2049396)

table 6 : explain SELECT c FROM sbtest6 WHERE id=1052605
	Index Scan using sbtest6_pkey on sbtest6  (cost=0.43..8.45 rows=1 width=121)
	  Index Cond: (id = 1052605)

table 7 : explain SELECT c FROM sbtest7 WHERE id=3113169
	Index Scan using sbtest7_pkey on sbtest7  (cost=0.43..8.45 rows=1 width=121)
	  Index Cond: (id = 3113169)

table 8 : explain SELECT c FROM sbtest8 WHERE id=1972184
	Index Scan using sbtest8_pkey on sbtest8  (cost=0.43..8.45 rows=1 width=121)
	  Index Cond: (id = 1972184)


explain: for point_selects :: explain SELECT c FROM sbtest%u WHERE id=%u
explain: for point_selects :: explain SELECT c FROM sbtest%u WHERE id=%u
for point_selects
table 1 : explain SELECT c FROM sbtest1 WHERE id=9319384
	Index Scan using sbtest1_pkey on sbtest1  (cost=0.43..8.45 rows=1 width=121)
	  Index Cond: (id = 9319384)

table 2 : explain SELECT c FROM sbtest2 WHERE id=4001388
	Index Scan using sbtest2_pkey on sbtest2  (cost=0.43..8.45 rows=1 width=121)
	  Index Cond: (id = 4001388)

table 3 : explain SELECT c FROM sbtest3 WHERE id=6043196
	Index Scan using sbtest3_pkey on sbtest3  (cost=0.43..8.45 rows=1 width=121)
	  Index Cond: (id = 6043196)

table 4 : explain SELECT c FROM sbtest4 WHERE id=7554589
	Index Scan using sbtest4_pkey on sbtest4  (cost=0.43..8.45 rows=1 width=121)
	  Index Cond: (id = 7554589)

table 5 : explain SELECT c FROM sbtest5 WHERE id=5580928
	Index Scan using sbtest5_pkey on sbtest5  (cost=0.43..8.45 rows=1 width=121)
	  Index Cond: (id = 5580928)

table 6 : explain SELECT c FROM sbtest6 WHERE id=8309998
	Index Scan using sbtest6_pkey on sbtest6  (cost=0.43..8.45 rows=1 width=121)
	  Index Cond: (id = 8309998)

table 7 : explain SELECT c FROM sbtest7 WHERE id=2750794
	Index Scan using sbtest7_pkey on sbtest7  (cost=0.43..8.45 rows=1 width=121)
	  Index Cond: (id = 2750794)

table 8 : explain SELECT c FROM sbtest8 WHERE id=5516009
	Index Scan using sbtest8_pkey on sbtest8  (cost=0.43..8.45 rows=1 width=121)
	  Index Cond: (id = 5516009)

for point_selects
table 1 : explain SELECT c FROM sbtest1 WHERE id=7719309
	Index Scan using sbtest1_pkey on sbtest1  (cost=0.43..8.45 rows=1 width=121)
	  Index Cond: (id = 7719309)

table 2 : explain SELECT c FROM sbtest2 WHERE id=7815287
	Index Scan using sbtest2_pkey on sbtest2  (cost=0.43..8.45 rows=1 width=121)
	  Index Cond: (id = 7815287)

table 3 : explain SELECT c FROM sbtest3 WHERE id=4789092
	Index Scan using sbtest3_pkey on sbtest3  (cost=0.43..8.45 rows=1 width=121)
	  Index Cond: (id = 4789092)

table 4 : explain SELECT c FROM sbtest4 WHERE id=5655773
	Index Scan using sbtest4_pkey on sbtest4  (cost=0.43..8.45 rows=1 width=121)
	  Index Cond: (id = 5655773)

table 5 : explain SELECT c FROM sbtest5 WHERE id=8212659
	Index Scan using sbtest5_pkey on sbtest5  (cost=0.43..8.45 rows=1 width=121)
	  Index Cond: (id = 8212659)

table 6 : explain SELECT c FROM sbtest6 WHERE id=3640723
	Index Scan using sbtest6_pkey on sbtest6  (cost=0.43..8.45 rows=1 width=121)
	  Index Cond: (id = 3640723)

table 7 : explain SELECT c FROM sbtest7 WHERE id=6269721
	Index Scan using sbtest7_pkey on sbtest7  (cost=0.43..8.45 rows=1 width=121)
	  Index Cond: (id = 6269721)

table 8 : explain SELECT c FROM sbtest8 WHERE id=1541795
	Index Scan using sbtest8_pkey on sbtest8  (cost=0.43..8.45 rows=1 width=121)
	  Index Cond: (id = 1541795)

explain: for point_selects :: explain SELECT c FROM sbtest%u WHERE id=%u
explain: for point_selects :: explain SELECT c FROM sbtest%u WHERE id=%u
for point_selects
table 1 : explain SELECT c FROM sbtest1 WHERE id=5456658
	Index Scan using sbtest1_pkey on sbtest1  (cost=0.43..8.45 rows=1 width=121)
	  Index Cond: (id = 5456658)

table 2 : explain SELECT c FROM sbtest2 WHERE id=5942762
	Index Scan using sbtest2_pkey on sbtest2  (cost=0.43..8.45 rows=1 width=121)
	  Index Cond: (id = 5942762)

table 3 : explain SELECT c FROM sbtest3 WHERE id=5782251
	Index Scan using sbtest3_pkey on sbtest3  (cost=0.43..8.45 rows=1 width=121)
	  Index Cond: (id = 5782251)

table 4 : explain SELECT c FROM sbtest4 WHERE id=3887007
	Index Scan using sbtest4_pkey on sbtest4  (cost=0.43..8.45 rows=1 width=121)
	  Index Cond: (id = 3887007)

table 5 : explain SELECT c FROM sbtest5 WHERE id=4040880
	Index Scan using sbtest5_pkey on sbtest5  (cost=0.43..8.45 rows=1 width=121)
	  Index Cond: (id = 4040880)

table 6 : explain SELECT c FROM sbtest6 WHERE id=3806664
	Index Scan using sbtest6_pkey on sbtest6  (cost=0.43..8.45 rows=1 width=121)
	  Index Cond: (id = 3806664)

table 7 : explain SELECT c FROM sbtest7 WHERE id=4939778
	Index Scan using sbtest7_pkey on sbtest7  (cost=0.43..8.45 rows=1 width=121)
	  Index Cond: (id = 4939778)

table 8 : explain SELECT c FROM sbtest8 WHERE id=3437732
	Index Scan using sbtest8_pkey on sbtest8  (cost=0.43..8.45 rows=1 width=121)
	  Index Cond: (id = 3437732)

for point_selects
table 1 : explain SELECT c FROM sbtest1 WHERE id=3094325
	Index Scan using sbtest1_pkey on sbtest1  (cost=0.43..8.45 rows=1 width=121)
	  Index Cond: (id = 3094325)

table 2 : explain SELECT c FROM sbtest2 WHERE id=9618123
	Index Scan using sbtest2_pkey on sbtest2  (cost=0.43..8.45 rows=1 width=121)
	  Index Cond: (id = 9618123)

table 3 : explain SELECT c FROM sbtest3 WHERE id=5200526
	Index Scan using sbtest3_pkey on sbtest3  (cost=0.43..8.45 rows=1 width=121)
	  Index Cond: (id = 5200526)

table 4 : explain SELECT c FROM sbtest4 WHERE id=9594607
	Index Scan using sbtest4_pkey on sbtest4  (cost=0.43..8.45 rows=1 width=121)
	  Index Cond: (id = 9594607)

table 5 : explain SELECT c FROM sbtest5 WHERE id=8025618
	Index Scan using sbtest5_pkey on sbtest5  (cost=0.43..8.45 rows=1 width=121)
	  Index Cond: (id = 8025618)

table 6 : explain SELECT c FROM sbtest6 WHERE id=4045338
	Index Scan using sbtest6_pkey on sbtest6  (cost=0.43..8.45 rows=1 width=121)
	  Index Cond: (id = 4045338)

table 7 : explain SELECT c FROM sbtest7 WHERE id=7872260
	Index Scan using sbtest7_pkey on sbtest7  (cost=0.43..8.45 rows=1 width=121)
	  Index Cond: (id = 7872260)

table 8 : explain SELECT c FROM sbtest8 WHERE id=9850612
	Index Scan using sbtest8_pkey on sbtest8  (cost=0.43..8.45 rows=1 width=121)
	  Index Cond: (id = 9850612)

for point_selects
table 1 : explain SELECT c FROM sbtest1 WHERE id=7739991
	Index Scan using sbtest1_pkey on sbtest1  (cost=0.43..8.45 rows=1 width=121)
	  Index Cond: (id = 7739991)

table 2 : explain SELECT c FROM sbtest2 WHERE id=1351504
	Index Scan using sbtest2_pkey on sbtest2  (cost=0.43..8.45 rows=1 width=121)
	  Index Cond: (id = 1351504)

table 3 : explain SELECT c FROM sbtest3 WHERE id=2921344
	Index Scan using sbtest3_pkey on sbtest3  (cost=0.43..8.45 rows=1 width=121)
	  Index Cond: (id = 2921344)

table 4 : explain SELECT c FROM sbtest4 WHERE id=955578
	Index Scan using sbtest4_pkey on sbtest4  (cost=0.43..8.45 rows=1 width=121)
	  Index Cond: (id = 955578)

table 5 : explain SELECT c FROM sbtest5 WHERE id=458111
	Index Scan using sbtest5_pkey on sbtest5  (cost=0.43..8.45 rows=1 width=121)
	  Index Cond: (id = 458111)

table 6 : explain SELECT c FROM sbtest6 WHERE id=4583367
	Index Scan using sbtest6_pkey on sbtest6  (cost=0.43..8.45 rows=1 width=121)
	  Index Cond: (id = 4583367)

table 7 : explain SELECT c FROM sbtest7 WHERE id=8079454
	Index Scan using sbtest7_pkey on sbtest7  (cost=0.43..8.45 rows=1 width=121)
	  Index Cond: (id = 8079454)

table 8 : explain SELECT c FROM sbtest8 WHERE id=8744159
	Index Scan using sbtest8_pkey on sbtest8  (cost=0.43..8.45 rows=1 width=121)
	  Index Cond: (id = 8744159)

explain: for point_selects :: explain SELECT c FROM sbtest%u WHERE id=%u
for point_selects
table 1 : explain SELECT c FROM sbtest1 WHERE id=7610081
	Index Scan using sbtest1_pkey on sbtest1  (cost=0.43..8.45 rows=1 width=121)
	  Index Cond: (id = 7610081)

table 2 : explain SELECT c FROM sbtest2 WHERE id=3248837
	Index Scan using sbtest2_pkey on sbtest2  (cost=0.43..8.45 rows=1 width=121)
	  Index Cond: (id = 3248837)

table 3 : explain SELECT c FROM sbtest3 WHERE id=8969035
	Index Scan using sbtest3_pkey on sbtest3  (cost=0.43..8.45 rows=1 width=121)
	  Index Cond: (id = 8969035)

table 4 : explain SELECT c FROM sbtest4 WHERE id=1045433
	Index Scan using sbtest4_pkey on sbtest4  (cost=0.43..8.45 rows=1 width=121)
	  Index Cond: (id = 1045433)

table 5 : explain SELECT c FROM sbtest5 WHERE id=737478
	Index Scan using sbtest5_pkey on sbtest5  (cost=0.43..8.45 rows=1 width=121)
	  Index Cond: (id = 737478)

table 6 : explain SELECT c FROM sbtest6 WHERE id=4737671
	Index Scan using sbtest6_pkey on sbtest6  (cost=0.43..8.45 rows=1 width=121)
	  Index Cond: (id = 4737671)

table 7 : explain SELECT c FROM sbtest7 WHERE id=7117613
	Index Scan using sbtest7_pkey on sbtest7  (cost=0.43..8.45 rows=1 width=121)
	  Index Cond: (id = 7117613)

table 8 : explain SELECT c FROM sbtest8 WHERE id=7484937
	Index Scan using sbtest8_pkey on sbtest8  (cost=0.43..8.45 rows=1 width=121)
	  Index Cond: (id = 7484937)

explain: for point_selects :: explain SELECT c FROM sbtest%u WHERE id=%u
explain: for point_selects :: explain SELECT c FROM sbtest%u WHERE id=%u
for point_selects
table 1 : explain SELECT c FROM sbtest1 WHERE id=9385140
	Index Scan using sbtest1_pkey on sbtest1  (cost=0.43..8.45 rows=1 width=121)
	  Index Cond: (id = 9385140)

table 2 : explain SELECT c FROM sbtest2 WHERE id=5759814
	Index Scan using sbtest2_pkey on sbtest2  (cost=0.43..8.45 rows=1 width=121)
	  Index Cond: (id = 5759814)

table 3 : explain SELECT c FROM sbtest3 WHERE id=5227484
	Index Scan using sbtest3_pkey on sbtest3  (cost=0.43..8.45 rows=1 width=121)
	  Index Cond: (id = 5227484)

table 4 : explain SELECT c FROM sbtest4 WHERE id=5556711
	Index Scan using sbtest4_pkey on sbtest4  (cost=0.43..8.45 rows=1 width=121)
	  Index Cond: (id = 5556711)

table 5 : explain SELECT c FROM sbtest5 WHERE id=1621865
	Index Scan using sbtest5_pkey on sbtest5  (cost=0.43..8.45 rows=1 width=121)
	  Index Cond: (id = 1621865)

table 6 : explain SELECT c FROM sbtest6 WHERE id=4519091
	Index Scan using sbtest6_pkey on sbtest6  (cost=0.43..8.45 rows=1 width=121)
	  Index Cond: (id = 4519091)

table 7 : explain SELECT c FROM sbtest7 WHERE id=7379722
	Index Scan using sbtest7_pkey on sbtest7  (cost=0.43..8.45 rows=1 width=121)
	  Index Cond: (id = 7379722)

table 8 : explain SELECT c FROM sbtest8 WHERE id=890443
	Index Scan using sbtest8_pkey on sbtest8  (cost=0.43..8.45 rows=1 width=121)
	  Index Cond: (id = 890443)

explain: for point_selects :: explain SELECT c FROM sbtest%u WHERE id=%u
explain: for point_selects :: explain SELECT c FROM sbtest%u WHERE id=%u
explain: for point_selects :: explain SELECT c FROM sbtest%u WHERE id=%u
for point_selects
table 1 : explain SELECT c FROM sbtest1 WHERE id=6717906
	Index Scan using sbtest1_pkey on sbtest1  (cost=0.43..8.45 rows=1 width=121)
	  Index Cond: (id = 6717906)

table 2 : explain SELECT c FROM sbtest2 WHERE id=3172791
	Index Scan using sbtest2_pkey on sbtest2  (cost=0.43..8.45 rows=1 width=121)
	  Index Cond: (id = 3172791)

table 3 : explain SELECT c FROM sbtest3 WHERE id=964683
	Index Scan using sbtest3_pkey on sbtest3  (cost=0.43..8.45 rows=1 width=121)
	  Index Cond: (id = 964683)

table 4 : explain SELECT c FROM sbtest4 WHERE id=8490955
	Index Scan using sbtest4_pkey on sbtest4  (cost=0.43..8.45 rows=1 width=121)
	  Index Cond: (id = 8490955)

table 5 : explain SELECT c FROM sbtest5 WHERE id=6353061
	Index Scan using sbtest5_pkey on sbtest5  (cost=0.43..8.45 rows=1 width=121)
	  Index Cond: (id = 6353061)

table 6 : explain SELECT c FROM sbtest6 WHERE id=6094752
	Index Scan using sbtest6_pkey on sbtest6  (cost=0.43..8.45 rows=1 width=121)
	  Index Cond: (id = 6094752)

table 7 : explain SELECT c FROM sbtest7 WHERE id=5206195
	Index Scan using sbtest7_pkey on sbtest7  (cost=0.43..8.45 rows=1 width=121)
	  Index Cond: (id = 5206195)

table 8 : explain SELECT c FROM sbtest8 WHERE id=8910350
	Index Scan using sbtest8_pkey on sbtest8  (cost=0.43..8.45 rows=1 width=121)
	  Index Cond: (id = 8910350)

for point_selects
table 1 : explain SELECT c FROM sbtest1 WHERE id=2279516
	Index Scan using sbtest1_pkey on sbtest1  (cost=0.43..8.45 rows=1 width=121)
	  Index Cond: (id = 2279516)

table 2 : explain SELECT c FROM sbtest2 WHERE id=6967633
	Index Scan using sbtest2_pkey on sbtest2  (cost=0.43..8.45 rows=1 width=121)
	  Index Cond: (id = 6967633)

table 3 : explain SELECT c FROM sbtest3 WHERE id=4835505
	Index Scan using sbtest3_pkey on sbtest3  (cost=0.43..8.45 rows=1 width=121)
	  Index Cond: (id = 4835505)

table 4 : explain SELECT c FROM sbtest4 WHERE id=3655254
	Index Scan using sbtest4_pkey on sbtest4  (cost=0.43..8.45 rows=1 width=121)
	  Index Cond: (id = 3655254)

table 5 : explain SELECT c FROM sbtest5 WHERE id=2667789
	Index Scan using sbtest5_pkey on sbtest5  (cost=0.43..8.45 rows=1 width=121)
	  Index Cond: (id = 2667789)

table 6 : explain SELECT c FROM sbtest6 WHERE id=2532046
	Index Scan using sbtest6_pkey on sbtest6  (cost=0.43..8.45 rows=1 width=121)
	  Index Cond: (id = 2532046)

table 7 : explain SELECT c FROM sbtest7 WHERE id=8449270
	Index Scan using sbtest7_pkey on sbtest7  (cost=0.43..8.45 rows=1 width=121)
	  Index Cond: (id = 8449270)

table 8 : explain SELECT c FROM sbtest8 WHERE id=6360246
	Index Scan using sbtest8_pkey on sbtest8  (cost=0.43..8.45 rows=1 width=121)
	  Index Cond: (id = 6360246)

for point_selects
table 1 : explain SELECT c FROM sbtest1 WHERE id=3709636
	Index Scan using sbtest1_pkey on sbtest1  (cost=0.43..8.45 rows=1 width=121)
	  Index Cond: (id = 3709636)

table 2 : explain SELECT c FROM sbtest2 WHERE id=3083947
	Index Scan using sbtest2_pkey on sbtest2  (cost=0.43..8.45 rows=1 width=121)
	  Index Cond: (id = 3083947)

table 3 : explain SELECT c FROM sbtest3 WHERE id=5323899
	Index Scan using sbtest3_pkey on sbtest3  (cost=0.43..8.45 rows=1 width=121)
	  Index Cond: (id = 5323899)

table 4 : explain SELECT c FROM sbtest4 WHERE id=4743311
	Index Scan using sbtest4_pkey on sbtest4  (cost=0.43..8.45 rows=1 width=121)
	  Index Cond: (id = 4743311)

table 5 : explain SELECT c FROM sbtest5 WHERE id=3345993
	Index Scan using sbtest5_pkey on sbtest5  (cost=0.43..8.45 rows=1 width=121)
	  Index Cond: (id = 3345993)

table 6 : explain SELECT c FROM sbtest6 WHERE id=1073417
	Index Scan using sbtest6_pkey on sbtest6  (cost=0.43..8.45 rows=1 width=121)
	  Index Cond: (id = 1073417)

table 7 : explain SELECT c FROM sbtest7 WHERE id=7362129
	Index Scan using sbtest7_pkey on sbtest7  (cost=0.43..8.45 rows=1 width=121)
	  Index Cond: (id = 7362129)

table 8 : explain SELECT c FROM sbtest8 WHERE id=1926829
	Index Scan using sbtest8_pkey on sbtest8  (cost=0.43..8.45 rows=1 width=121)
	  Index Cond: (id = 1926829)

for point_selects
table 1 : explain SELECT c FROM sbtest1 WHERE id=4346960
	Index Scan using sbtest1_pkey on sbtest1  (cost=0.43..8.45 rows=1 width=121)
	  Index Cond: (id = 4346960)

table 2 : explain SELECT c FROM sbtest2 WHERE id=3049234
	Index Scan using sbtest2_pkey on sbtest2  (cost=0.43..8.45 rows=1 width=121)
	  Index Cond: (id = 3049234)

table 3 : explain SELECT c FROM sbtest3 WHERE id=5987844
	Index Scan using sbtest3_pkey on sbtest3  (cost=0.43..8.45 rows=1 width=121)
	  Index Cond: (id = 5987844)

table 4 : explain SELECT c FROM sbtest4 WHERE id=8953227
	Index Scan using sbtest4_pkey on sbtest4  (cost=0.43..8.45 rows=1 width=121)
	  Index Cond: (id = 8953227)

table 5 : explain SELECT c FROM sbtest5 WHERE id=7063160
	Index Scan using sbtest5_pkey on sbtest5  (cost=0.43..8.45 rows=1 width=121)
	  Index Cond: (id = 7063160)

table 6 : explain SELECT c FROM sbtest6 WHERE id=3462390
	Index Scan using sbtest6_pkey on sbtest6  (cost=0.43..8.45 rows=1 width=121)
	  Index Cond: (id = 3462390)

table 7 : explain SELECT c FROM sbtest7 WHERE id=9952630
	Index Scan using sbtest7_pkey on sbtest7  (cost=0.43..8.45 rows=1 width=121)
	  Index Cond: (id = 9952630)

table 8 : explain SELECT c FROM sbtest8 WHERE id=2530589
	Index Scan using sbtest8_pkey on sbtest8  (cost=0.43..8.45 rows=1 width=121)
	  Index Cond: (id = 2530589)

for point_selects
table 1 : explain SELECT c FROM sbtest1 WHERE id=3308740
	Index Scan using sbtest1_pkey on sbtest1  (cost=0.43..8.45 rows=1 width=121)
	  Index Cond: (id = 3308740)

table 2 : explain SELECT c FROM sbtest2 WHERE id=4932725
	Index Scan using sbtest2_pkey on sbtest2  (cost=0.43..8.45 rows=1 width=121)
	  Index Cond: (id = 4932725)

table 3 : explain SELECT c FROM sbtest3 WHERE id=7270499
	Index Scan using sbtest3_pkey on sbtest3  (cost=0.43..8.45 rows=1 width=121)
	  Index Cond: (id = 7270499)

table 4 : explain SELECT c FROM sbtest4 WHERE id=9676914
	Index Scan using sbtest4_pkey on sbtest4  (cost=0.43..8.45 rows=1 width=121)
	  Index Cond: (id = 9676914)

table 5 : explain SELECT c FROM sbtest5 WHERE id=2357531
	Index Scan using sbtest5_pkey on sbtest5  (cost=0.43..8.45 rows=1 width=121)
	  Index Cond: (id = 2357531)

table 6 : explain SELECT c FROM sbtest6 WHERE id=2749127
	Index Scan using sbtest6_pkey on sbtest6  (cost=0.43..8.45 rows=1 width=121)
	  Index Cond: (id = 2749127)

table 7 : explain SELECT c FROM sbtest7 WHERE id=3388860
	Index Scan using sbtest7_pkey on sbtest7  (cost=0.43..8.45 rows=1 width=121)
	  Index Cond: (id = 3388860)

table 8 : explain SELECT c FROM sbtest8 WHERE id=3609542
	Index Scan using sbtest8_pkey on sbtest8  (cost=0.43..8.45 rows=1 width=121)
	  Index Cond: (id = 3609542)

for point_selects
table 1 : explain SELECT c FROM sbtest1 WHERE id=6335729
	Index Scan using sbtest1_pkey on sbtest1  (cost=0.43..8.45 rows=1 width=121)
	  Index Cond: (id = 6335729)

table 2 : explain SELECT c FROM sbtest2 WHERE id=7632476
	Index Scan using sbtest2_pkey on sbtest2  (cost=0.43..8.45 rows=1 width=121)
	  Index Cond: (id = 7632476)

table 3 : explain SELECT c FROM sbtest3 WHERE id=3578511
	Index Scan using sbtest3_pkey on sbtest3  (cost=0.43..8.45 rows=1 width=121)
	  Index Cond: (id = 3578511)

table 4 : explain SELECT c FROM sbtest4 WHERE id=9190686
	Index Scan using sbtest4_pkey on sbtest4  (cost=0.43..8.45 rows=1 width=121)
	  Index Cond: (id = 9190686)

table 5 : explain SELECT c FROM sbtest5 WHERE id=5716785
	Index Scan using sbtest5_pkey on sbtest5  (cost=0.43..8.45 rows=1 width=121)
	  Index Cond: (id = 5716785)

table 6 : explain SELECT c FROM sbtest6 WHERE id=7445999
	Index Scan using sbtest6_pkey on sbtest6  (cost=0.43..8.45 rows=1 width=121)
	  Index Cond: (id = 7445999)

table 7 : explain SELECT c FROM sbtest7 WHERE id=5670708
	Index Scan using sbtest7_pkey on sbtest7  (cost=0.43..8.45 rows=1 width=121)
	  Index Cond: (id = 5670708)

table 8 : explain SELECT c FROM sbtest8 WHERE id=6645578
	Index Scan using sbtest8_pkey on sbtest8  (cost=0.43..8.45 rows=1 width=121)
	  Index Cond: (id = 6645578)

for point_selects
table 1 : explain SELECT c FROM sbtest1 WHERE id=8778334
	Index Scan using sbtest1_pkey on sbtest1  (cost=0.43..8.45 rows=1 width=121)
	  Index Cond: (id = 8778334)

table 2 : explain SELECT c FROM sbtest2 WHERE id=557986
	Index Scan using sbtest2_pkey on sbtest2  (cost=0.43..8.45 rows=1 width=121)
	  Index Cond: (id = 557986)

table 3 : explain SELECT c FROM sbtest3 WHERE id=1640398
	Index Scan using sbtest3_pkey on sbtest3  (cost=0.43..8.45 rows=1 width=121)
	  Index Cond: (id = 1640398)

table 4 : explain SELECT c FROM sbtest4 WHERE id=1972186
	Index Scan using sbtest4_pkey on sbtest4  (cost=0.43..8.45 rows=1 width=121)
	  Index Cond: (id = 1972186)

table 5 : explain SELECT c FROM sbtest5 WHERE id=9617910
	Index Scan using sbtest5_pkey on sbtest5  (cost=0.43..8.45 rows=1 width=121)
	  Index Cond: (id = 9617910)

table 6 : explain SELECT c FROM sbtest6 WHERE id=4703843
	Index Scan using sbtest6_pkey on sbtest6  (cost=0.43..8.45 rows=1 width=121)
	  Index Cond: (id = 4703843)

table 7 : explain SELECT c FROM sbtest7 WHERE id=5364060
	Index Scan using sbtest7_pkey on sbtest7  (cost=0.43..8.45 rows=1 width=121)
	  Index Cond: (id = 5364060)

table 8 : explain SELECT c FROM sbtest8 WHERE id=3825700
	Index Scan using sbtest8_pkey on sbtest8  (cost=0.43..8.45 rows=1 width=121)
	  Index Cond: (id = 3825700)

for point_selects
table 1 : explain SELECT c FROM sbtest1 WHERE id=7521782
	Index Scan using sbtest1_pkey on sbtest1  (cost=0.43..8.45 rows=1 width=121)
	  Index Cond: (id = 7521782)

table 2 : explain SELECT c FROM sbtest2 WHERE id=4630432
	Index Scan using sbtest2_pkey on sbtest2  (cost=0.43..8.45 rows=1 width=121)
	  Index Cond: (id = 4630432)

table 3 : explain SELECT c FROM sbtest3 WHERE id=6859958
	Index Scan using sbtest3_pkey on sbtest3  (cost=0.43..8.45 rows=1 width=121)
	  Index Cond: (id = 6859958)

table 4 : explain SELECT c FROM sbtest4 WHERE id=3616849
	Index Scan using sbtest4_pkey on sbtest4  (cost=0.43..8.45 rows=1 width=121)
	  Index Cond: (id = 3616849)

table 5 : explain SELECT c FROM sbtest5 WHERE id=7890907
	Index Scan using sbtest5_pkey on sbtest5  (cost=0.43..8.45 rows=1 width=121)
	  Index Cond: (id = 7890907)

table 6 : explain SELECT c FROM sbtest6 WHERE id=9027644
	Index Scan using sbtest6_pkey on sbtest6  (cost=0.43..8.45 rows=1 width=121)
	  Index Cond: (id = 9027644)

table 7 : explain SELECT c FROM sbtest7 WHERE id=514579
	Index Scan using sbtest7_pkey on sbtest7  (cost=0.43..8.45 rows=1 width=121)
	  Index Cond: (id = 514579)

table 8 : explain SELECT c FROM sbtest8 WHERE id=4908644
	Index Scan using sbtest8_pkey on sbtest8  (cost=0.43..8.45 rows=1 width=121)
	  Index Cond: (id = 4908644)

for point_selects
table 1 : explain SELECT c FROM sbtest1 WHERE id=1440006
	Index Scan using sbtest1_pkey on sbtest1  (cost=0.43..8.45 rows=1 width=121)
	  Index Cond: (id = 1440006)

table 2 : explain SELECT c FROM sbtest2 WHERE id=7568869
	Index Scan using sbtest2_pkey on sbtest2  (cost=0.43..8.45 rows=1 width=121)
	  Index Cond: (id = 7568869)

table 3 : explain SELECT c FROM sbtest3 WHERE id=6855295
	Index Scan using sbtest3_pkey on sbtest3  (cost=0.43..8.45 rows=1 width=121)
	  Index Cond: (id = 6855295)

table 4 : explain SELECT c FROM sbtest4 WHERE id=752265
	Index Scan using sbtest4_pkey on sbtest4  (cost=0.43..8.45 rows=1 width=121)
	  Index Cond: (id = 752265)

table 5 : explain SELECT c FROM sbtest5 WHERE id=4267555
	Index Scan using sbtest5_pkey on sbtest5  (cost=0.43..8.45 rows=1 width=121)
	  Index Cond: (id = 4267555)

table 6 : explain SELECT c FROM sbtest6 WHERE id=8713504
	Index Scan using sbtest6_pkey on sbtest6  (cost=0.43..8.45 rows=1 width=121)
	  Index Cond: (id = 8713504)

table 7 : explain SELECT c FROM sbtest7 WHERE id=4368685
	Index Scan using sbtest7_pkey on sbtest7  (cost=0.43..8.45 rows=1 width=121)
	  Index Cond: (id = 4368685)

table 8 : explain SELECT c FROM sbtest8 WHERE id=2668234
	Index Scan using sbtest8_pkey on sbtest8  (cost=0.43..8.45 rows=1 width=121)
	  Index Cond: (id = 2668234)

for point_selects
table 1 : explain SELECT c FROM sbtest1 WHERE id=4991497
	Index Scan using sbtest1_pkey on sbtest1  (cost=0.43..8.45 rows=1 width=121)
	  Index Cond: (id = 4991497)

table 2 : explain SELECT c FROM sbtest2 WHERE id=7370271
	Index Scan using sbtest2_pkey on sbtest2  (cost=0.43..8.45 rows=1 width=121)
	  Index Cond: (id = 7370271)

table 3 : explain SELECT c FROM sbtest3 WHERE id=9844100
	Index Scan using sbtest3_pkey on sbtest3  (cost=0.43..8.45 rows=1 width=121)
	  Index Cond: (id = 9844100)

table 4 : explain SELECT c FROM sbtest4 WHERE id=1418886
	Index Scan using sbtest4_pkey on sbtest4  (cost=0.43..8.45 rows=1 width=121)
	  Index Cond: (id = 1418886)

table 5 : explain SELECT c FROM sbtest5 WHERE id=8541505
	Index Scan using sbtest5_pkey on sbtest5  (cost=0.43..8.45 rows=1 width=121)
	  Index Cond: (id = 8541505)

table 6 : explain SELECT c FROM sbtest6 WHERE id=8593391
	Index Scan using sbtest6_pkey on sbtest6  (cost=0.43..8.45 rows=1 width=121)
	  Index Cond: (id = 8593391)

table 7 : explain SELECT c FROM sbtest7 WHERE id=2424651
	Index Scan using sbtest7_pkey on sbtest7  (cost=0.43..8.45 rows=1 width=121)
	  Index Cond: (id = 2424651)

table 8 : explain SELECT c FROM sbtest8 WHERE id=3161239
	Index Scan using sbtest8_pkey on sbtest8  (cost=0.43..8.45 rows=1 width=121)
	  Index Cond: (id = 3161239)

for point_selects
table 1 : explain SELECT c FROM sbtest1 WHERE id=5859399
	Index Scan using sbtest1_pkey on sbtest1  (cost=0.43..8.45 rows=1 width=121)
	  Index Cond: (id = 5859399)

table 2 : explain SELECT c FROM sbtest2 WHERE id=151992
	Index Scan using sbtest2_pkey on sbtest2  (cost=0.43..8.45 rows=1 width=121)
	  Index Cond: (id = 151992)

table 3 : explain SELECT c FROM sbtest3 WHERE id=5610024
	Index Scan using sbtest3_pkey on sbtest3  (cost=0.43..8.45 rows=1 width=121)
	  Index Cond: (id = 5610024)

table 4 : explain SELECT c FROM sbtest4 WHERE id=5275876
	Index Scan using sbtest4_pkey on sbtest4  (cost=0.43..8.45 rows=1 width=121)
	  Index Cond: (id = 5275876)

table 5 : explain SELECT c FROM sbtest5 WHERE id=4458263
	Index Scan using sbtest5_pkey on sbtest5  (cost=0.43..8.45 rows=1 width=121)
	  Index Cond: (id = 4458263)

table 6 : explain SELECT c FROM sbtest6 WHERE id=4971545
	Index Scan using sbtest6_pkey on sbtest6  (cost=0.43..8.45 rows=1 width=121)
	  Index Cond: (id = 4971545)

table 7 : explain SELECT c FROM sbtest7 WHERE id=8708076
	Index Scan using sbtest7_pkey on sbtest7  (cost=0.43..8.45 rows=1 width=121)
	  Index Cond: (id = 8708076)

table 8 : explain SELECT c FROM sbtest8 WHERE id=5666792
	Index Scan using sbtest8_pkey on sbtest8  (cost=0.43..8.45 rows=1 width=121)
	  Index Cond: (id = 5666792)

for point_selects
table 1 : explain SELECT c FROM sbtest1 WHERE id=6653908
	Index Scan using sbtest1_pkey on sbtest1  (cost=0.43..8.45 rows=1 width=121)
	  Index Cond: (id = 6653908)

table 2 : explain SELECT c FROM sbtest2 WHERE id=1323465
	Index Scan using sbtest2_pkey on sbtest2  (cost=0.43..8.45 rows=1 width=121)
	  Index Cond: (id = 1323465)

table 3 : explain SELECT c FROM sbtest3 WHERE id=35149
	Index Scan using sbtest3_pkey on sbtest3  (cost=0.43..8.45 rows=1 width=121)
	  Index Cond: (id = 35149)

table 4 : explain SELECT c FROM sbtest4 WHERE id=9446137
	Index Scan using sbtest4_pkey on sbtest4  (cost=0.43..8.45 rows=1 width=121)
	  Index Cond: (id = 9446137)

table 5 : explain SELECT c FROM sbtest5 WHERE id=4029976
	Index Scan using sbtest5_pkey on sbtest5  (cost=0.43..8.45 rows=1 width=121)
	  Index Cond: (id = 4029976)

table 6 : explain SELECT c FROM sbtest6 WHERE id=2178597
	Index Scan using sbtest6_pkey on sbtest6  (cost=0.43..8.45 rows=1 width=121)
	  Index Cond: (id = 2178597)

table 7 : explain SELECT c FROM sbtest7 WHERE id=5867822
	Index Scan using sbtest7_pkey on sbtest7  (cost=0.43..8.45 rows=1 width=121)
	  Index Cond: (id = 5867822)

table 8 : explain SELECT c FROM sbtest8 WHERE id=9616548
	Index Scan using sbtest8_pkey on sbtest8  (cost=0.43..8.45 rows=1 width=121)
	  Index Cond: (id = 9616548)

for point_selects
table 1 : explain SELECT c FROM sbtest1 WHERE id=5724771
	Index Scan using sbtest1_pkey on sbtest1  (cost=0.43..8.45 rows=1 width=121)
	  Index Cond: (id = 5724771)

table 2 : explain SELECT c FROM sbtest2 WHERE id=9184210
	Index Scan using sbtest2_pkey on sbtest2  (cost=0.43..8.45 rows=1 width=121)
	  Index Cond: (id = 9184210)

table 3 : explain SELECT c FROM sbtest3 WHERE id=17127
	Index Scan using sbtest3_pkey on sbtest3  (cost=0.43..8.45 rows=1 width=121)
	  Index Cond: (id = 17127)

table 4 : explain SELECT c FROM sbtest4 WHERE id=2816114
	Index Scan using sbtest4_pkey on sbtest4  (cost=0.43..8.45 rows=1 width=121)
	  Index Cond: (id = 2816114)

table 5 : explain SELECT c FROM sbtest5 WHERE id=938296
	Index Scan using sbtest5_pkey on sbtest5  (cost=0.43..8.45 rows=1 width=121)
	  Index Cond: (id = 938296)

table 6 : explain SELECT c FROM sbtest6 WHERE id=9309228
	Index Scan using sbtest6_pkey on sbtest6  (cost=0.43..8.45 rows=1 width=121)
	  Index Cond: (id = 9309228)

table 7 : explain SELECT c FROM sbtest7 WHERE id=8710852
	Index Scan using sbtest7_pkey on sbtest7  (cost=0.43..8.45 rows=1 width=121)
	  Index Cond: (id = 8710852)

table 8 : explain SELECT c FROM sbtest8 WHERE id=1153478
	Index Scan using sbtest8_pkey on sbtest8  (cost=0.43..8.45 rows=1 width=121)
	  Index Cond: (id = 1153478)

for point_selects
table 1 : explain SELECT c FROM sbtest1 WHERE id=9531327
	Index Scan using sbtest1_pkey on sbtest1  (cost=0.43..8.45 rows=1 width=121)
	  Index Cond: (id = 9531327)

table 2 : explain SELECT c FROM sbtest2 WHERE id=1235877
	Index Scan using sbtest2_pkey on sbtest2  (cost=0.43..8.45 rows=1 width=121)
	  Index Cond: (id = 1235877)

table 3 : explain SELECT c FROM sbtest3 WHERE id=6534558
	Index Scan using sbtest3_pkey on sbtest3  (cost=0.43..8.45 rows=1 width=121)
	  Index Cond: (id = 6534558)

table 4 : explain SELECT c FROM sbtest4 WHERE id=9615577
	Index Scan using sbtest4_pkey on sbtest4  (cost=0.43..8.45 rows=1 width=121)
	  Index Cond: (id = 9615577)

table 5 : explain SELECT c FROM sbtest5 WHERE id=3391047
	Index Scan using sbtest5_pkey on sbtest5  (cost=0.43..8.45 rows=1 width=121)
	  Index Cond: (id = 3391047)

table 6 : explain SELECT c FROM sbtest6 WHERE id=8064120
	Index Scan using sbtest6_pkey on sbtest6  (cost=0.43..8.45 rows=1 width=121)
	  Index Cond: (id = 8064120)

table 7 : explain SELECT c FROM sbtest7 WHERE id=7756107
	Index Scan using sbtest7_pkey on sbtest7  (cost=0.43..8.45 rows=1 width=121)
	  Index Cond: (id = 7756107)

table 8 : explain SELECT c FROM sbtest8 WHERE id=3206204
	Index Scan using sbtest8_pkey on sbtest8  (cost=0.43..8.45 rows=1 width=121)
	  Index Cond: (id = 3206204)

for point_selects
table 1 : explain SELECT c FROM sbtest1 WHERE id=589685
	Index Scan using sbtest1_pkey on sbtest1  (cost=0.43..8.45 rows=1 width=121)
	  Index Cond: (id = 589685)

table 2 : explain SELECT c FROM sbtest2 WHERE id=1110393
	Index Scan using sbtest2_pkey on sbtest2  (cost=0.43..8.45 rows=1 width=121)
	  Index Cond: (id = 1110393)

table 3 : explain SELECT c FROM sbtest3 WHERE id=7103933
	Index Scan using sbtest3_pkey on sbtest3  (cost=0.43..8.45 rows=1 width=121)
	  Index Cond: (id = 7103933)

table 4 : explain SELECT c FROM sbtest4 WHERE id=8839214
	Index Scan using sbtest4_pkey on sbtest4  (cost=0.43..8.45 rows=1 width=121)
	  Index Cond: (id = 8839214)

table 5 : explain SELECT c FROM sbtest5 WHERE id=3600214
	Index Scan using sbtest5_pkey on sbtest5  (cost=0.43..8.45 rows=1 width=121)
	  Index Cond: (id = 3600214)

table 6 : explain SELECT c FROM sbtest6 WHERE id=366732
	Index Scan using sbtest6_pkey on sbtest6  (cost=0.43..8.45 rows=1 width=121)
	  Index Cond: (id = 366732)

table 7 : explain SELECT c FROM sbtest7 WHERE id=8863549
	Index Scan using sbtest7_pkey on sbtest7  (cost=0.43..8.45 rows=1 width=121)
	  Index Cond: (id = 8863549)

table 8 : explain SELECT c FROM sbtest8 WHERE id=439242
	Index Scan using sbtest8_pkey on sbtest8  (cost=0.43..8.45 rows=1 width=121)
	  Index Cond: (id = 439242)

for point_selects
table 1 : explain SELECT c FROM sbtest1 WHERE id=7141948
	Index Scan using sbtest1_pkey on sbtest1  (cost=0.43..8.45 rows=1 width=121)
	  Index Cond: (id = 7141948)

table 2 : explain SELECT c FROM sbtest2 WHERE id=7906335
	Index Scan using sbtest2_pkey on sbtest2  (cost=0.43..8.45 rows=1 width=121)
	  Index Cond: (id = 7906335)

table 3 : explain SELECT c FROM sbtest3 WHERE id=5868590
	Index Scan using sbtest3_pkey on sbtest3  (cost=0.43..8.45 rows=1 width=121)
	  Index Cond: (id = 5868590)

table 4 : explain SELECT c FROM sbtest4 WHERE id=864997
	Index Scan using sbtest4_pkey on sbtest4  (cost=0.43..8.45 rows=1 width=121)
	  Index Cond: (id = 864997)

table 5 : explain SELECT c FROM sbtest5 WHERE id=7290924
	Index Scan using sbtest5_pkey on sbtest5  (cost=0.43..8.45 rows=1 width=121)
	  Index Cond: (id = 7290924)

table 6 : explain SELECT c FROM sbtest6 WHERE id=7436507
	Index Scan using sbtest6_pkey on sbtest6  (cost=0.43..8.45 rows=1 width=121)
	  Index Cond: (id = 7436507)

table 7 : explain SELECT c FROM sbtest7 WHERE id=9144587
	Index Scan using sbtest7_pkey on sbtest7  (cost=0.43..8.45 rows=1 width=121)
	  Index Cond: (id = 9144587)

table 8 : explain SELECT c FROM sbtest8 WHERE id=1243424
	Index Scan using sbtest8_pkey on sbtest8  (cost=0.43..8.45 rows=1 width=121)
	  Index Cond: (id = 1243424)

for point_selects
table 1 : explain SELECT c FROM sbtest1 WHERE id=707147
	Index Scan using sbtest1_pkey on sbtest1  (cost=0.43..8.45 rows=1 width=121)
	  Index Cond: (id = 707147)

table 2 : explain SELECT c FROM sbtest2 WHERE id=9387043
	Index Scan using sbtest2_pkey on sbtest2  (cost=0.43..8.45 rows=1 width=121)
	  Index Cond: (id = 9387043)

table 3 : explain SELECT c FROM sbtest3 WHERE id=370182
	Index Scan using sbtest3_pkey on sbtest3  (cost=0.43..8.45 rows=1 width=121)
	  Index Cond: (id = 370182)

table 4 : explain SELECT c FROM sbtest4 WHERE id=578496
	Index Scan using sbtest4_pkey on sbtest4  (cost=0.43..8.45 rows=1 width=121)
	  Index Cond: (id = 578496)

table 5 : explain SELECT c FROM sbtest5 WHERE id=700840
	Index Scan using sbtest5_pkey on sbtest5  (cost=0.43..8.45 rows=1 width=121)
	  Index Cond: (id = 700840)

table 6 : explain SELECT c FROM sbtest6 WHERE id=8547581
	Index Scan using sbtest6_pkey on sbtest6  (cost=0.43..8.45 rows=1 width=121)
	  Index Cond: (id = 8547581)

table 7 : explain SELECT c FROM sbtest7 WHERE id=4130134
	Index Scan using sbtest7_pkey on sbtest7  (cost=0.43..8.45 rows=1 width=121)
	  Index Cond: (id = 4130134)

table 8 : explain SELECT c FROM sbtest8 WHERE id=3595582
	Index Scan using sbtest8_pkey on sbtest8  (cost=0.43..8.45 rows=1 width=121)
	  Index Cond: (id = 3595582)

for point_selects
table 1 : explain SELECT c FROM sbtest1 WHERE id=335848
	Index Scan using sbtest1_pkey on sbtest1  (cost=0.43..8.45 rows=1 width=121)
	  Index Cond: (id = 335848)

table 2 : explain SELECT c FROM sbtest2 WHERE id=8593311
	Index Scan using sbtest2_pkey on sbtest2  (cost=0.43..8.45 rows=1 width=121)
	  Index Cond: (id = 8593311)

table 3 : explain SELECT c FROM sbtest3 WHERE id=3779248
	Index Scan using sbtest3_pkey on sbtest3  (cost=0.43..8.45 rows=1 width=121)
	  Index Cond: (id = 3779248)

table 4 : explain SELECT c FROM sbtest4 WHERE id=4405925
	Index Scan using sbtest4_pkey on sbtest4  (cost=0.43..8.45 rows=1 width=121)
	  Index Cond: (id = 4405925)

table 5 : explain SELECT c FROM sbtest5 WHERE id=1864298
	Index Scan using sbtest5_pkey on sbtest5  (cost=0.43..8.45 rows=1 width=121)
	  Index Cond: (id = 1864298)

table 6 : explain SELECT c FROM sbtest6 WHERE id=442612
	Index Scan using sbtest6_pkey on sbtest6  (cost=0.43..8.45 rows=1 width=121)
	  Index Cond: (id = 442612)

table 7 : explain SELECT c FROM sbtest7 WHERE id=5447396
	Index Scan using sbtest7_pkey on sbtest7  (cost=0.43..8.45 rows=1 width=121)
	  Index Cond: (id = 5447396)

table 8 : explain SELECT c FROM sbtest8 WHERE id=2823811
	Index Scan using sbtest8_pkey on sbtest8  (cost=0.43..8.45 rows=1 width=121)
	  Index Cond: (id = 2823811)

for point_selects
table 1 : explain SELECT c FROM sbtest1 WHERE id=7542223
	Index Scan using sbtest1_pkey on sbtest1  (cost=0.43..8.45 rows=1 width=121)
	  Index Cond: (id = 7542223)

table 2 : explain SELECT c FROM sbtest2 WHERE id=8567300
	Index Scan using sbtest2_pkey on sbtest2  (cost=0.43..8.45 rows=1 width=121)
	  Index Cond: (id = 8567300)

table 3 : explain SELECT c FROM sbtest3 WHERE id=79326
	Index Scan using sbtest3_pkey on sbtest3  (cost=0.43..8.45 rows=1 width=121)
	  Index Cond: (id = 79326)

table 4 : explain SELECT c FROM sbtest4 WHERE id=5313834
	Index Scan using sbtest4_pkey on sbtest4  (cost=0.43..8.45 rows=1 width=121)
	  Index Cond: (id = 5313834)

table 5 : explain SELECT c FROM sbtest5 WHERE id=6892083
	Index Scan using sbtest5_pkey on sbtest5  (cost=0.43..8.45 rows=1 width=121)
	  Index Cond: (id = 6892083)

table 6 : explain SELECT c FROM sbtest6 WHERE id=155752
	Index Scan using sbtest6_pkey on sbtest6  (cost=0.43..8.45 rows=1 width=121)
	  Index Cond: (id = 155752)

table 7 : explain SELECT c FROM sbtest7 WHERE id=1729338
	Index Scan using sbtest7_pkey on sbtest7  (cost=0.43..8.45 rows=1 width=121)
	  Index Cond: (id = 1729338)

table 8 : explain SELECT c FROM sbtest8 WHERE id=7322189
	Index Scan using sbtest8_pkey on sbtest8  (cost=0.43..8.45 rows=1 width=121)
	  Index Cond: (id = 7322189)

for point_selects
table 1 : explain SELECT c FROM sbtest1 WHERE id=3167705
	Index Scan using sbtest1_pkey on sbtest1  (cost=0.43..8.45 rows=1 width=121)
	  Index Cond: (id = 3167705)

table 2 : explain SELECT c FROM sbtest2 WHERE id=4090341
	Index Scan using sbtest2_pkey on sbtest2  (cost=0.43..8.45 rows=1 width=121)
	  Index Cond: (id = 4090341)

table 3 : explain SELECT c FROM sbtest3 WHERE id=4409615
	Index Scan using sbtest3_pkey on sbtest3  (cost=0.43..8.45 rows=1 width=121)
	  Index Cond: (id = 4409615)

table 4 : explain SELECT c FROM sbtest4 WHERE id=9045949
	Index Scan using sbtest4_pkey on sbtest4  (cost=0.43..8.45 rows=1 width=121)
	  Index Cond: (id = 9045949)

table 5 : explain SELECT c FROM sbtest5 WHERE id=8249706
	Index Scan using sbtest5_pkey on sbtest5  (cost=0.43..8.45 rows=1 width=121)
	  Index Cond: (id = 8249706)

table 6 : explain SELECT c FROM sbtest6 WHERE id=4898708
	Index Scan using sbtest6_pkey on sbtest6  (cost=0.43..8.45 rows=1 width=121)
	  Index Cond: (id = 4898708)

table 7 : explain SELECT c FROM sbtest7 WHERE id=7318839
	Index Scan using sbtest7_pkey on sbtest7  (cost=0.43..8.45 rows=1 width=121)
	  Index Cond: (id = 7318839)

table 8 : explain SELECT c FROM sbtest8 WHERE id=5738423
	Index Scan using sbtest8_pkey on sbtest8  (cost=0.43..8.45 rows=1 width=121)
	  Index Cond: (id = 5738423)

Threads started!

Warming up for 5 seconds...

SQL statistics:
    queries performed:
        read:                            685435629
        write:                           0
        other:                           0
        total:                           685435629
    transactions:                        685435629 (1087982.49 per sec.)
    queries:                             685435629 (1087982.49 per sec.)
    ignored errors:                      0      (0.00 per sec.)
    reconnects:                          0      (0.00 per sec.)

Throughput:
    events/s (eps):                      1087982.4855
    time elapsed:                        630.0062s
    total number of events:              685435629

Latency (ms):
         min:                                    0.03
         avg:                                    0.04
         max:                                   16.06
         95th percentile:                        0.04
         sum:                             25011198.87

Threads fairness:
    events (avg/stddev):           17135869.4750/252467.27
    execution time (avg/stddev):   625.2800/0.25

