LUA_PATH=/home/mdcallag/git/mytools/bench/sysbench.lua/lua/?.lua /home/mdcallag/git/mytools/bench/sysbench.lua/lua/sysbench --db-driver=pgsql --range-size=1000 --table-size=10000000 --tables=8 --threads=40 --events=0 --warmup-time=5 --time=630 --pgsql_conn_id=true /home/mdcallag/git/mytools/bench/sysbench.lua/lua/oltp_read_only.lua run --pgsql-user=root --pgsql-password=pw --pgsql-host=127.0.0.1 --pgsql-db=ib --rand-type=uniform --simple-ranges=0 --sum-ranges=0 --order-ranges=1 --distinct-ranges=0
48 CPUs
sysbench 1.1.0-9072687 (using bundled LuaJIT 2.1.0-beta3)

Running the test with following options:
Number of threads: 40
Warmup time: 5s
Initializing random number generator from current time


Initializing worker threads...

explain: for point_selects :: explain SELECT c FROM sbtest%u WHERE id=%u
explain: for point_selects :: explain SELECT c FROM sbtest%u WHERE id=%u
explain: for point_selects :: explain SELECT c FROM sbtest%u WHERE id=%u
explain: for point_selects :: explain SELECT c FROM sbtest%u WHERE id=%u
explain: for point_selects :: explain SELECT c FROM sbtest%u WHERE id=%u
for point_selects
table 1 : explain SELECT c FROM sbtest1 WHERE id=6572555
	Index Scan using sbtest1_pkey on sbtest1  (cost=0.43..8.45 rows=1 width=121)
	  Index Cond: (id = 6572555)

table 2 : explain SELECT c FROM sbtest2 WHERE id=175860
	Index Scan using sbtest2_pkey on sbtest2  (cost=0.43..8.45 rows=1 width=121)
	  Index Cond: (id = 175860)

table 3 : explain SELECT c FROM sbtest3 WHERE id=5946312
	Index Scan using sbtest3_pkey on sbtest3  (cost=0.43..8.45 rows=1 width=121)
	  Index Cond: (id = 5946312)

table 4 : explain SELECT c FROM sbtest4 WHERE id=2647826
	Index Scan using sbtest4_pkey on sbtest4  (cost=0.43..8.45 rows=1 width=121)
	  Index Cond: (id = 2647826)

table 5 : explain SELECT c FROM sbtest5 WHERE id=1518616
	Index Scan using sbtest5_pkey on sbtest5  (cost=0.43..8.45 rows=1 width=121)
	  Index Cond: (id = 1518616)

table 6 : explain SELECT c FROM sbtest6 WHERE id=247447
	Index Scan using sbtest6_pkey on sbtest6  (cost=0.43..8.45 rows=1 width=121)
	  Index Cond: (id = 247447)

table 7 : explain SELECT c FROM sbtest7 WHERE id=7440488
	Index Scan using sbtest7_pkey on sbtest7  (cost=0.43..8.45 rows=1 width=121)
	  Index Cond: (id = 7440488)

table 8 : explain SELECT c FROM sbtest8 WHERE id=987040
	Index Scan using sbtest8_pkey on sbtest8  (cost=0.43..8.45 rows=1 width=121)
	  Index Cond: (id = 987040)

for point_selects
table 1 : explain SELECT c FROM sbtest1 WHERE id=6033786
	Index Scan using sbtest1_pkey on sbtest1  (cost=0.43..8.45 rows=1 width=121)
	  Index Cond: (id = 6033786)

table 2 : explain SELECT c FROM sbtest2 WHERE id=4539290
	Index Scan using sbtest2_pkey on sbtest2  (cost=0.43..8.45 rows=1 width=121)
	  Index Cond: (id = 4539290)

table 3 : explain SELECT c FROM sbtest3 WHERE id=3178587
	Index Scan using sbtest3_pkey on sbtest3  (cost=0.43..8.45 rows=1 width=121)
	  Index Cond: (id = 3178587)

table 4 : explain SELECT c FROM sbtest4 WHERE id=2732072
	Index Scan using sbtest4_pkey on sbtest4  (cost=0.43..8.45 rows=1 width=121)
	  Index Cond: (id = 2732072)

table 5 : explain SELECT c FROM sbtest5 WHERE id=8751381
	Index Scan using sbtest5_pkey on sbtest5  (cost=0.43..8.45 rows=1 width=121)
	  Index Cond: (id = 8751381)

table 6 : explain SELECT c FROM sbtest6 WHERE id=5905341
	Index Scan using sbtest6_pkey on sbtest6  (cost=0.43..8.45 rows=1 width=121)
	  Index Cond: (id = 5905341)

table 7 : explain SELECT c FROM sbtest7 WHERE id=3042053
	Index Scan using sbtest7_pkey on sbtest7  (cost=0.43..8.45 rows=1 width=121)
	  Index Cond: (id = 3042053)

table 8 : explain SELECT c FROM sbtest8 WHERE id=4769373
	Index Scan using sbtest8_pkey on sbtest8  (cost=0.43..8.45 rows=1 width=121)
	  Index Cond: (id = 4769373)

for point_selects
table 1 : explain SELECT c FROM sbtest1 WHERE id=6740638
	Index Scan using sbtest1_pkey on sbtest1  (cost=0.43..8.45 rows=1 width=121)
	  Index Cond: (id = 6740638)

table 2 : explain SELECT c FROM sbtest2 WHERE id=6611770
	Index Scan using sbtest2_pkey on sbtest2  (cost=0.43..8.45 rows=1 width=121)
	  Index Cond: (id = 6611770)

table 3 : explain SELECT c FROM sbtest3 WHERE id=4380964
	Index Scan using sbtest3_pkey on sbtest3  (cost=0.43..8.45 rows=1 width=121)
	  Index Cond: (id = 4380964)

table 4 : explain SELECT c FROM sbtest4 WHERE id=127716
	Index Scan using sbtest4_pkey on sbtest4  (cost=0.43..8.45 rows=1 width=121)
	  Index Cond: (id = 127716)

table 5 : explain SELECT c FROM sbtest5 WHERE id=9280405
	Index Scan using sbtest5_pkey on sbtest5  (cost=0.43..8.45 rows=1 width=121)
	  Index Cond: (id = 9280405)

table 6 : explain SELECT c FROM sbtest6 WHERE id=6306767
	Index Scan using sbtest6_pkey on sbtest6  (cost=0.43..8.45 rows=1 width=121)
	  Index Cond: (id = 6306767)

table 7 : explain SELECT c FROM sbtest7 WHERE id=4461104
	Index Scan using sbtest7_pkey on sbtest7  (cost=0.43..8.45 rows=1 width=121)
	  Index Cond: (id = 4461104)

table 8 : explain SELECT c FROM sbtest8 WHERE id=6938437
	Index Scan using sbtest8_pkey on sbtest8  (cost=0.43..8.45 rows=1 width=121)
	  Index Cond: (id = 6938437)

for: simple_ranges
table 1 : explain SELECT c FROM sbtest1 WHERE id BETWEEN 1650860 AND 1651859
	Bitmap Heap Scan on sbtest1  (cost=21.83..3546.40 rows=917 width=121)
	  Recheck Cond: ((id >= 1650860) AND (id <= 1651859))
	  ->  Bitmap Index Scan on sbtest1_pkey  (cost=0.00..21.61 rows=917 width=0)
	        Index Cond: ((id >= 1650860) AND (id <= 1651859))

table 2 : explain SELECT c FROM sbtest2 WHERE id BETWEEN 67038 AND 68037
	Bitmap Heap Scan on sbtest2  (cost=22.66..3852.70 rows=998 width=121)
	  Recheck Cond: ((id >= 67038) AND (id <= 68037))
	  ->  Bitmap Index Scan on sbtest2_pkey  (cost=0.00..22.41 rows=998 width=0)
	        Index Cond: ((id >= 67038) AND (id <= 68037))

table 3 : explain SELECT c FROM sbtest3 WHERE id BETWEEN 7495917 AND 7496916
	Bitmap Heap Scan on sbtest3  (cost=22.99..3973.26 rows=1030 width=121)
	  Recheck Cond: ((id >= 7495917) AND (id <= 7496916))
	  ->  Bitmap Index Scan on sbtest3_pkey  (cost=0.00..22.73 rows=1030 width=0)
	        Index Cond: ((id >= 7495917) AND (id <= 7496916))

table 4 : explain SELECT c FROM sbtest4 WHERE id BETWEEN 6019237 AND 6020236
	Bitmap Heap Scan on sbtest4  (cost=22.75..3883.76 rows=1006 width=121)
	  Recheck Cond: ((id >= 6019237) AND (id <= 6020236))
	  ->  Bitmap Index Scan on sbtest4_pkey  (cost=0.00..22.50 rows=1006 width=0)
	        Index Cond: ((id >= 6019237) AND (id <= 6020236))

table 5 : explain SELECT c FROM sbtest5 WHERE id BETWEEN 5527508 AND 5528507
	Bitmap Heap Scan on sbtest5  (cost=22.62..3838.70 rows=994 width=121)
	  Recheck Cond: ((id >= 5527508) AND (id <= 5528507))
	  ->  Bitmap Index Scan on sbtest5_pkey  (cost=0.00..22.37 rows=994 width=0)
	        Index Cond: ((id >= 5527508) AND (id <= 5528507))

table 6 : explain SELECT c FROM sbtest6 WHERE id BETWEEN 3709961 AND 3710960
	Bitmap Heap Scan on sbtest6  (cost=22.57..3820.55 rows=989 width=121)
	  Recheck Cond: ((id >= 3709961) AND (id <= 3710960))
	  ->  Bitmap Index Scan on sbtest6_pkey  (cost=0.00..22.32 rows=989 width=0)
	        Index Cond: ((id >= 3709961) AND (id <= 3710960))

table 7 : explain SELECT c FROM sbtest7 WHERE id BETWEEN 1843072 AND 1844071
	Bitmap Heap Scan on sbtest7  (cost=22.57..3820.51 rows=989 width=121)
	  Recheck Cond: ((id >= 1843072) AND (id <= 1844071))
	  ->  Bitmap Index Scan on sbtest7_pkey  (cost=0.00..22.32 rows=989 width=0)
	        Index Cond: ((id >= 1843072) AND (id <= 1844071))

table 8 : explain SELECT c FROM sbtest8 WHERE id BETWEEN 6682041 AND 6683040
	Bitmap Heap Scan on sbtest8  (cost=27.54..4178.25 rows=1083 width=121)
	  Recheck Cond: ((id >= 6682041) AND (id <= 6683040))
	  ->  Bitmap Index Scan on sbtest8_pkey  (cost=0.00..27.26 rows=1083 width=0)
	        Index Cond: ((id >= 6682041) AND (id <= 6683040))

for: simple_ranges
table 1 : explain SELECT c FROM sbtest1 WHERE id BETWEEN 1197333 AND 1198332
	Bitmap Heap Scan on sbtest1  (cost=21.73..3508.65 rows=907 width=121)
	  Recheck Cond: ((id >= 1197333) AND (id <= 1198332))
	  ->  Bitmap Index Scan on sbtest1_pkey  (cost=0.00..21.50 rows=907 width=0)
	        Index Cond: ((id >= 1197333) AND (id <= 1198332))

table 2 : explain SELECT c FROM sbtest2 WHERE id BETWEEN 9398220 AND 9399219
	Bitmap Heap Scan on sbtest2  (cost=22.26..3705.76 rows=959 width=121)
	  Recheck Cond: ((id >= 9398220) AND (id <= 9399219))
	  ->  Bitmap Index Scan on sbtest2_pkey  (cost=0.00..22.02 rows=959 width=0)
	        Index Cond: ((id >= 9398220) AND (id <= 9399219))

table 3 : explain SELECT c FROM sbtest3 WHERE id BETWEEN 3016675 AND 3017674
	Bitmap Heap Scan on sbtest3  (cost=22.60..3830.24 rows=992 width=121)
	  Recheck Cond: ((id >= 3016675) AND (id <= 3017674))
	  ->  Bitmap Index Scan on sbtest3_pkey  (cost=0.00..22.36 rows=992 width=0)
	        Index Cond: ((id >= 3016675) AND (id <= 3017674))

table 4 : explain SELECT c FROM sbtest4 WHERE id BETWEEN 3368306 AND 3369305
	Bitmap Heap Scan on sbtest4  (cost=22.41..3759.43 rows=973 width=121)
	  Recheck Cond: ((id >= 3368306) AND (id <= 3369305))
	  ->  Bitmap Index Scan on sbtest4_pkey  (cost=0.00..22.16 rows=973 width=0)
	        Index Cond: ((id >= 3368306) AND (id <= 3369305))

table 5 : explain SELECT c FROM sbtest5 WHERE id BETWEEN 9864295 AND 9865294
	Bitmap Heap Scan on sbtest5  (cost=23.25..4068.26 rows=1055 width=121)
	  Recheck Cond: ((id >= 9864295) AND (id <= 9865294))
	  ->  Bitmap Index Scan on sbtest5_pkey  (cost=0.00..22.98 rows=1055 width=0)
	        Index Cond: ((id >= 9864295) AND (id <= 9865294))

table 6 : explain SELECT c FROM sbtest6 WHERE id BETWEEN 4205068 AND 4206067
	Bitmap Heap Scan on sbtest6  (cost=22.52..3801.71 rows=984 width=121)
	  Recheck Cond: ((id >= 4205068) AND (id <= 4206067))
	  ->  Bitmap Index Scan on sbtest6_pkey  (cost=0.00..22.27 rows=984 width=0)
	        Index Cond: ((id >= 4205068) AND (id <= 4206067))

table 7 : explain SELECT c FROM sbtest7 WHERE id BETWEEN 2394083 AND 2395082
	Bitmap Heap Scan on sbtest7  (cost=22.31..3722.47 rows=963 width=121)
	  Recheck Cond: ((id >= 2394083) AND (id <= 2395082))
	  ->  Bitmap Index Scan on sbtest7_pkey  (cost=0.00..22.07 rows=963 width=0)
	        Index Cond: ((id >= 2394083) AND (id <= 2395082))

table 8 : explain SELECT c FROM sbtest8 WHERE id BETWEEN 1387893 AND 1388892
	Bitmap Heap Scan on sbtest8  (cost=21.70..3499.71 rows=904 width=121)
	  Recheck Cond: ((id >= 1387893) AND (id <= 1388892))
	  ->  Bitmap Index Scan on sbtest8_pkey  (cost=0.00..21.47 rows=904 width=0)
	        Index Cond: ((id >= 1387893) AND (id <= 1388892))

for point_selects
table 1 : explain SELECT c FROM sbtest1 WHERE id=6571614
	Index Scan using sbtest1_pkey on sbtest1  (cost=0.43..8.45 rows=1 width=121)
	  Index Cond: (id = 6571614)

table 2 : explain SELECT c FROM sbtest2 WHERE id=6420961
	Index Scan using sbtest2_pkey on sbtest2  (cost=0.43..8.45 rows=1 width=121)
	  Index Cond: (id = 6420961)

table 3 : explain SELECT c FROM sbtest3 WHERE id=8789112
	Index Scan using sbtest3_pkey on sbtest3  (cost=0.43..8.45 rows=1 width=121)
	  Index Cond: (id = 8789112)

table 4 : explain SELECT c FROM sbtest4 WHERE id=6389842
	Index Scan using sbtest4_pkey on sbtest4  (cost=0.43..8.45 rows=1 width=121)
	  Index Cond: (id = 6389842)

table 5 : explain SELECT c FROM sbtest5 WHERE id=7730281
	Index Scan using sbtest5_pkey on sbtest5  (cost=0.43..8.45 rows=1 width=121)
	  Index Cond: (id = 7730281)

table 6 : explain SELECT c FROM sbtest6 WHERE id=765069
	Index Scan using sbtest6_pkey on sbtest6  (cost=0.43..8.45 rows=1 width=121)
	  Index Cond: (id = 765069)

table 7 : explain SELECT c FROM sbtest7 WHERE id=9598282
	Index Scan using sbtest7_pkey on sbtest7  (cost=0.43..8.45 rows=1 width=121)
	  Index Cond: (id = 9598282)

table 8 : explain SELECT c FROM sbtest8 WHERE id=4493133
	Index Scan using sbtest8_pkey on sbtest8  (cost=0.43..8.45 rows=1 width=121)
	  Index Cond: (id = 4493133)

for point_selects
table 1 : explain SELECT c FROM sbtest1 WHERE id=3117497
	Index Scan using sbtest1_pkey on sbtest1  (cost=0.43..8.45 rows=1 width=121)
	  Index Cond: (id = 3117497)

table 2 : explain SELECT c FROM sbtest2 WHERE id=277755
	Index Scan using sbtest2_pkey on sbtest2  (cost=0.43..8.45 rows=1 width=121)
	  Index Cond: (id = 277755)

table 3 : explain SELECT c FROM sbtest3 WHERE id=2070209
	Index Scan using sbtest3_pkey on sbtest3  (cost=0.43..8.45 rows=1 width=121)
	  Index Cond: (id = 2070209)

table 4 : explain SELECT c FROM sbtest4 WHERE id=6569488
	Index Scan using sbtest4_pkey on sbtest4  (cost=0.43..8.45 rows=1 width=121)
	  Index Cond: (id = 6569488)

table 5 : explain SELECT c FROM sbtest5 WHERE id=8826517
	Index Scan using sbtest5_pkey on sbtest5  (cost=0.43..8.45 rows=1 width=121)
	  Index Cond: (id = 8826517)

table 6 : explain SELECT c FROM sbtest6 WHERE id=108806
	Index Scan using sbtest6_pkey on sbtest6  (cost=0.43..8.45 rows=1 width=121)
	  Index Cond: (id = 108806)

table 7 : explain SELECT c FROM sbtest7 WHERE id=8310191
	Index Scan using sbtest7_pkey on sbtest7  (cost=0.43..8.45 rows=1 width=121)
	  Index Cond: (id = 8310191)

table 8 : explain SELECT c FROM sbtest8 WHERE id=948426
	Index Scan using sbtest8_pkey on sbtest8  (cost=0.43..8.45 rows=1 width=121)
	  Index Cond: (id = 948426)

for: simple_ranges
table 1 : explain SELECT c FROM sbtest1 WHERE id BETWEEN 7588152 AND 7589151
	Bitmap Heap Scan on sbtest1  (cost=22.78..3893.07 rows=1009 width=121)
	  Recheck Cond: ((id >= 7588152) AND (id <= 7589151))
	  ->  Bitmap Index Scan on sbtest1_pkey  (cost=0.00..22.52 rows=1009 width=0)
	        Index Cond: ((id >= 7588152) AND (id <= 7589151))

table 2 : explain SELECT c FROM sbtest2 WHERE id BETWEEN 372811 AND 373810
	Bitmap Heap Scan on sbtest2  (cost=22.80..3901.63 rows=1011 width=121)
	  Recheck Cond: ((id >= 372811) AND (id <= 373810))
	  ->  Bitmap Index Scan on sbtest2_pkey  (cost=0.00..22.54 rows=1011 width=0)
	        Index Cond: ((id >= 372811) AND (id <= 373810))

table 3 : explain SELECT c FROM sbtest3 WHERE id BETWEEN 1586496 AND 1587495
	Bitmap Heap Scan on sbtest3  (cost=22.78..3894.24 rows=1009 width=121)
	  Recheck Cond: ((id >= 1586496) AND (id <= 1587495))
	  ->  Bitmap Index Scan on sbtest3_pkey  (cost=0.00..22.52 rows=1009 width=0)
	        Index Cond: ((id >= 1586496) AND (id <= 1587495))

table 4 : explain SELECT c FROM sbtest4 WHERE id BETWEEN 7166567 AND 7167566
	Bitmap Heap Scan on sbtest4  (cost=22.23..3695.32 rows=956 width=121)
	  Recheck Cond: ((id >= 7166567) AND (id <= 7167566))
	  ->  Bitmap Index Scan on sbtest4_pkey  (cost=0.00..22.00 rows=956 width=0)
	        Index Cond: ((id >= 7166567) AND (id <= 7167566))

table 5 : explain SELECT c FROM sbtest5 WHERE id BETWEEN 3060202 AND 3061201
	Bitmap Heap Scan on sbtest5  (cost=22.92..3947.89 rows=1023 width=121)
	  Recheck Cond: ((id >= 3060202) AND (id <= 3061201))
	  ->  Bitmap Index Scan on sbtest5_pkey  (cost=0.00..22.66 rows=1023 width=0)
	        Index Cond: ((id >= 3060202) AND (id <= 3061201))

table 6 : explain SELECT c FROM sbtest6 WHERE id BETWEEN 7692798 AND 7693797
	Bitmap Heap Scan on sbtest6  (cost=28.31..4459.72 rows=1159 width=121)
	  Recheck Cond: ((id >= 7692798) AND (id <= 7693797))
	  ->  Bitmap Index Scan on sbtest6_pkey  (cost=0.00..28.02 rows=1159 width=0)
	        Index Cond: ((id >= 7692798) AND (id <= 7693797))

table 7 : explain SELECT c FROM sbtest7 WHERE id BETWEEN 4678691 AND 4679690
	Bitmap Heap Scan on sbtest7  (cost=22.72..3873.26 rows=1003 width=121)
	  Recheck Cond: ((id >= 4678691) AND (id <= 4679690))
	  ->  Bitmap Index Scan on sbtest7_pkey  (cost=0.00..22.46 rows=1003 width=0)
	        Index Cond: ((id >= 4678691) AND (id <= 4679690))

table 8 : explain SELECT c FROM sbtest8 WHERE id BETWEEN 3844215 AND 3845214
	Bitmap Heap Scan on sbtest8  (cost=28.64..4579.57 rows=1191 width=121)
	  Recheck Cond: ((id >= 3844215) AND (id <= 3845214))
	  ->  Bitmap Index Scan on sbtest8_pkey  (cost=0.00..28.34 rows=1191 width=0)
	        Index Cond: ((id >= 3844215) AND (id <= 3845214))

for: simple_ranges
table 1 : explain SELECT c FROM sbtest1 WHERE id BETWEEN 2341660 AND 2342659
	Bitmap Heap Scan on sbtest1  (cost=23.15..4028.43 rows=1045 width=121)
	  Recheck Cond: ((id >= 2341660) AND (id <= 2342659))
	  ->  Bitmap Index Scan on sbtest1_pkey  (cost=0.00..22.89 rows=1045 width=0)
	        Index Cond: ((id >= 2341660) AND (id <= 2342659))

table 2 : explain SELECT c FROM sbtest2 WHERE id BETWEEN 498359 AND 499358
	Bitmap Heap Scan on sbtest2  (cost=22.40..3754.76 rows=972 width=121)
	  Recheck Cond: ((id >= 498359) AND (id <= 499358))
	  ->  Bitmap Index Scan on sbtest2_pkey  (cost=0.00..22.15 rows=972 width=0)
	        Index Cond: ((id >= 498359) AND (id <= 499358))

table 3 : explain SELECT c FROM sbtest3 WHERE id BETWEEN 2029471 AND 2030470
	Bitmap Heap Scan on sbtest3  (cost=23.54..4172.42 rows=1083 width=121)
	  Recheck Cond: ((id >= 2029471) AND (id <= 2030470))
	  ->  Bitmap Index Scan on sbtest3_pkey  (cost=0.00..23.26 rows=1083 width=0)
	        Index Cond: ((id >= 2029471) AND (id <= 2030470))

table 4 : explain SELECT c FROM sbtest4 WHERE id BETWEEN 4286325 AND 4287324
	Bitmap Heap Scan on sbtest4  (cost=22.26..3706.64 rows=959 width=121)
	  Recheck Cond: ((id >= 4286325) AND (id <= 4287324))
	  ->  Bitmap Index Scan on sbtest4_pkey  (cost=0.00..22.02 rows=959 width=0)
	        Index Cond: ((id >= 4286325) AND (id <= 4287324))

table 5 : explain SELECT c FROM sbtest5 WHERE id BETWEEN 6740678 AND 6741677
	Bitmap Heap Scan on sbtest5  (cost=23.17..4038.18 rows=1047 width=121)
	  Recheck Cond: ((id >= 6740678) AND (id <= 6741677))
	  ->  Bitmap Index Scan on sbtest5_pkey  (cost=0.00..22.90 rows=1047 width=0)
	        Index Cond: ((id >= 6740678) AND (id <= 6741677))

table 6 : explain SELECT c FROM sbtest6 WHERE id BETWEEN 2868345 AND 2869344
	Bitmap Heap Scan on sbtest6  (cost=22.04..3624.39 rows=937 width=121)
	  Recheck Cond: ((id >= 2868345) AND (id <= 2869344))
	  ->  Bitmap Index Scan on sbtest6_pkey  (cost=0.00..21.80 rows=937 width=0)
	        Index Cond: ((id >= 2868345) AND (id <= 2869344))

table 7 : explain SELECT c FROM sbtest7 WHERE id BETWEEN 8426704 AND 8427703
	Bitmap Heap Scan on sbtest7  (cost=22.83..3914.69 rows=1014 width=121)
	  Recheck Cond: ((id >= 8426704) AND (id <= 8427703))
	  ->  Bitmap Index Scan on sbtest7_pkey  (cost=0.00..22.57 rows=1014 width=0)
	        Index Cond: ((id >= 8426704) AND (id <= 8427703))

table 8 : explain SELECT c FROM sbtest8 WHERE id BETWEEN 6115231 AND 6116230
	Bitmap Heap Scan on sbtest8  (cost=27.58..4193.28 rows=1087 width=121)
	  Recheck Cond: ((id >= 6115231) AND (id <= 6116230))
	  ->  Bitmap Index Scan on sbtest8_pkey  (cost=0.00..27.30 rows=1087 width=0)
	        Index Cond: ((id >= 6115231) AND (id <= 6116230))

for: simple_ranges
table 1 : explain SELECT c FROM sbtest1 WHERE id BETWEEN 5553055 AND 5554054
	Bitmap Heap Scan on sbtest1  (cost=22.24..3697.27 rows=957 width=121)
	  Recheck Cond: ((id >= 5553055) AND (id <= 5554054))
	  ->  Bitmap Index Scan on sbtest1_pkey  (cost=0.00..22.00 rows=957 width=0)
	        Index Cond: ((id >= 5553055) AND (id <= 5554054))

table 2 : explain SELECT c FROM sbtest2 WHERE id BETWEEN 4092219 AND 4093218
	Bitmap Heap Scan on sbtest2  (cost=23.11..4014.48 rows=1041 width=121)
	  Recheck Cond: ((id >= 4092219) AND (id <= 4093218))
	  ->  Bitmap Index Scan on sbtest2_pkey  (cost=0.00..22.84 rows=1041 width=0)
	        Index Cond: ((id >= 4092219) AND (id <= 4093218))

table 3 : explain SELECT c FROM sbtest3 WHERE id BETWEEN 556317 AND 557316
	Bitmap Heap Scan on sbtest3  (cost=22.51..3796.34 rows=983 width=121)
	  Recheck Cond: ((id >= 556317) AND (id <= 557316))
	  ->  Bitmap Index Scan on sbtest3_pkey  (cost=0.00..22.26 rows=983 width=0)
	        Index Cond: ((id >= 556317) AND (id <= 557316))

table 4 : explain SELECT c FROM sbtest4 WHERE id BETWEEN 1993877 AND 1994876
	Bitmap Heap Scan on sbtest4  (cost=22.80..3902.58 rows=1011 width=121)
	  Recheck Cond: ((id >= 1993877) AND (id <= 1994876))
	  ->  Bitmap Index Scan on sbtest4_pkey  (cost=0.00..22.54 rows=1011 width=0)
	        Index Cond: ((id >= 1993877) AND (id <= 1994876))

table 5 : explain SELECT c FROM sbtest5 WHERE id BETWEEN 5799086 AND 5800085
	Bitmap Heap Scan on sbtest5  (cost=21.69..3495.34 rows=903 width=121)
	  Recheck Cond: ((id >= 5799086) AND (id <= 5800085))
	  ->  Bitmap Index Scan on sbtest5_pkey  (cost=0.00..21.46 rows=903 width=0)
	        Index Cond: ((id >= 5799086) AND (id <= 5800085))

table 6 : explain SELECT c FROM sbtest6 WHERE id BETWEEN 5086499 AND 5087498
	Bitmap Heap Scan on sbtest6  (cost=22.08..3639.49 rows=941 width=121)
	  Recheck Cond: ((id >= 5086499) AND (id <= 5087498))
	  ->  Bitmap Index Scan on sbtest6_pkey  (cost=0.00..21.84 rows=941 width=0)
	        Index Cond: ((id >= 5086499) AND (id <= 5087498))

table 7 : explain SELECT c FROM sbtest7 WHERE id BETWEEN 4771543 AND 4772542
	Bitmap Heap Scan on sbtest7  (cost=22.31..3722.47 rows=963 width=121)
	  Recheck Cond: ((id >= 4771543) AND (id <= 4772542))
	  ->  Bitmap Index Scan on sbtest7_pkey  (cost=0.00..22.07 rows=963 width=0)
	        Index Cond: ((id >= 4771543) AND (id <= 4772542))

table 8 : explain SELECT c FROM sbtest8 WHERE id BETWEEN 1141468 AND 1142467
	Bitmap Heap Scan on sbtest8  (cost=27.67..4227.08 rows=1096 width=121)
	  Recheck Cond: ((id >= 1141468) AND (id <= 1142467))
	  ->  Bitmap Index Scan on sbtest8_pkey  (cost=0.00..27.39 rows=1096 width=0)
	        Index Cond: ((id >= 1141468) AND (id <= 1142467))

explain: for point_selects :: explain SELECT c FROM sbtest%u WHERE id=%u
explain: for point_selects :: explain SELECT c FROM sbtest%u WHERE id=%u
explain: for point_selects :: explain SELECT c FROM sbtest%u WHERE id=%u
for: sum_ranges
table 1 : explain SELECT SUM(k) FROM sbtest1 WHERE id BETWEEN 6462077 AND 6463076
	Aggregate  (cost=4049.84..4049.85 rows=1 width=8)
	  ->  Bitmap Heap Scan on sbtest1  (cost=23.20..4047.21 rows=1050 width=4)
	        Recheck Cond: ((id >= 6462077) AND (id <= 6463076))
	        ->  Bitmap Index Scan on sbtest1_pkey  (cost=0.00..22.93 rows=1050 width=0)
	              Index Cond: ((id >= 6462077) AND (id <= 6463076))

table 2 : explain SELECT SUM(k) FROM sbtest2 WHERE id BETWEEN 5314476 AND 5315475
	Aggregate  (cost=3655.33..3655.34 rows=1 width=8)
	  ->  Bitmap Heap Scan on sbtest2  (cost=22.12..3652.96 rows=945 width=4)
	        Recheck Cond: ((id >= 5314476) AND (id <= 5315475))
	        ->  Bitmap Index Scan on sbtest2_pkey  (cost=0.00..21.89 rows=945 width=0)
	              Index Cond: ((id >= 5314476) AND (id <= 5315475))

table 3 : explain SELECT SUM(k) FROM sbtest3 WHERE id BETWEEN 9999624 AND 10000623
	Aggregate  (cost=1308.80..1308.81 rows=1 width=8)
	  ->  Index Scan using sbtest3_pkey on sbtest3  (cost=0.43..1307.98 rows=329 width=4)
	        Index Cond: ((id >= 9999624) AND (id <= 10000623))

table 4 : explain SELECT SUM(k) FROM sbtest4 WHERE id BETWEEN 7105568 AND 7106567
	Aggregate  (cost=3697.71..3697.72 rows=1 width=8)
	  ->  Bitmap Heap Scan on sbtest4  (cost=22.23..3695.32 rows=956 width=4)
	        Recheck Cond: ((id >= 7105568) AND (id <= 7106567))
	        ->  Bitmap Index Scan on sbtest4_pkey  (cost=0.00..22.00 rows=956 width=0)
	              Index Cond: ((id >= 7105568) AND (id <= 7106567))

table 5 : explain SELECT SUM(k) FROM sbtest5 WHERE id BETWEEN 3954328 AND 3955327
	Aggregate  (cost=3803.48..3803.49 rows=1 width=8)
	  ->  Bitmap Heap Scan on sbtest5  (cost=22.52..3801.02 rows=984 width=4)
	        Recheck Cond: ((id >= 3954328) AND (id <= 3955327))
	        ->  Bitmap Index Scan on sbtest5_pkey  (cost=0.00..22.27 rows=984 width=0)
	              Index Cond: ((id >= 3954328) AND (id <= 3955327))

table 6 : explain SELECT SUM(k) FROM sbtest6 WHERE id BETWEEN 93368 AND 94367
	Aggregate  (cost=3973.78..3973.79 rows=1 width=8)
	  ->  Bitmap Heap Scan on sbtest6  (cost=22.98..3971.20 rows=1029 width=4)
	        Recheck Cond: ((id >= 93368) AND (id <= 94367))
	        ->  Bitmap Index Scan on sbtest6_pkey  (cost=0.00..22.72 rows=1029 width=0)
	              Index Cond: ((id >= 93368) AND (id <= 94367))

table 7 : explain SELECT SUM(k) FROM sbtest7 WHERE id BETWEEN 1952902 AND 1953901
	Aggregate  (cost=3883.30..3883.31 rows=1 width=8)
	  ->  Bitmap Heap Scan on sbtest7  (cost=22.74..3880.79 rows=1005 width=4)
	        Recheck Cond: ((id >= 1952902) AND (id <= 1953901))
	        ->  Bitmap Index Scan on sbtest7_pkey  (cost=0.00..22.48 rows=1005 width=0)
	              Index Cond: ((id >= 1952902) AND (id <= 1953901))

table 8 : explain SELECT SUM(k) FROM sbtest8 WHERE id BETWEEN 3457879 AND 3458878
	Aggregate  (cost=4169.68..4169.69 rows=1 width=8)
	  ->  Bitmap Heap Scan on sbtest8  (cost=27.50..4166.98 rows=1080 width=4)
	        Recheck Cond: ((id >= 3457879) AND (id <= 3458878))
	        ->  Bitmap Index Scan on sbtest8_pkey  (cost=0.00..27.23 rows=1080 width=0)
	              Index Cond: ((id >= 3457879) AND (id <= 3458878))

for point_selects
table 1 : explain SELECT c FROM sbtest1 WHERE id=954429
	Index Scan using sbtest1_pkey on sbtest1  (cost=0.43..8.45 rows=1 width=121)
	  Index Cond: (id = 954429)

table 2 : explain SELECT c FROM sbtest2 WHERE id=6690096
	Index Scan using sbtest2_pkey on sbtest2  (cost=0.43..8.45 rows=1 width=121)
	  Index Cond: (id = 6690096)

table 3 : explain SELECT c FROM sbtest3 WHERE id=7692480
	Index Scan using sbtest3_pkey on sbtest3  (cost=0.43..8.45 rows=1 width=121)
	  Index Cond: (id = 7692480)

table 4 : explain SELECT c FROM sbtest4 WHERE id=1265621
	Index Scan using sbtest4_pkey on sbtest4  (cost=0.43..8.45 rows=1 width=121)
	  Index Cond: (id = 1265621)

table 5 : explain SELECT c FROM sbtest5 WHERE id=7348985
	Index Scan using sbtest5_pkey on sbtest5  (cost=0.43..8.45 rows=1 width=121)
	  Index Cond: (id = 7348985)

table 6 : explain SELECT c FROM sbtest6 WHERE id=8181075
	Index Scan using sbtest6_pkey on sbtest6  (cost=0.43..8.45 rows=1 width=121)
	  Index Cond: (id = 8181075)

table 7 : explain SELECT c FROM sbtest7 WHERE id=4373545
	Index Scan using sbtest7_pkey on sbtest7  (cost=0.43..8.45 rows=1 width=121)
	  Index Cond: (id = 4373545)

table 8 : explain SELECT c FROM sbtest8 WHERE id=8509568
	Index Scan using sbtest8_pkey on sbtest8  (cost=0.43..8.45 rows=1 width=121)
	  Index Cond: (id = 8509568)

for point_selects
table 1 : explain SELECT c FROM sbtest1 WHERE id=1975087
	Index Scan using sbtest1_pkey on sbtest1  (cost=0.43..8.45 rows=1 width=121)
	  Index Cond: (id = 1975087)

table 2 : explain SELECT c FROM sbtest2 WHERE id=876061
	Index Scan using sbtest2_pkey on sbtest2  (cost=0.43..8.45 rows=1 width=121)
	  Index Cond: (id = 876061)

table 3 : explain SELECT c FROM sbtest3 WHERE id=4658220
	Index Scan using sbtest3_pkey on sbtest3  (cost=0.43..8.45 rows=1 width=121)
	  Index Cond: (id = 4658220)

table 4 : explain SELECT c FROM sbtest4 WHERE id=6566915
	Index Scan using sbtest4_pkey on sbtest4  (cost=0.43..8.45 rows=1 width=121)
	  Index Cond: (id = 6566915)

table 5 : explain SELECT c FROM sbtest5 WHERE id=647553
	Index Scan using sbtest5_pkey on sbtest5  (cost=0.43..8.45 rows=1 width=121)
	  Index Cond: (id = 647553)

table 6 : explain SELECT c FROM sbtest6 WHERE id=5913593
	Index Scan using sbtest6_pkey on sbtest6  (cost=0.43..8.45 rows=1 width=121)
	  Index Cond: (id = 5913593)

table 7 : explain SELECT c FROM sbtest7 WHERE id=2220547
	Index Scan using sbtest7_pkey on sbtest7  (cost=0.43..8.45 rows=1 width=121)
	  Index Cond: (id = 2220547)

table 8 : explain SELECT c FROM sbtest8 WHERE id=4264982
	Index Scan using sbtest8_pkey on sbtest8  (cost=0.43..8.45 rows=1 width=121)
	  Index Cond: (id = 4264982)

explain: for point_selects :: explain SELECT c FROM sbtest%u WHERE id=%u
for point_selects
table 1 : explain SELECT c FROM sbtest1 WHERE id=3141995
	Index Scan using sbtest1_pkey on sbtest1  (cost=0.43..8.45 rows=1 width=121)
	  Index Cond: (id = 3141995)

table 2 : explain SELECT c FROM sbtest2 WHERE id=4059157
	Index Scan using sbtest2_pkey on sbtest2  (cost=0.43..8.45 rows=1 width=121)
	  Index Cond: (id = 4059157)

table 3 : explain SELECT c FROM sbtest3 WHERE id=7343786
	Index Scan using sbtest3_pkey on sbtest3  (cost=0.43..8.45 rows=1 width=121)
	  Index Cond: (id = 7343786)

table 4 : explain SELECT c FROM sbtest4 WHERE id=1711302
	Index Scan using sbtest4_pkey on sbtest4  (cost=0.43..8.45 rows=1 width=121)
	  Index Cond: (id = 1711302)

table 5 : explain SELECT c FROM sbtest5 WHERE id=6447880
	Index Scan using sbtest5_pkey on sbtest5  (cost=0.43..8.45 rows=1 width=121)
	  Index Cond: (id = 6447880)

table 6 : explain SELECT c FROM sbtest6 WHERE id=8609875
	Index Scan using sbtest6_pkey on sbtest6  (cost=0.43..8.45 rows=1 width=121)
	  Index Cond: (id = 8609875)

table 7 : explain SELECT c FROM sbtest7 WHERE id=4358935
	Index Scan using sbtest7_pkey on sbtest7  (cost=0.43..8.45 rows=1 width=121)
	  Index Cond: (id = 4358935)

table 8 : explain SELECT c FROM sbtest8 WHERE id=7775645
	Index Scan using sbtest8_pkey on sbtest8  (cost=0.43..8.45 rows=1 width=121)
	  Index Cond: (id = 7775645)

for: simple_ranges
table 1 : explain SELECT c FROM sbtest1 WHERE id BETWEEN 9814612 AND 9815611
	Bitmap Heap Scan on sbtest1  (cost=22.18..3674.65 rows=951 width=121)
	  Recheck Cond: ((id >= 9814612) AND (id <= 9815611))
	  ->  Bitmap Index Scan on sbtest1_pkey  (cost=0.00..21.94 rows=951 width=0)
	        Index Cond: ((id >= 9814612) AND (id <= 9815611))

table 2 : explain SELECT c FROM sbtest2 WHERE id BETWEEN 928787 AND 929786
	Bitmap Heap Scan on sbtest2  (cost=22.73..3875.29 rows=1004 width=121)
	  Recheck Cond: ((id >= 928787) AND (id <= 929786))
	  ->  Bitmap Index Scan on sbtest2_pkey  (cost=0.00..22.47 rows=1004 width=0)
	        Index Cond: ((id >= 928787) AND (id <= 929786))

table 3 : explain SELECT c FROM sbtest3 WHERE id BETWEEN 9424009 AND 9425008
	Bitmap Heap Scan on sbtest3  (cost=22.39..3751.12 rows=971 width=121)
	  Recheck Cond: ((id >= 9424009) AND (id <= 9425008))
	  ->  Bitmap Index Scan on sbtest3_pkey  (cost=0.00..22.14 rows=971 width=0)
	        Index Cond: ((id >= 9424009) AND (id <= 9425008))

table 4 : explain SELECT c FROM sbtest4 WHERE id BETWEEN 2970012 AND 2971011
	Bitmap Heap Scan on sbtest4  (cost=22.57..3819.73 rows=989 width=121)
	  Recheck Cond: ((id >= 2970012) AND (id <= 2971011))
	  ->  Bitmap Index Scan on sbtest4_pkey  (cost=0.00..22.32 rows=989 width=0)
	        Index Cond: ((id >= 2970012) AND (id <= 2971011))

table 5 : explain SELECT c FROM sbtest5 WHERE id BETWEEN 8931489 AND 8932488
	Bitmap Heap Scan on sbtest5  (cost=22.53..3804.79 rows=985 width=121)
	  Recheck Cond: ((id >= 8931489) AND (id <= 8932488))
	  ->  Bitmap Index Scan on sbtest5_pkey  (cost=0.00..22.29 rows=985 width=0)
	        Index Cond: ((id >= 8931489) AND (id <= 8932488))

table 6 : explain SELECT c FROM sbtest6 WHERE id BETWEEN 2805289 AND 2806288
	Bitmap Heap Scan on sbtest6  (cost=22.36..3741.38 rows=968 width=121)
	  Recheck Cond: ((id >= 2805289) AND (id <= 2806288))
	  ->  Bitmap Index Scan on sbtest6_pkey  (cost=0.00..22.11 rows=968 width=0)
	        Index Cond: ((id >= 2805289) AND (id <= 2806288))

table 7 : explain SELECT c FROM sbtest7 WHERE id BETWEEN 4939823 AND 4940822
	Bitmap Heap Scan on sbtest7  (cost=23.06..4001.26 rows=1037 width=121)
	  Recheck Cond: ((id >= 4939823) AND (id <= 4940822))
	  ->  Bitmap Index Scan on sbtest7_pkey  (cost=0.00..22.80 rows=1037 width=0)
	        Index Cond: ((id >= 4939823) AND (id <= 4940822))

table 8 : explain SELECT c FROM sbtest8 WHERE id BETWEEN 9631434 AND 9632433
	Bitmap Heap Scan on sbtest8  (cost=22.58..3824.31 rows=990 width=121)
	  Recheck Cond: ((id >= 9631434) AND (id <= 9632433))
	  ->  Bitmap Index Scan on sbtest8_pkey  (cost=0.00..22.33 rows=990 width=0)
	        Index Cond: ((id >= 9631434) AND (id <= 9632433))

for: simple_ranges
table 1 : explain SELECT c FROM sbtest1 WHERE id BETWEEN 416998 AND 417997
	Bitmap Heap Scan on sbtest1  (cost=22.97..3964.53 rows=1028 width=121)
	  Recheck Cond: ((id >= 416998) AND (id <= 417997))
	  ->  Bitmap Index Scan on sbtest1_pkey  (cost=0.00..22.71 rows=1028 width=0)
	        Index Cond: ((id >= 416998) AND (id <= 417997))

table 2 : explain SELECT c FROM sbtest2 WHERE id BETWEEN 8178465 AND 8179464
	Bitmap Heap Scan on sbtest2  (cost=23.32..4093.40 rows=1062 width=121)
	  Recheck Cond: ((id >= 8178465) AND (id <= 8179464))
	  ->  Bitmap Index Scan on sbtest2_pkey  (cost=0.00..23.05 rows=1062 width=0)
	        Index Cond: ((id >= 8178465) AND (id <= 8179464))

table 3 : explain SELECT c FROM sbtest3 WHERE id BETWEEN 9097662 AND 9098661
	Bitmap Heap Scan on sbtest3  (cost=22.51..3796.34 rows=983 width=121)
	  Recheck Cond: ((id >= 9097662) AND (id <= 9098661))
	  ->  Bitmap Index Scan on sbtest3_pkey  (cost=0.00..22.26 rows=983 width=0)
	        Index Cond: ((id >= 9097662) AND (id <= 9098661))

table 4 : explain SELECT c FROM sbtest4 WHERE id BETWEEN 3851505 AND 3852504
	Bitmap Heap Scan on sbtest4  (cost=22.79..3898.82 rows=1010 width=121)
	  Recheck Cond: ((id >= 3851505) AND (id <= 3852504))
	  ->  Bitmap Index Scan on sbtest4_pkey  (cost=0.00..22.54 rows=1010 width=0)
	        Index Cond: ((id >= 3851505) AND (id <= 3852504))

table 5 : explain SELECT c FROM sbtest5 WHERE id BETWEEN 8230163 AND 8231162
	Bitmap Heap Scan on sbtest5  (cost=22.35..3736.94 rows=967 width=121)
	  Recheck Cond: ((id >= 8230163) AND (id <= 8231162))
	  ->  Bitmap Index Scan on sbtest5_pkey  (cost=0.00..22.11 rows=967 width=0)
	        Index Cond: ((id >= 8230163) AND (id <= 8231162))

table 6 : explain SELECT c FROM sbtest6 WHERE id BETWEEN 7590269 AND 7591268
	Bitmap Heap Scan on sbtest6  (cost=22.74..3880.84 rows=1005 width=121)
	  Recheck Cond: ((id >= 7590269) AND (id <= 7591268))
	  ->  Bitmap Index Scan on sbtest6_pkey  (cost=0.00..22.48 rows=1005 width=0)
	        Index Cond: ((id >= 7590269) AND (id <= 7591268))

table 7 : explain SELECT c FROM sbtest7 WHERE id BETWEEN 1723044 AND 1724043
	Bitmap Heap Scan on sbtest7  (cost=21.55..3442.96 rows=889 width=121)
	  Recheck Cond: ((id >= 1723044) AND (id <= 1724043))
	  ->  Bitmap Index Scan on sbtest7_pkey  (cost=0.00..21.32 rows=889 width=0)
	        Index Cond: ((id >= 1723044) AND (id <= 1724043))

table 8 : explain SELECT c FROM sbtest8 WHERE id BETWEEN 6337276 AND 6338275
	Bitmap Heap Scan on sbtest8  (cost=22.74..3880.83 rows=1005 width=121)
	  Recheck Cond: ((id >= 6337276) AND (id <= 6338275))
	  ->  Bitmap Index Scan on sbtest8_pkey  (cost=0.00..22.48 rows=1005 width=0)
	        Index Cond: ((id >= 6337276) AND (id <= 6338275))

for: sum_ranges
table 1 : explain SELECT SUM(k) FROM sbtest1 WHERE id BETWEEN 6296832 AND 6297831
	Aggregate  (cost=3643.07..3643.08 rows=1 width=8)
	  ->  Bitmap Heap Scan on sbtest1  (cost=22.09..3640.72 rows=942 width=4)
	        Recheck Cond: ((id >= 6296832) AND (id <= 6297831))
	        ->  Bitmap Index Scan on sbtest1_pkey  (cost=0.00..21.86 rows=942 width=0)
	              Index Cond: ((id >= 6296832) AND (id <= 6297831))

table 2 : explain SELECT SUM(k) FROM sbtest2 WHERE id BETWEEN 1829921 AND 1830920
	Aggregate  (cost=3956.87..3956.88 rows=1 width=8)
	  ->  Bitmap Heap Scan on sbtest2  (cost=22.94..3954.31 rows=1025 width=4)
	        Recheck Cond: ((id >= 1829921) AND (id <= 1830920))
	        ->  Bitmap Index Scan on sbtest2_pkey  (cost=0.00..22.68 rows=1025 width=0)
	              Index Cond: ((id >= 1829921) AND (id <= 1830920))

table 3 : explain SELECT SUM(k) FROM sbtest3 WHERE id BETWEEN 647706 AND 648705
	Aggregate  (cost=3802.57..3802.58 rows=1 width=8)
	  ->  Bitmap Heap Scan on sbtest3  (cost=22.52..3800.11 rows=984 width=4)
	        Recheck Cond: ((id >= 647706) AND (id <= 648705))
	        ->  Bitmap Index Scan on sbtest3_pkey  (cost=0.00..22.27 rows=984 width=0)
	              Index Cond: ((id >= 647706) AND (id <= 648705))

table 4 : explain SELECT SUM(k) FROM sbtest4 WHERE id BETWEEN 4703023 AND 4704022
	Aggregate  (cost=4055.70..4055.71 rows=1 width=8)
	  ->  Bitmap Heap Scan on sbtest4  (cost=23.21..4053.07 rows=1051 width=4)
	        Recheck Cond: ((id >= 4703023) AND (id <= 4704022))
	        ->  Bitmap Index Scan on sbtest4_pkey  (cost=0.00..22.94 rows=1051 width=0)
	              Index Cond: ((id >= 4703023) AND (id <= 4704022))

table 5 : explain SELECT SUM(k) FROM sbtest5 WHERE id BETWEEN 5157005 AND 5158004
	Aggregate  (cost=4100.99..4101.00 rows=1 width=8)
	  ->  Bitmap Heap Scan on sbtest5  (cost=23.33..4098.33 rows=1063 width=4)
	        Recheck Cond: ((id >= 5157005) AND (id <= 5158004))
	        ->  Bitmap Index Scan on sbtest5_pkey  (cost=0.00..23.07 rows=1063 width=0)
	              Index Cond: ((id >= 5157005) AND (id <= 5158004))

table 6 : explain SELECT SUM(k) FROM sbtest6 WHERE id BETWEEN 7625859 AND 7626858
	Aggregate  (cost=3883.35..3883.36 rows=1 width=8)
	  ->  Bitmap Heap Scan on sbtest6  (cost=22.74..3880.84 rows=1005 width=4)
	        Recheck Cond: ((id >= 7625859) AND (id <= 7626858))
	        ->  Bitmap Index Scan on sbtest6_pkey  (cost=0.00..22.48 rows=1005 width=0)
	              Index Cond: ((id >= 7625859) AND (id <= 7626858))

table 7 : explain SELECT SUM(k) FROM sbtest7 WHERE id BETWEEN 8466826 AND 8467825
	Aggregate  (cost=3917.22..3917.23 rows=1 width=8)
	  ->  Bitmap Heap Scan on sbtest7  (cost=22.83..3914.69 rows=1014 width=4)
	        Recheck Cond: ((id >= 8466826) AND (id <= 8467825))
	        ->  Bitmap Index Scan on sbtest7_pkey  (cost=0.00..22.57 rows=1014 width=0)
	              Index Cond: ((id >= 8466826) AND (id <= 8467825))

table 8 : explain SELECT SUM(k) FROM sbtest8 WHERE id BETWEEN 9801036 AND 9802035
	Aggregate  (cost=3736.24..3736.25 rows=1 width=8)
	  ->  Bitmap Heap Scan on sbtest8  (cost=22.34..3733.82 rows=966 width=4)
	        Recheck Cond: ((id >= 9801036) AND (id <= 9802035))
	        ->  Bitmap Index Scan on sbtest8_pkey  (cost=0.00..22.09 rows=966 width=0)
	              Index Cond: ((id >= 9801036) AND (id <= 9802035))

for: simple_ranges
table 1 : explain SELECT c FROM sbtest1 WHERE id BETWEEN 6036152 AND 6037151
	Bitmap Heap Scan on sbtest1  (cost=21.90..3569.04 rows=923 width=121)
	  Recheck Cond: ((id >= 6036152) AND (id <= 6037151))
	  ->  Bitmap Index Scan on sbtest1_pkey  (cost=0.00..21.66 rows=923 width=0)
	        Index Cond: ((id >= 6036152) AND (id <= 6037151))

table 2 : explain SELECT c FROM sbtest2 WHERE id BETWEEN 8923618 AND 8924617
	Bitmap Heap Scan on sbtest2  (cost=23.00..3976.87 rows=1031 width=121)
	  Recheck Cond: ((id >= 8923618) AND (id <= 8924617))
	  ->  Bitmap Index Scan on sbtest2_pkey  (cost=0.00..22.75 rows=1031 width=0)
	        Index Cond: ((id >= 8923618) AND (id <= 8924617))

table 3 : explain SELECT c FROM sbtest3 WHERE id BETWEEN 4606718 AND 4607717
	Bitmap Heap Scan on sbtest3  (cost=22.07..3634.23 rows=940 width=121)
	  Recheck Cond: ((id >= 4606718) AND (id <= 4607717))
	  ->  Bitmap Index Scan on sbtest3_pkey  (cost=0.00..21.83 rows=940 width=0)
	        Index Cond: ((id >= 4606718) AND (id <= 4607717))

table 4 : explain SELECT c FROM sbtest4 WHERE id BETWEEN 2123605 AND 2124604
	Bitmap Heap Scan on sbtest4  (cost=22.86..3925.17 rows=1017 width=121)
	  Recheck Cond: ((id >= 2123605) AND (id <= 2124604))
	  ->  Bitmap Index Scan on sbtest4_pkey  (cost=0.00..22.61 rows=1017 width=0)
	        Index Cond: ((id >= 2123605) AND (id <= 2124604))

table 5 : explain SELECT c FROM sbtest5 WHERE id BETWEEN 5642096 AND 5643095
	Bitmap Heap Scan on sbtest5  (cost=23.08..4008.09 rows=1039 width=121)
	  Recheck Cond: ((id >= 5642096) AND (id <= 5643095))
	  ->  Bitmap Index Scan on sbtest5_pkey  (cost=0.00..22.82 rows=1039 width=0)
	        Index Cond: ((id >= 5642096) AND (id <= 5643095))

table 6 : explain SELECT c FROM sbtest6 WHERE id BETWEEN 6789360 AND 6790359
	Bitmap Heap Scan on sbtest6  (cost=27.83..4283.43 rows=1112 width=121)
	  Recheck Cond: ((id >= 6789360) AND (id <= 6790359))
	  ->  Bitmap Index Scan on sbtest6_pkey  (cost=0.00..27.55 rows=1112 width=0)
	        Index Cond: ((id >= 6789360) AND (id <= 6790359))

table 7 : explain SELECT c FROM sbtest7 WHERE id BETWEEN 6077148 AND 6078147
	Bitmap Heap Scan on sbtest7  (cost=22.92..3948.57 rows=1023 width=121)
	  Recheck Cond: ((id >= 6077148) AND (id <= 6078147))
	  ->  Bitmap Index Scan on sbtest7_pkey  (cost=0.00..22.66 rows=1023 width=0)
	        Index Cond: ((id >= 6077148) AND (id <= 6078147))

table 8 : explain SELECT c FROM sbtest8 WHERE id BETWEEN 2078067 AND 2079066
	Bitmap Heap Scan on sbtest8  (cost=21.99..3605.50 rows=932 width=121)
	  Recheck Cond: ((id >= 2078067) AND (id <= 2079066))
	  ->  Bitmap Index Scan on sbtest8_pkey  (cost=0.00..21.75 rows=932 width=0)
	        Index Cond: ((id >= 2078067) AND (id <= 2079066))

for: sum_ranges
table 1 : explain SELECT SUM(k) FROM sbtest1 WHERE id BETWEEN 7161110 AND 7162109
	Aggregate  (cost=3899.36..3899.37 rows=1 width=8)
	  ->  Bitmap Heap Scan on sbtest1  (cost=22.79..3896.84 rows=1010 width=4)
	        Recheck Cond: ((id >= 7161110) AND (id <= 7162109))
	        ->  Bitmap Index Scan on sbtest1_pkey  (cost=0.00..22.54 rows=1010 width=0)
	              Index Cond: ((id >= 7161110) AND (id <= 7162109))

table 2 : explain SELECT SUM(k) FROM sbtest2 WHERE id BETWEEN 1804477 AND 1805476
	Aggregate  (cost=3956.87..3956.88 rows=1 width=8)
	  ->  Bitmap Heap Scan on sbtest2  (cost=22.94..3954.31 rows=1025 width=4)
	        Recheck Cond: ((id >= 1804477) AND (id <= 1805476))
	        ->  Bitmap Index Scan on sbtest2_pkey  (cost=0.00..22.68 rows=1025 width=0)
	              Index Cond: ((id >= 1804477) AND (id <= 1805476))

table 3 : explain SELECT SUM(k) FROM sbtest3 WHERE id BETWEEN 3805029 AND 3806028
	Aggregate  (cost=4017.22..4017.23 rows=1 width=8)
	  ->  Bitmap Heap Scan on sbtest3  (cost=23.11..4014.62 rows=1041 width=4)
	        Recheck Cond: ((id >= 3805029) AND (id <= 3806028))
	        ->  Bitmap Index Scan on sbtest3_pkey  (cost=0.00..22.84 rows=1041 width=0)
	              Index Cond: ((id >= 3805029) AND (id <= 3806028))

table 4 : explain SELECT SUM(k) FROM sbtest4 WHERE id BETWEEN 3867818 AND 3868817
	Aggregate  (cost=3901.34..3901.35 rows=1 width=8)
	  ->  Bitmap Heap Scan on sbtest4  (cost=22.79..3898.82 rows=1010 width=4)
	        Recheck Cond: ((id >= 3867818) AND (id <= 3868817))
	        ->  Bitmap Index Scan on sbtest4_pkey  (cost=0.00..22.54 rows=1010 width=0)
	              Index Cond: ((id >= 3867818) AND (id <= 3868817))

table 5 : explain SELECT SUM(k) FROM sbtest5 WHERE id BETWEEN 1636858 AND 1637857
	Aggregate  (cost=3671.41..3671.42 rows=1 width=8)
	  ->  Bitmap Heap Scan on sbtest5  (cost=22.16..3669.04 rows=949 width=4)
	        Recheck Cond: ((id >= 1636858) AND (id <= 1637857))
	        ->  Bitmap Index Scan on sbtest5_pkey  (cost=0.00..21.93 rows=949 width=0)
	              Index Cond: ((id >= 1636858) AND (id <= 1637857))

table 6 : explain SELECT SUM(k) FROM sbtest6 WHERE id BETWEEN 5192961 AND 5193960
	Aggregate  (cost=3668.29..3668.30 rows=1 width=8)
	  ->  Bitmap Heap Scan on sbtest6  (cost=22.15..3665.92 rows=948 width=4)
	        Recheck Cond: ((id >= 5192961) AND (id <= 5193960))
	        ->  Bitmap Index Scan on sbtest6_pkey  (cost=0.00..21.91 rows=948 width=0)
	              Index Cond: ((id >= 5192961) AND (id <= 5193960))

table 7 : explain SELECT SUM(k) FROM sbtest7 WHERE id BETWEEN 8082859 AND 8083858
	Aggregate  (cost=3585.12..3585.13 rows=1 width=8)
	  ->  Bitmap Heap Scan on sbtest7  (cost=21.93..3582.81 rows=926 width=4)
	        Recheck Cond: ((id >= 8082859) AND (id <= 8083858))
	        ->  Bitmap Index Scan on sbtest7_pkey  (cost=0.00..21.69 rows=926 width=0)
	              Index Cond: ((id >= 8082859) AND (id <= 8083858))

table 8 : explain SELECT SUM(k) FROM sbtest8 WHERE id BETWEEN 6245218 AND 6246217
	Aggregate  (cost=3653.17..3653.18 rows=1 width=8)
	  ->  Bitmap Heap Scan on sbtest8  (cost=22.11..3650.81 rows=944 width=4)
	        Recheck Cond: ((id >= 6245218) AND (id <= 6246217))
	        ->  Bitmap Index Scan on sbtest8_pkey  (cost=0.00..21.87 rows=944 width=0)
	              Index Cond: ((id >= 6245218) AND (id <= 6246217))

for: sum_ranges
table 1 : explain SELECT SUM(k) FROM sbtest1 WHERE id BETWEEN 1540518 AND 1541517
	Aggregate  (cost=4053.60..4053.61 rows=1 width=8)
	  ->  Bitmap Heap Scan on sbtest1  (cost=23.21..4050.97 rows=1051 width=4)
	        Recheck Cond: ((id >= 1540518) AND (id <= 1541517))
	        ->  Bitmap Index Scan on sbtest1_pkey  (cost=0.00..22.94 rows=1051 width=0)
	              Index Cond: ((id >= 1540518) AND (id <= 1541517))

table 2 : explain SELECT SUM(k) FROM sbtest2 WHERE id BETWEEN 2871865 AND 2872864
	Aggregate  (cost=3655.33..3655.34 rows=1 width=8)
	  ->  Bitmap Heap Scan on sbtest2  (cost=22.12..3652.96 rows=945 width=4)
	        Recheck Cond: ((id >= 2871865) AND (id <= 2872864))
	        ->  Bitmap Index Scan on sbtest2_pkey  (cost=0.00..21.89 rows=945 width=0)
	              Index Cond: ((id >= 2871865) AND (id <= 2872864))

table 3 : explain SELECT SUM(k) FROM sbtest3 WHERE id BETWEEN 824606 AND 825605
	Aggregate  (cost=3417.37..3417.38 rows=1 width=8)
	  ->  Bitmap Heap Scan on sbtest3  (cost=21.48..3415.17 rows=882 width=4)
	        Recheck Cond: ((id >= 824606) AND (id <= 825605))
	        ->  Bitmap Index Scan on sbtest3_pkey  (cost=0.00..21.25 rows=882 width=0)
	              Index Cond: ((id >= 824606) AND (id <= 825605))

table 4 : explain SELECT SUM(k) FROM sbtest4 WHERE id BETWEEN 5634207 AND 5635206
	Aggregate  (cost=4390.32..4390.33 rows=1 width=8)
	  ->  Bitmap Heap Scan on sbtest4  (cost=28.12..4387.47 rows=1140 width=4)
	        Recheck Cond: ((id >= 5634207) AND (id <= 5635206))
	        ->  Bitmap Index Scan on sbtest4_pkey  (cost=0.00..27.83 rows=1140 width=0)
	              Index Cond: ((id >= 5634207) AND (id <= 5635206))

table 5 : explain SELECT SUM(k) FROM sbtest5 WHERE id BETWEEN 7304788 AND 7305787
	Aggregate  (cost=3750.67..3750.68 rows=1 width=8)
	  ->  Bitmap Heap Scan on sbtest5  (cost=22.38..3748.25 rows=970 width=4)
	        Recheck Cond: ((id >= 7304788) AND (id <= 7305787))
	        ->  Bitmap Index Scan on sbtest5_pkey  (cost=0.00..22.14 rows=970 width=0)
	              Index Cond: ((id >= 7304788) AND (id <= 7305787))

table 6 : explain SELECT SUM(k) FROM sbtest6 WHERE id BETWEEN 7234689 AND 7235688
	Aggregate  (cost=3887.12..3887.13 rows=1 width=8)
	  ->  Bitmap Heap Scan on sbtest6  (cost=22.75..3884.60 rows=1006 width=4)
	        Recheck Cond: ((id >= 7234689) AND (id <= 7235688))
	        ->  Bitmap Index Scan on sbtest6_pkey  (cost=0.00..22.50 rows=1006 width=0)
	              Index Cond: ((id >= 7234689) AND (id <= 7235688))

table 7 : explain SELECT SUM(k) FROM sbtest7 WHERE id BETWEEN 7480066 AND 7481065
	Aggregate  (cost=4090.42..4090.43 rows=1 width=8)
	  ->  Bitmap Heap Scan on sbtest7  (cost=23.30..4087.77 rows=1060 width=4)
	        Recheck Cond: ((id >= 7480066) AND (id <= 7481065))
	        ->  Bitmap Index Scan on sbtest7_pkey  (cost=0.00..23.04 rows=1060 width=0)
	              Index Cond: ((id >= 7480066) AND (id <= 7481065))

table 8 : explain SELECT SUM(k) FROM sbtest8 WHERE id BETWEEN 9617509 AND 9618508
	Aggregate  (cost=3826.79..3826.80 rows=1 width=8)
	  ->  Bitmap Heap Scan on sbtest8  (cost=22.58..3824.31 rows=990 width=4)
	        Recheck Cond: ((id >= 9617509) AND (id <= 9618508))
	        ->  Bitmap Index Scan on sbtest8_pkey  (cost=0.00..22.33 rows=990 width=0)
	              Index Cond: ((id >= 9617509) AND (id <= 9618508))

explain: for point_selects :: explain SELECT c FROM sbtest%u WHERE id=%u
for: sum_ranges
table 1 : explain SELECT SUM(k) FROM sbtest1 WHERE id BETWEEN 4202878 AND 4203877
	Aggregate  (cost=3955.81..3955.82 rows=1 width=8)
	  ->  Bitmap Heap Scan on sbtest1  (cost=22.94..3953.25 rows=1025 width=4)
	        Recheck Cond: ((id >= 4202878) AND (id <= 4203877))
	        ->  Bitmap Index Scan on sbtest1_pkey  (cost=0.00..22.68 rows=1025 width=0)
	              Index Cond: ((id >= 4202878) AND (id <= 4203877))

table 2 : explain SELECT SUM(k) FROM sbtest2 WHERE id BETWEEN 4639809 AND 4640808
	Aggregate  (cost=3794.89..3794.90 rows=1 width=8)
	  ->  Bitmap Heap Scan on sbtest2  (cost=22.50..3792.44 rows=982 width=4)
	        Recheck Cond: ((id >= 4639809) AND (id <= 4640808))
	        ->  Bitmap Index Scan on sbtest2_pkey  (cost=0.00..22.25 rows=982 width=0)
	              Index Cond: ((id >= 4639809) AND (id <= 4640808))

table 3 : explain SELECT SUM(k) FROM sbtest3 WHERE id BETWEEN 5775758 AND 5776757
	Aggregate  (cost=3636.58..3636.59 rows=1 width=8)
	  ->  Bitmap Heap Scan on sbtest3  (cost=22.07..3634.23 rows=940 width=4)
	        Recheck Cond: ((id >= 5775758) AND (id <= 5776757))
	        ->  Bitmap Index Scan on sbtest3_pkey  (cost=0.00..21.83 rows=940 width=0)
	              Index Cond: ((id >= 5775758) AND (id <= 5776757))

table 4 : explain SELECT SUM(k) FROM sbtest4 WHERE id BETWEEN 7776337 AND 7777336
	Aggregate  (cost=3565.52..3565.53 rows=1 width=8)
	  ->  Bitmap Heap Scan on sbtest4  (cost=21.88..3563.22 rows=921 width=4)
	        Recheck Cond: ((id >= 7776337) AND (id <= 7777336))
	        ->  Bitmap Index Scan on sbtest4_pkey  (cost=0.00..21.64 rows=921 width=0)
	              Index Cond: ((id >= 7776337) AND (id <= 7777336))

table 5 : explain SELECT SUM(k) FROM sbtest5 WHERE id BETWEEN 1843933 AND 1844932
	Aggregate  (cost=3980.57..3980.58 rows=1 width=8)
	  ->  Bitmap Heap Scan on sbtest5  (cost=23.00..3978.00 rows=1031 width=4)
	        Recheck Cond: ((id >= 1843933) AND (id <= 1844932))
	        ->  Bitmap Index Scan on sbtest5_pkey  (cost=0.00..22.75 rows=1031 width=0)
	              Index Cond: ((id >= 1843933) AND (id <= 1844932))

table 6 : explain SELECT SUM(k) FROM sbtest6 WHERE id BETWEEN 7404505 AND 7405504
	Aggregate  (cost=3943.64..3943.65 rows=1 width=8)
	  ->  Bitmap Heap Scan on sbtest6  (cost=22.90..3941.09 rows=1021 width=4)
	        Recheck Cond: ((id >= 7404505) AND (id <= 7405504))
	        ->  Bitmap Index Scan on sbtest6_pkey  (cost=0.00..22.64 rows=1021 width=0)
	              Index Cond: ((id >= 7404505) AND (id <= 7405504))

table 7 : explain SELECT SUM(k) FROM sbtest7 WHERE id BETWEEN 1676154 AND 1677153
	Aggregate  (cost=3773.94..3773.95 rows=1 width=8)
	  ->  Bitmap Heap Scan on sbtest7  (cost=22.44..3771.50 rows=976 width=4)
	        Recheck Cond: ((id >= 1676154) AND (id <= 1677153))
	        ->  Bitmap Index Scan on sbtest7_pkey  (cost=0.00..22.19 rows=976 width=0)
	              Index Cond: ((id >= 1676154) AND (id <= 1677153))

table 8 : explain SELECT SUM(k) FROM sbtest8 WHERE id BETWEEN 8515149 AND 8516148
	Aggregate  (cost=4067.88..4067.89 rows=1 width=8)
	  ->  Bitmap Heap Scan on sbtest8  (cost=23.24..4065.25 rows=1054 width=4)
	        Recheck Cond: ((id >= 8515149) AND (id <= 8516148))
	        ->  Bitmap Index Scan on sbtest8_pkey  (cost=0.00..22.97 rows=1054 width=0)
	              Index Cond: ((id >= 8515149) AND (id <= 8516148))

for point_selects
table 1 : explain SELECT c FROM sbtest1 WHERE id=2651333
	Index Scan using sbtest1_pkey on sbtest1  (cost=0.43..8.45 rows=1 width=121)
	  Index Cond: (id = 2651333)

table 2 : explain SELECT c FROM sbtest2 WHERE id=7609001
	Index Scan using sbtest2_pkey on sbtest2  (cost=0.43..8.45 rows=1 width=121)
	  Index Cond: (id = 7609001)

table 3 : explain SELECT c FROM sbtest3 WHERE id=7321077
	Index Scan using sbtest3_pkey on sbtest3  (cost=0.43..8.45 rows=1 width=121)
	  Index Cond: (id = 7321077)

table 4 : explain SELECT c FROM sbtest4 WHERE id=9150265
	Index Scan using sbtest4_pkey on sbtest4  (cost=0.43..8.45 rows=1 width=121)
	  Index Cond: (id = 9150265)

table 5 : explain SELECT c FROM sbtest5 WHERE id=1688773
	Index Scan using sbtest5_pkey on sbtest5  (cost=0.43..8.45 rows=1 width=121)
	  Index Cond: (id = 1688773)

table 6 : explain SELECT c FROM sbtest6 WHERE id=6456986
	Index Scan using sbtest6_pkey on sbtest6  (cost=0.43..8.45 rows=1 width=121)
	  Index Cond: (id = 6456986)

table 7 : explain SELECT c FROM sbtest7 WHERE id=6958428
	Index Scan using sbtest7_pkey on sbtest7  (cost=0.43..8.45 rows=1 width=121)
	  Index Cond: (id = 6958428)

table 8 : explain SELECT c FROM sbtest8 WHERE id=1754852
	Index Scan using sbtest8_pkey on sbtest8  (cost=0.43..8.45 rows=1 width=121)
	  Index Cond: (id = 1754852)

explain: for point_selects :: explain SELECT c FROM sbtest%u WHERE id=%u
for: order_ranges
table 1 : explain SELECT c FROM sbtest1 WHERE id BETWEEN 2548787 AND 2549786 ORDER BY c
	Sort  (cost=4477.20..4480.07 rows=1149 width=121)
	  Sort Key: c
	  ->  Bitmap Heap Scan on sbtest1  (cost=28.21..4418.80 rows=1149 width=121)
	        Recheck Cond: ((id >= 2548787) AND (id <= 2549786))
	        ->  Bitmap Index Scan on sbtest1_pkey  (cost=0.00..27.93 rows=1149 width=0)
	              Index Cond: ((id >= 2548787) AND (id <= 2549786))

table 2 : explain SELECT c FROM sbtest2 WHERE id BETWEEN 5654835 AND 5655834 ORDER BY c
	Sort  (cost=3803.00..3805.43 rows=972 width=121)
	  Sort Key: c
	  ->  Bitmap Heap Scan on sbtest2  (cost=22.40..3754.76 rows=972 width=121)
	        Recheck Cond: ((id >= 5654835) AND (id <= 5655834))
	        ->  Bitmap Index Scan on sbtest2_pkey  (cost=0.00..22.15 rows=972 width=0)
	              Index Cond: ((id >= 5654835) AND (id <= 5655834))

table 3 : explain SELECT c FROM sbtest3 WHERE id BETWEEN 6754887 AND 6755886 ORDER BY c
	Sort  (cost=3780.17..3782.59 rows=966 width=121)
	  Sort Key: c
	  ->  Bitmap Heap Scan on sbtest3  (cost=22.34..3732.28 rows=966 width=121)
	        Recheck Cond: ((id >= 6754887) AND (id <= 6755886))
	        ->  Bitmap Index Scan on sbtest3_pkey  (cost=0.00..22.09 rows=966 width=0)
	              Index Cond: ((id >= 6754887) AND (id <= 6755886))

table 4 : explain SELECT c FROM sbtest4 WHERE id BETWEEN 6425869 AND 6426868 ORDER BY c
	Sort  (cost=4262.22..4264.95 rows=1092 width=121)
	  Sort Key: c
	  ->  Bitmap Heap Scan on sbtest4  (cost=23.63..4207.11 rows=1092 width=121)
	        Recheck Cond: ((id >= 6425869) AND (id <= 6426868))
	        ->  Bitmap Index Scan on sbtest4_pkey  (cost=0.00..23.36 rows=1092 width=0)
	              Index Cond: ((id >= 6425869) AND (id <= 6426868))

table 5 : explain SELECT c FROM sbtest5 WHERE id BETWEEN 3461199 AND 3462198 ORDER BY c
	Sort  (cost=3838.46..3840.91 rows=981 width=121)
	  Sort Key: c
	  ->  Bitmap Heap Scan on sbtest5  (cost=22.49..3789.71 rows=981 width=121)
	        Recheck Cond: ((id >= 3461199) AND (id <= 3462198))
	        ->  Bitmap Index Scan on sbtest5_pkey  (cost=0.00..22.25 rows=981 width=0)
	              Index Cond: ((id >= 3461199) AND (id <= 3462198))

table 6 : explain SELECT c FROM sbtest6 WHERE id BETWEEN 6952249 AND 6953248 ORDER BY c
	Sort  (cost=3482.71..3484.93 rows=888 width=121)
	  Sort Key: c
	  ->  Bitmap Heap Scan on sbtest6  (cost=21.54..3439.22 rows=888 width=121)
	        Recheck Cond: ((id >= 6952249) AND (id <= 6953248))
	        ->  Bitmap Index Scan on sbtest6_pkey  (cost=0.00..21.32 rows=888 width=0)
	              Index Cond: ((id >= 6952249) AND (id <= 6953248))

table 7 : explain SELECT c FROM sbtest7 WHERE id BETWEEN 569915 AND 570914 ORDER BY c
	Sort  (cost=3873.53..3876.01 rows=990 width=121)
	  Sort Key: c
	  ->  Bitmap Heap Scan on sbtest7  (cost=22.58..3824.27 rows=990 width=121)
	        Recheck Cond: ((id >= 569915) AND (id <= 570914))
	        ->  Bitmap Index Scan on sbtest7_pkey  (cost=0.00..22.33 rows=990 width=0)
	              Index Cond: ((id >= 569915) AND (id <= 570914))

table 8 : explain SELECT c FROM sbtest8 WHERE id BETWEEN 4814710 AND 4815709 ORDER BY c
	Sort  (cost=3999.75..4002.31 rows=1023 width=121)
	  Sort Key: c
	  ->  Bitmap Heap Scan on sbtest8  (cost=22.92..3948.61 rows=1023 width=121)
	        Recheck Cond: ((id >= 4814710) AND (id <= 4815709))
	        ->  Bitmap Index Scan on sbtest8_pkey  (cost=0.00..22.66 rows=1023 width=0)
	              Index Cond: ((id >= 4814710) AND (id <= 4815709))

for: simple_ranges
table 1 : explain SELECT c FROM sbtest1 WHERE id BETWEEN 7355617 AND 7356616
	Bitmap Heap Scan on sbtest1  (cost=22.54..3806.51 rows=986 width=121)
	  Recheck Cond: ((id >= 7355617) AND (id <= 7356616))
	  ->  Bitmap Index Scan on sbtest1_pkey  (cost=0.00..22.29 rows=986 width=0)
	        Index Cond: ((id >= 7355617) AND (id <= 7356616))

table 2 : explain SELECT c FROM sbtest2 WHERE id BETWEEN 284005 AND 285004
	Bitmap Heap Scan on sbtest2  (cost=22.60..3830.10 rows=992 width=121)
	  Recheck Cond: ((id >= 284005) AND (id <= 285004))
	  ->  Bitmap Index Scan on sbtest2_pkey  (cost=0.00..22.36 rows=992 width=0)
	        Index Cond: ((id >= 284005) AND (id <= 285004))

table 3 : explain SELECT c FROM sbtest3 WHERE id BETWEEN 8179367 AND 8180366
	Bitmap Heap Scan on sbtest3  (cost=21.74..3513.42 rows=908 width=121)
	  Recheck Cond: ((id >= 8179367) AND (id <= 8180366))
	  ->  Bitmap Index Scan on sbtest3_pkey  (cost=0.00..21.51 rows=908 width=0)
	        Index Cond: ((id >= 8179367) AND (id <= 8180366))

table 4 : explain SELECT c FROM sbtest4 WHERE id BETWEEN 9046353 AND 9047352
	Bitmap Heap Scan on sbtest4  (cost=23.31..4090.66 rows=1061 width=121)
	  Recheck Cond: ((id >= 9046353) AND (id <= 9047352))
	  ->  Bitmap Index Scan on sbtest4_pkey  (cost=0.00..23.04 rows=1061 width=0)
	        Index Cond: ((id >= 9046353) AND (id <= 9047352))

table 5 : explain SELECT c FROM sbtest5 WHERE id BETWEEN 8576709 AND 8577708
	Bitmap Heap Scan on sbtest5  (cost=27.80..4271.35 rows=1109 width=121)
	  Recheck Cond: ((id >= 8576709) AND (id <= 8577708))
	  ->  Bitmap Index Scan on sbtest5_pkey  (cost=0.00..27.52 rows=1109 width=0)
	        Index Cond: ((id >= 8576709) AND (id <= 8577708))

table 6 : explain SELECT c FROM sbtest6 WHERE id BETWEEN 2733062 AND 2734061
	Bitmap Heap Scan on sbtest6  (cost=22.36..3741.38 rows=968 width=121)
	  Recheck Cond: ((id >= 2733062) AND (id <= 2734061))
	  ->  Bitmap Index Scan on sbtest6_pkey  (cost=0.00..22.11 rows=968 width=0)
	        Index Cond: ((id >= 2733062) AND (id <= 2734061))

table 7 : explain SELECT c FROM sbtest7 WHERE id BETWEEN 8568049 AND 8569048
	Bitmap Heap Scan on sbtest7  (cost=21.89..3567.70 rows=922 width=121)
	  Recheck Cond: ((id >= 8568049) AND (id <= 8569048))
	  ->  Bitmap Index Scan on sbtest7_pkey  (cost=0.00..21.65 rows=922 width=0)
	        Index Cond: ((id >= 8568049) AND (id <= 8569048))

table 8 : explain SELECT c FROM sbtest8 WHERE id BETWEEN 6237737 AND 6238736
	Bitmap Heap Scan on sbtest8  (cost=22.11..3650.81 rows=944 width=121)
	  Recheck Cond: ((id >= 6237737) AND (id <= 6238736))
	  ->  Bitmap Index Scan on sbtest8_pkey  (cost=0.00..21.87 rows=944 width=0)
	        Index Cond: ((id >= 6237737) AND (id <= 6238736))

for: distinct_ranges
table 1 : explain SELECT DISTINCT c FROM sbtest1 WHERE id BETWEEN 4547695 AND 4548694 ORDER BY c
	Unique  (cost=3867.01..3871.95 rows=989 width=121)
	  ->  Sort  (cost=3867.01..3869.48 rows=989 width=121)
	        Sort Key: c
	        ->  Bitmap Heap Scan on sbtest1  (cost=22.57..3817.81 rows=989 width=121)
	              Recheck Cond: ((id >= 4547695) AND (id <= 4548694))
	              ->  Bitmap Index Scan on sbtest1_pkey  (cost=0.00..22.32 rows=989 width=0)
	                    Index Cond: ((id >= 4547695) AND (id <= 4548694))

table 2 : explain SELECT DISTINCT c FROM sbtest2 WHERE id BETWEEN 3992518 AND 3993517 ORDER BY c
	Unique  (cost=3929.16..3934.19 rows=1005 width=121)
	  ->  Sort  (cost=3929.16..3931.68 rows=1005 width=121)
	        Sort Key: c
	        ->  Bitmap Heap Scan on sbtest2  (cost=22.74..3879.05 rows=1005 width=121)
	              Recheck Cond: ((id >= 3992518) AND (id <= 3993517))
	              ->  Bitmap Index Scan on sbtest2_pkey  (cost=0.00..22.48 rows=1005 width=0)
	                    Index Cond: ((id >= 3992518) AND (id <= 3993517))

table 3 : explain SELECT DISTINCT c FROM sbtest3 WHERE id BETWEEN 9664608 AND 9665607 ORDER BY c
	Unique  (cost=4024.80..4029.95 rows=1030 width=121)
	  ->  Sort  (cost=4024.80..4027.37 rows=1030 width=121)
	        Sort Key: c
	        ->  Bitmap Heap Scan on sbtest3  (cost=22.99..3973.26 rows=1030 width=121)
	              Recheck Cond: ((id >= 9664608) AND (id <= 9665607))
	              ->  Bitmap Index Scan on sbtest3_pkey  (cost=0.00..22.73 rows=1030 width=0)
	                    Index Cond: ((id >= 9664608) AND (id <= 9665607))

table 4 : explain SELECT DISTINCT c FROM sbtest4 WHERE id BETWEEN 7360154 AND 7361153 ORDER BY c
	Unique  (cost=3570.23..3574.79 rows=911 width=121)
	  ->  Sort  (cost=3570.23..3572.51 rows=911 width=121)
	        Sort Key: c
	        ->  Bitmap Heap Scan on sbtest4  (cost=21.77..3525.45 rows=911 width=121)
	              Recheck Cond: ((id >= 7360154) AND (id <= 7361153))
	              ->  Bitmap Index Scan on sbtest4_pkey  (cost=0.00..21.54 rows=911 width=0)
	                    Index Cond: ((id >= 7360154) AND (id <= 7361153))

table 5 : explain SELECT DISTINCT c FROM sbtest5 WHERE id BETWEEN 7337728 AND 7338727 ORDER BY c
	Unique  (cost=3796.37..3801.22 rows=970 width=121)
	  ->  Sort  (cost=3796.37..3798.79 rows=970 width=121)
	        Sort Key: c
	        ->  Bitmap Heap Scan on sbtest5  (cost=22.38..3748.25 rows=970 width=121)
	              Recheck Cond: ((id >= 7337728) AND (id <= 7338727))
	              ->  Bitmap Index Scan on sbtest5_pkey  (cost=0.00..22.14 rows=970 width=0)
	                    Index Cond: ((id >= 7337728) AND (id <= 7338727))

table 6 : explain SELECT DISTINCT c FROM sbtest6 WHERE id BETWEEN 1196533 AND 1197532 ORDER BY c
	Unique  (cost=3854.45..3859.37 rows=985 width=121)
	  ->  Sort  (cost=3854.45..3856.91 rows=985 width=121)
	        Sort Key: c
	        ->  Bitmap Heap Scan on sbtest6  (cost=22.53..3805.47 rows=985 width=121)
	              Recheck Cond: ((id >= 1196533) AND (id <= 1197532))
	              ->  Bitmap Index Scan on sbtest6_pkey  (cost=0.00..22.29 rows=985 width=0)
	                    Index Cond: ((id >= 1196533) AND (id <= 1197532))

table 7 : explain SELECT DISTINCT c FROM sbtest7 WHERE id BETWEEN 2383252 AND 2384251 ORDER BY c
	Unique  (cost=3770.20..3775.01 rows=963 width=121)
	  ->  Sort  (cost=3770.20..3772.60 rows=963 width=121)
	        Sort Key: c
	        ->  Bitmap Heap Scan on sbtest7  (cost=22.31..3722.47 rows=963 width=121)
	              Recheck Cond: ((id >= 2383252) AND (id <= 2384251))
	              ->  Bitmap Index Scan on sbtest7_pkey  (cost=0.00..22.07 rows=963 width=0)
	                    Index Cond: ((id >= 2383252) AND (id <= 2384251))

table 8 : explain SELECT DISTINCT c FROM sbtest8 WHERE id BETWEEN 8680109 AND 8681108 ORDER BY c
	Unique  (cost=4431.12..4436.80 rows=1136 width=121)
	  ->  Sort  (cost=4431.12..4433.96 rows=1136 width=121)
	        Sort Key: c
	        ->  Bitmap Heap Scan on sbtest8  (cost=28.08..4373.47 rows=1136 width=121)
	              Recheck Cond: ((id >= 8680109) AND (id <= 8681108))
	              ->  Bitmap Index Scan on sbtest8_pkey  (cost=0.00..27.79 rows=1136 width=0)
	                    Index Cond: ((id >= 8680109) AND (id <= 8681108))

for: sum_ranges
table 1 : explain SELECT SUM(k) FROM sbtest1 WHERE id BETWEEN 7610389 AND 7611388
	Aggregate  (cost=4125.00..4125.01 rows=1 width=8)
	  ->  Bitmap Heap Scan on sbtest1  (cost=23.40..4122.32 rows=1070 width=4)
	        Recheck Cond: ((id >= 7610389) AND (id <= 7611388))
	        ->  Bitmap Index Scan on sbtest1_pkey  (cost=0.00..23.14 rows=1070 width=0)
	              Index Cond: ((id >= 7610389) AND (id <= 7611388))

table 2 : explain SELECT SUM(k) FROM sbtest2 WHERE id BETWEEN 3198505 AND 3199504
	Aggregate  (cost=4054.69..4054.70 rows=1 width=8)
	  ->  Bitmap Heap Scan on sbtest2  (cost=23.21..4052.06 rows=1051 width=4)
	        Recheck Cond: ((id >= 3198505) AND (id <= 3199504))
	        ->  Bitmap Index Scan on sbtest2_pkey  (cost=0.00..22.94 rows=1051 width=0)
	              Index Cond: ((id >= 3198505) AND (id <= 3199504))

table 3 : explain SELECT SUM(k) FROM sbtest3 WHERE id BETWEEN 2472190 AND 2473189
	Aggregate  (cost=3911.83..3911.84 rows=1 width=8)
	  ->  Bitmap Heap Scan on sbtest3  (cost=22.82..3909.30 rows=1013 width=4)
	        Recheck Cond: ((id >= 2472190) AND (id <= 2473189))
	        ->  Bitmap Index Scan on sbtest3_pkey  (cost=0.00..22.57 rows=1013 width=0)
	              Index Cond: ((id >= 2472190) AND (id <= 2473189))

table 4 : explain SELECT SUM(k) FROM sbtest4 WHERE id BETWEEN 8657410 AND 8658409
	Aggregate  (cost=3788.26..3788.27 rows=1 width=8)
	  ->  Bitmap Heap Scan on sbtest4  (cost=22.48..3785.81 rows=980 width=4)
	        Recheck Cond: ((id >= 8657410) AND (id <= 8658409))
	        ->  Bitmap Index Scan on sbtest4_pkey  (cost=0.00..22.23 rows=980 width=0)
	              Index Cond: ((id >= 8657410) AND (id <= 8658409))

table 5 : explain SELECT SUM(k) FROM sbtest5 WHERE id BETWEEN 9717421 AND 9718420
	Aggregate  (cost=3833.64..3833.65 rows=1 width=8)
	  ->  Bitmap Heap Scan on sbtest5  (cost=22.60..3831.16 rows=992 width=4)
	        Recheck Cond: ((id >= 9717421) AND (id <= 9718420))
	        ->  Bitmap Index Scan on sbtest5_pkey  (cost=0.00..22.36 rows=992 width=0)
	              Index Cond: ((id >= 9717421) AND (id <= 9718420))

table 6 : explain SELECT SUM(k) FROM sbtest6 WHERE id BETWEEN 8532798 AND 8533797
	Aggregate  (cost=4030.26..4030.27 rows=1 width=8)
	  ->  Bitmap Heap Scan on sbtest6  (cost=23.14..4027.65 rows=1044 width=4)
	        Recheck Cond: ((id >= 8532798) AND (id <= 8533797))
	        ->  Bitmap Index Scan on sbtest6_pkey  (cost=0.00..22.87 rows=1044 width=0)
	              Index Cond: ((id >= 8532798) AND (id <= 8533797))

table 7 : explain SELECT SUM(k) FROM sbtest7 WHERE id BETWEEN 9430485 AND 9431484
	Aggregate  (cost=3834.29..3834.30 rows=1 width=8)
	  ->  Bitmap Heap Scan on sbtest7  (cost=22.60..3831.81 rows=992 width=4)
	        Recheck Cond: ((id >= 9430485) AND (id <= 9431484))
	        ->  Bitmap Index Scan on sbtest7_pkey  (cost=0.00..22.36 rows=992 width=0)
	              Index Cond: ((id >= 9430485) AND (id <= 9431484))

table 8 : explain SELECT SUM(k) FROM sbtest8 WHERE id BETWEEN 4293286 AND 4294285
	Aggregate  (cost=4165.92..4165.93 rows=1 width=8)
	  ->  Bitmap Heap Scan on sbtest8  (cost=27.49..4163.22 rows=1079 width=4)
	        Recheck Cond: ((id >= 4293286) AND (id <= 4294285))
	        ->  Bitmap Index Scan on sbtest8_pkey  (cost=0.00..27.22 rows=1079 width=0)
	              Index Cond: ((id >= 4293286) AND (id <= 4294285))

for point_selects
table 1 : explain SELECT c FROM sbtest1 WHERE id=6746786
	Index Scan using sbtest1_pkey on sbtest1  (cost=0.43..8.45 rows=1 width=121)
	  Index Cond: (id = 6746786)

table 2 : explain SELECT c FROM sbtest2 WHERE id=9731575
	Index Scan using sbtest2_pkey on sbtest2  (cost=0.43..8.45 rows=1 width=121)
	  Index Cond: (id = 9731575)

table 3 : explain SELECT c FROM sbtest3 WHERE id=1391944
	Index Scan using sbtest3_pkey on sbtest3  (cost=0.43..8.45 rows=1 width=121)
	  Index Cond: (id = 1391944)

table 4 : explain SELECT c FROM sbtest4 WHERE id=436419
	Index Scan using sbtest4_pkey on sbtest4  (cost=0.43..8.45 rows=1 width=121)
	  Index Cond: (id = 436419)

table 5 : explain SELECT c FROM sbtest5 WHERE id=6000874
	Index Scan using sbtest5_pkey on sbtest5  (cost=0.43..8.45 rows=1 width=121)
	  Index Cond: (id = 6000874)

table 6 : explain SELECT c FROM sbtest6 WHERE id=5704178
	Index Scan using sbtest6_pkey on sbtest6  (cost=0.43..8.45 rows=1 width=121)
	  Index Cond: (id = 5704178)

table 7 : explain SELECT c FROM sbtest7 WHERE id=6671849
	Index Scan using sbtest7_pkey on sbtest7  (cost=0.43..8.45 rows=1 width=121)
	  Index Cond: (id = 6671849)

table 8 : explain SELECT c FROM sbtest8 WHERE id=2147275
	Index Scan using sbtest8_pkey on sbtest8  (cost=0.43..8.45 rows=1 width=121)
	  Index Cond: (id = 2147275)

for: simple_ranges
table 1 : explain SELECT c FROM sbtest1 WHERE id BETWEEN 5937235 AND 5938234
	Bitmap Heap Scan on sbtest1  (cost=23.08..4005.88 rows=1039 width=121)
	  Recheck Cond: ((id >= 5937235) AND (id <= 5938234))
	  ->  Bitmap Index Scan on sbtest1_pkey  (cost=0.00..22.82 rows=1039 width=0)
	        Index Cond: ((id >= 5937235) AND (id <= 5938234))

table 2 : explain SELECT c FROM sbtest2 WHERE id BETWEEN 5409978 AND 5410977
	Bitmap Heap Scan on sbtest2  (cost=22.81..3905.40 rows=1012 width=121)
	  Recheck Cond: ((id >= 5409978) AND (id <= 5410977))
	  ->  Bitmap Index Scan on sbtest2_pkey  (cost=0.00..22.55 rows=1012 width=0)
	        Index Cond: ((id >= 5409978) AND (id <= 5410977))

table 3 : explain SELECT c FROM sbtest3 WHERE id BETWEEN 652144 AND 653143
	Bitmap Heap Scan on sbtest3  (cost=22.52..3800.11 rows=984 width=121)
	  Recheck Cond: ((id >= 652144) AND (id <= 653143))
	  ->  Bitmap Index Scan on sbtest3_pkey  (cost=0.00..22.27 rows=984 width=0)
	        Index Cond: ((id >= 652144) AND (id <= 653143))

table 4 : explain SELECT c FROM sbtest4 WHERE id BETWEEN 4650628 AND 4651627
	Bitmap Heap Scan on sbtest4  (cost=23.21..4053.07 rows=1051 width=121)
	  Recheck Cond: ((id >= 4650628) AND (id <= 4651627))
	  ->  Bitmap Index Scan on sbtest4_pkey  (cost=0.00..22.94 rows=1051 width=0)
	        Index Cond: ((id >= 4650628) AND (id <= 4651627))

table 5 : explain SELECT c FROM sbtest5 WHERE id BETWEEN 4986669 AND 4987668
	Bitmap Heap Scan on sbtest5  (cost=22.70..3865.07 rows=1001 width=121)
	  Recheck Cond: ((id >= 4986669) AND (id <= 4987668))
	  ->  Bitmap Index Scan on sbtest5_pkey  (cost=0.00..22.44 rows=1001 width=0)
	        Index Cond: ((id >= 4986669) AND (id <= 4987668))

table 6 : explain SELECT c FROM sbtest6 WHERE id BETWEEN 3430117 AND 3431116
	Bitmap Heap Scan on sbtest6  (cost=22.60..3831.86 rows=992 width=121)
	  Recheck Cond: ((id >= 3430117) AND (id <= 3431116))
	  ->  Bitmap Index Scan on sbtest6_pkey  (cost=0.00..22.36 rows=992 width=0)
	        Index Cond: ((id >= 3430117) AND (id <= 3431116))

table 7 : explain SELECT c FROM sbtest7 WHERE id BETWEEN 9680040 AND 9681039
	Bitmap Heap Scan on sbtest7  (cost=27.65..4219.53 rows=1094 width=121)
	  Recheck Cond: ((id >= 9680040) AND (id <= 9681039))
	  ->  Bitmap Index Scan on sbtest7_pkey  (cost=0.00..27.37 rows=1094 width=0)
	        Index Cond: ((id >= 9680040) AND (id <= 9681039))

table 8 : explain SELECT c FROM sbtest8 WHERE id BETWEEN 9591447 AND 9592446
	Bitmap Heap Scan on sbtest8  (cost=22.58..3824.31 rows=990 width=121)
	  Recheck Cond: ((id >= 9591447) AND (id <= 9592446))
	  ->  Bitmap Index Scan on sbtest8_pkey  (cost=0.00..22.33 rows=990 width=0)
	        Index Cond: ((id >= 9591447) AND (id <= 9592446))

for point_selects
table 1 : explain SELECT c FROM sbtest1 WHERE id=2284629
	Index Scan using sbtest1_pkey on sbtest1  (cost=0.43..8.45 rows=1 width=121)
	  Index Cond: (id = 2284629)

table 2 : explain SELECT c FROM sbtest2 WHERE id=3788071
	Index Scan using sbtest2_pkey on sbtest2  (cost=0.43..8.45 rows=1 width=121)
	  Index Cond: (id = 3788071)

table 3 : explain SELECT c FROM sbtest3 WHERE id=8349431
	Index Scan using sbtest3_pkey on sbtest3  (cost=0.43..8.45 rows=1 width=121)
	  Index Cond: (id = 8349431)

table 4 : explain SELECT c FROM sbtest4 WHERE id=1576357
	Index Scan using sbtest4_pkey on sbtest4  (cost=0.43..8.45 rows=1 width=121)
	  Index Cond: (id = 1576357)

table 5 : explain SELECT c FROM sbtest5 WHERE id=2240954
	Index Scan using sbtest5_pkey on sbtest5  (cost=0.43..8.45 rows=1 width=121)
	  Index Cond: (id = 2240954)

table 6 : explain SELECT c FROM sbtest6 WHERE id=6381734
	Index Scan using sbtest6_pkey on sbtest6  (cost=0.43..8.45 rows=1 width=121)
	  Index Cond: (id = 6381734)

table 7 : explain SELECT c FROM sbtest7 WHERE id=3901751
	Index Scan using sbtest7_pkey on sbtest7  (cost=0.43..8.45 rows=1 width=121)
	  Index Cond: (id = 3901751)

table 8 : explain SELECT c FROM sbtest8 WHERE id=1617111
	Index Scan using sbtest8_pkey on sbtest8  (cost=0.43..8.45 rows=1 width=121)
	  Index Cond: (id = 1617111)

explain: for point_selects :: explain SELECT c FROM sbtest%u WHERE id=%u
for: sum_ranges
table 1 : explain SELECT SUM(k) FROM sbtest1 WHERE id BETWEEN 2383951 AND 2384950
	Aggregate  (cost=3695.89..3695.90 rows=1 width=8)
	  ->  Bitmap Heap Scan on sbtest1  (cost=22.23..3693.50 rows=956 width=4)
	        Recheck Cond: ((id >= 2383951) AND (id <= 2384950))
	        ->  Bitmap Index Scan on sbtest1_pkey  (cost=0.00..22.00 rows=956 width=0)
	              Index Cond: ((id >= 2383951) AND (id <= 2384950))

table 2 : explain SELECT SUM(k) FROM sbtest2 WHERE id BETWEEN 1124683 AND 1125682
	Aggregate  (cost=4005.79..4005.80 rows=1 width=8)
	  ->  Bitmap Heap Scan on sbtest2  (cost=23.07..4003.20 rows=1038 width=4)
	        Recheck Cond: ((id >= 1124683) AND (id <= 1125682))
	        ->  Bitmap Index Scan on sbtest2_pkey  (cost=0.00..22.82 rows=1038 width=0)
	              Index Cond: ((id >= 1124683) AND (id <= 1125682))

table 3 : explain SELECT SUM(k) FROM sbtest3 WHERE id BETWEEN 8685334 AND 8686333
	Aggregate  (cost=4145.07..4145.08 rows=1 width=8)
	  ->  Bitmap Heap Scan on sbtest3  (cost=23.45..4142.38 rows=1075 width=4)
	        Recheck Cond: ((id >= 8685334) AND (id <= 8686333))
	        ->  Bitmap Index Scan on sbtest3_pkey  (cost=0.00..23.18 rows=1075 width=0)
	              Index Cond: ((id >= 8685334) AND (id <= 8686333))

table 4 : explain SELECT SUM(k) FROM sbtest4 WHERE id BETWEEN 1786153 AND 1787152
	Aggregate  (cost=3429.39..3429.40 rows=1 width=8)
	  ->  Bitmap Heap Scan on sbtest4  (cost=21.51..3427.17 rows=885 width=4)
	        Recheck Cond: ((id >= 1786153) AND (id <= 1787152))
	        ->  Bitmap Index Scan on sbtest4_pkey  (cost=0.00..21.29 rows=885 width=0)
	              Index Cond: ((id >= 1786153) AND (id <= 1787152))

table 5 : explain SELECT SUM(k) FROM sbtest5 WHERE id BETWEEN 3617217 AND 3618216
	Aggregate  (cost=3909.02..3909.03 rows=1 width=8)
	  ->  Bitmap Heap Scan on sbtest5  (cost=22.81..3906.49 rows=1012 width=4)
	        Recheck Cond: ((id >= 3617217) AND (id <= 3618216))
	        ->  Bitmap Index Scan on sbtest5_pkey  (cost=0.00..22.55 rows=1012 width=0)
	              Index Cond: ((id >= 3617217) AND (id <= 3618216))

table 6 : explain SELECT SUM(k) FROM sbtest6 WHERE id BETWEEN 1784255 AND 1785254
	Aggregate  (cost=3690.95..3690.96 rows=1 width=8)
	  ->  Bitmap Heap Scan on sbtest6  (cost=22.21..3688.56 rows=954 width=4)
	        Recheck Cond: ((id >= 1784255) AND (id <= 1785254))
	        ->  Bitmap Index Scan on sbtest6_pkey  (cost=0.00..21.97 rows=954 width=0)
	              Index Cond: ((id >= 1784255) AND (id <= 1785254))

table 7 : explain SELECT SUM(k) FROM sbtest7 WHERE id BETWEEN 1160395 AND 1161394
	Aggregate  (cost=3777.71..3777.72 rows=1 width=8)
	  ->  Bitmap Heap Scan on sbtest7  (cost=22.45..3775.27 rows=977 width=4)
	        Recheck Cond: ((id >= 1160395) AND (id <= 1161394))
	        ->  Bitmap Index Scan on sbtest7_pkey  (cost=0.00..22.20 rows=977 width=0)
	              Index Cond: ((id >= 1160395) AND (id <= 1161394))

table 8 : explain SELECT SUM(k) FROM sbtest8 WHERE id BETWEEN 7591174 AND 7592173
	Aggregate  (cost=4030.25..4030.26 rows=1 width=8)
	  ->  Bitmap Heap Scan on sbtest8  (cost=23.14..4027.64 rows=1044 width=4)
	        Recheck Cond: ((id >= 7591174) AND (id <= 7592173))
	        ->  Bitmap Index Scan on sbtest8_pkey  (cost=0.00..22.87 rows=1044 width=0)
	              Index Cond: ((id >= 7591174) AND (id <= 7592173))

for: order_ranges
table 1 : explain SELECT c FROM sbtest1 WHERE id BETWEEN 8734385 AND 8735384 ORDER BY c
	Sort  (cost=4031.23..4033.81 rows=1032 width=121)
	  Sort Key: c
	  ->  Bitmap Heap Scan on sbtest1  (cost=23.01..3979.57 rows=1032 width=121)
	        Recheck Cond: ((id >= 8734385) AND (id <= 8735384))
	        ->  Bitmap Index Scan on sbtest1_pkey  (cost=0.00..22.75 rows=1032 width=0)
	              Index Cond: ((id >= 8734385) AND (id <= 8735384))

table 2 : explain SELECT c FROM sbtest2 WHERE id BETWEEN 571686 AND 572685 ORDER BY c
	Sort  (cost=3845.07..3847.52 rows=983 width=121)
	  Sort Key: c
	  ->  Bitmap Heap Scan on sbtest2  (cost=22.51..3796.21 rows=983 width=121)
	        Recheck Cond: ((id >= 571686) AND (id <= 572685))
	        ->  Bitmap Index Scan on sbtest2_pkey  (cost=0.00..22.26 rows=983 width=0)
	              Index Cond: ((id >= 571686) AND (id <= 572685))

table 3 : explain SELECT c FROM sbtest3 WHERE id BETWEEN 3468716 AND 3469715 ORDER BY c
	Sort  (cost=3642.34..3644.67 rows=930 width=121)
	  Sort Key: c
	  ->  Bitmap Heap Scan on sbtest3  (cost=21.97..3596.49 rows=930 width=121)
	        Recheck Cond: ((id >= 3468716) AND (id <= 3469715))
	        ->  Bitmap Index Scan on sbtest3_pkey  (cost=0.00..21.73 rows=930 width=0)
	              Index Cond: ((id >= 3468716) AND (id <= 3469715))

table 4 : explain SELECT c FROM sbtest4 WHERE id BETWEEN 8954657 AND 8955656 ORDER BY c
	Sort  (cost=4308.23..4310.99 rows=1104 width=121)
	  Sort Key: c
	  ->  Bitmap Heap Scan on sbtest4  (cost=27.75..4252.43 rows=1104 width=121)
	        Recheck Cond: ((id >= 8954657) AND (id <= 8955656))
	        ->  Bitmap Index Scan on sbtest4_pkey  (cost=0.00..27.47 rows=1104 width=0)
	              Index Cond: ((id >= 8954657) AND (id <= 8955656))

table 5 : explain SELECT c FROM sbtest5 WHERE id BETWEEN 7441039 AND 7442038 ORDER BY c
	Sort  (cost=3911.13..3913.63 rows=1000 width=121)
	  Sort Key: c
	  ->  Bitmap Heap Scan on sbtest5  (cost=22.68..3861.30 rows=1000 width=121)
	        Recheck Cond: ((id >= 7441039) AND (id <= 7442038))
	        ->  Bitmap Index Scan on sbtest5_pkey  (cost=0.00..22.43 rows=1000 width=0)
	              Index Cond: ((id >= 7441039) AND (id <= 7442038))

table 6 : explain SELECT c FROM sbtest6 WHERE id BETWEEN 9956503 AND 9957502 ORDER BY c
	Sort  (cost=3988.30..3990.85 rows=1020 width=121)
	  Sort Key: c
	  ->  Bitmap Heap Scan on sbtest6  (cost=22.89..3937.33 rows=1020 width=121)
	        Recheck Cond: ((id >= 9956503) AND (id <= 9957502))
	        ->  Bitmap Index Scan on sbtest6_pkey  (cost=0.00..22.64 rows=1020 width=0)
	              Index Cond: ((id >= 9956503) AND (id <= 9957502))

table 7 : explain SELECT c FROM sbtest7 WHERE id BETWEEN 8798701 AND 8799700 ORDER BY c
	Sort  (cost=3961.49..3964.02 rows=1013 width=121)
	  Sort Key: c
	  ->  Bitmap Heap Scan on sbtest7  (cost=22.82..3910.92 rows=1013 width=121)
	        Recheck Cond: ((id >= 8798701) AND (id <= 8799700))
	        ->  Bitmap Index Scan on sbtest7_pkey  (cost=0.00..22.57 rows=1013 width=0)
	              Index Cond: ((id >= 8798701) AND (id <= 8799700))

table 8 : explain SELECT c FROM sbtest8 WHERE id BETWEEN 3255802 AND 3256801 ORDER BY c
	Sort  (cost=3678.30..3680.65 rows=939 width=121)
	  Sort Key: c
	  ->  Bitmap Heap Scan on sbtest8  (cost=22.06..3631.94 rows=939 width=121)
	        Recheck Cond: ((id >= 3255802) AND (id <= 3256801))
	        ->  Bitmap Index Scan on sbtest8_pkey  (cost=0.00..21.82 rows=939 width=0)
	              Index Cond: ((id >= 3255802) AND (id <= 3256801))

for: order_ranges
table 1 : explain SELECT c FROM sbtest1 WHERE id BETWEEN 7251863 AND 7252862 ORDER BY c
	Sort  (cost=3863.19..3865.66 rows=988 width=121)
	  Sort Key: c
	  ->  Bitmap Heap Scan on sbtest1  (cost=22.56..3814.04 rows=988 width=121)
	        Recheck Cond: ((id >= 7251863) AND (id <= 7252862))
	        ->  Bitmap Index Scan on sbtest1_pkey  (cost=0.00..22.32 rows=988 width=0)
	              Index Cond: ((id >= 7251863) AND (id <= 7252862))

table 2 : explain SELECT c FROM sbtest2 WHERE id BETWEEN 8714132 AND 8715131 ORDER BY c
	Sort  (cost=3657.54..3659.88 rows=934 width=121)
	  Sort Key: c
	  ->  Bitmap Heap Scan on sbtest2  (cost=22.01..3611.46 rows=934 width=121)
	        Recheck Cond: ((id >= 8714132) AND (id <= 8715131))
	        ->  Bitmap Index Scan on sbtest2_pkey  (cost=0.00..21.77 rows=934 width=0)
	              Index Cond: ((id >= 8714132) AND (id <= 8715131))

table 3 : explain SELECT c FROM sbtest3 WHERE id BETWEEN 350245 AND 351244 ORDER BY c
	Sort  (cost=3833.73..3836.18 rows=980 width=121)
	  Sort Key: c
	  ->  Bitmap Heap Scan on sbtest3  (cost=22.48..3785.04 rows=980 width=121)
	        Recheck Cond: ((id >= 350245) AND (id <= 351244))
	        ->  Bitmap Index Scan on sbtest3_pkey  (cost=0.00..22.23 rows=980 width=0)
	              Index Cond: ((id >= 350245) AND (id <= 351244))

table 4 : explain SELECT c FROM sbtest4 WHERE id BETWEEN 5395966 AND 5396965 ORDER BY c
	Sort  (cost=4250.78..4253.51 rows=1089 width=121)
	  Sort Key: c
	  ->  Bitmap Heap Scan on sbtest4  (cost=23.60..4195.85 rows=1089 width=121)
	        Recheck Cond: ((id >= 5395966) AND (id <= 5396965))
	        ->  Bitmap Index Scan on sbtest4_pkey  (cost=0.00..23.32 rows=1089 width=0)
	              Index Cond: ((id >= 5395966) AND (id <= 5396965))

table 5 : explain SELECT c FROM sbtest5 WHERE id BETWEEN 5296648 AND 5297647 ORDER BY c
	Sort  (cost=3983.75..3986.30 rows=1019 width=121)
	  Sort Key: c
	  ->  Bitmap Heap Scan on sbtest5  (cost=22.88..3932.84 rows=1019 width=121)
	        Recheck Cond: ((id >= 5296648) AND (id <= 5297647))
	        ->  Bitmap Index Scan on sbtest5_pkey  (cost=0.00..22.62 rows=1019 width=0)
	              Index Cond: ((id >= 5296648) AND (id <= 5297647))

table 6 : explain SELECT c FROM sbtest6 WHERE id BETWEEN 5956245 AND 5957244 ORDER BY c
	Sort  (cost=3835.32..3837.77 rows=980 width=121)
	  Sort Key: c
	  ->  Bitmap Heap Scan on sbtest6  (cost=22.48..3786.63 rows=980 width=121)
	        Recheck Cond: ((id >= 5956245) AND (id <= 5957244))
	        ->  Bitmap Index Scan on sbtest6_pkey  (cost=0.00..22.23 rows=980 width=0)
	              Index Cond: ((id >= 5956245) AND (id <= 5957244))

table 7 : explain SELECT c FROM sbtest7 WHERE id BETWEEN 8871779 AND 8872778 ORDER BY c
	Sort  (cost=3816.13..3818.57 rows=975 width=121)
	  Sort Key: c
	  ->  Bitmap Heap Scan on sbtest7  (cost=22.43..3767.73 rows=975 width=121)
	        Recheck Cond: ((id >= 8871779) AND (id <= 8872778))
	        ->  Bitmap Index Scan on sbtest7_pkey  (cost=0.00..22.18 rows=975 width=0)
	              Index Cond: ((id >= 8871779) AND (id <= 8872778))

table 8 : explain SELECT c FROM sbtest8 WHERE id BETWEEN 5604467 AND 5605466 ORDER BY c
	Sort  (cost=3728.10..3730.48 rows=952 width=121)
	  Sort Key: c
	  ->  Bitmap Heap Scan on sbtest8  (cost=22.19..3681.01 rows=952 width=121)
	        Recheck Cond: ((id >= 5604467) AND (id <= 5605466))
	        ->  Bitmap Index Scan on sbtest8_pkey  (cost=0.00..21.95 rows=952 width=0)
	              Index Cond: ((id >= 5604467) AND (id <= 5605466))

explain: for point_selects :: explain SELECT c FROM sbtest%u WHERE id=%u
explain: for point_selects :: explain SELECT c FROM sbtest%u WHERE id=%u
for: simple_ranges
table 1 : explain SELECT c FROM sbtest1 WHERE id BETWEEN 1304069 AND 1305068
	Bitmap Heap Scan on sbtest1  (cost=27.88..4298.91 rows=1117 width=121)
	  Recheck Cond: ((id >= 1304069) AND (id <= 1305068))
	  ->  Bitmap Index Scan on sbtest1_pkey  (cost=0.00..27.61 rows=1117 width=0)
	        Index Cond: ((id >= 1304069) AND (id <= 1305068))

table 2 : explain SELECT c FROM sbtest2 WHERE id BETWEEN 7810565 AND 7811564
	Bitmap Heap Scan on sbtest2  (cost=23.05..3995.68 rows=1036 width=121)
	  Recheck Cond: ((id >= 7810565) AND (id <= 7811564))
	  ->  Bitmap Index Scan on sbtest2_pkey  (cost=0.00..22.79 rows=1036 width=0)
	        Index Cond: ((id >= 7810565) AND (id <= 7811564))

table 3 : explain SELECT c FROM sbtest3 WHERE id BETWEEN 5583107 AND 5584106
	Bitmap Heap Scan on sbtest3  (cost=22.24..3698.35 rows=957 width=121)
	  Recheck Cond: ((id >= 5583107) AND (id <= 5584106))
	  ->  Bitmap Index Scan on sbtest3_pkey  (cost=0.00..22.00 rows=957 width=0)
	        Index Cond: ((id >= 5583107) AND (id <= 5584106))

table 4 : explain SELECT c FROM sbtest4 WHERE id BETWEEN 2475661 AND 2476660
	Bitmap Heap Scan on sbtest4  (cost=23.18..4041.79 rows=1048 width=121)
	  Recheck Cond: ((id >= 2475661) AND (id <= 2476660))
	  ->  Bitmap Index Scan on sbtest4_pkey  (cost=0.00..22.91 rows=1048 width=0)
	        Index Cond: ((id >= 2475661) AND (id <= 2476660))

table 5 : explain SELECT c FROM sbtest5 WHERE id BETWEEN 6757520 AND 6758519
	Bitmap Heap Scan on sbtest5  (cost=23.17..4038.18 rows=1047 width=121)
	  Recheck Cond: ((id >= 6757520) AND (id <= 6758519))
	  ->  Bitmap Index Scan on sbtest5_pkey  (cost=0.00..22.90 rows=1047 width=0)
	        Index Cond: ((id >= 6757520) AND (id <= 6758519))

table 6 : explain SELECT c FROM sbtest6 WHERE id BETWEEN 8054391 AND 8055390
	Bitmap Heap Scan on sbtest6  (cost=22.56..3816.78 rows=988 width=121)
	  Recheck Cond: ((id >= 8054391) AND (id <= 8055390))
	  ->  Bitmap Index Scan on sbtest6_pkey  (cost=0.00..22.32 rows=988 width=0)
	        Index Cond: ((id >= 8054391) AND (id <= 8055390))

table 7 : explain SELECT c FROM sbtest7 WHERE id BETWEEN 7032287 AND 7033286
	Bitmap Heap Scan on sbtest7  (cost=23.39..4121.60 rows=1069 width=121)
	  Recheck Cond: ((id >= 7032287) AND (id <= 7033286))
	  ->  Bitmap Index Scan on sbtest7_pkey  (cost=0.00..23.12 rows=1069 width=0)
	        Index Cond: ((id >= 7032287) AND (id <= 7033286))

table 8 : explain SELECT c FROM sbtest8 WHERE id BETWEEN 7803720 AND 7804719
	Bitmap Heap Scan on sbtest8  (cost=22.85..3922.26 rows=1016 width=121)
	  Recheck Cond: ((id >= 7803720) AND (id <= 7804719))
	  ->  Bitmap Index Scan on sbtest8_pkey  (cost=0.00..22.59 rows=1016 width=0)
	        Index Cond: ((id >= 7803720) AND (id <= 7804719))

for: order_ranges
table 1 : explain SELECT c FROM sbtest1 WHERE id BETWEEN 3861031 AND 3862030 ORDER BY c
	Sort  (cost=4206.65..4209.35 rows=1078 width=121)
	  Sort Key: c
	  ->  Bitmap Heap Scan on sbtest1  (cost=23.48..4152.35 rows=1078 width=121)
	        Recheck Cond: ((id >= 3861031) AND (id <= 3862030))
	        ->  Bitmap Index Scan on sbtest1_pkey  (cost=0.00..23.21 rows=1078 width=0)
	              Index Cond: ((id >= 3861031) AND (id <= 3862030))

table 2 : explain SELECT c FROM sbtest2 WHERE id BETWEEN 2621224 AND 2622223 ORDER BY c
	Sort  (cost=3707.32..3709.69 rows=947 width=121)
	  Sort Key: c
	  ->  Bitmap Heap Scan on sbtest2  (cost=22.14..3660.51 rows=947 width=121)
	        Recheck Cond: ((id >= 2621224) AND (id <= 2622223))
	        ->  Bitmap Index Scan on sbtest2_pkey  (cost=0.00..21.90 rows=947 width=0)
	              Index Cond: ((id >= 2621224) AND (id <= 2622223))

table 3 : explain SELECT c FROM sbtest3 WHERE id BETWEEN 7697544 AND 7698543 ORDER BY c
	Sort  (cost=3833.73..3836.18 rows=980 width=121)
	  Sort Key: c
	  ->  Bitmap Heap Scan on sbtest3  (cost=22.48..3785.04 rows=980 width=121)
	        Recheck Cond: ((id >= 7697544) AND (id <= 7698543))
	        ->  Bitmap Index Scan on sbtest3_pkey  (cost=0.00..22.23 rows=980 width=0)
	              Index Cond: ((id >= 7697544) AND (id <= 7698543))

table 4 : explain SELECT c FROM sbtest4 WHERE id BETWEEN 4651232 AND 4652231 ORDER BY c
	Sort  (cost=4105.82..4108.45 rows=1051 width=121)
	  Sort Key: c
	  ->  Bitmap Heap Scan on sbtest4  (cost=23.21..4053.07 rows=1051 width=121)
	        Recheck Cond: ((id >= 4651232) AND (id <= 4652231))
	        ->  Bitmap Index Scan on sbtest4_pkey  (cost=0.00..22.94 rows=1051 width=0)
	              Index Cond: ((id >= 4651232) AND (id <= 4652231))

table 5 : explain SELECT c FROM sbtest5 WHERE id BETWEEN 795227 AND 796226 ORDER BY c
	Sort  (cost=4044.87..4047.46 rows=1035 width=121)
	  Sort Key: c
	  ->  Bitmap Heap Scan on sbtest5  (cost=23.04..3993.04 rows=1035 width=121)
	        Recheck Cond: ((id >= 795227) AND (id <= 796226))
	        ->  Bitmap Index Scan on sbtest5_pkey  (cost=0.00..22.79 rows=1035 width=0)
	              Index Cond: ((id >= 795227) AND (id <= 796226))

table 6 : explain SELECT c FROM sbtest6 WHERE id BETWEEN 5876718 AND 5877717 ORDER BY c
	Sort  (cost=4148.72..4151.37 rows=1062 width=121)
	  Sort Key: c
	  ->  Bitmap Heap Scan on sbtest6  (cost=23.32..4095.34 rows=1062 width=121)
	        Recheck Cond: ((id >= 5876718) AND (id <= 5877717))
	        ->  Bitmap Index Scan on sbtest6_pkey  (cost=0.00..23.05 rows=1062 width=0)
	              Index Cond: ((id >= 5876718) AND (id <= 5877717))

table 7 : explain SELECT c FROM sbtest7 WHERE id BETWEEN 159086 AND 160085 ORDER BY c
	Sort  (cost=3992.07..3994.62 rows=1021 width=121)
	  Sort Key: c
	  ->  Bitmap Heap Scan on sbtest7  (cost=22.90..3941.04 rows=1021 width=121)
	        Recheck Cond: ((id >= 159086) AND (id <= 160085))
	        ->  Bitmap Index Scan on sbtest7_pkey  (cost=0.00..22.64 rows=1021 width=0)
	              Index Cond: ((id >= 159086) AND (id <= 160085))

table 8 : explain SELECT c FROM sbtest8 WHERE id BETWEEN 3824465 AND 3825464 ORDER BY c
	Sort  (cost=4640.42..4643.40 rows=1191 width=121)
	  Sort Key: c
	  ->  Bitmap Heap Scan on sbtest8  (cost=28.64..4579.57 rows=1191 width=121)
	        Recheck Cond: ((id >= 3824465) AND (id <= 3825464))
	        ->  Bitmap Index Scan on sbtest8_pkey  (cost=0.00..28.34 rows=1191 width=0)
	              Index Cond: ((id >= 3824465) AND (id <= 3825464))

for: order_ranges
table 1 : explain SELECT c FROM sbtest1 WHERE id BETWEEN 2146804 AND 2147803 ORDER BY c
	Sort  (cost=3981.60..3984.15 rows=1019 width=121)
	  Sort Key: c
	  ->  Bitmap Heap Scan on sbtest1  (cost=22.88..3930.69 rows=1019 width=121)
	        Recheck Cond: ((id >= 2146804) AND (id <= 2147803))
	        ->  Bitmap Index Scan on sbtest1_pkey  (cost=0.00..22.62 rows=1019 width=0)
	              Index Cond: ((id >= 2146804) AND (id <= 2147803))

table 2 : explain SELECT c FROM sbtest2 WHERE id BETWEEN 7910816 AND 7911815 ORDER BY c
	Sort  (cost=4028.47..4031.05 rows=1031 width=121)
	  Sort Key: c
	  ->  Bitmap Heap Scan on sbtest2  (cost=23.00..3976.87 rows=1031 width=121)
	        Recheck Cond: ((id >= 7910816) AND (id <= 7911815))
	        ->  Bitmap Index Scan on sbtest2_pkey  (cost=0.00..22.75 rows=1031 width=0)
	              Index Cond: ((id >= 7910816) AND (id <= 7911815))

table 3 : explain SELECT c FROM sbtest3 WHERE id BETWEEN 3237399 AND 3238398 ORDER BY c
	Sort  (cost=3653.84..3656.17 rows=933 width=121)
	  Sort Key: c
	  ->  Bitmap Heap Scan on sbtest3  (cost=22.00..3607.81 rows=933 width=121)
	        Recheck Cond: ((id >= 3237399) AND (id <= 3238398))
	        ->  Bitmap Index Scan on sbtest3_pkey  (cost=0.00..21.76 rows=933 width=0)
	              Index Cond: ((id >= 3237399) AND (id <= 3238398))

table 4 : explain SELECT c FROM sbtest4 WHERE id BETWEEN 4982786 AND 4983785 ORDER BY c
	Sort  (cost=4082.92..4085.53 rows=1045 width=121)
	  Sort Key: c
	  ->  Bitmap Heap Scan on sbtest4  (cost=23.15..4030.51 rows=1045 width=121)
	        Recheck Cond: ((id >= 4982786) AND (id <= 4983785))
	        ->  Bitmap Index Scan on sbtest4_pkey  (cost=0.00..22.89 rows=1045 width=0)
	              Index Cond: ((id >= 4982786) AND (id <= 4983785))

table 5 : explain SELECT c FROM sbtest5 WHERE id BETWEEN 6063550 AND 6064549 ORDER BY c
	Sort  (cost=3612.52..3614.83 rows=922 width=121)
	  Sort Key: c
	  ->  Bitmap Heap Scan on sbtest5  (cost=21.89..3567.12 rows=922 width=121)
	        Recheck Cond: ((id >= 6063550) AND (id <= 6064549))
	        ->  Bitmap Index Scan on sbtest5_pkey  (cost=0.00..21.65 rows=922 width=0)
	              Index Cond: ((id >= 6063550) AND (id <= 6064549))

table 6 : explain SELECT c FROM sbtest6 WHERE id BETWEEN 2286666 AND 2287665 ORDER BY c
	Sort  (cost=4240.29..4243.01 rows=1086 width=121)
	  Sort Key: c
	  ->  Bitmap Heap Scan on sbtest6  (cost=23.57..4185.53 rows=1086 width=121)
	        Recheck Cond: ((id >= 2286666) AND (id <= 2287665))
	        ->  Bitmap Index Scan on sbtest6_pkey  (cost=0.00..23.29 rows=1086 width=0)
	              Index Cond: ((id >= 2286666) AND (id <= 2287665))

table 7 : explain SELECT c FROM sbtest7 WHERE id BETWEEN 2098790 AND 2099789 ORDER BY c
	Sort  (cost=4202.09..4204.78 rows=1076 width=121)
	  Sort Key: c
	  ->  Bitmap Heap Scan on sbtest7  (cost=23.46..4147.91 rows=1076 width=121)
	        Recheck Cond: ((id >= 2098790) AND (id <= 2099789))
	        ->  Bitmap Index Scan on sbtest7_pkey  (cost=0.00..23.19 rows=1076 width=0)
	              Index Cond: ((id >= 2098790) AND (id <= 2099789))

table 8 : explain SELECT c FROM sbtest8 WHERE id BETWEEN 2155806 AND 2156805 ORDER BY c
	Sort  (cost=4187.06..4189.74 rows=1071 width=121)
	  Sort Key: c
	  ->  Bitmap Heap Scan on sbtest8  (cost=27.41..4133.16 rows=1071 width=121)
	        Recheck Cond: ((id >= 2155806) AND (id <= 2156805))
	        ->  Bitmap Index Scan on sbtest8_pkey  (cost=0.00..27.14 rows=1071 width=0)
	              Index Cond: ((id >= 2155806) AND (id <= 2156805))

explain: for point_selects :: explain SELECT c FROM sbtest%u WHERE id=%u
for: sum_ranges
table 1 : explain SELECT SUM(k) FROM sbtest1 WHERE id BETWEEN 791622 AND 792621
	Aggregate  (cost=3831.58..3831.59 rows=1 width=8)
	  ->  Bitmap Heap Scan on sbtest1  (cost=22.60..3829.10 rows=992 width=4)
	        Recheck Cond: ((id >= 791622) AND (id <= 792621))
	        ->  Bitmap Index Scan on sbtest1_pkey  (cost=0.00..22.36 rows=992 width=0)
	              Index Cond: ((id >= 791622) AND (id <= 792621))

table 2 : explain SELECT SUM(k) FROM sbtest2 WHERE id BETWEEN 8430495 AND 8431494
	Aggregate  (cost=3455.08..3455.09 rows=1 width=8)
	  ->  Bitmap Heap Scan on sbtest2  (cost=21.58..3452.85 rows=892 width=4)
	        Recheck Cond: ((id >= 8430495) AND (id <= 8431494))
	        ->  Bitmap Index Scan on sbtest2_pkey  (cost=0.00..21.36 rows=892 width=0)
	              Index Cond: ((id >= 8430495) AND (id <= 8431494))

table 3 : explain SELECT SUM(k) FROM sbtest3 WHERE id BETWEEN 8457893 AND 8458892
	Aggregate  (cost=3979.59..3979.60 rows=1 width=8)
	  ->  Bitmap Heap Scan on sbtest3  (cost=23.00..3977.02 rows=1031 width=4)
	        Recheck Cond: ((id >= 8457893) AND (id <= 8458892))
	        ->  Bitmap Index Scan on sbtest3_pkey  (cost=0.00..22.75 rows=1031 width=0)
	              Index Cond: ((id >= 8457893) AND (id <= 8458892))

table 4 : explain SELECT SUM(k) FROM sbtest4 WHERE id BETWEEN 1431261 AND 1432260
	Aggregate  (cost=3890.04..3890.05 rows=1 width=8)
	  ->  Bitmap Heap Scan on sbtest4  (cost=22.76..3887.52 rows=1007 width=4)
	        Recheck Cond: ((id >= 1431261) AND (id <= 1432260))
	        ->  Bitmap Index Scan on sbtest4_pkey  (cost=0.00..22.50 rows=1007 width=0)
	              Index Cond: ((id >= 1431261) AND (id <= 1432260))

table 5 : explain SELECT SUM(k) FROM sbtest5 WHERE id BETWEEN 2946153 AND 2947152
	Aggregate  (cost=3731.81..3731.82 rows=1 width=8)
	  ->  Bitmap Heap Scan on sbtest5  (cost=22.33..3729.39 rows=965 width=4)
	        Recheck Cond: ((id >= 2946153) AND (id <= 2947152))
	        ->  Bitmap Index Scan on sbtest5_pkey  (cost=0.00..22.08 rows=965 width=0)
	              Index Cond: ((id >= 2946153) AND (id <= 2947152))

table 6 : explain SELECT SUM(k) FROM sbtest6 WHERE id BETWEEN 317013 AND 318012
	Aggregate  (cost=3588.95..3588.96 rows=1 width=8)
	  ->  Bitmap Heap Scan on sbtest6  (cost=21.94..3586.63 rows=927 width=4)
	        Recheck Cond: ((id >= 317013) AND (id <= 318012))
	        ->  Bitmap Index Scan on sbtest6_pkey  (cost=0.00..21.70 rows=927 width=0)
	              Index Cond: ((id >= 317013) AND (id <= 318012))

table 7 : explain SELECT SUM(k) FROM sbtest7 WHERE id BETWEEN 7957382 AND 7958381
	Aggregate  (cost=3645.58..3645.59 rows=1 width=8)
	  ->  Bitmap Heap Scan on sbtest7  (cost=22.09..3643.23 rows=942 width=4)
	        Recheck Cond: ((id >= 7957382) AND (id <= 7958381))
	        ->  Bitmap Index Scan on sbtest7_pkey  (cost=0.00..21.86 rows=942 width=0)
	              Index Cond: ((id >= 7957382) AND (id <= 7958381))

table 8 : explain SELECT SUM(k) FROM sbtest8 WHERE id BETWEEN 4846478 AND 4847477
	Aggregate  (cost=3951.17..3951.18 rows=1 width=8)
	  ->  Bitmap Heap Scan on sbtest8  (cost=22.92..3948.61 rows=1023 width=4)
	        Recheck Cond: ((id >= 4846478) AND (id <= 4847477))
	        ->  Bitmap Index Scan on sbtest8_pkey  (cost=0.00..22.66 rows=1023 width=0)
	              Index Cond: ((id >= 4846478) AND (id <= 4847477))

for: sum_ranges
table 1 : explain SELECT SUM(k) FROM sbtest1 WHERE id BETWEEN 5914114 AND 5915113
	Aggregate  (cost=4008.48..4008.49 rows=1 width=8)
	  ->  Bitmap Heap Scan on sbtest1  (cost=23.08..4005.88 rows=1039 width=4)
	        Recheck Cond: ((id >= 5914114) AND (id <= 5915113))
	        ->  Bitmap Index Scan on sbtest1_pkey  (cost=0.00..22.82 rows=1039 width=0)
	              Index Cond: ((id >= 5914114) AND (id <= 5915113))

table 2 : explain SELECT SUM(k) FROM sbtest2 WHERE id BETWEEN 1421233 AND 1422232
	Aggregate  (cost=4144.91..4144.92 rows=1 width=8)
	  ->  Bitmap Heap Scan on sbtest2  (cost=23.45..4142.23 rows=1075 width=4)
	        Recheck Cond: ((id >= 1421233) AND (id <= 1422232))
	        ->  Bitmap Index Scan on sbtest2_pkey  (cost=0.00..23.18 rows=1075 width=0)
	              Index Cond: ((id >= 1421233) AND (id <= 1422232))

table 3 : explain SELECT SUM(k) FROM sbtest3 WHERE id BETWEEN 9776350 AND 9777349
	Aggregate  (cost=3859.10..3859.11 rows=1 width=8)
	  ->  Bitmap Heap Scan on sbtest3  (cost=22.67..3856.60 rows=999 width=4)
	        Recheck Cond: ((id >= 9776350) AND (id <= 9777349))
	        ->  Bitmap Index Scan on sbtest3_pkey  (cost=0.00..22.43 rows=999 width=0)
	              Index Cond: ((id >= 9776350) AND (id <= 9777349))

table 4 : explain SELECT SUM(k) FROM sbtest4 WHERE id BETWEEN 6992162 AND 6993161
	Aggregate  (cost=3739.22..3739.23 rows=1 width=8)
	  ->  Bitmap Heap Scan on sbtest4  (cost=22.35..3736.81 rows=967 width=4)
	        Recheck Cond: ((id >= 6992162) AND (id <= 6993161))
	        ->  Bitmap Index Scan on sbtest4_pkey  (cost=0.00..22.11 rows=967 width=0)
	              Index Cond: ((id >= 6992162) AND (id <= 6993161))

table 5 : explain SELECT SUM(k) FROM sbtest5 WHERE id BETWEEN 7838154 AND 7839153
	Aggregate  (cost=4119.79..4119.80 rows=1 width=8)
	  ->  Bitmap Heap Scan on sbtest5  (cost=23.38..4117.12 rows=1068 width=4)
	        Recheck Cond: ((id >= 7838154) AND (id <= 7839153))
	        ->  Bitmap Index Scan on sbtest5_pkey  (cost=0.00..23.11 rows=1068 width=0)
	              Index Cond: ((id >= 7838154) AND (id <= 7839153))

table 6 : explain SELECT SUM(k) FROM sbtest6 WHERE id BETWEEN 3393325 AND 3394324
	Aggregate  (cost=3834.34..3834.35 rows=1 width=8)
	  ->  Bitmap Heap Scan on sbtest6  (cost=22.60..3831.86 rows=992 width=4)
	        Recheck Cond: ((id >= 3393325) AND (id <= 3394324))
	        ->  Bitmap Index Scan on sbtest6_pkey  (cost=0.00..22.36 rows=992 width=0)
	              Index Cond: ((id >= 3393325) AND (id <= 3394324))

table 7 : explain SELECT SUM(k) FROM sbtest7 WHERE id BETWEEN 7124491 AND 7125490
	Aggregate  (cost=4116.75..4116.76 rows=1 width=8)
	  ->  Bitmap Heap Scan on sbtest7  (cost=23.37..4114.08 rows=1067 width=4)
	        Recheck Cond: ((id >= 7124491) AND (id <= 7125490))
	        ->  Bitmap Index Scan on sbtest7_pkey  (cost=0.00..23.11 rows=1067 width=0)
	              Index Cond: ((id >= 7124491) AND (id <= 7125490))

table 8 : explain SELECT SUM(k) FROM sbtest8 WHERE id BETWEEN 6132415 AND 6133414
	Aggregate  (cost=4196.00..4196.01 rows=1 width=8)
	  ->  Bitmap Heap Scan on sbtest8  (cost=27.58..4193.28 rows=1087 width=4)
	        Recheck Cond: ((id >= 6132415) AND (id <= 6133414))
	        ->  Bitmap Index Scan on sbtest8_pkey  (cost=0.00..27.30 rows=1087 width=0)
	              Index Cond: ((id >= 6132415) AND (id <= 6133414))

for: order_ranges
table 1 : explain SELECT c FROM sbtest1 WHERE id BETWEEN 1978670 AND 1979669 ORDER BY c
	Sort  (cost=4416.35..4419.18 rows=1133 width=121)
	  Sort Key: c
	  ->  Bitmap Heap Scan on sbtest1  (cost=28.05..4358.87 rows=1133 width=121)
	        Recheck Cond: ((id >= 1978670) AND (id <= 1979669))
	        ->  Bitmap Index Scan on sbtest1_pkey  (cost=0.00..27.76 rows=1133 width=0)
	              Index Cond: ((id >= 1978670) AND (id <= 1979669))

table 2 : explain SELECT c FROM sbtest2 WHERE id BETWEEN 4308083 AND 4309082 ORDER BY c
	Sort  (cost=3454.37..3456.57 rows=881 width=121)
	  Sort Key: c
	  ->  Bitmap Heap Scan on sbtest2  (cost=21.47..3411.27 rows=881 width=121)
	        Recheck Cond: ((id >= 4308083) AND (id <= 4309082))
	        ->  Bitmap Index Scan on sbtest2_pkey  (cost=0.00..21.25 rows=881 width=0)
	              Index Cond: ((id >= 4308083) AND (id <= 4309082))

table 3 : explain SELECT c FROM sbtest3 WHERE id BETWEEN 8932476 AND 8933475 ORDER BY c
	Sort  (cost=3936.94..3939.46 rows=1007 width=121)
	  Sort Key: c
	  ->  Bitmap Heap Scan on sbtest3  (cost=22.76..3886.72 rows=1007 width=121)
	        Recheck Cond: ((id >= 8932476) AND (id <= 8933475))
	        ->  Bitmap Index Scan on sbtest3_pkey  (cost=0.00..22.50 rows=1007 width=0)
	              Index Cond: ((id >= 8932476) AND (id <= 8933475))

table 4 : explain SELECT c FROM sbtest4 WHERE id BETWEEN 276418 AND 277417 ORDER BY c
	Sort  (cost=3669.88..3672.22 rows=937 width=121)
	  Sort Key: c
	  ->  Bitmap Heap Scan on sbtest4  (cost=22.04..3623.63 rows=937 width=121)
	        Recheck Cond: ((id >= 276418) AND (id <= 277417))
	        ->  Bitmap Index Scan on sbtest4_pkey  (cost=0.00..21.80 rows=937 width=0)
	              Index Cond: ((id >= 276418) AND (id <= 277417))

table 5 : explain SELECT c FROM sbtest5 WHERE id BETWEEN 3134463 AND 3135462 ORDER BY c
	Sort  (cost=3532.00..3534.25 rows=901 width=121)
	  Sort Key: c
	  ->  Bitmap Heap Scan on sbtest5  (cost=21.67..3487.78 rows=901 width=121)
	        Recheck Cond: ((id >= 3134463) AND (id <= 3135462))
	        ->  Bitmap Index Scan on sbtest5_pkey  (cost=0.00..21.44 rows=901 width=0)
	              Index Cond: ((id >= 3134463) AND (id <= 3135462))

table 6 : explain SELECT c FROM sbtest6 WHERE id BETWEEN 6990846 AND 6991845 ORDER BY c
	Sort  (cost=3482.71..3484.93 rows=888 width=121)
	  Sort Key: c
	  ->  Bitmap Heap Scan on sbtest6  (cost=21.54..3439.22 rows=888 width=121)
	        Recheck Cond: ((id >= 6990846) AND (id <= 6991845))
	        ->  Bitmap Index Scan on sbtest6_pkey  (cost=0.00..21.32 rows=888 width=0)
	              Index Cond: ((id >= 6990846) AND (id <= 6991845))

table 7 : explain SELECT c FROM sbtest7 WHERE id BETWEEN 4690601 AND 4691600 ORDER BY c
	Sort  (cost=3923.26..3925.76 rows=1003 width=121)
	  Sort Key: c
	  ->  Bitmap Heap Scan on sbtest7  (cost=22.72..3873.26 rows=1003 width=121)
	        Recheck Cond: ((id >= 4690601) AND (id <= 4691600))
	        ->  Bitmap Index Scan on sbtest7_pkey  (cost=0.00..22.46 rows=1003 width=0)
	              Index Cond: ((id >= 4690601) AND (id <= 4691600))

table 8 : explain SELECT c FROM sbtest8 WHERE id BETWEEN 9501728 AND 9502727 ORDER BY c
	Sort  (cost=3953.88..3956.41 rows=1011 width=121)
	  Sort Key: c
	  ->  Bitmap Heap Scan on sbtest8  (cost=22.80..3903.43 rows=1011 width=121)
	        Recheck Cond: ((id >= 9501728) AND (id <= 9502727))
	        ->  Bitmap Index Scan on sbtest8_pkey  (cost=0.00..22.54 rows=1011 width=0)
	              Index Cond: ((id >= 9501728) AND (id <= 9502727))

for: distinct_ranges
table 1 : explain SELECT DISTINCT c FROM sbtest1 WHERE id BETWEEN 553422 AND 554421 ORDER BY c
	Unique  (cost=3909.04..3914.04 rows=1000 width=121)
	  ->  Sort  (cost=3909.04..3911.54 rows=1000 width=121)
	        Sort Key: c
	        ->  Bitmap Heap Scan on sbtest1  (cost=22.68..3859.21 rows=1000 width=121)
	              Recheck Cond: ((id >= 553422) AND (id <= 554421))
	              ->  Bitmap Index Scan on sbtest1_pkey  (cost=0.00..22.43 rows=1000 width=0)
	                    Index Cond: ((id >= 553422) AND (id <= 554421))

table 2 : explain SELECT DISTINCT c FROM sbtest2 WHERE id BETWEEN 1862957 AND 1863956 ORDER BY c
	Unique  (cost=4005.56..4010.69 rows=1025 width=121)
	  ->  Sort  (cost=4005.56..4008.13 rows=1025 width=121)
	        Sort Key: c
	        ->  Bitmap Heap Scan on sbtest2  (cost=22.94..3954.31 rows=1025 width=121)
	              Recheck Cond: ((id >= 1862957) AND (id <= 1863956))
	              ->  Bitmap Index Scan on sbtest2_pkey  (cost=0.00..22.68 rows=1025 width=0)
	                    Index Cond: ((id >= 1862957) AND (id <= 1863956))

table 3 : explain SELECT DISTINCT c FROM sbtest3 WHERE id BETWEEN 6184075 AND 6185074 ORDER BY c
	Unique  (cost=3768.69..3773.51 rows=963 width=121)
	  ->  Sort  (cost=3768.69..3771.10 rows=963 width=121)
	        Sort Key: c
	        ->  Bitmap Heap Scan on sbtest3  (cost=22.31..3720.97 rows=963 width=121)
	              Recheck Cond: ((id >= 6184075) AND (id <= 6185074))
	              ->  Bitmap Index Scan on sbtest3_pkey  (cost=0.00..22.07 rows=963 width=0)
	                    Index Cond: ((id >= 6184075) AND (id <= 6185074))

table 4 : explain SELECT DISTINCT c FROM sbtest4 WHERE id BETWEEN 1404929 AND 1405928 ORDER BY c
	Unique  (cost=4052.37..4057.55 rows=1037 width=121)
	  ->  Sort  (cost=4052.37..4054.96 rows=1037 width=121)
	        Sort Key: c
	        ->  Bitmap Heap Scan on sbtest4  (cost=23.06..4000.42 rows=1037 width=121)
	              Recheck Cond: ((id >= 1404929) AND (id <= 1405928))
	              ->  Bitmap Index Scan on sbtest4_pkey  (cost=0.00..22.80 rows=1037 width=0)
	                    Index Cond: ((id >= 1404929) AND (id <= 1405928))

table 5 : explain SELECT DISTINCT c FROM sbtest5 WHERE id BETWEEN 7723300 AND 7724299 ORDER BY c
	Unique  (cost=3677.67..3682.36 rows=939 width=121)
	  ->  Sort  (cost=3677.67..3680.01 rows=939 width=121)
	        Sort Key: c
	        ->  Bitmap Heap Scan on sbtest5  (cost=22.06..3631.30 rows=939 width=121)
	              Recheck Cond: ((id >= 7723300) AND (id <= 7724299))
	              ->  Bitmap Index Scan on sbtest5_pkey  (cost=0.00..21.82 rows=939 width=0)
	                    Index Cond: ((id >= 7723300) AND (id <= 7724299))

table 6 : explain SELECT DISTINCT c FROM sbtest6 WHERE id BETWEEN 6162056 AND 6163055 ORDER BY c
	Unique  (cost=3888.88..3893.85 rows=994 width=121)
	  ->  Sort  (cost=3888.88..3891.37 rows=994 width=121)
	        Sort Key: c
	        ->  Bitmap Heap Scan on sbtest6  (cost=22.62..3839.39 rows=994 width=121)
	              Recheck Cond: ((id >= 6162056) AND (id <= 6163055))
	              ->  Bitmap Index Scan on sbtest6_pkey  (cost=0.00..22.37 rows=994 width=0)
	                    Index Cond: ((id >= 6162056) AND (id <= 6163055))

table 7 : explain SELECT DISTINCT c FROM sbtest7 WHERE id BETWEEN 4694888 AND 4695887 ORDER BY c
	Unique  (cost=3923.26..3928.27 rows=1003 width=121)
	  ->  Sort  (cost=3923.26..3925.76 rows=1003 width=121)
	        Sort Key: c
	        ->  Bitmap Heap Scan on sbtest7  (cost=22.72..3873.26 rows=1003 width=121)
	              Recheck Cond: ((id >= 4694888) AND (id <= 4695887))
	              ->  Bitmap Index Scan on sbtest7_pkey  (cost=0.00..22.46 rows=1003 width=0)
	                    Index Cond: ((id >= 4694888) AND (id <= 4695887))

table 8 : explain SELECT DISTINCT c FROM sbtest8 WHERE id BETWEEN 6197048 AND 6198047 ORDER BY c
	Unique  (cost=4053.25..4058.43 rows=1037 width=121)
	  ->  Sort  (cost=4053.25..4055.84 rows=1037 width=121)
	        Sort Key: c
	        ->  Bitmap Heap Scan on sbtest8  (cost=23.06..4001.30 rows=1037 width=121)
	              Recheck Cond: ((id >= 6197048) AND (id <= 6198047))
	              ->  Bitmap Index Scan on sbtest8_pkey  (cost=0.00..22.80 rows=1037 width=0)
	                    Index Cond: ((id >= 6197048) AND (id <= 6198047))

for: distinct_ranges
table 1 : explain SELECT DISTINCT c FROM sbtest1 WHERE id BETWEEN 8219909 AND 8220908 ORDER BY c
	Unique  (cost=4157.10..4162.43 rows=1065 width=121)
	  ->  Sort  (cost=4157.10..4159.76 rows=1065 width=121)
	        Sort Key: c
	        ->  Bitmap Heap Scan on sbtest1  (cost=23.35..4103.55 rows=1065 width=121)
	              Recheck Cond: ((id >= 8219909) AND (id <= 8220908))
	              ->  Bitmap Index Scan on sbtest1_pkey  (cost=0.00..23.08 rows=1065 width=0)
	                    Index Cond: ((id >= 8219909) AND (id <= 8220908))

table 2 : explain SELECT DISTINCT c FROM sbtest2 WHERE id BETWEEN 9963134 AND 9964133 ORDER BY c
	Unique  (cost=3898.59..3903.58 rows=997 width=121)
	  ->  Sort  (cost=3898.59..3901.08 rows=997 width=121)
	        Sort Key: c
	        ->  Bitmap Heap Scan on sbtest2  (cost=22.65..3848.93 rows=997 width=121)
	              Recheck Cond: ((id >= 9963134) AND (id <= 9964133))
	              ->  Bitmap Index Scan on sbtest2_pkey  (cost=0.00..22.40 rows=997 width=0)
	                    Index Cond: ((id >= 9963134) AND (id <= 9964133))

table 3 : explain SELECT DISTINCT c FROM sbtest3 WHERE id BETWEEN 3416034 AND 3417033 ORDER BY c
	Unique  (cost=4242.25..4247.69 rows=1087 width=121)
	  ->  Sort  (cost=4242.25..4244.97 rows=1087 width=121)
	        Sort Key: c
	        ->  Bitmap Heap Scan on sbtest3  (cost=23.58..4187.43 rows=1087 width=121)
	              Recheck Cond: ((id >= 3416034) AND (id <= 3417033))
	              ->  Bitmap Index Scan on sbtest3_pkey  (cost=0.00..23.30 rows=1087 width=0)
	                    Index Cond: ((id >= 3416034) AND (id <= 3417033))

table 4 : explain SELECT DISTINCT c FROM sbtest4 WHERE id BETWEEN 4372007 AND 4373006 ORDER BY c
	Unique  (cost=4102.00..4107.25 rows=1050 width=121)
	  ->  Sort  (cost=4102.00..4104.63 rows=1050 width=121)
	        Sort Key: c
	        ->  Bitmap Heap Scan on sbtest4  (cost=23.20..4049.31 rows=1050 width=121)
	              Recheck Cond: ((id >= 4372007) AND (id <= 4373006))
	              ->  Bitmap Index Scan on sbtest4_pkey  (cost=0.00..22.93 rows=1050 width=0)
	                    Index Cond: ((id >= 4372007) AND (id <= 4373006))

table 5 : explain SELECT DISTINCT c FROM sbtest5 WHERE id BETWEEN 5031894 AND 5032893 ORDER BY c
	Unique  (cost=4079.24..4084.46 rows=1044 width=121)
	  ->  Sort  (cost=4079.24..4081.85 rows=1044 width=121)
	        Sort Key: c
	        ->  Bitmap Heap Scan on sbtest5  (cost=23.14..4026.90 rows=1044 width=121)
	              Recheck Cond: ((id >= 5031894) AND (id <= 5032893))
	              ->  Bitmap Index Scan on sbtest5_pkey  (cost=0.00..22.87 rows=1044 width=0)
	                    Index Cond: ((id >= 5031894) AND (id <= 5032893))

table 6 : explain SELECT DISTINCT c FROM sbtest6 WHERE id BETWEEN 8617780 AND 8618779 ORDER BY c
	Unique  (cost=3693.63..3698.35 rows=943 width=121)
	  ->  Sort  (cost=3693.63..3695.99 rows=943 width=121)
	        Sort Key: c
	        ->  Bitmap Heap Scan on sbtest6  (cost=22.10..3647.04 rows=943 width=121)
	              Recheck Cond: ((id >= 8617780) AND (id <= 8618779))
	              ->  Bitmap Index Scan on sbtest6_pkey  (cost=0.00..21.86 rows=943 width=0)
	                    Index Cond: ((id >= 8617780) AND (id <= 8618779))

table 7 : explain SELECT DISTINCT c FROM sbtest7 WHERE id BETWEEN 9539021 AND 9540020 ORDER BY c
	Unique  (cost=3804.65..3809.51 rows=972 width=121)
	  ->  Sort  (cost=3804.65..3807.08 rows=972 width=121)
	        Sort Key: c
	        ->  Bitmap Heap Scan on sbtest7  (cost=22.40..3756.42 rows=972 width=121)
	              Recheck Cond: ((id >= 9539021) AND (id <= 9540020))
	              ->  Bitmap Index Scan on sbtest7_pkey  (cost=0.00..22.15 rows=972 width=0)
	                    Index Cond: ((id >= 9539021) AND (id <= 9540020))

table 8 : explain SELECT DISTINCT c FROM sbtest8 WHERE id BETWEEN 9273106 AND 9274105 ORDER BY c
	Unique  (cost=3348.27..3352.54 rows=853 width=121)
	  ->  Sort  (cost=3348.27..3350.41 rows=853 width=121)
	        Sort Key: c
	        ->  Bitmap Heap Scan on sbtest8  (cost=21.18..3306.75 rows=853 width=121)
	              Recheck Cond: ((id >= 9273106) AND (id <= 9274105))
	              ->  Bitmap Index Scan on sbtest8_pkey  (cost=0.00..20.96 rows=853 width=0)
	                    Index Cond: ((id >= 9273106) AND (id <= 9274105))

for: distinct_ranges
table 1 : explain SELECT DISTINCT c FROM sbtest1 WHERE id BETWEEN 1663557 AND 1664556 ORDER BY c
	Unique  (cost=3591.52..3596.10 rows=917 width=121)
	  ->  Sort  (cost=3591.52..3593.81 rows=917 width=121)
	        Sort Key: c
	        ->  Bitmap Heap Scan on sbtest1  (cost=21.83..3546.40 rows=917 width=121)
	              Recheck Cond: ((id >= 1663557) AND (id <= 1664556))
	              ->  Bitmap Index Scan on sbtest1_pkey  (cost=0.00..21.61 rows=917 width=0)
	                    Index Cond: ((id >= 1663557) AND (id <= 1664556))

table 2 : explain SELECT DISTINCT c FROM sbtest2 WHERE id BETWEEN 5345662 AND 5346661 ORDER BY c
	Unique  (cost=3955.91..3960.97 rows=1012 width=121)
	  ->  Sort  (cost=3955.91..3958.44 rows=1012 width=121)
	        Sort Key: c
	        ->  Bitmap Heap Scan on sbtest2  (cost=22.81..3905.40 rows=1012 width=121)
	              Recheck Cond: ((id >= 5345662) AND (id <= 5346661))
	              ->  Bitmap Index Scan on sbtest2_pkey  (cost=0.00..22.55 rows=1012 width=0)
	                    Index Cond: ((id >= 5345662) AND (id <= 5346661))

table 3 : explain SELECT DISTINCT c FROM sbtest3 WHERE id BETWEEN 2471319 AND 2472318 ORDER BY c
	Unique  (cost=3959.87..3964.93 rows=1013 width=121)
	  ->  Sort  (cost=3959.87..3962.40 rows=1013 width=121)
	        Sort Key: c
	        ->  Bitmap Heap Scan on sbtest3  (cost=22.82..3909.30 rows=1013 width=121)
	              Recheck Cond: ((id >= 2471319) AND (id <= 2472318))
	              ->  Bitmap Index Scan on sbtest3_pkey  (cost=0.00..22.57 rows=1013 width=0)
	                    Index Cond: ((id >= 2471319) AND (id <= 2472318))

table 4 : explain SELECT DISTINCT c FROM sbtest4 WHERE id BETWEEN 6115303 AND 6116302 ORDER BY c
	Unique  (cost=3865.10..3870.04 rows=988 width=121)
	  ->  Sort  (cost=3865.10..3867.57 rows=988 width=121)
	        Sort Key: c
	        ->  Bitmap Heap Scan on sbtest4  (cost=22.56..3815.96 rows=988 width=121)
	              Recheck Cond: ((id >= 6115303) AND (id <= 6116302))
	              ->  Bitmap Index Scan on sbtest4_pkey  (cost=0.00..22.32 rows=988 width=0)
	                    Index Cond: ((id >= 6115303) AND (id <= 6116302))

table 5 : explain SELECT DISTINCT c FROM sbtest5 WHERE id BETWEEN 754538 AND 755537 ORDER BY c
	Unique  (cost=3957.00..3962.06 rows=1012 width=121)
	  ->  Sort  (cost=3957.00..3959.53 rows=1012 width=121)
	        Sort Key: c
	        ->  Bitmap Heap Scan on sbtest5  (cost=22.81..3906.49 rows=1012 width=121)
	              Recheck Cond: ((id >= 754538) AND (id <= 755537))
	              ->  Bitmap Index Scan on sbtest5_pkey  (cost=0.00..22.55 rows=1012 width=0)
	                    Index Cond: ((id >= 754538) AND (id <= 755537))

table 6 : explain SELECT DISTINCT c FROM sbtest6 WHERE id BETWEEN 2082865 AND 2083864 ORDER BY c
	Unique  (cost=3908.01..3913.00 rows=999 width=121)
	  ->  Sort  (cost=3908.01..3910.50 rows=999 width=121)
	        Sort Key: c
	        ->  Bitmap Heap Scan on sbtest6  (cost=22.67..3858.23 rows=999 width=121)
	              Recheck Cond: ((id >= 2082865) AND (id <= 2083864))
	              ->  Bitmap Index Scan on sbtest6_pkey  (cost=0.00..22.43 rows=999 width=0)
	                    Index Cond: ((id >= 2082865) AND (id <= 2083864))

table 7 : explain SELECT DISTINCT c FROM sbtest7 WHERE id BETWEEN 5914565 AND 5915564 ORDER BY c
	Unique  (cost=3907.96..3912.95 rows=999 width=121)
	  ->  Sort  (cost=3907.96..3910.46 rows=999 width=121)
	        Sort Key: c
	        ->  Bitmap Heap Scan on sbtest7  (cost=22.67..3858.19 rows=999 width=121)
	              Recheck Cond: ((id >= 5914565) AND (id <= 5915564))
	              ->  Bitmap Index Scan on sbtest7_pkey  (cost=0.00..22.43 rows=999 width=0)
	                    Index Cond: ((id >= 5914565) AND (id <= 5915564))

table 8 : explain SELECT DISTINCT c FROM sbtest8 WHERE id BETWEEN 2060003 AND 2061002 ORDER BY c
	Unique  (cost=3651.47..3656.13 rows=932 width=121)
	  ->  Sort  (cost=3651.47..3653.80 rows=932 width=121)
	        Sort Key: c
	        ->  Bitmap Heap Scan on sbtest8  (cost=21.99..3605.50 rows=932 width=121)
	              Recheck Cond: ((id >= 2060003) AND (id <= 2061002))
	              ->  Bitmap Index Scan on sbtest8_pkey  (cost=0.00..21.75 rows=932 width=0)
	                    Index Cond: ((id >= 2060003) AND (id <= 2061002))

for point_selects
table 1 : explain SELECT c FROM sbtest1 WHERE id=3387274
	Index Scan using sbtest1_pkey on sbtest1  (cost=0.43..8.45 rows=1 width=121)
	  Index Cond: (id = 3387274)

table 2 : explain SELECT c FROM sbtest2 WHERE id=6988305
	Index Scan using sbtest2_pkey on sbtest2  (cost=0.43..8.45 rows=1 width=121)
	  Index Cond: (id = 6988305)

table 3 : explain SELECT c FROM sbtest3 WHERE id=1611900
	Index Scan using sbtest3_pkey on sbtest3  (cost=0.43..8.45 rows=1 width=121)
	  Index Cond: (id = 1611900)

table 4 : explain SELECT c FROM sbtest4 WHERE id=1268181
	Index Scan using sbtest4_pkey on sbtest4  (cost=0.43..8.45 rows=1 width=121)
	  Index Cond: (id = 1268181)

table 5 : explain SELECT c FROM sbtest5 WHERE id=3536704
	Index Scan using sbtest5_pkey on sbtest5  (cost=0.43..8.45 rows=1 width=121)
	  Index Cond: (id = 3536704)

table 6 : explain SELECT c FROM sbtest6 WHERE id=8539851
	Index Scan using sbtest6_pkey on sbtest6  (cost=0.43..8.45 rows=1 width=121)
	  Index Cond: (id = 8539851)

table 7 : explain SELECT c FROM sbtest7 WHERE id=2538788
	Index Scan using sbtest7_pkey on sbtest7  (cost=0.43..8.45 rows=1 width=121)
	  Index Cond: (id = 2538788)

table 8 : explain SELECT c FROM sbtest8 WHERE id=5073204
	Index Scan using sbtest8_pkey on sbtest8  (cost=0.43..8.45 rows=1 width=121)
	  Index Cond: (id = 5073204)

for: distinct_ranges
table 1 : explain SELECT DISTINCT c FROM sbtest1 WHERE id BETWEEN 209033 AND 210032 ORDER BY c
	Unique  (cost=4241.03..4246.47 rows=1088 width=121)
	  ->  Sort  (cost=4241.03..4243.75 rows=1088 width=121)
	        Sort Key: c
	        ->  Bitmap Heap Scan on sbtest1  (cost=23.59..4186.15 rows=1088 width=121)
	              Recheck Cond: ((id >= 209033) AND (id <= 210032))
	              ->  Bitmap Index Scan on sbtest1_pkey  (cost=0.00..23.32 rows=1088 width=0)
	                    Index Cond: ((id >= 209033) AND (id <= 210032))

table 2 : explain SELECT DISTINCT c FROM sbtest2 WHERE id BETWEEN 1870129 AND 1871128 ORDER BY c
	Unique  (cost=4005.56..4010.69 rows=1025 width=121)
	  ->  Sort  (cost=4005.56..4008.13 rows=1025 width=121)
	        Sort Key: c
	        ->  Bitmap Heap Scan on sbtest2  (cost=22.94..3954.31 rows=1025 width=121)
	              Recheck Cond: ((id >= 1870129) AND (id <= 1871128))
	              ->  Bitmap Index Scan on sbtest2_pkey  (cost=0.00..22.68 rows=1025 width=0)
	                    Index Cond: ((id >= 1870129) AND (id <= 1871128))

table 3 : explain SELECT DISTINCT c FROM sbtest3 WHERE id BETWEEN 9937794 AND 9938793 ORDER BY c
	Unique  (cost=3419.94..3424.30 rows=872 width=121)
	  ->  Sort  (cost=3419.94..3422.12 rows=872 width=121)
	        Sort Key: c
	        ->  Bitmap Heap Scan on sbtest3  (cost=21.37..3377.35 rows=872 width=121)
	              Recheck Cond: ((id >= 9937794) AND (id <= 9938793))
	              ->  Bitmap Index Scan on sbtest3_pkey  (cost=0.00..21.15 rows=872 width=0)
	                    Index Cond: ((id >= 9937794) AND (id <= 9938793))

table 4 : explain SELECT DISTINCT c FROM sbtest4 WHERE id BETWEEN 926810 AND 927809 ORDER BY c
	Unique  (cost=3849.80..3854.72 rows=984 width=121)
	  ->  Sort  (cost=3849.80..3852.26 rows=984 width=121)
	        Sort Key: c
	        ->  Bitmap Heap Scan on sbtest4  (cost=22.52..3800.89 rows=984 width=121)
	              Recheck Cond: ((id >= 926810) AND (id <= 927809))
	              ->  Bitmap Index Scan on sbtest4_pkey  (cost=0.00..22.27 rows=984 width=0)
	                    Index Cond: ((id >= 926810) AND (id <= 927809))

table 5 : explain SELECT DISTINCT c FROM sbtest5 WHERE id BETWEEN 3804930 AND 3805929 ORDER BY c
	Unique  (cost=4140.32..4145.62 rows=1060 width=121)
	  ->  Sort  (cost=4140.32..4142.97 rows=1060 width=121)
	        Sort Key: c
	        ->  Bitmap Heap Scan on sbtest5  (cost=23.30..4087.05 rows=1060 width=121)
	              Recheck Cond: ((id >= 3804930) AND (id <= 3805929))
	              ->  Bitmap Index Scan on sbtest5_pkey  (cost=0.00..23.04 rows=1060 width=0)
	                    Index Cond: ((id >= 3804930) AND (id <= 3805929))

table 6 : explain SELECT DISTINCT c FROM sbtest6 WHERE id BETWEEN 8602185 AND 8603184 ORDER BY c
	Unique  (cost=3693.63..3698.35 rows=943 width=121)
	  ->  Sort  (cost=3693.63..3695.99 rows=943 width=121)
	        Sort Key: c
	        ->  Bitmap Heap Scan on sbtest6  (cost=22.10..3647.04 rows=943 width=121)
	              Recheck Cond: ((id >= 8602185) AND (id <= 8603184))
	              ->  Bitmap Index Scan on sbtest6_pkey  (cost=0.00..21.86 rows=943 width=0)
	                    Index Cond: ((id >= 8602185) AND (id <= 8603184))

table 7 : explain SELECT DISTINCT c FROM sbtest7 WHERE id BETWEEN 3132331 AND 3133330 ORDER BY c
	Unique  (cost=3927.08..3932.10 rows=1004 width=121)
	  ->  Sort  (cost=3927.08..3929.59 rows=1004 width=121)
	        Sort Key: c
	        ->  Bitmap Heap Scan on sbtest7  (cost=22.73..3877.02 rows=1004 width=121)
	              Recheck Cond: ((id >= 3132331) AND (id <= 3133330))
	              ->  Bitmap Index Scan on sbtest7_pkey  (cost=0.00..22.47 rows=1004 width=0)
	                    Index Cond: ((id >= 3132331) AND (id <= 3133330))

table 8 : explain SELECT DISTINCT c FROM sbtest8 WHERE id BETWEEN 2489081 AND 2490080 ORDER BY c
	Unique  (cost=3716.61..3721.36 rows=949 width=121)
	  ->  Sort  (cost=3716.61..3718.99 rows=949 width=121)
	        Sort Key: c
	        ->  Bitmap Heap Scan on sbtest8  (cost=22.16..3669.68 rows=949 width=121)
	              Recheck Cond: ((id >= 2489081) AND (id <= 2490080))
	              ->  Bitmap Index Scan on sbtest8_pkey  (cost=0.00..21.93 rows=949 width=0)
	                    Index Cond: ((id >= 2489081) AND (id <= 2490080))

for: sum_ranges
table 1 : explain SELECT SUM(k) FROM sbtest1 WHERE id BETWEEN 610639 AND 611638
	Aggregate  (cost=3658.16..3658.17 rows=1 width=8)
	  ->  Bitmap Heap Scan on sbtest1  (cost=22.13..3655.80 rows=946 width=4)
	        Recheck Cond: ((id >= 610639) AND (id <= 611638))
	        ->  Bitmap Index Scan on sbtest1_pkey  (cost=0.00..21.89 rows=946 width=0)
	              Index Cond: ((id >= 610639) AND (id <= 611638))

table 2 : explain SELECT SUM(k) FROM sbtest2 WHERE id BETWEEN 9403216 AND 9404215
	Aggregate  (cost=3708.16..3708.17 rows=1 width=8)
	  ->  Bitmap Heap Scan on sbtest2  (cost=22.26..3705.76 rows=959 width=4)
	        Recheck Cond: ((id >= 9403216) AND (id <= 9404215))
	        ->  Bitmap Index Scan on sbtest2_pkey  (cost=0.00..22.02 rows=959 width=0)
	              Index Cond: ((id >= 9403216) AND (id <= 9404215))

table 3 : explain SELECT SUM(k) FROM sbtest3 WHERE id BETWEEN 8421534 AND 8422533
	Aggregate  (cost=3979.59..3979.60 rows=1 width=8)
	  ->  Bitmap Heap Scan on sbtest3  (cost=23.00..3977.02 rows=1031 width=4)
	        Recheck Cond: ((id >= 8421534) AND (id <= 8422533))
	        ->  Bitmap Index Scan on sbtest3_pkey  (cost=0.00..22.75 rows=1031 width=0)
	              Index Cond: ((id >= 8421534) AND (id <= 8422533))

table 4 : explain SELECT SUM(k) FROM sbtest4 WHERE id BETWEEN 822959 AND 823958
	Aggregate  (cost=3995.49..3995.50 rows=1 width=8)
	  ->  Bitmap Heap Scan on sbtest4  (cost=23.04..3992.90 rows=1035 width=4)
	        Recheck Cond: ((id >= 822959) AND (id <= 823958))
	        ->  Bitmap Index Scan on sbtest4_pkey  (cost=0.00..22.79 rows=1035 width=0)
	              Index Cond: ((id >= 822959) AND (id <= 823958))

table 5 : explain SELECT SUM(k) FROM sbtest5 WHERE id BETWEEN 5775073 AND 5776072
	Aggregate  (cost=3497.59..3497.60 rows=1 width=8)
	  ->  Bitmap Heap Scan on sbtest5  (cost=21.69..3495.34 rows=903 width=4)
	        Recheck Cond: ((id >= 5775073) AND (id <= 5776072))
	        ->  Bitmap Index Scan on sbtest5_pkey  (cost=0.00..21.46 rows=903 width=0)
	              Index Cond: ((id >= 5775073) AND (id <= 5776072))

table 6 : explain SELECT SUM(k) FROM sbtest6 WHERE id BETWEEN 440286 AND 441285
	Aggregate  (cost=3988.84..3988.85 rows=1 width=8)
	  ->  Bitmap Heap Scan on sbtest6  (cost=23.02..3986.26 rows=1033 width=4)
	        Recheck Cond: ((id >= 440286) AND (id <= 441285))
	        ->  Bitmap Index Scan on sbtest6_pkey  (cost=0.00..22.76 rows=1033 width=0)
	              Index Cond: ((id >= 440286) AND (id <= 441285))

table 7 : explain SELECT SUM(k) FROM sbtest7 WHERE id BETWEEN 538240 AND 539239
	Aggregate  (cost=3826.75..3826.76 rows=1 width=8)
	  ->  Bitmap Heap Scan on sbtest7  (cost=22.58..3824.27 rows=990 width=4)
	        Recheck Cond: ((id >= 538240) AND (id <= 539239))
	        ->  Bitmap Index Scan on sbtest7_pkey  (cost=0.00..22.33 rows=990 width=0)
	              Index Cond: ((id >= 538240) AND (id <= 539239))

table 8 : explain SELECT SUM(k) FROM sbtest8 WHERE id BETWEEN 1535999 AND 1536998
	Aggregate  (cost=3864.49..3864.50 rows=1 width=8)
	  ->  Bitmap Heap Scan on sbtest8  (cost=22.68..3861.99 rows=1000 width=4)
	        Recheck Cond: ((id >= 1535999) AND (id <= 1536998))
	        ->  Bitmap Index Scan on sbtest8_pkey  (cost=0.00..22.43 rows=1000 width=0)
	              Index Cond: ((id >= 1535999) AND (id <= 1536998))

for: distinct_ranges
table 1 : explain SELECT DISTINCT c FROM sbtest1 WHERE id BETWEEN 8520975 AND 8521974 ORDER BY c
	Unique  (cost=3985.42..3990.52 rows=1020 width=121)
	  ->  Sort  (cost=3985.42..3987.97 rows=1020 width=121)
	        Sort Key: c
	        ->  Bitmap Heap Scan on sbtest1  (cost=22.89..3934.45 rows=1020 width=121)
	              Recheck Cond: ((id >= 8520975) AND (id <= 8521974))
	              ->  Bitmap Index Scan on sbtest1_pkey  (cost=0.00..22.64 rows=1020 width=0)
	                    Index Cond: ((id >= 8520975) AND (id <= 8521974))

table 2 : explain SELECT DISTINCT c FROM sbtest2 WHERE id BETWEEN 1021186 AND 1022185 ORDER BY c
	Unique  (cost=3837.42..3842.32 rows=981 width=121)
	  ->  Sort  (cost=3837.42..3839.87 rows=981 width=121)
	        Sort Key: c
	        ->  Bitmap Heap Scan on sbtest2  (cost=22.49..3788.67 rows=981 width=121)
	              Recheck Cond: ((id >= 1021186) AND (id <= 1022185))
	              ->  Bitmap Index Scan on sbtest2_pkey  (cost=0.00..22.25 rows=981 width=0)
	                    Index Cond: ((id >= 1021186) AND (id <= 1022185))

table 3 : explain SELECT DISTINCT c FROM sbtest3 WHERE id BETWEEN 4935083 AND 4936082 ORDER BY c
	Unique  (cost=4295.88..4301.38 rows=1101 width=121)
	  ->  Sort  (cost=4295.88..4298.63 rows=1101 width=121)
	        Sort Key: c
	        ->  Bitmap Heap Scan on sbtest3  (cost=27.72..4240.25 rows=1101 width=121)
	              Recheck Cond: ((id >= 4935083) AND (id <= 4936082))
	              ->  Bitmap Index Scan on sbtest3_pkey  (cost=0.00..27.44 rows=1101 width=0)
	                    Index Cond: ((id >= 4935083) AND (id <= 4936082))

table 4 : explain SELECT DISTINCT c FROM sbtest4 WHERE id BETWEEN 8592477 AND 8593476 ORDER BY c
	Unique  (cost=4060.01..4065.20 rows=1039 width=121)
	  ->  Sort  (cost=4060.01..4062.60 rows=1039 width=121)
	        Sort Key: c
	        ->  Bitmap Heap Scan on sbtest4  (cost=23.08..4007.95 rows=1039 width=121)
	              Recheck Cond: ((id >= 8592477) AND (id <= 8593476))
	              ->  Bitmap Index Scan on sbtest4_pkey  (cost=0.00..22.82 rows=1039 width=0)
	                    Index Cond: ((id >= 8592477) AND (id <= 8593476))

table 5 : explain SELECT DISTINCT c FROM sbtest5 WHERE id BETWEEN 3015160 AND 3016159 ORDER BY c
	Unique  (cost=3777.23..3782.06 rows=965 width=121)
	  ->  Sort  (cost=3777.23..3779.64 rows=965 width=121)
	        Sort Key: c
	        ->  Bitmap Heap Scan on sbtest5  (cost=22.33..3729.39 rows=965 width=121)
	              Recheck Cond: ((id >= 3015160) AND (id <= 3016159))
	              ->  Bitmap Index Scan on sbtest5_pkey  (cost=0.00..22.08 rows=965 width=0)
	                    Index Cond: ((id >= 3015160) AND (id <= 3016159))

table 6 : explain SELECT DISTINCT c FROM sbtest6 WHERE id BETWEEN 6110215 AND 6111214 ORDER BY c
	Unique  (cost=3781.73..3786.56 rows=966 width=121)
	  ->  Sort  (cost=3781.73..3784.14 rows=966 width=121)
	        Sort Key: c
	        ->  Bitmap Heap Scan on sbtest6  (cost=22.34..3733.83 rows=966 width=121)
	              Recheck Cond: ((id >= 6110215) AND (id <= 6111214))
	              ->  Bitmap Index Scan on sbtest6_pkey  (cost=0.00..22.09 rows=966 width=0)
	                    Index Cond: ((id >= 6110215) AND (id <= 6111214))

table 7 : explain SELECT DISTINCT c FROM sbtest7 WHERE id BETWEEN 7946342 AND 7947341 ORDER BY c
	Unique  (cost=3689.76..3694.47 rows=942 width=121)
	  ->  Sort  (cost=3689.76..3692.11 rows=942 width=121)
	        Sort Key: c
	        ->  Bitmap Heap Scan on sbtest7  (cost=22.09..3643.23 rows=942 width=121)
	              Recheck Cond: ((id >= 7946342) AND (id <= 7947341))
	              ->  Bitmap Index Scan on sbtest7_pkey  (cost=0.00..21.86 rows=942 width=0)
	                    Index Cond: ((id >= 7946342) AND (id <= 7947341))

table 8 : explain SELECT DISTINCT c FROM sbtest8 WHERE id BETWEEN 3991355 AND 3992354 ORDER BY c
	Unique  (cost=3766.40..3771.21 rows=962 width=121)
	  ->  Sort  (cost=3766.40..3768.81 rows=962 width=121)
	        Sort Key: c
	        ->  Bitmap Heap Scan on sbtest8  (cost=22.30..3718.74 rows=962 width=121)
	              Recheck Cond: ((id >= 3991355) AND (id <= 3992354))
	              ->  Bitmap Index Scan on sbtest8_pkey  (cost=0.00..22.05 rows=962 width=0)
	                    Index Cond: ((id >= 3991355) AND (id <= 3992354))

for point_selects
table 1 : explain SELECT c FROM sbtest1 WHERE id=3966595
	Index Scan using sbtest1_pkey on sbtest1  (cost=0.43..8.45 rows=1 width=121)
	  Index Cond: (id = 3966595)

table 2 : explain SELECT c FROM sbtest2 WHERE id=1570944
	Index Scan using sbtest2_pkey on sbtest2  (cost=0.43..8.45 rows=1 width=121)
	  Index Cond: (id = 1570944)

table 3 : explain SELECT c FROM sbtest3 WHERE id=4079315
	Index Scan using sbtest3_pkey on sbtest3  (cost=0.43..8.45 rows=1 width=121)
	  Index Cond: (id = 4079315)

table 4 : explain SELECT c FROM sbtest4 WHERE id=3933578
	Index Scan using sbtest4_pkey on sbtest4  (cost=0.43..8.45 rows=1 width=121)
	  Index Cond: (id = 3933578)

table 5 : explain SELECT c FROM sbtest5 WHERE id=8265031
	Index Scan using sbtest5_pkey on sbtest5  (cost=0.43..8.45 rows=1 width=121)
	  Index Cond: (id = 8265031)

table 6 : explain SELECT c FROM sbtest6 WHERE id=8796052
	Index Scan using sbtest6_pkey on sbtest6  (cost=0.43..8.45 rows=1 width=121)
	  Index Cond: (id = 8796052)

table 7 : explain SELECT c FROM sbtest7 WHERE id=6945273
	Index Scan using sbtest7_pkey on sbtest7  (cost=0.43..8.45 rows=1 width=121)
	  Index Cond: (id = 6945273)

table 8 : explain SELECT c FROM sbtest8 WHERE id=324551
	Index Scan using sbtest8_pkey on sbtest8  (cost=0.43..8.45 rows=1 width=121)
	  Index Cond: (id = 324551)

explain: for point_selects :: explain SELECT c FROM sbtest%u WHERE id=%u
for: simple_ranges
table 1 : explain SELECT c FROM sbtest1 WHERE id BETWEEN 6173854 AND 6174853
	Bitmap Heap Scan on sbtest1  (cost=23.25..4065.99 rows=1055 width=121)
	  Recheck Cond: ((id >= 6173854) AND (id <= 6174853))
	  ->  Bitmap Index Scan on sbtest1_pkey  (cost=0.00..22.98 rows=1055 width=0)
	        Index Cond: ((id >= 6173854) AND (id <= 6174853))

table 2 : explain SELECT c FROM sbtest2 WHERE id BETWEEN 3241277 AND 3242276
	Bitmap Heap Scan on sbtest2  (cost=23.21..4052.06 rows=1051 width=121)
	  Recheck Cond: ((id >= 3241277) AND (id <= 3242276))
	  ->  Bitmap Index Scan on sbtest2_pkey  (cost=0.00..22.94 rows=1051 width=0)
	        Index Cond: ((id >= 3241277) AND (id <= 3242276))

table 3 : explain SELECT c FROM sbtest3 WHERE id BETWEEN 4521122 AND 4522121
	Bitmap Heap Scan on sbtest3  (cost=21.98..3600.26 rows=931 width=121)
	  Recheck Cond: ((id >= 4521122) AND (id <= 4522121))
	  ->  Bitmap Index Scan on sbtest3_pkey  (cost=0.00..21.75 rows=931 width=0)
	        Index Cond: ((id >= 4521122) AND (id <= 4522121))

table 4 : explain SELECT c FROM sbtest4 WHERE id BETWEEN 3736291 AND 3737290
	Bitmap Heap Scan on sbtest4  (cost=22.63..3842.33 rows=995 width=121)
	  Recheck Cond: ((id >= 3736291) AND (id <= 3737290))
	  ->  Bitmap Index Scan on sbtest4_pkey  (cost=0.00..22.39 rows=995 width=0)
	        Index Cond: ((id >= 3736291) AND (id <= 3737290))

table 5 : explain SELECT c FROM sbtest5 WHERE id BETWEEN 964520 AND 965519
	Bitmap Heap Scan on sbtest5  (cost=22.86..3925.31 rows=1017 width=121)
	  Recheck Cond: ((id >= 964520) AND (id <= 965519))
	  ->  Bitmap Index Scan on sbtest5_pkey  (cost=0.00..22.61 rows=1017 width=0)
	        Index Cond: ((id >= 964520) AND (id <= 965519))

table 6 : explain SELECT c FROM sbtest6 WHERE id BETWEEN 4962028 AND 4963027
	Bitmap Heap Scan on sbtest6  (cost=21.82..3545.07 rows=916 width=121)
	  Recheck Cond: ((id >= 4962028) AND (id <= 4963027))
	  ->  Bitmap Index Scan on sbtest6_pkey  (cost=0.00..21.59 rows=916 width=0)
	        Index Cond: ((id >= 4962028) AND (id <= 4963027))

table 7 : explain SELECT c FROM sbtest7 WHERE id BETWEEN 742756 AND 743755
	Bitmap Heap Scan on sbtest7  (cost=22.51..3797.89 rows=983 width=121)
	  Recheck Cond: ((id >= 742756) AND (id <= 743755))
	  ->  Bitmap Index Scan on sbtest7_pkey  (cost=0.00..22.26 rows=983 width=0)
	        Index Cond: ((id >= 742756) AND (id <= 743755))

table 8 : explain SELECT c FROM sbtest8 WHERE id BETWEEN 1588987 AND 1589986
	Bitmap Heap Scan on sbtest8  (cost=22.68..3861.99 rows=1000 width=121)
	  Recheck Cond: ((id >= 1588987) AND (id <= 1589986))
	  ->  Bitmap Index Scan on sbtest8_pkey  (cost=0.00..22.43 rows=1000 width=0)
	        Index Cond: ((id >= 1588987) AND (id <= 1589986))

explain: for point_selects :: explain SELECT c FROM sbtest%u WHERE id=%u
for: order_ranges
table 1 : explain SELECT c FROM sbtest1 WHERE id BETWEEN 1891411 AND 1892410 ORDER BY c
	Sort  (cost=4069.38..4071.99 rows=1042 width=121)
	  Sort Key: c
	  ->  Bitmap Heap Scan on sbtest1  (cost=23.12..4017.15 rows=1042 width=121)
	        Recheck Cond: ((id >= 1891411) AND (id <= 1892410))
	        ->  Bitmap Index Scan on sbtest1_pkey  (cost=0.00..22.86 rows=1042 width=0)
	              Index Cond: ((id >= 1891411) AND (id <= 1892410))

table 2 : explain SELECT c FROM sbtest2 WHERE id BETWEEN 8288528 AND 8289527 ORDER BY c
	Sort  (cost=4112.44..4115.07 rows=1053 width=121)
	  Sort Key: c
	  ->  Bitmap Heap Scan on sbtest2  (cost=23.23..4059.58 rows=1053 width=121)
	        Recheck Cond: ((id >= 8288528) AND (id <= 8289527))
	        ->  Bitmap Index Scan on sbtest2_pkey  (cost=0.00..22.96 rows=1053 width=0)
	              Index Cond: ((id >= 8288528) AND (id <= 8289527))

table 3 : explain SELECT c FROM sbtest3 WHERE id BETWEEN 3348415 AND 3349414 ORDER BY c
	Sort  (cost=4242.25..4244.97 rows=1087 width=121)
	  Sort Key: c
	  ->  Bitmap Heap Scan on sbtest3  (cost=23.58..4187.43 rows=1087 width=121)
	        Recheck Cond: ((id >= 3348415) AND (id <= 3349414))
	        ->  Bitmap Index Scan on sbtest3_pkey  (cost=0.00..23.30 rows=1087 width=0)
	              Index Cond: ((id >= 3348415) AND (id <= 3349414))

table 4 : explain SELECT c FROM sbtest4 WHERE id BETWEEN 9319048 AND 9320047 ORDER BY c
	Sort  (cost=4468.19..4471.05 rows=1146 width=121)
	  Sort Key: c
	  ->  Bitmap Heap Scan on sbtest4  (cost=28.18..4409.96 rows=1146 width=121)
	        Recheck Cond: ((id >= 9319048) AND (id <= 9320047))
	        ->  Bitmap Index Scan on sbtest4_pkey  (cost=0.00..27.89 rows=1146 width=0)
	              Index Cond: ((id >= 9319048) AND (id <= 9320047))

table 5 : explain SELECT c FROM sbtest5 WHERE id BETWEEN 1429834 AND 1430833 ORDER BY c
	Sort  (cost=3781.06..3783.47 rows=966 width=121)
	  Sort Key: c
	  ->  Bitmap Heap Scan on sbtest5  (cost=22.34..3733.17 rows=966 width=121)
	        Recheck Cond: ((id >= 1429834) AND (id <= 1430833))
	        ->  Bitmap Index Scan on sbtest5_pkey  (cost=0.00..22.09 rows=966 width=0)
	              Index Cond: ((id >= 1429834) AND (id <= 1430833))

table 6 : explain SELECT c FROM sbtest6 WHERE id BETWEEN 1214301 AND 1215300 ORDER BY c
	Sort  (cost=3854.45..3856.91 rows=985 width=121)
	  Sort Key: c
	  ->  Bitmap Heap Scan on sbtest6  (cost=22.53..3805.47 rows=985 width=121)
	        Recheck Cond: ((id >= 1214301) AND (id <= 1215300))
	        ->  Bitmap Index Scan on sbtest6_pkey  (cost=0.00..22.29 rows=985 width=0)
	              Index Cond: ((id >= 1214301) AND (id <= 1215300))

table 7 : explain SELECT c FROM sbtest7 WHERE id BETWEEN 5908408 AND 5909407 ORDER BY c
	Sort  (cost=3881.18..3883.66 rows=992 width=121)
	  Sort Key: c
	  ->  Bitmap Heap Scan on sbtest7  (cost=22.60..3831.81 rows=992 width=121)
	        Recheck Cond: ((id >= 5908408) AND (id <= 5909407))
	        ->  Bitmap Index Scan on sbtest7_pkey  (cost=0.00..22.36 rows=992 width=0)
	              Index Cond: ((id >= 5908408) AND (id <= 5909407))

table 8 : explain SELECT c FROM sbtest8 WHERE id BETWEEN 9422761 AND 9423760 ORDER BY c
	Sort  (cost=3846.79..3849.25 rows=983 width=121)
	  Sort Key: c
	  ->  Bitmap Heap Scan on sbtest8  (cost=22.51..3797.93 rows=983 width=121)
	        Recheck Cond: ((id >= 9422761) AND (id <= 9423760))
	        ->  Bitmap Index Scan on sbtest8_pkey  (cost=0.00..22.26 rows=983 width=0)
	              Index Cond: ((id >= 9422761) AND (id <= 9423760))

for point_selects
table 1 : explain SELECT c FROM sbtest1 WHERE id=677806
	Index Scan using sbtest1_pkey on sbtest1  (cost=0.43..8.45 rows=1 width=121)
	  Index Cond: (id = 677806)

table 2 : explain SELECT c FROM sbtest2 WHERE id=11303
	Index Scan using sbtest2_pkey on sbtest2  (cost=0.43..8.45 rows=1 width=121)
	  Index Cond: (id = 11303)

table 3 : explain SELECT c FROM sbtest3 WHERE id=665200
	Index Scan using sbtest3_pkey on sbtest3  (cost=0.43..8.45 rows=1 width=121)
	  Index Cond: (id = 665200)

table 4 : explain SELECT c FROM sbtest4 WHERE id=7094799
	Index Scan using sbtest4_pkey on sbtest4  (cost=0.43..8.45 rows=1 width=121)
	  Index Cond: (id = 7094799)

table 5 : explain SELECT c FROM sbtest5 WHERE id=6586939
	Index Scan using sbtest5_pkey on sbtest5  (cost=0.43..8.45 rows=1 width=121)
	  Index Cond: (id = 6586939)

table 6 : explain SELECT c FROM sbtest6 WHERE id=3333369
	Index Scan using sbtest6_pkey on sbtest6  (cost=0.43..8.45 rows=1 width=121)
	  Index Cond: (id = 3333369)

table 7 : explain SELECT c FROM sbtest7 WHERE id=5265217
	Index Scan using sbtest7_pkey on sbtest7  (cost=0.43..8.45 rows=1 width=121)
	  Index Cond: (id = 5265217)

table 8 : explain SELECT c FROM sbtest8 WHERE id=8989356
	Index Scan using sbtest8_pkey on sbtest8  (cost=0.43..8.45 rows=1 width=121)
	  Index Cond: (id = 8989356)

for: simple_ranges
table 1 : explain SELECT c FROM sbtest1 WHERE id BETWEEN 2839883 AND 2840882
	Bitmap Heap Scan on sbtest1  (cost=22.75..3881.79 rows=1006 width=121)
	  Recheck Cond: ((id >= 2839883) AND (id <= 2840882))
	  ->  Bitmap Index Scan on sbtest1_pkey  (cost=0.00..22.50 rows=1006 width=0)
	        Index Cond: ((id >= 2839883) AND (id <= 2840882))

table 2 : explain SELECT c FROM sbtest2 WHERE id BETWEEN 887611 AND 888610
	Bitmap Heap Scan on sbtest2  (cost=23.08..4006.96 rows=1039 width=121)
	  Recheck Cond: ((id >= 887611) AND (id <= 888610))
	  ->  Bitmap Index Scan on sbtest2_pkey  (cost=0.00..22.82 rows=1039 width=0)
	        Index Cond: ((id >= 887611) AND (id <= 888610))

table 3 : explain SELECT c FROM sbtest3 WHERE id BETWEEN 4113984 AND 4114983
	Bitmap Heap Scan on sbtest3  (cost=23.08..4007.10 rows=1039 width=121)
	  Recheck Cond: ((id >= 4113984) AND (id <= 4114983))
	  ->  Bitmap Index Scan on sbtest3_pkey  (cost=0.00..22.82 rows=1039 width=0)
	        Index Cond: ((id >= 4113984) AND (id <= 4114983))

table 4 : explain SELECT c FROM sbtest4 WHERE id BETWEEN 7153909 AND 7154908
	Bitmap Heap Scan on sbtest4  (cost=22.23..3695.32 rows=956 width=121)
	  Recheck Cond: ((id >= 7153909) AND (id <= 7154908))
	  ->  Bitmap Index Scan on sbtest4_pkey  (cost=0.00..22.00 rows=956 width=0)
	        Index Cond: ((id >= 7153909) AND (id <= 7154908))

table 5 : explain SELECT c FROM sbtest5 WHERE id BETWEEN 3359925 AND 3360924
	Bitmap Heap Scan on sbtest5  (cost=21.77..3525.57 rows=911 width=121)
	  Recheck Cond: ((id >= 3359925) AND (id <= 3360924))
	  ->  Bitmap Index Scan on sbtest5_pkey  (cost=0.00..21.54 rows=911 width=0)
	        Index Cond: ((id >= 3359925) AND (id <= 3360924))

table 6 : explain SELECT c FROM sbtest6 WHERE id BETWEEN 1095822 AND 1096821
	Bitmap Heap Scan on sbtest6  (cost=22.40..3756.46 rows=972 width=121)
	  Recheck Cond: ((id >= 1095822) AND (id <= 1096821))
	  ->  Bitmap Index Scan on sbtest6_pkey  (cost=0.00..22.15 rows=972 width=0)
	        Index Cond: ((id >= 1095822) AND (id <= 1096821))

table 7 : explain SELECT c FROM sbtest7 WHERE id BETWEEN 5154546 AND 5155545
	Bitmap Heap Scan on sbtest7  (cost=22.50..3794.12 rows=982 width=121)
	  Recheck Cond: ((id >= 5154546) AND (id <= 5155545))
	  ->  Bitmap Index Scan on sbtest7_pkey  (cost=0.00..22.25 rows=982 width=0)
	        Index Cond: ((id >= 5154546) AND (id <= 5155545))

table 8 : explain SELECT c FROM sbtest8 WHERE id BETWEEN 4349984 AND 4350983
	Bitmap Heap Scan on sbtest8  (cost=28.44..4504.67 rows=1171 width=121)
	  Recheck Cond: ((id >= 4349984) AND (id <= 4350983))
	  ->  Bitmap Index Scan on sbtest8_pkey  (cost=0.00..28.14 rows=1171 width=0)
	        Index Cond: ((id >= 4349984) AND (id <= 4350983))

for: order_ranges
table 1 : explain SELECT c FROM sbtest1 WHERE id BETWEEN 5604322 AND 5605321 ORDER BY c
	Sort  (cost=3909.04..3911.54 rows=1000 width=121)
	  Sort Key: c
	  ->  Bitmap Heap Scan on sbtest1  (cost=22.68..3859.21 rows=1000 width=121)
	        Recheck Cond: ((id >= 5604322) AND (id <= 5605321))
	        ->  Bitmap Index Scan on sbtest1_pkey  (cost=0.00..22.43 rows=1000 width=0)
	              Index Cond: ((id >= 5604322) AND (id <= 5605321))

table 2 : explain SELECT c FROM sbtest2 WHERE id BETWEEN 1422468 AND 1423467 ORDER BY c
	Sort  (cost=4196.35..4199.04 rows=1075 width=121)
	  Sort Key: c
	  ->  Bitmap Heap Scan on sbtest2  (cost=23.45..4142.23 rows=1075 width=121)
	        Recheck Cond: ((id >= 1422468) AND (id <= 1423467))
	        ->  Bitmap Index Scan on sbtest2_pkey  (cost=0.00..23.18 rows=1075 width=0)
	              Index Cond: ((id >= 1422468) AND (id <= 1423467))

table 3 : explain SELECT c FROM sbtest3 WHERE id BETWEEN 2613443 AND 2614442 ORDER BY c
	Sort  (cost=3998.07..4000.63 rows=1023 width=121)
	  Sort Key: c
	  ->  Bitmap Heap Scan on sbtest3  (cost=22.92..3946.93 rows=1023 width=121)
	        Recheck Cond: ((id >= 2613443) AND (id <= 2614442))
	        ->  Bitmap Index Scan on sbtest3_pkey  (cost=0.00..22.66 rows=1023 width=0)
	              Index Cond: ((id >= 2613443) AND (id <= 2614442))

table 4 : explain SELECT c FROM sbtest4 WHERE id BETWEEN 6664843 AND 6665842 ORDER BY c
	Sort  (cost=4178.32..4181.00 rows=1070 width=121)
	  Sort Key: c
	  ->  Bitmap Heap Scan on sbtest4  (cost=23.40..4124.48 rows=1070 width=121)
	        Recheck Cond: ((id >= 6664843) AND (id <= 6665842))
	        ->  Bitmap Index Scan on sbtest4_pkey  (cost=0.00..23.14 rows=1070 width=0)
	              Index Cond: ((id >= 6664843) AND (id <= 6665842))

table 5 : explain SELECT c FROM sbtest5 WHERE id BETWEEN 2698185 AND 2699184 ORDER BY c
	Sort  (cost=4369.35..4372.15 rows=1120 width=121)
	  Sort Key: c
	  ->  Bitmap Heap Scan on sbtest5  (cost=27.92..4312.63 rows=1120 width=121)
	        Recheck Cond: ((id >= 2698185) AND (id <= 2699184))
	        ->  Bitmap Index Scan on sbtest5_pkey  (cost=0.00..27.64 rows=1120 width=0)
	              Index Cond: ((id >= 2698185) AND (id <= 2699184))

table 6 : explain SELECT c FROM sbtest6 WHERE id BETWEEN 8628867 AND 8629866 ORDER BY c
	Sort  (cost=3693.63..3695.99 rows=943 width=121)
	  Sort Key: c
	  ->  Bitmap Heap Scan on sbtest6  (cost=22.10..3647.04 rows=943 width=121)
	        Recheck Cond: ((id >= 8628867) AND (id <= 8629866))
	        ->  Bitmap Index Scan on sbtest6_pkey  (cost=0.00..21.86 rows=943 width=0)
	              Index Cond: ((id >= 8628867) AND (id <= 8629866))

table 7 : explain SELECT c FROM sbtest7 WHERE id BETWEEN 7054959 AND 7055958 ORDER BY c
	Sort  (cost=4175.38..4178.06 rows=1069 width=121)
	  Sort Key: c
	  ->  Bitmap Heap Scan on sbtest7  (cost=23.39..4121.60 rows=1069 width=121)
	        Recheck Cond: ((id >= 7054959) AND (id <= 7055958))
	        ->  Bitmap Index Scan on sbtest7_pkey  (cost=0.00..23.12 rows=1069 width=0)
	              Index Cond: ((id >= 7054959) AND (id <= 7055958))

table 8 : explain SELECT c FROM sbtest8 WHERE id BETWEEN 9793926 AND 9794925 ORDER BY c
	Sort  (cost=3547.94..3550.20 rows=905 width=121)
	  Sort Key: c
	  ->  Bitmap Heap Scan on sbtest8  (cost=21.71..3503.49 rows=905 width=121)
	        Recheck Cond: ((id >= 9793926) AND (id <= 9794925))
	        ->  Bitmap Index Scan on sbtest8_pkey  (cost=0.00..21.48 rows=905 width=0)
	              Index Cond: ((id >= 9793926) AND (id <= 9794925))

for: order_ranges
table 1 : explain SELECT c FROM sbtest1 WHERE id BETWEEN 7090760 AND 7091759 ORDER BY c
	Sort  (cost=3947.24..3949.76 rows=1010 width=121)
	  Sort Key: c
	  ->  Bitmap Heap Scan on sbtest1  (cost=22.79..3896.84 rows=1010 width=121)
	        Recheck Cond: ((id >= 7090760) AND (id <= 7091759))
	        ->  Bitmap Index Scan on sbtest1_pkey  (cost=0.00..22.54 rows=1010 width=0)
	              Index Cond: ((id >= 7090760) AND (id <= 7091759))

table 2 : explain SELECT c FROM sbtest2 WHERE id BETWEEN 480790 AND 481789 ORDER BY c
	Sort  (cost=3803.00..3805.43 rows=972 width=121)
	  Sort Key: c
	  ->  Bitmap Heap Scan on sbtest2  (cost=22.40..3754.76 rows=972 width=121)
	        Recheck Cond: ((id >= 480790) AND (id <= 481789))
	        ->  Bitmap Index Scan on sbtest2_pkey  (cost=0.00..22.15 rows=972 width=0)
	              Index Cond: ((id >= 480790) AND (id <= 481789))

table 3 : explain SELECT c FROM sbtest3 WHERE id BETWEEN 485953 AND 486952 ORDER BY c
	Sort  (cost=3780.17..3782.59 rows=966 width=121)
	  Sort Key: c
	  ->  Bitmap Heap Scan on sbtest3  (cost=22.34..3732.28 rows=966 width=121)
	        Recheck Cond: ((id >= 485953) AND (id <= 486952))
	        ->  Bitmap Index Scan on sbtest3_pkey  (cost=0.00..22.09 rows=966 width=0)
	              Index Cond: ((id >= 485953) AND (id <= 486952))

table 4 : explain SELECT c FROM sbtest4 WHERE id BETWEEN 4910350 AND 4911349 ORDER BY c
	Sort  (cost=3765.62..3768.02 rows=962 width=121)
	  Sort Key: c
	  ->  Bitmap Heap Scan on sbtest4  (cost=22.30..3717.95 rows=962 width=121)
	        Recheck Cond: ((id >= 4910350) AND (id <= 4911349))
	        ->  Bitmap Index Scan on sbtest4_pkey  (cost=0.00..22.05 rows=962 width=0)
	              Index Cond: ((id >= 4910350) AND (id <= 4911349))

table 5 : explain SELECT c FROM sbtest5 WHERE id BETWEEN 8067727 AND 8068726 ORDER BY c
	Sort  (cost=3872.89..3875.36 rows=990 width=121)
	  Sort Key: c
	  ->  Bitmap Heap Scan on sbtest5  (cost=22.58..3823.63 rows=990 width=121)
	        Recheck Cond: ((id >= 8067727) AND (id <= 8068726))
	        ->  Bitmap Index Scan on sbtest5_pkey  (cost=0.00..22.33 rows=990 width=0)
	              Index Cond: ((id >= 8067727) AND (id <= 8068726))

table 6 : explain SELECT c FROM sbtest6 WHERE id BETWEEN 6177762 AND 6178761 ORDER BY c
	Sort  (cost=3888.88..3891.37 rows=994 width=121)
	  Sort Key: c
	  ->  Bitmap Heap Scan on sbtest6  (cost=22.62..3839.39 rows=994 width=121)
	        Recheck Cond: ((id >= 6177762) AND (id <= 6178761))
	        ->  Bitmap Index Scan on sbtest6_pkey  (cost=0.00..22.37 rows=994 width=0)
	              Index Cond: ((id >= 6177762) AND (id <= 6178761))

table 7 : explain SELECT c FROM sbtest7 WHERE id BETWEEN 2919733 AND 2920732 ORDER BY c
	Sort  (cost=4076.12..4078.73 rows=1043 width=121)
	  Sort Key: c
	  ->  Bitmap Heap Scan on sbtest7  (cost=23.13..4023.83 rows=1043 width=121)
	        Recheck Cond: ((id >= 2919733) AND (id <= 2920732))
	        ->  Bitmap Index Scan on sbtest7_pkey  (cost=0.00..22.86 rows=1043 width=0)
	              Index Cond: ((id >= 2919733) AND (id <= 2920732))

table 8 : explain SELECT c FROM sbtest8 WHERE id BETWEEN 5406798 AND 5407797 ORDER BY c
	Sort  (cost=3666.80..3669.14 rows=936 width=121)
	  Sort Key: c
	  ->  Bitmap Heap Scan on sbtest8  (cost=22.03..3620.61 rows=936 width=121)
	        Recheck Cond: ((id >= 5406798) AND (id <= 5407797))
	        ->  Bitmap Index Scan on sbtest8_pkey  (cost=0.00..21.79 rows=936 width=0)
	              Index Cond: ((id >= 5406798) AND (id <= 5407797))

explain: for point_selects :: explain SELECT c FROM sbtest%u WHERE id=%u
for: sum_ranges
table 1 : explain SELECT SUM(k) FROM sbtest1 WHERE id BETWEEN 2356011 AND 2357010
	Aggregate  (cost=4031.04..4031.05 rows=1 width=8)
	  ->  Bitmap Heap Scan on sbtest1  (cost=23.15..4028.43 rows=1045 width=4)
	        Recheck Cond: ((id >= 2356011) AND (id <= 2357010))
	        ->  Bitmap Index Scan on sbtest1_pkey  (cost=0.00..22.89 rows=1045 width=0)
	              Index Cond: ((id >= 2356011) AND (id <= 2357010))

table 2 : explain SELECT SUM(k) FROM sbtest2 WHERE id BETWEEN 5622285 AND 5623284
	Aggregate  (cost=3757.19..3757.20 rows=1 width=8)
	  ->  Bitmap Heap Scan on sbtest2  (cost=22.40..3754.76 rows=972 width=4)
	        Recheck Cond: ((id >= 5622285) AND (id <= 5623284))
	        ->  Bitmap Index Scan on sbtest2_pkey  (cost=0.00..22.15 rows=972 width=0)
	              Index Cond: ((id >= 5622285) AND (id <= 5623284))

table 3 : explain SELECT SUM(k) FROM sbtest3 WHERE id BETWEEN 262523 AND 263522
	Aggregate  (cost=3651.68..3651.69 rows=1 width=8)
	  ->  Bitmap Heap Scan on sbtest3  (cost=22.11..3649.32 rows=944 width=4)
	        Recheck Cond: ((id >= 262523) AND (id <= 263522))
	        ->  Bitmap Index Scan on sbtest3_pkey  (cost=0.00..21.87 rows=944 width=0)
	              Index Cond: ((id >= 262523) AND (id <= 263522))

table 4 : explain SELECT SUM(k) FROM sbtest4 WHERE id BETWEEN 18160 AND 19159
	Aggregate  (cost=3349.89..3349.90 rows=1 width=8)
	  ->  Bitmap Heap Scan on sbtest4  (cost=21.29..3347.73 rows=864 width=4)
	        Recheck Cond: ((id >= 18160) AND (id <= 19159))
	        ->  Bitmap Index Scan on sbtest4_pkey  (cost=0.00..21.07 rows=864 width=0)
	              Index Cond: ((id >= 18160) AND (id <= 19159))

table 5 : explain SELECT SUM(k) FROM sbtest5 WHERE id BETWEEN 7528358 AND 7529357
	Aggregate  (cost=3599.65..3599.66 rows=1 width=8)
	  ->  Bitmap Heap Scan on sbtest5  (cost=21.97..3597.33 rows=930 width=4)
	        Recheck Cond: ((id >= 7528358) AND (id <= 7529357))
	        ->  Bitmap Index Scan on sbtest5_pkey  (cost=0.00..21.73 rows=930 width=0)
	              Index Cond: ((id >= 7528358) AND (id <= 7529357))

table 6 : explain SELECT SUM(k) FROM sbtest6 WHERE id BETWEEN 4033215 AND 4034214
	Aggregate  (cost=3958.71..3958.72 rows=1 width=8)
	  ->  Bitmap Heap Scan on sbtest6  (cost=22.94..3956.15 rows=1025 width=4)
	        Recheck Cond: ((id >= 4033215) AND (id <= 4034214))
	        ->  Bitmap Index Scan on sbtest6_pkey  (cost=0.00..22.68 rows=1025 width=0)
	              Index Cond: ((id >= 4033215) AND (id <= 4034214))

table 7 : explain SELECT SUM(k) FROM sbtest7 WHERE id BETWEEN 551065 AND 552064
	Aggregate  (cost=3826.75..3826.76 rows=1 width=8)
	  ->  Bitmap Heap Scan on sbtest7  (cost=22.58..3824.27 rows=990 width=4)
	        Recheck Cond: ((id >= 551065) AND (id <= 552064))
	        ->  Bitmap Index Scan on sbtest7_pkey  (cost=0.00..22.33 rows=990 width=0)
	              Index Cond: ((id >= 551065) AND (id <= 552064))

table 8 : explain SELECT SUM(k) FROM sbtest8 WHERE id BETWEEN 8227333 AND 8228332
	Aggregate  (cost=3551.14..3551.15 rows=1 width=8)
	  ->  Bitmap Heap Scan on sbtest8  (cost=21.83..3548.84 rows=917 width=4)
	        Recheck Cond: ((id >= 8227333) AND (id <= 8228332))
	        ->  Bitmap Index Scan on sbtest8_pkey  (cost=0.00..21.61 rows=917 width=0)
	              Index Cond: ((id >= 8227333) AND (id <= 8228332))

for: distinct_ranges
table 1 : explain SELECT DISTINCT c FROM sbtest1 WHERE id BETWEEN 9033617 AND 9034616 ORDER BY c
	Unique  (cost=3583.86..3588.43 rows=915 width=121)
	  ->  Sort  (cost=3583.86..3586.15 rows=915 width=121)
	        Sort Key: c
	        ->  Bitmap Heap Scan on sbtest1  (cost=21.81..3538.85 rows=915 width=121)
	              Recheck Cond: ((id >= 9033617) AND (id <= 9034616))
	              ->  Bitmap Index Scan on sbtest1_pkey  (cost=0.00..21.58 rows=915 width=0)
	                    Index Cond: ((id >= 9033617) AND (id <= 9034616))

table 2 : explain SELECT DISTINCT c FROM sbtest2 WHERE id BETWEEN 7743288 AND 7744287 ORDER BY c
	Unique  (cost=4047.56..4052.74 rows=1036 width=121)
	  ->  Sort  (cost=4047.56..4050.15 rows=1036 width=121)
	        Sort Key: c
	        ->  Bitmap Heap Scan on sbtest2  (cost=23.05..3995.68 rows=1036 width=121)
	              Recheck Cond: ((id >= 7743288) AND (id <= 7744287))
	              ->  Bitmap Index Scan on sbtest2_pkey  (cost=0.00..22.79 rows=1036 width=0)
	                    Index Cond: ((id >= 7743288) AND (id <= 7744287))

table 3 : explain SELECT DISTINCT c FROM sbtest3 WHERE id BETWEEN 9863911 AND 9864910 ORDER BY c
	Unique  (cost=4097.33..4102.57 rows=1049 width=121)
	  ->  Sort  (cost=4097.33..4099.95 rows=1049 width=121)
	        Sort Key: c
	        ->  Bitmap Heap Scan on sbtest3  (cost=23.19..4044.69 rows=1049 width=121)
	              Recheck Cond: ((id >= 9863911) AND (id <= 9864910))
	              ->  Bitmap Index Scan on sbtest3_pkey  (cost=0.00..22.93 rows=1049 width=0)
	                    Index Cond: ((id >= 9863911) AND (id <= 9864910))

table 4 : explain SELECT DISTINCT c FROM sbtest4 WHERE id BETWEEN 1762852 AND 1763851 ORDER BY c
	Unique  (cost=3470.49..3474.92 rows=885 width=121)
	  ->  Sort  (cost=3470.49..3472.71 rows=885 width=121)
	        Sort Key: c
	        ->  Bitmap Heap Scan on sbtest4  (cost=21.51..3427.17 rows=885 width=121)
	              Recheck Cond: ((id >= 1762852) AND (id <= 1763851))
	              ->  Bitmap Index Scan on sbtest4_pkey  (cost=0.00..21.29 rows=885 width=0)
	                    Index Cond: ((id >= 1762852) AND (id <= 1763851))

table 5 : explain SELECT DISTINCT c FROM sbtest5 WHERE id BETWEEN 8117743 AND 8118742 ORDER BY c
	Unique  (cost=3788.71..3793.55 rows=968 width=121)
	  ->  Sort  (cost=3788.71..3791.13 rows=968 width=121)
	        Sort Key: c
	        ->  Bitmap Heap Scan on sbtest5  (cost=22.36..3740.71 rows=968 width=121)
	              Recheck Cond: ((id >= 8117743) AND (id <= 8118742))
	              ->  Bitmap Index Scan on sbtest5_pkey  (cost=0.00..22.11 rows=968 width=0)
	                    Index Cond: ((id >= 8117743) AND (id <= 8118742))

table 6 : explain SELECT DISTINCT c FROM sbtest6 WHERE id BETWEEN 4947725 AND 4948724 ORDER BY c
	Unique  (cost=3927.13..3932.15 rows=1004 width=121)
	  ->  Sort  (cost=3927.13..3929.64 rows=1004 width=121)
	        Sort Key: c
	        ->  Bitmap Heap Scan on sbtest6  (cost=22.73..3877.07 rows=1004 width=121)
	              Recheck Cond: ((id >= 4947725) AND (id <= 4948724))
	              ->  Bitmap Index Scan on sbtest6_pkey  (cost=0.00..22.47 rows=1004 width=0)
	                    Index Cond: ((id >= 4947725) AND (id <= 4948724))

table 7 : explain SELECT DISTINCT c FROM sbtest7 WHERE id BETWEEN 5799175 AND 5800174 ORDER BY c
	Unique  (cost=3708.92..3713.65 rows=947 width=121)
	  ->  Sort  (cost=3708.92..3711.28 rows=947 width=121)
	        Sort Key: c
	        ->  Bitmap Heap Scan on sbtest7  (cost=22.14..3662.10 rows=947 width=121)
	              Recheck Cond: ((id >= 5799175) AND (id <= 5800174))
	              ->  Bitmap Index Scan on sbtest7_pkey  (cost=0.00..21.90 rows=947 width=0)
	                    Index Cond: ((id >= 5799175) AND (id <= 5800174))

table 8 : explain SELECT DISTINCT c FROM sbtest8 WHERE id BETWEEN 1081195 AND 1082194 ORDER BY c
	Unique  (cost=3643.81..3648.46 rows=930 width=121)
	  ->  Sort  (cost=3643.81..3646.13 rows=930 width=121)
	        Sort Key: c
	        ->  Bitmap Heap Scan on sbtest8  (cost=21.97..3597.95 rows=930 width=121)
	              Recheck Cond: ((id >= 1081195) AND (id <= 1082194))
	              ->  Bitmap Index Scan on sbtest8_pkey  (cost=0.00..21.73 rows=930 width=0)
	                    Index Cond: ((id >= 1081195) AND (id <= 1082194))

for point_selects
table 1 : explain SELECT c FROM sbtest1 WHERE id=3209803
	Index Scan using sbtest1_pkey on sbtest1  (cost=0.43..8.45 rows=1 width=121)
	  Index Cond: (id = 3209803)

table 2 : explain SELECT c FROM sbtest2 WHERE id=8904760
	Index Scan using sbtest2_pkey on sbtest2  (cost=0.43..8.45 rows=1 width=121)
	  Index Cond: (id = 8904760)

table 3 : explain SELECT c FROM sbtest3 WHERE id=6504493
	Index Scan using sbtest3_pkey on sbtest3  (cost=0.43..8.45 rows=1 width=121)
	  Index Cond: (id = 6504493)

table 4 : explain SELECT c FROM sbtest4 WHERE id=3644545
	Index Scan using sbtest4_pkey on sbtest4  (cost=0.43..8.45 rows=1 width=121)
	  Index Cond: (id = 3644545)

table 5 : explain SELECT c FROM sbtest5 WHERE id=1947881
	Index Scan using sbtest5_pkey on sbtest5  (cost=0.43..8.45 rows=1 width=121)
	  Index Cond: (id = 1947881)

table 6 : explain SELECT c FROM sbtest6 WHERE id=3366116
	Index Scan using sbtest6_pkey on sbtest6  (cost=0.43..8.45 rows=1 width=121)
	  Index Cond: (id = 3366116)

table 7 : explain SELECT c FROM sbtest7 WHERE id=862646
	Index Scan using sbtest7_pkey on sbtest7  (cost=0.43..8.45 rows=1 width=121)
	  Index Cond: (id = 862646)

table 8 : explain SELECT c FROM sbtest8 WHERE id=3398394
	Index Scan using sbtest8_pkey on sbtest8  (cost=0.43..8.45 rows=1 width=121)
	  Index Cond: (id = 3398394)

for: sum_ranges
table 1 : explain SELECT SUM(k) FROM sbtest1 WHERE id BETWEEN 845950 AND 846949
	Aggregate  (cost=4094.94..4094.95 rows=1 width=8)
	  ->  Bitmap Heap Scan on sbtest1  (cost=23.32..4092.28 rows=1062 width=4)
	        Recheck Cond: ((id >= 845950) AND (id <= 846949))
	        ->  Bitmap Index Scan on sbtest1_pkey  (cost=0.00..23.05 rows=1062 width=0)
	              Index Cond: ((id >= 845950) AND (id <= 846949))

table 2 : explain SELECT SUM(k) FROM sbtest2 WHERE id BETWEEN 6037884 AND 6038883
	Aggregate  (cost=3877.80..3877.81 rows=1 width=8)
	  ->  Bitmap Heap Scan on sbtest2  (cost=22.73..3875.29 rows=1004 width=4)
	        Recheck Cond: ((id >= 6037884) AND (id <= 6038883))
	        ->  Bitmap Index Scan on sbtest2_pkey  (cost=0.00..22.47 rows=1004 width=0)
	              Index Cond: ((id >= 6037884) AND (id <= 6038883))

table 3 : explain SELECT SUM(k) FROM sbtest3 WHERE id BETWEEN 63688 AND 64687
	Aggregate  (cost=3990.88..3990.89 rows=1 width=8)
	  ->  Bitmap Heap Scan on sbtest3  (cost=23.03..3988.30 rows=1034 width=4)
	        Recheck Cond: ((id >= 63688) AND (id <= 64687))
	        ->  Bitmap Index Scan on sbtest3_pkey  (cost=0.00..22.77 rows=1034 width=0)
	              Index Cond: ((id >= 63688) AND (id <= 64687))

table 4 : explain SELECT SUM(k) FROM sbtest4 WHERE id BETWEEN 3861673 AND 3862672
	Aggregate  (cost=3901.34..3901.35 rows=1 width=8)
	  ->  Bitmap Heap Scan on sbtest4  (cost=22.79..3898.82 rows=1010 width=4)
	        Recheck Cond: ((id >= 3861673) AND (id <= 3862672))
	        ->  Bitmap Index Scan on sbtest4_pkey  (cost=0.00..22.54 rows=1010 width=0)
	              Index Cond: ((id >= 3861673) AND (id <= 3862672))

table 5 : explain SELECT SUM(k) FROM sbtest5 WHERE id BETWEEN 2265491 AND 2266490
	Aggregate  (cost=3863.80..3863.81 rows=1 width=8)
	  ->  Bitmap Heap Scan on sbtest5  (cost=22.68..3861.30 rows=1000 width=4)
	        Recheck Cond: ((id >= 2265491) AND (id <= 2266490))
	        ->  Bitmap Index Scan on sbtest5_pkey  (cost=0.00..22.43 rows=1000 width=0)
	              Index Cond: ((id >= 2265491) AND (id <= 2266490))

table 6 : explain SELECT SUM(k) FROM sbtest6 WHERE id BETWEEN 1965428 AND 1966427
	Aggregate  (cost=3592.73..3592.74 rows=1 width=8)
	  ->  Bitmap Heap Scan on sbtest6  (cost=21.95..3590.41 rows=928 width=4)
	        Recheck Cond: ((id >= 1965428) AND (id <= 1966427))
	        ->  Bitmap Index Scan on sbtest6_pkey  (cost=0.00..21.71 rows=928 width=0)
	              Index Cond: ((id >= 1965428) AND (id <= 1966427))

table 7 : explain SELECT SUM(k) FROM sbtest7 WHERE id BETWEEN 2360518 AND 2361517
	Aggregate  (cost=3724.88..3724.89 rows=1 width=8)
	  ->  Bitmap Heap Scan on sbtest7  (cost=22.31..3722.47 rows=963 width=4)
	        Recheck Cond: ((id >= 2360518) AND (id <= 2361517))
	        ->  Bitmap Index Scan on sbtest7_pkey  (cost=0.00..22.07 rows=963 width=0)
	              Index Cond: ((id >= 2360518) AND (id <= 2361517))

table 8 : explain SELECT SUM(k) FROM sbtest8 WHERE id BETWEEN 4406565 AND 4407564
	Aggregate  (cost=3823.02..3823.03 rows=1 width=8)
	  ->  Bitmap Heap Scan on sbtest8  (cost=22.57..3820.54 rows=989 width=4)
	        Recheck Cond: ((id >= 4406565) AND (id <= 4407564))
	        ->  Bitmap Index Scan on sbtest8_pkey  (cost=0.00..22.32 rows=989 width=0)
	              Index Cond: ((id >= 4406565) AND (id <= 4407564))

for point_selects
table 1 : explain SELECT c FROM sbtest1 WHERE id=5286530
	Index Scan using sbtest1_pkey on sbtest1  (cost=0.43..8.45 rows=1 width=121)
	  Index Cond: (id = 5286530)

table 2 : explain SELECT c FROM sbtest2 WHERE id=8046834
	Index Scan using sbtest2_pkey on sbtest2  (cost=0.43..8.45 rows=1 width=121)
	  Index Cond: (id = 8046834)

table 3 : explain SELECT c FROM sbtest3 WHERE id=2501538
	Index Scan using sbtest3_pkey on sbtest3  (cost=0.43..8.45 rows=1 width=121)
	  Index Cond: (id = 2501538)

table 4 : explain SELECT c FROM sbtest4 WHERE id=3314954
	Index Scan using sbtest4_pkey on sbtest4  (cost=0.43..8.45 rows=1 width=121)
	  Index Cond: (id = 3314954)

table 5 : explain SELECT c FROM sbtest5 WHERE id=4437961
	Index Scan using sbtest5_pkey on sbtest5  (cost=0.43..8.45 rows=1 width=121)
	  Index Cond: (id = 4437961)

table 6 : explain SELECT c FROM sbtest6 WHERE id=3706954
	Index Scan using sbtest6_pkey on sbtest6  (cost=0.43..8.45 rows=1 width=121)
	  Index Cond: (id = 3706954)

table 7 : explain SELECT c FROM sbtest7 WHERE id=2118552
	Index Scan using sbtest7_pkey on sbtest7  (cost=0.43..8.45 rows=1 width=121)
	  Index Cond: (id = 2118552)

table 8 : explain SELECT c FROM sbtest8 WHERE id=3697529
	Index Scan using sbtest8_pkey on sbtest8  (cost=0.43..8.45 rows=1 width=121)
	  Index Cond: (id = 3697529)

for: order_ranges
table 1 : explain SELECT c FROM sbtest1 WHERE id BETWEEN 9436327 AND 9437326 ORDER BY c
	Sort  (cost=4004.51..4007.07 rows=1025 width=121)
	  Sort Key: c
	  ->  Bitmap Heap Scan on sbtest1  (cost=22.94..3953.25 rows=1025 width=121)
	        Recheck Cond: ((id >= 9436327) AND (id <= 9437326))
	        ->  Bitmap Index Scan on sbtest1_pkey  (cost=0.00..22.68 rows=1025 width=0)
	              Index Cond: ((id >= 9436327) AND (id <= 9437326))

table 2 : explain SELECT c FROM sbtest2 WHERE id BETWEEN 6902141 AND 6903140 ORDER BY c
	Sort  (cost=3898.59..3901.08 rows=997 width=121)
	  Sort Key: c
	  ->  Bitmap Heap Scan on sbtest2  (cost=22.65..3848.93 rows=997 width=121)
	        Recheck Cond: ((id >= 6902141) AND (id <= 6903140))
	        ->  Bitmap Index Scan on sbtest2_pkey  (cost=0.00..22.40 rows=997 width=0)
	              Index Cond: ((id >= 6902141) AND (id <= 6903140))

table 3 : explain SELECT c FROM sbtest3 WHERE id BETWEEN 4754625 AND 4755624 ORDER BY c
	Sort  (cost=3810.78..3813.21 rows=974 width=121)
	  Sort Key: c
	  ->  Bitmap Heap Scan on sbtest3  (cost=22.42..3762.43 rows=974 width=121)
	        Recheck Cond: ((id >= 4754625) AND (id <= 4755624))
	        ->  Bitmap Index Scan on sbtest3_pkey  (cost=0.00..22.18 rows=974 width=0)
	              Index Cond: ((id >= 4754625) AND (id <= 4755624))

table 4 : explain SELECT c FROM sbtest4 WHERE id BETWEEN 5818201 AND 5819200 ORDER BY c
	Sort  (cost=3872.75..3875.23 rows=990 width=121)
	  Sort Key: c
	  ->  Bitmap Heap Scan on sbtest4  (cost=22.58..3823.49 rows=990 width=121)
	        Recheck Cond: ((id >= 5818201) AND (id <= 5819200))
	        ->  Bitmap Index Scan on sbtest4_pkey  (cost=0.00..22.33 rows=990 width=0)
	              Index Cond: ((id >= 5818201) AND (id <= 5819200))

table 5 : explain SELECT c FROM sbtest5 WHERE id BETWEEN 1907603 AND 1908602 ORDER BY c
	Sort  (cost=4029.60..4032.17 rows=1031 width=121)
	  Sort Key: c
	  ->  Bitmap Heap Scan on sbtest5  (cost=23.00..3978.00 rows=1031 width=121)
	        Recheck Cond: ((id >= 1907603) AND (id <= 1908602))
	        ->  Bitmap Index Scan on sbtest5_pkey  (cost=0.00..22.75 rows=1031 width=0)
	              Index Cond: ((id >= 1907603) AND (id <= 1908602))

table 6 : explain SELECT c FROM sbtest6 WHERE id BETWEEN 9209762 AND 9210761 ORDER BY c
	Sort  (cost=4286.24..4288.99 rows=1097 width=121)
	  Sort Key: c
	  ->  Bitmap Heap Scan on sbtest6  (cost=27.68..4230.85 rows=1097 width=121)
	        Recheck Cond: ((id >= 9209762) AND (id <= 9210761))
	        ->  Bitmap Index Scan on sbtest6_pkey  (cost=0.00..27.40 rows=1097 width=0)
	              Index Cond: ((id >= 9209762) AND (id <= 9210761))

table 7 : explain SELECT c FROM sbtest7 WHERE id BETWEEN 1537754 AND 1538753 ORDER BY c
	Sort  (cost=3636.10..3638.42 rows=928 width=121)
	  Sort Key: c
	  ->  Bitmap Heap Scan on sbtest7  (cost=21.95..3590.36 rows=928 width=121)
	        Recheck Cond: ((id >= 1537754) AND (id <= 1538753))
	        ->  Bitmap Index Scan on sbtest7_pkey  (cost=0.00..21.71 rows=928 width=0)
	              Index Cond: ((id >= 1537754) AND (id <= 1538753))

table 8 : explain SELECT c FROM sbtest8 WHERE id BETWEEN 4133542 AND 4134541 ORDER BY c
	Sort  (cost=3693.63..3695.98 rows=943 width=121)
	  Sort Key: c
	  ->  Bitmap Heap Scan on sbtest8  (cost=22.10..3647.04 rows=943 width=121)
	        Recheck Cond: ((id >= 4133542) AND (id <= 4134541))
	        ->  Bitmap Index Scan on sbtest8_pkey  (cost=0.00..21.86 rows=943 width=0)
	              Index Cond: ((id >= 4133542) AND (id <= 4134541))

explain: for point_selects :: explain SELECT c FROM sbtest%u WHERE id=%u
for: distinct_ranges
table 1 : explain SELECT DISTINCT c FROM sbtest1 WHERE id BETWEEN 4577047 AND 4578046 ORDER BY c
	Unique  (cost=3867.01..3871.95 rows=989 width=121)
	  ->  Sort  (cost=3867.01..3869.48 rows=989 width=121)
	        Sort Key: c
	        ->  Bitmap Heap Scan on sbtest1  (cost=22.57..3817.81 rows=989 width=121)
	              Recheck Cond: ((id >= 4577047) AND (id <= 4578046))
	              ->  Bitmap Index Scan on sbtest1_pkey  (cost=0.00..22.32 rows=989 width=0)
	                    Index Cond: ((id >= 4577047) AND (id <= 4578046))

table 2 : explain SELECT DISTINCT c FROM sbtest2 WHERE id BETWEEN 6871214 AND 6872213 ORDER BY c
	Unique  (cost=4032.29..4037.45 rows=1032 width=121)
	  ->  Sort  (cost=4032.29..4034.87 rows=1032 width=121)
	        Sort Key: c
	        ->  Bitmap Heap Scan on sbtest2  (cost=23.01..3980.63 rows=1032 width=121)
	              Recheck Cond: ((id >= 6871214) AND (id <= 6872213))
	              ->  Bitmap Index Scan on sbtest2_pkey  (cost=0.00..22.75 rows=1032 width=0)
	                    Index Cond: ((id >= 6871214) AND (id <= 6872213))

table 3 : explain SELECT DISTINCT c FROM sbtest3 WHERE id BETWEEN 6501353 AND 6502352 ORDER BY c
	Unique  (cost=3818.43..3823.31 rows=976 width=121)
	  ->  Sort  (cost=3818.43..3820.87 rows=976 width=121)
	        Sort Key: c
	        ->  Bitmap Heap Scan on sbtest3  (cost=22.44..3769.97 rows=976 width=121)
	              Recheck Cond: ((id >= 6501353) AND (id <= 6502352))
	              ->  Bitmap Index Scan on sbtest3_pkey  (cost=0.00..22.19 rows=976 width=0)
	                    Index Cond: ((id >= 6501353) AND (id <= 6502352))

table 4 : explain SELECT DISTINCT c FROM sbtest4 WHERE id BETWEEN 6644207 AND 6645206 ORDER BY c
	Unique  (cost=4178.32..4183.67 rows=1070 width=121)
	  ->  Sort  (cost=4178.32..4181.00 rows=1070 width=121)
	        Sort Key: c
	        ->  Bitmap Heap Scan on sbtest4  (cost=23.40..4124.48 rows=1070 width=121)
	              Recheck Cond: ((id >= 6644207) AND (id <= 6645206))
	              ->  Bitmap Index Scan on sbtest4_pkey  (cost=0.00..23.14 rows=1070 width=0)
	                    Index Cond: ((id >= 6644207) AND (id <= 6645206))

table 5 : explain SELECT DISTINCT c FROM sbtest5 WHERE id BETWEEN 5777247 AND 5778246 ORDER BY c
	Unique  (cost=3539.67..3544.18 rows=903 width=121)
	  ->  Sort  (cost=3539.67..3541.93 rows=903 width=121)
	        Sort Key: c
	        ->  Bitmap Heap Scan on sbtest5  (cost=21.69..3495.34 rows=903 width=121)
	              Recheck Cond: ((id >= 5777247) AND (id <= 5778246))
	              ->  Bitmap Index Scan on sbtest5_pkey  (cost=0.00..21.46 rows=903 width=0)
	                    Index Cond: ((id >= 5777247) AND (id <= 5778246))

table 6 : explain SELECT DISTINCT c FROM sbtest6 WHERE id BETWEEN 7432368 AND 7433367 ORDER BY c
	Unique  (cost=3984.47..3989.57 rows=1019 width=121)
	  ->  Sort  (cost=3984.47..3987.02 rows=1019 width=121)
	        Sort Key: c
	        ->  Bitmap Heap Scan on sbtest6  (cost=22.88..3933.56 rows=1019 width=121)
	              Recheck Cond: ((id >= 7432368) AND (id <= 7433367))
	              ->  Bitmap Index Scan on sbtest6_pkey  (cost=0.00..22.62 rows=1019 width=0)
	                    Index Cond: ((id >= 7432368) AND (id <= 7433367))

table 7 : explain SELECT DISTINCT c FROM sbtest7 WHERE id BETWEEN 6313334 AND 6314333 ORDER BY c
	Unique  (cost=3674.43..3679.12 rows=938 width=121)
	  ->  Sort  (cost=3674.43..3676.78 rows=938 width=121)
	        Sort Key: c
	        ->  Bitmap Heap Scan on sbtest7  (cost=22.05..3628.13 rows=938 width=121)
	              Recheck Cond: ((id >= 6313334) AND (id <= 6314333))
	              ->  Bitmap Index Scan on sbtest7_pkey  (cost=0.00..21.82 rows=938 width=0)
	                    Index Cond: ((id >= 6313334) AND (id <= 6314333))

table 8 : explain SELECT DISTINCT c FROM sbtest8 WHERE id BETWEEN 2063869 AND 2064868 ORDER BY c
	Unique  (cost=3651.47..3656.13 rows=932 width=121)
	  ->  Sort  (cost=3651.47..3653.80 rows=932 width=121)
	        Sort Key: c
	        ->  Bitmap Heap Scan on sbtest8  (cost=21.99..3605.50 rows=932 width=121)
	              Recheck Cond: ((id >= 2063869) AND (id <= 2064868))
	              ->  Bitmap Index Scan on sbtest8_pkey  (cost=0.00..21.75 rows=932 width=0)
	                    Index Cond: ((id >= 2063869) AND (id <= 2064868))

for: simple_ranges
table 1 : explain SELECT c FROM sbtest1 WHERE id BETWEEN 7705617 AND 7706616
	Bitmap Heap Scan on sbtest1  (cost=21.80..3535.08 rows=914 width=121)
	  Recheck Cond: ((id >= 7705617) AND (id <= 7706616))
	  ->  Bitmap Index Scan on sbtest1_pkey  (cost=0.00..21.57 rows=914 width=0)
	        Index Cond: ((id >= 7705617) AND (id <= 7706616))

table 2 : explain SELECT c FROM sbtest2 WHERE id BETWEEN 5992454 AND 5993453
	Bitmap Heap Scan on sbtest2  (cost=23.36..4108.42 rows=1066 width=121)
	  Recheck Cond: ((id >= 5992454) AND (id <= 5993453))
	  ->  Bitmap Index Scan on sbtest2_pkey  (cost=0.00..23.09 rows=1066 width=0)
	        Index Cond: ((id >= 5992454) AND (id <= 5993453))

table 3 : explain SELECT c FROM sbtest3 WHERE id BETWEEN 6829086 AND 6830085
	Bitmap Heap Scan on sbtest3  (cost=22.43..3766.20 rows=975 width=121)
	  Recheck Cond: ((id >= 6829086) AND (id <= 6830085))
	  ->  Bitmap Index Scan on sbtest3_pkey  (cost=0.00..22.18 rows=975 width=0)
	        Index Cond: ((id >= 6829086) AND (id <= 6830085))

table 4 : explain SELECT c FROM sbtest4 WHERE id BETWEEN 3597434 AND 3598433
	Bitmap Heap Scan on sbtest4  (cost=23.26..4071.87 rows=1056 width=121)
	  Recheck Cond: ((id >= 3597434) AND (id <= 3598433))
	  ->  Bitmap Index Scan on sbtest4_pkey  (cost=0.00..23.00 rows=1056 width=0)
	        Index Cond: ((id >= 3597434) AND (id <= 3598433))

table 5 : explain SELECT c FROM sbtest5 WHERE id BETWEEN 5211585 AND 5212584
	Bitmap Heap Scan on sbtest5  (cost=22.88..3932.84 rows=1019 width=121)
	  Recheck Cond: ((id >= 5211585) AND (id <= 5212584))
	  ->  Bitmap Index Scan on sbtest5_pkey  (cost=0.00..22.62 rows=1019 width=0)
	        Index Cond: ((id >= 5211585) AND (id <= 5212584))

table 6 : explain SELECT c FROM sbtest6 WHERE id BETWEEN 4148239 AND 4149238
	Bitmap Heap Scan on sbtest6  (cost=23.33..4099.10 rows=1063 width=121)
	  Recheck Cond: ((id >= 4148239) AND (id <= 4149238))
	  ->  Bitmap Index Scan on sbtest6_pkey  (cost=0.00..23.07 rows=1063 width=0)
	        Index Cond: ((id >= 4148239) AND (id <= 4149238))

table 7 : explain SELECT c FROM sbtest7 WHERE id BETWEEN 4487657 AND 4488656
	Bitmap Heap Scan on sbtest7  (cost=23.00..3978.68 rows=1031 width=121)
	  Recheck Cond: ((id >= 4487657) AND (id <= 4488656))
	  ->  Bitmap Index Scan on sbtest7_pkey  (cost=0.00..22.75 rows=1031 width=0)
	        Index Cond: ((id >= 4487657) AND (id <= 4488656))

table 8 : explain SELECT c FROM sbtest8 WHERE id BETWEEN 7963161 AND 7964160
	Bitmap Heap Scan on sbtest8  (cost=22.45..3775.31 rows=977 width=121)
	  Recheck Cond: ((id >= 7963161) AND (id <= 7964160))
	  ->  Bitmap Index Scan on sbtest8_pkey  (cost=0.00..22.20 rows=977 width=0)
	        Index Cond: ((id >= 7963161) AND (id <= 7964160))

for point_selects
table 1 : explain SELECT c FROM sbtest1 WHERE id=71406
	Index Scan using sbtest1_pkey on sbtest1  (cost=0.43..8.45 rows=1 width=121)
	  Index Cond: (id = 71406)

table 2 : explain SELECT c FROM sbtest2 WHERE id=6920958
	Index Scan using sbtest2_pkey on sbtest2  (cost=0.43..8.45 rows=1 width=121)
	  Index Cond: (id = 6920958)

table 3 : explain SELECT c FROM sbtest3 WHERE id=4085919
	Index Scan using sbtest3_pkey on sbtest3  (cost=0.43..8.45 rows=1 width=121)
	  Index Cond: (id = 4085919)

table 4 : explain SELECT c FROM sbtest4 WHERE id=298614
	Index Scan using sbtest4_pkey on sbtest4  (cost=0.43..8.45 rows=1 width=121)
	  Index Cond: (id = 298614)

table 5 : explain SELECT c FROM sbtest5 WHERE id=3149696
	Index Scan using sbtest5_pkey on sbtest5  (cost=0.43..8.45 rows=1 width=121)
	  Index Cond: (id = 3149696)

table 6 : explain SELECT c FROM sbtest6 WHERE id=8556995
	Index Scan using sbtest6_pkey on sbtest6  (cost=0.43..8.45 rows=1 width=121)
	  Index Cond: (id = 8556995)

table 7 : explain SELECT c FROM sbtest7 WHERE id=4555192
	Index Scan using sbtest7_pkey on sbtest7  (cost=0.43..8.45 rows=1 width=121)
	  Index Cond: (id = 4555192)

table 8 : explain SELECT c FROM sbtest8 WHERE id=6401187
	Index Scan using sbtest8_pkey on sbtest8  (cost=0.43..8.45 rows=1 width=121)
	  Index Cond: (id = 6401187)

for: simple_ranges
table 1 : explain SELECT c FROM sbtest1 WHERE id BETWEEN 4034202 AND 4035201
	Bitmap Heap Scan on sbtest1  (cost=23.38..4114.81 rows=1068 width=121)
	  Recheck Cond: ((id >= 4034202) AND (id <= 4035201))
	  ->  Bitmap Index Scan on sbtest1_pkey  (cost=0.00..23.11 rows=1068 width=0)
	        Index Cond: ((id >= 4034202) AND (id <= 4035201))

table 2 : explain SELECT c FROM sbtest2 WHERE id BETWEEN 2353966 AND 2354965
	Bitmap Heap Scan on sbtest2  (cost=23.58..4187.28 rows=1087 width=121)
	  Recheck Cond: ((id >= 2353966) AND (id <= 2354965))
	  ->  Bitmap Index Scan on sbtest2_pkey  (cost=0.00..23.30 rows=1087 width=0)
	        Index Cond: ((id >= 2353966) AND (id <= 2354965))

table 3 : explain SELECT c FROM sbtest3 WHERE id BETWEEN 2441058 AND 2442057
	Bitmap Heap Scan on sbtest3  (cost=22.82..3909.30 rows=1013 width=121)
	  Recheck Cond: ((id >= 2441058) AND (id <= 2442057))
	  ->  Bitmap Index Scan on sbtest3_pkey  (cost=0.00..22.57 rows=1013 width=0)
	        Index Cond: ((id >= 2441058) AND (id <= 2442057))

table 4 : explain SELECT c FROM sbtest4 WHERE id BETWEEN 5665601 AND 5666600
	Bitmap Heap Scan on sbtest4  (cost=28.12..4387.47 rows=1140 width=121)
	  Recheck Cond: ((id >= 5665601) AND (id <= 5666600))
	  ->  Bitmap Index Scan on sbtest4_pkey  (cost=0.00..27.83 rows=1140 width=0)
	        Index Cond: ((id >= 5665601) AND (id <= 5666600))

table 5 : explain SELECT c FROM sbtest5 WHERE id BETWEEN 7580642 AND 7581641
	Bitmap Heap Scan on sbtest5  (cost=21.97..3597.33 rows=930 width=121)
	  Recheck Cond: ((id >= 7580642) AND (id <= 7581641))
	  ->  Bitmap Index Scan on sbtest5_pkey  (cost=0.00..21.73 rows=930 width=0)
	        Index Cond: ((id >= 7580642) AND (id <= 7581641))

table 6 : explain SELECT c FROM sbtest6 WHERE id BETWEEN 4444945 AND 4445944
	Bitmap Heap Scan on sbtest6  (cost=22.20..3684.79 rows=953 width=121)
	  Recheck Cond: ((id >= 4444945) AND (id <= 4445944))
	  ->  Bitmap Index Scan on sbtest6_pkey  (cost=0.00..21.96 rows=953 width=0)
	        Index Cond: ((id >= 4444945) AND (id <= 4445944))

table 7 : explain SELECT c FROM sbtest7 WHERE id BETWEEN 1512603 AND 1513602
	Bitmap Heap Scan on sbtest7  (cost=21.95..3590.36 rows=928 width=121)
	  Recheck Cond: ((id >= 1512603) AND (id <= 1513602))
	  ->  Bitmap Index Scan on sbtest7_pkey  (cost=0.00..21.71 rows=928 width=0)
	        Index Cond: ((id >= 1512603) AND (id <= 1513602))

table 8 : explain SELECT c FROM sbtest8 WHERE id BETWEEN 3772029 AND 3773028
	Bitmap Heap Scan on sbtest8  (cost=22.87..3929.79 rows=1018 width=121)
	  Recheck Cond: ((id >= 3772029) AND (id <= 3773028))
	  ->  Bitmap Index Scan on sbtest8_pkey  (cost=0.00..22.61 rows=1018 width=0)
	        Index Cond: ((id >= 3772029) AND (id <= 3773028))

for: simple_ranges
table 1 : explain SELECT c FROM sbtest1 WHERE id BETWEEN 9730458 AND 9731457
	Bitmap Heap Scan on sbtest1  (cost=22.85..3919.41 rows=1016 width=121)
	  Recheck Cond: ((id >= 9730458) AND (id <= 9731457))
	  ->  Bitmap Index Scan on sbtest1_pkey  (cost=0.00..22.59 rows=1016 width=0)
	        Index Cond: ((id >= 9730458) AND (id <= 9731457))

table 2 : explain SELECT c FROM sbtest2 WHERE id BETWEEN 5902360 AND 5903359
	Bitmap Heap Scan on sbtest2  (cost=21.51..3426.40 rows=885 width=121)
	  Recheck Cond: ((id >= 5902360) AND (id <= 5903359))
	  ->  Bitmap Index Scan on sbtest2_pkey  (cost=0.00..21.29 rows=885 width=0)
	        Index Cond: ((id >= 5902360) AND (id <= 5903359))

table 3 : explain SELECT c FROM sbtest3 WHERE id BETWEEN 3784996 AND 3785995
	Bitmap Heap Scan on sbtest3  (cost=23.11..4014.62 rows=1041 width=121)
	  Recheck Cond: ((id >= 3784996) AND (id <= 3785995))
	  ->  Bitmap Index Scan on sbtest3_pkey  (cost=0.00..22.84 rows=1041 width=0)
	        Index Cond: ((id >= 3784996) AND (id <= 3785995))

table 4 : explain SELECT c FROM sbtest4 WHERE id BETWEEN 5326052 AND 5327051
	Bitmap Heap Scan on sbtest4  (cost=23.60..4195.85 rows=1089 width=121)
	  Recheck Cond: ((id >= 5326052) AND (id <= 5327051))
	  ->  Bitmap Index Scan on sbtest4_pkey  (cost=0.00..23.32 rows=1089 width=0)
	        Index Cond: ((id >= 5326052) AND (id <= 5327051))

table 5 : explain SELECT c FROM sbtest5 WHERE id BETWEEN 7193540 AND 7194539
	Bitmap Heap Scan on sbtest5  (cost=21.82..3544.46 rows=916 width=121)
	  Recheck Cond: ((id >= 7193540) AND (id <= 7194539))
	  ->  Bitmap Index Scan on sbtest5_pkey  (cost=0.00..21.59 rows=916 width=0)
	        Index Cond: ((id >= 7193540) AND (id <= 7194539))

table 6 : explain SELECT c FROM sbtest6 WHERE id BETWEEN 6276105 AND 6277104
	Bitmap Heap Scan on sbtest6  (cost=23.37..4114.14 rows=1067 width=121)
	  Recheck Cond: ((id >= 6276105) AND (id <= 6277104))
	  ->  Bitmap Index Scan on sbtest6_pkey  (cost=0.00..23.11 rows=1067 width=0)
	        Index Cond: ((id >= 6276105) AND (id <= 6277104))

table 7 : explain SELECT c FROM sbtest7 WHERE id BETWEEN 8200529 AND 8201528
	Bitmap Heap Scan on sbtest7  (cost=22.80..3903.39 rows=1011 width=121)
	  Recheck Cond: ((id >= 8200529) AND (id <= 8201528))
	  ->  Bitmap Index Scan on sbtest7_pkey  (cost=0.00..22.54 rows=1011 width=0)
	        Index Cond: ((id >= 8200529) AND (id <= 8201528))

table 8 : explain SELECT c FROM sbtest8 WHERE id BETWEEN 96948 AND 97947
	Bitmap Heap Scan on sbtest8  (cost=21.77..3526.17 rows=911 width=121)
	  Recheck Cond: ((id >= 96948) AND (id <= 97947))
	  ->  Bitmap Index Scan on sbtest8_pkey  (cost=0.00..21.54 rows=911 width=0)
	        Index Cond: ((id >= 96948) AND (id <= 97947))

for: order_ranges
table 1 : explain SELECT c FROM sbtest1 WHERE id BETWEEN 3252369 AND 3253368 ORDER BY c
	Sort  (cost=3629.82..3632.14 rows=927 width=121)
	  Sort Key: c
	  ->  Bitmap Heap Scan on sbtest1  (cost=21.94..3584.14 rows=927 width=121)
	        Recheck Cond: ((id >= 3252369) AND (id <= 3253368))
	        ->  Bitmap Index Scan on sbtest1_pkey  (cost=0.00..21.70 rows=927 width=0)
	              Index Cond: ((id >= 3252369) AND (id <= 3253368))

table 2 : explain SELECT c FROM sbtest2 WHERE id BETWEEN 8016942 AND 8017941 ORDER BY c
	Sort  (cost=3829.77..3832.22 rows=979 width=121)
	  Sort Key: c
	  ->  Bitmap Heap Scan on sbtest2  (cost=22.47..3781.14 rows=979 width=121)
	        Recheck Cond: ((id >= 8016942) AND (id <= 8017941))
	        ->  Bitmap Index Scan on sbtest2_pkey  (cost=0.00..22.22 rows=979 width=0)
	              Index Cond: ((id >= 8016942) AND (id <= 8017941))

table 3 : explain SELECT c FROM sbtest3 WHERE id BETWEEN 4025870 AND 4026869 ORDER BY c
	Sort  (cost=4104.96..4107.59 rows=1051 width=121)
	  Sort Key: c
	  ->  Bitmap Heap Scan on sbtest3  (cost=23.21..4052.21 rows=1051 width=121)
	        Recheck Cond: ((id >= 4025870) AND (id <= 4026869))
	        ->  Bitmap Index Scan on sbtest3_pkey  (cost=0.00..22.94 rows=1051 width=0)
	              Index Cond: ((id >= 4025870) AND (id <= 4026869))

table 4 : explain SELECT c FROM sbtest4 WHERE id BETWEEN 6673062 AND 6674061 ORDER BY c
	Sort  (cost=4178.32..4181.00 rows=1070 width=121)
	  Sort Key: c
	  ->  Bitmap Heap Scan on sbtest4  (cost=23.40..4124.48 rows=1070 width=121)
	        Recheck Cond: ((id >= 6673062) AND (id <= 6674061))
	        ->  Bitmap Index Scan on sbtest4_pkey  (cost=0.00..23.14 rows=1070 width=0)
	              Index Cond: ((id >= 6673062) AND (id <= 6674061))

table 5 : explain SELECT c FROM sbtest5 WHERE id BETWEEN 7638510 AND 7639509 ORDER BY c
	Sort  (cost=3804.02..3806.45 rows=972 width=121)
	  Sort Key: c
	  ->  Bitmap Heap Scan on sbtest5  (cost=22.40..3755.79 rows=972 width=121)
	        Recheck Cond: ((id >= 7638510) AND (id <= 7639509))
	        ->  Bitmap Index Scan on sbtest5_pkey  (cost=0.00..22.15 rows=972 width=0)
	              Index Cond: ((id >= 7638510) AND (id <= 7639509))

table 6 : explain SELECT c FROM sbtest6 WHERE id BETWEEN 3948575 AND 3949574 ORDER BY c
	Sort  (cost=3770.24..3772.65 rows=963 width=121)
	  Sort Key: c
	  ->  Bitmap Heap Scan on sbtest6  (cost=22.31..3722.52 rows=963 width=121)
	        Recheck Cond: ((id >= 3948575) AND (id <= 3949574))
	        ->  Bitmap Index Scan on sbtest6_pkey  (cost=0.00..22.07 rows=963 width=0)
	              Index Cond: ((id >= 3948575) AND (id <= 3949574))

table 7 : explain SELECT c FROM sbtest7 WHERE id BETWEEN 5555510 AND 5556509 ORDER BY c
	Sort  (cost=3712.75..3715.12 rows=948 width=121)
	  Sort Key: c
	  ->  Bitmap Heap Scan on sbtest7  (cost=22.15..3665.87 rows=948 width=121)
	        Recheck Cond: ((id >= 5555510) AND (id <= 5556509))
	        ->  Bitmap Index Scan on sbtest7_pkey  (cost=0.00..21.91 rows=948 width=0)
	              Index Cond: ((id >= 5555510) AND (id <= 5556509))

table 8 : explain SELECT c FROM sbtest8 WHERE id BETWEEN 6765592 AND 6766591 ORDER BY c
	Sort  (cost=3862.09..3864.56 rows=987 width=121)
	  Sort Key: c
	  ->  Bitmap Heap Scan on sbtest8  (cost=22.55..3813.01 rows=987 width=121)
	        Recheck Cond: ((id >= 6765592) AND (id <= 6766591))
	        ->  Bitmap Index Scan on sbtest8_pkey  (cost=0.00..22.30 rows=987 width=0)
	              Index Cond: ((id >= 6765592) AND (id <= 6766591))

for: distinct_ranges
table 1 : explain SELECT DISTINCT c FROM sbtest1 WHERE id BETWEEN 3487459 AND 3488458 ORDER BY c
	Unique  (cost=3878.47..3883.43 rows=992 width=121)
	  ->  Sort  (cost=3878.47..3880.95 rows=992 width=121)
	        Sort Key: c
	        ->  Bitmap Heap Scan on sbtest1  (cost=22.60..3829.10 rows=992 width=121)
	              Recheck Cond: ((id >= 3487459) AND (id <= 3488458))
	              ->  Bitmap Index Scan on sbtest1_pkey  (cost=0.00..22.36 rows=992 width=0)
	                    Index Cond: ((id >= 3487459) AND (id <= 3488458))

table 2 : explain SELECT DISTINCT c FROM sbtest2 WHERE id BETWEEN 9111846 AND 9112845 ORDER BY c
	Unique  (cost=3913.88..3918.88 rows=1001 width=121)
	  ->  Sort  (cost=3913.88..3916.38 rows=1001 width=121)
	        Sort Key: c
	        ->  Bitmap Heap Scan on sbtest2  (cost=22.70..3863.99 rows=1001 width=121)
	              Recheck Cond: ((id >= 9111846) AND (id <= 9112845))
	              ->  Bitmap Index Scan on sbtest2_pkey  (cost=0.00..22.44 rows=1001 width=0)
	                    Index Cond: ((id >= 9111846) AND (id <= 9112845))

table 3 : explain SELECT DISTINCT c FROM sbtest3 WHERE id BETWEEN 2505453 AND 2506452 ORDER BY c
	Unique  (cost=3959.87..3964.93 rows=1013 width=121)
	  ->  Sort  (cost=3959.87..3962.40 rows=1013 width=121)
	        Sort Key: c
	        ->  Bitmap Heap Scan on sbtest3  (cost=22.82..3909.30 rows=1013 width=121)
	              Recheck Cond: ((id >= 2505453) AND (id <= 2506452))
	              ->  Bitmap Index Scan on sbtest3_pkey  (cost=0.00..22.57 rows=1013 width=0)
	                    Index Cond: ((id >= 2505453) AND (id <= 2506452))

table 4 : explain SELECT DISTINCT c FROM sbtest4 WHERE id BETWEEN 3837043 AND 3838042 ORDER BY c
	Unique  (cost=3715.85..3720.59 rows=949 width=121)
	  ->  Sort  (cost=3715.85..3718.22 rows=949 width=121)
	        Sort Key: c
	        ->  Bitmap Heap Scan on sbtest4  (cost=22.16..3668.92 rows=949 width=121)
	              Recheck Cond: ((id >= 3837043) AND (id <= 3838042))
	              ->  Bitmap Index Scan on sbtest4_pkey  (cost=0.00..21.93 rows=949 width=0)
	                    Index Cond: ((id >= 3837043) AND (id <= 3838042))

table 5 : explain SELECT DISTINCT c FROM sbtest5 WHERE id BETWEEN 9921106 AND 9922105 ORDER BY c
	Unique  (cost=4075.42..4080.64 rows=1043 width=121)
	  ->  Sort  (cost=4075.42..4078.03 rows=1043 width=121)
	        Sort Key: c
	        ->  Bitmap Heap Scan on sbtest5  (cost=23.13..4023.14 rows=1043 width=121)
	              Recheck Cond: ((id >= 9921106) AND (id <= 9922105))
	              ->  Bitmap Index Scan on sbtest5_pkey  (cost=0.00..22.86 rows=1043 width=0)
	                    Index Cond: ((id >= 9921106) AND (id <= 9922105))

table 6 : explain SELECT DISTINCT c FROM sbtest6 WHERE id BETWEEN 6259056 AND 6260055 ORDER BY c
	Unique  (cost=3888.88..3893.85 rows=994 width=121)
	  ->  Sort  (cost=3888.88..3891.37 rows=994 width=121)
	        Sort Key: c
	        ->  Bitmap Heap Scan on sbtest6  (cost=22.62..3839.39 rows=994 width=121)
	              Recheck Cond: ((id >= 6259056) AND (id <= 6260055))
	              ->  Bitmap Index Scan on sbtest6_pkey  (cost=0.00..22.37 rows=994 width=0)
	                    Index Cond: ((id >= 6259056) AND (id <= 6260055))

table 7 : explain SELECT DISTINCT c FROM sbtest7 WHERE id BETWEEN 7579242 AND 7580241 ORDER BY c
	Unique  (cost=3992.07..3997.18 rows=1021 width=121)
	  ->  Sort  (cost=3992.07..3994.62 rows=1021 width=121)
	        Sort Key: c
	        ->  Bitmap Heap Scan on sbtest7  (cost=22.90..3941.04 rows=1021 width=121)
	              Recheck Cond: ((id >= 7579242) AND (id <= 7580241))
	              ->  Bitmap Index Scan on sbtest7_pkey  (cost=0.00..22.64 rows=1021 width=0)
	                    Index Cond: ((id >= 7579242) AND (id <= 7580241))

table 8 : explain SELECT DISTINCT c FROM sbtest8 WHERE id BETWEEN 2776795 AND 2777794 ORDER BY c
	Unique  (cost=3869.75..3874.69 rows=989 width=121)
	  ->  Sort  (cost=3869.75..3872.22 rows=989 width=121)
	        Sort Key: c
	        ->  Bitmap Heap Scan on sbtest8  (cost=22.57..3820.54 rows=989 width=121)
	              Recheck Cond: ((id >= 2776795) AND (id <= 2777794))
	              ->  Bitmap Index Scan on sbtest8_pkey  (cost=0.00..22.32 rows=989 width=0)
	                    Index Cond: ((id >= 2776795) AND (id <= 2777794))

for point_selects
table 1 : explain SELECT c FROM sbtest1 WHERE id=8326490
	Index Scan using sbtest1_pkey on sbtest1  (cost=0.43..8.45 rows=1 width=121)
	  Index Cond: (id = 8326490)

table 2 : explain SELECT c FROM sbtest2 WHERE id=834758
	Index Scan using sbtest2_pkey on sbtest2  (cost=0.43..8.45 rows=1 width=121)
	  Index Cond: (id = 834758)

table 3 : explain SELECT c FROM sbtest3 WHERE id=6189565
	Index Scan using sbtest3_pkey on sbtest3  (cost=0.43..8.45 rows=1 width=121)
	  Index Cond: (id = 6189565)

table 4 : explain SELECT c FROM sbtest4 WHERE id=8214070
	Index Scan using sbtest4_pkey on sbtest4  (cost=0.43..8.45 rows=1 width=121)
	  Index Cond: (id = 8214070)

table 5 : explain SELECT c FROM sbtest5 WHERE id=9657024
	Index Scan using sbtest5_pkey on sbtest5  (cost=0.43..8.45 rows=1 width=121)
	  Index Cond: (id = 9657024)

table 6 : explain SELECT c FROM sbtest6 WHERE id=8086696
	Index Scan using sbtest6_pkey on sbtest6  (cost=0.43..8.45 rows=1 width=121)
	  Index Cond: (id = 8086696)

table 7 : explain SELECT c FROM sbtest7 WHERE id=2666073
	Index Scan using sbtest7_pkey on sbtest7  (cost=0.43..8.45 rows=1 width=121)
	  Index Cond: (id = 2666073)

table 8 : explain SELECT c FROM sbtest8 WHERE id=4820989
	Index Scan using sbtest8_pkey on sbtest8  (cost=0.43..8.45 rows=1 width=121)
	  Index Cond: (id = 4820989)

for: distinct_ranges
table 1 : explain SELECT DISTINCT c FROM sbtest1 WHERE id BETWEEN 5662356 AND 5663355 ORDER BY c
	Unique  (cost=3909.04..3914.04 rows=1000 width=121)
	  ->  Sort  (cost=3909.04..3911.54 rows=1000 width=121)
	        Sort Key: c
	        ->  Bitmap Heap Scan on sbtest1  (cost=22.68..3859.21 rows=1000 width=121)
	              Recheck Cond: ((id >= 5662356) AND (id <= 5663355))
	              ->  Bitmap Index Scan on sbtest1_pkey  (cost=0.00..22.43 rows=1000 width=0)
	                    Index Cond: ((id >= 5662356) AND (id <= 5663355))

table 2 : explain SELECT DISTINCT c FROM sbtest2 WHERE id BETWEEN 1137244 AND 1138243 ORDER BY c
	Unique  (cost=4055.20..4060.39 rows=1038 width=121)
	  ->  Sort  (cost=4055.20..4057.79 rows=1038 width=121)
	        Sort Key: c
	        ->  Bitmap Heap Scan on sbtest2  (cost=23.07..4003.20 rows=1038 width=121)
	              Recheck Cond: ((id >= 1137244) AND (id <= 1138243))
	              ->  Bitmap Index Scan on sbtest2_pkey  (cost=0.00..22.82 rows=1038 width=0)
	                    Index Cond: ((id >= 1137244) AND (id <= 1138243))

table 3 : explain SELECT DISTINCT c FROM sbtest3 WHERE id BETWEEN 2395101 AND 2396100 ORDER BY c
	Unique  (cost=3799.30..3804.16 rows=971 width=121)
	  ->  Sort  (cost=3799.30..3801.73 rows=971 width=121)
	        Sort Key: c
	        ->  Bitmap Heap Scan on sbtest3  (cost=22.39..3751.12 rows=971 width=121)
	              Recheck Cond: ((id >= 2395101) AND (id <= 2396100))
	              ->  Bitmap Index Scan on sbtest3_pkey  (cost=0.00..22.14 rows=971 width=0)
	                    Index Cond: ((id >= 2395101) AND (id <= 2396100))

table 4 : explain SELECT DISTINCT c FROM sbtest4 WHERE id BETWEEN 9679936 AND 9680935 ORDER BY c
	Unique  (cost=3937.75..3942.79 rows=1007 width=121)
	  ->  Sort  (cost=3937.75..3940.27 rows=1007 width=121)
	        Sort Key: c
	        ->  Bitmap Heap Scan on sbtest4  (cost=22.76..3887.52 rows=1007 width=121)
	              Recheck Cond: ((id >= 9679936) AND (id <= 9680935))
	              ->  Bitmap Index Scan on sbtest4_pkey  (cost=0.00..22.50 rows=1007 width=0)
	                    Index Cond: ((id >= 9679936) AND (id <= 9680935))

table 5 : explain SELECT DISTINCT c FROM sbtest5 WHERE id BETWEEN 3645680 AND 3646679 ORDER BY c
	Unique  (cost=3957.00..3962.06 rows=1012 width=121)
	  ->  Sort  (cost=3957.00..3959.53 rows=1012 width=121)
	        Sort Key: c
	        ->  Bitmap Heap Scan on sbtest5  (cost=22.81..3906.49 rows=1012 width=121)
	              Recheck Cond: ((id >= 3645680) AND (id <= 3646679))
	              ->  Bitmap Index Scan on sbtest5_pkey  (cost=0.00..22.55 rows=1012 width=0)
	                    Index Cond: ((id >= 3645680) AND (id <= 3646679))

table 6 : explain SELECT DISTINCT c FROM sbtest6 WHERE id BETWEEN 8926812 AND 8927811 ORDER BY c
	Unique  (cost=3812.35..3817.22 rows=974 width=121)
	  ->  Sort  (cost=3812.35..3814.79 rows=974 width=121)
	        Sort Key: c
	        ->  Bitmap Heap Scan on sbtest6  (cost=22.42..3764.00 rows=974 width=121)
	              Recheck Cond: ((id >= 8926812) AND (id <= 8927811))
	              ->  Bitmap Index Scan on sbtest6_pkey  (cost=0.00..22.18 rows=974 width=0)
	                    Index Cond: ((id >= 8926812) AND (id <= 8927811))

table 7 : explain SELECT DISTINCT c FROM sbtest7 WHERE id BETWEEN 8639899 AND 8640898 ORDER BY c
	Unique  (cost=3636.10..3640.74 rows=928 width=121)
	  ->  Sort  (cost=3636.10..3638.42 rows=928 width=121)
	        Sort Key: c
	        ->  Bitmap Heap Scan on sbtest7  (cost=21.95..3590.36 rows=928 width=121)
	              Recheck Cond: ((id >= 8639899) AND (id <= 8640898))
	              ->  Bitmap Index Scan on sbtest7_pkey  (cost=0.00..21.71 rows=928 width=0)
	                    Index Cond: ((id >= 8639899) AND (id <= 8640898))

table 8 : explain SELECT DISTINCT c FROM sbtest8 WHERE id BETWEEN 1581998 AND 1582997 ORDER BY c
	Unique  (cost=3911.82..3916.82 rows=1000 width=121)
	  ->  Sort  (cost=3911.82..3914.32 rows=1000 width=121)
	        Sort Key: c
	        ->  Bitmap Heap Scan on sbtest8  (cost=22.68..3861.99 rows=1000 width=121)
	              Recheck Cond: ((id >= 1581998) AND (id <= 1582997))
	              ->  Bitmap Index Scan on sbtest8_pkey  (cost=0.00..22.43 rows=1000 width=0)
	                    Index Cond: ((id >= 1581998) AND (id <= 1582997))

for: simple_ranges
table 1 : explain SELECT c FROM sbtest1 WHERE id BETWEEN 1430946 AND 1431945
	Bitmap Heap Scan on sbtest1  (cost=21.92..3576.59 rows=925 width=121)
	  Recheck Cond: ((id >= 1430946) AND (id <= 1431945))
	  ->  Bitmap Index Scan on sbtest1_pkey  (cost=0.00..21.68 rows=925 width=0)
	        Index Cond: ((id >= 1430946) AND (id <= 1431945))

table 2 : explain SELECT c FROM sbtest2 WHERE id BETWEEN 4116993 AND 4117992
	Bitmap Heap Scan on sbtest2  (cost=23.11..4014.48 rows=1041 width=121)
	  Recheck Cond: ((id >= 4116993) AND (id <= 4117992))
	  ->  Bitmap Index Scan on sbtest2_pkey  (cost=0.00..22.84 rows=1041 width=0)
	        Index Cond: ((id >= 4116993) AND (id <= 4117992))

table 3 : explain SELECT c FROM sbtest3 WHERE id BETWEEN 9507566 AND 9508565
	Bitmap Heap Scan on sbtest3  (cost=22.15..3664.41 rows=948 width=121)
	  Recheck Cond: ((id >= 9507566) AND (id <= 9508565))
	  ->  Bitmap Index Scan on sbtest3_pkey  (cost=0.00..21.91 rows=948 width=0)
	        Index Cond: ((id >= 9507566) AND (id <= 9508565))

table 4 : explain SELECT c FROM sbtest4 WHERE id BETWEEN 2364961 AND 2365960
	Bitmap Heap Scan on sbtest4  (cost=22.67..3857.40 rows=999 width=121)
	  Recheck Cond: ((id >= 2364961) AND (id <= 2365960))
	  ->  Bitmap Index Scan on sbtest4_pkey  (cost=0.00..22.43 rows=999 width=0)
	        Index Cond: ((id >= 2364961) AND (id <= 2365960))

table 5 : explain SELECT c FROM sbtest5 WHERE id BETWEEN 6796680 AND 6797679
	Bitmap Heap Scan on sbtest5  (cost=22.61..3834.93 rows=993 width=121)
	  Recheck Cond: ((id >= 6796680) AND (id <= 6797679))
	  ->  Bitmap Index Scan on sbtest5_pkey  (cost=0.00..22.36 rows=993 width=0)
	        Index Cond: ((id >= 6796680) AND (id <= 6797679))

table 6 : explain SELECT c FROM sbtest6 WHERE id BETWEEN 2481355 AND 2482354
	Bitmap Heap Scan on sbtest6  (cost=22.13..3658.37 rows=946 width=121)
	  Recheck Cond: ((id >= 2481355) AND (id <= 2482354))
	  ->  Bitmap Index Scan on sbtest6_pkey  (cost=0.00..21.89 rows=946 width=0)
	        Index Cond: ((id >= 2481355) AND (id <= 2482354))

table 7 : explain SELECT c FROM sbtest7 WHERE id BETWEEN 1116960 AND 1117959
	Bitmap Heap Scan on sbtest7  (cost=22.45..3775.27 rows=977 width=121)
	  Recheck Cond: ((id >= 1116960) AND (id <= 1117959))
	  ->  Bitmap Index Scan on sbtest7_pkey  (cost=0.00..22.20 rows=977 width=0)
	        Index Cond: ((id >= 1116960) AND (id <= 1117959))

table 8 : explain SELECT c FROM sbtest8 WHERE id BETWEEN 5955460 AND 5956459
	Bitmap Heap Scan on sbtest8  (cost=22.78..3895.89 rows=1009 width=121)
	  Recheck Cond: ((id >= 5955460) AND (id <= 5956459))
	  ->  Bitmap Index Scan on sbtest8_pkey  (cost=0.00..22.52 rows=1009 width=0)
	        Index Cond: ((id >= 5955460) AND (id <= 5956459))

for: order_ranges
table 1 : explain SELECT c FROM sbtest1 WHERE id BETWEEN 7392353 AND 7393352 ORDER BY c
	Sort  (cost=3710.21..3712.58 rows=948 width=121)
	  Sort Key: c
	  ->  Bitmap Heap Scan on sbtest1  (cost=22.15..3663.34 rows=948 width=121)
	        Recheck Cond: ((id >= 7392353) AND (id <= 7393352))
	        ->  Bitmap Index Scan on sbtest1_pkey  (cost=0.00..21.91 rows=948 width=0)
	              Index Cond: ((id >= 7392353) AND (id <= 7393352))

table 2 : explain SELECT c FROM sbtest2 WHERE id BETWEEN 2248884 AND 2249883 ORDER BY c
	Sort  (cost=3848.89..3851.35 rows=984 width=121)
	  Sort Key: c
	  ->  Bitmap Heap Scan on sbtest2  (cost=22.52..3799.97 rows=984 width=121)
	        Recheck Cond: ((id >= 2248884) AND (id <= 2249883))
	        ->  Bitmap Index Scan on sbtest2_pkey  (cost=0.00..22.27 rows=984 width=0)
	              Index Cond: ((id >= 2248884) AND (id <= 2249883))

table 3 : explain SELECT c FROM sbtest3 WHERE id BETWEEN 1494930 AND 1495929 ORDER BY c
	Sort  (cost=3634.68..3637.00 rows=928 width=121)
	  Sort Key: c
	  ->  Bitmap Heap Scan on sbtest3  (cost=21.95..3588.94 rows=928 width=121)
	        Recheck Cond: ((id >= 1494930) AND (id <= 1495929))
	        ->  Bitmap Index Scan on sbtest3_pkey  (cost=0.00..21.71 rows=928 width=0)
	              Index Cond: ((id >= 1494930) AND (id <= 1495929))

table 4 : explain SELECT c FROM sbtest4 WHERE id BETWEEN 2224738 AND 2225737 ORDER BY c
	Sort  (cost=3800.07..3802.49 rows=971 width=121)
	  Sort Key: c
	  ->  Bitmap Heap Scan on sbtest4  (cost=22.39..3751.89 rows=971 width=121)
	        Recheck Cond: ((id >= 2224738) AND (id <= 2225737))
	        ->  Bitmap Index Scan on sbtest4_pkey  (cost=0.00..22.14 rows=971 width=0)
	              Index Cond: ((id >= 2224738) AND (id <= 2225737))

table 5 : explain SELECT c FROM sbtest5 WHERE id BETWEEN 2744681 AND 2745680 ORDER BY c
	Sort  (cost=3853.76..3856.22 rows=985 width=121)
	  Sort Key: c
	  ->  Bitmap Heap Scan on sbtest5  (cost=22.53..3804.79 rows=985 width=121)
	        Recheck Cond: ((id >= 2744681) AND (id <= 2745680))
	        ->  Bitmap Index Scan on sbtest5_pkey  (cost=0.00..22.29 rows=985 width=0)
	              Index Cond: ((id >= 2744681) AND (id <= 2745680))

table 6 : explain SELECT c FROM sbtest6 WHERE id BETWEEN 8491568 AND 8492567 ORDER BY c
	Sort  (cost=4358.75..4361.54 rows=1117 width=121)
	  Sort Key: c
	  ->  Bitmap Heap Scan on sbtest6  (cost=27.88..4302.20 rows=1117 width=121)
	        Recheck Cond: ((id >= 8491568) AND (id <= 8492567))
	        ->  Bitmap Index Scan on sbtest6_pkey  (cost=0.00..27.61 rows=1117 width=0)
	              Index Cond: ((id >= 8491568) AND (id <= 8492567))

table 7 : explain SELECT c FROM sbtest7 WHERE id BETWEEN 6122398 AND 6123397 ORDER BY c
	Sort  (cost=4217.35..4220.05 rows=1080 width=121)
	  Sort Key: c
	  ->  Bitmap Heap Scan on sbtest7  (cost=23.50..4162.94 rows=1080 width=121)
	        Recheck Cond: ((id >= 6122398) AND (id <= 6123397))
	        ->  Bitmap Index Scan on sbtest7_pkey  (cost=0.00..23.23 rows=1080 width=0)
	              Index Cond: ((id >= 6122398) AND (id <= 6123397))

table 8 : explain SELECT c FROM sbtest8 WHERE id BETWEEN 204755 AND 205754 ORDER BY c
	Sort  (cost=3609.30..3611.60 rows=921 width=121)
	  Sort Key: c
	  ->  Bitmap Heap Scan on sbtest8  (cost=21.88..3563.96 rows=921 width=121)
	        Recheck Cond: ((id >= 204755) AND (id <= 205754))
	        ->  Bitmap Index Scan on sbtest8_pkey  (cost=0.00..21.64 rows=921 width=0)
	              Index Cond: ((id >= 204755) AND (id <= 205754))

for: sum_ranges
table 1 : explain SELECT SUM(k) FROM sbtest1 WHERE id BETWEEN 5018468 AND 5019467
	Aggregate  (cost=4057.35..4057.36 rows=1 width=8)
	  ->  Bitmap Heap Scan on sbtest1  (cost=23.22..4054.72 rows=1052 width=4)
	        Recheck Cond: ((id >= 5018468) AND (id <= 5019467))
	        ->  Bitmap Index Scan on sbtest1_pkey  (cost=0.00..22.95 rows=1052 width=0)
	              Index Cond: ((id >= 5018468) AND (id <= 5019467))

table 2 : explain SELECT SUM(k) FROM sbtest2 WHERE id BETWEEN 1419849 AND 1420848
	Aggregate  (cost=4144.91..4144.92 rows=1 width=8)
	  ->  Bitmap Heap Scan on sbtest2  (cost=23.45..4142.23 rows=1075 width=4)
	        Recheck Cond: ((id >= 1419849) AND (id <= 1420848))
	        ->  Bitmap Index Scan on sbtest2_pkey  (cost=0.00..23.18 rows=1075 width=0)
	              Index Cond: ((id >= 1419849) AND (id <= 1420848))

table 3 : explain SELECT SUM(k) FROM sbtest3 WHERE id BETWEEN 3672129 AND 3673128
	Aggregate  (cost=3757.32..3757.33 rows=1 width=8)
	  ->  Bitmap Heap Scan on sbtest3  (cost=22.40..3754.89 rows=972 width=4)
	        Recheck Cond: ((id >= 3672129) AND (id <= 3673128))
	        ->  Bitmap Index Scan on sbtest3_pkey  (cost=0.00..22.15 rows=972 width=0)
	              Index Cond: ((id >= 3672129) AND (id <= 3673128))

table 4 : explain SELECT SUM(k) FROM sbtest4 WHERE id BETWEEN 1850209 AND 1851208
	Aggregate  (cost=3739.22..3739.23 rows=1 width=8)
	  ->  Bitmap Heap Scan on sbtest4  (cost=22.35..3736.81 rows=967 width=4)
	        Recheck Cond: ((id >= 1850209) AND (id <= 1851208))
	        ->  Bitmap Index Scan on sbtest4_pkey  (cost=0.00..22.11 rows=967 width=0)
	              Index Cond: ((id >= 1850209) AND (id <= 1851208))

table 5 : explain SELECT SUM(k) FROM sbtest5 WHERE id BETWEEN 6739992 AND 6740991
	Aggregate  (cost=4040.80..4040.81 rows=1 width=8)
	  ->  Bitmap Heap Scan on sbtest5  (cost=23.17..4038.18 rows=1047 width=4)
	        Recheck Cond: ((id >= 6739992) AND (id <= 6740991))
	        ->  Bitmap Index Scan on sbtest5_pkey  (cost=0.00..22.90 rows=1047 width=0)
	              Index Cond: ((id >= 6739992) AND (id <= 6740991))

table 6 : explain SELECT SUM(k) FROM sbtest6 WHERE id BETWEEN 5259946 AND 5260945
	Aggregate  (cost=3668.29..3668.30 rows=1 width=8)
	  ->  Bitmap Heap Scan on sbtest6  (cost=22.15..3665.92 rows=948 width=4)
	        Recheck Cond: ((id >= 5259946) AND (id <= 5260945))
	        ->  Bitmap Index Scan on sbtest6_pkey  (cost=0.00..21.91 rows=948 width=0)
	              Index Cond: ((id >= 5259946) AND (id <= 5260945))

table 7 : explain SELECT SUM(k) FROM sbtest7 WHERE id BETWEEN 2070966 AND 2071965
	Aggregate  (cost=4150.60..4150.61 rows=1 width=8)
	  ->  Bitmap Heap Scan on sbtest7  (cost=23.46..4147.91 rows=1076 width=4)
	        Recheck Cond: ((id >= 2070966) AND (id <= 2071965))
	        ->  Bitmap Index Scan on sbtest7_pkey  (cost=0.00..23.19 rows=1076 width=0)
	              Index Cond: ((id >= 2070966) AND (id <= 2071965))

table 8 : explain SELECT SUM(k) FROM sbtest8 WHERE id BETWEEN 504100 AND 505099
	Aggregate  (cost=3501.97..3501.98 rows=1 width=8)
	  ->  Bitmap Heap Scan on sbtest8  (cost=21.70..3499.71 rows=904 width=4)
	        Recheck Cond: ((id >= 504100) AND (id <= 505099))
	        ->  Bitmap Index Scan on sbtest8_pkey  (cost=0.00..21.47 rows=904 width=0)
	              Index Cond: ((id >= 504100) AND (id <= 505099))

for: sum_ranges
table 1 : explain SELECT SUM(k) FROM sbtest1 WHERE id BETWEEN 6628443 AND 6629442
	Aggregate  (cost=4113.73..4113.74 rows=1 width=8)
	  ->  Bitmap Heap Scan on sbtest1  (cost=23.37..4111.06 rows=1067 width=4)
	        Recheck Cond: ((id >= 6628443) AND (id <= 6629442))
	        ->  Bitmap Index Scan on sbtest1_pkey  (cost=0.00..23.11 rows=1067 width=0)
	              Index Cond: ((id >= 6628443) AND (id <= 6629442))

table 2 : explain SELECT SUM(k) FROM sbtest2 WHERE id BETWEEN 3180824 AND 3181823
	Aggregate  (cost=3881.56..3881.57 rows=1 width=8)
	  ->  Bitmap Heap Scan on sbtest2  (cost=22.74..3879.05 rows=1005 width=4)
	        Recheck Cond: ((id >= 3180824) AND (id <= 3181823))
	        ->  Bitmap Index Scan on sbtest2_pkey  (cost=0.00..22.48 rows=1005 width=0)
	              Index Cond: ((id >= 3180824) AND (id <= 3181823))

table 3 : explain SELECT SUM(k) FROM sbtest3 WHERE id BETWEEN 6958518 AND 6959517
	Aggregate  (cost=3595.04..3595.05 rows=1 width=8)
	  ->  Bitmap Heap Scan on sbtest3  (cost=21.96..3592.72 rows=929 width=4)
	        Recheck Cond: ((id >= 6958518) AND (id <= 6959517))
	        ->  Bitmap Index Scan on sbtest3_pkey  (cost=0.00..21.72 rows=929 width=0)
	              Index Cond: ((id >= 6958518) AND (id <= 6959517))

table 4 : explain SELECT SUM(k) FROM sbtest4 WHERE id BETWEEN 7221267 AND 7222266
	Aggregate  (cost=3614.64..3614.65 rows=1 width=8)
	  ->  Bitmap Heap Scan on sbtest4  (cost=22.01..3612.31 rows=934 width=4)
	        Recheck Cond: ((id >= 7221267) AND (id <= 7222266))
	        ->  Bitmap Index Scan on sbtest4_pkey  (cost=0.00..21.77 rows=934 width=0)
	              Index Cond: ((id >= 7221267) AND (id <= 7222266))

table 5 : explain SELECT SUM(k) FROM sbtest5 WHERE id BETWEEN 7847391 AND 7848390
	Aggregate  (cost=4119.79..4119.80 rows=1 width=8)
	  ->  Bitmap Heap Scan on sbtest5  (cost=23.38..4117.12 rows=1068 width=4)
	        Recheck Cond: ((id >= 7847391) AND (id <= 7848390))
	        ->  Bitmap Index Scan on sbtest5_pkey  (cost=0.00..23.11 rows=1068 width=0)
	              Index Cond: ((id >= 7847391) AND (id <= 7848390))

table 6 : explain SELECT SUM(k) FROM sbtest6 WHERE id BETWEEN 6252331 AND 6253330
	Aggregate  (cost=3841.88..3841.89 rows=1 width=8)
	  ->  Bitmap Heap Scan on sbtest6  (cost=22.62..3839.39 rows=994 width=4)
	        Recheck Cond: ((id >= 6252331) AND (id <= 6253330))
	        ->  Bitmap Index Scan on sbtest6_pkey  (cost=0.00..22.37 rows=994 width=0)
	              Index Cond: ((id >= 6252331) AND (id <= 6253330))

table 7 : explain SELECT SUM(k) FROM sbtest7 WHERE id BETWEEN 7414169 AND 7415168
	Aggregate  (cost=4090.42..4090.43 rows=1 width=8)
	  ->  Bitmap Heap Scan on sbtest7  (cost=23.30..4087.77 rows=1060 width=4)
	        Recheck Cond: ((id >= 7414169) AND (id <= 7415168))
	        ->  Bitmap Index Scan on sbtest7_pkey  (cost=0.00..23.04 rows=1060 width=0)
	              Index Cond: ((id >= 7414169) AND (id <= 7415168))

table 8 : explain SELECT SUM(k) FROM sbtest8 WHERE id BETWEEN 1364813 AND 1365812
	Aggregate  (cost=3501.97..3501.98 rows=1 width=8)
	  ->  Bitmap Heap Scan on sbtest8  (cost=21.70..3499.71 rows=904 width=4)
	        Recheck Cond: ((id >= 1364813) AND (id <= 1365812))
	        ->  Bitmap Index Scan on sbtest8_pkey  (cost=0.00..21.47 rows=904 width=0)
	              Index Cond: ((id >= 1364813) AND (id <= 1365812))

for: sum_ranges
table 1 : explain SELECT SUM(k) FROM sbtest1 WHERE id BETWEEN 6619413 AND 6620412
	Aggregate  (cost=4113.73..4113.74 rows=1 width=8)
	  ->  Bitmap Heap Scan on sbtest1  (cost=23.37..4111.06 rows=1067 width=4)
	        Recheck Cond: ((id >= 6619413) AND (id <= 6620412))
	        ->  Bitmap Index Scan on sbtest1_pkey  (cost=0.00..23.11 rows=1067 width=0)
	              Index Cond: ((id >= 6619413) AND (id <= 6620412))

table 2 : explain SELECT SUM(k) FROM sbtest2 WHERE id BETWEEN 2450211 AND 2451210
	Aggregate  (cost=3968.16..3968.17 rows=1 width=8)
	  ->  Bitmap Heap Scan on sbtest2  (cost=22.97..3965.59 rows=1028 width=4)
	        Recheck Cond: ((id >= 2450211) AND (id <= 2451210))
	        ->  Bitmap Index Scan on sbtest2_pkey  (cost=0.00..22.71 rows=1028 width=0)
	              Index Cond: ((id >= 2450211) AND (id <= 2451210))

table 3 : explain SELECT SUM(k) FROM sbtest3 WHERE id BETWEEN 586515 AND 587514
	Aggregate  (cost=3798.80..3798.81 rows=1 width=8)
	  ->  Bitmap Heap Scan on sbtest3  (cost=22.51..3796.34 rows=983 width=4)
	        Recheck Cond: ((id >= 586515) AND (id <= 587514))
	        ->  Bitmap Index Scan on sbtest3_pkey  (cost=0.00..22.26 rows=983 width=0)
	              Index Cond: ((id >= 586515) AND (id <= 587514))

table 4 : explain SELECT SUM(k) FROM sbtest4 WHERE id BETWEEN 2228192 AND 2229191
	Aggregate  (cost=3754.32..3754.33 rows=1 width=8)
	  ->  Bitmap Heap Scan on sbtest4  (cost=22.39..3751.89 rows=971 width=4)
	        Recheck Cond: ((id >= 2228192) AND (id <= 2229191))
	        ->  Bitmap Index Scan on sbtest4_pkey  (cost=0.00..22.14 rows=971 width=0)
	              Index Cond: ((id >= 2228192) AND (id <= 2229191))

table 5 : explain SELECT SUM(k) FROM sbtest5 WHERE id BETWEEN 9981997 AND 9982996
	Aggregate  (cost=4025.74..4025.75 rows=1 width=8)
	  ->  Bitmap Heap Scan on sbtest5  (cost=23.13..4023.14 rows=1043 width=4)
	        Recheck Cond: ((id >= 9981997) AND (id <= 9982996))
	        ->  Bitmap Index Scan on sbtest5_pkey  (cost=0.00..22.86 rows=1043 width=0)
	              Index Cond: ((id >= 9981997) AND (id <= 9982996))

table 6 : explain SELECT SUM(k) FROM sbtest6 WHERE id BETWEEN 4765695 AND 4766694
	Aggregate  (cost=3800.39..3800.40 rows=1 width=8)
	  ->  Bitmap Heap Scan on sbtest6  (cost=22.51..3797.94 rows=983 width=4)
	        Recheck Cond: ((id >= 4765695) AND (id <= 4766694))
	        ->  Bitmap Index Scan on sbtest6_pkey  (cost=0.00..22.26 rows=983 width=0)
	              Index Cond: ((id >= 4765695) AND (id <= 4766694))

table 7 : explain SELECT SUM(k) FROM sbtest7 WHERE id BETWEEN 4990595 AND 4991594
	Aggregate  (cost=4003.85..4003.86 rows=1 width=8)
	  ->  Bitmap Heap Scan on sbtest7  (cost=23.06..4001.26 rows=1037 width=4)
	        Recheck Cond: ((id >= 4990595) AND (id <= 4991594))
	        ->  Bitmap Index Scan on sbtest7_pkey  (cost=0.00..22.80 rows=1037 width=0)
	              Index Cond: ((id >= 4990595) AND (id <= 4991594))

table 8 : explain SELECT SUM(k) FROM sbtest8 WHERE id BETWEEN 4487114 AND 4488113
	Aggregate  (cost=3781.52..3781.53 rows=1 width=8)
	  ->  Bitmap Heap Scan on sbtest8  (cost=22.46..3779.08 rows=978 width=4)
	        Recheck Cond: ((id >= 4487114) AND (id <= 4488113))
	        ->  Bitmap Index Scan on sbtest8_pkey  (cost=0.00..22.21 rows=978 width=0)
	              Index Cond: ((id >= 4487114) AND (id <= 4488113))

for: simple_ranges
table 1 : explain SELECT c FROM sbtest1 WHERE id BETWEEN 8129398 AND 8130397
	Bitmap Heap Scan on sbtest1  (cost=23.58..4182.40 rows=1087 width=121)
	  Recheck Cond: ((id >= 8129398) AND (id <= 8130397))
	  ->  Bitmap Index Scan on sbtest1_pkey  (cost=0.00..23.30 rows=1087 width=0)
	        Index Cond: ((id >= 8129398) AND (id <= 8130397))

table 2 : explain SELECT c FROM sbtest2 WHERE id BETWEEN 6746685 AND 6747684
	Bitmap Heap Scan on sbtest2  (cost=22.67..3856.46 rows=999 width=121)
	  Recheck Cond: ((id >= 6746685) AND (id <= 6747684))
	  ->  Bitmap Index Scan on sbtest2_pkey  (cost=0.00..22.43 rows=999 width=0)
	        Index Cond: ((id >= 6746685) AND (id <= 6747684))

table 3 : explain SELECT c FROM sbtest3 WHERE id BETWEEN 4864934 AND 4865933
	Bitmap Heap Scan on sbtest3  (cost=23.37..4112.33 rows=1067 width=121)
	  Recheck Cond: ((id >= 4864934) AND (id <= 4865933))
	  ->  Bitmap Index Scan on sbtest3_pkey  (cost=0.00..23.11 rows=1067 width=0)
	        Index Cond: ((id >= 4864934) AND (id <= 4865933))

table 4 : explain SELECT c FROM sbtest4 WHERE id BETWEEN 9152640 AND 9153639
	Bitmap Heap Scan on sbtest4  (cost=22.42..3763.20 rows=974 width=121)
	  Recheck Cond: ((id >= 9152640) AND (id <= 9153639))
	  ->  Bitmap Index Scan on sbtest4_pkey  (cost=0.00..22.18 rows=974 width=0)
	        Index Cond: ((id >= 9152640) AND (id <= 9153639))

table 5 : explain SELECT c FROM sbtest5 WHERE id BETWEEN 6840493 AND 6841492
	Bitmap Heap Scan on sbtest5  (cost=22.61..3834.93 rows=993 width=121)
	  Recheck Cond: ((id >= 6840493) AND (id <= 6841492))
	  ->  Bitmap Index Scan on sbtest5_pkey  (cost=0.00..22.36 rows=993 width=0)
	        Index Cond: ((id >= 6840493) AND (id <= 6841492))

table 6 : explain SELECT c FROM sbtest6 WHERE id BETWEEN 6990375 AND 6991374
	Bitmap Heap Scan on sbtest6  (cost=21.54..3439.22 rows=888 width=121)
	  Recheck Cond: ((id >= 6990375) AND (id <= 6991374))
	  ->  Bitmap Index Scan on sbtest6_pkey  (cost=0.00..21.32 rows=888 width=0)
	        Index Cond: ((id >= 6990375) AND (id <= 6991374))

table 7 : explain SELECT c FROM sbtest7 WHERE id BETWEEN 4156013 AND 4157012
	Bitmap Heap Scan on sbtest7  (cost=22.12..3654.55 rows=945 width=121)
	  Recheck Cond: ((id >= 4156013) AND (id <= 4157012))
	  ->  Bitmap Index Scan on sbtest7_pkey  (cost=0.00..21.89 rows=945 width=0)
	        Index Cond: ((id >= 4156013) AND (id <= 4157012))

table 8 : explain SELECT c FROM sbtest8 WHERE id BETWEEN 8510118 AND 8511117
	Bitmap Heap Scan on sbtest8  (cost=23.24..4065.25 rows=1054 width=121)
	  Recheck Cond: ((id >= 8510118) AND (id <= 8511117))
	  ->  Bitmap Index Scan on sbtest8_pkey  (cost=0.00..22.97 rows=1054 width=0)
	        Index Cond: ((id >= 8510118) AND (id <= 8511117))

explain: for point_selects :: explain SELECT c FROM sbtest%u WHERE id=%u
for: distinct_ranges
table 1 : explain SELECT DISTINCT c FROM sbtest1 WHERE id BETWEEN 3586214 AND 3587213 ORDER BY c
	Unique  (cost=3691.08..3695.79 rows=943 width=121)
	  ->  Sort  (cost=3691.08..3693.43 rows=943 width=121)
	        Sort Key: c
	        ->  Bitmap Heap Scan on sbtest1  (cost=22.10..3644.49 rows=943 width=121)
	              Recheck Cond: ((id >= 3586214) AND (id <= 3587213))
	              ->  Bitmap Index Scan on sbtest1_pkey  (cost=0.00..21.86 rows=943 width=0)
	                    Index Cond: ((id >= 3586214) AND (id <= 3587213))

table 2 : explain SELECT DISTINCT c FROM sbtest2 WHERE id BETWEEN 2431579 AND 2432578 ORDER BY c
	Unique  (cost=4017.02..4022.16 rows=1028 width=121)
	  ->  Sort  (cost=4017.02..4019.59 rows=1028 width=121)
	        Sort Key: c
	        ->  Bitmap Heap Scan on sbtest2  (cost=22.97..3965.59 rows=1028 width=121)
	              Recheck Cond: ((id >= 2431579) AND (id <= 2432578))
	              ->  Bitmap Index Scan on sbtest2_pkey  (cost=0.00..22.71 rows=1028 width=0)
	                    Index Cond: ((id >= 2431579) AND (id <= 2432578))

table 3 : explain SELECT DISTINCT c FROM sbtest3 WHERE id BETWEEN 5118994 AND 5119993 ORDER BY c
	Unique  (cost=3959.87..3964.93 rows=1013 width=121)
	  ->  Sort  (cost=3959.87..3962.40 rows=1013 width=121)
	        Sort Key: c
	        ->  Bitmap Heap Scan on sbtest3  (cost=22.82..3909.30 rows=1013 width=121)
	              Recheck Cond: ((id >= 5118994) AND (id <= 5119993))
	              ->  Bitmap Index Scan on sbtest3_pkey  (cost=0.00..22.57 rows=1013 width=0)
	                    Index Cond: ((id >= 5118994) AND (id <= 5119993))

table 4 : explain SELECT DISTINCT c FROM sbtest4 WHERE id BETWEEN 7703212 AND 7704211 ORDER BY c
	Unique  (cost=3868.93..3873.87 rows=989 width=121)
	  ->  Sort  (cost=3868.93..3871.40 rows=989 width=121)
	        Sort Key: c
	        ->  Bitmap Heap Scan on sbtest4  (cost=22.57..3819.73 rows=989 width=121)
	              Recheck Cond: ((id >= 7703212) AND (id <= 7704211))
	              ->  Bitmap Index Scan on sbtest4_pkey  (cost=0.00..22.32 rows=989 width=0)
	                    Index Cond: ((id >= 7703212) AND (id <= 7704211))

table 5 : explain SELECT DISTINCT c FROM sbtest5 WHERE id BETWEEN 1622777 AND 1623776 ORDER BY c
	Unique  (cost=3715.97..3720.72 rows=949 width=121)
	  ->  Sort  (cost=3715.97..3718.34 rows=949 width=121)
	        Sort Key: c
	        ->  Bitmap Heap Scan on sbtest5  (cost=22.16..3669.04 rows=949 width=121)
	              Recheck Cond: ((id >= 1622777) AND (id <= 1623776))
	              ->  Bitmap Index Scan on sbtest5_pkey  (cost=0.00..21.93 rows=949 width=0)
	                    Index Cond: ((id >= 1622777) AND (id <= 1623776))

table 6 : explain SELECT DISTINCT c FROM sbtest6 WHERE id BETWEEN 282418 AND 283417 ORDER BY c
	Unique  (cost=4022.69..4027.84 rows=1029 width=121)
	  ->  Sort  (cost=4022.69..4025.26 rows=1029 width=121)
	        Sort Key: c
	        ->  Bitmap Heap Scan on sbtest6  (cost=22.98..3971.20 rows=1029 width=121)
	              Recheck Cond: ((id >= 282418) AND (id <= 283417))
	              ->  Bitmap Index Scan on sbtest6_pkey  (cost=0.00..22.72 rows=1029 width=0)
	                    Index Cond: ((id >= 282418) AND (id <= 283417))

table 7 : explain SELECT DISTINCT c FROM sbtest7 WHERE id BETWEEN 3456752 AND 3457751 ORDER BY c
	Unique  (cost=3613.10..3617.71 rows=922 width=121)
	  ->  Sort  (cost=3613.10..3615.41 rows=922 width=121)
	        Sort Key: c
	        ->  Bitmap Heap Scan on sbtest7  (cost=21.89..3567.70 rows=922 width=121)
	              Recheck Cond: ((id >= 3456752) AND (id <= 3457751))
	              ->  Bitmap Index Scan on sbtest7_pkey  (cost=0.00..21.65 rows=922 width=0)
	                    Index Cond: ((id >= 3456752) AND (id <= 3457751))

table 8 : explain SELECT DISTINCT c FROM sbtest8 WHERE id BETWEEN 5605466 AND 5606465 ORDER BY c
	Unique  (cost=3708.95..3713.69 rows=947 width=121)
	  ->  Sort  (cost=3708.95..3711.32 rows=947 width=121)
	        Sort Key: c
	        ->  Bitmap Heap Scan on sbtest8  (cost=22.14..3662.14 rows=947 width=121)
	              Recheck Cond: ((id >= 5605466) AND (id <= 5606465))
	              ->  Bitmap Index Scan on sbtest8_pkey  (cost=0.00..21.90 rows=947 width=0)
	                    Index Cond: ((id >= 5605466) AND (id <= 5606465))

for: sum_ranges
table 1 : explain SELECT SUM(k) FROM sbtest1 WHERE id BETWEEN 8154263 AND 8155262
	Aggregate  (cost=4185.12..4185.13 rows=1 width=8)
	  ->  Bitmap Heap Scan on sbtest1  (cost=23.58..4182.40 rows=1087 width=4)
	        Recheck Cond: ((id >= 8154263) AND (id <= 8155262))
	        ->  Bitmap Index Scan on sbtest1_pkey  (cost=0.00..23.30 rows=1087 width=0)
	              Index Cond: ((id >= 8154263) AND (id <= 8155262))

table 2 : explain SELECT SUM(k) FROM sbtest2 WHERE id BETWEEN 2012744 AND 2013743
	Aggregate  (cost=3802.43..3802.44 rows=1 width=8)
	  ->  Bitmap Heap Scan on sbtest2  (cost=22.52..3799.97 rows=984 width=4)
	        Recheck Cond: ((id >= 2012744) AND (id <= 2013743))
	        ->  Bitmap Index Scan on sbtest2_pkey  (cost=0.00..22.27 rows=984 width=0)
	              Index Cond: ((id >= 2012744) AND (id <= 2013743))

table 3 : explain SELECT SUM(k) FROM sbtest3 WHERE id BETWEEN 2710848 AND 2711847
	Aggregate  (cost=3477.89..3477.90 rows=1 width=8)
	  ->  Bitmap Heap Scan on sbtest3  (cost=21.64..3475.64 rows=898 width=4)
	        Recheck Cond: ((id >= 2710848) AND (id <= 2711847))
	        ->  Bitmap Index Scan on sbtest3_pkey  (cost=0.00..21.41 rows=898 width=0)
	              Index Cond: ((id >= 2710848) AND (id <= 2711847))

table 4 : explain SELECT SUM(k) FROM sbtest4 WHERE id BETWEEN 255810 AND 256809
	Aggregate  (cost=3625.97..3625.98 rows=1 width=8)
	  ->  Bitmap Heap Scan on sbtest4  (cost=22.04..3623.63 rows=937 width=4)
	        Recheck Cond: ((id >= 255810) AND (id <= 256809))
	        ->  Bitmap Index Scan on sbtest4_pkey  (cost=0.00..21.80 rows=937 width=0)
	              Index Cond: ((id >= 255810) AND (id <= 256809))

table 5 : explain SELECT SUM(k) FROM sbtest5 WHERE id BETWEEN 2200231 AND 2201230
	Aggregate  (cost=3622.32..3622.33 rows=1 width=8)
	  ->  Bitmap Heap Scan on sbtest5  (cost=22.03..3619.98 rows=936 width=4)
	        Recheck Cond: ((id >= 2200231) AND (id <= 2201230))
	        ->  Bitmap Index Scan on sbtest5_pkey  (cost=0.00..21.79 rows=936 width=0)
	              Index Cond: ((id >= 2200231) AND (id <= 2201230))

table 6 : explain SELECT SUM(k) FROM sbtest6 WHERE id BETWEEN 4920081 AND 4921080
	Aggregate  (cost=3879.58..3879.59 rows=1 width=8)
	  ->  Bitmap Heap Scan on sbtest6  (cost=22.73..3877.07 rows=1004 width=4)
	        Recheck Cond: ((id >= 4920081) AND (id <= 4921080))
	        ->  Bitmap Index Scan on sbtest6_pkey  (cost=0.00..22.47 rows=1004 width=0)
	              Index Cond: ((id >= 4920081) AND (id <= 4921080))

table 7 : explain SELECT SUM(k) FROM sbtest7 WHERE id BETWEEN 5499193 AND 5500192
	Aggregate  (cost=3860.68..3860.69 rows=1 width=8)
	  ->  Bitmap Heap Scan on sbtest7  (cost=22.67..3858.19 rows=999 width=4)
	        Recheck Cond: ((id >= 5499193) AND (id <= 5500192))
	        ->  Bitmap Index Scan on sbtest7_pkey  (cost=0.00..22.43 rows=999 width=0)
	              Index Cond: ((id >= 5499193) AND (id <= 5500192))

table 8 : explain SELECT SUM(k) FROM sbtest8 WHERE id BETWEEN 8994385 AND 8995384
	Aggregate  (cost=3902.19..3902.20 rows=1 width=8)
	  ->  Bitmap Heap Scan on sbtest8  (cost=22.79..3899.66 rows=1010 width=4)
	        Recheck Cond: ((id >= 8994385) AND (id <= 8995384))
	        ->  Bitmap Index Scan on sbtest8_pkey  (cost=0.00..22.54 rows=1010 width=0)
	              Index Cond: ((id >= 8994385) AND (id <= 8995384))

explain: for point_selects :: explain SELECT c FROM sbtest%u WHERE id=%u
for: sum_ranges
table 1 : explain SELECT SUM(k) FROM sbtest1 WHERE id BETWEEN 6265470 AND 6266469
	Aggregate  (cost=3643.07..3643.08 rows=1 width=8)
	  ->  Bitmap Heap Scan on sbtest1  (cost=22.09..3640.72 rows=942 width=4)
	        Recheck Cond: ((id >= 6265470) AND (id <= 6266469))
	        ->  Bitmap Index Scan on sbtest1_pkey  (cost=0.00..21.86 rows=942 width=0)
	              Index Cond: ((id >= 6265470) AND (id <= 6266469))

table 2 : explain SELECT SUM(k) FROM sbtest2 WHERE id BETWEEN 7732052 AND 7733051
	Aggregate  (cost=3998.27..3998.28 rows=1 width=8)
	  ->  Bitmap Heap Scan on sbtest2  (cost=23.05..3995.68 rows=1036 width=4)
	        Recheck Cond: ((id >= 7732052) AND (id <= 7733051))
	        ->  Bitmap Index Scan on sbtest2_pkey  (cost=0.00..22.79 rows=1036 width=0)
	              Index Cond: ((id >= 7732052) AND (id <= 7733051))

table 3 : explain SELECT SUM(k) FROM sbtest3 WHERE id BETWEEN 2951435 AND 2952434
	Aggregate  (cost=3832.72..3832.73 rows=1 width=8)
	  ->  Bitmap Heap Scan on sbtest3  (cost=22.60..3830.24 rows=992 width=4)
	        Recheck Cond: ((id >= 2951435) AND (id <= 2952434))
	        ->  Bitmap Index Scan on sbtest3_pkey  (cost=0.00..22.36 rows=992 width=0)
	              Index Cond: ((id >= 2951435) AND (id <= 2952434))

table 4 : explain SELECT SUM(k) FROM sbtest4 WHERE id BETWEEN 9218787 AND 9219786
	Aggregate  (cost=3614.64..3614.65 rows=1 width=8)
	  ->  Bitmap Heap Scan on sbtest4  (cost=22.01..3612.31 rows=934 width=4)
	        Recheck Cond: ((id >= 9218787) AND (id <= 9219786))
	        ->  Bitmap Index Scan on sbtest4_pkey  (cost=0.00..21.77 rows=934 width=0)
	              Index Cond: ((id >= 9218787) AND (id <= 9219786))

table 5 : explain SELECT SUM(k) FROM sbtest5 WHERE id BETWEEN 156789 AND 157788
	Aggregate  (cost=3829.87..3829.88 rows=1 width=8)
	  ->  Bitmap Heap Scan on sbtest5  (cost=22.59..3827.40 rows=991 width=4)
	        Recheck Cond: ((id >= 156789) AND (id <= 157788))
	        ->  Bitmap Index Scan on sbtest5_pkey  (cost=0.00..22.34 rows=991 width=0)
	              Index Cond: ((id >= 156789) AND (id <= 157788))

table 6 : explain SELECT SUM(k) FROM sbtest6 WHERE id BETWEEN 2336569 AND 2337568
	Aggregate  (cost=4207.28..4207.29 rows=1 width=8)
	  ->  Bitmap Heap Scan on sbtest6  (cost=27.61..4204.56 rows=1090 width=4)
	        Recheck Cond: ((id >= 2336569) AND (id <= 2337568))
	        ->  Bitmap Index Scan on sbtest6_pkey  (cost=0.00..27.33 rows=1090 width=0)
	              Index Cond: ((id >= 2336569) AND (id <= 2337568))

table 7 : explain SELECT SUM(k) FROM sbtest7 WHERE id BETWEEN 6723726 AND 6724725
	Aggregate  (cost=3645.58..3645.59 rows=1 width=8)
	  ->  Bitmap Heap Scan on sbtest7  (cost=22.09..3643.23 rows=942 width=4)
	        Recheck Cond: ((id >= 6723726) AND (id <= 6724725))
	        ->  Bitmap Index Scan on sbtest7_pkey  (cost=0.00..21.86 rows=942 width=0)
	              Index Cond: ((id >= 6723726) AND (id <= 6724725))

table 8 : explain SELECT SUM(k) FROM sbtest8 WHERE id BETWEEN 8234628 AND 8235627
	Aggregate  (cost=3551.14..3551.15 rows=1 width=8)
	  ->  Bitmap Heap Scan on sbtest8  (cost=21.83..3548.84 rows=917 width=4)
	        Recheck Cond: ((id >= 8234628) AND (id <= 8235627))
	        ->  Bitmap Index Scan on sbtest8_pkey  (cost=0.00..21.61 rows=917 width=0)
	              Index Cond: ((id >= 8234628) AND (id <= 8235627))

for: order_ranges
table 1 : explain SELECT c FROM sbtest1 WHERE id BETWEEN 5220187 AND 5221186 ORDER BY c
	Sort  (cost=3614.50..3616.81 rows=923 width=121)
	  Sort Key: c
	  ->  Bitmap Heap Scan on sbtest1  (cost=21.90..3569.04 rows=923 width=121)
	        Recheck Cond: ((id >= 5220187) AND (id <= 5221186))
	        ->  Bitmap Index Scan on sbtest1_pkey  (cost=0.00..21.66 rows=923 width=0)
	              Index Cond: ((id >= 5220187) AND (id <= 5221186))

table 2 : explain SELECT c FROM sbtest2 WHERE id BETWEEN 9705785 AND 9706784 ORDER BY c
	Sort  (cost=4451.82..4454.68 rows=1142 width=121)
	  Sort Key: c
	  ->  Bitmap Heap Scan on sbtest2  (cost=28.14..4393.82 rows=1142 width=121)
	        Recheck Cond: ((id >= 9705785) AND (id <= 9706784))
	        ->  Bitmap Index Scan on sbtest2_pkey  (cost=0.00..27.86 rows=1142 width=0)
	              Index Cond: ((id >= 9705785) AND (id <= 9706784))

table 3 : explain SELECT c FROM sbtest3 WHERE id BETWEEN 5152249 AND 5153248 ORDER BY c
	Sort  (cost=3959.87..3962.40 rows=1013 width=121)
	  Sort Key: c
	  ->  Bitmap Heap Scan on sbtest3  (cost=22.82..3909.30 rows=1013 width=121)
	        Recheck Cond: ((id >= 5152249) AND (id <= 5153248))
	        ->  Bitmap Index Scan on sbtest3_pkey  (cost=0.00..22.57 rows=1013 width=0)
	              Index Cond: ((id >= 5152249) AND (id <= 5153248))

table 4 : explain SELECT c FROM sbtest4 WHERE id BETWEEN 8966420 AND 8967419 ORDER BY c
	Sort  (cost=4308.23..4310.99 rows=1104 width=121)
	  Sort Key: c
	  ->  Bitmap Heap Scan on sbtest4  (cost=27.75..4252.43 rows=1104 width=121)
	        Recheck Cond: ((id >= 8966420) AND (id <= 8967419))
	        ->  Bitmap Index Scan on sbtest4_pkey  (cost=0.00..27.47 rows=1104 width=0)
	              Index Cond: ((id >= 8966420) AND (id <= 8967419))

table 5 : explain SELECT c FROM sbtest5 WHERE id BETWEEN 3631712 AND 3632711 ORDER BY c
	Sort  (cost=3957.00..3959.53 rows=1012 width=121)
	  Sort Key: c
	  ->  Bitmap Heap Scan on sbtest5  (cost=22.81..3906.49 rows=1012 width=121)
	        Recheck Cond: ((id >= 3631712) AND (id <= 3632711))
	        ->  Bitmap Index Scan on sbtest5_pkey  (cost=0.00..22.55 rows=1012 width=0)
	              Index Cond: ((id >= 3631712) AND (id <= 3632711))

table 6 : explain SELECT c FROM sbtest6 WHERE id BETWEEN 6659855 AND 6660854 ORDER BY c
	Sort  (cost=4225.04..4227.74 rows=1082 width=121)
	  Sort Key: c
	  ->  Bitmap Heap Scan on sbtest6  (cost=23.53..4170.51 rows=1082 width=121)
	        Recheck Cond: ((id >= 6659855) AND (id <= 6660854))
	        ->  Bitmap Index Scan on sbtest6_pkey  (cost=0.00..23.25 rows=1082 width=0)
	              Index Cond: ((id >= 6659855) AND (id <= 6660854))

table 7 : explain SELECT c FROM sbtest7 WHERE id BETWEEN 3495271 AND 3496270 ORDER BY c
	Sort  (cost=3613.10..3615.41 rows=922 width=121)
	  Sort Key: c
	  ->  Bitmap Heap Scan on sbtest7  (cost=21.89..3567.70 rows=922 width=121)
	        Recheck Cond: ((id >= 3495271) AND (id <= 3496270))
	        ->  Bitmap Index Scan on sbtest7_pkey  (cost=0.00..21.65 rows=922 width=0)
	              Index Cond: ((id >= 3495271) AND (id <= 3496270))

table 8 : explain SELECT c FROM sbtest8 WHERE id BETWEEN 1463895 AND 1464894 ORDER BY c
	Sort  (cost=4060.89..4063.48 rows=1039 width=121)
	  Sort Key: c
	  ->  Bitmap Heap Scan on sbtest8  (cost=23.08..4008.83 rows=1039 width=121)
	        Recheck Cond: ((id >= 1463895) AND (id <= 1464894))
	        ->  Bitmap Index Scan on sbtest8_pkey  (cost=0.00..22.82 rows=1039 width=0)
	              Index Cond: ((id >= 1463895) AND (id <= 1464894))

for: order_ranges
table 1 : explain SELECT c FROM sbtest1 WHERE id BETWEEN 9604405 AND 9605404 ORDER BY c
	Sort  (cost=3541.71..3543.97 rows=904 width=121)
	  Sort Key: c
	  ->  Bitmap Heap Scan on sbtest1  (cost=21.70..3497.32 rows=904 width=121)
	        Recheck Cond: ((id >= 9604405) AND (id <= 9605404))
	        ->  Bitmap Index Scan on sbtest1_pkey  (cost=0.00..21.47 rows=904 width=0)
	              Index Cond: ((id >= 9604405) AND (id <= 9605404))

table 2 : explain SELECT c FROM sbtest2 WHERE id BETWEEN 2499670 AND 2500669 ORDER BY c
	Sort  (cost=3699.67..3702.03 rows=945 width=121)
	  Sort Key: c
	  ->  Bitmap Heap Scan on sbtest2  (cost=22.12..3652.96 rows=945 width=121)
	        Recheck Cond: ((id >= 2499670) AND (id <= 2500669))
	        ->  Bitmap Index Scan on sbtest2_pkey  (cost=0.00..21.89 rows=945 width=0)
	              Index Cond: ((id >= 2499670) AND (id <= 2500669))

table 3 : explain SELECT c FROM sbtest3 WHERE id BETWEEN 9611549 AND 9612548 ORDER BY c
	Sort  (cost=4024.80..4027.37 rows=1030 width=121)
	  Sort Key: c
	  ->  Bitmap Heap Scan on sbtest3  (cost=22.99..3973.26 rows=1030 width=121)
	        Recheck Cond: ((id >= 9611549) AND (id <= 9612548))
	        ->  Bitmap Index Scan on sbtest3_pkey  (cost=0.00..22.73 rows=1030 width=0)
	              Index Cond: ((id >= 9611549) AND (id <= 9612548))

table 4 : explain SELECT c FROM sbtest4 WHERE id BETWEEN 1802641 AND 1803640 ORDER BY c
	Sort  (cost=3470.49..3472.71 rows=885 width=121)
	  Sort Key: c
	  ->  Bitmap Heap Scan on sbtest4  (cost=21.51..3427.17 rows=885 width=121)
	        Recheck Cond: ((id >= 1802641) AND (id <= 1803640))
	        ->  Bitmap Index Scan on sbtest4_pkey  (cost=0.00..21.29 rows=885 width=0)
	              Index Cond: ((id >= 1802641) AND (id <= 1803640))

table 5 : explain SELECT c FROM sbtest5 WHERE id BETWEEN 2048283 AND 2049282 ORDER BY c
	Sort  (cost=3616.35..3618.66 rows=923 width=121)
	  Sort Key: c
	  ->  Bitmap Heap Scan on sbtest5  (cost=21.90..3570.90 rows=923 width=121)
	        Recheck Cond: ((id >= 2048283) AND (id <= 2049282))
	        ->  Bitmap Index Scan on sbtest5_pkey  (cost=0.00..21.66 rows=923 width=0)
	              Index Cond: ((id >= 2048283) AND (id <= 2049282))

table 6 : explain SELECT c FROM sbtest6 WHERE id BETWEEN 471420 AND 472419 ORDER BY c
	Sort  (cost=4037.97..4040.56 rows=1033 width=121)
	  Sort Key: c
	  ->  Bitmap Heap Scan on sbtest6  (cost=23.02..3986.26 rows=1033 width=121)
	        Recheck Cond: ((id >= 471420) AND (id <= 472419))
	        ->  Bitmap Index Scan on sbtest6_pkey  (cost=0.00..22.76 rows=1033 width=0)
	              Index Cond: ((id >= 471420) AND (id <= 472419))

table 7 : explain SELECT c FROM sbtest7 WHERE id BETWEEN 7716439 AND 7717438 ORDER BY c
	Sort  (cost=3858.23..3860.69 rows=986 width=121)
	  Sort Key: c
	  ->  Bitmap Heap Scan on sbtest7  (cost=22.54..3809.20 rows=986 width=121)
	        Recheck Cond: ((id >= 7716439) AND (id <= 7717438))
	        ->  Bitmap Index Scan on sbtest7_pkey  (cost=0.00..22.29 rows=986 width=0)
	              Index Cond: ((id >= 7716439) AND (id <= 7717438))

table 8 : explain SELECT c FROM sbtest8 WHERE id BETWEEN 2545071 AND 2546070 ORDER BY c
	Sort  (cost=4121.99..4124.62 rows=1055 width=121)
	  Sort Key: c
	  ->  Bitmap Heap Scan on sbtest8  (cost=23.25..4069.01 rows=1055 width=121)
	        Recheck Cond: ((id >= 2545071) AND (id <= 2546070))
	        ->  Bitmap Index Scan on sbtest8_pkey  (cost=0.00..22.98 rows=1055 width=0)
	              Index Cond: ((id >= 2545071) AND (id <= 2546070))

for: sum_ranges
table 1 : explain SELECT SUM(k) FROM sbtest1 WHERE id BETWEEN 1353034 AND 1354033
	Aggregate  (cost=4226.66..4226.67 rows=1 width=8)
	  ->  Bitmap Heap Scan on sbtest1  (cost=27.68..4223.91 rows=1097 width=4)
	        Recheck Cond: ((id >= 1353034) AND (id <= 1354033))
	        ->  Bitmap Index Scan on sbtest1_pkey  (cost=0.00..27.40 rows=1097 width=0)
	              Index Cond: ((id >= 1353034) AND (id <= 1354033))

table 2 : explain SELECT SUM(k) FROM sbtest2 WHERE id BETWEEN 7963874 AND 7964873
	Aggregate  (cost=4276.63..4276.64 rows=1 width=8)
	  ->  Bitmap Heap Scan on sbtest2  (cost=27.81..4273.86 rows=1110 width=4)
	        Recheck Cond: ((id >= 7963874) AND (id <= 7964873))
	        ->  Bitmap Index Scan on sbtest2_pkey  (cost=0.00..27.54 rows=1110 width=0)
	              Index Cond: ((id >= 7963874) AND (id <= 7964873))

table 3 : explain SELECT SUM(k) FROM sbtest3 WHERE id BETWEEN 2022931 AND 2023930
	Aggregate  (cost=4175.12..4175.13 rows=1 width=8)
	  ->  Bitmap Heap Scan on sbtest3  (cost=23.54..4172.42 rows=1083 width=4)
	        Recheck Cond: ((id >= 2022931) AND (id <= 2023930))
	        ->  Bitmap Index Scan on sbtest3_pkey  (cost=0.00..23.26 rows=1083 width=0)
	              Index Cond: ((id >= 2022931) AND (id <= 2023930))

table 4 : explain SELECT SUM(k) FROM sbtest4 WHERE id BETWEEN 5413804 AND 5414803
	Aggregate  (cost=4198.57..4198.58 rows=1 width=8)
	  ->  Bitmap Heap Scan on sbtest4  (cost=23.60..4195.85 rows=1089 width=4)
	        Recheck Cond: ((id >= 5413804) AND (id <= 5414803))
	        ->  Bitmap Index Scan on sbtest4_pkey  (cost=0.00..23.32 rows=1089 width=0)
	              Index Cond: ((id >= 5413804) AND (id <= 5414803))

table 5 : explain SELECT SUM(k) FROM sbtest5 WHERE id BETWEEN 4446179 AND 4447178
	Aggregate  (cost=3875.10..3875.11 rows=1 width=8)
	  ->  Bitmap Heap Scan on sbtest5  (cost=22.72..3872.60 rows=1003 width=4)
	        Recheck Cond: ((id >= 4446179) AND (id <= 4447178))
	        ->  Bitmap Index Scan on sbtest5_pkey  (cost=0.00..22.46 rows=1003 width=0)
	              Index Cond: ((id >= 4446179) AND (id <= 4447178))

table 6 : explain SELECT SUM(k) FROM sbtest6 WHERE id BETWEEN 3351155 AND 3352154
	Aggregate  (cost=3834.34..3834.35 rows=1 width=8)
	  ->  Bitmap Heap Scan on sbtest6  (cost=22.60..3831.86 rows=992 width=4)
	        Recheck Cond: ((id >= 3351155) AND (id <= 3352154))
	        ->  Bitmap Index Scan on sbtest6_pkey  (cost=0.00..22.36 rows=992 width=0)
	              Index Cond: ((id >= 3351155) AND (id <= 3352154))

table 7 : explain SELECT SUM(k) FROM sbtest7 WHERE id BETWEEN 6789372 AND 6790371
	Aggregate  (cost=3645.58..3645.59 rows=1 width=8)
	  ->  Bitmap Heap Scan on sbtest7  (cost=22.09..3643.23 rows=942 width=4)
	        Recheck Cond: ((id >= 6789372) AND (id <= 6790371))
	        ->  Bitmap Index Scan on sbtest7_pkey  (cost=0.00..21.86 rows=942 width=0)
	              Index Cond: ((id >= 6789372) AND (id <= 6790371))

table 8 : explain SELECT SUM(k) FROM sbtest8 WHERE id BETWEEN 8060227 AND 8061226
	Aggregate  (cost=4353.79..4353.80 rows=1 width=8)
	  ->  Bitmap Heap Scan on sbtest8  (cost=28.02..4350.97 rows=1130 width=4)
	        Recheck Cond: ((id >= 8060227) AND (id <= 8061226))
	        ->  Bitmap Index Scan on sbtest8_pkey  (cost=0.00..27.73 rows=1130 width=0)
	              Index Cond: ((id >= 8060227) AND (id <= 8061226))

for: order_ranges
table 1 : explain SELECT c FROM sbtest1 WHERE id BETWEEN 3330891 AND 3331890 ORDER BY c
	Sort  (cost=3981.60..3984.15 rows=1019 width=121)
	  Sort Key: c
	  ->  Bitmap Heap Scan on sbtest1  (cost=22.88..3930.69 rows=1019 width=121)
	        Recheck Cond: ((id >= 3330891) AND (id <= 3331890))
	        ->  Bitmap Index Scan on sbtest1_pkey  (cost=0.00..22.62 rows=1019 width=0)
	              Index Cond: ((id >= 3330891) AND (id <= 3331890))

table 2 : explain SELECT c FROM sbtest2 WHERE id BETWEEN 2879073 AND 2880072 ORDER BY c
	Sort  (cost=3699.67..3702.03 rows=945 width=121)
	  Sort Key: c
	  ->  Bitmap Heap Scan on sbtest2  (cost=22.12..3652.96 rows=945 width=121)
	        Recheck Cond: ((id >= 2879073) AND (id <= 2880072))
	        ->  Bitmap Index Scan on sbtest2_pkey  (cost=0.00..21.89 rows=945 width=0)
	              Index Cond: ((id >= 2879073) AND (id <= 2880072))

table 3 : explain SELECT c FROM sbtest3 WHERE id BETWEEN 5814001 AND 5815000 ORDER BY c
	Sort  (cost=3680.65..3683.00 rows=940 width=121)
	  Sort Key: c
	  ->  Bitmap Heap Scan on sbtest3  (cost=22.07..3634.23 rows=940 width=121)
	        Recheck Cond: ((id >= 5814001) AND (id <= 5815000))
	        ->  Bitmap Index Scan on sbtest3_pkey  (cost=0.00..21.83 rows=940 width=0)
	              Index Cond: ((id >= 5814001) AND (id <= 5815000))

table 4 : explain SELECT c FROM sbtest4 WHERE id BETWEEN 9674534 AND 9675533 ORDER BY c
	Sort  (cost=3937.75..3940.27 rows=1007 width=121)
	  Sort Key: c
	  ->  Bitmap Heap Scan on sbtest4  (cost=22.76..3887.52 rows=1007 width=121)
	        Recheck Cond: ((id >= 9674534) AND (id <= 9675533))
	        ->  Bitmap Index Scan on sbtest4_pkey  (cost=0.00..22.50 rows=1007 width=0)
	              Index Cond: ((id >= 9674534) AND (id <= 9675533))

table 5 : explain SELECT c FROM sbtest5 WHERE id BETWEEN 7898342 AND 7899341 ORDER BY c
	Sort  (cost=4170.84..4173.51 rows=1068 width=121)
	  Sort Key: c
	  ->  Bitmap Heap Scan on sbtest5  (cost=23.38..4117.12 rows=1068 width=121)
	        Recheck Cond: ((id >= 7898342) AND (id <= 7899341))
	        ->  Bitmap Index Scan on sbtest5_pkey  (cost=0.00..23.11 rows=1068 width=0)
	              Index Cond: ((id >= 7898342) AND (id <= 7899341))

table 6 : explain SELECT c FROM sbtest6 WHERE id BETWEEN 7590198 AND 7591197 ORDER BY c
	Sort  (cost=3930.95..3933.46 rows=1005 width=121)
	  Sort Key: c
	  ->  Bitmap Heap Scan on sbtest6  (cost=22.74..3880.84 rows=1005 width=121)
	        Recheck Cond: ((id >= 7590198) AND (id <= 7591197))
	        ->  Bitmap Index Scan on sbtest6_pkey  (cost=0.00..22.48 rows=1005 width=0)
	              Index Cond: ((id >= 7590198) AND (id <= 7591197))

table 7 : explain SELECT c FROM sbtest7 WHERE id BETWEEN 9824271 AND 9825270 ORDER BY c
	Sort  (cost=3950.02..3952.55 rows=1010 width=121)
	  Sort Key: c
	  ->  Bitmap Heap Scan on sbtest7  (cost=22.79..3899.62 rows=1010 width=121)
	        Recheck Cond: ((id >= 9824271) AND (id <= 9825270))
	        ->  Bitmap Index Scan on sbtest7_pkey  (cost=0.00..22.54 rows=1010 width=0)
	              Index Cond: ((id >= 9824271) AND (id <= 9825270))

table 8 : explain SELECT c FROM sbtest8 WHERE id BETWEEN 4690165 AND 4691164 ORDER BY c
	Sort  (cost=3789.38..3791.80 rows=968 width=121)
	  Sort Key: c
	  ->  Bitmap Heap Scan on sbtest8  (cost=22.36..3741.37 rows=968 width=121)
	        Recheck Cond: ((id >= 4690165) AND (id <= 4691164))
	        ->  Bitmap Index Scan on sbtest8_pkey  (cost=0.00..22.11 rows=968 width=0)
	              Index Cond: ((id >= 4690165) AND (id <= 4691164))

for: order_ranges
table 1 : explain SELECT c FROM sbtest1 WHERE id BETWEEN 9542909 AND 9543908 ORDER BY c
	Sort  (cost=3756.13..3758.53 rows=960 width=121)
	  Sort Key: c
	  ->  Bitmap Heap Scan on sbtest1  (cost=22.27..3708.57 rows=960 width=121)
	        Recheck Cond: ((id >= 9542909) AND (id <= 9543908))
	        ->  Bitmap Index Scan on sbtest1_pkey  (cost=0.00..22.04 rows=960 width=0)
	              Index Cond: ((id >= 9542909) AND (id <= 9543908))

table 2 : explain SELECT c FROM sbtest2 WHERE id BETWEEN 7326 AND 8325 ORDER BY c
	Sort  (cost=3902.41..3904.91 rows=998 width=121)
	  Sort Key: c
	  ->  Bitmap Heap Scan on sbtest2  (cost=22.66..3852.70 rows=998 width=121)
	        Recheck Cond: ((id >= 7326) AND (id <= 8325))
	        ->  Bitmap Index Scan on sbtest2_pkey  (cost=0.00..22.41 rows=998 width=0)
	              Index Cond: ((id >= 7326) AND (id <= 8325))

table 3 : explain SELECT c FROM sbtest3 WHERE id BETWEEN 7359802 AND 7360801 ORDER BY c
	Sort  (cost=3936.94..3939.46 rows=1007 width=121)
	  Sort Key: c
	  ->  Bitmap Heap Scan on sbtest3  (cost=22.76..3886.72 rows=1007 width=121)
	        Recheck Cond: ((id >= 7359802) AND (id <= 7360801))
	        ->  Bitmap Index Scan on sbtest3_pkey  (cost=0.00..22.50 rows=1007 width=0)
	              Index Cond: ((id >= 7359802) AND (id <= 7360801))

table 4 : explain SELECT c FROM sbtest4 WHERE id BETWEEN 1158547 AND 1159546 ORDER BY c
	Sort  (cost=4407.28..4410.10 rows=1130 width=121)
	  Sort Key: c
	  ->  Bitmap Heap Scan on sbtest4  (cost=28.02..4349.97 rows=1130 width=121)
	        Recheck Cond: ((id >= 1158547) AND (id <= 1159546))
	        ->  Bitmap Index Scan on sbtest4_pkey  (cost=0.00..27.73 rows=1130 width=0)
	              Index Cond: ((id >= 1158547) AND (id <= 1159546))

table 5 : explain SELECT c FROM sbtest5 WHERE id BETWEEN 7660231 AND 7661230 ORDER BY c
	Sort  (cost=3804.02..3806.45 rows=972 width=121)
	  Sort Key: c
	  ->  Bitmap Heap Scan on sbtest5  (cost=22.40..3755.79 rows=972 width=121)
	        Recheck Cond: ((id >= 7660231) AND (id <= 7661230))
	        ->  Bitmap Index Scan on sbtest5_pkey  (cost=0.00..22.15 rows=972 width=0)
	              Index Cond: ((id >= 7660231) AND (id <= 7661230))

table 6 : explain SELECT c FROM sbtest6 WHERE id BETWEEN 8086508 AND 8087507 ORDER BY c
	Sort  (cost=3865.93..3868.40 rows=988 width=121)
	  Sort Key: c
	  ->  Bitmap Heap Scan on sbtest6  (cost=22.56..3816.78 rows=988 width=121)
	        Recheck Cond: ((id >= 8086508) AND (id <= 8087507))
	        ->  Bitmap Index Scan on sbtest6_pkey  (cost=0.00..22.32 rows=988 width=0)
	              Index Cond: ((id >= 8086508) AND (id <= 8087507))

table 7 : explain SELECT c FROM sbtest7 WHERE id BETWEEN 5865005 AND 5866004 ORDER BY c
	Sort  (cost=3881.18..3883.66 rows=992 width=121)
	  Sort Key: c
	  ->  Bitmap Heap Scan on sbtest7  (cost=22.60..3831.81 rows=992 width=121)
	        Recheck Cond: ((id >= 5865005) AND (id <= 5866004))
	        ->  Bitmap Index Scan on sbtest7_pkey  (cost=0.00..22.36 rows=992 width=0)
	              Index Cond: ((id >= 5865005) AND (id <= 5866004))

table 8 : explain SELECT c FROM sbtest8 WHERE id BETWEEN 7176315 AND 7177314 ORDER BY c
	Sort  (cost=4370.17..4372.97 rows=1120 width=121)
	  Sort Key: c
	  ->  Bitmap Heap Scan on sbtest8  (cost=27.92..4313.45 rows=1120 width=121)
	        Recheck Cond: ((id >= 7176315) AND (id <= 7177314))
	        ->  Bitmap Index Scan on sbtest8_pkey  (cost=0.00..27.64 rows=1120 width=0)
	              Index Cond: ((id >= 7176315) AND (id <= 7177314))

for: distinct_ranges
table 1 : explain SELECT DISTINCT c FROM sbtest1 WHERE id BETWEEN 6133956 AND 6134955 ORDER BY c
	Unique  (cost=4118.97..4124.25 rows=1055 width=121)
	  ->  Sort  (cost=4118.97..4121.61 rows=1055 width=121)
	        Sort Key: c
	        ->  Bitmap Heap Scan on sbtest1  (cost=23.25..4065.99 rows=1055 width=121)
	              Recheck Cond: ((id >= 6133956) AND (id <= 6134955))
	              ->  Bitmap Index Scan on sbtest1_pkey  (cost=0.00..22.98 rows=1055 width=0)
	                    Index Cond: ((id >= 6133956) AND (id <= 6134955))

table 2 : explain SELECT DISTINCT c FROM sbtest2 WHERE id BETWEEN 4590334 AND 4591333 ORDER BY c
	Unique  (cost=3936.81..3941.84 rows=1007 width=121)
	  ->  Sort  (cost=3936.81..3939.32 rows=1007 width=121)
	        Sort Key: c
	        ->  Bitmap Heap Scan on sbtest2  (cost=22.76..3886.58 rows=1007 width=121)
	              Recheck Cond: ((id >= 4590334) AND (id <= 4591333))
	              ->  Bitmap Index Scan on sbtest2_pkey  (cost=0.00..22.50 rows=1007 width=0)
	                    Index Cond: ((id >= 4590334) AND (id <= 4591333))

table 3 : explain SELECT DISTINCT c FROM sbtest3 WHERE id BETWEEN 5319394 AND 5320393 ORDER BY c
	Unique  (cost=4085.88..4091.11 rows=1046 width=121)
	  ->  Sort  (cost=4085.88..4088.49 rows=1046 width=121)
	        Sort Key: c
	        ->  Bitmap Heap Scan on sbtest3  (cost=23.16..4033.42 rows=1046 width=121)
	              Recheck Cond: ((id >= 5319394) AND (id <= 5320393))
	              ->  Bitmap Index Scan on sbtest3_pkey  (cost=0.00..22.89 rows=1046 width=0)
	                    Index Cond: ((id >= 5319394) AND (id <= 5320393))

table 4 : explain SELECT DISTINCT c FROM sbtest4 WHERE id BETWEEN 6368427 AND 6369426 ORDER BY c
	Unique  (cost=4292.90..4298.40 rows=1099 width=121)
	  ->  Sort  (cost=4292.90..4295.65 rows=1099 width=121)
	        Sort Key: c
	        ->  Bitmap Heap Scan on sbtest4  (cost=27.70..4237.39 rows=1099 width=121)
	              Recheck Cond: ((id >= 6368427) AND (id <= 6369426))
	              ->  Bitmap Index Scan on sbtest4_pkey  (cost=0.00..27.43 rows=1099 width=0)
	                    Index Cond: ((id >= 6368427) AND (id <= 6369426))

table 5 : explain SELECT DISTINCT c FROM sbtest5 WHERE id BETWEEN 8989122 AND 8990121 ORDER BY c
	Unique  (cost=3853.76..3858.69 rows=985 width=121)
	  ->  Sort  (cost=3853.76..3856.22 rows=985 width=121)
	        Sort Key: c
	        ->  Bitmap Heap Scan on sbtest5  (cost=22.53..3804.79 rows=985 width=121)
	              Recheck Cond: ((id >= 8989122) AND (id <= 8990121))
	              ->  Bitmap Index Scan on sbtest5_pkey  (cost=0.00..22.29 rows=985 width=0)
	                    Index Cond: ((id >= 8989122) AND (id <= 8990121))

table 6 : explain SELECT DISTINCT c FROM sbtest6 WHERE id BETWEEN 58233 AND 59232 ORDER BY c
	Unique  (cost=4022.69..4027.84 rows=1029 width=121)
	  ->  Sort  (cost=4022.69..4025.26 rows=1029 width=121)
	        Sort Key: c
	        ->  Bitmap Heap Scan on sbtest6  (cost=22.98..3971.20 rows=1029 width=121)
	              Recheck Cond: ((id >= 58233) AND (id <= 59232))
	              ->  Bitmap Index Scan on sbtest6_pkey  (cost=0.00..22.72 rows=1029 width=0)
	                    Index Cond: ((id >= 58233) AND (id <= 59232))

table 7 : explain SELECT DISTINCT c FROM sbtest7 WHERE id BETWEEN 5225746 AND 5226745 ORDER BY c
	Unique  (cost=4625.16..4631.10 rows=1187 width=121)
	  ->  Sort  (cost=4625.16..4628.13 rows=1187 width=121)
	        Sort Key: c
	        ->  Bitmap Heap Scan on sbtest7  (cost=28.60..4564.55 rows=1187 width=121)
	              Recheck Cond: ((id >= 5225746) AND (id <= 5226745))
	              ->  Bitmap Index Scan on sbtest7_pkey  (cost=0.00..28.30 rows=1187 width=0)
	                    Index Cond: ((id >= 5225746) AND (id <= 5226745))

table 8 : explain SELECT DISTINCT c FROM sbtest8 WHERE id BETWEEN 7422124 AND 7423123 ORDER BY c
	Unique  (cost=3976.82..3981.91 rows=1017 width=121)
	  ->  Sort  (cost=3976.82..3979.36 rows=1017 width=121)
	        Sort Key: c
	        ->  Bitmap Heap Scan on sbtest8  (cost=22.86..3926.02 rows=1017 width=121)
	              Recheck Cond: ((id >= 7422124) AND (id <= 7423123))
	              ->  Bitmap Index Scan on sbtest8_pkey  (cost=0.00..22.61 rows=1017 width=0)
	                    Index Cond: ((id >= 7422124) AND (id <= 7423123))

for: distinct_ranges
table 1 : explain SELECT DISTINCT c FROM sbtest1 WHERE id BETWEEN 2471463 AND 2472462 ORDER BY c
	Unique  (cost=3740.82..3745.60 rows=956 width=121)
	  ->  Sort  (cost=3740.82..3743.21 rows=956 width=121)
	        Sort Key: c
	        ->  Bitmap Heap Scan on sbtest1  (cost=22.23..3693.50 rows=956 width=121)
	              Recheck Cond: ((id >= 2471463) AND (id <= 2472462))
	              ->  Bitmap Index Scan on sbtest1_pkey  (cost=0.00..22.00 rows=956 width=0)
	                    Index Cond: ((id >= 2471463) AND (id <= 2472462))

table 2 : explain SELECT DISTINCT c FROM sbtest2 WHERE id BETWEEN 2154170 AND 2155169 ORDER BY c
	Unique  (cost=3955.91..3960.97 rows=1012 width=121)
	  ->  Sort  (cost=3955.91..3958.44 rows=1012 width=121)
	        Sort Key: c
	        ->  Bitmap Heap Scan on sbtest2  (cost=22.81..3905.40 rows=1012 width=121)
	              Recheck Cond: ((id >= 2154170) AND (id <= 2155169))
	              ->  Bitmap Index Scan on sbtest2_pkey  (cost=0.00..22.55 rows=1012 width=0)
	                    Index Cond: ((id >= 2154170) AND (id <= 2155169))

table 3 : explain SELECT DISTINCT c FROM sbtest3 WHERE id BETWEEN 4412856 AND 4413855 ORDER BY c
	Unique  (cost=3956.05..3961.11 rows=1012 width=121)
	  ->  Sort  (cost=3956.05..3958.58 rows=1012 width=121)
	        Sort Key: c
	        ->  Bitmap Heap Scan on sbtest3  (cost=22.81..3905.54 rows=1012 width=121)
	              Recheck Cond: ((id >= 4412856) AND (id <= 4413855))
	              ->  Bitmap Index Scan on sbtest3_pkey  (cost=0.00..22.55 rows=1012 width=0)
	                    Index Cond: ((id >= 4412856) AND (id <= 4413855))

table 4 : explain SELECT DISTINCT c FROM sbtest4 WHERE id BETWEEN 6942254 AND 6943253 ORDER BY c
	Unique  (cost=3838.33..3843.23 rows=981 width=121)
	  ->  Sort  (cost=3838.33..3840.78 rows=981 width=121)
	        Sort Key: c
	        ->  Bitmap Heap Scan on sbtest4  (cost=22.49..3789.58 rows=981 width=121)
	              Recheck Cond: ((id >= 6942254) AND (id <= 6943253))
	              ->  Bitmap Index Scan on sbtest4_pkey  (cost=0.00..22.25 rows=981 width=0)
	                    Index Cond: ((id >= 6942254) AND (id <= 6943253))

table 5 : explain SELECT DISTINCT c FROM sbtest5 WHERE id BETWEEN 7863969 AND 7864968 ORDER BY c
	Unique  (cost=4170.84..4176.18 rows=1068 width=121)
	  ->  Sort  (cost=4170.84..4173.51 rows=1068 width=121)
	        Sort Key: c
	        ->  Bitmap Heap Scan on sbtest5  (cost=23.38..4117.12 rows=1068 width=121)
	              Recheck Cond: ((id >= 7863969) AND (id <= 7864968))
	              ->  Bitmap Index Scan on sbtest5_pkey  (cost=0.00..23.11 rows=1068 width=0)
	                    Index Cond: ((id >= 7863969) AND (id <= 7864968))

table 6 : explain SELECT DISTINCT c FROM sbtest6 WHERE id BETWEEN 2694716 AND 2695715 ORDER BY c
	Unique  (cost=3950.07..3955.12 rows=1010 width=121)
	  ->  Sort  (cost=3950.07..3952.59 rows=1010 width=121)
	        Sort Key: c
	        ->  Bitmap Heap Scan on sbtest6  (cost=22.79..3899.67 rows=1010 width=121)
	              Recheck Cond: ((id >= 2694716) AND (id <= 2695715))
	              ->  Bitmap Index Scan on sbtest6_pkey  (cost=0.00..22.54 rows=1010 width=0)
	                    Index Cond: ((id >= 2694716) AND (id <= 2695715))

table 7 : explain SELECT DISTINCT c FROM sbtest7 WHERE id BETWEEN 7831473 AND 7832472 ORDER BY c
	Unique  (cost=3797.00..3801.85 rows=970 width=121)
	  ->  Sort  (cost=3797.00..3799.42 rows=970 width=121)
	        Sort Key: c
	        ->  Bitmap Heap Scan on sbtest7  (cost=22.38..3748.87 rows=970 width=121)
	              Recheck Cond: ((id >= 7831473) AND (id <= 7832472))
	              ->  Bitmap Index Scan on sbtest7_pkey  (cost=0.00..22.14 rows=970 width=0)
	                    Index Cond: ((id >= 7831473) AND (id <= 7832472))

table 8 : explain SELECT DISTINCT c FROM sbtest8 WHERE id BETWEEN 5364793 AND 5365792 ORDER BY c
	Unique  (cost=3930.94..3935.97 rows=1005 width=121)
	  ->  Sort  (cost=3930.94..3933.46 rows=1005 width=121)
	        Sort Key: c
	        ->  Bitmap Heap Scan on sbtest8  (cost=22.74..3880.83 rows=1005 width=121)
	              Recheck Cond: ((id >= 5364793) AND (id <= 5365792))
	              ->  Bitmap Index Scan on sbtest8_pkey  (cost=0.00..22.48 rows=1005 width=0)
	                    Index Cond: ((id >= 5364793) AND (id <= 5365792))

for: order_ranges
table 1 : explain SELECT c FROM sbtest1 WHERE id BETWEEN 2249150 AND 2250149 ORDER BY c
	Sort  (cost=4027.41..4029.99 rows=1031 width=121)
	  Sort Key: c
	  ->  Bitmap Heap Scan on sbtest1  (cost=23.00..3975.81 rows=1031 width=121)
	        Recheck Cond: ((id >= 2249150) AND (id <= 2250149))
	        ->  Bitmap Index Scan on sbtest1_pkey  (cost=0.00..22.75 rows=1031 width=0)
	              Index Cond: ((id >= 2249150) AND (id <= 2250149))

table 2 : explain SELECT c FROM sbtest2 WHERE id BETWEEN 9656670 AND 9657669 ORDER BY c
	Sort  (cost=4272.86..4275.59 rows=1095 width=121)
	  Sort Key: c
	  ->  Bitmap Heap Scan on sbtest2  (cost=27.66..4217.58 rows=1095 width=121)
	        Recheck Cond: ((id >= 9656670) AND (id <= 9657669))
	        ->  Bitmap Index Scan on sbtest2_pkey  (cost=0.00..27.39 rows=1095 width=0)
	              Index Cond: ((id >= 9656670) AND (id <= 9657669))

table 3 : explain SELECT c FROM sbtest3 WHERE id BETWEEN 3471327 AND 3472326 ORDER BY c
	Sort  (cost=3642.34..3644.67 rows=930 width=121)
	  Sort Key: c
	  ->  Bitmap Heap Scan on sbtest3  (cost=21.97..3596.49 rows=930 width=121)
	        Recheck Cond: ((id >= 3471327) AND (id <= 3472326))
	        ->  Bitmap Index Scan on sbtest3_pkey  (cost=0.00..21.73 rows=930 width=0)
	              Index Cond: ((id >= 3471327) AND (id <= 3472326))

table 4 : explain SELECT c FROM sbtest4 WHERE id BETWEEN 3492434 AND 3493433 ORDER BY c
	Sort  (cost=4002.71..4005.27 rows=1024 width=121)
	  Sort Key: c
	  ->  Bitmap Heap Scan on sbtest4  (cost=22.93..3951.51 rows=1024 width=121)
	        Recheck Cond: ((id >= 3492434) AND (id <= 3493433))
	        ->  Bitmap Index Scan on sbtest4_pkey  (cost=0.00..22.68 rows=1024 width=0)
	              Index Cond: ((id >= 3492434) AND (id <= 3493433))

table 5 : explain SELECT c FROM sbtest5 WHERE id BETWEEN 9863643 AND 9864642 ORDER BY c
	Sort  (cost=4121.23..4123.87 rows=1055 width=121)
	  Sort Key: c
	  ->  Bitmap Heap Scan on sbtest5  (cost=23.25..4068.26 rows=1055 width=121)
	        Recheck Cond: ((id >= 9863643) AND (id <= 9864642))
	        ->  Bitmap Index Scan on sbtest5_pkey  (cost=0.00..22.98 rows=1055 width=0)
	              Index Cond: ((id >= 9863643) AND (id <= 9864642))

table 6 : explain SELECT c FROM sbtest6 WHERE id BETWEEN 1647223 AND 1648222 ORDER BY c
	Sort  (cost=4305.31..4308.06 rows=1102 width=121)
	  Sort Key: c
	  ->  Bitmap Heap Scan on sbtest6  (cost=27.73..4249.62 rows=1102 width=121)
	        Recheck Cond: ((id >= 1647223) AND (id <= 1648222))
	        ->  Bitmap Index Scan on sbtest6_pkey  (cost=0.00..27.45 rows=1102 width=0)
	              Index Cond: ((id >= 1647223) AND (id <= 1648222))

table 7 : explain SELECT c FROM sbtest7 WHERE id BETWEEN 745553 AND 746552 ORDER BY c
	Sort  (cost=3846.75..3849.21 rows=983 width=121)
	  Sort Key: c
	  ->  Bitmap Heap Scan on sbtest7  (cost=22.51..3797.89 rows=983 width=121)
	        Recheck Cond: ((id >= 745553) AND (id <= 746552))
	        ->  Bitmap Index Scan on sbtest7_pkey  (cost=0.00..22.26 rows=983 width=0)
	              Index Cond: ((id >= 745553) AND (id <= 746552))

table 8 : explain SELECT c FROM sbtest8 WHERE id BETWEEN 3421646 AND 3422645 ORDER BY c
	Sort  (cost=3777.89..3780.30 rows=965 width=121)
	  Sort Key: c
	  ->  Bitmap Heap Scan on sbtest8  (cost=22.33..3730.05 rows=965 width=121)
	        Recheck Cond: ((id >= 3421646) AND (id <= 3422645))
	        ->  Bitmap Index Scan on sbtest8_pkey  (cost=0.00..22.08 rows=965 width=0)
	              Index Cond: ((id >= 3421646) AND (id <= 3422645))

for point_selects
table 1 : explain SELECT c FROM sbtest1 WHERE id=3849873
	Index Scan using sbtest1_pkey on sbtest1  (cost=0.43..8.45 rows=1 width=121)
	  Index Cond: (id = 3849873)

table 2 : explain SELECT c FROM sbtest2 WHERE id=6172973
	Index Scan using sbtest2_pkey on sbtest2  (cost=0.43..8.45 rows=1 width=121)
	  Index Cond: (id = 6172973)

table 3 : explain SELECT c FROM sbtest3 WHERE id=7911431
	Index Scan using sbtest3_pkey on sbtest3  (cost=0.43..8.45 rows=1 width=121)
	  Index Cond: (id = 7911431)

table 4 : explain SELECT c FROM sbtest4 WHERE id=8234009
	Index Scan using sbtest4_pkey on sbtest4  (cost=0.43..8.45 rows=1 width=121)
	  Index Cond: (id = 8234009)

table 5 : explain SELECT c FROM sbtest5 WHERE id=601279
	Index Scan using sbtest5_pkey on sbtest5  (cost=0.43..8.45 rows=1 width=121)
	  Index Cond: (id = 601279)

table 6 : explain SELECT c FROM sbtest6 WHERE id=7391224
	Index Scan using sbtest6_pkey on sbtest6  (cost=0.43..8.45 rows=1 width=121)
	  Index Cond: (id = 7391224)

table 7 : explain SELECT c FROM sbtest7 WHERE id=3434300
	Index Scan using sbtest7_pkey on sbtest7  (cost=0.43..8.45 rows=1 width=121)
	  Index Cond: (id = 3434300)

table 8 : explain SELECT c FROM sbtest8 WHERE id=7950808
	Index Scan using sbtest8_pkey on sbtest8  (cost=0.43..8.45 rows=1 width=121)
	  Index Cond: (id = 7950808)

for: distinct_ranges
table 1 : explain SELECT DISTINCT c FROM sbtest1 WHERE id BETWEEN 6405876 AND 6406875 ORDER BY c
	Unique  (cost=3568.53..3573.09 rows=911 width=121)
	  ->  Sort  (cost=3568.53..3570.81 rows=911 width=121)
	        Sort Key: c
	        ->  Bitmap Heap Scan on sbtest1  (cost=21.77..3523.75 rows=911 width=121)
	              Recheck Cond: ((id >= 6405876) AND (id <= 6406875))
	              ->  Bitmap Index Scan on sbtest1_pkey  (cost=0.00..21.54 rows=911 width=0)
	                    Index Cond: ((id >= 6405876) AND (id <= 6406875))

table 2 : explain SELECT DISTINCT c FROM sbtest2 WHERE id BETWEEN 7536046 AND 7537045 ORDER BY c
	Unique  (cost=4310.96..4316.48 rows=1105 width=121)
	  ->  Sort  (cost=4310.96..4313.72 rows=1105 width=121)
	        Sort Key: c
	        ->  Bitmap Heap Scan on sbtest2  (cost=27.76..4255.10 rows=1105 width=121)
	              Recheck Cond: ((id >= 7536046) AND (id <= 7537045))
	              ->  Bitmap Index Scan on sbtest2_pkey  (cost=0.00..27.48 rows=1105 width=0)
	                    Index Cond: ((id >= 7536046) AND (id <= 7537045))

table 3 : explain SELECT DISTINCT c FROM sbtest3 WHERE id BETWEEN 5360367 AND 5361366 ORDER BY c
	Unique  (cost=4085.88..4091.11 rows=1046 width=121)
	  ->  Sort  (cost=4085.88..4088.49 rows=1046 width=121)
	        Sort Key: c
	        ->  Bitmap Heap Scan on sbtest3  (cost=23.16..4033.42 rows=1046 width=121)
	              Recheck Cond: ((id >= 5360367) AND (id <= 5361366))
	              ->  Bitmap Index Scan on sbtest3_pkey  (cost=0.00..22.89 rows=1046 width=0)
	                    Index Cond: ((id >= 5360367) AND (id <= 5361366))

table 4 : explain SELECT DISTINCT c FROM sbtest4 WHERE id BETWEEN 2543299 AND 2544298 ORDER BY c
	Unique  (cost=3738.82..3743.60 rows=955 width=121)
	  ->  Sort  (cost=3738.82..3741.21 rows=955 width=121)
	        Sort Key: c
	        ->  Bitmap Heap Scan on sbtest4  (cost=22.22..3691.55 rows=955 width=121)
	              Recheck Cond: ((id >= 2543299) AND (id <= 2544298))
	              ->  Bitmap Index Scan on sbtest4_pkey  (cost=0.00..21.98 rows=955 width=0)
	                    Index Cond: ((id >= 2543299) AND (id <= 2544298))

table 5 : explain SELECT DISTINCT c FROM sbtest5 WHERE id BETWEEN 9429234 AND 9430233 ORDER BY c
	Unique  (cost=3700.65..3705.38 rows=945 width=121)
	  ->  Sort  (cost=3700.65..3703.01 rows=945 width=121)
	        Sort Key: c
	        ->  Bitmap Heap Scan on sbtest5  (cost=22.12..3653.95 rows=945 width=121)
	              Recheck Cond: ((id >= 9429234) AND (id <= 9430233))
	              ->  Bitmap Index Scan on sbtest5_pkey  (cost=0.00..21.89 rows=945 width=0)
	                    Index Cond: ((id >= 9429234) AND (id <= 9430233))

table 6 : explain SELECT DISTINCT c FROM sbtest6 WHERE id BETWEEN 1124422 AND 1125421 ORDER BY c
	Unique  (cost=3854.45..3859.37 rows=985 width=121)
	  ->  Sort  (cost=3854.45..3856.91 rows=985 width=121)
	        Sort Key: c
	        ->  Bitmap Heap Scan on sbtest6  (cost=22.53..3805.47 rows=985 width=121)
	              Recheck Cond: ((id >= 1124422) AND (id <= 1125421))
	              ->  Bitmap Index Scan on sbtest6_pkey  (cost=0.00..22.29 rows=985 width=0)
	                    Index Cond: ((id >= 1124422) AND (id <= 1125421))

table 7 : explain SELECT DISTINCT c FROM sbtest7 WHERE id BETWEEN 4594387 AND 4595386 ORDER BY c
	Unique  (cost=3697.42..3702.14 rows=944 width=121)
	  ->  Sort  (cost=3697.42..3699.78 rows=944 width=121)
	        Sort Key: c
	        ->  Bitmap Heap Scan on sbtest7  (cost=22.11..3650.78 rows=944 width=121)
	              Recheck Cond: ((id >= 4594387) AND (id <= 4595386))
	              ->  Bitmap Index Scan on sbtest7_pkey  (cost=0.00..21.87 rows=944 width=0)
	                    Index Cond: ((id >= 4594387) AND (id <= 4595386))

table 8 : explain SELECT DISTINCT c FROM sbtest8 WHERE id BETWEEN 7795889 AND 7796888 ORDER BY c
	Unique  (cost=3973.00..3978.08 rows=1016 width=121)
	  ->  Sort  (cost=3973.00..3975.54 rows=1016 width=121)
	        Sort Key: c
	        ->  Bitmap Heap Scan on sbtest8  (cost=22.85..3922.26 rows=1016 width=121)
	              Recheck Cond: ((id >= 7795889) AND (id <= 7796888))
	              ->  Bitmap Index Scan on sbtest8_pkey  (cost=0.00..22.59 rows=1016 width=0)
	                    Index Cond: ((id >= 7795889) AND (id <= 7796888))

for point_selects
table 1 : explain SELECT c FROM sbtest1 WHERE id=7181063
	Index Scan using sbtest1_pkey on sbtest1  (cost=0.43..8.45 rows=1 width=121)
	  Index Cond: (id = 7181063)

table 2 : explain SELECT c FROM sbtest2 WHERE id=5149290
	Index Scan using sbtest2_pkey on sbtest2  (cost=0.43..8.45 rows=1 width=121)
	  Index Cond: (id = 5149290)

table 3 : explain SELECT c FROM sbtest3 WHERE id=4452842
	Index Scan using sbtest3_pkey on sbtest3  (cost=0.43..8.45 rows=1 width=121)
	  Index Cond: (id = 4452842)

table 4 : explain SELECT c FROM sbtest4 WHERE id=1177480
	Index Scan using sbtest4_pkey on sbtest4  (cost=0.43..8.45 rows=1 width=121)
	  Index Cond: (id = 1177480)

table 5 : explain SELECT c FROM sbtest5 WHERE id=7578006
	Index Scan using sbtest5_pkey on sbtest5  (cost=0.43..8.45 rows=1 width=121)
	  Index Cond: (id = 7578006)

table 6 : explain SELECT c FROM sbtest6 WHERE id=470398
	Index Scan using sbtest6_pkey on sbtest6  (cost=0.43..8.45 rows=1 width=121)
	  Index Cond: (id = 470398)

table 7 : explain SELECT c FROM sbtest7 WHERE id=1033222
	Index Scan using sbtest7_pkey on sbtest7  (cost=0.43..8.45 rows=1 width=121)
	  Index Cond: (id = 1033222)

table 8 : explain SELECT c FROM sbtest8 WHERE id=6066080
	Index Scan using sbtest8_pkey on sbtest8  (cost=0.43..8.45 rows=1 width=121)
	  Index Cond: (id = 6066080)

explain: for point_selects :: explain SELECT c FROM sbtest%u WHERE id=%u
explain: for point_selects :: explain SELECT c FROM sbtest%u WHERE id=%u
for: distinct_ranges
table 1 : explain SELECT DISTINCT c FROM sbtest1 WHERE id BETWEEN 1415282 AND 1416281 ORDER BY c
	Unique  (cost=3622.16..3626.79 rows=925 width=121)
	  ->  Sort  (cost=3622.16..3624.47 rows=925 width=121)
	        Sort Key: c
	        ->  Bitmap Heap Scan on sbtest1  (cost=21.92..3576.59 rows=925 width=121)
	              Recheck Cond: ((id >= 1415282) AND (id <= 1416281))
	              ->  Bitmap Index Scan on sbtest1_pkey  (cost=0.00..21.68 rows=925 width=0)
	                    Index Cond: ((id >= 1415282) AND (id <= 1416281))

table 2 : explain SELECT DISTINCT c FROM sbtest2 WHERE id BETWEEN 9942620 AND 9943619 ORDER BY c
	Unique  (cost=3898.59..3903.58 rows=997 width=121)
	  ->  Sort  (cost=3898.59..3901.08 rows=997 width=121)
	        Sort Key: c
	        ->  Bitmap Heap Scan on sbtest2  (cost=22.65..3848.93 rows=997 width=121)
	              Recheck Cond: ((id >= 9942620) AND (id <= 9943619))
	              ->  Bitmap Index Scan on sbtest2_pkey  (cost=0.00..22.40 rows=997 width=0)
	                    Index Cond: ((id >= 9942620) AND (id <= 9943619))

table 3 : explain SELECT DISTINCT c FROM sbtest3 WHERE id BETWEEN 7751128 AND 7752127 ORDER BY c
	Unique  (cost=4158.37..4163.69 rows=1065 width=121)
	  ->  Sort  (cost=4158.37..4161.03 rows=1065 width=121)
	        Sort Key: c
	        ->  Bitmap Heap Scan on sbtest3  (cost=23.35..4104.82 rows=1065 width=121)
	              Recheck Cond: ((id >= 7751128) AND (id <= 7752127))
	              ->  Bitmap Index Scan on sbtest3_pkey  (cost=0.00..23.08 rows=1065 width=0)
	                    Index Cond: ((id >= 7751128) AND (id <= 7752127))

table 4 : explain SELECT DISTINCT c FROM sbtest4 WHERE id BETWEEN 5106575 AND 5107574 ORDER BY c
	Unique  (cost=3972.15..3977.23 rows=1016 width=121)
	  ->  Sort  (cost=3972.15..3974.69 rows=1016 width=121)
	        Sort Key: c
	        ->  Bitmap Heap Scan on sbtest4  (cost=22.85..3921.41 rows=1016 width=121)
	              Recheck Cond: ((id >= 5106575) AND (id <= 5107574))
	              ->  Bitmap Index Scan on sbtest4_pkey  (cost=0.00..22.59 rows=1016 width=0)
	                    Index Cond: ((id >= 5106575) AND (id <= 5107574))

table 5 : explain SELECT DISTINCT c FROM sbtest5 WHERE id BETWEEN 4796648 AND 4797647 ORDER BY c
	Unique  (cost=4285.44..4290.92 rows=1097 width=121)
	  ->  Sort  (cost=4285.44..4288.18 rows=1097 width=121)
	        Sort Key: c
	        ->  Bitmap Heap Scan on sbtest5  (cost=27.68..4230.04 rows=1097 width=121)
	              Recheck Cond: ((id >= 4796648) AND (id <= 4797647))
	              ->  Bitmap Index Scan on sbtest5_pkey  (cost=0.00..27.40 rows=1097 width=0)
	                    Index Cond: ((id >= 4796648) AND (id <= 4797647))

table 6 : explain SELECT DISTINCT c FROM sbtest6 WHERE id BETWEEN 8946797 AND 8947796 ORDER BY c
	Unique  (cost=3812.35..3817.22 rows=974 width=121)
	  ->  Sort  (cost=3812.35..3814.79 rows=974 width=121)
	        Sort Key: c
	        ->  Bitmap Heap Scan on sbtest6  (cost=22.42..3764.00 rows=974 width=121)
	              Recheck Cond: ((id >= 8946797) AND (id <= 8947796))
	              ->  Bitmap Index Scan on sbtest6_pkey  (cost=0.00..22.18 rows=974 width=0)
	                    Index Cond: ((id >= 8946797) AND (id <= 8947796))

table 7 : explain SELECT DISTINCT c FROM sbtest7 WHERE id BETWEEN 6107273 AND 6108272 ORDER BY c
	Unique  (cost=3999.71..4004.83 rows=1023 width=121)
	  ->  Sort  (cost=3999.71..4002.27 rows=1023 width=121)
	        Sort Key: c
	        ->  Bitmap Heap Scan on sbtest7  (cost=22.92..3948.57 rows=1023 width=121)
	              Recheck Cond: ((id >= 6107273) AND (id <= 6108272))
	              ->  Bitmap Index Scan on sbtest7_pkey  (cost=0.00..22.66 rows=1023 width=0)
	                    Index Cond: ((id >= 6107273) AND (id <= 6108272))

table 8 : explain SELECT DISTINCT c FROM sbtest8 WHERE id BETWEEN 8960344 AND 8961343 ORDER BY c
	Unique  (cost=3869.75..3874.69 rows=989 width=121)
	  ->  Sort  (cost=3869.75..3872.22 rows=989 width=121)
	        Sort Key: c
	        ->  Bitmap Heap Scan on sbtest8  (cost=22.57..3820.54 rows=989 width=121)
	              Recheck Cond: ((id >= 8960344) AND (id <= 8961343))
	              ->  Bitmap Index Scan on sbtest8_pkey  (cost=0.00..22.32 rows=989 width=0)
	                    Index Cond: ((id >= 8960344) AND (id <= 8961343))

for: order_ranges
table 1 : explain SELECT c FROM sbtest1 WHERE id BETWEEN 2200368 AND 2201367 ORDER BY c
	Sort  (cost=4027.41..4029.99 rows=1031 width=121)
	  Sort Key: c
	  ->  Bitmap Heap Scan on sbtest1  (cost=23.00..3975.81 rows=1031 width=121)
	        Recheck Cond: ((id >= 2200368) AND (id <= 2201367))
	        ->  Bitmap Index Scan on sbtest1_pkey  (cost=0.00..22.75 rows=1031 width=0)
	              Index Cond: ((id >= 2200368) AND (id <= 2201367))

table 2 : explain SELECT c FROM sbtest2 WHERE id BETWEEN 2413739 AND 2414738 ORDER BY c
	Sort  (cost=4017.02..4019.59 rows=1028 width=121)
	  Sort Key: c
	  ->  Bitmap Heap Scan on sbtest2  (cost=22.97..3965.59 rows=1028 width=121)
	        Recheck Cond: ((id >= 2413739) AND (id <= 2414738))
	        ->  Bitmap Index Scan on sbtest2_pkey  (cost=0.00..22.71 rows=1028 width=0)
	              Index Cond: ((id >= 2413739) AND (id <= 2414738))

table 3 : explain SELECT c FROM sbtest3 WHERE id BETWEEN 9270838 AND 9271837 ORDER BY c
	Sort  (cost=4177.44..4180.11 rows=1070 width=121)
	  Sort Key: c
	  ->  Bitmap Heap Scan on sbtest3  (cost=23.40..4123.60 rows=1070 width=121)
	        Recheck Cond: ((id >= 9270838) AND (id <= 9271837))
	        ->  Bitmap Index Scan on sbtest3_pkey  (cost=0.00..23.14 rows=1070 width=0)
	              Index Cond: ((id >= 9270838) AND (id <= 9271837))

table 4 : explain SELECT c FROM sbtest4 WHERE id BETWEEN 113818 AND 114817 ORDER BY c
	Sort  (cost=3389.87..3392.03 rows=864 width=121)
	  Sort Key: c
	  ->  Bitmap Heap Scan on sbtest4  (cost=21.29..3347.73 rows=864 width=121)
	        Recheck Cond: ((id >= 113818) AND (id <= 114817))
	        ->  Bitmap Index Scan on sbtest4_pkey  (cost=0.00..21.07 rows=864 width=0)
	              Index Cond: ((id >= 113818) AND (id <= 114817))

table 5 : explain SELECT c FROM sbtest5 WHERE id BETWEEN 3046155 AND 3047154 ORDER BY c
	Sort  (cost=3999.03..4001.59 rows=1023 width=121)
	  Sort Key: c
	  ->  Bitmap Heap Scan on sbtest5  (cost=22.92..3947.89 rows=1023 width=121)
	        Recheck Cond: ((id >= 3046155) AND (id <= 3047154))
	        ->  Bitmap Index Scan on sbtest5_pkey  (cost=0.00..22.66 rows=1023 width=0)
	              Index Cond: ((id >= 3046155) AND (id <= 3047154))

table 6 : explain SELECT c FROM sbtest6 WHERE id BETWEEN 2810719 AND 2811718 ORDER BY c
	Sort  (cost=3789.38..3791.80 rows=968 width=121)
	  Sort Key: c
	  ->  Bitmap Heap Scan on sbtest6  (cost=22.36..3741.38 rows=968 width=121)
	        Recheck Cond: ((id >= 2810719) AND (id <= 2811718))
	        ->  Bitmap Index Scan on sbtest6_pkey  (cost=0.00..22.11 rows=968 width=0)
	              Index Cond: ((id >= 2810719) AND (id <= 2811718))

table 7 : explain SELECT c FROM sbtest7 WHERE id BETWEEN 5140584 AND 5141583 ORDER BY c
	Sort  (cost=3842.92..3845.38 rows=982 width=121)
	  Sort Key: c
	  ->  Bitmap Heap Scan on sbtest7  (cost=22.50..3794.12 rows=982 width=121)
	        Recheck Cond: ((id >= 5140584) AND (id <= 5141583))
	        ->  Bitmap Index Scan on sbtest7_pkey  (cost=0.00..22.25 rows=982 width=0)
	              Index Cond: ((id >= 5140584) AND (id <= 5141583))

table 8 : explain SELECT c FROM sbtest8 WHERE id BETWEEN 794226 AND 795225 ORDER BY c
	Sort  (cost=3827.65..3830.10 rows=978 width=121)
	  Sort Key: c
	  ->  Bitmap Heap Scan on sbtest8  (cost=22.46..3779.08 rows=978 width=121)
	        Recheck Cond: ((id >= 794226) AND (id <= 795225))
	        ->  Bitmap Index Scan on sbtest8_pkey  (cost=0.00..22.21 rows=978 width=0)
	              Index Cond: ((id >= 794226) AND (id <= 795225))

explain: for point_selects :: explain SELECT c FROM sbtest%u WHERE id=%u
explain: for point_selects :: explain SELECT c FROM sbtest%u WHERE id=%u
for: simple_ranges
table 1 : explain SELECT c FROM sbtest1 WHERE id BETWEEN 9921718 AND 9922717
	Bitmap Heap Scan on sbtest1  (cost=27.85..4287.66 rows=1114 width=121)
	  Recheck Cond: ((id >= 9921718) AND (id <= 9922717))
	  ->  Bitmap Index Scan on sbtest1_pkey  (cost=0.00..27.57 rows=1114 width=0)
	        Index Cond: ((id >= 9921718) AND (id <= 9922717))

table 2 : explain SELECT c FROM sbtest2 WHERE id BETWEEN 1170870 AND 1171869
	Bitmap Heap Scan on sbtest2  (cost=23.07..4003.20 rows=1038 width=121)
	  Recheck Cond: ((id >= 1170870) AND (id <= 1171869))
	  ->  Bitmap Index Scan on sbtest2_pkey  (cost=0.00..22.82 rows=1038 width=0)
	        Index Cond: ((id >= 1170870) AND (id <= 1171869))

table 3 : explain SELECT c FROM sbtest3 WHERE id BETWEEN 705175 AND 706174
	Bitmap Heap Scan on sbtest3  (cost=22.52..3800.11 rows=984 width=121)
	  Recheck Cond: ((id >= 705175) AND (id <= 706174))
	  ->  Bitmap Index Scan on sbtest3_pkey  (cost=0.00..22.27 rows=984 width=0)
	        Index Cond: ((id >= 705175) AND (id <= 706174))

table 4 : explain SELECT c FROM sbtest4 WHERE id BETWEEN 1921692 AND 1922691
	Bitmap Heap Scan on sbtest4  (cost=22.35..3736.81 rows=967 width=121)
	  Recheck Cond: ((id >= 1921692) AND (id <= 1922691))
	  ->  Bitmap Index Scan on sbtest4_pkey  (cost=0.00..22.11 rows=967 width=0)
	        Index Cond: ((id >= 1921692) AND (id <= 1922691))

table 5 : explain SELECT c FROM sbtest5 WHERE id BETWEEN 6798594 AND 6799593
	Bitmap Heap Scan on sbtest5  (cost=22.61..3834.93 rows=993 width=121)
	  Recheck Cond: ((id >= 6798594) AND (id <= 6799593))
	  ->  Bitmap Index Scan on sbtest5_pkey  (cost=0.00..22.36 rows=993 width=0)
	        Index Cond: ((id >= 6798594) AND (id <= 6799593))

table 6 : explain SELECT c FROM sbtest6 WHERE id BETWEEN 623480 AND 624479
	Bitmap Heap Scan on sbtest6  (cost=22.26..3707.43 rows=959 width=121)
	  Recheck Cond: ((id >= 623480) AND (id <= 624479))
	  ->  Bitmap Index Scan on sbtest6_pkey  (cost=0.00..22.02 rows=959 width=0)
	        Index Cond: ((id >= 623480) AND (id <= 624479))

table 7 : explain SELECT c FROM sbtest7 WHERE id BETWEEN 810811 AND 811810
	Bitmap Heap Scan on sbtest7  (cost=23.21..4053.93 rows=1051 width=121)
	  Recheck Cond: ((id >= 810811) AND (id <= 811810))
	  ->  Bitmap Index Scan on sbtest7_pkey  (cost=0.00..22.94 rows=1051 width=0)
	        Index Cond: ((id >= 810811) AND (id <= 811810))

table 8 : explain SELECT c FROM sbtest8 WHERE id BETWEEN 1033629 AND 1034628
	Bitmap Heap Scan on sbtest8  (cost=21.97..3597.95 rows=930 width=121)
	  Recheck Cond: ((id >= 1033629) AND (id <= 1034628))
	  ->  Bitmap Index Scan on sbtest8_pkey  (cost=0.00..21.73 rows=930 width=0)
	        Index Cond: ((id >= 1033629) AND (id <= 1034628))

for: distinct_ranges
table 1 : explain SELECT DISTINCT c FROM sbtest1 WHERE id BETWEEN 3014029 AND 3015028 ORDER BY c
	Unique  (cost=3706.39..3711.12 rows=947 width=121)
	  ->  Sort  (cost=3706.39..3708.75 rows=947 width=121)
	        Sort Key: c
	        ->  Bitmap Heap Scan on sbtest1  (cost=22.14..3659.57 rows=947 width=121)
	              Recheck Cond: ((id >= 3014029) AND (id <= 3015028))
	              ->  Bitmap Index Scan on sbtest1_pkey  (cost=0.00..21.90 rows=947 width=0)
	                    Index Cond: ((id >= 3014029) AND (id <= 3015028))

table 2 : explain SELECT DISTINCT c FROM sbtest2 WHERE id BETWEEN 7288013 AND 7289012 ORDER BY c
	Unique  (cost=3669.03..3673.72 rows=937 width=121)
	  ->  Sort  (cost=3669.03..3671.38 rows=937 width=121)
	        Sort Key: c
	        ->  Bitmap Heap Scan on sbtest2  (cost=22.04..3622.78 rows=937 width=121)
	              Recheck Cond: ((id >= 7288013) AND (id <= 7289012))
	              ->  Bitmap Index Scan on sbtest2_pkey  (cost=0.00..21.80 rows=937 width=0)
	                    Index Cond: ((id >= 7288013) AND (id <= 7289012))

table 3 : explain SELECT DISTINCT c FROM sbtest3 WHERE id BETWEEN 1222258 AND 1223257 ORDER BY c
	Unique  (cost=4535.68..4541.50 rows=1164 width=121)
	  ->  Sort  (cost=4535.68..4538.59 rows=1164 width=121)
	        Sort Key: c
	        ->  Bitmap Heap Scan on sbtest3  (cost=28.37..4476.40 rows=1164 width=121)
	              Recheck Cond: ((id >= 1222258) AND (id <= 1223257))
	              ->  Bitmap Index Scan on sbtest3_pkey  (cost=0.00..28.07 rows=1164 width=0)
	                    Index Cond: ((id >= 1222258) AND (id <= 1223257))

table 4 : explain SELECT DISTINCT c FROM sbtest4 WHERE id BETWEEN 753037 AND 754036 ORDER BY c
	Unique  (cost=4071.46..4076.67 rows=1042 width=121)
	  ->  Sort  (cost=4071.46..4074.07 rows=1042 width=121)
	        Sort Key: c
	        ->  Bitmap Heap Scan on sbtest4  (cost=23.12..4019.23 rows=1042 width=121)
	              Recheck Cond: ((id >= 753037) AND (id <= 754036))
	              ->  Bitmap Index Scan on sbtest4_pkey  (cost=0.00..22.86 rows=1042 width=0)
	                    Index Cond: ((id >= 753037) AND (id <= 754036))

table 5 : explain SELECT DISTINCT c FROM sbtest5 WHERE id BETWEEN 8502837 AND 8503836 ORDER BY c
	Unique  (cost=4067.79..4072.99 rows=1041 width=121)
	  ->  Sort  (cost=4067.79..4070.39 rows=1041 width=121)
	        Sort Key: c
	        ->  Bitmap Heap Scan on sbtest5  (cost=23.11..4015.61 rows=1041 width=121)
	              Recheck Cond: ((id >= 8502837) AND (id <= 8503836))
	              ->  Bitmap Index Scan on sbtest5_pkey  (cost=0.00..22.84 rows=1041 width=0)
	                    Index Cond: ((id >= 8502837) AND (id <= 8503836))

table 6 : explain SELECT DISTINCT c FROM sbtest6 WHERE id BETWEEN 8191316 AND 8192315 ORDER BY c
	Unique  (cost=4282.43..4287.91 rows=1096 width=121)
	  ->  Sort  (cost=4282.43..4285.17 rows=1096 width=121)
	        Sort Key: c
	        ->  Bitmap Heap Scan on sbtest6  (cost=27.67..4227.09 rows=1096 width=121)
	              Recheck Cond: ((id >= 8191316) AND (id <= 8192315))
	              ->  Bitmap Index Scan on sbtest6_pkey  (cost=0.00..27.39 rows=1096 width=0)
	                    Index Cond: ((id >= 8191316) AND (id <= 8192315))

table 7 : explain SELECT DISTINCT c FROM sbtest7 WHERE id BETWEEN 1421594 AND 1422593 ORDER BY c
	Unique  (cost=3751.05..3755.84 rows=958 width=121)
	  ->  Sort  (cost=3751.05..3753.44 rows=958 width=121)
	        Sort Key: c
	        ->  Bitmap Heap Scan on sbtest7  (cost=22.25..3703.61 rows=958 width=121)
	              Recheck Cond: ((id >= 1421594) AND (id <= 1422593))
	              ->  Bitmap Index Scan on sbtest7_pkey  (cost=0.00..22.01 rows=958 width=0)
	                    Index Cond: ((id >= 1421594) AND (id <= 1422593))

table 8 : explain SELECT DISTINCT c FROM sbtest8 WHERE id BETWEEN 3435014 AND 3436013 ORDER BY c
	Unique  (cost=4221.40..4226.80 rows=1080 width=121)
	  ->  Sort  (cost=4221.40..4224.10 rows=1080 width=121)
	        Sort Key: c
	        ->  Bitmap Heap Scan on sbtest8  (cost=27.50..4166.98 rows=1080 width=121)
	              Recheck Cond: ((id >= 3435014) AND (id <= 3436013))
	              ->  Bitmap Index Scan on sbtest8_pkey  (cost=0.00..27.23 rows=1080 width=0)
	                    Index Cond: ((id >= 3435014) AND (id <= 3436013))

for: sum_ranges
table 1 : explain SELECT SUM(k) FROM sbtest1 WHERE id BETWEEN 9813469 AND 9814468
	Aggregate  (cost=3677.03..3677.04 rows=1 width=8)
	  ->  Bitmap Heap Scan on sbtest1  (cost=22.18..3674.65 rows=951 width=4)
	        Recheck Cond: ((id >= 9813469) AND (id <= 9814468))
	        ->  Bitmap Index Scan on sbtest1_pkey  (cost=0.00..21.94 rows=951 width=0)
	              Index Cond: ((id >= 9813469) AND (id <= 9814468))

table 2 : explain SELECT SUM(k) FROM sbtest2 WHERE id BETWEEN 3073811 AND 3074810
	Aggregate  (cost=3727.02..3727.03 rows=1 width=8)
	  ->  Bitmap Heap Scan on sbtest2  (cost=22.32..3724.61 rows=964 width=4)
	        Recheck Cond: ((id >= 3073811) AND (id <= 3074810))
	        ->  Bitmap Index Scan on sbtest2_pkey  (cost=0.00..22.07 rows=964 width=0)
	              Index Cond: ((id >= 3073811) AND (id <= 3074810))

table 3 : explain SELECT SUM(k) FROM sbtest3 WHERE id BETWEEN 548632 AND 549631
	Aggregate  (cost=3798.80..3798.81 rows=1 width=8)
	  ->  Bitmap Heap Scan on sbtest3  (cost=22.51..3796.34 rows=983 width=4)
	        Recheck Cond: ((id >= 548632) AND (id <= 549631))
	        ->  Bitmap Index Scan on sbtest3_pkey  (cost=0.00..22.26 rows=983 width=0)
	              Index Cond: ((id >= 548632) AND (id <= 549631))

table 4 : explain SELECT SUM(k) FROM sbtest4 WHERE id BETWEEN 5849346 AND 5850345
	Aggregate  (cost=3825.97..3825.98 rows=1 width=8)
	  ->  Bitmap Heap Scan on sbtest4  (cost=22.58..3823.49 rows=990 width=4)
	        Recheck Cond: ((id >= 5849346) AND (id <= 5850345))
	        ->  Bitmap Index Scan on sbtest4_pkey  (cost=0.00..22.33 rows=990 width=0)
	              Index Cond: ((id >= 5849346) AND (id <= 5850345))

table 5 : explain SELECT SUM(k) FROM sbtest5 WHERE id BETWEEN 1748872 AND 1749871
	Aggregate  (cost=3788.39..3788.40 rows=1 width=8)
	  ->  Bitmap Heap Scan on sbtest5  (cost=22.48..3785.94 rows=980 width=4)
	        Recheck Cond: ((id >= 1748872) AND (id <= 1749871))
	        ->  Bitmap Index Scan on sbtest5_pkey  (cost=0.00..22.23 rows=980 width=0)
	              Index Cond: ((id >= 1748872) AND (id <= 1749871))

table 6 : explain SELECT SUM(k) FROM sbtest6 WHERE id BETWEEN 459130 AND 460129
	Aggregate  (cost=3988.84..3988.85 rows=1 width=8)
	  ->  Bitmap Heap Scan on sbtest6  (cost=23.02..3986.26 rows=1033 width=4)
	        Recheck Cond: ((id >= 459130) AND (id <= 460129))
	        ->  Bitmap Index Scan on sbtest6_pkey  (cost=0.00..22.76 rows=1033 width=0)
	              Index Cond: ((id >= 459130) AND (id <= 460129))

table 7 : explain SELECT SUM(k) FROM sbtest7 WHERE id BETWEEN 3500022 AND 3501021
	Aggregate  (cost=3570.00..3570.01 rows=1 width=8)
	  ->  Bitmap Heap Scan on sbtest7  (cost=21.89..3567.70 rows=922 width=4)
	        Recheck Cond: ((id >= 3500022) AND (id <= 3501021))
	        ->  Bitmap Index Scan on sbtest7_pkey  (cost=0.00..21.65 rows=922 width=0)
	              Index Cond: ((id >= 3500022) AND (id <= 3501021))

table 8 : explain SELECT SUM(k) FROM sbtest8 WHERE id BETWEEN 9762454 AND 9763453
	Aggregate  (cost=3505.76..3505.77 rows=1 width=8)
	  ->  Bitmap Heap Scan on sbtest8  (cost=21.71..3503.49 rows=905 width=4)
	        Recheck Cond: ((id >= 9762454) AND (id <= 9763453))
	        ->  Bitmap Index Scan on sbtest8_pkey  (cost=0.00..21.48 rows=905 width=0)
	              Index Cond: ((id >= 9762454) AND (id <= 9763453))

for point_selects
table 1 : explain SELECT c FROM sbtest1 WHERE id=7355068
	Index Scan using sbtest1_pkey on sbtest1  (cost=0.43..8.45 rows=1 width=121)
	  Index Cond: (id = 7355068)

table 2 : explain SELECT c FROM sbtest2 WHERE id=7790781
	Index Scan using sbtest2_pkey on sbtest2  (cost=0.43..8.45 rows=1 width=121)
	  Index Cond: (id = 7790781)

table 3 : explain SELECT c FROM sbtest3 WHERE id=8909469
	Index Scan using sbtest3_pkey on sbtest3  (cost=0.43..8.45 rows=1 width=121)
	  Index Cond: (id = 8909469)

table 4 : explain SELECT c FROM sbtest4 WHERE id=7451320
	Index Scan using sbtest4_pkey on sbtest4  (cost=0.43..8.45 rows=1 width=121)
	  Index Cond: (id = 7451320)

table 5 : explain SELECT c FROM sbtest5 WHERE id=9260075
	Index Scan using sbtest5_pkey on sbtest5  (cost=0.43..8.45 rows=1 width=121)
	  Index Cond: (id = 9260075)

table 6 : explain SELECT c FROM sbtest6 WHERE id=7727868
	Index Scan using sbtest6_pkey on sbtest6  (cost=0.43..8.45 rows=1 width=121)
	  Index Cond: (id = 7727868)

table 7 : explain SELECT c FROM sbtest7 WHERE id=3127441
	Index Scan using sbtest7_pkey on sbtest7  (cost=0.43..8.45 rows=1 width=121)
	  Index Cond: (id = 3127441)

table 8 : explain SELECT c FROM sbtest8 WHERE id=3577256
	Index Scan using sbtest8_pkey on sbtest8  (cost=0.43..8.45 rows=1 width=121)
	  Index Cond: (id = 3577256)

for: distinct_ranges
table 1 : explain SELECT DISTINCT c FROM sbtest1 WHERE id BETWEEN 3492014 AND 3493013 ORDER BY c
	Unique  (cost=3878.47..3883.43 rows=992 width=121)
	  ->  Sort  (cost=3878.47..3880.95 rows=992 width=121)
	        Sort Key: c
	        ->  Bitmap Heap Scan on sbtest1  (cost=22.60..3829.10 rows=992 width=121)
	              Recheck Cond: ((id >= 3492014) AND (id <= 3493013))
	              ->  Bitmap Index Scan on sbtest1_pkey  (cost=0.00..22.36 rows=992 width=0)
	                    Index Cond: ((id >= 3492014) AND (id <= 3493013))

table 2 : explain SELECT DISTINCT c FROM sbtest2 WHERE id BETWEEN 6599155 AND 6600154 ORDER BY c
	Unique  (cost=4203.98..4209.36 rows=1077 width=121)
	  ->  Sort  (cost=4203.98..4206.67 rows=1077 width=121)
	        Sort Key: c
	        ->  Bitmap Heap Scan on sbtest2  (cost=23.47..4149.74 rows=1077 width=121)
	              Recheck Cond: ((id >= 6599155) AND (id <= 6600154))
	              ->  Bitmap Index Scan on sbtest2_pkey  (cost=0.00..23.20 rows=1077 width=0)
	                    Index Cond: ((id >= 6599155) AND (id <= 6600154))

table 3 : explain SELECT DISTINCT c FROM sbtest3 WHERE id BETWEEN 450679 AND 451678 ORDER BY c
	Unique  (cost=3780.17..3785.00 rows=966 width=121)
	  ->  Sort  (cost=3780.17..3782.59 rows=966 width=121)
	        Sort Key: c
	        ->  Bitmap Heap Scan on sbtest3  (cost=22.34..3732.28 rows=966 width=121)
	              Recheck Cond: ((id >= 450679) AND (id <= 451678))
	              ->  Bitmap Index Scan on sbtest3_pkey  (cost=0.00..22.09 rows=966 width=0)
	                    Index Cond: ((id >= 450679) AND (id <= 451678))

table 4 : explain SELECT DISTINCT c FROM sbtest4 WHERE id BETWEEN 9192054 AND 9193053 ORDER BY c
	Unique  (cost=3811.55..3816.42 rows=974 width=121)
	  ->  Sort  (cost=3811.55..3813.98 rows=974 width=121)
	        Sort Key: c
	        ->  Bitmap Heap Scan on sbtest4  (cost=22.42..3763.20 rows=974 width=121)
	              Recheck Cond: ((id >= 9192054) AND (id <= 9193053))
	              ->  Bitmap Index Scan on sbtest4_pkey  (cost=0.00..22.18 rows=974 width=0)
	                    Index Cond: ((id >= 9192054) AND (id <= 9193053))

table 5 : explain SELECT DISTINCT c FROM sbtest5 WHERE id BETWEEN 3149700 AND 3150699 ORDER BY c
	Unique  (cost=3532.00..3536.50 rows=901 width=121)
	  ->  Sort  (cost=3532.00..3534.25 rows=901 width=121)
	        Sort Key: c
	        ->  Bitmap Heap Scan on sbtest5  (cost=21.67..3487.78 rows=901 width=121)
	              Recheck Cond: ((id >= 3149700) AND (id <= 3150699))
	              ->  Bitmap Index Scan on sbtest5_pkey  (cost=0.00..21.44 rows=901 width=0)
	                    Index Cond: ((id >= 3149700) AND (id <= 3150699))

table 6 : explain SELECT DISTINCT c FROM sbtest6 WHERE id BETWEEN 9851214 AND 9852213 ORDER BY c
	Unique  (cost=3586.30..3590.88 rows=915 width=121)
	  ->  Sort  (cost=3586.30..3588.59 rows=915 width=121)
	        Sort Key: c
	        ->  Bitmap Heap Scan on sbtest6  (cost=21.81..3541.29 rows=915 width=121)
	              Recheck Cond: ((id >= 9851214) AND (id <= 9852213))
	              ->  Bitmap Index Scan on sbtest6_pkey  (cost=0.00..21.58 rows=915 width=0)
	                    Index Cond: ((id >= 9851214) AND (id <= 9852213))

table 7 : explain SELECT DISTINCT c FROM sbtest7 WHERE id BETWEEN 4865913 AND 4866912 ORDER BY c
	Unique  (cost=3651.44..3656.10 rows=932 width=121)
	  ->  Sort  (cost=3651.44..3653.77 rows=932 width=121)
	        Sort Key: c
	        ->  Bitmap Heap Scan on sbtest7  (cost=21.99..3605.47 rows=932 width=121)
	              Recheck Cond: ((id >= 4865913) AND (id <= 4866912))
	              ->  Bitmap Index Scan on sbtest7_pkey  (cost=0.00..21.75 rows=932 width=0)
	                    Index Cond: ((id >= 4865913) AND (id <= 4866912))

table 8 : explain SELECT DISTINCT c FROM sbtest8 WHERE id BETWEEN 1123570 AND 1124569 ORDER BY c
	Unique  (cost=4282.42..4287.90 rows=1096 width=121)
	  ->  Sort  (cost=4282.42..4285.16 rows=1096 width=121)
	        Sort Key: c
	        ->  Bitmap Heap Scan on sbtest8  (cost=27.67..4227.08 rows=1096 width=121)
	              Recheck Cond: ((id >= 1123570) AND (id <= 1124569))
	              ->  Bitmap Index Scan on sbtest8_pkey  (cost=0.00..27.39 rows=1096 width=0)
	                    Index Cond: ((id >= 1123570) AND (id <= 1124569))

for point_selects
table 1 : explain SELECT c FROM sbtest1 WHERE id=8283004
	Index Scan using sbtest1_pkey on sbtest1  (cost=0.43..8.45 rows=1 width=121)
	  Index Cond: (id = 8283004)

table 2 : explain SELECT c FROM sbtest2 WHERE id=5368356
	Index Scan using sbtest2_pkey on sbtest2  (cost=0.43..8.45 rows=1 width=121)
	  Index Cond: (id = 5368356)

table 3 : explain SELECT c FROM sbtest3 WHERE id=5204471
	Index Scan using sbtest3_pkey on sbtest3  (cost=0.43..8.45 rows=1 width=121)
	  Index Cond: (id = 5204471)

table 4 : explain SELECT c FROM sbtest4 WHERE id=5596363
	Index Scan using sbtest4_pkey on sbtest4  (cost=0.43..8.45 rows=1 width=121)
	  Index Cond: (id = 5596363)

table 5 : explain SELECT c FROM sbtest5 WHERE id=5798587
	Index Scan using sbtest5_pkey on sbtest5  (cost=0.43..8.45 rows=1 width=121)
	  Index Cond: (id = 5798587)

table 6 : explain SELECT c FROM sbtest6 WHERE id=5415074
	Index Scan using sbtest6_pkey on sbtest6  (cost=0.43..8.45 rows=1 width=121)
	  Index Cond: (id = 5415074)

table 7 : explain SELECT c FROM sbtest7 WHERE id=1199071
	Index Scan using sbtest7_pkey on sbtest7  (cost=0.43..8.45 rows=1 width=121)
	  Index Cond: (id = 1199071)

table 8 : explain SELECT c FROM sbtest8 WHERE id=9882229
	Index Scan using sbtest8_pkey on sbtest8  (cost=0.43..8.45 rows=1 width=121)
	  Index Cond: (id = 9882229)

explain: for point_selects :: explain SELECT c FROM sbtest%u WHERE id=%u
for: distinct_ranges
table 1 : explain SELECT DISTINCT c FROM sbtest1 WHERE id BETWEEN 9887462 AND 9888461 ORDER BY c
	Unique  (cost=3721.69..3726.45 rows=951 width=121)
	  ->  Sort  (cost=3721.69..3724.07 rows=951 width=121)
	        Sort Key: c
	        ->  Bitmap Heap Scan on sbtest1  (cost=22.18..3674.65 rows=951 width=121)
	              Recheck Cond: ((id >= 9887462) AND (id <= 9888461))
	              ->  Bitmap Index Scan on sbtest1_pkey  (cost=0.00..21.94 rows=951 width=0)
	                    Index Cond: ((id >= 9887462) AND (id <= 9888461))

table 2 : explain SELECT DISTINCT c FROM sbtest2 WHERE id BETWEEN 8233248 AND 8234247 ORDER BY c
	Unique  (cost=4112.44..4117.71 rows=1053 width=121)
	  ->  Sort  (cost=4112.44..4115.07 rows=1053 width=121)
	        Sort Key: c
	        ->  Bitmap Heap Scan on sbtest2  (cost=23.23..4059.58 rows=1053 width=121)
	              Recheck Cond: ((id >= 8233248) AND (id <= 8234247))
	              ->  Bitmap Index Scan on sbtest2_pkey  (cost=0.00..22.96 rows=1053 width=0)
	                    Index Cond: ((id >= 8233248) AND (id <= 8234247))

table 3 : explain SELECT DISTINCT c FROM sbtest3 WHERE id BETWEEN 5533271 AND 5534270 ORDER BY c
	Unique  (cost=3745.73..3750.52 rows=957 width=121)
	  ->  Sort  (cost=3745.73..3748.12 rows=957 width=121)
	        Sort Key: c
	        ->  Bitmap Heap Scan on sbtest3  (cost=22.24..3698.35 rows=957 width=121)
	              Recheck Cond: ((id >= 5533271) AND (id <= 5534270))
	              ->  Bitmap Index Scan on sbtest3_pkey  (cost=0.00..22.00 rows=957 width=0)
	                    Index Cond: ((id >= 5533271) AND (id <= 5534270))

table 4 : explain SELECT DISTINCT c FROM sbtest4 WHERE id BETWEEN 4843460 AND 4844459 ORDER BY c
	Unique  (cost=3765.62..3770.43 rows=962 width=121)
	  ->  Sort  (cost=3765.62..3768.02 rows=962 width=121)
	        Sort Key: c
	        ->  Bitmap Heap Scan on sbtest4  (cost=22.30..3717.95 rows=962 width=121)
	              Recheck Cond: ((id >= 4843460) AND (id <= 4844459))
	              ->  Bitmap Index Scan on sbtest4_pkey  (cost=0.00..22.05 rows=962 width=0)
	                    Index Cond: ((id >= 4843460) AND (id <= 4844459))

table 5 : explain SELECT DISTINCT c FROM sbtest5 WHERE id BETWEEN 3163655 AND 3164654 ORDER BY c
	Unique  (cost=3532.00..3536.50 rows=901 width=121)
	  ->  Sort  (cost=3532.00..3534.25 rows=901 width=121)
	        Sort Key: c
	        ->  Bitmap Heap Scan on sbtest5  (cost=21.67..3487.78 rows=901 width=121)
	              Recheck Cond: ((id >= 3163655) AND (id <= 3164654))
	              ->  Bitmap Index Scan on sbtest5_pkey  (cost=0.00..21.44 rows=901 width=0)
	                    Index Cond: ((id >= 3163655) AND (id <= 3164654))

table 6 : explain SELECT DISTINCT c FROM sbtest6 WHERE id BETWEEN 6720110 AND 6721109 ORDER BY c
	Unique  (cost=4225.04..4230.45 rows=1082 width=121)
	  ->  Sort  (cost=4225.04..4227.74 rows=1082 width=121)
	        Sort Key: c
	        ->  Bitmap Heap Scan on sbtest6  (cost=23.53..4170.51 rows=1082 width=121)
	              Recheck Cond: ((id >= 6720110) AND (id <= 6721109))
	              ->  Bitmap Index Scan on sbtest6_pkey  (cost=0.00..23.25 rows=1082 width=0)
	                    Index Cond: ((id >= 6720110) AND (id <= 6721109))

table 7 : explain SELECT DISTINCT c FROM sbtest7 WHERE id BETWEEN 2286378 AND 2287377 ORDER BY c
	Unique  (cost=3969.14..3974.21 rows=1015 width=121)
	  ->  Sort  (cost=3969.14..3971.67 rows=1015 width=121)
	        Sort Key: c
	        ->  Bitmap Heap Scan on sbtest7  (cost=22.84..3918.45 rows=1015 width=121)
	              Recheck Cond: ((id >= 2286378) AND (id <= 2287377))
	              ->  Bitmap Index Scan on sbtest7_pkey  (cost=0.00..22.58 rows=1015 width=0)
	                    Index Cond: ((id >= 2286378) AND (id <= 2287377))

table 8 : explain SELECT DISTINCT c FROM sbtest8 WHERE id BETWEEN 3556296 AND 3557295 ORDER BY c
	Unique  (cost=3881.22..3886.18 rows=992 width=121)
	  ->  Sort  (cost=3881.22..3883.70 rows=992 width=121)
	        Sort Key: c
	        ->  Bitmap Heap Scan on sbtest8  (cost=22.60..3831.85 rows=992 width=121)
	              Recheck Cond: ((id >= 3556296) AND (id <= 3557295))
	              ->  Bitmap Index Scan on sbtest8_pkey  (cost=0.00..22.36 rows=992 width=0)
	                    Index Cond: ((id >= 3556296) AND (id <= 3557295))

for point_selects
table 1 : explain SELECT c FROM sbtest1 WHERE id=7300250
	Index Scan using sbtest1_pkey on sbtest1  (cost=0.43..8.45 rows=1 width=121)
	  Index Cond: (id = 7300250)

table 2 : explain SELECT c FROM sbtest2 WHERE id=7863068
	Index Scan using sbtest2_pkey on sbtest2  (cost=0.43..8.45 rows=1 width=121)
	  Index Cond: (id = 7863068)

table 3 : explain SELECT c FROM sbtest3 WHERE id=8385082
	Index Scan using sbtest3_pkey on sbtest3  (cost=0.43..8.45 rows=1 width=121)
	  Index Cond: (id = 8385082)

table 4 : explain SELECT c FROM sbtest4 WHERE id=8180090
	Index Scan using sbtest4_pkey on sbtest4  (cost=0.43..8.45 rows=1 width=121)
	  Index Cond: (id = 8180090)

table 5 : explain SELECT c FROM sbtest5 WHERE id=8082809
	Index Scan using sbtest5_pkey on sbtest5  (cost=0.43..8.45 rows=1 width=121)
	  Index Cond: (id = 8082809)

table 6 : explain SELECT c FROM sbtest6 WHERE id=9608701
	Index Scan using sbtest6_pkey on sbtest6  (cost=0.43..8.45 rows=1 width=121)
	  Index Cond: (id = 9608701)

table 7 : explain SELECT c FROM sbtest7 WHERE id=6233731
	Index Scan using sbtest7_pkey on sbtest7  (cost=0.43..8.45 rows=1 width=121)
	  Index Cond: (id = 6233731)

table 8 : explain SELECT c FROM sbtest8 WHERE id=6552365
	Index Scan using sbtest8_pkey on sbtest8  (cost=0.43..8.45 rows=1 width=121)
	  Index Cond: (id = 6552365)

for point_selects
table 1 : explain SELECT c FROM sbtest1 WHERE id=1804547
	Index Scan using sbtest1_pkey on sbtest1  (cost=0.43..8.45 rows=1 width=121)
	  Index Cond: (id = 1804547)

table 2 : explain SELECT c FROM sbtest2 WHERE id=3388234
	Index Scan using sbtest2_pkey on sbtest2  (cost=0.43..8.45 rows=1 width=121)
	  Index Cond: (id = 3388234)

table 3 : explain SELECT c FROM sbtest3 WHERE id=1689847
	Index Scan using sbtest3_pkey on sbtest3  (cost=0.43..8.45 rows=1 width=121)
	  Index Cond: (id = 1689847)

table 4 : explain SELECT c FROM sbtest4 WHERE id=1669642
	Index Scan using sbtest4_pkey on sbtest4  (cost=0.43..8.45 rows=1 width=121)
	  Index Cond: (id = 1669642)

table 5 : explain SELECT c FROM sbtest5 WHERE id=3133727
	Index Scan using sbtest5_pkey on sbtest5  (cost=0.43..8.45 rows=1 width=121)
	  Index Cond: (id = 3133727)

table 6 : explain SELECT c FROM sbtest6 WHERE id=9616623
	Index Scan using sbtest6_pkey on sbtest6  (cost=0.43..8.45 rows=1 width=121)
	  Index Cond: (id = 9616623)

table 7 : explain SELECT c FROM sbtest7 WHERE id=6766027
	Index Scan using sbtest7_pkey on sbtest7  (cost=0.43..8.45 rows=1 width=121)
	  Index Cond: (id = 6766027)

table 8 : explain SELECT c FROM sbtest8 WHERE id=9563331
	Index Scan using sbtest8_pkey on sbtest8  (cost=0.43..8.45 rows=1 width=121)
	  Index Cond: (id = 9563331)

for: simple_ranges
table 1 : explain SELECT c FROM sbtest1 WHERE id BETWEEN 4315874 AND 4316873
	Bitmap Heap Scan on sbtest1  (cost=22.98..3968.29 rows=1029 width=121)
	  Recheck Cond: ((id >= 4315874) AND (id <= 4316873))
	  ->  Bitmap Index Scan on sbtest1_pkey  (cost=0.00..22.72 rows=1029 width=0)
	        Index Cond: ((id >= 4315874) AND (id <= 4316873))

table 2 : explain SELECT c FROM sbtest2 WHERE id BETWEEN 689549 AND 690548
	Bitmap Heap Scan on sbtest2  (cost=23.32..4093.40 rows=1062 width=121)
	  Recheck Cond: ((id >= 689549) AND (id <= 690548))
	  ->  Bitmap Index Scan on sbtest2_pkey  (cost=0.00..23.05 rows=1062 width=0)
	        Index Cond: ((id >= 689549) AND (id <= 690548))

table 3 : explain SELECT c FROM sbtest3 WHERE id BETWEEN 386017 AND 387016
	Bitmap Heap Scan on sbtest3  (cost=22.48..3785.04 rows=980 width=121)
	  Recheck Cond: ((id >= 386017) AND (id <= 387016))
	  ->  Bitmap Index Scan on sbtest3_pkey  (cost=0.00..22.23 rows=980 width=0)
	        Index Cond: ((id >= 386017) AND (id <= 387016))

table 4 : explain SELECT c FROM sbtest4 WHERE id BETWEEN 9054070 AND 9055069
	Bitmap Heap Scan on sbtest4  (cost=23.31..4090.66 rows=1061 width=121)
	  Recheck Cond: ((id >= 9054070) AND (id <= 9055069))
	  ->  Bitmap Index Scan on sbtest4_pkey  (cost=0.00..23.04 rows=1061 width=0)
	        Index Cond: ((id >= 9054070) AND (id <= 9055069))

table 5 : explain SELECT c FROM sbtest5 WHERE id BETWEEN 3864279 AND 3865278
	Bitmap Heap Scan on sbtest5  (cost=23.22..4056.98 rows=1052 width=121)
	  Recheck Cond: ((id >= 3864279) AND (id <= 3865278))
	  ->  Bitmap Index Scan on sbtest5_pkey  (cost=0.00..22.95 rows=1052 width=0)
	        Index Cond: ((id >= 3864279) AND (id <= 3865278))

table 6 : explain SELECT c FROM sbtest6 WHERE id BETWEEN 1693769 AND 1694768
	Bitmap Heap Scan on sbtest6  (cost=27.73..4249.62 rows=1102 width=121)
	  Recheck Cond: ((id >= 1693769) AND (id <= 1694768))
	  ->  Bitmap Index Scan on sbtest6_pkey  (cost=0.00..27.45 rows=1102 width=0)
	        Index Cond: ((id >= 1693769) AND (id <= 1694768))

table 7 : explain SELECT c FROM sbtest7 WHERE id BETWEEN 4478731 AND 4479730
	Bitmap Heap Scan on sbtest7  (cost=23.00..3978.68 rows=1031 width=121)
	  Recheck Cond: ((id >= 4478731) AND (id <= 4479730))
	  ->  Bitmap Index Scan on sbtest7_pkey  (cost=0.00..22.75 rows=1031 width=0)
	        Index Cond: ((id >= 4478731) AND (id <= 4479730))

table 8 : explain SELECT c FROM sbtest8 WHERE id BETWEEN 7818585 AND 7819584
	Bitmap Heap Scan on sbtest8  (cost=22.85..3922.26 rows=1016 width=121)
	  Recheck Cond: ((id >= 7818585) AND (id <= 7819584))
	  ->  Bitmap Index Scan on sbtest8_pkey  (cost=0.00..22.59 rows=1016 width=0)
	        Index Cond: ((id >= 7818585) AND (id <= 7819584))

for: simple_ranges
table 1 : explain SELECT c FROM sbtest1 WHERE id BETWEEN 8055186 AND 8056185
	Bitmap Heap Scan on sbtest1  (cost=22.67..3855.45 rows=999 width=121)
	  Recheck Cond: ((id >= 8055186) AND (id <= 8056185))
	  ->  Bitmap Index Scan on sbtest1_pkey  (cost=0.00..22.43 rows=999 width=0)
	        Index Cond: ((id >= 8055186) AND (id <= 8056185))

table 2 : explain SELECT c FROM sbtest2 WHERE id BETWEEN 1987890 AND 1988889
	Bitmap Heap Scan on sbtest2  (cost=22.52..3799.97 rows=984 width=121)
	  Recheck Cond: ((id >= 1987890) AND (id <= 1988889))
	  ->  Bitmap Index Scan on sbtest2_pkey  (cost=0.00..22.27 rows=984 width=0)
	        Index Cond: ((id >= 1987890) AND (id <= 1988889))

table 3 : explain SELECT c FROM sbtest3 WHERE id BETWEEN 3095136 AND 3096135
	Bitmap Heap Scan on sbtest3  (cost=23.15..4029.66 rows=1045 width=121)
	  Recheck Cond: ((id >= 3095136) AND (id <= 3096135))
	  ->  Bitmap Index Scan on sbtest3_pkey  (cost=0.00..22.89 rows=1045 width=0)
	        Index Cond: ((id >= 3095136) AND (id <= 3096135))

table 4 : explain SELECT c FROM sbtest4 WHERE id BETWEEN 2799112 AND 2800111
	Bitmap Heap Scan on sbtest4  (cost=22.86..3925.17 rows=1017 width=121)
	  Recheck Cond: ((id >= 2799112) AND (id <= 2800111))
	  ->  Bitmap Index Scan on sbtest4_pkey  (cost=0.00..22.61 rows=1017 width=0)
	        Index Cond: ((id >= 2799112) AND (id <= 2800111))

table 5 : explain SELECT c FROM sbtest5 WHERE id BETWEEN 2751656 AND 2752655
	Bitmap Heap Scan on sbtest5  (cost=22.53..3804.79 rows=985 width=121)
	  Recheck Cond: ((id >= 2751656) AND (id <= 2752655))
	  ->  Bitmap Index Scan on sbtest5_pkey  (cost=0.00..22.29 rows=985 width=0)
	        Index Cond: ((id >= 2751656) AND (id <= 2752655))

table 6 : explain SELECT c FROM sbtest6 WHERE id BETWEEN 3221843 AND 3222842
	Bitmap Heap Scan on sbtest6  (cost=22.70..3865.77 rows=1001 width=121)
	  Recheck Cond: ((id >= 3221843) AND (id <= 3222842))
	  ->  Bitmap Index Scan on sbtest6_pkey  (cost=0.00..22.44 rows=1001 width=0)
	        Index Cond: ((id >= 3221843) AND (id <= 3222842))

table 7 : explain SELECT c FROM sbtest7 WHERE id BETWEEN 344364 AND 345363
	Bitmap Heap Scan on sbtest7  (cost=23.23..4061.45 rows=1053 width=121)
	  Recheck Cond: ((id >= 344364) AND (id <= 345363))
	  ->  Bitmap Index Scan on sbtest7_pkey  (cost=0.00..22.96 rows=1053 width=0)
	        Index Cond: ((id >= 344364) AND (id <= 345363))

table 8 : explain SELECT c FROM sbtest8 WHERE id BETWEEN 9610340 AND 9611339
	Bitmap Heap Scan on sbtest8  (cost=22.58..3824.31 rows=990 width=121)
	  Recheck Cond: ((id >= 9610340) AND (id <= 9611339))
	  ->  Bitmap Index Scan on sbtest8_pkey  (cost=0.00..22.33 rows=990 width=0)
	        Index Cond: ((id >= 9610340) AND (id <= 9611339))

for: order_ranges
table 1 : explain SELECT c FROM sbtest1 WHERE id BETWEEN 1848762 AND 1849761 ORDER BY c
	Sort  (cost=4069.38..4071.99 rows=1042 width=121)
	  Sort Key: c
	  ->  Bitmap Heap Scan on sbtest1  (cost=23.12..4017.15 rows=1042 width=121)
	        Recheck Cond: ((id >= 1848762) AND (id <= 1849761))
	        ->  Bitmap Index Scan on sbtest1_pkey  (cost=0.00..22.86 rows=1042 width=0)
	              Index Cond: ((id >= 1848762) AND (id <= 1849761))

table 2 : explain SELECT c FROM sbtest2 WHERE id BETWEEN 3173375 AND 3174374 ORDER BY c
	Sort  (cost=3929.16..3931.68 rows=1005 width=121)
	  Sort Key: c
	  ->  Bitmap Heap Scan on sbtest2  (cost=22.74..3879.05 rows=1005 width=121)
	        Recheck Cond: ((id >= 3173375) AND (id <= 3174374))
	        ->  Bitmap Index Scan on sbtest2_pkey  (cost=0.00..22.48 rows=1005 width=0)
	              Index Cond: ((id >= 3173375) AND (id <= 3174374))

table 3 : explain SELECT c FROM sbtest3 WHERE id BETWEEN 3919854 AND 3920853 ORDER BY c
	Sort  (cost=4089.69..4092.31 rows=1047 width=121)
	  Sort Key: c
	  ->  Bitmap Heap Scan on sbtest3  (cost=23.17..4037.18 rows=1047 width=121)
	        Recheck Cond: ((id >= 3919854) AND (id <= 3920853))
	        ->  Bitmap Index Scan on sbtest3_pkey  (cost=0.00..22.90 rows=1047 width=0)
	              Index Cond: ((id >= 3919854) AND (id <= 3920853))

table 4 : explain SELECT c FROM sbtest4 WHERE id BETWEEN 6572856 AND 6573855 ORDER BY c
	Sort  (cost=3738.82..3741.21 rows=955 width=121)
	  Sort Key: c
	  ->  Bitmap Heap Scan on sbtest4  (cost=22.22..3691.55 rows=955 width=121)
	        Recheck Cond: ((id >= 6572856) AND (id <= 6573855))
	        ->  Bitmap Index Scan on sbtest4_pkey  (cost=0.00..21.98 rows=955 width=0)
	              Index Cond: ((id >= 6572856) AND (id <= 6573855))

table 5 : explain SELECT c FROM sbtest5 WHERE id BETWEEN 1080619 AND 1081618 ORDER BY c
	Sort  (cost=3715.97..3718.34 rows=949 width=121)
	  Sort Key: c
	  ->  Bitmap Heap Scan on sbtest5  (cost=22.16..3669.04 rows=949 width=121)
	        Recheck Cond: ((id >= 1080619) AND (id <= 1081618))
	        ->  Bitmap Index Scan on sbtest5_pkey  (cost=0.00..21.93 rows=949 width=0)
	              Index Cond: ((id >= 1080619) AND (id <= 1081618))

table 6 : explain SELECT c FROM sbtest6 WHERE id BETWEEN 4579487 AND 4580486 ORDER BY c
	Sort  (cost=4049.43..4052.02 rows=1036 width=121)
	  Sort Key: c
	  ->  Bitmap Heap Scan on sbtest6  (cost=23.05..3997.55 rows=1036 width=121)
	        Recheck Cond: ((id >= 4579487) AND (id <= 4580486))
	        ->  Bitmap Index Scan on sbtest6_pkey  (cost=0.00..22.79 rows=1036 width=0)
	              Index Cond: ((id >= 4579487) AND (id <= 4580486))

table 7 : explain SELECT c FROM sbtest7 WHERE id BETWEEN 2433969 AND 2434968 ORDER BY c
	Sort  (cost=3701.25..3703.62 rows=945 width=121)
	  Sort Key: c
	  ->  Bitmap Heap Scan on sbtest7  (cost=22.12..3654.55 rows=945 width=121)
	        Recheck Cond: ((id >= 2433969) AND (id <= 2434968))
	        ->  Bitmap Index Scan on sbtest7_pkey  (cost=0.00..21.89 rows=945 width=0)
	              Index Cond: ((id >= 2433969) AND (id <= 2434968))

table 8 : explain SELECT c FROM sbtest8 WHERE id BETWEEN 8943270 AND 8944269 ORDER BY c
	Sort  (cost=3869.75..3872.22 rows=989 width=121)
	  Sort Key: c
	  ->  Bitmap Heap Scan on sbtest8  (cost=22.57..3820.54 rows=989 width=121)
	        Recheck Cond: ((id >= 8943270) AND (id <= 8944269))
	        ->  Bitmap Index Scan on sbtest8_pkey  (cost=0.00..22.32 rows=989 width=0)
	              Index Cond: ((id >= 8943270) AND (id <= 8944269))

for: simple_ranges
table 1 : explain SELECT c FROM sbtest1 WHERE id BETWEEN 3688883 AND 3689882
	Bitmap Heap Scan on sbtest1  (cost=22.81..3904.36 rows=1012 width=121)
	  Recheck Cond: ((id >= 3688883) AND (id <= 3689882))
	  ->  Bitmap Index Scan on sbtest1_pkey  (cost=0.00..22.55 rows=1012 width=0)
	        Index Cond: ((id >= 3688883) AND (id <= 3689882))

table 2 : explain SELECT c FROM sbtest2 WHERE id BETWEEN 6649660 AND 6650659
	Bitmap Heap Scan on sbtest2  (cost=22.14..3660.51 rows=947 width=121)
	  Recheck Cond: ((id >= 6649660) AND (id <= 6650659))
	  ->  Bitmap Index Scan on sbtest2_pkey  (cost=0.00..21.90 rows=947 width=0)
	        Index Cond: ((id >= 6649660) AND (id <= 6650659))

table 3 : explain SELECT c FROM sbtest3 WHERE id BETWEEN 8921324 AND 8922323
	Bitmap Heap Scan on sbtest3  (cost=22.76..3886.72 rows=1007 width=121)
	  Recheck Cond: ((id >= 8921324) AND (id <= 8922323))
	  ->  Bitmap Index Scan on sbtest3_pkey  (cost=0.00..22.50 rows=1007 width=0)
	        Index Cond: ((id >= 8921324) AND (id <= 8922323))

table 4 : explain SELECT c FROM sbtest4 WHERE id BETWEEN 4067612 AND 4068611
	Bitmap Heap Scan on sbtest4  (cost=22.70..3864.93 rows=1001 width=121)
	  Recheck Cond: ((id >= 4067612) AND (id <= 4068611))
	  ->  Bitmap Index Scan on sbtest4_pkey  (cost=0.00..22.44 rows=1001 width=0)
	        Index Cond: ((id >= 4067612) AND (id <= 4068611))

table 5 : explain SELECT c FROM sbtest5 WHERE id BETWEEN 2328631 AND 2329630
	Bitmap Heap Scan on sbtest5  (cost=22.68..3861.30 rows=1000 width=121)
	  Recheck Cond: ((id >= 2328631) AND (id <= 2329630))
	  ->  Bitmap Index Scan on sbtest5_pkey  (cost=0.00..22.43 rows=1000 width=0)
	        Index Cond: ((id >= 2328631) AND (id <= 2329630))

table 6 : explain SELECT c FROM sbtest6 WHERE id BETWEEN 8071346 AND 8072345
	Bitmap Heap Scan on sbtest6  (cost=22.56..3816.78 rows=988 width=121)
	  Recheck Cond: ((id >= 8071346) AND (id <= 8072345))
	  ->  Bitmap Index Scan on sbtest6_pkey  (cost=0.00..22.32 rows=988 width=0)
	        Index Cond: ((id >= 8071346) AND (id <= 8072345))

table 7 : explain SELECT c FROM sbtest7 WHERE id BETWEEN 359117 AND 360116
	Bitmap Heap Scan on sbtest7  (cost=23.23..4061.45 rows=1053 width=121)
	  Recheck Cond: ((id >= 359117) AND (id <= 360116))
	  ->  Bitmap Index Scan on sbtest7_pkey  (cost=0.00..22.96 rows=1053 width=0)
	        Index Cond: ((id >= 359117) AND (id <= 360116))

table 8 : explain SELECT c FROM sbtest8 WHERE id BETWEEN 1072100 AND 1073099
	Bitmap Heap Scan on sbtest8  (cost=21.97..3597.95 rows=930 width=121)
	  Recheck Cond: ((id >= 1072100) AND (id <= 1073099))
	  ->  Bitmap Index Scan on sbtest8_pkey  (cost=0.00..21.73 rows=930 width=0)
	        Index Cond: ((id >= 1072100) AND (id <= 1073099))

explain: for point_selects :: explain SELECT c FROM sbtest%u WHERE id=%u
for: simple_ranges
table 1 : explain SELECT c FROM sbtest1 WHERE id BETWEEN 4017458 AND 4018457
	Bitmap Heap Scan on sbtest1  (cost=23.38..4114.81 rows=1068 width=121)
	  Recheck Cond: ((id >= 4017458) AND (id <= 4018457))
	  ->  Bitmap Index Scan on sbtest1_pkey  (cost=0.00..23.11 rows=1068 width=0)
	        Index Cond: ((id >= 4017458) AND (id <= 4018457))

table 2 : explain SELECT c FROM sbtest2 WHERE id BETWEEN 6072239 AND 6073238
	Bitmap Heap Scan on sbtest2  (cost=22.73..3875.29 rows=1004 width=121)
	  Recheck Cond: ((id >= 6072239) AND (id <= 6073238))
	  ->  Bitmap Index Scan on sbtest2_pkey  (cost=0.00..22.47 rows=1004 width=0)
	        Index Cond: ((id >= 6072239) AND (id <= 6073238))

table 3 : explain SELECT c FROM sbtest3 WHERE id BETWEEN 7497808 AND 7498807
	Bitmap Heap Scan on sbtest3  (cost=22.99..3973.26 rows=1030 width=121)
	  Recheck Cond: ((id >= 7497808) AND (id <= 7498807))
	  ->  Bitmap Index Scan on sbtest3_pkey  (cost=0.00..22.73 rows=1030 width=0)
	        Index Cond: ((id >= 7497808) AND (id <= 7498807))

table 4 : explain SELECT c FROM sbtest4 WHERE id BETWEEN 8578116 AND 8579115
	Bitmap Heap Scan on sbtest4  (cost=23.08..4007.95 rows=1039 width=121)
	  Recheck Cond: ((id >= 8578116) AND (id <= 8579115))
	  ->  Bitmap Index Scan on sbtest4_pkey  (cost=0.00..22.82 rows=1039 width=0)
	        Index Cond: ((id >= 8578116) AND (id <= 8579115))

table 5 : explain SELECT c FROM sbtest5 WHERE id BETWEEN 4011610 AND 4012609
	Bitmap Heap Scan on sbtest5  (cost=22.52..3801.02 rows=984 width=121)
	  Recheck Cond: ((id >= 4011610) AND (id <= 4012609))
	  ->  Bitmap Index Scan on sbtest5_pkey  (cost=0.00..22.27 rows=984 width=0)
	        Index Cond: ((id >= 4011610) AND (id <= 4012609))

table 6 : explain SELECT c FROM sbtest6 WHERE id BETWEEN 6890883 AND 6891882
	Bitmap Heap Scan on sbtest6  (cost=23.25..4069.02 rows=1055 width=121)
	  Recheck Cond: ((id >= 6890883) AND (id <= 6891882))
	  ->  Bitmap Index Scan on sbtest6_pkey  (cost=0.00..22.98 rows=1055 width=0)
	        Index Cond: ((id >= 6890883) AND (id <= 6891882))

table 7 : explain SELECT c FROM sbtest7 WHERE id BETWEEN 7019051 AND 7020050
	Bitmap Heap Scan on sbtest7  (cost=23.39..4121.60 rows=1069 width=121)
	  Recheck Cond: ((id >= 7019051) AND (id <= 7020050))
	  ->  Bitmap Index Scan on sbtest7_pkey  (cost=0.00..23.12 rows=1069 width=0)
	        Index Cond: ((id >= 7019051) AND (id <= 7020050))

table 8 : explain SELECT c FROM sbtest8 WHERE id BETWEEN 9937869 AND 9938868
	Bitmap Heap Scan on sbtest8  (cost=23.08..4008.83 rows=1039 width=121)
	  Recheck Cond: ((id >= 9937869) AND (id <= 9938868))
	  ->  Bitmap Index Scan on sbtest8_pkey  (cost=0.00..22.82 rows=1039 width=0)
	        Index Cond: ((id >= 9937869) AND (id <= 9938868))

explain: for point_selects :: explain SELECT c FROM sbtest%u WHERE id=%u
for: distinct_ranges
table 1 : explain SELECT DISTINCT c FROM sbtest1 WHERE id BETWEEN 2206914 AND 2207913 ORDER BY c
	Unique  (cost=4027.41..4032.56 rows=1031 width=121)
	  ->  Sort  (cost=4027.41..4029.99 rows=1031 width=121)
	        Sort Key: c
	        ->  Bitmap Heap Scan on sbtest1  (cost=23.00..3975.81 rows=1031 width=121)
	              Recheck Cond: ((id >= 2206914) AND (id <= 2207913))
	              ->  Bitmap Index Scan on sbtest1_pkey  (cost=0.00..22.75 rows=1031 width=0)
	                    Index Cond: ((id >= 2206914) AND (id <= 2207913))

table 2 : explain SELECT DISTINCT c FROM sbtest2 WHERE id BETWEEN 9338256 AND 9339255 ORDER BY c
	Unique  (cost=3753.26..3758.05 rows=959 width=121)
	  ->  Sort  (cost=3753.26..3755.65 rows=959 width=121)
	        Sort Key: c
	        ->  Bitmap Heap Scan on sbtest2  (cost=22.26..3705.76 rows=959 width=121)
	              Recheck Cond: ((id >= 9338256) AND (id <= 9339255))
	              ->  Bitmap Index Scan on sbtest2_pkey  (cost=0.00..22.02 rows=959 width=0)
	                    Index Cond: ((id >= 9338256) AND (id <= 9339255))

table 3 : explain SELECT DISTINCT c FROM sbtest3 WHERE id BETWEEN 8565565 AND 8566564 ORDER BY c
	Unique  (cost=4043.89..4049.07 rows=1035 width=121)
	  ->  Sort  (cost=4043.89..4046.48 rows=1035 width=121)
	        Sort Key: c
	        ->  Bitmap Heap Scan on sbtest3  (cost=23.04..3992.06 rows=1035 width=121)
	              Recheck Cond: ((id >= 8565565) AND (id <= 8566564))
	              ->  Bitmap Index Scan on sbtest3_pkey  (cost=0.00..22.79 rows=1035 width=0)
	                    Index Cond: ((id >= 8565565) AND (id <= 8566564))

table 4 : explain SELECT DISTINCT c FROM sbtest4 WHERE id BETWEEN 8349444 AND 8350443 ORDER BY c
	Unique  (cost=3815.37..3820.25 rows=975 width=121)
	  ->  Sort  (cost=3815.37..3817.81 rows=975 width=121)
	        Sort Key: c
	        ->  Bitmap Heap Scan on sbtest4  (cost=22.43..3766.97 rows=975 width=121)
	              Recheck Cond: ((id >= 8349444) AND (id <= 8350443))
	              ->  Bitmap Index Scan on sbtest4_pkey  (cost=0.00..22.18 rows=975 width=0)
	                    Index Cond: ((id >= 8349444) AND (id <= 8350443))

table 5 : explain SELECT DISTINCT c FROM sbtest5 WHERE id BETWEEN 7750647 AND 7751646 ORDER BY c
	Unique  (cost=3677.67..3682.36 rows=939 width=121)
	  ->  Sort  (cost=3677.67..3680.01 rows=939 width=121)
	        Sort Key: c
	        ->  Bitmap Heap Scan on sbtest5  (cost=22.06..3631.30 rows=939 width=121)
	              Recheck Cond: ((id >= 7750647) AND (id <= 7751646))
	              ->  Bitmap Index Scan on sbtest5_pkey  (cost=0.00..21.82 rows=939 width=0)
	                    Index Cond: ((id >= 7750647) AND (id <= 7751646))

table 6 : explain SELECT DISTINCT c FROM sbtest6 WHERE id BETWEEN 8993079 AND 8994078 ORDER BY c
	Unique  (cost=3812.35..3817.22 rows=974 width=121)
	  ->  Sort  (cost=3812.35..3814.79 rows=974 width=121)
	        Sort Key: c
	        ->  Bitmap Heap Scan on sbtest6  (cost=22.42..3764.00 rows=974 width=121)
	              Recheck Cond: ((id >= 8993079) AND (id <= 8994078))
	              ->  Bitmap Index Scan on sbtest6_pkey  (cost=0.00..22.18 rows=974 width=0)
	                    Index Cond: ((id >= 8993079) AND (id <= 8994078))

table 7 : explain SELECT DISTINCT c FROM sbtest7 WHERE id BETWEEN 6102182 AND 6103181 ORDER BY c
	Unique  (cost=3999.71..4004.83 rows=1023 width=121)
	  ->  Sort  (cost=3999.71..4002.27 rows=1023 width=121)
	        Sort Key: c
	        ->  Bitmap Heap Scan on sbtest7  (cost=22.92..3948.57 rows=1023 width=121)
	              Recheck Cond: ((id >= 6102182) AND (id <= 6103181))
	              ->  Bitmap Index Scan on sbtest7_pkey  (cost=0.00..22.66 rows=1023 width=0)
	                    Index Cond: ((id >= 6102182) AND (id <= 6103181))

table 8 : explain SELECT DISTINCT c FROM sbtest8 WHERE id BETWEEN 3216752 AND 3217751 ORDER BY c
	Unique  (cost=3685.96..3690.67 rows=941 width=121)
	  ->  Sort  (cost=3685.96..3688.32 rows=941 width=121)
	        Sort Key: c
	        ->  Bitmap Heap Scan on sbtest8  (cost=22.08..3639.49 rows=941 width=121)
	              Recheck Cond: ((id >= 3216752) AND (id <= 3217751))
	              ->  Bitmap Index Scan on sbtest8_pkey  (cost=0.00..21.84 rows=941 width=0)
	                    Index Cond: ((id >= 3216752) AND (id <= 3217751))

for: sum_ranges
table 1 : explain SELECT SUM(k) FROM sbtest1 WHERE id BETWEEN 9799366 AND 9800365
	Aggregate  (cost=3921.95..3921.96 rows=1 width=8)
	  ->  Bitmap Heap Scan on sbtest1  (cost=22.85..3919.41 rows=1016 width=4)
	        Recheck Cond: ((id >= 9799366) AND (id <= 9800365))
	        ->  Bitmap Index Scan on sbtest1_pkey  (cost=0.00..22.59 rows=1016 width=0)
	              Index Cond: ((id >= 9799366) AND (id <= 9800365))

table 2 : explain SELECT SUM(k) FROM sbtest2 WHERE id BETWEEN 3035995 AND 3036994
	Aggregate  (cost=3727.02..3727.03 rows=1 width=8)
	  ->  Bitmap Heap Scan on sbtest2  (cost=22.32..3724.61 rows=964 width=4)
	        Recheck Cond: ((id >= 3035995) AND (id <= 3036994))
	        ->  Bitmap Index Scan on sbtest2_pkey  (cost=0.00..22.07 rows=964 width=0)
	              Index Cond: ((id >= 3035995) AND (id <= 3036994))

table 3 : explain SELECT SUM(k) FROM sbtest3 WHERE id BETWEEN 7016691 AND 7017690
	Aggregate  (cost=3595.04..3595.05 rows=1 width=8)
	  ->  Bitmap Heap Scan on sbtest3  (cost=21.96..3592.72 rows=929 width=4)
	        Recheck Cond: ((id >= 7016691) AND (id <= 7017690))
	        ->  Bitmap Index Scan on sbtest3_pkey  (cost=0.00..21.72 rows=929 width=0)
	              Index Cond: ((id >= 7016691) AND (id <= 7017690))

table 4 : explain SELECT SUM(k) FROM sbtest4 WHERE id BETWEEN 6453441 AND 6454440
	Aggregate  (cost=4209.84..4209.85 rows=1 width=8)
	  ->  Bitmap Heap Scan on sbtest4  (cost=23.63..4207.11 rows=1092 width=4)
	        Recheck Cond: ((id >= 6453441) AND (id <= 6454440))
	        ->  Bitmap Index Scan on sbtest4_pkey  (cost=0.00..23.36 rows=1092 width=0)
	              Index Cond: ((id >= 6453441) AND (id <= 6454440))

table 5 : explain SELECT SUM(k) FROM sbtest5 WHERE id BETWEEN 8423964 AND 8424963
	Aggregate  (cost=4018.22..4018.23 rows=1 width=8)
	  ->  Bitmap Heap Scan on sbtest5  (cost=23.11..4015.61 rows=1041 width=4)
	        Recheck Cond: ((id >= 8423964) AND (id <= 8424963))
	        ->  Bitmap Index Scan on sbtest5_pkey  (cost=0.00..22.84 rows=1041 width=0)
	              Index Cond: ((id >= 8423964) AND (id <= 8424963))

table 6 : explain SELECT SUM(k) FROM sbtest6 WHERE id BETWEEN 579317 AND 580316
	Aggregate  (cost=3770.21..3770.22 rows=1 width=8)
	  ->  Bitmap Heap Scan on sbtest6  (cost=22.43..3767.77 rows=975 width=4)
	        Recheck Cond: ((id >= 579317) AND (id <= 580316))
	        ->  Bitmap Index Scan on sbtest6_pkey  (cost=0.00..22.18 rows=975 width=0)
	              Index Cond: ((id >= 579317) AND (id <= 580316))

table 7 : explain SELECT SUM(k) FROM sbtest7 WHERE id BETWEEN 9193342 AND 9194341
	Aggregate  (cost=3875.76..3875.77 rows=1 width=8)
	  ->  Bitmap Heap Scan on sbtest7  (cost=22.72..3873.26 rows=1003 width=4)
	        Recheck Cond: ((id >= 9193342) AND (id <= 9194341))
	        ->  Bitmap Index Scan on sbtest7_pkey  (cost=0.00..22.46 rows=1003 width=0)
	              Index Cond: ((id >= 9193342) AND (id <= 9194341))

table 8 : explain SELECT SUM(k) FROM sbtest8 WHERE id BETWEEN 9289094 AND 9290093
	Aggregate  (cost=3308.88..3308.89 rows=1 width=8)
	  ->  Bitmap Heap Scan on sbtest8  (cost=21.18..3306.75 rows=853 width=4)
	        Recheck Cond: ((id >= 9289094) AND (id <= 9290093))
	        ->  Bitmap Index Scan on sbtest8_pkey  (cost=0.00..20.96 rows=853 width=0)
	              Index Cond: ((id >= 9289094) AND (id <= 9290093))

for: sum_ranges
table 1 : explain SELECT SUM(k) FROM sbtest1 WHERE id BETWEEN 5431473 AND 5432472
	Aggregate  (cost=3756.22..3756.23 rows=1 width=8)
	  ->  Bitmap Heap Scan on sbtest1  (cost=22.40..3753.79 rows=972 width=4)
	        Recheck Cond: ((id >= 5431473) AND (id <= 5432472))
	        ->  Bitmap Index Scan on sbtest1_pkey  (cost=0.00..22.15 rows=972 width=0)
	              Index Cond: ((id >= 5431473) AND (id <= 5432472))

table 2 : explain SELECT SUM(k) FROM sbtest2 WHERE id BETWEEN 4490719 AND 4491718
	Aggregate  (cost=3840.12..3840.13 rows=1 width=8)
	  ->  Bitmap Heap Scan on sbtest2  (cost=22.62..3837.64 rows=994 width=4)
	        Recheck Cond: ((id >= 4490719) AND (id <= 4491718))
	        ->  Bitmap Index Scan on sbtest2_pkey  (cost=0.00..22.37 rows=994 width=0)
	              Index Cond: ((id >= 4490719) AND (id <= 4491718))

table 3 : explain SELECT SUM(k) FROM sbtest3 WHERE id BETWEEN 276607 AND 277606
	Aggregate  (cost=3651.68..3651.69 rows=1 width=8)
	  ->  Bitmap Heap Scan on sbtest3  (cost=22.11..3649.32 rows=944 width=4)
	        Recheck Cond: ((id >= 276607) AND (id <= 277606))
	        ->  Bitmap Index Scan on sbtest3_pkey  (cost=0.00..21.87 rows=944 width=0)
	              Index Cond: ((id >= 276607) AND (id <= 277606))

table 4 : explain SELECT SUM(k) FROM sbtest4 WHERE id BETWEEN 4138513 AND 4139512
	Aggregate  (cost=3912.65..3912.66 rows=1 width=8)
	  ->  Bitmap Heap Scan on sbtest4  (cost=22.82..3910.11 rows=1013 width=4)
	        Recheck Cond: ((id >= 4138513) AND (id <= 4139512))
	        ->  Bitmap Index Scan on sbtest4_pkey  (cost=0.00..22.57 rows=1013 width=0)
	              Index Cond: ((id >= 4138513) AND (id <= 4139512))

table 5 : explain SELECT SUM(k) FROM sbtest5 WHERE id BETWEEN 6291296 AND 6292295
	Aggregate  (cost=4093.46..4093.47 rows=1 width=8)
	  ->  Bitmap Heap Scan on sbtest5  (cost=23.31..4090.81 rows=1061 width=4)
	        Recheck Cond: ((id >= 6291296) AND (id <= 6292295))
	        ->  Bitmap Index Scan on sbtest5_pkey  (cost=0.00..23.04 rows=1061 width=0)
	              Index Cond: ((id >= 6291296) AND (id <= 6292295))

table 6 : explain SELECT SUM(k) FROM sbtest6 WHERE id BETWEEN 7176893 AND 7177892
	Aggregate  (cost=3890.89..3890.90 rows=1 width=8)
	  ->  Bitmap Heap Scan on sbtest6  (cost=22.76..3888.37 rows=1007 width=4)
	        Recheck Cond: ((id >= 7176893) AND (id <= 7177892))
	        ->  Bitmap Index Scan on sbtest6_pkey  (cost=0.00..22.50 rows=1007 width=0)
	              Index Cond: ((id >= 7176893) AND (id <= 7177892))

table 7 : explain SELECT SUM(k) FROM sbtest7 WHERE id BETWEEN 8912723 AND 8913722
	Aggregate  (cost=3770.17..3770.18 rows=1 width=8)
	  ->  Bitmap Heap Scan on sbtest7  (cost=22.43..3767.73 rows=975 width=4)
	        Recheck Cond: ((id >= 8912723) AND (id <= 8913722))
	        ->  Bitmap Index Scan on sbtest7_pkey  (cost=0.00..22.18 rows=975 width=0)
	              Index Cond: ((id >= 8912723) AND (id <= 8913722))

table 8 : explain SELECT SUM(k) FROM sbtest8 WHERE id BETWEEN 9264228 AND 9265227
	Aggregate  (cost=3660.73..3660.74 rows=1 width=8)
	  ->  Bitmap Heap Scan on sbtest8  (cost=22.13..3658.36 rows=946 width=4)
	        Recheck Cond: ((id >= 9264228) AND (id <= 9265227))
	        ->  Bitmap Index Scan on sbtest8_pkey  (cost=0.00..21.89 rows=946 width=0)
	              Index Cond: ((id >= 9264228) AND (id <= 9265227))

explain: for point_selects :: explain SELECT c FROM sbtest%u WHERE id=%u
explain: for point_selects :: explain SELECT c FROM sbtest%u WHERE id=%u
for: simple_ranges
table 1 : explain SELECT c FROM sbtest1 WHERE id BETWEEN 338000 AND 338999
	Bitmap Heap Scan on sbtest1  (cost=22.32..3723.65 rows=964 width=121)
	  Recheck Cond: ((id >= 338000) AND (id <= 338999))
	  ->  Bitmap Index Scan on sbtest1_pkey  (cost=0.00..22.07 rows=964 width=0)
	        Index Cond: ((id >= 338000) AND (id <= 338999))

table 2 : explain SELECT c FROM sbtest2 WHERE id BETWEEN 4944111 AND 4945110
	Bitmap Heap Scan on sbtest2  (cost=22.89..3935.50 rows=1020 width=121)
	  Recheck Cond: ((id >= 4944111) AND (id <= 4945110))
	  ->  Bitmap Index Scan on sbtest2_pkey  (cost=0.00..22.64 rows=1020 width=0)
	        Index Cond: ((id >= 4944111) AND (id <= 4945110))

table 3 : explain SELECT c FROM sbtest3 WHERE id BETWEEN 3337963 AND 3338962
	Bitmap Heap Scan on sbtest3  (cost=23.58..4187.43 rows=1087 width=121)
	  Recheck Cond: ((id >= 3337963) AND (id <= 3338962))
	  ->  Bitmap Index Scan on sbtest3_pkey  (cost=0.00..23.30 rows=1087 width=0)
	        Index Cond: ((id >= 3337963) AND (id <= 3338962))

table 4 : explain SELECT c FROM sbtest4 WHERE id BETWEEN 2802212 AND 2803211
	Bitmap Heap Scan on sbtest4  (cost=22.86..3925.17 rows=1017 width=121)
	  Recheck Cond: ((id >= 2802212) AND (id <= 2803211))
	  ->  Bitmap Index Scan on sbtest4_pkey  (cost=0.00..22.61 rows=1017 width=0)
	        Index Cond: ((id >= 2802212) AND (id <= 2803211))

table 5 : explain SELECT c FROM sbtest5 WHERE id BETWEEN 3383413 AND 3384412
	Bitmap Heap Scan on sbtest5  (cost=21.77..3525.57 rows=911 width=121)
	  Recheck Cond: ((id >= 3383413) AND (id <= 3384412))
	  ->  Bitmap Index Scan on sbtest5_pkey  (cost=0.00..21.54 rows=911 width=0)
	        Index Cond: ((id >= 3383413) AND (id <= 3384412))

table 6 : explain SELECT c FROM sbtest6 WHERE id BETWEEN 5367785 AND 5368784
	Bitmap Heap Scan on sbtest6  (cost=22.13..3658.37 rows=946 width=121)
	  Recheck Cond: ((id >= 5367785) AND (id <= 5368784))
	  ->  Bitmap Index Scan on sbtest6_pkey  (cost=0.00..21.89 rows=946 width=0)
	        Index Cond: ((id >= 5367785) AND (id <= 5368784))

table 7 : explain SELECT c FROM sbtest7 WHERE id BETWEEN 2455984 AND 2456983
	Bitmap Heap Scan on sbtest7  (cost=22.12..3654.55 rows=945 width=121)
	  Recheck Cond: ((id >= 2455984) AND (id <= 2456983))
	  ->  Bitmap Index Scan on sbtest7_pkey  (cost=0.00..21.89 rows=945 width=0)
	        Index Cond: ((id >= 2455984) AND (id <= 2456983))

table 8 : explain SELECT c FROM sbtest8 WHERE id BETWEEN 9627719 AND 9628718
	Bitmap Heap Scan on sbtest8  (cost=22.58..3824.31 rows=990 width=121)
	  Recheck Cond: ((id >= 9627719) AND (id <= 9628718))
	  ->  Bitmap Index Scan on sbtest8_pkey  (cost=0.00..22.33 rows=990 width=0)
	        Index Cond: ((id >= 9627719) AND (id <= 9628718))

for: sum_ranges
table 1 : explain SELECT SUM(k) FROM sbtest1 WHERE id BETWEEN 2249507 AND 2250506
	Aggregate  (cost=3978.39..3978.40 rows=1 width=8)
	  ->  Bitmap Heap Scan on sbtest1  (cost=23.00..3975.81 rows=1031 width=4)
	        Recheck Cond: ((id >= 2249507) AND (id <= 2250506))
	        ->  Bitmap Index Scan on sbtest1_pkey  (cost=0.00..22.75 rows=1031 width=0)
	              Index Cond: ((id >= 2249507) AND (id <= 2250506))

table 2 : explain SELECT SUM(k) FROM sbtest2 WHERE id BETWEEN 2076756 AND 2077755
	Aggregate  (cost=3907.93..3907.94 rows=1 width=8)
	  ->  Bitmap Heap Scan on sbtest2  (cost=22.81..3905.40 rows=1012 width=4)
	        Recheck Cond: ((id >= 2076756) AND (id <= 2077755))
	        ->  Bitmap Index Scan on sbtest2_pkey  (cost=0.00..22.55 rows=1012 width=0)
	              Index Cond: ((id >= 2076756) AND (id <= 2077755))

table 3 : explain SELECT SUM(k) FROM sbtest3 WHERE id BETWEEN 8615039 AND 8616038
	Aggregate  (cost=4145.07..4145.08 rows=1 width=8)
	  ->  Bitmap Heap Scan on sbtest3  (cost=23.45..4142.38 rows=1075 width=4)
	        Recheck Cond: ((id >= 8615039) AND (id <= 8616038))
	        ->  Bitmap Index Scan on sbtest3_pkey  (cost=0.00..23.18 rows=1075 width=0)
	              Index Cond: ((id >= 8615039) AND (id <= 8616038))

table 4 : explain SELECT SUM(k) FROM sbtest4 WHERE id BETWEEN 6257201 AND 6258200
	Aggregate  (cost=3675.06..3675.07 rows=1 width=8)
	  ->  Bitmap Heap Scan on sbtest4  (cost=22.17..3672.69 rows=950 width=4)
	        Recheck Cond: ((id >= 6257201) AND (id <= 6258200))
	        ->  Bitmap Index Scan on sbtest4_pkey  (cost=0.00..21.93 rows=950 width=0)
	              Index Cond: ((id >= 6257201) AND (id <= 6258200))

table 5 : explain SELECT SUM(k) FROM sbtest5 WHERE id BETWEEN 1642266 AND 1643265
	Aggregate  (cost=3671.41..3671.42 rows=1 width=8)
	  ->  Bitmap Heap Scan on sbtest5  (cost=22.16..3669.04 rows=949 width=4)
	        Recheck Cond: ((id >= 1642266) AND (id <= 1643265))
	        ->  Bitmap Index Scan on sbtest5_pkey  (cost=0.00..21.93 rows=949 width=0)
	              Index Cond: ((id >= 1642266) AND (id <= 1643265))

table 6 : explain SELECT SUM(k) FROM sbtest6 WHERE id BETWEEN 1731725 AND 1732724
	Aggregate  (cost=3690.95..3690.96 rows=1 width=8)
	  ->  Bitmap Heap Scan on sbtest6  (cost=22.21..3688.56 rows=954 width=4)
	        Recheck Cond: ((id >= 1731725) AND (id <= 1732724))
	        ->  Bitmap Index Scan on sbtest6_pkey  (cost=0.00..21.97 rows=954 width=0)
	              Index Cond: ((id >= 1731725) AND (id <= 1732724))

table 7 : explain SELECT SUM(k) FROM sbtest7 WHERE id BETWEEN 2290292 AND 2291291
	Aggregate  (cost=3920.99..3921.00 rows=1 width=8)
	  ->  Bitmap Heap Scan on sbtest7  (cost=22.84..3918.45 rows=1015 width=4)
	        Recheck Cond: ((id >= 2290292) AND (id <= 2291291))
	        ->  Bitmap Index Scan on sbtest7_pkey  (cost=0.00..22.58 rows=1015 width=0)
	              Index Cond: ((id >= 2290292) AND (id <= 2291291))

table 8 : explain SELECT SUM(k) FROM sbtest8 WHERE id BETWEEN 675075 AND 676074
	Aggregate  (cost=4079.17..4079.18 rows=1 width=8)
	  ->  Bitmap Heap Scan on sbtest8  (cost=23.27..4076.53 rows=1057 width=4)
	        Recheck Cond: ((id >= 675075) AND (id <= 676074))
	        ->  Bitmap Index Scan on sbtest8_pkey  (cost=0.00..23.00 rows=1057 width=0)
	              Index Cond: ((id >= 675075) AND (id <= 676074))

for point_selects
table 1 : explain SELECT c FROM sbtest1 WHERE id=2554950
	Index Scan using sbtest1_pkey on sbtest1  (cost=0.43..8.45 rows=1 width=121)
	  Index Cond: (id = 2554950)

table 2 : explain SELECT c FROM sbtest2 WHERE id=7153900
	Index Scan using sbtest2_pkey on sbtest2  (cost=0.43..8.45 rows=1 width=121)
	  Index Cond: (id = 7153900)

table 3 : explain SELECT c FROM sbtest3 WHERE id=3739014
	Index Scan using sbtest3_pkey on sbtest3  (cost=0.43..8.45 rows=1 width=121)
	  Index Cond: (id = 3739014)

table 4 : explain SELECT c FROM sbtest4 WHERE id=362743
	Index Scan using sbtest4_pkey on sbtest4  (cost=0.43..8.45 rows=1 width=121)
	  Index Cond: (id = 362743)

table 5 : explain SELECT c FROM sbtest5 WHERE id=3622811
	Index Scan using sbtest5_pkey on sbtest5  (cost=0.43..8.45 rows=1 width=121)
	  Index Cond: (id = 3622811)

table 6 : explain SELECT c FROM sbtest6 WHERE id=7917560
	Index Scan using sbtest6_pkey on sbtest6  (cost=0.43..8.45 rows=1 width=121)
	  Index Cond: (id = 7917560)

table 7 : explain SELECT c FROM sbtest7 WHERE id=9132583
	Index Scan using sbtest7_pkey on sbtest7  (cost=0.43..8.45 rows=1 width=121)
	  Index Cond: (id = 9132583)

table 8 : explain SELECT c FROM sbtest8 WHERE id=7783232
	Index Scan using sbtest8_pkey on sbtest8  (cost=0.43..8.45 rows=1 width=121)
	  Index Cond: (id = 7783232)

for point_selects
table 1 : explain SELECT c FROM sbtest1 WHERE id=9422113
	Index Scan using sbtest1_pkey on sbtest1  (cost=0.43..8.45 rows=1 width=121)
	  Index Cond: (id = 9422113)

table 2 : explain SELECT c FROM sbtest2 WHERE id=3824186
	Index Scan using sbtest2_pkey on sbtest2  (cost=0.43..8.45 rows=1 width=121)
	  Index Cond: (id = 3824186)

table 3 : explain SELECT c FROM sbtest3 WHERE id=510232
	Index Scan using sbtest3_pkey on sbtest3  (cost=0.43..8.45 rows=1 width=121)
	  Index Cond: (id = 510232)

table 4 : explain SELECT c FROM sbtest4 WHERE id=3255739
	Index Scan using sbtest4_pkey on sbtest4  (cost=0.43..8.45 rows=1 width=121)
	  Index Cond: (id = 3255739)

table 5 : explain SELECT c FROM sbtest5 WHERE id=7210482
	Index Scan using sbtest5_pkey on sbtest5  (cost=0.43..8.45 rows=1 width=121)
	  Index Cond: (id = 7210482)

table 6 : explain SELECT c FROM sbtest6 WHERE id=5802148
	Index Scan using sbtest6_pkey on sbtest6  (cost=0.43..8.45 rows=1 width=121)
	  Index Cond: (id = 5802148)

table 7 : explain SELECT c FROM sbtest7 WHERE id=5263075
	Index Scan using sbtest7_pkey on sbtest7  (cost=0.43..8.45 rows=1 width=121)
	  Index Cond: (id = 5263075)

table 8 : explain SELECT c FROM sbtest8 WHERE id=9740448
	Index Scan using sbtest8_pkey on sbtest8  (cost=0.43..8.45 rows=1 width=121)
	  Index Cond: (id = 9740448)

for: order_ranges
table 1 : explain SELECT c FROM sbtest1 WHERE id BETWEEN 1090148 AND 1091147 ORDER BY c
	Sort  (cost=3717.87..3720.24 rows=950 width=121)
	  Sort Key: c
	  ->  Bitmap Heap Scan on sbtest1  (cost=22.17..3670.88 rows=950 width=121)
	        Recheck Cond: ((id >= 1090148) AND (id <= 1091147))
	        ->  Bitmap Index Scan on sbtest1_pkey  (cost=0.00..21.93 rows=950 width=0)
	              Index Cond: ((id >= 1090148) AND (id <= 1091147))

table 2 : explain SELECT c FROM sbtest2 WHERE id BETWEEN 5277170 AND 5278169 ORDER BY c
	Sort  (cost=3699.67..3702.03 rows=945 width=121)
	  Sort Key: c
	  ->  Bitmap Heap Scan on sbtest2  (cost=22.12..3652.96 rows=945 width=121)
	        Recheck Cond: ((id >= 5277170) AND (id <= 5278169))
	        ->  Bitmap Index Scan on sbtest2_pkey  (cost=0.00..21.89 rows=945 width=0)
	              Index Cond: ((id >= 5277170) AND (id <= 5278169))

table 3 : explain SELECT c FROM sbtest3 WHERE id BETWEEN 6146400 AND 6147399 ORDER BY c
	Sort  (cost=3768.69..3771.10 rows=963 width=121)
	  Sort Key: c
	  ->  Bitmap Heap Scan on sbtest3  (cost=22.31..3720.97 rows=963 width=121)
	        Recheck Cond: ((id >= 6146400) AND (id <= 6147399))
	        ->  Bitmap Index Scan on sbtest3_pkey  (cost=0.00..22.07 rows=963 width=0)
	              Index Cond: ((id >= 6146400) AND (id <= 6147399))

table 4 : explain SELECT c FROM sbtest4 WHERE id BETWEEN 2282462 AND 2283461 ORDER BY c
	Sort  (cost=3914.82..3917.32 rows=1001 width=121)
	  Sort Key: c
	  ->  Bitmap Heap Scan on sbtest4  (cost=22.70..3864.93 rows=1001 width=121)
	        Recheck Cond: ((id >= 2282462) AND (id <= 2283461))
	        ->  Bitmap Index Scan on sbtest4_pkey  (cost=0.00..22.44 rows=1001 width=0)
	              Index Cond: ((id >= 2282462) AND (id <= 2283461))

table 5 : explain SELECT c FROM sbtest5 WHERE id BETWEEN 6447474 AND 6448473 ORDER BY c
	Sort  (cost=3838.46..3840.91 rows=981 width=121)
	  Sort Key: c
	  ->  Bitmap Heap Scan on sbtest5  (cost=22.49..3789.71 rows=981 width=121)
	        Recheck Cond: ((id >= 6447474) AND (id <= 6448473))
	        ->  Bitmap Index Scan on sbtest5_pkey  (cost=0.00..22.25 rows=981 width=0)
	              Index Cond: ((id >= 6447474) AND (id <= 6448473))

table 6 : explain SELECT c FROM sbtest6 WHERE id BETWEEN 7272800 AND 7273799 ORDER BY c
	Sort  (cost=3911.83..3914.33 rows=1000 width=121)
	  Sort Key: c
	  ->  Bitmap Heap Scan on sbtest6  (cost=22.68..3862.00 rows=1000 width=121)
	        Recheck Cond: ((id >= 7272800) AND (id <= 7273799))
	        ->  Bitmap Index Scan on sbtest6_pkey  (cost=0.00..22.43 rows=1000 width=0)
	              Index Cond: ((id >= 7272800) AND (id <= 7273799))

table 7 : explain SELECT c FROM sbtest7 WHERE id BETWEEN 6807898 AND 6808897 ORDER BY c
	Sort  (cost=3701.25..3703.62 rows=945 width=121)
	  Sort Key: c
	  ->  Bitmap Heap Scan on sbtest7  (cost=22.12..3654.55 rows=945 width=121)
	        Recheck Cond: ((id >= 6807898) AND (id <= 6808897))
	        ->  Bitmap Index Scan on sbtest7_pkey  (cost=0.00..21.89 rows=945 width=0)
	              Index Cond: ((id >= 6807898) AND (id <= 6808897))

table 8 : explain SELECT c FROM sbtest8 WHERE id BETWEEN 9648273 AND 9649272 ORDER BY c
	Sort  (cost=3873.57..3876.05 rows=990 width=121)
	  Sort Key: c
	  ->  Bitmap Heap Scan on sbtest8  (cost=22.58..3824.31 rows=990 width=121)
	        Recheck Cond: ((id >= 9648273) AND (id <= 9649272))
	        ->  Bitmap Index Scan on sbtest8_pkey  (cost=0.00..22.33 rows=990 width=0)
	              Index Cond: ((id >= 9648273) AND (id <= 9649272))

for: order_ranges
table 1 : explain SELECT c FROM sbtest1 WHERE id BETWEEN 1520858 AND 1521857 ORDER BY c
	Sort  (cost=4103.72..4106.34 rows=1051 width=121)
	  Sort Key: c
	  ->  Bitmap Heap Scan on sbtest1  (cost=23.21..4050.97 rows=1051 width=121)
	        Recheck Cond: ((id >= 1520858) AND (id <= 1521857))
	        ->  Bitmap Index Scan on sbtest1_pkey  (cost=0.00..22.94 rows=1051 width=0)
	              Index Cond: ((id >= 1520858) AND (id <= 1521857))

table 2 : explain SELECT c FROM sbtest2 WHERE id BETWEEN 2492234 AND 2493233 ORDER BY c
	Sort  (cost=3699.67..3702.03 rows=945 width=121)
	  Sort Key: c
	  ->  Bitmap Heap Scan on sbtest2  (cost=22.12..3652.96 rows=945 width=121)
	        Recheck Cond: ((id >= 2492234) AND (id <= 2493233))
	        ->  Bitmap Index Scan on sbtest2_pkey  (cost=0.00..21.89 rows=945 width=0)
	              Index Cond: ((id >= 2492234) AND (id <= 2493233))

table 3 : explain SELECT c FROM sbtest3 WHERE id BETWEEN 5240014 AND 5241013 ORDER BY c
	Sort  (cost=3791.65..3794.07 rows=969 width=121)
	  Sort Key: c
	  ->  Bitmap Heap Scan on sbtest3  (cost=22.37..3743.59 rows=969 width=121)
	        Recheck Cond: ((id >= 5240014) AND (id <= 5241013))
	        ->  Bitmap Index Scan on sbtest3_pkey  (cost=0.00..22.12 rows=969 width=0)
	              Index Cond: ((id >= 5240014) AND (id <= 5241013))

table 4 : explain SELECT c FROM sbtest4 WHERE id BETWEEN 5476664 AND 5477663 ORDER BY c
	Sort  (cost=4071.46..4074.07 rows=1042 width=121)
	  Sort Key: c
	  ->  Bitmap Heap Scan on sbtest4  (cost=23.12..4019.23 rows=1042 width=121)
	        Recheck Cond: ((id >= 5476664) AND (id <= 5477663))
	        ->  Bitmap Index Scan on sbtest4_pkey  (cost=0.00..22.86 rows=1042 width=0)
	              Index Cond: ((id >= 5476664) AND (id <= 5477663))

table 5 : explain SELECT c FROM sbtest5 WHERE id BETWEEN 7597731 AND 7598730 ORDER BY c
	Sort  (cost=3643.18..3645.51 rows=930 width=121)
	  Sort Key: c
	  ->  Bitmap Heap Scan on sbtest5  (cost=21.97..3597.33 rows=930 width=121)
	        Recheck Cond: ((id >= 7597731) AND (id <= 7598730))
	        ->  Bitmap Index Scan on sbtest5_pkey  (cost=0.00..21.73 rows=930 width=0)
	              Index Cond: ((id >= 7597731) AND (id <= 7598730))

table 6 : explain SELECT c FROM sbtest6 WHERE id BETWEEN 479816 AND 480815 ORDER BY c
	Sort  (cost=4037.97..4040.56 rows=1033 width=121)
	  Sort Key: c
	  ->  Bitmap Heap Scan on sbtest6  (cost=23.02..3986.26 rows=1033 width=121)
	        Recheck Cond: ((id >= 479816) AND (id <= 480815))
	        ->  Bitmap Index Scan on sbtest6_pkey  (cost=0.00..22.76 rows=1033 width=0)
	              Index Cond: ((id >= 479816) AND (id <= 480815))

table 7 : explain SELECT c FROM sbtest7 WHERE id BETWEEN 73776 AND 74775 ORDER BY c
	Sort  (cost=3804.65..3807.08 rows=972 width=121)
	  Sort Key: c
	  ->  Bitmap Heap Scan on sbtest7  (cost=22.40..3756.42 rows=972 width=121)
	        Recheck Cond: ((id >= 73776) AND (id <= 74775))
	        ->  Bitmap Index Scan on sbtest7_pkey  (cost=0.00..22.15 rows=972 width=0)
	              Index Cond: ((id >= 73776) AND (id <= 74775))

table 8 : explain SELECT c FROM sbtest8 WHERE id BETWEEN 4141220 AND 4142219 ORDER BY c
	Sort  (cost=3693.63..3695.98 rows=943 width=121)
	  Sort Key: c
	  ->  Bitmap Heap Scan on sbtest8  (cost=22.10..3647.04 rows=943 width=121)
	        Recheck Cond: ((id >= 4141220) AND (id <= 4142219))
	        ->  Bitmap Index Scan on sbtest8_pkey  (cost=0.00..21.86 rows=943 width=0)
	              Index Cond: ((id >= 4141220) AND (id <= 4142219))

for: simple_ranges
table 1 : explain SELECT c FROM sbtest1 WHERE id BETWEEN 8599329 AND 8600328
	Bitmap Heap Scan on sbtest1  (cost=22.00..3606.77 rows=933 width=121)
	  Recheck Cond: ((id >= 8599329) AND (id <= 8600328))
	  ->  Bitmap Index Scan on sbtest1_pkey  (cost=0.00..21.76 rows=933 width=0)
	        Index Cond: ((id >= 8599329) AND (id <= 8600328))

table 2 : explain SELECT c FROM sbtest2 WHERE id BETWEEN 5360694 AND 5361693
	Bitmap Heap Scan on sbtest2  (cost=22.81..3905.40 rows=1012 width=121)
	  Recheck Cond: ((id >= 5360694) AND (id <= 5361693))
	  ->  Bitmap Index Scan on sbtest2_pkey  (cost=0.00..22.55 rows=1012 width=0)
	        Index Cond: ((id >= 5360694) AND (id <= 5361693))

table 3 : explain SELECT c FROM sbtest3 WHERE id BETWEEN 9597299 AND 9598298
	Bitmap Heap Scan on sbtest3  (cost=22.99..3973.26 rows=1030 width=121)
	  Recheck Cond: ((id >= 9597299) AND (id <= 9598298))
	  ->  Bitmap Index Scan on sbtest3_pkey  (cost=0.00..22.73 rows=1030 width=0)
	        Index Cond: ((id >= 9597299) AND (id <= 9598298))

table 4 : explain SELECT c FROM sbtest4 WHERE id BETWEEN 5272806 AND 5273805
	Bitmap Heap Scan on sbtest4  (cost=22.75..3883.76 rows=1006 width=121)
	  Recheck Cond: ((id >= 5272806) AND (id <= 5273805))
	  ->  Bitmap Index Scan on sbtest4_pkey  (cost=0.00..22.50 rows=1006 width=0)
	        Index Cond: ((id >= 5272806) AND (id <= 5273805))

table 5 : explain SELECT c FROM sbtest5 WHERE id BETWEEN 218811 AND 219810
	Bitmap Heap Scan on sbtest5  (cost=22.44..3770.87 rows=976 width=121)
	  Recheck Cond: ((id >= 218811) AND (id <= 219810))
	  ->  Bitmap Index Scan on sbtest5_pkey  (cost=0.00..22.19 rows=976 width=0)
	        Index Cond: ((id >= 218811) AND (id <= 219810))

table 6 : explain SELECT c FROM sbtest6 WHERE id BETWEEN 6867226 AND 6868225
	Bitmap Heap Scan on sbtest6  (cost=23.25..4069.02 rows=1055 width=121)
	  Recheck Cond: ((id >= 6867226) AND (id <= 6868225))
	  ->  Bitmap Index Scan on sbtest6_pkey  (cost=0.00..22.98 rows=1055 width=0)
	        Index Cond: ((id >= 6867226) AND (id <= 6868225))

table 7 : explain SELECT c FROM sbtest7 WHERE id BETWEEN 9666886 AND 9667885
	Bitmap Heap Scan on sbtest7  (cost=27.65..4219.53 rows=1094 width=121)
	  Recheck Cond: ((id >= 9666886) AND (id <= 9667885))
	  ->  Bitmap Index Scan on sbtest7_pkey  (cost=0.00..27.37 rows=1094 width=0)
	        Index Cond: ((id >= 9666886) AND (id <= 9667885))

table 8 : explain SELECT c FROM sbtest8 WHERE id BETWEEN 3100492 AND 3101491
	Bitmap Heap Scan on sbtest8  (cost=22.99..3974.96 rows=1030 width=121)
	  Recheck Cond: ((id >= 3100492) AND (id <= 3101491))
	  ->  Bitmap Index Scan on sbtest8_pkey  (cost=0.00..22.73 rows=1030 width=0)
	        Index Cond: ((id >= 3100492) AND (id <= 3101491))

for point_selects
table 1 : explain SELECT c FROM sbtest1 WHERE id=4637354
	Index Scan using sbtest1_pkey on sbtest1  (cost=0.43..8.45 rows=1 width=121)
	  Index Cond: (id = 4637354)

table 2 : explain SELECT c FROM sbtest2 WHERE id=3939577
	Index Scan using sbtest2_pkey on sbtest2  (cost=0.43..8.45 rows=1 width=121)
	  Index Cond: (id = 3939577)

table 3 : explain SELECT c FROM sbtest3 WHERE id=55025
	Index Scan using sbtest3_pkey on sbtest3  (cost=0.43..8.45 rows=1 width=121)
	  Index Cond: (id = 55025)

table 4 : explain SELECT c FROM sbtest4 WHERE id=390102
	Index Scan using sbtest4_pkey on sbtest4  (cost=0.43..8.45 rows=1 width=121)
	  Index Cond: (id = 390102)

table 5 : explain SELECT c FROM sbtest5 WHERE id=1723315
	Index Scan using sbtest5_pkey on sbtest5  (cost=0.43..8.45 rows=1 width=121)
	  Index Cond: (id = 1723315)

table 6 : explain SELECT c FROM sbtest6 WHERE id=5997925
	Index Scan using sbtest6_pkey on sbtest6  (cost=0.43..8.45 rows=1 width=121)
	  Index Cond: (id = 5997925)

table 7 : explain SELECT c FROM sbtest7 WHERE id=8241879
	Index Scan using sbtest7_pkey on sbtest7  (cost=0.43..8.45 rows=1 width=121)
	  Index Cond: (id = 8241879)

table 8 : explain SELECT c FROM sbtest8 WHERE id=3030494
	Index Scan using sbtest8_pkey on sbtest8  (cost=0.43..8.45 rows=1 width=121)
	  Index Cond: (id = 3030494)

for point_selects
table 1 : explain SELECT c FROM sbtest1 WHERE id=5827247
	Index Scan using sbtest1_pkey on sbtest1  (cost=0.43..8.45 rows=1 width=121)
	  Index Cond: (id = 5827247)

table 2 : explain SELECT c FROM sbtest2 WHERE id=8450153
	Index Scan using sbtest2_pkey on sbtest2  (cost=0.43..8.45 rows=1 width=121)
	  Index Cond: (id = 8450153)

table 3 : explain SELECT c FROM sbtest3 WHERE id=6543898
	Index Scan using sbtest3_pkey on sbtest3  (cost=0.43..8.45 rows=1 width=121)
	  Index Cond: (id = 6543898)

table 4 : explain SELECT c FROM sbtest4 WHERE id=7898182
	Index Scan using sbtest4_pkey on sbtest4  (cost=0.43..8.45 rows=1 width=121)
	  Index Cond: (id = 7898182)

table 5 : explain SELECT c FROM sbtest5 WHERE id=8089763
	Index Scan using sbtest5_pkey on sbtest5  (cost=0.43..8.45 rows=1 width=121)
	  Index Cond: (id = 8089763)

table 6 : explain SELECT c FROM sbtest6 WHERE id=5437843
	Index Scan using sbtest6_pkey on sbtest6  (cost=0.43..8.45 rows=1 width=121)
	  Index Cond: (id = 5437843)

table 7 : explain SELECT c FROM sbtest7 WHERE id=3868636
	Index Scan using sbtest7_pkey on sbtest7  (cost=0.43..8.45 rows=1 width=121)
	  Index Cond: (id = 3868636)

table 8 : explain SELECT c FROM sbtest8 WHERE id=9729156
	Index Scan using sbtest8_pkey on sbtest8  (cost=0.43..8.45 rows=1 width=121)
	  Index Cond: (id = 9729156)

for point_selects
table 1 : explain SELECT c FROM sbtest1 WHERE id=7772504
	Index Scan using sbtest1_pkey on sbtest1  (cost=0.43..8.45 rows=1 width=121)
	  Index Cond: (id = 7772504)

table 2 : explain SELECT c FROM sbtest2 WHERE id=6043387
	Index Scan using sbtest2_pkey on sbtest2  (cost=0.43..8.45 rows=1 width=121)
	  Index Cond: (id = 6043387)

table 3 : explain SELECT c FROM sbtest3 WHERE id=801512
	Index Scan using sbtest3_pkey on sbtest3  (cost=0.43..8.45 rows=1 width=121)
	  Index Cond: (id = 801512)

table 4 : explain SELECT c FROM sbtest4 WHERE id=2550353
	Index Scan using sbtest4_pkey on sbtest4  (cost=0.43..8.45 rows=1 width=121)
	  Index Cond: (id = 2550353)

table 5 : explain SELECT c FROM sbtest5 WHERE id=5855029
	Index Scan using sbtest5_pkey on sbtest5  (cost=0.43..8.45 rows=1 width=121)
	  Index Cond: (id = 5855029)

table 6 : explain SELECT c FROM sbtest6 WHERE id=8238735
	Index Scan using sbtest6_pkey on sbtest6  (cost=0.43..8.45 rows=1 width=121)
	  Index Cond: (id = 8238735)

table 7 : explain SELECT c FROM sbtest7 WHERE id=5303949
	Index Scan using sbtest7_pkey on sbtest7  (cost=0.43..8.45 rows=1 width=121)
	  Index Cond: (id = 5303949)

table 8 : explain SELECT c FROM sbtest8 WHERE id=4881495
	Index Scan using sbtest8_pkey on sbtest8  (cost=0.43..8.45 rows=1 width=121)
	  Index Cond: (id = 4881495)

for point_selects
table 1 : explain SELECT c FROM sbtest1 WHERE id=7769779
	Index Scan using sbtest1_pkey on sbtest1  (cost=0.43..8.45 rows=1 width=121)
	  Index Cond: (id = 7769779)

table 2 : explain SELECT c FROM sbtest2 WHERE id=1983555
	Index Scan using sbtest2_pkey on sbtest2  (cost=0.43..8.45 rows=1 width=121)
	  Index Cond: (id = 1983555)

table 3 : explain SELECT c FROM sbtest3 WHERE id=9964511
	Index Scan using sbtest3_pkey on sbtest3  (cost=0.43..8.45 rows=1 width=121)
	  Index Cond: (id = 9964511)

table 4 : explain SELECT c FROM sbtest4 WHERE id=6217463
	Index Scan using sbtest4_pkey on sbtest4  (cost=0.43..8.45 rows=1 width=121)
	  Index Cond: (id = 6217463)

table 5 : explain SELECT c FROM sbtest5 WHERE id=886374
	Index Scan using sbtest5_pkey on sbtest5  (cost=0.43..8.45 rows=1 width=121)
	  Index Cond: (id = 886374)

table 6 : explain SELECT c FROM sbtest6 WHERE id=3994921
	Index Scan using sbtest6_pkey on sbtest6  (cost=0.43..8.45 rows=1 width=121)
	  Index Cond: (id = 3994921)

table 7 : explain SELECT c FROM sbtest7 WHERE id=5231511
	Index Scan using sbtest7_pkey on sbtest7  (cost=0.43..8.45 rows=1 width=121)
	  Index Cond: (id = 5231511)

table 8 : explain SELECT c FROM sbtest8 WHERE id=9175424
	Index Scan using sbtest8_pkey on sbtest8  (cost=0.43..8.45 rows=1 width=121)
	  Index Cond: (id = 9175424)

for: distinct_ranges
table 1 : explain SELECT DISTINCT c FROM sbtest1 WHERE id BETWEEN 4431340 AND 4432339 ORDER BY c
	Unique  (cost=3557.04..3561.58 rows=908 width=121)
	  ->  Sort  (cost=3557.04..3559.31 rows=908 width=121)
	        Sort Key: c
	        ->  Bitmap Heap Scan on sbtest1  (cost=21.74..3512.42 rows=908 width=121)
	              Recheck Cond: ((id >= 4431340) AND (id <= 4432339))
	              ->  Bitmap Index Scan on sbtest1_pkey  (cost=0.00..21.51 rows=908 width=0)
	                    Index Cond: ((id >= 4431340) AND (id <= 4432339))

table 2 : explain SELECT DISTINCT c FROM sbtest2 WHERE id BETWEEN 8584808 AND 8585807 ORDER BY c
	Unique  (cost=3684.35..3689.06 rows=941 width=121)
	  ->  Sort  (cost=3684.35..3686.70 rows=941 width=121)
	        Sort Key: c
	        ->  Bitmap Heap Scan on sbtest2  (cost=22.08..3637.87 rows=941 width=121)
	              Recheck Cond: ((id >= 8584808) AND (id <= 8585807))
	              ->  Bitmap Index Scan on sbtest2_pkey  (cost=0.00..21.84 rows=941 width=0)
	                    Index Cond: ((id >= 8584808) AND (id <= 8585807))

table 3 : explain SELECT DISTINCT c FROM sbtest3 WHERE id BETWEEN 2455148 AND 2456147 ORDER BY c
	Unique  (cost=3959.87..3964.93 rows=1013 width=121)
	  ->  Sort  (cost=3959.87..3962.40 rows=1013 width=121)
	        Sort Key: c
	        ->  Bitmap Heap Scan on sbtest3  (cost=22.82..3909.30 rows=1013 width=121)
	              Recheck Cond: ((id >= 2455148) AND (id <= 2456147))
	              ->  Bitmap Index Scan on sbtest3_pkey  (cost=0.00..22.57 rows=1013 width=0)
	                    Index Cond: ((id >= 2455148) AND (id <= 2456147))

table 4 : explain SELECT DISTINCT c FROM sbtest4 WHERE id BETWEEN 4264908 AND 4265907 ORDER BY c
	Unique  (cost=3754.14..3758.93 rows=959 width=121)
	  ->  Sort  (cost=3754.14..3756.53 rows=959 width=121)
	        Sort Key: c
	        ->  Bitmap Heap Scan on sbtest4  (cost=22.26..3706.64 rows=959 width=121)
	              Recheck Cond: ((id >= 4264908) AND (id <= 4265907))
	              ->  Bitmap Index Scan on sbtest4_pkey  (cost=0.00..22.02 rows=959 width=0)
	                    Index Cond: ((id >= 4264908) AND (id <= 4265907))

table 5 : explain SELECT DISTINCT c FROM sbtest5 WHERE id BETWEEN 5683655 AND 5684654 ORDER BY c
	Unique  (cost=4060.15..4065.34 rows=1039 width=121)
	  ->  Sort  (cost=4060.15..4062.75 rows=1039 width=121)
	        Sort Key: c
	        ->  Bitmap Heap Scan on sbtest5  (cost=23.08..4008.09 rows=1039 width=121)
	              Recheck Cond: ((id >= 5683655) AND (id <= 5684654))
	              ->  Bitmap Index Scan on sbtest5_pkey  (cost=0.00..22.82 rows=1039 width=0)
	                    Index Cond: ((id >= 5683655) AND (id <= 5684654))

table 6 : explain SELECT DISTINCT c FROM sbtest6 WHERE id BETWEEN 2903934 AND 2904933 ORDER BY c
	Unique  (cost=3670.64..3675.33 rows=937 width=121)
	  ->  Sort  (cost=3670.64..3672.98 rows=937 width=121)
	        Sort Key: c
	        ->  Bitmap Heap Scan on sbtest6  (cost=22.04..3624.39 rows=937 width=121)
	              Recheck Cond: ((id >= 2903934) AND (id <= 2904933))
	              ->  Bitmap Index Scan on sbtest6_pkey  (cost=0.00..21.80 rows=937 width=0)
	                    Index Cond: ((id >= 2903934) AND (id <= 2904933))

table 7 : explain SELECT DISTINCT c FROM sbtest7 WHERE id BETWEEN 9415658 AND 9416657 ORDER BY c
	Unique  (cost=3881.18..3886.14 rows=992 width=121)
	  ->  Sort  (cost=3881.18..3883.66 rows=992 width=121)
	        Sort Key: c
	        ->  Bitmap Heap Scan on sbtest7  (cost=22.60..3831.81 rows=992 width=121)
	              Recheck Cond: ((id >= 9415658) AND (id <= 9416657))
	              ->  Bitmap Index Scan on sbtest7_pkey  (cost=0.00..22.36 rows=992 width=0)
	                    Index Cond: ((id >= 9415658) AND (id <= 9416657))

table 8 : explain SELECT DISTINCT c FROM sbtest8 WHERE id BETWEEN 3285855 AND 3286854 ORDER BY c
	Unique  (cost=3678.30..3682.99 rows=939 width=121)
	  ->  Sort  (cost=3678.30..3680.65 rows=939 width=121)
	        Sort Key: c
	        ->  Bitmap Heap Scan on sbtest8  (cost=22.06..3631.94 rows=939 width=121)
	              Recheck Cond: ((id >= 3285855) AND (id <= 3286854))
	              ->  Bitmap Index Scan on sbtest8_pkey  (cost=0.00..21.82 rows=939 width=0)
	                    Index Cond: ((id >= 3285855) AND (id <= 3286854))

for: distinct_ranges
table 1 : explain SELECT DISTINCT c FROM sbtest1 WHERE id BETWEEN 8354326 AND 8355325 ORDER BY c
	Unique  (cost=4172.35..4177.69 rows=1069 width=121)
	  ->  Sort  (cost=4172.35..4175.02 rows=1069 width=121)
	        Sort Key: c
	        ->  Bitmap Heap Scan on sbtest1  (cost=23.39..4118.57 rows=1069 width=121)
	              Recheck Cond: ((id >= 8354326) AND (id <= 8355325))
	              ->  Bitmap Index Scan on sbtest1_pkey  (cost=0.00..23.12 rows=1069 width=0)
	                    Index Cond: ((id >= 8354326) AND (id <= 8355325))

table 2 : explain SELECT DISTINCT c FROM sbtest2 WHERE id BETWEEN 9454213 AND 9455212 ORDER BY c
	Unique  (cost=4043.75..4048.92 rows=1035 width=121)
	  ->  Sort  (cost=4043.75..4046.33 rows=1035 width=121)
	        Sort Key: c
	        ->  Bitmap Heap Scan on sbtest2  (cost=23.04..3991.92 rows=1035 width=121)
	              Recheck Cond: ((id >= 9454213) AND (id <= 9455212))
	              ->  Bitmap Index Scan on sbtest2_pkey  (cost=0.00..22.79 rows=1035 width=0)
	                    Index Cond: ((id >= 9454213) AND (id <= 9455212))

table 3 : explain SELECT DISTINCT c FROM sbtest3 WHERE id BETWEEN 1497106 AND 1498105 ORDER BY c
	Unique  (cost=3634.68..3639.32 rows=928 width=121)
	  ->  Sort  (cost=3634.68..3637.00 rows=928 width=121)
	        Sort Key: c
	        ->  Bitmap Heap Scan on sbtest3  (cost=21.95..3588.94 rows=928 width=121)
	              Recheck Cond: ((id >= 1497106) AND (id <= 1498105))
	              ->  Bitmap Index Scan on sbtest3_pkey  (cost=0.00..21.71 rows=928 width=0)
	                    Index Cond: ((id >= 1497106) AND (id <= 1498105))

table 4 : explain SELECT DISTINCT c FROM sbtest4 WHERE id BETWEEN 6965094 AND 6966093 ORDER BY c
	Unique  (cost=3838.33..3843.23 rows=981 width=121)
	  ->  Sort  (cost=3838.33..3840.78 rows=981 width=121)
	        Sort Key: c
	        ->  Bitmap Heap Scan on sbtest4  (cost=22.49..3789.58 rows=981 width=121)
	              Recheck Cond: ((id >= 6965094) AND (id <= 6966093))
	              ->  Bitmap Index Scan on sbtest4_pkey  (cost=0.00..22.25 rows=981 width=0)
	                    Index Cond: ((id >= 6965094) AND (id <= 6966093))

table 5 : explain SELECT DISTINCT c FROM sbtest5 WHERE id BETWEEN 2566506 AND 2567505 ORDER BY c
	Unique  (cost=4090.70..4095.93 rows=1047 width=121)
	  ->  Sort  (cost=4090.70..4093.31 rows=1047 width=121)
	        Sort Key: c
	        ->  Bitmap Heap Scan on sbtest5  (cost=23.17..4038.18 rows=1047 width=121)
	              Recheck Cond: ((id >= 2566506) AND (id <= 2567505))
	              ->  Bitmap Index Scan on sbtest5_pkey  (cost=0.00..22.90 rows=1047 width=0)
	                    Index Cond: ((id >= 2566506) AND (id <= 2567505))

table 6 : explain SELECT DISTINCT c FROM sbtest6 WHERE id BETWEEN 2497278 AND 2498277 ORDER BY c
	Unique  (cost=3705.13..3709.86 rows=946 width=121)
	  ->  Sort  (cost=3705.13..3707.49 rows=946 width=121)
	        Sort Key: c
	        ->  Bitmap Heap Scan on sbtest6  (cost=22.13..3658.37 rows=946 width=121)
	              Recheck Cond: ((id >= 2497278) AND (id <= 2498277))
	              ->  Bitmap Index Scan on sbtest6_pkey  (cost=0.00..21.89 rows=946 width=0)
	                    Index Cond: ((id >= 2497278) AND (id <= 2498277))

table 7 : explain SELECT DISTINCT c FROM sbtest7 WHERE id BETWEEN 3287537 AND 3288536 ORDER BY c
	Unique  (cost=3693.59..3698.31 rows=943 width=121)
	  ->  Sort  (cost=3693.59..3695.95 rows=943 width=121)
	        Sort Key: c
	        ->  Bitmap Heap Scan on sbtest7  (cost=22.10..3647.00 rows=943 width=121)
	              Recheck Cond: ((id >= 3287537) AND (id <= 3288536))
	              ->  Bitmap Index Scan on sbtest7_pkey  (cost=0.00..21.86 rows=943 width=0)
	                    Index Cond: ((id >= 3287537) AND (id <= 3288536))

table 8 : explain SELECT DISTINCT c FROM sbtest8 WHERE id BETWEEN 6747921 AND 6748920 ORDER BY c
	Unique  (cost=3862.09..3867.03 rows=987 width=121)
	  ->  Sort  (cost=3862.09..3864.56 rows=987 width=121)
	        Sort Key: c
	        ->  Bitmap Heap Scan on sbtest8  (cost=22.55..3813.01 rows=987 width=121)
	              Recheck Cond: ((id >= 6747921) AND (id <= 6748920))
	              ->  Bitmap Index Scan on sbtest8_pkey  (cost=0.00..22.30 rows=987 width=0)
	                    Index Cond: ((id >= 6747921) AND (id <= 6748920))

explain: for point_selects :: explain SELECT c FROM sbtest%u WHERE id=%u
explain: for point_selects :: explain SELECT c FROM sbtest%u WHERE id=%u
for: simple_ranges
table 1 : explain SELECT c FROM sbtest1 WHERE id BETWEEN 8011843 AND 8012842
	Bitmap Heap Scan on sbtest1  (cost=22.67..3855.45 rows=999 width=121)
	  Recheck Cond: ((id >= 8011843) AND (id <= 8012842))
	  ->  Bitmap Index Scan on sbtest1_pkey  (cost=0.00..22.43 rows=999 width=0)
	        Index Cond: ((id >= 8011843) AND (id <= 8012842))

table 2 : explain SELECT c FROM sbtest2 WHERE id BETWEEN 2504901 AND 2505900
	Bitmap Heap Scan on sbtest2  (cost=22.12..3652.96 rows=945 width=121)
	  Recheck Cond: ((id >= 2504901) AND (id <= 2505900))
	  ->  Bitmap Index Scan on sbtest2_pkey  (cost=0.00..21.89 rows=945 width=0)
	        Index Cond: ((id >= 2504901) AND (id <= 2505900))

table 3 : explain SELECT c FROM sbtest3 WHERE id BETWEEN 3833158 AND 3834157
	Bitmap Heap Scan on sbtest3  (cost=23.17..4037.18 rows=1047 width=121)
	  Recheck Cond: ((id >= 3833158) AND (id <= 3834157))
	  ->  Bitmap Index Scan on sbtest3_pkey  (cost=0.00..22.90 rows=1047 width=0)
	        Index Cond: ((id >= 3833158) AND (id <= 3834157))

table 4 : explain SELECT c FROM sbtest4 WHERE id BETWEEN 6342467 AND 6343466
	Bitmap Heap Scan on sbtest4  (cost=27.70..4237.39 rows=1099 width=121)
	  Recheck Cond: ((id >= 6342467) AND (id <= 6343466))
	  ->  Bitmap Index Scan on sbtest4_pkey  (cost=0.00..27.43 rows=1099 width=0)
	        Index Cond: ((id >= 6342467) AND (id <= 6343466))

table 5 : explain SELECT c FROM sbtest5 WHERE id BETWEEN 7878183 AND 7879182
	Bitmap Heap Scan on sbtest5  (cost=23.38..4117.12 rows=1068 width=121)
	  Recheck Cond: ((id >= 7878183) AND (id <= 7879182))
	  ->  Bitmap Index Scan on sbtest5_pkey  (cost=0.00..23.11 rows=1068 width=0)
	        Index Cond: ((id >= 7878183) AND (id <= 7879182))

table 6 : explain SELECT c FROM sbtest6 WHERE id BETWEEN 1800362 AND 1801361
	Bitmap Heap Scan on sbtest6  (cost=22.21..3688.56 rows=954 width=121)
	  Recheck Cond: ((id >= 1800362) AND (id <= 1801361))
	  ->  Bitmap Index Scan on sbtest6_pkey  (cost=0.00..21.97 rows=954 width=0)
	        Index Cond: ((id >= 1800362) AND (id <= 1801361))

table 7 : explain SELECT c FROM sbtest7 WHERE id BETWEEN 2305427 AND 2306426
	Bitmap Heap Scan on sbtest7  (cost=22.31..3722.47 rows=963 width=121)
	  Recheck Cond: ((id >= 2305427) AND (id <= 2306426))
	  ->  Bitmap Index Scan on sbtest7_pkey  (cost=0.00..22.07 rows=963 width=0)
	        Index Cond: ((id >= 2305427) AND (id <= 2306426))

table 8 : explain SELECT c FROM sbtest8 WHERE id BETWEEN 854239 AND 855238
	Bitmap Heap Scan on sbtest8  (cost=22.90..3941.08 rows=1021 width=121)
	  Recheck Cond: ((id >= 854239) AND (id <= 855238))
	  ->  Bitmap Index Scan on sbtest8_pkey  (cost=0.00..22.64 rows=1021 width=0)
	        Index Cond: ((id >= 854239) AND (id <= 855238))

explain: for point_selects :: explain SELECT c FROM sbtest%u WHERE id=%uexplain: for point_selects :: explain SELECT c FROM sbtest%u WHERE id=%u

for: simple_ranges
table 1 : explain SELECT c FROM sbtest1 WHERE id BETWEEN 6233842 AND 6234841
	Bitmap Heap Scan on sbtest1  (cost=22.09..3640.72 rows=942 width=121)
	  Recheck Cond: ((id >= 6233842) AND (id <= 6234841))
	  ->  Bitmap Index Scan on sbtest1_pkey  (cost=0.00..21.86 rows=942 width=0)
	        Index Cond: ((id >= 6233842) AND (id <= 6234841))

table 2 : explain SELECT c FROM sbtest2 WHERE id BETWEEN 7597731 AND 7598730
	Bitmap Heap Scan on sbtest2  (cost=27.76..4255.10 rows=1105 width=121)
	  Recheck Cond: ((id >= 7597731) AND (id <= 7598730))
	  ->  Bitmap Index Scan on sbtest2_pkey  (cost=0.00..27.48 rows=1105 width=0)
	        Index Cond: ((id >= 7597731) AND (id <= 7598730))

table 3 : explain SELECT c FROM sbtest3 WHERE id BETWEEN 6489320 AND 6490319
	Bitmap Heap Scan on sbtest3  (cost=22.44..3769.97 rows=976 width=121)
	  Recheck Cond: ((id >= 6489320) AND (id <= 6490319))
	  ->  Bitmap Index Scan on sbtest3_pkey  (cost=0.00..22.19 rows=976 width=0)
	        Index Cond: ((id >= 6489320) AND (id <= 6490319))

table 4 : explain SELECT c FROM sbtest4 WHERE id BETWEEN 9657602 AND 9658601
	Bitmap Heap Scan on sbtest4  (cost=22.76..3887.52 rows=1007 width=121)
	  Recheck Cond: ((id >= 9657602) AND (id <= 9658601))
	  ->  Bitmap Index Scan on sbtest4_pkey  (cost=0.00..22.50 rows=1007 width=0)
	        Index Cond: ((id >= 9657602) AND (id <= 9658601))

table 5 : explain SELECT c FROM sbtest5 WHERE id BETWEEN 4980137 AND 4981136
	Bitmap Heap Scan on sbtest5  (cost=22.70..3865.07 rows=1001 width=121)
	  Recheck Cond: ((id >= 4980137) AND (id <= 4981136))
	  ->  Bitmap Index Scan on sbtest5_pkey  (cost=0.00..22.44 rows=1001 width=0)
	        Index Cond: ((id >= 4980137) AND (id <= 4981136))

table 6 : explain SELECT c FROM sbtest6 WHERE id BETWEEN 8415987 AND 8416986
	Bitmap Heap Scan on sbtest6  (cost=27.88..4302.20 rows=1117 width=121)
	  Recheck Cond: ((id >= 8415987) AND (id <= 8416986))
	  ->  Bitmap Index Scan on sbtest6_pkey  (cost=0.00..27.61 rows=1117 width=0)
	        Index Cond: ((id >= 8415987) AND (id <= 8416986))

table 7 : explain SELECT c FROM sbtest7 WHERE id BETWEEN 613757 AND 614756
	Bitmap Heap Scan on sbtest7  (cost=22.96..3963.63 rows=1027 width=121)
	  Recheck Cond: ((id >= 613757) AND (id <= 614756))
	  ->  Bitmap Index Scan on sbtest7_pkey  (cost=0.00..22.70 rows=1027 width=0)
	        Index Cond: ((id >= 613757) AND (id <= 614756))

table 8 : explain SELECT c FROM sbtest8 WHERE id BETWEEN 5072766 AND 5073765
	Bitmap Heap Scan on sbtest8  (cost=22.70..3865.76 rows=1001 width=121)
	  Recheck Cond: ((id >= 5072766) AND (id <= 5073765))
	  ->  Bitmap Index Scan on sbtest8_pkey  (cost=0.00..22.44 rows=1001 width=0)
	        Index Cond: ((id >= 5072766) AND (id <= 5073765))

for: sum_ranges
table 1 : explain SELECT SUM(k) FROM sbtest1 WHERE id BETWEEN 6679929 AND 6680928
	Aggregate  (cost=4113.73..4113.74 rows=1 width=8)
	  ->  Bitmap Heap Scan on sbtest1  (cost=23.37..4111.06 rows=1067 width=4)
	        Recheck Cond: ((id >= 6679929) AND (id <= 6680928))
	        ->  Bitmap Index Scan on sbtest1_pkey  (cost=0.00..23.11 rows=1067 width=0)
	              Index Cond: ((id >= 6679929) AND (id <= 6680928))

table 2 : explain SELECT SUM(k) FROM sbtest2 WHERE id BETWEEN 4008200 AND 4009199
	Aggregate  (cost=3881.56..3881.57 rows=1 width=8)
	  ->  Bitmap Heap Scan on sbtest2  (cost=22.74..3879.05 rows=1005 width=4)
	        Recheck Cond: ((id >= 4008200) AND (id <= 4009199))
	        ->  Bitmap Index Scan on sbtest2_pkey  (cost=0.00..22.48 rows=1005 width=0)
	              Index Cond: ((id >= 4008200) AND (id <= 4009199))

table 3 : explain SELECT SUM(k) FROM sbtest3 WHERE id BETWEEN 714623 AND 715622
	Aggregate  (cost=3802.57..3802.58 rows=1 width=8)
	  ->  Bitmap Heap Scan on sbtest3  (cost=22.52..3800.11 rows=984 width=4)
	        Recheck Cond: ((id >= 714623) AND (id <= 715622))
	        ->  Bitmap Index Scan on sbtest3_pkey  (cost=0.00..22.27 rows=984 width=0)
	              Index Cond: ((id >= 714623) AND (id <= 715622))

table 4 : explain SELECT SUM(k) FROM sbtest4 WHERE id BETWEEN 6722308 AND 6723307
	Aggregate  (cost=3776.95..3776.96 rows=1 width=8)
	  ->  Bitmap Heap Scan on sbtest4  (cost=22.45..3774.51 rows=977 width=4)
	        Recheck Cond: ((id >= 6722308) AND (id <= 6723307))
	        ->  Bitmap Index Scan on sbtest4_pkey  (cost=0.00..22.20 rows=977 width=0)
	              Index Cond: ((id >= 6722308) AND (id <= 6723307))

table 5 : explain SELECT SUM(k) FROM sbtest5 WHERE id BETWEEN 2898617 AND 2899616
	Aggregate  (cost=3542.97..3542.98 rows=1 width=8)
	  ->  Bitmap Heap Scan on sbtest5  (cost=21.81..3540.68 rows=915 width=4)
	        Recheck Cond: ((id >= 2898617) AND (id <= 2899616))
	        ->  Bitmap Index Scan on sbtest5_pkey  (cost=0.00..21.58 rows=915 width=0)
	              Index Cond: ((id >= 2898617) AND (id <= 2899616))

table 6 : explain SELECT SUM(k) FROM sbtest6 WHERE id BETWEEN 3242322 AND 3243321
	Aggregate  (cost=3384.65..3384.66 rows=1 width=8)
	  ->  Bitmap Heap Scan on sbtest6  (cost=21.38..3382.47 rows=873 width=4)
	        Recheck Cond: ((id >= 3242322) AND (id <= 3243321))
	        ->  Bitmap Index Scan on sbtest6_pkey  (cost=0.00..21.16 rows=873 width=0)
	              Index Cond: ((id >= 3242322) AND (id <= 3243321))

table 7 : explain SELECT SUM(k) FROM sbtest7 WHERE id BETWEEN 9337815 AND 9338814
	Aggregate  (cost=4101.70..4101.71 rows=1 width=8)
	  ->  Bitmap Heap Scan on sbtest7  (cost=23.33..4099.05 rows=1063 width=4)
	        Recheck Cond: ((id >= 9337815) AND (id <= 9338814))
	        ->  Bitmap Index Scan on sbtest7_pkey  (cost=0.00..23.07 rows=1063 width=0)
	              Index Cond: ((id >= 9337815) AND (id <= 9338814))

table 8 : explain SELECT SUM(k) FROM sbtest8 WHERE id BETWEEN 4928077 AND 4929076
	Aggregate  (cost=3743.79..3743.80 rows=1 width=8)
	  ->  Bitmap Heap Scan on sbtest8  (cost=22.36..3741.37 rows=968 width=4)
	        Recheck Cond: ((id >= 4928077) AND (id <= 4929076))
	        ->  Bitmap Index Scan on sbtest8_pkey  (cost=0.00..22.11 rows=968 width=0)
	              Index Cond: ((id >= 4928077) AND (id <= 4929076))

for: order_ranges
table 1 : explain SELECT c FROM sbtest1 WHERE id BETWEEN 7755785 AND 7756784 ORDER BY c
	Sort  (cost=3580.03..3582.31 rows=914 width=121)
	  Sort Key: c
	  ->  Bitmap Heap Scan on sbtest1  (cost=21.80..3535.08 rows=914 width=121)
	        Recheck Cond: ((id >= 7755785) AND (id <= 7756784))
	        ->  Bitmap Index Scan on sbtest1_pkey  (cost=0.00..21.57 rows=914 width=0)
	              Index Cond: ((id >= 7755785) AND (id <= 7756784))

table 2 : explain SELECT c FROM sbtest2 WHERE id BETWEEN 133215 AND 134214 ORDER BY c
	Sort  (cost=3787.69..3790.11 rows=968 width=121)
	  Sort Key: c
	  ->  Bitmap Heap Scan on sbtest2  (cost=22.36..3739.69 rows=968 width=121)
	        Recheck Cond: ((id >= 133215) AND (id <= 134214))
	        ->  Bitmap Index Scan on sbtest2_pkey  (cost=0.00..22.11 rows=968 width=0)
	              Index Cond: ((id >= 133215) AND (id <= 134214))

table 3 : explain SELECT c FROM sbtest3 WHERE id BETWEEN 9701403 AND 9702402 ORDER BY c
	Sort  (cost=3906.37..3908.87 rows=999 width=121)
	  Sort Key: c
	  ->  Bitmap Heap Scan on sbtest3  (cost=22.67..3856.60 rows=999 width=121)
	        Recheck Cond: ((id >= 9701403) AND (id <= 9702402))
	        ->  Bitmap Index Scan on sbtest3_pkey  (cost=0.00..22.43 rows=999 width=0)
	              Index Cond: ((id >= 9701403) AND (id <= 9702402))

table 4 : explain SELECT c FROM sbtest4 WHERE id BETWEEN 4606054 AND 4607053 ORDER BY c
	Sort  (cost=3907.17..3909.67 rows=999 width=121)
	  Sort Key: c
	  ->  Bitmap Heap Scan on sbtest4  (cost=22.67..3857.40 rows=999 width=121)
	        Recheck Cond: ((id >= 4606054) AND (id <= 4607053))
	        ->  Bitmap Index Scan on sbtest4_pkey  (cost=0.00..22.43 rows=999 width=0)
	              Index Cond: ((id >= 4606054) AND (id <= 4607053))

table 5 : explain SELECT c FROM sbtest5 WHERE id BETWEEN 6964510 AND 6965509 ORDER BY c
	Sort  (cost=3884.36..3886.84 rows=993 width=121)
	  Sort Key: c
	  ->  Bitmap Heap Scan on sbtest5  (cost=22.61..3834.93 rows=993 width=121)
	        Recheck Cond: ((id >= 6964510) AND (id <= 6965509))
	        ->  Bitmap Index Scan on sbtest5_pkey  (cost=0.00..22.36 rows=993 width=0)
	              Index Cond: ((id >= 6964510) AND (id <= 6965509))

table 6 : explain SELECT c FROM sbtest6 WHERE id BETWEEN 5518666 AND 5519665 ORDER BY c
	Sort  (cost=3869.75..3872.23 rows=989 width=121)
	  Sort Key: c
	  ->  Bitmap Heap Scan on sbtest6  (cost=22.57..3820.55 rows=989 width=121)
	        Recheck Cond: ((id >= 5518666) AND (id <= 5519665))
	        ->  Bitmap Index Scan on sbtest6_pkey  (cost=0.00..22.32 rows=989 width=0)
	              Index Cond: ((id >= 5518666) AND (id <= 5519665))

table 7 : explain SELECT c FROM sbtest7 WHERE id BETWEEN 4200589 AND 4201588 ORDER BY c
	Sort  (cost=3701.25..3703.62 rows=945 width=121)
	  Sort Key: c
	  ->  Bitmap Heap Scan on sbtest7  (cost=22.12..3654.55 rows=945 width=121)
	        Recheck Cond: ((id >= 4200589) AND (id <= 4201588))
	        ->  Bitmap Index Scan on sbtest7_pkey  (cost=0.00..21.89 rows=945 width=0)
	              Index Cond: ((id >= 4200589) AND (id <= 4201588))

table 8 : explain SELECT c FROM sbtest8 WHERE id BETWEEN 368045 AND 369044 ORDER BY c
	Sort  (cost=4305.30..4308.05 rows=1102 width=121)
	  Sort Key: c
	  ->  Bitmap Heap Scan on sbtest8  (cost=27.73..4249.61 rows=1102 width=121)
	        Recheck Cond: ((id >= 368045) AND (id <= 369044))
	        ->  Bitmap Index Scan on sbtest8_pkey  (cost=0.00..27.45 rows=1102 width=0)
	              Index Cond: ((id >= 368045) AND (id <= 369044))

for: simple_ranges
table 1 : explain SELECT c FROM sbtest1 WHERE id BETWEEN 5288552 AND 5289551
	Bitmap Heap Scan on sbtest1  (cost=21.90..3569.04 rows=923 width=121)
	  Recheck Cond: ((id >= 5288552) AND (id <= 5289551))
	  ->  Bitmap Index Scan on sbtest1_pkey  (cost=0.00..21.66 rows=923 width=0)
	        Index Cond: ((id >= 5288552) AND (id <= 5289551))

table 2 : explain SELECT c FROM sbtest2 WHERE id BETWEEN 3588588 AND 3589587
	Bitmap Heap Scan on sbtest2  (cost=22.01..3611.46 rows=934 width=121)
	  Recheck Cond: ((id >= 3588588) AND (id <= 3589587))
	  ->  Bitmap Index Scan on sbtest2_pkey  (cost=0.00..21.77 rows=934 width=0)
	        Index Cond: ((id >= 3588588) AND (id <= 3589587))

table 3 : explain SELECT c FROM sbtest3 WHERE id BETWEEN 6058852 AND 6059851
	Bitmap Heap Scan on sbtest3  (cost=23.02..3984.54 rows=1033 width=121)
	  Recheck Cond: ((id >= 6058852) AND (id <= 6059851))
	  ->  Bitmap Index Scan on sbtest3_pkey  (cost=0.00..22.76 rows=1033 width=0)
	        Index Cond: ((id >= 6058852) AND (id <= 6059851))

table 4 : explain SELECT c FROM sbtest4 WHERE id BETWEEN 4327259 AND 4328258
	Bitmap Heap Scan on sbtest4  (cost=22.26..3706.64 rows=959 width=121)
	  Recheck Cond: ((id >= 4327259) AND (id <= 4328258))
	  ->  Bitmap Index Scan on sbtest4_pkey  (cost=0.00..22.02 rows=959 width=0)
	        Index Cond: ((id >= 4327259) AND (id <= 4328258))

table 5 : explain SELECT c FROM sbtest5 WHERE id BETWEEN 5026118 AND 5027117
	Bitmap Heap Scan on sbtest5  (cost=23.14..4026.90 rows=1044 width=121)
	  Recheck Cond: ((id >= 5026118) AND (id <= 5027117))
	  ->  Bitmap Index Scan on sbtest5_pkey  (cost=0.00..22.87 rows=1044 width=0)
	        Index Cond: ((id >= 5026118) AND (id <= 5027117))

table 6 : explain SELECT c FROM sbtest6 WHERE id BETWEEN 599081 AND 600080
	Bitmap Heap Scan on sbtest6  (cost=22.43..3767.77 rows=975 width=121)
	  Recheck Cond: ((id >= 599081) AND (id <= 600080))
	  ->  Bitmap Index Scan on sbtest6_pkey  (cost=0.00..22.18 rows=975 width=0)
	        Index Cond: ((id >= 599081) AND (id <= 600080))

table 7 : explain SELECT c FROM sbtest7 WHERE id BETWEEN 6471087 AND 6472086
	Bitmap Heap Scan on sbtest7  (cost=23.13..4023.83 rows=1043 width=121)
	  Recheck Cond: ((id >= 6471087) AND (id <= 6472086))
	  ->  Bitmap Index Scan on sbtest7_pkey  (cost=0.00..22.86 rows=1043 width=0)
	        Index Cond: ((id >= 6471087) AND (id <= 6472086))

table 8 : explain SELECT c FROM sbtest8 WHERE id BETWEEN 2614200 AND 2615199
	Bitmap Heap Scan on sbtest8  (cost=22.11..3650.81 rows=944 width=121)
	  Recheck Cond: ((id >= 2614200) AND (id <= 2615199))
	  ->  Bitmap Index Scan on sbtest8_pkey  (cost=0.00..21.87 rows=944 width=0)
	        Index Cond: ((id >= 2614200) AND (id <= 2615199))

explain: for point_selects :: explain SELECT c FROM sbtest%u WHERE id=%u
for: sum_ranges
table 1 : explain SELECT SUM(k) FROM sbtest1 WHERE id BETWEEN 9640789 AND 9641788
	Aggregate  (cost=3499.58..3499.59 rows=1 width=8)
	  ->  Bitmap Heap Scan on sbtest1  (cost=21.70..3497.32 rows=904 width=4)
	        Recheck Cond: ((id >= 9640789) AND (id <= 9641788))
	        ->  Bitmap Index Scan on sbtest1_pkey  (cost=0.00..21.47 rows=904 width=0)
	              Index Cond: ((id >= 9640789) AND (id <= 9641788))

table 2 : explain SELECT SUM(k) FROM sbtest2 WHERE id BETWEEN 5372545 AND 5373544
	Aggregate  (cost=3907.93..3907.94 rows=1 width=8)
	  ->  Bitmap Heap Scan on sbtest2  (cost=22.81..3905.40 rows=1012 width=4)
	        Recheck Cond: ((id >= 5372545) AND (id <= 5373544))
	        ->  Bitmap Index Scan on sbtest2_pkey  (cost=0.00..22.55 rows=1012 width=0)
	              Index Cond: ((id >= 5372545) AND (id <= 5373544))

table 3 : explain SELECT SUM(k) FROM sbtest3 WHERE id BETWEEN 3798480 AND 3799479
	Aggregate  (cost=4017.22..4017.23 rows=1 width=8)
	  ->  Bitmap Heap Scan on sbtest3  (cost=23.11..4014.62 rows=1041 width=4)
	        Recheck Cond: ((id >= 3798480) AND (id <= 3799479))
	        ->  Bitmap Index Scan on sbtest3_pkey  (cost=0.00..22.84 rows=1041 width=0)
	              Index Cond: ((id >= 3798480) AND (id <= 3799479))

table 4 : explain SELECT SUM(k) FROM sbtest4 WHERE id BETWEEN 1767359 AND 1768358
	Aggregate  (cost=3429.39..3429.40 rows=1 width=8)
	  ->  Bitmap Heap Scan on sbtest4  (cost=21.51..3427.17 rows=885 width=4)
	        Recheck Cond: ((id >= 1767359) AND (id <= 1768358))
	        ->  Bitmap Index Scan on sbtest4_pkey  (cost=0.00..21.29 rows=885 width=0)
	              Index Cond: ((id >= 1767359) AND (id <= 1768358))

table 5 : explain SELECT SUM(k) FROM sbtest5 WHERE id BETWEEN 2719712 AND 2720711
	Aggregate  (cost=3807.25..3807.26 rows=1 width=8)
	  ->  Bitmap Heap Scan on sbtest5  (cost=22.53..3804.79 rows=985 width=4)
	        Recheck Cond: ((id >= 2719712) AND (id <= 2720711))
	        ->  Bitmap Index Scan on sbtest5_pkey  (cost=0.00..22.29 rows=985 width=0)
	              Index Cond: ((id >= 2719712) AND (id <= 2720711))

table 6 : explain SELECT SUM(k) FROM sbtest6 WHERE id BETWEEN 65283 AND 66282
	Aggregate  (cost=3973.78..3973.79 rows=1 width=8)
	  ->  Bitmap Heap Scan on sbtest6  (cost=22.98..3971.20 rows=1029 width=4)
	        Recheck Cond: ((id >= 65283) AND (id <= 66282))
	        ->  Bitmap Index Scan on sbtest6_pkey  (cost=0.00..22.72 rows=1029 width=0)
	              Index Cond: ((id >= 65283) AND (id <= 66282))

table 7 : explain SELECT SUM(k) FROM sbtest7 WHERE id BETWEEN 6422582 AND 6423581
	Aggregate  (cost=4026.44..4026.45 rows=1 width=8)
	  ->  Bitmap Heap Scan on sbtest7  (cost=23.13..4023.83 rows=1043 width=4)
	        Recheck Cond: ((id >= 6422582) AND (id <= 6423581))
	        ->  Bitmap Index Scan on sbtest7_pkey  (cost=0.00..22.86 rows=1043 width=0)
	              Index Cond: ((id >= 6422582) AND (id <= 6423581))

table 8 : explain SELECT SUM(k) FROM sbtest8 WHERE id BETWEEN 1058436 AND 1059435
	Aggregate  (cost=3600.28..3600.29 rows=1 width=8)
	  ->  Bitmap Heap Scan on sbtest8  (cost=21.97..3597.95 rows=930 width=4)
	        Recheck Cond: ((id >= 1058436) AND (id <= 1059435))
	        ->  Bitmap Index Scan on sbtest8_pkey  (cost=0.00..21.73 rows=930 width=0)
	              Index Cond: ((id >= 1058436) AND (id <= 1059435))

for: simple_ranges
table 1 : explain SELECT c FROM sbtest1 WHERE id BETWEEN 910306 AND 911305
	Bitmap Heap Scan on sbtest1  (cost=22.38..3746.25 rows=970 width=121)
	  Recheck Cond: ((id >= 910306) AND (id <= 911305))
	  ->  Bitmap Index Scan on sbtest1_pkey  (cost=0.00..22.14 rows=970 width=0)
	        Index Cond: ((id >= 910306) AND (id <= 911305))

table 2 : explain SELECT c FROM sbtest2 WHERE id BETWEEN 3626476 AND 3627475
	Bitmap Heap Scan on sbtest2  (cost=22.01..3611.46 rows=934 width=121)
	  Recheck Cond: ((id >= 3626476) AND (id <= 3627475))
	  ->  Bitmap Index Scan on sbtest2_pkey  (cost=0.00..21.77 rows=934 width=0)
	        Index Cond: ((id >= 3626476) AND (id <= 3627475))

table 3 : explain SELECT c FROM sbtest3 WHERE id BETWEEN 6612032 AND 6613031
	Bitmap Heap Scan on sbtest3  (cost=22.89..3935.64 rows=1020 width=121)
	  Recheck Cond: ((id >= 6612032) AND (id <= 6613031))
	  ->  Bitmap Index Scan on sbtest3_pkey  (cost=0.00..22.64 rows=1020 width=0)
	        Index Cond: ((id >= 6612032) AND (id <= 6613031))

table 4 : explain SELECT c FROM sbtest4 WHERE id BETWEEN 8153161 AND 8154160
	Bitmap Heap Scan on sbtest4  (cost=22.13..3657.60 rows=946 width=121)
	  Recheck Cond: ((id >= 8153161) AND (id <= 8154160))
	  ->  Bitmap Index Scan on sbtest4_pkey  (cost=0.00..21.89 rows=946 width=0)
	        Index Cond: ((id >= 8153161) AND (id <= 8154160))

table 5 : explain SELECT c FROM sbtest5 WHERE id BETWEEN 5163425 AND 5164424
	Bitmap Heap Scan on sbtest5  (cost=23.33..4098.33 rows=1063 width=121)
	  Recheck Cond: ((id >= 5163425) AND (id <= 5164424))
	  ->  Bitmap Index Scan on sbtest5_pkey  (cost=0.00..23.07 rows=1063 width=0)
	        Index Cond: ((id >= 5163425) AND (id <= 5164424))

table 6 : explain SELECT c FROM sbtest6 WHERE id BETWEEN 3872728 AND 3873727
	Bitmap Heap Scan on sbtest6  (cost=22.31..3722.52 rows=963 width=121)
	  Recheck Cond: ((id >= 3872728) AND (id <= 3873727))
	  ->  Bitmap Index Scan on sbtest6_pkey  (cost=0.00..22.07 rows=963 width=0)
	        Index Cond: ((id >= 3872728) AND (id <= 3873727))

table 7 : explain SELECT c FROM sbtest7 WHERE id BETWEEN 3952156 AND 3953155
	Bitmap Heap Scan on sbtest7  (cost=21.96..3594.14 rows=929 width=121)
	  Recheck Cond: ((id >= 3952156) AND (id <= 3953155))
	  ->  Bitmap Index Scan on sbtest7_pkey  (cost=0.00..21.72 rows=929 width=0)
	        Index Cond: ((id >= 3952156) AND (id <= 3953155))

table 8 : explain SELECT c FROM sbtest8 WHERE id BETWEEN 843003 AND 844002
	Bitmap Heap Scan on sbtest8  (cost=22.90..3941.08 rows=1021 width=121)
	  Recheck Cond: ((id >= 843003) AND (id <= 844002))
	  ->  Bitmap Index Scan on sbtest8_pkey  (cost=0.00..22.64 rows=1021 width=0)
	        Index Cond: ((id >= 843003) AND (id <= 844002))

for: sum_ranges
table 1 : explain SELECT SUM(k) FROM sbtest1 WHERE id BETWEEN 4277032 AND 4278031
	Aggregate  (cost=3955.81..3955.82 rows=1 width=8)
	  ->  Bitmap Heap Scan on sbtest1  (cost=22.94..3953.25 rows=1025 width=4)
	        Recheck Cond: ((id >= 4277032) AND (id <= 4278031))
	        ->  Bitmap Index Scan on sbtest1_pkey  (cost=0.00..22.68 rows=1025 width=0)
	              Index Cond: ((id >= 4277032) AND (id <= 4278031))

table 2 : explain SELECT SUM(k) FROM sbtest2 WHERE id BETWEEN 7250920 AND 7251919
	Aggregate  (cost=3625.13..3625.14 rows=1 width=8)
	  ->  Bitmap Heap Scan on sbtest2  (cost=22.04..3622.78 rows=937 width=4)
	        Recheck Cond: ((id >= 7250920) AND (id <= 7251919))
	        ->  Bitmap Index Scan on sbtest2_pkey  (cost=0.00..21.80 rows=937 width=0)
	              Index Cond: ((id >= 7250920) AND (id <= 7251919))

table 3 : explain SELECT SUM(k) FROM sbtest3 WHERE id BETWEEN 9699877 AND 9700876
	Aggregate  (cost=3859.10..3859.11 rows=1 width=8)
	  ->  Bitmap Heap Scan on sbtest3  (cost=22.67..3856.60 rows=999 width=4)
	        Recheck Cond: ((id >= 9699877) AND (id <= 9700876))
	        ->  Bitmap Index Scan on sbtest3_pkey  (cost=0.00..22.43 rows=999 width=0)
	              Index Cond: ((id >= 9699877) AND (id <= 9700876))

table 4 : explain SELECT SUM(k) FROM sbtest4 WHERE id BETWEEN 9167048 AND 9168047
	Aggregate  (cost=3765.63..3765.64 rows=1 width=8)
	  ->  Bitmap Heap Scan on sbtest4  (cost=22.42..3763.20 rows=974 width=4)
	        Recheck Cond: ((id >= 9167048) AND (id <= 9168047))
	        ->  Bitmap Index Scan on sbtest4_pkey  (cost=0.00..22.18 rows=974 width=0)
	              Index Cond: ((id >= 9167048) AND (id <= 9168047))

table 5 : explain SELECT SUM(k) FROM sbtest5 WHERE id BETWEEN 5530152 AND 5531151
	Aggregate  (cost=3841.18..3841.19 rows=1 width=8)
	  ->  Bitmap Heap Scan on sbtest5  (cost=22.62..3838.70 rows=994 width=4)
	        Recheck Cond: ((id >= 5530152) AND (id <= 5531151))
	        ->  Bitmap Index Scan on sbtest5_pkey  (cost=0.00..22.37 rows=994 width=0)
	              Index Cond: ((id >= 5530152) AND (id <= 5531151))

table 6 : explain SELECT SUM(k) FROM sbtest6 WHERE id BETWEEN 1891135 AND 1892134
	Aggregate  (cost=3483.07..3483.08 rows=1 width=8)
	  ->  Bitmap Heap Scan on sbtest6  (cost=21.65..3480.82 rows=899 width=4)
	        Recheck Cond: ((id >= 1891135) AND (id <= 1892134))
	        ->  Bitmap Index Scan on sbtest6_pkey  (cost=0.00..21.43 rows=899 width=0)
	              Index Cond: ((id >= 1891135) AND (id <= 1892134))

table 7 : explain SELECT SUM(k) FROM sbtest7 WHERE id BETWEEN 1718911 AND 1719910
	Aggregate  (cost=3445.19..3445.20 rows=1 width=8)
	  ->  Bitmap Heap Scan on sbtest7  (cost=21.55..3442.96 rows=889 width=4)
	        Recheck Cond: ((id >= 1718911) AND (id <= 1719910))
	        ->  Bitmap Index Scan on sbtest7_pkey  (cost=0.00..21.32 rows=889 width=0)
	              Index Cond: ((id >= 1718911) AND (id <= 1719910))

table 8 : explain SELECT SUM(k) FROM sbtest8 WHERE id BETWEEN 6193481 AND 6194480
	Aggregate  (cost=4196.00..4196.01 rows=1 width=8)
	  ->  Bitmap Heap Scan on sbtest8  (cost=27.58..4193.28 rows=1087 width=4)
	        Recheck Cond: ((id >= 6193481) AND (id <= 6194480))
	        ->  Bitmap Index Scan on sbtest8_pkey  (cost=0.00..27.30 rows=1087 width=0)
	              Index Cond: ((id >= 6193481) AND (id <= 6194480))

for: simple_ranges
table 1 : explain SELECT c FROM sbtest1 WHERE id BETWEEN 3195935 AND 3196934
	Bitmap Heap Scan on sbtest1  (cost=21.94..3584.14 rows=927 width=121)
	  Recheck Cond: ((id >= 3195935) AND (id <= 3196934))
	  ->  Bitmap Index Scan on sbtest1_pkey  (cost=0.00..21.70 rows=927 width=0)
	        Index Cond: ((id >= 3195935) AND (id <= 3196934))

table 2 : explain SELECT c FROM sbtest2 WHERE id BETWEEN 5668667 AND 5669666
	Bitmap Heap Scan on sbtest2  (cost=22.40..3754.76 rows=972 width=121)
	  Recheck Cond: ((id >= 5668667) AND (id <= 5669666))
	  ->  Bitmap Index Scan on sbtest2_pkey  (cost=0.00..22.15 rows=972 width=0)
	        Index Cond: ((id >= 5668667) AND (id <= 5669666))

table 3 : explain SELECT c FROM sbtest3 WHERE id BETWEEN 8277278 AND 8278277
	Bitmap Heap Scan on sbtest3  (cost=27.90..4307.77 rows=1119 width=121)
	  Recheck Cond: ((id >= 8277278) AND (id <= 8278277))
	  ->  Bitmap Index Scan on sbtest3_pkey  (cost=0.00..27.62 rows=1119 width=0)
	        Index Cond: ((id >= 8277278) AND (id <= 8278277))

table 4 : explain SELECT c FROM sbtest4 WHERE id BETWEEN 2472948 AND 2473947
	Bitmap Heap Scan on sbtest4  (cost=23.18..4041.79 rows=1048 width=121)
	  Recheck Cond: ((id >= 2472948) AND (id <= 2473947))
	  ->  Bitmap Index Scan on sbtest4_pkey  (cost=0.00..22.91 rows=1048 width=0)
	        Index Cond: ((id >= 2472948) AND (id <= 2473947))

table 5 : explain SELECT c FROM sbtest5 WHERE id BETWEEN 9398658 AND 9399657
	Bitmap Heap Scan on sbtest5  (cost=22.12..3653.95 rows=945 width=121)
	  Recheck Cond: ((id >= 9398658) AND (id <= 9399657))
	  ->  Bitmap Index Scan on sbtest5_pkey  (cost=0.00..21.89 rows=945 width=0)
	        Index Cond: ((id >= 9398658) AND (id <= 9399657))

table 6 : explain SELECT c FROM sbtest6 WHERE id BETWEEN 8240409 AND 8241408
	Bitmap Heap Scan on sbtest6  (cost=22.23..3696.11 rows=956 width=121)
	  Recheck Cond: ((id >= 8240409) AND (id <= 8241408))
	  ->  Bitmap Index Scan on sbtest6_pkey  (cost=0.00..22.00 rows=956 width=0)
	        Index Cond: ((id >= 8240409) AND (id <= 8241408))

table 7 : explain SELECT c FROM sbtest7 WHERE id BETWEEN 3639518 AND 3640517
	Bitmap Heap Scan on sbtest7  (cost=23.22..4057.69 rows=1052 width=121)
	  Recheck Cond: ((id >= 3639518) AND (id <= 3640517))
	  ->  Bitmap Index Scan on sbtest7_pkey  (cost=0.00..22.95 rows=1052 width=0)
	        Index Cond: ((id >= 3639518) AND (id <= 3640517))

table 8 : explain SELECT c FROM sbtest8 WHERE id BETWEEN 9392982 AND 9393981
	Bitmap Heap Scan on sbtest8  (cost=22.51..3797.93 rows=983 width=121)
	  Recheck Cond: ((id >= 9392982) AND (id <= 9393981))
	  ->  Bitmap Index Scan on sbtest8_pkey  (cost=0.00..22.26 rows=983 width=0)
	        Index Cond: ((id >= 9392982) AND (id <= 9393981))

for point_selects
table 1 : explain SELECT c FROM sbtest1 WHERE id=7320804
	Index Scan using sbtest1_pkey on sbtest1  (cost=0.43..8.45 rows=1 width=121)
	  Index Cond: (id = 7320804)

table 2 : explain SELECT c FROM sbtest2 WHERE id=4335358
	Index Scan using sbtest2_pkey on sbtest2  (cost=0.43..8.45 rows=1 width=121)
	  Index Cond: (id = 4335358)

table 3 : explain SELECT c FROM sbtest3 WHERE id=825934
	Index Scan using sbtest3_pkey on sbtest3  (cost=0.43..8.45 rows=1 width=121)
	  Index Cond: (id = 825934)

table 4 : explain SELECT c FROM sbtest4 WHERE id=2737363
	Index Scan using sbtest4_pkey on sbtest4  (cost=0.43..8.45 rows=1 width=121)
	  Index Cond: (id = 2737363)

table 5 : explain SELECT c FROM sbtest5 WHERE id=3134521
	Index Scan using sbtest5_pkey on sbtest5  (cost=0.43..8.45 rows=1 width=121)
	  Index Cond: (id = 3134521)

table 6 : explain SELECT c FROM sbtest6 WHERE id=2812813
	Index Scan using sbtest6_pkey on sbtest6  (cost=0.43..8.45 rows=1 width=121)
	  Index Cond: (id = 2812813)

table 7 : explain SELECT c FROM sbtest7 WHERE id=4695267
	Index Scan using sbtest7_pkey on sbtest7  (cost=0.43..8.45 rows=1 width=121)
	  Index Cond: (id = 4695267)

table 8 : explain SELECT c FROM sbtest8 WHERE id=8885556
	Index Scan using sbtest8_pkey on sbtest8  (cost=0.43..8.45 rows=1 width=121)
	  Index Cond: (id = 8885556)

for: sum_ranges
table 1 : explain SELECT SUM(k) FROM sbtest1 WHERE id BETWEEN 6705137 AND 6706136
	Aggregate  (cost=3857.94..3857.95 rows=1 width=8)
	  ->  Bitmap Heap Scan on sbtest1  (cost=22.67..3855.45 rows=999 width=4)
	        Recheck Cond: ((id >= 6705137) AND (id <= 6706136))
	        ->  Bitmap Index Scan on sbtest1_pkey  (cost=0.00..22.43 rows=999 width=0)
	              Index Cond: ((id >= 6705137) AND (id <= 6706136))

table 2 : explain SELECT SUM(k) FROM sbtest2 WHERE id BETWEEN 8134634 AND 8135633
	Aggregate  (cost=4096.05..4096.06 rows=1 width=8)
	  ->  Bitmap Heap Scan on sbtest2  (cost=23.32..4093.40 rows=1062 width=4)
	        Recheck Cond: ((id >= 8134634) AND (id <= 8135633))
	        ->  Bitmap Index Scan on sbtest2_pkey  (cost=0.00..23.05 rows=1062 width=0)
	              Index Cond: ((id >= 8134634) AND (id <= 8135633))

table 3 : explain SELECT SUM(k) FROM sbtest3 WHERE id BETWEEN 7820081 AND 7821080
	Aggregate  (cost=3821.41..3821.42 rows=1 width=8)
	  ->  Bitmap Heap Scan on sbtest3  (cost=22.57..3818.94 rows=989 width=4)
	        Recheck Cond: ((id >= 7820081) AND (id <= 7821080))
	        ->  Bitmap Index Scan on sbtest3_pkey  (cost=0.00..22.32 rows=989 width=0)
	              Index Cond: ((id >= 7820081) AND (id <= 7821080))

table 4 : explain SELECT SUM(k) FROM sbtest4 WHERE id BETWEEN 3935323 AND 3936322
	Aggregate  (cost=3901.34..3901.35 rows=1 width=8)
	  ->  Bitmap Heap Scan on sbtest4  (cost=22.79..3898.82 rows=1010 width=4)
	        Recheck Cond: ((id >= 3935323) AND (id <= 3936322))
	        ->  Bitmap Index Scan on sbtest4_pkey  (cost=0.00..22.54 rows=1010 width=0)
	              Index Cond: ((id >= 3935323) AND (id <= 3936322))

table 5 : explain SELECT SUM(k) FROM sbtest5 WHERE id BETWEEN 2228220 AND 2229219
	Aggregate  (cost=3622.32..3622.33 rows=1 width=8)
	  ->  Bitmap Heap Scan on sbtest5  (cost=22.03..3619.98 rows=936 width=4)
	        Recheck Cond: ((id >= 2228220) AND (id <= 2229219))
	        ->  Bitmap Index Scan on sbtest5_pkey  (cost=0.00..21.79 rows=936 width=0)
	              Index Cond: ((id >= 2228220) AND (id <= 2229219))

table 6 : explain SELECT SUM(k) FROM sbtest6 WHERE id BETWEEN 805441 AND 806440
	Aggregate  (cost=3928.57..3928.58 rows=1 width=8)
	  ->  Bitmap Heap Scan on sbtest6  (cost=22.86..3926.03 rows=1017 width=4)
	        Recheck Cond: ((id >= 805441) AND (id <= 806440))
	        ->  Bitmap Index Scan on sbtest6_pkey  (cost=0.00..22.61 rows=1017 width=0)
	              Index Cond: ((id >= 805441) AND (id <= 806440))

table 7 : explain SELECT SUM(k) FROM sbtest7 WHERE id BETWEEN 7036873 AND 7037872
	Aggregate  (cost=4124.27..4124.28 rows=1 width=8)
	  ->  Bitmap Heap Scan on sbtest7  (cost=23.39..4121.60 rows=1069 width=4)
	        Recheck Cond: ((id >= 7036873) AND (id <= 7037872))
	        ->  Bitmap Index Scan on sbtest7_pkey  (cost=0.00..23.12 rows=1069 width=0)
	              Index Cond: ((id >= 7036873) AND (id <= 7037872))

table 8 : explain SELECT SUM(k) FROM sbtest8 WHERE id BETWEEN 5454540 AND 5455539
	Aggregate  (cost=3622.95..3622.96 rows=1 width=8)
	  ->  Bitmap Heap Scan on sbtest8  (cost=22.03..3620.61 rows=936 width=4)
	        Recheck Cond: ((id >= 5454540) AND (id <= 5455539))
	        ->  Bitmap Index Scan on sbtest8_pkey  (cost=0.00..21.79 rows=936 width=0)
	              Index Cond: ((id >= 5454540) AND (id <= 5455539))

for: order_ranges
table 1 : explain SELECT c FROM sbtest1 WHERE id BETWEEN 436009 AND 437008 ORDER BY c
	Sort  (cost=4015.96..4018.53 rows=1028 width=121)
	  Sort Key: c
	  ->  Bitmap Heap Scan on sbtest1  (cost=22.97..3964.53 rows=1028 width=121)
	        Recheck Cond: ((id >= 436009) AND (id <= 437008))
	        ->  Bitmap Index Scan on sbtest1_pkey  (cost=0.00..22.71 rows=1028 width=0)
	              Index Cond: ((id >= 436009) AND (id <= 437008))

table 2 : explain SELECT c FROM sbtest2 WHERE id BETWEEN 9452790 AND 9453789 ORDER BY c
	Sort  (cost=4043.75..4046.33 rows=1035 width=121)
	  Sort Key: c
	  ->  Bitmap Heap Scan on sbtest2  (cost=23.04..3991.92 rows=1035 width=121)
	        Recheck Cond: ((id >= 9452790) AND (id <= 9453789))
	        ->  Bitmap Index Scan on sbtest2_pkey  (cost=0.00..22.79 rows=1035 width=0)
	              Index Cond: ((id >= 9452790) AND (id <= 9453789))

table 3 : explain SELECT c FROM sbtest3 WHERE id BETWEEN 2331129 AND 2332128 ORDER BY c
	Sort  (cost=3799.30..3801.73 rows=971 width=121)
	  Sort Key: c
	  ->  Bitmap Heap Scan on sbtest3  (cost=22.39..3751.12 rows=971 width=121)
	        Recheck Cond: ((id >= 2331129) AND (id <= 2332128))
	        ->  Bitmap Index Scan on sbtest3_pkey  (cost=0.00..22.14 rows=971 width=0)
	              Index Cond: ((id >= 2331129) AND (id <= 2332128))

table 4 : explain SELECT c FROM sbtest4 WHERE id BETWEEN 986048 AND 987047 ORDER BY c
	Sort  (cost=3849.80..3852.26 rows=984 width=121)
	  Sort Key: c
	  ->  Bitmap Heap Scan on sbtest4  (cost=22.52..3800.89 rows=984 width=121)
	        Recheck Cond: ((id >= 986048) AND (id <= 987047))
	        ->  Bitmap Index Scan on sbtest4_pkey  (cost=0.00..22.27 rows=984 width=0)
	              Index Cond: ((id >= 986048) AND (id <= 987047))

table 5 : explain SELECT c FROM sbtest5 WHERE id BETWEEN 1331357 AND 1332356 ORDER BY c
	Sort  (cost=4151.76..4154.42 rows=1063 width=121)
	  Sort Key: c
	  ->  Bitmap Heap Scan on sbtest5  (cost=23.33..4098.33 rows=1063 width=121)
	        Recheck Cond: ((id >= 1331357) AND (id <= 1332356))
	        ->  Bitmap Index Scan on sbtest5_pkey  (cost=0.00..23.07 rows=1063 width=0)
	              Index Cond: ((id >= 1331357) AND (id <= 1332356))

table 6 : explain SELECT c FROM sbtest6 WHERE id BETWEEN 9610425 AND 9611424 ORDER BY c
	Sort  (cost=3816.18..3818.62 rows=975 width=121)
	  Sort Key: c
	  ->  Bitmap Heap Scan on sbtest6  (cost=22.43..3767.77 rows=975 width=121)
	        Recheck Cond: ((id >= 9610425) AND (id <= 9611424))
	        ->  Bitmap Index Scan on sbtest6_pkey  (cost=0.00..22.18 rows=975 width=0)
	              Index Cond: ((id >= 9610425) AND (id <= 9611424))

table 7 : explain SELECT c FROM sbtest7 WHERE id BETWEEN 4506164 AND 4507163 ORDER BY c
	Sort  (cost=4030.28..4032.86 rows=1031 width=121)
	  Sort Key: c
	  ->  Bitmap Heap Scan on sbtest7  (cost=23.00..3978.68 rows=1031 width=121)
	        Recheck Cond: ((id >= 4506164) AND (id <= 4507163))
	        ->  Bitmap Index Scan on sbtest7_pkey  (cost=0.00..22.75 rows=1031 width=0)
	              Index Cond: ((id >= 4506164) AND (id <= 4507163))

table 8 : explain SELECT c FROM sbtest8 WHERE id BETWEEN 2470844 AND 2471843 ORDER BY c
	Sort  (cost=3716.61..3718.99 rows=949 width=121)
	  Sort Key: c
	  ->  Bitmap Heap Scan on sbtest8  (cost=22.16..3669.68 rows=949 width=121)
	        Recheck Cond: ((id >= 2470844) AND (id <= 2471843))
	        ->  Bitmap Index Scan on sbtest8_pkey  (cost=0.00..21.93 rows=949 width=0)
	              Index Cond: ((id >= 2470844) AND (id <= 2471843))

for point_selects
table 1 : explain SELECT c FROM sbtest1 WHERE id=7455355
	Index Scan using sbtest1_pkey on sbtest1  (cost=0.43..8.45 rows=1 width=121)
	  Index Cond: (id = 7455355)

table 2 : explain SELECT c FROM sbtest2 WHERE id=349321
	Index Scan using sbtest2_pkey on sbtest2  (cost=0.43..8.45 rows=1 width=121)
	  Index Cond: (id = 349321)

table 3 : explain SELECT c FROM sbtest3 WHERE id=3807067
	Index Scan using sbtest3_pkey on sbtest3  (cost=0.43..8.45 rows=1 width=121)
	  Index Cond: (id = 3807067)

table 4 : explain SELECT c FROM sbtest4 WHERE id=7087879
	Index Scan using sbtest4_pkey on sbtest4  (cost=0.43..8.45 rows=1 width=121)
	  Index Cond: (id = 7087879)

table 5 : explain SELECT c FROM sbtest5 WHERE id=7158931
	Index Scan using sbtest5_pkey on sbtest5  (cost=0.43..8.45 rows=1 width=121)
	  Index Cond: (id = 7158931)

table 6 : explain SELECT c FROM sbtest6 WHERE id=8870279
	Index Scan using sbtest6_pkey on sbtest6  (cost=0.43..8.45 rows=1 width=121)
	  Index Cond: (id = 8870279)

table 7 : explain SELECT c FROM sbtest7 WHERE id=2422341
	Index Scan using sbtest7_pkey on sbtest7  (cost=0.43..8.45 rows=1 width=121)
	  Index Cond: (id = 2422341)

table 8 : explain SELECT c FROM sbtest8 WHERE id=6396791
	Index Scan using sbtest8_pkey on sbtest8  (cost=0.43..8.45 rows=1 width=121)
	  Index Cond: (id = 6396791)

explain: for point_selects :: explain SELECT c FROM sbtest%u WHERE id=%u
for: sum_ranges
table 1 : explain SELECT SUM(k) FROM sbtest1 WHERE id BETWEEN 8515965 AND 8516964
	Aggregate  (cost=3937.00..3937.01 rows=1 width=8)
	  ->  Bitmap Heap Scan on sbtest1  (cost=22.89..3934.45 rows=1020 width=4)
	        Recheck Cond: ((id >= 8515965) AND (id <= 8516964))
	        ->  Bitmap Index Scan on sbtest1_pkey  (cost=0.00..22.64 rows=1020 width=0)
	              Index Cond: ((id >= 8515965) AND (id <= 8516964))

table 2 : explain SELECT SUM(k) FROM sbtest2 WHERE id BETWEEN 5928566 AND 5929565
	Aggregate  (cost=4111.09..4111.10 rows=1 width=8)
	  ->  Bitmap Heap Scan on sbtest2  (cost=23.36..4108.42 rows=1066 width=4)
	        Recheck Cond: ((id >= 5928566) AND (id <= 5929565))
	        ->  Bitmap Index Scan on sbtest2_pkey  (cost=0.00..23.09 rows=1066 width=0)
	              Index Cond: ((id >= 5928566) AND (id <= 5929565))

table 3 : explain SELECT SUM(k) FROM sbtest3 WHERE id BETWEEN 433028 AND 434027
	Aggregate  (cost=3734.69..3734.70 rows=1 width=8)
	  ->  Bitmap Heap Scan on sbtest3  (cost=22.34..3732.28 rows=966 width=4)
	        Recheck Cond: ((id >= 433028) AND (id <= 434027))
	        ->  Bitmap Index Scan on sbtest3_pkey  (cost=0.00..22.09 rows=966 width=0)
	              Index Cond: ((id >= 433028) AND (id <= 434027))

table 4 : explain SELECT SUM(k) FROM sbtest4 WHERE id BETWEEN 3828072 AND 3829071
	Aggregate  (cost=3671.29..3671.30 rows=1 width=8)
	  ->  Bitmap Heap Scan on sbtest4  (cost=22.16..3668.92 rows=949 width=4)
	        Recheck Cond: ((id >= 3828072) AND (id <= 3829071))
	        ->  Bitmap Index Scan on sbtest4_pkey  (cost=0.00..21.93 rows=949 width=0)
	              Index Cond: ((id >= 3828072) AND (id <= 3829071))

table 5 : explain SELECT SUM(k) FROM sbtest5 WHERE id BETWEEN 3219834 AND 3220833
	Aggregate  (cost=3490.03..3490.04 rows=1 width=8)
	  ->  Bitmap Heap Scan on sbtest5  (cost=21.67..3487.78 rows=901 width=4)
	        Recheck Cond: ((id >= 3219834) AND (id <= 3220833))
	        ->  Bitmap Index Scan on sbtest5_pkey  (cost=0.00..21.44 rows=901 width=0)
	              Index Cond: ((id >= 3219834) AND (id <= 3220833))

table 6 : explain SELECT SUM(k) FROM sbtest6 WHERE id BETWEEN 6483190 AND 6484189
	Aggregate  (cost=4139.37..4139.38 rows=1 width=8)
	  ->  Bitmap Heap Scan on sbtest6  (cost=23.43..4136.69 rows=1073 width=4)
	        Recheck Cond: ((id >= 6483190) AND (id <= 6484189))
	        ->  Bitmap Index Scan on sbtest6_pkey  (cost=0.00..23.16 rows=1073 width=0)
	              Index Cond: ((id >= 6483190) AND (id <= 6484189))

table 7 : explain SELECT SUM(k) FROM sbtest7 WHERE id BETWEEN 5002707 AND 5003706
	Aggregate  (cost=4003.85..4003.86 rows=1 width=8)
	  ->  Bitmap Heap Scan on sbtest7  (cost=23.06..4001.26 rows=1037 width=4)
	        Recheck Cond: ((id >= 5002707) AND (id <= 5003706))
	        ->  Bitmap Index Scan on sbtest7_pkey  (cost=0.00..22.80 rows=1037 width=0)
	              Index Cond: ((id >= 5002707) AND (id <= 5003706))

table 8 : explain SELECT SUM(k) FROM sbtest8 WHERE id BETWEEN 1116886 AND 1117885
	Aggregate  (cost=4229.82..4229.83 rows=1 width=8)
	  ->  Bitmap Heap Scan on sbtest8  (cost=27.67..4227.08 rows=1096 width=4)
	        Recheck Cond: ((id >= 1116886) AND (id <= 1117885))
	        ->  Bitmap Index Scan on sbtest8_pkey  (cost=0.00..27.39 rows=1096 width=0)
	              Index Cond: ((id >= 1116886) AND (id <= 1117885))

for point_selects
table 1 : explain SELECT c FROM sbtest1 WHERE id=8453208
	Index Scan using sbtest1_pkey on sbtest1  (cost=0.43..8.45 rows=1 width=121)
	  Index Cond: (id = 8453208)

table 2 : explain SELECT c FROM sbtest2 WHERE id=5094399
	Index Scan using sbtest2_pkey on sbtest2  (cost=0.43..8.45 rows=1 width=121)
	  Index Cond: (id = 5094399)

table 3 : explain SELECT c FROM sbtest3 WHERE id=1193307
	Index Scan using sbtest3_pkey on sbtest3  (cost=0.43..8.45 rows=1 width=121)
	  Index Cond: (id = 1193307)

table 4 : explain SELECT c FROM sbtest4 WHERE id=8329055
	Index Scan using sbtest4_pkey on sbtest4  (cost=0.43..8.45 rows=1 width=121)
	  Index Cond: (id = 8329055)

table 5 : explain SELECT c FROM sbtest5 WHERE id=6222696
	Index Scan using sbtest5_pkey on sbtest5  (cost=0.43..8.45 rows=1 width=121)
	  Index Cond: (id = 6222696)

table 6 : explain SELECT c FROM sbtest6 WHERE id=8661132
	Index Scan using sbtest6_pkey on sbtest6  (cost=0.43..8.45 rows=1 width=121)
	  Index Cond: (id = 8661132)

table 7 : explain SELECT c FROM sbtest7 WHERE id=3730407
	Index Scan using sbtest7_pkey on sbtest7  (cost=0.43..8.45 rows=1 width=121)
	  Index Cond: (id = 3730407)

table 8 : explain SELECT c FROM sbtest8 WHERE id=921149
	Index Scan using sbtest8_pkey on sbtest8  (cost=0.43..8.45 rows=1 width=121)
	  Index Cond: (id = 921149)

for point_selects
table 1 : explain SELECT c FROM sbtest1 WHERE id=3003457
	Index Scan using sbtest1_pkey on sbtest1  (cost=0.43..8.45 rows=1 width=121)
	  Index Cond: (id = 3003457)

table 2 : explain SELECT c FROM sbtest2 WHERE id=1992354
	Index Scan using sbtest2_pkey on sbtest2  (cost=0.43..8.45 rows=1 width=121)
	  Index Cond: (id = 1992354)

table 3 : explain SELECT c FROM sbtest3 WHERE id=6165199
	Index Scan using sbtest3_pkey on sbtest3  (cost=0.43..8.45 rows=1 width=121)
	  Index Cond: (id = 6165199)

table 4 : explain SELECT c FROM sbtest4 WHERE id=9819126
	Index Scan using sbtest4_pkey on sbtest4  (cost=0.43..8.45 rows=1 width=121)
	  Index Cond: (id = 9819126)

table 5 : explain SELECT c FROM sbtest5 WHERE id=5217284
	Index Scan using sbtest5_pkey on sbtest5  (cost=0.43..8.45 rows=1 width=121)
	  Index Cond: (id = 5217284)

table 6 : explain SELECT c FROM sbtest6 WHERE id=6358074
	Index Scan using sbtest6_pkey on sbtest6  (cost=0.43..8.45 rows=1 width=121)
	  Index Cond: (id = 6358074)

table 7 : explain SELECT c FROM sbtest7 WHERE id=3997871
	Index Scan using sbtest7_pkey on sbtest7  (cost=0.43..8.45 rows=1 width=121)
	  Index Cond: (id = 3997871)

table 8 : explain SELECT c FROM sbtest8 WHERE id=4062177
	Index Scan using sbtest8_pkey on sbtest8  (cost=0.43..8.45 rows=1 width=121)
	  Index Cond: (id = 4062177)

explain: for point_selects :: explain SELECT c FROM sbtest%u WHERE id=%u
explain: for point_selects :: explain SELECT c FROM sbtest%u WHERE id=%u
explain: for point_selects :: explain SELECT c FROM sbtest%u WHERE id=%u
for: distinct_ranges
table 1 : explain SELECT DISTINCT c FROM sbtest1 WHERE id BETWEEN 1615383 AND 1616382 ORDER BY c
	Unique  (cost=3591.52..3596.10 rows=917 width=121)
	  ->  Sort  (cost=3591.52..3593.81 rows=917 width=121)
	        Sort Key: c
	        ->  Bitmap Heap Scan on sbtest1  (cost=21.83..3546.40 rows=917 width=121)
	              Recheck Cond: ((id >= 1615383) AND (id <= 1616382))
	              ->  Bitmap Index Scan on sbtest1_pkey  (cost=0.00..21.61 rows=917 width=0)
	                    Index Cond: ((id >= 1615383) AND (id <= 1616382))

table 2 : explain SELECT DISTINCT c FROM sbtest2 WHERE id BETWEEN 1427510 AND 1428509 ORDER BY c
	Unique  (cost=4196.35..4201.73 rows=1075 width=121)
	  ->  Sort  (cost=4196.35..4199.04 rows=1075 width=121)
	        Sort Key: c
	        ->  Bitmap Heap Scan on sbtest2  (cost=23.45..4142.23 rows=1075 width=121)
	              Recheck Cond: ((id >= 1427510) AND (id <= 1428509))
	              ->  Bitmap Index Scan on sbtest2_pkey  (cost=0.00..23.18 rows=1075 width=0)
	                    Index Cond: ((id >= 1427510) AND (id <= 1428509))

table 3 : explain SELECT DISTINCT c FROM sbtest3 WHERE id BETWEEN 3179773 AND 3180772 ORDER BY c
	Unique  (cost=4043.89..4049.07 rows=1035 width=121)
	  ->  Sort  (cost=4043.89..4046.48 rows=1035 width=121)
	        Sort Key: c
	        ->  Bitmap Heap Scan on sbtest3  (cost=23.04..3992.06 rows=1035 width=121)
	              Recheck Cond: ((id >= 3179773) AND (id <= 3180772))
	              ->  Bitmap Index Scan on sbtest3_pkey  (cost=0.00..22.79 rows=1035 width=0)
	                    Index Cond: ((id >= 3179773) AND (id <= 3180772))

table 4 : explain SELECT DISTINCT c FROM sbtest4 WHERE id BETWEEN 9816509 AND 9817508 ORDER BY c
	Unique  (cost=3987.43..3992.53 rows=1020 width=121)
	  ->  Sort  (cost=3987.43..3989.98 rows=1020 width=121)
	        Sort Key: c
	        ->  Bitmap Heap Scan on sbtest4  (cost=22.89..3936.46 rows=1020 width=121)
	              Recheck Cond: ((id >= 9816509) AND (id <= 9817508))
	              ->  Bitmap Index Scan on sbtest4_pkey  (cost=0.00..22.64 rows=1020 width=0)
	                    Index Cond: ((id >= 9816509) AND (id <= 9817508))

table 5 : explain SELECT DISTINCT c FROM sbtest5 WHERE id BETWEEN 689788 AND 690787 ORDER BY c
	Unique  (cost=3857.59..3862.52 rows=986 width=121)
	  ->  Sort  (cost=3857.59..3860.05 rows=986 width=121)
	        Sort Key: c
	        ->  Bitmap Heap Scan on sbtest5  (cost=22.54..3808.56 rows=986 width=121)
	              Recheck Cond: ((id >= 689788) AND (id <= 690787))
	              ->  Bitmap Index Scan on sbtest5_pkey  (cost=0.00..22.29 rows=986 width=0)
	                    Index Cond: ((id >= 689788) AND (id <= 690787))

table 6 : explain SELECT DISTINCT c FROM sbtest6 WHERE id BETWEEN 2022781 AND 2023780 ORDER BY c
	Unique  (cost=3636.15..3640.79 rows=928 width=121)
	  ->  Sort  (cost=3636.15..3638.47 rows=928 width=121)
	        Sort Key: c
	        ->  Bitmap Heap Scan on sbtest6  (cost=21.95..3590.41 rows=928 width=121)
	              Recheck Cond: ((id >= 2022781) AND (id <= 2023780))
	              ->  Bitmap Index Scan on sbtest6_pkey  (cost=0.00..21.71 rows=928 width=0)
	                    Index Cond: ((id >= 2022781) AND (id <= 2023780))

table 7 : explain SELECT DISTINCT c FROM sbtest7 WHERE id BETWEEN 133148 AND 134147 ORDER BY c
	Unique  (cost=3992.07..3997.18 rows=1021 width=121)
	  ->  Sort  (cost=3992.07..3994.62 rows=1021 width=121)
	        Sort Key: c
	        ->  Bitmap Heap Scan on sbtest7  (cost=22.90..3941.04 rows=1021 width=121)
	              Recheck Cond: ((id >= 133148) AND (id <= 134147))
	              ->  Bitmap Index Scan on sbtest7_pkey  (cost=0.00..22.64 rows=1021 width=0)
	                    Index Cond: ((id >= 133148) AND (id <= 134147))

table 8 : explain SELECT DISTINCT c FROM sbtest8 WHERE id BETWEEN 6436706 AND 6437705 ORDER BY c
	Unique  (cost=3827.65..3832.54 rows=978 width=121)
	  ->  Sort  (cost=3827.65..3830.10 rows=978 width=121)
	        Sort Key: c
	        ->  Bitmap Heap Scan on sbtest8  (cost=22.46..3779.08 rows=978 width=121)
	              Recheck Cond: ((id >= 6436706) AND (id <= 6437705))
	              ->  Bitmap Index Scan on sbtest8_pkey  (cost=0.00..22.21 rows=978 width=0)
	                    Index Cond: ((id >= 6436706) AND (id <= 6437705))

for: simple_ranges
table 1 : explain SELECT c FROM sbtest1 WHERE id BETWEEN 5329626 AND 5330625
	Bitmap Heap Scan on sbtest1  (cost=23.45..4141.09 rows=1075 width=121)
	  Recheck Cond: ((id >= 5329626) AND (id <= 5330625))
	  ->  Bitmap Index Scan on sbtest1_pkey  (cost=0.00..23.18 rows=1075 width=0)
	        Index Cond: ((id >= 5329626) AND (id <= 5330625))

table 2 : explain SELECT c FROM sbtest2 WHERE id BETWEEN 5499823 AND 5500822
	Bitmap Heap Scan on sbtest2  (cost=22.91..3943.02 rows=1022 width=121)
	  Recheck Cond: ((id >= 5499823) AND (id <= 5500822))
	  ->  Bitmap Index Scan on sbtest2_pkey  (cost=0.00..22.65 rows=1022 width=0)
	        Index Cond: ((id >= 5499823) AND (id <= 5500822))

table 3 : explain SELECT c FROM sbtest3 WHERE id BETWEEN 4080504 AND 4081503
	Bitmap Heap Scan on sbtest3  (cost=23.21..4052.21 rows=1051 width=121)
	  Recheck Cond: ((id >= 4080504) AND (id <= 4081503))
	  ->  Bitmap Index Scan on sbtest3_pkey  (cost=0.00..22.94 rows=1051 width=0)
	        Index Cond: ((id >= 4080504) AND (id <= 4081503))

table 4 : explain SELECT c FROM sbtest4 WHERE id BETWEEN 2298774 AND 2299773
	Bitmap Heap Scan on sbtest4  (cost=22.70..3864.93 rows=1001 width=121)
	  Recheck Cond: ((id >= 2298774) AND (id <= 2299773))
	  ->  Bitmap Index Scan on sbtest4_pkey  (cost=0.00..22.44 rows=1001 width=0)
	        Index Cond: ((id >= 2298774) AND (id <= 2299773))

table 5 : explain SELECT c FROM sbtest5 WHERE id BETWEEN 6968501 AND 6969500
	Bitmap Heap Scan on sbtest5  (cost=22.61..3834.93 rows=993 width=121)
	  Recheck Cond: ((id >= 6968501) AND (id <= 6969500))
	  ->  Bitmap Index Scan on sbtest5_pkey  (cost=0.00..22.36 rows=993 width=0)
	        Index Cond: ((id >= 6968501) AND (id <= 6969500))

table 6 : explain SELECT c FROM sbtest6 WHERE id BETWEEN 4784742 AND 4785741
	Bitmap Heap Scan on sbtest6  (cost=22.51..3797.94 rows=983 width=121)
	  Recheck Cond: ((id >= 4784742) AND (id <= 4785741))
	  ->  Bitmap Index Scan on sbtest6_pkey  (cost=0.00..22.26 rows=983 width=0)
	        Index Cond: ((id >= 4784742) AND (id <= 4785741))

table 7 : explain SELECT c FROM sbtest7 WHERE id BETWEEN 4618140 AND 4619139
	Bitmap Heap Scan on sbtest7  (cost=22.72..3873.26 rows=1003 width=121)
	  Recheck Cond: ((id >= 4618140) AND (id <= 4619139))
	  ->  Bitmap Index Scan on sbtest7_pkey  (cost=0.00..22.46 rows=1003 width=0)
	        Index Cond: ((id >= 4618140) AND (id <= 4619139))

table 8 : explain SELECT c FROM sbtest8 WHERE id BETWEEN 1731923 AND 1732922
	Bitmap Heap Scan on sbtest8  (cost=22.63..3843.15 rows=995 width=121)
	  Recheck Cond: ((id >= 1731923) AND (id <= 1732922))
	  ->  Bitmap Index Scan on sbtest8_pkey  (cost=0.00..22.39 rows=995 width=0)
	        Index Cond: ((id >= 1731923) AND (id <= 1732922))

for: distinct_ranges
table 1 : explain SELECT DISTINCT c FROM sbtest1 WHERE id BETWEEN 6992148 AND 6993147 ORDER BY c
	Unique  (cost=4096.09..4101.33 rows=1049 width=121)
	  ->  Sort  (cost=4096.09..4098.71 rows=1049 width=121)
	        Sort Key: c
	        ->  Bitmap Heap Scan on sbtest1  (cost=23.19..4043.45 rows=1049 width=121)
	              Recheck Cond: ((id >= 6992148) AND (id <= 6993147))
	              ->  Bitmap Index Scan on sbtest1_pkey  (cost=0.00..22.93 rows=1049 width=0)
	                    Index Cond: ((id >= 6992148) AND (id <= 6993147))

table 2 : explain SELECT DISTINCT c FROM sbtest2 WHERE id BETWEEN 3036552 AND 3037551 ORDER BY c
	Unique  (cost=3772.39..3777.21 rows=964 width=121)
	  ->  Sort  (cost=3772.39..3774.80 rows=964 width=121)
	        Sort Key: c
	        ->  Bitmap Heap Scan on sbtest2  (cost=22.32..3724.61 rows=964 width=121)
	              Recheck Cond: ((id >= 3036552) AND (id <= 3037551))
	              ->  Bitmap Index Scan on sbtest2_pkey  (cost=0.00..22.07 rows=964 width=0)
	                    Index Cond: ((id >= 3036552) AND (id <= 3037551))

table 3 : explain SELECT DISTINCT c FROM sbtest3 WHERE id BETWEEN 1001768 AND 1002767 ORDER BY c
	Unique  (cost=3531.20..3535.70 rows=901 width=121)
	  ->  Sort  (cost=3531.20..3533.45 rows=901 width=121)
	        Sort Key: c
	        ->  Bitmap Heap Scan on sbtest3  (cost=21.67..3486.98 rows=901 width=121)
	              Recheck Cond: ((id >= 1001768) AND (id <= 1002767))
	              ->  Bitmap Index Scan on sbtest3_pkey  (cost=0.00..21.44 rows=901 width=0)
	                    Index Cond: ((id >= 1001768) AND (id <= 1002767))

table 4 : explain SELECT DISTINCT c FROM sbtest4 WHERE id BETWEEN 3220951 AND 3221950 ORDER BY c
	Unique  (cost=4018.00..4023.14 rows=1028 width=121)
	  ->  Sort  (cost=4018.00..4020.57 rows=1028 width=121)
	        Sort Key: c
	        ->  Bitmap Heap Scan on sbtest4  (cost=22.97..3966.57 rows=1028 width=121)
	              Recheck Cond: ((id >= 3220951) AND (id <= 3221950))
	              ->  Bitmap Index Scan on sbtest4_pkey  (cost=0.00..22.71 rows=1028 width=0)
	                    Index Cond: ((id >= 3220951) AND (id <= 3221950))

table 5 : explain SELECT DISTINCT c FROM sbtest5 WHERE id BETWEEN 9718810 AND 9719809 ORDER BY c
	Unique  (cost=3880.54..3885.50 rows=992 width=121)
	  ->  Sort  (cost=3880.54..3883.02 rows=992 width=121)
	        Sort Key: c
	        ->  Bitmap Heap Scan on sbtest5  (cost=22.60..3831.16 rows=992 width=121)
	              Recheck Cond: ((id >= 9718810) AND (id <= 9719809))
	              ->  Bitmap Index Scan on sbtest5_pkey  (cost=0.00..22.36 rows=992 width=0)
	                    Index Cond: ((id >= 9718810) AND (id <= 9719809))

table 6 : explain SELECT DISTINCT c FROM sbtest6 WHERE id BETWEEN 7671888 AND 7672887 ORDER BY c
	Unique  (cost=4518.70..4524.50 rows=1159 width=121)
	  ->  Sort  (cost=4518.70..4521.60 rows=1159 width=121)
	        Sort Key: c
	        ->  Bitmap Heap Scan on sbtest6  (cost=28.31..4459.72 rows=1159 width=121)
	              Recheck Cond: ((id >= 7671888) AND (id <= 7672887))
	              ->  Bitmap Index Scan on sbtest6_pkey  (cost=0.00..28.02 rows=1159 width=0)
	                    Index Cond: ((id >= 7671888) AND (id <= 7672887))

table 7 : explain SELECT DISTINCT c FROM sbtest7 WHERE id BETWEEN 1849803 AND 1850802 ORDER BY c
	Unique  (cost=3869.71..3874.65 rows=989 width=121)
	  ->  Sort  (cost=3869.71..3872.18 rows=989 width=121)
	        Sort Key: c
	        ->  Bitmap Heap Scan on sbtest7  (cost=22.57..3820.51 rows=989 width=121)
	              Recheck Cond: ((id >= 1849803) AND (id <= 1850802))
	              ->  Bitmap Index Scan on sbtest7_pkey  (cost=0.00..22.32 rows=989 width=0)
	                    Index Cond: ((id >= 1849803) AND (id <= 1850802))

table 8 : explain SELECT DISTINCT c FROM sbtest8 WHERE id BETWEEN 6458400 AND 6459399 ORDER BY c
	Unique  (cost=3827.65..3832.54 rows=978 width=121)
	  ->  Sort  (cost=3827.65..3830.10 rows=978 width=121)
	        Sort Key: c
	        ->  Bitmap Heap Scan on sbtest8  (cost=22.46..3779.08 rows=978 width=121)
	              Recheck Cond: ((id >= 6458400) AND (id <= 6459399))
	              ->  Bitmap Index Scan on sbtest8_pkey  (cost=0.00..22.21 rows=978 width=0)
	                    Index Cond: ((id >= 6458400) AND (id <= 6459399))

for: order_ranges
table 1 : explain SELECT c FROM sbtest1 WHERE id BETWEEN 506615 AND 507614 ORDER BY c
	Sort  (cost=3909.04..3911.54 rows=1000 width=121)
	  Sort Key: c
	  ->  Bitmap Heap Scan on sbtest1  (cost=22.68..3859.21 rows=1000 width=121)
	        Recheck Cond: ((id >= 506615) AND (id <= 507614))
	        ->  Bitmap Index Scan on sbtest1_pkey  (cost=0.00..22.43 rows=1000 width=0)
	              Index Cond: ((id >= 506615) AND (id <= 507614))

table 2 : explain SELECT c FROM sbtest2 WHERE id BETWEEN 6063517 AND 6064516 ORDER BY c
	Sort  (cost=3925.34..3927.85 rows=1004 width=121)
	  Sort Key: c
	  ->  Bitmap Heap Scan on sbtest2  (cost=22.73..3875.29 rows=1004 width=121)
	        Recheck Cond: ((id >= 6063517) AND (id <= 6064516))
	        ->  Bitmap Index Scan on sbtest2_pkey  (cost=0.00..22.47 rows=1004 width=0)
	              Index Cond: ((id >= 6063517) AND (id <= 6064516))

table 3 : explain SELECT c FROM sbtest3 WHERE id BETWEEN 2318958 AND 2319957 ORDER BY c
	Sort  (cost=3887.26..3889.74 rows=994 width=121)
	  Sort Key: c
	  ->  Bitmap Heap Scan on sbtest3  (cost=22.62..3837.77 rows=994 width=121)
	        Recheck Cond: ((id >= 2318958) AND (id <= 2319957))
	        ->  Bitmap Index Scan on sbtest3_pkey  (cost=0.00..22.37 rows=994 width=0)
	              Index Cond: ((id >= 2318958) AND (id <= 2319957))

table 4 : explain SELECT c FROM sbtest4 WHERE id BETWEEN 5334833 AND 5335832 ORDER BY c
	Sort  (cost=4250.78..4253.51 rows=1089 width=121)
	  Sort Key: c
	  ->  Bitmap Heap Scan on sbtest4  (cost=23.60..4195.85 rows=1089 width=121)
	        Recheck Cond: ((id >= 5334833) AND (id <= 5335832))
	        ->  Bitmap Index Scan on sbtest4_pkey  (cost=0.00..23.32 rows=1089 width=0)
	              Index Cond: ((id >= 5334833) AND (id <= 5335832))

table 5 : explain SELECT c FROM sbtest5 WHERE id BETWEEN 8034203 AND 8035202 ORDER BY c
	Sort  (cost=3872.89..3875.36 rows=990 width=121)
	  Sort Key: c
	  ->  Bitmap Heap Scan on sbtest5  (cost=22.58..3823.63 rows=990 width=121)
	        Recheck Cond: ((id >= 8034203) AND (id <= 8035202))
	        ->  Bitmap Index Scan on sbtest5_pkey  (cost=0.00..22.33 rows=990 width=0)
	              Index Cond: ((id >= 8034203) AND (id <= 8035202))

table 6 : explain SELECT c FROM sbtest6 WHERE id BETWEEN 4065169 AND 4066168 ORDER BY c
	Sort  (cost=4152.54..4155.19 rows=1063 width=121)
	  Sort Key: c
	  ->  Bitmap Heap Scan on sbtest6  (cost=23.33..4099.10 rows=1063 width=121)
	        Recheck Cond: ((id >= 4065169) AND (id <= 4066168))
	        ->  Bitmap Index Scan on sbtest6_pkey  (cost=0.00..23.07 rows=1063 width=0)
	              Index Cond: ((id >= 4065169) AND (id <= 4066168))

table 7 : explain SELECT c FROM sbtest7 WHERE id BETWEEN 455057 AND 456056 ORDER BY c
	Sort  (cost=4163.93..4166.60 rows=1066 width=121)
	  Sort Key: c
	  ->  Bitmap Heap Scan on sbtest7  (cost=23.36..4110.32 rows=1066 width=121)
	        Recheck Cond: ((id >= 455057) AND (id <= 456056))
	        ->  Bitmap Index Scan on sbtest7_pkey  (cost=0.00..23.09 rows=1066 width=0)
	              Index Cond: ((id >= 455057) AND (id <= 456056))

table 8 : explain SELECT c FROM sbtest8 WHERE id BETWEEN 1257199 AND 1258198 ORDER BY c
	Sort  (cost=4076.16..4078.77 rows=1043 width=121)
	  Sort Key: c
	  ->  Bitmap Heap Scan on sbtest8  (cost=23.13..4023.88 rows=1043 width=121)
	        Recheck Cond: ((id >= 1257199) AND (id <= 1258198))
	        ->  Bitmap Index Scan on sbtest8_pkey  (cost=0.00..22.86 rows=1043 width=0)
	              Index Cond: ((id >= 1257199) AND (id <= 1258198))

for: simple_ranges
table 1 : explain SELECT c FROM sbtest1 WHERE id BETWEEN 6867613 AND 6868612
	Bitmap Heap Scan on sbtest1  (cost=22.87..3926.93 rows=1018 width=121)
	  Recheck Cond: ((id >= 6867613) AND (id <= 6868612))
	  ->  Bitmap Index Scan on sbtest1_pkey  (cost=0.00..22.61 rows=1018 width=0)
	        Index Cond: ((id >= 6867613) AND (id <= 6868612))

table 2 : explain SELECT c FROM sbtest2 WHERE id BETWEEN 7184751 AND 7185750
	Bitmap Heap Scan on sbtest2  (cost=22.02..3615.24 rows=935 width=121)
	  Recheck Cond: ((id >= 7184751) AND (id <= 7185750))
	  ->  Bitmap Index Scan on sbtest2_pkey  (cost=0.00..21.79 rows=935 width=0)
	        Index Cond: ((id >= 7184751) AND (id <= 7185750))

table 3 : explain SELECT c FROM sbtest3 WHERE id BETWEEN 3397594 AND 3398593
	Bitmap Heap Scan on sbtest3  (cost=23.58..4187.43 rows=1087 width=121)
	  Recheck Cond: ((id >= 3397594) AND (id <= 3398593))
	  ->  Bitmap Index Scan on sbtest3_pkey  (cost=0.00..23.30 rows=1087 width=0)
	        Index Cond: ((id >= 3397594) AND (id <= 3398593))

table 4 : explain SELECT c FROM sbtest4 WHERE id BETWEEN 1243040 AND 1244039
	Bitmap Heap Scan on sbtest4  (cost=21.66..3483.88 rows=900 width=121)
	  Recheck Cond: ((id >= 1243040) AND (id <= 1244039))
	  ->  Bitmap Index Scan on sbtest4_pkey  (cost=0.00..21.43 rows=900 width=0)
	        Index Cond: ((id >= 1243040) AND (id <= 1244039))

table 5 : explain SELECT c FROM sbtest5 WHERE id BETWEEN 1304564 AND 1305563
	Bitmap Heap Scan on sbtest5  (cost=21.92..3578.45 rows=925 width=121)
	  Recheck Cond: ((id >= 1304564) AND (id <= 1305563))
	  ->  Bitmap Index Scan on sbtest5_pkey  (cost=0.00..21.68 rows=925 width=0)
	        Index Cond: ((id >= 1304564) AND (id <= 1305563))

table 6 : explain SELECT c FROM sbtest6 WHERE id BETWEEN 9028335 AND 9029334
	Bitmap Heap Scan on sbtest6  (cost=23.18..4042.69 rows=1048 width=121)
	  Recheck Cond: ((id >= 9028335) AND (id <= 9029334))
	  ->  Bitmap Index Scan on sbtest6_pkey  (cost=0.00..22.91 rows=1048 width=0)
	        Index Cond: ((id >= 9028335) AND (id <= 9029334))

table 7 : explain SELECT c FROM sbtest7 WHERE id BETWEEN 398252 AND 399251
	Bitmap Heap Scan on sbtest7  (cost=23.36..4110.32 rows=1066 width=121)
	  Recheck Cond: ((id >= 398252) AND (id <= 399251))
	  ->  Bitmap Index Scan on sbtest7_pkey  (cost=0.00..23.09 rows=1066 width=0)
	        Index Cond: ((id >= 398252) AND (id <= 399251))

table 8 : explain SELECT c FROM sbtest8 WHERE id BETWEEN 1501450 AND 1502449
	Bitmap Heap Scan on sbtest8  (cost=23.08..4008.83 rows=1039 width=121)
	  Recheck Cond: ((id >= 1501450) AND (id <= 1502449))
	  ->  Bitmap Index Scan on sbtest8_pkey  (cost=0.00..22.82 rows=1039 width=0)
	        Index Cond: ((id >= 1501450) AND (id <= 1502449))

explain: for point_selects :: explain SELECT c FROM sbtest%u WHERE id=%u
for: order_ranges
table 1 : explain SELECT c FROM sbtest1 WHERE id BETWEEN 9238933 AND 9239932 ORDER BY c
	Sort  (cost=3664.28..3666.62 rows=936 width=121)
	  Sort Key: c
	  ->  Bitmap Heap Scan on sbtest1  (cost=22.03..3618.09 rows=936 width=121)
	        Recheck Cond: ((id >= 9238933) AND (id <= 9239932))
	        ->  Bitmap Index Scan on sbtest1_pkey  (cost=0.00..21.79 rows=936 width=0)
	              Index Cond: ((id >= 9238933) AND (id <= 9239932))

table 2 : explain SELECT c FROM sbtest2 WHERE id BETWEEN 8420119 AND 8421118 ORDER BY c
	Sort  (cost=3496.57..3498.80 rows=892 width=121)
	  Sort Key: c
	  ->  Bitmap Heap Scan on sbtest2  (cost=21.58..3452.85 rows=892 width=121)
	        Recheck Cond: ((id >= 8420119) AND (id <= 8421118))
	        ->  Bitmap Index Scan on sbtest2_pkey  (cost=0.00..21.36 rows=892 width=0)
	              Index Cond: ((id >= 8420119) AND (id <= 8421118))

table 3 : explain SELECT c FROM sbtest3 WHERE id BETWEEN 9355492 AND 9356491 ORDER BY c
	Sort  (cost=4162.18..4164.85 rows=1066 width=121)
	  Sort Key: c
	  ->  Bitmap Heap Scan on sbtest3  (cost=23.36..4108.57 rows=1066 width=121)
	        Recheck Cond: ((id >= 9355492) AND (id <= 9356491))
	        ->  Bitmap Index Scan on sbtest3_pkey  (cost=0.00..23.09 rows=1066 width=0)
	              Index Cond: ((id >= 9355492) AND (id <= 9356491))

table 4 : explain SELECT c FROM sbtest4 WHERE id BETWEEN 3068226 AND 3069225 ORDER BY c
	Sort  (cost=4312.04..4314.80 rows=1105 width=121)
	  Sort Key: c
	  ->  Bitmap Heap Scan on sbtest4  (cost=27.76..4256.18 rows=1105 width=121)
	        Recheck Cond: ((id >= 3068226) AND (id <= 3069225))
	        ->  Bitmap Index Scan on sbtest4_pkey  (cost=0.00..27.48 rows=1105 width=0)
	              Index Cond: ((id >= 3068226) AND (id <= 3069225))

table 5 : explain SELECT c FROM sbtest5 WHERE id BETWEEN 3512980 AND 3513979 ORDER BY c
	Sort  (cost=3872.89..3875.36 rows=990 width=121)
	  Sort Key: c
	  ->  Bitmap Heap Scan on sbtest5  (cost=22.58..3823.63 rows=990 width=121)
	        Recheck Cond: ((id >= 3512980) AND (id <= 3513979))
	        ->  Bitmap Index Scan on sbtest5_pkey  (cost=0.00..22.33 rows=990 width=0)
	              Index Cond: ((id >= 3512980) AND (id <= 3513979))

table 6 : explain SELECT c FROM sbtest6 WHERE id BETWEEN 2705742 AND 2706741 ORDER BY c
	Sort  (cost=3950.07..3952.59 rows=1010 width=121)
	  Sort Key: c
	  ->  Bitmap Heap Scan on sbtest6  (cost=22.79..3899.67 rows=1010 width=121)
	        Recheck Cond: ((id >= 2705742) AND (id <= 2706741))
	        ->  Bitmap Index Scan on sbtest6_pkey  (cost=0.00..22.54 rows=1010 width=0)
	              Index Cond: ((id >= 2705742) AND (id <= 2706741))

table 7 : explain SELECT c FROM sbtest7 WHERE id BETWEEN 8236768 AND 8237767 ORDER BY c
	Sort  (cost=4057.02..4059.62 rows=1038 width=121)
	  Sort Key: c
	  ->  Bitmap Heap Scan on sbtest7  (cost=23.07..4005.02 rows=1038 width=121)
	        Recheck Cond: ((id >= 8236768) AND (id <= 8237767))
	        ->  Bitmap Index Scan on sbtest7_pkey  (cost=0.00..22.82 rows=1038 width=0)
	              Index Cond: ((id >= 8236768) AND (id <= 8237767))

table 8 : explain SELECT c FROM sbtest8 WHERE id BETWEEN 5985180 AND 5986179 ORDER BY c
	Sort  (cost=3946.24..3948.76 rows=1009 width=121)
	  Sort Key: c
	  ->  Bitmap Heap Scan on sbtest8  (cost=22.78..3895.89 rows=1009 width=121)
	        Recheck Cond: ((id >= 5985180) AND (id <= 5986179))
	        ->  Bitmap Index Scan on sbtest8_pkey  (cost=0.00..22.52 rows=1009 width=0)
	              Index Cond: ((id >= 5985180) AND (id <= 5986179))

for: simple_ranges
table 1 : explain SELECT c FROM sbtest1 WHERE id BETWEEN 307129 AND 308128
	Bitmap Heap Scan on sbtest1  (cost=22.32..3723.65 rows=964 width=121)
	  Recheck Cond: ((id >= 307129) AND (id <= 308128))
	  ->  Bitmap Index Scan on sbtest1_pkey  (cost=0.00..22.07 rows=964 width=0)
	        Index Cond: ((id >= 307129) AND (id <= 308128))

table 2 : explain SELECT c FROM sbtest2 WHERE id BETWEEN 4608477 AND 4609476
	Bitmap Heap Scan on sbtest2  (cost=22.50..3792.44 rows=982 width=121)
	  Recheck Cond: ((id >= 4608477) AND (id <= 4609476))
	  ->  Bitmap Index Scan on sbtest2_pkey  (cost=0.00..22.25 rows=982 width=0)
	        Index Cond: ((id >= 4608477) AND (id <= 4609476))

table 3 : explain SELECT c FROM sbtest3 WHERE id BETWEEN 630129 AND 631128
	Bitmap Heap Scan on sbtest3  (cost=22.52..3800.11 rows=984 width=121)
	  Recheck Cond: ((id >= 630129) AND (id <= 631128))
	  ->  Bitmap Index Scan on sbtest3_pkey  (cost=0.00..22.27 rows=984 width=0)
	        Index Cond: ((id >= 630129) AND (id <= 631128))

table 4 : explain SELECT c FROM sbtest4 WHERE id BETWEEN 9282781 AND 9283780
	Bitmap Heap Scan on sbtest4  (cost=22.01..3612.31 rows=934 width=121)
	  Recheck Cond: ((id >= 9282781) AND (id <= 9283780))
	  ->  Bitmap Index Scan on sbtest4_pkey  (cost=0.00..21.77 rows=934 width=0)
	        Index Cond: ((id >= 9282781) AND (id <= 9283780))

table 5 : explain SELECT c FROM sbtest5 WHERE id BETWEEN 6906688 AND 6907687
	Bitmap Heap Scan on sbtest5  (cost=22.61..3834.93 rows=993 width=121)
	  Recheck Cond: ((id >= 6906688) AND (id <= 6907687))
	  ->  Bitmap Index Scan on sbtest5_pkey  (cost=0.00..22.36 rows=993 width=0)
	        Index Cond: ((id >= 6906688) AND (id <= 6907687))

table 6 : explain SELECT c FROM sbtest6 WHERE id BETWEEN 9758235 AND 9759234
	Bitmap Heap Scan on sbtest6  (cost=22.33..3730.06 rows=965 width=121)
	  Recheck Cond: ((id >= 9758235) AND (id <= 9759234))
	  ->  Bitmap Index Scan on sbtest6_pkey  (cost=0.00..22.08 rows=965 width=0)
	        Index Cond: ((id >= 9758235) AND (id <= 9759234))

table 7 : explain SELECT c FROM sbtest7 WHERE id BETWEEN 4851035 AND 4852034
	Bitmap Heap Scan on sbtest7  (cost=21.99..3605.47 rows=932 width=121)
	  Recheck Cond: ((id >= 4851035) AND (id <= 4852034))
	  ->  Bitmap Index Scan on sbtest7_pkey  (cost=0.00..21.75 rows=932 width=0)
	        Index Cond: ((id >= 4851035) AND (id <= 4852034))

table 8 : explain SELECT c FROM sbtest8 WHERE id BETWEEN 8952342 AND 8953341
	Bitmap Heap Scan on sbtest8  (cost=22.57..3820.54 rows=989 width=121)
	  Recheck Cond: ((id >= 8952342) AND (id <= 8953341))
	  ->  Bitmap Index Scan on sbtest8_pkey  (cost=0.00..22.32 rows=989 width=0)
	        Index Cond: ((id >= 8952342) AND (id <= 8953341))

for: simple_ranges
table 1 : explain SELECT c FROM sbtest1 WHERE id BETWEEN 5715322 AND 5716321
	Bitmap Heap Scan on sbtest1  (cost=22.29..3712.34 rows=961 width=121)
	  Recheck Cond: ((id >= 5715322) AND (id <= 5716321))
	  ->  Bitmap Index Scan on sbtest1_pkey  (cost=0.00..22.04 rows=961 width=0)
	        Index Cond: ((id >= 5715322) AND (id <= 5716321))

table 2 : explain SELECT c FROM sbtest2 WHERE id BETWEEN 9224937 AND 9225936
	Bitmap Heap Scan on sbtest2  (cost=23.39..4119.69 rows=1069 width=121)
	  Recheck Cond: ((id >= 9224937) AND (id <= 9225936))
	  ->  Bitmap Index Scan on sbtest2_pkey  (cost=0.00..23.12 rows=1069 width=0)
	        Index Cond: ((id >= 9224937) AND (id <= 9225936))

table 3 : explain SELECT c FROM sbtest3 WHERE id BETWEEN 517315 AND 518314
	Bitmap Heap Scan on sbtest3  (cost=22.51..3796.34 rows=983 width=121)
	  Recheck Cond: ((id >= 517315) AND (id <= 518314))
	  ->  Bitmap Index Scan on sbtest3_pkey  (cost=0.00..22.26 rows=983 width=0)
	        Index Cond: ((id >= 517315) AND (id <= 518314))

table 4 : explain SELECT c FROM sbtest4 WHERE id BETWEEN 1414867 AND 1415866
	Bitmap Heap Scan on sbtest4  (cost=23.06..4000.42 rows=1037 width=121)
	  Recheck Cond: ((id >= 1414867) AND (id <= 1415866))
	  ->  Bitmap Index Scan on sbtest4_pkey  (cost=0.00..22.80 rows=1037 width=0)
	        Index Cond: ((id >= 1414867) AND (id <= 1415866))

table 5 : explain SELECT c FROM sbtest5 WHERE id BETWEEN 4882339 AND 4883338
	Bitmap Heap Scan on sbtest5  (cost=22.27..3710.54 rows=960 width=121)
	  Recheck Cond: ((id >= 4882339) AND (id <= 4883338))
	  ->  Bitmap Index Scan on sbtest5_pkey  (cost=0.00..22.04 rows=960 width=0)
	        Index Cond: ((id >= 4882339) AND (id <= 4883338))

table 6 : explain SELECT c FROM sbtest6 WHERE id BETWEEN 343854 AND 344853
	Bitmap Heap Scan on sbtest6  (cost=21.94..3586.63 rows=927 width=121)
	  Recheck Cond: ((id >= 343854) AND (id <= 344853))
	  ->  Bitmap Index Scan on sbtest6_pkey  (cost=0.00..21.70 rows=927 width=0)
	        Index Cond: ((id >= 343854) AND (id <= 344853))

table 7 : explain SELECT c FROM sbtest7 WHERE id BETWEEN 1869393 AND 1870392
	Bitmap Heap Scan on sbtest7  (cost=22.57..3820.51 rows=989 width=121)
	  Recheck Cond: ((id >= 1869393) AND (id <= 1870392))
	  ->  Bitmap Index Scan on sbtest7_pkey  (cost=0.00..22.32 rows=989 width=0)
	        Index Cond: ((id >= 1869393) AND (id <= 1870392))

table 8 : explain SELECT c FROM sbtest8 WHERE id BETWEEN 9912417 AND 9913416
	Bitmap Heap Scan on sbtest8  (cost=23.08..4008.83 rows=1039 width=121)
	  Recheck Cond: ((id >= 9912417) AND (id <= 9913416))
	  ->  Bitmap Index Scan on sbtest8_pkey  (cost=0.00..22.82 rows=1039 width=0)
	        Index Cond: ((id >= 9912417) AND (id <= 9913416))

for point_selects
table 1 : explain SELECT c FROM sbtest1 WHERE id=9366510
	Index Scan using sbtest1_pkey on sbtest1  (cost=0.43..8.45 rows=1 width=121)
	  Index Cond: (id = 9366510)

table 2 : explain SELECT c FROM sbtest2 WHERE id=2161171
	Index Scan using sbtest2_pkey on sbtest2  (cost=0.43..8.45 rows=1 width=121)
	  Index Cond: (id = 2161171)

table 3 : explain SELECT c FROM sbtest3 WHERE id=8556994
	Index Scan using sbtest3_pkey on sbtest3  (cost=0.43..8.45 rows=1 width=121)
	  Index Cond: (id = 8556994)

table 4 : explain SELECT c FROM sbtest4 WHERE id=8689434
	Index Scan using sbtest4_pkey on sbtest4  (cost=0.43..8.45 rows=1 width=121)
	  Index Cond: (id = 8689434)

table 5 : explain SELECT c FROM sbtest5 WHERE id=2833703
	Index Scan using sbtest5_pkey on sbtest5  (cost=0.43..8.45 rows=1 width=121)
	  Index Cond: (id = 2833703)

table 6 : explain SELECT c FROM sbtest6 WHERE id=2265353
	Index Scan using sbtest6_pkey on sbtest6  (cost=0.43..8.45 rows=1 width=121)
	  Index Cond: (id = 2265353)

table 7 : explain SELECT c FROM sbtest7 WHERE id=1503370
	Index Scan using sbtest7_pkey on sbtest7  (cost=0.43..8.45 rows=1 width=121)
	  Index Cond: (id = 1503370)

table 8 : explain SELECT c FROM sbtest8 WHERE id=1650813
	Index Scan using sbtest8_pkey on sbtest8  (cost=0.43..8.45 rows=1 width=121)
	  Index Cond: (id = 1650813)

for: sum_ranges
table 1 : explain SELECT SUM(k) FROM sbtest1 WHERE id BETWEEN 7492451 AND 7493450
	Aggregate  (cost=3665.71..3665.72 rows=1 width=8)
	  ->  Bitmap Heap Scan on sbtest1  (cost=22.15..3663.34 rows=948 width=4)
	        Recheck Cond: ((id >= 7492451) AND (id <= 7493450))
	        ->  Bitmap Index Scan on sbtest1_pkey  (cost=0.00..21.91 rows=948 width=0)
	              Index Cond: ((id >= 7492451) AND (id <= 7493450))

table 2 : explain SELECT SUM(k) FROM sbtest2 WHERE id BETWEEN 3843319 AND 3844318
	Aggregate  (cost=4193.75..4193.76 rows=1 width=8)
	  ->  Bitmap Heap Scan on sbtest2  (cost=23.59..4191.03 rows=1088 width=4)
	        Recheck Cond: ((id >= 3843319) AND (id <= 3844318))
	        ->  Bitmap Index Scan on sbtest2_pkey  (cost=0.00..23.32 rows=1088 width=0)
	              Index Cond: ((id >= 3843319) AND (id <= 3844318))

table 3 : explain SELECT SUM(k) FROM sbtest3 WHERE id BETWEEN 9466572 AND 9467571
	Aggregate  (cost=3753.55..3753.56 rows=1 width=8)
	  ->  Bitmap Heap Scan on sbtest3  (cost=22.39..3751.12 rows=971 width=4)
	        Recheck Cond: ((id >= 9466572) AND (id <= 9467571))
	        ->  Bitmap Index Scan on sbtest3_pkey  (cost=0.00..22.14 rows=971 width=0)
	              Index Cond: ((id >= 9466572) AND (id <= 9467571))

table 4 : explain SELECT SUM(k) FROM sbtest4 WHERE id BETWEEN 7065938 AND 7066937
	Aggregate  (cost=3739.22..3739.23 rows=1 width=8)
	  ->  Bitmap Heap Scan on sbtest4  (cost=22.35..3736.81 rows=967 width=4)
	        Recheck Cond: ((id >= 7065938) AND (id <= 7066937))
	        ->  Bitmap Index Scan on sbtest4_pkey  (cost=0.00..22.11 rows=967 width=0)
	              Index Cond: ((id >= 7065938) AND (id <= 7066937))

table 5 : explain SELECT SUM(k) FROM sbtest5 WHERE id BETWEEN 9930560 AND 9931559
	Aggregate  (cost=4025.74..4025.75 rows=1 width=8)
	  ->  Bitmap Heap Scan on sbtest5  (cost=23.13..4023.14 rows=1043 width=4)
	        Recheck Cond: ((id >= 9930560) AND (id <= 9931559))
	        ->  Bitmap Index Scan on sbtest5_pkey  (cost=0.00..22.86 rows=1043 width=0)
	              Index Cond: ((id >= 9930560) AND (id <= 9931559))

table 6 : explain SELECT SUM(k) FROM sbtest6 WHERE id BETWEEN 5879934 AND 5880933
	Aggregate  (cost=4097.99..4098.00 rows=1 width=8)
	  ->  Bitmap Heap Scan on sbtest6  (cost=23.32..4095.34 rows=1062 width=4)
	        Recheck Cond: ((id >= 5879934) AND (id <= 5880933))
	        ->  Bitmap Index Scan on sbtest6_pkey  (cost=0.00..23.05 rows=1062 width=0)
	              Index Cond: ((id >= 5879934) AND (id <= 5880933))

table 7 : explain SELECT SUM(k) FROM sbtest7 WHERE id BETWEEN 8999980 AND 9000979
	Aggregate  (cost=4090.42..4090.43 rows=1 width=8)
	  ->  Bitmap Heap Scan on sbtest7  (cost=23.30..4087.77 rows=1060 width=4)
	        Recheck Cond: ((id >= 8999980) AND (id <= 9000979))
	        ->  Bitmap Index Scan on sbtest7_pkey  (cost=0.00..23.04 rows=1060 width=0)
	              Index Cond: ((id >= 8999980) AND (id <= 9000979))

table 8 : explain SELECT SUM(k) FROM sbtest8 WHERE id BETWEEN 5609436 AND 5610435
	Aggregate  (cost=3664.50..3664.51 rows=1 width=8)
	  ->  Bitmap Heap Scan on sbtest8  (cost=22.14..3662.14 rows=947 width=4)
	        Recheck Cond: ((id >= 5609436) AND (id <= 5610435))
	        ->  Bitmap Index Scan on sbtest8_pkey  (cost=0.00..21.90 rows=947 width=0)
	              Index Cond: ((id >= 5609436) AND (id <= 5610435))

for point_selects
table 1 : explain SELECT c FROM sbtest1 WHERE id=5143357
	Index Scan using sbtest1_pkey on sbtest1  (cost=0.43..8.45 rows=1 width=121)
	  Index Cond: (id = 5143357)

table 2 : explain SELECT c FROM sbtest2 WHERE id=3008449
	Index Scan using sbtest2_pkey on sbtest2  (cost=0.43..8.45 rows=1 width=121)
	  Index Cond: (id = 3008449)

table 3 : explain SELECT c FROM sbtest3 WHERE id=8715159
	Index Scan using sbtest3_pkey on sbtest3  (cost=0.43..8.45 rows=1 width=121)
	  Index Cond: (id = 8715159)

table 4 : explain SELECT c FROM sbtest4 WHERE id=6518049
	Index Scan using sbtest4_pkey on sbtest4  (cost=0.43..8.45 rows=1 width=121)
	  Index Cond: (id = 6518049)

table 5 : explain SELECT c FROM sbtest5 WHERE id=1499705
	Index Scan using sbtest5_pkey on sbtest5  (cost=0.43..8.45 rows=1 width=121)
	  Index Cond: (id = 1499705)

table 6 : explain SELECT c FROM sbtest6 WHERE id=2220040
	Index Scan using sbtest6_pkey on sbtest6  (cost=0.43..8.45 rows=1 width=121)
	  Index Cond: (id = 2220040)

table 7 : explain SELECT c FROM sbtest7 WHERE id=7580560
	Index Scan using sbtest7_pkey on sbtest7  (cost=0.43..8.45 rows=1 width=121)
	  Index Cond: (id = 7580560)

table 8 : explain SELECT c FROM sbtest8 WHERE id=8387262
	Index Scan using sbtest8_pkey on sbtest8  (cost=0.43..8.45 rows=1 width=121)
	  Index Cond: (id = 8387262)

for: order_ranges
table 1 : explain SELECT c FROM sbtest1 WHERE id BETWEEN 2961325 AND 2962324 ORDER BY c
	Sort  (cost=3840.25..3842.71 rows=982 width=121)
	  Sort Key: c
	  ->  Bitmap Heap Scan on sbtest1  (cost=22.50..3791.45 rows=982 width=121)
	        Recheck Cond: ((id >= 2961325) AND (id <= 2962324))
	        ->  Bitmap Index Scan on sbtest1_pkey  (cost=0.00..22.25 rows=982 width=0)
	              Index Cond: ((id >= 2961325) AND (id <= 2962324))

table 2 : explain SELECT c FROM sbtest2 WHERE id BETWEEN 9512784 AND 9513783 ORDER BY c
	Sort  (cost=3699.67..3702.03 rows=945 width=121)
	  Sort Key: c
	  ->  Bitmap Heap Scan on sbtest2  (cost=22.12..3652.96 rows=945 width=121)
	        Recheck Cond: ((id >= 9512784) AND (id <= 9513783))
	        ->  Bitmap Index Scan on sbtest2_pkey  (cost=0.00..21.89 rows=945 width=0)
	              Index Cond: ((id >= 9512784) AND (id <= 9513783))

table 3 : explain SELECT c FROM sbtest3 WHERE id BETWEEN 2243426 AND 2244425 ORDER BY c
	Sort  (cost=4124.04..4126.68 rows=1056 width=121)
	  Sort Key: c
	  ->  Bitmap Heap Scan on sbtest3  (cost=23.26..4071.00 rows=1056 width=121)
	        Recheck Cond: ((id >= 2243426) AND (id <= 2244425))
	        ->  Bitmap Index Scan on sbtest3_pkey  (cost=0.00..23.00 rows=1056 width=0)
	              Index Cond: ((id >= 2243426) AND (id <= 2244425))

table 4 : explain SELECT c FROM sbtest4 WHERE id BETWEEN 3834727 AND 3835726 ORDER BY c
	Sort  (cost=3715.85..3718.22 rows=949 width=121)
	  Sort Key: c
	  ->  Bitmap Heap Scan on sbtest4  (cost=22.16..3668.92 rows=949 width=121)
	        Recheck Cond: ((id >= 3834727) AND (id <= 3835726))
	        ->  Bitmap Index Scan on sbtest4_pkey  (cost=0.00..21.93 rows=949 width=0)
	              Index Cond: ((id >= 3834727) AND (id <= 3835726))

table 5 : explain SELECT c FROM sbtest5 WHERE id BETWEEN 7087400 AND 7088399 ORDER BY c
	Sort  (cost=3447.58..3449.77 rows=879 width=121)
	  Sort Key: c
	  ->  Bitmap Heap Scan on sbtest5  (cost=21.44..3404.59 rows=879 width=121)
	        Recheck Cond: ((id >= 7087400) AND (id <= 7088399))
	        ->  Bitmap Index Scan on sbtest5_pkey  (cost=0.00..21.22 rows=879 width=0)
	              Index Cond: ((id >= 7087400) AND (id <= 7088399))

table 6 : explain SELECT c FROM sbtest6 WHERE id BETWEEN 9898238 AND 9899237 ORDER BY c
	Sort  (cost=3586.30..3588.59 rows=915 width=121)
	  Sort Key: c
	  ->  Bitmap Heap Scan on sbtest6  (cost=21.81..3541.29 rows=915 width=121)
	        Recheck Cond: ((id >= 9898238) AND (id <= 9899237))
	        ->  Bitmap Index Scan on sbtest6_pkey  (cost=0.00..21.58 rows=915 width=0)
	              Index Cond: ((id >= 9898238) AND (id <= 9899237))

table 7 : explain SELECT c FROM sbtest7 WHERE id BETWEEN 4468475 AND 4469474 ORDER BY c
	Sort  (cost=4030.28..4032.86 rows=1031 width=121)
	  Sort Key: c
	  ->  Bitmap Heap Scan on sbtest7  (cost=23.00..3978.68 rows=1031 width=121)
	        Recheck Cond: ((id >= 4468475) AND (id <= 4469474))
	        ->  Bitmap Index Scan on sbtest7_pkey  (cost=0.00..22.75 rows=1031 width=0)
	              Index Cond: ((id >= 4468475) AND (id <= 4469474))

table 8 : explain SELECT c FROM sbtest8 WHERE id BETWEEN 937557 AND 938556 ORDER BY c
	Sort  (cost=3938.59..3941.11 rows=1007 width=121)
	  Sort Key: c
	  ->  Bitmap Heap Scan on sbtest8  (cost=22.76..3888.36 rows=1007 width=121)
	        Recheck Cond: ((id >= 937557) AND (id <= 938556))
	        ->  Bitmap Index Scan on sbtest8_pkey  (cost=0.00..22.50 rows=1007 width=0)
	              Index Cond: ((id >= 937557) AND (id <= 938556))

for: distinct_ranges
table 1 : explain SELECT DISTINCT c FROM sbtest1 WHERE id BETWEEN 7372992 AND 7373991 ORDER BY c
	Unique  (cost=3855.54..3860.47 rows=986 width=121)
	  ->  Sort  (cost=3855.54..3858.01 rows=986 width=121)
	        Sort Key: c
	        ->  Bitmap Heap Scan on sbtest1  (cost=22.54..3806.51 rows=986 width=121)
	              Recheck Cond: ((id >= 7372992) AND (id <= 7373991))
	              ->  Bitmap Index Scan on sbtest1_pkey  (cost=0.00..22.29 rows=986 width=0)
	                    Index Cond: ((id >= 7372992) AND (id <= 7373991))

table 2 : explain SELECT DISTINCT c FROM sbtest2 WHERE id BETWEEN 4837251 AND 4838250 ORDER BY c
	Unique  (cost=3623.07..3627.69 rows=925 width=121)
	  ->  Sort  (cost=3623.07..3625.38 rows=925 width=121)
	        Sort Key: c
	        ->  Bitmap Heap Scan on sbtest2  (cost=21.92..3577.50 rows=925 width=121)
	              Recheck Cond: ((id >= 4837251) AND (id <= 4838250))
	              ->  Bitmap Index Scan on sbtest2_pkey  (cost=0.00..21.68 rows=925 width=0)
	                    Index Cond: ((id >= 4837251) AND (id <= 4838250))

table 3 : explain SELECT DISTINCT c FROM sbtest3 WHERE id BETWEEN 8043189 AND 8044188 ORDER BY c
	Unique  (cost=4013.34..4018.48 rows=1027 width=121)
	  ->  Sort  (cost=4013.34..4015.91 rows=1027 width=121)
	        Sort Key: c
	        ->  Bitmap Heap Scan on sbtest3  (cost=22.96..3961.97 rows=1027 width=121)
	              Recheck Cond: ((id >= 8043189) AND (id <= 8044188))
	              ->  Bitmap Index Scan on sbtest3_pkey  (cost=0.00..22.70 rows=1027 width=0)
	                    Index Cond: ((id >= 8043189) AND (id <= 8044188))

table 4 : explain SELECT DISTINCT c FROM sbtest4 WHERE id BETWEEN 1108946 AND 1109945 ORDER BY c
	Unique  (cost=3838.33..3843.23 rows=981 width=121)
	  ->  Sort  (cost=3838.33..3840.78 rows=981 width=121)
	        Sort Key: c
	        ->  Bitmap Heap Scan on sbtest4  (cost=22.49..3789.58 rows=981 width=121)
	              Recheck Cond: ((id >= 1108946) AND (id <= 1109945))
	              ->  Bitmap Index Scan on sbtest4_pkey  (cost=0.00..22.25 rows=981 width=0)
	                    Index Cond: ((id >= 1108946) AND (id <= 1109945))

table 5 : explain SELECT DISTINCT c FROM sbtest5 WHERE id BETWEEN 63997 AND 64996 ORDER BY c
	Unique  (cost=3727.46..3732.22 rows=952 width=121)
	  ->  Sort  (cost=3727.46..3729.84 rows=952 width=121)
	        Sort Key: c
	        ->  Bitmap Heap Scan on sbtest5  (cost=22.19..3680.36 rows=952 width=121)
	              Recheck Cond: ((id >= 63997) AND (id <= 64996))
	              ->  Bitmap Index Scan on sbtest5_pkey  (cost=0.00..21.95 rows=952 width=0)
	                    Index Cond: ((id >= 63997) AND (id <= 64996))

table 6 : explain SELECT DISTINCT c FROM sbtest6 WHERE id BETWEEN 1988642 AND 1989641 ORDER BY c
	Unique  (cost=3636.15..3640.79 rows=928 width=121)
	  ->  Sort  (cost=3636.15..3638.47 rows=928 width=121)
	        Sort Key: c
	        ->  Bitmap Heap Scan on sbtest6  (cost=21.95..3590.41 rows=928 width=121)
	              Recheck Cond: ((id >= 1988642) AND (id <= 1989641))
	              ->  Bitmap Index Scan on sbtest6_pkey  (cost=0.00..21.71 rows=928 width=0)
	                    Index Cond: ((id >= 1988642) AND (id <= 1989641))

table 7 : explain SELECT DISTINCT c FROM sbtest7 WHERE id BETWEEN 8024865 AND 8025864 ORDER BY c
	Unique  (cost=3628.44..3633.07 rows=926 width=121)
	  ->  Sort  (cost=3628.44..3630.75 rows=926 width=121)
	        Sort Key: c
	        ->  Bitmap Heap Scan on sbtest7  (cost=21.93..3582.81 rows=926 width=121)
	              Recheck Cond: ((id >= 8024865) AND (id <= 8025864))
	              ->  Bitmap Index Scan on sbtest7_pkey  (cost=0.00..21.69 rows=926 width=0)
	                    Index Cond: ((id >= 8024865) AND (id <= 8025864))

table 8 : explain SELECT DISTINCT c FROM sbtest8 WHERE id BETWEEN 3021673 AND 3022672 ORDER BY c
	Unique  (cost=4026.50..4031.65 rows=1030 width=121)
	  ->  Sort  (cost=4026.50..4029.08 rows=1030 width=121)
	        Sort Key: c
	        ->  Bitmap Heap Scan on sbtest8  (cost=22.99..3974.96 rows=1030 width=121)
	              Recheck Cond: ((id >= 3021673) AND (id <= 3022672))
	              ->  Bitmap Index Scan on sbtest8_pkey  (cost=0.00..22.73 rows=1030 width=0)
	                    Index Cond: ((id >= 3021673) AND (id <= 3022672))

for point_selects
table 1 : explain SELECT c FROM sbtest1 WHERE id=9707370
	Index Scan using sbtest1_pkey on sbtest1  (cost=0.43..8.45 rows=1 width=121)
	  Index Cond: (id = 9707370)

table 2 : explain SELECT c FROM sbtest2 WHERE id=7083698
	Index Scan using sbtest2_pkey on sbtest2  (cost=0.43..8.45 rows=1 width=121)
	  Index Cond: (id = 7083698)

table 3 : explain SELECT c FROM sbtest3 WHERE id=5716722
	Index Scan using sbtest3_pkey on sbtest3  (cost=0.43..8.45 rows=1 width=121)
	  Index Cond: (id = 5716722)

table 4 : explain SELECT c FROM sbtest4 WHERE id=435002
	Index Scan using sbtest4_pkey on sbtest4  (cost=0.43..8.45 rows=1 width=121)
	  Index Cond: (id = 435002)

table 5 : explain SELECT c FROM sbtest5 WHERE id=7428980
	Index Scan using sbtest5_pkey on sbtest5  (cost=0.43..8.45 rows=1 width=121)
	  Index Cond: (id = 7428980)

table 6 : explain SELECT c FROM sbtest6 WHERE id=4062949
	Index Scan using sbtest6_pkey on sbtest6  (cost=0.43..8.45 rows=1 width=121)
	  Index Cond: (id = 4062949)

table 7 : explain SELECT c FROM sbtest7 WHERE id=9567829
	Index Scan using sbtest7_pkey on sbtest7  (cost=0.43..8.45 rows=1 width=121)
	  Index Cond: (id = 9567829)

table 8 : explain SELECT c FROM sbtest8 WHERE id=4696509
	Index Scan using sbtest8_pkey on sbtest8  (cost=0.43..8.45 rows=1 width=121)
	  Index Cond: (id = 4696509)

for: sum_ranges
table 1 : explain SELECT SUM(k) FROM sbtest1 WHERE id BETWEEN 3784688 AND 3785687
	Aggregate  (cost=4132.51..4132.52 rows=1 width=8)
	  ->  Bitmap Heap Scan on sbtest1  (cost=23.42..4129.83 rows=1072 width=4)
	        Recheck Cond: ((id >= 3784688) AND (id <= 3785687))
	        ->  Bitmap Index Scan on sbtest1_pkey  (cost=0.00..23.15 rows=1072 width=0)
	              Index Cond: ((id >= 3784688) AND (id <= 3785687))

table 2 : explain SELECT SUM(k) FROM sbtest2 WHERE id BETWEEN 5246466 AND 5247465
	Aggregate  (cost=3655.33..3655.34 rows=1 width=8)
	  ->  Bitmap Heap Scan on sbtest2  (cost=22.12..3652.96 rows=945 width=4)
	        Recheck Cond: ((id >= 5246466) AND (id <= 5247465))
	        ->  Bitmap Index Scan on sbtest2_pkey  (cost=0.00..21.89 rows=945 width=0)
	              Index Cond: ((id >= 5246466) AND (id <= 5247465))

table 3 : explain SELECT SUM(k) FROM sbtest3 WHERE id BETWEEN 6809225 AND 6810224
	Aggregate  (cost=3734.69..3734.70 rows=1 width=8)
	  ->  Bitmap Heap Scan on sbtest3  (cost=22.34..3732.28 rows=966 width=4)
	        Recheck Cond: ((id >= 6809225) AND (id <= 6810224))
	        ->  Bitmap Index Scan on sbtest3_pkey  (cost=0.00..22.09 rows=966 width=0)
	              Index Cond: ((id >= 6809225) AND (id <= 6810224))

table 4 : explain SELECT SUM(k) FROM sbtest4 WHERE id BETWEEN 2678646 AND 2679645
	Aggregate  (cost=3663.74..3663.75 rows=1 width=8)
	  ->  Bitmap Heap Scan on sbtest4  (cost=22.14..3661.37 rows=947 width=4)
	        Recheck Cond: ((id >= 2678646) AND (id <= 2679645))
	        ->  Bitmap Index Scan on sbtest4_pkey  (cost=0.00..21.90 rows=947 width=0)
	              Index Cond: ((id >= 2678646) AND (id <= 2679645))

table 5 : explain SELECT SUM(k) FROM sbtest5 WHERE id BETWEEN 984860 AND 985859
	Aggregate  (cost=3927.85..3927.86 rows=1 width=8)
	  ->  Bitmap Heap Scan on sbtest5  (cost=22.86..3925.31 rows=1017 width=4)
	        Recheck Cond: ((id >= 984860) AND (id <= 985859))
	        ->  Bitmap Index Scan on sbtest5_pkey  (cost=0.00..22.61 rows=1017 width=0)
	              Index Cond: ((id >= 984860) AND (id <= 985859))

table 6 : explain SELECT SUM(k) FROM sbtest6 WHERE id BETWEEN 3603123 AND 3604122
	Aggregate  (cost=3649.40..3649.41 rows=1 width=8)
	  ->  Bitmap Heap Scan on sbtest6  (cost=22.10..3647.04 rows=943 width=4)
	        Recheck Cond: ((id >= 3603123) AND (id <= 3604122))
	        ->  Bitmap Index Scan on sbtest6_pkey  (cost=0.00..21.86 rows=943 width=0)
	              Index Cond: ((id >= 3603123) AND (id <= 3604122))

table 7 : explain SELECT SUM(k) FROM sbtest7 WHERE id BETWEEN 1230594 AND 1231593
	Aggregate  (cost=3622.91..3622.92 rows=1 width=8)
	  ->  Bitmap Heap Scan on sbtest7  (cost=22.03..3620.57 rows=936 width=4)
	        Recheck Cond: ((id >= 1230594) AND (id <= 1231593))
	        ->  Bitmap Index Scan on sbtest7_pkey  (cost=0.00..21.79 rows=936 width=0)
	              Index Cond: ((id >= 1230594) AND (id <= 1231593))

table 8 : explain SELECT SUM(k) FROM sbtest8 WHERE id BETWEEN 2234339 AND 2235338
	Aggregate  (cost=3751.34..3751.35 rows=1 width=8)
	  ->  Bitmap Heap Scan on sbtest8  (cost=22.38..3748.91 rows=970 width=4)
	        Recheck Cond: ((id >= 2234339) AND (id <= 2235338))
	        ->  Bitmap Index Scan on sbtest8_pkey  (cost=0.00..22.14 rows=970 width=0)
	              Index Cond: ((id >= 2234339) AND (id <= 2235338))

for: simple_ranges
table 1 : explain SELECT c FROM sbtest1 WHERE id BETWEEN 1923988 AND 1924987
	Bitmap Heap Scan on sbtest1  (cost=28.05..4358.87 rows=1133 width=121)
	  Recheck Cond: ((id >= 1923988) AND (id <= 1924987))
	  ->  Bitmap Index Scan on sbtest1_pkey  (cost=0.00..27.76 rows=1133 width=0)
	        Index Cond: ((id >= 1923988) AND (id <= 1924987))

table 2 : explain SELECT c FROM sbtest2 WHERE id BETWEEN 6400500 AND 6401499
	Bitmap Heap Scan on sbtest2  (cost=22.50..3792.44 rows=982 width=121)
	  Recheck Cond: ((id >= 6400500) AND (id <= 6401499))
	  ->  Bitmap Index Scan on sbtest2_pkey  (cost=0.00..22.25 rows=982 width=0)
	        Index Cond: ((id >= 6400500) AND (id <= 6401499))

table 3 : explain SELECT c FROM sbtest3 WHERE id BETWEEN 4601633 AND 4602632
	Bitmap Heap Scan on sbtest3  (cost=21.98..3600.26 rows=931 width=121)
	  Recheck Cond: ((id >= 4601633) AND (id <= 4602632))
	  ->  Bitmap Index Scan on sbtest3_pkey  (cost=0.00..21.75 rows=931 width=0)
	        Index Cond: ((id >= 4601633) AND (id <= 4602632))

table 4 : explain SELECT c FROM sbtest4 WHERE id BETWEEN 3956207 AND 3957206
	Bitmap Heap Scan on sbtest4  (cost=28.22..4424.95 rows=1150 width=121)
	  Recheck Cond: ((id >= 3956207) AND (id <= 3957206))
	  ->  Bitmap Index Scan on sbtest4_pkey  (cost=0.00..27.93 rows=1150 width=0)
	        Index Cond: ((id >= 3956207) AND (id <= 3957206))

table 5 : explain SELECT c FROM sbtest5 WHERE id BETWEEN 4016335 AND 4017334
	Bitmap Heap Scan on sbtest5  (cost=22.52..3801.02 rows=984 width=121)
	  Recheck Cond: ((id >= 4016335) AND (id <= 4017334))
	  ->  Bitmap Index Scan on sbtest5_pkey  (cost=0.00..22.27 rows=984 width=0)
	        Index Cond: ((id >= 4016335) AND (id <= 4017334))

table 6 : explain SELECT c FROM sbtest6 WHERE id BETWEEN 7232886 AND 7233885
	Bitmap Heap Scan on sbtest6  (cost=22.76..3888.37 rows=1007 width=121)
	  Recheck Cond: ((id >= 7232886) AND (id <= 7233885))
	  ->  Bitmap Index Scan on sbtest6_pkey  (cost=0.00..22.50 rows=1007 width=0)
	        Index Cond: ((id >= 7232886) AND (id <= 7233885))

table 7 : explain SELECT c FROM sbtest7 WHERE id BETWEEN 7528137 AND 7529136
	Bitmap Heap Scan on sbtest7  (cost=22.90..3941.04 rows=1021 width=121)
	  Recheck Cond: ((id >= 7528137) AND (id <= 7529136))
	  ->  Bitmap Index Scan on sbtest7_pkey  (cost=0.00..22.64 rows=1021 width=0)
	        Index Cond: ((id >= 7528137) AND (id <= 7529136))

table 8 : explain SELECT c FROM sbtest8 WHERE id BETWEEN 4009194 AND 4010193
	Bitmap Heap Scan on sbtest8  (cost=23.08..4008.83 rows=1039 width=121)
	  Recheck Cond: ((id >= 4009194) AND (id <= 4010193))
	  ->  Bitmap Index Scan on sbtest8_pkey  (cost=0.00..22.82 rows=1039 width=0)
	        Index Cond: ((id >= 4009194) AND (id <= 4010193))
for point_selects
table 1 : explain SELECT c FROM sbtest1 WHERE id=5508074
	Index Scan using sbtest1_pkey on sbtest1  (cost=0.43..8.45 rows=1 width=121)
	  Index Cond: (id = 5508074)

table 2 : explain SELECT c FROM sbtest2 WHERE id=8668834
	Index Scan using sbtest2_pkey on sbtest2  (cost=0.43..8.45 rows=1 width=121)
	  Index Cond: (id = 8668834)

table 3 : explain SELECT c FROM sbtest3 WHERE id=6125293
	Index Scan using sbtest3_pkey on sbtest3  (cost=0.43..8.45 rows=1 width=121)
	  Index Cond: (id = 6125293)

table 4 : explain SELECT c FROM sbtest4 WHERE id=1875717
	Index Scan using sbtest4_pkey on sbtest4  (cost=0.43..8.45 rows=1 width=121)
	  Index Cond: (id = 1875717)

table 5 : explain SELECT c FROM sbtest5 WHERE id=3946698
	Index Scan using sbtest5_pkey on sbtest5  (cost=0.43..8.45 rows=1 width=121)
	  Index Cond: (id = 3946698)

table 6 : explain SELECT c FROM sbtest6 WHERE id=9237289
	Index Scan using sbtest6_pkey on sbtest6  (cost=0.43..8.45 rows=1 width=121)
	  Index Cond: (id = 9237289)

table 7 : explain SELECT c FROM sbtest7 WHERE id=9605393
	Index Scan using sbtest7_pkey on sbtest7  (cost=0.43..8.45 rows=1 width=121)
	  Index Cond: (id = 9605393)

table 8 : explain SELECT c FROM sbtest8 WHERE id=9460866
	Index Scan using sbtest8_pkey on sbtest8  (cost=0.43..8.45 rows=1 width=121)
	  Index Cond: (id = 9460866)
for: sum_ranges
table 1 : explain SELECT SUM(k) FROM sbtest1 WHERE id BETWEEN 6206142 AND 6207141
	Aggregate  (cost=3643.07..3643.08 rows=1 width=8)
	  ->  Bitmap Heap Scan on sbtest1  (cost=22.09..3640.72 rows=942 width=4)
	        Recheck Cond: ((id >= 6206142) AND (id <= 6207141))
	        ->  Bitmap Index Scan on sbtest1_pkey  (cost=0.00..21.86 rows=942 width=0)
	              Index Cond: ((id >= 6206142) AND (id <= 6207141))

table 2 : explain SELECT SUM(k) FROM sbtest2 WHERE id BETWEEN 8718384 AND 8719383
	Aggregate  (cost=3613.80..3613.81 rows=1 width=8)
	  ->  Bitmap Heap Scan on sbtest2  (cost=22.01..3611.46 rows=934 width=4)
	        Recheck Cond: ((id >= 8718384) AND (id <= 8719383))
	        ->  Bitmap Index Scan on sbtest2_pkey  (cost=0.00..21.77 rows=934 width=0)
	              Index Cond: ((id >= 8718384) AND (id <= 8719383))

table 3 : explain SELECT SUM(k) FROM sbtest3 WHERE id BETWEEN 8290673 AND 8291672
	Aggregate  (cost=4310.57..4310.58 rows=1 width=8)
	  ->  Bitmap Heap Scan on sbtest3  (cost=27.90..4307.77 rows=1119 width=4)
	        Recheck Cond: ((id >= 8290673) AND (id <= 8291672))
	        ->  Bitmap Index Scan on sbtest3_pkey  (cost=0.00..27.62 rows=1119 width=0)
	              Index Cond: ((id >= 8290673) AND (id <= 8291672))

table 4 : explain SELECT SUM(k) FROM sbtest4 WHERE id BETWEEN 1538412 AND 1539411
	Aggregate  (cost=3984.20..3984.21 rows=1 width=8)
	  ->  Bitmap Heap Scan on sbtest4  (cost=23.01..3981.62 rows=1032 width=4)
	        Recheck Cond: ((id >= 1538412) AND (id <= 1539411))
	        ->  Bitmap Index Scan on sbtest4_pkey  (cost=0.00..22.75 rows=1032 width=0)
	              Index Cond: ((id >= 1538412) AND (id <= 1539411))

table 5 : explain SELECT SUM(k) FROM sbtest5 WHERE id BETWEEN 6466929 AND 6467928
	Aggregate  (cost=3792.17..3792.18 rows=1 width=8)
	  ->  Bitmap Heap Scan on sbtest5  (cost=22.49..3789.71 rows=981 width=4)
	        Recheck Cond: ((id >= 6466929) AND (id <= 6467928))
	        ->  Bitmap Index Scan on sbtest5_pkey  (cost=0.00..22.25 rows=981 width=0)
	              Index Cond: ((id >= 6466929) AND (id <= 6467928))

table 6 : explain SELECT SUM(k) FROM sbtest6 WHERE id BETWEEN 7760781 AND 7761780
	Aggregate  (cost=3656.96..3656.97 rows=1 width=8)
	  ->  Bitmap Heap Scan on sbtest6  (cost=22.12..3654.59 rows=945 width=4)
	        Recheck Cond: ((id >= 7760781) AND (id <= 7761780))
	        ->  Bitmap Index Scan on sbtest6_pkey  (cost=0.00..21.89 rows=945 width=0)
	              Index Cond: ((id >= 7760781) AND (id <= 7761780))

table 7 : explain SELECT SUM(k) FROM sbtest7 WHERE id BETWEEN 2022721 AND 2023720
	Aggregate  (cost=3883.30..3883.31 rows=1 width=8)
	  ->  Bitmap Heap Scan on sbtest7  (cost=22.74..3880.79 rows=1005 width=4)
	        Recheck Cond: ((id >= 2022721) AND (id <= 2023720))
	        ->  Bitmap Index Scan on sbtest7_pkey  (cost=0.00..22.48 rows=1005 width=0)
	              Index Cond: ((id >= 2022721) AND (id <= 2023720))

table 8 : explain SELECT SUM(k) FROM sbtest8 WHERE id BETWEEN 1624263 AND 1625262
	Aggregate  (cost=3985.07..3985.08 rows=1 width=8)
	  ->  Bitmap Heap Scan on sbtest8  (cost=23.01..3982.49 rows=1032 width=4)
	        Recheck Cond: ((id >= 1624263) AND (id <= 1625262))
	        ->  Bitmap Index Scan on sbtest8_pkey  (cost=0.00..22.75 rows=1032 width=0)
	              Index Cond: ((id >= 1624263) AND (id <= 1625262))



for point_selects
table 1 : explain SELECT c FROM sbtest1 WHERE id=6815658
	Index Scan using sbtest1_pkey on sbtest1  (cost=0.43..8.45 rows=1 width=121)
	  Index Cond: (id = 6815658)

table 2 : explain SELECT c FROM sbtest2 WHERE id=3437080
	Index Scan using sbtest2_pkey on sbtest2  (cost=0.43..8.45 rows=1 width=121)
	  Index Cond: (id = 3437080)

table 3 : explain SELECT c FROM sbtest3 WHERE id=7599495
	Index Scan using sbtest3_pkey on sbtest3  (cost=0.43..8.45 rows=1 width=121)
	  Index Cond: (id = 7599495)

table 4 : explain SELECT c FROM sbtest4 WHERE id=1670966
	Index Scan using sbtest4_pkey on sbtest4  (cost=0.43..8.45 rows=1 width=121)
	  Index Cond: (id = 1670966)

table 5 : explain SELECT c FROM sbtest5 WHERE id=9002318
	Index Scan using sbtest5_pkey on sbtest5  (cost=0.43..8.45 rows=1 width=121)
	  Index Cond: (id = 9002318)

table 6 : explain SELECT c FROM sbtest6 WHERE id=2965849
	Index Scan using sbtest6_pkey on sbtest6  (cost=0.43..8.45 rows=1 width=121)
	  Index Cond: (id = 2965849)

table 7 : explain SELECT c FROM sbtest7 WHERE id=9652274
	Index Scan using sbtest7_pkey on sbtest7  (cost=0.43..8.45 rows=1 width=121)
	  Index Cond: (id = 9652274)

table 8 : explain SELECT c FROM sbtest8 WHERE id=1435043
	Index Scan using sbtest8_pkey on sbtest8  (cost=0.43..8.45 rows=1 width=121)
	  Index Cond: (id = 1435043)

for: sum_ranges
table 1 : explain SELECT SUM(k) FROM sbtest1 WHERE id BETWEEN 1026755 AND 1027754
	Aggregate  (cost=3673.26..3673.27 rows=1 width=8)
	  ->  Bitmap Heap Scan on sbtest1  (cost=22.17..3670.88 rows=950 width=4)
	        Recheck Cond: ((id >= 1026755) AND (id <= 1027754))
	        ->  Bitmap Index Scan on sbtest1_pkey  (cost=0.00..21.93 rows=950 width=0)
	              Index Cond: ((id >= 1026755) AND (id <= 1027754))

table 2 : explain SELECT SUM(k) FROM sbtest2 WHERE id BETWEEN 6838264 AND 6839263
	Aggregate  (cost=3983.21..3983.22 rows=1 width=8)
	  ->  Bitmap Heap Scan on sbtest2  (cost=23.01..3980.63 rows=1032 width=4)
	        Recheck Cond: ((id >= 6838264) AND (id <= 6839263))
	        ->  Bitmap Index Scan on sbtest2_pkey  (cost=0.00..22.75 rows=1032 width=0)
	              Index Cond: ((id >= 6838264) AND (id <= 6839263))

table 3 : explain SELECT SUM(k) FROM sbtest3 WHERE id BETWEEN 4275207 AND 4276206
	Aggregate  (cost=4066.12..4066.13 rows=1 width=8)
	  ->  Bitmap Heap Scan on sbtest3  (cost=23.24..4063.49 rows=1054 width=4)
	        Recheck Cond: ((id >= 4275207) AND (id <= 4276206))
	        ->  Bitmap Index Scan on sbtest3_pkey  (cost=0.00..22.97 rows=1054 width=0)
	              Index Cond: ((id >= 4275207) AND (id <= 4276206))

table 4 : explain SELECT SUM(k) FROM sbtest4 WHERE id BETWEEN 4958053 AND 4959052
	Aggregate  (cost=4033.12..4033.13 rows=1 width=8)
	  ->  Bitmap Heap Scan on sbtest4  (cost=23.15..4030.51 rows=1045 width=4)
	        Recheck Cond: ((id >= 4958053) AND (id <= 4959052))
	        ->  Bitmap Index Scan on sbtest4_pkey  (cost=0.00..22.89 rows=1045 width=0)
	              Index Cond: ((id >= 4958053) AND (id <= 4959052))

table 5 : explain SELECT SUM(k) FROM sbtest5 WHERE id BETWEEN 2306194 AND 2307193
	Aggregate  (cost=3863.80..3863.81 rows=1 width=8)
	  ->  Bitmap Heap Scan on sbtest5  (cost=22.68..3861.30 rows=1000 width=4)
	        Recheck Cond: ((id >= 2306194) AND (id <= 2307193))
	        ->  Bitmap Index Scan on sbtest5_pkey  (cost=0.00..22.43 rows=1000 width=0)
	              Index Cond: ((id >= 2306194) AND (id <= 2307193))

table 6 : explain SELECT SUM(k) FROM sbtest6 WHERE id BETWEEN 7261706 AND 7262705
	Aggregate  (cost=3864.50..3864.51 rows=1 width=8)
	  ->  Bitmap Heap Scan on sbtest6  (cost=22.68..3862.00 rows=1000 width=4)
	        Recheck Cond: ((id >= 7261706) AND (id <= 7262705))
	        ->  Bitmap Index Scan on sbtest6_pkey  (cost=0.00..22.43 rows=1000 width=0)
	              Index Cond: ((id >= 7261706) AND (id <= 7262705))

table 7 : explain SELECT SUM(k) FROM sbtest7 WHERE id BETWEEN 8107515 AND 8108514
	Aggregate  (cost=3585.12..3585.13 rows=1 width=8)
	  ->  Bitmap Heap Scan on sbtest7  (cost=21.93..3582.81 rows=926 width=4)
	        Recheck Cond: ((id >= 8107515) AND (id <= 8108514))
	        ->  Bitmap Index Scan on sbtest7_pkey  (cost=0.00..21.69 rows=926 width=0)
	              Index Cond: ((id >= 8107515) AND (id <= 8108514))

table 8 : explain SELECT SUM(k) FROM sbtest8 WHERE id BETWEEN 8426540 AND 8427539
	Aggregate  (cost=4026.48..4026.49 rows=1 width=8)
	  ->  Bitmap Heap Scan on sbtest8  (cost=23.13..4023.88 rows=1043 width=4)
	        Recheck Cond: ((id >= 8426540) AND (id <= 8427539))
	        ->  Bitmap Index Scan on sbtest8_pkey  (cost=0.00..22.86 rows=1043 width=0)
	              Index Cond: ((id >= 8426540) AND (id <= 8427539))

for: sum_ranges
table 1 : explain SELECT SUM(k) FROM sbtest1 WHERE id BETWEEN 9643021 AND 9644020
	Aggregate  (cost=3499.58..3499.59 rows=1 width=8)
	  ->  Bitmap Heap Scan on sbtest1  (cost=21.70..3497.32 rows=904 width=4)
	        Recheck Cond: ((id >= 9643021) AND (id <= 9644020))
	        ->  Bitmap Index Scan on sbtest1_pkey  (cost=0.00..21.47 rows=904 width=0)
	              Index Cond: ((id >= 9643021) AND (id <= 9644020))

table 2 : explain SELECT SUM(k) FROM sbtest2 WHERE id BETWEEN 4825996 AND 4826995
	Aggregate  (cost=3579.81..3579.82 rows=1 width=8)
	  ->  Bitmap Heap Scan on sbtest2  (cost=21.92..3577.50 rows=925 width=4)
	        Recheck Cond: ((id >= 4825996) AND (id <= 4826995))
	        ->  Bitmap Index Scan on sbtest2_pkey  (cost=0.00..21.68 rows=925 width=0)
	              Index Cond: ((id >= 4825996) AND (id <= 4826995))

table 3 : explain SELECT SUM(k) FROM sbtest3 WHERE id BETWEEN 1753302 AND 1754301
	Aggregate  (cost=3889.23..3889.24 rows=1 width=8)
	  ->  Bitmap Heap Scan on sbtest3  (cost=22.76..3886.72 rows=1007 width=4)
	        Recheck Cond: ((id >= 1753302) AND (id <= 1754301))
	        ->  Bitmap Index Scan on sbtest3_pkey  (cost=0.00..22.50 rows=1007 width=0)
	              Index Cond: ((id >= 1753302) AND (id <= 1754301))

table 4 : explain SELECT SUM(k) FROM sbtest4 WHERE id BETWEEN 3783880 AND 3784879
	Aggregate  (cost=3671.29..3671.30 rows=1 width=8)
	  ->  Bitmap Heap Scan on sbtest4  (cost=22.16..3668.92 rows=949 width=4)
	        Recheck Cond: ((id >= 3783880) AND (id <= 3784879))
	        ->  Bitmap Index Scan on sbtest4_pkey  (cost=0.00..21.93 rows=949 width=0)
	              Index Cond: ((id >= 3783880) AND (id <= 3784879))

table 5 : explain SELECT SUM(k) FROM sbtest5 WHERE id BETWEEN 8683309 AND 8684308
	Aggregate  (cost=4262.86..4262.87 rows=1 width=8)
	  ->  Bitmap Heap Scan on sbtest5  (cost=27.77..4260.10 rows=1106 width=4)
	        Recheck Cond: ((id >= 8683309) AND (id <= 8684308))
	        ->  Bitmap Index Scan on sbtest5_pkey  (cost=0.00..27.50 rows=1106 width=0)
	              Index Cond: ((id >= 8683309) AND (id <= 8684308))

table 6 : explain SELECT SUM(k) FROM sbtest6 WHERE id BETWEEN 955354 AND 956353
	Aggregate  (cost=3988.84..3988.85 rows=1 width=8)
	  ->  Bitmap Heap Scan on sbtest6  (cost=23.02..3986.26 rows=1033 width=4)
	        Recheck Cond: ((id >= 955354) AND (id <= 956353))
	        ->  Bitmap Index Scan on sbtest6_pkey  (cost=0.00..22.76 rows=1033 width=0)
	              Index Cond: ((id >= 955354) AND (id <= 956353))

table 7 : explain SELECT SUM(k) FROM sbtest7 WHERE id BETWEEN 9515068 AND 9516067
	Aggregate  (cost=3758.85..3758.86 rows=1 width=8)
	  ->  Bitmap Heap Scan on sbtest7  (cost=22.40..3756.42 rows=972 width=4)
	        Recheck Cond: ((id >= 9515068) AND (id <= 9516067))
	        ->  Bitmap Index Scan on sbtest7_pkey  (cost=0.00..22.15 rows=972 width=0)
	              Index Cond: ((id >= 9515068) AND (id <= 9516067))

table 8 : explain SELECT SUM(k) FROM sbtest8 WHERE id BETWEEN 91509 AND 92508
	Aggregate  (cost=3528.45..3528.46 rows=1 width=8)
	  ->  Bitmap Heap Scan on sbtest8  (cost=21.77..3526.17 rows=911 width=4)
	        Recheck Cond: ((id >= 91509) AND (id <= 92508))
	        ->  Bitmap Index Scan on sbtest8_pkey  (cost=0.00..21.54 rows=911 width=0)
	              Index Cond: ((id >= 91509) AND (id <= 92508))

for: sum_ranges
table 1 : explain SELECT SUM(k) FROM sbtest1 WHERE id BETWEEN 8399040 AND 8400039
	Aggregate  (cost=3688.34..3688.35 rows=1 width=8)
	  ->  Bitmap Heap Scan on sbtest1  (cost=22.21..3685.96 rows=954 width=4)
	        Recheck Cond: ((id >= 8399040) AND (id <= 8400039))
	        ->  Bitmap Index Scan on sbtest1_pkey  (cost=0.00..21.97 rows=954 width=0)
	              Index Cond: ((id >= 8399040) AND (id <= 8400039))

table 2 : explain SELECT SUM(k) FROM sbtest2 WHERE id BETWEEN 8592522 AND 8593521
	Aggregate  (cost=3640.23..3640.24 rows=1 width=8)
	  ->  Bitmap Heap Scan on sbtest2  (cost=22.08..3637.87 rows=941 width=4)
	        Recheck Cond: ((id >= 8592522) AND (id <= 8593521))
	        ->  Bitmap Index Scan on sbtest2_pkey  (cost=0.00..21.84 rows=941 width=0)
	              Index Cond: ((id >= 8592522) AND (id <= 8593521))

table 3 : explain SELECT SUM(k) FROM sbtest3 WHERE id BETWEEN 1314468 AND 1315467
	Aggregate  (cost=3708.29..3708.30 rows=1 width=8)
	  ->  Bitmap Heap Scan on sbtest3  (cost=22.26..3705.89 rows=959 width=4)
	        Recheck Cond: ((id >= 1314468) AND (id <= 1315467))
	        ->  Bitmap Index Scan on sbtest3_pkey  (cost=0.00..22.02 rows=959 width=0)
	              Index Cond: ((id >= 1314468) AND (id <= 1315467))

table 4 : explain SELECT SUM(k) FROM sbtest4 WHERE id BETWEEN 1053583 AND 1054582
	Aggregate  (cost=3792.03..3792.04 rows=1 width=8)
	  ->  Bitmap Heap Scan on sbtest4  (cost=22.49..3789.58 rows=981 width=4)
	        Recheck Cond: ((id >= 1053583) AND (id <= 1054582))
	        ->  Bitmap Index Scan on sbtest4_pkey  (cost=0.00..22.25 rows=981 width=0)
	              Index Cond: ((id >= 1053583) AND (id <= 1054582))

table 5 : explain SELECT SUM(k) FROM sbtest5 WHERE id BETWEEN 5027506 AND 5028505
	Aggregate  (cost=4029.51..4029.52 rows=1 width=8)
	  ->  Bitmap Heap Scan on sbtest5  (cost=23.14..4026.90 rows=1044 width=4)
	        Recheck Cond: ((id >= 5027506) AND (id <= 5028505))
	        ->  Bitmap Index Scan on sbtest5_pkey  (cost=0.00..22.87 rows=1044 width=0)
	              Index Cond: ((id >= 5027506) AND (id <= 5028505))

table 6 : explain SELECT SUM(k) FROM sbtest6 WHERE id BETWEEN 6878534 AND 6879533
	Aggregate  (cost=4071.66..4071.67 rows=1 width=8)
	  ->  Bitmap Heap Scan on sbtest6  (cost=23.25..4069.02 rows=1055 width=4)
	        Recheck Cond: ((id >= 6878534) AND (id <= 6879533))
	        ->  Bitmap Index Scan on sbtest6_pkey  (cost=0.00..22.98 rows=1055 width=0)
	              Index Cond: ((id >= 6878534) AND (id <= 6879533))

table 7 : explain SELECT SUM(k) FROM sbtest7 WHERE id BETWEEN 4507483 AND 4508482
	Aggregate  (cost=3853.14..3853.15 rows=1 width=8)
	  ->  Bitmap Heap Scan on sbtest7  (cost=22.65..3850.65 rows=997 width=4)
	        Recheck Cond: ((id >= 4507483) AND (id <= 4508482))
	        ->  Bitmap Index Scan on sbtest7_pkey  (cost=0.00..22.40 rows=997 width=0)
	              Index Cond: ((id >= 4507483) AND (id <= 4508482))

table 8 : explain SELECT SUM(k) FROM sbtest8 WHERE id BETWEEN 5537234 AND 5538233
	Aggregate  (cost=3841.87..3841.88 rows=1 width=8)
	  ->  Bitmap Heap Scan on sbtest8  (cost=22.62..3839.39 rows=994 width=4)
	        Recheck Cond: ((id >= 5537234) AND (id <= 5538233))
	        ->  Bitmap Index Scan on sbtest8_pkey  (cost=0.00..22.37 rows=994 width=0)
	              Index Cond: ((id >= 5537234) AND (id <= 5538233))

for: order_ranges
table 1 : explain SELECT c FROM sbtest1 WHERE id BETWEEN 1315097 AND 1316096 ORDER BY c
	Sort  (cost=4279.31..4282.05 rows=1097 width=121)
	  Sort Key: c
	  ->  Bitmap Heap Scan on sbtest1  (cost=27.68..4223.91 rows=1097 width=121)
	        Recheck Cond: ((id >= 1315097) AND (id <= 1316096))
	        ->  Bitmap Index Scan on sbtest1_pkey  (cost=0.00..27.40 rows=1097 width=0)
	              Index Cond: ((id >= 1315097) AND (id <= 1316096))

table 2 : explain SELECT c FROM sbtest2 WHERE id BETWEEN 4523037 AND 4524036 ORDER BY c
	Sort  (cost=3936.81..3939.32 rows=1007 width=121)
	  Sort Key: c
	  ->  Bitmap Heap Scan on sbtest2  (cost=22.76..3886.58 rows=1007 width=121)
	        Recheck Cond: ((id >= 4523037) AND (id <= 4524036))
	        ->  Bitmap Index Scan on sbtest2_pkey  (cost=0.00..22.50 rows=1007 width=0)
	              Index Cond: ((id >= 4523037) AND (id <= 4524036))

table 3 : explain SELECT c FROM sbtest3 WHERE id BETWEEN 7712949 AND 7713948 ORDER BY c
	Sort  (cost=3833.73..3836.18 rows=980 width=121)
	  Sort Key: c
	  ->  Bitmap Heap Scan on sbtest3  (cost=22.48..3785.04 rows=980 width=121)
	        Recheck Cond: ((id >= 7712949) AND (id <= 7713948))
	        ->  Bitmap Index Scan on sbtest3_pkey  (cost=0.00..22.23 rows=980 width=0)
	              Index Cond: ((id >= 7712949) AND (id <= 7713948))

table 4 : explain SELECT c FROM sbtest4 WHERE id BETWEEN 4681863 AND 4682862 ORDER BY c
	Sort  (cost=4105.82..4108.45 rows=1051 width=121)
	  Sort Key: c
	  ->  Bitmap Heap Scan on sbtest4  (cost=23.21..4053.07 rows=1051 width=121)
	        Recheck Cond: ((id >= 4681863) AND (id <= 4682862))
	        ->  Bitmap Index Scan on sbtest4_pkey  (cost=0.00..22.94 rows=1051 width=0)
	              Index Cond: ((id >= 4681863) AND (id <= 4682862))

table 5 : explain SELECT c FROM sbtest5 WHERE id BETWEEN 4338130 AND 4339129 ORDER BY c
	Sort  (cost=3796.37..3798.79 rows=970 width=121)
	  Sort Key: c
	  ->  Bitmap Heap Scan on sbtest5  (cost=22.38..3748.25 rows=970 width=121)
	        Recheck Cond: ((id >= 4338130) AND (id <= 4339129))
	        ->  Bitmap Index Scan on sbtest5_pkey  (cost=0.00..22.14 rows=970 width=0)
	              Index Cond: ((id >= 4338130) AND (id <= 4339129))

table 6 : explain SELECT c FROM sbtest6 WHERE id BETWEEN 1690305 AND 1691304 ORDER BY c
	Sort  (cost=4305.31..4308.06 rows=1102 width=121)
	  Sort Key: c
	  ->  Bitmap Heap Scan on sbtest6  (cost=27.73..4249.62 rows=1102 width=121)
	        Recheck Cond: ((id >= 1690305) AND (id <= 1691304))
	        ->  Bitmap Index Scan on sbtest6_pkey  (cost=0.00..27.45 rows=1102 width=0)
	              Index Cond: ((id >= 1690305) AND (id <= 1691304))

table 7 : explain SELECT c FROM sbtest7 WHERE id BETWEEN 3616172 AND 3617171 ORDER BY c
	Sort  (cost=4110.49..4113.12 rows=1052 width=121)
	  Sort Key: c
	  ->  Bitmap Heap Scan on sbtest7  (cost=23.22..4057.69 rows=1052 width=121)
	        Recheck Cond: ((id >= 3616172) AND (id <= 3617171))
	        ->  Bitmap Index Scan on sbtest7_pkey  (cost=0.00..22.95 rows=1052 width=0)
	              Index Cond: ((id >= 3616172) AND (id <= 3617171))

table 8 : explain SELECT c FROM sbtest8 WHERE id BETWEEN 829191 AND 830190 ORDER BY c
	Sort  (cost=3992.11..3994.66 rows=1021 width=121)
	  Sort Key: c
	  ->  Bitmap Heap Scan on sbtest8  (cost=22.90..3941.08 rows=1021 width=121)
	        Recheck Cond: ((id >= 829191) AND (id <= 830190))
	        ->  Bitmap Index Scan on sbtest8_pkey  (cost=0.00..22.64 rows=1021 width=0)
	              Index Cond: ((id >= 829191) AND (id <= 830190))

for: simple_ranges
table 1 : explain SELECT c FROM sbtest1 WHERE id BETWEEN 164848 AND 165847
	Bitmap Heap Scan on sbtest1  (cost=22.01..3610.54 rows=934 width=121)
	  Recheck Cond: ((id >= 164848) AND (id <= 165847))
	  ->  Bitmap Index Scan on sbtest1_pkey  (cost=0.00..21.77 rows=934 width=0)
	        Index Cond: ((id >= 164848) AND (id <= 165847))

table 2 : explain SELECT c FROM sbtest2 WHERE id BETWEEN 5932437 AND 5933436
	Bitmap Heap Scan on sbtest2  (cost=23.36..4108.42 rows=1066 width=121)
	  Recheck Cond: ((id >= 5932437) AND (id <= 5933436))
	  ->  Bitmap Index Scan on sbtest2_pkey  (cost=0.00..23.09 rows=1066 width=0)
	        Index Cond: ((id >= 5932437) AND (id <= 5933436))

table 3 : explain SELECT c FROM sbtest3 WHERE id BETWEEN 2330637 AND 2331636
	Bitmap Heap Scan on sbtest3  (cost=22.39..3751.12 rows=971 width=121)
	  Recheck Cond: ((id >= 2330637) AND (id <= 2331636))
	  ->  Bitmap Index Scan on sbtest3_pkey  (cost=0.00..22.14 rows=971 width=0)
	        Index Cond: ((id >= 2330637) AND (id <= 2331636))

table 4 : explain SELECT c FROM sbtest4 WHERE id BETWEEN 6895189 AND 6896188
	Bitmap Heap Scan on sbtest4  (cost=22.49..3789.58 rows=981 width=121)
	  Recheck Cond: ((id >= 6895189) AND (id <= 6896188))
	  ->  Bitmap Index Scan on sbtest4_pkey  (cost=0.00..22.25 rows=981 width=0)
	        Index Cond: ((id >= 6895189) AND (id <= 6896188))

table 5 : explain SELECT c FROM sbtest5 WHERE id BETWEEN 8142526 AND 8143525
	Bitmap Heap Scan on sbtest5  (cost=22.36..3740.71 rows=968 width=121)
	  Recheck Cond: ((id >= 8142526) AND (id <= 8143525))
	  ->  Bitmap Index Scan on sbtest5_pkey  (cost=0.00..22.11 rows=968 width=0)
	        Index Cond: ((id >= 8142526) AND (id <= 8143525))

table 6 : explain SELECT c FROM sbtest6 WHERE id BETWEEN 8447066 AND 8448065
	Bitmap Heap Scan on sbtest6  (cost=27.88..4302.20 rows=1117 width=121)
	  Recheck Cond: ((id >= 8447066) AND (id <= 8448065))
	  ->  Bitmap Index Scan on sbtest6_pkey  (cost=0.00..27.61 rows=1117 width=0)
	        Index Cond: ((id >= 8447066) AND (id <= 8448065))

table 7 : explain SELECT c FROM sbtest7 WHERE id BETWEEN 5728416 AND 5729415
	Bitmap Heap Scan on sbtest7  (cost=22.14..3662.10 rows=947 width=121)
	  Recheck Cond: ((id >= 5728416) AND (id <= 5729415))
	  ->  Bitmap Index Scan on sbtest7_pkey  (cost=0.00..21.90 rows=947 width=0)
	        Index Cond: ((id >= 5728416) AND (id <= 5729415))

table 8 : explain SELECT c FROM sbtest8 WHERE id BETWEEN 897660 AND 898659
	Bitmap Heap Scan on sbtest8  (cost=22.90..3941.08 rows=1021 width=121)
	  Recheck Cond: ((id >= 897660) AND (id <= 898659))
	  ->  Bitmap Index Scan on sbtest8_pkey  (cost=0.00..22.64 rows=1021 width=0)
	        Index Cond: ((id >= 897660) AND (id <= 898659))

for point_selects
table 1 : explain SELECT c FROM sbtest1 WHERE id=8215642
	Index Scan using sbtest1_pkey on sbtest1  (cost=0.43..8.45 rows=1 width=121)
	  Index Cond: (id = 8215642)

table 2 : explain SELECT c FROM sbtest2 WHERE id=1497424
	Index Scan using sbtest2_pkey on sbtest2  (cost=0.43..8.45 rows=1 width=121)
	  Index Cond: (id = 1497424)

table 3 : explain SELECT c FROM sbtest3 WHERE id=202227
	Index Scan using sbtest3_pkey on sbtest3  (cost=0.43..8.45 rows=1 width=121)
	  Index Cond: (id = 202227)

table 4 : explain SELECT c FROM sbtest4 WHERE id=5663247
	Index Scan using sbtest4_pkey on sbtest4  (cost=0.43..8.45 rows=1 width=121)
	  Index Cond: (id = 5663247)

table 5 : explain SELECT c FROM sbtest5 WHERE id=8406637
	Index Scan using sbtest5_pkey on sbtest5  (cost=0.43..8.45 rows=1 width=121)
	  Index Cond: (id = 8406637)

table 6 : explain SELECT c FROM sbtest6 WHERE id=468066
	Index Scan using sbtest6_pkey on sbtest6  (cost=0.43..8.45 rows=1 width=121)
	  Index Cond: (id = 468066)

table 7 : explain SELECT c FROM sbtest7 WHERE id=9870291
	Index Scan using sbtest7_pkey on sbtest7  (cost=0.43..8.45 rows=1 width=121)
	  Index Cond: (id = 9870291)

table 8 : explain SELECT c FROM sbtest8 WHERE id=5509841
	Index Scan using sbtest8_pkey on sbtest8  (cost=0.43..8.45 rows=1 width=121)
	  Index Cond: (id = 5509841)

for: simple_ranges
table 1 : explain SELECT c FROM sbtest1 WHERE id BETWEEN 829045 AND 830044
	Bitmap Heap Scan on sbtest1  (cost=23.32..4092.28 rows=1062 width=121)
	  Recheck Cond: ((id >= 829045) AND (id <= 830044))
	  ->  Bitmap Index Scan on sbtest1_pkey  (cost=0.00..23.05 rows=1062 width=0)
	        Index Cond: ((id >= 829045) AND (id <= 830044))

table 2 : explain SELECT c FROM sbtest2 WHERE id BETWEEN 5460226 AND 5461225
	Bitmap Heap Scan on sbtest2  (cost=22.91..3943.02 rows=1022 width=121)
	  Recheck Cond: ((id >= 5460226) AND (id <= 5461225))
	  ->  Bitmap Index Scan on sbtest2_pkey  (cost=0.00..22.65 rows=1022 width=0)
	        Index Cond: ((id >= 5460226) AND (id <= 5461225))

table 3 : explain SELECT c FROM sbtest3 WHERE id BETWEEN 1137202 AND 1138201
	Bitmap Heap Scan on sbtest3  (cost=23.48..4153.64 rows=1078 width=121)
	  Recheck Cond: ((id >= 1137202) AND (id <= 1138201))
	  ->  Bitmap Index Scan on sbtest3_pkey  (cost=0.00..23.21 rows=1078 width=0)
	        Index Cond: ((id >= 1137202) AND (id <= 1138201))

table 4 : explain SELECT c FROM sbtest4 WHERE id BETWEEN 6177035 AND 6178034
	Bitmap Heap Scan on sbtest4  (cost=22.56..3815.96 rows=988 width=121)
	  Recheck Cond: ((id >= 6177035) AND (id <= 6178034))
	  ->  Bitmap Index Scan on sbtest4_pkey  (cost=0.00..22.32 rows=988 width=0)
	        Index Cond: ((id >= 6177035) AND (id <= 6178034))

table 5 : explain SELECT c FROM sbtest5 WHERE id BETWEEN 776091 AND 777090
	Bitmap Heap Scan on sbtest5  (cost=22.81..3906.49 rows=1012 width=121)
	  Recheck Cond: ((id >= 776091) AND (id <= 777090))
	  ->  Bitmap Index Scan on sbtest5_pkey  (cost=0.00..22.55 rows=1012 width=0)
	        Index Cond: ((id >= 776091) AND (id <= 777090))

table 6 : explain SELECT c FROM sbtest6 WHERE id BETWEEN 5447843 AND 5448842
	Bitmap Heap Scan on sbtest6  (cost=22.72..3873.30 rows=1003 width=121)
	  Recheck Cond: ((id >= 5447843) AND (id <= 5448842))
	  ->  Bitmap Index Scan on sbtest6_pkey  (cost=0.00..22.46 rows=1003 width=0)
	        Index Cond: ((id >= 5447843) AND (id <= 5448842))

table 7 : explain SELECT c FROM sbtest7 WHERE id BETWEEN 4804391 AND 4805390
	Bitmap Heap Scan on sbtest7  (cost=22.31..3722.47 rows=963 width=121)
	  Recheck Cond: ((id >= 4804391) AND (id <= 4805390))
	  ->  Bitmap Index Scan on sbtest7_pkey  (cost=0.00..22.07 rows=963 width=0)
	        Index Cond: ((id >= 4804391) AND (id <= 4805390))

table 8 : explain SELECT c FROM sbtest8 WHERE id BETWEEN 3122411 AND 3123410
	Bitmap Heap Scan on sbtest8  (cost=22.08..3639.49 rows=941 width=121)
	  Recheck Cond: ((id >= 3122411) AND (id <= 3123410))
	  ->  Bitmap Index Scan on sbtest8_pkey  (cost=0.00..21.84 rows=941 width=0)
	        Index Cond: ((id >= 3122411) AND (id <= 3123410))

for: distinct_ranges
table 1 : explain SELECT DISTINCT c FROM sbtest1 WHERE id BETWEEN 3394535 AND 3395534 ORDER BY c
	Unique  (cost=3981.60..3986.70 rows=1019 width=121)
	  ->  Sort  (cost=3981.60..3984.15 rows=1019 width=121)
	        Sort Key: c
	        ->  Bitmap Heap Scan on sbtest1  (cost=22.88..3930.69 rows=1019 width=121)
	              Recheck Cond: ((id >= 3394535) AND (id <= 3395534))
	              ->  Bitmap Index Scan on sbtest1_pkey  (cost=0.00..22.62 rows=1019 width=0)
	                    Index Cond: ((id >= 3394535) AND (id <= 3395534))

table 2 : explain SELECT DISTINCT c FROM sbtest2 WHERE id BETWEEN 1096420 AND 1097419 ORDER BY c
	Unique  (cost=3837.42..3842.32 rows=981 width=121)
	  ->  Sort  (cost=3837.42..3839.87 rows=981 width=121)
	        Sort Key: c
	        ->  Bitmap Heap Scan on sbtest2  (cost=22.49..3788.67 rows=981 width=121)
	              Recheck Cond: ((id >= 1096420) AND (id <= 1097419))
	              ->  Bitmap Index Scan on sbtest2_pkey  (cost=0.00..22.25 rows=981 width=0)
	                    Index Cond: ((id >= 1096420) AND (id <= 1097419))

table 3 : explain SELECT DISTINCT c FROM sbtest3 WHERE id BETWEEN 5237064 AND 5238063 ORDER BY c
	Unique  (cost=3791.65..3796.50 rows=969 width=121)
	  ->  Sort  (cost=3791.65..3794.07 rows=969 width=121)
	        Sort Key: c
	        ->  Bitmap Heap Scan on sbtest3  (cost=22.37..3743.59 rows=969 width=121)
	              Recheck Cond: ((id >= 5237064) AND (id <= 5238063))
	              ->  Bitmap Index Scan on sbtest3_pkey  (cost=0.00..22.12 rows=969 width=0)
	                    Index Cond: ((id >= 5237064) AND (id <= 5238063))

table 4 : explain SELECT DISTINCT c FROM sbtest4 WHERE id BETWEEN 409583 AND 410582 ORDER BY c
	Unique  (cost=4040.91..4046.08 rows=1034 width=121)
	  ->  Sort  (cost=4040.91..4043.50 rows=1034 width=121)
	        Sort Key: c
	        ->  Bitmap Heap Scan on sbtest4  (cost=23.03..3989.14 rows=1034 width=121)
	              Recheck Cond: ((id >= 409583) AND (id <= 410582))
	              ->  Bitmap Index Scan on sbtest4_pkey  (cost=0.00..22.77 rows=1034 width=0)
	                    Index Cond: ((id >= 409583) AND (id <= 410582))

table 5 : explain SELECT DISTINCT c FROM sbtest5 WHERE id BETWEEN 3674600 AND 3675599 ORDER BY c
	Unique  (cost=4430.28..4435.96 rows=1136 width=121)
	  ->  Sort  (cost=4430.28..4433.12 rows=1136 width=121)
	        Sort Key: c
	        ->  Bitmap Heap Scan on sbtest5  (cost=28.08..4372.63 rows=1136 width=121)
	              Recheck Cond: ((id >= 3674600) AND (id <= 3675599))
	              ->  Bitmap Index Scan on sbtest5_pkey  (cost=0.00..27.79 rows=1136 width=0)
	                    Index Cond: ((id >= 3674600) AND (id <= 3675599))

table 6 : explain SELECT DISTINCT c FROM sbtest6 WHERE id BETWEEN 7865329 AND 7866328 ORDER BY c
	Unique  (cost=3774.07..3778.89 rows=964 width=121)
	  ->  Sort  (cost=3774.07..3776.48 rows=964 width=121)
	        Sort Key: c
	        ->  Bitmap Heap Scan on sbtest6  (cost=22.32..3726.29 rows=964 width=121)
	              Recheck Cond: ((id >= 7865329) AND (id <= 7866328))
	              ->  Bitmap Index Scan on sbtest6_pkey  (cost=0.00..22.07 rows=964 width=0)
	                    Index Cond: ((id >= 7865329) AND (id <= 7866328))

table 7 : explain SELECT DISTINCT c FROM sbtest7 WHERE id BETWEEN 6831368 AND 6832367 ORDER BY c
	Unique  (cost=3701.25..3705.98 rows=945 width=121)
	  ->  Sort  (cost=3701.25..3703.62 rows=945 width=121)
	        Sort Key: c
	        ->  Bitmap Heap Scan on sbtest7  (cost=22.12..3654.55 rows=945 width=121)
	              Recheck Cond: ((id >= 6831368) AND (id <= 6832367))
	              ->  Bitmap Index Scan on sbtest7_pkey  (cost=0.00..21.89 rows=945 width=0)
	                    Index Cond: ((id >= 6831368) AND (id <= 6832367))

table 8 : explain SELECT DISTINCT c FROM sbtest8 WHERE id BETWEEN 6391420 AND 6392419 ORDER BY c
	Unique  (cost=3930.94..3935.97 rows=1005 width=121)
	  ->  Sort  (cost=3930.94..3933.46 rows=1005 width=121)
	        Sort Key: c
	        ->  Bitmap Heap Scan on sbtest8  (cost=22.74..3880.83 rows=1005 width=121)
	              Recheck Cond: ((id >= 6391420) AND (id <= 6392419))
	              ->  Bitmap Index Scan on sbtest8_pkey  (cost=0.00..22.48 rows=1005 width=0)
	                    Index Cond: ((id >= 6391420) AND (id <= 6392419))

for: distinct_ranges
table 1 : explain SELECT DISTINCT c FROM sbtest1 WHERE id BETWEEN 4581562 AND 4582561 ORDER BY c
	Unique  (cost=3867.01..3871.95 rows=989 width=121)
	  ->  Sort  (cost=3867.01..3869.48 rows=989 width=121)
	        Sort Key: c
	        ->  Bitmap Heap Scan on sbtest1  (cost=22.57..3817.81 rows=989 width=121)
	              Recheck Cond: ((id >= 4581562) AND (id <= 4582561))
	              ->  Bitmap Index Scan on sbtest1_pkey  (cost=0.00..22.32 rows=989 width=0)
	                    Index Cond: ((id >= 4581562) AND (id <= 4582561))

table 2 : explain SELECT DISTINCT c FROM sbtest2 WHERE id BETWEEN 212188 AND 213187 ORDER BY c
	Unique  (cost=3879.48..3884.44 rows=992 width=121)
	  ->  Sort  (cost=3879.48..3881.96 rows=992 width=121)
	        Sort Key: c
	        ->  Bitmap Heap Scan on sbtest2  (cost=22.60..3830.10 rows=992 width=121)
	              Recheck Cond: ((id >= 212188) AND (id <= 213187))
	              ->  Bitmap Index Scan on sbtest2_pkey  (cost=0.00..22.36 rows=992 width=0)
	                    Index Cond: ((id >= 212188) AND (id <= 213187))

table 3 : explain SELECT DISTINCT c FROM sbtest3 WHERE id BETWEEN 2399691 AND 2400690 ORDER BY c
	Unique  (cost=3799.30..3804.16 rows=971 width=121)
	  ->  Sort  (cost=3799.30..3801.73 rows=971 width=121)
	        Sort Key: c
	        ->  Bitmap Heap Scan on sbtest3  (cost=22.39..3751.12 rows=971 width=121)
	              Recheck Cond: ((id >= 2399691) AND (id <= 2400690))
	              ->  Bitmap Index Scan on sbtest3_pkey  (cost=0.00..22.14 rows=971 width=0)
	                    Index Cond: ((id >= 2399691) AND (id <= 2400690))

table 4 : explain SELECT DISTINCT c FROM sbtest4 WHERE id BETWEEN 1748551 AND 1749550 ORDER BY c
	Unique  (cost=3470.49..3474.92 rows=885 width=121)
	  ->  Sort  (cost=3470.49..3472.71 rows=885 width=121)
	        Sort Key: c
	        ->  Bitmap Heap Scan on sbtest4  (cost=21.51..3427.17 rows=885 width=121)
	              Recheck Cond: ((id >= 1748551) AND (id <= 1749550))
	              ->  Bitmap Index Scan on sbtest4_pkey  (cost=0.00..21.29 rows=885 width=0)
	                    Index Cond: ((id >= 1748551) AND (id <= 1749550))

table 5 : explain SELECT DISTINCT c FROM sbtest5 WHERE id BETWEEN 7665355 AND 7666354 ORDER BY c
	Unique  (cost=3804.02..3808.88 rows=972 width=121)
	  ->  Sort  (cost=3804.02..3806.45 rows=972 width=121)
	        Sort Key: c
	        ->  Bitmap Heap Scan on sbtest5  (cost=22.40..3755.79 rows=972 width=121)
	              Recheck Cond: ((id >= 7665355) AND (id <= 7666354))
	              ->  Bitmap Index Scan on sbtest5_pkey  (cost=0.00..22.15 rows=972 width=0)
	                    Index Cond: ((id >= 7665355) AND (id <= 7666354))

table 6 : explain SELECT DISTINCT c FROM sbtest6 WHERE id BETWEEN 2485284 AND 2486283 ORDER BY c
	Unique  (cost=3705.13..3709.86 rows=946 width=121)
	  ->  Sort  (cost=3705.13..3707.49 rows=946 width=121)
	        Sort Key: c
	        ->  Bitmap Heap Scan on sbtest6  (cost=22.13..3658.37 rows=946 width=121)
	              Recheck Cond: ((id >= 2485284) AND (id <= 2486283))
	              ->  Bitmap Index Scan on sbtest6_pkey  (cost=0.00..21.89 rows=946 width=0)
	                    Index Cond: ((id >= 2485284) AND (id <= 2486283))

table 7 : explain SELECT DISTINCT c FROM sbtest7 WHERE id BETWEEN 210098 AND 211097 ORDER BY c
	Unique  (cost=4320.58..4326.12 rows=1107 width=121)
	  ->  Sort  (cost=4320.58..4323.35 rows=1107 width=121)
	        Sort Key: c
	        ->  Bitmap Heap Scan on sbtest7  (cost=27.78..4264.61 rows=1107 width=121)
	              Recheck Cond: ((id >= 210098) AND (id <= 211097))
	              ->  Bitmap Index Scan on sbtest7_pkey  (cost=0.00..27.50 rows=1107 width=0)
	                    Index Cond: ((id >= 210098) AND (id <= 211097))

table 8 : explain SELECT DISTINCT c FROM sbtest8 WHERE id BETWEEN 8092115 AND 8093114 ORDER BY c
	Unique  (cost=3820.00..3824.88 rows=976 width=121)
	  ->  Sort  (cost=3820.00..3822.44 rows=976 width=121)
	        Sort Key: c
	        ->  Bitmap Heap Scan on sbtest8  (cost=22.44..3771.54 rows=976 width=121)
	              Recheck Cond: ((id >= 8092115) AND (id <= 8093114))
	              ->  Bitmap Index Scan on sbtest8_pkey  (cost=0.00..22.19 rows=976 width=0)
	                    Index Cond: ((id >= 8092115) AND (id <= 8093114))

for: simple_ranges
table 1 : explain SELECT c FROM sbtest1 WHERE id BETWEEN 6642341 AND 6643340
	Bitmap Heap Scan on sbtest1  (cost=23.37..4111.06 rows=1067 width=121)
	  Recheck Cond: ((id >= 6642341) AND (id <= 6643340))
	  ->  Bitmap Index Scan on sbtest1_pkey  (cost=0.00..23.11 rows=1067 width=0)
	        Index Cond: ((id >= 6642341) AND (id <= 6643340))

table 2 : explain SELECT c FROM sbtest2 WHERE id BETWEEN 5193285 AND 5194284
	Bitmap Heap Scan on sbtest2  (cost=22.98..3969.35 rows=1029 width=121)
	  Recheck Cond: ((id >= 5193285) AND (id <= 5194284))
	  ->  Bitmap Index Scan on sbtest2_pkey  (cost=0.00..22.72 rows=1029 width=0)
	        Index Cond: ((id >= 5193285) AND (id <= 5194284))

table 3 : explain SELECT c FROM sbtest3 WHERE id BETWEEN 3895893 AND 3896892
	Bitmap Heap Scan on sbtest3  (cost=23.17..4037.18 rows=1047 width=121)
	  Recheck Cond: ((id >= 3895893) AND (id <= 3896892))
	  ->  Bitmap Index Scan on sbtest3_pkey  (cost=0.00..22.90 rows=1047 width=0)
	        Index Cond: ((id >= 3895893) AND (id <= 3896892))

table 4 : explain SELECT c FROM sbtest4 WHERE id BETWEEN 3727961 AND 3728960
	Bitmap Heap Scan on sbtest4  (cost=22.63..3842.33 rows=995 width=121)
	  Recheck Cond: ((id >= 3727961) AND (id <= 3728960))
	  ->  Bitmap Index Scan on sbtest4_pkey  (cost=0.00..22.39 rows=995 width=0)
	        Index Cond: ((id >= 3727961) AND (id <= 3728960))

table 5 : explain SELECT c FROM sbtest5 WHERE id BETWEEN 9820399 AND 9821398
	Bitmap Heap Scan on sbtest5  (cost=23.25..4068.26 rows=1055 width=121)
	  Recheck Cond: ((id >= 9820399) AND (id <= 9821398))
	  ->  Bitmap Index Scan on sbtest5_pkey  (cost=0.00..22.98 rows=1055 width=0)
	        Index Cond: ((id >= 9820399) AND (id <= 9821398))

table 6 : explain SELECT c FROM sbtest6 WHERE id BETWEEN 4114121 AND 4115120
	Bitmap Heap Scan on sbtest6  (cost=23.33..4099.10 rows=1063 width=121)
	  Recheck Cond: ((id >= 4114121) AND (id <= 4115120))
	  ->  Bitmap Index Scan on sbtest6_pkey  (cost=0.00..23.07 rows=1063 width=0)
	        Index Cond: ((id >= 4114121) AND (id <= 4115120))

table 7 : explain SELECT c FROM sbtest7 WHERE id BETWEEN 7727623 AND 7728622
	Bitmap Heap Scan on sbtest7  (cost=22.54..3809.20 rows=986 width=121)
	  Recheck Cond: ((id >= 7727623) AND (id <= 7728622))
	  ->  Bitmap Index Scan on sbtest7_pkey  (cost=0.00..22.29 rows=986 width=0)
	        Index Cond: ((id >= 7727623) AND (id <= 7728622))

table 8 : explain SELECT c FROM sbtest8 WHERE id BETWEEN 5768250 AND 5769249
	Bitmap Heap Scan on sbtest8  (cost=22.08..3639.49 rows=941 width=121)
	  Recheck Cond: ((id >= 5768250) AND (id <= 5769249))
	  ->  Bitmap Index Scan on sbtest8_pkey  (cost=0.00..21.84 rows=941 width=0)
	        Index Cond: ((id >= 5768250) AND (id <= 5769249))

for: simple_ranges
table 1 : explain SELECT c FROM sbtest1 WHERE id BETWEEN 6957050 AND 6958049
	Bitmap Heap Scan on sbtest1  (cost=23.19..4043.45 rows=1049 width=121)
	  Recheck Cond: ((id >= 6957050) AND (id <= 6958049))
	  ->  Bitmap Index Scan on sbtest1_pkey  (cost=0.00..22.93 rows=1049 width=0)
	        Index Cond: ((id >= 6957050) AND (id <= 6958049))

table 2 : explain SELECT c FROM sbtest2 WHERE id BETWEEN 8950390 AND 8951389
	Bitmap Heap Scan on sbtest2  (cost=23.00..3976.87 rows=1031 width=121)
	  Recheck Cond: ((id >= 8950390) AND (id <= 8951389))
	  ->  Bitmap Index Scan on sbtest2_pkey  (cost=0.00..22.75 rows=1031 width=0)
	        Index Cond: ((id >= 8950390) AND (id <= 8951389))

table 3 : explain SELECT c FROM sbtest3 WHERE id BETWEEN 1162154 AND 1163153
	Bitmap Heap Scan on sbtest3  (cost=23.48..4153.64 rows=1078 width=121)
	  Recheck Cond: ((id >= 1162154) AND (id <= 1163153))
	  ->  Bitmap Index Scan on sbtest3_pkey  (cost=0.00..23.21 rows=1078 width=0)
	        Index Cond: ((id >= 1162154) AND (id <= 1163153))

table 4 : explain SELECT c FROM sbtest4 WHERE id BETWEEN 1834671 AND 1835670
	Bitmap Heap Scan on sbtest4  (cost=22.35..3736.81 rows=967 width=121)
	  Recheck Cond: ((id >= 1834671) AND (id <= 1835670))
	  ->  Bitmap Index Scan on sbtest4_pkey  (cost=0.00..22.11 rows=967 width=0)
	        Index Cond: ((id >= 1834671) AND (id <= 1835670))

table 5 : explain SELECT c FROM sbtest5 WHERE id BETWEEN 7060217 AND 7061216
	Bitmap Heap Scan on sbtest5  (cost=21.44..3404.59 rows=879 width=121)
	  Recheck Cond: ((id >= 7060217) AND (id <= 7061216))
	  ->  Bitmap Index Scan on sbtest5_pkey  (cost=0.00..21.22 rows=879 width=0)
	        Index Cond: ((id >= 7060217) AND (id <= 7061216))

table 6 : explain SELECT c FROM sbtest6 WHERE id BETWEEN 9546406 AND 9547405
	Bitmap Heap Scan on sbtest6  (cost=22.80..3903.44 rows=1011 width=121)
	  Recheck Cond: ((id >= 9546406) AND (id <= 9547405))
	  ->  Bitmap Index Scan on sbtest6_pkey  (cost=0.00..22.54 rows=1011 width=0)
	        Index Cond: ((id >= 9546406) AND (id <= 9547405))

table 7 : explain SELECT c FROM sbtest7 WHERE id BETWEEN 9918385 AND 9919384
	Bitmap Heap Scan on sbtest7  (cost=22.67..3858.19 rows=999 width=121)
	  Recheck Cond: ((id >= 9918385) AND (id <= 9919384))
	  ->  Bitmap Index Scan on sbtest7_pkey  (cost=0.00..22.43 rows=999 width=0)
	        Index Cond: ((id >= 9918385) AND (id <= 9919384))

table 8 : explain SELECT c FROM sbtest8 WHERE id BETWEEN 7923614 AND 7924613
	Bitmap Heap Scan on sbtest8  (cost=22.45..3775.31 rows=977 width=121)
	  Recheck Cond: ((id >= 7923614) AND (id <= 7924613))
	  ->  Bitmap Index Scan on sbtest8_pkey  (cost=0.00..22.20 rows=977 width=0)
	        Index Cond: ((id >= 7923614) AND (id <= 7924613))

for: sum_ranges
table 1 : explain SELECT SUM(k) FROM sbtest1 WHERE id BETWEEN 6757556 AND 6758555
	Aggregate  (cost=3857.94..3857.95 rows=1 width=8)
	  ->  Bitmap Heap Scan on sbtest1  (cost=22.67..3855.45 rows=999 width=4)
	        Recheck Cond: ((id >= 6757556) AND (id <= 6758555))
	        ->  Bitmap Index Scan on sbtest1_pkey  (cost=0.00..22.43 rows=999 width=0)
	              Index Cond: ((id >= 6757556) AND (id <= 6758555))

table 2 : explain SELECT SUM(k) FROM sbtest2 WHERE id BETWEEN 1873001 AND 1874000
	Aggregate  (cost=3956.87..3956.88 rows=1 width=8)
	  ->  Bitmap Heap Scan on sbtest2  (cost=22.94..3954.31 rows=1025 width=4)
	        Recheck Cond: ((id >= 1873001) AND (id <= 1874000))
	        ->  Bitmap Index Scan on sbtest2_pkey  (cost=0.00..22.68 rows=1025 width=0)
	              Index Cond: ((id >= 1873001) AND (id <= 1874000))

table 3 : explain SELECT SUM(k) FROM sbtest3 WHERE id BETWEEN 3293304 AND 3294303
	Aggregate  (cost=3610.15..3610.16 rows=1 width=8)
	  ->  Bitmap Heap Scan on sbtest3  (cost=22.00..3607.81 rows=933 width=4)
	        Recheck Cond: ((id >= 3293304) AND (id <= 3294303))
	        ->  Bitmap Index Scan on sbtest3_pkey  (cost=0.00..21.76 rows=933 width=0)
	              Index Cond: ((id >= 3293304) AND (id <= 3294303))

table 4 : explain SELECT SUM(k) FROM sbtest4 WHERE id BETWEEN 3612482 AND 3613481
	Aggregate  (cost=4074.51..4074.52 rows=1 width=8)
	  ->  Bitmap Heap Scan on sbtest4  (cost=23.26..4071.87 rows=1056 width=4)
	        Recheck Cond: ((id >= 3612482) AND (id <= 3613481))
	        ->  Bitmap Index Scan on sbtest4_pkey  (cost=0.00..23.00 rows=1056 width=0)
	              Index Cond: ((id >= 3612482) AND (id <= 3613481))

table 5 : explain SELECT SUM(k) FROM sbtest5 WHERE id BETWEEN 4928599 AND 4929598
	Aggregate  (cost=3867.57..3867.58 rows=1 width=8)
	  ->  Bitmap Heap Scan on sbtest5  (cost=22.70..3865.07 rows=1001 width=4)
	        Recheck Cond: ((id >= 4928599) AND (id <= 4929598))
	        ->  Bitmap Index Scan on sbtest5_pkey  (cost=0.00..22.44 rows=1001 width=0)
	              Index Cond: ((id >= 4928599) AND (id <= 4929598))

table 6 : explain SELECT SUM(k) FROM sbtest6 WHERE id BETWEEN 5907927 AND 5908926
	Aggregate  (cost=4097.99..4098.00 rows=1 width=8)
	  ->  Bitmap Heap Scan on sbtest6  (cost=23.32..4095.34 rows=1062 width=4)
	        Recheck Cond: ((id >= 5907927) AND (id <= 5908926))
	        ->  Bitmap Index Scan on sbtest6_pkey  (cost=0.00..23.05 rows=1062 width=0)
	              Index Cond: ((id >= 5907927) AND (id <= 5908926))

table 7 : explain SELECT SUM(k) FROM sbtest7 WHERE id BETWEEN 3464476 AND 3465475
	Aggregate  (cost=3570.00..3570.01 rows=1 width=8)
	  ->  Bitmap Heap Scan on sbtest7  (cost=21.89..3567.70 rows=922 width=4)
	        Recheck Cond: ((id >= 3464476) AND (id <= 3465475))
	        ->  Bitmap Index Scan on sbtest7_pkey  (cost=0.00..21.65 rows=922 width=0)
	              Index Cond: ((id >= 3464476) AND (id <= 3465475))

table 8 : explain SELECT SUM(k) FROM sbtest8 WHERE id BETWEEN 972863 AND 973862
	Aggregate  (cost=3890.88..3890.89 rows=1 width=8)
	  ->  Bitmap Heap Scan on sbtest8  (cost=22.76..3888.36 rows=1007 width=4)
	        Recheck Cond: ((id >= 972863) AND (id <= 973862))
	        ->  Bitmap Index Scan on sbtest8_pkey  (cost=0.00..22.50 rows=1007 width=0)
	              Index Cond: ((id >= 972863) AND (id <= 973862))

for: order_ranges
table 1 : explain SELECT c FROM sbtest1 WHERE id BETWEEN 7766562 AND 7767561 ORDER BY c
	Sort  (cost=3580.03..3582.31 rows=914 width=121)
	  Sort Key: c
	  ->  Bitmap Heap Scan on sbtest1  (cost=21.80..3535.08 rows=914 width=121)
	        Recheck Cond: ((id >= 7766562) AND (id <= 7767561))
	        ->  Bitmap Index Scan on sbtest1_pkey  (cost=0.00..21.57 rows=914 width=0)
	              Index Cond: ((id >= 7766562) AND (id <= 7767561))

table 2 : explain SELECT c FROM sbtest2 WHERE id BETWEEN 329061 AND 330060 ORDER BY c
	Sort  (cost=3952.09..3954.62 rows=1011 width=121)
	  Sort Key: c
	  ->  Bitmap Heap Scan on sbtest2  (cost=22.80..3901.63 rows=1011 width=121)
	        Recheck Cond: ((id >= 329061) AND (id <= 330060))
	        ->  Bitmap Index Scan on sbtest2_pkey  (cost=0.00..22.54 rows=1011 width=0)
	              Index Cond: ((id >= 329061) AND (id <= 330060))

table 3 : explain SELECT c FROM sbtest3 WHERE id BETWEEN 6771988 AND 6772987 ORDER BY c
	Sort  (cost=3780.17..3782.59 rows=966 width=121)
	  Sort Key: c
	  ->  Bitmap Heap Scan on sbtest3  (cost=22.34..3732.28 rows=966 width=121)
	        Recheck Cond: ((id >= 6771988) AND (id <= 6772987))
	        ->  Bitmap Index Scan on sbtest3_pkey  (cost=0.00..22.09 rows=966 width=0)
	              Index Cond: ((id >= 6771988) AND (id <= 6772987))

table 4 : explain SELECT c FROM sbtest4 WHERE id BETWEEN 7181807 AND 7182806 ORDER BY c
	Sort  (cost=3742.65..3745.04 rows=956 width=121)
	  Sort Key: c
	  ->  Bitmap Heap Scan on sbtest4  (cost=22.23..3695.32 rows=956 width=121)
	        Recheck Cond: ((id >= 7181807) AND (id <= 7182806))
	        ->  Bitmap Index Scan on sbtest4_pkey  (cost=0.00..22.00 rows=956 width=0)
	              Index Cond: ((id >= 7181807) AND (id <= 7182806))

table 5 : explain SELECT c FROM sbtest5 WHERE id BETWEEN 2728714 AND 2729713 ORDER BY c
	Sort  (cost=3853.76..3856.22 rows=985 width=121)
	  Sort Key: c
	  ->  Bitmap Heap Scan on sbtest5  (cost=22.53..3804.79 rows=985 width=121)
	        Recheck Cond: ((id >= 2728714) AND (id <= 2729713))
	        ->  Bitmap Index Scan on sbtest5_pkey  (cost=0.00..22.29 rows=985 width=0)
	              Index Cond: ((id >= 2728714) AND (id <= 2729713))

table 6 : explain SELECT c FROM sbtest6 WHERE id BETWEEN 6248794 AND 6249793 ORDER BY c
	Sort  (cost=3888.88..3891.37 rows=994 width=121)
	  Sort Key: c
	  ->  Bitmap Heap Scan on sbtest6  (cost=22.62..3839.39 rows=994 width=121)
	        Recheck Cond: ((id >= 6248794) AND (id <= 6249793))
	        ->  Bitmap Index Scan on sbtest6_pkey  (cost=0.00..22.37 rows=994 width=0)
	              Index Cond: ((id >= 6248794) AND (id <= 6249793))

table 7 : explain SELECT c FROM sbtest7 WHERE id BETWEEN 3547153 AND 3548152 ORDER BY c
	Sort  (cost=4316.77..4319.54 rows=1106 width=121)
	  Sort Key: c
	  ->  Bitmap Heap Scan on sbtest7  (cost=27.77..4260.86 rows=1106 width=121)
	        Recheck Cond: ((id >= 3547153) AND (id <= 3548152))
	        ->  Bitmap Index Scan on sbtest7_pkey  (cost=0.00..27.50 rows=1106 width=0)
	              Index Cond: ((id >= 3547153) AND (id <= 3548152))

table 8 : explain SELECT c FROM sbtest8 WHERE id BETWEEN 205995 AND 206994 ORDER BY c
	Sort  (cost=3609.30..3611.60 rows=921 width=121)
	  Sort Key: c
	  ->  Bitmap Heap Scan on sbtest8  (cost=21.88..3563.96 rows=921 width=121)
	        Recheck Cond: ((id >= 205995) AND (id <= 206994))
	        ->  Bitmap Index Scan on sbtest8_pkey  (cost=0.00..21.64 rows=921 width=0)
	              Index Cond: ((id >= 205995) AND (id <= 206994))

for: distinct_ranges
table 1 : explain SELECT DISTINCT c FROM sbtest1 WHERE id BETWEEN 9402675 AND 9403674 ORDER BY c
	Unique  (cost=4004.51..4009.63 rows=1025 width=121)
	  ->  Sort  (cost=4004.51..4007.07 rows=1025 width=121)
	        Sort Key: c
	        ->  Bitmap Heap Scan on sbtest1  (cost=22.94..3953.25 rows=1025 width=121)
	              Recheck Cond: ((id >= 9402675) AND (id <= 9403674))
	              ->  Bitmap Index Scan on sbtest1_pkey  (cost=0.00..22.68 rows=1025 width=0)
	                    Index Cond: ((id >= 9402675) AND (id <= 9403674))

table 2 : explain SELECT DISTINCT c FROM sbtest2 WHERE id BETWEEN 3142212 AND 3143211 ORDER BY c
	Unique  (cost=3929.16..3934.19 rows=1005 width=121)
	  ->  Sort  (cost=3929.16..3931.68 rows=1005 width=121)
	        Sort Key: c
	        ->  Bitmap Heap Scan on sbtest2  (cost=22.74..3879.05 rows=1005 width=121)
	              Recheck Cond: ((id >= 3142212) AND (id <= 3143211))
	              ->  Bitmap Index Scan on sbtest2_pkey  (cost=0.00..22.48 rows=1005 width=0)
	                    Index Cond: ((id >= 3142212) AND (id <= 3143211))

table 3 : explain SELECT DISTINCT c FROM sbtest3 WHERE id BETWEEN 1728869 AND 1729868 ORDER BY c
	Unique  (cost=3936.94..3941.98 rows=1007 width=121)
	  ->  Sort  (cost=3936.94..3939.46 rows=1007 width=121)
	        Sort Key: c
	        ->  Bitmap Heap Scan on sbtest3  (cost=22.76..3886.72 rows=1007 width=121)
	              Recheck Cond: ((id >= 1728869) AND (id <= 1729868))
	              ->  Bitmap Index Scan on sbtest3_pkey  (cost=0.00..22.50 rows=1007 width=0)
	                    Index Cond: ((id >= 1728869) AND (id <= 1729868))

table 4 : explain SELECT DISTINCT c FROM sbtest4 WHERE id BETWEEN 644802 AND 645801 ORDER BY c
	Unique  (cost=4090.55..4095.79 rows=1047 width=121)
	  ->  Sort  (cost=4090.55..4093.17 rows=1047 width=121)
	        Sort Key: c
	        ->  Bitmap Heap Scan on sbtest4  (cost=23.17..4038.03 rows=1047 width=121)
	              Recheck Cond: ((id >= 644802) AND (id <= 645801))
	              ->  Bitmap Index Scan on sbtest4_pkey  (cost=0.00..22.90 rows=1047 width=0)
	                    Index Cond: ((id >= 644802) AND (id <= 645801))

table 5 : explain SELECT DISTINCT c FROM sbtest5 WHERE id BETWEEN 8634716 AND 8635715 ORDER BY c
	Unique  (cost=4316.01..4321.54 rows=1106 width=121)
	  ->  Sort  (cost=4316.01..4318.77 rows=1106 width=121)
	        Sort Key: c
	        ->  Bitmap Heap Scan on sbtest5  (cost=27.77..4260.10 rows=1106 width=121)
	              Recheck Cond: ((id >= 8634716) AND (id <= 8635715))
	              ->  Bitmap Index Scan on sbtest5_pkey  (cost=0.00..27.50 rows=1106 width=0)
	                    Index Cond: ((id >= 8634716) AND (id <= 8635715))

table 6 : explain SELECT DISTINCT c FROM sbtest6 WHERE id BETWEEN 5503323 AND 5504322 ORDER BY c
	Unique  (cost=3869.75..3874.70 rows=989 width=121)
	  ->  Sort  (cost=3869.75..3872.23 rows=989 width=121)
	        Sort Key: c
	        ->  Bitmap Heap Scan on sbtest6  (cost=22.57..3820.55 rows=989 width=121)
	              Recheck Cond: ((id >= 5503323) AND (id <= 5504322))
	              ->  Bitmap Index Scan on sbtest6_pkey  (cost=0.00..22.32 rows=989 width=0)
	                    Index Cond: ((id >= 5503323) AND (id <= 5504322))

table 7 : explain SELECT DISTINCT c FROM sbtest7 WHERE id BETWEEN 3626222 AND 3627221 ORDER BY c
	Unique  (cost=4110.49..4115.75 rows=1052 width=121)
	  ->  Sort  (cost=4110.49..4113.12 rows=1052 width=121)
	        Sort Key: c
	        ->  Bitmap Heap Scan on sbtest7  (cost=23.22..4057.69 rows=1052 width=121)
	              Recheck Cond: ((id >= 3626222) AND (id <= 3627221))
	              ->  Bitmap Index Scan on sbtest7_pkey  (cost=0.00..22.95 rows=1052 width=0)
	                    Index Cond: ((id >= 3626222) AND (id <= 3627221))

table 8 : explain SELECT DISTINCT c FROM sbtest8 WHERE id BETWEEN 4308428 AND 4309427 ORDER BY c
	Unique  (cost=4564.35..4570.21 rows=1171 width=121)
	  ->  Sort  (cost=4564.35..4567.28 rows=1171 width=121)
	        Sort Key: c
	        ->  Bitmap Heap Scan on sbtest8  (cost=28.44..4504.67 rows=1171 width=121)
	              Recheck Cond: ((id >= 4308428) AND (id <= 4309427))
	              ->  Bitmap Index Scan on sbtest8_pkey  (cost=0.00..28.14 rows=1171 width=0)
	                    Index Cond: ((id >= 4308428) AND (id <= 4309427))

for: order_ranges
table 1 : explain SELECT c FROM sbtest1 WHERE id BETWEEN 1021329 AND 1022328 ORDER BY c
	Sort  (cost=3717.87..3720.24 rows=950 width=121)
	  Sort Key: c
	  ->  Bitmap Heap Scan on sbtest1  (cost=22.17..3670.88 rows=950 width=121)
	        Recheck Cond: ((id >= 1021329) AND (id <= 1022328))
	        ->  Bitmap Index Scan on sbtest1_pkey  (cost=0.00..21.93 rows=950 width=0)
	              Index Cond: ((id >= 1021329) AND (id <= 1022328))

table 2 : explain SELECT c FROM sbtest2 WHERE id BETWEEN 8830511 AND 8831510 ORDER BY c
	Sort  (cost=3822.12..3824.56 rows=977 width=121)
	  Sort Key: c
	  ->  Bitmap Heap Scan on sbtest2  (cost=22.45..3773.60 rows=977 width=121)
	        Recheck Cond: ((id >= 8830511) AND (id <= 8831510))
	        ->  Bitmap Index Scan on sbtest2_pkey  (cost=0.00..22.20 rows=977 width=0)
	              Index Cond: ((id >= 8830511) AND (id <= 8831510))

table 3 : explain SELECT c FROM sbtest3 WHERE id BETWEEN 6982308 AND 6983307 ORDER BY c
	Sort  (cost=3638.51..3640.84 rows=929 width=121)
	  Sort Key: c
	  ->  Bitmap Heap Scan on sbtest3  (cost=21.96..3592.72 rows=929 width=121)
	        Recheck Cond: ((id >= 6982308) AND (id <= 6983307))
	        ->  Bitmap Index Scan on sbtest3_pkey  (cost=0.00..21.72 rows=929 width=0)
	              Index Cond: ((id >= 6982308) AND (id <= 6983307))

table 4 : explain SELECT c FROM sbtest4 WHERE id BETWEEN 7171745 AND 7172744 ORDER BY c
	Sort  (cost=3742.65..3745.04 rows=956 width=121)
	  Sort Key: c
	  ->  Bitmap Heap Scan on sbtest4  (cost=22.23..3695.32 rows=956 width=121)
	        Recheck Cond: ((id >= 7171745) AND (id <= 7172744))
	        ->  Bitmap Index Scan on sbtest4_pkey  (cost=0.00..22.00 rows=956 width=0)
	              Index Cond: ((id >= 7171745) AND (id <= 7172744))

table 5 : explain SELECT c FROM sbtest5 WHERE id BETWEEN 5548260 AND 5549259 ORDER BY c
	Sort  (cost=3888.18..3890.67 rows=994 width=121)
	  Sort Key: c
	  ->  Bitmap Heap Scan on sbtest5  (cost=22.62..3838.70 rows=994 width=121)
	        Recheck Cond: ((id >= 5548260) AND (id <= 5549259))
	        ->  Bitmap Index Scan on sbtest5_pkey  (cost=0.00..22.37 rows=994 width=0)
	              Index Cond: ((id >= 5548260) AND (id <= 5549259))

table 6 : explain SELECT c FROM sbtest6 WHERE id BETWEEN 1866503 AND 1867502 ORDER BY c
	Sort  (cost=3524.92..3527.17 rows=899 width=121)
	  Sort Key: c
	  ->  Bitmap Heap Scan on sbtest6  (cost=21.65..3480.82 rows=899 width=121)
	        Recheck Cond: ((id >= 1866503) AND (id <= 1867502))
	        ->  Bitmap Index Scan on sbtest6_pkey  (cost=0.00..21.43 rows=899 width=0)
	              Index Cond: ((id >= 1866503) AND (id <= 1867502))

table 7 : explain SELECT c FROM sbtest7 WHERE id BETWEEN 1346198 AND 1347197 ORDER BY c
	Sort  (cost=3777.85..3780.27 rows=965 width=121)
	  Sort Key: c
	  ->  Bitmap Heap Scan on sbtest7  (cost=22.33..3730.02 rows=965 width=121)
	        Recheck Cond: ((id >= 1346198) AND (id <= 1347197))
	        ->  Bitmap Index Scan on sbtest7_pkey  (cost=0.00..22.08 rows=965 width=0)
	              Index Cond: ((id >= 1346198) AND (id <= 1347197))

table 8 : explain SELECT c FROM sbtest8 WHERE id BETWEEN 5530250 AND 5531249 ORDER BY c
	Sort  (cost=3888.87..3891.36 rows=994 width=121)
	  Sort Key: c
	  ->  Bitmap Heap Scan on sbtest8  (cost=22.62..3839.39 rows=994 width=121)
	        Recheck Cond: ((id >= 5530250) AND (id <= 5531249))
	        ->  Bitmap Index Scan on sbtest8_pkey  (cost=0.00..22.37 rows=994 width=0)
	              Index Cond: ((id >= 5530250) AND (id <= 5531249))

for: simple_ranges
table 1 : explain SELECT c FROM sbtest1 WHERE id BETWEEN 8590908 AND 8591907
	Bitmap Heap Scan on sbtest1  (cost=22.00..3606.77 rows=933 width=121)
	  Recheck Cond: ((id >= 8590908) AND (id <= 8591907))
	  ->  Bitmap Index Scan on sbtest1_pkey  (cost=0.00..21.76 rows=933 width=0)
	        Index Cond: ((id >= 8590908) AND (id <= 8591907))

table 2 : explain SELECT c FROM sbtest2 WHERE id BETWEEN 7045854 AND 7046853
	Bitmap Heap Scan on sbtest2  (cost=22.41..3758.53 rows=973 width=121)
	  Recheck Cond: ((id >= 7045854) AND (id <= 7046853))
	  ->  Bitmap Index Scan on sbtest2_pkey  (cost=0.00..22.16 rows=973 width=0)
	        Index Cond: ((id >= 7045854) AND (id <= 7046853))

table 3 : explain SELECT c FROM sbtest3 WHERE id BETWEEN 4677575 AND 4678574
	Bitmap Heap Scan on sbtest3  (cost=22.07..3634.23 rows=940 width=121)
	  Recheck Cond: ((id >= 4677575) AND (id <= 4678574))
	  ->  Bitmap Index Scan on sbtest3_pkey  (cost=0.00..21.83 rows=940 width=0)
	        Index Cond: ((id >= 4677575) AND (id <= 4678574))

table 4 : explain SELECT c FROM sbtest4 WHERE id BETWEEN 8468912 AND 8469911
	Bitmap Heap Scan on sbtest4  (cost=28.07..4368.72 rows=1135 width=121)
	  Recheck Cond: ((id >= 8468912) AND (id <= 8469911))
	  ->  Bitmap Index Scan on sbtest4_pkey  (cost=0.00..27.79 rows=1135 width=0)
	        Index Cond: ((id >= 8468912) AND (id <= 8469911))

table 5 : explain SELECT c FROM sbtest5 WHERE id BETWEEN 9001018 AND 9002017
	Bitmap Heap Scan on sbtest5  (cost=27.66..4222.53 rows=1095 width=121)
	  Recheck Cond: ((id >= 9001018) AND (id <= 9002017))
	  ->  Bitmap Index Scan on sbtest5_pkey  (cost=0.00..27.39 rows=1095 width=0)
	        Index Cond: ((id >= 9001018) AND (id <= 9002017))

table 6 : explain SELECT c FROM sbtest6 WHERE id BETWEEN 2468135 AND 2469134
	Bitmap Heap Scan on sbtest6  (cost=22.13..3658.37 rows=946 width=121)
	  Recheck Cond: ((id >= 2468135) AND (id <= 2469134))
	  ->  Bitmap Index Scan on sbtest6_pkey  (cost=0.00..21.89 rows=946 width=0)
	        Index Cond: ((id >= 2468135) AND (id <= 2469134))

table 7 : explain SELECT c FROM sbtest7 WHERE id BETWEEN 5171984 AND 5172983
	Bitmap Heap Scan on sbtest7  (cost=22.50..3794.12 rows=982 width=121)
	  Recheck Cond: ((id >= 5171984) AND (id <= 5172983))
	  ->  Bitmap Index Scan on sbtest7_pkey  (cost=0.00..22.25 rows=982 width=0)
	        Index Cond: ((id >= 5171984) AND (id <= 5172983))

table 8 : explain SELECT c FROM sbtest8 WHERE id BETWEEN 9798200 AND 9799199
	Bitmap Heap Scan on sbtest8  (cost=21.71..3503.49 rows=905 width=121)
	  Recheck Cond: ((id >= 9798200) AND (id <= 9799199))
	  ->  Bitmap Index Scan on sbtest8_pkey  (cost=0.00..21.48 rows=905 width=0)
	        Index Cond: ((id >= 9798200) AND (id <= 9799199))

for: order_ranges
table 1 : explain SELECT c FROM sbtest1 WHERE id BETWEEN 3755213 AND 3756212 ORDER BY c
	Sort  (cost=4183.78..4186.46 rows=1072 width=121)
	  Sort Key: c
	  ->  Bitmap Heap Scan on sbtest1  (cost=23.42..4129.83 rows=1072 width=121)
	        Recheck Cond: ((id >= 3755213) AND (id <= 3756212))
	        ->  Bitmap Index Scan on sbtest1_pkey  (cost=0.00..23.15 rows=1072 width=0)
	              Index Cond: ((id >= 3755213) AND (id <= 3756212))

table 2 : explain SELECT c FROM sbtest2 WHERE id BETWEEN 9807674 AND 9808673 ORDER BY c
	Sort  (cost=3649.88..3652.21 rows=932 width=121)
	  Sort Key: c
	  ->  Bitmap Heap Scan on sbtest2  (cost=21.99..3603.92 rows=932 width=121)
	        Recheck Cond: ((id >= 9807674) AND (id <= 9808673))
	        ->  Bitmap Index Scan on sbtest2_pkey  (cost=0.00..21.75 rows=932 width=0)
	              Index Cond: ((id >= 9807674) AND (id <= 9808673))

table 3 : explain SELECT c FROM sbtest3 WHERE id BETWEEN 7574471 AND 7575470 ORDER BY c
	Sort  (cost=4429.15..4431.99 rows=1136 width=121)
	  Sort Key: c
	  ->  Bitmap Heap Scan on sbtest3  (cost=28.08..4371.50 rows=1136 width=121)
	        Recheck Cond: ((id >= 7574471) AND (id <= 7575470))
	        ->  Bitmap Index Scan on sbtest3_pkey  (cost=0.00..27.79 rows=1136 width=0)
	              Index Cond: ((id >= 7574471) AND (id <= 7575470))

table 4 : explain SELECT c FROM sbtest4 WHERE id BETWEEN 7552714 AND 7553713 ORDER BY c
	Sort  (cost=4052.37..4054.96 rows=1037 width=121)
	  Sort Key: c
	  ->  Bitmap Heap Scan on sbtest4  (cost=23.06..4000.42 rows=1037 width=121)
	        Recheck Cond: ((id >= 7552714) AND (id <= 7553713))
	        ->  Bitmap Index Scan on sbtest4_pkey  (cost=0.00..22.80 rows=1037 width=0)
	              Index Cond: ((id >= 7552714) AND (id <= 7553713))

table 5 : explain SELECT c FROM sbtest5 WHERE id BETWEEN 6588704 AND 6589703 ORDER BY c
	Sort  (cost=3918.77..3921.28 rows=1002 width=121)
	  Sort Key: c
	  ->  Bitmap Heap Scan on sbtest5  (cost=22.71..3868.83 rows=1002 width=121)
	        Recheck Cond: ((id >= 6588704) AND (id <= 6589703))
	        ->  Bitmap Index Scan on sbtest5_pkey  (cost=0.00..22.45 rows=1002 width=0)
	              Index Cond: ((id >= 6588704) AND (id <= 6589703))

table 6 : explain SELECT c FROM sbtest6 WHERE id BETWEEN 276826 AND 277825 ORDER BY c
	Sort  (cost=4022.69..4025.26 rows=1029 width=121)
	  Sort Key: c
	  ->  Bitmap Heap Scan on sbtest6  (cost=22.98..3971.20 rows=1029 width=121)
	        Recheck Cond: ((id >= 276826) AND (id <= 277825))
	        ->  Bitmap Index Scan on sbtest6_pkey  (cost=0.00..22.72 rows=1029 width=0)
	              Index Cond: ((id >= 276826) AND (id <= 277825))

table 7 : explain SELECT c FROM sbtest7 WHERE id BETWEEN 6728515 AND 6729514 ORDER BY c
	Sort  (cost=3689.76..3692.11 rows=942 width=121)
	  Sort Key: c
	  ->  Bitmap Heap Scan on sbtest7  (cost=22.09..3643.23 rows=942 width=121)
	        Recheck Cond: ((id >= 6728515) AND (id <= 6729514))
	        ->  Bitmap Index Scan on sbtest7_pkey  (cost=0.00..21.86 rows=942 width=0)
	              Index Cond: ((id >= 6728515) AND (id <= 6729514))

table 8 : explain SELECT c FROM sbtest8 WHERE id BETWEEN 8128458 AND 8129457 ORDER BY c
	Sort  (cost=3820.00..3822.44 rows=976 width=121)
	  Sort Key: c
	  ->  Bitmap Heap Scan on sbtest8  (cost=22.44..3771.54 rows=976 width=121)
	        Recheck Cond: ((id >= 8128458) AND (id <= 8129457))
	        ->  Bitmap Index Scan on sbtest8_pkey  (cost=0.00..22.19 rows=976 width=0)
	              Index Cond: ((id >= 8128458) AND (id <= 8129457))

for: order_ranges
table 1 : explain SELECT c FROM sbtest1 WHERE id BETWEEN 1975941 AND 1976940 ORDER BY c
	Sort  (cost=4416.35..4419.18 rows=1133 width=121)
	  Sort Key: c
	  ->  Bitmap Heap Scan on sbtest1  (cost=28.05..4358.87 rows=1133 width=121)
	        Recheck Cond: ((id >= 1975941) AND (id <= 1976940))
	        ->  Bitmap Index Scan on sbtest1_pkey  (cost=0.00..27.76 rows=1133 width=0)
	              Index Cond: ((id >= 1975941) AND (id <= 1976940))

table 2 : explain SELECT c FROM sbtest2 WHERE id BETWEEN 7717210 AND 7718209 ORDER BY c
	Sort  (cost=3718.81..3721.18 rows=950 width=121)
	  Sort Key: c
	  ->  Bitmap Heap Scan on sbtest2  (cost=22.17..3671.82 rows=950 width=121)
	        Recheck Cond: ((id >= 7717210) AND (id <= 7718209))
	        ->  Bitmap Index Scan on sbtest2_pkey  (cost=0.00..21.93 rows=950 width=0)
	              Index Cond: ((id >= 7717210) AND (id <= 7718209))

table 3 : explain SELECT c FROM sbtest3 WHERE id BETWEEN 8259463 AND 8260462 ORDER BY c
	Sort  (cost=4364.44..4367.23 rows=1119 width=121)
	  Sort Key: c
	  ->  Bitmap Heap Scan on sbtest3  (cost=27.90..4307.77 rows=1119 width=121)
	        Recheck Cond: ((id >= 8259463) AND (id <= 8260462))
	        ->  Bitmap Index Scan on sbtest3_pkey  (cost=0.00..27.62 rows=1119 width=0)
	              Index Cond: ((id >= 8259463) AND (id <= 8260462))

table 4 : explain SELECT c FROM sbtest4 WHERE id BETWEEN 8085756 AND 8086755 ORDER BY c
	Sort  (cost=3953.04..3955.57 rows=1011 width=121)
	  Sort Key: c
	  ->  Bitmap Heap Scan on sbtest4  (cost=22.80..3902.58 rows=1011 width=121)
	        Recheck Cond: ((id >= 8085756) AND (id <= 8086755))
	        ->  Bitmap Index Scan on sbtest4_pkey  (cost=0.00..22.54 rows=1011 width=0)
	              Index Cond: ((id >= 8085756) AND (id <= 8086755))

table 5 : explain SELECT c FROM sbtest5 WHERE id BETWEEN 8999167 AND 9000166 ORDER BY c
	Sort  (cost=4277.81..4280.55 rows=1095 width=121)
	  Sort Key: c
	  ->  Bitmap Heap Scan on sbtest5  (cost=27.66..4222.53 rows=1095 width=121)
	        Recheck Cond: ((id >= 8999167) AND (id <= 9000166))
	        ->  Bitmap Index Scan on sbtest5_pkey  (cost=0.00..27.39 rows=1095 width=0)
	              Index Cond: ((id >= 8999167) AND (id <= 9000166))

table 6 : explain SELECT c FROM sbtest6 WHERE id BETWEEN 5581902 AND 5582901 ORDER BY c
	Sort  (cost=3869.75..3872.23 rows=989 width=121)
	  Sort Key: c
	  ->  Bitmap Heap Scan on sbtest6  (cost=22.57..3820.55 rows=989 width=121)
	        Recheck Cond: ((id >= 5581902) AND (id <= 5582901))
	        ->  Bitmap Index Scan on sbtest6_pkey  (cost=0.00..22.32 rows=989 width=0)
	              Index Cond: ((id >= 5581902) AND (id <= 5582901))

table 7 : explain SELECT c FROM sbtest7 WHERE id BETWEEN 2938202 AND 2939201 ORDER BY c
	Sort  (cost=4076.12..4078.73 rows=1043 width=121)
	  Sort Key: c
	  ->  Bitmap Heap Scan on sbtest7  (cost=23.13..4023.83 rows=1043 width=121)
	        Recheck Cond: ((id >= 2938202) AND (id <= 2939201))
	        ->  Bitmap Index Scan on sbtest7_pkey  (cost=0.00..22.86 rows=1043 width=0)
	              Index Cond: ((id >= 2938202) AND (id <= 2939201))

table 8 : explain SELECT c FROM sbtest8 WHERE id BETWEEN 778790 AND 779789 ORDER BY c
	Sort  (cost=3827.65..3830.10 rows=978 width=121)
	  Sort Key: c
	  ->  Bitmap Heap Scan on sbtest8  (cost=22.46..3779.08 rows=978 width=121)
	        Recheck Cond: ((id >= 778790) AND (id <= 779789))
	        ->  Bitmap Index Scan on sbtest8_pkey  (cost=0.00..22.21 rows=978 width=0)
	              Index Cond: ((id >= 778790) AND (id <= 779789))

for: sum_ranges
table 1 : explain SELECT SUM(k) FROM sbtest1 WHERE id BETWEEN 3253544 AND 3254543
	Aggregate  (cost=3586.45..3586.46 rows=1 width=8)
	  ->  Bitmap Heap Scan on sbtest1  (cost=21.94..3584.14 rows=927 width=4)
	        Recheck Cond: ((id >= 3253544) AND (id <= 3254543))
	        ->  Bitmap Index Scan on sbtest1_pkey  (cost=0.00..21.70 rows=927 width=0)
	              Index Cond: ((id >= 3253544) AND (id <= 3254543))

table 2 : explain SELECT SUM(k) FROM sbtest2 WHERE id BETWEEN 4521572 AND 4522571
	Aggregate  (cost=3889.10..3889.11 rows=1 width=8)
	  ->  Bitmap Heap Scan on sbtest2  (cost=22.76..3886.58 rows=1007 width=4)
	        Recheck Cond: ((id >= 4521572) AND (id <= 4522571))
	        ->  Bitmap Index Scan on sbtest2_pkey  (cost=0.00..22.50 rows=1007 width=0)
	              Index Cond: ((id >= 4521572) AND (id <= 4522571))

table 3 : explain SELECT SUM(k) FROM sbtest3 WHERE id BETWEEN 7191154 AND 7192153
	Aggregate  (cost=3889.23..3889.24 rows=1 width=8)
	  ->  Bitmap Heap Scan on sbtest3  (cost=22.76..3886.72 rows=1007 width=4)
	        Recheck Cond: ((id >= 7191154) AND (id <= 7192153))
	        ->  Bitmap Index Scan on sbtest3_pkey  (cost=0.00..22.50 rows=1007 width=0)
	              Index Cond: ((id >= 7191154) AND (id <= 7192153))

table 4 : explain SELECT SUM(k) FROM sbtest4 WHERE id BETWEEN 4447332 AND 4448331
	Aggregate  (cost=3972.90..3972.91 rows=1 width=8)
	  ->  Bitmap Heap Scan on sbtest4  (cost=22.98..3970.33 rows=1029 width=4)
	        Recheck Cond: ((id >= 4447332) AND (id <= 4448331))
	        ->  Bitmap Index Scan on sbtest4_pkey  (cost=0.00..22.72 rows=1029 width=0)
	              Index Cond: ((id >= 4447332) AND (id <= 4448331))

table 5 : explain SELECT SUM(k) FROM sbtest5 WHERE id BETWEEN 9351183 AND 9352182
	Aggregate  (cost=3890.18..3890.19 rows=1 width=8)
	  ->  Bitmap Heap Scan on sbtest5  (cost=22.76..3887.66 rows=1007 width=4)
	        Recheck Cond: ((id >= 9351183) AND (id <= 9352182))
	        ->  Bitmap Index Scan on sbtest5_pkey  (cost=0.00..22.50 rows=1007 width=0)
	              Index Cond: ((id >= 9351183) AND (id <= 9352182))

table 6 : explain SELECT SUM(k) FROM sbtest6 WHERE id BETWEEN 4950361 AND 4951360
	Aggregate  (cost=3879.58..3879.59 rows=1 width=8)
	  ->  Bitmap Heap Scan on sbtest6  (cost=22.73..3877.07 rows=1004 width=4)
	        Recheck Cond: ((id >= 4950361) AND (id <= 4951360))
	        ->  Bitmap Index Scan on sbtest6_pkey  (cost=0.00..22.47 rows=1004 width=0)
	              Index Cond: ((id >= 4950361) AND (id <= 4951360))

table 7 : explain SELECT SUM(k) FROM sbtest7 WHERE id BETWEEN 2552417 AND 2553416
	Aggregate  (cost=4146.84..4146.85 rows=1 width=8)
	  ->  Bitmap Heap Scan on sbtest7  (cost=23.45..4144.15 rows=1075 width=4)
	        Recheck Cond: ((id >= 2552417) AND (id <= 2553416))
	        ->  Bitmap Index Scan on sbtest7_pkey  (cost=0.00..23.18 rows=1075 width=0)
	              Index Cond: ((id >= 2552417) AND (id <= 2553416))

table 8 : explain SELECT SUM(k) FROM sbtest8 WHERE id BETWEEN 280106 AND 281105
	Aggregate  (cost=3996.36..3996.37 rows=1 width=8)
	  ->  Bitmap Heap Scan on sbtest8  (cost=23.04..3993.78 rows=1035 width=4)
	        Recheck Cond: ((id >= 280106) AND (id <= 281105))
	        ->  Bitmap Index Scan on sbtest8_pkey  (cost=0.00..22.79 rows=1035 width=0)
	              Index Cond: ((id >= 280106) AND (id <= 281105))

for: order_ranges
table 1 : explain SELECT c FROM sbtest1 WHERE id BETWEEN 3234987 AND 3235986 ORDER BY c
	Sort  (cost=3629.82..3632.14 rows=927 width=121)
	  Sort Key: c
	  ->  Bitmap Heap Scan on sbtest1  (cost=21.94..3584.14 rows=927 width=121)
	        Recheck Cond: ((id >= 3234987) AND (id <= 3235986))
	        ->  Bitmap Index Scan on sbtest1_pkey  (cost=0.00..21.70 rows=927 width=0)
	              Index Cond: ((id >= 3234987) AND (id <= 3235986))

table 2 : explain SELECT c FROM sbtest2 WHERE id BETWEEN 2367156 AND 2368155 ORDER BY c
	Sort  (cost=4059.02..4061.61 rows=1039 width=121)
	  Sort Key: c
	  ->  Bitmap Heap Scan on sbtest2  (cost=23.08..4006.96 rows=1039 width=121)
	        Recheck Cond: ((id >= 2367156) AND (id <= 2368155))
	        ->  Bitmap Index Scan on sbtest2_pkey  (cost=0.00..22.82 rows=1039 width=0)
	              Index Cond: ((id >= 2367156) AND (id <= 2368155))

table 3 : explain SELECT c FROM sbtest3 WHERE id BETWEEN 7937313 AND 7938312 ORDER BY c
	Sort  (cost=3607.86..3610.16 rows=921 width=121)
	  Sort Key: c
	  ->  Bitmap Heap Scan on sbtest3  (cost=21.88..3562.52 rows=921 width=121)
	        Recheck Cond: ((id >= 7937313) AND (id <= 7938312))
	        ->  Bitmap Index Scan on sbtest3_pkey  (cost=0.00..21.64 rows=921 width=0)
	              Index Cond: ((id >= 7937313) AND (id <= 7938312))

table 4 : explain SELECT c FROM sbtest4 WHERE id BETWEEN 9557513 AND 9558512 ORDER BY c
	Sort  (cost=3872.75..3875.23 rows=990 width=121)
	  Sort Key: c
	  ->  Bitmap Heap Scan on sbtest4  (cost=22.58..3823.49 rows=990 width=121)
	        Recheck Cond: ((id >= 9557513) AND (id <= 9558512))
	        ->  Bitmap Index Scan on sbtest4_pkey  (cost=0.00..22.33 rows=990 width=0)
	              Index Cond: ((id >= 9557513) AND (id <= 9558512))

table 5 : explain SELECT c FROM sbtest5 WHERE id BETWEEN 8007178 AND 8008177 ORDER BY c
	Sort  (cost=3903.48..3905.98 rows=998 width=121)
	  Sort Key: c
	  ->  Bitmap Heap Scan on sbtest5  (cost=22.66..3853.77 rows=998 width=121)
	        Recheck Cond: ((id >= 8007178) AND (id <= 8008177))
	        ->  Bitmap Index Scan on sbtest5_pkey  (cost=0.00..22.41 rows=998 width=0)
	              Index Cond: ((id >= 8007178) AND (id <= 8008177))

table 6 : explain SELECT c FROM sbtest6 WHERE id BETWEEN 788563 AND 789562 ORDER BY c
	Sort  (cost=3976.83..3979.37 rows=1017 width=121)
	  Sort Key: c
	  ->  Bitmap Heap Scan on sbtest6  (cost=22.86..3926.03 rows=1017 width=121)
	        Recheck Cond: ((id >= 788563) AND (id <= 789562))
	        ->  Bitmap Index Scan on sbtest6_pkey  (cost=0.00..22.61 rows=1017 width=0)
	              Index Cond: ((id >= 788563) AND (id <= 789562))

table 7 : explain SELECT c FROM sbtest7 WHERE id BETWEEN 7846480 AND 7847479 ORDER BY c
	Sort  (cost=3797.00..3799.42 rows=970 width=121)
	  Sort Key: c
	  ->  Bitmap Heap Scan on sbtest7  (cost=22.38..3748.87 rows=970 width=121)
	        Recheck Cond: ((id >= 7846480) AND (id <= 7847479))
	        ->  Bitmap Index Scan on sbtest7_pkey  (cost=0.00..22.14 rows=970 width=0)
	              Index Cond: ((id >= 7846480) AND (id <= 7847479))

table 8 : explain SELECT c FROM sbtest8 WHERE id BETWEEN 2107418 AND 2108417 ORDER BY c
	Sort  (cost=3651.47..3653.80 rows=932 width=121)
	  Sort Key: c
	  ->  Bitmap Heap Scan on sbtest8  (cost=21.99..3605.50 rows=932 width=121)
	        Recheck Cond: ((id >= 2107418) AND (id <= 2108417))
	        ->  Bitmap Index Scan on sbtest8_pkey  (cost=0.00..21.75 rows=932 width=0)
	              Index Cond: ((id >= 2107418) AND (id <= 2108417))

for: order_ranges
table 1 : explain SELECT c FROM sbtest1 WHERE id BETWEEN 2521389 AND 2522388 ORDER BY c
	Sort  (cost=4477.20..4480.07 rows=1149 width=121)
	  Sort Key: c
	  ->  Bitmap Heap Scan on sbtest1  (cost=28.21..4418.80 rows=1149 width=121)
	        Recheck Cond: ((id >= 2521389) AND (id <= 2522388))
	        ->  Bitmap Index Scan on sbtest1_pkey  (cost=0.00..27.93 rows=1149 width=0)
	              Index Cond: ((id >= 2521389) AND (id <= 2522388))

table 2 : explain SELECT c FROM sbtest2 WHERE id BETWEEN 8002874 AND 8003873 ORDER BY c
	Sort  (cost=4330.00..4332.78 rows=1110 width=121)
	  Sort Key: c
	  ->  Bitmap Heap Scan on sbtest2  (cost=27.81..4273.86 rows=1110 width=121)
	        Recheck Cond: ((id >= 8002874) AND (id <= 8003873))
	        ->  Bitmap Index Scan on sbtest2_pkey  (cost=0.00..27.54 rows=1110 width=0)
	              Index Cond: ((id >= 8002874) AND (id <= 8003873))

table 3 : explain SELECT c FROM sbtest3 WHERE id BETWEEN 6849624 AND 6850623 ORDER BY c
	Sort  (cost=3814.60..3817.04 rows=975 width=121)
	  Sort Key: c
	  ->  Bitmap Heap Scan on sbtest3  (cost=22.43..3766.20 rows=975 width=121)
	        Recheck Cond: ((id >= 6849624) AND (id <= 6850623))
	        ->  Bitmap Index Scan on sbtest3_pkey  (cost=0.00..22.18 rows=975 width=0)
	              Index Cond: ((id >= 6849624) AND (id <= 6850623))

table 4 : explain SELECT c FROM sbtest4 WHERE id BETWEEN 2653398 AND 2654397 ORDER BY c
	Sort  (cost=3708.19..3710.55 rows=947 width=121)
	  Sort Key: c
	  ->  Bitmap Heap Scan on sbtest4  (cost=22.14..3661.37 rows=947 width=121)
	        Recheck Cond: ((id >= 2653398) AND (id <= 2654397))
	        ->  Bitmap Index Scan on sbtest4_pkey  (cost=0.00..21.90 rows=947 width=0)
	              Index Cond: ((id >= 2653398) AND (id <= 2654397))

table 5 : explain SELECT c FROM sbtest5 WHERE id BETWEEN 6860648 AND 6861647 ORDER BY c
	Sort  (cost=3884.36..3886.84 rows=993 width=121)
	  Sort Key: c
	  ->  Bitmap Heap Scan on sbtest5  (cost=22.61..3834.93 rows=993 width=121)
	        Recheck Cond: ((id >= 6860648) AND (id <= 6861647))
	        ->  Bitmap Index Scan on sbtest5_pkey  (cost=0.00..22.36 rows=993 width=0)
	              Index Cond: ((id >= 6860648) AND (id <= 6861647))

table 6 : explain SELECT c FROM sbtest6 WHERE id BETWEEN 5678953 AND 5679952 ORDER BY c
	Sort  (cost=4137.27..4139.91 rows=1059 width=121)
	  Sort Key: c
	  ->  Bitmap Heap Scan on sbtest6  (cost=23.29..4084.06 rows=1059 width=121)
	        Recheck Cond: ((id >= 5678953) AND (id <= 5679952))
	        ->  Bitmap Index Scan on sbtest6_pkey  (cost=0.00..23.02 rows=1059 width=0)
	              Index Cond: ((id >= 5678953) AND (id <= 5679952))

table 7 : explain SELECT c FROM sbtest7 WHERE id BETWEEN 7718127 AND 7719126 ORDER BY c
	Sort  (cost=3858.23..3860.69 rows=986 width=121)
	  Sort Key: c
	  ->  Bitmap Heap Scan on sbtest7  (cost=22.54..3809.20 rows=986 width=121)
	        Recheck Cond: ((id >= 7718127) AND (id <= 7719126))
	        ->  Bitmap Index Scan on sbtest7_pkey  (cost=0.00..22.29 rows=986 width=0)
	              Index Cond: ((id >= 7718127) AND (id <= 7719126))

table 8 : explain SELECT c FROM sbtest8 WHERE id BETWEEN 4458029 AND 4459028 ORDER BY c
	Sort  (cost=3869.75..3872.22 rows=989 width=121)
	  Sort Key: c
	  ->  Bitmap Heap Scan on sbtest8  (cost=22.57..3820.54 rows=989 width=121)
	        Recheck Cond: ((id >= 4458029) AND (id <= 4459028))
	        ->  Bitmap Index Scan on sbtest8_pkey  (cost=0.00..22.32 rows=989 width=0)
	              Index Cond: ((id >= 4458029) AND (id <= 4459028))

for: sum_ranges
table 1 : explain SELECT SUM(k) FROM sbtest1 WHERE id BETWEEN 2557618 AND 2558617
	Aggregate  (cost=4421.67..4421.68 rows=1 width=8)
	  ->  Bitmap Heap Scan on sbtest1  (cost=28.21..4418.80 rows=1149 width=4)
	        Recheck Cond: ((id >= 2557618) AND (id <= 2558617))
	        ->  Bitmap Index Scan on sbtest1_pkey  (cost=0.00..27.93 rows=1149 width=0)
	              Index Cond: ((id >= 2557618) AND (id <= 2558617))

table 2 : explain SELECT SUM(k) FROM sbtest2 WHERE id BETWEEN 7871119 AND 7872118
	Aggregate  (cost=3979.45..3979.46 rows=1 width=8)
	  ->  Bitmap Heap Scan on sbtest2  (cost=23.00..3976.87 rows=1031 width=4)
	        Recheck Cond: ((id >= 7871119) AND (id <= 7872118))
	        ->  Bitmap Index Scan on sbtest2_pkey  (cost=0.00..22.75 rows=1031 width=0)
	              Index Cond: ((id >= 7871119) AND (id <= 7872118))

table 3 : explain SELECT SUM(k) FROM sbtest3 WHERE id BETWEEN 5206400 AND 5207399
	Aggregate  (cost=3746.01..3746.02 rows=1 width=8)
	  ->  Bitmap Heap Scan on sbtest3  (cost=22.37..3743.59 rows=969 width=4)
	        Recheck Cond: ((id >= 5206400) AND (id <= 5207399))
	        ->  Bitmap Index Scan on sbtest3_pkey  (cost=0.00..22.12 rows=969 width=0)
	              Index Cond: ((id >= 5206400) AND (id <= 5207399))

table 4 : explain SELECT SUM(k) FROM sbtest4 WHERE id BETWEEN 9623219 AND 9624218
	Aggregate  (cost=3890.04..3890.05 rows=1 width=8)
	  ->  Bitmap Heap Scan on sbtest4  (cost=22.76..3887.52 rows=1007 width=4)
	        Recheck Cond: ((id >= 9623219) AND (id <= 9624218))
	        ->  Bitmap Index Scan on sbtest4_pkey  (cost=0.00..22.50 rows=1007 width=0)
	              Index Cond: ((id >= 9623219) AND (id <= 9624218))

table 5 : explain SELECT SUM(k) FROM sbtest5 WHERE id BETWEEN 4960122 AND 4961121
	Aggregate  (cost=3867.57..3867.58 rows=1 width=8)
	  ->  Bitmap Heap Scan on sbtest5  (cost=22.70..3865.07 rows=1001 width=4)
	        Recheck Cond: ((id >= 4960122) AND (id <= 4961121))
	        ->  Bitmap Index Scan on sbtest5_pkey  (cost=0.00..22.44 rows=1001 width=0)
	              Index Cond: ((id >= 4960122) AND (id <= 4961121))

table 6 : explain SELECT SUM(k) FROM sbtest6 WHERE id BETWEEN 8734545 AND 8735544
	Aggregate  (cost=4229.83..4229.84 rows=1 width=8)
	  ->  Bitmap Heap Scan on sbtest6  (cost=27.67..4227.09 rows=1096 width=4)
	        Recheck Cond: ((id >= 8734545) AND (id <= 8735544))
	        ->  Bitmap Index Scan on sbtest6_pkey  (cost=0.00..27.39 rows=1096 width=0)
	              Index Cond: ((id >= 8734545) AND (id <= 8735544))

table 7 : explain SELECT SUM(k) FROM sbtest7 WHERE id BETWEEN 8399069 AND 8400068
	Aggregate  (cost=3894.61..3894.62 rows=1 width=8)
	  ->  Bitmap Heap Scan on sbtest7  (cost=22.77..3892.09 rows=1008 width=4)
	        Recheck Cond: ((id >= 8399069) AND (id <= 8400068))
	        ->  Bitmap Index Scan on sbtest7_pkey  (cost=0.00..22.51 rows=1008 width=0)
	              Index Cond: ((id >= 8399069) AND (id <= 8400068))

table 8 : explain SELECT SUM(k) FROM sbtest8 WHERE id BETWEEN 1445247 AND 1446246
	Aggregate  (cost=4011.42..4011.43 rows=1 width=8)
	  ->  Bitmap Heap Scan on sbtest8  (cost=23.08..4008.83 rows=1039 width=4)
	        Recheck Cond: ((id >= 1445247) AND (id <= 1446246))
	        ->  Bitmap Index Scan on sbtest8_pkey  (cost=0.00..22.82 rows=1039 width=0)
	              Index Cond: ((id >= 1445247) AND (id <= 1446246))

for: distinct_ranges
table 1 : explain SELECT DISTINCT c FROM sbtest1 WHERE id BETWEEN 3672995 AND 3673994 ORDER BY c
	Unique  (cost=3954.87..3959.93 rows=1012 width=121)
	  ->  Sort  (cost=3954.87..3957.40 rows=1012 width=121)
	        Sort Key: c
	        ->  Bitmap Heap Scan on sbtest1  (cost=22.81..3904.36 rows=1012 width=121)
	              Recheck Cond: ((id >= 3672995) AND (id <= 3673994))
	              ->  Bitmap Index Scan on sbtest1_pkey  (cost=0.00..22.55 rows=1012 width=0)
	                    Index Cond: ((id >= 3672995) AND (id <= 3673994))

table 2 : explain SELECT DISTINCT c FROM sbtest2 WHERE id BETWEEN 4440942 AND 4441941 ORDER BY c
	Unique  (cost=3887.12..3892.09 rows=994 width=121)
	  ->  Sort  (cost=3887.12..3889.61 rows=994 width=121)
	        Sort Key: c
	        ->  Bitmap Heap Scan on sbtest2  (cost=22.62..3837.64 rows=994 width=121)
	              Recheck Cond: ((id >= 4440942) AND (id <= 4441941))
	              ->  Bitmap Index Scan on sbtest2_pkey  (cost=0.00..22.37 rows=994 width=0)
	                    Index Cond: ((id >= 4440942) AND (id <= 4441941))

table 3 : explain SELECT DISTINCT c FROM sbtest3 WHERE id BETWEEN 9498357 AND 9499356 ORDER BY c
	Unique  (cost=3711.28..3716.02 rows=948 width=121)
	  ->  Sort  (cost=3711.28..3713.65 rows=948 width=121)
	        Sort Key: c
	        ->  Bitmap Heap Scan on sbtest3  (cost=22.15..3664.41 rows=948 width=121)
	              Recheck Cond: ((id >= 9498357) AND (id <= 9499356))
	              ->  Bitmap Index Scan on sbtest3_pkey  (cost=0.00..21.91 rows=948 width=0)
	                    Index Cond: ((id >= 9498357) AND (id <= 9499356))

table 4 : explain SELECT DISTINCT c FROM sbtest4 WHERE id BETWEEN 5745111 AND 5746110 ORDER BY c
	Unique  (cost=3819.20..3824.08 rows=976 width=121)
	  ->  Sort  (cost=3819.20..3821.64 rows=976 width=121)
	        Sort Key: c
	        ->  Bitmap Heap Scan on sbtest4  (cost=22.44..3770.74 rows=976 width=121)
	              Recheck Cond: ((id >= 5745111) AND (id <= 5746110))
	              ->  Bitmap Index Scan on sbtest4_pkey  (cost=0.00..22.19 rows=976 width=0)
	                    Index Cond: ((id >= 5745111) AND (id <= 5746110))

table 5 : explain SELECT DISTINCT c FROM sbtest5 WHERE id BETWEEN 9999790 AND 10000789 ORDER BY c
	Unique  (cost=882.94..884.04 rows=220 width=121)
	  ->  Sort  (cost=882.94..883.49 rows=220 width=121)
	        Sort Key: c
	        ->  Index Scan using sbtest5_pkey on sbtest5  (cost=0.43..874.38 rows=220 width=121)
	              Index Cond: ((id >= 9999790) AND (id <= 10000789))

table 6 : explain SELECT DISTINCT c FROM sbtest6 WHERE id BETWEEN 8089782 AND 8090781 ORDER BY c
	Unique  (cost=3865.93..3870.87 rows=988 width=121)
	  ->  Sort  (cost=3865.93..3868.40 rows=988 width=121)
	        Sort Key: c
	        ->  Bitmap Heap Scan on sbtest6  (cost=22.56..3816.78 rows=988 width=121)
	              Recheck Cond: ((id >= 8089782) AND (id <= 8090781))
	              ->  Bitmap Index Scan on sbtest6_pkey  (cost=0.00..22.32 rows=988 width=0)
	                    Index Cond: ((id >= 8089782) AND (id <= 8090781))

table 7 : explain SELECT DISTINCT c FROM sbtest7 WHERE id BETWEEN 4469726 AND 4470725 ORDER BY c
	Unique  (cost=4030.28..4035.44 rows=1031 width=121)
	  ->  Sort  (cost=4030.28..4032.86 rows=1031 width=121)
	        Sort Key: c
	        ->  Bitmap Heap Scan on sbtest7  (cost=23.00..3978.68 rows=1031 width=121)
	              Recheck Cond: ((id >= 4469726) AND (id <= 4470725))
	              ->  Bitmap Index Scan on sbtest7_pkey  (cost=0.00..22.75 rows=1031 width=0)
	                    Index Cond: ((id >= 4469726) AND (id <= 4470725))

table 8 : explain SELECT DISTINCT c FROM sbtest8 WHERE id BETWEEN 5002695 AND 5003694 ORDER BY c
	Unique  (cost=3915.65..3920.65 rows=1001 width=121)
	  ->  Sort  (cost=3915.65..3918.15 rows=1001 width=121)
	        Sort Key: c
	        ->  Bitmap Heap Scan on sbtest8  (cost=22.70..3865.76 rows=1001 width=121)
	              Recheck Cond: ((id >= 5002695) AND (id <= 5003694))
	              ->  Bitmap Index Scan on sbtest8_pkey  (cost=0.00..22.44 rows=1001 width=0)
	                    Index Cond: ((id >= 5002695) AND (id <= 5003694))

for: sum_ranges
table 1 : explain SELECT SUM(k) FROM sbtest1 WHERE id BETWEEN 4204847 AND 4205846
	Aggregate  (cost=3955.81..3955.82 rows=1 width=8)
	  ->  Bitmap Heap Scan on sbtest1  (cost=22.94..3953.25 rows=1025 width=4)
	        Recheck Cond: ((id >= 4204847) AND (id <= 4205846))
	        ->  Bitmap Index Scan on sbtest1_pkey  (cost=0.00..22.68 rows=1025 width=0)
	              Index Cond: ((id >= 4204847) AND (id <= 4205846))

table 2 : explain SELECT SUM(k) FROM sbtest2 WHERE id BETWEEN 318793 AND 319792
	Aggregate  (cost=3904.16..3904.17 rows=1 width=8)
	  ->  Bitmap Heap Scan on sbtest2  (cost=22.80..3901.63 rows=1011 width=4)
	        Recheck Cond: ((id >= 318793) AND (id <= 319792))
	        ->  Bitmap Index Scan on sbtest2_pkey  (cost=0.00..22.54 rows=1011 width=0)
	              Index Cond: ((id >= 318793) AND (id <= 319792))

table 3 : explain SELECT SUM(k) FROM sbtest3 WHERE id BETWEEN 4094906 AND 4095905
	Aggregate  (cost=4054.84..4054.85 rows=1 width=8)
	  ->  Bitmap Heap Scan on sbtest3  (cost=23.21..4052.21 rows=1051 width=4)
	        Recheck Cond: ((id >= 4094906) AND (id <= 4095905))
	        ->  Bitmap Index Scan on sbtest3_pkey  (cost=0.00..22.94 rows=1051 width=0)
	              Index Cond: ((id >= 4094906) AND (id <= 4095905))

table 4 : explain SELECT SUM(k) FROM sbtest4 WHERE id BETWEEN 542033 AND 543032
	Aggregate  (cost=3841.05..3841.06 rows=1 width=8)
	  ->  Bitmap Heap Scan on sbtest4  (cost=22.62..3838.56 rows=994 width=4)
	        Recheck Cond: ((id >= 542033) AND (id <= 543032))
	        ->  Bitmap Index Scan on sbtest4_pkey  (cost=0.00..22.37 rows=994 width=0)
	              Index Cond: ((id >= 542033) AND (id <= 543032))

table 5 : explain SELECT SUM(k) FROM sbtest5 WHERE id BETWEEN 2409939 AND 2410938
	Aggregate  (cost=3909.02..3909.03 rows=1 width=8)
	  ->  Bitmap Heap Scan on sbtest5  (cost=22.81..3906.49 rows=1012 width=4)
	        Recheck Cond: ((id >= 2409939) AND (id <= 2410938))
	        ->  Bitmap Index Scan on sbtest5_pkey  (cost=0.00..22.55 rows=1012 width=0)
	              Index Cond: ((id >= 2409939) AND (id <= 2410938))

table 6 : explain SELECT SUM(k) FROM sbtest6 WHERE id BETWEEN 4059404 AND 4060403
	Aggregate  (cost=4101.76..4101.77 rows=1 width=8)
	  ->  Bitmap Heap Scan on sbtest6  (cost=23.33..4099.10 rows=1063 width=4)
	        Recheck Cond: ((id >= 4059404) AND (id <= 4060403))
	        ->  Bitmap Index Scan on sbtest6_pkey  (cost=0.00..23.07 rows=1063 width=0)
	              Index Cond: ((id >= 4059404) AND (id <= 4060403))

table 7 : explain SELECT SUM(k) FROM sbtest7 WHERE id BETWEEN 4394952 AND 4395951
	Aggregate  (cost=3954.90..3954.91 rows=1 width=8)
	  ->  Bitmap Heap Scan on sbtest7  (cost=22.93..3952.34 rows=1024 width=4)
	        Recheck Cond: ((id >= 4394952) AND (id <= 4395951))
	        ->  Bitmap Index Scan on sbtest7_pkey  (cost=0.00..22.68 rows=1024 width=0)
	              Index Cond: ((id >= 4394952) AND (id <= 4395951))

table 8 : explain SELECT SUM(k) FROM sbtest8 WHERE id BETWEEN 1293020 AND 1294019
	Aggregate  (cost=4026.48..4026.49 rows=1 width=8)
	  ->  Bitmap Heap Scan on sbtest8  (cost=23.13..4023.88 rows=1043 width=4)
	        Recheck Cond: ((id >= 1293020) AND (id <= 1294019))
	        ->  Bitmap Index Scan on sbtest8_pkey  (cost=0.00..22.86 rows=1043 width=0)
	              Index Cond: ((id >= 1293020) AND (id <= 1294019))

for: distinct_ranges
table 1 : explain SELECT DISTINCT c FROM sbtest1 WHERE id BETWEEN 3476509 AND 3477508 ORDER BY c
	Unique  (cost=3878.47..3883.43 rows=992 width=121)
	  ->  Sort  (cost=3878.47..3880.95 rows=992 width=121)
	        Sort Key: c
	        ->  Bitmap Heap Scan on sbtest1  (cost=22.60..3829.10 rows=992 width=121)
	              Recheck Cond: ((id >= 3476509) AND (id <= 3477508))
	              ->  Bitmap Index Scan on sbtest1_pkey  (cost=0.00..22.36 rows=992 width=0)
	                    Index Cond: ((id >= 3476509) AND (id <= 3477508))

table 2 : explain SELECT DISTINCT c FROM sbtest2 WHERE id BETWEEN 3959107 AND 3960106 ORDER BY c
	Unique  (cost=3795.35..3800.20 rows=970 width=121)
	  ->  Sort  (cost=3795.35..3797.77 rows=970 width=121)
	        Sort Key: c
	        ->  Bitmap Heap Scan on sbtest2  (cost=22.38..3747.22 rows=970 width=121)
	              Recheck Cond: ((id >= 3959107) AND (id <= 3960106))
	              ->  Bitmap Index Scan on sbtest2_pkey  (cost=0.00..22.14 rows=970 width=0)
	                    Index Cond: ((id >= 3959107) AND (id <= 3960106))

table 3 : explain SELECT DISTINCT c FROM sbtest3 WHERE id BETWEEN 8509021 AND 8510020 ORDER BY c
	Unique  (cost=4043.89..4049.07 rows=1035 width=121)
	  ->  Sort  (cost=4043.89..4046.48 rows=1035 width=121)
	        Sort Key: c
	        ->  Bitmap Heap Scan on sbtest3  (cost=23.04..3992.06 rows=1035 width=121)
	              Recheck Cond: ((id >= 8509021) AND (id <= 8510020))
	              ->  Bitmap Index Scan on sbtest3_pkey  (cost=0.00..22.79 rows=1035 width=0)
	                    Index Cond: ((id >= 8509021) AND (id <= 8510020))

table 4 : explain SELECT DISTINCT c FROM sbtest4 WHERE id BETWEEN 4035343 AND 4036342 ORDER BY c
	Unique  (cost=3914.82..3919.82 rows=1001 width=121)
	  ->  Sort  (cost=3914.82..3917.32 rows=1001 width=121)
	        Sort Key: c
	        ->  Bitmap Heap Scan on sbtest4  (cost=22.70..3864.93 rows=1001 width=121)
	              Recheck Cond: ((id >= 4035343) AND (id <= 4036342))
	              ->  Bitmap Index Scan on sbtest4_pkey  (cost=0.00..22.44 rows=1001 width=0)
	                    Index Cond: ((id >= 4035343) AND (id <= 4036342))

table 5 : explain SELECT DISTINCT c FROM sbtest5 WHERE id BETWEEN 9111662 AND 9112661 ORDER BY c
	Unique  (cost=3735.12..3739.89 rows=954 width=121)
	  ->  Sort  (cost=3735.12..3737.50 rows=954 width=121)
	        Sort Key: c
	        ->  Bitmap Heap Scan on sbtest5  (cost=22.21..3687.91 rows=954 width=121)
	              Recheck Cond: ((id >= 9111662) AND (id <= 9112661))
	              ->  Bitmap Index Scan on sbtest5_pkey  (cost=0.00..21.97 rows=954 width=0)
	                    Index Cond: ((id >= 9111662) AND (id <= 9112661))

table 6 : explain SELECT DISTINCT c FROM sbtest6 WHERE id BETWEEN 6430938 AND 6431937 ORDER BY c
	Unique  (cost=4049.43..4054.61 rows=1036 width=121)
	  ->  Sort  (cost=4049.43..4052.02 rows=1036 width=121)
	        Sort Key: c
	        ->  Bitmap Heap Scan on sbtest6  (cost=23.05..3997.55 rows=1036 width=121)
	              Recheck Cond: ((id >= 6430938) AND (id <= 6431937))
	              ->  Bitmap Index Scan on sbtest6_pkey  (cost=0.00..22.79 rows=1036 width=0)
	                    Index Cond: ((id >= 6430938) AND (id <= 6431937))

table 7 : explain SELECT DISTINCT c FROM sbtest7 WHERE id BETWEEN 761330 AND 762329 ORDER BY c
	Unique  (cost=3846.75..3851.67 rows=983 width=121)
	  ->  Sort  (cost=3846.75..3849.21 rows=983 width=121)
	        Sort Key: c
	        ->  Bitmap Heap Scan on sbtest7  (cost=22.51..3797.89 rows=983 width=121)
	              Recheck Cond: ((id >= 761330) AND (id <= 762329))
	              ->  Bitmap Index Scan on sbtest7_pkey  (cost=0.00..22.26 rows=983 width=0)
	                    Index Cond: ((id >= 761330) AND (id <= 762329))

table 8 : explain SELECT DISTINCT c FROM sbtest8 WHERE id BETWEEN 3388455 AND 3389454 ORDER BY c
	Unique  (cost=3777.89..3782.71 rows=965 width=121)
	  ->  Sort  (cost=3777.89..3780.30 rows=965 width=121)
	        Sort Key: c
	        ->  Bitmap Heap Scan on sbtest8  (cost=22.33..3730.05 rows=965 width=121)
	              Recheck Cond: ((id >= 3388455) AND (id <= 3389454))
	              ->  Bitmap Index Scan on sbtest8_pkey  (cost=0.00..22.08 rows=965 width=0)
	                    Index Cond: ((id >= 3388455) AND (id <= 3389454))

for: sum_ranges
table 1 : explain SELECT SUM(k) FROM sbtest1 WHERE id BETWEEN 8952485 AND 8953484
	Aggregate  (cost=4053.60..4053.61 rows=1 width=8)
	  ->  Bitmap Heap Scan on sbtest1  (cost=23.21..4050.97 rows=1051 width=4)
	        Recheck Cond: ((id >= 8952485) AND (id <= 8953484))
	        ->  Bitmap Index Scan on sbtest1_pkey  (cost=0.00..22.94 rows=1051 width=0)
	              Index Cond: ((id >= 8952485) AND (id <= 8953484))

table 2 : explain SELECT SUM(k) FROM sbtest2 WHERE id BETWEEN 5000858 AND 5001857
	Aggregate  (cost=3938.05..3938.06 rows=1 width=8)
	  ->  Bitmap Heap Scan on sbtest2  (cost=22.89..3935.50 rows=1020 width=4)
	        Recheck Cond: ((id >= 5000858) AND (id <= 5001857))
	        ->  Bitmap Index Scan on sbtest2_pkey  (cost=0.00..22.64 rows=1020 width=0)
	              Index Cond: ((id >= 5000858) AND (id <= 5001857))

table 3 : explain SELECT SUM(k) FROM sbtest3 WHERE id BETWEEN 2707491 AND 2708490
	Aggregate  (cost=3477.89..3477.90 rows=1 width=8)
	  ->  Bitmap Heap Scan on sbtest3  (cost=21.64..3475.64 rows=898 width=4)
	        Recheck Cond: ((id >= 2707491) AND (id <= 2708490))
	        ->  Bitmap Index Scan on sbtest3_pkey  (cost=0.00..21.41 rows=898 width=0)
	              Index Cond: ((id >= 2707491) AND (id <= 2708490))

table 4 : explain SELECT SUM(k) FROM sbtest4 WHERE id BETWEEN 6363707 AND 6364706
	Aggregate  (cost=4240.14..4240.15 rows=1 width=8)
	  ->  Bitmap Heap Scan on sbtest4  (cost=27.70..4237.39 rows=1099 width=4)
	        Recheck Cond: ((id >= 6363707) AND (id <= 6364706))
	        ->  Bitmap Index Scan on sbtest4_pkey  (cost=0.00..27.43 rows=1099 width=0)
	              Index Cond: ((id >= 6363707) AND (id <= 6364706))

table 5 : explain SELECT SUM(k) FROM sbtest5 WHERE id BETWEEN 7114075 AND 7115074
	Aggregate  (cost=3546.75..3546.76 rows=1 width=8)
	  ->  Bitmap Heap Scan on sbtest5  (cost=21.82..3544.46 rows=916 width=4)
	        Recheck Cond: ((id >= 7114075) AND (id <= 7115074))
	        ->  Bitmap Index Scan on sbtest5_pkey  (cost=0.00..21.59 rows=916 width=0)
	              Index Cond: ((id >= 7114075) AND (id <= 7115074))

table 6 : explain SELECT SUM(k) FROM sbtest6 WHERE id BETWEEN 766991 AND 767990
	Aggregate  (cost=3928.57..3928.58 rows=1 width=8)
	  ->  Bitmap Heap Scan on sbtest6  (cost=22.86..3926.03 rows=1017 width=4)
	        Recheck Cond: ((id >= 766991) AND (id <= 767990))
	        ->  Bitmap Index Scan on sbtest6_pkey  (cost=0.00..22.61 rows=1017 width=0)
	              Index Cond: ((id >= 766991) AND (id <= 767990))

table 7 : explain SELECT SUM(k) FROM sbtest7 WHERE id BETWEEN 1541678 AND 1542677
	Aggregate  (cost=3592.68..3592.69 rows=1 width=8)
	  ->  Bitmap Heap Scan on sbtest7  (cost=21.95..3590.36 rows=928 width=4)
	        Recheck Cond: ((id >= 1541678) AND (id <= 1542677))
	        ->  Bitmap Index Scan on sbtest7_pkey  (cost=0.00..21.71 rows=928 width=0)
	              Index Cond: ((id >= 1541678) AND (id <= 1542677))

table 8 : explain SELECT SUM(k) FROM sbtest8 WHERE id BETWEEN 7780191 AND 7781190
	Aggregate  (cost=3924.80..3924.81 rows=1 width=8)
	  ->  Bitmap Heap Scan on sbtest8  (cost=22.85..3922.26 rows=1016 width=4)
	        Recheck Cond: ((id >= 7780191) AND (id <= 7781190))
	        ->  Bitmap Index Scan on sbtest8_pkey  (cost=0.00..22.59 rows=1016 width=0)
	              Index Cond: ((id >= 7780191) AND (id <= 7781190))

for: order_ranges
table 1 : explain SELECT c FROM sbtest1 WHERE id BETWEEN 3655430 AND 3656429 ORDER BY c
	Sort  (cost=3954.87..3957.40 rows=1012 width=121)
	  Sort Key: c
	  ->  Bitmap Heap Scan on sbtest1  (cost=22.81..3904.36 rows=1012 width=121)
	        Recheck Cond: ((id >= 3655430) AND (id <= 3656429))
	        ->  Bitmap Index Scan on sbtest1_pkey  (cost=0.00..22.55 rows=1012 width=0)
	              Index Cond: ((id >= 3655430) AND (id <= 3656429))

table 2 : explain SELECT c FROM sbtest2 WHERE id BETWEEN 2513419 AND 2514418 ORDER BY c
	Sort  (cost=3699.67..3702.03 rows=945 width=121)
	  Sort Key: c
	  ->  Bitmap Heap Scan on sbtest2  (cost=22.12..3652.96 rows=945 width=121)
	        Recheck Cond: ((id >= 2513419) AND (id <= 2514418))
	        ->  Bitmap Index Scan on sbtest2_pkey  (cost=0.00..21.89 rows=945 width=0)
	              Index Cond: ((id >= 2513419) AND (id <= 2514418))

table 3 : explain SELECT c FROM sbtest3 WHERE id BETWEEN 8828592 AND 8829591 ORDER BY c
	Sort  (cost=4451.99..4454.84 rows=1142 width=121)
	  Sort Key: c
	  ->  Bitmap Heap Scan on sbtest3  (cost=28.14..4393.99 rows=1142 width=121)
	        Recheck Cond: ((id >= 8828592) AND (id <= 8829591))
	        ->  Bitmap Index Scan on sbtest3_pkey  (cost=0.00..27.86 rows=1142 width=0)
	              Index Cond: ((id >= 8828592) AND (id <= 8829591))

table 4 : explain SELECT c FROM sbtest4 WHERE id BETWEEN 1323682 AND 1324681 ORDER BY c
	Sort  (cost=4052.37..4054.96 rows=1037 width=121)
	  Sort Key: c
	  ->  Bitmap Heap Scan on sbtest4  (cost=23.06..4000.42 rows=1037 width=121)
	        Recheck Cond: ((id >= 1323682) AND (id <= 1324681))
	        ->  Bitmap Index Scan on sbtest4_pkey  (cost=0.00..22.80 rows=1037 width=0)
	              Index Cond: ((id >= 1323682) AND (id <= 1324681))

table 5 : explain SELECT c FROM sbtest5 WHERE id BETWEEN 4436321 AND 4437320 ORDER BY c
	Sort  (cost=3922.60..3925.10 rows=1003 width=121)
	  Sort Key: c
	  ->  Bitmap Heap Scan on sbtest5  (cost=22.72..3872.60 rows=1003 width=121)
	        Recheck Cond: ((id >= 4436321) AND (id <= 4437320))
	        ->  Bitmap Index Scan on sbtest5_pkey  (cost=0.00..22.46 rows=1003 width=0)
	              Index Cond: ((id >= 4436321) AND (id <= 4437320))

table 6 : explain SELECT c FROM sbtest6 WHERE id BETWEEN 8098134 AND 8099133 ORDER BY c
	Sort  (cost=3865.93..3868.40 rows=988 width=121)
	  Sort Key: c
	  ->  Bitmap Heap Scan on sbtest6  (cost=22.56..3816.78 rows=988 width=121)
	        Recheck Cond: ((id >= 8098134) AND (id <= 8099133))
	        ->  Bitmap Index Scan on sbtest6_pkey  (cost=0.00..22.32 rows=988 width=0)
	              Index Cond: ((id >= 8098134) AND (id <= 8099133))

table 7 : explain SELECT c FROM sbtest7 WHERE id BETWEEN 8434039 AND 8435038 ORDER BY c
	Sort  (cost=3965.31..3967.85 rows=1014 width=121)
	  Sort Key: c
	  ->  Bitmap Heap Scan on sbtest7  (cost=22.83..3914.69 rows=1014 width=121)
	        Recheck Cond: ((id >= 8434039) AND (id <= 8435038))
	        ->  Bitmap Index Scan on sbtest7_pkey  (cost=0.00..22.57 rows=1014 width=0)
	              Index Cond: ((id >= 8434039) AND (id <= 8435038))

table 8 : explain SELECT c FROM sbtest8 WHERE id BETWEEN 902481 AND 903480 ORDER BY c
	Sort  (cost=3992.11..3994.66 rows=1021 width=121)
	  Sort Key: c
	  ->  Bitmap Heap Scan on sbtest8  (cost=22.90..3941.08 rows=1021 width=121)
	        Recheck Cond: ((id >= 902481) AND (id <= 903480))
	        ->  Bitmap Index Scan on sbtest8_pkey  (cost=0.00..22.64 rows=1021 width=0)
	              Index Cond: ((id >= 902481) AND (id <= 903480))

for: distinct_ranges
table 1 : explain SELECT DISTINCT c FROM sbtest1 WHERE id BETWEEN 1183031 AND 1184030 ORDER BY c
	Unique  (cost=3553.21..3557.74 rows=907 width=121)
	  ->  Sort  (cost=3553.21..3555.47 rows=907 width=121)
	        Sort Key: c
	        ->  Bitmap Heap Scan on sbtest1  (cost=21.73..3508.65 rows=907 width=121)
	              Recheck Cond: ((id >= 1183031) AND (id <= 1184030))
	              ->  Bitmap Index Scan on sbtest1_pkey  (cost=0.00..21.50 rows=907 width=0)
	                    Index Cond: ((id >= 1183031) AND (id <= 1184030))

table 2 : explain SELECT DISTINCT c FROM sbtest2 WHERE id BETWEEN 9755619 AND 9756618 ORDER BY c
	Unique  (cost=4451.82..4457.53 rows=1142 width=121)
	  ->  Sort  (cost=4451.82..4454.68 rows=1142 width=121)
	        Sort Key: c
	        ->  Bitmap Heap Scan on sbtest2  (cost=28.14..4393.82 rows=1142 width=121)
	              Recheck Cond: ((id >= 9755619) AND (id <= 9756618))
	              ->  Bitmap Index Scan on sbtest2_pkey  (cost=0.00..27.86 rows=1142 width=0)
	                    Index Cond: ((id >= 9755619) AND (id <= 9756618))

table 3 : explain SELECT DISTINCT c FROM sbtest3 WHERE id BETWEEN 3665218 AND 3666217 ORDER BY c
	Unique  (cost=3803.13..3807.99 rows=972 width=121)
	  ->  Sort  (cost=3803.13..3805.56 rows=972 width=121)
	        Sort Key: c
	        ->  Bitmap Heap Scan on sbtest3  (cost=22.40..3754.89 rows=972 width=121)
	              Recheck Cond: ((id >= 3665218) AND (id <= 3666217))
	              ->  Bitmap Index Scan on sbtest3_pkey  (cost=0.00..22.15 rows=972 width=0)
	                    Index Cond: ((id >= 3665218) AND (id <= 3666217))

table 4 : explain SELECT DISTINCT c FROM sbtest4 WHERE id BETWEEN 172462 AND 173461 ORDER BY c
	Unique  (cost=4021.81..4026.96 rows=1029 width=121)
	  ->  Sort  (cost=4021.81..4024.39 rows=1029 width=121)
	        Sort Key: c
	        ->  Bitmap Heap Scan on sbtest4  (cost=22.98..3970.33 rows=1029 width=121)
	              Recheck Cond: ((id >= 172462) AND (id <= 173461))
	              ->  Bitmap Index Scan on sbtest4_pkey  (cost=0.00..22.72 rows=1029 width=0)
	                    Index Cond: ((id >= 172462) AND (id <= 173461))

table 5 : explain SELECT DISTINCT c FROM sbtest5 WHERE id BETWEEN 4178262 AND 4179261 ORDER BY c
	Unique  (cost=3972.29..3977.37 rows=1016 width=121)
	  ->  Sort  (cost=3972.29..3974.83 rows=1016 width=121)
	        Sort Key: c
	        ->  Bitmap Heap Scan on sbtest5  (cost=22.85..3921.54 rows=1016 width=121)
	              Recheck Cond: ((id >= 4178262) AND (id <= 4179261))
	              ->  Bitmap Index Scan on sbtest5_pkey  (cost=0.00..22.59 rows=1016 width=0)
	                    Index Cond: ((id >= 4178262) AND (id <= 4179261))

table 6 : explain SELECT DISTINCT c FROM sbtest6 WHERE id BETWEEN 1990389 AND 1991388 ORDER BY c
	Unique  (cost=3636.15..3640.79 rows=928 width=121)
	  ->  Sort  (cost=3636.15..3638.47 rows=928 width=121)
	        Sort Key: c
	        ->  Bitmap Heap Scan on sbtest6  (cost=21.95..3590.41 rows=928 width=121)
	              Recheck Cond: ((id >= 1990389) AND (id <= 1991388))
	              ->  Bitmap Index Scan on sbtest6_pkey  (cost=0.00..21.71 rows=928 width=0)
	                    Index Cond: ((id >= 1990389) AND (id <= 1991388))

table 7 : explain SELECT DISTINCT c FROM sbtest7 WHERE id BETWEEN 9487923 AND 9488922 ORDER BY c
	Unique  (cost=3881.18..3886.14 rows=992 width=121)
	  ->  Sort  (cost=3881.18..3883.66 rows=992 width=121)
	        Sort Key: c
	        ->  Bitmap Heap Scan on sbtest7  (cost=22.60..3831.81 rows=992 width=121)
	              Recheck Cond: ((id >= 9487923) AND (id <= 9488922))
	              ->  Bitmap Index Scan on sbtest7_pkey  (cost=0.00..22.36 rows=992 width=0)
	                    Index Cond: ((id >= 9487923) AND (id <= 9488922))

table 8 : explain SELECT DISTINCT c FROM sbtest8 WHERE id BETWEEN 7782742 AND 7783741 ORDER BY c
	Unique  (cost=3973.00..3978.08 rows=1016 width=121)
	  ->  Sort  (cost=3973.00..3975.54 rows=1016 width=121)
	        Sort Key: c
	        ->  Bitmap Heap Scan on sbtest8  (cost=22.85..3922.26 rows=1016 width=121)
	              Recheck Cond: ((id >= 7782742) AND (id <= 7783741))
	              ->  Bitmap Index Scan on sbtest8_pkey  (cost=0.00..22.59 rows=1016 width=0)
	                    Index Cond: ((id >= 7782742) AND (id <= 7783741))

for: sum_ranges
table 1 : explain SELECT SUM(k) FROM sbtest1 WHERE id BETWEEN 2299623 AND 2300622
	Aggregate  (cost=4031.04..4031.05 rows=1 width=8)
	  ->  Bitmap Heap Scan on sbtest1  (cost=23.15..4028.43 rows=1045 width=4)
	        Recheck Cond: ((id >= 2299623) AND (id <= 2300622))
	        ->  Bitmap Index Scan on sbtest1_pkey  (cost=0.00..22.89 rows=1045 width=0)
	              Index Cond: ((id >= 2299623) AND (id <= 2300622))

table 2 : explain SELECT SUM(k) FROM sbtest2 WHERE id BETWEEN 9162297 AND 9163296
	Aggregate  (cost=3877.80..3877.81 rows=1 width=8)
	  ->  Bitmap Heap Scan on sbtest2  (cost=22.73..3875.29 rows=1004 width=4)
	        Recheck Cond: ((id >= 9162297) AND (id <= 9163296))
	        ->  Bitmap Index Scan on sbtest2_pkey  (cost=0.00..22.47 rows=1004 width=0)
	              Index Cond: ((id >= 9162297) AND (id <= 9163296))

table 3 : explain SELECT SUM(k) FROM sbtest3 WHERE id BETWEEN 3814498 AND 3815497
	Aggregate  (cost=4017.22..4017.23 rows=1 width=8)
	  ->  Bitmap Heap Scan on sbtest3  (cost=23.11..4014.62 rows=1041 width=4)
	        Recheck Cond: ((id >= 3814498) AND (id <= 3815497))
	        ->  Bitmap Index Scan on sbtest3_pkey  (cost=0.00..22.84 rows=1041 width=0)
	              Index Cond: ((id >= 3814498) AND (id <= 3815497))

table 4 : explain SELECT SUM(k) FROM sbtest4 WHERE id BETWEEN 5135614 AND 5136613
	Aggregate  (cost=3856.13..3856.14 rows=1 width=8)
	  ->  Bitmap Heap Scan on sbtest4  (cost=22.66..3853.63 rows=998 width=4)
	        Recheck Cond: ((id >= 5135614) AND (id <= 5136613))
	        ->  Bitmap Index Scan on sbtest4_pkey  (cost=0.00..22.41 rows=998 width=0)
	              Index Cond: ((id >= 5135614) AND (id <= 5136613))

table 5 : explain SELECT SUM(k) FROM sbtest5 WHERE id BETWEEN 3457766 AND 3458765
	Aggregate  (cost=3527.84..3527.85 rows=1 width=8)
	  ->  Bitmap Heap Scan on sbtest5  (cost=21.77..3525.57 rows=911 width=4)
	        Recheck Cond: ((id >= 3457766) AND (id <= 3458765))
	        ->  Bitmap Index Scan on sbtest5_pkey  (cost=0.00..21.54 rows=911 width=0)
	              Index Cond: ((id >= 3457766) AND (id <= 3458765))

table 6 : explain SELECT SUM(k) FROM sbtest6 WHERE id BETWEEN 1204412 AND 1205411
	Aggregate  (cost=3807.94..3807.95 rows=1 width=8)
	  ->  Bitmap Heap Scan on sbtest6  (cost=22.53..3805.47 rows=985 width=4)
	        Recheck Cond: ((id >= 1204412) AND (id <= 1205411))
	        ->  Bitmap Index Scan on sbtest6_pkey  (cost=0.00..22.29 rows=985 width=0)
	              Index Cond: ((id >= 1204412) AND (id <= 1205411))

table 7 : explain SELECT SUM(k) FROM sbtest7 WHERE id BETWEEN 3461700 AND 3462699
	Aggregate  (cost=3570.00..3570.01 rows=1 width=8)
	  ->  Bitmap Heap Scan on sbtest7  (cost=21.89..3567.70 rows=922 width=4)
	        Recheck Cond: ((id >= 3461700) AND (id <= 3462699))
	        ->  Bitmap Index Scan on sbtest7_pkey  (cost=0.00..21.65 rows=922 width=0)
	              Index Cond: ((id >= 3461700) AND (id <= 3462699))

table 8 : explain SELECT SUM(k) FROM sbtest8 WHERE id BETWEEN 6323613 AND 6324612
	Aggregate  (cost=3883.34..3883.35 rows=1 width=8)
	  ->  Bitmap Heap Scan on sbtest8  (cost=22.74..3880.83 rows=1005 width=4)
	        Recheck Cond: ((id >= 6323613) AND (id <= 6324612))
	        ->  Bitmap Index Scan on sbtest8_pkey  (cost=0.00..22.48 rows=1005 width=0)
	              Index Cond: ((id >= 6323613) AND (id <= 6324612))

for: order_ranges
table 1 : explain SELECT c FROM sbtest1 WHERE id BETWEEN 631946 AND 632945 ORDER BY c
	Sort  (cost=3702.56..3704.92 rows=946 width=121)
	  Sort Key: c
	  ->  Bitmap Heap Scan on sbtest1  (cost=22.13..3655.80 rows=946 width=121)
	        Recheck Cond: ((id >= 631946) AND (id <= 632945))
	        ->  Bitmap Index Scan on sbtest1_pkey  (cost=0.00..21.89 rows=946 width=0)
	              Index Cond: ((id >= 631946) AND (id <= 632945))

table 2 : explain SELECT c FROM sbtest2 WHERE id BETWEEN 9257226 AND 9258225 ORDER BY c
	Sort  (cost=4173.47..4176.15 rows=1069 width=121)
	  Sort Key: c
	  ->  Bitmap Heap Scan on sbtest2  (cost=23.39..4119.69 rows=1069 width=121)
	        Recheck Cond: ((id >= 9257226) AND (id <= 9258225))
	        ->  Bitmap Index Scan on sbtest2_pkey  (cost=0.00..23.12 rows=1069 width=0)
	              Index Cond: ((id >= 9257226) AND (id <= 9258225))

table 3 : explain SELECT c FROM sbtest3 WHERE id BETWEEN 1572617 AND 1573616 ORDER BY c
	Sort  (cost=3944.59..3947.11 rows=1009 width=121)
	  Sort Key: c
	  ->  Bitmap Heap Scan on sbtest3  (cost=22.78..3894.24 rows=1009 width=121)
	        Recheck Cond: ((id >= 1572617) AND (id <= 1573616))
	        ->  Bitmap Index Scan on sbtest3_pkey  (cost=0.00..22.52 rows=1009 width=0)
	              Index Cond: ((id >= 1572617) AND (id <= 1573616))

table 4 : explain SELECT c FROM sbtest4 WHERE id BETWEEN 2314239 AND 2315238 ORDER BY c
	Sort  (cost=3914.82..3917.32 rows=1001 width=121)
	  Sort Key: c
	  ->  Bitmap Heap Scan on sbtest4  (cost=22.70..3864.93 rows=1001 width=121)
	        Recheck Cond: ((id >= 2314239) AND (id <= 2315238))
	        ->  Bitmap Index Scan on sbtest4_pkey  (cost=0.00..22.44 rows=1001 width=0)
	              Index Cond: ((id >= 2314239) AND (id <= 2315238))

table 5 : explain SELECT c FROM sbtest5 WHERE id BETWEEN 1190131 AND 1191130 ORDER BY c
	Sort  (cost=3374.62..3376.77 rows=860 width=121)
	  Sort Key: c
	  ->  Bitmap Heap Scan on sbtest5  (cost=21.25..3332.70 rows=860 width=121)
	        Recheck Cond: ((id >= 1190131) AND (id <= 1191130))
	        ->  Bitmap Index Scan on sbtest5_pkey  (cost=0.00..21.04 rows=860 width=0)
	              Index Cond: ((id >= 1190131) AND (id <= 1191130))

table 6 : explain SELECT c FROM sbtest6 WHERE id BETWEEN 5845686 AND 5846685 ORDER BY c
	Sort  (cost=4339.70..4342.48 rows=1112 width=121)
	  Sort Key: c
	  ->  Bitmap Heap Scan on sbtest6  (cost=27.83..4283.43 rows=1112 width=121)
	        Recheck Cond: ((id >= 5845686) AND (id <= 5846685))
	        ->  Bitmap Index Scan on sbtest6_pkey  (cost=0.00..27.55 rows=1112 width=0)
	              Index Cond: ((id >= 5845686) AND (id <= 5846685))

table 7 : explain SELECT c FROM sbtest7 WHERE id BETWEEN 7349797 AND 7350796 ORDER BY c
	Sort  (cost=3524.88..3527.13 rows=899 width=121)
	  Sort Key: c
	  ->  Bitmap Heap Scan on sbtest7  (cost=21.65..3480.78 rows=899 width=121)
	        Recheck Cond: ((id >= 7349797) AND (id <= 7350796))
	        ->  Bitmap Index Scan on sbtest7_pkey  (cost=0.00..21.43 rows=899 width=0)
	              Index Cond: ((id >= 7349797) AND (id <= 7350796))

table 8 : explain SELECT c FROM sbtest8 WHERE id BETWEEN 9277268 AND 9278267 ORDER BY c
	Sort  (cost=3348.27..3350.41 rows=853 width=121)
	  Sort Key: c
	  ->  Bitmap Heap Scan on sbtest8  (cost=21.18..3306.75 rows=853 width=121)
	        Recheck Cond: ((id >= 9277268) AND (id <= 9278267))
	        ->  Bitmap Index Scan on sbtest8_pkey  (cost=0.00..20.96 rows=853 width=0)
	              Index Cond: ((id >= 9277268) AND (id <= 9278267))

for: distinct_ranges
table 1 : explain SELECT DISTINCT c FROM sbtest1 WHERE id BETWEEN 7203650 AND 7204649 ORDER BY c
	Unique  (cost=3863.19..3868.13 rows=988 width=121)
	  ->  Sort  (cost=3863.19..3865.66 rows=988 width=121)
	        Sort Key: c
	        ->  Bitmap Heap Scan on sbtest1  (cost=22.56..3814.04 rows=988 width=121)
	              Recheck Cond: ((id >= 7203650) AND (id <= 7204649))
	              ->  Bitmap Index Scan on sbtest1_pkey  (cost=0.00..22.32 rows=988 width=0)
	                    Index Cond: ((id >= 7203650) AND (id <= 7204649))

table 2 : explain SELECT DISTINCT c FROM sbtest2 WHERE id BETWEEN 2651827 AND 2652826 ORDER BY c
	Unique  (cost=3707.32..3712.06 rows=947 width=121)
	  ->  Sort  (cost=3707.32..3709.69 rows=947 width=121)
	        Sort Key: c
	        ->  Bitmap Heap Scan on sbtest2  (cost=22.14..3660.51 rows=947 width=121)
	              Recheck Cond: ((id >= 2651827) AND (id <= 2652826))
	              ->  Bitmap Index Scan on sbtest2_pkey  (cost=0.00..21.90 rows=947 width=0)
	                    Index Cond: ((id >= 2651827) AND (id <= 2652826))

table 3 : explain SELECT DISTINCT c FROM sbtest3 WHERE id BETWEEN 850501 AND 851500 ORDER BY c
	Unique  (cost=3458.32..3462.73 rows=882 width=121)
	  ->  Sort  (cost=3458.32..3460.52 rows=882 width=121)
	        Sort Key: c
	        ->  Bitmap Heap Scan on sbtest3  (cost=21.48..3415.17 rows=882 width=121)
	              Recheck Cond: ((id >= 850501) AND (id <= 851500))
	              ->  Bitmap Index Scan on sbtest3_pkey  (cost=0.00..21.25 rows=882 width=0)
	                    Index Cond: ((id >= 850501) AND (id <= 851500))

table 4 : explain SELECT DISTINCT c FROM sbtest4 WHERE id BETWEEN 2549772 AND 2550771 ORDER BY c
	Unique  (cost=3738.82..3743.60 rows=955 width=121)
	  ->  Sort  (cost=3738.82..3741.21 rows=955 width=121)
	        Sort Key: c
	        ->  Bitmap Heap Scan on sbtest4  (cost=22.22..3691.55 rows=955 width=121)
	              Recheck Cond: ((id >= 2549772) AND (id <= 2550771))
	              ->  Bitmap Index Scan on sbtest4_pkey  (cost=0.00..21.98 rows=955 width=0)
	                    Index Cond: ((id >= 2549772) AND (id <= 2550771))

table 5 : explain SELECT DISTINCT c FROM sbtest5 WHERE id BETWEEN 3086494 AND 3087493 ORDER BY c
	Unique  (cost=3999.03..4004.15 rows=1023 width=121)
	  ->  Sort  (cost=3999.03..4001.59 rows=1023 width=121)
	        Sort Key: c
	        ->  Bitmap Heap Scan on sbtest5  (cost=22.92..3947.89 rows=1023 width=121)
	              Recheck Cond: ((id >= 3086494) AND (id <= 3087493))
	              ->  Bitmap Index Scan on sbtest5_pkey  (cost=0.00..22.66 rows=1023 width=0)
	                    Index Cond: ((id >= 3086494) AND (id <= 3087493))

table 6 : explain SELECT DISTINCT c FROM sbtest6 WHERE id BETWEEN 7690285 AND 7691284 ORDER BY c
	Unique  (cost=4518.70..4524.50 rows=1159 width=121)
	  ->  Sort  (cost=4518.70..4521.60 rows=1159 width=121)
	        Sort Key: c
	        ->  Bitmap Heap Scan on sbtest6  (cost=28.31..4459.72 rows=1159 width=121)
	              Recheck Cond: ((id >= 7690285) AND (id <= 7691284))
	              ->  Bitmap Index Scan on sbtest6_pkey  (cost=0.00..28.02 rows=1159 width=0)
	                    Index Cond: ((id >= 7690285) AND (id <= 7691284))

table 7 : explain SELECT DISTINCT c FROM sbtest7 WHERE id BETWEEN 8021700 AND 8022699 ORDER BY c
	Unique  (cost=3628.44..3633.07 rows=926 width=121)
	  ->  Sort  (cost=3628.44..3630.75 rows=926 width=121)
	        Sort Key: c
	        ->  Bitmap Heap Scan on sbtest7  (cost=21.93..3582.81 rows=926 width=121)
	              Recheck Cond: ((id >= 8021700) AND (id <= 8022699))
	              ->  Bitmap Index Scan on sbtest7_pkey  (cost=0.00..21.69 rows=926 width=0)
	                    Index Cond: ((id >= 8021700) AND (id <= 8022699))

table 8 : explain SELECT DISTINCT c FROM sbtest8 WHERE id BETWEEN 3465891 AND 3466890 ORDER BY c
	Unique  (cost=4221.40..4226.80 rows=1080 width=121)
	  ->  Sort  (cost=4221.40..4224.10 rows=1080 width=121)
	        Sort Key: c
	        ->  Bitmap Heap Scan on sbtest8  (cost=27.50..4166.98 rows=1080 width=121)
	              Recheck Cond: ((id >= 3465891) AND (id <= 3466890))
	              ->  Bitmap Index Scan on sbtest8_pkey  (cost=0.00..27.23 rows=1080 width=0)
	                    Index Cond: ((id >= 3465891) AND (id <= 3466890))

for: order_ranges
table 1 : explain SELECT c FROM sbtest1 WHERE id BETWEEN 9543885 AND 9544884 ORDER BY c
	Sort  (cost=3756.13..3758.53 rows=960 width=121)
	  Sort Key: c
	  ->  Bitmap Heap Scan on sbtest1  (cost=22.27..3708.57 rows=960 width=121)
	        Recheck Cond: ((id >= 9543885) AND (id <= 9544884))
	        ->  Bitmap Index Scan on sbtest1_pkey  (cost=0.00..22.04 rows=960 width=0)
	              Index Cond: ((id >= 9543885) AND (id <= 9544884))

table 2 : explain SELECT c FROM sbtest2 WHERE id BETWEEN 6936827 AND 6937826 ORDER BY c
	Sort  (cost=3791.52..3793.94 rows=969 width=121)
	  Sort Key: c
	  ->  Bitmap Heap Scan on sbtest2  (cost=22.37..3743.46 rows=969 width=121)
	        Recheck Cond: ((id >= 6936827) AND (id <= 6937826))
	        ->  Bitmap Index Scan on sbtest2_pkey  (cost=0.00..22.12 rows=969 width=0)
	              Index Cond: ((id >= 6936827) AND (id <= 6937826))

table 3 : explain SELECT c FROM sbtest3 WHERE id BETWEEN 1859192 AND 1860191 ORDER BY c
	Sort  (cost=3799.30..3801.73 rows=971 width=121)
	  Sort Key: c
	  ->  Bitmap Heap Scan on sbtest3  (cost=22.39..3751.12 rows=971 width=121)
	        Recheck Cond: ((id >= 1859192) AND (id <= 1860191))
	        ->  Bitmap Index Scan on sbtest3_pkey  (cost=0.00..22.14 rows=971 width=0)
	              Index Cond: ((id >= 1859192) AND (id <= 1860191))

table 4 : explain SELECT c FROM sbtest4 WHERE id BETWEEN 8624556 AND 8625555 ORDER BY c
	Sort  (cost=3834.50..3836.95 rows=980 width=121)
	  Sort Key: c
	  ->  Bitmap Heap Scan on sbtest4  (cost=22.48..3785.81 rows=980 width=121)
	        Recheck Cond: ((id >= 8624556) AND (id <= 8625555))
	        ->  Bitmap Index Scan on sbtest4_pkey  (cost=0.00..22.23 rows=980 width=0)
	              Index Cond: ((id >= 8624556) AND (id <= 8625555))

table 5 : explain SELECT c FROM sbtest5 WHERE id BETWEEN 7078504 AND 7079503 ORDER BY c
	Sort  (cost=3447.58..3449.77 rows=879 width=121)
	  Sort Key: c
	  ->  Bitmap Heap Scan on sbtest5  (cost=21.44..3404.59 rows=879 width=121)
	        Recheck Cond: ((id >= 7078504) AND (id <= 7079503))
	        ->  Bitmap Index Scan on sbtest5_pkey  (cost=0.00..21.22 rows=879 width=0)
	              Index Cond: ((id >= 7078504) AND (id <= 7079503))

table 6 : explain SELECT c FROM sbtest6 WHERE id BETWEEN 9231987 AND 9232986 ORDER BY c
	Sort  (cost=4286.24..4288.99 rows=1097 width=121)
	  Sort Key: c
	  ->  Bitmap Heap Scan on sbtest6  (cost=27.68..4230.85 rows=1097 width=121)
	        Recheck Cond: ((id >= 9231987) AND (id <= 9232986))
	        ->  Bitmap Index Scan on sbtest6_pkey  (cost=0.00..27.40 rows=1097 width=0)
	              Index Cond: ((id >= 9231987) AND (id <= 9232986))

table 7 : explain SELECT c FROM sbtest7 WHERE id BETWEEN 2879837 AND 2880836 ORDER BY c
	Sort  (cost=3938.55..3941.07 rows=1007 width=121)
	  Sort Key: c
	  ->  Bitmap Heap Scan on sbtest7  (cost=22.76..3888.32 rows=1007 width=121)
	        Recheck Cond: ((id >= 2879837) AND (id <= 2880836))
	        ->  Bitmap Index Scan on sbtest7_pkey  (cost=0.00..22.50 rows=1007 width=0)
	              Index Cond: ((id >= 2879837) AND (id <= 2880836))

table 8 : explain SELECT c FROM sbtest8 WHERE id BETWEEN 5928486 AND 5929485 ORDER BY c
	Sort  (cost=3946.24..3948.76 rows=1009 width=121)
	  Sort Key: c
	  ->  Bitmap Heap Scan on sbtest8  (cost=22.78..3895.89 rows=1009 width=121)
	        Recheck Cond: ((id >= 5928486) AND (id <= 5929485))
	        ->  Bitmap Index Scan on sbtest8_pkey  (cost=0.00..22.52 rows=1009 width=0)
	              Index Cond: ((id >= 5928486) AND (id <= 5929485))

for: distinct_ranges
table 1 : explain SELECT DISTINCT c FROM sbtest1 WHERE id BETWEEN 2925636 AND 2926635 ORDER BY c
	Unique  (cost=3840.25..3845.16 rows=982 width=121)
	  ->  Sort  (cost=3840.25..3842.71 rows=982 width=121)
	        Sort Key: c
	        ->  Bitmap Heap Scan on sbtest1  (cost=22.50..3791.45 rows=982 width=121)
	              Recheck Cond: ((id >= 2925636) AND (id <= 2926635))
	              ->  Bitmap Index Scan on sbtest1_pkey  (cost=0.00..22.25 rows=982 width=0)
	                    Index Cond: ((id >= 2925636) AND (id <= 2926635))

table 2 : explain SELECT DISTINCT c FROM sbtest2 WHERE id BETWEEN 760360 AND 761359 ORDER BY c
	Unique  (cost=3795.35..3800.20 rows=970 width=121)
	  ->  Sort  (cost=3795.35..3797.77 rows=970 width=121)
	        Sort Key: c
	        ->  Bitmap Heap Scan on sbtest2  (cost=22.38..3747.22 rows=970 width=121)
	              Recheck Cond: ((id >= 760360) AND (id <= 761359))
	              ->  Bitmap Index Scan on sbtest2_pkey  (cost=0.00..22.14 rows=970 width=0)
	                    Index Cond: ((id >= 760360) AND (id <= 761359))

table 3 : explain SELECT DISTINCT c FROM sbtest3 WHERE id BETWEEN 4580537 AND 4581536 ORDER BY c
	Unique  (cost=3646.18..3650.83 rows=931 width=121)
	  ->  Sort  (cost=3646.18..3648.50 rows=931 width=121)
	        Sort Key: c
	        ->  Bitmap Heap Scan on sbtest3  (cost=21.98..3600.26 rows=931 width=121)
	              Recheck Cond: ((id >= 4580537) AND (id <= 4581536))
	              ->  Bitmap Index Scan on sbtest3_pkey  (cost=0.00..21.75 rows=931 width=0)
	                    Index Cond: ((id >= 4580537) AND (id <= 4581536))

table 4 : explain SELECT DISTINCT c FROM sbtest4 WHERE id BETWEEN 4058089 AND 4059088 ORDER BY c
	Unique  (cost=3914.82..3919.82 rows=1001 width=121)
	  ->  Sort  (cost=3914.82..3917.32 rows=1001 width=121)
	        Sort Key: c
	        ->  Bitmap Heap Scan on sbtest4  (cost=22.70..3864.93 rows=1001 width=121)
	              Recheck Cond: ((id >= 4058089) AND (id <= 4059088))
	              ->  Bitmap Index Scan on sbtest4_pkey  (cost=0.00..22.44 rows=1001 width=0)
	                    Index Cond: ((id >= 4058089) AND (id <= 4059088))

table 5 : explain SELECT DISTINCT c FROM sbtest5 WHERE id BETWEEN 5181425 AND 5182424 ORDER BY c
	Unique  (cost=4151.76..4157.08 rows=1063 width=121)
	  ->  Sort  (cost=4151.76..4154.42 rows=1063 width=121)
	        Sort Key: c
	        ->  Bitmap Heap Scan on sbtest5  (cost=23.33..4098.33 rows=1063 width=121)
	              Recheck Cond: ((id >= 5181425) AND (id <= 5182424))
	              ->  Bitmap Index Scan on sbtest5_pkey  (cost=0.00..23.07 rows=1063 width=0)
	                    Index Cond: ((id >= 5181425) AND (id <= 5182424))

table 6 : explain SELECT DISTINCT c FROM sbtest6 WHERE id BETWEEN 1221034 AND 1222033 ORDER BY c
	Unique  (cost=3999.76..4004.88 rows=1023 width=121)
	  ->  Sort  (cost=3999.76..4002.32 rows=1023 width=121)
	        Sort Key: c
	        ->  Bitmap Heap Scan on sbtest6  (cost=22.92..3948.62 rows=1023 width=121)
	              Recheck Cond: ((id >= 1221034) AND (id <= 1222033))
	              ->  Bitmap Index Scan on sbtest6_pkey  (cost=0.00..22.66 rows=1023 width=0)
	                    Index Cond: ((id >= 1221034) AND (id <= 1222033))

table 7 : explain SELECT DISTINCT c FROM sbtest7 WHERE id BETWEEN 5592143 AND 5593142 ORDER BY c
	Unique  (cost=3712.75..3717.49 rows=948 width=121)
	  ->  Sort  (cost=3712.75..3715.12 rows=948 width=121)
	        Sort Key: c
	        ->  Bitmap Heap Scan on sbtest7  (cost=22.15..3665.87 rows=948 width=121)
	              Recheck Cond: ((id >= 5592143) AND (id <= 5593142))
	              ->  Bitmap Index Scan on sbtest7_pkey  (cost=0.00..21.91 rows=948 width=0)
	                    Index Cond: ((id >= 5592143) AND (id <= 5593142))

table 8 : explain SELECT DISTINCT c FROM sbtest8 WHERE id BETWEEN 8354533 AND 8355532 ORDER BY c
	Unique  (cost=4018.86..4024.00 rows=1028 width=121)
	  ->  Sort  (cost=4018.86..4021.43 rows=1028 width=121)
	        Sort Key: c
	        ->  Bitmap Heap Scan on sbtest8  (cost=22.97..3967.43 rows=1028 width=121)
	              Recheck Cond: ((id >= 8354533) AND (id <= 8355532))
	              ->  Bitmap Index Scan on sbtest8_pkey  (cost=0.00..22.71 rows=1028 width=0)
	                    Index Cond: ((id >= 8354533) AND (id <= 8355532))

for: sum_ranges
table 1 : explain SELECT SUM(k) FROM sbtest1 WHERE id BETWEEN 2073836 AND 2074835
	Aggregate  (cost=3786.37..3786.38 rows=1 width=8)
	  ->  Bitmap Heap Scan on sbtest1  (cost=22.48..3783.92 rows=980 width=4)
	        Recheck Cond: ((id >= 2073836) AND (id <= 2074835))
	        ->  Bitmap Index Scan on sbtest1_pkey  (cost=0.00..22.23 rows=980 width=0)
	              Index Cond: ((id >= 2073836) AND (id <= 2074835))

table 2 : explain SELECT SUM(k) FROM sbtest2 WHERE id BETWEEN 7536140 AND 7537139
	Aggregate  (cost=4257.86..4257.87 rows=1 width=8)
	  ->  Bitmap Heap Scan on sbtest2  (cost=27.76..4255.10 rows=1105 width=4)
	        Recheck Cond: ((id >= 7536140) AND (id <= 7537139))
	        ->  Bitmap Index Scan on sbtest2_pkey  (cost=0.00..27.48 rows=1105 width=0)
	              Index Cond: ((id >= 7536140) AND (id <= 7537139))

table 3 : explain SELECT SUM(k) FROM sbtest3 WHERE id BETWEEN 6268642 AND 6269641
	Aggregate  (cost=3508.13..3508.14 rows=1 width=8)
	  ->  Bitmap Heap Scan on sbtest3  (cost=21.72..3505.87 rows=906 width=4)
	        Recheck Cond: ((id >= 6268642) AND (id <= 6269641))
	        ->  Bitmap Index Scan on sbtest3_pkey  (cost=0.00..21.50 rows=906 width=0)
	              Index Cond: ((id >= 6268642) AND (id <= 6269641))

table 4 : explain SELECT SUM(k) FROM sbtest4 WHERE id BETWEEN 9440792 AND 9441791
	Aggregate  (cost=3818.43..3818.44 rows=1 width=8)
	  ->  Bitmap Heap Scan on sbtest4  (cost=22.56..3815.96 rows=988 width=4)
	        Recheck Cond: ((id >= 9440792) AND (id <= 9441791))
	        ->  Bitmap Index Scan on sbtest4_pkey  (cost=0.00..22.32 rows=988 width=0)
	              Index Cond: ((id >= 9440792) AND (id <= 9441791))

table 5 : explain SELECT SUM(k) FROM sbtest5 WHERE id BETWEEN 2071456 AND 2072455
	Aggregate  (cost=3573.20..3573.21 rows=1 width=8)
	  ->  Bitmap Heap Scan on sbtest5  (cost=21.90..3570.90 rows=923 width=4)
	        Recheck Cond: ((id >= 2071456) AND (id <= 2072455))
	        ->  Bitmap Index Scan on sbtest5_pkey  (cost=0.00..21.66 rows=923 width=0)
	              Index Cond: ((id >= 2071456) AND (id <= 2072455))

table 6 : explain SELECT SUM(k) FROM sbtest6 WHERE id BETWEEN 9660540 AND 9661539
	Aggregate  (cost=3770.21..3770.22 rows=1 width=8)
	  ->  Bitmap Heap Scan on sbtest6  (cost=22.43..3767.77 rows=975 width=4)
	        Recheck Cond: ((id >= 9660540) AND (id <= 9661539))
	        ->  Bitmap Index Scan on sbtest6_pkey  (cost=0.00..22.18 rows=975 width=0)
	              Index Cond: ((id >= 9660540) AND (id <= 9661539))

table 7 : explain SELECT SUM(k) FROM sbtest7 WHERE id BETWEEN 6609782 AND 6610781
	Aggregate  (cost=3887.07..3887.08 rows=1 width=8)
	  ->  Bitmap Heap Scan on sbtest7  (cost=22.75..3884.56 rows=1006 width=4)
	        Recheck Cond: ((id >= 6609782) AND (id <= 6610781))
	        ->  Bitmap Index Scan on sbtest7_pkey  (cost=0.00..22.50 rows=1006 width=0)
	              Index Cond: ((id >= 6609782) AND (id <= 6610781))

table 8 : explain SELECT SUM(k) FROM sbtest8 WHERE id BETWEEN 5742820 AND 5743819
	Aggregate  (cost=3641.84..3641.85 rows=1 width=8)
	  ->  Bitmap Heap Scan on sbtest8  (cost=22.08..3639.49 rows=941 width=4)
	        Recheck Cond: ((id >= 5742820) AND (id <= 5743819))
	        ->  Bitmap Index Scan on sbtest8_pkey  (cost=0.00..21.84 rows=941 width=0)
	              Index Cond: ((id >= 5742820) AND (id <= 5743819))

for: order_ranges
table 1 : explain SELECT c FROM sbtest1 WHERE id BETWEEN 5991101 AND 5992100 ORDER BY c
	Sort  (cost=4057.94..4060.53 rows=1039 width=121)
	  Sort Key: c
	  ->  Bitmap Heap Scan on sbtest1  (cost=23.08..4005.88 rows=1039 width=121)
	        Recheck Cond: ((id >= 5991101) AND (id <= 5992100))
	        ->  Bitmap Index Scan on sbtest1_pkey  (cost=0.00..22.82 rows=1039 width=0)
	              Index Cond: ((id >= 5991101) AND (id <= 5992100))

table 2 : explain SELECT c FROM sbtest2 WHERE id BETWEEN 8017796 AND 8018795 ORDER BY c
	Sort  (cost=3829.77..3832.22 rows=979 width=121)
	  Sort Key: c
	  ->  Bitmap Heap Scan on sbtest2  (cost=22.47..3781.14 rows=979 width=121)
	        Recheck Cond: ((id >= 8017796) AND (id <= 8018795))
	        ->  Bitmap Index Scan on sbtest2_pkey  (cost=0.00..22.22 rows=979 width=0)
	              Index Cond: ((id >= 8017796) AND (id <= 8018795))

table 3 : explain SELECT c FROM sbtest3 WHERE id BETWEEN 5458089 AND 5459088 ORDER BY c
	Sort  (cost=3933.12..3935.64 rows=1006 width=121)
	  Sort Key: c
	  ->  Bitmap Heap Scan on sbtest3  (cost=22.75..3882.95 rows=1006 width=121)
	        Recheck Cond: ((id >= 5458089) AND (id <= 5459088))
	        ->  Bitmap Index Scan on sbtest3_pkey  (cost=0.00..22.50 rows=1006 width=0)
	              Index Cond: ((id >= 5458089) AND (id <= 5459088))

table 4 : explain SELECT c FROM sbtest4 WHERE id BETWEEN 8375208 AND 8376207 ORDER BY c
	Sort  (cost=3815.37..3817.81 rows=975 width=121)
	  Sort Key: c
	  ->  Bitmap Heap Scan on sbtest4  (cost=22.43..3766.97 rows=975 width=121)
	        Recheck Cond: ((id >= 8375208) AND (id <= 8376207))
	        ->  Bitmap Index Scan on sbtest4_pkey  (cost=0.00..22.18 rows=975 width=0)
	              Index Cond: ((id >= 8375208) AND (id <= 8376207))

table 5 : explain SELECT c FROM sbtest5 WHERE id BETWEEN 2281267 AND 2282266 ORDER BY c
	Sort  (cost=3911.13..3913.63 rows=1000 width=121)
	  Sort Key: c
	  ->  Bitmap Heap Scan on sbtest5  (cost=22.68..3861.30 rows=1000 width=121)
	        Recheck Cond: ((id >= 2281267) AND (id <= 2282266))
	        ->  Bitmap Index Scan on sbtest5_pkey  (cost=0.00..22.43 rows=1000 width=0)
	              Index Cond: ((id >= 2281267) AND (id <= 2282266))

table 6 : explain SELECT c FROM sbtest6 WHERE id BETWEEN 8075631 AND 8076630 ORDER BY c
	Sort  (cost=3865.93..3868.40 rows=988 width=121)
	  Sort Key: c
	  ->  Bitmap Heap Scan on sbtest6  (cost=22.56..3816.78 rows=988 width=121)
	        Recheck Cond: ((id >= 8075631) AND (id <= 8076630))
	        ->  Bitmap Index Scan on sbtest6_pkey  (cost=0.00..22.32 rows=988 width=0)
	              Index Cond: ((id >= 8075631) AND (id <= 8076630))

table 7 : explain SELECT c FROM sbtest7 WHERE id BETWEEN 3866024 AND 3867023 ORDER BY c
	Sort  (cost=4335.83..4338.61 rows=1111 width=121)
	  Sort Key: c
	  ->  Bitmap Heap Scan on sbtest7  (cost=27.82..4279.63 rows=1111 width=121)
	        Recheck Cond: ((id >= 3866024) AND (id <= 3867023))
	        ->  Bitmap Index Scan on sbtest7_pkey  (cost=0.00..27.54 rows=1111 width=0)
	              Index Cond: ((id >= 3866024) AND (id <= 3867023))

table 8 : explain SELECT c FROM sbtest8 WHERE id BETWEEN 5089931 AND 5090930 ORDER BY c
	Sort  (cost=3915.65..3918.15 rows=1001 width=121)
	  Sort Key: c
	  ->  Bitmap Heap Scan on sbtest8  (cost=22.70..3865.76 rows=1001 width=121)
	        Recheck Cond: ((id >= 5089931) AND (id <= 5090930))
	        ->  Bitmap Index Scan on sbtest8_pkey  (cost=0.00..22.44 rows=1001 width=0)
	              Index Cond: ((id >= 5089931) AND (id <= 5090930))

for: distinct_ranges
table 1 : explain SELECT DISTINCT c FROM sbtest1 WHERE id BETWEEN 3877110 AND 3878109 ORDER BY c
	Unique  (cost=4206.65..4212.04 rows=1078 width=121)
	  ->  Sort  (cost=4206.65..4209.35 rows=1078 width=121)
	        Sort Key: c
	        ->  Bitmap Heap Scan on sbtest1  (cost=23.48..4152.35 rows=1078 width=121)
	              Recheck Cond: ((id >= 3877110) AND (id <= 3878109))
	              ->  Bitmap Index Scan on sbtest1_pkey  (cost=0.00..23.21 rows=1078 width=0)
	                    Index Cond: ((id >= 3877110) AND (id <= 3878109))

table 2 : explain SELECT DISTINCT c FROM sbtest2 WHERE id BETWEEN 9484346 AND 9485345 ORDER BY c
	Unique  (cost=4043.75..4048.92 rows=1035 width=121)
	  ->  Sort  (cost=4043.75..4046.33 rows=1035 width=121)
	        Sort Key: c
	        ->  Bitmap Heap Scan on sbtest2  (cost=23.04..3991.92 rows=1035 width=121)
	              Recheck Cond: ((id >= 9484346) AND (id <= 9485345))
	              ->  Bitmap Index Scan on sbtest2_pkey  (cost=0.00..22.79 rows=1035 width=0)
	                    Index Cond: ((id >= 9484346) AND (id <= 9485345))

table 3 : explain SELECT DISTINCT c FROM sbtest3 WHERE id BETWEEN 7587303 AND 7588302 ORDER BY c
	Unique  (cost=4429.15..4434.83 rows=1136 width=121)
	  ->  Sort  (cost=4429.15..4431.99 rows=1136 width=121)
	        Sort Key: c
	        ->  Bitmap Heap Scan on sbtest3  (cost=28.08..4371.50 rows=1136 width=121)
	              Recheck Cond: ((id >= 7587303) AND (id <= 7588302))
	              ->  Bitmap Index Scan on sbtest3_pkey  (cost=0.00..27.79 rows=1136 width=0)
	                    Index Cond: ((id >= 7587303) AND (id <= 7588302))

table 4 : explain SELECT DISTINCT c FROM sbtest4 WHERE id BETWEEN 4074196 AND 4075195 ORDER BY c
	Unique  (cost=3914.82..3919.82 rows=1001 width=121)
	  ->  Sort  (cost=3914.82..3917.32 rows=1001 width=121)
	        Sort Key: c
	        ->  Bitmap Heap Scan on sbtest4  (cost=22.70..3864.93 rows=1001 width=121)
	              Recheck Cond: ((id >= 4074196) AND (id <= 4075195))
	              ->  Bitmap Index Scan on sbtest4_pkey  (cost=0.00..22.44 rows=1001 width=0)
	                    Index Cond: ((id >= 4074196) AND (id <= 4075195))

table 5 : explain SELECT DISTINCT c FROM sbtest5 WHERE id BETWEEN 4807955 AND 4808954 ORDER BY c
	Unique  (cost=4285.44..4290.92 rows=1097 width=121)
	  ->  Sort  (cost=4285.44..4288.18 rows=1097 width=121)
	        Sort Key: c
	        ->  Bitmap Heap Scan on sbtest5  (cost=27.68..4230.04 rows=1097 width=121)
	              Recheck Cond: ((id >= 4807955) AND (id <= 4808954))
	              ->  Bitmap Index Scan on sbtest5_pkey  (cost=0.00..27.40 rows=1097 width=0)
	                    Index Cond: ((id >= 4807955) AND (id <= 4808954))

table 6 : explain SELECT DISTINCT c FROM sbtest6 WHERE id BETWEEN 3309196 AND 3310195 ORDER BY c
	Unique  (cost=3425.11..3429.48 rows=873 width=121)
	  ->  Sort  (cost=3425.11..3427.30 rows=873 width=121)
	        Sort Key: c
	        ->  Bitmap Heap Scan on sbtest6  (cost=21.38..3382.47 rows=873 width=121)
	              Recheck Cond: ((id >= 3309196) AND (id <= 3310195))
	              ->  Bitmap Index Scan on sbtest6_pkey  (cost=0.00..21.16 rows=873 width=0)
	                    Index Cond: ((id >= 3309196) AND (id <= 3310195))

table 7 : explain SELECT DISTINCT c FROM sbtest7 WHERE id BETWEEN 845845 AND 846844 ORDER BY c
	Unique  (cost=4106.67..4111.93 rows=1051 width=121)
	  ->  Sort  (cost=4106.67..4109.30 rows=1051 width=121)
	        Sort Key: c
	        ->  Bitmap Heap Scan on sbtest7  (cost=23.21..4053.93 rows=1051 width=121)
	              Recheck Cond: ((id >= 845845) AND (id <= 846844))
	              ->  Bitmap Index Scan on sbtest7_pkey  (cost=0.00..22.94 rows=1051 width=0)
	                    Index Cond: ((id >= 845845) AND (id <= 846844))

table 8 : explain SELECT DISTINCT c FROM sbtest8 WHERE id BETWEEN 5869663 AND 5870662 ORDER BY c
	Unique  (cost=4095.26..4100.50 rows=1048 width=121)
	  ->  Sort  (cost=4095.26..4097.88 rows=1048 width=121)
	        Sort Key: c
	        ->  Bitmap Heap Scan on sbtest8  (cost=23.18..4042.68 rows=1048 width=121)
	              Recheck Cond: ((id >= 5869663) AND (id <= 5870662))
	              ->  Bitmap Index Scan on sbtest8_pkey  (cost=0.00..22.91 rows=1048 width=0)
	                    Index Cond: ((id >= 5869663) AND (id <= 5870662))

for: order_ranges
table 1 : explain SELECT c FROM sbtest1 WHERE id BETWEEN 3281410 AND 3282409 ORDER BY c
	Sort  (cost=3629.82..3632.14 rows=927 width=121)
	  Sort Key: c
	  ->  Bitmap Heap Scan on sbtest1  (cost=21.94..3584.14 rows=927 width=121)
	        Recheck Cond: ((id >= 3281410) AND (id <= 3282409))
	        ->  Bitmap Index Scan on sbtest1_pkey  (cost=0.00..21.70 rows=927 width=0)
	              Index Cond: ((id >= 3281410) AND (id <= 3282409))

table 2 : explain SELECT c FROM sbtest2 WHERE id BETWEEN 5757575 AND 5758574 ORDER BY c
	Sort  (cost=3990.29..3992.84 rows=1021 width=121)
	  Sort Key: c
	  ->  Bitmap Heap Scan on sbtest2  (cost=22.90..3939.26 rows=1021 width=121)
	        Recheck Cond: ((id >= 5757575) AND (id <= 5758574))
	        ->  Bitmap Index Scan on sbtest2_pkey  (cost=0.00..22.64 rows=1021 width=0)
	              Index Cond: ((id >= 5757575) AND (id <= 5758574))

table 3 : explain SELECT c FROM sbtest3 WHERE id BETWEEN 603635 AND 604634 ORDER BY c
	Sort  (cost=3845.20..3847.66 rows=983 width=121)
	  Sort Key: c
	  ->  Bitmap Heap Scan on sbtest3  (cost=22.51..3796.34 rows=983 width=121)
	        Recheck Cond: ((id >= 603635) AND (id <= 604634))
	        ->  Bitmap Index Scan on sbtest3_pkey  (cost=0.00..22.26 rows=983 width=0)
	              Index Cond: ((id >= 603635) AND (id <= 604634))

table 4 : explain SELECT c FROM sbtest4 WHERE id BETWEEN 3022074 AND 3023073 ORDER BY c
	Sort  (cost=3868.93..3871.40 rows=989 width=121)
	  Sort Key: c
	  ->  Bitmap Heap Scan on sbtest4  (cost=22.57..3819.73 rows=989 width=121)
	        Recheck Cond: ((id >= 3022074) AND (id <= 3023073))
	        ->  Bitmap Index Scan on sbtest4_pkey  (cost=0.00..22.32 rows=989 width=0)
	              Index Cond: ((id >= 3022074) AND (id <= 3023073))

table 5 : explain SELECT c FROM sbtest5 WHERE id BETWEEN 8988240 AND 8989239 ORDER BY c
	Sort  (cost=3853.76..3856.22 rows=985 width=121)
	  Sort Key: c
	  ->  Bitmap Heap Scan on sbtest5  (cost=22.53..3804.79 rows=985 width=121)
	        Recheck Cond: ((id >= 8988240) AND (id <= 8989239))
	        ->  Bitmap Index Scan on sbtest5_pkey  (cost=0.00..22.29 rows=985 width=0)
	              Index Cond: ((id >= 8988240) AND (id <= 8989239))

table 6 : explain SELECT c FROM sbtest6 WHERE id BETWEEN 6036823 AND 6037822 ORDER BY c
	Sort  (cost=3835.32..3837.77 rows=980 width=121)
	  Sort Key: c
	  ->  Bitmap Heap Scan on sbtest6  (cost=22.48..3786.63 rows=980 width=121)
	        Recheck Cond: ((id >= 6036823) AND (id <= 6037822))
	        ->  Bitmap Index Scan on sbtest6_pkey  (cost=0.00..22.23 rows=980 width=0)
	              Index Cond: ((id >= 6036823) AND (id <= 6037822))

table 7 : explain SELECT c FROM sbtest7 WHERE id BETWEEN 8328568 AND 8329567 ORDER BY c
	Sort  (cost=3942.38..3944.90 rows=1008 width=121)
	  Sort Key: c
	  ->  Bitmap Heap Scan on sbtest7  (cost=22.77..3892.09 rows=1008 width=121)
	        Recheck Cond: ((id >= 8328568) AND (id <= 8329567))
	        ->  Bitmap Index Scan on sbtest7_pkey  (cost=0.00..22.51 rows=1008 width=0)
	              Index Cond: ((id >= 8328568) AND (id <= 8329567))

table 8 : explain SELECT c FROM sbtest8 WHERE id BETWEEN 9500426 AND 9501425 ORDER BY c
	Sort  (cost=3953.88..3956.41 rows=1011 width=121)
	  Sort Key: c
	  ->  Bitmap Heap Scan on sbtest8  (cost=22.80..3903.43 rows=1011 width=121)
	        Recheck Cond: ((id >= 9500426) AND (id <= 9501425))
	        ->  Bitmap Index Scan on sbtest8_pkey  (cost=0.00..22.54 rows=1011 width=0)
	              Index Cond: ((id >= 9500426) AND (id <= 9501425))

for: distinct_ranges
table 1 : explain SELECT DISTINCT c FROM sbtest1 WHERE id BETWEEN 8386558 AND 8387557 ORDER BY c
	Unique  (cost=3733.17..3737.94 rows=954 width=121)
	  ->  Sort  (cost=3733.17..3735.56 rows=954 width=121)
	        Sort Key: c
	        ->  Bitmap Heap Scan on sbtest1  (cost=22.21..3685.96 rows=954 width=121)
	              Recheck Cond: ((id >= 8386558) AND (id <= 8387557))
	              ->  Bitmap Index Scan on sbtest1_pkey  (cost=0.00..21.97 rows=954 width=0)
	                    Index Cond: ((id >= 8386558) AND (id <= 8387557))

table 2 : explain SELECT DISTINCT c FROM sbtest2 WHERE id BETWEEN 2182086 AND 2183085 ORDER BY c
	Unique  (cost=3848.89..3853.81 rows=984 width=121)
	  ->  Sort  (cost=3848.89..3851.35 rows=984 width=121)
	        Sort Key: c
	        ->  Bitmap Heap Scan on sbtest2  (cost=22.52..3799.97 rows=984 width=121)
	              Recheck Cond: ((id >= 2182086) AND (id <= 2183085))
	              ->  Bitmap Index Scan on sbtest2_pkey  (cost=0.00..22.27 rows=984 width=0)
	                    Index Cond: ((id >= 2182086) AND (id <= 2183085))

table 3 : explain SELECT DISTINCT c FROM sbtest3 WHERE id BETWEEN 6437898 AND 6438897 ORDER BY c
	Unique  (cost=3818.43..3823.31 rows=976 width=121)
	  ->  Sort  (cost=3818.43..3820.87 rows=976 width=121)
	        Sort Key: c
	        ->  Bitmap Heap Scan on sbtest3  (cost=22.44..3769.97 rows=976 width=121)
	              Recheck Cond: ((id >= 6437898) AND (id <= 6438897))
	              ->  Bitmap Index Scan on sbtest3_pkey  (cost=0.00..22.19 rows=976 width=0)
	                    Index Cond: ((id >= 6437898) AND (id <= 6438897))

table 4 : explain SELECT DISTINCT c FROM sbtest4 WHERE id BETWEEN 1544840 AND 1545839 ORDER BY c
	Unique  (cost=4033.27..4038.43 rows=1032 width=121)
	  ->  Sort  (cost=4033.27..4035.85 rows=1032 width=121)
	        Sort Key: c
	        ->  Bitmap Heap Scan on sbtest4  (cost=23.01..3981.62 rows=1032 width=121)
	              Recheck Cond: ((id >= 1544840) AND (id <= 1545839))
	              ->  Bitmap Index Scan on sbtest4_pkey  (cost=0.00..22.75 rows=1032 width=0)
	                    Index Cond: ((id >= 1544840) AND (id <= 1545839))

table 5 : explain SELECT DISTINCT c FROM sbtest5 WHERE id BETWEEN 6398661 AND 6399660 ORDER BY c
	Unique  (cost=3838.46..3843.36 rows=981 width=121)
	  ->  Sort  (cost=3838.46..3840.91 rows=981 width=121)
	        Sort Key: c
	        ->  Bitmap Heap Scan on sbtest5  (cost=22.49..3789.71 rows=981 width=121)
	              Recheck Cond: ((id >= 6398661) AND (id <= 6399660))
	              ->  Bitmap Index Scan on sbtest5_pkey  (cost=0.00..22.25 rows=981 width=0)
	                    Index Cond: ((id >= 6398661) AND (id <= 6399660))

table 6 : explain SELECT DISTINCT c FROM sbtest6 WHERE id BETWEEN 3852108 AND 3853107 ORDER BY c
	Unique  (cost=3628.48..3633.11 rows=926 width=121)
	  ->  Sort  (cost=3628.48..3630.79 rows=926 width=121)
	        Sort Key: c
	        ->  Bitmap Heap Scan on sbtest6  (cost=21.93..3582.85 rows=926 width=121)
	              Recheck Cond: ((id >= 3852108) AND (id <= 3853107))
	              ->  Bitmap Index Scan on sbtest6_pkey  (cost=0.00..21.69 rows=926 width=0)
	                    Index Cond: ((id >= 3852108) AND (id <= 3853107))

table 7 : explain SELECT DISTINCT c FROM sbtest7 WHERE id BETWEEN 6943196 AND 6944195 ORDER BY c
	Unique  (cost=4125.76..4131.04 rows=1056 width=121)
	  ->  Sort  (cost=4125.76..4128.40 rows=1056 width=121)
	        Sort Key: c
	        ->  Bitmap Heap Scan on sbtest7  (cost=23.26..4072.73 rows=1056 width=121)
	              Recheck Cond: ((id >= 6943196) AND (id <= 6944195))
	              ->  Bitmap Index Scan on sbtest7_pkey  (cost=0.00..23.00 rows=1056 width=0)
	                    Index Cond: ((id >= 6943196) AND (id <= 6944195))

table 8 : explain SELECT DISTINCT c FROM sbtest8 WHERE id BETWEEN 3342419 AND 3343418 ORDER BY c
	Unique  (cost=3777.89..3782.71 rows=965 width=121)
	  ->  Sort  (cost=3777.89..3780.30 rows=965 width=121)
	        Sort Key: c
	        ->  Bitmap Heap Scan on sbtest8  (cost=22.33..3730.05 rows=965 width=121)
	              Recheck Cond: ((id >= 3342419) AND (id <= 3343418))
	              ->  Bitmap Index Scan on sbtest8_pkey  (cost=0.00..22.08 rows=965 width=0)
	                    Index Cond: ((id >= 3342419) AND (id <= 3343418))

for: order_ranges
table 1 : explain SELECT c FROM sbtest1 WHERE id BETWEEN 9045618 AND 9046617 ORDER BY c
	Sort  (cost=3583.86..3586.15 rows=915 width=121)
	  Sort Key: c
	  ->  Bitmap Heap Scan on sbtest1  (cost=21.81..3538.85 rows=915 width=121)
	        Recheck Cond: ((id >= 9045618) AND (id <= 9046617))
	        ->  Bitmap Index Scan on sbtest1_pkey  (cost=0.00..21.58 rows=915 width=0)
	              Index Cond: ((id >= 9045618) AND (id <= 9046617))

table 2 : explain SELECT c FROM sbtest2 WHERE id BETWEEN 9671261 AND 9672260 ORDER BY c
	Sort  (cost=4272.86..4275.59 rows=1095 width=121)
	  Sort Key: c
	  ->  Bitmap Heap Scan on sbtest2  (cost=27.66..4217.58 rows=1095 width=121)
	        Recheck Cond: ((id >= 9671261) AND (id <= 9672260))
	        ->  Bitmap Index Scan on sbtest2_pkey  (cost=0.00..27.39 rows=1095 width=0)
	              Index Cond: ((id >= 9671261) AND (id <= 9672260))

table 3 : explain SELECT c FROM sbtest3 WHERE id BETWEEN 4105226 AND 4106225 ORDER BY c
	Sort  (cost=4104.96..4107.59 rows=1051 width=121)
	  Sort Key: c
	  ->  Bitmap Heap Scan on sbtest3  (cost=23.21..4052.21 rows=1051 width=121)
	        Recheck Cond: ((id >= 4105226) AND (id <= 4106225))
	        ->  Bitmap Index Scan on sbtest3_pkey  (cost=0.00..22.94 rows=1051 width=0)
	              Index Cond: ((id >= 4105226) AND (id <= 4106225))

table 4 : explain SELECT c FROM sbtest4 WHERE id BETWEEN 7502667 AND 7503666 ORDER BY c
	Sort  (cost=3620.07..3622.38 rows=924 width=121)
	  Sort Key: c
	  ->  Bitmap Heap Scan on sbtest4  (cost=21.91..3574.55 rows=924 width=121)
	        Recheck Cond: ((id >= 7502667) AND (id <= 7503666))
	        ->  Bitmap Index Scan on sbtest4_pkey  (cost=0.00..21.68 rows=924 width=0)
	              Index Cond: ((id >= 7502667) AND (id <= 7503666))

table 5 : explain SELECT c FROM sbtest5 WHERE id BETWEEN 5554487 AND 5555486 ORDER BY c
	Sort  (cost=3888.18..3890.67 rows=994 width=121)
	  Sort Key: c
	  ->  Bitmap Heap Scan on sbtest5  (cost=22.62..3838.70 rows=994 width=121)
	        Recheck Cond: ((id >= 5554487) AND (id <= 5555486))
	        ->  Bitmap Index Scan on sbtest5_pkey  (cost=0.00..22.37 rows=994 width=0)
	              Index Cond: ((id >= 5554487) AND (id <= 5555486))

table 6 : explain SELECT c FROM sbtest6 WHERE id BETWEEN 4935350 AND 4936349 ORDER BY c
	Sort  (cost=3927.13..3929.64 rows=1004 width=121)
	  Sort Key: c
	  ->  Bitmap Heap Scan on sbtest6  (cost=22.73..3877.07 rows=1004 width=121)
	        Recheck Cond: ((id >= 4935350) AND (id <= 4936349))
	        ->  Bitmap Index Scan on sbtest6_pkey  (cost=0.00..22.47 rows=1004 width=0)
	              Index Cond: ((id >= 4935350) AND (id <= 4936349))

table 7 : explain SELECT c FROM sbtest7 WHERE id BETWEEN 2165831 AND 2166830 ORDER BY c
	Sort  (cost=4469.16..4472.02 rows=1146 width=121)
	  Sort Key: c
	  ->  Bitmap Heap Scan on sbtest7  (cost=28.18..4410.93 rows=1146 width=121)
	        Recheck Cond: ((id >= 2165831) AND (id <= 2166830))
	        ->  Bitmap Index Scan on sbtest7_pkey  (cost=0.00..27.89 rows=1146 width=0)
	              Index Cond: ((id >= 2165831) AND (id <= 2166830))

table 8 : explain SELECT c FROM sbtest8 WHERE id BETWEEN 822352 AND 823351 ORDER BY c
	Sort  (cost=3992.11..3994.66 rows=1021 width=121)
	  Sort Key: c
	  ->  Bitmap Heap Scan on sbtest8  (cost=22.90..3941.08 rows=1021 width=121)
	        Recheck Cond: ((id >= 822352) AND (id <= 823351))
	        ->  Bitmap Index Scan on sbtest8_pkey  (cost=0.00..22.64 rows=1021 width=0)
	              Index Cond: ((id >= 822352) AND (id <= 823351))

for: distinct_ranges
table 1 : explain SELECT DISTINCT c FROM sbtest1 WHERE id BETWEEN 3796437 AND 3797436 ORDER BY c
	Unique  (cost=4183.78..4189.14 rows=1072 width=121)
	  ->  Sort  (cost=4183.78..4186.46 rows=1072 width=121)
	        Sort Key: c
	        ->  Bitmap Heap Scan on sbtest1  (cost=23.42..4129.83 rows=1072 width=121)
	              Recheck Cond: ((id >= 3796437) AND (id <= 3797436))
	              ->  Bitmap Index Scan on sbtest1_pkey  (cost=0.00..23.15 rows=1072 width=0)
	                    Index Cond: ((id >= 3796437) AND (id <= 3797436))

table 2 : explain SELECT DISTINCT c FROM sbtest2 WHERE id BETWEEN 8911458 AND 8912457 ORDER BY c
	Unique  (cost=3822.12..3827.01 rows=977 width=121)
	  ->  Sort  (cost=3822.12..3824.56 rows=977 width=121)
	        Sort Key: c
	        ->  Bitmap Heap Scan on sbtest2  (cost=22.45..3773.60 rows=977 width=121)
	              Recheck Cond: ((id >= 8911458) AND (id <= 8912457))
	              ->  Bitmap Index Scan on sbtest2_pkey  (cost=0.00..22.20 rows=977 width=0)
	                    Index Cond: ((id >= 8911458) AND (id <= 8912457))

table 3 : explain SELECT DISTINCT c FROM sbtest3 WHERE id BETWEEN 2764366 AND 2765365 ORDER BY c
	Unique  (cost=3956.05..3961.11 rows=1012 width=121)
	  ->  Sort  (cost=3956.05..3958.58 rows=1012 width=121)
	        Sort Key: c
	        ->  Bitmap Heap Scan on sbtest3  (cost=22.81..3905.54 rows=1012 width=121)
	              Recheck Cond: ((id >= 2764366) AND (id <= 2765365))
	              ->  Bitmap Index Scan on sbtest3_pkey  (cost=0.00..22.55 rows=1012 width=0)
	                    Index Cond: ((id >= 2764366) AND (id <= 2765365))

table 4 : explain SELECT DISTINCT c FROM sbtest4 WHERE id BETWEEN 3782593 AND 3783592 ORDER BY c
	Unique  (cost=3715.85..3720.59 rows=949 width=121)
	  ->  Sort  (cost=3715.85..3718.22 rows=949 width=121)
	        Sort Key: c
	        ->  Bitmap Heap Scan on sbtest4  (cost=22.16..3668.92 rows=949 width=121)
	              Recheck Cond: ((id >= 3782593) AND (id <= 3783592))
	              ->  Bitmap Index Scan on sbtest4_pkey  (cost=0.00..21.93 rows=949 width=0)
	                    Index Cond: ((id >= 3782593) AND (id <= 3783592))

table 5 : explain SELECT DISTINCT c FROM sbtest5 WHERE id BETWEEN 22689 AND 23688 ORDER BY c
	Unique  (cost=3727.46..3732.22 rows=952 width=121)
	  ->  Sort  (cost=3727.46..3729.84 rows=952 width=121)
	        Sort Key: c
	        ->  Bitmap Heap Scan on sbtest5  (cost=22.19..3680.36 rows=952 width=121)
	              Recheck Cond: ((id >= 22689) AND (id <= 23688))
	              ->  Bitmap Index Scan on sbtest5_pkey  (cost=0.00..21.95 rows=952 width=0)
	                    Index Cond: ((id >= 22689) AND (id <= 23688))

table 6 : explain SELECT DISTINCT c FROM sbtest6 WHERE id BETWEEN 9985695 AND 9986694 ORDER BY c
	Unique  (cost=3988.30..3993.40 rows=1020 width=121)
	  ->  Sort  (cost=3988.30..3990.85 rows=1020 width=121)
	        Sort Key: c
	        ->  Bitmap Heap Scan on sbtest6  (cost=22.89..3937.33 rows=1020 width=121)
	              Recheck Cond: ((id >= 9985695) AND (id <= 9986694))
	              ->  Bitmap Index Scan on sbtest6_pkey  (cost=0.00..22.64 rows=1020 width=0)
	                    Index Cond: ((id >= 9985695) AND (id <= 9986694))

table 7 : explain SELECT DISTINCT c FROM sbtest7 WHERE id BETWEEN 5027360 AND 5028359 ORDER BY c
	Unique  (cost=3995.89..4001.00 rows=1022 width=121)
	  ->  Sort  (cost=3995.89..3998.45 rows=1022 width=121)
	        Sort Key: c
	        ->  Bitmap Heap Scan on sbtest7  (cost=22.91..3944.81 rows=1022 width=121)
	              Recheck Cond: ((id >= 5027360) AND (id <= 5028359))
	              ->  Bitmap Index Scan on sbtest7_pkey  (cost=0.00..22.65 rows=1022 width=0)
	                    Index Cond: ((id >= 5027360) AND (id <= 5028359))

table 8 : explain SELECT DISTINCT c FROM sbtest8 WHERE id BETWEEN 5334702 AND 5335701 ORDER BY c
	Unique  (cost=3930.94..3935.97 rows=1005 width=121)
	  ->  Sort  (cost=3930.94..3933.46 rows=1005 width=121)
	        Sort Key: c
	        ->  Bitmap Heap Scan on sbtest8  (cost=22.74..3880.83 rows=1005 width=121)
	              Recheck Cond: ((id >= 5334702) AND (id <= 5335701))
	              ->  Bitmap Index Scan on sbtest8_pkey  (cost=0.00..22.48 rows=1005 width=0)
	                    Index Cond: ((id >= 5334702) AND (id <= 5335701))

for: distinct_ranges
table 1 : explain SELECT DISTINCT c FROM sbtest1 WHERE id BETWEEN 5715521 AND 5716520 ORDER BY c
	Unique  (cost=3759.95..3764.76 rows=961 width=121)
	  ->  Sort  (cost=3759.95..3762.35 rows=961 width=121)
	        Sort Key: c
	        ->  Bitmap Heap Scan on sbtest1  (cost=22.29..3712.34 rows=961 width=121)
	              Recheck Cond: ((id >= 5715521) AND (id <= 5716520))
	              ->  Bitmap Index Scan on sbtest1_pkey  (cost=0.00..22.04 rows=961 width=0)
	                    Index Cond: ((id >= 5715521) AND (id <= 5716520))

table 2 : explain SELECT DISTINCT c FROM sbtest2 WHERE id BETWEEN 872351 AND 873350 ORDER BY c
	Unique  (cost=4059.02..4064.21 rows=1039 width=121)
	  ->  Sort  (cost=4059.02..4061.61 rows=1039 width=121)
	        Sort Key: c
	        ->  Bitmap Heap Scan on sbtest2  (cost=23.08..4006.96 rows=1039 width=121)
	              Recheck Cond: ((id >= 872351) AND (id <= 873350))
	              ->  Bitmap Index Scan on sbtest2_pkey  (cost=0.00..22.82 rows=1039 width=0)
	                    Index Cond: ((id >= 872351) AND (id <= 873350))

table 3 : explain SELECT DISTINCT c FROM sbtest3 WHERE id BETWEEN 4086324 AND 4087323 ORDER BY c
	Unique  (cost=4104.96..4110.21 rows=1051 width=121)
	  ->  Sort  (cost=4104.96..4107.59 rows=1051 width=121)
	        Sort Key: c
	        ->  Bitmap Heap Scan on sbtest3  (cost=23.21..4052.21 rows=1051 width=121)
	              Recheck Cond: ((id >= 4086324) AND (id <= 4087323))
	              ->  Bitmap Index Scan on sbtest3_pkey  (cost=0.00..22.94 rows=1051 width=0)
	                    Index Cond: ((id >= 4086324) AND (id <= 4087323))

table 4 : explain SELECT DISTINCT c FROM sbtest4 WHERE id BETWEEN 8042163 AND 8043162 ORDER BY c
	Unique  (cost=3953.04..3958.10 rows=1011 width=121)
	  ->  Sort  (cost=3953.04..3955.57 rows=1011 width=121)
	        Sort Key: c
	        ->  Bitmap Heap Scan on sbtest4  (cost=22.80..3902.58 rows=1011 width=121)
	              Recheck Cond: ((id >= 8042163) AND (id <= 8043162))
	              ->  Bitmap Index Scan on sbtest4_pkey  (cost=0.00..22.54 rows=1011 width=0)
	                    Index Cond: ((id >= 8042163) AND (id <= 8043162))

table 5 : explain SELECT DISTINCT c FROM sbtest5 WHERE id BETWEEN 4701998 AND 4702997 ORDER BY c
	Unique  (cost=4132.68..4137.97 rows=1058 width=121)
	  ->  Sort  (cost=4132.68..4135.33 rows=1058 width=121)
	        Sort Key: c
	        ->  Bitmap Heap Scan on sbtest5  (cost=23.28..4079.53 rows=1058 width=121)
	              Recheck Cond: ((id >= 4701998) AND (id <= 4702997))
	              ->  Bitmap Index Scan on sbtest5_pkey  (cost=0.00..23.01 rows=1058 width=0)
	                    Index Cond: ((id >= 4701998) AND (id <= 4702997))

table 6 : explain SELECT DISTINCT c FROM sbtest6 WHERE id BETWEEN 4461822 AND 4462821 ORDER BY c
	Unique  (cost=3869.75..3874.70 rows=989 width=121)
	  ->  Sort  (cost=3869.75..3872.23 rows=989 width=121)
	        Sort Key: c
	        ->  Bitmap Heap Scan on sbtest6  (cost=22.57..3820.55 rows=989 width=121)
	              Recheck Cond: ((id >= 4461822) AND (id <= 4462821))
	              ->  Bitmap Index Scan on sbtest6_pkey  (cost=0.00..22.32 rows=989 width=0)
	                    Index Cond: ((id >= 4461822) AND (id <= 4462821))

table 7 : explain SELECT DISTINCT c FROM sbtest7 WHERE id BETWEEN 9106762 AND 9107761 ORDER BY c
	Unique  (cost=4267.12..4272.58 rows=1092 width=121)
	  ->  Sort  (cost=4267.12..4269.85 rows=1092 width=121)
	        Sort Key: c
	        ->  Bitmap Heap Scan on sbtest7  (cost=27.63..4212.02 rows=1092 width=121)
	              Recheck Cond: ((id >= 9106762) AND (id <= 9107761))
	              ->  Bitmap Index Scan on sbtest7_pkey  (cost=0.00..27.36 rows=1092 width=0)
	                    Index Cond: ((id >= 9106762) AND (id <= 9107761))

table 8 : explain SELECT DISTINCT c FROM sbtest8 WHERE id BETWEEN 5314448 AND 5315447 ORDER BY c
	Unique  (cost=3930.94..3935.97 rows=1005 width=121)
	  ->  Sort  (cost=3930.94..3933.46 rows=1005 width=121)
	        Sort Key: c
	        ->  Bitmap Heap Scan on sbtest8  (cost=22.74..3880.83 rows=1005 width=121)
	              Recheck Cond: ((id >= 5314448) AND (id <= 5315447))
	              ->  Bitmap Index Scan on sbtest8_pkey  (cost=0.00..22.48 rows=1005 width=0)
	                    Index Cond: ((id >= 5314448) AND (id <= 5315447))

for: distinct_ranges
table 1 : explain SELECT DISTINCT c FROM sbtest1 WHERE id BETWEEN 2896795 AND 2897794 ORDER BY c
	Unique  (cost=3840.25..3845.16 rows=982 width=121)
	  ->  Sort  (cost=3840.25..3842.71 rows=982 width=121)
	        Sort Key: c
	        ->  Bitmap Heap Scan on sbtest1  (cost=22.50..3791.45 rows=982 width=121)
	              Recheck Cond: ((id >= 2896795) AND (id <= 2897794))
	              ->  Bitmap Index Scan on sbtest1_pkey  (cost=0.00..22.25 rows=982 width=0)
	                    Index Cond: ((id >= 2896795) AND (id <= 2897794))

table 2 : explain SELECT DISTINCT c FROM sbtest2 WHERE id BETWEEN 4149465 AND 4150464 ORDER BY c
	Unique  (cost=4066.65..4071.85 rows=1041 width=121)
	  ->  Sort  (cost=4066.65..4069.25 rows=1041 width=121)
	        Sort Key: c
	        ->  Bitmap Heap Scan on sbtest2  (cost=23.11..4014.48 rows=1041 width=121)
	              Recheck Cond: ((id >= 4149465) AND (id <= 4150464))
	              ->  Bitmap Index Scan on sbtest2_pkey  (cost=0.00..22.84 rows=1041 width=0)
	                    Index Cond: ((id >= 4149465) AND (id <= 4150464))

table 3 : explain SELECT DISTINCT c FROM sbtest3 WHERE id BETWEEN 3621805 AND 3622804 ORDER BY c
	Unique  (cost=4059.16..4064.36 rows=1039 width=121)
	  ->  Sort  (cost=4059.16..4061.76 rows=1039 width=121)
	        Sort Key: c
	        ->  Bitmap Heap Scan on sbtest3  (cost=23.08..4007.10 rows=1039 width=121)
	              Recheck Cond: ((id >= 3621805) AND (id <= 3622804))
	              ->  Bitmap Index Scan on sbtest3_pkey  (cost=0.00..22.82 rows=1039 width=0)
	                    Index Cond: ((id >= 3621805) AND (id <= 3622804))

table 4 : explain SELECT DISTINCT c FROM sbtest4 WHERE id BETWEEN 6861622 AND 6862621 ORDER BY c
	Unique  (cost=4315.85..4321.38 rows=1106 width=121)
	  ->  Sort  (cost=4315.85..4318.62 rows=1106 width=121)
	        Sort Key: c
	        ->  Bitmap Heap Scan on sbtest4  (cost=27.77..4259.94 rows=1106 width=121)
	              Recheck Cond: ((id >= 6861622) AND (id <= 6862621))
	              ->  Bitmap Index Scan on sbtest4_pkey  (cost=0.00..27.50 rows=1106 width=0)
	                    Index Cond: ((id >= 6861622) AND (id <= 6862621))

table 5 : explain SELECT DISTINCT c FROM sbtest5 WHERE id BETWEEN 9253500 AND 9254499 ORDER BY c
	Unique  (cost=3631.69..3636.32 rows=927 width=121)
	  ->  Sort  (cost=3631.69..3634.00 rows=927 width=121)
	        Sort Key: c
	        ->  Bitmap Heap Scan on sbtest5  (cost=21.94..3586.00 rows=927 width=121)
	              Recheck Cond: ((id >= 9253500) AND (id <= 9254499))
	              ->  Bitmap Index Scan on sbtest5_pkey  (cost=0.00..21.70 rows=927 width=0)
	                    Index Cond: ((id >= 9253500) AND (id <= 9254499))

table 6 : explain SELECT DISTINCT c FROM sbtest6 WHERE id BETWEEN 299083 AND 300082 ORDER BY c
	Unique  (cost=4022.69..4027.84 rows=1029 width=121)
	  ->  Sort  (cost=4022.69..4025.26 rows=1029 width=121)
	        Sort Key: c
	        ->  Bitmap Heap Scan on sbtest6  (cost=22.98..3971.20 rows=1029 width=121)
	              Recheck Cond: ((id >= 299083) AND (id <= 300082))
	              ->  Bitmap Index Scan on sbtest6_pkey  (cost=0.00..22.72 rows=1029 width=0)
	                    Index Cond: ((id >= 299083) AND (id <= 300082))

table 7 : explain SELECT DISTINCT c FROM sbtest7 WHERE id BETWEEN 6499250 AND 6500249 ORDER BY c
	Unique  (cost=4076.12..4081.34 rows=1043 width=121)
	  ->  Sort  (cost=4076.12..4078.73 rows=1043 width=121)
	        Sort Key: c
	        ->  Bitmap Heap Scan on sbtest7  (cost=23.13..4023.83 rows=1043 width=121)
	              Recheck Cond: ((id >= 6499250) AND (id <= 6500249))
	              ->  Bitmap Index Scan on sbtest7_pkey  (cost=0.00..22.86 rows=1043 width=0)
	                    Index Cond: ((id >= 6499250) AND (id <= 6500249))

table 8 : explain SELECT DISTINCT c FROM sbtest8 WHERE id BETWEEN 7989872 AND 7990871 ORDER BY c
	Unique  (cost=4408.27..4413.92 rows=1130 width=121)
	  ->  Sort  (cost=4408.27..4411.10 rows=1130 width=121)
	        Sort Key: c
	        ->  Bitmap Heap Scan on sbtest8  (cost=28.02..4350.97 rows=1130 width=121)
	              Recheck Cond: ((id >= 7989872) AND (id <= 7990871))
	              ->  Bitmap Index Scan on sbtest8_pkey  (cost=0.00..27.73 rows=1130 width=0)
	                    Index Cond: ((id >= 7989872) AND (id <= 7990871))

for: distinct_ranges
table 1 : explain SELECT DISTINCT c FROM sbtest1 WHERE id BETWEEN 575906 AND 576905 ORDER BY c
	Unique  (cost=3909.04..3914.04 rows=1000 width=121)
	  ->  Sort  (cost=3909.04..3911.54 rows=1000 width=121)
	        Sort Key: c
	        ->  Bitmap Heap Scan on sbtest1  (cost=22.68..3859.21 rows=1000 width=121)
	              Recheck Cond: ((id >= 575906) AND (id <= 576905))
	              ->  Bitmap Index Scan on sbtest1_pkey  (cost=0.00..22.43 rows=1000 width=0)
	                    Index Cond: ((id >= 575906) AND (id <= 576905))

table 2 : explain SELECT DISTINCT c FROM sbtest2 WHERE id BETWEEN 4285492 AND 4286491 ORDER BY c
	Unique  (cost=3454.37..3458.77 rows=881 width=121)
	  ->  Sort  (cost=3454.37..3456.57 rows=881 width=121)
	        Sort Key: c
	        ->  Bitmap Heap Scan on sbtest2  (cost=21.47..3411.27 rows=881 width=121)
	              Recheck Cond: ((id >= 4285492) AND (id <= 4286491))
	              ->  Bitmap Index Scan on sbtest2_pkey  (cost=0.00..21.25 rows=881 width=0)
	                    Index Cond: ((id >= 4285492) AND (id <= 4286491))

table 3 : explain SELECT DISTINCT c FROM sbtest3 WHERE id BETWEEN 9246525 AND 9247524 ORDER BY c
	Unique  (cost=4177.44..4182.79 rows=1070 width=121)
	  ->  Sort  (cost=4177.44..4180.11 rows=1070 width=121)
	        Sort Key: c
	        ->  Bitmap Heap Scan on sbtest3  (cost=23.40..4123.60 rows=1070 width=121)
	              Recheck Cond: ((id >= 9246525) AND (id <= 9247524))
	              ->  Bitmap Index Scan on sbtest3_pkey  (cost=0.00..23.14 rows=1070 width=0)
	                    Index Cond: ((id >= 9246525) AND (id <= 9247524))

table 4 : explain SELECT DISTINCT c FROM sbtest4 WHERE id BETWEEN 4845132 AND 4846131 ORDER BY c
	Unique  (cost=3765.62..3770.43 rows=962 width=121)
	  ->  Sort  (cost=3765.62..3768.02 rows=962 width=121)
	        Sort Key: c
	        ->  Bitmap Heap Scan on sbtest4  (cost=22.30..3717.95 rows=962 width=121)
	              Recheck Cond: ((id >= 4845132) AND (id <= 4846131))
	              ->  Bitmap Index Scan on sbtest4_pkey  (cost=0.00..22.05 rows=962 width=0)
	                    Index Cond: ((id >= 4845132) AND (id <= 4846131))

table 5 : explain SELECT DISTINCT c FROM sbtest5 WHERE id BETWEEN 437799 AND 438798 ORDER BY c
	Unique  (cost=4445.51..4451.21 rows=1140 width=121)
	  ->  Sort  (cost=4445.51..4448.36 rows=1140 width=121)
	        Sort Key: c
	        ->  Bitmap Heap Scan on sbtest5  (cost=28.12..4387.63 rows=1140 width=121)
	              Recheck Cond: ((id >= 437799) AND (id <= 438798))
	              ->  Bitmap Index Scan on sbtest5_pkey  (cost=0.00..27.83 rows=1140 width=0)
	                    Index Cond: ((id >= 437799) AND (id <= 438798))

table 6 : explain SELECT DISTINCT c FROM sbtest6 WHERE id BETWEEN 4728881 AND 4729880 ORDER BY c
	Unique  (cost=3547.94..3552.47 rows=905 width=121)
	  ->  Sort  (cost=3547.94..3550.21 rows=905 width=121)
	        Sort Key: c
	        ->  Bitmap Heap Scan on sbtest6  (cost=21.71..3503.50 rows=905 width=121)
	              Recheck Cond: ((id >= 4728881) AND (id <= 4729880))
	              ->  Bitmap Index Scan on sbtest6_pkey  (cost=0.00..21.48 rows=905 width=0)
	                    Index Cond: ((id >= 4728881) AND (id <= 4729880))

table 7 : explain SELECT DISTINCT c FROM sbtest7 WHERE id BETWEEN 6372665 AND 6373664 ORDER BY c
	Unique  (cost=3674.43..3679.12 rows=938 width=121)
	  ->  Sort  (cost=3674.43..3676.78 rows=938 width=121)
	        Sort Key: c
	        ->  Bitmap Heap Scan on sbtest7  (cost=22.05..3628.13 rows=938 width=121)
	              Recheck Cond: ((id >= 6372665) AND (id <= 6373664))
	              ->  Bitmap Index Scan on sbtest7_pkey  (cost=0.00..21.82 rows=938 width=0)
	                    Index Cond: ((id >= 6372665) AND (id <= 6373664))

table 8 : explain SELECT DISTINCT c FROM sbtest8 WHERE id BETWEEN 7120892 AND 7121891 ORDER BY c
	Unique  (cost=4370.17..4375.77 rows=1120 width=121)
	  ->  Sort  (cost=4370.17..4372.97 rows=1120 width=121)
	        Sort Key: c
	        ->  Bitmap Heap Scan on sbtest8  (cost=27.92..4313.45 rows=1120 width=121)
	              Recheck Cond: ((id >= 7120892) AND (id <= 7121891))
	              ->  Bitmap Index Scan on sbtest8_pkey  (cost=0.00..27.64 rows=1120 width=0)
	                    Index Cond: ((id >= 7120892) AND (id <= 7121891))

for: distinct_ranges
table 1 : explain SELECT DISTINCT c FROM sbtest1 WHERE id BETWEEN 3817434 AND 3818433 ORDER BY c
	Unique  (cost=4206.65..4212.04 rows=1078 width=121)
	  ->  Sort  (cost=4206.65..4209.35 rows=1078 width=121)
	        Sort Key: c
	        ->  Bitmap Heap Scan on sbtest1  (cost=23.48..4152.35 rows=1078 width=121)
	              Recheck Cond: ((id >= 3817434) AND (id <= 3818433))
	              ->  Bitmap Index Scan on sbtest1_pkey  (cost=0.00..23.21 rows=1078 width=0)
	                    Index Cond: ((id >= 3817434) AND (id <= 3818433))

table 2 : explain SELECT DISTINCT c FROM sbtest2 WHERE id BETWEEN 5142151 AND 5143150 ORDER BY c
	Unique  (cost=4020.84..4025.98 rows=1029 width=121)
	  ->  Sort  (cost=4020.84..4023.41 rows=1029 width=121)
	        Sort Key: c
	        ->  Bitmap Heap Scan on sbtest2  (cost=22.98..3969.35 rows=1029 width=121)
	              Recheck Cond: ((id >= 5142151) AND (id <= 5143150))
	              ->  Bitmap Index Scan on sbtest2_pkey  (cost=0.00..22.72 rows=1029 width=0)
	                    Index Cond: ((id >= 5142151) AND (id <= 5143150))

table 3 : explain SELECT DISTINCT c FROM sbtest3 WHERE id BETWEEN 5834513 AND 5835512 ORDER BY c
	Unique  (cost=4036.25..4041.42 rows=1033 width=121)
	  ->  Sort  (cost=4036.25..4038.84 rows=1033 width=121)
	        Sort Key: c
	        ->  Bitmap Heap Scan on sbtest3  (cost=23.02..3984.54 rows=1033 width=121)
	              Recheck Cond: ((id >= 5834513) AND (id <= 5835512))
	              ->  Bitmap Index Scan on sbtest3_pkey  (cost=0.00..22.76 rows=1033 width=0)
	                    Index Cond: ((id >= 5834513) AND (id <= 5835512))

table 4 : explain SELECT DISTINCT c FROM sbtest4 WHERE id BETWEEN 2499082 AND 2500081 ORDER BY c
	Unique  (cost=4094.37..4099.61 rows=1048 width=121)
	  ->  Sort  (cost=4094.37..4096.99 rows=1048 width=121)
	        Sort Key: c
	        ->  Bitmap Heap Scan on sbtest4  (cost=23.18..4041.79 rows=1048 width=121)
	              Recheck Cond: ((id >= 2499082) AND (id <= 2500081))
	              ->  Bitmap Index Scan on sbtest4_pkey  (cost=0.00..22.91 rows=1048 width=0)
	                    Index Cond: ((id >= 2499082) AND (id <= 2500081))

table 5 : explain SELECT DISTINCT c FROM sbtest5 WHERE id BETWEEN 651697 AND 652696 ORDER BY c
	Unique  (cost=3857.59..3862.52 rows=986 width=121)
	  ->  Sort  (cost=3857.59..3860.05 rows=986 width=121)
	        Sort Key: c
	        ->  Bitmap Heap Scan on sbtest5  (cost=22.54..3808.56 rows=986 width=121)
	              Recheck Cond: ((id >= 651697) AND (id <= 652696))
	              ->  Bitmap Index Scan on sbtest5_pkey  (cost=0.00..22.29 rows=986 width=0)
	                    Index Cond: ((id >= 651697) AND (id <= 652696))

table 6 : explain SELECT DISTINCT c FROM sbtest6 WHERE id BETWEEN 9840182 AND 9841181 ORDER BY c
	Unique  (cost=3586.30..3590.88 rows=915 width=121)
	  ->  Sort  (cost=3586.30..3588.59 rows=915 width=121)
	        Sort Key: c
	        ->  Bitmap Heap Scan on sbtest6  (cost=21.81..3541.29 rows=915 width=121)
	              Recheck Cond: ((id >= 9840182) AND (id <= 9841181))
	              ->  Bitmap Index Scan on sbtest6_pkey  (cost=0.00..21.58 rows=915 width=0)
	                    Index Cond: ((id >= 9840182) AND (id <= 9841181))

table 7 : explain SELECT DISTINCT c FROM sbtest7 WHERE id BETWEEN 4451406 AND 4452405 ORDER BY c
	Unique  (cost=4030.28..4035.44 rows=1031 width=121)
	  ->  Sort  (cost=4030.28..4032.86 rows=1031 width=121)
	        Sort Key: c
	        ->  Bitmap Heap Scan on sbtest7  (cost=23.00..3978.68 rows=1031 width=121)
	              Recheck Cond: ((id >= 4451406) AND (id <= 4452405))
	              ->  Bitmap Index Scan on sbtest7_pkey  (cost=0.00..22.75 rows=1031 width=0)
	                    Index Cond: ((id >= 4451406) AND (id <= 4452405))

table 8 : explain SELECT DISTINCT c FROM sbtest8 WHERE id BETWEEN 7373926 AND 7374925 ORDER BY c
	Unique  (cost=3793.20..3798.05 rows=969 width=121)
	  ->  Sort  (cost=3793.20..3795.63 rows=969 width=121)
	        Sort Key: c
	        ->  Bitmap Heap Scan on sbtest8  (cost=22.37..3745.14 rows=969 width=121)
	              Recheck Cond: ((id >= 7373926) AND (id <= 7374925))
	              ->  Bitmap Index Scan on sbtest8_pkey  (cost=0.00..22.12 rows=969 width=0)
	                    Index Cond: ((id >= 7373926) AND (id <= 7374925))

for: order_ranges
table 1 : explain SELECT c FROM sbtest1 WHERE id BETWEEN 5629931 AND 5630930 ORDER BY c
	Sort  (cost=3909.04..3911.54 rows=1000 width=121)
	  Sort Key: c
	  ->  Bitmap Heap Scan on sbtest1  (cost=22.68..3859.21 rows=1000 width=121)
	        Recheck Cond: ((id >= 5629931) AND (id <= 5630930))
	        ->  Bitmap Index Scan on sbtest1_pkey  (cost=0.00..22.43 rows=1000 width=0)
	              Index Cond: ((id >= 5629931) AND (id <= 5630930))

table 2 : explain SELECT c FROM sbtest2 WHERE id BETWEEN 6275794 AND 6276793 ORDER BY c
	Sort  (cost=3955.91..3958.44 rows=1012 width=121)
	  Sort Key: c
	  ->  Bitmap Heap Scan on sbtest2  (cost=22.81..3905.40 rows=1012 width=121)
	        Recheck Cond: ((id >= 6275794) AND (id <= 6276793))
	        ->  Bitmap Index Scan on sbtest2_pkey  (cost=0.00..22.55 rows=1012 width=0)
	              Index Cond: ((id >= 6275794) AND (id <= 6276793))

table 3 : explain SELECT c FROM sbtest3 WHERE id BETWEEN 8473874 AND 8474873 ORDER BY c
	Sort  (cost=4028.62..4031.20 rows=1031 width=121)
	  Sort Key: c
	  ->  Bitmap Heap Scan on sbtest3  (cost=23.00..3977.02 rows=1031 width=121)
	        Recheck Cond: ((id >= 8473874) AND (id <= 8474873))
	        ->  Bitmap Index Scan on sbtest3_pkey  (cost=0.00..22.75 rows=1031 width=0)
	              Index Cond: ((id >= 8473874) AND (id <= 8474873))

table 4 : explain SELECT c FROM sbtest4 WHERE id BETWEEN 9620181 AND 9621180 ORDER BY c
	Sort  (cost=3937.75..3940.27 rows=1007 width=121)
	  Sort Key: c
	  ->  Bitmap Heap Scan on sbtest4  (cost=22.76..3887.52 rows=1007 width=121)
	        Recheck Cond: ((id >= 9620181) AND (id <= 9621180))
	        ->  Bitmap Index Scan on sbtest4_pkey  (cost=0.00..22.50 rows=1007 width=0)
	              Index Cond: ((id >= 9620181) AND (id <= 9621180))

table 5 : explain SELECT c FROM sbtest5 WHERE id BETWEEN 975717 AND 976716 ORDER BY c
	Sort  (cost=3976.11..3978.65 rows=1017 width=121)
	  Sort Key: c
	  ->  Bitmap Heap Scan on sbtest5  (cost=22.86..3925.31 rows=1017 width=121)
	        Recheck Cond: ((id >= 975717) AND (id <= 976716))
	        ->  Bitmap Index Scan on sbtest5_pkey  (cost=0.00..22.61 rows=1017 width=0)
	              Index Cond: ((id >= 975717) AND (id <= 976716))

table 6 : explain SELECT c FROM sbtest6 WHERE id BETWEEN 7163993 AND 7164992 ORDER BY c
	Sort  (cost=3938.60..3941.12 rows=1007 width=121)
	  Sort Key: c
	  ->  Bitmap Heap Scan on sbtest6  (cost=22.76..3888.37 rows=1007 width=121)
	        Recheck Cond: ((id >= 7163993) AND (id <= 7164992))
	        ->  Bitmap Index Scan on sbtest6_pkey  (cost=0.00..22.50 rows=1007 width=0)
	              Index Cond: ((id >= 7163993) AND (id <= 7164992))

table 7 : explain SELECT c FROM sbtest7 WHERE id BETWEEN 6670277 AND 6671276 ORDER BY c
	Sort  (cost=3934.73..3937.24 rows=1006 width=121)
	  Sort Key: c
	  ->  Bitmap Heap Scan on sbtest7  (cost=22.75..3884.56 rows=1006 width=121)
	        Recheck Cond: ((id >= 6670277) AND (id <= 6671276))
	        ->  Bitmap Index Scan on sbtest7_pkey  (cost=0.00..22.50 rows=1006 width=0)
	              Index Cond: ((id >= 6670277) AND (id <= 6671276))

table 8 : explain SELECT c FROM sbtest8 WHERE id BETWEEN 3979748 AND 3980747 ORDER BY c
	Sort  (cost=3766.40..3768.81 rows=962 width=121)
	  Sort Key: c
	  ->  Bitmap Heap Scan on sbtest8  (cost=22.30..3718.74 rows=962 width=121)
	        Recheck Cond: ((id >= 3979748) AND (id <= 3980747))
	        ->  Bitmap Index Scan on sbtest8_pkey  (cost=0.00..22.05 rows=962 width=0)
	              Index Cond: ((id >= 3979748) AND (id <= 3980747))

for: distinct_ranges
table 1 : explain SELECT DISTINCT c FROM sbtest1 WHERE id BETWEEN 7468610 AND 7469609 ORDER BY c
	Unique  (cost=3710.21..3714.95 rows=948 width=121)
	  ->  Sort  (cost=3710.21..3712.58 rows=948 width=121)
	        Sort Key: c
	        ->  Bitmap Heap Scan on sbtest1  (cost=22.15..3663.34 rows=948 width=121)
	              Recheck Cond: ((id >= 7468610) AND (id <= 7469609))
	              ->  Bitmap Index Scan on sbtest1_pkey  (cost=0.00..21.91 rows=948 width=0)
	                    Index Cond: ((id >= 7468610) AND (id <= 7469609))

table 2 : explain SELECT DISTINCT c FROM sbtest2 WHERE id BETWEEN 9708644 AND 9709643 ORDER BY c
	Unique  (cost=4451.82..4457.53 rows=1142 width=121)
	  ->  Sort  (cost=4451.82..4454.68 rows=1142 width=121)
	        Sort Key: c
	        ->  Bitmap Heap Scan on sbtest2  (cost=28.14..4393.82 rows=1142 width=121)
	              Recheck Cond: ((id >= 9708644) AND (id <= 9709643))
	              ->  Bitmap Index Scan on sbtest2_pkey  (cost=0.00..27.86 rows=1142 width=0)
	                    Index Cond: ((id >= 9708644) AND (id <= 9709643))

table 3 : explain SELECT DISTINCT c FROM sbtest3 WHERE id BETWEEN 4694194 AND 4695193 ORDER BY c
	Unique  (cost=3680.65..3685.35 rows=940 width=121)
	  ->  Sort  (cost=3680.65..3683.00 rows=940 width=121)
	        Sort Key: c
	        ->  Bitmap Heap Scan on sbtest3  (cost=22.07..3634.23 rows=940 width=121)
	              Recheck Cond: ((id >= 4694194) AND (id <= 4695193))
	              ->  Bitmap Index Scan on sbtest3_pkey  (cost=0.00..21.83 rows=940 width=0)
	                    Index Cond: ((id >= 4694194) AND (id <= 4695193))

table 4 : explain SELECT DISTINCT c FROM sbtest4 WHERE id BETWEEN 5441239 AND 5442238 ORDER BY c
	Unique  (cost=4071.46..4076.67 rows=1042 width=121)
	  ->  Sort  (cost=4071.46..4074.07 rows=1042 width=121)
	        Sort Key: c
	        ->  Bitmap Heap Scan on sbtest4  (cost=23.12..4019.23 rows=1042 width=121)
	              Recheck Cond: ((id >= 5441239) AND (id <= 5442238))
	              ->  Bitmap Index Scan on sbtest4_pkey  (cost=0.00..22.86 rows=1042 width=0)
	                    Index Cond: ((id >= 5441239) AND (id <= 5442238))

table 5 : explain SELECT DISTINCT c FROM sbtest5 WHERE id BETWEEN 9358808 AND 9359807 ORDER BY c
	Unique  (cost=3937.89..3942.92 rows=1007 width=121)
	  ->  Sort  (cost=3937.89..3940.41 rows=1007 width=121)
	        Sort Key: c
	        ->  Bitmap Heap Scan on sbtest5  (cost=22.76..3887.66 rows=1007 width=121)
	              Recheck Cond: ((id >= 9358808) AND (id <= 9359807))
	              ->  Bitmap Index Scan on sbtest5_pkey  (cost=0.00..22.50 rows=1007 width=0)
	                    Index Cond: ((id >= 9358808) AND (id <= 9359807))

table 6 : explain SELECT DISTINCT c FROM sbtest6 WHERE id BETWEEN 5178316 AND 5179315 ORDER BY c
	Unique  (cost=3712.79..3717.53 rows=948 width=121)
	  ->  Sort  (cost=3712.79..3715.16 rows=948 width=121)
	        Sort Key: c
	        ->  Bitmap Heap Scan on sbtest6  (cost=22.15..3665.92 rows=948 width=121)
	              Recheck Cond: ((id >= 5178316) AND (id <= 5179315))
	              ->  Bitmap Index Scan on sbtest6_pkey  (cost=0.00..21.91 rows=948 width=0)
	                    Index Cond: ((id >= 5178316) AND (id <= 5179315))

table 7 : explain SELECT DISTINCT c FROM sbtest7 WHERE id BETWEEN 4566292 AND 4567291 ORDER BY c
	Unique  (cost=3697.42..3702.14 rows=944 width=121)
	  ->  Sort  (cost=3697.42..3699.78 rows=944 width=121)
	        Sort Key: c
	        ->  Bitmap Heap Scan on sbtest7  (cost=22.11..3650.78 rows=944 width=121)
	              Recheck Cond: ((id >= 4566292) AND (id <= 4567291))
	              ->  Bitmap Index Scan on sbtest7_pkey  (cost=0.00..21.87 rows=944 width=0)
	                    Index Cond: ((id >= 4566292) AND (id <= 4567291))

table 8 : explain SELECT DISTINCT c FROM sbtest8 WHERE id BETWEEN 5297111 AND 5298110 ORDER BY c
	Unique  (cost=3919.47..3924.48 rows=1002 width=121)
	  ->  Sort  (cost=3919.47..3921.98 rows=1002 width=121)
	        Sort Key: c
	        ->  Bitmap Heap Scan on sbtest8  (cost=22.71..3869.53 rows=1002 width=121)
	              Recheck Cond: ((id >= 5297111) AND (id <= 5298110))
	              ->  Bitmap Index Scan on sbtest8_pkey  (cost=0.00..22.45 rows=1002 width=0)
	                    Index Cond: ((id >= 5297111) AND (id <= 5298110))

Threads started!

Warming up for 5 seconds...

SQL statistics:
    queries performed:
        read:                            91928482
        write:                           0
        other:                           16714299
        total:                           108642781
    transactions:                        8357170 (13265.20 per sec.)
    queries:                             108642781 (172446.95 per sec.)
    ignored errors:                      0      (0.00 per sec.)
    reconnects:                          0      (0.00 per sec.)

Throughput:
    events/s (eps):                      13265.2028
    time elapsed:                        630.0071s
    total number of events:              8357170

Latency (ms):
         min:                                    0.49
         avg:                                    3.01
         max:                                   19.21
         95th percentile:                        3.13
         sum:                             25190832.82

Threads fairness:
    events (avg/stddev):           208929.1250/604.83
    execution time (avg/stddev):   629.7708/0.00

