LUA_PATH=/home/mdcallag/git/mytools/bench/sysbench.lua/lua/?.lua /home/mdcallag/git/mytools/bench/sysbench.lua/lua/sysbench --db-driver=pgsql --range-size=10 --table-size=10000000 --tables=8 --threads=40 --events=0 --warmup-time=5 --time=630 --pgsql_conn_id=true /home/mdcallag/git/mytools/bench/sysbench.lua/lua/oltp_inlist_select.lua run --pgsql-user=root --pgsql-password=pw --pgsql-host=127.0.0.1 --pgsql-db=ib --rand-type=uniform --random-points=10 --skip-trx
48 CPUs
sysbench 1.1.0-9072687 (using bundled LuaJIT 2.1.0-beta3)

Running the test with following options:
Number of threads: 40
Warmup time: 5s
Initializing random number generator from current time


Initializing worker threads...

explain: for select-inlist :: explain SELECT c FROM sbtest%d WHERE id IN ( 3117051, 1327446, 8722937, 598751, 9432089, 3740569, 5222936, 6010967, 7411283, 1042034)
for select-inlist
table 1 : explain SELECT c FROM sbtest1 WHERE id IN ( 3117051, 1327446, 8722937, 598751, 9432089, 3740569, 5222936, 6010967, 7411283, 1042034)
	Index Scan using sbtest1_pkey on sbtest1  (cost=0.43..84.03 rows=10 width=121)
	  Index Cond: (id = ANY ('{3117051,1327446,8722937,598751,9432089,3740569,5222936,6010967,7411283,1042034}'::integer[]))

table 2 : explain SELECT c FROM sbtest2 WHERE id IN ( 3117051, 1327446, 8722937, 598751, 9432089, 3740569, 5222936, 6010967, 7411283, 1042034)
	Index Scan using sbtest2_pkey on sbtest2  (cost=0.43..83.93 rows=10 width=121)
	  Index Cond: (id = ANY ('{3117051,1327446,8722937,598751,9432089,3740569,5222936,6010967,7411283,1042034}'::integer[]))

table 3 : explain SELECT c FROM sbtest3 WHERE id IN ( 3117051, 1327446, 8722937, 598751, 9432089, 3740569, 5222936, 6010967, 7411283, 1042034)
	Index Scan using sbtest3_pkey on sbtest3  (cost=0.43..84.00 rows=10 width=121)
	  Index Cond: (id = ANY ('{3117051,1327446,8722937,598751,9432089,3740569,5222936,6010967,7411283,1042034}'::integer[]))

table 4 : explain SELECT c FROM sbtest4 WHERE id IN ( 3117051, 1327446, 8722937, 598751, 9432089, 3740569, 5222936, 6010967, 7411283, 1042034)
	Index Scan using sbtest4_pkey on sbtest4  (cost=0.43..84.00 rows=10 width=121)
	  Index Cond: (id = ANY ('{3117051,1327446,8722937,598751,9432089,3740569,5222936,6010967,7411283,1042034}'::integer[]))

table 5 : explain SELECT c FROM sbtest5 WHERE id IN ( 3117051, 1327446, 8722937, 598751, 9432089, 3740569, 5222936, 6010967, 7411283, 1042034)
	Index Scan using sbtest5_pkey on sbtest5  (cost=0.43..83.93 rows=10 width=121)
	  Index Cond: (id = ANY ('{3117051,1327446,8722937,598751,9432089,3740569,5222936,6010967,7411283,1042034}'::integer[]))

table 6 : explain SELECT c FROM sbtest6 WHERE id IN ( 3117051, 1327446, 8722937, 598751, 9432089, 3740569, 5222936, 6010967, 7411283, 1042034)
	Index Scan using sbtest6_pkey on sbtest6  (cost=0.43..83.92 rows=10 width=121)
	  Index Cond: (id = ANY ('{3117051,1327446,8722937,598751,9432089,3740569,5222936,6010967,7411283,1042034}'::integer[]))

table 7 : explain SELECT c FROM sbtest7 WHERE id IN ( 3117051, 1327446, 8722937, 598751, 9432089, 3740569, 5222936, 6010967, 7411283, 1042034)
	Index Scan using sbtest7_pkey on sbtest7  (cost=0.43..83.89 rows=10 width=121)
	  Index Cond: (id = ANY ('{3117051,1327446,8722937,598751,9432089,3740569,5222936,6010967,7411283,1042034}'::integer[]))

table 8 : explain SELECT c FROM sbtest8 WHERE id IN ( 3117051, 1327446, 8722937, 598751, 9432089, 3740569, 5222936, 6010967, 7411283, 1042034)
	Index Scan using sbtest8_pkey on sbtest8  (cost=0.43..83.98 rows=10 width=121)
	  Index Cond: (id = ANY ('{3117051,1327446,8722937,598751,9432089,3740569,5222936,6010967,7411283,1042034}'::integer[]))

explain: for select-inlist :: explain SELECT c FROM sbtest%d WHERE id IN ( 8114494, 9918956, 5481443, 6571438, 9650292, 7355042, 3907410, 7302700, 3379335, 1984998)
explain: for select-inlist :: explain SELECT c FROM sbtest%d WHERE id IN ( 7745116, 587398, 9796818, 7310559, 2428199, 1307570, 9140660, 3972481, 5647891, 8426375)
for select-inlist
table 1 : explain SELECT c FROM sbtest1 WHERE id IN ( 8114494, 9918956, 5481443, 6571438, 9650292, 7355042, 3907410, 7302700, 3379335, 1984998)
	Index Scan using sbtest1_pkey on sbtest1  (cost=0.43..84.03 rows=10 width=121)
	  Index Cond: (id = ANY ('{8114494,9918956,5481443,6571438,9650292,7355042,3907410,7302700,3379335,1984998}'::integer[]))

table 2 : explain SELECT c FROM sbtest2 WHERE id IN ( 8114494, 9918956, 5481443, 6571438, 9650292, 7355042, 3907410, 7302700, 3379335, 1984998)
	Index Scan using sbtest2_pkey on sbtest2  (cost=0.43..83.93 rows=10 width=121)
	  Index Cond: (id = ANY ('{8114494,9918956,5481443,6571438,9650292,7355042,3907410,7302700,3379335,1984998}'::integer[]))

table 3 : explain SELECT c FROM sbtest3 WHERE id IN ( 8114494, 9918956, 5481443, 6571438, 9650292, 7355042, 3907410, 7302700, 3379335, 1984998)
	Index Scan using sbtest3_pkey on sbtest3  (cost=0.43..84.00 rows=10 width=121)
	  Index Cond: (id = ANY ('{8114494,9918956,5481443,6571438,9650292,7355042,3907410,7302700,3379335,1984998}'::integer[]))

table 4 : explain SELECT c FROM sbtest4 WHERE id IN ( 8114494, 9918956, 5481443, 6571438, 9650292, 7355042, 3907410, 7302700, 3379335, 1984998)
	Index Scan using sbtest4_pkey on sbtest4  (cost=0.43..84.00 rows=10 width=121)
	  Index Cond: (id = ANY ('{8114494,9918956,5481443,6571438,9650292,7355042,3907410,7302700,3379335,1984998}'::integer[]))

table 5 : explain SELECT c FROM sbtest5 WHERE id IN ( 8114494, 9918956, 5481443, 6571438, 9650292, 7355042, 3907410, 7302700, 3379335, 1984998)
	Index Scan using sbtest5_pkey on sbtest5  (cost=0.43..83.93 rows=10 width=121)
	  Index Cond: (id = ANY ('{8114494,9918956,5481443,6571438,9650292,7355042,3907410,7302700,3379335,1984998}'::integer[]))

table 6 : explain SELECT c FROM sbtest6 WHERE id IN ( 8114494, 9918956, 5481443, 6571438, 9650292, 7355042, 3907410, 7302700, 3379335, 1984998)
	Index Scan using sbtest6_pkey on sbtest6  (cost=0.43..83.92 rows=10 width=121)
	  Index Cond: (id = ANY ('{8114494,9918956,5481443,6571438,9650292,7355042,3907410,7302700,3379335,1984998}'::integer[]))

table 7 : explain SELECT c FROM sbtest7 WHERE id IN ( 8114494, 9918956, 5481443, 6571438, 9650292, 7355042, 3907410, 7302700, 3379335, 1984998)
	Index Scan using sbtest7_pkey on sbtest7  (cost=0.43..83.89 rows=10 width=121)
	  Index Cond: (id = ANY ('{8114494,9918956,5481443,6571438,9650292,7355042,3907410,7302700,3379335,1984998}'::integer[]))

table 8 : explain SELECT c FROM sbtest8 WHERE id IN ( 8114494, 9918956, 5481443, 6571438, 9650292, 7355042, 3907410, 7302700, 3379335, 1984998)
	Index Scan using sbtest8_pkey on sbtest8  (cost=0.43..83.98 rows=10 width=121)
	  Index Cond: (id = ANY ('{8114494,9918956,5481443,6571438,9650292,7355042,3907410,7302700,3379335,1984998}'::integer[]))

for select-inlist
table 1 : explain SELECT c FROM sbtest1 WHERE id IN ( 7745116, 587398, 9796818, 7310559, 2428199, 1307570, 9140660, 3972481, 5647891, 8426375)
	Index Scan using sbtest1_pkey on sbtest1  (cost=0.43..84.03 rows=10 width=121)
	  Index Cond: (id = ANY ('{7745116,587398,9796818,7310559,2428199,1307570,9140660,3972481,5647891,8426375}'::integer[]))

table 2 : explain SELECT c FROM sbtest2 WHERE id IN ( 7745116, 587398, 9796818, 7310559, 2428199, 1307570, 9140660, 3972481, 5647891, 8426375)
	Index Scan using sbtest2_pkey on sbtest2  (cost=0.43..83.93 rows=10 width=121)
	  Index Cond: (id = ANY ('{7745116,587398,9796818,7310559,2428199,1307570,9140660,3972481,5647891,8426375}'::integer[]))

table 3 : explain SELECT c FROM sbtest3 WHERE id IN ( 7745116, 587398, 9796818, 7310559, 2428199, 1307570, 9140660, 3972481, 5647891, 8426375)
	Index Scan using sbtest3_pkey on sbtest3  (cost=0.43..84.00 rows=10 width=121)
	  Index Cond: (id = ANY ('{7745116,587398,9796818,7310559,2428199,1307570,9140660,3972481,5647891,8426375}'::integer[]))

table 4 : explain SELECT c FROM sbtest4 WHERE id IN ( 7745116, 587398, 9796818, 7310559, 2428199, 1307570, 9140660, 3972481, 5647891, 8426375)
	Index Scan using sbtest4_pkey on sbtest4  (cost=0.43..84.00 rows=10 width=121)
	  Index Cond: (id = ANY ('{7745116,587398,9796818,7310559,2428199,1307570,9140660,3972481,5647891,8426375}'::integer[]))

table 5 : explain SELECT c FROM sbtest5 WHERE id IN ( 7745116, 587398, 9796818, 7310559, 2428199, 1307570, 9140660, 3972481, 5647891, 8426375)
	Index Scan using sbtest5_pkey on sbtest5  (cost=0.43..83.93 rows=10 width=121)
	  Index Cond: (id = ANY ('{7745116,587398,9796818,7310559,2428199,1307570,9140660,3972481,5647891,8426375}'::integer[]))

table 6 : explain SELECT c FROM sbtest6 WHERE id IN ( 7745116, 587398, 9796818, 7310559, 2428199, 1307570, 9140660, 3972481, 5647891, 8426375)
	Index Scan using sbtest6_pkey on sbtest6  (cost=0.43..83.92 rows=10 width=121)
	  Index Cond: (id = ANY ('{7745116,587398,9796818,7310559,2428199,1307570,9140660,3972481,5647891,8426375}'::integer[]))

table 7 : explain SELECT c FROM sbtest7 WHERE id IN ( 7745116, 587398, 9796818, 7310559, 2428199, 1307570, 9140660, 3972481, 5647891, 8426375)
	Index Scan using sbtest7_pkey on sbtest7  (cost=0.43..83.89 rows=10 width=121)
	  Index Cond: (id = ANY ('{7745116,587398,9796818,7310559,2428199,1307570,9140660,3972481,5647891,8426375}'::integer[]))

table 8 : explain SELECT c FROM sbtest8 WHERE id IN ( 7745116, 587398, 9796818, 7310559, 2428199, 1307570, 9140660, 3972481, 5647891, 8426375)
	Index Scan using sbtest8_pkey on sbtest8  (cost=0.43..83.98 rows=10 width=121)
	  Index Cond: (id = ANY ('{7745116,587398,9796818,7310559,2428199,1307570,9140660,3972481,5647891,8426375}'::integer[]))

explain: for select-inlist :: explain SELECT c FROM sbtest%d WHERE id IN ( 1568785, 8013290, 8693794, 3729260, 3700160, 9360742, 2723585, 8259659, 1229842, 3223641)
explain: for select-inlist :: explain SELECT c FROM sbtest%d WHERE id IN ( 1557735, 9587343, 5592104, 7793344, 5441740, 8366306, 3206957, 7280610, 5576112, 2794129)
explain: for select-inlist :: explain SELECT c FROM sbtest%d WHERE id IN ( 5890294, 2102237, 978805, 4605754, 2946140, 5772968, 3502595, 1222573, 4427256, 917623)
explain: for select-inlist :: explain SELECT c FROM sbtest%d WHERE id IN ( 8962868, 1855472, 9500580, 9851635, 1547666, 6423564, 2766278, 6084305, 1339388, 8524171)
explain: for select-inlist :: explain SELECT c FROM sbtest%d WHERE id IN ( 8141181, 943039, 5250822, 6479557, 7575274, 8344984, 5880217, 8900768, 9855617, 1032515)
for select-inlist
table 1 : explain SELECT c FROM sbtest1 WHERE id IN ( 5890294, 2102237, 978805, 4605754, 2946140, 5772968, 3502595, 1222573, 4427256, 917623)
	Index Scan using sbtest1_pkey on sbtest1  (cost=0.43..84.03 rows=10 width=121)
	  Index Cond: (id = ANY ('{5890294,2102237,978805,4605754,2946140,5772968,3502595,1222573,4427256,917623}'::integer[]))

table 2 : explain SELECT c FROM sbtest2 WHERE id IN ( 5890294, 2102237, 978805, 4605754, 2946140, 5772968, 3502595, 1222573, 4427256, 917623)
	Index Scan using sbtest2_pkey on sbtest2  (cost=0.43..83.93 rows=10 width=121)
	  Index Cond: (id = ANY ('{5890294,2102237,978805,4605754,2946140,5772968,3502595,1222573,4427256,917623}'::integer[]))

table 3 : explain SELECT c FROM sbtest3 WHERE id IN ( 5890294, 2102237, 978805, 4605754, 2946140, 5772968, 3502595, 1222573, 4427256, 917623)
	Index Scan using sbtest3_pkey on sbtest3  (cost=0.43..84.00 rows=10 width=121)
	  Index Cond: (id = ANY ('{5890294,2102237,978805,4605754,2946140,5772968,3502595,1222573,4427256,917623}'::integer[]))

table 4 : explain SELECT c FROM sbtest4 WHERE id IN ( 5890294, 2102237, 978805, 4605754, 2946140, 5772968, 3502595, 1222573, 4427256, 917623)
	Index Scan using sbtest4_pkey on sbtest4  (cost=0.43..84.00 rows=10 width=121)
	  Index Cond: (id = ANY ('{5890294,2102237,978805,4605754,2946140,5772968,3502595,1222573,4427256,917623}'::integer[]))

table 5 : explain SELECT c FROM sbtest5 WHERE id IN ( 5890294, 2102237, 978805, 4605754, 2946140, 5772968, 3502595, 1222573, 4427256, 917623)
	Index Scan using sbtest5_pkey on sbtest5  (cost=0.43..83.93 rows=10 width=121)
	  Index Cond: (id = ANY ('{5890294,2102237,978805,4605754,2946140,5772968,3502595,1222573,4427256,917623}'::integer[]))

table 6 : explain SELECT c FROM sbtest6 WHERE id IN ( 5890294, 2102237, 978805, 4605754, 2946140, 5772968, 3502595, 1222573, 4427256, 917623)
	Index Scan using sbtest6_pkey on sbtest6  (cost=0.43..83.92 rows=10 width=121)
	  Index Cond: (id = ANY ('{5890294,2102237,978805,4605754,2946140,5772968,3502595,1222573,4427256,917623}'::integer[]))

table 7 : explain SELECT c FROM sbtest7 WHERE id IN ( 5890294, 2102237, 978805, 4605754, 2946140, 5772968, 3502595, 1222573, 4427256, 917623)
	Index Scan using sbtest7_pkey on sbtest7  (cost=0.43..83.89 rows=10 width=121)
	  Index Cond: (id = ANY ('{5890294,2102237,978805,4605754,2946140,5772968,3502595,1222573,4427256,917623}'::integer[]))

table 8 : explain SELECT c FROM sbtest8 WHERE id IN ( 5890294, 2102237, 978805, 4605754, 2946140, 5772968, 3502595, 1222573, 4427256, 917623)
	Index Scan using sbtest8_pkey on sbtest8  (cost=0.43..83.98 rows=10 width=121)
	  Index Cond: (id = ANY ('{5890294,2102237,978805,4605754,2946140,5772968,3502595,1222573,4427256,917623}'::integer[]))

for select-inlist
table 1 : explain SELECT c FROM sbtest1 WHERE id IN ( 1557735, 9587343, 5592104, 7793344, 5441740, 8366306, 3206957, 7280610, 5576112, 2794129)
	Index Scan using sbtest1_pkey on sbtest1  (cost=0.43..84.03 rows=10 width=121)
	  Index Cond: (id = ANY ('{1557735,9587343,5592104,7793344,5441740,8366306,3206957,7280610,5576112,2794129}'::integer[]))

table 2 : explain SELECT c FROM sbtest2 WHERE id IN ( 1557735, 9587343, 5592104, 7793344, 5441740, 8366306, 3206957, 7280610, 5576112, 2794129)
	Index Scan using sbtest2_pkey on sbtest2  (cost=0.43..83.93 rows=10 width=121)
	  Index Cond: (id = ANY ('{1557735,9587343,5592104,7793344,5441740,8366306,3206957,7280610,5576112,2794129}'::integer[]))

table 3 : explain SELECT c FROM sbtest3 WHERE id IN ( 1557735, 9587343, 5592104, 7793344, 5441740, 8366306, 3206957, 7280610, 5576112, 2794129)
	Index Scan using sbtest3_pkey on sbtest3  (cost=0.43..84.00 rows=10 width=121)
	  Index Cond: (id = ANY ('{1557735,9587343,5592104,7793344,5441740,8366306,3206957,7280610,5576112,2794129}'::integer[]))

table 4 : explain SELECT c FROM sbtest4 WHERE id IN ( 1557735, 9587343, 5592104, 7793344, 5441740, 8366306, 3206957, 7280610, 5576112, 2794129)
	Index Scan using sbtest4_pkey on sbtest4  (cost=0.43..84.00 rows=10 width=121)
	  Index Cond: (id = ANY ('{1557735,9587343,5592104,7793344,5441740,8366306,3206957,7280610,5576112,2794129}'::integer[]))

table 5 : explain SELECT c FROM sbtest5 WHERE id IN ( 1557735, 9587343, 5592104, 7793344, 5441740, 8366306, 3206957, 7280610, 5576112, 2794129)
	Index Scan using sbtest5_pkey on sbtest5  (cost=0.43..83.93 rows=10 width=121)
	  Index Cond: (id = ANY ('{1557735,9587343,5592104,7793344,5441740,8366306,3206957,7280610,5576112,2794129}'::integer[]))

table 6 : explain SELECT c FROM sbtest6 WHERE id IN ( 1557735, 9587343, 5592104, 7793344, 5441740, 8366306, 3206957, 7280610, 5576112, 2794129)
	Index Scan using sbtest6_pkey on sbtest6  (cost=0.43..83.92 rows=10 width=121)
	  Index Cond: (id = ANY ('{1557735,9587343,5592104,7793344,5441740,8366306,3206957,7280610,5576112,2794129}'::integer[]))

table 7 : explain SELECT c FROM sbtest7 WHERE id IN ( 1557735, 9587343, 5592104, 7793344, 5441740, 8366306, 3206957, 7280610, 5576112, 2794129)
	Index Scan using sbtest7_pkey on sbtest7  (cost=0.43..83.89 rows=10 width=121)
	  Index Cond: (id = ANY ('{1557735,9587343,5592104,7793344,5441740,8366306,3206957,7280610,5576112,2794129}'::integer[]))

table 8 : explain SELECT c FROM sbtest8 WHERE id IN ( 1557735, 9587343, 5592104, 7793344, 5441740, 8366306, 3206957, 7280610, 5576112, 2794129)
	Index Scan using sbtest8_pkey on sbtest8  (cost=0.43..83.98 rows=10 width=121)
	  Index Cond: (id = ANY ('{1557735,9587343,5592104,7793344,5441740,8366306,3206957,7280610,5576112,2794129}'::integer[]))

for select-inlist
table 1 : explain SELECT c FROM sbtest1 WHERE id IN ( 1568785, 8013290, 8693794, 3729260, 3700160, 9360742, 2723585, 8259659, 1229842, 3223641)
	Index Scan using sbtest1_pkey on sbtest1  (cost=0.43..84.03 rows=10 width=121)
	  Index Cond: (id = ANY ('{1568785,8013290,8693794,3729260,3700160,9360742,2723585,8259659,1229842,3223641}'::integer[]))

table 2 : explain SELECT c FROM sbtest2 WHERE id IN ( 1568785, 8013290, 8693794, 3729260, 3700160, 9360742, 2723585, 8259659, 1229842, 3223641)
	Index Scan using sbtest2_pkey on sbtest2  (cost=0.43..83.93 rows=10 width=121)
	  Index Cond: (id = ANY ('{1568785,8013290,8693794,3729260,3700160,9360742,2723585,8259659,1229842,3223641}'::integer[]))

table 3 : explain SELECT c FROM sbtest3 WHERE id IN ( 1568785, 8013290, 8693794, 3729260, 3700160, 9360742, 2723585, 8259659, 1229842, 3223641)
	Index Scan using sbtest3_pkey on sbtest3  (cost=0.43..84.00 rows=10 width=121)
	  Index Cond: (id = ANY ('{1568785,8013290,8693794,3729260,3700160,9360742,2723585,8259659,1229842,3223641}'::integer[]))

table 4 : explain SELECT c FROM sbtest4 WHERE id IN ( 1568785, 8013290, 8693794, 3729260, 3700160, 9360742, 2723585, 8259659, 1229842, 3223641)
	Index Scan using sbtest4_pkey on sbtest4  (cost=0.43..84.00 rows=10 width=121)
	  Index Cond: (id = ANY ('{1568785,8013290,8693794,3729260,3700160,9360742,2723585,8259659,1229842,3223641}'::integer[]))

table 5 : explain SELECT c FROM sbtest5 WHERE id IN ( 1568785, 8013290, 8693794, 3729260, 3700160, 9360742, 2723585, 8259659, 1229842, 3223641)
	Index Scan using sbtest5_pkey on sbtest5  (cost=0.43..83.93 rows=10 width=121)
	  Index Cond: (id = ANY ('{1568785,8013290,8693794,3729260,3700160,9360742,2723585,8259659,1229842,3223641}'::integer[]))

table 6 : explain SELECT c FROM sbtest6 WHERE id IN ( 1568785, 8013290, 8693794, 3729260, 3700160, 9360742, 2723585, 8259659, 1229842, 3223641)
	Index Scan using sbtest6_pkey on sbtest6  (cost=0.43..83.92 rows=10 width=121)
	  Index Cond: (id = ANY ('{1568785,8013290,8693794,3729260,3700160,9360742,2723585,8259659,1229842,3223641}'::integer[]))

table 7 : explain SELECT c FROM sbtest7 WHERE id IN ( 1568785, 8013290, 8693794, 3729260, 3700160, 9360742, 2723585, 8259659, 1229842, 3223641)
	Index Scan using sbtest7_pkey on sbtest7  (cost=0.43..83.89 rows=10 width=121)
	  Index Cond: (id = ANY ('{1568785,8013290,8693794,3729260,3700160,9360742,2723585,8259659,1229842,3223641}'::integer[]))

table 8 : explain SELECT c FROM sbtest8 WHERE id IN ( 1568785, 8013290, 8693794, 3729260, 3700160, 9360742, 2723585, 8259659, 1229842, 3223641)
	Index Scan using sbtest8_pkey on sbtest8  (cost=0.43..83.98 rows=10 width=121)
	  Index Cond: (id = ANY ('{1568785,8013290,8693794,3729260,3700160,9360742,2723585,8259659,1229842,3223641}'::integer[]))

for select-inlist
table 1 : explain SELECT c FROM sbtest1 WHERE id IN ( 8962868, 1855472, 9500580, 9851635, 1547666, 6423564, 2766278, 6084305, 1339388, 8524171)
	Index Scan using sbtest1_pkey on sbtest1  (cost=0.43..84.03 rows=10 width=121)
	  Index Cond: (id = ANY ('{8962868,1855472,9500580,9851635,1547666,6423564,2766278,6084305,1339388,8524171}'::integer[]))

table 2 : explain SELECT c FROM sbtest2 WHERE id IN ( 8962868, 1855472, 9500580, 9851635, 1547666, 6423564, 2766278, 6084305, 1339388, 8524171)
	Index Scan using sbtest2_pkey on sbtest2  (cost=0.43..83.93 rows=10 width=121)
	  Index Cond: (id = ANY ('{8962868,1855472,9500580,9851635,1547666,6423564,2766278,6084305,1339388,8524171}'::integer[]))

table 3 : explain SELECT c FROM sbtest3 WHERE id IN ( 8962868, 1855472, 9500580, 9851635, 1547666, 6423564, 2766278, 6084305, 1339388, 8524171)
	Index Scan using sbtest3_pkey on sbtest3  (cost=0.43..84.00 rows=10 width=121)
	  Index Cond: (id = ANY ('{8962868,1855472,9500580,9851635,1547666,6423564,2766278,6084305,1339388,8524171}'::integer[]))

table 4 : explain SELECT c FROM sbtest4 WHERE id IN ( 8962868, 1855472, 9500580, 9851635, 1547666, 6423564, 2766278, 6084305, 1339388, 8524171)
	Index Scan using sbtest4_pkey on sbtest4  (cost=0.43..84.00 rows=10 width=121)
	  Index Cond: (id = ANY ('{8962868,1855472,9500580,9851635,1547666,6423564,2766278,6084305,1339388,8524171}'::integer[]))

table 5 : explain SELECT c FROM sbtest5 WHERE id IN ( 8962868, 1855472, 9500580, 9851635, 1547666, 6423564, 2766278, 6084305, 1339388, 8524171)
	Index Scan using sbtest5_pkey on sbtest5  (cost=0.43..83.93 rows=10 width=121)
	  Index Cond: (id = ANY ('{8962868,1855472,9500580,9851635,1547666,6423564,2766278,6084305,1339388,8524171}'::integer[]))

table 6 : explain SELECT c FROM sbtest6 WHERE id IN ( 8962868, 1855472, 9500580, 9851635, 1547666, 6423564, 2766278, 6084305, 1339388, 8524171)
	Index Scan using sbtest6_pkey on sbtest6  (cost=0.43..83.92 rows=10 width=121)
	  Index Cond: (id = ANY ('{8962868,1855472,9500580,9851635,1547666,6423564,2766278,6084305,1339388,8524171}'::integer[]))

table 7 : explain SELECT c FROM sbtest7 WHERE id IN ( 8962868, 1855472, 9500580, 9851635, 1547666, 6423564, 2766278, 6084305, 1339388, 8524171)
	Index Scan using sbtest7_pkey on sbtest7  (cost=0.43..83.89 rows=10 width=121)
	  Index Cond: (id = ANY ('{8962868,1855472,9500580,9851635,1547666,6423564,2766278,6084305,1339388,8524171}'::integer[]))

table 8 : explain SELECT c FROM sbtest8 WHERE id IN ( 8962868, 1855472, 9500580, 9851635, 1547666, 6423564, 2766278, 6084305, 1339388, 8524171)
	Index Scan using sbtest8_pkey on sbtest8  (cost=0.43..83.98 rows=10 width=121)
	  Index Cond: (id = ANY ('{8962868,1855472,9500580,9851635,1547666,6423564,2766278,6084305,1339388,8524171}'::integer[]))

explain: for select-inlist :: explain SELECT c FROM sbtest%d WHERE id IN ( 6740096, 667204, 4204452, 1811053, 4793945, 7249112, 6975746, 690177, 5103756, 9813822)
for select-inlist
table 1 : explain SELECT c FROM sbtest1 WHERE id IN ( 8141181, 943039, 5250822, 6479557, 7575274, 8344984, 5880217, 8900768, 9855617, 1032515)
	Index Scan using sbtest1_pkey on sbtest1  (cost=0.43..84.03 rows=10 width=121)
	  Index Cond: (id = ANY ('{8141181,943039,5250822,6479557,7575274,8344984,5880217,8900768,9855617,1032515}'::integer[]))

table 2 : explain SELECT c FROM sbtest2 WHERE id IN ( 8141181, 943039, 5250822, 6479557, 7575274, 8344984, 5880217, 8900768, 9855617, 1032515)
	Index Scan using sbtest2_pkey on sbtest2  (cost=0.43..83.93 rows=10 width=121)
	  Index Cond: (id = ANY ('{8141181,943039,5250822,6479557,7575274,8344984,5880217,8900768,9855617,1032515}'::integer[]))

table 3 : explain SELECT c FROM sbtest3 WHERE id IN ( 8141181, 943039, 5250822, 6479557, 7575274, 8344984, 5880217, 8900768, 9855617, 1032515)
	Index Scan using sbtest3_pkey on sbtest3  (cost=0.43..84.00 rows=10 width=121)
	  Index Cond: (id = ANY ('{8141181,943039,5250822,6479557,7575274,8344984,5880217,8900768,9855617,1032515}'::integer[]))

table 4 : explain SELECT c FROM sbtest4 WHERE id IN ( 8141181, 943039, 5250822, 6479557, 7575274, 8344984, 5880217, 8900768, 9855617, 1032515)
	Index Scan using sbtest4_pkey on sbtest4  (cost=0.43..84.00 rows=10 width=121)
	  Index Cond: (id = ANY ('{8141181,943039,5250822,6479557,7575274,8344984,5880217,8900768,9855617,1032515}'::integer[]))

table 5 : explain SELECT c FROM sbtest5 WHERE id IN ( 8141181, 943039, 5250822, 6479557, 7575274, 8344984, 5880217, 8900768, 9855617, 1032515)
	Index Scan using sbtest5_pkey on sbtest5  (cost=0.43..83.93 rows=10 width=121)
	  Index Cond: (id = ANY ('{8141181,943039,5250822,6479557,7575274,8344984,5880217,8900768,9855617,1032515}'::integer[]))

table 6 : explain SELECT c FROM sbtest6 WHERE id IN ( 8141181, 943039, 5250822, 6479557, 7575274, 8344984, 5880217, 8900768, 9855617, 1032515)
	Index Scan using sbtest6_pkey on sbtest6  (cost=0.43..83.92 rows=10 width=121)
	  Index Cond: (id = ANY ('{8141181,943039,5250822,6479557,7575274,8344984,5880217,8900768,9855617,1032515}'::integer[]))

table 7 : explain SELECT c FROM sbtest7 WHERE id IN ( 8141181, 943039, 5250822, 6479557, 7575274, 8344984, 5880217, 8900768, 9855617, 1032515)
	Index Scan using sbtest7_pkey on sbtest7  (cost=0.43..83.89 rows=10 width=121)
	  Index Cond: (id = ANY ('{8141181,943039,5250822,6479557,7575274,8344984,5880217,8900768,9855617,1032515}'::integer[]))

table 8 : explain SELECT c FROM sbtest8 WHERE id IN ( 8141181, 943039, 5250822, 6479557, 7575274, 8344984, 5880217, 8900768, 9855617, 1032515)
	Index Scan using sbtest8_pkey on sbtest8  (cost=0.43..83.98 rows=10 width=121)
	  Index Cond: (id = ANY ('{8141181,943039,5250822,6479557,7575274,8344984,5880217,8900768,9855617,1032515}'::integer[]))

explain: for select-inlist :: explain SELECT c FROM sbtest%d WHERE id IN ( 3294434, 4376380, 5807353, 8801913, 4975059, 676134, 7377605, 9315962, 2122208, 65676)
for select-inlist
table 1 : explain SELECT c FROM sbtest1 WHERE id IN ( 6740096, 667204, 4204452, 1811053, 4793945, 7249112, 6975746, 690177, 5103756, 9813822)
	Index Scan using sbtest1_pkey on sbtest1  (cost=0.43..84.03 rows=10 width=121)
	  Index Cond: (id = ANY ('{6740096,667204,4204452,1811053,4793945,7249112,6975746,690177,5103756,9813822}'::integer[]))

table 2 : explain SELECT c FROM sbtest2 WHERE id IN ( 6740096, 667204, 4204452, 1811053, 4793945, 7249112, 6975746, 690177, 5103756, 9813822)
	Index Scan using sbtest2_pkey on sbtest2  (cost=0.43..83.93 rows=10 width=121)
	  Index Cond: (id = ANY ('{6740096,667204,4204452,1811053,4793945,7249112,6975746,690177,5103756,9813822}'::integer[]))

table 3 : explain SELECT c FROM sbtest3 WHERE id IN ( 6740096, 667204, 4204452, 1811053, 4793945, 7249112, 6975746, 690177, 5103756, 9813822)
	Index Scan using sbtest3_pkey on sbtest3  (cost=0.43..84.00 rows=10 width=121)
	  Index Cond: (id = ANY ('{6740096,667204,4204452,1811053,4793945,7249112,6975746,690177,5103756,9813822}'::integer[]))

table 4 : explain SELECT c FROM sbtest4 WHERE id IN ( 6740096, 667204, 4204452, 1811053, 4793945, 7249112, 6975746, 690177, 5103756, 9813822)
	Index Scan using sbtest4_pkey on sbtest4  (cost=0.43..84.00 rows=10 width=121)
	  Index Cond: (id = ANY ('{6740096,667204,4204452,1811053,4793945,7249112,6975746,690177,5103756,9813822}'::integer[]))

table 5 : explain SELECT c FROM sbtest5 WHERE id IN ( 6740096, 667204, 4204452, 1811053, 4793945, 7249112, 6975746, 690177, 5103756, 9813822)
	Index Scan using sbtest5_pkey on sbtest5  (cost=0.43..83.93 rows=10 width=121)
	  Index Cond: (id = ANY ('{6740096,667204,4204452,1811053,4793945,7249112,6975746,690177,5103756,9813822}'::integer[]))

table 6 : explain SELECT c FROM sbtest6 WHERE id IN ( 6740096, 667204, 4204452, 1811053, 4793945, 7249112, 6975746, 690177, 5103756, 9813822)
	Index Scan using sbtest6_pkey on sbtest6  (cost=0.43..83.92 rows=10 width=121)
	  Index Cond: (id = ANY ('{6740096,667204,4204452,1811053,4793945,7249112,6975746,690177,5103756,9813822}'::integer[]))

table 7 : explain SELECT c FROM sbtest7 WHERE id IN ( 6740096, 667204, 4204452, 1811053, 4793945, 7249112, 6975746, 690177, 5103756, 9813822)
	Index Scan using sbtest7_pkey on sbtest7  (cost=0.43..83.89 rows=10 width=121)
	  Index Cond: (id = ANY ('{6740096,667204,4204452,1811053,4793945,7249112,6975746,690177,5103756,9813822}'::integer[]))

table 8 : explain SELECT c FROM sbtest8 WHERE id IN ( 6740096, 667204, 4204452, 1811053, 4793945, 7249112, 6975746, 690177, 5103756, 9813822)
	Index Scan using sbtest8_pkey on sbtest8  (cost=0.43..83.98 rows=10 width=121)
	  Index Cond: (id = ANY ('{6740096,667204,4204452,1811053,4793945,7249112,6975746,690177,5103756,9813822}'::integer[]))

explain: for select-inlist :: explain SELECT c FROM sbtest%d WHERE id IN ( 8029504, 3274835, 3903211, 7397772, 2700100, 2976861, 3614704, 7812258, 4681598, 7611287)
for select-inlist
table 1 : explain SELECT c FROM sbtest1 WHERE id IN ( 3294434, 4376380, 5807353, 8801913, 4975059, 676134, 7377605, 9315962, 2122208, 65676)
	Index Scan using sbtest1_pkey on sbtest1  (cost=0.43..84.03 rows=10 width=121)
	  Index Cond: (id = ANY ('{3294434,4376380,5807353,8801913,4975059,676134,7377605,9315962,2122208,65676}'::integer[]))

table 2 : explain SELECT c FROM sbtest2 WHERE id IN ( 3294434, 4376380, 5807353, 8801913, 4975059, 676134, 7377605, 9315962, 2122208, 65676)
	Index Scan using sbtest2_pkey on sbtest2  (cost=0.43..83.93 rows=10 width=121)
	  Index Cond: (id = ANY ('{3294434,4376380,5807353,8801913,4975059,676134,7377605,9315962,2122208,65676}'::integer[]))

table 3 : explain SELECT c FROM sbtest3 WHERE id IN ( 3294434, 4376380, 5807353, 8801913, 4975059, 676134, 7377605, 9315962, 2122208, 65676)
	Index Scan using sbtest3_pkey on sbtest3  (cost=0.43..84.00 rows=10 width=121)
	  Index Cond: (id = ANY ('{3294434,4376380,5807353,8801913,4975059,676134,7377605,9315962,2122208,65676}'::integer[]))

table 4 : explain SELECT c FROM sbtest4 WHERE id IN ( 3294434, 4376380, 5807353, 8801913, 4975059, 676134, 7377605, 9315962, 2122208, 65676)
	Index Scan using sbtest4_pkey on sbtest4  (cost=0.43..84.00 rows=10 width=121)
	  Index Cond: (id = ANY ('{3294434,4376380,5807353,8801913,4975059,676134,7377605,9315962,2122208,65676}'::integer[]))

table 5 : explain SELECT c FROM sbtest5 WHERE id IN ( 3294434, 4376380, 5807353, 8801913, 4975059, 676134, 7377605, 9315962, 2122208, 65676)
	Index Scan using sbtest5_pkey on sbtest5  (cost=0.43..83.93 rows=10 width=121)
	  Index Cond: (id = ANY ('{3294434,4376380,5807353,8801913,4975059,676134,7377605,9315962,2122208,65676}'::integer[]))

table 6 : explain SELECT c FROM sbtest6 WHERE id IN ( 3294434, 4376380, 5807353, 8801913, 4975059, 676134, 7377605, 9315962, 2122208, 65676)
	Index Scan using sbtest6_pkey on sbtest6  (cost=0.43..83.92 rows=10 width=121)
	  Index Cond: (id = ANY ('{3294434,4376380,5807353,8801913,4975059,676134,7377605,9315962,2122208,65676}'::integer[]))

table 7 : explain SELECT c FROM sbtest7 WHERE id IN ( 3294434, 4376380, 5807353, 8801913, 4975059, 676134, 7377605, 9315962, 2122208, 65676)
	Index Scan using sbtest7_pkey on sbtest7  (cost=0.43..83.89 rows=10 width=121)
	  Index Cond: (id = ANY ('{3294434,4376380,5807353,8801913,4975059,676134,7377605,9315962,2122208,65676}'::integer[]))

table 8 : explain SELECT c FROM sbtest8 WHERE id IN ( 3294434, 4376380, 5807353, 8801913, 4975059, 676134, 7377605, 9315962, 2122208, 65676)
	Index Scan using sbtest8_pkey on sbtest8  (cost=0.43..83.98 rows=10 width=121)
	  Index Cond: (id = ANY ('{3294434,4376380,5807353,8801913,4975059,676134,7377605,9315962,2122208,65676}'::integer[]))

explain: for select-inlist :: explain SELECT c FROM sbtest%d WHERE id IN ( 351593, 6522476, 6308426, 8118156, 756971, 5834186, 7124539, 4270535, 8514483, 1781344)
explain: for select-inlist :: explain SELECT c FROM sbtest%d WHERE id IN ( 4590263, 8631250, 9281009, 3143337, 5434071, 269001, 5165866, 7484410, 1972913, 1426879)
for select-inlist
table 1 : explain SELECT c FROM sbtest1 WHERE id IN ( 351593, 6522476, 6308426, 8118156, 756971, 5834186, 7124539, 4270535, 8514483, 1781344)
	Index Scan using sbtest1_pkey on sbtest1  (cost=0.43..84.03 rows=10 width=121)
	  Index Cond: (id = ANY ('{351593,6522476,6308426,8118156,756971,5834186,7124539,4270535,8514483,1781344}'::integer[]))

table 2 : explain SELECT c FROM sbtest2 WHERE id IN ( 351593, 6522476, 6308426, 8118156, 756971, 5834186, 7124539, 4270535, 8514483, 1781344)
	Index Scan using sbtest2_pkey on sbtest2  (cost=0.43..83.93 rows=10 width=121)
	  Index Cond: (id = ANY ('{351593,6522476,6308426,8118156,756971,5834186,7124539,4270535,8514483,1781344}'::integer[]))

table 3 : explain SELECT c FROM sbtest3 WHERE id IN ( 351593, 6522476, 6308426, 8118156, 756971, 5834186, 7124539, 4270535, 8514483, 1781344)
	Index Scan using sbtest3_pkey on sbtest3  (cost=0.43..84.00 rows=10 width=121)
	  Index Cond: (id = ANY ('{351593,6522476,6308426,8118156,756971,5834186,7124539,4270535,8514483,1781344}'::integer[]))

table 4 : explain SELECT c FROM sbtest4 WHERE id IN ( 351593, 6522476, 6308426, 8118156, 756971, 5834186, 7124539, 4270535, 8514483, 1781344)
	Index Scan using sbtest4_pkey on sbtest4  (cost=0.43..84.00 rows=10 width=121)
	  Index Cond: (id = ANY ('{351593,6522476,6308426,8118156,756971,5834186,7124539,4270535,8514483,1781344}'::integer[]))

table 5 : explain SELECT c FROM sbtest5 WHERE id IN ( 351593, 6522476, 6308426, 8118156, 756971, 5834186, 7124539, 4270535, 8514483, 1781344)
	Index Scan using sbtest5_pkey on sbtest5  (cost=0.43..83.93 rows=10 width=121)
	  Index Cond: (id = ANY ('{351593,6522476,6308426,8118156,756971,5834186,7124539,4270535,8514483,1781344}'::integer[]))

table 6 : explain SELECT c FROM sbtest6 WHERE id IN ( 351593, 6522476, 6308426, 8118156, 756971, 5834186, 7124539, 4270535, 8514483, 1781344)
	Index Scan using sbtest6_pkey on sbtest6  (cost=0.43..83.92 rows=10 width=121)
	  Index Cond: (id = ANY ('{351593,6522476,6308426,8118156,756971,5834186,7124539,4270535,8514483,1781344}'::integer[]))

table 7 : explain SELECT c FROM sbtest7 WHERE id IN ( 351593, 6522476, 6308426, 8118156, 756971, 5834186, 7124539, 4270535, 8514483, 1781344)
	Index Scan using sbtest7_pkey on sbtest7  (cost=0.43..83.89 rows=10 width=121)
	  Index Cond: (id = ANY ('{351593,6522476,6308426,8118156,756971,5834186,7124539,4270535,8514483,1781344}'::integer[]))

table 8 : explain SELECT c FROM sbtest8 WHERE id IN ( 351593, 6522476, 6308426, 8118156, 756971, 5834186, 7124539, 4270535, 8514483, 1781344)
	Index Scan using sbtest8_pkey on sbtest8  (cost=0.43..83.98 rows=10 width=121)
	  Index Cond: (id = ANY ('{351593,6522476,6308426,8118156,756971,5834186,7124539,4270535,8514483,1781344}'::integer[]))

explain: for select-inlist :: explain SELECT c FROM sbtest%d WHERE id IN ( 3720001, 9693793, 9606890, 1508665, 6681122, 7793241, 4213340, 7630310, 219671, 4042587)
for select-inlist
table 1 : explain SELECT c FROM sbtest1 WHERE id IN ( 4590263, 8631250, 9281009, 3143337, 5434071, 269001, 5165866, 7484410, 1972913, 1426879)
	Index Scan using sbtest1_pkey on sbtest1  (cost=0.43..84.03 rows=10 width=121)
	  Index Cond: (id = ANY ('{4590263,8631250,9281009,3143337,5434071,269001,5165866,7484410,1972913,1426879}'::integer[]))

table 2 : explain SELECT c FROM sbtest2 WHERE id IN ( 4590263, 8631250, 9281009, 3143337, 5434071, 269001, 5165866, 7484410, 1972913, 1426879)
	Index Scan using sbtest2_pkey on sbtest2  (cost=0.43..83.93 rows=10 width=121)
	  Index Cond: (id = ANY ('{4590263,8631250,9281009,3143337,5434071,269001,5165866,7484410,1972913,1426879}'::integer[]))

table 3 : explain SELECT c FROM sbtest3 WHERE id IN ( 4590263, 8631250, 9281009, 3143337, 5434071, 269001, 5165866, 7484410, 1972913, 1426879)
	Index Scan using sbtest3_pkey on sbtest3  (cost=0.43..84.00 rows=10 width=121)
	  Index Cond: (id = ANY ('{4590263,8631250,9281009,3143337,5434071,269001,5165866,7484410,1972913,1426879}'::integer[]))

table 4 : explain SELECT c FROM sbtest4 WHERE id IN ( 4590263, 8631250, 9281009, 3143337, 5434071, 269001, 5165866, 7484410, 1972913, 1426879)
	Index Scan using sbtest4_pkey on sbtest4  (cost=0.43..84.00 rows=10 width=121)
	  Index Cond: (id = ANY ('{4590263,8631250,9281009,3143337,5434071,269001,5165866,7484410,1972913,1426879}'::integer[]))

table 5 : explain SELECT c FROM sbtest5 WHERE id IN ( 4590263, 8631250, 9281009, 3143337, 5434071, 269001, 5165866, 7484410, 1972913, 1426879)
	Index Scan using sbtest5_pkey on sbtest5  (cost=0.43..83.93 rows=10 width=121)
	  Index Cond: (id = ANY ('{4590263,8631250,9281009,3143337,5434071,269001,5165866,7484410,1972913,1426879}'::integer[]))

table 6 : explain SELECT c FROM sbtest6 WHERE id IN ( 4590263, 8631250, 9281009, 3143337, 5434071, 269001, 5165866, 7484410, 1972913, 1426879)
	Index Scan using sbtest6_pkey on sbtest6  (cost=0.43..83.92 rows=10 width=121)
	  Index Cond: (id = ANY ('{4590263,8631250,9281009,3143337,5434071,269001,5165866,7484410,1972913,1426879}'::integer[]))

table 7 : explain SELECT c FROM sbtest7 WHERE id IN ( 4590263, 8631250, 9281009, 3143337, 5434071, 269001, 5165866, 7484410, 1972913, 1426879)
	Index Scan using sbtest7_pkey on sbtest7  (cost=0.43..83.89 rows=10 width=121)
	  Index Cond: (id = ANY ('{4590263,8631250,9281009,3143337,5434071,269001,5165866,7484410,1972913,1426879}'::integer[]))

table 8 : explain SELECT c FROM sbtest8 WHERE id IN ( 4590263, 8631250, 9281009, 3143337, 5434071, 269001, 5165866, 7484410, 1972913, 1426879)
	Index Scan using sbtest8_pkey on sbtest8  (cost=0.43..83.98 rows=10 width=121)
	  Index Cond: (id = ANY ('{4590263,8631250,9281009,3143337,5434071,269001,5165866,7484410,1972913,1426879}'::integer[]))

explain: for select-inlist :: explain SELECT c FROM sbtest%d WHERE id IN ( 6978164, 5966074, 1009569, 7335443, 5579297, 4213620, 9180018, 3353504, 113167, 2664876)
for select-inlist
table 1 : explain SELECT c FROM sbtest1 WHERE id IN ( 3720001, 9693793, 9606890, 1508665, 6681122, 7793241, 4213340, 7630310, 219671, 4042587)
	Index Scan using sbtest1_pkey on sbtest1  (cost=0.43..84.03 rows=10 width=121)
	  Index Cond: (id = ANY ('{3720001,9693793,9606890,1508665,6681122,7793241,4213340,7630310,219671,4042587}'::integer[]))

table 2 : explain SELECT c FROM sbtest2 WHERE id IN ( 3720001, 9693793, 9606890, 1508665, 6681122, 7793241, 4213340, 7630310, 219671, 4042587)
	Index Scan using sbtest2_pkey on sbtest2  (cost=0.43..83.93 rows=10 width=121)
	  Index Cond: (id = ANY ('{3720001,9693793,9606890,1508665,6681122,7793241,4213340,7630310,219671,4042587}'::integer[]))

table 3 : explain SELECT c FROM sbtest3 WHERE id IN ( 3720001, 9693793, 9606890, 1508665, 6681122, 7793241, 4213340, 7630310, 219671, 4042587)
	Index Scan using sbtest3_pkey on sbtest3  (cost=0.43..84.00 rows=10 width=121)
	  Index Cond: (id = ANY ('{3720001,9693793,9606890,1508665,6681122,7793241,4213340,7630310,219671,4042587}'::integer[]))

table 4 : explain SELECT c FROM sbtest4 WHERE id IN ( 3720001, 9693793, 9606890, 1508665, 6681122, 7793241, 4213340, 7630310, 219671, 4042587)
	Index Scan using sbtest4_pkey on sbtest4  (cost=0.43..84.00 rows=10 width=121)
	  Index Cond: (id = ANY ('{3720001,9693793,9606890,1508665,6681122,7793241,4213340,7630310,219671,4042587}'::integer[]))

table 5 : explain SELECT c FROM sbtest5 WHERE id IN ( 3720001, 9693793, 9606890, 1508665, 6681122, 7793241, 4213340, 7630310, 219671, 4042587)
	Index Scan using sbtest5_pkey on sbtest5  (cost=0.43..83.93 rows=10 width=121)
	  Index Cond: (id = ANY ('{3720001,9693793,9606890,1508665,6681122,7793241,4213340,7630310,219671,4042587}'::integer[]))

table 6 : explain SELECT c FROM sbtest6 WHERE id IN ( 3720001, 9693793, 9606890, 1508665, 6681122, 7793241, 4213340, 7630310, 219671, 4042587)
	Index Scan using sbtest6_pkey on sbtest6  (cost=0.43..83.92 rows=10 width=121)
	  Index Cond: (id = ANY ('{3720001,9693793,9606890,1508665,6681122,7793241,4213340,7630310,219671,4042587}'::integer[]))

table 7 : explain SELECT c FROM sbtest7 WHERE id IN ( 3720001, 9693793, 9606890, 1508665, 6681122, 7793241, 4213340, 7630310, 219671, 4042587)
	Index Scan using sbtest7_pkey on sbtest7  (cost=0.43..83.89 rows=10 width=121)
	  Index Cond: (id = ANY ('{3720001,9693793,9606890,1508665,6681122,7793241,4213340,7630310,219671,4042587}'::integer[]))

table 8 : explain SELECT c FROM sbtest8 WHERE id IN ( 3720001, 9693793, 9606890, 1508665, 6681122, 7793241, 4213340, 7630310, 219671, 4042587)
	Index Scan using sbtest8_pkey on sbtest8  (cost=0.43..83.98 rows=10 width=121)
	  Index Cond: (id = ANY ('{3720001,9693793,9606890,1508665,6681122,7793241,4213340,7630310,219671,4042587}'::integer[]))

explain: for select-inlist :: explain SELECT c FROM sbtest%d WHERE id IN ( 7223667, 281204, 9624302, 5237372, 3746548, 4533095, 5139976, 2186047, 3109125, 1673486)
for select-inlist
table 1 : explain SELECT c FROM sbtest1 WHERE id IN ( 6978164, 5966074, 1009569, 7335443, 5579297, 4213620, 9180018, 3353504, 113167, 2664876)
	Index Scan using sbtest1_pkey on sbtest1  (cost=0.43..84.03 rows=10 width=121)
	  Index Cond: (id = ANY ('{6978164,5966074,1009569,7335443,5579297,4213620,9180018,3353504,113167,2664876}'::integer[]))

table 2 : explain SELECT c FROM sbtest2 WHERE id IN ( 6978164, 5966074, 1009569, 7335443, 5579297, 4213620, 9180018, 3353504, 113167, 2664876)
	Index Scan using sbtest2_pkey on sbtest2  (cost=0.43..83.93 rows=10 width=121)
	  Index Cond: (id = ANY ('{6978164,5966074,1009569,7335443,5579297,4213620,9180018,3353504,113167,2664876}'::integer[]))

table 3 : explain SELECT c FROM sbtest3 WHERE id IN ( 6978164, 5966074, 1009569, 7335443, 5579297, 4213620, 9180018, 3353504, 113167, 2664876)
	Index Scan using sbtest3_pkey on sbtest3  (cost=0.43..84.00 rows=10 width=121)
	  Index Cond: (id = ANY ('{6978164,5966074,1009569,7335443,5579297,4213620,9180018,3353504,113167,2664876}'::integer[]))

table 4 : explain SELECT c FROM sbtest4 WHERE id IN ( 6978164, 5966074, 1009569, 7335443, 5579297, 4213620, 9180018, 3353504, 113167, 2664876)
	Index Scan using sbtest4_pkey on sbtest4  (cost=0.43..84.00 rows=10 width=121)
	  Index Cond: (id = ANY ('{6978164,5966074,1009569,7335443,5579297,4213620,9180018,3353504,113167,2664876}'::integer[]))

table 5 : explain SELECT c FROM sbtest5 WHERE id IN ( 6978164, 5966074, 1009569, 7335443, 5579297, 4213620, 9180018, 3353504, 113167, 2664876)
	Index Scan using sbtest5_pkey on sbtest5  (cost=0.43..83.93 rows=10 width=121)
	  Index Cond: (id = ANY ('{6978164,5966074,1009569,7335443,5579297,4213620,9180018,3353504,113167,2664876}'::integer[]))

table 6 : explain SELECT c FROM sbtest6 WHERE id IN ( 6978164, 5966074, 1009569, 7335443, 5579297, 4213620, 9180018, 3353504, 113167, 2664876)
	Index Scan using sbtest6_pkey on sbtest6  (cost=0.43..83.92 rows=10 width=121)
	  Index Cond: (id = ANY ('{6978164,5966074,1009569,7335443,5579297,4213620,9180018,3353504,113167,2664876}'::integer[]))

table 7 : explain SELECT c FROM sbtest7 WHERE id IN ( 6978164, 5966074, 1009569, 7335443, 5579297, 4213620, 9180018, 3353504, 113167, 2664876)
	Index Scan using sbtest7_pkey on sbtest7  (cost=0.43..83.89 rows=10 width=121)
	  Index Cond: (id = ANY ('{6978164,5966074,1009569,7335443,5579297,4213620,9180018,3353504,113167,2664876}'::integer[]))

table 8 : explain SELECT c FROM sbtest8 WHERE id IN ( 6978164, 5966074, 1009569, 7335443, 5579297, 4213620, 9180018, 3353504, 113167, 2664876)
	Index Scan using sbtest8_pkey on sbtest8  (cost=0.43..83.98 rows=10 width=121)
	  Index Cond: (id = ANY ('{6978164,5966074,1009569,7335443,5579297,4213620,9180018,3353504,113167,2664876}'::integer[]))

explain: for select-inlist :: explain SELECT c FROM sbtest%d WHERE id IN ( 2600733, 9506660, 4920356, 897186, 9430122, 6711272, 2799603, 9787380, 4850895, 3739149)
for select-inlist
table 1 : explain SELECT c FROM sbtest1 WHERE id IN ( 8029504, 3274835, 3903211, 7397772, 2700100, 2976861, 3614704, 7812258, 4681598, 7611287)
	Index Scan using sbtest1_pkey on sbtest1  (cost=0.43..84.03 rows=10 width=121)
	  Index Cond: (id = ANY ('{8029504,3274835,3903211,7397772,2700100,2976861,3614704,7812258,4681598,7611287}'::integer[]))

table 2 : explain SELECT c FROM sbtest2 WHERE id IN ( 8029504, 3274835, 3903211, 7397772, 2700100, 2976861, 3614704, 7812258, 4681598, 7611287)
	Index Scan using sbtest2_pkey on sbtest2  (cost=0.43..83.93 rows=10 width=121)
	  Index Cond: (id = ANY ('{8029504,3274835,3903211,7397772,2700100,2976861,3614704,7812258,4681598,7611287}'::integer[]))

table 3 : explain SELECT c FROM sbtest3 WHERE id IN ( 8029504, 3274835, 3903211, 7397772, 2700100, 2976861, 3614704, 7812258, 4681598, 7611287)
	Index Scan using sbtest3_pkey on sbtest3  (cost=0.43..84.00 rows=10 width=121)
	  Index Cond: (id = ANY ('{8029504,3274835,3903211,7397772,2700100,2976861,3614704,7812258,4681598,7611287}'::integer[]))

table 4 : explain SELECT c FROM sbtest4 WHERE id IN ( 8029504, 3274835, 3903211, 7397772, 2700100, 2976861, 3614704, 7812258, 4681598, 7611287)
	Index Scan using sbtest4_pkey on sbtest4  (cost=0.43..84.00 rows=10 width=121)
	  Index Cond: (id = ANY ('{8029504,3274835,3903211,7397772,2700100,2976861,3614704,7812258,4681598,7611287}'::integer[]))

table 5 : explain SELECT c FROM sbtest5 WHERE id IN ( 8029504, 3274835, 3903211, 7397772, 2700100, 2976861, 3614704, 7812258, 4681598, 7611287)
	Index Scan using sbtest5_pkey on sbtest5  (cost=0.43..83.93 rows=10 width=121)
	  Index Cond: (id = ANY ('{8029504,3274835,3903211,7397772,2700100,2976861,3614704,7812258,4681598,7611287}'::integer[]))

table 6 : explain SELECT c FROM sbtest6 WHERE id IN ( 8029504, 3274835, 3903211, 7397772, 2700100, 2976861, 3614704, 7812258, 4681598, 7611287)
	Index Scan using sbtest6_pkey on sbtest6  (cost=0.43..83.92 rows=10 width=121)
	  Index Cond: (id = ANY ('{8029504,3274835,3903211,7397772,2700100,2976861,3614704,7812258,4681598,7611287}'::integer[]))

table 7 : explain SELECT c FROM sbtest7 WHERE id IN ( 8029504, 3274835, 3903211, 7397772, 2700100, 2976861, 3614704, 7812258, 4681598, 7611287)
	Index Scan using sbtest7_pkey on sbtest7  (cost=0.43..83.89 rows=10 width=121)
	  Index Cond: (id = ANY ('{8029504,3274835,3903211,7397772,2700100,2976861,3614704,7812258,4681598,7611287}'::integer[]))

table 8 : explain SELECT c FROM sbtest8 WHERE id IN ( 8029504, 3274835, 3903211, 7397772, 2700100, 2976861, 3614704, 7812258, 4681598, 7611287)
	Index Scan using sbtest8_pkey on sbtest8  (cost=0.43..83.98 rows=10 width=121)
	  Index Cond: (id = ANY ('{8029504,3274835,3903211,7397772,2700100,2976861,3614704,7812258,4681598,7611287}'::integer[]))

explain: for select-inlist :: explain SELECT c FROM sbtest%d WHERE id IN ( 9300121, 3547145, 7693381, 9220608, 6340817, 3658852, 8531122, 1013087, 9473436, 2753395)
explain: for select-inlist :: explain SELECT c FROM sbtest%d WHERE id IN ( 1625393, 4400796, 8876387, 4564738, 3919738, 3070341, 7730444, 6884476, 5131107, 9642350)
explain: for select-inlist :: explain SELECT c FROM sbtest%d WHERE id IN ( 7609788, 3699716, 2818164, 8188907, 8073238, 3388479, 1052579, 7660939, 7618697, 2163816)
explain: for select-inlist :: explain SELECT c FROM sbtest%d WHERE id IN ( 1347877, 5005905, 1802982, 8694422, 5231367, 1091768, 841292, 19199, 5963340, 2992883)
for select-inlist
table 1 : explain SELECT c FROM sbtest1 WHERE id IN ( 2600733, 9506660, 4920356, 897186, 9430122, 6711272, 2799603, 9787380, 4850895, 3739149)
	Index Scan using sbtest1_pkey on sbtest1  (cost=0.43..84.03 rows=10 width=121)
	  Index Cond: (id = ANY ('{2600733,9506660,4920356,897186,9430122,6711272,2799603,9787380,4850895,3739149}'::integer[]))

table 2 : explain SELECT c FROM sbtest2 WHERE id IN ( 2600733, 9506660, 4920356, 897186, 9430122, 6711272, 2799603, 9787380, 4850895, 3739149)
	Index Scan using sbtest2_pkey on sbtest2  (cost=0.43..83.93 rows=10 width=121)
	  Index Cond: (id = ANY ('{2600733,9506660,4920356,897186,9430122,6711272,2799603,9787380,4850895,3739149}'::integer[]))

table 3 : explain SELECT c FROM sbtest3 WHERE id IN ( 2600733, 9506660, 4920356, 897186, 9430122, 6711272, 2799603, 9787380, 4850895, 3739149)
	Index Scan using sbtest3_pkey on sbtest3  (cost=0.43..84.00 rows=10 width=121)
	  Index Cond: (id = ANY ('{2600733,9506660,4920356,897186,9430122,6711272,2799603,9787380,4850895,3739149}'::integer[]))

table 4 : explain SELECT c FROM sbtest4 WHERE id IN ( 2600733, 9506660, 4920356, 897186, 9430122, 6711272, 2799603, 9787380, 4850895, 3739149)
	Index Scan using sbtest4_pkey on sbtest4  (cost=0.43..84.00 rows=10 width=121)
	  Index Cond: (id = ANY ('{2600733,9506660,4920356,897186,9430122,6711272,2799603,9787380,4850895,3739149}'::integer[]))

table 5 : explain SELECT c FROM sbtest5 WHERE id IN ( 2600733, 9506660, 4920356, 897186, 9430122, 6711272, 2799603, 9787380, 4850895, 3739149)
	Index Scan using sbtest5_pkey on sbtest5  (cost=0.43..83.93 rows=10 width=121)
	  Index Cond: (id = ANY ('{2600733,9506660,4920356,897186,9430122,6711272,2799603,9787380,4850895,3739149}'::integer[]))

table 6 : explain SELECT c FROM sbtest6 WHERE id IN ( 2600733, 9506660, 4920356, 897186, 9430122, 6711272, 2799603, 9787380, 4850895, 3739149)
	Index Scan using sbtest6_pkey on sbtest6  (cost=0.43..83.92 rows=10 width=121)
	  Index Cond: (id = ANY ('{2600733,9506660,4920356,897186,9430122,6711272,2799603,9787380,4850895,3739149}'::integer[]))

table 7 : explain SELECT c FROM sbtest7 WHERE id IN ( 2600733, 9506660, 4920356, 897186, 9430122, 6711272, 2799603, 9787380, 4850895, 3739149)
	Index Scan using sbtest7_pkey on sbtest7  (cost=0.43..83.89 rows=10 width=121)
	  Index Cond: (id = ANY ('{2600733,9506660,4920356,897186,9430122,6711272,2799603,9787380,4850895,3739149}'::integer[]))

table 8 : explain SELECT c FROM sbtest8 WHERE id IN ( 2600733, 9506660, 4920356, 897186, 9430122, 6711272, 2799603, 9787380, 4850895, 3739149)
	Index Scan using sbtest8_pkey on sbtest8  (cost=0.43..83.98 rows=10 width=121)
	  Index Cond: (id = ANY ('{2600733,9506660,4920356,897186,9430122,6711272,2799603,9787380,4850895,3739149}'::integer[]))

explain: for select-inlist :: explain SELECT c FROM sbtest%d WHERE id IN ( 4989592, 3310479, 1032877, 9158139, 3637936, 8597334, 5794788, 1992209, 1783219, 7446574)
for select-inlist
table 1 : explain SELECT c FROM sbtest1 WHERE id IN ( 9300121, 3547145, 7693381, 9220608, 6340817, 3658852, 8531122, 1013087, 9473436, 2753395)
	Index Scan using sbtest1_pkey on sbtest1  (cost=0.43..84.03 rows=10 width=121)
	  Index Cond: (id = ANY ('{9300121,3547145,7693381,9220608,6340817,3658852,8531122,1013087,9473436,2753395}'::integer[]))

table 2 : explain SELECT c FROM sbtest2 WHERE id IN ( 9300121, 3547145, 7693381, 9220608, 6340817, 3658852, 8531122, 1013087, 9473436, 2753395)
	Index Scan using sbtest2_pkey on sbtest2  (cost=0.43..83.93 rows=10 width=121)
	  Index Cond: (id = ANY ('{9300121,3547145,7693381,9220608,6340817,3658852,8531122,1013087,9473436,2753395}'::integer[]))

table 3 : explain SELECT c FROM sbtest3 WHERE id IN ( 9300121, 3547145, 7693381, 9220608, 6340817, 3658852, 8531122, 1013087, 9473436, 2753395)
	Index Scan using sbtest3_pkey on sbtest3  (cost=0.43..84.00 rows=10 width=121)
	  Index Cond: (id = ANY ('{9300121,3547145,7693381,9220608,6340817,3658852,8531122,1013087,9473436,2753395}'::integer[]))

table 4 : explain SELECT c FROM sbtest4 WHERE id IN ( 9300121, 3547145, 7693381, 9220608, 6340817, 3658852, 8531122, 1013087, 9473436, 2753395)
	Index Scan using sbtest4_pkey on sbtest4  (cost=0.43..84.00 rows=10 width=121)
	  Index Cond: (id = ANY ('{9300121,3547145,7693381,9220608,6340817,3658852,8531122,1013087,9473436,2753395}'::integer[]))

table 5 : explain SELECT c FROM sbtest5 WHERE id IN ( 9300121, 3547145, 7693381, 9220608, 6340817, 3658852, 8531122, 1013087, 9473436, 2753395)
	Index Scan using sbtest5_pkey on sbtest5  (cost=0.43..83.93 rows=10 width=121)
	  Index Cond: (id = ANY ('{9300121,3547145,7693381,9220608,6340817,3658852,8531122,1013087,9473436,2753395}'::integer[]))

table 6 : explain SELECT c FROM sbtest6 WHERE id IN ( 9300121, 3547145, 7693381, 9220608, 6340817, 3658852, 8531122, 1013087, 9473436, 2753395)
	Index Scan using sbtest6_pkey on sbtest6  (cost=0.43..83.92 rows=10 width=121)
	  Index Cond: (id = ANY ('{9300121,3547145,7693381,9220608,6340817,3658852,8531122,1013087,9473436,2753395}'::integer[]))

table 7 : explain SELECT c FROM sbtest7 WHERE id IN ( 9300121, 3547145, 7693381, 9220608, 6340817, 3658852, 8531122, 1013087, 9473436, 2753395)
	Index Scan using sbtest7_pkey on sbtest7  (cost=0.43..83.89 rows=10 width=121)
	  Index Cond: (id = ANY ('{9300121,3547145,7693381,9220608,6340817,3658852,8531122,1013087,9473436,2753395}'::integer[]))

table 8 : explain SELECT c FROM sbtest8 WHERE id IN ( 9300121, 3547145, 7693381, 9220608, 6340817, 3658852, 8531122, 1013087, 9473436, 2753395)
	Index Scan using sbtest8_pkey on sbtest8  (cost=0.43..83.98 rows=10 width=121)
	  Index Cond: (id = ANY ('{9300121,3547145,7693381,9220608,6340817,3658852,8531122,1013087,9473436,2753395}'::integer[]))

explain: for select-inlist :: explain SELECT c FROM sbtest%d WHERE id IN ( 6779543, 576460, 8271415, 8358777, 8802224, 5317761, 4451874, 9773622, 6254351, 6031057)
explain: for select-inlist :: explain SELECT c FROM sbtest%d WHERE id IN ( 371166, 4245945, 8222438, 7406497, 5247719, 8655555, 6551807, 8097793, 450483, 4095740)
explain: for select-inlist :: explain SELECT c FROM sbtest%d WHERE id IN ( 2772264, 5047019, 848472, 2001394, 9498636, 2321807, 572695, 4110690, 8515329, 545852)
explain: for select-inlist :: explain SELECT c FROM sbtest%d WHERE id IN ( 573393, 6244478, 1235261, 4925157, 387108, 7550960, 317681, 2855684, 2359885, 5607503)
explain: for select-inlist :: explain SELECT c FROM sbtest%d WHERE id IN ( 4542918, 1481189, 3751709, 430365, 1625295, 92986, 2352204, 4871808, 8131145, 7520111)
for select-inlist
table 1 : explain SELECT c FROM sbtest1 WHERE id IN ( 7223667, 281204, 9624302, 5237372, 3746548, 4533095, 5139976, 2186047, 3109125, 1673486)
	Index Scan using sbtest1_pkey on sbtest1  (cost=0.43..84.03 rows=10 width=121)
	  Index Cond: (id = ANY ('{7223667,281204,9624302,5237372,3746548,4533095,5139976,2186047,3109125,1673486}'::integer[]))

table 2 : explain SELECT c FROM sbtest2 WHERE id IN ( 7223667, 281204, 9624302, 5237372, 3746548, 4533095, 5139976, 2186047, 3109125, 1673486)
	Index Scan using sbtest2_pkey on sbtest2  (cost=0.43..83.93 rows=10 width=121)
	  Index Cond: (id = ANY ('{7223667,281204,9624302,5237372,3746548,4533095,5139976,2186047,3109125,1673486}'::integer[]))

table 3 : explain SELECT c FROM sbtest3 WHERE id IN ( 7223667, 281204, 9624302, 5237372, 3746548, 4533095, 5139976, 2186047, 3109125, 1673486)
	Index Scan using sbtest3_pkey on sbtest3  (cost=0.43..84.00 rows=10 width=121)
	  Index Cond: (id = ANY ('{7223667,281204,9624302,5237372,3746548,4533095,5139976,2186047,3109125,1673486}'::integer[]))

table 4 : explain SELECT c FROM sbtest4 WHERE id IN ( 7223667, 281204, 9624302, 5237372, 3746548, 4533095, 5139976, 2186047, 3109125, 1673486)
	Index Scan using sbtest4_pkey on sbtest4  (cost=0.43..84.00 rows=10 width=121)
	  Index Cond: (id = ANY ('{7223667,281204,9624302,5237372,3746548,4533095,5139976,2186047,3109125,1673486}'::integer[]))

table 5 : explain SELECT c FROM sbtest5 WHERE id IN ( 7223667, 281204, 9624302, 5237372, 3746548, 4533095, 5139976, 2186047, 3109125, 1673486)
	Index Scan using sbtest5_pkey on sbtest5  (cost=0.43..83.93 rows=10 width=121)
	  Index Cond: (id = ANY ('{7223667,281204,9624302,5237372,3746548,4533095,5139976,2186047,3109125,1673486}'::integer[]))

table 6 : explain SELECT c FROM sbtest6 WHERE id IN ( 7223667, 281204, 9624302, 5237372, 3746548, 4533095, 5139976, 2186047, 3109125, 1673486)
	Index Scan using sbtest6_pkey on sbtest6  (cost=0.43..83.92 rows=10 width=121)
	  Index Cond: (id = ANY ('{7223667,281204,9624302,5237372,3746548,4533095,5139976,2186047,3109125,1673486}'::integer[]))

table 7 : explain SELECT c FROM sbtest7 WHERE id IN ( 7223667, 281204, 9624302, 5237372, 3746548, 4533095, 5139976, 2186047, 3109125, 1673486)
	Index Scan using sbtest7_pkey on sbtest7  (cost=0.43..83.89 rows=10 width=121)
	  Index Cond: (id = ANY ('{7223667,281204,9624302,5237372,3746548,4533095,5139976,2186047,3109125,1673486}'::integer[]))

table 8 : explain SELECT c FROM sbtest8 WHERE id IN ( 7223667, 281204, 9624302, 5237372, 3746548, 4533095, 5139976, 2186047, 3109125, 1673486)
	Index Scan using sbtest8_pkey on sbtest8  (cost=0.43..83.98 rows=10 width=121)
	  Index Cond: (id = ANY ('{7223667,281204,9624302,5237372,3746548,4533095,5139976,2186047,3109125,1673486}'::integer[]))

for select-inlist
table 1 : explain SELECT c FROM sbtest1 WHERE id IN ( 7609788, 3699716, 2818164, 8188907, 8073238, 3388479, 1052579, 7660939, 7618697, 2163816)
	Index Scan using sbtest1_pkey on sbtest1  (cost=0.43..84.03 rows=10 width=121)
	  Index Cond: (id = ANY ('{7609788,3699716,2818164,8188907,8073238,3388479,1052579,7660939,7618697,2163816}'::integer[]))

table 2 : explain SELECT c FROM sbtest2 WHERE id IN ( 7609788, 3699716, 2818164, 8188907, 8073238, 3388479, 1052579, 7660939, 7618697, 2163816)
	Index Scan using sbtest2_pkey on sbtest2  (cost=0.43..83.93 rows=10 width=121)
	  Index Cond: (id = ANY ('{7609788,3699716,2818164,8188907,8073238,3388479,1052579,7660939,7618697,2163816}'::integer[]))

table 3 : explain SELECT c FROM sbtest3 WHERE id IN ( 7609788, 3699716, 2818164, 8188907, 8073238, 3388479, 1052579, 7660939, 7618697, 2163816)
	Index Scan using sbtest3_pkey on sbtest3  (cost=0.43..84.00 rows=10 width=121)
	  Index Cond: (id = ANY ('{7609788,3699716,2818164,8188907,8073238,3388479,1052579,7660939,7618697,2163816}'::integer[]))

table 4 : explain SELECT c FROM sbtest4 WHERE id IN ( 7609788, 3699716, 2818164, 8188907, 8073238, 3388479, 1052579, 7660939, 7618697, 2163816)
	Index Scan using sbtest4_pkey on sbtest4  (cost=0.43..84.00 rows=10 width=121)
	  Index Cond: (id = ANY ('{7609788,3699716,2818164,8188907,8073238,3388479,1052579,7660939,7618697,2163816}'::integer[]))

table 5 : explain SELECT c FROM sbtest5 WHERE id IN ( 7609788, 3699716, 2818164, 8188907, 8073238, 3388479, 1052579, 7660939, 7618697, 2163816)
	Index Scan using sbtest5_pkey on sbtest5  (cost=0.43..83.93 rows=10 width=121)
	  Index Cond: (id = ANY ('{7609788,3699716,2818164,8188907,8073238,3388479,1052579,7660939,7618697,2163816}'::integer[]))

table 6 : explain SELECT c FROM sbtest6 WHERE id IN ( 7609788, 3699716, 2818164, 8188907, 8073238, 3388479, 1052579, 7660939, 7618697, 2163816)
	Index Scan using sbtest6_pkey on sbtest6  (cost=0.43..83.92 rows=10 width=121)
	  Index Cond: (id = ANY ('{7609788,3699716,2818164,8188907,8073238,3388479,1052579,7660939,7618697,2163816}'::integer[]))

table 7 : explain SELECT c FROM sbtest7 WHERE id IN ( 7609788, 3699716, 2818164, 8188907, 8073238, 3388479, 1052579, 7660939, 7618697, 2163816)
	Index Scan using sbtest7_pkey on sbtest7  (cost=0.43..83.89 rows=10 width=121)
	  Index Cond: (id = ANY ('{7609788,3699716,2818164,8188907,8073238,3388479,1052579,7660939,7618697,2163816}'::integer[]))

table 8 : explain SELECT c FROM sbtest8 WHERE id IN ( 7609788, 3699716, 2818164, 8188907, 8073238, 3388479, 1052579, 7660939, 7618697, 2163816)
	Index Scan using sbtest8_pkey on sbtest8  (cost=0.43..83.98 rows=10 width=121)
	  Index Cond: (id = ANY ('{7609788,3699716,2818164,8188907,8073238,3388479,1052579,7660939,7618697,2163816}'::integer[]))

explain: for select-inlist :: explain SELECT c FROM sbtest%d WHERE id IN ( 8334449, 6052752, 1658983, 9568049, 8971614, 5098830, 7036363, 722583, 5168232, 1889726)
for select-inlist
table 1 : explain SELECT c FROM sbtest1 WHERE id IN ( 6779543, 576460, 8271415, 8358777, 8802224, 5317761, 4451874, 9773622, 6254351, 6031057)
	Index Scan using sbtest1_pkey on sbtest1  (cost=0.43..84.03 rows=10 width=121)
	  Index Cond: (id = ANY ('{6779543,576460,8271415,8358777,8802224,5317761,4451874,9773622,6254351,6031057}'::integer[]))

table 2 : explain SELECT c FROM sbtest2 WHERE id IN ( 6779543, 576460, 8271415, 8358777, 8802224, 5317761, 4451874, 9773622, 6254351, 6031057)
	Index Scan using sbtest2_pkey on sbtest2  (cost=0.43..83.93 rows=10 width=121)
	  Index Cond: (id = ANY ('{6779543,576460,8271415,8358777,8802224,5317761,4451874,9773622,6254351,6031057}'::integer[]))

table 3 : explain SELECT c FROM sbtest3 WHERE id IN ( 6779543, 576460, 8271415, 8358777, 8802224, 5317761, 4451874, 9773622, 6254351, 6031057)
	Index Scan using sbtest3_pkey on sbtest3  (cost=0.43..84.00 rows=10 width=121)
	  Index Cond: (id = ANY ('{6779543,576460,8271415,8358777,8802224,5317761,4451874,9773622,6254351,6031057}'::integer[]))

table 4 : explain SELECT c FROM sbtest4 WHERE id IN ( 6779543, 576460, 8271415, 8358777, 8802224, 5317761, 4451874, 9773622, 6254351, 6031057)
	Index Scan using sbtest4_pkey on sbtest4  (cost=0.43..84.00 rows=10 width=121)
	  Index Cond: (id = ANY ('{6779543,576460,8271415,8358777,8802224,5317761,4451874,9773622,6254351,6031057}'::integer[]))

table 5 : explain SELECT c FROM sbtest5 WHERE id IN ( 6779543, 576460, 8271415, 8358777, 8802224, 5317761, 4451874, 9773622, 6254351, 6031057)
	Index Scan using sbtest5_pkey on sbtest5  (cost=0.43..83.93 rows=10 width=121)
	  Index Cond: (id = ANY ('{6779543,576460,8271415,8358777,8802224,5317761,4451874,9773622,6254351,6031057}'::integer[]))

table 6 : explain SELECT c FROM sbtest6 WHERE id IN ( 6779543, 576460, 8271415, 8358777, 8802224, 5317761, 4451874, 9773622, 6254351, 6031057)
	Index Scan using sbtest6_pkey on sbtest6  (cost=0.43..83.92 rows=10 width=121)
	  Index Cond: (id = ANY ('{6779543,576460,8271415,8358777,8802224,5317761,4451874,9773622,6254351,6031057}'::integer[]))

table 7 : explain SELECT c FROM sbtest7 WHERE id IN ( 6779543, 576460, 8271415, 8358777, 8802224, 5317761, 4451874, 9773622, 6254351, 6031057)
	Index Scan using sbtest7_pkey on sbtest7  (cost=0.43..83.89 rows=10 width=121)
	  Index Cond: (id = ANY ('{6779543,576460,8271415,8358777,8802224,5317761,4451874,9773622,6254351,6031057}'::integer[]))

table 8 : explain SELECT c FROM sbtest8 WHERE id IN ( 6779543, 576460, 8271415, 8358777, 8802224, 5317761, 4451874, 9773622, 6254351, 6031057)
	Index Scan using sbtest8_pkey on sbtest8  (cost=0.43..83.98 rows=10 width=121)
	  Index Cond: (id = ANY ('{6779543,576460,8271415,8358777,8802224,5317761,4451874,9773622,6254351,6031057}'::integer[]))

for select-inlist
table 1 : explain SELECT c FROM sbtest1 WHERE id IN ( 371166, 4245945, 8222438, 7406497, 5247719, 8655555, 6551807, 8097793, 450483, 4095740)
	Index Scan using sbtest1_pkey on sbtest1  (cost=0.43..84.03 rows=10 width=121)
	  Index Cond: (id = ANY ('{371166,4245945,8222438,7406497,5247719,8655555,6551807,8097793,450483,4095740}'::integer[]))

table 2 : explain SELECT c FROM sbtest2 WHERE id IN ( 371166, 4245945, 8222438, 7406497, 5247719, 8655555, 6551807, 8097793, 450483, 4095740)
	Index Scan using sbtest2_pkey on sbtest2  (cost=0.43..83.93 rows=10 width=121)
	  Index Cond: (id = ANY ('{371166,4245945,8222438,7406497,5247719,8655555,6551807,8097793,450483,4095740}'::integer[]))

table 3 : explain SELECT c FROM sbtest3 WHERE id IN ( 371166, 4245945, 8222438, 7406497, 5247719, 8655555, 6551807, 8097793, 450483, 4095740)
	Index Scan using sbtest3_pkey on sbtest3  (cost=0.43..84.00 rows=10 width=121)
	  Index Cond: (id = ANY ('{371166,4245945,8222438,7406497,5247719,8655555,6551807,8097793,450483,4095740}'::integer[]))

table 4 : explain SELECT c FROM sbtest4 WHERE id IN ( 371166, 4245945, 8222438, 7406497, 5247719, 8655555, 6551807, 8097793, 450483, 4095740)
	Index Scan using sbtest4_pkey on sbtest4  (cost=0.43..84.00 rows=10 width=121)
	  Index Cond: (id = ANY ('{371166,4245945,8222438,7406497,5247719,8655555,6551807,8097793,450483,4095740}'::integer[]))

table 5 : explain SELECT c FROM sbtest5 WHERE id IN ( 371166, 4245945, 8222438, 7406497, 5247719, 8655555, 6551807, 8097793, 450483, 4095740)
	Index Scan using sbtest5_pkey on sbtest5  (cost=0.43..83.93 rows=10 width=121)
	  Index Cond: (id = ANY ('{371166,4245945,8222438,7406497,5247719,8655555,6551807,8097793,450483,4095740}'::integer[]))

table 6 : explain SELECT c FROM sbtest6 WHERE id IN ( 371166, 4245945, 8222438, 7406497, 5247719, 8655555, 6551807, 8097793, 450483, 4095740)
	Index Scan using sbtest6_pkey on sbtest6  (cost=0.43..83.92 rows=10 width=121)
	  Index Cond: (id = ANY ('{371166,4245945,8222438,7406497,5247719,8655555,6551807,8097793,450483,4095740}'::integer[]))

table 7 : explain SELECT c FROM sbtest7 WHERE id IN ( 371166, 4245945, 8222438, 7406497, 5247719, 8655555, 6551807, 8097793, 450483, 4095740)
	Index Scan using sbtest7_pkey on sbtest7  (cost=0.43..83.89 rows=10 width=121)
	  Index Cond: (id = ANY ('{371166,4245945,8222438,7406497,5247719,8655555,6551807,8097793,450483,4095740}'::integer[]))

table 8 : explain SELECT c FROM sbtest8 WHERE id IN ( 371166, 4245945, 8222438, 7406497, 5247719, 8655555, 6551807, 8097793, 450483, 4095740)
	Index Scan using sbtest8_pkey on sbtest8  (cost=0.43..83.98 rows=10 width=121)
	  Index Cond: (id = ANY ('{371166,4245945,8222438,7406497,5247719,8655555,6551807,8097793,450483,4095740}'::integer[]))

for select-inlist
table 1 : explain SELECT c FROM sbtest1 WHERE id IN ( 2772264, 5047019, 848472, 2001394, 9498636, 2321807, 572695, 4110690, 8515329, 545852)
	Index Scan using sbtest1_pkey on sbtest1  (cost=0.43..84.03 rows=10 width=121)
	  Index Cond: (id = ANY ('{2772264,5047019,848472,2001394,9498636,2321807,572695,4110690,8515329,545852}'::integer[]))

table 2 : explain SELECT c FROM sbtest2 WHERE id IN ( 2772264, 5047019, 848472, 2001394, 9498636, 2321807, 572695, 4110690, 8515329, 545852)
	Index Scan using sbtest2_pkey on sbtest2  (cost=0.43..83.93 rows=10 width=121)
	  Index Cond: (id = ANY ('{2772264,5047019,848472,2001394,9498636,2321807,572695,4110690,8515329,545852}'::integer[]))

table 3 : explain SELECT c FROM sbtest3 WHERE id IN ( 2772264, 5047019, 848472, 2001394, 9498636, 2321807, 572695, 4110690, 8515329, 545852)
	Index Scan using sbtest3_pkey on sbtest3  (cost=0.43..84.00 rows=10 width=121)
	  Index Cond: (id = ANY ('{2772264,5047019,848472,2001394,9498636,2321807,572695,4110690,8515329,545852}'::integer[]))

table 4 : explain SELECT c FROM sbtest4 WHERE id IN ( 2772264, 5047019, 848472, 2001394, 9498636, 2321807, 572695, 4110690, 8515329, 545852)
	Index Scan using sbtest4_pkey on sbtest4  (cost=0.43..84.00 rows=10 width=121)
	  Index Cond: (id = ANY ('{2772264,5047019,848472,2001394,9498636,2321807,572695,4110690,8515329,545852}'::integer[]))

table 5 : explain SELECT c FROM sbtest5 WHERE id IN ( 2772264, 5047019, 848472, 2001394, 9498636, 2321807, 572695, 4110690, 8515329, 545852)
	Index Scan using sbtest5_pkey on sbtest5  (cost=0.43..83.93 rows=10 width=121)
	  Index Cond: (id = ANY ('{2772264,5047019,848472,2001394,9498636,2321807,572695,4110690,8515329,545852}'::integer[]))

table 6 : explain SELECT c FROM sbtest6 WHERE id IN ( 2772264, 5047019, 848472, 2001394, 9498636, 2321807, 572695, 4110690, 8515329, 545852)
	Index Scan using sbtest6_pkey on sbtest6  (cost=0.43..83.92 rows=10 width=121)
	  Index Cond: (id = ANY ('{2772264,5047019,848472,2001394,9498636,2321807,572695,4110690,8515329,545852}'::integer[]))

table 7 : explain SELECT c FROM sbtest7 WHERE id IN ( 2772264, 5047019, 848472, 2001394, 9498636, 2321807, 572695, 4110690, 8515329, 545852)
	Index Scan using sbtest7_pkey on sbtest7  (cost=0.43..83.89 rows=10 width=121)
	  Index Cond: (id = ANY ('{2772264,5047019,848472,2001394,9498636,2321807,572695,4110690,8515329,545852}'::integer[]))

table 8 : explain SELECT c FROM sbtest8 WHERE id IN ( 2772264, 5047019, 848472, 2001394, 9498636, 2321807, 572695, 4110690, 8515329, 545852)
	Index Scan using sbtest8_pkey on sbtest8  (cost=0.43..83.98 rows=10 width=121)
	  Index Cond: (id = ANY ('{2772264,5047019,848472,2001394,9498636,2321807,572695,4110690,8515329,545852}'::integer[]))

explain: for select-inlist :: explain SELECT c FROM sbtest%d WHERE id IN ( 7402411, 674989, 7984218, 1000554, 494236, 6501905, 8930599, 7065600, 9476185, 4665520)
for select-inlist
table 1 : explain SELECT c FROM sbtest1 WHERE id IN ( 573393, 6244478, 1235261, 4925157, 387108, 7550960, 317681, 2855684, 2359885, 5607503)
	Index Scan using sbtest1_pkey on sbtest1  (cost=0.43..84.03 rows=10 width=121)
	  Index Cond: (id = ANY ('{573393,6244478,1235261,4925157,387108,7550960,317681,2855684,2359885,5607503}'::integer[]))

table 2 : explain SELECT c FROM sbtest2 WHERE id IN ( 573393, 6244478, 1235261, 4925157, 387108, 7550960, 317681, 2855684, 2359885, 5607503)
	Index Scan using sbtest2_pkey on sbtest2  (cost=0.43..83.93 rows=10 width=121)
	  Index Cond: (id = ANY ('{573393,6244478,1235261,4925157,387108,7550960,317681,2855684,2359885,5607503}'::integer[]))

table 3 : explain SELECT c FROM sbtest3 WHERE id IN ( 573393, 6244478, 1235261, 4925157, 387108, 7550960, 317681, 2855684, 2359885, 5607503)
	Index Scan using sbtest3_pkey on sbtest3  (cost=0.43..84.00 rows=10 width=121)
	  Index Cond: (id = ANY ('{573393,6244478,1235261,4925157,387108,7550960,317681,2855684,2359885,5607503}'::integer[]))

table 4 : explain SELECT c FROM sbtest4 WHERE id IN ( 573393, 6244478, 1235261, 4925157, 387108, 7550960, 317681, 2855684, 2359885, 5607503)
	Index Scan using sbtest4_pkey on sbtest4  (cost=0.43..84.00 rows=10 width=121)
	  Index Cond: (id = ANY ('{573393,6244478,1235261,4925157,387108,7550960,317681,2855684,2359885,5607503}'::integer[]))

table 5 : explain SELECT c FROM sbtest5 WHERE id IN ( 573393, 6244478, 1235261, 4925157, 387108, 7550960, 317681, 2855684, 2359885, 5607503)
	Index Scan using sbtest5_pkey on sbtest5  (cost=0.43..83.93 rows=10 width=121)
	  Index Cond: (id = ANY ('{573393,6244478,1235261,4925157,387108,7550960,317681,2855684,2359885,5607503}'::integer[]))

table 6 : explain SELECT c FROM sbtest6 WHERE id IN ( 573393, 6244478, 1235261, 4925157, 387108, 7550960, 317681, 2855684, 2359885, 5607503)
	Index Scan using sbtest6_pkey on sbtest6  (cost=0.43..83.92 rows=10 width=121)
	  Index Cond: (id = ANY ('{573393,6244478,1235261,4925157,387108,7550960,317681,2855684,2359885,5607503}'::integer[]))

table 7 : explain SELECT c FROM sbtest7 WHERE id IN ( 573393, 6244478, 1235261, 4925157, 387108, 7550960, 317681, 2855684, 2359885, 5607503)
	Index Scan using sbtest7_pkey on sbtest7  (cost=0.43..83.89 rows=10 width=121)
	  Index Cond: (id = ANY ('{573393,6244478,1235261,4925157,387108,7550960,317681,2855684,2359885,5607503}'::integer[]))

table 8 : explain SELECT c FROM sbtest8 WHERE id IN ( 573393, 6244478, 1235261, 4925157, 387108, 7550960, 317681, 2855684, 2359885, 5607503)
	Index Scan using sbtest8_pkey on sbtest8  (cost=0.43..83.98 rows=10 width=121)
	  Index Cond: (id = ANY ('{573393,6244478,1235261,4925157,387108,7550960,317681,2855684,2359885,5607503}'::integer[]))

explain: for select-inlist :: explain SELECT c FROM sbtest%d WHERE id IN ( 2628213, 1093245, 4010162, 7608970, 5698568, 5422651, 2079730, 8133548, 9478282, 727007)
explain: for select-inlist :: explain SELECT c FROM sbtest%d WHERE id IN ( 6183893, 2814625, 7040407, 5607491, 8234458, 1024271, 4904882, 1821495, 8136364, 9849079)
for select-inlist
table 1 : explain SELECT c FROM sbtest1 WHERE id IN ( 4542918, 1481189, 3751709, 430365, 1625295, 92986, 2352204, 4871808, 8131145, 7520111)
	Index Scan using sbtest1_pkey on sbtest1  (cost=0.43..84.03 rows=10 width=121)
	  Index Cond: (id = ANY ('{4542918,1481189,3751709,430365,1625295,92986,2352204,4871808,8131145,7520111}'::integer[]))

table 2 : explain SELECT c FROM sbtest2 WHERE id IN ( 4542918, 1481189, 3751709, 430365, 1625295, 92986, 2352204, 4871808, 8131145, 7520111)
	Index Scan using sbtest2_pkey on sbtest2  (cost=0.43..83.93 rows=10 width=121)
	  Index Cond: (id = ANY ('{4542918,1481189,3751709,430365,1625295,92986,2352204,4871808,8131145,7520111}'::integer[]))

table 3 : explain SELECT c FROM sbtest3 WHERE id IN ( 4542918, 1481189, 3751709, 430365, 1625295, 92986, 2352204, 4871808, 8131145, 7520111)
	Index Scan using sbtest3_pkey on sbtest3  (cost=0.43..84.00 rows=10 width=121)
	  Index Cond: (id = ANY ('{4542918,1481189,3751709,430365,1625295,92986,2352204,4871808,8131145,7520111}'::integer[]))

table 4 : explain SELECT c FROM sbtest4 WHERE id IN ( 4542918, 1481189, 3751709, 430365, 1625295, 92986, 2352204, 4871808, 8131145, 7520111)
	Index Scan using sbtest4_pkey on sbtest4  (cost=0.43..84.00 rows=10 width=121)
	  Index Cond: (id = ANY ('{4542918,1481189,3751709,430365,1625295,92986,2352204,4871808,8131145,7520111}'::integer[]))

table 5 : explain SELECT c FROM sbtest5 WHERE id IN ( 4542918, 1481189, 3751709, 430365, 1625295, 92986, 2352204, 4871808, 8131145, 7520111)
	Index Scan using sbtest5_pkey on sbtest5  (cost=0.43..83.93 rows=10 width=121)
	  Index Cond: (id = ANY ('{4542918,1481189,3751709,430365,1625295,92986,2352204,4871808,8131145,7520111}'::integer[]))

table 6 : explain SELECT c FROM sbtest6 WHERE id IN ( 4542918, 1481189, 3751709, 430365, 1625295, 92986, 2352204, 4871808, 8131145, 7520111)
	Index Scan using sbtest6_pkey on sbtest6  (cost=0.43..83.92 rows=10 width=121)
	  Index Cond: (id = ANY ('{4542918,1481189,3751709,430365,1625295,92986,2352204,4871808,8131145,7520111}'::integer[]))

table 7 : explain SELECT c FROM sbtest7 WHERE id IN ( 4542918, 1481189, 3751709, 430365, 1625295, 92986, 2352204, 4871808, 8131145, 7520111)
	Index Scan using sbtest7_pkey on sbtest7  (cost=0.43..83.89 rows=10 width=121)
	  Index Cond: (id = ANY ('{4542918,1481189,3751709,430365,1625295,92986,2352204,4871808,8131145,7520111}'::integer[]))

table 8 : explain SELECT c FROM sbtest8 WHERE id IN ( 4542918, 1481189, 3751709, 430365, 1625295, 92986, 2352204, 4871808, 8131145, 7520111)
	Index Scan using sbtest8_pkey on sbtest8  (cost=0.43..83.98 rows=10 width=121)
	  Index Cond: (id = ANY ('{4542918,1481189,3751709,430365,1625295,92986,2352204,4871808,8131145,7520111}'::integer[]))

for select-inlist
table 1 : explain SELECT c FROM sbtest1 WHERE id IN ( 4989592, 3310479, 1032877, 9158139, 3637936, 8597334, 5794788, 1992209, 1783219, 7446574)
	Index Scan using sbtest1_pkey on sbtest1  (cost=0.43..84.03 rows=10 width=121)
	  Index Cond: (id = ANY ('{4989592,3310479,1032877,9158139,3637936,8597334,5794788,1992209,1783219,7446574}'::integer[]))

table 2 : explain SELECT c FROM sbtest2 WHERE id IN ( 4989592, 3310479, 1032877, 9158139, 3637936, 8597334, 5794788, 1992209, 1783219, 7446574)
	Index Scan using sbtest2_pkey on sbtest2  (cost=0.43..83.93 rows=10 width=121)
	  Index Cond: (id = ANY ('{4989592,3310479,1032877,9158139,3637936,8597334,5794788,1992209,1783219,7446574}'::integer[]))

table 3 : explain SELECT c FROM sbtest3 WHERE id IN ( 4989592, 3310479, 1032877, 9158139, 3637936, 8597334, 5794788, 1992209, 1783219, 7446574)
	Index Scan using sbtest3_pkey on sbtest3  (cost=0.43..84.00 rows=10 width=121)
	  Index Cond: (id = ANY ('{4989592,3310479,1032877,9158139,3637936,8597334,5794788,1992209,1783219,7446574}'::integer[]))

table 4 : explain SELECT c FROM sbtest4 WHERE id IN ( 4989592, 3310479, 1032877, 9158139, 3637936, 8597334, 5794788, 1992209, 1783219, 7446574)
	Index Scan using sbtest4_pkey on sbtest4  (cost=0.43..84.00 rows=10 width=121)
	  Index Cond: (id = ANY ('{4989592,3310479,1032877,9158139,3637936,8597334,5794788,1992209,1783219,7446574}'::integer[]))

table 5 : explain SELECT c FROM sbtest5 WHERE id IN ( 4989592, 3310479, 1032877, 9158139, 3637936, 8597334, 5794788, 1992209, 1783219, 7446574)
	Index Scan using sbtest5_pkey on sbtest5  (cost=0.43..83.93 rows=10 width=121)
	  Index Cond: (id = ANY ('{4989592,3310479,1032877,9158139,3637936,8597334,5794788,1992209,1783219,7446574}'::integer[]))

table 6 : explain SELECT c FROM sbtest6 WHERE id IN ( 4989592, 3310479, 1032877, 9158139, 3637936, 8597334, 5794788, 1992209, 1783219, 7446574)
	Index Scan using sbtest6_pkey on sbtest6  (cost=0.43..83.92 rows=10 width=121)
	  Index Cond: (id = ANY ('{4989592,3310479,1032877,9158139,3637936,8597334,5794788,1992209,1783219,7446574}'::integer[]))

table 7 : explain SELECT c FROM sbtest7 WHERE id IN ( 4989592, 3310479, 1032877, 9158139, 3637936, 8597334, 5794788, 1992209, 1783219, 7446574)
	Index Scan using sbtest7_pkey on sbtest7  (cost=0.43..83.89 rows=10 width=121)
	  Index Cond: (id = ANY ('{4989592,3310479,1032877,9158139,3637936,8597334,5794788,1992209,1783219,7446574}'::integer[]))

table 8 : explain SELECT c FROM sbtest8 WHERE id IN ( 4989592, 3310479, 1032877, 9158139, 3637936, 8597334, 5794788, 1992209, 1783219, 7446574)
	Index Scan using sbtest8_pkey on sbtest8  (cost=0.43..83.98 rows=10 width=121)
	  Index Cond: (id = ANY ('{4989592,3310479,1032877,9158139,3637936,8597334,5794788,1992209,1783219,7446574}'::integer[]))

for select-inlist
table 1 : explain SELECT c FROM sbtest1 WHERE id IN ( 8334449, 6052752, 1658983, 9568049, 8971614, 5098830, 7036363, 722583, 5168232, 1889726)
	Index Scan using sbtest1_pkey on sbtest1  (cost=0.43..84.03 rows=10 width=121)
	  Index Cond: (id = ANY ('{8334449,6052752,1658983,9568049,8971614,5098830,7036363,722583,5168232,1889726}'::integer[]))

table 2 : explain SELECT c FROM sbtest2 WHERE id IN ( 8334449, 6052752, 1658983, 9568049, 8971614, 5098830, 7036363, 722583, 5168232, 1889726)
	Index Scan using sbtest2_pkey on sbtest2  (cost=0.43..83.93 rows=10 width=121)
	  Index Cond: (id = ANY ('{8334449,6052752,1658983,9568049,8971614,5098830,7036363,722583,5168232,1889726}'::integer[]))

table 3 : explain SELECT c FROM sbtest3 WHERE id IN ( 8334449, 6052752, 1658983, 9568049, 8971614, 5098830, 7036363, 722583, 5168232, 1889726)
	Index Scan using sbtest3_pkey on sbtest3  (cost=0.43..84.00 rows=10 width=121)
	  Index Cond: (id = ANY ('{8334449,6052752,1658983,9568049,8971614,5098830,7036363,722583,5168232,1889726}'::integer[]))

table 4 : explain SELECT c FROM sbtest4 WHERE id IN ( 8334449, 6052752, 1658983, 9568049, 8971614, 5098830, 7036363, 722583, 5168232, 1889726)
	Index Scan using sbtest4_pkey on sbtest4  (cost=0.43..84.00 rows=10 width=121)
	  Index Cond: (id = ANY ('{8334449,6052752,1658983,9568049,8971614,5098830,7036363,722583,5168232,1889726}'::integer[]))

table 5 : explain SELECT c FROM sbtest5 WHERE id IN ( 8334449, 6052752, 1658983, 9568049, 8971614, 5098830, 7036363, 722583, 5168232, 1889726)
	Index Scan using sbtest5_pkey on sbtest5  (cost=0.43..83.93 rows=10 width=121)
	  Index Cond: (id = ANY ('{8334449,6052752,1658983,9568049,8971614,5098830,7036363,722583,5168232,1889726}'::integer[]))

table 6 : explain SELECT c FROM sbtest6 WHERE id IN ( 8334449, 6052752, 1658983, 9568049, 8971614, 5098830, 7036363, 722583, 5168232, 1889726)
	Index Scan using sbtest6_pkey on sbtest6  (cost=0.43..83.92 rows=10 width=121)
	  Index Cond: (id = ANY ('{8334449,6052752,1658983,9568049,8971614,5098830,7036363,722583,5168232,1889726}'::integer[]))

table 7 : explain SELECT c FROM sbtest7 WHERE id IN ( 8334449, 6052752, 1658983, 9568049, 8971614, 5098830, 7036363, 722583, 5168232, 1889726)
	Index Scan using sbtest7_pkey on sbtest7  (cost=0.43..83.89 rows=10 width=121)
	  Index Cond: (id = ANY ('{8334449,6052752,1658983,9568049,8971614,5098830,7036363,722583,5168232,1889726}'::integer[]))

table 8 : explain SELECT c FROM sbtest8 WHERE id IN ( 8334449, 6052752, 1658983, 9568049, 8971614, 5098830, 7036363, 722583, 5168232, 1889726)
	Index Scan using sbtest8_pkey on sbtest8  (cost=0.43..83.98 rows=10 width=121)
	  Index Cond: (id = ANY ('{8334449,6052752,1658983,9568049,8971614,5098830,7036363,722583,5168232,1889726}'::integer[]))

for select-inlist
table 1 : explain SELECT c FROM sbtest1 WHERE id IN ( 1347877, 5005905, 1802982, 8694422, 5231367, 1091768, 841292, 19199, 5963340, 2992883)
	Index Scan using sbtest1_pkey on sbtest1  (cost=0.43..84.03 rows=10 width=121)
	  Index Cond: (id = ANY ('{1347877,5005905,1802982,8694422,5231367,1091768,841292,19199,5963340,2992883}'::integer[]))

table 2 : explain SELECT c FROM sbtest2 WHERE id IN ( 1347877, 5005905, 1802982, 8694422, 5231367, 1091768, 841292, 19199, 5963340, 2992883)
	Index Scan using sbtest2_pkey on sbtest2  (cost=0.43..83.93 rows=10 width=121)
	  Index Cond: (id = ANY ('{1347877,5005905,1802982,8694422,5231367,1091768,841292,19199,5963340,2992883}'::integer[]))

table 3 : explain SELECT c FROM sbtest3 WHERE id IN ( 1347877, 5005905, 1802982, 8694422, 5231367, 1091768, 841292, 19199, 5963340, 2992883)
	Index Scan using sbtest3_pkey on sbtest3  (cost=0.43..84.00 rows=10 width=121)
	  Index Cond: (id = ANY ('{1347877,5005905,1802982,8694422,5231367,1091768,841292,19199,5963340,2992883}'::integer[]))

table 4 : explain SELECT c FROM sbtest4 WHERE id IN ( 1347877, 5005905, 1802982, 8694422, 5231367, 1091768, 841292, 19199, 5963340, 2992883)
	Index Scan using sbtest4_pkey on sbtest4  (cost=0.43..84.00 rows=10 width=121)
	  Index Cond: (id = ANY ('{1347877,5005905,1802982,8694422,5231367,1091768,841292,19199,5963340,2992883}'::integer[]))

table 5 : explain SELECT c FROM sbtest5 WHERE id IN ( 1347877, 5005905, 1802982, 8694422, 5231367, 1091768, 841292, 19199, 5963340, 2992883)
	Index Scan using sbtest5_pkey on sbtest5  (cost=0.43..83.93 rows=10 width=121)
	  Index Cond: (id = ANY ('{1347877,5005905,1802982,8694422,5231367,1091768,841292,19199,5963340,2992883}'::integer[]))

table 6 : explain SELECT c FROM sbtest6 WHERE id IN ( 1347877, 5005905, 1802982, 8694422, 5231367, 1091768, 841292, 19199, 5963340, 2992883)
	Index Scan using sbtest6_pkey on sbtest6  (cost=0.43..83.92 rows=10 width=121)
	  Index Cond: (id = ANY ('{1347877,5005905,1802982,8694422,5231367,1091768,841292,19199,5963340,2992883}'::integer[]))

table 7 : explain SELECT c FROM sbtest7 WHERE id IN ( 1347877, 5005905, 1802982, 8694422, 5231367, 1091768, 841292, 19199, 5963340, 2992883)
	Index Scan using sbtest7_pkey on sbtest7  (cost=0.43..83.89 rows=10 width=121)
	  Index Cond: (id = ANY ('{1347877,5005905,1802982,8694422,5231367,1091768,841292,19199,5963340,2992883}'::integer[]))

table 8 : explain SELECT c FROM sbtest8 WHERE id IN ( 1347877, 5005905, 1802982, 8694422, 5231367, 1091768, 841292, 19199, 5963340, 2992883)
	Index Scan using sbtest8_pkey on sbtest8  (cost=0.43..83.98 rows=10 width=121)
	  Index Cond: (id = ANY ('{1347877,5005905,1802982,8694422,5231367,1091768,841292,19199,5963340,2992883}'::integer[]))

explain: for select-inlist :: explain SELECT c FROM sbtest%d WHERE id IN ( 9815396, 6711618, 5162560, 2880597, 6487687, 166336, 1210616, 8172506, 7075081, 5303385)
for select-inlist
table 1 : explain SELECT c FROM sbtest1 WHERE id IN ( 7402411, 674989, 7984218, 1000554, 494236, 6501905, 8930599, 7065600, 9476185, 4665520)
	Index Scan using sbtest1_pkey on sbtest1  (cost=0.43..84.03 rows=10 width=121)
	  Index Cond: (id = ANY ('{7402411,674989,7984218,1000554,494236,6501905,8930599,7065600,9476185,4665520}'::integer[]))

table 2 : explain SELECT c FROM sbtest2 WHERE id IN ( 7402411, 674989, 7984218, 1000554, 494236, 6501905, 8930599, 7065600, 9476185, 4665520)
	Index Scan using sbtest2_pkey on sbtest2  (cost=0.43..83.93 rows=10 width=121)
	  Index Cond: (id = ANY ('{7402411,674989,7984218,1000554,494236,6501905,8930599,7065600,9476185,4665520}'::integer[]))

table 3 : explain SELECT c FROM sbtest3 WHERE id IN ( 7402411, 674989, 7984218, 1000554, 494236, 6501905, 8930599, 7065600, 9476185, 4665520)
	Index Scan using sbtest3_pkey on sbtest3  (cost=0.43..84.00 rows=10 width=121)
	  Index Cond: (id = ANY ('{7402411,674989,7984218,1000554,494236,6501905,8930599,7065600,9476185,4665520}'::integer[]))

table 4 : explain SELECT c FROM sbtest4 WHERE id IN ( 7402411, 674989, 7984218, 1000554, 494236, 6501905, 8930599, 7065600, 9476185, 4665520)
	Index Scan using sbtest4_pkey on sbtest4  (cost=0.43..84.00 rows=10 width=121)
	  Index Cond: (id = ANY ('{7402411,674989,7984218,1000554,494236,6501905,8930599,7065600,9476185,4665520}'::integer[]))

table 5 : explain SELECT c FROM sbtest5 WHERE id IN ( 7402411, 674989, 7984218, 1000554, 494236, 6501905, 8930599, 7065600, 9476185, 4665520)
	Index Scan using sbtest5_pkey on sbtest5  (cost=0.43..83.93 rows=10 width=121)
	  Index Cond: (id = ANY ('{7402411,674989,7984218,1000554,494236,6501905,8930599,7065600,9476185,4665520}'::integer[]))

table 6 : explain SELECT c FROM sbtest6 WHERE id IN ( 7402411, 674989, 7984218, 1000554, 494236, 6501905, 8930599, 7065600, 9476185, 4665520)
	Index Scan using sbtest6_pkey on sbtest6  (cost=0.43..83.92 rows=10 width=121)
	  Index Cond: (id = ANY ('{7402411,674989,7984218,1000554,494236,6501905,8930599,7065600,9476185,4665520}'::integer[]))

table 7 : explain SELECT c FROM sbtest7 WHERE id IN ( 7402411, 674989, 7984218, 1000554, 494236, 6501905, 8930599, 7065600, 9476185, 4665520)
	Index Scan using sbtest7_pkey on sbtest7  (cost=0.43..83.89 rows=10 width=121)
	  Index Cond: (id = ANY ('{7402411,674989,7984218,1000554,494236,6501905,8930599,7065600,9476185,4665520}'::integer[]))

table 8 : explain SELECT c FROM sbtest8 WHERE id IN ( 7402411, 674989, 7984218, 1000554, 494236, 6501905, 8930599, 7065600, 9476185, 4665520)
	Index Scan using sbtest8_pkey on sbtest8  (cost=0.43..83.98 rows=10 width=121)
	  Index Cond: (id = ANY ('{7402411,674989,7984218,1000554,494236,6501905,8930599,7065600,9476185,4665520}'::integer[]))

for select-inlist
table 1 : explain SELECT c FROM sbtest1 WHERE id IN ( 6183893, 2814625, 7040407, 5607491, 8234458, 1024271, 4904882, 1821495, 8136364, 9849079)
	Index Scan using sbtest1_pkey on sbtest1  (cost=0.43..84.03 rows=10 width=121)
	  Index Cond: (id = ANY ('{6183893,2814625,7040407,5607491,8234458,1024271,4904882,1821495,8136364,9849079}'::integer[]))

table 2 : explain SELECT c FROM sbtest2 WHERE id IN ( 6183893, 2814625, 7040407, 5607491, 8234458, 1024271, 4904882, 1821495, 8136364, 9849079)
	Index Scan using sbtest2_pkey on sbtest2  (cost=0.43..83.93 rows=10 width=121)
	  Index Cond: (id = ANY ('{6183893,2814625,7040407,5607491,8234458,1024271,4904882,1821495,8136364,9849079}'::integer[]))

table 3 : explain SELECT c FROM sbtest3 WHERE id IN ( 6183893, 2814625, 7040407, 5607491, 8234458, 1024271, 4904882, 1821495, 8136364, 9849079)
	Index Scan using sbtest3_pkey on sbtest3  (cost=0.43..84.00 rows=10 width=121)
	  Index Cond: (id = ANY ('{6183893,2814625,7040407,5607491,8234458,1024271,4904882,1821495,8136364,9849079}'::integer[]))

table 4 : explain SELECT c FROM sbtest4 WHERE id IN ( 6183893, 2814625, 7040407, 5607491, 8234458, 1024271, 4904882, 1821495, 8136364, 9849079)
	Index Scan using sbtest4_pkey on sbtest4  (cost=0.43..84.00 rows=10 width=121)
	  Index Cond: (id = ANY ('{6183893,2814625,7040407,5607491,8234458,1024271,4904882,1821495,8136364,9849079}'::integer[]))

table 5 : explain SELECT c FROM sbtest5 WHERE id IN ( 6183893, 2814625, 7040407, 5607491, 8234458, 1024271, 4904882, 1821495, 8136364, 9849079)
	Index Scan using sbtest5_pkey on sbtest5  (cost=0.43..83.93 rows=10 width=121)
	  Index Cond: (id = ANY ('{6183893,2814625,7040407,5607491,8234458,1024271,4904882,1821495,8136364,9849079}'::integer[]))

table 6 : explain SELECT c FROM sbtest6 WHERE id IN ( 6183893, 2814625, 7040407, 5607491, 8234458, 1024271, 4904882, 1821495, 8136364, 9849079)
	Index Scan using sbtest6_pkey on sbtest6  (cost=0.43..83.92 rows=10 width=121)
	  Index Cond: (id = ANY ('{6183893,2814625,7040407,5607491,8234458,1024271,4904882,1821495,8136364,9849079}'::integer[]))

table 7 : explain SELECT c FROM sbtest7 WHERE id IN ( 6183893, 2814625, 7040407, 5607491, 8234458, 1024271, 4904882, 1821495, 8136364, 9849079)
	Index Scan using sbtest7_pkey on sbtest7  (cost=0.43..83.89 rows=10 width=121)
	  Index Cond: (id = ANY ('{6183893,2814625,7040407,5607491,8234458,1024271,4904882,1821495,8136364,9849079}'::integer[]))

table 8 : explain SELECT c FROM sbtest8 WHERE id IN ( 6183893, 2814625, 7040407, 5607491, 8234458, 1024271, 4904882, 1821495, 8136364, 9849079)
	Index Scan using sbtest8_pkey on sbtest8  (cost=0.43..83.98 rows=10 width=121)
	  Index Cond: (id = ANY ('{6183893,2814625,7040407,5607491,8234458,1024271,4904882,1821495,8136364,9849079}'::integer[]))

explain: for select-inlist :: explain SELECT c FROM sbtest%d WHERE id IN ( 2148281, 3095140, 9525916, 4179655, 2762742, 4072669, 8728168, 7169384, 3360984, 1136865)
explain: for select-inlist :: explain SELECT c FROM sbtest%d WHERE id IN ( 7894903, 1742869, 547740, 8192294, 2818765, 4413120, 1878037, 861671, 1521726, 766194)
for select-inlist
table 1 : explain SELECT c FROM sbtest1 WHERE id IN ( 1625393, 4400796, 8876387, 4564738, 3919738, 3070341, 7730444, 6884476, 5131107, 9642350)
	Index Scan using sbtest1_pkey on sbtest1  (cost=0.43..84.03 rows=10 width=121)
	  Index Cond: (id = ANY ('{1625393,4400796,8876387,4564738,3919738,3070341,7730444,6884476,5131107,9642350}'::integer[]))

table 2 : explain SELECT c FROM sbtest2 WHERE id IN ( 1625393, 4400796, 8876387, 4564738, 3919738, 3070341, 7730444, 6884476, 5131107, 9642350)
	Index Scan using sbtest2_pkey on sbtest2  (cost=0.43..83.93 rows=10 width=121)
	  Index Cond: (id = ANY ('{1625393,4400796,8876387,4564738,3919738,3070341,7730444,6884476,5131107,9642350}'::integer[]))

table 3 : explain SELECT c FROM sbtest3 WHERE id IN ( 1625393, 4400796, 8876387, 4564738, 3919738, 3070341, 7730444, 6884476, 5131107, 9642350)
	Index Scan using sbtest3_pkey on sbtest3  (cost=0.43..84.00 rows=10 width=121)
	  Index Cond: (id = ANY ('{1625393,4400796,8876387,4564738,3919738,3070341,7730444,6884476,5131107,9642350}'::integer[]))

table 4 : explain SELECT c FROM sbtest4 WHERE id IN ( 1625393, 4400796, 8876387, 4564738, 3919738, 3070341, 7730444, 6884476, 5131107, 9642350)
	Index Scan using sbtest4_pkey on sbtest4  (cost=0.43..84.00 rows=10 width=121)
	  Index Cond: (id = ANY ('{1625393,4400796,8876387,4564738,3919738,3070341,7730444,6884476,5131107,9642350}'::integer[]))

table 5 : explain SELECT c FROM sbtest5 WHERE id IN ( 1625393, 4400796, 8876387, 4564738, 3919738, 3070341, 7730444, 6884476, 5131107, 9642350)
	Index Scan using sbtest5_pkey on sbtest5  (cost=0.43..83.93 rows=10 width=121)
	  Index Cond: (id = ANY ('{1625393,4400796,8876387,4564738,3919738,3070341,7730444,6884476,5131107,9642350}'::integer[]))

table 6 : explain SELECT c FROM sbtest6 WHERE id IN ( 1625393, 4400796, 8876387, 4564738, 3919738, 3070341, 7730444, 6884476, 5131107, 9642350)
	Index Scan using sbtest6_pkey on sbtest6  (cost=0.43..83.92 rows=10 width=121)
	  Index Cond: (id = ANY ('{1625393,4400796,8876387,4564738,3919738,3070341,7730444,6884476,5131107,9642350}'::integer[]))

table 7 : explain SELECT c FROM sbtest7 WHERE id IN ( 1625393, 4400796, 8876387, 4564738, 3919738, 3070341, 7730444, 6884476, 5131107, 9642350)
	Index Scan using sbtest7_pkey on sbtest7  (cost=0.43..83.89 rows=10 width=121)
	  Index Cond: (id = ANY ('{1625393,4400796,8876387,4564738,3919738,3070341,7730444,6884476,5131107,9642350}'::integer[]))

table 8 : explain SELECT c FROM sbtest8 WHERE id IN ( 1625393, 4400796, 8876387, 4564738, 3919738, 3070341, 7730444, 6884476, 5131107, 9642350)
	Index Scan using sbtest8_pkey on sbtest8  (cost=0.43..83.98 rows=10 width=121)
	  Index Cond: (id = ANY ('{1625393,4400796,8876387,4564738,3919738,3070341,7730444,6884476,5131107,9642350}'::integer[]))

for select-inlist
table 1 : explain SELECT c FROM sbtest1 WHERE id IN ( 9815396, 6711618, 5162560, 2880597, 6487687, 166336, 1210616, 8172506, 7075081, 5303385)
	Index Scan using sbtest1_pkey on sbtest1  (cost=0.43..84.03 rows=10 width=121)
	  Index Cond: (id = ANY ('{9815396,6711618,5162560,2880597,6487687,166336,1210616,8172506,7075081,5303385}'::integer[]))

table 2 : explain SELECT c FROM sbtest2 WHERE id IN ( 9815396, 6711618, 5162560, 2880597, 6487687, 166336, 1210616, 8172506, 7075081, 5303385)
	Index Scan using sbtest2_pkey on sbtest2  (cost=0.43..83.93 rows=10 width=121)
	  Index Cond: (id = ANY ('{9815396,6711618,5162560,2880597,6487687,166336,1210616,8172506,7075081,5303385}'::integer[]))

table 3 : explain SELECT c FROM sbtest3 WHERE id IN ( 9815396, 6711618, 5162560, 2880597, 6487687, 166336, 1210616, 8172506, 7075081, 5303385)
	Index Scan using sbtest3_pkey on sbtest3  (cost=0.43..84.00 rows=10 width=121)
	  Index Cond: (id = ANY ('{9815396,6711618,5162560,2880597,6487687,166336,1210616,8172506,7075081,5303385}'::integer[]))

table 4 : explain SELECT c FROM sbtest4 WHERE id IN ( 9815396, 6711618, 5162560, 2880597, 6487687, 166336, 1210616, 8172506, 7075081, 5303385)
	Index Scan using sbtest4_pkey on sbtest4  (cost=0.43..84.00 rows=10 width=121)
	  Index Cond: (id = ANY ('{9815396,6711618,5162560,2880597,6487687,166336,1210616,8172506,7075081,5303385}'::integer[]))

table 5 : explain SELECT c FROM sbtest5 WHERE id IN ( 9815396, 6711618, 5162560, 2880597, 6487687, 166336, 1210616, 8172506, 7075081, 5303385)
	Index Scan using sbtest5_pkey on sbtest5  (cost=0.43..83.93 rows=10 width=121)
	  Index Cond: (id = ANY ('{9815396,6711618,5162560,2880597,6487687,166336,1210616,8172506,7075081,5303385}'::integer[]))

table 6 : explain SELECT c FROM sbtest6 WHERE id IN ( 9815396, 6711618, 5162560, 2880597, 6487687, 166336, 1210616, 8172506, 7075081, 5303385)
	Index Scan using sbtest6_pkey on sbtest6  (cost=0.43..83.92 rows=10 width=121)
	  Index Cond: (id = ANY ('{9815396,6711618,5162560,2880597,6487687,166336,1210616,8172506,7075081,5303385}'::integer[]))

table 7 : explain SELECT c FROM sbtest7 WHERE id IN ( 9815396, 6711618, 5162560, 2880597, 6487687, 166336, 1210616, 8172506, 7075081, 5303385)
	Index Scan using sbtest7_pkey on sbtest7  (cost=0.43..83.89 rows=10 width=121)
	  Index Cond: (id = ANY ('{9815396,6711618,5162560,2880597,6487687,166336,1210616,8172506,7075081,5303385}'::integer[]))

table 8 : explain SELECT c FROM sbtest8 WHERE id IN ( 9815396, 6711618, 5162560, 2880597, 6487687, 166336, 1210616, 8172506, 7075081, 5303385)
	Index Scan using sbtest8_pkey on sbtest8  (cost=0.43..83.98 rows=10 width=121)
	  Index Cond: (id = ANY ('{9815396,6711618,5162560,2880597,6487687,166336,1210616,8172506,7075081,5303385}'::integer[]))

for select-inlist
table 1 : explain SELECT c FROM sbtest1 WHERE id IN ( 2148281, 3095140, 9525916, 4179655, 2762742, 4072669, 8728168, 7169384, 3360984, 1136865)
	Index Scan using sbtest1_pkey on sbtest1  (cost=0.43..84.03 rows=10 width=121)
	  Index Cond: (id = ANY ('{2148281,3095140,9525916,4179655,2762742,4072669,8728168,7169384,3360984,1136865}'::integer[]))

table 2 : explain SELECT c FROM sbtest2 WHERE id IN ( 2148281, 3095140, 9525916, 4179655, 2762742, 4072669, 8728168, 7169384, 3360984, 1136865)
	Index Scan using sbtest2_pkey on sbtest2  (cost=0.43..83.93 rows=10 width=121)
	  Index Cond: (id = ANY ('{2148281,3095140,9525916,4179655,2762742,4072669,8728168,7169384,3360984,1136865}'::integer[]))

table 3 : explain SELECT c FROM sbtest3 WHERE id IN ( 2148281, 3095140, 9525916, 4179655, 2762742, 4072669, 8728168, 7169384, 3360984, 1136865)
	Index Scan using sbtest3_pkey on sbtest3  (cost=0.43..84.00 rows=10 width=121)
	  Index Cond: (id = ANY ('{2148281,3095140,9525916,4179655,2762742,4072669,8728168,7169384,3360984,1136865}'::integer[]))

table 4 : explain SELECT c FROM sbtest4 WHERE id IN ( 2148281, 3095140, 9525916, 4179655, 2762742, 4072669, 8728168, 7169384, 3360984, 1136865)
	Index Scan using sbtest4_pkey on sbtest4  (cost=0.43..84.00 rows=10 width=121)
	  Index Cond: (id = ANY ('{2148281,3095140,9525916,4179655,2762742,4072669,8728168,7169384,3360984,1136865}'::integer[]))

table 5 : explain SELECT c FROM sbtest5 WHERE id IN ( 2148281, 3095140, 9525916, 4179655, 2762742, 4072669, 8728168, 7169384, 3360984, 1136865)
	Index Scan using sbtest5_pkey on sbtest5  (cost=0.43..83.93 rows=10 width=121)
	  Index Cond: (id = ANY ('{2148281,3095140,9525916,4179655,2762742,4072669,8728168,7169384,3360984,1136865}'::integer[]))

table 6 : explain SELECT c FROM sbtest6 WHERE id IN ( 2148281, 3095140, 9525916, 4179655, 2762742, 4072669, 8728168, 7169384, 3360984, 1136865)
	Index Scan using sbtest6_pkey on sbtest6  (cost=0.43..83.92 rows=10 width=121)
	  Index Cond: (id = ANY ('{2148281,3095140,9525916,4179655,2762742,4072669,8728168,7169384,3360984,1136865}'::integer[]))

table 7 : explain SELECT c FROM sbtest7 WHERE id IN ( 2148281, 3095140, 9525916, 4179655, 2762742, 4072669, 8728168, 7169384, 3360984, 1136865)
	Index Scan using sbtest7_pkey on sbtest7  (cost=0.43..83.89 rows=10 width=121)
	  Index Cond: (id = ANY ('{2148281,3095140,9525916,4179655,2762742,4072669,8728168,7169384,3360984,1136865}'::integer[]))

table 8 : explain SELECT c FROM sbtest8 WHERE id IN ( 2148281, 3095140, 9525916, 4179655, 2762742, 4072669, 8728168, 7169384, 3360984, 1136865)
	Index Scan using sbtest8_pkey on sbtest8  (cost=0.43..83.98 rows=10 width=121)
	  Index Cond: (id = ANY ('{2148281,3095140,9525916,4179655,2762742,4072669,8728168,7169384,3360984,1136865}'::integer[]))

for select-inlist
table 1 : explain SELECT c FROM sbtest1 WHERE id IN ( 2628213, 1093245, 4010162, 7608970, 5698568, 5422651, 2079730, 8133548, 9478282, 727007)
	Index Scan using sbtest1_pkey on sbtest1  (cost=0.43..84.03 rows=10 width=121)
	  Index Cond: (id = ANY ('{2628213,1093245,4010162,7608970,5698568,5422651,2079730,8133548,9478282,727007}'::integer[]))

table 2 : explain SELECT c FROM sbtest2 WHERE id IN ( 2628213, 1093245, 4010162, 7608970, 5698568, 5422651, 2079730, 8133548, 9478282, 727007)
	Index Scan using sbtest2_pkey on sbtest2  (cost=0.43..83.93 rows=10 width=121)
	  Index Cond: (id = ANY ('{2628213,1093245,4010162,7608970,5698568,5422651,2079730,8133548,9478282,727007}'::integer[]))

table 3 : explain SELECT c FROM sbtest3 WHERE id IN ( 2628213, 1093245, 4010162, 7608970, 5698568, 5422651, 2079730, 8133548, 9478282, 727007)
	Index Scan using sbtest3_pkey on sbtest3  (cost=0.43..84.00 rows=10 width=121)
	  Index Cond: (id = ANY ('{2628213,1093245,4010162,7608970,5698568,5422651,2079730,8133548,9478282,727007}'::integer[]))

table 4 : explain SELECT c FROM sbtest4 WHERE id IN ( 2628213, 1093245, 4010162, 7608970, 5698568, 5422651, 2079730, 8133548, 9478282, 727007)
	Index Scan using sbtest4_pkey on sbtest4  (cost=0.43..84.00 rows=10 width=121)
	  Index Cond: (id = ANY ('{2628213,1093245,4010162,7608970,5698568,5422651,2079730,8133548,9478282,727007}'::integer[]))

table 5 : explain SELECT c FROM sbtest5 WHERE id IN ( 2628213, 1093245, 4010162, 7608970, 5698568, 5422651, 2079730, 8133548, 9478282, 727007)
	Index Scan using sbtest5_pkey on sbtest5  (cost=0.43..83.93 rows=10 width=121)
	  Index Cond: (id = ANY ('{2628213,1093245,4010162,7608970,5698568,5422651,2079730,8133548,9478282,727007}'::integer[]))

table 6 : explain SELECT c FROM sbtest6 WHERE id IN ( 2628213, 1093245, 4010162, 7608970, 5698568, 5422651, 2079730, 8133548, 9478282, 727007)
	Index Scan using sbtest6_pkey on sbtest6  (cost=0.43..83.92 rows=10 width=121)
	  Index Cond: (id = ANY ('{2628213,1093245,4010162,7608970,5698568,5422651,2079730,8133548,9478282,727007}'::integer[]))

table 7 : explain SELECT c FROM sbtest7 WHERE id IN ( 2628213, 1093245, 4010162, 7608970, 5698568, 5422651, 2079730, 8133548, 9478282, 727007)
	Index Scan using sbtest7_pkey on sbtest7  (cost=0.43..83.89 rows=10 width=121)
	  Index Cond: (id = ANY ('{2628213,1093245,4010162,7608970,5698568,5422651,2079730,8133548,9478282,727007}'::integer[]))

table 8 : explain SELECT c FROM sbtest8 WHERE id IN ( 2628213, 1093245, 4010162, 7608970, 5698568, 5422651, 2079730, 8133548, 9478282, 727007)
	Index Scan using sbtest8_pkey on sbtest8  (cost=0.43..83.98 rows=10 width=121)
	  Index Cond: (id = ANY ('{2628213,1093245,4010162,7608970,5698568,5422651,2079730,8133548,9478282,727007}'::integer[]))

explain: for select-inlist :: explain SELECT c FROM sbtest%d WHERE id IN ( 3090713, 8663167, 6121629, 2314777, 5143182, 7005422, 6309638, 5781274, 6946891, 2606206)
for select-inlist
table 1 : explain SELECT c FROM sbtest1 WHERE id IN ( 7894903, 1742869, 547740, 8192294, 2818765, 4413120, 1878037, 861671, 1521726, 766194)
	Index Scan using sbtest1_pkey on sbtest1  (cost=0.43..84.03 rows=10 width=121)
	  Index Cond: (id = ANY ('{7894903,1742869,547740,8192294,2818765,4413120,1878037,861671,1521726,766194}'::integer[]))

table 2 : explain SELECT c FROM sbtest2 WHERE id IN ( 7894903, 1742869, 547740, 8192294, 2818765, 4413120, 1878037, 861671, 1521726, 766194)
	Index Scan using sbtest2_pkey on sbtest2  (cost=0.43..83.93 rows=10 width=121)
	  Index Cond: (id = ANY ('{7894903,1742869,547740,8192294,2818765,4413120,1878037,861671,1521726,766194}'::integer[]))

table 3 : explain SELECT c FROM sbtest3 WHERE id IN ( 7894903, 1742869, 547740, 8192294, 2818765, 4413120, 1878037, 861671, 1521726, 766194)
	Index Scan using sbtest3_pkey on sbtest3  (cost=0.43..84.00 rows=10 width=121)
	  Index Cond: (id = ANY ('{7894903,1742869,547740,8192294,2818765,4413120,1878037,861671,1521726,766194}'::integer[]))

table 4 : explain SELECT c FROM sbtest4 WHERE id IN ( 7894903, 1742869, 547740, 8192294, 2818765, 4413120, 1878037, 861671, 1521726, 766194)
	Index Scan using sbtest4_pkey on sbtest4  (cost=0.43..84.00 rows=10 width=121)
	  Index Cond: (id = ANY ('{7894903,1742869,547740,8192294,2818765,4413120,1878037,861671,1521726,766194}'::integer[]))

table 5 : explain SELECT c FROM sbtest5 WHERE id IN ( 7894903, 1742869, 547740, 8192294, 2818765, 4413120, 1878037, 861671, 1521726, 766194)
	Index Scan using sbtest5_pkey on sbtest5  (cost=0.43..83.93 rows=10 width=121)
	  Index Cond: (id = ANY ('{7894903,1742869,547740,8192294,2818765,4413120,1878037,861671,1521726,766194}'::integer[]))

table 6 : explain SELECT c FROM sbtest6 WHERE id IN ( 7894903, 1742869, 547740, 8192294, 2818765, 4413120, 1878037, 861671, 1521726, 766194)
	Index Scan using sbtest6_pkey on sbtest6  (cost=0.43..83.92 rows=10 width=121)
	  Index Cond: (id = ANY ('{7894903,1742869,547740,8192294,2818765,4413120,1878037,861671,1521726,766194}'::integer[]))

table 7 : explain SELECT c FROM sbtest7 WHERE id IN ( 7894903, 1742869, 547740, 8192294, 2818765, 4413120, 1878037, 861671, 1521726, 766194)
	Index Scan using sbtest7_pkey on sbtest7  (cost=0.43..83.89 rows=10 width=121)
	  Index Cond: (id = ANY ('{7894903,1742869,547740,8192294,2818765,4413120,1878037,861671,1521726,766194}'::integer[]))

table 8 : explain SELECT c FROM sbtest8 WHERE id IN ( 7894903, 1742869, 547740, 8192294, 2818765, 4413120, 1878037, 861671, 1521726, 766194)
	Index Scan using sbtest8_pkey on sbtest8  (cost=0.43..83.98 rows=10 width=121)
	  Index Cond: (id = ANY ('{7894903,1742869,547740,8192294,2818765,4413120,1878037,861671,1521726,766194}'::integer[]))

explain: for select-inlist :: explain SELECT c FROM sbtest%d WHERE id IN ( 927007, 5626689, 8107710, 5449562, 8667296, 7537744, 2165094, 1411785, 3064514, 6902383)
explain: for select-inlist :: explain SELECT c FROM sbtest%d WHERE id IN ( 5046151, 5990059, 773157, 5010281, 868981, 2835785, 3137934, 9275143, 1755383, 3192801)
for select-inlist
table 1 : explain SELECT c FROM sbtest1 WHERE id IN ( 5046151, 5990059, 773157, 5010281, 868981, 2835785, 3137934, 9275143, 1755383, 3192801)
	Index Scan using sbtest1_pkey on sbtest1  (cost=0.43..84.03 rows=10 width=121)
	  Index Cond: (id = ANY ('{5046151,5990059,773157,5010281,868981,2835785,3137934,9275143,1755383,3192801}'::integer[]))

table 2 : explain SELECT c FROM sbtest2 WHERE id IN ( 5046151, 5990059, 773157, 5010281, 868981, 2835785, 3137934, 9275143, 1755383, 3192801)
	Index Scan using sbtest2_pkey on sbtest2  (cost=0.43..83.93 rows=10 width=121)
	  Index Cond: (id = ANY ('{5046151,5990059,773157,5010281,868981,2835785,3137934,9275143,1755383,3192801}'::integer[]))

table 3 : explain SELECT c FROM sbtest3 WHERE id IN ( 5046151, 5990059, 773157, 5010281, 868981, 2835785, 3137934, 9275143, 1755383, 3192801)
	Index Scan using sbtest3_pkey on sbtest3  (cost=0.43..84.00 rows=10 width=121)
	  Index Cond: (id = ANY ('{5046151,5990059,773157,5010281,868981,2835785,3137934,9275143,1755383,3192801}'::integer[]))

table 4 : explain SELECT c FROM sbtest4 WHERE id IN ( 5046151, 5990059, 773157, 5010281, 868981, 2835785, 3137934, 9275143, 1755383, 3192801)
	Index Scan using sbtest4_pkey on sbtest4  (cost=0.43..84.00 rows=10 width=121)
	  Index Cond: (id = ANY ('{5046151,5990059,773157,5010281,868981,2835785,3137934,9275143,1755383,3192801}'::integer[]))

table 5 : explain SELECT c FROM sbtest5 WHERE id IN ( 5046151, 5990059, 773157, 5010281, 868981, 2835785, 3137934, 9275143, 1755383, 3192801)
	Index Scan using sbtest5_pkey on sbtest5  (cost=0.43..83.93 rows=10 width=121)
	  Index Cond: (id = ANY ('{5046151,5990059,773157,5010281,868981,2835785,3137934,9275143,1755383,3192801}'::integer[]))

table 6 : explain SELECT c FROM sbtest6 WHERE id IN ( 5046151, 5990059, 773157, 5010281, 868981, 2835785, 3137934, 9275143, 1755383, 3192801)
	Index Scan using sbtest6_pkey on sbtest6  (cost=0.43..83.92 rows=10 width=121)
	  Index Cond: (id = ANY ('{5046151,5990059,773157,5010281,868981,2835785,3137934,9275143,1755383,3192801}'::integer[]))

table 7 : explain SELECT c FROM sbtest7 WHERE id IN ( 5046151, 5990059, 773157, 5010281, 868981, 2835785, 3137934, 9275143, 1755383, 3192801)
	Index Scan using sbtest7_pkey on sbtest7  (cost=0.43..83.89 rows=10 width=121)
	  Index Cond: (id = ANY ('{5046151,5990059,773157,5010281,868981,2835785,3137934,9275143,1755383,3192801}'::integer[]))

table 8 : explain SELECT c FROM sbtest8 WHERE id IN ( 5046151, 5990059, 773157, 5010281, 868981, 2835785, 3137934, 9275143, 1755383, 3192801)
	Index Scan using sbtest8_pkey on sbtest8  (cost=0.43..83.98 rows=10 width=121)
	  Index Cond: (id = ANY ('{5046151,5990059,773157,5010281,868981,2835785,3137934,9275143,1755383,3192801}'::integer[]))

for select-inlist
table 1 : explain SELECT c FROM sbtest1 WHERE id IN ( 3090713, 8663167, 6121629, 2314777, 5143182, 7005422, 6309638, 5781274, 6946891, 2606206)
	Index Scan using sbtest1_pkey on sbtest1  (cost=0.43..84.03 rows=10 width=121)
	  Index Cond: (id = ANY ('{3090713,8663167,6121629,2314777,5143182,7005422,6309638,5781274,6946891,2606206}'::integer[]))

table 2 : explain SELECT c FROM sbtest2 WHERE id IN ( 3090713, 8663167, 6121629, 2314777, 5143182, 7005422, 6309638, 5781274, 6946891, 2606206)
	Index Scan using sbtest2_pkey on sbtest2  (cost=0.43..83.93 rows=10 width=121)
	  Index Cond: (id = ANY ('{3090713,8663167,6121629,2314777,5143182,7005422,6309638,5781274,6946891,2606206}'::integer[]))

table 3 : explain SELECT c FROM sbtest3 WHERE id IN ( 3090713, 8663167, 6121629, 2314777, 5143182, 7005422, 6309638, 5781274, 6946891, 2606206)
	Index Scan using sbtest3_pkey on sbtest3  (cost=0.43..84.00 rows=10 width=121)
	  Index Cond: (id = ANY ('{3090713,8663167,6121629,2314777,5143182,7005422,6309638,5781274,6946891,2606206}'::integer[]))

table 4 : explain SELECT c FROM sbtest4 WHERE id IN ( 3090713, 8663167, 6121629, 2314777, 5143182, 7005422, 6309638, 5781274, 6946891, 2606206)
	Index Scan using sbtest4_pkey on sbtest4  (cost=0.43..84.00 rows=10 width=121)
	  Index Cond: (id = ANY ('{3090713,8663167,6121629,2314777,5143182,7005422,6309638,5781274,6946891,2606206}'::integer[]))

table 5 : explain SELECT c FROM sbtest5 WHERE id IN ( 3090713, 8663167, 6121629, 2314777, 5143182, 7005422, 6309638, 5781274, 6946891, 2606206)
	Index Scan using sbtest5_pkey on sbtest5  (cost=0.43..83.93 rows=10 width=121)
	  Index Cond: (id = ANY ('{3090713,8663167,6121629,2314777,5143182,7005422,6309638,5781274,6946891,2606206}'::integer[]))

table 6 : explain SELECT c FROM sbtest6 WHERE id IN ( 3090713, 8663167, 6121629, 2314777, 5143182, 7005422, 6309638, 5781274, 6946891, 2606206)
	Index Scan using sbtest6_pkey on sbtest6  (cost=0.43..83.92 rows=10 width=121)
	  Index Cond: (id = ANY ('{3090713,8663167,6121629,2314777,5143182,7005422,6309638,5781274,6946891,2606206}'::integer[]))

table 7 : explain SELECT c FROM sbtest7 WHERE id IN ( 3090713, 8663167, 6121629, 2314777, 5143182, 7005422, 6309638, 5781274, 6946891, 2606206)
	Index Scan using sbtest7_pkey on sbtest7  (cost=0.43..83.89 rows=10 width=121)
	  Index Cond: (id = ANY ('{3090713,8663167,6121629,2314777,5143182,7005422,6309638,5781274,6946891,2606206}'::integer[]))

table 8 : explain SELECT c FROM sbtest8 WHERE id IN ( 3090713, 8663167, 6121629, 2314777, 5143182, 7005422, 6309638, 5781274, 6946891, 2606206)
	Index Scan using sbtest8_pkey on sbtest8  (cost=0.43..83.98 rows=10 width=121)
	  Index Cond: (id = ANY ('{3090713,8663167,6121629,2314777,5143182,7005422,6309638,5781274,6946891,2606206}'::integer[]))

for select-inlist
table 1 : explain SELECT c FROM sbtest1 WHERE id IN ( 927007, 5626689, 8107710, 5449562, 8667296, 7537744, 2165094, 1411785, 3064514, 6902383)
	Index Scan using sbtest1_pkey on sbtest1  (cost=0.43..84.03 rows=10 width=121)
	  Index Cond: (id = ANY ('{927007,5626689,8107710,5449562,8667296,7537744,2165094,1411785,3064514,6902383}'::integer[]))

table 2 : explain SELECT c FROM sbtest2 WHERE id IN ( 927007, 5626689, 8107710, 5449562, 8667296, 7537744, 2165094, 1411785, 3064514, 6902383)
	Index Scan using sbtest2_pkey on sbtest2  (cost=0.43..83.93 rows=10 width=121)
	  Index Cond: (id = ANY ('{927007,5626689,8107710,5449562,8667296,7537744,2165094,1411785,3064514,6902383}'::integer[]))

table 3 : explain SELECT c FROM sbtest3 WHERE id IN ( 927007, 5626689, 8107710, 5449562, 8667296, 7537744, 2165094, 1411785, 3064514, 6902383)
	Index Scan using sbtest3_pkey on sbtest3  (cost=0.43..84.00 rows=10 width=121)
	  Index Cond: (id = ANY ('{927007,5626689,8107710,5449562,8667296,7537744,2165094,1411785,3064514,6902383}'::integer[]))

table 4 : explain SELECT c FROM sbtest4 WHERE id IN ( 927007, 5626689, 8107710, 5449562, 8667296, 7537744, 2165094, 1411785, 3064514, 6902383)
	Index Scan using sbtest4_pkey on sbtest4  (cost=0.43..84.00 rows=10 width=121)
	  Index Cond: (id = ANY ('{927007,5626689,8107710,5449562,8667296,7537744,2165094,1411785,3064514,6902383}'::integer[]))

table 5 : explain SELECT c FROM sbtest5 WHERE id IN ( 927007, 5626689, 8107710, 5449562, 8667296, 7537744, 2165094, 1411785, 3064514, 6902383)
	Index Scan using sbtest5_pkey on sbtest5  (cost=0.43..83.93 rows=10 width=121)
	  Index Cond: (id = ANY ('{927007,5626689,8107710,5449562,8667296,7537744,2165094,1411785,3064514,6902383}'::integer[]))

table 6 : explain SELECT c FROM sbtest6 WHERE id IN ( 927007, 5626689, 8107710, 5449562, 8667296, 7537744, 2165094, 1411785, 3064514, 6902383)
	Index Scan using sbtest6_pkey on sbtest6  (cost=0.43..83.92 rows=10 width=121)
	  Index Cond: (id = ANY ('{927007,5626689,8107710,5449562,8667296,7537744,2165094,1411785,3064514,6902383}'::integer[]))

table 7 : explain SELECT c FROM sbtest7 WHERE id IN ( 927007, 5626689, 8107710, 5449562, 8667296, 7537744, 2165094, 1411785, 3064514, 6902383)
	Index Scan using sbtest7_pkey on sbtest7  (cost=0.43..83.89 rows=10 width=121)
	  Index Cond: (id = ANY ('{927007,5626689,8107710,5449562,8667296,7537744,2165094,1411785,3064514,6902383}'::integer[]))

table 8 : explain SELECT c FROM sbtest8 WHERE id IN ( 927007, 5626689, 8107710, 5449562, 8667296, 7537744, 2165094, 1411785, 3064514, 6902383)
	Index Scan using sbtest8_pkey on sbtest8  (cost=0.43..83.98 rows=10 width=121)
	  Index Cond: (id = ANY ('{927007,5626689,8107710,5449562,8667296,7537744,2165094,1411785,3064514,6902383}'::integer[]))

explain: for select-inlist :: explain SELECT c FROM sbtest%d WHERE id IN ( 4164748, 6569309, 798978, 3290496, 8451952, 9678031, 2045241, 1381914, 6873742, 991520)
for select-inlist
table 1 : explain SELECT c FROM sbtest1 WHERE id IN ( 4164748, 6569309, 798978, 3290496, 8451952, 9678031, 2045241, 1381914, 6873742, 991520)
	Index Scan using sbtest1_pkey on sbtest1  (cost=0.43..84.03 rows=10 width=121)
	  Index Cond: (id = ANY ('{4164748,6569309,798978,3290496,8451952,9678031,2045241,1381914,6873742,991520}'::integer[]))

table 2 : explain SELECT c FROM sbtest2 WHERE id IN ( 4164748, 6569309, 798978, 3290496, 8451952, 9678031, 2045241, 1381914, 6873742, 991520)
	Index Scan using sbtest2_pkey on sbtest2  (cost=0.43..83.93 rows=10 width=121)
	  Index Cond: (id = ANY ('{4164748,6569309,798978,3290496,8451952,9678031,2045241,1381914,6873742,991520}'::integer[]))

table 3 : explain SELECT c FROM sbtest3 WHERE id IN ( 4164748, 6569309, 798978, 3290496, 8451952, 9678031, 2045241, 1381914, 6873742, 991520)
	Index Scan using sbtest3_pkey on sbtest3  (cost=0.43..84.00 rows=10 width=121)
	  Index Cond: (id = ANY ('{4164748,6569309,798978,3290496,8451952,9678031,2045241,1381914,6873742,991520}'::integer[]))

table 4 : explain SELECT c FROM sbtest4 WHERE id IN ( 4164748, 6569309, 798978, 3290496, 8451952, 9678031, 2045241, 1381914, 6873742, 991520)
	Index Scan using sbtest4_pkey on sbtest4  (cost=0.43..84.00 rows=10 width=121)
	  Index Cond: (id = ANY ('{4164748,6569309,798978,3290496,8451952,9678031,2045241,1381914,6873742,991520}'::integer[]))

table 5 : explain SELECT c FROM sbtest5 WHERE id IN ( 4164748, 6569309, 798978, 3290496, 8451952, 9678031, 2045241, 1381914, 6873742, 991520)
	Index Scan using sbtest5_pkey on sbtest5  (cost=0.43..83.93 rows=10 width=121)
	  Index Cond: (id = ANY ('{4164748,6569309,798978,3290496,8451952,9678031,2045241,1381914,6873742,991520}'::integer[]))

table 6 : explain SELECT c FROM sbtest6 WHERE id IN ( 4164748, 6569309, 798978, 3290496, 8451952, 9678031, 2045241, 1381914, 6873742, 991520)
	Index Scan using sbtest6_pkey on sbtest6  (cost=0.43..83.92 rows=10 width=121)
	  Index Cond: (id = ANY ('{4164748,6569309,798978,3290496,8451952,9678031,2045241,1381914,6873742,991520}'::integer[]))

table 7 : explain SELECT c FROM sbtest7 WHERE id IN ( 4164748, 6569309, 798978, 3290496, 8451952, 9678031, 2045241, 1381914, 6873742, 991520)
	Index Scan using sbtest7_pkey on sbtest7  (cost=0.43..83.89 rows=10 width=121)
	  Index Cond: (id = ANY ('{4164748,6569309,798978,3290496,8451952,9678031,2045241,1381914,6873742,991520}'::integer[]))

table 8 : explain SELECT c FROM sbtest8 WHERE id IN ( 4164748, 6569309, 798978, 3290496, 8451952, 9678031, 2045241, 1381914, 6873742, 991520)
	Index Scan using sbtest8_pkey on sbtest8  (cost=0.43..83.98 rows=10 width=121)
	  Index Cond: (id = ANY ('{4164748,6569309,798978,3290496,8451952,9678031,2045241,1381914,6873742,991520}'::integer[]))

explain: for select-inlist :: explain SELECT c FROM sbtest%d WHERE id IN ( 2147255, 7102707, 9572006, 4620640, 7628606, 394559, 5049216, 9119688, 1430759, 2576006)
for select-inlist
table 1 : explain SELECT c FROM sbtest1 WHERE id IN ( 2147255, 7102707, 9572006, 4620640, 7628606, 394559, 5049216, 9119688, 1430759, 2576006)
	Index Scan using sbtest1_pkey on sbtest1  (cost=0.43..84.03 rows=10 width=121)
	  Index Cond: (id = ANY ('{2147255,7102707,9572006,4620640,7628606,394559,5049216,9119688,1430759,2576006}'::integer[]))

table 2 : explain SELECT c FROM sbtest2 WHERE id IN ( 2147255, 7102707, 9572006, 4620640, 7628606, 394559, 5049216, 9119688, 1430759, 2576006)
	Index Scan using sbtest2_pkey on sbtest2  (cost=0.43..83.93 rows=10 width=121)
	  Index Cond: (id = ANY ('{2147255,7102707,9572006,4620640,7628606,394559,5049216,9119688,1430759,2576006}'::integer[]))

table 3 : explain SELECT c FROM sbtest3 WHERE id IN ( 2147255, 7102707, 9572006, 4620640, 7628606, 394559, 5049216, 9119688, 1430759, 2576006)
	Index Scan using sbtest3_pkey on sbtest3  (cost=0.43..84.00 rows=10 width=121)
	  Index Cond: (id = ANY ('{2147255,7102707,9572006,4620640,7628606,394559,5049216,9119688,1430759,2576006}'::integer[]))

table 4 : explain SELECT c FROM sbtest4 WHERE id IN ( 2147255, 7102707, 9572006, 4620640, 7628606, 394559, 5049216, 9119688, 1430759, 2576006)
	Index Scan using sbtest4_pkey on sbtest4  (cost=0.43..84.00 rows=10 width=121)
	  Index Cond: (id = ANY ('{2147255,7102707,9572006,4620640,7628606,394559,5049216,9119688,1430759,2576006}'::integer[]))

table 5 : explain SELECT c FROM sbtest5 WHERE id IN ( 2147255, 7102707, 9572006, 4620640, 7628606, 394559, 5049216, 9119688, 1430759, 2576006)
	Index Scan using sbtest5_pkey on sbtest5  (cost=0.43..83.93 rows=10 width=121)
	  Index Cond: (id = ANY ('{2147255,7102707,9572006,4620640,7628606,394559,5049216,9119688,1430759,2576006}'::integer[]))

table 6 : explain SELECT c FROM sbtest6 WHERE id IN ( 2147255, 7102707, 9572006, 4620640, 7628606, 394559, 5049216, 9119688, 1430759, 2576006)
	Index Scan using sbtest6_pkey on sbtest6  (cost=0.43..83.92 rows=10 width=121)
	  Index Cond: (id = ANY ('{2147255,7102707,9572006,4620640,7628606,394559,5049216,9119688,1430759,2576006}'::integer[]))

table 7 : explain SELECT c FROM sbtest7 WHERE id IN ( 2147255, 7102707, 9572006, 4620640, 7628606, 394559, 5049216, 9119688, 1430759, 2576006)
	Index Scan using sbtest7_pkey on sbtest7  (cost=0.43..83.89 rows=10 width=121)
	  Index Cond: (id = ANY ('{2147255,7102707,9572006,4620640,7628606,394559,5049216,9119688,1430759,2576006}'::integer[]))

table 8 : explain SELECT c FROM sbtest8 WHERE id IN ( 2147255, 7102707, 9572006, 4620640, 7628606, 394559, 5049216, 9119688, 1430759, 2576006)
	Index Scan using sbtest8_pkey on sbtest8  (cost=0.43..83.98 rows=10 width=121)
	  Index Cond: (id = ANY ('{2147255,7102707,9572006,4620640,7628606,394559,5049216,9119688,1430759,2576006}'::integer[]))

explain: for select-inlist :: explain SELECT c FROM sbtest%d WHERE id IN ( 2118613, 9119363, 854458, 3333531, 3460389, 5934447, 2739833, 380391, 4476671, 4978377)
for select-inlist
table 1 : explain SELECT c FROM sbtest1 WHERE id IN ( 2118613, 9119363, 854458, 3333531, 3460389, 5934447, 2739833, 380391, 4476671, 4978377)
	Index Scan using sbtest1_pkey on sbtest1  (cost=0.43..84.03 rows=10 width=121)
	  Index Cond: (id = ANY ('{2118613,9119363,854458,3333531,3460389,5934447,2739833,380391,4476671,4978377}'::integer[]))

table 2 : explain SELECT c FROM sbtest2 WHERE id IN ( 2118613, 9119363, 854458, 3333531, 3460389, 5934447, 2739833, 380391, 4476671, 4978377)
	Index Scan using sbtest2_pkey on sbtest2  (cost=0.43..83.93 rows=10 width=121)
	  Index Cond: (id = ANY ('{2118613,9119363,854458,3333531,3460389,5934447,2739833,380391,4476671,4978377}'::integer[]))

table 3 : explain SELECT c FROM sbtest3 WHERE id IN ( 2118613, 9119363, 854458, 3333531, 3460389, 5934447, 2739833, 380391, 4476671, 4978377)
	Index Scan using sbtest3_pkey on sbtest3  (cost=0.43..84.00 rows=10 width=121)
	  Index Cond: (id = ANY ('{2118613,9119363,854458,3333531,3460389,5934447,2739833,380391,4476671,4978377}'::integer[]))

table 4 : explain SELECT c FROM sbtest4 WHERE id IN ( 2118613, 9119363, 854458, 3333531, 3460389, 5934447, 2739833, 380391, 4476671, 4978377)
	Index Scan using sbtest4_pkey on sbtest4  (cost=0.43..84.00 rows=10 width=121)
	  Index Cond: (id = ANY ('{2118613,9119363,854458,3333531,3460389,5934447,2739833,380391,4476671,4978377}'::integer[]))

table 5 : explain SELECT c FROM sbtest5 WHERE id IN ( 2118613, 9119363, 854458, 3333531, 3460389, 5934447, 2739833, 380391, 4476671, 4978377)
	Index Scan using sbtest5_pkey on sbtest5  (cost=0.43..83.93 rows=10 width=121)
	  Index Cond: (id = ANY ('{2118613,9119363,854458,3333531,3460389,5934447,2739833,380391,4476671,4978377}'::integer[]))

table 6 : explain SELECT c FROM sbtest6 WHERE id IN ( 2118613, 9119363, 854458, 3333531, 3460389, 5934447, 2739833, 380391, 4476671, 4978377)
	Index Scan using sbtest6_pkey on sbtest6  (cost=0.43..83.92 rows=10 width=121)
	  Index Cond: (id = ANY ('{2118613,9119363,854458,3333531,3460389,5934447,2739833,380391,4476671,4978377}'::integer[]))

table 7 : explain SELECT c FROM sbtest7 WHERE id IN ( 2118613, 9119363, 854458, 3333531, 3460389, 5934447, 2739833, 380391, 4476671, 4978377)
	Index Scan using sbtest7_pkey on sbtest7  (cost=0.43..83.89 rows=10 width=121)
	  Index Cond: (id = ANY ('{2118613,9119363,854458,3333531,3460389,5934447,2739833,380391,4476671,4978377}'::integer[]))

table 8 : explain SELECT c FROM sbtest8 WHERE id IN ( 2118613, 9119363, 854458, 3333531, 3460389, 5934447, 2739833, 380391, 4476671, 4978377)
	Index Scan using sbtest8_pkey on sbtest8  (cost=0.43..83.98 rows=10 width=121)
	  Index Cond: (id = ANY ('{2118613,9119363,854458,3333531,3460389,5934447,2739833,380391,4476671,4978377}'::integer[]))

Threads started!

Warming up for 5 seconds...

SQL statistics:
    queries performed:
        read:                            297709736
        write:                           0
        other:                           0
        total:                           297709736
    transactions:                        297709737 (472547.98 per sec.)
    queries:                             297709736 (472547.98 per sec.)
    ignored errors:                      0      (0.00 per sec.)
    reconnects:                          0      (0.00 per sec.)

Throughput:
    events/s (eps):                      472547.9824
    time elapsed:                        630.0096s
    total number of events:              297709737

Latency (ms):
         min:                                    0.07
         avg:                                    0.08
         max:                                   16.15
         95th percentile:                        0.09
         sum:                             25031080.41

Threads fairness:
    events (avg/stddev):           7442736.2500/51897.79
    execution time (avg/stddev):   625.7770/0.16

