LUA_PATH=/home/mdcallag/git/mytools/bench/sysbench.lua/lua/?.lua /home/mdcallag/git/mytools/bench/sysbench.lua/lua/sysbench --db-driver=pgsql --range-size=100 --table-size=10000000 --tables=8 --threads=40 --events=0 --warmup-time=5 --time=630 --pgsql_conn_id=true /home/mdcallag/git/mytools/bench/sysbench.lua/lua/oltp_read_only.lua run --pgsql-user=root --pgsql-password=pw --pgsql-host=127.0.0.1 --pgsql-db=ib --rand-type=uniform
48 CPUs
sysbench 1.1.0-9072687 (using bundled LuaJIT 2.1.0-beta3)

Running the test with following options:
Number of threads: 40
Warmup time: 5s
Initializing random number generator from current time


Initializing worker threads...

explain: for point_selects :: explain SELECT c FROM sbtest%u WHERE id=%u
explain: for point_selects :: explain SELECT c FROM sbtest%u WHERE id=%u
explain: for point_selects :: explain SELECT c FROM sbtest%u WHERE id=%u
explain: for point_selects :: explain SELECT c FROM sbtest%u WHERE id=%u
explain: for point_selects :: explain SELECT c FROM sbtest%u WHERE id=%u
explain: for point_selects :: explain SELECT c FROM sbtest%u WHERE id=%u
for point_selects
table 1 : explain SELECT c FROM sbtest1 WHERE id=134337
	Index Scan using sbtest1_pkey on sbtest1  (cost=0.43..8.45 rows=1 width=121)
	  Index Cond: (id = 134337)

table 2 : explain SELECT c FROM sbtest2 WHERE id=1393091
	Index Scan using sbtest2_pkey on sbtest2  (cost=0.43..8.45 rows=1 width=121)
	  Index Cond: (id = 1393091)

table 3 : explain SELECT c FROM sbtest3 WHERE id=6516712
	Index Scan using sbtest3_pkey on sbtest3  (cost=0.43..8.45 rows=1 width=121)
	  Index Cond: (id = 6516712)

table 4 : explain SELECT c FROM sbtest4 WHERE id=7134988
	Index Scan using sbtest4_pkey on sbtest4  (cost=0.43..8.45 rows=1 width=121)
	  Index Cond: (id = 7134988)

table 5 : explain SELECT c FROM sbtest5 WHERE id=8367682
	Index Scan using sbtest5_pkey on sbtest5  (cost=0.43..8.45 rows=1 width=121)
	  Index Cond: (id = 8367682)

table 6 : explain SELECT c FROM sbtest6 WHERE id=2490835
	Index Scan using sbtest6_pkey on sbtest6  (cost=0.43..8.45 rows=1 width=121)
	  Index Cond: (id = 2490835)

table 7 : explain SELECT c FROM sbtest7 WHERE id=9820341
	Index Scan using sbtest7_pkey on sbtest7  (cost=0.43..8.45 rows=1 width=121)
	  Index Cond: (id = 9820341)

table 8 : explain SELECT c FROM sbtest8 WHERE id=5238145
	Index Scan using sbtest8_pkey on sbtest8  (cost=0.43..8.45 rows=1 width=121)
	  Index Cond: (id = 5238145)

for point_selects
table 1 : explain SELECT c FROM sbtest1 WHERE id=4128069
	Index Scan using sbtest1_pkey on sbtest1  (cost=0.43..8.45 rows=1 width=121)
	  Index Cond: (id = 4128069)

table 2 : explain SELECT c FROM sbtest2 WHERE id=617764
	Index Scan using sbtest2_pkey on sbtest2  (cost=0.43..8.45 rows=1 width=121)
	  Index Cond: (id = 617764)

table 3 : explain SELECT c FROM sbtest3 WHERE id=5336687
	Index Scan using sbtest3_pkey on sbtest3  (cost=0.43..8.45 rows=1 width=121)
	  Index Cond: (id = 5336687)

table 4 : explain SELECT c FROM sbtest4 WHERE id=8357712
	Index Scan using sbtest4_pkey on sbtest4  (cost=0.43..8.45 rows=1 width=121)
	  Index Cond: (id = 8357712)

table 5 : explain SELECT c FROM sbtest5 WHERE id=595466
	Index Scan using sbtest5_pkey on sbtest5  (cost=0.43..8.45 rows=1 width=121)
	  Index Cond: (id = 595466)

table 6 : explain SELECT c FROM sbtest6 WHERE id=443335
	Index Scan using sbtest6_pkey on sbtest6  (cost=0.43..8.45 rows=1 width=121)
	  Index Cond: (id = 443335)

table 7 : explain SELECT c FROM sbtest7 WHERE id=4100958
	Index Scan using sbtest7_pkey on sbtest7  (cost=0.43..8.45 rows=1 width=121)
	  Index Cond: (id = 4100958)

table 8 : explain SELECT c FROM sbtest8 WHERE id=4617210
	Index Scan using sbtest8_pkey on sbtest8  (cost=0.43..8.45 rows=1 width=121)
	  Index Cond: (id = 4617210)

for: simple_ranges
table 1 : explain SELECT c FROM sbtest1 WHERE id BETWEEN 9242143 AND 9242242
	Index Scan using sbtest1_pkey on sbtest1  (cost=0.43..377.23 rows=94 width=121)
	  Index Cond: ((id >= 9242143) AND (id <= 9242242))

table 2 : explain SELECT c FROM sbtest2 WHERE id BETWEEN 845988 AND 846087
	Index Scan using sbtest2_pkey on sbtest2  (cost=0.43..415.73 rows=104 width=121)
	  Index Cond: ((id >= 845988) AND (id <= 846087))

table 3 : explain SELECT c FROM sbtest3 WHERE id BETWEEN 9594151 AND 9594250
	Index Scan using sbtest3_pkey on sbtest3  (cost=0.43..412.58 rows=103 width=121)
	  Index Cond: ((id >= 9594151) AND (id <= 9594250))

table 4 : explain SELECT c FROM sbtest4 WHERE id BETWEEN 9614066 AND 9614165
	Index Scan using sbtest4_pkey on sbtest4  (cost=0.43..404.63 rows=101 width=121)
	  Index Cond: ((id >= 9614066) AND (id <= 9614165))

table 5 : explain SELECT c FROM sbtest5 WHERE id BETWEEN 8349532 AND 8349631
	Index Scan using sbtest5_pkey on sbtest5  (cost=0.43..415.72 rows=104 width=121)
	  Index Cond: ((id >= 8349532) AND (id <= 8349631))

table 6 : explain SELECT c FROM sbtest6 WHERE id BETWEEN 7292826 AND 7292925
	Index Scan using sbtest6_pkey on sbtest6  (cost=0.43..399.81 rows=100 width=121)
	  Index Cond: ((id >= 7292826) AND (id <= 7292925))

table 7 : explain SELECT c FROM sbtest7 WHERE id BETWEEN 5185423 AND 5185522
	Index Scan using sbtest7_pkey on sbtest7  (cost=0.43..391.55 rows=98 width=121)
	  Index Cond: ((id >= 5185423) AND (id <= 5185522))

table 8 : explain SELECT c FROM sbtest8 WHERE id BETWEEN 4433103 AND 4433202
	Index Scan using sbtest8_pkey on sbtest8  (cost=0.43..396.47 rows=99 width=121)
	  Index Cond: ((id >= 4433103) AND (id <= 4433202))

for point_selects
table 1 : explain SELECT c FROM sbtest1 WHERE id=1129282
	Index Scan using sbtest1_pkey on sbtest1  (cost=0.43..8.45 rows=1 width=121)
	  Index Cond: (id = 1129282)

table 2 : explain SELECT c FROM sbtest2 WHERE id=5113817
	Index Scan using sbtest2_pkey on sbtest2  (cost=0.43..8.45 rows=1 width=121)
	  Index Cond: (id = 5113817)

table 3 : explain SELECT c FROM sbtest3 WHERE id=7742479
	Index Scan using sbtest3_pkey on sbtest3  (cost=0.43..8.45 rows=1 width=121)
	  Index Cond: (id = 7742479)

table 4 : explain SELECT c FROM sbtest4 WHERE id=5420596
	Index Scan using sbtest4_pkey on sbtest4  (cost=0.43..8.45 rows=1 width=121)
	  Index Cond: (id = 5420596)

table 5 : explain SELECT c FROM sbtest5 WHERE id=9469251
	Index Scan using sbtest5_pkey on sbtest5  (cost=0.43..8.45 rows=1 width=121)
	  Index Cond: (id = 9469251)

table 6 : explain SELECT c FROM sbtest6 WHERE id=954090
	Index Scan using sbtest6_pkey on sbtest6  (cost=0.43..8.45 rows=1 width=121)
	  Index Cond: (id = 954090)

table 7 : explain SELECT c FROM sbtest7 WHERE id=4798938
	Index Scan using sbtest7_pkey on sbtest7  (cost=0.43..8.45 rows=1 width=121)
	  Index Cond: (id = 4798938)

table 8 : explain SELECT c FROM sbtest8 WHERE id=8716726
	Index Scan using sbtest8_pkey on sbtest8  (cost=0.43..8.45 rows=1 width=121)
	  Index Cond: (id = 8716726)

for point_selects
table 1 : explain SELECT c FROM sbtest1 WHERE id=2942879
	Index Scan using sbtest1_pkey on sbtest1  (cost=0.43..8.45 rows=1 width=121)
	  Index Cond: (id = 2942879)

table 2 : explain SELECT c FROM sbtest2 WHERE id=9586010
	Index Scan using sbtest2_pkey on sbtest2  (cost=0.43..8.45 rows=1 width=121)
	  Index Cond: (id = 9586010)

table 3 : explain SELECT c FROM sbtest3 WHERE id=4434853
	Index Scan using sbtest3_pkey on sbtest3  (cost=0.43..8.45 rows=1 width=121)
	  Index Cond: (id = 4434853)

table 4 : explain SELECT c FROM sbtest4 WHERE id=150895
	Index Scan using sbtest4_pkey on sbtest4  (cost=0.43..8.45 rows=1 width=121)
	  Index Cond: (id = 150895)

table 5 : explain SELECT c FROM sbtest5 WHERE id=797953
	Index Scan using sbtest5_pkey on sbtest5  (cost=0.43..8.45 rows=1 width=121)
	  Index Cond: (id = 797953)

table 6 : explain SELECT c FROM sbtest6 WHERE id=72388
	Index Scan using sbtest6_pkey on sbtest6  (cost=0.43..8.45 rows=1 width=121)
	  Index Cond: (id = 72388)

table 7 : explain SELECT c FROM sbtest7 WHERE id=747924
	Index Scan using sbtest7_pkey on sbtest7  (cost=0.43..8.45 rows=1 width=121)
	  Index Cond: (id = 747924)

table 8 : explain SELECT c FROM sbtest8 WHERE id=4130788
	Index Scan using sbtest8_pkey on sbtest8  (cost=0.43..8.45 rows=1 width=121)
	  Index Cond: (id = 4130788)

for: simple_ranges
table 1 : explain SELECT c FROM sbtest1 WHERE id BETWEEN 1028220 AND 1028319
	Index Scan using sbtest1_pkey on sbtest1  (cost=0.43..381.20 rows=95 width=121)
	  Index Cond: ((id >= 1028220) AND (id <= 1028319))

table 2 : explain SELECT c FROM sbtest2 WHERE id BETWEEN 4462410 AND 4462509
	Index Scan using sbtest2_pkey on sbtest2  (cost=0.43..395.94 rows=99 width=121)
	  Index Cond: ((id >= 4462410) AND (id <= 4462509))

table 3 : explain SELECT c FROM sbtest3 WHERE id BETWEEN 3284706 AND 3284805
	Index Scan using sbtest3_pkey on sbtest3  (cost=0.43..372.95 rows=93 width=121)
	  Index Cond: ((id >= 3284706) AND (id <= 3284805))

table 4 : explain SELECT c FROM sbtest4 WHERE id BETWEEN 7026070 AND 7026169
	Index Scan using sbtest4_pkey on sbtest4  (cost=0.43..388.77 rows=97 width=121)
	  Index Cond: ((id >= 7026070) AND (id <= 7026169))

table 5 : explain SELECT c FROM sbtest5 WHERE id BETWEEN 7573128 AND 7573227
	Index Scan using sbtest5_pkey on sbtest5  (cost=0.43..372.22 rows=93 width=121)
	  Index Cond: ((id >= 7573128) AND (id <= 7573227))

table 6 : explain SELECT c FROM sbtest6 WHERE id BETWEEN 4822495 AND 4822594
	Index Scan using sbtest6_pkey on sbtest6  (cost=0.43..391.89 rows=98 width=121)
	  Index Cond: ((id >= 4822495) AND (id <= 4822594))

table 7 : explain SELECT c FROM sbtest7 WHERE id BETWEEN 8709260 AND 8709359
	Index Scan using sbtest7_pkey on sbtest7  (cost=0.43..371.81 rows=93 width=121)
	  Index Cond: ((id >= 8709260) AND (id <= 8709359))

table 8 : explain SELECT c FROM sbtest8 WHERE id BETWEEN 1201297 AND 1201396
	Index Scan using sbtest8_pkey on sbtest8  (cost=0.43..440.02 rows=110 width=121)
	  Index Cond: ((id >= 1201297) AND (id <= 1201396))

for: simple_ranges
table 1 : explain SELECT c FROM sbtest1 WHERE id BETWEEN 4990457 AND 4990556
	Index Scan using sbtest1_pkey on sbtest1  (cost=0.43..381.20 rows=95 width=121)
	  Index Cond: ((id >= 4990457) AND (id <= 4990556))

table 2 : explain SELECT c FROM sbtest2 WHERE id BETWEEN 7452008 AND 7452107
	Index Scan using sbtest2_pkey on sbtest2  (cost=0.43..407.82 rows=102 width=121)
	  Index Cond: ((id >= 7452008) AND (id <= 7452107))

table 3 : explain SELECT c FROM sbtest3 WHERE id BETWEEN 9697764 AND 9697863
	Index Scan using sbtest3_pkey on sbtest3  (cost=0.43..400.68 rows=100 width=121)
	  Index Cond: ((id >= 9697764) AND (id <= 9697863))

table 4 : explain SELECT c FROM sbtest4 WHERE id BETWEEN 1818633 AND 1818732
	Index Scan using sbtest4_pkey on sbtest4  (cost=0.43..357.08 rows=89 width=121)
	  Index Cond: ((id >= 1818633) AND (id <= 1818732))

table 5 : explain SELECT c FROM sbtest5 WHERE id BETWEEN 5940425 AND 5940524
	Index Scan using sbtest5_pkey on sbtest5  (cost=0.43..435.49 rows=109 width=121)
	  Index Cond: ((id >= 5940425) AND (id <= 5940524))

table 6 : explain SELECT c FROM sbtest6 WHERE id BETWEEN 2800022 AND 2800121
	Index Scan using sbtest6_pkey on sbtest6  (cost=0.43..387.93 rows=97 width=121)
	  Index Cond: ((id >= 2800022) AND (id <= 2800121))

table 7 : explain SELECT c FROM sbtest7 WHERE id BETWEEN 1847445 AND 1847544
	Index Scan using sbtest7_pkey on sbtest7  (cost=0.43..395.52 rows=99 width=121)
	  Index Cond: ((id >= 1847445) AND (id <= 1847544))

table 8 : explain SELECT c FROM sbtest8 WHERE id BETWEEN 8571477 AND 8571576
	Index Scan using sbtest8_pkey on sbtest8  (cost=0.43..392.50 rows=98 width=121)
	  Index Cond: ((id >= 8571477) AND (id <= 8571576))

explain: for point_selects :: explain SELECT c FROM sbtest%u WHERE id=%u
explain: for point_selects :: explain SELECT c FROM sbtest%u WHERE id=%u
for point_selects
table 1 : explain SELECT c FROM sbtest1 WHERE id=4736790
	Index Scan using sbtest1_pkey on sbtest1  (cost=0.43..8.45 rows=1 width=121)
	  Index Cond: (id = 4736790)

table 2 : explain SELECT c FROM sbtest2 WHERE id=9898858
	Index Scan using sbtest2_pkey on sbtest2  (cost=0.43..8.45 rows=1 width=121)
	  Index Cond: (id = 9898858)

table 3 : explain SELECT c FROM sbtest3 WHERE id=2502142
	Index Scan using sbtest3_pkey on sbtest3  (cost=0.43..8.45 rows=1 width=121)
	  Index Cond: (id = 2502142)

table 4 : explain SELECT c FROM sbtest4 WHERE id=3289421
	Index Scan using sbtest4_pkey on sbtest4  (cost=0.43..8.45 rows=1 width=121)
	  Index Cond: (id = 3289421)

table 5 : explain SELECT c FROM sbtest5 WHERE id=2600628
	Index Scan using sbtest5_pkey on sbtest5  (cost=0.43..8.45 rows=1 width=121)
	  Index Cond: (id = 2600628)

table 6 : explain SELECT c FROM sbtest6 WHERE id=9007642
	Index Scan using sbtest6_pkey on sbtest6  (cost=0.43..8.45 rows=1 width=121)
	  Index Cond: (id = 9007642)

table 7 : explain SELECT c FROM sbtest7 WHERE id=8842358
	Index Scan using sbtest7_pkey on sbtest7  (cost=0.43..8.45 rows=1 width=121)
	  Index Cond: (id = 8842358)

table 8 : explain SELECT c FROM sbtest8 WHERE id=7401745
	Index Scan using sbtest8_pkey on sbtest8  (cost=0.43..8.45 rows=1 width=121)
	  Index Cond: (id = 7401745)

for: simple_ranges
table 1 : explain SELECT c FROM sbtest1 WHERE id BETWEEN 5811060 AND 5811159
	Index Scan using sbtest1_pkey on sbtest1  (cost=0.43..393.09 rows=98 width=121)
	  Index Cond: ((id >= 5811060) AND (id <= 5811159))

table 2 : explain SELECT c FROM sbtest2 WHERE id BETWEEN 6038421 AND 6038520
	Index Scan using sbtest2_pkey on sbtest2  (cost=0.43..399.90 rows=100 width=121)
	  Index Cond: ((id >= 6038421) AND (id <= 6038520))

table 3 : explain SELECT c FROM sbtest3 WHERE id BETWEEN 527770 AND 527869
	Index Scan using sbtest3_pkey on sbtest3  (cost=0.43..392.76 rows=98 width=121)
	  Index Cond: ((id >= 527770) AND (id <= 527869))

table 4 : explain SELECT c FROM sbtest4 WHERE id BETWEEN 4941842 AND 4941941
	Index Scan using sbtest4_pkey on sbtest4  (cost=0.43..416.51 rows=104 width=121)
	  Index Cond: ((id >= 4941842) AND (id <= 4941941))

table 5 : explain SELECT c FROM sbtest5 WHERE id BETWEEN 5105239 AND 5105338
	Index Scan using sbtest5_pkey on sbtest5  (cost=0.43..415.72 rows=104 width=121)
	  Index Cond: ((id >= 5105239) AND (id <= 5105338))

table 6 : explain SELECT c FROM sbtest6 WHERE id BETWEEN 9772498 AND 9772597
	Index Scan using sbtest6_pkey on sbtest6  (cost=0.43..387.93 rows=97 width=121)
	  Index Cond: ((id >= 9772498) AND (id <= 9772597))

table 7 : explain SELECT c FROM sbtest7 WHERE id BETWEEN 1680486 AND 1680585
	Index Scan using sbtest7_pkey on sbtest7  (cost=0.43..391.55 rows=98 width=121)
	  Index Cond: ((id >= 1680486) AND (id <= 1680585))

table 8 : explain SELECT c FROM sbtest8 WHERE id BETWEEN 381639 AND 381738
	Index Scan using sbtest8_pkey on sbtest8  (cost=0.43..440.02 rows=110 width=121)
	  Index Cond: ((id >= 381639) AND (id <= 381738))

for point_selects
table 1 : explain SELECT c FROM sbtest1 WHERE id=1740028
	Index Scan using sbtest1_pkey on sbtest1  (cost=0.43..8.45 rows=1 width=121)
	  Index Cond: (id = 1740028)

table 2 : explain SELECT c FROM sbtest2 WHERE id=9289897
	Index Scan using sbtest2_pkey on sbtest2  (cost=0.43..8.45 rows=1 width=121)
	  Index Cond: (id = 9289897)

table 3 : explain SELECT c FROM sbtest3 WHERE id=8453567
	Index Scan using sbtest3_pkey on sbtest3  (cost=0.43..8.45 rows=1 width=121)
	  Index Cond: (id = 8453567)

table 4 : explain SELECT c FROM sbtest4 WHERE id=3328422
	Index Scan using sbtest4_pkey on sbtest4  (cost=0.43..8.45 rows=1 width=121)
	  Index Cond: (id = 3328422)

table 5 : explain SELECT c FROM sbtest5 WHERE id=3584133
	Index Scan using sbtest5_pkey on sbtest5  (cost=0.43..8.45 rows=1 width=121)
	  Index Cond: (id = 3584133)

table 6 : explain SELECT c FROM sbtest6 WHERE id=2715591
	Index Scan using sbtest6_pkey on sbtest6  (cost=0.43..8.45 rows=1 width=121)
	  Index Cond: (id = 2715591)

table 7 : explain SELECT c FROM sbtest7 WHERE id=3201342
	Index Scan using sbtest7_pkey on sbtest7  (cost=0.43..8.45 rows=1 width=121)
	  Index Cond: (id = 3201342)

table 8 : explain SELECT c FROM sbtest8 WHERE id=4305428
	Index Scan using sbtest8_pkey on sbtest8  (cost=0.43..8.45 rows=1 width=121)
	  Index Cond: (id = 4305428)

for: simple_ranges
table 1 : explain SELECT c FROM sbtest1 WHERE id BETWEEN 7427934 AND 7428033
	Index Scan using sbtest1_pkey on sbtest1  (cost=0.43..381.20 rows=95 width=121)
	  Index Cond: ((id >= 7427934) AND (id <= 7428033))

table 2 : explain SELECT c FROM sbtest2 WHERE id BETWEEN 3809411 AND 3809510
	Index Scan using sbtest2_pkey on sbtest2  (cost=0.43..435.49 rows=109 width=121)
	  Index Cond: ((id >= 3809411) AND (id <= 3809510))

table 3 : explain SELECT c FROM sbtest3 WHERE id BETWEEN 2840986 AND 2841085
	Index Scan using sbtest3_pkey on sbtest3  (cost=0.43..388.79 rows=97 width=121)
	  Index Cond: ((id >= 2840986) AND (id <= 2841085))

table 4 : explain SELECT c FROM sbtest4 WHERE id BETWEEN 2193771 AND 2193870
	Index Scan using sbtest4_pkey on sbtest4  (cost=0.43..388.77 rows=97 width=121)
	  Index Cond: ((id >= 2193771) AND (id <= 2193870))

table 5 : explain SELECT c FROM sbtest5 WHERE id BETWEEN 4439383 AND 4439482
	Index Scan using sbtest5_pkey on sbtest5  (cost=0.43..399.91 rows=100 width=121)
	  Index Cond: ((id >= 4439383) AND (id <= 4439482))

table 6 : explain SELECT c FROM sbtest6 WHERE id BETWEEN 7552953 AND 7553052
	Index Scan using sbtest6_pkey on sbtest6  (cost=0.43..403.76 rows=101 width=121)
	  Index Cond: ((id >= 7552953) AND (id <= 7553052))

table 7 : explain SELECT c FROM sbtest7 WHERE id BETWEEN 5956825 AND 5956924
	Index Scan using sbtest7_pkey on sbtest7  (cost=0.43..399.47 rows=100 width=121)
	  Index Cond: ((id >= 5956825) AND (id <= 5956924))

table 8 : explain SELECT c FROM sbtest8 WHERE id BETWEEN 2247477 AND 2247576
	Index Scan using sbtest8_pkey on sbtest8  (cost=0.43..388.54 rows=97 width=121)
	  Index Cond: ((id >= 2247477) AND (id <= 2247576))

for: sum_ranges
table 1 : explain SELECT SUM(k) FROM sbtest1 WHERE id BETWEEN 8765498 AND 8765597
	Aggregate  (cost=413.19..413.20 rows=1 width=8)
	  ->  Index Scan using sbtest1_pkey on sbtest1  (cost=0.43..412.93 rows=103 width=4)
	        Index Cond: ((id >= 8765498) AND (id <= 8765597))

table 2 : explain SELECT SUM(k) FROM sbtest2 WHERE id BETWEEN 6388105 AND 6388204
	Aggregate  (cost=392.23..392.24 rows=1 width=8)
	  ->  Index Scan using sbtest2_pkey on sbtest2  (cost=0.43..391.99 rows=98 width=4)
	        Index Cond: ((id >= 6388105) AND (id <= 6388204))

table 3 : explain SELECT SUM(k) FROM sbtest3 WHERE id BETWEEN 325714 AND 325813
	Aggregate  (cost=393.00..393.01 rows=1 width=8)
	  ->  Index Scan using sbtest3_pkey on sbtest3  (cost=0.43..392.76 rows=98 width=4)
	        Index Cond: ((id >= 325714) AND (id <= 325813))

table 4 : explain SELECT SUM(k) FROM sbtest4 WHERE id BETWEEN 3275473 AND 3275572
	Aggregate  (cost=361.26..361.27 rows=1 width=8)
	  ->  Index Scan using sbtest4_pkey on sbtest4  (cost=0.43..361.04 rows=90 width=4)
	        Index Cond: ((id >= 3275473) AND (id <= 3275572))

table 5 : explain SELECT SUM(k) FROM sbtest5 WHERE id BETWEEN 3395750 AND 3395849
	Aggregate  (cost=364.54..364.55 rows=1 width=8)
	  ->  Index Scan using sbtest5_pkey on sbtest5  (cost=0.43..364.31 rows=91 width=4)
	        Index Cond: ((id >= 3395750) AND (id <= 3395849))

table 6 : explain SELECT SUM(k) FROM sbtest6 WHERE id BETWEEN 4912098 AND 4912197
	Aggregate  (cost=400.06..400.07 rows=1 width=8)
	  ->  Index Scan using sbtest6_pkey on sbtest6  (cost=0.43..399.81 rows=100 width=4)
	        Index Cond: ((id >= 4912098) AND (id <= 4912197))

table 7 : explain SELECT SUM(k) FROM sbtest7 WHERE id BETWEEN 3997574 AND 3997673
	Aggregate  (cost=372.04..372.05 rows=1 width=8)
	  ->  Index Scan using sbtest7_pkey on sbtest7  (cost=0.43..371.81 rows=93 width=4)
	        Index Cond: ((id >= 3997574) AND (id <= 3997673))

table 8 : explain SELECT SUM(k) FROM sbtest8 WHERE id BETWEEN 6181205 AND 6181304
	Aggregate  (cost=436.33..436.34 rows=1 width=8)
	  ->  Index Scan using sbtest8_pkey on sbtest8  (cost=0.43..436.06 rows=109 width=4)
	        Index Cond: ((id >= 6181205) AND (id <= 6181304))

explain: for point_selects :: explain SELECT c FROM sbtest%u WHERE id=%u
for: sum_ranges
table 1 : explain SELECT SUM(k) FROM sbtest1 WHERE id BETWEEN 2142736 AND 2142835
	Aggregate  (cost=409.22..409.23 rows=1 width=8)
	  ->  Index Scan using sbtest1_pkey on sbtest1  (cost=0.43..408.96 rows=102 width=4)
	        Index Cond: ((id >= 2142736) AND (id <= 2142835))

table 2 : explain SELECT SUM(k) FROM sbtest2 WHERE id BETWEEN 9382775 AND 9382874
	Aggregate  (cost=384.32..384.33 rows=1 width=8)
	  ->  Index Scan using sbtest2_pkey on sbtest2  (cost=0.43..384.08 rows=96 width=4)
	        Index Cond: ((id >= 9382775) AND (id <= 9382874))

table 3 : explain SELECT SUM(k) FROM sbtest3 WHERE id BETWEEN 6367219 AND 6367318
	Aggregate  (cost=424.73..424.74 rows=1 width=8)
	  ->  Index Scan using sbtest3_pkey on sbtest3  (cost=0.43..424.46 rows=106 width=4)
	        Index Cond: ((id >= 6367219) AND (id <= 6367318))

table 4 : explain SELECT SUM(k) FROM sbtest4 WHERE id BETWEEN 3352395 AND 3352494
	Aggregate  (cost=389.01..389.02 rows=1 width=8)
	  ->  Index Scan using sbtest4_pkey on sbtest4  (cost=0.43..388.77 rows=97 width=4)
	        Index Cond: ((id >= 3352395) AND (id <= 3352494))

table 5 : explain SELECT SUM(k) FROM sbtest5 WHERE id BETWEEN 6656299 AND 6656398
	Aggregate  (cost=400.16..400.17 rows=1 width=8)
	  ->  Index Scan using sbtest5_pkey on sbtest5  (cost=0.43..399.91 rows=100 width=4)
	        Index Cond: ((id >= 6656299) AND (id <= 6656398))

table 6 : explain SELECT SUM(k) FROM sbtest6 WHERE id BETWEEN 4789640 AND 4789739
	Aggregate  (cost=392.13..392.14 rows=1 width=8)
	  ->  Index Scan using sbtest6_pkey on sbtest6  (cost=0.43..391.89 rows=98 width=4)
	        Index Cond: ((id >= 4789640) AND (id <= 4789739))

table 7 : explain SELECT SUM(k) FROM sbtest7 WHERE id BETWEEN 9078679 AND 9078778
	Aggregate  (cost=435.28..435.29 rows=1 width=8)
	  ->  Index Scan using sbtest7_pkey on sbtest7  (cost=0.43..435.01 rows=109 width=4)
	        Index Cond: ((id >= 9078679) AND (id <= 9078778))

table 8 : explain SELECT SUM(k) FROM sbtest8 WHERE id BETWEEN 1743976 AND 1744075
	Aggregate  (cost=396.72..396.73 rows=1 width=8)
	  ->  Index Scan using sbtest8_pkey on sbtest8  (cost=0.43..396.47 rows=99 width=4)
	        Index Cond: ((id >= 1743976) AND (id <= 1744075))

explain: for point_selects :: explain SELECT c FROM sbtest%u WHERE id=%u
for: simple_ranges
table 1 : explain SELECT c FROM sbtest1 WHERE id BETWEEN 2053780 AND 2053879
	Index Scan using sbtest1_pkey on sbtest1  (cost=0.43..393.09 rows=98 width=121)
	  Index Cond: ((id >= 2053780) AND (id <= 2053879))

table 2 : explain SELECT c FROM sbtest2 WHERE id BETWEEN 3929543 AND 3929642
	Index Scan using sbtest2_pkey on sbtest2  (cost=0.43..388.03 rows=97 width=121)
	  Index Cond: ((id >= 3929543) AND (id <= 3929642))

table 3 : explain SELECT c FROM sbtest3 WHERE id BETWEEN 2506269 AND 2506368
	Index Scan using sbtest3_pkey on sbtest3  (cost=0.43..404.65 rows=101 width=121)
	  Index Cond: ((id >= 2506269) AND (id <= 2506368))

table 4 : explain SELECT c FROM sbtest4 WHERE id BETWEEN 7379254 AND 7379353
	Index Scan using sbtest4_pkey on sbtest4  (cost=0.43..365.00 rows=91 width=121)
	  Index Cond: ((id >= 7379254) AND (id <= 7379353))

table 5 : explain SELECT c FROM sbtest5 WHERE id BETWEEN 3239239 AND 3239338
	Index Scan using sbtest5_pkey on sbtest5  (cost=0.43..344.54 rows=86 width=121)
	  Index Cond: ((id >= 3239239) AND (id <= 3239338))

table 6 : explain SELECT c FROM sbtest6 WHERE id BETWEEN 3449759 AND 3449858
	Index Scan using sbtest6_pkey on sbtest6  (cost=0.43..399.81 rows=100 width=121)
	  Index Cond: ((id >= 3449759) AND (id <= 3449858))

table 7 : explain SELECT c FROM sbtest7 WHERE id BETWEEN 8772512 AND 8772611
	Index Scan using sbtest7_pkey on sbtest7  (cost=0.43..403.42 rows=101 width=121)
	  Index Cond: ((id >= 8772512) AND (id <= 8772611))

table 8 : explain SELECT c FROM sbtest8 WHERE id BETWEEN 2873751 AND 2873850
	Index Scan using sbtest8_pkey on sbtest8  (cost=0.43..404.39 rows=101 width=121)
	  Index Cond: ((id >= 2873751) AND (id <= 2873850))

for: sum_ranges
table 1 : explain SELECT SUM(k) FROM sbtest1 WHERE id BETWEEN 8754226 AND 8754325
	Aggregate  (cost=413.19..413.20 rows=1 width=8)
	  ->  Index Scan using sbtest1_pkey on sbtest1  (cost=0.43..412.93 rows=103 width=4)
	        Index Cond: ((id >= 8754226) AND (id <= 8754325))

table 2 : explain SELECT SUM(k) FROM sbtest2 WHERE id BETWEEN 6510566 AND 6510665
	Aggregate  (cost=431.81..431.82 rows=1 width=8)
	  ->  Index Scan using sbtest2_pkey on sbtest2  (cost=0.43..431.54 rows=108 width=4)
	        Index Cond: ((id >= 6510566) AND (id <= 6510665))

table 3 : explain SELECT SUM(k) FROM sbtest3 WHERE id BETWEEN 2056832 AND 2056931
	Aggregate  (cost=432.66..432.67 rows=1 width=8)
	  ->  Index Scan using sbtest3_pkey on sbtest3  (cost=0.43..432.39 rows=108 width=4)
	        Index Cond: ((id >= 2056832) AND (id <= 2056931))

table 4 : explain SELECT SUM(k) FROM sbtest4 WHERE id BETWEEN 6707567 AND 6707666
	Aggregate  (cost=392.97..392.98 rows=1 width=8)
	  ->  Index Scan using sbtest4_pkey on sbtest4  (cost=0.43..392.73 rows=98 width=4)
	        Index Cond: ((id >= 6707567) AND (id <= 6707666))

table 5 : explain SELECT SUM(k) FROM sbtest5 WHERE id BETWEEN 2689203 AND 2689302
	Aggregate  (cost=447.63..447.64 rows=1 width=8)
	  ->  Index Scan using sbtest5_pkey on sbtest5  (cost=0.43..447.35 rows=112 width=4)
	        Index Cond: ((id >= 2689203) AND (id <= 2689302))

table 6 : explain SELECT SUM(k) FROM sbtest6 WHERE id BETWEEN 9705950 AND 9706049
	Aggregate  (cost=388.18..388.19 rows=1 width=8)
	  ->  Index Scan using sbtest6_pkey on sbtest6  (cost=0.43..387.93 rows=97 width=4)
	        Index Cond: ((id >= 9705950) AND (id <= 9706049))

table 7 : explain SELECT SUM(k) FROM sbtest7 WHERE id BETWEEN 4526706 AND 4526805
	Aggregate  (cost=375.99..376.00 rows=1 width=8)
	  ->  Index Scan using sbtest7_pkey on sbtest7  (cost=0.43..375.76 rows=94 width=4)
	        Index Cond: ((id >= 4526706) AND (id <= 4526805))

table 8 : explain SELECT SUM(k) FROM sbtest8 WHERE id BETWEEN 4108255 AND 4108354
	Aggregate  (cost=376.90..376.91 rows=1 width=8)
	  ->  Index Scan using sbtest8_pkey on sbtest8  (cost=0.43..376.66 rows=94 width=4)
	        Index Cond: ((id >= 4108255) AND (id <= 4108354))

explain: for point_selects :: explain SELECT c FROM sbtest%u WHERE id=%u
for: sum_ranges
table 1 : explain SELECT SUM(k) FROM sbtest1 WHERE id BETWEEN 7796648 AND 7796747
	Aggregate  (cost=365.56..365.57 rows=1 width=8)
	  ->  Index Scan using sbtest1_pkey on sbtest1  (cost=0.43..365.34 rows=91 width=4)
	        Index Cond: ((id >= 7796648) AND (id <= 7796747))

table 2 : explain SELECT SUM(k) FROM sbtest2 WHERE id BETWEEN 4102082 AND 4102181
	Aggregate  (cost=415.99..416.00 rows=1 width=8)
	  ->  Index Scan using sbtest2_pkey on sbtest2  (cost=0.43..415.73 rows=104 width=4)
	        Index Cond: ((id >= 4102082) AND (id <= 4102181))

table 3 : explain SELECT SUM(k) FROM sbtest3 WHERE id BETWEEN 1872666 AND 1872765
	Aggregate  (cost=389.04..389.05 rows=1 width=8)
	  ->  Index Scan using sbtest3_pkey on sbtest3  (cost=0.43..388.79 rows=97 width=4)
	        Index Cond: ((id >= 1872666) AND (id <= 1872765))

table 4 : explain SELECT SUM(k) FROM sbtest4 WHERE id BETWEEN 2511016 AND 2511115
	Aggregate  (cost=420.73..420.74 rows=1 width=8)
	  ->  Index Scan using sbtest4_pkey on sbtest4  (cost=0.43..420.47 rows=105 width=4)
	        Index Cond: ((id >= 2511016) AND (id <= 2511115))

table 5 : explain SELECT SUM(k) FROM sbtest5 WHERE id BETWEEN 7033707 AND 7033806
	Aggregate  (cost=352.67..352.68 rows=1 width=8)
	  ->  Index Scan using sbtest5_pkey on sbtest5  (cost=0.43..352.45 rows=88 width=4)
	        Index Cond: ((id >= 7033707) AND (id <= 7033806))

table 6 : explain SELECT SUM(k) FROM sbtest6 WHERE id BETWEEN 3790400 AND 3790499
	Aggregate  (cost=372.36..372.37 rows=1 width=8)
	  ->  Index Scan using sbtest6_pkey on sbtest6  (cost=0.43..372.12 rows=93 width=4)
	        Index Cond: ((id >= 3790400) AND (id <= 3790499))

table 7 : explain SELECT SUM(k) FROM sbtest7 WHERE id BETWEEN 5164966 AND 5165065
	Aggregate  (cost=391.80..391.81 rows=1 width=8)
	  ->  Index Scan using sbtest7_pkey on sbtest7  (cost=0.43..391.55 rows=98 width=4)
	        Index Cond: ((id >= 5164966) AND (id <= 5165065))

table 8 : explain SELECT SUM(k) FROM sbtest8 WHERE id BETWEEN 5034396 AND 5034495
	Aggregate  (cost=400.68..400.69 rows=1 width=8)
	  ->  Index Scan using sbtest8_pkey on sbtest8  (cost=0.43..400.43 rows=100 width=4)
	        Index Cond: ((id >= 5034396) AND (id <= 5034495))

for point_selects
table 1 : explain SELECT c FROM sbtest1 WHERE id=1470747
	Index Scan using sbtest1_pkey on sbtest1  (cost=0.43..8.45 rows=1 width=121)
	  Index Cond: (id = 1470747)

table 2 : explain SELECT c FROM sbtest2 WHERE id=7455353
	Index Scan using sbtest2_pkey on sbtest2  (cost=0.43..8.45 rows=1 width=121)
	  Index Cond: (id = 7455353)

table 3 : explain SELECT c FROM sbtest3 WHERE id=3913684
	Index Scan using sbtest3_pkey on sbtest3  (cost=0.43..8.45 rows=1 width=121)
	  Index Cond: (id = 3913684)

table 4 : explain SELECT c FROM sbtest4 WHERE id=2348177
	Index Scan using sbtest4_pkey on sbtest4  (cost=0.43..8.45 rows=1 width=121)
	  Index Cond: (id = 2348177)

table 5 : explain SELECT c FROM sbtest5 WHERE id=4992987
	Index Scan using sbtest5_pkey on sbtest5  (cost=0.43..8.45 rows=1 width=121)
	  Index Cond: (id = 4992987)

table 6 : explain SELECT c FROM sbtest6 WHERE id=6616357
	Index Scan using sbtest6_pkey on sbtest6  (cost=0.43..8.45 rows=1 width=121)
	  Index Cond: (id = 6616357)

table 7 : explain SELECT c FROM sbtest7 WHERE id=6034504
	Index Scan using sbtest7_pkey on sbtest7  (cost=0.43..8.45 rows=1 width=121)
	  Index Cond: (id = 6034504)

table 8 : explain SELECT c FROM sbtest8 WHERE id=7067959
	Index Scan using sbtest8_pkey on sbtest8  (cost=0.43..8.45 rows=1 width=121)
	  Index Cond: (id = 7067959)

for point_selects
table 1 : explain SELECT c FROM sbtest1 WHERE id=3766770
	Index Scan using sbtest1_pkey on sbtest1  (cost=0.43..8.45 rows=1 width=121)
	  Index Cond: (id = 3766770)

table 2 : explain SELECT c FROM sbtest2 WHERE id=6130581
	Index Scan using sbtest2_pkey on sbtest2  (cost=0.43..8.45 rows=1 width=121)
	  Index Cond: (id = 6130581)

table 3 : explain SELECT c FROM sbtest3 WHERE id=8469176
	Index Scan using sbtest3_pkey on sbtest3  (cost=0.43..8.45 rows=1 width=121)
	  Index Cond: (id = 8469176)

table 4 : explain SELECT c FROM sbtest4 WHERE id=5719719
	Index Scan using sbtest4_pkey on sbtest4  (cost=0.43..8.45 rows=1 width=121)
	  Index Cond: (id = 5719719)

table 5 : explain SELECT c FROM sbtest5 WHERE id=6698966
	Index Scan using sbtest5_pkey on sbtest5  (cost=0.43..8.45 rows=1 width=121)
	  Index Cond: (id = 6698966)

table 6 : explain SELECT c FROM sbtest6 WHERE id=5317306
	Index Scan using sbtest6_pkey on sbtest6  (cost=0.43..8.45 rows=1 width=121)
	  Index Cond: (id = 5317306)

table 7 : explain SELECT c FROM sbtest7 WHERE id=4591517
	Index Scan using sbtest7_pkey on sbtest7  (cost=0.43..8.45 rows=1 width=121)
	  Index Cond: (id = 4591517)

table 8 : explain SELECT c FROM sbtest8 WHERE id=4520973
	Index Scan using sbtest8_pkey on sbtest8  (cost=0.43..8.45 rows=1 width=121)
	  Index Cond: (id = 4520973)

for point_selects
table 1 : explain SELECT c FROM sbtest1 WHERE id=3250335
	Index Scan using sbtest1_pkey on sbtest1  (cost=0.43..8.45 rows=1 width=121)
	  Index Cond: (id = 3250335)

table 2 : explain SELECT c FROM sbtest2 WHERE id=7133266
	Index Scan using sbtest2_pkey on sbtest2  (cost=0.43..8.45 rows=1 width=121)
	  Index Cond: (id = 7133266)

table 3 : explain SELECT c FROM sbtest3 WHERE id=1709748
	Index Scan using sbtest3_pkey on sbtest3  (cost=0.43..8.45 rows=1 width=121)
	  Index Cond: (id = 1709748)

table 4 : explain SELECT c FROM sbtest4 WHERE id=9603597
	Index Scan using sbtest4_pkey on sbtest4  (cost=0.43..8.45 rows=1 width=121)
	  Index Cond: (id = 9603597)

table 5 : explain SELECT c FROM sbtest5 WHERE id=8967508
	Index Scan using sbtest5_pkey on sbtest5  (cost=0.43..8.45 rows=1 width=121)
	  Index Cond: (id = 8967508)

table 6 : explain SELECT c FROM sbtest6 WHERE id=1437229
	Index Scan using sbtest6_pkey on sbtest6  (cost=0.43..8.45 rows=1 width=121)
	  Index Cond: (id = 1437229)

table 7 : explain SELECT c FROM sbtest7 WHERE id=4816881
	Index Scan using sbtest7_pkey on sbtest7  (cost=0.43..8.45 rows=1 width=121)
	  Index Cond: (id = 4816881)

table 8 : explain SELECT c FROM sbtest8 WHERE id=3238262
	Index Scan using sbtest8_pkey on sbtest8  (cost=0.43..8.45 rows=1 width=121)
	  Index Cond: (id = 3238262)

for: sum_ranges
table 1 : explain SELECT SUM(k) FROM sbtest1 WHERE id BETWEEN 4301714 AND 4301813
	Aggregate  (cost=413.19..413.20 rows=1 width=8)
	  ->  Index Scan using sbtest1_pkey on sbtest1  (cost=0.43..412.93 rows=103 width=4)
	        Index Cond: ((id >= 4301714) AND (id <= 4301813))

table 2 : explain SELECT SUM(k) FROM sbtest2 WHERE id BETWEEN 5813668 AND 5813767
	Aggregate  (cost=408.07..408.08 rows=1 width=8)
	  ->  Index Scan using sbtest2_pkey on sbtest2  (cost=0.43..407.82 rows=102 width=4)
	        Index Cond: ((id >= 5813668) AND (id <= 5813767))

table 3 : explain SELECT SUM(k) FROM sbtest3 WHERE id BETWEEN 5916774 AND 5916873
	Aggregate  (cost=412.84..412.85 rows=1 width=8)
	  ->  Index Scan using sbtest3_pkey on sbtest3  (cost=0.43..412.58 rows=103 width=4)
	        Index Cond: ((id >= 5916774) AND (id <= 5916873))

table 4 : explain SELECT SUM(k) FROM sbtest4 WHERE id BETWEEN 9099798 AND 9099897
	Aggregate  (cost=424.70..424.71 rows=1 width=8)
	  ->  Index Scan using sbtest4_pkey on sbtest4  (cost=0.43..424.43 rows=106 width=4)
	        Index Cond: ((id >= 9099798) AND (id <= 9099897))

table 5 : explain SELECT SUM(k) FROM sbtest5 WHERE id BETWEEN 4437700 AND 4437799
	Aggregate  (cost=400.16..400.17 rows=1 width=8)
	  ->  Index Scan using sbtest5_pkey on sbtest5  (cost=0.43..399.91 rows=100 width=4)
	        Index Cond: ((id >= 4437700) AND (id <= 4437799))

table 6 : explain SELECT SUM(k) FROM sbtest6 WHERE id BETWEEN 5202290 AND 5202389
	Aggregate  (cost=380.27..380.28 rows=1 width=8)
	  ->  Index Scan using sbtest6_pkey on sbtest6  (cost=0.43..380.03 rows=95 width=4)
	        Index Cond: ((id >= 5202290) AND (id <= 5202389))

table 7 : explain SELECT SUM(k) FROM sbtest7 WHERE id BETWEEN 3605226 AND 3605325
	Aggregate  (cost=419.48..419.49 rows=1 width=8)
	  ->  Index Scan using sbtest7_pkey on sbtest7  (cost=0.43..419.22 rows=105 width=4)
	        Index Cond: ((id >= 3605226) AND (id <= 3605325))

table 8 : explain SELECT SUM(k) FROM sbtest8 WHERE id BETWEEN 770029 AND 770128
	Aggregate  (cost=392.74..392.75 rows=1 width=8)
	  ->  Index Scan using sbtest8_pkey on sbtest8  (cost=0.43..392.50 rows=98 width=4)
	        Index Cond: ((id >= 770029) AND (id <= 770128))

explain: for point_selects :: explain SELECT c FROM sbtest%u WHERE id=%u
for: simple_ranges
table 1 : explain SELECT c FROM sbtest1 WHERE id BETWEEN 3079841 AND 3079940
	Index Scan using sbtest1_pkey on sbtest1  (cost=0.43..381.20 rows=95 width=121)
	  Index Cond: ((id >= 3079841) AND (id <= 3079940))

table 2 : explain SELECT c FROM sbtest2 WHERE id BETWEEN 6249262 AND 6249361
	Index Scan using sbtest2_pkey on sbtest2  (cost=0.43..403.87 rows=101 width=121)
	  Index Cond: ((id >= 6249262) AND (id <= 6249361))

table 3 : explain SELECT c FROM sbtest3 WHERE id BETWEEN 6816344 AND 6816443
	Index Scan using sbtest3_pkey on sbtest3  (cost=0.43..392.76 rows=98 width=121)
	  Index Cond: ((id >= 6816344) AND (id <= 6816443))

table 4 : explain SELECT c FROM sbtest4 WHERE id BETWEEN 2812838 AND 2812937
	Index Scan using sbtest4_pkey on sbtest4  (cost=0.43..408.59 rows=102 width=121)
	  Index Cond: ((id >= 2812838) AND (id <= 2812937))

table 5 : explain SELECT c FROM sbtest5 WHERE id BETWEEN 1140285 AND 1140384
	Index Scan using sbtest5_pkey on sbtest5  (cost=0.43..344.54 rows=86 width=121)
	  Index Cond: ((id >= 1140285) AND (id <= 1140384))

table 6 : explain SELECT c FROM sbtest6 WHERE id BETWEEN 5764162 AND 5764261
	Index Scan using sbtest6_pkey on sbtest6  (cost=0.43..423.52 rows=106 width=121)
	  Index Cond: ((id >= 5764162) AND (id <= 5764261))

table 7 : explain SELECT c FROM sbtest7 WHERE id BETWEEN 4200271 AND 4200370
	Index Scan using sbtest7_pkey on sbtest7  (cost=0.43..379.71 rows=95 width=121)
	  Index Cond: ((id >= 4200271) AND (id <= 4200370))

table 8 : explain SELECT c FROM sbtest8 WHERE id BETWEEN 2500413 AND 2500512
	Index Scan using sbtest8_pkey on sbtest8  (cost=0.43..380.62 rows=95 width=121)
	  Index Cond: ((id >= 2500413) AND (id <= 2500512))

for: simple_ranges
table 1 : explain SELECT c FROM sbtest1 WHERE id BETWEEN 3836007 AND 3836106
	Index Scan using sbtest1_pkey on sbtest1  (cost=0.43..432.76 rows=108 width=121)
	  Index Cond: ((id >= 3836007) AND (id <= 3836106))

table 2 : explain SELECT c FROM sbtest2 WHERE id BETWEEN 1750247 AND 1750346
	Index Scan using sbtest2_pkey on sbtest2  (cost=0.43..415.73 rows=104 width=121)
	  Index Cond: ((id >= 1750247) AND (id <= 1750346))

table 3 : explain SELECT c FROM sbtest3 WHERE id BETWEEN 2691320 AND 2691419
	Index Scan using sbtest3_pkey on sbtest3  (cost=0.43..361.06 rows=90 width=121)
	  Index Cond: ((id >= 2691320) AND (id <= 2691419))

table 4 : explain SELECT c FROM sbtest4 WHERE id BETWEEN 3607208 AND 3607307
	Index Scan using sbtest4_pkey on sbtest4  (cost=0.43..424.43 rows=106 width=121)
	  Index Cond: ((id >= 3607208) AND (id <= 3607307))

table 5 : explain SELECT c FROM sbtest5 WHERE id BETWEEN 2232648 AND 2232747
	Index Scan using sbtest5_pkey on sbtest5  (cost=0.43..399.91 rows=100 width=121)
	  Index Cond: ((id >= 2232648) AND (id <= 2232747))

table 6 : explain SELECT c FROM sbtest6 WHERE id BETWEEN 1417870 AND 1417969
	Index Scan using sbtest6_pkey on sbtest6  (cost=0.43..387.93 rows=97 width=121)
	  Index Cond: ((id >= 1417870) AND (id <= 1417969))

table 7 : explain SELECT c FROM sbtest7 WHERE id BETWEEN 4339688 AND 4339787
	Index Scan using sbtest7_pkey on sbtest7  (cost=0.43..407.37 rows=102 width=121)
	  Index Cond: ((id >= 4339688) AND (id <= 4339787))

table 8 : explain SELECT c FROM sbtest8 WHERE id BETWEEN 9947824 AND 9947923
	Index Scan using sbtest8_pkey on sbtest8  (cost=0.43..416.27 rows=104 width=121)
	  Index Cond: ((id >= 9947824) AND (id <= 9947923))

for point_selects
table 1 : explain SELECT c FROM sbtest1 WHERE id=9588266
	Index Scan using sbtest1_pkey on sbtest1  (cost=0.43..8.45 rows=1 width=121)
	  Index Cond: (id = 9588266)

table 2 : explain SELECT c FROM sbtest2 WHERE id=9419131
	Index Scan using sbtest2_pkey on sbtest2  (cost=0.43..8.45 rows=1 width=121)
	  Index Cond: (id = 9419131)

table 3 : explain SELECT c FROM sbtest3 WHERE id=4320912
	Index Scan using sbtest3_pkey on sbtest3  (cost=0.43..8.45 rows=1 width=121)
	  Index Cond: (id = 4320912)

table 4 : explain SELECT c FROM sbtest4 WHERE id=8956778
	Index Scan using sbtest4_pkey on sbtest4  (cost=0.43..8.45 rows=1 width=121)
	  Index Cond: (id = 8956778)

table 5 : explain SELECT c FROM sbtest5 WHERE id=6367192
	Index Scan using sbtest5_pkey on sbtest5  (cost=0.43..8.45 rows=1 width=121)
	  Index Cond: (id = 6367192)

table 6 : explain SELECT c FROM sbtest6 WHERE id=3804956
	Index Scan using sbtest6_pkey on sbtest6  (cost=0.43..8.45 rows=1 width=121)
	  Index Cond: (id = 3804956)

table 7 : explain SELECT c FROM sbtest7 WHERE id=4036038
	Index Scan using sbtest7_pkey on sbtest7  (cost=0.43..8.45 rows=1 width=121)
	  Index Cond: (id = 4036038)

table 8 : explain SELECT c FROM sbtest8 WHERE id=3080119
	Index Scan using sbtest8_pkey on sbtest8  (cost=0.43..8.45 rows=1 width=121)
	  Index Cond: (id = 3080119)

for: sum_ranges
table 1 : explain SELECT SUM(k) FROM sbtest1 WHERE id BETWEEN 145047 AND 145146
	Aggregate  (cost=373.50..373.51 rows=1 width=8)
	  ->  Index Scan using sbtest1_pkey on sbtest1  (cost=0.43..373.27 rows=93 width=4)
	        Index Cond: ((id >= 145047) AND (id <= 145146))

table 2 : explain SELECT SUM(k) FROM sbtest2 WHERE id BETWEEN 9424565 AND 9424664
	Aggregate  (cost=412.03..412.04 rows=1 width=8)
	  ->  Index Scan using sbtest2_pkey on sbtest2  (cost=0.43..411.77 rows=103 width=4)
	        Index Cond: ((id >= 9424565) AND (id <= 9424664))

table 3 : explain SELECT SUM(k) FROM sbtest3 WHERE id BETWEEN 7126606 AND 7126705
	Aggregate  (cost=393.00..393.01 rows=1 width=8)
	  ->  Index Scan using sbtest3_pkey on sbtest3  (cost=0.43..392.76 rows=98 width=4)
	        Index Cond: ((id >= 7126606) AND (id <= 7126705))

table 4 : explain SELECT SUM(k) FROM sbtest4 WHERE id BETWEEN 8178359 AND 8178458
	Aggregate  (cost=381.08..381.09 rows=1 width=8)
	  ->  Index Scan using sbtest4_pkey on sbtest4  (cost=0.43..380.84 rows=95 width=4)
	        Index Cond: ((id >= 8178359) AND (id <= 8178458))

table 5 : explain SELECT SUM(k) FROM sbtest5 WHERE id BETWEEN 4484304 AND 4484403
	Aggregate  (cost=400.16..400.17 rows=1 width=8)
	  ->  Index Scan using sbtest5_pkey on sbtest5  (cost=0.43..399.91 rows=100 width=4)
	        Index Cond: ((id >= 4484304) AND (id <= 4484403))

table 6 : explain SELECT SUM(k) FROM sbtest6 WHERE id BETWEEN 3368679 AND 3368778
	Aggregate  (cost=396.10..396.11 rows=1 width=8)
	  ->  Index Scan using sbtest6_pkey on sbtest6  (cost=0.43..395.86 rows=99 width=4)
	        Index Cond: ((id >= 3368679) AND (id <= 3368778))

table 7 : explain SELECT SUM(k) FROM sbtest7 WHERE id BETWEEN 931507 AND 931606
	Aggregate  (cost=403.67..403.68 rows=1 width=8)
	  ->  Index Scan using sbtest7_pkey on sbtest7  (cost=0.43..403.42 rows=101 width=4)
	        Index Cond: ((id >= 931507) AND (id <= 931606))

table 8 : explain SELECT SUM(k) FROM sbtest8 WHERE id BETWEEN 5223933 AND 5224032
	Aggregate  (cost=396.72..396.73 rows=1 width=8)
	  ->  Index Scan using sbtest8_pkey on sbtest8  (cost=0.43..396.47 rows=99 width=4)
	        Index Cond: ((id >= 5223933) AND (id <= 5224032))

explain: for point_selects :: explain SELECT c FROM sbtest%u WHERE id=%u
for: simple_ranges
table 1 : explain SELECT c FROM sbtest1 WHERE id BETWEEN 4869078 AND 4869177
	Index Scan using sbtest1_pkey on sbtest1  (cost=0.43..412.93 rows=103 width=121)
	  Index Cond: ((id >= 4869078) AND (id <= 4869177))

table 2 : explain SELECT c FROM sbtest2 WHERE id BETWEEN 844924 AND 845023
	Index Scan using sbtest2_pkey on sbtest2  (cost=0.43..415.73 rows=104 width=121)
	  Index Cond: ((id >= 844924) AND (id <= 845023))

table 3 : explain SELECT c FROM sbtest3 WHERE id BETWEEN 5633761 AND 5633860
	Index Scan using sbtest3_pkey on sbtest3  (cost=0.43..353.14 rows=88 width=121)
	  Index Cond: ((id >= 5633761) AND (id <= 5633860))

table 4 : explain SELECT c FROM sbtest4 WHERE id BETWEEN 4766669 AND 4766768
	Index Scan using sbtest4_pkey on sbtest4  (cost=0.43..384.80 rows=96 width=121)
	  Index Cond: ((id >= 4766669) AND (id <= 4766768))

table 5 : explain SELECT c FROM sbtest5 WHERE id BETWEEN 8656957 AND 8657056
	Index Scan using sbtest5_pkey on sbtest5  (cost=0.43..439.44 rows=110 width=121)
	  Index Cond: ((id >= 8656957) AND (id <= 8657056))

table 6 : explain SELECT c FROM sbtest6 WHERE id BETWEEN 8356478 AND 8356577
	Index Scan using sbtest6_pkey on sbtest6  (cost=0.43..435.38 rows=109 width=121)
	  Index Cond: ((id >= 8356478) AND (id <= 8356577))

table 7 : explain SELECT c FROM sbtest7 WHERE id BETWEEN 2106489 AND 2106588
	Index Scan using sbtest7_pkey on sbtest7  (cost=0.43..431.06 rows=108 width=121)
	  Index Cond: ((id >= 2106489) AND (id <= 2106588))

table 8 : explain SELECT c FROM sbtest8 WHERE id BETWEEN 5185680 AND 5185779
	Index Scan using sbtest8_pkey on sbtest8  (cost=0.43..380.62 rows=95 width=121)
	  Index Cond: ((id >= 5185680) AND (id <= 5185779))

explain: for point_selects :: explain SELECT c FROM sbtest%u WHERE id=%u
explain: for point_selects :: explain SELECT c FROM sbtest%u WHERE id=%u
for: simple_ranges
table 1 : explain SELECT c FROM sbtest1 WHERE id BETWEEN 2827548 AND 2827647
	Index Scan using sbtest1_pkey on sbtest1  (cost=0.43..404.99 rows=101 width=121)
	  Index Cond: ((id >= 2827548) AND (id <= 2827647))

table 2 : explain SELECT c FROM sbtest2 WHERE id BETWEEN 2846525 AND 2846624
	Index Scan using sbtest2_pkey on sbtest2  (cost=0.43..380.13 rows=95 width=121)
	  Index Cond: ((id >= 2846525) AND (id <= 2846624))

table 3 : explain SELECT c FROM sbtest3 WHERE id BETWEEN 1636590 AND 1636689
	Index Scan using sbtest3_pkey on sbtest3  (cost=0.43..368.99 rows=92 width=121)
	  Index Cond: ((id >= 1636590) AND (id <= 1636689))

table 4 : explain SELECT c FROM sbtest4 WHERE id BETWEEN 5788650 AND 5788749
	Index Scan using sbtest4_pkey on sbtest4  (cost=0.43..392.73 rows=98 width=121)
	  Index Cond: ((id >= 5788650) AND (id <= 5788749))

table 5 : explain SELECT c FROM sbtest5 WHERE id BETWEEN 7590736 AND 7590835
	Index Scan using sbtest5_pkey on sbtest5  (cost=0.43..372.22 rows=93 width=121)
	  Index Cond: ((id >= 7590736) AND (id <= 7590835))

table 6 : explain SELECT c FROM sbtest6 WHERE id BETWEEN 7555242 AND 7555341
	Index Scan using sbtest6_pkey on sbtest6  (cost=0.43..403.76 rows=101 width=121)
	  Index Cond: ((id >= 7555242) AND (id <= 7555341))

table 7 : explain SELECT c FROM sbtest7 WHERE id BETWEEN 2661736 AND 2661835
	Index Scan using sbtest7_pkey on sbtest7  (cost=0.43..411.32 rows=103 width=121)
	  Index Cond: ((id >= 2661736) AND (id <= 2661835))

table 8 : explain SELECT c FROM sbtest8 WHERE id BETWEEN 8569755 AND 8569854
	Index Scan using sbtest8_pkey on sbtest8  (cost=0.43..392.50 rows=98 width=121)
	  Index Cond: ((id >= 8569755) AND (id <= 8569854))

for point_selects
table 1 : explain SELECT c FROM sbtest1 WHERE id=3582636
	Index Scan using sbtest1_pkey on sbtest1  (cost=0.43..8.45 rows=1 width=121)
	  Index Cond: (id = 3582636)

table 2 : explain SELECT c FROM sbtest2 WHERE id=7571980
	Index Scan using sbtest2_pkey on sbtest2  (cost=0.43..8.45 rows=1 width=121)
	  Index Cond: (id = 7571980)

table 3 : explain SELECT c FROM sbtest3 WHERE id=1371175
	Index Scan using sbtest3_pkey on sbtest3  (cost=0.43..8.45 rows=1 width=121)
	  Index Cond: (id = 1371175)

table 4 : explain SELECT c FROM sbtest4 WHERE id=8235684
	Index Scan using sbtest4_pkey on sbtest4  (cost=0.43..8.45 rows=1 width=121)
	  Index Cond: (id = 8235684)

table 5 : explain SELECT c FROM sbtest5 WHERE id=69710
	Index Scan using sbtest5_pkey on sbtest5  (cost=0.43..8.45 rows=1 width=121)
	  Index Cond: (id = 69710)

table 6 : explain SELECT c FROM sbtest6 WHERE id=6908493
	Index Scan using sbtest6_pkey on sbtest6  (cost=0.43..8.45 rows=1 width=121)
	  Index Cond: (id = 6908493)

table 7 : explain SELECT c FROM sbtest7 WHERE id=7623273
	Index Scan using sbtest7_pkey on sbtest7  (cost=0.43..8.45 rows=1 width=121)
	  Index Cond: (id = 7623273)

table 8 : explain SELECT c FROM sbtest8 WHERE id=8519181
	Index Scan using sbtest8_pkey on sbtest8  (cost=0.43..8.45 rows=1 width=121)
	  Index Cond: (id = 8519181)

for: order_ranges
table 1 : explain SELECT c FROM sbtest1 WHERE id BETWEEN 4017038 AND 4017137 ORDER BY c
	Sort  (cost=432.40..432.66 rows=107 width=121)
	  Sort Key: c
	  ->  Index Scan using sbtest1_pkey on sbtest1  (cost=0.43..428.79 rows=107 width=121)
	        Index Cond: ((id >= 4017038) AND (id <= 4017137))

table 2 : explain SELECT c FROM sbtest2 WHERE id BETWEEN 212089 AND 212188 ORDER BY c
	Sort  (cost=399.22..399.47 rows=99 width=121)
	  Sort Key: c
	  ->  Index Scan using sbtest2_pkey on sbtest2  (cost=0.43..395.94 rows=99 width=121)
	        Index Cond: ((id >= 212089) AND (id <= 212188))

table 3 : explain SELECT c FROM sbtest3 WHERE id BETWEEN 7123192 AND 7123291 ORDER BY c
	Sort  (cost=396.00..396.24 rows=98 width=121)
	  Sort Key: c
	  ->  Index Scan using sbtest3_pkey on sbtest3  (cost=0.43..392.76 rows=98 width=121)
	        Index Cond: ((id >= 7123192) AND (id <= 7123291))

table 4 : explain SELECT c FROM sbtest4 WHERE id BETWEEN 6502165 AND 6502264 ORDER BY c
	Sort  (cost=387.96..388.20 rows=96 width=121)
	  Sort Key: c
	  ->  Index Scan using sbtest4_pkey on sbtest4  (cost=0.43..384.80 rows=96 width=121)
	        Index Cond: ((id >= 6502165) AND (id <= 6502264))

table 5 : explain SELECT c FROM sbtest5 WHERE id BETWEEN 1559112 AND 1559211 ORDER BY c
	Sort  (cost=411.22..411.47 rows=102 width=121)
	  Sort Key: c
	  ->  Index Scan using sbtest5_pkey on sbtest5  (cost=0.43..407.81 rows=102 width=121)
	        Index Cond: ((id >= 1559112) AND (id <= 1559211))

table 6 : explain SELECT c FROM sbtest6 WHERE id BETWEEN 3175764 AND 3175863 ORDER BY c
	Sort  (cost=403.13..403.38 rows=100 width=121)
	  Sort Key: c
	  ->  Index Scan using sbtest6_pkey on sbtest6  (cost=0.43..399.81 rows=100 width=121)
	        Index Cond: ((id >= 3175764) AND (id <= 3175863))

table 7 : explain SELECT c FROM sbtest7 WHERE id BETWEEN 5441184 AND 5441283 ORDER BY c
	Sort  (cost=402.79..403.04 rows=100 width=121)
	  Sort Key: c
	  ->  Index Scan using sbtest7_pkey on sbtest7  (cost=0.43..399.47 rows=100 width=121)
	        Index Cond: ((id >= 5441184) AND (id <= 5441283))

table 8 : explain SELECT c FROM sbtest8 WHERE id BETWEEN 1591784 AND 1591883 ORDER BY c
	Sort  (cost=403.75..404.00 rows=100 width=121)
	  Sort Key: c
	  ->  Index Scan using sbtest8_pkey on sbtest8  (cost=0.43..400.43 rows=100 width=121)
	        Index Cond: ((id >= 1591784) AND (id <= 1591883))

for: sum_ranges
table 1 : explain SELECT SUM(k) FROM sbtest1 WHERE id BETWEEN 5498054 AND 5498153
	Aggregate  (cost=385.40..385.41 rows=1 width=8)
	  ->  Index Scan using sbtest1_pkey on sbtest1  (cost=0.43..385.16 rows=96 width=4)
	        Index Cond: ((id >= 5498054) AND (id <= 5498153))

table 2 : explain SELECT SUM(k) FROM sbtest2 WHERE id BETWEEN 6894819 AND 6894918
	Aggregate  (cost=412.03..412.04 rows=1 width=8)
	  ->  Index Scan using sbtest2_pkey on sbtest2  (cost=0.43..411.77 rows=103 width=4)
	        Index Cond: ((id >= 6894819) AND (id <= 6894918))

table 3 : explain SELECT SUM(k) FROM sbtest3 WHERE id BETWEEN 7156561 AND 7156660
	Aggregate  (cost=404.91..404.92 rows=1 width=8)
	  ->  Index Scan using sbtest3_pkey on sbtest3  (cost=0.43..404.65 rows=101 width=4)
	        Index Cond: ((id >= 7156561) AND (id <= 7156660))

table 4 : explain SELECT SUM(k) FROM sbtest4 WHERE id BETWEEN 8500064 AND 8500163
	Aggregate  (cost=452.44..452.45 rows=1 width=8)
	  ->  Index Scan using sbtest4_pkey on sbtest4  (cost=0.43..452.16 rows=113 width=4)
	        Index Cond: ((id >= 8500064) AND (id <= 8500163))

table 5 : explain SELECT SUM(k) FROM sbtest5 WHERE id BETWEEN 7038108 AND 7038207
	Aggregate  (cost=352.67..352.68 rows=1 width=8)
	  ->  Index Scan using sbtest5_pkey on sbtest5  (cost=0.43..352.45 rows=88 width=4)
	        Index Cond: ((id >= 7038108) AND (id <= 7038207))

table 6 : explain SELECT SUM(k) FROM sbtest6 WHERE id BETWEEN 9369097 AND 9369196
	Aggregate  (cost=360.49..360.50 rows=1 width=8)
	  ->  Index Scan using sbtest6_pkey on sbtest6  (cost=0.43..360.27 rows=90 width=4)
	        Index Cond: ((id >= 9369097) AND (id <= 9369196))

table 7 : explain SELECT SUM(k) FROM sbtest7 WHERE id BETWEEN 8262974 AND 8263073
	Aggregate  (cost=415.53..415.54 rows=1 width=8)
	  ->  Index Scan using sbtest7_pkey on sbtest7  (cost=0.43..415.27 rows=104 width=4)
	        Index Cond: ((id >= 8262974) AND (id <= 8263073))

table 8 : explain SELECT SUM(k) FROM sbtest8 WHERE id BETWEEN 294040 AND 294139
	Aggregate  (cost=412.57..412.58 rows=1 width=8)
	  ->  Index Scan using sbtest8_pkey on sbtest8  (cost=0.43..412.31 rows=103 width=4)
	        Index Cond: ((id >= 294040) AND (id <= 294139))

for point_selects
table 1 : explain SELECT c FROM sbtest1 WHERE id=9672987
	Index Scan using sbtest1_pkey on sbtest1  (cost=0.43..8.45 rows=1 width=121)
	  Index Cond: (id = 9672987)

table 2 : explain SELECT c FROM sbtest2 WHERE id=9151944
	Index Scan using sbtest2_pkey on sbtest2  (cost=0.43..8.45 rows=1 width=121)
	  Index Cond: (id = 9151944)

table 3 : explain SELECT c FROM sbtest3 WHERE id=8668738
	Index Scan using sbtest3_pkey on sbtest3  (cost=0.43..8.45 rows=1 width=121)
	  Index Cond: (id = 8668738)

table 4 : explain SELECT c FROM sbtest4 WHERE id=2026403
	Index Scan using sbtest4_pkey on sbtest4  (cost=0.43..8.45 rows=1 width=121)
	  Index Cond: (id = 2026403)

table 5 : explain SELECT c FROM sbtest5 WHERE id=7647165
	Index Scan using sbtest5_pkey on sbtest5  (cost=0.43..8.45 rows=1 width=121)
	  Index Cond: (id = 7647165)

table 6 : explain SELECT c FROM sbtest6 WHERE id=9677225
	Index Scan using sbtest6_pkey on sbtest6  (cost=0.43..8.45 rows=1 width=121)
	  Index Cond: (id = 9677225)

table 7 : explain SELECT c FROM sbtest7 WHERE id=7394580
	Index Scan using sbtest7_pkey on sbtest7  (cost=0.43..8.45 rows=1 width=121)
	  Index Cond: (id = 7394580)

table 8 : explain SELECT c FROM sbtest8 WHERE id=7911976
	Index Scan using sbtest8_pkey on sbtest8  (cost=0.43..8.45 rows=1 width=121)
	  Index Cond: (id = 7911976)

for point_selects
table 1 : explain SELECT c FROM sbtest1 WHERE id=9127864
	Index Scan using sbtest1_pkey on sbtest1  (cost=0.43..8.45 rows=1 width=121)
	  Index Cond: (id = 9127864)

table 2 : explain SELECT c FROM sbtest2 WHERE id=4327381
	Index Scan using sbtest2_pkey on sbtest2  (cost=0.43..8.45 rows=1 width=121)
	  Index Cond: (id = 4327381)

table 3 : explain SELECT c FROM sbtest3 WHERE id=4465317
	Index Scan using sbtest3_pkey on sbtest3  (cost=0.43..8.45 rows=1 width=121)
	  Index Cond: (id = 4465317)

table 4 : explain SELECT c FROM sbtest4 WHERE id=3652219
	Index Scan using sbtest4_pkey on sbtest4  (cost=0.43..8.45 rows=1 width=121)
	  Index Cond: (id = 3652219)

table 5 : explain SELECT c FROM sbtest5 WHERE id=3094254
	Index Scan using sbtest5_pkey on sbtest5  (cost=0.43..8.45 rows=1 width=121)
	  Index Cond: (id = 3094254)

table 6 : explain SELECT c FROM sbtest6 WHERE id=6850238
	Index Scan using sbtest6_pkey on sbtest6  (cost=0.43..8.45 rows=1 width=121)
	  Index Cond: (id = 6850238)

table 7 : explain SELECT c FROM sbtest7 WHERE id=3613018
	Index Scan using sbtest7_pkey on sbtest7  (cost=0.43..8.45 rows=1 width=121)
	  Index Cond: (id = 3613018)

table 8 : explain SELECT c FROM sbtest8 WHERE id=1411700
	Index Scan using sbtest8_pkey on sbtest8  (cost=0.43..8.45 rows=1 width=121)
	  Index Cond: (id = 1411700)

for: simple_ranges
table 1 : explain SELECT c FROM sbtest1 WHERE id BETWEEN 3246994 AND 3247093
	Index Scan using sbtest1_pkey on sbtest1  (cost=0.43..373.27 rows=93 width=121)
	  Index Cond: ((id >= 3246994) AND (id <= 3247093))

table 2 : explain SELECT c FROM sbtest2 WHERE id BETWEEN 8450653 AND 8450752
	Index Scan using sbtest2_pkey on sbtest2  (cost=0.43..356.41 rows=89 width=121)
	  Index Cond: ((id >= 8450653) AND (id <= 8450752))

table 3 : explain SELECT c FROM sbtest3 WHERE id BETWEEN 3196088 AND 3196187
	Index Scan using sbtest3_pkey on sbtest3  (cost=0.43..412.58 rows=103 width=121)
	  Index Cond: ((id >= 3196088) AND (id <= 3196187))

table 4 : explain SELECT c FROM sbtest4 WHERE id BETWEEN 4254038 AND 4254137
	Index Scan using sbtest4_pkey on sbtest4  (cost=0.43..384.80 rows=96 width=121)
	  Index Cond: ((id >= 4254038) AND (id <= 4254137))

table 5 : explain SELECT c FROM sbtest5 WHERE id BETWEEN 5999055 AND 5999154
	Index Scan using sbtest5_pkey on sbtest5  (cost=0.43..368.26 rows=92 width=121)
	  Index Cond: ((id >= 5999055) AND (id <= 5999154))

table 6 : explain SELECT c FROM sbtest6 WHERE id BETWEEN 8074258 AND 8074357
	Index Scan using sbtest6_pkey on sbtest6  (cost=0.43..395.86 rows=99 width=121)
	  Index Cond: ((id >= 8074258) AND (id <= 8074357))

table 7 : explain SELECT c FROM sbtest7 WHERE id BETWEEN 955102 AND 955201
	Index Scan using sbtest7_pkey on sbtest7  (cost=0.43..403.42 rows=101 width=121)
	  Index Cond: ((id >= 955102) AND (id <= 955201))

table 8 : explain SELECT c FROM sbtest8 WHERE id BETWEEN 7484304 AND 7484403
	Index Scan using sbtest8_pkey on sbtest8  (cost=0.43..408.35 rows=102 width=121)
	  Index Cond: ((id >= 7484304) AND (id <= 7484403))

for: simple_ranges
table 1 : explain SELECT c FROM sbtest1 WHERE id BETWEEN 4000971 AND 4001070
	Index Scan using sbtest1_pkey on sbtest1  (cost=0.43..428.79 rows=107 width=121)
	  Index Cond: ((id >= 4000971) AND (id <= 4001070))

table 2 : explain SELECT c FROM sbtest2 WHERE id BETWEEN 1504607 AND 1504706
	Index Scan using sbtest2_pkey on sbtest2  (cost=0.43..407.82 rows=102 width=121)
	  Index Cond: ((id >= 1504607) AND (id <= 1504706))

table 3 : explain SELECT c FROM sbtest3 WHERE id BETWEEN 4364553 AND 4364652
	Index Scan using sbtest3_pkey on sbtest3  (cost=0.43..424.46 rows=106 width=121)
	  Index Cond: ((id >= 4364553) AND (id <= 4364652))

table 4 : explain SELECT c FROM sbtest4 WHERE id BETWEEN 9569829 AND 9569928
	Index Scan using sbtest4_pkey on sbtest4  (cost=0.43..396.69 rows=99 width=121)
	  Index Cond: ((id >= 9569829) AND (id <= 9569928))

table 5 : explain SELECT c FROM sbtest5 WHERE id BETWEEN 8800914 AND 8801013
	Index Scan using sbtest5_pkey on sbtest5  (cost=0.43..380.12 rows=95 width=121)
	  Index Cond: ((id >= 8800914) AND (id <= 8801013))

table 6 : explain SELECT c FROM sbtest6 WHERE id BETWEEN 2588421 AND 2588520
	Index Scan using sbtest6_pkey on sbtest6  (cost=0.43..415.62 rows=104 width=121)
	  Index Cond: ((id >= 2588421) AND (id <= 2588520))

table 7 : explain SELECT c FROM sbtest7 WHERE id BETWEEN 6406715 AND 6406814
	Index Scan using sbtest7_pkey on sbtest7  (cost=0.43..375.76 rows=94 width=121)
	  Index Cond: ((id >= 6406715) AND (id <= 6406814))

table 8 : explain SELECT c FROM sbtest8 WHERE id BETWEEN 534957 AND 535056
	Index Scan using sbtest8_pkey on sbtest8  (cost=0.43..412.31 rows=103 width=121)
	  Index Cond: ((id >= 534957) AND (id <= 535056))

for point_selects
table 1 : explain SELECT c FROM sbtest1 WHERE id=3762657
	Index Scan using sbtest1_pkey on sbtest1  (cost=0.43..8.45 rows=1 width=121)
	  Index Cond: (id = 3762657)

table 2 : explain SELECT c FROM sbtest2 WHERE id=9301141
	Index Scan using sbtest2_pkey on sbtest2  (cost=0.43..8.45 rows=1 width=121)
	  Index Cond: (id = 9301141)

table 3 : explain SELECT c FROM sbtest3 WHERE id=9357512
	Index Scan using sbtest3_pkey on sbtest3  (cost=0.43..8.45 rows=1 width=121)
	  Index Cond: (id = 9357512)

table 4 : explain SELECT c FROM sbtest4 WHERE id=4749624
	Index Scan using sbtest4_pkey on sbtest4  (cost=0.43..8.45 rows=1 width=121)
	  Index Cond: (id = 4749624)

table 5 : explain SELECT c FROM sbtest5 WHERE id=5973345
	Index Scan using sbtest5_pkey on sbtest5  (cost=0.43..8.45 rows=1 width=121)
	  Index Cond: (id = 5973345)

table 6 : explain SELECT c FROM sbtest6 WHERE id=5963154
	Index Scan using sbtest6_pkey on sbtest6  (cost=0.43..8.45 rows=1 width=121)
	  Index Cond: (id = 5963154)

table 7 : explain SELECT c FROM sbtest7 WHERE id=8775863
	Index Scan using sbtest7_pkey on sbtest7  (cost=0.43..8.45 rows=1 width=121)
	  Index Cond: (id = 8775863)

table 8 : explain SELECT c FROM sbtest8 WHERE id=6408965
	Index Scan using sbtest8_pkey on sbtest8  (cost=0.43..8.45 rows=1 width=121)
	  Index Cond: (id = 6408965)

for: sum_ranges
table 1 : explain SELECT SUM(k) FROM sbtest1 WHERE id BETWEEN 1806771 AND 1806870
	Aggregate  (cost=417.15..417.16 rows=1 width=8)
	  ->  Index Scan using sbtest1_pkey on sbtest1  (cost=0.43..416.89 rows=104 width=4)
	        Index Cond: ((id >= 1806771) AND (id <= 1806870))

table 2 : explain SELECT SUM(k) FROM sbtest2 WHERE id BETWEEN 962098 AND 962197
	Aggregate  (cost=400.15..400.16 rows=1 width=8)
	  ->  Index Scan using sbtest2_pkey on sbtest2  (cost=0.43..399.90 rows=100 width=4)
	        Index Cond: ((id >= 962098) AND (id <= 962197))

table 3 : explain SELECT SUM(k) FROM sbtest3 WHERE id BETWEEN 8462681 AND 8462780
	Aggregate  (cost=412.84..412.85 rows=1 width=8)
	  ->  Index Scan using sbtest3_pkey on sbtest3  (cost=0.43..412.58 rows=103 width=4)
	        Index Cond: ((id >= 8462681) AND (id <= 8462780))

table 4 : explain SELECT SUM(k) FROM sbtest4 WHERE id BETWEEN 5566965 AND 5567064
	Aggregate  (cost=373.15..373.16 rows=1 width=8)
	  ->  Index Scan using sbtest4_pkey on sbtest4  (cost=0.43..372.92 rows=93 width=4)
	        Index Cond: ((id >= 5566965) AND (id <= 5567064))

table 5 : explain SELECT SUM(k) FROM sbtest5 WHERE id BETWEEN 4275073 AND 4275172
	Aggregate  (cost=388.27..388.28 rows=1 width=8)
	  ->  Index Scan using sbtest5_pkey on sbtest5  (cost=0.43..388.03 rows=97 width=4)
	        Index Cond: ((id >= 4275073) AND (id <= 4275172))

table 6 : explain SELECT SUM(k) FROM sbtest6 WHERE id BETWEEN 291294 AND 291393
	Aggregate  (cost=411.92..411.93 rows=1 width=8)
	  ->  Index Scan using sbtest6_pkey on sbtest6  (cost=0.43..411.67 rows=103 width=4)
	        Index Cond: ((id >= 291294) AND (id <= 291393))

table 7 : explain SELECT SUM(k) FROM sbtest7 WHERE id BETWEEN 5841914 AND 5842013
	Aggregate  (cost=395.77..395.78 rows=1 width=8)
	  ->  Index Scan using sbtest7_pkey on sbtest7  (cost=0.43..395.52 rows=99 width=4)
	        Index Cond: ((id >= 5841914) AND (id <= 5842013))

table 8 : explain SELECT SUM(k) FROM sbtest8 WHERE id BETWEEN 5692506 AND 5692605
	Aggregate  (cost=380.86..380.87 rows=1 width=8)
	  ->  Index Scan using sbtest8_pkey on sbtest8  (cost=0.43..380.62 rows=95 width=4)
	        Index Cond: ((id >= 5692506) AND (id <= 5692605))

for: sum_ranges
table 1 : explain SELECT SUM(k) FROM sbtest1 WHERE id BETWEEN 3922586 AND 3922685
	Aggregate  (cost=385.40..385.41 rows=1 width=8)
	  ->  Index Scan using sbtest1_pkey on sbtest1  (cost=0.43..385.16 rows=96 width=4)
	        Index Cond: ((id >= 3922586) AND (id <= 3922685))

table 2 : explain SELECT SUM(k) FROM sbtest2 WHERE id BETWEEN 4839569 AND 4839668
	Aggregate  (cost=372.45..372.46 rows=1 width=8)
	  ->  Index Scan using sbtest2_pkey on sbtest2  (cost=0.43..372.22 rows=93 width=4)
	        Index Cond: ((id >= 4839569) AND (id <= 4839668))

table 3 : explain SELECT SUM(k) FROM sbtest3 WHERE id BETWEEN 9974449 AND 9974548
	Aggregate  (cost=349.40..349.41 rows=1 width=8)
	  ->  Index Scan using sbtest3_pkey on sbtest3  (cost=0.43..349.18 rows=87 width=4)
	        Index Cond: ((id >= 9974449) AND (id <= 9974548))

table 4 : explain SELECT SUM(k) FROM sbtest4 WHERE id BETWEEN 5628007 AND 5628106
	Aggregate  (cost=456.41..456.42 rows=1 width=8)
	  ->  Index Scan using sbtest4_pkey on sbtest4  (cost=0.43..456.12 rows=114 width=4)
	        Index Cond: ((id >= 5628007) AND (id <= 5628106))

table 5 : explain SELECT SUM(k) FROM sbtest5 WHERE id BETWEEN 360005 AND 360104
	Aggregate  (cost=392.23..392.24 rows=1 width=8)
	  ->  Index Scan using sbtest5_pkey on sbtest5  (cost=0.43..391.98 rows=98 width=4)
	        Index Cond: ((id >= 360005) AND (id <= 360104))

table 6 : explain SELECT SUM(k) FROM sbtest6 WHERE id BETWEEN 6764894 AND 6764993
	Aggregate  (cost=443.56..443.57 rows=1 width=8)
	  ->  Index Scan using sbtest6_pkey on sbtest6  (cost=0.43..443.29 rows=111 width=4)
	        Index Cond: ((id >= 6764894) AND (id <= 6764993))

table 7 : explain SELECT SUM(k) FROM sbtest7 WHERE id BETWEEN 9938127 AND 9938226
	Aggregate  (cost=399.72..399.73 rows=1 width=8)
	  ->  Index Scan using sbtest7_pkey on sbtest7  (cost=0.43..399.47 rows=100 width=4)
	        Index Cond: ((id >= 9938127) AND (id <= 9938226))

table 8 : explain SELECT SUM(k) FROM sbtest8 WHERE id BETWEEN 5624564 AND 5624663
	Aggregate  (cost=380.86..380.87 rows=1 width=8)
	  ->  Index Scan using sbtest8_pkey on sbtest8  (cost=0.43..380.62 rows=95 width=4)
	        Index Cond: ((id >= 5624564) AND (id <= 5624663))

for: simple_ranges
table 1 : explain SELECT c FROM sbtest1 WHERE id BETWEEN 3368453 AND 3368552
	Index Scan using sbtest1_pkey on sbtest1  (cost=0.43..408.96 rows=102 width=121)
	  Index Cond: ((id >= 3368453) AND (id <= 3368552))

table 2 : explain SELECT c FROM sbtest2 WHERE id BETWEEN 1134822 AND 1134921
	Index Scan using sbtest2_pkey on sbtest2  (cost=0.43..415.73 rows=104 width=121)
	  Index Cond: ((id >= 1134822) AND (id <= 1134921))

table 3 : explain SELECT c FROM sbtest3 WHERE id BETWEEN 6804350 AND 6804449
	Index Scan using sbtest3_pkey on sbtest3  (cost=0.43..388.79 rows=97 width=121)
	  Index Cond: ((id >= 6804350) AND (id <= 6804449))

table 4 : explain SELECT c FROM sbtest4 WHERE id BETWEEN 655992 AND 656091
	Index Scan using sbtest4_pkey on sbtest4  (cost=0.43..420.47 rows=105 width=121)
	  Index Cond: ((id >= 655992) AND (id <= 656091))

table 5 : explain SELECT c FROM sbtest5 WHERE id BETWEEN 3813238 AND 3813337
	Index Scan using sbtest5_pkey on sbtest5  (cost=0.43..423.63 rows=106 width=121)
	  Index Cond: ((id >= 3813238) AND (id <= 3813337))

table 6 : explain SELECT c FROM sbtest6 WHERE id BETWEEN 655702 AND 655801
	Index Scan using sbtest6_pkey on sbtest6  (cost=0.43..383.98 rows=96 width=121)
	  Index Cond: ((id >= 655702) AND (id <= 655801))

table 7 : explain SELECT c FROM sbtest7 WHERE id BETWEEN 9515641 AND 9515740
	Index Scan using sbtest7_pkey on sbtest7  (cost=0.43..387.61 rows=97 width=121)
	  Index Cond: ((id >= 9515641) AND (id <= 9515740))

table 8 : explain SELECT c FROM sbtest8 WHERE id BETWEEN 5398884 AND 5398983
	Index Scan using sbtest8_pkey on sbtest8  (cost=0.43..376.66 rows=94 width=121)
	  Index Cond: ((id >= 5398884) AND (id <= 5398983))

for: sum_ranges
table 1 : explain SELECT SUM(k) FROM sbtest1 WHERE id BETWEEN 7046278 AND 7046377
	Aggregate  (cost=421.12..421.13 rows=1 width=8)
	  ->  Index Scan using sbtest1_pkey on sbtest1  (cost=0.43..420.86 rows=105 width=4)
	        Index Cond: ((id >= 7046278) AND (id <= 7046377))

table 2 : explain SELECT SUM(k) FROM sbtest2 WHERE id BETWEEN 6068330 AND 6068429
	Aggregate  (cost=400.15..400.16 rows=1 width=8)
	  ->  Index Scan using sbtest2_pkey on sbtest2  (cost=0.43..399.90 rows=100 width=4)
	        Index Cond: ((id >= 6068330) AND (id <= 6068429))

table 3 : explain SELECT SUM(k) FROM sbtest3 WHERE id BETWEEN 8844362 AND 8844461
	Aggregate  (cost=456.44..456.45 rows=1 width=8)
	  ->  Index Scan using sbtest3_pkey on sbtest3  (cost=0.43..456.16 rows=114 width=4)
	        Index Cond: ((id >= 8844362) AND (id <= 8844461))

table 4 : explain SELECT SUM(k) FROM sbtest4 WHERE id BETWEEN 4835416 AND 4835515
	Aggregate  (cost=385.04..385.05 rows=1 width=8)
	  ->  Index Scan using sbtest4_pkey on sbtest4  (cost=0.43..384.80 rows=96 width=4)
	        Index Cond: ((id >= 4835416) AND (id <= 4835515))

table 5 : explain SELECT SUM(k) FROM sbtest5 WHERE id BETWEEN 2929081 AND 2929180
	Aggregate  (cost=384.32..384.33 rows=1 width=8)
	  ->  Index Scan using sbtest5_pkey on sbtest5  (cost=0.43..384.08 rows=96 width=4)
	        Index Cond: ((id >= 2929081) AND (id <= 2929180))

table 6 : explain SELECT SUM(k) FROM sbtest6 WHERE id BETWEEN 8660648 AND 8660747
	Aggregate  (cost=376.31..376.32 rows=1 width=8)
	  ->  Index Scan using sbtest6_pkey on sbtest6  (cost=0.43..376.08 rows=94 width=4)
	        Index Cond: ((id >= 8660648) AND (id <= 8660747))

table 7 : explain SELECT SUM(k) FROM sbtest7 WHERE id BETWEEN 2360258 AND 2360357
	Aggregate  (cost=383.90..383.91 rows=1 width=8)
	  ->  Index Scan using sbtest7_pkey on sbtest7  (cost=0.43..383.66 rows=96 width=4)
	        Index Cond: ((id >= 2360258) AND (id <= 2360357))

table 8 : explain SELECT SUM(k) FROM sbtest8 WHERE id BETWEEN 3439629 AND 3439728
	Aggregate  (cost=432.37..432.38 rows=1 width=8)
	  ->  Index Scan using sbtest8_pkey on sbtest8  (cost=0.43..432.10 rows=108 width=4)
	        Index Cond: ((id >= 3439629) AND (id <= 3439728))

for: order_ranges
table 1 : explain SELECT c FROM sbtest1 WHERE id BETWEEN 9735628 AND 9735727 ORDER BY c
	Sort  (cost=412.35..412.61 rows=102 width=121)
	  Sort Key: c
	  ->  Index Scan using sbtest1_pkey on sbtest1  (cost=0.43..408.95 rows=102 width=121)
	        Index Cond: ((id >= 9735628) AND (id <= 9735727))

table 2 : explain SELECT c FROM sbtest2 WHERE id BETWEEN 2544969 AND 2545068 ORDER BY c
	Sort  (cost=383.25..383.49 rows=95 width=121)
	  Sort Key: c
	  ->  Index Scan using sbtest2_pkey on sbtest2  (cost=0.43..380.13 rows=95 width=121)
	        Index Cond: ((id >= 2544969) AND (id <= 2545068))

table 3 : explain SELECT c FROM sbtest3 WHERE id BETWEEN 8312864 AND 8312963 ORDER BY c
	Sort  (cost=452.04..452.32 rows=112 width=121)
	  Sort Key: c
	  ->  Index Scan using sbtest3_pkey on sbtest3  (cost=0.43..448.23 rows=112 width=121)
	        Index Cond: ((id >= 8312864) AND (id <= 8312963))

table 4 : explain SELECT c FROM sbtest4 WHERE id BETWEEN 3053200 AND 3053299 ORDER BY c
	Sort  (cost=444.01..444.28 rows=110 width=121)
	  Sort Key: c
	  ->  Index Scan using sbtest4_pkey on sbtest4  (cost=0.43..440.28 rows=110 width=121)
	        Index Cond: ((id >= 3053200) AND (id <= 3053299))

table 5 : explain SELECT c FROM sbtest5 WHERE id BETWEEN 9911403 AND 9911502 ORDER BY c
	Sort  (cost=419.21..419.47 rows=104 width=121)
	  Sort Key: c
	  ->  Index Scan using sbtest5_pkey on sbtest5  (cost=0.43..415.72 rows=104 width=121)
	        Index Cond: ((id >= 9911403) AND (id <= 9911502))

table 6 : explain SELECT c FROM sbtest6 WHERE id BETWEEN 2640031 AND 2640130 ORDER BY c
	Sort  (cost=407.12..407.38 rows=101 width=121)
	  Sort Key: c
	  ->  Index Scan using sbtest6_pkey on sbtest6  (cost=0.43..403.76 rows=101 width=121)
	        Index Cond: ((id >= 2640031) AND (id <= 2640130))

table 7 : explain SELECT c FROM sbtest7 WHERE id BETWEEN 8171952 AND 8172051 ORDER BY c
	Sort  (cost=406.78..407.03 rows=101 width=121)
	  Sort Key: c
	  ->  Index Scan using sbtest7_pkey on sbtest7  (cost=0.43..403.42 rows=101 width=121)
	        Index Cond: ((id >= 8171952) AND (id <= 8172051))

table 8 : explain SELECT c FROM sbtest8 WHERE id BETWEEN 53430 AND 53529 ORDER BY c
	Sort  (cost=367.75..367.97 rows=91 width=121)
	  Sort Key: c
	  ->  Index Scan using sbtest8_pkey on sbtest8  (cost=0.43..364.79 rows=91 width=121)
	        Index Cond: ((id >= 53430) AND (id <= 53529))

for: order_ranges
table 1 : explain SELECT c FROM sbtest1 WHERE id BETWEEN 898474 AND 898573 ORDER BY c
	Sort  (cost=428.39..428.66 rows=106 width=121)
	  Sort Key: c
	  ->  Index Scan using sbtest1_pkey on sbtest1  (cost=0.43..424.83 rows=106 width=121)
	        Index Cond: ((id >= 898474) AND (id <= 898573))

table 2 : explain SELECT c FROM sbtest2 WHERE id BETWEEN 2872975 AND 2873074 ORDER BY c
	Sort  (cost=383.25..383.49 rows=95 width=121)
	  Sort Key: c
	  ->  Index Scan using sbtest2_pkey on sbtest2  (cost=0.43..380.13 rows=95 width=121)
	        Index Cond: ((id >= 2872975) AND (id <= 2873074))

table 3 : explain SELECT c FROM sbtest3 WHERE id BETWEEN 3572235 AND 3572334 ORDER BY c
	Sort  (cost=420.02..420.28 rows=104 width=121)
	  Sort Key: c
	  ->  Index Scan using sbtest3_pkey on sbtest3  (cost=0.43..416.54 rows=104 width=121)
	        Index Cond: ((id >= 3572235) AND (id <= 3572334))

table 4 : explain SELECT c FROM sbtest4 WHERE id BETWEEN 2528932 AND 2529031 ORDER BY c
	Sort  (cost=383.96..384.20 rows=95 width=121)
	  Sort Key: c
	  ->  Index Scan using sbtest4_pkey on sbtest4  (cost=0.43..380.84 rows=95 width=121)
	        Index Cond: ((id >= 2528932) AND (id <= 2529031))

table 5 : explain SELECT c FROM sbtest5 WHERE id BETWEEN 8906651 AND 8906750 ORDER BY c
	Sort  (cost=399.22..399.47 rows=99 width=121)
	  Sort Key: c
	  ->  Index Scan using sbtest5_pkey on sbtest5  (cost=0.43..395.94 rows=99 width=121)
	        Index Cond: ((id >= 8906651) AND (id <= 8906750))

table 6 : explain SELECT c FROM sbtest6 WHERE id BETWEEN 3715746 AND 3715845 ORDER BY c
	Sort  (cost=399.14..399.39 rows=99 width=121)
	  Sort Key: c
	  ->  Index Scan using sbtest6_pkey on sbtest6  (cost=0.43..395.86 rows=99 width=121)
	        Index Cond: ((id >= 3715746) AND (id <= 3715845))

table 7 : explain SELECT c FROM sbtest7 WHERE id BETWEEN 3674323 AND 3674422 ORDER BY c
	Sort  (cost=422.74..423.00 rows=105 width=121)
	  Sort Key: c
	  ->  Index Scan using sbtest7_pkey on sbtest7  (cost=0.43..419.22 rows=105 width=121)
	        Index Cond: ((id >= 3674323) AND (id <= 3674422))

table 8 : explain SELECT c FROM sbtest8 WHERE id BETWEEN 8082908 AND 8083007 ORDER BY c
	Sort  (cost=395.74..395.98 rows=98 width=121)
	  Sort Key: c
	  ->  Index Scan using sbtest8_pkey on sbtest8  (cost=0.43..392.50 rows=98 width=121)
	        Index Cond: ((id >= 8082908) AND (id <= 8083007))

for point_selects
table 1 : explain SELECT c FROM sbtest1 WHERE id=298017
	Index Scan using sbtest1_pkey on sbtest1  (cost=0.43..8.45 rows=1 width=121)
	  Index Cond: (id = 298017)

table 2 : explain SELECT c FROM sbtest2 WHERE id=2382572
	Index Scan using sbtest2_pkey on sbtest2  (cost=0.43..8.45 rows=1 width=121)
	  Index Cond: (id = 2382572)

table 3 : explain SELECT c FROM sbtest3 WHERE id=8752564
	Index Scan using sbtest3_pkey on sbtest3  (cost=0.43..8.45 rows=1 width=121)
	  Index Cond: (id = 8752564)

table 4 : explain SELECT c FROM sbtest4 WHERE id=1946971
	Index Scan using sbtest4_pkey on sbtest4  (cost=0.43..8.45 rows=1 width=121)
	  Index Cond: (id = 1946971)

table 5 : explain SELECT c FROM sbtest5 WHERE id=9787416
	Index Scan using sbtest5_pkey on sbtest5  (cost=0.43..8.45 rows=1 width=121)
	  Index Cond: (id = 9787416)

table 6 : explain SELECT c FROM sbtest6 WHERE id=6169784
	Index Scan using sbtest6_pkey on sbtest6  (cost=0.43..8.45 rows=1 width=121)
	  Index Cond: (id = 6169784)

table 7 : explain SELECT c FROM sbtest7 WHERE id=1280836
	Index Scan using sbtest7_pkey on sbtest7  (cost=0.43..8.45 rows=1 width=121)
	  Index Cond: (id = 1280836)

table 8 : explain SELECT c FROM sbtest8 WHERE id=818702
	Index Scan using sbtest8_pkey on sbtest8  (cost=0.43..8.45 rows=1 width=121)
	  Index Cond: (id = 818702)

for: order_ranges
table 1 : explain SELECT c FROM sbtest1 WHERE id BETWEEN 9061397 AND 9061496 ORDER BY c
	Sort  (cost=372.30..372.53 rows=92 width=121)
	  Sort Key: c
	  ->  Index Scan using sbtest1_pkey on sbtest1  (cost=0.43..369.30 rows=92 width=121)
	        Index Cond: ((id >= 9061397) AND (id <= 9061496))

table 2 : explain SELECT c FROM sbtest2 WHERE id BETWEEN 1648627 AND 1648726 ORDER BY c
	Sort  (cost=395.23..395.47 rows=98 width=121)
	  Sort Key: c
	  ->  Index Scan using sbtest2_pkey on sbtest2  (cost=0.43..391.99 rows=98 width=121)
	        Index Cond: ((id >= 1648627) AND (id <= 1648726))

table 3 : explain SELECT c FROM sbtest3 WHERE id BETWEEN 7503361 AND 7503460 ORDER BY c
	Sort  (cost=416.02..416.28 rows=103 width=121)
	  Sort Key: c
	  ->  Index Scan using sbtest3_pkey on sbtest3  (cost=0.43..412.58 rows=103 width=121)
	        Index Cond: ((id >= 7503361) AND (id <= 7503460))

table 4 : explain SELECT c FROM sbtest4 WHERE id BETWEEN 6409849 AND 6409948 ORDER BY c
	Sort  (cost=440.00..440.28 rows=109 width=121)
	  Sort Key: c
	  ->  Index Scan using sbtest4_pkey on sbtest4  (cost=0.43..436.32 rows=109 width=121)
	        Index Cond: ((id >= 6409849) AND (id <= 6409948))

table 5 : explain SELECT c FROM sbtest5 WHERE id BETWEEN 4441797 AND 4441896 ORDER BY c
	Sort  (cost=403.23..403.48 rows=100 width=121)
	  Sort Key: c
	  ->  Index Scan using sbtest5_pkey on sbtest5  (cost=0.43..399.91 rows=100 width=121)
	        Index Cond: ((id >= 4441797) AND (id <= 4441896))

table 6 : explain SELECT c FROM sbtest6 WHERE id BETWEEN 5341504 AND 5341603 ORDER BY c
	Sort  (cost=383.15..383.39 rows=95 width=121)
	  Sort Key: c
	  ->  Index Scan using sbtest6_pkey on sbtest6  (cost=0.43..380.03 rows=95 width=121)
	        Index Cond: ((id >= 5341504) AND (id <= 5341603))

table 7 : explain SELECT c FROM sbtest7 WHERE id BETWEEN 4215757 AND 4215856 ORDER BY c
	Sort  (cost=394.80..395.04 rows=98 width=121)
	  Sort Key: c
	  ->  Index Scan using sbtest7_pkey on sbtest7  (cost=0.43..391.55 rows=98 width=121)
	        Index Cond: ((id >= 4215757) AND (id <= 4215856))

table 8 : explain SELECT c FROM sbtest8 WHERE id BETWEEN 8837370 AND 8837469 ORDER BY c
	Sort  (cost=391.74..391.98 rows=97 width=121)
	  Sort Key: c
	  ->  Index Scan using sbtest8_pkey on sbtest8  (cost=0.43..388.54 rows=97 width=121)
	        Index Cond: ((id >= 8837370) AND (id <= 8837469))

for: simple_ranges
table 1 : explain SELECT c FROM sbtest1 WHERE id BETWEEN 1376671 AND 1376770
	Index Scan using sbtest1_pkey on sbtest1  (cost=0.43..440.69 rows=110 width=121)
	  Index Cond: ((id >= 1376671) AND (id <= 1376770))

table 2 : explain SELECT c FROM sbtest2 WHERE id BETWEEN 283033 AND 283132
	Index Scan using sbtest2_pkey on sbtest2  (cost=0.43..395.94 rows=99 width=121)
	  Index Cond: ((id >= 283033) AND (id <= 283132))

table 3 : explain SELECT c FROM sbtest3 WHERE id BETWEEN 6251842 AND 6251941
	Index Scan using sbtest3_pkey on sbtest3  (cost=0.43..365.02 rows=91 width=121)
	  Index Cond: ((id >= 6251842) AND (id <= 6251941))

table 4 : explain SELECT c FROM sbtest4 WHERE id BETWEEN 4996955 AND 4997054
	Index Scan using sbtest4_pkey on sbtest4  (cost=0.43..416.51 rows=104 width=121)
	  Index Cond: ((id >= 4996955) AND (id <= 4997054))

table 5 : explain SELECT c FROM sbtest5 WHERE id BETWEEN 8450448 AND 8450547
	Index Scan using sbtest5_pkey on sbtest5  (cost=0.43..415.72 rows=104 width=121)
	  Index Cond: ((id >= 8450448) AND (id <= 8450547))

table 6 : explain SELECT c FROM sbtest6 WHERE id BETWEEN 8858760 AND 8858859
	Index Scan using sbtest6_pkey on sbtest6  (cost=0.43..395.86 rows=99 width=121)
	  Index Cond: ((id >= 8858760) AND (id <= 8858859))

table 7 : explain SELECT c FROM sbtest7 WHERE id BETWEEN 9594430 AND 9594529
	Index Scan using sbtest7_pkey on sbtest7  (cost=0.43..387.61 rows=97 width=121)
	  Index Cond: ((id >= 9594430) AND (id <= 9594529))

table 8 : explain SELECT c FROM sbtest8 WHERE id BETWEEN 7778343 AND 7778442
	Index Scan using sbtest8_pkey on sbtest8  (cost=0.43..424.18 rows=106 width=121)
	  Index Cond: ((id >= 7778343) AND (id <= 7778442))

for: distinct_ranges
table 1 : explain SELECT DISTINCT c FROM sbtest1 WHERE id BETWEEN 737378 AND 737477 ORDER BY c
	Unique  (cost=400.34..400.83 rows=99 width=121)
	  ->  Sort  (cost=400.34..400.59 rows=99 width=121)
	        Sort Key: c
	        ->  Index Scan using sbtest1_pkey on sbtest1  (cost=0.43..397.06 rows=99 width=121)
	              Index Cond: ((id >= 737378) AND (id <= 737477))

table 2 : explain SELECT DISTINCT c FROM sbtest2 WHERE id BETWEEN 6127964 AND 6128063 ORDER BY c
	Unique  (cost=427.20..427.73 rows=106 width=121)
	  ->  Sort  (cost=427.20..427.46 rows=106 width=121)
	        Sort Key: c
	        ->  Index Scan using sbtest2_pkey on sbtest2  (cost=0.43..423.63 rows=106 width=121)
	              Index Cond: ((id >= 6127964) AND (id <= 6128063))

table 3 : explain SELECT DISTINCT c FROM sbtest3 WHERE id BETWEEN 2870707 AND 2870806 ORDER BY c
	Unique  (cost=392.00..392.48 rows=97 width=121)
	  ->  Sort  (cost=392.00..392.24 rows=97 width=121)
	        Sort Key: c
	        ->  Index Scan using sbtest3_pkey on sbtest3  (cost=0.43..388.79 rows=97 width=121)
	              Index Cond: ((id >= 2870707) AND (id <= 2870806))

table 4 : explain SELECT DISTINCT c FROM sbtest4 WHERE id BETWEEN 6978576 AND 6978675 ORDER BY c
	Unique  (cost=395.97..396.46 rows=98 width=121)
	  ->  Sort  (cost=395.97..396.21 rows=98 width=121)
	        Sort Key: c
	        ->  Index Scan using sbtest4_pkey on sbtest4  (cost=0.43..392.73 rows=98 width=121)
	              Index Cond: ((id >= 6978576) AND (id <= 6978675))

table 5 : explain SELECT DISTINCT c FROM sbtest5 WHERE id BETWEEN 8487753 AND 8487852 ORDER BY c
	Unique  (cost=419.21..419.73 rows=104 width=121)
	  ->  Sort  (cost=419.21..419.47 rows=104 width=121)
	        Sort Key: c
	        ->  Index Scan using sbtest5_pkey on sbtest5  (cost=0.43..415.72 rows=104 width=121)
	              Index Cond: ((id >= 8487753) AND (id <= 8487852))

table 6 : explain SELECT DISTINCT c FROM sbtest6 WHERE id BETWEEN 6799041 AND 6799140 ORDER BY c
	Unique  (cost=447.06..447.61 rows=111 width=121)
	  ->  Sort  (cost=447.06..447.34 rows=111 width=121)
	        Sort Key: c
	        ->  Index Scan using sbtest6_pkey on sbtest6  (cost=0.43..443.29 rows=111 width=121)
	              Index Cond: ((id >= 6799041) AND (id <= 6799140))

table 7 : explain SELECT DISTINCT c FROM sbtest7 WHERE id BETWEEN 8102613 AND 8102712 ORDER BY c
	Unique  (cost=374.85..375.31 rows=93 width=121)
	  ->  Sort  (cost=374.85..375.08 rows=93 width=121)
	        Sort Key: c
	        ->  Index Scan using sbtest7_pkey on sbtest7  (cost=0.43..371.81 rows=93 width=121)
	              Index Cond: ((id >= 8102613) AND (id <= 8102712))

table 8 : explain SELECT DISTINCT c FROM sbtest8 WHERE id BETWEEN 2121285 AND 2121384 ORDER BY c
	Unique  (cost=431.75..432.28 rows=107 width=121)
	  ->  Sort  (cost=431.75..432.02 rows=107 width=121)
	        Sort Key: c
	        ->  Index Scan using sbtest8_pkey on sbtest8  (cost=0.43..428.14 rows=107 width=121)
	              Index Cond: ((id >= 2121285) AND (id <= 2121384))

for: sum_ranges
table 1 : explain SELECT SUM(k) FROM sbtest1 WHERE id BETWEEN 5454743 AND 5454842
	Aggregate  (cost=389.37..389.38 rows=1 width=8)
	  ->  Index Scan using sbtest1_pkey on sbtest1  (cost=0.43..389.13 rows=97 width=4)
	        Index Cond: ((id >= 5454743) AND (id <= 5454842))

table 2 : explain SELECT SUM(k) FROM sbtest2 WHERE id BETWEEN 3384447 AND 3384546
	Aggregate  (cost=415.99..416.00 rows=1 width=8)
	  ->  Index Scan using sbtest2_pkey on sbtest2  (cost=0.43..415.73 rows=104 width=4)
	        Index Cond: ((id >= 3384447) AND (id <= 3384546))

table 3 : explain SELECT SUM(k) FROM sbtest3 WHERE id BETWEEN 6424137 AND 6424236
	Aggregate  (cost=393.00..393.01 rows=1 width=8)
	  ->  Index Scan using sbtest3_pkey on sbtest3  (cost=0.43..392.76 rows=98 width=4)
	        Index Cond: ((id >= 6424137) AND (id <= 6424236))

table 4 : explain SELECT SUM(k) FROM sbtest4 WHERE id BETWEEN 8131546 AND 8131645
	Aggregate  (cost=404.88..404.89 rows=1 width=8)
	  ->  Index Scan using sbtest4_pkey on sbtest4  (cost=0.43..404.63 rows=101 width=4)
	        Index Cond: ((id >= 8131546) AND (id <= 8131645))

table 5 : explain SELECT SUM(k) FROM sbtest5 WHERE id BETWEEN 7545480 AND 7545579
	Aggregate  (cost=372.45..372.46 rows=1 width=8)
	  ->  Index Scan using sbtest5_pkey on sbtest5  (cost=0.43..372.22 rows=93 width=4)
	        Index Cond: ((id >= 7545480) AND (id <= 7545579))

table 6 : explain SELECT SUM(k) FROM sbtest6 WHERE id BETWEEN 2357153 AND 2357252
	Aggregate  (cost=435.65..435.66 rows=1 width=8)
	  ->  Index Scan using sbtest6_pkey on sbtest6  (cost=0.43..435.38 rows=109 width=4)
	        Index Cond: ((id >= 2357153) AND (id <= 2357252))

table 7 : explain SELECT SUM(k) FROM sbtest7 WHERE id BETWEEN 2888331 AND 2888430
	Aggregate  (cost=403.67..403.68 rows=1 width=8)
	  ->  Index Scan using sbtest7_pkey on sbtest7  (cost=0.43..403.42 rows=101 width=4)
	        Index Cond: ((id >= 2888331) AND (id <= 2888430))

table 8 : explain SELECT SUM(k) FROM sbtest8 WHERE id BETWEEN 4460782 AND 4460881
	Aggregate  (cost=396.72..396.73 rows=1 width=8)
	  ->  Index Scan using sbtest8_pkey on sbtest8  (cost=0.43..396.47 rows=99 width=4)
	        Index Cond: ((id >= 4460782) AND (id <= 4460881))

for: order_ranges
table 1 : explain SELECT c FROM sbtest1 WHERE id BETWEEN 8829740 AND 8829839 ORDER BY c
	Sort  (cost=376.31..376.54 rows=93 width=121)
	  Sort Key: c
	  ->  Index Scan using sbtest1_pkey on sbtest1  (cost=0.43..373.27 rows=93 width=121)
	        Index Cond: ((id >= 8829740) AND (id <= 8829839))

table 2 : explain SELECT c FROM sbtest2 WHERE id BETWEEN 5119365 AND 5119464 ORDER BY c
	Sort  (cost=383.25..383.49 rows=95 width=121)
	  Sort Key: c
	  ->  Index Scan using sbtest2_pkey on sbtest2  (cost=0.43..380.13 rows=95 width=121)
	        Index Cond: ((id >= 5119365) AND (id <= 5119464))

table 3 : explain SELECT c FROM sbtest3 WHERE id BETWEEN 465556 AND 465655 ORDER BY c
	Sort  (cost=392.00..392.24 rows=97 width=121)
	  Sort Key: c
	  ->  Index Scan using sbtest3_pkey on sbtest3  (cost=0.43..388.79 rows=97 width=121)
	        Index Cond: ((id >= 465556) AND (id <= 465655))

table 4 : explain SELECT c FROM sbtest4 WHERE id BETWEEN 8463731 AND 8463830 ORDER BY c
	Sort  (cost=456.01..456.30 rows=113 width=121)
	  Sort Key: c
	  ->  Index Scan using sbtest4_pkey on sbtest4  (cost=0.43..452.16 rows=113 width=121)
	        Index Cond: ((id >= 8463731) AND (id <= 8463830))

table 5 : explain SELECT c FROM sbtest5 WHERE id BETWEEN 2269313 AND 2269412 ORDER BY c
	Sort  (cost=403.23..403.48 rows=100 width=121)
	  Sort Key: c
	  ->  Index Scan using sbtest5_pkey on sbtest5  (cost=0.43..399.91 rows=100 width=121)
	        Index Cond: ((id >= 2269313) AND (id <= 2269412))

table 6 : explain SELECT c FROM sbtest6 WHERE id BETWEEN 4910092 AND 4910191 ORDER BY c
	Sort  (cost=403.13..403.38 rows=100 width=121)
	  Sort Key: c
	  ->  Index Scan using sbtest6_pkey on sbtest6  (cost=0.43..399.81 rows=100 width=121)
	        Index Cond: ((id >= 4910092) AND (id <= 4910191))

table 7 : explain SELECT c FROM sbtest7 WHERE id BETWEEN 7290892 AND 7290991 ORDER BY c
	Sort  (cost=362.88..363.11 rows=90 width=121)
	  Sort Key: c
	  ->  Index Scan using sbtest7_pkey on sbtest7  (cost=0.43..359.96 rows=90 width=121)
	        Index Cond: ((id >= 7290892) AND (id <= 7290991))

table 8 : explain SELECT c FROM sbtest8 WHERE id BETWEEN 2687090 AND 2687189 ORDER BY c
	Sort  (cost=379.74..379.98 rows=94 width=121)
	  Sort Key: c
	  ->  Index Scan using sbtest8_pkey on sbtest8  (cost=0.43..376.66 rows=94 width=121)
	        Index Cond: ((id >= 2687090) AND (id <= 2687189))

for: simple_ranges
table 1 : explain SELECT c FROM sbtest1 WHERE id BETWEEN 6453537 AND 6453636
	Index Scan using sbtest1_pkey on sbtest1  (cost=0.43..420.86 rows=105 width=121)
	  Index Cond: ((id >= 6453537) AND (id <= 6453636))

table 2 : explain SELECT c FROM sbtest2 WHERE id BETWEEN 9594683 AND 9594782
	Index Scan using sbtest2_pkey on sbtest2  (cost=0.43..380.13 rows=95 width=121)
	  Index Cond: ((id >= 9594683) AND (id <= 9594782))

table 3 : explain SELECT c FROM sbtest3 WHERE id BETWEEN 1082686 AND 1082785
	Index Scan using sbtest3_pkey on sbtest3  (cost=0.43..392.76 rows=98 width=121)
	  Index Cond: ((id >= 1082686) AND (id <= 1082785))

table 4 : explain SELECT c FROM sbtest4 WHERE id BETWEEN 2909158 AND 2909257
	Index Scan using sbtest4_pkey on sbtest4  (cost=0.43..380.84 rows=95 width=121)
	  Index Cond: ((id >= 2909158) AND (id <= 2909257))

table 5 : explain SELECT c FROM sbtest5 WHERE id BETWEEN 5843961 AND 5844060
	Index Scan using sbtest5_pkey on sbtest5  (cost=0.43..455.26 rows=114 width=121)
	  Index Cond: ((id >= 5843961) AND (id <= 5844060))

table 6 : explain SELECT c FROM sbtest6 WHERE id BETWEEN 4455900 AND 4455999
	Index Scan using sbtest6_pkey on sbtest6  (cost=0.43..395.86 rows=99 width=121)
	  Index Cond: ((id >= 4455900) AND (id <= 4455999))

table 7 : explain SELECT c FROM sbtest7 WHERE id BETWEEN 4456470 AND 4456569
	Index Scan using sbtest7_pkey on sbtest7  (cost=0.43..411.32 rows=103 width=121)
	  Index Cond: ((id >= 4456470) AND (id <= 4456569))

table 8 : explain SELECT c FROM sbtest8 WHERE id BETWEEN 6708998 AND 6709097
	Index Scan using sbtest8_pkey on sbtest8  (cost=0.43..396.47 rows=99 width=121)
	  Index Cond: ((id >= 6708998) AND (id <= 6709097))

explain: for point_selects :: explain SELECT c FROM sbtest%u WHERE id=%u
explain: for point_selects :: explain SELECT c FROM sbtest%u WHERE id=%u
for: sum_ranges
table 1 : explain SELECT SUM(k) FROM sbtest1 WHERE id BETWEEN 6961109 AND 6961208
	Aggregate  (cost=421.12..421.13 rows=1 width=8)
	  ->  Index Scan using sbtest1_pkey on sbtest1  (cost=0.43..420.86 rows=105 width=4)
	        Index Cond: ((id >= 6961109) AND (id <= 6961208))

table 2 : explain SELECT SUM(k) FROM sbtest2 WHERE id BETWEEN 3449457 AND 3449556
	Aggregate  (cost=415.99..416.00 rows=1 width=8)
	  ->  Index Scan using sbtest2_pkey on sbtest2  (cost=0.43..415.73 rows=104 width=4)
	        Index Cond: ((id >= 3449457) AND (id <= 3449556))

table 3 : explain SELECT SUM(k) FROM sbtest3 WHERE id BETWEEN 6470118 AND 6470217
	Aggregate  (cost=393.00..393.01 rows=1 width=8)
	  ->  Index Scan using sbtest3_pkey on sbtest3  (cost=0.43..392.76 rows=98 width=4)
	        Index Cond: ((id >= 6470118) AND (id <= 6470217))

table 4 : explain SELECT SUM(k) FROM sbtest4 WHERE id BETWEEN 8668386 AND 8668485
	Aggregate  (cost=392.97..392.98 rows=1 width=8)
	  ->  Index Scan using sbtest4_pkey on sbtest4  (cost=0.43..392.73 rows=98 width=4)
	        Index Cond: ((id >= 8668386) AND (id <= 8668485))

table 5 : explain SELECT SUM(k) FROM sbtest5 WHERE id BETWEEN 2956676 AND 2956775
	Aggregate  (cost=384.32..384.33 rows=1 width=8)
	  ->  Index Scan using sbtest5_pkey on sbtest5  (cost=0.43..384.08 rows=96 width=4)
	        Index Cond: ((id >= 2956676) AND (id <= 2956775))

table 6 : explain SELECT SUM(k) FROM sbtest6 WHERE id BETWEEN 4012206 AND 4012305
	Aggregate  (cost=411.92..411.93 rows=1 width=8)
	  ->  Index Scan using sbtest6_pkey on sbtest6  (cost=0.43..411.67 rows=103 width=4)
	        Index Cond: ((id >= 4012206) AND (id <= 4012305))

table 7 : explain SELECT SUM(k) FROM sbtest7 WHERE id BETWEEN 5865866 AND 5865965
	Aggregate  (cost=395.77..395.78 rows=1 width=8)
	  ->  Index Scan using sbtest7_pkey on sbtest7  (cost=0.43..395.52 rows=99 width=4)
	        Index Cond: ((id >= 5865866) AND (id <= 5865965))

table 8 : explain SELECT SUM(k) FROM sbtest8 WHERE id BETWEEN 4870205 AND 4870304
	Aggregate  (cost=408.60..408.61 rows=1 width=8)
	  ->  Index Scan using sbtest8_pkey on sbtest8  (cost=0.43..408.35 rows=102 width=4)
	        Index Cond: ((id >= 4870205) AND (id <= 4870304))

for: sum_ranges
table 1 : explain SELECT SUM(k) FROM sbtest1 WHERE id BETWEEN 857142 AND 857241
	Aggregate  (cost=425.09..425.10 rows=1 width=8)
	  ->  Index Scan using sbtest1_pkey on sbtest1  (cost=0.43..424.83 rows=106 width=4)
	        Index Cond: ((id >= 857142) AND (id <= 857241))

table 2 : explain SELECT SUM(k) FROM sbtest2 WHERE id BETWEEN 5737989 AND 5738088
	Aggregate  (cost=408.07..408.08 rows=1 width=8)
	  ->  Index Scan using sbtest2_pkey on sbtest2  (cost=0.43..407.82 rows=102 width=4)
	        Index Cond: ((id >= 5737989) AND (id <= 5738088))

table 3 : explain SELECT SUM(k) FROM sbtest3 WHERE id BETWEEN 5971598 AND 5971697
	Aggregate  (cost=440.58..440.59 rows=1 width=8)
	  ->  Index Scan using sbtest3_pkey on sbtest3  (cost=0.43..440.31 rows=110 width=4)
	        Index Cond: ((id >= 5971598) AND (id <= 5971697))

table 4 : explain SELECT SUM(k) FROM sbtest4 WHERE id BETWEEN 3821640 AND 3821739
	Aggregate  (cost=381.08..381.09 rows=1 width=8)
	  ->  Index Scan using sbtest4_pkey on sbtest4  (cost=0.43..380.84 rows=95 width=4)
	        Index Cond: ((id >= 3821640) AND (id <= 3821739))

table 5 : explain SELECT SUM(k) FROM sbtest5 WHERE id BETWEEN 3391875 AND 3391974
	Aggregate  (cost=364.54..364.55 rows=1 width=8)
	  ->  Index Scan using sbtest5_pkey on sbtest5  (cost=0.43..364.31 rows=91 width=4)
	        Index Cond: ((id >= 3391875) AND (id <= 3391974))

table 6 : explain SELECT SUM(k) FROM sbtest6 WHERE id BETWEEN 1275727 AND 1275826
	Aggregate  (cost=407.97..407.98 rows=1 width=8)
	  ->  Index Scan using sbtest6_pkey on sbtest6  (cost=0.43..407.71 rows=102 width=4)
	        Index Cond: ((id >= 1275727) AND (id <= 1275826))

table 7 : explain SELECT SUM(k) FROM sbtest7 WHERE id BETWEEN 6997566 AND 6997665
	Aggregate  (cost=423.43..423.44 rows=1 width=8)
	  ->  Index Scan using sbtest7_pkey on sbtest7  (cost=0.43..423.16 rows=106 width=4)
	        Index Cond: ((id >= 6997566) AND (id <= 6997665))

table 8 : explain SELECT SUM(k) FROM sbtest8 WHERE id BETWEEN 9330505 AND 9330604
	Aggregate  (cost=341.24..341.25 rows=1 width=8)
	  ->  Index Scan using sbtest8_pkey on sbtest8  (cost=0.43..341.03 rows=85 width=4)
	        Index Cond: ((id >= 9330505) AND (id <= 9330604))

for: order_ranges
table 1 : explain SELECT c FROM sbtest1 WHERE id BETWEEN 595455 AND 595554 ORDER BY c
	Sort  (cost=404.34..404.59 rows=100 width=121)
	  Sort Key: c
	  ->  Index Scan using sbtest1_pkey on sbtest1  (cost=0.43..401.02 rows=100 width=121)
	        Index Cond: ((id >= 595455) AND (id <= 595554))

table 2 : explain SELECT c FROM sbtest2 WHERE id BETWEEN 8276304 AND 8276403 ORDER BY c
	Sort  (cost=423.21..423.47 rows=105 width=121)
	  Sort Key: c
	  ->  Index Scan using sbtest2_pkey on sbtest2  (cost=0.43..419.68 rows=105 width=121)
	        Index Cond: ((id >= 8276304) AND (id <= 8276403))

table 3 : explain SELECT c FROM sbtest3 WHERE id BETWEEN 8199361 AND 8199460 ORDER BY c
	Sort  (cost=367.99..368.21 rows=91 width=121)
	  Sort Key: c
	  ->  Index Scan using sbtest3_pkey on sbtest3  (cost=0.43..365.02 rows=91 width=121)
	        Index Cond: ((id >= 8199361) AND (id <= 8199460))

table 4 : explain SELECT c FROM sbtest4 WHERE id BETWEEN 7333822 AND 7333921 ORDER BY c
	Sort  (cost=367.96..368.19 rows=91 width=121)
	  Sort Key: c
	  ->  Index Scan using sbtest4_pkey on sbtest4  (cost=0.43..365.00 rows=91 width=121)
	        Index Cond: ((id >= 7333822) AND (id <= 7333921))

table 5 : explain SELECT c FROM sbtest5 WHERE id BETWEEN 7733047 AND 7733146 ORDER BY c
	Sort  (cost=379.25..379.48 rows=94 width=121)
	  Sort Key: c
	  ->  Index Scan using sbtest5_pkey on sbtest5  (cost=0.43..376.17 rows=94 width=121)
	        Index Cond: ((id >= 7733047) AND (id <= 7733146))

table 6 : explain SELECT c FROM sbtest6 WHERE id BETWEEN 483531 AND 483630 ORDER BY c
	Sort  (cost=415.11..415.37 rows=103 width=121)
	  Sort Key: c
	  ->  Index Scan using sbtest6_pkey on sbtest6  (cost=0.43..411.67 rows=103 width=121)
	        Index Cond: ((id >= 483531) AND (id <= 483630))

table 7 : explain SELECT c FROM sbtest7 WHERE id BETWEEN 1404950 AND 1405049 ORDER BY c
	Sort  (cost=386.82..387.06 rows=96 width=121)
	  Sort Key: c
	  ->  Index Scan using sbtest7_pkey on sbtest7  (cost=0.43..383.66 rows=96 width=121)
	        Index Cond: ((id >= 1404950) AND (id <= 1405049))

table 8 : explain SELECT c FROM sbtest8 WHERE id BETWEEN 7340980 AND 7341079 ORDER BY c
	Sort  (cost=391.74..391.98 rows=97 width=121)
	  Sort Key: c
	  ->  Index Scan using sbtest8_pkey on sbtest8  (cost=0.43..388.54 rows=97 width=121)
	        Index Cond: ((id >= 7340980) AND (id <= 7341079))

for: order_ranges
table 1 : explain SELECT c FROM sbtest1 WHERE id BETWEEN 5431298 AND 5431397 ORDER BY c
	Sort  (cost=392.33..392.57 rows=97 width=121)
	  Sort Key: c
	  ->  Index Scan using sbtest1_pkey on sbtest1  (cost=0.43..389.13 rows=97 width=121)
	        Index Cond: ((id >= 5431298) AND (id <= 5431397))

table 2 : explain SELECT c FROM sbtest2 WHERE id BETWEEN 6288587 AND 6288686 ORDER BY c
	Sort  (cost=407.23..407.48 rows=101 width=121)
	  Sort Key: c
	  ->  Index Scan using sbtest2_pkey on sbtest2  (cost=0.43..403.87 rows=101 width=121)
	        Index Cond: ((id >= 6288587) AND (id <= 6288686))

table 3 : explain SELECT c FROM sbtest3 WHERE id BETWEEN 1558973 AND 1559072 ORDER BY c
	Sort  (cost=408.02..408.27 rows=101 width=121)
	  Sort Key: c
	  ->  Index Scan using sbtest3_pkey on sbtest3  (cost=0.43..404.65 rows=101 width=121)
	        Index Cond: ((id >= 1558973) AND (id <= 1559072))

table 4 : explain SELECT c FROM sbtest4 WHERE id BETWEEN 1073056 AND 1073155 ORDER BY c
	Sort  (cost=395.97..396.21 rows=98 width=121)
	  Sort Key: c
	  ->  Index Scan using sbtest4_pkey on sbtest4  (cost=0.43..392.73 rows=98 width=121)
	        Index Cond: ((id >= 1073056) AND (id <= 1073155))

table 5 : explain SELECT c FROM sbtest5 WHERE id BETWEEN 5206358 AND 5206457 ORDER BY c
	Sort  (cost=427.19..427.46 rows=106 width=121)
	  Sort Key: c
	  ->  Index Scan using sbtest5_pkey on sbtest5  (cost=0.43..423.63 rows=106 width=121)
	        Index Cond: ((id >= 5206358) AND (id <= 5206457))

table 6 : explain SELECT c FROM sbtest6 WHERE id BETWEEN 2367884 AND 2367983 ORDER BY c
	Sort  (cost=439.07..439.34 rows=109 width=121)
	  Sort Key: c
	  ->  Index Scan using sbtest6_pkey on sbtest6  (cost=0.43..435.38 rows=109 width=121)
	        Index Cond: ((id >= 2367884) AND (id <= 2367983))

table 7 : explain SELECT c FROM sbtest7 WHERE id BETWEEN 942855 AND 942954 ORDER BY c
	Sort  (cost=406.78..407.03 rows=101 width=121)
	  Sort Key: c
	  ->  Index Scan using sbtest7_pkey on sbtest7  (cost=0.43..403.42 rows=101 width=121)
	        Index Cond: ((id >= 942855) AND (id <= 942954))

table 8 : explain SELECT c FROM sbtest8 WHERE id BETWEEN 3664242 AND 3664341 ORDER BY c
	Sort  (cost=431.75..432.02 rows=107 width=121)
	  Sort Key: c
	  ->  Index Scan using sbtest8_pkey on sbtest8  (cost=0.43..428.14 rows=107 width=121)
	        Index Cond: ((id >= 3664242) AND (id <= 3664341))

for: sum_ranges
table 1 : explain SELECT SUM(k) FROM sbtest1 WHERE id BETWEEN 1509486 AND 1509585
	Aggregate  (cost=421.12..421.13 rows=1 width=8)
	  ->  Index Scan using sbtest1_pkey on sbtest1  (cost=0.43..420.86 rows=105 width=4)
	        Index Cond: ((id >= 1509486) AND (id <= 1509585))

table 2 : explain SELECT SUM(k) FROM sbtest2 WHERE id BETWEEN 5976056 AND 5976155
	Aggregate  (cost=427.85..427.86 rows=1 width=8)
	  ->  Index Scan using sbtest2_pkey on sbtest2  (cost=0.43..427.59 rows=107 width=4)
	        Index Cond: ((id >= 5976056) AND (id <= 5976155))

table 3 : explain SELECT SUM(k) FROM sbtest3 WHERE id BETWEEN 9184965 AND 9185064
	Aggregate  (cost=393.00..393.01 rows=1 width=8)
	  ->  Index Scan using sbtest3_pkey on sbtest3  (cost=0.43..392.76 rows=98 width=4)
	        Index Cond: ((id >= 9184965) AND (id <= 9185064))

table 4 : explain SELECT SUM(k) FROM sbtest4 WHERE id BETWEEN 5828522 AND 5828621
	Aggregate  (cost=396.94..396.95 rows=1 width=8)
	  ->  Index Scan using sbtest4_pkey on sbtest4  (cost=0.43..396.69 rows=99 width=4)
	        Index Cond: ((id >= 5828522) AND (id <= 5828621))

table 5 : explain SELECT SUM(k) FROM sbtest5 WHERE id BETWEEN 3824599 AND 3824698
	Aggregate  (cost=423.89..423.90 rows=1 width=8)
	  ->  Index Scan using sbtest5_pkey on sbtest5  (cost=0.43..423.63 rows=106 width=4)
	        Index Cond: ((id >= 3824599) AND (id <= 3824698))

table 6 : explain SELECT SUM(k) FROM sbtest6 WHERE id BETWEEN 7158602 AND 7158701
	Aggregate  (cost=404.01..404.02 rows=1 width=8)
	  ->  Index Scan using sbtest6_pkey on sbtest6  (cost=0.43..403.76 rows=101 width=4)
	        Index Cond: ((id >= 7158602) AND (id <= 7158701))

table 7 : explain SELECT SUM(k) FROM sbtest7 WHERE id BETWEEN 5906641 AND 5906740
	Aggregate  (cost=395.77..395.78 rows=1 width=8)
	  ->  Index Scan using sbtest7_pkey on sbtest7  (cost=0.43..395.52 rows=99 width=4)
	        Index Cond: ((id >= 5906641) AND (id <= 5906740))

table 8 : explain SELECT SUM(k) FROM sbtest8 WHERE id BETWEEN 4582225 AND 4582324
	Aggregate  (cost=392.74..392.75 rows=1 width=8)
	  ->  Index Scan using sbtest8_pkey on sbtest8  (cost=0.43..392.50 rows=98 width=4)
	        Index Cond: ((id >= 4582225) AND (id <= 4582324))

for: sum_ranges
table 1 : explain SELECT SUM(k) FROM sbtest1 WHERE id BETWEEN 2292209 AND 2292308
	Aggregate  (cost=417.15..417.16 rows=1 width=8)
	  ->  Index Scan using sbtest1_pkey on sbtest1  (cost=0.43..416.89 rows=104 width=4)
	        Index Cond: ((id >= 2292209) AND (id <= 2292308))

table 2 : explain SELECT SUM(k) FROM sbtest2 WHERE id BETWEEN 4656670 AND 4656769
	Aggregate  (cost=392.23..392.24 rows=1 width=8)
	  ->  Index Scan using sbtest2_pkey on sbtest2  (cost=0.43..391.99 rows=98 width=4)
	        Index Cond: ((id >= 4656670) AND (id <= 4656769))

table 3 : explain SELECT SUM(k) FROM sbtest3 WHERE id BETWEEN 9051904 AND 9052003
	Aggregate  (cost=373.18..373.19 rows=1 width=8)
	  ->  Index Scan using sbtest3_pkey on sbtest3  (cost=0.43..372.95 rows=93 width=4)
	        Index Cond: ((id >= 9051904) AND (id <= 9052003))

table 4 : explain SELECT SUM(k) FROM sbtest4 WHERE id BETWEEN 3066060 AND 3066159
	Aggregate  (cost=440.55..440.56 rows=1 width=8)
	  ->  Index Scan using sbtest4_pkey on sbtest4  (cost=0.43..440.28 rows=110 width=4)
	        Index Cond: ((id >= 3066060) AND (id <= 3066159))

table 5 : explain SELECT SUM(k) FROM sbtest5 WHERE id BETWEEN 2453797 AND 2453896
	Aggregate  (cost=404.11..404.12 rows=1 width=8)
	  ->  Index Scan using sbtest5_pkey on sbtest5  (cost=0.43..403.86 rows=101 width=4)
	        Index Cond: ((id >= 2453797) AND (id <= 2453896))

table 6 : explain SELECT SUM(k) FROM sbtest6 WHERE id BETWEEN 7925807 AND 7925906
	Aggregate  (cost=384.22..384.23 rows=1 width=8)
	  ->  Index Scan using sbtest6_pkey on sbtest6  (cost=0.43..383.98 rows=96 width=4)
	        Index Cond: ((id >= 7925807) AND (id <= 7925906))

table 7 : explain SELECT SUM(k) FROM sbtest7 WHERE id BETWEEN 230022 AND 230121
	Aggregate  (cost=443.19..443.20 rows=1 width=8)
	  ->  Index Scan using sbtest7_pkey on sbtest7  (cost=0.43..442.91 rows=111 width=4)
	        Index Cond: ((id >= 230022) AND (id <= 230121))

table 8 : explain SELECT SUM(k) FROM sbtest8 WHERE id BETWEEN 1749017 AND 1749116
	Aggregate  (cost=396.72..396.73 rows=1 width=8)
	  ->  Index Scan using sbtest8_pkey on sbtest8  (cost=0.43..396.47 rows=99 width=4)
	        Index Cond: ((id >= 1749017) AND (id <= 1749116))

for: order_ranges
table 1 : explain SELECT c FROM sbtest1 WHERE id BETWEEN 7336995 AND 7337094 ORDER BY c
	Sort  (cost=400.34..400.59 rows=99 width=121)
	  Sort Key: c
	  ->  Index Scan using sbtest1_pkey on sbtest1  (cost=0.43..397.06 rows=99 width=121)
	        Index Cond: ((id >= 7336995) AND (id <= 7337094))

table 2 : explain SELECT c FROM sbtest2 WHERE id BETWEEN 7955437 AND 7955536 ORDER BY c
	Sort  (cost=447.17..447.45 rows=111 width=121)
	  Sort Key: c
	  ->  Index Scan using sbtest2_pkey on sbtest2  (cost=0.43..443.40 rows=111 width=121)
	        Index Cond: ((id >= 7955437) AND (id <= 7955536))

table 3 : explain SELECT c FROM sbtest3 WHERE id BETWEEN 4482589 AND 4482688 ORDER BY c
	Sort  (cost=408.02..408.27 rows=101 width=121)
	  Sort Key: c
	  ->  Index Scan using sbtest3_pkey on sbtest3  (cost=0.43..404.65 rows=101 width=121)
	        Index Cond: ((id >= 4482589) AND (id <= 4482688))

table 4 : explain SELECT c FROM sbtest4 WHERE id BETWEEN 8972319 AND 8972418 ORDER BY c
	Sort  (cost=444.01..444.28 rows=110 width=121)
	  Sort Key: c
	  ->  Index Scan using sbtest4_pkey on sbtest4  (cost=0.43..440.28 rows=110 width=121)
	        Index Cond: ((id >= 8972319) AND (id <= 8972418))

table 5 : explain SELECT c FROM sbtest5 WHERE id BETWEEN 5256058 AND 5256157 ORDER BY c
	Sort  (cost=411.22..411.47 rows=102 width=121)
	  Sort Key: c
	  ->  Index Scan using sbtest5_pkey on sbtest5  (cost=0.43..407.81 rows=102 width=121)
	        Index Cond: ((id >= 5256058) AND (id <= 5256157))

table 6 : explain SELECT c FROM sbtest6 WHERE id BETWEEN 4226901 AND 4227000 ORDER BY c
	Sort  (cost=395.13..395.37 rows=98 width=121)
	  Sort Key: c
	  ->  Index Scan using sbtest6_pkey on sbtest6  (cost=0.43..391.89 rows=98 width=121)
	        Index Cond: ((id >= 4226901) AND (id <= 4227000))

table 7 : explain SELECT c FROM sbtest7 WHERE id BETWEEN 6195171 AND 6195270 ORDER BY c
	Sort  (cost=434.71..434.98 rows=108 width=121)
	  Sort Key: c
	  ->  Index Scan using sbtest7_pkey on sbtest7  (cost=0.43..431.06 rows=108 width=121)
	        Index Cond: ((id >= 6195171) AND (id <= 6195270))

table 8 : explain SELECT c FROM sbtest8 WHERE id BETWEEN 2010579 AND 2010678 ORDER BY c
	Sort  (cost=375.74..375.98 rows=93 width=121)
	  Sort Key: c
	  ->  Index Scan using sbtest8_pkey on sbtest8  (cost=0.43..372.70 rows=93 width=121)
	        Index Cond: ((id >= 2010579) AND (id <= 2010678))

for: order_ranges
table 1 : explain SELECT c FROM sbtest1 WHERE id BETWEEN 8097023 AND 8097122 ORDER BY c
	Sort  (cost=440.41..440.68 rows=109 width=121)
	  Sort Key: c
	  ->  Index Scan using sbtest1_pkey on sbtest1  (cost=0.43..436.72 rows=109 width=121)
	        Index Cond: ((id >= 8097023) AND (id <= 8097122))

table 2 : explain SELECT c FROM sbtest2 WHERE id BETWEEN 1952859 AND 1952958 ORDER BY c
	Sort  (cost=427.20..427.46 rows=106 width=121)
	  Sort Key: c
	  ->  Index Scan using sbtest2_pkey on sbtest2  (cost=0.43..423.63 rows=106 width=121)
	        Index Cond: ((id >= 1952859) AND (id <= 1952958))

table 3 : explain SELECT c FROM sbtest3 WHERE id BETWEEN 9407949 AND 9408048 ORDER BY c
	Sort  (cost=392.00..392.24 rows=97 width=121)
	  Sort Key: c
	  ->  Index Scan using sbtest3_pkey on sbtest3  (cost=0.43..388.79 rows=97 width=121)
	        Index Cond: ((id >= 9407949) AND (id <= 9408048))

table 4 : explain SELECT c FROM sbtest4 WHERE id BETWEEN 7221587 AND 7221686 ORDER BY c
	Sort  (cost=375.96..376.19 rows=93 width=121)
	  Sort Key: c
	  ->  Index Scan using sbtest4_pkey on sbtest4  (cost=0.43..372.92 rows=93 width=121)
	        Index Cond: ((id >= 7221587) AND (id <= 7221686))

table 5 : explain SELECT c FROM sbtest5 WHERE id BETWEEN 506350 AND 506449 ORDER BY c
	Sort  (cost=415.21..415.47 rows=103 width=121)
	  Sort Key: c
	  ->  Index Scan using sbtest5_pkey on sbtest5  (cost=0.43..411.77 rows=103 width=121)
	        Index Cond: ((id >= 506350) AND (id <= 506449))

table 6 : explain SELECT c FROM sbtest6 WHERE id BETWEEN 2729482 AND 2729581 ORDER BY c
	Sort  (cost=391.14..391.38 rows=97 width=121)
	  Sort Key: c
	  ->  Index Scan using sbtest6_pkey on sbtest6  (cost=0.43..387.93 rows=97 width=121)
	        Index Cond: ((id >= 2729482) AND (id <= 2729581))

table 7 : explain SELECT c FROM sbtest7 WHERE id BETWEEN 8197678 AND 8197777 ORDER BY c
	Sort  (cost=406.78..407.03 rows=101 width=121)
	  Sort Key: c
	  ->  Index Scan using sbtest7_pkey on sbtest7  (cost=0.43..403.42 rows=101 width=121)
	        Index Cond: ((id >= 8197678) AND (id <= 8197777))

table 8 : explain SELECT c FROM sbtest8 WHERE id BETWEEN 2328087 AND 2328186 ORDER BY c
	Sort  (cost=399.75..400.00 rows=99 width=121)
	  Sort Key: c
	  ->  Index Scan using sbtest8_pkey on sbtest8  (cost=0.43..396.47 rows=99 width=121)
	        Index Cond: ((id >= 2328087) AND (id <= 2328186))

for point_selects
table 1 : explain SELECT c FROM sbtest1 WHERE id=2078130
	Index Scan using sbtest1_pkey on sbtest1  (cost=0.43..8.45 rows=1 width=121)
	  Index Cond: (id = 2078130)

table 2 : explain SELECT c FROM sbtest2 WHERE id=6981600
	Index Scan using sbtest2_pkey on sbtest2  (cost=0.43..8.45 rows=1 width=121)
	  Index Cond: (id = 6981600)

table 3 : explain SELECT c FROM sbtest3 WHERE id=7245039
	Index Scan using sbtest3_pkey on sbtest3  (cost=0.43..8.45 rows=1 width=121)
	  Index Cond: (id = 7245039)

table 4 : explain SELECT c FROM sbtest4 WHERE id=1748007
	Index Scan using sbtest4_pkey on sbtest4  (cost=0.43..8.45 rows=1 width=121)
	  Index Cond: (id = 1748007)

table 5 : explain SELECT c FROM sbtest5 WHERE id=8933234
	Index Scan using sbtest5_pkey on sbtest5  (cost=0.43..8.45 rows=1 width=121)
	  Index Cond: (id = 8933234)

table 6 : explain SELECT c FROM sbtest6 WHERE id=3192685
	Index Scan using sbtest6_pkey on sbtest6  (cost=0.43..8.45 rows=1 width=121)
	  Index Cond: (id = 3192685)

table 7 : explain SELECT c FROM sbtest7 WHERE id=647589
	Index Scan using sbtest7_pkey on sbtest7  (cost=0.43..8.45 rows=1 width=121)
	  Index Cond: (id = 647589)

table 8 : explain SELECT c FROM sbtest8 WHERE id=7235859
	Index Scan using sbtest8_pkey on sbtest8  (cost=0.43..8.45 rows=1 width=121)
	  Index Cond: (id = 7235859)

for: distinct_ranges
table 1 : explain SELECT DISTINCT c FROM sbtest1 WHERE id BETWEEN 9796531 AND 9796630 ORDER BY c
	Unique  (cost=412.35..412.86 rows=102 width=121)
	  ->  Sort  (cost=412.35..412.61 rows=102 width=121)
	        Sort Key: c
	        ->  Index Scan using sbtest1_pkey on sbtest1  (cost=0.43..408.95 rows=102 width=121)
	              Index Cond: ((id >= 9796531) AND (id <= 9796630))

table 2 : explain SELECT DISTINCT c FROM sbtest2 WHERE id BETWEEN 9802723 AND 9802822 ORDER BY c
	Unique  (cost=375.26..375.73 rows=93 width=121)
	  ->  Sort  (cost=375.26..375.49 rows=93 width=121)
	        Sort Key: c
	        ->  Index Scan using sbtest2_pkey on sbtest2  (cost=0.43..372.22 rows=93 width=121)
	              Index Cond: ((id >= 9802723) AND (id <= 9802822))

table 3 : explain SELECT DISTINCT c FROM sbtest3 WHERE id BETWEEN 8660403 AND 8660502 ORDER BY c
	Unique  (cost=432.03..432.57 rows=107 width=121)
	  ->  Sort  (cost=432.03..432.30 rows=107 width=121)
	        Sort Key: c
	        ->  Index Scan using sbtest3_pkey on sbtest3  (cost=0.43..428.42 rows=107 width=121)
	              Index Cond: ((id >= 8660403) AND (id <= 8660502))

table 4 : explain SELECT DISTINCT c FROM sbtest4 WHERE id BETWEEN 4756342 AND 4756441 ORDER BY c
	Unique  (cost=387.96..388.44 rows=96 width=121)
	  ->  Sort  (cost=387.96..388.20 rows=96 width=121)
	        Sort Key: c
	        ->  Index Scan using sbtest4_pkey on sbtest4  (cost=0.43..384.80 rows=96 width=121)
	              Index Cond: ((id >= 4756342) AND (id <= 4756441))

table 5 : explain SELECT DISTINCT c FROM sbtest5 WHERE id BETWEEN 5954075 AND 5954174 ORDER BY c
	Unique  (cost=439.18..439.72 rows=109 width=121)
	  ->  Sort  (cost=439.18..439.45 rows=109 width=121)
	        Sort Key: c
	        ->  Index Scan using sbtest5_pkey on sbtest5  (cost=0.43..435.49 rows=109 width=121)
	              Index Cond: ((id >= 5954075) AND (id <= 5954174))

table 6 : explain SELECT DISTINCT c FROM sbtest6 WHERE id BETWEEN 1825534 AND 1825633 ORDER BY c
	Unique  (cost=363.19..363.64 rows=90 width=121)
	  ->  Sort  (cost=363.19..363.41 rows=90 width=121)
	        Sort Key: c
	        ->  Index Scan using sbtest6_pkey on sbtest6  (cost=0.43..360.27 rows=90 width=121)
	              Index Cond: ((id >= 1825534) AND (id <= 1825633))

table 7 : explain SELECT DISTINCT c FROM sbtest7 WHERE id BETWEEN 8263497 AND 8263596 ORDER BY c
	Unique  (cost=418.75..419.27 rows=104 width=121)
	  ->  Sort  (cost=418.75..419.01 rows=104 width=121)
	        Sort Key: c
	        ->  Index Scan using sbtest7_pkey on sbtest7  (cost=0.43..415.27 rows=104 width=121)
	              Index Cond: ((id >= 8263497) AND (id <= 8263596))

table 8 : explain SELECT DISTINCT c FROM sbtest8 WHERE id BETWEEN 59635 AND 59734 ORDER BY c
	Unique  (cost=367.75..368.20 rows=91 width=121)
	  ->  Sort  (cost=367.75..367.97 rows=91 width=121)
	        Sort Key: c
	        ->  Index Scan using sbtest8_pkey on sbtest8  (cost=0.43..364.79 rows=91 width=121)
	              Index Cond: ((id >= 59635) AND (id <= 59734))

explain: for point_selects :: explain SELECT c FROM sbtest%u WHERE id=%u
for: distinct_ranges
table 1 : explain SELECT DISTINCT c FROM sbtest1 WHERE id BETWEEN 7115475 AND 7115574 ORDER BY c
	Unique  (cost=408.35..408.85 rows=101 width=121)
	  ->  Sort  (cost=408.35..408.60 rows=101 width=121)
	        Sort Key: c
	        ->  Index Scan using sbtest1_pkey on sbtest1  (cost=0.43..404.99 rows=101 width=121)
	              Index Cond: ((id >= 7115475) AND (id <= 7115574))

table 2 : explain SELECT DISTINCT c FROM sbtest2 WHERE id BETWEEN 1515493 AND 1515592 ORDER BY c
	Unique  (cost=411.22..411.73 rows=102 width=121)
	  ->  Sort  (cost=411.22..411.48 rows=102 width=121)
	        Sort Key: c
	        ->  Index Scan using sbtest2_pkey on sbtest2  (cost=0.43..407.82 rows=102 width=121)
	              Index Cond: ((id >= 1515493) AND (id <= 1515592))

table 3 : explain SELECT DISTINCT c FROM sbtest3 WHERE id BETWEEN 5539708 AND 5539807 ORDER BY c
	Unique  (cost=387.99..388.47 rows=96 width=121)
	  ->  Sort  (cost=387.99..388.23 rows=96 width=121)
	        Sort Key: c
	        ->  Index Scan using sbtest3_pkey on sbtest3  (cost=0.43..384.83 rows=96 width=121)
	              Index Cond: ((id >= 5539708) AND (id <= 5539807))

table 4 : explain SELECT DISTINCT c FROM sbtest4 WHERE id BETWEEN 3631709 AND 3631808 ORDER BY c
	Unique  (cost=428.00..428.53 rows=106 width=121)
	  ->  Sort  (cost=428.00..428.26 rows=106 width=121)
	        Sort Key: c
	        ->  Index Scan using sbtest4_pkey on sbtest4  (cost=0.43..424.43 rows=106 width=121)
	              Index Cond: ((id >= 3631709) AND (id <= 3631808))

table 5 : explain SELECT DISTINCT c FROM sbtest5 WHERE id BETWEEN 5252080 AND 5252179 ORDER BY c
	Unique  (cost=411.22..411.73 rows=102 width=121)
	  ->  Sort  (cost=411.22..411.47 rows=102 width=121)
	        Sort Key: c
	        ->  Index Scan using sbtest5_pkey on sbtest5  (cost=0.43..407.81 rows=102 width=121)
	              Index Cond: ((id >= 5252080) AND (id <= 5252179))

table 6 : explain SELECT DISTINCT c FROM sbtest6 WHERE id BETWEEN 2599937 AND 2600036 ORDER BY c
	Unique  (cost=419.10..419.62 rows=104 width=121)
	  ->  Sort  (cost=419.10..419.36 rows=104 width=121)
	        Sort Key: c
	        ->  Index Scan using sbtest6_pkey on sbtest6  (cost=0.43..415.62 rows=104 width=121)
	              Index Cond: ((id >= 2599937) AND (id <= 2600036))

table 7 : explain SELECT DISTINCT c FROM sbtest7 WHERE id BETWEEN 5609214 AND 5609313 ORDER BY c
	Unique  (cost=382.83..383.30 rows=95 width=121)
	  ->  Sort  (cost=382.83..383.07 rows=95 width=121)
	        Sort Key: c
	        ->  Index Scan using sbtest7_pkey on sbtest7  (cost=0.43..379.71 rows=95 width=121)
	              Index Cond: ((id >= 5609214) AND (id <= 5609313))

table 8 : explain SELECT DISTINCT c FROM sbtest8 WHERE id BETWEEN 576731 AND 576830 ORDER BY c
	Unique  (cost=415.75..416.27 rows=103 width=121)
	  ->  Sort  (cost=415.75..416.01 rows=103 width=121)
	        Sort Key: c
	        ->  Index Scan using sbtest8_pkey on sbtest8  (cost=0.43..412.31 rows=103 width=121)
	              Index Cond: ((id >= 576731) AND (id <= 576830))

for: simple_ranges
table 1 : explain SELECT c FROM sbtest1 WHERE id BETWEEN 6528900 AND 6528999
	Index Scan using sbtest1_pkey on sbtest1  (cost=0.43..424.83 rows=106 width=121)
	  Index Cond: ((id >= 6528900) AND (id <= 6528999))

table 2 : explain SELECT c FROM sbtest2 WHERE id BETWEEN 117066 AND 117165
	Index Scan using sbtest2_pkey on sbtest2  (cost=0.43..388.03 rows=97 width=121)
	  Index Cond: ((id >= 117066) AND (id <= 117165))

table 3 : explain SELECT c FROM sbtest3 WHERE id BETWEEN 9258400 AND 9258499
	Index Scan using sbtest3_pkey on sbtest3  (cost=0.43..428.42 rows=107 width=121)
	  Index Cond: ((id >= 9258400) AND (id <= 9258499))

table 4 : explain SELECT c FROM sbtest4 WHERE id BETWEEN 9206692 AND 9206791
	Index Scan using sbtest4_pkey on sbtest4  (cost=0.43..372.92 rows=93 width=121)
	  Index Cond: ((id >= 9206692) AND (id <= 9206791))

table 5 : explain SELECT c FROM sbtest5 WHERE id BETWEEN 1558850 AND 1558949
	Index Scan using sbtest5_pkey on sbtest5  (cost=0.43..407.81 rows=102 width=121)
	  Index Cond: ((id >= 1558850) AND (id <= 1558949))

table 6 : explain SELECT c FROM sbtest6 WHERE id BETWEEN 7026642 AND 7026741
	Index Scan using sbtest6_pkey on sbtest6  (cost=0.43..356.31 rows=89 width=121)
	  Index Cond: ((id >= 7026642) AND (id <= 7026741))

table 7 : explain SELECT c FROM sbtest7 WHERE id BETWEEN 4869738 AND 4869837
	Index Scan using sbtest7_pkey on sbtest7  (cost=0.43..371.81 rows=93 width=121)
	  Index Cond: ((id >= 4869738) AND (id <= 4869837))

table 8 : explain SELECT c FROM sbtest8 WHERE id BETWEEN 4757758 AND 4757857
	Index Scan using sbtest8_pkey on sbtest8  (cost=0.43..388.54 rows=97 width=121)
	  Index Cond: ((id >= 4757758) AND (id <= 4757857))

explain: for point_selects :: explain SELECT c FROM sbtest%u WHERE id=%u
for: distinct_ranges
table 1 : explain SELECT DISTINCT c FROM sbtest1 WHERE id BETWEEN 3945946 AND 3946045 ORDER BY c
	Unique  (cost=388.32..388.80 rows=96 width=121)
	  ->  Sort  (cost=388.32..388.56 rows=96 width=121)
	        Sort Key: c
	        ->  Index Scan using sbtest1_pkey on sbtest1  (cost=0.43..385.16 rows=96 width=121)
	              Index Cond: ((id >= 3945946) AND (id <= 3946045))

table 2 : explain SELECT DISTINCT c FROM sbtest2 WHERE id BETWEEN 6748969 AND 6749068 ORDER BY c
	Unique  (cost=403.22..403.72 rows=100 width=121)
	  ->  Sort  (cost=403.22..403.47 rows=100 width=121)
	        Sort Key: c
	        ->  Index Scan using sbtest2_pkey on sbtest2  (cost=0.43..399.90 rows=100 width=121)
	              Index Cond: ((id >= 6748969) AND (id <= 6749068))

table 3 : explain SELECT DISTINCT c FROM sbtest3 WHERE id BETWEEN 4479975 AND 4480074 ORDER BY c
	Unique  (cost=408.02..408.52 rows=101 width=121)
	  ->  Sort  (cost=408.02..408.27 rows=101 width=121)
	        Sort Key: c
	        ->  Index Scan using sbtest3_pkey on sbtest3  (cost=0.43..404.65 rows=101 width=121)
	              Index Cond: ((id >= 4479975) AND (id <= 4480074))

table 4 : explain SELECT DISTINCT c FROM sbtest4 WHERE id BETWEEN 5298540 AND 5298639 ORDER BY c
	Unique  (cost=407.99..408.49 rows=101 width=121)
	  ->  Sort  (cost=407.99..408.24 rows=101 width=121)
	        Sort Key: c
	        ->  Index Scan using sbtest4_pkey on sbtest4  (cost=0.43..404.63 rows=101 width=121)
	              Index Cond: ((id >= 5298540) AND (id <= 5298639))

table 5 : explain SELECT DISTINCT c FROM sbtest5 WHERE id BETWEEN 8907506 AND 8907605 ORDER BY c
	Unique  (cost=399.22..399.71 rows=99 width=121)
	  ->  Sort  (cost=399.22..399.47 rows=99 width=121)
	        Sort Key: c
	        ->  Index Scan using sbtest5_pkey on sbtest5  (cost=0.43..395.94 rows=99 width=121)
	              Index Cond: ((id >= 8907506) AND (id <= 8907605))

table 6 : explain SELECT DISTINCT c FROM sbtest6 WHERE id BETWEEN 9930047 AND 9930146 ORDER BY c
	Unique  (cost=411.12..411.63 rows=102 width=121)
	  ->  Sort  (cost=411.12..411.37 rows=102 width=121)
	        Sort Key: c
	        ->  Index Scan using sbtest6_pkey on sbtest6  (cost=0.43..407.71 rows=102 width=121)
	              Index Cond: ((id >= 9930047) AND (id <= 9930146))

table 7 : explain SELECT DISTINCT c FROM sbtest7 WHERE id BETWEEN 1585723 AND 1585822 ORDER BY c
	Unique  (cost=374.85..375.31 rows=93 width=121)
	  ->  Sort  (cost=374.85..375.08 rows=93 width=121)
	        Sort Key: c
	        ->  Index Scan using sbtest7_pkey on sbtest7  (cost=0.43..371.81 rows=93 width=121)
	              Index Cond: ((id >= 1585723) AND (id <= 1585822))

table 8 : explain SELECT DISTINCT c FROM sbtest8 WHERE id BETWEEN 3923748 AND 3923847 ORDER BY c
	Unique  (cost=387.74..388.22 rows=96 width=121)
	  ->  Sort  (cost=387.74..387.98 rows=96 width=121)
	        Sort Key: c
	        ->  Index Scan using sbtest8_pkey on sbtest8  (cost=0.43..384.58 rows=96 width=121)
	              Index Cond: ((id >= 3923748) AND (id <= 3923847))

for point_selects
table 1 : explain SELECT c FROM sbtest1 WHERE id=1924117
	Index Scan using sbtest1_pkey on sbtest1  (cost=0.43..8.45 rows=1 width=121)
	  Index Cond: (id = 1924117)

table 2 : explain SELECT c FROM sbtest2 WHERE id=84881
	Index Scan using sbtest2_pkey on sbtest2  (cost=0.43..8.45 rows=1 width=121)
	  Index Cond: (id = 84881)

table 3 : explain SELECT c FROM sbtest3 WHERE id=8697033
	Index Scan using sbtest3_pkey on sbtest3  (cost=0.43..8.45 rows=1 width=121)
	  Index Cond: (id = 8697033)

table 4 : explain SELECT c FROM sbtest4 WHERE id=1785842
	Index Scan using sbtest4_pkey on sbtest4  (cost=0.43..8.45 rows=1 width=121)
	  Index Cond: (id = 1785842)

table 5 : explain SELECT c FROM sbtest5 WHERE id=9219591
	Index Scan using sbtest5_pkey on sbtest5  (cost=0.43..8.45 rows=1 width=121)
	  Index Cond: (id = 9219591)

table 6 : explain SELECT c FROM sbtest6 WHERE id=7978665
	Index Scan using sbtest6_pkey on sbtest6  (cost=0.43..8.45 rows=1 width=121)
	  Index Cond: (id = 7978665)

table 7 : explain SELECT c FROM sbtest7 WHERE id=916196
	Index Scan using sbtest7_pkey on sbtest7  (cost=0.43..8.45 rows=1 width=121)
	  Index Cond: (id = 916196)

table 8 : explain SELECT c FROM sbtest8 WHERE id=3113541
	Index Scan using sbtest8_pkey on sbtest8  (cost=0.43..8.45 rows=1 width=121)
	  Index Cond: (id = 3113541)

explain: for point_selects :: explain SELECT c FROM sbtest%u WHERE id=%u
for: order_ranges
table 1 : explain SELECT c FROM sbtest1 WHERE id BETWEEN 9131507 AND 9131606 ORDER BY c
	Sort  (cost=396.33..396.58 rows=98 width=121)
	  Sort Key: c
	  ->  Index Scan using sbtest1_pkey on sbtest1  (cost=0.43..393.09 rows=98 width=121)
	        Index Cond: ((id >= 9131507) AND (id <= 9131606))

table 2 : explain SELECT c FROM sbtest2 WHERE id BETWEEN 6518136 AND 6518235 ORDER BY c
	Sort  (cost=435.19..435.46 rows=108 width=121)
	  Sort Key: c
	  ->  Index Scan using sbtest2_pkey on sbtest2  (cost=0.43..431.54 rows=108 width=121)
	        Index Cond: ((id >= 6518136) AND (id <= 6518235))

table 3 : explain SELECT c FROM sbtest3 WHERE id BETWEEN 7984045 AND 7984144 ORDER BY c
	Sort  (cost=371.99..372.22 rows=92 width=121)
	  Sort Key: c
	  ->  Index Scan using sbtest3_pkey on sbtest3  (cost=0.43..368.99 rows=92 width=121)
	        Index Cond: ((id >= 7984045) AND (id <= 7984144))

table 4 : explain SELECT c FROM sbtest4 WHERE id BETWEEN 1619462 AND 1619561 ORDER BY c
	Sort  (cost=403.97..404.22 rows=100 width=121)
	  Sort Key: c
	  ->  Index Scan using sbtest4_pkey on sbtest4  (cost=0.43..400.65 rows=100 width=121)
	        Index Cond: ((id >= 1619462) AND (id <= 1619561))

table 5 : explain SELECT c FROM sbtest5 WHERE id BETWEEN 8424753 AND 8424852 ORDER BY c
	Sort  (cost=419.21..419.47 rows=104 width=121)
	  Sort Key: c
	  ->  Index Scan using sbtest5_pkey on sbtest5  (cost=0.43..415.72 rows=104 width=121)
	        Index Cond: ((id >= 8424753) AND (id <= 8424852))

table 6 : explain SELECT c FROM sbtest6 WHERE id BETWEEN 2926026 AND 2926125 ORDER BY c
	Sort  (cost=379.16..379.39 rows=94 width=121)
	  Sort Key: c
	  ->  Index Scan using sbtest6_pkey on sbtest6  (cost=0.43..376.08 rows=94 width=121)
	        Index Cond: ((id >= 2926026) AND (id <= 2926125))

table 7 : explain SELECT c FROM sbtest7 WHERE id BETWEEN 1273095 AND 1273194 ORDER BY c
	Sort  (cost=378.84..379.07 rows=94 width=121)
	  Sort Key: c
	  ->  Index Scan using sbtest7_pkey on sbtest7  (cost=0.43..375.76 rows=94 width=121)
	        Index Cond: ((id >= 1273095) AND (id <= 1273194))

table 8 : explain SELECT c FROM sbtest8 WHERE id BETWEEN 1902398 AND 1902497 ORDER BY c
	Sort  (cost=395.74..395.98 rows=98 width=121)
	  Sort Key: c
	  ->  Index Scan using sbtest8_pkey on sbtest8  (cost=0.43..392.50 rows=98 width=121)
	        Index Cond: ((id >= 1902398) AND (id <= 1902497))

explain: for point_selects :: explain SELECT c FROM sbtest%u WHERE id=%u
for: sum_ranges
table 1 : explain SELECT SUM(k) FROM sbtest1 WHERE id BETWEEN 5957424 AND 5957523
	Aggregate  (cost=417.15..417.16 rows=1 width=8)
	  ->  Index Scan using sbtest1_pkey on sbtest1  (cost=0.43..416.89 rows=104 width=4)
	        Index Cond: ((id >= 5957424) AND (id <= 5957523))

table 2 : explain SELECT SUM(k) FROM sbtest2 WHERE id BETWEEN 8083317 AND 8083416
	Aggregate  (cost=392.23..392.24 rows=1 width=8)
	  ->  Index Scan using sbtest2_pkey on sbtest2  (cost=0.43..391.99 rows=98 width=4)
	        Index Cond: ((id >= 8083317) AND (id <= 8083416))

table 3 : explain SELECT SUM(k) FROM sbtest3 WHERE id BETWEEN 6969858 AND 6969957
	Aggregate  (cost=373.18..373.19 rows=1 width=8)
	  ->  Index Scan using sbtest3_pkey on sbtest3  (cost=0.43..372.95 rows=93 width=4)
	        Index Cond: ((id >= 6969858) AND (id <= 6969957))

table 4 : explain SELECT SUM(k) FROM sbtest4 WHERE id BETWEEN 7332164 AND 7332263
	Aggregate  (cost=365.23..365.24 rows=1 width=8)
	  ->  Index Scan using sbtest4_pkey on sbtest4  (cost=0.43..365.00 rows=91 width=4)
	        Index Cond: ((id >= 7332164) AND (id <= 7332263))

table 5 : explain SELECT SUM(k) FROM sbtest5 WHERE id BETWEEN 5863081 AND 5863180
	Aggregate  (cost=455.54..455.55 rows=1 width=8)
	  ->  Index Scan using sbtest5_pkey on sbtest5  (cost=0.43..455.26 rows=114 width=4)
	        Index Cond: ((id >= 5863081) AND (id <= 5863180))

table 6 : explain SELECT SUM(k) FROM sbtest6 WHERE id BETWEEN 8508993 AND 8509092
	Aggregate  (cost=415.88..415.89 rows=1 width=8)
	  ->  Index Scan using sbtest6_pkey on sbtest6  (cost=0.43..415.62 rows=104 width=4)
	        Index Cond: ((id >= 8508993) AND (id <= 8509092))

table 7 : explain SELECT SUM(k) FROM sbtest7 WHERE id BETWEEN 9995904 AND 9996003
	Aggregate  (cost=399.72..399.73 rows=1 width=8)
	  ->  Index Scan using sbtest7_pkey on sbtest7  (cost=0.43..399.47 rows=100 width=4)
	        Index Cond: ((id >= 9995904) AND (id <= 9996003))

table 8 : explain SELECT SUM(k) FROM sbtest8 WHERE id BETWEEN 8743078 AND 8743177
	Aggregate  (cost=452.18..452.19 rows=1 width=8)
	  ->  Index Scan using sbtest8_pkey on sbtest8  (cost=0.43..451.90 rows=113 width=4)
	        Index Cond: ((id >= 8743078) AND (id <= 8743177))

for: order_ranges
table 1 : explain SELECT c FROM sbtest1 WHERE id BETWEEN 5896971 AND 5897070 ORDER BY c
	Sort  (cost=396.33..396.58 rows=98 width=121)
	  Sort Key: c
	  ->  Index Scan using sbtest1_pkey on sbtest1  (cost=0.43..393.09 rows=98 width=121)
	        Index Cond: ((id >= 5896971) AND (id <= 5897070))

table 2 : explain SELECT c FROM sbtest2 WHERE id BETWEEN 645896 AND 645995 ORDER BY c
	Sort  (cost=427.20..427.46 rows=106 width=121)
	  Sort Key: c
	  ->  Index Scan using sbtest2_pkey on sbtest2  (cost=0.43..423.63 rows=106 width=121)
	        Index Cond: ((id >= 645896) AND (id <= 645995))

table 3 : explain SELECT c FROM sbtest3 WHERE id BETWEEN 4171168 AND 4171267 ORDER BY c
	Sort  (cost=420.02..420.28 rows=104 width=121)
	  Sort Key: c
	  ->  Index Scan using sbtest3_pkey on sbtest3  (cost=0.43..416.54 rows=104 width=121)
	        Index Cond: ((id >= 4171168) AND (id <= 4171267))

table 4 : explain SELECT c FROM sbtest4 WHERE id BETWEEN 9940902 AND 9941001 ORDER BY c
	Sort  (cost=407.99..408.24 rows=101 width=121)
	  Sort Key: c
	  ->  Index Scan using sbtest4_pkey on sbtest4  (cost=0.43..404.63 rows=101 width=121)
	        Index Cond: ((id >= 9940902) AND (id <= 9941001))

table 5 : explain SELECT c FROM sbtest5 WHERE id BETWEEN 9431780 AND 9431879 ORDER BY c
	Sort  (cost=383.24..383.48 rows=95 width=121)
	  Sort Key: c
	  ->  Index Scan using sbtest5_pkey on sbtest5  (cost=0.43..380.12 rows=95 width=121)
	        Index Cond: ((id >= 9431780) AND (id <= 9431879))

table 6 : explain SELECT c FROM sbtest6 WHERE id BETWEEN 7743992 AND 7744091 ORDER BY c
	Sort  (cost=383.15..383.39 rows=95 width=121)
	  Sort Key: c
	  ->  Index Scan using sbtest6_pkey on sbtest6  (cost=0.43..380.03 rows=95 width=121)
	        Index Cond: ((id >= 7743992) AND (id <= 7744091))

table 7 : explain SELECT c FROM sbtest7 WHERE id BETWEEN 6013651 AND 6013750 ORDER BY c
	Sort  (cost=402.79..403.04 rows=100 width=121)
	  Sort Key: c
	  ->  Index Scan using sbtest7_pkey on sbtest7  (cost=0.43..399.47 rows=100 width=121)
	        Index Cond: ((id >= 6013651) AND (id <= 6013750))

table 8 : explain SELECT c FROM sbtest8 WHERE id BETWEEN 693114 AND 693213 ORDER BY c
	Sort  (cost=427.75..428.02 rows=106 width=121)
	  Sort Key: c
	  ->  Index Scan using sbtest8_pkey on sbtest8  (cost=0.43..424.18 rows=106 width=121)
	        Index Cond: ((id >= 693114) AND (id <= 693213))

for: distinct_ranges
table 1 : explain SELECT DISTINCT c FROM sbtest1 WHERE id BETWEEN 1149095 AND 1149194 ORDER BY c
	Unique  (cost=368.30..368.75 rows=91 width=121)
	  ->  Sort  (cost=368.30..368.52 rows=91 width=121)
	        Sort Key: c
	        ->  Index Scan using sbtest1_pkey on sbtest1  (cost=0.43..365.34 rows=91 width=121)
	              Index Cond: ((id >= 1149095) AND (id <= 1149194))

table 2 : explain SELECT DISTINCT c FROM sbtest2 WHERE id BETWEEN 4066047 AND 4066146 ORDER BY c
	Unique  (cost=403.22..403.72 rows=100 width=121)
	  ->  Sort  (cost=403.22..403.47 rows=100 width=121)
	        Sort Key: c
	        ->  Index Scan using sbtest2_pkey on sbtest2  (cost=0.43..399.90 rows=100 width=121)
	              Index Cond: ((id >= 4066047) AND (id <= 4066146))

table 3 : explain SELECT DISTINCT c FROM sbtest3 WHERE id BETWEEN 8626683 AND 8626782 ORDER BY c
	Unique  (cost=432.03..432.57 rows=107 width=121)
	  ->  Sort  (cost=432.03..432.30 rows=107 width=121)
	        Sort Key: c
	        ->  Index Scan using sbtest3_pkey on sbtest3  (cost=0.43..428.42 rows=107 width=121)
	              Index Cond: ((id >= 8626683) AND (id <= 8626782))

table 4 : explain SELECT DISTINCT c FROM sbtest4 WHERE id BETWEEN 5886105 AND 5886204 ORDER BY c
	Unique  (cost=399.97..400.46 rows=99 width=121)
	  ->  Sort  (cost=399.97..400.22 rows=99 width=121)
	        Sort Key: c
	        ->  Index Scan using sbtest4_pkey on sbtest4  (cost=0.43..396.69 rows=99 width=121)
	              Index Cond: ((id >= 5886105) AND (id <= 5886204))

table 5 : explain SELECT DISTINCT c FROM sbtest5 WHERE id BETWEEN 2399338 AND 2399437 ORDER BY c
	Unique  (cost=407.22..407.73 rows=101 width=121)
	  ->  Sort  (cost=407.22..407.48 rows=101 width=121)
	        Sort Key: c
	        ->  Index Scan using sbtest5_pkey on sbtest5  (cost=0.43..403.86 rows=101 width=121)
	              Index Cond: ((id >= 2399338) AND (id <= 2399437))

table 6 : explain SELECT DISTINCT c FROM sbtest6 WHERE id BETWEEN 6379796 AND 6379895 ORDER BY c
	Unique  (cost=419.10..419.62 rows=104 width=121)
	  ->  Sort  (cost=419.10..419.36 rows=104 width=121)
	        Sort Key: c
	        ->  Index Scan using sbtest6_pkey on sbtest6  (cost=0.43..415.62 rows=104 width=121)
	              Index Cond: ((id >= 6379796) AND (id <= 6379895))

table 7 : explain SELECT DISTINCT c FROM sbtest7 WHERE id BETWEEN 1195580 AND 1195679 ORDER BY c
	Unique  (cost=378.84..379.31 rows=94 width=121)
	  ->  Sort  (cost=378.84..379.07 rows=94 width=121)
	        Sort Key: c
	        ->  Index Scan using sbtest7_pkey on sbtest7  (cost=0.43..375.76 rows=94 width=121)
	              Index Cond: ((id >= 1195580) AND (id <= 1195679))

table 8 : explain SELECT DISTINCT c FROM sbtest8 WHERE id BETWEEN 9788911 AND 9789010 ORDER BY c
	Unique  (cost=367.75..368.20 rows=91 width=121)
	  ->  Sort  (cost=367.75..367.97 rows=91 width=121)
	        Sort Key: c
	        ->  Index Scan using sbtest8_pkey on sbtest8  (cost=0.43..364.79 rows=91 width=121)
	              Index Cond: ((id >= 9788911) AND (id <= 9789010))

explain: for point_selects :: explain SELECT c FROM sbtest%u WHERE id=%u
for: distinct_ranges
table 1 : explain SELECT DISTINCT c FROM sbtest1 WHERE id BETWEEN 3555508 AND 3555607 ORDER BY c
	Unique  (cost=380.31..380.78 rows=94 width=121)
	  ->  Sort  (cost=380.31..380.55 rows=94 width=121)
	        Sort Key: c
	        ->  Index Scan using sbtest1_pkey on sbtest1  (cost=0.43..377.23 rows=94 width=121)
	              Index Cond: ((id >= 3555508) AND (id <= 3555607))

table 2 : explain SELECT DISTINCT c FROM sbtest2 WHERE id BETWEEN 5722294 AND 5722393 ORDER BY c
	Unique  (cost=411.22..411.73 rows=102 width=121)
	  ->  Sort  (cost=411.22..411.48 rows=102 width=121)
	        Sort Key: c
	        ->  Index Scan using sbtest2_pkey on sbtest2  (cost=0.43..407.82 rows=102 width=121)
	              Index Cond: ((id >= 5722294) AND (id <= 5722393))

table 3 : explain SELECT DISTINCT c FROM sbtest3 WHERE id BETWEEN 7233688 AND 7233787 ORDER BY c
	Unique  (cost=404.00..404.50 rows=100 width=121)
	  ->  Sort  (cost=404.00..404.25 rows=100 width=121)
	        Sort Key: c
	        ->  Index Scan using sbtest3_pkey on sbtest3  (cost=0.43..400.68 rows=100 width=121)
	              Index Cond: ((id >= 7233688) AND (id <= 7233787))

table 4 : explain SELECT DISTINCT c FROM sbtest4 WHERE id BETWEEN 7562978 AND 7563077 ORDER BY c
	Unique  (cost=419.99..420.51 rows=104 width=121)
	  ->  Sort  (cost=419.99..420.25 rows=104 width=121)
	        Sort Key: c
	        ->  Index Scan using sbtest4_pkey on sbtest4  (cost=0.43..416.51 rows=104 width=121)
	              Index Cond: ((id >= 7562978) AND (id <= 7563077))

table 5 : explain SELECT DISTINCT c FROM sbtest5 WHERE id BETWEEN 7903851 AND 7903950 ORDER BY c
	Unique  (cost=431.19..431.72 rows=107 width=121)
	  ->  Sort  (cost=431.19..431.46 rows=107 width=121)
	        Sort Key: c
	        ->  Index Scan using sbtest5_pkey on sbtest5  (cost=0.43..427.58 rows=107 width=121)
	              Index Cond: ((id >= 7903851) AND (id <= 7903950))

table 6 : explain SELECT DISTINCT c FROM sbtest6 WHERE id BETWEEN 6590314 AND 6590413 ORDER BY c
	Unique  (cost=395.13..395.62 rows=98 width=121)
	  ->  Sort  (cost=395.13..395.37 rows=98 width=121)
	        Sort Key: c
	        ->  Index Scan using sbtest6_pkey on sbtest6  (cost=0.43..391.89 rows=98 width=121)
	              Index Cond: ((id >= 6590314) AND (id <= 6590413))

table 7 : explain SELECT DISTINCT c FROM sbtest7 WHERE id BETWEEN 8239144 AND 8239243 ORDER BY c
	Unique  (cost=418.75..419.27 rows=104 width=121)
	  ->  Sort  (cost=418.75..419.01 rows=104 width=121)
	        Sort Key: c
	        ->  Index Scan using sbtest7_pkey on sbtest7  (cost=0.43..415.27 rows=104 width=121)
	              Index Cond: ((id >= 8239144) AND (id <= 8239243))

table 8 : explain SELECT DISTINCT c FROM sbtest8 WHERE id BETWEEN 4730830 AND 4730929 ORDER BY c
	Unique  (cost=391.74..392.23 rows=97 width=121)
	  ->  Sort  (cost=391.74..391.98 rows=97 width=121)
	        Sort Key: c
	        ->  Index Scan using sbtest8_pkey on sbtest8  (cost=0.43..388.54 rows=97 width=121)
	              Index Cond: ((id >= 4730830) AND (id <= 4730929))

for point_selects
table 1 : explain SELECT c FROM sbtest1 WHERE id=308755
	Index Scan using sbtest1_pkey on sbtest1  (cost=0.43..8.45 rows=1 width=121)
	  Index Cond: (id = 308755)

table 2 : explain SELECT c FROM sbtest2 WHERE id=9366831
	Index Scan using sbtest2_pkey on sbtest2  (cost=0.43..8.45 rows=1 width=121)
	  Index Cond: (id = 9366831)

table 3 : explain SELECT c FROM sbtest3 WHERE id=292920
	Index Scan using sbtest3_pkey on sbtest3  (cost=0.43..8.45 rows=1 width=121)
	  Index Cond: (id = 292920)

table 4 : explain SELECT c FROM sbtest4 WHERE id=1955121
	Index Scan using sbtest4_pkey on sbtest4  (cost=0.43..8.45 rows=1 width=121)
	  Index Cond: (id = 1955121)

table 5 : explain SELECT c FROM sbtest5 WHERE id=4656636
	Index Scan using sbtest5_pkey on sbtest5  (cost=0.43..8.45 rows=1 width=121)
	  Index Cond: (id = 4656636)

table 6 : explain SELECT c FROM sbtest6 WHERE id=1992638
	Index Scan using sbtest6_pkey on sbtest6  (cost=0.43..8.45 rows=1 width=121)
	  Index Cond: (id = 1992638)

table 7 : explain SELECT c FROM sbtest7 WHERE id=1522801
	Index Scan using sbtest7_pkey on sbtest7  (cost=0.43..8.45 rows=1 width=121)
	  Index Cond: (id = 1522801)

table 8 : explain SELECT c FROM sbtest8 WHERE id=8450198
	Index Scan using sbtest8_pkey on sbtest8  (cost=0.43..8.45 rows=1 width=121)
	  Index Cond: (id = 8450198)

explain: for point_selects :: explain SELECT c FROM sbtest%u WHERE id=%u
explain: for point_selects :: explain SELECT c FROM sbtest%u WHERE id=%u
for: order_ranges
table 1 : explain SELECT c FROM sbtest1 WHERE id BETWEEN 9380553 AND 9380652 ORDER BY c
	Sort  (cost=440.41..440.68 rows=109 width=121)
	  Sort Key: c
	  ->  Index Scan using sbtest1_pkey on sbtest1  (cost=0.43..436.72 rows=109 width=121)
	        Index Cond: ((id >= 9380553) AND (id <= 9380652))

table 2 : explain SELECT c FROM sbtest2 WHERE id BETWEEN 5095735 AND 5095834 ORDER BY c
	Sort  (cost=383.25..383.49 rows=95 width=121)
	  Sort Key: c
	  ->  Index Scan using sbtest2_pkey on sbtest2  (cost=0.43..380.13 rows=95 width=121)
	        Index Cond: ((id >= 5095735) AND (id <= 5095834))

table 3 : explain SELECT c FROM sbtest3 WHERE id BETWEEN 2775985 AND 2776084 ORDER BY c
	Sort  (cost=408.02..408.27 rows=101 width=121)
	  Sort Key: c
	  ->  Index Scan using sbtest3_pkey on sbtest3  (cost=0.43..404.65 rows=101 width=121)
	        Index Cond: ((id >= 2775985) AND (id <= 2776084))

table 4 : explain SELECT c FROM sbtest4 WHERE id BETWEEN 2053252 AND 2053351 ORDER BY c
	Sort  (cost=411.99..412.24 rows=102 width=121)
	  Sort Key: c
	  ->  Index Scan using sbtest4_pkey on sbtest4  (cost=0.43..408.59 rows=102 width=121)
	        Index Cond: ((id >= 2053252) AND (id <= 2053351))

table 5 : explain SELECT c FROM sbtest5 WHERE id BETWEEN 7408154 AND 7408253 ORDER BY c
	Sort  (cost=403.23..403.48 rows=100 width=121)
	  Sort Key: c
	  ->  Index Scan using sbtest5_pkey on sbtest5  (cost=0.43..399.91 rows=100 width=121)
	        Index Cond: ((id >= 7408154) AND (id <= 7408253))

table 6 : explain SELECT c FROM sbtest6 WHERE id BETWEEN 8812632 AND 8812731 ORDER BY c
	Sort  (cost=399.14..399.39 rows=99 width=121)
	  Sort Key: c
	  ->  Index Scan using sbtest6_pkey on sbtest6  (cost=0.43..395.86 rows=99 width=121)
	        Index Cond: ((id >= 8812632) AND (id <= 8812731))

table 7 : explain SELECT c FROM sbtest7 WHERE id BETWEEN 3118551 AND 3118650 ORDER BY c
	Sort  (cost=402.79..403.04 rows=100 width=121)
	  Sort Key: c
	  ->  Index Scan using sbtest7_pkey on sbtest7  (cost=0.43..399.47 rows=100 width=121)
	        Index Cond: ((id >= 3118551) AND (id <= 3118650))

table 8 : explain SELECT c FROM sbtest8 WHERE id BETWEEN 9190529 AND 9190628 ORDER BY c
	Sort  (cost=383.74..383.98 rows=95 width=121)
	  Sort Key: c
	  ->  Index Scan using sbtest8_pkey on sbtest8  (cost=0.43..380.62 rows=95 width=121)
	        Index Cond: ((id >= 9190529) AND (id <= 9190628))

for point_selects
table 1 : explain SELECT c FROM sbtest1 WHERE id=8402936
	Index Scan using sbtest1_pkey on sbtest1  (cost=0.43..8.45 rows=1 width=121)
	  Index Cond: (id = 8402936)

table 2 : explain SELECT c FROM sbtest2 WHERE id=5312461
	Index Scan using sbtest2_pkey on sbtest2  (cost=0.43..8.45 rows=1 width=121)
	  Index Cond: (id = 5312461)

table 3 : explain SELECT c FROM sbtest3 WHERE id=4146923
	Index Scan using sbtest3_pkey on sbtest3  (cost=0.43..8.45 rows=1 width=121)
	  Index Cond: (id = 4146923)

table 4 : explain SELECT c FROM sbtest4 WHERE id=6298804
	Index Scan using sbtest4_pkey on sbtest4  (cost=0.43..8.45 rows=1 width=121)
	  Index Cond: (id = 6298804)

table 5 : explain SELECT c FROM sbtest5 WHERE id=9495130
	Index Scan using sbtest5_pkey on sbtest5  (cost=0.43..8.45 rows=1 width=121)
	  Index Cond: (id = 9495130)

table 6 : explain SELECT c FROM sbtest6 WHERE id=7374293
	Index Scan using sbtest6_pkey on sbtest6  (cost=0.43..8.45 rows=1 width=121)
	  Index Cond: (id = 7374293)

table 7 : explain SELECT c FROM sbtest7 WHERE id=5112497
	Index Scan using sbtest7_pkey on sbtest7  (cost=0.43..8.45 rows=1 width=121)
	  Index Cond: (id = 5112497)

table 8 : explain SELECT c FROM sbtest8 WHERE id=9389609
	Index Scan using sbtest8_pkey on sbtest8  (cost=0.43..8.45 rows=1 width=121)
	  Index Cond: (id = 9389609)

for: simple_ranges
table 1 : explain SELECT c FROM sbtest1 WHERE id BETWEEN 5673547 AND 5673646
	Index Scan using sbtest1_pkey on sbtest1  (cost=0.43..401.02 rows=100 width=121)
	  Index Cond: ((id >= 5673547) AND (id <= 5673646))

table 2 : explain SELECT c FROM sbtest2 WHERE id BETWEEN 9842579 AND 9842678
	Index Scan using sbtest2_pkey on sbtest2  (cost=0.43..372.22 rows=93 width=121)
	  Index Cond: ((id >= 9842579) AND (id <= 9842678))

table 3 : explain SELECT c FROM sbtest3 WHERE id BETWEEN 4046688 AND 4046787
	Index Scan using sbtest3_pkey on sbtest3  (cost=0.43..420.50 rows=105 width=121)
	  Index Cond: ((id >= 4046688) AND (id <= 4046787))

table 4 : explain SELECT c FROM sbtest4 WHERE id BETWEEN 8884129 AND 8884228
	Index Scan using sbtest4_pkey on sbtest4  (cost=0.43..400.66 rows=100 width=121)
	  Index Cond: ((id >= 8884129) AND (id <= 8884228))

table 5 : explain SELECT c FROM sbtest5 WHERE id BETWEEN 9217862 AND 9217961
	Index Scan using sbtest5_pkey on sbtest5  (cost=0.43..372.22 rows=93 width=121)
	  Index Cond: ((id >= 9217862) AND (id <= 9217961))

table 6 : explain SELECT c FROM sbtest6 WHERE id BETWEEN 4898549 AND 4898648
	Index Scan using sbtest6_pkey on sbtest6  (cost=0.43..399.81 rows=100 width=121)
	  Index Cond: ((id >= 4898549) AND (id <= 4898648))

table 7 : explain SELECT c FROM sbtest7 WHERE id BETWEEN 1209633 AND 1209732
	Index Scan using sbtest7_pkey on sbtest7  (cost=0.43..375.76 rows=94 width=121)
	  Index Cond: ((id >= 1209633) AND (id <= 1209732))

table 8 : explain SELECT c FROM sbtest8 WHERE id BETWEEN 2099174 AND 2099273
	Index Scan using sbtest8_pkey on sbtest8  (cost=0.43..372.70 rows=93 width=121)
	  Index Cond: ((id >= 2099174) AND (id <= 2099273))

for: simple_ranges
table 1 : explain SELECT c FROM sbtest1 WHERE id BETWEEN 9819390 AND 9819489
	Index Scan using sbtest1_pkey on sbtest1  (cost=0.43..381.20 rows=95 width=121)
	  Index Cond: ((id >= 9819390) AND (id <= 9819489))

table 2 : explain SELECT c FROM sbtest2 WHERE id BETWEEN 4853512 AND 4853611
	Index Scan using sbtest2_pkey on sbtest2  (cost=0.43..372.22 rows=93 width=121)
	  Index Cond: ((id >= 4853512) AND (id <= 4853611))

table 3 : explain SELECT c FROM sbtest3 WHERE id BETWEEN 7652293 AND 7652392
	Index Scan using sbtest3_pkey on sbtest3  (cost=0.43..392.76 rows=98 width=121)
	  Index Cond: ((id >= 7652293) AND (id <= 7652392))

table 4 : explain SELECT c FROM sbtest4 WHERE id BETWEEN 3851787 AND 3851886
	Index Scan using sbtest4_pkey on sbtest4  (cost=0.43..404.63 rows=101 width=121)
	  Index Cond: ((id >= 3851787) AND (id <= 3851886))

table 5 : explain SELECT c FROM sbtest5 WHERE id BETWEEN 7434587 AND 7434686
	Index Scan using sbtest5_pkey on sbtest5  (cost=0.43..399.91 rows=100 width=121)
	  Index Cond: ((id >= 7434587) AND (id <= 7434686))

table 6 : explain SELECT c FROM sbtest6 WHERE id BETWEEN 7633184 AND 7633283
	Index Scan using sbtest6_pkey on sbtest6  (cost=0.43..403.76 rows=101 width=121)
	  Index Cond: ((id >= 7633184) AND (id <= 7633283))

table 7 : explain SELECT c FROM sbtest7 WHERE id BETWEEN 383629 AND 383728
	Index Scan using sbtest7_pkey on sbtest7  (cost=0.43..419.22 rows=105 width=121)
	  Index Cond: ((id >= 383629) AND (id <= 383728))

table 8 : explain SELECT c FROM sbtest8 WHERE id BETWEEN 2531420 AND 2531519
	Index Scan using sbtest8_pkey on sbtest8  (cost=0.43..420.23 rows=105 width=121)
	  Index Cond: ((id >= 2531420) AND (id <= 2531519))

explain: for point_selects :: explain SELECT c FROM sbtest%u WHERE id=%u
for: distinct_ranges
table 1 : explain SELECT DISTINCT c FROM sbtest1 WHERE id BETWEEN 3769865 AND 3769964 ORDER BY c
	Unique  (cost=432.40..432.93 rows=107 width=121)
	  ->  Sort  (cost=432.40..432.66 rows=107 width=121)
	        Sort Key: c
	        ->  Index Scan using sbtest1_pkey on sbtest1  (cost=0.43..428.79 rows=107 width=121)
	              Index Cond: ((id >= 3769865) AND (id <= 3769964))

table 2 : explain SELECT DISTINCT c FROM sbtest2 WHERE id BETWEEN 3064358 AND 3064457 ORDER BY c
	Unique  (cost=387.24..387.72 rows=96 width=121)
	  ->  Sort  (cost=387.24..387.48 rows=96 width=121)
	        Sort Key: c
	        ->  Index Scan using sbtest2_pkey on sbtest2  (cost=0.43..384.08 rows=96 width=121)
	              Index Cond: ((id >= 3064358) AND (id <= 3064457))

table 3 : explain SELECT DISTINCT c FROM sbtest3 WHERE id BETWEEN 312520 AND 312619 ORDER BY c
	Unique  (cost=396.00..396.49 rows=98 width=121)
	  ->  Sort  (cost=396.00..396.24 rows=98 width=121)
	        Sort Key: c
	        ->  Index Scan using sbtest3_pkey on sbtest3  (cost=0.43..392.76 rows=98 width=121)
	              Index Cond: ((id >= 312520) AND (id <= 312619))

table 4 : explain SELECT DISTINCT c FROM sbtest4 WHERE id BETWEEN 274319 AND 274418 ORDER BY c
	Unique  (cost=379.96..380.43 rows=94 width=121)
	  ->  Sort  (cost=379.96..380.20 rows=94 width=121)
	        Sort Key: c
	        ->  Index Scan using sbtest4_pkey on sbtest4  (cost=0.43..376.88 rows=94 width=121)
	              Index Cond: ((id >= 274319) AND (id <= 274418))

table 5 : explain SELECT DISTINCT c FROM sbtest5 WHERE id BETWEEN 3888882 AND 3888981 ORDER BY c
	Unique  (cost=423.20..423.73 rows=105 width=121)
	  ->  Sort  (cost=423.20..423.46 rows=105 width=121)
	        Sort Key: c
	        ->  Index Scan using sbtest5_pkey on sbtest5  (cost=0.43..419.68 rows=105 width=121)
	              Index Cond: ((id >= 3888882) AND (id <= 3888981))

table 6 : explain SELECT DISTINCT c FROM sbtest6 WHERE id BETWEEN 6969925 AND 6970024 ORDER BY c
	Unique  (cost=359.20..359.64 rows=89 width=121)
	  ->  Sort  (cost=359.20..359.42 rows=89 width=121)
	        Sort Key: c
	        ->  Index Scan using sbtest6_pkey on sbtest6  (cost=0.43..356.31 rows=89 width=121)
	              Index Cond: ((id >= 6969925) AND (id <= 6970024))

table 7 : explain SELECT DISTINCT c FROM sbtest7 WHERE id BETWEEN 5925223 AND 5925322 ORDER BY c
	Unique  (cost=402.79..403.29 rows=100 width=121)
	  ->  Sort  (cost=402.79..403.04 rows=100 width=121)
	        Sort Key: c
	        ->  Index Scan using sbtest7_pkey on sbtest7  (cost=0.43..399.47 rows=100 width=121)
	              Index Cond: ((id >= 5925223) AND (id <= 5925322))

table 8 : explain SELECT DISTINCT c FROM sbtest8 WHERE id BETWEEN 4065869 AND 4065968 ORDER BY c
	Unique  (cost=419.75..420.27 rows=104 width=121)
	  ->  Sort  (cost=419.75..420.01 rows=104 width=121)
	        Sort Key: c
	        ->  Index Scan using sbtest8_pkey on sbtest8  (cost=0.43..416.27 rows=104 width=121)
	              Index Cond: ((id >= 4065869) AND (id <= 4065968))

for: distinct_ranges
table 1 : explain SELECT DISTINCT c FROM sbtest1 WHERE id BETWEEN 5797730 AND 5797829 ORDER BY c
	Unique  (cost=388.32..388.80 rows=96 width=121)
	  ->  Sort  (cost=388.32..388.56 rows=96 width=121)
	        Sort Key: c
	        ->  Index Scan using sbtest1_pkey on sbtest1  (cost=0.43..385.16 rows=96 width=121)
	              Index Cond: ((id >= 5797730) AND (id <= 5797829))

table 2 : explain SELECT DISTINCT c FROM sbtest2 WHERE id BETWEEN 7002232 AND 7002331 ORDER BY c
	Unique  (cost=391.24..391.72 rows=97 width=121)
	  ->  Sort  (cost=391.24..391.48 rows=97 width=121)
	        Sort Key: c
	        ->  Index Scan using sbtest2_pkey on sbtest2  (cost=0.43..388.03 rows=97 width=121)
	              Index Cond: ((id >= 7002232) AND (id <= 7002331))

table 3 : explain SELECT DISTINCT c FROM sbtest3 WHERE id BETWEEN 3780739 AND 3780838 ORDER BY c
	Unique  (cost=420.02..420.54 rows=104 width=121)
	  ->  Sort  (cost=420.02..420.28 rows=104 width=121)
	        Sort Key: c
	        ->  Index Scan using sbtest3_pkey on sbtest3  (cost=0.43..416.54 rows=104 width=121)
	              Index Cond: ((id >= 3780739) AND (id <= 3780838))

table 4 : explain SELECT DISTINCT c FROM sbtest4 WHERE id BETWEEN 3389007 AND 3389106 ORDER BY c
	Unique  (cost=391.97..392.45 rows=97 width=121)
	  ->  Sort  (cost=391.97..392.21 rows=97 width=121)
	        Sort Key: c
	        ->  Index Scan using sbtest4_pkey on sbtest4  (cost=0.43..388.77 rows=97 width=121)
	              Index Cond: ((id >= 3389007) AND (id <= 3389106))

table 5 : explain SELECT DISTINCT c FROM sbtest5 WHERE id BETWEEN 1223568 AND 1223667 ORDER BY c
	Unique  (cost=375.26..375.72 rows=93 width=121)
	  ->  Sort  (cost=375.26..375.49 rows=93 width=121)
	        Sort Key: c
	        ->  Index Scan using sbtest5_pkey on sbtest5  (cost=0.43..372.22 rows=93 width=121)
	              Index Cond: ((id >= 1223568) AND (id <= 1223667))

table 6 : explain SELECT DISTINCT c FROM sbtest6 WHERE id BETWEEN 5072232 AND 5072331 ORDER BY c
	Unique  (cost=379.16..379.63 rows=94 width=121)
	  ->  Sort  (cost=379.16..379.39 rows=94 width=121)
	        Sort Key: c
	        ->  Index Scan using sbtest6_pkey on sbtest6  (cost=0.43..376.08 rows=94 width=121)
	              Index Cond: ((id >= 5072232) AND (id <= 5072331))

table 7 : explain SELECT DISTINCT c FROM sbtest7 WHERE id BETWEEN 2342620 AND 2342719 ORDER BY c
	Unique  (cost=386.82..387.30 rows=96 width=121)
	  ->  Sort  (cost=386.82..387.06 rows=96 width=121)
	        Sort Key: c
	        ->  Index Scan using sbtest7_pkey on sbtest7  (cost=0.43..383.66 rows=96 width=121)
	              Index Cond: ((id >= 2342620) AND (id <= 2342719))

table 8 : explain SELECT DISTINCT c FROM sbtest8 WHERE id BETWEEN 2563629 AND 2563728 ORDER BY c
	Unique  (cost=423.75..424.28 rows=105 width=121)
	  ->  Sort  (cost=423.75..424.01 rows=105 width=121)
	        Sort Key: c
	        ->  Index Scan using sbtest8_pkey on sbtest8  (cost=0.43..420.23 rows=105 width=121)
	              Index Cond: ((id >= 2563629) AND (id <= 2563728))

for: order_ranges
table 1 : explain SELECT c FROM sbtest1 WHERE id BETWEEN 9075376 AND 9075475 ORDER BY c
	Sort  (cost=372.30..372.53 rows=92 width=121)
	  Sort Key: c
	  ->  Index Scan using sbtest1_pkey on sbtest1  (cost=0.43..369.30 rows=92 width=121)
	        Index Cond: ((id >= 9075376) AND (id <= 9075475))

table 2 : explain SELECT c FROM sbtest2 WHERE id BETWEEN 7795315 AND 7795414 ORDER BY c
	Sort  (cost=419.21..419.47 rows=104 width=121)
	  Sort Key: c
	  ->  Index Scan using sbtest2_pkey on sbtest2  (cost=0.43..415.73 rows=104 width=121)
	        Index Cond: ((id >= 7795315) AND (id <= 7795414))

table 3 : explain SELECT c FROM sbtest3 WHERE id BETWEEN 2162569 AND 2162668 ORDER BY c
	Sort  (cost=371.99..372.22 rows=92 width=121)
	  Sort Key: c
	  ->  Index Scan using sbtest3_pkey on sbtest3  (cost=0.43..368.99 rows=92 width=121)
	        Index Cond: ((id >= 2162569) AND (id <= 2162668))

table 4 : explain SELECT c FROM sbtest4 WHERE id BETWEEN 5392325 AND 5392424 ORDER BY c
	Sort  (cost=440.00..440.28 rows=109 width=121)
	  Sort Key: c
	  ->  Index Scan using sbtest4_pkey on sbtest4  (cost=0.43..436.32 rows=109 width=121)
	        Index Cond: ((id >= 5392325) AND (id <= 5392424))

table 5 : explain SELECT c FROM sbtest5 WHERE id BETWEEN 8523256 AND 8523355 ORDER BY c
	Sort  (cost=447.17..447.44 rows=111 width=121)
	  Sort Key: c
	  ->  Index Scan using sbtest5_pkey on sbtest5  (cost=0.43..443.40 rows=111 width=121)
	        Index Cond: ((id >= 8523256) AND (id <= 8523355))

table 6 : explain SELECT c FROM sbtest6 WHERE id BETWEEN 7485463 AND 7485562 ORDER BY c
	Sort  (cost=399.14..399.39 rows=99 width=121)
	  Sort Key: c
	  ->  Index Scan using sbtest6_pkey on sbtest6  (cost=0.43..395.86 rows=99 width=121)
	        Index Cond: ((id >= 7485463) AND (id <= 7485562))

table 7 : explain SELECT c FROM sbtest7 WHERE id BETWEEN 3431232 AND 3431331 ORDER BY c
	Sort  (cost=370.86..371.09 rows=92 width=121)
	  Sort Key: c
	  ->  Index Scan using sbtest7_pkey on sbtest7  (cost=0.43..367.86 rows=92 width=121)
	        Index Cond: ((id >= 3431232) AND (id <= 3431331))

table 8 : explain SELECT c FROM sbtest8 WHERE id BETWEEN 1137126 AND 1137225 ORDER BY c
	Sort  (cost=443.75..444.02 rows=110 width=121)
	  Sort Key: c
	  ->  Index Scan using sbtest8_pkey on sbtest8  (cost=0.43..440.02 rows=110 width=121)
	        Index Cond: ((id >= 1137126) AND (id <= 1137225))

for: order_ranges
table 1 : explain SELECT c FROM sbtest1 WHERE id BETWEEN 737646 AND 737745 ORDER BY c
	Sort  (cost=400.34..400.59 rows=99 width=121)
	  Sort Key: c
	  ->  Index Scan using sbtest1_pkey on sbtest1  (cost=0.43..397.06 rows=99 width=121)
	        Index Cond: ((id >= 737646) AND (id <= 737745))

table 2 : explain SELECT c FROM sbtest2 WHERE id BETWEEN 6709258 AND 6709357 ORDER BY c
	Sort  (cost=403.22..403.47 rows=100 width=121)
	  Sort Key: c
	  ->  Index Scan using sbtest2_pkey on sbtest2  (cost=0.43..399.90 rows=100 width=121)
	        Index Cond: ((id >= 6709258) AND (id <= 6709357))

table 3 : explain SELECT c FROM sbtest3 WHERE id BETWEEN 2948251 AND 2948350 ORDER BY c
	Sort  (cost=400.00..400.25 rows=99 width=121)
	  Sort Key: c
	  ->  Index Scan using sbtest3_pkey on sbtest3  (cost=0.43..396.72 rows=99 width=121)
	        Index Cond: ((id >= 2948251) AND (id <= 2948350))

table 4 : explain SELECT c FROM sbtest4 WHERE id BETWEEN 6077941 AND 6078040 ORDER BY c
	Sort  (cost=407.99..408.24 rows=101 width=121)
	  Sort Key: c
	  ->  Index Scan using sbtest4_pkey on sbtest4  (cost=0.43..404.63 rows=101 width=121)
	        Index Cond: ((id >= 6077941) AND (id <= 6078040))

table 5 : explain SELECT c FROM sbtest5 WHERE id BETWEEN 6757700 AND 6757799 ORDER BY c
	Sort  (cost=423.20..423.46 rows=105 width=121)
	  Sort Key: c
	  ->  Index Scan using sbtest5_pkey on sbtest5  (cost=0.43..419.68 rows=105 width=121)
	        Index Cond: ((id >= 6757700) AND (id <= 6757799))

table 6 : explain SELECT c FROM sbtest6 WHERE id BETWEEN 4894121 AND 4894220 ORDER BY c
	Sort  (cost=403.13..403.38 rows=100 width=121)
	  Sort Key: c
	  ->  Index Scan using sbtest6_pkey on sbtest6  (cost=0.43..399.81 rows=100 width=121)
	        Index Cond: ((id >= 4894121) AND (id <= 4894220))

table 7 : explain SELECT c FROM sbtest7 WHERE id BETWEEN 9114082 AND 9114181 ORDER BY c
	Sort  (cost=438.70..438.97 rows=109 width=121)
	  Sort Key: c
	  ->  Index Scan using sbtest7_pkey on sbtest7  (cost=0.43..435.01 rows=109 width=121)
	        Index Cond: ((id >= 9114082) AND (id <= 9114181))

table 8 : explain SELECT c FROM sbtest8 WHERE id BETWEEN 9871702 AND 9871801 ORDER BY c
	Sort  (cost=391.74..391.98 rows=97 width=121)
	  Sort Key: c
	  ->  Index Scan using sbtest8_pkey on sbtest8  (cost=0.43..388.54 rows=97 width=121)
	        Index Cond: ((id >= 9871702) AND (id <= 9871801))

for: order_ranges
table 1 : explain SELECT c FROM sbtest1 WHERE id BETWEEN 6162027 AND 6162126 ORDER BY c
	Sort  (cost=424.38..424.65 rows=105 width=121)
	  Sort Key: c
	  ->  Index Scan using sbtest1_pkey on sbtest1  (cost=0.43..420.86 rows=105 width=121)
	        Index Cond: ((id >= 6162027) AND (id <= 6162126))

table 2 : explain SELECT c FROM sbtest2 WHERE id BETWEEN 6186004 AND 6186103 ORDER BY c
	Sort  (cost=427.20..427.46 rows=106 width=121)
	  Sort Key: c
	  ->  Index Scan using sbtest2_pkey on sbtest2  (cost=0.43..423.63 rows=106 width=121)
	        Index Cond: ((id >= 6186004) AND (id <= 6186103))

table 3 : explain SELECT c FROM sbtest3 WHERE id BETWEEN 3110102 AND 3110201 ORDER BY c
	Sort  (cost=420.02..420.28 rows=104 width=121)
	  Sort Key: c
	  ->  Index Scan using sbtest3_pkey on sbtest3  (cost=0.43..416.54 rows=104 width=121)
	        Index Cond: ((id >= 3110102) AND (id <= 3110201))

table 4 : explain SELECT c FROM sbtest4 WHERE id BETWEEN 5564131 AND 5564230 ORDER BY c
	Sort  (cost=375.96..376.19 rows=93 width=121)
	  Sort Key: c
	  ->  Index Scan using sbtest4_pkey on sbtest4  (cost=0.43..372.92 rows=93 width=121)
	        Index Cond: ((id >= 5564131) AND (id <= 5564230))

table 5 : explain SELECT c FROM sbtest5 WHERE id BETWEEN 4564048 AND 4564147 ORDER BY c
	Sort  (cost=419.21..419.47 rows=104 width=121)
	  Sort Key: c
	  ->  Index Scan using sbtest5_pkey on sbtest5  (cost=0.43..415.72 rows=104 width=121)
	        Index Cond: ((id >= 4564048) AND (id <= 4564147))

table 6 : explain SELECT c FROM sbtest6 WHERE id BETWEEN 9629834 AND 9629933 ORDER BY c
	Sort  (cost=395.13..395.37 rows=98 width=121)
	  Sort Key: c
	  ->  Index Scan using sbtest6_pkey on sbtest6  (cost=0.43..391.89 rows=98 width=121)
	        Index Cond: ((id >= 9629834) AND (id <= 9629933))

table 7 : explain SELECT c FROM sbtest7 WHERE id BETWEEN 2569917 AND 2570016 ORDER BY c
	Sort  (cost=430.72..430.99 rows=107 width=121)
	  Sort Key: c
	  ->  Index Scan using sbtest7_pkey on sbtest7  (cost=0.43..427.11 rows=107 width=121)
	        Index Cond: ((id >= 2569917) AND (id <= 2570016))

table 8 : explain SELECT c FROM sbtest8 WHERE id BETWEEN 2835584 AND 2835683 ORDER BY c
	Sort  (cost=407.75..408.00 rows=101 width=121)
	  Sort Key: c
	  ->  Index Scan using sbtest8_pkey on sbtest8  (cost=0.43..404.39 rows=101 width=121)
	        Index Cond: ((id >= 2835584) AND (id <= 2835683))

for point_selects
table 1 : explain SELECT c FROM sbtest1 WHERE id=7030633
	Index Scan using sbtest1_pkey on sbtest1  (cost=0.43..8.45 rows=1 width=121)
	  Index Cond: (id = 7030633)

table 2 : explain SELECT c FROM sbtest2 WHERE id=3776860
	Index Scan using sbtest2_pkey on sbtest2  (cost=0.43..8.45 rows=1 width=121)
	  Index Cond: (id = 3776860)

table 3 : explain SELECT c FROM sbtest3 WHERE id=9237546
	Index Scan using sbtest3_pkey on sbtest3  (cost=0.43..8.45 rows=1 width=121)
	  Index Cond: (id = 9237546)

table 4 : explain SELECT c FROM sbtest4 WHERE id=7728705
	Index Scan using sbtest4_pkey on sbtest4  (cost=0.43..8.45 rows=1 width=121)
	  Index Cond: (id = 7728705)

table 5 : explain SELECT c FROM sbtest5 WHERE id=1180335
	Index Scan using sbtest5_pkey on sbtest5  (cost=0.43..8.45 rows=1 width=121)
	  Index Cond: (id = 1180335)

table 6 : explain SELECT c FROM sbtest6 WHERE id=3580426
	Index Scan using sbtest6_pkey on sbtest6  (cost=0.43..8.45 rows=1 width=121)
	  Index Cond: (id = 3580426)

table 7 : explain SELECT c FROM sbtest7 WHERE id=2875897
	Index Scan using sbtest7_pkey on sbtest7  (cost=0.43..8.45 rows=1 width=121)
	  Index Cond: (id = 2875897)

table 8 : explain SELECT c FROM sbtest8 WHERE id=1028017
	Index Scan using sbtest8_pkey on sbtest8  (cost=0.43..8.45 rows=1 width=121)
	  Index Cond: (id = 1028017)

for: distinct_ranges
table 1 : explain SELECT DISTINCT c FROM sbtest1 WHERE id BETWEEN 5948175 AND 5948274 ORDER BY c
	Unique  (cost=420.38..420.90 rows=104 width=121)
	  ->  Sort  (cost=420.38..420.64 rows=104 width=121)
	        Sort Key: c
	        ->  Index Scan using sbtest1_pkey on sbtest1  (cost=0.43..416.89 rows=104 width=121)
	              Index Cond: ((id >= 5948175) AND (id <= 5948274))

table 2 : explain SELECT DISTINCT c FROM sbtest2 WHERE id BETWEEN 6498803 AND 6498902 ORDER BY c
	Unique  (cost=435.19..435.73 rows=108 width=121)
	  ->  Sort  (cost=435.19..435.46 rows=108 width=121)
	        Sort Key: c
	        ->  Index Scan using sbtest2_pkey on sbtest2  (cost=0.43..431.54 rows=108 width=121)
	              Index Cond: ((id >= 6498803) AND (id <= 6498902))

table 3 : explain SELECT DISTINCT c FROM sbtest3 WHERE id BETWEEN 4157611 AND 4157710 ORDER BY c
	Unique  (cost=420.02..420.54 rows=104 width=121)
	  ->  Sort  (cost=420.02..420.28 rows=104 width=121)
	        Sort Key: c
	        ->  Index Scan using sbtest3_pkey on sbtest3  (cost=0.43..416.54 rows=104 width=121)
	              Index Cond: ((id >= 4157611) AND (id <= 4157710))

table 4 : explain SELECT DISTINCT c FROM sbtest4 WHERE id BETWEEN 6847531 AND 6847630 ORDER BY c
	Unique  (cost=444.01..444.56 rows=110 width=121)
	  ->  Sort  (cost=444.01..444.28 rows=110 width=121)
	        Sort Key: c
	        ->  Index Scan using sbtest4_pkey on sbtest4  (cost=0.43..440.28 rows=110 width=121)
	              Index Cond: ((id >= 6847531) AND (id <= 6847630))

table 5 : explain SELECT DISTINCT c FROM sbtest5 WHERE id BETWEEN 7605110 AND 7605209 ORDER BY c
	Unique  (cost=375.26..375.72 rows=93 width=121)
	  ->  Sort  (cost=375.26..375.49 rows=93 width=121)
	        Sort Key: c
	        ->  Index Scan using sbtest5_pkey on sbtest5  (cost=0.43..372.22 rows=93 width=121)
	              Index Cond: ((id >= 7605110) AND (id <= 7605209))

table 6 : explain SELECT DISTINCT c FROM sbtest6 WHERE id BETWEEN 6425508 AND 6425607 ORDER BY c
	Unique  (cost=419.10..419.62 rows=104 width=121)
	  ->  Sort  (cost=419.10..419.36 rows=104 width=121)
	        Sort Key: c
	        ->  Index Scan using sbtest6_pkey on sbtest6  (cost=0.43..415.62 rows=104 width=121)
	              Index Cond: ((id >= 6425508) AND (id <= 6425607))

table 7 : explain SELECT DISTINCT c FROM sbtest7 WHERE id BETWEEN 2336696 AND 2336795 ORDER BY c
	Unique  (cost=386.82..387.30 rows=96 width=121)
	  ->  Sort  (cost=386.82..387.06 rows=96 width=121)
	        Sort Key: c
	        ->  Index Scan using sbtest7_pkey on sbtest7  (cost=0.43..383.66 rows=96 width=121)
	              Index Cond: ((id >= 2336696) AND (id <= 2336795))

table 8 : explain SELECT DISTINCT c FROM sbtest8 WHERE id BETWEEN 9343096 AND 9343195 ORDER BY c
	Unique  (cost=343.76..344.18 rows=85 width=121)
	  ->  Sort  (cost=343.76..343.97 rows=85 width=121)
	        Sort Key: c
	        ->  Index Scan using sbtest8_pkey on sbtest8  (cost=0.43..341.03 rows=85 width=121)
	              Index Cond: ((id >= 9343096) AND (id <= 9343195))

for: distinct_ranges
table 1 : explain SELECT DISTINCT c FROM sbtest1 WHERE id BETWEEN 3778048 AND 3778147 ORDER BY c
	Unique  (cost=432.40..432.93 rows=107 width=121)
	  ->  Sort  (cost=432.40..432.66 rows=107 width=121)
	        Sort Key: c
	        ->  Index Scan using sbtest1_pkey on sbtest1  (cost=0.43..428.79 rows=107 width=121)
	              Index Cond: ((id >= 3778048) AND (id <= 3778147))

table 2 : explain SELECT DISTINCT c FROM sbtest2 WHERE id BETWEEN 6665455 AND 6665554 ORDER BY c
	Unique  (cost=383.25..383.72 rows=95 width=121)
	  ->  Sort  (cost=383.25..383.49 rows=95 width=121)
	        Sort Key: c
	        ->  Index Scan using sbtest2_pkey on sbtest2  (cost=0.43..380.13 rows=95 width=121)
	              Index Cond: ((id >= 6665455) AND (id <= 6665554))

table 3 : explain SELECT DISTINCT c FROM sbtest3 WHERE id BETWEEN 592661 AND 592760 ORDER BY c
	Unique  (cost=396.00..396.49 rows=98 width=121)
	  ->  Sort  (cost=396.00..396.24 rows=98 width=121)
	        Sort Key: c
	        ->  Index Scan using sbtest3_pkey on sbtest3  (cost=0.43..392.76 rows=98 width=121)
	              Index Cond: ((id >= 592661) AND (id <= 592760))

table 4 : explain SELECT DISTINCT c FROM sbtest4 WHERE id BETWEEN 946725 AND 946824 ORDER BY c
	Unique  (cost=395.97..396.46 rows=98 width=121)
	  ->  Sort  (cost=395.97..396.21 rows=98 width=121)
	        Sort Key: c
	        ->  Index Scan using sbtest4_pkey on sbtest4  (cost=0.43..392.73 rows=98 width=121)
	              Index Cond: ((id >= 946725) AND (id <= 946824))

table 5 : explain SELECT DISTINCT c FROM sbtest5 WHERE id BETWEEN 3026446 AND 3026545 ORDER BY c
	Unique  (cost=387.24..387.72 rows=96 width=121)
	  ->  Sort  (cost=387.24..387.48 rows=96 width=121)
	        Sort Key: c
	        ->  Index Scan using sbtest5_pkey on sbtest5  (cost=0.43..384.08 rows=96 width=121)
	              Index Cond: ((id >= 3026446) AND (id <= 3026545))

table 6 : explain SELECT DISTINCT c FROM sbtest6 WHERE id BETWEEN 3257528 AND 3257627 ORDER BY c
	Unique  (cost=351.21..351.65 rows=87 width=121)
	  ->  Sort  (cost=351.21..351.43 rows=87 width=121)
	        Sort Key: c
	        ->  Index Scan using sbtest6_pkey on sbtest6  (cost=0.43..348.41 rows=87 width=121)
	              Index Cond: ((id >= 3257528) AND (id <= 3257627))

table 7 : explain SELECT DISTINCT c FROM sbtest7 WHERE id BETWEEN 2447405 AND 2447504 ORDER BY c
	Unique  (cost=382.83..383.30 rows=95 width=121)
	  ->  Sort  (cost=382.83..383.07 rows=95 width=121)
	        Sort Key: c
	        ->  Index Scan using sbtest7_pkey on sbtest7  (cost=0.43..379.71 rows=95 width=121)
	              Index Cond: ((id >= 2447405) AND (id <= 2447504))

table 8 : explain SELECT DISTINCT c FROM sbtest8 WHERE id BETWEEN 6624375 AND 6624474 ORDER BY c
	Unique  (cost=435.75..436.29 rows=108 width=121)
	  ->  Sort  (cost=435.75..436.02 rows=108 width=121)
	        Sort Key: c
	        ->  Index Scan using sbtest8_pkey on sbtest8  (cost=0.43..432.10 rows=108 width=121)
	              Index Cond: ((id >= 6624375) AND (id <= 6624474))

for: distinct_ranges
table 1 : explain SELECT DISTINCT c FROM sbtest1 WHERE id BETWEEN 1400801 AND 1400900 ORDER BY c
	Unique  (cost=376.31..376.77 rows=93 width=121)
	  ->  Sort  (cost=376.31..376.54 rows=93 width=121)
	        Sort Key: c
	        ->  Index Scan using sbtest1_pkey on sbtest1  (cost=0.43..373.27 rows=93 width=121)
	              Index Cond: ((id >= 1400801) AND (id <= 1400900))

table 2 : explain SELECT DISTINCT c FROM sbtest2 WHERE id BETWEEN 6900907 AND 6901006 ORDER BY c
	Unique  (cost=415.22..415.73 rows=103 width=121)
	  ->  Sort  (cost=415.22..415.47 rows=103 width=121)
	        Sort Key: c
	        ->  Index Scan using sbtest2_pkey on sbtest2  (cost=0.43..411.77 rows=103 width=121)
	              Index Cond: ((id >= 6900907) AND (id <= 6901006))

table 3 : explain SELECT DISTINCT c FROM sbtest3 WHERE id BETWEEN 5902849 AND 5902948 ORDER BY c
	Unique  (cost=416.02..416.54 rows=103 width=121)
	  ->  Sort  (cost=416.02..416.28 rows=103 width=121)
	        Sort Key: c
	        ->  Index Scan using sbtest3_pkey on sbtest3  (cost=0.43..412.58 rows=103 width=121)
	              Index Cond: ((id >= 5902849) AND (id <= 5902948))

table 4 : explain SELECT DISTINCT c FROM sbtest4 WHERE id BETWEEN 6340597 AND 6340696 ORDER BY c
	Unique  (cost=444.01..444.56 rows=110 width=121)
	  ->  Sort  (cost=444.01..444.28 rows=110 width=121)
	        Sort Key: c
	        ->  Index Scan using sbtest4_pkey on sbtest4  (cost=0.43..440.28 rows=110 width=121)
	              Index Cond: ((id >= 6340597) AND (id <= 6340696))

table 5 : explain SELECT DISTINCT c FROM sbtest5 WHERE id BETWEEN 1567848 AND 1567947 ORDER BY c
	Unique  (cost=411.22..411.73 rows=102 width=121)
	  ->  Sort  (cost=411.22..411.47 rows=102 width=121)
	        Sort Key: c
	        ->  Index Scan using sbtest5_pkey on sbtest5  (cost=0.43..407.81 rows=102 width=121)
	              Index Cond: ((id >= 1567848) AND (id <= 1567947))

table 6 : explain SELECT DISTINCT c FROM sbtest6 WHERE id BETWEEN 6068871 AND 6068970 ORDER BY c
	Unique  (cost=391.14..391.62 rows=97 width=121)
	  ->  Sort  (cost=391.14..391.38 rows=97 width=121)
	        Sort Key: c
	        ->  Index Scan using sbtest6_pkey on sbtest6  (cost=0.43..387.93 rows=97 width=121)
	              Index Cond: ((id >= 6068871) AND (id <= 6068970))

table 7 : explain SELECT DISTINCT c FROM sbtest7 WHERE id BETWEEN 4946474 AND 4946573 ORDER BY c
	Unique  (cost=418.75..419.27 rows=104 width=121)
	  ->  Sort  (cost=418.75..419.01 rows=104 width=121)
	        Sort Key: c
	        ->  Index Scan using sbtest7_pkey on sbtest7  (cost=0.43..415.27 rows=104 width=121)
	              Index Cond: ((id >= 4946474) AND (id <= 4946573))

table 8 : explain SELECT DISTINCT c FROM sbtest8 WHERE id BETWEEN 1558682 AND 1558781 ORDER BY c
	Unique  (cost=403.75..404.25 rows=100 width=121)
	  ->  Sort  (cost=403.75..404.00 rows=100 width=121)
	        Sort Key: c
	        ->  Index Scan using sbtest8_pkey on sbtest8  (cost=0.43..400.43 rows=100 width=121)
	              Index Cond: ((id >= 1558682) AND (id <= 1558781))

for point_selects
table 1 : explain SELECT c FROM sbtest1 WHERE id=2424955
	Index Scan using sbtest1_pkey on sbtest1  (cost=0.43..8.45 rows=1 width=121)
	  Index Cond: (id = 2424955)

table 2 : explain SELECT c FROM sbtest2 WHERE id=6792066
	Index Scan using sbtest2_pkey on sbtest2  (cost=0.43..8.45 rows=1 width=121)
	  Index Cond: (id = 6792066)

table 3 : explain SELECT c FROM sbtest3 WHERE id=4328052
	Index Scan using sbtest3_pkey on sbtest3  (cost=0.43..8.45 rows=1 width=121)
	  Index Cond: (id = 4328052)

table 4 : explain SELECT c FROM sbtest4 WHERE id=950070
	Index Scan using sbtest4_pkey on sbtest4  (cost=0.43..8.45 rows=1 width=121)
	  Index Cond: (id = 950070)

table 5 : explain SELECT c FROM sbtest5 WHERE id=5472975
	Index Scan using sbtest5_pkey on sbtest5  (cost=0.43..8.45 rows=1 width=121)
	  Index Cond: (id = 5472975)

table 6 : explain SELECT c FROM sbtest6 WHERE id=4765057
	Index Scan using sbtest6_pkey on sbtest6  (cost=0.43..8.45 rows=1 width=121)
	  Index Cond: (id = 4765057)

table 7 : explain SELECT c FROM sbtest7 WHERE id=1279512
	Index Scan using sbtest7_pkey on sbtest7  (cost=0.43..8.45 rows=1 width=121)
	  Index Cond: (id = 1279512)

table 8 : explain SELECT c FROM sbtest8 WHERE id=1159190
	Index Scan using sbtest8_pkey on sbtest8  (cost=0.43..8.45 rows=1 width=121)
	  Index Cond: (id = 1159190)

for: simple_ranges
table 1 : explain SELECT c FROM sbtest1 WHERE id BETWEEN 6783742 AND 6783841
	Index Scan using sbtest1_pkey on sbtest1  (cost=0.43..401.02 rows=100 width=121)
	  Index Cond: ((id >= 6783742) AND (id <= 6783841))

table 2 : explain SELECT c FROM sbtest2 WHERE id BETWEEN 6363375 AND 6363474
	Index Scan using sbtest2_pkey on sbtest2  (cost=0.43..391.99 rows=98 width=121)
	  Index Cond: ((id >= 6363375) AND (id <= 6363474))

table 3 : explain SELECT c FROM sbtest3 WHERE id BETWEEN 9972813 AND 9972912
	Index Scan using sbtest3_pkey on sbtest3  (cost=0.43..349.18 rows=87 width=121)
	  Index Cond: ((id >= 9972813) AND (id <= 9972912))

table 4 : explain SELECT c FROM sbtest4 WHERE id BETWEEN 836421 AND 836520
	Index Scan using sbtest4_pkey on sbtest4  (cost=0.43..416.51 rows=104 width=121)
	  Index Cond: ((id >= 836421) AND (id <= 836520))

table 5 : explain SELECT c FROM sbtest5 WHERE id BETWEEN 1514756 AND 1514855
	Index Scan using sbtest5_pkey on sbtest5  (cost=0.43..388.03 rows=97 width=121)
	  Index Cond: ((id >= 1514756) AND (id <= 1514855))

table 6 : explain SELECT c FROM sbtest6 WHERE id BETWEEN 6431414 AND 6431513
	Index Scan using sbtest6_pkey on sbtest6  (cost=0.43..415.62 rows=104 width=121)
	  Index Cond: ((id >= 6431414) AND (id <= 6431513))

table 7 : explain SELECT c FROM sbtest7 WHERE id BETWEEN 3643886 AND 3643985
	Index Scan using sbtest7_pkey on sbtest7  (cost=0.43..419.22 rows=105 width=121)
	  Index Cond: ((id >= 3643886) AND (id <= 3643985))

table 8 : explain SELECT c FROM sbtest8 WHERE id BETWEEN 2629947 AND 2630046
	Index Scan using sbtest8_pkey on sbtest8  (cost=0.43..376.66 rows=94 width=121)
	  Index Cond: ((id >= 2629947) AND (id <= 2630046))

explain: for point_selects :: explain SELECT c FROM sbtest%u WHERE id=%u
for point_selects
table 1 : explain SELECT c FROM sbtest1 WHERE id=4461929
	Index Scan using sbtest1_pkey on sbtest1  (cost=0.43..8.45 rows=1 width=121)
	  Index Cond: (id = 4461929)

table 2 : explain SELECT c FROM sbtest2 WHERE id=629076
	Index Scan using sbtest2_pkey on sbtest2  (cost=0.43..8.45 rows=1 width=121)
	  Index Cond: (id = 629076)

table 3 : explain SELECT c FROM sbtest3 WHERE id=8359150
	Index Scan using sbtest3_pkey on sbtest3  (cost=0.43..8.45 rows=1 width=121)
	  Index Cond: (id = 8359150)

table 4 : explain SELECT c FROM sbtest4 WHERE id=2628096
	Index Scan using sbtest4_pkey on sbtest4  (cost=0.43..8.45 rows=1 width=121)
	  Index Cond: (id = 2628096)

table 5 : explain SELECT c FROM sbtest5 WHERE id=3988086
	Index Scan using sbtest5_pkey on sbtest5  (cost=0.43..8.45 rows=1 width=121)
	  Index Cond: (id = 3988086)

table 6 : explain SELECT c FROM sbtest6 WHERE id=3791343
	Index Scan using sbtest6_pkey on sbtest6  (cost=0.43..8.45 rows=1 width=121)
	  Index Cond: (id = 3791343)

table 7 : explain SELECT c FROM sbtest7 WHERE id=4210470
	Index Scan using sbtest7_pkey on sbtest7  (cost=0.43..8.45 rows=1 width=121)
	  Index Cond: (id = 4210470)

table 8 : explain SELECT c FROM sbtest8 WHERE id=3396796
	Index Scan using sbtest8_pkey on sbtest8  (cost=0.43..8.45 rows=1 width=121)
	  Index Cond: (id = 3396796)

explain: for point_selects :: explain SELECT c FROM sbtest%u WHERE id=%u
for: distinct_ranges
table 1 : explain SELECT DISTINCT c FROM sbtest1 WHERE id BETWEEN 5076109 AND 5076208 ORDER BY c
	Unique  (cost=424.38..424.91 rows=105 width=121)
	  ->  Sort  (cost=424.38..424.65 rows=105 width=121)
	        Sort Key: c
	        ->  Index Scan using sbtest1_pkey on sbtest1  (cost=0.43..420.86 rows=105 width=121)
	              Index Cond: ((id >= 5076109) AND (id <= 5076208))

table 2 : explain SELECT DISTINCT c FROM sbtest2 WHERE id BETWEEN 1553927 AND 1554026 ORDER BY c
	Unique  (cost=411.22..411.73 rows=102 width=121)
	  ->  Sort  (cost=411.22..411.48 rows=102 width=121)
	        Sort Key: c
	        ->  Index Scan using sbtest2_pkey on sbtest2  (cost=0.43..407.82 rows=102 width=121)
	              Index Cond: ((id >= 1553927) AND (id <= 1554026))

table 3 : explain SELECT DISTINCT c FROM sbtest3 WHERE id BETWEEN 9696542 AND 9696641 ORDER BY c
	Unique  (cost=404.00..404.50 rows=100 width=121)
	  ->  Sort  (cost=404.00..404.25 rows=100 width=121)
	        Sort Key: c
	        ->  Index Scan using sbtest3_pkey on sbtest3  (cost=0.43..400.68 rows=100 width=121)
	              Index Cond: ((id >= 9696542) AND (id <= 9696641))

table 4 : explain SELECT DISTINCT c FROM sbtest4 WHERE id BETWEEN 4069535 AND 4069634 ORDER BY c
	Unique  (cost=403.99..404.49 rows=100 width=121)
	  ->  Sort  (cost=403.99..404.24 rows=100 width=121)
	        Sort Key: c
	        ->  Index Scan using sbtest4_pkey on sbtest4  (cost=0.43..400.66 rows=100 width=121)
	              Index Cond: ((id >= 4069535) AND (id <= 4069634))

table 5 : explain SELECT DISTINCT c FROM sbtest5 WHERE id BETWEEN 9617423 AND 9617522 ORDER BY c
	Unique  (cost=395.22..395.71 rows=98 width=121)
	  ->  Sort  (cost=395.22..395.47 rows=98 width=121)
	        Sort Key: c
	        ->  Index Scan using sbtest5_pkey on sbtest5  (cost=0.43..391.98 rows=98 width=121)
	              Index Cond: ((id >= 9617423) AND (id <= 9617522))

table 6 : explain SELECT DISTINCT c FROM sbtest6 WHERE id BETWEEN 9763040 AND 9763139 ORDER BY c
	Unique  (cost=391.14..391.62 rows=97 width=121)
	  ->  Sort  (cost=391.14..391.38 rows=97 width=121)
	        Sort Key: c
	        ->  Index Scan using sbtest6_pkey on sbtest6  (cost=0.43..387.93 rows=97 width=121)
	              Index Cond: ((id >= 9763040) AND (id <= 9763139))

table 7 : explain SELECT DISTINCT c FROM sbtest7 WHERE id BETWEEN 9277204 AND 9277303 ORDER BY c
	Unique  (cost=398.80..399.30 rows=99 width=121)
	  ->  Sort  (cost=398.80..399.05 rows=99 width=121)
	        Sort Key: c
	        ->  Index Scan using sbtest7_pkey on sbtest7  (cost=0.43..395.52 rows=99 width=121)
	              Index Cond: ((id >= 9277204) AND (id <= 9277303))

table 8 : explain SELECT DISTINCT c FROM sbtest8 WHERE id BETWEEN 2655815 AND 2655914 ORDER BY c
	Unique  (cost=379.74..380.21 rows=94 width=121)
	  ->  Sort  (cost=379.74..379.98 rows=94 width=121)
	        Sort Key: c
	        ->  Index Scan using sbtest8_pkey on sbtest8  (cost=0.43..376.66 rows=94 width=121)
	              Index Cond: ((id >= 2655815) AND (id <= 2655914))

for point_selects
table 1 : explain SELECT c FROM sbtest1 WHERE id=2305829
	Index Scan using sbtest1_pkey on sbtest1  (cost=0.43..8.45 rows=1 width=121)
	  Index Cond: (id = 2305829)

table 2 : explain SELECT c FROM sbtest2 WHERE id=3439695
	Index Scan using sbtest2_pkey on sbtest2  (cost=0.43..8.45 rows=1 width=121)
	  Index Cond: (id = 3439695)

table 3 : explain SELECT c FROM sbtest3 WHERE id=8052067
	Index Scan using sbtest3_pkey on sbtest3  (cost=0.43..8.45 rows=1 width=121)
	  Index Cond: (id = 8052067)

table 4 : explain SELECT c FROM sbtest4 WHERE id=6442717
	Index Scan using sbtest4_pkey on sbtest4  (cost=0.43..8.45 rows=1 width=121)
	  Index Cond: (id = 6442717)

table 5 : explain SELECT c FROM sbtest5 WHERE id=2687693
	Index Scan using sbtest5_pkey on sbtest5  (cost=0.43..8.45 rows=1 width=121)
	  Index Cond: (id = 2687693)

table 6 : explain SELECT c FROM sbtest6 WHERE id=3107680
	Index Scan using sbtest6_pkey on sbtest6  (cost=0.43..8.45 rows=1 width=121)
	  Index Cond: (id = 3107680)

table 7 : explain SELECT c FROM sbtest7 WHERE id=6085193
	Index Scan using sbtest7_pkey on sbtest7  (cost=0.43..8.45 rows=1 width=121)
	  Index Cond: (id = 6085193)

table 8 : explain SELECT c FROM sbtest8 WHERE id=9721476
	Index Scan using sbtest8_pkey on sbtest8  (cost=0.43..8.45 rows=1 width=121)
	  Index Cond: (id = 9721476)

explain: for point_selects :: explain SELECT c FROM sbtest%u WHERE id=%u
for: simple_ranges
table 1 : explain SELECT c FROM sbtest1 WHERE id BETWEEN 8492485 AND 8492584
	Index Scan using sbtest1_pkey on sbtest1  (cost=0.43..408.96 rows=102 width=121)
	  Index Cond: ((id >= 8492485) AND (id <= 8492584))

table 2 : explain SELECT c FROM sbtest2 WHERE id BETWEEN 7464264 AND 7464363
	Index Scan using sbtest2_pkey on sbtest2  (cost=0.43..407.82 rows=102 width=121)
	  Index Cond: ((id >= 7464264) AND (id <= 7464363))

table 3 : explain SELECT c FROM sbtest3 WHERE id BETWEEN 4744998 AND 4745097
	Index Scan using sbtest3_pkey on sbtest3  (cost=0.43..388.79 rows=97 width=121)
	  Index Cond: ((id >= 4744998) AND (id <= 4745097))

table 4 : explain SELECT c FROM sbtest4 WHERE id BETWEEN 8243391 AND 8243490
	Index Scan using sbtest4_pkey on sbtest4  (cost=0.43..424.43 rows=106 width=121)
	  Index Cond: ((id >= 8243391) AND (id <= 8243490))

table 5 : explain SELECT c FROM sbtest5 WHERE id BETWEEN 4529677 AND 4529776
	Index Scan using sbtest5_pkey on sbtest5  (cost=0.43..399.91 rows=100 width=121)
	  Index Cond: ((id >= 4529677) AND (id <= 4529776))

table 6 : explain SELECT c FROM sbtest6 WHERE id BETWEEN 7764013 AND 7764112
	Index Scan using sbtest6_pkey on sbtest6  (cost=0.43..380.03 rows=95 width=121)
	  Index Cond: ((id >= 7764013) AND (id <= 7764112))

table 7 : explain SELECT c FROM sbtest7 WHERE id BETWEEN 8316010 AND 8316109
	Index Scan using sbtest7_pkey on sbtest7  (cost=0.43..407.37 rows=102 width=121)
	  Index Cond: ((id >= 8316010) AND (id <= 8316109))

table 8 : explain SELECT c FROM sbtest8 WHERE id BETWEEN 7081479 AND 7081578
	Index Scan using sbtest8_pkey on sbtest8  (cost=0.43..400.43 rows=100 width=121)
	  Index Cond: ((id >= 7081479) AND (id <= 7081578))

for: distinct_ranges
table 1 : explain SELECT DISTINCT c FROM sbtest1 WHERE id BETWEEN 8512521 AND 8512620 ORDER BY c
	Unique  (cost=412.37..412.88 rows=102 width=121)
	  ->  Sort  (cost=412.37..412.62 rows=102 width=121)
	        Sort Key: c
	        ->  Index Scan using sbtest1_pkey on sbtest1  (cost=0.43..408.96 rows=102 width=121)
	              Index Cond: ((id >= 8512521) AND (id <= 8512620))

table 2 : explain SELECT DISTINCT c FROM sbtest2 WHERE id BETWEEN 6822982 AND 6823081 ORDER BY c
	Unique  (cost=415.22..415.73 rows=103 width=121)
	  ->  Sort  (cost=415.22..415.47 rows=103 width=121)
	        Sort Key: c
	        ->  Index Scan using sbtest2_pkey on sbtest2  (cost=0.43..411.77 rows=103 width=121)
	              Index Cond: ((id >= 6822982) AND (id <= 6823081))

table 3 : explain SELECT DISTINCT c FROM sbtest3 WHERE id BETWEEN 2219099 AND 2219198 ORDER BY c
	Unique  (cost=371.99..372.45 rows=92 width=121)
	  ->  Sort  (cost=371.99..372.22 rows=92 width=121)
	        Sort Key: c
	        ->  Index Scan using sbtest3_pkey on sbtest3  (cost=0.43..368.99 rows=92 width=121)
	              Index Cond: ((id >= 2219099) AND (id <= 2219198))

table 4 : explain SELECT DISTINCT c FROM sbtest4 WHERE id BETWEEN 8344697 AND 8344796 ORDER BY c
	Unique  (cost=391.97..392.45 rows=97 width=121)
	  ->  Sort  (cost=391.97..392.21 rows=97 width=121)
	        Sort Key: c
	        ->  Index Scan using sbtest4_pkey on sbtest4  (cost=0.43..388.77 rows=97 width=121)
	              Index Cond: ((id >= 8344697) AND (id <= 8344796))

table 5 : explain SELECT DISTINCT c FROM sbtest5 WHERE id BETWEEN 5295265 AND 5295364 ORDER BY c
	Unique  (cost=411.22..411.73 rows=102 width=121)
	  ->  Sort  (cost=411.22..411.47 rows=102 width=121)
	        Sort Key: c
	        ->  Index Scan using sbtest5_pkey on sbtest5  (cost=0.43..407.81 rows=102 width=121)
	              Index Cond: ((id >= 5295265) AND (id <= 5295364))

table 6 : explain SELECT DISTINCT c FROM sbtest6 WHERE id BETWEEN 9272263 AND 9272362 ORDER BY c
	Unique  (cost=443.06..443.61 rows=110 width=121)
	  ->  Sort  (cost=443.06..443.34 rows=110 width=121)
	        Sort Key: c
	        ->  Index Scan using sbtest6_pkey on sbtest6  (cost=0.43..439.33 rows=110 width=121)
	              Index Cond: ((id >= 9272263) AND (id <= 9272362))

table 7 : explain SELECT DISTINCT c FROM sbtest7 WHERE id BETWEEN 4241778 AND 4241877 ORDER BY c
	Unique  (cost=394.80..395.29 rows=98 width=121)
	  ->  Sort  (cost=394.80..395.04 rows=98 width=121)
	        Sort Key: c
	        ->  Index Scan using sbtest7_pkey on sbtest7  (cost=0.43..391.55 rows=98 width=121)
	              Index Cond: ((id >= 4241778) AND (id <= 4241877))

table 8 : explain SELECT DISTINCT c FROM sbtest8 WHERE id BETWEEN 78120 AND 78219 ORDER BY c
	Unique  (cost=367.75..368.20 rows=91 width=121)
	  ->  Sort  (cost=367.75..367.97 rows=91 width=121)
	        Sort Key: c
	        ->  Index Scan using sbtest8_pkey on sbtest8  (cost=0.43..364.79 rows=91 width=121)
	              Index Cond: ((id >= 78120) AND (id <= 78219))

for: simple_ranges
table 1 : explain SELECT c FROM sbtest1 WHERE id BETWEEN 3990723 AND 3990822
	Index Scan using sbtest1_pkey on sbtest1  (cost=0.43..385.16 rows=96 width=121)
	  Index Cond: ((id >= 3990723) AND (id <= 3990822))

table 2 : explain SELECT c FROM sbtest2 WHERE id BETWEEN 1419375 AND 1419474
	Index Scan using sbtest2_pkey on sbtest2  (cost=0.43..427.59 rows=107 width=121)
	  Index Cond: ((id >= 1419375) AND (id <= 1419474))

table 3 : explain SELECT c FROM sbtest3 WHERE id BETWEEN 205266 AND 205365
	Index Scan using sbtest3_pkey on sbtest3  (cost=0.43..376.91 rows=94 width=121)
	  Index Cond: ((id >= 205266) AND (id <= 205365))

table 4 : explain SELECT c FROM sbtest4 WHERE id BETWEEN 5004061 AND 5004160
	Index Scan using sbtest4_pkey on sbtest4  (cost=0.43..416.51 rows=104 width=121)
	  Index Cond: ((id >= 5004061) AND (id <= 5004160))

table 5 : explain SELECT c FROM sbtest5 WHERE id BETWEEN 9281131 AND 9281230
	Index Scan using sbtest5_pkey on sbtest5  (cost=0.43..372.22 rows=93 width=121)
	  Index Cond: ((id >= 9281131) AND (id <= 9281230))

table 6 : explain SELECT c FROM sbtest6 WHERE id BETWEEN 2632114 AND 2632213
	Index Scan using sbtest6_pkey on sbtest6  (cost=0.43..403.76 rows=101 width=121)
	  Index Cond: ((id >= 2632114) AND (id <= 2632213))

table 7 : explain SELECT c FROM sbtest7 WHERE id BETWEEN 4008930 AND 4009029
	Index Scan using sbtest7_pkey on sbtest7  (cost=0.43..375.76 rows=94 width=121)
	  Index Cond: ((id >= 4008930) AND (id <= 4009029))

table 8 : explain SELECT c FROM sbtest8 WHERE id BETWEEN 5411220 AND 5411319
	Index Scan using sbtest8_pkey on sbtest8  (cost=0.43..376.66 rows=94 width=121)
	  Index Cond: ((id >= 5411220) AND (id <= 5411319))

for: order_ranges
table 1 : explain SELECT c FROM sbtest1 WHERE id BETWEEN 9447846 AND 9447945 ORDER BY c
	Sort  (cost=412.37..412.62 rows=102 width=121)
	  Sort Key: c
	  ->  Index Scan using sbtest1_pkey on sbtest1  (cost=0.43..408.96 rows=102 width=121)
	        Index Cond: ((id >= 9447846) AND (id <= 9447945))

table 2 : explain SELECT c FROM sbtest2 WHERE id BETWEEN 9971702 AND 9971801 ORDER BY c
	Sort  (cost=403.22..403.47 rows=100 width=121)
	  Sort Key: c
	  ->  Index Scan using sbtest2_pkey on sbtest2  (cost=0.43..399.90 rows=100 width=121)
	        Index Cond: ((id >= 9971702) AND (id <= 9971801))

table 3 : explain SELECT c FROM sbtest3 WHERE id BETWEEN 5602730 AND 5602829 ORDER BY c
	Sort  (cost=355.98..356.20 rows=88 width=121)
	  Sort Key: c
	  ->  Index Scan using sbtest3_pkey on sbtest3  (cost=0.43..353.14 rows=88 width=121)
	        Index Cond: ((id >= 5602730) AND (id <= 5602829))

table 4 : explain SELECT c FROM sbtest4 WHERE id BETWEEN 8980709 AND 8980808 ORDER BY c
	Sort  (cost=444.01..444.28 rows=110 width=121)
	  Sort Key: c
	  ->  Index Scan using sbtest4_pkey on sbtest4  (cost=0.43..440.28 rows=110 width=121)
	        Index Cond: ((id >= 8980709) AND (id <= 8980808))

table 5 : explain SELECT c FROM sbtest5 WHERE id BETWEEN 7877424 AND 7877523 ORDER BY c
	Sort  (cost=431.19..431.46 rows=107 width=121)
	  Sort Key: c
	  ->  Index Scan using sbtest5_pkey on sbtest5  (cost=0.43..427.58 rows=107 width=121)
	        Index Cond: ((id >= 7877424) AND (id <= 7877523))

table 6 : explain SELECT c FROM sbtest6 WHERE id BETWEEN 3224283 AND 3224382 ORDER BY c
	Sort  (cost=403.13..403.38 rows=100 width=121)
	  Sort Key: c
	  ->  Index Scan using sbtest6_pkey on sbtest6  (cost=0.43..399.81 rows=100 width=121)
	        Index Cond: ((id >= 3224283) AND (id <= 3224382))

table 7 : explain SELECT c FROM sbtest7 WHERE id BETWEEN 4876807 AND 4876906 ORDER BY c
	Sort  (cost=374.85..375.08 rows=93 width=121)
	  Sort Key: c
	  ->  Index Scan using sbtest7_pkey on sbtest7  (cost=0.43..371.81 rows=93 width=121)
	        Index Cond: ((id >= 4876807) AND (id <= 4876906))

table 8 : explain SELECT c FROM sbtest8 WHERE id BETWEEN 2275781 AND 2275880 ORDER BY c
	Sort  (cost=391.74..391.98 rows=97 width=121)
	  Sort Key: c
	  ->  Index Scan using sbtest8_pkey on sbtest8  (cost=0.43..388.54 rows=97 width=121)
	        Index Cond: ((id >= 2275781) AND (id <= 2275880))

for point_selects
table 1 : explain SELECT c FROM sbtest1 WHERE id=1488053
	Index Scan using sbtest1_pkey on sbtest1  (cost=0.43..8.45 rows=1 width=121)
	  Index Cond: (id = 1488053)

table 2 : explain SELECT c FROM sbtest2 WHERE id=471066
	Index Scan using sbtest2_pkey on sbtest2  (cost=0.43..8.45 rows=1 width=121)
	  Index Cond: (id = 471066)

table 3 : explain SELECT c FROM sbtest3 WHERE id=1992454
	Index Scan using sbtest3_pkey on sbtest3  (cost=0.43..8.45 rows=1 width=121)
	  Index Cond: (id = 1992454)

table 4 : explain SELECT c FROM sbtest4 WHERE id=5204697
	Index Scan using sbtest4_pkey on sbtest4  (cost=0.43..8.45 rows=1 width=121)
	  Index Cond: (id = 5204697)

table 5 : explain SELECT c FROM sbtest5 WHERE id=6211519
	Index Scan using sbtest5_pkey on sbtest5  (cost=0.43..8.45 rows=1 width=121)
	  Index Cond: (id = 6211519)

table 6 : explain SELECT c FROM sbtest6 WHERE id=9926477
	Index Scan using sbtest6_pkey on sbtest6  (cost=0.43..8.45 rows=1 width=121)
	  Index Cond: (id = 9926477)

table 7 : explain SELECT c FROM sbtest7 WHERE id=903973
	Index Scan using sbtest7_pkey on sbtest7  (cost=0.43..8.45 rows=1 width=121)
	  Index Cond: (id = 903973)

table 8 : explain SELECT c FROM sbtest8 WHERE id=7056045
	Index Scan using sbtest8_pkey on sbtest8  (cost=0.43..8.45 rows=1 width=121)
	  Index Cond: (id = 7056045)

explain: for point_selects :: explain SELECT c FROM sbtest%u WHERE id=%u
for point_selects
table 1 : explain SELECT c FROM sbtest1 WHERE id=7175766
	Index Scan using sbtest1_pkey on sbtest1  (cost=0.43..8.45 rows=1 width=121)
	  Index Cond: (id = 7175766)

table 2 : explain SELECT c FROM sbtest2 WHERE id=3403372
	Index Scan using sbtest2_pkey on sbtest2  (cost=0.43..8.45 rows=1 width=121)
	  Index Cond: (id = 3403372)

table 3 : explain SELECT c FROM sbtest3 WHERE id=9785514
	Index Scan using sbtest3_pkey on sbtest3  (cost=0.43..8.45 rows=1 width=121)
	  Index Cond: (id = 9785514)

table 4 : explain SELECT c FROM sbtest4 WHERE id=3719316
	Index Scan using sbtest4_pkey on sbtest4  (cost=0.43..8.45 rows=1 width=121)
	  Index Cond: (id = 3719316)

table 5 : explain SELECT c FROM sbtest5 WHERE id=3019422
	Index Scan using sbtest5_pkey on sbtest5  (cost=0.43..8.45 rows=1 width=121)
	  Index Cond: (id = 3019422)

table 6 : explain SELECT c FROM sbtest6 WHERE id=9496409
	Index Scan using sbtest6_pkey on sbtest6  (cost=0.43..8.45 rows=1 width=121)
	  Index Cond: (id = 9496409)

table 7 : explain SELECT c FROM sbtest7 WHERE id=1634313
	Index Scan using sbtest7_pkey on sbtest7  (cost=0.43..8.45 rows=1 width=121)
	  Index Cond: (id = 1634313)

table 8 : explain SELECT c FROM sbtest8 WHERE id=7899644
	Index Scan using sbtest8_pkey on sbtest8  (cost=0.43..8.45 rows=1 width=121)
	  Index Cond: (id = 7899644)

for: sum_ranges
table 1 : explain SELECT SUM(k) FROM sbtest1 WHERE id BETWEEN 2461630 AND 2461729
	Aggregate  (cost=385.40..385.41 rows=1 width=8)
	  ->  Index Scan using sbtest1_pkey on sbtest1  (cost=0.43..385.16 rows=96 width=4)
	        Index Cond: ((id >= 2461630) AND (id <= 2461729))

table 2 : explain SELECT SUM(k) FROM sbtest2 WHERE id BETWEEN 4184503 AND 4184602
	Aggregate  (cost=364.54..364.55 rows=1 width=8)
	  ->  Index Scan using sbtest2_pkey on sbtest2  (cost=0.43..364.31 rows=91 width=4)
	        Index Cond: ((id >= 4184503) AND (id <= 4184602))

table 3 : explain SELECT SUM(k) FROM sbtest3 WHERE id BETWEEN 6717200 AND 6717299
	Aggregate  (cost=389.04..389.05 rows=1 width=8)
	  ->  Index Scan using sbtest3_pkey on sbtest3  (cost=0.43..388.79 rows=97 width=4)
	        Index Cond: ((id >= 6717200) AND (id <= 6717299))

table 4 : explain SELECT SUM(k) FROM sbtest4 WHERE id BETWEEN 2142655 AND 2142754
	Aggregate  (cost=389.01..389.02 rows=1 width=8)
	  ->  Index Scan using sbtest4_pkey on sbtest4  (cost=0.43..388.77 rows=97 width=4)
	        Index Cond: ((id >= 2142655) AND (id <= 2142754))

table 5 : explain SELECT SUM(k) FROM sbtest5 WHERE id BETWEEN 7292550 AND 7292649
	Aggregate  (cost=408.07..408.08 rows=1 width=8)
	  ->  Index Scan using sbtest5_pkey on sbtest5  (cost=0.43..407.81 rows=102 width=4)
	        Index Cond: ((id >= 7292550) AND (id <= 7292649))

table 6 : explain SELECT SUM(k) FROM sbtest6 WHERE id BETWEEN 3232796 AND 3232895
	Aggregate  (cost=348.63..348.64 rows=1 width=8)
	  ->  Index Scan using sbtest6_pkey on sbtest6  (cost=0.43..348.41 rows=87 width=4)
	        Index Cond: ((id >= 3232796) AND (id <= 3232895))

table 7 : explain SELECT SUM(k) FROM sbtest7 WHERE id BETWEEN 8210138 AND 8210237
	Aggregate  (cost=403.67..403.68 rows=1 width=8)
	  ->  Index Scan using sbtest7_pkey on sbtest7  (cost=0.43..403.42 rows=101 width=4)
	        Index Cond: ((id >= 8210138) AND (id <= 8210237))

table 8 : explain SELECT SUM(k) FROM sbtest8 WHERE id BETWEEN 1051611 AND 1051710
	Aggregate  (cost=372.94..372.95 rows=1 width=8)
	  ->  Index Scan using sbtest8_pkey on sbtest8  (cost=0.43..372.70 rows=93 width=4)
	        Index Cond: ((id >= 1051611) AND (id <= 1051710))

for point_selects
table 1 : explain SELECT c FROM sbtest1 WHERE id=3450186
	Index Scan using sbtest1_pkey on sbtest1  (cost=0.43..8.45 rows=1 width=121)
	  Index Cond: (id = 3450186)

table 2 : explain SELECT c FROM sbtest2 WHERE id=4969780
	Index Scan using sbtest2_pkey on sbtest2  (cost=0.43..8.45 rows=1 width=121)
	  Index Cond: (id = 4969780)

table 3 : explain SELECT c FROM sbtest3 WHERE id=738601
	Index Scan using sbtest3_pkey on sbtest3  (cost=0.43..8.45 rows=1 width=121)
	  Index Cond: (id = 738601)

table 4 : explain SELECT c FROM sbtest4 WHERE id=4510789
	Index Scan using sbtest4_pkey on sbtest4  (cost=0.43..8.45 rows=1 width=121)
	  Index Cond: (id = 4510789)

table 5 : explain SELECT c FROM sbtest5 WHERE id=8476021
	Index Scan using sbtest5_pkey on sbtest5  (cost=0.43..8.45 rows=1 width=121)
	  Index Cond: (id = 8476021)

table 6 : explain SELECT c FROM sbtest6 WHERE id=9881457
	Index Scan using sbtest6_pkey on sbtest6  (cost=0.43..8.45 rows=1 width=121)
	  Index Cond: (id = 9881457)

table 7 : explain SELECT c FROM sbtest7 WHERE id=7914204
	Index Scan using sbtest7_pkey on sbtest7  (cost=0.43..8.45 rows=1 width=121)
	  Index Cond: (id = 7914204)

table 8 : explain SELECT c FROM sbtest8 WHERE id=4074595
	Index Scan using sbtest8_pkey on sbtest8  (cost=0.43..8.45 rows=1 width=121)
	  Index Cond: (id = 4074595)

for: distinct_ranges
table 1 : explain SELECT DISTINCT c FROM sbtest1 WHERE id BETWEEN 8217329 AND 8217428 ORDER BY c
	Unique  (cost=428.39..428.92 rows=106 width=121)
	  ->  Sort  (cost=428.39..428.66 rows=106 width=121)
	        Sort Key: c
	        ->  Index Scan using sbtest1_pkey on sbtest1  (cost=0.43..424.83 rows=106 width=121)
	              Index Cond: ((id >= 8217329) AND (id <= 8217428))

table 2 : explain SELECT DISTINCT c FROM sbtest2 WHERE id BETWEEN 4866814 AND 4866913 ORDER BY c
	Unique  (cost=375.26..375.73 rows=93 width=121)
	  ->  Sort  (cost=375.26..375.49 rows=93 width=121)
	        Sort Key: c
	        ->  Index Scan using sbtest2_pkey on sbtest2  (cost=0.43..372.22 rows=93 width=121)
	              Index Cond: ((id >= 4866814) AND (id <= 4866913))

table 3 : explain SELECT DISTINCT c FROM sbtest3 WHERE id BETWEEN 3642266 AND 3642365 ORDER BY c
	Unique  (cost=392.00..392.48 rows=97 width=121)
	  ->  Sort  (cost=392.00..392.24 rows=97 width=121)
	        Sort Key: c
	        ->  Index Scan using sbtest3_pkey on sbtest3  (cost=0.43..388.79 rows=97 width=121)
	              Index Cond: ((id >= 3642266) AND (id <= 3642365))

table 4 : explain SELECT DISTINCT c FROM sbtest4 WHERE id BETWEEN 1844789 AND 1844888 ORDER BY c
	Unique  (cost=391.97..392.45 rows=97 width=121)
	  ->  Sort  (cost=391.97..392.21 rows=97 width=121)
	        Sort Key: c
	        ->  Index Scan using sbtest4_pkey on sbtest4  (cost=0.43..388.77 rows=97 width=121)
	              Index Cond: ((id >= 1844789) AND (id <= 1844888))

table 5 : explain SELECT DISTINCT c FROM sbtest5 WHERE id BETWEEN 9558898 AND 9558997 ORDER BY c
	Unique  (cost=383.24..383.72 rows=95 width=121)
	  ->  Sort  (cost=383.24..383.48 rows=95 width=121)
	        Sort Key: c
	        ->  Index Scan using sbtest5_pkey on sbtest5  (cost=0.43..380.12 rows=95 width=121)
	              Index Cond: ((id >= 9558898) AND (id <= 9558997))

table 6 : explain SELECT DISTINCT c FROM sbtest6 WHERE id BETWEEN 5543936 AND 5544035 ORDER BY c
	Unique  (cost=399.14..399.63 rows=99 width=121)
	  ->  Sort  (cost=399.14..399.39 rows=99 width=121)
	        Sort Key: c
	        ->  Index Scan using sbtest6_pkey on sbtest6  (cost=0.43..395.86 rows=99 width=121)
	              Index Cond: ((id >= 5543936) AND (id <= 5544035))

table 7 : explain SELECT DISTINCT c FROM sbtest7 WHERE id BETWEEN 5724278 AND 5724377 ORDER BY c
	Unique  (cost=382.83..383.30 rows=95 width=121)
	  ->  Sort  (cost=382.83..383.07 rows=95 width=121)
	        Sort Key: c
	        ->  Index Scan using sbtest7_pkey on sbtest7  (cost=0.43..379.71 rows=95 width=121)
	              Index Cond: ((id >= 5724278) AND (id <= 5724377))

table 8 : explain SELECT DISTINCT c FROM sbtest8 WHERE id BETWEEN 1868684 AND 1868783 ORDER BY c
	Unique  (cost=435.75..436.29 rows=108 width=121)
	  ->  Sort  (cost=435.75..436.02 rows=108 width=121)
	        Sort Key: c
	        ->  Index Scan using sbtest8_pkey on sbtest8  (cost=0.43..432.10 rows=108 width=121)
	              Index Cond: ((id >= 1868684) AND (id <= 1868783))

for: distinct_ranges
table 1 : explain SELECT DISTINCT c FROM sbtest1 WHERE id BETWEEN 2684744 AND 2684843 ORDER BY c
	Unique  (cost=372.30..372.76 rows=92 width=121)
	  ->  Sort  (cost=372.30..372.53 rows=92 width=121)
	        Sort Key: c
	        ->  Index Scan using sbtest1_pkey on sbtest1  (cost=0.43..369.30 rows=92 width=121)
	              Index Cond: ((id >= 2684744) AND (id <= 2684843))

table 2 : explain SELECT DISTINCT c FROM sbtest2 WHERE id BETWEEN 1615495 AND 1615594 ORDER BY c
	Unique  (cost=395.23..395.72 rows=98 width=121)
	  ->  Sort  (cost=395.23..395.47 rows=98 width=121)
	        Sort Key: c
	        ->  Index Scan using sbtest2_pkey on sbtest2  (cost=0.43..391.99 rows=98 width=121)
	              Index Cond: ((id >= 1615495) AND (id <= 1615594))

table 3 : explain SELECT DISTINCT c FROM sbtest3 WHERE id BETWEEN 9045594 AND 9045693 ORDER BY c
	Unique  (cost=375.99..376.45 rows=93 width=121)
	  ->  Sort  (cost=375.99..376.22 rows=93 width=121)
	        Sort Key: c
	        ->  Index Scan using sbtest3_pkey on sbtest3  (cost=0.43..372.95 rows=93 width=121)
	              Index Cond: ((id >= 9045594) AND (id <= 9045693))

table 4 : explain SELECT DISTINCT c FROM sbtest4 WHERE id BETWEEN 8308771 AND 8308870 ORDER BY c
	Unique  (cost=428.00..428.53 rows=106 width=121)
	  ->  Sort  (cost=428.00..428.26 rows=106 width=121)
	        Sort Key: c
	        ->  Index Scan using sbtest4_pkey on sbtest4  (cost=0.43..424.43 rows=106 width=121)
	              Index Cond: ((id >= 8308771) AND (id <= 8308870))

table 5 : explain SELECT DISTINCT c FROM sbtest5 WHERE id BETWEEN 7112031 AND 7112130 ORDER BY c
	Unique  (cost=371.26..371.72 rows=92 width=121)
	  ->  Sort  (cost=371.26..371.49 rows=92 width=121)
	        Sort Key: c
	        ->  Index Scan using sbtest5_pkey on sbtest5  (cost=0.43..368.26 rows=92 width=121)
	              Index Cond: ((id >= 7112031) AND (id <= 7112130))

table 6 : explain SELECT DISTINCT c FROM sbtest6 WHERE id BETWEEN 8712991 AND 8713090 ORDER BY c
	Unique  (cost=439.07..439.62 rows=109 width=121)
	  ->  Sort  (cost=439.07..439.34 rows=109 width=121)
	        Sort Key: c
	        ->  Index Scan using sbtest6_pkey on sbtest6  (cost=0.43..435.38 rows=109 width=121)
	              Index Cond: ((id >= 8712991) AND (id <= 8713090))

table 7 : explain SELECT DISTINCT c FROM sbtest7 WHERE id BETWEEN 878934 AND 879033 ORDER BY c
	Unique  (cost=406.78..407.29 rows=101 width=121)
	  ->  Sort  (cost=406.78..407.03 rows=101 width=121)
	        Sort Key: c
	        ->  Index Scan using sbtest7_pkey on sbtest7  (cost=0.43..403.42 rows=101 width=121)
	              Index Cond: ((id >= 878934) AND (id <= 879033))

table 8 : explain SELECT DISTINCT c FROM sbtest8 WHERE id BETWEEN 3452487 AND 3452586 ORDER BY c
	Unique  (cost=435.75..436.29 rows=108 width=121)
	  ->  Sort  (cost=435.75..436.02 rows=108 width=121)
	        Sort Key: c
	        ->  Index Scan using sbtest8_pkey on sbtest8  (cost=0.43..432.10 rows=108 width=121)
	              Index Cond: ((id >= 3452487) AND (id <= 3452586))

for: sum_ranges
table 1 : explain SELECT SUM(k) FROM sbtest1 WHERE id BETWEEN 7881431 AND 7881530
	Aggregate  (cost=397.30..397.31 rows=1 width=8)
	  ->  Index Scan using sbtest1_pkey on sbtest1  (cost=0.43..397.06 rows=99 width=4)
	        Index Cond: ((id >= 7881431) AND (id <= 7881530))

table 2 : explain SELECT SUM(k) FROM sbtest2 WHERE id BETWEEN 7156721 AND 7156820
	Aggregate  (cost=376.41..376.42 rows=1 width=8)
	  ->  Index Scan using sbtest2_pkey on sbtest2  (cost=0.43..376.17 rows=94 width=4)
	        Index Cond: ((id >= 7156721) AND (id <= 7156820))

table 3 : explain SELECT SUM(k) FROM sbtest3 WHERE id BETWEEN 2538155 AND 2538254
	Aggregate  (cost=408.87..408.88 rows=1 width=8)
	  ->  Index Scan using sbtest3_pkey on sbtest3  (cost=0.43..408.62 rows=102 width=4)
	        Index Cond: ((id >= 2538155) AND (id <= 2538254))

table 4 : explain SELECT SUM(k) FROM sbtest4 WHERE id BETWEEN 7430273 AND 7430372
	Aggregate  (cost=369.19..369.20 rows=1 width=8)
	  ->  Index Scan using sbtest4_pkey on sbtest4  (cost=0.43..368.96 rows=92 width=4)
	        Index Cond: ((id >= 7430273) AND (id <= 7430372))

table 5 : explain SELECT SUM(k) FROM sbtest5 WHERE id BETWEEN 3723796 AND 3723895
	Aggregate  (cost=451.59..451.60 rows=1 width=8)
	  ->  Index Scan using sbtest5_pkey on sbtest5  (cost=0.43..451.30 rows=113 width=4)
	        Index Cond: ((id >= 3723796) AND (id <= 3723895))

table 6 : explain SELECT SUM(k) FROM sbtest6 WHERE id BETWEEN 663491 AND 663590
	Aggregate  (cost=384.22..384.23 rows=1 width=8)
	  ->  Index Scan using sbtest6_pkey on sbtest6  (cost=0.43..383.98 rows=96 width=4)
	        Index Cond: ((id >= 663491) AND (id <= 663590))

table 7 : explain SELECT SUM(k) FROM sbtest7 WHERE id BETWEEN 2814075 AND 2814174
	Aggregate  (cost=403.67..403.68 rows=1 width=8)
	  ->  Index Scan using sbtest7_pkey on sbtest7  (cost=0.43..403.42 rows=101 width=4)
	        Index Cond: ((id >= 2814075) AND (id <= 2814174))

table 8 : explain SELECT SUM(k) FROM sbtest8 WHERE id BETWEEN 6717067 AND 6717166
	Aggregate  (cost=396.72..396.73 rows=1 width=8)
	  ->  Index Scan using sbtest8_pkey on sbtest8  (cost=0.43..396.47 rows=99 width=4)
	        Index Cond: ((id >= 6717067) AND (id <= 6717166))

for: order_ranges
table 1 : explain SELECT c FROM sbtest1 WHERE id BETWEEN 5877752 AND 5877851 ORDER BY c
	Sort  (cost=396.33..396.58 rows=98 width=121)
	  Sort Key: c
	  ->  Index Scan using sbtest1_pkey on sbtest1  (cost=0.43..393.09 rows=98 width=121)
	        Index Cond: ((id >= 5877752) AND (id <= 5877851))

table 2 : explain SELECT c FROM sbtest2 WHERE id BETWEEN 538723 AND 538822 ORDER BY c
	Sort  (cost=395.23..395.47 rows=98 width=121)
	  Sort Key: c
	  ->  Index Scan using sbtest2_pkey on sbtest2  (cost=0.43..391.99 rows=98 width=121)
	        Index Cond: ((id >= 538723) AND (id <= 538822))

table 3 : explain SELECT c FROM sbtest3 WHERE id BETWEEN 3991169 AND 3991268 ORDER BY c
	Sort  (cost=420.02..420.28 rows=104 width=121)
	  Sort Key: c
	  ->  Index Scan using sbtest3_pkey on sbtest3  (cost=0.43..416.54 rows=104 width=121)
	        Index Cond: ((id >= 3991169) AND (id <= 3991268))

table 4 : explain SELECT c FROM sbtest4 WHERE id BETWEEN 249086 AND 249185 ORDER BY c
	Sort  (cost=379.96..380.20 rows=94 width=121)
	  Sort Key: c
	  ->  Index Scan using sbtest4_pkey on sbtest4  (cost=0.43..376.88 rows=94 width=121)
	        Index Cond: ((id >= 249086) AND (id <= 249185))

table 5 : explain SELECT c FROM sbtest5 WHERE id BETWEEN 8556906 AND 8557005 ORDER BY c
	Sort  (cost=447.17..447.44 rows=111 width=121)
	  Sort Key: c
	  ->  Index Scan using sbtest5_pkey on sbtest5  (cost=0.43..443.40 rows=111 width=121)
	        Index Cond: ((id >= 8556906) AND (id <= 8557005))

table 6 : explain SELECT c FROM sbtest6 WHERE id BETWEEN 6629681 AND 6629780 ORDER BY c
	Sort  (cost=395.13..395.37 rows=98 width=121)
	  Sort Key: c
	  ->  Index Scan using sbtest6_pkey on sbtest6  (cost=0.43..391.89 rows=98 width=121)
	        Index Cond: ((id >= 6629681) AND (id <= 6629780))

table 7 : explain SELECT c FROM sbtest7 WHERE id BETWEEN 9525318 AND 9525417 ORDER BY c
	Sort  (cost=390.81..391.05 rows=97 width=121)
	  Sort Key: c
	  ->  Index Scan using sbtest7_pkey on sbtest7  (cost=0.43..387.61 rows=97 width=121)
	        Index Cond: ((id >= 9525318) AND (id <= 9525417))

table 8 : explain SELECT c FROM sbtest8 WHERE id BETWEEN 7275409 AND 7275508 ORDER BY c
	Sort  (cost=387.74..387.98 rows=96 width=121)
	  Sort Key: c
	  ->  Index Scan using sbtest8_pkey on sbtest8  (cost=0.43..384.58 rows=96 width=121)
	        Index Cond: ((id >= 7275409) AND (id <= 7275508))

for: distinct_ranges
table 1 : explain SELECT DISTINCT c FROM sbtest1 WHERE id BETWEEN 2748971 AND 2749070 ORDER BY c
	Unique  (cost=372.30..372.76 rows=92 width=121)
	  ->  Sort  (cost=372.30..372.53 rows=92 width=121)
	        Sort Key: c
	        ->  Index Scan using sbtest1_pkey on sbtest1  (cost=0.43..369.30 rows=92 width=121)
	              Index Cond: ((id >= 2748971) AND (id <= 2749070))

table 2 : explain SELECT DISTINCT c FROM sbtest2 WHERE id BETWEEN 4627535 AND 4627634 ORDER BY c
	Unique  (cost=395.23..395.72 rows=98 width=121)
	  ->  Sort  (cost=395.23..395.47 rows=98 width=121)
	        Sort Key: c
	        ->  Index Scan using sbtest2_pkey on sbtest2  (cost=0.43..391.99 rows=98 width=121)
	              Index Cond: ((id >= 4627535) AND (id <= 4627634))

table 3 : explain SELECT DISTINCT c FROM sbtest3 WHERE id BETWEEN 9073048 AND 9073147 ORDER BY c
	Unique  (cost=375.99..376.45 rows=93 width=121)
	  ->  Sort  (cost=375.99..376.22 rows=93 width=121)
	        Sort Key: c
	        ->  Index Scan using sbtest3_pkey on sbtest3  (cost=0.43..372.95 rows=93 width=121)
	              Index Cond: ((id >= 9073048) AND (id <= 9073147))

table 4 : explain SELECT DISTINCT c FROM sbtest4 WHERE id BETWEEN 7067272 AND 7067371 ORDER BY c
	Unique  (cost=391.97..392.45 rows=97 width=121)
	  ->  Sort  (cost=391.97..392.21 rows=97 width=121)
	        Sort Key: c
	        ->  Index Scan using sbtest4_pkey on sbtest4  (cost=0.43..388.77 rows=97 width=121)
	              Index Cond: ((id >= 7067272) AND (id <= 7067371))

table 5 : explain SELECT DISTINCT c FROM sbtest5 WHERE id BETWEEN 6619729 AND 6619828 ORDER BY c
	Unique  (cost=403.23..403.73 rows=100 width=121)
	  ->  Sort  (cost=403.23..403.48 rows=100 width=121)
	        Sort Key: c
	        ->  Index Scan using sbtest5_pkey on sbtest5  (cost=0.43..399.91 rows=100 width=121)
	              Index Cond: ((id >= 6619729) AND (id <= 6619828))

table 6 : explain SELECT DISTINCT c FROM sbtest6 WHERE id BETWEEN 9109997 AND 9110096 ORDER BY c
	Unique  (cost=411.12..411.63 rows=102 width=121)
	  ->  Sort  (cost=411.12..411.37 rows=102 width=121)
	        Sort Key: c
	        ->  Index Scan using sbtest6_pkey on sbtest6  (cost=0.43..407.71 rows=102 width=121)
	              Index Cond: ((id >= 9109997) AND (id <= 9110096))

table 7 : explain SELECT DISTINCT c FROM sbtest7 WHERE id BETWEEN 5445006 AND 5445105 ORDER BY c
	Unique  (cost=402.79..403.29 rows=100 width=121)
	  ->  Sort  (cost=402.79..403.04 rows=100 width=121)
	        Sort Key: c
	        ->  Index Scan using sbtest7_pkey on sbtest7  (cost=0.43..399.47 rows=100 width=121)
	              Index Cond: ((id >= 5445006) AND (id <= 5445105))

table 8 : explain SELECT DISTINCT c FROM sbtest8 WHERE id BETWEEN 9533663 AND 9533762 ORDER BY c
	Unique  (cost=407.75..408.26 rows=101 width=121)
	  ->  Sort  (cost=407.75..408.00 rows=101 width=121)
	        Sort Key: c
	        ->  Index Scan using sbtest8_pkey on sbtest8  (cost=0.43..404.39 rows=101 width=121)
	              Index Cond: ((id >= 9533663) AND (id <= 9533762))

for: simple_ranges
table 1 : explain SELECT c FROM sbtest1 WHERE id BETWEEN 6731641 AND 6731740
	Index Scan using sbtest1_pkey on sbtest1  (cost=0.43..401.02 rows=100 width=121)
	  Index Cond: ((id >= 6731641) AND (id <= 6731740))

table 2 : explain SELECT c FROM sbtest2 WHERE id BETWEEN 3826584 AND 3826683
	Index Scan using sbtest2_pkey on sbtest2  (cost=0.43..435.49 rows=109 width=121)
	  Index Cond: ((id >= 3826584) AND (id <= 3826683))

table 3 : explain SELECT c FROM sbtest3 WHERE id BETWEEN 1372290 AND 1372389
	Index Scan using sbtest3_pkey on sbtest3  (cost=0.43..384.83 rows=96 width=121)
	  Index Cond: ((id >= 1372290) AND (id <= 1372389))

table 4 : explain SELECT c FROM sbtest4 WHERE id BETWEEN 1067550 AND 1067649
	Index Scan using sbtest4_pkey on sbtest4  (cost=0.43..392.73 rows=98 width=121)
	  Index Cond: ((id >= 1067550) AND (id <= 1067649))

table 5 : explain SELECT c FROM sbtest5 WHERE id BETWEEN 2809132 AND 2809231
	Index Scan using sbtest5_pkey on sbtest5  (cost=0.43..395.94 rows=99 width=121)
	  Index Cond: ((id >= 2809132) AND (id <= 2809231))

table 6 : explain SELECT c FROM sbtest6 WHERE id BETWEEN 770245 AND 770344
	Index Scan using sbtest6_pkey on sbtest6  (cost=0.43..407.71 rows=102 width=121)
	  Index Cond: ((id >= 770245) AND (id <= 770344))

table 7 : explain SELECT c FROM sbtest7 WHERE id BETWEEN 6613000 AND 6613099
	Index Scan using sbtest7_pkey on sbtest7  (cost=0.43..403.42 rows=101 width=121)
	  Index Cond: ((id >= 6613000) AND (id <= 6613099))

table 8 : explain SELECT c FROM sbtest8 WHERE id BETWEEN 8968608 AND 8968707
	Index Scan using sbtest8_pkey on sbtest8  (cost=0.43..404.39 rows=101 width=121)
	  Index Cond: ((id >= 8968608) AND (id <= 8968707))

for point_selects
table 1 : explain SELECT c FROM sbtest1 WHERE id=3297302
	Index Scan using sbtest1_pkey on sbtest1  (cost=0.43..8.45 rows=1 width=121)
	  Index Cond: (id = 3297302)

table 2 : explain SELECT c FROM sbtest2 WHERE id=9403469
	Index Scan using sbtest2_pkey on sbtest2  (cost=0.43..8.45 rows=1 width=121)
	  Index Cond: (id = 9403469)

table 3 : explain SELECT c FROM sbtest3 WHERE id=6474952
	Index Scan using sbtest3_pkey on sbtest3  (cost=0.43..8.45 rows=1 width=121)
	  Index Cond: (id = 6474952)

table 4 : explain SELECT c FROM sbtest4 WHERE id=7179885
	Index Scan using sbtest4_pkey on sbtest4  (cost=0.43..8.45 rows=1 width=121)
	  Index Cond: (id = 7179885)

table 5 : explain SELECT c FROM sbtest5 WHERE id=6406977
	Index Scan using sbtest5_pkey on sbtest5  (cost=0.43..8.45 rows=1 width=121)
	  Index Cond: (id = 6406977)

table 6 : explain SELECT c FROM sbtest6 WHERE id=4763690
	Index Scan using sbtest6_pkey on sbtest6  (cost=0.43..8.45 rows=1 width=121)
	  Index Cond: (id = 4763690)

table 7 : explain SELECT c FROM sbtest7 WHERE id=6160810
	Index Scan using sbtest7_pkey on sbtest7  (cost=0.43..8.45 rows=1 width=121)
	  Index Cond: (id = 6160810)

table 8 : explain SELECT c FROM sbtest8 WHERE id=4693070
	Index Scan using sbtest8_pkey on sbtest8  (cost=0.43..8.45 rows=1 width=121)
	  Index Cond: (id = 4693070)

for: simple_ranges
table 1 : explain SELECT c FROM sbtest1 WHERE id BETWEEN 6009578 AND 6009677
	Index Scan using sbtest1_pkey on sbtest1  (cost=0.43..369.30 rows=92 width=121)
	  Index Cond: ((id >= 6009578) AND (id <= 6009677))

table 2 : explain SELECT c FROM sbtest2 WHERE id BETWEEN 6465425 AND 6465524
	Index Scan using sbtest2_pkey on sbtest2  (cost=0.43..431.54 rows=108 width=121)
	  Index Cond: ((id >= 6465425) AND (id <= 6465524))

table 3 : explain SELECT c FROM sbtest3 WHERE id BETWEEN 4089745 AND 4089844
	Index Scan using sbtest3_pkey on sbtest3  (cost=0.43..420.50 rows=105 width=121)
	  Index Cond: ((id >= 4089745) AND (id <= 4089844))

table 4 : explain SELECT c FROM sbtest4 WHERE id BETWEEN 8851959 AND 8852058
	Index Scan using sbtest4_pkey on sbtest4  (cost=0.43..400.66 rows=100 width=121)
	  Index Cond: ((id >= 8851959) AND (id <= 8852058))

table 5 : explain SELECT c FROM sbtest5 WHERE id BETWEEN 7582866 AND 7582965
	Index Scan using sbtest5_pkey on sbtest5  (cost=0.43..372.22 rows=93 width=121)
	  Index Cond: ((id >= 7582866) AND (id <= 7582965))

table 6 : explain SELECT c FROM sbtest6 WHERE id BETWEEN 1819759 AND 1819858
	Index Scan using sbtest6_pkey on sbtest6  (cost=0.43..360.27 rows=90 width=121)
	  Index Cond: ((id >= 1819759) AND (id <= 1819858))

table 7 : explain SELECT c FROM sbtest7 WHERE id BETWEEN 6440961 AND 6441060
	Index Scan using sbtest7_pkey on sbtest7  (cost=0.43..415.27 rows=104 width=121)
	  Index Cond: ((id >= 6440961) AND (id <= 6441060))

table 8 : explain SELECT c FROM sbtest8 WHERE id BETWEEN 7679490 AND 7679589
	Index Scan using sbtest8_pkey on sbtest8  (cost=0.43..416.27 rows=104 width=121)
	  Index Cond: ((id >= 7679490) AND (id <= 7679589))

explain: for point_selects :: explain SELECT c FROM sbtest%u WHERE id=%u
for: order_ranges
table 1 : explain SELECT c FROM sbtest1 WHERE id BETWEEN 575032 AND 575131 ORDER BY c
	Sort  (cost=404.34..404.59 rows=100 width=121)
	  Sort Key: c
	  ->  Index Scan using sbtest1_pkey on sbtest1  (cost=0.43..401.02 rows=100 width=121)
	        Index Cond: ((id >= 575032) AND (id <= 575131))

table 2 : explain SELECT c FROM sbtest2 WHERE id BETWEEN 7754792 AND 7754891 ORDER BY c
	Sort  (cost=419.21..419.47 rows=104 width=121)
	  Sort Key: c
	  ->  Index Scan using sbtest2_pkey on sbtest2  (cost=0.43..415.73 rows=104 width=121)
	        Index Cond: ((id >= 7754792) AND (id <= 7754891))

table 3 : explain SELECT c FROM sbtest3 WHERE id BETWEEN 7695221 AND 7695320 ORDER BY c
	Sort  (cost=396.00..396.24 rows=98 width=121)
	  Sort Key: c
	  ->  Index Scan using sbtest3_pkey on sbtest3  (cost=0.43..392.76 rows=98 width=121)
	        Index Cond: ((id >= 7695221) AND (id <= 7695320))

table 4 : explain SELECT c FROM sbtest4 WHERE id BETWEEN 18062 AND 18161 ORDER BY c
	Sort  (cost=351.96..352.17 rows=87 width=121)
	  Sort Key: c
	  ->  Index Scan using sbtest4_pkey on sbtest4  (cost=0.43..349.15 rows=87 width=121)
	        Index Cond: ((id >= 18062) AND (id <= 18161))

table 5 : explain SELECT c FROM sbtest5 WHERE id BETWEEN 522980 AND 523079 ORDER BY c
	Sort  (cost=415.21..415.47 rows=103 width=121)
	  Sort Key: c
	  ->  Index Scan using sbtest5_pkey on sbtest5  (cost=0.43..411.77 rows=103 width=121)
	        Index Cond: ((id >= 522980) AND (id <= 523079))

table 6 : explain SELECT c FROM sbtest6 WHERE id BETWEEN 7857008 AND 7857107 ORDER BY c
	Sort  (cost=387.14..387.38 rows=96 width=121)
	  Sort Key: c
	  ->  Index Scan using sbtest6_pkey on sbtest6  (cost=0.43..383.98 rows=96 width=121)
	        Index Cond: ((id >= 7857008) AND (id <= 7857107))

table 7 : explain SELECT c FROM sbtest7 WHERE id BETWEEN 4927616 AND 4927715 ORDER BY c
	Sort  (cost=418.75..419.01 rows=104 width=121)
	  Sort Key: c
	  ->  Index Scan using sbtest7_pkey on sbtest7  (cost=0.43..415.27 rows=104 width=121)
	        Index Cond: ((id >= 4927616) AND (id <= 4927715))

table 8 : explain SELECT c FROM sbtest8 WHERE id BETWEEN 325797 AND 325896 ORDER BY c
	Sort  (cost=443.75..444.02 rows=110 width=121)
	  Sort Key: c
	  ->  Index Scan using sbtest8_pkey on sbtest8  (cost=0.43..440.02 rows=110 width=121)
	        Index Cond: ((id >= 325797) AND (id <= 325896))

for: sum_ranges
table 1 : explain SELECT SUM(k) FROM sbtest1 WHERE id BETWEEN 8262189 AND 8262288
	Aggregate  (cost=425.09..425.10 rows=1 width=8)
	  ->  Index Scan using sbtest1_pkey on sbtest1  (cost=0.43..424.83 rows=106 width=4)
	        Index Cond: ((id >= 8262189) AND (id <= 8262288))

table 2 : explain SELECT SUM(k) FROM sbtest2 WHERE id BETWEEN 9125407 AND 9125506
	Aggregate  (cost=400.15..400.16 rows=1 width=8)
	  ->  Index Scan using sbtest2_pkey on sbtest2  (cost=0.43..399.90 rows=100 width=4)
	        Index Cond: ((id >= 9125407) AND (id <= 9125506))

table 3 : explain SELECT SUM(k) FROM sbtest3 WHERE id BETWEEN 1785085 AND 1785184
	Aggregate  (cost=404.91..404.92 rows=1 width=8)
	  ->  Index Scan using sbtest3_pkey on sbtest3  (cost=0.43..404.65 rows=101 width=4)
	        Index Cond: ((id >= 1785085) AND (id <= 1785184))

table 4 : explain SELECT SUM(k) FROM sbtest4 WHERE id BETWEEN 5978047 AND 5978146
	Aggregate  (cost=416.77..416.78 rows=1 width=8)
	  ->  Index Scan using sbtest4_pkey on sbtest4  (cost=0.43..416.51 rows=104 width=4)
	        Index Cond: ((id >= 5978047) AND (id <= 5978146))

table 5 : explain SELECT SUM(k) FROM sbtest5 WHERE id BETWEEN 8056793 AND 8056892
	Aggregate  (cost=396.18..396.19 rows=1 width=8)
	  ->  Index Scan using sbtest5_pkey on sbtest5  (cost=0.43..395.94 rows=99 width=4)
	        Index Cond: ((id >= 8056793) AND (id <= 8056892))

table 6 : explain SELECT SUM(k) FROM sbtest6 WHERE id BETWEEN 6546225 AND 6546324
	Aggregate  (cost=392.13..392.14 rows=1 width=8)
	  ->  Index Scan using sbtest6_pkey on sbtest6  (cost=0.43..391.89 rows=98 width=4)
	        Index Cond: ((id >= 6546225) AND (id <= 6546324))

table 7 : explain SELECT SUM(k) FROM sbtest7 WHERE id BETWEEN 8260149 AND 8260248
	Aggregate  (cost=415.53..415.54 rows=1 width=8)
	  ->  Index Scan using sbtest7_pkey on sbtest7  (cost=0.43..415.27 rows=104 width=4)
	        Index Cond: ((id >= 8260149) AND (id <= 8260248))

table 8 : explain SELECT SUM(k) FROM sbtest8 WHERE id BETWEEN 4727988 AND 4728087
	Aggregate  (cost=388.78..388.79 rows=1 width=8)
	  ->  Index Scan using sbtest8_pkey on sbtest8  (cost=0.43..388.54 rows=97 width=4)
	        Index Cond: ((id >= 4727988) AND (id <= 4728087))

for: simple_ranges
table 1 : explain SELECT c FROM sbtest1 WHERE id BETWEEN 2465237 AND 2465336
	Index Scan using sbtest1_pkey on sbtest1  (cost=0.43..385.16 rows=96 width=121)
	  Index Cond: ((id >= 2465237) AND (id <= 2465336))

table 2 : explain SELECT c FROM sbtest2 WHERE id BETWEEN 4602857 AND 4602956
	Index Scan using sbtest2_pkey on sbtest2  (cost=0.43..391.99 rows=98 width=121)
	  Index Cond: ((id >= 4602857) AND (id <= 4602956))

table 3 : explain SELECT c FROM sbtest3 WHERE id BETWEEN 4367002 AND 4367101
	Index Scan using sbtest3_pkey on sbtest3  (cost=0.43..424.46 rows=106 width=121)
	  Index Cond: ((id >= 4367002) AND (id <= 4367101))

table 4 : explain SELECT c FROM sbtest4 WHERE id BETWEEN 847841 AND 847940
	Index Scan using sbtest4_pkey on sbtest4  (cost=0.43..416.51 rows=104 width=121)
	  Index Cond: ((id >= 847841) AND (id <= 847940))

table 5 : explain SELECT c FROM sbtest5 WHERE id BETWEEN 3031159 AND 3031258
	Index Scan using sbtest5_pkey on sbtest5  (cost=0.43..407.81 rows=102 width=121)
	  Index Cond: ((id >= 3031159) AND (id <= 3031258))

table 6 : explain SELECT c FROM sbtest6 WHERE id BETWEEN 3760920 AND 3761019
	Index Scan using sbtest6_pkey on sbtest6  (cost=0.43..372.12 rows=93 width=121)
	  Index Cond: ((id >= 3760920) AND (id <= 3761019))

table 7 : explain SELECT c FROM sbtest7 WHERE id BETWEEN 2839253 AND 2839352
	Index Scan using sbtest7_pkey on sbtest7  (cost=0.43..403.42 rows=101 width=121)
	  Index Cond: ((id >= 2839253) AND (id <= 2839352))

table 8 : explain SELECT c FROM sbtest8 WHERE id BETWEEN 1372827 AND 1372926
	Index Scan using sbtest8_pkey on sbtest8  (cost=0.43..364.79 rows=91 width=121)
	  Index Cond: ((id >= 1372827) AND (id <= 1372926))

for: distinct_ranges
table 1 : explain SELECT DISTINCT c FROM sbtest1 WHERE id BETWEEN 4097663 AND 4097762 ORDER BY c
	Unique  (cost=424.38..424.91 rows=105 width=121)
	  ->  Sort  (cost=424.38..424.65 rows=105 width=121)
	        Sort Key: c
	        ->  Index Scan using sbtest1_pkey on sbtest1  (cost=0.43..420.86 rows=105 width=121)
	              Index Cond: ((id >= 4097663) AND (id <= 4097762))

table 2 : explain SELECT DISTINCT c FROM sbtest2 WHERE id BETWEEN 7407824 AND 7407923 ORDER BY c
	Unique  (cost=371.27..371.73 rows=92 width=121)
	  ->  Sort  (cost=371.27..371.50 rows=92 width=121)
	        Sort Key: c
	        ->  Index Scan using sbtest2_pkey on sbtest2  (cost=0.43..368.27 rows=92 width=121)
	              Index Cond: ((id >= 7407824) AND (id <= 7407923))

table 3 : explain SELECT DISTINCT c FROM sbtest3 WHERE id BETWEEN 7585597 AND 7585696 ORDER BY c
	Unique  (cost=456.05..456.61 rows=113 width=121)
	  ->  Sort  (cost=456.05..456.33 rows=113 width=121)
	        Sort Key: c
	        ->  Index Scan using sbtest3_pkey on sbtest3  (cost=0.43..452.19 rows=113 width=121)
	              Index Cond: ((id >= 7585597) AND (id <= 7585696))

table 4 : explain SELECT DISTINCT c FROM sbtest4 WHERE id BETWEEN 7770155 AND 7770254 ORDER BY c
	Unique  (cost=371.96..372.42 rows=92 width=121)
	  ->  Sort  (cost=371.96..372.19 rows=92 width=121)
	        Sort Key: c
	        ->  Index Scan using sbtest4_pkey on sbtest4  (cost=0.43..368.96 rows=92 width=121)
	              Index Cond: ((id >= 7770155) AND (id <= 7770254))

table 5 : explain SELECT DISTINCT c FROM sbtest5 WHERE id BETWEEN 6999632 AND 6999731 ORDER BY c
	Unique  (cost=355.29..355.73 rows=88 width=121)
	  ->  Sort  (cost=355.29..355.51 rows=88 width=121)
	        Sort Key: c
	        ->  Index Scan using sbtest5_pkey on sbtest5  (cost=0.43..352.45 rows=88 width=121)
	              Index Cond: ((id >= 6999632) AND (id <= 6999731))

table 6 : explain SELECT DISTINCT c FROM sbtest6 WHERE id BETWEEN 733174 AND 733273 ORDER BY c
	Unique  (cost=411.12..411.63 rows=102 width=121)
	  ->  Sort  (cost=411.12..411.37 rows=102 width=121)
	        Sort Key: c
	        ->  Index Scan using sbtest6_pkey on sbtest6  (cost=0.43..407.71 rows=102 width=121)
	              Index Cond: ((id >= 733174) AND (id <= 733273))

table 7 : explain SELECT DISTINCT c FROM sbtest7 WHERE id BETWEEN 6710316 AND 6710415 ORDER BY c
	Unique  (cost=378.84..379.31 rows=94 width=121)
	  ->  Sort  (cost=378.84..379.07 rows=94 width=121)
	        Sort Key: c
	        ->  Index Scan using sbtest7_pkey on sbtest7  (cost=0.43..375.76 rows=94 width=121)
	              Index Cond: ((id >= 6710316) AND (id <= 6710415))

table 8 : explain SELECT DISTINCT c FROM sbtest8 WHERE id BETWEEN 3473151 AND 3473250 ORDER BY c
	Unique  (cost=435.75..436.29 rows=108 width=121)
	  ->  Sort  (cost=435.75..436.02 rows=108 width=121)
	        Sort Key: c
	        ->  Index Scan using sbtest8_pkey on sbtest8  (cost=0.43..432.10 rows=108 width=121)
	              Index Cond: ((id >= 3473151) AND (id <= 3473250))

for: sum_ranges
table 1 : explain SELECT SUM(k) FROM sbtest1 WHERE id BETWEEN 7280169 AND 7280268
	Aggregate  (cost=397.30..397.31 rows=1 width=8)
	  ->  Index Scan using sbtest1_pkey on sbtest1  (cost=0.43..397.06 rows=99 width=4)
	        Index Cond: ((id >= 7280169) AND (id <= 7280268))

table 2 : explain SELECT SUM(k) FROM sbtest2 WHERE id BETWEEN 7893139 AND 7893238
	Aggregate  (cost=412.03..412.04 rows=1 width=8)
	  ->  Index Scan using sbtest2_pkey on sbtest2  (cost=0.43..411.77 rows=103 width=4)
	        Index Cond: ((id >= 7893139) AND (id <= 7893238))

table 3 : explain SELECT SUM(k) FROM sbtest3 WHERE id BETWEEN 8023334 AND 8023433
	Aggregate  (cost=412.84..412.85 rows=1 width=8)
	  ->  Index Scan using sbtest3_pkey on sbtest3  (cost=0.43..412.58 rows=103 width=4)
	        Index Cond: ((id >= 8023334) AND (id <= 8023433))

table 4 : explain SELECT SUM(k) FROM sbtest4 WHERE id BETWEEN 3852759 AND 3852858
	Aggregate  (cost=404.88..404.89 rows=1 width=8)
	  ->  Index Scan using sbtest4_pkey on sbtest4  (cost=0.43..404.63 rows=101 width=4)
	        Index Cond: ((id >= 3852759) AND (id <= 3852858))

table 5 : explain SELECT SUM(k) FROM sbtest5 WHERE id BETWEEN 4966911 AND 4967010
	Aggregate  (cost=400.16..400.17 rows=1 width=8)
	  ->  Index Scan using sbtest5_pkey on sbtest5  (cost=0.43..399.91 rows=100 width=4)
	        Index Cond: ((id >= 4966911) AND (id <= 4967010))

table 6 : explain SELECT SUM(k) FROM sbtest6 WHERE id BETWEEN 7272461 AND 7272560
	Aggregate  (cost=400.06..400.07 rows=1 width=8)
	  ->  Index Scan using sbtest6_pkey on sbtest6  (cost=0.43..399.81 rows=100 width=4)
	        Index Cond: ((id >= 7272461) AND (id <= 7272560))

table 7 : explain SELECT SUM(k) FROM sbtest7 WHERE id BETWEEN 5143360 AND 5143459
	Aggregate  (cost=391.80..391.81 rows=1 width=8)
	  ->  Index Scan using sbtest7_pkey on sbtest7  (cost=0.43..391.55 rows=98 width=4)
	        Index Cond: ((id >= 5143360) AND (id <= 5143459))

table 8 : explain SELECT SUM(k) FROM sbtest8 WHERE id BETWEEN 85981 AND 86080
	Aggregate  (cost=365.01..365.02 rows=1 width=8)
	  ->  Index Scan using sbtest8_pkey on sbtest8  (cost=0.43..364.79 rows=91 width=4)
	        Index Cond: ((id >= 85981) AND (id <= 86080))

for: sum_ranges
table 1 : explain SELECT SUM(k) FROM sbtest1 WHERE id BETWEEN 4859857 AND 4859956
	Aggregate  (cost=413.19..413.20 rows=1 width=8)
	  ->  Index Scan using sbtest1_pkey on sbtest1  (cost=0.43..412.93 rows=103 width=4)
	        Index Cond: ((id >= 4859857) AND (id <= 4859956))

table 2 : explain SELECT SUM(k) FROM sbtest2 WHERE id BETWEEN 3689734 AND 3689833
	Aggregate  (cost=408.07..408.08 rows=1 width=8)
	  ->  Index Scan using sbtest2_pkey on sbtest2  (cost=0.43..407.82 rows=102 width=4)
	        Index Cond: ((id >= 3689734) AND (id <= 3689833))

table 3 : explain SELECT SUM(k) FROM sbtest3 WHERE id BETWEEN 3469885 AND 3469984
	Aggregate  (cost=373.18..373.19 rows=1 width=8)
	  ->  Index Scan using sbtest3_pkey on sbtest3  (cost=0.43..372.95 rows=93 width=4)
	        Index Cond: ((id >= 3469885) AND (id <= 3469984))

table 4 : explain SELECT SUM(k) FROM sbtest4 WHERE id BETWEEN 7417444 AND 7417543
	Aggregate  (cost=369.19..369.20 rows=1 width=8)
	  ->  Index Scan using sbtest4_pkey on sbtest4  (cost=0.43..368.96 rows=92 width=4)
	        Index Cond: ((id >= 7417444) AND (id <= 7417543))

table 5 : explain SELECT SUM(k) FROM sbtest5 WHERE id BETWEEN 2401085 AND 2401184
	Aggregate  (cost=404.11..404.12 rows=1 width=8)
	  ->  Index Scan using sbtest5_pkey on sbtest5  (cost=0.43..403.86 rows=101 width=4)
	        Index Cond: ((id >= 2401085) AND (id <= 2401184))

table 6 : explain SELECT SUM(k) FROM sbtest6 WHERE id BETWEEN 5532321 AND 5532420
	Aggregate  (cost=396.10..396.11 rows=1 width=8)
	  ->  Index Scan using sbtest6_pkey on sbtest6  (cost=0.43..395.86 rows=99 width=4)
	        Index Cond: ((id >= 5532321) AND (id <= 5532420))

table 7 : explain SELECT SUM(k) FROM sbtest7 WHERE id BETWEEN 3079801 AND 3079900
	Aggregate  (cost=379.94..379.95 rows=1 width=8)
	  ->  Index Scan using sbtest7_pkey on sbtest7  (cost=0.43..379.71 rows=95 width=4)
	        Index Cond: ((id >= 3079801) AND (id <= 3079900))

table 8 : explain SELECT SUM(k) FROM sbtest8 WHERE id BETWEEN 4280795 AND 4280894
	Aggregate  (cost=432.37..432.38 rows=1 width=8)
	  ->  Index Scan using sbtest8_pkey on sbtest8  (cost=0.43..432.10 rows=108 width=4)
	        Index Cond: ((id >= 4280795) AND (id <= 4280894))

for: simple_ranges
table 1 : explain SELECT c FROM sbtest1 WHERE id BETWEEN 4979423 AND 4979522
	Index Scan using sbtest1_pkey on sbtest1  (cost=0.43..381.20 rows=95 width=121)
	  Index Cond: ((id >= 4979423) AND (id <= 4979522))

table 2 : explain SELECT c FROM sbtest2 WHERE id BETWEEN 1197714 AND 1197813
	Index Scan using sbtest2_pkey on sbtest2  (cost=0.43..415.73 rows=104 width=121)
	  Index Cond: ((id >= 1197714) AND (id <= 1197813))

table 3 : explain SELECT c FROM sbtest3 WHERE id BETWEEN 7639488 AND 7639587
	Index Scan using sbtest3_pkey on sbtest3  (cost=0.43..392.76 rows=98 width=121)
	  Index Cond: ((id >= 7639488) AND (id <= 7639587))

table 4 : explain SELECT c FROM sbtest4 WHERE id BETWEEN 3244331 AND 3244430
	Index Scan using sbtest4_pkey on sbtest4  (cost=0.43..361.04 rows=90 width=121)
	  Index Cond: ((id >= 3244331) AND (id <= 3244430))

table 5 : explain SELECT c FROM sbtest5 WHERE id BETWEEN 3610324 AND 3610423
	Index Scan using sbtest5_pkey on sbtest5  (cost=0.43..403.86 rows=101 width=121)
	  Index Cond: ((id >= 3610324) AND (id <= 3610423))

table 6 : explain SELECT c FROM sbtest6 WHERE id BETWEEN 4458608 AND 4458707
	Index Scan using sbtest6_pkey on sbtest6  (cost=0.43..395.86 rows=99 width=121)
	  Index Cond: ((id >= 4458608) AND (id <= 4458707))

table 7 : explain SELECT c FROM sbtest7 WHERE id BETWEEN 7562574 AND 7562673
	Index Scan using sbtest7_pkey on sbtest7  (cost=0.43..407.37 rows=102 width=121)
	  Index Cond: ((id >= 7562574) AND (id <= 7562673))

table 8 : explain SELECT c FROM sbtest8 WHERE id BETWEEN 3810714 AND 3810813
	Index Scan using sbtest8_pkey on sbtest8  (cost=0.43..408.35 rows=102 width=121)
	  Index Cond: ((id >= 3810714) AND (id <= 3810813))

for: sum_ranges
table 1 : explain SELECT SUM(k) FROM sbtest1 WHERE id BETWEEN 6302848 AND 6302947
	Aggregate  (cost=377.47..377.48 rows=1 width=8)
	  ->  Index Scan using sbtest1_pkey on sbtest1  (cost=0.43..377.23 rows=94 width=4)
	        Index Cond: ((id >= 6302848) AND (id <= 6302947))

table 2 : explain SELECT SUM(k) FROM sbtest2 WHERE id BETWEEN 1831060 AND 1831159
	Aggregate  (cost=408.07..408.08 rows=1 width=8)
	  ->  Index Scan using sbtest2_pkey on sbtest2  (cost=0.43..407.82 rows=102 width=4)
	        Index Cond: ((id >= 1831060) AND (id <= 1831159))

table 3 : explain SELECT SUM(k) FROM sbtest3 WHERE id BETWEEN 7059519 AND 7059618
	Aggregate  (cost=393.00..393.01 rows=1 width=8)
	  ->  Index Scan using sbtest3_pkey on sbtest3  (cost=0.43..392.76 rows=98 width=4)
	        Index Cond: ((id >= 7059519) AND (id <= 7059618))

table 4 : explain SELECT SUM(k) FROM sbtest4 WHERE id BETWEEN 2875406 AND 2875505
	Aggregate  (cost=381.08..381.09 rows=1 width=8)
	  ->  Index Scan using sbtest4_pkey on sbtest4  (cost=0.43..380.84 rows=95 width=4)
	        Index Cond: ((id >= 2875406) AND (id <= 2875505))

table 5 : explain SELECT SUM(k) FROM sbtest5 WHERE id BETWEEN 9784109 AND 9784208
	Aggregate  (cost=396.20..396.21 rows=1 width=8)
	  ->  Index Scan using sbtest5_pkey on sbtest5  (cost=0.43..395.95 rows=99 width=4)
	        Index Cond: ((id >= 9784109) AND (id <= 9784208))

table 6 : explain SELECT SUM(k) FROM sbtest6 WHERE id BETWEEN 7549656 AND 7549755
	Aggregate  (cost=404.01..404.02 rows=1 width=8)
	  ->  Index Scan using sbtest6_pkey on sbtest6  (cost=0.43..403.76 rows=101 width=4)
	        Index Cond: ((id >= 7549656) AND (id <= 7549755))

table 7 : explain SELECT SUM(k) FROM sbtest7 WHERE id BETWEEN 2456343 AND 2456442
	Aggregate  (cost=379.94..379.95 rows=1 width=8)
	  ->  Index Scan using sbtest7_pkey on sbtest7  (cost=0.43..379.71 rows=95 width=4)
	        Index Cond: ((id >= 2456343) AND (id <= 2456442))

table 8 : explain SELECT SUM(k) FROM sbtest8 WHERE id BETWEEN 8938180 AND 8938279
	Aggregate  (cost=396.72..396.73 rows=1 width=8)
	  ->  Index Scan using sbtest8_pkey on sbtest8  (cost=0.43..396.47 rows=99 width=4)
	        Index Cond: ((id >= 8938180) AND (id <= 8938279))

for point_selects
table 1 : explain SELECT c FROM sbtest1 WHERE id=2867981
	Index Scan using sbtest1_pkey on sbtest1  (cost=0.43..8.45 rows=1 width=121)
	  Index Cond: (id = 2867981)

table 2 : explain SELECT c FROM sbtest2 WHERE id=2106690
	Index Scan using sbtest2_pkey on sbtest2  (cost=0.43..8.45 rows=1 width=121)
	  Index Cond: (id = 2106690)

table 3 : explain SELECT c FROM sbtest3 WHERE id=9385302
	Index Scan using sbtest3_pkey on sbtest3  (cost=0.43..8.45 rows=1 width=121)
	  Index Cond: (id = 9385302)

table 4 : explain SELECT c FROM sbtest4 WHERE id=9400374
	Index Scan using sbtest4_pkey on sbtest4  (cost=0.43..8.45 rows=1 width=121)
	  Index Cond: (id = 9400374)

table 5 : explain SELECT c FROM sbtest5 WHERE id=889587
	Index Scan using sbtest5_pkey on sbtest5  (cost=0.43..8.45 rows=1 width=121)
	  Index Cond: (id = 889587)

table 6 : explain SELECT c FROM sbtest6 WHERE id=8277799
	Index Scan using sbtest6_pkey on sbtest6  (cost=0.43..8.45 rows=1 width=121)
	  Index Cond: (id = 8277799)

table 7 : explain SELECT c FROM sbtest7 WHERE id=7930112
	Index Scan using sbtest7_pkey on sbtest7  (cost=0.43..8.45 rows=1 width=121)
	  Index Cond: (id = 7930112)

table 8 : explain SELECT c FROM sbtest8 WHERE id=8797739
	Index Scan using sbtest8_pkey on sbtest8  (cost=0.43..8.45 rows=1 width=121)
	  Index Cond: (id = 8797739)

for: order_ranges
table 1 : explain SELECT c FROM sbtest1 WHERE id BETWEEN 6063926 AND 6064025 ORDER BY c
	Sort  (cost=372.30..372.53 rows=92 width=121)
	  Sort Key: c
	  ->  Index Scan using sbtest1_pkey on sbtest1  (cost=0.43..369.30 rows=92 width=121)
	        Index Cond: ((id >= 6063926) AND (id <= 6064025))

table 2 : explain SELECT c FROM sbtest2 WHERE id BETWEEN 3482565 AND 3482664 ORDER BY c
	Sort  (cost=403.22..403.47 rows=100 width=121)
	  Sort Key: c
	  ->  Index Scan using sbtest2_pkey on sbtest2  (cost=0.43..399.90 rows=100 width=121)
	        Index Cond: ((id >= 3482565) AND (id <= 3482664))

table 3 : explain SELECT c FROM sbtest3 WHERE id BETWEEN 955012 AND 955111 ORDER BY c
	Sort  (cost=363.98..364.21 rows=90 width=121)
	  Sort Key: c
	  ->  Index Scan using sbtest3_pkey on sbtest3  (cost=0.43..361.06 rows=90 width=121)
	        Index Cond: ((id >= 955012) AND (id <= 955111))

table 4 : explain SELECT c FROM sbtest4 WHERE id BETWEEN 8943023 AND 8943122 ORDER BY c
	Sort  (cost=444.01..444.28 rows=110 width=121)
	  Sort Key: c
	  ->  Index Scan using sbtest4_pkey on sbtest4  (cost=0.43..440.28 rows=110 width=121)
	        Index Cond: ((id >= 8943023) AND (id <= 8943122))

table 5 : explain SELECT c FROM sbtest5 WHERE id BETWEEN 9275921 AND 9276020 ORDER BY c
	Sort  (cost=375.26..375.49 rows=93 width=121)
	  Sort Key: c
	  ->  Index Scan using sbtest5_pkey on sbtest5  (cost=0.43..372.22 rows=93 width=121)
	        Index Cond: ((id >= 9275921) AND (id <= 9276020))

table 6 : explain SELECT c FROM sbtest6 WHERE id BETWEEN 8776593 AND 8776692 ORDER BY c
	Sort  (cost=439.07..439.34 rows=109 width=121)
	  Sort Key: c
	  ->  Index Scan using sbtest6_pkey on sbtest6  (cost=0.43..435.38 rows=109 width=121)
	        Index Cond: ((id >= 8776593) AND (id <= 8776692))

table 7 : explain SELECT c FROM sbtest7 WHERE id BETWEEN 2347067 AND 2347166 ORDER BY c
	Sort  (cost=386.82..387.06 rows=96 width=121)
	  Sort Key: c
	  ->  Index Scan using sbtest7_pkey on sbtest7  (cost=0.43..383.66 rows=96 width=121)
	        Index Cond: ((id >= 2347067) AND (id <= 2347166))

table 8 : explain SELECT c FROM sbtest8 WHERE id BETWEEN 4912892 AND 4912991 ORDER BY c
	Sort  (cost=391.74..391.98 rows=97 width=121)
	  Sort Key: c
	  ->  Index Scan using sbtest8_pkey on sbtest8  (cost=0.43..388.54 rows=97 width=121)
	        Index Cond: ((id >= 4912892) AND (id <= 4912991))

for: distinct_ranges
table 1 : explain SELECT DISTINCT c FROM sbtest1 WHERE id BETWEEN 7061307 AND 7061406 ORDER BY c
	Unique  (cost=424.38..424.91 rows=105 width=121)
	  ->  Sort  (cost=424.38..424.65 rows=105 width=121)
	        Sort Key: c
	        ->  Index Scan using sbtest1_pkey on sbtest1  (cost=0.43..420.86 rows=105 width=121)
	              Index Cond: ((id >= 7061307) AND (id <= 7061406))

table 2 : explain SELECT DISTINCT c FROM sbtest2 WHERE id BETWEEN 1828435 AND 1828534 ORDER BY c
	Unique  (cost=411.22..411.73 rows=102 width=121)
	  ->  Sort  (cost=411.22..411.48 rows=102 width=121)
	        Sort Key: c
	        ->  Index Scan using sbtest2_pkey on sbtest2  (cost=0.43..407.82 rows=102 width=121)
	              Index Cond: ((id >= 1828435) AND (id <= 1828534))

table 3 : explain SELECT DISTINCT c FROM sbtest3 WHERE id BETWEEN 3469019 AND 3469118 ORDER BY c
	Unique  (cost=375.99..376.45 rows=93 width=121)
	  ->  Sort  (cost=375.99..376.22 rows=93 width=121)
	        Sort Key: c
	        ->  Index Scan using sbtest3_pkey on sbtest3  (cost=0.43..372.95 rows=93 width=121)
	              Index Cond: ((id >= 3469019) AND (id <= 3469118))

table 4 : explain SELECT DISTINCT c FROM sbtest4 WHERE id BETWEEN 2186086 AND 2186185 ORDER BY c
	Unique  (cost=391.97..392.45 rows=97 width=121)
	  ->  Sort  (cost=391.97..392.21 rows=97 width=121)
	        Sort Key: c
	        ->  Index Scan using sbtest4_pkey on sbtest4  (cost=0.43..388.77 rows=97 width=121)
	              Index Cond: ((id >= 2186086) AND (id <= 2186185))

table 5 : explain SELECT DISTINCT c FROM sbtest5 WHERE id BETWEEN 4198796 AND 4198895 ORDER BY c
	Unique  (cost=411.22..411.73 rows=102 width=121)
	  ->  Sort  (cost=411.22..411.47 rows=102 width=121)
	        Sort Key: c
	        ->  Index Scan using sbtest5_pkey on sbtest5  (cost=0.43..407.81 rows=102 width=121)
	              Index Cond: ((id >= 4198796) AND (id <= 4198895))

table 6 : explain SELECT DISTINCT c FROM sbtest6 WHERE id BETWEEN 1043149 AND 1043248 ORDER BY c
	Unique  (cost=391.14..391.62 rows=97 width=121)
	  ->  Sort  (cost=391.14..391.38 rows=97 width=121)
	        Sort Key: c
	        ->  Index Scan using sbtest6_pkey on sbtest6  (cost=0.43..387.93 rows=97 width=121)
	              Index Cond: ((id >= 1043149) AND (id <= 1043248))

table 7 : explain SELECT DISTINCT c FROM sbtest7 WHERE id BETWEEN 8760339 AND 8760438 ORDER BY c
	Unique  (cost=406.78..407.29 rows=101 width=121)
	  ->  Sort  (cost=406.78..407.03 rows=101 width=121)
	        Sort Key: c
	        ->  Index Scan using sbtest7_pkey on sbtest7  (cost=0.43..403.42 rows=101 width=121)
	              Index Cond: ((id >= 8760339) AND (id <= 8760438))

table 8 : explain SELECT DISTINCT c FROM sbtest8 WHERE id BETWEEN 8076301 AND 8076400 ORDER BY c
	Unique  (cost=395.74..396.23 rows=98 width=121)
	  ->  Sort  (cost=395.74..395.98 rows=98 width=121)
	        Sort Key: c
	        ->  Index Scan using sbtest8_pkey on sbtest8  (cost=0.43..392.50 rows=98 width=121)
	              Index Cond: ((id >= 8076301) AND (id <= 8076400))

for point_selects
table 1 : explain SELECT c FROM sbtest1 WHERE id=8772541
	Index Scan using sbtest1_pkey on sbtest1  (cost=0.43..8.45 rows=1 width=121)
	  Index Cond: (id = 8772541)

table 2 : explain SELECT c FROM sbtest2 WHERE id=5049866
	Index Scan using sbtest2_pkey on sbtest2  (cost=0.43..8.45 rows=1 width=121)
	  Index Cond: (id = 5049866)

table 3 : explain SELECT c FROM sbtest3 WHERE id=8251047
	Index Scan using sbtest3_pkey on sbtest3  (cost=0.43..8.45 rows=1 width=121)
	  Index Cond: (id = 8251047)

table 4 : explain SELECT c FROM sbtest4 WHERE id=2808361
	Index Scan using sbtest4_pkey on sbtest4  (cost=0.43..8.45 rows=1 width=121)
	  Index Cond: (id = 2808361)

table 5 : explain SELECT c FROM sbtest5 WHERE id=4561209
	Index Scan using sbtest5_pkey on sbtest5  (cost=0.43..8.45 rows=1 width=121)
	  Index Cond: (id = 4561209)

table 6 : explain SELECT c FROM sbtest6 WHERE id=6939745
	Index Scan using sbtest6_pkey on sbtest6  (cost=0.43..8.45 rows=1 width=121)
	  Index Cond: (id = 6939745)

table 7 : explain SELECT c FROM sbtest7 WHERE id=776533
	Index Scan using sbtest7_pkey on sbtest7  (cost=0.43..8.45 rows=1 width=121)
	  Index Cond: (id = 776533)

table 8 : explain SELECT c FROM sbtest8 WHERE id=2243452
	Index Scan using sbtest8_pkey on sbtest8  (cost=0.43..8.45 rows=1 width=121)
	  Index Cond: (id = 2243452)

for: order_ranges
table 1 : explain SELECT c FROM sbtest1 WHERE id BETWEEN 6732451 AND 6732550 ORDER BY c
	Sort  (cost=404.34..404.59 rows=100 width=121)
	  Sort Key: c
	  ->  Index Scan using sbtest1_pkey on sbtest1  (cost=0.43..401.02 rows=100 width=121)
	        Index Cond: ((id >= 6732451) AND (id <= 6732550))

table 2 : explain SELECT c FROM sbtest2 WHERE id BETWEEN 7227412 AND 7227511 ORDER BY c
	Sort  (cost=379.25..379.49 rows=94 width=121)
	  Sort Key: c
	  ->  Index Scan using sbtest2_pkey on sbtest2  (cost=0.43..376.17 rows=94 width=121)
	        Index Cond: ((id >= 7227412) AND (id <= 7227511))

table 3 : explain SELECT c FROM sbtest3 WHERE id BETWEEN 8063898 AND 8063997 ORDER BY c
	Sort  (cost=416.02..416.28 rows=103 width=121)
	  Sort Key: c
	  ->  Index Scan using sbtest3_pkey on sbtest3  (cost=0.43..412.58 rows=103 width=121)
	        Index Cond: ((id >= 8063898) AND (id <= 8063997))

table 4 : explain SELECT c FROM sbtest4 WHERE id BETWEEN 1936755 AND 1936854 ORDER BY c
	Sort  (cost=407.99..408.24 rows=101 width=121)
	  Sort Key: c
	  ->  Index Scan using sbtest4_pkey on sbtest4  (cost=0.43..404.63 rows=101 width=121)
	        Index Cond: ((id >= 1936755) AND (id <= 1936854))

table 5 : explain SELECT c FROM sbtest5 WHERE id BETWEEN 375165 AND 375264 ORDER BY c
	Sort  (cost=395.22..395.47 rows=98 width=121)
	  Sort Key: c
	  ->  Index Scan using sbtest5_pkey on sbtest5  (cost=0.43..391.98 rows=98 width=121)
	        Index Cond: ((id >= 375165) AND (id <= 375264))

table 6 : explain SELECT c FROM sbtest6 WHERE id BETWEEN 6428582 AND 6428681 ORDER BY c
	Sort  (cost=419.10..419.36 rows=104 width=121)
	  Sort Key: c
	  ->  Index Scan using sbtest6_pkey on sbtest6  (cost=0.43..415.62 rows=104 width=121)
	        Index Cond: ((id >= 6428582) AND (id <= 6428681))

table 7 : explain SELECT c FROM sbtest7 WHERE id BETWEEN 1819120 AND 1819219 ORDER BY c
	Sort  (cost=358.89..359.12 rows=89 width=121)
	  Sort Key: c
	  ->  Index Scan using sbtest7_pkey on sbtest7  (cost=0.43..356.01 rows=89 width=121)
	        Index Cond: ((id >= 1819120) AND (id <= 1819219))

table 8 : explain SELECT c FROM sbtest8 WHERE id BETWEEN 1311043 AND 1311142 ORDER BY c
	Sort  (cost=367.75..367.97 rows=91 width=121)
	  Sort Key: c
	  ->  Index Scan using sbtest8_pkey on sbtest8  (cost=0.43..364.79 rows=91 width=121)
	        Index Cond: ((id >= 1311043) AND (id <= 1311142))

for: distinct_ranges
table 1 : explain SELECT DISTINCT c FROM sbtest1 WHERE id BETWEEN 4582043 AND 4582142 ORDER BY c
	Unique  (cost=400.34..400.83 rows=99 width=121)
	  ->  Sort  (cost=400.34..400.59 rows=99 width=121)
	        Sort Key: c
	        ->  Index Scan using sbtest1_pkey on sbtest1  (cost=0.43..397.06 rows=99 width=121)
	              Index Cond: ((id >= 4582043) AND (id <= 4582142))

table 2 : explain SELECT DISTINCT c FROM sbtest2 WHERE id BETWEEN 7026755 AND 7026854 ORDER BY c
	Unique  (cost=391.24..391.72 rows=97 width=121)
	  ->  Sort  (cost=391.24..391.48 rows=97 width=121)
	        Sort Key: c
	        ->  Index Scan using sbtest2_pkey on sbtest2  (cost=0.43..388.03 rows=97 width=121)
	              Index Cond: ((id >= 7026755) AND (id <= 7026854))

table 3 : explain SELECT DISTINCT c FROM sbtest3 WHERE id BETWEEN 2767073 AND 2767172 ORDER BY c
	Unique  (cost=408.02..408.52 rows=101 width=121)
	  ->  Sort  (cost=408.02..408.27 rows=101 width=121)
	        Sort Key: c
	        ->  Index Scan using sbtest3_pkey on sbtest3  (cost=0.43..404.65 rows=101 width=121)
	              Index Cond: ((id >= 2767073) AND (id <= 2767172))

table 4 : explain SELECT DISTINCT c FROM sbtest4 WHERE id BETWEEN 2818957 AND 2819056 ORDER BY c
	Unique  (cost=411.99..412.50 rows=102 width=121)
	  ->  Sort  (cost=411.99..412.24 rows=102 width=121)
	        Sort Key: c
	        ->  Index Scan using sbtest4_pkey on sbtest4  (cost=0.43..408.59 rows=102 width=121)
	              Index Cond: ((id >= 2818957) AND (id <= 2819056))

table 5 : explain SELECT DISTINCT c FROM sbtest5 WHERE id BETWEEN 2665579 AND 2665678 ORDER BY c
	Unique  (cost=451.16..451.72 rows=112 width=121)
	  ->  Sort  (cost=451.16..451.44 rows=112 width=121)
	        Sort Key: c
	        ->  Index Scan using sbtest5_pkey on sbtest5  (cost=0.43..447.35 rows=112 width=121)
	              Index Cond: ((id >= 2665579) AND (id <= 2665678))

table 6 : explain SELECT DISTINCT c FROM sbtest6 WHERE id BETWEEN 6606159 AND 6606258 ORDER BY c
	Unique  (cost=395.13..395.62 rows=98 width=121)
	  ->  Sort  (cost=395.13..395.37 rows=98 width=121)
	        Sort Key: c
	        ->  Index Scan using sbtest6_pkey on sbtest6  (cost=0.43..391.89 rows=98 width=121)
	              Index Cond: ((id >= 6606159) AND (id <= 6606258))

table 7 : explain SELECT DISTINCT c FROM sbtest7 WHERE id BETWEEN 8766588 AND 8766687 ORDER BY c
	Unique  (cost=406.78..407.29 rows=101 width=121)
	  ->  Sort  (cost=406.78..407.03 rows=101 width=121)
	        Sort Key: c
	        ->  Index Scan using sbtest7_pkey on sbtest7  (cost=0.43..403.42 rows=101 width=121)
	              Index Cond: ((id >= 8766588) AND (id <= 8766687))

table 8 : explain SELECT DISTINCT c FROM sbtest8 WHERE id BETWEEN 4305321 AND 4305420 ORDER BY c
	Unique  (cost=471.75..472.34 rows=117 width=121)
	  ->  Sort  (cost=471.75..472.04 rows=117 width=121)
	        Sort Key: c
	        ->  Index Scan using sbtest8_pkey on sbtest8  (cost=0.43..467.73 rows=117 width=121)
	              Index Cond: ((id >= 4305321) AND (id <= 4305420))

for: simple_ranges
table 1 : explain SELECT c FROM sbtest1 WHERE id BETWEEN 2643092 AND 2643191
	Index Scan using sbtest1_pkey on sbtest1  (cost=0.43..389.13 rows=97 width=121)
	  Index Cond: ((id >= 2643092) AND (id <= 2643191))

table 2 : explain SELECT c FROM sbtest2 WHERE id BETWEEN 481788 AND 481887
	Index Scan using sbtest2_pkey on sbtest2  (cost=0.43..388.03 rows=97 width=121)
	  Index Cond: ((id >= 481788) AND (id <= 481887))

table 3 : explain SELECT c FROM sbtest3 WHERE id BETWEEN 4194916 AND 4195015
	Index Scan using sbtest3_pkey on sbtest3  (cost=0.43..416.54 rows=104 width=121)
	  Index Cond: ((id >= 4194916) AND (id <= 4195015))

table 4 : explain SELECT c FROM sbtest4 WHERE id BETWEEN 396675 AND 396774
	Index Scan using sbtest4_pkey on sbtest4  (cost=0.43..412.55 rows=103 width=121)
	  Index Cond: ((id >= 396675) AND (id <= 396774))

table 5 : explain SELECT c FROM sbtest5 WHERE id BETWEEN 6706584 AND 6706683
	Index Scan using sbtest5_pkey on sbtest5  (cost=0.43..419.68 rows=105 width=121)
	  Index Cond: ((id >= 6706584) AND (id <= 6706683))

table 6 : explain SELECT c FROM sbtest6 WHERE id BETWEEN 6521386 AND 6521485
	Index Scan using sbtest6_pkey on sbtest6  (cost=0.43..427.48 rows=107 width=121)
	  Index Cond: ((id >= 6521386) AND (id <= 6521485))

table 7 : explain SELECT c FROM sbtest7 WHERE id BETWEEN 3739037 AND 3739136
	Index Scan using sbtest7_pkey on sbtest7  (cost=0.43..391.55 rows=98 width=121)
	  Index Cond: ((id >= 3739037) AND (id <= 3739136))

table 8 : explain SELECT c FROM sbtest8 WHERE id BETWEEN 9688904 AND 9689003
	Index Scan using sbtest8_pkey on sbtest8  (cost=0.43..396.47 rows=99 width=121)
	  Index Cond: ((id >= 9688904) AND (id <= 9689003))

for: order_ranges
table 1 : explain SELECT c FROM sbtest1 WHERE id BETWEEN 9804350 AND 9804449 ORDER BY c
	Sort  (cost=412.35..412.61 rows=102 width=121)
	  Sort Key: c
	  ->  Index Scan using sbtest1_pkey on sbtest1  (cost=0.43..408.95 rows=102 width=121)
	        Index Cond: ((id >= 9804350) AND (id <= 9804449))

table 2 : explain SELECT c FROM sbtest2 WHERE id BETWEEN 9969352 AND 9969451 ORDER BY c
	Sort  (cost=403.22..403.47 rows=100 width=121)
	  Sort Key: c
	  ->  Index Scan using sbtest2_pkey on sbtest2  (cost=0.43..399.90 rows=100 width=121)
	        Index Cond: ((id >= 9969352) AND (id <= 9969451))

table 3 : explain SELECT c FROM sbtest3 WHERE id BETWEEN 419452 AND 419551 ORDER BY c
	Sort  (cost=392.00..392.24 rows=97 width=121)
	  Sort Key: c
	  ->  Index Scan using sbtest3_pkey on sbtest3  (cost=0.43..388.79 rows=97 width=121)
	        Index Cond: ((id >= 419452) AND (id <= 419551))

table 4 : explain SELECT c FROM sbtest4 WHERE id BETWEEN 6263580 AND 6263679 ORDER BY c
	Sort  (cost=383.96..384.20 rows=95 width=121)
	  Sort Key: c
	  ->  Index Scan using sbtest4_pkey on sbtest4  (cost=0.43..380.84 rows=95 width=121)
	        Index Cond: ((id >= 6263580) AND (id <= 6263679))

table 5 : explain SELECT c FROM sbtest5 WHERE id BETWEEN 5092515 AND 5092614 ORDER BY c
	Sort  (cost=419.21..419.47 rows=104 width=121)
	  Sort Key: c
	  ->  Index Scan using sbtest5_pkey on sbtest5  (cost=0.43..415.72 rows=104 width=121)
	        Index Cond: ((id >= 5092515) AND (id <= 5092614))

table 6 : explain SELECT c FROM sbtest6 WHERE id BETWEEN 174182 AND 174281 ORDER BY c
	Sort  (cost=355.20..355.42 rows=88 width=121)
	  Sort Key: c
	  ->  Index Scan using sbtest6_pkey on sbtest6  (cost=0.43..352.36 rows=88 width=121)
	        Index Cond: ((id >= 174182) AND (id <= 174281))

table 7 : explain SELECT c FROM sbtest7 WHERE id BETWEEN 976630 AND 976729 ORDER BY c
	Sort  (cost=358.89..359.12 rows=89 width=121)
	  Sort Key: c
	  ->  Index Scan using sbtest7_pkey on sbtest7  (cost=0.43..356.01 rows=89 width=121)
	        Index Cond: ((id >= 976630) AND (id <= 976729))

table 8 : explain SELECT c FROM sbtest8 WHERE id BETWEEN 6898283 AND 6898382 ORDER BY c
	Sort  (cost=407.75..408.00 rows=101 width=121)
	  Sort Key: c
	  ->  Index Scan using sbtest8_pkey on sbtest8  (cost=0.43..404.39 rows=101 width=121)
	        Index Cond: ((id >= 6898283) AND (id <= 6898382))

for: simple_ranges
table 1 : explain SELECT c FROM sbtest1 WHERE id BETWEEN 9468215 AND 9468314
	Index Scan using sbtest1_pkey on sbtest1  (cost=0.43..408.96 rows=102 width=121)
	  Index Cond: ((id >= 9468215) AND (id <= 9468314))

table 2 : explain SELECT c FROM sbtest2 WHERE id BETWEEN 2751052 AND 2751151
	Index Scan using sbtest2_pkey on sbtest2  (cost=0.43..391.99 rows=98 width=121)
	  Index Cond: ((id >= 2751052) AND (id <= 2751151))

table 3 : explain SELECT c FROM sbtest3 WHERE id BETWEEN 4459504 AND 4459603
	Index Scan using sbtest3_pkey on sbtest3  (cost=0.43..404.65 rows=101 width=121)
	  Index Cond: ((id >= 4459504) AND (id <= 4459603))

table 4 : explain SELECT c FROM sbtest4 WHERE id BETWEEN 5496935 AND 5497034
	Index Scan using sbtest4_pkey on sbtest4  (cost=0.43..416.51 rows=104 width=121)
	  Index Cond: ((id >= 5496935) AND (id <= 5497034))

table 5 : explain SELECT c FROM sbtest5 WHERE id BETWEEN 3386265 AND 3386364
	Index Scan using sbtest5_pkey on sbtest5  (cost=0.43..364.31 rows=91 width=121)
	  Index Cond: ((id >= 3386265) AND (id <= 3386364))

table 6 : explain SELECT c FROM sbtest6 WHERE id BETWEEN 1756096 AND 1756195
	Index Scan using sbtest6_pkey on sbtest6  (cost=0.43..380.03 rows=95 width=121)
	  Index Cond: ((id >= 1756096) AND (id <= 1756195))

table 7 : explain SELECT c FROM sbtest7 WHERE id BETWEEN 5752731 AND 5752830
	Index Scan using sbtest7_pkey on sbtest7  (cost=0.43..379.71 rows=95 width=121)
	  Index Cond: ((id >= 5752731) AND (id <= 5752830))

table 8 : explain SELECT c FROM sbtest8 WHERE id BETWEEN 7827278 AND 7827377
	Index Scan using sbtest8_pkey on sbtest8  (cost=0.43..408.35 rows=102 width=121)
	  Index Cond: ((id >= 7827278) AND (id <= 7827377))

for: distinct_ranges
table 1 : explain SELECT DISTINCT c FROM sbtest1 WHERE id BETWEEN 1702554 AND 1702653 ORDER BY c
	Unique  (cost=372.30..372.76 rows=92 width=121)
	  ->  Sort  (cost=372.30..372.53 rows=92 width=121)
	        Sort Key: c
	        ->  Index Scan using sbtest1_pkey on sbtest1  (cost=0.43..369.30 rows=92 width=121)
	              Index Cond: ((id >= 1702554) AND (id <= 1702653))

table 2 : explain SELECT DISTINCT c FROM sbtest2 WHERE id BETWEEN 1376345 AND 1376444 ORDER BY c
	Unique  (cost=407.23..407.73 rows=101 width=121)
	  ->  Sort  (cost=407.23..407.48 rows=101 width=121)
	        Sort Key: c
	        ->  Index Scan using sbtest2_pkey on sbtest2  (cost=0.43..403.87 rows=101 width=121)
	              Index Cond: ((id >= 1376345) AND (id <= 1376444))

table 3 : explain SELECT DISTINCT c FROM sbtest3 WHERE id BETWEEN 4366411 AND 4366510 ORDER BY c
	Unique  (cost=428.03..428.56 rows=106 width=121)
	  ->  Sort  (cost=428.03..428.29 rows=106 width=121)
	        Sort Key: c
	        ->  Index Scan using sbtest3_pkey on sbtest3  (cost=0.43..424.46 rows=106 width=121)
	              Index Cond: ((id >= 4366411) AND (id <= 4366510))

table 4 : explain SELECT DISTINCT c FROM sbtest4 WHERE id BETWEEN 4258751 AND 4258850 ORDER BY c
	Unique  (cost=387.96..388.44 rows=96 width=121)
	  ->  Sort  (cost=387.96..388.20 rows=96 width=121)
	        Sort Key: c
	        ->  Index Scan using sbtest4_pkey on sbtest4  (cost=0.43..384.80 rows=96 width=121)
	              Index Cond: ((id >= 4258751) AND (id <= 4258850))

table 5 : explain SELECT DISTINCT c FROM sbtest5 WHERE id BETWEEN 3029695 AND 3029794 ORDER BY c
	Unique  (cost=411.22..411.73 rows=102 width=121)
	  ->  Sort  (cost=411.22..411.47 rows=102 width=121)
	        Sort Key: c
	        ->  Index Scan using sbtest5_pkey on sbtest5  (cost=0.43..407.81 rows=102 width=121)
	              Index Cond: ((id >= 3029695) AND (id <= 3029794))

table 6 : explain SELECT DISTINCT c FROM sbtest6 WHERE id BETWEEN 2123055 AND 2123154 ORDER BY c
	Unique  (cost=403.13..403.63 rows=100 width=121)
	  ->  Sort  (cost=403.13..403.38 rows=100 width=121)
	        Sort Key: c
	        ->  Index Scan using sbtest6_pkey on sbtest6  (cost=0.43..399.81 rows=100 width=121)
	              Index Cond: ((id >= 2123055) AND (id <= 2123154))

table 7 : explain SELECT DISTINCT c FROM sbtest7 WHERE id BETWEEN 63774 AND 63873 ORDER BY c
	Unique  (cost=390.81..391.29 rows=97 width=121)
	  ->  Sort  (cost=390.81..391.05 rows=97 width=121)
	        Sort Key: c
	        ->  Index Scan using sbtest7_pkey on sbtest7  (cost=0.43..387.61 rows=97 width=121)
	              Index Cond: ((id >= 63774) AND (id <= 63873))

table 8 : explain SELECT DISTINCT c FROM sbtest8 WHERE id BETWEEN 559454 AND 559553 ORDER BY c
	Unique  (cost=415.75..416.27 rows=103 width=121)
	  ->  Sort  (cost=415.75..416.01 rows=103 width=121)
	        Sort Key: c
	        ->  Index Scan using sbtest8_pkey on sbtest8  (cost=0.43..412.31 rows=103 width=121)
	              Index Cond: ((id >= 559454) AND (id <= 559553))

for: order_ranges
table 1 : explain SELECT c FROM sbtest1 WHERE id BETWEEN 5154109 AND 5154208 ORDER BY c
	Sort  (cost=416.37..416.63 rows=103 width=121)
	  Sort Key: c
	  ->  Index Scan using sbtest1_pkey on sbtest1  (cost=0.43..412.93 rows=103 width=121)
	        Index Cond: ((id >= 5154109) AND (id <= 5154208))

table 2 : explain SELECT c FROM sbtest2 WHERE id BETWEEN 5150895 AND 5150994 ORDER BY c
	Sort  (cost=415.22..415.47 rows=103 width=121)
	  Sort Key: c
	  ->  Index Scan using sbtest2_pkey on sbtest2  (cost=0.43..411.77 rows=103 width=121)
	        Index Cond: ((id >= 5150895) AND (id <= 5150994))

table 3 : explain SELECT c FROM sbtest3 WHERE id BETWEEN 5643887 AND 5643986 ORDER BY c
	Sort  (cost=355.98..356.20 rows=88 width=121)
	  Sort Key: c
	  ->  Index Scan using sbtest3_pkey on sbtest3  (cost=0.43..353.14 rows=88 width=121)
	        Index Cond: ((id >= 5643887) AND (id <= 5643986))

table 4 : explain SELECT c FROM sbtest4 WHERE id BETWEEN 1727017 AND 1727116 ORDER BY c
	Sort  (cost=359.96..360.18 rows=89 width=121)
	  Sort Key: c
	  ->  Index Scan using sbtest4_pkey on sbtest4  (cost=0.43..357.08 rows=89 width=121)
	        Index Cond: ((id >= 1727017) AND (id <= 1727116))

table 5 : explain SELECT c FROM sbtest5 WHERE id BETWEEN 4954939 AND 4955038 ORDER BY c
	Sort  (cost=403.23..403.48 rows=100 width=121)
	  Sort Key: c
	  ->  Index Scan using sbtest5_pkey on sbtest5  (cost=0.43..399.91 rows=100 width=121)
	        Index Cond: ((id >= 4954939) AND (id <= 4955038))

table 6 : explain SELECT c FROM sbtest6 WHERE id BETWEEN 9071687 AND 9071786 ORDER BY c
	Sort  (cost=423.10..423.36 rows=105 width=121)
	  Sort Key: c
	  ->  Index Scan using sbtest6_pkey on sbtest6  (cost=0.43..419.57 rows=105 width=121)
	        Index Cond: ((id >= 9071687) AND (id <= 9071786))

table 7 : explain SELECT c FROM sbtest7 WHERE id BETWEEN 6155339 AND 6155438 ORDER BY c
	Sort  (cost=434.71..434.98 rows=108 width=121)
	  Sort Key: c
	  ->  Index Scan using sbtest7_pkey on sbtest7  (cost=0.43..431.06 rows=108 width=121)
	        Index Cond: ((id >= 6155339) AND (id <= 6155438))

table 8 : explain SELECT c FROM sbtest8 WHERE id BETWEEN 4043925 AND 4044024 ORDER BY c
	Sort  (cost=419.75..420.01 rows=104 width=121)
	  Sort Key: c
	  ->  Index Scan using sbtest8_pkey on sbtest8  (cost=0.43..416.27 rows=104 width=121)
	        Index Cond: ((id >= 4043925) AND (id <= 4044024))

for: sum_ranges
table 1 : explain SELECT SUM(k) FROM sbtest1 WHERE id BETWEEN 9392732 AND 9392831
	Aggregate  (cost=436.99..437.00 rows=1 width=8)
	  ->  Index Scan using sbtest1_pkey on sbtest1  (cost=0.43..436.72 rows=109 width=4)
	        Index Cond: ((id >= 9392732) AND (id <= 9392831))

table 2 : explain SELECT SUM(k) FROM sbtest2 WHERE id BETWEEN 7298089 AND 7298188
	Aggregate  (cost=376.41..376.42 rows=1 width=8)
	  ->  Index Scan using sbtest2_pkey on sbtest2  (cost=0.43..376.17 rows=94 width=4)
	        Index Cond: ((id >= 7298089) AND (id <= 7298188))

table 3 : explain SELECT SUM(k) FROM sbtest3 WHERE id BETWEEN 233877 AND 233976
	Aggregate  (cost=377.14..377.15 rows=1 width=8)
	  ->  Index Scan using sbtest3_pkey on sbtest3  (cost=0.43..376.91 rows=94 width=4)
	        Index Cond: ((id >= 233877) AND (id <= 233976))

table 4 : explain SELECT SUM(k) FROM sbtest4 WHERE id BETWEEN 5898810 AND 5898909
	Aggregate  (cost=396.94..396.95 rows=1 width=8)
	  ->  Index Scan using sbtest4_pkey on sbtest4  (cost=0.43..396.69 rows=99 width=4)
	        Index Cond: ((id >= 5898810) AND (id <= 5898909))

table 5 : explain SELECT SUM(k) FROM sbtest5 WHERE id BETWEEN 5277406 AND 5277505
	Aggregate  (cost=408.07..408.08 rows=1 width=8)
	  ->  Index Scan using sbtest5_pkey on sbtest5  (cost=0.43..407.81 rows=102 width=4)
	        Index Cond: ((id >= 5277406) AND (id <= 5277505))

table 6 : explain SELECT SUM(k) FROM sbtest6 WHERE id BETWEEN 665139 AND 665238
	Aggregate  (cost=384.22..384.23 rows=1 width=8)
	  ->  Index Scan using sbtest6_pkey on sbtest6  (cost=0.43..383.98 rows=96 width=4)
	        Index Cond: ((id >= 665139) AND (id <= 665238))

table 7 : explain SELECT SUM(k) FROM sbtest7 WHERE id BETWEEN 2178279 AND 2178378
	Aggregate  (cost=455.04..455.05 rows=1 width=8)
	  ->  Index Scan using sbtest7_pkey on sbtest7  (cost=0.43..454.76 rows=114 width=4)
	        Index Cond: ((id >= 2178279) AND (id <= 2178378))

table 8 : explain SELECT SUM(k) FROM sbtest8 WHERE id BETWEEN 7681308 AND 7681407
	Aggregate  (cost=416.53..416.54 rows=1 width=8)
	  ->  Index Scan using sbtest8_pkey on sbtest8  (cost=0.43..416.27 rows=104 width=4)
	        Index Cond: ((id >= 7681308) AND (id <= 7681407))

for: sum_ranges
table 1 : explain SELECT SUM(k) FROM sbtest1 WHERE id BETWEEN 7668544 AND 7668643
	Aggregate  (cost=429.06..429.07 rows=1 width=8)
	  ->  Index Scan using sbtest1_pkey on sbtest1  (cost=0.43..428.79 rows=107 width=4)
	        Index Cond: ((id >= 7668544) AND (id <= 7668643))

table 2 : explain SELECT SUM(k) FROM sbtest2 WHERE id BETWEEN 3822739 AND 3822838
	Aggregate  (cost=435.77..435.78 rows=1 width=8)
	  ->  Index Scan using sbtest2_pkey on sbtest2  (cost=0.43..435.49 rows=109 width=4)
	        Index Cond: ((id >= 3822739) AND (id <= 3822838))

table 3 : explain SELECT SUM(k) FROM sbtest3 WHERE id BETWEEN 4474186 AND 4474285
	Aggregate  (cost=404.91..404.92 rows=1 width=8)
	  ->  Index Scan using sbtest3_pkey on sbtest3  (cost=0.43..404.65 rows=101 width=4)
	        Index Cond: ((id >= 4474186) AND (id <= 4474285))

table 4 : explain SELECT SUM(k) FROM sbtest4 WHERE id BETWEEN 1261222 AND 1261321
	Aggregate  (cost=361.26..361.27 rows=1 width=8)
	  ->  Index Scan using sbtest4_pkey on sbtest4  (cost=0.43..361.04 rows=90 width=4)
	        Index Cond: ((id >= 1261222) AND (id <= 1261321))

table 5 : explain SELECT SUM(k) FROM sbtest5 WHERE id BETWEEN 7268088 AND 7268187
	Aggregate  (cost=408.07..408.08 rows=1 width=8)
	  ->  Index Scan using sbtest5_pkey on sbtest5  (cost=0.43..407.81 rows=102 width=4)
	        Index Cond: ((id >= 7268088) AND (id <= 7268187))

table 6 : explain SELECT SUM(k) FROM sbtest6 WHERE id BETWEEN 9483074 AND 9483173
	Aggregate  (cost=439.61..439.62 rows=1 width=8)
	  ->  Index Scan using sbtest6_pkey on sbtest6  (cost=0.43..439.33 rows=110 width=4)
	        Index Cond: ((id >= 9483074) AND (id <= 9483173))

table 7 : explain SELECT SUM(k) FROM sbtest7 WHERE id BETWEEN 4042983 AND 4043082
	Aggregate  (cost=375.99..376.00 rows=1 width=8)
	  ->  Index Scan using sbtest7_pkey on sbtest7  (cost=0.43..375.76 rows=94 width=4)
	        Index Cond: ((id >= 4042983) AND (id <= 4043082))

table 8 : explain SELECT SUM(k) FROM sbtest8 WHERE id BETWEEN 3517570 AND 3517669
	Aggregate  (cost=432.37..432.38 rows=1 width=8)
	  ->  Index Scan using sbtest8_pkey on sbtest8  (cost=0.43..432.10 rows=108 width=4)
	        Index Cond: ((id >= 3517570) AND (id <= 3517669))

for: simple_ranges
table 1 : explain SELECT c FROM sbtest1 WHERE id BETWEEN 6703361 AND 6703460
	Index Scan using sbtest1_pkey on sbtest1  (cost=0.43..401.02 rows=100 width=121)
	  Index Cond: ((id >= 6703361) AND (id <= 6703460))

table 2 : explain SELECT c FROM sbtest2 WHERE id BETWEEN 5050918 AND 5051017
	Index Scan using sbtest2_pkey on sbtest2  (cost=0.43..380.13 rows=95 width=121)
	  Index Cond: ((id >= 5050918) AND (id <= 5051017))

table 3 : explain SELECT c FROM sbtest3 WHERE id BETWEEN 7076080 AND 7076179
	Index Scan using sbtest3_pkey on sbtest3  (cost=0.43..392.76 rows=98 width=121)
	  Index Cond: ((id >= 7076080) AND (id <= 7076179))

table 4 : explain SELECT c FROM sbtest4 WHERE id BETWEEN 3909241 AND 3909340
	Index Scan using sbtest4_pkey on sbtest4  (cost=0.43..404.63 rows=101 width=121)
	  Index Cond: ((id >= 3909241) AND (id <= 3909340))

table 5 : explain SELECT c FROM sbtest5 WHERE id BETWEEN 5638363 AND 5638462
	Index Scan using sbtest5_pkey on sbtest5  (cost=0.43..415.72 rows=104 width=121)
	  Index Cond: ((id >= 5638363) AND (id <= 5638462))

table 6 : explain SELECT c FROM sbtest6 WHERE id BETWEEN 7669674 AND 7669773
	Index Scan using sbtest6_pkey on sbtest6  (cost=0.43..463.05 rows=116 width=121)
	  Index Cond: ((id >= 7669674) AND (id <= 7669773))

table 7 : explain SELECT c FROM sbtest7 WHERE id BETWEEN 9873021 AND 9873120
	Index Scan using sbtest7_pkey on sbtest7  (cost=0.43..403.42 rows=101 width=121)
	  Index Cond: ((id >= 9873021) AND (id <= 9873120))

table 8 : explain SELECT c FROM sbtest8 WHERE id BETWEEN 6365721 AND 6365820
	Index Scan using sbtest8_pkey on sbtest8  (cost=0.43..400.43 rows=100 width=121)
	  Index Cond: ((id >= 6365721) AND (id <= 6365820))

for: sum_ranges
table 1 : explain SELECT SUM(k) FROM sbtest1 WHERE id BETWEEN 2948921 AND 2949020
	Aggregate  (cost=393.34..393.35 rows=1 width=8)
	  ->  Index Scan using sbtest1_pkey on sbtest1  (cost=0.43..393.09 rows=98 width=4)
	        Index Cond: ((id >= 2948921) AND (id <= 2949020))

table 2 : explain SELECT SUM(k) FROM sbtest2 WHERE id BETWEEN 7926764 AND 7926863
	Aggregate  (cost=443.68..443.69 rows=1 width=8)
	  ->  Index Scan using sbtest2_pkey on sbtest2  (cost=0.43..443.40 rows=111 width=4)
	        Index Cond: ((id >= 7926764) AND (id <= 7926863))

table 3 : explain SELECT SUM(k) FROM sbtest3 WHERE id BETWEEN 4300420 AND 4300519
	Aggregate  (cost=420.76..420.77 rows=1 width=8)
	  ->  Index Scan using sbtest3_pkey on sbtest3  (cost=0.43..420.50 rows=105 width=4)
	        Index Cond: ((id >= 4300420) AND (id <= 4300519))

table 4 : explain SELECT SUM(k) FROM sbtest4 WHERE id BETWEEN 6657937 AND 6658036
	Aggregate  (cost=428.66..428.67 rows=1 width=8)
	  ->  Index Scan using sbtest4_pkey on sbtest4  (cost=0.43..428.39 rows=107 width=4)
	        Index Cond: ((id >= 6657937) AND (id <= 6658036))

table 5 : explain SELECT SUM(k) FROM sbtest5 WHERE id BETWEEN 6109448 AND 6109547
	Aggregate  (cost=412.03..412.04 rows=1 width=8)
	  ->  Index Scan using sbtest5_pkey on sbtest5  (cost=0.43..411.77 rows=103 width=4)
	        Index Cond: ((id >= 6109448) AND (id <= 6109547))

table 6 : explain SELECT SUM(k) FROM sbtest6 WHERE id BETWEEN 2874595 AND 2874694
	Aggregate  (cost=376.31..376.32 rows=1 width=8)
	  ->  Index Scan using sbtest6_pkey on sbtest6  (cost=0.43..376.08 rows=94 width=4)
	        Index Cond: ((id >= 2874595) AND (id <= 2874694))

table 7 : explain SELECT SUM(k) FROM sbtest7 WHERE id BETWEEN 4514282 AND 4514381
	Aggregate  (cost=375.99..376.00 rows=1 width=8)
	  ->  Index Scan using sbtest7_pkey on sbtest7  (cost=0.43..375.76 rows=94 width=4)
	        Index Cond: ((id >= 4514282) AND (id <= 4514381))

table 8 : explain SELECT SUM(k) FROM sbtest8 WHERE id BETWEEN 5179957 AND 5180056
	Aggregate  (cost=380.86..380.87 rows=1 width=8)
	  ->  Index Scan using sbtest8_pkey on sbtest8  (cost=0.43..380.62 rows=95 width=4)
	        Index Cond: ((id >= 5179957) AND (id <= 5180056))

for point_selects
table 1 : explain SELECT c FROM sbtest1 WHERE id=1382983
	Index Scan using sbtest1_pkey on sbtest1  (cost=0.43..8.45 rows=1 width=121)
	  Index Cond: (id = 1382983)

table 2 : explain SELECT c FROM sbtest2 WHERE id=6993984
	Index Scan using sbtest2_pkey on sbtest2  (cost=0.43..8.45 rows=1 width=121)
	  Index Cond: (id = 6993984)

table 3 : explain SELECT c FROM sbtest3 WHERE id=6877242
	Index Scan using sbtest3_pkey on sbtest3  (cost=0.43..8.45 rows=1 width=121)
	  Index Cond: (id = 6877242)

table 4 : explain SELECT c FROM sbtest4 WHERE id=6963703
	Index Scan using sbtest4_pkey on sbtest4  (cost=0.43..8.45 rows=1 width=121)
	  Index Cond: (id = 6963703)

table 5 : explain SELECT c FROM sbtest5 WHERE id=8792320
	Index Scan using sbtest5_pkey on sbtest5  (cost=0.43..8.45 rows=1 width=121)
	  Index Cond: (id = 8792320)

table 6 : explain SELECT c FROM sbtest6 WHERE id=7414907
	Index Scan using sbtest6_pkey on sbtest6  (cost=0.43..8.45 rows=1 width=121)
	  Index Cond: (id = 7414907)

table 7 : explain SELECT c FROM sbtest7 WHERE id=9597812
	Index Scan using sbtest7_pkey on sbtest7  (cost=0.43..8.45 rows=1 width=121)
	  Index Cond: (id = 9597812)

table 8 : explain SELECT c FROM sbtest8 WHERE id=4055545
	Index Scan using sbtest8_pkey on sbtest8  (cost=0.43..8.45 rows=1 width=121)
	  Index Cond: (id = 4055545)

for: simple_ranges
table 1 : explain SELECT c FROM sbtest1 WHERE id BETWEEN 4717093 AND 4717192
	Index Scan using sbtest1_pkey on sbtest1  (cost=0.43..408.96 rows=102 width=121)
	  Index Cond: ((id >= 4717093) AND (id <= 4717192))

table 2 : explain SELECT c FROM sbtest2 WHERE id BETWEEN 4300973 AND 4301072
	Index Scan using sbtest2_pkey on sbtest2  (cost=0.43..352.45 rows=88 width=121)
	  Index Cond: ((id >= 4300973) AND (id <= 4301072))

table 3 : explain SELECT c FROM sbtest3 WHERE id BETWEEN 1874779 AND 1874878
	Index Scan using sbtest3_pkey on sbtest3  (cost=0.43..388.79 rows=97 width=121)
	  Index Cond: ((id >= 1874779) AND (id <= 1874878))

table 4 : explain SELECT c FROM sbtest4 WHERE id BETWEEN 6531566 AND 6531665
	Index Scan using sbtest4_pkey on sbtest4  (cost=0.43..384.80 rows=96 width=121)
	  Index Cond: ((id >= 6531566) AND (id <= 6531665))

table 5 : explain SELECT c FROM sbtest5 WHERE id BETWEEN 4703050 AND 4703149
	Index Scan using sbtest5_pkey on sbtest5  (cost=0.43..423.63 rows=106 width=121)
	  Index Cond: ((id >= 4703050) AND (id <= 4703149))

table 6 : explain SELECT c FROM sbtest6 WHERE id BETWEEN 6486812 AND 6486911
	Index Scan using sbtest6_pkey on sbtest6  (cost=0.43..427.48 rows=107 width=121)
	  Index Cond: ((id >= 6486812) AND (id <= 6486911))

table 7 : explain SELECT c FROM sbtest7 WHERE id BETWEEN 4588896 AND 4588995
	Index Scan using sbtest7_pkey on sbtest7  (cost=0.43..375.76 rows=94 width=121)
	  Index Cond: ((id >= 4588896) AND (id <= 4588995))

table 8 : explain SELECT c FROM sbtest8 WHERE id BETWEEN 7154901 AND 7155000
	Index Scan using sbtest8_pkey on sbtest8  (cost=0.43..447.94 rows=112 width=121)
	  Index Cond: ((id >= 7154901) AND (id <= 7155000))

for: sum_ranges
table 1 : explain SELECT SUM(k) FROM sbtest1 WHERE id BETWEEN 2733808 AND 2733907
	Aggregate  (cost=369.53..369.54 rows=1 width=8)
	  ->  Index Scan using sbtest1_pkey on sbtest1  (cost=0.43..369.30 rows=92 width=4)
	        Index Cond: ((id >= 2733808) AND (id <= 2733907))

table 2 : explain SELECT SUM(k) FROM sbtest2 WHERE id BETWEEN 4781161 AND 4781260
	Aggregate  (cost=360.58..360.59 rows=1 width=8)
	  ->  Index Scan using sbtest2_pkey on sbtest2  (cost=0.43..360.36 rows=90 width=4)
	        Index Cond: ((id >= 4781161) AND (id <= 4781260))

table 3 : explain SELECT SUM(k) FROM sbtest3 WHERE id BETWEEN 3869226 AND 3869325
	Aggregate  (cost=420.76..420.77 rows=1 width=8)
	  ->  Index Scan using sbtest3_pkey on sbtest3  (cost=0.43..420.50 rows=105 width=4)
	        Index Cond: ((id >= 3869226) AND (id <= 3869325))

table 4 : explain SELECT SUM(k) FROM sbtest4 WHERE id BETWEEN 4697223 AND 4697322
	Aggregate  (cost=420.73..420.74 rows=1 width=8)
	  ->  Index Scan using sbtest4_pkey on sbtest4  (cost=0.43..420.47 rows=105 width=4)
	        Index Cond: ((id >= 4697223) AND (id <= 4697322))

table 5 : explain SELECT SUM(k) FROM sbtest5 WHERE id BETWEEN 7160506 AND 7160605
	Aggregate  (cost=368.49..368.50 rows=1 width=8)
	  ->  Index Scan using sbtest5_pkey on sbtest5  (cost=0.43..368.26 rows=92 width=4)
	        Index Cond: ((id >= 7160506) AND (id <= 7160605))

table 6 : explain SELECT SUM(k) FROM sbtest6 WHERE id BETWEEN 6473419 AND 6473518
	Aggregate  (cost=427.74..427.75 rows=1 width=8)
	  ->  Index Scan using sbtest6_pkey on sbtest6  (cost=0.43..427.48 rows=107 width=4)
	        Index Cond: ((id >= 6473419) AND (id <= 6473518))

table 7 : explain SELECT SUM(k) FROM sbtest7 WHERE id BETWEEN 1459300 AND 1459399
	Aggregate  (cost=383.90..383.91 rows=1 width=8)
	  ->  Index Scan using sbtest7_pkey on sbtest7  (cost=0.43..383.66 rows=96 width=4)
	        Index Cond: ((id >= 1459300) AND (id <= 1459399))

table 8 : explain SELECT SUM(k) FROM sbtest8 WHERE id BETWEEN 4269996 AND 4270095
	Aggregate  (cost=432.37..432.38 rows=1 width=8)
	  ->  Index Scan using sbtest8_pkey on sbtest8  (cost=0.43..432.10 rows=108 width=4)
	        Index Cond: ((id >= 4269996) AND (id <= 4270095))

for: sum_ranges
table 1 : explain SELECT SUM(k) FROM sbtest1 WHERE id BETWEEN 7923222 AND 7923321
	Aggregate  (cost=417.15..417.16 rows=1 width=8)
	  ->  Index Scan using sbtest1_pkey on sbtest1  (cost=0.43..416.89 rows=104 width=4)
	        Index Cond: ((id >= 7923222) AND (id <= 7923321))

table 2 : explain SELECT SUM(k) FROM sbtest2 WHERE id BETWEEN 5599873 AND 5599972
	Aggregate  (cost=427.85..427.86 rows=1 width=8)
	  ->  Index Scan using sbtest2_pkey on sbtest2  (cost=0.43..427.59 rows=107 width=4)
	        Index Cond: ((id >= 5599873) AND (id <= 5599972))

table 3 : explain SELECT SUM(k) FROM sbtest3 WHERE id BETWEEN 2995925 AND 2996024
	Aggregate  (cost=396.96..396.97 rows=1 width=8)
	  ->  Index Scan using sbtest3_pkey on sbtest3  (cost=0.43..396.72 rows=99 width=4)
	        Index Cond: ((id >= 2995925) AND (id <= 2996024))

table 4 : explain SELECT SUM(k) FROM sbtest4 WHERE id BETWEEN 4778980 AND 4779079
	Aggregate  (cost=385.04..385.05 rows=1 width=8)
	  ->  Index Scan using sbtest4_pkey on sbtest4  (cost=0.43..384.80 rows=96 width=4)
	        Index Cond: ((id >= 4778980) AND (id <= 4779079))

table 5 : explain SELECT SUM(k) FROM sbtest5 WHERE id BETWEEN 4067484 AND 4067583
	Aggregate  (cost=396.20..396.21 rows=1 width=8)
	  ->  Index Scan using sbtest5_pkey on sbtest5  (cost=0.43..395.95 rows=99 width=4)
	        Index Cond: ((id >= 4067484) AND (id <= 4067583))

table 6 : explain SELECT SUM(k) FROM sbtest6 WHERE id BETWEEN 9138298 AND 9138397
	Aggregate  (cost=407.97..407.98 rows=1 width=8)
	  ->  Index Scan using sbtest6_pkey on sbtest6  (cost=0.43..407.71 rows=102 width=4)
	        Index Cond: ((id >= 9138298) AND (id <= 9138397))

table 7 : explain SELECT SUM(k) FROM sbtest7 WHERE id BETWEEN 5895170 AND 5895269
	Aggregate  (cost=395.77..395.78 rows=1 width=8)
	  ->  Index Scan using sbtest7_pkey on sbtest7  (cost=0.43..395.52 rows=99 width=4)
	        Index Cond: ((id >= 5895170) AND (id <= 5895269))

table 8 : explain SELECT SUM(k) FROM sbtest8 WHERE id BETWEEN 4646386 AND 4646485
	Aggregate  (cost=404.64..404.65 rows=1 width=8)
	  ->  Index Scan using sbtest8_pkey on sbtest8  (cost=0.43..404.39 rows=101 width=4)
	        Index Cond: ((id >= 4646386) AND (id <= 4646485))

for: distinct_ranges
table 1 : explain SELECT DISTINCT c FROM sbtest1 WHERE id BETWEEN 633987 AND 634086 ORDER BY c
	Unique  (cost=384.32..384.79 rows=95 width=121)
	  ->  Sort  (cost=384.32..384.55 rows=95 width=121)
	        Sort Key: c
	        ->  Index Scan using sbtest1_pkey on sbtest1  (cost=0.43..381.20 rows=95 width=121)
	              Index Cond: ((id >= 633987) AND (id <= 634086))

table 2 : explain SELECT DISTINCT c FROM sbtest2 WHERE id BETWEEN 7983618 AND 7983717 ORDER BY c
	Unique  (cost=447.17..447.73 rows=111 width=121)
	  ->  Sort  (cost=447.17..447.45 rows=111 width=121)
	        Sort Key: c
	        ->  Index Scan using sbtest2_pkey on sbtest2  (cost=0.43..443.40 rows=111 width=121)
	              Index Cond: ((id >= 7983618) AND (id <= 7983717))

table 3 : explain SELECT DISTINCT c FROM sbtest3 WHERE id BETWEEN 8917774 AND 8917873 ORDER BY c
	Unique  (cost=408.02..408.52 rows=101 width=121)
	  ->  Sort  (cost=408.02..408.27 rows=101 width=121)
	        Sort Key: c
	        ->  Index Scan using sbtest3_pkey on sbtest3  (cost=0.43..404.65 rows=101 width=121)
	              Index Cond: ((id >= 8917774) AND (id <= 8917873))

table 4 : explain SELECT DISTINCT c FROM sbtest4 WHERE id BETWEEN 3655353 AND 3655452 ORDER BY c
	Unique  (cost=403.97..404.47 rows=100 width=121)
	  ->  Sort  (cost=403.97..404.22 rows=100 width=121)
	        Sort Key: c
	        ->  Index Scan using sbtest4_pkey on sbtest4  (cost=0.43..400.65 rows=100 width=121)
	              Index Cond: ((id >= 3655353) AND (id <= 3655452))

table 5 : explain SELECT DISTINCT c FROM sbtest5 WHERE id BETWEEN 4845284 AND 4845383 ORDER BY c
	Unique  (cost=387.24..387.72 rows=96 width=121)
	  ->  Sort  (cost=387.24..387.48 rows=96 width=121)
	        Sort Key: c
	        ->  Index Scan using sbtest5_pkey on sbtest5  (cost=0.43..384.08 rows=96 width=121)
	              Index Cond: ((id >= 4845284) AND (id <= 4845383))

table 6 : explain SELECT DISTINCT c FROM sbtest6 WHERE id BETWEEN 1209848 AND 1209947 ORDER BY c
	Unique  (cost=399.14..399.63 rows=99 width=121)
	  ->  Sort  (cost=399.14..399.39 rows=99 width=121)
	        Sort Key: c
	        ->  Index Scan using sbtest6_pkey on sbtest6  (cost=0.43..395.86 rows=99 width=121)
	              Index Cond: ((id >= 1209848) AND (id <= 1209947))

table 7 : explain SELECT DISTINCT c FROM sbtest7 WHERE id BETWEEN 2414924 AND 2415023 ORDER BY c
	Unique  (cost=382.83..383.30 rows=95 width=121)
	  ->  Sort  (cost=382.83..383.07 rows=95 width=121)
	        Sort Key: c
	        ->  Index Scan using sbtest7_pkey on sbtest7  (cost=0.43..379.71 rows=95 width=121)
	              Index Cond: ((id >= 2414924) AND (id <= 2415023))

table 8 : explain SELECT DISTINCT c FROM sbtest8 WHERE id BETWEEN 552614 AND 552713 ORDER BY c
	Unique  (cost=415.75..416.27 rows=103 width=121)
	  ->  Sort  (cost=415.75..416.01 rows=103 width=121)
	        Sort Key: c
	        ->  Index Scan using sbtest8_pkey on sbtest8  (cost=0.43..412.31 rows=103 width=121)
	              Index Cond: ((id >= 552614) AND (id <= 552713))

for: order_ranges
table 1 : explain SELECT c FROM sbtest1 WHERE id BETWEEN 6701007 AND 6701106 ORDER BY c
	Sort  (cost=404.34..404.59 rows=100 width=121)
	  Sort Key: c
	  ->  Index Scan using sbtest1_pkey on sbtest1  (cost=0.43..401.02 rows=100 width=121)
	        Index Cond: ((id >= 6701007) AND (id <= 6701106))

table 2 : explain SELECT c FROM sbtest2 WHERE id BETWEEN 8760988 AND 8761087 ORDER BY c
	Sort  (cost=447.17..447.45 rows=111 width=121)
	  Sort Key: c
	  ->  Index Scan using sbtest2_pkey on sbtest2  (cost=0.43..443.40 rows=111 width=121)
	        Index Cond: ((id >= 8760988) AND (id <= 8761087))

table 3 : explain SELECT c FROM sbtest3 WHERE id BETWEEN 3956459 AND 3956558 ORDER BY c
	Sort  (cost=420.02..420.28 rows=104 width=121)
	  Sort Key: c
	  ->  Index Scan using sbtest3_pkey on sbtest3  (cost=0.43..416.54 rows=104 width=121)
	        Index Cond: ((id >= 3956459) AND (id <= 3956558))

table 4 : explain SELECT c FROM sbtest4 WHERE id BETWEEN 9722572 AND 9722671 ORDER BY c
	Sort  (cost=395.97..396.21 rows=98 width=121)
	  Sort Key: c
	  ->  Index Scan using sbtest4_pkey on sbtest4  (cost=0.43..392.73 rows=98 width=121)
	        Index Cond: ((id >= 9722572) AND (id <= 9722671))

table 5 : explain SELECT c FROM sbtest5 WHERE id BETWEEN 286148 AND 286247 ORDER BY c
	Sort  (cost=395.22..395.47 rows=98 width=121)
	  Sort Key: c
	  ->  Index Scan using sbtest5_pkey on sbtest5  (cost=0.43..391.98 rows=98 width=121)
	        Index Cond: ((id >= 286148) AND (id <= 286247))

table 6 : explain SELECT c FROM sbtest6 WHERE id BETWEEN 1293318 AND 1293417 ORDER BY c
	Sort  (cost=411.12..411.37 rows=102 width=121)
	  Sort Key: c
	  ->  Index Scan using sbtest6_pkey on sbtest6  (cost=0.43..407.71 rows=102 width=121)
	        Index Cond: ((id >= 1293318) AND (id <= 1293417))

table 7 : explain SELECT c FROM sbtest7 WHERE id BETWEEN 694352 AND 694451 ORDER BY c
	Sort  (cost=394.80..395.04 rows=98 width=121)
	  Sort Key: c
	  ->  Index Scan using sbtest7_pkey on sbtest7  (cost=0.43..391.55 rows=98 width=121)
	        Index Cond: ((id >= 694352) AND (id <= 694451))

table 8 : explain SELECT c FROM sbtest8 WHERE id BETWEEN 5884907 AND 5885006 ORDER BY c
	Sort  (cost=423.75..424.01 rows=105 width=121)
	  Sort Key: c
	  ->  Index Scan using sbtest8_pkey on sbtest8  (cost=0.43..420.23 rows=105 width=121)
	        Index Cond: ((id >= 5884907) AND (id <= 5885006))

for: order_ranges
table 1 : explain SELECT c FROM sbtest1 WHERE id BETWEEN 7402279 AND 7402378 ORDER BY c
	Sort  (cost=384.32..384.55 rows=95 width=121)
	  Sort Key: c
	  ->  Index Scan using sbtest1_pkey on sbtest1  (cost=0.43..381.20 rows=95 width=121)
	        Index Cond: ((id >= 7402279) AND (id <= 7402378))

table 2 : explain SELECT c FROM sbtest2 WHERE id BETWEEN 8360879 AND 8360978 ORDER BY c
	Sort  (cost=395.23..395.47 rows=98 width=121)
	  Sort Key: c
	  ->  Index Scan using sbtest2_pkey on sbtest2  (cost=0.43..391.99 rows=98 width=121)
	        Index Cond: ((id >= 8360879) AND (id <= 8360978))

table 3 : explain SELECT c FROM sbtest3 WHERE id BETWEEN 5480878 AND 5480977 ORDER BY c
	Sort  (cost=408.02..408.27 rows=101 width=121)
	  Sort Key: c
	  ->  Index Scan using sbtest3_pkey on sbtest3  (cost=0.43..404.65 rows=101 width=121)
	        Index Cond: ((id >= 5480878) AND (id <= 5480977))

table 4 : explain SELECT c FROM sbtest4 WHERE id BETWEEN 938700 AND 938799 ORDER BY c
	Sort  (cost=395.97..396.21 rows=98 width=121)
	  Sort Key: c
	  ->  Index Scan using sbtest4_pkey on sbtest4  (cost=0.43..392.73 rows=98 width=121)
	        Index Cond: ((id >= 938700) AND (id <= 938799))

table 5 : explain SELECT c FROM sbtest5 WHERE id BETWEEN 7153503 AND 7153602 ORDER BY c
	Sort  (cost=371.26..371.49 rows=92 width=121)
	  Sort Key: c
	  ->  Index Scan using sbtest5_pkey on sbtest5  (cost=0.43..368.26 rows=92 width=121)
	        Index Cond: ((id >= 7153503) AND (id <= 7153602))

table 6 : explain SELECT c FROM sbtest6 WHERE id BETWEEN 5769183 AND 5769282 ORDER BY c
	Sort  (cost=427.09..427.36 rows=106 width=121)
	  Sort Key: c
	  ->  Index Scan using sbtest6_pkey on sbtest6  (cost=0.43..423.52 rows=106 width=121)
	        Index Cond: ((id >= 5769183) AND (id <= 5769282))

table 7 : explain SELECT c FROM sbtest7 WHERE id BETWEEN 136065 AND 136164 ORDER BY c
	Sort  (cost=410.77..411.03 rows=102 width=121)
	  Sort Key: c
	  ->  Index Scan using sbtest7_pkey on sbtest7  (cost=0.43..407.37 rows=102 width=121)
	        Index Cond: ((id >= 136065) AND (id <= 136164))

table 8 : explain SELECT c FROM sbtest8 WHERE id BETWEEN 2965255 AND 2965354 ORDER BY c
	Sort  (cost=387.74..387.98 rows=96 width=121)
	  Sort Key: c
	  ->  Index Scan using sbtest8_pkey on sbtest8  (cost=0.43..384.58 rows=96 width=121)
	        Index Cond: ((id >= 2965255) AND (id <= 2965354))

for: sum_ranges
table 1 : explain SELECT SUM(k) FROM sbtest1 WHERE id BETWEEN 6781332 AND 6781431
	Aggregate  (cost=401.27..401.28 rows=1 width=8)
	  ->  Index Scan using sbtest1_pkey on sbtest1  (cost=0.43..401.02 rows=100 width=4)
	        Index Cond: ((id >= 6781332) AND (id <= 6781431))

table 2 : explain SELECT SUM(k) FROM sbtest2 WHERE id BETWEEN 9339686 AND 9339785
	Aggregate  (cost=384.32..384.33 rows=1 width=8)
	  ->  Index Scan using sbtest2_pkey on sbtest2  (cost=0.43..384.08 rows=96 width=4)
	        Index Cond: ((id >= 9339686) AND (id <= 9339785))

table 3 : explain SELECT SUM(k) FROM sbtest3 WHERE id BETWEEN 5683214 AND 5683313
	Aggregate  (cost=353.36..353.37 rows=1 width=8)
	  ->  Index Scan using sbtest3_pkey on sbtest3  (cost=0.43..353.14 rows=88 width=4)
	        Index Cond: ((id >= 5683214) AND (id <= 5683313))

table 4 : explain SELECT SUM(k) FROM sbtest4 WHERE id BETWEEN 639528 AND 639627
	Aggregate  (cost=420.73..420.74 rows=1 width=8)
	  ->  Index Scan using sbtest4_pkey on sbtest4  (cost=0.43..420.47 rows=105 width=4)
	        Index Cond: ((id >= 639528) AND (id <= 639627))

table 5 : explain SELECT SUM(k) FROM sbtest5 WHERE id BETWEEN 2677263 AND 2677362
	Aggregate  (cost=447.63..447.64 rows=1 width=8)
	  ->  Index Scan using sbtest5_pkey on sbtest5  (cost=0.43..447.35 rows=112 width=4)
	        Index Cond: ((id >= 2677263) AND (id <= 2677362))

table 6 : explain SELECT SUM(k) FROM sbtest6 WHERE id BETWEEN 2514116 AND 2514215
	Aggregate  (cost=380.27..380.28 rows=1 width=8)
	  ->  Index Scan using sbtest6_pkey on sbtest6  (cost=0.43..380.03 rows=95 width=4)
	        Index Cond: ((id >= 2514116) AND (id <= 2514215))

table 7 : explain SELECT SUM(k) FROM sbtest7 WHERE id BETWEEN 8570266 AND 8570365
	Aggregate  (cost=368.09..368.10 rows=1 width=8)
	  ->  Index Scan using sbtest7_pkey on sbtest7  (cost=0.43..367.86 rows=92 width=4)
	        Index Cond: ((id >= 8570266) AND (id <= 8570365))

table 8 : explain SELECT SUM(k) FROM sbtest8 WHERE id BETWEEN 1930428 AND 1930527
	Aggregate  (cost=392.74..392.75 rows=1 width=8)
	  ->  Index Scan using sbtest8_pkey on sbtest8  (cost=0.43..392.50 rows=98 width=4)
	        Index Cond: ((id >= 1930428) AND (id <= 1930527))

for: order_ranges
table 1 : explain SELECT c FROM sbtest1 WHERE id BETWEEN 2591488 AND 2591587 ORDER BY c
	Sort  (cost=392.33..392.57 rows=97 width=121)
	  Sort Key: c
	  ->  Index Scan using sbtest1_pkey on sbtest1  (cost=0.43..389.13 rows=97 width=121)
	        Index Cond: ((id >= 2591488) AND (id <= 2591587))

table 2 : explain SELECT c FROM sbtest2 WHERE id BETWEEN 1467116 AND 1467215 ORDER BY c
	Sort  (cost=431.19..431.46 rows=107 width=121)
	  Sort Key: c
	  ->  Index Scan using sbtest2_pkey on sbtest2  (cost=0.43..427.59 rows=107 width=121)
	        Index Cond: ((id >= 1467116) AND (id <= 1467215))

table 3 : explain SELECT c FROM sbtest3 WHERE id BETWEEN 3204722 AND 3204821 ORDER BY c
	Sort  (cost=416.02..416.28 rows=103 width=121)
	  Sort Key: c
	  ->  Index Scan using sbtest3_pkey on sbtest3  (cost=0.43..412.58 rows=103 width=121)
	        Index Cond: ((id >= 3204722) AND (id <= 3204821))

table 4 : explain SELECT c FROM sbtest4 WHERE id BETWEEN 884736 AND 884835 ORDER BY c
	Sort  (cost=419.99..420.25 rows=104 width=121)
	  Sort Key: c
	  ->  Index Scan using sbtest4_pkey on sbtest4  (cost=0.43..416.51 rows=104 width=121)
	        Index Cond: ((id >= 884736) AND (id <= 884835))

table 5 : explain SELECT c FROM sbtest5 WHERE id BETWEEN 313612 AND 313711 ORDER BY c
	Sort  (cost=395.22..395.47 rows=98 width=121)
	  Sort Key: c
	  ->  Index Scan using sbtest5_pkey on sbtest5  (cost=0.43..391.98 rows=98 width=121)
	        Index Cond: ((id >= 313612) AND (id <= 313711))

table 6 : explain SELECT c FROM sbtest6 WHERE id BETWEEN 8358923 AND 8359022 ORDER BY c
	Sort  (cost=439.07..439.34 rows=109 width=121)
	  Sort Key: c
	  ->  Index Scan using sbtest6_pkey on sbtest6  (cost=0.43..435.38 rows=109 width=121)
	        Index Cond: ((id >= 8358923) AND (id <= 8359022))

table 7 : explain SELECT c FROM sbtest7 WHERE id BETWEEN 512865 AND 512964 ORDER BY c
	Sort  (cost=398.80..399.05 rows=99 width=121)
	  Sort Key: c
	  ->  Index Scan using sbtest7_pkey on sbtest7  (cost=0.43..395.52 rows=99 width=121)
	        Index Cond: ((id >= 512865) AND (id <= 512964))

table 8 : explain SELECT c FROM sbtest8 WHERE id BETWEEN 1586860 AND 1586959 ORDER BY c
	Sort  (cost=403.75..404.00 rows=100 width=121)
	  Sort Key: c
	  ->  Index Scan using sbtest8_pkey on sbtest8  (cost=0.43..400.43 rows=100 width=121)
	        Index Cond: ((id >= 1586860) AND (id <= 1586959))

for: distinct_ranges
table 1 : explain SELECT DISTINCT c FROM sbtest1 WHERE id BETWEEN 850431 AND 850530 ORDER BY c
	Unique  (cost=428.39..428.92 rows=106 width=121)
	  ->  Sort  (cost=428.39..428.66 rows=106 width=121)
	        Sort Key: c
	        ->  Index Scan using sbtest1_pkey on sbtest1  (cost=0.43..424.83 rows=106 width=121)
	              Index Cond: ((id >= 850431) AND (id <= 850530))

table 2 : explain SELECT DISTINCT c FROM sbtest2 WHERE id BETWEEN 7172583 AND 7172682 ORDER BY c
	Unique  (cost=379.25..379.72 rows=94 width=121)
	  ->  Sort  (cost=379.25..379.49 rows=94 width=121)
	        Sort Key: c
	        ->  Index Scan using sbtest2_pkey on sbtest2  (cost=0.43..376.17 rows=94 width=121)
	              Index Cond: ((id >= 7172583) AND (id <= 7172682))

table 3 : explain SELECT DISTINCT c FROM sbtest3 WHERE id BETWEEN 7399046 AND 7399145 ORDER BY c
	Unique  (cost=408.02..408.52 rows=101 width=121)
	  ->  Sort  (cost=408.02..408.27 rows=101 width=121)
	        Sort Key: c
	        ->  Index Scan using sbtest3_pkey on sbtest3  (cost=0.43..404.65 rows=101 width=121)
	              Index Cond: ((id >= 7399046) AND (id <= 7399145))

table 4 : explain SELECT DISTINCT c FROM sbtest4 WHERE id BETWEEN 4940970 AND 4941069 ORDER BY c
	Unique  (cost=419.99..420.51 rows=104 width=121)
	  ->  Sort  (cost=419.99..420.25 rows=104 width=121)
	        Sort Key: c
	        ->  Index Scan using sbtest4_pkey on sbtest4  (cost=0.43..416.51 rows=104 width=121)
	              Index Cond: ((id >= 4940970) AND (id <= 4941069))

table 5 : explain SELECT DISTINCT c FROM sbtest5 WHERE id BETWEEN 9830878 AND 9830977 ORDER BY c
	Unique  (cost=423.20..423.73 rows=105 width=121)
	  ->  Sort  (cost=423.20..423.46 rows=105 width=121)
	        Sort Key: c
	        ->  Index Scan using sbtest5_pkey on sbtest5  (cost=0.43..419.68 rows=105 width=121)
	              Index Cond: ((id >= 9830878) AND (id <= 9830977))

table 6 : explain SELECT DISTINCT c FROM sbtest6 WHERE id BETWEEN 9634804 AND 9634903 ORDER BY c
	Unique  (cost=395.13..395.62 rows=98 width=121)
	  ->  Sort  (cost=395.13..395.37 rows=98 width=121)
	        Sort Key: c
	        ->  Index Scan using sbtest6_pkey on sbtest6  (cost=0.43..391.89 rows=98 width=121)
	              Index Cond: ((id >= 9634804) AND (id <= 9634903))

table 7 : explain SELECT DISTINCT c FROM sbtest7 WHERE id BETWEEN 234466 AND 234565 ORDER BY c
	Unique  (cost=446.68..447.24 rows=111 width=121)
	  ->  Sort  (cost=446.68..446.96 rows=111 width=121)
	        Sort Key: c
	        ->  Index Scan using sbtest7_pkey on sbtest7  (cost=0.43..442.91 rows=111 width=121)
	              Index Cond: ((id >= 234466) AND (id <= 234565))

table 8 : explain SELECT DISTINCT c FROM sbtest8 WHERE id BETWEEN 2781079 AND 2781178 ORDER BY c
	Unique  (cost=399.75..400.25 rows=99 width=121)
	  ->  Sort  (cost=399.75..400.00 rows=99 width=121)
	        Sort Key: c
	        ->  Index Scan using sbtest8_pkey on sbtest8  (cost=0.43..396.47 rows=99 width=121)
	              Index Cond: ((id >= 2781079) AND (id <= 2781178))

explain: for point_selects :: explain SELECT c FROM sbtest%u WHERE id=%u
for: sum_ranges
table 1 : explain SELECT SUM(k) FROM sbtest1 WHERE id BETWEEN 9356743 AND 9356842
	Aggregate  (cost=436.99..437.00 rows=1 width=8)
	  ->  Index Scan using sbtest1_pkey on sbtest1  (cost=0.43..436.72 rows=109 width=4)
	        Index Cond: ((id >= 9356743) AND (id <= 9356842))

table 2 : explain SELECT SUM(k) FROM sbtest2 WHERE id BETWEEN 174225 AND 174324
	Aggregate  (cost=388.28..388.29 rows=1 width=8)
	  ->  Index Scan using sbtest2_pkey on sbtest2  (cost=0.43..388.03 rows=97 width=4)
	        Index Cond: ((id >= 174225) AND (id <= 174324))

table 3 : explain SELECT SUM(k) FROM sbtest3 WHERE id BETWEEN 2039879 AND 2039978
	Aggregate  (cost=432.66..432.67 rows=1 width=8)
	  ->  Index Scan using sbtest3_pkey on sbtest3  (cost=0.43..432.39 rows=108 width=4)
	        Index Cond: ((id >= 2039879) AND (id <= 2039978))

table 4 : explain SELECT SUM(k) FROM sbtest4 WHERE id BETWEEN 992615 AND 992714
	Aggregate  (cost=392.97..392.98 rows=1 width=8)
	  ->  Index Scan using sbtest4_pkey on sbtest4  (cost=0.43..392.73 rows=98 width=4)
	        Index Cond: ((id >= 992615) AND (id <= 992714))

table 5 : explain SELECT SUM(k) FROM sbtest5 WHERE id BETWEEN 3536337 AND 3536436
	Aggregate  (cost=396.18..396.19 rows=1 width=8)
	  ->  Index Scan using sbtest5_pkey on sbtest5  (cost=0.43..395.94 rows=99 width=4)
	        Index Cond: ((id >= 3536337) AND (id <= 3536436))

table 6 : explain SELECT SUM(k) FROM sbtest6 WHERE id BETWEEN 1963354 AND 1963453
	Aggregate  (cost=372.36..372.37 rows=1 width=8)
	  ->  Index Scan using sbtest6_pkey on sbtest6  (cost=0.43..372.12 rows=93 width=4)
	        Index Cond: ((id >= 1963354) AND (id <= 1963453))

table 7 : explain SELECT SUM(k) FROM sbtest7 WHERE id BETWEEN 4562018 AND 4562117
	Aggregate  (cost=375.99..376.00 rows=1 width=8)
	  ->  Index Scan using sbtest7_pkey on sbtest7  (cost=0.43..375.76 rows=94 width=4)
	        Index Cond: ((id >= 4562018) AND (id <= 4562117))

table 8 : explain SELECT SUM(k) FROM sbtest8 WHERE id BETWEEN 9239416 AND 9239515
	Aggregate  (cost=380.86..380.87 rows=1 width=8)
	  ->  Index Scan using sbtest8_pkey on sbtest8  (cost=0.43..380.62 rows=95 width=4)
	        Index Cond: ((id >= 9239416) AND (id <= 9239515))

for: distinct_ranges
table 1 : explain SELECT DISTINCT c FROM sbtest1 WHERE id BETWEEN 8181252 AND 8181351 ORDER BY c
	Unique  (cost=440.41..440.95 rows=109 width=121)
	  ->  Sort  (cost=440.41..440.68 rows=109 width=121)
	        Sort Key: c
	        ->  Index Scan using sbtest1_pkey on sbtest1  (cost=0.43..436.72 rows=109 width=121)
	              Index Cond: ((id >= 8181252) AND (id <= 8181351))

table 2 : explain SELECT DISTINCT c FROM sbtest2 WHERE id BETWEEN 1443964 AND 1444063 ORDER BY c
	Unique  (cost=431.19..431.73 rows=107 width=121)
	  ->  Sort  (cost=431.19..431.46 rows=107 width=121)
	        Sort Key: c
	        ->  Index Scan using sbtest2_pkey on sbtest2  (cost=0.43..427.59 rows=107 width=121)
	              Index Cond: ((id >= 1443964) AND (id <= 1444063))

table 3 : explain SELECT DISTINCT c FROM sbtest3 WHERE id BETWEEN 8911869 AND 8911968 ORDER BY c
	Unique  (cost=408.02..408.52 rows=101 width=121)
	  ->  Sort  (cost=408.02..408.27 rows=101 width=121)
	        Sort Key: c
	        ->  Index Scan using sbtest3_pkey on sbtest3  (cost=0.43..404.65 rows=101 width=121)
	              Index Cond: ((id >= 8911869) AND (id <= 8911968))

table 4 : explain SELECT DISTINCT c FROM sbtest4 WHERE id BETWEEN 1758460 AND 1758559 ORDER BY c
	Unique  (cost=359.96..360.40 rows=89 width=121)
	  ->  Sort  (cost=359.96..360.18 rows=89 width=121)
	        Sort Key: c
	        ->  Index Scan using sbtest4_pkey on sbtest4  (cost=0.43..357.08 rows=89 width=121)
	              Index Cond: ((id >= 1758460) AND (id <= 1758559))

table 5 : explain SELECT DISTINCT c FROM sbtest5 WHERE id BETWEEN 7436112 AND 7436211 ORDER BY c
	Unique  (cost=403.23..403.73 rows=100 width=121)
	  ->  Sort  (cost=403.23..403.48 rows=100 width=121)
	        Sort Key: c
	        ->  Index Scan using sbtest5_pkey on sbtest5  (cost=0.43..399.91 rows=100 width=121)
	              Index Cond: ((id >= 7436112) AND (id <= 7436211))

table 6 : explain SELECT DISTINCT c FROM sbtest6 WHERE id BETWEEN 5739701 AND 5739800 ORDER BY c
	Unique  (cost=427.09..427.62 rows=106 width=121)
	  ->  Sort  (cost=427.09..427.36 rows=106 width=121)
	        Sort Key: c
	        ->  Index Scan using sbtest6_pkey on sbtest6  (cost=0.43..423.52 rows=106 width=121)
	              Index Cond: ((id >= 5739701) AND (id <= 5739800))

table 7 : explain SELECT DISTINCT c FROM sbtest7 WHERE id BETWEEN 3747865 AND 3747964 ORDER BY c
	Unique  (cost=394.80..395.29 rows=98 width=121)
	  ->  Sort  (cost=394.80..395.04 rows=98 width=121)
	        Sort Key: c
	        ->  Index Scan using sbtest7_pkey on sbtest7  (cost=0.43..391.55 rows=98 width=121)
	              Index Cond: ((id >= 3747865) AND (id <= 3747964))

table 8 : explain SELECT DISTINCT c FROM sbtest8 WHERE id BETWEEN 3603224 AND 3603323 ORDER BY c
	Unique  (cost=399.75..400.25 rows=99 width=121)
	  ->  Sort  (cost=399.75..400.00 rows=99 width=121)
	        Sort Key: c
	        ->  Index Scan using sbtest8_pkey on sbtest8  (cost=0.43..396.47 rows=99 width=121)
	              Index Cond: ((id >= 3603224) AND (id <= 3603323))

explain: for point_selects :: explain SELECT c FROM sbtest%u WHERE id=%u
for: distinct_ranges
table 1 : explain SELECT DISTINCT c FROM sbtest1 WHERE id BETWEEN 7155953 AND 7156052 ORDER BY c
	Unique  (cost=408.35..408.85 rows=101 width=121)
	  ->  Sort  (cost=408.35..408.60 rows=101 width=121)
	        Sort Key: c
	        ->  Index Scan using sbtest1_pkey on sbtest1  (cost=0.43..404.99 rows=101 width=121)
	              Index Cond: ((id >= 7155953) AND (id <= 7156052))

table 2 : explain SELECT DISTINCT c FROM sbtest2 WHERE id BETWEEN 9935498 AND 9935597 ORDER BY c
	Unique  (cost=403.22..403.72 rows=100 width=121)
	  ->  Sort  (cost=403.22..403.47 rows=100 width=121)
	        Sort Key: c
	        ->  Index Scan using sbtest2_pkey on sbtest2  (cost=0.43..399.90 rows=100 width=121)
	              Index Cond: ((id >= 9935498) AND (id <= 9935597))

table 3 : explain SELECT DISTINCT c FROM sbtest3 WHERE id BETWEEN 4673936 AND 4674035 ORDER BY c
	Unique  (cost=379.99..380.46 rows=94 width=121)
	  ->  Sort  (cost=379.99..380.23 rows=94 width=121)
	        Sort Key: c
	        ->  Index Scan using sbtest3_pkey on sbtest3  (cost=0.43..376.91 rows=94 width=121)
	              Index Cond: ((id >= 4673936) AND (id <= 4674035))

table 4 : explain SELECT DISTINCT c FROM sbtest4 WHERE id BETWEEN 5947682 AND 5947781 ORDER BY c
	Unique  (cost=419.99..420.51 rows=104 width=121)
	  ->  Sort  (cost=419.99..420.25 rows=104 width=121)
	        Sort Key: c
	        ->  Index Scan using sbtest4_pkey on sbtest4  (cost=0.43..416.51 rows=104 width=121)
	              Index Cond: ((id >= 5947682) AND (id <= 5947781))

table 5 : explain SELECT DISTINCT c FROM sbtest5 WHERE id BETWEEN 6308861 AND 6308960 ORDER BY c
	Unique  (cost=427.19..427.72 rows=106 width=121)
	  ->  Sort  (cost=427.19..427.46 rows=106 width=121)
	        Sort Key: c
	        ->  Index Scan using sbtest5_pkey on sbtest5  (cost=0.43..423.63 rows=106 width=121)
	              Index Cond: ((id >= 6308861) AND (id <= 6308960))

table 6 : explain SELECT DISTINCT c FROM sbtest6 WHERE id BETWEEN 7720856 AND 7720955 ORDER BY c
	Unique  (cost=383.15..383.63 rows=95 width=121)
	  ->  Sort  (cost=383.15..383.39 rows=95 width=121)
	        Sort Key: c
	        ->  Index Scan using sbtest6_pkey on sbtest6  (cost=0.43..380.03 rows=95 width=121)
	              Index Cond: ((id >= 7720856) AND (id <= 7720955))

table 7 : explain SELECT DISTINCT c FROM sbtest7 WHERE id BETWEEN 5411198 AND 5411297 ORDER BY c
	Unique  (cost=402.79..403.29 rows=100 width=121)
	  ->  Sort  (cost=402.79..403.04 rows=100 width=121)
	        Sort Key: c
	        ->  Index Scan using sbtest7_pkey on sbtest7  (cost=0.43..399.47 rows=100 width=121)
	              Index Cond: ((id >= 5411198) AND (id <= 5411297))

table 8 : explain SELECT DISTINCT c FROM sbtest8 WHERE id BETWEEN 8791061 AND 8791160 ORDER BY c
	Unique  (cost=391.74..392.23 rows=97 width=121)
	  ->  Sort  (cost=391.74..391.98 rows=97 width=121)
	        Sort Key: c
	        ->  Index Scan using sbtest8_pkey on sbtest8  (cost=0.43..388.54 rows=97 width=121)
	              Index Cond: ((id >= 8791061) AND (id <= 8791160))

for: distinct_ranges
table 1 : explain SELECT DISTINCT c FROM sbtest1 WHERE id BETWEEN 8454897 AND 8454996 ORDER BY c
	Unique  (cost=384.32..384.79 rows=95 width=121)
	  ->  Sort  (cost=384.32..384.55 rows=95 width=121)
	        Sort Key: c
	        ->  Index Scan using sbtest1_pkey on sbtest1  (cost=0.43..381.20 rows=95 width=121)
	              Index Cond: ((id >= 8454897) AND (id <= 8454996))

table 2 : explain SELECT DISTINCT c FROM sbtest2 WHERE id BETWEEN 4047843 AND 4047942 ORDER BY c
	Unique  (cost=403.22..403.72 rows=100 width=121)
	  ->  Sort  (cost=403.22..403.47 rows=100 width=121)
	        Sort Key: c
	        ->  Index Scan using sbtest2_pkey on sbtest2  (cost=0.43..399.90 rows=100 width=121)
	              Index Cond: ((id >= 4047843) AND (id <= 4047942))

table 3 : explain SELECT DISTINCT c FROM sbtest3 WHERE id BETWEEN 7653545 AND 7653644 ORDER BY c
	Unique  (cost=396.00..396.49 rows=98 width=121)
	  ->  Sort  (cost=396.00..396.24 rows=98 width=121)
	        Sort Key: c
	        ->  Index Scan using sbtest3_pkey on sbtest3  (cost=0.43..392.76 rows=98 width=121)
	              Index Cond: ((id >= 7653545) AND (id <= 7653644))

table 4 : explain SELECT DISTINCT c FROM sbtest4 WHERE id BETWEEN 6063553 AND 6063652 ORDER BY c
	Unique  (cost=407.99..408.49 rows=101 width=121)
	  ->  Sort  (cost=407.99..408.24 rows=101 width=121)
	        Sort Key: c
	        ->  Index Scan using sbtest4_pkey on sbtest4  (cost=0.43..404.63 rows=101 width=121)
	              Index Cond: ((id >= 6063553) AND (id <= 6063652))

table 5 : explain SELECT DISTINCT c FROM sbtest5 WHERE id BETWEEN 6307455 AND 6307554 ORDER BY c
	Unique  (cost=427.19..427.72 rows=106 width=121)
	  ->  Sort  (cost=427.19..427.46 rows=106 width=121)
	        Sort Key: c
	        ->  Index Scan using sbtest5_pkey on sbtest5  (cost=0.43..423.63 rows=106 width=121)
	              Index Cond: ((id >= 6307455) AND (id <= 6307554))

table 6 : explain SELECT DISTINCT c FROM sbtest6 WHERE id BETWEEN 4315561 AND 4315660 ORDER BY c
	Unique  (cost=435.08..435.62 rows=108 width=121)
	  ->  Sort  (cost=435.08..435.35 rows=108 width=121)
	        Sort Key: c
	        ->  Index Scan using sbtest6_pkey on sbtest6  (cost=0.43..431.43 rows=108 width=121)
	              Index Cond: ((id >= 4315561) AND (id <= 4315660))

table 7 : explain SELECT DISTINCT c FROM sbtest7 WHERE id BETWEEN 1312337 AND 1312436 ORDER BY c
	Unique  (cost=390.81..391.29 rows=97 width=121)
	  ->  Sort  (cost=390.81..391.05 rows=97 width=121)
	        Sort Key: c
	        ->  Index Scan using sbtest7_pkey on sbtest7  (cost=0.43..387.61 rows=97 width=121)
	              Index Cond: ((id >= 1312337) AND (id <= 1312436))

table 8 : explain SELECT DISTINCT c FROM sbtest8 WHERE id BETWEEN 7787621 AND 7787720 ORDER BY c
	Unique  (cost=411.75..412.26 rows=102 width=121)
	  ->  Sort  (cost=411.75..412.01 rows=102 width=121)
	        Sort Key: c
	        ->  Index Scan using sbtest8_pkey on sbtest8  (cost=0.43..408.35 rows=102 width=121)
	              Index Cond: ((id >= 7787621) AND (id <= 7787720))

for: order_ranges
table 1 : explain SELECT c FROM sbtest1 WHERE id BETWEEN 7992776 AND 7992875 ORDER BY c
	Sort  (cost=420.38..420.64 rows=104 width=121)
	  Sort Key: c
	  ->  Index Scan using sbtest1_pkey on sbtest1  (cost=0.43..416.89 rows=104 width=121)
	        Index Cond: ((id >= 7992776) AND (id <= 7992875))

table 2 : explain SELECT c FROM sbtest2 WHERE id BETWEEN 3901176 AND 3901275 ORDER BY c
	Sort  (cost=391.24..391.48 rows=97 width=121)
	  Sort Key: c
	  ->  Index Scan using sbtest2_pkey on sbtest2  (cost=0.43..388.03 rows=97 width=121)
	        Index Cond: ((id >= 3901176) AND (id <= 3901275))

table 3 : explain SELECT c FROM sbtest3 WHERE id BETWEEN 3127908 AND 3128007 ORDER BY c
	Sort  (cost=420.02..420.28 rows=104 width=121)
	  Sort Key: c
	  ->  Index Scan using sbtest3_pkey on sbtest3  (cost=0.43..416.54 rows=104 width=121)
	        Index Cond: ((id >= 3127908) AND (id <= 3128007))

table 4 : explain SELECT c FROM sbtest4 WHERE id BETWEEN 1651042 AND 1651141 ORDER BY c
	Sort  (cost=403.97..404.22 rows=100 width=121)
	  Sort Key: c
	  ->  Index Scan using sbtest4_pkey on sbtest4  (cost=0.43..400.65 rows=100 width=121)
	        Index Cond: ((id >= 1651042) AND (id <= 1651141))

table 5 : explain SELECT c FROM sbtest5 WHERE id BETWEEN 3188430 AND 3188529 ORDER BY c
	Sort  (cost=363.28..363.50 rows=90 width=121)
	  Sort Key: c
	  ->  Index Scan using sbtest5_pkey on sbtest5  (cost=0.43..360.36 rows=90 width=121)
	        Index Cond: ((id >= 3188430) AND (id <= 3188529))

table 6 : explain SELECT c FROM sbtest6 WHERE id BETWEEN 2738541 AND 2738640 ORDER BY c
	Sort  (cost=391.14..391.38 rows=97 width=121)
	  Sort Key: c
	  ->  Index Scan using sbtest6_pkey on sbtest6  (cost=0.43..387.93 rows=97 width=121)
	        Index Cond: ((id >= 2738541) AND (id <= 2738640))

table 7 : explain SELECT c FROM sbtest7 WHERE id BETWEEN 7409693 AND 7409792 ORDER BY c
	Sort  (cost=426.73..427.00 rows=106 width=121)
	  Sort Key: c
	  ->  Index Scan using sbtest7_pkey on sbtest7  (cost=0.43..423.16 rows=106 width=121)
	        Index Cond: ((id >= 7409693) AND (id <= 7409792))

table 8 : explain SELECT c FROM sbtest8 WHERE id BETWEEN 499961 AND 500060 ORDER BY c
	Sort  (cost=363.75..363.97 rows=90 width=121)
	  Sort Key: c
	  ->  Index Scan using sbtest8_pkey on sbtest8  (cost=0.43..360.83 rows=90 width=121)
	        Index Cond: ((id >= 499961) AND (id <= 500060))

for: order_ranges
table 1 : explain SELECT c FROM sbtest1 WHERE id BETWEEN 7037536 AND 7037635 ORDER BY c
	Sort  (cost=424.38..424.65 rows=105 width=121)
	  Sort Key: c
	  ->  Index Scan using sbtest1_pkey on sbtest1  (cost=0.43..420.86 rows=105 width=121)
	        Index Cond: ((id >= 7037536) AND (id <= 7037635))

table 2 : explain SELECT c FROM sbtest2 WHERE id BETWEEN 5820296 AND 5820395 ORDER BY c
	Sort  (cost=359.29..359.51 rows=89 width=121)
	  Sort Key: c
	  ->  Index Scan using sbtest2_pkey on sbtest2  (cost=0.43..356.41 rows=89 width=121)
	        Index Cond: ((id >= 5820296) AND (id <= 5820395))

table 3 : explain SELECT c FROM sbtest3 WHERE id BETWEEN 5840677 AND 5840776 ORDER BY c
	Sort  (cost=416.02..416.28 rows=103 width=121)
	  Sort Key: c
	  ->  Index Scan using sbtest3_pkey on sbtest3  (cost=0.43..412.58 rows=103 width=121)
	        Index Cond: ((id >= 5840677) AND (id <= 5840776))

table 4 : explain SELECT c FROM sbtest4 WHERE id BETWEEN 1426174 AND 1426273 ORDER BY c
	Sort  (cost=407.99..408.24 rows=101 width=121)
	  Sort Key: c
	  ->  Index Scan using sbtest4_pkey on sbtest4  (cost=0.43..404.63 rows=101 width=121)
	        Index Cond: ((id >= 1426174) AND (id <= 1426273))

table 5 : explain SELECT c FROM sbtest5 WHERE id BETWEEN 3294938 AND 3295037 ORDER BY c
	Sort  (cost=347.30..347.52 rows=86 width=121)
	  Sort Key: c
	  ->  Index Scan using sbtest5_pkey on sbtest5  (cost=0.43..344.54 rows=86 width=121)
	        Index Cond: ((id >= 3294938) AND (id <= 3295037))

table 6 : explain SELECT c FROM sbtest6 WHERE id BETWEEN 8695250 AND 8695349 ORDER BY c
	Sort  (cost=379.16..379.39 rows=94 width=121)
	  Sort Key: c
	  ->  Index Scan using sbtest6_pkey on sbtest6  (cost=0.43..376.08 rows=94 width=121)
	        Index Cond: ((id >= 8695250) AND (id <= 8695349))

table 7 : explain SELECT c FROM sbtest7 WHERE id BETWEEN 8299929 AND 8300028 ORDER BY c
	Sort  (cost=418.75..419.01 rows=104 width=121)
	  Sort Key: c
	  ->  Index Scan using sbtest7_pkey on sbtest7  (cost=0.43..415.27 rows=104 width=121)
	        Index Cond: ((id >= 8299929) AND (id <= 8300028))

table 8 : explain SELECT c FROM sbtest8 WHERE id BETWEEN 7653220 AND 7653319 ORDER BY c
	Sort  (cost=419.75..420.01 rows=104 width=121)
	  Sort Key: c
	  ->  Index Scan using sbtest8_pkey on sbtest8  (cost=0.43..416.27 rows=104 width=121)
	        Index Cond: ((id >= 7653220) AND (id <= 7653319))

for: simple_ranges
table 1 : explain SELECT c FROM sbtest1 WHERE id BETWEEN 4031295 AND 4031394
	Index Scan using sbtest1_pkey on sbtest1  (cost=0.43..428.79 rows=107 width=121)
	  Index Cond: ((id >= 4031295) AND (id <= 4031394))

table 2 : explain SELECT c FROM sbtest2 WHERE id BETWEEN 620452 AND 620551
	Index Scan using sbtest2_pkey on sbtest2  (cost=0.43..423.63 rows=106 width=121)
	  Index Cond: ((id >= 620452) AND (id <= 620551))

table 3 : explain SELECT c FROM sbtest3 WHERE id BETWEEN 412203 AND 412302
	Index Scan using sbtest3_pkey on sbtest3  (cost=0.43..388.79 rows=97 width=121)
	  Index Cond: ((id >= 412203) AND (id <= 412302))

table 4 : explain SELECT c FROM sbtest4 WHERE id BETWEEN 4889969 AND 4890068
	Index Scan using sbtest4_pkey on sbtest4  (cost=0.43..384.80 rows=96 width=121)
	  Index Cond: ((id >= 4889969) AND (id <= 4890068))

table 5 : explain SELECT c FROM sbtest5 WHERE id BETWEEN 9620092 AND 9620191
	Index Scan using sbtest5_pkey on sbtest5  (cost=0.43..391.98 rows=98 width=121)
	  Index Cond: ((id >= 9620092) AND (id <= 9620191))

table 6 : explain SELECT c FROM sbtest6 WHERE id BETWEEN 3364803 AND 3364902
	Index Scan using sbtest6_pkey on sbtest6  (cost=0.43..395.86 rows=99 width=121)
	  Index Cond: ((id >= 3364803) AND (id <= 3364902))

table 7 : explain SELECT c FROM sbtest7 WHERE id BETWEEN 5359001 AND 5359100
	Index Scan using sbtest7_pkey on sbtest7  (cost=0.43..387.61 rows=97 width=121)
	  Index Cond: ((id >= 5359001) AND (id <= 5359100))

table 8 : explain SELECT c FROM sbtest8 WHERE id BETWEEN 4850941 AND 4851040
	Index Scan using sbtest8_pkey on sbtest8  (cost=0.43..408.35 rows=102 width=121)
	  Index Cond: ((id >= 4850941) AND (id <= 4851040))

explain: for point_selects :: explain SELECT c FROM sbtest%u WHERE id=%u
for point_selects
table 1 : explain SELECT c FROM sbtest1 WHERE id=5309157
	Index Scan using sbtest1_pkey on sbtest1  (cost=0.43..8.45 rows=1 width=121)
	  Index Cond: (id = 5309157)

table 2 : explain SELECT c FROM sbtest2 WHERE id=237307
	Index Scan using sbtest2_pkey on sbtest2  (cost=0.43..8.45 rows=1 width=121)
	  Index Cond: (id = 237307)

table 3 : explain SELECT c FROM sbtest3 WHERE id=8839833
	Index Scan using sbtest3_pkey on sbtest3  (cost=0.43..8.45 rows=1 width=121)
	  Index Cond: (id = 8839833)

table 4 : explain SELECT c FROM sbtest4 WHERE id=2832517
	Index Scan using sbtest4_pkey on sbtest4  (cost=0.43..8.45 rows=1 width=121)
	  Index Cond: (id = 2832517)

table 5 : explain SELECT c FROM sbtest5 WHERE id=8176949
	Index Scan using sbtest5_pkey on sbtest5  (cost=0.43..8.45 rows=1 width=121)
	  Index Cond: (id = 8176949)

table 6 : explain SELECT c FROM sbtest6 WHERE id=6334290
	Index Scan using sbtest6_pkey on sbtest6  (cost=0.43..8.45 rows=1 width=121)
	  Index Cond: (id = 6334290)

table 7 : explain SELECT c FROM sbtest7 WHERE id=3515201
	Index Scan using sbtest7_pkey on sbtest7  (cost=0.43..8.45 rows=1 width=121)
	  Index Cond: (id = 3515201)

table 8 : explain SELECT c FROM sbtest8 WHERE id=3331874
	Index Scan using sbtest8_pkey on sbtest8  (cost=0.43..8.45 rows=1 width=121)
	  Index Cond: (id = 3331874)

for: order_ranges
table 1 : explain SELECT c FROM sbtest1 WHERE id BETWEEN 1878065 AND 1878164 ORDER BY c
	Sort  (cost=420.38..420.64 rows=104 width=121)
	  Sort Key: c
	  ->  Index Scan using sbtest1_pkey on sbtest1  (cost=0.43..416.89 rows=104 width=121)
	        Index Cond: ((id >= 1878065) AND (id <= 1878164))

table 2 : explain SELECT c FROM sbtest2 WHERE id BETWEEN 1202680 AND 1202779 ORDER BY c
	Sort  (cost=423.21..423.47 rows=105 width=121)
	  Sort Key: c
	  ->  Index Scan using sbtest2_pkey on sbtest2  (cost=0.43..419.68 rows=105 width=121)
	        Index Cond: ((id >= 1202680) AND (id <= 1202779))

table 3 : explain SELECT c FROM sbtest3 WHERE id BETWEEN 4731101 AND 4731200 ORDER BY c
	Sort  (cost=392.00..392.24 rows=97 width=121)
	  Sort Key: c
	  ->  Index Scan using sbtest3_pkey on sbtest3  (cost=0.43..388.79 rows=97 width=121)
	        Index Cond: ((id >= 4731101) AND (id <= 4731200))

table 4 : explain SELECT c FROM sbtest4 WHERE id BETWEEN 3993750 AND 3993849 ORDER BY c
	Sort  (cost=464.02..464.31 rows=115 width=121)
	  Sort Key: c
	  ->  Index Scan using sbtest4_pkey on sbtest4  (cost=0.43..460.08 rows=115 width=121)
	        Index Cond: ((id >= 3993750) AND (id <= 3993849))

table 5 : explain SELECT c FROM sbtest5 WHERE id BETWEEN 5237056 AND 5237155 ORDER BY c
	Sort  (cost=411.22..411.47 rows=102 width=121)
	  Sort Key: c
	  ->  Index Scan using sbtest5_pkey on sbtest5  (cost=0.43..407.81 rows=102 width=121)
	        Index Cond: ((id >= 5237056) AND (id <= 5237155))

table 6 : explain SELECT c FROM sbtest6 WHERE id BETWEEN 4015317 AND 4015416 ORDER BY c
	Sort  (cost=415.11..415.37 rows=103 width=121)
	  Sort Key: c
	  ->  Index Scan using sbtest6_pkey on sbtest6  (cost=0.43..411.67 rows=103 width=121)
	        Index Cond: ((id >= 4015317) AND (id <= 4015416))

table 7 : explain SELECT c FROM sbtest7 WHERE id BETWEEN 1255263 AND 1255362 ORDER BY c
	Sort  (cost=378.84..379.07 rows=94 width=121)
	  Sort Key: c
	  ->  Index Scan using sbtest7_pkey on sbtest7  (cost=0.43..375.76 rows=94 width=121)
	        Index Cond: ((id >= 1255263) AND (id <= 1255362))

table 8 : explain SELECT c FROM sbtest8 WHERE id BETWEEN 2204614 AND 2204713 ORDER BY c
	Sort  (cost=391.74..391.98 rows=97 width=121)
	  Sort Key: c
	  ->  Index Scan using sbtest8_pkey on sbtest8  (cost=0.43..388.54 rows=97 width=121)
	        Index Cond: ((id >= 2204614) AND (id <= 2204713))

for: order_ranges
table 1 : explain SELECT c FROM sbtest1 WHERE id BETWEEN 3392731 AND 3392830 ORDER BY c
	Sort  (cost=412.37..412.62 rows=102 width=121)
	  Sort Key: c
	  ->  Index Scan using sbtest1_pkey on sbtest1  (cost=0.43..408.96 rows=102 width=121)
	        Index Cond: ((id >= 3392731) AND (id <= 3392830))

table 2 : explain SELECT c FROM sbtest2 WHERE id BETWEEN 6196622 AND 6196721 ORDER BY c
	Sort  (cost=427.20..427.46 rows=106 width=121)
	  Sort Key: c
	  ->  Index Scan using sbtest2_pkey on sbtest2  (cost=0.43..423.63 rows=106 width=121)
	        Index Cond: ((id >= 6196622) AND (id <= 6196721))

table 3 : explain SELECT c FROM sbtest3 WHERE id BETWEEN 2204731 AND 2204830 ORDER BY c
	Sort  (cost=371.99..372.22 rows=92 width=121)
	  Sort Key: c
	  ->  Index Scan using sbtest3_pkey on sbtest3  (cost=0.43..368.99 rows=92 width=121)
	        Index Cond: ((id >= 2204731) AND (id <= 2204830))

table 4 : explain SELECT c FROM sbtest4 WHERE id BETWEEN 3768494 AND 3768593 ORDER BY c
	Sort  (cost=383.96..384.20 rows=95 width=121)
	  Sort Key: c
	  ->  Index Scan using sbtest4_pkey on sbtest4  (cost=0.43..380.84 rows=95 width=121)
	        Index Cond: ((id >= 3768494) AND (id <= 3768593))

table 5 : explain SELECT c FROM sbtest5 WHERE id BETWEEN 870635 AND 870734 ORDER BY c
	Sort  (cost=415.21..415.47 rows=103 width=121)
	  Sort Key: c
	  ->  Index Scan using sbtest5_pkey on sbtest5  (cost=0.43..411.77 rows=103 width=121)
	        Index Cond: ((id >= 870635) AND (id <= 870734))

table 6 : explain SELECT c FROM sbtest6 WHERE id BETWEEN 45866 AND 45965 ORDER BY c
	Sort  (cost=415.11..415.37 rows=103 width=121)
	  Sort Key: c
	  ->  Index Scan using sbtest6_pkey on sbtest6  (cost=0.43..411.67 rows=103 width=121)
	        Index Cond: ((id >= 45866) AND (id <= 45965))

table 7 : explain SELECT c FROM sbtest7 WHERE id BETWEEN 9695692 AND 9695791 ORDER BY c
	Sort  (cost=438.70..438.97 rows=109 width=121)
	  Sort Key: c
	  ->  Index Scan using sbtest7_pkey on sbtest7  (cost=0.43..435.01 rows=109 width=121)
	        Index Cond: ((id >= 9695692) AND (id <= 9695791))

table 8 : explain SELECT c FROM sbtest8 WHERE id BETWEEN 9907225 AND 9907324 ORDER BY c
	Sort  (cost=419.75..420.01 rows=104 width=121)
	  Sort Key: c
	  ->  Index Scan using sbtest8_pkey on sbtest8  (cost=0.43..416.27 rows=104 width=121)
	        Index Cond: ((id >= 9907225) AND (id <= 9907324))

for: simple_ranges
table 1 : explain SELECT c FROM sbtest1 WHERE id BETWEEN 7771071 AND 7771170
	Index Scan using sbtest1_pkey on sbtest1  (cost=0.43..365.34 rows=91 width=121)
	  Index Cond: ((id >= 7771071) AND (id <= 7771170))

table 2 : explain SELECT c FROM sbtest2 WHERE id BETWEEN 2142938 AND 2143037
	Index Scan using sbtest2_pkey on sbtest2  (cost=0.43..403.87 rows=101 width=121)
	  Index Cond: ((id >= 2142938) AND (id <= 2143037))

table 3 : explain SELECT c FROM sbtest3 WHERE id BETWEEN 620418 AND 620517
	Index Scan using sbtest3_pkey on sbtest3  (cost=0.43..392.76 rows=98 width=121)
	  Index Cond: ((id >= 620418) AND (id <= 620517))

table 4 : explain SELECT c FROM sbtest4 WHERE id BETWEEN 3415961 AND 3416060
	Index Scan using sbtest4_pkey on sbtest4  (cost=0.43..388.77 rows=97 width=121)
	  Index Cond: ((id >= 3415961) AND (id <= 3416060))

table 5 : explain SELECT c FROM sbtest5 WHERE id BETWEEN 3717865 AND 3717964
	Index Scan using sbtest5_pkey on sbtest5  (cost=0.43..451.30 rows=113 width=121)
	  Index Cond: ((id >= 3717865) AND (id <= 3717964))

table 6 : explain SELECT c FROM sbtest6 WHERE id BETWEEN 7629105 AND 7629204
	Index Scan using sbtest6_pkey on sbtest6  (cost=0.43..403.76 rows=101 width=121)
	  Index Cond: ((id >= 7629105) AND (id <= 7629204))

table 7 : explain SELECT c FROM sbtest7 WHERE id BETWEEN 5762736 AND 5762835
	Index Scan using sbtest7_pkey on sbtest7  (cost=0.43..379.71 rows=95 width=121)
	  Index Cond: ((id >= 5762736) AND (id <= 5762835))

table 8 : explain SELECT c FROM sbtest8 WHERE id BETWEEN 177121 AND 177220
	Index Scan using sbtest8_pkey on sbtest8  (cost=0.43..368.74 rows=92 width=121)
	  Index Cond: ((id >= 177121) AND (id <= 177220))

for point_selects
table 1 : explain SELECT c FROM sbtest1 WHERE id=6693563
	Index Scan using sbtest1_pkey on sbtest1  (cost=0.43..8.45 rows=1 width=121)
	  Index Cond: (id = 6693563)

table 2 : explain SELECT c FROM sbtest2 WHERE id=1049555
	Index Scan using sbtest2_pkey on sbtest2  (cost=0.43..8.45 rows=1 width=121)
	  Index Cond: (id = 1049555)

table 3 : explain SELECT c FROM sbtest3 WHERE id=5001956
	Index Scan using sbtest3_pkey on sbtest3  (cost=0.43..8.45 rows=1 width=121)
	  Index Cond: (id = 5001956)

table 4 : explain SELECT c FROM sbtest4 WHERE id=5640064
	Index Scan using sbtest4_pkey on sbtest4  (cost=0.43..8.45 rows=1 width=121)
	  Index Cond: (id = 5640064)

table 5 : explain SELECT c FROM sbtest5 WHERE id=6544123
	Index Scan using sbtest5_pkey on sbtest5  (cost=0.43..8.45 rows=1 width=121)
	  Index Cond: (id = 6544123)

table 6 : explain SELECT c FROM sbtest6 WHERE id=8092467
	Index Scan using sbtest6_pkey on sbtest6  (cost=0.43..8.45 rows=1 width=121)
	  Index Cond: (id = 8092467)

table 7 : explain SELECT c FROM sbtest7 WHERE id=1744753
	Index Scan using sbtest7_pkey on sbtest7  (cost=0.43..8.45 rows=1 width=121)
	  Index Cond: (id = 1744753)

table 8 : explain SELECT c FROM sbtest8 WHERE id=8819987
	Index Scan using sbtest8_pkey on sbtest8  (cost=0.43..8.45 rows=1 width=121)
	  Index Cond: (id = 8819987)

for point_selects
table 1 : explain SELECT c FROM sbtest1 WHERE id=1099465
	Index Scan using sbtest1_pkey on sbtest1  (cost=0.43..8.45 rows=1 width=121)
	  Index Cond: (id = 1099465)

table 2 : explain SELECT c FROM sbtest2 WHERE id=7572995
	Index Scan using sbtest2_pkey on sbtest2  (cost=0.43..8.45 rows=1 width=121)
	  Index Cond: (id = 7572995)

table 3 : explain SELECT c FROM sbtest3 WHERE id=4865436
	Index Scan using sbtest3_pkey on sbtest3  (cost=0.43..8.45 rows=1 width=121)
	  Index Cond: (id = 4865436)

table 4 : explain SELECT c FROM sbtest4 WHERE id=5608994
	Index Scan using sbtest4_pkey on sbtest4  (cost=0.43..8.45 rows=1 width=121)
	  Index Cond: (id = 5608994)

table 5 : explain SELECT c FROM sbtest5 WHERE id=2512687
	Index Scan using sbtest5_pkey on sbtest5  (cost=0.43..8.45 rows=1 width=121)
	  Index Cond: (id = 2512687)

table 6 : explain SELECT c FROM sbtest6 WHERE id=5668223
	Index Scan using sbtest6_pkey on sbtest6  (cost=0.43..8.45 rows=1 width=121)
	  Index Cond: (id = 5668223)

table 7 : explain SELECT c FROM sbtest7 WHERE id=5526465
	Index Scan using sbtest7_pkey on sbtest7  (cost=0.43..8.45 rows=1 width=121)
	  Index Cond: (id = 5526465)

table 8 : explain SELECT c FROM sbtest8 WHERE id=6165962
	Index Scan using sbtest8_pkey on sbtest8  (cost=0.43..8.45 rows=1 width=121)
	  Index Cond: (id = 6165962)

for: simple_ranges
table 1 : explain SELECT c FROM sbtest1 WHERE id BETWEEN 339588 AND 339687
	Index Scan using sbtest1_pkey on sbtest1  (cost=0.43..385.16 rows=96 width=121)
	  Index Cond: ((id >= 339588) AND (id <= 339687))

table 2 : explain SELECT c FROM sbtest2 WHERE id BETWEEN 8457176 AND 8457275
	Index Scan using sbtest2_pkey on sbtest2  (cost=0.43..356.41 rows=89 width=121)
	  Index Cond: ((id >= 8457176) AND (id <= 8457275))

table 3 : explain SELECT c FROM sbtest3 WHERE id BETWEEN 2314391 AND 2314490
	Index Scan using sbtest3_pkey on sbtest3  (cost=0.43..424.46 rows=106 width=121)
	  Index Cond: ((id >= 2314391) AND (id <= 2314490))

table 4 : explain SELECT c FROM sbtest4 WHERE id BETWEEN 1324000 AND 1324099
	Index Scan using sbtest4_pkey on sbtest4  (cost=0.43..416.51 rows=104 width=121)
	  Index Cond: ((id >= 1324000) AND (id <= 1324099))

table 5 : explain SELECT c FROM sbtest5 WHERE id BETWEEN 5399742 AND 5399841
	Index Scan using sbtest5_pkey on sbtest5  (cost=0.43..407.81 rows=102 width=121)
	  Index Cond: ((id >= 5399742) AND (id <= 5399841))

table 6 : explain SELECT c FROM sbtest6 WHERE id BETWEEN 8791308 AND 8791407
	Index Scan using sbtest6_pkey on sbtest6  (cost=0.43..435.38 rows=109 width=121)
	  Index Cond: ((id >= 8791308) AND (id <= 8791407))

table 7 : explain SELECT c FROM sbtest7 WHERE id BETWEEN 7393336 AND 7393435
	Index Scan using sbtest7_pkey on sbtest7  (cost=0.43..359.96 rows=90 width=121)
	  Index Cond: ((id >= 7393336) AND (id <= 7393435))

table 8 : explain SELECT c FROM sbtest8 WHERE id BETWEEN 2545049 AND 2545148
	Index Scan using sbtest8_pkey on sbtest8  (cost=0.43..420.23 rows=105 width=121)
	  Index Cond: ((id >= 2545049) AND (id <= 2545148))
for: sum_ranges
table 1 : explain SELECT SUM(k) FROM sbtest1 WHERE id BETWEEN 1693616 AND 1693715
	Aggregate  (cost=369.53..369.54 rows=1 width=8)
	  ->  Index Scan using sbtest1_pkey on sbtest1  (cost=0.43..369.30 rows=92 width=4)
	        Index Cond: ((id >= 1693616) AND (id <= 1693715))

table 2 : explain SELECT SUM(k) FROM sbtest2 WHERE id BETWEEN 3299235 AND 3299334
	Aggregate  (cost=423.90..423.91 rows=1 width=8)
	  ->  Index Scan using sbtest2_pkey on sbtest2  (cost=0.43..423.63 rows=106 width=4)
	        Index Cond: ((id >= 3299235) AND (id <= 3299334))

table 3 : explain SELECT SUM(k) FROM sbtest3 WHERE id BETWEEN 8363143 AND 8363242
	Aggregate  (cost=416.80..416.81 rows=1 width=8)
	  ->  Index Scan using sbtest3_pkey on sbtest3  (cost=0.43..416.54 rows=104 width=4)
	        Index Cond: ((id >= 8363143) AND (id <= 8363242))

table 4 : explain SELECT SUM(k) FROM sbtest4 WHERE id BETWEEN 5253771 AND 5253870
	Aggregate  (cost=404.88..404.89 rows=1 width=8)
	  ->  Index Scan using sbtest4_pkey on sbtest4  (cost=0.43..404.63 rows=101 width=4)
	        Index Cond: ((id >= 5253771) AND (id <= 5253870))

table 5 : explain SELECT SUM(k) FROM sbtest5 WHERE id BETWEEN 7759605 AND 7759704
	Aggregate  (cost=376.40..376.41 rows=1 width=8)
	  ->  Index Scan using sbtest5_pkey on sbtest5  (cost=0.43..376.17 rows=94 width=4)
	        Index Cond: ((id >= 7759605) AND (id <= 7759704))

table 6 : explain SELECT SUM(k) FROM sbtest6 WHERE id BETWEEN 8952276 AND 8952375
	Aggregate  (cost=388.18..388.19 rows=1 width=8)
	  ->  Index Scan using sbtest6_pkey on sbtest6  (cost=0.43..387.93 rows=97 width=4)
	        Index Cond: ((id >= 8952276) AND (id <= 8952375))

table 7 : explain SELECT SUM(k) FROM sbtest7 WHERE id BETWEEN 8113119 AND 8113218
	Aggregate  (cost=372.04..372.05 rows=1 width=8)
	  ->  Index Scan using sbtest7_pkey on sbtest7  (cost=0.43..371.81 rows=93 width=4)
	        Index Cond: ((id >= 8113119) AND (id <= 8113218))

table 8 : explain SELECT SUM(k) FROM sbtest8 WHERE id BETWEEN 4628538 AND 4628637
	Aggregate  (cost=404.64..404.65 rows=1 width=8)
	  ->  Index Scan using sbtest8_pkey on sbtest8  (cost=0.43..404.39 rows=101 width=4)
	        Index Cond: ((id >= 4628538) AND (id <= 4628637))


for: distinct_ranges
table 1 : explain SELECT DISTINCT c FROM sbtest1 WHERE id BETWEEN 4359859 AND 4359958 ORDER BY c
	Unique  (cost=416.37..416.89 rows=103 width=121)
	  ->  Sort  (cost=416.37..416.63 rows=103 width=121)
	        Sort Key: c
	        ->  Index Scan using sbtest1_pkey on sbtest1  (cost=0.43..412.93 rows=103 width=121)
	              Index Cond: ((id >= 4359859) AND (id <= 4359958))

table 2 : explain SELECT DISTINCT c FROM sbtest2 WHERE id BETWEEN 8518409 AND 8518508 ORDER BY c
	Unique  (cost=379.25..379.72 rows=94 width=121)
	  ->  Sort  (cost=379.25..379.49 rows=94 width=121)
	        Sort Key: c
	        ->  Index Scan using sbtest2_pkey on sbtest2  (cost=0.43..376.17 rows=94 width=121)
	              Index Cond: ((id >= 8518409) AND (id <= 8518508))

table 3 : explain SELECT DISTINCT c FROM sbtest3 WHERE id BETWEEN 4855753 AND 4855852 ORDER BY c
	Unique  (cost=432.03..432.57 rows=107 width=121)
	  ->  Sort  (cost=432.03..432.30 rows=107 width=121)
	        Sort Key: c
	        ->  Index Scan using sbtest3_pkey on sbtest3  (cost=0.43..428.42 rows=107 width=121)
	              Index Cond: ((id >= 4855753) AND (id <= 4855852))

table 4 : explain SELECT DISTINCT c FROM sbtest4 WHERE id BETWEEN 7744346 AND 7744445 ORDER BY c
	Unique  (cost=371.96..372.42 rows=92 width=121)
	  ->  Sort  (cost=371.96..372.19 rows=92 width=121)
	        Sort Key: c
	        ->  Index Scan using sbtest4_pkey on sbtest4  (cost=0.43..368.96 rows=92 width=121)
	              Index Cond: ((id >= 7744346) AND (id <= 7744445))

table 5 : explain SELECT DISTINCT c FROM sbtest5 WHERE id BETWEEN 1358238 AND 1358337 ORDER BY c
	Unique  (cost=427.19..427.72 rows=106 width=121)
	  ->  Sort  (cost=427.19..427.46 rows=106 width=121)
	        Sort Key: c
	        ->  Index Scan using sbtest5_pkey on sbtest5  (cost=0.43..423.63 rows=106 width=121)
	              Index Cond: ((id >= 1358238) AND (id <= 1358337))

table 6 : explain SELECT DISTINCT c FROM sbtest6 WHERE id BETWEEN 5219822 AND 5219921 ORDER BY c
	Unique  (cost=383.15..383.63 rows=95 width=121)
	  ->  Sort  (cost=383.15..383.39 rows=95 width=121)
	        Sort Key: c
	        ->  Index Scan using sbtest6_pkey on sbtest6  (cost=0.43..380.03 rows=95 width=121)
	              Index Cond: ((id >= 5219822) AND (id <= 5219921))

table 7 : explain SELECT DISTINCT c FROM sbtest7 WHERE id BETWEEN 1092471 AND 1092570 ORDER BY c
	Unique  (cost=394.80..395.29 rows=98 width=121)
	  ->  Sort  (cost=394.80..395.04 rows=98 width=121)
	        Sort Key: c
	        ->  Index Scan using sbtest7_pkey on sbtest7  (cost=0.43..391.55 rows=98 width=121)
	              Index Cond: ((id >= 1092471) AND (id <= 1092570))

table 8 : explain SELECT DISTINCT c FROM sbtest8 WHERE id BETWEEN 2527185 AND 2527284 ORDER BY c
	Unique  (cost=423.75..424.28 rows=105 width=121)
	  ->  Sort  (cost=423.75..424.01 rows=105 width=121)
	        Sort Key: c
	        ->  Index Scan using sbtest8_pkey on sbtest8  (cost=0.43..420.23 rows=105 width=121)
	              Index Cond: ((id >= 2527185) AND (id <= 2527284))

for: distinct_ranges
table 1 : explain SELECT DISTINCT c FROM sbtest1 WHERE id BETWEEN 2388931 AND 2389030 ORDER BY c
	Unique  (cost=388.32..388.80 rows=96 width=121)
	  ->  Sort  (cost=388.32..388.56 rows=96 width=121)
	        Sort Key: c
	        ->  Index Scan using sbtest1_pkey on sbtest1  (cost=0.43..385.16 rows=96 width=121)
	              Index Cond: ((id >= 2388931) AND (id <= 2389030))

table 2 : explain SELECT DISTINCT c FROM sbtest2 WHERE id BETWEEN 2110599 AND 2110698 ORDER BY c
	Unique  (cost=407.23..407.73 rows=101 width=121)
	  ->  Sort  (cost=407.23..407.48 rows=101 width=121)
	        Sort Key: c
	        ->  Index Scan using sbtest2_pkey on sbtest2  (cost=0.43..403.87 rows=101 width=121)
	              Index Cond: ((id >= 2110599) AND (id <= 2110698))

table 3 : explain SELECT DISTINCT c FROM sbtest3 WHERE id BETWEEN 1776825 AND 1776924 ORDER BY c
	Unique  (cost=408.02..408.52 rows=101 width=121)
	  ->  Sort  (cost=408.02..408.27 rows=101 width=121)
	        Sort Key: c
	        ->  Index Scan using sbtest3_pkey on sbtest3  (cost=0.43..404.65 rows=101 width=121)
	              Index Cond: ((id >= 1776825) AND (id <= 1776924))

table 4 : explain SELECT DISTINCT c FROM sbtest4 WHERE id BETWEEN 7849078 AND 7849177 ORDER BY c
	Unique  (cost=379.96..380.43 rows=94 width=121)
	  ->  Sort  (cost=379.96..380.20 rows=94 width=121)
	        Sort Key: c
	        ->  Index Scan using sbtest4_pkey on sbtest4  (cost=0.43..376.88 rows=94 width=121)
	              Index Cond: ((id >= 7849078) AND (id <= 7849177))

table 5 : explain SELECT DISTINCT c FROM sbtest5 WHERE id BETWEEN 7441445 AND 7441544 ORDER BY c
	Unique  (cost=403.23..403.73 rows=100 width=121)
	  ->  Sort  (cost=403.23..403.48 rows=100 width=121)
	        Sort Key: c
	        ->  Index Scan using sbtest5_pkey on sbtest5  (cost=0.43..399.91 rows=100 width=121)
	              Index Cond: ((id >= 7441445) AND (id <= 7441544))

table 6 : explain SELECT DISTINCT c FROM sbtest6 WHERE id BETWEEN 8999101 AND 8999200 ORDER BY c
	Unique  (cost=391.14..391.62 rows=97 width=121)
	  ->  Sort  (cost=391.14..391.38 rows=97 width=121)
	        Sort Key: c
	        ->  Index Scan using sbtest6_pkey on sbtest6  (cost=0.43..387.93 rows=97 width=121)
	              Index Cond: ((id >= 8999101) AND (id <= 8999200))

table 7 : explain SELECT DISTINCT c FROM sbtest7 WHERE id BETWEEN 6174476 AND 6174575 ORDER BY c
	Unique  (cost=434.71..435.25 rows=108 width=121)
	  ->  Sort  (cost=434.71..434.98 rows=108 width=121)
	        Sort Key: c
	        ->  Index Scan using sbtest7_pkey on sbtest7  (cost=0.43..431.06 rows=108 width=121)
	              Index Cond: ((id >= 6174476) AND (id <= 6174575))

table 8 : explain SELECT DISTINCT c FROM sbtest8 WHERE id BETWEEN 3082538 AND 3082637 ORDER BY c
	Unique  (cost=415.75..416.27 rows=103 width=121)
	  ->  Sort  (cost=415.75..416.01 rows=103 width=121)
	        Sort Key: c
	        ->  Index Scan using sbtest8_pkey on sbtest8  (cost=0.43..412.31 rows=103 width=121)
	              Index Cond: ((id >= 3082538) AND (id <= 3082637))

for: distinct_ranges
table 1 : explain SELECT DISTINCT c FROM sbtest1 WHERE id BETWEEN 8325690 AND 8325789 ORDER BY c
	Unique  (cost=432.40..432.93 rows=107 width=121)
	  ->  Sort  (cost=432.40..432.66 rows=107 width=121)
	        Sort Key: c
	        ->  Index Scan using sbtest1_pkey on sbtest1  (cost=0.43..428.79 rows=107 width=121)
	              Index Cond: ((id >= 8325690) AND (id <= 8325789))

table 2 : explain SELECT DISTINCT c FROM sbtest2 WHERE id BETWEEN 1411849 AND 1411948 ORDER BY c
	Unique  (cost=431.19..431.73 rows=107 width=121)
	  ->  Sort  (cost=431.19..431.46 rows=107 width=121)
	        Sort Key: c
	        ->  Index Scan using sbtest2_pkey on sbtest2  (cost=0.43..427.59 rows=107 width=121)
	              Index Cond: ((id >= 1411849) AND (id <= 1411948))

table 3 : explain SELECT DISTINCT c FROM sbtest3 WHERE id BETWEEN 5798967 AND 5799066 ORDER BY c
	Unique  (cost=379.99..380.46 rows=94 width=121)
	  ->  Sort  (cost=379.99..380.23 rows=94 width=121)
	        Sort Key: c
	        ->  Index Scan using sbtest3_pkey on sbtest3  (cost=0.43..376.91 rows=94 width=121)
	              Index Cond: ((id >= 5798967) AND (id <= 5799066))

table 4 : explain SELECT DISTINCT c FROM sbtest4 WHERE id BETWEEN 8758709 AND 8758808 ORDER BY c
	Unique  (cost=448.01..448.56 rows=111 width=121)
	  ->  Sort  (cost=448.01..448.29 rows=111 width=121)
	        Sort Key: c
	        ->  Index Scan using sbtest4_pkey on sbtest4  (cost=0.43..444.24 rows=111 width=121)
	              Index Cond: ((id >= 8758709) AND (id <= 8758808))

table 5 : explain SELECT DISTINCT c FROM sbtest5 WHERE id BETWEEN 3786859 AND 3786958 ORDER BY c
	Unique  (cost=427.19..427.72 rows=106 width=121)
	  ->  Sort  (cost=427.19..427.46 rows=106 width=121)
	        Sort Key: c
	        ->  Index Scan using sbtest5_pkey on sbtest5  (cost=0.43..423.63 rows=106 width=121)
	              Index Cond: ((id >= 3786859) AND (id <= 3786958))

table 6 : explain SELECT DISTINCT c FROM sbtest6 WHERE id BETWEEN 9174935 AND 9175034 ORDER BY c
	Unique  (cost=411.12..411.63 rows=102 width=121)
	  ->  Sort  (cost=411.12..411.37 rows=102 width=121)
	        Sort Key: c
	        ->  Index Scan using sbtest6_pkey on sbtest6  (cost=0.43..407.71 rows=102 width=121)
	              Index Cond: ((id >= 9174935) AND (id <= 9175034))

table 7 : explain SELECT DISTINCT c FROM sbtest7 WHERE id BETWEEN 4717655 AND 4717754 ORDER BY c
	Unique  (cost=386.82..387.30 rows=96 width=121)
	  ->  Sort  (cost=386.82..387.06 rows=96 width=121)
	        Sort Key: c
	        ->  Index Scan using sbtest7_pkey on sbtest7  (cost=0.43..383.66 rows=96 width=121)
	              Index Cond: ((id >= 4717655) AND (id <= 4717754))

table 8 : explain SELECT DISTINCT c FROM sbtest8 WHERE id BETWEEN 4030297 AND 4030396 ORDER BY c
	Unique  (cost=419.75..420.27 rows=104 width=121)
	  ->  Sort  (cost=419.75..420.01 rows=104 width=121)
	        Sort Key: c
	        ->  Index Scan using sbtest8_pkey on sbtest8  (cost=0.43..416.27 rows=104 width=121)
	              Index Cond: ((id >= 4030297) AND (id <= 4030396))

for: distinct_ranges
table 1 : explain SELECT DISTINCT c FROM sbtest1 WHERE id BETWEEN 4744934 AND 4745033 ORDER BY c
	Unique  (cost=412.37..412.88 rows=102 width=121)
	  ->  Sort  (cost=412.37..412.62 rows=102 width=121)
	        Sort Key: c
	        ->  Index Scan using sbtest1_pkey on sbtest1  (cost=0.43..408.96 rows=102 width=121)
	              Index Cond: ((id >= 4744934) AND (id <= 4745033))

table 2 : explain SELECT DISTINCT c FROM sbtest2 WHERE id BETWEEN 204479 AND 204578 ORDER BY c
	Unique  (cost=399.22..399.72 rows=99 width=121)
	  ->  Sort  (cost=399.22..399.47 rows=99 width=121)
	        Sort Key: c
	        ->  Index Scan using sbtest2_pkey on sbtest2  (cost=0.43..395.94 rows=99 width=121)
	              Index Cond: ((id >= 204479) AND (id <= 204578))

table 3 : explain SELECT DISTINCT c FROM sbtest3 WHERE id BETWEEN 2181032 AND 2181131 ORDER BY c
	Unique  (cost=371.99..372.45 rows=92 width=121)
	  ->  Sort  (cost=371.99..372.22 rows=92 width=121)
	        Sort Key: c
	        ->  Index Scan using sbtest3_pkey on sbtest3  (cost=0.43..368.99 rows=92 width=121)
	              Index Cond: ((id >= 2181032) AND (id <= 2181131))

table 4 : explain SELECT DISTINCT c FROM sbtest4 WHERE id BETWEEN 6147091 AND 6147190 ORDER BY c
	Unique  (cost=399.97..400.46 rows=99 width=121)
	  ->  Sort  (cost=399.97..400.22 rows=99 width=121)
	        Sort Key: c
	        ->  Index Scan using sbtest4_pkey on sbtest4  (cost=0.43..396.69 rows=99 width=121)
	              Index Cond: ((id >= 6147091) AND (id <= 6147190))

table 5 : explain SELECT DISTINCT c FROM sbtest5 WHERE id BETWEEN 9517915 AND 9518014 ORDER BY c
	Unique  (cost=383.24..383.72 rows=95 width=121)
	  ->  Sort  (cost=383.24..383.48 rows=95 width=121)
	        Sort Key: c
	        ->  Index Scan using sbtest5_pkey on sbtest5  (cost=0.43..380.12 rows=95 width=121)
	              Index Cond: ((id >= 9517915) AND (id <= 9518014))

table 6 : explain SELECT DISTINCT c FROM sbtest6 WHERE id BETWEEN 1597191 AND 1597290 ORDER BY c
	Unique  (cost=415.11..415.63 rows=103 width=121)
	  ->  Sort  (cost=415.11..415.37 rows=103 width=121)
	        Sort Key: c
	        ->  Index Scan using sbtest6_pkey on sbtest6  (cost=0.43..411.67 rows=103 width=121)
	              Index Cond: ((id >= 1597191) AND (id <= 1597290))

table 7 : explain SELECT DISTINCT c FROM sbtest7 WHERE id BETWEEN 1012885 AND 1012984 ORDER BY c
	Unique  (cost=358.89..359.34 rows=89 width=121)
	  ->  Sort  (cost=358.89..359.12 rows=89 width=121)
	        Sort Key: c
	        ->  Index Scan using sbtest7_pkey on sbtest7  (cost=0.43..356.01 rows=89 width=121)
	              Index Cond: ((id >= 1012885) AND (id <= 1012984))

table 8 : explain SELECT DISTINCT c FROM sbtest8 WHERE id BETWEEN 5638512 AND 5638611 ORDER BY c
	Unique  (cost=383.74..384.22 rows=95 width=121)
	  ->  Sort  (cost=383.74..383.98 rows=95 width=121)
	        Sort Key: c
	        ->  Index Scan using sbtest8_pkey on sbtest8  (cost=0.43..380.62 rows=95 width=121)
	              Index Cond: ((id >= 5638512) AND (id <= 5638611))

for: simple_ranges
table 1 : explain SELECT c FROM sbtest1 WHERE id BETWEEN 5800421 AND 5800520
	Index Scan using sbtest1_pkey on sbtest1  (cost=0.43..393.09 rows=98 width=121)
	  Index Cond: ((id >= 5800421) AND (id <= 5800520))

table 2 : explain SELECT c FROM sbtest2 WHERE id BETWEEN 4046415 AND 4046514
	Index Scan using sbtest2_pkey on sbtest2  (cost=0.43..399.90 rows=100 width=121)
	  Index Cond: ((id >= 4046415) AND (id <= 4046514))

table 3 : explain SELECT c FROM sbtest3 WHERE id BETWEEN 4767367 AND 4767466
	Index Scan using sbtest3_pkey on sbtest3  (cost=0.43..388.79 rows=97 width=121)
	  Index Cond: ((id >= 4767367) AND (id <= 4767466))

table 4 : explain SELECT c FROM sbtest4 WHERE id BETWEEN 9280876 AND 9280975
	Index Scan using sbtest4_pkey on sbtest4  (cost=0.43..372.92 rows=93 width=121)
	  Index Cond: ((id >= 9280876) AND (id <= 9280975))

table 5 : explain SELECT c FROM sbtest5 WHERE id BETWEEN 925984 AND 926083
	Index Scan using sbtest5_pkey on sbtest5  (cost=0.43..407.81 rows=102 width=121)
	  Index Cond: ((id >= 925984) AND (id <= 926083))

table 6 : explain SELECT c FROM sbtest6 WHERE id BETWEEN 1824190 AND 1824289
	Index Scan using sbtest6_pkey on sbtest6  (cost=0.43..360.27 rows=90 width=121)
	  Index Cond: ((id >= 1824190) AND (id <= 1824289))

table 7 : explain SELECT c FROM sbtest7 WHERE id BETWEEN 9587136 AND 9587235
	Index Scan using sbtest7_pkey on sbtest7  (cost=0.43..387.61 rows=97 width=121)
	  Index Cond: ((id >= 9587136) AND (id <= 9587235))

table 8 : explain SELECT c FROM sbtest8 WHERE id BETWEEN 5236107 AND 5236206
	Index Scan using sbtest8_pkey on sbtest8  (cost=0.43..396.47 rows=99 width=121)
	  Index Cond: ((id >= 5236107) AND (id <= 5236206))

for: order_ranges
table 1 : explain SELECT c FROM sbtest1 WHERE id BETWEEN 2704645 AND 2704744 ORDER BY c
	Sort  (cost=372.30..372.53 rows=92 width=121)
	  Sort Key: c
	  ->  Index Scan using sbtest1_pkey on sbtest1  (cost=0.43..369.30 rows=92 width=121)
	        Index Cond: ((id >= 2704645) AND (id <= 2704744))

table 2 : explain SELECT c FROM sbtest2 WHERE id BETWEEN 3516680 AND 3516779 ORDER BY c
	Sort  (cost=403.22..403.47 rows=100 width=121)
	  Sort Key: c
	  ->  Index Scan using sbtest2_pkey on sbtest2  (cost=0.43..399.90 rows=100 width=121)
	        Index Cond: ((id >= 3516680) AND (id <= 3516779))

table 3 : explain SELECT c FROM sbtest3 WHERE id BETWEEN 4058398 AND 4058497 ORDER BY c
	Sort  (cost=424.03..424.29 rows=105 width=121)
	  Sort Key: c
	  ->  Index Scan using sbtest3_pkey on sbtest3  (cost=0.43..420.50 rows=105 width=121)
	        Index Cond: ((id >= 4058398) AND (id <= 4058497))

table 4 : explain SELECT c FROM sbtest4 WHERE id BETWEEN 6309595 AND 6309694 ORDER BY c
	Sort  (cost=383.96..384.20 rows=95 width=121)
	  Sort Key: c
	  ->  Index Scan using sbtest4_pkey on sbtest4  (cost=0.43..380.84 rows=95 width=121)
	        Index Cond: ((id >= 6309595) AND (id <= 6309694))

table 5 : explain SELECT c FROM sbtest5 WHERE id BETWEEN 4832505 AND 4832604 ORDER BY c
	Sort  (cost=387.24..387.48 rows=96 width=121)
	  Sort Key: c
	  ->  Index Scan using sbtest5_pkey on sbtest5  (cost=0.43..384.08 rows=96 width=121)
	        Index Cond: ((id >= 4832505) AND (id <= 4832604))

table 6 : explain SELECT c FROM sbtest6 WHERE id BETWEEN 1314185 AND 1314284 ORDER BY c
	Sort  (cost=411.12..411.37 rows=102 width=121)
	  Sort Key: c
	  ->  Index Scan using sbtest6_pkey on sbtest6  (cost=0.43..407.71 rows=102 width=121)
	        Index Cond: ((id >= 1314185) AND (id <= 1314284))

table 7 : explain SELECT c FROM sbtest7 WHERE id BETWEEN 4616203 AND 4616302 ORDER BY c
	Sort  (cost=402.79..403.04 rows=100 width=121)
	  Sort Key: c
	  ->  Index Scan using sbtest7_pkey on sbtest7  (cost=0.43..399.47 rows=100 width=121)
	        Index Cond: ((id >= 4616203) AND (id <= 4616302))

table 8 : explain SELECT c FROM sbtest8 WHERE id BETWEEN 8157803 AND 8157902 ORDER BY c
	Sort  (cost=395.74..395.98 rows=98 width=121)
	  Sort Key: c
	  ->  Index Scan using sbtest8_pkey on sbtest8  (cost=0.43..392.50 rows=98 width=121)
	        Index Cond: ((id >= 8157803) AND (id <= 8157902))

for: sum_ranges
table 1 : explain SELECT SUM(k) FROM sbtest1 WHERE id BETWEEN 9492697 AND 9492796
	Aggregate  (cost=385.40..385.41 rows=1 width=8)
	  ->  Index Scan using sbtest1_pkey on sbtest1  (cost=0.43..385.16 rows=96 width=4)
	        Index Cond: ((id >= 9492697) AND (id <= 9492796))

table 2 : explain SELECT SUM(k) FROM sbtest2 WHERE id BETWEEN 5402575 AND 5402674
	Aggregate  (cost=404.12..404.13 rows=1 width=8)
	  ->  Index Scan using sbtest2_pkey on sbtest2  (cost=0.43..403.87 rows=101 width=4)
	        Index Cond: ((id >= 5402575) AND (id <= 5402674))

table 3 : explain SELECT SUM(k) FROM sbtest3 WHERE id BETWEEN 6854435 AND 6854534
	Aggregate  (cost=393.00..393.01 rows=1 width=8)
	  ->  Index Scan using sbtest3_pkey on sbtest3  (cost=0.43..392.76 rows=98 width=4)
	        Index Cond: ((id >= 6854435) AND (id <= 6854534))

table 4 : explain SELECT SUM(k) FROM sbtest4 WHERE id BETWEEN 7270191 AND 7270290
	Aggregate  (cost=373.15..373.16 rows=1 width=8)
	  ->  Index Scan using sbtest4_pkey on sbtest4  (cost=0.43..372.92 rows=93 width=4)
	        Index Cond: ((id >= 7270191) AND (id <= 7270290))

table 5 : explain SELECT SUM(k) FROM sbtest5 WHERE id BETWEEN 5075680 AND 5075779
	Aggregate  (cost=415.98..415.99 rows=1 width=8)
	  ->  Index Scan using sbtest5_pkey on sbtest5  (cost=0.43..415.72 rows=104 width=4)
	        Index Cond: ((id >= 5075680) AND (id <= 5075779))

table 6 : explain SELECT SUM(k) FROM sbtest6 WHERE id BETWEEN 7652221 AND 7652320
	Aggregate  (cost=463.34..463.35 rows=1 width=8)
	  ->  Index Scan using sbtest6_pkey on sbtest6  (cost=0.43..463.05 rows=116 width=4)
	        Index Cond: ((id >= 7652221) AND (id <= 7652320))

table 7 : explain SELECT SUM(k) FROM sbtest7 WHERE id BETWEEN 8465288 AND 8465387
	Aggregate  (cost=403.67..403.68 rows=1 width=8)
	  ->  Index Scan using sbtest7_pkey on sbtest7  (cost=0.43..403.42 rows=101 width=4)
	        Index Cond: ((id >= 8465288) AND (id <= 8465387))

table 8 : explain SELECT SUM(k) FROM sbtest8 WHERE id BETWEEN 2125279 AND 2125378
	Aggregate  (cost=428.41..428.42 rows=1 width=8)
	  ->  Index Scan using sbtest8_pkey on sbtest8  (cost=0.43..428.14 rows=107 width=4)
	        Index Cond: ((id >= 2125279) AND (id <= 2125378))

for: sum_ranges
table 1 : explain SELECT SUM(k) FROM sbtest1 WHERE id BETWEEN 8480187 AND 8480286
	Aggregate  (cost=409.22..409.23 rows=1 width=8)
	  ->  Index Scan using sbtest1_pkey on sbtest1  (cost=0.43..408.96 rows=102 width=4)
	        Index Cond: ((id >= 8480187) AND (id <= 8480286))

table 2 : explain SELECT SUM(k) FROM sbtest2 WHERE id BETWEEN 587585 AND 587684
	Aggregate  (cost=392.23..392.24 rows=1 width=8)
	  ->  Index Scan using sbtest2_pkey on sbtest2  (cost=0.43..391.99 rows=98 width=4)
	        Index Cond: ((id >= 587585) AND (id <= 587684))

table 3 : explain SELECT SUM(k) FROM sbtest3 WHERE id BETWEEN 2732386 AND 2732485
	Aggregate  (cost=404.91..404.92 rows=1 width=8)
	  ->  Index Scan using sbtest3_pkey on sbtest3  (cost=0.43..404.65 rows=101 width=4)
	        Index Cond: ((id >= 2732386) AND (id <= 2732485))

table 4 : explain SELECT SUM(k) FROM sbtest4 WHERE id BETWEEN 373774 AND 373873
	Aggregate  (cost=412.81..412.82 rows=1 width=8)
	  ->  Index Scan using sbtest4_pkey on sbtest4  (cost=0.43..412.55 rows=103 width=4)
	        Index Cond: ((id >= 373774) AND (id <= 373873))

table 5 : explain SELECT SUM(k) FROM sbtest5 WHERE id BETWEEN 9954741 AND 9954840
	Aggregate  (cost=415.98..415.99 rows=1 width=8)
	  ->  Index Scan using sbtest5_pkey on sbtest5  (cost=0.43..415.72 rows=104 width=4)
	        Index Cond: ((id >= 9954741) AND (id <= 9954840))

table 6 : explain SELECT SUM(k) FROM sbtest6 WHERE id BETWEEN 9963228 AND 9963327
	Aggregate  (cost=407.97..407.98 rows=1 width=8)
	  ->  Index Scan using sbtest6_pkey on sbtest6  (cost=0.43..407.71 rows=102 width=4)
	        Index Cond: ((id >= 9963228) AND (id <= 9963327))

table 7 : explain SELECT SUM(k) FROM sbtest7 WHERE id BETWEEN 930294 AND 930393
	Aggregate  (cost=403.67..403.68 rows=1 width=8)
	  ->  Index Scan using sbtest7_pkey on sbtest7  (cost=0.43..403.42 rows=101 width=4)
	        Index Cond: ((id >= 930294) AND (id <= 930393))

table 8 : explain SELECT SUM(k) FROM sbtest8 WHERE id BETWEEN 1681773 AND 1681872
	Aggregate  (cost=412.57..412.58 rows=1 width=8)
	  ->  Index Scan using sbtest8_pkey on sbtest8  (cost=0.43..412.31 rows=103 width=4)
	        Index Cond: ((id >= 1681773) AND (id <= 1681872))

for: sum_ranges
table 1 : explain SELECT SUM(k) FROM sbtest1 WHERE id BETWEEN 9878579 AND 9878678
	Aggregate  (cost=381.43..381.44 rows=1 width=8)
	  ->  Index Scan using sbtest1_pkey on sbtest1  (cost=0.43..381.20 rows=95 width=4)
	        Index Cond: ((id >= 9878579) AND (id <= 9878678))

table 2 : explain SELECT SUM(k) FROM sbtest2 WHERE id BETWEEN 7234036 AND 7234135
	Aggregate  (cost=376.41..376.42 rows=1 width=8)
	  ->  Index Scan using sbtest2_pkey on sbtest2  (cost=0.43..376.17 rows=94 width=4)
	        Index Cond: ((id >= 7234036) AND (id <= 7234135))

table 3 : explain SELECT SUM(k) FROM sbtest3 WHERE id BETWEEN 5489673 AND 5489772
	Aggregate  (cost=404.91..404.92 rows=1 width=8)
	  ->  Index Scan using sbtest3_pkey on sbtest3  (cost=0.43..404.65 rows=101 width=4)
	        Index Cond: ((id >= 5489673) AND (id <= 5489772))

table 4 : explain SELECT SUM(k) FROM sbtest4 WHERE id BETWEEN 5089950 AND 5090049
	Aggregate  (cost=408.84..408.85 rows=1 width=8)
	  ->  Index Scan using sbtest4_pkey on sbtest4  (cost=0.43..408.59 rows=102 width=4)
	        Index Cond: ((id >= 5089950) AND (id <= 5090049))

table 5 : explain SELECT SUM(k) FROM sbtest5 WHERE id BETWEEN 5150989 AND 5151088
	Aggregate  (cost=423.89..423.90 rows=1 width=8)
	  ->  Index Scan using sbtest5_pkey on sbtest5  (cost=0.43..423.63 rows=106 width=4)
	        Index Cond: ((id >= 5150989) AND (id <= 5151088))

table 6 : explain SELECT SUM(k) FROM sbtest6 WHERE id BETWEEN 5465832 AND 5465931
	Aggregate  (cost=400.06..400.07 rows=1 width=8)
	  ->  Index Scan using sbtest6_pkey on sbtest6  (cost=0.43..399.81 rows=100 width=4)
	        Index Cond: ((id >= 5465832) AND (id <= 5465931))

table 7 : explain SELECT SUM(k) FROM sbtest7 WHERE id BETWEEN 394798 AND 394897
	Aggregate  (cost=427.38..427.39 rows=1 width=8)
	  ->  Index Scan using sbtest7_pkey on sbtest7  (cost=0.43..427.11 rows=107 width=4)
	        Index Cond: ((id >= 394798) AND (id <= 394897))

table 8 : explain SELECT SUM(k) FROM sbtest8 WHERE id BETWEEN 961244 AND 961343
	Aggregate  (cost=404.64..404.65 rows=1 width=8)
	  ->  Index Scan using sbtest8_pkey on sbtest8  (cost=0.43..404.39 rows=101 width=4)
	        Index Cond: ((id >= 961244) AND (id <= 961343))

for: order_ranges
table 1 : explain SELECT c FROM sbtest1 WHERE id BETWEEN 5255975 AND 5256074 ORDER BY c
	Sort  (cost=372.30..372.53 rows=92 width=121)
	  Sort Key: c
	  ->  Index Scan using sbtest1_pkey on sbtest1  (cost=0.43..369.30 rows=92 width=121)
	        Index Cond: ((id >= 5255975) AND (id <= 5256074))

table 2 : explain SELECT c FROM sbtest2 WHERE id BETWEEN 3007669 AND 3007768 ORDER BY c
	Sort  (cost=387.24..387.48 rows=96 width=121)
	  Sort Key: c
	  ->  Index Scan using sbtest2_pkey on sbtest2  (cost=0.43..384.08 rows=96 width=121)
	        Index Cond: ((id >= 3007669) AND (id <= 3007768))

table 3 : explain SELECT c FROM sbtest3 WHERE id BETWEEN 7643147 AND 7643246 ORDER BY c
	Sort  (cost=396.00..396.24 rows=98 width=121)
	  Sort Key: c
	  ->  Index Scan using sbtest3_pkey on sbtest3  (cost=0.43..392.76 rows=98 width=121)
	        Index Cond: ((id >= 7643147) AND (id <= 7643246))

table 4 : explain SELECT c FROM sbtest4 WHERE id BETWEEN 6444717 AND 6444816 ORDER BY c
	Sort  (cost=440.00..440.28 rows=109 width=121)
	  Sort Key: c
	  ->  Index Scan using sbtest4_pkey on sbtest4  (cost=0.43..436.32 rows=109 width=121)
	        Index Cond: ((id >= 6444717) AND (id <= 6444816))

table 5 : explain SELECT c FROM sbtest5 WHERE id BETWEEN 6401845 AND 6401944 ORDER BY c
	Sort  (cost=395.22..395.47 rows=98 width=121)
	  Sort Key: c
	  ->  Index Scan using sbtest5_pkey on sbtest5  (cost=0.43..391.98 rows=98 width=121)
	        Index Cond: ((id >= 6401845) AND (id <= 6401944))

table 6 : explain SELECT c FROM sbtest6 WHERE id BETWEEN 4533655 AND 4533754 ORDER BY c
	Sort  (cost=399.14..399.39 rows=99 width=121)
	  Sort Key: c
	  ->  Index Scan using sbtest6_pkey on sbtest6  (cost=0.43..395.86 rows=99 width=121)
	        Index Cond: ((id >= 4533655) AND (id <= 4533754))

table 7 : explain SELECT c FROM sbtest7 WHERE id BETWEEN 1902860 AND 1902959 ORDER BY c
	Sort  (cost=398.80..399.05 rows=99 width=121)
	  Sort Key: c
	  ->  Index Scan using sbtest7_pkey on sbtest7  (cost=0.43..395.52 rows=99 width=121)
	        Index Cond: ((id >= 1902860) AND (id <= 1902959))

table 8 : explain SELECT c FROM sbtest8 WHERE id BETWEEN 6340569 AND 6340668 ORDER BY c
	Sort  (cost=403.75..404.00 rows=100 width=121)
	  Sort Key: c
	  ->  Index Scan using sbtest8_pkey on sbtest8  (cost=0.43..400.43 rows=100 width=121)
	        Index Cond: ((id >= 6340569) AND (id <= 6340668))

for: order_ranges
table 1 : explain SELECT c FROM sbtest1 WHERE id BETWEEN 8170537 AND 8170636 ORDER BY c
	Sort  (cost=440.41..440.68 rows=109 width=121)
	  Sort Key: c
	  ->  Index Scan using sbtest1_pkey on sbtest1  (cost=0.43..436.72 rows=109 width=121)
	        Index Cond: ((id >= 8170537) AND (id <= 8170636))

table 2 : explain SELECT c FROM sbtest2 WHERE id BETWEEN 4268511 AND 4268610 ORDER BY c
	Sort  (cost=367.27..367.50 rows=91 width=121)
	  Sort Key: c
	  ->  Index Scan using sbtest2_pkey on sbtest2  (cost=0.43..364.31 rows=91 width=121)
	        Index Cond: ((id >= 4268511) AND (id <= 4268610))

table 3 : explain SELECT c FROM sbtest3 WHERE id BETWEEN 2756085 AND 2756184 ORDER BY c
	Sort  (cost=408.02..408.27 rows=101 width=121)
	  Sort Key: c
	  ->  Index Scan using sbtest3_pkey on sbtest3  (cost=0.43..404.65 rows=101 width=121)
	        Index Cond: ((id >= 2756085) AND (id <= 2756184))

table 4 : explain SELECT c FROM sbtest4 WHERE id BETWEEN 831816 AND 831915 ORDER BY c
	Sort  (cost=419.99..420.25 rows=104 width=121)
	  Sort Key: c
	  ->  Index Scan using sbtest4_pkey on sbtest4  (cost=0.43..416.51 rows=104 width=121)
	        Index Cond: ((id >= 831816) AND (id <= 831915))

table 5 : explain SELECT c FROM sbtest5 WHERE id BETWEEN 5664539 AND 5664638 ORDER BY c
	Sort  (cost=419.21..419.47 rows=104 width=121)
	  Sort Key: c
	  ->  Index Scan using sbtest5_pkey on sbtest5  (cost=0.43..415.72 rows=104 width=121)
	        Index Cond: ((id >= 5664539) AND (id <= 5664638))

table 6 : explain SELECT c FROM sbtest6 WHERE id BETWEEN 6772109 AND 6772208 ORDER BY c
	Sort  (cost=447.06..447.34 rows=111 width=121)
	  Sort Key: c
	  ->  Index Scan using sbtest6_pkey on sbtest6  (cost=0.43..443.29 rows=111 width=121)
	        Index Cond: ((id >= 6772109) AND (id <= 6772208))

table 7 : explain SELECT c FROM sbtest7 WHERE id BETWEEN 2946481 AND 2946580 ORDER BY c
	Sort  (cost=418.75..419.01 rows=104 width=121)
	  Sort Key: c
	  ->  Index Scan using sbtest7_pkey on sbtest7  (cost=0.43..415.27 rows=104 width=121)
	        Index Cond: ((id >= 2946481) AND (id <= 2946580))

table 8 : explain SELECT c FROM sbtest8 WHERE id BETWEEN 2464139 AND 2464238 ORDER BY c
	Sort  (cost=383.74..383.98 rows=95 width=121)
	  Sort Key: c
	  ->  Index Scan using sbtest8_pkey on sbtest8  (cost=0.43..380.62 rows=95 width=121)
	        Index Cond: ((id >= 2464139) AND (id <= 2464238))

for: order_ranges
table 1 : explain SELECT c FROM sbtest1 WHERE id BETWEEN 9877994 AND 9878093 ORDER BY c
	Sort  (cost=384.32..384.55 rows=95 width=121)
	  Sort Key: c
	  ->  Index Scan using sbtest1_pkey on sbtest1  (cost=0.43..381.20 rows=95 width=121)
	        Index Cond: ((id >= 9877994) AND (id <= 9878093))

table 2 : explain SELECT c FROM sbtest2 WHERE id BETWEEN 1065951 AND 1066050 ORDER BY c
	Sort  (cost=395.23..395.47 rows=98 width=121)
	  Sort Key: c
	  ->  Index Scan using sbtest2_pkey on sbtest2  (cost=0.43..391.99 rows=98 width=121)
	        Index Cond: ((id >= 1065951) AND (id <= 1066050))

table 3 : explain SELECT c FROM sbtest3 WHERE id BETWEEN 6292792 AND 6292891 ORDER BY c
	Sort  (cost=367.99..368.21 rows=91 width=121)
	  Sort Key: c
	  ->  Index Scan using sbtest3_pkey on sbtest3  (cost=0.43..365.02 rows=91 width=121)
	        Index Cond: ((id >= 6292792) AND (id <= 6292891))

table 4 : explain SELECT c FROM sbtest4 WHERE id BETWEEN 8228919 AND 8229018 ORDER BY c
	Sort  (cost=383.96..384.20 rows=95 width=121)
	  Sort Key: c
	  ->  Index Scan using sbtest4_pkey on sbtest4  (cost=0.43..380.84 rows=95 width=121)
	        Index Cond: ((id >= 8228919) AND (id <= 8229018))

table 5 : explain SELECT c FROM sbtest5 WHERE id BETWEEN 9570478 AND 9570577 ORDER BY c
	Sort  (cost=383.24..383.48 rows=95 width=121)
	  Sort Key: c
	  ->  Index Scan using sbtest5_pkey on sbtest5  (cost=0.43..380.12 rows=95 width=121)
	        Index Cond: ((id >= 9570478) AND (id <= 9570577))

table 6 : explain SELECT c FROM sbtest6 WHERE id BETWEEN 5669020 AND 5669119 ORDER BY c
	Sort  (cost=451.05..451.33 rows=112 width=121)
	  Sort Key: c
	  ->  Index Scan using sbtest6_pkey on sbtest6  (cost=0.43..447.24 rows=112 width=121)
	        Index Cond: ((id >= 5669020) AND (id <= 5669119))

table 7 : explain SELECT c FROM sbtest7 WHERE id BETWEEN 6390138 AND 6390237 ORDER BY c
	Sort  (cost=378.84..379.07 rows=94 width=121)
	  Sort Key: c
	  ->  Index Scan using sbtest7_pkey on sbtest7  (cost=0.43..375.76 rows=94 width=121)
	        Index Cond: ((id >= 6390138) AND (id <= 6390237))

table 8 : explain SELECT c FROM sbtest8 WHERE id BETWEEN 5772234 AND 5772333 ORDER BY c
	Sort  (cost=379.74..379.98 rows=94 width=121)
	  Sort Key: c
	  ->  Index Scan using sbtest8_pkey on sbtest8  (cost=0.43..376.66 rows=94 width=121)
	        Index Cond: ((id >= 5772234) AND (id <= 5772333))

for: distinct_ranges
table 1 : explain SELECT DISTINCT c FROM sbtest1 WHERE id BETWEEN 4189981 AND 4190080 ORDER BY c
	Unique  (cost=412.37..412.88 rows=102 width=121)
	  ->  Sort  (cost=412.37..412.62 rows=102 width=121)
	        Sort Key: c
	        ->  Index Scan using sbtest1_pkey on sbtest1  (cost=0.43..408.96 rows=102 width=121)
	              Index Cond: ((id >= 4189981) AND (id <= 4190080))

table 2 : explain SELECT DISTINCT c FROM sbtest2 WHERE id BETWEEN 3217893 AND 3217992 ORDER BY c
	Unique  (cost=423.21..423.73 rows=105 width=121)
	  ->  Sort  (cost=423.21..423.47 rows=105 width=121)
	        Sort Key: c
	        ->  Index Scan using sbtest2_pkey on sbtest2  (cost=0.43..419.68 rows=105 width=121)
	              Index Cond: ((id >= 3217893) AND (id <= 3217992))

table 3 : explain SELECT DISTINCT c FROM sbtest3 WHERE id BETWEEN 3686077 AND 3686176 ORDER BY c
	Unique  (cost=392.00..392.48 rows=97 width=121)
	  ->  Sort  (cost=392.00..392.24 rows=97 width=121)
	        Sort Key: c
	        ->  Index Scan using sbtest3_pkey on sbtest3  (cost=0.43..388.79 rows=97 width=121)
	              Index Cond: ((id >= 3686077) AND (id <= 3686176))

table 4 : explain SELECT DISTINCT c FROM sbtest4 WHERE id BETWEEN 2717389 AND 2717488 ORDER BY c
	Unique  (cost=383.96..384.44 rows=95 width=121)
	  ->  Sort  (cost=383.96..384.20 rows=95 width=121)
	        Sort Key: c
	        ->  Index Scan using sbtest4_pkey on sbtest4  (cost=0.43..380.84 rows=95 width=121)
	              Index Cond: ((id >= 2717389) AND (id <= 2717488))

table 5 : explain SELECT DISTINCT c FROM sbtest5 WHERE id BETWEEN 760363 AND 760462 ORDER BY c
	Unique  (cost=407.22..407.73 rows=101 width=121)
	  ->  Sort  (cost=407.22..407.48 rows=101 width=121)
	        Sort Key: c
	        ->  Index Scan using sbtest5_pkey on sbtest5  (cost=0.43..403.86 rows=101 width=121)
	              Index Cond: ((id >= 760363) AND (id <= 760462))

table 6 : explain SELECT DISTINCT c FROM sbtest6 WHERE id BETWEEN 9928675 AND 9928774 ORDER BY c
	Unique  (cost=411.12..411.63 rows=102 width=121)
	  ->  Sort  (cost=411.12..411.37 rows=102 width=121)
	        Sort Key: c
	        ->  Index Scan using sbtest6_pkey on sbtest6  (cost=0.43..407.71 rows=102 width=121)
	              Index Cond: ((id >= 9928675) AND (id <= 9928774))

table 7 : explain SELECT DISTINCT c FROM sbtest7 WHERE id BETWEEN 1973216 AND 1973315 ORDER BY c
	Unique  (cost=406.78..407.29 rows=101 width=121)
	  ->  Sort  (cost=406.78..407.03 rows=101 width=121)
	        Sort Key: c
	        ->  Index Scan using sbtest7_pkey on sbtest7  (cost=0.43..403.42 rows=101 width=121)
	              Index Cond: ((id >= 1973216) AND (id <= 1973315))

table 8 : explain SELECT DISTINCT c FROM sbtest8 WHERE id BETWEEN 4749055 AND 4749154 ORDER BY c
	Unique  (cost=391.74..392.23 rows=97 width=121)
	  ->  Sort  (cost=391.74..391.98 rows=97 width=121)
	        Sort Key: c
	        ->  Index Scan using sbtest8_pkey on sbtest8  (cost=0.43..388.54 rows=97 width=121)
	              Index Cond: ((id >= 4749055) AND (id <= 4749154))

for: distinct_ranges
table 1 : explain SELECT DISTINCT c FROM sbtest1 WHERE id BETWEEN 9375868 AND 9375967 ORDER BY c
	Unique  (cost=440.41..440.95 rows=109 width=121)
	  ->  Sort  (cost=440.41..440.68 rows=109 width=121)
	        Sort Key: c
	        ->  Index Scan using sbtest1_pkey on sbtest1  (cost=0.43..436.72 rows=109 width=121)
	              Index Cond: ((id >= 9375868) AND (id <= 9375967))

table 2 : explain SELECT DISTINCT c FROM sbtest2 WHERE id BETWEEN 999578 AND 999677 ORDER BY c
	Unique  (cost=403.22..403.72 rows=100 width=121)
	  ->  Sort  (cost=403.22..403.47 rows=100 width=121)
	        Sort Key: c
	        ->  Index Scan using sbtest2_pkey on sbtest2  (cost=0.43..399.90 rows=100 width=121)
	              Index Cond: ((id >= 999578) AND (id <= 999677))

table 3 : explain SELECT DISTINCT c FROM sbtest3 WHERE id BETWEEN 4862733 AND 4862832 ORDER BY c
	Unique  (cost=432.03..432.57 rows=107 width=121)
	  ->  Sort  (cost=432.03..432.30 rows=107 width=121)
	        Sort Key: c
	        ->  Index Scan using sbtest3_pkey on sbtest3  (cost=0.43..428.42 rows=107 width=121)
	              Index Cond: ((id >= 4862733) AND (id <= 4862832))

table 4 : explain SELECT DISTINCT c FROM sbtest4 WHERE id BETWEEN 5191006 AND 5191105 ORDER BY c
	Unique  (cost=403.99..404.49 rows=100 width=121)
	  ->  Sort  (cost=403.99..404.24 rows=100 width=121)
	        Sort Key: c
	        ->  Index Scan using sbtest4_pkey on sbtest4  (cost=0.43..400.66 rows=100 width=121)
	              Index Cond: ((id >= 5191006) AND (id <= 5191105))

table 5 : explain SELECT DISTINCT c FROM sbtest5 WHERE id BETWEEN 8634048 AND 8634147 ORDER BY c
	Unique  (cost=443.17..443.72 rows=110 width=121)
	  ->  Sort  (cost=443.17..443.45 rows=110 width=121)
	        Sort Key: c
	        ->  Index Scan using sbtest5_pkey on sbtest5  (cost=0.43..439.44 rows=110 width=121)
	              Index Cond: ((id >= 8634048) AND (id <= 8634147))

table 6 : explain SELECT DISTINCT c FROM sbtest6 WHERE id BETWEEN 4236453 AND 4236552 ORDER BY c
	Unique  (cost=395.13..395.62 rows=98 width=121)
	  ->  Sort  (cost=395.13..395.37 rows=98 width=121)
	        Sort Key: c
	        ->  Index Scan using sbtest6_pkey on sbtest6  (cost=0.43..391.89 rows=98 width=121)
	              Index Cond: ((id >= 4236453) AND (id <= 4236552))

table 7 : explain SELECT DISTINCT c FROM sbtest7 WHERE id BETWEEN 1429413 AND 1429512 ORDER BY c
	Unique  (cost=386.82..387.30 rows=96 width=121)
	  ->  Sort  (cost=386.82..387.06 rows=96 width=121)
	        Sort Key: c
	        ->  Index Scan using sbtest7_pkey on sbtest7  (cost=0.43..383.66 rows=96 width=121)
	              Index Cond: ((id >= 1429413) AND (id <= 1429512))

table 8 : explain SELECT DISTINCT c FROM sbtest8 WHERE id BETWEEN 9039910 AND 9040009 ORDER BY c
	Unique  (cost=407.75..408.26 rows=101 width=121)
	  ->  Sort  (cost=407.75..408.00 rows=101 width=121)
	        Sort Key: c
	        ->  Index Scan using sbtest8_pkey on sbtest8  (cost=0.43..404.39 rows=101 width=121)
	              Index Cond: ((id >= 9039910) AND (id <= 9040009))

explain: for point_selects :: explain SELECT c FROM sbtest%u WHERE id=%u
for: distinct_ranges
table 1 : explain SELECT DISTINCT c FROM sbtest1 WHERE id BETWEEN 7759691 AND 7759790 ORDER BY c
	Unique  (cost=368.30..368.75 rows=91 width=121)
	  ->  Sort  (cost=368.30..368.52 rows=91 width=121)
	        Sort Key: c
	        ->  Index Scan using sbtest1_pkey on sbtest1  (cost=0.43..365.34 rows=91 width=121)
	              Index Cond: ((id >= 7759691) AND (id <= 7759790))

table 2 : explain SELECT DISTINCT c FROM sbtest2 WHERE id BETWEEN 1645943 AND 1646042 ORDER BY c
	Unique  (cost=395.23..395.72 rows=98 width=121)
	  ->  Sort  (cost=395.23..395.47 rows=98 width=121)
	        Sort Key: c
	        ->  Index Scan using sbtest2_pkey on sbtest2  (cost=0.43..391.99 rows=98 width=121)
	              Index Cond: ((id >= 1645943) AND (id <= 1646042))

table 3 : explain SELECT DISTINCT c FROM sbtest3 WHERE id BETWEEN 689415 AND 689514 ORDER BY c
	Unique  (cost=396.00..396.49 rows=98 width=121)
	  ->  Sort  (cost=396.00..396.24 rows=98 width=121)
	        Sort Key: c
	        ->  Index Scan using sbtest3_pkey on sbtest3  (cost=0.43..392.76 rows=98 width=121)
	              Index Cond: ((id >= 689415) AND (id <= 689514))

table 4 : explain SELECT DISTINCT c FROM sbtest4 WHERE id BETWEEN 7125455 AND 7125554 ORDER BY c
	Unique  (cost=387.96..388.44 rows=96 width=121)
	  ->  Sort  (cost=387.96..388.20 rows=96 width=121)
	        Sort Key: c
	        ->  Index Scan using sbtest4_pkey on sbtest4  (cost=0.43..384.80 rows=96 width=121)
	              Index Cond: ((id >= 7125455) AND (id <= 7125554))

table 5 : explain SELECT DISTINCT c FROM sbtest5 WHERE id BETWEEN 7997023 AND 7997122 ORDER BY c
	Unique  (cost=403.23..403.73 rows=100 width=121)
	  ->  Sort  (cost=403.23..403.48 rows=100 width=121)
	        Sort Key: c
	        ->  Index Scan using sbtest5_pkey on sbtest5  (cost=0.43..399.91 rows=100 width=121)
	              Index Cond: ((id >= 7997023) AND (id <= 7997122))

table 6 : explain SELECT DISTINCT c FROM sbtest6 WHERE id BETWEEN 7024146 AND 7024245 ORDER BY c
	Unique  (cost=359.20..359.64 rows=89 width=121)
	  ->  Sort  (cost=359.20..359.42 rows=89 width=121)
	        Sort Key: c
	        ->  Index Scan using sbtest6_pkey on sbtest6  (cost=0.43..356.31 rows=89 width=121)
	              Index Cond: ((id >= 7024146) AND (id <= 7024245))

table 7 : explain SELECT DISTINCT c FROM sbtest7 WHERE id BETWEEN 6371167 AND 6371266 ORDER BY c
	Unique  (cost=378.84..379.31 rows=94 width=121)
	  ->  Sort  (cost=378.84..379.07 rows=94 width=121)
	        Sort Key: c
	        ->  Index Scan using sbtest7_pkey on sbtest7  (cost=0.43..375.76 rows=94 width=121)
	              Index Cond: ((id >= 6371167) AND (id <= 6371266))

table 8 : explain SELECT DISTINCT c FROM sbtest8 WHERE id BETWEEN 4010174 AND 4010273 ORDER BY c
	Unique  (cost=419.75..420.27 rows=104 width=121)
	  ->  Sort  (cost=419.75..420.01 rows=104 width=121)
	        Sort Key: c
	        ->  Index Scan using sbtest8_pkey on sbtest8  (cost=0.43..416.27 rows=104 width=121)
	              Index Cond: ((id >= 4010174) AND (id <= 4010273))

explain: for point_selects :: explain SELECT c FROM sbtest%u WHERE id=%u
for: distinct_ranges
table 1 : explain SELECT DISTINCT c FROM sbtest1 WHERE id BETWEEN 9314274 AND 9314373 ORDER BY c
	Unique  (cost=440.41..440.95 rows=109 width=121)
	  ->  Sort  (cost=440.41..440.68 rows=109 width=121)
	        Sort Key: c
	        ->  Index Scan using sbtest1_pkey on sbtest1  (cost=0.43..436.72 rows=109 width=121)
	              Index Cond: ((id >= 9314274) AND (id <= 9314373))

table 2 : explain SELECT DISTINCT c FROM sbtest2 WHERE id BETWEEN 7486122 AND 7486221 ORDER BY c
	Unique  (cost=411.22..411.73 rows=102 width=121)
	  ->  Sort  (cost=411.22..411.48 rows=102 width=121)
	        Sort Key: c
	        ->  Index Scan using sbtest2_pkey on sbtest2  (cost=0.43..407.82 rows=102 width=121)
	              Index Cond: ((id >= 7486122) AND (id <= 7486221))

table 3 : explain SELECT DISTINCT c FROM sbtest3 WHERE id BETWEEN 8503188 AND 8503287 ORDER BY c
	Unique  (cost=416.02..416.54 rows=103 width=121)
	  ->  Sort  (cost=416.02..416.28 rows=103 width=121)
	        Sort Key: c
	        ->  Index Scan using sbtest3_pkey on sbtest3  (cost=0.43..412.58 rows=103 width=121)
	              Index Cond: ((id >= 8503188) AND (id <= 8503287))

table 4 : explain SELECT DISTINCT c FROM sbtest4 WHERE id BETWEEN 4197515 AND 4197614 ORDER BY c
	Unique  (cost=407.99..408.49 rows=101 width=121)
	  ->  Sort  (cost=407.99..408.24 rows=101 width=121)
	        Sort Key: c
	        ->  Index Scan using sbtest4_pkey on sbtest4  (cost=0.43..404.63 rows=101 width=121)
	              Index Cond: ((id >= 4197515) AND (id <= 4197614))

table 5 : explain SELECT DISTINCT c FROM sbtest5 WHERE id BETWEEN 1882778 AND 1882877 ORDER BY c
	Unique  (cost=415.21..415.73 rows=103 width=121)
	  ->  Sort  (cost=415.21..415.47 rows=103 width=121)
	        Sort Key: c
	        ->  Index Scan using sbtest5_pkey on sbtest5  (cost=0.43..411.77 rows=103 width=121)
	              Index Cond: ((id >= 1882778) AND (id <= 1882877))

table 6 : explain SELECT DISTINCT c FROM sbtest6 WHERE id BETWEEN 5048385 AND 5048484 ORDER BY c
	Unique  (cost=371.17..371.63 rows=92 width=121)
	  ->  Sort  (cost=371.17..371.40 rows=92 width=121)
	        Sort Key: c
	        ->  Index Scan using sbtest6_pkey on sbtest6  (cost=0.43..368.17 rows=92 width=121)
	              Index Cond: ((id >= 5048385) AND (id <= 5048484))

table 7 : explain SELECT DISTINCT c FROM sbtest7 WHERE id BETWEEN 3305337 AND 3305436 ORDER BY c
	Unique  (cost=378.84..379.31 rows=94 width=121)
	  ->  Sort  (cost=378.84..379.07 rows=94 width=121)
	        Sort Key: c
	        ->  Index Scan using sbtest7_pkey on sbtest7  (cost=0.43..375.76 rows=94 width=121)
	              Index Cond: ((id >= 3305337) AND (id <= 3305436))

table 8 : explain SELECT DISTINCT c FROM sbtest8 WHERE id BETWEEN 1189396 AND 1189495 ORDER BY c
	Unique  (cost=443.75..444.30 rows=110 width=121)
	  ->  Sort  (cost=443.75..444.02 rows=110 width=121)
	        Sort Key: c
	        ->  Index Scan using sbtest8_pkey on sbtest8  (cost=0.43..440.02 rows=110 width=121)
	              Index Cond: ((id >= 1189396) AND (id <= 1189495))

explain: for point_selects :: explain SELECT c FROM sbtest%u WHERE id=%u
for point_selects
table 1 : explain SELECT c FROM sbtest1 WHERE id=5258848
	Index Scan using sbtest1_pkey on sbtest1  (cost=0.43..8.45 rows=1 width=121)
	  Index Cond: (id = 5258848)

table 2 : explain SELECT c FROM sbtest2 WHERE id=4023121
	Index Scan using sbtest2_pkey on sbtest2  (cost=0.43..8.45 rows=1 width=121)
	  Index Cond: (id = 4023121)

table 3 : explain SELECT c FROM sbtest3 WHERE id=765583
	Index Scan using sbtest3_pkey on sbtest3  (cost=0.43..8.45 rows=1 width=121)
	  Index Cond: (id = 765583)

table 4 : explain SELECT c FROM sbtest4 WHERE id=4695578
	Index Scan using sbtest4_pkey on sbtest4  (cost=0.43..8.45 rows=1 width=121)
	  Index Cond: (id = 4695578)

table 5 : explain SELECT c FROM sbtest5 WHERE id=8805471
	Index Scan using sbtest5_pkey on sbtest5  (cost=0.43..8.45 rows=1 width=121)
	  Index Cond: (id = 8805471)

table 6 : explain SELECT c FROM sbtest6 WHERE id=6209557
	Index Scan using sbtest6_pkey on sbtest6  (cost=0.43..8.45 rows=1 width=121)
	  Index Cond: (id = 6209557)

table 7 : explain SELECT c FROM sbtest7 WHERE id=2280372
	Index Scan using sbtest7_pkey on sbtest7  (cost=0.43..8.45 rows=1 width=121)
	  Index Cond: (id = 2280372)

table 8 : explain SELECT c FROM sbtest8 WHERE id=6532408
	Index Scan using sbtest8_pkey on sbtest8  (cost=0.43..8.45 rows=1 width=121)
	  Index Cond: (id = 6532408)

for point_selects
table 1 : explain SELECT c FROM sbtest1 WHERE id=6947142
	Index Scan using sbtest1_pkey on sbtest1  (cost=0.43..8.45 rows=1 width=121)
	  Index Cond: (id = 6947142)

table 2 : explain SELECT c FROM sbtest2 WHERE id=585014
	Index Scan using sbtest2_pkey on sbtest2  (cost=0.43..8.45 rows=1 width=121)
	  Index Cond: (id = 585014)

table 3 : explain SELECT c FROM sbtest3 WHERE id=857416
	Index Scan using sbtest3_pkey on sbtest3  (cost=0.43..8.45 rows=1 width=121)
	  Index Cond: (id = 857416)

table 4 : explain SELECT c FROM sbtest4 WHERE id=3550723
	Index Scan using sbtest4_pkey on sbtest4  (cost=0.43..8.45 rows=1 width=121)
	  Index Cond: (id = 3550723)

table 5 : explain SELECT c FROM sbtest5 WHERE id=2569410
	Index Scan using sbtest5_pkey on sbtest5  (cost=0.43..8.45 rows=1 width=121)
	  Index Cond: (id = 2569410)

table 6 : explain SELECT c FROM sbtest6 WHERE id=6677975
	Index Scan using sbtest6_pkey on sbtest6  (cost=0.43..8.45 rows=1 width=121)
	  Index Cond: (id = 6677975)

table 7 : explain SELECT c FROM sbtest7 WHERE id=30805
	Index Scan using sbtest7_pkey on sbtest7  (cost=0.43..8.45 rows=1 width=121)
	  Index Cond: (id = 30805)

table 8 : explain SELECT c FROM sbtest8 WHERE id=9246230
	Index Scan using sbtest8_pkey on sbtest8  (cost=0.43..8.45 rows=1 width=121)
	  Index Cond: (id = 9246230)

explain: for point_selects :: explain SELECT c FROM sbtest%u WHERE id=%u
explain: for point_selects :: explain SELECT c FROM sbtest%u WHERE id=%u
explain: for point_selects :: explain SELECT c FROM sbtest%u WHERE id=%u
for: simple_ranges
table 1 : explain SELECT c FROM sbtest1 WHERE id BETWEEN 4245284 AND 4245383
	Index Scan using sbtest1_pkey on sbtest1  (cost=0.43..408.96 rows=102 width=121)
	  Index Cond: ((id >= 4245284) AND (id <= 4245383))

table 2 : explain SELECT c FROM sbtest2 WHERE id BETWEEN 148305 AND 148404
	Index Scan using sbtest2_pkey on sbtest2  (cost=0.43..388.03 rows=97 width=121)
	  Index Cond: ((id >= 148305) AND (id <= 148404))

table 3 : explain SELECT c FROM sbtest3 WHERE id BETWEEN 733836 AND 733935
	Index Scan using sbtest3_pkey on sbtest3  (cost=0.43..464.08 rows=116 width=121)
	  Index Cond: ((id >= 733836) AND (id <= 733935))

table 4 : explain SELECT c FROM sbtest4 WHERE id BETWEEN 9854738 AND 9854837
	Index Scan using sbtest4_pkey on sbtest4  (cost=0.43..408.59 rows=102 width=121)
	  Index Cond: ((id >= 9854738) AND (id <= 9854837))

table 5 : explain SELECT c FROM sbtest5 WHERE id BETWEEN 2539826 AND 2539925
	Index Scan using sbtest5_pkey on sbtest5  (cost=0.43..419.68 rows=105 width=121)
	  Index Cond: ((id >= 2539826) AND (id <= 2539925))

table 6 : explain SELECT c FROM sbtest6 WHERE id BETWEEN 4421155 AND 4421254
	Index Scan using sbtest6_pkey on sbtest6  (cost=0.43..380.03 rows=95 width=121)
	  Index Cond: ((id >= 4421155) AND (id <= 4421254))

table 7 : explain SELECT c FROM sbtest7 WHERE id BETWEEN 7971206 AND 7971305
	Index Scan using sbtest7_pkey on sbtest7  (cost=0.43..375.76 rows=94 width=121)
	  Index Cond: ((id >= 7971206) AND (id <= 7971305))

table 8 : explain SELECT c FROM sbtest8 WHERE id BETWEEN 6318737 AND 6318836
	Index Scan using sbtest8_pkey on sbtest8  (cost=0.43..400.43 rows=100 width=121)
	  Index Cond: ((id >= 6318737) AND (id <= 6318836))

for point_selects
table 1 : explain SELECT c FROM sbtest1 WHERE id=7341424
	Index Scan using sbtest1_pkey on sbtest1  (cost=0.43..8.45 rows=1 width=121)
	  Index Cond: (id = 7341424)

table 2 : explain SELECT c FROM sbtest2 WHERE id=1216610
	Index Scan using sbtest2_pkey on sbtest2  (cost=0.43..8.45 rows=1 width=121)
	  Index Cond: (id = 1216610)

table 3 : explain SELECT c FROM sbtest3 WHERE id=101090
	Index Scan using sbtest3_pkey on sbtest3  (cost=0.43..8.45 rows=1 width=121)
	  Index Cond: (id = 101090)

table 4 : explain SELECT c FROM sbtest4 WHERE id=8980090
	Index Scan using sbtest4_pkey on sbtest4  (cost=0.43..8.45 rows=1 width=121)
	  Index Cond: (id = 8980090)

table 5 : explain SELECT c FROM sbtest5 WHERE id=5763319
	Index Scan using sbtest5_pkey on sbtest5  (cost=0.43..8.45 rows=1 width=121)
	  Index Cond: (id = 5763319)

table 6 : explain SELECT c FROM sbtest6 WHERE id=5291832
	Index Scan using sbtest6_pkey on sbtest6  (cost=0.43..8.45 rows=1 width=121)
	  Index Cond: (id = 5291832)

table 7 : explain SELECT c FROM sbtest7 WHERE id=8075556
	Index Scan using sbtest7_pkey on sbtest7  (cost=0.43..8.45 rows=1 width=121)
	  Index Cond: (id = 8075556)

table 8 : explain SELECT c FROM sbtest8 WHERE id=7420089
	Index Scan using sbtest8_pkey on sbtest8  (cost=0.43..8.45 rows=1 width=121)
	  Index Cond: (id = 7420089)
for: simple_ranges
table 1 : explain SELECT c FROM sbtest1 WHERE id BETWEEN 7959072 AND 7959171
	Index Scan using sbtest1_pkey on sbtest1  (cost=0.43..416.89 rows=104 width=121)
	  Index Cond: ((id >= 7959072) AND (id <= 7959171))

table 2 : explain SELECT c FROM sbtest2 WHERE id BETWEEN 240236 AND 240335
	Index Scan using sbtest2_pkey on sbtest2  (cost=0.43..395.94 rows=99 width=121)
	  Index Cond: ((id >= 240236) AND (id <= 240335))

table 3 : explain SELECT c FROM sbtest3 WHERE id BETWEEN 8393538 AND 8393637
	Index Scan using sbtest3_pkey on sbtest3  (cost=0.43..416.54 rows=104 width=121)
	  Index Cond: ((id >= 8393538) AND (id <= 8393637))

table 4 : explain SELECT c FROM sbtest4 WHERE id BETWEEN 1952326 AND 1952425
	Index Scan using sbtest4_pkey on sbtest4  (cost=0.43..404.63 rows=101 width=121)
	  Index Cond: ((id >= 1952326) AND (id <= 1952425))

table 5 : explain SELECT c FROM sbtest5 WHERE id BETWEEN 6674881 AND 6674980
	Index Scan using sbtest5_pkey on sbtest5  (cost=0.43..399.91 rows=100 width=121)
	  Index Cond: ((id >= 6674881) AND (id <= 6674980))

table 6 : explain SELECT c FROM sbtest6 WHERE id BETWEEN 5640230 AND 5640329
	Index Scan using sbtest6_pkey on sbtest6  (cost=0.43..447.24 rows=112 width=121)
	  Index Cond: ((id >= 5640230) AND (id <= 5640329))

table 7 : explain SELECT c FROM sbtest7 WHERE id BETWEEN 1312744 AND 1312843
	Index Scan using sbtest7_pkey on sbtest7  (cost=0.43..387.61 rows=97 width=121)
	  Index Cond: ((id >= 1312744) AND (id <= 1312843))

table 8 : explain SELECT c FROM sbtest8 WHERE id BETWEEN 9283590 AND 9283689
	Index Scan using sbtest8_pkey on sbtest8  (cost=0.43..341.03 rows=85 width=121)
	  Index Cond: ((id >= 9283590) AND (id <= 9283689))


explain: for point_selects :: explain SELECT c FROM sbtest%u WHERE id=%u
for: simple_ranges
table 1 : explain SELECT c FROM sbtest1 WHERE id BETWEEN 6630872 AND 6630971
	Index Scan using sbtest1_pkey on sbtest1  (cost=0.43..428.79 rows=107 width=121)
	  Index Cond: ((id >= 6630872) AND (id <= 6630971))

table 2 : explain SELECT c FROM sbtest2 WHERE id BETWEEN 2531431 AND 2531530
	Index Scan using sbtest2_pkey on sbtest2  (cost=0.43..380.13 rows=95 width=121)
	  Index Cond: ((id >= 2531431) AND (id <= 2531530))

table 3 : explain SELECT c FROM sbtest3 WHERE id BETWEEN 1914402 AND 1914501
	Index Scan using sbtest3_pkey on sbtest3  (cost=0.43..388.79 rows=97 width=121)
	  Index Cond: ((id >= 1914402) AND (id <= 1914501))

table 4 : explain SELECT c FROM sbtest4 WHERE id BETWEEN 4079 AND 4178
	Index Scan using sbtest4_pkey on sbtest4  (cost=0.43..349.15 rows=87 width=121)
	  Index Cond: ((id >= 4079) AND (id <= 4178))

table 5 : explain SELECT c FROM sbtest5 WHERE id BETWEEN 2169619 AND 2169718
	Index Scan using sbtest5_pkey on sbtest5  (cost=0.43..376.17 rows=94 width=121)
	  Index Cond: ((id >= 2169619) AND (id <= 2169718))

table 6 : explain SELECT c FROM sbtest6 WHERE id BETWEEN 6032084 AND 6032183
	Index Scan using sbtest6_pkey on sbtest6  (cost=0.43..391.89 rows=98 width=121)
	  Index Cond: ((id >= 6032084) AND (id <= 6032183))

table 7 : explain SELECT c FROM sbtest7 WHERE id BETWEEN 5128694 AND 5128793
	Index Scan using sbtest7_pkey on sbtest7  (cost=0.43..391.55 rows=98 width=121)
	  Index Cond: ((id >= 5128694) AND (id <= 5128793))

table 8 : explain SELECT c FROM sbtest8 WHERE id BETWEEN 130240 AND 130339
	Index Scan using sbtest8_pkey on sbtest8  (cost=0.43..368.74 rows=92 width=121)
	  Index Cond: ((id >= 130240) AND (id <= 130339))

for: sum_ranges
table 1 : explain SELECT SUM(k) FROM sbtest1 WHERE id BETWEEN 23555 AND 23654
	Aggregate  (cost=409.21..409.22 rows=1 width=8)
	  ->  Index Scan using sbtest1_pkey on sbtest1  (cost=0.43..408.95 rows=102 width=4)
	        Index Cond: ((id >= 23555) AND (id <= 23654))

table 2 : explain SELECT SUM(k) FROM sbtest2 WHERE id BETWEEN 5115133 AND 5115232
	Aggregate  (cost=380.36..380.37 rows=1 width=8)
	  ->  Index Scan using sbtest2_pkey on sbtest2  (cost=0.43..380.13 rows=95 width=4)
	        Index Cond: ((id >= 5115133) AND (id <= 5115232))

table 3 : explain SELECT SUM(k) FROM sbtest3 WHERE id BETWEEN 1963158 AND 1963257
	Aggregate  (cost=424.73..424.74 rows=1 width=8)
	  ->  Index Scan using sbtest3_pkey on sbtest3  (cost=0.43..424.46 rows=106 width=4)
	        Index Cond: ((id >= 1963158) AND (id <= 1963257))

table 4 : explain SELECT SUM(k) FROM sbtest4 WHERE id BETWEEN 8350053 AND 8350152
	Aggregate  (cost=389.01..389.02 rows=1 width=8)
	  ->  Index Scan using sbtest4_pkey on sbtest4  (cost=0.43..388.77 rows=97 width=4)
	        Index Cond: ((id >= 8350053) AND (id <= 8350152))

table 5 : explain SELECT SUM(k) FROM sbtest5 WHERE id BETWEEN 3137512 AND 3137611
	Aggregate  (cost=360.58..360.59 rows=1 width=8)
	  ->  Index Scan using sbtest5_pkey on sbtest5  (cost=0.43..360.36 rows=90 width=4)
	        Index Cond: ((id >= 3137512) AND (id <= 3137611))

table 6 : explain SELECT SUM(k) FROM sbtest6 WHERE id BETWEEN 6143176 AND 6143275
	Aggregate  (cost=388.18..388.19 rows=1 width=8)
	  ->  Index Scan using sbtest6_pkey on sbtest6  (cost=0.43..387.93 rows=97 width=4)
	        Index Cond: ((id >= 6143176) AND (id <= 6143275))

table 7 : explain SELECT SUM(k) FROM sbtest7 WHERE id BETWEEN 898025 AND 898124
	Aggregate  (cost=403.67..403.68 rows=1 width=8)
	  ->  Index Scan using sbtest7_pkey on sbtest7  (cost=0.43..403.42 rows=101 width=4)
	        Index Cond: ((id >= 898025) AND (id <= 898124))

table 8 : explain SELECT SUM(k) FROM sbtest8 WHERE id BETWEEN 7213870 AND 7213969
	Aggregate  (cost=384.82..384.83 rows=1 width=8)
	  ->  Index Scan using sbtest8_pkey on sbtest8  (cost=0.43..384.58 rows=96 width=4)
	        Index Cond: ((id >= 7213870) AND (id <= 7213969))

for: sum_ranges
table 1 : explain SELECT SUM(k) FROM sbtest1 WHERE id BETWEEN 9079272 AND 9079371
	Aggregate  (cost=369.53..369.54 rows=1 width=8)
	  ->  Index Scan using sbtest1_pkey on sbtest1  (cost=0.43..369.30 rows=92 width=4)
	        Index Cond: ((id >= 9079272) AND (id <= 9079371))

table 2 : explain SELECT SUM(k) FROM sbtest2 WHERE id BETWEEN 4025264 AND 4025363
	Aggregate  (cost=400.15..400.16 rows=1 width=8)
	  ->  Index Scan using sbtest2_pkey on sbtest2  (cost=0.43..399.90 rows=100 width=4)
	        Index Cond: ((id >= 4025264) AND (id <= 4025363))

table 3 : explain SELECT SUM(k) FROM sbtest3 WHERE id BETWEEN 8929936 AND 8930035
	Aggregate  (cost=404.91..404.92 rows=1 width=8)
	  ->  Index Scan using sbtest3_pkey on sbtest3  (cost=0.43..404.65 rows=101 width=4)
	        Index Cond: ((id >= 8929936) AND (id <= 8930035))

table 4 : explain SELECT SUM(k) FROM sbtest4 WHERE id BETWEEN 255054 AND 255153
	Aggregate  (cost=377.12..377.13 rows=1 width=8)
	  ->  Index Scan using sbtest4_pkey on sbtest4  (cost=0.43..376.88 rows=94 width=4)
	        Index Cond: ((id >= 255054) AND (id <= 255153))

table 5 : explain SELECT SUM(k) FROM sbtest5 WHERE id BETWEEN 6491511 AND 6491610
	Aggregate  (cost=408.07..408.08 rows=1 width=8)
	  ->  Index Scan using sbtest5_pkey on sbtest5  (cost=0.43..407.81 rows=102 width=4)
	        Index Cond: ((id >= 6491511) AND (id <= 6491610))

table 6 : explain SELECT SUM(k) FROM sbtest6 WHERE id BETWEEN 8942787 AND 8942886
	Aggregate  (cost=388.18..388.19 rows=1 width=8)
	  ->  Index Scan using sbtest6_pkey on sbtest6  (cost=0.43..387.93 rows=97 width=4)
	        Index Cond: ((id >= 8942787) AND (id <= 8942886))

table 7 : explain SELECT SUM(k) FROM sbtest7 WHERE id BETWEEN 3423421 AND 3423520
	Aggregate  (cost=368.09..368.10 rows=1 width=8)
	  ->  Index Scan using sbtest7_pkey on sbtest7  (cost=0.43..367.86 rows=92 width=4)
	        Index Cond: ((id >= 3423421) AND (id <= 3423520))

table 8 : explain SELECT SUM(k) FROM sbtest8 WHERE id BETWEEN 9118076 AND 9118175
	Aggregate  (cost=388.78..388.79 rows=1 width=8)
	  ->  Index Scan using sbtest8_pkey on sbtest8  (cost=0.43..388.54 rows=97 width=4)
	        Index Cond: ((id >= 9118076) AND (id <= 9118175))

for point_selects
table 1 : explain SELECT c FROM sbtest1 WHERE id=7646314
	Index Scan using sbtest1_pkey on sbtest1  (cost=0.43..8.45 rows=1 width=121)
	  Index Cond: (id = 7646314)

table 2 : explain SELECT c FROM sbtest2 WHERE id=8195999
	Index Scan using sbtest2_pkey on sbtest2  (cost=0.43..8.45 rows=1 width=121)
	  Index Cond: (id = 8195999)

table 3 : explain SELECT c FROM sbtest3 WHERE id=8743939
	Index Scan using sbtest3_pkey on sbtest3  (cost=0.43..8.45 rows=1 width=121)
	  Index Cond: (id = 8743939)

table 4 : explain SELECT c FROM sbtest4 WHERE id=4299910
	Index Scan using sbtest4_pkey on sbtest4  (cost=0.43..8.45 rows=1 width=121)
	  Index Cond: (id = 4299910)

table 5 : explain SELECT c FROM sbtest5 WHERE id=9525832
	Index Scan using sbtest5_pkey on sbtest5  (cost=0.43..8.45 rows=1 width=121)
	  Index Cond: (id = 9525832)

table 6 : explain SELECT c FROM sbtest6 WHERE id=1200001
	Index Scan using sbtest6_pkey on sbtest6  (cost=0.43..8.45 rows=1 width=121)
	  Index Cond: (id = 1200001)

table 7 : explain SELECT c FROM sbtest7 WHERE id=8595554
	Index Scan using sbtest7_pkey on sbtest7  (cost=0.43..8.45 rows=1 width=121)
	  Index Cond: (id = 8595554)

table 8 : explain SELECT c FROM sbtest8 WHERE id=5249580
	Index Scan using sbtest8_pkey on sbtest8  (cost=0.43..8.45 rows=1 width=121)
	  Index Cond: (id = 5249580)

for point_selects
table 1 : explain SELECT c FROM sbtest1 WHERE id=1757700
	Index Scan using sbtest1_pkey on sbtest1  (cost=0.43..8.45 rows=1 width=121)
	  Index Cond: (id = 1757700)

table 2 : explain SELECT c FROM sbtest2 WHERE id=6759487
	Index Scan using sbtest2_pkey on sbtest2  (cost=0.43..8.45 rows=1 width=121)
	  Index Cond: (id = 6759487)

table 3 : explain SELECT c FROM sbtest3 WHERE id=1976191
	Index Scan using sbtest3_pkey on sbtest3  (cost=0.43..8.45 rows=1 width=121)
	  Index Cond: (id = 1976191)

table 4 : explain SELECT c FROM sbtest4 WHERE id=5507525
	Index Scan using sbtest4_pkey on sbtest4  (cost=0.43..8.45 rows=1 width=121)
	  Index Cond: (id = 5507525)

table 5 : explain SELECT c FROM sbtest5 WHERE id=948417
	Index Scan using sbtest5_pkey on sbtest5  (cost=0.43..8.45 rows=1 width=121)
	  Index Cond: (id = 948417)

table 6 : explain SELECT c FROM sbtest6 WHERE id=9269257
	Index Scan using sbtest6_pkey on sbtest6  (cost=0.43..8.45 rows=1 width=121)
	  Index Cond: (id = 9269257)

table 7 : explain SELECT c FROM sbtest7 WHERE id=8286607
	Index Scan using sbtest7_pkey on sbtest7  (cost=0.43..8.45 rows=1 width=121)
	  Index Cond: (id = 8286607)

table 8 : explain SELECT c FROM sbtest8 WHERE id=7867025
	Index Scan using sbtest8_pkey on sbtest8  (cost=0.43..8.45 rows=1 width=121)
	  Index Cond: (id = 7867025)

for point_selects
table 1 : explain SELECT c FROM sbtest1 WHERE id=8805726
	Index Scan using sbtest1_pkey on sbtest1  (cost=0.43..8.45 rows=1 width=121)
	  Index Cond: (id = 8805726)

table 2 : explain SELECT c FROM sbtest2 WHERE id=232840
	Index Scan using sbtest2_pkey on sbtest2  (cost=0.43..8.45 rows=1 width=121)
	  Index Cond: (id = 232840)

table 3 : explain SELECT c FROM sbtest3 WHERE id=9429983
	Index Scan using sbtest3_pkey on sbtest3  (cost=0.43..8.45 rows=1 width=121)
	  Index Cond: (id = 9429983)

table 4 : explain SELECT c FROM sbtest4 WHERE id=3056486
	Index Scan using sbtest4_pkey on sbtest4  (cost=0.43..8.45 rows=1 width=121)
	  Index Cond: (id = 3056486)

table 5 : explain SELECT c FROM sbtest5 WHERE id=8973502
	Index Scan using sbtest5_pkey on sbtest5  (cost=0.43..8.45 rows=1 width=121)
	  Index Cond: (id = 8973502)

table 6 : explain SELECT c FROM sbtest6 WHERE id=5343780
	Index Scan using sbtest6_pkey on sbtest6  (cost=0.43..8.45 rows=1 width=121)
	  Index Cond: (id = 5343780)

table 7 : explain SELECT c FROM sbtest7 WHERE id=4983357
	Index Scan using sbtest7_pkey on sbtest7  (cost=0.43..8.45 rows=1 width=121)
	  Index Cond: (id = 4983357)

table 8 : explain SELECT c FROM sbtest8 WHERE id=3685123
	Index Scan using sbtest8_pkey on sbtest8  (cost=0.43..8.45 rows=1 width=121)
	  Index Cond: (id = 3685123)

for: order_ranges
table 1 : explain SELECT c FROM sbtest1 WHERE id BETWEEN 7041382 AND 7041481 ORDER BY c
	Sort  (cost=424.38..424.65 rows=105 width=121)
	  Sort Key: c
	  ->  Index Scan using sbtest1_pkey on sbtest1  (cost=0.43..420.86 rows=105 width=121)
	        Index Cond: ((id >= 7041382) AND (id <= 7041481))

table 2 : explain SELECT c FROM sbtest2 WHERE id BETWEEN 408143 AND 408242 ORDER BY c
	Sort  (cost=391.24..391.48 rows=97 width=121)
	  Sort Key: c
	  ->  Index Scan using sbtest2_pkey on sbtest2  (cost=0.43..388.03 rows=97 width=121)
	        Index Cond: ((id >= 408143) AND (id <= 408242))

table 3 : explain SELECT c FROM sbtest3 WHERE id BETWEEN 4056564 AND 4056663 ORDER BY c
	Sort  (cost=424.03..424.29 rows=105 width=121)
	  Sort Key: c
	  ->  Index Scan using sbtest3_pkey on sbtest3  (cost=0.43..420.50 rows=105 width=121)
	        Index Cond: ((id >= 4056564) AND (id <= 4056663))

table 4 : explain SELECT c FROM sbtest4 WHERE id BETWEEN 6493957 AND 6494056 ORDER BY c
	Sort  (cost=440.00..440.28 rows=109 width=121)
	  Sort Key: c
	  ->  Index Scan using sbtest4_pkey on sbtest4  (cost=0.43..436.32 rows=109 width=121)
	        Index Cond: ((id >= 6493957) AND (id <= 6494056))

table 5 : explain SELECT c FROM sbtest5 WHERE id BETWEEN 3730020 AND 3730119 ORDER BY c
	Sort  (cost=455.16..455.44 rows=113 width=121)
	  Sort Key: c
	  ->  Index Scan using sbtest5_pkey on sbtest5  (cost=0.43..451.30 rows=113 width=121)
	        Index Cond: ((id >= 3730020) AND (id <= 3730119))

table 6 : explain SELECT c FROM sbtest6 WHERE id BETWEEN 5613730 AND 5613829 ORDER BY c
	Sort  (cost=451.05..451.33 rows=112 width=121)
	  Sort Key: c
	  ->  Index Scan using sbtest6_pkey on sbtest6  (cost=0.43..447.24 rows=112 width=121)
	        Index Cond: ((id >= 5613730) AND (id <= 5613829))

table 7 : explain SELECT c FROM sbtest7 WHERE id BETWEEN 9651064 AND 9651163 ORDER BY c
	Sort  (cost=438.70..438.97 rows=109 width=121)
	  Sort Key: c
	  ->  Index Scan using sbtest7_pkey on sbtest7  (cost=0.43..435.01 rows=109 width=121)
	        Index Cond: ((id >= 9651064) AND (id <= 9651163))

table 8 : explain SELECT c FROM sbtest8 WHERE id BETWEEN 4389655 AND 4389754 ORDER BY c
	Sort  (cost=399.75..400.00 rows=99 width=121)
	  Sort Key: c
	  ->  Index Scan using sbtest8_pkey on sbtest8  (cost=0.43..396.47 rows=99 width=121)
	        Index Cond: ((id >= 4389655) AND (id <= 4389754))

for: sum_ranges
table 1 : explain SELECT SUM(k) FROM sbtest1 WHERE id BETWEEN 9161681 AND 9161780
	Aggregate  (cost=393.34..393.35 rows=1 width=8)
	  ->  Index Scan using sbtest1_pkey on sbtest1  (cost=0.43..393.09 rows=98 width=4)
	        Index Cond: ((id >= 9161681) AND (id <= 9161780))

table 2 : explain SELECT SUM(k) FROM sbtest2 WHERE id BETWEEN 3767150 AND 3767249
	Aggregate  (cost=408.07..408.08 rows=1 width=8)
	  ->  Index Scan using sbtest2_pkey on sbtest2  (cost=0.43..407.82 rows=102 width=4)
	        Index Cond: ((id >= 3767150) AND (id <= 3767249))

table 3 : explain SELECT SUM(k) FROM sbtest3 WHERE id BETWEEN 9197946 AND 9198045
	Aggregate  (cost=428.69..428.70 rows=1 width=8)
	  ->  Index Scan using sbtest3_pkey on sbtest3  (cost=0.43..428.42 rows=107 width=4)
	        Index Cond: ((id >= 9197946) AND (id <= 9198045))

table 4 : explain SELECT SUM(k) FROM sbtest4 WHERE id BETWEEN 1710341 AND 1710440
	Aggregate  (cost=400.90..400.91 rows=1 width=8)
	  ->  Index Scan using sbtest4_pkey on sbtest4  (cost=0.43..400.65 rows=100 width=4)
	        Index Cond: ((id >= 1710341) AND (id <= 1710440))

table 5 : explain SELECT SUM(k) FROM sbtest5 WHERE id BETWEEN 9774019 AND 9774118
	Aggregate  (cost=396.20..396.21 rows=1 width=8)
	  ->  Index Scan using sbtest5_pkey on sbtest5  (cost=0.43..395.95 rows=99 width=4)
	        Index Cond: ((id >= 9774019) AND (id <= 9774118))

table 6 : explain SELECT SUM(k) FROM sbtest6 WHERE id BETWEEN 249709 AND 249808
	Aggregate  (cost=411.92..411.93 rows=1 width=8)
	  ->  Index Scan using sbtest6_pkey on sbtest6  (cost=0.43..411.67 rows=103 width=4)
	        Index Cond: ((id >= 249709) AND (id <= 249808))

table 7 : explain SELECT SUM(k) FROM sbtest7 WHERE id BETWEEN 6564394 AND 6564493
	Aggregate  (cost=415.53..415.54 rows=1 width=8)
	  ->  Index Scan using sbtest7_pkey on sbtest7  (cost=0.43..415.27 rows=104 width=4)
	        Index Cond: ((id >= 6564394) AND (id <= 6564493))

table 8 : explain SELECT SUM(k) FROM sbtest8 WHERE id BETWEEN 9558324 AND 9558423
	Aggregate  (cost=404.64..404.65 rows=1 width=8)
	  ->  Index Scan using sbtest8_pkey on sbtest8  (cost=0.43..404.39 rows=101 width=4)
	        Index Cond: ((id >= 9558324) AND (id <= 9558423))

for: order_ranges
table 1 : explain SELECT c FROM sbtest1 WHERE id BETWEEN 991456 AND 991555 ORDER BY c
	Sort  (cost=392.33..392.57 rows=97 width=121)
	  Sort Key: c
	  ->  Index Scan using sbtest1_pkey on sbtest1  (cost=0.43..389.13 rows=97 width=121)
	        Index Cond: ((id >= 991456) AND (id <= 991555))

table 2 : explain SELECT c FROM sbtest2 WHERE id BETWEEN 4554203 AND 4554302 ORDER BY c
	Sort  (cost=407.23..407.48 rows=101 width=121)
	  Sort Key: c
	  ->  Index Scan using sbtest2_pkey on sbtest2  (cost=0.43..403.87 rows=101 width=121)
	        Index Cond: ((id >= 4554203) AND (id <= 4554302))

table 3 : explain SELECT c FROM sbtest3 WHERE id BETWEEN 9587158 AND 9587257 ORDER BY c
	Sort  (cost=383.99..384.23 rows=95 width=121)
	  Sort Key: c
	  ->  Index Scan using sbtest3_pkey on sbtest3  (cost=0.43..380.87 rows=95 width=121)
	        Index Cond: ((id >= 9587158) AND (id <= 9587257))

table 4 : explain SELECT c FROM sbtest4 WHERE id BETWEEN 8895435 AND 8895534 ORDER BY c
	Sort  (cost=403.99..404.24 rows=100 width=121)
	  Sort Key: c
	  ->  Index Scan using sbtest4_pkey on sbtest4  (cost=0.43..400.66 rows=100 width=121)
	        Index Cond: ((id >= 8895435) AND (id <= 8895534))

table 5 : explain SELECT c FROM sbtest5 WHERE id BETWEEN 9631156 AND 9631255 ORDER BY c
	Sort  (cost=395.22..395.47 rows=98 width=121)
	  Sort Key: c
	  ->  Index Scan using sbtest5_pkey on sbtest5  (cost=0.43..391.98 rows=98 width=121)
	        Index Cond: ((id >= 9631156) AND (id <= 9631255))

table 6 : explain SELECT c FROM sbtest6 WHERE id BETWEEN 6910735 AND 6910834 ORDER BY c
	Sort  (cost=423.10..423.36 rows=105 width=121)
	  Sort Key: c
	  ->  Index Scan using sbtest6_pkey on sbtest6  (cost=0.43..419.57 rows=105 width=121)
	        Index Cond: ((id >= 6910735) AND (id <= 6910834))

table 7 : explain SELECT c FROM sbtest7 WHERE id BETWEEN 3224146 AND 3224245 ORDER BY c
	Sort  (cost=378.84..379.07 rows=94 width=121)
	  Sort Key: c
	  ->  Index Scan using sbtest7_pkey on sbtest7  (cost=0.43..375.76 rows=94 width=121)
	        Index Cond: ((id >= 3224146) AND (id <= 3224245))

table 8 : explain SELECT c FROM sbtest8 WHERE id BETWEEN 4564320 AND 4564419 ORDER BY c
	Sort  (cost=395.74..395.98 rows=98 width=121)
	  Sort Key: c
	  ->  Index Scan using sbtest8_pkey on sbtest8  (cost=0.43..392.50 rows=98 width=121)
	        Index Cond: ((id >= 4564320) AND (id <= 4564419))

for: simple_ranges
table 1 : explain SELECT c FROM sbtest1 WHERE id BETWEEN 8751436 AND 8751535
	Index Scan using sbtest1_pkey on sbtest1  (cost=0.43..412.93 rows=103 width=121)
	  Index Cond: ((id >= 8751436) AND (id <= 8751535))

table 2 : explain SELECT c FROM sbtest2 WHERE id BETWEEN 6658123 AND 6658222
	Index Scan using sbtest2_pkey on sbtest2  (cost=0.43..380.13 rows=95 width=121)
	  Index Cond: ((id >= 6658123) AND (id <= 6658222))

table 3 : explain SELECT c FROM sbtest3 WHERE id BETWEEN 3071319 AND 3071418
	Index Scan using sbtest3_pkey on sbtest3  (cost=0.43..416.54 rows=104 width=121)
	  Index Cond: ((id >= 3071319) AND (id <= 3071418))

table 4 : explain SELECT c FROM sbtest4 WHERE id BETWEEN 7091573 AND 7091672
	Index Scan using sbtest4_pkey on sbtest4  (cost=0.43..388.77 rows=97 width=121)
	  Index Cond: ((id >= 7091573) AND (id <= 7091672))

table 5 : explain SELECT c FROM sbtest5 WHERE id BETWEEN 8735224 AND 8735323
	Index Scan using sbtest5_pkey on sbtest5  (cost=0.43..415.72 rows=104 width=121)
	  Index Cond: ((id >= 8735224) AND (id <= 8735323))

table 6 : explain SELECT c FROM sbtest6 WHERE id BETWEEN 7939198 AND 7939297
	Index Scan using sbtest6_pkey on sbtest6  (cost=0.43..407.71 rows=102 width=121)
	  Index Cond: ((id >= 7939198) AND (id <= 7939297))

table 7 : explain SELECT c FROM sbtest7 WHERE id BETWEEN 9684074 AND 9684173
	Index Scan using sbtest7_pkey on sbtest7  (cost=0.43..435.01 rows=109 width=121)
	  Index Cond: ((id >= 9684074) AND (id <= 9684173))

table 8 : explain SELECT c FROM sbtest8 WHERE id BETWEEN 2587981 AND 2588080
	Index Scan using sbtest8_pkey on sbtest8  (cost=0.43..420.23 rows=105 width=121)
	  Index Cond: ((id >= 2587981) AND (id <= 2588080))

for: simple_ranges
table 1 : explain SELECT c FROM sbtest1 WHERE id BETWEEN 6855152 AND 6855251
	Index Scan using sbtest1_pkey on sbtest1  (cost=0.43..408.96 rows=102 width=121)
	  Index Cond: ((id >= 6855152) AND (id <= 6855251))

table 2 : explain SELECT c FROM sbtest2 WHERE id BETWEEN 6459620 AND 6459719
	Index Scan using sbtest2_pkey on sbtest2  (cost=0.43..431.54 rows=108 width=121)
	  Index Cond: ((id >= 6459620) AND (id <= 6459719))

table 3 : explain SELECT c FROM sbtest3 WHERE id BETWEEN 5700413 AND 5700512
	Index Scan using sbtest3_pkey on sbtest3  (cost=0.43..353.14 rows=88 width=121)
	  Index Cond: ((id >= 5700413) AND (id <= 5700512))

table 4 : explain SELECT c FROM sbtest4 WHERE id BETWEEN 8208394 AND 8208493
	Index Scan using sbtest4_pkey on sbtest4  (cost=0.43..380.84 rows=95 width=121)
	  Index Cond: ((id >= 8208394) AND (id <= 8208493))

table 5 : explain SELECT c FROM sbtest5 WHERE id BETWEEN 2844740 AND 2844839
	Index Scan using sbtest5_pkey on sbtest5  (cost=0.43..368.26 rows=92 width=121)
	  Index Cond: ((id >= 2844740) AND (id <= 2844839))

table 6 : explain SELECT c FROM sbtest6 WHERE id BETWEEN 1268029 AND 1268128
	Index Scan using sbtest6_pkey on sbtest6  (cost=0.43..407.71 rows=102 width=121)
	  Index Cond: ((id >= 1268029) AND (id <= 1268128))

table 7 : explain SELECT c FROM sbtest7 WHERE id BETWEEN 5688723 AND 5688822
	Index Scan using sbtest7_pkey on sbtest7  (cost=0.43..423.16 rows=106 width=121)
	  Index Cond: ((id >= 5688723) AND (id <= 5688822))

table 8 : explain SELECT c FROM sbtest8 WHERE id BETWEEN 604233 AND 604332
	Index Scan using sbtest8_pkey on sbtest8  (cost=0.43..412.31 rows=103 width=121)
	  Index Cond: ((id >= 604233) AND (id <= 604332))

for: simple_ranges
table 1 : explain SELECT c FROM sbtest1 WHERE id BETWEEN 8980675 AND 8980774
	Index Scan using sbtest1_pkey on sbtest1  (cost=0.43..420.86 rows=105 width=121)
	  Index Cond: ((id >= 8980675) AND (id <= 8980774))

table 2 : explain SELECT c FROM sbtest2 WHERE id BETWEEN 9255514 AND 9255613
	Index Scan using sbtest2_pkey on sbtest2  (cost=0.43..427.59 rows=107 width=121)
	  Index Cond: ((id >= 9255514) AND (id <= 9255613))

table 3 : explain SELECT c FROM sbtest3 WHERE id BETWEEN 210666 AND 210765
	Index Scan using sbtest3_pkey on sbtest3  (cost=0.43..376.91 rows=94 width=121)
	  Index Cond: ((id >= 210666) AND (id <= 210765))

table 4 : explain SELECT c FROM sbtest4 WHERE id BETWEEN 6696461 AND 6696560
	Index Scan using sbtest4_pkey on sbtest4  (cost=0.43..392.73 rows=98 width=121)
	  Index Cond: ((id >= 6696461) AND (id <= 6696560))

table 5 : explain SELECT c FROM sbtest5 WHERE id BETWEEN 1050969 AND 1051068
	Index Scan using sbtest5_pkey on sbtest5  (cost=0.43..380.12 rows=95 width=121)
	  Index Cond: ((id >= 1050969) AND (id <= 1051068))

table 6 : explain SELECT c FROM sbtest6 WHERE id BETWEEN 4321850 AND 4321949
	Index Scan using sbtest6_pkey on sbtest6  (cost=0.43..431.43 rows=108 width=121)
	  Index Cond: ((id >= 4321850) AND (id <= 4321949))

table 7 : explain SELECT c FROM sbtest7 WHERE id BETWEEN 1536289 AND 1536388
	Index Scan using sbtest7_pkey on sbtest7  (cost=0.43..371.81 rows=93 width=121)
	  Index Cond: ((id >= 1536289) AND (id <= 1536388))

table 8 : explain SELECT c FROM sbtest8 WHERE id BETWEEN 9813252 AND 9813351
	Index Scan using sbtest8_pkey on sbtest8  (cost=0.43..388.54 rows=97 width=121)
	  Index Cond: ((id >= 9813252) AND (id <= 9813351))

for point_selects
table 1 : explain SELECT c FROM sbtest1 WHERE id=4211253
	Index Scan using sbtest1_pkey on sbtest1  (cost=0.43..8.45 rows=1 width=121)
	  Index Cond: (id = 4211253)

table 2 : explain SELECT c FROM sbtest2 WHERE id=9797309
	Index Scan using sbtest2_pkey on sbtest2  (cost=0.43..8.45 rows=1 width=121)
	  Index Cond: (id = 9797309)

table 3 : explain SELECT c FROM sbtest3 WHERE id=947219
	Index Scan using sbtest3_pkey on sbtest3  (cost=0.43..8.45 rows=1 width=121)
	  Index Cond: (id = 947219)

table 4 : explain SELECT c FROM sbtest4 WHERE id=6628389
	Index Scan using sbtest4_pkey on sbtest4  (cost=0.43..8.45 rows=1 width=121)
	  Index Cond: (id = 6628389)

table 5 : explain SELECT c FROM sbtest5 WHERE id=1347525
	Index Scan using sbtest5_pkey on sbtest5  (cost=0.43..8.45 rows=1 width=121)
	  Index Cond: (id = 1347525)

table 6 : explain SELECT c FROM sbtest6 WHERE id=3988538
	Index Scan using sbtest6_pkey on sbtest6  (cost=0.43..8.45 rows=1 width=121)
	  Index Cond: (id = 3988538)

table 7 : explain SELECT c FROM sbtest7 WHERE id=1086264
	Index Scan using sbtest7_pkey on sbtest7  (cost=0.43..8.45 rows=1 width=121)
	  Index Cond: (id = 1086264)

table 8 : explain SELECT c FROM sbtest8 WHERE id=1626403
	Index Scan using sbtest8_pkey on sbtest8  (cost=0.43..8.45 rows=1 width=121)
	  Index Cond: (id = 1626403)

for: order_ranges
table 1 : explain SELECT c FROM sbtest1 WHERE id BETWEEN 7182800 AND 7182899 ORDER BY c
	Sort  (cost=408.35..408.60 rows=101 width=121)
	  Sort Key: c
	  ->  Index Scan using sbtest1_pkey on sbtest1  (cost=0.43..404.99 rows=101 width=121)
	        Index Cond: ((id >= 7182800) AND (id <= 7182899))

table 2 : explain SELECT c FROM sbtest2 WHERE id BETWEEN 9286991 AND 9287090 ORDER BY c
	Sort  (cost=431.19..431.46 rows=107 width=121)
	  Sort Key: c
	  ->  Index Scan using sbtest2_pkey on sbtest2  (cost=0.43..427.59 rows=107 width=121)
	        Index Cond: ((id >= 9286991) AND (id <= 9287090))

table 3 : explain SELECT c FROM sbtest3 WHERE id BETWEEN 1132921 AND 1133020 ORDER BY c
	Sort  (cost=436.03..436.30 rows=108 width=121)
	  Sort Key: c
	  ->  Index Scan using sbtest3_pkey on sbtest3  (cost=0.43..432.39 rows=108 width=121)
	        Index Cond: ((id >= 1132921) AND (id <= 1133020))

table 4 : explain SELECT c FROM sbtest4 WHERE id BETWEEN 1099889 AND 1099988 ORDER BY c
	Sort  (cost=395.97..396.21 rows=98 width=121)
	  Sort Key: c
	  ->  Index Scan using sbtest4_pkey on sbtest4  (cost=0.43..392.73 rows=98 width=121)
	        Index Cond: ((id >= 1099889) AND (id <= 1099988))

table 5 : explain SELECT c FROM sbtest5 WHERE id BETWEEN 1244556 AND 1244655 ORDER BY c
	Sort  (cost=375.26..375.49 rows=93 width=121)
	  Sort Key: c
	  ->  Index Scan using sbtest5_pkey on sbtest5  (cost=0.43..372.22 rows=93 width=121)
	        Index Cond: ((id >= 1244556) AND (id <= 1244655))

table 6 : explain SELECT c FROM sbtest6 WHERE id BETWEEN 2265194 AND 2265293 ORDER BY c
	Sort  (cost=439.07..439.34 rows=109 width=121)
	  Sort Key: c
	  ->  Index Scan using sbtest6_pkey on sbtest6  (cost=0.43..435.38 rows=109 width=121)
	        Index Cond: ((id >= 2265194) AND (id <= 2265293))

table 7 : explain SELECT c FROM sbtest7 WHERE id BETWEEN 1886025 AND 1886124 ORDER BY c
	Sort  (cost=398.80..399.05 rows=99 width=121)
	  Sort Key: c
	  ->  Index Scan using sbtest7_pkey on sbtest7  (cost=0.43..395.52 rows=99 width=121)
	        Index Cond: ((id >= 1886025) AND (id <= 1886124))

table 8 : explain SELECT c FROM sbtest8 WHERE id BETWEEN 7470142 AND 7470241 ORDER BY c
	Sort  (cost=411.75..412.01 rows=102 width=121)
	  Sort Key: c
	  ->  Index Scan using sbtest8_pkey on sbtest8  (cost=0.43..408.35 rows=102 width=121)
	        Index Cond: ((id >= 7470142) AND (id <= 7470241))

for: distinct_ranges
table 1 : explain SELECT DISTINCT c FROM sbtest1 WHERE id BETWEEN 6419907 AND 6420006 ORDER BY c
	Unique  (cost=424.38..424.91 rows=105 width=121)
	  ->  Sort  (cost=424.38..424.65 rows=105 width=121)
	        Sort Key: c
	        ->  Index Scan using sbtest1_pkey on sbtest1  (cost=0.43..420.86 rows=105 width=121)
	              Index Cond: ((id >= 6419907) AND (id <= 6420006))

table 2 : explain SELECT DISTINCT c FROM sbtest2 WHERE id BETWEEN 2232181 AND 2232280 ORDER BY c
	Unique  (cost=395.23..395.72 rows=98 width=121)
	  ->  Sort  (cost=395.23..395.47 rows=98 width=121)
	        Sort Key: c
	        ->  Index Scan using sbtest2_pkey on sbtest2  (cost=0.43..391.99 rows=98 width=121)
	              Index Cond: ((id >= 2232181) AND (id <= 2232280))

table 3 : explain SELECT DISTINCT c FROM sbtest3 WHERE id BETWEEN 8490914 AND 8491013 ORDER BY c
	Unique  (cost=416.02..416.54 rows=103 width=121)
	  ->  Sort  (cost=416.02..416.28 rows=103 width=121)
	        Sort Key: c
	        ->  Index Scan using sbtest3_pkey on sbtest3  (cost=0.43..412.58 rows=103 width=121)
	              Index Cond: ((id >= 8490914) AND (id <= 8491013))

table 4 : explain SELECT DISTINCT c FROM sbtest4 WHERE id BETWEEN 1041712 AND 1041811 ORDER BY c
	Unique  (cost=395.97..396.46 rows=98 width=121)
	  ->  Sort  (cost=395.97..396.21 rows=98 width=121)
	        Sort Key: c
	        ->  Index Scan using sbtest4_pkey on sbtest4  (cost=0.43..392.73 rows=98 width=121)
	              Index Cond: ((id >= 1041712) AND (id <= 1041811))

table 5 : explain SELECT DISTINCT c FROM sbtest5 WHERE id BETWEEN 8976752 AND 8976851 ORDER BY c
	Unique  (cost=399.22..399.71 rows=99 width=121)
	  ->  Sort  (cost=399.22..399.47 rows=99 width=121)
	        Sort Key: c
	        ->  Index Scan using sbtest5_pkey on sbtest5  (cost=0.43..395.94 rows=99 width=121)
	              Index Cond: ((id >= 8976752) AND (id <= 8976851))

table 6 : explain SELECT DISTINCT c FROM sbtest6 WHERE id BETWEEN 6890522 AND 6890621 ORDER BY c
	Unique  (cost=423.10..423.62 rows=105 width=121)
	  ->  Sort  (cost=423.10..423.36 rows=105 width=121)
	        Sort Key: c
	        ->  Index Scan using sbtest6_pkey on sbtest6  (cost=0.43..419.57 rows=105 width=121)
	              Index Cond: ((id >= 6890522) AND (id <= 6890621))

table 7 : explain SELECT DISTINCT c FROM sbtest7 WHERE id BETWEEN 7448434 AND 7448533 ORDER BY c
	Unique  (cost=426.73..427.26 rows=106 width=121)
	  ->  Sort  (cost=426.73..427.00 rows=106 width=121)
	        Sort Key: c
	        ->  Index Scan using sbtest7_pkey on sbtest7  (cost=0.43..423.16 rows=106 width=121)
	              Index Cond: ((id >= 7448434) AND (id <= 7448533))

table 8 : explain SELECT DISTINCT c FROM sbtest8 WHERE id BETWEEN 7086320 AND 7086419 ORDER BY c
	Unique  (cost=403.75..404.25 rows=100 width=121)
	  ->  Sort  (cost=403.75..404.00 rows=100 width=121)
	        Sort Key: c
	        ->  Index Scan using sbtest8_pkey on sbtest8  (cost=0.43..400.43 rows=100 width=121)
	              Index Cond: ((id >= 7086320) AND (id <= 7086419))

for: distinct_ranges
table 1 : explain SELECT DISTINCT c FROM sbtest1 WHERE id BETWEEN 1543303 AND 1543402 ORDER BY c
	Unique  (cost=424.38..424.91 rows=105 width=121)
	  ->  Sort  (cost=424.38..424.65 rows=105 width=121)
	        Sort Key: c
	        ->  Index Scan using sbtest1_pkey on sbtest1  (cost=0.43..420.86 rows=105 width=121)
	              Index Cond: ((id >= 1543303) AND (id <= 1543402))

table 2 : explain SELECT DISTINCT c FROM sbtest2 WHERE id BETWEEN 2233760 AND 2233859 ORDER BY c
	Unique  (cost=395.23..395.72 rows=98 width=121)
	  ->  Sort  (cost=395.23..395.47 rows=98 width=121)
	        Sort Key: c
	        ->  Index Scan using sbtest2_pkey on sbtest2  (cost=0.43..391.99 rows=98 width=121)
	              Index Cond: ((id >= 2233760) AND (id <= 2233859))

table 3 : explain SELECT DISTINCT c FROM sbtest3 WHERE id BETWEEN 1044910 AND 1045009 ORDER BY c
	Unique  (cost=396.00..396.49 rows=98 width=121)
	  ->  Sort  (cost=396.00..396.24 rows=98 width=121)
	        Sort Key: c
	        ->  Index Scan using sbtest3_pkey on sbtest3  (cost=0.43..392.76 rows=98 width=121)
	              Index Cond: ((id >= 1044910) AND (id <= 1045009))

table 4 : explain SELECT DISTINCT c FROM sbtest4 WHERE id BETWEEN 4934634 AND 4934733 ORDER BY c
	Unique  (cost=419.99..420.51 rows=104 width=121)
	  ->  Sort  (cost=419.99..420.25 rows=104 width=121)
	        Sort Key: c
	        ->  Index Scan using sbtest4_pkey on sbtest4  (cost=0.43..416.51 rows=104 width=121)
	              Index Cond: ((id >= 4934634) AND (id <= 4934733))

table 5 : explain SELECT DISTINCT c FROM sbtest5 WHERE id BETWEEN 8114393 AND 8114492 ORDER BY c
	Unique  (cost=391.23..391.72 rows=97 width=121)
	  ->  Sort  (cost=391.23..391.47 rows=97 width=121)
	        Sort Key: c
	        ->  Index Scan using sbtest5_pkey on sbtest5  (cost=0.43..388.03 rows=97 width=121)
	              Index Cond: ((id >= 8114393) AND (id <= 8114492))

table 6 : explain SELECT DISTINCT c FROM sbtest6 WHERE id BETWEEN 9759812 AND 9759911 ORDER BY c
	Unique  (cost=391.14..391.62 rows=97 width=121)
	  ->  Sort  (cost=391.14..391.38 rows=97 width=121)
	        Sort Key: c
	        ->  Index Scan using sbtest6_pkey on sbtest6  (cost=0.43..387.93 rows=97 width=121)
	              Index Cond: ((id >= 9759812) AND (id <= 9759911))

table 7 : explain SELECT DISTINCT c FROM sbtest7 WHERE id BETWEEN 3631053 AND 3631152 ORDER BY c
	Unique  (cost=422.74..423.27 rows=105 width=121)
	  ->  Sort  (cost=422.74..423.00 rows=105 width=121)
	        Sort Key: c
	        ->  Index Scan using sbtest7_pkey on sbtest7  (cost=0.43..419.22 rows=105 width=121)
	              Index Cond: ((id >= 3631053) AND (id <= 3631152))

table 8 : explain SELECT DISTINCT c FROM sbtest8 WHERE id BETWEEN 3661983 AND 3662082 ORDER BY c
	Unique  (cost=431.75..432.28 rows=107 width=121)
	  ->  Sort  (cost=431.75..432.02 rows=107 width=121)
	        Sort Key: c
	        ->  Index Scan using sbtest8_pkey on sbtest8  (cost=0.43..428.14 rows=107 width=121)
	              Index Cond: ((id >= 3661983) AND (id <= 3662082))

for: sum_ranges
table 1 : explain SELECT SUM(k) FROM sbtest1 WHERE id BETWEEN 3460319 AND 3460418
	Aggregate  (cost=397.30..397.31 rows=1 width=8)
	  ->  Index Scan using sbtest1_pkey on sbtest1  (cost=0.43..397.06 rows=99 width=4)
	        Index Cond: ((id >= 3460319) AND (id <= 3460418))

table 2 : explain SELECT SUM(k) FROM sbtest2 WHERE id BETWEEN 3914281 AND 3914380
	Aggregate  (cost=388.28..388.29 rows=1 width=8)
	  ->  Index Scan using sbtest2_pkey on sbtest2  (cost=0.43..388.03 rows=97 width=4)
	        Index Cond: ((id >= 3914281) AND (id <= 3914380))

table 3 : explain SELECT SUM(k) FROM sbtest3 WHERE id BETWEEN 1155189 AND 1155288
	Aggregate  (cost=432.66..432.67 rows=1 width=8)
	  ->  Index Scan using sbtest3_pkey on sbtest3  (cost=0.43..432.39 rows=108 width=4)
	        Index Cond: ((id >= 1155189) AND (id <= 1155288))

table 4 : explain SELECT SUM(k) FROM sbtest4 WHERE id BETWEEN 1328159 AND 1328258
	Aggregate  (cost=416.77..416.78 rows=1 width=8)
	  ->  Index Scan using sbtest4_pkey on sbtest4  (cost=0.43..416.51 rows=104 width=4)
	        Index Cond: ((id >= 1328159) AND (id <= 1328258))

table 5 : explain SELECT SUM(k) FROM sbtest5 WHERE id BETWEEN 3725669 AND 3725768
	Aggregate  (cost=451.59..451.60 rows=1 width=8)
	  ->  Index Scan using sbtest5_pkey on sbtest5  (cost=0.43..451.30 rows=113 width=4)
	        Index Cond: ((id >= 3725669) AND (id <= 3725768))

table 6 : explain SELECT SUM(k) FROM sbtest6 WHERE id BETWEEN 6518880 AND 6518979
	Aggregate  (cost=427.74..427.75 rows=1 width=8)
	  ->  Index Scan using sbtest6_pkey on sbtest6  (cost=0.43..427.48 rows=107 width=4)
	        Index Cond: ((id >= 6518880) AND (id <= 6518979))

table 7 : explain SELECT SUM(k) FROM sbtest7 WHERE id BETWEEN 2038431 AND 2038530
	Aggregate  (cost=431.33..431.34 rows=1 width=8)
	  ->  Index Scan using sbtest7_pkey on sbtest7  (cost=0.43..431.06 rows=108 width=4)
	        Index Cond: ((id >= 2038431) AND (id <= 2038530))

table 8 : explain SELECT SUM(k) FROM sbtest8 WHERE id BETWEEN 9674220 AND 9674319
	Aggregate  (cost=396.72..396.73 rows=1 width=8)
	  ->  Index Scan using sbtest8_pkey on sbtest8  (cost=0.43..396.47 rows=99 width=4)
	        Index Cond: ((id >= 9674220) AND (id <= 9674319))

for: sum_ranges
table 1 : explain SELECT SUM(k) FROM sbtest1 WHERE id BETWEEN 4313268 AND 4313367
	Aggregate  (cost=413.19..413.20 rows=1 width=8)
	  ->  Index Scan using sbtest1_pkey on sbtest1  (cost=0.43..412.93 rows=103 width=4)
	        Index Cond: ((id >= 4313268) AND (id <= 4313367))

table 2 : explain SELECT SUM(k) FROM sbtest2 WHERE id BETWEEN 2228853 AND 2228952
	Aggregate  (cost=392.23..392.24 rows=1 width=8)
	  ->  Index Scan using sbtest2_pkey on sbtest2  (cost=0.43..391.99 rows=98 width=4)
	        Index Cond: ((id >= 2228853) AND (id <= 2228952))

table 3 : explain SELECT SUM(k) FROM sbtest3 WHERE id BETWEEN 9146649 AND 9146748
	Aggregate  (cost=393.00..393.01 rows=1 width=8)
	  ->  Index Scan using sbtest3_pkey on sbtest3  (cost=0.43..392.76 rows=98 width=4)
	        Index Cond: ((id >= 9146649) AND (id <= 9146748))

table 4 : explain SELECT SUM(k) FROM sbtest4 WHERE id BETWEEN 2802324 AND 2802423
	Aggregate  (cost=408.84..408.85 rows=1 width=8)
	  ->  Index Scan using sbtest4_pkey on sbtest4  (cost=0.43..408.59 rows=102 width=4)
	        Index Cond: ((id >= 2802324) AND (id <= 2802423))

table 5 : explain SELECT SUM(k) FROM sbtest5 WHERE id BETWEEN 636449 AND 636548
	Aggregate  (cost=396.18..396.19 rows=1 width=8)
	  ->  Index Scan using sbtest5_pkey on sbtest5  (cost=0.43..395.94 rows=99 width=4)
	        Index Cond: ((id >= 636449) AND (id <= 636548))

table 6 : explain SELECT SUM(k) FROM sbtest6 WHERE id BETWEEN 5434852 AND 5434951
	Aggregate  (cost=400.06..400.07 rows=1 width=8)
	  ->  Index Scan using sbtest6_pkey on sbtest6  (cost=0.43..399.81 rows=100 width=4)
	        Index Cond: ((id >= 5434852) AND (id <= 5434951))

table 7 : explain SELECT SUM(k) FROM sbtest7 WHERE id BETWEEN 1614063 AND 1614162
	Aggregate  (cost=391.80..391.81 rows=1 width=8)
	  ->  Index Scan using sbtest7_pkey on sbtest7  (cost=0.43..391.55 rows=98 width=4)
	        Index Cond: ((id >= 1614063) AND (id <= 1614162))

table 8 : explain SELECT SUM(k) FROM sbtest8 WHERE id BETWEEN 7255813 AND 7255912
	Aggregate  (cost=384.82..384.83 rows=1 width=8)
	  ->  Index Scan using sbtest8_pkey on sbtest8  (cost=0.43..384.58 rows=96 width=4)
	        Index Cond: ((id >= 7255813) AND (id <= 7255912))

for: sum_ranges
table 1 : explain SELECT SUM(k) FROM sbtest1 WHERE id BETWEEN 6532416 AND 6532515
	Aggregate  (cost=425.09..425.10 rows=1 width=8)
	  ->  Index Scan using sbtest1_pkey on sbtest1  (cost=0.43..424.83 rows=106 width=4)
	        Index Cond: ((id >= 6532416) AND (id <= 6532515))

table 2 : explain SELECT SUM(k) FROM sbtest2 WHERE id BETWEEN 4705539 AND 4705638
	Aggregate  (cost=360.58..360.59 rows=1 width=8)
	  ->  Index Scan using sbtest2_pkey on sbtest2  (cost=0.43..360.36 rows=90 width=4)
	        Index Cond: ((id >= 4705539) AND (id <= 4705638))

table 3 : explain SELECT SUM(k) FROM sbtest3 WHERE id BETWEEN 9545972 AND 9546071
	Aggregate  (cost=381.11..381.12 rows=1 width=8)
	  ->  Index Scan using sbtest3_pkey on sbtest3  (cost=0.43..380.87 rows=95 width=4)
	        Index Cond: ((id >= 9545972) AND (id <= 9546071))

table 4 : explain SELECT SUM(k) FROM sbtest4 WHERE id BETWEEN 5314429 AND 5314528
	Aggregate  (cost=404.88..404.89 rows=1 width=8)
	  ->  Index Scan using sbtest4_pkey on sbtest4  (cost=0.43..404.63 rows=101 width=4)
	        Index Cond: ((id >= 5314429) AND (id <= 5314528))

table 5 : explain SELECT SUM(k) FROM sbtest5 WHERE id BETWEEN 3088898 AND 3088997
	Aggregate  (cost=408.07..408.08 rows=1 width=8)
	  ->  Index Scan using sbtest5_pkey on sbtest5  (cost=0.43..407.81 rows=102 width=4)
	        Index Cond: ((id >= 3088898) AND (id <= 3088997))

table 6 : explain SELECT SUM(k) FROM sbtest6 WHERE id BETWEEN 2576013 AND 2576112
	Aggregate  (cost=415.88..415.89 rows=1 width=8)
	  ->  Index Scan using sbtest6_pkey on sbtest6  (cost=0.43..415.62 rows=104 width=4)
	        Index Cond: ((id >= 2576013) AND (id <= 2576112))

table 7 : explain SELECT SUM(k) FROM sbtest7 WHERE id BETWEEN 9309933 AND 9310032
	Aggregate  (cost=395.77..395.78 rows=1 width=8)
	  ->  Index Scan using sbtest7_pkey on sbtest7  (cost=0.43..395.52 rows=99 width=4)
	        Index Cond: ((id >= 9309933) AND (id <= 9310032))

table 8 : explain SELECT SUM(k) FROM sbtest8 WHERE id BETWEEN 5542663 AND 5542762
	Aggregate  (cost=396.72..396.73 rows=1 width=8)
	  ->  Index Scan using sbtest8_pkey on sbtest8  (cost=0.43..396.47 rows=99 width=4)
	        Index Cond: ((id >= 5542663) AND (id <= 5542762))

for: simple_ranges
table 1 : explain SELECT c FROM sbtest1 WHERE id BETWEEN 4734215 AND 4734314
	Index Scan using sbtest1_pkey on sbtest1  (cost=0.43..408.96 rows=102 width=121)
	  Index Cond: ((id >= 4734215) AND (id <= 4734314))

table 2 : explain SELECT c FROM sbtest2 WHERE id BETWEEN 3351230 AND 3351329
	Index Scan using sbtest2_pkey on sbtest2  (cost=0.43..423.63 rows=106 width=121)
	  Index Cond: ((id >= 3351230) AND (id <= 3351329))

table 3 : explain SELECT c FROM sbtest3 WHERE id BETWEEN 9514964 AND 9515063
	Index Scan using sbtest3_pkey on sbtest3  (cost=0.43..380.87 rows=95 width=121)
	  Index Cond: ((id >= 9514964) AND (id <= 9515063))

table 4 : explain SELECT c FROM sbtest4 WHERE id BETWEEN 5263750 AND 5263849
	Index Scan using sbtest4_pkey on sbtest4  (cost=0.43..404.63 rows=101 width=121)
	  Index Cond: ((id >= 5263750) AND (id <= 5263849))

table 5 : explain SELECT c FROM sbtest5 WHERE id BETWEEN 1535996 AND 1536095
	Index Scan using sbtest5_pkey on sbtest5  (cost=0.43..407.81 rows=102 width=121)
	  Index Cond: ((id >= 1535996) AND (id <= 1536095))

table 6 : explain SELECT c FROM sbtest6 WHERE id BETWEEN 7471585 AND 7471684
	Index Scan using sbtest6_pkey on sbtest6  (cost=0.43..395.86 rows=99 width=121)
	  Index Cond: ((id >= 7471585) AND (id <= 7471684))

table 7 : explain SELECT c FROM sbtest7 WHERE id BETWEEN 9761662 AND 9761761
	Index Scan using sbtest7_pkey on sbtest7  (cost=0.43..423.16 rows=106 width=121)
	  Index Cond: ((id >= 9761662) AND (id <= 9761761))

table 8 : explain SELECT c FROM sbtest8 WHERE id BETWEEN 855691 AND 855790
	Index Scan using sbtest8_pkey on sbtest8  (cost=0.43..408.35 rows=102 width=121)
	  Index Cond: ((id >= 855691) AND (id <= 855790))

for: distinct_ranges
table 1 : explain SELECT DISTINCT c FROM sbtest1 WHERE id BETWEEN 1472044 AND 1472143 ORDER BY c
	Unique  (cost=376.31..376.77 rows=93 width=121)
	  ->  Sort  (cost=376.31..376.54 rows=93 width=121)
	        Sort Key: c
	        ->  Index Scan using sbtest1_pkey on sbtest1  (cost=0.43..373.27 rows=93 width=121)
	              Index Cond: ((id >= 1472044) AND (id <= 1472143))

table 2 : explain SELECT DISTINCT c FROM sbtest2 WHERE id BETWEEN 2992739 AND 2992838 ORDER BY c
	Unique  (cost=387.24..387.72 rows=96 width=121)
	  ->  Sort  (cost=387.24..387.48 rows=96 width=121)
	        Sort Key: c
	        ->  Index Scan using sbtest2_pkey on sbtest2  (cost=0.43..384.08 rows=96 width=121)
	              Index Cond: ((id >= 2992739) AND (id <= 2992838))

table 3 : explain SELECT DISTINCT c FROM sbtest3 WHERE id BETWEEN 1418864 AND 1418963 ORDER BY c
	Unique  (cost=375.99..376.45 rows=93 width=121)
	  ->  Sort  (cost=375.99..376.22 rows=93 width=121)
	        Sort Key: c
	        ->  Index Scan using sbtest3_pkey on sbtest3  (cost=0.43..372.95 rows=93 width=121)
	              Index Cond: ((id >= 1418864) AND (id <= 1418963))

table 4 : explain SELECT DISTINCT c FROM sbtest4 WHERE id BETWEEN 6046546 AND 6046645 ORDER BY c
	Unique  (cost=407.99..408.49 rows=101 width=121)
	  ->  Sort  (cost=407.99..408.24 rows=101 width=121)
	        Sort Key: c
	        ->  Index Scan using sbtest4_pkey on sbtest4  (cost=0.43..404.63 rows=101 width=121)
	              Index Cond: ((id >= 6046546) AND (id <= 6046645))

table 5 : explain SELECT DISTINCT c FROM sbtest5 WHERE id BETWEEN 1051317 AND 1051416 ORDER BY c
	Unique  (cost=383.24..383.72 rows=95 width=121)
	  ->  Sort  (cost=383.24..383.48 rows=95 width=121)
	        Sort Key: c
	        ->  Index Scan using sbtest5_pkey on sbtest5  (cost=0.43..380.12 rows=95 width=121)
	              Index Cond: ((id >= 1051317) AND (id <= 1051416))

table 6 : explain SELECT DISTINCT c FROM sbtest6 WHERE id BETWEEN 9105828 AND 9105927 ORDER BY c
	Unique  (cost=411.12..411.63 rows=102 width=121)
	  ->  Sort  (cost=411.12..411.37 rows=102 width=121)
	        Sort Key: c
	        ->  Index Scan using sbtest6_pkey on sbtest6  (cost=0.43..407.71 rows=102 width=121)
	              Index Cond: ((id >= 9105828) AND (id <= 9105927))

table 7 : explain SELECT DISTINCT c FROM sbtest7 WHERE id BETWEEN 1788666 AND 1788765 ORDER BY c
	Unique  (cost=358.89..359.34 rows=89 width=121)
	  ->  Sort  (cost=358.89..359.12 rows=89 width=121)
	        Sort Key: c
	        ->  Index Scan using sbtest7_pkey on sbtest7  (cost=0.43..356.01 rows=89 width=121)
	              Index Cond: ((id >= 1788666) AND (id <= 1788765))

table 8 : explain SELECT DISTINCT c FROM sbtest8 WHERE id BETWEEN 9796411 AND 9796510 ORDER BY c
	Unique  (cost=367.75..368.20 rows=91 width=121)
	  ->  Sort  (cost=367.75..367.97 rows=91 width=121)
	        Sort Key: c
	        ->  Index Scan using sbtest8_pkey on sbtest8  (cost=0.43..364.79 rows=91 width=121)
	              Index Cond: ((id >= 9796411) AND (id <= 9796510))

for: order_ranges
table 1 : explain SELECT c FROM sbtest1 WHERE id BETWEEN 6034888 AND 6034987 ORDER BY c
	Sort  (cost=372.30..372.53 rows=92 width=121)
	  Sort Key: c
	  ->  Index Scan using sbtest1_pkey on sbtest1  (cost=0.43..369.30 rows=92 width=121)
	        Index Cond: ((id >= 6034888) AND (id <= 6034987))

table 2 : explain SELECT c FROM sbtest2 WHERE id BETWEEN 4590397 AND 4590496 ORDER BY c
	Sort  (cost=407.23..407.48 rows=101 width=121)
	  Sort Key: c
	  ->  Index Scan using sbtest2_pkey on sbtest2  (cost=0.43..403.87 rows=101 width=121)
	        Index Cond: ((id >= 4590397) AND (id <= 4590496))

table 3 : explain SELECT c FROM sbtest3 WHERE id BETWEEN 3539524 AND 3539623 ORDER BY c
	Sort  (cost=420.02..420.28 rows=104 width=121)
	  Sort Key: c
	  ->  Index Scan using sbtest3_pkey on sbtest3  (cost=0.43..416.54 rows=104 width=121)
	        Index Cond: ((id >= 3539524) AND (id <= 3539623))

table 4 : explain SELECT c FROM sbtest4 WHERE id BETWEEN 8025904 AND 8026003 ORDER BY c
	Sort  (cost=403.99..404.24 rows=100 width=121)
	  Sort Key: c
	  ->  Index Scan using sbtest4_pkey on sbtest4  (cost=0.43..400.66 rows=100 width=121)
	        Index Cond: ((id >= 8025904) AND (id <= 8026003))

table 5 : explain SELECT c FROM sbtest5 WHERE id BETWEEN 9535276 AND 9535375 ORDER BY c
	Sort  (cost=383.24..383.48 rows=95 width=121)
	  Sort Key: c
	  ->  Index Scan using sbtest5_pkey on sbtest5  (cost=0.43..380.12 rows=95 width=121)
	        Index Cond: ((id >= 9535276) AND (id <= 9535375))

table 6 : explain SELECT c FROM sbtest6 WHERE id BETWEEN 6129357 AND 6129456 ORDER BY c
	Sort  (cost=391.14..391.38 rows=97 width=121)
	  Sort Key: c
	  ->  Index Scan using sbtest6_pkey on sbtest6  (cost=0.43..387.93 rows=97 width=121)
	        Index Cond: ((id >= 6129357) AND (id <= 6129456))

table 7 : explain SELECT c FROM sbtest7 WHERE id BETWEEN 7807494 AND 7807593 ORDER BY c
	Sort  (cost=390.81..391.05 rows=97 width=121)
	  Sort Key: c
	  ->  Index Scan using sbtest7_pkey on sbtest7  (cost=0.43..387.61 rows=97 width=121)
	        Index Cond: ((id >= 7807494) AND (id <= 7807593))

table 8 : explain SELECT c FROM sbtest8 WHERE id BETWEEN 2543543 AND 2543642 ORDER BY c
	Sort  (cost=423.75..424.01 rows=105 width=121)
	  Sort Key: c
	  ->  Index Scan using sbtest8_pkey on sbtest8  (cost=0.43..420.23 rows=105 width=121)
	        Index Cond: ((id >= 2543543) AND (id <= 2543642))

for: order_ranges
table 1 : explain SELECT c FROM sbtest1 WHERE id BETWEEN 4830480 AND 4830579 ORDER BY c
	Sort  (cost=416.37..416.63 rows=103 width=121)
	  Sort Key: c
	  ->  Index Scan using sbtest1_pkey on sbtest1  (cost=0.43..412.93 rows=103 width=121)
	        Index Cond: ((id >= 4830480) AND (id <= 4830579))

table 2 : explain SELECT c FROM sbtest2 WHERE id BETWEEN 5384482 AND 5384581 ORDER BY c
	Sort  (cost=407.23..407.48 rows=101 width=121)
	  Sort Key: c
	  ->  Index Scan using sbtest2_pkey on sbtest2  (cost=0.43..403.87 rows=101 width=121)
	        Index Cond: ((id >= 5384482) AND (id <= 5384581))

table 3 : explain SELECT c FROM sbtest3 WHERE id BETWEEN 6097479 AND 6097578 ORDER BY c
	Sort  (cost=416.02..416.28 rows=103 width=121)
	  Sort Key: c
	  ->  Index Scan using sbtest3_pkey on sbtest3  (cost=0.43..412.58 rows=103 width=121)
	        Index Cond: ((id >= 6097479) AND (id <= 6097578))

table 4 : explain SELECT c FROM sbtest4 WHERE id BETWEEN 2932392 AND 2932491 ORDER BY c
	Sort  (cost=383.96..384.20 rows=95 width=121)
	  Sort Key: c
	  ->  Index Scan using sbtest4_pkey on sbtest4  (cost=0.43..380.84 rows=95 width=121)
	        Index Cond: ((id >= 2932392) AND (id <= 2932491))

table 5 : explain SELECT c FROM sbtest5 WHERE id BETWEEN 2067606 AND 2067705 ORDER BY c
	Sort  (cost=371.26..371.49 rows=92 width=121)
	  Sort Key: c
	  ->  Index Scan using sbtest5_pkey on sbtest5  (cost=0.43..368.26 rows=92 width=121)
	        Index Cond: ((id >= 2067606) AND (id <= 2067705))

table 6 : explain SELECT c FROM sbtest6 WHERE id BETWEEN 5857209 AND 5857308 ORDER BY c
	Sort  (cost=447.06..447.34 rows=111 width=121)
	  Sort Key: c
	  ->  Index Scan using sbtest6_pkey on sbtest6  (cost=0.43..443.29 rows=111 width=121)
	        Index Cond: ((id >= 5857209) AND (id <= 5857308))

table 7 : explain SELECT c FROM sbtest7 WHERE id BETWEEN 9562187 AND 9562286 ORDER BY c
	Sort  (cost=390.81..391.05 rows=97 width=121)
	  Sort Key: c
	  ->  Index Scan using sbtest7_pkey on sbtest7  (cost=0.43..387.61 rows=97 width=121)
	        Index Cond: ((id >= 9562187) AND (id <= 9562286))

table 8 : explain SELECT c FROM sbtest8 WHERE id BETWEEN 6194118 AND 6194217 ORDER BY c
	Sort  (cost=439.75..440.02 rows=109 width=121)
	  Sort Key: c
	  ->  Index Scan using sbtest8_pkey on sbtest8  (cost=0.43..436.06 rows=109 width=121)
	        Index Cond: ((id >= 6194118) AND (id <= 6194217))

for: order_ranges
table 1 : explain SELECT c FROM sbtest1 WHERE id BETWEEN 7480129 AND 7480228 ORDER BY c
	Sort  (cost=384.32..384.55 rows=95 width=121)
	  Sort Key: c
	  ->  Index Scan using sbtest1_pkey on sbtest1  (cost=0.43..381.20 rows=95 width=121)
	        Index Cond: ((id >= 7480129) AND (id <= 7480228))

table 2 : explain SELECT c FROM sbtest2 WHERE id BETWEEN 3176511 AND 3176610 ORDER BY c
	Sort  (cost=403.22..403.47 rows=100 width=121)
	  Sort Key: c
	  ->  Index Scan using sbtest2_pkey on sbtest2  (cost=0.43..399.90 rows=100 width=121)
	        Index Cond: ((id >= 3176511) AND (id <= 3176610))

table 3 : explain SELECT c FROM sbtest3 WHERE id BETWEEN 490577 AND 490676 ORDER BY c
	Sort  (cost=392.00..392.24 rows=97 width=121)
	  Sort Key: c
	  ->  Index Scan using sbtest3_pkey on sbtest3  (cost=0.43..388.79 rows=97 width=121)
	        Index Cond: ((id >= 490577) AND (id <= 490676))

table 4 : explain SELECT c FROM sbtest4 WHERE id BETWEEN 3940923 AND 3941022 ORDER BY c
	Sort  (cost=407.99..408.24 rows=101 width=121)
	  Sort Key: c
	  ->  Index Scan using sbtest4_pkey on sbtest4  (cost=0.43..404.63 rows=101 width=121)
	        Index Cond: ((id >= 3940923) AND (id <= 3941022))

table 5 : explain SELECT c FROM sbtest5 WHERE id BETWEEN 5992448 AND 5992547 ORDER BY c
	Sort  (cost=439.18..439.45 rows=109 width=121)
	  Sort Key: c
	  ->  Index Scan using sbtest5_pkey on sbtest5  (cost=0.43..435.49 rows=109 width=121)
	        Index Cond: ((id >= 5992448) AND (id <= 5992547))

table 6 : explain SELECT c FROM sbtest6 WHERE id BETWEEN 5671088 AND 5671187 ORDER BY c
	Sort  (cost=451.05..451.33 rows=112 width=121)
	  Sort Key: c
	  ->  Index Scan using sbtest6_pkey on sbtest6  (cost=0.43..447.24 rows=112 width=121)
	        Index Cond: ((id >= 5671088) AND (id <= 5671187))

table 7 : explain SELECT c FROM sbtest7 WHERE id BETWEEN 167857 AND 167956 ORDER BY c
	Sort  (cost=410.77..411.03 rows=102 width=121)
	  Sort Key: c
	  ->  Index Scan using sbtest7_pkey on sbtest7  (cost=0.43..407.37 rows=102 width=121)
	        Index Cond: ((id >= 167857) AND (id <= 167956))

table 8 : explain SELECT c FROM sbtest8 WHERE id BETWEEN 9073633 AND 9073732 ORDER BY c
	Sort  (cost=391.74..391.98 rows=97 width=121)
	  Sort Key: c
	  ->  Index Scan using sbtest8_pkey on sbtest8  (cost=0.43..388.54 rows=97 width=121)
	        Index Cond: ((id >= 9073633) AND (id <= 9073732))

for: sum_ranges
table 1 : explain SELECT SUM(k) FROM sbtest1 WHERE id BETWEEN 7410473 AND 7410572
	Aggregate  (cost=381.43..381.44 rows=1 width=8)
	  ->  Index Scan using sbtest1_pkey on sbtest1  (cost=0.43..381.20 rows=95 width=4)
	        Index Cond: ((id >= 7410473) AND (id <= 7410572))

table 2 : explain SELECT SUM(k) FROM sbtest2 WHERE id BETWEEN 5360252 AND 5360351
	Aggregate  (cost=404.12..404.13 rows=1 width=8)
	  ->  Index Scan using sbtest2_pkey on sbtest2  (cost=0.43..403.87 rows=101 width=4)
	        Index Cond: ((id >= 5360252) AND (id <= 5360351))

table 3 : explain SELECT SUM(k) FROM sbtest3 WHERE id BETWEEN 5663231 AND 5663330
	Aggregate  (cost=353.36..353.37 rows=1 width=8)
	  ->  Index Scan using sbtest3_pkey on sbtest3  (cost=0.43..353.14 rows=88 width=4)
	        Index Cond: ((id >= 5663231) AND (id <= 5663330))

table 4 : explain SELECT SUM(k) FROM sbtest4 WHERE id BETWEEN 7645619 AND 7645718
	Aggregate  (cost=396.94..396.95 rows=1 width=8)
	  ->  Index Scan using sbtest4_pkey on sbtest4  (cost=0.43..396.69 rows=99 width=4)
	        Index Cond: ((id >= 7645619) AND (id <= 7645718))

table 5 : explain SELECT SUM(k) FROM sbtest5 WHERE id BETWEEN 9309744 AND 9309843
	Aggregate  (cost=404.11..404.12 rows=1 width=8)
	  ->  Index Scan using sbtest5_pkey on sbtest5  (cost=0.43..403.86 rows=101 width=4)
	        Index Cond: ((id >= 9309744) AND (id <= 9309843))

table 6 : explain SELECT SUM(k) FROM sbtest6 WHERE id BETWEEN 4319223 AND 4319322
	Aggregate  (cost=431.70..431.71 rows=1 width=8)
	  ->  Index Scan using sbtest6_pkey on sbtest6  (cost=0.43..431.43 rows=108 width=4)
	        Index Cond: ((id >= 4319223) AND (id <= 4319322))

table 7 : explain SELECT SUM(k) FROM sbtest7 WHERE id BETWEEN 4329458 AND 4329557
	Aggregate  (cost=407.62..407.63 rows=1 width=8)
	  ->  Index Scan using sbtest7_pkey on sbtest7  (cost=0.43..407.37 rows=102 width=4)
	        Index Cond: ((id >= 4329458) AND (id <= 4329557))

table 8 : explain SELECT SUM(k) FROM sbtest8 WHERE id BETWEEN 6458857 AND 6458956
	Aggregate  (cost=392.74..392.75 rows=1 width=8)
	  ->  Index Scan using sbtest8_pkey on sbtest8  (cost=0.43..392.50 rows=98 width=4)
	        Index Cond: ((id >= 6458857) AND (id <= 6458956))

for: distinct_ranges
table 1 : explain SELECT DISTINCT c FROM sbtest1 WHERE id BETWEEN 6468944 AND 6469043 ORDER BY c
	Unique  (cost=424.38..424.91 rows=105 width=121)
	  ->  Sort  (cost=424.38..424.65 rows=105 width=121)
	        Sort Key: c
	        ->  Index Scan using sbtest1_pkey on sbtest1  (cost=0.43..420.86 rows=105 width=121)
	              Index Cond: ((id >= 6468944) AND (id <= 6469043))

table 2 : explain SELECT DISTINCT c FROM sbtest2 WHERE id BETWEEN 3338123 AND 3338222 ORDER BY c
	Unique  (cost=427.20..427.73 rows=106 width=121)
	  ->  Sort  (cost=427.20..427.46 rows=106 width=121)
	        Sort Key: c
	        ->  Index Scan using sbtest2_pkey on sbtest2  (cost=0.43..423.63 rows=106 width=121)
	              Index Cond: ((id >= 3338123) AND (id <= 3338222))

table 3 : explain SELECT DISTINCT c FROM sbtest3 WHERE id BETWEEN 3283231 AND 3283330 ORDER BY c
	Unique  (cost=375.99..376.45 rows=93 width=121)
	  ->  Sort  (cost=375.99..376.22 rows=93 width=121)
	        Sort Key: c
	        ->  Index Scan using sbtest3_pkey on sbtest3  (cost=0.43..372.95 rows=93 width=121)
	              Index Cond: ((id >= 3283231) AND (id <= 3283330))

table 4 : explain SELECT DISTINCT c FROM sbtest4 WHERE id BETWEEN 4100078 AND 4100177 ORDER BY c
	Unique  (cost=403.99..404.49 rows=100 width=121)
	  ->  Sort  (cost=403.99..404.24 rows=100 width=121)
	        Sort Key: c
	        ->  Index Scan using sbtest4_pkey on sbtest4  (cost=0.43..400.66 rows=100 width=121)
	              Index Cond: ((id >= 4100078) AND (id <= 4100177))

table 5 : explain SELECT DISTINCT c FROM sbtest5 WHERE id BETWEEN 456082 AND 456181 ORDER BY c
	Unique  (cost=459.15..459.72 rows=114 width=121)
	  ->  Sort  (cost=459.15..459.44 rows=114 width=121)
	        Sort Key: c
	        ->  Index Scan using sbtest5_pkey on sbtest5  (cost=0.43..455.26 rows=114 width=121)
	              Index Cond: ((id >= 456082) AND (id <= 456181))

table 6 : explain SELECT DISTINCT c FROM sbtest6 WHERE id BETWEEN 8826983 AND 8827082 ORDER BY c
	Unique  (cost=399.14..399.63 rows=99 width=121)
	  ->  Sort  (cost=399.14..399.39 rows=99 width=121)
	        Sort Key: c
	        ->  Index Scan using sbtest6_pkey on sbtest6  (cost=0.43..395.86 rows=99 width=121)
	              Index Cond: ((id >= 8826983) AND (id <= 8827082))

table 7 : explain SELECT DISTINCT c FROM sbtest7 WHERE id BETWEEN 7036366 AND 7036465 ORDER BY c
	Unique  (cost=430.72..431.26 rows=107 width=121)
	  ->  Sort  (cost=430.72..430.99 rows=107 width=121)
	        Sort Key: c
	        ->  Index Scan using sbtest7_pkey on sbtest7  (cost=0.43..427.11 rows=107 width=121)
	              Index Cond: ((id >= 7036366) AND (id <= 7036465))

table 8 : explain SELECT DISTINCT c FROM sbtest8 WHERE id BETWEEN 8582580 AND 8582679 ORDER BY c
	Unique  (cost=395.74..396.23 rows=98 width=121)
	  ->  Sort  (cost=395.74..395.98 rows=98 width=121)
	        Sort Key: c
	        ->  Index Scan using sbtest8_pkey on sbtest8  (cost=0.43..392.50 rows=98 width=121)
	              Index Cond: ((id >= 8582580) AND (id <= 8582679))

for: distinct_ranges
table 1 : explain SELECT DISTINCT c FROM sbtest1 WHERE id BETWEEN 8453083 AND 8453182 ORDER BY c
	Unique  (cost=384.32..384.79 rows=95 width=121)
	  ->  Sort  (cost=384.32..384.55 rows=95 width=121)
	        Sort Key: c
	        ->  Index Scan using sbtest1_pkey on sbtest1  (cost=0.43..381.20 rows=95 width=121)
	              Index Cond: ((id >= 8453083) AND (id <= 8453182))

table 2 : explain SELECT DISTINCT c FROM sbtest2 WHERE id BETWEEN 9346072 AND 9346171 ORDER BY c
	Unique  (cost=387.24..387.72 rows=96 width=121)
	  ->  Sort  (cost=387.24..387.48 rows=96 width=121)
	        Sort Key: c
	        ->  Index Scan using sbtest2_pkey on sbtest2  (cost=0.43..384.08 rows=96 width=121)
	              Index Cond: ((id >= 9346072) AND (id <= 9346171))

table 3 : explain SELECT DISTINCT c FROM sbtest3 WHERE id BETWEEN 3697634 AND 3697733 ORDER BY c
	Unique  (cost=392.00..392.48 rows=97 width=121)
	  ->  Sort  (cost=392.00..392.24 rows=97 width=121)
	        Sort Key: c
	        ->  Index Scan using sbtest3_pkey on sbtest3  (cost=0.43..388.79 rows=97 width=121)
	              Index Cond: ((id >= 3697634) AND (id <= 3697733))

table 4 : explain SELECT DISTINCT c FROM sbtest4 WHERE id BETWEEN 3816608 AND 3816707 ORDER BY c
	Unique  (cost=383.96..384.44 rows=95 width=121)
	  ->  Sort  (cost=383.96..384.20 rows=95 width=121)
	        Sort Key: c
	        ->  Index Scan using sbtest4_pkey on sbtest4  (cost=0.43..380.84 rows=95 width=121)
	              Index Cond: ((id >= 3816608) AND (id <= 3816707))

table 5 : explain SELECT DISTINCT c FROM sbtest5 WHERE id BETWEEN 6330577 AND 6330676 ORDER BY c
	Unique  (cost=427.19..427.72 rows=106 width=121)
	  ->  Sort  (cost=427.19..427.46 rows=106 width=121)
	        Sort Key: c
	        ->  Index Scan using sbtest5_pkey on sbtest5  (cost=0.43..423.63 rows=106 width=121)
	              Index Cond: ((id >= 6330577) AND (id <= 6330676))

table 6 : explain SELECT DISTINCT c FROM sbtest6 WHERE id BETWEEN 499788 AND 499887 ORDER BY c
	Unique  (cost=415.11..415.63 rows=103 width=121)
	  ->  Sort  (cost=415.11..415.37 rows=103 width=121)
	        Sort Key: c
	        ->  Index Scan using sbtest6_pkey on sbtest6  (cost=0.43..411.67 rows=103 width=121)
	              Index Cond: ((id >= 499788) AND (id <= 499887))

table 7 : explain SELECT DISTINCT c FROM sbtest7 WHERE id BETWEEN 7141460 AND 7141559 ORDER BY c
	Unique  (cost=430.72..431.26 rows=107 width=121)
	  ->  Sort  (cost=430.72..430.99 rows=107 width=121)
	        Sort Key: c
	        ->  Index Scan using sbtest7_pkey on sbtest7  (cost=0.43..427.11 rows=107 width=121)
	              Index Cond: ((id >= 7141460) AND (id <= 7141559))

table 8 : explain SELECT DISTINCT c FROM sbtest8 WHERE id BETWEEN 2238880 AND 2238979 ORDER BY c
	Unique  (cost=391.74..392.23 rows=97 width=121)
	  ->  Sort  (cost=391.74..391.98 rows=97 width=121)
	        Sort Key: c
	        ->  Index Scan using sbtest8_pkey on sbtest8  (cost=0.43..388.54 rows=97 width=121)
	              Index Cond: ((id >= 2238880) AND (id <= 2238979))

for: distinct_ranges
table 1 : explain SELECT DISTINCT c FROM sbtest1 WHERE id BETWEEN 9030545 AND 9030644 ORDER BY c
	Unique  (cost=372.30..372.76 rows=92 width=121)
	  ->  Sort  (cost=372.30..372.53 rows=92 width=121)
	        Sort Key: c
	        ->  Index Scan using sbtest1_pkey on sbtest1  (cost=0.43..369.30 rows=92 width=121)
	              Index Cond: ((id >= 9030545) AND (id <= 9030644))

table 2 : explain SELECT DISTINCT c FROM sbtest2 WHERE id BETWEEN 4105142 AND 4105241 ORDER BY c
	Unique  (cost=419.21..419.73 rows=104 width=121)
	  ->  Sort  (cost=419.21..419.47 rows=104 width=121)
	        Sort Key: c
	        ->  Index Scan using sbtest2_pkey on sbtest2  (cost=0.43..415.73 rows=104 width=121)
	              Index Cond: ((id >= 4105142) AND (id <= 4105241))

table 3 : explain SELECT DISTINCT c FROM sbtest3 WHERE id BETWEEN 1428304 AND 1428403 ORDER BY c
	Unique  (cost=375.99..376.45 rows=93 width=121)
	  ->  Sort  (cost=375.99..376.22 rows=93 width=121)
	        Sort Key: c
	        ->  Index Scan using sbtest3_pkey on sbtest3  (cost=0.43..372.95 rows=93 width=121)
	              Index Cond: ((id >= 1428304) AND (id <= 1428403))

table 4 : explain SELECT DISTINCT c FROM sbtest4 WHERE id BETWEEN 1336972 AND 1337071 ORDER BY c
	Unique  (cost=419.99..420.51 rows=104 width=121)
	  ->  Sort  (cost=419.99..420.25 rows=104 width=121)
	        Sort Key: c
	        ->  Index Scan using sbtest4_pkey on sbtest4  (cost=0.43..416.51 rows=104 width=121)
	              Index Cond: ((id >= 1336972) AND (id <= 1337071))

table 5 : explain SELECT DISTINCT c FROM sbtest5 WHERE id BETWEEN 3805029 AND 3805128 ORDER BY c
	Unique  (cost=427.19..427.72 rows=106 width=121)
	  ->  Sort  (cost=427.19..427.46 rows=106 width=121)
	        Sort Key: c
	        ->  Index Scan using sbtest5_pkey on sbtest5  (cost=0.43..423.63 rows=106 width=121)
	              Index Cond: ((id >= 3805029) AND (id <= 3805128))

table 6 : explain SELECT DISTINCT c FROM sbtest6 WHERE id BETWEEN 3718449 AND 3718548 ORDER BY c
	Unique  (cost=399.14..399.63 rows=99 width=121)
	  ->  Sort  (cost=399.14..399.39 rows=99 width=121)
	        Sort Key: c
	        ->  Index Scan using sbtest6_pkey on sbtest6  (cost=0.43..395.86 rows=99 width=121)
	              Index Cond: ((id >= 3718449) AND (id <= 3718548))

table 7 : explain SELECT DISTINCT c FROM sbtest7 WHERE id BETWEEN 8318965 AND 8319064 ORDER BY c
	Unique  (cost=406.78..407.29 rows=101 width=121)
	  ->  Sort  (cost=406.78..407.03 rows=101 width=121)
	        Sort Key: c
	        ->  Index Scan using sbtest7_pkey on sbtest7  (cost=0.43..403.42 rows=101 width=121)
	              Index Cond: ((id >= 8318965) AND (id <= 8319064))

table 8 : explain SELECT DISTINCT c FROM sbtest8 WHERE id BETWEEN 8956674 AND 8956773 ORDER BY c
	Unique  (cost=399.75..400.25 rows=99 width=121)
	  ->  Sort  (cost=399.75..400.00 rows=99 width=121)
	        Sort Key: c
	        ->  Index Scan using sbtest8_pkey on sbtest8  (cost=0.43..396.47 rows=99 width=121)
	              Index Cond: ((id >= 8956674) AND (id <= 8956773))

for: order_ranges
table 1 : explain SELECT c FROM sbtest1 WHERE id BETWEEN 369725 AND 369824 ORDER BY c
	Sort  (cost=388.32..388.56 rows=96 width=121)
	  Sort Key: c
	  ->  Index Scan using sbtest1_pkey on sbtest1  (cost=0.43..385.16 rows=96 width=121)
	        Index Cond: ((id >= 369725) AND (id <= 369824))

table 2 : explain SELECT c FROM sbtest2 WHERE id BETWEEN 9158697 AND 9158796 ORDER BY c
	Sort  (cost=403.22..403.47 rows=100 width=121)
	  Sort Key: c
	  ->  Index Scan using sbtest2_pkey on sbtest2  (cost=0.43..399.90 rows=100 width=121)
	        Index Cond: ((id >= 9158697) AND (id <= 9158796))

table 3 : explain SELECT c FROM sbtest3 WHERE id BETWEEN 8354668 AND 8354767 ORDER BY c
	Sort  (cost=420.02..420.28 rows=104 width=121)
	  Sort Key: c
	  ->  Index Scan using sbtest3_pkey on sbtest3  (cost=0.43..416.54 rows=104 width=121)
	        Index Cond: ((id >= 8354668) AND (id <= 8354767))

table 4 : explain SELECT c FROM sbtest4 WHERE id BETWEEN 2567062 AND 2567161 ORDER BY c
	Sort  (cost=383.96..384.20 rows=95 width=121)
	  Sort Key: c
	  ->  Index Scan using sbtest4_pkey on sbtest4  (cost=0.43..380.84 rows=95 width=121)
	        Index Cond: ((id >= 2567062) AND (id <= 2567161))

table 5 : explain SELECT c FROM sbtest5 WHERE id BETWEEN 6769300 AND 6769399 ORDER BY c
	Sort  (cost=423.20..423.46 rows=105 width=121)
	  Sort Key: c
	  ->  Index Scan using sbtest5_pkey on sbtest5  (cost=0.43..419.68 rows=105 width=121)
	        Index Cond: ((id >= 6769300) AND (id <= 6769399))

table 6 : explain SELECT c FROM sbtest6 WHERE id BETWEEN 698013 AND 698112 ORDER BY c
	Sort  (cost=387.14..387.38 rows=96 width=121)
	  Sort Key: c
	  ->  Index Scan using sbtest6_pkey on sbtest6  (cost=0.43..383.98 rows=96 width=121)
	        Index Cond: ((id >= 698013) AND (id <= 698112))

table 7 : explain SELECT c FROM sbtest7 WHERE id BETWEEN 425769 AND 425868 ORDER BY c
	Sort  (cost=430.72..430.99 rows=107 width=121)
	  Sort Key: c
	  ->  Index Scan using sbtest7_pkey on sbtest7  (cost=0.43..427.11 rows=107 width=121)
	        Index Cond: ((id >= 425769) AND (id <= 425868))

table 8 : explain SELECT c FROM sbtest8 WHERE id BETWEEN 2663319 AND 2663418 ORDER BY c
	Sort  (cost=379.74..379.98 rows=94 width=121)
	  Sort Key: c
	  ->  Index Scan using sbtest8_pkey on sbtest8  (cost=0.43..376.66 rows=94 width=121)
	        Index Cond: ((id >= 2663319) AND (id <= 2663418))

for: distinct_ranges
table 1 : explain SELECT DISTINCT c FROM sbtest1 WHERE id BETWEEN 6915902 AND 6916001 ORDER BY c
	Unique  (cost=424.38..424.91 rows=105 width=121)
	  ->  Sort  (cost=424.38..424.65 rows=105 width=121)
	        Sort Key: c
	        ->  Index Scan using sbtest1_pkey on sbtest1  (cost=0.43..420.86 rows=105 width=121)
	              Index Cond: ((id >= 6915902) AND (id <= 6916001))

table 2 : explain SELECT DISTINCT c FROM sbtest2 WHERE id BETWEEN 7612793 AND 7612892 ORDER BY c
	Unique  (cost=443.18..443.73 rows=110 width=121)
	  ->  Sort  (cost=443.18..443.45 rows=110 width=121)
	        Sort Key: c
	        ->  Index Scan using sbtest2_pkey on sbtest2  (cost=0.43..439.45 rows=110 width=121)
	              Index Cond: ((id >= 7612793) AND (id <= 7612892))

table 3 : explain SELECT DISTINCT c FROM sbtest3 WHERE id BETWEEN 7852897 AND 7852996 ORDER BY c
	Unique  (cost=400.00..400.49 rows=99 width=121)
	  ->  Sort  (cost=400.00..400.25 rows=99 width=121)
	        Sort Key: c
	        ->  Index Scan using sbtest3_pkey on sbtest3  (cost=0.43..396.72 rows=99 width=121)
	              Index Cond: ((id >= 7852897) AND (id <= 7852996))

table 4 : explain SELECT DISTINCT c FROM sbtest4 WHERE id BETWEEN 311519 AND 311618 ORDER BY c
	Unique  (cost=379.96..380.43 rows=94 width=121)
	  ->  Sort  (cost=379.96..380.20 rows=94 width=121)
	        Sort Key: c
	        ->  Index Scan using sbtest4_pkey on sbtest4  (cost=0.43..376.88 rows=94 width=121)
	              Index Cond: ((id >= 311519) AND (id <= 311618))

table 5 : explain SELECT DISTINCT c FROM sbtest5 WHERE id BETWEEN 7026993 AND 7027092 ORDER BY c
	Unique  (cost=355.29..355.73 rows=88 width=121)
	  ->  Sort  (cost=355.29..355.51 rows=88 width=121)
	        Sort Key: c
	        ->  Index Scan using sbtest5_pkey on sbtest5  (cost=0.43..352.45 rows=88 width=121)
	              Index Cond: ((id >= 7026993) AND (id <= 7027092))

table 6 : explain SELECT DISTINCT c FROM sbtest6 WHERE id BETWEEN 4581529 AND 4581628 ORDER BY c
	Unique  (cost=419.10..419.62 rows=104 width=121)
	  ->  Sort  (cost=419.10..419.36 rows=104 width=121)
	        Sort Key: c
	        ->  Index Scan using sbtest6_pkey on sbtest6  (cost=0.43..415.62 rows=104 width=121)
	              Index Cond: ((id >= 4581529) AND (id <= 4581628))

table 7 : explain SELECT DISTINCT c FROM sbtest7 WHERE id BETWEEN 2160168 AND 2160267 ORDER BY c
	Unique  (cost=458.65..459.22 rows=114 width=121)
	  ->  Sort  (cost=458.65..458.94 rows=114 width=121)
	        Sort Key: c
	        ->  Index Scan using sbtest7_pkey on sbtest7  (cost=0.43..454.76 rows=114 width=121)
	              Index Cond: ((id >= 2160168) AND (id <= 2160267))

table 8 : explain SELECT DISTINCT c FROM sbtest8 WHERE id BETWEEN 1995014 AND 1995113 ORDER BY c
	Unique  (cost=395.74..396.23 rows=98 width=121)
	  ->  Sort  (cost=395.74..395.98 rows=98 width=121)
	        Sort Key: c
	        ->  Index Scan using sbtest8_pkey on sbtest8  (cost=0.43..392.50 rows=98 width=121)
	              Index Cond: ((id >= 1995014) AND (id <= 1995113))

Threads started!

Warming up for 5 seconds...

SQL statistics:
    queries performed:
        read:                            258423446
        write:                           0
        other:                           36917650
        total:                           295341096
    transactions:                        18458845 (29299.40 per sec.)
    queries:                             295341096 (468789.79 per sec.)
    ignored errors:                      0      (0.00 per sec.)
    reconnects:                          0      (0.00 per sec.)

Throughput:
    events/s (eps):                      29299.4042
    time elapsed:                        630.0076s
    total number of events:              18458845

Latency (ms):
         min:                                    1.12
         avg:                                    1.36
         max:                                    9.59
         95th percentile:                        1.42
         sum:                             25182402.36

Threads fairness:
    events (avg/stddev):           461470.5500/2681.71
    execution time (avg/stddev):   629.5601/0.01

