LUA_PATH=/home/mdcallag/git/mytools/bench/sysbench.lua/lua/?.lua /home/mdcallag/git/mytools/bench/sysbench.lua/lua/sysbench --db-driver=pgsql --range-size=100 --table-size=10000000 --tables=8 --threads=40 --events=0 --warmup-time=5 --time=630 --pgsql_conn_id=true /home/mdcallag/git/mytools/bench/sysbench.lua/lua/oltp_range_covered.lua run --pgsql-user=root --pgsql-password=pw --pgsql-host=127.0.0.1 --pgsql-db=ib --rand-type=uniform --random-points=100 --skip-trx --on-id=false --covered=false
48 CPUs
sysbench 1.1.0-9072687 (using bundled LuaJIT 2.1.0-beta3)

Running the test with following options:
Number of threads: 40
Warmup time: 5s
Initializing random number generator from current time


Initializing worker threads...

explain: for range-notcovered :: explain SELECT k, c FROM sbtest%d WHERE k BETWEEN 3839195 AND 3839295
explain: for range-notcovered :: explain SELECT k, c FROM sbtest%d WHERE k BETWEEN 3522661 AND 3522761
explain: for range-notcovered :: explain SELECT k, c FROM sbtest%d WHERE k BETWEEN 2982615 AND 2982715
explain: for range-notcovered :: explain SELECT k, c FROM sbtest%d WHERE k BETWEEN 976638 AND 976738
explain: for range-notcovered :: explain SELECT k, c FROM sbtest%d WHERE k BETWEEN 4674984 AND 4675084
explain: for range-notcovered :: explain SELECT k, c FROM sbtest%d WHERE k BETWEEN 8691595 AND 8691695
explain: for range-notcovered :: explain SELECT k, c FROM sbtest%d WHERE k BETWEEN 6443507 AND 6443607
for range-notcovered
table 1 : explain SELECT k, c FROM sbtest1 WHERE k BETWEEN 3522661 AND 3522761
	Bitmap Heap Scan on sbtest1  (cost=5.48..409.07 rows=102 width=125)
	  Recheck Cond: ((k >= 3522661) AND (k <= 3522761))
	  ->  Bitmap Index Scan on k_1  (cost=0.00..5.45 rows=102 width=0)
	        Index Cond: ((k >= 3522661) AND (k <= 3522761))

table 2 : explain SELECT k, c FROM sbtest2 WHERE k BETWEEN 3522661 AND 3522761
	Bitmap Heap Scan on sbtest2  (cost=5.50..416.94 rows=104 width=125)
	  Recheck Cond: ((k >= 3522661) AND (k <= 3522761))
	  ->  Bitmap Index Scan on k_2  (cost=0.00..5.47 rows=104 width=0)
	        Index Cond: ((k >= 3522661) AND (k <= 3522761))

table 3 : explain SELECT k, c FROM sbtest3 WHERE k BETWEEN 3522661 AND 3522761
	Bitmap Heap Scan on sbtest3  (cost=5.49..413.00 rows=103 width=125)
	  Recheck Cond: ((k >= 3522661) AND (k <= 3522761))
	  ->  Bitmap Index Scan on k_3  (cost=0.00..5.46 rows=103 width=0)
	        Index Cond: ((k >= 3522661) AND (k <= 3522761))

table 4 : explain SELECT k, c FROM sbtest4 WHERE k BETWEEN 3522661 AND 3522761
	Bitmap Heap Scan on sbtest4  (cost=5.48..409.07 rows=102 width=125)
	  Recheck Cond: ((k >= 3522661) AND (k <= 3522761))
	  ->  Bitmap Index Scan on k_4  (cost=0.00..5.45 rows=102 width=0)
	        Index Cond: ((k >= 3522661) AND (k <= 3522761))

table 5 : explain SELECT k, c FROM sbtest5 WHERE k BETWEEN 3522661 AND 3522761
	Bitmap Heap Scan on sbtest5  (cost=5.45..397.25 rows=99 width=125)
	  Recheck Cond: ((k >= 3522661) AND (k <= 3522761))
	  ->  Bitmap Index Scan on k_5  (cost=0.00..5.42 rows=99 width=0)
	        Index Cond: ((k >= 3522661) AND (k <= 3522761))

table 6 : explain SELECT k, c FROM sbtest6 WHERE k BETWEEN 3522661 AND 3522761
	Bitmap Heap Scan on sbtest6  (cost=5.49..413.00 rows=103 width=125)
	  Recheck Cond: ((k >= 3522661) AND (k <= 3522761))
	  ->  Bitmap Index Scan on k_6  (cost=0.00..5.46 rows=103 width=0)
	        Index Cond: ((k >= 3522661) AND (k <= 3522761))

table 7 : explain SELECT k, c FROM sbtest7 WHERE k BETWEEN 3522661 AND 3522761
	Bitmap Heap Scan on sbtest7  (cost=5.48..409.07 rows=102 width=125)
	  Recheck Cond: ((k >= 3522661) AND (k <= 3522761))
	  ->  Bitmap Index Scan on k_7  (cost=0.00..5.45 rows=102 width=0)
	        Index Cond: ((k >= 3522661) AND (k <= 3522761))

table 8 : explain SELECT k, c FROM sbtest8 WHERE k BETWEEN 3522661 AND 3522761
	Bitmap Heap Scan on sbtest8  (cost=5.39..373.61 rows=93 width=125)
	  Recheck Cond: ((k >= 3522661) AND (k <= 3522761))
	  ->  Bitmap Index Scan on k_8  (cost=0.00..5.36 rows=93 width=0)
	        Index Cond: ((k >= 3522661) AND (k <= 3522761))

for range-notcovered
table 1 : explain SELECT k, c FROM sbtest1 WHERE k BETWEEN 976638 AND 976738
	Bitmap Heap Scan on sbtest1  (cost=5.51..420.88 rows=105 width=125)
	  Recheck Cond: ((k >= 976638) AND (k <= 976738))
	  ->  Bitmap Index Scan on k_1  (cost=0.00..5.48 rows=105 width=0)
	        Index Cond: ((k >= 976638) AND (k <= 976738))

table 2 : explain SELECT k, c FROM sbtest2 WHERE k BETWEEN 976638 AND 976738
	Bitmap Heap Scan on sbtest2  (cost=5.52..424.81 rows=106 width=125)
	  Recheck Cond: ((k >= 976638) AND (k <= 976738))
	  ->  Bitmap Index Scan on k_2  (cost=0.00..5.50 rows=106 width=0)
	        Index Cond: ((k >= 976638) AND (k <= 976738))

table 3 : explain SELECT k, c FROM sbtest3 WHERE k BETWEEN 976638 AND 976738
	Bitmap Heap Scan on sbtest3  (cost=5.48..409.07 rows=102 width=125)
	  Recheck Cond: ((k >= 976638) AND (k <= 976738))
	  ->  Bitmap Index Scan on k_3  (cost=0.00..5.45 rows=102 width=0)
	        Index Cond: ((k >= 976638) AND (k <= 976738))

table 4 : explain SELECT k, c FROM sbtest4 WHERE k BETWEEN 976638 AND 976738
	Bitmap Heap Scan on sbtest4  (cost=5.49..413.00 rows=103 width=125)
	  Recheck Cond: ((k >= 976638) AND (k <= 976738))
	  ->  Bitmap Index Scan on k_4  (cost=0.00..5.46 rows=103 width=0)
	        Index Cond: ((k >= 976638) AND (k <= 976738))

table 5 : explain SELECT k, c FROM sbtest5 WHERE k BETWEEN 976638 AND 976738
	Bitmap Heap Scan on sbtest5  (cost=5.50..416.94 rows=104 width=125)
	  Recheck Cond: ((k >= 976638) AND (k <= 976738))
	  ->  Bitmap Index Scan on k_5  (cost=0.00..5.47 rows=104 width=0)
	        Index Cond: ((k >= 976638) AND (k <= 976738))

table 6 : explain SELECT k, c FROM sbtest6 WHERE k BETWEEN 976638 AND 976738
	Bitmap Heap Scan on sbtest6  (cost=5.62..464.15 rows=116 width=125)
	  Recheck Cond: ((k >= 976638) AND (k <= 976738))
	  ->  Bitmap Index Scan on k_6  (cost=0.00..5.59 rows=116 width=0)
	        Index Cond: ((k >= 976638) AND (k <= 976738))

table 7 : explain SELECT k, c FROM sbtest7 WHERE k BETWEEN 976638 AND 976738
	Bitmap Heap Scan on sbtest7  (cost=5.58..448.42 rows=112 width=125)
	  Recheck Cond: ((k >= 976638) AND (k <= 976738))
	  ->  Bitmap Index Scan on k_7  (cost=0.00..5.55 rows=112 width=0)
	        Index Cond: ((k >= 976638) AND (k <= 976738))

table 8 : explain SELECT k, c FROM sbtest8 WHERE k BETWEEN 976638 AND 976738
	Bitmap Heap Scan on sbtest8  (cost=5.45..397.25 rows=99 width=125)
	  Recheck Cond: ((k >= 976638) AND (k <= 976738))
	  ->  Bitmap Index Scan on k_8  (cost=0.00..5.42 rows=99 width=0)
	        Index Cond: ((k >= 976638) AND (k <= 976738))

for range-notcovered
table 1 : explain SELECT k, c FROM sbtest1 WHERE k BETWEEN 8691595 AND 8691695
	Bitmap Heap Scan on sbtest1  (cost=5.51..420.88 rows=105 width=125)
	  Recheck Cond: ((k >= 8691595) AND (k <= 8691695))
	  ->  Bitmap Index Scan on k_1  (cost=0.00..5.48 rows=105 width=0)
	        Index Cond: ((k >= 8691595) AND (k <= 8691695))

table 2 : explain SELECT k, c FROM sbtest2 WHERE k BETWEEN 8691595 AND 8691695
	Bitmap Heap Scan on sbtest2  (cost=5.42..385.43 rows=96 width=125)
	  Recheck Cond: ((k >= 8691595) AND (k <= 8691695))
	  ->  Bitmap Index Scan on k_2  (cost=0.00..5.39 rows=96 width=0)
	        Index Cond: ((k >= 8691595) AND (k <= 8691695))

table 3 : explain SELECT k, c FROM sbtest3 WHERE k BETWEEN 8691595 AND 8691695
	Bitmap Heap Scan on sbtest3  (cost=5.48..409.07 rows=102 width=125)
	  Recheck Cond: ((k >= 8691595) AND (k <= 8691695))
	  ->  Bitmap Index Scan on k_3  (cost=0.00..5.45 rows=102 width=0)
	        Index Cond: ((k >= 8691595) AND (k <= 8691695))

table 4 : explain SELECT k, c FROM sbtest4 WHERE k BETWEEN 8691595 AND 8691695
	Bitmap Heap Scan on sbtest4  (cost=5.50..416.94 rows=104 width=125)
	  Recheck Cond: ((k >= 8691595) AND (k <= 8691695))
	  ->  Bitmap Index Scan on k_4  (cost=0.00..5.47 rows=104 width=0)
	        Index Cond: ((k >= 8691595) AND (k <= 8691695))

table 5 : explain SELECT k, c FROM sbtest5 WHERE k BETWEEN 8691595 AND 8691695
	Bitmap Heap Scan on sbtest5  (cost=5.47..405.13 rows=101 width=125)
	  Recheck Cond: ((k >= 8691595) AND (k <= 8691695))
	  ->  Bitmap Index Scan on k_5  (cost=0.00..5.44 rows=101 width=0)
	        Index Cond: ((k >= 8691595) AND (k <= 8691695))

table 6 : explain SELECT k, c FROM sbtest6 WHERE k BETWEEN 8691595 AND 8691695
	Bitmap Heap Scan on sbtest6  (cost=5.40..377.55 rows=94 width=125)
	  Recheck Cond: ((k >= 8691595) AND (k <= 8691695))
	  ->  Bitmap Index Scan on k_6  (cost=0.00..5.38 rows=94 width=0)
	        Index Cond: ((k >= 8691595) AND (k <= 8691695))

table 7 : explain SELECT k, c FROM sbtest7 WHERE k BETWEEN 8691595 AND 8691695
	Bitmap Heap Scan on sbtest7  (cost=5.52..424.81 rows=106 width=125)
	  Recheck Cond: ((k >= 8691595) AND (k <= 8691695))
	  ->  Bitmap Index Scan on k_7  (cost=0.00..5.50 rows=106 width=0)
	        Index Cond: ((k >= 8691595) AND (k <= 8691695))

table 8 : explain SELECT k, c FROM sbtest8 WHERE k BETWEEN 8691595 AND 8691695
	Bitmap Heap Scan on sbtest8  (cost=5.50..416.94 rows=104 width=125)
	  Recheck Cond: ((k >= 8691595) AND (k <= 8691695))
	  ->  Bitmap Index Scan on k_8  (cost=0.00..5.47 rows=104 width=0)
	        Index Cond: ((k >= 8691595) AND (k <= 8691695))

explain: for range-notcovered :: explain SELECT k, c FROM sbtest%d WHERE k BETWEEN 3522661 AND 3522761
explain: for range-notcovered :: explain SELECT k, c FROM sbtest%d WHERE k BETWEEN 4671876 AND 4671976
explain: for range-notcovered :: explain SELECT k, c FROM sbtest%d WHERE k BETWEEN 8691595 AND 8691695
for range-notcovered
table 1 : explain SELECT k, c FROM sbtest1 WHERE k BETWEEN 2982615 AND 2982715
	Bitmap Heap Scan on sbtest1  (cost=5.44..393.31 rows=98 width=125)
	  Recheck Cond: ((k >= 2982615) AND (k <= 2982715))
	  ->  Bitmap Index Scan on k_1  (cost=0.00..5.42 rows=98 width=0)
	        Index Cond: ((k >= 2982615) AND (k <= 2982715))

table 2 : explain SELECT k, c FROM sbtest2 WHERE k BETWEEN 2982615 AND 2982715
	Bitmap Heap Scan on sbtest2  (cost=5.47..405.13 rows=101 width=125)
	  Recheck Cond: ((k >= 2982615) AND (k <= 2982715))
	  ->  Bitmap Index Scan on k_2  (cost=0.00..5.44 rows=101 width=0)
	        Index Cond: ((k >= 2982615) AND (k <= 2982715))

table 3 : explain SELECT k, c FROM sbtest3 WHERE k BETWEEN 2982615 AND 2982715
	Bitmap Heap Scan on sbtest3  (cost=5.43..389.37 rows=97 width=125)
	  Recheck Cond: ((k >= 2982615) AND (k <= 2982715))
	  ->  Bitmap Index Scan on k_3  (cost=0.00..5.40 rows=97 width=0)
	        Index Cond: ((k >= 2982615) AND (k <= 2982715))

table 4 : explain SELECT k, c FROM sbtest4 WHERE k BETWEEN 2982615 AND 2982715
	Bitmap Heap Scan on sbtest4  (cost=5.48..409.07 rows=102 width=125)
	  Recheck Cond: ((k >= 2982615) AND (k <= 2982715))
	  ->  Bitmap Index Scan on k_4  (cost=0.00..5.45 rows=102 width=0)
	        Index Cond: ((k >= 2982615) AND (k <= 2982715))

table 5 : explain SELECT k, c FROM sbtest5 WHERE k BETWEEN 2982615 AND 2982715
	Bitmap Heap Scan on sbtest5  (cost=5.55..436.62 rows=109 width=125)
	  Recheck Cond: ((k >= 2982615) AND (k <= 2982715))
	  ->  Bitmap Index Scan on k_5  (cost=0.00..5.52 rows=109 width=0)
	        Index Cond: ((k >= 2982615) AND (k <= 2982715))

table 6 : explain SELECT k, c FROM sbtest6 WHERE k BETWEEN 2982615 AND 2982715
	Bitmap Heap Scan on sbtest6  (cost=5.48..409.07 rows=102 width=125)
	  Recheck Cond: ((k >= 2982615) AND (k <= 2982715))
	  ->  Bitmap Index Scan on k_6  (cost=0.00..5.45 rows=102 width=0)
	        Index Cond: ((k >= 2982615) AND (k <= 2982715))

table 7 : explain SELECT k, c FROM sbtest7 WHERE k BETWEEN 2982615 AND 2982715
	Bitmap Heap Scan on sbtest7  (cost=5.53..428.75 rows=107 width=125)
	  Recheck Cond: ((k >= 2982615) AND (k <= 2982715))
	  ->  Bitmap Index Scan on k_7  (cost=0.00..5.50 rows=107 width=0)
	        Index Cond: ((k >= 2982615) AND (k <= 2982715))

table 8 : explain SELECT k, c FROM sbtest8 WHERE k BETWEEN 2982615 AND 2982715
	Bitmap Heap Scan on sbtest8  (cost=5.51..420.88 rows=105 width=125)
	  Recheck Cond: ((k >= 2982615) AND (k <= 2982715))
	  ->  Bitmap Index Scan on k_8  (cost=0.00..5.48 rows=105 width=0)
	        Index Cond: ((k >= 2982615) AND (k <= 2982715))

explain: for range-notcovered :: explain SELECT k, c FROM sbtest%d WHERE k BETWEEN 976638 AND 976738
explain: for range-notcovered :: explain SELECT k, c FROM sbtest%d WHERE k BETWEEN 2982615 AND 2982715
explain: for range-notcovered :: explain SELECT k, c FROM sbtest%d WHERE k BETWEEN 5028008 AND 5028108
for range-notcovered
table 1 : explain SELECT k, c FROM sbtest1 WHERE k BETWEEN 3839195 AND 3839295
	Bitmap Heap Scan on sbtest1  (cost=5.52..424.81 rows=106 width=125)
	  Recheck Cond: ((k >= 3839195) AND (k <= 3839295))
	  ->  Bitmap Index Scan on k_1  (cost=0.00..5.50 rows=106 width=0)
	        Index Cond: ((k >= 3839195) AND (k <= 3839295))

table 2 : explain SELECT k, c FROM sbtest2 WHERE k BETWEEN 3839195 AND 3839295
	Bitmap Heap Scan on sbtest2  (cost=5.61..460.22 rows=115 width=125)
	  Recheck Cond: ((k >= 3839195) AND (k <= 3839295))
	  ->  Bitmap Index Scan on k_2  (cost=0.00..5.58 rows=115 width=0)
	        Index Cond: ((k >= 3839195) AND (k <= 3839295))

table 3 : explain SELECT k, c FROM sbtest3 WHERE k BETWEEN 3839195 AND 3839295
	Bitmap Heap Scan on sbtest3  (cost=5.45..397.25 rows=99 width=125)
	  Recheck Cond: ((k >= 3839195) AND (k <= 3839295))
	  ->  Bitmap Index Scan on k_3  (cost=0.00..5.42 rows=99 width=0)
	        Index Cond: ((k >= 3839195) AND (k <= 3839295))

table 4 : explain SELECT k, c FROM sbtest4 WHERE k BETWEEN 3839195 AND 3839295
	Bitmap Heap Scan on sbtest4  (cost=5.47..405.13 rows=101 width=125)
	  Recheck Cond: ((k >= 3839195) AND (k <= 3839295))
	  ->  Bitmap Index Scan on k_4  (cost=0.00..5.44 rows=101 width=0)
	        Index Cond: ((k >= 3839195) AND (k <= 3839295))

table 5 : explain SELECT k, c FROM sbtest5 WHERE k BETWEEN 3839195 AND 3839295
	Bitmap Heap Scan on sbtest5  (cost=5.47..405.13 rows=101 width=125)
	  Recheck Cond: ((k >= 3839195) AND (k <= 3839295))
	  ->  Bitmap Index Scan on k_5  (cost=0.00..5.44 rows=101 width=0)
	        Index Cond: ((k >= 3839195) AND (k <= 3839295))

table 6 : explain SELECT k, c FROM sbtest6 WHERE k BETWEEN 3839195 AND 3839295
	Bitmap Heap Scan on sbtest6  (cost=5.43..389.37 rows=97 width=125)
	  Recheck Cond: ((k >= 3839195) AND (k <= 3839295))
	  ->  Bitmap Index Scan on k_6  (cost=0.00..5.40 rows=97 width=0)
	        Index Cond: ((k >= 3839195) AND (k <= 3839295))

table 7 : explain SELECT k, c FROM sbtest7 WHERE k BETWEEN 3839195 AND 3839295
	Bitmap Heap Scan on sbtest7  (cost=5.43..389.37 rows=97 width=125)
	  Recheck Cond: ((k >= 3839195) AND (k <= 3839295))
	  ->  Bitmap Index Scan on k_7  (cost=0.00..5.40 rows=97 width=0)
	        Index Cond: ((k >= 3839195) AND (k <= 3839295))

table 8 : explain SELECT k, c FROM sbtest8 WHERE k BETWEEN 3839195 AND 3839295
	Bitmap Heap Scan on sbtest8  (cost=5.48..409.07 rows=102 width=125)
	  Recheck Cond: ((k >= 3839195) AND (k <= 3839295))
	  ->  Bitmap Index Scan on k_8  (cost=0.00..5.45 rows=102 width=0)
	        Index Cond: ((k >= 3839195) AND (k <= 3839295))

for range-notcovered
table 1 : explain SELECT k, c FROM sbtest1 WHERE k BETWEEN 4674984 AND 4675084
	Bitmap Heap Scan on sbtest1  (cost=5.48..409.07 rows=102 width=125)
	  Recheck Cond: ((k >= 4674984) AND (k <= 4675084))
	  ->  Bitmap Index Scan on k_1  (cost=0.00..5.45 rows=102 width=0)
	        Index Cond: ((k >= 4674984) AND (k <= 4675084))

table 2 : explain SELECT k, c FROM sbtest2 WHERE k BETWEEN 4674984 AND 4675084
	Bitmap Heap Scan on sbtest2  (cost=5.46..401.19 rows=100 width=125)
	  Recheck Cond: ((k >= 4674984) AND (k <= 4675084))
	  ->  Bitmap Index Scan on k_2  (cost=0.00..5.43 rows=100 width=0)
	        Index Cond: ((k >= 4674984) AND (k <= 4675084))

table 3 : explain SELECT k, c FROM sbtest3 WHERE k BETWEEN 4674984 AND 4675084
	Bitmap Heap Scan on sbtest3  (cost=5.53..428.75 rows=107 width=125)
	  Recheck Cond: ((k >= 4674984) AND (k <= 4675084))
	  ->  Bitmap Index Scan on k_3  (cost=0.00..5.50 rows=107 width=0)
	        Index Cond: ((k >= 4674984) AND (k <= 4675084))

table 4 : explain SELECT k, c FROM sbtest4 WHERE k BETWEEN 4674984 AND 4675084
	Bitmap Heap Scan on sbtest4  (cost=5.51..420.88 rows=105 width=125)
	  Recheck Cond: ((k >= 4674984) AND (k <= 4675084))
	  ->  Bitmap Index Scan on k_4  (cost=0.00..5.48 rows=105 width=0)
	        Index Cond: ((k >= 4674984) AND (k <= 4675084))

table 5 : explain SELECT k, c FROM sbtest5 WHERE k BETWEEN 4674984 AND 4675084
	Bitmap Heap Scan on sbtest5  (cost=5.48..409.07 rows=102 width=125)
	  Recheck Cond: ((k >= 4674984) AND (k <= 4675084))
	  ->  Bitmap Index Scan on k_5  (cost=0.00..5.45 rows=102 width=0)
	        Index Cond: ((k >= 4674984) AND (k <= 4675084))

table 6 : explain SELECT k, c FROM sbtest6 WHERE k BETWEEN 4674984 AND 4675084
	Bitmap Heap Scan on sbtest6  (cost=5.43..389.37 rows=97 width=125)
	  Recheck Cond: ((k >= 4674984) AND (k <= 4675084))
	  ->  Bitmap Index Scan on k_6  (cost=0.00..5.40 rows=97 width=0)
	        Index Cond: ((k >= 4674984) AND (k <= 4675084))

table 7 : explain SELECT k, c FROM sbtest7 WHERE k BETWEEN 4674984 AND 4675084
	Bitmap Heap Scan on sbtest7  (cost=5.50..416.94 rows=104 width=125)
	  Recheck Cond: ((k >= 4674984) AND (k <= 4675084))
	  ->  Bitmap Index Scan on k_7  (cost=0.00..5.47 rows=104 width=0)
	        Index Cond: ((k >= 4674984) AND (k <= 4675084))

table 8 : explain SELECT k, c FROM sbtest8 WHERE k BETWEEN 4674984 AND 4675084
	Bitmap Heap Scan on sbtest8  (cost=5.49..413.00 rows=103 width=125)
	  Recheck Cond: ((k >= 4674984) AND (k <= 4675084))
	  ->  Bitmap Index Scan on k_8  (cost=0.00..5.46 rows=103 width=0)
	        Index Cond: ((k >= 4674984) AND (k <= 4675084))

explain: for range-notcovered :: explain SELECT k, c FROM sbtest%d WHERE k BETWEEN 3839195 AND 3839295
for range-notcovered
table 1 : explain SELECT k, c FROM sbtest1 WHERE k BETWEEN 3522661 AND 3522761
	Bitmap Heap Scan on sbtest1  (cost=5.48..409.07 rows=102 width=125)
	  Recheck Cond: ((k >= 3522661) AND (k <= 3522761))
	  ->  Bitmap Index Scan on k_1  (cost=0.00..5.45 rows=102 width=0)
	        Index Cond: ((k >= 3522661) AND (k <= 3522761))

table 2 : explain SELECT k, c FROM sbtest2 WHERE k BETWEEN 3522661 AND 3522761
	Bitmap Heap Scan on sbtest2  (cost=5.50..416.94 rows=104 width=125)
	  Recheck Cond: ((k >= 3522661) AND (k <= 3522761))
	  ->  Bitmap Index Scan on k_2  (cost=0.00..5.47 rows=104 width=0)
	        Index Cond: ((k >= 3522661) AND (k <= 3522761))

table 3 : explain SELECT k, c FROM sbtest3 WHERE k BETWEEN 3522661 AND 3522761
	Bitmap Heap Scan on sbtest3  (cost=5.49..413.00 rows=103 width=125)
	  Recheck Cond: ((k >= 3522661) AND (k <= 3522761))
	  ->  Bitmap Index Scan on k_3  (cost=0.00..5.46 rows=103 width=0)
	        Index Cond: ((k >= 3522661) AND (k <= 3522761))

table 4 : explain SELECT k, c FROM sbtest4 WHERE k BETWEEN 3522661 AND 3522761
	Bitmap Heap Scan on sbtest4  (cost=5.48..409.07 rows=102 width=125)
	  Recheck Cond: ((k >= 3522661) AND (k <= 3522761))
	  ->  Bitmap Index Scan on k_4  (cost=0.00..5.45 rows=102 width=0)
	        Index Cond: ((k >= 3522661) AND (k <= 3522761))

table 5 : explain SELECT k, c FROM sbtest5 WHERE k BETWEEN 3522661 AND 3522761
	Bitmap Heap Scan on sbtest5  (cost=5.45..397.25 rows=99 width=125)
	  Recheck Cond: ((k >= 3522661) AND (k <= 3522761))
	  ->  Bitmap Index Scan on k_5  (cost=0.00..5.42 rows=99 width=0)
	        Index Cond: ((k >= 3522661) AND (k <= 3522761))

table 6 : explain SELECT k, c FROM sbtest6 WHERE k BETWEEN 3522661 AND 3522761
	Bitmap Heap Scan on sbtest6  (cost=5.49..413.00 rows=103 width=125)
	  Recheck Cond: ((k >= 3522661) AND (k <= 3522761))
	  ->  Bitmap Index Scan on k_6  (cost=0.00..5.46 rows=103 width=0)
	        Index Cond: ((k >= 3522661) AND (k <= 3522761))

table 7 : explain SELECT k, c FROM sbtest7 WHERE k BETWEEN 3522661 AND 3522761
	Bitmap Heap Scan on sbtest7  (cost=5.48..409.07 rows=102 width=125)
	  Recheck Cond: ((k >= 3522661) AND (k <= 3522761))
	  ->  Bitmap Index Scan on k_7  (cost=0.00..5.45 rows=102 width=0)
	        Index Cond: ((k >= 3522661) AND (k <= 3522761))

table 8 : explain SELECT k, c FROM sbtest8 WHERE k BETWEEN 3522661 AND 3522761
	Bitmap Heap Scan on sbtest8  (cost=5.39..373.61 rows=93 width=125)
	  Recheck Cond: ((k >= 3522661) AND (k <= 3522761))
	  ->  Bitmap Index Scan on k_8  (cost=0.00..5.36 rows=93 width=0)
	        Index Cond: ((k >= 3522661) AND (k <= 3522761))

for range-notcovered
table 1 : explain SELECT k, c FROM sbtest1 WHERE k BETWEEN 8691595 AND 8691695
	Bitmap Heap Scan on sbtest1  (cost=5.51..420.88 rows=105 width=125)
	  Recheck Cond: ((k >= 8691595) AND (k <= 8691695))
	  ->  Bitmap Index Scan on k_1  (cost=0.00..5.48 rows=105 width=0)
	        Index Cond: ((k >= 8691595) AND (k <= 8691695))

table 2 : explain SELECT k, c FROM sbtest2 WHERE k BETWEEN 8691595 AND 8691695
	Bitmap Heap Scan on sbtest2  (cost=5.42..385.43 rows=96 width=125)
	  Recheck Cond: ((k >= 8691595) AND (k <= 8691695))
	  ->  Bitmap Index Scan on k_2  (cost=0.00..5.39 rows=96 width=0)
	        Index Cond: ((k >= 8691595) AND (k <= 8691695))

table 3 : explain SELECT k, c FROM sbtest3 WHERE k BETWEEN 8691595 AND 8691695
	Bitmap Heap Scan on sbtest3  (cost=5.48..409.07 rows=102 width=125)
	  Recheck Cond: ((k >= 8691595) AND (k <= 8691695))
	  ->  Bitmap Index Scan on k_3  (cost=0.00..5.45 rows=102 width=0)
	        Index Cond: ((k >= 8691595) AND (k <= 8691695))

table 4 : explain SELECT k, c FROM sbtest4 WHERE k BETWEEN 8691595 AND 8691695
	Bitmap Heap Scan on sbtest4  (cost=5.50..416.94 rows=104 width=125)
	  Recheck Cond: ((k >= 8691595) AND (k <= 8691695))
	  ->  Bitmap Index Scan on k_4  (cost=0.00..5.47 rows=104 width=0)
	        Index Cond: ((k >= 8691595) AND (k <= 8691695))

table 5 : explain SELECT k, c FROM sbtest5 WHERE k BETWEEN 8691595 AND 8691695
	Bitmap Heap Scan on sbtest5  (cost=5.47..405.13 rows=101 width=125)
	  Recheck Cond: ((k >= 8691595) AND (k <= 8691695))
	  ->  Bitmap Index Scan on k_5  (cost=0.00..5.44 rows=101 width=0)
	        Index Cond: ((k >= 8691595) AND (k <= 8691695))

table 6 : explain SELECT k, c FROM sbtest6 WHERE k BETWEEN 8691595 AND 8691695
	Bitmap Heap Scan on sbtest6  (cost=5.40..377.55 rows=94 width=125)
	  Recheck Cond: ((k >= 8691595) AND (k <= 8691695))
	  ->  Bitmap Index Scan on k_6  (cost=0.00..5.38 rows=94 width=0)
	        Index Cond: ((k >= 8691595) AND (k <= 8691695))

table 7 : explain SELECT k, c FROM sbtest7 WHERE k BETWEEN 8691595 AND 8691695
	Bitmap Heap Scan on sbtest7  (cost=5.52..424.81 rows=106 width=125)
	  Recheck Cond: ((k >= 8691595) AND (k <= 8691695))
	  ->  Bitmap Index Scan on k_7  (cost=0.00..5.50 rows=106 width=0)
	        Index Cond: ((k >= 8691595) AND (k <= 8691695))

table 8 : explain SELECT k, c FROM sbtest8 WHERE k BETWEEN 8691595 AND 8691695
	Bitmap Heap Scan on sbtest8  (cost=5.50..416.94 rows=104 width=125)
	  Recheck Cond: ((k >= 8691595) AND (k <= 8691695))
	  ->  Bitmap Index Scan on k_8  (cost=0.00..5.47 rows=104 width=0)
	        Index Cond: ((k >= 8691595) AND (k <= 8691695))

explain: for range-notcovered :: explain SELECT k, c FROM sbtest%d WHERE k BETWEEN 3522661 AND 3522761
for range-notcovered
table 1 : explain SELECT k, c FROM sbtest1 WHERE k BETWEEN 2982615 AND 2982715
	Bitmap Heap Scan on sbtest1  (cost=5.44..393.31 rows=98 width=125)
	  Recheck Cond: ((k >= 2982615) AND (k <= 2982715))
	  ->  Bitmap Index Scan on k_1  (cost=0.00..5.42 rows=98 width=0)
	        Index Cond: ((k >= 2982615) AND (k <= 2982715))

table 2 : explain SELECT k, c FROM sbtest2 WHERE k BETWEEN 2982615 AND 2982715
	Bitmap Heap Scan on sbtest2  (cost=5.47..405.13 rows=101 width=125)
	  Recheck Cond: ((k >= 2982615) AND (k <= 2982715))
	  ->  Bitmap Index Scan on k_2  (cost=0.00..5.44 rows=101 width=0)
	        Index Cond: ((k >= 2982615) AND (k <= 2982715))

table 3 : explain SELECT k, c FROM sbtest3 WHERE k BETWEEN 2982615 AND 2982715
	Bitmap Heap Scan on sbtest3  (cost=5.43..389.37 rows=97 width=125)
	  Recheck Cond: ((k >= 2982615) AND (k <= 2982715))
	  ->  Bitmap Index Scan on k_3  (cost=0.00..5.40 rows=97 width=0)
	        Index Cond: ((k >= 2982615) AND (k <= 2982715))

table 4 : explain SELECT k, c FROM sbtest4 WHERE k BETWEEN 2982615 AND 2982715
	Bitmap Heap Scan on sbtest4  (cost=5.48..409.07 rows=102 width=125)
	  Recheck Cond: ((k >= 2982615) AND (k <= 2982715))
	  ->  Bitmap Index Scan on k_4  (cost=0.00..5.45 rows=102 width=0)
	        Index Cond: ((k >= 2982615) AND (k <= 2982715))

table 5 : explain SELECT k, c FROM sbtest5 WHERE k BETWEEN 2982615 AND 2982715
	Bitmap Heap Scan on sbtest5  (cost=5.55..436.62 rows=109 width=125)
	  Recheck Cond: ((k >= 2982615) AND (k <= 2982715))
	  ->  Bitmap Index Scan on k_5  (cost=0.00..5.52 rows=109 width=0)
	        Index Cond: ((k >= 2982615) AND (k <= 2982715))

table 6 : explain SELECT k, c FROM sbtest6 WHERE k BETWEEN 2982615 AND 2982715
	Bitmap Heap Scan on sbtest6  (cost=5.48..409.07 rows=102 width=125)
	  Recheck Cond: ((k >= 2982615) AND (k <= 2982715))
	  ->  Bitmap Index Scan on k_6  (cost=0.00..5.45 rows=102 width=0)
	        Index Cond: ((k >= 2982615) AND (k <= 2982715))

table 7 : explain SELECT k, c FROM sbtest7 WHERE k BETWEEN 2982615 AND 2982715
	Bitmap Heap Scan on sbtest7  (cost=5.53..428.75 rows=107 width=125)
	  Recheck Cond: ((k >= 2982615) AND (k <= 2982715))
	  ->  Bitmap Index Scan on k_7  (cost=0.00..5.50 rows=107 width=0)
	        Index Cond: ((k >= 2982615) AND (k <= 2982715))

table 8 : explain SELECT k, c FROM sbtest8 WHERE k BETWEEN 2982615 AND 2982715
	Bitmap Heap Scan on sbtest8  (cost=5.51..420.88 rows=105 width=125)
	  Recheck Cond: ((k >= 2982615) AND (k <= 2982715))
	  ->  Bitmap Index Scan on k_8  (cost=0.00..5.48 rows=105 width=0)
	        Index Cond: ((k >= 2982615) AND (k <= 2982715))

explain: for range-notcovered :: explain SELECT k, c FROM sbtest%d WHERE k BETWEEN 4674984 AND 4675084
explain: for range-notcovered :: explain SELECT k, c FROM sbtest%d WHERE k BETWEEN 2982615 AND 2982715
explain: for range-notcovered :: explain SELECT k, c FROM sbtest%d WHERE k BETWEEN 8691595 AND 8691695
for range-notcovered
table 1 : explain SELECT k, c FROM sbtest1 WHERE k BETWEEN 976638 AND 976738
	Bitmap Heap Scan on sbtest1  (cost=5.51..420.88 rows=105 width=125)
	  Recheck Cond: ((k >= 976638) AND (k <= 976738))
	  ->  Bitmap Index Scan on k_1  (cost=0.00..5.48 rows=105 width=0)
	        Index Cond: ((k >= 976638) AND (k <= 976738))

table 2 : explain SELECT k, c FROM sbtest2 WHERE k BETWEEN 976638 AND 976738
	Bitmap Heap Scan on sbtest2  (cost=5.52..424.81 rows=106 width=125)
	  Recheck Cond: ((k >= 976638) AND (k <= 976738))
	  ->  Bitmap Index Scan on k_2  (cost=0.00..5.50 rows=106 width=0)
	        Index Cond: ((k >= 976638) AND (k <= 976738))

table 3 : explain SELECT k, c FROM sbtest3 WHERE k BETWEEN 976638 AND 976738
	Bitmap Heap Scan on sbtest3  (cost=5.48..409.07 rows=102 width=125)
	  Recheck Cond: ((k >= 976638) AND (k <= 976738))
	  ->  Bitmap Index Scan on k_3  (cost=0.00..5.45 rows=102 width=0)
	        Index Cond: ((k >= 976638) AND (k <= 976738))

table 4 : explain SELECT k, c FROM sbtest4 WHERE k BETWEEN 976638 AND 976738
	Bitmap Heap Scan on sbtest4  (cost=5.49..413.00 rows=103 width=125)
	  Recheck Cond: ((k >= 976638) AND (k <= 976738))
	  ->  Bitmap Index Scan on k_4  (cost=0.00..5.46 rows=103 width=0)
	        Index Cond: ((k >= 976638) AND (k <= 976738))

table 5 : explain SELECT k, c FROM sbtest5 WHERE k BETWEEN 976638 AND 976738
	Bitmap Heap Scan on sbtest5  (cost=5.50..416.94 rows=104 width=125)
	  Recheck Cond: ((k >= 976638) AND (k <= 976738))
	  ->  Bitmap Index Scan on k_5  (cost=0.00..5.47 rows=104 width=0)
	        Index Cond: ((k >= 976638) AND (k <= 976738))

table 6 : explain SELECT k, c FROM sbtest6 WHERE k BETWEEN 976638 AND 976738
	Bitmap Heap Scan on sbtest6  (cost=5.62..464.15 rows=116 width=125)
	  Recheck Cond: ((k >= 976638) AND (k <= 976738))
	  ->  Bitmap Index Scan on k_6  (cost=0.00..5.59 rows=116 width=0)
	        Index Cond: ((k >= 976638) AND (k <= 976738))

table 7 : explain SELECT k, c FROM sbtest7 WHERE k BETWEEN 976638 AND 976738
	Bitmap Heap Scan on sbtest7  (cost=5.58..448.42 rows=112 width=125)
	  Recheck Cond: ((k >= 976638) AND (k <= 976738))
	  ->  Bitmap Index Scan on k_7  (cost=0.00..5.55 rows=112 width=0)
	        Index Cond: ((k >= 976638) AND (k <= 976738))

table 8 : explain SELECT k, c FROM sbtest8 WHERE k BETWEEN 976638 AND 976738
	Bitmap Heap Scan on sbtest8  (cost=5.45..397.25 rows=99 width=125)
	  Recheck Cond: ((k >= 976638) AND (k <= 976738))
	  ->  Bitmap Index Scan on k_8  (cost=0.00..5.42 rows=99 width=0)
	        Index Cond: ((k >= 976638) AND (k <= 976738))

for range-notcovered
table 1 : explain SELECT k, c FROM sbtest1 WHERE k BETWEEN 6443507 AND 6443607
	Bitmap Heap Scan on sbtest1  (cost=5.47..405.13 rows=101 width=125)
	  Recheck Cond: ((k >= 6443507) AND (k <= 6443607))
	  ->  Bitmap Index Scan on k_1  (cost=0.00..5.44 rows=101 width=0)
	        Index Cond: ((k >= 6443507) AND (k <= 6443607))

table 2 : explain SELECT k, c FROM sbtest2 WHERE k BETWEEN 6443507 AND 6443607
	Bitmap Heap Scan on sbtest2  (cost=5.41..381.49 rows=95 width=125)
	  Recheck Cond: ((k >= 6443507) AND (k <= 6443607))
	  ->  Bitmap Index Scan on k_2  (cost=0.00..5.38 rows=95 width=0)
	        Index Cond: ((k >= 6443507) AND (k <= 6443607))

table 3 : explain SELECT k, c FROM sbtest3 WHERE k BETWEEN 6443507 AND 6443607
	Bitmap Heap Scan on sbtest3  (cost=5.57..444.49 rows=111 width=125)
	  Recheck Cond: ((k >= 6443507) AND (k <= 6443607))
	  ->  Bitmap Index Scan on k_3  (cost=0.00..5.54 rows=111 width=0)
	        Index Cond: ((k >= 6443507) AND (k <= 6443607))

table 4 : explain SELECT k, c FROM sbtest4 WHERE k BETWEEN 6443507 AND 6443607
	Bitmap Heap Scan on sbtest4  (cost=5.55..436.62 rows=109 width=125)
	  Recheck Cond: ((k >= 6443507) AND (k <= 6443607))
	  ->  Bitmap Index Scan on k_4  (cost=0.00..5.52 rows=109 width=0)
	        Index Cond: ((k >= 6443507) AND (k <= 6443607))

table 5 : explain SELECT k, c FROM sbtest5 WHERE k BETWEEN 6443507 AND 6443607
	Bitmap Heap Scan on sbtest5  (cost=5.48..409.07 rows=102 width=125)
	  Recheck Cond: ((k >= 6443507) AND (k <= 6443607))
	  ->  Bitmap Index Scan on k_5  (cost=0.00..5.45 rows=102 width=0)
	        Index Cond: ((k >= 6443507) AND (k <= 6443607))

table 6 : explain SELECT k, c FROM sbtest6 WHERE k BETWEEN 6443507 AND 6443607
	Bitmap Heap Scan on sbtest6  (cost=5.52..424.81 rows=106 width=125)
	  Recheck Cond: ((k >= 6443507) AND (k <= 6443607))
	  ->  Bitmap Index Scan on k_6  (cost=0.00..5.50 rows=106 width=0)
	        Index Cond: ((k >= 6443507) AND (k <= 6443607))

table 7 : explain SELECT k, c FROM sbtest7 WHERE k BETWEEN 6443507 AND 6443607
	Bitmap Heap Scan on sbtest7  (cost=5.50..416.94 rows=104 width=125)
	  Recheck Cond: ((k >= 6443507) AND (k <= 6443607))
	  ->  Bitmap Index Scan on k_7  (cost=0.00..5.47 rows=104 width=0)
	        Index Cond: ((k >= 6443507) AND (k <= 6443607))

table 8 : explain SELECT k, c FROM sbtest8 WHERE k BETWEEN 6443507 AND 6443607
	Bitmap Heap Scan on sbtest8  (cost=5.51..420.88 rows=105 width=125)
	  Recheck Cond: ((k >= 6443507) AND (k <= 6443607))
	  ->  Bitmap Index Scan on k_8  (cost=0.00..5.48 rows=105 width=0)
	        Index Cond: ((k >= 6443507) AND (k <= 6443607))

explain: for range-notcovered :: explain SELECT k, c FROM sbtest%d WHERE k BETWEEN 976638 AND 976738
explain: for range-notcovered :: explain SELECT k, c FROM sbtest%d WHERE k BETWEEN 6443507 AND 6443607
for range-notcovered
table 1 : explain SELECT k, c FROM sbtest1 WHERE k BETWEEN 3522661 AND 3522761
	Bitmap Heap Scan on sbtest1  (cost=5.48..409.07 rows=102 width=125)
	  Recheck Cond: ((k >= 3522661) AND (k <= 3522761))
	  ->  Bitmap Index Scan on k_1  (cost=0.00..5.45 rows=102 width=0)
	        Index Cond: ((k >= 3522661) AND (k <= 3522761))

table 2 : explain SELECT k, c FROM sbtest2 WHERE k BETWEEN 3522661 AND 3522761
	Bitmap Heap Scan on sbtest2  (cost=5.50..416.94 rows=104 width=125)
	  Recheck Cond: ((k >= 3522661) AND (k <= 3522761))
	  ->  Bitmap Index Scan on k_2  (cost=0.00..5.47 rows=104 width=0)
	        Index Cond: ((k >= 3522661) AND (k <= 3522761))

table 3 : explain SELECT k, c FROM sbtest3 WHERE k BETWEEN 3522661 AND 3522761
	Bitmap Heap Scan on sbtest3  (cost=5.49..413.00 rows=103 width=125)
	  Recheck Cond: ((k >= 3522661) AND (k <= 3522761))
	  ->  Bitmap Index Scan on k_3  (cost=0.00..5.46 rows=103 width=0)
	        Index Cond: ((k >= 3522661) AND (k <= 3522761))

table 4 : explain SELECT k, c FROM sbtest4 WHERE k BETWEEN 3522661 AND 3522761
	Bitmap Heap Scan on sbtest4  (cost=5.48..409.07 rows=102 width=125)
	  Recheck Cond: ((k >= 3522661) AND (k <= 3522761))
	  ->  Bitmap Index Scan on k_4  (cost=0.00..5.45 rows=102 width=0)
	        Index Cond: ((k >= 3522661) AND (k <= 3522761))

table 5 : explain SELECT k, c FROM sbtest5 WHERE k BETWEEN 3522661 AND 3522761
	Bitmap Heap Scan on sbtest5  (cost=5.45..397.25 rows=99 width=125)
	  Recheck Cond: ((k >= 3522661) AND (k <= 3522761))
	  ->  Bitmap Index Scan on k_5  (cost=0.00..5.42 rows=99 width=0)
	        Index Cond: ((k >= 3522661) AND (k <= 3522761))

table 6 : explain SELECT k, c FROM sbtest6 WHERE k BETWEEN 3522661 AND 3522761
	Bitmap Heap Scan on sbtest6  (cost=5.49..413.00 rows=103 width=125)
	  Recheck Cond: ((k >= 3522661) AND (k <= 3522761))
	  ->  Bitmap Index Scan on k_6  (cost=0.00..5.46 rows=103 width=0)
	        Index Cond: ((k >= 3522661) AND (k <= 3522761))

table 7 : explain SELECT k, c FROM sbtest7 WHERE k BETWEEN 3522661 AND 3522761
	Bitmap Heap Scan on sbtest7  (cost=5.48..409.07 rows=102 width=125)
	  Recheck Cond: ((k >= 3522661) AND (k <= 3522761))
	  ->  Bitmap Index Scan on k_7  (cost=0.00..5.45 rows=102 width=0)
	        Index Cond: ((k >= 3522661) AND (k <= 3522761))

table 8 : explain SELECT k, c FROM sbtest8 WHERE k BETWEEN 3522661 AND 3522761
	Bitmap Heap Scan on sbtest8  (cost=5.39..373.61 rows=93 width=125)
	  Recheck Cond: ((k >= 3522661) AND (k <= 3522761))
	  ->  Bitmap Index Scan on k_8  (cost=0.00..5.36 rows=93 width=0)
	        Index Cond: ((k >= 3522661) AND (k <= 3522761))

for range-notcovered
table 1 : explain SELECT k, c FROM sbtest1 WHERE k BETWEEN 3839195 AND 3839295
	Bitmap Heap Scan on sbtest1  (cost=5.52..424.81 rows=106 width=125)
	  Recheck Cond: ((k >= 3839195) AND (k <= 3839295))
	  ->  Bitmap Index Scan on k_1  (cost=0.00..5.50 rows=106 width=0)
	        Index Cond: ((k >= 3839195) AND (k <= 3839295))

table 2 : explain SELECT k, c FROM sbtest2 WHERE k BETWEEN 3839195 AND 3839295
	Bitmap Heap Scan on sbtest2  (cost=5.61..460.22 rows=115 width=125)
	  Recheck Cond: ((k >= 3839195) AND (k <= 3839295))
	  ->  Bitmap Index Scan on k_2  (cost=0.00..5.58 rows=115 width=0)
	        Index Cond: ((k >= 3839195) AND (k <= 3839295))

table 3 : explain SELECT k, c FROM sbtest3 WHERE k BETWEEN 3839195 AND 3839295
	Bitmap Heap Scan on sbtest3  (cost=5.45..397.25 rows=99 width=125)
	  Recheck Cond: ((k >= 3839195) AND (k <= 3839295))
	  ->  Bitmap Index Scan on k_3  (cost=0.00..5.42 rows=99 width=0)
	        Index Cond: ((k >= 3839195) AND (k <= 3839295))

table 4 : explain SELECT k, c FROM sbtest4 WHERE k BETWEEN 3839195 AND 3839295
	Bitmap Heap Scan on sbtest4  (cost=5.47..405.13 rows=101 width=125)
	  Recheck Cond: ((k >= 3839195) AND (k <= 3839295))
	  ->  Bitmap Index Scan on k_4  (cost=0.00..5.44 rows=101 width=0)
	        Index Cond: ((k >= 3839195) AND (k <= 3839295))

table 5 : explain SELECT k, c FROM sbtest5 WHERE k BETWEEN 3839195 AND 3839295
	Bitmap Heap Scan on sbtest5  (cost=5.47..405.13 rows=101 width=125)
	  Recheck Cond: ((k >= 3839195) AND (k <= 3839295))
	  ->  Bitmap Index Scan on k_5  (cost=0.00..5.44 rows=101 width=0)
	        Index Cond: ((k >= 3839195) AND (k <= 3839295))

table 6 : explain SELECT k, c FROM sbtest6 WHERE k BETWEEN 3839195 AND 3839295
	Bitmap Heap Scan on sbtest6  (cost=5.43..389.37 rows=97 width=125)
	  Recheck Cond: ((k >= 3839195) AND (k <= 3839295))
	  ->  Bitmap Index Scan on k_6  (cost=0.00..5.40 rows=97 width=0)
	        Index Cond: ((k >= 3839195) AND (k <= 3839295))

table 7 : explain SELECT k, c FROM sbtest7 WHERE k BETWEEN 3839195 AND 3839295
	Bitmap Heap Scan on sbtest7  (cost=5.43..389.37 rows=97 width=125)
	  Recheck Cond: ((k >= 3839195) AND (k <= 3839295))
	  ->  Bitmap Index Scan on k_7  (cost=0.00..5.40 rows=97 width=0)
	        Index Cond: ((k >= 3839195) AND (k <= 3839295))

table 8 : explain SELECT k, c FROM sbtest8 WHERE k BETWEEN 3839195 AND 3839295
	Bitmap Heap Scan on sbtest8  (cost=5.48..409.07 rows=102 width=125)
	  Recheck Cond: ((k >= 3839195) AND (k <= 3839295))
	  ->  Bitmap Index Scan on k_8  (cost=0.00..5.45 rows=102 width=0)
	        Index Cond: ((k >= 3839195) AND (k <= 3839295))

for range-notcovered
table 1 : explain SELECT k, c FROM sbtest1 WHERE k BETWEEN 2982615 AND 2982715
	Bitmap Heap Scan on sbtest1  (cost=5.44..393.31 rows=98 width=125)
	  Recheck Cond: ((k >= 2982615) AND (k <= 2982715))
	  ->  Bitmap Index Scan on k_1  (cost=0.00..5.42 rows=98 width=0)
	        Index Cond: ((k >= 2982615) AND (k <= 2982715))

table 2 : explain SELECT k, c FROM sbtest2 WHERE k BETWEEN 2982615 AND 2982715
	Bitmap Heap Scan on sbtest2  (cost=5.47..405.13 rows=101 width=125)
	  Recheck Cond: ((k >= 2982615) AND (k <= 2982715))
	  ->  Bitmap Index Scan on k_2  (cost=0.00..5.44 rows=101 width=0)
	        Index Cond: ((k >= 2982615) AND (k <= 2982715))

table 3 : explain SELECT k, c FROM sbtest3 WHERE k BETWEEN 2982615 AND 2982715
	Bitmap Heap Scan on sbtest3  (cost=5.43..389.37 rows=97 width=125)
	  Recheck Cond: ((k >= 2982615) AND (k <= 2982715))
	  ->  Bitmap Index Scan on k_3  (cost=0.00..5.40 rows=97 width=0)
	        Index Cond: ((k >= 2982615) AND (k <= 2982715))

table 4 : explain SELECT k, c FROM sbtest4 WHERE k BETWEEN 2982615 AND 2982715
	Bitmap Heap Scan on sbtest4  (cost=5.48..409.07 rows=102 width=125)
	  Recheck Cond: ((k >= 2982615) AND (k <= 2982715))
	  ->  Bitmap Index Scan on k_4  (cost=0.00..5.45 rows=102 width=0)
	        Index Cond: ((k >= 2982615) AND (k <= 2982715))

table 5 : explain SELECT k, c FROM sbtest5 WHERE k BETWEEN 2982615 AND 2982715
	Bitmap Heap Scan on sbtest5  (cost=5.55..436.62 rows=109 width=125)
	  Recheck Cond: ((k >= 2982615) AND (k <= 2982715))
	  ->  Bitmap Index Scan on k_5  (cost=0.00..5.52 rows=109 width=0)
	        Index Cond: ((k >= 2982615) AND (k <= 2982715))

table 6 : explain SELECT k, c FROM sbtest6 WHERE k BETWEEN 2982615 AND 2982715
	Bitmap Heap Scan on sbtest6  (cost=5.48..409.07 rows=102 width=125)
	  Recheck Cond: ((k >= 2982615) AND (k <= 2982715))
	  ->  Bitmap Index Scan on k_6  (cost=0.00..5.45 rows=102 width=0)
	        Index Cond: ((k >= 2982615) AND (k <= 2982715))

table 7 : explain SELECT k, c FROM sbtest7 WHERE k BETWEEN 2982615 AND 2982715
	Bitmap Heap Scan on sbtest7  (cost=5.53..428.75 rows=107 width=125)
	  Recheck Cond: ((k >= 2982615) AND (k <= 2982715))
	  ->  Bitmap Index Scan on k_7  (cost=0.00..5.50 rows=107 width=0)
	        Index Cond: ((k >= 2982615) AND (k <= 2982715))

table 8 : explain SELECT k, c FROM sbtest8 WHERE k BETWEEN 2982615 AND 2982715
	Bitmap Heap Scan on sbtest8  (cost=5.51..420.88 rows=105 width=125)
	  Recheck Cond: ((k >= 2982615) AND (k <= 2982715))
	  ->  Bitmap Index Scan on k_8  (cost=0.00..5.48 rows=105 width=0)
	        Index Cond: ((k >= 2982615) AND (k <= 2982715))

explain: for range-notcovered :: explain SELECT k, c FROM sbtest%d WHERE k BETWEEN 3522661 AND 3522761
explain: for range-notcovered :: explain SELECT k, c FROM sbtest%d WHERE k BETWEEN 3839195 AND 3839295
explain: for range-notcovered :: explain SELECT k, c FROM sbtest%d WHERE k BETWEEN 2982615 AND 2982715
for range-notcovered
table 1 : explain SELECT k, c FROM sbtest1 WHERE k BETWEEN 8691595 AND 8691695
	Bitmap Heap Scan on sbtest1  (cost=5.51..420.88 rows=105 width=125)
	  Recheck Cond: ((k >= 8691595) AND (k <= 8691695))
	  ->  Bitmap Index Scan on k_1  (cost=0.00..5.48 rows=105 width=0)
	        Index Cond: ((k >= 8691595) AND (k <= 8691695))

table 2 : explain SELECT k, c FROM sbtest2 WHERE k BETWEEN 8691595 AND 8691695
	Bitmap Heap Scan on sbtest2  (cost=5.42..385.43 rows=96 width=125)
	  Recheck Cond: ((k >= 8691595) AND (k <= 8691695))
	  ->  Bitmap Index Scan on k_2  (cost=0.00..5.39 rows=96 width=0)
	        Index Cond: ((k >= 8691595) AND (k <= 8691695))

table 3 : explain SELECT k, c FROM sbtest3 WHERE k BETWEEN 8691595 AND 8691695
	Bitmap Heap Scan on sbtest3  (cost=5.48..409.07 rows=102 width=125)
	  Recheck Cond: ((k >= 8691595) AND (k <= 8691695))
	  ->  Bitmap Index Scan on k_3  (cost=0.00..5.45 rows=102 width=0)
	        Index Cond: ((k >= 8691595) AND (k <= 8691695))

table 4 : explain SELECT k, c FROM sbtest4 WHERE k BETWEEN 8691595 AND 8691695
	Bitmap Heap Scan on sbtest4  (cost=5.50..416.94 rows=104 width=125)
	  Recheck Cond: ((k >= 8691595) AND (k <= 8691695))
	  ->  Bitmap Index Scan on k_4  (cost=0.00..5.47 rows=104 width=0)
	        Index Cond: ((k >= 8691595) AND (k <= 8691695))

table 5 : explain SELECT k, c FROM sbtest5 WHERE k BETWEEN 8691595 AND 8691695
	Bitmap Heap Scan on sbtest5  (cost=5.47..405.13 rows=101 width=125)
	  Recheck Cond: ((k >= 8691595) AND (k <= 8691695))
	  ->  Bitmap Index Scan on k_5  (cost=0.00..5.44 rows=101 width=0)
	        Index Cond: ((k >= 8691595) AND (k <= 8691695))

table 6 : explain SELECT k, c FROM sbtest6 WHERE k BETWEEN 8691595 AND 8691695
	Bitmap Heap Scan on sbtest6  (cost=5.40..377.55 rows=94 width=125)
	  Recheck Cond: ((k >= 8691595) AND (k <= 8691695))
	  ->  Bitmap Index Scan on k_6  (cost=0.00..5.38 rows=94 width=0)
	        Index Cond: ((k >= 8691595) AND (k <= 8691695))

table 7 : explain SELECT k, c FROM sbtest7 WHERE k BETWEEN 8691595 AND 8691695
	Bitmap Heap Scan on sbtest7  (cost=5.52..424.81 rows=106 width=125)
	  Recheck Cond: ((k >= 8691595) AND (k <= 8691695))
	  ->  Bitmap Index Scan on k_7  (cost=0.00..5.50 rows=106 width=0)
	        Index Cond: ((k >= 8691595) AND (k <= 8691695))

table 8 : explain SELECT k, c FROM sbtest8 WHERE k BETWEEN 8691595 AND 8691695
	Bitmap Heap Scan on sbtest8  (cost=5.50..416.94 rows=104 width=125)
	  Recheck Cond: ((k >= 8691595) AND (k <= 8691695))
	  ->  Bitmap Index Scan on k_8  (cost=0.00..5.47 rows=104 width=0)
	        Index Cond: ((k >= 8691595) AND (k <= 8691695))

explain: for range-notcovered :: explain SELECT k, c FROM sbtest%d WHERE k BETWEEN 8691595 AND 8691695
for range-notcovered
table 1 : explain SELECT k, c FROM sbtest1 WHERE k BETWEEN 6443507 AND 6443607
	Bitmap Heap Scan on sbtest1  (cost=5.47..405.13 rows=101 width=125)
	  Recheck Cond: ((k >= 6443507) AND (k <= 6443607))
	  ->  Bitmap Index Scan on k_1  (cost=0.00..5.44 rows=101 width=0)
	        Index Cond: ((k >= 6443507) AND (k <= 6443607))

table 2 : explain SELECT k, c FROM sbtest2 WHERE k BETWEEN 6443507 AND 6443607
	Bitmap Heap Scan on sbtest2  (cost=5.41..381.49 rows=95 width=125)
	  Recheck Cond: ((k >= 6443507) AND (k <= 6443607))
	  ->  Bitmap Index Scan on k_2  (cost=0.00..5.38 rows=95 width=0)
	        Index Cond: ((k >= 6443507) AND (k <= 6443607))

table 3 : explain SELECT k, c FROM sbtest3 WHERE k BETWEEN 6443507 AND 6443607
	Bitmap Heap Scan on sbtest3  (cost=5.57..444.49 rows=111 width=125)
	  Recheck Cond: ((k >= 6443507) AND (k <= 6443607))
	  ->  Bitmap Index Scan on k_3  (cost=0.00..5.54 rows=111 width=0)
	        Index Cond: ((k >= 6443507) AND (k <= 6443607))

table 4 : explain SELECT k, c FROM sbtest4 WHERE k BETWEEN 6443507 AND 6443607
	Bitmap Heap Scan on sbtest4  (cost=5.55..436.62 rows=109 width=125)
	  Recheck Cond: ((k >= 6443507) AND (k <= 6443607))
	  ->  Bitmap Index Scan on k_4  (cost=0.00..5.52 rows=109 width=0)
	        Index Cond: ((k >= 6443507) AND (k <= 6443607))

table 5 : explain SELECT k, c FROM sbtest5 WHERE k BETWEEN 6443507 AND 6443607
	Bitmap Heap Scan on sbtest5  (cost=5.48..409.07 rows=102 width=125)
	  Recheck Cond: ((k >= 6443507) AND (k <= 6443607))
	  ->  Bitmap Index Scan on k_5  (cost=0.00..5.45 rows=102 width=0)
	        Index Cond: ((k >= 6443507) AND (k <= 6443607))

table 6 : explain SELECT k, c FROM sbtest6 WHERE k BETWEEN 6443507 AND 6443607
	Bitmap Heap Scan on sbtest6  (cost=5.52..424.81 rows=106 width=125)
	  Recheck Cond: ((k >= 6443507) AND (k <= 6443607))
	  ->  Bitmap Index Scan on k_6  (cost=0.00..5.50 rows=106 width=0)
	        Index Cond: ((k >= 6443507) AND (k <= 6443607))

table 7 : explain SELECT k, c FROM sbtest7 WHERE k BETWEEN 6443507 AND 6443607
	Bitmap Heap Scan on sbtest7  (cost=5.50..416.94 rows=104 width=125)
	  Recheck Cond: ((k >= 6443507) AND (k <= 6443607))
	  ->  Bitmap Index Scan on k_7  (cost=0.00..5.47 rows=104 width=0)
	        Index Cond: ((k >= 6443507) AND (k <= 6443607))

table 8 : explain SELECT k, c FROM sbtest8 WHERE k BETWEEN 6443507 AND 6443607
	Bitmap Heap Scan on sbtest8  (cost=5.51..420.88 rows=105 width=125)
	  Recheck Cond: ((k >= 6443507) AND (k <= 6443607))
	  ->  Bitmap Index Scan on k_8  (cost=0.00..5.48 rows=105 width=0)
	        Index Cond: ((k >= 6443507) AND (k <= 6443607))

explain: for range-notcovered :: explain SELECT k, c FROM sbtest%d WHERE k BETWEEN 6443507 AND 6443607
for range-notcovered
table 1 : explain SELECT k, c FROM sbtest1 WHERE k BETWEEN 4674984 AND 4675084
	Bitmap Heap Scan on sbtest1  (cost=5.48..409.07 rows=102 width=125)
	  Recheck Cond: ((k >= 4674984) AND (k <= 4675084))
	  ->  Bitmap Index Scan on k_1  (cost=0.00..5.45 rows=102 width=0)
	        Index Cond: ((k >= 4674984) AND (k <= 4675084))

table 2 : explain SELECT k, c FROM sbtest2 WHERE k BETWEEN 4674984 AND 4675084
	Bitmap Heap Scan on sbtest2  (cost=5.46..401.19 rows=100 width=125)
	  Recheck Cond: ((k >= 4674984) AND (k <= 4675084))
	  ->  Bitmap Index Scan on k_2  (cost=0.00..5.43 rows=100 width=0)
	        Index Cond: ((k >= 4674984) AND (k <= 4675084))

table 3 : explain SELECT k, c FROM sbtest3 WHERE k BETWEEN 4674984 AND 4675084
	Bitmap Heap Scan on sbtest3  (cost=5.53..428.75 rows=107 width=125)
	  Recheck Cond: ((k >= 4674984) AND (k <= 4675084))
	  ->  Bitmap Index Scan on k_3  (cost=0.00..5.50 rows=107 width=0)
	        Index Cond: ((k >= 4674984) AND (k <= 4675084))

table 4 : explain SELECT k, c FROM sbtest4 WHERE k BETWEEN 4674984 AND 4675084
	Bitmap Heap Scan on sbtest4  (cost=5.51..420.88 rows=105 width=125)
	  Recheck Cond: ((k >= 4674984) AND (k <= 4675084))
	  ->  Bitmap Index Scan on k_4  (cost=0.00..5.48 rows=105 width=0)
	        Index Cond: ((k >= 4674984) AND (k <= 4675084))

table 5 : explain SELECT k, c FROM sbtest5 WHERE k BETWEEN 4674984 AND 4675084
	Bitmap Heap Scan on sbtest5  (cost=5.48..409.07 rows=102 width=125)
	  Recheck Cond: ((k >= 4674984) AND (k <= 4675084))
	  ->  Bitmap Index Scan on k_5  (cost=0.00..5.45 rows=102 width=0)
	        Index Cond: ((k >= 4674984) AND (k <= 4675084))

table 6 : explain SELECT k, c FROM sbtest6 WHERE k BETWEEN 4674984 AND 4675084
	Bitmap Heap Scan on sbtest6  (cost=5.43..389.37 rows=97 width=125)
	  Recheck Cond: ((k >= 4674984) AND (k <= 4675084))
	  ->  Bitmap Index Scan on k_6  (cost=0.00..5.40 rows=97 width=0)
	        Index Cond: ((k >= 4674984) AND (k <= 4675084))

table 7 : explain SELECT k, c FROM sbtest7 WHERE k BETWEEN 4674984 AND 4675084
	Bitmap Heap Scan on sbtest7  (cost=5.50..416.94 rows=104 width=125)
	  Recheck Cond: ((k >= 4674984) AND (k <= 4675084))
	  ->  Bitmap Index Scan on k_7  (cost=0.00..5.47 rows=104 width=0)
	        Index Cond: ((k >= 4674984) AND (k <= 4675084))

table 8 : explain SELECT k, c FROM sbtest8 WHERE k BETWEEN 4674984 AND 4675084
	Bitmap Heap Scan on sbtest8  (cost=5.49..413.00 rows=103 width=125)
	  Recheck Cond: ((k >= 4674984) AND (k <= 4675084))
	  ->  Bitmap Index Scan on k_8  (cost=0.00..5.46 rows=103 width=0)
	        Index Cond: ((k >= 4674984) AND (k <= 4675084))

explain: for range-notcovered :: explain SELECT k, c FROM sbtest%d WHERE k BETWEEN 4674984 AND 4675084
for range-notcovered
table 1 : explain SELECT k, c FROM sbtest1 WHERE k BETWEEN 6443507 AND 6443607
	Bitmap Heap Scan on sbtest1  (cost=5.47..405.13 rows=101 width=125)
	  Recheck Cond: ((k >= 6443507) AND (k <= 6443607))
	  ->  Bitmap Index Scan on k_1  (cost=0.00..5.44 rows=101 width=0)
	        Index Cond: ((k >= 6443507) AND (k <= 6443607))

table 2 : explain SELECT k, c FROM sbtest2 WHERE k BETWEEN 6443507 AND 6443607
	Bitmap Heap Scan on sbtest2  (cost=5.41..381.49 rows=95 width=125)
	  Recheck Cond: ((k >= 6443507) AND (k <= 6443607))
	  ->  Bitmap Index Scan on k_2  (cost=0.00..5.38 rows=95 width=0)
	        Index Cond: ((k >= 6443507) AND (k <= 6443607))

table 3 : explain SELECT k, c FROM sbtest3 WHERE k BETWEEN 6443507 AND 6443607
	Bitmap Heap Scan on sbtest3  (cost=5.57..444.49 rows=111 width=125)
	  Recheck Cond: ((k >= 6443507) AND (k <= 6443607))
	  ->  Bitmap Index Scan on k_3  (cost=0.00..5.54 rows=111 width=0)
	        Index Cond: ((k >= 6443507) AND (k <= 6443607))

table 4 : explain SELECT k, c FROM sbtest4 WHERE k BETWEEN 6443507 AND 6443607
	Bitmap Heap Scan on sbtest4  (cost=5.55..436.62 rows=109 width=125)
	  Recheck Cond: ((k >= 6443507) AND (k <= 6443607))
	  ->  Bitmap Index Scan on k_4  (cost=0.00..5.52 rows=109 width=0)
	        Index Cond: ((k >= 6443507) AND (k <= 6443607))

table 5 : explain SELECT k, c FROM sbtest5 WHERE k BETWEEN 6443507 AND 6443607
	Bitmap Heap Scan on sbtest5  (cost=5.48..409.07 rows=102 width=125)
	  Recheck Cond: ((k >= 6443507) AND (k <= 6443607))
	  ->  Bitmap Index Scan on k_5  (cost=0.00..5.45 rows=102 width=0)
	        Index Cond: ((k >= 6443507) AND (k <= 6443607))

table 6 : explain SELECT k, c FROM sbtest6 WHERE k BETWEEN 6443507 AND 6443607
	Bitmap Heap Scan on sbtest6  (cost=5.52..424.81 rows=106 width=125)
	  Recheck Cond: ((k >= 6443507) AND (k <= 6443607))
	  ->  Bitmap Index Scan on k_6  (cost=0.00..5.50 rows=106 width=0)
	        Index Cond: ((k >= 6443507) AND (k <= 6443607))

table 7 : explain SELECT k, c FROM sbtest7 WHERE k BETWEEN 6443507 AND 6443607
	Bitmap Heap Scan on sbtest7  (cost=5.50..416.94 rows=104 width=125)
	  Recheck Cond: ((k >= 6443507) AND (k <= 6443607))
	  ->  Bitmap Index Scan on k_7  (cost=0.00..5.47 rows=104 width=0)
	        Index Cond: ((k >= 6443507) AND (k <= 6443607))

table 8 : explain SELECT k, c FROM sbtest8 WHERE k BETWEEN 6443507 AND 6443607
	Bitmap Heap Scan on sbtest8  (cost=5.51..420.88 rows=105 width=125)
	  Recheck Cond: ((k >= 6443507) AND (k <= 6443607))
	  ->  Bitmap Index Scan on k_8  (cost=0.00..5.48 rows=105 width=0)
	        Index Cond: ((k >= 6443507) AND (k <= 6443607))

for range-notcovered
table 1 : explain SELECT k, c FROM sbtest1 WHERE k BETWEEN 976638 AND 976738
	Bitmap Heap Scan on sbtest1  (cost=5.51..420.88 rows=105 width=125)
	  Recheck Cond: ((k >= 976638) AND (k <= 976738))
	  ->  Bitmap Index Scan on k_1  (cost=0.00..5.48 rows=105 width=0)
	        Index Cond: ((k >= 976638) AND (k <= 976738))

table 2 : explain SELECT k, c FROM sbtest2 WHERE k BETWEEN 976638 AND 976738
	Bitmap Heap Scan on sbtest2  (cost=5.52..424.81 rows=106 width=125)
	  Recheck Cond: ((k >= 976638) AND (k <= 976738))
	  ->  Bitmap Index Scan on k_2  (cost=0.00..5.50 rows=106 width=0)
	        Index Cond: ((k >= 976638) AND (k <= 976738))

table 3 : explain SELECT k, c FROM sbtest3 WHERE k BETWEEN 976638 AND 976738
	Bitmap Heap Scan on sbtest3  (cost=5.48..409.07 rows=102 width=125)
	  Recheck Cond: ((k >= 976638) AND (k <= 976738))
	  ->  Bitmap Index Scan on k_3  (cost=0.00..5.45 rows=102 width=0)
	        Index Cond: ((k >= 976638) AND (k <= 976738))

table 4 : explain SELECT k, c FROM sbtest4 WHERE k BETWEEN 976638 AND 976738
	Bitmap Heap Scan on sbtest4  (cost=5.49..413.00 rows=103 width=125)
	  Recheck Cond: ((k >= 976638) AND (k <= 976738))
	  ->  Bitmap Index Scan on k_4  (cost=0.00..5.46 rows=103 width=0)
	        Index Cond: ((k >= 976638) AND (k <= 976738))

table 5 : explain SELECT k, c FROM sbtest5 WHERE k BETWEEN 976638 AND 976738
	Bitmap Heap Scan on sbtest5  (cost=5.50..416.94 rows=104 width=125)
	  Recheck Cond: ((k >= 976638) AND (k <= 976738))
	  ->  Bitmap Index Scan on k_5  (cost=0.00..5.47 rows=104 width=0)
	        Index Cond: ((k >= 976638) AND (k <= 976738))

table 6 : explain SELECT k, c FROM sbtest6 WHERE k BETWEEN 976638 AND 976738
	Bitmap Heap Scan on sbtest6  (cost=5.62..464.15 rows=116 width=125)
	  Recheck Cond: ((k >= 976638) AND (k <= 976738))
	  ->  Bitmap Index Scan on k_6  (cost=0.00..5.59 rows=116 width=0)
	        Index Cond: ((k >= 976638) AND (k <= 976738))

table 7 : explain SELECT k, c FROM sbtest7 WHERE k BETWEEN 976638 AND 976738
	Bitmap Heap Scan on sbtest7  (cost=5.58..448.42 rows=112 width=125)
	  Recheck Cond: ((k >= 976638) AND (k <= 976738))
	  ->  Bitmap Index Scan on k_7  (cost=0.00..5.55 rows=112 width=0)
	        Index Cond: ((k >= 976638) AND (k <= 976738))

table 8 : explain SELECT k, c FROM sbtest8 WHERE k BETWEEN 976638 AND 976738
	Bitmap Heap Scan on sbtest8  (cost=5.45..397.25 rows=99 width=125)
	  Recheck Cond: ((k >= 976638) AND (k <= 976738))
	  ->  Bitmap Index Scan on k_8  (cost=0.00..5.42 rows=99 width=0)
	        Index Cond: ((k >= 976638) AND (k <= 976738))

explain: for range-notcovered :: explain SELECT k, c FROM sbtest%d WHERE k BETWEEN 6443507 AND 6443607
for range-notcovered
table 1 : explain SELECT k, c FROM sbtest1 WHERE k BETWEEN 4674984 AND 4675084
	Bitmap Heap Scan on sbtest1  (cost=5.48..409.07 rows=102 width=125)
	  Recheck Cond: ((k >= 4674984) AND (k <= 4675084))
	  ->  Bitmap Index Scan on k_1  (cost=0.00..5.45 rows=102 width=0)
	        Index Cond: ((k >= 4674984) AND (k <= 4675084))

table 2 : explain SELECT k, c FROM sbtest2 WHERE k BETWEEN 4674984 AND 4675084
	Bitmap Heap Scan on sbtest2  (cost=5.46..401.19 rows=100 width=125)
	  Recheck Cond: ((k >= 4674984) AND (k <= 4675084))
	  ->  Bitmap Index Scan on k_2  (cost=0.00..5.43 rows=100 width=0)
	        Index Cond: ((k >= 4674984) AND (k <= 4675084))

table 3 : explain SELECT k, c FROM sbtest3 WHERE k BETWEEN 4674984 AND 4675084
	Bitmap Heap Scan on sbtest3  (cost=5.53..428.75 rows=107 width=125)
	  Recheck Cond: ((k >= 4674984) AND (k <= 4675084))
	  ->  Bitmap Index Scan on k_3  (cost=0.00..5.50 rows=107 width=0)
	        Index Cond: ((k >= 4674984) AND (k <= 4675084))

table 4 : explain SELECT k, c FROM sbtest4 WHERE k BETWEEN 4674984 AND 4675084
	Bitmap Heap Scan on sbtest4  (cost=5.51..420.88 rows=105 width=125)
	  Recheck Cond: ((k >= 4674984) AND (k <= 4675084))
	  ->  Bitmap Index Scan on k_4  (cost=0.00..5.48 rows=105 width=0)
	        Index Cond: ((k >= 4674984) AND (k <= 4675084))

table 5 : explain SELECT k, c FROM sbtest5 WHERE k BETWEEN 4674984 AND 4675084
	Bitmap Heap Scan on sbtest5  (cost=5.48..409.07 rows=102 width=125)
	  Recheck Cond: ((k >= 4674984) AND (k <= 4675084))
	  ->  Bitmap Index Scan on k_5  (cost=0.00..5.45 rows=102 width=0)
	        Index Cond: ((k >= 4674984) AND (k <= 4675084))

table 6 : explain SELECT k, c FROM sbtest6 WHERE k BETWEEN 4674984 AND 4675084
	Bitmap Heap Scan on sbtest6  (cost=5.43..389.37 rows=97 width=125)
	  Recheck Cond: ((k >= 4674984) AND (k <= 4675084))
	  ->  Bitmap Index Scan on k_6  (cost=0.00..5.40 rows=97 width=0)
	        Index Cond: ((k >= 4674984) AND (k <= 4675084))

table 7 : explain SELECT k, c FROM sbtest7 WHERE k BETWEEN 4674984 AND 4675084
	Bitmap Heap Scan on sbtest7  (cost=5.50..416.94 rows=104 width=125)
	  Recheck Cond: ((k >= 4674984) AND (k <= 4675084))
	  ->  Bitmap Index Scan on k_7  (cost=0.00..5.47 rows=104 width=0)
	        Index Cond: ((k >= 4674984) AND (k <= 4675084))

table 8 : explain SELECT k, c FROM sbtest8 WHERE k BETWEEN 4674984 AND 4675084
	Bitmap Heap Scan on sbtest8  (cost=5.49..413.00 rows=103 width=125)
	  Recheck Cond: ((k >= 4674984) AND (k <= 4675084))
	  ->  Bitmap Index Scan on k_8  (cost=0.00..5.46 rows=103 width=0)
	        Index Cond: ((k >= 4674984) AND (k <= 4675084))

explain: for range-notcovered :: explain SELECT k, c FROM sbtest%d WHERE k BETWEEN 976638 AND 976738
explain: for range-notcovered :: explain SELECT k, c FROM sbtest%d WHERE k BETWEEN 4674984 AND 4675084
for range-notcovered
table 1 : explain SELECT k, c FROM sbtest1 WHERE k BETWEEN 3839195 AND 3839295
	Bitmap Heap Scan on sbtest1  (cost=5.52..424.81 rows=106 width=125)
	  Recheck Cond: ((k >= 3839195) AND (k <= 3839295))
	  ->  Bitmap Index Scan on k_1  (cost=0.00..5.50 rows=106 width=0)
	        Index Cond: ((k >= 3839195) AND (k <= 3839295))

table 2 : explain SELECT k, c FROM sbtest2 WHERE k BETWEEN 3839195 AND 3839295
	Bitmap Heap Scan on sbtest2  (cost=5.61..460.22 rows=115 width=125)
	  Recheck Cond: ((k >= 3839195) AND (k <= 3839295))
	  ->  Bitmap Index Scan on k_2  (cost=0.00..5.58 rows=115 width=0)
	        Index Cond: ((k >= 3839195) AND (k <= 3839295))

table 3 : explain SELECT k, c FROM sbtest3 WHERE k BETWEEN 3839195 AND 3839295
	Bitmap Heap Scan on sbtest3  (cost=5.45..397.25 rows=99 width=125)
	  Recheck Cond: ((k >= 3839195) AND (k <= 3839295))
	  ->  Bitmap Index Scan on k_3  (cost=0.00..5.42 rows=99 width=0)
	        Index Cond: ((k >= 3839195) AND (k <= 3839295))

table 4 : explain SELECT k, c FROM sbtest4 WHERE k BETWEEN 3839195 AND 3839295
	Bitmap Heap Scan on sbtest4  (cost=5.47..405.13 rows=101 width=125)
	  Recheck Cond: ((k >= 3839195) AND (k <= 3839295))
	  ->  Bitmap Index Scan on k_4  (cost=0.00..5.44 rows=101 width=0)
	        Index Cond: ((k >= 3839195) AND (k <= 3839295))

table 5 : explain SELECT k, c FROM sbtest5 WHERE k BETWEEN 3839195 AND 3839295
	Bitmap Heap Scan on sbtest5  (cost=5.47..405.13 rows=101 width=125)
	  Recheck Cond: ((k >= 3839195) AND (k <= 3839295))
	  ->  Bitmap Index Scan on k_5  (cost=0.00..5.44 rows=101 width=0)
	        Index Cond: ((k >= 3839195) AND (k <= 3839295))

table 6 : explain SELECT k, c FROM sbtest6 WHERE k BETWEEN 3839195 AND 3839295
	Bitmap Heap Scan on sbtest6  (cost=5.43..389.37 rows=97 width=125)
	  Recheck Cond: ((k >= 3839195) AND (k <= 3839295))
	  ->  Bitmap Index Scan on k_6  (cost=0.00..5.40 rows=97 width=0)
	        Index Cond: ((k >= 3839195) AND (k <= 3839295))

table 7 : explain SELECT k, c FROM sbtest7 WHERE k BETWEEN 3839195 AND 3839295
	Bitmap Heap Scan on sbtest7  (cost=5.43..389.37 rows=97 width=125)
	  Recheck Cond: ((k >= 3839195) AND (k <= 3839295))
	  ->  Bitmap Index Scan on k_7  (cost=0.00..5.40 rows=97 width=0)
	        Index Cond: ((k >= 3839195) AND (k <= 3839295))

table 8 : explain SELECT k, c FROM sbtest8 WHERE k BETWEEN 3839195 AND 3839295
	Bitmap Heap Scan on sbtest8  (cost=5.48..409.07 rows=102 width=125)
	  Recheck Cond: ((k >= 3839195) AND (k <= 3839295))
	  ->  Bitmap Index Scan on k_8  (cost=0.00..5.45 rows=102 width=0)
	        Index Cond: ((k >= 3839195) AND (k <= 3839295))

explain: for range-notcovered :: explain SELECT k, c FROM sbtest%d WHERE k BETWEEN 3839195 AND 3839295
for range-notcovered
table 1 : explain SELECT k, c FROM sbtest1 WHERE k BETWEEN 4674984 AND 4675084
	Bitmap Heap Scan on sbtest1  (cost=5.48..409.07 rows=102 width=125)
	  Recheck Cond: ((k >= 4674984) AND (k <= 4675084))
	  ->  Bitmap Index Scan on k_1  (cost=0.00..5.45 rows=102 width=0)
	        Index Cond: ((k >= 4674984) AND (k <= 4675084))

table 2 : explain SELECT k, c FROM sbtest2 WHERE k BETWEEN 4674984 AND 4675084
	Bitmap Heap Scan on sbtest2  (cost=5.46..401.19 rows=100 width=125)
	  Recheck Cond: ((k >= 4674984) AND (k <= 4675084))
	  ->  Bitmap Index Scan on k_2  (cost=0.00..5.43 rows=100 width=0)
	        Index Cond: ((k >= 4674984) AND (k <= 4675084))

table 3 : explain SELECT k, c FROM sbtest3 WHERE k BETWEEN 4674984 AND 4675084
	Bitmap Heap Scan on sbtest3  (cost=5.53..428.75 rows=107 width=125)
	  Recheck Cond: ((k >= 4674984) AND (k <= 4675084))
	  ->  Bitmap Index Scan on k_3  (cost=0.00..5.50 rows=107 width=0)
	        Index Cond: ((k >= 4674984) AND (k <= 4675084))

table 4 : explain SELECT k, c FROM sbtest4 WHERE k BETWEEN 4674984 AND 4675084
	Bitmap Heap Scan on sbtest4  (cost=5.51..420.88 rows=105 width=125)
	  Recheck Cond: ((k >= 4674984) AND (k <= 4675084))
	  ->  Bitmap Index Scan on k_4  (cost=0.00..5.48 rows=105 width=0)
	        Index Cond: ((k >= 4674984) AND (k <= 4675084))

table 5 : explain SELECT k, c FROM sbtest5 WHERE k BETWEEN 4674984 AND 4675084
	Bitmap Heap Scan on sbtest5  (cost=5.48..409.07 rows=102 width=125)
	  Recheck Cond: ((k >= 4674984) AND (k <= 4675084))
	  ->  Bitmap Index Scan on k_5  (cost=0.00..5.45 rows=102 width=0)
	        Index Cond: ((k >= 4674984) AND (k <= 4675084))

table 6 : explain SELECT k, c FROM sbtest6 WHERE k BETWEEN 4674984 AND 4675084
	Bitmap Heap Scan on sbtest6  (cost=5.43..389.37 rows=97 width=125)
	  Recheck Cond: ((k >= 4674984) AND (k <= 4675084))
	  ->  Bitmap Index Scan on k_6  (cost=0.00..5.40 rows=97 width=0)
	        Index Cond: ((k >= 4674984) AND (k <= 4675084))

table 7 : explain SELECT k, c FROM sbtest7 WHERE k BETWEEN 4674984 AND 4675084
	Bitmap Heap Scan on sbtest7  (cost=5.50..416.94 rows=104 width=125)
	  Recheck Cond: ((k >= 4674984) AND (k <= 4675084))
	  ->  Bitmap Index Scan on k_7  (cost=0.00..5.47 rows=104 width=0)
	        Index Cond: ((k >= 4674984) AND (k <= 4675084))

table 8 : explain SELECT k, c FROM sbtest8 WHERE k BETWEEN 4674984 AND 4675084
	Bitmap Heap Scan on sbtest8  (cost=5.49..413.00 rows=103 width=125)
	  Recheck Cond: ((k >= 4674984) AND (k <= 4675084))
	  ->  Bitmap Index Scan on k_8  (cost=0.00..5.46 rows=103 width=0)
	        Index Cond: ((k >= 4674984) AND (k <= 4675084))

explain: for range-notcovered :: explain SELECT k, c FROM sbtest%d WHERE k BETWEEN 4674984 AND 4675084
for range-notcovered
table 1 : explain SELECT k, c FROM sbtest1 WHERE k BETWEEN 8691595 AND 8691695
	Bitmap Heap Scan on sbtest1  (cost=5.51..420.88 rows=105 width=125)
	  Recheck Cond: ((k >= 8691595) AND (k <= 8691695))
	  ->  Bitmap Index Scan on k_1  (cost=0.00..5.48 rows=105 width=0)
	        Index Cond: ((k >= 8691595) AND (k <= 8691695))

table 2 : explain SELECT k, c FROM sbtest2 WHERE k BETWEEN 8691595 AND 8691695
	Bitmap Heap Scan on sbtest2  (cost=5.42..385.43 rows=96 width=125)
	  Recheck Cond: ((k >= 8691595) AND (k <= 8691695))
	  ->  Bitmap Index Scan on k_2  (cost=0.00..5.39 rows=96 width=0)
	        Index Cond: ((k >= 8691595) AND (k <= 8691695))

table 3 : explain SELECT k, c FROM sbtest3 WHERE k BETWEEN 8691595 AND 8691695
	Bitmap Heap Scan on sbtest3  (cost=5.48..409.07 rows=102 width=125)
	  Recheck Cond: ((k >= 8691595) AND (k <= 8691695))
	  ->  Bitmap Index Scan on k_3  (cost=0.00..5.45 rows=102 width=0)
	        Index Cond: ((k >= 8691595) AND (k <= 8691695))

table 4 : explain SELECT k, c FROM sbtest4 WHERE k BETWEEN 8691595 AND 8691695
	Bitmap Heap Scan on sbtest4  (cost=5.50..416.94 rows=104 width=125)
	  Recheck Cond: ((k >= 8691595) AND (k <= 8691695))
	  ->  Bitmap Index Scan on k_4  (cost=0.00..5.47 rows=104 width=0)
	        Index Cond: ((k >= 8691595) AND (k <= 8691695))

table 5 : explain SELECT k, c FROM sbtest5 WHERE k BETWEEN 8691595 AND 8691695
	Bitmap Heap Scan on sbtest5  (cost=5.47..405.13 rows=101 width=125)
	  Recheck Cond: ((k >= 8691595) AND (k <= 8691695))
	  ->  Bitmap Index Scan on k_5  (cost=0.00..5.44 rows=101 width=0)
	        Index Cond: ((k >= 8691595) AND (k <= 8691695))

table 6 : explain SELECT k, c FROM sbtest6 WHERE k BETWEEN 8691595 AND 8691695
	Bitmap Heap Scan on sbtest6  (cost=5.40..377.55 rows=94 width=125)
	  Recheck Cond: ((k >= 8691595) AND (k <= 8691695))
	  ->  Bitmap Index Scan on k_6  (cost=0.00..5.38 rows=94 width=0)
	        Index Cond: ((k >= 8691595) AND (k <= 8691695))

table 7 : explain SELECT k, c FROM sbtest7 WHERE k BETWEEN 8691595 AND 8691695
	Bitmap Heap Scan on sbtest7  (cost=5.52..424.81 rows=106 width=125)
	  Recheck Cond: ((k >= 8691595) AND (k <= 8691695))
	  ->  Bitmap Index Scan on k_7  (cost=0.00..5.50 rows=106 width=0)
	        Index Cond: ((k >= 8691595) AND (k <= 8691695))

table 8 : explain SELECT k, c FROM sbtest8 WHERE k BETWEEN 8691595 AND 8691695
	Bitmap Heap Scan on sbtest8  (cost=5.50..416.94 rows=104 width=125)
	  Recheck Cond: ((k >= 8691595) AND (k <= 8691695))
	  ->  Bitmap Index Scan on k_8  (cost=0.00..5.47 rows=104 width=0)
	        Index Cond: ((k >= 8691595) AND (k <= 8691695))

explain: for range-notcovered :: explain SELECT k, c FROM sbtest%d WHERE k BETWEEN 8691595 AND 8691695
for range-notcovered
table 1 : explain SELECT k, c FROM sbtest1 WHERE k BETWEEN 4674984 AND 4675084
	Bitmap Heap Scan on sbtest1  (cost=5.48..409.07 rows=102 width=125)
	  Recheck Cond: ((k >= 4674984) AND (k <= 4675084))
	  ->  Bitmap Index Scan on k_1  (cost=0.00..5.45 rows=102 width=0)
	        Index Cond: ((k >= 4674984) AND (k <= 4675084))

table 2 : explain SELECT k, c FROM sbtest2 WHERE k BETWEEN 4674984 AND 4675084
	Bitmap Heap Scan on sbtest2  (cost=5.46..401.19 rows=100 width=125)
	  Recheck Cond: ((k >= 4674984) AND (k <= 4675084))
	  ->  Bitmap Index Scan on k_2  (cost=0.00..5.43 rows=100 width=0)
	        Index Cond: ((k >= 4674984) AND (k <= 4675084))

table 3 : explain SELECT k, c FROM sbtest3 WHERE k BETWEEN 4674984 AND 4675084
	Bitmap Heap Scan on sbtest3  (cost=5.53..428.75 rows=107 width=125)
	  Recheck Cond: ((k >= 4674984) AND (k <= 4675084))
	  ->  Bitmap Index Scan on k_3  (cost=0.00..5.50 rows=107 width=0)
	        Index Cond: ((k >= 4674984) AND (k <= 4675084))

table 4 : explain SELECT k, c FROM sbtest4 WHERE k BETWEEN 4674984 AND 4675084
	Bitmap Heap Scan on sbtest4  (cost=5.51..420.88 rows=105 width=125)
	  Recheck Cond: ((k >= 4674984) AND (k <= 4675084))
	  ->  Bitmap Index Scan on k_4  (cost=0.00..5.48 rows=105 width=0)
	        Index Cond: ((k >= 4674984) AND (k <= 4675084))

table 5 : explain SELECT k, c FROM sbtest5 WHERE k BETWEEN 4674984 AND 4675084
	Bitmap Heap Scan on sbtest5  (cost=5.48..409.07 rows=102 width=125)
	  Recheck Cond: ((k >= 4674984) AND (k <= 4675084))
	  ->  Bitmap Index Scan on k_5  (cost=0.00..5.45 rows=102 width=0)
	        Index Cond: ((k >= 4674984) AND (k <= 4675084))

table 6 : explain SELECT k, c FROM sbtest6 WHERE k BETWEEN 4674984 AND 4675084
	Bitmap Heap Scan on sbtest6  (cost=5.43..389.37 rows=97 width=125)
	  Recheck Cond: ((k >= 4674984) AND (k <= 4675084))
	  ->  Bitmap Index Scan on k_6  (cost=0.00..5.40 rows=97 width=0)
	        Index Cond: ((k >= 4674984) AND (k <= 4675084))

table 7 : explain SELECT k, c FROM sbtest7 WHERE k BETWEEN 4674984 AND 4675084
	Bitmap Heap Scan on sbtest7  (cost=5.50..416.94 rows=104 width=125)
	  Recheck Cond: ((k >= 4674984) AND (k <= 4675084))
	  ->  Bitmap Index Scan on k_7  (cost=0.00..5.47 rows=104 width=0)
	        Index Cond: ((k >= 4674984) AND (k <= 4675084))

table 8 : explain SELECT k, c FROM sbtest8 WHERE k BETWEEN 4674984 AND 4675084
	Bitmap Heap Scan on sbtest8  (cost=5.49..413.00 rows=103 width=125)
	  Recheck Cond: ((k >= 4674984) AND (k <= 4675084))
	  ->  Bitmap Index Scan on k_8  (cost=0.00..5.46 rows=103 width=0)
	        Index Cond: ((k >= 4674984) AND (k <= 4675084))

explain: for range-notcovered :: explain SELECT k, c FROM sbtest%d WHERE k BETWEEN 2255920 AND 2256020
explain: for range-notcovered :: explain SELECT k, c FROM sbtest%d WHERE k BETWEEN 4674984 AND 4675084
for range-notcovered
table 1 : explain SELECT k, c FROM sbtest1 WHERE k BETWEEN 2982615 AND 2982715
	Bitmap Heap Scan on sbtest1  (cost=5.44..393.31 rows=98 width=125)
	  Recheck Cond: ((k >= 2982615) AND (k <= 2982715))
	  ->  Bitmap Index Scan on k_1  (cost=0.00..5.42 rows=98 width=0)
	        Index Cond: ((k >= 2982615) AND (k <= 2982715))

table 2 : explain SELECT k, c FROM sbtest2 WHERE k BETWEEN 2982615 AND 2982715
	Bitmap Heap Scan on sbtest2  (cost=5.47..405.13 rows=101 width=125)
	  Recheck Cond: ((k >= 2982615) AND (k <= 2982715))
	  ->  Bitmap Index Scan on k_2  (cost=0.00..5.44 rows=101 width=0)
	        Index Cond: ((k >= 2982615) AND (k <= 2982715))

table 3 : explain SELECT k, c FROM sbtest3 WHERE k BETWEEN 2982615 AND 2982715
	Bitmap Heap Scan on sbtest3  (cost=5.43..389.37 rows=97 width=125)
	  Recheck Cond: ((k >= 2982615) AND (k <= 2982715))
	  ->  Bitmap Index Scan on k_3  (cost=0.00..5.40 rows=97 width=0)
	        Index Cond: ((k >= 2982615) AND (k <= 2982715))

table 4 : explain SELECT k, c FROM sbtest4 WHERE k BETWEEN 2982615 AND 2982715
	Bitmap Heap Scan on sbtest4  (cost=5.48..409.07 rows=102 width=125)
	  Recheck Cond: ((k >= 2982615) AND (k <= 2982715))
	  ->  Bitmap Index Scan on k_4  (cost=0.00..5.45 rows=102 width=0)
	        Index Cond: ((k >= 2982615) AND (k <= 2982715))

table 5 : explain SELECT k, c FROM sbtest5 WHERE k BETWEEN 2982615 AND 2982715
	Bitmap Heap Scan on sbtest5  (cost=5.55..436.62 rows=109 width=125)
	  Recheck Cond: ((k >= 2982615) AND (k <= 2982715))
	  ->  Bitmap Index Scan on k_5  (cost=0.00..5.52 rows=109 width=0)
	        Index Cond: ((k >= 2982615) AND (k <= 2982715))

table 6 : explain SELECT k, c FROM sbtest6 WHERE k BETWEEN 2982615 AND 2982715
	Bitmap Heap Scan on sbtest6  (cost=5.48..409.07 rows=102 width=125)
	  Recheck Cond: ((k >= 2982615) AND (k <= 2982715))
	  ->  Bitmap Index Scan on k_6  (cost=0.00..5.45 rows=102 width=0)
	        Index Cond: ((k >= 2982615) AND (k <= 2982715))

table 7 : explain SELECT k, c FROM sbtest7 WHERE k BETWEEN 2982615 AND 2982715
	Bitmap Heap Scan on sbtest7  (cost=5.53..428.75 rows=107 width=125)
	  Recheck Cond: ((k >= 2982615) AND (k <= 2982715))
	  ->  Bitmap Index Scan on k_7  (cost=0.00..5.50 rows=107 width=0)
	        Index Cond: ((k >= 2982615) AND (k <= 2982715))

table 8 : explain SELECT k, c FROM sbtest8 WHERE k BETWEEN 2982615 AND 2982715
	Bitmap Heap Scan on sbtest8  (cost=5.51..420.88 rows=105 width=125)
	  Recheck Cond: ((k >= 2982615) AND (k <= 2982715))
	  ->  Bitmap Index Scan on k_8  (cost=0.00..5.48 rows=105 width=0)
	        Index Cond: ((k >= 2982615) AND (k <= 2982715))

explain: for range-notcovered :: explain SELECT k, c FROM sbtest%d WHERE k BETWEEN 2982615 AND 2982715
for range-notcovered
table 1 : explain SELECT k, c FROM sbtest1 WHERE k BETWEEN 3522661 AND 3522761
	Bitmap Heap Scan on sbtest1  (cost=5.48..409.07 rows=102 width=125)
	  Recheck Cond: ((k >= 3522661) AND (k <= 3522761))
	  ->  Bitmap Index Scan on k_1  (cost=0.00..5.45 rows=102 width=0)
	        Index Cond: ((k >= 3522661) AND (k <= 3522761))

table 2 : explain SELECT k, c FROM sbtest2 WHERE k BETWEEN 3522661 AND 3522761
	Bitmap Heap Scan on sbtest2  (cost=5.50..416.94 rows=104 width=125)
	  Recheck Cond: ((k >= 3522661) AND (k <= 3522761))
	  ->  Bitmap Index Scan on k_2  (cost=0.00..5.47 rows=104 width=0)
	        Index Cond: ((k >= 3522661) AND (k <= 3522761))

table 3 : explain SELECT k, c FROM sbtest3 WHERE k BETWEEN 3522661 AND 3522761
	Bitmap Heap Scan on sbtest3  (cost=5.49..413.00 rows=103 width=125)
	  Recheck Cond: ((k >= 3522661) AND (k <= 3522761))
	  ->  Bitmap Index Scan on k_3  (cost=0.00..5.46 rows=103 width=0)
	        Index Cond: ((k >= 3522661) AND (k <= 3522761))

table 4 : explain SELECT k, c FROM sbtest4 WHERE k BETWEEN 3522661 AND 3522761
	Bitmap Heap Scan on sbtest4  (cost=5.48..409.07 rows=102 width=125)
	  Recheck Cond: ((k >= 3522661) AND (k <= 3522761))
	  ->  Bitmap Index Scan on k_4  (cost=0.00..5.45 rows=102 width=0)
	        Index Cond: ((k >= 3522661) AND (k <= 3522761))

table 5 : explain SELECT k, c FROM sbtest5 WHERE k BETWEEN 3522661 AND 3522761
	Bitmap Heap Scan on sbtest5  (cost=5.45..397.25 rows=99 width=125)
	  Recheck Cond: ((k >= 3522661) AND (k <= 3522761))
	  ->  Bitmap Index Scan on k_5  (cost=0.00..5.42 rows=99 width=0)
	        Index Cond: ((k >= 3522661) AND (k <= 3522761))

table 6 : explain SELECT k, c FROM sbtest6 WHERE k BETWEEN 3522661 AND 3522761
	Bitmap Heap Scan on sbtest6  (cost=5.49..413.00 rows=103 width=125)
	  Recheck Cond: ((k >= 3522661) AND (k <= 3522761))
	  ->  Bitmap Index Scan on k_6  (cost=0.00..5.46 rows=103 width=0)
	        Index Cond: ((k >= 3522661) AND (k <= 3522761))

table 7 : explain SELECT k, c FROM sbtest7 WHERE k BETWEEN 3522661 AND 3522761
	Bitmap Heap Scan on sbtest7  (cost=5.48..409.07 rows=102 width=125)
	  Recheck Cond: ((k >= 3522661) AND (k <= 3522761))
	  ->  Bitmap Index Scan on k_7  (cost=0.00..5.45 rows=102 width=0)
	        Index Cond: ((k >= 3522661) AND (k <= 3522761))

table 8 : explain SELECT k, c FROM sbtest8 WHERE k BETWEEN 3522661 AND 3522761
	Bitmap Heap Scan on sbtest8  (cost=5.39..373.61 rows=93 width=125)
	  Recheck Cond: ((k >= 3522661) AND (k <= 3522761))
	  ->  Bitmap Index Scan on k_8  (cost=0.00..5.36 rows=93 width=0)
	        Index Cond: ((k >= 3522661) AND (k <= 3522761))

explain: for range-notcovered :: explain SELECT k, c FROM sbtest%d WHERE k BETWEEN 3522661 AND 3522761
for range-notcovered
table 1 : explain SELECT k, c FROM sbtest1 WHERE k BETWEEN 4671876 AND 4671976
	Bitmap Heap Scan on sbtest1  (cost=5.48..409.07 rows=102 width=125)
	  Recheck Cond: ((k >= 4671876) AND (k <= 4671976))
	  ->  Bitmap Index Scan on k_1  (cost=0.00..5.45 rows=102 width=0)
	        Index Cond: ((k >= 4671876) AND (k <= 4671976))

table 2 : explain SELECT k, c FROM sbtest2 WHERE k BETWEEN 4671876 AND 4671976
	Bitmap Heap Scan on sbtest2  (cost=5.46..401.19 rows=100 width=125)
	  Recheck Cond: ((k >= 4671876) AND (k <= 4671976))
	  ->  Bitmap Index Scan on k_2  (cost=0.00..5.43 rows=100 width=0)
	        Index Cond: ((k >= 4671876) AND (k <= 4671976))

table 3 : explain SELECT k, c FROM sbtest3 WHERE k BETWEEN 4671876 AND 4671976
	Bitmap Heap Scan on sbtest3  (cost=5.53..428.75 rows=107 width=125)
	  Recheck Cond: ((k >= 4671876) AND (k <= 4671976))
	  ->  Bitmap Index Scan on k_3  (cost=0.00..5.50 rows=107 width=0)
	        Index Cond: ((k >= 4671876) AND (k <= 4671976))

table 4 : explain SELECT k, c FROM sbtest4 WHERE k BETWEEN 4671876 AND 4671976
	Bitmap Heap Scan on sbtest4  (cost=5.51..420.88 rows=105 width=125)
	  Recheck Cond: ((k >= 4671876) AND (k <= 4671976))
	  ->  Bitmap Index Scan on k_4  (cost=0.00..5.48 rows=105 width=0)
	        Index Cond: ((k >= 4671876) AND (k <= 4671976))

table 5 : explain SELECT k, c FROM sbtest5 WHERE k BETWEEN 4671876 AND 4671976
	Bitmap Heap Scan on sbtest5  (cost=5.48..409.07 rows=102 width=125)
	  Recheck Cond: ((k >= 4671876) AND (k <= 4671976))
	  ->  Bitmap Index Scan on k_5  (cost=0.00..5.45 rows=102 width=0)
	        Index Cond: ((k >= 4671876) AND (k <= 4671976))

table 6 : explain SELECT k, c FROM sbtest6 WHERE k BETWEEN 4671876 AND 4671976
	Bitmap Heap Scan on sbtest6  (cost=5.43..389.37 rows=97 width=125)
	  Recheck Cond: ((k >= 4671876) AND (k <= 4671976))
	  ->  Bitmap Index Scan on k_6  (cost=0.00..5.40 rows=97 width=0)
	        Index Cond: ((k >= 4671876) AND (k <= 4671976))

table 7 : explain SELECT k, c FROM sbtest7 WHERE k BETWEEN 4671876 AND 4671976
	Bitmap Heap Scan on sbtest7  (cost=5.50..416.94 rows=104 width=125)
	  Recheck Cond: ((k >= 4671876) AND (k <= 4671976))
	  ->  Bitmap Index Scan on k_7  (cost=0.00..5.47 rows=104 width=0)
	        Index Cond: ((k >= 4671876) AND (k <= 4671976))

table 8 : explain SELECT k, c FROM sbtest8 WHERE k BETWEEN 4671876 AND 4671976
	Bitmap Heap Scan on sbtest8  (cost=5.49..413.00 rows=103 width=125)
	  Recheck Cond: ((k >= 4671876) AND (k <= 4671976))
	  ->  Bitmap Index Scan on k_8  (cost=0.00..5.46 rows=103 width=0)
	        Index Cond: ((k >= 4671876) AND (k <= 4671976))

explain: for range-notcovered :: explain SELECT k, c FROM sbtest%d WHERE k BETWEEN 4671876 AND 4671976
for range-notcovered
table 1 : explain SELECT k, c FROM sbtest1 WHERE k BETWEEN 4674984 AND 4675084
	Bitmap Heap Scan on sbtest1  (cost=5.48..409.07 rows=102 width=125)
	  Recheck Cond: ((k >= 4674984) AND (k <= 4675084))
	  ->  Bitmap Index Scan on k_1  (cost=0.00..5.45 rows=102 width=0)
	        Index Cond: ((k >= 4674984) AND (k <= 4675084))

table 2 : explain SELECT k, c FROM sbtest2 WHERE k BETWEEN 4674984 AND 4675084
	Bitmap Heap Scan on sbtest2  (cost=5.46..401.19 rows=100 width=125)
	  Recheck Cond: ((k >= 4674984) AND (k <= 4675084))
	  ->  Bitmap Index Scan on k_2  (cost=0.00..5.43 rows=100 width=0)
	        Index Cond: ((k >= 4674984) AND (k <= 4675084))

table 3 : explain SELECT k, c FROM sbtest3 WHERE k BETWEEN 4674984 AND 4675084
	Bitmap Heap Scan on sbtest3  (cost=5.53..428.75 rows=107 width=125)
	  Recheck Cond: ((k >= 4674984) AND (k <= 4675084))
	  ->  Bitmap Index Scan on k_3  (cost=0.00..5.50 rows=107 width=0)
	        Index Cond: ((k >= 4674984) AND (k <= 4675084))

table 4 : explain SELECT k, c FROM sbtest4 WHERE k BETWEEN 4674984 AND 4675084
	Bitmap Heap Scan on sbtest4  (cost=5.51..420.88 rows=105 width=125)
	  Recheck Cond: ((k >= 4674984) AND (k <= 4675084))
	  ->  Bitmap Index Scan on k_4  (cost=0.00..5.48 rows=105 width=0)
	        Index Cond: ((k >= 4674984) AND (k <= 4675084))

table 5 : explain SELECT k, c FROM sbtest5 WHERE k BETWEEN 4674984 AND 4675084
	Bitmap Heap Scan on sbtest5  (cost=5.48..409.07 rows=102 width=125)
	  Recheck Cond: ((k >= 4674984) AND (k <= 4675084))
	  ->  Bitmap Index Scan on k_5  (cost=0.00..5.45 rows=102 width=0)
	        Index Cond: ((k >= 4674984) AND (k <= 4675084))

table 6 : explain SELECT k, c FROM sbtest6 WHERE k BETWEEN 4674984 AND 4675084
	Bitmap Heap Scan on sbtest6  (cost=5.43..389.37 rows=97 width=125)
	  Recheck Cond: ((k >= 4674984) AND (k <= 4675084))
	  ->  Bitmap Index Scan on k_6  (cost=0.00..5.40 rows=97 width=0)
	        Index Cond: ((k >= 4674984) AND (k <= 4675084))

table 7 : explain SELECT k, c FROM sbtest7 WHERE k BETWEEN 4674984 AND 4675084
	Bitmap Heap Scan on sbtest7  (cost=5.50..416.94 rows=104 width=125)
	  Recheck Cond: ((k >= 4674984) AND (k <= 4675084))
	  ->  Bitmap Index Scan on k_7  (cost=0.00..5.47 rows=104 width=0)
	        Index Cond: ((k >= 4674984) AND (k <= 4675084))

table 8 : explain SELECT k, c FROM sbtest8 WHERE k BETWEEN 4674984 AND 4675084
	Bitmap Heap Scan on sbtest8  (cost=5.49..413.00 rows=103 width=125)
	  Recheck Cond: ((k >= 4674984) AND (k <= 4675084))
	  ->  Bitmap Index Scan on k_8  (cost=0.00..5.46 rows=103 width=0)
	        Index Cond: ((k >= 4674984) AND (k <= 4675084))

explain: for range-notcovered :: explain SELECT k, c FROM sbtest%d WHERE k BETWEEN 7999367 AND 7999467
for range-notcovered
table 1 : explain SELECT k, c FROM sbtest1 WHERE k BETWEEN 6443507 AND 6443607
	Bitmap Heap Scan on sbtest1  (cost=5.47..405.13 rows=101 width=125)
	  Recheck Cond: ((k >= 6443507) AND (k <= 6443607))
	  ->  Bitmap Index Scan on k_1  (cost=0.00..5.44 rows=101 width=0)
	        Index Cond: ((k >= 6443507) AND (k <= 6443607))

table 2 : explain SELECT k, c FROM sbtest2 WHERE k BETWEEN 6443507 AND 6443607
	Bitmap Heap Scan on sbtest2  (cost=5.41..381.49 rows=95 width=125)
	  Recheck Cond: ((k >= 6443507) AND (k <= 6443607))
	  ->  Bitmap Index Scan on k_2  (cost=0.00..5.38 rows=95 width=0)
	        Index Cond: ((k >= 6443507) AND (k <= 6443607))

table 3 : explain SELECT k, c FROM sbtest3 WHERE k BETWEEN 6443507 AND 6443607
	Bitmap Heap Scan on sbtest3  (cost=5.57..444.49 rows=111 width=125)
	  Recheck Cond: ((k >= 6443507) AND (k <= 6443607))
	  ->  Bitmap Index Scan on k_3  (cost=0.00..5.54 rows=111 width=0)
	        Index Cond: ((k >= 6443507) AND (k <= 6443607))

table 4 : explain SELECT k, c FROM sbtest4 WHERE k BETWEEN 6443507 AND 6443607
	Bitmap Heap Scan on sbtest4  (cost=5.55..436.62 rows=109 width=125)
	  Recheck Cond: ((k >= 6443507) AND (k <= 6443607))
	  ->  Bitmap Index Scan on k_4  (cost=0.00..5.52 rows=109 width=0)
	        Index Cond: ((k >= 6443507) AND (k <= 6443607))

table 5 : explain SELECT k, c FROM sbtest5 WHERE k BETWEEN 6443507 AND 6443607
	Bitmap Heap Scan on sbtest5  (cost=5.48..409.07 rows=102 width=125)
	  Recheck Cond: ((k >= 6443507) AND (k <= 6443607))
	  ->  Bitmap Index Scan on k_5  (cost=0.00..5.45 rows=102 width=0)
	        Index Cond: ((k >= 6443507) AND (k <= 6443607))

table 6 : explain SELECT k, c FROM sbtest6 WHERE k BETWEEN 6443507 AND 6443607
	Bitmap Heap Scan on sbtest6  (cost=5.52..424.81 rows=106 width=125)
	  Recheck Cond: ((k >= 6443507) AND (k <= 6443607))
	  ->  Bitmap Index Scan on k_6  (cost=0.00..5.50 rows=106 width=0)
	        Index Cond: ((k >= 6443507) AND (k <= 6443607))

table 7 : explain SELECT k, c FROM sbtest7 WHERE k BETWEEN 6443507 AND 6443607
	Bitmap Heap Scan on sbtest7  (cost=5.50..416.94 rows=104 width=125)
	  Recheck Cond: ((k >= 6443507) AND (k <= 6443607))
	  ->  Bitmap Index Scan on k_7  (cost=0.00..5.47 rows=104 width=0)
	        Index Cond: ((k >= 6443507) AND (k <= 6443607))

table 8 : explain SELECT k, c FROM sbtest8 WHERE k BETWEEN 6443507 AND 6443607
	Bitmap Heap Scan on sbtest8  (cost=5.51..420.88 rows=105 width=125)
	  Recheck Cond: ((k >= 6443507) AND (k <= 6443607))
	  ->  Bitmap Index Scan on k_8  (cost=0.00..5.48 rows=105 width=0)
	        Index Cond: ((k >= 6443507) AND (k <= 6443607))

explain: for range-notcovered :: explain SELECT k, c FROM sbtest%d WHERE k BETWEEN 6443507 AND 6443607
for range-notcovered
table 1 : explain SELECT k, c FROM sbtest1 WHERE k BETWEEN 5028008 AND 5028108
	Bitmap Heap Scan on sbtest1  (cost=5.57..444.49 rows=111 width=125)
	  Recheck Cond: ((k >= 5028008) AND (k <= 5028108))
	  ->  Bitmap Index Scan on k_1  (cost=0.00..5.54 rows=111 width=0)
	        Index Cond: ((k >= 5028008) AND (k <= 5028108))

table 2 : explain SELECT k, c FROM sbtest2 WHERE k BETWEEN 5028008 AND 5028108
	Bitmap Heap Scan on sbtest2  (cost=5.48..409.07 rows=102 width=125)
	  Recheck Cond: ((k >= 5028008) AND (k <= 5028108))
	  ->  Bitmap Index Scan on k_2  (cost=0.00..5.45 rows=102 width=0)
	        Index Cond: ((k >= 5028008) AND (k <= 5028108))

table 3 : explain SELECT k, c FROM sbtest3 WHERE k BETWEEN 5028008 AND 5028108
	Bitmap Heap Scan on sbtest3  (cost=5.49..413.00 rows=103 width=125)
	  Recheck Cond: ((k >= 5028008) AND (k <= 5028108))
	  ->  Bitmap Index Scan on k_3  (cost=0.00..5.46 rows=103 width=0)
	        Index Cond: ((k >= 5028008) AND (k <= 5028108))

table 4 : explain SELECT k, c FROM sbtest4 WHERE k BETWEEN 5028008 AND 5028108
	Bitmap Heap Scan on sbtest4  (cost=5.50..416.94 rows=104 width=125)
	  Recheck Cond: ((k >= 5028008) AND (k <= 5028108))
	  ->  Bitmap Index Scan on k_4  (cost=0.00..5.47 rows=104 width=0)
	        Index Cond: ((k >= 5028008) AND (k <= 5028108))

table 5 : explain SELECT k, c FROM sbtest5 WHERE k BETWEEN 5028008 AND 5028108
	Bitmap Heap Scan on sbtest5  (cost=5.48..409.07 rows=102 width=125)
	  Recheck Cond: ((k >= 5028008) AND (k <= 5028108))
	  ->  Bitmap Index Scan on k_5  (cost=0.00..5.45 rows=102 width=0)
	        Index Cond: ((k >= 5028008) AND (k <= 5028108))

table 6 : explain SELECT k, c FROM sbtest6 WHERE k BETWEEN 5028008 AND 5028108
	Bitmap Heap Scan on sbtest6  (cost=5.40..377.55 rows=94 width=125)
	  Recheck Cond: ((k >= 5028008) AND (k <= 5028108))
	  ->  Bitmap Index Scan on k_6  (cost=0.00..5.38 rows=94 width=0)
	        Index Cond: ((k >= 5028008) AND (k <= 5028108))

table 7 : explain SELECT k, c FROM sbtest7 WHERE k BETWEEN 5028008 AND 5028108
	Bitmap Heap Scan on sbtest7  (cost=5.53..428.75 rows=107 width=125)
	  Recheck Cond: ((k >= 5028008) AND (k <= 5028108))
	  ->  Bitmap Index Scan on k_7  (cost=0.00..5.50 rows=107 width=0)
	        Index Cond: ((k >= 5028008) AND (k <= 5028108))

table 8 : explain SELECT k, c FROM sbtest8 WHERE k BETWEEN 5028008 AND 5028108
	Bitmap Heap Scan on sbtest8  (cost=5.52..424.81 rows=106 width=125)
	  Recheck Cond: ((k >= 5028008) AND (k <= 5028108))
	  ->  Bitmap Index Scan on k_8  (cost=0.00..5.50 rows=106 width=0)
	        Index Cond: ((k >= 5028008) AND (k <= 5028108))

explain: for range-notcovered :: explain SELECT k, c FROM sbtest%d WHERE k BETWEEN 5028008 AND 5028108
for range-notcovered
table 1 : explain SELECT k, c FROM sbtest1 WHERE k BETWEEN 2982615 AND 2982715
	Bitmap Heap Scan on sbtest1  (cost=5.44..393.31 rows=98 width=125)
	  Recheck Cond: ((k >= 2982615) AND (k <= 2982715))
	  ->  Bitmap Index Scan on k_1  (cost=0.00..5.42 rows=98 width=0)
	        Index Cond: ((k >= 2982615) AND (k <= 2982715))

table 2 : explain SELECT k, c FROM sbtest2 WHERE k BETWEEN 2982615 AND 2982715
	Bitmap Heap Scan on sbtest2  (cost=5.47..405.13 rows=101 width=125)
	  Recheck Cond: ((k >= 2982615) AND (k <= 2982715))
	  ->  Bitmap Index Scan on k_2  (cost=0.00..5.44 rows=101 width=0)
	        Index Cond: ((k >= 2982615) AND (k <= 2982715))

table 3 : explain SELECT k, c FROM sbtest3 WHERE k BETWEEN 2982615 AND 2982715
	Bitmap Heap Scan on sbtest3  (cost=5.43..389.37 rows=97 width=125)
	  Recheck Cond: ((k >= 2982615) AND (k <= 2982715))
	  ->  Bitmap Index Scan on k_3  (cost=0.00..5.40 rows=97 width=0)
	        Index Cond: ((k >= 2982615) AND (k <= 2982715))

table 4 : explain SELECT k, c FROM sbtest4 WHERE k BETWEEN 2982615 AND 2982715
	Bitmap Heap Scan on sbtest4  (cost=5.48..409.07 rows=102 width=125)
	  Recheck Cond: ((k >= 2982615) AND (k <= 2982715))
	  ->  Bitmap Index Scan on k_4  (cost=0.00..5.45 rows=102 width=0)
	        Index Cond: ((k >= 2982615) AND (k <= 2982715))

table 5 : explain SELECT k, c FROM sbtest5 WHERE k BETWEEN 2982615 AND 2982715
	Bitmap Heap Scan on sbtest5  (cost=5.55..436.62 rows=109 width=125)
	  Recheck Cond: ((k >= 2982615) AND (k <= 2982715))
	  ->  Bitmap Index Scan on k_5  (cost=0.00..5.52 rows=109 width=0)
	        Index Cond: ((k >= 2982615) AND (k <= 2982715))

table 6 : explain SELECT k, c FROM sbtest6 WHERE k BETWEEN 2982615 AND 2982715
	Bitmap Heap Scan on sbtest6  (cost=5.48..409.07 rows=102 width=125)
	  Recheck Cond: ((k >= 2982615) AND (k <= 2982715))
	  ->  Bitmap Index Scan on k_6  (cost=0.00..5.45 rows=102 width=0)
	        Index Cond: ((k >= 2982615) AND (k <= 2982715))

table 7 : explain SELECT k, c FROM sbtest7 WHERE k BETWEEN 2982615 AND 2982715
	Bitmap Heap Scan on sbtest7  (cost=5.53..428.75 rows=107 width=125)
	  Recheck Cond: ((k >= 2982615) AND (k <= 2982715))
	  ->  Bitmap Index Scan on k_7  (cost=0.00..5.50 rows=107 width=0)
	        Index Cond: ((k >= 2982615) AND (k <= 2982715))

table 8 : explain SELECT k, c FROM sbtest8 WHERE k BETWEEN 2982615 AND 2982715
	Bitmap Heap Scan on sbtest8  (cost=5.51..420.88 rows=105 width=125)
	  Recheck Cond: ((k >= 2982615) AND (k <= 2982715))
	  ->  Bitmap Index Scan on k_8  (cost=0.00..5.48 rows=105 width=0)
	        Index Cond: ((k >= 2982615) AND (k <= 2982715))

explain: for range-notcovered :: explain SELECT k, c FROM sbtest%d WHERE k BETWEEN 2982615 AND 2982715
for range-notcovered
table 1 : explain SELECT k, c FROM sbtest1 WHERE k BETWEEN 6443507 AND 6443607
	Bitmap Heap Scan on sbtest1  (cost=5.47..405.13 rows=101 width=125)
	  Recheck Cond: ((k >= 6443507) AND (k <= 6443607))
	  ->  Bitmap Index Scan on k_1  (cost=0.00..5.44 rows=101 width=0)
	        Index Cond: ((k >= 6443507) AND (k <= 6443607))

table 2 : explain SELECT k, c FROM sbtest2 WHERE k BETWEEN 6443507 AND 6443607
	Bitmap Heap Scan on sbtest2  (cost=5.41..381.49 rows=95 width=125)
	  Recheck Cond: ((k >= 6443507) AND (k <= 6443607))
	  ->  Bitmap Index Scan on k_2  (cost=0.00..5.38 rows=95 width=0)
	        Index Cond: ((k >= 6443507) AND (k <= 6443607))

table 3 : explain SELECT k, c FROM sbtest3 WHERE k BETWEEN 6443507 AND 6443607
	Bitmap Heap Scan on sbtest3  (cost=5.57..444.49 rows=111 width=125)
	  Recheck Cond: ((k >= 6443507) AND (k <= 6443607))
	  ->  Bitmap Index Scan on k_3  (cost=0.00..5.54 rows=111 width=0)
	        Index Cond: ((k >= 6443507) AND (k <= 6443607))

table 4 : explain SELECT k, c FROM sbtest4 WHERE k BETWEEN 6443507 AND 6443607
	Bitmap Heap Scan on sbtest4  (cost=5.55..436.62 rows=109 width=125)
	  Recheck Cond: ((k >= 6443507) AND (k <= 6443607))
	  ->  Bitmap Index Scan on k_4  (cost=0.00..5.52 rows=109 width=0)
	        Index Cond: ((k >= 6443507) AND (k <= 6443607))

table 5 : explain SELECT k, c FROM sbtest5 WHERE k BETWEEN 6443507 AND 6443607
	Bitmap Heap Scan on sbtest5  (cost=5.48..409.07 rows=102 width=125)
	  Recheck Cond: ((k >= 6443507) AND (k <= 6443607))
	  ->  Bitmap Index Scan on k_5  (cost=0.00..5.45 rows=102 width=0)
	        Index Cond: ((k >= 6443507) AND (k <= 6443607))

table 6 : explain SELECT k, c FROM sbtest6 WHERE k BETWEEN 6443507 AND 6443607
	Bitmap Heap Scan on sbtest6  (cost=5.52..424.81 rows=106 width=125)
	  Recheck Cond: ((k >= 6443507) AND (k <= 6443607))
	  ->  Bitmap Index Scan on k_6  (cost=0.00..5.50 rows=106 width=0)
	        Index Cond: ((k >= 6443507) AND (k <= 6443607))

table 7 : explain SELECT k, c FROM sbtest7 WHERE k BETWEEN 6443507 AND 6443607
	Bitmap Heap Scan on sbtest7  (cost=5.50..416.94 rows=104 width=125)
	  Recheck Cond: ((k >= 6443507) AND (k <= 6443607))
	  ->  Bitmap Index Scan on k_7  (cost=0.00..5.47 rows=104 width=0)
	        Index Cond: ((k >= 6443507) AND (k <= 6443607))

table 8 : explain SELECT k, c FROM sbtest8 WHERE k BETWEEN 6443507 AND 6443607
	Bitmap Heap Scan on sbtest8  (cost=5.51..420.88 rows=105 width=125)
	  Recheck Cond: ((k >= 6443507) AND (k <= 6443607))
	  ->  Bitmap Index Scan on k_8  (cost=0.00..5.48 rows=105 width=0)
	        Index Cond: ((k >= 6443507) AND (k <= 6443607))

for range-notcovered
table 1 : explain SELECT k, c FROM sbtest1 WHERE k BETWEEN 4671876 AND 4671976
	Bitmap Heap Scan on sbtest1  (cost=5.48..409.07 rows=102 width=125)
	  Recheck Cond: ((k >= 4671876) AND (k <= 4671976))
	  ->  Bitmap Index Scan on k_1  (cost=0.00..5.45 rows=102 width=0)
	        Index Cond: ((k >= 4671876) AND (k <= 4671976))

table 2 : explain SELECT k, c FROM sbtest2 WHERE k BETWEEN 4671876 AND 4671976
	Bitmap Heap Scan on sbtest2  (cost=5.46..401.19 rows=100 width=125)
	  Recheck Cond: ((k >= 4671876) AND (k <= 4671976))
	  ->  Bitmap Index Scan on k_2  (cost=0.00..5.43 rows=100 width=0)
	        Index Cond: ((k >= 4671876) AND (k <= 4671976))

table 3 : explain SELECT k, c FROM sbtest3 WHERE k BETWEEN 4671876 AND 4671976
	Bitmap Heap Scan on sbtest3  (cost=5.53..428.75 rows=107 width=125)
	  Recheck Cond: ((k >= 4671876) AND (k <= 4671976))
	  ->  Bitmap Index Scan on k_3  (cost=0.00..5.50 rows=107 width=0)
	        Index Cond: ((k >= 4671876) AND (k <= 4671976))

table 4 : explain SELECT k, c FROM sbtest4 WHERE k BETWEEN 4671876 AND 4671976
	Bitmap Heap Scan on sbtest4  (cost=5.51..420.88 rows=105 width=125)
	  Recheck Cond: ((k >= 4671876) AND (k <= 4671976))
	  ->  Bitmap Index Scan on k_4  (cost=0.00..5.48 rows=105 width=0)
	        Index Cond: ((k >= 4671876) AND (k <= 4671976))

table 5 : explain SELECT k, c FROM sbtest5 WHERE k BETWEEN 4671876 AND 4671976
	Bitmap Heap Scan on sbtest5  (cost=5.48..409.07 rows=102 width=125)
	  Recheck Cond: ((k >= 4671876) AND (k <= 4671976))
	  ->  Bitmap Index Scan on k_5  (cost=0.00..5.45 rows=102 width=0)
	        Index Cond: ((k >= 4671876) AND (k <= 4671976))

table 6 : explain SELECT k, c FROM sbtest6 WHERE k BETWEEN 4671876 AND 4671976
	Bitmap Heap Scan on sbtest6  (cost=5.43..389.37 rows=97 width=125)
	  Recheck Cond: ((k >= 4671876) AND (k <= 4671976))
	  ->  Bitmap Index Scan on k_6  (cost=0.00..5.40 rows=97 width=0)
	        Index Cond: ((k >= 4671876) AND (k <= 4671976))

table 7 : explain SELECT k, c FROM sbtest7 WHERE k BETWEEN 4671876 AND 4671976
	Bitmap Heap Scan on sbtest7  (cost=5.50..416.94 rows=104 width=125)
	  Recheck Cond: ((k >= 4671876) AND (k <= 4671976))
	  ->  Bitmap Index Scan on k_7  (cost=0.00..5.47 rows=104 width=0)
	        Index Cond: ((k >= 4671876) AND (k <= 4671976))

table 8 : explain SELECT k, c FROM sbtest8 WHERE k BETWEEN 4671876 AND 4671976
	Bitmap Heap Scan on sbtest8  (cost=5.49..413.00 rows=103 width=125)
	  Recheck Cond: ((k >= 4671876) AND (k <= 4671976))
	  ->  Bitmap Index Scan on k_8  (cost=0.00..5.46 rows=103 width=0)
	        Index Cond: ((k >= 4671876) AND (k <= 4671976))

explain: for range-notcovered :: explain SELECT k, c FROM sbtest%d WHERE k BETWEEN 6443507 AND 6443607
explain: for range-notcovered :: explain SELECT k, c FROM sbtest%d WHERE k BETWEEN 4671876 AND 4671976
for range-notcovered
table 1 : explain SELECT k, c FROM sbtest1 WHERE k BETWEEN 3522661 AND 3522761
	Bitmap Heap Scan on sbtest1  (cost=5.48..409.07 rows=102 width=125)
	  Recheck Cond: ((k >= 3522661) AND (k <= 3522761))
	  ->  Bitmap Index Scan on k_1  (cost=0.00..5.45 rows=102 width=0)
	        Index Cond: ((k >= 3522661) AND (k <= 3522761))

table 2 : explain SELECT k, c FROM sbtest2 WHERE k BETWEEN 3522661 AND 3522761
	Bitmap Heap Scan on sbtest2  (cost=5.50..416.94 rows=104 width=125)
	  Recheck Cond: ((k >= 3522661) AND (k <= 3522761))
	  ->  Bitmap Index Scan on k_2  (cost=0.00..5.47 rows=104 width=0)
	        Index Cond: ((k >= 3522661) AND (k <= 3522761))

table 3 : explain SELECT k, c FROM sbtest3 WHERE k BETWEEN 3522661 AND 3522761
	Bitmap Heap Scan on sbtest3  (cost=5.49..413.00 rows=103 width=125)
	  Recheck Cond: ((k >= 3522661) AND (k <= 3522761))
	  ->  Bitmap Index Scan on k_3  (cost=0.00..5.46 rows=103 width=0)
	        Index Cond: ((k >= 3522661) AND (k <= 3522761))

table 4 : explain SELECT k, c FROM sbtest4 WHERE k BETWEEN 3522661 AND 3522761
	Bitmap Heap Scan on sbtest4  (cost=5.48..409.07 rows=102 width=125)
	  Recheck Cond: ((k >= 3522661) AND (k <= 3522761))
	  ->  Bitmap Index Scan on k_4  (cost=0.00..5.45 rows=102 width=0)
	        Index Cond: ((k >= 3522661) AND (k <= 3522761))

table 5 : explain SELECT k, c FROM sbtest5 WHERE k BETWEEN 3522661 AND 3522761
	Bitmap Heap Scan on sbtest5  (cost=5.45..397.25 rows=99 width=125)
	  Recheck Cond: ((k >= 3522661) AND (k <= 3522761))
	  ->  Bitmap Index Scan on k_5  (cost=0.00..5.42 rows=99 width=0)
	        Index Cond: ((k >= 3522661) AND (k <= 3522761))

table 6 : explain SELECT k, c FROM sbtest6 WHERE k BETWEEN 3522661 AND 3522761
	Bitmap Heap Scan on sbtest6  (cost=5.49..413.00 rows=103 width=125)
	  Recheck Cond: ((k >= 3522661) AND (k <= 3522761))
	  ->  Bitmap Index Scan on k_6  (cost=0.00..5.46 rows=103 width=0)
	        Index Cond: ((k >= 3522661) AND (k <= 3522761))

table 7 : explain SELECT k, c FROM sbtest7 WHERE k BETWEEN 3522661 AND 3522761
	Bitmap Heap Scan on sbtest7  (cost=5.48..409.07 rows=102 width=125)
	  Recheck Cond: ((k >= 3522661) AND (k <= 3522761))
	  ->  Bitmap Index Scan on k_7  (cost=0.00..5.45 rows=102 width=0)
	        Index Cond: ((k >= 3522661) AND (k <= 3522761))

table 8 : explain SELECT k, c FROM sbtest8 WHERE k BETWEEN 3522661 AND 3522761
	Bitmap Heap Scan on sbtest8  (cost=5.39..373.61 rows=93 width=125)
	  Recheck Cond: ((k >= 3522661) AND (k <= 3522761))
	  ->  Bitmap Index Scan on k_8  (cost=0.00..5.36 rows=93 width=0)
	        Index Cond: ((k >= 3522661) AND (k <= 3522761))

explain: for range-notcovered :: explain SELECT k, c FROM sbtest%d WHERE k BETWEEN 3522661 AND 3522761
explain: for range-notcovered :: explain SELECT k, c FROM sbtest%d WHERE k BETWEEN 4674984 AND 4675084
for range-notcovered
table 1 : explain SELECT k, c FROM sbtest1 WHERE k BETWEEN 2982615 AND 2982715
	Bitmap Heap Scan on sbtest1  (cost=5.44..393.31 rows=98 width=125)
	  Recheck Cond: ((k >= 2982615) AND (k <= 2982715))
	  ->  Bitmap Index Scan on k_1  (cost=0.00..5.42 rows=98 width=0)
	        Index Cond: ((k >= 2982615) AND (k <= 2982715))

table 2 : explain SELECT k, c FROM sbtest2 WHERE k BETWEEN 2982615 AND 2982715
	Bitmap Heap Scan on sbtest2  (cost=5.47..405.13 rows=101 width=125)
	  Recheck Cond: ((k >= 2982615) AND (k <= 2982715))
	  ->  Bitmap Index Scan on k_2  (cost=0.00..5.44 rows=101 width=0)
	        Index Cond: ((k >= 2982615) AND (k <= 2982715))

table 3 : explain SELECT k, c FROM sbtest3 WHERE k BETWEEN 2982615 AND 2982715
	Bitmap Heap Scan on sbtest3  (cost=5.43..389.37 rows=97 width=125)
	  Recheck Cond: ((k >= 2982615) AND (k <= 2982715))
	  ->  Bitmap Index Scan on k_3  (cost=0.00..5.40 rows=97 width=0)
	        Index Cond: ((k >= 2982615) AND (k <= 2982715))

table 4 : explain SELECT k, c FROM sbtest4 WHERE k BETWEEN 2982615 AND 2982715
	Bitmap Heap Scan on sbtest4  (cost=5.48..409.07 rows=102 width=125)
	  Recheck Cond: ((k >= 2982615) AND (k <= 2982715))
	  ->  Bitmap Index Scan on k_4  (cost=0.00..5.45 rows=102 width=0)
	        Index Cond: ((k >= 2982615) AND (k <= 2982715))

table 5 : explain SELECT k, c FROM sbtest5 WHERE k BETWEEN 2982615 AND 2982715
	Bitmap Heap Scan on sbtest5  (cost=5.55..436.62 rows=109 width=125)
	  Recheck Cond: ((k >= 2982615) AND (k <= 2982715))
	  ->  Bitmap Index Scan on k_5  (cost=0.00..5.52 rows=109 width=0)
	        Index Cond: ((k >= 2982615) AND (k <= 2982715))

table 6 : explain SELECT k, c FROM sbtest6 WHERE k BETWEEN 2982615 AND 2982715
	Bitmap Heap Scan on sbtest6  (cost=5.48..409.07 rows=102 width=125)
	  Recheck Cond: ((k >= 2982615) AND (k <= 2982715))
	  ->  Bitmap Index Scan on k_6  (cost=0.00..5.45 rows=102 width=0)
	        Index Cond: ((k >= 2982615) AND (k <= 2982715))

table 7 : explain SELECT k, c FROM sbtest7 WHERE k BETWEEN 2982615 AND 2982715
	Bitmap Heap Scan on sbtest7  (cost=5.53..428.75 rows=107 width=125)
	  Recheck Cond: ((k >= 2982615) AND (k <= 2982715))
	  ->  Bitmap Index Scan on k_7  (cost=0.00..5.50 rows=107 width=0)
	        Index Cond: ((k >= 2982615) AND (k <= 2982715))

table 8 : explain SELECT k, c FROM sbtest8 WHERE k BETWEEN 2982615 AND 2982715
	Bitmap Heap Scan on sbtest8  (cost=5.51..420.88 rows=105 width=125)
	  Recheck Cond: ((k >= 2982615) AND (k <= 2982715))
	  ->  Bitmap Index Scan on k_8  (cost=0.00..5.48 rows=105 width=0)
	        Index Cond: ((k >= 2982615) AND (k <= 2982715))

for range-notcovered
table 1 : explain SELECT k, c FROM sbtest1 WHERE k BETWEEN 976638 AND 976738
	Bitmap Heap Scan on sbtest1  (cost=5.51..420.88 rows=105 width=125)
	  Recheck Cond: ((k >= 976638) AND (k <= 976738))
	  ->  Bitmap Index Scan on k_1  (cost=0.00..5.48 rows=105 width=0)
	        Index Cond: ((k >= 976638) AND (k <= 976738))

table 2 : explain SELECT k, c FROM sbtest2 WHERE k BETWEEN 976638 AND 976738
	Bitmap Heap Scan on sbtest2  (cost=5.52..424.81 rows=106 width=125)
	  Recheck Cond: ((k >= 976638) AND (k <= 976738))
	  ->  Bitmap Index Scan on k_2  (cost=0.00..5.50 rows=106 width=0)
	        Index Cond: ((k >= 976638) AND (k <= 976738))

table 3 : explain SELECT k, c FROM sbtest3 WHERE k BETWEEN 976638 AND 976738
	Bitmap Heap Scan on sbtest3  (cost=5.48..409.07 rows=102 width=125)
	  Recheck Cond: ((k >= 976638) AND (k <= 976738))
	  ->  Bitmap Index Scan on k_3  (cost=0.00..5.45 rows=102 width=0)
	        Index Cond: ((k >= 976638) AND (k <= 976738))

table 4 : explain SELECT k, c FROM sbtest4 WHERE k BETWEEN 976638 AND 976738
	Bitmap Heap Scan on sbtest4  (cost=5.49..413.00 rows=103 width=125)
	  Recheck Cond: ((k >= 976638) AND (k <= 976738))
	  ->  Bitmap Index Scan on k_4  (cost=0.00..5.46 rows=103 width=0)
	        Index Cond: ((k >= 976638) AND (k <= 976738))

table 5 : explain SELECT k, c FROM sbtest5 WHERE k BETWEEN 976638 AND 976738
	Bitmap Heap Scan on sbtest5  (cost=5.50..416.94 rows=104 width=125)
	  Recheck Cond: ((k >= 976638) AND (k <= 976738))
	  ->  Bitmap Index Scan on k_5  (cost=0.00..5.47 rows=104 width=0)
	        Index Cond: ((k >= 976638) AND (k <= 976738))

table 6 : explain SELECT k, c FROM sbtest6 WHERE k BETWEEN 976638 AND 976738
	Bitmap Heap Scan on sbtest6  (cost=5.62..464.15 rows=116 width=125)
	  Recheck Cond: ((k >= 976638) AND (k <= 976738))
	  ->  Bitmap Index Scan on k_6  (cost=0.00..5.59 rows=116 width=0)
	        Index Cond: ((k >= 976638) AND (k <= 976738))

table 7 : explain SELECT k, c FROM sbtest7 WHERE k BETWEEN 976638 AND 976738
	Bitmap Heap Scan on sbtest7  (cost=5.58..448.42 rows=112 width=125)
	  Recheck Cond: ((k >= 976638) AND (k <= 976738))
	  ->  Bitmap Index Scan on k_7  (cost=0.00..5.55 rows=112 width=0)
	        Index Cond: ((k >= 976638) AND (k <= 976738))

table 8 : explain SELECT k, c FROM sbtest8 WHERE k BETWEEN 976638 AND 976738
	Bitmap Heap Scan on sbtest8  (cost=5.45..397.25 rows=99 width=125)
	  Recheck Cond: ((k >= 976638) AND (k <= 976738))
	  ->  Bitmap Index Scan on k_8  (cost=0.00..5.42 rows=99 width=0)
	        Index Cond: ((k >= 976638) AND (k <= 976738))

explain: for range-notcovered :: explain SELECT k, c FROM sbtest%d WHERE k BETWEEN 976638 AND 976738
for range-notcovered
table 1 : explain SELECT k, c FROM sbtest1 WHERE k BETWEEN 4671876 AND 4671976
	Bitmap Heap Scan on sbtest1  (cost=5.48..409.07 rows=102 width=125)
	  Recheck Cond: ((k >= 4671876) AND (k <= 4671976))
	  ->  Bitmap Index Scan on k_1  (cost=0.00..5.45 rows=102 width=0)
	        Index Cond: ((k >= 4671876) AND (k <= 4671976))

table 2 : explain SELECT k, c FROM sbtest2 WHERE k BETWEEN 4671876 AND 4671976
	Bitmap Heap Scan on sbtest2  (cost=5.46..401.19 rows=100 width=125)
	  Recheck Cond: ((k >= 4671876) AND (k <= 4671976))
	  ->  Bitmap Index Scan on k_2  (cost=0.00..5.43 rows=100 width=0)
	        Index Cond: ((k >= 4671876) AND (k <= 4671976))

table 3 : explain SELECT k, c FROM sbtest3 WHERE k BETWEEN 4671876 AND 4671976
	Bitmap Heap Scan on sbtest3  (cost=5.53..428.75 rows=107 width=125)
	  Recheck Cond: ((k >= 4671876) AND (k <= 4671976))
	  ->  Bitmap Index Scan on k_3  (cost=0.00..5.50 rows=107 width=0)
	        Index Cond: ((k >= 4671876) AND (k <= 4671976))

table 4 : explain SELECT k, c FROM sbtest4 WHERE k BETWEEN 4671876 AND 4671976
	Bitmap Heap Scan on sbtest4  (cost=5.51..420.88 rows=105 width=125)
	  Recheck Cond: ((k >= 4671876) AND (k <= 4671976))
	  ->  Bitmap Index Scan on k_4  (cost=0.00..5.48 rows=105 width=0)
	        Index Cond: ((k >= 4671876) AND (k <= 4671976))

table 5 : explain SELECT k, c FROM sbtest5 WHERE k BETWEEN 4671876 AND 4671976
	Bitmap Heap Scan on sbtest5  (cost=5.48..409.07 rows=102 width=125)
	  Recheck Cond: ((k >= 4671876) AND (k <= 4671976))
	  ->  Bitmap Index Scan on k_5  (cost=0.00..5.45 rows=102 width=0)
	        Index Cond: ((k >= 4671876) AND (k <= 4671976))

table 6 : explain SELECT k, c FROM sbtest6 WHERE k BETWEEN 4671876 AND 4671976
	Bitmap Heap Scan on sbtest6  (cost=5.43..389.37 rows=97 width=125)
	  Recheck Cond: ((k >= 4671876) AND (k <= 4671976))
	  ->  Bitmap Index Scan on k_6  (cost=0.00..5.40 rows=97 width=0)
	        Index Cond: ((k >= 4671876) AND (k <= 4671976))

table 7 : explain SELECT k, c FROM sbtest7 WHERE k BETWEEN 4671876 AND 4671976
	Bitmap Heap Scan on sbtest7  (cost=5.50..416.94 rows=104 width=125)
	  Recheck Cond: ((k >= 4671876) AND (k <= 4671976))
	  ->  Bitmap Index Scan on k_7  (cost=0.00..5.47 rows=104 width=0)
	        Index Cond: ((k >= 4671876) AND (k <= 4671976))

table 8 : explain SELECT k, c FROM sbtest8 WHERE k BETWEEN 4671876 AND 4671976
	Bitmap Heap Scan on sbtest8  (cost=5.49..413.00 rows=103 width=125)
	  Recheck Cond: ((k >= 4671876) AND (k <= 4671976))
	  ->  Bitmap Index Scan on k_8  (cost=0.00..5.46 rows=103 width=0)
	        Index Cond: ((k >= 4671876) AND (k <= 4671976))

for range-notcovered
table 1 : explain SELECT k, c FROM sbtest1 WHERE k BETWEEN 4674984 AND 4675084
	Bitmap Heap Scan on sbtest1  (cost=5.48..409.07 rows=102 width=125)
	  Recheck Cond: ((k >= 4674984) AND (k <= 4675084))
	  ->  Bitmap Index Scan on k_1  (cost=0.00..5.45 rows=102 width=0)
	        Index Cond: ((k >= 4674984) AND (k <= 4675084))

table 2 : explain SELECT k, c FROM sbtest2 WHERE k BETWEEN 4674984 AND 4675084
	Bitmap Heap Scan on sbtest2  (cost=5.46..401.19 rows=100 width=125)
	  Recheck Cond: ((k >= 4674984) AND (k <= 4675084))
	  ->  Bitmap Index Scan on k_2  (cost=0.00..5.43 rows=100 width=0)
	        Index Cond: ((k >= 4674984) AND (k <= 4675084))

table 3 : explain SELECT k, c FROM sbtest3 WHERE k BETWEEN 4674984 AND 4675084
	Bitmap Heap Scan on sbtest3  (cost=5.53..428.75 rows=107 width=125)
	  Recheck Cond: ((k >= 4674984) AND (k <= 4675084))
	  ->  Bitmap Index Scan on k_3  (cost=0.00..5.50 rows=107 width=0)
	        Index Cond: ((k >= 4674984) AND (k <= 4675084))

table 4 : explain SELECT k, c FROM sbtest4 WHERE k BETWEEN 4674984 AND 4675084
	Bitmap Heap Scan on sbtest4  (cost=5.51..420.88 rows=105 width=125)
	  Recheck Cond: ((k >= 4674984) AND (k <= 4675084))
	  ->  Bitmap Index Scan on k_4  (cost=0.00..5.48 rows=105 width=0)
	        Index Cond: ((k >= 4674984) AND (k <= 4675084))

table 5 : explain SELECT k, c FROM sbtest5 WHERE k BETWEEN 4674984 AND 4675084
	Bitmap Heap Scan on sbtest5  (cost=5.48..409.07 rows=102 width=125)
	  Recheck Cond: ((k >= 4674984) AND (k <= 4675084))
	  ->  Bitmap Index Scan on k_5  (cost=0.00..5.45 rows=102 width=0)
	        Index Cond: ((k >= 4674984) AND (k <= 4675084))

table 6 : explain SELECT k, c FROM sbtest6 WHERE k BETWEEN 4674984 AND 4675084
	Bitmap Heap Scan on sbtest6  (cost=5.43..389.37 rows=97 width=125)
	  Recheck Cond: ((k >= 4674984) AND (k <= 4675084))
	  ->  Bitmap Index Scan on k_6  (cost=0.00..5.40 rows=97 width=0)
	        Index Cond: ((k >= 4674984) AND (k <= 4675084))

table 7 : explain SELECT k, c FROM sbtest7 WHERE k BETWEEN 4674984 AND 4675084
	Bitmap Heap Scan on sbtest7  (cost=5.50..416.94 rows=104 width=125)
	  Recheck Cond: ((k >= 4674984) AND (k <= 4675084))
	  ->  Bitmap Index Scan on k_7  (cost=0.00..5.47 rows=104 width=0)
	        Index Cond: ((k >= 4674984) AND (k <= 4675084))

table 8 : explain SELECT k, c FROM sbtest8 WHERE k BETWEEN 4674984 AND 4675084
	Bitmap Heap Scan on sbtest8  (cost=5.49..413.00 rows=103 width=125)
	  Recheck Cond: ((k >= 4674984) AND (k <= 4675084))
	  ->  Bitmap Index Scan on k_8  (cost=0.00..5.46 rows=103 width=0)
	        Index Cond: ((k >= 4674984) AND (k <= 4675084))

for range-notcovered
table 1 : explain SELECT k, c FROM sbtest1 WHERE k BETWEEN 3522661 AND 3522761
	Bitmap Heap Scan on sbtest1  (cost=5.48..409.07 rows=102 width=125)
	  Recheck Cond: ((k >= 3522661) AND (k <= 3522761))
	  ->  Bitmap Index Scan on k_1  (cost=0.00..5.45 rows=102 width=0)
	        Index Cond: ((k >= 3522661) AND (k <= 3522761))

table 2 : explain SELECT k, c FROM sbtest2 WHERE k BETWEEN 3522661 AND 3522761
	Bitmap Heap Scan on sbtest2  (cost=5.50..416.94 rows=104 width=125)
	  Recheck Cond: ((k >= 3522661) AND (k <= 3522761))
	  ->  Bitmap Index Scan on k_2  (cost=0.00..5.47 rows=104 width=0)
	        Index Cond: ((k >= 3522661) AND (k <= 3522761))

table 3 : explain SELECT k, c FROM sbtest3 WHERE k BETWEEN 3522661 AND 3522761
	Bitmap Heap Scan on sbtest3  (cost=5.49..413.00 rows=103 width=125)
	  Recheck Cond: ((k >= 3522661) AND (k <= 3522761))
	  ->  Bitmap Index Scan on k_3  (cost=0.00..5.46 rows=103 width=0)
	        Index Cond: ((k >= 3522661) AND (k <= 3522761))

table 4 : explain SELECT k, c FROM sbtest4 WHERE k BETWEEN 3522661 AND 3522761
	Bitmap Heap Scan on sbtest4  (cost=5.48..409.07 rows=102 width=125)
	  Recheck Cond: ((k >= 3522661) AND (k <= 3522761))
	  ->  Bitmap Index Scan on k_4  (cost=0.00..5.45 rows=102 width=0)
	        Index Cond: ((k >= 3522661) AND (k <= 3522761))

table 5 : explain SELECT k, c FROM sbtest5 WHERE k BETWEEN 3522661 AND 3522761
	Bitmap Heap Scan on sbtest5  (cost=5.45..397.25 rows=99 width=125)
	  Recheck Cond: ((k >= 3522661) AND (k <= 3522761))
	  ->  Bitmap Index Scan on k_5  (cost=0.00..5.42 rows=99 width=0)
	        Index Cond: ((k >= 3522661) AND (k <= 3522761))

table 6 : explain SELECT k, c FROM sbtest6 WHERE k BETWEEN 3522661 AND 3522761
	Bitmap Heap Scan on sbtest6  (cost=5.49..413.00 rows=103 width=125)
	  Recheck Cond: ((k >= 3522661) AND (k <= 3522761))
	  ->  Bitmap Index Scan on k_6  (cost=0.00..5.46 rows=103 width=0)
	        Index Cond: ((k >= 3522661) AND (k <= 3522761))

table 7 : explain SELECT k, c FROM sbtest7 WHERE k BETWEEN 3522661 AND 3522761
	Bitmap Heap Scan on sbtest7  (cost=5.48..409.07 rows=102 width=125)
	  Recheck Cond: ((k >= 3522661) AND (k <= 3522761))
	  ->  Bitmap Index Scan on k_7  (cost=0.00..5.45 rows=102 width=0)
	        Index Cond: ((k >= 3522661) AND (k <= 3522761))

table 8 : explain SELECT k, c FROM sbtest8 WHERE k BETWEEN 3522661 AND 3522761
	Bitmap Heap Scan on sbtest8  (cost=5.39..373.61 rows=93 width=125)
	  Recheck Cond: ((k >= 3522661) AND (k <= 3522761))
	  ->  Bitmap Index Scan on k_8  (cost=0.00..5.36 rows=93 width=0)
	        Index Cond: ((k >= 3522661) AND (k <= 3522761))

explain: for range-notcovered :: explain SELECT k, c FROM sbtest%d WHERE k BETWEEN 4671876 AND 4671976
for range-notcovered
table 1 : explain SELECT k, c FROM sbtest1 WHERE k BETWEEN 6443507 AND 6443607
	Bitmap Heap Scan on sbtest1  (cost=5.47..405.13 rows=101 width=125)
	  Recheck Cond: ((k >= 6443507) AND (k <= 6443607))
	  ->  Bitmap Index Scan on k_1  (cost=0.00..5.44 rows=101 width=0)
	        Index Cond: ((k >= 6443507) AND (k <= 6443607))

table 2 : explain SELECT k, c FROM sbtest2 WHERE k BETWEEN 6443507 AND 6443607
	Bitmap Heap Scan on sbtest2  (cost=5.41..381.49 rows=95 width=125)
	  Recheck Cond: ((k >= 6443507) AND (k <= 6443607))
	  ->  Bitmap Index Scan on k_2  (cost=0.00..5.38 rows=95 width=0)
	        Index Cond: ((k >= 6443507) AND (k <= 6443607))

table 3 : explain SELECT k, c FROM sbtest3 WHERE k BETWEEN 6443507 AND 6443607
	Bitmap Heap Scan on sbtest3  (cost=5.57..444.49 rows=111 width=125)
	  Recheck Cond: ((k >= 6443507) AND (k <= 6443607))
	  ->  Bitmap Index Scan on k_3  (cost=0.00..5.54 rows=111 width=0)
	        Index Cond: ((k >= 6443507) AND (k <= 6443607))

table 4 : explain SELECT k, c FROM sbtest4 WHERE k BETWEEN 6443507 AND 6443607
	Bitmap Heap Scan on sbtest4  (cost=5.55..436.62 rows=109 width=125)
	  Recheck Cond: ((k >= 6443507) AND (k <= 6443607))
	  ->  Bitmap Index Scan on k_4  (cost=0.00..5.52 rows=109 width=0)
	        Index Cond: ((k >= 6443507) AND (k <= 6443607))

table 5 : explain SELECT k, c FROM sbtest5 WHERE k BETWEEN 6443507 AND 6443607
	Bitmap Heap Scan on sbtest5  (cost=5.48..409.07 rows=102 width=125)
	  Recheck Cond: ((k >= 6443507) AND (k <= 6443607))
	  ->  Bitmap Index Scan on k_5  (cost=0.00..5.45 rows=102 width=0)
	        Index Cond: ((k >= 6443507) AND (k <= 6443607))

table 6 : explain SELECT k, c FROM sbtest6 WHERE k BETWEEN 6443507 AND 6443607
	Bitmap Heap Scan on sbtest6  (cost=5.52..424.81 rows=106 width=125)
	  Recheck Cond: ((k >= 6443507) AND (k <= 6443607))
	  ->  Bitmap Index Scan on k_6  (cost=0.00..5.50 rows=106 width=0)
	        Index Cond: ((k >= 6443507) AND (k <= 6443607))

table 7 : explain SELECT k, c FROM sbtest7 WHERE k BETWEEN 6443507 AND 6443607
	Bitmap Heap Scan on sbtest7  (cost=5.50..416.94 rows=104 width=125)
	  Recheck Cond: ((k >= 6443507) AND (k <= 6443607))
	  ->  Bitmap Index Scan on k_7  (cost=0.00..5.47 rows=104 width=0)
	        Index Cond: ((k >= 6443507) AND (k <= 6443607))

table 8 : explain SELECT k, c FROM sbtest8 WHERE k BETWEEN 6443507 AND 6443607
	Bitmap Heap Scan on sbtest8  (cost=5.51..420.88 rows=105 width=125)
	  Recheck Cond: ((k >= 6443507) AND (k <= 6443607))
	  ->  Bitmap Index Scan on k_8  (cost=0.00..5.48 rows=105 width=0)
	        Index Cond: ((k >= 6443507) AND (k <= 6443607))

explain: for range-notcovered :: explain SELECT k, c FROM sbtest%d WHERE k BETWEEN 4674984 AND 4675084
explain: for range-notcovered :: explain SELECT k, c FROM sbtest%d WHERE k BETWEEN 3522661 AND 3522761
explain: for range-notcovered :: explain SELECT k, c FROM sbtest%d WHERE k BETWEEN 2982615 AND 2982715
explain: for range-notcovered :: explain SELECT k, c FROM sbtest%d WHERE k BETWEEN 6443507 AND 6443607
for range-notcovered
table 1 : explain SELECT k, c FROM sbtest1 WHERE k BETWEEN 8691595 AND 8691695
	Bitmap Heap Scan on sbtest1  (cost=5.51..420.88 rows=105 width=125)
	  Recheck Cond: ((k >= 8691595) AND (k <= 8691695))
	  ->  Bitmap Index Scan on k_1  (cost=0.00..5.48 rows=105 width=0)
	        Index Cond: ((k >= 8691595) AND (k <= 8691695))

table 2 : explain SELECT k, c FROM sbtest2 WHERE k BETWEEN 8691595 AND 8691695
	Bitmap Heap Scan on sbtest2  (cost=5.42..385.43 rows=96 width=125)
	  Recheck Cond: ((k >= 8691595) AND (k <= 8691695))
	  ->  Bitmap Index Scan on k_2  (cost=0.00..5.39 rows=96 width=0)
	        Index Cond: ((k >= 8691595) AND (k <= 8691695))

table 3 : explain SELECT k, c FROM sbtest3 WHERE k BETWEEN 8691595 AND 8691695
	Bitmap Heap Scan on sbtest3  (cost=5.48..409.07 rows=102 width=125)
	  Recheck Cond: ((k >= 8691595) AND (k <= 8691695))
	  ->  Bitmap Index Scan on k_3  (cost=0.00..5.45 rows=102 width=0)
	        Index Cond: ((k >= 8691595) AND (k <= 8691695))

table 4 : explain SELECT k, c FROM sbtest4 WHERE k BETWEEN 8691595 AND 8691695
	Bitmap Heap Scan on sbtest4  (cost=5.50..416.94 rows=104 width=125)
	  Recheck Cond: ((k >= 8691595) AND (k <= 8691695))
	  ->  Bitmap Index Scan on k_4  (cost=0.00..5.47 rows=104 width=0)
	        Index Cond: ((k >= 8691595) AND (k <= 8691695))

table 5 : explain SELECT k, c FROM sbtest5 WHERE k BETWEEN 8691595 AND 8691695
	Bitmap Heap Scan on sbtest5  (cost=5.47..405.13 rows=101 width=125)
	  Recheck Cond: ((k >= 8691595) AND (k <= 8691695))
	  ->  Bitmap Index Scan on k_5  (cost=0.00..5.44 rows=101 width=0)
	        Index Cond: ((k >= 8691595) AND (k <= 8691695))

table 6 : explain SELECT k, c FROM sbtest6 WHERE k BETWEEN 8691595 AND 8691695
	Bitmap Heap Scan on sbtest6  (cost=5.40..377.55 rows=94 width=125)
	  Recheck Cond: ((k >= 8691595) AND (k <= 8691695))
	  ->  Bitmap Index Scan on k_6  (cost=0.00..5.38 rows=94 width=0)
	        Index Cond: ((k >= 8691595) AND (k <= 8691695))

table 7 : explain SELECT k, c FROM sbtest7 WHERE k BETWEEN 8691595 AND 8691695
	Bitmap Heap Scan on sbtest7  (cost=5.52..424.81 rows=106 width=125)
	  Recheck Cond: ((k >= 8691595) AND (k <= 8691695))
	  ->  Bitmap Index Scan on k_7  (cost=0.00..5.50 rows=106 width=0)
	        Index Cond: ((k >= 8691595) AND (k <= 8691695))

table 8 : explain SELECT k, c FROM sbtest8 WHERE k BETWEEN 8691595 AND 8691695
	Bitmap Heap Scan on sbtest8  (cost=5.50..416.94 rows=104 width=125)
	  Recheck Cond: ((k >= 8691595) AND (k <= 8691695))
	  ->  Bitmap Index Scan on k_8  (cost=0.00..5.47 rows=104 width=0)
	        Index Cond: ((k >= 8691595) AND (k <= 8691695))

for range-notcovered
table 1 : explain SELECT k, c FROM sbtest1 WHERE k BETWEEN 2982615 AND 2982715
	Bitmap Heap Scan on sbtest1  (cost=5.44..393.31 rows=98 width=125)
	  Recheck Cond: ((k >= 2982615) AND (k <= 2982715))
	  ->  Bitmap Index Scan on k_1  (cost=0.00..5.42 rows=98 width=0)
	        Index Cond: ((k >= 2982615) AND (k <= 2982715))

table 2 : explain SELECT k, c FROM sbtest2 WHERE k BETWEEN 2982615 AND 2982715
	Bitmap Heap Scan on sbtest2  (cost=5.47..405.13 rows=101 width=125)
	  Recheck Cond: ((k >= 2982615) AND (k <= 2982715))
	  ->  Bitmap Index Scan on k_2  (cost=0.00..5.44 rows=101 width=0)
	        Index Cond: ((k >= 2982615) AND (k <= 2982715))

table 3 : explain SELECT k, c FROM sbtest3 WHERE k BETWEEN 2982615 AND 2982715
	Bitmap Heap Scan on sbtest3  (cost=5.43..389.37 rows=97 width=125)
	  Recheck Cond: ((k >= 2982615) AND (k <= 2982715))
	  ->  Bitmap Index Scan on k_3  (cost=0.00..5.40 rows=97 width=0)
	        Index Cond: ((k >= 2982615) AND (k <= 2982715))

table 4 : explain SELECT k, c FROM sbtest4 WHERE k BETWEEN 2982615 AND 2982715
	Bitmap Heap Scan on sbtest4  (cost=5.48..409.07 rows=102 width=125)
	  Recheck Cond: ((k >= 2982615) AND (k <= 2982715))
	  ->  Bitmap Index Scan on k_4  (cost=0.00..5.45 rows=102 width=0)
	        Index Cond: ((k >= 2982615) AND (k <= 2982715))

table 5 : explain SELECT k, c FROM sbtest5 WHERE k BETWEEN 2982615 AND 2982715
	Bitmap Heap Scan on sbtest5  (cost=5.55..436.62 rows=109 width=125)
	  Recheck Cond: ((k >= 2982615) AND (k <= 2982715))
	  ->  Bitmap Index Scan on k_5  (cost=0.00..5.52 rows=109 width=0)
	        Index Cond: ((k >= 2982615) AND (k <= 2982715))

table 6 : explain SELECT k, c FROM sbtest6 WHERE k BETWEEN 2982615 AND 2982715
	Bitmap Heap Scan on sbtest6  (cost=5.48..409.07 rows=102 width=125)
	  Recheck Cond: ((k >= 2982615) AND (k <= 2982715))
	  ->  Bitmap Index Scan on k_6  (cost=0.00..5.45 rows=102 width=0)
	        Index Cond: ((k >= 2982615) AND (k <= 2982715))

table 7 : explain SELECT k, c FROM sbtest7 WHERE k BETWEEN 2982615 AND 2982715
	Bitmap Heap Scan on sbtest7  (cost=5.53..428.75 rows=107 width=125)
	  Recheck Cond: ((k >= 2982615) AND (k <= 2982715))
	  ->  Bitmap Index Scan on k_7  (cost=0.00..5.50 rows=107 width=0)
	        Index Cond: ((k >= 2982615) AND (k <= 2982715))

table 8 : explain SELECT k, c FROM sbtest8 WHERE k BETWEEN 2982615 AND 2982715
	Bitmap Heap Scan on sbtest8  (cost=5.51..420.88 rows=105 width=125)
	  Recheck Cond: ((k >= 2982615) AND (k <= 2982715))
	  ->  Bitmap Index Scan on k_8  (cost=0.00..5.48 rows=105 width=0)
	        Index Cond: ((k >= 2982615) AND (k <= 2982715))

for range-notcovered
table 1 : explain SELECT k, c FROM sbtest1 WHERE k BETWEEN 4674984 AND 4675084
	Bitmap Heap Scan on sbtest1  (cost=5.48..409.07 rows=102 width=125)
	  Recheck Cond: ((k >= 4674984) AND (k <= 4675084))
	  ->  Bitmap Index Scan on k_1  (cost=0.00..5.45 rows=102 width=0)
	        Index Cond: ((k >= 4674984) AND (k <= 4675084))

table 2 : explain SELECT k, c FROM sbtest2 WHERE k BETWEEN 4674984 AND 4675084
	Bitmap Heap Scan on sbtest2  (cost=5.46..401.19 rows=100 width=125)
	  Recheck Cond: ((k >= 4674984) AND (k <= 4675084))
	  ->  Bitmap Index Scan on k_2  (cost=0.00..5.43 rows=100 width=0)
	        Index Cond: ((k >= 4674984) AND (k <= 4675084))

table 3 : explain SELECT k, c FROM sbtest3 WHERE k BETWEEN 4674984 AND 4675084
	Bitmap Heap Scan on sbtest3  (cost=5.53..428.75 rows=107 width=125)
	  Recheck Cond: ((k >= 4674984) AND (k <= 4675084))
	  ->  Bitmap Index Scan on k_3  (cost=0.00..5.50 rows=107 width=0)
	        Index Cond: ((k >= 4674984) AND (k <= 4675084))

table 4 : explain SELECT k, c FROM sbtest4 WHERE k BETWEEN 4674984 AND 4675084
	Bitmap Heap Scan on sbtest4  (cost=5.51..420.88 rows=105 width=125)
	  Recheck Cond: ((k >= 4674984) AND (k <= 4675084))
	  ->  Bitmap Index Scan on k_4  (cost=0.00..5.48 rows=105 width=0)
	        Index Cond: ((k >= 4674984) AND (k <= 4675084))

table 5 : explain SELECT k, c FROM sbtest5 WHERE k BETWEEN 4674984 AND 4675084
	Bitmap Heap Scan on sbtest5  (cost=5.48..409.07 rows=102 width=125)
	  Recheck Cond: ((k >= 4674984) AND (k <= 4675084))
	  ->  Bitmap Index Scan on k_5  (cost=0.00..5.45 rows=102 width=0)
	        Index Cond: ((k >= 4674984) AND (k <= 4675084))

table 6 : explain SELECT k, c FROM sbtest6 WHERE k BETWEEN 4674984 AND 4675084
	Bitmap Heap Scan on sbtest6  (cost=5.43..389.37 rows=97 width=125)
	  Recheck Cond: ((k >= 4674984) AND (k <= 4675084))
	  ->  Bitmap Index Scan on k_6  (cost=0.00..5.40 rows=97 width=0)
	        Index Cond: ((k >= 4674984) AND (k <= 4675084))

table 7 : explain SELECT k, c FROM sbtest7 WHERE k BETWEEN 4674984 AND 4675084
	Bitmap Heap Scan on sbtest7  (cost=5.50..416.94 rows=104 width=125)
	  Recheck Cond: ((k >= 4674984) AND (k <= 4675084))
	  ->  Bitmap Index Scan on k_7  (cost=0.00..5.47 rows=104 width=0)
	        Index Cond: ((k >= 4674984) AND (k <= 4675084))

table 8 : explain SELECT k, c FROM sbtest8 WHERE k BETWEEN 4674984 AND 4675084
	Bitmap Heap Scan on sbtest8  (cost=5.49..413.00 rows=103 width=125)
	  Recheck Cond: ((k >= 4674984) AND (k <= 4675084))
	  ->  Bitmap Index Scan on k_8  (cost=0.00..5.46 rows=103 width=0)
	        Index Cond: ((k >= 4674984) AND (k <= 4675084))

for range-notcovered
table 1 : explain SELECT k, c FROM sbtest1 WHERE k BETWEEN 6443507 AND 6443607
	Bitmap Heap Scan on sbtest1  (cost=5.47..405.13 rows=101 width=125)
	  Recheck Cond: ((k >= 6443507) AND (k <= 6443607))
	  ->  Bitmap Index Scan on k_1  (cost=0.00..5.44 rows=101 width=0)
	        Index Cond: ((k >= 6443507) AND (k <= 6443607))

table 2 : explain SELECT k, c FROM sbtest2 WHERE k BETWEEN 6443507 AND 6443607
	Bitmap Heap Scan on sbtest2  (cost=5.41..381.49 rows=95 width=125)
	  Recheck Cond: ((k >= 6443507) AND (k <= 6443607))
	  ->  Bitmap Index Scan on k_2  (cost=0.00..5.38 rows=95 width=0)
	        Index Cond: ((k >= 6443507) AND (k <= 6443607))

table 3 : explain SELECT k, c FROM sbtest3 WHERE k BETWEEN 6443507 AND 6443607
	Bitmap Heap Scan on sbtest3  (cost=5.57..444.49 rows=111 width=125)
	  Recheck Cond: ((k >= 6443507) AND (k <= 6443607))
	  ->  Bitmap Index Scan on k_3  (cost=0.00..5.54 rows=111 width=0)
	        Index Cond: ((k >= 6443507) AND (k <= 6443607))

table 4 : explain SELECT k, c FROM sbtest4 WHERE k BETWEEN 6443507 AND 6443607
	Bitmap Heap Scan on sbtest4  (cost=5.55..436.62 rows=109 width=125)
	  Recheck Cond: ((k >= 6443507) AND (k <= 6443607))
	  ->  Bitmap Index Scan on k_4  (cost=0.00..5.52 rows=109 width=0)
	        Index Cond: ((k >= 6443507) AND (k <= 6443607))

table 5 : explain SELECT k, c FROM sbtest5 WHERE k BETWEEN 6443507 AND 6443607
	Bitmap Heap Scan on sbtest5  (cost=5.48..409.07 rows=102 width=125)
	  Recheck Cond: ((k >= 6443507) AND (k <= 6443607))
	  ->  Bitmap Index Scan on k_5  (cost=0.00..5.45 rows=102 width=0)
	        Index Cond: ((k >= 6443507) AND (k <= 6443607))

table 6 : explain SELECT k, c FROM sbtest6 WHERE k BETWEEN 6443507 AND 6443607
	Bitmap Heap Scan on sbtest6  (cost=5.52..424.81 rows=106 width=125)
	  Recheck Cond: ((k >= 6443507) AND (k <= 6443607))
	  ->  Bitmap Index Scan on k_6  (cost=0.00..5.50 rows=106 width=0)
	        Index Cond: ((k >= 6443507) AND (k <= 6443607))

table 7 : explain SELECT k, c FROM sbtest7 WHERE k BETWEEN 6443507 AND 6443607
	Bitmap Heap Scan on sbtest7  (cost=5.50..416.94 rows=104 width=125)
	  Recheck Cond: ((k >= 6443507) AND (k <= 6443607))
	  ->  Bitmap Index Scan on k_7  (cost=0.00..5.47 rows=104 width=0)
	        Index Cond: ((k >= 6443507) AND (k <= 6443607))

table 8 : explain SELECT k, c FROM sbtest8 WHERE k BETWEEN 6443507 AND 6443607
	Bitmap Heap Scan on sbtest8  (cost=5.51..420.88 rows=105 width=125)
	  Recheck Cond: ((k >= 6443507) AND (k <= 6443607))
	  ->  Bitmap Index Scan on k_8  (cost=0.00..5.48 rows=105 width=0)
	        Index Cond: ((k >= 6443507) AND (k <= 6443607))

explain: for range-notcovered :: explain SELECT k, c FROM sbtest%d WHERE k BETWEEN 2982615 AND 2982715
explain: for range-notcovered :: explain SELECT k, c FROM sbtest%d WHERE k BETWEEN 6443507 AND 6443607
explain: for range-notcovered :: explain SELECT k, c FROM sbtest%d WHERE k BETWEEN 8691595 AND 8691695
explain: for range-notcovered :: explain SELECT k, c FROM sbtest%d WHERE k BETWEEN 7908460 AND 7908560
for range-notcovered
table 1 : explain SELECT k, c FROM sbtest1 WHERE k BETWEEN 4671876 AND 4671976
	Bitmap Heap Scan on sbtest1  (cost=5.48..409.07 rows=102 width=125)
	  Recheck Cond: ((k >= 4671876) AND (k <= 4671976))
	  ->  Bitmap Index Scan on k_1  (cost=0.00..5.45 rows=102 width=0)
	        Index Cond: ((k >= 4671876) AND (k <= 4671976))

table 2 : explain SELECT k, c FROM sbtest2 WHERE k BETWEEN 4671876 AND 4671976
	Bitmap Heap Scan on sbtest2  (cost=5.46..401.19 rows=100 width=125)
	  Recheck Cond: ((k >= 4671876) AND (k <= 4671976))
	  ->  Bitmap Index Scan on k_2  (cost=0.00..5.43 rows=100 width=0)
	        Index Cond: ((k >= 4671876) AND (k <= 4671976))

table 3 : explain SELECT k, c FROM sbtest3 WHERE k BETWEEN 4671876 AND 4671976
	Bitmap Heap Scan on sbtest3  (cost=5.53..428.75 rows=107 width=125)
	  Recheck Cond: ((k >= 4671876) AND (k <= 4671976))
	  ->  Bitmap Index Scan on k_3  (cost=0.00..5.50 rows=107 width=0)
	        Index Cond: ((k >= 4671876) AND (k <= 4671976))

table 4 : explain SELECT k, c FROM sbtest4 WHERE k BETWEEN 4671876 AND 4671976
	Bitmap Heap Scan on sbtest4  (cost=5.51..420.88 rows=105 width=125)
	  Recheck Cond: ((k >= 4671876) AND (k <= 4671976))
	  ->  Bitmap Index Scan on k_4  (cost=0.00..5.48 rows=105 width=0)
	        Index Cond: ((k >= 4671876) AND (k <= 4671976))

table 5 : explain SELECT k, c FROM sbtest5 WHERE k BETWEEN 4671876 AND 4671976
	Bitmap Heap Scan on sbtest5  (cost=5.48..409.07 rows=102 width=125)
	  Recheck Cond: ((k >= 4671876) AND (k <= 4671976))
	  ->  Bitmap Index Scan on k_5  (cost=0.00..5.45 rows=102 width=0)
	        Index Cond: ((k >= 4671876) AND (k <= 4671976))

table 6 : explain SELECT k, c FROM sbtest6 WHERE k BETWEEN 4671876 AND 4671976
	Bitmap Heap Scan on sbtest6  (cost=5.43..389.37 rows=97 width=125)
	  Recheck Cond: ((k >= 4671876) AND (k <= 4671976))
	  ->  Bitmap Index Scan on k_6  (cost=0.00..5.40 rows=97 width=0)
	        Index Cond: ((k >= 4671876) AND (k <= 4671976))

table 7 : explain SELECT k, c FROM sbtest7 WHERE k BETWEEN 4671876 AND 4671976
	Bitmap Heap Scan on sbtest7  (cost=5.50..416.94 rows=104 width=125)
	  Recheck Cond: ((k >= 4671876) AND (k <= 4671976))
	  ->  Bitmap Index Scan on k_7  (cost=0.00..5.47 rows=104 width=0)
	        Index Cond: ((k >= 4671876) AND (k <= 4671976))

table 8 : explain SELECT k, c FROM sbtest8 WHERE k BETWEEN 4671876 AND 4671976
	Bitmap Heap Scan on sbtest8  (cost=5.49..413.00 rows=103 width=125)
	  Recheck Cond: ((k >= 4671876) AND (k <= 4671976))
	  ->  Bitmap Index Scan on k_8  (cost=0.00..5.46 rows=103 width=0)
	        Index Cond: ((k >= 4671876) AND (k <= 4671976))

for range-notcovered
table 1 : explain SELECT k, c FROM sbtest1 WHERE k BETWEEN 3522661 AND 3522761
	Bitmap Heap Scan on sbtest1  (cost=5.48..409.07 rows=102 width=125)
	  Recheck Cond: ((k >= 3522661) AND (k <= 3522761))
	  ->  Bitmap Index Scan on k_1  (cost=0.00..5.45 rows=102 width=0)
	        Index Cond: ((k >= 3522661) AND (k <= 3522761))

table 2 : explain SELECT k, c FROM sbtest2 WHERE k BETWEEN 3522661 AND 3522761
	Bitmap Heap Scan on sbtest2  (cost=5.50..416.94 rows=104 width=125)
	  Recheck Cond: ((k >= 3522661) AND (k <= 3522761))
	  ->  Bitmap Index Scan on k_2  (cost=0.00..5.47 rows=104 width=0)
	        Index Cond: ((k >= 3522661) AND (k <= 3522761))

table 3 : explain SELECT k, c FROM sbtest3 WHERE k BETWEEN 3522661 AND 3522761
	Bitmap Heap Scan on sbtest3  (cost=5.49..413.00 rows=103 width=125)
	  Recheck Cond: ((k >= 3522661) AND (k <= 3522761))
	  ->  Bitmap Index Scan on k_3  (cost=0.00..5.46 rows=103 width=0)
	        Index Cond: ((k >= 3522661) AND (k <= 3522761))

table 4 : explain SELECT k, c FROM sbtest4 WHERE k BETWEEN 3522661 AND 3522761
	Bitmap Heap Scan on sbtest4  (cost=5.48..409.07 rows=102 width=125)
	  Recheck Cond: ((k >= 3522661) AND (k <= 3522761))
	  ->  Bitmap Index Scan on k_4  (cost=0.00..5.45 rows=102 width=0)
	        Index Cond: ((k >= 3522661) AND (k <= 3522761))

table 5 : explain SELECT k, c FROM sbtest5 WHERE k BETWEEN 3522661 AND 3522761
	Bitmap Heap Scan on sbtest5  (cost=5.45..397.25 rows=99 width=125)
	  Recheck Cond: ((k >= 3522661) AND (k <= 3522761))
	  ->  Bitmap Index Scan on k_5  (cost=0.00..5.42 rows=99 width=0)
	        Index Cond: ((k >= 3522661) AND (k <= 3522761))

table 6 : explain SELECT k, c FROM sbtest6 WHERE k BETWEEN 3522661 AND 3522761
	Bitmap Heap Scan on sbtest6  (cost=5.49..413.00 rows=103 width=125)
	  Recheck Cond: ((k >= 3522661) AND (k <= 3522761))
	  ->  Bitmap Index Scan on k_6  (cost=0.00..5.46 rows=103 width=0)
	        Index Cond: ((k >= 3522661) AND (k <= 3522761))

table 7 : explain SELECT k, c FROM sbtest7 WHERE k BETWEEN 3522661 AND 3522761
	Bitmap Heap Scan on sbtest7  (cost=5.48..409.07 rows=102 width=125)
	  Recheck Cond: ((k >= 3522661) AND (k <= 3522761))
	  ->  Bitmap Index Scan on k_7  (cost=0.00..5.45 rows=102 width=0)
	        Index Cond: ((k >= 3522661) AND (k <= 3522761))

table 8 : explain SELECT k, c FROM sbtest8 WHERE k BETWEEN 3522661 AND 3522761
	Bitmap Heap Scan on sbtest8  (cost=5.39..373.61 rows=93 width=125)
	  Recheck Cond: ((k >= 3522661) AND (k <= 3522761))
	  ->  Bitmap Index Scan on k_8  (cost=0.00..5.36 rows=93 width=0)
	        Index Cond: ((k >= 3522661) AND (k <= 3522761))

explain: for range-notcovered :: explain SELECT k, c FROM sbtest%d WHERE k BETWEEN 4671876 AND 4671976
explain: for range-notcovered :: explain SELECT k, c FROM sbtest%d WHERE k BETWEEN 3522661 AND 3522761
for range-notcovered
table 1 : explain SELECT k, c FROM sbtest1 WHERE k BETWEEN 2982615 AND 2982715
	Bitmap Heap Scan on sbtest1  (cost=5.44..393.31 rows=98 width=125)
	  Recheck Cond: ((k >= 2982615) AND (k <= 2982715))
	  ->  Bitmap Index Scan on k_1  (cost=0.00..5.42 rows=98 width=0)
	        Index Cond: ((k >= 2982615) AND (k <= 2982715))

table 2 : explain SELECT k, c FROM sbtest2 WHERE k BETWEEN 2982615 AND 2982715
	Bitmap Heap Scan on sbtest2  (cost=5.47..405.13 rows=101 width=125)
	  Recheck Cond: ((k >= 2982615) AND (k <= 2982715))
	  ->  Bitmap Index Scan on k_2  (cost=0.00..5.44 rows=101 width=0)
	        Index Cond: ((k >= 2982615) AND (k <= 2982715))

table 3 : explain SELECT k, c FROM sbtest3 WHERE k BETWEEN 2982615 AND 2982715
	Bitmap Heap Scan on sbtest3  (cost=5.43..389.37 rows=97 width=125)
	  Recheck Cond: ((k >= 2982615) AND (k <= 2982715))
	  ->  Bitmap Index Scan on k_3  (cost=0.00..5.40 rows=97 width=0)
	        Index Cond: ((k >= 2982615) AND (k <= 2982715))

table 4 : explain SELECT k, c FROM sbtest4 WHERE k BETWEEN 2982615 AND 2982715
	Bitmap Heap Scan on sbtest4  (cost=5.48..409.07 rows=102 width=125)
	  Recheck Cond: ((k >= 2982615) AND (k <= 2982715))
	  ->  Bitmap Index Scan on k_4  (cost=0.00..5.45 rows=102 width=0)
	        Index Cond: ((k >= 2982615) AND (k <= 2982715))

table 5 : explain SELECT k, c FROM sbtest5 WHERE k BETWEEN 2982615 AND 2982715
	Bitmap Heap Scan on sbtest5  (cost=5.55..436.62 rows=109 width=125)
	  Recheck Cond: ((k >= 2982615) AND (k <= 2982715))
	  ->  Bitmap Index Scan on k_5  (cost=0.00..5.52 rows=109 width=0)
	        Index Cond: ((k >= 2982615) AND (k <= 2982715))

table 6 : explain SELECT k, c FROM sbtest6 WHERE k BETWEEN 2982615 AND 2982715
	Bitmap Heap Scan on sbtest6  (cost=5.48..409.07 rows=102 width=125)
	  Recheck Cond: ((k >= 2982615) AND (k <= 2982715))
	  ->  Bitmap Index Scan on k_6  (cost=0.00..5.45 rows=102 width=0)
	        Index Cond: ((k >= 2982615) AND (k <= 2982715))

table 7 : explain SELECT k, c FROM sbtest7 WHERE k BETWEEN 2982615 AND 2982715
	Bitmap Heap Scan on sbtest7  (cost=5.53..428.75 rows=107 width=125)
	  Recheck Cond: ((k >= 2982615) AND (k <= 2982715))
	  ->  Bitmap Index Scan on k_7  (cost=0.00..5.50 rows=107 width=0)
	        Index Cond: ((k >= 2982615) AND (k <= 2982715))

table 8 : explain SELECT k, c FROM sbtest8 WHERE k BETWEEN 2982615 AND 2982715
	Bitmap Heap Scan on sbtest8  (cost=5.51..420.88 rows=105 width=125)
	  Recheck Cond: ((k >= 2982615) AND (k <= 2982715))
	  ->  Bitmap Index Scan on k_8  (cost=0.00..5.48 rows=105 width=0)
	        Index Cond: ((k >= 2982615) AND (k <= 2982715))

for range-notcovered
table 1 : explain SELECT k, c FROM sbtest1 WHERE k BETWEEN 6443507 AND 6443607
	Bitmap Heap Scan on sbtest1  (cost=5.47..405.13 rows=101 width=125)
	  Recheck Cond: ((k >= 6443507) AND (k <= 6443607))
	  ->  Bitmap Index Scan on k_1  (cost=0.00..5.44 rows=101 width=0)
	        Index Cond: ((k >= 6443507) AND (k <= 6443607))

table 2 : explain SELECT k, c FROM sbtest2 WHERE k BETWEEN 6443507 AND 6443607
	Bitmap Heap Scan on sbtest2  (cost=5.41..381.49 rows=95 width=125)
	  Recheck Cond: ((k >= 6443507) AND (k <= 6443607))
	  ->  Bitmap Index Scan on k_2  (cost=0.00..5.38 rows=95 width=0)
	        Index Cond: ((k >= 6443507) AND (k <= 6443607))

table 3 : explain SELECT k, c FROM sbtest3 WHERE k BETWEEN 6443507 AND 6443607
	Bitmap Heap Scan on sbtest3  (cost=5.57..444.49 rows=111 width=125)
	  Recheck Cond: ((k >= 6443507) AND (k <= 6443607))
	  ->  Bitmap Index Scan on k_3  (cost=0.00..5.54 rows=111 width=0)
	        Index Cond: ((k >= 6443507) AND (k <= 6443607))

table 4 : explain SELECT k, c FROM sbtest4 WHERE k BETWEEN 6443507 AND 6443607
	Bitmap Heap Scan on sbtest4  (cost=5.55..436.62 rows=109 width=125)
	  Recheck Cond: ((k >= 6443507) AND (k <= 6443607))
	  ->  Bitmap Index Scan on k_4  (cost=0.00..5.52 rows=109 width=0)
	        Index Cond: ((k >= 6443507) AND (k <= 6443607))

table 5 : explain SELECT k, c FROM sbtest5 WHERE k BETWEEN 6443507 AND 6443607
	Bitmap Heap Scan on sbtest5  (cost=5.48..409.07 rows=102 width=125)
	  Recheck Cond: ((k >= 6443507) AND (k <= 6443607))
	  ->  Bitmap Index Scan on k_5  (cost=0.00..5.45 rows=102 width=0)
	        Index Cond: ((k >= 6443507) AND (k <= 6443607))

table 6 : explain SELECT k, c FROM sbtest6 WHERE k BETWEEN 6443507 AND 6443607
	Bitmap Heap Scan on sbtest6  (cost=5.52..424.81 rows=106 width=125)
	  Recheck Cond: ((k >= 6443507) AND (k <= 6443607))
	  ->  Bitmap Index Scan on k_6  (cost=0.00..5.50 rows=106 width=0)
	        Index Cond: ((k >= 6443507) AND (k <= 6443607))

table 7 : explain SELECT k, c FROM sbtest7 WHERE k BETWEEN 6443507 AND 6443607
	Bitmap Heap Scan on sbtest7  (cost=5.50..416.94 rows=104 width=125)
	  Recheck Cond: ((k >= 6443507) AND (k <= 6443607))
	  ->  Bitmap Index Scan on k_7  (cost=0.00..5.47 rows=104 width=0)
	        Index Cond: ((k >= 6443507) AND (k <= 6443607))

table 8 : explain SELECT k, c FROM sbtest8 WHERE k BETWEEN 6443507 AND 6443607
	Bitmap Heap Scan on sbtest8  (cost=5.51..420.88 rows=105 width=125)
	  Recheck Cond: ((k >= 6443507) AND (k <= 6443607))
	  ->  Bitmap Index Scan on k_8  (cost=0.00..5.48 rows=105 width=0)
	        Index Cond: ((k >= 6443507) AND (k <= 6443607))

for range-notcovered
table 1 : explain SELECT k, c FROM sbtest1 WHERE k BETWEEN 7999367 AND 7999467
	Bitmap Heap Scan on sbtest1  (cost=5.54..432.69 rows=108 width=125)
	  Recheck Cond: ((k >= 7999367) AND (k <= 7999467))
	  ->  Bitmap Index Scan on k_1  (cost=0.00..5.51 rows=108 width=0)
	        Index Cond: ((k >= 7999367) AND (k <= 7999467))

table 2 : explain SELECT k, c FROM sbtest2 WHERE k BETWEEN 7999367 AND 7999467
	Bitmap Heap Scan on sbtest2  (cost=5.50..416.94 rows=104 width=125)
	  Recheck Cond: ((k >= 7999367) AND (k <= 7999467))
	  ->  Bitmap Index Scan on k_2  (cost=0.00..5.47 rows=104 width=0)
	        Index Cond: ((k >= 7999367) AND (k <= 7999467))

table 3 : explain SELECT k, c FROM sbtest3 WHERE k BETWEEN 7999367 AND 7999467
	Bitmap Heap Scan on sbtest3  (cost=5.53..428.75 rows=107 width=125)
	  Recheck Cond: ((k >= 7999367) AND (k <= 7999467))
	  ->  Bitmap Index Scan on k_3  (cost=0.00..5.50 rows=107 width=0)
	        Index Cond: ((k >= 7999367) AND (k <= 7999467))

table 4 : explain SELECT k, c FROM sbtest4 WHERE k BETWEEN 7999367 AND 7999467
	Bitmap Heap Scan on sbtest4  (cost=5.40..377.55 rows=94 width=125)
	  Recheck Cond: ((k >= 7999367) AND (k <= 7999467))
	  ->  Bitmap Index Scan on k_4  (cost=0.00..5.38 rows=94 width=0)
	        Index Cond: ((k >= 7999367) AND (k <= 7999467))

table 5 : explain SELECT k, c FROM sbtest5 WHERE k BETWEEN 7999367 AND 7999467
	Bitmap Heap Scan on sbtest5  (cost=5.56..440.56 rows=110 width=125)
	  Recheck Cond: ((k >= 7999367) AND (k <= 7999467))
	  ->  Bitmap Index Scan on k_5  (cost=0.00..5.53 rows=110 width=0)
	        Index Cond: ((k >= 7999367) AND (k <= 7999467))

table 6 : explain SELECT k, c FROM sbtest6 WHERE k BETWEEN 7999367 AND 7999467
	Bitmap Heap Scan on sbtest6  (cost=5.50..416.94 rows=104 width=125)
	  Recheck Cond: ((k >= 7999367) AND (k <= 7999467))
	  ->  Bitmap Index Scan on k_6  (cost=0.00..5.47 rows=104 width=0)
	        Index Cond: ((k >= 7999367) AND (k <= 7999467))

table 7 : explain SELECT k, c FROM sbtest7 WHERE k BETWEEN 7999367 AND 7999467
	Bitmap Heap Scan on sbtest7  (cost=5.49..413.00 rows=103 width=125)
	  Recheck Cond: ((k >= 7999367) AND (k <= 7999467))
	  ->  Bitmap Index Scan on k_7  (cost=0.00..5.46 rows=103 width=0)
	        Index Cond: ((k >= 7999367) AND (k <= 7999467))

table 8 : explain SELECT k, c FROM sbtest8 WHERE k BETWEEN 7999367 AND 7999467
	Bitmap Heap Scan on sbtest8  (cost=5.44..393.31 rows=98 width=125)
	  Recheck Cond: ((k >= 7999367) AND (k <= 7999467))
	  ->  Bitmap Index Scan on k_8  (cost=0.00..5.42 rows=98 width=0)
	        Index Cond: ((k >= 7999367) AND (k <= 7999467))
for range-notcovered
table 1 : explain SELECT k, c FROM sbtest1 WHERE k BETWEEN 8691595 AND 8691695
	Bitmap Heap Scan on sbtest1  (cost=5.51..420.88 rows=105 width=125)
	  Recheck Cond: ((k >= 8691595) AND (k <= 8691695))
	  ->  Bitmap Index Scan on k_1  (cost=0.00..5.48 rows=105 width=0)
	        Index Cond: ((k >= 8691595) AND (k <= 8691695))

table 2 : explain SELECT k, c FROM sbtest2 WHERE k BETWEEN 8691595 AND 8691695
	Bitmap Heap Scan on sbtest2  (cost=5.42..385.43 rows=96 width=125)
	  Recheck Cond: ((k >= 8691595) AND (k <= 8691695))
	  ->  Bitmap Index Scan on k_2  (cost=0.00..5.39 rows=96 width=0)
	        Index Cond: ((k >= 8691595) AND (k <= 8691695))

table 3 : explain SELECT k, c FROM sbtest3 WHERE k BETWEEN 8691595 AND 8691695
	Bitmap Heap Scan on sbtest3  (cost=5.48..409.07 rows=102 width=125)
	  Recheck Cond: ((k >= 8691595) AND (k <= 8691695))
	  ->  Bitmap Index Scan on k_3  (cost=0.00..5.45 rows=102 width=0)
	        Index Cond: ((k >= 8691595) AND (k <= 8691695))

table 4 : explain SELECT k, c FROM sbtest4 WHERE k BETWEEN 8691595 AND 8691695
	Bitmap Heap Scan on sbtest4  (cost=5.50..416.94 rows=104 width=125)
	  Recheck Cond: ((k >= 8691595) AND (k <= 8691695))
	  ->  Bitmap Index Scan on k_4  (cost=0.00..5.47 rows=104 width=0)
	        Index Cond: ((k >= 8691595) AND (k <= 8691695))

table 5 : explain SELECT k, c FROM sbtest5 WHERE k BETWEEN 8691595 AND 8691695
	Bitmap Heap Scan on sbtest5  (cost=5.47..405.13 rows=101 width=125)
	  Recheck Cond: ((k >= 8691595) AND (k <= 8691695))
	  ->  Bitmap Index Scan on k_5  (cost=0.00..5.44 rows=101 width=0)
	        Index Cond: ((k >= 8691595) AND (k <= 8691695))

table 6 : explain SELECT k, c FROM sbtest6 WHERE k BETWEEN 8691595 AND 8691695
	Bitmap Heap Scan on sbtest6  (cost=5.40..377.55 rows=94 width=125)
	  Recheck Cond: ((k >= 8691595) AND (k <= 8691695))
	  ->  Bitmap Index Scan on k_6  (cost=0.00..5.38 rows=94 width=0)
	        Index Cond: ((k >= 8691595) AND (k <= 8691695))

table 7 : explain SELECT k, c FROM sbtest7 WHERE k BETWEEN 8691595 AND 8691695
	Bitmap Heap Scan on sbtest7  (cost=5.52..424.81 rows=106 width=125)
	  Recheck Cond: ((k >= 8691595) AND (k <= 8691695))
	  ->  Bitmap Index Scan on k_7  (cost=0.00..5.50 rows=106 width=0)
	        Index Cond: ((k >= 8691595) AND (k <= 8691695))

table 8 : explain SELECT k, c FROM sbtest8 WHERE k BETWEEN 8691595 AND 8691695
	Bitmap Heap Scan on sbtest8  (cost=5.50..416.94 rows=104 width=125)
	  Recheck Cond: ((k >= 8691595) AND (k <= 8691695))
	  ->  Bitmap Index Scan on k_8  (cost=0.00..5.47 rows=104 width=0)
	        Index Cond: ((k >= 8691595) AND (k <= 8691695))


explain: for range-notcovered :: explain SELECT k, c FROM sbtest%d WHERE k BETWEEN 4426734 AND 4426834
explain: for range-notcovered :: explain SELECT k, c FROM sbtest%d WHERE k BETWEEN 8691595 AND 8691695
for range-notcovered
table 1 : explain SELECT k, c FROM sbtest1 WHERE k BETWEEN 5028008 AND 5028108
	Bitmap Heap Scan on sbtest1  (cost=5.57..444.49 rows=111 width=125)
	  Recheck Cond: ((k >= 5028008) AND (k <= 5028108))
	  ->  Bitmap Index Scan on k_1  (cost=0.00..5.54 rows=111 width=0)
	        Index Cond: ((k >= 5028008) AND (k <= 5028108))

table 2 : explain SELECT k, c FROM sbtest2 WHERE k BETWEEN 5028008 AND 5028108
	Bitmap Heap Scan on sbtest2  (cost=5.48..409.07 rows=102 width=125)
	  Recheck Cond: ((k >= 5028008) AND (k <= 5028108))
	  ->  Bitmap Index Scan on k_2  (cost=0.00..5.45 rows=102 width=0)
	        Index Cond: ((k >= 5028008) AND (k <= 5028108))

table 3 : explain SELECT k, c FROM sbtest3 WHERE k BETWEEN 5028008 AND 5028108
	Bitmap Heap Scan on sbtest3  (cost=5.49..413.00 rows=103 width=125)
	  Recheck Cond: ((k >= 5028008) AND (k <= 5028108))
	  ->  Bitmap Index Scan on k_3  (cost=0.00..5.46 rows=103 width=0)
	        Index Cond: ((k >= 5028008) AND (k <= 5028108))

table 4 : explain SELECT k, c FROM sbtest4 WHERE k BETWEEN 5028008 AND 5028108
	Bitmap Heap Scan on sbtest4  (cost=5.50..416.94 rows=104 width=125)
	  Recheck Cond: ((k >= 5028008) AND (k <= 5028108))
	  ->  Bitmap Index Scan on k_4  (cost=0.00..5.47 rows=104 width=0)
	        Index Cond: ((k >= 5028008) AND (k <= 5028108))

table 5 : explain SELECT k, c FROM sbtest5 WHERE k BETWEEN 5028008 AND 5028108
	Bitmap Heap Scan on sbtest5  (cost=5.48..409.07 rows=102 width=125)
	  Recheck Cond: ((k >= 5028008) AND (k <= 5028108))
	  ->  Bitmap Index Scan on k_5  (cost=0.00..5.45 rows=102 width=0)
	        Index Cond: ((k >= 5028008) AND (k <= 5028108))

table 6 : explain SELECT k, c FROM sbtest6 WHERE k BETWEEN 5028008 AND 5028108
	Bitmap Heap Scan on sbtest6  (cost=5.40..377.55 rows=94 width=125)
	  Recheck Cond: ((k >= 5028008) AND (k <= 5028108))
	  ->  Bitmap Index Scan on k_6  (cost=0.00..5.38 rows=94 width=0)
	        Index Cond: ((k >= 5028008) AND (k <= 5028108))

table 7 : explain SELECT k, c FROM sbtest7 WHERE k BETWEEN 5028008 AND 5028108
	Bitmap Heap Scan on sbtest7  (cost=5.53..428.75 rows=107 width=125)
	  Recheck Cond: ((k >= 5028008) AND (k <= 5028108))
	  ->  Bitmap Index Scan on k_7  (cost=0.00..5.50 rows=107 width=0)
	        Index Cond: ((k >= 5028008) AND (k <= 5028108))

table 8 : explain SELECT k, c FROM sbtest8 WHERE k BETWEEN 5028008 AND 5028108
	Bitmap Heap Scan on sbtest8  (cost=5.52..424.81 rows=106 width=125)
	  Recheck Cond: ((k >= 5028008) AND (k <= 5028108))
	  ->  Bitmap Index Scan on k_8  (cost=0.00..5.50 rows=106 width=0)
	        Index Cond: ((k >= 5028008) AND (k <= 5028108))

explain: for range-notcovered :: explain SELECT k, c FROM sbtest%d WHERE k BETWEEN 7999367 AND 7999467
for range-notcovered
table 1 : explain SELECT k, c FROM sbtest1 WHERE k BETWEEN 976638 AND 976738
	Bitmap Heap Scan on sbtest1  (cost=5.51..420.88 rows=105 width=125)
	  Recheck Cond: ((k >= 976638) AND (k <= 976738))
	  ->  Bitmap Index Scan on k_1  (cost=0.00..5.48 rows=105 width=0)
	        Index Cond: ((k >= 976638) AND (k <= 976738))

table 2 : explain SELECT k, c FROM sbtest2 WHERE k BETWEEN 976638 AND 976738
	Bitmap Heap Scan on sbtest2  (cost=5.52..424.81 rows=106 width=125)
	  Recheck Cond: ((k >= 976638) AND (k <= 976738))
	  ->  Bitmap Index Scan on k_2  (cost=0.00..5.50 rows=106 width=0)
	        Index Cond: ((k >= 976638) AND (k <= 976738))

table 3 : explain SELECT k, c FROM sbtest3 WHERE k BETWEEN 976638 AND 976738
	Bitmap Heap Scan on sbtest3  (cost=5.48..409.07 rows=102 width=125)
	  Recheck Cond: ((k >= 976638) AND (k <= 976738))
	  ->  Bitmap Index Scan on k_3  (cost=0.00..5.45 rows=102 width=0)
	        Index Cond: ((k >= 976638) AND (k <= 976738))

table 4 : explain SELECT k, c FROM sbtest4 WHERE k BETWEEN 976638 AND 976738
	Bitmap Heap Scan on sbtest4  (cost=5.49..413.00 rows=103 width=125)
	  Recheck Cond: ((k >= 976638) AND (k <= 976738))
	  ->  Bitmap Index Scan on k_4  (cost=0.00..5.46 rows=103 width=0)
	        Index Cond: ((k >= 976638) AND (k <= 976738))

table 5 : explain SELECT k, c FROM sbtest5 WHERE k BETWEEN 976638 AND 976738
	Bitmap Heap Scan on sbtest5  (cost=5.50..416.94 rows=104 width=125)
	  Recheck Cond: ((k >= 976638) AND (k <= 976738))
	  ->  Bitmap Index Scan on k_5  (cost=0.00..5.47 rows=104 width=0)
	        Index Cond: ((k >= 976638) AND (k <= 976738))

table 6 : explain SELECT k, c FROM sbtest6 WHERE k BETWEEN 976638 AND 976738
	Bitmap Heap Scan on sbtest6  (cost=5.62..464.15 rows=116 width=125)
	  Recheck Cond: ((k >= 976638) AND (k <= 976738))
	  ->  Bitmap Index Scan on k_6  (cost=0.00..5.59 rows=116 width=0)
	        Index Cond: ((k >= 976638) AND (k <= 976738))

table 7 : explain SELECT k, c FROM sbtest7 WHERE k BETWEEN 976638 AND 976738
	Bitmap Heap Scan on sbtest7  (cost=5.58..448.42 rows=112 width=125)
	  Recheck Cond: ((k >= 976638) AND (k <= 976738))
	  ->  Bitmap Index Scan on k_7  (cost=0.00..5.55 rows=112 width=0)
	        Index Cond: ((k >= 976638) AND (k <= 976738))

table 8 : explain SELECT k, c FROM sbtest8 WHERE k BETWEEN 976638 AND 976738
	Bitmap Heap Scan on sbtest8  (cost=5.45..397.25 rows=99 width=125)
	  Recheck Cond: ((k >= 976638) AND (k <= 976738))
	  ->  Bitmap Index Scan on k_8  (cost=0.00..5.42 rows=99 width=0)
	        Index Cond: ((k >= 976638) AND (k <= 976738))

explain: for range-notcovered :: explain SELECT k, c FROM sbtest%d WHERE k BETWEEN 976638 AND 976738
explain: for range-notcovered :: explain SELECT k, c FROM sbtest%d WHERE k BETWEEN 5028008 AND 5028108
for range-notcovered
table 1 : explain SELECT k, c FROM sbtest1 WHERE k BETWEEN 4671876 AND 4671976
	Bitmap Heap Scan on sbtest1  (cost=5.48..409.07 rows=102 width=125)
	  Recheck Cond: ((k >= 4671876) AND (k <= 4671976))
	  ->  Bitmap Index Scan on k_1  (cost=0.00..5.45 rows=102 width=0)
	        Index Cond: ((k >= 4671876) AND (k <= 4671976))

table 2 : explain SELECT k, c FROM sbtest2 WHERE k BETWEEN 4671876 AND 4671976
	Bitmap Heap Scan on sbtest2  (cost=5.46..401.19 rows=100 width=125)
	  Recheck Cond: ((k >= 4671876) AND (k <= 4671976))
	  ->  Bitmap Index Scan on k_2  (cost=0.00..5.43 rows=100 width=0)
	        Index Cond: ((k >= 4671876) AND (k <= 4671976))

table 3 : explain SELECT k, c FROM sbtest3 WHERE k BETWEEN 4671876 AND 4671976
	Bitmap Heap Scan on sbtest3  (cost=5.53..428.75 rows=107 width=125)
	  Recheck Cond: ((k >= 4671876) AND (k <= 4671976))
	  ->  Bitmap Index Scan on k_3  (cost=0.00..5.50 rows=107 width=0)
	        Index Cond: ((k >= 4671876) AND (k <= 4671976))

table 4 : explain SELECT k, c FROM sbtest4 WHERE k BETWEEN 4671876 AND 4671976
	Bitmap Heap Scan on sbtest4  (cost=5.51..420.88 rows=105 width=125)
	  Recheck Cond: ((k >= 4671876) AND (k <= 4671976))
	  ->  Bitmap Index Scan on k_4  (cost=0.00..5.48 rows=105 width=0)
	        Index Cond: ((k >= 4671876) AND (k <= 4671976))

table 5 : explain SELECT k, c FROM sbtest5 WHERE k BETWEEN 4671876 AND 4671976
	Bitmap Heap Scan on sbtest5  (cost=5.48..409.07 rows=102 width=125)
	  Recheck Cond: ((k >= 4671876) AND (k <= 4671976))
	  ->  Bitmap Index Scan on k_5  (cost=0.00..5.45 rows=102 width=0)
	        Index Cond: ((k >= 4671876) AND (k <= 4671976))

table 6 : explain SELECT k, c FROM sbtest6 WHERE k BETWEEN 4671876 AND 4671976
	Bitmap Heap Scan on sbtest6  (cost=5.43..389.37 rows=97 width=125)
	  Recheck Cond: ((k >= 4671876) AND (k <= 4671976))
	  ->  Bitmap Index Scan on k_6  (cost=0.00..5.40 rows=97 width=0)
	        Index Cond: ((k >= 4671876) AND (k <= 4671976))

table 7 : explain SELECT k, c FROM sbtest7 WHERE k BETWEEN 4671876 AND 4671976
	Bitmap Heap Scan on sbtest7  (cost=5.50..416.94 rows=104 width=125)
	  Recheck Cond: ((k >= 4671876) AND (k <= 4671976))
	  ->  Bitmap Index Scan on k_7  (cost=0.00..5.47 rows=104 width=0)
	        Index Cond: ((k >= 4671876) AND (k <= 4671976))

table 8 : explain SELECT k, c FROM sbtest8 WHERE k BETWEEN 4671876 AND 4671976
	Bitmap Heap Scan on sbtest8  (cost=5.49..413.00 rows=103 width=125)
	  Recheck Cond: ((k >= 4671876) AND (k <= 4671976))
	  ->  Bitmap Index Scan on k_8  (cost=0.00..5.46 rows=103 width=0)
	        Index Cond: ((k >= 4671876) AND (k <= 4671976))

for range-notcovered
table 1 : explain SELECT k, c FROM sbtest1 WHERE k BETWEEN 3522661 AND 3522761
	Bitmap Heap Scan on sbtest1  (cost=5.48..409.07 rows=102 width=125)
	  Recheck Cond: ((k >= 3522661) AND (k <= 3522761))
	  ->  Bitmap Index Scan on k_1  (cost=0.00..5.45 rows=102 width=0)
	        Index Cond: ((k >= 3522661) AND (k <= 3522761))

table 2 : explain SELECT k, c FROM sbtest2 WHERE k BETWEEN 3522661 AND 3522761
	Bitmap Heap Scan on sbtest2  (cost=5.50..416.94 rows=104 width=125)
	  Recheck Cond: ((k >= 3522661) AND (k <= 3522761))
	  ->  Bitmap Index Scan on k_2  (cost=0.00..5.47 rows=104 width=0)
	        Index Cond: ((k >= 3522661) AND (k <= 3522761))

table 3 : explain SELECT k, c FROM sbtest3 WHERE k BETWEEN 3522661 AND 3522761
	Bitmap Heap Scan on sbtest3  (cost=5.49..413.00 rows=103 width=125)
	  Recheck Cond: ((k >= 3522661) AND (k <= 3522761))
	  ->  Bitmap Index Scan on k_3  (cost=0.00..5.46 rows=103 width=0)
	        Index Cond: ((k >= 3522661) AND (k <= 3522761))

table 4 : explain SELECT k, c FROM sbtest4 WHERE k BETWEEN 3522661 AND 3522761
	Bitmap Heap Scan on sbtest4  (cost=5.48..409.07 rows=102 width=125)
	  Recheck Cond: ((k >= 3522661) AND (k <= 3522761))
	  ->  Bitmap Index Scan on k_4  (cost=0.00..5.45 rows=102 width=0)
	        Index Cond: ((k >= 3522661) AND (k <= 3522761))

table 5 : explain SELECT k, c FROM sbtest5 WHERE k BETWEEN 3522661 AND 3522761
	Bitmap Heap Scan on sbtest5  (cost=5.45..397.25 rows=99 width=125)
	  Recheck Cond: ((k >= 3522661) AND (k <= 3522761))
	  ->  Bitmap Index Scan on k_5  (cost=0.00..5.42 rows=99 width=0)
	        Index Cond: ((k >= 3522661) AND (k <= 3522761))

table 6 : explain SELECT k, c FROM sbtest6 WHERE k BETWEEN 3522661 AND 3522761
	Bitmap Heap Scan on sbtest6  (cost=5.49..413.00 rows=103 width=125)
	  Recheck Cond: ((k >= 3522661) AND (k <= 3522761))
	  ->  Bitmap Index Scan on k_6  (cost=0.00..5.46 rows=103 width=0)
	        Index Cond: ((k >= 3522661) AND (k <= 3522761))

table 7 : explain SELECT k, c FROM sbtest7 WHERE k BETWEEN 3522661 AND 3522761
	Bitmap Heap Scan on sbtest7  (cost=5.48..409.07 rows=102 width=125)
	  Recheck Cond: ((k >= 3522661) AND (k <= 3522761))
	  ->  Bitmap Index Scan on k_7  (cost=0.00..5.45 rows=102 width=0)
	        Index Cond: ((k >= 3522661) AND (k <= 3522761))

table 8 : explain SELECT k, c FROM sbtest8 WHERE k BETWEEN 3522661 AND 3522761
	Bitmap Heap Scan on sbtest8  (cost=5.39..373.61 rows=93 width=125)
	  Recheck Cond: ((k >= 3522661) AND (k <= 3522761))
	  ->  Bitmap Index Scan on k_8  (cost=0.00..5.36 rows=93 width=0)
	        Index Cond: ((k >= 3522661) AND (k <= 3522761))

explain: for range-notcovered :: explain SELECT k, c FROM sbtest%d WHERE k BETWEEN 4671876 AND 4671976
for range-notcovered
table 1 : explain SELECT k, c FROM sbtest1 WHERE k BETWEEN 8691595 AND 8691695
	Bitmap Heap Scan on sbtest1  (cost=5.51..420.88 rows=105 width=125)
	  Recheck Cond: ((k >= 8691595) AND (k <= 8691695))
	  ->  Bitmap Index Scan on k_1  (cost=0.00..5.48 rows=105 width=0)
	        Index Cond: ((k >= 8691595) AND (k <= 8691695))

table 2 : explain SELECT k, c FROM sbtest2 WHERE k BETWEEN 8691595 AND 8691695
	Bitmap Heap Scan on sbtest2  (cost=5.42..385.43 rows=96 width=125)
	  Recheck Cond: ((k >= 8691595) AND (k <= 8691695))
	  ->  Bitmap Index Scan on k_2  (cost=0.00..5.39 rows=96 width=0)
	        Index Cond: ((k >= 8691595) AND (k <= 8691695))

table 3 : explain SELECT k, c FROM sbtest3 WHERE k BETWEEN 8691595 AND 8691695
	Bitmap Heap Scan on sbtest3  (cost=5.48..409.07 rows=102 width=125)
	  Recheck Cond: ((k >= 8691595) AND (k <= 8691695))
	  ->  Bitmap Index Scan on k_3  (cost=0.00..5.45 rows=102 width=0)
	        Index Cond: ((k >= 8691595) AND (k <= 8691695))

table 4 : explain SELECT k, c FROM sbtest4 WHERE k BETWEEN 8691595 AND 8691695
	Bitmap Heap Scan on sbtest4  (cost=5.50..416.94 rows=104 width=125)
	  Recheck Cond: ((k >= 8691595) AND (k <= 8691695))
	  ->  Bitmap Index Scan on k_4  (cost=0.00..5.47 rows=104 width=0)
	        Index Cond: ((k >= 8691595) AND (k <= 8691695))

table 5 : explain SELECT k, c FROM sbtest5 WHERE k BETWEEN 8691595 AND 8691695
	Bitmap Heap Scan on sbtest5  (cost=5.47..405.13 rows=101 width=125)
	  Recheck Cond: ((k >= 8691595) AND (k <= 8691695))
	  ->  Bitmap Index Scan on k_5  (cost=0.00..5.44 rows=101 width=0)
	        Index Cond: ((k >= 8691595) AND (k <= 8691695))

table 6 : explain SELECT k, c FROM sbtest6 WHERE k BETWEEN 8691595 AND 8691695
	Bitmap Heap Scan on sbtest6  (cost=5.40..377.55 rows=94 width=125)
	  Recheck Cond: ((k >= 8691595) AND (k <= 8691695))
	  ->  Bitmap Index Scan on k_6  (cost=0.00..5.38 rows=94 width=0)
	        Index Cond: ((k >= 8691595) AND (k <= 8691695))

table 7 : explain SELECT k, c FROM sbtest7 WHERE k BETWEEN 8691595 AND 8691695
	Bitmap Heap Scan on sbtest7  (cost=5.52..424.81 rows=106 width=125)
	  Recheck Cond: ((k >= 8691595) AND (k <= 8691695))
	  ->  Bitmap Index Scan on k_7  (cost=0.00..5.50 rows=106 width=0)
	        Index Cond: ((k >= 8691595) AND (k <= 8691695))

table 8 : explain SELECT k, c FROM sbtest8 WHERE k BETWEEN 8691595 AND 8691695
	Bitmap Heap Scan on sbtest8  (cost=5.50..416.94 rows=104 width=125)
	  Recheck Cond: ((k >= 8691595) AND (k <= 8691695))
	  ->  Bitmap Index Scan on k_8  (cost=0.00..5.47 rows=104 width=0)
	        Index Cond: ((k >= 8691595) AND (k <= 8691695))

for range-notcovered
table 1 : explain SELECT k, c FROM sbtest1 WHERE k BETWEEN 7999367 AND 7999467
	Bitmap Heap Scan on sbtest1  (cost=5.54..432.69 rows=108 width=125)
	  Recheck Cond: ((k >= 7999367) AND (k <= 7999467))
	  ->  Bitmap Index Scan on k_1  (cost=0.00..5.51 rows=108 width=0)
	        Index Cond: ((k >= 7999367) AND (k <= 7999467))

table 2 : explain SELECT k, c FROM sbtest2 WHERE k BETWEEN 7999367 AND 7999467
	Bitmap Heap Scan on sbtest2  (cost=5.50..416.94 rows=104 width=125)
	  Recheck Cond: ((k >= 7999367) AND (k <= 7999467))
	  ->  Bitmap Index Scan on k_2  (cost=0.00..5.47 rows=104 width=0)
	        Index Cond: ((k >= 7999367) AND (k <= 7999467))

table 3 : explain SELECT k, c FROM sbtest3 WHERE k BETWEEN 7999367 AND 7999467
	Bitmap Heap Scan on sbtest3  (cost=5.53..428.75 rows=107 width=125)
	  Recheck Cond: ((k >= 7999367) AND (k <= 7999467))
	  ->  Bitmap Index Scan on k_3  (cost=0.00..5.50 rows=107 width=0)
	        Index Cond: ((k >= 7999367) AND (k <= 7999467))

table 4 : explain SELECT k, c FROM sbtest4 WHERE k BETWEEN 7999367 AND 7999467
	Bitmap Heap Scan on sbtest4  (cost=5.40..377.55 rows=94 width=125)
	  Recheck Cond: ((k >= 7999367) AND (k <= 7999467))
	  ->  Bitmap Index Scan on k_4  (cost=0.00..5.38 rows=94 width=0)
	        Index Cond: ((k >= 7999367) AND (k <= 7999467))

table 5 : explain SELECT k, c FROM sbtest5 WHERE k BETWEEN 7999367 AND 7999467
	Bitmap Heap Scan on sbtest5  (cost=5.56..440.56 rows=110 width=125)
	  Recheck Cond: ((k >= 7999367) AND (k <= 7999467))
	  ->  Bitmap Index Scan on k_5  (cost=0.00..5.53 rows=110 width=0)
	        Index Cond: ((k >= 7999367) AND (k <= 7999467))

table 6 : explain SELECT k, c FROM sbtest6 WHERE k BETWEEN 7999367 AND 7999467
	Bitmap Heap Scan on sbtest6  (cost=5.50..416.94 rows=104 width=125)
	  Recheck Cond: ((k >= 7999367) AND (k <= 7999467))
	  ->  Bitmap Index Scan on k_6  (cost=0.00..5.47 rows=104 width=0)
	        Index Cond: ((k >= 7999367) AND (k <= 7999467))

table 7 : explain SELECT k, c FROM sbtest7 WHERE k BETWEEN 7999367 AND 7999467
	Bitmap Heap Scan on sbtest7  (cost=5.49..413.00 rows=103 width=125)
	  Recheck Cond: ((k >= 7999367) AND (k <= 7999467))
	  ->  Bitmap Index Scan on k_7  (cost=0.00..5.46 rows=103 width=0)
	        Index Cond: ((k >= 7999367) AND (k <= 7999467))

table 8 : explain SELECT k, c FROM sbtest8 WHERE k BETWEEN 7999367 AND 7999467
	Bitmap Heap Scan on sbtest8  (cost=5.44..393.31 rows=98 width=125)
	  Recheck Cond: ((k >= 7999367) AND (k <= 7999467))
	  ->  Bitmap Index Scan on k_8  (cost=0.00..5.42 rows=98 width=0)
	        Index Cond: ((k >= 7999367) AND (k <= 7999467))

explain: for range-notcovered :: explain SELECT k, c FROM sbtest%d WHERE k BETWEEN 8691595 AND 8691695
for range-notcovered
table 1 : explain SELECT k, c FROM sbtest1 WHERE k BETWEEN 976638 AND 976738
	Bitmap Heap Scan on sbtest1  (cost=5.51..420.88 rows=105 width=125)
	  Recheck Cond: ((k >= 976638) AND (k <= 976738))
	  ->  Bitmap Index Scan on k_1  (cost=0.00..5.48 rows=105 width=0)
	        Index Cond: ((k >= 976638) AND (k <= 976738))

table 2 : explain SELECT k, c FROM sbtest2 WHERE k BETWEEN 976638 AND 976738
	Bitmap Heap Scan on sbtest2  (cost=5.52..424.81 rows=106 width=125)
	  Recheck Cond: ((k >= 976638) AND (k <= 976738))
	  ->  Bitmap Index Scan on k_2  (cost=0.00..5.50 rows=106 width=0)
	        Index Cond: ((k >= 976638) AND (k <= 976738))

table 3 : explain SELECT k, c FROM sbtest3 WHERE k BETWEEN 976638 AND 976738
	Bitmap Heap Scan on sbtest3  (cost=5.48..409.07 rows=102 width=125)
	  Recheck Cond: ((k >= 976638) AND (k <= 976738))
	  ->  Bitmap Index Scan on k_3  (cost=0.00..5.45 rows=102 width=0)
	        Index Cond: ((k >= 976638) AND (k <= 976738))

table 4 : explain SELECT k, c FROM sbtest4 WHERE k BETWEEN 976638 AND 976738
	Bitmap Heap Scan on sbtest4  (cost=5.49..413.00 rows=103 width=125)
	  Recheck Cond: ((k >= 976638) AND (k <= 976738))
	  ->  Bitmap Index Scan on k_4  (cost=0.00..5.46 rows=103 width=0)
	        Index Cond: ((k >= 976638) AND (k <= 976738))

table 5 : explain SELECT k, c FROM sbtest5 WHERE k BETWEEN 976638 AND 976738
	Bitmap Heap Scan on sbtest5  (cost=5.50..416.94 rows=104 width=125)
	  Recheck Cond: ((k >= 976638) AND (k <= 976738))
	  ->  Bitmap Index Scan on k_5  (cost=0.00..5.47 rows=104 width=0)
	        Index Cond: ((k >= 976638) AND (k <= 976738))

table 6 : explain SELECT k, c FROM sbtest6 WHERE k BETWEEN 976638 AND 976738
	Bitmap Heap Scan on sbtest6  (cost=5.62..464.15 rows=116 width=125)
	  Recheck Cond: ((k >= 976638) AND (k <= 976738))
	  ->  Bitmap Index Scan on k_6  (cost=0.00..5.59 rows=116 width=0)
	        Index Cond: ((k >= 976638) AND (k <= 976738))

table 7 : explain SELECT k, c FROM sbtest7 WHERE k BETWEEN 976638 AND 976738
	Bitmap Heap Scan on sbtest7  (cost=5.58..448.42 rows=112 width=125)
	  Recheck Cond: ((k >= 976638) AND (k <= 976738))
	  ->  Bitmap Index Scan on k_7  (cost=0.00..5.55 rows=112 width=0)
	        Index Cond: ((k >= 976638) AND (k <= 976738))

table 8 : explain SELECT k, c FROM sbtest8 WHERE k BETWEEN 976638 AND 976738
	Bitmap Heap Scan on sbtest8  (cost=5.45..397.25 rows=99 width=125)
	  Recheck Cond: ((k >= 976638) AND (k <= 976738))
	  ->  Bitmap Index Scan on k_8  (cost=0.00..5.42 rows=99 width=0)
	        Index Cond: ((k >= 976638) AND (k <= 976738))

explain: for range-notcovered :: explain SELECT k, c FROM sbtest%d WHERE k BETWEEN 7999367 AND 7999467
explain: for range-notcovered :: explain SELECT k, c FROM sbtest%d WHERE k BETWEEN 2669832 AND 2669932
explain: for range-notcovered :: explain SELECT k, c FROM sbtest%d WHERE k BETWEEN 3200628 AND 3200728
for range-notcovered
table 1 : explain SELECT k, c FROM sbtest1 WHERE k BETWEEN 4671876 AND 4671976
	Bitmap Heap Scan on sbtest1  (cost=5.48..409.07 rows=102 width=125)
	  Recheck Cond: ((k >= 4671876) AND (k <= 4671976))
	  ->  Bitmap Index Scan on k_1  (cost=0.00..5.45 rows=102 width=0)
	        Index Cond: ((k >= 4671876) AND (k <= 4671976))

table 2 : explain SELECT k, c FROM sbtest2 WHERE k BETWEEN 4671876 AND 4671976
	Bitmap Heap Scan on sbtest2  (cost=5.46..401.19 rows=100 width=125)
	  Recheck Cond: ((k >= 4671876) AND (k <= 4671976))
	  ->  Bitmap Index Scan on k_2  (cost=0.00..5.43 rows=100 width=0)
	        Index Cond: ((k >= 4671876) AND (k <= 4671976))

table 3 : explain SELECT k, c FROM sbtest3 WHERE k BETWEEN 4671876 AND 4671976
	Bitmap Heap Scan on sbtest3  (cost=5.53..428.75 rows=107 width=125)
	  Recheck Cond: ((k >= 4671876) AND (k <= 4671976))
	  ->  Bitmap Index Scan on k_3  (cost=0.00..5.50 rows=107 width=0)
	        Index Cond: ((k >= 4671876) AND (k <= 4671976))

table 4 : explain SELECT k, c FROM sbtest4 WHERE k BETWEEN 4671876 AND 4671976
	Bitmap Heap Scan on sbtest4  (cost=5.51..420.88 rows=105 width=125)
	  Recheck Cond: ((k >= 4671876) AND (k <= 4671976))
	  ->  Bitmap Index Scan on k_4  (cost=0.00..5.48 rows=105 width=0)
	        Index Cond: ((k >= 4671876) AND (k <= 4671976))

table 5 : explain SELECT k, c FROM sbtest5 WHERE k BETWEEN 4671876 AND 4671976
	Bitmap Heap Scan on sbtest5  (cost=5.48..409.07 rows=102 width=125)
	  Recheck Cond: ((k >= 4671876) AND (k <= 4671976))
	  ->  Bitmap Index Scan on k_5  (cost=0.00..5.45 rows=102 width=0)
	        Index Cond: ((k >= 4671876) AND (k <= 4671976))

table 6 : explain SELECT k, c FROM sbtest6 WHERE k BETWEEN 4671876 AND 4671976
	Bitmap Heap Scan on sbtest6  (cost=5.43..389.37 rows=97 width=125)
	  Recheck Cond: ((k >= 4671876) AND (k <= 4671976))
	  ->  Bitmap Index Scan on k_6  (cost=0.00..5.40 rows=97 width=0)
	        Index Cond: ((k >= 4671876) AND (k <= 4671976))

table 7 : explain SELECT k, c FROM sbtest7 WHERE k BETWEEN 4671876 AND 4671976
	Bitmap Heap Scan on sbtest7  (cost=5.50..416.94 rows=104 width=125)
	  Recheck Cond: ((k >= 4671876) AND (k <= 4671976))
	  ->  Bitmap Index Scan on k_7  (cost=0.00..5.47 rows=104 width=0)
	        Index Cond: ((k >= 4671876) AND (k <= 4671976))

table 8 : explain SELECT k, c FROM sbtest8 WHERE k BETWEEN 4671876 AND 4671976
	Bitmap Heap Scan on sbtest8  (cost=5.49..413.00 rows=103 width=125)
	  Recheck Cond: ((k >= 4671876) AND (k <= 4671976))
	  ->  Bitmap Index Scan on k_8  (cost=0.00..5.46 rows=103 width=0)
	        Index Cond: ((k >= 4671876) AND (k <= 4671976))

explain: for range-notcovered :: explain SELECT k, c FROM sbtest%d WHERE k BETWEEN 4671876 AND 4671976
for range-notcovered
table 1 : explain SELECT k, c FROM sbtest1 WHERE k BETWEEN 8691595 AND 8691695
	Bitmap Heap Scan on sbtest1  (cost=5.51..420.88 rows=105 width=125)
	  Recheck Cond: ((k >= 8691595) AND (k <= 8691695))
	  ->  Bitmap Index Scan on k_1  (cost=0.00..5.48 rows=105 width=0)
	        Index Cond: ((k >= 8691595) AND (k <= 8691695))

table 2 : explain SELECT k, c FROM sbtest2 WHERE k BETWEEN 8691595 AND 8691695
	Bitmap Heap Scan on sbtest2  (cost=5.42..385.43 rows=96 width=125)
	  Recheck Cond: ((k >= 8691595) AND (k <= 8691695))
	  ->  Bitmap Index Scan on k_2  (cost=0.00..5.39 rows=96 width=0)
	        Index Cond: ((k >= 8691595) AND (k <= 8691695))

table 3 : explain SELECT k, c FROM sbtest3 WHERE k BETWEEN 8691595 AND 8691695
	Bitmap Heap Scan on sbtest3  (cost=5.48..409.07 rows=102 width=125)
	  Recheck Cond: ((k >= 8691595) AND (k <= 8691695))
	  ->  Bitmap Index Scan on k_3  (cost=0.00..5.45 rows=102 width=0)
	        Index Cond: ((k >= 8691595) AND (k <= 8691695))

table 4 : explain SELECT k, c FROM sbtest4 WHERE k BETWEEN 8691595 AND 8691695
	Bitmap Heap Scan on sbtest4  (cost=5.50..416.94 rows=104 width=125)
	  Recheck Cond: ((k >= 8691595) AND (k <= 8691695))
	  ->  Bitmap Index Scan on k_4  (cost=0.00..5.47 rows=104 width=0)
	        Index Cond: ((k >= 8691595) AND (k <= 8691695))

table 5 : explain SELECT k, c FROM sbtest5 WHERE k BETWEEN 8691595 AND 8691695
	Bitmap Heap Scan on sbtest5  (cost=5.47..405.13 rows=101 width=125)
	  Recheck Cond: ((k >= 8691595) AND (k <= 8691695))
	  ->  Bitmap Index Scan on k_5  (cost=0.00..5.44 rows=101 width=0)
	        Index Cond: ((k >= 8691595) AND (k <= 8691695))

table 6 : explain SELECT k, c FROM sbtest6 WHERE k BETWEEN 8691595 AND 8691695
	Bitmap Heap Scan on sbtest6  (cost=5.40..377.55 rows=94 width=125)
	  Recheck Cond: ((k >= 8691595) AND (k <= 8691695))
	  ->  Bitmap Index Scan on k_6  (cost=0.00..5.38 rows=94 width=0)
	        Index Cond: ((k >= 8691595) AND (k <= 8691695))

table 7 : explain SELECT k, c FROM sbtest7 WHERE k BETWEEN 8691595 AND 8691695
	Bitmap Heap Scan on sbtest7  (cost=5.52..424.81 rows=106 width=125)
	  Recheck Cond: ((k >= 8691595) AND (k <= 8691695))
	  ->  Bitmap Index Scan on k_7  (cost=0.00..5.50 rows=106 width=0)
	        Index Cond: ((k >= 8691595) AND (k <= 8691695))

table 8 : explain SELECT k, c FROM sbtest8 WHERE k BETWEEN 8691595 AND 8691695
	Bitmap Heap Scan on sbtest8  (cost=5.50..416.94 rows=104 width=125)
	  Recheck Cond: ((k >= 8691595) AND (k <= 8691695))
	  ->  Bitmap Index Scan on k_8  (cost=0.00..5.47 rows=104 width=0)
	        Index Cond: ((k >= 8691595) AND (k <= 8691695))

for range-notcovered
table 1 : explain SELECT k, c FROM sbtest1 WHERE k BETWEEN 7999367 AND 7999467
	Bitmap Heap Scan on sbtest1  (cost=5.54..432.69 rows=108 width=125)
	  Recheck Cond: ((k >= 7999367) AND (k <= 7999467))
	  ->  Bitmap Index Scan on k_1  (cost=0.00..5.51 rows=108 width=0)
	        Index Cond: ((k >= 7999367) AND (k <= 7999467))

table 2 : explain SELECT k, c FROM sbtest2 WHERE k BETWEEN 7999367 AND 7999467
	Bitmap Heap Scan on sbtest2  (cost=5.50..416.94 rows=104 width=125)
	  Recheck Cond: ((k >= 7999367) AND (k <= 7999467))
	  ->  Bitmap Index Scan on k_2  (cost=0.00..5.47 rows=104 width=0)
	        Index Cond: ((k >= 7999367) AND (k <= 7999467))

table 3 : explain SELECT k, c FROM sbtest3 WHERE k BETWEEN 7999367 AND 7999467
	Bitmap Heap Scan on sbtest3  (cost=5.53..428.75 rows=107 width=125)
	  Recheck Cond: ((k >= 7999367) AND (k <= 7999467))
	  ->  Bitmap Index Scan on k_3  (cost=0.00..5.50 rows=107 width=0)
	        Index Cond: ((k >= 7999367) AND (k <= 7999467))

table 4 : explain SELECT k, c FROM sbtest4 WHERE k BETWEEN 7999367 AND 7999467
	Bitmap Heap Scan on sbtest4  (cost=5.40..377.55 rows=94 width=125)
	  Recheck Cond: ((k >= 7999367) AND (k <= 7999467))
	  ->  Bitmap Index Scan on k_4  (cost=0.00..5.38 rows=94 width=0)
	        Index Cond: ((k >= 7999367) AND (k <= 7999467))

table 5 : explain SELECT k, c FROM sbtest5 WHERE k BETWEEN 7999367 AND 7999467
	Bitmap Heap Scan on sbtest5  (cost=5.56..440.56 rows=110 width=125)
	  Recheck Cond: ((k >= 7999367) AND (k <= 7999467))
	  ->  Bitmap Index Scan on k_5  (cost=0.00..5.53 rows=110 width=0)
	        Index Cond: ((k >= 7999367) AND (k <= 7999467))

table 6 : explain SELECT k, c FROM sbtest6 WHERE k BETWEEN 7999367 AND 7999467
	Bitmap Heap Scan on sbtest6  (cost=5.50..416.94 rows=104 width=125)
	  Recheck Cond: ((k >= 7999367) AND (k <= 7999467))
	  ->  Bitmap Index Scan on k_6  (cost=0.00..5.47 rows=104 width=0)
	        Index Cond: ((k >= 7999367) AND (k <= 7999467))

table 7 : explain SELECT k, c FROM sbtest7 WHERE k BETWEEN 7999367 AND 7999467
	Bitmap Heap Scan on sbtest7  (cost=5.49..413.00 rows=103 width=125)
	  Recheck Cond: ((k >= 7999367) AND (k <= 7999467))
	  ->  Bitmap Index Scan on k_7  (cost=0.00..5.46 rows=103 width=0)
	        Index Cond: ((k >= 7999367) AND (k <= 7999467))

table 8 : explain SELECT k, c FROM sbtest8 WHERE k BETWEEN 7999367 AND 7999467
	Bitmap Heap Scan on sbtest8  (cost=5.44..393.31 rows=98 width=125)
	  Recheck Cond: ((k >= 7999367) AND (k <= 7999467))
	  ->  Bitmap Index Scan on k_8  (cost=0.00..5.42 rows=98 width=0)
	        Index Cond: ((k >= 7999367) AND (k <= 7999467))

explain: for range-notcovered :: explain SELECT k, c FROM sbtest%d WHERE k BETWEEN 7999367 AND 7999467
for range-notcovered
table 1 : explain SELECT k, c FROM sbtest1 WHERE k BETWEEN 5028008 AND 5028108
	Bitmap Heap Scan on sbtest1  (cost=5.57..444.49 rows=111 width=125)
	  Recheck Cond: ((k >= 5028008) AND (k <= 5028108))
	  ->  Bitmap Index Scan on k_1  (cost=0.00..5.54 rows=111 width=0)
	        Index Cond: ((k >= 5028008) AND (k <= 5028108))

table 2 : explain SELECT k, c FROM sbtest2 WHERE k BETWEEN 5028008 AND 5028108
	Bitmap Heap Scan on sbtest2  (cost=5.48..409.07 rows=102 width=125)
	  Recheck Cond: ((k >= 5028008) AND (k <= 5028108))
	  ->  Bitmap Index Scan on k_2  (cost=0.00..5.45 rows=102 width=0)
	        Index Cond: ((k >= 5028008) AND (k <= 5028108))

table 3 : explain SELECT k, c FROM sbtest3 WHERE k BETWEEN 5028008 AND 5028108
	Bitmap Heap Scan on sbtest3  (cost=5.49..413.00 rows=103 width=125)
	  Recheck Cond: ((k >= 5028008) AND (k <= 5028108))
	  ->  Bitmap Index Scan on k_3  (cost=0.00..5.46 rows=103 width=0)
	        Index Cond: ((k >= 5028008) AND (k <= 5028108))

table 4 : explain SELECT k, c FROM sbtest4 WHERE k BETWEEN 5028008 AND 5028108
	Bitmap Heap Scan on sbtest4  (cost=5.50..416.94 rows=104 width=125)
	  Recheck Cond: ((k >= 5028008) AND (k <= 5028108))
	  ->  Bitmap Index Scan on k_4  (cost=0.00..5.47 rows=104 width=0)
	        Index Cond: ((k >= 5028008) AND (k <= 5028108))

table 5 : explain SELECT k, c FROM sbtest5 WHERE k BETWEEN 5028008 AND 5028108
	Bitmap Heap Scan on sbtest5  (cost=5.48..409.07 rows=102 width=125)
	  Recheck Cond: ((k >= 5028008) AND (k <= 5028108))
	  ->  Bitmap Index Scan on k_5  (cost=0.00..5.45 rows=102 width=0)
	        Index Cond: ((k >= 5028008) AND (k <= 5028108))

table 6 : explain SELECT k, c FROM sbtest6 WHERE k BETWEEN 5028008 AND 5028108
	Bitmap Heap Scan on sbtest6  (cost=5.40..377.55 rows=94 width=125)
	  Recheck Cond: ((k >= 5028008) AND (k <= 5028108))
	  ->  Bitmap Index Scan on k_6  (cost=0.00..5.38 rows=94 width=0)
	        Index Cond: ((k >= 5028008) AND (k <= 5028108))

table 7 : explain SELECT k, c FROM sbtest7 WHERE k BETWEEN 5028008 AND 5028108
	Bitmap Heap Scan on sbtest7  (cost=5.53..428.75 rows=107 width=125)
	  Recheck Cond: ((k >= 5028008) AND (k <= 5028108))
	  ->  Bitmap Index Scan on k_7  (cost=0.00..5.50 rows=107 width=0)
	        Index Cond: ((k >= 5028008) AND (k <= 5028108))

table 8 : explain SELECT k, c FROM sbtest8 WHERE k BETWEEN 5028008 AND 5028108
	Bitmap Heap Scan on sbtest8  (cost=5.52..424.81 rows=106 width=125)
	  Recheck Cond: ((k >= 5028008) AND (k <= 5028108))
	  ->  Bitmap Index Scan on k_8  (cost=0.00..5.50 rows=106 width=0)
	        Index Cond: ((k >= 5028008) AND (k <= 5028108))

explain: for range-notcovered :: explain SELECT k, c FROM sbtest%d WHERE k BETWEEN 5028008 AND 5028108
for range-notcovered
table 1 : explain SELECT k, c FROM sbtest1 WHERE k BETWEEN 4671876 AND 4671976
	Bitmap Heap Scan on sbtest1  (cost=5.48..409.07 rows=102 width=125)
	  Recheck Cond: ((k >= 4671876) AND (k <= 4671976))
	  ->  Bitmap Index Scan on k_1  (cost=0.00..5.45 rows=102 width=0)
	        Index Cond: ((k >= 4671876) AND (k <= 4671976))

table 2 : explain SELECT k, c FROM sbtest2 WHERE k BETWEEN 4671876 AND 4671976
	Bitmap Heap Scan on sbtest2  (cost=5.46..401.19 rows=100 width=125)
	  Recheck Cond: ((k >= 4671876) AND (k <= 4671976))
	  ->  Bitmap Index Scan on k_2  (cost=0.00..5.43 rows=100 width=0)
	        Index Cond: ((k >= 4671876) AND (k <= 4671976))

table 3 : explain SELECT k, c FROM sbtest3 WHERE k BETWEEN 4671876 AND 4671976
	Bitmap Heap Scan on sbtest3  (cost=5.53..428.75 rows=107 width=125)
	  Recheck Cond: ((k >= 4671876) AND (k <= 4671976))
	  ->  Bitmap Index Scan on k_3  (cost=0.00..5.50 rows=107 width=0)
	        Index Cond: ((k >= 4671876) AND (k <= 4671976))

table 4 : explain SELECT k, c FROM sbtest4 WHERE k BETWEEN 4671876 AND 4671976
	Bitmap Heap Scan on sbtest4  (cost=5.51..420.88 rows=105 width=125)
	  Recheck Cond: ((k >= 4671876) AND (k <= 4671976))
	  ->  Bitmap Index Scan on k_4  (cost=0.00..5.48 rows=105 width=0)
	        Index Cond: ((k >= 4671876) AND (k <= 4671976))

table 5 : explain SELECT k, c FROM sbtest5 WHERE k BETWEEN 4671876 AND 4671976
	Bitmap Heap Scan on sbtest5  (cost=5.48..409.07 rows=102 width=125)
	  Recheck Cond: ((k >= 4671876) AND (k <= 4671976))
	  ->  Bitmap Index Scan on k_5  (cost=0.00..5.45 rows=102 width=0)
	        Index Cond: ((k >= 4671876) AND (k <= 4671976))

table 6 : explain SELECT k, c FROM sbtest6 WHERE k BETWEEN 4671876 AND 4671976
	Bitmap Heap Scan on sbtest6  (cost=5.43..389.37 rows=97 width=125)
	  Recheck Cond: ((k >= 4671876) AND (k <= 4671976))
	  ->  Bitmap Index Scan on k_6  (cost=0.00..5.40 rows=97 width=0)
	        Index Cond: ((k >= 4671876) AND (k <= 4671976))

table 7 : explain SELECT k, c FROM sbtest7 WHERE k BETWEEN 4671876 AND 4671976
	Bitmap Heap Scan on sbtest7  (cost=5.50..416.94 rows=104 width=125)
	  Recheck Cond: ((k >= 4671876) AND (k <= 4671976))
	  ->  Bitmap Index Scan on k_7  (cost=0.00..5.47 rows=104 width=0)
	        Index Cond: ((k >= 4671876) AND (k <= 4671976))

table 8 : explain SELECT k, c FROM sbtest8 WHERE k BETWEEN 4671876 AND 4671976
	Bitmap Heap Scan on sbtest8  (cost=5.49..413.00 rows=103 width=125)
	  Recheck Cond: ((k >= 4671876) AND (k <= 4671976))
	  ->  Bitmap Index Scan on k_8  (cost=0.00..5.46 rows=103 width=0)
	        Index Cond: ((k >= 4671876) AND (k <= 4671976))

explain: for range-notcovered :: explain SELECT k, c FROM sbtest%d WHERE k BETWEEN 4671876 AND 4671976
for range-notcovered
table 1 : explain SELECT k, c FROM sbtest1 WHERE k BETWEEN 2255920 AND 2256020
	Bitmap Heap Scan on sbtest1  (cost=5.43..389.37 rows=97 width=125)
	  Recheck Cond: ((k >= 2255920) AND (k <= 2256020))
	  ->  Bitmap Index Scan on k_1  (cost=0.00..5.40 rows=97 width=0)
	        Index Cond: ((k >= 2255920) AND (k <= 2256020))

table 2 : explain SELECT k, c FROM sbtest2 WHERE k BETWEEN 2255920 AND 2256020
	Bitmap Heap Scan on sbtest2  (cost=5.55..436.62 rows=109 width=125)
	  Recheck Cond: ((k >= 2255920) AND (k <= 2256020))
	  ->  Bitmap Index Scan on k_2  (cost=0.00..5.52 rows=109 width=0)
	        Index Cond: ((k >= 2255920) AND (k <= 2256020))

table 3 : explain SELECT k, c FROM sbtest3 WHERE k BETWEEN 2255920 AND 2256020
	Bitmap Heap Scan on sbtest3  (cost=5.54..432.69 rows=108 width=125)
	  Recheck Cond: ((k >= 2255920) AND (k <= 2256020))
	  ->  Bitmap Index Scan on k_3  (cost=0.00..5.51 rows=108 width=0)
	        Index Cond: ((k >= 2255920) AND (k <= 2256020))

table 4 : explain SELECT k, c FROM sbtest4 WHERE k BETWEEN 2255920 AND 2256020
	Bitmap Heap Scan on sbtest4  (cost=5.52..424.81 rows=106 width=125)
	  Recheck Cond: ((k >= 2255920) AND (k <= 2256020))
	  ->  Bitmap Index Scan on k_4  (cost=0.00..5.50 rows=106 width=0)
	        Index Cond: ((k >= 2255920) AND (k <= 2256020))

table 5 : explain SELECT k, c FROM sbtest5 WHERE k BETWEEN 2255920 AND 2256020
	Bitmap Heap Scan on sbtest5  (cost=5.43..389.37 rows=97 width=125)
	  Recheck Cond: ((k >= 2255920) AND (k <= 2256020))
	  ->  Bitmap Index Scan on k_5  (cost=0.00..5.40 rows=97 width=0)
	        Index Cond: ((k >= 2255920) AND (k <= 2256020))

table 6 : explain SELECT k, c FROM sbtest6 WHERE k BETWEEN 2255920 AND 2256020
	Bitmap Heap Scan on sbtest6  (cost=5.43..389.37 rows=97 width=125)
	  Recheck Cond: ((k >= 2255920) AND (k <= 2256020))
	  ->  Bitmap Index Scan on k_6  (cost=0.00..5.40 rows=97 width=0)
	        Index Cond: ((k >= 2255920) AND (k <= 2256020))

table 7 : explain SELECT k, c FROM sbtest7 WHERE k BETWEEN 2255920 AND 2256020
	Bitmap Heap Scan on sbtest7  (cost=5.48..409.07 rows=102 width=125)
	  Recheck Cond: ((k >= 2255920) AND (k <= 2256020))
	  ->  Bitmap Index Scan on k_7  (cost=0.00..5.45 rows=102 width=0)
	        Index Cond: ((k >= 2255920) AND (k <= 2256020))

table 8 : explain SELECT k, c FROM sbtest8 WHERE k BETWEEN 2255920 AND 2256020
	Bitmap Heap Scan on sbtest8  (cost=5.45..397.25 rows=99 width=125)
	  Recheck Cond: ((k >= 2255920) AND (k <= 2256020))
	  ->  Bitmap Index Scan on k_8  (cost=0.00..5.42 rows=99 width=0)
	        Index Cond: ((k >= 2255920) AND (k <= 2256020))

for range-notcovered
table 1 : explain SELECT k, c FROM sbtest1 WHERE k BETWEEN 3839195 AND 3839295
	Bitmap Heap Scan on sbtest1  (cost=5.52..424.81 rows=106 width=125)
	  Recheck Cond: ((k >= 3839195) AND (k <= 3839295))
	  ->  Bitmap Index Scan on k_1  (cost=0.00..5.50 rows=106 width=0)
	        Index Cond: ((k >= 3839195) AND (k <= 3839295))

table 2 : explain SELECT k, c FROM sbtest2 WHERE k BETWEEN 3839195 AND 3839295
	Bitmap Heap Scan on sbtest2  (cost=5.61..460.22 rows=115 width=125)
	  Recheck Cond: ((k >= 3839195) AND (k <= 3839295))
	  ->  Bitmap Index Scan on k_2  (cost=0.00..5.58 rows=115 width=0)
	        Index Cond: ((k >= 3839195) AND (k <= 3839295))

table 3 : explain SELECT k, c FROM sbtest3 WHERE k BETWEEN 3839195 AND 3839295
	Bitmap Heap Scan on sbtest3  (cost=5.45..397.25 rows=99 width=125)
	  Recheck Cond: ((k >= 3839195) AND (k <= 3839295))
	  ->  Bitmap Index Scan on k_3  (cost=0.00..5.42 rows=99 width=0)
	        Index Cond: ((k >= 3839195) AND (k <= 3839295))

table 4 : explain SELECT k, c FROM sbtest4 WHERE k BETWEEN 3839195 AND 3839295
	Bitmap Heap Scan on sbtest4  (cost=5.47..405.13 rows=101 width=125)
	  Recheck Cond: ((k >= 3839195) AND (k <= 3839295))
	  ->  Bitmap Index Scan on k_4  (cost=0.00..5.44 rows=101 width=0)
	        Index Cond: ((k >= 3839195) AND (k <= 3839295))

table 5 : explain SELECT k, c FROM sbtest5 WHERE k BETWEEN 3839195 AND 3839295
	Bitmap Heap Scan on sbtest5  (cost=5.47..405.13 rows=101 width=125)
	  Recheck Cond: ((k >= 3839195) AND (k <= 3839295))
	  ->  Bitmap Index Scan on k_5  (cost=0.00..5.44 rows=101 width=0)
	        Index Cond: ((k >= 3839195) AND (k <= 3839295))

table 6 : explain SELECT k, c FROM sbtest6 WHERE k BETWEEN 3839195 AND 3839295
	Bitmap Heap Scan on sbtest6  (cost=5.43..389.37 rows=97 width=125)
	  Recheck Cond: ((k >= 3839195) AND (k <= 3839295))
	  ->  Bitmap Index Scan on k_6  (cost=0.00..5.40 rows=97 width=0)
	        Index Cond: ((k >= 3839195) AND (k <= 3839295))

table 7 : explain SELECT k, c FROM sbtest7 WHERE k BETWEEN 3839195 AND 3839295
	Bitmap Heap Scan on sbtest7  (cost=5.43..389.37 rows=97 width=125)
	  Recheck Cond: ((k >= 3839195) AND (k <= 3839295))
	  ->  Bitmap Index Scan on k_7  (cost=0.00..5.40 rows=97 width=0)
	        Index Cond: ((k >= 3839195) AND (k <= 3839295))

table 8 : explain SELECT k, c FROM sbtest8 WHERE k BETWEEN 3839195 AND 3839295
	Bitmap Heap Scan on sbtest8  (cost=5.48..409.07 rows=102 width=125)
	  Recheck Cond: ((k >= 3839195) AND (k <= 3839295))
	  ->  Bitmap Index Scan on k_8  (cost=0.00..5.45 rows=102 width=0)
	        Index Cond: ((k >= 3839195) AND (k <= 3839295))

explain: for range-notcovered :: explain SELECT k, c FROM sbtest%d WHERE k BETWEEN 2255920 AND 2256020
explain: for range-notcovered :: explain SELECT k, c FROM sbtest%d WHERE k BETWEEN 3839195 AND 3839295
for range-notcovered
table 1 : explain SELECT k, c FROM sbtest1 WHERE k BETWEEN 7999367 AND 7999467
	Bitmap Heap Scan on sbtest1  (cost=5.54..432.69 rows=108 width=125)
	  Recheck Cond: ((k >= 7999367) AND (k <= 7999467))
	  ->  Bitmap Index Scan on k_1  (cost=0.00..5.51 rows=108 width=0)
	        Index Cond: ((k >= 7999367) AND (k <= 7999467))

table 2 : explain SELECT k, c FROM sbtest2 WHERE k BETWEEN 7999367 AND 7999467
	Bitmap Heap Scan on sbtest2  (cost=5.50..416.94 rows=104 width=125)
	  Recheck Cond: ((k >= 7999367) AND (k <= 7999467))
	  ->  Bitmap Index Scan on k_2  (cost=0.00..5.47 rows=104 width=0)
	        Index Cond: ((k >= 7999367) AND (k <= 7999467))

table 3 : explain SELECT k, c FROM sbtest3 WHERE k BETWEEN 7999367 AND 7999467
	Bitmap Heap Scan on sbtest3  (cost=5.53..428.75 rows=107 width=125)
	  Recheck Cond: ((k >= 7999367) AND (k <= 7999467))
	  ->  Bitmap Index Scan on k_3  (cost=0.00..5.50 rows=107 width=0)
	        Index Cond: ((k >= 7999367) AND (k <= 7999467))

table 4 : explain SELECT k, c FROM sbtest4 WHERE k BETWEEN 7999367 AND 7999467
	Bitmap Heap Scan on sbtest4  (cost=5.40..377.55 rows=94 width=125)
	  Recheck Cond: ((k >= 7999367) AND (k <= 7999467))
	  ->  Bitmap Index Scan on k_4  (cost=0.00..5.38 rows=94 width=0)
	        Index Cond: ((k >= 7999367) AND (k <= 7999467))

table 5 : explain SELECT k, c FROM sbtest5 WHERE k BETWEEN 7999367 AND 7999467
	Bitmap Heap Scan on sbtest5  (cost=5.56..440.56 rows=110 width=125)
	  Recheck Cond: ((k >= 7999367) AND (k <= 7999467))
	  ->  Bitmap Index Scan on k_5  (cost=0.00..5.53 rows=110 width=0)
	        Index Cond: ((k >= 7999367) AND (k <= 7999467))

table 6 : explain SELECT k, c FROM sbtest6 WHERE k BETWEEN 7999367 AND 7999467
	Bitmap Heap Scan on sbtest6  (cost=5.50..416.94 rows=104 width=125)
	  Recheck Cond: ((k >= 7999367) AND (k <= 7999467))
	  ->  Bitmap Index Scan on k_6  (cost=0.00..5.47 rows=104 width=0)
	        Index Cond: ((k >= 7999367) AND (k <= 7999467))

table 7 : explain SELECT k, c FROM sbtest7 WHERE k BETWEEN 7999367 AND 7999467
	Bitmap Heap Scan on sbtest7  (cost=5.49..413.00 rows=103 width=125)
	  Recheck Cond: ((k >= 7999367) AND (k <= 7999467))
	  ->  Bitmap Index Scan on k_7  (cost=0.00..5.46 rows=103 width=0)
	        Index Cond: ((k >= 7999367) AND (k <= 7999467))

table 8 : explain SELECT k, c FROM sbtest8 WHERE k BETWEEN 7999367 AND 7999467
	Bitmap Heap Scan on sbtest8  (cost=5.44..393.31 rows=98 width=125)
	  Recheck Cond: ((k >= 7999367) AND (k <= 7999467))
	  ->  Bitmap Index Scan on k_8  (cost=0.00..5.42 rows=98 width=0)
	        Index Cond: ((k >= 7999367) AND (k <= 7999467))

for range-notcovered
table 1 : explain SELECT k, c FROM sbtest1 WHERE k BETWEEN 5028008 AND 5028108
	Bitmap Heap Scan on sbtest1  (cost=5.57..444.49 rows=111 width=125)
	  Recheck Cond: ((k >= 5028008) AND (k <= 5028108))
	  ->  Bitmap Index Scan on k_1  (cost=0.00..5.54 rows=111 width=0)
	        Index Cond: ((k >= 5028008) AND (k <= 5028108))

table 2 : explain SELECT k, c FROM sbtest2 WHERE k BETWEEN 5028008 AND 5028108
	Bitmap Heap Scan on sbtest2  (cost=5.48..409.07 rows=102 width=125)
	  Recheck Cond: ((k >= 5028008) AND (k <= 5028108))
	  ->  Bitmap Index Scan on k_2  (cost=0.00..5.45 rows=102 width=0)
	        Index Cond: ((k >= 5028008) AND (k <= 5028108))

table 3 : explain SELECT k, c FROM sbtest3 WHERE k BETWEEN 5028008 AND 5028108
	Bitmap Heap Scan on sbtest3  (cost=5.49..413.00 rows=103 width=125)
	  Recheck Cond: ((k >= 5028008) AND (k <= 5028108))
	  ->  Bitmap Index Scan on k_3  (cost=0.00..5.46 rows=103 width=0)
	        Index Cond: ((k >= 5028008) AND (k <= 5028108))

table 4 : explain SELECT k, c FROM sbtest4 WHERE k BETWEEN 5028008 AND 5028108
	Bitmap Heap Scan on sbtest4  (cost=5.50..416.94 rows=104 width=125)
	  Recheck Cond: ((k >= 5028008) AND (k <= 5028108))
	  ->  Bitmap Index Scan on k_4  (cost=0.00..5.47 rows=104 width=0)
	        Index Cond: ((k >= 5028008) AND (k <= 5028108))

table 5 : explain SELECT k, c FROM sbtest5 WHERE k BETWEEN 5028008 AND 5028108
	Bitmap Heap Scan on sbtest5  (cost=5.48..409.07 rows=102 width=125)
	  Recheck Cond: ((k >= 5028008) AND (k <= 5028108))
	  ->  Bitmap Index Scan on k_5  (cost=0.00..5.45 rows=102 width=0)
	        Index Cond: ((k >= 5028008) AND (k <= 5028108))

table 6 : explain SELECT k, c FROM sbtest6 WHERE k BETWEEN 5028008 AND 5028108
	Bitmap Heap Scan on sbtest6  (cost=5.40..377.55 rows=94 width=125)
	  Recheck Cond: ((k >= 5028008) AND (k <= 5028108))
	  ->  Bitmap Index Scan on k_6  (cost=0.00..5.38 rows=94 width=0)
	        Index Cond: ((k >= 5028008) AND (k <= 5028108))

table 7 : explain SELECT k, c FROM sbtest7 WHERE k BETWEEN 5028008 AND 5028108
	Bitmap Heap Scan on sbtest7  (cost=5.53..428.75 rows=107 width=125)
	  Recheck Cond: ((k >= 5028008) AND (k <= 5028108))
	  ->  Bitmap Index Scan on k_7  (cost=0.00..5.50 rows=107 width=0)
	        Index Cond: ((k >= 5028008) AND (k <= 5028108))

table 8 : explain SELECT k, c FROM sbtest8 WHERE k BETWEEN 5028008 AND 5028108
	Bitmap Heap Scan on sbtest8  (cost=5.52..424.81 rows=106 width=125)
	  Recheck Cond: ((k >= 5028008) AND (k <= 5028108))
	  ->  Bitmap Index Scan on k_8  (cost=0.00..5.50 rows=106 width=0)
	        Index Cond: ((k >= 5028008) AND (k <= 5028108))

for range-notcovered
table 1 : explain SELECT k, c FROM sbtest1 WHERE k BETWEEN 4671876 AND 4671976
	Bitmap Heap Scan on sbtest1  (cost=5.48..409.07 rows=102 width=125)
	  Recheck Cond: ((k >= 4671876) AND (k <= 4671976))
	  ->  Bitmap Index Scan on k_1  (cost=0.00..5.45 rows=102 width=0)
	        Index Cond: ((k >= 4671876) AND (k <= 4671976))

table 2 : explain SELECT k, c FROM sbtest2 WHERE k BETWEEN 4671876 AND 4671976
	Bitmap Heap Scan on sbtest2  (cost=5.46..401.19 rows=100 width=125)
	  Recheck Cond: ((k >= 4671876) AND (k <= 4671976))
	  ->  Bitmap Index Scan on k_2  (cost=0.00..5.43 rows=100 width=0)
	        Index Cond: ((k >= 4671876) AND (k <= 4671976))

table 3 : explain SELECT k, c FROM sbtest3 WHERE k BETWEEN 4671876 AND 4671976
	Bitmap Heap Scan on sbtest3  (cost=5.53..428.75 rows=107 width=125)
	  Recheck Cond: ((k >= 4671876) AND (k <= 4671976))
	  ->  Bitmap Index Scan on k_3  (cost=0.00..5.50 rows=107 width=0)
	        Index Cond: ((k >= 4671876) AND (k <= 4671976))

table 4 : explain SELECT k, c FROM sbtest4 WHERE k BETWEEN 4671876 AND 4671976
	Bitmap Heap Scan on sbtest4  (cost=5.51..420.88 rows=105 width=125)
	  Recheck Cond: ((k >= 4671876) AND (k <= 4671976))
	  ->  Bitmap Index Scan on k_4  (cost=0.00..5.48 rows=105 width=0)
	        Index Cond: ((k >= 4671876) AND (k <= 4671976))

table 5 : explain SELECT k, c FROM sbtest5 WHERE k BETWEEN 4671876 AND 4671976
	Bitmap Heap Scan on sbtest5  (cost=5.48..409.07 rows=102 width=125)
	  Recheck Cond: ((k >= 4671876) AND (k <= 4671976))
	  ->  Bitmap Index Scan on k_5  (cost=0.00..5.45 rows=102 width=0)
	        Index Cond: ((k >= 4671876) AND (k <= 4671976))

table 6 : explain SELECT k, c FROM sbtest6 WHERE k BETWEEN 4671876 AND 4671976
	Bitmap Heap Scan on sbtest6  (cost=5.43..389.37 rows=97 width=125)
	  Recheck Cond: ((k >= 4671876) AND (k <= 4671976))
	  ->  Bitmap Index Scan on k_6  (cost=0.00..5.40 rows=97 width=0)
	        Index Cond: ((k >= 4671876) AND (k <= 4671976))

table 7 : explain SELECT k, c FROM sbtest7 WHERE k BETWEEN 4671876 AND 4671976
	Bitmap Heap Scan on sbtest7  (cost=5.50..416.94 rows=104 width=125)
	  Recheck Cond: ((k >= 4671876) AND (k <= 4671976))
	  ->  Bitmap Index Scan on k_7  (cost=0.00..5.47 rows=104 width=0)
	        Index Cond: ((k >= 4671876) AND (k <= 4671976))

table 8 : explain SELECT k, c FROM sbtest8 WHERE k BETWEEN 4671876 AND 4671976
	Bitmap Heap Scan on sbtest8  (cost=5.49..413.00 rows=103 width=125)
	  Recheck Cond: ((k >= 4671876) AND (k <= 4671976))
	  ->  Bitmap Index Scan on k_8  (cost=0.00..5.46 rows=103 width=0)
	        Index Cond: ((k >= 4671876) AND (k <= 4671976))

explain: for range-notcovered :: explain SELECT k, c FROM sbtest%d WHERE k BETWEEN 7999367 AND 7999467
for range-notcovered
table 1 : explain SELECT k, c FROM sbtest1 WHERE k BETWEEN 3839195 AND 3839295
	Bitmap Heap Scan on sbtest1  (cost=5.52..424.81 rows=106 width=125)
	  Recheck Cond: ((k >= 3839195) AND (k <= 3839295))
	  ->  Bitmap Index Scan on k_1  (cost=0.00..5.50 rows=106 width=0)
	        Index Cond: ((k >= 3839195) AND (k <= 3839295))

table 2 : explain SELECT k, c FROM sbtest2 WHERE k BETWEEN 3839195 AND 3839295
	Bitmap Heap Scan on sbtest2  (cost=5.61..460.22 rows=115 width=125)
	  Recheck Cond: ((k >= 3839195) AND (k <= 3839295))
	  ->  Bitmap Index Scan on k_2  (cost=0.00..5.58 rows=115 width=0)
	        Index Cond: ((k >= 3839195) AND (k <= 3839295))

table 3 : explain SELECT k, c FROM sbtest3 WHERE k BETWEEN 3839195 AND 3839295
	Bitmap Heap Scan on sbtest3  (cost=5.45..397.25 rows=99 width=125)
	  Recheck Cond: ((k >= 3839195) AND (k <= 3839295))
	  ->  Bitmap Index Scan on k_3  (cost=0.00..5.42 rows=99 width=0)
	        Index Cond: ((k >= 3839195) AND (k <= 3839295))

table 4 : explain SELECT k, c FROM sbtest4 WHERE k BETWEEN 3839195 AND 3839295
	Bitmap Heap Scan on sbtest4  (cost=5.47..405.13 rows=101 width=125)
	  Recheck Cond: ((k >= 3839195) AND (k <= 3839295))
	  ->  Bitmap Index Scan on k_4  (cost=0.00..5.44 rows=101 width=0)
	        Index Cond: ((k >= 3839195) AND (k <= 3839295))

table 5 : explain SELECT k, c FROM sbtest5 WHERE k BETWEEN 3839195 AND 3839295
	Bitmap Heap Scan on sbtest5  (cost=5.47..405.13 rows=101 width=125)
	  Recheck Cond: ((k >= 3839195) AND (k <= 3839295))
	  ->  Bitmap Index Scan on k_5  (cost=0.00..5.44 rows=101 width=0)
	        Index Cond: ((k >= 3839195) AND (k <= 3839295))

table 6 : explain SELECT k, c FROM sbtest6 WHERE k BETWEEN 3839195 AND 3839295
	Bitmap Heap Scan on sbtest6  (cost=5.43..389.37 rows=97 width=125)
	  Recheck Cond: ((k >= 3839195) AND (k <= 3839295))
	  ->  Bitmap Index Scan on k_6  (cost=0.00..5.40 rows=97 width=0)
	        Index Cond: ((k >= 3839195) AND (k <= 3839295))

table 7 : explain SELECT k, c FROM sbtest7 WHERE k BETWEEN 3839195 AND 3839295
	Bitmap Heap Scan on sbtest7  (cost=5.43..389.37 rows=97 width=125)
	  Recheck Cond: ((k >= 3839195) AND (k <= 3839295))
	  ->  Bitmap Index Scan on k_7  (cost=0.00..5.40 rows=97 width=0)
	        Index Cond: ((k >= 3839195) AND (k <= 3839295))

table 8 : explain SELECT k, c FROM sbtest8 WHERE k BETWEEN 3839195 AND 3839295
	Bitmap Heap Scan on sbtest8  (cost=5.48..409.07 rows=102 width=125)
	  Recheck Cond: ((k >= 3839195) AND (k <= 3839295))
	  ->  Bitmap Index Scan on k_8  (cost=0.00..5.45 rows=102 width=0)
	        Index Cond: ((k >= 3839195) AND (k <= 3839295))

for range-notcovered
table 1 : explain SELECT k, c FROM sbtest1 WHERE k BETWEEN 2255920 AND 2256020
	Bitmap Heap Scan on sbtest1  (cost=5.43..389.37 rows=97 width=125)
	  Recheck Cond: ((k >= 2255920) AND (k <= 2256020))
	  ->  Bitmap Index Scan on k_1  (cost=0.00..5.40 rows=97 width=0)
	        Index Cond: ((k >= 2255920) AND (k <= 2256020))

table 2 : explain SELECT k, c FROM sbtest2 WHERE k BETWEEN 2255920 AND 2256020
	Bitmap Heap Scan on sbtest2  (cost=5.55..436.62 rows=109 width=125)
	  Recheck Cond: ((k >= 2255920) AND (k <= 2256020))
	  ->  Bitmap Index Scan on k_2  (cost=0.00..5.52 rows=109 width=0)
	        Index Cond: ((k >= 2255920) AND (k <= 2256020))

table 3 : explain SELECT k, c FROM sbtest3 WHERE k BETWEEN 2255920 AND 2256020
	Bitmap Heap Scan on sbtest3  (cost=5.54..432.69 rows=108 width=125)
	  Recheck Cond: ((k >= 2255920) AND (k <= 2256020))
	  ->  Bitmap Index Scan on k_3  (cost=0.00..5.51 rows=108 width=0)
	        Index Cond: ((k >= 2255920) AND (k <= 2256020))

table 4 : explain SELECT k, c FROM sbtest4 WHERE k BETWEEN 2255920 AND 2256020
	Bitmap Heap Scan on sbtest4  (cost=5.52..424.81 rows=106 width=125)
	  Recheck Cond: ((k >= 2255920) AND (k <= 2256020))
	  ->  Bitmap Index Scan on k_4  (cost=0.00..5.50 rows=106 width=0)
	        Index Cond: ((k >= 2255920) AND (k <= 2256020))

table 5 : explain SELECT k, c FROM sbtest5 WHERE k BETWEEN 2255920 AND 2256020
	Bitmap Heap Scan on sbtest5  (cost=5.43..389.37 rows=97 width=125)
	  Recheck Cond: ((k >= 2255920) AND (k <= 2256020))
	  ->  Bitmap Index Scan on k_5  (cost=0.00..5.40 rows=97 width=0)
	        Index Cond: ((k >= 2255920) AND (k <= 2256020))

table 6 : explain SELECT k, c FROM sbtest6 WHERE k BETWEEN 2255920 AND 2256020
	Bitmap Heap Scan on sbtest6  (cost=5.43..389.37 rows=97 width=125)
	  Recheck Cond: ((k >= 2255920) AND (k <= 2256020))
	  ->  Bitmap Index Scan on k_6  (cost=0.00..5.40 rows=97 width=0)
	        Index Cond: ((k >= 2255920) AND (k <= 2256020))

table 7 : explain SELECT k, c FROM sbtest7 WHERE k BETWEEN 2255920 AND 2256020
	Bitmap Heap Scan on sbtest7  (cost=5.48..409.07 rows=102 width=125)
	  Recheck Cond: ((k >= 2255920) AND (k <= 2256020))
	  ->  Bitmap Index Scan on k_7  (cost=0.00..5.45 rows=102 width=0)
	        Index Cond: ((k >= 2255920) AND (k <= 2256020))

table 8 : explain SELECT k, c FROM sbtest8 WHERE k BETWEEN 2255920 AND 2256020
	Bitmap Heap Scan on sbtest8  (cost=5.45..397.25 rows=99 width=125)
	  Recheck Cond: ((k >= 2255920) AND (k <= 2256020))
	  ->  Bitmap Index Scan on k_8  (cost=0.00..5.42 rows=99 width=0)
	        Index Cond: ((k >= 2255920) AND (k <= 2256020))

explain: for range-notcovered :: explain SELECT k, c FROM sbtest%d WHERE k BETWEEN 2255920 AND 2256020
for range-notcovered
table 1 : explain SELECT k, c FROM sbtest1 WHERE k BETWEEN 7999367 AND 7999467
	Bitmap Heap Scan on sbtest1  (cost=5.54..432.69 rows=108 width=125)
	  Recheck Cond: ((k >= 7999367) AND (k <= 7999467))
	  ->  Bitmap Index Scan on k_1  (cost=0.00..5.51 rows=108 width=0)
	        Index Cond: ((k >= 7999367) AND (k <= 7999467))

table 2 : explain SELECT k, c FROM sbtest2 WHERE k BETWEEN 7999367 AND 7999467
	Bitmap Heap Scan on sbtest2  (cost=5.50..416.94 rows=104 width=125)
	  Recheck Cond: ((k >= 7999367) AND (k <= 7999467))
	  ->  Bitmap Index Scan on k_2  (cost=0.00..5.47 rows=104 width=0)
	        Index Cond: ((k >= 7999367) AND (k <= 7999467))

table 3 : explain SELECT k, c FROM sbtest3 WHERE k BETWEEN 7999367 AND 7999467
	Bitmap Heap Scan on sbtest3  (cost=5.53..428.75 rows=107 width=125)
	  Recheck Cond: ((k >= 7999367) AND (k <= 7999467))
	  ->  Bitmap Index Scan on k_3  (cost=0.00..5.50 rows=107 width=0)
	        Index Cond: ((k >= 7999367) AND (k <= 7999467))

table 4 : explain SELECT k, c FROM sbtest4 WHERE k BETWEEN 7999367 AND 7999467
	Bitmap Heap Scan on sbtest4  (cost=5.40..377.55 rows=94 width=125)
	  Recheck Cond: ((k >= 7999367) AND (k <= 7999467))
	  ->  Bitmap Index Scan on k_4  (cost=0.00..5.38 rows=94 width=0)
	        Index Cond: ((k >= 7999367) AND (k <= 7999467))

table 5 : explain SELECT k, c FROM sbtest5 WHERE k BETWEEN 7999367 AND 7999467
	Bitmap Heap Scan on sbtest5  (cost=5.56..440.56 rows=110 width=125)
	  Recheck Cond: ((k >= 7999367) AND (k <= 7999467))
	  ->  Bitmap Index Scan on k_5  (cost=0.00..5.53 rows=110 width=0)
	        Index Cond: ((k >= 7999367) AND (k <= 7999467))

table 6 : explain SELECT k, c FROM sbtest6 WHERE k BETWEEN 7999367 AND 7999467
	Bitmap Heap Scan on sbtest6  (cost=5.50..416.94 rows=104 width=125)
	  Recheck Cond: ((k >= 7999367) AND (k <= 7999467))
	  ->  Bitmap Index Scan on k_6  (cost=0.00..5.47 rows=104 width=0)
	        Index Cond: ((k >= 7999367) AND (k <= 7999467))

table 7 : explain SELECT k, c FROM sbtest7 WHERE k BETWEEN 7999367 AND 7999467
	Bitmap Heap Scan on sbtest7  (cost=5.49..413.00 rows=103 width=125)
	  Recheck Cond: ((k >= 7999367) AND (k <= 7999467))
	  ->  Bitmap Index Scan on k_7  (cost=0.00..5.46 rows=103 width=0)
	        Index Cond: ((k >= 7999367) AND (k <= 7999467))

table 8 : explain SELECT k, c FROM sbtest8 WHERE k BETWEEN 7999367 AND 7999467
	Bitmap Heap Scan on sbtest8  (cost=5.44..393.31 rows=98 width=125)
	  Recheck Cond: ((k >= 7999367) AND (k <= 7999467))
	  ->  Bitmap Index Scan on k_8  (cost=0.00..5.42 rows=98 width=0)
	        Index Cond: ((k >= 7999367) AND (k <= 7999467))

explain: for range-notcovered :: explain SELECT k, c FROM sbtest%d WHERE k BETWEEN 7999367 AND 7999467
explain: for range-notcovered :: explain SELECT k, c FROM sbtest%d WHERE k BETWEEN 3839195 AND 3839295
for range-notcovered
table 1 : explain SELECT k, c FROM sbtest1 WHERE k BETWEEN 2255920 AND 2256020
	Bitmap Heap Scan on sbtest1  (cost=5.43..389.37 rows=97 width=125)
	  Recheck Cond: ((k >= 2255920) AND (k <= 2256020))
	  ->  Bitmap Index Scan on k_1  (cost=0.00..5.40 rows=97 width=0)
	        Index Cond: ((k >= 2255920) AND (k <= 2256020))

table 2 : explain SELECT k, c FROM sbtest2 WHERE k BETWEEN 2255920 AND 2256020
	Bitmap Heap Scan on sbtest2  (cost=5.55..436.62 rows=109 width=125)
	  Recheck Cond: ((k >= 2255920) AND (k <= 2256020))
	  ->  Bitmap Index Scan on k_2  (cost=0.00..5.52 rows=109 width=0)
	        Index Cond: ((k >= 2255920) AND (k <= 2256020))

table 3 : explain SELECT k, c FROM sbtest3 WHERE k BETWEEN 2255920 AND 2256020
	Bitmap Heap Scan on sbtest3  (cost=5.54..432.69 rows=108 width=125)
	  Recheck Cond: ((k >= 2255920) AND (k <= 2256020))
	  ->  Bitmap Index Scan on k_3  (cost=0.00..5.51 rows=108 width=0)
	        Index Cond: ((k >= 2255920) AND (k <= 2256020))

table 4 : explain SELECT k, c FROM sbtest4 WHERE k BETWEEN 2255920 AND 2256020
	Bitmap Heap Scan on sbtest4  (cost=5.52..424.81 rows=106 width=125)
	  Recheck Cond: ((k >= 2255920) AND (k <= 2256020))
	  ->  Bitmap Index Scan on k_4  (cost=0.00..5.50 rows=106 width=0)
	        Index Cond: ((k >= 2255920) AND (k <= 2256020))

table 5 : explain SELECT k, c FROM sbtest5 WHERE k BETWEEN 2255920 AND 2256020
	Bitmap Heap Scan on sbtest5  (cost=5.43..389.37 rows=97 width=125)
	  Recheck Cond: ((k >= 2255920) AND (k <= 2256020))
	  ->  Bitmap Index Scan on k_5  (cost=0.00..5.40 rows=97 width=0)
	        Index Cond: ((k >= 2255920) AND (k <= 2256020))

table 6 : explain SELECT k, c FROM sbtest6 WHERE k BETWEEN 2255920 AND 2256020
	Bitmap Heap Scan on sbtest6  (cost=5.43..389.37 rows=97 width=125)
	  Recheck Cond: ((k >= 2255920) AND (k <= 2256020))
	  ->  Bitmap Index Scan on k_6  (cost=0.00..5.40 rows=97 width=0)
	        Index Cond: ((k >= 2255920) AND (k <= 2256020))

table 7 : explain SELECT k, c FROM sbtest7 WHERE k BETWEEN 2255920 AND 2256020
	Bitmap Heap Scan on sbtest7  (cost=5.48..409.07 rows=102 width=125)
	  Recheck Cond: ((k >= 2255920) AND (k <= 2256020))
	  ->  Bitmap Index Scan on k_7  (cost=0.00..5.45 rows=102 width=0)
	        Index Cond: ((k >= 2255920) AND (k <= 2256020))

table 8 : explain SELECT k, c FROM sbtest8 WHERE k BETWEEN 2255920 AND 2256020
	Bitmap Heap Scan on sbtest8  (cost=5.45..397.25 rows=99 width=125)
	  Recheck Cond: ((k >= 2255920) AND (k <= 2256020))
	  ->  Bitmap Index Scan on k_8  (cost=0.00..5.42 rows=99 width=0)
	        Index Cond: ((k >= 2255920) AND (k <= 2256020))

explain: for range-notcovered :: explain SELECT k, c FROM sbtest%d WHERE k BETWEEN 2255920 AND 2256020
for range-notcovered
table 1 : explain SELECT k, c FROM sbtest1 WHERE k BETWEEN 7999367 AND 7999467
	Bitmap Heap Scan on sbtest1  (cost=5.54..432.69 rows=108 width=125)
	  Recheck Cond: ((k >= 7999367) AND (k <= 7999467))
	  ->  Bitmap Index Scan on k_1  (cost=0.00..5.51 rows=108 width=0)
	        Index Cond: ((k >= 7999367) AND (k <= 7999467))

table 2 : explain SELECT k, c FROM sbtest2 WHERE k BETWEEN 7999367 AND 7999467
	Bitmap Heap Scan on sbtest2  (cost=5.50..416.94 rows=104 width=125)
	  Recheck Cond: ((k >= 7999367) AND (k <= 7999467))
	  ->  Bitmap Index Scan on k_2  (cost=0.00..5.47 rows=104 width=0)
	        Index Cond: ((k >= 7999367) AND (k <= 7999467))

table 3 : explain SELECT k, c FROM sbtest3 WHERE k BETWEEN 7999367 AND 7999467
	Bitmap Heap Scan on sbtest3  (cost=5.53..428.75 rows=107 width=125)
	  Recheck Cond: ((k >= 7999367) AND (k <= 7999467))
	  ->  Bitmap Index Scan on k_3  (cost=0.00..5.50 rows=107 width=0)
	        Index Cond: ((k >= 7999367) AND (k <= 7999467))

table 4 : explain SELECT k, c FROM sbtest4 WHERE k BETWEEN 7999367 AND 7999467
	Bitmap Heap Scan on sbtest4  (cost=5.40..377.55 rows=94 width=125)
	  Recheck Cond: ((k >= 7999367) AND (k <= 7999467))
	  ->  Bitmap Index Scan on k_4  (cost=0.00..5.38 rows=94 width=0)
	        Index Cond: ((k >= 7999367) AND (k <= 7999467))

table 5 : explain SELECT k, c FROM sbtest5 WHERE k BETWEEN 7999367 AND 7999467
	Bitmap Heap Scan on sbtest5  (cost=5.56..440.56 rows=110 width=125)
	  Recheck Cond: ((k >= 7999367) AND (k <= 7999467))
	  ->  Bitmap Index Scan on k_5  (cost=0.00..5.53 rows=110 width=0)
	        Index Cond: ((k >= 7999367) AND (k <= 7999467))

table 6 : explain SELECT k, c FROM sbtest6 WHERE k BETWEEN 7999367 AND 7999467
	Bitmap Heap Scan on sbtest6  (cost=5.50..416.94 rows=104 width=125)
	  Recheck Cond: ((k >= 7999367) AND (k <= 7999467))
	  ->  Bitmap Index Scan on k_6  (cost=0.00..5.47 rows=104 width=0)
	        Index Cond: ((k >= 7999367) AND (k <= 7999467))

table 7 : explain SELECT k, c FROM sbtest7 WHERE k BETWEEN 7999367 AND 7999467
	Bitmap Heap Scan on sbtest7  (cost=5.49..413.00 rows=103 width=125)
	  Recheck Cond: ((k >= 7999367) AND (k <= 7999467))
	  ->  Bitmap Index Scan on k_7  (cost=0.00..5.46 rows=103 width=0)
	        Index Cond: ((k >= 7999367) AND (k <= 7999467))

table 8 : explain SELECT k, c FROM sbtest8 WHERE k BETWEEN 7999367 AND 7999467
	Bitmap Heap Scan on sbtest8  (cost=5.44..393.31 rows=98 width=125)
	  Recheck Cond: ((k >= 7999367) AND (k <= 7999467))
	  ->  Bitmap Index Scan on k_8  (cost=0.00..5.42 rows=98 width=0)
	        Index Cond: ((k >= 7999367) AND (k <= 7999467))

explain: for range-notcovered :: explain SELECT k, c FROM sbtest%d WHERE k BETWEEN 7999367 AND 7999467
for range-notcovered
table 1 : explain SELECT k, c FROM sbtest1 WHERE k BETWEEN 7999367 AND 7999467
	Bitmap Heap Scan on sbtest1  (cost=5.54..432.69 rows=108 width=125)
	  Recheck Cond: ((k >= 7999367) AND (k <= 7999467))
	  ->  Bitmap Index Scan on k_1  (cost=0.00..5.51 rows=108 width=0)
	        Index Cond: ((k >= 7999367) AND (k <= 7999467))

table 2 : explain SELECT k, c FROM sbtest2 WHERE k BETWEEN 7999367 AND 7999467
	Bitmap Heap Scan on sbtest2  (cost=5.50..416.94 rows=104 width=125)
	  Recheck Cond: ((k >= 7999367) AND (k <= 7999467))
	  ->  Bitmap Index Scan on k_2  (cost=0.00..5.47 rows=104 width=0)
	        Index Cond: ((k >= 7999367) AND (k <= 7999467))

table 3 : explain SELECT k, c FROM sbtest3 WHERE k BETWEEN 7999367 AND 7999467
	Bitmap Heap Scan on sbtest3  (cost=5.53..428.75 rows=107 width=125)
	  Recheck Cond: ((k >= 7999367) AND (k <= 7999467))
	  ->  Bitmap Index Scan on k_3  (cost=0.00..5.50 rows=107 width=0)
	        Index Cond: ((k >= 7999367) AND (k <= 7999467))

table 4 : explain SELECT k, c FROM sbtest4 WHERE k BETWEEN 7999367 AND 7999467
	Bitmap Heap Scan on sbtest4  (cost=5.40..377.55 rows=94 width=125)
	  Recheck Cond: ((k >= 7999367) AND (k <= 7999467))
	  ->  Bitmap Index Scan on k_4  (cost=0.00..5.38 rows=94 width=0)
	        Index Cond: ((k >= 7999367) AND (k <= 7999467))

table 5 : explain SELECT k, c FROM sbtest5 WHERE k BETWEEN 7999367 AND 7999467
	Bitmap Heap Scan on sbtest5  (cost=5.56..440.56 rows=110 width=125)
	  Recheck Cond: ((k >= 7999367) AND (k <= 7999467))
	  ->  Bitmap Index Scan on k_5  (cost=0.00..5.53 rows=110 width=0)
	        Index Cond: ((k >= 7999367) AND (k <= 7999467))

table 6 : explain SELECT k, c FROM sbtest6 WHERE k BETWEEN 7999367 AND 7999467
	Bitmap Heap Scan on sbtest6  (cost=5.50..416.94 rows=104 width=125)
	  Recheck Cond: ((k >= 7999367) AND (k <= 7999467))
	  ->  Bitmap Index Scan on k_6  (cost=0.00..5.47 rows=104 width=0)
	        Index Cond: ((k >= 7999367) AND (k <= 7999467))

table 7 : explain SELECT k, c FROM sbtest7 WHERE k BETWEEN 7999367 AND 7999467
	Bitmap Heap Scan on sbtest7  (cost=5.49..413.00 rows=103 width=125)
	  Recheck Cond: ((k >= 7999367) AND (k <= 7999467))
	  ->  Bitmap Index Scan on k_7  (cost=0.00..5.46 rows=103 width=0)
	        Index Cond: ((k >= 7999367) AND (k <= 7999467))

table 8 : explain SELECT k, c FROM sbtest8 WHERE k BETWEEN 7999367 AND 7999467
	Bitmap Heap Scan on sbtest8  (cost=5.44..393.31 rows=98 width=125)
	  Recheck Cond: ((k >= 7999367) AND (k <= 7999467))
	  ->  Bitmap Index Scan on k_8  (cost=0.00..5.42 rows=98 width=0)
	        Index Cond: ((k >= 7999367) AND (k <= 7999467))

explain: for range-notcovered :: explain SELECT k, c FROM sbtest%d WHERE k BETWEEN 7999367 AND 7999467
for range-notcovered
table 1 : explain SELECT k, c FROM sbtest1 WHERE k BETWEEN 4426734 AND 4426834
	Bitmap Heap Scan on sbtest1  (cost=5.53..428.75 rows=107 width=125)
	  Recheck Cond: ((k >= 4426734) AND (k <= 4426834))
	  ->  Bitmap Index Scan on k_1  (cost=0.00..5.50 rows=107 width=0)
	        Index Cond: ((k >= 4426734) AND (k <= 4426834))

table 2 : explain SELECT k, c FROM sbtest2 WHERE k BETWEEN 4426734 AND 4426834
	Bitmap Heap Scan on sbtest2  (cost=5.53..428.75 rows=107 width=125)
	  Recheck Cond: ((k >= 4426734) AND (k <= 4426834))
	  ->  Bitmap Index Scan on k_2  (cost=0.00..5.50 rows=107 width=0)
	        Index Cond: ((k >= 4426734) AND (k <= 4426834))

table 3 : explain SELECT k, c FROM sbtest3 WHERE k BETWEEN 4426734 AND 4426834
	Bitmap Heap Scan on sbtest3  (cost=5.37..365.72 rows=91 width=125)
	  Recheck Cond: ((k >= 4426734) AND (k <= 4426834))
	  ->  Bitmap Index Scan on k_3  (cost=0.00..5.34 rows=91 width=0)
	        Index Cond: ((k >= 4426734) AND (k <= 4426834))

table 4 : explain SELECT k, c FROM sbtest4 WHERE k BETWEEN 4426734 AND 4426834
	Bitmap Heap Scan on sbtest4  (cost=5.41..381.49 rows=95 width=125)
	  Recheck Cond: ((k >= 4426734) AND (k <= 4426834))
	  ->  Bitmap Index Scan on k_4  (cost=0.00..5.38 rows=95 width=0)
	        Index Cond: ((k >= 4426734) AND (k <= 4426834))

table 5 : explain SELECT k, c FROM sbtest5 WHERE k BETWEEN 4426734 AND 4426834
	Bitmap Heap Scan on sbtest5  (cost=5.48..409.07 rows=102 width=125)
	  Recheck Cond: ((k >= 4426734) AND (k <= 4426834))
	  ->  Bitmap Index Scan on k_5  (cost=0.00..5.45 rows=102 width=0)
	        Index Cond: ((k >= 4426734) AND (k <= 4426834))

table 6 : explain SELECT k, c FROM sbtest6 WHERE k BETWEEN 4426734 AND 4426834
	Bitmap Heap Scan on sbtest6  (cost=5.62..464.15 rows=116 width=125)
	  Recheck Cond: ((k >= 4426734) AND (k <= 4426834))
	  ->  Bitmap Index Scan on k_6  (cost=0.00..5.59 rows=116 width=0)
	        Index Cond: ((k >= 4426734) AND (k <= 4426834))

table 7 : explain SELECT k, c FROM sbtest7 WHERE k BETWEEN 4426734 AND 4426834
	Bitmap Heap Scan on sbtest7  (cost=5.52..424.81 rows=106 width=125)
	  Recheck Cond: ((k >= 4426734) AND (k <= 4426834))
	  ->  Bitmap Index Scan on k_7  (cost=0.00..5.50 rows=106 width=0)
	        Index Cond: ((k >= 4426734) AND (k <= 4426834))

table 8 : explain SELECT k, c FROM sbtest8 WHERE k BETWEEN 4426734 AND 4426834
	Bitmap Heap Scan on sbtest8  (cost=5.47..405.13 rows=101 width=125)
	  Recheck Cond: ((k >= 4426734) AND (k <= 4426834))
	  ->  Bitmap Index Scan on k_8  (cost=0.00..5.44 rows=101 width=0)
	        Index Cond: ((k >= 4426734) AND (k <= 4426834))

for range-notcovered
table 1 : explain SELECT k, c FROM sbtest1 WHERE k BETWEEN 3839195 AND 3839295
	Bitmap Heap Scan on sbtest1  (cost=5.52..424.81 rows=106 width=125)
	  Recheck Cond: ((k >= 3839195) AND (k <= 3839295))
	  ->  Bitmap Index Scan on k_1  (cost=0.00..5.50 rows=106 width=0)
	        Index Cond: ((k >= 3839195) AND (k <= 3839295))

table 2 : explain SELECT k, c FROM sbtest2 WHERE k BETWEEN 3839195 AND 3839295
	Bitmap Heap Scan on sbtest2  (cost=5.61..460.22 rows=115 width=125)
	  Recheck Cond: ((k >= 3839195) AND (k <= 3839295))
	  ->  Bitmap Index Scan on k_2  (cost=0.00..5.58 rows=115 width=0)
	        Index Cond: ((k >= 3839195) AND (k <= 3839295))

table 3 : explain SELECT k, c FROM sbtest3 WHERE k BETWEEN 3839195 AND 3839295
	Bitmap Heap Scan on sbtest3  (cost=5.45..397.25 rows=99 width=125)
	  Recheck Cond: ((k >= 3839195) AND (k <= 3839295))
	  ->  Bitmap Index Scan on k_3  (cost=0.00..5.42 rows=99 width=0)
	        Index Cond: ((k >= 3839195) AND (k <= 3839295))

table 4 : explain SELECT k, c FROM sbtest4 WHERE k BETWEEN 3839195 AND 3839295
	Bitmap Heap Scan on sbtest4  (cost=5.47..405.13 rows=101 width=125)
	  Recheck Cond: ((k >= 3839195) AND (k <= 3839295))
	  ->  Bitmap Index Scan on k_4  (cost=0.00..5.44 rows=101 width=0)
	        Index Cond: ((k >= 3839195) AND (k <= 3839295))

table 5 : explain SELECT k, c FROM sbtest5 WHERE k BETWEEN 3839195 AND 3839295
	Bitmap Heap Scan on sbtest5  (cost=5.47..405.13 rows=101 width=125)
	  Recheck Cond: ((k >= 3839195) AND (k <= 3839295))
	  ->  Bitmap Index Scan on k_5  (cost=0.00..5.44 rows=101 width=0)
	        Index Cond: ((k >= 3839195) AND (k <= 3839295))

table 6 : explain SELECT k, c FROM sbtest6 WHERE k BETWEEN 3839195 AND 3839295
	Bitmap Heap Scan on sbtest6  (cost=5.43..389.37 rows=97 width=125)
	  Recheck Cond: ((k >= 3839195) AND (k <= 3839295))
	  ->  Bitmap Index Scan on k_6  (cost=0.00..5.40 rows=97 width=0)
	        Index Cond: ((k >= 3839195) AND (k <= 3839295))

table 7 : explain SELECT k, c FROM sbtest7 WHERE k BETWEEN 3839195 AND 3839295
	Bitmap Heap Scan on sbtest7  (cost=5.43..389.37 rows=97 width=125)
	  Recheck Cond: ((k >= 3839195) AND (k <= 3839295))
	  ->  Bitmap Index Scan on k_7  (cost=0.00..5.40 rows=97 width=0)
	        Index Cond: ((k >= 3839195) AND (k <= 3839295))

table 8 : explain SELECT k, c FROM sbtest8 WHERE k BETWEEN 3839195 AND 3839295
	Bitmap Heap Scan on sbtest8  (cost=5.48..409.07 rows=102 width=125)
	  Recheck Cond: ((k >= 3839195) AND (k <= 3839295))
	  ->  Bitmap Index Scan on k_8  (cost=0.00..5.45 rows=102 width=0)
	        Index Cond: ((k >= 3839195) AND (k <= 3839295))

for range-notcovered
table 1 : explain SELECT k, c FROM sbtest1 WHERE k BETWEEN 2255920 AND 2256020
	Bitmap Heap Scan on sbtest1  (cost=5.43..389.37 rows=97 width=125)
	  Recheck Cond: ((k >= 2255920) AND (k <= 2256020))
	  ->  Bitmap Index Scan on k_1  (cost=0.00..5.40 rows=97 width=0)
	        Index Cond: ((k >= 2255920) AND (k <= 2256020))

table 2 : explain SELECT k, c FROM sbtest2 WHERE k BETWEEN 2255920 AND 2256020
	Bitmap Heap Scan on sbtest2  (cost=5.55..436.62 rows=109 width=125)
	  Recheck Cond: ((k >= 2255920) AND (k <= 2256020))
	  ->  Bitmap Index Scan on k_2  (cost=0.00..5.52 rows=109 width=0)
	        Index Cond: ((k >= 2255920) AND (k <= 2256020))

table 3 : explain SELECT k, c FROM sbtest3 WHERE k BETWEEN 2255920 AND 2256020
	Bitmap Heap Scan on sbtest3  (cost=5.54..432.69 rows=108 width=125)
	  Recheck Cond: ((k >= 2255920) AND (k <= 2256020))
	  ->  Bitmap Index Scan on k_3  (cost=0.00..5.51 rows=108 width=0)
	        Index Cond: ((k >= 2255920) AND (k <= 2256020))

table 4 : explain SELECT k, c FROM sbtest4 WHERE k BETWEEN 2255920 AND 2256020
	Bitmap Heap Scan on sbtest4  (cost=5.52..424.81 rows=106 width=125)
	  Recheck Cond: ((k >= 2255920) AND (k <= 2256020))
	  ->  Bitmap Index Scan on k_4  (cost=0.00..5.50 rows=106 width=0)
	        Index Cond: ((k >= 2255920) AND (k <= 2256020))

table 5 : explain SELECT k, c FROM sbtest5 WHERE k BETWEEN 2255920 AND 2256020
	Bitmap Heap Scan on sbtest5  (cost=5.43..389.37 rows=97 width=125)
	  Recheck Cond: ((k >= 2255920) AND (k <= 2256020))
	  ->  Bitmap Index Scan on k_5  (cost=0.00..5.40 rows=97 width=0)
	        Index Cond: ((k >= 2255920) AND (k <= 2256020))

table 6 : explain SELECT k, c FROM sbtest6 WHERE k BETWEEN 2255920 AND 2256020
	Bitmap Heap Scan on sbtest6  (cost=5.43..389.37 rows=97 width=125)
	  Recheck Cond: ((k >= 2255920) AND (k <= 2256020))
	  ->  Bitmap Index Scan on k_6  (cost=0.00..5.40 rows=97 width=0)
	        Index Cond: ((k >= 2255920) AND (k <= 2256020))

table 7 : explain SELECT k, c FROM sbtest7 WHERE k BETWEEN 2255920 AND 2256020
	Bitmap Heap Scan on sbtest7  (cost=5.48..409.07 rows=102 width=125)
	  Recheck Cond: ((k >= 2255920) AND (k <= 2256020))
	  ->  Bitmap Index Scan on k_7  (cost=0.00..5.45 rows=102 width=0)
	        Index Cond: ((k >= 2255920) AND (k <= 2256020))

table 8 : explain SELECT k, c FROM sbtest8 WHERE k BETWEEN 2255920 AND 2256020
	Bitmap Heap Scan on sbtest8  (cost=5.45..397.25 rows=99 width=125)
	  Recheck Cond: ((k >= 2255920) AND (k <= 2256020))
	  ->  Bitmap Index Scan on k_8  (cost=0.00..5.42 rows=99 width=0)
	        Index Cond: ((k >= 2255920) AND (k <= 2256020))

for range-notcovered
table 1 : explain SELECT k, c FROM sbtest1 WHERE k BETWEEN 7908460 AND 7908560
	Bitmap Heap Scan on sbtest1  (cost=5.48..409.07 rows=102 width=125)
	  Recheck Cond: ((k >= 7908460) AND (k <= 7908560))
	  ->  Bitmap Index Scan on k_1  (cost=0.00..5.45 rows=102 width=0)
	        Index Cond: ((k >= 7908460) AND (k <= 7908560))

table 2 : explain SELECT k, c FROM sbtest2 WHERE k BETWEEN 7908460 AND 7908560
	Bitmap Heap Scan on sbtest2  (cost=5.53..428.75 rows=107 width=125)
	  Recheck Cond: ((k >= 7908460) AND (k <= 7908560))
	  ->  Bitmap Index Scan on k_2  (cost=0.00..5.50 rows=107 width=0)
	        Index Cond: ((k >= 7908460) AND (k <= 7908560))

table 3 : explain SELECT k, c FROM sbtest3 WHERE k BETWEEN 7908460 AND 7908560
	Bitmap Heap Scan on sbtest3  (cost=5.48..409.07 rows=102 width=125)
	  Recheck Cond: ((k >= 7908460) AND (k <= 7908560))
	  ->  Bitmap Index Scan on k_3  (cost=0.00..5.45 rows=102 width=0)
	        Index Cond: ((k >= 7908460) AND (k <= 7908560))

table 4 : explain SELECT k, c FROM sbtest4 WHERE k BETWEEN 7908460 AND 7908560
	Bitmap Heap Scan on sbtest4  (cost=5.48..409.07 rows=102 width=125)
	  Recheck Cond: ((k >= 7908460) AND (k <= 7908560))
	  ->  Bitmap Index Scan on k_4  (cost=0.00..5.45 rows=102 width=0)
	        Index Cond: ((k >= 7908460) AND (k <= 7908560))

table 5 : explain SELECT k, c FROM sbtest5 WHERE k BETWEEN 7908460 AND 7908560
	Bitmap Heap Scan on sbtest5  (cost=5.44..393.31 rows=98 width=125)
	  Recheck Cond: ((k >= 7908460) AND (k <= 7908560))
	  ->  Bitmap Index Scan on k_5  (cost=0.00..5.42 rows=98 width=0)
	        Index Cond: ((k >= 7908460) AND (k <= 7908560))

table 6 : explain SELECT k, c FROM sbtest6 WHERE k BETWEEN 7908460 AND 7908560
	Bitmap Heap Scan on sbtest6  (cost=5.43..389.37 rows=97 width=125)
	  Recheck Cond: ((k >= 7908460) AND (k <= 7908560))
	  ->  Bitmap Index Scan on k_6  (cost=0.00..5.40 rows=97 width=0)
	        Index Cond: ((k >= 7908460) AND (k <= 7908560))

table 7 : explain SELECT k, c FROM sbtest7 WHERE k BETWEEN 7908460 AND 7908560
	Bitmap Heap Scan on sbtest7  (cost=5.45..397.25 rows=99 width=125)
	  Recheck Cond: ((k >= 7908460) AND (k <= 7908560))
	  ->  Bitmap Index Scan on k_7  (cost=0.00..5.42 rows=99 width=0)
	        Index Cond: ((k >= 7908460) AND (k <= 7908560))

table 8 : explain SELECT k, c FROM sbtest8 WHERE k BETWEEN 7908460 AND 7908560
	Bitmap Heap Scan on sbtest8  (cost=5.44..393.31 rows=98 width=125)
	  Recheck Cond: ((k >= 7908460) AND (k <= 7908560))
	  ->  Bitmap Index Scan on k_8  (cost=0.00..5.42 rows=98 width=0)
	        Index Cond: ((k >= 7908460) AND (k <= 7908560))

explain: for range-notcovered :: explain SELECT k, c FROM sbtest%d WHERE k BETWEEN 3839195 AND 3839295
for range-notcovered
table 1 : explain SELECT k, c FROM sbtest1 WHERE k BETWEEN 7999367 AND 7999467
	Bitmap Heap Scan on sbtest1  (cost=5.54..432.69 rows=108 width=125)
	  Recheck Cond: ((k >= 7999367) AND (k <= 7999467))
	  ->  Bitmap Index Scan on k_1  (cost=0.00..5.51 rows=108 width=0)
	        Index Cond: ((k >= 7999367) AND (k <= 7999467))

table 2 : explain SELECT k, c FROM sbtest2 WHERE k BETWEEN 7999367 AND 7999467
	Bitmap Heap Scan on sbtest2  (cost=5.50..416.94 rows=104 width=125)
	  Recheck Cond: ((k >= 7999367) AND (k <= 7999467))
	  ->  Bitmap Index Scan on k_2  (cost=0.00..5.47 rows=104 width=0)
	        Index Cond: ((k >= 7999367) AND (k <= 7999467))

table 3 : explain SELECT k, c FROM sbtest3 WHERE k BETWEEN 7999367 AND 7999467
	Bitmap Heap Scan on sbtest3  (cost=5.53..428.75 rows=107 width=125)
	  Recheck Cond: ((k >= 7999367) AND (k <= 7999467))
	  ->  Bitmap Index Scan on k_3  (cost=0.00..5.50 rows=107 width=0)
	        Index Cond: ((k >= 7999367) AND (k <= 7999467))

table 4 : explain SELECT k, c FROM sbtest4 WHERE k BETWEEN 7999367 AND 7999467
	Bitmap Heap Scan on sbtest4  (cost=5.40..377.55 rows=94 width=125)
	  Recheck Cond: ((k >= 7999367) AND (k <= 7999467))
	  ->  Bitmap Index Scan on k_4  (cost=0.00..5.38 rows=94 width=0)
	        Index Cond: ((k >= 7999367) AND (k <= 7999467))

table 5 : explain SELECT k, c FROM sbtest5 WHERE k BETWEEN 7999367 AND 7999467
	Bitmap Heap Scan on sbtest5  (cost=5.56..440.56 rows=110 width=125)
	  Recheck Cond: ((k >= 7999367) AND (k <= 7999467))
	  ->  Bitmap Index Scan on k_5  (cost=0.00..5.53 rows=110 width=0)
	        Index Cond: ((k >= 7999367) AND (k <= 7999467))

table 6 : explain SELECT k, c FROM sbtest6 WHERE k BETWEEN 7999367 AND 7999467
	Bitmap Heap Scan on sbtest6  (cost=5.50..416.94 rows=104 width=125)
	  Recheck Cond: ((k >= 7999367) AND (k <= 7999467))
	  ->  Bitmap Index Scan on k_6  (cost=0.00..5.47 rows=104 width=0)
	        Index Cond: ((k >= 7999367) AND (k <= 7999467))

table 7 : explain SELECT k, c FROM sbtest7 WHERE k BETWEEN 7999367 AND 7999467
	Bitmap Heap Scan on sbtest7  (cost=5.49..413.00 rows=103 width=125)
	  Recheck Cond: ((k >= 7999367) AND (k <= 7999467))
	  ->  Bitmap Index Scan on k_7  (cost=0.00..5.46 rows=103 width=0)
	        Index Cond: ((k >= 7999367) AND (k <= 7999467))

table 8 : explain SELECT k, c FROM sbtest8 WHERE k BETWEEN 7999367 AND 7999467
	Bitmap Heap Scan on sbtest8  (cost=5.44..393.31 rows=98 width=125)
	  Recheck Cond: ((k >= 7999367) AND (k <= 7999467))
	  ->  Bitmap Index Scan on k_8  (cost=0.00..5.42 rows=98 width=0)
	        Index Cond: ((k >= 7999367) AND (k <= 7999467))

for range-notcovered
table 1 : explain SELECT k, c FROM sbtest1 WHERE k BETWEEN 2669832 AND 2669932
	Bitmap Heap Scan on sbtest1  (cost=5.54..432.69 rows=108 width=125)
	  Recheck Cond: ((k >= 2669832) AND (k <= 2669932))
	  ->  Bitmap Index Scan on k_1  (cost=0.00..5.51 rows=108 width=0)
	        Index Cond: ((k >= 2669832) AND (k <= 2669932))

table 2 : explain SELECT k, c FROM sbtest2 WHERE k BETWEEN 2669832 AND 2669932
	Bitmap Heap Scan on sbtest2  (cost=5.45..397.25 rows=99 width=125)
	  Recheck Cond: ((k >= 2669832) AND (k <= 2669932))
	  ->  Bitmap Index Scan on k_2  (cost=0.00..5.42 rows=99 width=0)
	        Index Cond: ((k >= 2669832) AND (k <= 2669932))

table 3 : explain SELECT k, c FROM sbtest3 WHERE k BETWEEN 2669832 AND 2669932
	Bitmap Heap Scan on sbtest3  (cost=5.41..381.49 rows=95 width=125)
	  Recheck Cond: ((k >= 2669832) AND (k <= 2669932))
	  ->  Bitmap Index Scan on k_3  (cost=0.00..5.38 rows=95 width=0)
	        Index Cond: ((k >= 2669832) AND (k <= 2669932))

table 4 : explain SELECT k, c FROM sbtest4 WHERE k BETWEEN 2669832 AND 2669932
	Bitmap Heap Scan on sbtest4  (cost=5.44..393.31 rows=98 width=125)
	  Recheck Cond: ((k >= 2669832) AND (k <= 2669932))
	  ->  Bitmap Index Scan on k_4  (cost=0.00..5.42 rows=98 width=0)
	        Index Cond: ((k >= 2669832) AND (k <= 2669932))

table 5 : explain SELECT k, c FROM sbtest5 WHERE k BETWEEN 2669832 AND 2669932
	Bitmap Heap Scan on sbtest5  (cost=5.43..389.37 rows=97 width=125)
	  Recheck Cond: ((k >= 2669832) AND (k <= 2669932))
	  ->  Bitmap Index Scan on k_5  (cost=0.00..5.40 rows=97 width=0)
	        Index Cond: ((k >= 2669832) AND (k <= 2669932))

table 6 : explain SELECT k, c FROM sbtest6 WHERE k BETWEEN 2669832 AND 2669932
	Bitmap Heap Scan on sbtest6  (cost=5.47..405.13 rows=101 width=125)
	  Recheck Cond: ((k >= 2669832) AND (k <= 2669932))
	  ->  Bitmap Index Scan on k_6  (cost=0.00..5.44 rows=101 width=0)
	        Index Cond: ((k >= 2669832) AND (k <= 2669932))

table 7 : explain SELECT k, c FROM sbtest7 WHERE k BETWEEN 2669832 AND 2669932
	Bitmap Heap Scan on sbtest7  (cost=5.51..420.88 rows=105 width=125)
	  Recheck Cond: ((k >= 2669832) AND (k <= 2669932))
	  ->  Bitmap Index Scan on k_7  (cost=0.00..5.48 rows=105 width=0)
	        Index Cond: ((k >= 2669832) AND (k <= 2669932))

table 8 : explain SELECT k, c FROM sbtest8 WHERE k BETWEEN 2669832 AND 2669932
	Bitmap Heap Scan on sbtest8  (cost=5.46..401.19 rows=100 width=125)
	  Recheck Cond: ((k >= 2669832) AND (k <= 2669932))
	  ->  Bitmap Index Scan on k_8  (cost=0.00..5.43 rows=100 width=0)
	        Index Cond: ((k >= 2669832) AND (k <= 2669932))

explain: for range-notcovered :: explain SELECT k, c FROM sbtest%d WHERE k BETWEEN 7908460 AND 7908560
explain: for range-notcovered :: explain SELECT k, c FROM sbtest%d WHERE k BETWEEN 4426734 AND 4426834
explain: for range-notcovered :: explain SELECT k, c FROM sbtest%d WHERE k BETWEEN 2669832 AND 2669932
explain: for range-notcovered :: explain SELECT k, c FROM sbtest%d WHERE k BETWEEN 2255920 AND 2256020
explain: for range-notcovered :: explain SELECT k, c FROM sbtest%d WHERE k BETWEEN 5028008 AND 5028108
for range-notcovered
table 1 : explain SELECT k, c FROM sbtest1 WHERE k BETWEEN 2669832 AND 2669932
	Bitmap Heap Scan on sbtest1  (cost=5.54..432.69 rows=108 width=125)
	  Recheck Cond: ((k >= 2669832) AND (k <= 2669932))
	  ->  Bitmap Index Scan on k_1  (cost=0.00..5.51 rows=108 width=0)
	        Index Cond: ((k >= 2669832) AND (k <= 2669932))

table 2 : explain SELECT k, c FROM sbtest2 WHERE k BETWEEN 2669832 AND 2669932
	Bitmap Heap Scan on sbtest2  (cost=5.45..397.25 rows=99 width=125)
	  Recheck Cond: ((k >= 2669832) AND (k <= 2669932))
	  ->  Bitmap Index Scan on k_2  (cost=0.00..5.42 rows=99 width=0)
	        Index Cond: ((k >= 2669832) AND (k <= 2669932))

table 3 : explain SELECT k, c FROM sbtest3 WHERE k BETWEEN 2669832 AND 2669932
	Bitmap Heap Scan on sbtest3  (cost=5.41..381.49 rows=95 width=125)
	  Recheck Cond: ((k >= 2669832) AND (k <= 2669932))
	  ->  Bitmap Index Scan on k_3  (cost=0.00..5.38 rows=95 width=0)
	        Index Cond: ((k >= 2669832) AND (k <= 2669932))

table 4 : explain SELECT k, c FROM sbtest4 WHERE k BETWEEN 2669832 AND 2669932
	Bitmap Heap Scan on sbtest4  (cost=5.44..393.31 rows=98 width=125)
	  Recheck Cond: ((k >= 2669832) AND (k <= 2669932))
	  ->  Bitmap Index Scan on k_4  (cost=0.00..5.42 rows=98 width=0)
	        Index Cond: ((k >= 2669832) AND (k <= 2669932))

table 5 : explain SELECT k, c FROM sbtest5 WHERE k BETWEEN 2669832 AND 2669932
	Bitmap Heap Scan on sbtest5  (cost=5.43..389.37 rows=97 width=125)
	  Recheck Cond: ((k >= 2669832) AND (k <= 2669932))
	  ->  Bitmap Index Scan on k_5  (cost=0.00..5.40 rows=97 width=0)
	        Index Cond: ((k >= 2669832) AND (k <= 2669932))

table 6 : explain SELECT k, c FROM sbtest6 WHERE k BETWEEN 2669832 AND 2669932
	Bitmap Heap Scan on sbtest6  (cost=5.47..405.13 rows=101 width=125)
	  Recheck Cond: ((k >= 2669832) AND (k <= 2669932))
	  ->  Bitmap Index Scan on k_6  (cost=0.00..5.44 rows=101 width=0)
	        Index Cond: ((k >= 2669832) AND (k <= 2669932))

table 7 : explain SELECT k, c FROM sbtest7 WHERE k BETWEEN 2669832 AND 2669932
	Bitmap Heap Scan on sbtest7  (cost=5.51..420.88 rows=105 width=125)
	  Recheck Cond: ((k >= 2669832) AND (k <= 2669932))
	  ->  Bitmap Index Scan on k_7  (cost=0.00..5.48 rows=105 width=0)
	        Index Cond: ((k >= 2669832) AND (k <= 2669932))

table 8 : explain SELECT k, c FROM sbtest8 WHERE k BETWEEN 2669832 AND 2669932
	Bitmap Heap Scan on sbtest8  (cost=5.46..401.19 rows=100 width=125)
	  Recheck Cond: ((k >= 2669832) AND (k <= 2669932))
	  ->  Bitmap Index Scan on k_8  (cost=0.00..5.43 rows=100 width=0)
	        Index Cond: ((k >= 2669832) AND (k <= 2669932))

explain: for range-notcovered :: explain SELECT k, c FROM sbtest%d WHERE k BETWEEN 2669832 AND 2669932
for range-notcovered
table 1 : explain SELECT k, c FROM sbtest1 WHERE k BETWEEN 3839195 AND 3839295
	Bitmap Heap Scan on sbtest1  (cost=5.52..424.81 rows=106 width=125)
	  Recheck Cond: ((k >= 3839195) AND (k <= 3839295))
	  ->  Bitmap Index Scan on k_1  (cost=0.00..5.50 rows=106 width=0)
	        Index Cond: ((k >= 3839195) AND (k <= 3839295))

table 2 : explain SELECT k, c FROM sbtest2 WHERE k BETWEEN 3839195 AND 3839295
	Bitmap Heap Scan on sbtest2  (cost=5.61..460.22 rows=115 width=125)
	  Recheck Cond: ((k >= 3839195) AND (k <= 3839295))
	  ->  Bitmap Index Scan on k_2  (cost=0.00..5.58 rows=115 width=0)
	        Index Cond: ((k >= 3839195) AND (k <= 3839295))

table 3 : explain SELECT k, c FROM sbtest3 WHERE k BETWEEN 3839195 AND 3839295
	Bitmap Heap Scan on sbtest3  (cost=5.45..397.25 rows=99 width=125)
	  Recheck Cond: ((k >= 3839195) AND (k <= 3839295))
	  ->  Bitmap Index Scan on k_3  (cost=0.00..5.42 rows=99 width=0)
	        Index Cond: ((k >= 3839195) AND (k <= 3839295))

table 4 : explain SELECT k, c FROM sbtest4 WHERE k BETWEEN 3839195 AND 3839295
	Bitmap Heap Scan on sbtest4  (cost=5.47..405.13 rows=101 width=125)
	  Recheck Cond: ((k >= 3839195) AND (k <= 3839295))
	  ->  Bitmap Index Scan on k_4  (cost=0.00..5.44 rows=101 width=0)
	        Index Cond: ((k >= 3839195) AND (k <= 3839295))

table 5 : explain SELECT k, c FROM sbtest5 WHERE k BETWEEN 3839195 AND 3839295
	Bitmap Heap Scan on sbtest5  (cost=5.47..405.13 rows=101 width=125)
	  Recheck Cond: ((k >= 3839195) AND (k <= 3839295))
	  ->  Bitmap Index Scan on k_5  (cost=0.00..5.44 rows=101 width=0)
	        Index Cond: ((k >= 3839195) AND (k <= 3839295))

table 6 : explain SELECT k, c FROM sbtest6 WHERE k BETWEEN 3839195 AND 3839295
	Bitmap Heap Scan on sbtest6  (cost=5.43..389.37 rows=97 width=125)
	  Recheck Cond: ((k >= 3839195) AND (k <= 3839295))
	  ->  Bitmap Index Scan on k_6  (cost=0.00..5.40 rows=97 width=0)
	        Index Cond: ((k >= 3839195) AND (k <= 3839295))

table 7 : explain SELECT k, c FROM sbtest7 WHERE k BETWEEN 3839195 AND 3839295
	Bitmap Heap Scan on sbtest7  (cost=5.43..389.37 rows=97 width=125)
	  Recheck Cond: ((k >= 3839195) AND (k <= 3839295))
	  ->  Bitmap Index Scan on k_7  (cost=0.00..5.40 rows=97 width=0)
	        Index Cond: ((k >= 3839195) AND (k <= 3839295))

table 8 : explain SELECT k, c FROM sbtest8 WHERE k BETWEEN 3839195 AND 3839295
	Bitmap Heap Scan on sbtest8  (cost=5.48..409.07 rows=102 width=125)
	  Recheck Cond: ((k >= 3839195) AND (k <= 3839295))
	  ->  Bitmap Index Scan on k_8  (cost=0.00..5.45 rows=102 width=0)
	        Index Cond: ((k >= 3839195) AND (k <= 3839295))

explain: for range-notcovered :: explain SELECT k, c FROM sbtest%d WHERE k BETWEEN 6578497 AND 6578597
for range-notcovered
table 1 : explain SELECT k, c FROM sbtest1 WHERE k BETWEEN 2255920 AND 2256020
	Bitmap Heap Scan on sbtest1  (cost=5.43..389.37 rows=97 width=125)
	  Recheck Cond: ((k >= 2255920) AND (k <= 2256020))
	  ->  Bitmap Index Scan on k_1  (cost=0.00..5.40 rows=97 width=0)
	        Index Cond: ((k >= 2255920) AND (k <= 2256020))

table 2 : explain SELECT k, c FROM sbtest2 WHERE k BETWEEN 2255920 AND 2256020
	Bitmap Heap Scan on sbtest2  (cost=5.55..436.62 rows=109 width=125)
	  Recheck Cond: ((k >= 2255920) AND (k <= 2256020))
	  ->  Bitmap Index Scan on k_2  (cost=0.00..5.52 rows=109 width=0)
	        Index Cond: ((k >= 2255920) AND (k <= 2256020))

table 3 : explain SELECT k, c FROM sbtest3 WHERE k BETWEEN 2255920 AND 2256020
	Bitmap Heap Scan on sbtest3  (cost=5.54..432.69 rows=108 width=125)
	  Recheck Cond: ((k >= 2255920) AND (k <= 2256020))
	  ->  Bitmap Index Scan on k_3  (cost=0.00..5.51 rows=108 width=0)
	        Index Cond: ((k >= 2255920) AND (k <= 2256020))

table 4 : explain SELECT k, c FROM sbtest4 WHERE k BETWEEN 2255920 AND 2256020
	Bitmap Heap Scan on sbtest4  (cost=5.52..424.81 rows=106 width=125)
	  Recheck Cond: ((k >= 2255920) AND (k <= 2256020))
	  ->  Bitmap Index Scan on k_4  (cost=0.00..5.50 rows=106 width=0)
	        Index Cond: ((k >= 2255920) AND (k <= 2256020))

table 5 : explain SELECT k, c FROM sbtest5 WHERE k BETWEEN 2255920 AND 2256020
	Bitmap Heap Scan on sbtest5  (cost=5.43..389.37 rows=97 width=125)
	  Recheck Cond: ((k >= 2255920) AND (k <= 2256020))
	  ->  Bitmap Index Scan on k_5  (cost=0.00..5.40 rows=97 width=0)
	        Index Cond: ((k >= 2255920) AND (k <= 2256020))

table 6 : explain SELECT k, c FROM sbtest6 WHERE k BETWEEN 2255920 AND 2256020
	Bitmap Heap Scan on sbtest6  (cost=5.43..389.37 rows=97 width=125)
	  Recheck Cond: ((k >= 2255920) AND (k <= 2256020))
	  ->  Bitmap Index Scan on k_6  (cost=0.00..5.40 rows=97 width=0)
	        Index Cond: ((k >= 2255920) AND (k <= 2256020))

table 7 : explain SELECT k, c FROM sbtest7 WHERE k BETWEEN 2255920 AND 2256020
	Bitmap Heap Scan on sbtest7  (cost=5.48..409.07 rows=102 width=125)
	  Recheck Cond: ((k >= 2255920) AND (k <= 2256020))
	  ->  Bitmap Index Scan on k_7  (cost=0.00..5.45 rows=102 width=0)
	        Index Cond: ((k >= 2255920) AND (k <= 2256020))

table 8 : explain SELECT k, c FROM sbtest8 WHERE k BETWEEN 2255920 AND 2256020
	Bitmap Heap Scan on sbtest8  (cost=5.45..397.25 rows=99 width=125)
	  Recheck Cond: ((k >= 2255920) AND (k <= 2256020))
	  ->  Bitmap Index Scan on k_8  (cost=0.00..5.42 rows=99 width=0)
	        Index Cond: ((k >= 2255920) AND (k <= 2256020))

for range-notcovered
table 1 : explain SELECT k, c FROM sbtest1 WHERE k BETWEEN 4426734 AND 4426834
	Bitmap Heap Scan on sbtest1  (cost=5.53..428.75 rows=107 width=125)
	  Recheck Cond: ((k >= 4426734) AND (k <= 4426834))
	  ->  Bitmap Index Scan on k_1  (cost=0.00..5.50 rows=107 width=0)
	        Index Cond: ((k >= 4426734) AND (k <= 4426834))

table 2 : explain SELECT k, c FROM sbtest2 WHERE k BETWEEN 4426734 AND 4426834
	Bitmap Heap Scan on sbtest2  (cost=5.53..428.75 rows=107 width=125)
	  Recheck Cond: ((k >= 4426734) AND (k <= 4426834))
	  ->  Bitmap Index Scan on k_2  (cost=0.00..5.50 rows=107 width=0)
	        Index Cond: ((k >= 4426734) AND (k <= 4426834))

table 3 : explain SELECT k, c FROM sbtest3 WHERE k BETWEEN 4426734 AND 4426834
	Bitmap Heap Scan on sbtest3  (cost=5.37..365.72 rows=91 width=125)
	  Recheck Cond: ((k >= 4426734) AND (k <= 4426834))
	  ->  Bitmap Index Scan on k_3  (cost=0.00..5.34 rows=91 width=0)
	        Index Cond: ((k >= 4426734) AND (k <= 4426834))

table 4 : explain SELECT k, c FROM sbtest4 WHERE k BETWEEN 4426734 AND 4426834
	Bitmap Heap Scan on sbtest4  (cost=5.41..381.49 rows=95 width=125)
	  Recheck Cond: ((k >= 4426734) AND (k <= 4426834))
	  ->  Bitmap Index Scan on k_4  (cost=0.00..5.38 rows=95 width=0)
	        Index Cond: ((k >= 4426734) AND (k <= 4426834))

table 5 : explain SELECT k, c FROM sbtest5 WHERE k BETWEEN 4426734 AND 4426834
	Bitmap Heap Scan on sbtest5  (cost=5.48..409.07 rows=102 width=125)
	  Recheck Cond: ((k >= 4426734) AND (k <= 4426834))
	  ->  Bitmap Index Scan on k_5  (cost=0.00..5.45 rows=102 width=0)
	        Index Cond: ((k >= 4426734) AND (k <= 4426834))

table 6 : explain SELECT k, c FROM sbtest6 WHERE k BETWEEN 4426734 AND 4426834
	Bitmap Heap Scan on sbtest6  (cost=5.62..464.15 rows=116 width=125)
	  Recheck Cond: ((k >= 4426734) AND (k <= 4426834))
	  ->  Bitmap Index Scan on k_6  (cost=0.00..5.59 rows=116 width=0)
	        Index Cond: ((k >= 4426734) AND (k <= 4426834))

table 7 : explain SELECT k, c FROM sbtest7 WHERE k BETWEEN 4426734 AND 4426834
	Bitmap Heap Scan on sbtest7  (cost=5.52..424.81 rows=106 width=125)
	  Recheck Cond: ((k >= 4426734) AND (k <= 4426834))
	  ->  Bitmap Index Scan on k_7  (cost=0.00..5.50 rows=106 width=0)
	        Index Cond: ((k >= 4426734) AND (k <= 4426834))

table 8 : explain SELECT k, c FROM sbtest8 WHERE k BETWEEN 4426734 AND 4426834
	Bitmap Heap Scan on sbtest8  (cost=5.47..405.13 rows=101 width=125)
	  Recheck Cond: ((k >= 4426734) AND (k <= 4426834))
	  ->  Bitmap Index Scan on k_8  (cost=0.00..5.44 rows=101 width=0)
	        Index Cond: ((k >= 4426734) AND (k <= 4426834))

explain: for range-notcovered :: explain SELECT k, c FROM sbtest%d WHERE k BETWEEN 3839195 AND 3839295
for range-notcovered
table 1 : explain SELECT k, c FROM sbtest1 WHERE k BETWEEN 7908460 AND 7908560
	Bitmap Heap Scan on sbtest1  (cost=5.48..409.07 rows=102 width=125)
	  Recheck Cond: ((k >= 7908460) AND (k <= 7908560))
	  ->  Bitmap Index Scan on k_1  (cost=0.00..5.45 rows=102 width=0)
	        Index Cond: ((k >= 7908460) AND (k <= 7908560))

table 2 : explain SELECT k, c FROM sbtest2 WHERE k BETWEEN 7908460 AND 7908560
	Bitmap Heap Scan on sbtest2  (cost=5.53..428.75 rows=107 width=125)
	  Recheck Cond: ((k >= 7908460) AND (k <= 7908560))
	  ->  Bitmap Index Scan on k_2  (cost=0.00..5.50 rows=107 width=0)
	        Index Cond: ((k >= 7908460) AND (k <= 7908560))

table 3 : explain SELECT k, c FROM sbtest3 WHERE k BETWEEN 7908460 AND 7908560
	Bitmap Heap Scan on sbtest3  (cost=5.48..409.07 rows=102 width=125)
	  Recheck Cond: ((k >= 7908460) AND (k <= 7908560))
	  ->  Bitmap Index Scan on k_3  (cost=0.00..5.45 rows=102 width=0)
	        Index Cond: ((k >= 7908460) AND (k <= 7908560))

table 4 : explain SELECT k, c FROM sbtest4 WHERE k BETWEEN 7908460 AND 7908560
	Bitmap Heap Scan on sbtest4  (cost=5.48..409.07 rows=102 width=125)
	  Recheck Cond: ((k >= 7908460) AND (k <= 7908560))
	  ->  Bitmap Index Scan on k_4  (cost=0.00..5.45 rows=102 width=0)
	        Index Cond: ((k >= 7908460) AND (k <= 7908560))

table 5 : explain SELECT k, c FROM sbtest5 WHERE k BETWEEN 7908460 AND 7908560
	Bitmap Heap Scan on sbtest5  (cost=5.44..393.31 rows=98 width=125)
	  Recheck Cond: ((k >= 7908460) AND (k <= 7908560))
	  ->  Bitmap Index Scan on k_5  (cost=0.00..5.42 rows=98 width=0)
	        Index Cond: ((k >= 7908460) AND (k <= 7908560))

table 6 : explain SELECT k, c FROM sbtest6 WHERE k BETWEEN 7908460 AND 7908560
	Bitmap Heap Scan on sbtest6  (cost=5.43..389.37 rows=97 width=125)
	  Recheck Cond: ((k >= 7908460) AND (k <= 7908560))
	  ->  Bitmap Index Scan on k_6  (cost=0.00..5.40 rows=97 width=0)
	        Index Cond: ((k >= 7908460) AND (k <= 7908560))

table 7 : explain SELECT k, c FROM sbtest7 WHERE k BETWEEN 7908460 AND 7908560
	Bitmap Heap Scan on sbtest7  (cost=5.45..397.25 rows=99 width=125)
	  Recheck Cond: ((k >= 7908460) AND (k <= 7908560))
	  ->  Bitmap Index Scan on k_7  (cost=0.00..5.42 rows=99 width=0)
	        Index Cond: ((k >= 7908460) AND (k <= 7908560))

table 8 : explain SELECT k, c FROM sbtest8 WHERE k BETWEEN 7908460 AND 7908560
	Bitmap Heap Scan on sbtest8  (cost=5.44..393.31 rows=98 width=125)
	  Recheck Cond: ((k >= 7908460) AND (k <= 7908560))
	  ->  Bitmap Index Scan on k_8  (cost=0.00..5.42 rows=98 width=0)
	        Index Cond: ((k >= 7908460) AND (k <= 7908560))

explain: for range-notcovered :: explain SELECT k, c FROM sbtest%d WHERE k BETWEEN 4426734 AND 4426834
explain: for range-notcovered :: explain SELECT k, c FROM sbtest%d WHERE k BETWEEN 7908460 AND 7908560
explain: for range-notcovered :: explain SELECT k, c FROM sbtest%d WHERE k BETWEEN 2255920 AND 2256020
for range-notcovered
table 1 : explain SELECT k, c FROM sbtest1 WHERE k BETWEEN 2669832 AND 2669932
	Bitmap Heap Scan on sbtest1  (cost=5.54..432.69 rows=108 width=125)
	  Recheck Cond: ((k >= 2669832) AND (k <= 2669932))
	  ->  Bitmap Index Scan on k_1  (cost=0.00..5.51 rows=108 width=0)
	        Index Cond: ((k >= 2669832) AND (k <= 2669932))

table 2 : explain SELECT k, c FROM sbtest2 WHERE k BETWEEN 2669832 AND 2669932
	Bitmap Heap Scan on sbtest2  (cost=5.45..397.25 rows=99 width=125)
	  Recheck Cond: ((k >= 2669832) AND (k <= 2669932))
	  ->  Bitmap Index Scan on k_2  (cost=0.00..5.42 rows=99 width=0)
	        Index Cond: ((k >= 2669832) AND (k <= 2669932))

table 3 : explain SELECT k, c FROM sbtest3 WHERE k BETWEEN 2669832 AND 2669932
	Bitmap Heap Scan on sbtest3  (cost=5.41..381.49 rows=95 width=125)
	  Recheck Cond: ((k >= 2669832) AND (k <= 2669932))
	  ->  Bitmap Index Scan on k_3  (cost=0.00..5.38 rows=95 width=0)
	        Index Cond: ((k >= 2669832) AND (k <= 2669932))

table 4 : explain SELECT k, c FROM sbtest4 WHERE k BETWEEN 2669832 AND 2669932
	Bitmap Heap Scan on sbtest4  (cost=5.44..393.31 rows=98 width=125)
	  Recheck Cond: ((k >= 2669832) AND (k <= 2669932))
	  ->  Bitmap Index Scan on k_4  (cost=0.00..5.42 rows=98 width=0)
	        Index Cond: ((k >= 2669832) AND (k <= 2669932))

table 5 : explain SELECT k, c FROM sbtest5 WHERE k BETWEEN 2669832 AND 2669932
	Bitmap Heap Scan on sbtest5  (cost=5.43..389.37 rows=97 width=125)
	  Recheck Cond: ((k >= 2669832) AND (k <= 2669932))
	  ->  Bitmap Index Scan on k_5  (cost=0.00..5.40 rows=97 width=0)
	        Index Cond: ((k >= 2669832) AND (k <= 2669932))

table 6 : explain SELECT k, c FROM sbtest6 WHERE k BETWEEN 2669832 AND 2669932
	Bitmap Heap Scan on sbtest6  (cost=5.47..405.13 rows=101 width=125)
	  Recheck Cond: ((k >= 2669832) AND (k <= 2669932))
	  ->  Bitmap Index Scan on k_6  (cost=0.00..5.44 rows=101 width=0)
	        Index Cond: ((k >= 2669832) AND (k <= 2669932))

table 7 : explain SELECT k, c FROM sbtest7 WHERE k BETWEEN 2669832 AND 2669932
	Bitmap Heap Scan on sbtest7  (cost=5.51..420.88 rows=105 width=125)
	  Recheck Cond: ((k >= 2669832) AND (k <= 2669932))
	  ->  Bitmap Index Scan on k_7  (cost=0.00..5.48 rows=105 width=0)
	        Index Cond: ((k >= 2669832) AND (k <= 2669932))

table 8 : explain SELECT k, c FROM sbtest8 WHERE k BETWEEN 2669832 AND 2669932
	Bitmap Heap Scan on sbtest8  (cost=5.46..401.19 rows=100 width=125)
	  Recheck Cond: ((k >= 2669832) AND (k <= 2669932))
	  ->  Bitmap Index Scan on k_8  (cost=0.00..5.43 rows=100 width=0)
	        Index Cond: ((k >= 2669832) AND (k <= 2669932))

explain: for range-notcovered :: explain SELECT k, c FROM sbtest%d WHERE k BETWEEN 2669832 AND 2669932
explain: for range-notcovered :: explain SELECT k, c FROM sbtest%d WHERE k BETWEEN 8307397 AND 8307497
explain: for range-notcovered :: explain SELECT k, c FROM sbtest%d WHERE k BETWEEN 7244199 AND 7244299
explain: for range-notcovered :: explain SELECT k, c FROM sbtest%d WHERE k BETWEEN 7056351 AND 7056451
explain: for range-notcovered :: explain SELECT k, c FROM sbtest%d WHERE k BETWEEN 2193534 AND 2193634
for range-notcovered
table 1 : explain SELECT k, c FROM sbtest1 WHERE k BETWEEN 3839195 AND 3839295
	Bitmap Heap Scan on sbtest1  (cost=5.52..424.81 rows=106 width=125)
	  Recheck Cond: ((k >= 3839195) AND (k <= 3839295))
	  ->  Bitmap Index Scan on k_1  (cost=0.00..5.50 rows=106 width=0)
	        Index Cond: ((k >= 3839195) AND (k <= 3839295))

table 2 : explain SELECT k, c FROM sbtest2 WHERE k BETWEEN 3839195 AND 3839295
	Bitmap Heap Scan on sbtest2  (cost=5.61..460.22 rows=115 width=125)
	  Recheck Cond: ((k >= 3839195) AND (k <= 3839295))
	  ->  Bitmap Index Scan on k_2  (cost=0.00..5.58 rows=115 width=0)
	        Index Cond: ((k >= 3839195) AND (k <= 3839295))

table 3 : explain SELECT k, c FROM sbtest3 WHERE k BETWEEN 3839195 AND 3839295
	Bitmap Heap Scan on sbtest3  (cost=5.45..397.25 rows=99 width=125)
	  Recheck Cond: ((k >= 3839195) AND (k <= 3839295))
	  ->  Bitmap Index Scan on k_3  (cost=0.00..5.42 rows=99 width=0)
	        Index Cond: ((k >= 3839195) AND (k <= 3839295))

table 4 : explain SELECT k, c FROM sbtest4 WHERE k BETWEEN 3839195 AND 3839295
	Bitmap Heap Scan on sbtest4  (cost=5.47..405.13 rows=101 width=125)
	  Recheck Cond: ((k >= 3839195) AND (k <= 3839295))
	  ->  Bitmap Index Scan on k_4  (cost=0.00..5.44 rows=101 width=0)
	        Index Cond: ((k >= 3839195) AND (k <= 3839295))

table 5 : explain SELECT k, c FROM sbtest5 WHERE k BETWEEN 3839195 AND 3839295
	Bitmap Heap Scan on sbtest5  (cost=5.47..405.13 rows=101 width=125)
	  Recheck Cond: ((k >= 3839195) AND (k <= 3839295))
	  ->  Bitmap Index Scan on k_5  (cost=0.00..5.44 rows=101 width=0)
	        Index Cond: ((k >= 3839195) AND (k <= 3839295))

table 6 : explain SELECT k, c FROM sbtest6 WHERE k BETWEEN 3839195 AND 3839295
	Bitmap Heap Scan on sbtest6  (cost=5.43..389.37 rows=97 width=125)
	  Recheck Cond: ((k >= 3839195) AND (k <= 3839295))
	  ->  Bitmap Index Scan on k_6  (cost=0.00..5.40 rows=97 width=0)
	        Index Cond: ((k >= 3839195) AND (k <= 3839295))

table 7 : explain SELECT k, c FROM sbtest7 WHERE k BETWEEN 3839195 AND 3839295
	Bitmap Heap Scan on sbtest7  (cost=5.43..389.37 rows=97 width=125)
	  Recheck Cond: ((k >= 3839195) AND (k <= 3839295))
	  ->  Bitmap Index Scan on k_7  (cost=0.00..5.40 rows=97 width=0)
	        Index Cond: ((k >= 3839195) AND (k <= 3839295))

table 8 : explain SELECT k, c FROM sbtest8 WHERE k BETWEEN 3839195 AND 3839295
	Bitmap Heap Scan on sbtest8  (cost=5.48..409.07 rows=102 width=125)
	  Recheck Cond: ((k >= 3839195) AND (k <= 3839295))
	  ->  Bitmap Index Scan on k_8  (cost=0.00..5.45 rows=102 width=0)
	        Index Cond: ((k >= 3839195) AND (k <= 3839295))

for range-notcovered
table 1 : explain SELECT k, c FROM sbtest1 WHERE k BETWEEN 2255920 AND 2256020
	Bitmap Heap Scan on sbtest1  (cost=5.43..389.37 rows=97 width=125)
	  Recheck Cond: ((k >= 2255920) AND (k <= 2256020))
	  ->  Bitmap Index Scan on k_1  (cost=0.00..5.40 rows=97 width=0)
	        Index Cond: ((k >= 2255920) AND (k <= 2256020))

table 2 : explain SELECT k, c FROM sbtest2 WHERE k BETWEEN 2255920 AND 2256020
	Bitmap Heap Scan on sbtest2  (cost=5.55..436.62 rows=109 width=125)
	  Recheck Cond: ((k >= 2255920) AND (k <= 2256020))
	  ->  Bitmap Index Scan on k_2  (cost=0.00..5.52 rows=109 width=0)
	        Index Cond: ((k >= 2255920) AND (k <= 2256020))

table 3 : explain SELECT k, c FROM sbtest3 WHERE k BETWEEN 2255920 AND 2256020
	Bitmap Heap Scan on sbtest3  (cost=5.54..432.69 rows=108 width=125)
	  Recheck Cond: ((k >= 2255920) AND (k <= 2256020))
	  ->  Bitmap Index Scan on k_3  (cost=0.00..5.51 rows=108 width=0)
	        Index Cond: ((k >= 2255920) AND (k <= 2256020))

table 4 : explain SELECT k, c FROM sbtest4 WHERE k BETWEEN 2255920 AND 2256020
	Bitmap Heap Scan on sbtest4  (cost=5.52..424.81 rows=106 width=125)
	  Recheck Cond: ((k >= 2255920) AND (k <= 2256020))
	  ->  Bitmap Index Scan on k_4  (cost=0.00..5.50 rows=106 width=0)
	        Index Cond: ((k >= 2255920) AND (k <= 2256020))

table 5 : explain SELECT k, c FROM sbtest5 WHERE k BETWEEN 2255920 AND 2256020
	Bitmap Heap Scan on sbtest5  (cost=5.43..389.37 rows=97 width=125)
	  Recheck Cond: ((k >= 2255920) AND (k <= 2256020))
	  ->  Bitmap Index Scan on k_5  (cost=0.00..5.40 rows=97 width=0)
	        Index Cond: ((k >= 2255920) AND (k <= 2256020))

table 6 : explain SELECT k, c FROM sbtest6 WHERE k BETWEEN 2255920 AND 2256020
	Bitmap Heap Scan on sbtest6  (cost=5.43..389.37 rows=97 width=125)
	  Recheck Cond: ((k >= 2255920) AND (k <= 2256020))
	  ->  Bitmap Index Scan on k_6  (cost=0.00..5.40 rows=97 width=0)
	        Index Cond: ((k >= 2255920) AND (k <= 2256020))

table 7 : explain SELECT k, c FROM sbtest7 WHERE k BETWEEN 2255920 AND 2256020
	Bitmap Heap Scan on sbtest7  (cost=5.48..409.07 rows=102 width=125)
	  Recheck Cond: ((k >= 2255920) AND (k <= 2256020))
	  ->  Bitmap Index Scan on k_7  (cost=0.00..5.45 rows=102 width=0)
	        Index Cond: ((k >= 2255920) AND (k <= 2256020))

table 8 : explain SELECT k, c FROM sbtest8 WHERE k BETWEEN 2255920 AND 2256020
	Bitmap Heap Scan on sbtest8  (cost=5.45..397.25 rows=99 width=125)
	  Recheck Cond: ((k >= 2255920) AND (k <= 2256020))
	  ->  Bitmap Index Scan on k_8  (cost=0.00..5.42 rows=99 width=0)
	        Index Cond: ((k >= 2255920) AND (k <= 2256020))

for range-notcovered
table 1 : explain SELECT k, c FROM sbtest1 WHERE k BETWEEN 7908460 AND 7908560
	Bitmap Heap Scan on sbtest1  (cost=5.48..409.07 rows=102 width=125)
	  Recheck Cond: ((k >= 7908460) AND (k <= 7908560))
	  ->  Bitmap Index Scan on k_1  (cost=0.00..5.45 rows=102 width=0)
	        Index Cond: ((k >= 7908460) AND (k <= 7908560))

table 2 : explain SELECT k, c FROM sbtest2 WHERE k BETWEEN 7908460 AND 7908560
	Bitmap Heap Scan on sbtest2  (cost=5.53..428.75 rows=107 width=125)
	  Recheck Cond: ((k >= 7908460) AND (k <= 7908560))
	  ->  Bitmap Index Scan on k_2  (cost=0.00..5.50 rows=107 width=0)
	        Index Cond: ((k >= 7908460) AND (k <= 7908560))

table 3 : explain SELECT k, c FROM sbtest3 WHERE k BETWEEN 7908460 AND 7908560
	Bitmap Heap Scan on sbtest3  (cost=5.48..409.07 rows=102 width=125)
	  Recheck Cond: ((k >= 7908460) AND (k <= 7908560))
	  ->  Bitmap Index Scan on k_3  (cost=0.00..5.45 rows=102 width=0)
	        Index Cond: ((k >= 7908460) AND (k <= 7908560))

table 4 : explain SELECT k, c FROM sbtest4 WHERE k BETWEEN 7908460 AND 7908560
	Bitmap Heap Scan on sbtest4  (cost=5.48..409.07 rows=102 width=125)
	  Recheck Cond: ((k >= 7908460) AND (k <= 7908560))
	  ->  Bitmap Index Scan on k_4  (cost=0.00..5.45 rows=102 width=0)
	        Index Cond: ((k >= 7908460) AND (k <= 7908560))

table 5 : explain SELECT k, c FROM sbtest5 WHERE k BETWEEN 7908460 AND 7908560
	Bitmap Heap Scan on sbtest5  (cost=5.44..393.31 rows=98 width=125)
	  Recheck Cond: ((k >= 7908460) AND (k <= 7908560))
	  ->  Bitmap Index Scan on k_5  (cost=0.00..5.42 rows=98 width=0)
	        Index Cond: ((k >= 7908460) AND (k <= 7908560))

table 6 : explain SELECT k, c FROM sbtest6 WHERE k BETWEEN 7908460 AND 7908560
	Bitmap Heap Scan on sbtest6  (cost=5.43..389.37 rows=97 width=125)
	  Recheck Cond: ((k >= 7908460) AND (k <= 7908560))
	  ->  Bitmap Index Scan on k_6  (cost=0.00..5.40 rows=97 width=0)
	        Index Cond: ((k >= 7908460) AND (k <= 7908560))

table 7 : explain SELECT k, c FROM sbtest7 WHERE k BETWEEN 7908460 AND 7908560
	Bitmap Heap Scan on sbtest7  (cost=5.45..397.25 rows=99 width=125)
	  Recheck Cond: ((k >= 7908460) AND (k <= 7908560))
	  ->  Bitmap Index Scan on k_7  (cost=0.00..5.42 rows=99 width=0)
	        Index Cond: ((k >= 7908460) AND (k <= 7908560))

table 8 : explain SELECT k, c FROM sbtest8 WHERE k BETWEEN 7908460 AND 7908560
	Bitmap Heap Scan on sbtest8  (cost=5.44..393.31 rows=98 width=125)
	  Recheck Cond: ((k >= 7908460) AND (k <= 7908560))
	  ->  Bitmap Index Scan on k_8  (cost=0.00..5.42 rows=98 width=0)
	        Index Cond: ((k >= 7908460) AND (k <= 7908560))

for range-notcovered
table 1 : explain SELECT k, c FROM sbtest1 WHERE k BETWEEN 5028008 AND 5028108
	Bitmap Heap Scan on sbtest1  (cost=5.57..444.49 rows=111 width=125)
	  Recheck Cond: ((k >= 5028008) AND (k <= 5028108))
	  ->  Bitmap Index Scan on k_1  (cost=0.00..5.54 rows=111 width=0)
	        Index Cond: ((k >= 5028008) AND (k <= 5028108))

table 2 : explain SELECT k, c FROM sbtest2 WHERE k BETWEEN 5028008 AND 5028108
	Bitmap Heap Scan on sbtest2  (cost=5.48..409.07 rows=102 width=125)
	  Recheck Cond: ((k >= 5028008) AND (k <= 5028108))
	  ->  Bitmap Index Scan on k_2  (cost=0.00..5.45 rows=102 width=0)
	        Index Cond: ((k >= 5028008) AND (k <= 5028108))

table 3 : explain SELECT k, c FROM sbtest3 WHERE k BETWEEN 5028008 AND 5028108
	Bitmap Heap Scan on sbtest3  (cost=5.49..413.00 rows=103 width=125)
	  Recheck Cond: ((k >= 5028008) AND (k <= 5028108))
	  ->  Bitmap Index Scan on k_3  (cost=0.00..5.46 rows=103 width=0)
	        Index Cond: ((k >= 5028008) AND (k <= 5028108))

table 4 : explain SELECT k, c FROM sbtest4 WHERE k BETWEEN 5028008 AND 5028108
	Bitmap Heap Scan on sbtest4  (cost=5.50..416.94 rows=104 width=125)
	  Recheck Cond: ((k >= 5028008) AND (k <= 5028108))
	  ->  Bitmap Index Scan on k_4  (cost=0.00..5.47 rows=104 width=0)
	        Index Cond: ((k >= 5028008) AND (k <= 5028108))

table 5 : explain SELECT k, c FROM sbtest5 WHERE k BETWEEN 5028008 AND 5028108
	Bitmap Heap Scan on sbtest5  (cost=5.48..409.07 rows=102 width=125)
	  Recheck Cond: ((k >= 5028008) AND (k <= 5028108))
	  ->  Bitmap Index Scan on k_5  (cost=0.00..5.45 rows=102 width=0)
	        Index Cond: ((k >= 5028008) AND (k <= 5028108))

table 6 : explain SELECT k, c FROM sbtest6 WHERE k BETWEEN 5028008 AND 5028108
	Bitmap Heap Scan on sbtest6  (cost=5.40..377.55 rows=94 width=125)
	  Recheck Cond: ((k >= 5028008) AND (k <= 5028108))
	  ->  Bitmap Index Scan on k_6  (cost=0.00..5.38 rows=94 width=0)
	        Index Cond: ((k >= 5028008) AND (k <= 5028108))

table 7 : explain SELECT k, c FROM sbtest7 WHERE k BETWEEN 5028008 AND 5028108
	Bitmap Heap Scan on sbtest7  (cost=5.53..428.75 rows=107 width=125)
	  Recheck Cond: ((k >= 5028008) AND (k <= 5028108))
	  ->  Bitmap Index Scan on k_7  (cost=0.00..5.50 rows=107 width=0)
	        Index Cond: ((k >= 5028008) AND (k <= 5028108))

table 8 : explain SELECT k, c FROM sbtest8 WHERE k BETWEEN 5028008 AND 5028108
	Bitmap Heap Scan on sbtest8  (cost=5.52..424.81 rows=106 width=125)
	  Recheck Cond: ((k >= 5028008) AND (k <= 5028108))
	  ->  Bitmap Index Scan on k_8  (cost=0.00..5.50 rows=106 width=0)
	        Index Cond: ((k >= 5028008) AND (k <= 5028108))

for range-notcovered
table 1 : explain SELECT k, c FROM sbtest1 WHERE k BETWEEN 4426734 AND 4426834
	Bitmap Heap Scan on sbtest1  (cost=5.53..428.75 rows=107 width=125)
	  Recheck Cond: ((k >= 4426734) AND (k <= 4426834))
	  ->  Bitmap Index Scan on k_1  (cost=0.00..5.50 rows=107 width=0)
	        Index Cond: ((k >= 4426734) AND (k <= 4426834))

table 2 : explain SELECT k, c FROM sbtest2 WHERE k BETWEEN 4426734 AND 4426834
	Bitmap Heap Scan on sbtest2  (cost=5.53..428.75 rows=107 width=125)
	  Recheck Cond: ((k >= 4426734) AND (k <= 4426834))
	  ->  Bitmap Index Scan on k_2  (cost=0.00..5.50 rows=107 width=0)
	        Index Cond: ((k >= 4426734) AND (k <= 4426834))

table 3 : explain SELECT k, c FROM sbtest3 WHERE k BETWEEN 4426734 AND 4426834
	Bitmap Heap Scan on sbtest3  (cost=5.37..365.72 rows=91 width=125)
	  Recheck Cond: ((k >= 4426734) AND (k <= 4426834))
	  ->  Bitmap Index Scan on k_3  (cost=0.00..5.34 rows=91 width=0)
	        Index Cond: ((k >= 4426734) AND (k <= 4426834))

table 4 : explain SELECT k, c FROM sbtest4 WHERE k BETWEEN 4426734 AND 4426834
	Bitmap Heap Scan on sbtest4  (cost=5.41..381.49 rows=95 width=125)
	  Recheck Cond: ((k >= 4426734) AND (k <= 4426834))
	  ->  Bitmap Index Scan on k_4  (cost=0.00..5.38 rows=95 width=0)
	        Index Cond: ((k >= 4426734) AND (k <= 4426834))

table 5 : explain SELECT k, c FROM sbtest5 WHERE k BETWEEN 4426734 AND 4426834
	Bitmap Heap Scan on sbtest5  (cost=5.48..409.07 rows=102 width=125)
	  Recheck Cond: ((k >= 4426734) AND (k <= 4426834))
	  ->  Bitmap Index Scan on k_5  (cost=0.00..5.45 rows=102 width=0)
	        Index Cond: ((k >= 4426734) AND (k <= 4426834))

table 6 : explain SELECT k, c FROM sbtest6 WHERE k BETWEEN 4426734 AND 4426834
	Bitmap Heap Scan on sbtest6  (cost=5.62..464.15 rows=116 width=125)
	  Recheck Cond: ((k >= 4426734) AND (k <= 4426834))
	  ->  Bitmap Index Scan on k_6  (cost=0.00..5.59 rows=116 width=0)
	        Index Cond: ((k >= 4426734) AND (k <= 4426834))

table 7 : explain SELECT k, c FROM sbtest7 WHERE k BETWEEN 4426734 AND 4426834
	Bitmap Heap Scan on sbtest7  (cost=5.52..424.81 rows=106 width=125)
	  Recheck Cond: ((k >= 4426734) AND (k <= 4426834))
	  ->  Bitmap Index Scan on k_7  (cost=0.00..5.50 rows=106 width=0)
	        Index Cond: ((k >= 4426734) AND (k <= 4426834))

table 8 : explain SELECT k, c FROM sbtest8 WHERE k BETWEEN 4426734 AND 4426834
	Bitmap Heap Scan on sbtest8  (cost=5.47..405.13 rows=101 width=125)
	  Recheck Cond: ((k >= 4426734) AND (k <= 4426834))
	  ->  Bitmap Index Scan on k_8  (cost=0.00..5.44 rows=101 width=0)
	        Index Cond: ((k >= 4426734) AND (k <= 4426834))

explain: for range-notcovered :: explain SELECT k, c FROM sbtest%d WHERE k BETWEEN 5028008 AND 5028108
explain: for range-notcovered :: explain SELECT k, c FROM sbtest%d WHERE k BETWEEN 7908460 AND 7908560
explain: for range-notcovered :: explain SELECT k, c FROM sbtest%d WHERE k BETWEEN 2255920 AND 2256020
explain: for range-notcovered :: explain SELECT k, c FROM sbtest%d WHERE k BETWEEN 4426734 AND 4426834
for range-notcovered
table 1 : explain SELECT k, c FROM sbtest1 WHERE k BETWEEN 2669832 AND 2669932
	Bitmap Heap Scan on sbtest1  (cost=5.54..432.69 rows=108 width=125)
	  Recheck Cond: ((k >= 2669832) AND (k <= 2669932))
	  ->  Bitmap Index Scan on k_1  (cost=0.00..5.51 rows=108 width=0)
	        Index Cond: ((k >= 2669832) AND (k <= 2669932))

table 2 : explain SELECT k, c FROM sbtest2 WHERE k BETWEEN 2669832 AND 2669932
	Bitmap Heap Scan on sbtest2  (cost=5.45..397.25 rows=99 width=125)
	  Recheck Cond: ((k >= 2669832) AND (k <= 2669932))
	  ->  Bitmap Index Scan on k_2  (cost=0.00..5.42 rows=99 width=0)
	        Index Cond: ((k >= 2669832) AND (k <= 2669932))

table 3 : explain SELECT k, c FROM sbtest3 WHERE k BETWEEN 2669832 AND 2669932
	Bitmap Heap Scan on sbtest3  (cost=5.41..381.49 rows=95 width=125)
	  Recheck Cond: ((k >= 2669832) AND (k <= 2669932))
	  ->  Bitmap Index Scan on k_3  (cost=0.00..5.38 rows=95 width=0)
	        Index Cond: ((k >= 2669832) AND (k <= 2669932))

table 4 : explain SELECT k, c FROM sbtest4 WHERE k BETWEEN 2669832 AND 2669932
	Bitmap Heap Scan on sbtest4  (cost=5.44..393.31 rows=98 width=125)
	  Recheck Cond: ((k >= 2669832) AND (k <= 2669932))
	  ->  Bitmap Index Scan on k_4  (cost=0.00..5.42 rows=98 width=0)
	        Index Cond: ((k >= 2669832) AND (k <= 2669932))

table 5 : explain SELECT k, c FROM sbtest5 WHERE k BETWEEN 2669832 AND 2669932
	Bitmap Heap Scan on sbtest5  (cost=5.43..389.37 rows=97 width=125)
	  Recheck Cond: ((k >= 2669832) AND (k <= 2669932))
	  ->  Bitmap Index Scan on k_5  (cost=0.00..5.40 rows=97 width=0)
	        Index Cond: ((k >= 2669832) AND (k <= 2669932))

table 6 : explain SELECT k, c FROM sbtest6 WHERE k BETWEEN 2669832 AND 2669932
	Bitmap Heap Scan on sbtest6  (cost=5.47..405.13 rows=101 width=125)
	  Recheck Cond: ((k >= 2669832) AND (k <= 2669932))
	  ->  Bitmap Index Scan on k_6  (cost=0.00..5.44 rows=101 width=0)
	        Index Cond: ((k >= 2669832) AND (k <= 2669932))

table 7 : explain SELECT k, c FROM sbtest7 WHERE k BETWEEN 2669832 AND 2669932
	Bitmap Heap Scan on sbtest7  (cost=5.51..420.88 rows=105 width=125)
	  Recheck Cond: ((k >= 2669832) AND (k <= 2669932))
	  ->  Bitmap Index Scan on k_7  (cost=0.00..5.48 rows=105 width=0)
	        Index Cond: ((k >= 2669832) AND (k <= 2669932))

table 8 : explain SELECT k, c FROM sbtest8 WHERE k BETWEEN 2669832 AND 2669932
	Bitmap Heap Scan on sbtest8  (cost=5.46..401.19 rows=100 width=125)
	  Recheck Cond: ((k >= 2669832) AND (k <= 2669932))
	  ->  Bitmap Index Scan on k_8  (cost=0.00..5.43 rows=100 width=0)
	        Index Cond: ((k >= 2669832) AND (k <= 2669932))

explain: for range-notcovered :: explain SELECT k, c FROM sbtest%d WHERE k BETWEEN 2669832 AND 2669932
explain: for range-notcovered :: explain SELECT k, c FROM sbtest%d WHERE k BETWEEN 976638 AND 976738
for range-notcovered
table 1 : explain SELECT k, c FROM sbtest1 WHERE k BETWEEN 5028008 AND 5028108
	Bitmap Heap Scan on sbtest1  (cost=5.57..444.49 rows=111 width=125)
	  Recheck Cond: ((k >= 5028008) AND (k <= 5028108))
	  ->  Bitmap Index Scan on k_1  (cost=0.00..5.54 rows=111 width=0)
	        Index Cond: ((k >= 5028008) AND (k <= 5028108))

table 2 : explain SELECT k, c FROM sbtest2 WHERE k BETWEEN 5028008 AND 5028108
	Bitmap Heap Scan on sbtest2  (cost=5.48..409.07 rows=102 width=125)
	  Recheck Cond: ((k >= 5028008) AND (k <= 5028108))
	  ->  Bitmap Index Scan on k_2  (cost=0.00..5.45 rows=102 width=0)
	        Index Cond: ((k >= 5028008) AND (k <= 5028108))

table 3 : explain SELECT k, c FROM sbtest3 WHERE k BETWEEN 5028008 AND 5028108
	Bitmap Heap Scan on sbtest3  (cost=5.49..413.00 rows=103 width=125)
	  Recheck Cond: ((k >= 5028008) AND (k <= 5028108))
	  ->  Bitmap Index Scan on k_3  (cost=0.00..5.46 rows=103 width=0)
	        Index Cond: ((k >= 5028008) AND (k <= 5028108))

table 4 : explain SELECT k, c FROM sbtest4 WHERE k BETWEEN 5028008 AND 5028108
	Bitmap Heap Scan on sbtest4  (cost=5.50..416.94 rows=104 width=125)
	  Recheck Cond: ((k >= 5028008) AND (k <= 5028108))
	  ->  Bitmap Index Scan on k_4  (cost=0.00..5.47 rows=104 width=0)
	        Index Cond: ((k >= 5028008) AND (k <= 5028108))

table 5 : explain SELECT k, c FROM sbtest5 WHERE k BETWEEN 5028008 AND 5028108
	Bitmap Heap Scan on sbtest5  (cost=5.48..409.07 rows=102 width=125)
	  Recheck Cond: ((k >= 5028008) AND (k <= 5028108))
	  ->  Bitmap Index Scan on k_5  (cost=0.00..5.45 rows=102 width=0)
	        Index Cond: ((k >= 5028008) AND (k <= 5028108))

table 6 : explain SELECT k, c FROM sbtest6 WHERE k BETWEEN 5028008 AND 5028108
	Bitmap Heap Scan on sbtest6  (cost=5.40..377.55 rows=94 width=125)
	  Recheck Cond: ((k >= 5028008) AND (k <= 5028108))
	  ->  Bitmap Index Scan on k_6  (cost=0.00..5.38 rows=94 width=0)
	        Index Cond: ((k >= 5028008) AND (k <= 5028108))

table 7 : explain SELECT k, c FROM sbtest7 WHERE k BETWEEN 5028008 AND 5028108
	Bitmap Heap Scan on sbtest7  (cost=5.53..428.75 rows=107 width=125)
	  Recheck Cond: ((k >= 5028008) AND (k <= 5028108))
	  ->  Bitmap Index Scan on k_7  (cost=0.00..5.50 rows=107 width=0)
	        Index Cond: ((k >= 5028008) AND (k <= 5028108))

table 8 : explain SELECT k, c FROM sbtest8 WHERE k BETWEEN 5028008 AND 5028108
	Bitmap Heap Scan on sbtest8  (cost=5.52..424.81 rows=106 width=125)
	  Recheck Cond: ((k >= 5028008) AND (k <= 5028108))
	  ->  Bitmap Index Scan on k_8  (cost=0.00..5.50 rows=106 width=0)
	        Index Cond: ((k >= 5028008) AND (k <= 5028108))

for range-notcovered
table 1 : explain SELECT k, c FROM sbtest1 WHERE k BETWEEN 2255920 AND 2256020
	Bitmap Heap Scan on sbtest1  (cost=5.43..389.37 rows=97 width=125)
	  Recheck Cond: ((k >= 2255920) AND (k <= 2256020))
	  ->  Bitmap Index Scan on k_1  (cost=0.00..5.40 rows=97 width=0)
	        Index Cond: ((k >= 2255920) AND (k <= 2256020))

table 2 : explain SELECT k, c FROM sbtest2 WHERE k BETWEEN 2255920 AND 2256020
	Bitmap Heap Scan on sbtest2  (cost=5.55..436.62 rows=109 width=125)
	  Recheck Cond: ((k >= 2255920) AND (k <= 2256020))
	  ->  Bitmap Index Scan on k_2  (cost=0.00..5.52 rows=109 width=0)
	        Index Cond: ((k >= 2255920) AND (k <= 2256020))

table 3 : explain SELECT k, c FROM sbtest3 WHERE k BETWEEN 2255920 AND 2256020
	Bitmap Heap Scan on sbtest3  (cost=5.54..432.69 rows=108 width=125)
	  Recheck Cond: ((k >= 2255920) AND (k <= 2256020))
	  ->  Bitmap Index Scan on k_3  (cost=0.00..5.51 rows=108 width=0)
	        Index Cond: ((k >= 2255920) AND (k <= 2256020))

table 4 : explain SELECT k, c FROM sbtest4 WHERE k BETWEEN 2255920 AND 2256020
	Bitmap Heap Scan on sbtest4  (cost=5.52..424.81 rows=106 width=125)
	  Recheck Cond: ((k >= 2255920) AND (k <= 2256020))
	  ->  Bitmap Index Scan on k_4  (cost=0.00..5.50 rows=106 width=0)
	        Index Cond: ((k >= 2255920) AND (k <= 2256020))

table 5 : explain SELECT k, c FROM sbtest5 WHERE k BETWEEN 2255920 AND 2256020
	Bitmap Heap Scan on sbtest5  (cost=5.43..389.37 rows=97 width=125)
	  Recheck Cond: ((k >= 2255920) AND (k <= 2256020))
	  ->  Bitmap Index Scan on k_5  (cost=0.00..5.40 rows=97 width=0)
	        Index Cond: ((k >= 2255920) AND (k <= 2256020))

table 6 : explain SELECT k, c FROM sbtest6 WHERE k BETWEEN 2255920 AND 2256020
	Bitmap Heap Scan on sbtest6  (cost=5.43..389.37 rows=97 width=125)
	  Recheck Cond: ((k >= 2255920) AND (k <= 2256020))
	  ->  Bitmap Index Scan on k_6  (cost=0.00..5.40 rows=97 width=0)
	        Index Cond: ((k >= 2255920) AND (k <= 2256020))

table 7 : explain SELECT k, c FROM sbtest7 WHERE k BETWEEN 2255920 AND 2256020
	Bitmap Heap Scan on sbtest7  (cost=5.48..409.07 rows=102 width=125)
	  Recheck Cond: ((k >= 2255920) AND (k <= 2256020))
	  ->  Bitmap Index Scan on k_7  (cost=0.00..5.45 rows=102 width=0)
	        Index Cond: ((k >= 2255920) AND (k <= 2256020))

table 8 : explain SELECT k, c FROM sbtest8 WHERE k BETWEEN 2255920 AND 2256020
	Bitmap Heap Scan on sbtest8  (cost=5.45..397.25 rows=99 width=125)
	  Recheck Cond: ((k >= 2255920) AND (k <= 2256020))
	  ->  Bitmap Index Scan on k_8  (cost=0.00..5.42 rows=99 width=0)
	        Index Cond: ((k >= 2255920) AND (k <= 2256020))

explain: for range-notcovered :: explain SELECT k, c FROM sbtest%d WHERE k BETWEEN 5028008 AND 5028108
explain: for range-notcovered :: explain SELECT k, c FROM sbtest%d WHERE k BETWEEN 2255920 AND 2256020
for range-notcovered
table 1 : explain SELECT k, c FROM sbtest1 WHERE k BETWEEN 2669832 AND 2669932
	Bitmap Heap Scan on sbtest1  (cost=5.54..432.69 rows=108 width=125)
	  Recheck Cond: ((k >= 2669832) AND (k <= 2669932))
	  ->  Bitmap Index Scan on k_1  (cost=0.00..5.51 rows=108 width=0)
	        Index Cond: ((k >= 2669832) AND (k <= 2669932))

table 2 : explain SELECT k, c FROM sbtest2 WHERE k BETWEEN 2669832 AND 2669932
	Bitmap Heap Scan on sbtest2  (cost=5.45..397.25 rows=99 width=125)
	  Recheck Cond: ((k >= 2669832) AND (k <= 2669932))
	  ->  Bitmap Index Scan on k_2  (cost=0.00..5.42 rows=99 width=0)
	        Index Cond: ((k >= 2669832) AND (k <= 2669932))

table 3 : explain SELECT k, c FROM sbtest3 WHERE k BETWEEN 2669832 AND 2669932
	Bitmap Heap Scan on sbtest3  (cost=5.41..381.49 rows=95 width=125)
	  Recheck Cond: ((k >= 2669832) AND (k <= 2669932))
	  ->  Bitmap Index Scan on k_3  (cost=0.00..5.38 rows=95 width=0)
	        Index Cond: ((k >= 2669832) AND (k <= 2669932))

table 4 : explain SELECT k, c FROM sbtest4 WHERE k BETWEEN 2669832 AND 2669932
	Bitmap Heap Scan on sbtest4  (cost=5.44..393.31 rows=98 width=125)
	  Recheck Cond: ((k >= 2669832) AND (k <= 2669932))
	  ->  Bitmap Index Scan on k_4  (cost=0.00..5.42 rows=98 width=0)
	        Index Cond: ((k >= 2669832) AND (k <= 2669932))

table 5 : explain SELECT k, c FROM sbtest5 WHERE k BETWEEN 2669832 AND 2669932
	Bitmap Heap Scan on sbtest5  (cost=5.43..389.37 rows=97 width=125)
	  Recheck Cond: ((k >= 2669832) AND (k <= 2669932))
	  ->  Bitmap Index Scan on k_5  (cost=0.00..5.40 rows=97 width=0)
	        Index Cond: ((k >= 2669832) AND (k <= 2669932))

table 6 : explain SELECT k, c FROM sbtest6 WHERE k BETWEEN 2669832 AND 2669932
	Bitmap Heap Scan on sbtest6  (cost=5.47..405.13 rows=101 width=125)
	  Recheck Cond: ((k >= 2669832) AND (k <= 2669932))
	  ->  Bitmap Index Scan on k_6  (cost=0.00..5.44 rows=101 width=0)
	        Index Cond: ((k >= 2669832) AND (k <= 2669932))

table 7 : explain SELECT k, c FROM sbtest7 WHERE k BETWEEN 2669832 AND 2669932
	Bitmap Heap Scan on sbtest7  (cost=5.51..420.88 rows=105 width=125)
	  Recheck Cond: ((k >= 2669832) AND (k <= 2669932))
	  ->  Bitmap Index Scan on k_7  (cost=0.00..5.48 rows=105 width=0)
	        Index Cond: ((k >= 2669832) AND (k <= 2669932))

table 8 : explain SELECT k, c FROM sbtest8 WHERE k BETWEEN 2669832 AND 2669932
	Bitmap Heap Scan on sbtest8  (cost=5.46..401.19 rows=100 width=125)
	  Recheck Cond: ((k >= 2669832) AND (k <= 2669932))
	  ->  Bitmap Index Scan on k_8  (cost=0.00..5.43 rows=100 width=0)
	        Index Cond: ((k >= 2669832) AND (k <= 2669932))

explain: for range-notcovered :: explain SELECT k, c FROM sbtest%d WHERE k BETWEEN 2669832 AND 2669932
explain: for range-notcovered :: explain SELECT k, c FROM sbtest%d WHERE k BETWEEN 4528374 AND 4528474
for range-notcovered
table 1 : explain SELECT k, c FROM sbtest1 WHERE k BETWEEN 976638 AND 976738
	Bitmap Heap Scan on sbtest1  (cost=5.51..420.88 rows=105 width=125)
	  Recheck Cond: ((k >= 976638) AND (k <= 976738))
	  ->  Bitmap Index Scan on k_1  (cost=0.00..5.48 rows=105 width=0)
	        Index Cond: ((k >= 976638) AND (k <= 976738))

table 2 : explain SELECT k, c FROM sbtest2 WHERE k BETWEEN 976638 AND 976738
	Bitmap Heap Scan on sbtest2  (cost=5.52..424.81 rows=106 width=125)
	  Recheck Cond: ((k >= 976638) AND (k <= 976738))
	  ->  Bitmap Index Scan on k_2  (cost=0.00..5.50 rows=106 width=0)
	        Index Cond: ((k >= 976638) AND (k <= 976738))

table 3 : explain SELECT k, c FROM sbtest3 WHERE k BETWEEN 976638 AND 976738
	Bitmap Heap Scan on sbtest3  (cost=5.48..409.07 rows=102 width=125)
	  Recheck Cond: ((k >= 976638) AND (k <= 976738))
	  ->  Bitmap Index Scan on k_3  (cost=0.00..5.45 rows=102 width=0)
	        Index Cond: ((k >= 976638) AND (k <= 976738))

table 4 : explain SELECT k, c FROM sbtest4 WHERE k BETWEEN 976638 AND 976738
	Bitmap Heap Scan on sbtest4  (cost=5.49..413.00 rows=103 width=125)
	  Recheck Cond: ((k >= 976638) AND (k <= 976738))
	  ->  Bitmap Index Scan on k_4  (cost=0.00..5.46 rows=103 width=0)
	        Index Cond: ((k >= 976638) AND (k <= 976738))

table 5 : explain SELECT k, c FROM sbtest5 WHERE k BETWEEN 976638 AND 976738
	Bitmap Heap Scan on sbtest5  (cost=5.50..416.94 rows=104 width=125)
	  Recheck Cond: ((k >= 976638) AND (k <= 976738))
	  ->  Bitmap Index Scan on k_5  (cost=0.00..5.47 rows=104 width=0)
	        Index Cond: ((k >= 976638) AND (k <= 976738))

table 6 : explain SELECT k, c FROM sbtest6 WHERE k BETWEEN 976638 AND 976738
	Bitmap Heap Scan on sbtest6  (cost=5.62..464.15 rows=116 width=125)
	  Recheck Cond: ((k >= 976638) AND (k <= 976738))
	  ->  Bitmap Index Scan on k_6  (cost=0.00..5.59 rows=116 width=0)
	        Index Cond: ((k >= 976638) AND (k <= 976738))

table 7 : explain SELECT k, c FROM sbtest7 WHERE k BETWEEN 976638 AND 976738
	Bitmap Heap Scan on sbtest7  (cost=5.58..448.42 rows=112 width=125)
	  Recheck Cond: ((k >= 976638) AND (k <= 976738))
	  ->  Bitmap Index Scan on k_7  (cost=0.00..5.55 rows=112 width=0)
	        Index Cond: ((k >= 976638) AND (k <= 976738))

table 8 : explain SELECT k, c FROM sbtest8 WHERE k BETWEEN 976638 AND 976738
	Bitmap Heap Scan on sbtest8  (cost=5.45..397.25 rows=99 width=125)
	  Recheck Cond: ((k >= 976638) AND (k <= 976738))
	  ->  Bitmap Index Scan on k_8  (cost=0.00..5.42 rows=99 width=0)
	        Index Cond: ((k >= 976638) AND (k <= 976738))

explain: for range-notcovered :: explain SELECT k, c FROM sbtest%d WHERE k BETWEEN 976638 AND 976738
for range-notcovered
table 1 : explain SELECT k, c FROM sbtest1 WHERE k BETWEEN 5028008 AND 5028108
	Bitmap Heap Scan on sbtest1  (cost=5.57..444.49 rows=111 width=125)
	  Recheck Cond: ((k >= 5028008) AND (k <= 5028108))
	  ->  Bitmap Index Scan on k_1  (cost=0.00..5.54 rows=111 width=0)
	        Index Cond: ((k >= 5028008) AND (k <= 5028108))

table 2 : explain SELECT k, c FROM sbtest2 WHERE k BETWEEN 5028008 AND 5028108
	Bitmap Heap Scan on sbtest2  (cost=5.48..409.07 rows=102 width=125)
	  Recheck Cond: ((k >= 5028008) AND (k <= 5028108))
	  ->  Bitmap Index Scan on k_2  (cost=0.00..5.45 rows=102 width=0)
	        Index Cond: ((k >= 5028008) AND (k <= 5028108))

table 3 : explain SELECT k, c FROM sbtest3 WHERE k BETWEEN 5028008 AND 5028108
	Bitmap Heap Scan on sbtest3  (cost=5.49..413.00 rows=103 width=125)
	  Recheck Cond: ((k >= 5028008) AND (k <= 5028108))
	  ->  Bitmap Index Scan on k_3  (cost=0.00..5.46 rows=103 width=0)
	        Index Cond: ((k >= 5028008) AND (k <= 5028108))

table 4 : explain SELECT k, c FROM sbtest4 WHERE k BETWEEN 5028008 AND 5028108
	Bitmap Heap Scan on sbtest4  (cost=5.50..416.94 rows=104 width=125)
	  Recheck Cond: ((k >= 5028008) AND (k <= 5028108))
	  ->  Bitmap Index Scan on k_4  (cost=0.00..5.47 rows=104 width=0)
	        Index Cond: ((k >= 5028008) AND (k <= 5028108))

table 5 : explain SELECT k, c FROM sbtest5 WHERE k BETWEEN 5028008 AND 5028108
	Bitmap Heap Scan on sbtest5  (cost=5.48..409.07 rows=102 width=125)
	  Recheck Cond: ((k >= 5028008) AND (k <= 5028108))
	  ->  Bitmap Index Scan on k_5  (cost=0.00..5.45 rows=102 width=0)
	        Index Cond: ((k >= 5028008) AND (k <= 5028108))

table 6 : explain SELECT k, c FROM sbtest6 WHERE k BETWEEN 5028008 AND 5028108
	Bitmap Heap Scan on sbtest6  (cost=5.40..377.55 rows=94 width=125)
	  Recheck Cond: ((k >= 5028008) AND (k <= 5028108))
	  ->  Bitmap Index Scan on k_6  (cost=0.00..5.38 rows=94 width=0)
	        Index Cond: ((k >= 5028008) AND (k <= 5028108))

table 7 : explain SELECT k, c FROM sbtest7 WHERE k BETWEEN 5028008 AND 5028108
	Bitmap Heap Scan on sbtest7  (cost=5.53..428.75 rows=107 width=125)
	  Recheck Cond: ((k >= 5028008) AND (k <= 5028108))
	  ->  Bitmap Index Scan on k_7  (cost=0.00..5.50 rows=107 width=0)
	        Index Cond: ((k >= 5028008) AND (k <= 5028108))

table 8 : explain SELECT k, c FROM sbtest8 WHERE k BETWEEN 5028008 AND 5028108
	Bitmap Heap Scan on sbtest8  (cost=5.52..424.81 rows=106 width=125)
	  Recheck Cond: ((k >= 5028008) AND (k <= 5028108))
	  ->  Bitmap Index Scan on k_8  (cost=0.00..5.50 rows=106 width=0)
	        Index Cond: ((k >= 5028008) AND (k <= 5028108))

for range-notcovered
table 1 : explain SELECT k, c FROM sbtest1 WHERE k BETWEEN 2255920 AND 2256020
	Bitmap Heap Scan on sbtest1  (cost=5.43..389.37 rows=97 width=125)
	  Recheck Cond: ((k >= 2255920) AND (k <= 2256020))
	  ->  Bitmap Index Scan on k_1  (cost=0.00..5.40 rows=97 width=0)
	        Index Cond: ((k >= 2255920) AND (k <= 2256020))

table 2 : explain SELECT k, c FROM sbtest2 WHERE k BETWEEN 2255920 AND 2256020
	Bitmap Heap Scan on sbtest2  (cost=5.55..436.62 rows=109 width=125)
	  Recheck Cond: ((k >= 2255920) AND (k <= 2256020))
	  ->  Bitmap Index Scan on k_2  (cost=0.00..5.52 rows=109 width=0)
	        Index Cond: ((k >= 2255920) AND (k <= 2256020))

table 3 : explain SELECT k, c FROM sbtest3 WHERE k BETWEEN 2255920 AND 2256020
	Bitmap Heap Scan on sbtest3  (cost=5.54..432.69 rows=108 width=125)
	  Recheck Cond: ((k >= 2255920) AND (k <= 2256020))
	  ->  Bitmap Index Scan on k_3  (cost=0.00..5.51 rows=108 width=0)
	        Index Cond: ((k >= 2255920) AND (k <= 2256020))

table 4 : explain SELECT k, c FROM sbtest4 WHERE k BETWEEN 2255920 AND 2256020
	Bitmap Heap Scan on sbtest4  (cost=5.52..424.81 rows=106 width=125)
	  Recheck Cond: ((k >= 2255920) AND (k <= 2256020))
	  ->  Bitmap Index Scan on k_4  (cost=0.00..5.50 rows=106 width=0)
	        Index Cond: ((k >= 2255920) AND (k <= 2256020))

table 5 : explain SELECT k, c FROM sbtest5 WHERE k BETWEEN 2255920 AND 2256020
	Bitmap Heap Scan on sbtest5  (cost=5.43..389.37 rows=97 width=125)
	  Recheck Cond: ((k >= 2255920) AND (k <= 2256020))
	  ->  Bitmap Index Scan on k_5  (cost=0.00..5.40 rows=97 width=0)
	        Index Cond: ((k >= 2255920) AND (k <= 2256020))

table 6 : explain SELECT k, c FROM sbtest6 WHERE k BETWEEN 2255920 AND 2256020
	Bitmap Heap Scan on sbtest6  (cost=5.43..389.37 rows=97 width=125)
	  Recheck Cond: ((k >= 2255920) AND (k <= 2256020))
	  ->  Bitmap Index Scan on k_6  (cost=0.00..5.40 rows=97 width=0)
	        Index Cond: ((k >= 2255920) AND (k <= 2256020))

table 7 : explain SELECT k, c FROM sbtest7 WHERE k BETWEEN 2255920 AND 2256020
	Bitmap Heap Scan on sbtest7  (cost=5.48..409.07 rows=102 width=125)
	  Recheck Cond: ((k >= 2255920) AND (k <= 2256020))
	  ->  Bitmap Index Scan on k_7  (cost=0.00..5.45 rows=102 width=0)
	        Index Cond: ((k >= 2255920) AND (k <= 2256020))

table 8 : explain SELECT k, c FROM sbtest8 WHERE k BETWEEN 2255920 AND 2256020
	Bitmap Heap Scan on sbtest8  (cost=5.45..397.25 rows=99 width=125)
	  Recheck Cond: ((k >= 2255920) AND (k <= 2256020))
	  ->  Bitmap Index Scan on k_8  (cost=0.00..5.42 rows=99 width=0)
	        Index Cond: ((k >= 2255920) AND (k <= 2256020))

explain: for range-notcovered :: explain SELECT k, c FROM sbtest%d WHERE k BETWEEN 5028008 AND 5028108
for range-notcovered
table 1 : explain SELECT k, c FROM sbtest1 WHERE k BETWEEN 4426734 AND 4426834
	Bitmap Heap Scan on sbtest1  (cost=5.53..428.75 rows=107 width=125)
	  Recheck Cond: ((k >= 4426734) AND (k <= 4426834))
	  ->  Bitmap Index Scan on k_1  (cost=0.00..5.50 rows=107 width=0)
	        Index Cond: ((k >= 4426734) AND (k <= 4426834))

table 2 : explain SELECT k, c FROM sbtest2 WHERE k BETWEEN 4426734 AND 4426834
	Bitmap Heap Scan on sbtest2  (cost=5.53..428.75 rows=107 width=125)
	  Recheck Cond: ((k >= 4426734) AND (k <= 4426834))
	  ->  Bitmap Index Scan on k_2  (cost=0.00..5.50 rows=107 width=0)
	        Index Cond: ((k >= 4426734) AND (k <= 4426834))

table 3 : explain SELECT k, c FROM sbtest3 WHERE k BETWEEN 4426734 AND 4426834
	Bitmap Heap Scan on sbtest3  (cost=5.37..365.72 rows=91 width=125)
	  Recheck Cond: ((k >= 4426734) AND (k <= 4426834))
	  ->  Bitmap Index Scan on k_3  (cost=0.00..5.34 rows=91 width=0)
	        Index Cond: ((k >= 4426734) AND (k <= 4426834))

table 4 : explain SELECT k, c FROM sbtest4 WHERE k BETWEEN 4426734 AND 4426834
	Bitmap Heap Scan on sbtest4  (cost=5.41..381.49 rows=95 width=125)
	  Recheck Cond: ((k >= 4426734) AND (k <= 4426834))
	  ->  Bitmap Index Scan on k_4  (cost=0.00..5.38 rows=95 width=0)
	        Index Cond: ((k >= 4426734) AND (k <= 4426834))

table 5 : explain SELECT k, c FROM sbtest5 WHERE k BETWEEN 4426734 AND 4426834
	Bitmap Heap Scan on sbtest5  (cost=5.48..409.07 rows=102 width=125)
	  Recheck Cond: ((k >= 4426734) AND (k <= 4426834))
	  ->  Bitmap Index Scan on k_5  (cost=0.00..5.45 rows=102 width=0)
	        Index Cond: ((k >= 4426734) AND (k <= 4426834))

table 6 : explain SELECT k, c FROM sbtest6 WHERE k BETWEEN 4426734 AND 4426834
	Bitmap Heap Scan on sbtest6  (cost=5.62..464.15 rows=116 width=125)
	  Recheck Cond: ((k >= 4426734) AND (k <= 4426834))
	  ->  Bitmap Index Scan on k_6  (cost=0.00..5.59 rows=116 width=0)
	        Index Cond: ((k >= 4426734) AND (k <= 4426834))

table 7 : explain SELECT k, c FROM sbtest7 WHERE k BETWEEN 4426734 AND 4426834
	Bitmap Heap Scan on sbtest7  (cost=5.52..424.81 rows=106 width=125)
	  Recheck Cond: ((k >= 4426734) AND (k <= 4426834))
	  ->  Bitmap Index Scan on k_7  (cost=0.00..5.50 rows=106 width=0)
	        Index Cond: ((k >= 4426734) AND (k <= 4426834))

table 8 : explain SELECT k, c FROM sbtest8 WHERE k BETWEEN 4426734 AND 4426834
	Bitmap Heap Scan on sbtest8  (cost=5.47..405.13 rows=101 width=125)
	  Recheck Cond: ((k >= 4426734) AND (k <= 4426834))
	  ->  Bitmap Index Scan on k_8  (cost=0.00..5.44 rows=101 width=0)
	        Index Cond: ((k >= 4426734) AND (k <= 4426834))

for range-notcovered
table 1 : explain SELECT k, c FROM sbtest1 WHERE k BETWEEN 7908460 AND 7908560
	Bitmap Heap Scan on sbtest1  (cost=5.48..409.07 rows=102 width=125)
	  Recheck Cond: ((k >= 7908460) AND (k <= 7908560))
	  ->  Bitmap Index Scan on k_1  (cost=0.00..5.45 rows=102 width=0)
	        Index Cond: ((k >= 7908460) AND (k <= 7908560))

table 2 : explain SELECT k, c FROM sbtest2 WHERE k BETWEEN 7908460 AND 7908560
	Bitmap Heap Scan on sbtest2  (cost=5.53..428.75 rows=107 width=125)
	  Recheck Cond: ((k >= 7908460) AND (k <= 7908560))
	  ->  Bitmap Index Scan on k_2  (cost=0.00..5.50 rows=107 width=0)
	        Index Cond: ((k >= 7908460) AND (k <= 7908560))

table 3 : explain SELECT k, c FROM sbtest3 WHERE k BETWEEN 7908460 AND 7908560
	Bitmap Heap Scan on sbtest3  (cost=5.48..409.07 rows=102 width=125)
	  Recheck Cond: ((k >= 7908460) AND (k <= 7908560))
	  ->  Bitmap Index Scan on k_3  (cost=0.00..5.45 rows=102 width=0)
	        Index Cond: ((k >= 7908460) AND (k <= 7908560))

table 4 : explain SELECT k, c FROM sbtest4 WHERE k BETWEEN 7908460 AND 7908560
	Bitmap Heap Scan on sbtest4  (cost=5.48..409.07 rows=102 width=125)
	  Recheck Cond: ((k >= 7908460) AND (k <= 7908560))
	  ->  Bitmap Index Scan on k_4  (cost=0.00..5.45 rows=102 width=0)
	        Index Cond: ((k >= 7908460) AND (k <= 7908560))

table 5 : explain SELECT k, c FROM sbtest5 WHERE k BETWEEN 7908460 AND 7908560
	Bitmap Heap Scan on sbtest5  (cost=5.44..393.31 rows=98 width=125)
	  Recheck Cond: ((k >= 7908460) AND (k <= 7908560))
	  ->  Bitmap Index Scan on k_5  (cost=0.00..5.42 rows=98 width=0)
	        Index Cond: ((k >= 7908460) AND (k <= 7908560))

table 6 : explain SELECT k, c FROM sbtest6 WHERE k BETWEEN 7908460 AND 7908560
	Bitmap Heap Scan on sbtest6  (cost=5.43..389.37 rows=97 width=125)
	  Recheck Cond: ((k >= 7908460) AND (k <= 7908560))
	  ->  Bitmap Index Scan on k_6  (cost=0.00..5.40 rows=97 width=0)
	        Index Cond: ((k >= 7908460) AND (k <= 7908560))

table 7 : explain SELECT k, c FROM sbtest7 WHERE k BETWEEN 7908460 AND 7908560
	Bitmap Heap Scan on sbtest7  (cost=5.45..397.25 rows=99 width=125)
	  Recheck Cond: ((k >= 7908460) AND (k <= 7908560))
	  ->  Bitmap Index Scan on k_7  (cost=0.00..5.42 rows=99 width=0)
	        Index Cond: ((k >= 7908460) AND (k <= 7908560))

table 8 : explain SELECT k, c FROM sbtest8 WHERE k BETWEEN 7908460 AND 7908560
	Bitmap Heap Scan on sbtest8  (cost=5.44..393.31 rows=98 width=125)
	  Recheck Cond: ((k >= 7908460) AND (k <= 7908560))
	  ->  Bitmap Index Scan on k_8  (cost=0.00..5.42 rows=98 width=0)
	        Index Cond: ((k >= 7908460) AND (k <= 7908560))

for range-notcovered
table 1 : explain SELECT k, c FROM sbtest1 WHERE k BETWEEN 2669832 AND 2669932
	Bitmap Heap Scan on sbtest1  (cost=5.54..432.69 rows=108 width=125)
	  Recheck Cond: ((k >= 2669832) AND (k <= 2669932))
	  ->  Bitmap Index Scan on k_1  (cost=0.00..5.51 rows=108 width=0)
	        Index Cond: ((k >= 2669832) AND (k <= 2669932))

table 2 : explain SELECT k, c FROM sbtest2 WHERE k BETWEEN 2669832 AND 2669932
	Bitmap Heap Scan on sbtest2  (cost=5.45..397.25 rows=99 width=125)
	  Recheck Cond: ((k >= 2669832) AND (k <= 2669932))
	  ->  Bitmap Index Scan on k_2  (cost=0.00..5.42 rows=99 width=0)
	        Index Cond: ((k >= 2669832) AND (k <= 2669932))

table 3 : explain SELECT k, c FROM sbtest3 WHERE k BETWEEN 2669832 AND 2669932
	Bitmap Heap Scan on sbtest3  (cost=5.41..381.49 rows=95 width=125)
	  Recheck Cond: ((k >= 2669832) AND (k <= 2669932))
	  ->  Bitmap Index Scan on k_3  (cost=0.00..5.38 rows=95 width=0)
	        Index Cond: ((k >= 2669832) AND (k <= 2669932))

table 4 : explain SELECT k, c FROM sbtest4 WHERE k BETWEEN 2669832 AND 2669932
	Bitmap Heap Scan on sbtest4  (cost=5.44..393.31 rows=98 width=125)
	  Recheck Cond: ((k >= 2669832) AND (k <= 2669932))
	  ->  Bitmap Index Scan on k_4  (cost=0.00..5.42 rows=98 width=0)
	        Index Cond: ((k >= 2669832) AND (k <= 2669932))

table 5 : explain SELECT k, c FROM sbtest5 WHERE k BETWEEN 2669832 AND 2669932
	Bitmap Heap Scan on sbtest5  (cost=5.43..389.37 rows=97 width=125)
	  Recheck Cond: ((k >= 2669832) AND (k <= 2669932))
	  ->  Bitmap Index Scan on k_5  (cost=0.00..5.40 rows=97 width=0)
	        Index Cond: ((k >= 2669832) AND (k <= 2669932))

table 6 : explain SELECT k, c FROM sbtest6 WHERE k BETWEEN 2669832 AND 2669932
	Bitmap Heap Scan on sbtest6  (cost=5.47..405.13 rows=101 width=125)
	  Recheck Cond: ((k >= 2669832) AND (k <= 2669932))
	  ->  Bitmap Index Scan on k_6  (cost=0.00..5.44 rows=101 width=0)
	        Index Cond: ((k >= 2669832) AND (k <= 2669932))

table 7 : explain SELECT k, c FROM sbtest7 WHERE k BETWEEN 2669832 AND 2669932
	Bitmap Heap Scan on sbtest7  (cost=5.51..420.88 rows=105 width=125)
	  Recheck Cond: ((k >= 2669832) AND (k <= 2669932))
	  ->  Bitmap Index Scan on k_7  (cost=0.00..5.48 rows=105 width=0)
	        Index Cond: ((k >= 2669832) AND (k <= 2669932))

table 8 : explain SELECT k, c FROM sbtest8 WHERE k BETWEEN 2669832 AND 2669932
	Bitmap Heap Scan on sbtest8  (cost=5.46..401.19 rows=100 width=125)
	  Recheck Cond: ((k >= 2669832) AND (k <= 2669932))
	  ->  Bitmap Index Scan on k_8  (cost=0.00..5.43 rows=100 width=0)
	        Index Cond: ((k >= 2669832) AND (k <= 2669932))

explain: for range-notcovered :: explain SELECT k, c FROM sbtest%d WHERE k BETWEEN 6947593 AND 6947693
explain: for range-notcovered :: explain SELECT k, c FROM sbtest%d WHERE k BETWEEN 4646032 AND 4646132
explain: for range-notcovered :: explain SELECT k, c FROM sbtest%d WHERE k BETWEEN 2669832 AND 2669932
for range-notcovered
table 1 : explain SELECT k, c FROM sbtest1 WHERE k BETWEEN 976638 AND 976738
	Bitmap Heap Scan on sbtest1  (cost=5.51..420.88 rows=105 width=125)
	  Recheck Cond: ((k >= 976638) AND (k <= 976738))
	  ->  Bitmap Index Scan on k_1  (cost=0.00..5.48 rows=105 width=0)
	        Index Cond: ((k >= 976638) AND (k <= 976738))

table 2 : explain SELECT k, c FROM sbtest2 WHERE k BETWEEN 976638 AND 976738
	Bitmap Heap Scan on sbtest2  (cost=5.52..424.81 rows=106 width=125)
	  Recheck Cond: ((k >= 976638) AND (k <= 976738))
	  ->  Bitmap Index Scan on k_2  (cost=0.00..5.50 rows=106 width=0)
	        Index Cond: ((k >= 976638) AND (k <= 976738))

table 3 : explain SELECT k, c FROM sbtest3 WHERE k BETWEEN 976638 AND 976738
	Bitmap Heap Scan on sbtest3  (cost=5.48..409.07 rows=102 width=125)
	  Recheck Cond: ((k >= 976638) AND (k <= 976738))
	  ->  Bitmap Index Scan on k_3  (cost=0.00..5.45 rows=102 width=0)
	        Index Cond: ((k >= 976638) AND (k <= 976738))

table 4 : explain SELECT k, c FROM sbtest4 WHERE k BETWEEN 976638 AND 976738
	Bitmap Heap Scan on sbtest4  (cost=5.49..413.00 rows=103 width=125)
	  Recheck Cond: ((k >= 976638) AND (k <= 976738))
	  ->  Bitmap Index Scan on k_4  (cost=0.00..5.46 rows=103 width=0)
	        Index Cond: ((k >= 976638) AND (k <= 976738))

table 5 : explain SELECT k, c FROM sbtest5 WHERE k BETWEEN 976638 AND 976738
	Bitmap Heap Scan on sbtest5  (cost=5.50..416.94 rows=104 width=125)
	  Recheck Cond: ((k >= 976638) AND (k <= 976738))
	  ->  Bitmap Index Scan on k_5  (cost=0.00..5.47 rows=104 width=0)
	        Index Cond: ((k >= 976638) AND (k <= 976738))

table 6 : explain SELECT k, c FROM sbtest6 WHERE k BETWEEN 976638 AND 976738
	Bitmap Heap Scan on sbtest6  (cost=5.62..464.15 rows=116 width=125)
	  Recheck Cond: ((k >= 976638) AND (k <= 976738))
	  ->  Bitmap Index Scan on k_6  (cost=0.00..5.59 rows=116 width=0)
	        Index Cond: ((k >= 976638) AND (k <= 976738))

table 7 : explain SELECT k, c FROM sbtest7 WHERE k BETWEEN 976638 AND 976738
	Bitmap Heap Scan on sbtest7  (cost=5.58..448.42 rows=112 width=125)
	  Recheck Cond: ((k >= 976638) AND (k <= 976738))
	  ->  Bitmap Index Scan on k_7  (cost=0.00..5.55 rows=112 width=0)
	        Index Cond: ((k >= 976638) AND (k <= 976738))

table 8 : explain SELECT k, c FROM sbtest8 WHERE k BETWEEN 976638 AND 976738
	Bitmap Heap Scan on sbtest8  (cost=5.45..397.25 rows=99 width=125)
	  Recheck Cond: ((k >= 976638) AND (k <= 976738))
	  ->  Bitmap Index Scan on k_8  (cost=0.00..5.42 rows=99 width=0)
	        Index Cond: ((k >= 976638) AND (k <= 976738))

explain: for range-notcovered :: explain SELECT k, c FROM sbtest%d WHERE k BETWEEN 7908460 AND 7908560
explain: for range-notcovered :: explain SELECT k, c FROM sbtest%d WHERE k BETWEEN 1200448 AND 1200548
explain: for range-notcovered :: explain SELECT k, c FROM sbtest%d WHERE k BETWEEN 8346016 AND 8346116
for range-notcovered
table 1 : explain SELECT k, c FROM sbtest1 WHERE k BETWEEN 2669832 AND 2669932
	Bitmap Heap Scan on sbtest1  (cost=5.54..432.69 rows=108 width=125)
	  Recheck Cond: ((k >= 2669832) AND (k <= 2669932))
	  ->  Bitmap Index Scan on k_1  (cost=0.00..5.51 rows=108 width=0)
	        Index Cond: ((k >= 2669832) AND (k <= 2669932))

table 2 : explain SELECT k, c FROM sbtest2 WHERE k BETWEEN 2669832 AND 2669932
	Bitmap Heap Scan on sbtest2  (cost=5.45..397.25 rows=99 width=125)
	  Recheck Cond: ((k >= 2669832) AND (k <= 2669932))
	  ->  Bitmap Index Scan on k_2  (cost=0.00..5.42 rows=99 width=0)
	        Index Cond: ((k >= 2669832) AND (k <= 2669932))

table 3 : explain SELECT k, c FROM sbtest3 WHERE k BETWEEN 2669832 AND 2669932
	Bitmap Heap Scan on sbtest3  (cost=5.41..381.49 rows=95 width=125)
	  Recheck Cond: ((k >= 2669832) AND (k <= 2669932))
	  ->  Bitmap Index Scan on k_3  (cost=0.00..5.38 rows=95 width=0)
	        Index Cond: ((k >= 2669832) AND (k <= 2669932))

table 4 : explain SELECT k, c FROM sbtest4 WHERE k BETWEEN 2669832 AND 2669932
	Bitmap Heap Scan on sbtest4  (cost=5.44..393.31 rows=98 width=125)
	  Recheck Cond: ((k >= 2669832) AND (k <= 2669932))
	  ->  Bitmap Index Scan on k_4  (cost=0.00..5.42 rows=98 width=0)
	        Index Cond: ((k >= 2669832) AND (k <= 2669932))

table 5 : explain SELECT k, c FROM sbtest5 WHERE k BETWEEN 2669832 AND 2669932
	Bitmap Heap Scan on sbtest5  (cost=5.43..389.37 rows=97 width=125)
	  Recheck Cond: ((k >= 2669832) AND (k <= 2669932))
	  ->  Bitmap Index Scan on k_5  (cost=0.00..5.40 rows=97 width=0)
	        Index Cond: ((k >= 2669832) AND (k <= 2669932))

table 6 : explain SELECT k, c FROM sbtest6 WHERE k BETWEEN 2669832 AND 2669932
	Bitmap Heap Scan on sbtest6  (cost=5.47..405.13 rows=101 width=125)
	  Recheck Cond: ((k >= 2669832) AND (k <= 2669932))
	  ->  Bitmap Index Scan on k_6  (cost=0.00..5.44 rows=101 width=0)
	        Index Cond: ((k >= 2669832) AND (k <= 2669932))

table 7 : explain SELECT k, c FROM sbtest7 WHERE k BETWEEN 2669832 AND 2669932
	Bitmap Heap Scan on sbtest7  (cost=5.51..420.88 rows=105 width=125)
	  Recheck Cond: ((k >= 2669832) AND (k <= 2669932))
	  ->  Bitmap Index Scan on k_7  (cost=0.00..5.48 rows=105 width=0)
	        Index Cond: ((k >= 2669832) AND (k <= 2669932))

table 8 : explain SELECT k, c FROM sbtest8 WHERE k BETWEEN 2669832 AND 2669932
	Bitmap Heap Scan on sbtest8  (cost=5.46..401.19 rows=100 width=125)
	  Recheck Cond: ((k >= 2669832) AND (k <= 2669932))
	  ->  Bitmap Index Scan on k_8  (cost=0.00..5.43 rows=100 width=0)
	        Index Cond: ((k >= 2669832) AND (k <= 2669932))

explain: for range-notcovered :: explain SELECT k, c FROM sbtest%d WHERE k BETWEEN 2669832 AND 2669932
explain: for range-notcovered :: explain SELECT k, c FROM sbtest%d WHERE k BETWEEN 7570628 AND 7570728
for range-notcovered
table 1 : explain SELECT k, c FROM sbtest1 WHERE k BETWEEN 2193534 AND 2193634
	Bitmap Heap Scan on sbtest1  (cost=5.44..393.31 rows=98 width=125)
	  Recheck Cond: ((k >= 2193534) AND (k <= 2193634))
	  ->  Bitmap Index Scan on k_1  (cost=0.00..5.42 rows=98 width=0)
	        Index Cond: ((k >= 2193534) AND (k <= 2193634))

table 2 : explain SELECT k, c FROM sbtest2 WHERE k BETWEEN 2193534 AND 2193634
	Bitmap Heap Scan on sbtest2  (cost=5.44..393.31 rows=98 width=125)
	  Recheck Cond: ((k >= 2193534) AND (k <= 2193634))
	  ->  Bitmap Index Scan on k_2  (cost=0.00..5.42 rows=98 width=0)
	        Index Cond: ((k >= 2193534) AND (k <= 2193634))

table 3 : explain SELECT k, c FROM sbtest3 WHERE k BETWEEN 2193534 AND 2193634
	Bitmap Heap Scan on sbtest3  (cost=5.57..444.49 rows=111 width=125)
	  Recheck Cond: ((k >= 2193534) AND (k <= 2193634))
	  ->  Bitmap Index Scan on k_3  (cost=0.00..5.54 rows=111 width=0)
	        Index Cond: ((k >= 2193534) AND (k <= 2193634))

table 4 : explain SELECT k, c FROM sbtest4 WHERE k BETWEEN 2193534 AND 2193634
	Bitmap Heap Scan on sbtest4  (cost=5.41..381.49 rows=95 width=125)
	  Recheck Cond: ((k >= 2193534) AND (k <= 2193634))
	  ->  Bitmap Index Scan on k_4  (cost=0.00..5.38 rows=95 width=0)
	        Index Cond: ((k >= 2193534) AND (k <= 2193634))

table 5 : explain SELECT k, c FROM sbtest5 WHERE k BETWEEN 2193534 AND 2193634
	Bitmap Heap Scan on sbtest5  (cost=5.43..389.37 rows=97 width=125)
	  Recheck Cond: ((k >= 2193534) AND (k <= 2193634))
	  ->  Bitmap Index Scan on k_5  (cost=0.00..5.40 rows=97 width=0)
	        Index Cond: ((k >= 2193534) AND (k <= 2193634))

table 6 : explain SELECT k, c FROM sbtest6 WHERE k BETWEEN 2193534 AND 2193634
	Bitmap Heap Scan on sbtest6  (cost=5.51..420.88 rows=105 width=125)
	  Recheck Cond: ((k >= 2193534) AND (k <= 2193634))
	  ->  Bitmap Index Scan on k_6  (cost=0.00..5.48 rows=105 width=0)
	        Index Cond: ((k >= 2193534) AND (k <= 2193634))

table 7 : explain SELECT k, c FROM sbtest7 WHERE k BETWEEN 2193534 AND 2193634
	Bitmap Heap Scan on sbtest7  (cost=5.49..413.00 rows=103 width=125)
	  Recheck Cond: ((k >= 2193534) AND (k <= 2193634))
	  ->  Bitmap Index Scan on k_7  (cost=0.00..5.46 rows=103 width=0)
	        Index Cond: ((k >= 2193534) AND (k <= 2193634))

table 8 : explain SELECT k, c FROM sbtest8 WHERE k BETWEEN 2193534 AND 2193634
	Bitmap Heap Scan on sbtest8  (cost=5.52..424.81 rows=106 width=125)
	  Recheck Cond: ((k >= 2193534) AND (k <= 2193634))
	  ->  Bitmap Index Scan on k_8  (cost=0.00..5.50 rows=106 width=0)
	        Index Cond: ((k >= 2193534) AND (k <= 2193634))

explain: for range-notcovered :: explain SELECT k, c FROM sbtest%d WHERE k BETWEEN 2193534 AND 2193634
for range-notcovered
table 1 : explain SELECT k, c FROM sbtest1 WHERE k BETWEEN 7908460 AND 7908560
	Bitmap Heap Scan on sbtest1  (cost=5.48..409.07 rows=102 width=125)
	  Recheck Cond: ((k >= 7908460) AND (k <= 7908560))
	  ->  Bitmap Index Scan on k_1  (cost=0.00..5.45 rows=102 width=0)
	        Index Cond: ((k >= 7908460) AND (k <= 7908560))

table 2 : explain SELECT k, c FROM sbtest2 WHERE k BETWEEN 7908460 AND 7908560
	Bitmap Heap Scan on sbtest2  (cost=5.53..428.75 rows=107 width=125)
	  Recheck Cond: ((k >= 7908460) AND (k <= 7908560))
	  ->  Bitmap Index Scan on k_2  (cost=0.00..5.50 rows=107 width=0)
	        Index Cond: ((k >= 7908460) AND (k <= 7908560))

table 3 : explain SELECT k, c FROM sbtest3 WHERE k BETWEEN 7908460 AND 7908560
	Bitmap Heap Scan on sbtest3  (cost=5.48..409.07 rows=102 width=125)
	  Recheck Cond: ((k >= 7908460) AND (k <= 7908560))
	  ->  Bitmap Index Scan on k_3  (cost=0.00..5.45 rows=102 width=0)
	        Index Cond: ((k >= 7908460) AND (k <= 7908560))

table 4 : explain SELECT k, c FROM sbtest4 WHERE k BETWEEN 7908460 AND 7908560
	Bitmap Heap Scan on sbtest4  (cost=5.48..409.07 rows=102 width=125)
	  Recheck Cond: ((k >= 7908460) AND (k <= 7908560))
	  ->  Bitmap Index Scan on k_4  (cost=0.00..5.45 rows=102 width=0)
	        Index Cond: ((k >= 7908460) AND (k <= 7908560))

table 5 : explain SELECT k, c FROM sbtest5 WHERE k BETWEEN 7908460 AND 7908560
	Bitmap Heap Scan on sbtest5  (cost=5.44..393.31 rows=98 width=125)
	  Recheck Cond: ((k >= 7908460) AND (k <= 7908560))
	  ->  Bitmap Index Scan on k_5  (cost=0.00..5.42 rows=98 width=0)
	        Index Cond: ((k >= 7908460) AND (k <= 7908560))

table 6 : explain SELECT k, c FROM sbtest6 WHERE k BETWEEN 7908460 AND 7908560
	Bitmap Heap Scan on sbtest6  (cost=5.43..389.37 rows=97 width=125)
	  Recheck Cond: ((k >= 7908460) AND (k <= 7908560))
	  ->  Bitmap Index Scan on k_6  (cost=0.00..5.40 rows=97 width=0)
	        Index Cond: ((k >= 7908460) AND (k <= 7908560))

table 7 : explain SELECT k, c FROM sbtest7 WHERE k BETWEEN 7908460 AND 7908560
	Bitmap Heap Scan on sbtest7  (cost=5.45..397.25 rows=99 width=125)
	  Recheck Cond: ((k >= 7908460) AND (k <= 7908560))
	  ->  Bitmap Index Scan on k_7  (cost=0.00..5.42 rows=99 width=0)
	        Index Cond: ((k >= 7908460) AND (k <= 7908560))

table 8 : explain SELECT k, c FROM sbtest8 WHERE k BETWEEN 7908460 AND 7908560
	Bitmap Heap Scan on sbtest8  (cost=5.44..393.31 rows=98 width=125)
	  Recheck Cond: ((k >= 7908460) AND (k <= 7908560))
	  ->  Bitmap Index Scan on k_8  (cost=0.00..5.42 rows=98 width=0)
	        Index Cond: ((k >= 7908460) AND (k <= 7908560))

explain: for range-notcovered :: explain SELECT k, c FROM sbtest%d WHERE k BETWEEN 7908460 AND 7908560
for range-notcovered
table 1 : explain SELECT k, c FROM sbtest1 WHERE k BETWEEN 5028008 AND 5028108
	Bitmap Heap Scan on sbtest1  (cost=5.57..444.49 rows=111 width=125)
	  Recheck Cond: ((k >= 5028008) AND (k <= 5028108))
	  ->  Bitmap Index Scan on k_1  (cost=0.00..5.54 rows=111 width=0)
	        Index Cond: ((k >= 5028008) AND (k <= 5028108))

table 2 : explain SELECT k, c FROM sbtest2 WHERE k BETWEEN 5028008 AND 5028108
	Bitmap Heap Scan on sbtest2  (cost=5.48..409.07 rows=102 width=125)
	  Recheck Cond: ((k >= 5028008) AND (k <= 5028108))
	  ->  Bitmap Index Scan on k_2  (cost=0.00..5.45 rows=102 width=0)
	        Index Cond: ((k >= 5028008) AND (k <= 5028108))

table 3 : explain SELECT k, c FROM sbtest3 WHERE k BETWEEN 5028008 AND 5028108
	Bitmap Heap Scan on sbtest3  (cost=5.49..413.00 rows=103 width=125)
	  Recheck Cond: ((k >= 5028008) AND (k <= 5028108))
	  ->  Bitmap Index Scan on k_3  (cost=0.00..5.46 rows=103 width=0)
	        Index Cond: ((k >= 5028008) AND (k <= 5028108))

table 4 : explain SELECT k, c FROM sbtest4 WHERE k BETWEEN 5028008 AND 5028108
	Bitmap Heap Scan on sbtest4  (cost=5.50..416.94 rows=104 width=125)
	  Recheck Cond: ((k >= 5028008) AND (k <= 5028108))
	  ->  Bitmap Index Scan on k_4  (cost=0.00..5.47 rows=104 width=0)
	        Index Cond: ((k >= 5028008) AND (k <= 5028108))

table 5 : explain SELECT k, c FROM sbtest5 WHERE k BETWEEN 5028008 AND 5028108
	Bitmap Heap Scan on sbtest5  (cost=5.48..409.07 rows=102 width=125)
	  Recheck Cond: ((k >= 5028008) AND (k <= 5028108))
	  ->  Bitmap Index Scan on k_5  (cost=0.00..5.45 rows=102 width=0)
	        Index Cond: ((k >= 5028008) AND (k <= 5028108))

table 6 : explain SELECT k, c FROM sbtest6 WHERE k BETWEEN 5028008 AND 5028108
	Bitmap Heap Scan on sbtest6  (cost=5.40..377.55 rows=94 width=125)
	  Recheck Cond: ((k >= 5028008) AND (k <= 5028108))
	  ->  Bitmap Index Scan on k_6  (cost=0.00..5.38 rows=94 width=0)
	        Index Cond: ((k >= 5028008) AND (k <= 5028108))

table 7 : explain SELECT k, c FROM sbtest7 WHERE k BETWEEN 5028008 AND 5028108
	Bitmap Heap Scan on sbtest7  (cost=5.53..428.75 rows=107 width=125)
	  Recheck Cond: ((k >= 5028008) AND (k <= 5028108))
	  ->  Bitmap Index Scan on k_7  (cost=0.00..5.50 rows=107 width=0)
	        Index Cond: ((k >= 5028008) AND (k <= 5028108))

table 8 : explain SELECT k, c FROM sbtest8 WHERE k BETWEEN 5028008 AND 5028108
	Bitmap Heap Scan on sbtest8  (cost=5.52..424.81 rows=106 width=125)
	  Recheck Cond: ((k >= 5028008) AND (k <= 5028108))
	  ->  Bitmap Index Scan on k_8  (cost=0.00..5.50 rows=106 width=0)
	        Index Cond: ((k >= 5028008) AND (k <= 5028108))

for range-notcovered
table 1 : explain SELECT k, c FROM sbtest1 WHERE k BETWEEN 2669832 AND 2669932
	Bitmap Heap Scan on sbtest1  (cost=5.54..432.69 rows=108 width=125)
	  Recheck Cond: ((k >= 2669832) AND (k <= 2669932))
	  ->  Bitmap Index Scan on k_1  (cost=0.00..5.51 rows=108 width=0)
	        Index Cond: ((k >= 2669832) AND (k <= 2669932))

table 2 : explain SELECT k, c FROM sbtest2 WHERE k BETWEEN 2669832 AND 2669932
	Bitmap Heap Scan on sbtest2  (cost=5.45..397.25 rows=99 width=125)
	  Recheck Cond: ((k >= 2669832) AND (k <= 2669932))
	  ->  Bitmap Index Scan on k_2  (cost=0.00..5.42 rows=99 width=0)
	        Index Cond: ((k >= 2669832) AND (k <= 2669932))

table 3 : explain SELECT k, c FROM sbtest3 WHERE k BETWEEN 2669832 AND 2669932
	Bitmap Heap Scan on sbtest3  (cost=5.41..381.49 rows=95 width=125)
	  Recheck Cond: ((k >= 2669832) AND (k <= 2669932))
	  ->  Bitmap Index Scan on k_3  (cost=0.00..5.38 rows=95 width=0)
	        Index Cond: ((k >= 2669832) AND (k <= 2669932))

table 4 : explain SELECT k, c FROM sbtest4 WHERE k BETWEEN 2669832 AND 2669932
	Bitmap Heap Scan on sbtest4  (cost=5.44..393.31 rows=98 width=125)
	  Recheck Cond: ((k >= 2669832) AND (k <= 2669932))
	  ->  Bitmap Index Scan on k_4  (cost=0.00..5.42 rows=98 width=0)
	        Index Cond: ((k >= 2669832) AND (k <= 2669932))

table 5 : explain SELECT k, c FROM sbtest5 WHERE k BETWEEN 2669832 AND 2669932
	Bitmap Heap Scan on sbtest5  (cost=5.43..389.37 rows=97 width=125)
	  Recheck Cond: ((k >= 2669832) AND (k <= 2669932))
	  ->  Bitmap Index Scan on k_5  (cost=0.00..5.40 rows=97 width=0)
	        Index Cond: ((k >= 2669832) AND (k <= 2669932))

table 6 : explain SELECT k, c FROM sbtest6 WHERE k BETWEEN 2669832 AND 2669932
	Bitmap Heap Scan on sbtest6  (cost=5.47..405.13 rows=101 width=125)
	  Recheck Cond: ((k >= 2669832) AND (k <= 2669932))
	  ->  Bitmap Index Scan on k_6  (cost=0.00..5.44 rows=101 width=0)
	        Index Cond: ((k >= 2669832) AND (k <= 2669932))

table 7 : explain SELECT k, c FROM sbtest7 WHERE k BETWEEN 2669832 AND 2669932
	Bitmap Heap Scan on sbtest7  (cost=5.51..420.88 rows=105 width=125)
	  Recheck Cond: ((k >= 2669832) AND (k <= 2669932))
	  ->  Bitmap Index Scan on k_7  (cost=0.00..5.48 rows=105 width=0)
	        Index Cond: ((k >= 2669832) AND (k <= 2669932))

table 8 : explain SELECT k, c FROM sbtest8 WHERE k BETWEEN 2669832 AND 2669932
	Bitmap Heap Scan on sbtest8  (cost=5.46..401.19 rows=100 width=125)
	  Recheck Cond: ((k >= 2669832) AND (k <= 2669932))
	  ->  Bitmap Index Scan on k_8  (cost=0.00..5.43 rows=100 width=0)
	        Index Cond: ((k >= 2669832) AND (k <= 2669932))

for range-notcovered
table 1 : explain SELECT k, c FROM sbtest1 WHERE k BETWEEN 2193534 AND 2193634
	Bitmap Heap Scan on sbtest1  (cost=5.44..393.31 rows=98 width=125)
	  Recheck Cond: ((k >= 2193534) AND (k <= 2193634))
	  ->  Bitmap Index Scan on k_1  (cost=0.00..5.42 rows=98 width=0)
	        Index Cond: ((k >= 2193534) AND (k <= 2193634))

table 2 : explain SELECT k, c FROM sbtest2 WHERE k BETWEEN 2193534 AND 2193634
	Bitmap Heap Scan on sbtest2  (cost=5.44..393.31 rows=98 width=125)
	  Recheck Cond: ((k >= 2193534) AND (k <= 2193634))
	  ->  Bitmap Index Scan on k_2  (cost=0.00..5.42 rows=98 width=0)
	        Index Cond: ((k >= 2193534) AND (k <= 2193634))

table 3 : explain SELECT k, c FROM sbtest3 WHERE k BETWEEN 2193534 AND 2193634
	Bitmap Heap Scan on sbtest3  (cost=5.57..444.49 rows=111 width=125)
	  Recheck Cond: ((k >= 2193534) AND (k <= 2193634))
	  ->  Bitmap Index Scan on k_3  (cost=0.00..5.54 rows=111 width=0)
	        Index Cond: ((k >= 2193534) AND (k <= 2193634))

table 4 : explain SELECT k, c FROM sbtest4 WHERE k BETWEEN 2193534 AND 2193634
	Bitmap Heap Scan on sbtest4  (cost=5.41..381.49 rows=95 width=125)
	  Recheck Cond: ((k >= 2193534) AND (k <= 2193634))
	  ->  Bitmap Index Scan on k_4  (cost=0.00..5.38 rows=95 width=0)
	        Index Cond: ((k >= 2193534) AND (k <= 2193634))

table 5 : explain SELECT k, c FROM sbtest5 WHERE k BETWEEN 2193534 AND 2193634
	Bitmap Heap Scan on sbtest5  (cost=5.43..389.37 rows=97 width=125)
	  Recheck Cond: ((k >= 2193534) AND (k <= 2193634))
	  ->  Bitmap Index Scan on k_5  (cost=0.00..5.40 rows=97 width=0)
	        Index Cond: ((k >= 2193534) AND (k <= 2193634))

table 6 : explain SELECT k, c FROM sbtest6 WHERE k BETWEEN 2193534 AND 2193634
	Bitmap Heap Scan on sbtest6  (cost=5.51..420.88 rows=105 width=125)
	  Recheck Cond: ((k >= 2193534) AND (k <= 2193634))
	  ->  Bitmap Index Scan on k_6  (cost=0.00..5.48 rows=105 width=0)
	        Index Cond: ((k >= 2193534) AND (k <= 2193634))

table 7 : explain SELECT k, c FROM sbtest7 WHERE k BETWEEN 2193534 AND 2193634
	Bitmap Heap Scan on sbtest7  (cost=5.49..413.00 rows=103 width=125)
	  Recheck Cond: ((k >= 2193534) AND (k <= 2193634))
	  ->  Bitmap Index Scan on k_7  (cost=0.00..5.46 rows=103 width=0)
	        Index Cond: ((k >= 2193534) AND (k <= 2193634))

table 8 : explain SELECT k, c FROM sbtest8 WHERE k BETWEEN 2193534 AND 2193634
	Bitmap Heap Scan on sbtest8  (cost=5.52..424.81 rows=106 width=125)
	  Recheck Cond: ((k >= 2193534) AND (k <= 2193634))
	  ->  Bitmap Index Scan on k_8  (cost=0.00..5.50 rows=106 width=0)
	        Index Cond: ((k >= 2193534) AND (k <= 2193634))

for range-notcovered
table 1 : explain SELECT k, c FROM sbtest1 WHERE k BETWEEN 7908460 AND 7908560
	Bitmap Heap Scan on sbtest1  (cost=5.48..409.07 rows=102 width=125)
	  Recheck Cond: ((k >= 7908460) AND (k <= 7908560))
	  ->  Bitmap Index Scan on k_1  (cost=0.00..5.45 rows=102 width=0)
	        Index Cond: ((k >= 7908460) AND (k <= 7908560))

table 2 : explain SELECT k, c FROM sbtest2 WHERE k BETWEEN 7908460 AND 7908560
	Bitmap Heap Scan on sbtest2  (cost=5.53..428.75 rows=107 width=125)
	  Recheck Cond: ((k >= 7908460) AND (k <= 7908560))
	  ->  Bitmap Index Scan on k_2  (cost=0.00..5.50 rows=107 width=0)
	        Index Cond: ((k >= 7908460) AND (k <= 7908560))

table 3 : explain SELECT k, c FROM sbtest3 WHERE k BETWEEN 7908460 AND 7908560
	Bitmap Heap Scan on sbtest3  (cost=5.48..409.07 rows=102 width=125)
	  Recheck Cond: ((k >= 7908460) AND (k <= 7908560))
	  ->  Bitmap Index Scan on k_3  (cost=0.00..5.45 rows=102 width=0)
	        Index Cond: ((k >= 7908460) AND (k <= 7908560))

table 4 : explain SELECT k, c FROM sbtest4 WHERE k BETWEEN 7908460 AND 7908560
	Bitmap Heap Scan on sbtest4  (cost=5.48..409.07 rows=102 width=125)
	  Recheck Cond: ((k >= 7908460) AND (k <= 7908560))
	  ->  Bitmap Index Scan on k_4  (cost=0.00..5.45 rows=102 width=0)
	        Index Cond: ((k >= 7908460) AND (k <= 7908560))

table 5 : explain SELECT k, c FROM sbtest5 WHERE k BETWEEN 7908460 AND 7908560
	Bitmap Heap Scan on sbtest5  (cost=5.44..393.31 rows=98 width=125)
	  Recheck Cond: ((k >= 7908460) AND (k <= 7908560))
	  ->  Bitmap Index Scan on k_5  (cost=0.00..5.42 rows=98 width=0)
	        Index Cond: ((k >= 7908460) AND (k <= 7908560))

table 6 : explain SELECT k, c FROM sbtest6 WHERE k BETWEEN 7908460 AND 7908560
	Bitmap Heap Scan on sbtest6  (cost=5.43..389.37 rows=97 width=125)
	  Recheck Cond: ((k >= 7908460) AND (k <= 7908560))
	  ->  Bitmap Index Scan on k_6  (cost=0.00..5.40 rows=97 width=0)
	        Index Cond: ((k >= 7908460) AND (k <= 7908560))

table 7 : explain SELECT k, c FROM sbtest7 WHERE k BETWEEN 7908460 AND 7908560
	Bitmap Heap Scan on sbtest7  (cost=5.45..397.25 rows=99 width=125)
	  Recheck Cond: ((k >= 7908460) AND (k <= 7908560))
	  ->  Bitmap Index Scan on k_7  (cost=0.00..5.42 rows=99 width=0)
	        Index Cond: ((k >= 7908460) AND (k <= 7908560))

table 8 : explain SELECT k, c FROM sbtest8 WHERE k BETWEEN 7908460 AND 7908560
	Bitmap Heap Scan on sbtest8  (cost=5.44..393.31 rows=98 width=125)
	  Recheck Cond: ((k >= 7908460) AND (k <= 7908560))
	  ->  Bitmap Index Scan on k_8  (cost=0.00..5.42 rows=98 width=0)
	        Index Cond: ((k >= 7908460) AND (k <= 7908560))

explain: for range-notcovered :: explain SELECT k, c FROM sbtest%d WHERE k BETWEEN 2193534 AND 2193634
explain: for range-notcovered :: explain SELECT k, c FROM sbtest%d WHERE k BETWEEN 7908460 AND 7908560
for range-notcovered
table 1 : explain SELECT k, c FROM sbtest1 WHERE k BETWEEN 8307397 AND 8307497
	Bitmap Heap Scan on sbtest1  (cost=5.43..389.37 rows=97 width=125)
	  Recheck Cond: ((k >= 8307397) AND (k <= 8307497))
	  ->  Bitmap Index Scan on k_1  (cost=0.00..5.40 rows=97 width=0)
	        Index Cond: ((k >= 8307397) AND (k <= 8307497))

table 2 : explain SELECT k, c FROM sbtest2 WHERE k BETWEEN 8307397 AND 8307497
	Bitmap Heap Scan on sbtest2  (cost=5.51..420.88 rows=105 width=125)
	  Recheck Cond: ((k >= 8307397) AND (k <= 8307497))
	  ->  Bitmap Index Scan on k_2  (cost=0.00..5.48 rows=105 width=0)
	        Index Cond: ((k >= 8307397) AND (k <= 8307497))

table 3 : explain SELECT k, c FROM sbtest3 WHERE k BETWEEN 8307397 AND 8307497
	Bitmap Heap Scan on sbtest3  (cost=5.53..428.75 rows=107 width=125)
	  Recheck Cond: ((k >= 8307397) AND (k <= 8307497))
	  ->  Bitmap Index Scan on k_3  (cost=0.00..5.50 rows=107 width=0)
	        Index Cond: ((k >= 8307397) AND (k <= 8307497))

table 4 : explain SELECT k, c FROM sbtest4 WHERE k BETWEEN 8307397 AND 8307497
	Bitmap Heap Scan on sbtest4  (cost=5.54..432.69 rows=108 width=125)
	  Recheck Cond: ((k >= 8307397) AND (k <= 8307497))
	  ->  Bitmap Index Scan on k_4  (cost=0.00..5.51 rows=108 width=0)
	        Index Cond: ((k >= 8307397) AND (k <= 8307497))

table 5 : explain SELECT k, c FROM sbtest5 WHERE k BETWEEN 8307397 AND 8307497
	Bitmap Heap Scan on sbtest5  (cost=5.43..389.37 rows=97 width=125)
	  Recheck Cond: ((k >= 8307397) AND (k <= 8307497))
	  ->  Bitmap Index Scan on k_5  (cost=0.00..5.40 rows=97 width=0)
	        Index Cond: ((k >= 8307397) AND (k <= 8307497))

table 6 : explain SELECT k, c FROM sbtest6 WHERE k BETWEEN 8307397 AND 8307497
	Bitmap Heap Scan on sbtest6  (cost=5.44..393.31 rows=98 width=125)
	  Recheck Cond: ((k >= 8307397) AND (k <= 8307497))
	  ->  Bitmap Index Scan on k_6  (cost=0.00..5.42 rows=98 width=0)
	        Index Cond: ((k >= 8307397) AND (k <= 8307497))

table 7 : explain SELECT k, c FROM sbtest7 WHERE k BETWEEN 8307397 AND 8307497
	Bitmap Heap Scan on sbtest7  (cost=5.35..357.84 rows=89 width=125)
	  Recheck Cond: ((k >= 8307397) AND (k <= 8307497))
	  ->  Bitmap Index Scan on k_7  (cost=0.00..5.32 rows=89 width=0)
	        Index Cond: ((k >= 8307397) AND (k <= 8307497))

table 8 : explain SELECT k, c FROM sbtest8 WHERE k BETWEEN 8307397 AND 8307497
	Bitmap Heap Scan on sbtest8  (cost=5.38..369.67 rows=92 width=125)
	  Recheck Cond: ((k >= 8307397) AND (k <= 8307497))
	  ->  Bitmap Index Scan on k_8  (cost=0.00..5.35 rows=92 width=0)
	        Index Cond: ((k >= 8307397) AND (k <= 8307497))

for range-notcovered
table 1 : explain SELECT k, c FROM sbtest1 WHERE k BETWEEN 2193534 AND 2193634
	Bitmap Heap Scan on sbtest1  (cost=5.44..393.31 rows=98 width=125)
	  Recheck Cond: ((k >= 2193534) AND (k <= 2193634))
	  ->  Bitmap Index Scan on k_1  (cost=0.00..5.42 rows=98 width=0)
	        Index Cond: ((k >= 2193534) AND (k <= 2193634))

table 2 : explain SELECT k, c FROM sbtest2 WHERE k BETWEEN 2193534 AND 2193634
	Bitmap Heap Scan on sbtest2  (cost=5.44..393.31 rows=98 width=125)
	  Recheck Cond: ((k >= 2193534) AND (k <= 2193634))
	  ->  Bitmap Index Scan on k_2  (cost=0.00..5.42 rows=98 width=0)
	        Index Cond: ((k >= 2193534) AND (k <= 2193634))

table 3 : explain SELECT k, c FROM sbtest3 WHERE k BETWEEN 2193534 AND 2193634
	Bitmap Heap Scan on sbtest3  (cost=5.57..444.49 rows=111 width=125)
	  Recheck Cond: ((k >= 2193534) AND (k <= 2193634))
	  ->  Bitmap Index Scan on k_3  (cost=0.00..5.54 rows=111 width=0)
	        Index Cond: ((k >= 2193534) AND (k <= 2193634))

table 4 : explain SELECT k, c FROM sbtest4 WHERE k BETWEEN 2193534 AND 2193634
	Bitmap Heap Scan on sbtest4  (cost=5.41..381.49 rows=95 width=125)
	  Recheck Cond: ((k >= 2193534) AND (k <= 2193634))
	  ->  Bitmap Index Scan on k_4  (cost=0.00..5.38 rows=95 width=0)
	        Index Cond: ((k >= 2193534) AND (k <= 2193634))

table 5 : explain SELECT k, c FROM sbtest5 WHERE k BETWEEN 2193534 AND 2193634
	Bitmap Heap Scan on sbtest5  (cost=5.43..389.37 rows=97 width=125)
	  Recheck Cond: ((k >= 2193534) AND (k <= 2193634))
	  ->  Bitmap Index Scan on k_5  (cost=0.00..5.40 rows=97 width=0)
	        Index Cond: ((k >= 2193534) AND (k <= 2193634))

table 6 : explain SELECT k, c FROM sbtest6 WHERE k BETWEEN 2193534 AND 2193634
	Bitmap Heap Scan on sbtest6  (cost=5.51..420.88 rows=105 width=125)
	  Recheck Cond: ((k >= 2193534) AND (k <= 2193634))
	  ->  Bitmap Index Scan on k_6  (cost=0.00..5.48 rows=105 width=0)
	        Index Cond: ((k >= 2193534) AND (k <= 2193634))

table 7 : explain SELECT k, c FROM sbtest7 WHERE k BETWEEN 2193534 AND 2193634
	Bitmap Heap Scan on sbtest7  (cost=5.49..413.00 rows=103 width=125)
	  Recheck Cond: ((k >= 2193534) AND (k <= 2193634))
	  ->  Bitmap Index Scan on k_7  (cost=0.00..5.46 rows=103 width=0)
	        Index Cond: ((k >= 2193534) AND (k <= 2193634))

table 8 : explain SELECT k, c FROM sbtest8 WHERE k BETWEEN 2193534 AND 2193634
	Bitmap Heap Scan on sbtest8  (cost=5.52..424.81 rows=106 width=125)
	  Recheck Cond: ((k >= 2193534) AND (k <= 2193634))
	  ->  Bitmap Index Scan on k_8  (cost=0.00..5.50 rows=106 width=0)
	        Index Cond: ((k >= 2193534) AND (k <= 2193634))

explain: for range-notcovered :: explain SELECT k, c FROM sbtest%d WHERE k BETWEEN 2193534 AND 2193634
for range-notcovered
table 1 : explain SELECT k, c FROM sbtest1 WHERE k BETWEEN 7908460 AND 7908560
	Bitmap Heap Scan on sbtest1  (cost=5.48..409.07 rows=102 width=125)
	  Recheck Cond: ((k >= 7908460) AND (k <= 7908560))
	  ->  Bitmap Index Scan on k_1  (cost=0.00..5.45 rows=102 width=0)
	        Index Cond: ((k >= 7908460) AND (k <= 7908560))

table 2 : explain SELECT k, c FROM sbtest2 WHERE k BETWEEN 7908460 AND 7908560
	Bitmap Heap Scan on sbtest2  (cost=5.53..428.75 rows=107 width=125)
	  Recheck Cond: ((k >= 7908460) AND (k <= 7908560))
	  ->  Bitmap Index Scan on k_2  (cost=0.00..5.50 rows=107 width=0)
	        Index Cond: ((k >= 7908460) AND (k <= 7908560))

table 3 : explain SELECT k, c FROM sbtest3 WHERE k BETWEEN 7908460 AND 7908560
	Bitmap Heap Scan on sbtest3  (cost=5.48..409.07 rows=102 width=125)
	  Recheck Cond: ((k >= 7908460) AND (k <= 7908560))
	  ->  Bitmap Index Scan on k_3  (cost=0.00..5.45 rows=102 width=0)
	        Index Cond: ((k >= 7908460) AND (k <= 7908560))

table 4 : explain SELECT k, c FROM sbtest4 WHERE k BETWEEN 7908460 AND 7908560
	Bitmap Heap Scan on sbtest4  (cost=5.48..409.07 rows=102 width=125)
	  Recheck Cond: ((k >= 7908460) AND (k <= 7908560))
	  ->  Bitmap Index Scan on k_4  (cost=0.00..5.45 rows=102 width=0)
	        Index Cond: ((k >= 7908460) AND (k <= 7908560))

table 5 : explain SELECT k, c FROM sbtest5 WHERE k BETWEEN 7908460 AND 7908560
	Bitmap Heap Scan on sbtest5  (cost=5.44..393.31 rows=98 width=125)
	  Recheck Cond: ((k >= 7908460) AND (k <= 7908560))
	  ->  Bitmap Index Scan on k_5  (cost=0.00..5.42 rows=98 width=0)
	        Index Cond: ((k >= 7908460) AND (k <= 7908560))

table 6 : explain SELECT k, c FROM sbtest6 WHERE k BETWEEN 7908460 AND 7908560
	Bitmap Heap Scan on sbtest6  (cost=5.43..389.37 rows=97 width=125)
	  Recheck Cond: ((k >= 7908460) AND (k <= 7908560))
	  ->  Bitmap Index Scan on k_6  (cost=0.00..5.40 rows=97 width=0)
	        Index Cond: ((k >= 7908460) AND (k <= 7908560))

table 7 : explain SELECT k, c FROM sbtest7 WHERE k BETWEEN 7908460 AND 7908560
	Bitmap Heap Scan on sbtest7  (cost=5.45..397.25 rows=99 width=125)
	  Recheck Cond: ((k >= 7908460) AND (k <= 7908560))
	  ->  Bitmap Index Scan on k_7  (cost=0.00..5.42 rows=99 width=0)
	        Index Cond: ((k >= 7908460) AND (k <= 7908560))

table 8 : explain SELECT k, c FROM sbtest8 WHERE k BETWEEN 7908460 AND 7908560
	Bitmap Heap Scan on sbtest8  (cost=5.44..393.31 rows=98 width=125)
	  Recheck Cond: ((k >= 7908460) AND (k <= 7908560))
	  ->  Bitmap Index Scan on k_8  (cost=0.00..5.42 rows=98 width=0)
	        Index Cond: ((k >= 7908460) AND (k <= 7908560))

for range-notcovered
table 1 : explain SELECT k, c FROM sbtest1 WHERE k BETWEEN 6578497 AND 6578597
	Bitmap Heap Scan on sbtest1  (cost=5.43..389.37 rows=97 width=125)
	  Recheck Cond: ((k >= 6578497) AND (k <= 6578597))
	  ->  Bitmap Index Scan on k_1  (cost=0.00..5.40 rows=97 width=0)
	        Index Cond: ((k >= 6578497) AND (k <= 6578597))

table 2 : explain SELECT k, c FROM sbtest2 WHERE k BETWEEN 6578497 AND 6578597
	Bitmap Heap Scan on sbtest2  (cost=5.44..393.31 rows=98 width=125)
	  Recheck Cond: ((k >= 6578497) AND (k <= 6578597))
	  ->  Bitmap Index Scan on k_2  (cost=0.00..5.42 rows=98 width=0)
	        Index Cond: ((k >= 6578497) AND (k <= 6578597))

table 3 : explain SELECT k, c FROM sbtest3 WHERE k BETWEEN 6578497 AND 6578597
	Bitmap Heap Scan on sbtest3  (cost=5.45..397.25 rows=99 width=125)
	  Recheck Cond: ((k >= 6578497) AND (k <= 6578597))
	  ->  Bitmap Index Scan on k_3  (cost=0.00..5.42 rows=99 width=0)
	        Index Cond: ((k >= 6578497) AND (k <= 6578597))

table 4 : explain SELECT k, c FROM sbtest4 WHERE k BETWEEN 6578497 AND 6578597
	Bitmap Heap Scan on sbtest4  (cost=5.53..428.75 rows=107 width=125)
	  Recheck Cond: ((k >= 6578497) AND (k <= 6578597))
	  ->  Bitmap Index Scan on k_4  (cost=0.00..5.50 rows=107 width=0)
	        Index Cond: ((k >= 6578497) AND (k <= 6578597))

table 5 : explain SELECT k, c FROM sbtest5 WHERE k BETWEEN 6578497 AND 6578597
	Bitmap Heap Scan on sbtest5  (cost=5.51..420.88 rows=105 width=125)
	  Recheck Cond: ((k >= 6578497) AND (k <= 6578597))
	  ->  Bitmap Index Scan on k_5  (cost=0.00..5.48 rows=105 width=0)
	        Index Cond: ((k >= 6578497) AND (k <= 6578597))

table 6 : explain SELECT k, c FROM sbtest6 WHERE k BETWEEN 6578497 AND 6578597
	Bitmap Heap Scan on sbtest6  (cost=5.49..413.00 rows=103 width=125)
	  Recheck Cond: ((k >= 6578497) AND (k <= 6578597))
	  ->  Bitmap Index Scan on k_6  (cost=0.00..5.46 rows=103 width=0)
	        Index Cond: ((k >= 6578497) AND (k <= 6578597))

table 7 : explain SELECT k, c FROM sbtest7 WHERE k BETWEEN 6578497 AND 6578597
	Bitmap Heap Scan on sbtest7  (cost=5.50..416.94 rows=104 width=125)
	  Recheck Cond: ((k >= 6578497) AND (k <= 6578597))
	  ->  Bitmap Index Scan on k_7  (cost=0.00..5.47 rows=104 width=0)
	        Index Cond: ((k >= 6578497) AND (k <= 6578597))

table 8 : explain SELECT k, c FROM sbtest8 WHERE k BETWEEN 6578497 AND 6578597
	Bitmap Heap Scan on sbtest8  (cost=5.48..409.07 rows=102 width=125)
	  Recheck Cond: ((k >= 6578497) AND (k <= 6578597))
	  ->  Bitmap Index Scan on k_8  (cost=0.00..5.45 rows=102 width=0)
	        Index Cond: ((k >= 6578497) AND (k <= 6578597))

explain: for range-notcovered :: explain SELECT k, c FROM sbtest%d WHERE k BETWEEN 7908460 AND 7908560
explain: for range-notcovered :: explain SELECT k, c FROM sbtest%d WHERE k BETWEEN 6578497 AND 6578597
explain: for range-notcovered :: explain SELECT k, c FROM sbtest%d WHERE k BETWEEN 6235265 AND 6235365
explain: for range-notcovered :: explain SELECT k, c FROM sbtest%d WHERE k BETWEEN 8307397 AND 8307497
for range-notcovered
table 1 : explain SELECT k, c FROM sbtest1 WHERE k BETWEEN 6947593 AND 6947693
	Bitmap Heap Scan on sbtest1  (cost=5.39..373.61 rows=93 width=125)
	  Recheck Cond: ((k >= 6947593) AND (k <= 6947693))
	  ->  Bitmap Index Scan on k_1  (cost=0.00..5.36 rows=93 width=0)
	        Index Cond: ((k >= 6947593) AND (k <= 6947693))

table 2 : explain SELECT k, c FROM sbtest2 WHERE k BETWEEN 6947593 AND 6947693
	Bitmap Heap Scan on sbtest2  (cost=5.49..413.00 rows=103 width=125)
	  Recheck Cond: ((k >= 6947593) AND (k <= 6947693))
	  ->  Bitmap Index Scan on k_2  (cost=0.00..5.46 rows=103 width=0)
	        Index Cond: ((k >= 6947593) AND (k <= 6947693))

table 3 : explain SELECT k, c FROM sbtest3 WHERE k BETWEEN 6947593 AND 6947693
	Bitmap Heap Scan on sbtest3  (cost=5.43..389.37 rows=97 width=125)
	  Recheck Cond: ((k >= 6947593) AND (k <= 6947693))
	  ->  Bitmap Index Scan on k_3  (cost=0.00..5.40 rows=97 width=0)
	        Index Cond: ((k >= 6947593) AND (k <= 6947693))

table 4 : explain SELECT k, c FROM sbtest4 WHERE k BETWEEN 6947593 AND 6947693
	Bitmap Heap Scan on sbtest4  (cost=5.46..401.19 rows=100 width=125)
	  Recheck Cond: ((k >= 6947593) AND (k <= 6947693))
	  ->  Bitmap Index Scan on k_4  (cost=0.00..5.43 rows=100 width=0)
	        Index Cond: ((k >= 6947593) AND (k <= 6947693))

table 5 : explain SELECT k, c FROM sbtest5 WHERE k BETWEEN 6947593 AND 6947693
	Bitmap Heap Scan on sbtest5  (cost=5.52..424.81 rows=106 width=125)
	  Recheck Cond: ((k >= 6947593) AND (k <= 6947693))
	  ->  Bitmap Index Scan on k_5  (cost=0.00..5.50 rows=106 width=0)
	        Index Cond: ((k >= 6947593) AND (k <= 6947693))

table 6 : explain SELECT k, c FROM sbtest6 WHERE k BETWEEN 6947593 AND 6947693
	Bitmap Heap Scan on sbtest6  (cost=5.47..405.13 rows=101 width=125)
	  Recheck Cond: ((k >= 6947593) AND (k <= 6947693))
	  ->  Bitmap Index Scan on k_6  (cost=0.00..5.44 rows=101 width=0)
	        Index Cond: ((k >= 6947593) AND (k <= 6947693))

table 7 : explain SELECT k, c FROM sbtest7 WHERE k BETWEEN 6947593 AND 6947693
	Bitmap Heap Scan on sbtest7  (cost=5.53..428.75 rows=107 width=125)
	  Recheck Cond: ((k >= 6947593) AND (k <= 6947693))
	  ->  Bitmap Index Scan on k_7  (cost=0.00..5.50 rows=107 width=0)
	        Index Cond: ((k >= 6947593) AND (k <= 6947693))

table 8 : explain SELECT k, c FROM sbtest8 WHERE k BETWEEN 6947593 AND 6947693
	Bitmap Heap Scan on sbtest8  (cost=5.51..420.88 rows=105 width=125)
	  Recheck Cond: ((k >= 6947593) AND (k <= 6947693))
	  ->  Bitmap Index Scan on k_8  (cost=0.00..5.48 rows=105 width=0)
	        Index Cond: ((k >= 6947593) AND (k <= 6947693))

explain: for range-notcovered :: explain SELECT k, c FROM sbtest%d WHERE k BETWEEN 6947593 AND 6947693
for range-notcovered
table 1 : explain SELECT k, c FROM sbtest1 WHERE k BETWEEN 7056351 AND 7056451
	Bitmap Heap Scan on sbtest1  (cost=5.49..413.00 rows=103 width=125)
	  Recheck Cond: ((k >= 7056351) AND (k <= 7056451))
	  ->  Bitmap Index Scan on k_1  (cost=0.00..5.46 rows=103 width=0)
	        Index Cond: ((k >= 7056351) AND (k <= 7056451))

table 2 : explain SELECT k, c FROM sbtest2 WHERE k BETWEEN 7056351 AND 7056451
	Bitmap Heap Scan on sbtest2  (cost=5.48..409.07 rows=102 width=125)
	  Recheck Cond: ((k >= 7056351) AND (k <= 7056451))
	  ->  Bitmap Index Scan on k_2  (cost=0.00..5.45 rows=102 width=0)
	        Index Cond: ((k >= 7056351) AND (k <= 7056451))

table 3 : explain SELECT k, c FROM sbtest3 WHERE k BETWEEN 7056351 AND 7056451
	Bitmap Heap Scan on sbtest3  (cost=5.58..448.42 rows=112 width=125)
	  Recheck Cond: ((k >= 7056351) AND (k <= 7056451))
	  ->  Bitmap Index Scan on k_3  (cost=0.00..5.55 rows=112 width=0)
	        Index Cond: ((k >= 7056351) AND (k <= 7056451))

table 4 : explain SELECT k, c FROM sbtest4 WHERE k BETWEEN 7056351 AND 7056451
	Bitmap Heap Scan on sbtest4  (cost=5.47..405.13 rows=101 width=125)
	  Recheck Cond: ((k >= 7056351) AND (k <= 7056451))
	  ->  Bitmap Index Scan on k_4  (cost=0.00..5.44 rows=101 width=0)
	        Index Cond: ((k >= 7056351) AND (k <= 7056451))

table 5 : explain SELECT k, c FROM sbtest5 WHERE k BETWEEN 7056351 AND 7056451
	Bitmap Heap Scan on sbtest5  (cost=5.43..389.37 rows=97 width=125)
	  Recheck Cond: ((k >= 7056351) AND (k <= 7056451))
	  ->  Bitmap Index Scan on k_5  (cost=0.00..5.40 rows=97 width=0)
	        Index Cond: ((k >= 7056351) AND (k <= 7056451))

table 6 : explain SELECT k, c FROM sbtest6 WHERE k BETWEEN 7056351 AND 7056451
	Bitmap Heap Scan on sbtest6  (cost=5.48..409.07 rows=102 width=125)
	  Recheck Cond: ((k >= 7056351) AND (k <= 7056451))
	  ->  Bitmap Index Scan on k_6  (cost=0.00..5.45 rows=102 width=0)
	        Index Cond: ((k >= 7056351) AND (k <= 7056451))

table 7 : explain SELECT k, c FROM sbtest7 WHERE k BETWEEN 7056351 AND 7056451
	Bitmap Heap Scan on sbtest7  (cost=5.54..432.69 rows=108 width=125)
	  Recheck Cond: ((k >= 7056351) AND (k <= 7056451))
	  ->  Bitmap Index Scan on k_7  (cost=0.00..5.51 rows=108 width=0)
	        Index Cond: ((k >= 7056351) AND (k <= 7056451))

table 8 : explain SELECT k, c FROM sbtest8 WHERE k BETWEEN 7056351 AND 7056451
	Bitmap Heap Scan on sbtest8  (cost=5.45..397.25 rows=99 width=125)
	  Recheck Cond: ((k >= 7056351) AND (k <= 7056451))
	  ->  Bitmap Index Scan on k_8  (cost=0.00..5.42 rows=99 width=0)
	        Index Cond: ((k >= 7056351) AND (k <= 7056451))

for range-notcovered
table 1 : explain SELECT k, c FROM sbtest1 WHERE k BETWEEN 2193534 AND 2193634
	Bitmap Heap Scan on sbtest1  (cost=5.44..393.31 rows=98 width=125)
	  Recheck Cond: ((k >= 2193534) AND (k <= 2193634))
	  ->  Bitmap Index Scan on k_1  (cost=0.00..5.42 rows=98 width=0)
	        Index Cond: ((k >= 2193534) AND (k <= 2193634))

table 2 : explain SELECT k, c FROM sbtest2 WHERE k BETWEEN 2193534 AND 2193634
	Bitmap Heap Scan on sbtest2  (cost=5.44..393.31 rows=98 width=125)
	  Recheck Cond: ((k >= 2193534) AND (k <= 2193634))
	  ->  Bitmap Index Scan on k_2  (cost=0.00..5.42 rows=98 width=0)
	        Index Cond: ((k >= 2193534) AND (k <= 2193634))

table 3 : explain SELECT k, c FROM sbtest3 WHERE k BETWEEN 2193534 AND 2193634
	Bitmap Heap Scan on sbtest3  (cost=5.57..444.49 rows=111 width=125)
	  Recheck Cond: ((k >= 2193534) AND (k <= 2193634))
	  ->  Bitmap Index Scan on k_3  (cost=0.00..5.54 rows=111 width=0)
	        Index Cond: ((k >= 2193534) AND (k <= 2193634))

table 4 : explain SELECT k, c FROM sbtest4 WHERE k BETWEEN 2193534 AND 2193634
	Bitmap Heap Scan on sbtest4  (cost=5.41..381.49 rows=95 width=125)
	  Recheck Cond: ((k >= 2193534) AND (k <= 2193634))
	  ->  Bitmap Index Scan on k_4  (cost=0.00..5.38 rows=95 width=0)
	        Index Cond: ((k >= 2193534) AND (k <= 2193634))

table 5 : explain SELECT k, c FROM sbtest5 WHERE k BETWEEN 2193534 AND 2193634
	Bitmap Heap Scan on sbtest5  (cost=5.43..389.37 rows=97 width=125)
	  Recheck Cond: ((k >= 2193534) AND (k <= 2193634))
	  ->  Bitmap Index Scan on k_5  (cost=0.00..5.40 rows=97 width=0)
	        Index Cond: ((k >= 2193534) AND (k <= 2193634))

table 6 : explain SELECT k, c FROM sbtest6 WHERE k BETWEEN 2193534 AND 2193634
	Bitmap Heap Scan on sbtest6  (cost=5.51..420.88 rows=105 width=125)
	  Recheck Cond: ((k >= 2193534) AND (k <= 2193634))
	  ->  Bitmap Index Scan on k_6  (cost=0.00..5.48 rows=105 width=0)
	        Index Cond: ((k >= 2193534) AND (k <= 2193634))

table 7 : explain SELECT k, c FROM sbtest7 WHERE k BETWEEN 2193534 AND 2193634
	Bitmap Heap Scan on sbtest7  (cost=5.49..413.00 rows=103 width=125)
	  Recheck Cond: ((k >= 2193534) AND (k <= 2193634))
	  ->  Bitmap Index Scan on k_7  (cost=0.00..5.46 rows=103 width=0)
	        Index Cond: ((k >= 2193534) AND (k <= 2193634))

table 8 : explain SELECT k, c FROM sbtest8 WHERE k BETWEEN 2193534 AND 2193634
	Bitmap Heap Scan on sbtest8  (cost=5.52..424.81 rows=106 width=125)
	  Recheck Cond: ((k >= 2193534) AND (k <= 2193634))
	  ->  Bitmap Index Scan on k_8  (cost=0.00..5.50 rows=106 width=0)
	        Index Cond: ((k >= 2193534) AND (k <= 2193634))

for range-notcovered
table 1 : explain SELECT k, c FROM sbtest1 WHERE k BETWEEN 7908460 AND 7908560
	Bitmap Heap Scan on sbtest1  (cost=5.48..409.07 rows=102 width=125)
	  Recheck Cond: ((k >= 7908460) AND (k <= 7908560))
	  ->  Bitmap Index Scan on k_1  (cost=0.00..5.45 rows=102 width=0)
	        Index Cond: ((k >= 7908460) AND (k <= 7908560))

table 2 : explain SELECT k, c FROM sbtest2 WHERE k BETWEEN 7908460 AND 7908560
	Bitmap Heap Scan on sbtest2  (cost=5.53..428.75 rows=107 width=125)
	  Recheck Cond: ((k >= 7908460) AND (k <= 7908560))
	  ->  Bitmap Index Scan on k_2  (cost=0.00..5.50 rows=107 width=0)
	        Index Cond: ((k >= 7908460) AND (k <= 7908560))

table 3 : explain SELECT k, c FROM sbtest3 WHERE k BETWEEN 7908460 AND 7908560
	Bitmap Heap Scan on sbtest3  (cost=5.48..409.07 rows=102 width=125)
	  Recheck Cond: ((k >= 7908460) AND (k <= 7908560))
	  ->  Bitmap Index Scan on k_3  (cost=0.00..5.45 rows=102 width=0)
	        Index Cond: ((k >= 7908460) AND (k <= 7908560))

table 4 : explain SELECT k, c FROM sbtest4 WHERE k BETWEEN 7908460 AND 7908560
	Bitmap Heap Scan on sbtest4  (cost=5.48..409.07 rows=102 width=125)
	  Recheck Cond: ((k >= 7908460) AND (k <= 7908560))
	  ->  Bitmap Index Scan on k_4  (cost=0.00..5.45 rows=102 width=0)
	        Index Cond: ((k >= 7908460) AND (k <= 7908560))

table 5 : explain SELECT k, c FROM sbtest5 WHERE k BETWEEN 7908460 AND 7908560
	Bitmap Heap Scan on sbtest5  (cost=5.44..393.31 rows=98 width=125)
	  Recheck Cond: ((k >= 7908460) AND (k <= 7908560))
	  ->  Bitmap Index Scan on k_5  (cost=0.00..5.42 rows=98 width=0)
	        Index Cond: ((k >= 7908460) AND (k <= 7908560))

table 6 : explain SELECT k, c FROM sbtest6 WHERE k BETWEEN 7908460 AND 7908560
	Bitmap Heap Scan on sbtest6  (cost=5.43..389.37 rows=97 width=125)
	  Recheck Cond: ((k >= 7908460) AND (k <= 7908560))
	  ->  Bitmap Index Scan on k_6  (cost=0.00..5.40 rows=97 width=0)
	        Index Cond: ((k >= 7908460) AND (k <= 7908560))

table 7 : explain SELECT k, c FROM sbtest7 WHERE k BETWEEN 7908460 AND 7908560
	Bitmap Heap Scan on sbtest7  (cost=5.45..397.25 rows=99 width=125)
	  Recheck Cond: ((k >= 7908460) AND (k <= 7908560))
	  ->  Bitmap Index Scan on k_7  (cost=0.00..5.42 rows=99 width=0)
	        Index Cond: ((k >= 7908460) AND (k <= 7908560))

table 8 : explain SELECT k, c FROM sbtest8 WHERE k BETWEEN 7908460 AND 7908560
	Bitmap Heap Scan on sbtest8  (cost=5.44..393.31 rows=98 width=125)
	  Recheck Cond: ((k >= 7908460) AND (k <= 7908560))
	  ->  Bitmap Index Scan on k_8  (cost=0.00..5.42 rows=98 width=0)
	        Index Cond: ((k >= 7908460) AND (k <= 7908560))

explain: for range-notcovered :: explain SELECT k, c FROM sbtest%d WHERE k BETWEEN 2193534 AND 2193634
for range-notcovered
table 1 : explain SELECT k, c FROM sbtest1 WHERE k BETWEEN 7244199 AND 7244299
	Bitmap Heap Scan on sbtest1  (cost=5.48..409.07 rows=102 width=125)
	  Recheck Cond: ((k >= 7244199) AND (k <= 7244299))
	  ->  Bitmap Index Scan on k_1  (cost=0.00..5.45 rows=102 width=0)
	        Index Cond: ((k >= 7244199) AND (k <= 7244299))

table 2 : explain SELECT k, c FROM sbtest2 WHERE k BETWEEN 7244199 AND 7244299
	Bitmap Heap Scan on sbtest2  (cost=5.49..413.00 rows=103 width=125)
	  Recheck Cond: ((k >= 7244199) AND (k <= 7244299))
	  ->  Bitmap Index Scan on k_2  (cost=0.00..5.46 rows=103 width=0)
	        Index Cond: ((k >= 7244199) AND (k <= 7244299))

table 3 : explain SELECT k, c FROM sbtest3 WHERE k BETWEEN 7244199 AND 7244299
	Bitmap Heap Scan on sbtest3  (cost=5.46..401.19 rows=100 width=125)
	  Recheck Cond: ((k >= 7244199) AND (k <= 7244299))
	  ->  Bitmap Index Scan on k_3  (cost=0.00..5.43 rows=100 width=0)
	        Index Cond: ((k >= 7244199) AND (k <= 7244299))

table 4 : explain SELECT k, c FROM sbtest4 WHERE k BETWEEN 7244199 AND 7244299
	Bitmap Heap Scan on sbtest4  (cost=5.41..381.49 rows=95 width=125)
	  Recheck Cond: ((k >= 7244199) AND (k <= 7244299))
	  ->  Bitmap Index Scan on k_4  (cost=0.00..5.38 rows=95 width=0)
	        Index Cond: ((k >= 7244199) AND (k <= 7244299))

table 5 : explain SELECT k, c FROM sbtest5 WHERE k BETWEEN 7244199 AND 7244299
	Bitmap Heap Scan on sbtest5  (cost=5.47..405.13 rows=101 width=125)
	  Recheck Cond: ((k >= 7244199) AND (k <= 7244299))
	  ->  Bitmap Index Scan on k_5  (cost=0.00..5.44 rows=101 width=0)
	        Index Cond: ((k >= 7244199) AND (k <= 7244299))

table 6 : explain SELECT k, c FROM sbtest6 WHERE k BETWEEN 7244199 AND 7244299
	Bitmap Heap Scan on sbtest6  (cost=5.39..373.61 rows=93 width=125)
	  Recheck Cond: ((k >= 7244199) AND (k <= 7244299))
	  ->  Bitmap Index Scan on k_6  (cost=0.00..5.36 rows=93 width=0)
	        Index Cond: ((k >= 7244199) AND (k <= 7244299))

table 7 : explain SELECT k, c FROM sbtest7 WHERE k BETWEEN 7244199 AND 7244299
	Bitmap Heap Scan on sbtest7  (cost=5.43..389.37 rows=97 width=125)
	  Recheck Cond: ((k >= 7244199) AND (k <= 7244299))
	  ->  Bitmap Index Scan on k_7  (cost=0.00..5.40 rows=97 width=0)
	        Index Cond: ((k >= 7244199) AND (k <= 7244299))

table 8 : explain SELECT k, c FROM sbtest8 WHERE k BETWEEN 7244199 AND 7244299
	Bitmap Heap Scan on sbtest8  (cost=5.47..405.13 rows=101 width=125)
	  Recheck Cond: ((k >= 7244199) AND (k <= 7244299))
	  ->  Bitmap Index Scan on k_8  (cost=0.00..5.44 rows=101 width=0)
	        Index Cond: ((k >= 7244199) AND (k <= 7244299))

explain: for range-notcovered :: explain SELECT k, c FROM sbtest%d WHERE k BETWEEN 7056351 AND 7056451
explain: for range-notcovered :: explain SELECT k, c FROM sbtest%d WHERE k BETWEEN 7244199 AND 7244299
for range-notcovered
table 1 : explain SELECT k, c FROM sbtest1 WHERE k BETWEEN 6947593 AND 6947693
	Bitmap Heap Scan on sbtest1  (cost=5.39..373.61 rows=93 width=125)
	  Recheck Cond: ((k >= 6947593) AND (k <= 6947693))
	  ->  Bitmap Index Scan on k_1  (cost=0.00..5.36 rows=93 width=0)
	        Index Cond: ((k >= 6947593) AND (k <= 6947693))

table 2 : explain SELECT k, c FROM sbtest2 WHERE k BETWEEN 6947593 AND 6947693
	Bitmap Heap Scan on sbtest2  (cost=5.49..413.00 rows=103 width=125)
	  Recheck Cond: ((k >= 6947593) AND (k <= 6947693))
	  ->  Bitmap Index Scan on k_2  (cost=0.00..5.46 rows=103 width=0)
	        Index Cond: ((k >= 6947593) AND (k <= 6947693))

table 3 : explain SELECT k, c FROM sbtest3 WHERE k BETWEEN 6947593 AND 6947693
	Bitmap Heap Scan on sbtest3  (cost=5.43..389.37 rows=97 width=125)
	  Recheck Cond: ((k >= 6947593) AND (k <= 6947693))
	  ->  Bitmap Index Scan on k_3  (cost=0.00..5.40 rows=97 width=0)
	        Index Cond: ((k >= 6947593) AND (k <= 6947693))

table 4 : explain SELECT k, c FROM sbtest4 WHERE k BETWEEN 6947593 AND 6947693
	Bitmap Heap Scan on sbtest4  (cost=5.46..401.19 rows=100 width=125)
	  Recheck Cond: ((k >= 6947593) AND (k <= 6947693))
	  ->  Bitmap Index Scan on k_4  (cost=0.00..5.43 rows=100 width=0)
	        Index Cond: ((k >= 6947593) AND (k <= 6947693))

table 5 : explain SELECT k, c FROM sbtest5 WHERE k BETWEEN 6947593 AND 6947693
	Bitmap Heap Scan on sbtest5  (cost=5.52..424.81 rows=106 width=125)
	  Recheck Cond: ((k >= 6947593) AND (k <= 6947693))
	  ->  Bitmap Index Scan on k_5  (cost=0.00..5.50 rows=106 width=0)
	        Index Cond: ((k >= 6947593) AND (k <= 6947693))

table 6 : explain SELECT k, c FROM sbtest6 WHERE k BETWEEN 6947593 AND 6947693
	Bitmap Heap Scan on sbtest6  (cost=5.47..405.13 rows=101 width=125)
	  Recheck Cond: ((k >= 6947593) AND (k <= 6947693))
	  ->  Bitmap Index Scan on k_6  (cost=0.00..5.44 rows=101 width=0)
	        Index Cond: ((k >= 6947593) AND (k <= 6947693))

table 7 : explain SELECT k, c FROM sbtest7 WHERE k BETWEEN 6947593 AND 6947693
	Bitmap Heap Scan on sbtest7  (cost=5.53..428.75 rows=107 width=125)
	  Recheck Cond: ((k >= 6947593) AND (k <= 6947693))
	  ->  Bitmap Index Scan on k_7  (cost=0.00..5.50 rows=107 width=0)
	        Index Cond: ((k >= 6947593) AND (k <= 6947693))

table 8 : explain SELECT k, c FROM sbtest8 WHERE k BETWEEN 6947593 AND 6947693
	Bitmap Heap Scan on sbtest8  (cost=5.51..420.88 rows=105 width=125)
	  Recheck Cond: ((k >= 6947593) AND (k <= 6947693))
	  ->  Bitmap Index Scan on k_8  (cost=0.00..5.48 rows=105 width=0)
	        Index Cond: ((k >= 6947593) AND (k <= 6947693))

explain: for range-notcovered :: explain SELECT k, c FROM sbtest%d WHERE k BETWEEN 6947593 AND 6947693
for range-notcovered
table 1 : explain SELECT k, c FROM sbtest1 WHERE k BETWEEN 2193534 AND 2193634
	Bitmap Heap Scan on sbtest1  (cost=5.44..393.31 rows=98 width=125)
	  Recheck Cond: ((k >= 2193534) AND (k <= 2193634))
	  ->  Bitmap Index Scan on k_1  (cost=0.00..5.42 rows=98 width=0)
	        Index Cond: ((k >= 2193534) AND (k <= 2193634))

table 2 : explain SELECT k, c FROM sbtest2 WHERE k BETWEEN 2193534 AND 2193634
	Bitmap Heap Scan on sbtest2  (cost=5.44..393.31 rows=98 width=125)
	  Recheck Cond: ((k >= 2193534) AND (k <= 2193634))
	  ->  Bitmap Index Scan on k_2  (cost=0.00..5.42 rows=98 width=0)
	        Index Cond: ((k >= 2193534) AND (k <= 2193634))

table 3 : explain SELECT k, c FROM sbtest3 WHERE k BETWEEN 2193534 AND 2193634
	Bitmap Heap Scan on sbtest3  (cost=5.57..444.49 rows=111 width=125)
	  Recheck Cond: ((k >= 2193534) AND (k <= 2193634))
	  ->  Bitmap Index Scan on k_3  (cost=0.00..5.54 rows=111 width=0)
	        Index Cond: ((k >= 2193534) AND (k <= 2193634))

table 4 : explain SELECT k, c FROM sbtest4 WHERE k BETWEEN 2193534 AND 2193634
	Bitmap Heap Scan on sbtest4  (cost=5.41..381.49 rows=95 width=125)
	  Recheck Cond: ((k >= 2193534) AND (k <= 2193634))
	  ->  Bitmap Index Scan on k_4  (cost=0.00..5.38 rows=95 width=0)
	        Index Cond: ((k >= 2193534) AND (k <= 2193634))

table 5 : explain SELECT k, c FROM sbtest5 WHERE k BETWEEN 2193534 AND 2193634
	Bitmap Heap Scan on sbtest5  (cost=5.43..389.37 rows=97 width=125)
	  Recheck Cond: ((k >= 2193534) AND (k <= 2193634))
	  ->  Bitmap Index Scan on k_5  (cost=0.00..5.40 rows=97 width=0)
	        Index Cond: ((k >= 2193534) AND (k <= 2193634))

table 6 : explain SELECT k, c FROM sbtest6 WHERE k BETWEEN 2193534 AND 2193634
	Bitmap Heap Scan on sbtest6  (cost=5.51..420.88 rows=105 width=125)
	  Recheck Cond: ((k >= 2193534) AND (k <= 2193634))
	  ->  Bitmap Index Scan on k_6  (cost=0.00..5.48 rows=105 width=0)
	        Index Cond: ((k >= 2193534) AND (k <= 2193634))

table 7 : explain SELECT k, c FROM sbtest7 WHERE k BETWEEN 2193534 AND 2193634
	Bitmap Heap Scan on sbtest7  (cost=5.49..413.00 rows=103 width=125)
	  Recheck Cond: ((k >= 2193534) AND (k <= 2193634))
	  ->  Bitmap Index Scan on k_7  (cost=0.00..5.46 rows=103 width=0)
	        Index Cond: ((k >= 2193534) AND (k <= 2193634))

table 8 : explain SELECT k, c FROM sbtest8 WHERE k BETWEEN 2193534 AND 2193634
	Bitmap Heap Scan on sbtest8  (cost=5.52..424.81 rows=106 width=125)
	  Recheck Cond: ((k >= 2193534) AND (k <= 2193634))
	  ->  Bitmap Index Scan on k_8  (cost=0.00..5.50 rows=106 width=0)
	        Index Cond: ((k >= 2193534) AND (k <= 2193634))

explain: for range-notcovered :: explain SELECT k, c FROM sbtest%d WHERE k BETWEEN 2193534 AND 2193634
for range-notcovered
table 1 : explain SELECT k, c FROM sbtest1 WHERE k BETWEEN 6578497 AND 6578597
	Bitmap Heap Scan on sbtest1  (cost=5.43..389.37 rows=97 width=125)
	  Recheck Cond: ((k >= 6578497) AND (k <= 6578597))
	  ->  Bitmap Index Scan on k_1  (cost=0.00..5.40 rows=97 width=0)
	        Index Cond: ((k >= 6578497) AND (k <= 6578597))

table 2 : explain SELECT k, c FROM sbtest2 WHERE k BETWEEN 6578497 AND 6578597
	Bitmap Heap Scan on sbtest2  (cost=5.44..393.31 rows=98 width=125)
	  Recheck Cond: ((k >= 6578497) AND (k <= 6578597))
	  ->  Bitmap Index Scan on k_2  (cost=0.00..5.42 rows=98 width=0)
	        Index Cond: ((k >= 6578497) AND (k <= 6578597))

table 3 : explain SELECT k, c FROM sbtest3 WHERE k BETWEEN 6578497 AND 6578597
	Bitmap Heap Scan on sbtest3  (cost=5.45..397.25 rows=99 width=125)
	  Recheck Cond: ((k >= 6578497) AND (k <= 6578597))
	  ->  Bitmap Index Scan on k_3  (cost=0.00..5.42 rows=99 width=0)
	        Index Cond: ((k >= 6578497) AND (k <= 6578597))

table 4 : explain SELECT k, c FROM sbtest4 WHERE k BETWEEN 6578497 AND 6578597
	Bitmap Heap Scan on sbtest4  (cost=5.53..428.75 rows=107 width=125)
	  Recheck Cond: ((k >= 6578497) AND (k <= 6578597))
	  ->  Bitmap Index Scan on k_4  (cost=0.00..5.50 rows=107 width=0)
	        Index Cond: ((k >= 6578497) AND (k <= 6578597))

table 5 : explain SELECT k, c FROM sbtest5 WHERE k BETWEEN 6578497 AND 6578597
	Bitmap Heap Scan on sbtest5  (cost=5.51..420.88 rows=105 width=125)
	  Recheck Cond: ((k >= 6578497) AND (k <= 6578597))
	  ->  Bitmap Index Scan on k_5  (cost=0.00..5.48 rows=105 width=0)
	        Index Cond: ((k >= 6578497) AND (k <= 6578597))

table 6 : explain SELECT k, c FROM sbtest6 WHERE k BETWEEN 6578497 AND 6578597
	Bitmap Heap Scan on sbtest6  (cost=5.49..413.00 rows=103 width=125)
	  Recheck Cond: ((k >= 6578497) AND (k <= 6578597))
	  ->  Bitmap Index Scan on k_6  (cost=0.00..5.46 rows=103 width=0)
	        Index Cond: ((k >= 6578497) AND (k <= 6578597))

table 7 : explain SELECT k, c FROM sbtest7 WHERE k BETWEEN 6578497 AND 6578597
	Bitmap Heap Scan on sbtest7  (cost=5.50..416.94 rows=104 width=125)
	  Recheck Cond: ((k >= 6578497) AND (k <= 6578597))
	  ->  Bitmap Index Scan on k_7  (cost=0.00..5.47 rows=104 width=0)
	        Index Cond: ((k >= 6578497) AND (k <= 6578597))

table 8 : explain SELECT k, c FROM sbtest8 WHERE k BETWEEN 6578497 AND 6578597
	Bitmap Heap Scan on sbtest8  (cost=5.48..409.07 rows=102 width=125)
	  Recheck Cond: ((k >= 6578497) AND (k <= 6578597))
	  ->  Bitmap Index Scan on k_8  (cost=0.00..5.45 rows=102 width=0)
	        Index Cond: ((k >= 6578497) AND (k <= 6578597))

for range-notcovered
table 1 : explain SELECT k, c FROM sbtest1 WHERE k BETWEEN 8307397 AND 8307497
	Bitmap Heap Scan on sbtest1  (cost=5.43..389.37 rows=97 width=125)
	  Recheck Cond: ((k >= 8307397) AND (k <= 8307497))
	  ->  Bitmap Index Scan on k_1  (cost=0.00..5.40 rows=97 width=0)
	        Index Cond: ((k >= 8307397) AND (k <= 8307497))

table 2 : explain SELECT k, c FROM sbtest2 WHERE k BETWEEN 8307397 AND 8307497
	Bitmap Heap Scan on sbtest2  (cost=5.51..420.88 rows=105 width=125)
	  Recheck Cond: ((k >= 8307397) AND (k <= 8307497))
	  ->  Bitmap Index Scan on k_2  (cost=0.00..5.48 rows=105 width=0)
	        Index Cond: ((k >= 8307397) AND (k <= 8307497))

table 3 : explain SELECT k, c FROM sbtest3 WHERE k BETWEEN 8307397 AND 8307497
	Bitmap Heap Scan on sbtest3  (cost=5.53..428.75 rows=107 width=125)
	  Recheck Cond: ((k >= 8307397) AND (k <= 8307497))
	  ->  Bitmap Index Scan on k_3  (cost=0.00..5.50 rows=107 width=0)
	        Index Cond: ((k >= 8307397) AND (k <= 8307497))

table 4 : explain SELECT k, c FROM sbtest4 WHERE k BETWEEN 8307397 AND 8307497
	Bitmap Heap Scan on sbtest4  (cost=5.54..432.69 rows=108 width=125)
	  Recheck Cond: ((k >= 8307397) AND (k <= 8307497))
	  ->  Bitmap Index Scan on k_4  (cost=0.00..5.51 rows=108 width=0)
	        Index Cond: ((k >= 8307397) AND (k <= 8307497))

table 5 : explain SELECT k, c FROM sbtest5 WHERE k BETWEEN 8307397 AND 8307497
	Bitmap Heap Scan on sbtest5  (cost=5.43..389.37 rows=97 width=125)
	  Recheck Cond: ((k >= 8307397) AND (k <= 8307497))
	  ->  Bitmap Index Scan on k_5  (cost=0.00..5.40 rows=97 width=0)
	        Index Cond: ((k >= 8307397) AND (k <= 8307497))

table 6 : explain SELECT k, c FROM sbtest6 WHERE k BETWEEN 8307397 AND 8307497
	Bitmap Heap Scan on sbtest6  (cost=5.44..393.31 rows=98 width=125)
	  Recheck Cond: ((k >= 8307397) AND (k <= 8307497))
	  ->  Bitmap Index Scan on k_6  (cost=0.00..5.42 rows=98 width=0)
	        Index Cond: ((k >= 8307397) AND (k <= 8307497))

table 7 : explain SELECT k, c FROM sbtest7 WHERE k BETWEEN 8307397 AND 8307497
	Bitmap Heap Scan on sbtest7  (cost=5.35..357.84 rows=89 width=125)
	  Recheck Cond: ((k >= 8307397) AND (k <= 8307497))
	  ->  Bitmap Index Scan on k_7  (cost=0.00..5.32 rows=89 width=0)
	        Index Cond: ((k >= 8307397) AND (k <= 8307497))

table 8 : explain SELECT k, c FROM sbtest8 WHERE k BETWEEN 8307397 AND 8307497
	Bitmap Heap Scan on sbtest8  (cost=5.38..369.67 rows=92 width=125)
	  Recheck Cond: ((k >= 8307397) AND (k <= 8307497))
	  ->  Bitmap Index Scan on k_8  (cost=0.00..5.35 rows=92 width=0)
	        Index Cond: ((k >= 8307397) AND (k <= 8307497))

explain: for range-notcovered :: explain SELECT k, c FROM sbtest%d WHERE k BETWEEN 6578497 AND 6578597
for range-notcovered
table 1 : explain SELECT k, c FROM sbtest1 WHERE k BETWEEN 7570628 AND 7570728
	Bitmap Heap Scan on sbtest1  (cost=5.54..432.69 rows=108 width=125)
	  Recheck Cond: ((k >= 7570628) AND (k <= 7570728))
	  ->  Bitmap Index Scan on k_1  (cost=0.00..5.51 rows=108 width=0)
	        Index Cond: ((k >= 7570628) AND (k <= 7570728))

table 2 : explain SELECT k, c FROM sbtest2 WHERE k BETWEEN 7570628 AND 7570728
	Bitmap Heap Scan on sbtest2  (cost=5.55..436.62 rows=109 width=125)
	  Recheck Cond: ((k >= 7570628) AND (k <= 7570728))
	  ->  Bitmap Index Scan on k_2  (cost=0.00..5.52 rows=109 width=0)
	        Index Cond: ((k >= 7570628) AND (k <= 7570728))

table 3 : explain SELECT k, c FROM sbtest3 WHERE k BETWEEN 7570628 AND 7570728
	Bitmap Heap Scan on sbtest3  (cost=5.52..424.81 rows=106 width=125)
	  Recheck Cond: ((k >= 7570628) AND (k <= 7570728))
	  ->  Bitmap Index Scan on k_3  (cost=0.00..5.50 rows=106 width=0)
	        Index Cond: ((k >= 7570628) AND (k <= 7570728))

table 4 : explain SELECT k, c FROM sbtest4 WHERE k BETWEEN 7570628 AND 7570728
	Bitmap Heap Scan on sbtest4  (cost=5.51..420.88 rows=105 width=125)
	  Recheck Cond: ((k >= 7570628) AND (k <= 7570728))
	  ->  Bitmap Index Scan on k_4  (cost=0.00..5.48 rows=105 width=0)
	        Index Cond: ((k >= 7570628) AND (k <= 7570728))

table 5 : explain SELECT k, c FROM sbtest5 WHERE k BETWEEN 7570628 AND 7570728
	Bitmap Heap Scan on sbtest5  (cost=5.44..393.31 rows=98 width=125)
	  Recheck Cond: ((k >= 7570628) AND (k <= 7570728))
	  ->  Bitmap Index Scan on k_5  (cost=0.00..5.42 rows=98 width=0)
	        Index Cond: ((k >= 7570628) AND (k <= 7570728))

table 6 : explain SELECT k, c FROM sbtest6 WHERE k BETWEEN 7570628 AND 7570728
	Bitmap Heap Scan on sbtest6  (cost=5.49..413.00 rows=103 width=125)
	  Recheck Cond: ((k >= 7570628) AND (k <= 7570728))
	  ->  Bitmap Index Scan on k_6  (cost=0.00..5.46 rows=103 width=0)
	        Index Cond: ((k >= 7570628) AND (k <= 7570728))

table 7 : explain SELECT k, c FROM sbtest7 WHERE k BETWEEN 7570628 AND 7570728
	Bitmap Heap Scan on sbtest7  (cost=5.46..401.19 rows=100 width=125)
	  Recheck Cond: ((k >= 7570628) AND (k <= 7570728))
	  ->  Bitmap Index Scan on k_7  (cost=0.00..5.43 rows=100 width=0)
	        Index Cond: ((k >= 7570628) AND (k <= 7570728))

table 8 : explain SELECT k, c FROM sbtest8 WHERE k BETWEEN 7570628 AND 7570728
	Bitmap Heap Scan on sbtest8  (cost=5.51..420.88 rows=105 width=125)
	  Recheck Cond: ((k >= 7570628) AND (k <= 7570728))
	  ->  Bitmap Index Scan on k_8  (cost=0.00..5.48 rows=105 width=0)
	        Index Cond: ((k >= 7570628) AND (k <= 7570728))

for range-notcovered
table 1 : explain SELECT k, c FROM sbtest1 WHERE k BETWEEN 6947593 AND 6947693
	Bitmap Heap Scan on sbtest1  (cost=5.39..373.61 rows=93 width=125)
	  Recheck Cond: ((k >= 6947593) AND (k <= 6947693))
	  ->  Bitmap Index Scan on k_1  (cost=0.00..5.36 rows=93 width=0)
	        Index Cond: ((k >= 6947593) AND (k <= 6947693))

table 2 : explain SELECT k, c FROM sbtest2 WHERE k BETWEEN 6947593 AND 6947693
	Bitmap Heap Scan on sbtest2  (cost=5.49..413.00 rows=103 width=125)
	  Recheck Cond: ((k >= 6947593) AND (k <= 6947693))
	  ->  Bitmap Index Scan on k_2  (cost=0.00..5.46 rows=103 width=0)
	        Index Cond: ((k >= 6947593) AND (k <= 6947693))

table 3 : explain SELECT k, c FROM sbtest3 WHERE k BETWEEN 6947593 AND 6947693
	Bitmap Heap Scan on sbtest3  (cost=5.43..389.37 rows=97 width=125)
	  Recheck Cond: ((k >= 6947593) AND (k <= 6947693))
	  ->  Bitmap Index Scan on k_3  (cost=0.00..5.40 rows=97 width=0)
	        Index Cond: ((k >= 6947593) AND (k <= 6947693))

table 4 : explain SELECT k, c FROM sbtest4 WHERE k BETWEEN 6947593 AND 6947693
	Bitmap Heap Scan on sbtest4  (cost=5.46..401.19 rows=100 width=125)
	  Recheck Cond: ((k >= 6947593) AND (k <= 6947693))
	  ->  Bitmap Index Scan on k_4  (cost=0.00..5.43 rows=100 width=0)
	        Index Cond: ((k >= 6947593) AND (k <= 6947693))

table 5 : explain SELECT k, c FROM sbtest5 WHERE k BETWEEN 6947593 AND 6947693
	Bitmap Heap Scan on sbtest5  (cost=5.52..424.81 rows=106 width=125)
	  Recheck Cond: ((k >= 6947593) AND (k <= 6947693))
	  ->  Bitmap Index Scan on k_5  (cost=0.00..5.50 rows=106 width=0)
	        Index Cond: ((k >= 6947593) AND (k <= 6947693))

table 6 : explain SELECT k, c FROM sbtest6 WHERE k BETWEEN 6947593 AND 6947693
	Bitmap Heap Scan on sbtest6  (cost=5.47..405.13 rows=101 width=125)
	  Recheck Cond: ((k >= 6947593) AND (k <= 6947693))
	  ->  Bitmap Index Scan on k_6  (cost=0.00..5.44 rows=101 width=0)
	        Index Cond: ((k >= 6947593) AND (k <= 6947693))

table 7 : explain SELECT k, c FROM sbtest7 WHERE k BETWEEN 6947593 AND 6947693
	Bitmap Heap Scan on sbtest7  (cost=5.53..428.75 rows=107 width=125)
	  Recheck Cond: ((k >= 6947593) AND (k <= 6947693))
	  ->  Bitmap Index Scan on k_7  (cost=0.00..5.50 rows=107 width=0)
	        Index Cond: ((k >= 6947593) AND (k <= 6947693))

table 8 : explain SELECT k, c FROM sbtest8 WHERE k BETWEEN 6947593 AND 6947693
	Bitmap Heap Scan on sbtest8  (cost=5.51..420.88 rows=105 width=125)
	  Recheck Cond: ((k >= 6947593) AND (k <= 6947693))
	  ->  Bitmap Index Scan on k_8  (cost=0.00..5.48 rows=105 width=0)
	        Index Cond: ((k >= 6947593) AND (k <= 6947693))

explain: for range-notcovered :: explain SELECT k, c FROM sbtest%d WHERE k BETWEEN 8307397 AND 8307497
explain: for range-notcovered :: explain SELECT k, c FROM sbtest%d WHERE k BETWEEN 7570628 AND 7570728
explain: for range-notcovered :: explain SELECT k, c FROM sbtest%d WHERE k BETWEEN 6947593 AND 6947693
for range-notcovered
table 1 : explain SELECT k, c FROM sbtest1 WHERE k BETWEEN 2193534 AND 2193634
	Bitmap Heap Scan on sbtest1  (cost=5.44..393.31 rows=98 width=125)
	  Recheck Cond: ((k >= 2193534) AND (k <= 2193634))
	  ->  Bitmap Index Scan on k_1  (cost=0.00..5.42 rows=98 width=0)
	        Index Cond: ((k >= 2193534) AND (k <= 2193634))

table 2 : explain SELECT k, c FROM sbtest2 WHERE k BETWEEN 2193534 AND 2193634
	Bitmap Heap Scan on sbtest2  (cost=5.44..393.31 rows=98 width=125)
	  Recheck Cond: ((k >= 2193534) AND (k <= 2193634))
	  ->  Bitmap Index Scan on k_2  (cost=0.00..5.42 rows=98 width=0)
	        Index Cond: ((k >= 2193534) AND (k <= 2193634))

table 3 : explain SELECT k, c FROM sbtest3 WHERE k BETWEEN 2193534 AND 2193634
	Bitmap Heap Scan on sbtest3  (cost=5.57..444.49 rows=111 width=125)
	  Recheck Cond: ((k >= 2193534) AND (k <= 2193634))
	  ->  Bitmap Index Scan on k_3  (cost=0.00..5.54 rows=111 width=0)
	        Index Cond: ((k >= 2193534) AND (k <= 2193634))

table 4 : explain SELECT k, c FROM sbtest4 WHERE k BETWEEN 2193534 AND 2193634
	Bitmap Heap Scan on sbtest4  (cost=5.41..381.49 rows=95 width=125)
	  Recheck Cond: ((k >= 2193534) AND (k <= 2193634))
	  ->  Bitmap Index Scan on k_4  (cost=0.00..5.38 rows=95 width=0)
	        Index Cond: ((k >= 2193534) AND (k <= 2193634))

table 5 : explain SELECT k, c FROM sbtest5 WHERE k BETWEEN 2193534 AND 2193634
	Bitmap Heap Scan on sbtest5  (cost=5.43..389.37 rows=97 width=125)
	  Recheck Cond: ((k >= 2193534) AND (k <= 2193634))
	  ->  Bitmap Index Scan on k_5  (cost=0.00..5.40 rows=97 width=0)
	        Index Cond: ((k >= 2193534) AND (k <= 2193634))

table 6 : explain SELECT k, c FROM sbtest6 WHERE k BETWEEN 2193534 AND 2193634
	Bitmap Heap Scan on sbtest6  (cost=5.51..420.88 rows=105 width=125)
	  Recheck Cond: ((k >= 2193534) AND (k <= 2193634))
	  ->  Bitmap Index Scan on k_6  (cost=0.00..5.48 rows=105 width=0)
	        Index Cond: ((k >= 2193534) AND (k <= 2193634))

table 7 : explain SELECT k, c FROM sbtest7 WHERE k BETWEEN 2193534 AND 2193634
	Bitmap Heap Scan on sbtest7  (cost=5.49..413.00 rows=103 width=125)
	  Recheck Cond: ((k >= 2193534) AND (k <= 2193634))
	  ->  Bitmap Index Scan on k_7  (cost=0.00..5.46 rows=103 width=0)
	        Index Cond: ((k >= 2193534) AND (k <= 2193634))

table 8 : explain SELECT k, c FROM sbtest8 WHERE k BETWEEN 2193534 AND 2193634
	Bitmap Heap Scan on sbtest8  (cost=5.52..424.81 rows=106 width=125)
	  Recheck Cond: ((k >= 2193534) AND (k <= 2193634))
	  ->  Bitmap Index Scan on k_8  (cost=0.00..5.50 rows=106 width=0)
	        Index Cond: ((k >= 2193534) AND (k <= 2193634))

explain: for range-notcovered :: explain SELECT k, c FROM sbtest%d WHERE k BETWEEN 2193534 AND 2193634
for range-notcovered
table 1 : explain SELECT k, c FROM sbtest1 WHERE k BETWEEN 7056351 AND 7056451
	Bitmap Heap Scan on sbtest1  (cost=5.49..413.00 rows=103 width=125)
	  Recheck Cond: ((k >= 7056351) AND (k <= 7056451))
	  ->  Bitmap Index Scan on k_1  (cost=0.00..5.46 rows=103 width=0)
	        Index Cond: ((k >= 7056351) AND (k <= 7056451))

table 2 : explain SELECT k, c FROM sbtest2 WHERE k BETWEEN 7056351 AND 7056451
	Bitmap Heap Scan on sbtest2  (cost=5.48..409.07 rows=102 width=125)
	  Recheck Cond: ((k >= 7056351) AND (k <= 7056451))
	  ->  Bitmap Index Scan on k_2  (cost=0.00..5.45 rows=102 width=0)
	        Index Cond: ((k >= 7056351) AND (k <= 7056451))

table 3 : explain SELECT k, c FROM sbtest3 WHERE k BETWEEN 7056351 AND 7056451
	Bitmap Heap Scan on sbtest3  (cost=5.58..448.42 rows=112 width=125)
	  Recheck Cond: ((k >= 7056351) AND (k <= 7056451))
	  ->  Bitmap Index Scan on k_3  (cost=0.00..5.55 rows=112 width=0)
	        Index Cond: ((k >= 7056351) AND (k <= 7056451))

table 4 : explain SELECT k, c FROM sbtest4 WHERE k BETWEEN 7056351 AND 7056451
	Bitmap Heap Scan on sbtest4  (cost=5.47..405.13 rows=101 width=125)
	  Recheck Cond: ((k >= 7056351) AND (k <= 7056451))
	  ->  Bitmap Index Scan on k_4  (cost=0.00..5.44 rows=101 width=0)
	        Index Cond: ((k >= 7056351) AND (k <= 7056451))

table 5 : explain SELECT k, c FROM sbtest5 WHERE k BETWEEN 7056351 AND 7056451
	Bitmap Heap Scan on sbtest5  (cost=5.43..389.37 rows=97 width=125)
	  Recheck Cond: ((k >= 7056351) AND (k <= 7056451))
	  ->  Bitmap Index Scan on k_5  (cost=0.00..5.40 rows=97 width=0)
	        Index Cond: ((k >= 7056351) AND (k <= 7056451))

table 6 : explain SELECT k, c FROM sbtest6 WHERE k BETWEEN 7056351 AND 7056451
	Bitmap Heap Scan on sbtest6  (cost=5.48..409.07 rows=102 width=125)
	  Recheck Cond: ((k >= 7056351) AND (k <= 7056451))
	  ->  Bitmap Index Scan on k_6  (cost=0.00..5.45 rows=102 width=0)
	        Index Cond: ((k >= 7056351) AND (k <= 7056451))

table 7 : explain SELECT k, c FROM sbtest7 WHERE k BETWEEN 7056351 AND 7056451
	Bitmap Heap Scan on sbtest7  (cost=5.54..432.69 rows=108 width=125)
	  Recheck Cond: ((k >= 7056351) AND (k <= 7056451))
	  ->  Bitmap Index Scan on k_7  (cost=0.00..5.51 rows=108 width=0)
	        Index Cond: ((k >= 7056351) AND (k <= 7056451))

table 8 : explain SELECT k, c FROM sbtest8 WHERE k BETWEEN 7056351 AND 7056451
	Bitmap Heap Scan on sbtest8  (cost=5.45..397.25 rows=99 width=125)
	  Recheck Cond: ((k >= 7056351) AND (k <= 7056451))
	  ->  Bitmap Index Scan on k_8  (cost=0.00..5.42 rows=99 width=0)
	        Index Cond: ((k >= 7056351) AND (k <= 7056451))

for range-notcovered
table 1 : explain SELECT k, c FROM sbtest1 WHERE k BETWEEN 7244199 AND 7244299
	Bitmap Heap Scan on sbtest1  (cost=5.48..409.07 rows=102 width=125)
	  Recheck Cond: ((k >= 7244199) AND (k <= 7244299))
	  ->  Bitmap Index Scan on k_1  (cost=0.00..5.45 rows=102 width=0)
	        Index Cond: ((k >= 7244199) AND (k <= 7244299))

table 2 : explain SELECT k, c FROM sbtest2 WHERE k BETWEEN 7244199 AND 7244299
	Bitmap Heap Scan on sbtest2  (cost=5.49..413.00 rows=103 width=125)
	  Recheck Cond: ((k >= 7244199) AND (k <= 7244299))
	  ->  Bitmap Index Scan on k_2  (cost=0.00..5.46 rows=103 width=0)
	        Index Cond: ((k >= 7244199) AND (k <= 7244299))

table 3 : explain SELECT k, c FROM sbtest3 WHERE k BETWEEN 7244199 AND 7244299
	Bitmap Heap Scan on sbtest3  (cost=5.46..401.19 rows=100 width=125)
	  Recheck Cond: ((k >= 7244199) AND (k <= 7244299))
	  ->  Bitmap Index Scan on k_3  (cost=0.00..5.43 rows=100 width=0)
	        Index Cond: ((k >= 7244199) AND (k <= 7244299))

table 4 : explain SELECT k, c FROM sbtest4 WHERE k BETWEEN 7244199 AND 7244299
	Bitmap Heap Scan on sbtest4  (cost=5.41..381.49 rows=95 width=125)
	  Recheck Cond: ((k >= 7244199) AND (k <= 7244299))
	  ->  Bitmap Index Scan on k_4  (cost=0.00..5.38 rows=95 width=0)
	        Index Cond: ((k >= 7244199) AND (k <= 7244299))

table 5 : explain SELECT k, c FROM sbtest5 WHERE k BETWEEN 7244199 AND 7244299
	Bitmap Heap Scan on sbtest5  (cost=5.47..405.13 rows=101 width=125)
	  Recheck Cond: ((k >= 7244199) AND (k <= 7244299))
	  ->  Bitmap Index Scan on k_5  (cost=0.00..5.44 rows=101 width=0)
	        Index Cond: ((k >= 7244199) AND (k <= 7244299))

table 6 : explain SELECT k, c FROM sbtest6 WHERE k BETWEEN 7244199 AND 7244299
	Bitmap Heap Scan on sbtest6  (cost=5.39..373.61 rows=93 width=125)
	  Recheck Cond: ((k >= 7244199) AND (k <= 7244299))
	  ->  Bitmap Index Scan on k_6  (cost=0.00..5.36 rows=93 width=0)
	        Index Cond: ((k >= 7244199) AND (k <= 7244299))

table 7 : explain SELECT k, c FROM sbtest7 WHERE k BETWEEN 7244199 AND 7244299
	Bitmap Heap Scan on sbtest7  (cost=5.43..389.37 rows=97 width=125)
	  Recheck Cond: ((k >= 7244199) AND (k <= 7244299))
	  ->  Bitmap Index Scan on k_7  (cost=0.00..5.40 rows=97 width=0)
	        Index Cond: ((k >= 7244199) AND (k <= 7244299))

table 8 : explain SELECT k, c FROM sbtest8 WHERE k BETWEEN 7244199 AND 7244299
	Bitmap Heap Scan on sbtest8  (cost=5.47..405.13 rows=101 width=125)
	  Recheck Cond: ((k >= 7244199) AND (k <= 7244299))
	  ->  Bitmap Index Scan on k_8  (cost=0.00..5.44 rows=101 width=0)
	        Index Cond: ((k >= 7244199) AND (k <= 7244299))

explain: for range-notcovered :: explain SELECT k, c FROM sbtest%d WHERE k BETWEEN 7056351 AND 7056451
for range-notcovered
table 1 : explain SELECT k, c FROM sbtest1 WHERE k BETWEEN 7570628 AND 7570728
	Bitmap Heap Scan on sbtest1  (cost=5.54..432.69 rows=108 width=125)
	  Recheck Cond: ((k >= 7570628) AND (k <= 7570728))
	  ->  Bitmap Index Scan on k_1  (cost=0.00..5.51 rows=108 width=0)
	        Index Cond: ((k >= 7570628) AND (k <= 7570728))

table 2 : explain SELECT k, c FROM sbtest2 WHERE k BETWEEN 7570628 AND 7570728
	Bitmap Heap Scan on sbtest2  (cost=5.55..436.62 rows=109 width=125)
	  Recheck Cond: ((k >= 7570628) AND (k <= 7570728))
	  ->  Bitmap Index Scan on k_2  (cost=0.00..5.52 rows=109 width=0)
	        Index Cond: ((k >= 7570628) AND (k <= 7570728))

table 3 : explain SELECT k, c FROM sbtest3 WHERE k BETWEEN 7570628 AND 7570728
	Bitmap Heap Scan on sbtest3  (cost=5.52..424.81 rows=106 width=125)
	  Recheck Cond: ((k >= 7570628) AND (k <= 7570728))
	  ->  Bitmap Index Scan on k_3  (cost=0.00..5.50 rows=106 width=0)
	        Index Cond: ((k >= 7570628) AND (k <= 7570728))

table 4 : explain SELECT k, c FROM sbtest4 WHERE k BETWEEN 7570628 AND 7570728
	Bitmap Heap Scan on sbtest4  (cost=5.51..420.88 rows=105 width=125)
	  Recheck Cond: ((k >= 7570628) AND (k <= 7570728))
	  ->  Bitmap Index Scan on k_4  (cost=0.00..5.48 rows=105 width=0)
	        Index Cond: ((k >= 7570628) AND (k <= 7570728))

table 5 : explain SELECT k, c FROM sbtest5 WHERE k BETWEEN 7570628 AND 7570728
	Bitmap Heap Scan on sbtest5  (cost=5.44..393.31 rows=98 width=125)
	  Recheck Cond: ((k >= 7570628) AND (k <= 7570728))
	  ->  Bitmap Index Scan on k_5  (cost=0.00..5.42 rows=98 width=0)
	        Index Cond: ((k >= 7570628) AND (k <= 7570728))

table 6 : explain SELECT k, c FROM sbtest6 WHERE k BETWEEN 7570628 AND 7570728
	Bitmap Heap Scan on sbtest6  (cost=5.49..413.00 rows=103 width=125)
	  Recheck Cond: ((k >= 7570628) AND (k <= 7570728))
	  ->  Bitmap Index Scan on k_6  (cost=0.00..5.46 rows=103 width=0)
	        Index Cond: ((k >= 7570628) AND (k <= 7570728))

table 7 : explain SELECT k, c FROM sbtest7 WHERE k BETWEEN 7570628 AND 7570728
	Bitmap Heap Scan on sbtest7  (cost=5.46..401.19 rows=100 width=125)
	  Recheck Cond: ((k >= 7570628) AND (k <= 7570728))
	  ->  Bitmap Index Scan on k_7  (cost=0.00..5.43 rows=100 width=0)
	        Index Cond: ((k >= 7570628) AND (k <= 7570728))

table 8 : explain SELECT k, c FROM sbtest8 WHERE k BETWEEN 7570628 AND 7570728
	Bitmap Heap Scan on sbtest8  (cost=5.51..420.88 rows=105 width=125)
	  Recheck Cond: ((k >= 7570628) AND (k <= 7570728))
	  ->  Bitmap Index Scan on k_8  (cost=0.00..5.48 rows=105 width=0)
	        Index Cond: ((k >= 7570628) AND (k <= 7570728))

explain: for range-notcovered :: explain SELECT k, c FROM sbtest%d WHERE k BETWEEN 3361269 AND 3361369
explain: for range-notcovered :: explain SELECT k, c FROM sbtest%d WHERE k BETWEEN 7244199 AND 7244299
for range-notcovered
table 1 : explain SELECT k, c FROM sbtest1 WHERE k BETWEEN 6947593 AND 6947693
	Bitmap Heap Scan on sbtest1  (cost=5.39..373.61 rows=93 width=125)
	  Recheck Cond: ((k >= 6947593) AND (k <= 6947693))
	  ->  Bitmap Index Scan on k_1  (cost=0.00..5.36 rows=93 width=0)
	        Index Cond: ((k >= 6947593) AND (k <= 6947693))

table 2 : explain SELECT k, c FROM sbtest2 WHERE k BETWEEN 6947593 AND 6947693
	Bitmap Heap Scan on sbtest2  (cost=5.49..413.00 rows=103 width=125)
	  Recheck Cond: ((k >= 6947593) AND (k <= 6947693))
	  ->  Bitmap Index Scan on k_2  (cost=0.00..5.46 rows=103 width=0)
	        Index Cond: ((k >= 6947593) AND (k <= 6947693))

table 3 : explain SELECT k, c FROM sbtest3 WHERE k BETWEEN 6947593 AND 6947693
	Bitmap Heap Scan on sbtest3  (cost=5.43..389.37 rows=97 width=125)
	  Recheck Cond: ((k >= 6947593) AND (k <= 6947693))
	  ->  Bitmap Index Scan on k_3  (cost=0.00..5.40 rows=97 width=0)
	        Index Cond: ((k >= 6947593) AND (k <= 6947693))

table 4 : explain SELECT k, c FROM sbtest4 WHERE k BETWEEN 6947593 AND 6947693
	Bitmap Heap Scan on sbtest4  (cost=5.46..401.19 rows=100 width=125)
	  Recheck Cond: ((k >= 6947593) AND (k <= 6947693))
	  ->  Bitmap Index Scan on k_4  (cost=0.00..5.43 rows=100 width=0)
	        Index Cond: ((k >= 6947593) AND (k <= 6947693))

table 5 : explain SELECT k, c FROM sbtest5 WHERE k BETWEEN 6947593 AND 6947693
	Bitmap Heap Scan on sbtest5  (cost=5.52..424.81 rows=106 width=125)
	  Recheck Cond: ((k >= 6947593) AND (k <= 6947693))
	  ->  Bitmap Index Scan on k_5  (cost=0.00..5.50 rows=106 width=0)
	        Index Cond: ((k >= 6947593) AND (k <= 6947693))

table 6 : explain SELECT k, c FROM sbtest6 WHERE k BETWEEN 6947593 AND 6947693
	Bitmap Heap Scan on sbtest6  (cost=5.47..405.13 rows=101 width=125)
	  Recheck Cond: ((k >= 6947593) AND (k <= 6947693))
	  ->  Bitmap Index Scan on k_6  (cost=0.00..5.44 rows=101 width=0)
	        Index Cond: ((k >= 6947593) AND (k <= 6947693))

table 7 : explain SELECT k, c FROM sbtest7 WHERE k BETWEEN 6947593 AND 6947693
	Bitmap Heap Scan on sbtest7  (cost=5.53..428.75 rows=107 width=125)
	  Recheck Cond: ((k >= 6947593) AND (k <= 6947693))
	  ->  Bitmap Index Scan on k_7  (cost=0.00..5.50 rows=107 width=0)
	        Index Cond: ((k >= 6947593) AND (k <= 6947693))

table 8 : explain SELECT k, c FROM sbtest8 WHERE k BETWEEN 6947593 AND 6947693
	Bitmap Heap Scan on sbtest8  (cost=5.51..420.88 rows=105 width=125)
	  Recheck Cond: ((k >= 6947593) AND (k <= 6947693))
	  ->  Bitmap Index Scan on k_8  (cost=0.00..5.48 rows=105 width=0)
	        Index Cond: ((k >= 6947593) AND (k <= 6947693))

explain: for range-notcovered :: explain SELECT k, c FROM sbtest%d WHERE k BETWEEN 7570628 AND 7570728
explain: for range-notcovered :: explain SELECT k, c FROM sbtest%d WHERE k BETWEEN 4426734 AND 4426834
for range-notcovered
table 1 : explain SELECT k, c FROM sbtest1 WHERE k BETWEEN 2193534 AND 2193634
	Bitmap Heap Scan on sbtest1  (cost=5.44..393.31 rows=98 width=125)
	  Recheck Cond: ((k >= 2193534) AND (k <= 2193634))
	  ->  Bitmap Index Scan on k_1  (cost=0.00..5.42 rows=98 width=0)
	        Index Cond: ((k >= 2193534) AND (k <= 2193634))

table 2 : explain SELECT k, c FROM sbtest2 WHERE k BETWEEN 2193534 AND 2193634
	Bitmap Heap Scan on sbtest2  (cost=5.44..393.31 rows=98 width=125)
	  Recheck Cond: ((k >= 2193534) AND (k <= 2193634))
	  ->  Bitmap Index Scan on k_2  (cost=0.00..5.42 rows=98 width=0)
	        Index Cond: ((k >= 2193534) AND (k <= 2193634))

table 3 : explain SELECT k, c FROM sbtest3 WHERE k BETWEEN 2193534 AND 2193634
	Bitmap Heap Scan on sbtest3  (cost=5.57..444.49 rows=111 width=125)
	  Recheck Cond: ((k >= 2193534) AND (k <= 2193634))
	  ->  Bitmap Index Scan on k_3  (cost=0.00..5.54 rows=111 width=0)
	        Index Cond: ((k >= 2193534) AND (k <= 2193634))

table 4 : explain SELECT k, c FROM sbtest4 WHERE k BETWEEN 2193534 AND 2193634
	Bitmap Heap Scan on sbtest4  (cost=5.41..381.49 rows=95 width=125)
	  Recheck Cond: ((k >= 2193534) AND (k <= 2193634))
	  ->  Bitmap Index Scan on k_4  (cost=0.00..5.38 rows=95 width=0)
	        Index Cond: ((k >= 2193534) AND (k <= 2193634))

table 5 : explain SELECT k, c FROM sbtest5 WHERE k BETWEEN 2193534 AND 2193634
	Bitmap Heap Scan on sbtest5  (cost=5.43..389.37 rows=97 width=125)
	  Recheck Cond: ((k >= 2193534) AND (k <= 2193634))
	  ->  Bitmap Index Scan on k_5  (cost=0.00..5.40 rows=97 width=0)
	        Index Cond: ((k >= 2193534) AND (k <= 2193634))

table 6 : explain SELECT k, c FROM sbtest6 WHERE k BETWEEN 2193534 AND 2193634
	Bitmap Heap Scan on sbtest6  (cost=5.51..420.88 rows=105 width=125)
	  Recheck Cond: ((k >= 2193534) AND (k <= 2193634))
	  ->  Bitmap Index Scan on k_6  (cost=0.00..5.48 rows=105 width=0)
	        Index Cond: ((k >= 2193534) AND (k <= 2193634))

table 7 : explain SELECT k, c FROM sbtest7 WHERE k BETWEEN 2193534 AND 2193634
	Bitmap Heap Scan on sbtest7  (cost=5.49..413.00 rows=103 width=125)
	  Recheck Cond: ((k >= 2193534) AND (k <= 2193634))
	  ->  Bitmap Index Scan on k_7  (cost=0.00..5.46 rows=103 width=0)
	        Index Cond: ((k >= 2193534) AND (k <= 2193634))

table 8 : explain SELECT k, c FROM sbtest8 WHERE k BETWEEN 2193534 AND 2193634
	Bitmap Heap Scan on sbtest8  (cost=5.52..424.81 rows=106 width=125)
	  Recheck Cond: ((k >= 2193534) AND (k <= 2193634))
	  ->  Bitmap Index Scan on k_8  (cost=0.00..5.50 rows=106 width=0)
	        Index Cond: ((k >= 2193534) AND (k <= 2193634))

explain: for range-notcovered :: explain SELECT k, c FROM sbtest%d WHERE k BETWEEN 2193534 AND 2193634
for range-notcovered
table 1 : explain SELECT k, c FROM sbtest1 WHERE k BETWEEN 6578497 AND 6578597
	Bitmap Heap Scan on sbtest1  (cost=5.43..389.37 rows=97 width=125)
	  Recheck Cond: ((k >= 6578497) AND (k <= 6578597))
	  ->  Bitmap Index Scan on k_1  (cost=0.00..5.40 rows=97 width=0)
	        Index Cond: ((k >= 6578497) AND (k <= 6578597))

table 2 : explain SELECT k, c FROM sbtest2 WHERE k BETWEEN 6578497 AND 6578597
	Bitmap Heap Scan on sbtest2  (cost=5.44..393.31 rows=98 width=125)
	  Recheck Cond: ((k >= 6578497) AND (k <= 6578597))
	  ->  Bitmap Index Scan on k_2  (cost=0.00..5.42 rows=98 width=0)
	        Index Cond: ((k >= 6578497) AND (k <= 6578597))

table 3 : explain SELECT k, c FROM sbtest3 WHERE k BETWEEN 6578497 AND 6578597
	Bitmap Heap Scan on sbtest3  (cost=5.45..397.25 rows=99 width=125)
	  Recheck Cond: ((k >= 6578497) AND (k <= 6578597))
	  ->  Bitmap Index Scan on k_3  (cost=0.00..5.42 rows=99 width=0)
	        Index Cond: ((k >= 6578497) AND (k <= 6578597))

table 4 : explain SELECT k, c FROM sbtest4 WHERE k BETWEEN 6578497 AND 6578597
	Bitmap Heap Scan on sbtest4  (cost=5.53..428.75 rows=107 width=125)
	  Recheck Cond: ((k >= 6578497) AND (k <= 6578597))
	  ->  Bitmap Index Scan on k_4  (cost=0.00..5.50 rows=107 width=0)
	        Index Cond: ((k >= 6578497) AND (k <= 6578597))

table 5 : explain SELECT k, c FROM sbtest5 WHERE k BETWEEN 6578497 AND 6578597
	Bitmap Heap Scan on sbtest5  (cost=5.51..420.88 rows=105 width=125)
	  Recheck Cond: ((k >= 6578497) AND (k <= 6578597))
	  ->  Bitmap Index Scan on k_5  (cost=0.00..5.48 rows=105 width=0)
	        Index Cond: ((k >= 6578497) AND (k <= 6578597))

table 6 : explain SELECT k, c FROM sbtest6 WHERE k BETWEEN 6578497 AND 6578597
	Bitmap Heap Scan on sbtest6  (cost=5.49..413.00 rows=103 width=125)
	  Recheck Cond: ((k >= 6578497) AND (k <= 6578597))
	  ->  Bitmap Index Scan on k_6  (cost=0.00..5.46 rows=103 width=0)
	        Index Cond: ((k >= 6578497) AND (k <= 6578597))

table 7 : explain SELECT k, c FROM sbtest7 WHERE k BETWEEN 6578497 AND 6578597
	Bitmap Heap Scan on sbtest7  (cost=5.50..416.94 rows=104 width=125)
	  Recheck Cond: ((k >= 6578497) AND (k <= 6578597))
	  ->  Bitmap Index Scan on k_7  (cost=0.00..5.47 rows=104 width=0)
	        Index Cond: ((k >= 6578497) AND (k <= 6578597))

table 8 : explain SELECT k, c FROM sbtest8 WHERE k BETWEEN 6578497 AND 6578597
	Bitmap Heap Scan on sbtest8  (cost=5.48..409.07 rows=102 width=125)
	  Recheck Cond: ((k >= 6578497) AND (k <= 6578597))
	  ->  Bitmap Index Scan on k_8  (cost=0.00..5.45 rows=102 width=0)
	        Index Cond: ((k >= 6578497) AND (k <= 6578597))

for range-notcovered
table 1 : explain SELECT k, c FROM sbtest1 WHERE k BETWEEN 6235265 AND 6235365
	Bitmap Heap Scan on sbtest1  (cost=5.45..397.25 rows=99 width=125)
	  Recheck Cond: ((k >= 6235265) AND (k <= 6235365))
	  ->  Bitmap Index Scan on k_1  (cost=0.00..5.42 rows=99 width=0)
	        Index Cond: ((k >= 6235265) AND (k <= 6235365))

table 2 : explain SELECT k, c FROM sbtest2 WHERE k BETWEEN 6235265 AND 6235365
	Bitmap Heap Scan on sbtest2  (cost=5.42..385.43 rows=96 width=125)
	  Recheck Cond: ((k >= 6235265) AND (k <= 6235365))
	  ->  Bitmap Index Scan on k_2  (cost=0.00..5.39 rows=96 width=0)
	        Index Cond: ((k >= 6235265) AND (k <= 6235365))

table 3 : explain SELECT k, c FROM sbtest3 WHERE k BETWEEN 6235265 AND 6235365
	Bitmap Heap Scan on sbtest3  (cost=5.48..409.07 rows=102 width=125)
	  Recheck Cond: ((k >= 6235265) AND (k <= 6235365))
	  ->  Bitmap Index Scan on k_3  (cost=0.00..5.45 rows=102 width=0)
	        Index Cond: ((k >= 6235265) AND (k <= 6235365))

table 4 : explain SELECT k, c FROM sbtest4 WHERE k BETWEEN 6235265 AND 6235365
	Bitmap Heap Scan on sbtest4  (cost=5.46..401.19 rows=100 width=125)
	  Recheck Cond: ((k >= 6235265) AND (k <= 6235365))
	  ->  Bitmap Index Scan on k_4  (cost=0.00..5.43 rows=100 width=0)
	        Index Cond: ((k >= 6235265) AND (k <= 6235365))

table 5 : explain SELECT k, c FROM sbtest5 WHERE k BETWEEN 6235265 AND 6235365
	Bitmap Heap Scan on sbtest5  (cost=5.45..397.25 rows=99 width=125)
	  Recheck Cond: ((k >= 6235265) AND (k <= 6235365))
	  ->  Bitmap Index Scan on k_5  (cost=0.00..5.42 rows=99 width=0)
	        Index Cond: ((k >= 6235265) AND (k <= 6235365))

table 6 : explain SELECT k, c FROM sbtest6 WHERE k BETWEEN 6235265 AND 6235365
	Bitmap Heap Scan on sbtest6  (cost=5.53..428.75 rows=107 width=125)
	  Recheck Cond: ((k >= 6235265) AND (k <= 6235365))
	  ->  Bitmap Index Scan on k_6  (cost=0.00..5.50 rows=107 width=0)
	        Index Cond: ((k >= 6235265) AND (k <= 6235365))

table 7 : explain SELECT k, c FROM sbtest7 WHERE k BETWEEN 6235265 AND 6235365
	Bitmap Heap Scan on sbtest7  (cost=5.49..413.00 rows=103 width=125)
	  Recheck Cond: ((k >= 6235265) AND (k <= 6235365))
	  ->  Bitmap Index Scan on k_7  (cost=0.00..5.46 rows=103 width=0)
	        Index Cond: ((k >= 6235265) AND (k <= 6235365))

table 8 : explain SELECT k, c FROM sbtest8 WHERE k BETWEEN 6235265 AND 6235365
	Bitmap Heap Scan on sbtest8  (cost=5.43..389.37 rows=97 width=125)
	  Recheck Cond: ((k >= 6235265) AND (k <= 6235365))
	  ->  Bitmap Index Scan on k_8  (cost=0.00..5.40 rows=97 width=0)
	        Index Cond: ((k >= 6235265) AND (k <= 6235365))

explain: for range-notcovered :: explain SELECT k, c FROM sbtest%d WHERE k BETWEEN 6235265 AND 6235365
for range-notcovered
table 1 : explain SELECT k, c FROM sbtest1 WHERE k BETWEEN 8307397 AND 8307497
	Bitmap Heap Scan on sbtest1  (cost=5.43..389.37 rows=97 width=125)
	  Recheck Cond: ((k >= 8307397) AND (k <= 8307497))
	  ->  Bitmap Index Scan on k_1  (cost=0.00..5.40 rows=97 width=0)
	        Index Cond: ((k >= 8307397) AND (k <= 8307497))

table 2 : explain SELECT k, c FROM sbtest2 WHERE k BETWEEN 8307397 AND 8307497
	Bitmap Heap Scan on sbtest2  (cost=5.51..420.88 rows=105 width=125)
	  Recheck Cond: ((k >= 8307397) AND (k <= 8307497))
	  ->  Bitmap Index Scan on k_2  (cost=0.00..5.48 rows=105 width=0)
	        Index Cond: ((k >= 8307397) AND (k <= 8307497))

table 3 : explain SELECT k, c FROM sbtest3 WHERE k BETWEEN 8307397 AND 8307497
	Bitmap Heap Scan on sbtest3  (cost=5.53..428.75 rows=107 width=125)
	  Recheck Cond: ((k >= 8307397) AND (k <= 8307497))
	  ->  Bitmap Index Scan on k_3  (cost=0.00..5.50 rows=107 width=0)
	        Index Cond: ((k >= 8307397) AND (k <= 8307497))

table 4 : explain SELECT k, c FROM sbtest4 WHERE k BETWEEN 8307397 AND 8307497
	Bitmap Heap Scan on sbtest4  (cost=5.54..432.69 rows=108 width=125)
	  Recheck Cond: ((k >= 8307397) AND (k <= 8307497))
	  ->  Bitmap Index Scan on k_4  (cost=0.00..5.51 rows=108 width=0)
	        Index Cond: ((k >= 8307397) AND (k <= 8307497))

table 5 : explain SELECT k, c FROM sbtest5 WHERE k BETWEEN 8307397 AND 8307497
	Bitmap Heap Scan on sbtest5  (cost=5.43..389.37 rows=97 width=125)
	  Recheck Cond: ((k >= 8307397) AND (k <= 8307497))
	  ->  Bitmap Index Scan on k_5  (cost=0.00..5.40 rows=97 width=0)
	        Index Cond: ((k >= 8307397) AND (k <= 8307497))

table 6 : explain SELECT k, c FROM sbtest6 WHERE k BETWEEN 8307397 AND 8307497
	Bitmap Heap Scan on sbtest6  (cost=5.44..393.31 rows=98 width=125)
	  Recheck Cond: ((k >= 8307397) AND (k <= 8307497))
	  ->  Bitmap Index Scan on k_6  (cost=0.00..5.42 rows=98 width=0)
	        Index Cond: ((k >= 8307397) AND (k <= 8307497))

table 7 : explain SELECT k, c FROM sbtest7 WHERE k BETWEEN 8307397 AND 8307497
	Bitmap Heap Scan on sbtest7  (cost=5.35..357.84 rows=89 width=125)
	  Recheck Cond: ((k >= 8307397) AND (k <= 8307497))
	  ->  Bitmap Index Scan on k_7  (cost=0.00..5.32 rows=89 width=0)
	        Index Cond: ((k >= 8307397) AND (k <= 8307497))

table 8 : explain SELECT k, c FROM sbtest8 WHERE k BETWEEN 8307397 AND 8307497
	Bitmap Heap Scan on sbtest8  (cost=5.38..369.67 rows=92 width=125)
	  Recheck Cond: ((k >= 8307397) AND (k <= 8307497))
	  ->  Bitmap Index Scan on k_8  (cost=0.00..5.35 rows=92 width=0)
	        Index Cond: ((k >= 8307397) AND (k <= 8307497))

for range-notcovered
table 1 : explain SELECT k, c FROM sbtest1 WHERE k BETWEEN 7570628 AND 7570728
	Bitmap Heap Scan on sbtest1  (cost=5.54..432.69 rows=108 width=125)
	  Recheck Cond: ((k >= 7570628) AND (k <= 7570728))
	  ->  Bitmap Index Scan on k_1  (cost=0.00..5.51 rows=108 width=0)
	        Index Cond: ((k >= 7570628) AND (k <= 7570728))

table 2 : explain SELECT k, c FROM sbtest2 WHERE k BETWEEN 7570628 AND 7570728
	Bitmap Heap Scan on sbtest2  (cost=5.55..436.62 rows=109 width=125)
	  Recheck Cond: ((k >= 7570628) AND (k <= 7570728))
	  ->  Bitmap Index Scan on k_2  (cost=0.00..5.52 rows=109 width=0)
	        Index Cond: ((k >= 7570628) AND (k <= 7570728))

table 3 : explain SELECT k, c FROM sbtest3 WHERE k BETWEEN 7570628 AND 7570728
	Bitmap Heap Scan on sbtest3  (cost=5.52..424.81 rows=106 width=125)
	  Recheck Cond: ((k >= 7570628) AND (k <= 7570728))
	  ->  Bitmap Index Scan on k_3  (cost=0.00..5.50 rows=106 width=0)
	        Index Cond: ((k >= 7570628) AND (k <= 7570728))

table 4 : explain SELECT k, c FROM sbtest4 WHERE k BETWEEN 7570628 AND 7570728
	Bitmap Heap Scan on sbtest4  (cost=5.51..420.88 rows=105 width=125)
	  Recheck Cond: ((k >= 7570628) AND (k <= 7570728))
	  ->  Bitmap Index Scan on k_4  (cost=0.00..5.48 rows=105 width=0)
	        Index Cond: ((k >= 7570628) AND (k <= 7570728))

table 5 : explain SELECT k, c FROM sbtest5 WHERE k BETWEEN 7570628 AND 7570728
	Bitmap Heap Scan on sbtest5  (cost=5.44..393.31 rows=98 width=125)
	  Recheck Cond: ((k >= 7570628) AND (k <= 7570728))
	  ->  Bitmap Index Scan on k_5  (cost=0.00..5.42 rows=98 width=0)
	        Index Cond: ((k >= 7570628) AND (k <= 7570728))

table 6 : explain SELECT k, c FROM sbtest6 WHERE k BETWEEN 7570628 AND 7570728
	Bitmap Heap Scan on sbtest6  (cost=5.49..413.00 rows=103 width=125)
	  Recheck Cond: ((k >= 7570628) AND (k <= 7570728))
	  ->  Bitmap Index Scan on k_6  (cost=0.00..5.46 rows=103 width=0)
	        Index Cond: ((k >= 7570628) AND (k <= 7570728))

table 7 : explain SELECT k, c FROM sbtest7 WHERE k BETWEEN 7570628 AND 7570728
	Bitmap Heap Scan on sbtest7  (cost=5.46..401.19 rows=100 width=125)
	  Recheck Cond: ((k >= 7570628) AND (k <= 7570728))
	  ->  Bitmap Index Scan on k_7  (cost=0.00..5.43 rows=100 width=0)
	        Index Cond: ((k >= 7570628) AND (k <= 7570728))

table 8 : explain SELECT k, c FROM sbtest8 WHERE k BETWEEN 7570628 AND 7570728
	Bitmap Heap Scan on sbtest8  (cost=5.51..420.88 rows=105 width=125)
	  Recheck Cond: ((k >= 7570628) AND (k <= 7570728))
	  ->  Bitmap Index Scan on k_8  (cost=0.00..5.48 rows=105 width=0)
	        Index Cond: ((k >= 7570628) AND (k <= 7570728))

explain: for range-notcovered :: explain SELECT k, c FROM sbtest%d WHERE k BETWEEN 6578497 AND 6578597
explain: for range-notcovered :: explain SELECT k, c FROM sbtest%d WHERE k BETWEEN 7570628 AND 7570728
explain: for range-notcovered :: explain SELECT k, c FROM sbtest%d WHERE k BETWEEN 8307397 AND 8307497
for range-notcovered
table 1 : explain SELECT k, c FROM sbtest1 WHERE k BETWEEN 2193534 AND 2193634
	Bitmap Heap Scan on sbtest1  (cost=5.44..393.31 rows=98 width=125)
	  Recheck Cond: ((k >= 2193534) AND (k <= 2193634))
	  ->  Bitmap Index Scan on k_1  (cost=0.00..5.42 rows=98 width=0)
	        Index Cond: ((k >= 2193534) AND (k <= 2193634))

table 2 : explain SELECT k, c FROM sbtest2 WHERE k BETWEEN 2193534 AND 2193634
	Bitmap Heap Scan on sbtest2  (cost=5.44..393.31 rows=98 width=125)
	  Recheck Cond: ((k >= 2193534) AND (k <= 2193634))
	  ->  Bitmap Index Scan on k_2  (cost=0.00..5.42 rows=98 width=0)
	        Index Cond: ((k >= 2193534) AND (k <= 2193634))

table 3 : explain SELECT k, c FROM sbtest3 WHERE k BETWEEN 2193534 AND 2193634
	Bitmap Heap Scan on sbtest3  (cost=5.57..444.49 rows=111 width=125)
	  Recheck Cond: ((k >= 2193534) AND (k <= 2193634))
	  ->  Bitmap Index Scan on k_3  (cost=0.00..5.54 rows=111 width=0)
	        Index Cond: ((k >= 2193534) AND (k <= 2193634))

table 4 : explain SELECT k, c FROM sbtest4 WHERE k BETWEEN 2193534 AND 2193634
	Bitmap Heap Scan on sbtest4  (cost=5.41..381.49 rows=95 width=125)
	  Recheck Cond: ((k >= 2193534) AND (k <= 2193634))
	  ->  Bitmap Index Scan on k_4  (cost=0.00..5.38 rows=95 width=0)
	        Index Cond: ((k >= 2193534) AND (k <= 2193634))

table 5 : explain SELECT k, c FROM sbtest5 WHERE k BETWEEN 2193534 AND 2193634
	Bitmap Heap Scan on sbtest5  (cost=5.43..389.37 rows=97 width=125)
	  Recheck Cond: ((k >= 2193534) AND (k <= 2193634))
	  ->  Bitmap Index Scan on k_5  (cost=0.00..5.40 rows=97 width=0)
	        Index Cond: ((k >= 2193534) AND (k <= 2193634))

table 6 : explain SELECT k, c FROM sbtest6 WHERE k BETWEEN 2193534 AND 2193634
	Bitmap Heap Scan on sbtest6  (cost=5.51..420.88 rows=105 width=125)
	  Recheck Cond: ((k >= 2193534) AND (k <= 2193634))
	  ->  Bitmap Index Scan on k_6  (cost=0.00..5.48 rows=105 width=0)
	        Index Cond: ((k >= 2193534) AND (k <= 2193634))

table 7 : explain SELECT k, c FROM sbtest7 WHERE k BETWEEN 2193534 AND 2193634
	Bitmap Heap Scan on sbtest7  (cost=5.49..413.00 rows=103 width=125)
	  Recheck Cond: ((k >= 2193534) AND (k <= 2193634))
	  ->  Bitmap Index Scan on k_7  (cost=0.00..5.46 rows=103 width=0)
	        Index Cond: ((k >= 2193534) AND (k <= 2193634))

table 8 : explain SELECT k, c FROM sbtest8 WHERE k BETWEEN 2193534 AND 2193634
	Bitmap Heap Scan on sbtest8  (cost=5.52..424.81 rows=106 width=125)
	  Recheck Cond: ((k >= 2193534) AND (k <= 2193634))
	  ->  Bitmap Index Scan on k_8  (cost=0.00..5.50 rows=106 width=0)
	        Index Cond: ((k >= 2193534) AND (k <= 2193634))

explain: for range-notcovered :: explain SELECT k, c FROM sbtest%d WHERE k BETWEEN 6947593 AND 6947693
explain: for range-notcovered :: explain SELECT k, c FROM sbtest%d WHERE k BETWEEN 5392017 AND 5392117
for range-notcovered
table 1 : explain SELECT k, c FROM sbtest1 WHERE k BETWEEN 7056351 AND 7056451
	Bitmap Heap Scan on sbtest1  (cost=5.49..413.00 rows=103 width=125)
	  Recheck Cond: ((k >= 7056351) AND (k <= 7056451))
	  ->  Bitmap Index Scan on k_1  (cost=0.00..5.46 rows=103 width=0)
	        Index Cond: ((k >= 7056351) AND (k <= 7056451))

table 2 : explain SELECT k, c FROM sbtest2 WHERE k BETWEEN 7056351 AND 7056451
	Bitmap Heap Scan on sbtest2  (cost=5.48..409.07 rows=102 width=125)
	  Recheck Cond: ((k >= 7056351) AND (k <= 7056451))
	  ->  Bitmap Index Scan on k_2  (cost=0.00..5.45 rows=102 width=0)
	        Index Cond: ((k >= 7056351) AND (k <= 7056451))

table 3 : explain SELECT k, c FROM sbtest3 WHERE k BETWEEN 7056351 AND 7056451
	Bitmap Heap Scan on sbtest3  (cost=5.58..448.42 rows=112 width=125)
	  Recheck Cond: ((k >= 7056351) AND (k <= 7056451))
	  ->  Bitmap Index Scan on k_3  (cost=0.00..5.55 rows=112 width=0)
	        Index Cond: ((k >= 7056351) AND (k <= 7056451))

table 4 : explain SELECT k, c FROM sbtest4 WHERE k BETWEEN 7056351 AND 7056451
	Bitmap Heap Scan on sbtest4  (cost=5.47..405.13 rows=101 width=125)
	  Recheck Cond: ((k >= 7056351) AND (k <= 7056451))
	  ->  Bitmap Index Scan on k_4  (cost=0.00..5.44 rows=101 width=0)
	        Index Cond: ((k >= 7056351) AND (k <= 7056451))

table 5 : explain SELECT k, c FROM sbtest5 WHERE k BETWEEN 7056351 AND 7056451
	Bitmap Heap Scan on sbtest5  (cost=5.43..389.37 rows=97 width=125)
	  Recheck Cond: ((k >= 7056351) AND (k <= 7056451))
	  ->  Bitmap Index Scan on k_5  (cost=0.00..5.40 rows=97 width=0)
	        Index Cond: ((k >= 7056351) AND (k <= 7056451))

table 6 : explain SELECT k, c FROM sbtest6 WHERE k BETWEEN 7056351 AND 7056451
	Bitmap Heap Scan on sbtest6  (cost=5.48..409.07 rows=102 width=125)
	  Recheck Cond: ((k >= 7056351) AND (k <= 7056451))
	  ->  Bitmap Index Scan on k_6  (cost=0.00..5.45 rows=102 width=0)
	        Index Cond: ((k >= 7056351) AND (k <= 7056451))

table 7 : explain SELECT k, c FROM sbtest7 WHERE k BETWEEN 7056351 AND 7056451
	Bitmap Heap Scan on sbtest7  (cost=5.54..432.69 rows=108 width=125)
	  Recheck Cond: ((k >= 7056351) AND (k <= 7056451))
	  ->  Bitmap Index Scan on k_7  (cost=0.00..5.51 rows=108 width=0)
	        Index Cond: ((k >= 7056351) AND (k <= 7056451))

table 8 : explain SELECT k, c FROM sbtest8 WHERE k BETWEEN 7056351 AND 7056451
	Bitmap Heap Scan on sbtest8  (cost=5.45..397.25 rows=99 width=125)
	  Recheck Cond: ((k >= 7056351) AND (k <= 7056451))
	  ->  Bitmap Index Scan on k_8  (cost=0.00..5.42 rows=99 width=0)
	        Index Cond: ((k >= 7056351) AND (k <= 7056451))

explain: for range-notcovered :: explain SELECT k, c FROM sbtest%d WHERE k BETWEEN 3784222 AND 3784322
for range-notcovered
table 1 : explain SELECT k, c FROM sbtest1 WHERE k BETWEEN 7244199 AND 7244299
	Bitmap Heap Scan on sbtest1  (cost=5.48..409.07 rows=102 width=125)
	  Recheck Cond: ((k >= 7244199) AND (k <= 7244299))
	  ->  Bitmap Index Scan on k_1  (cost=0.00..5.45 rows=102 width=0)
	        Index Cond: ((k >= 7244199) AND (k <= 7244299))

table 2 : explain SELECT k, c FROM sbtest2 WHERE k BETWEEN 7244199 AND 7244299
	Bitmap Heap Scan on sbtest2  (cost=5.49..413.00 rows=103 width=125)
	  Recheck Cond: ((k >= 7244199) AND (k <= 7244299))
	  ->  Bitmap Index Scan on k_2  (cost=0.00..5.46 rows=103 width=0)
	        Index Cond: ((k >= 7244199) AND (k <= 7244299))

table 3 : explain SELECT k, c FROM sbtest3 WHERE k BETWEEN 7244199 AND 7244299
	Bitmap Heap Scan on sbtest3  (cost=5.46..401.19 rows=100 width=125)
	  Recheck Cond: ((k >= 7244199) AND (k <= 7244299))
	  ->  Bitmap Index Scan on k_3  (cost=0.00..5.43 rows=100 width=0)
	        Index Cond: ((k >= 7244199) AND (k <= 7244299))

table 4 : explain SELECT k, c FROM sbtest4 WHERE k BETWEEN 7244199 AND 7244299
	Bitmap Heap Scan on sbtest4  (cost=5.41..381.49 rows=95 width=125)
	  Recheck Cond: ((k >= 7244199) AND (k <= 7244299))
	  ->  Bitmap Index Scan on k_4  (cost=0.00..5.38 rows=95 width=0)
	        Index Cond: ((k >= 7244199) AND (k <= 7244299))

table 5 : explain SELECT k, c FROM sbtest5 WHERE k BETWEEN 7244199 AND 7244299
	Bitmap Heap Scan on sbtest5  (cost=5.47..405.13 rows=101 width=125)
	  Recheck Cond: ((k >= 7244199) AND (k <= 7244299))
	  ->  Bitmap Index Scan on k_5  (cost=0.00..5.44 rows=101 width=0)
	        Index Cond: ((k >= 7244199) AND (k <= 7244299))

table 6 : explain SELECT k, c FROM sbtest6 WHERE k BETWEEN 7244199 AND 7244299
	Bitmap Heap Scan on sbtest6  (cost=5.39..373.61 rows=93 width=125)
	  Recheck Cond: ((k >= 7244199) AND (k <= 7244299))
	  ->  Bitmap Index Scan on k_6  (cost=0.00..5.36 rows=93 width=0)
	        Index Cond: ((k >= 7244199) AND (k <= 7244299))

table 7 : explain SELECT k, c FROM sbtest7 WHERE k BETWEEN 7244199 AND 7244299
	Bitmap Heap Scan on sbtest7  (cost=5.43..389.37 rows=97 width=125)
	  Recheck Cond: ((k >= 7244199) AND (k <= 7244299))
	  ->  Bitmap Index Scan on k_7  (cost=0.00..5.40 rows=97 width=0)
	        Index Cond: ((k >= 7244199) AND (k <= 7244299))

table 8 : explain SELECT k, c FROM sbtest8 WHERE k BETWEEN 7244199 AND 7244299
	Bitmap Heap Scan on sbtest8  (cost=5.47..405.13 rows=101 width=125)
	  Recheck Cond: ((k >= 7244199) AND (k <= 7244299))
	  ->  Bitmap Index Scan on k_8  (cost=0.00..5.44 rows=101 width=0)
	        Index Cond: ((k >= 7244199) AND (k <= 7244299))

explain: for range-notcovered :: explain SELECT k, c FROM sbtest%d WHERE k BETWEEN 7056351 AND 7056451
for range-notcovered
table 1 : explain SELECT k, c FROM sbtest1 WHERE k BETWEEN 7570628 AND 7570728
	Bitmap Heap Scan on sbtest1  (cost=5.54..432.69 rows=108 width=125)
	  Recheck Cond: ((k >= 7570628) AND (k <= 7570728))
	  ->  Bitmap Index Scan on k_1  (cost=0.00..5.51 rows=108 width=0)
	        Index Cond: ((k >= 7570628) AND (k <= 7570728))

table 2 : explain SELECT k, c FROM sbtest2 WHERE k BETWEEN 7570628 AND 7570728
	Bitmap Heap Scan on sbtest2  (cost=5.55..436.62 rows=109 width=125)
	  Recheck Cond: ((k >= 7570628) AND (k <= 7570728))
	  ->  Bitmap Index Scan on k_2  (cost=0.00..5.52 rows=109 width=0)
	        Index Cond: ((k >= 7570628) AND (k <= 7570728))

table 3 : explain SELECT k, c FROM sbtest3 WHERE k BETWEEN 7570628 AND 7570728
	Bitmap Heap Scan on sbtest3  (cost=5.52..424.81 rows=106 width=125)
	  Recheck Cond: ((k >= 7570628) AND (k <= 7570728))
	  ->  Bitmap Index Scan on k_3  (cost=0.00..5.50 rows=106 width=0)
	        Index Cond: ((k >= 7570628) AND (k <= 7570728))

table 4 : explain SELECT k, c FROM sbtest4 WHERE k BETWEEN 7570628 AND 7570728
	Bitmap Heap Scan on sbtest4  (cost=5.51..420.88 rows=105 width=125)
	  Recheck Cond: ((k >= 7570628) AND (k <= 7570728))
	  ->  Bitmap Index Scan on k_4  (cost=0.00..5.48 rows=105 width=0)
	        Index Cond: ((k >= 7570628) AND (k <= 7570728))

table 5 : explain SELECT k, c FROM sbtest5 WHERE k BETWEEN 7570628 AND 7570728
	Bitmap Heap Scan on sbtest5  (cost=5.44..393.31 rows=98 width=125)
	  Recheck Cond: ((k >= 7570628) AND (k <= 7570728))
	  ->  Bitmap Index Scan on k_5  (cost=0.00..5.42 rows=98 width=0)
	        Index Cond: ((k >= 7570628) AND (k <= 7570728))

table 6 : explain SELECT k, c FROM sbtest6 WHERE k BETWEEN 7570628 AND 7570728
	Bitmap Heap Scan on sbtest6  (cost=5.49..413.00 rows=103 width=125)
	  Recheck Cond: ((k >= 7570628) AND (k <= 7570728))
	  ->  Bitmap Index Scan on k_6  (cost=0.00..5.46 rows=103 width=0)
	        Index Cond: ((k >= 7570628) AND (k <= 7570728))

table 7 : explain SELECT k, c FROM sbtest7 WHERE k BETWEEN 7570628 AND 7570728
	Bitmap Heap Scan on sbtest7  (cost=5.46..401.19 rows=100 width=125)
	  Recheck Cond: ((k >= 7570628) AND (k <= 7570728))
	  ->  Bitmap Index Scan on k_7  (cost=0.00..5.43 rows=100 width=0)
	        Index Cond: ((k >= 7570628) AND (k <= 7570728))

table 8 : explain SELECT k, c FROM sbtest8 WHERE k BETWEEN 7570628 AND 7570728
	Bitmap Heap Scan on sbtest8  (cost=5.51..420.88 rows=105 width=125)
	  Recheck Cond: ((k >= 7570628) AND (k <= 7570728))
	  ->  Bitmap Index Scan on k_8  (cost=0.00..5.48 rows=105 width=0)
	        Index Cond: ((k >= 7570628) AND (k <= 7570728))

for range-notcovered
table 1 : explain SELECT k, c FROM sbtest1 WHERE k BETWEEN 6235265 AND 6235365
	Bitmap Heap Scan on sbtest1  (cost=5.45..397.25 rows=99 width=125)
	  Recheck Cond: ((k >= 6235265) AND (k <= 6235365))
	  ->  Bitmap Index Scan on k_1  (cost=0.00..5.42 rows=99 width=0)
	        Index Cond: ((k >= 6235265) AND (k <= 6235365))

table 2 : explain SELECT k, c FROM sbtest2 WHERE k BETWEEN 6235265 AND 6235365
	Bitmap Heap Scan on sbtest2  (cost=5.42..385.43 rows=96 width=125)
	  Recheck Cond: ((k >= 6235265) AND (k <= 6235365))
	  ->  Bitmap Index Scan on k_2  (cost=0.00..5.39 rows=96 width=0)
	        Index Cond: ((k >= 6235265) AND (k <= 6235365))

table 3 : explain SELECT k, c FROM sbtest3 WHERE k BETWEEN 6235265 AND 6235365
	Bitmap Heap Scan on sbtest3  (cost=5.48..409.07 rows=102 width=125)
	  Recheck Cond: ((k >= 6235265) AND (k <= 6235365))
	  ->  Bitmap Index Scan on k_3  (cost=0.00..5.45 rows=102 width=0)
	        Index Cond: ((k >= 6235265) AND (k <= 6235365))

table 4 : explain SELECT k, c FROM sbtest4 WHERE k BETWEEN 6235265 AND 6235365
	Bitmap Heap Scan on sbtest4  (cost=5.46..401.19 rows=100 width=125)
	  Recheck Cond: ((k >= 6235265) AND (k <= 6235365))
	  ->  Bitmap Index Scan on k_4  (cost=0.00..5.43 rows=100 width=0)
	        Index Cond: ((k >= 6235265) AND (k <= 6235365))

table 5 : explain SELECT k, c FROM sbtest5 WHERE k BETWEEN 6235265 AND 6235365
	Bitmap Heap Scan on sbtest5  (cost=5.45..397.25 rows=99 width=125)
	  Recheck Cond: ((k >= 6235265) AND (k <= 6235365))
	  ->  Bitmap Index Scan on k_5  (cost=0.00..5.42 rows=99 width=0)
	        Index Cond: ((k >= 6235265) AND (k <= 6235365))

table 6 : explain SELECT k, c FROM sbtest6 WHERE k BETWEEN 6235265 AND 6235365
	Bitmap Heap Scan on sbtest6  (cost=5.53..428.75 rows=107 width=125)
	  Recheck Cond: ((k >= 6235265) AND (k <= 6235365))
	  ->  Bitmap Index Scan on k_6  (cost=0.00..5.50 rows=107 width=0)
	        Index Cond: ((k >= 6235265) AND (k <= 6235365))

table 7 : explain SELECT k, c FROM sbtest7 WHERE k BETWEEN 6235265 AND 6235365
	Bitmap Heap Scan on sbtest7  (cost=5.49..413.00 rows=103 width=125)
	  Recheck Cond: ((k >= 6235265) AND (k <= 6235365))
	  ->  Bitmap Index Scan on k_7  (cost=0.00..5.46 rows=103 width=0)
	        Index Cond: ((k >= 6235265) AND (k <= 6235365))

table 8 : explain SELECT k, c FROM sbtest8 WHERE k BETWEEN 6235265 AND 6235365
	Bitmap Heap Scan on sbtest8  (cost=5.43..389.37 rows=97 width=125)
	  Recheck Cond: ((k >= 6235265) AND (k <= 6235365))
	  ->  Bitmap Index Scan on k_8  (cost=0.00..5.40 rows=97 width=0)
	        Index Cond: ((k >= 6235265) AND (k <= 6235365))

explain: for range-notcovered :: explain SELECT k, c FROM sbtest%d WHERE k BETWEEN 7570628 AND 7570728
explain: for range-notcovered :: explain SELECT k, c FROM sbtest%d WHERE k BETWEEN 7244199 AND 7244299
explain: for range-notcovered :: explain SELECT k, c FROM sbtest%d WHERE k BETWEEN 6235265 AND 6235365
for range-notcovered
table 1 : explain SELECT k, c FROM sbtest1 WHERE k BETWEEN 3200628 AND 3200728
	Bitmap Heap Scan on sbtest1  (cost=5.42..385.43 rows=96 width=125)
	  Recheck Cond: ((k >= 3200628) AND (k <= 3200728))
	  ->  Bitmap Index Scan on k_1  (cost=0.00..5.39 rows=96 width=0)
	        Index Cond: ((k >= 3200628) AND (k <= 3200728))

table 2 : explain SELECT k, c FROM sbtest2 WHERE k BETWEEN 3200628 AND 3200728
	Bitmap Heap Scan on sbtest2  (cost=5.38..369.67 rows=92 width=125)
	  Recheck Cond: ((k >= 3200628) AND (k <= 3200728))
	  ->  Bitmap Index Scan on k_2  (cost=0.00..5.35 rows=92 width=0)
	        Index Cond: ((k >= 3200628) AND (k <= 3200728))

table 3 : explain SELECT k, c FROM sbtest3 WHERE k BETWEEN 3200628 AND 3200728
	Bitmap Heap Scan on sbtest3  (cost=5.44..393.31 rows=98 width=125)
	  Recheck Cond: ((k >= 3200628) AND (k <= 3200728))
	  ->  Bitmap Index Scan on k_3  (cost=0.00..5.42 rows=98 width=0)
	        Index Cond: ((k >= 3200628) AND (k <= 3200728))

table 4 : explain SELECT k, c FROM sbtest4 WHERE k BETWEEN 3200628 AND 3200728
	Bitmap Heap Scan on sbtest4  (cost=5.54..432.69 rows=108 width=125)
	  Recheck Cond: ((k >= 3200628) AND (k <= 3200728))
	  ->  Bitmap Index Scan on k_4  (cost=0.00..5.51 rows=108 width=0)
	        Index Cond: ((k >= 3200628) AND (k <= 3200728))

table 5 : explain SELECT k, c FROM sbtest5 WHERE k BETWEEN 3200628 AND 3200728
	Bitmap Heap Scan on sbtest5  (cost=5.49..413.00 rows=103 width=125)
	  Recheck Cond: ((k >= 3200628) AND (k <= 3200728))
	  ->  Bitmap Index Scan on k_5  (cost=0.00..5.46 rows=103 width=0)
	        Index Cond: ((k >= 3200628) AND (k <= 3200728))

table 6 : explain SELECT k, c FROM sbtest6 WHERE k BETWEEN 3200628 AND 3200728
	Bitmap Heap Scan on sbtest6  (cost=5.38..369.67 rows=92 width=125)
	  Recheck Cond: ((k >= 3200628) AND (k <= 3200728))
	  ->  Bitmap Index Scan on k_6  (cost=0.00..5.35 rows=92 width=0)
	        Index Cond: ((k >= 3200628) AND (k <= 3200728))

table 7 : explain SELECT k, c FROM sbtest7 WHERE k BETWEEN 3200628 AND 3200728
	Bitmap Heap Scan on sbtest7  (cost=5.51..420.88 rows=105 width=125)
	  Recheck Cond: ((k >= 3200628) AND (k <= 3200728))
	  ->  Bitmap Index Scan on k_7  (cost=0.00..5.48 rows=105 width=0)
	        Index Cond: ((k >= 3200628) AND (k <= 3200728))

table 8 : explain SELECT k, c FROM sbtest8 WHERE k BETWEEN 3200628 AND 3200728
	Bitmap Heap Scan on sbtest8  (cost=5.65..475.95 rows=119 width=125)
	  Recheck Cond: ((k >= 3200628) AND (k <= 3200728))
	  ->  Bitmap Index Scan on k_8  (cost=0.00..5.62 rows=119 width=0)
	        Index Cond: ((k >= 3200628) AND (k <= 3200728))

for range-notcovered
table 1 : explain SELECT k, c FROM sbtest1 WHERE k BETWEEN 1200448 AND 1200548
	Bitmap Heap Scan on sbtest1  (cost=5.51..420.88 rows=105 width=125)
	  Recheck Cond: ((k >= 1200448) AND (k <= 1200548))
	  ->  Bitmap Index Scan on k_1  (cost=0.00..5.48 rows=105 width=0)
	        Index Cond: ((k >= 1200448) AND (k <= 1200548))

table 2 : explain SELECT k, c FROM sbtest2 WHERE k BETWEEN 1200448 AND 1200548
	Bitmap Heap Scan on sbtest2  (cost=5.53..428.75 rows=107 width=125)
	  Recheck Cond: ((k >= 1200448) AND (k <= 1200548))
	  ->  Bitmap Index Scan on k_2  (cost=0.00..5.50 rows=107 width=0)
	        Index Cond: ((k >= 1200448) AND (k <= 1200548))

table 3 : explain SELECT k, c FROM sbtest3 WHERE k BETWEEN 1200448 AND 1200548
	Bitmap Heap Scan on sbtest3  (cost=5.62..464.15 rows=116 width=125)
	  Recheck Cond: ((k >= 1200448) AND (k <= 1200548))
	  ->  Bitmap Index Scan on k_3  (cost=0.00..5.59 rows=116 width=0)
	        Index Cond: ((k >= 1200448) AND (k <= 1200548))

table 4 : explain SELECT k, c FROM sbtest4 WHERE k BETWEEN 1200448 AND 1200548
	Bitmap Heap Scan on sbtest4  (cost=5.45..397.25 rows=99 width=125)
	  Recheck Cond: ((k >= 1200448) AND (k <= 1200548))
	  ->  Bitmap Index Scan on k_4  (cost=0.00..5.42 rows=99 width=0)
	        Index Cond: ((k >= 1200448) AND (k <= 1200548))

table 5 : explain SELECT k, c FROM sbtest5 WHERE k BETWEEN 1200448 AND 1200548
	Bitmap Heap Scan on sbtest5  (cost=5.47..405.13 rows=101 width=125)
	  Recheck Cond: ((k >= 1200448) AND (k <= 1200548))
	  ->  Bitmap Index Scan on k_5  (cost=0.00..5.44 rows=101 width=0)
	        Index Cond: ((k >= 1200448) AND (k <= 1200548))

table 6 : explain SELECT k, c FROM sbtest6 WHERE k BETWEEN 1200448 AND 1200548
	Bitmap Heap Scan on sbtest6  (cost=5.45..397.25 rows=99 width=125)
	  Recheck Cond: ((k >= 1200448) AND (k <= 1200548))
	  ->  Bitmap Index Scan on k_6  (cost=0.00..5.42 rows=99 width=0)
	        Index Cond: ((k >= 1200448) AND (k <= 1200548))

table 7 : explain SELECT k, c FROM sbtest7 WHERE k BETWEEN 1200448 AND 1200548
	Bitmap Heap Scan on sbtest7  (cost=5.50..416.94 rows=104 width=125)
	  Recheck Cond: ((k >= 1200448) AND (k <= 1200548))
	  ->  Bitmap Index Scan on k_7  (cost=0.00..5.47 rows=104 width=0)
	        Index Cond: ((k >= 1200448) AND (k <= 1200548))

table 8 : explain SELECT k, c FROM sbtest8 WHERE k BETWEEN 1200448 AND 1200548
	Bitmap Heap Scan on sbtest8  (cost=5.47..405.13 rows=101 width=125)
	  Recheck Cond: ((k >= 1200448) AND (k <= 1200548))
	  ->  Bitmap Index Scan on k_8  (cost=0.00..5.44 rows=101 width=0)
	        Index Cond: ((k >= 1200448) AND (k <= 1200548))

for range-notcovered
table 1 : explain SELECT k, c FROM sbtest1 WHERE k BETWEEN 6947593 AND 6947693
	Bitmap Heap Scan on sbtest1  (cost=5.39..373.61 rows=93 width=125)
	  Recheck Cond: ((k >= 6947593) AND (k <= 6947693))
	  ->  Bitmap Index Scan on k_1  (cost=0.00..5.36 rows=93 width=0)
	        Index Cond: ((k >= 6947593) AND (k <= 6947693))

table 2 : explain SELECT k, c FROM sbtest2 WHERE k BETWEEN 6947593 AND 6947693
	Bitmap Heap Scan on sbtest2  (cost=5.49..413.00 rows=103 width=125)
	  Recheck Cond: ((k >= 6947593) AND (k <= 6947693))
	  ->  Bitmap Index Scan on k_2  (cost=0.00..5.46 rows=103 width=0)
	        Index Cond: ((k >= 6947593) AND (k <= 6947693))

table 3 : explain SELECT k, c FROM sbtest3 WHERE k BETWEEN 6947593 AND 6947693
	Bitmap Heap Scan on sbtest3  (cost=5.43..389.37 rows=97 width=125)
	  Recheck Cond: ((k >= 6947593) AND (k <= 6947693))
	  ->  Bitmap Index Scan on k_3  (cost=0.00..5.40 rows=97 width=0)
	        Index Cond: ((k >= 6947593) AND (k <= 6947693))

table 4 : explain SELECT k, c FROM sbtest4 WHERE k BETWEEN 6947593 AND 6947693
	Bitmap Heap Scan on sbtest4  (cost=5.46..401.19 rows=100 width=125)
	  Recheck Cond: ((k >= 6947593) AND (k <= 6947693))
	  ->  Bitmap Index Scan on k_4  (cost=0.00..5.43 rows=100 width=0)
	        Index Cond: ((k >= 6947593) AND (k <= 6947693))

table 5 : explain SELECT k, c FROM sbtest5 WHERE k BETWEEN 6947593 AND 6947693
	Bitmap Heap Scan on sbtest5  (cost=5.52..424.81 rows=106 width=125)
	  Recheck Cond: ((k >= 6947593) AND (k <= 6947693))
	  ->  Bitmap Index Scan on k_5  (cost=0.00..5.50 rows=106 width=0)
	        Index Cond: ((k >= 6947593) AND (k <= 6947693))

table 6 : explain SELECT k, c FROM sbtest6 WHERE k BETWEEN 6947593 AND 6947693
	Bitmap Heap Scan on sbtest6  (cost=5.47..405.13 rows=101 width=125)
	  Recheck Cond: ((k >= 6947593) AND (k <= 6947693))
	  ->  Bitmap Index Scan on k_6  (cost=0.00..5.44 rows=101 width=0)
	        Index Cond: ((k >= 6947593) AND (k <= 6947693))

table 7 : explain SELECT k, c FROM sbtest7 WHERE k BETWEEN 6947593 AND 6947693
	Bitmap Heap Scan on sbtest7  (cost=5.53..428.75 rows=107 width=125)
	  Recheck Cond: ((k >= 6947593) AND (k <= 6947693))
	  ->  Bitmap Index Scan on k_7  (cost=0.00..5.50 rows=107 width=0)
	        Index Cond: ((k >= 6947593) AND (k <= 6947693))

table 8 : explain SELECT k, c FROM sbtest8 WHERE k BETWEEN 6947593 AND 6947693
	Bitmap Heap Scan on sbtest8  (cost=5.51..420.88 rows=105 width=125)
	  Recheck Cond: ((k >= 6947593) AND (k <= 6947693))
	  ->  Bitmap Index Scan on k_8  (cost=0.00..5.48 rows=105 width=0)
	        Index Cond: ((k >= 6947593) AND (k <= 6947693))

explain: for range-notcovered :: explain SELECT k, c FROM sbtest%d WHERE k BETWEEN 3200628 AND 3200728
explain: for range-notcovered :: explain SELECT k, c FROM sbtest%d WHERE k BETWEEN 1200448 AND 1200548
explain: for range-notcovered :: explain SELECT k, c FROM sbtest%d WHERE k BETWEEN 6947593 AND 6947693
explain: for range-notcovered :: explain SELECT k, c FROM sbtest%d WHERE k BETWEEN 4263573 AND 4263673
for range-notcovered
table 1 : explain SELECT k, c FROM sbtest1 WHERE k BETWEEN 6578497 AND 6578597
	Bitmap Heap Scan on sbtest1  (cost=5.43..389.37 rows=97 width=125)
	  Recheck Cond: ((k >= 6578497) AND (k <= 6578597))
	  ->  Bitmap Index Scan on k_1  (cost=0.00..5.40 rows=97 width=0)
	        Index Cond: ((k >= 6578497) AND (k <= 6578597))

table 2 : explain SELECT k, c FROM sbtest2 WHERE k BETWEEN 6578497 AND 6578597
	Bitmap Heap Scan on sbtest2  (cost=5.44..393.31 rows=98 width=125)
	  Recheck Cond: ((k >= 6578497) AND (k <= 6578597))
	  ->  Bitmap Index Scan on k_2  (cost=0.00..5.42 rows=98 width=0)
	        Index Cond: ((k >= 6578497) AND (k <= 6578597))

table 3 : explain SELECT k, c FROM sbtest3 WHERE k BETWEEN 6578497 AND 6578597
	Bitmap Heap Scan on sbtest3  (cost=5.45..397.25 rows=99 width=125)
	  Recheck Cond: ((k >= 6578497) AND (k <= 6578597))
	  ->  Bitmap Index Scan on k_3  (cost=0.00..5.42 rows=99 width=0)
	        Index Cond: ((k >= 6578497) AND (k <= 6578597))

table 4 : explain SELECT k, c FROM sbtest4 WHERE k BETWEEN 6578497 AND 6578597
	Bitmap Heap Scan on sbtest4  (cost=5.53..428.75 rows=107 width=125)
	  Recheck Cond: ((k >= 6578497) AND (k <= 6578597))
	  ->  Bitmap Index Scan on k_4  (cost=0.00..5.50 rows=107 width=0)
	        Index Cond: ((k >= 6578497) AND (k <= 6578597))

table 5 : explain SELECT k, c FROM sbtest5 WHERE k BETWEEN 6578497 AND 6578597
	Bitmap Heap Scan on sbtest5  (cost=5.51..420.88 rows=105 width=125)
	  Recheck Cond: ((k >= 6578497) AND (k <= 6578597))
	  ->  Bitmap Index Scan on k_5  (cost=0.00..5.48 rows=105 width=0)
	        Index Cond: ((k >= 6578497) AND (k <= 6578597))

table 6 : explain SELECT k, c FROM sbtest6 WHERE k BETWEEN 6578497 AND 6578597
	Bitmap Heap Scan on sbtest6  (cost=5.49..413.00 rows=103 width=125)
	  Recheck Cond: ((k >= 6578497) AND (k <= 6578597))
	  ->  Bitmap Index Scan on k_6  (cost=0.00..5.46 rows=103 width=0)
	        Index Cond: ((k >= 6578497) AND (k <= 6578597))

table 7 : explain SELECT k, c FROM sbtest7 WHERE k BETWEEN 6578497 AND 6578597
	Bitmap Heap Scan on sbtest7  (cost=5.50..416.94 rows=104 width=125)
	  Recheck Cond: ((k >= 6578497) AND (k <= 6578597))
	  ->  Bitmap Index Scan on k_7  (cost=0.00..5.47 rows=104 width=0)
	        Index Cond: ((k >= 6578497) AND (k <= 6578597))

table 8 : explain SELECT k, c FROM sbtest8 WHERE k BETWEEN 6578497 AND 6578597
	Bitmap Heap Scan on sbtest8  (cost=5.48..409.07 rows=102 width=125)
	  Recheck Cond: ((k >= 6578497) AND (k <= 6578597))
	  ->  Bitmap Index Scan on k_8  (cost=0.00..5.45 rows=102 width=0)
	        Index Cond: ((k >= 6578497) AND (k <= 6578597))

for range-notcovered
table 1 : explain SELECT k, c FROM sbtest1 WHERE k BETWEEN 7570628 AND 7570728
	Bitmap Heap Scan on sbtest1  (cost=5.54..432.69 rows=108 width=125)
	  Recheck Cond: ((k >= 7570628) AND (k <= 7570728))
	  ->  Bitmap Index Scan on k_1  (cost=0.00..5.51 rows=108 width=0)
	        Index Cond: ((k >= 7570628) AND (k <= 7570728))

table 2 : explain SELECT k, c FROM sbtest2 WHERE k BETWEEN 7570628 AND 7570728
	Bitmap Heap Scan on sbtest2  (cost=5.55..436.62 rows=109 width=125)
	  Recheck Cond: ((k >= 7570628) AND (k <= 7570728))
	  ->  Bitmap Index Scan on k_2  (cost=0.00..5.52 rows=109 width=0)
	        Index Cond: ((k >= 7570628) AND (k <= 7570728))

table 3 : explain SELECT k, c FROM sbtest3 WHERE k BETWEEN 7570628 AND 7570728
	Bitmap Heap Scan on sbtest3  (cost=5.52..424.81 rows=106 width=125)
	  Recheck Cond: ((k >= 7570628) AND (k <= 7570728))
	  ->  Bitmap Index Scan on k_3  (cost=0.00..5.50 rows=106 width=0)
	        Index Cond: ((k >= 7570628) AND (k <= 7570728))

table 4 : explain SELECT k, c FROM sbtest4 WHERE k BETWEEN 7570628 AND 7570728
	Bitmap Heap Scan on sbtest4  (cost=5.51..420.88 rows=105 width=125)
	  Recheck Cond: ((k >= 7570628) AND (k <= 7570728))
	  ->  Bitmap Index Scan on k_4  (cost=0.00..5.48 rows=105 width=0)
	        Index Cond: ((k >= 7570628) AND (k <= 7570728))

table 5 : explain SELECT k, c FROM sbtest5 WHERE k BETWEEN 7570628 AND 7570728
	Bitmap Heap Scan on sbtest5  (cost=5.44..393.31 rows=98 width=125)
	  Recheck Cond: ((k >= 7570628) AND (k <= 7570728))
	  ->  Bitmap Index Scan on k_5  (cost=0.00..5.42 rows=98 width=0)
	        Index Cond: ((k >= 7570628) AND (k <= 7570728))

table 6 : explain SELECT k, c FROM sbtest6 WHERE k BETWEEN 7570628 AND 7570728
	Bitmap Heap Scan on sbtest6  (cost=5.49..413.00 rows=103 width=125)
	  Recheck Cond: ((k >= 7570628) AND (k <= 7570728))
	  ->  Bitmap Index Scan on k_6  (cost=0.00..5.46 rows=103 width=0)
	        Index Cond: ((k >= 7570628) AND (k <= 7570728))

table 7 : explain SELECT k, c FROM sbtest7 WHERE k BETWEEN 7570628 AND 7570728
	Bitmap Heap Scan on sbtest7  (cost=5.46..401.19 rows=100 width=125)
	  Recheck Cond: ((k >= 7570628) AND (k <= 7570728))
	  ->  Bitmap Index Scan on k_7  (cost=0.00..5.43 rows=100 width=0)
	        Index Cond: ((k >= 7570628) AND (k <= 7570728))

table 8 : explain SELECT k, c FROM sbtest8 WHERE k BETWEEN 7570628 AND 7570728
	Bitmap Heap Scan on sbtest8  (cost=5.51..420.88 rows=105 width=125)
	  Recheck Cond: ((k >= 7570628) AND (k <= 7570728))
	  ->  Bitmap Index Scan on k_8  (cost=0.00..5.48 rows=105 width=0)
	        Index Cond: ((k >= 7570628) AND (k <= 7570728))

explain: for range-notcovered :: explain SELECT k, c FROM sbtest%d WHERE k BETWEEN 7570628 AND 7570728
explain: for range-notcovered :: explain SELECT k, c FROM sbtest%d WHERE k BETWEEN 6578497 AND 6578597
for range-notcovered
table 1 : explain SELECT k, c FROM sbtest1 WHERE k BETWEEN 8307397 AND 8307497
	Bitmap Heap Scan on sbtest1  (cost=5.43..389.37 rows=97 width=125)
	  Recheck Cond: ((k >= 8307397) AND (k <= 8307497))
	  ->  Bitmap Index Scan on k_1  (cost=0.00..5.40 rows=97 width=0)
	        Index Cond: ((k >= 8307397) AND (k <= 8307497))

table 2 : explain SELECT k, c FROM sbtest2 WHERE k BETWEEN 8307397 AND 8307497
	Bitmap Heap Scan on sbtest2  (cost=5.51..420.88 rows=105 width=125)
	  Recheck Cond: ((k >= 8307397) AND (k <= 8307497))
	  ->  Bitmap Index Scan on k_2  (cost=0.00..5.48 rows=105 width=0)
	        Index Cond: ((k >= 8307397) AND (k <= 8307497))

table 3 : explain SELECT k, c FROM sbtest3 WHERE k BETWEEN 8307397 AND 8307497
	Bitmap Heap Scan on sbtest3  (cost=5.53..428.75 rows=107 width=125)
	  Recheck Cond: ((k >= 8307397) AND (k <= 8307497))
	  ->  Bitmap Index Scan on k_3  (cost=0.00..5.50 rows=107 width=0)
	        Index Cond: ((k >= 8307397) AND (k <= 8307497))

table 4 : explain SELECT k, c FROM sbtest4 WHERE k BETWEEN 8307397 AND 8307497
	Bitmap Heap Scan on sbtest4  (cost=5.54..432.69 rows=108 width=125)
	  Recheck Cond: ((k >= 8307397) AND (k <= 8307497))
	  ->  Bitmap Index Scan on k_4  (cost=0.00..5.51 rows=108 width=0)
	        Index Cond: ((k >= 8307397) AND (k <= 8307497))

table 5 : explain SELECT k, c FROM sbtest5 WHERE k BETWEEN 8307397 AND 8307497
	Bitmap Heap Scan on sbtest5  (cost=5.43..389.37 rows=97 width=125)
	  Recheck Cond: ((k >= 8307397) AND (k <= 8307497))
	  ->  Bitmap Index Scan on k_5  (cost=0.00..5.40 rows=97 width=0)
	        Index Cond: ((k >= 8307397) AND (k <= 8307497))

table 6 : explain SELECT k, c FROM sbtest6 WHERE k BETWEEN 8307397 AND 8307497
	Bitmap Heap Scan on sbtest6  (cost=5.44..393.31 rows=98 width=125)
	  Recheck Cond: ((k >= 8307397) AND (k <= 8307497))
	  ->  Bitmap Index Scan on k_6  (cost=0.00..5.42 rows=98 width=0)
	        Index Cond: ((k >= 8307397) AND (k <= 8307497))

table 7 : explain SELECT k, c FROM sbtest7 WHERE k BETWEEN 8307397 AND 8307497
	Bitmap Heap Scan on sbtest7  (cost=5.35..357.84 rows=89 width=125)
	  Recheck Cond: ((k >= 8307397) AND (k <= 8307497))
	  ->  Bitmap Index Scan on k_7  (cost=0.00..5.32 rows=89 width=0)
	        Index Cond: ((k >= 8307397) AND (k <= 8307497))

table 8 : explain SELECT k, c FROM sbtest8 WHERE k BETWEEN 8307397 AND 8307497
	Bitmap Heap Scan on sbtest8  (cost=5.38..369.67 rows=92 width=125)
	  Recheck Cond: ((k >= 8307397) AND (k <= 8307497))
	  ->  Bitmap Index Scan on k_8  (cost=0.00..5.35 rows=92 width=0)
	        Index Cond: ((k >= 8307397) AND (k <= 8307497))

for range-notcovered
table 1 : explain SELECT k, c FROM sbtest1 WHERE k BETWEEN 3200628 AND 3200728
	Bitmap Heap Scan on sbtest1  (cost=5.42..385.43 rows=96 width=125)
	  Recheck Cond: ((k >= 3200628) AND (k <= 3200728))
	  ->  Bitmap Index Scan on k_1  (cost=0.00..5.39 rows=96 width=0)
	        Index Cond: ((k >= 3200628) AND (k <= 3200728))

table 2 : explain SELECT k, c FROM sbtest2 WHERE k BETWEEN 3200628 AND 3200728
	Bitmap Heap Scan on sbtest2  (cost=5.38..369.67 rows=92 width=125)
	  Recheck Cond: ((k >= 3200628) AND (k <= 3200728))
	  ->  Bitmap Index Scan on k_2  (cost=0.00..5.35 rows=92 width=0)
	        Index Cond: ((k >= 3200628) AND (k <= 3200728))

table 3 : explain SELECT k, c FROM sbtest3 WHERE k BETWEEN 3200628 AND 3200728
	Bitmap Heap Scan on sbtest3  (cost=5.44..393.31 rows=98 width=125)
	  Recheck Cond: ((k >= 3200628) AND (k <= 3200728))
	  ->  Bitmap Index Scan on k_3  (cost=0.00..5.42 rows=98 width=0)
	        Index Cond: ((k >= 3200628) AND (k <= 3200728))

table 4 : explain SELECT k, c FROM sbtest4 WHERE k BETWEEN 3200628 AND 3200728
	Bitmap Heap Scan on sbtest4  (cost=5.54..432.69 rows=108 width=125)
	  Recheck Cond: ((k >= 3200628) AND (k <= 3200728))
	  ->  Bitmap Index Scan on k_4  (cost=0.00..5.51 rows=108 width=0)
	        Index Cond: ((k >= 3200628) AND (k <= 3200728))

table 5 : explain SELECT k, c FROM sbtest5 WHERE k BETWEEN 3200628 AND 3200728
	Bitmap Heap Scan on sbtest5  (cost=5.49..413.00 rows=103 width=125)
	  Recheck Cond: ((k >= 3200628) AND (k <= 3200728))
	  ->  Bitmap Index Scan on k_5  (cost=0.00..5.46 rows=103 width=0)
	        Index Cond: ((k >= 3200628) AND (k <= 3200728))

table 6 : explain SELECT k, c FROM sbtest6 WHERE k BETWEEN 3200628 AND 3200728
	Bitmap Heap Scan on sbtest6  (cost=5.38..369.67 rows=92 width=125)
	  Recheck Cond: ((k >= 3200628) AND (k <= 3200728))
	  ->  Bitmap Index Scan on k_6  (cost=0.00..5.35 rows=92 width=0)
	        Index Cond: ((k >= 3200628) AND (k <= 3200728))

table 7 : explain SELECT k, c FROM sbtest7 WHERE k BETWEEN 3200628 AND 3200728
	Bitmap Heap Scan on sbtest7  (cost=5.51..420.88 rows=105 width=125)
	  Recheck Cond: ((k >= 3200628) AND (k <= 3200728))
	  ->  Bitmap Index Scan on k_7  (cost=0.00..5.48 rows=105 width=0)
	        Index Cond: ((k >= 3200628) AND (k <= 3200728))

table 8 : explain SELECT k, c FROM sbtest8 WHERE k BETWEEN 3200628 AND 3200728
	Bitmap Heap Scan on sbtest8  (cost=5.65..475.95 rows=119 width=125)
	  Recheck Cond: ((k >= 3200628) AND (k <= 3200728))
	  ->  Bitmap Index Scan on k_8  (cost=0.00..5.62 rows=119 width=0)
	        Index Cond: ((k >= 3200628) AND (k <= 3200728))
explain: for range-notcovered :: explain SELECT k, c FROM sbtest%d WHERE k BETWEEN 8307397 AND 8307497for range-notcovered
table 1 : explain SELECT k, c FROM sbtest1 WHERE k BETWEEN 6947593 AND 6947693
	Bitmap Heap Scan on sbtest1  (cost=5.39..373.61 rows=93 width=125)
	  Recheck Cond: ((k >= 6947593) AND (k <= 6947693))
	  ->  Bitmap Index Scan on k_1  (cost=0.00..5.36 rows=93 width=0)
	        Index Cond: ((k >= 6947593) AND (k <= 6947693))

table 2 : explain SELECT k, c FROM sbtest2 WHERE k BETWEEN 6947593 AND 6947693
	Bitmap Heap Scan on sbtest2  (cost=5.49..413.00 rows=103 width=125)
	  Recheck Cond: ((k >= 6947593) AND (k <= 6947693))
	  ->  Bitmap Index Scan on k_2  (cost=0.00..5.46 rows=103 width=0)
	        Index Cond: ((k >= 6947593) AND (k <= 6947693))

table 3 : explain SELECT k, c FROM sbtest3 WHERE k BETWEEN 6947593 AND 6947693
	Bitmap Heap Scan on sbtest3  (cost=5.43..389.37 rows=97 width=125)
	  Recheck Cond: ((k >= 6947593) AND (k <= 6947693))
	  ->  Bitmap Index Scan on k_3  (cost=0.00..5.40 rows=97 width=0)
	        Index Cond: ((k >= 6947593) AND (k <= 6947693))

table 4 : explain SELECT k, c FROM sbtest4 WHERE k BETWEEN 6947593 AND 6947693
	Bitmap Heap Scan on sbtest4  (cost=5.46..401.19 rows=100 width=125)
	  Recheck Cond: ((k >= 6947593) AND (k <= 6947693))
	  ->  Bitmap Index Scan on k_4  (cost=0.00..5.43 rows=100 width=0)
	        Index Cond: ((k >= 6947593) AND (k <= 6947693))

table 5 : explain SELECT k, c FROM sbtest5 WHERE k BETWEEN 6947593 AND 6947693
	Bitmap Heap Scan on sbtest5  (cost=5.52..424.81 rows=106 width=125)
	  Recheck Cond: ((k >= 6947593) AND (k <= 6947693))
	  ->  Bitmap Index Scan on k_5  (cost=0.00..5.50 rows=106 width=0)
	        Index Cond: ((k >= 6947593) AND (k <= 6947693))

table 6 : explain SELECT k, c FROM sbtest6 WHERE k BETWEEN 6947593 AND 6947693
	Bitmap Heap Scan on sbtest6  (cost=5.47..405.13 rows=101 width=125)
	  Recheck Cond: ((k >= 6947593) AND (k <= 6947693))
	  ->  Bitmap Index Scan on k_6  (cost=0.00..5.44 rows=101 width=0)
	        Index Cond: ((k >= 6947593) AND (k <= 6947693))

table 7 : explain SELECT k, c FROM sbtest7 WHERE k BETWEEN 6947593 AND 6947693
	Bitmap Heap Scan on sbtest7  (cost=5.53..428.75 rows=107 width=125)
	  Recheck Cond: ((k >= 6947593) AND (k <= 6947693))
	  ->  Bitmap Index Scan on k_7  (cost=0.00..5.50 rows=107 width=0)
	        Index Cond: ((k >= 6947593) AND (k <= 6947693))

table 8 : explain SELECT k, c FROM sbtest8 WHERE k BETWEEN 6947593 AND 6947693
	Bitmap Heap Scan on sbtest8  (cost=5.51..420.88 rows=105 width=125)
	  Recheck Cond: ((k >= 6947593) AND (k <= 6947693))
	  ->  Bitmap Index Scan on k_8  (cost=0.00..5.48 rows=105 width=0)
	        Index Cond: ((k >= 6947593) AND (k <= 6947693))



explain: for range-notcovered :: explain SELECT k, c FROM sbtest%d WHERE k BETWEEN 3200628 AND 3200728
explain: for range-notcovered :: explain SELECT k, c FROM sbtest%d WHERE k BETWEEN 6947593 AND 6947693
explain: for range-notcovered :: explain SELECT k, c FROM sbtest%d WHERE k BETWEEN 2209652 AND 2209752
for range-notcovered
table 1 : explain SELECT k, c FROM sbtest1 WHERE k BETWEEN 7570628 AND 7570728
	Bitmap Heap Scan on sbtest1  (cost=5.54..432.69 rows=108 width=125)
	  Recheck Cond: ((k >= 7570628) AND (k <= 7570728))
	  ->  Bitmap Index Scan on k_1  (cost=0.00..5.51 rows=108 width=0)
	        Index Cond: ((k >= 7570628) AND (k <= 7570728))

table 2 : explain SELECT k, c FROM sbtest2 WHERE k BETWEEN 7570628 AND 7570728
	Bitmap Heap Scan on sbtest2  (cost=5.55..436.62 rows=109 width=125)
	  Recheck Cond: ((k >= 7570628) AND (k <= 7570728))
	  ->  Bitmap Index Scan on k_2  (cost=0.00..5.52 rows=109 width=0)
	        Index Cond: ((k >= 7570628) AND (k <= 7570728))

table 3 : explain SELECT k, c FROM sbtest3 WHERE k BETWEEN 7570628 AND 7570728
	Bitmap Heap Scan on sbtest3  (cost=5.52..424.81 rows=106 width=125)
	  Recheck Cond: ((k >= 7570628) AND (k <= 7570728))
	  ->  Bitmap Index Scan on k_3  (cost=0.00..5.50 rows=106 width=0)
	        Index Cond: ((k >= 7570628) AND (k <= 7570728))

table 4 : explain SELECT k, c FROM sbtest4 WHERE k BETWEEN 7570628 AND 7570728
	Bitmap Heap Scan on sbtest4  (cost=5.51..420.88 rows=105 width=125)
	  Recheck Cond: ((k >= 7570628) AND (k <= 7570728))
	  ->  Bitmap Index Scan on k_4  (cost=0.00..5.48 rows=105 width=0)
	        Index Cond: ((k >= 7570628) AND (k <= 7570728))

table 5 : explain SELECT k, c FROM sbtest5 WHERE k BETWEEN 7570628 AND 7570728
	Bitmap Heap Scan on sbtest5  (cost=5.44..393.31 rows=98 width=125)
	  Recheck Cond: ((k >= 7570628) AND (k <= 7570728))
	  ->  Bitmap Index Scan on k_5  (cost=0.00..5.42 rows=98 width=0)
	        Index Cond: ((k >= 7570628) AND (k <= 7570728))

table 6 : explain SELECT k, c FROM sbtest6 WHERE k BETWEEN 7570628 AND 7570728
	Bitmap Heap Scan on sbtest6  (cost=5.49..413.00 rows=103 width=125)
	  Recheck Cond: ((k >= 7570628) AND (k <= 7570728))
	  ->  Bitmap Index Scan on k_6  (cost=0.00..5.46 rows=103 width=0)
	        Index Cond: ((k >= 7570628) AND (k <= 7570728))

table 7 : explain SELECT k, c FROM sbtest7 WHERE k BETWEEN 7570628 AND 7570728
	Bitmap Heap Scan on sbtest7  (cost=5.46..401.19 rows=100 width=125)
	  Recheck Cond: ((k >= 7570628) AND (k <= 7570728))
	  ->  Bitmap Index Scan on k_7  (cost=0.00..5.43 rows=100 width=0)
	        Index Cond: ((k >= 7570628) AND (k <= 7570728))

table 8 : explain SELECT k, c FROM sbtest8 WHERE k BETWEEN 7570628 AND 7570728
	Bitmap Heap Scan on sbtest8  (cost=5.51..420.88 rows=105 width=125)
	  Recheck Cond: ((k >= 7570628) AND (k <= 7570728))
	  ->  Bitmap Index Scan on k_8  (cost=0.00..5.48 rows=105 width=0)
	        Index Cond: ((k >= 7570628) AND (k <= 7570728))

explain: for range-notcovered :: explain SELECT k, c FROM sbtest%d WHERE k BETWEEN 6412892 AND 6412992
explain: for range-notcovered :: explain SELECT k, c FROM sbtest%d WHERE k BETWEEN 7570628 AND 7570728
explain: for range-notcovered :: explain SELECT k, c FROM sbtest%d WHERE k BETWEEN 4541118 AND 4541218
for range-notcovered
table 1 : explain SELECT k, c FROM sbtest1 WHERE k BETWEEN 4426734 AND 4426834
	Bitmap Heap Scan on sbtest1  (cost=5.53..428.75 rows=107 width=125)
	  Recheck Cond: ((k >= 4426734) AND (k <= 4426834))
	  ->  Bitmap Index Scan on k_1  (cost=0.00..5.50 rows=107 width=0)
	        Index Cond: ((k >= 4426734) AND (k <= 4426834))

table 2 : explain SELECT k, c FROM sbtest2 WHERE k BETWEEN 4426734 AND 4426834
	Bitmap Heap Scan on sbtest2  (cost=5.53..428.75 rows=107 width=125)
	  Recheck Cond: ((k >= 4426734) AND (k <= 4426834))
	  ->  Bitmap Index Scan on k_2  (cost=0.00..5.50 rows=107 width=0)
	        Index Cond: ((k >= 4426734) AND (k <= 4426834))

table 3 : explain SELECT k, c FROM sbtest3 WHERE k BETWEEN 4426734 AND 4426834
	Bitmap Heap Scan on sbtest3  (cost=5.37..365.72 rows=91 width=125)
	  Recheck Cond: ((k >= 4426734) AND (k <= 4426834))
	  ->  Bitmap Index Scan on k_3  (cost=0.00..5.34 rows=91 width=0)
	        Index Cond: ((k >= 4426734) AND (k <= 4426834))

table 4 : explain SELECT k, c FROM sbtest4 WHERE k BETWEEN 4426734 AND 4426834
	Bitmap Heap Scan on sbtest4  (cost=5.41..381.49 rows=95 width=125)
	  Recheck Cond: ((k >= 4426734) AND (k <= 4426834))
	  ->  Bitmap Index Scan on k_4  (cost=0.00..5.38 rows=95 width=0)
	        Index Cond: ((k >= 4426734) AND (k <= 4426834))

table 5 : explain SELECT k, c FROM sbtest5 WHERE k BETWEEN 4426734 AND 4426834
	Bitmap Heap Scan on sbtest5  (cost=5.48..409.07 rows=102 width=125)
	  Recheck Cond: ((k >= 4426734) AND (k <= 4426834))
	  ->  Bitmap Index Scan on k_5  (cost=0.00..5.45 rows=102 width=0)
	        Index Cond: ((k >= 4426734) AND (k <= 4426834))

table 6 : explain SELECT k, c FROM sbtest6 WHERE k BETWEEN 4426734 AND 4426834
	Bitmap Heap Scan on sbtest6  (cost=5.62..464.15 rows=116 width=125)
	  Recheck Cond: ((k >= 4426734) AND (k <= 4426834))
	  ->  Bitmap Index Scan on k_6  (cost=0.00..5.59 rows=116 width=0)
	        Index Cond: ((k >= 4426734) AND (k <= 4426834))

table 7 : explain SELECT k, c FROM sbtest7 WHERE k BETWEEN 4426734 AND 4426834
	Bitmap Heap Scan on sbtest7  (cost=5.52..424.81 rows=106 width=125)
	  Recheck Cond: ((k >= 4426734) AND (k <= 4426834))
	  ->  Bitmap Index Scan on k_7  (cost=0.00..5.50 rows=106 width=0)
	        Index Cond: ((k >= 4426734) AND (k <= 4426834))

table 8 : explain SELECT k, c FROM sbtest8 WHERE k BETWEEN 4426734 AND 4426834
	Bitmap Heap Scan on sbtest8  (cost=5.47..405.13 rows=101 width=125)
	  Recheck Cond: ((k >= 4426734) AND (k <= 4426834))
	  ->  Bitmap Index Scan on k_8  (cost=0.00..5.44 rows=101 width=0)
	        Index Cond: ((k >= 4426734) AND (k <= 4426834))

for range-notcovered
table 1 : explain SELECT k, c FROM sbtest1 WHERE k BETWEEN 7056351 AND 7056451
	Bitmap Heap Scan on sbtest1  (cost=5.49..413.00 rows=103 width=125)
	  Recheck Cond: ((k >= 7056351) AND (k <= 7056451))
	  ->  Bitmap Index Scan on k_1  (cost=0.00..5.46 rows=103 width=0)
	        Index Cond: ((k >= 7056351) AND (k <= 7056451))

table 2 : explain SELECT k, c FROM sbtest2 WHERE k BETWEEN 7056351 AND 7056451
	Bitmap Heap Scan on sbtest2  (cost=5.48..409.07 rows=102 width=125)
	  Recheck Cond: ((k >= 7056351) AND (k <= 7056451))
	  ->  Bitmap Index Scan on k_2  (cost=0.00..5.45 rows=102 width=0)
	        Index Cond: ((k >= 7056351) AND (k <= 7056451))

table 3 : explain SELECT k, c FROM sbtest3 WHERE k BETWEEN 7056351 AND 7056451
	Bitmap Heap Scan on sbtest3  (cost=5.58..448.42 rows=112 width=125)
	  Recheck Cond: ((k >= 7056351) AND (k <= 7056451))
	  ->  Bitmap Index Scan on k_3  (cost=0.00..5.55 rows=112 width=0)
	        Index Cond: ((k >= 7056351) AND (k <= 7056451))

table 4 : explain SELECT k, c FROM sbtest4 WHERE k BETWEEN 7056351 AND 7056451
	Bitmap Heap Scan on sbtest4  (cost=5.47..405.13 rows=101 width=125)
	  Recheck Cond: ((k >= 7056351) AND (k <= 7056451))
	  ->  Bitmap Index Scan on k_4  (cost=0.00..5.44 rows=101 width=0)
	        Index Cond: ((k >= 7056351) AND (k <= 7056451))

table 5 : explain SELECT k, c FROM sbtest5 WHERE k BETWEEN 7056351 AND 7056451
	Bitmap Heap Scan on sbtest5  (cost=5.43..389.37 rows=97 width=125)
	  Recheck Cond: ((k >= 7056351) AND (k <= 7056451))
	  ->  Bitmap Index Scan on k_5  (cost=0.00..5.40 rows=97 width=0)
	        Index Cond: ((k >= 7056351) AND (k <= 7056451))

table 6 : explain SELECT k, c FROM sbtest6 WHERE k BETWEEN 7056351 AND 7056451
	Bitmap Heap Scan on sbtest6  (cost=5.48..409.07 rows=102 width=125)
	  Recheck Cond: ((k >= 7056351) AND (k <= 7056451))
	  ->  Bitmap Index Scan on k_6  (cost=0.00..5.45 rows=102 width=0)
	        Index Cond: ((k >= 7056351) AND (k <= 7056451))

table 7 : explain SELECT k, c FROM sbtest7 WHERE k BETWEEN 7056351 AND 7056451
	Bitmap Heap Scan on sbtest7  (cost=5.54..432.69 rows=108 width=125)
	  Recheck Cond: ((k >= 7056351) AND (k <= 7056451))
	  ->  Bitmap Index Scan on k_7  (cost=0.00..5.51 rows=108 width=0)
	        Index Cond: ((k >= 7056351) AND (k <= 7056451))

table 8 : explain SELECT k, c FROM sbtest8 WHERE k BETWEEN 7056351 AND 7056451
	Bitmap Heap Scan on sbtest8  (cost=5.45..397.25 rows=99 width=125)
	  Recheck Cond: ((k >= 7056351) AND (k <= 7056451))
	  ->  Bitmap Index Scan on k_8  (cost=0.00..5.42 rows=99 width=0)
	        Index Cond: ((k >= 7056351) AND (k <= 7056451))

explain: for range-notcovered :: explain SELECT k, c FROM sbtest%d WHERE k BETWEEN 4426734 AND 4426834
for range-notcovered
table 1 : explain SELECT k, c FROM sbtest1 WHERE k BETWEEN 8346016 AND 8346116
	Bitmap Heap Scan on sbtest1  (cost=5.49..413.00 rows=103 width=125)
	  Recheck Cond: ((k >= 8346016) AND (k <= 8346116))
	  ->  Bitmap Index Scan on k_1  (cost=0.00..5.46 rows=103 width=0)
	        Index Cond: ((k >= 8346016) AND (k <= 8346116))

table 2 : explain SELECT k, c FROM sbtest2 WHERE k BETWEEN 8346016 AND 8346116
	Bitmap Heap Scan on sbtest2  (cost=5.51..420.88 rows=105 width=125)
	  Recheck Cond: ((k >= 8346016) AND (k <= 8346116))
	  ->  Bitmap Index Scan on k_2  (cost=0.00..5.48 rows=105 width=0)
	        Index Cond: ((k >= 8346016) AND (k <= 8346116))

table 3 : explain SELECT k, c FROM sbtest3 WHERE k BETWEEN 8346016 AND 8346116
	Bitmap Heap Scan on sbtest3  (cost=5.51..420.88 rows=105 width=125)
	  Recheck Cond: ((k >= 8346016) AND (k <= 8346116))
	  ->  Bitmap Index Scan on k_3  (cost=0.00..5.48 rows=105 width=0)
	        Index Cond: ((k >= 8346016) AND (k <= 8346116))

table 4 : explain SELECT k, c FROM sbtest4 WHERE k BETWEEN 8346016 AND 8346116
	Bitmap Heap Scan on sbtest4  (cost=5.50..416.94 rows=104 width=125)
	  Recheck Cond: ((k >= 8346016) AND (k <= 8346116))
	  ->  Bitmap Index Scan on k_4  (cost=0.00..5.47 rows=104 width=0)
	        Index Cond: ((k >= 8346016) AND (k <= 8346116))

table 5 : explain SELECT k, c FROM sbtest5 WHERE k BETWEEN 8346016 AND 8346116
	Bitmap Heap Scan on sbtest5  (cost=5.43..389.37 rows=97 width=125)
	  Recheck Cond: ((k >= 8346016) AND (k <= 8346116))
	  ->  Bitmap Index Scan on k_5  (cost=0.00..5.40 rows=97 width=0)
	        Index Cond: ((k >= 8346016) AND (k <= 8346116))

table 6 : explain SELECT k, c FROM sbtest6 WHERE k BETWEEN 8346016 AND 8346116
	Bitmap Heap Scan on sbtest6  (cost=5.44..393.31 rows=98 width=125)
	  Recheck Cond: ((k >= 8346016) AND (k <= 8346116))
	  ->  Bitmap Index Scan on k_6  (cost=0.00..5.42 rows=98 width=0)
	        Index Cond: ((k >= 8346016) AND (k <= 8346116))

table 7 : explain SELECT k, c FROM sbtest7 WHERE k BETWEEN 8346016 AND 8346116
	Bitmap Heap Scan on sbtest7  (cost=5.35..357.84 rows=89 width=125)
	  Recheck Cond: ((k >= 8346016) AND (k <= 8346116))
	  ->  Bitmap Index Scan on k_7  (cost=0.00..5.32 rows=89 width=0)
	        Index Cond: ((k >= 8346016) AND (k <= 8346116))

table 8 : explain SELECT k, c FROM sbtest8 WHERE k BETWEEN 8346016 AND 8346116
	Bitmap Heap Scan on sbtest8  (cost=5.38..369.67 rows=92 width=125)
	  Recheck Cond: ((k >= 8346016) AND (k <= 8346116))
	  ->  Bitmap Index Scan on k_8  (cost=0.00..5.35 rows=92 width=0)
	        Index Cond: ((k >= 8346016) AND (k <= 8346116))

for range-notcovered
table 1 : explain SELECT k, c FROM sbtest1 WHERE k BETWEEN 1200448 AND 1200548
	Bitmap Heap Scan on sbtest1  (cost=5.51..420.88 rows=105 width=125)
	  Recheck Cond: ((k >= 1200448) AND (k <= 1200548))
	  ->  Bitmap Index Scan on k_1  (cost=0.00..5.48 rows=105 width=0)
	        Index Cond: ((k >= 1200448) AND (k <= 1200548))

table 2 : explain SELECT k, c FROM sbtest2 WHERE k BETWEEN 1200448 AND 1200548
	Bitmap Heap Scan on sbtest2  (cost=5.53..428.75 rows=107 width=125)
	  Recheck Cond: ((k >= 1200448) AND (k <= 1200548))
	  ->  Bitmap Index Scan on k_2  (cost=0.00..5.50 rows=107 width=0)
	        Index Cond: ((k >= 1200448) AND (k <= 1200548))

table 3 : explain SELECT k, c FROM sbtest3 WHERE k BETWEEN 1200448 AND 1200548
	Bitmap Heap Scan on sbtest3  (cost=5.62..464.15 rows=116 width=125)
	  Recheck Cond: ((k >= 1200448) AND (k <= 1200548))
	  ->  Bitmap Index Scan on k_3  (cost=0.00..5.59 rows=116 width=0)
	        Index Cond: ((k >= 1200448) AND (k <= 1200548))

table 4 : explain SELECT k, c FROM sbtest4 WHERE k BETWEEN 1200448 AND 1200548
	Bitmap Heap Scan on sbtest4  (cost=5.45..397.25 rows=99 width=125)
	  Recheck Cond: ((k >= 1200448) AND (k <= 1200548))
	  ->  Bitmap Index Scan on k_4  (cost=0.00..5.42 rows=99 width=0)
	        Index Cond: ((k >= 1200448) AND (k <= 1200548))

table 5 : explain SELECT k, c FROM sbtest5 WHERE k BETWEEN 1200448 AND 1200548
	Bitmap Heap Scan on sbtest5  (cost=5.47..405.13 rows=101 width=125)
	  Recheck Cond: ((k >= 1200448) AND (k <= 1200548))
	  ->  Bitmap Index Scan on k_5  (cost=0.00..5.44 rows=101 width=0)
	        Index Cond: ((k >= 1200448) AND (k <= 1200548))

table 6 : explain SELECT k, c FROM sbtest6 WHERE k BETWEEN 1200448 AND 1200548
	Bitmap Heap Scan on sbtest6  (cost=5.45..397.25 rows=99 width=125)
	  Recheck Cond: ((k >= 1200448) AND (k <= 1200548))
	  ->  Bitmap Index Scan on k_6  (cost=0.00..5.42 rows=99 width=0)
	        Index Cond: ((k >= 1200448) AND (k <= 1200548))

table 7 : explain SELECT k, c FROM sbtest7 WHERE k BETWEEN 1200448 AND 1200548
	Bitmap Heap Scan on sbtest7  (cost=5.50..416.94 rows=104 width=125)
	  Recheck Cond: ((k >= 1200448) AND (k <= 1200548))
	  ->  Bitmap Index Scan on k_7  (cost=0.00..5.47 rows=104 width=0)
	        Index Cond: ((k >= 1200448) AND (k <= 1200548))

table 8 : explain SELECT k, c FROM sbtest8 WHERE k BETWEEN 1200448 AND 1200548
	Bitmap Heap Scan on sbtest8  (cost=5.47..405.13 rows=101 width=125)
	  Recheck Cond: ((k >= 1200448) AND (k <= 1200548))
	  ->  Bitmap Index Scan on k_8  (cost=0.00..5.44 rows=101 width=0)
	        Index Cond: ((k >= 1200448) AND (k <= 1200548))

for range-notcovered
table 1 : explain SELECT k, c FROM sbtest1 WHERE k BETWEEN 7244199 AND 7244299
	Bitmap Heap Scan on sbtest1  (cost=5.48..409.07 rows=102 width=125)
	  Recheck Cond: ((k >= 7244199) AND (k <= 7244299))
	  ->  Bitmap Index Scan on k_1  (cost=0.00..5.45 rows=102 width=0)
	        Index Cond: ((k >= 7244199) AND (k <= 7244299))

table 2 : explain SELECT k, c FROM sbtest2 WHERE k BETWEEN 7244199 AND 7244299
	Bitmap Heap Scan on sbtest2  (cost=5.49..413.00 rows=103 width=125)
	  Recheck Cond: ((k >= 7244199) AND (k <= 7244299))
	  ->  Bitmap Index Scan on k_2  (cost=0.00..5.46 rows=103 width=0)
	        Index Cond: ((k >= 7244199) AND (k <= 7244299))

table 3 : explain SELECT k, c FROM sbtest3 WHERE k BETWEEN 7244199 AND 7244299
	Bitmap Heap Scan on sbtest3  (cost=5.46..401.19 rows=100 width=125)
	  Recheck Cond: ((k >= 7244199) AND (k <= 7244299))
	  ->  Bitmap Index Scan on k_3  (cost=0.00..5.43 rows=100 width=0)
	        Index Cond: ((k >= 7244199) AND (k <= 7244299))

table 4 : explain SELECT k, c FROM sbtest4 WHERE k BETWEEN 7244199 AND 7244299
	Bitmap Heap Scan on sbtest4  (cost=5.41..381.49 rows=95 width=125)
	  Recheck Cond: ((k >= 7244199) AND (k <= 7244299))
	  ->  Bitmap Index Scan on k_4  (cost=0.00..5.38 rows=95 width=0)
	        Index Cond: ((k >= 7244199) AND (k <= 7244299))

table 5 : explain SELECT k, c FROM sbtest5 WHERE k BETWEEN 7244199 AND 7244299
	Bitmap Heap Scan on sbtest5  (cost=5.47..405.13 rows=101 width=125)
	  Recheck Cond: ((k >= 7244199) AND (k <= 7244299))
	  ->  Bitmap Index Scan on k_5  (cost=0.00..5.44 rows=101 width=0)
	        Index Cond: ((k >= 7244199) AND (k <= 7244299))

table 6 : explain SELECT k, c FROM sbtest6 WHERE k BETWEEN 7244199 AND 7244299
	Bitmap Heap Scan on sbtest6  (cost=5.39..373.61 rows=93 width=125)
	  Recheck Cond: ((k >= 7244199) AND (k <= 7244299))
	  ->  Bitmap Index Scan on k_6  (cost=0.00..5.36 rows=93 width=0)
	        Index Cond: ((k >= 7244199) AND (k <= 7244299))

table 7 : explain SELECT k, c FROM sbtest7 WHERE k BETWEEN 7244199 AND 7244299
	Bitmap Heap Scan on sbtest7  (cost=5.43..389.37 rows=97 width=125)
	  Recheck Cond: ((k >= 7244199) AND (k <= 7244299))
	  ->  Bitmap Index Scan on k_7  (cost=0.00..5.40 rows=97 width=0)
	        Index Cond: ((k >= 7244199) AND (k <= 7244299))

table 8 : explain SELECT k, c FROM sbtest8 WHERE k BETWEEN 7244199 AND 7244299
	Bitmap Heap Scan on sbtest8  (cost=5.47..405.13 rows=101 width=125)
	  Recheck Cond: ((k >= 7244199) AND (k <= 7244299))
	  ->  Bitmap Index Scan on k_8  (cost=0.00..5.44 rows=101 width=0)
	        Index Cond: ((k >= 7244199) AND (k <= 7244299))

explain: for range-notcovered :: explain SELECT k, c FROM sbtest%d WHERE k BETWEEN 7056351 AND 7056451
for range-notcovered
table 1 : explain SELECT k, c FROM sbtest1 WHERE k BETWEEN 6947593 AND 6947693
	Bitmap Heap Scan on sbtest1  (cost=5.39..373.61 rows=93 width=125)
	  Recheck Cond: ((k >= 6947593) AND (k <= 6947693))
	  ->  Bitmap Index Scan on k_1  (cost=0.00..5.36 rows=93 width=0)
	        Index Cond: ((k >= 6947593) AND (k <= 6947693))

table 2 : explain SELECT k, c FROM sbtest2 WHERE k BETWEEN 6947593 AND 6947693
	Bitmap Heap Scan on sbtest2  (cost=5.49..413.00 rows=103 width=125)
	  Recheck Cond: ((k >= 6947593) AND (k <= 6947693))
	  ->  Bitmap Index Scan on k_2  (cost=0.00..5.46 rows=103 width=0)
	        Index Cond: ((k >= 6947593) AND (k <= 6947693))

table 3 : explain SELECT k, c FROM sbtest3 WHERE k BETWEEN 6947593 AND 6947693
	Bitmap Heap Scan on sbtest3  (cost=5.43..389.37 rows=97 width=125)
	  Recheck Cond: ((k >= 6947593) AND (k <= 6947693))
	  ->  Bitmap Index Scan on k_3  (cost=0.00..5.40 rows=97 width=0)
	        Index Cond: ((k >= 6947593) AND (k <= 6947693))

table 4 : explain SELECT k, c FROM sbtest4 WHERE k BETWEEN 6947593 AND 6947693
	Bitmap Heap Scan on sbtest4  (cost=5.46..401.19 rows=100 width=125)
	  Recheck Cond: ((k >= 6947593) AND (k <= 6947693))
	  ->  Bitmap Index Scan on k_4  (cost=0.00..5.43 rows=100 width=0)
	        Index Cond: ((k >= 6947593) AND (k <= 6947693))

table 5 : explain SELECT k, c FROM sbtest5 WHERE k BETWEEN 6947593 AND 6947693
	Bitmap Heap Scan on sbtest5  (cost=5.52..424.81 rows=106 width=125)
	  Recheck Cond: ((k >= 6947593) AND (k <= 6947693))
	  ->  Bitmap Index Scan on k_5  (cost=0.00..5.50 rows=106 width=0)
	        Index Cond: ((k >= 6947593) AND (k <= 6947693))

table 6 : explain SELECT k, c FROM sbtest6 WHERE k BETWEEN 6947593 AND 6947693
	Bitmap Heap Scan on sbtest6  (cost=5.47..405.13 rows=101 width=125)
	  Recheck Cond: ((k >= 6947593) AND (k <= 6947693))
	  ->  Bitmap Index Scan on k_6  (cost=0.00..5.44 rows=101 width=0)
	        Index Cond: ((k >= 6947593) AND (k <= 6947693))

table 7 : explain SELECT k, c FROM sbtest7 WHERE k BETWEEN 6947593 AND 6947693
	Bitmap Heap Scan on sbtest7  (cost=5.53..428.75 rows=107 width=125)
	  Recheck Cond: ((k >= 6947593) AND (k <= 6947693))
	  ->  Bitmap Index Scan on k_7  (cost=0.00..5.50 rows=107 width=0)
	        Index Cond: ((k >= 6947593) AND (k <= 6947693))

table 8 : explain SELECT k, c FROM sbtest8 WHERE k BETWEEN 6947593 AND 6947693
	Bitmap Heap Scan on sbtest8  (cost=5.51..420.88 rows=105 width=125)
	  Recheck Cond: ((k >= 6947593) AND (k <= 6947693))
	  ->  Bitmap Index Scan on k_8  (cost=0.00..5.48 rows=105 width=0)
	        Index Cond: ((k >= 6947593) AND (k <= 6947693))

explain: for range-notcovered :: explain SELECT k, c FROM sbtest%d WHERE k BETWEEN 1200448 AND 1200548
explain: for range-notcovered :: explain SELECT k, c FROM sbtest%d WHERE k BETWEEN 6947593 AND 6947693
for range-notcovered
table 1 : explain SELECT k, c FROM sbtest1 WHERE k BETWEEN 4646032 AND 4646132
	Bitmap Heap Scan on sbtest1  (cost=5.48..409.07 rows=102 width=125)
	  Recheck Cond: ((k >= 4646032) AND (k <= 4646132))
	  ->  Bitmap Index Scan on k_1  (cost=0.00..5.45 rows=102 width=0)
	        Index Cond: ((k >= 4646032) AND (k <= 4646132))

table 2 : explain SELECT k, c FROM sbtest2 WHERE k BETWEEN 4646032 AND 4646132
	Bitmap Heap Scan on sbtest2  (cost=5.46..401.19 rows=100 width=125)
	  Recheck Cond: ((k >= 4646032) AND (k <= 4646132))
	  ->  Bitmap Index Scan on k_2  (cost=0.00..5.43 rows=100 width=0)
	        Index Cond: ((k >= 4646032) AND (k <= 4646132))

table 3 : explain SELECT k, c FROM sbtest3 WHERE k BETWEEN 4646032 AND 4646132
	Bitmap Heap Scan on sbtest3  (cost=5.53..428.75 rows=107 width=125)
	  Recheck Cond: ((k >= 4646032) AND (k <= 4646132))
	  ->  Bitmap Index Scan on k_3  (cost=0.00..5.50 rows=107 width=0)
	        Index Cond: ((k >= 4646032) AND (k <= 4646132))

table 4 : explain SELECT k, c FROM sbtest4 WHERE k BETWEEN 4646032 AND 4646132
	Bitmap Heap Scan on sbtest4  (cost=5.51..420.88 rows=105 width=125)
	  Recheck Cond: ((k >= 4646032) AND (k <= 4646132))
	  ->  Bitmap Index Scan on k_4  (cost=0.00..5.48 rows=105 width=0)
	        Index Cond: ((k >= 4646032) AND (k <= 4646132))

table 5 : explain SELECT k, c FROM sbtest5 WHERE k BETWEEN 4646032 AND 4646132
	Bitmap Heap Scan on sbtest5  (cost=5.48..409.07 rows=102 width=125)
	  Recheck Cond: ((k >= 4646032) AND (k <= 4646132))
	  ->  Bitmap Index Scan on k_5  (cost=0.00..5.45 rows=102 width=0)
	        Index Cond: ((k >= 4646032) AND (k <= 4646132))

table 6 : explain SELECT k, c FROM sbtest6 WHERE k BETWEEN 4646032 AND 4646132
	Bitmap Heap Scan on sbtest6  (cost=5.43..389.37 rows=97 width=125)
	  Recheck Cond: ((k >= 4646032) AND (k <= 4646132))
	  ->  Bitmap Index Scan on k_6  (cost=0.00..5.40 rows=97 width=0)
	        Index Cond: ((k >= 4646032) AND (k <= 4646132))

table 7 : explain SELECT k, c FROM sbtest7 WHERE k BETWEEN 4646032 AND 4646132
	Bitmap Heap Scan on sbtest7  (cost=5.50..416.94 rows=104 width=125)
	  Recheck Cond: ((k >= 4646032) AND (k <= 4646132))
	  ->  Bitmap Index Scan on k_7  (cost=0.00..5.47 rows=104 width=0)
	        Index Cond: ((k >= 4646032) AND (k <= 4646132))

table 8 : explain SELECT k, c FROM sbtest8 WHERE k BETWEEN 4646032 AND 4646132
	Bitmap Heap Scan on sbtest8  (cost=5.49..413.00 rows=103 width=125)
	  Recheck Cond: ((k >= 4646032) AND (k <= 4646132))
	  ->  Bitmap Index Scan on k_8  (cost=0.00..5.46 rows=103 width=0)
	        Index Cond: ((k >= 4646032) AND (k <= 4646132))

for range-notcovered
table 1 : explain SELECT k, c FROM sbtest1 WHERE k BETWEEN 6578497 AND 6578597
	Bitmap Heap Scan on sbtest1  (cost=5.43..389.37 rows=97 width=125)
	  Recheck Cond: ((k >= 6578497) AND (k <= 6578597))
	  ->  Bitmap Index Scan on k_1  (cost=0.00..5.40 rows=97 width=0)
	        Index Cond: ((k >= 6578497) AND (k <= 6578597))

table 2 : explain SELECT k, c FROM sbtest2 WHERE k BETWEEN 6578497 AND 6578597
	Bitmap Heap Scan on sbtest2  (cost=5.44..393.31 rows=98 width=125)
	  Recheck Cond: ((k >= 6578497) AND (k <= 6578597))
	  ->  Bitmap Index Scan on k_2  (cost=0.00..5.42 rows=98 width=0)
	        Index Cond: ((k >= 6578497) AND (k <= 6578597))

table 3 : explain SELECT k, c FROM sbtest3 WHERE k BETWEEN 6578497 AND 6578597
	Bitmap Heap Scan on sbtest3  (cost=5.45..397.25 rows=99 width=125)
	  Recheck Cond: ((k >= 6578497) AND (k <= 6578597))
	  ->  Bitmap Index Scan on k_3  (cost=0.00..5.42 rows=99 width=0)
	        Index Cond: ((k >= 6578497) AND (k <= 6578597))

table 4 : explain SELECT k, c FROM sbtest4 WHERE k BETWEEN 6578497 AND 6578597
	Bitmap Heap Scan on sbtest4  (cost=5.53..428.75 rows=107 width=125)
	  Recheck Cond: ((k >= 6578497) AND (k <= 6578597))
	  ->  Bitmap Index Scan on k_4  (cost=0.00..5.50 rows=107 width=0)
	        Index Cond: ((k >= 6578497) AND (k <= 6578597))

table 5 : explain SELECT k, c FROM sbtest5 WHERE k BETWEEN 6578497 AND 6578597
	Bitmap Heap Scan on sbtest5  (cost=5.51..420.88 rows=105 width=125)
	  Recheck Cond: ((k >= 6578497) AND (k <= 6578597))
	  ->  Bitmap Index Scan on k_5  (cost=0.00..5.48 rows=105 width=0)
	        Index Cond: ((k >= 6578497) AND (k <= 6578597))

table 6 : explain SELECT k, c FROM sbtest6 WHERE k BETWEEN 6578497 AND 6578597
	Bitmap Heap Scan on sbtest6  (cost=5.49..413.00 rows=103 width=125)
	  Recheck Cond: ((k >= 6578497) AND (k <= 6578597))
	  ->  Bitmap Index Scan on k_6  (cost=0.00..5.46 rows=103 width=0)
	        Index Cond: ((k >= 6578497) AND (k <= 6578597))

table 7 : explain SELECT k, c FROM sbtest7 WHERE k BETWEEN 6578497 AND 6578597
	Bitmap Heap Scan on sbtest7  (cost=5.50..416.94 rows=104 width=125)
	  Recheck Cond: ((k >= 6578497) AND (k <= 6578597))
	  ->  Bitmap Index Scan on k_7  (cost=0.00..5.47 rows=104 width=0)
	        Index Cond: ((k >= 6578497) AND (k <= 6578597))

table 8 : explain SELECT k, c FROM sbtest8 WHERE k BETWEEN 6578497 AND 6578597
	Bitmap Heap Scan on sbtest8  (cost=5.48..409.07 rows=102 width=125)
	  Recheck Cond: ((k >= 6578497) AND (k <= 6578597))
	  ->  Bitmap Index Scan on k_8  (cost=0.00..5.45 rows=102 width=0)
	        Index Cond: ((k >= 6578497) AND (k <= 6578597))

for range-notcovered
table 1 : explain SELECT k, c FROM sbtest1 WHERE k BETWEEN 6235265 AND 6235365
	Bitmap Heap Scan on sbtest1  (cost=5.45..397.25 rows=99 width=125)
	  Recheck Cond: ((k >= 6235265) AND (k <= 6235365))
	  ->  Bitmap Index Scan on k_1  (cost=0.00..5.42 rows=99 width=0)
	        Index Cond: ((k >= 6235265) AND (k <= 6235365))

table 2 : explain SELECT k, c FROM sbtest2 WHERE k BETWEEN 6235265 AND 6235365
	Bitmap Heap Scan on sbtest2  (cost=5.42..385.43 rows=96 width=125)
	  Recheck Cond: ((k >= 6235265) AND (k <= 6235365))
	  ->  Bitmap Index Scan on k_2  (cost=0.00..5.39 rows=96 width=0)
	        Index Cond: ((k >= 6235265) AND (k <= 6235365))

table 3 : explain SELECT k, c FROM sbtest3 WHERE k BETWEEN 6235265 AND 6235365
	Bitmap Heap Scan on sbtest3  (cost=5.48..409.07 rows=102 width=125)
	  Recheck Cond: ((k >= 6235265) AND (k <= 6235365))
	  ->  Bitmap Index Scan on k_3  (cost=0.00..5.45 rows=102 width=0)
	        Index Cond: ((k >= 6235265) AND (k <= 6235365))

table 4 : explain SELECT k, c FROM sbtest4 WHERE k BETWEEN 6235265 AND 6235365
	Bitmap Heap Scan on sbtest4  (cost=5.46..401.19 rows=100 width=125)
	  Recheck Cond: ((k >= 6235265) AND (k <= 6235365))
	  ->  Bitmap Index Scan on k_4  (cost=0.00..5.43 rows=100 width=0)
	        Index Cond: ((k >= 6235265) AND (k <= 6235365))

table 5 : explain SELECT k, c FROM sbtest5 WHERE k BETWEEN 6235265 AND 6235365
	Bitmap Heap Scan on sbtest5  (cost=5.45..397.25 rows=99 width=125)
	  Recheck Cond: ((k >= 6235265) AND (k <= 6235365))
	  ->  Bitmap Index Scan on k_5  (cost=0.00..5.42 rows=99 width=0)
	        Index Cond: ((k >= 6235265) AND (k <= 6235365))

table 6 : explain SELECT k, c FROM sbtest6 WHERE k BETWEEN 6235265 AND 6235365
	Bitmap Heap Scan on sbtest6  (cost=5.53..428.75 rows=107 width=125)
	  Recheck Cond: ((k >= 6235265) AND (k <= 6235365))
	  ->  Bitmap Index Scan on k_6  (cost=0.00..5.50 rows=107 width=0)
	        Index Cond: ((k >= 6235265) AND (k <= 6235365))

table 7 : explain SELECT k, c FROM sbtest7 WHERE k BETWEEN 6235265 AND 6235365
	Bitmap Heap Scan on sbtest7  (cost=5.49..413.00 rows=103 width=125)
	  Recheck Cond: ((k >= 6235265) AND (k <= 6235365))
	  ->  Bitmap Index Scan on k_7  (cost=0.00..5.46 rows=103 width=0)
	        Index Cond: ((k >= 6235265) AND (k <= 6235365))

table 8 : explain SELECT k, c FROM sbtest8 WHERE k BETWEEN 6235265 AND 6235365
	Bitmap Heap Scan on sbtest8  (cost=5.43..389.37 rows=97 width=125)
	  Recheck Cond: ((k >= 6235265) AND (k <= 6235365))
	  ->  Bitmap Index Scan on k_8  (cost=0.00..5.40 rows=97 width=0)
	        Index Cond: ((k >= 6235265) AND (k <= 6235365))

explain: for range-notcovered :: explain SELECT k, c FROM sbtest%d WHERE k BETWEEN 6578497 AND 6578597
for range-notcovered
table 1 : explain SELECT k, c FROM sbtest1 WHERE k BETWEEN 7570628 AND 7570728
	Bitmap Heap Scan on sbtest1  (cost=5.54..432.69 rows=108 width=125)
	  Recheck Cond: ((k >= 7570628) AND (k <= 7570728))
	  ->  Bitmap Index Scan on k_1  (cost=0.00..5.51 rows=108 width=0)
	        Index Cond: ((k >= 7570628) AND (k <= 7570728))

table 2 : explain SELECT k, c FROM sbtest2 WHERE k BETWEEN 7570628 AND 7570728
	Bitmap Heap Scan on sbtest2  (cost=5.55..436.62 rows=109 width=125)
	  Recheck Cond: ((k >= 7570628) AND (k <= 7570728))
	  ->  Bitmap Index Scan on k_2  (cost=0.00..5.52 rows=109 width=0)
	        Index Cond: ((k >= 7570628) AND (k <= 7570728))

table 3 : explain SELECT k, c FROM sbtest3 WHERE k BETWEEN 7570628 AND 7570728
	Bitmap Heap Scan on sbtest3  (cost=5.52..424.81 rows=106 width=125)
	  Recheck Cond: ((k >= 7570628) AND (k <= 7570728))
	  ->  Bitmap Index Scan on k_3  (cost=0.00..5.50 rows=106 width=0)
	        Index Cond: ((k >= 7570628) AND (k <= 7570728))

table 4 : explain SELECT k, c FROM sbtest4 WHERE k BETWEEN 7570628 AND 7570728
	Bitmap Heap Scan on sbtest4  (cost=5.51..420.88 rows=105 width=125)
	  Recheck Cond: ((k >= 7570628) AND (k <= 7570728))
	  ->  Bitmap Index Scan on k_4  (cost=0.00..5.48 rows=105 width=0)
	        Index Cond: ((k >= 7570628) AND (k <= 7570728))

table 5 : explain SELECT k, c FROM sbtest5 WHERE k BETWEEN 7570628 AND 7570728
	Bitmap Heap Scan on sbtest5  (cost=5.44..393.31 rows=98 width=125)
	  Recheck Cond: ((k >= 7570628) AND (k <= 7570728))
	  ->  Bitmap Index Scan on k_5  (cost=0.00..5.42 rows=98 width=0)
	        Index Cond: ((k >= 7570628) AND (k <= 7570728))

table 6 : explain SELECT k, c FROM sbtest6 WHERE k BETWEEN 7570628 AND 7570728
	Bitmap Heap Scan on sbtest6  (cost=5.49..413.00 rows=103 width=125)
	  Recheck Cond: ((k >= 7570628) AND (k <= 7570728))
	  ->  Bitmap Index Scan on k_6  (cost=0.00..5.46 rows=103 width=0)
	        Index Cond: ((k >= 7570628) AND (k <= 7570728))

table 7 : explain SELECT k, c FROM sbtest7 WHERE k BETWEEN 7570628 AND 7570728
	Bitmap Heap Scan on sbtest7  (cost=5.46..401.19 rows=100 width=125)
	  Recheck Cond: ((k >= 7570628) AND (k <= 7570728))
	  ->  Bitmap Index Scan on k_7  (cost=0.00..5.43 rows=100 width=0)
	        Index Cond: ((k >= 7570628) AND (k <= 7570728))

table 8 : explain SELECT k, c FROM sbtest8 WHERE k BETWEEN 7570628 AND 7570728
	Bitmap Heap Scan on sbtest8  (cost=5.51..420.88 rows=105 width=125)
	  Recheck Cond: ((k >= 7570628) AND (k <= 7570728))
	  ->  Bitmap Index Scan on k_8  (cost=0.00..5.48 rows=105 width=0)
	        Index Cond: ((k >= 7570628) AND (k <= 7570728))

explain: for range-notcovered :: explain SELECT k, c FROM sbtest%d WHERE k BETWEEN 6235265 AND 6235365
for range-notcovered
table 1 : explain SELECT k, c FROM sbtest1 WHERE k BETWEEN 8307397 AND 8307497
	Bitmap Heap Scan on sbtest1  (cost=5.43..389.37 rows=97 width=125)
	  Recheck Cond: ((k >= 8307397) AND (k <= 8307497))
	  ->  Bitmap Index Scan on k_1  (cost=0.00..5.40 rows=97 width=0)
	        Index Cond: ((k >= 8307397) AND (k <= 8307497))

table 2 : explain SELECT k, c FROM sbtest2 WHERE k BETWEEN 8307397 AND 8307497
	Bitmap Heap Scan on sbtest2  (cost=5.51..420.88 rows=105 width=125)
	  Recheck Cond: ((k >= 8307397) AND (k <= 8307497))
	  ->  Bitmap Index Scan on k_2  (cost=0.00..5.48 rows=105 width=0)
	        Index Cond: ((k >= 8307397) AND (k <= 8307497))

table 3 : explain SELECT k, c FROM sbtest3 WHERE k BETWEEN 8307397 AND 8307497
	Bitmap Heap Scan on sbtest3  (cost=5.53..428.75 rows=107 width=125)
	  Recheck Cond: ((k >= 8307397) AND (k <= 8307497))
	  ->  Bitmap Index Scan on k_3  (cost=0.00..5.50 rows=107 width=0)
	        Index Cond: ((k >= 8307397) AND (k <= 8307497))

table 4 : explain SELECT k, c FROM sbtest4 WHERE k BETWEEN 8307397 AND 8307497
	Bitmap Heap Scan on sbtest4  (cost=5.54..432.69 rows=108 width=125)
	  Recheck Cond: ((k >= 8307397) AND (k <= 8307497))
	  ->  Bitmap Index Scan on k_4  (cost=0.00..5.51 rows=108 width=0)
	        Index Cond: ((k >= 8307397) AND (k <= 8307497))

table 5 : explain SELECT k, c FROM sbtest5 WHERE k BETWEEN 8307397 AND 8307497
	Bitmap Heap Scan on sbtest5  (cost=5.43..389.37 rows=97 width=125)
	  Recheck Cond: ((k >= 8307397) AND (k <= 8307497))
	  ->  Bitmap Index Scan on k_5  (cost=0.00..5.40 rows=97 width=0)
	        Index Cond: ((k >= 8307397) AND (k <= 8307497))

table 6 : explain SELECT k, c FROM sbtest6 WHERE k BETWEEN 8307397 AND 8307497
	Bitmap Heap Scan on sbtest6  (cost=5.44..393.31 rows=98 width=125)
	  Recheck Cond: ((k >= 8307397) AND (k <= 8307497))
	  ->  Bitmap Index Scan on k_6  (cost=0.00..5.42 rows=98 width=0)
	        Index Cond: ((k >= 8307397) AND (k <= 8307497))

table 7 : explain SELECT k, c FROM sbtest7 WHERE k BETWEEN 8307397 AND 8307497
	Bitmap Heap Scan on sbtest7  (cost=5.35..357.84 rows=89 width=125)
	  Recheck Cond: ((k >= 8307397) AND (k <= 8307497))
	  ->  Bitmap Index Scan on k_7  (cost=0.00..5.32 rows=89 width=0)
	        Index Cond: ((k >= 8307397) AND (k <= 8307497))

table 8 : explain SELECT k, c FROM sbtest8 WHERE k BETWEEN 8307397 AND 8307497
	Bitmap Heap Scan on sbtest8  (cost=5.38..369.67 rows=92 width=125)
	  Recheck Cond: ((k >= 8307397) AND (k <= 8307497))
	  ->  Bitmap Index Scan on k_8  (cost=0.00..5.35 rows=92 width=0)
	        Index Cond: ((k >= 8307397) AND (k <= 8307497))

for range-notcovered
table 1 : explain SELECT k, c FROM sbtest1 WHERE k BETWEEN 4528374 AND 4528474
	Bitmap Heap Scan on sbtest1  (cost=5.44..393.31 rows=98 width=125)
	  Recheck Cond: ((k >= 4528374) AND (k <= 4528474))
	  ->  Bitmap Index Scan on k_1  (cost=0.00..5.42 rows=98 width=0)
	        Index Cond: ((k >= 4528374) AND (k <= 4528474))

table 2 : explain SELECT k, c FROM sbtest2 WHERE k BETWEEN 4528374 AND 4528474
	Bitmap Heap Scan on sbtest2  (cost=5.47..405.13 rows=101 width=125)
	  Recheck Cond: ((k >= 4528374) AND (k <= 4528474))
	  ->  Bitmap Index Scan on k_2  (cost=0.00..5.44 rows=101 width=0)
	        Index Cond: ((k >= 4528374) AND (k <= 4528474))

table 3 : explain SELECT k, c FROM sbtest3 WHERE k BETWEEN 4528374 AND 4528474
	Bitmap Heap Scan on sbtest3  (cost=5.42..385.43 rows=96 width=125)
	  Recheck Cond: ((k >= 4528374) AND (k <= 4528474))
	  ->  Bitmap Index Scan on k_3  (cost=0.00..5.39 rows=96 width=0)
	        Index Cond: ((k >= 4528374) AND (k <= 4528474))

table 4 : explain SELECT k, c FROM sbtest4 WHERE k BETWEEN 4528374 AND 4528474
	Bitmap Heap Scan on sbtest4  (cost=5.55..436.62 rows=109 width=125)
	  Recheck Cond: ((k >= 4528374) AND (k <= 4528474))
	  ->  Bitmap Index Scan on k_4  (cost=0.00..5.52 rows=109 width=0)
	        Index Cond: ((k >= 4528374) AND (k <= 4528474))

table 5 : explain SELECT k, c FROM sbtest5 WHERE k BETWEEN 4528374 AND 4528474
	Bitmap Heap Scan on sbtest5  (cost=5.49..413.00 rows=103 width=125)
	  Recheck Cond: ((k >= 4528374) AND (k <= 4528474))
	  ->  Bitmap Index Scan on k_5  (cost=0.00..5.46 rows=103 width=0)
	        Index Cond: ((k >= 4528374) AND (k <= 4528474))

table 6 : explain SELECT k, c FROM sbtest6 WHERE k BETWEEN 4528374 AND 4528474
	Bitmap Heap Scan on sbtest6  (cost=5.52..424.81 rows=106 width=125)
	  Recheck Cond: ((k >= 4528374) AND (k <= 4528474))
	  ->  Bitmap Index Scan on k_6  (cost=0.00..5.50 rows=106 width=0)
	        Index Cond: ((k >= 4528374) AND (k <= 4528474))

table 7 : explain SELECT k, c FROM sbtest7 WHERE k BETWEEN 4528374 AND 4528474
	Bitmap Heap Scan on sbtest7  (cost=5.48..409.07 rows=102 width=125)
	  Recheck Cond: ((k >= 4528374) AND (k <= 4528474))
	  ->  Bitmap Index Scan on k_7  (cost=0.00..5.45 rows=102 width=0)
	        Index Cond: ((k >= 4528374) AND (k <= 4528474))

table 8 : explain SELECT k, c FROM sbtest8 WHERE k BETWEEN 4528374 AND 4528474
	Bitmap Heap Scan on sbtest8  (cost=5.35..357.84 rows=89 width=125)
	  Recheck Cond: ((k >= 4528374) AND (k <= 4528474))
	  ->  Bitmap Index Scan on k_8  (cost=0.00..5.32 rows=89 width=0)
	        Index Cond: ((k >= 4528374) AND (k <= 4528474))

explain: for range-notcovered :: explain SELECT k, c FROM sbtest%d WHERE k BETWEEN 7570628 AND 7570728
for range-notcovered
table 1 : explain SELECT k, c FROM sbtest1 WHERE k BETWEEN 4426734 AND 4426834
	Bitmap Heap Scan on sbtest1  (cost=5.53..428.75 rows=107 width=125)
	  Recheck Cond: ((k >= 4426734) AND (k <= 4426834))
	  ->  Bitmap Index Scan on k_1  (cost=0.00..5.50 rows=107 width=0)
	        Index Cond: ((k >= 4426734) AND (k <= 4426834))

table 2 : explain SELECT k, c FROM sbtest2 WHERE k BETWEEN 4426734 AND 4426834
	Bitmap Heap Scan on sbtest2  (cost=5.53..428.75 rows=107 width=125)
	  Recheck Cond: ((k >= 4426734) AND (k <= 4426834))
	  ->  Bitmap Index Scan on k_2  (cost=0.00..5.50 rows=107 width=0)
	        Index Cond: ((k >= 4426734) AND (k <= 4426834))

table 3 : explain SELECT k, c FROM sbtest3 WHERE k BETWEEN 4426734 AND 4426834
	Bitmap Heap Scan on sbtest3  (cost=5.37..365.72 rows=91 width=125)
	  Recheck Cond: ((k >= 4426734) AND (k <= 4426834))
	  ->  Bitmap Index Scan on k_3  (cost=0.00..5.34 rows=91 width=0)
	        Index Cond: ((k >= 4426734) AND (k <= 4426834))

table 4 : explain SELECT k, c FROM sbtest4 WHERE k BETWEEN 4426734 AND 4426834
	Bitmap Heap Scan on sbtest4  (cost=5.41..381.49 rows=95 width=125)
	  Recheck Cond: ((k >= 4426734) AND (k <= 4426834))
	  ->  Bitmap Index Scan on k_4  (cost=0.00..5.38 rows=95 width=0)
	        Index Cond: ((k >= 4426734) AND (k <= 4426834))

table 5 : explain SELECT k, c FROM sbtest5 WHERE k BETWEEN 4426734 AND 4426834
	Bitmap Heap Scan on sbtest5  (cost=5.48..409.07 rows=102 width=125)
	  Recheck Cond: ((k >= 4426734) AND (k <= 4426834))
	  ->  Bitmap Index Scan on k_5  (cost=0.00..5.45 rows=102 width=0)
	        Index Cond: ((k >= 4426734) AND (k <= 4426834))

table 6 : explain SELECT k, c FROM sbtest6 WHERE k BETWEEN 4426734 AND 4426834
	Bitmap Heap Scan on sbtest6  (cost=5.62..464.15 rows=116 width=125)
	  Recheck Cond: ((k >= 4426734) AND (k <= 4426834))
	  ->  Bitmap Index Scan on k_6  (cost=0.00..5.59 rows=116 width=0)
	        Index Cond: ((k >= 4426734) AND (k <= 4426834))

table 7 : explain SELECT k, c FROM sbtest7 WHERE k BETWEEN 4426734 AND 4426834
	Bitmap Heap Scan on sbtest7  (cost=5.52..424.81 rows=106 width=125)
	  Recheck Cond: ((k >= 4426734) AND (k <= 4426834))
	  ->  Bitmap Index Scan on k_7  (cost=0.00..5.50 rows=106 width=0)
	        Index Cond: ((k >= 4426734) AND (k <= 4426834))

table 8 : explain SELECT k, c FROM sbtest8 WHERE k BETWEEN 4426734 AND 4426834
	Bitmap Heap Scan on sbtest8  (cost=5.47..405.13 rows=101 width=125)
	  Recheck Cond: ((k >= 4426734) AND (k <= 4426834))
	  ->  Bitmap Index Scan on k_8  (cost=0.00..5.44 rows=101 width=0)
	        Index Cond: ((k >= 4426734) AND (k <= 4426834))
explain: for range-notcovered :: explain SELECT k, c FROM sbtest%d WHERE k BETWEEN 8346016 AND 8346116explain: for range-notcovered :: explain SELECT k, c FROM sbtest%d WHERE k BETWEEN 987113 AND 987213


explain: for range-notcovered :: explain SELECT k, c FROM sbtest%d WHERE k BETWEEN 8307397 AND 8307497
explain: for range-notcovered :: explain SELECT k, c FROM sbtest%d WHERE k BETWEEN 4528374 AND 4528474
explain: for range-notcovered :: explain SELECT k, c FROM sbtest%d WHERE k BETWEEN 4426734 AND 4426834
explain: for range-notcovered :: explain SELECT k, c FROM sbtest%d WHERE k BETWEEN 4646032 AND 4646132
for range-notcovered
table 1 : explain SELECT k, c FROM sbtest1 WHERE k BETWEEN 6947593 AND 6947693
	Bitmap Heap Scan on sbtest1  (cost=5.39..373.61 rows=93 width=125)
	  Recheck Cond: ((k >= 6947593) AND (k <= 6947693))
	  ->  Bitmap Index Scan on k_1  (cost=0.00..5.36 rows=93 width=0)
	        Index Cond: ((k >= 6947593) AND (k <= 6947693))

table 2 : explain SELECT k, c FROM sbtest2 WHERE k BETWEEN 6947593 AND 6947693
	Bitmap Heap Scan on sbtest2  (cost=5.49..413.00 rows=103 width=125)
	  Recheck Cond: ((k >= 6947593) AND (k <= 6947693))
	  ->  Bitmap Index Scan on k_2  (cost=0.00..5.46 rows=103 width=0)
	        Index Cond: ((k >= 6947593) AND (k <= 6947693))

table 3 : explain SELECT k, c FROM sbtest3 WHERE k BETWEEN 6947593 AND 6947693
	Bitmap Heap Scan on sbtest3  (cost=5.43..389.37 rows=97 width=125)
	  Recheck Cond: ((k >= 6947593) AND (k <= 6947693))
	  ->  Bitmap Index Scan on k_3  (cost=0.00..5.40 rows=97 width=0)
	        Index Cond: ((k >= 6947593) AND (k <= 6947693))

table 4 : explain SELECT k, c FROM sbtest4 WHERE k BETWEEN 6947593 AND 6947693
	Bitmap Heap Scan on sbtest4  (cost=5.46..401.19 rows=100 width=125)
	  Recheck Cond: ((k >= 6947593) AND (k <= 6947693))
	  ->  Bitmap Index Scan on k_4  (cost=0.00..5.43 rows=100 width=0)
	        Index Cond: ((k >= 6947593) AND (k <= 6947693))

table 5 : explain SELECT k, c FROM sbtest5 WHERE k BETWEEN 6947593 AND 6947693
	Bitmap Heap Scan on sbtest5  (cost=5.52..424.81 rows=106 width=125)
	  Recheck Cond: ((k >= 6947593) AND (k <= 6947693))
	  ->  Bitmap Index Scan on k_5  (cost=0.00..5.50 rows=106 width=0)
	        Index Cond: ((k >= 6947593) AND (k <= 6947693))

table 6 : explain SELECT k, c FROM sbtest6 WHERE k BETWEEN 6947593 AND 6947693
	Bitmap Heap Scan on sbtest6  (cost=5.47..405.13 rows=101 width=125)
	  Recheck Cond: ((k >= 6947593) AND (k <= 6947693))
	  ->  Bitmap Index Scan on k_6  (cost=0.00..5.44 rows=101 width=0)
	        Index Cond: ((k >= 6947593) AND (k <= 6947693))

table 7 : explain SELECT k, c FROM sbtest7 WHERE k BETWEEN 6947593 AND 6947693
	Bitmap Heap Scan on sbtest7  (cost=5.53..428.75 rows=107 width=125)
	  Recheck Cond: ((k >= 6947593) AND (k <= 6947693))
	  ->  Bitmap Index Scan on k_7  (cost=0.00..5.50 rows=107 width=0)
	        Index Cond: ((k >= 6947593) AND (k <= 6947693))

table 8 : explain SELECT k, c FROM sbtest8 WHERE k BETWEEN 6947593 AND 6947693
	Bitmap Heap Scan on sbtest8  (cost=5.51..420.88 rows=105 width=125)
	  Recheck Cond: ((k >= 6947593) AND (k <= 6947693))
	  ->  Bitmap Index Scan on k_8  (cost=0.00..5.48 rows=105 width=0)
	        Index Cond: ((k >= 6947593) AND (k <= 6947693))

for range-notcovered
table 1 : explain SELECT k, c FROM sbtest1 WHERE k BETWEEN 1200448 AND 1200548
	Bitmap Heap Scan on sbtest1  (cost=5.51..420.88 rows=105 width=125)
	  Recheck Cond: ((k >= 1200448) AND (k <= 1200548))
	  ->  Bitmap Index Scan on k_1  (cost=0.00..5.48 rows=105 width=0)
	        Index Cond: ((k >= 1200448) AND (k <= 1200548))

table 2 : explain SELECT k, c FROM sbtest2 WHERE k BETWEEN 1200448 AND 1200548
	Bitmap Heap Scan on sbtest2  (cost=5.53..428.75 rows=107 width=125)
	  Recheck Cond: ((k >= 1200448) AND (k <= 1200548))
	  ->  Bitmap Index Scan on k_2  (cost=0.00..5.50 rows=107 width=0)
	        Index Cond: ((k >= 1200448) AND (k <= 1200548))

table 3 : explain SELECT k, c FROM sbtest3 WHERE k BETWEEN 1200448 AND 1200548
	Bitmap Heap Scan on sbtest3  (cost=5.62..464.15 rows=116 width=125)
	  Recheck Cond: ((k >= 1200448) AND (k <= 1200548))
	  ->  Bitmap Index Scan on k_3  (cost=0.00..5.59 rows=116 width=0)
	        Index Cond: ((k >= 1200448) AND (k <= 1200548))

table 4 : explain SELECT k, c FROM sbtest4 WHERE k BETWEEN 1200448 AND 1200548
	Bitmap Heap Scan on sbtest4  (cost=5.45..397.25 rows=99 width=125)
	  Recheck Cond: ((k >= 1200448) AND (k <= 1200548))
	  ->  Bitmap Index Scan on k_4  (cost=0.00..5.42 rows=99 width=0)
	        Index Cond: ((k >= 1200448) AND (k <= 1200548))

table 5 : explain SELECT k, c FROM sbtest5 WHERE k BETWEEN 1200448 AND 1200548
	Bitmap Heap Scan on sbtest5  (cost=5.47..405.13 rows=101 width=125)
	  Recheck Cond: ((k >= 1200448) AND (k <= 1200548))
	  ->  Bitmap Index Scan on k_5  (cost=0.00..5.44 rows=101 width=0)
	        Index Cond: ((k >= 1200448) AND (k <= 1200548))

table 6 : explain SELECT k, c FROM sbtest6 WHERE k BETWEEN 1200448 AND 1200548
	Bitmap Heap Scan on sbtest6  (cost=5.45..397.25 rows=99 width=125)
	  Recheck Cond: ((k >= 1200448) AND (k <= 1200548))
	  ->  Bitmap Index Scan on k_6  (cost=0.00..5.42 rows=99 width=0)
	        Index Cond: ((k >= 1200448) AND (k <= 1200548))

table 7 : explain SELECT k, c FROM sbtest7 WHERE k BETWEEN 1200448 AND 1200548
	Bitmap Heap Scan on sbtest7  (cost=5.50..416.94 rows=104 width=125)
	  Recheck Cond: ((k >= 1200448) AND (k <= 1200548))
	  ->  Bitmap Index Scan on k_7  (cost=0.00..5.47 rows=104 width=0)
	        Index Cond: ((k >= 1200448) AND (k <= 1200548))

table 8 : explain SELECT k, c FROM sbtest8 WHERE k BETWEEN 1200448 AND 1200548
	Bitmap Heap Scan on sbtest8  (cost=5.47..405.13 rows=101 width=125)
	  Recheck Cond: ((k >= 1200448) AND (k <= 1200548))
	  ->  Bitmap Index Scan on k_8  (cost=0.00..5.44 rows=101 width=0)
	        Index Cond: ((k >= 1200448) AND (k <= 1200548))

explain: for range-notcovered :: explain SELECT k, c FROM sbtest%d WHERE k BETWEEN 1200448 AND 1200548
for range-notcovered
table 1 : explain SELECT k, c FROM sbtest1 WHERE k BETWEEN 6235265 AND 6235365
	Bitmap Heap Scan on sbtest1  (cost=5.45..397.25 rows=99 width=125)
	  Recheck Cond: ((k >= 6235265) AND (k <= 6235365))
	  ->  Bitmap Index Scan on k_1  (cost=0.00..5.42 rows=99 width=0)
	        Index Cond: ((k >= 6235265) AND (k <= 6235365))

table 2 : explain SELECT k, c FROM sbtest2 WHERE k BETWEEN 6235265 AND 6235365
	Bitmap Heap Scan on sbtest2  (cost=5.42..385.43 rows=96 width=125)
	  Recheck Cond: ((k >= 6235265) AND (k <= 6235365))
	  ->  Bitmap Index Scan on k_2  (cost=0.00..5.39 rows=96 width=0)
	        Index Cond: ((k >= 6235265) AND (k <= 6235365))

table 3 : explain SELECT k, c FROM sbtest3 WHERE k BETWEEN 6235265 AND 6235365
	Bitmap Heap Scan on sbtest3  (cost=5.48..409.07 rows=102 width=125)
	  Recheck Cond: ((k >= 6235265) AND (k <= 6235365))
	  ->  Bitmap Index Scan on k_3  (cost=0.00..5.45 rows=102 width=0)
	        Index Cond: ((k >= 6235265) AND (k <= 6235365))

table 4 : explain SELECT k, c FROM sbtest4 WHERE k BETWEEN 6235265 AND 6235365
	Bitmap Heap Scan on sbtest4  (cost=5.46..401.19 rows=100 width=125)
	  Recheck Cond: ((k >= 6235265) AND (k <= 6235365))
	  ->  Bitmap Index Scan on k_4  (cost=0.00..5.43 rows=100 width=0)
	        Index Cond: ((k >= 6235265) AND (k <= 6235365))

table 5 : explain SELECT k, c FROM sbtest5 WHERE k BETWEEN 6235265 AND 6235365
	Bitmap Heap Scan on sbtest5  (cost=5.45..397.25 rows=99 width=125)
	  Recheck Cond: ((k >= 6235265) AND (k <= 6235365))
	  ->  Bitmap Index Scan on k_5  (cost=0.00..5.42 rows=99 width=0)
	        Index Cond: ((k >= 6235265) AND (k <= 6235365))

table 6 : explain SELECT k, c FROM sbtest6 WHERE k BETWEEN 6235265 AND 6235365
	Bitmap Heap Scan on sbtest6  (cost=5.53..428.75 rows=107 width=125)
	  Recheck Cond: ((k >= 6235265) AND (k <= 6235365))
	  ->  Bitmap Index Scan on k_6  (cost=0.00..5.50 rows=107 width=0)
	        Index Cond: ((k >= 6235265) AND (k <= 6235365))

table 7 : explain SELECT k, c FROM sbtest7 WHERE k BETWEEN 6235265 AND 6235365
	Bitmap Heap Scan on sbtest7  (cost=5.49..413.00 rows=103 width=125)
	  Recheck Cond: ((k >= 6235265) AND (k <= 6235365))
	  ->  Bitmap Index Scan on k_7  (cost=0.00..5.46 rows=103 width=0)
	        Index Cond: ((k >= 6235265) AND (k <= 6235365))

table 8 : explain SELECT k, c FROM sbtest8 WHERE k BETWEEN 6235265 AND 6235365
	Bitmap Heap Scan on sbtest8  (cost=5.43..389.37 rows=97 width=125)
	  Recheck Cond: ((k >= 6235265) AND (k <= 6235365))
	  ->  Bitmap Index Scan on k_8  (cost=0.00..5.40 rows=97 width=0)
	        Index Cond: ((k >= 6235265) AND (k <= 6235365))

for range-notcovered
table 1 : explain SELECT k, c FROM sbtest1 WHERE k BETWEEN 4426734 AND 4426834
	Bitmap Heap Scan on sbtest1  (cost=5.53..428.75 rows=107 width=125)
	  Recheck Cond: ((k >= 4426734) AND (k <= 4426834))
	  ->  Bitmap Index Scan on k_1  (cost=0.00..5.50 rows=107 width=0)
	        Index Cond: ((k >= 4426734) AND (k <= 4426834))

table 2 : explain SELECT k, c FROM sbtest2 WHERE k BETWEEN 4426734 AND 4426834
	Bitmap Heap Scan on sbtest2  (cost=5.53..428.75 rows=107 width=125)
	  Recheck Cond: ((k >= 4426734) AND (k <= 4426834))
	  ->  Bitmap Index Scan on k_2  (cost=0.00..5.50 rows=107 width=0)
	        Index Cond: ((k >= 4426734) AND (k <= 4426834))

table 3 : explain SELECT k, c FROM sbtest3 WHERE k BETWEEN 4426734 AND 4426834
	Bitmap Heap Scan on sbtest3  (cost=5.37..365.72 rows=91 width=125)
	  Recheck Cond: ((k >= 4426734) AND (k <= 4426834))
	  ->  Bitmap Index Scan on k_3  (cost=0.00..5.34 rows=91 width=0)
	        Index Cond: ((k >= 4426734) AND (k <= 4426834))

table 4 : explain SELECT k, c FROM sbtest4 WHERE k BETWEEN 4426734 AND 4426834
	Bitmap Heap Scan on sbtest4  (cost=5.41..381.49 rows=95 width=125)
	  Recheck Cond: ((k >= 4426734) AND (k <= 4426834))
	  ->  Bitmap Index Scan on k_4  (cost=0.00..5.38 rows=95 width=0)
	        Index Cond: ((k >= 4426734) AND (k <= 4426834))

table 5 : explain SELECT k, c FROM sbtest5 WHERE k BETWEEN 4426734 AND 4426834
	Bitmap Heap Scan on sbtest5  (cost=5.48..409.07 rows=102 width=125)
	  Recheck Cond: ((k >= 4426734) AND (k <= 4426834))
	  ->  Bitmap Index Scan on k_5  (cost=0.00..5.45 rows=102 width=0)
	        Index Cond: ((k >= 4426734) AND (k <= 4426834))

table 6 : explain SELECT k, c FROM sbtest6 WHERE k BETWEEN 4426734 AND 4426834
	Bitmap Heap Scan on sbtest6  (cost=5.62..464.15 rows=116 width=125)
	  Recheck Cond: ((k >= 4426734) AND (k <= 4426834))
	  ->  Bitmap Index Scan on k_6  (cost=0.00..5.59 rows=116 width=0)
	        Index Cond: ((k >= 4426734) AND (k <= 4426834))

table 7 : explain SELECT k, c FROM sbtest7 WHERE k BETWEEN 4426734 AND 4426834
	Bitmap Heap Scan on sbtest7  (cost=5.52..424.81 rows=106 width=125)
	  Recheck Cond: ((k >= 4426734) AND (k <= 4426834))
	  ->  Bitmap Index Scan on k_7  (cost=0.00..5.50 rows=106 width=0)
	        Index Cond: ((k >= 4426734) AND (k <= 4426834))

table 8 : explain SELECT k, c FROM sbtest8 WHERE k BETWEEN 4426734 AND 4426834
	Bitmap Heap Scan on sbtest8  (cost=5.47..405.13 rows=101 width=125)
	  Recheck Cond: ((k >= 4426734) AND (k <= 4426834))
	  ->  Bitmap Index Scan on k_8  (cost=0.00..5.44 rows=101 width=0)
	        Index Cond: ((k >= 4426734) AND (k <= 4426834))

for range-notcovered
table 1 : explain SELECT k, c FROM sbtest1 WHERE k BETWEEN 3361269 AND 3361369
	Bitmap Heap Scan on sbtest1  (cost=5.49..413.00 rows=103 width=125)
	  Recheck Cond: ((k >= 3361269) AND (k <= 3361369))
	  ->  Bitmap Index Scan on k_1  (cost=0.00..5.46 rows=103 width=0)
	        Index Cond: ((k >= 3361269) AND (k <= 3361369))

table 2 : explain SELECT k, c FROM sbtest2 WHERE k BETWEEN 3361269 AND 3361369
	Bitmap Heap Scan on sbtest2  (cost=5.56..440.56 rows=110 width=125)
	  Recheck Cond: ((k >= 3361269) AND (k <= 3361369))
	  ->  Bitmap Index Scan on k_2  (cost=0.00..5.53 rows=110 width=0)
	        Index Cond: ((k >= 3361269) AND (k <= 3361369))

table 3 : explain SELECT k, c FROM sbtest3 WHERE k BETWEEN 3361269 AND 3361369
	Bitmap Heap Scan on sbtest3  (cost=5.43..389.37 rows=97 width=125)
	  Recheck Cond: ((k >= 3361269) AND (k <= 3361369))
	  ->  Bitmap Index Scan on k_3  (cost=0.00..5.40 rows=97 width=0)
	        Index Cond: ((k >= 3361269) AND (k <= 3361369))

table 4 : explain SELECT k, c FROM sbtest4 WHERE k BETWEEN 3361269 AND 3361369
	Bitmap Heap Scan on sbtest4  (cost=5.45..397.25 rows=99 width=125)
	  Recheck Cond: ((k >= 3361269) AND (k <= 3361369))
	  ->  Bitmap Index Scan on k_4  (cost=0.00..5.42 rows=99 width=0)
	        Index Cond: ((k >= 3361269) AND (k <= 3361369))

table 5 : explain SELECT k, c FROM sbtest5 WHERE k BETWEEN 3361269 AND 3361369
	Bitmap Heap Scan on sbtest5  (cost=5.46..401.19 rows=100 width=125)
	  Recheck Cond: ((k >= 3361269) AND (k <= 3361369))
	  ->  Bitmap Index Scan on k_5  (cost=0.00..5.43 rows=100 width=0)
	        Index Cond: ((k >= 3361269) AND (k <= 3361369))

table 6 : explain SELECT k, c FROM sbtest6 WHERE k BETWEEN 3361269 AND 3361369
	Bitmap Heap Scan on sbtest6  (cost=5.50..416.94 rows=104 width=125)
	  Recheck Cond: ((k >= 3361269) AND (k <= 3361369))
	  ->  Bitmap Index Scan on k_6  (cost=0.00..5.47 rows=104 width=0)
	        Index Cond: ((k >= 3361269) AND (k <= 3361369))

table 7 : explain SELECT k, c FROM sbtest7 WHERE k BETWEEN 3361269 AND 3361369
	Bitmap Heap Scan on sbtest7  (cost=5.51..420.88 rows=105 width=125)
	  Recheck Cond: ((k >= 3361269) AND (k <= 3361369))
	  ->  Bitmap Index Scan on k_7  (cost=0.00..5.48 rows=105 width=0)
	        Index Cond: ((k >= 3361269) AND (k <= 3361369))

table 8 : explain SELECT k, c FROM sbtest8 WHERE k BETWEEN 3361269 AND 3361369
	Bitmap Heap Scan on sbtest8  (cost=5.53..428.75 rows=107 width=125)
	  Recheck Cond: ((k >= 3361269) AND (k <= 3361369))
	  ->  Bitmap Index Scan on k_8  (cost=0.00..5.50 rows=107 width=0)
	        Index Cond: ((k >= 3361269) AND (k <= 3361369))

explain: for range-notcovered :: explain SELECT k, c FROM sbtest%d WHERE k BETWEEN 4426734 AND 4426834
explain: for range-notcovered :: explain SELECT k, c FROM sbtest%d WHERE k BETWEEN 6235265 AND 6235365
for range-notcovered
table 1 : explain SELECT k, c FROM sbtest1 WHERE k BETWEEN 7570628 AND 7570728
	Bitmap Heap Scan on sbtest1  (cost=5.54..432.69 rows=108 width=125)
	  Recheck Cond: ((k >= 7570628) AND (k <= 7570728))
	  ->  Bitmap Index Scan on k_1  (cost=0.00..5.51 rows=108 width=0)
	        Index Cond: ((k >= 7570628) AND (k <= 7570728))

table 2 : explain SELECT k, c FROM sbtest2 WHERE k BETWEEN 7570628 AND 7570728
	Bitmap Heap Scan on sbtest2  (cost=5.55..436.62 rows=109 width=125)
	  Recheck Cond: ((k >= 7570628) AND (k <= 7570728))
	  ->  Bitmap Index Scan on k_2  (cost=0.00..5.52 rows=109 width=0)
	        Index Cond: ((k >= 7570628) AND (k <= 7570728))

table 3 : explain SELECT k, c FROM sbtest3 WHERE k BETWEEN 7570628 AND 7570728
	Bitmap Heap Scan on sbtest3  (cost=5.52..424.81 rows=106 width=125)
	  Recheck Cond: ((k >= 7570628) AND (k <= 7570728))
	  ->  Bitmap Index Scan on k_3  (cost=0.00..5.50 rows=106 width=0)
	        Index Cond: ((k >= 7570628) AND (k <= 7570728))

table 4 : explain SELECT k, c FROM sbtest4 WHERE k BETWEEN 7570628 AND 7570728
	Bitmap Heap Scan on sbtest4  (cost=5.51..420.88 rows=105 width=125)
	  Recheck Cond: ((k >= 7570628) AND (k <= 7570728))
	  ->  Bitmap Index Scan on k_4  (cost=0.00..5.48 rows=105 width=0)
	        Index Cond: ((k >= 7570628) AND (k <= 7570728))

table 5 : explain SELECT k, c FROM sbtest5 WHERE k BETWEEN 7570628 AND 7570728
	Bitmap Heap Scan on sbtest5  (cost=5.44..393.31 rows=98 width=125)
	  Recheck Cond: ((k >= 7570628) AND (k <= 7570728))
	  ->  Bitmap Index Scan on k_5  (cost=0.00..5.42 rows=98 width=0)
	        Index Cond: ((k >= 7570628) AND (k <= 7570728))

table 6 : explain SELECT k, c FROM sbtest6 WHERE k BETWEEN 7570628 AND 7570728
	Bitmap Heap Scan on sbtest6  (cost=5.49..413.00 rows=103 width=125)
	  Recheck Cond: ((k >= 7570628) AND (k <= 7570728))
	  ->  Bitmap Index Scan on k_6  (cost=0.00..5.46 rows=103 width=0)
	        Index Cond: ((k >= 7570628) AND (k <= 7570728))

table 7 : explain SELECT k, c FROM sbtest7 WHERE k BETWEEN 7570628 AND 7570728
	Bitmap Heap Scan on sbtest7  (cost=5.46..401.19 rows=100 width=125)
	  Recheck Cond: ((k >= 7570628) AND (k <= 7570728))
	  ->  Bitmap Index Scan on k_7  (cost=0.00..5.43 rows=100 width=0)
	        Index Cond: ((k >= 7570628) AND (k <= 7570728))

table 8 : explain SELECT k, c FROM sbtest8 WHERE k BETWEEN 7570628 AND 7570728
	Bitmap Heap Scan on sbtest8  (cost=5.51..420.88 rows=105 width=125)
	  Recheck Cond: ((k >= 7570628) AND (k <= 7570728))
	  ->  Bitmap Index Scan on k_8  (cost=0.00..5.48 rows=105 width=0)
	        Index Cond: ((k >= 7570628) AND (k <= 7570728))

for range-notcovered
table 1 : explain SELECT k, c FROM sbtest1 WHERE k BETWEEN 6578497 AND 6578597
	Bitmap Heap Scan on sbtest1  (cost=5.43..389.37 rows=97 width=125)
	  Recheck Cond: ((k >= 6578497) AND (k <= 6578597))
	  ->  Bitmap Index Scan on k_1  (cost=0.00..5.40 rows=97 width=0)
	        Index Cond: ((k >= 6578497) AND (k <= 6578597))

table 2 : explain SELECT k, c FROM sbtest2 WHERE k BETWEEN 6578497 AND 6578597
	Bitmap Heap Scan on sbtest2  (cost=5.44..393.31 rows=98 width=125)
	  Recheck Cond: ((k >= 6578497) AND (k <= 6578597))
	  ->  Bitmap Index Scan on k_2  (cost=0.00..5.42 rows=98 width=0)
	        Index Cond: ((k >= 6578497) AND (k <= 6578597))

table 3 : explain SELECT k, c FROM sbtest3 WHERE k BETWEEN 6578497 AND 6578597
	Bitmap Heap Scan on sbtest3  (cost=5.45..397.25 rows=99 width=125)
	  Recheck Cond: ((k >= 6578497) AND (k <= 6578597))
	  ->  Bitmap Index Scan on k_3  (cost=0.00..5.42 rows=99 width=0)
	        Index Cond: ((k >= 6578497) AND (k <= 6578597))

table 4 : explain SELECT k, c FROM sbtest4 WHERE k BETWEEN 6578497 AND 6578597
	Bitmap Heap Scan on sbtest4  (cost=5.53..428.75 rows=107 width=125)
	  Recheck Cond: ((k >= 6578497) AND (k <= 6578597))
	  ->  Bitmap Index Scan on k_4  (cost=0.00..5.50 rows=107 width=0)
	        Index Cond: ((k >= 6578497) AND (k <= 6578597))

table 5 : explain SELECT k, c FROM sbtest5 WHERE k BETWEEN 6578497 AND 6578597
	Bitmap Heap Scan on sbtest5  (cost=5.51..420.88 rows=105 width=125)
	  Recheck Cond: ((k >= 6578497) AND (k <= 6578597))
	  ->  Bitmap Index Scan on k_5  (cost=0.00..5.48 rows=105 width=0)
	        Index Cond: ((k >= 6578497) AND (k <= 6578597))

table 6 : explain SELECT k, c FROM sbtest6 WHERE k BETWEEN 6578497 AND 6578597
	Bitmap Heap Scan on sbtest6  (cost=5.49..413.00 rows=103 width=125)
	  Recheck Cond: ((k >= 6578497) AND (k <= 6578597))
	  ->  Bitmap Index Scan on k_6  (cost=0.00..5.46 rows=103 width=0)
	        Index Cond: ((k >= 6578497) AND (k <= 6578597))

table 7 : explain SELECT k, c FROM sbtest7 WHERE k BETWEEN 6578497 AND 6578597
	Bitmap Heap Scan on sbtest7  (cost=5.50..416.94 rows=104 width=125)
	  Recheck Cond: ((k >= 6578497) AND (k <= 6578597))
	  ->  Bitmap Index Scan on k_7  (cost=0.00..5.47 rows=104 width=0)
	        Index Cond: ((k >= 6578497) AND (k <= 6578597))

table 8 : explain SELECT k, c FROM sbtest8 WHERE k BETWEEN 6578497 AND 6578597
	Bitmap Heap Scan on sbtest8  (cost=5.48..409.07 rows=102 width=125)
	  Recheck Cond: ((k >= 6578497) AND (k <= 6578597))
	  ->  Bitmap Index Scan on k_8  (cost=0.00..5.45 rows=102 width=0)
	        Index Cond: ((k >= 6578497) AND (k <= 6578597))

explain: for range-notcovered :: explain SELECT k, c FROM sbtest%d WHERE k BETWEEN 3595886 AND 3595986
explain: for range-notcovered :: explain SELECT k, c FROM sbtest%d WHERE k BETWEEN 3361269 AND 3361369
for range-notcovered
table 1 : explain SELECT k, c FROM sbtest1 WHERE k BETWEEN 1200448 AND 1200548
	Bitmap Heap Scan on sbtest1  (cost=5.51..420.88 rows=105 width=125)
	  Recheck Cond: ((k >= 1200448) AND (k <= 1200548))
	  ->  Bitmap Index Scan on k_1  (cost=0.00..5.48 rows=105 width=0)
	        Index Cond: ((k >= 1200448) AND (k <= 1200548))

table 2 : explain SELECT k, c FROM sbtest2 WHERE k BETWEEN 1200448 AND 1200548
	Bitmap Heap Scan on sbtest2  (cost=5.53..428.75 rows=107 width=125)
	  Recheck Cond: ((k >= 1200448) AND (k <= 1200548))
	  ->  Bitmap Index Scan on k_2  (cost=0.00..5.50 rows=107 width=0)
	        Index Cond: ((k >= 1200448) AND (k <= 1200548))

table 3 : explain SELECT k, c FROM sbtest3 WHERE k BETWEEN 1200448 AND 1200548
	Bitmap Heap Scan on sbtest3  (cost=5.62..464.15 rows=116 width=125)
	  Recheck Cond: ((k >= 1200448) AND (k <= 1200548))
	  ->  Bitmap Index Scan on k_3  (cost=0.00..5.59 rows=116 width=0)
	        Index Cond: ((k >= 1200448) AND (k <= 1200548))

table 4 : explain SELECT k, c FROM sbtest4 WHERE k BETWEEN 1200448 AND 1200548
	Bitmap Heap Scan on sbtest4  (cost=5.45..397.25 rows=99 width=125)
	  Recheck Cond: ((k >= 1200448) AND (k <= 1200548))
	  ->  Bitmap Index Scan on k_4  (cost=0.00..5.42 rows=99 width=0)
	        Index Cond: ((k >= 1200448) AND (k <= 1200548))

table 5 : explain SELECT k, c FROM sbtest5 WHERE k BETWEEN 1200448 AND 1200548
	Bitmap Heap Scan on sbtest5  (cost=5.47..405.13 rows=101 width=125)
	  Recheck Cond: ((k >= 1200448) AND (k <= 1200548))
	  ->  Bitmap Index Scan on k_5  (cost=0.00..5.44 rows=101 width=0)
	        Index Cond: ((k >= 1200448) AND (k <= 1200548))

table 6 : explain SELECT k, c FROM sbtest6 WHERE k BETWEEN 1200448 AND 1200548
	Bitmap Heap Scan on sbtest6  (cost=5.45..397.25 rows=99 width=125)
	  Recheck Cond: ((k >= 1200448) AND (k <= 1200548))
	  ->  Bitmap Index Scan on k_6  (cost=0.00..5.42 rows=99 width=0)
	        Index Cond: ((k >= 1200448) AND (k <= 1200548))

table 7 : explain SELECT k, c FROM sbtest7 WHERE k BETWEEN 1200448 AND 1200548
	Bitmap Heap Scan on sbtest7  (cost=5.50..416.94 rows=104 width=125)
	  Recheck Cond: ((k >= 1200448) AND (k <= 1200548))
	  ->  Bitmap Index Scan on k_7  (cost=0.00..5.47 rows=104 width=0)
	        Index Cond: ((k >= 1200448) AND (k <= 1200548))

table 8 : explain SELECT k, c FROM sbtest8 WHERE k BETWEEN 1200448 AND 1200548
	Bitmap Heap Scan on sbtest8  (cost=5.47..405.13 rows=101 width=125)
	  Recheck Cond: ((k >= 1200448) AND (k <= 1200548))
	  ->  Bitmap Index Scan on k_8  (cost=0.00..5.44 rows=101 width=0)
	        Index Cond: ((k >= 1200448) AND (k <= 1200548))

for range-notcovered
table 1 : explain SELECT k, c FROM sbtest1 WHERE k BETWEEN 3200628 AND 3200728
	Bitmap Heap Scan on sbtest1  (cost=5.42..385.43 rows=96 width=125)
	  Recheck Cond: ((k >= 3200628) AND (k <= 3200728))
	  ->  Bitmap Index Scan on k_1  (cost=0.00..5.39 rows=96 width=0)
	        Index Cond: ((k >= 3200628) AND (k <= 3200728))

table 2 : explain SELECT k, c FROM sbtest2 WHERE k BETWEEN 3200628 AND 3200728
	Bitmap Heap Scan on sbtest2  (cost=5.38..369.67 rows=92 width=125)
	  Recheck Cond: ((k >= 3200628) AND (k <= 3200728))
	  ->  Bitmap Index Scan on k_2  (cost=0.00..5.35 rows=92 width=0)
	        Index Cond: ((k >= 3200628) AND (k <= 3200728))

table 3 : explain SELECT k, c FROM sbtest3 WHERE k BETWEEN 3200628 AND 3200728
	Bitmap Heap Scan on sbtest3  (cost=5.44..393.31 rows=98 width=125)
	  Recheck Cond: ((k >= 3200628) AND (k <= 3200728))
	  ->  Bitmap Index Scan on k_3  (cost=0.00..5.42 rows=98 width=0)
	        Index Cond: ((k >= 3200628) AND (k <= 3200728))

table 4 : explain SELECT k, c FROM sbtest4 WHERE k BETWEEN 3200628 AND 3200728
	Bitmap Heap Scan on sbtest4  (cost=5.54..432.69 rows=108 width=125)
	  Recheck Cond: ((k >= 3200628) AND (k <= 3200728))
	  ->  Bitmap Index Scan on k_4  (cost=0.00..5.51 rows=108 width=0)
	        Index Cond: ((k >= 3200628) AND (k <= 3200728))

table 5 : explain SELECT k, c FROM sbtest5 WHERE k BETWEEN 3200628 AND 3200728
	Bitmap Heap Scan on sbtest5  (cost=5.49..413.00 rows=103 width=125)
	  Recheck Cond: ((k >= 3200628) AND (k <= 3200728))
	  ->  Bitmap Index Scan on k_5  (cost=0.00..5.46 rows=103 width=0)
	        Index Cond: ((k >= 3200628) AND (k <= 3200728))

table 6 : explain SELECT k, c FROM sbtest6 WHERE k BETWEEN 3200628 AND 3200728
	Bitmap Heap Scan on sbtest6  (cost=5.38..369.67 rows=92 width=125)
	  Recheck Cond: ((k >= 3200628) AND (k <= 3200728))
	  ->  Bitmap Index Scan on k_6  (cost=0.00..5.35 rows=92 width=0)
	        Index Cond: ((k >= 3200628) AND (k <= 3200728))

table 7 : explain SELECT k, c FROM sbtest7 WHERE k BETWEEN 3200628 AND 3200728
	Bitmap Heap Scan on sbtest7  (cost=5.51..420.88 rows=105 width=125)
	  Recheck Cond: ((k >= 3200628) AND (k <= 3200728))
	  ->  Bitmap Index Scan on k_7  (cost=0.00..5.48 rows=105 width=0)
	        Index Cond: ((k >= 3200628) AND (k <= 3200728))

table 8 : explain SELECT k, c FROM sbtest8 WHERE k BETWEEN 3200628 AND 3200728
	Bitmap Heap Scan on sbtest8  (cost=5.65..475.95 rows=119 width=125)
	  Recheck Cond: ((k >= 3200628) AND (k <= 3200728))
	  ->  Bitmap Index Scan on k_8  (cost=0.00..5.62 rows=119 width=0)
	        Index Cond: ((k >= 3200628) AND (k <= 3200728))

explain: for range-notcovered :: explain SELECT k, c FROM sbtest%d WHERE k BETWEEN 6578497 AND 6578597
explain: for range-notcovered :: explain SELECT k, c FROM sbtest%d WHERE k BETWEEN 1200448 AND 1200548
explain: for range-notcovered :: explain SELECT k, c FROM sbtest%d WHERE k BETWEEN 3200628 AND 3200728
for range-notcovered
table 1 : explain SELECT k, c FROM sbtest1 WHERE k BETWEEN 8307397 AND 8307497
	Bitmap Heap Scan on sbtest1  (cost=5.43..389.37 rows=97 width=125)
	  Recheck Cond: ((k >= 8307397) AND (k <= 8307497))
	  ->  Bitmap Index Scan on k_1  (cost=0.00..5.40 rows=97 width=0)
	        Index Cond: ((k >= 8307397) AND (k <= 8307497))

table 2 : explain SELECT k, c FROM sbtest2 WHERE k BETWEEN 8307397 AND 8307497
	Bitmap Heap Scan on sbtest2  (cost=5.51..420.88 rows=105 width=125)
	  Recheck Cond: ((k >= 8307397) AND (k <= 8307497))
	  ->  Bitmap Index Scan on k_2  (cost=0.00..5.48 rows=105 width=0)
	        Index Cond: ((k >= 8307397) AND (k <= 8307497))

table 3 : explain SELECT k, c FROM sbtest3 WHERE k BETWEEN 8307397 AND 8307497
	Bitmap Heap Scan on sbtest3  (cost=5.53..428.75 rows=107 width=125)
	  Recheck Cond: ((k >= 8307397) AND (k <= 8307497))
	  ->  Bitmap Index Scan on k_3  (cost=0.00..5.50 rows=107 width=0)
	        Index Cond: ((k >= 8307397) AND (k <= 8307497))

table 4 : explain SELECT k, c FROM sbtest4 WHERE k BETWEEN 8307397 AND 8307497
	Bitmap Heap Scan on sbtest4  (cost=5.54..432.69 rows=108 width=125)
	  Recheck Cond: ((k >= 8307397) AND (k <= 8307497))
	  ->  Bitmap Index Scan on k_4  (cost=0.00..5.51 rows=108 width=0)
	        Index Cond: ((k >= 8307397) AND (k <= 8307497))

table 5 : explain SELECT k, c FROM sbtest5 WHERE k BETWEEN 8307397 AND 8307497
	Bitmap Heap Scan on sbtest5  (cost=5.43..389.37 rows=97 width=125)
	  Recheck Cond: ((k >= 8307397) AND (k <= 8307497))
	  ->  Bitmap Index Scan on k_5  (cost=0.00..5.40 rows=97 width=0)
	        Index Cond: ((k >= 8307397) AND (k <= 8307497))

table 6 : explain SELECT k, c FROM sbtest6 WHERE k BETWEEN 8307397 AND 8307497
	Bitmap Heap Scan on sbtest6  (cost=5.44..393.31 rows=98 width=125)
	  Recheck Cond: ((k >= 8307397) AND (k <= 8307497))
	  ->  Bitmap Index Scan on k_6  (cost=0.00..5.42 rows=98 width=0)
	        Index Cond: ((k >= 8307397) AND (k <= 8307497))

table 7 : explain SELECT k, c FROM sbtest7 WHERE k BETWEEN 8307397 AND 8307497
	Bitmap Heap Scan on sbtest7  (cost=5.35..357.84 rows=89 width=125)
	  Recheck Cond: ((k >= 8307397) AND (k <= 8307497))
	  ->  Bitmap Index Scan on k_7  (cost=0.00..5.32 rows=89 width=0)
	        Index Cond: ((k >= 8307397) AND (k <= 8307497))

table 8 : explain SELECT k, c FROM sbtest8 WHERE k BETWEEN 8307397 AND 8307497
	Bitmap Heap Scan on sbtest8  (cost=5.38..369.67 rows=92 width=125)
	  Recheck Cond: ((k >= 8307397) AND (k <= 8307497))
	  ->  Bitmap Index Scan on k_8  (cost=0.00..5.35 rows=92 width=0)
	        Index Cond: ((k >= 8307397) AND (k <= 8307497))

for range-notcovered
table 1 : explain SELECT k, c FROM sbtest1 WHERE k BETWEEN 4426734 AND 4426834
	Bitmap Heap Scan on sbtest1  (cost=5.53..428.75 rows=107 width=125)
	  Recheck Cond: ((k >= 4426734) AND (k <= 4426834))
	  ->  Bitmap Index Scan on k_1  (cost=0.00..5.50 rows=107 width=0)
	        Index Cond: ((k >= 4426734) AND (k <= 4426834))

table 2 : explain SELECT k, c FROM sbtest2 WHERE k BETWEEN 4426734 AND 4426834
	Bitmap Heap Scan on sbtest2  (cost=5.53..428.75 rows=107 width=125)
	  Recheck Cond: ((k >= 4426734) AND (k <= 4426834))
	  ->  Bitmap Index Scan on k_2  (cost=0.00..5.50 rows=107 width=0)
	        Index Cond: ((k >= 4426734) AND (k <= 4426834))

table 3 : explain SELECT k, c FROM sbtest3 WHERE k BETWEEN 4426734 AND 4426834
	Bitmap Heap Scan on sbtest3  (cost=5.37..365.72 rows=91 width=125)
	  Recheck Cond: ((k >= 4426734) AND (k <= 4426834))
	  ->  Bitmap Index Scan on k_3  (cost=0.00..5.34 rows=91 width=0)
	        Index Cond: ((k >= 4426734) AND (k <= 4426834))

table 4 : explain SELECT k, c FROM sbtest4 WHERE k BETWEEN 4426734 AND 4426834
	Bitmap Heap Scan on sbtest4  (cost=5.41..381.49 rows=95 width=125)
	  Recheck Cond: ((k >= 4426734) AND (k <= 4426834))
	  ->  Bitmap Index Scan on k_4  (cost=0.00..5.38 rows=95 width=0)
	        Index Cond: ((k >= 4426734) AND (k <= 4426834))

table 5 : explain SELECT k, c FROM sbtest5 WHERE k BETWEEN 4426734 AND 4426834
	Bitmap Heap Scan on sbtest5  (cost=5.48..409.07 rows=102 width=125)
	  Recheck Cond: ((k >= 4426734) AND (k <= 4426834))
	  ->  Bitmap Index Scan on k_5  (cost=0.00..5.45 rows=102 width=0)
	        Index Cond: ((k >= 4426734) AND (k <= 4426834))

table 6 : explain SELECT k, c FROM sbtest6 WHERE k BETWEEN 4426734 AND 4426834
	Bitmap Heap Scan on sbtest6  (cost=5.62..464.15 rows=116 width=125)
	  Recheck Cond: ((k >= 4426734) AND (k <= 4426834))
	  ->  Bitmap Index Scan on k_6  (cost=0.00..5.59 rows=116 width=0)
	        Index Cond: ((k >= 4426734) AND (k <= 4426834))

table 7 : explain SELECT k, c FROM sbtest7 WHERE k BETWEEN 4426734 AND 4426834
	Bitmap Heap Scan on sbtest7  (cost=5.52..424.81 rows=106 width=125)
	  Recheck Cond: ((k >= 4426734) AND (k <= 4426834))
	  ->  Bitmap Index Scan on k_7  (cost=0.00..5.50 rows=106 width=0)
	        Index Cond: ((k >= 4426734) AND (k <= 4426834))

table 8 : explain SELECT k, c FROM sbtest8 WHERE k BETWEEN 4426734 AND 4426834
	Bitmap Heap Scan on sbtest8  (cost=5.47..405.13 rows=101 width=125)
	  Recheck Cond: ((k >= 4426734) AND (k <= 4426834))
	  ->  Bitmap Index Scan on k_8  (cost=0.00..5.44 rows=101 width=0)
	        Index Cond: ((k >= 4426734) AND (k <= 4426834))

for range-notcovered
table 1 : explain SELECT k, c FROM sbtest1 WHERE k BETWEEN 6235265 AND 6235365
	Bitmap Heap Scan on sbtest1  (cost=5.45..397.25 rows=99 width=125)
	  Recheck Cond: ((k >= 6235265) AND (k <= 6235365))
	  ->  Bitmap Index Scan on k_1  (cost=0.00..5.42 rows=99 width=0)
	        Index Cond: ((k >= 6235265) AND (k <= 6235365))

table 2 : explain SELECT k, c FROM sbtest2 WHERE k BETWEEN 6235265 AND 6235365
	Bitmap Heap Scan on sbtest2  (cost=5.42..385.43 rows=96 width=125)
	  Recheck Cond: ((k >= 6235265) AND (k <= 6235365))
	  ->  Bitmap Index Scan on k_2  (cost=0.00..5.39 rows=96 width=0)
	        Index Cond: ((k >= 6235265) AND (k <= 6235365))

table 3 : explain SELECT k, c FROM sbtest3 WHERE k BETWEEN 6235265 AND 6235365
	Bitmap Heap Scan on sbtest3  (cost=5.48..409.07 rows=102 width=125)
	  Recheck Cond: ((k >= 6235265) AND (k <= 6235365))
	  ->  Bitmap Index Scan on k_3  (cost=0.00..5.45 rows=102 width=0)
	        Index Cond: ((k >= 6235265) AND (k <= 6235365))

table 4 : explain SELECT k, c FROM sbtest4 WHERE k BETWEEN 6235265 AND 6235365
	Bitmap Heap Scan on sbtest4  (cost=5.46..401.19 rows=100 width=125)
	  Recheck Cond: ((k >= 6235265) AND (k <= 6235365))
	  ->  Bitmap Index Scan on k_4  (cost=0.00..5.43 rows=100 width=0)
	        Index Cond: ((k >= 6235265) AND (k <= 6235365))

table 5 : explain SELECT k, c FROM sbtest5 WHERE k BETWEEN 6235265 AND 6235365
	Bitmap Heap Scan on sbtest5  (cost=5.45..397.25 rows=99 width=125)
	  Recheck Cond: ((k >= 6235265) AND (k <= 6235365))
	  ->  Bitmap Index Scan on k_5  (cost=0.00..5.42 rows=99 width=0)
	        Index Cond: ((k >= 6235265) AND (k <= 6235365))

table 6 : explain SELECT k, c FROM sbtest6 WHERE k BETWEEN 6235265 AND 6235365
	Bitmap Heap Scan on sbtest6  (cost=5.53..428.75 rows=107 width=125)
	  Recheck Cond: ((k >= 6235265) AND (k <= 6235365))
	  ->  Bitmap Index Scan on k_6  (cost=0.00..5.50 rows=107 width=0)
	        Index Cond: ((k >= 6235265) AND (k <= 6235365))

table 7 : explain SELECT k, c FROM sbtest7 WHERE k BETWEEN 6235265 AND 6235365
	Bitmap Heap Scan on sbtest7  (cost=5.49..413.00 rows=103 width=125)
	  Recheck Cond: ((k >= 6235265) AND (k <= 6235365))
	  ->  Bitmap Index Scan on k_7  (cost=0.00..5.46 rows=103 width=0)
	        Index Cond: ((k >= 6235265) AND (k <= 6235365))

table 8 : explain SELECT k, c FROM sbtest8 WHERE k BETWEEN 6235265 AND 6235365
	Bitmap Heap Scan on sbtest8  (cost=5.43..389.37 rows=97 width=125)
	  Recheck Cond: ((k >= 6235265) AND (k <= 6235365))
	  ->  Bitmap Index Scan on k_8  (cost=0.00..5.40 rows=97 width=0)
	        Index Cond: ((k >= 6235265) AND (k <= 6235365))

explain: for range-notcovered :: explain SELECT k, c FROM sbtest%d WHERE k BETWEEN 8307397 AND 8307497
for range-notcovered
table 1 : explain SELECT k, c FROM sbtest1 WHERE k BETWEEN 2209652 AND 2209752
	Bitmap Heap Scan on sbtest1  (cost=5.44..393.31 rows=98 width=125)
	  Recheck Cond: ((k >= 2209652) AND (k <= 2209752))
	  ->  Bitmap Index Scan on k_1  (cost=0.00..5.42 rows=98 width=0)
	        Index Cond: ((k >= 2209652) AND (k <= 2209752))

table 2 : explain SELECT k, c FROM sbtest2 WHERE k BETWEEN 2209652 AND 2209752
	Bitmap Heap Scan on sbtest2  (cost=5.44..393.31 rows=98 width=125)
	  Recheck Cond: ((k >= 2209652) AND (k <= 2209752))
	  ->  Bitmap Index Scan on k_2  (cost=0.00..5.42 rows=98 width=0)
	        Index Cond: ((k >= 2209652) AND (k <= 2209752))

table 3 : explain SELECT k, c FROM sbtest3 WHERE k BETWEEN 2209652 AND 2209752
	Bitmap Heap Scan on sbtest3  (cost=5.57..444.49 rows=111 width=125)
	  Recheck Cond: ((k >= 2209652) AND (k <= 2209752))
	  ->  Bitmap Index Scan on k_3  (cost=0.00..5.54 rows=111 width=0)
	        Index Cond: ((k >= 2209652) AND (k <= 2209752))

table 4 : explain SELECT k, c FROM sbtest4 WHERE k BETWEEN 2209652 AND 2209752
	Bitmap Heap Scan on sbtest4  (cost=5.41..381.49 rows=95 width=125)
	  Recheck Cond: ((k >= 2209652) AND (k <= 2209752))
	  ->  Bitmap Index Scan on k_4  (cost=0.00..5.38 rows=95 width=0)
	        Index Cond: ((k >= 2209652) AND (k <= 2209752))

table 5 : explain SELECT k, c FROM sbtest5 WHERE k BETWEEN 2209652 AND 2209752
	Bitmap Heap Scan on sbtest5  (cost=5.43..389.37 rows=97 width=125)
	  Recheck Cond: ((k >= 2209652) AND (k <= 2209752))
	  ->  Bitmap Index Scan on k_5  (cost=0.00..5.40 rows=97 width=0)
	        Index Cond: ((k >= 2209652) AND (k <= 2209752))

table 6 : explain SELECT k, c FROM sbtest6 WHERE k BETWEEN 2209652 AND 2209752
	Bitmap Heap Scan on sbtest6  (cost=5.51..420.88 rows=105 width=125)
	  Recheck Cond: ((k >= 2209652) AND (k <= 2209752))
	  ->  Bitmap Index Scan on k_6  (cost=0.00..5.48 rows=105 width=0)
	        Index Cond: ((k >= 2209652) AND (k <= 2209752))

table 7 : explain SELECT k, c FROM sbtest7 WHERE k BETWEEN 2209652 AND 2209752
	Bitmap Heap Scan on sbtest7  (cost=5.49..413.00 rows=103 width=125)
	  Recheck Cond: ((k >= 2209652) AND (k <= 2209752))
	  ->  Bitmap Index Scan on k_7  (cost=0.00..5.46 rows=103 width=0)
	        Index Cond: ((k >= 2209652) AND (k <= 2209752))

table 8 : explain SELECT k, c FROM sbtest8 WHERE k BETWEEN 2209652 AND 2209752
	Bitmap Heap Scan on sbtest8  (cost=5.52..424.81 rows=106 width=125)
	  Recheck Cond: ((k >= 2209652) AND (k <= 2209752))
	  ->  Bitmap Index Scan on k_8  (cost=0.00..5.50 rows=106 width=0)
	        Index Cond: ((k >= 2209652) AND (k <= 2209752))

explain: for range-notcovered :: explain SELECT k, c FROM sbtest%d WHERE k BETWEEN 6235265 AND 6235365
for range-notcovered
table 1 : explain SELECT k, c FROM sbtest1 WHERE k BETWEEN 3784222 AND 3784322
	Bitmap Heap Scan on sbtest1  (cost=5.60..456.29 rows=114 width=125)
	  Recheck Cond: ((k >= 3784222) AND (k <= 3784322))
	  ->  Bitmap Index Scan on k_1  (cost=0.00..5.58 rows=114 width=0)
	        Index Cond: ((k >= 3784222) AND (k <= 3784322))

table 2 : explain SELECT k, c FROM sbtest2 WHERE k BETWEEN 3784222 AND 3784322
	Bitmap Heap Scan on sbtest2  (cost=5.50..416.94 rows=104 width=125)
	  Recheck Cond: ((k >= 3784222) AND (k <= 3784322))
	  ->  Bitmap Index Scan on k_2  (cost=0.00..5.47 rows=104 width=0)
	        Index Cond: ((k >= 3784222) AND (k <= 3784322))

table 3 : explain SELECT k, c FROM sbtest3 WHERE k BETWEEN 3784222 AND 3784322
	Bitmap Heap Scan on sbtest3  (cost=5.48..409.07 rows=102 width=125)
	  Recheck Cond: ((k >= 3784222) AND (k <= 3784322))
	  ->  Bitmap Index Scan on k_3  (cost=0.00..5.45 rows=102 width=0)
	        Index Cond: ((k >= 3784222) AND (k <= 3784322))

table 4 : explain SELECT k, c FROM sbtest4 WHERE k BETWEEN 3784222 AND 3784322
	Bitmap Heap Scan on sbtest4  (cost=5.43..389.37 rows=97 width=125)
	  Recheck Cond: ((k >= 3784222) AND (k <= 3784322))
	  ->  Bitmap Index Scan on k_4  (cost=0.00..5.40 rows=97 width=0)
	        Index Cond: ((k >= 3784222) AND (k <= 3784322))

table 5 : explain SELECT k, c FROM sbtest5 WHERE k BETWEEN 3784222 AND 3784322
	Bitmap Heap Scan on sbtest5  (cost=5.47..405.13 rows=101 width=125)
	  Recheck Cond: ((k >= 3784222) AND (k <= 3784322))
	  ->  Bitmap Index Scan on k_5  (cost=0.00..5.44 rows=101 width=0)
	        Index Cond: ((k >= 3784222) AND (k <= 3784322))

table 6 : explain SELECT k, c FROM sbtest6 WHERE k BETWEEN 3784222 AND 3784322
	Bitmap Heap Scan on sbtest6  (cost=5.59..452.36 rows=113 width=125)
	  Recheck Cond: ((k >= 3784222) AND (k <= 3784322))
	  ->  Bitmap Index Scan on k_6  (cost=0.00..5.56 rows=113 width=0)
	        Index Cond: ((k >= 3784222) AND (k <= 3784322))

table 7 : explain SELECT k, c FROM sbtest7 WHERE k BETWEEN 3784222 AND 3784322
	Bitmap Heap Scan on sbtest7  (cost=5.47..405.13 rows=101 width=125)
	  Recheck Cond: ((k >= 3784222) AND (k <= 3784322))
	  ->  Bitmap Index Scan on k_7  (cost=0.00..5.44 rows=101 width=0)
	        Index Cond: ((k >= 3784222) AND (k <= 3784322))

table 8 : explain SELECT k, c FROM sbtest8 WHERE k BETWEEN 3784222 AND 3784322
	Bitmap Heap Scan on sbtest8  (cost=5.52..424.81 rows=106 width=125)
	  Recheck Cond: ((k >= 3784222) AND (k <= 3784322))
	  ->  Bitmap Index Scan on k_8  (cost=0.00..5.50 rows=106 width=0)
	        Index Cond: ((k >= 3784222) AND (k <= 3784322))

explain: for range-notcovered :: explain SELECT k, c FROM sbtest%d WHERE k BETWEEN 2209652 AND 2209752
explain: for range-notcovered :: explain SELECT k, c FROM sbtest%d WHERE k BETWEEN 3784222 AND 3784322
for range-notcovered
table 1 : explain SELECT k, c FROM sbtest1 WHERE k BETWEEN 1200448 AND 1200548
	Bitmap Heap Scan on sbtest1  (cost=5.51..420.88 rows=105 width=125)
	  Recheck Cond: ((k >= 1200448) AND (k <= 1200548))
	  ->  Bitmap Index Scan on k_1  (cost=0.00..5.48 rows=105 width=0)
	        Index Cond: ((k >= 1200448) AND (k <= 1200548))

table 2 : explain SELECT k, c FROM sbtest2 WHERE k BETWEEN 1200448 AND 1200548
	Bitmap Heap Scan on sbtest2  (cost=5.53..428.75 rows=107 width=125)
	  Recheck Cond: ((k >= 1200448) AND (k <= 1200548))
	  ->  Bitmap Index Scan on k_2  (cost=0.00..5.50 rows=107 width=0)
	        Index Cond: ((k >= 1200448) AND (k <= 1200548))

table 3 : explain SELECT k, c FROM sbtest3 WHERE k BETWEEN 1200448 AND 1200548
	Bitmap Heap Scan on sbtest3  (cost=5.62..464.15 rows=116 width=125)
	  Recheck Cond: ((k >= 1200448) AND (k <= 1200548))
	  ->  Bitmap Index Scan on k_3  (cost=0.00..5.59 rows=116 width=0)
	        Index Cond: ((k >= 1200448) AND (k <= 1200548))

table 4 : explain SELECT k, c FROM sbtest4 WHERE k BETWEEN 1200448 AND 1200548
	Bitmap Heap Scan on sbtest4  (cost=5.45..397.25 rows=99 width=125)
	  Recheck Cond: ((k >= 1200448) AND (k <= 1200548))
	  ->  Bitmap Index Scan on k_4  (cost=0.00..5.42 rows=99 width=0)
	        Index Cond: ((k >= 1200448) AND (k <= 1200548))

table 5 : explain SELECT k, c FROM sbtest5 WHERE k BETWEEN 1200448 AND 1200548
	Bitmap Heap Scan on sbtest5  (cost=5.47..405.13 rows=101 width=125)
	  Recheck Cond: ((k >= 1200448) AND (k <= 1200548))
	  ->  Bitmap Index Scan on k_5  (cost=0.00..5.44 rows=101 width=0)
	        Index Cond: ((k >= 1200448) AND (k <= 1200548))

table 6 : explain SELECT k, c FROM sbtest6 WHERE k BETWEEN 1200448 AND 1200548
	Bitmap Heap Scan on sbtest6  (cost=5.45..397.25 rows=99 width=125)
	  Recheck Cond: ((k >= 1200448) AND (k <= 1200548))
	  ->  Bitmap Index Scan on k_6  (cost=0.00..5.42 rows=99 width=0)
	        Index Cond: ((k >= 1200448) AND (k <= 1200548))

table 7 : explain SELECT k, c FROM sbtest7 WHERE k BETWEEN 1200448 AND 1200548
	Bitmap Heap Scan on sbtest7  (cost=5.50..416.94 rows=104 width=125)
	  Recheck Cond: ((k >= 1200448) AND (k <= 1200548))
	  ->  Bitmap Index Scan on k_7  (cost=0.00..5.47 rows=104 width=0)
	        Index Cond: ((k >= 1200448) AND (k <= 1200548))

table 8 : explain SELECT k, c FROM sbtest8 WHERE k BETWEEN 1200448 AND 1200548
	Bitmap Heap Scan on sbtest8  (cost=5.47..405.13 rows=101 width=125)
	  Recheck Cond: ((k >= 1200448) AND (k <= 1200548))
	  ->  Bitmap Index Scan on k_8  (cost=0.00..5.44 rows=101 width=0)
	        Index Cond: ((k >= 1200448) AND (k <= 1200548))

explain: for range-notcovered :: explain SELECT k, c FROM sbtest%d WHERE k BETWEEN 1200448 AND 1200548
for range-notcovered
table 1 : explain SELECT k, c FROM sbtest1 WHERE k BETWEEN 6412892 AND 6412992
	Bitmap Heap Scan on sbtest1  (cost=5.47..405.13 rows=101 width=125)
	  Recheck Cond: ((k >= 6412892) AND (k <= 6412992))
	  ->  Bitmap Index Scan on k_1  (cost=0.00..5.44 rows=101 width=0)
	        Index Cond: ((k >= 6412892) AND (k <= 6412992))

table 2 : explain SELECT k, c FROM sbtest2 WHERE k BETWEEN 6412892 AND 6412992
	Bitmap Heap Scan on sbtest2  (cost=5.41..381.49 rows=95 width=125)
	  Recheck Cond: ((k >= 6412892) AND (k <= 6412992))
	  ->  Bitmap Index Scan on k_2  (cost=0.00..5.38 rows=95 width=0)
	        Index Cond: ((k >= 6412892) AND (k <= 6412992))

table 3 : explain SELECT k, c FROM sbtest3 WHERE k BETWEEN 6412892 AND 6412992
	Bitmap Heap Scan on sbtest3  (cost=5.43..389.37 rows=97 width=125)
	  Recheck Cond: ((k >= 6412892) AND (k <= 6412992))
	  ->  Bitmap Index Scan on k_3  (cost=0.00..5.40 rows=97 width=0)
	        Index Cond: ((k >= 6412892) AND (k <= 6412992))

table 4 : explain SELECT k, c FROM sbtest4 WHERE k BETWEEN 6412892 AND 6412992
	Bitmap Heap Scan on sbtest4  (cost=5.46..401.19 rows=100 width=125)
	  Recheck Cond: ((k >= 6412892) AND (k <= 6412992))
	  ->  Bitmap Index Scan on k_4  (cost=0.00..5.43 rows=100 width=0)
	        Index Cond: ((k >= 6412892) AND (k <= 6412992))

table 5 : explain SELECT k, c FROM sbtest5 WHERE k BETWEEN 6412892 AND 6412992
	Bitmap Heap Scan on sbtest5  (cost=5.48..409.07 rows=102 width=125)
	  Recheck Cond: ((k >= 6412892) AND (k <= 6412992))
	  ->  Bitmap Index Scan on k_5  (cost=0.00..5.45 rows=102 width=0)
	        Index Cond: ((k >= 6412892) AND (k <= 6412992))

table 6 : explain SELECT k, c FROM sbtest6 WHERE k BETWEEN 6412892 AND 6412992
	Bitmap Heap Scan on sbtest6  (cost=5.52..424.81 rows=106 width=125)
	  Recheck Cond: ((k >= 6412892) AND (k <= 6412992))
	  ->  Bitmap Index Scan on k_6  (cost=0.00..5.50 rows=106 width=0)
	        Index Cond: ((k >= 6412892) AND (k <= 6412992))

table 7 : explain SELECT k, c FROM sbtest7 WHERE k BETWEEN 6412892 AND 6412992
	Bitmap Heap Scan on sbtest7  (cost=5.50..416.94 rows=104 width=125)
	  Recheck Cond: ((k >= 6412892) AND (k <= 6412992))
	  ->  Bitmap Index Scan on k_7  (cost=0.00..5.47 rows=104 width=0)
	        Index Cond: ((k >= 6412892) AND (k <= 6412992))

table 8 : explain SELECT k, c FROM sbtest8 WHERE k BETWEEN 6412892 AND 6412992
	Bitmap Heap Scan on sbtest8  (cost=5.44..393.31 rows=98 width=125)
	  Recheck Cond: ((k >= 6412892) AND (k <= 6412992))
	  ->  Bitmap Index Scan on k_8  (cost=0.00..5.42 rows=98 width=0)
	        Index Cond: ((k >= 6412892) AND (k <= 6412992))

for range-notcovered
table 1 : explain SELECT k, c FROM sbtest1 WHERE k BETWEEN 3200628 AND 3200728
	Bitmap Heap Scan on sbtest1  (cost=5.42..385.43 rows=96 width=125)
	  Recheck Cond: ((k >= 3200628) AND (k <= 3200728))
	  ->  Bitmap Index Scan on k_1  (cost=0.00..5.39 rows=96 width=0)
	        Index Cond: ((k >= 3200628) AND (k <= 3200728))

table 2 : explain SELECT k, c FROM sbtest2 WHERE k BETWEEN 3200628 AND 3200728
	Bitmap Heap Scan on sbtest2  (cost=5.38..369.67 rows=92 width=125)
	  Recheck Cond: ((k >= 3200628) AND (k <= 3200728))
	  ->  Bitmap Index Scan on k_2  (cost=0.00..5.35 rows=92 width=0)
	        Index Cond: ((k >= 3200628) AND (k <= 3200728))

table 3 : explain SELECT k, c FROM sbtest3 WHERE k BETWEEN 3200628 AND 3200728
	Bitmap Heap Scan on sbtest3  (cost=5.44..393.31 rows=98 width=125)
	  Recheck Cond: ((k >= 3200628) AND (k <= 3200728))
	  ->  Bitmap Index Scan on k_3  (cost=0.00..5.42 rows=98 width=0)
	        Index Cond: ((k >= 3200628) AND (k <= 3200728))

table 4 : explain SELECT k, c FROM sbtest4 WHERE k BETWEEN 3200628 AND 3200728
	Bitmap Heap Scan on sbtest4  (cost=5.54..432.69 rows=108 width=125)
	  Recheck Cond: ((k >= 3200628) AND (k <= 3200728))
	  ->  Bitmap Index Scan on k_4  (cost=0.00..5.51 rows=108 width=0)
	        Index Cond: ((k >= 3200628) AND (k <= 3200728))

table 5 : explain SELECT k, c FROM sbtest5 WHERE k BETWEEN 3200628 AND 3200728
	Bitmap Heap Scan on sbtest5  (cost=5.49..413.00 rows=103 width=125)
	  Recheck Cond: ((k >= 3200628) AND (k <= 3200728))
	  ->  Bitmap Index Scan on k_5  (cost=0.00..5.46 rows=103 width=0)
	        Index Cond: ((k >= 3200628) AND (k <= 3200728))

table 6 : explain SELECT k, c FROM sbtest6 WHERE k BETWEEN 3200628 AND 3200728
	Bitmap Heap Scan on sbtest6  (cost=5.38..369.67 rows=92 width=125)
	  Recheck Cond: ((k >= 3200628) AND (k <= 3200728))
	  ->  Bitmap Index Scan on k_6  (cost=0.00..5.35 rows=92 width=0)
	        Index Cond: ((k >= 3200628) AND (k <= 3200728))

table 7 : explain SELECT k, c FROM sbtest7 WHERE k BETWEEN 3200628 AND 3200728
	Bitmap Heap Scan on sbtest7  (cost=5.51..420.88 rows=105 width=125)
	  Recheck Cond: ((k >= 3200628) AND (k <= 3200728))
	  ->  Bitmap Index Scan on k_7  (cost=0.00..5.48 rows=105 width=0)
	        Index Cond: ((k >= 3200628) AND (k <= 3200728))

table 8 : explain SELECT k, c FROM sbtest8 WHERE k BETWEEN 3200628 AND 3200728
	Bitmap Heap Scan on sbtest8  (cost=5.65..475.95 rows=119 width=125)
	  Recheck Cond: ((k >= 3200628) AND (k <= 3200728))
	  ->  Bitmap Index Scan on k_8  (cost=0.00..5.62 rows=119 width=0)
	        Index Cond: ((k >= 3200628) AND (k <= 3200728))

for range-notcovered
table 1 : explain SELECT k, c FROM sbtest1 WHERE k BETWEEN 4528374 AND 4528474
	Bitmap Heap Scan on sbtest1  (cost=5.44..393.31 rows=98 width=125)
	  Recheck Cond: ((k >= 4528374) AND (k <= 4528474))
	  ->  Bitmap Index Scan on k_1  (cost=0.00..5.42 rows=98 width=0)
	        Index Cond: ((k >= 4528374) AND (k <= 4528474))

table 2 : explain SELECT k, c FROM sbtest2 WHERE k BETWEEN 4528374 AND 4528474
	Bitmap Heap Scan on sbtest2  (cost=5.47..405.13 rows=101 width=125)
	  Recheck Cond: ((k >= 4528374) AND (k <= 4528474))
	  ->  Bitmap Index Scan on k_2  (cost=0.00..5.44 rows=101 width=0)
	        Index Cond: ((k >= 4528374) AND (k <= 4528474))

table 3 : explain SELECT k, c FROM sbtest3 WHERE k BETWEEN 4528374 AND 4528474
	Bitmap Heap Scan on sbtest3  (cost=5.42..385.43 rows=96 width=125)
	  Recheck Cond: ((k >= 4528374) AND (k <= 4528474))
	  ->  Bitmap Index Scan on k_3  (cost=0.00..5.39 rows=96 width=0)
	        Index Cond: ((k >= 4528374) AND (k <= 4528474))

table 4 : explain SELECT k, c FROM sbtest4 WHERE k BETWEEN 4528374 AND 4528474
	Bitmap Heap Scan on sbtest4  (cost=5.55..436.62 rows=109 width=125)
	  Recheck Cond: ((k >= 4528374) AND (k <= 4528474))
	  ->  Bitmap Index Scan on k_4  (cost=0.00..5.52 rows=109 width=0)
	        Index Cond: ((k >= 4528374) AND (k <= 4528474))

table 5 : explain SELECT k, c FROM sbtest5 WHERE k BETWEEN 4528374 AND 4528474
	Bitmap Heap Scan on sbtest5  (cost=5.49..413.00 rows=103 width=125)
	  Recheck Cond: ((k >= 4528374) AND (k <= 4528474))
	  ->  Bitmap Index Scan on k_5  (cost=0.00..5.46 rows=103 width=0)
	        Index Cond: ((k >= 4528374) AND (k <= 4528474))

table 6 : explain SELECT k, c FROM sbtest6 WHERE k BETWEEN 4528374 AND 4528474
	Bitmap Heap Scan on sbtest6  (cost=5.52..424.81 rows=106 width=125)
	  Recheck Cond: ((k >= 4528374) AND (k <= 4528474))
	  ->  Bitmap Index Scan on k_6  (cost=0.00..5.50 rows=106 width=0)
	        Index Cond: ((k >= 4528374) AND (k <= 4528474))

table 7 : explain SELECT k, c FROM sbtest7 WHERE k BETWEEN 4528374 AND 4528474
	Bitmap Heap Scan on sbtest7  (cost=5.48..409.07 rows=102 width=125)
	  Recheck Cond: ((k >= 4528374) AND (k <= 4528474))
	  ->  Bitmap Index Scan on k_7  (cost=0.00..5.45 rows=102 width=0)
	        Index Cond: ((k >= 4528374) AND (k <= 4528474))

table 8 : explain SELECT k, c FROM sbtest8 WHERE k BETWEEN 4528374 AND 4528474
	Bitmap Heap Scan on sbtest8  (cost=5.35..357.84 rows=89 width=125)
	  Recheck Cond: ((k >= 4528374) AND (k <= 4528474))
	  ->  Bitmap Index Scan on k_8  (cost=0.00..5.32 rows=89 width=0)
	        Index Cond: ((k >= 4528374) AND (k <= 4528474))

explain: for range-notcovered :: explain SELECT k, c FROM sbtest%d WHERE k BETWEEN 6412892 AND 6412992
explain: for range-notcovered :: explain SELECT k, c FROM sbtest%d WHERE k BETWEEN 5058812 AND 5058912
explain: for range-notcovered :: explain SELECT k, c FROM sbtest%d WHERE k BETWEEN 3200628 AND 3200728
explain: for range-notcovered :: explain SELECT k, c FROM sbtest%d WHERE k BETWEEN 6051077 AND 6051177
for range-notcovered
table 1 : explain SELECT k, c FROM sbtest1 WHERE k BETWEEN 8346016 AND 8346116
	Bitmap Heap Scan on sbtest1  (cost=5.49..413.00 rows=103 width=125)
	  Recheck Cond: ((k >= 8346016) AND (k <= 8346116))
	  ->  Bitmap Index Scan on k_1  (cost=0.00..5.46 rows=103 width=0)
	        Index Cond: ((k >= 8346016) AND (k <= 8346116))

table 2 : explain SELECT k, c FROM sbtest2 WHERE k BETWEEN 8346016 AND 8346116
	Bitmap Heap Scan on sbtest2  (cost=5.51..420.88 rows=105 width=125)
	  Recheck Cond: ((k >= 8346016) AND (k <= 8346116))
	  ->  Bitmap Index Scan on k_2  (cost=0.00..5.48 rows=105 width=0)
	        Index Cond: ((k >= 8346016) AND (k <= 8346116))

table 3 : explain SELECT k, c FROM sbtest3 WHERE k BETWEEN 8346016 AND 8346116
	Bitmap Heap Scan on sbtest3  (cost=5.51..420.88 rows=105 width=125)
	  Recheck Cond: ((k >= 8346016) AND (k <= 8346116))
	  ->  Bitmap Index Scan on k_3  (cost=0.00..5.48 rows=105 width=0)
	        Index Cond: ((k >= 8346016) AND (k <= 8346116))

table 4 : explain SELECT k, c FROM sbtest4 WHERE k BETWEEN 8346016 AND 8346116
	Bitmap Heap Scan on sbtest4  (cost=5.50..416.94 rows=104 width=125)
	  Recheck Cond: ((k >= 8346016) AND (k <= 8346116))
	  ->  Bitmap Index Scan on k_4  (cost=0.00..5.47 rows=104 width=0)
	        Index Cond: ((k >= 8346016) AND (k <= 8346116))

table 5 : explain SELECT k, c FROM sbtest5 WHERE k BETWEEN 8346016 AND 8346116
	Bitmap Heap Scan on sbtest5  (cost=5.43..389.37 rows=97 width=125)
	  Recheck Cond: ((k >= 8346016) AND (k <= 8346116))
	  ->  Bitmap Index Scan on k_5  (cost=0.00..5.40 rows=97 width=0)
	        Index Cond: ((k >= 8346016) AND (k <= 8346116))

table 6 : explain SELECT k, c FROM sbtest6 WHERE k BETWEEN 8346016 AND 8346116
	Bitmap Heap Scan on sbtest6  (cost=5.44..393.31 rows=98 width=125)
	  Recheck Cond: ((k >= 8346016) AND (k <= 8346116))
	  ->  Bitmap Index Scan on k_6  (cost=0.00..5.42 rows=98 width=0)
	        Index Cond: ((k >= 8346016) AND (k <= 8346116))

table 7 : explain SELECT k, c FROM sbtest7 WHERE k BETWEEN 8346016 AND 8346116
	Bitmap Heap Scan on sbtest7  (cost=5.35..357.84 rows=89 width=125)
	  Recheck Cond: ((k >= 8346016) AND (k <= 8346116))
	  ->  Bitmap Index Scan on k_7  (cost=0.00..5.32 rows=89 width=0)
	        Index Cond: ((k >= 8346016) AND (k <= 8346116))

table 8 : explain SELECT k, c FROM sbtest8 WHERE k BETWEEN 8346016 AND 8346116
	Bitmap Heap Scan on sbtest8  (cost=5.38..369.67 rows=92 width=125)
	  Recheck Cond: ((k >= 8346016) AND (k <= 8346116))
	  ->  Bitmap Index Scan on k_8  (cost=0.00..5.35 rows=92 width=0)
	        Index Cond: ((k >= 8346016) AND (k <= 8346116))

for range-notcovered
table 1 : explain SELECT k, c FROM sbtest1 WHERE k BETWEEN 4646032 AND 4646132
	Bitmap Heap Scan on sbtest1  (cost=5.48..409.07 rows=102 width=125)
	  Recheck Cond: ((k >= 4646032) AND (k <= 4646132))
	  ->  Bitmap Index Scan on k_1  (cost=0.00..5.45 rows=102 width=0)
	        Index Cond: ((k >= 4646032) AND (k <= 4646132))

table 2 : explain SELECT k, c FROM sbtest2 WHERE k BETWEEN 4646032 AND 4646132
	Bitmap Heap Scan on sbtest2  (cost=5.46..401.19 rows=100 width=125)
	  Recheck Cond: ((k >= 4646032) AND (k <= 4646132))
	  ->  Bitmap Index Scan on k_2  (cost=0.00..5.43 rows=100 width=0)
	        Index Cond: ((k >= 4646032) AND (k <= 4646132))

table 3 : explain SELECT k, c FROM sbtest3 WHERE k BETWEEN 4646032 AND 4646132
	Bitmap Heap Scan on sbtest3  (cost=5.53..428.75 rows=107 width=125)
	  Recheck Cond: ((k >= 4646032) AND (k <= 4646132))
	  ->  Bitmap Index Scan on k_3  (cost=0.00..5.50 rows=107 width=0)
	        Index Cond: ((k >= 4646032) AND (k <= 4646132))

table 4 : explain SELECT k, c FROM sbtest4 WHERE k BETWEEN 4646032 AND 4646132
	Bitmap Heap Scan on sbtest4  (cost=5.51..420.88 rows=105 width=125)
	  Recheck Cond: ((k >= 4646032) AND (k <= 4646132))
	  ->  Bitmap Index Scan on k_4  (cost=0.00..5.48 rows=105 width=0)
	        Index Cond: ((k >= 4646032) AND (k <= 4646132))

table 5 : explain SELECT k, c FROM sbtest5 WHERE k BETWEEN 4646032 AND 4646132
	Bitmap Heap Scan on sbtest5  (cost=5.48..409.07 rows=102 width=125)
	  Recheck Cond: ((k >= 4646032) AND (k <= 4646132))
	  ->  Bitmap Index Scan on k_5  (cost=0.00..5.45 rows=102 width=0)
	        Index Cond: ((k >= 4646032) AND (k <= 4646132))

table 6 : explain SELECT k, c FROM sbtest6 WHERE k BETWEEN 4646032 AND 4646132
	Bitmap Heap Scan on sbtest6  (cost=5.43..389.37 rows=97 width=125)
	  Recheck Cond: ((k >= 4646032) AND (k <= 4646132))
	  ->  Bitmap Index Scan on k_6  (cost=0.00..5.40 rows=97 width=0)
	        Index Cond: ((k >= 4646032) AND (k <= 4646132))

table 7 : explain SELECT k, c FROM sbtest7 WHERE k BETWEEN 4646032 AND 4646132
	Bitmap Heap Scan on sbtest7  (cost=5.50..416.94 rows=104 width=125)
	  Recheck Cond: ((k >= 4646032) AND (k <= 4646132))
	  ->  Bitmap Index Scan on k_7  (cost=0.00..5.47 rows=104 width=0)
	        Index Cond: ((k >= 4646032) AND (k <= 4646132))

table 8 : explain SELECT k, c FROM sbtest8 WHERE k BETWEEN 4646032 AND 4646132
	Bitmap Heap Scan on sbtest8  (cost=5.49..413.00 rows=103 width=125)
	  Recheck Cond: ((k >= 4646032) AND (k <= 4646132))
	  ->  Bitmap Index Scan on k_8  (cost=0.00..5.46 rows=103 width=0)
	        Index Cond: ((k >= 4646032) AND (k <= 4646132))

for range-notcovered
table 1 : explain SELECT k, c FROM sbtest1 WHERE k BETWEEN 6235265 AND 6235365
	Bitmap Heap Scan on sbtest1  (cost=5.45..397.25 rows=99 width=125)
	  Recheck Cond: ((k >= 6235265) AND (k <= 6235365))
	  ->  Bitmap Index Scan on k_1  (cost=0.00..5.42 rows=99 width=0)
	        Index Cond: ((k >= 6235265) AND (k <= 6235365))

table 2 : explain SELECT k, c FROM sbtest2 WHERE k BETWEEN 6235265 AND 6235365
	Bitmap Heap Scan on sbtest2  (cost=5.42..385.43 rows=96 width=125)
	  Recheck Cond: ((k >= 6235265) AND (k <= 6235365))
	  ->  Bitmap Index Scan on k_2  (cost=0.00..5.39 rows=96 width=0)
	        Index Cond: ((k >= 6235265) AND (k <= 6235365))

table 3 : explain SELECT k, c FROM sbtest3 WHERE k BETWEEN 6235265 AND 6235365
	Bitmap Heap Scan on sbtest3  (cost=5.48..409.07 rows=102 width=125)
	  Recheck Cond: ((k >= 6235265) AND (k <= 6235365))
	  ->  Bitmap Index Scan on k_3  (cost=0.00..5.45 rows=102 width=0)
	        Index Cond: ((k >= 6235265) AND (k <= 6235365))

table 4 : explain SELECT k, c FROM sbtest4 WHERE k BETWEEN 6235265 AND 6235365
	Bitmap Heap Scan on sbtest4  (cost=5.46..401.19 rows=100 width=125)
	  Recheck Cond: ((k >= 6235265) AND (k <= 6235365))
	  ->  Bitmap Index Scan on k_4  (cost=0.00..5.43 rows=100 width=0)
	        Index Cond: ((k >= 6235265) AND (k <= 6235365))

table 5 : explain SELECT k, c FROM sbtest5 WHERE k BETWEEN 6235265 AND 6235365
	Bitmap Heap Scan on sbtest5  (cost=5.45..397.25 rows=99 width=125)
	  Recheck Cond: ((k >= 6235265) AND (k <= 6235365))
	  ->  Bitmap Index Scan on k_5  (cost=0.00..5.42 rows=99 width=0)
	        Index Cond: ((k >= 6235265) AND (k <= 6235365))

table 6 : explain SELECT k, c FROM sbtest6 WHERE k BETWEEN 6235265 AND 6235365
	Bitmap Heap Scan on sbtest6  (cost=5.53..428.75 rows=107 width=125)
	  Recheck Cond: ((k >= 6235265) AND (k <= 6235365))
	  ->  Bitmap Index Scan on k_6  (cost=0.00..5.50 rows=107 width=0)
	        Index Cond: ((k >= 6235265) AND (k <= 6235365))

table 7 : explain SELECT k, c FROM sbtest7 WHERE k BETWEEN 6235265 AND 6235365
	Bitmap Heap Scan on sbtest7  (cost=5.49..413.00 rows=103 width=125)
	  Recheck Cond: ((k >= 6235265) AND (k <= 6235365))
	  ->  Bitmap Index Scan on k_7  (cost=0.00..5.46 rows=103 width=0)
	        Index Cond: ((k >= 6235265) AND (k <= 6235365))

table 8 : explain SELECT k, c FROM sbtest8 WHERE k BETWEEN 6235265 AND 6235365
	Bitmap Heap Scan on sbtest8  (cost=5.43..389.37 rows=97 width=125)
	  Recheck Cond: ((k >= 6235265) AND (k <= 6235365))
	  ->  Bitmap Index Scan on k_8  (cost=0.00..5.40 rows=97 width=0)
	        Index Cond: ((k >= 6235265) AND (k <= 6235365))

explain: for range-notcovered :: explain SELECT k, c FROM sbtest%d WHERE k BETWEEN 4528374 AND 4528474
explain: for range-notcovered :: explain SELECT k, c FROM sbtest%d WHERE k BETWEEN 4646032 AND 4646132
explain: for range-notcovered :: explain SELECT k, c FROM sbtest%d WHERE k BETWEEN 6235265 AND 6235365
explain: for range-notcovered :: explain SELECT k, c FROM sbtest%d WHERE k BETWEEN 8346016 AND 8346116
for range-notcovered
table 1 : explain SELECT k, c FROM sbtest1 WHERE k BETWEEN 3784222 AND 3784322
	Bitmap Heap Scan on sbtest1  (cost=5.60..456.29 rows=114 width=125)
	  Recheck Cond: ((k >= 3784222) AND (k <= 3784322))
	  ->  Bitmap Index Scan on k_1  (cost=0.00..5.58 rows=114 width=0)
	        Index Cond: ((k >= 3784222) AND (k <= 3784322))

table 2 : explain SELECT k, c FROM sbtest2 WHERE k BETWEEN 3784222 AND 3784322
	Bitmap Heap Scan on sbtest2  (cost=5.50..416.94 rows=104 width=125)
	  Recheck Cond: ((k >= 3784222) AND (k <= 3784322))
	  ->  Bitmap Index Scan on k_2  (cost=0.00..5.47 rows=104 width=0)
	        Index Cond: ((k >= 3784222) AND (k <= 3784322))

table 3 : explain SELECT k, c FROM sbtest3 WHERE k BETWEEN 3784222 AND 3784322
	Bitmap Heap Scan on sbtest3  (cost=5.48..409.07 rows=102 width=125)
	  Recheck Cond: ((k >= 3784222) AND (k <= 3784322))
	  ->  Bitmap Index Scan on k_3  (cost=0.00..5.45 rows=102 width=0)
	        Index Cond: ((k >= 3784222) AND (k <= 3784322))

table 4 : explain SELECT k, c FROM sbtest4 WHERE k BETWEEN 3784222 AND 3784322
	Bitmap Heap Scan on sbtest4  (cost=5.43..389.37 rows=97 width=125)
	  Recheck Cond: ((k >= 3784222) AND (k <= 3784322))
	  ->  Bitmap Index Scan on k_4  (cost=0.00..5.40 rows=97 width=0)
	        Index Cond: ((k >= 3784222) AND (k <= 3784322))

table 5 : explain SELECT k, c FROM sbtest5 WHERE k BETWEEN 3784222 AND 3784322
	Bitmap Heap Scan on sbtest5  (cost=5.47..405.13 rows=101 width=125)
	  Recheck Cond: ((k >= 3784222) AND (k <= 3784322))
	  ->  Bitmap Index Scan on k_5  (cost=0.00..5.44 rows=101 width=0)
	        Index Cond: ((k >= 3784222) AND (k <= 3784322))

table 6 : explain SELECT k, c FROM sbtest6 WHERE k BETWEEN 3784222 AND 3784322
	Bitmap Heap Scan on sbtest6  (cost=5.59..452.36 rows=113 width=125)
	  Recheck Cond: ((k >= 3784222) AND (k <= 3784322))
	  ->  Bitmap Index Scan on k_6  (cost=0.00..5.56 rows=113 width=0)
	        Index Cond: ((k >= 3784222) AND (k <= 3784322))

table 7 : explain SELECT k, c FROM sbtest7 WHERE k BETWEEN 3784222 AND 3784322
	Bitmap Heap Scan on sbtest7  (cost=5.47..405.13 rows=101 width=125)
	  Recheck Cond: ((k >= 3784222) AND (k <= 3784322))
	  ->  Bitmap Index Scan on k_7  (cost=0.00..5.44 rows=101 width=0)
	        Index Cond: ((k >= 3784222) AND (k <= 3784322))

table 8 : explain SELECT k, c FROM sbtest8 WHERE k BETWEEN 3784222 AND 3784322
	Bitmap Heap Scan on sbtest8  (cost=5.52..424.81 rows=106 width=125)
	  Recheck Cond: ((k >= 3784222) AND (k <= 3784322))
	  ->  Bitmap Index Scan on k_8  (cost=0.00..5.50 rows=106 width=0)
	        Index Cond: ((k >= 3784222) AND (k <= 3784322))

for range-notcovered
table 1 : explain SELECT k, c FROM sbtest1 WHERE k BETWEEN 2209652 AND 2209752
	Bitmap Heap Scan on sbtest1  (cost=5.44..393.31 rows=98 width=125)
	  Recheck Cond: ((k >= 2209652) AND (k <= 2209752))
	  ->  Bitmap Index Scan on k_1  (cost=0.00..5.42 rows=98 width=0)
	        Index Cond: ((k >= 2209652) AND (k <= 2209752))

table 2 : explain SELECT k, c FROM sbtest2 WHERE k BETWEEN 2209652 AND 2209752
	Bitmap Heap Scan on sbtest2  (cost=5.44..393.31 rows=98 width=125)
	  Recheck Cond: ((k >= 2209652) AND (k <= 2209752))
	  ->  Bitmap Index Scan on k_2  (cost=0.00..5.42 rows=98 width=0)
	        Index Cond: ((k >= 2209652) AND (k <= 2209752))

table 3 : explain SELECT k, c FROM sbtest3 WHERE k BETWEEN 2209652 AND 2209752
	Bitmap Heap Scan on sbtest3  (cost=5.57..444.49 rows=111 width=125)
	  Recheck Cond: ((k >= 2209652) AND (k <= 2209752))
	  ->  Bitmap Index Scan on k_3  (cost=0.00..5.54 rows=111 width=0)
	        Index Cond: ((k >= 2209652) AND (k <= 2209752))

table 4 : explain SELECT k, c FROM sbtest4 WHERE k BETWEEN 2209652 AND 2209752
	Bitmap Heap Scan on sbtest4  (cost=5.41..381.49 rows=95 width=125)
	  Recheck Cond: ((k >= 2209652) AND (k <= 2209752))
	  ->  Bitmap Index Scan on k_4  (cost=0.00..5.38 rows=95 width=0)
	        Index Cond: ((k >= 2209652) AND (k <= 2209752))

table 5 : explain SELECT k, c FROM sbtest5 WHERE k BETWEEN 2209652 AND 2209752
	Bitmap Heap Scan on sbtest5  (cost=5.43..389.37 rows=97 width=125)
	  Recheck Cond: ((k >= 2209652) AND (k <= 2209752))
	  ->  Bitmap Index Scan on k_5  (cost=0.00..5.40 rows=97 width=0)
	        Index Cond: ((k >= 2209652) AND (k <= 2209752))

table 6 : explain SELECT k, c FROM sbtest6 WHERE k BETWEEN 2209652 AND 2209752
	Bitmap Heap Scan on sbtest6  (cost=5.51..420.88 rows=105 width=125)
	  Recheck Cond: ((k >= 2209652) AND (k <= 2209752))
	  ->  Bitmap Index Scan on k_6  (cost=0.00..5.48 rows=105 width=0)
	        Index Cond: ((k >= 2209652) AND (k <= 2209752))

table 7 : explain SELECT k, c FROM sbtest7 WHERE k BETWEEN 2209652 AND 2209752
	Bitmap Heap Scan on sbtest7  (cost=5.49..413.00 rows=103 width=125)
	  Recheck Cond: ((k >= 2209652) AND (k <= 2209752))
	  ->  Bitmap Index Scan on k_7  (cost=0.00..5.46 rows=103 width=0)
	        Index Cond: ((k >= 2209652) AND (k <= 2209752))

table 8 : explain SELECT k, c FROM sbtest8 WHERE k BETWEEN 2209652 AND 2209752
	Bitmap Heap Scan on sbtest8  (cost=5.52..424.81 rows=106 width=125)
	  Recheck Cond: ((k >= 2209652) AND (k <= 2209752))
	  ->  Bitmap Index Scan on k_8  (cost=0.00..5.50 rows=106 width=0)
	        Index Cond: ((k >= 2209652) AND (k <= 2209752))

for range-notcovered
table 1 : explain SELECT k, c FROM sbtest1 WHERE k BETWEEN 5392017 AND 5392117
	Bitmap Heap Scan on sbtest1  (cost=5.40..377.55 rows=94 width=125)
	  Recheck Cond: ((k >= 5392017) AND (k <= 5392117))
	  ->  Bitmap Index Scan on k_1  (cost=0.00..5.38 rows=94 width=0)
	        Index Cond: ((k >= 5392017) AND (k <= 5392117))

table 2 : explain SELECT k, c FROM sbtest2 WHERE k BETWEEN 5392017 AND 5392117
	Bitmap Heap Scan on sbtest2  (cost=5.44..393.31 rows=98 width=125)
	  Recheck Cond: ((k >= 5392017) AND (k <= 5392117))
	  ->  Bitmap Index Scan on k_2  (cost=0.00..5.42 rows=98 width=0)
	        Index Cond: ((k >= 5392017) AND (k <= 5392117))

table 3 : explain SELECT k, c FROM sbtest3 WHERE k BETWEEN 5392017 AND 5392117
	Bitmap Heap Scan on sbtest3  (cost=5.49..413.00 rows=103 width=125)
	  Recheck Cond: ((k >= 5392017) AND (k <= 5392117))
	  ->  Bitmap Index Scan on k_3  (cost=0.00..5.46 rows=103 width=0)
	        Index Cond: ((k >= 5392017) AND (k <= 5392117))

table 4 : explain SELECT k, c FROM sbtest4 WHERE k BETWEEN 5392017 AND 5392117
	Bitmap Heap Scan on sbtest4  (cost=5.54..432.69 rows=108 width=125)
	  Recheck Cond: ((k >= 5392017) AND (k <= 5392117))
	  ->  Bitmap Index Scan on k_4  (cost=0.00..5.51 rows=108 width=0)
	        Index Cond: ((k >= 5392017) AND (k <= 5392117))

table 5 : explain SELECT k, c FROM sbtest5 WHERE k BETWEEN 5392017 AND 5392117
	Bitmap Heap Scan on sbtest5  (cost=5.49..413.00 rows=103 width=125)
	  Recheck Cond: ((k >= 5392017) AND (k <= 5392117))
	  ->  Bitmap Index Scan on k_5  (cost=0.00..5.46 rows=103 width=0)
	        Index Cond: ((k >= 5392017) AND (k <= 5392117))

table 6 : explain SELECT k, c FROM sbtest6 WHERE k BETWEEN 5392017 AND 5392117
	Bitmap Heap Scan on sbtest6  (cost=5.55..436.62 rows=109 width=125)
	  Recheck Cond: ((k >= 5392017) AND (k <= 5392117))
	  ->  Bitmap Index Scan on k_6  (cost=0.00..5.52 rows=109 width=0)
	        Index Cond: ((k >= 5392017) AND (k <= 5392117))

table 7 : explain SELECT k, c FROM sbtest7 WHERE k BETWEEN 5392017 AND 5392117
	Bitmap Heap Scan on sbtest7  (cost=5.52..424.81 rows=106 width=125)
	  Recheck Cond: ((k >= 5392017) AND (k <= 5392117))
	  ->  Bitmap Index Scan on k_7  (cost=0.00..5.50 rows=106 width=0)
	        Index Cond: ((k >= 5392017) AND (k <= 5392117))

table 8 : explain SELECT k, c FROM sbtest8 WHERE k BETWEEN 5392017 AND 5392117
	Bitmap Heap Scan on sbtest8  (cost=5.55..436.62 rows=109 width=125)
	  Recheck Cond: ((k >= 5392017) AND (k <= 5392117))
	  ->  Bitmap Index Scan on k_8  (cost=0.00..5.52 rows=109 width=0)
	        Index Cond: ((k >= 5392017) AND (k <= 5392117))

explain: for range-notcovered :: explain SELECT k, c FROM sbtest%d WHERE k BETWEEN 3784222 AND 3784322
for range-notcovered
table 1 : explain SELECT k, c FROM sbtest1 WHERE k BETWEEN 6578497 AND 6578597
	Bitmap Heap Scan on sbtest1  (cost=5.43..389.37 rows=97 width=125)
	  Recheck Cond: ((k >= 6578497) AND (k <= 6578597))
	  ->  Bitmap Index Scan on k_1  (cost=0.00..5.40 rows=97 width=0)
	        Index Cond: ((k >= 6578497) AND (k <= 6578597))

table 2 : explain SELECT k, c FROM sbtest2 WHERE k BETWEEN 6578497 AND 6578597
	Bitmap Heap Scan on sbtest2  (cost=5.44..393.31 rows=98 width=125)
	  Recheck Cond: ((k >= 6578497) AND (k <= 6578597))
	  ->  Bitmap Index Scan on k_2  (cost=0.00..5.42 rows=98 width=0)
	        Index Cond: ((k >= 6578497) AND (k <= 6578597))

table 3 : explain SELECT k, c FROM sbtest3 WHERE k BETWEEN 6578497 AND 6578597
	Bitmap Heap Scan on sbtest3  (cost=5.45..397.25 rows=99 width=125)
	  Recheck Cond: ((k >= 6578497) AND (k <= 6578597))
	  ->  Bitmap Index Scan on k_3  (cost=0.00..5.42 rows=99 width=0)
	        Index Cond: ((k >= 6578497) AND (k <= 6578597))

table 4 : explain SELECT k, c FROM sbtest4 WHERE k BETWEEN 6578497 AND 6578597
	Bitmap Heap Scan on sbtest4  (cost=5.53..428.75 rows=107 width=125)
	  Recheck Cond: ((k >= 6578497) AND (k <= 6578597))
	  ->  Bitmap Index Scan on k_4  (cost=0.00..5.50 rows=107 width=0)
	        Index Cond: ((k >= 6578497) AND (k <= 6578597))

table 5 : explain SELECT k, c FROM sbtest5 WHERE k BETWEEN 6578497 AND 6578597
	Bitmap Heap Scan on sbtest5  (cost=5.51..420.88 rows=105 width=125)
	  Recheck Cond: ((k >= 6578497) AND (k <= 6578597))
	  ->  Bitmap Index Scan on k_5  (cost=0.00..5.48 rows=105 width=0)
	        Index Cond: ((k >= 6578497) AND (k <= 6578597))

table 6 : explain SELECT k, c FROM sbtest6 WHERE k BETWEEN 6578497 AND 6578597
	Bitmap Heap Scan on sbtest6  (cost=5.49..413.00 rows=103 width=125)
	  Recheck Cond: ((k >= 6578497) AND (k <= 6578597))
	  ->  Bitmap Index Scan on k_6  (cost=0.00..5.46 rows=103 width=0)
	        Index Cond: ((k >= 6578497) AND (k <= 6578597))

table 7 : explain SELECT k, c FROM sbtest7 WHERE k BETWEEN 6578497 AND 6578597
	Bitmap Heap Scan on sbtest7  (cost=5.50..416.94 rows=104 width=125)
	  Recheck Cond: ((k >= 6578497) AND (k <= 6578597))
	  ->  Bitmap Index Scan on k_7  (cost=0.00..5.47 rows=104 width=0)
	        Index Cond: ((k >= 6578497) AND (k <= 6578597))

table 8 : explain SELECT k, c FROM sbtest8 WHERE k BETWEEN 6578497 AND 6578597
	Bitmap Heap Scan on sbtest8  (cost=5.48..409.07 rows=102 width=125)
	  Recheck Cond: ((k >= 6578497) AND (k <= 6578597))
	  ->  Bitmap Index Scan on k_8  (cost=0.00..5.45 rows=102 width=0)
	        Index Cond: ((k >= 6578497) AND (k <= 6578597))

for range-notcovered
table 1 : explain SELECT k, c FROM sbtest1 WHERE k BETWEEN 3361269 AND 3361369
	Bitmap Heap Scan on sbtest1  (cost=5.49..413.00 rows=103 width=125)
	  Recheck Cond: ((k >= 3361269) AND (k <= 3361369))
	  ->  Bitmap Index Scan on k_1  (cost=0.00..5.46 rows=103 width=0)
	        Index Cond: ((k >= 3361269) AND (k <= 3361369))

table 2 : explain SELECT k, c FROM sbtest2 WHERE k BETWEEN 3361269 AND 3361369
	Bitmap Heap Scan on sbtest2  (cost=5.56..440.56 rows=110 width=125)
	  Recheck Cond: ((k >= 3361269) AND (k <= 3361369))
	  ->  Bitmap Index Scan on k_2  (cost=0.00..5.53 rows=110 width=0)
	        Index Cond: ((k >= 3361269) AND (k <= 3361369))

table 3 : explain SELECT k, c FROM sbtest3 WHERE k BETWEEN 3361269 AND 3361369
	Bitmap Heap Scan on sbtest3  (cost=5.43..389.37 rows=97 width=125)
	  Recheck Cond: ((k >= 3361269) AND (k <= 3361369))
	  ->  Bitmap Index Scan on k_3  (cost=0.00..5.40 rows=97 width=0)
	        Index Cond: ((k >= 3361269) AND (k <= 3361369))

table 4 : explain SELECT k, c FROM sbtest4 WHERE k BETWEEN 3361269 AND 3361369
	Bitmap Heap Scan on sbtest4  (cost=5.45..397.25 rows=99 width=125)
	  Recheck Cond: ((k >= 3361269) AND (k <= 3361369))
	  ->  Bitmap Index Scan on k_4  (cost=0.00..5.42 rows=99 width=0)
	        Index Cond: ((k >= 3361269) AND (k <= 3361369))

table 5 : explain SELECT k, c FROM sbtest5 WHERE k BETWEEN 3361269 AND 3361369
	Bitmap Heap Scan on sbtest5  (cost=5.46..401.19 rows=100 width=125)
	  Recheck Cond: ((k >= 3361269) AND (k <= 3361369))
	  ->  Bitmap Index Scan on k_5  (cost=0.00..5.43 rows=100 width=0)
	        Index Cond: ((k >= 3361269) AND (k <= 3361369))

table 6 : explain SELECT k, c FROM sbtest6 WHERE k BETWEEN 3361269 AND 3361369
	Bitmap Heap Scan on sbtest6  (cost=5.50..416.94 rows=104 width=125)
	  Recheck Cond: ((k >= 3361269) AND (k <= 3361369))
	  ->  Bitmap Index Scan on k_6  (cost=0.00..5.47 rows=104 width=0)
	        Index Cond: ((k >= 3361269) AND (k <= 3361369))

table 7 : explain SELECT k, c FROM sbtest7 WHERE k BETWEEN 3361269 AND 3361369
	Bitmap Heap Scan on sbtest7  (cost=5.51..420.88 rows=105 width=125)
	  Recheck Cond: ((k >= 3361269) AND (k <= 3361369))
	  ->  Bitmap Index Scan on k_7  (cost=0.00..5.48 rows=105 width=0)
	        Index Cond: ((k >= 3361269) AND (k <= 3361369))

table 8 : explain SELECT k, c FROM sbtest8 WHERE k BETWEEN 3361269 AND 3361369
	Bitmap Heap Scan on sbtest8  (cost=5.53..428.75 rows=107 width=125)
	  Recheck Cond: ((k >= 3361269) AND (k <= 3361369))
	  ->  Bitmap Index Scan on k_8  (cost=0.00..5.50 rows=107 width=0)
	        Index Cond: ((k >= 3361269) AND (k <= 3361369))

explain: for range-notcovered :: explain SELECT k, c FROM sbtest%d WHERE k BETWEEN 2209652 AND 2209752
for range-notcovered
table 1 : explain SELECT k, c FROM sbtest1 WHERE k BETWEEN 1200448 AND 1200548
	Bitmap Heap Scan on sbtest1  (cost=5.51..420.88 rows=105 width=125)
	  Recheck Cond: ((k >= 1200448) AND (k <= 1200548))
	  ->  Bitmap Index Scan on k_1  (cost=0.00..5.48 rows=105 width=0)
	        Index Cond: ((k >= 1200448) AND (k <= 1200548))

table 2 : explain SELECT k, c FROM sbtest2 WHERE k BETWEEN 1200448 AND 1200548
	Bitmap Heap Scan on sbtest2  (cost=5.53..428.75 rows=107 width=125)
	  Recheck Cond: ((k >= 1200448) AND (k <= 1200548))
	  ->  Bitmap Index Scan on k_2  (cost=0.00..5.50 rows=107 width=0)
	        Index Cond: ((k >= 1200448) AND (k <= 1200548))

table 3 : explain SELECT k, c FROM sbtest3 WHERE k BETWEEN 1200448 AND 1200548
	Bitmap Heap Scan on sbtest3  (cost=5.62..464.15 rows=116 width=125)
	  Recheck Cond: ((k >= 1200448) AND (k <= 1200548))
	  ->  Bitmap Index Scan on k_3  (cost=0.00..5.59 rows=116 width=0)
	        Index Cond: ((k >= 1200448) AND (k <= 1200548))

table 4 : explain SELECT k, c FROM sbtest4 WHERE k BETWEEN 1200448 AND 1200548
	Bitmap Heap Scan on sbtest4  (cost=5.45..397.25 rows=99 width=125)
	  Recheck Cond: ((k >= 1200448) AND (k <= 1200548))
	  ->  Bitmap Index Scan on k_4  (cost=0.00..5.42 rows=99 width=0)
	        Index Cond: ((k >= 1200448) AND (k <= 1200548))

table 5 : explain SELECT k, c FROM sbtest5 WHERE k BETWEEN 1200448 AND 1200548
	Bitmap Heap Scan on sbtest5  (cost=5.47..405.13 rows=101 width=125)
	  Recheck Cond: ((k >= 1200448) AND (k <= 1200548))
	  ->  Bitmap Index Scan on k_5  (cost=0.00..5.44 rows=101 width=0)
	        Index Cond: ((k >= 1200448) AND (k <= 1200548))

table 6 : explain SELECT k, c FROM sbtest6 WHERE k BETWEEN 1200448 AND 1200548
	Bitmap Heap Scan on sbtest6  (cost=5.45..397.25 rows=99 width=125)
	  Recheck Cond: ((k >= 1200448) AND (k <= 1200548))
	  ->  Bitmap Index Scan on k_6  (cost=0.00..5.42 rows=99 width=0)
	        Index Cond: ((k >= 1200448) AND (k <= 1200548))

table 7 : explain SELECT k, c FROM sbtest7 WHERE k BETWEEN 1200448 AND 1200548
	Bitmap Heap Scan on sbtest7  (cost=5.50..416.94 rows=104 width=125)
	  Recheck Cond: ((k >= 1200448) AND (k <= 1200548))
	  ->  Bitmap Index Scan on k_7  (cost=0.00..5.47 rows=104 width=0)
	        Index Cond: ((k >= 1200448) AND (k <= 1200548))

table 8 : explain SELECT k, c FROM sbtest8 WHERE k BETWEEN 1200448 AND 1200548
	Bitmap Heap Scan on sbtest8  (cost=5.47..405.13 rows=101 width=125)
	  Recheck Cond: ((k >= 1200448) AND (k <= 1200548))
	  ->  Bitmap Index Scan on k_8  (cost=0.00..5.44 rows=101 width=0)
	        Index Cond: ((k >= 1200448) AND (k <= 1200548))

explain: for range-notcovered :: explain SELECT k, c FROM sbtest%d WHERE k BETWEEN 3361269 AND 3361369
for range-notcovered
table 1 : explain SELECT k, c FROM sbtest1 WHERE k BETWEEN 3200628 AND 3200728
	Bitmap Heap Scan on sbtest1  (cost=5.42..385.43 rows=96 width=125)
	  Recheck Cond: ((k >= 3200628) AND (k <= 3200728))
	  ->  Bitmap Index Scan on k_1  (cost=0.00..5.39 rows=96 width=0)
	        Index Cond: ((k >= 3200628) AND (k <= 3200728))

table 2 : explain SELECT k, c FROM sbtest2 WHERE k BETWEEN 3200628 AND 3200728
	Bitmap Heap Scan on sbtest2  (cost=5.38..369.67 rows=92 width=125)
	  Recheck Cond: ((k >= 3200628) AND (k <= 3200728))
	  ->  Bitmap Index Scan on k_2  (cost=0.00..5.35 rows=92 width=0)
	        Index Cond: ((k >= 3200628) AND (k <= 3200728))

table 3 : explain SELECT k, c FROM sbtest3 WHERE k BETWEEN 3200628 AND 3200728
	Bitmap Heap Scan on sbtest3  (cost=5.44..393.31 rows=98 width=125)
	  Recheck Cond: ((k >= 3200628) AND (k <= 3200728))
	  ->  Bitmap Index Scan on k_3  (cost=0.00..5.42 rows=98 width=0)
	        Index Cond: ((k >= 3200628) AND (k <= 3200728))

table 4 : explain SELECT k, c FROM sbtest4 WHERE k BETWEEN 3200628 AND 3200728
	Bitmap Heap Scan on sbtest4  (cost=5.54..432.69 rows=108 width=125)
	  Recheck Cond: ((k >= 3200628) AND (k <= 3200728))
	  ->  Bitmap Index Scan on k_4  (cost=0.00..5.51 rows=108 width=0)
	        Index Cond: ((k >= 3200628) AND (k <= 3200728))

table 5 : explain SELECT k, c FROM sbtest5 WHERE k BETWEEN 3200628 AND 3200728
	Bitmap Heap Scan on sbtest5  (cost=5.49..413.00 rows=103 width=125)
	  Recheck Cond: ((k >= 3200628) AND (k <= 3200728))
	  ->  Bitmap Index Scan on k_5  (cost=0.00..5.46 rows=103 width=0)
	        Index Cond: ((k >= 3200628) AND (k <= 3200728))

table 6 : explain SELECT k, c FROM sbtest6 WHERE k BETWEEN 3200628 AND 3200728
	Bitmap Heap Scan on sbtest6  (cost=5.38..369.67 rows=92 width=125)
	  Recheck Cond: ((k >= 3200628) AND (k <= 3200728))
	  ->  Bitmap Index Scan on k_6  (cost=0.00..5.35 rows=92 width=0)
	        Index Cond: ((k >= 3200628) AND (k <= 3200728))

table 7 : explain SELECT k, c FROM sbtest7 WHERE k BETWEEN 3200628 AND 3200728
	Bitmap Heap Scan on sbtest7  (cost=5.51..420.88 rows=105 width=125)
	  Recheck Cond: ((k >= 3200628) AND (k <= 3200728))
	  ->  Bitmap Index Scan on k_7  (cost=0.00..5.48 rows=105 width=0)
	        Index Cond: ((k >= 3200628) AND (k <= 3200728))

table 8 : explain SELECT k, c FROM sbtest8 WHERE k BETWEEN 3200628 AND 3200728
	Bitmap Heap Scan on sbtest8  (cost=5.65..475.95 rows=119 width=125)
	  Recheck Cond: ((k >= 3200628) AND (k <= 3200728))
	  ->  Bitmap Index Scan on k_8  (cost=0.00..5.62 rows=119 width=0)
	        Index Cond: ((k >= 3200628) AND (k <= 3200728))

explain: for range-notcovered :: explain SELECT k, c FROM sbtest%d WHERE k BETWEEN 1200448 AND 1200548
explain: for range-notcovered :: explain SELECT k, c FROM sbtest%d WHERE k BETWEEN 6578497 AND 6578597
explain: for range-notcovered :: explain SELECT k, c FROM sbtest%d WHERE k BETWEEN 3200628 AND 3200728
for range-notcovered
table 1 : explain SELECT k, c FROM sbtest1 WHERE k BETWEEN 6412892 AND 6412992
	Bitmap Heap Scan on sbtest1  (cost=5.47..405.13 rows=101 width=125)
	  Recheck Cond: ((k >= 6412892) AND (k <= 6412992))
	  ->  Bitmap Index Scan on k_1  (cost=0.00..5.44 rows=101 width=0)
	        Index Cond: ((k >= 6412892) AND (k <= 6412992))

table 2 : explain SELECT k, c FROM sbtest2 WHERE k BETWEEN 6412892 AND 6412992
	Bitmap Heap Scan on sbtest2  (cost=5.41..381.49 rows=95 width=125)
	  Recheck Cond: ((k >= 6412892) AND (k <= 6412992))
	  ->  Bitmap Index Scan on k_2  (cost=0.00..5.38 rows=95 width=0)
	        Index Cond: ((k >= 6412892) AND (k <= 6412992))

table 3 : explain SELECT k, c FROM sbtest3 WHERE k BETWEEN 6412892 AND 6412992
	Bitmap Heap Scan on sbtest3  (cost=5.43..389.37 rows=97 width=125)
	  Recheck Cond: ((k >= 6412892) AND (k <= 6412992))
	  ->  Bitmap Index Scan on k_3  (cost=0.00..5.40 rows=97 width=0)
	        Index Cond: ((k >= 6412892) AND (k <= 6412992))

table 4 : explain SELECT k, c FROM sbtest4 WHERE k BETWEEN 6412892 AND 6412992
	Bitmap Heap Scan on sbtest4  (cost=5.46..401.19 rows=100 width=125)
	  Recheck Cond: ((k >= 6412892) AND (k <= 6412992))
	  ->  Bitmap Index Scan on k_4  (cost=0.00..5.43 rows=100 width=0)
	        Index Cond: ((k >= 6412892) AND (k <= 6412992))

table 5 : explain SELECT k, c FROM sbtest5 WHERE k BETWEEN 6412892 AND 6412992
	Bitmap Heap Scan on sbtest5  (cost=5.48..409.07 rows=102 width=125)
	  Recheck Cond: ((k >= 6412892) AND (k <= 6412992))
	  ->  Bitmap Index Scan on k_5  (cost=0.00..5.45 rows=102 width=0)
	        Index Cond: ((k >= 6412892) AND (k <= 6412992))

table 6 : explain SELECT k, c FROM sbtest6 WHERE k BETWEEN 6412892 AND 6412992
	Bitmap Heap Scan on sbtest6  (cost=5.52..424.81 rows=106 width=125)
	  Recheck Cond: ((k >= 6412892) AND (k <= 6412992))
	  ->  Bitmap Index Scan on k_6  (cost=0.00..5.50 rows=106 width=0)
	        Index Cond: ((k >= 6412892) AND (k <= 6412992))

table 7 : explain SELECT k, c FROM sbtest7 WHERE k BETWEEN 6412892 AND 6412992
	Bitmap Heap Scan on sbtest7  (cost=5.50..416.94 rows=104 width=125)
	  Recheck Cond: ((k >= 6412892) AND (k <= 6412992))
	  ->  Bitmap Index Scan on k_7  (cost=0.00..5.47 rows=104 width=0)
	        Index Cond: ((k >= 6412892) AND (k <= 6412992))

table 8 : explain SELECT k, c FROM sbtest8 WHERE k BETWEEN 6412892 AND 6412992
	Bitmap Heap Scan on sbtest8  (cost=5.44..393.31 rows=98 width=125)
	  Recheck Cond: ((k >= 6412892) AND (k <= 6412992))
	  ->  Bitmap Index Scan on k_8  (cost=0.00..5.42 rows=98 width=0)
	        Index Cond: ((k >= 6412892) AND (k <= 6412992))

explain: for range-notcovered :: explain SELECT k, c FROM sbtest%d WHERE k BETWEEN 6412892 AND 6412992
for range-notcovered
table 1 : explain SELECT k, c FROM sbtest1 WHERE k BETWEEN 8307397 AND 8307497
	Bitmap Heap Scan on sbtest1  (cost=5.43..389.37 rows=97 width=125)
	  Recheck Cond: ((k >= 8307397) AND (k <= 8307497))
	  ->  Bitmap Index Scan on k_1  (cost=0.00..5.40 rows=97 width=0)
	        Index Cond: ((k >= 8307397) AND (k <= 8307497))

table 2 : explain SELECT k, c FROM sbtest2 WHERE k BETWEEN 8307397 AND 8307497
	Bitmap Heap Scan on sbtest2  (cost=5.51..420.88 rows=105 width=125)
	  Recheck Cond: ((k >= 8307397) AND (k <= 8307497))
	  ->  Bitmap Index Scan on k_2  (cost=0.00..5.48 rows=105 width=0)
	        Index Cond: ((k >= 8307397) AND (k <= 8307497))

table 3 : explain SELECT k, c FROM sbtest3 WHERE k BETWEEN 8307397 AND 8307497
	Bitmap Heap Scan on sbtest3  (cost=5.53..428.75 rows=107 width=125)
	  Recheck Cond: ((k >= 8307397) AND (k <= 8307497))
	  ->  Bitmap Index Scan on k_3  (cost=0.00..5.50 rows=107 width=0)
	        Index Cond: ((k >= 8307397) AND (k <= 8307497))

table 4 : explain SELECT k, c FROM sbtest4 WHERE k BETWEEN 8307397 AND 8307497
	Bitmap Heap Scan on sbtest4  (cost=5.54..432.69 rows=108 width=125)
	  Recheck Cond: ((k >= 8307397) AND (k <= 8307497))
	  ->  Bitmap Index Scan on k_4  (cost=0.00..5.51 rows=108 width=0)
	        Index Cond: ((k >= 8307397) AND (k <= 8307497))

table 5 : explain SELECT k, c FROM sbtest5 WHERE k BETWEEN 8307397 AND 8307497
	Bitmap Heap Scan on sbtest5  (cost=5.43..389.37 rows=97 width=125)
	  Recheck Cond: ((k >= 8307397) AND (k <= 8307497))
	  ->  Bitmap Index Scan on k_5  (cost=0.00..5.40 rows=97 width=0)
	        Index Cond: ((k >= 8307397) AND (k <= 8307497))

table 6 : explain SELECT k, c FROM sbtest6 WHERE k BETWEEN 8307397 AND 8307497
	Bitmap Heap Scan on sbtest6  (cost=5.44..393.31 rows=98 width=125)
	  Recheck Cond: ((k >= 8307397) AND (k <= 8307497))
	  ->  Bitmap Index Scan on k_6  (cost=0.00..5.42 rows=98 width=0)
	        Index Cond: ((k >= 8307397) AND (k <= 8307497))

table 7 : explain SELECT k, c FROM sbtest7 WHERE k BETWEEN 8307397 AND 8307497
	Bitmap Heap Scan on sbtest7  (cost=5.35..357.84 rows=89 width=125)
	  Recheck Cond: ((k >= 8307397) AND (k <= 8307497))
	  ->  Bitmap Index Scan on k_7  (cost=0.00..5.32 rows=89 width=0)
	        Index Cond: ((k >= 8307397) AND (k <= 8307497))

table 8 : explain SELECT k, c FROM sbtest8 WHERE k BETWEEN 8307397 AND 8307497
	Bitmap Heap Scan on sbtest8  (cost=5.38..369.67 rows=92 width=125)
	  Recheck Cond: ((k >= 8307397) AND (k <= 8307497))
	  ->  Bitmap Index Scan on k_8  (cost=0.00..5.35 rows=92 width=0)
	        Index Cond: ((k >= 8307397) AND (k <= 8307497))

explain: for range-notcovered :: explain SELECT k, c FROM sbtest%d WHERE k BETWEEN 8307397 AND 8307497
explain: for range-notcovered :: explain SELECT k, c FROM sbtest%d WHERE k BETWEEN 5392017 AND 5392117
for range-notcovered
table 1 : explain SELECT k, c FROM sbtest1 WHERE k BETWEEN 3784222 AND 3784322
	Bitmap Heap Scan on sbtest1  (cost=5.60..456.29 rows=114 width=125)
	  Recheck Cond: ((k >= 3784222) AND (k <= 3784322))
	  ->  Bitmap Index Scan on k_1  (cost=0.00..5.58 rows=114 width=0)
	        Index Cond: ((k >= 3784222) AND (k <= 3784322))

table 2 : explain SELECT k, c FROM sbtest2 WHERE k BETWEEN 3784222 AND 3784322
	Bitmap Heap Scan on sbtest2  (cost=5.50..416.94 rows=104 width=125)
	  Recheck Cond: ((k >= 3784222) AND (k <= 3784322))
	  ->  Bitmap Index Scan on k_2  (cost=0.00..5.47 rows=104 width=0)
	        Index Cond: ((k >= 3784222) AND (k <= 3784322))

table 3 : explain SELECT k, c FROM sbtest3 WHERE k BETWEEN 3784222 AND 3784322
	Bitmap Heap Scan on sbtest3  (cost=5.48..409.07 rows=102 width=125)
	  Recheck Cond: ((k >= 3784222) AND (k <= 3784322))
	  ->  Bitmap Index Scan on k_3  (cost=0.00..5.45 rows=102 width=0)
	        Index Cond: ((k >= 3784222) AND (k <= 3784322))

table 4 : explain SELECT k, c FROM sbtest4 WHERE k BETWEEN 3784222 AND 3784322
	Bitmap Heap Scan on sbtest4  (cost=5.43..389.37 rows=97 width=125)
	  Recheck Cond: ((k >= 3784222) AND (k <= 3784322))
	  ->  Bitmap Index Scan on k_4  (cost=0.00..5.40 rows=97 width=0)
	        Index Cond: ((k >= 3784222) AND (k <= 3784322))

table 5 : explain SELECT k, c FROM sbtest5 WHERE k BETWEEN 3784222 AND 3784322
	Bitmap Heap Scan on sbtest5  (cost=5.47..405.13 rows=101 width=125)
	  Recheck Cond: ((k >= 3784222) AND (k <= 3784322))
	  ->  Bitmap Index Scan on k_5  (cost=0.00..5.44 rows=101 width=0)
	        Index Cond: ((k >= 3784222) AND (k <= 3784322))

table 6 : explain SELECT k, c FROM sbtest6 WHERE k BETWEEN 3784222 AND 3784322
	Bitmap Heap Scan on sbtest6  (cost=5.59..452.36 rows=113 width=125)
	  Recheck Cond: ((k >= 3784222) AND (k <= 3784322))
	  ->  Bitmap Index Scan on k_6  (cost=0.00..5.56 rows=113 width=0)
	        Index Cond: ((k >= 3784222) AND (k <= 3784322))

table 7 : explain SELECT k, c FROM sbtest7 WHERE k BETWEEN 3784222 AND 3784322
	Bitmap Heap Scan on sbtest7  (cost=5.47..405.13 rows=101 width=125)
	  Recheck Cond: ((k >= 3784222) AND (k <= 3784322))
	  ->  Bitmap Index Scan on k_7  (cost=0.00..5.44 rows=101 width=0)
	        Index Cond: ((k >= 3784222) AND (k <= 3784322))

table 8 : explain SELECT k, c FROM sbtest8 WHERE k BETWEEN 3784222 AND 3784322
	Bitmap Heap Scan on sbtest8  (cost=5.52..424.81 rows=106 width=125)
	  Recheck Cond: ((k >= 3784222) AND (k <= 3784322))
	  ->  Bitmap Index Scan on k_8  (cost=0.00..5.50 rows=106 width=0)
	        Index Cond: ((k >= 3784222) AND (k <= 3784322))

explain: for range-notcovered :: explain SELECT k, c FROM sbtest%d WHERE k BETWEEN 3784222 AND 3784322
for range-notcovered
table 1 : explain SELECT k, c FROM sbtest1 WHERE k BETWEEN 1200448 AND 1200548
	Bitmap Heap Scan on sbtest1  (cost=5.51..420.88 rows=105 width=125)
	  Recheck Cond: ((k >= 1200448) AND (k <= 1200548))
	  ->  Bitmap Index Scan on k_1  (cost=0.00..5.48 rows=105 width=0)
	        Index Cond: ((k >= 1200448) AND (k <= 1200548))

table 2 : explain SELECT k, c FROM sbtest2 WHERE k BETWEEN 1200448 AND 1200548
	Bitmap Heap Scan on sbtest2  (cost=5.53..428.75 rows=107 width=125)
	  Recheck Cond: ((k >= 1200448) AND (k <= 1200548))
	  ->  Bitmap Index Scan on k_2  (cost=0.00..5.50 rows=107 width=0)
	        Index Cond: ((k >= 1200448) AND (k <= 1200548))

table 3 : explain SELECT k, c FROM sbtest3 WHERE k BETWEEN 1200448 AND 1200548
	Bitmap Heap Scan on sbtest3  (cost=5.62..464.15 rows=116 width=125)
	  Recheck Cond: ((k >= 1200448) AND (k <= 1200548))
	  ->  Bitmap Index Scan on k_3  (cost=0.00..5.59 rows=116 width=0)
	        Index Cond: ((k >= 1200448) AND (k <= 1200548))

table 4 : explain SELECT k, c FROM sbtest4 WHERE k BETWEEN 1200448 AND 1200548
	Bitmap Heap Scan on sbtest4  (cost=5.45..397.25 rows=99 width=125)
	  Recheck Cond: ((k >= 1200448) AND (k <= 1200548))
	  ->  Bitmap Index Scan on k_4  (cost=0.00..5.42 rows=99 width=0)
	        Index Cond: ((k >= 1200448) AND (k <= 1200548))

table 5 : explain SELECT k, c FROM sbtest5 WHERE k BETWEEN 1200448 AND 1200548
	Bitmap Heap Scan on sbtest5  (cost=5.47..405.13 rows=101 width=125)
	  Recheck Cond: ((k >= 1200448) AND (k <= 1200548))
	  ->  Bitmap Index Scan on k_5  (cost=0.00..5.44 rows=101 width=0)
	        Index Cond: ((k >= 1200448) AND (k <= 1200548))

table 6 : explain SELECT k, c FROM sbtest6 WHERE k BETWEEN 1200448 AND 1200548
	Bitmap Heap Scan on sbtest6  (cost=5.45..397.25 rows=99 width=125)
	  Recheck Cond: ((k >= 1200448) AND (k <= 1200548))
	  ->  Bitmap Index Scan on k_6  (cost=0.00..5.42 rows=99 width=0)
	        Index Cond: ((k >= 1200448) AND (k <= 1200548))

table 7 : explain SELECT k, c FROM sbtest7 WHERE k BETWEEN 1200448 AND 1200548
	Bitmap Heap Scan on sbtest7  (cost=5.50..416.94 rows=104 width=125)
	  Recheck Cond: ((k >= 1200448) AND (k <= 1200548))
	  ->  Bitmap Index Scan on k_7  (cost=0.00..5.47 rows=104 width=0)
	        Index Cond: ((k >= 1200448) AND (k <= 1200548))

table 8 : explain SELECT k, c FROM sbtest8 WHERE k BETWEEN 1200448 AND 1200548
	Bitmap Heap Scan on sbtest8  (cost=5.47..405.13 rows=101 width=125)
	  Recheck Cond: ((k >= 1200448) AND (k <= 1200548))
	  ->  Bitmap Index Scan on k_8  (cost=0.00..5.44 rows=101 width=0)
	        Index Cond: ((k >= 1200448) AND (k <= 1200548))

for range-notcovered
table 1 : explain SELECT k, c FROM sbtest1 WHERE k BETWEEN 2209652 AND 2209752
	Bitmap Heap Scan on sbtest1  (cost=5.44..393.31 rows=98 width=125)
	  Recheck Cond: ((k >= 2209652) AND (k <= 2209752))
	  ->  Bitmap Index Scan on k_1  (cost=0.00..5.42 rows=98 width=0)
	        Index Cond: ((k >= 2209652) AND (k <= 2209752))

table 2 : explain SELECT k, c FROM sbtest2 WHERE k BETWEEN 2209652 AND 2209752
	Bitmap Heap Scan on sbtest2  (cost=5.44..393.31 rows=98 width=125)
	  Recheck Cond: ((k >= 2209652) AND (k <= 2209752))
	  ->  Bitmap Index Scan on k_2  (cost=0.00..5.42 rows=98 width=0)
	        Index Cond: ((k >= 2209652) AND (k <= 2209752))

table 3 : explain SELECT k, c FROM sbtest3 WHERE k BETWEEN 2209652 AND 2209752
	Bitmap Heap Scan on sbtest3  (cost=5.57..444.49 rows=111 width=125)
	  Recheck Cond: ((k >= 2209652) AND (k <= 2209752))
	  ->  Bitmap Index Scan on k_3  (cost=0.00..5.54 rows=111 width=0)
	        Index Cond: ((k >= 2209652) AND (k <= 2209752))

table 4 : explain SELECT k, c FROM sbtest4 WHERE k BETWEEN 2209652 AND 2209752
	Bitmap Heap Scan on sbtest4  (cost=5.41..381.49 rows=95 width=125)
	  Recheck Cond: ((k >= 2209652) AND (k <= 2209752))
	  ->  Bitmap Index Scan on k_4  (cost=0.00..5.38 rows=95 width=0)
	        Index Cond: ((k >= 2209652) AND (k <= 2209752))

table 5 : explain SELECT k, c FROM sbtest5 WHERE k BETWEEN 2209652 AND 2209752
	Bitmap Heap Scan on sbtest5  (cost=5.43..389.37 rows=97 width=125)
	  Recheck Cond: ((k >= 2209652) AND (k <= 2209752))
	  ->  Bitmap Index Scan on k_5  (cost=0.00..5.40 rows=97 width=0)
	        Index Cond: ((k >= 2209652) AND (k <= 2209752))

table 6 : explain SELECT k, c FROM sbtest6 WHERE k BETWEEN 2209652 AND 2209752
	Bitmap Heap Scan on sbtest6  (cost=5.51..420.88 rows=105 width=125)
	  Recheck Cond: ((k >= 2209652) AND (k <= 2209752))
	  ->  Bitmap Index Scan on k_6  (cost=0.00..5.48 rows=105 width=0)
	        Index Cond: ((k >= 2209652) AND (k <= 2209752))

table 7 : explain SELECT k, c FROM sbtest7 WHERE k BETWEEN 2209652 AND 2209752
	Bitmap Heap Scan on sbtest7  (cost=5.49..413.00 rows=103 width=125)
	  Recheck Cond: ((k >= 2209652) AND (k <= 2209752))
	  ->  Bitmap Index Scan on k_7  (cost=0.00..5.46 rows=103 width=0)
	        Index Cond: ((k >= 2209652) AND (k <= 2209752))

table 8 : explain SELECT k, c FROM sbtest8 WHERE k BETWEEN 2209652 AND 2209752
	Bitmap Heap Scan on sbtest8  (cost=5.52..424.81 rows=106 width=125)
	  Recheck Cond: ((k >= 2209652) AND (k <= 2209752))
	  ->  Bitmap Index Scan on k_8  (cost=0.00..5.50 rows=106 width=0)
	        Index Cond: ((k >= 2209652) AND (k <= 2209752))

explain: for range-notcovered :: explain SELECT k, c FROM sbtest%d WHERE k BETWEEN 1200448 AND 1200548
for range-notcovered
table 1 : explain SELECT k, c FROM sbtest1 WHERE k BETWEEN 6235265 AND 6235365
	Bitmap Heap Scan on sbtest1  (cost=5.45..397.25 rows=99 width=125)
	  Recheck Cond: ((k >= 6235265) AND (k <= 6235365))
	  ->  Bitmap Index Scan on k_1  (cost=0.00..5.42 rows=99 width=0)
	        Index Cond: ((k >= 6235265) AND (k <= 6235365))

table 2 : explain SELECT k, c FROM sbtest2 WHERE k BETWEEN 6235265 AND 6235365
	Bitmap Heap Scan on sbtest2  (cost=5.42..385.43 rows=96 width=125)
	  Recheck Cond: ((k >= 6235265) AND (k <= 6235365))
	  ->  Bitmap Index Scan on k_2  (cost=0.00..5.39 rows=96 width=0)
	        Index Cond: ((k >= 6235265) AND (k <= 6235365))

table 3 : explain SELECT k, c FROM sbtest3 WHERE k BETWEEN 6235265 AND 6235365
	Bitmap Heap Scan on sbtest3  (cost=5.48..409.07 rows=102 width=125)
	  Recheck Cond: ((k >= 6235265) AND (k <= 6235365))
	  ->  Bitmap Index Scan on k_3  (cost=0.00..5.45 rows=102 width=0)
	        Index Cond: ((k >= 6235265) AND (k <= 6235365))

table 4 : explain SELECT k, c FROM sbtest4 WHERE k BETWEEN 6235265 AND 6235365
	Bitmap Heap Scan on sbtest4  (cost=5.46..401.19 rows=100 width=125)
	  Recheck Cond: ((k >= 6235265) AND (k <= 6235365))
	  ->  Bitmap Index Scan on k_4  (cost=0.00..5.43 rows=100 width=0)
	        Index Cond: ((k >= 6235265) AND (k <= 6235365))

table 5 : explain SELECT k, c FROM sbtest5 WHERE k BETWEEN 6235265 AND 6235365
	Bitmap Heap Scan on sbtest5  (cost=5.45..397.25 rows=99 width=125)
	  Recheck Cond: ((k >= 6235265) AND (k <= 6235365))
	  ->  Bitmap Index Scan on k_5  (cost=0.00..5.42 rows=99 width=0)
	        Index Cond: ((k >= 6235265) AND (k <= 6235365))

table 6 : explain SELECT k, c FROM sbtest6 WHERE k BETWEEN 6235265 AND 6235365
	Bitmap Heap Scan on sbtest6  (cost=5.53..428.75 rows=107 width=125)
	  Recheck Cond: ((k >= 6235265) AND (k <= 6235365))
	  ->  Bitmap Index Scan on k_6  (cost=0.00..5.50 rows=107 width=0)
	        Index Cond: ((k >= 6235265) AND (k <= 6235365))

table 7 : explain SELECT k, c FROM sbtest7 WHERE k BETWEEN 6235265 AND 6235365
	Bitmap Heap Scan on sbtest7  (cost=5.49..413.00 rows=103 width=125)
	  Recheck Cond: ((k >= 6235265) AND (k <= 6235365))
	  ->  Bitmap Index Scan on k_7  (cost=0.00..5.46 rows=103 width=0)
	        Index Cond: ((k >= 6235265) AND (k <= 6235365))

table 8 : explain SELECT k, c FROM sbtest8 WHERE k BETWEEN 6235265 AND 6235365
	Bitmap Heap Scan on sbtest8  (cost=5.43..389.37 rows=97 width=125)
	  Recheck Cond: ((k >= 6235265) AND (k <= 6235365))
	  ->  Bitmap Index Scan on k_8  (cost=0.00..5.40 rows=97 width=0)
	        Index Cond: ((k >= 6235265) AND (k <= 6235365))

for range-notcovered
table 1 : explain SELECT k, c FROM sbtest1 WHERE k BETWEEN 3200628 AND 3200728
	Bitmap Heap Scan on sbtest1  (cost=5.42..385.43 rows=96 width=125)
	  Recheck Cond: ((k >= 3200628) AND (k <= 3200728))
	  ->  Bitmap Index Scan on k_1  (cost=0.00..5.39 rows=96 width=0)
	        Index Cond: ((k >= 3200628) AND (k <= 3200728))

table 2 : explain SELECT k, c FROM sbtest2 WHERE k BETWEEN 3200628 AND 3200728
	Bitmap Heap Scan on sbtest2  (cost=5.38..369.67 rows=92 width=125)
	  Recheck Cond: ((k >= 3200628) AND (k <= 3200728))
	  ->  Bitmap Index Scan on k_2  (cost=0.00..5.35 rows=92 width=0)
	        Index Cond: ((k >= 3200628) AND (k <= 3200728))

table 3 : explain SELECT k, c FROM sbtest3 WHERE k BETWEEN 3200628 AND 3200728
	Bitmap Heap Scan on sbtest3  (cost=5.44..393.31 rows=98 width=125)
	  Recheck Cond: ((k >= 3200628) AND (k <= 3200728))
	  ->  Bitmap Index Scan on k_3  (cost=0.00..5.42 rows=98 width=0)
	        Index Cond: ((k >= 3200628) AND (k <= 3200728))

table 4 : explain SELECT k, c FROM sbtest4 WHERE k BETWEEN 3200628 AND 3200728
	Bitmap Heap Scan on sbtest4  (cost=5.54..432.69 rows=108 width=125)
	  Recheck Cond: ((k >= 3200628) AND (k <= 3200728))
	  ->  Bitmap Index Scan on k_4  (cost=0.00..5.51 rows=108 width=0)
	        Index Cond: ((k >= 3200628) AND (k <= 3200728))

table 5 : explain SELECT k, c FROM sbtest5 WHERE k BETWEEN 3200628 AND 3200728
	Bitmap Heap Scan on sbtest5  (cost=5.49..413.00 rows=103 width=125)
	  Recheck Cond: ((k >= 3200628) AND (k <= 3200728))
	  ->  Bitmap Index Scan on k_5  (cost=0.00..5.46 rows=103 width=0)
	        Index Cond: ((k >= 3200628) AND (k <= 3200728))

table 6 : explain SELECT k, c FROM sbtest6 WHERE k BETWEEN 3200628 AND 3200728
	Bitmap Heap Scan on sbtest6  (cost=5.38..369.67 rows=92 width=125)
	  Recheck Cond: ((k >= 3200628) AND (k <= 3200728))
	  ->  Bitmap Index Scan on k_6  (cost=0.00..5.35 rows=92 width=0)
	        Index Cond: ((k >= 3200628) AND (k <= 3200728))

table 7 : explain SELECT k, c FROM sbtest7 WHERE k BETWEEN 3200628 AND 3200728
	Bitmap Heap Scan on sbtest7  (cost=5.51..420.88 rows=105 width=125)
	  Recheck Cond: ((k >= 3200628) AND (k <= 3200728))
	  ->  Bitmap Index Scan on k_7  (cost=0.00..5.48 rows=105 width=0)
	        Index Cond: ((k >= 3200628) AND (k <= 3200728))

table 8 : explain SELECT k, c FROM sbtest8 WHERE k BETWEEN 3200628 AND 3200728
	Bitmap Heap Scan on sbtest8  (cost=5.65..475.95 rows=119 width=125)
	  Recheck Cond: ((k >= 3200628) AND (k <= 3200728))
	  ->  Bitmap Index Scan on k_8  (cost=0.00..5.62 rows=119 width=0)
	        Index Cond: ((k >= 3200628) AND (k <= 3200728))

explain: for range-notcovered :: explain SELECT k, c FROM sbtest%d WHERE k BETWEEN 2209652 AND 2209752
explain: for range-notcovered :: explain SELECT k, c FROM sbtest%d WHERE k BETWEEN 6235265 AND 6235365
explain: for range-notcovered :: explain SELECT k, c FROM sbtest%d WHERE k BETWEEN 3200628 AND 3200728
for range-notcovered
table 1 : explain SELECT k, c FROM sbtest1 WHERE k BETWEEN 6412892 AND 6412992
	Bitmap Heap Scan on sbtest1  (cost=5.47..405.13 rows=101 width=125)
	  Recheck Cond: ((k >= 6412892) AND (k <= 6412992))
	  ->  Bitmap Index Scan on k_1  (cost=0.00..5.44 rows=101 width=0)
	        Index Cond: ((k >= 6412892) AND (k <= 6412992))

table 2 : explain SELECT k, c FROM sbtest2 WHERE k BETWEEN 6412892 AND 6412992
	Bitmap Heap Scan on sbtest2  (cost=5.41..381.49 rows=95 width=125)
	  Recheck Cond: ((k >= 6412892) AND (k <= 6412992))
	  ->  Bitmap Index Scan on k_2  (cost=0.00..5.38 rows=95 width=0)
	        Index Cond: ((k >= 6412892) AND (k <= 6412992))

table 3 : explain SELECT k, c FROM sbtest3 WHERE k BETWEEN 6412892 AND 6412992
	Bitmap Heap Scan on sbtest3  (cost=5.43..389.37 rows=97 width=125)
	  Recheck Cond: ((k >= 6412892) AND (k <= 6412992))
	  ->  Bitmap Index Scan on k_3  (cost=0.00..5.40 rows=97 width=0)
	        Index Cond: ((k >= 6412892) AND (k <= 6412992))

table 4 : explain SELECT k, c FROM sbtest4 WHERE k BETWEEN 6412892 AND 6412992
	Bitmap Heap Scan on sbtest4  (cost=5.46..401.19 rows=100 width=125)
	  Recheck Cond: ((k >= 6412892) AND (k <= 6412992))
	  ->  Bitmap Index Scan on k_4  (cost=0.00..5.43 rows=100 width=0)
	        Index Cond: ((k >= 6412892) AND (k <= 6412992))

table 5 : explain SELECT k, c FROM sbtest5 WHERE k BETWEEN 6412892 AND 6412992
	Bitmap Heap Scan on sbtest5  (cost=5.48..409.07 rows=102 width=125)
	  Recheck Cond: ((k >= 6412892) AND (k <= 6412992))
	  ->  Bitmap Index Scan on k_5  (cost=0.00..5.45 rows=102 width=0)
	        Index Cond: ((k >= 6412892) AND (k <= 6412992))

table 6 : explain SELECT k, c FROM sbtest6 WHERE k BETWEEN 6412892 AND 6412992
	Bitmap Heap Scan on sbtest6  (cost=5.52..424.81 rows=106 width=125)
	  Recheck Cond: ((k >= 6412892) AND (k <= 6412992))
	  ->  Bitmap Index Scan on k_6  (cost=0.00..5.50 rows=106 width=0)
	        Index Cond: ((k >= 6412892) AND (k <= 6412992))

table 7 : explain SELECT k, c FROM sbtest7 WHERE k BETWEEN 6412892 AND 6412992
	Bitmap Heap Scan on sbtest7  (cost=5.50..416.94 rows=104 width=125)
	  Recheck Cond: ((k >= 6412892) AND (k <= 6412992))
	  ->  Bitmap Index Scan on k_7  (cost=0.00..5.47 rows=104 width=0)
	        Index Cond: ((k >= 6412892) AND (k <= 6412992))

table 8 : explain SELECT k, c FROM sbtest8 WHERE k BETWEEN 6412892 AND 6412992
	Bitmap Heap Scan on sbtest8  (cost=5.44..393.31 rows=98 width=125)
	  Recheck Cond: ((k >= 6412892) AND (k <= 6412992))
	  ->  Bitmap Index Scan on k_8  (cost=0.00..5.42 rows=98 width=0)
	        Index Cond: ((k >= 6412892) AND (k <= 6412992))

explain: for range-notcovered :: explain SELECT k, c FROM sbtest%d WHERE k BETWEEN 6412892 AND 6412992
for range-notcovered
table 1 : explain SELECT k, c FROM sbtest1 WHERE k BETWEEN 3784222 AND 3784322
	Bitmap Heap Scan on sbtest1  (cost=5.60..456.29 rows=114 width=125)
	  Recheck Cond: ((k >= 3784222) AND (k <= 3784322))
	  ->  Bitmap Index Scan on k_1  (cost=0.00..5.58 rows=114 width=0)
	        Index Cond: ((k >= 3784222) AND (k <= 3784322))

table 2 : explain SELECT k, c FROM sbtest2 WHERE k BETWEEN 3784222 AND 3784322
	Bitmap Heap Scan on sbtest2  (cost=5.50..416.94 rows=104 width=125)
	  Recheck Cond: ((k >= 3784222) AND (k <= 3784322))
	  ->  Bitmap Index Scan on k_2  (cost=0.00..5.47 rows=104 width=0)
	        Index Cond: ((k >= 3784222) AND (k <= 3784322))

table 3 : explain SELECT k, c FROM sbtest3 WHERE k BETWEEN 3784222 AND 3784322
	Bitmap Heap Scan on sbtest3  (cost=5.48..409.07 rows=102 width=125)
	  Recheck Cond: ((k >= 3784222) AND (k <= 3784322))
	  ->  Bitmap Index Scan on k_3  (cost=0.00..5.45 rows=102 width=0)
	        Index Cond: ((k >= 3784222) AND (k <= 3784322))

table 4 : explain SELECT k, c FROM sbtest4 WHERE k BETWEEN 3784222 AND 3784322
	Bitmap Heap Scan on sbtest4  (cost=5.43..389.37 rows=97 width=125)
	  Recheck Cond: ((k >= 3784222) AND (k <= 3784322))
	  ->  Bitmap Index Scan on k_4  (cost=0.00..5.40 rows=97 width=0)
	        Index Cond: ((k >= 3784222) AND (k <= 3784322))

table 5 : explain SELECT k, c FROM sbtest5 WHERE k BETWEEN 3784222 AND 3784322
	Bitmap Heap Scan on sbtest5  (cost=5.47..405.13 rows=101 width=125)
	  Recheck Cond: ((k >= 3784222) AND (k <= 3784322))
	  ->  Bitmap Index Scan on k_5  (cost=0.00..5.44 rows=101 width=0)
	        Index Cond: ((k >= 3784222) AND (k <= 3784322))

table 6 : explain SELECT k, c FROM sbtest6 WHERE k BETWEEN 3784222 AND 3784322
	Bitmap Heap Scan on sbtest6  (cost=5.59..452.36 rows=113 width=125)
	  Recheck Cond: ((k >= 3784222) AND (k <= 3784322))
	  ->  Bitmap Index Scan on k_6  (cost=0.00..5.56 rows=113 width=0)
	        Index Cond: ((k >= 3784222) AND (k <= 3784322))

table 7 : explain SELECT k, c FROM sbtest7 WHERE k BETWEEN 3784222 AND 3784322
	Bitmap Heap Scan on sbtest7  (cost=5.47..405.13 rows=101 width=125)
	  Recheck Cond: ((k >= 3784222) AND (k <= 3784322))
	  ->  Bitmap Index Scan on k_7  (cost=0.00..5.44 rows=101 width=0)
	        Index Cond: ((k >= 3784222) AND (k <= 3784322))

table 8 : explain SELECT k, c FROM sbtest8 WHERE k BETWEEN 3784222 AND 3784322
	Bitmap Heap Scan on sbtest8  (cost=5.52..424.81 rows=106 width=125)
	  Recheck Cond: ((k >= 3784222) AND (k <= 3784322))
	  ->  Bitmap Index Scan on k_8  (cost=0.00..5.50 rows=106 width=0)
	        Index Cond: ((k >= 3784222) AND (k <= 3784322))

explain: for range-notcovered :: explain SELECT k, c FROM sbtest%d WHERE k BETWEEN 3784222 AND 3784322
for range-notcovered
table 1 : explain SELECT k, c FROM sbtest1 WHERE k BETWEEN 3361269 AND 3361369
	Bitmap Heap Scan on sbtest1  (cost=5.49..413.00 rows=103 width=125)
	  Recheck Cond: ((k >= 3361269) AND (k <= 3361369))
	  ->  Bitmap Index Scan on k_1  (cost=0.00..5.46 rows=103 width=0)
	        Index Cond: ((k >= 3361269) AND (k <= 3361369))

table 2 : explain SELECT k, c FROM sbtest2 WHERE k BETWEEN 3361269 AND 3361369
	Bitmap Heap Scan on sbtest2  (cost=5.56..440.56 rows=110 width=125)
	  Recheck Cond: ((k >= 3361269) AND (k <= 3361369))
	  ->  Bitmap Index Scan on k_2  (cost=0.00..5.53 rows=110 width=0)
	        Index Cond: ((k >= 3361269) AND (k <= 3361369))

table 3 : explain SELECT k, c FROM sbtest3 WHERE k BETWEEN 3361269 AND 3361369
	Bitmap Heap Scan on sbtest3  (cost=5.43..389.37 rows=97 width=125)
	  Recheck Cond: ((k >= 3361269) AND (k <= 3361369))
	  ->  Bitmap Index Scan on k_3  (cost=0.00..5.40 rows=97 width=0)
	        Index Cond: ((k >= 3361269) AND (k <= 3361369))

table 4 : explain SELECT k, c FROM sbtest4 WHERE k BETWEEN 3361269 AND 3361369
	Bitmap Heap Scan on sbtest4  (cost=5.45..397.25 rows=99 width=125)
	  Recheck Cond: ((k >= 3361269) AND (k <= 3361369))
	  ->  Bitmap Index Scan on k_4  (cost=0.00..5.42 rows=99 width=0)
	        Index Cond: ((k >= 3361269) AND (k <= 3361369))

table 5 : explain SELECT k, c FROM sbtest5 WHERE k BETWEEN 3361269 AND 3361369
	Bitmap Heap Scan on sbtest5  (cost=5.46..401.19 rows=100 width=125)
	  Recheck Cond: ((k >= 3361269) AND (k <= 3361369))
	  ->  Bitmap Index Scan on k_5  (cost=0.00..5.43 rows=100 width=0)
	        Index Cond: ((k >= 3361269) AND (k <= 3361369))

table 6 : explain SELECT k, c FROM sbtest6 WHERE k BETWEEN 3361269 AND 3361369
	Bitmap Heap Scan on sbtest6  (cost=5.50..416.94 rows=104 width=125)
	  Recheck Cond: ((k >= 3361269) AND (k <= 3361369))
	  ->  Bitmap Index Scan on k_6  (cost=0.00..5.47 rows=104 width=0)
	        Index Cond: ((k >= 3361269) AND (k <= 3361369))

table 7 : explain SELECT k, c FROM sbtest7 WHERE k BETWEEN 3361269 AND 3361369
	Bitmap Heap Scan on sbtest7  (cost=5.51..420.88 rows=105 width=125)
	  Recheck Cond: ((k >= 3361269) AND (k <= 3361369))
	  ->  Bitmap Index Scan on k_7  (cost=0.00..5.48 rows=105 width=0)
	        Index Cond: ((k >= 3361269) AND (k <= 3361369))

table 8 : explain SELECT k, c FROM sbtest8 WHERE k BETWEEN 3361269 AND 3361369
	Bitmap Heap Scan on sbtest8  (cost=5.53..428.75 rows=107 width=125)
	  Recheck Cond: ((k >= 3361269) AND (k <= 3361369))
	  ->  Bitmap Index Scan on k_8  (cost=0.00..5.50 rows=107 width=0)
	        Index Cond: ((k >= 3361269) AND (k <= 3361369))

for range-notcovered
table 1 : explain SELECT k, c FROM sbtest1 WHERE k BETWEEN 6578497 AND 6578597
	Bitmap Heap Scan on sbtest1  (cost=5.43..389.37 rows=97 width=125)
	  Recheck Cond: ((k >= 6578497) AND (k <= 6578597))
	  ->  Bitmap Index Scan on k_1  (cost=0.00..5.40 rows=97 width=0)
	        Index Cond: ((k >= 6578497) AND (k <= 6578597))

table 2 : explain SELECT k, c FROM sbtest2 WHERE k BETWEEN 6578497 AND 6578597
	Bitmap Heap Scan on sbtest2  (cost=5.44..393.31 rows=98 width=125)
	  Recheck Cond: ((k >= 6578497) AND (k <= 6578597))
	  ->  Bitmap Index Scan on k_2  (cost=0.00..5.42 rows=98 width=0)
	        Index Cond: ((k >= 6578497) AND (k <= 6578597))

table 3 : explain SELECT k, c FROM sbtest3 WHERE k BETWEEN 6578497 AND 6578597
	Bitmap Heap Scan on sbtest3  (cost=5.45..397.25 rows=99 width=125)
	  Recheck Cond: ((k >= 6578497) AND (k <= 6578597))
	  ->  Bitmap Index Scan on k_3  (cost=0.00..5.42 rows=99 width=0)
	        Index Cond: ((k >= 6578497) AND (k <= 6578597))

table 4 : explain SELECT k, c FROM sbtest4 WHERE k BETWEEN 6578497 AND 6578597
	Bitmap Heap Scan on sbtest4  (cost=5.53..428.75 rows=107 width=125)
	  Recheck Cond: ((k >= 6578497) AND (k <= 6578597))
	  ->  Bitmap Index Scan on k_4  (cost=0.00..5.50 rows=107 width=0)
	        Index Cond: ((k >= 6578497) AND (k <= 6578597))

table 5 : explain SELECT k, c FROM sbtest5 WHERE k BETWEEN 6578497 AND 6578597
	Bitmap Heap Scan on sbtest5  (cost=5.51..420.88 rows=105 width=125)
	  Recheck Cond: ((k >= 6578497) AND (k <= 6578597))
	  ->  Bitmap Index Scan on k_5  (cost=0.00..5.48 rows=105 width=0)
	        Index Cond: ((k >= 6578497) AND (k <= 6578597))

table 6 : explain SELECT k, c FROM sbtest6 WHERE k BETWEEN 6578497 AND 6578597
	Bitmap Heap Scan on sbtest6  (cost=5.49..413.00 rows=103 width=125)
	  Recheck Cond: ((k >= 6578497) AND (k <= 6578597))
	  ->  Bitmap Index Scan on k_6  (cost=0.00..5.46 rows=103 width=0)
	        Index Cond: ((k >= 6578497) AND (k <= 6578597))

table 7 : explain SELECT k, c FROM sbtest7 WHERE k BETWEEN 6578497 AND 6578597
	Bitmap Heap Scan on sbtest7  (cost=5.50..416.94 rows=104 width=125)
	  Recheck Cond: ((k >= 6578497) AND (k <= 6578597))
	  ->  Bitmap Index Scan on k_7  (cost=0.00..5.47 rows=104 width=0)
	        Index Cond: ((k >= 6578497) AND (k <= 6578597))

table 8 : explain SELECT k, c FROM sbtest8 WHERE k BETWEEN 6578497 AND 6578597
	Bitmap Heap Scan on sbtest8  (cost=5.48..409.07 rows=102 width=125)
	  Recheck Cond: ((k >= 6578497) AND (k <= 6578597))
	  ->  Bitmap Index Scan on k_8  (cost=0.00..5.45 rows=102 width=0)
	        Index Cond: ((k >= 6578497) AND (k <= 6578597))

for range-notcovered
table 1 : explain SELECT k, c FROM sbtest1 WHERE k BETWEEN 1200448 AND 1200548
	Bitmap Heap Scan on sbtest1  (cost=5.51..420.88 rows=105 width=125)
	  Recheck Cond: ((k >= 1200448) AND (k <= 1200548))
	  ->  Bitmap Index Scan on k_1  (cost=0.00..5.48 rows=105 width=0)
	        Index Cond: ((k >= 1200448) AND (k <= 1200548))

table 2 : explain SELECT k, c FROM sbtest2 WHERE k BETWEEN 1200448 AND 1200548
	Bitmap Heap Scan on sbtest2  (cost=5.53..428.75 rows=107 width=125)
	  Recheck Cond: ((k >= 1200448) AND (k <= 1200548))
	  ->  Bitmap Index Scan on k_2  (cost=0.00..5.50 rows=107 width=0)
	        Index Cond: ((k >= 1200448) AND (k <= 1200548))

table 3 : explain SELECT k, c FROM sbtest3 WHERE k BETWEEN 1200448 AND 1200548
	Bitmap Heap Scan on sbtest3  (cost=5.62..464.15 rows=116 width=125)
	  Recheck Cond: ((k >= 1200448) AND (k <= 1200548))
	  ->  Bitmap Index Scan on k_3  (cost=0.00..5.59 rows=116 width=0)
	        Index Cond: ((k >= 1200448) AND (k <= 1200548))

table 4 : explain SELECT k, c FROM sbtest4 WHERE k BETWEEN 1200448 AND 1200548
	Bitmap Heap Scan on sbtest4  (cost=5.45..397.25 rows=99 width=125)
	  Recheck Cond: ((k >= 1200448) AND (k <= 1200548))
	  ->  Bitmap Index Scan on k_4  (cost=0.00..5.42 rows=99 width=0)
	        Index Cond: ((k >= 1200448) AND (k <= 1200548))

table 5 : explain SELECT k, c FROM sbtest5 WHERE k BETWEEN 1200448 AND 1200548
	Bitmap Heap Scan on sbtest5  (cost=5.47..405.13 rows=101 width=125)
	  Recheck Cond: ((k >= 1200448) AND (k <= 1200548))
	  ->  Bitmap Index Scan on k_5  (cost=0.00..5.44 rows=101 width=0)
	        Index Cond: ((k >= 1200448) AND (k <= 1200548))

table 6 : explain SELECT k, c FROM sbtest6 WHERE k BETWEEN 1200448 AND 1200548
	Bitmap Heap Scan on sbtest6  (cost=5.45..397.25 rows=99 width=125)
	  Recheck Cond: ((k >= 1200448) AND (k <= 1200548))
	  ->  Bitmap Index Scan on k_6  (cost=0.00..5.42 rows=99 width=0)
	        Index Cond: ((k >= 1200448) AND (k <= 1200548))

table 7 : explain SELECT k, c FROM sbtest7 WHERE k BETWEEN 1200448 AND 1200548
	Bitmap Heap Scan on sbtest7  (cost=5.50..416.94 rows=104 width=125)
	  Recheck Cond: ((k >= 1200448) AND (k <= 1200548))
	  ->  Bitmap Index Scan on k_7  (cost=0.00..5.47 rows=104 width=0)
	        Index Cond: ((k >= 1200448) AND (k <= 1200548))

table 8 : explain SELECT k, c FROM sbtest8 WHERE k BETWEEN 1200448 AND 1200548
	Bitmap Heap Scan on sbtest8  (cost=5.47..405.13 rows=101 width=125)
	  Recheck Cond: ((k >= 1200448) AND (k <= 1200548))
	  ->  Bitmap Index Scan on k_8  (cost=0.00..5.44 rows=101 width=0)
	        Index Cond: ((k >= 1200448) AND (k <= 1200548))

for range-notcovered
table 1 : explain SELECT k, c FROM sbtest1 WHERE k BETWEEN 3200628 AND 3200728
	Bitmap Heap Scan on sbtest1  (cost=5.42..385.43 rows=96 width=125)
	  Recheck Cond: ((k >= 3200628) AND (k <= 3200728))
	  ->  Bitmap Index Scan on k_1  (cost=0.00..5.39 rows=96 width=0)
	        Index Cond: ((k >= 3200628) AND (k <= 3200728))

table 2 : explain SELECT k, c FROM sbtest2 WHERE k BETWEEN 3200628 AND 3200728
	Bitmap Heap Scan on sbtest2  (cost=5.38..369.67 rows=92 width=125)
	  Recheck Cond: ((k >= 3200628) AND (k <= 3200728))
	  ->  Bitmap Index Scan on k_2  (cost=0.00..5.35 rows=92 width=0)
	        Index Cond: ((k >= 3200628) AND (k <= 3200728))

table 3 : explain SELECT k, c FROM sbtest3 WHERE k BETWEEN 3200628 AND 3200728
	Bitmap Heap Scan on sbtest3  (cost=5.44..393.31 rows=98 width=125)
	  Recheck Cond: ((k >= 3200628) AND (k <= 3200728))
	  ->  Bitmap Index Scan on k_3  (cost=0.00..5.42 rows=98 width=0)
	        Index Cond: ((k >= 3200628) AND (k <= 3200728))

table 4 : explain SELECT k, c FROM sbtest4 WHERE k BETWEEN 3200628 AND 3200728
	Bitmap Heap Scan on sbtest4  (cost=5.54..432.69 rows=108 width=125)
	  Recheck Cond: ((k >= 3200628) AND (k <= 3200728))
	  ->  Bitmap Index Scan on k_4  (cost=0.00..5.51 rows=108 width=0)
	        Index Cond: ((k >= 3200628) AND (k <= 3200728))

table 5 : explain SELECT k, c FROM sbtest5 WHERE k BETWEEN 3200628 AND 3200728
	Bitmap Heap Scan on sbtest5  (cost=5.49..413.00 rows=103 width=125)
	  Recheck Cond: ((k >= 3200628) AND (k <= 3200728))
	  ->  Bitmap Index Scan on k_5  (cost=0.00..5.46 rows=103 width=0)
	        Index Cond: ((k >= 3200628) AND (k <= 3200728))

table 6 : explain SELECT k, c FROM sbtest6 WHERE k BETWEEN 3200628 AND 3200728
	Bitmap Heap Scan on sbtest6  (cost=5.38..369.67 rows=92 width=125)
	  Recheck Cond: ((k >= 3200628) AND (k <= 3200728))
	  ->  Bitmap Index Scan on k_6  (cost=0.00..5.35 rows=92 width=0)
	        Index Cond: ((k >= 3200628) AND (k <= 3200728))

table 7 : explain SELECT k, c FROM sbtest7 WHERE k BETWEEN 3200628 AND 3200728
	Bitmap Heap Scan on sbtest7  (cost=5.51..420.88 rows=105 width=125)
	  Recheck Cond: ((k >= 3200628) AND (k <= 3200728))
	  ->  Bitmap Index Scan on k_7  (cost=0.00..5.48 rows=105 width=0)
	        Index Cond: ((k >= 3200628) AND (k <= 3200728))

table 8 : explain SELECT k, c FROM sbtest8 WHERE k BETWEEN 3200628 AND 3200728
	Bitmap Heap Scan on sbtest8  (cost=5.65..475.95 rows=119 width=125)
	  Recheck Cond: ((k >= 3200628) AND (k <= 3200728))
	  ->  Bitmap Index Scan on k_8  (cost=0.00..5.62 rows=119 width=0)
	        Index Cond: ((k >= 3200628) AND (k <= 3200728))
explain: for range-notcovered :: explain SELECT k, c FROM sbtest%d WHERE k BETWEEN 3361269 AND 3361369

for range-notcovered
table 1 : explain SELECT k, c FROM sbtest1 WHERE k BETWEEN 2209652 AND 2209752
	Bitmap Heap Scan on sbtest1  (cost=5.44..393.31 rows=98 width=125)
	  Recheck Cond: ((k >= 2209652) AND (k <= 2209752))
	  ->  Bitmap Index Scan on k_1  (cost=0.00..5.42 rows=98 width=0)
	        Index Cond: ((k >= 2209652) AND (k <= 2209752))

table 2 : explain SELECT k, c FROM sbtest2 WHERE k BETWEEN 2209652 AND 2209752
	Bitmap Heap Scan on sbtest2  (cost=5.44..393.31 rows=98 width=125)
	  Recheck Cond: ((k >= 2209652) AND (k <= 2209752))
	  ->  Bitmap Index Scan on k_2  (cost=0.00..5.42 rows=98 width=0)
	        Index Cond: ((k >= 2209652) AND (k <= 2209752))

table 3 : explain SELECT k, c FROM sbtest3 WHERE k BETWEEN 2209652 AND 2209752
	Bitmap Heap Scan on sbtest3  (cost=5.57..444.49 rows=111 width=125)
	  Recheck Cond: ((k >= 2209652) AND (k <= 2209752))
	  ->  Bitmap Index Scan on k_3  (cost=0.00..5.54 rows=111 width=0)
	        Index Cond: ((k >= 2209652) AND (k <= 2209752))

table 4 : explain SELECT k, c FROM sbtest4 WHERE k BETWEEN 2209652 AND 2209752
	Bitmap Heap Scan on sbtest4  (cost=5.41..381.49 rows=95 width=125)
	  Recheck Cond: ((k >= 2209652) AND (k <= 2209752))
	  ->  Bitmap Index Scan on k_4  (cost=0.00..5.38 rows=95 width=0)
	        Index Cond: ((k >= 2209652) AND (k <= 2209752))

table 5 : explain SELECT k, c FROM sbtest5 WHERE k BETWEEN 2209652 AND 2209752
	Bitmap Heap Scan on sbtest5  (cost=5.43..389.37 rows=97 width=125)
	  Recheck Cond: ((k >= 2209652) AND (k <= 2209752))
	  ->  Bitmap Index Scan on k_5  (cost=0.00..5.40 rows=97 width=0)
	        Index Cond: ((k >= 2209652) AND (k <= 2209752))

table 6 : explain SELECT k, c FROM sbtest6 WHERE k BETWEEN 2209652 AND 2209752
	Bitmap Heap Scan on sbtest6  (cost=5.51..420.88 rows=105 width=125)
	  Recheck Cond: ((k >= 2209652) AND (k <= 2209752))
	  ->  Bitmap Index Scan on k_6  (cost=0.00..5.48 rows=105 width=0)
	        Index Cond: ((k >= 2209652) AND (k <= 2209752))

table 7 : explain SELECT k, c FROM sbtest7 WHERE k BETWEEN 2209652 AND 2209752
	Bitmap Heap Scan on sbtest7  (cost=5.49..413.00 rows=103 width=125)
	  Recheck Cond: ((k >= 2209652) AND (k <= 2209752))
	  ->  Bitmap Index Scan on k_7  (cost=0.00..5.46 rows=103 width=0)
	        Index Cond: ((k >= 2209652) AND (k <= 2209752))

table 8 : explain SELECT k, c FROM sbtest8 WHERE k BETWEEN 2209652 AND 2209752
	Bitmap Heap Scan on sbtest8  (cost=5.52..424.81 rows=106 width=125)
	  Recheck Cond: ((k >= 2209652) AND (k <= 2209752))
	  ->  Bitmap Index Scan on k_8  (cost=0.00..5.50 rows=106 width=0)
	        Index Cond: ((k >= 2209652) AND (k <= 2209752))

explain: for range-notcovered :: explain SELECT k, c FROM sbtest%d WHERE k BETWEEN 3200628 AND 3200728
for range-notcovered
table 1 : explain SELECT k, c FROM sbtest1 WHERE k BETWEEN 4646032 AND 4646132
	Bitmap Heap Scan on sbtest1  (cost=5.48..409.07 rows=102 width=125)
	  Recheck Cond: ((k >= 4646032) AND (k <= 4646132))
	  ->  Bitmap Index Scan on k_1  (cost=0.00..5.45 rows=102 width=0)
	        Index Cond: ((k >= 4646032) AND (k <= 4646132))

table 2 : explain SELECT k, c FROM sbtest2 WHERE k BETWEEN 4646032 AND 4646132
	Bitmap Heap Scan on sbtest2  (cost=5.46..401.19 rows=100 width=125)
	  Recheck Cond: ((k >= 4646032) AND (k <= 4646132))
	  ->  Bitmap Index Scan on k_2  (cost=0.00..5.43 rows=100 width=0)
	        Index Cond: ((k >= 4646032) AND (k <= 4646132))

table 3 : explain SELECT k, c FROM sbtest3 WHERE k BETWEEN 4646032 AND 4646132
	Bitmap Heap Scan on sbtest3  (cost=5.53..428.75 rows=107 width=125)
	  Recheck Cond: ((k >= 4646032) AND (k <= 4646132))
	  ->  Bitmap Index Scan on k_3  (cost=0.00..5.50 rows=107 width=0)
	        Index Cond: ((k >= 4646032) AND (k <= 4646132))

table 4 : explain SELECT k, c FROM sbtest4 WHERE k BETWEEN 4646032 AND 4646132
	Bitmap Heap Scan on sbtest4  (cost=5.51..420.88 rows=105 width=125)
	  Recheck Cond: ((k >= 4646032) AND (k <= 4646132))
	  ->  Bitmap Index Scan on k_4  (cost=0.00..5.48 rows=105 width=0)
	        Index Cond: ((k >= 4646032) AND (k <= 4646132))

table 5 : explain SELECT k, c FROM sbtest5 WHERE k BETWEEN 4646032 AND 4646132
	Bitmap Heap Scan on sbtest5  (cost=5.48..409.07 rows=102 width=125)
	  Recheck Cond: ((k >= 4646032) AND (k <= 4646132))
	  ->  Bitmap Index Scan on k_5  (cost=0.00..5.45 rows=102 width=0)
	        Index Cond: ((k >= 4646032) AND (k <= 4646132))

table 6 : explain SELECT k, c FROM sbtest6 WHERE k BETWEEN 4646032 AND 4646132
	Bitmap Heap Scan on sbtest6  (cost=5.43..389.37 rows=97 width=125)
	  Recheck Cond: ((k >= 4646032) AND (k <= 4646132))
	  ->  Bitmap Index Scan on k_6  (cost=0.00..5.40 rows=97 width=0)
	        Index Cond: ((k >= 4646032) AND (k <= 4646132))

table 7 : explain SELECT k, c FROM sbtest7 WHERE k BETWEEN 4646032 AND 4646132
	Bitmap Heap Scan on sbtest7  (cost=5.50..416.94 rows=104 width=125)
	  Recheck Cond: ((k >= 4646032) AND (k <= 4646132))
	  ->  Bitmap Index Scan on k_7  (cost=0.00..5.47 rows=104 width=0)
	        Index Cond: ((k >= 4646032) AND (k <= 4646132))

table 8 : explain SELECT k, c FROM sbtest8 WHERE k BETWEEN 4646032 AND 4646132
	Bitmap Heap Scan on sbtest8  (cost=5.49..413.00 rows=103 width=125)
	  Recheck Cond: ((k >= 4646032) AND (k <= 4646132))
	  ->  Bitmap Index Scan on k_8  (cost=0.00..5.46 rows=103 width=0)
	        Index Cond: ((k >= 4646032) AND (k <= 4646132))

explain: for range-notcovered :: explain SELECT k, c FROM sbtest%d WHERE k BETWEEN 2209652 AND 2209752
for range-notcovered
table 1 : explain SELECT k, c FROM sbtest1 WHERE k BETWEEN 6412892 AND 6412992
	Bitmap Heap Scan on sbtest1  (cost=5.47..405.13 rows=101 width=125)
	  Recheck Cond: ((k >= 6412892) AND (k <= 6412992))
	  ->  Bitmap Index Scan on k_1  (cost=0.00..5.44 rows=101 width=0)
	        Index Cond: ((k >= 6412892) AND (k <= 6412992))

table 2 : explain SELECT k, c FROM sbtest2 WHERE k BETWEEN 6412892 AND 6412992
	Bitmap Heap Scan on sbtest2  (cost=5.41..381.49 rows=95 width=125)
	  Recheck Cond: ((k >= 6412892) AND (k <= 6412992))
	  ->  Bitmap Index Scan on k_2  (cost=0.00..5.38 rows=95 width=0)
	        Index Cond: ((k >= 6412892) AND (k <= 6412992))

table 3 : explain SELECT k, c FROM sbtest3 WHERE k BETWEEN 6412892 AND 6412992
	Bitmap Heap Scan on sbtest3  (cost=5.43..389.37 rows=97 width=125)
	  Recheck Cond: ((k >= 6412892) AND (k <= 6412992))
	  ->  Bitmap Index Scan on k_3  (cost=0.00..5.40 rows=97 width=0)
	        Index Cond: ((k >= 6412892) AND (k <= 6412992))

table 4 : explain SELECT k, c FROM sbtest4 WHERE k BETWEEN 6412892 AND 6412992
	Bitmap Heap Scan on sbtest4  (cost=5.46..401.19 rows=100 width=125)
	  Recheck Cond: ((k >= 6412892) AND (k <= 6412992))
	  ->  Bitmap Index Scan on k_4  (cost=0.00..5.43 rows=100 width=0)
	        Index Cond: ((k >= 6412892) AND (k <= 6412992))

table 5 : explain SELECT k, c FROM sbtest5 WHERE k BETWEEN 6412892 AND 6412992
	Bitmap Heap Scan on sbtest5  (cost=5.48..409.07 rows=102 width=125)
	  Recheck Cond: ((k >= 6412892) AND (k <= 6412992))
	  ->  Bitmap Index Scan on k_5  (cost=0.00..5.45 rows=102 width=0)
	        Index Cond: ((k >= 6412892) AND (k <= 6412992))

table 6 : explain SELECT k, c FROM sbtest6 WHERE k BETWEEN 6412892 AND 6412992
	Bitmap Heap Scan on sbtest6  (cost=5.52..424.81 rows=106 width=125)
	  Recheck Cond: ((k >= 6412892) AND (k <= 6412992))
	  ->  Bitmap Index Scan on k_6  (cost=0.00..5.50 rows=106 width=0)
	        Index Cond: ((k >= 6412892) AND (k <= 6412992))

table 7 : explain SELECT k, c FROM sbtest7 WHERE k BETWEEN 6412892 AND 6412992
	Bitmap Heap Scan on sbtest7  (cost=5.50..416.94 rows=104 width=125)
	  Recheck Cond: ((k >= 6412892) AND (k <= 6412992))
	  ->  Bitmap Index Scan on k_7  (cost=0.00..5.47 rows=104 width=0)
	        Index Cond: ((k >= 6412892) AND (k <= 6412992))

table 8 : explain SELECT k, c FROM sbtest8 WHERE k BETWEEN 6412892 AND 6412992
	Bitmap Heap Scan on sbtest8  (cost=5.44..393.31 rows=98 width=125)
	  Recheck Cond: ((k >= 6412892) AND (k <= 6412992))
	  ->  Bitmap Index Scan on k_8  (cost=0.00..5.42 rows=98 width=0)
	        Index Cond: ((k >= 6412892) AND (k <= 6412992))

for range-notcovered
table 1 : explain SELECT k, c FROM sbtest1 WHERE k BETWEEN 8346016 AND 8346116
	Bitmap Heap Scan on sbtest1  (cost=5.49..413.00 rows=103 width=125)
	  Recheck Cond: ((k >= 8346016) AND (k <= 8346116))
	  ->  Bitmap Index Scan on k_1  (cost=0.00..5.46 rows=103 width=0)
	        Index Cond: ((k >= 8346016) AND (k <= 8346116))

table 2 : explain SELECT k, c FROM sbtest2 WHERE k BETWEEN 8346016 AND 8346116
	Bitmap Heap Scan on sbtest2  (cost=5.51..420.88 rows=105 width=125)
	  Recheck Cond: ((k >= 8346016) AND (k <= 8346116))
	  ->  Bitmap Index Scan on k_2  (cost=0.00..5.48 rows=105 width=0)
	        Index Cond: ((k >= 8346016) AND (k <= 8346116))

table 3 : explain SELECT k, c FROM sbtest3 WHERE k BETWEEN 8346016 AND 8346116
	Bitmap Heap Scan on sbtest3  (cost=5.51..420.88 rows=105 width=125)
	  Recheck Cond: ((k >= 8346016) AND (k <= 8346116))
	  ->  Bitmap Index Scan on k_3  (cost=0.00..5.48 rows=105 width=0)
	        Index Cond: ((k >= 8346016) AND (k <= 8346116))

table 4 : explain SELECT k, c FROM sbtest4 WHERE k BETWEEN 8346016 AND 8346116
	Bitmap Heap Scan on sbtest4  (cost=5.50..416.94 rows=104 width=125)
	  Recheck Cond: ((k >= 8346016) AND (k <= 8346116))
	  ->  Bitmap Index Scan on k_4  (cost=0.00..5.47 rows=104 width=0)
	        Index Cond: ((k >= 8346016) AND (k <= 8346116))

table 5 : explain SELECT k, c FROM sbtest5 WHERE k BETWEEN 8346016 AND 8346116
	Bitmap Heap Scan on sbtest5  (cost=5.43..389.37 rows=97 width=125)
	  Recheck Cond: ((k >= 8346016) AND (k <= 8346116))
	  ->  Bitmap Index Scan on k_5  (cost=0.00..5.40 rows=97 width=0)
	        Index Cond: ((k >= 8346016) AND (k <= 8346116))

table 6 : explain SELECT k, c FROM sbtest6 WHERE k BETWEEN 8346016 AND 8346116
	Bitmap Heap Scan on sbtest6  (cost=5.44..393.31 rows=98 width=125)
	  Recheck Cond: ((k >= 8346016) AND (k <= 8346116))
	  ->  Bitmap Index Scan on k_6  (cost=0.00..5.42 rows=98 width=0)
	        Index Cond: ((k >= 8346016) AND (k <= 8346116))

table 7 : explain SELECT k, c FROM sbtest7 WHERE k BETWEEN 8346016 AND 8346116
	Bitmap Heap Scan on sbtest7  (cost=5.35..357.84 rows=89 width=125)
	  Recheck Cond: ((k >= 8346016) AND (k <= 8346116))
	  ->  Bitmap Index Scan on k_7  (cost=0.00..5.32 rows=89 width=0)
	        Index Cond: ((k >= 8346016) AND (k <= 8346116))

table 8 : explain SELECT k, c FROM sbtest8 WHERE k BETWEEN 8346016 AND 8346116
	Bitmap Heap Scan on sbtest8  (cost=5.38..369.67 rows=92 width=125)
	  Recheck Cond: ((k >= 8346016) AND (k <= 8346116))
	  ->  Bitmap Index Scan on k_8  (cost=0.00..5.35 rows=92 width=0)
	        Index Cond: ((k >= 8346016) AND (k <= 8346116))

explain: for range-notcovered :: explain SELECT k, c FROM sbtest%d WHERE k BETWEEN 7244199 AND 7244299
explain: for range-notcovered :: explain SELECT k, c FROM sbtest%d WHERE k BETWEEN 6412892 AND 6412992
for range-notcovered
table 1 : explain SELECT k, c FROM sbtest1 WHERE k BETWEEN 8307397 AND 8307497
	Bitmap Heap Scan on sbtest1  (cost=5.43..389.37 rows=97 width=125)
	  Recheck Cond: ((k >= 8307397) AND (k <= 8307497))
	  ->  Bitmap Index Scan on k_1  (cost=0.00..5.40 rows=97 width=0)
	        Index Cond: ((k >= 8307397) AND (k <= 8307497))

table 2 : explain SELECT k, c FROM sbtest2 WHERE k BETWEEN 8307397 AND 8307497
	Bitmap Heap Scan on sbtest2  (cost=5.51..420.88 rows=105 width=125)
	  Recheck Cond: ((k >= 8307397) AND (k <= 8307497))
	  ->  Bitmap Index Scan on k_2  (cost=0.00..5.48 rows=105 width=0)
	        Index Cond: ((k >= 8307397) AND (k <= 8307497))

table 3 : explain SELECT k, c FROM sbtest3 WHERE k BETWEEN 8307397 AND 8307497
	Bitmap Heap Scan on sbtest3  (cost=5.53..428.75 rows=107 width=125)
	  Recheck Cond: ((k >= 8307397) AND (k <= 8307497))
	  ->  Bitmap Index Scan on k_3  (cost=0.00..5.50 rows=107 width=0)
	        Index Cond: ((k >= 8307397) AND (k <= 8307497))

table 4 : explain SELECT k, c FROM sbtest4 WHERE k BETWEEN 8307397 AND 8307497
	Bitmap Heap Scan on sbtest4  (cost=5.54..432.69 rows=108 width=125)
	  Recheck Cond: ((k >= 8307397) AND (k <= 8307497))
	  ->  Bitmap Index Scan on k_4  (cost=0.00..5.51 rows=108 width=0)
	        Index Cond: ((k >= 8307397) AND (k <= 8307497))

table 5 : explain SELECT k, c FROM sbtest5 WHERE k BETWEEN 8307397 AND 8307497
	Bitmap Heap Scan on sbtest5  (cost=5.43..389.37 rows=97 width=125)
	  Recheck Cond: ((k >= 8307397) AND (k <= 8307497))
	  ->  Bitmap Index Scan on k_5  (cost=0.00..5.40 rows=97 width=0)
	        Index Cond: ((k >= 8307397) AND (k <= 8307497))

table 6 : explain SELECT k, c FROM sbtest6 WHERE k BETWEEN 8307397 AND 8307497
	Bitmap Heap Scan on sbtest6  (cost=5.44..393.31 rows=98 width=125)
	  Recheck Cond: ((k >= 8307397) AND (k <= 8307497))
	  ->  Bitmap Index Scan on k_6  (cost=0.00..5.42 rows=98 width=0)
	        Index Cond: ((k >= 8307397) AND (k <= 8307497))

table 7 : explain SELECT k, c FROM sbtest7 WHERE k BETWEEN 8307397 AND 8307497
	Bitmap Heap Scan on sbtest7  (cost=5.35..357.84 rows=89 width=125)
	  Recheck Cond: ((k >= 8307397) AND (k <= 8307497))
	  ->  Bitmap Index Scan on k_7  (cost=0.00..5.32 rows=89 width=0)
	        Index Cond: ((k >= 8307397) AND (k <= 8307497))

table 8 : explain SELECT k, c FROM sbtest8 WHERE k BETWEEN 8307397 AND 8307497
	Bitmap Heap Scan on sbtest8  (cost=5.38..369.67 rows=92 width=125)
	  Recheck Cond: ((k >= 8307397) AND (k <= 8307497))
	  ->  Bitmap Index Scan on k_8  (cost=0.00..5.35 rows=92 width=0)
	        Index Cond: ((k >= 8307397) AND (k <= 8307497))

for range-notcovered
table 1 : explain SELECT k, c FROM sbtest1 WHERE k BETWEEN 4528374 AND 4528474
	Bitmap Heap Scan on sbtest1  (cost=5.44..393.31 rows=98 width=125)
	  Recheck Cond: ((k >= 4528374) AND (k <= 4528474))
	  ->  Bitmap Index Scan on k_1  (cost=0.00..5.42 rows=98 width=0)
	        Index Cond: ((k >= 4528374) AND (k <= 4528474))

table 2 : explain SELECT k, c FROM sbtest2 WHERE k BETWEEN 4528374 AND 4528474
	Bitmap Heap Scan on sbtest2  (cost=5.47..405.13 rows=101 width=125)
	  Recheck Cond: ((k >= 4528374) AND (k <= 4528474))
	  ->  Bitmap Index Scan on k_2  (cost=0.00..5.44 rows=101 width=0)
	        Index Cond: ((k >= 4528374) AND (k <= 4528474))

table 3 : explain SELECT k, c FROM sbtest3 WHERE k BETWEEN 4528374 AND 4528474
	Bitmap Heap Scan on sbtest3  (cost=5.42..385.43 rows=96 width=125)
	  Recheck Cond: ((k >= 4528374) AND (k <= 4528474))
	  ->  Bitmap Index Scan on k_3  (cost=0.00..5.39 rows=96 width=0)
	        Index Cond: ((k >= 4528374) AND (k <= 4528474))

table 4 : explain SELECT k, c FROM sbtest4 WHERE k BETWEEN 4528374 AND 4528474
	Bitmap Heap Scan on sbtest4  (cost=5.55..436.62 rows=109 width=125)
	  Recheck Cond: ((k >= 4528374) AND (k <= 4528474))
	  ->  Bitmap Index Scan on k_4  (cost=0.00..5.52 rows=109 width=0)
	        Index Cond: ((k >= 4528374) AND (k <= 4528474))

table 5 : explain SELECT k, c FROM sbtest5 WHERE k BETWEEN 4528374 AND 4528474
	Bitmap Heap Scan on sbtest5  (cost=5.49..413.00 rows=103 width=125)
	  Recheck Cond: ((k >= 4528374) AND (k <= 4528474))
	  ->  Bitmap Index Scan on k_5  (cost=0.00..5.46 rows=103 width=0)
	        Index Cond: ((k >= 4528374) AND (k <= 4528474))

table 6 : explain SELECT k, c FROM sbtest6 WHERE k BETWEEN 4528374 AND 4528474
	Bitmap Heap Scan on sbtest6  (cost=5.52..424.81 rows=106 width=125)
	  Recheck Cond: ((k >= 4528374) AND (k <= 4528474))
	  ->  Bitmap Index Scan on k_6  (cost=0.00..5.50 rows=106 width=0)
	        Index Cond: ((k >= 4528374) AND (k <= 4528474))

table 7 : explain SELECT k, c FROM sbtest7 WHERE k BETWEEN 4528374 AND 4528474
	Bitmap Heap Scan on sbtest7  (cost=5.48..409.07 rows=102 width=125)
	  Recheck Cond: ((k >= 4528374) AND (k <= 4528474))
	  ->  Bitmap Index Scan on k_7  (cost=0.00..5.45 rows=102 width=0)
	        Index Cond: ((k >= 4528374) AND (k <= 4528474))

table 8 : explain SELECT k, c FROM sbtest8 WHERE k BETWEEN 4528374 AND 4528474
	Bitmap Heap Scan on sbtest8  (cost=5.35..357.84 rows=89 width=125)
	  Recheck Cond: ((k >= 4528374) AND (k <= 4528474))
	  ->  Bitmap Index Scan on k_8  (cost=0.00..5.32 rows=89 width=0)
	        Index Cond: ((k >= 4528374) AND (k <= 4528474))

for range-notcovered
table 1 : explain SELECT k, c FROM sbtest1 WHERE k BETWEEN 6235265 AND 6235365
	Bitmap Heap Scan on sbtest1  (cost=5.45..397.25 rows=99 width=125)
	  Recheck Cond: ((k >= 6235265) AND (k <= 6235365))
	  ->  Bitmap Index Scan on k_1  (cost=0.00..5.42 rows=99 width=0)
	        Index Cond: ((k >= 6235265) AND (k <= 6235365))

table 2 : explain SELECT k, c FROM sbtest2 WHERE k BETWEEN 6235265 AND 6235365
	Bitmap Heap Scan on sbtest2  (cost=5.42..385.43 rows=96 width=125)
	  Recheck Cond: ((k >= 6235265) AND (k <= 6235365))
	  ->  Bitmap Index Scan on k_2  (cost=0.00..5.39 rows=96 width=0)
	        Index Cond: ((k >= 6235265) AND (k <= 6235365))

table 3 : explain SELECT k, c FROM sbtest3 WHERE k BETWEEN 6235265 AND 6235365
	Bitmap Heap Scan on sbtest3  (cost=5.48..409.07 rows=102 width=125)
	  Recheck Cond: ((k >= 6235265) AND (k <= 6235365))
	  ->  Bitmap Index Scan on k_3  (cost=0.00..5.45 rows=102 width=0)
	        Index Cond: ((k >= 6235265) AND (k <= 6235365))

table 4 : explain SELECT k, c FROM sbtest4 WHERE k BETWEEN 6235265 AND 6235365
	Bitmap Heap Scan on sbtest4  (cost=5.46..401.19 rows=100 width=125)
	  Recheck Cond: ((k >= 6235265) AND (k <= 6235365))
	  ->  Bitmap Index Scan on k_4  (cost=0.00..5.43 rows=100 width=0)
	        Index Cond: ((k >= 6235265) AND (k <= 6235365))

table 5 : explain SELECT k, c FROM sbtest5 WHERE k BETWEEN 6235265 AND 6235365
	Bitmap Heap Scan on sbtest5  (cost=5.45..397.25 rows=99 width=125)
	  Recheck Cond: ((k >= 6235265) AND (k <= 6235365))
	  ->  Bitmap Index Scan on k_5  (cost=0.00..5.42 rows=99 width=0)
	        Index Cond: ((k >= 6235265) AND (k <= 6235365))

table 6 : explain SELECT k, c FROM sbtest6 WHERE k BETWEEN 6235265 AND 6235365
	Bitmap Heap Scan on sbtest6  (cost=5.53..428.75 rows=107 width=125)
	  Recheck Cond: ((k >= 6235265) AND (k <= 6235365))
	  ->  Bitmap Index Scan on k_6  (cost=0.00..5.50 rows=107 width=0)
	        Index Cond: ((k >= 6235265) AND (k <= 6235365))

table 7 : explain SELECT k, c FROM sbtest7 WHERE k BETWEEN 6235265 AND 6235365
	Bitmap Heap Scan on sbtest7  (cost=5.49..413.00 rows=103 width=125)
	  Recheck Cond: ((k >= 6235265) AND (k <= 6235365))
	  ->  Bitmap Index Scan on k_7  (cost=0.00..5.46 rows=103 width=0)
	        Index Cond: ((k >= 6235265) AND (k <= 6235365))

table 8 : explain SELECT k, c FROM sbtest8 WHERE k BETWEEN 6235265 AND 6235365
	Bitmap Heap Scan on sbtest8  (cost=5.43..389.37 rows=97 width=125)
	  Recheck Cond: ((k >= 6235265) AND (k <= 6235365))
	  ->  Bitmap Index Scan on k_8  (cost=0.00..5.40 rows=97 width=0)
	        Index Cond: ((k >= 6235265) AND (k <= 6235365))

for range-notcovered
table 1 : explain SELECT k, c FROM sbtest1 WHERE k BETWEEN 4263573 AND 4263673
	Bitmap Heap Scan on sbtest1  (cost=5.46..401.19 rows=100 width=125)
	  Recheck Cond: ((k >= 4263573) AND (k <= 4263673))
	  ->  Bitmap Index Scan on k_1  (cost=0.00..5.43 rows=100 width=0)
	        Index Cond: ((k >= 4263573) AND (k <= 4263673))

table 2 : explain SELECT k, c FROM sbtest2 WHERE k BETWEEN 4263573 AND 4263673
	Bitmap Heap Scan on sbtest2  (cost=5.50..416.94 rows=104 width=125)
	  Recheck Cond: ((k >= 4263573) AND (k <= 4263673))
	  ->  Bitmap Index Scan on k_2  (cost=0.00..5.47 rows=104 width=0)
	        Index Cond: ((k >= 4263573) AND (k <= 4263673))

table 3 : explain SELECT k, c FROM sbtest3 WHERE k BETWEEN 4263573 AND 4263673
	Bitmap Heap Scan on sbtest3  (cost=5.42..385.43 rows=96 width=125)
	  Recheck Cond: ((k >= 4263573) AND (k <= 4263673))
	  ->  Bitmap Index Scan on k_3  (cost=0.00..5.39 rows=96 width=0)
	        Index Cond: ((k >= 4263573) AND (k <= 4263673))

table 4 : explain SELECT k, c FROM sbtest4 WHERE k BETWEEN 4263573 AND 4263673
	Bitmap Heap Scan on sbtest4  (cost=5.47..405.13 rows=101 width=125)
	  Recheck Cond: ((k >= 4263573) AND (k <= 4263673))
	  ->  Bitmap Index Scan on k_4  (cost=0.00..5.44 rows=101 width=0)
	        Index Cond: ((k >= 4263573) AND (k <= 4263673))

table 5 : explain SELECT k, c FROM sbtest5 WHERE k BETWEEN 4263573 AND 4263673
	Bitmap Heap Scan on sbtest5  (cost=5.49..413.00 rows=103 width=125)
	  Recheck Cond: ((k >= 4263573) AND (k <= 4263673))
	  ->  Bitmap Index Scan on k_5  (cost=0.00..5.46 rows=103 width=0)
	        Index Cond: ((k >= 4263573) AND (k <= 4263673))

table 6 : explain SELECT k, c FROM sbtest6 WHERE k BETWEEN 4263573 AND 4263673
	Bitmap Heap Scan on sbtest6  (cost=5.53..428.75 rows=107 width=125)
	  Recheck Cond: ((k >= 4263573) AND (k <= 4263673))
	  ->  Bitmap Index Scan on k_6  (cost=0.00..5.50 rows=107 width=0)
	        Index Cond: ((k >= 4263573) AND (k <= 4263673))

table 7 : explain SELECT k, c FROM sbtest7 WHERE k BETWEEN 4263573 AND 4263673
	Bitmap Heap Scan on sbtest7  (cost=5.44..393.31 rows=98 width=125)
	  Recheck Cond: ((k >= 4263573) AND (k <= 4263673))
	  ->  Bitmap Index Scan on k_7  (cost=0.00..5.42 rows=98 width=0)
	        Index Cond: ((k >= 4263573) AND (k <= 4263673))

table 8 : explain SELECT k, c FROM sbtest8 WHERE k BETWEEN 4263573 AND 4263673
	Bitmap Heap Scan on sbtest8  (cost=5.57..444.49 rows=111 width=125)
	  Recheck Cond: ((k >= 4263573) AND (k <= 4263673))
	  ->  Bitmap Index Scan on k_8  (cost=0.00..5.54 rows=111 width=0)
	        Index Cond: ((k >= 4263573) AND (k <= 4263673))

explain: for range-notcovered :: explain SELECT k, c FROM sbtest%d WHERE k BETWEEN 4646032 AND 4646132
explain: for range-notcovered :: explain SELECT k, c FROM sbtest%d WHERE k BETWEEN 8346016 AND 8346116
explain: for range-notcovered :: explain SELECT k, c FROM sbtest%d WHERE k BETWEEN 4528374 AND 4528474
for range-notcovered
table 1 : explain SELECT k, c FROM sbtest1 WHERE k BETWEEN 2209652 AND 2209752
	Bitmap Heap Scan on sbtest1  (cost=5.44..393.31 rows=98 width=125)
	  Recheck Cond: ((k >= 2209652) AND (k <= 2209752))
	  ->  Bitmap Index Scan on k_1  (cost=0.00..5.42 rows=98 width=0)
	        Index Cond: ((k >= 2209652) AND (k <= 2209752))

table 2 : explain SELECT k, c FROM sbtest2 WHERE k BETWEEN 2209652 AND 2209752
	Bitmap Heap Scan on sbtest2  (cost=5.44..393.31 rows=98 width=125)
	  Recheck Cond: ((k >= 2209652) AND (k <= 2209752))
	  ->  Bitmap Index Scan on k_2  (cost=0.00..5.42 rows=98 width=0)
	        Index Cond: ((k >= 2209652) AND (k <= 2209752))

table 3 : explain SELECT k, c FROM sbtest3 WHERE k BETWEEN 2209652 AND 2209752
	Bitmap Heap Scan on sbtest3  (cost=5.57..444.49 rows=111 width=125)
	  Recheck Cond: ((k >= 2209652) AND (k <= 2209752))
	  ->  Bitmap Index Scan on k_3  (cost=0.00..5.54 rows=111 width=0)
	        Index Cond: ((k >= 2209652) AND (k <= 2209752))

table 4 : explain SELECT k, c FROM sbtest4 WHERE k BETWEEN 2209652 AND 2209752
	Bitmap Heap Scan on sbtest4  (cost=5.41..381.49 rows=95 width=125)
	  Recheck Cond: ((k >= 2209652) AND (k <= 2209752))
	  ->  Bitmap Index Scan on k_4  (cost=0.00..5.38 rows=95 width=0)
	        Index Cond: ((k >= 2209652) AND (k <= 2209752))

table 5 : explain SELECT k, c FROM sbtest5 WHERE k BETWEEN 2209652 AND 2209752
	Bitmap Heap Scan on sbtest5  (cost=5.43..389.37 rows=97 width=125)
	  Recheck Cond: ((k >= 2209652) AND (k <= 2209752))
	  ->  Bitmap Index Scan on k_5  (cost=0.00..5.40 rows=97 width=0)
	        Index Cond: ((k >= 2209652) AND (k <= 2209752))

table 6 : explain SELECT k, c FROM sbtest6 WHERE k BETWEEN 2209652 AND 2209752
	Bitmap Heap Scan on sbtest6  (cost=5.51..420.88 rows=105 width=125)
	  Recheck Cond: ((k >= 2209652) AND (k <= 2209752))
	  ->  Bitmap Index Scan on k_6  (cost=0.00..5.48 rows=105 width=0)
	        Index Cond: ((k >= 2209652) AND (k <= 2209752))

table 7 : explain SELECT k, c FROM sbtest7 WHERE k BETWEEN 2209652 AND 2209752
	Bitmap Heap Scan on sbtest7  (cost=5.49..413.00 rows=103 width=125)
	  Recheck Cond: ((k >= 2209652) AND (k <= 2209752))
	  ->  Bitmap Index Scan on k_7  (cost=0.00..5.46 rows=103 width=0)
	        Index Cond: ((k >= 2209652) AND (k <= 2209752))

table 8 : explain SELECT k, c FROM sbtest8 WHERE k BETWEEN 2209652 AND 2209752
	Bitmap Heap Scan on sbtest8  (cost=5.52..424.81 rows=106 width=125)
	  Recheck Cond: ((k >= 2209652) AND (k <= 2209752))
	  ->  Bitmap Index Scan on k_8  (cost=0.00..5.50 rows=106 width=0)
	        Index Cond: ((k >= 2209652) AND (k <= 2209752))

for range-notcovered
table 1 : explain SELECT k, c FROM sbtest1 WHERE k BETWEEN 3200628 AND 3200728
	Bitmap Heap Scan on sbtest1  (cost=5.42..385.43 rows=96 width=125)
	  Recheck Cond: ((k >= 3200628) AND (k <= 3200728))
	  ->  Bitmap Index Scan on k_1  (cost=0.00..5.39 rows=96 width=0)
	        Index Cond: ((k >= 3200628) AND (k <= 3200728))

table 2 : explain SELECT k, c FROM sbtest2 WHERE k BETWEEN 3200628 AND 3200728
	Bitmap Heap Scan on sbtest2  (cost=5.38..369.67 rows=92 width=125)
	  Recheck Cond: ((k >= 3200628) AND (k <= 3200728))
	  ->  Bitmap Index Scan on k_2  (cost=0.00..5.35 rows=92 width=0)
	        Index Cond: ((k >= 3200628) AND (k <= 3200728))

table 3 : explain SELECT k, c FROM sbtest3 WHERE k BETWEEN 3200628 AND 3200728
	Bitmap Heap Scan on sbtest3  (cost=5.44..393.31 rows=98 width=125)
	  Recheck Cond: ((k >= 3200628) AND (k <= 3200728))
	  ->  Bitmap Index Scan on k_3  (cost=0.00..5.42 rows=98 width=0)
	        Index Cond: ((k >= 3200628) AND (k <= 3200728))

table 4 : explain SELECT k, c FROM sbtest4 WHERE k BETWEEN 3200628 AND 3200728
	Bitmap Heap Scan on sbtest4  (cost=5.54..432.69 rows=108 width=125)
	  Recheck Cond: ((k >= 3200628) AND (k <= 3200728))
	  ->  Bitmap Index Scan on k_4  (cost=0.00..5.51 rows=108 width=0)
	        Index Cond: ((k >= 3200628) AND (k <= 3200728))

table 5 : explain SELECT k, c FROM sbtest5 WHERE k BETWEEN 3200628 AND 3200728
	Bitmap Heap Scan on sbtest5  (cost=5.49..413.00 rows=103 width=125)
	  Recheck Cond: ((k >= 3200628) AND (k <= 3200728))
	  ->  Bitmap Index Scan on k_5  (cost=0.00..5.46 rows=103 width=0)
	        Index Cond: ((k >= 3200628) AND (k <= 3200728))

table 6 : explain SELECT k, c FROM sbtest6 WHERE k BETWEEN 3200628 AND 3200728
	Bitmap Heap Scan on sbtest6  (cost=5.38..369.67 rows=92 width=125)
	  Recheck Cond: ((k >= 3200628) AND (k <= 3200728))
	  ->  Bitmap Index Scan on k_6  (cost=0.00..5.35 rows=92 width=0)
	        Index Cond: ((k >= 3200628) AND (k <= 3200728))

table 7 : explain SELECT k, c FROM sbtest7 WHERE k BETWEEN 3200628 AND 3200728
	Bitmap Heap Scan on sbtest7  (cost=5.51..420.88 rows=105 width=125)
	  Recheck Cond: ((k >= 3200628) AND (k <= 3200728))
	  ->  Bitmap Index Scan on k_7  (cost=0.00..5.48 rows=105 width=0)
	        Index Cond: ((k >= 3200628) AND (k <= 3200728))

table 8 : explain SELECT k, c FROM sbtest8 WHERE k BETWEEN 3200628 AND 3200728
	Bitmap Heap Scan on sbtest8  (cost=5.65..475.95 rows=119 width=125)
	  Recheck Cond: ((k >= 3200628) AND (k <= 3200728))
	  ->  Bitmap Index Scan on k_8  (cost=0.00..5.62 rows=119 width=0)
	        Index Cond: ((k >= 3200628) AND (k <= 3200728))

for range-notcovered
table 1 : explain SELECT k, c FROM sbtest1 WHERE k BETWEEN 5058812 AND 5058912
	Bitmap Heap Scan on sbtest1  (cost=5.57..444.49 rows=111 width=125)
	  Recheck Cond: ((k >= 5058812) AND (k <= 5058912))
	  ->  Bitmap Index Scan on k_1  (cost=0.00..5.54 rows=111 width=0)
	        Index Cond: ((k >= 5058812) AND (k <= 5058912))

table 2 : explain SELECT k, c FROM sbtest2 WHERE k BETWEEN 5058812 AND 5058912
	Bitmap Heap Scan on sbtest2  (cost=5.48..409.07 rows=102 width=125)
	  Recheck Cond: ((k >= 5058812) AND (k <= 5058912))
	  ->  Bitmap Index Scan on k_2  (cost=0.00..5.45 rows=102 width=0)
	        Index Cond: ((k >= 5058812) AND (k <= 5058912))

table 3 : explain SELECT k, c FROM sbtest3 WHERE k BETWEEN 5058812 AND 5058912
	Bitmap Heap Scan on sbtest3  (cost=5.49..413.00 rows=103 width=125)
	  Recheck Cond: ((k >= 5058812) AND (k <= 5058912))
	  ->  Bitmap Index Scan on k_3  (cost=0.00..5.46 rows=103 width=0)
	        Index Cond: ((k >= 5058812) AND (k <= 5058912))

table 4 : explain SELECT k, c FROM sbtest4 WHERE k BETWEEN 5058812 AND 5058912
	Bitmap Heap Scan on sbtest4  (cost=5.50..416.94 rows=104 width=125)
	  Recheck Cond: ((k >= 5058812) AND (k <= 5058912))
	  ->  Bitmap Index Scan on k_4  (cost=0.00..5.47 rows=104 width=0)
	        Index Cond: ((k >= 5058812) AND (k <= 5058912))

table 5 : explain SELECT k, c FROM sbtest5 WHERE k BETWEEN 5058812 AND 5058912
	Bitmap Heap Scan on sbtest5  (cost=5.48..409.07 rows=102 width=125)
	  Recheck Cond: ((k >= 5058812) AND (k <= 5058912))
	  ->  Bitmap Index Scan on k_5  (cost=0.00..5.45 rows=102 width=0)
	        Index Cond: ((k >= 5058812) AND (k <= 5058912))

table 6 : explain SELECT k, c FROM sbtest6 WHERE k BETWEEN 5058812 AND 5058912
	Bitmap Heap Scan on sbtest6  (cost=5.40..377.55 rows=94 width=125)
	  Recheck Cond: ((k >= 5058812) AND (k <= 5058912))
	  ->  Bitmap Index Scan on k_6  (cost=0.00..5.38 rows=94 width=0)
	        Index Cond: ((k >= 5058812) AND (k <= 5058912))

table 7 : explain SELECT k, c FROM sbtest7 WHERE k BETWEEN 5058812 AND 5058912
	Bitmap Heap Scan on sbtest7  (cost=5.53..428.75 rows=107 width=125)
	  Recheck Cond: ((k >= 5058812) AND (k <= 5058912))
	  ->  Bitmap Index Scan on k_7  (cost=0.00..5.50 rows=107 width=0)
	        Index Cond: ((k >= 5058812) AND (k <= 5058912))

table 8 : explain SELECT k, c FROM sbtest8 WHERE k BETWEEN 5058812 AND 5058912
	Bitmap Heap Scan on sbtest8  (cost=5.52..424.81 rows=106 width=125)
	  Recheck Cond: ((k >= 5058812) AND (k <= 5058912))
	  ->  Bitmap Index Scan on k_8  (cost=0.00..5.50 rows=106 width=0)
	        Index Cond: ((k >= 5058812) AND (k <= 5058912))

explain: for range-notcovered :: explain SELECT k, c FROM sbtest%d WHERE k BETWEEN 2209652 AND 2209752
for range-notcovered
table 1 : explain SELECT k, c FROM sbtest1 WHERE k BETWEEN 6051077 AND 6051177
	Bitmap Heap Scan on sbtest1  (cost=5.30..338.11 rows=84 width=125)
	  Recheck Cond: ((k >= 6051077) AND (k <= 6051177))
	  ->  Bitmap Index Scan on k_1  (cost=0.00..5.27 rows=84 width=0)
	        Index Cond: ((k >= 6051077) AND (k <= 6051177))

table 2 : explain SELECT k, c FROM sbtest2 WHERE k BETWEEN 6051077 AND 6051177
	Bitmap Heap Scan on sbtest2  (cost=5.58..448.42 rows=112 width=125)
	  Recheck Cond: ((k >= 6051077) AND (k <= 6051177))
	  ->  Bitmap Index Scan on k_2  (cost=0.00..5.55 rows=112 width=0)
	        Index Cond: ((k >= 6051077) AND (k <= 6051177))

table 3 : explain SELECT k, c FROM sbtest3 WHERE k BETWEEN 6051077 AND 6051177
	Bitmap Heap Scan on sbtest3  (cost=5.48..409.07 rows=102 width=125)
	  Recheck Cond: ((k >= 6051077) AND (k <= 6051177))
	  ->  Bitmap Index Scan on k_3  (cost=0.00..5.45 rows=102 width=0)
	        Index Cond: ((k >= 6051077) AND (k <= 6051177))

table 4 : explain SELECT k, c FROM sbtest4 WHERE k BETWEEN 6051077 AND 6051177
	Bitmap Heap Scan on sbtest4  (cost=5.46..401.19 rows=100 width=125)
	  Recheck Cond: ((k >= 6051077) AND (k <= 6051177))
	  ->  Bitmap Index Scan on k_4  (cost=0.00..5.43 rows=100 width=0)
	        Index Cond: ((k >= 6051077) AND (k <= 6051177))

table 5 : explain SELECT k, c FROM sbtest5 WHERE k BETWEEN 6051077 AND 6051177
	Bitmap Heap Scan on sbtest5  (cost=5.58..448.42 rows=112 width=125)
	  Recheck Cond: ((k >= 6051077) AND (k <= 6051177))
	  ->  Bitmap Index Scan on k_5  (cost=0.00..5.55 rows=112 width=0)
	        Index Cond: ((k >= 6051077) AND (k <= 6051177))

table 6 : explain SELECT k, c FROM sbtest6 WHERE k BETWEEN 6051077 AND 6051177
	Bitmap Heap Scan on sbtest6  (cost=5.56..440.56 rows=110 width=125)
	  Recheck Cond: ((k >= 6051077) AND (k <= 6051177))
	  ->  Bitmap Index Scan on k_6  (cost=0.00..5.53 rows=110 width=0)
	        Index Cond: ((k >= 6051077) AND (k <= 6051177))

table 7 : explain SELECT k, c FROM sbtest7 WHERE k BETWEEN 6051077 AND 6051177
	Bitmap Heap Scan on sbtest7  (cost=5.50..416.94 rows=104 width=125)
	  Recheck Cond: ((k >= 6051077) AND (k <= 6051177))
	  ->  Bitmap Index Scan on k_7  (cost=0.00..5.47 rows=104 width=0)
	        Index Cond: ((k >= 6051077) AND (k <= 6051177))

table 8 : explain SELECT k, c FROM sbtest8 WHERE k BETWEEN 6051077 AND 6051177
	Bitmap Heap Scan on sbtest8  (cost=5.45..397.25 rows=99 width=125)
	  Recheck Cond: ((k >= 6051077) AND (k <= 6051177))
	  ->  Bitmap Index Scan on k_8  (cost=0.00..5.42 rows=99 width=0)
	        Index Cond: ((k >= 6051077) AND (k <= 6051177))

explain: for range-notcovered :: explain SELECT k, c FROM sbtest%d WHERE k BETWEEN 5058812 AND 5058912
for range-notcovered
table 1 : explain SELECT k, c FROM sbtest1 WHERE k BETWEEN 6412892 AND 6412992
	Bitmap Heap Scan on sbtest1  (cost=5.47..405.13 rows=101 width=125)
	  Recheck Cond: ((k >= 6412892) AND (k <= 6412992))
	  ->  Bitmap Index Scan on k_1  (cost=0.00..5.44 rows=101 width=0)
	        Index Cond: ((k >= 6412892) AND (k <= 6412992))

table 2 : explain SELECT k, c FROM sbtest2 WHERE k BETWEEN 6412892 AND 6412992
	Bitmap Heap Scan on sbtest2  (cost=5.41..381.49 rows=95 width=125)
	  Recheck Cond: ((k >= 6412892) AND (k <= 6412992))
	  ->  Bitmap Index Scan on k_2  (cost=0.00..5.38 rows=95 width=0)
	        Index Cond: ((k >= 6412892) AND (k <= 6412992))

table 3 : explain SELECT k, c FROM sbtest3 WHERE k BETWEEN 6412892 AND 6412992
	Bitmap Heap Scan on sbtest3  (cost=5.43..389.37 rows=97 width=125)
	  Recheck Cond: ((k >= 6412892) AND (k <= 6412992))
	  ->  Bitmap Index Scan on k_3  (cost=0.00..5.40 rows=97 width=0)
	        Index Cond: ((k >= 6412892) AND (k <= 6412992))

table 4 : explain SELECT k, c FROM sbtest4 WHERE k BETWEEN 6412892 AND 6412992
	Bitmap Heap Scan on sbtest4  (cost=5.46..401.19 rows=100 width=125)
	  Recheck Cond: ((k >= 6412892) AND (k <= 6412992))
	  ->  Bitmap Index Scan on k_4  (cost=0.00..5.43 rows=100 width=0)
	        Index Cond: ((k >= 6412892) AND (k <= 6412992))

table 5 : explain SELECT k, c FROM sbtest5 WHERE k BETWEEN 6412892 AND 6412992
	Bitmap Heap Scan on sbtest5  (cost=5.48..409.07 rows=102 width=125)
	  Recheck Cond: ((k >= 6412892) AND (k <= 6412992))
	  ->  Bitmap Index Scan on k_5  (cost=0.00..5.45 rows=102 width=0)
	        Index Cond: ((k >= 6412892) AND (k <= 6412992))

table 6 : explain SELECT k, c FROM sbtest6 WHERE k BETWEEN 6412892 AND 6412992
	Bitmap Heap Scan on sbtest6  (cost=5.52..424.81 rows=106 width=125)
	  Recheck Cond: ((k >= 6412892) AND (k <= 6412992))
	  ->  Bitmap Index Scan on k_6  (cost=0.00..5.50 rows=106 width=0)
	        Index Cond: ((k >= 6412892) AND (k <= 6412992))

table 7 : explain SELECT k, c FROM sbtest7 WHERE k BETWEEN 6412892 AND 6412992
	Bitmap Heap Scan on sbtest7  (cost=5.50..416.94 rows=104 width=125)
	  Recheck Cond: ((k >= 6412892) AND (k <= 6412992))
	  ->  Bitmap Index Scan on k_7  (cost=0.00..5.47 rows=104 width=0)
	        Index Cond: ((k >= 6412892) AND (k <= 6412992))

table 8 : explain SELECT k, c FROM sbtest8 WHERE k BETWEEN 6412892 AND 6412992
	Bitmap Heap Scan on sbtest8  (cost=5.44..393.31 rows=98 width=125)
	  Recheck Cond: ((k >= 6412892) AND (k <= 6412992))
	  ->  Bitmap Index Scan on k_8  (cost=0.00..5.42 rows=98 width=0)
	        Index Cond: ((k >= 6412892) AND (k <= 6412992))
explain: for range-notcovered :: explain SELECT k, c FROM sbtest%d WHERE k BETWEEN 6051077 AND 6051177
explain: for range-notcovered :: explain SELECT k, c FROM sbtest%d WHERE k BETWEEN 4263573 AND 4263673

explain: for range-notcovered :: explain SELECT k, c FROM sbtest%d WHERE k BETWEEN 6412892 AND 6412992
for range-notcovered
table 1 : explain SELECT k, c FROM sbtest1 WHERE k BETWEEN 3361269 AND 3361369
	Bitmap Heap Scan on sbtest1  (cost=5.49..413.00 rows=103 width=125)
	  Recheck Cond: ((k >= 3361269) AND (k <= 3361369))
	  ->  Bitmap Index Scan on k_1  (cost=0.00..5.46 rows=103 width=0)
	        Index Cond: ((k >= 3361269) AND (k <= 3361369))

table 2 : explain SELECT k, c FROM sbtest2 WHERE k BETWEEN 3361269 AND 3361369
	Bitmap Heap Scan on sbtest2  (cost=5.56..440.56 rows=110 width=125)
	  Recheck Cond: ((k >= 3361269) AND (k <= 3361369))
	  ->  Bitmap Index Scan on k_2  (cost=0.00..5.53 rows=110 width=0)
	        Index Cond: ((k >= 3361269) AND (k <= 3361369))

table 3 : explain SELECT k, c FROM sbtest3 WHERE k BETWEEN 3361269 AND 3361369
	Bitmap Heap Scan on sbtest3  (cost=5.43..389.37 rows=97 width=125)
	  Recheck Cond: ((k >= 3361269) AND (k <= 3361369))
	  ->  Bitmap Index Scan on k_3  (cost=0.00..5.40 rows=97 width=0)
	        Index Cond: ((k >= 3361269) AND (k <= 3361369))

table 4 : explain SELECT k, c FROM sbtest4 WHERE k BETWEEN 3361269 AND 3361369
	Bitmap Heap Scan on sbtest4  (cost=5.45..397.25 rows=99 width=125)
	  Recheck Cond: ((k >= 3361269) AND (k <= 3361369))
	  ->  Bitmap Index Scan on k_4  (cost=0.00..5.42 rows=99 width=0)
	        Index Cond: ((k >= 3361269) AND (k <= 3361369))

table 5 : explain SELECT k, c FROM sbtest5 WHERE k BETWEEN 3361269 AND 3361369
	Bitmap Heap Scan on sbtest5  (cost=5.46..401.19 rows=100 width=125)
	  Recheck Cond: ((k >= 3361269) AND (k <= 3361369))
	  ->  Bitmap Index Scan on k_5  (cost=0.00..5.43 rows=100 width=0)
	        Index Cond: ((k >= 3361269) AND (k <= 3361369))

table 6 : explain SELECT k, c FROM sbtest6 WHERE k BETWEEN 3361269 AND 3361369
	Bitmap Heap Scan on sbtest6  (cost=5.50..416.94 rows=104 width=125)
	  Recheck Cond: ((k >= 3361269) AND (k <= 3361369))
	  ->  Bitmap Index Scan on k_6  (cost=0.00..5.47 rows=104 width=0)
	        Index Cond: ((k >= 3361269) AND (k <= 3361369))

table 7 : explain SELECT k, c FROM sbtest7 WHERE k BETWEEN 3361269 AND 3361369
	Bitmap Heap Scan on sbtest7  (cost=5.51..420.88 rows=105 width=125)
	  Recheck Cond: ((k >= 3361269) AND (k <= 3361369))
	  ->  Bitmap Index Scan on k_7  (cost=0.00..5.48 rows=105 width=0)
	        Index Cond: ((k >= 3361269) AND (k <= 3361369))

table 8 : explain SELECT k, c FROM sbtest8 WHERE k BETWEEN 3361269 AND 3361369
	Bitmap Heap Scan on sbtest8  (cost=5.53..428.75 rows=107 width=125)
	  Recheck Cond: ((k >= 3361269) AND (k <= 3361369))
	  ->  Bitmap Index Scan on k_8  (cost=0.00..5.50 rows=107 width=0)
	        Index Cond: ((k >= 3361269) AND (k <= 3361369))

explain: for range-notcovered :: explain SELECT k, c FROM sbtest%d WHERE k BETWEEN 3361269 AND 3361369
for range-notcovered
table 1 : explain SELECT k, c FROM sbtest1 WHERE k BETWEEN 2209652 AND 2209752
	Bitmap Heap Scan on sbtest1  (cost=5.44..393.31 rows=98 width=125)
	  Recheck Cond: ((k >= 2209652) AND (k <= 2209752))
	  ->  Bitmap Index Scan on k_1  (cost=0.00..5.42 rows=98 width=0)
	        Index Cond: ((k >= 2209652) AND (k <= 2209752))

table 2 : explain SELECT k, c FROM sbtest2 WHERE k BETWEEN 2209652 AND 2209752
	Bitmap Heap Scan on sbtest2  (cost=5.44..393.31 rows=98 width=125)
	  Recheck Cond: ((k >= 2209652) AND (k <= 2209752))
	  ->  Bitmap Index Scan on k_2  (cost=0.00..5.42 rows=98 width=0)
	        Index Cond: ((k >= 2209652) AND (k <= 2209752))

table 3 : explain SELECT k, c FROM sbtest3 WHERE k BETWEEN 2209652 AND 2209752
	Bitmap Heap Scan on sbtest3  (cost=5.57..444.49 rows=111 width=125)
	  Recheck Cond: ((k >= 2209652) AND (k <= 2209752))
	  ->  Bitmap Index Scan on k_3  (cost=0.00..5.54 rows=111 width=0)
	        Index Cond: ((k >= 2209652) AND (k <= 2209752))

table 4 : explain SELECT k, c FROM sbtest4 WHERE k BETWEEN 2209652 AND 2209752
	Bitmap Heap Scan on sbtest4  (cost=5.41..381.49 rows=95 width=125)
	  Recheck Cond: ((k >= 2209652) AND (k <= 2209752))
	  ->  Bitmap Index Scan on k_4  (cost=0.00..5.38 rows=95 width=0)
	        Index Cond: ((k >= 2209652) AND (k <= 2209752))

table 5 : explain SELECT k, c FROM sbtest5 WHERE k BETWEEN 2209652 AND 2209752
	Bitmap Heap Scan on sbtest5  (cost=5.43..389.37 rows=97 width=125)
	  Recheck Cond: ((k >= 2209652) AND (k <= 2209752))
	  ->  Bitmap Index Scan on k_5  (cost=0.00..5.40 rows=97 width=0)
	        Index Cond: ((k >= 2209652) AND (k <= 2209752))

table 6 : explain SELECT k, c FROM sbtest6 WHERE k BETWEEN 2209652 AND 2209752
	Bitmap Heap Scan on sbtest6  (cost=5.51..420.88 rows=105 width=125)
	  Recheck Cond: ((k >= 2209652) AND (k <= 2209752))
	  ->  Bitmap Index Scan on k_6  (cost=0.00..5.48 rows=105 width=0)
	        Index Cond: ((k >= 2209652) AND (k <= 2209752))

table 7 : explain SELECT k, c FROM sbtest7 WHERE k BETWEEN 2209652 AND 2209752
	Bitmap Heap Scan on sbtest7  (cost=5.49..413.00 rows=103 width=125)
	  Recheck Cond: ((k >= 2209652) AND (k <= 2209752))
	  ->  Bitmap Index Scan on k_7  (cost=0.00..5.46 rows=103 width=0)
	        Index Cond: ((k >= 2209652) AND (k <= 2209752))

table 8 : explain SELECT k, c FROM sbtest8 WHERE k BETWEEN 2209652 AND 2209752
	Bitmap Heap Scan on sbtest8  (cost=5.52..424.81 rows=106 width=125)
	  Recheck Cond: ((k >= 2209652) AND (k <= 2209752))
	  ->  Bitmap Index Scan on k_8  (cost=0.00..5.50 rows=106 width=0)
	        Index Cond: ((k >= 2209652) AND (k <= 2209752))

for range-notcovered
table 1 : explain SELECT k, c FROM sbtest1 WHERE k BETWEEN 7056351 AND 7056451
	Bitmap Heap Scan on sbtest1  (cost=5.49..413.00 rows=103 width=125)
	  Recheck Cond: ((k >= 7056351) AND (k <= 7056451))
	  ->  Bitmap Index Scan on k_1  (cost=0.00..5.46 rows=103 width=0)
	        Index Cond: ((k >= 7056351) AND (k <= 7056451))

table 2 : explain SELECT k, c FROM sbtest2 WHERE k BETWEEN 7056351 AND 7056451
	Bitmap Heap Scan on sbtest2  (cost=5.48..409.07 rows=102 width=125)
	  Recheck Cond: ((k >= 7056351) AND (k <= 7056451))
	  ->  Bitmap Index Scan on k_2  (cost=0.00..5.45 rows=102 width=0)
	        Index Cond: ((k >= 7056351) AND (k <= 7056451))

table 3 : explain SELECT k, c FROM sbtest3 WHERE k BETWEEN 7056351 AND 7056451
	Bitmap Heap Scan on sbtest3  (cost=5.58..448.42 rows=112 width=125)
	  Recheck Cond: ((k >= 7056351) AND (k <= 7056451))
	  ->  Bitmap Index Scan on k_3  (cost=0.00..5.55 rows=112 width=0)
	        Index Cond: ((k >= 7056351) AND (k <= 7056451))

table 4 : explain SELECT k, c FROM sbtest4 WHERE k BETWEEN 7056351 AND 7056451
	Bitmap Heap Scan on sbtest4  (cost=5.47..405.13 rows=101 width=125)
	  Recheck Cond: ((k >= 7056351) AND (k <= 7056451))
	  ->  Bitmap Index Scan on k_4  (cost=0.00..5.44 rows=101 width=0)
	        Index Cond: ((k >= 7056351) AND (k <= 7056451))

table 5 : explain SELECT k, c FROM sbtest5 WHERE k BETWEEN 7056351 AND 7056451
	Bitmap Heap Scan on sbtest5  (cost=5.43..389.37 rows=97 width=125)
	  Recheck Cond: ((k >= 7056351) AND (k <= 7056451))
	  ->  Bitmap Index Scan on k_5  (cost=0.00..5.40 rows=97 width=0)
	        Index Cond: ((k >= 7056351) AND (k <= 7056451))

table 6 : explain SELECT k, c FROM sbtest6 WHERE k BETWEEN 7056351 AND 7056451
	Bitmap Heap Scan on sbtest6  (cost=5.48..409.07 rows=102 width=125)
	  Recheck Cond: ((k >= 7056351) AND (k <= 7056451))
	  ->  Bitmap Index Scan on k_6  (cost=0.00..5.45 rows=102 width=0)
	        Index Cond: ((k >= 7056351) AND (k <= 7056451))

table 7 : explain SELECT k, c FROM sbtest7 WHERE k BETWEEN 7056351 AND 7056451
	Bitmap Heap Scan on sbtest7  (cost=5.54..432.69 rows=108 width=125)
	  Recheck Cond: ((k >= 7056351) AND (k <= 7056451))
	  ->  Bitmap Index Scan on k_7  (cost=0.00..5.51 rows=108 width=0)
	        Index Cond: ((k >= 7056351) AND (k <= 7056451))

table 8 : explain SELECT k, c FROM sbtest8 WHERE k BETWEEN 7056351 AND 7056451
	Bitmap Heap Scan on sbtest8  (cost=5.45..397.25 rows=99 width=125)
	  Recheck Cond: ((k >= 7056351) AND (k <= 7056451))
	  ->  Bitmap Index Scan on k_8  (cost=0.00..5.42 rows=99 width=0)
	        Index Cond: ((k >= 7056351) AND (k <= 7056451))

explain: for range-notcovered :: explain SELECT k, c FROM sbtest%d WHERE k BETWEEN 2209652 AND 2209752
for range-notcovered
table 1 : explain SELECT k, c FROM sbtest1 WHERE k BETWEEN 7244199 AND 7244299
	Bitmap Heap Scan on sbtest1  (cost=5.48..409.07 rows=102 width=125)
	  Recheck Cond: ((k >= 7244199) AND (k <= 7244299))
	  ->  Bitmap Index Scan on k_1  (cost=0.00..5.45 rows=102 width=0)
	        Index Cond: ((k >= 7244199) AND (k <= 7244299))

table 2 : explain SELECT k, c FROM sbtest2 WHERE k BETWEEN 7244199 AND 7244299
	Bitmap Heap Scan on sbtest2  (cost=5.49..413.00 rows=103 width=125)
	  Recheck Cond: ((k >= 7244199) AND (k <= 7244299))
	  ->  Bitmap Index Scan on k_2  (cost=0.00..5.46 rows=103 width=0)
	        Index Cond: ((k >= 7244199) AND (k <= 7244299))

table 3 : explain SELECT k, c FROM sbtest3 WHERE k BETWEEN 7244199 AND 7244299
	Bitmap Heap Scan on sbtest3  (cost=5.46..401.19 rows=100 width=125)
	  Recheck Cond: ((k >= 7244199) AND (k <= 7244299))
	  ->  Bitmap Index Scan on k_3  (cost=0.00..5.43 rows=100 width=0)
	        Index Cond: ((k >= 7244199) AND (k <= 7244299))

table 4 : explain SELECT k, c FROM sbtest4 WHERE k BETWEEN 7244199 AND 7244299
	Bitmap Heap Scan on sbtest4  (cost=5.41..381.49 rows=95 width=125)
	  Recheck Cond: ((k >= 7244199) AND (k <= 7244299))
	  ->  Bitmap Index Scan on k_4  (cost=0.00..5.38 rows=95 width=0)
	        Index Cond: ((k >= 7244199) AND (k <= 7244299))

table 5 : explain SELECT k, c FROM sbtest5 WHERE k BETWEEN 7244199 AND 7244299
	Bitmap Heap Scan on sbtest5  (cost=5.47..405.13 rows=101 width=125)
	  Recheck Cond: ((k >= 7244199) AND (k <= 7244299))
	  ->  Bitmap Index Scan on k_5  (cost=0.00..5.44 rows=101 width=0)
	        Index Cond: ((k >= 7244199) AND (k <= 7244299))

table 6 : explain SELECT k, c FROM sbtest6 WHERE k BETWEEN 7244199 AND 7244299
	Bitmap Heap Scan on sbtest6  (cost=5.39..373.61 rows=93 width=125)
	  Recheck Cond: ((k >= 7244199) AND (k <= 7244299))
	  ->  Bitmap Index Scan on k_6  (cost=0.00..5.36 rows=93 width=0)
	        Index Cond: ((k >= 7244199) AND (k <= 7244299))

table 7 : explain SELECT k, c FROM sbtest7 WHERE k BETWEEN 7244199 AND 7244299
	Bitmap Heap Scan on sbtest7  (cost=5.43..389.37 rows=97 width=125)
	  Recheck Cond: ((k >= 7244199) AND (k <= 7244299))
	  ->  Bitmap Index Scan on k_7  (cost=0.00..5.40 rows=97 width=0)
	        Index Cond: ((k >= 7244199) AND (k <= 7244299))

table 8 : explain SELECT k, c FROM sbtest8 WHERE k BETWEEN 7244199 AND 7244299
	Bitmap Heap Scan on sbtest8  (cost=5.47..405.13 rows=101 width=125)
	  Recheck Cond: ((k >= 7244199) AND (k <= 7244299))
	  ->  Bitmap Index Scan on k_8  (cost=0.00..5.44 rows=101 width=0)
	        Index Cond: ((k >= 7244199) AND (k <= 7244299))

for range-notcovered
table 1 : explain SELECT k, c FROM sbtest1 WHERE k BETWEEN 5058812 AND 5058912
	Bitmap Heap Scan on sbtest1  (cost=5.57..444.49 rows=111 width=125)
	  Recheck Cond: ((k >= 5058812) AND (k <= 5058912))
	  ->  Bitmap Index Scan on k_1  (cost=0.00..5.54 rows=111 width=0)
	        Index Cond: ((k >= 5058812) AND (k <= 5058912))

table 2 : explain SELECT k, c FROM sbtest2 WHERE k BETWEEN 5058812 AND 5058912
	Bitmap Heap Scan on sbtest2  (cost=5.48..409.07 rows=102 width=125)
	  Recheck Cond: ((k >= 5058812) AND (k <= 5058912))
	  ->  Bitmap Index Scan on k_2  (cost=0.00..5.45 rows=102 width=0)
	        Index Cond: ((k >= 5058812) AND (k <= 5058912))

table 3 : explain SELECT k, c FROM sbtest3 WHERE k BETWEEN 5058812 AND 5058912
	Bitmap Heap Scan on sbtest3  (cost=5.49..413.00 rows=103 width=125)
	  Recheck Cond: ((k >= 5058812) AND (k <= 5058912))
	  ->  Bitmap Index Scan on k_3  (cost=0.00..5.46 rows=103 width=0)
	        Index Cond: ((k >= 5058812) AND (k <= 5058912))

table 4 : explain SELECT k, c FROM sbtest4 WHERE k BETWEEN 5058812 AND 5058912
	Bitmap Heap Scan on sbtest4  (cost=5.50..416.94 rows=104 width=125)
	  Recheck Cond: ((k >= 5058812) AND (k <= 5058912))
	  ->  Bitmap Index Scan on k_4  (cost=0.00..5.47 rows=104 width=0)
	        Index Cond: ((k >= 5058812) AND (k <= 5058912))

table 5 : explain SELECT k, c FROM sbtest5 WHERE k BETWEEN 5058812 AND 5058912
	Bitmap Heap Scan on sbtest5  (cost=5.48..409.07 rows=102 width=125)
	  Recheck Cond: ((k >= 5058812) AND (k <= 5058912))
	  ->  Bitmap Index Scan on k_5  (cost=0.00..5.45 rows=102 width=0)
	        Index Cond: ((k >= 5058812) AND (k <= 5058912))

table 6 : explain SELECT k, c FROM sbtest6 WHERE k BETWEEN 5058812 AND 5058912
	Bitmap Heap Scan on sbtest6  (cost=5.40..377.55 rows=94 width=125)
	  Recheck Cond: ((k >= 5058812) AND (k <= 5058912))
	  ->  Bitmap Index Scan on k_6  (cost=0.00..5.38 rows=94 width=0)
	        Index Cond: ((k >= 5058812) AND (k <= 5058912))

table 7 : explain SELECT k, c FROM sbtest7 WHERE k BETWEEN 5058812 AND 5058912
	Bitmap Heap Scan on sbtest7  (cost=5.53..428.75 rows=107 width=125)
	  Recheck Cond: ((k >= 5058812) AND (k <= 5058912))
	  ->  Bitmap Index Scan on k_7  (cost=0.00..5.50 rows=107 width=0)
	        Index Cond: ((k >= 5058812) AND (k <= 5058912))

table 8 : explain SELECT k, c FROM sbtest8 WHERE k BETWEEN 5058812 AND 5058912
	Bitmap Heap Scan on sbtest8  (cost=5.52..424.81 rows=106 width=125)
	  Recheck Cond: ((k >= 5058812) AND (k <= 5058912))
	  ->  Bitmap Index Scan on k_8  (cost=0.00..5.50 rows=106 width=0)
	        Index Cond: ((k >= 5058812) AND (k <= 5058912))

for range-notcovered
table 1 : explain SELECT k, c FROM sbtest1 WHERE k BETWEEN 6051077 AND 6051177
	Bitmap Heap Scan on sbtest1  (cost=5.30..338.11 rows=84 width=125)
	  Recheck Cond: ((k >= 6051077) AND (k <= 6051177))
	  ->  Bitmap Index Scan on k_1  (cost=0.00..5.27 rows=84 width=0)
	        Index Cond: ((k >= 6051077) AND (k <= 6051177))

table 2 : explain SELECT k, c FROM sbtest2 WHERE k BETWEEN 6051077 AND 6051177
	Bitmap Heap Scan on sbtest2  (cost=5.58..448.42 rows=112 width=125)
	  Recheck Cond: ((k >= 6051077) AND (k <= 6051177))
	  ->  Bitmap Index Scan on k_2  (cost=0.00..5.55 rows=112 width=0)
	        Index Cond: ((k >= 6051077) AND (k <= 6051177))

table 3 : explain SELECT k, c FROM sbtest3 WHERE k BETWEEN 6051077 AND 6051177
	Bitmap Heap Scan on sbtest3  (cost=5.48..409.07 rows=102 width=125)
	  Recheck Cond: ((k >= 6051077) AND (k <= 6051177))
	  ->  Bitmap Index Scan on k_3  (cost=0.00..5.45 rows=102 width=0)
	        Index Cond: ((k >= 6051077) AND (k <= 6051177))

table 4 : explain SELECT k, c FROM sbtest4 WHERE k BETWEEN 6051077 AND 6051177
	Bitmap Heap Scan on sbtest4  (cost=5.46..401.19 rows=100 width=125)
	  Recheck Cond: ((k >= 6051077) AND (k <= 6051177))
	  ->  Bitmap Index Scan on k_4  (cost=0.00..5.43 rows=100 width=0)
	        Index Cond: ((k >= 6051077) AND (k <= 6051177))

table 5 : explain SELECT k, c FROM sbtest5 WHERE k BETWEEN 6051077 AND 6051177
	Bitmap Heap Scan on sbtest5  (cost=5.58..448.42 rows=112 width=125)
	  Recheck Cond: ((k >= 6051077) AND (k <= 6051177))
	  ->  Bitmap Index Scan on k_5  (cost=0.00..5.55 rows=112 width=0)
	        Index Cond: ((k >= 6051077) AND (k <= 6051177))

table 6 : explain SELECT k, c FROM sbtest6 WHERE k BETWEEN 6051077 AND 6051177
	Bitmap Heap Scan on sbtest6  (cost=5.56..440.56 rows=110 width=125)
	  Recheck Cond: ((k >= 6051077) AND (k <= 6051177))
	  ->  Bitmap Index Scan on k_6  (cost=0.00..5.53 rows=110 width=0)
	        Index Cond: ((k >= 6051077) AND (k <= 6051177))

table 7 : explain SELECT k, c FROM sbtest7 WHERE k BETWEEN 6051077 AND 6051177
	Bitmap Heap Scan on sbtest7  (cost=5.50..416.94 rows=104 width=125)
	  Recheck Cond: ((k >= 6051077) AND (k <= 6051177))
	  ->  Bitmap Index Scan on k_7  (cost=0.00..5.47 rows=104 width=0)
	        Index Cond: ((k >= 6051077) AND (k <= 6051177))

table 8 : explain SELECT k, c FROM sbtest8 WHERE k BETWEEN 6051077 AND 6051177
	Bitmap Heap Scan on sbtest8  (cost=5.45..397.25 rows=99 width=125)
	  Recheck Cond: ((k >= 6051077) AND (k <= 6051177))
	  ->  Bitmap Index Scan on k_8  (cost=0.00..5.42 rows=99 width=0)
	        Index Cond: ((k >= 6051077) AND (k <= 6051177))

explain: for range-notcovered :: explain SELECT k, c FROM sbtest%d WHERE k BETWEEN 7056351 AND 7056451
explain: for range-notcovered :: explain SELECT k, c FROM sbtest%d WHERE k BETWEEN 7244199 AND 7244299
for range-notcovered
table 1 : explain SELECT k, c FROM sbtest1 WHERE k BETWEEN 6412892 AND 6412992
	Bitmap Heap Scan on sbtest1  (cost=5.47..405.13 rows=101 width=125)
	  Recheck Cond: ((k >= 6412892) AND (k <= 6412992))
	  ->  Bitmap Index Scan on k_1  (cost=0.00..5.44 rows=101 width=0)
	        Index Cond: ((k >= 6412892) AND (k <= 6412992))

table 2 : explain SELECT k, c FROM sbtest2 WHERE k BETWEEN 6412892 AND 6412992
	Bitmap Heap Scan on sbtest2  (cost=5.41..381.49 rows=95 width=125)
	  Recheck Cond: ((k >= 6412892) AND (k <= 6412992))
	  ->  Bitmap Index Scan on k_2  (cost=0.00..5.38 rows=95 width=0)
	        Index Cond: ((k >= 6412892) AND (k <= 6412992))

table 3 : explain SELECT k, c FROM sbtest3 WHERE k BETWEEN 6412892 AND 6412992
	Bitmap Heap Scan on sbtest3  (cost=5.43..389.37 rows=97 width=125)
	  Recheck Cond: ((k >= 6412892) AND (k <= 6412992))
	  ->  Bitmap Index Scan on k_3  (cost=0.00..5.40 rows=97 width=0)
	        Index Cond: ((k >= 6412892) AND (k <= 6412992))

table 4 : explain SELECT k, c FROM sbtest4 WHERE k BETWEEN 6412892 AND 6412992
	Bitmap Heap Scan on sbtest4  (cost=5.46..401.19 rows=100 width=125)
	  Recheck Cond: ((k >= 6412892) AND (k <= 6412992))
	  ->  Bitmap Index Scan on k_4  (cost=0.00..5.43 rows=100 width=0)
	        Index Cond: ((k >= 6412892) AND (k <= 6412992))

table 5 : explain SELECT k, c FROM sbtest5 WHERE k BETWEEN 6412892 AND 6412992
	Bitmap Heap Scan on sbtest5  (cost=5.48..409.07 rows=102 width=125)
	  Recheck Cond: ((k >= 6412892) AND (k <= 6412992))
	  ->  Bitmap Index Scan on k_5  (cost=0.00..5.45 rows=102 width=0)
	        Index Cond: ((k >= 6412892) AND (k <= 6412992))

table 6 : explain SELECT k, c FROM sbtest6 WHERE k BETWEEN 6412892 AND 6412992
	Bitmap Heap Scan on sbtest6  (cost=5.52..424.81 rows=106 width=125)
	  Recheck Cond: ((k >= 6412892) AND (k <= 6412992))
	  ->  Bitmap Index Scan on k_6  (cost=0.00..5.50 rows=106 width=0)
	        Index Cond: ((k >= 6412892) AND (k <= 6412992))

table 7 : explain SELECT k, c FROM sbtest7 WHERE k BETWEEN 6412892 AND 6412992
	Bitmap Heap Scan on sbtest7  (cost=5.50..416.94 rows=104 width=125)
	  Recheck Cond: ((k >= 6412892) AND (k <= 6412992))
	  ->  Bitmap Index Scan on k_7  (cost=0.00..5.47 rows=104 width=0)
	        Index Cond: ((k >= 6412892) AND (k <= 6412992))

table 8 : explain SELECT k, c FROM sbtest8 WHERE k BETWEEN 6412892 AND 6412992
	Bitmap Heap Scan on sbtest8  (cost=5.44..393.31 rows=98 width=125)
	  Recheck Cond: ((k >= 6412892) AND (k <= 6412992))
	  ->  Bitmap Index Scan on k_8  (cost=0.00..5.42 rows=98 width=0)
	        Index Cond: ((k >= 6412892) AND (k <= 6412992))

explain: for range-notcovered :: explain SELECT k, c FROM sbtest%d WHERE k BETWEEN 6051077 AND 6051177
explain: for range-notcovered :: explain SELECT k, c FROM sbtest%d WHERE k BETWEEN 5058812 AND 5058912
explain: for range-notcovered :: explain SELECT k, c FROM sbtest%d WHERE k BETWEEN 6412892 AND 6412992
for range-notcovered
table 1 : explain SELECT k, c FROM sbtest1 WHERE k BETWEEN 3595886 AND 3595986
	Bitmap Heap Scan on sbtest1  (cost=5.48..409.07 rows=102 width=125)
	  Recheck Cond: ((k >= 3595886) AND (k <= 3595986))
	  ->  Bitmap Index Scan on k_1  (cost=0.00..5.45 rows=102 width=0)
	        Index Cond: ((k >= 3595886) AND (k <= 3595986))

table 2 : explain SELECT k, c FROM sbtest2 WHERE k BETWEEN 3595886 AND 3595986
	Bitmap Heap Scan on sbtest2  (cost=5.37..365.72 rows=91 width=125)
	  Recheck Cond: ((k >= 3595886) AND (k <= 3595986))
	  ->  Bitmap Index Scan on k_2  (cost=0.00..5.34 rows=91 width=0)
	        Index Cond: ((k >= 3595886) AND (k <= 3595986))

table 3 : explain SELECT k, c FROM sbtest3 WHERE k BETWEEN 3595886 AND 3595986
	Bitmap Heap Scan on sbtest3  (cost=5.49..413.00 rows=103 width=125)
	  Recheck Cond: ((k >= 3595886) AND (k <= 3595986))
	  ->  Bitmap Index Scan on k_3  (cost=0.00..5.46 rows=103 width=0)
	        Index Cond: ((k >= 3595886) AND (k <= 3595986))

table 4 : explain SELECT k, c FROM sbtest4 WHERE k BETWEEN 3595886 AND 3595986
	Bitmap Heap Scan on sbtest4  (cost=5.48..409.07 rows=102 width=125)
	  Recheck Cond: ((k >= 3595886) AND (k <= 3595986))
	  ->  Bitmap Index Scan on k_4  (cost=0.00..5.45 rows=102 width=0)
	        Index Cond: ((k >= 3595886) AND (k <= 3595986))

table 5 : explain SELECT k, c FROM sbtest5 WHERE k BETWEEN 3595886 AND 3595986
	Bitmap Heap Scan on sbtest5  (cost=5.51..420.88 rows=105 width=125)
	  Recheck Cond: ((k >= 3595886) AND (k <= 3595986))
	  ->  Bitmap Index Scan on k_5  (cost=0.00..5.48 rows=105 width=0)
	        Index Cond: ((k >= 3595886) AND (k <= 3595986))

table 6 : explain SELECT k, c FROM sbtest6 WHERE k BETWEEN 3595886 AND 3595986
	Bitmap Heap Scan on sbtest6  (cost=5.49..413.00 rows=103 width=125)
	  Recheck Cond: ((k >= 3595886) AND (k <= 3595986))
	  ->  Bitmap Index Scan on k_6  (cost=0.00..5.46 rows=103 width=0)
	        Index Cond: ((k >= 3595886) AND (k <= 3595986))

table 7 : explain SELECT k, c FROM sbtest7 WHERE k BETWEEN 3595886 AND 3595986
	Bitmap Heap Scan on sbtest7  (cost=5.48..409.07 rows=102 width=125)
	  Recheck Cond: ((k >= 3595886) AND (k <= 3595986))
	  ->  Bitmap Index Scan on k_7  (cost=0.00..5.45 rows=102 width=0)
	        Index Cond: ((k >= 3595886) AND (k <= 3595986))

table 8 : explain SELECT k, c FROM sbtest8 WHERE k BETWEEN 3595886 AND 3595986
	Bitmap Heap Scan on sbtest8  (cost=5.39..373.61 rows=93 width=125)
	  Recheck Cond: ((k >= 3595886) AND (k <= 3595986))
	  ->  Bitmap Index Scan on k_8  (cost=0.00..5.36 rows=93 width=0)
	        Index Cond: ((k >= 3595886) AND (k <= 3595986))

explain: for range-notcovered :: explain SELECT k, c FROM sbtest%d WHERE k BETWEEN 3595886 AND 3595986
for range-notcovered
table 1 : explain SELECT k, c FROM sbtest1 WHERE k BETWEEN 4541118 AND 4541218
	Bitmap Heap Scan on sbtest1  (cost=5.44..393.31 rows=98 width=125)
	  Recheck Cond: ((k >= 4541118) AND (k <= 4541218))
	  ->  Bitmap Index Scan on k_1  (cost=0.00..5.42 rows=98 width=0)
	        Index Cond: ((k >= 4541118) AND (k <= 4541218))

table 2 : explain SELECT k, c FROM sbtest2 WHERE k BETWEEN 4541118 AND 4541218
	Bitmap Heap Scan on sbtest2  (cost=5.47..405.13 rows=101 width=125)
	  Recheck Cond: ((k >= 4541118) AND (k <= 4541218))
	  ->  Bitmap Index Scan on k_2  (cost=0.00..5.44 rows=101 width=0)
	        Index Cond: ((k >= 4541118) AND (k <= 4541218))

table 3 : explain SELECT k, c FROM sbtest3 WHERE k BETWEEN 4541118 AND 4541218
	Bitmap Heap Scan on sbtest3  (cost=5.42..385.43 rows=96 width=125)
	  Recheck Cond: ((k >= 4541118) AND (k <= 4541218))
	  ->  Bitmap Index Scan on k_3  (cost=0.00..5.39 rows=96 width=0)
	        Index Cond: ((k >= 4541118) AND (k <= 4541218))

table 4 : explain SELECT k, c FROM sbtest4 WHERE k BETWEEN 4541118 AND 4541218
	Bitmap Heap Scan on sbtest4  (cost=5.55..436.62 rows=109 width=125)
	  Recheck Cond: ((k >= 4541118) AND (k <= 4541218))
	  ->  Bitmap Index Scan on k_4  (cost=0.00..5.52 rows=109 width=0)
	        Index Cond: ((k >= 4541118) AND (k <= 4541218))

table 5 : explain SELECT k, c FROM sbtest5 WHERE k BETWEEN 4541118 AND 4541218
	Bitmap Heap Scan on sbtest5  (cost=5.49..413.00 rows=103 width=125)
	  Recheck Cond: ((k >= 4541118) AND (k <= 4541218))
	  ->  Bitmap Index Scan on k_5  (cost=0.00..5.46 rows=103 width=0)
	        Index Cond: ((k >= 4541118) AND (k <= 4541218))

table 6 : explain SELECT k, c FROM sbtest6 WHERE k BETWEEN 4541118 AND 4541218
	Bitmap Heap Scan on sbtest6  (cost=5.52..424.81 rows=106 width=125)
	  Recheck Cond: ((k >= 4541118) AND (k <= 4541218))
	  ->  Bitmap Index Scan on k_6  (cost=0.00..5.50 rows=106 width=0)
	        Index Cond: ((k >= 4541118) AND (k <= 4541218))

table 7 : explain SELECT k, c FROM sbtest7 WHERE k BETWEEN 4541118 AND 4541218
	Bitmap Heap Scan on sbtest7  (cost=5.48..409.07 rows=102 width=125)
	  Recheck Cond: ((k >= 4541118) AND (k <= 4541218))
	  ->  Bitmap Index Scan on k_7  (cost=0.00..5.45 rows=102 width=0)
	        Index Cond: ((k >= 4541118) AND (k <= 4541218))

table 8 : explain SELECT k, c FROM sbtest8 WHERE k BETWEEN 4541118 AND 4541218
	Bitmap Heap Scan on sbtest8  (cost=5.35..357.84 rows=89 width=125)
	  Recheck Cond: ((k >= 4541118) AND (k <= 4541218))
	  ->  Bitmap Index Scan on k_8  (cost=0.00..5.32 rows=89 width=0)
	        Index Cond: ((k >= 4541118) AND (k <= 4541218))

for range-notcovered
table 1 : explain SELECT k, c FROM sbtest1 WHERE k BETWEEN 2209652 AND 2209752
	Bitmap Heap Scan on sbtest1  (cost=5.44..393.31 rows=98 width=125)
	  Recheck Cond: ((k >= 2209652) AND (k <= 2209752))
	  ->  Bitmap Index Scan on k_1  (cost=0.00..5.42 rows=98 width=0)
	        Index Cond: ((k >= 2209652) AND (k <= 2209752))

table 2 : explain SELECT k, c FROM sbtest2 WHERE k BETWEEN 2209652 AND 2209752
	Bitmap Heap Scan on sbtest2  (cost=5.44..393.31 rows=98 width=125)
	  Recheck Cond: ((k >= 2209652) AND (k <= 2209752))
	  ->  Bitmap Index Scan on k_2  (cost=0.00..5.42 rows=98 width=0)
	        Index Cond: ((k >= 2209652) AND (k <= 2209752))

table 3 : explain SELECT k, c FROM sbtest3 WHERE k BETWEEN 2209652 AND 2209752
	Bitmap Heap Scan on sbtest3  (cost=5.57..444.49 rows=111 width=125)
	  Recheck Cond: ((k >= 2209652) AND (k <= 2209752))
	  ->  Bitmap Index Scan on k_3  (cost=0.00..5.54 rows=111 width=0)
	        Index Cond: ((k >= 2209652) AND (k <= 2209752))

table 4 : explain SELECT k, c FROM sbtest4 WHERE k BETWEEN 2209652 AND 2209752
	Bitmap Heap Scan on sbtest4  (cost=5.41..381.49 rows=95 width=125)
	  Recheck Cond: ((k >= 2209652) AND (k <= 2209752))
	  ->  Bitmap Index Scan on k_4  (cost=0.00..5.38 rows=95 width=0)
	        Index Cond: ((k >= 2209652) AND (k <= 2209752))

table 5 : explain SELECT k, c FROM sbtest5 WHERE k BETWEEN 2209652 AND 2209752
	Bitmap Heap Scan on sbtest5  (cost=5.43..389.37 rows=97 width=125)
	  Recheck Cond: ((k >= 2209652) AND (k <= 2209752))
	  ->  Bitmap Index Scan on k_5  (cost=0.00..5.40 rows=97 width=0)
	        Index Cond: ((k >= 2209652) AND (k <= 2209752))

table 6 : explain SELECT k, c FROM sbtest6 WHERE k BETWEEN 2209652 AND 2209752
	Bitmap Heap Scan on sbtest6  (cost=5.51..420.88 rows=105 width=125)
	  Recheck Cond: ((k >= 2209652) AND (k <= 2209752))
	  ->  Bitmap Index Scan on k_6  (cost=0.00..5.48 rows=105 width=0)
	        Index Cond: ((k >= 2209652) AND (k <= 2209752))

table 7 : explain SELECT k, c FROM sbtest7 WHERE k BETWEEN 2209652 AND 2209752
	Bitmap Heap Scan on sbtest7  (cost=5.49..413.00 rows=103 width=125)
	  Recheck Cond: ((k >= 2209652) AND (k <= 2209752))
	  ->  Bitmap Index Scan on k_7  (cost=0.00..5.46 rows=103 width=0)
	        Index Cond: ((k >= 2209652) AND (k <= 2209752))

table 8 : explain SELECT k, c FROM sbtest8 WHERE k BETWEEN 2209652 AND 2209752
	Bitmap Heap Scan on sbtest8  (cost=5.52..424.81 rows=106 width=125)
	  Recheck Cond: ((k >= 2209652) AND (k <= 2209752))
	  ->  Bitmap Index Scan on k_8  (cost=0.00..5.50 rows=106 width=0)
	        Index Cond: ((k >= 2209652) AND (k <= 2209752))

explain: for range-notcovered :: explain SELECT k, c FROM sbtest%d WHERE k BETWEEN 2209652 AND 2209752
for range-notcovered
table 1 : explain SELECT k, c FROM sbtest1 WHERE k BETWEEN 3784222 AND 3784322
	Bitmap Heap Scan on sbtest1  (cost=5.60..456.29 rows=114 width=125)
	  Recheck Cond: ((k >= 3784222) AND (k <= 3784322))
	  ->  Bitmap Index Scan on k_1  (cost=0.00..5.58 rows=114 width=0)
	        Index Cond: ((k >= 3784222) AND (k <= 3784322))

table 2 : explain SELECT k, c FROM sbtest2 WHERE k BETWEEN 3784222 AND 3784322
	Bitmap Heap Scan on sbtest2  (cost=5.50..416.94 rows=104 width=125)
	  Recheck Cond: ((k >= 3784222) AND (k <= 3784322))
	  ->  Bitmap Index Scan on k_2  (cost=0.00..5.47 rows=104 width=0)
	        Index Cond: ((k >= 3784222) AND (k <= 3784322))

table 3 : explain SELECT k, c FROM sbtest3 WHERE k BETWEEN 3784222 AND 3784322
	Bitmap Heap Scan on sbtest3  (cost=5.48..409.07 rows=102 width=125)
	  Recheck Cond: ((k >= 3784222) AND (k <= 3784322))
	  ->  Bitmap Index Scan on k_3  (cost=0.00..5.45 rows=102 width=0)
	        Index Cond: ((k >= 3784222) AND (k <= 3784322))

table 4 : explain SELECT k, c FROM sbtest4 WHERE k BETWEEN 3784222 AND 3784322
	Bitmap Heap Scan on sbtest4  (cost=5.43..389.37 rows=97 width=125)
	  Recheck Cond: ((k >= 3784222) AND (k <= 3784322))
	  ->  Bitmap Index Scan on k_4  (cost=0.00..5.40 rows=97 width=0)
	        Index Cond: ((k >= 3784222) AND (k <= 3784322))

table 5 : explain SELECT k, c FROM sbtest5 WHERE k BETWEEN 3784222 AND 3784322
	Bitmap Heap Scan on sbtest5  (cost=5.47..405.13 rows=101 width=125)
	  Recheck Cond: ((k >= 3784222) AND (k <= 3784322))
	  ->  Bitmap Index Scan on k_5  (cost=0.00..5.44 rows=101 width=0)
	        Index Cond: ((k >= 3784222) AND (k <= 3784322))

table 6 : explain SELECT k, c FROM sbtest6 WHERE k BETWEEN 3784222 AND 3784322
	Bitmap Heap Scan on sbtest6  (cost=5.59..452.36 rows=113 width=125)
	  Recheck Cond: ((k >= 3784222) AND (k <= 3784322))
	  ->  Bitmap Index Scan on k_6  (cost=0.00..5.56 rows=113 width=0)
	        Index Cond: ((k >= 3784222) AND (k <= 3784322))

table 7 : explain SELECT k, c FROM sbtest7 WHERE k BETWEEN 3784222 AND 3784322
	Bitmap Heap Scan on sbtest7  (cost=5.47..405.13 rows=101 width=125)
	  Recheck Cond: ((k >= 3784222) AND (k <= 3784322))
	  ->  Bitmap Index Scan on k_7  (cost=0.00..5.44 rows=101 width=0)
	        Index Cond: ((k >= 3784222) AND (k <= 3784322))

table 8 : explain SELECT k, c FROM sbtest8 WHERE k BETWEEN 3784222 AND 3784322
	Bitmap Heap Scan on sbtest8  (cost=5.52..424.81 rows=106 width=125)
	  Recheck Cond: ((k >= 3784222) AND (k <= 3784322))
	  ->  Bitmap Index Scan on k_8  (cost=0.00..5.50 rows=106 width=0)
	        Index Cond: ((k >= 3784222) AND (k <= 3784322))

explain: for range-notcovered :: explain SELECT k, c FROM sbtest%d WHERE k BETWEEN 3784222 AND 3784322
for range-notcovered
table 1 : explain SELECT k, c FROM sbtest1 WHERE k BETWEEN 4263573 AND 4263673
	Bitmap Heap Scan on sbtest1  (cost=5.46..401.19 rows=100 width=125)
	  Recheck Cond: ((k >= 4263573) AND (k <= 4263673))
	  ->  Bitmap Index Scan on k_1  (cost=0.00..5.43 rows=100 width=0)
	        Index Cond: ((k >= 4263573) AND (k <= 4263673))

table 2 : explain SELECT k, c FROM sbtest2 WHERE k BETWEEN 4263573 AND 4263673
	Bitmap Heap Scan on sbtest2  (cost=5.50..416.94 rows=104 width=125)
	  Recheck Cond: ((k >= 4263573) AND (k <= 4263673))
	  ->  Bitmap Index Scan on k_2  (cost=0.00..5.47 rows=104 width=0)
	        Index Cond: ((k >= 4263573) AND (k <= 4263673))

table 3 : explain SELECT k, c FROM sbtest3 WHERE k BETWEEN 4263573 AND 4263673
	Bitmap Heap Scan on sbtest3  (cost=5.42..385.43 rows=96 width=125)
	  Recheck Cond: ((k >= 4263573) AND (k <= 4263673))
	  ->  Bitmap Index Scan on k_3  (cost=0.00..5.39 rows=96 width=0)
	        Index Cond: ((k >= 4263573) AND (k <= 4263673))

table 4 : explain SELECT k, c FROM sbtest4 WHERE k BETWEEN 4263573 AND 4263673
	Bitmap Heap Scan on sbtest4  (cost=5.47..405.13 rows=101 width=125)
	  Recheck Cond: ((k >= 4263573) AND (k <= 4263673))
	  ->  Bitmap Index Scan on k_4  (cost=0.00..5.44 rows=101 width=0)
	        Index Cond: ((k >= 4263573) AND (k <= 4263673))

table 5 : explain SELECT k, c FROM sbtest5 WHERE k BETWEEN 4263573 AND 4263673
	Bitmap Heap Scan on sbtest5  (cost=5.49..413.00 rows=103 width=125)
	  Recheck Cond: ((k >= 4263573) AND (k <= 4263673))
	  ->  Bitmap Index Scan on k_5  (cost=0.00..5.46 rows=103 width=0)
	        Index Cond: ((k >= 4263573) AND (k <= 4263673))

table 6 : explain SELECT k, c FROM sbtest6 WHERE k BETWEEN 4263573 AND 4263673
	Bitmap Heap Scan on sbtest6  (cost=5.53..428.75 rows=107 width=125)
	  Recheck Cond: ((k >= 4263573) AND (k <= 4263673))
	  ->  Bitmap Index Scan on k_6  (cost=0.00..5.50 rows=107 width=0)
	        Index Cond: ((k >= 4263573) AND (k <= 4263673))

table 7 : explain SELECT k, c FROM sbtest7 WHERE k BETWEEN 4263573 AND 4263673
	Bitmap Heap Scan on sbtest7  (cost=5.44..393.31 rows=98 width=125)
	  Recheck Cond: ((k >= 4263573) AND (k <= 4263673))
	  ->  Bitmap Index Scan on k_7  (cost=0.00..5.42 rows=98 width=0)
	        Index Cond: ((k >= 4263573) AND (k <= 4263673))

table 8 : explain SELECT k, c FROM sbtest8 WHERE k BETWEEN 4263573 AND 4263673
	Bitmap Heap Scan on sbtest8  (cost=5.57..444.49 rows=111 width=125)
	  Recheck Cond: ((k >= 4263573) AND (k <= 4263673))
	  ->  Bitmap Index Scan on k_8  (cost=0.00..5.54 rows=111 width=0)
	        Index Cond: ((k >= 4263573) AND (k <= 4263673))

for range-notcovered
table 1 : explain SELECT k, c FROM sbtest1 WHERE k BETWEEN 987113 AND 987213
	Bitmap Heap Scan on sbtest1  (cost=5.51..420.88 rows=105 width=125)
	  Recheck Cond: ((k >= 987113) AND (k <= 987213))
	  ->  Bitmap Index Scan on k_1  (cost=0.00..5.48 rows=105 width=0)
	        Index Cond: ((k >= 987113) AND (k <= 987213))

table 2 : explain SELECT k, c FROM sbtest2 WHERE k BETWEEN 987113 AND 987213
	Bitmap Heap Scan on sbtest2  (cost=5.52..424.81 rows=106 width=125)
	  Recheck Cond: ((k >= 987113) AND (k <= 987213))
	  ->  Bitmap Index Scan on k_2  (cost=0.00..5.50 rows=106 width=0)
	        Index Cond: ((k >= 987113) AND (k <= 987213))

table 3 : explain SELECT k, c FROM sbtest3 WHERE k BETWEEN 987113 AND 987213
	Bitmap Heap Scan on sbtest3  (cost=5.48..409.07 rows=102 width=125)
	  Recheck Cond: ((k >= 987113) AND (k <= 987213))
	  ->  Bitmap Index Scan on k_3  (cost=0.00..5.45 rows=102 width=0)
	        Index Cond: ((k >= 987113) AND (k <= 987213))

table 4 : explain SELECT k, c FROM sbtest4 WHERE k BETWEEN 987113 AND 987213
	Bitmap Heap Scan on sbtest4  (cost=5.49..413.00 rows=103 width=125)
	  Recheck Cond: ((k >= 987113) AND (k <= 987213))
	  ->  Bitmap Index Scan on k_4  (cost=0.00..5.46 rows=103 width=0)
	        Index Cond: ((k >= 987113) AND (k <= 987213))

table 5 : explain SELECT k, c FROM sbtest5 WHERE k BETWEEN 987113 AND 987213
	Bitmap Heap Scan on sbtest5  (cost=5.50..416.94 rows=104 width=125)
	  Recheck Cond: ((k >= 987113) AND (k <= 987213))
	  ->  Bitmap Index Scan on k_5  (cost=0.00..5.47 rows=104 width=0)
	        Index Cond: ((k >= 987113) AND (k <= 987213))

table 6 : explain SELECT k, c FROM sbtest6 WHERE k BETWEEN 987113 AND 987213
	Bitmap Heap Scan on sbtest6  (cost=5.46..401.19 rows=100 width=125)
	  Recheck Cond: ((k >= 987113) AND (k <= 987213))
	  ->  Bitmap Index Scan on k_6  (cost=0.00..5.43 rows=100 width=0)
	        Index Cond: ((k >= 987113) AND (k <= 987213))

table 7 : explain SELECT k, c FROM sbtest7 WHERE k BETWEEN 987113 AND 987213
	Bitmap Heap Scan on sbtest7  (cost=5.58..448.42 rows=112 width=125)
	  Recheck Cond: ((k >= 987113) AND (k <= 987213))
	  ->  Bitmap Index Scan on k_7  (cost=0.00..5.55 rows=112 width=0)
	        Index Cond: ((k >= 987113) AND (k <= 987213))

table 8 : explain SELECT k, c FROM sbtest8 WHERE k BETWEEN 987113 AND 987213
	Bitmap Heap Scan on sbtest8  (cost=5.45..397.25 rows=99 width=125)
	  Recheck Cond: ((k >= 987113) AND (k <= 987213))
	  ->  Bitmap Index Scan on k_8  (cost=0.00..5.42 rows=99 width=0)
	        Index Cond: ((k >= 987113) AND (k <= 987213))

for range-notcovered
table 1 : explain SELECT k, c FROM sbtest1 WHERE k BETWEEN 6051077 AND 6051177
	Bitmap Heap Scan on sbtest1  (cost=5.30..338.11 rows=84 width=125)
	  Recheck Cond: ((k >= 6051077) AND (k <= 6051177))
	  ->  Bitmap Index Scan on k_1  (cost=0.00..5.27 rows=84 width=0)
	        Index Cond: ((k >= 6051077) AND (k <= 6051177))

table 2 : explain SELECT k, c FROM sbtest2 WHERE k BETWEEN 6051077 AND 6051177
	Bitmap Heap Scan on sbtest2  (cost=5.58..448.42 rows=112 width=125)
	  Recheck Cond: ((k >= 6051077) AND (k <= 6051177))
	  ->  Bitmap Index Scan on k_2  (cost=0.00..5.55 rows=112 width=0)
	        Index Cond: ((k >= 6051077) AND (k <= 6051177))

table 3 : explain SELECT k, c FROM sbtest3 WHERE k BETWEEN 6051077 AND 6051177
	Bitmap Heap Scan on sbtest3  (cost=5.48..409.07 rows=102 width=125)
	  Recheck Cond: ((k >= 6051077) AND (k <= 6051177))
	  ->  Bitmap Index Scan on k_3  (cost=0.00..5.45 rows=102 width=0)
	        Index Cond: ((k >= 6051077) AND (k <= 6051177))

table 4 : explain SELECT k, c FROM sbtest4 WHERE k BETWEEN 6051077 AND 6051177
	Bitmap Heap Scan on sbtest4  (cost=5.46..401.19 rows=100 width=125)
	  Recheck Cond: ((k >= 6051077) AND (k <= 6051177))
	  ->  Bitmap Index Scan on k_4  (cost=0.00..5.43 rows=100 width=0)
	        Index Cond: ((k >= 6051077) AND (k <= 6051177))

table 5 : explain SELECT k, c FROM sbtest5 WHERE k BETWEEN 6051077 AND 6051177
	Bitmap Heap Scan on sbtest5  (cost=5.58..448.42 rows=112 width=125)
	  Recheck Cond: ((k >= 6051077) AND (k <= 6051177))
	  ->  Bitmap Index Scan on k_5  (cost=0.00..5.55 rows=112 width=0)
	        Index Cond: ((k >= 6051077) AND (k <= 6051177))

table 6 : explain SELECT k, c FROM sbtest6 WHERE k BETWEEN 6051077 AND 6051177
	Bitmap Heap Scan on sbtest6  (cost=5.56..440.56 rows=110 width=125)
	  Recheck Cond: ((k >= 6051077) AND (k <= 6051177))
	  ->  Bitmap Index Scan on k_6  (cost=0.00..5.53 rows=110 width=0)
	        Index Cond: ((k >= 6051077) AND (k <= 6051177))

table 7 : explain SELECT k, c FROM sbtest7 WHERE k BETWEEN 6051077 AND 6051177
	Bitmap Heap Scan on sbtest7  (cost=5.50..416.94 rows=104 width=125)
	  Recheck Cond: ((k >= 6051077) AND (k <= 6051177))
	  ->  Bitmap Index Scan on k_7  (cost=0.00..5.47 rows=104 width=0)
	        Index Cond: ((k >= 6051077) AND (k <= 6051177))

table 8 : explain SELECT k, c FROM sbtest8 WHERE k BETWEEN 6051077 AND 6051177
	Bitmap Heap Scan on sbtest8  (cost=5.45..397.25 rows=99 width=125)
	  Recheck Cond: ((k >= 6051077) AND (k <= 6051177))
	  ->  Bitmap Index Scan on k_8  (cost=0.00..5.42 rows=99 width=0)
	        Index Cond: ((k >= 6051077) AND (k <= 6051177))

explain: for range-notcovered :: explain SELECT k, c FROM sbtest%d WHERE k BETWEEN 4541118 AND 4541218
for range-notcovered
table 1 : explain SELECT k, c FROM sbtest1 WHERE k BETWEEN 6412892 AND 6412992
	Bitmap Heap Scan on sbtest1  (cost=5.47..405.13 rows=101 width=125)
	  Recheck Cond: ((k >= 6412892) AND (k <= 6412992))
	  ->  Bitmap Index Scan on k_1  (cost=0.00..5.44 rows=101 width=0)
	        Index Cond: ((k >= 6412892) AND (k <= 6412992))

table 2 : explain SELECT k, c FROM sbtest2 WHERE k BETWEEN 6412892 AND 6412992
	Bitmap Heap Scan on sbtest2  (cost=5.41..381.49 rows=95 width=125)
	  Recheck Cond: ((k >= 6412892) AND (k <= 6412992))
	  ->  Bitmap Index Scan on k_2  (cost=0.00..5.38 rows=95 width=0)
	        Index Cond: ((k >= 6412892) AND (k <= 6412992))

table 3 : explain SELECT k, c FROM sbtest3 WHERE k BETWEEN 6412892 AND 6412992
	Bitmap Heap Scan on sbtest3  (cost=5.43..389.37 rows=97 width=125)
	  Recheck Cond: ((k >= 6412892) AND (k <= 6412992))
	  ->  Bitmap Index Scan on k_3  (cost=0.00..5.40 rows=97 width=0)
	        Index Cond: ((k >= 6412892) AND (k <= 6412992))

table 4 : explain SELECT k, c FROM sbtest4 WHERE k BETWEEN 6412892 AND 6412992
	Bitmap Heap Scan on sbtest4  (cost=5.46..401.19 rows=100 width=125)
	  Recheck Cond: ((k >= 6412892) AND (k <= 6412992))
	  ->  Bitmap Index Scan on k_4  (cost=0.00..5.43 rows=100 width=0)
	        Index Cond: ((k >= 6412892) AND (k <= 6412992))

table 5 : explain SELECT k, c FROM sbtest5 WHERE k BETWEEN 6412892 AND 6412992
	Bitmap Heap Scan on sbtest5  (cost=5.48..409.07 rows=102 width=125)
	  Recheck Cond: ((k >= 6412892) AND (k <= 6412992))
	  ->  Bitmap Index Scan on k_5  (cost=0.00..5.45 rows=102 width=0)
	        Index Cond: ((k >= 6412892) AND (k <= 6412992))

table 6 : explain SELECT k, c FROM sbtest6 WHERE k BETWEEN 6412892 AND 6412992
	Bitmap Heap Scan on sbtest6  (cost=5.52..424.81 rows=106 width=125)
	  Recheck Cond: ((k >= 6412892) AND (k <= 6412992))
	  ->  Bitmap Index Scan on k_6  (cost=0.00..5.50 rows=106 width=0)
	        Index Cond: ((k >= 6412892) AND (k <= 6412992))

table 7 : explain SELECT k, c FROM sbtest7 WHERE k BETWEEN 6412892 AND 6412992
	Bitmap Heap Scan on sbtest7  (cost=5.50..416.94 rows=104 width=125)
	  Recheck Cond: ((k >= 6412892) AND (k <= 6412992))
	  ->  Bitmap Index Scan on k_7  (cost=0.00..5.47 rows=104 width=0)
	        Index Cond: ((k >= 6412892) AND (k <= 6412992))

table 8 : explain SELECT k, c FROM sbtest8 WHERE k BETWEEN 6412892 AND 6412992
	Bitmap Heap Scan on sbtest8  (cost=5.44..393.31 rows=98 width=125)
	  Recheck Cond: ((k >= 6412892) AND (k <= 6412992))
	  ->  Bitmap Index Scan on k_8  (cost=0.00..5.42 rows=98 width=0)
	        Index Cond: ((k >= 6412892) AND (k <= 6412992))
explain: for range-notcovered :: explain SELECT k, c FROM sbtest%d WHERE k BETWEEN 6051077 AND 6051177

explain: for range-notcovered :: explain SELECT k, c FROM sbtest%d WHERE k BETWEEN 4263573 AND 4263673
explain: for range-notcovered :: explain SELECT k, c FROM sbtest%d WHERE k BETWEEN 987113 AND 987213
for range-notcovered
table 1 : explain SELECT k, c FROM sbtest1 WHERE k BETWEEN 8346016 AND 8346116
	Bitmap Heap Scan on sbtest1  (cost=5.49..413.00 rows=103 width=125)
	  Recheck Cond: ((k >= 8346016) AND (k <= 8346116))
	  ->  Bitmap Index Scan on k_1  (cost=0.00..5.46 rows=103 width=0)
	        Index Cond: ((k >= 8346016) AND (k <= 8346116))

table 2 : explain SELECT k, c FROM sbtest2 WHERE k BETWEEN 8346016 AND 8346116
	Bitmap Heap Scan on sbtest2  (cost=5.51..420.88 rows=105 width=125)
	  Recheck Cond: ((k >= 8346016) AND (k <= 8346116))
	  ->  Bitmap Index Scan on k_2  (cost=0.00..5.48 rows=105 width=0)
	        Index Cond: ((k >= 8346016) AND (k <= 8346116))

table 3 : explain SELECT k, c FROM sbtest3 WHERE k BETWEEN 8346016 AND 8346116
	Bitmap Heap Scan on sbtest3  (cost=5.51..420.88 rows=105 width=125)
	  Recheck Cond: ((k >= 8346016) AND (k <= 8346116))
	  ->  Bitmap Index Scan on k_3  (cost=0.00..5.48 rows=105 width=0)
	        Index Cond: ((k >= 8346016) AND (k <= 8346116))

table 4 : explain SELECT k, c FROM sbtest4 WHERE k BETWEEN 8346016 AND 8346116
	Bitmap Heap Scan on sbtest4  (cost=5.50..416.94 rows=104 width=125)
	  Recheck Cond: ((k >= 8346016) AND (k <= 8346116))
	  ->  Bitmap Index Scan on k_4  (cost=0.00..5.47 rows=104 width=0)
	        Index Cond: ((k >= 8346016) AND (k <= 8346116))

table 5 : explain SELECT k, c FROM sbtest5 WHERE k BETWEEN 8346016 AND 8346116
	Bitmap Heap Scan on sbtest5  (cost=5.43..389.37 rows=97 width=125)
	  Recheck Cond: ((k >= 8346016) AND (k <= 8346116))
	  ->  Bitmap Index Scan on k_5  (cost=0.00..5.40 rows=97 width=0)
	        Index Cond: ((k >= 8346016) AND (k <= 8346116))

table 6 : explain SELECT k, c FROM sbtest6 WHERE k BETWEEN 8346016 AND 8346116
	Bitmap Heap Scan on sbtest6  (cost=5.44..393.31 rows=98 width=125)
	  Recheck Cond: ((k >= 8346016) AND (k <= 8346116))
	  ->  Bitmap Index Scan on k_6  (cost=0.00..5.42 rows=98 width=0)
	        Index Cond: ((k >= 8346016) AND (k <= 8346116))

table 7 : explain SELECT k, c FROM sbtest7 WHERE k BETWEEN 8346016 AND 8346116
	Bitmap Heap Scan on sbtest7  (cost=5.35..357.84 rows=89 width=125)
	  Recheck Cond: ((k >= 8346016) AND (k <= 8346116))
	  ->  Bitmap Index Scan on k_7  (cost=0.00..5.32 rows=89 width=0)
	        Index Cond: ((k >= 8346016) AND (k <= 8346116))

table 8 : explain SELECT k, c FROM sbtest8 WHERE k BETWEEN 8346016 AND 8346116
	Bitmap Heap Scan on sbtest8  (cost=5.38..369.67 rows=92 width=125)
	  Recheck Cond: ((k >= 8346016) AND (k <= 8346116))
	  ->  Bitmap Index Scan on k_8  (cost=0.00..5.35 rows=92 width=0)
	        Index Cond: ((k >= 8346016) AND (k <= 8346116))

explain: for range-notcovered :: explain SELECT k, c FROM sbtest%d WHERE k BETWEEN 6412892 AND 6412992
for range-notcovered
table 1 : explain SELECT k, c FROM sbtest1 WHERE k BETWEEN 5058812 AND 5058912
	Bitmap Heap Scan on sbtest1  (cost=5.57..444.49 rows=111 width=125)
	  Recheck Cond: ((k >= 5058812) AND (k <= 5058912))
	  ->  Bitmap Index Scan on k_1  (cost=0.00..5.54 rows=111 width=0)
	        Index Cond: ((k >= 5058812) AND (k <= 5058912))

table 2 : explain SELECT k, c FROM sbtest2 WHERE k BETWEEN 5058812 AND 5058912
	Bitmap Heap Scan on sbtest2  (cost=5.48..409.07 rows=102 width=125)
	  Recheck Cond: ((k >= 5058812) AND (k <= 5058912))
	  ->  Bitmap Index Scan on k_2  (cost=0.00..5.45 rows=102 width=0)
	        Index Cond: ((k >= 5058812) AND (k <= 5058912))

table 3 : explain SELECT k, c FROM sbtest3 WHERE k BETWEEN 5058812 AND 5058912
	Bitmap Heap Scan on sbtest3  (cost=5.49..413.00 rows=103 width=125)
	  Recheck Cond: ((k >= 5058812) AND (k <= 5058912))
	  ->  Bitmap Index Scan on k_3  (cost=0.00..5.46 rows=103 width=0)
	        Index Cond: ((k >= 5058812) AND (k <= 5058912))

table 4 : explain SELECT k, c FROM sbtest4 WHERE k BETWEEN 5058812 AND 5058912
	Bitmap Heap Scan on sbtest4  (cost=5.50..416.94 rows=104 width=125)
	  Recheck Cond: ((k >= 5058812) AND (k <= 5058912))
	  ->  Bitmap Index Scan on k_4  (cost=0.00..5.47 rows=104 width=0)
	        Index Cond: ((k >= 5058812) AND (k <= 5058912))

table 5 : explain SELECT k, c FROM sbtest5 WHERE k BETWEEN 5058812 AND 5058912
	Bitmap Heap Scan on sbtest5  (cost=5.48..409.07 rows=102 width=125)
	  Recheck Cond: ((k >= 5058812) AND (k <= 5058912))
	  ->  Bitmap Index Scan on k_5  (cost=0.00..5.45 rows=102 width=0)
	        Index Cond: ((k >= 5058812) AND (k <= 5058912))

table 6 : explain SELECT k, c FROM sbtest6 WHERE k BETWEEN 5058812 AND 5058912
	Bitmap Heap Scan on sbtest6  (cost=5.40..377.55 rows=94 width=125)
	  Recheck Cond: ((k >= 5058812) AND (k <= 5058912))
	  ->  Bitmap Index Scan on k_6  (cost=0.00..5.38 rows=94 width=0)
	        Index Cond: ((k >= 5058812) AND (k <= 5058912))

table 7 : explain SELECT k, c FROM sbtest7 WHERE k BETWEEN 5058812 AND 5058912
	Bitmap Heap Scan on sbtest7  (cost=5.53..428.75 rows=107 width=125)
	  Recheck Cond: ((k >= 5058812) AND (k <= 5058912))
	  ->  Bitmap Index Scan on k_7  (cost=0.00..5.50 rows=107 width=0)
	        Index Cond: ((k >= 5058812) AND (k <= 5058912))

table 8 : explain SELECT k, c FROM sbtest8 WHERE k BETWEEN 5058812 AND 5058912
	Bitmap Heap Scan on sbtest8  (cost=5.52..424.81 rows=106 width=125)
	  Recheck Cond: ((k >= 5058812) AND (k <= 5058912))
	  ->  Bitmap Index Scan on k_8  (cost=0.00..5.50 rows=106 width=0)
	        Index Cond: ((k >= 5058812) AND (k <= 5058912))

for range-notcovered
table 1 : explain SELECT k, c FROM sbtest1 WHERE k BETWEEN 4646032 AND 4646132
	Bitmap Heap Scan on sbtest1  (cost=5.48..409.07 rows=102 width=125)
	  Recheck Cond: ((k >= 4646032) AND (k <= 4646132))
	  ->  Bitmap Index Scan on k_1  (cost=0.00..5.45 rows=102 width=0)
	        Index Cond: ((k >= 4646032) AND (k <= 4646132))

table 2 : explain SELECT k, c FROM sbtest2 WHERE k BETWEEN 4646032 AND 4646132
	Bitmap Heap Scan on sbtest2  (cost=5.46..401.19 rows=100 width=125)
	  Recheck Cond: ((k >= 4646032) AND (k <= 4646132))
	  ->  Bitmap Index Scan on k_2  (cost=0.00..5.43 rows=100 width=0)
	        Index Cond: ((k >= 4646032) AND (k <= 4646132))

table 3 : explain SELECT k, c FROM sbtest3 WHERE k BETWEEN 4646032 AND 4646132
	Bitmap Heap Scan on sbtest3  (cost=5.53..428.75 rows=107 width=125)
	  Recheck Cond: ((k >= 4646032) AND (k <= 4646132))
	  ->  Bitmap Index Scan on k_3  (cost=0.00..5.50 rows=107 width=0)
	        Index Cond: ((k >= 4646032) AND (k <= 4646132))

table 4 : explain SELECT k, c FROM sbtest4 WHERE k BETWEEN 4646032 AND 4646132
	Bitmap Heap Scan on sbtest4  (cost=5.51..420.88 rows=105 width=125)
	  Recheck Cond: ((k >= 4646032) AND (k <= 4646132))
	  ->  Bitmap Index Scan on k_4  (cost=0.00..5.48 rows=105 width=0)
	        Index Cond: ((k >= 4646032) AND (k <= 4646132))

table 5 : explain SELECT k, c FROM sbtest5 WHERE k BETWEEN 4646032 AND 4646132
	Bitmap Heap Scan on sbtest5  (cost=5.48..409.07 rows=102 width=125)
	  Recheck Cond: ((k >= 4646032) AND (k <= 4646132))
	  ->  Bitmap Index Scan on k_5  (cost=0.00..5.45 rows=102 width=0)
	        Index Cond: ((k >= 4646032) AND (k <= 4646132))

table 6 : explain SELECT k, c FROM sbtest6 WHERE k BETWEEN 4646032 AND 4646132
	Bitmap Heap Scan on sbtest6  (cost=5.43..389.37 rows=97 width=125)
	  Recheck Cond: ((k >= 4646032) AND (k <= 4646132))
	  ->  Bitmap Index Scan on k_6  (cost=0.00..5.40 rows=97 width=0)
	        Index Cond: ((k >= 4646032) AND (k <= 4646132))

table 7 : explain SELECT k, c FROM sbtest7 WHERE k BETWEEN 4646032 AND 4646132
	Bitmap Heap Scan on sbtest7  (cost=5.50..416.94 rows=104 width=125)
	  Recheck Cond: ((k >= 4646032) AND (k <= 4646132))
	  ->  Bitmap Index Scan on k_7  (cost=0.00..5.47 rows=104 width=0)
	        Index Cond: ((k >= 4646032) AND (k <= 4646132))

table 8 : explain SELECT k, c FROM sbtest8 WHERE k BETWEEN 4646032 AND 4646132
	Bitmap Heap Scan on sbtest8  (cost=5.49..413.00 rows=103 width=125)
	  Recheck Cond: ((k >= 4646032) AND (k <= 4646132))
	  ->  Bitmap Index Scan on k_8  (cost=0.00..5.46 rows=103 width=0)
	        Index Cond: ((k >= 4646032) AND (k <= 4646132))

explain: for range-notcovered :: explain SELECT k, c FROM sbtest%d WHERE k BETWEEN 5058812 AND 5058912
for range-notcovered
table 1 : explain SELECT k, c FROM sbtest1 WHERE k BETWEEN 3595886 AND 3595986
	Bitmap Heap Scan on sbtest1  (cost=5.48..409.07 rows=102 width=125)
	  Recheck Cond: ((k >= 3595886) AND (k <= 3595986))
	  ->  Bitmap Index Scan on k_1  (cost=0.00..5.45 rows=102 width=0)
	        Index Cond: ((k >= 3595886) AND (k <= 3595986))

table 2 : explain SELECT k, c FROM sbtest2 WHERE k BETWEEN 3595886 AND 3595986
	Bitmap Heap Scan on sbtest2  (cost=5.37..365.72 rows=91 width=125)
	  Recheck Cond: ((k >= 3595886) AND (k <= 3595986))
	  ->  Bitmap Index Scan on k_2  (cost=0.00..5.34 rows=91 width=0)
	        Index Cond: ((k >= 3595886) AND (k <= 3595986))

table 3 : explain SELECT k, c FROM sbtest3 WHERE k BETWEEN 3595886 AND 3595986
	Bitmap Heap Scan on sbtest3  (cost=5.49..413.00 rows=103 width=125)
	  Recheck Cond: ((k >= 3595886) AND (k <= 3595986))
	  ->  Bitmap Index Scan on k_3  (cost=0.00..5.46 rows=103 width=0)
	        Index Cond: ((k >= 3595886) AND (k <= 3595986))

table 4 : explain SELECT k, c FROM sbtest4 WHERE k BETWEEN 3595886 AND 3595986
	Bitmap Heap Scan on sbtest4  (cost=5.48..409.07 rows=102 width=125)
	  Recheck Cond: ((k >= 3595886) AND (k <= 3595986))
	  ->  Bitmap Index Scan on k_4  (cost=0.00..5.45 rows=102 width=0)
	        Index Cond: ((k >= 3595886) AND (k <= 3595986))

table 5 : explain SELECT k, c FROM sbtest5 WHERE k BETWEEN 3595886 AND 3595986
	Bitmap Heap Scan on sbtest5  (cost=5.51..420.88 rows=105 width=125)
	  Recheck Cond: ((k >= 3595886) AND (k <= 3595986))
	  ->  Bitmap Index Scan on k_5  (cost=0.00..5.48 rows=105 width=0)
	        Index Cond: ((k >= 3595886) AND (k <= 3595986))

table 6 : explain SELECT k, c FROM sbtest6 WHERE k BETWEEN 3595886 AND 3595986
	Bitmap Heap Scan on sbtest6  (cost=5.49..413.00 rows=103 width=125)
	  Recheck Cond: ((k >= 3595886) AND (k <= 3595986))
	  ->  Bitmap Index Scan on k_6  (cost=0.00..5.46 rows=103 width=0)
	        Index Cond: ((k >= 3595886) AND (k <= 3595986))

table 7 : explain SELECT k, c FROM sbtest7 WHERE k BETWEEN 3595886 AND 3595986
	Bitmap Heap Scan on sbtest7  (cost=5.48..409.07 rows=102 width=125)
	  Recheck Cond: ((k >= 3595886) AND (k <= 3595986))
	  ->  Bitmap Index Scan on k_7  (cost=0.00..5.45 rows=102 width=0)
	        Index Cond: ((k >= 3595886) AND (k <= 3595986))

table 8 : explain SELECT k, c FROM sbtest8 WHERE k BETWEEN 3595886 AND 3595986
	Bitmap Heap Scan on sbtest8  (cost=5.39..373.61 rows=93 width=125)
	  Recheck Cond: ((k >= 3595886) AND (k <= 3595986))
	  ->  Bitmap Index Scan on k_8  (cost=0.00..5.36 rows=93 width=0)
	        Index Cond: ((k >= 3595886) AND (k <= 3595986))

for range-notcovered
table 1 : explain SELECT k, c FROM sbtest1 WHERE k BETWEEN 4528374 AND 4528474
	Bitmap Heap Scan on sbtest1  (cost=5.44..393.31 rows=98 width=125)
	  Recheck Cond: ((k >= 4528374) AND (k <= 4528474))
	  ->  Bitmap Index Scan on k_1  (cost=0.00..5.42 rows=98 width=0)
	        Index Cond: ((k >= 4528374) AND (k <= 4528474))

table 2 : explain SELECT k, c FROM sbtest2 WHERE k BETWEEN 4528374 AND 4528474
	Bitmap Heap Scan on sbtest2  (cost=5.47..405.13 rows=101 width=125)
	  Recheck Cond: ((k >= 4528374) AND (k <= 4528474))
	  ->  Bitmap Index Scan on k_2  (cost=0.00..5.44 rows=101 width=0)
	        Index Cond: ((k >= 4528374) AND (k <= 4528474))

table 3 : explain SELECT k, c FROM sbtest3 WHERE k BETWEEN 4528374 AND 4528474
	Bitmap Heap Scan on sbtest3  (cost=5.42..385.43 rows=96 width=125)
	  Recheck Cond: ((k >= 4528374) AND (k <= 4528474))
	  ->  Bitmap Index Scan on k_3  (cost=0.00..5.39 rows=96 width=0)
	        Index Cond: ((k >= 4528374) AND (k <= 4528474))

table 4 : explain SELECT k, c FROM sbtest4 WHERE k BETWEEN 4528374 AND 4528474
	Bitmap Heap Scan on sbtest4  (cost=5.55..436.62 rows=109 width=125)
	  Recheck Cond: ((k >= 4528374) AND (k <= 4528474))
	  ->  Bitmap Index Scan on k_4  (cost=0.00..5.52 rows=109 width=0)
	        Index Cond: ((k >= 4528374) AND (k <= 4528474))

table 5 : explain SELECT k, c FROM sbtest5 WHERE k BETWEEN 4528374 AND 4528474
	Bitmap Heap Scan on sbtest5  (cost=5.49..413.00 rows=103 width=125)
	  Recheck Cond: ((k >= 4528374) AND (k <= 4528474))
	  ->  Bitmap Index Scan on k_5  (cost=0.00..5.46 rows=103 width=0)
	        Index Cond: ((k >= 4528374) AND (k <= 4528474))

table 6 : explain SELECT k, c FROM sbtest6 WHERE k BETWEEN 4528374 AND 4528474
	Bitmap Heap Scan on sbtest6  (cost=5.52..424.81 rows=106 width=125)
	  Recheck Cond: ((k >= 4528374) AND (k <= 4528474))
	  ->  Bitmap Index Scan on k_6  (cost=0.00..5.50 rows=106 width=0)
	        Index Cond: ((k >= 4528374) AND (k <= 4528474))

table 7 : explain SELECT k, c FROM sbtest7 WHERE k BETWEEN 4528374 AND 4528474
	Bitmap Heap Scan on sbtest7  (cost=5.48..409.07 rows=102 width=125)
	  Recheck Cond: ((k >= 4528374) AND (k <= 4528474))
	  ->  Bitmap Index Scan on k_7  (cost=0.00..5.45 rows=102 width=0)
	        Index Cond: ((k >= 4528374) AND (k <= 4528474))

table 8 : explain SELECT k, c FROM sbtest8 WHERE k BETWEEN 4528374 AND 4528474
	Bitmap Heap Scan on sbtest8  (cost=5.35..357.84 rows=89 width=125)
	  Recheck Cond: ((k >= 4528374) AND (k <= 4528474))
	  ->  Bitmap Index Scan on k_8  (cost=0.00..5.32 rows=89 width=0)
	        Index Cond: ((k >= 4528374) AND (k <= 4528474))

for range-notcovered
table 1 : explain SELECT k, c FROM sbtest1 WHERE k BETWEEN 3361269 AND 3361369
	Bitmap Heap Scan on sbtest1  (cost=5.49..413.00 rows=103 width=125)
	  Recheck Cond: ((k >= 3361269) AND (k <= 3361369))
	  ->  Bitmap Index Scan on k_1  (cost=0.00..5.46 rows=103 width=0)
	        Index Cond: ((k >= 3361269) AND (k <= 3361369))

table 2 : explain SELECT k, c FROM sbtest2 WHERE k BETWEEN 3361269 AND 3361369
	Bitmap Heap Scan on sbtest2  (cost=5.56..440.56 rows=110 width=125)
	  Recheck Cond: ((k >= 3361269) AND (k <= 3361369))
	  ->  Bitmap Index Scan on k_2  (cost=0.00..5.53 rows=110 width=0)
	        Index Cond: ((k >= 3361269) AND (k <= 3361369))

table 3 : explain SELECT k, c FROM sbtest3 WHERE k BETWEEN 3361269 AND 3361369
	Bitmap Heap Scan on sbtest3  (cost=5.43..389.37 rows=97 width=125)
	  Recheck Cond: ((k >= 3361269) AND (k <= 3361369))
	  ->  Bitmap Index Scan on k_3  (cost=0.00..5.40 rows=97 width=0)
	        Index Cond: ((k >= 3361269) AND (k <= 3361369))

table 4 : explain SELECT k, c FROM sbtest4 WHERE k BETWEEN 3361269 AND 3361369
	Bitmap Heap Scan on sbtest4  (cost=5.45..397.25 rows=99 width=125)
	  Recheck Cond: ((k >= 3361269) AND (k <= 3361369))
	  ->  Bitmap Index Scan on k_4  (cost=0.00..5.42 rows=99 width=0)
	        Index Cond: ((k >= 3361269) AND (k <= 3361369))

table 5 : explain SELECT k, c FROM sbtest5 WHERE k BETWEEN 3361269 AND 3361369
	Bitmap Heap Scan on sbtest5  (cost=5.46..401.19 rows=100 width=125)
	  Recheck Cond: ((k >= 3361269) AND (k <= 3361369))
	  ->  Bitmap Index Scan on k_5  (cost=0.00..5.43 rows=100 width=0)
	        Index Cond: ((k >= 3361269) AND (k <= 3361369))

table 6 : explain SELECT k, c FROM sbtest6 WHERE k BETWEEN 3361269 AND 3361369
	Bitmap Heap Scan on sbtest6  (cost=5.50..416.94 rows=104 width=125)
	  Recheck Cond: ((k >= 3361269) AND (k <= 3361369))
	  ->  Bitmap Index Scan on k_6  (cost=0.00..5.47 rows=104 width=0)
	        Index Cond: ((k >= 3361269) AND (k <= 3361369))

table 7 : explain SELECT k, c FROM sbtest7 WHERE k BETWEEN 3361269 AND 3361369
	Bitmap Heap Scan on sbtest7  (cost=5.51..420.88 rows=105 width=125)
	  Recheck Cond: ((k >= 3361269) AND (k <= 3361369))
	  ->  Bitmap Index Scan on k_7  (cost=0.00..5.48 rows=105 width=0)
	        Index Cond: ((k >= 3361269) AND (k <= 3361369))

table 8 : explain SELECT k, c FROM sbtest8 WHERE k BETWEEN 3361269 AND 3361369
	Bitmap Heap Scan on sbtest8  (cost=5.53..428.75 rows=107 width=125)
	  Recheck Cond: ((k >= 3361269) AND (k <= 3361369))
	  ->  Bitmap Index Scan on k_8  (cost=0.00..5.50 rows=107 width=0)
	        Index Cond: ((k >= 3361269) AND (k <= 3361369))

explain: for range-notcovered :: explain SELECT k, c FROM sbtest%d WHERE k BETWEEN 3595886 AND 3595986
explain: for range-notcovered :: explain SELECT k, c FROM sbtest%d WHERE k BETWEEN 8346016 AND 8346116
for range-notcovered
table 1 : explain SELECT k, c FROM sbtest1 WHERE k BETWEEN 2209652 AND 2209752
	Bitmap Heap Scan on sbtest1  (cost=5.44..393.31 rows=98 width=125)
	  Recheck Cond: ((k >= 2209652) AND (k <= 2209752))
	  ->  Bitmap Index Scan on k_1  (cost=0.00..5.42 rows=98 width=0)
	        Index Cond: ((k >= 2209652) AND (k <= 2209752))

table 2 : explain SELECT k, c FROM sbtest2 WHERE k BETWEEN 2209652 AND 2209752
	Bitmap Heap Scan on sbtest2  (cost=5.44..393.31 rows=98 width=125)
	  Recheck Cond: ((k >= 2209652) AND (k <= 2209752))
	  ->  Bitmap Index Scan on k_2  (cost=0.00..5.42 rows=98 width=0)
	        Index Cond: ((k >= 2209652) AND (k <= 2209752))

table 3 : explain SELECT k, c FROM sbtest3 WHERE k BETWEEN 2209652 AND 2209752
	Bitmap Heap Scan on sbtest3  (cost=5.57..444.49 rows=111 width=125)
	  Recheck Cond: ((k >= 2209652) AND (k <= 2209752))
	  ->  Bitmap Index Scan on k_3  (cost=0.00..5.54 rows=111 width=0)
	        Index Cond: ((k >= 2209652) AND (k <= 2209752))

table 4 : explain SELECT k, c FROM sbtest4 WHERE k BETWEEN 2209652 AND 2209752
	Bitmap Heap Scan on sbtest4  (cost=5.41..381.49 rows=95 width=125)
	  Recheck Cond: ((k >= 2209652) AND (k <= 2209752))
	  ->  Bitmap Index Scan on k_4  (cost=0.00..5.38 rows=95 width=0)
	        Index Cond: ((k >= 2209652) AND (k <= 2209752))

table 5 : explain SELECT k, c FROM sbtest5 WHERE k BETWEEN 2209652 AND 2209752
	Bitmap Heap Scan on sbtest5  (cost=5.43..389.37 rows=97 width=125)
	  Recheck Cond: ((k >= 2209652) AND (k <= 2209752))
	  ->  Bitmap Index Scan on k_5  (cost=0.00..5.40 rows=97 width=0)
	        Index Cond: ((k >= 2209652) AND (k <= 2209752))

table 6 : explain SELECT k, c FROM sbtest6 WHERE k BETWEEN 2209652 AND 2209752
	Bitmap Heap Scan on sbtest6  (cost=5.51..420.88 rows=105 width=125)
	  Recheck Cond: ((k >= 2209652) AND (k <= 2209752))
	  ->  Bitmap Index Scan on k_6  (cost=0.00..5.48 rows=105 width=0)
	        Index Cond: ((k >= 2209652) AND (k <= 2209752))

table 7 : explain SELECT k, c FROM sbtest7 WHERE k BETWEEN 2209652 AND 2209752
	Bitmap Heap Scan on sbtest7  (cost=5.49..413.00 rows=103 width=125)
	  Recheck Cond: ((k >= 2209652) AND (k <= 2209752))
	  ->  Bitmap Index Scan on k_7  (cost=0.00..5.46 rows=103 width=0)
	        Index Cond: ((k >= 2209652) AND (k <= 2209752))

table 8 : explain SELECT k, c FROM sbtest8 WHERE k BETWEEN 2209652 AND 2209752
	Bitmap Heap Scan on sbtest8  (cost=5.52..424.81 rows=106 width=125)
	  Recheck Cond: ((k >= 2209652) AND (k <= 2209752))
	  ->  Bitmap Index Scan on k_8  (cost=0.00..5.50 rows=106 width=0)
	        Index Cond: ((k >= 2209652) AND (k <= 2209752))

explain: for range-notcovered :: explain SELECT k, c FROM sbtest%d WHERE k BETWEEN 4646032 AND 4646132
for range-notcovered
table 1 : explain SELECT k, c FROM sbtest1 WHERE k BETWEEN 7056351 AND 7056451
	Bitmap Heap Scan on sbtest1  (cost=5.49..413.00 rows=103 width=125)
	  Recheck Cond: ((k >= 7056351) AND (k <= 7056451))
	  ->  Bitmap Index Scan on k_1  (cost=0.00..5.46 rows=103 width=0)
	        Index Cond: ((k >= 7056351) AND (k <= 7056451))

table 2 : explain SELECT k, c FROM sbtest2 WHERE k BETWEEN 7056351 AND 7056451
	Bitmap Heap Scan on sbtest2  (cost=5.48..409.07 rows=102 width=125)
	  Recheck Cond: ((k >= 7056351) AND (k <= 7056451))
	  ->  Bitmap Index Scan on k_2  (cost=0.00..5.45 rows=102 width=0)
	        Index Cond: ((k >= 7056351) AND (k <= 7056451))

table 3 : explain SELECT k, c FROM sbtest3 WHERE k BETWEEN 7056351 AND 7056451
	Bitmap Heap Scan on sbtest3  (cost=5.58..448.42 rows=112 width=125)
	  Recheck Cond: ((k >= 7056351) AND (k <= 7056451))
	  ->  Bitmap Index Scan on k_3  (cost=0.00..5.55 rows=112 width=0)
	        Index Cond: ((k >= 7056351) AND (k <= 7056451))

table 4 : explain SELECT k, c FROM sbtest4 WHERE k BETWEEN 7056351 AND 7056451
	Bitmap Heap Scan on sbtest4  (cost=5.47..405.13 rows=101 width=125)
	  Recheck Cond: ((k >= 7056351) AND (k <= 7056451))
	  ->  Bitmap Index Scan on k_4  (cost=0.00..5.44 rows=101 width=0)
	        Index Cond: ((k >= 7056351) AND (k <= 7056451))

table 5 : explain SELECT k, c FROM sbtest5 WHERE k BETWEEN 7056351 AND 7056451
	Bitmap Heap Scan on sbtest5  (cost=5.43..389.37 rows=97 width=125)
	  Recheck Cond: ((k >= 7056351) AND (k <= 7056451))
	  ->  Bitmap Index Scan on k_5  (cost=0.00..5.40 rows=97 width=0)
	        Index Cond: ((k >= 7056351) AND (k <= 7056451))

table 6 : explain SELECT k, c FROM sbtest6 WHERE k BETWEEN 7056351 AND 7056451
	Bitmap Heap Scan on sbtest6  (cost=5.48..409.07 rows=102 width=125)
	  Recheck Cond: ((k >= 7056351) AND (k <= 7056451))
	  ->  Bitmap Index Scan on k_6  (cost=0.00..5.45 rows=102 width=0)
	        Index Cond: ((k >= 7056351) AND (k <= 7056451))

table 7 : explain SELECT k, c FROM sbtest7 WHERE k BETWEEN 7056351 AND 7056451
	Bitmap Heap Scan on sbtest7  (cost=5.54..432.69 rows=108 width=125)
	  Recheck Cond: ((k >= 7056351) AND (k <= 7056451))
	  ->  Bitmap Index Scan on k_7  (cost=0.00..5.51 rows=108 width=0)
	        Index Cond: ((k >= 7056351) AND (k <= 7056451))

table 8 : explain SELECT k, c FROM sbtest8 WHERE k BETWEEN 7056351 AND 7056451
	Bitmap Heap Scan on sbtest8  (cost=5.45..397.25 rows=99 width=125)
	  Recheck Cond: ((k >= 7056351) AND (k <= 7056451))
	  ->  Bitmap Index Scan on k_8  (cost=0.00..5.42 rows=99 width=0)
	        Index Cond: ((k >= 7056351) AND (k <= 7056451))

explain: for range-notcovered :: explain SELECT k, c FROM sbtest%d WHERE k BETWEEN 4528374 AND 4528474
explain: for range-notcovered :: explain SELECT k, c FROM sbtest%d WHERE k BETWEEN 3361269 AND 3361369
for range-notcovered
table 1 : explain SELECT k, c FROM sbtest1 WHERE k BETWEEN 7244199 AND 7244299
	Bitmap Heap Scan on sbtest1  (cost=5.48..409.07 rows=102 width=125)
	  Recheck Cond: ((k >= 7244199) AND (k <= 7244299))
	  ->  Bitmap Index Scan on k_1  (cost=0.00..5.45 rows=102 width=0)
	        Index Cond: ((k >= 7244199) AND (k <= 7244299))

table 2 : explain SELECT k, c FROM sbtest2 WHERE k BETWEEN 7244199 AND 7244299
	Bitmap Heap Scan on sbtest2  (cost=5.49..413.00 rows=103 width=125)
	  Recheck Cond: ((k >= 7244199) AND (k <= 7244299))
	  ->  Bitmap Index Scan on k_2  (cost=0.00..5.46 rows=103 width=0)
	        Index Cond: ((k >= 7244199) AND (k <= 7244299))

table 3 : explain SELECT k, c FROM sbtest3 WHERE k BETWEEN 7244199 AND 7244299
	Bitmap Heap Scan on sbtest3  (cost=5.46..401.19 rows=100 width=125)
	  Recheck Cond: ((k >= 7244199) AND (k <= 7244299))
	  ->  Bitmap Index Scan on k_3  (cost=0.00..5.43 rows=100 width=0)
	        Index Cond: ((k >= 7244199) AND (k <= 7244299))

table 4 : explain SELECT k, c FROM sbtest4 WHERE k BETWEEN 7244199 AND 7244299
	Bitmap Heap Scan on sbtest4  (cost=5.41..381.49 rows=95 width=125)
	  Recheck Cond: ((k >= 7244199) AND (k <= 7244299))
	  ->  Bitmap Index Scan on k_4  (cost=0.00..5.38 rows=95 width=0)
	        Index Cond: ((k >= 7244199) AND (k <= 7244299))

table 5 : explain SELECT k, c FROM sbtest5 WHERE k BETWEEN 7244199 AND 7244299
	Bitmap Heap Scan on sbtest5  (cost=5.47..405.13 rows=101 width=125)
	  Recheck Cond: ((k >= 7244199) AND (k <= 7244299))
	  ->  Bitmap Index Scan on k_5  (cost=0.00..5.44 rows=101 width=0)
	        Index Cond: ((k >= 7244199) AND (k <= 7244299))

table 6 : explain SELECT k, c FROM sbtest6 WHERE k BETWEEN 7244199 AND 7244299
	Bitmap Heap Scan on sbtest6  (cost=5.39..373.61 rows=93 width=125)
	  Recheck Cond: ((k >= 7244199) AND (k <= 7244299))
	  ->  Bitmap Index Scan on k_6  (cost=0.00..5.36 rows=93 width=0)
	        Index Cond: ((k >= 7244199) AND (k <= 7244299))

table 7 : explain SELECT k, c FROM sbtest7 WHERE k BETWEEN 7244199 AND 7244299
	Bitmap Heap Scan on sbtest7  (cost=5.43..389.37 rows=97 width=125)
	  Recheck Cond: ((k >= 7244199) AND (k <= 7244299))
	  ->  Bitmap Index Scan on k_7  (cost=0.00..5.40 rows=97 width=0)
	        Index Cond: ((k >= 7244199) AND (k <= 7244299))

table 8 : explain SELECT k, c FROM sbtest8 WHERE k BETWEEN 7244199 AND 7244299
	Bitmap Heap Scan on sbtest8  (cost=5.47..405.13 rows=101 width=125)
	  Recheck Cond: ((k >= 7244199) AND (k <= 7244299))
	  ->  Bitmap Index Scan on k_8  (cost=0.00..5.44 rows=101 width=0)
	        Index Cond: ((k >= 7244199) AND (k <= 7244299))

explain: for range-notcovered :: explain SELECT k, c FROM sbtest%d WHERE k BETWEEN 7056351 AND 7056451
explain: for range-notcovered :: explain SELECT k, c FROM sbtest%d WHERE k BETWEEN 7244199 AND 7244299
for range-notcovered
table 1 : explain SELECT k, c FROM sbtest1 WHERE k BETWEEN 6051077 AND 6051177
	Bitmap Heap Scan on sbtest1  (cost=5.30..338.11 rows=84 width=125)
	  Recheck Cond: ((k >= 6051077) AND (k <= 6051177))
	  ->  Bitmap Index Scan on k_1  (cost=0.00..5.27 rows=84 width=0)
	        Index Cond: ((k >= 6051077) AND (k <= 6051177))

table 2 : explain SELECT k, c FROM sbtest2 WHERE k BETWEEN 6051077 AND 6051177
	Bitmap Heap Scan on sbtest2  (cost=5.58..448.42 rows=112 width=125)
	  Recheck Cond: ((k >= 6051077) AND (k <= 6051177))
	  ->  Bitmap Index Scan on k_2  (cost=0.00..5.55 rows=112 width=0)
	        Index Cond: ((k >= 6051077) AND (k <= 6051177))

table 3 : explain SELECT k, c FROM sbtest3 WHERE k BETWEEN 6051077 AND 6051177
	Bitmap Heap Scan on sbtest3  (cost=5.48..409.07 rows=102 width=125)
	  Recheck Cond: ((k >= 6051077) AND (k <= 6051177))
	  ->  Bitmap Index Scan on k_3  (cost=0.00..5.45 rows=102 width=0)
	        Index Cond: ((k >= 6051077) AND (k <= 6051177))

table 4 : explain SELECT k, c FROM sbtest4 WHERE k BETWEEN 6051077 AND 6051177
	Bitmap Heap Scan on sbtest4  (cost=5.46..401.19 rows=100 width=125)
	  Recheck Cond: ((k >= 6051077) AND (k <= 6051177))
	  ->  Bitmap Index Scan on k_4  (cost=0.00..5.43 rows=100 width=0)
	        Index Cond: ((k >= 6051077) AND (k <= 6051177))

table 5 : explain SELECT k, c FROM sbtest5 WHERE k BETWEEN 6051077 AND 6051177
	Bitmap Heap Scan on sbtest5  (cost=5.58..448.42 rows=112 width=125)
	  Recheck Cond: ((k >= 6051077) AND (k <= 6051177))
	  ->  Bitmap Index Scan on k_5  (cost=0.00..5.55 rows=112 width=0)
	        Index Cond: ((k >= 6051077) AND (k <= 6051177))

table 6 : explain SELECT k, c FROM sbtest6 WHERE k BETWEEN 6051077 AND 6051177
	Bitmap Heap Scan on sbtest6  (cost=5.56..440.56 rows=110 width=125)
	  Recheck Cond: ((k >= 6051077) AND (k <= 6051177))
	  ->  Bitmap Index Scan on k_6  (cost=0.00..5.53 rows=110 width=0)
	        Index Cond: ((k >= 6051077) AND (k <= 6051177))

table 7 : explain SELECT k, c FROM sbtest7 WHERE k BETWEEN 6051077 AND 6051177
	Bitmap Heap Scan on sbtest7  (cost=5.50..416.94 rows=104 width=125)
	  Recheck Cond: ((k >= 6051077) AND (k <= 6051177))
	  ->  Bitmap Index Scan on k_7  (cost=0.00..5.47 rows=104 width=0)
	        Index Cond: ((k >= 6051077) AND (k <= 6051177))

table 8 : explain SELECT k, c FROM sbtest8 WHERE k BETWEEN 6051077 AND 6051177
	Bitmap Heap Scan on sbtest8  (cost=5.45..397.25 rows=99 width=125)
	  Recheck Cond: ((k >= 6051077) AND (k <= 6051177))
	  ->  Bitmap Index Scan on k_8  (cost=0.00..5.42 rows=99 width=0)
	        Index Cond: ((k >= 6051077) AND (k <= 6051177))

for range-notcovered
table 1 : explain SELECT k, c FROM sbtest1 WHERE k BETWEEN 6412892 AND 6412992
	Bitmap Heap Scan on sbtest1  (cost=5.47..405.13 rows=101 width=125)
	  Recheck Cond: ((k >= 6412892) AND (k <= 6412992))
	  ->  Bitmap Index Scan on k_1  (cost=0.00..5.44 rows=101 width=0)
	        Index Cond: ((k >= 6412892) AND (k <= 6412992))

table 2 : explain SELECT k, c FROM sbtest2 WHERE k BETWEEN 6412892 AND 6412992
	Bitmap Heap Scan on sbtest2  (cost=5.41..381.49 rows=95 width=125)
	  Recheck Cond: ((k >= 6412892) AND (k <= 6412992))
	  ->  Bitmap Index Scan on k_2  (cost=0.00..5.38 rows=95 width=0)
	        Index Cond: ((k >= 6412892) AND (k <= 6412992))

table 3 : explain SELECT k, c FROM sbtest3 WHERE k BETWEEN 6412892 AND 6412992
	Bitmap Heap Scan on sbtest3  (cost=5.43..389.37 rows=97 width=125)
	  Recheck Cond: ((k >= 6412892) AND (k <= 6412992))
	  ->  Bitmap Index Scan on k_3  (cost=0.00..5.40 rows=97 width=0)
	        Index Cond: ((k >= 6412892) AND (k <= 6412992))

table 4 : explain SELECT k, c FROM sbtest4 WHERE k BETWEEN 6412892 AND 6412992
	Bitmap Heap Scan on sbtest4  (cost=5.46..401.19 rows=100 width=125)
	  Recheck Cond: ((k >= 6412892) AND (k <= 6412992))
	  ->  Bitmap Index Scan on k_4  (cost=0.00..5.43 rows=100 width=0)
	        Index Cond: ((k >= 6412892) AND (k <= 6412992))

table 5 : explain SELECT k, c FROM sbtest5 WHERE k BETWEEN 6412892 AND 6412992
	Bitmap Heap Scan on sbtest5  (cost=5.48..409.07 rows=102 width=125)
	  Recheck Cond: ((k >= 6412892) AND (k <= 6412992))
	  ->  Bitmap Index Scan on k_5  (cost=0.00..5.45 rows=102 width=0)
	        Index Cond: ((k >= 6412892) AND (k <= 6412992))

table 6 : explain SELECT k, c FROM sbtest6 WHERE k BETWEEN 6412892 AND 6412992
	Bitmap Heap Scan on sbtest6  (cost=5.52..424.81 rows=106 width=125)
	  Recheck Cond: ((k >= 6412892) AND (k <= 6412992))
	  ->  Bitmap Index Scan on k_6  (cost=0.00..5.50 rows=106 width=0)
	        Index Cond: ((k >= 6412892) AND (k <= 6412992))

table 7 : explain SELECT k, c FROM sbtest7 WHERE k BETWEEN 6412892 AND 6412992
	Bitmap Heap Scan on sbtest7  (cost=5.50..416.94 rows=104 width=125)
	  Recheck Cond: ((k >= 6412892) AND (k <= 6412992))
	  ->  Bitmap Index Scan on k_7  (cost=0.00..5.47 rows=104 width=0)
	        Index Cond: ((k >= 6412892) AND (k <= 6412992))

table 8 : explain SELECT k, c FROM sbtest8 WHERE k BETWEEN 6412892 AND 6412992
	Bitmap Heap Scan on sbtest8  (cost=5.44..393.31 rows=98 width=125)
	  Recheck Cond: ((k >= 6412892) AND (k <= 6412992))
	  ->  Bitmap Index Scan on k_8  (cost=0.00..5.42 rows=98 width=0)
	        Index Cond: ((k >= 6412892) AND (k <= 6412992))

explain: for range-notcovered :: explain SELECT k, c FROM sbtest%d WHERE k BETWEEN 6051077 AND 6051177
for range-notcovered
table 1 : explain SELECT k, c FROM sbtest1 WHERE k BETWEEN 5058812 AND 5058912
	Bitmap Heap Scan on sbtest1  (cost=5.57..444.49 rows=111 width=125)
	  Recheck Cond: ((k >= 5058812) AND (k <= 5058912))
	  ->  Bitmap Index Scan on k_1  (cost=0.00..5.54 rows=111 width=0)
	        Index Cond: ((k >= 5058812) AND (k <= 5058912))

table 2 : explain SELECT k, c FROM sbtest2 WHERE k BETWEEN 5058812 AND 5058912
	Bitmap Heap Scan on sbtest2  (cost=5.48..409.07 rows=102 width=125)
	  Recheck Cond: ((k >= 5058812) AND (k <= 5058912))
	  ->  Bitmap Index Scan on k_2  (cost=0.00..5.45 rows=102 width=0)
	        Index Cond: ((k >= 5058812) AND (k <= 5058912))

table 3 : explain SELECT k, c FROM sbtest3 WHERE k BETWEEN 5058812 AND 5058912
	Bitmap Heap Scan on sbtest3  (cost=5.49..413.00 rows=103 width=125)
	  Recheck Cond: ((k >= 5058812) AND (k <= 5058912))
	  ->  Bitmap Index Scan on k_3  (cost=0.00..5.46 rows=103 width=0)
	        Index Cond: ((k >= 5058812) AND (k <= 5058912))

table 4 : explain SELECT k, c FROM sbtest4 WHERE k BETWEEN 5058812 AND 5058912
	Bitmap Heap Scan on sbtest4  (cost=5.50..416.94 rows=104 width=125)
	  Recheck Cond: ((k >= 5058812) AND (k <= 5058912))
	  ->  Bitmap Index Scan on k_4  (cost=0.00..5.47 rows=104 width=0)
	        Index Cond: ((k >= 5058812) AND (k <= 5058912))

table 5 : explain SELECT k, c FROM sbtest5 WHERE k BETWEEN 5058812 AND 5058912
	Bitmap Heap Scan on sbtest5  (cost=5.48..409.07 rows=102 width=125)
	  Recheck Cond: ((k >= 5058812) AND (k <= 5058912))
	  ->  Bitmap Index Scan on k_5  (cost=0.00..5.45 rows=102 width=0)
	        Index Cond: ((k >= 5058812) AND (k <= 5058912))

table 6 : explain SELECT k, c FROM sbtest6 WHERE k BETWEEN 5058812 AND 5058912
	Bitmap Heap Scan on sbtest6  (cost=5.40..377.55 rows=94 width=125)
	  Recheck Cond: ((k >= 5058812) AND (k <= 5058912))
	  ->  Bitmap Index Scan on k_6  (cost=0.00..5.38 rows=94 width=0)
	        Index Cond: ((k >= 5058812) AND (k <= 5058912))

table 7 : explain SELECT k, c FROM sbtest7 WHERE k BETWEEN 5058812 AND 5058912
	Bitmap Heap Scan on sbtest7  (cost=5.53..428.75 rows=107 width=125)
	  Recheck Cond: ((k >= 5058812) AND (k <= 5058912))
	  ->  Bitmap Index Scan on k_7  (cost=0.00..5.50 rows=107 width=0)
	        Index Cond: ((k >= 5058812) AND (k <= 5058912))

table 8 : explain SELECT k, c FROM sbtest8 WHERE k BETWEEN 5058812 AND 5058912
	Bitmap Heap Scan on sbtest8  (cost=5.52..424.81 rows=106 width=125)
	  Recheck Cond: ((k >= 5058812) AND (k <= 5058912))
	  ->  Bitmap Index Scan on k_8  (cost=0.00..5.50 rows=106 width=0)
	        Index Cond: ((k >= 5058812) AND (k <= 5058912))

for range-notcovered
table 1 : explain SELECT k, c FROM sbtest1 WHERE k BETWEEN 3595886 AND 3595986
	Bitmap Heap Scan on sbtest1  (cost=5.48..409.07 rows=102 width=125)
	  Recheck Cond: ((k >= 3595886) AND (k <= 3595986))
	  ->  Bitmap Index Scan on k_1  (cost=0.00..5.45 rows=102 width=0)
	        Index Cond: ((k >= 3595886) AND (k <= 3595986))

table 2 : explain SELECT k, c FROM sbtest2 WHERE k BETWEEN 3595886 AND 3595986
	Bitmap Heap Scan on sbtest2  (cost=5.37..365.72 rows=91 width=125)
	  Recheck Cond: ((k >= 3595886) AND (k <= 3595986))
	  ->  Bitmap Index Scan on k_2  (cost=0.00..5.34 rows=91 width=0)
	        Index Cond: ((k >= 3595886) AND (k <= 3595986))

table 3 : explain SELECT k, c FROM sbtest3 WHERE k BETWEEN 3595886 AND 3595986
	Bitmap Heap Scan on sbtest3  (cost=5.49..413.00 rows=103 width=125)
	  Recheck Cond: ((k >= 3595886) AND (k <= 3595986))
	  ->  Bitmap Index Scan on k_3  (cost=0.00..5.46 rows=103 width=0)
	        Index Cond: ((k >= 3595886) AND (k <= 3595986))

table 4 : explain SELECT k, c FROM sbtest4 WHERE k BETWEEN 3595886 AND 3595986
	Bitmap Heap Scan on sbtest4  (cost=5.48..409.07 rows=102 width=125)
	  Recheck Cond: ((k >= 3595886) AND (k <= 3595986))
	  ->  Bitmap Index Scan on k_4  (cost=0.00..5.45 rows=102 width=0)
	        Index Cond: ((k >= 3595886) AND (k <= 3595986))

table 5 : explain SELECT k, c FROM sbtest5 WHERE k BETWEEN 3595886 AND 3595986
	Bitmap Heap Scan on sbtest5  (cost=5.51..420.88 rows=105 width=125)
	  Recheck Cond: ((k >= 3595886) AND (k <= 3595986))
	  ->  Bitmap Index Scan on k_5  (cost=0.00..5.48 rows=105 width=0)
	        Index Cond: ((k >= 3595886) AND (k <= 3595986))

table 6 : explain SELECT k, c FROM sbtest6 WHERE k BETWEEN 3595886 AND 3595986
	Bitmap Heap Scan on sbtest6  (cost=5.49..413.00 rows=103 width=125)
	  Recheck Cond: ((k >= 3595886) AND (k <= 3595986))
	  ->  Bitmap Index Scan on k_6  (cost=0.00..5.46 rows=103 width=0)
	        Index Cond: ((k >= 3595886) AND (k <= 3595986))

table 7 : explain SELECT k, c FROM sbtest7 WHERE k BETWEEN 3595886 AND 3595986
	Bitmap Heap Scan on sbtest7  (cost=5.48..409.07 rows=102 width=125)
	  Recheck Cond: ((k >= 3595886) AND (k <= 3595986))
	  ->  Bitmap Index Scan on k_7  (cost=0.00..5.45 rows=102 width=0)
	        Index Cond: ((k >= 3595886) AND (k <= 3595986))

table 8 : explain SELECT k, c FROM sbtest8 WHERE k BETWEEN 3595886 AND 3595986
	Bitmap Heap Scan on sbtest8  (cost=5.39..373.61 rows=93 width=125)
	  Recheck Cond: ((k >= 3595886) AND (k <= 3595986))
	  ->  Bitmap Index Scan on k_8  (cost=0.00..5.36 rows=93 width=0)
	        Index Cond: ((k >= 3595886) AND (k <= 3595986))

explain: for range-notcovered :: explain SELECT k, c FROM sbtest%d WHERE k BETWEEN 5058812 AND 5058912
explain: for range-notcovered :: explain SELECT k, c FROM sbtest%d WHERE k BETWEEN 3595886 AND 3595986
for range-notcovered
table 1 : explain SELECT k, c FROM sbtest1 WHERE k BETWEEN 4541118 AND 4541218
	Bitmap Heap Scan on sbtest1  (cost=5.44..393.31 rows=98 width=125)
	  Recheck Cond: ((k >= 4541118) AND (k <= 4541218))
	  ->  Bitmap Index Scan on k_1  (cost=0.00..5.42 rows=98 width=0)
	        Index Cond: ((k >= 4541118) AND (k <= 4541218))

table 2 : explain SELECT k, c FROM sbtest2 WHERE k BETWEEN 4541118 AND 4541218
	Bitmap Heap Scan on sbtest2  (cost=5.47..405.13 rows=101 width=125)
	  Recheck Cond: ((k >= 4541118) AND (k <= 4541218))
	  ->  Bitmap Index Scan on k_2  (cost=0.00..5.44 rows=101 width=0)
	        Index Cond: ((k >= 4541118) AND (k <= 4541218))

table 3 : explain SELECT k, c FROM sbtest3 WHERE k BETWEEN 4541118 AND 4541218
	Bitmap Heap Scan on sbtest3  (cost=5.42..385.43 rows=96 width=125)
	  Recheck Cond: ((k >= 4541118) AND (k <= 4541218))
	  ->  Bitmap Index Scan on k_3  (cost=0.00..5.39 rows=96 width=0)
	        Index Cond: ((k >= 4541118) AND (k <= 4541218))

table 4 : explain SELECT k, c FROM sbtest4 WHERE k BETWEEN 4541118 AND 4541218
	Bitmap Heap Scan on sbtest4  (cost=5.55..436.62 rows=109 width=125)
	  Recheck Cond: ((k >= 4541118) AND (k <= 4541218))
	  ->  Bitmap Index Scan on k_4  (cost=0.00..5.52 rows=109 width=0)
	        Index Cond: ((k >= 4541118) AND (k <= 4541218))

table 5 : explain SELECT k, c FROM sbtest5 WHERE k BETWEEN 4541118 AND 4541218
	Bitmap Heap Scan on sbtest5  (cost=5.49..413.00 rows=103 width=125)
	  Recheck Cond: ((k >= 4541118) AND (k <= 4541218))
	  ->  Bitmap Index Scan on k_5  (cost=0.00..5.46 rows=103 width=0)
	        Index Cond: ((k >= 4541118) AND (k <= 4541218))

table 6 : explain SELECT k, c FROM sbtest6 WHERE k BETWEEN 4541118 AND 4541218
	Bitmap Heap Scan on sbtest6  (cost=5.52..424.81 rows=106 width=125)
	  Recheck Cond: ((k >= 4541118) AND (k <= 4541218))
	  ->  Bitmap Index Scan on k_6  (cost=0.00..5.50 rows=106 width=0)
	        Index Cond: ((k >= 4541118) AND (k <= 4541218))

table 7 : explain SELECT k, c FROM sbtest7 WHERE k BETWEEN 4541118 AND 4541218
	Bitmap Heap Scan on sbtest7  (cost=5.48..409.07 rows=102 width=125)
	  Recheck Cond: ((k >= 4541118) AND (k <= 4541218))
	  ->  Bitmap Index Scan on k_7  (cost=0.00..5.45 rows=102 width=0)
	        Index Cond: ((k >= 4541118) AND (k <= 4541218))

table 8 : explain SELECT k, c FROM sbtest8 WHERE k BETWEEN 4541118 AND 4541218
	Bitmap Heap Scan on sbtest8  (cost=5.35..357.84 rows=89 width=125)
	  Recheck Cond: ((k >= 4541118) AND (k <= 4541218))
	  ->  Bitmap Index Scan on k_8  (cost=0.00..5.32 rows=89 width=0)
	        Index Cond: ((k >= 4541118) AND (k <= 4541218))

for range-notcovered
table 1 : explain SELECT k, c FROM sbtest1 WHERE k BETWEEN 4263573 AND 4263673
	Bitmap Heap Scan on sbtest1  (cost=5.46..401.19 rows=100 width=125)
	  Recheck Cond: ((k >= 4263573) AND (k <= 4263673))
	  ->  Bitmap Index Scan on k_1  (cost=0.00..5.43 rows=100 width=0)
	        Index Cond: ((k >= 4263573) AND (k <= 4263673))

table 2 : explain SELECT k, c FROM sbtest2 WHERE k BETWEEN 4263573 AND 4263673
	Bitmap Heap Scan on sbtest2  (cost=5.50..416.94 rows=104 width=125)
	  Recheck Cond: ((k >= 4263573) AND (k <= 4263673))
	  ->  Bitmap Index Scan on k_2  (cost=0.00..5.47 rows=104 width=0)
	        Index Cond: ((k >= 4263573) AND (k <= 4263673))

table 3 : explain SELECT k, c FROM sbtest3 WHERE k BETWEEN 4263573 AND 4263673
	Bitmap Heap Scan on sbtest3  (cost=5.42..385.43 rows=96 width=125)
	  Recheck Cond: ((k >= 4263573) AND (k <= 4263673))
	  ->  Bitmap Index Scan on k_3  (cost=0.00..5.39 rows=96 width=0)
	        Index Cond: ((k >= 4263573) AND (k <= 4263673))

table 4 : explain SELECT k, c FROM sbtest4 WHERE k BETWEEN 4263573 AND 4263673
	Bitmap Heap Scan on sbtest4  (cost=5.47..405.13 rows=101 width=125)
	  Recheck Cond: ((k >= 4263573) AND (k <= 4263673))
	  ->  Bitmap Index Scan on k_4  (cost=0.00..5.44 rows=101 width=0)
	        Index Cond: ((k >= 4263573) AND (k <= 4263673))

table 5 : explain SELECT k, c FROM sbtest5 WHERE k BETWEEN 4263573 AND 4263673
	Bitmap Heap Scan on sbtest5  (cost=5.49..413.00 rows=103 width=125)
	  Recheck Cond: ((k >= 4263573) AND (k <= 4263673))
	  ->  Bitmap Index Scan on k_5  (cost=0.00..5.46 rows=103 width=0)
	        Index Cond: ((k >= 4263573) AND (k <= 4263673))

table 6 : explain SELECT k, c FROM sbtest6 WHERE k BETWEEN 4263573 AND 4263673
	Bitmap Heap Scan on sbtest6  (cost=5.53..428.75 rows=107 width=125)
	  Recheck Cond: ((k >= 4263573) AND (k <= 4263673))
	  ->  Bitmap Index Scan on k_6  (cost=0.00..5.50 rows=107 width=0)
	        Index Cond: ((k >= 4263573) AND (k <= 4263673))

table 7 : explain SELECT k, c FROM sbtest7 WHERE k BETWEEN 4263573 AND 4263673
	Bitmap Heap Scan on sbtest7  (cost=5.44..393.31 rows=98 width=125)
	  Recheck Cond: ((k >= 4263573) AND (k <= 4263673))
	  ->  Bitmap Index Scan on k_7  (cost=0.00..5.42 rows=98 width=0)
	        Index Cond: ((k >= 4263573) AND (k <= 4263673))

table 8 : explain SELECT k, c FROM sbtest8 WHERE k BETWEEN 4263573 AND 4263673
	Bitmap Heap Scan on sbtest8  (cost=5.57..444.49 rows=111 width=125)
	  Recheck Cond: ((k >= 4263573) AND (k <= 4263673))
	  ->  Bitmap Index Scan on k_8  (cost=0.00..5.54 rows=111 width=0)
	        Index Cond: ((k >= 4263573) AND (k <= 4263673))

for range-notcovered
table 1 : explain SELECT k, c FROM sbtest1 WHERE k BETWEEN 6051077 AND 6051177
	Bitmap Heap Scan on sbtest1  (cost=5.30..338.11 rows=84 width=125)
	  Recheck Cond: ((k >= 6051077) AND (k <= 6051177))
	  ->  Bitmap Index Scan on k_1  (cost=0.00..5.27 rows=84 width=0)
	        Index Cond: ((k >= 6051077) AND (k <= 6051177))

table 2 : explain SELECT k, c FROM sbtest2 WHERE k BETWEEN 6051077 AND 6051177
	Bitmap Heap Scan on sbtest2  (cost=5.58..448.42 rows=112 width=125)
	  Recheck Cond: ((k >= 6051077) AND (k <= 6051177))
	  ->  Bitmap Index Scan on k_2  (cost=0.00..5.55 rows=112 width=0)
	        Index Cond: ((k >= 6051077) AND (k <= 6051177))

table 3 : explain SELECT k, c FROM sbtest3 WHERE k BETWEEN 6051077 AND 6051177
	Bitmap Heap Scan on sbtest3  (cost=5.48..409.07 rows=102 width=125)
	  Recheck Cond: ((k >= 6051077) AND (k <= 6051177))
	  ->  Bitmap Index Scan on k_3  (cost=0.00..5.45 rows=102 width=0)
	        Index Cond: ((k >= 6051077) AND (k <= 6051177))

table 4 : explain SELECT k, c FROM sbtest4 WHERE k BETWEEN 6051077 AND 6051177
	Bitmap Heap Scan on sbtest4  (cost=5.46..401.19 rows=100 width=125)
	  Recheck Cond: ((k >= 6051077) AND (k <= 6051177))
	  ->  Bitmap Index Scan on k_4  (cost=0.00..5.43 rows=100 width=0)
	        Index Cond: ((k >= 6051077) AND (k <= 6051177))

table 5 : explain SELECT k, c FROM sbtest5 WHERE k BETWEEN 6051077 AND 6051177
	Bitmap Heap Scan on sbtest5  (cost=5.58..448.42 rows=112 width=125)
	  Recheck Cond: ((k >= 6051077) AND (k <= 6051177))
	  ->  Bitmap Index Scan on k_5  (cost=0.00..5.55 rows=112 width=0)
	        Index Cond: ((k >= 6051077) AND (k <= 6051177))

table 6 : explain SELECT k, c FROM sbtest6 WHERE k BETWEEN 6051077 AND 6051177
	Bitmap Heap Scan on sbtest6  (cost=5.56..440.56 rows=110 width=125)
	  Recheck Cond: ((k >= 6051077) AND (k <= 6051177))
	  ->  Bitmap Index Scan on k_6  (cost=0.00..5.53 rows=110 width=0)
	        Index Cond: ((k >= 6051077) AND (k <= 6051177))

table 7 : explain SELECT k, c FROM sbtest7 WHERE k BETWEEN 6051077 AND 6051177
	Bitmap Heap Scan on sbtest7  (cost=5.50..416.94 rows=104 width=125)
	  Recheck Cond: ((k >= 6051077) AND (k <= 6051177))
	  ->  Bitmap Index Scan on k_7  (cost=0.00..5.47 rows=104 width=0)
	        Index Cond: ((k >= 6051077) AND (k <= 6051177))

table 8 : explain SELECT k, c FROM sbtest8 WHERE k BETWEEN 6051077 AND 6051177
	Bitmap Heap Scan on sbtest8  (cost=5.45..397.25 rows=99 width=125)
	  Recheck Cond: ((k >= 6051077) AND (k <= 6051177))
	  ->  Bitmap Index Scan on k_8  (cost=0.00..5.42 rows=99 width=0)
	        Index Cond: ((k >= 6051077) AND (k <= 6051177))

for range-notcovered
table 1 : explain SELECT k, c FROM sbtest1 WHERE k BETWEEN 987113 AND 987213
	Bitmap Heap Scan on sbtest1  (cost=5.51..420.88 rows=105 width=125)
	  Recheck Cond: ((k >= 987113) AND (k <= 987213))
	  ->  Bitmap Index Scan on k_1  (cost=0.00..5.48 rows=105 width=0)
	        Index Cond: ((k >= 987113) AND (k <= 987213))

table 2 : explain SELECT k, c FROM sbtest2 WHERE k BETWEEN 987113 AND 987213
	Bitmap Heap Scan on sbtest2  (cost=5.52..424.81 rows=106 width=125)
	  Recheck Cond: ((k >= 987113) AND (k <= 987213))
	  ->  Bitmap Index Scan on k_2  (cost=0.00..5.50 rows=106 width=0)
	        Index Cond: ((k >= 987113) AND (k <= 987213))

table 3 : explain SELECT k, c FROM sbtest3 WHERE k BETWEEN 987113 AND 987213
	Bitmap Heap Scan on sbtest3  (cost=5.48..409.07 rows=102 width=125)
	  Recheck Cond: ((k >= 987113) AND (k <= 987213))
	  ->  Bitmap Index Scan on k_3  (cost=0.00..5.45 rows=102 width=0)
	        Index Cond: ((k >= 987113) AND (k <= 987213))

table 4 : explain SELECT k, c FROM sbtest4 WHERE k BETWEEN 987113 AND 987213
	Bitmap Heap Scan on sbtest4  (cost=5.49..413.00 rows=103 width=125)
	  Recheck Cond: ((k >= 987113) AND (k <= 987213))
	  ->  Bitmap Index Scan on k_4  (cost=0.00..5.46 rows=103 width=0)
	        Index Cond: ((k >= 987113) AND (k <= 987213))

table 5 : explain SELECT k, c FROM sbtest5 WHERE k BETWEEN 987113 AND 987213
	Bitmap Heap Scan on sbtest5  (cost=5.50..416.94 rows=104 width=125)
	  Recheck Cond: ((k >= 987113) AND (k <= 987213))
	  ->  Bitmap Index Scan on k_5  (cost=0.00..5.47 rows=104 width=0)
	        Index Cond: ((k >= 987113) AND (k <= 987213))

table 6 : explain SELECT k, c FROM sbtest6 WHERE k BETWEEN 987113 AND 987213
	Bitmap Heap Scan on sbtest6  (cost=5.46..401.19 rows=100 width=125)
	  Recheck Cond: ((k >= 987113) AND (k <= 987213))
	  ->  Bitmap Index Scan on k_6  (cost=0.00..5.43 rows=100 width=0)
	        Index Cond: ((k >= 987113) AND (k <= 987213))

table 7 : explain SELECT k, c FROM sbtest7 WHERE k BETWEEN 987113 AND 987213
	Bitmap Heap Scan on sbtest7  (cost=5.58..448.42 rows=112 width=125)
	  Recheck Cond: ((k >= 987113) AND (k <= 987213))
	  ->  Bitmap Index Scan on k_7  (cost=0.00..5.55 rows=112 width=0)
	        Index Cond: ((k >= 987113) AND (k <= 987213))

table 8 : explain SELECT k, c FROM sbtest8 WHERE k BETWEEN 987113 AND 987213
	Bitmap Heap Scan on sbtest8  (cost=5.45..397.25 rows=99 width=125)
	  Recheck Cond: ((k >= 987113) AND (k <= 987213))
	  ->  Bitmap Index Scan on k_8  (cost=0.00..5.42 rows=99 width=0)
	        Index Cond: ((k >= 987113) AND (k <= 987213))

explain: for range-notcovered :: explain SELECT k, c FROM sbtest%d WHERE k BETWEEN 6051077 AND 6051177
explain: for range-notcovered :: explain SELECT k, c FROM sbtest%d WHERE k BETWEEN 4541118 AND 4541218
explain: for range-notcovered :: explain SELECT k, c FROM sbtest%d WHERE k BETWEEN 4263573 AND 4263673
explain: for range-notcovered :: explain SELECT k, c FROM sbtest%d WHERE k BETWEEN 987113 AND 987213
for range-notcovered
table 1 : explain SELECT k, c FROM sbtest1 WHERE k BETWEEN 5058812 AND 5058912
	Bitmap Heap Scan on sbtest1  (cost=5.57..444.49 rows=111 width=125)
	  Recheck Cond: ((k >= 5058812) AND (k <= 5058912))
	  ->  Bitmap Index Scan on k_1  (cost=0.00..5.54 rows=111 width=0)
	        Index Cond: ((k >= 5058812) AND (k <= 5058912))

table 2 : explain SELECT k, c FROM sbtest2 WHERE k BETWEEN 5058812 AND 5058912
	Bitmap Heap Scan on sbtest2  (cost=5.48..409.07 rows=102 width=125)
	  Recheck Cond: ((k >= 5058812) AND (k <= 5058912))
	  ->  Bitmap Index Scan on k_2  (cost=0.00..5.45 rows=102 width=0)
	        Index Cond: ((k >= 5058812) AND (k <= 5058912))

table 3 : explain SELECT k, c FROM sbtest3 WHERE k BETWEEN 5058812 AND 5058912
	Bitmap Heap Scan on sbtest3  (cost=5.49..413.00 rows=103 width=125)
	  Recheck Cond: ((k >= 5058812) AND (k <= 5058912))
	  ->  Bitmap Index Scan on k_3  (cost=0.00..5.46 rows=103 width=0)
	        Index Cond: ((k >= 5058812) AND (k <= 5058912))

table 4 : explain SELECT k, c FROM sbtest4 WHERE k BETWEEN 5058812 AND 5058912
	Bitmap Heap Scan on sbtest4  (cost=5.50..416.94 rows=104 width=125)
	  Recheck Cond: ((k >= 5058812) AND (k <= 5058912))
	  ->  Bitmap Index Scan on k_4  (cost=0.00..5.47 rows=104 width=0)
	        Index Cond: ((k >= 5058812) AND (k <= 5058912))

table 5 : explain SELECT k, c FROM sbtest5 WHERE k BETWEEN 5058812 AND 5058912
	Bitmap Heap Scan on sbtest5  (cost=5.48..409.07 rows=102 width=125)
	  Recheck Cond: ((k >= 5058812) AND (k <= 5058912))
	  ->  Bitmap Index Scan on k_5  (cost=0.00..5.45 rows=102 width=0)
	        Index Cond: ((k >= 5058812) AND (k <= 5058912))

table 6 : explain SELECT k, c FROM sbtest6 WHERE k BETWEEN 5058812 AND 5058912
	Bitmap Heap Scan on sbtest6  (cost=5.40..377.55 rows=94 width=125)
	  Recheck Cond: ((k >= 5058812) AND (k <= 5058912))
	  ->  Bitmap Index Scan on k_6  (cost=0.00..5.38 rows=94 width=0)
	        Index Cond: ((k >= 5058812) AND (k <= 5058912))

table 7 : explain SELECT k, c FROM sbtest7 WHERE k BETWEEN 5058812 AND 5058912
	Bitmap Heap Scan on sbtest7  (cost=5.53..428.75 rows=107 width=125)
	  Recheck Cond: ((k >= 5058812) AND (k <= 5058912))
	  ->  Bitmap Index Scan on k_7  (cost=0.00..5.50 rows=107 width=0)
	        Index Cond: ((k >= 5058812) AND (k <= 5058912))

table 8 : explain SELECT k, c FROM sbtest8 WHERE k BETWEEN 5058812 AND 5058912
	Bitmap Heap Scan on sbtest8  (cost=5.52..424.81 rows=106 width=125)
	  Recheck Cond: ((k >= 5058812) AND (k <= 5058912))
	  ->  Bitmap Index Scan on k_8  (cost=0.00..5.50 rows=106 width=0)
	        Index Cond: ((k >= 5058812) AND (k <= 5058912))

explain: for range-notcovered :: explain SELECT k, c FROM sbtest%d WHERE k BETWEEN 5058812 AND 5058912
for range-notcovered
table 1 : explain SELECT k, c FROM sbtest1 WHERE k BETWEEN 3595886 AND 3595986
	Bitmap Heap Scan on sbtest1  (cost=5.48..409.07 rows=102 width=125)
	  Recheck Cond: ((k >= 3595886) AND (k <= 3595986))
	  ->  Bitmap Index Scan on k_1  (cost=0.00..5.45 rows=102 width=0)
	        Index Cond: ((k >= 3595886) AND (k <= 3595986))

table 2 : explain SELECT k, c FROM sbtest2 WHERE k BETWEEN 3595886 AND 3595986
	Bitmap Heap Scan on sbtest2  (cost=5.37..365.72 rows=91 width=125)
	  Recheck Cond: ((k >= 3595886) AND (k <= 3595986))
	  ->  Bitmap Index Scan on k_2  (cost=0.00..5.34 rows=91 width=0)
	        Index Cond: ((k >= 3595886) AND (k <= 3595986))

table 3 : explain SELECT k, c FROM sbtest3 WHERE k BETWEEN 3595886 AND 3595986
	Bitmap Heap Scan on sbtest3  (cost=5.49..413.00 rows=103 width=125)
	  Recheck Cond: ((k >= 3595886) AND (k <= 3595986))
	  ->  Bitmap Index Scan on k_3  (cost=0.00..5.46 rows=103 width=0)
	        Index Cond: ((k >= 3595886) AND (k <= 3595986))

table 4 : explain SELECT k, c FROM sbtest4 WHERE k BETWEEN 3595886 AND 3595986
	Bitmap Heap Scan on sbtest4  (cost=5.48..409.07 rows=102 width=125)
	  Recheck Cond: ((k >= 3595886) AND (k <= 3595986))
	  ->  Bitmap Index Scan on k_4  (cost=0.00..5.45 rows=102 width=0)
	        Index Cond: ((k >= 3595886) AND (k <= 3595986))

table 5 : explain SELECT k, c FROM sbtest5 WHERE k BETWEEN 3595886 AND 3595986
	Bitmap Heap Scan on sbtest5  (cost=5.51..420.88 rows=105 width=125)
	  Recheck Cond: ((k >= 3595886) AND (k <= 3595986))
	  ->  Bitmap Index Scan on k_5  (cost=0.00..5.48 rows=105 width=0)
	        Index Cond: ((k >= 3595886) AND (k <= 3595986))

table 6 : explain SELECT k, c FROM sbtest6 WHERE k BETWEEN 3595886 AND 3595986
	Bitmap Heap Scan on sbtest6  (cost=5.49..413.00 rows=103 width=125)
	  Recheck Cond: ((k >= 3595886) AND (k <= 3595986))
	  ->  Bitmap Index Scan on k_6  (cost=0.00..5.46 rows=103 width=0)
	        Index Cond: ((k >= 3595886) AND (k <= 3595986))

table 7 : explain SELECT k, c FROM sbtest7 WHERE k BETWEEN 3595886 AND 3595986
	Bitmap Heap Scan on sbtest7  (cost=5.48..409.07 rows=102 width=125)
	  Recheck Cond: ((k >= 3595886) AND (k <= 3595986))
	  ->  Bitmap Index Scan on k_7  (cost=0.00..5.45 rows=102 width=0)
	        Index Cond: ((k >= 3595886) AND (k <= 3595986))

table 8 : explain SELECT k, c FROM sbtest8 WHERE k BETWEEN 3595886 AND 3595986
	Bitmap Heap Scan on sbtest8  (cost=5.39..373.61 rows=93 width=125)
	  Recheck Cond: ((k >= 3595886) AND (k <= 3595986))
	  ->  Bitmap Index Scan on k_8  (cost=0.00..5.36 rows=93 width=0)
	        Index Cond: ((k >= 3595886) AND (k <= 3595986))

explain: for range-notcovered :: explain SELECT k, c FROM sbtest%d WHERE k BETWEEN 3595886 AND 3595986
for range-notcovered
table 1 : explain SELECT k, c FROM sbtest1 WHERE k BETWEEN 3361269 AND 3361369
	Bitmap Heap Scan on sbtest1  (cost=5.49..413.00 rows=103 width=125)
	  Recheck Cond: ((k >= 3361269) AND (k <= 3361369))
	  ->  Bitmap Index Scan on k_1  (cost=0.00..5.46 rows=103 width=0)
	        Index Cond: ((k >= 3361269) AND (k <= 3361369))

table 2 : explain SELECT k, c FROM sbtest2 WHERE k BETWEEN 3361269 AND 3361369
	Bitmap Heap Scan on sbtest2  (cost=5.56..440.56 rows=110 width=125)
	  Recheck Cond: ((k >= 3361269) AND (k <= 3361369))
	  ->  Bitmap Index Scan on k_2  (cost=0.00..5.53 rows=110 width=0)
	        Index Cond: ((k >= 3361269) AND (k <= 3361369))

table 3 : explain SELECT k, c FROM sbtest3 WHERE k BETWEEN 3361269 AND 3361369
	Bitmap Heap Scan on sbtest3  (cost=5.43..389.37 rows=97 width=125)
	  Recheck Cond: ((k >= 3361269) AND (k <= 3361369))
	  ->  Bitmap Index Scan on k_3  (cost=0.00..5.40 rows=97 width=0)
	        Index Cond: ((k >= 3361269) AND (k <= 3361369))

table 4 : explain SELECT k, c FROM sbtest4 WHERE k BETWEEN 3361269 AND 3361369
	Bitmap Heap Scan on sbtest4  (cost=5.45..397.25 rows=99 width=125)
	  Recheck Cond: ((k >= 3361269) AND (k <= 3361369))
	  ->  Bitmap Index Scan on k_4  (cost=0.00..5.42 rows=99 width=0)
	        Index Cond: ((k >= 3361269) AND (k <= 3361369))

table 5 : explain SELECT k, c FROM sbtest5 WHERE k BETWEEN 3361269 AND 3361369
	Bitmap Heap Scan on sbtest5  (cost=5.46..401.19 rows=100 width=125)
	  Recheck Cond: ((k >= 3361269) AND (k <= 3361369))
	  ->  Bitmap Index Scan on k_5  (cost=0.00..5.43 rows=100 width=0)
	        Index Cond: ((k >= 3361269) AND (k <= 3361369))

table 6 : explain SELECT k, c FROM sbtest6 WHERE k BETWEEN 3361269 AND 3361369
	Bitmap Heap Scan on sbtest6  (cost=5.50..416.94 rows=104 width=125)
	  Recheck Cond: ((k >= 3361269) AND (k <= 3361369))
	  ->  Bitmap Index Scan on k_6  (cost=0.00..5.47 rows=104 width=0)
	        Index Cond: ((k >= 3361269) AND (k <= 3361369))

table 7 : explain SELECT k, c FROM sbtest7 WHERE k BETWEEN 3361269 AND 3361369
	Bitmap Heap Scan on sbtest7  (cost=5.51..420.88 rows=105 width=125)
	  Recheck Cond: ((k >= 3361269) AND (k <= 3361369))
	  ->  Bitmap Index Scan on k_7  (cost=0.00..5.48 rows=105 width=0)
	        Index Cond: ((k >= 3361269) AND (k <= 3361369))

table 8 : explain SELECT k, c FROM sbtest8 WHERE k BETWEEN 3361269 AND 3361369
	Bitmap Heap Scan on sbtest8  (cost=5.53..428.75 rows=107 width=125)
	  Recheck Cond: ((k >= 3361269) AND (k <= 3361369))
	  ->  Bitmap Index Scan on k_8  (cost=0.00..5.50 rows=107 width=0)
	        Index Cond: ((k >= 3361269) AND (k <= 3361369))

for range-notcovered
table 1 : explain SELECT k, c FROM sbtest1 WHERE k BETWEEN 7056351 AND 7056451
	Bitmap Heap Scan on sbtest1  (cost=5.49..413.00 rows=103 width=125)
	  Recheck Cond: ((k >= 7056351) AND (k <= 7056451))
	  ->  Bitmap Index Scan on k_1  (cost=0.00..5.46 rows=103 width=0)
	        Index Cond: ((k >= 7056351) AND (k <= 7056451))

table 2 : explain SELECT k, c FROM sbtest2 WHERE k BETWEEN 7056351 AND 7056451
	Bitmap Heap Scan on sbtest2  (cost=5.48..409.07 rows=102 width=125)
	  Recheck Cond: ((k >= 7056351) AND (k <= 7056451))
	  ->  Bitmap Index Scan on k_2  (cost=0.00..5.45 rows=102 width=0)
	        Index Cond: ((k >= 7056351) AND (k <= 7056451))

table 3 : explain SELECT k, c FROM sbtest3 WHERE k BETWEEN 7056351 AND 7056451
	Bitmap Heap Scan on sbtest3  (cost=5.58..448.42 rows=112 width=125)
	  Recheck Cond: ((k >= 7056351) AND (k <= 7056451))
	  ->  Bitmap Index Scan on k_3  (cost=0.00..5.55 rows=112 width=0)
	        Index Cond: ((k >= 7056351) AND (k <= 7056451))

table 4 : explain SELECT k, c FROM sbtest4 WHERE k BETWEEN 7056351 AND 7056451
	Bitmap Heap Scan on sbtest4  (cost=5.47..405.13 rows=101 width=125)
	  Recheck Cond: ((k >= 7056351) AND (k <= 7056451))
	  ->  Bitmap Index Scan on k_4  (cost=0.00..5.44 rows=101 width=0)
	        Index Cond: ((k >= 7056351) AND (k <= 7056451))

table 5 : explain SELECT k, c FROM sbtest5 WHERE k BETWEEN 7056351 AND 7056451
	Bitmap Heap Scan on sbtest5  (cost=5.43..389.37 rows=97 width=125)
	  Recheck Cond: ((k >= 7056351) AND (k <= 7056451))
	  ->  Bitmap Index Scan on k_5  (cost=0.00..5.40 rows=97 width=0)
	        Index Cond: ((k >= 7056351) AND (k <= 7056451))

table 6 : explain SELECT k, c FROM sbtest6 WHERE k BETWEEN 7056351 AND 7056451
	Bitmap Heap Scan on sbtest6  (cost=5.48..409.07 rows=102 width=125)
	  Recheck Cond: ((k >= 7056351) AND (k <= 7056451))
	  ->  Bitmap Index Scan on k_6  (cost=0.00..5.45 rows=102 width=0)
	        Index Cond: ((k >= 7056351) AND (k <= 7056451))

table 7 : explain SELECT k, c FROM sbtest7 WHERE k BETWEEN 7056351 AND 7056451
	Bitmap Heap Scan on sbtest7  (cost=5.54..432.69 rows=108 width=125)
	  Recheck Cond: ((k >= 7056351) AND (k <= 7056451))
	  ->  Bitmap Index Scan on k_7  (cost=0.00..5.51 rows=108 width=0)
	        Index Cond: ((k >= 7056351) AND (k <= 7056451))

table 8 : explain SELECT k, c FROM sbtest8 WHERE k BETWEEN 7056351 AND 7056451
	Bitmap Heap Scan on sbtest8  (cost=5.45..397.25 rows=99 width=125)
	  Recheck Cond: ((k >= 7056351) AND (k <= 7056451))
	  ->  Bitmap Index Scan on k_8  (cost=0.00..5.42 rows=99 width=0)
	        Index Cond: ((k >= 7056351) AND (k <= 7056451))

for range-notcovered
table 1 : explain SELECT k, c FROM sbtest1 WHERE k BETWEEN 3784222 AND 3784322
	Bitmap Heap Scan on sbtest1  (cost=5.60..456.29 rows=114 width=125)
	  Recheck Cond: ((k >= 3784222) AND (k <= 3784322))
	  ->  Bitmap Index Scan on k_1  (cost=0.00..5.58 rows=114 width=0)
	        Index Cond: ((k >= 3784222) AND (k <= 3784322))

table 2 : explain SELECT k, c FROM sbtest2 WHERE k BETWEEN 3784222 AND 3784322
	Bitmap Heap Scan on sbtest2  (cost=5.50..416.94 rows=104 width=125)
	  Recheck Cond: ((k >= 3784222) AND (k <= 3784322))
	  ->  Bitmap Index Scan on k_2  (cost=0.00..5.47 rows=104 width=0)
	        Index Cond: ((k >= 3784222) AND (k <= 3784322))

table 3 : explain SELECT k, c FROM sbtest3 WHERE k BETWEEN 3784222 AND 3784322
	Bitmap Heap Scan on sbtest3  (cost=5.48..409.07 rows=102 width=125)
	  Recheck Cond: ((k >= 3784222) AND (k <= 3784322))
	  ->  Bitmap Index Scan on k_3  (cost=0.00..5.45 rows=102 width=0)
	        Index Cond: ((k >= 3784222) AND (k <= 3784322))

table 4 : explain SELECT k, c FROM sbtest4 WHERE k BETWEEN 3784222 AND 3784322
	Bitmap Heap Scan on sbtest4  (cost=5.43..389.37 rows=97 width=125)
	  Recheck Cond: ((k >= 3784222) AND (k <= 3784322))
	  ->  Bitmap Index Scan on k_4  (cost=0.00..5.40 rows=97 width=0)
	        Index Cond: ((k >= 3784222) AND (k <= 3784322))

table 5 : explain SELECT k, c FROM sbtest5 WHERE k BETWEEN 3784222 AND 3784322
	Bitmap Heap Scan on sbtest5  (cost=5.47..405.13 rows=101 width=125)
	  Recheck Cond: ((k >= 3784222) AND (k <= 3784322))
	  ->  Bitmap Index Scan on k_5  (cost=0.00..5.44 rows=101 width=0)
	        Index Cond: ((k >= 3784222) AND (k <= 3784322))

table 6 : explain SELECT k, c FROM sbtest6 WHERE k BETWEEN 3784222 AND 3784322
	Bitmap Heap Scan on sbtest6  (cost=5.59..452.36 rows=113 width=125)
	  Recheck Cond: ((k >= 3784222) AND (k <= 3784322))
	  ->  Bitmap Index Scan on k_6  (cost=0.00..5.56 rows=113 width=0)
	        Index Cond: ((k >= 3784222) AND (k <= 3784322))

table 7 : explain SELECT k, c FROM sbtest7 WHERE k BETWEEN 3784222 AND 3784322
	Bitmap Heap Scan on sbtest7  (cost=5.47..405.13 rows=101 width=125)
	  Recheck Cond: ((k >= 3784222) AND (k <= 3784322))
	  ->  Bitmap Index Scan on k_7  (cost=0.00..5.44 rows=101 width=0)
	        Index Cond: ((k >= 3784222) AND (k <= 3784322))

table 8 : explain SELECT k, c FROM sbtest8 WHERE k BETWEEN 3784222 AND 3784322
	Bitmap Heap Scan on sbtest8  (cost=5.52..424.81 rows=106 width=125)
	  Recheck Cond: ((k >= 3784222) AND (k <= 3784322))
	  ->  Bitmap Index Scan on k_8  (cost=0.00..5.50 rows=106 width=0)
	        Index Cond: ((k >= 3784222) AND (k <= 3784322))

explain: for range-notcovered :: explain SELECT k, c FROM sbtest%d WHERE k BETWEEN 3361269 AND 3361369
explain: for range-notcovered :: explain SELECT k, c FROM sbtest%d WHERE k BETWEEN 3784222 AND 3784322
for range-notcovered
table 1 : explain SELECT k, c FROM sbtest1 WHERE k BETWEEN 7244199 AND 7244299
	Bitmap Heap Scan on sbtest1  (cost=5.48..409.07 rows=102 width=125)
	  Recheck Cond: ((k >= 7244199) AND (k <= 7244299))
	  ->  Bitmap Index Scan on k_1  (cost=0.00..5.45 rows=102 width=0)
	        Index Cond: ((k >= 7244199) AND (k <= 7244299))

table 2 : explain SELECT k, c FROM sbtest2 WHERE k BETWEEN 7244199 AND 7244299
	Bitmap Heap Scan on sbtest2  (cost=5.49..413.00 rows=103 width=125)
	  Recheck Cond: ((k >= 7244199) AND (k <= 7244299))
	  ->  Bitmap Index Scan on k_2  (cost=0.00..5.46 rows=103 width=0)
	        Index Cond: ((k >= 7244199) AND (k <= 7244299))

table 3 : explain SELECT k, c FROM sbtest3 WHERE k BETWEEN 7244199 AND 7244299
	Bitmap Heap Scan on sbtest3  (cost=5.46..401.19 rows=100 width=125)
	  Recheck Cond: ((k >= 7244199) AND (k <= 7244299))
	  ->  Bitmap Index Scan on k_3  (cost=0.00..5.43 rows=100 width=0)
	        Index Cond: ((k >= 7244199) AND (k <= 7244299))

table 4 : explain SELECT k, c FROM sbtest4 WHERE k BETWEEN 7244199 AND 7244299
	Bitmap Heap Scan on sbtest4  (cost=5.41..381.49 rows=95 width=125)
	  Recheck Cond: ((k >= 7244199) AND (k <= 7244299))
	  ->  Bitmap Index Scan on k_4  (cost=0.00..5.38 rows=95 width=0)
	        Index Cond: ((k >= 7244199) AND (k <= 7244299))

table 5 : explain SELECT k, c FROM sbtest5 WHERE k BETWEEN 7244199 AND 7244299
	Bitmap Heap Scan on sbtest5  (cost=5.47..405.13 rows=101 width=125)
	  Recheck Cond: ((k >= 7244199) AND (k <= 7244299))
	  ->  Bitmap Index Scan on k_5  (cost=0.00..5.44 rows=101 width=0)
	        Index Cond: ((k >= 7244199) AND (k <= 7244299))

table 6 : explain SELECT k, c FROM sbtest6 WHERE k BETWEEN 7244199 AND 7244299
	Bitmap Heap Scan on sbtest6  (cost=5.39..373.61 rows=93 width=125)
	  Recheck Cond: ((k >= 7244199) AND (k <= 7244299))
	  ->  Bitmap Index Scan on k_6  (cost=0.00..5.36 rows=93 width=0)
	        Index Cond: ((k >= 7244199) AND (k <= 7244299))

table 7 : explain SELECT k, c FROM sbtest7 WHERE k BETWEEN 7244199 AND 7244299
	Bitmap Heap Scan on sbtest7  (cost=5.43..389.37 rows=97 width=125)
	  Recheck Cond: ((k >= 7244199) AND (k <= 7244299))
	  ->  Bitmap Index Scan on k_7  (cost=0.00..5.40 rows=97 width=0)
	        Index Cond: ((k >= 7244199) AND (k <= 7244299))

table 8 : explain SELECT k, c FROM sbtest8 WHERE k BETWEEN 7244199 AND 7244299
	Bitmap Heap Scan on sbtest8  (cost=5.47..405.13 rows=101 width=125)
	  Recheck Cond: ((k >= 7244199) AND (k <= 7244299))
	  ->  Bitmap Index Scan on k_8  (cost=0.00..5.44 rows=101 width=0)
	        Index Cond: ((k >= 7244199) AND (k <= 7244299))

explain: for range-notcovered :: explain SELECT k, c FROM sbtest%d WHERE k BETWEEN 7056351 AND 7056451
explain: for range-notcovered :: explain SELECT k, c FROM sbtest%d WHERE k BETWEEN 7244199 AND 7244299
for range-notcovered
table 1 : explain SELECT k, c FROM sbtest1 WHERE k BETWEEN 4528374 AND 4528474
	Bitmap Heap Scan on sbtest1  (cost=5.44..393.31 rows=98 width=125)
	  Recheck Cond: ((k >= 4528374) AND (k <= 4528474))
	  ->  Bitmap Index Scan on k_1  (cost=0.00..5.42 rows=98 width=0)
	        Index Cond: ((k >= 4528374) AND (k <= 4528474))

table 2 : explain SELECT k, c FROM sbtest2 WHERE k BETWEEN 4528374 AND 4528474
	Bitmap Heap Scan on sbtest2  (cost=5.47..405.13 rows=101 width=125)
	  Recheck Cond: ((k >= 4528374) AND (k <= 4528474))
	  ->  Bitmap Index Scan on k_2  (cost=0.00..5.44 rows=101 width=0)
	        Index Cond: ((k >= 4528374) AND (k <= 4528474))

table 3 : explain SELECT k, c FROM sbtest3 WHERE k BETWEEN 4528374 AND 4528474
	Bitmap Heap Scan on sbtest3  (cost=5.42..385.43 rows=96 width=125)
	  Recheck Cond: ((k >= 4528374) AND (k <= 4528474))
	  ->  Bitmap Index Scan on k_3  (cost=0.00..5.39 rows=96 width=0)
	        Index Cond: ((k >= 4528374) AND (k <= 4528474))

table 4 : explain SELECT k, c FROM sbtest4 WHERE k BETWEEN 4528374 AND 4528474
	Bitmap Heap Scan on sbtest4  (cost=5.55..436.62 rows=109 width=125)
	  Recheck Cond: ((k >= 4528374) AND (k <= 4528474))
	  ->  Bitmap Index Scan on k_4  (cost=0.00..5.52 rows=109 width=0)
	        Index Cond: ((k >= 4528374) AND (k <= 4528474))

table 5 : explain SELECT k, c FROM sbtest5 WHERE k BETWEEN 4528374 AND 4528474
	Bitmap Heap Scan on sbtest5  (cost=5.49..413.00 rows=103 width=125)
	  Recheck Cond: ((k >= 4528374) AND (k <= 4528474))
	  ->  Bitmap Index Scan on k_5  (cost=0.00..5.46 rows=103 width=0)
	        Index Cond: ((k >= 4528374) AND (k <= 4528474))

table 6 : explain SELECT k, c FROM sbtest6 WHERE k BETWEEN 4528374 AND 4528474
	Bitmap Heap Scan on sbtest6  (cost=5.52..424.81 rows=106 width=125)
	  Recheck Cond: ((k >= 4528374) AND (k <= 4528474))
	  ->  Bitmap Index Scan on k_6  (cost=0.00..5.50 rows=106 width=0)
	        Index Cond: ((k >= 4528374) AND (k <= 4528474))

table 7 : explain SELECT k, c FROM sbtest7 WHERE k BETWEEN 4528374 AND 4528474
	Bitmap Heap Scan on sbtest7  (cost=5.48..409.07 rows=102 width=125)
	  Recheck Cond: ((k >= 4528374) AND (k <= 4528474))
	  ->  Bitmap Index Scan on k_7  (cost=0.00..5.45 rows=102 width=0)
	        Index Cond: ((k >= 4528374) AND (k <= 4528474))

table 8 : explain SELECT k, c FROM sbtest8 WHERE k BETWEEN 4528374 AND 4528474
	Bitmap Heap Scan on sbtest8  (cost=5.35..357.84 rows=89 width=125)
	  Recheck Cond: ((k >= 4528374) AND (k <= 4528474))
	  ->  Bitmap Index Scan on k_8  (cost=0.00..5.32 rows=89 width=0)
	        Index Cond: ((k >= 4528374) AND (k <= 4528474))

for range-notcovered
table 1 : explain SELECT k, c FROM sbtest1 WHERE k BETWEEN 6051077 AND 6051177
	Bitmap Heap Scan on sbtest1  (cost=5.30..338.11 rows=84 width=125)
	  Recheck Cond: ((k >= 6051077) AND (k <= 6051177))
	  ->  Bitmap Index Scan on k_1  (cost=0.00..5.27 rows=84 width=0)
	        Index Cond: ((k >= 6051077) AND (k <= 6051177))

table 2 : explain SELECT k, c FROM sbtest2 WHERE k BETWEEN 6051077 AND 6051177
	Bitmap Heap Scan on sbtest2  (cost=5.58..448.42 rows=112 width=125)
	  Recheck Cond: ((k >= 6051077) AND (k <= 6051177))
	  ->  Bitmap Index Scan on k_2  (cost=0.00..5.55 rows=112 width=0)
	        Index Cond: ((k >= 6051077) AND (k <= 6051177))

table 3 : explain SELECT k, c FROM sbtest3 WHERE k BETWEEN 6051077 AND 6051177
	Bitmap Heap Scan on sbtest3  (cost=5.48..409.07 rows=102 width=125)
	  Recheck Cond: ((k >= 6051077) AND (k <= 6051177))
	  ->  Bitmap Index Scan on k_3  (cost=0.00..5.45 rows=102 width=0)
	        Index Cond: ((k >= 6051077) AND (k <= 6051177))

table 4 : explain SELECT k, c FROM sbtest4 WHERE k BETWEEN 6051077 AND 6051177
	Bitmap Heap Scan on sbtest4  (cost=5.46..401.19 rows=100 width=125)
	  Recheck Cond: ((k >= 6051077) AND (k <= 6051177))
	  ->  Bitmap Index Scan on k_4  (cost=0.00..5.43 rows=100 width=0)
	        Index Cond: ((k >= 6051077) AND (k <= 6051177))

table 5 : explain SELECT k, c FROM sbtest5 WHERE k BETWEEN 6051077 AND 6051177
	Bitmap Heap Scan on sbtest5  (cost=5.58..448.42 rows=112 width=125)
	  Recheck Cond: ((k >= 6051077) AND (k <= 6051177))
	  ->  Bitmap Index Scan on k_5  (cost=0.00..5.55 rows=112 width=0)
	        Index Cond: ((k >= 6051077) AND (k <= 6051177))

table 6 : explain SELECT k, c FROM sbtest6 WHERE k BETWEEN 6051077 AND 6051177
	Bitmap Heap Scan on sbtest6  (cost=5.56..440.56 rows=110 width=125)
	  Recheck Cond: ((k >= 6051077) AND (k <= 6051177))
	  ->  Bitmap Index Scan on k_6  (cost=0.00..5.53 rows=110 width=0)
	        Index Cond: ((k >= 6051077) AND (k <= 6051177))

table 7 : explain SELECT k, c FROM sbtest7 WHERE k BETWEEN 6051077 AND 6051177
	Bitmap Heap Scan on sbtest7  (cost=5.50..416.94 rows=104 width=125)
	  Recheck Cond: ((k >= 6051077) AND (k <= 6051177))
	  ->  Bitmap Index Scan on k_7  (cost=0.00..5.47 rows=104 width=0)
	        Index Cond: ((k >= 6051077) AND (k <= 6051177))

table 8 : explain SELECT k, c FROM sbtest8 WHERE k BETWEEN 6051077 AND 6051177
	Bitmap Heap Scan on sbtest8  (cost=5.45..397.25 rows=99 width=125)
	  Recheck Cond: ((k >= 6051077) AND (k <= 6051177))
	  ->  Bitmap Index Scan on k_8  (cost=0.00..5.42 rows=99 width=0)
	        Index Cond: ((k >= 6051077) AND (k <= 6051177))

for range-notcovered
table 1 : explain SELECT k, c FROM sbtest1 WHERE k BETWEEN 8346016 AND 8346116
	Bitmap Heap Scan on sbtest1  (cost=5.49..413.00 rows=103 width=125)
	  Recheck Cond: ((k >= 8346016) AND (k <= 8346116))
	  ->  Bitmap Index Scan on k_1  (cost=0.00..5.46 rows=103 width=0)
	        Index Cond: ((k >= 8346016) AND (k <= 8346116))

table 2 : explain SELECT k, c FROM sbtest2 WHERE k BETWEEN 8346016 AND 8346116
	Bitmap Heap Scan on sbtest2  (cost=5.51..420.88 rows=105 width=125)
	  Recheck Cond: ((k >= 8346016) AND (k <= 8346116))
	  ->  Bitmap Index Scan on k_2  (cost=0.00..5.48 rows=105 width=0)
	        Index Cond: ((k >= 8346016) AND (k <= 8346116))

table 3 : explain SELECT k, c FROM sbtest3 WHERE k BETWEEN 8346016 AND 8346116
	Bitmap Heap Scan on sbtest3  (cost=5.51..420.88 rows=105 width=125)
	  Recheck Cond: ((k >= 8346016) AND (k <= 8346116))
	  ->  Bitmap Index Scan on k_3  (cost=0.00..5.48 rows=105 width=0)
	        Index Cond: ((k >= 8346016) AND (k <= 8346116))

table 4 : explain SELECT k, c FROM sbtest4 WHERE k BETWEEN 8346016 AND 8346116
	Bitmap Heap Scan on sbtest4  (cost=5.50..416.94 rows=104 width=125)
	  Recheck Cond: ((k >= 8346016) AND (k <= 8346116))
	  ->  Bitmap Index Scan on k_4  (cost=0.00..5.47 rows=104 width=0)
	        Index Cond: ((k >= 8346016) AND (k <= 8346116))

table 5 : explain SELECT k, c FROM sbtest5 WHERE k BETWEEN 8346016 AND 8346116
	Bitmap Heap Scan on sbtest5  (cost=5.43..389.37 rows=97 width=125)
	  Recheck Cond: ((k >= 8346016) AND (k <= 8346116))
	  ->  Bitmap Index Scan on k_5  (cost=0.00..5.40 rows=97 width=0)
	        Index Cond: ((k >= 8346016) AND (k <= 8346116))

table 6 : explain SELECT k, c FROM sbtest6 WHERE k BETWEEN 8346016 AND 8346116
	Bitmap Heap Scan on sbtest6  (cost=5.44..393.31 rows=98 width=125)
	  Recheck Cond: ((k >= 8346016) AND (k <= 8346116))
	  ->  Bitmap Index Scan on k_6  (cost=0.00..5.42 rows=98 width=0)
	        Index Cond: ((k >= 8346016) AND (k <= 8346116))

table 7 : explain SELECT k, c FROM sbtest7 WHERE k BETWEEN 8346016 AND 8346116
	Bitmap Heap Scan on sbtest7  (cost=5.35..357.84 rows=89 width=125)
	  Recheck Cond: ((k >= 8346016) AND (k <= 8346116))
	  ->  Bitmap Index Scan on k_7  (cost=0.00..5.32 rows=89 width=0)
	        Index Cond: ((k >= 8346016) AND (k <= 8346116))

table 8 : explain SELECT k, c FROM sbtest8 WHERE k BETWEEN 8346016 AND 8346116
	Bitmap Heap Scan on sbtest8  (cost=5.38..369.67 rows=92 width=125)
	  Recheck Cond: ((k >= 8346016) AND (k <= 8346116))
	  ->  Bitmap Index Scan on k_8  (cost=0.00..5.35 rows=92 width=0)
	        Index Cond: ((k >= 8346016) AND (k <= 8346116))

explain: for range-notcovered :: explain SELECT k, c FROM sbtest%d WHERE k BETWEEN 6051077 AND 6051177
for range-notcovered
table 1 : explain SELECT k, c FROM sbtest1 WHERE k BETWEEN 5058812 AND 5058912
	Bitmap Heap Scan on sbtest1  (cost=5.57..444.49 rows=111 width=125)
	  Recheck Cond: ((k >= 5058812) AND (k <= 5058912))
	  ->  Bitmap Index Scan on k_1  (cost=0.00..5.54 rows=111 width=0)
	        Index Cond: ((k >= 5058812) AND (k <= 5058912))

table 2 : explain SELECT k, c FROM sbtest2 WHERE k BETWEEN 5058812 AND 5058912
	Bitmap Heap Scan on sbtest2  (cost=5.48..409.07 rows=102 width=125)
	  Recheck Cond: ((k >= 5058812) AND (k <= 5058912))
	  ->  Bitmap Index Scan on k_2  (cost=0.00..5.45 rows=102 width=0)
	        Index Cond: ((k >= 5058812) AND (k <= 5058912))

table 3 : explain SELECT k, c FROM sbtest3 WHERE k BETWEEN 5058812 AND 5058912
	Bitmap Heap Scan on sbtest3  (cost=5.49..413.00 rows=103 width=125)
	  Recheck Cond: ((k >= 5058812) AND (k <= 5058912))
	  ->  Bitmap Index Scan on k_3  (cost=0.00..5.46 rows=103 width=0)
	        Index Cond: ((k >= 5058812) AND (k <= 5058912))

table 4 : explain SELECT k, c FROM sbtest4 WHERE k BETWEEN 5058812 AND 5058912
	Bitmap Heap Scan on sbtest4  (cost=5.50..416.94 rows=104 width=125)
	  Recheck Cond: ((k >= 5058812) AND (k <= 5058912))
	  ->  Bitmap Index Scan on k_4  (cost=0.00..5.47 rows=104 width=0)
	        Index Cond: ((k >= 5058812) AND (k <= 5058912))

table 5 : explain SELECT k, c FROM sbtest5 WHERE k BETWEEN 5058812 AND 5058912
	Bitmap Heap Scan on sbtest5  (cost=5.48..409.07 rows=102 width=125)
	  Recheck Cond: ((k >= 5058812) AND (k <= 5058912))
	  ->  Bitmap Index Scan on k_5  (cost=0.00..5.45 rows=102 width=0)
	        Index Cond: ((k >= 5058812) AND (k <= 5058912))

table 6 : explain SELECT k, c FROM sbtest6 WHERE k BETWEEN 5058812 AND 5058912
	Bitmap Heap Scan on sbtest6  (cost=5.40..377.55 rows=94 width=125)
	  Recheck Cond: ((k >= 5058812) AND (k <= 5058912))
	  ->  Bitmap Index Scan on k_6  (cost=0.00..5.38 rows=94 width=0)
	        Index Cond: ((k >= 5058812) AND (k <= 5058912))

table 7 : explain SELECT k, c FROM sbtest7 WHERE k BETWEEN 5058812 AND 5058912
	Bitmap Heap Scan on sbtest7  (cost=5.53..428.75 rows=107 width=125)
	  Recheck Cond: ((k >= 5058812) AND (k <= 5058912))
	  ->  Bitmap Index Scan on k_7  (cost=0.00..5.50 rows=107 width=0)
	        Index Cond: ((k >= 5058812) AND (k <= 5058912))

table 8 : explain SELECT k, c FROM sbtest8 WHERE k BETWEEN 5058812 AND 5058912
	Bitmap Heap Scan on sbtest8  (cost=5.52..424.81 rows=106 width=125)
	  Recheck Cond: ((k >= 5058812) AND (k <= 5058912))
	  ->  Bitmap Index Scan on k_8  (cost=0.00..5.50 rows=106 width=0)
	        Index Cond: ((k >= 5058812) AND (k <= 5058912))

explain: for range-notcovered :: explain SELECT k, c FROM sbtest%d WHERE k BETWEEN 5905660 AND 5905760
explain: for range-notcovered :: explain SELECT k, c FROM sbtest%d WHERE k BETWEEN 5058812 AND 5058912for range-notcovered
table 1 : explain SELECT k, c FROM sbtest1 WHERE k BETWEEN 3595886 AND 3595986
	Bitmap Heap Scan on sbtest1  (cost=5.48..409.07 rows=102 width=125)
	  Recheck Cond: ((k >= 3595886) AND (k <= 3595986))
	  ->  Bitmap Index Scan on k_1  (cost=0.00..5.45 rows=102 width=0)
	        Index Cond: ((k >= 3595886) AND (k <= 3595986))

table 2 : explain SELECT k, c FROM sbtest2 WHERE k BETWEEN 3595886 AND 3595986
	Bitmap Heap Scan on sbtest2  (cost=5.37..365.72 rows=91 width=125)
	  Recheck Cond: ((k >= 3595886) AND (k <= 3595986))
	  ->  Bitmap Index Scan on k_2  (cost=0.00..5.34 rows=91 width=0)
	        Index Cond: ((k >= 3595886) AND (k <= 3595986))

table 3 : explain SELECT k, c FROM sbtest3 WHERE k BETWEEN 3595886 AND 3595986
	Bitmap Heap Scan on sbtest3  (cost=5.49..413.00 rows=103 width=125)
	  Recheck Cond: ((k >= 3595886) AND (k <= 3595986))
	  ->  Bitmap Index Scan on k_3  (cost=0.00..5.46 rows=103 width=0)
	        Index Cond: ((k >= 3595886) AND (k <= 3595986))

table 4 : explain SELECT k, c FROM sbtest4 WHERE k BETWEEN 3595886 AND 3595986
	Bitmap Heap Scan on sbtest4  (cost=5.48..409.07 rows=102 width=125)
	  Recheck Cond: ((k >= 3595886) AND (k <= 3595986))
	  ->  Bitmap Index Scan on k_4  (cost=0.00..5.45 rows=102 width=0)
	        Index Cond: ((k >= 3595886) AND (k <= 3595986))

table 5 : explain SELECT k, c FROM sbtest5 WHERE k BETWEEN 3595886 AND 3595986
	Bitmap Heap Scan on sbtest5  (cost=5.51..420.88 rows=105 width=125)
	  Recheck Cond: ((k >= 3595886) AND (k <= 3595986))
	  ->  Bitmap Index Scan on k_5  (cost=0.00..5.48 rows=105 width=0)
	        Index Cond: ((k >= 3595886) AND (k <= 3595986))

table 6 : explain SELECT k, c FROM sbtest6 WHERE k BETWEEN 3595886 AND 3595986
	Bitmap Heap Scan on sbtest6  (cost=5.49..413.00 rows=103 width=125)
	  Recheck Cond: ((k >= 3595886) AND (k <= 3595986))
	  ->  Bitmap Index Scan on k_6  (cost=0.00..5.46 rows=103 width=0)
	        Index Cond: ((k >= 3595886) AND (k <= 3595986))

table 7 : explain SELECT k, c FROM sbtest7 WHERE k BETWEEN 3595886 AND 3595986
	Bitmap Heap Scan on sbtest7  (cost=5.48..409.07 rows=102 width=125)
	  Recheck Cond: ((k >= 3595886) AND (k <= 3595986))
	  ->  Bitmap Index Scan on k_7  (cost=0.00..5.45 rows=102 width=0)
	        Index Cond: ((k >= 3595886) AND (k <= 3595986))

table 8 : explain SELECT k, c FROM sbtest8 WHERE k BETWEEN 3595886 AND 3595986
	Bitmap Heap Scan on sbtest8  (cost=5.39..373.61 rows=93 width=125)
	  Recheck Cond: ((k >= 3595886) AND (k <= 3595986))
	  ->  Bitmap Index Scan on k_8  (cost=0.00..5.36 rows=93 width=0)
	        Index Cond: ((k >= 3595886) AND (k <= 3595986))


explain: for range-notcovered :: explain SELECT k, c FROM sbtest%d WHERE k BETWEEN 3595886 AND 3595986
for range-notcovered
table 1 : explain SELECT k, c FROM sbtest1 WHERE k BETWEEN 3784222 AND 3784322
	Bitmap Heap Scan on sbtest1  (cost=5.60..456.29 rows=114 width=125)
	  Recheck Cond: ((k >= 3784222) AND (k <= 3784322))
	  ->  Bitmap Index Scan on k_1  (cost=0.00..5.58 rows=114 width=0)
	        Index Cond: ((k >= 3784222) AND (k <= 3784322))

table 2 : explain SELECT k, c FROM sbtest2 WHERE k BETWEEN 3784222 AND 3784322
	Bitmap Heap Scan on sbtest2  (cost=5.50..416.94 rows=104 width=125)
	  Recheck Cond: ((k >= 3784222) AND (k <= 3784322))
	  ->  Bitmap Index Scan on k_2  (cost=0.00..5.47 rows=104 width=0)
	        Index Cond: ((k >= 3784222) AND (k <= 3784322))

table 3 : explain SELECT k, c FROM sbtest3 WHERE k BETWEEN 3784222 AND 3784322
	Bitmap Heap Scan on sbtest3  (cost=5.48..409.07 rows=102 width=125)
	  Recheck Cond: ((k >= 3784222) AND (k <= 3784322))
	  ->  Bitmap Index Scan on k_3  (cost=0.00..5.45 rows=102 width=0)
	        Index Cond: ((k >= 3784222) AND (k <= 3784322))

table 4 : explain SELECT k, c FROM sbtest4 WHERE k BETWEEN 3784222 AND 3784322
	Bitmap Heap Scan on sbtest4  (cost=5.43..389.37 rows=97 width=125)
	  Recheck Cond: ((k >= 3784222) AND (k <= 3784322))
	  ->  Bitmap Index Scan on k_4  (cost=0.00..5.40 rows=97 width=0)
	        Index Cond: ((k >= 3784222) AND (k <= 3784322))

table 5 : explain SELECT k, c FROM sbtest5 WHERE k BETWEEN 3784222 AND 3784322
	Bitmap Heap Scan on sbtest5  (cost=5.47..405.13 rows=101 width=125)
	  Recheck Cond: ((k >= 3784222) AND (k <= 3784322))
	  ->  Bitmap Index Scan on k_5  (cost=0.00..5.44 rows=101 width=0)
	        Index Cond: ((k >= 3784222) AND (k <= 3784322))

table 6 : explain SELECT k, c FROM sbtest6 WHERE k BETWEEN 3784222 AND 3784322
	Bitmap Heap Scan on sbtest6  (cost=5.59..452.36 rows=113 width=125)
	  Recheck Cond: ((k >= 3784222) AND (k <= 3784322))
	  ->  Bitmap Index Scan on k_6  (cost=0.00..5.56 rows=113 width=0)
	        Index Cond: ((k >= 3784222) AND (k <= 3784322))

table 7 : explain SELECT k, c FROM sbtest7 WHERE k BETWEEN 3784222 AND 3784322
	Bitmap Heap Scan on sbtest7  (cost=5.47..405.13 rows=101 width=125)
	  Recheck Cond: ((k >= 3784222) AND (k <= 3784322))
	  ->  Bitmap Index Scan on k_7  (cost=0.00..5.44 rows=101 width=0)
	        Index Cond: ((k >= 3784222) AND (k <= 3784322))

table 8 : explain SELECT k, c FROM sbtest8 WHERE k BETWEEN 3784222 AND 3784322
	Bitmap Heap Scan on sbtest8  (cost=5.52..424.81 rows=106 width=125)
	  Recheck Cond: ((k >= 3784222) AND (k <= 3784322))
	  ->  Bitmap Index Scan on k_8  (cost=0.00..5.50 rows=106 width=0)
	        Index Cond: ((k >= 3784222) AND (k <= 3784322))

explain: for range-notcovered :: explain SELECT k, c FROM sbtest%d WHERE k BETWEEN 3784222 AND 3784322
for range-notcovered
table 1 : explain SELECT k, c FROM sbtest1 WHERE k BETWEEN 987113 AND 987213
	Bitmap Heap Scan on sbtest1  (cost=5.51..420.88 rows=105 width=125)
	  Recheck Cond: ((k >= 987113) AND (k <= 987213))
	  ->  Bitmap Index Scan on k_1  (cost=0.00..5.48 rows=105 width=0)
	        Index Cond: ((k >= 987113) AND (k <= 987213))

table 2 : explain SELECT k, c FROM sbtest2 WHERE k BETWEEN 987113 AND 987213
	Bitmap Heap Scan on sbtest2  (cost=5.52..424.81 rows=106 width=125)
	  Recheck Cond: ((k >= 987113) AND (k <= 987213))
	  ->  Bitmap Index Scan on k_2  (cost=0.00..5.50 rows=106 width=0)
	        Index Cond: ((k >= 987113) AND (k <= 987213))

table 3 : explain SELECT k, c FROM sbtest3 WHERE k BETWEEN 987113 AND 987213
	Bitmap Heap Scan on sbtest3  (cost=5.48..409.07 rows=102 width=125)
	  Recheck Cond: ((k >= 987113) AND (k <= 987213))
	  ->  Bitmap Index Scan on k_3  (cost=0.00..5.45 rows=102 width=0)
	        Index Cond: ((k >= 987113) AND (k <= 987213))

table 4 : explain SELECT k, c FROM sbtest4 WHERE k BETWEEN 987113 AND 987213
	Bitmap Heap Scan on sbtest4  (cost=5.49..413.00 rows=103 width=125)
	  Recheck Cond: ((k >= 987113) AND (k <= 987213))
	  ->  Bitmap Index Scan on k_4  (cost=0.00..5.46 rows=103 width=0)
	        Index Cond: ((k >= 987113) AND (k <= 987213))

table 5 : explain SELECT k, c FROM sbtest5 WHERE k BETWEEN 987113 AND 987213
	Bitmap Heap Scan on sbtest5  (cost=5.50..416.94 rows=104 width=125)
	  Recheck Cond: ((k >= 987113) AND (k <= 987213))
	  ->  Bitmap Index Scan on k_5  (cost=0.00..5.47 rows=104 width=0)
	        Index Cond: ((k >= 987113) AND (k <= 987213))

table 6 : explain SELECT k, c FROM sbtest6 WHERE k BETWEEN 987113 AND 987213
	Bitmap Heap Scan on sbtest6  (cost=5.46..401.19 rows=100 width=125)
	  Recheck Cond: ((k >= 987113) AND (k <= 987213))
	  ->  Bitmap Index Scan on k_6  (cost=0.00..5.43 rows=100 width=0)
	        Index Cond: ((k >= 987113) AND (k <= 987213))

table 7 : explain SELECT k, c FROM sbtest7 WHERE k BETWEEN 987113 AND 987213
	Bitmap Heap Scan on sbtest7  (cost=5.58..448.42 rows=112 width=125)
	  Recheck Cond: ((k >= 987113) AND (k <= 987213))
	  ->  Bitmap Index Scan on k_7  (cost=0.00..5.55 rows=112 width=0)
	        Index Cond: ((k >= 987113) AND (k <= 987213))

table 8 : explain SELECT k, c FROM sbtest8 WHERE k BETWEEN 987113 AND 987213
	Bitmap Heap Scan on sbtest8  (cost=5.45..397.25 rows=99 width=125)
	  Recheck Cond: ((k >= 987113) AND (k <= 987213))
	  ->  Bitmap Index Scan on k_8  (cost=0.00..5.42 rows=99 width=0)
	        Index Cond: ((k >= 987113) AND (k <= 987213))

for range-notcovered
table 1 : explain SELECT k, c FROM sbtest1 WHERE k BETWEEN 4263573 AND 4263673
	Bitmap Heap Scan on sbtest1  (cost=5.46..401.19 rows=100 width=125)
	  Recheck Cond: ((k >= 4263573) AND (k <= 4263673))
	  ->  Bitmap Index Scan on k_1  (cost=0.00..5.43 rows=100 width=0)
	        Index Cond: ((k >= 4263573) AND (k <= 4263673))

table 2 : explain SELECT k, c FROM sbtest2 WHERE k BETWEEN 4263573 AND 4263673
	Bitmap Heap Scan on sbtest2  (cost=5.50..416.94 rows=104 width=125)
	  Recheck Cond: ((k >= 4263573) AND (k <= 4263673))
	  ->  Bitmap Index Scan on k_2  (cost=0.00..5.47 rows=104 width=0)
	        Index Cond: ((k >= 4263573) AND (k <= 4263673))

table 3 : explain SELECT k, c FROM sbtest3 WHERE k BETWEEN 4263573 AND 4263673
	Bitmap Heap Scan on sbtest3  (cost=5.42..385.43 rows=96 width=125)
	  Recheck Cond: ((k >= 4263573) AND (k <= 4263673))
	  ->  Bitmap Index Scan on k_3  (cost=0.00..5.39 rows=96 width=0)
	        Index Cond: ((k >= 4263573) AND (k <= 4263673))

table 4 : explain SELECT k, c FROM sbtest4 WHERE k BETWEEN 4263573 AND 4263673
	Bitmap Heap Scan on sbtest4  (cost=5.47..405.13 rows=101 width=125)
	  Recheck Cond: ((k >= 4263573) AND (k <= 4263673))
	  ->  Bitmap Index Scan on k_4  (cost=0.00..5.44 rows=101 width=0)
	        Index Cond: ((k >= 4263573) AND (k <= 4263673))

table 5 : explain SELECT k, c FROM sbtest5 WHERE k BETWEEN 4263573 AND 4263673
	Bitmap Heap Scan on sbtest5  (cost=5.49..413.00 rows=103 width=125)
	  Recheck Cond: ((k >= 4263573) AND (k <= 4263673))
	  ->  Bitmap Index Scan on k_5  (cost=0.00..5.46 rows=103 width=0)
	        Index Cond: ((k >= 4263573) AND (k <= 4263673))

table 6 : explain SELECT k, c FROM sbtest6 WHERE k BETWEEN 4263573 AND 4263673
	Bitmap Heap Scan on sbtest6  (cost=5.53..428.75 rows=107 width=125)
	  Recheck Cond: ((k >= 4263573) AND (k <= 4263673))
	  ->  Bitmap Index Scan on k_6  (cost=0.00..5.50 rows=107 width=0)
	        Index Cond: ((k >= 4263573) AND (k <= 4263673))

table 7 : explain SELECT k, c FROM sbtest7 WHERE k BETWEEN 4263573 AND 4263673
	Bitmap Heap Scan on sbtest7  (cost=5.44..393.31 rows=98 width=125)
	  Recheck Cond: ((k >= 4263573) AND (k <= 4263673))
	  ->  Bitmap Index Scan on k_7  (cost=0.00..5.42 rows=98 width=0)
	        Index Cond: ((k >= 4263573) AND (k <= 4263673))

table 8 : explain SELECT k, c FROM sbtest8 WHERE k BETWEEN 4263573 AND 4263673
	Bitmap Heap Scan on sbtest8  (cost=5.57..444.49 rows=111 width=125)
	  Recheck Cond: ((k >= 4263573) AND (k <= 4263673))
	  ->  Bitmap Index Scan on k_8  (cost=0.00..5.54 rows=111 width=0)
	        Index Cond: ((k >= 4263573) AND (k <= 4263673))

for range-notcovered
table 1 : explain SELECT k, c FROM sbtest1 WHERE k BETWEEN 5392017 AND 5392117
	Bitmap Heap Scan on sbtest1  (cost=5.40..377.55 rows=94 width=125)
	  Recheck Cond: ((k >= 5392017) AND (k <= 5392117))
	  ->  Bitmap Index Scan on k_1  (cost=0.00..5.38 rows=94 width=0)
	        Index Cond: ((k >= 5392017) AND (k <= 5392117))

table 2 : explain SELECT k, c FROM sbtest2 WHERE k BETWEEN 5392017 AND 5392117
	Bitmap Heap Scan on sbtest2  (cost=5.44..393.31 rows=98 width=125)
	  Recheck Cond: ((k >= 5392017) AND (k <= 5392117))
	  ->  Bitmap Index Scan on k_2  (cost=0.00..5.42 rows=98 width=0)
	        Index Cond: ((k >= 5392017) AND (k <= 5392117))

table 3 : explain SELECT k, c FROM sbtest3 WHERE k BETWEEN 5392017 AND 5392117
	Bitmap Heap Scan on sbtest3  (cost=5.49..413.00 rows=103 width=125)
	  Recheck Cond: ((k >= 5392017) AND (k <= 5392117))
	  ->  Bitmap Index Scan on k_3  (cost=0.00..5.46 rows=103 width=0)
	        Index Cond: ((k >= 5392017) AND (k <= 5392117))

table 4 : explain SELECT k, c FROM sbtest4 WHERE k BETWEEN 5392017 AND 5392117
	Bitmap Heap Scan on sbtest4  (cost=5.54..432.69 rows=108 width=125)
	  Recheck Cond: ((k >= 5392017) AND (k <= 5392117))
	  ->  Bitmap Index Scan on k_4  (cost=0.00..5.51 rows=108 width=0)
	        Index Cond: ((k >= 5392017) AND (k <= 5392117))

table 5 : explain SELECT k, c FROM sbtest5 WHERE k BETWEEN 5392017 AND 5392117
	Bitmap Heap Scan on sbtest5  (cost=5.49..413.00 rows=103 width=125)
	  Recheck Cond: ((k >= 5392017) AND (k <= 5392117))
	  ->  Bitmap Index Scan on k_5  (cost=0.00..5.46 rows=103 width=0)
	        Index Cond: ((k >= 5392017) AND (k <= 5392117))

table 6 : explain SELECT k, c FROM sbtest6 WHERE k BETWEEN 5392017 AND 5392117
	Bitmap Heap Scan on sbtest6  (cost=5.55..436.62 rows=109 width=125)
	  Recheck Cond: ((k >= 5392017) AND (k <= 5392117))
	  ->  Bitmap Index Scan on k_6  (cost=0.00..5.52 rows=109 width=0)
	        Index Cond: ((k >= 5392017) AND (k <= 5392117))

table 7 : explain SELECT k, c FROM sbtest7 WHERE k BETWEEN 5392017 AND 5392117
	Bitmap Heap Scan on sbtest7  (cost=5.52..424.81 rows=106 width=125)
	  Recheck Cond: ((k >= 5392017) AND (k <= 5392117))
	  ->  Bitmap Index Scan on k_7  (cost=0.00..5.50 rows=106 width=0)
	        Index Cond: ((k >= 5392017) AND (k <= 5392117))

table 8 : explain SELECT k, c FROM sbtest8 WHERE k BETWEEN 5392017 AND 5392117
	Bitmap Heap Scan on sbtest8  (cost=5.55..436.62 rows=109 width=125)
	  Recheck Cond: ((k >= 5392017) AND (k <= 5392117))
	  ->  Bitmap Index Scan on k_8  (cost=0.00..5.52 rows=109 width=0)
	        Index Cond: ((k >= 5392017) AND (k <= 5392117))

for range-notcovered
table 1 : explain SELECT k, c FROM sbtest1 WHERE k BETWEEN 6051077 AND 6051177
	Bitmap Heap Scan on sbtest1  (cost=5.30..338.11 rows=84 width=125)
	  Recheck Cond: ((k >= 6051077) AND (k <= 6051177))
	  ->  Bitmap Index Scan on k_1  (cost=0.00..5.27 rows=84 width=0)
	        Index Cond: ((k >= 6051077) AND (k <= 6051177))

table 2 : explain SELECT k, c FROM sbtest2 WHERE k BETWEEN 6051077 AND 6051177
	Bitmap Heap Scan on sbtest2  (cost=5.58..448.42 rows=112 width=125)
	  Recheck Cond: ((k >= 6051077) AND (k <= 6051177))
	  ->  Bitmap Index Scan on k_2  (cost=0.00..5.55 rows=112 width=0)
	        Index Cond: ((k >= 6051077) AND (k <= 6051177))

table 3 : explain SELECT k, c FROM sbtest3 WHERE k BETWEEN 6051077 AND 6051177
	Bitmap Heap Scan on sbtest3  (cost=5.48..409.07 rows=102 width=125)
	  Recheck Cond: ((k >= 6051077) AND (k <= 6051177))
	  ->  Bitmap Index Scan on k_3  (cost=0.00..5.45 rows=102 width=0)
	        Index Cond: ((k >= 6051077) AND (k <= 6051177))

table 4 : explain SELECT k, c FROM sbtest4 WHERE k BETWEEN 6051077 AND 6051177
	Bitmap Heap Scan on sbtest4  (cost=5.46..401.19 rows=100 width=125)
	  Recheck Cond: ((k >= 6051077) AND (k <= 6051177))
	  ->  Bitmap Index Scan on k_4  (cost=0.00..5.43 rows=100 width=0)
	        Index Cond: ((k >= 6051077) AND (k <= 6051177))

table 5 : explain SELECT k, c FROM sbtest5 WHERE k BETWEEN 6051077 AND 6051177
	Bitmap Heap Scan on sbtest5  (cost=5.58..448.42 rows=112 width=125)
	  Recheck Cond: ((k >= 6051077) AND (k <= 6051177))
	  ->  Bitmap Index Scan on k_5  (cost=0.00..5.55 rows=112 width=0)
	        Index Cond: ((k >= 6051077) AND (k <= 6051177))

table 6 : explain SELECT k, c FROM sbtest6 WHERE k BETWEEN 6051077 AND 6051177
	Bitmap Heap Scan on sbtest6  (cost=5.56..440.56 rows=110 width=125)
	  Recheck Cond: ((k >= 6051077) AND (k <= 6051177))
	  ->  Bitmap Index Scan on k_6  (cost=0.00..5.53 rows=110 width=0)
	        Index Cond: ((k >= 6051077) AND (k <= 6051177))

table 7 : explain SELECT k, c FROM sbtest7 WHERE k BETWEEN 6051077 AND 6051177
	Bitmap Heap Scan on sbtest7  (cost=5.50..416.94 rows=104 width=125)
	  Recheck Cond: ((k >= 6051077) AND (k <= 6051177))
	  ->  Bitmap Index Scan on k_7  (cost=0.00..5.47 rows=104 width=0)
	        Index Cond: ((k >= 6051077) AND (k <= 6051177))

table 8 : explain SELECT k, c FROM sbtest8 WHERE k BETWEEN 6051077 AND 6051177
	Bitmap Heap Scan on sbtest8  (cost=5.45..397.25 rows=99 width=125)
	  Recheck Cond: ((k >= 6051077) AND (k <= 6051177))
	  ->  Bitmap Index Scan on k_8  (cost=0.00..5.42 rows=99 width=0)
	        Index Cond: ((k >= 6051077) AND (k <= 6051177))

explain: for range-notcovered :: explain SELECT k, c FROM sbtest%d WHERE k BETWEEN 5392017 AND 5392117
for range-notcovered
table 1 : explain SELECT k, c FROM sbtest1 WHERE k BETWEEN 4541118 AND 4541218
	Bitmap Heap Scan on sbtest1  (cost=5.44..393.31 rows=98 width=125)
	  Recheck Cond: ((k >= 4541118) AND (k <= 4541218))
	  ->  Bitmap Index Scan on k_1  (cost=0.00..5.42 rows=98 width=0)
	        Index Cond: ((k >= 4541118) AND (k <= 4541218))

table 2 : explain SELECT k, c FROM sbtest2 WHERE k BETWEEN 4541118 AND 4541218
	Bitmap Heap Scan on sbtest2  (cost=5.47..405.13 rows=101 width=125)
	  Recheck Cond: ((k >= 4541118) AND (k <= 4541218))
	  ->  Bitmap Index Scan on k_2  (cost=0.00..5.44 rows=101 width=0)
	        Index Cond: ((k >= 4541118) AND (k <= 4541218))

table 3 : explain SELECT k, c FROM sbtest3 WHERE k BETWEEN 4541118 AND 4541218
	Bitmap Heap Scan on sbtest3  (cost=5.42..385.43 rows=96 width=125)
	  Recheck Cond: ((k >= 4541118) AND (k <= 4541218))
	  ->  Bitmap Index Scan on k_3  (cost=0.00..5.39 rows=96 width=0)
	        Index Cond: ((k >= 4541118) AND (k <= 4541218))

table 4 : explain SELECT k, c FROM sbtest4 WHERE k BETWEEN 4541118 AND 4541218
	Bitmap Heap Scan on sbtest4  (cost=5.55..436.62 rows=109 width=125)
	  Recheck Cond: ((k >= 4541118) AND (k <= 4541218))
	  ->  Bitmap Index Scan on k_4  (cost=0.00..5.52 rows=109 width=0)
	        Index Cond: ((k >= 4541118) AND (k <= 4541218))

table 5 : explain SELECT k, c FROM sbtest5 WHERE k BETWEEN 4541118 AND 4541218
	Bitmap Heap Scan on sbtest5  (cost=5.49..413.00 rows=103 width=125)
	  Recheck Cond: ((k >= 4541118) AND (k <= 4541218))
	  ->  Bitmap Index Scan on k_5  (cost=0.00..5.46 rows=103 width=0)
	        Index Cond: ((k >= 4541118) AND (k <= 4541218))

table 6 : explain SELECT k, c FROM sbtest6 WHERE k BETWEEN 4541118 AND 4541218
	Bitmap Heap Scan on sbtest6  (cost=5.52..424.81 rows=106 width=125)
	  Recheck Cond: ((k >= 4541118) AND (k <= 4541218))
	  ->  Bitmap Index Scan on k_6  (cost=0.00..5.50 rows=106 width=0)
	        Index Cond: ((k >= 4541118) AND (k <= 4541218))

table 7 : explain SELECT k, c FROM sbtest7 WHERE k BETWEEN 4541118 AND 4541218
	Bitmap Heap Scan on sbtest7  (cost=5.48..409.07 rows=102 width=125)
	  Recheck Cond: ((k >= 4541118) AND (k <= 4541218))
	  ->  Bitmap Index Scan on k_7  (cost=0.00..5.45 rows=102 width=0)
	        Index Cond: ((k >= 4541118) AND (k <= 4541218))

table 8 : explain SELECT k, c FROM sbtest8 WHERE k BETWEEN 4541118 AND 4541218
	Bitmap Heap Scan on sbtest8  (cost=5.35..357.84 rows=89 width=125)
	  Recheck Cond: ((k >= 4541118) AND (k <= 4541218))
	  ->  Bitmap Index Scan on k_8  (cost=0.00..5.32 rows=89 width=0)
	        Index Cond: ((k >= 4541118) AND (k <= 4541218))

explain: for range-notcovered :: explain SELECT k, c FROM sbtest%d WHERE k BETWEEN 4263573 AND 4263673
explain: for range-notcovered :: explain SELECT k, c FROM sbtest%d WHERE k BETWEEN 6051077 AND 6051177
explain: for range-notcovered :: explain SELECT k, c FROM sbtest%d WHERE k BETWEEN 987113 AND 987213
explain: for range-notcovered :: explain SELECT k, c FROM sbtest%d WHERE k BETWEEN 4541118 AND 4541218
for range-notcovered
table 1 : explain SELECT k, c FROM sbtest1 WHERE k BETWEEN 5058812 AND 5058912
	Bitmap Heap Scan on sbtest1  (cost=5.57..444.49 rows=111 width=125)
	  Recheck Cond: ((k >= 5058812) AND (k <= 5058912))
	  ->  Bitmap Index Scan on k_1  (cost=0.00..5.54 rows=111 width=0)
	        Index Cond: ((k >= 5058812) AND (k <= 5058912))

table 2 : explain SELECT k, c FROM sbtest2 WHERE k BETWEEN 5058812 AND 5058912
	Bitmap Heap Scan on sbtest2  (cost=5.48..409.07 rows=102 width=125)
	  Recheck Cond: ((k >= 5058812) AND (k <= 5058912))
	  ->  Bitmap Index Scan on k_2  (cost=0.00..5.45 rows=102 width=0)
	        Index Cond: ((k >= 5058812) AND (k <= 5058912))

table 3 : explain SELECT k, c FROM sbtest3 WHERE k BETWEEN 5058812 AND 5058912
	Bitmap Heap Scan on sbtest3  (cost=5.49..413.00 rows=103 width=125)
	  Recheck Cond: ((k >= 5058812) AND (k <= 5058912))
	  ->  Bitmap Index Scan on k_3  (cost=0.00..5.46 rows=103 width=0)
	        Index Cond: ((k >= 5058812) AND (k <= 5058912))

table 4 : explain SELECT k, c FROM sbtest4 WHERE k BETWEEN 5058812 AND 5058912
	Bitmap Heap Scan on sbtest4  (cost=5.50..416.94 rows=104 width=125)
	  Recheck Cond: ((k >= 5058812) AND (k <= 5058912))
	  ->  Bitmap Index Scan on k_4  (cost=0.00..5.47 rows=104 width=0)
	        Index Cond: ((k >= 5058812) AND (k <= 5058912))

table 5 : explain SELECT k, c FROM sbtest5 WHERE k BETWEEN 5058812 AND 5058912
	Bitmap Heap Scan on sbtest5  (cost=5.48..409.07 rows=102 width=125)
	  Recheck Cond: ((k >= 5058812) AND (k <= 5058912))
	  ->  Bitmap Index Scan on k_5  (cost=0.00..5.45 rows=102 width=0)
	        Index Cond: ((k >= 5058812) AND (k <= 5058912))

table 6 : explain SELECT k, c FROM sbtest6 WHERE k BETWEEN 5058812 AND 5058912
	Bitmap Heap Scan on sbtest6  (cost=5.40..377.55 rows=94 width=125)
	  Recheck Cond: ((k >= 5058812) AND (k <= 5058912))
	  ->  Bitmap Index Scan on k_6  (cost=0.00..5.38 rows=94 width=0)
	        Index Cond: ((k >= 5058812) AND (k <= 5058912))

table 7 : explain SELECT k, c FROM sbtest7 WHERE k BETWEEN 5058812 AND 5058912
	Bitmap Heap Scan on sbtest7  (cost=5.53..428.75 rows=107 width=125)
	  Recheck Cond: ((k >= 5058812) AND (k <= 5058912))
	  ->  Bitmap Index Scan on k_7  (cost=0.00..5.50 rows=107 width=0)
	        Index Cond: ((k >= 5058812) AND (k <= 5058912))

table 8 : explain SELECT k, c FROM sbtest8 WHERE k BETWEEN 5058812 AND 5058912
	Bitmap Heap Scan on sbtest8  (cost=5.52..424.81 rows=106 width=125)
	  Recheck Cond: ((k >= 5058812) AND (k <= 5058912))
	  ->  Bitmap Index Scan on k_8  (cost=0.00..5.50 rows=106 width=0)
	        Index Cond: ((k >= 5058812) AND (k <= 5058912))

for range-notcovered
table 1 : explain SELECT k, c FROM sbtest1 WHERE k BETWEEN 3595886 AND 3595986
	Bitmap Heap Scan on sbtest1  (cost=5.48..409.07 rows=102 width=125)
	  Recheck Cond: ((k >= 3595886) AND (k <= 3595986))
	  ->  Bitmap Index Scan on k_1  (cost=0.00..5.45 rows=102 width=0)
	        Index Cond: ((k >= 3595886) AND (k <= 3595986))

table 2 : explain SELECT k, c FROM sbtest2 WHERE k BETWEEN 3595886 AND 3595986
	Bitmap Heap Scan on sbtest2  (cost=5.37..365.72 rows=91 width=125)
	  Recheck Cond: ((k >= 3595886) AND (k <= 3595986))
	  ->  Bitmap Index Scan on k_2  (cost=0.00..5.34 rows=91 width=0)
	        Index Cond: ((k >= 3595886) AND (k <= 3595986))

table 3 : explain SELECT k, c FROM sbtest3 WHERE k BETWEEN 3595886 AND 3595986
	Bitmap Heap Scan on sbtest3  (cost=5.49..413.00 rows=103 width=125)
	  Recheck Cond: ((k >= 3595886) AND (k <= 3595986))
	  ->  Bitmap Index Scan on k_3  (cost=0.00..5.46 rows=103 width=0)
	        Index Cond: ((k >= 3595886) AND (k <= 3595986))

table 4 : explain SELECT k, c FROM sbtest4 WHERE k BETWEEN 3595886 AND 3595986
	Bitmap Heap Scan on sbtest4  (cost=5.48..409.07 rows=102 width=125)
	  Recheck Cond: ((k >= 3595886) AND (k <= 3595986))
	  ->  Bitmap Index Scan on k_4  (cost=0.00..5.45 rows=102 width=0)
	        Index Cond: ((k >= 3595886) AND (k <= 3595986))

table 5 : explain SELECT k, c FROM sbtest5 WHERE k BETWEEN 3595886 AND 3595986
	Bitmap Heap Scan on sbtest5  (cost=5.51..420.88 rows=105 width=125)
	  Recheck Cond: ((k >= 3595886) AND (k <= 3595986))
	  ->  Bitmap Index Scan on k_5  (cost=0.00..5.48 rows=105 width=0)
	        Index Cond: ((k >= 3595886) AND (k <= 3595986))

table 6 : explain SELECT k, c FROM sbtest6 WHERE k BETWEEN 3595886 AND 3595986
	Bitmap Heap Scan on sbtest6  (cost=5.49..413.00 rows=103 width=125)
	  Recheck Cond: ((k >= 3595886) AND (k <= 3595986))
	  ->  Bitmap Index Scan on k_6  (cost=0.00..5.46 rows=103 width=0)
	        Index Cond: ((k >= 3595886) AND (k <= 3595986))

table 7 : explain SELECT k, c FROM sbtest7 WHERE k BETWEEN 3595886 AND 3595986
	Bitmap Heap Scan on sbtest7  (cost=5.48..409.07 rows=102 width=125)
	  Recheck Cond: ((k >= 3595886) AND (k <= 3595986))
	  ->  Bitmap Index Scan on k_7  (cost=0.00..5.45 rows=102 width=0)
	        Index Cond: ((k >= 3595886) AND (k <= 3595986))

table 8 : explain SELECT k, c FROM sbtest8 WHERE k BETWEEN 3595886 AND 3595986
	Bitmap Heap Scan on sbtest8  (cost=5.39..373.61 rows=93 width=125)
	  Recheck Cond: ((k >= 3595886) AND (k <= 3595986))
	  ->  Bitmap Index Scan on k_8  (cost=0.00..5.36 rows=93 width=0)
	        Index Cond: ((k >= 3595886) AND (k <= 3595986))

explain: for range-notcovered :: explain SELECT k, c FROM sbtest%d WHERE k BETWEEN 5058812 AND 5058912
explain: for range-notcovered :: explain SELECT k, c FROM sbtest%d WHERE k BETWEEN 3595886 AND 3595986
for range-notcovered
table 1 : explain SELECT k, c FROM sbtest1 WHERE k BETWEEN 7244199 AND 7244299
	Bitmap Heap Scan on sbtest1  (cost=5.48..409.07 rows=102 width=125)
	  Recheck Cond: ((k >= 7244199) AND (k <= 7244299))
	  ->  Bitmap Index Scan on k_1  (cost=0.00..5.45 rows=102 width=0)
	        Index Cond: ((k >= 7244199) AND (k <= 7244299))

table 2 : explain SELECT k, c FROM sbtest2 WHERE k BETWEEN 7244199 AND 7244299
	Bitmap Heap Scan on sbtest2  (cost=5.49..413.00 rows=103 width=125)
	  Recheck Cond: ((k >= 7244199) AND (k <= 7244299))
	  ->  Bitmap Index Scan on k_2  (cost=0.00..5.46 rows=103 width=0)
	        Index Cond: ((k >= 7244199) AND (k <= 7244299))

table 3 : explain SELECT k, c FROM sbtest3 WHERE k BETWEEN 7244199 AND 7244299
	Bitmap Heap Scan on sbtest3  (cost=5.46..401.19 rows=100 width=125)
	  Recheck Cond: ((k >= 7244199) AND (k <= 7244299))
	  ->  Bitmap Index Scan on k_3  (cost=0.00..5.43 rows=100 width=0)
	        Index Cond: ((k >= 7244199) AND (k <= 7244299))

table 4 : explain SELECT k, c FROM sbtest4 WHERE k BETWEEN 7244199 AND 7244299
	Bitmap Heap Scan on sbtest4  (cost=5.41..381.49 rows=95 width=125)
	  Recheck Cond: ((k >= 7244199) AND (k <= 7244299))
	  ->  Bitmap Index Scan on k_4  (cost=0.00..5.38 rows=95 width=0)
	        Index Cond: ((k >= 7244199) AND (k <= 7244299))

table 5 : explain SELECT k, c FROM sbtest5 WHERE k BETWEEN 7244199 AND 7244299
	Bitmap Heap Scan on sbtest5  (cost=5.47..405.13 rows=101 width=125)
	  Recheck Cond: ((k >= 7244199) AND (k <= 7244299))
	  ->  Bitmap Index Scan on k_5  (cost=0.00..5.44 rows=101 width=0)
	        Index Cond: ((k >= 7244199) AND (k <= 7244299))

table 6 : explain SELECT k, c FROM sbtest6 WHERE k BETWEEN 7244199 AND 7244299
	Bitmap Heap Scan on sbtest6  (cost=5.39..373.61 rows=93 width=125)
	  Recheck Cond: ((k >= 7244199) AND (k <= 7244299))
	  ->  Bitmap Index Scan on k_6  (cost=0.00..5.36 rows=93 width=0)
	        Index Cond: ((k >= 7244199) AND (k <= 7244299))

table 7 : explain SELECT k, c FROM sbtest7 WHERE k BETWEEN 7244199 AND 7244299
	Bitmap Heap Scan on sbtest7  (cost=5.43..389.37 rows=97 width=125)
	  Recheck Cond: ((k >= 7244199) AND (k <= 7244299))
	  ->  Bitmap Index Scan on k_7  (cost=0.00..5.40 rows=97 width=0)
	        Index Cond: ((k >= 7244199) AND (k <= 7244299))

table 8 : explain SELECT k, c FROM sbtest8 WHERE k BETWEEN 7244199 AND 7244299
	Bitmap Heap Scan on sbtest8  (cost=5.47..405.13 rows=101 width=125)
	  Recheck Cond: ((k >= 7244199) AND (k <= 7244299))
	  ->  Bitmap Index Scan on k_8  (cost=0.00..5.44 rows=101 width=0)
	        Index Cond: ((k >= 7244199) AND (k <= 7244299))

for range-notcovered
table 1 : explain SELECT k, c FROM sbtest1 WHERE k BETWEEN 3784222 AND 3784322
	Bitmap Heap Scan on sbtest1  (cost=5.60..456.29 rows=114 width=125)
	  Recheck Cond: ((k >= 3784222) AND (k <= 3784322))
	  ->  Bitmap Index Scan on k_1  (cost=0.00..5.58 rows=114 width=0)
	        Index Cond: ((k >= 3784222) AND (k <= 3784322))

table 2 : explain SELECT k, c FROM sbtest2 WHERE k BETWEEN 3784222 AND 3784322
	Bitmap Heap Scan on sbtest2  (cost=5.50..416.94 rows=104 width=125)
	  Recheck Cond: ((k >= 3784222) AND (k <= 3784322))
	  ->  Bitmap Index Scan on k_2  (cost=0.00..5.47 rows=104 width=0)
	        Index Cond: ((k >= 3784222) AND (k <= 3784322))

table 3 : explain SELECT k, c FROM sbtest3 WHERE k BETWEEN 3784222 AND 3784322
	Bitmap Heap Scan on sbtest3  (cost=5.48..409.07 rows=102 width=125)
	  Recheck Cond: ((k >= 3784222) AND (k <= 3784322))
	  ->  Bitmap Index Scan on k_3  (cost=0.00..5.45 rows=102 width=0)
	        Index Cond: ((k >= 3784222) AND (k <= 3784322))

table 4 : explain SELECT k, c FROM sbtest4 WHERE k BETWEEN 3784222 AND 3784322
	Bitmap Heap Scan on sbtest4  (cost=5.43..389.37 rows=97 width=125)
	  Recheck Cond: ((k >= 3784222) AND (k <= 3784322))
	  ->  Bitmap Index Scan on k_4  (cost=0.00..5.40 rows=97 width=0)
	        Index Cond: ((k >= 3784222) AND (k <= 3784322))

table 5 : explain SELECT k, c FROM sbtest5 WHERE k BETWEEN 3784222 AND 3784322
	Bitmap Heap Scan on sbtest5  (cost=5.47..405.13 rows=101 width=125)
	  Recheck Cond: ((k >= 3784222) AND (k <= 3784322))
	  ->  Bitmap Index Scan on k_5  (cost=0.00..5.44 rows=101 width=0)
	        Index Cond: ((k >= 3784222) AND (k <= 3784322))

table 6 : explain SELECT k, c FROM sbtest6 WHERE k BETWEEN 3784222 AND 3784322
	Bitmap Heap Scan on sbtest6  (cost=5.59..452.36 rows=113 width=125)
	  Recheck Cond: ((k >= 3784222) AND (k <= 3784322))
	  ->  Bitmap Index Scan on k_6  (cost=0.00..5.56 rows=113 width=0)
	        Index Cond: ((k >= 3784222) AND (k <= 3784322))

table 7 : explain SELECT k, c FROM sbtest7 WHERE k BETWEEN 3784222 AND 3784322
	Bitmap Heap Scan on sbtest7  (cost=5.47..405.13 rows=101 width=125)
	  Recheck Cond: ((k >= 3784222) AND (k <= 3784322))
	  ->  Bitmap Index Scan on k_7  (cost=0.00..5.44 rows=101 width=0)
	        Index Cond: ((k >= 3784222) AND (k <= 3784322))

table 8 : explain SELECT k, c FROM sbtest8 WHERE k BETWEEN 3784222 AND 3784322
	Bitmap Heap Scan on sbtest8  (cost=5.52..424.81 rows=106 width=125)
	  Recheck Cond: ((k >= 3784222) AND (k <= 3784322))
	  ->  Bitmap Index Scan on k_8  (cost=0.00..5.50 rows=106 width=0)
	        Index Cond: ((k >= 3784222) AND (k <= 3784322))

for range-notcovered
table 1 : explain SELECT k, c FROM sbtest1 WHERE k BETWEEN 3361269 AND 3361369
	Bitmap Heap Scan on sbtest1  (cost=5.49..413.00 rows=103 width=125)
	  Recheck Cond: ((k >= 3361269) AND (k <= 3361369))
	  ->  Bitmap Index Scan on k_1  (cost=0.00..5.46 rows=103 width=0)
	        Index Cond: ((k >= 3361269) AND (k <= 3361369))

table 2 : explain SELECT k, c FROM sbtest2 WHERE k BETWEEN 3361269 AND 3361369
	Bitmap Heap Scan on sbtest2  (cost=5.56..440.56 rows=110 width=125)
	  Recheck Cond: ((k >= 3361269) AND (k <= 3361369))
	  ->  Bitmap Index Scan on k_2  (cost=0.00..5.53 rows=110 width=0)
	        Index Cond: ((k >= 3361269) AND (k <= 3361369))

table 3 : explain SELECT k, c FROM sbtest3 WHERE k BETWEEN 3361269 AND 3361369
	Bitmap Heap Scan on sbtest3  (cost=5.43..389.37 rows=97 width=125)
	  Recheck Cond: ((k >= 3361269) AND (k <= 3361369))
	  ->  Bitmap Index Scan on k_3  (cost=0.00..5.40 rows=97 width=0)
	        Index Cond: ((k >= 3361269) AND (k <= 3361369))

table 4 : explain SELECT k, c FROM sbtest4 WHERE k BETWEEN 3361269 AND 3361369
	Bitmap Heap Scan on sbtest4  (cost=5.45..397.25 rows=99 width=125)
	  Recheck Cond: ((k >= 3361269) AND (k <= 3361369))
	  ->  Bitmap Index Scan on k_4  (cost=0.00..5.42 rows=99 width=0)
	        Index Cond: ((k >= 3361269) AND (k <= 3361369))

table 5 : explain SELECT k, c FROM sbtest5 WHERE k BETWEEN 3361269 AND 3361369
	Bitmap Heap Scan on sbtest5  (cost=5.46..401.19 rows=100 width=125)
	  Recheck Cond: ((k >= 3361269) AND (k <= 3361369))
	  ->  Bitmap Index Scan on k_5  (cost=0.00..5.43 rows=100 width=0)
	        Index Cond: ((k >= 3361269) AND (k <= 3361369))

table 6 : explain SELECT k, c FROM sbtest6 WHERE k BETWEEN 3361269 AND 3361369
	Bitmap Heap Scan on sbtest6  (cost=5.50..416.94 rows=104 width=125)
	  Recheck Cond: ((k >= 3361269) AND (k <= 3361369))
	  ->  Bitmap Index Scan on k_6  (cost=0.00..5.47 rows=104 width=0)
	        Index Cond: ((k >= 3361269) AND (k <= 3361369))

table 7 : explain SELECT k, c FROM sbtest7 WHERE k BETWEEN 3361269 AND 3361369
	Bitmap Heap Scan on sbtest7  (cost=5.51..420.88 rows=105 width=125)
	  Recheck Cond: ((k >= 3361269) AND (k <= 3361369))
	  ->  Bitmap Index Scan on k_7  (cost=0.00..5.48 rows=105 width=0)
	        Index Cond: ((k >= 3361269) AND (k <= 3361369))

table 8 : explain SELECT k, c FROM sbtest8 WHERE k BETWEEN 3361269 AND 3361369
	Bitmap Heap Scan on sbtest8  (cost=5.53..428.75 rows=107 width=125)
	  Recheck Cond: ((k >= 3361269) AND (k <= 3361369))
	  ->  Bitmap Index Scan on k_8  (cost=0.00..5.50 rows=107 width=0)
	        Index Cond: ((k >= 3361269) AND (k <= 3361369))

for range-notcovered
table 1 : explain SELECT k, c FROM sbtest1 WHERE k BETWEEN 7056351 AND 7056451
	Bitmap Heap Scan on sbtest1  (cost=5.49..413.00 rows=103 width=125)
	  Recheck Cond: ((k >= 7056351) AND (k <= 7056451))
	  ->  Bitmap Index Scan on k_1  (cost=0.00..5.46 rows=103 width=0)
	        Index Cond: ((k >= 7056351) AND (k <= 7056451))

table 2 : explain SELECT k, c FROM sbtest2 WHERE k BETWEEN 7056351 AND 7056451
	Bitmap Heap Scan on sbtest2  (cost=5.48..409.07 rows=102 width=125)
	  Recheck Cond: ((k >= 7056351) AND (k <= 7056451))
	  ->  Bitmap Index Scan on k_2  (cost=0.00..5.45 rows=102 width=0)
	        Index Cond: ((k >= 7056351) AND (k <= 7056451))

table 3 : explain SELECT k, c FROM sbtest3 WHERE k BETWEEN 7056351 AND 7056451
	Bitmap Heap Scan on sbtest3  (cost=5.58..448.42 rows=112 width=125)
	  Recheck Cond: ((k >= 7056351) AND (k <= 7056451))
	  ->  Bitmap Index Scan on k_3  (cost=0.00..5.55 rows=112 width=0)
	        Index Cond: ((k >= 7056351) AND (k <= 7056451))

table 4 : explain SELECT k, c FROM sbtest4 WHERE k BETWEEN 7056351 AND 7056451
	Bitmap Heap Scan on sbtest4  (cost=5.47..405.13 rows=101 width=125)
	  Recheck Cond: ((k >= 7056351) AND (k <= 7056451))
	  ->  Bitmap Index Scan on k_4  (cost=0.00..5.44 rows=101 width=0)
	        Index Cond: ((k >= 7056351) AND (k <= 7056451))

table 5 : explain SELECT k, c FROM sbtest5 WHERE k BETWEEN 7056351 AND 7056451
	Bitmap Heap Scan on sbtest5  (cost=5.43..389.37 rows=97 width=125)
	  Recheck Cond: ((k >= 7056351) AND (k <= 7056451))
	  ->  Bitmap Index Scan on k_5  (cost=0.00..5.40 rows=97 width=0)
	        Index Cond: ((k >= 7056351) AND (k <= 7056451))

table 6 : explain SELECT k, c FROM sbtest6 WHERE k BETWEEN 7056351 AND 7056451
	Bitmap Heap Scan on sbtest6  (cost=5.48..409.07 rows=102 width=125)
	  Recheck Cond: ((k >= 7056351) AND (k <= 7056451))
	  ->  Bitmap Index Scan on k_6  (cost=0.00..5.45 rows=102 width=0)
	        Index Cond: ((k >= 7056351) AND (k <= 7056451))

table 7 : explain SELECT k, c FROM sbtest7 WHERE k BETWEEN 7056351 AND 7056451
	Bitmap Heap Scan on sbtest7  (cost=5.54..432.69 rows=108 width=125)
	  Recheck Cond: ((k >= 7056351) AND (k <= 7056451))
	  ->  Bitmap Index Scan on k_7  (cost=0.00..5.51 rows=108 width=0)
	        Index Cond: ((k >= 7056351) AND (k <= 7056451))

table 8 : explain SELECT k, c FROM sbtest8 WHERE k BETWEEN 7056351 AND 7056451
	Bitmap Heap Scan on sbtest8  (cost=5.45..397.25 rows=99 width=125)
	  Recheck Cond: ((k >= 7056351) AND (k <= 7056451))
	  ->  Bitmap Index Scan on k_8  (cost=0.00..5.42 rows=99 width=0)
	        Index Cond: ((k >= 7056351) AND (k <= 7056451))

explain: for range-notcovered :: explain SELECT k, c FROM sbtest%d WHERE k BETWEEN 3361269 AND 3361369
for range-notcovered
table 1 : explain SELECT k, c FROM sbtest1 WHERE k BETWEEN 5392017 AND 5392117
	Bitmap Heap Scan on sbtest1  (cost=5.40..377.55 rows=94 width=125)
	  Recheck Cond: ((k >= 5392017) AND (k <= 5392117))
	  ->  Bitmap Index Scan on k_1  (cost=0.00..5.38 rows=94 width=0)
	        Index Cond: ((k >= 5392017) AND (k <= 5392117))

table 2 : explain SELECT k, c FROM sbtest2 WHERE k BETWEEN 5392017 AND 5392117
	Bitmap Heap Scan on sbtest2  (cost=5.44..393.31 rows=98 width=125)
	  Recheck Cond: ((k >= 5392017) AND (k <= 5392117))
	  ->  Bitmap Index Scan on k_2  (cost=0.00..5.42 rows=98 width=0)
	        Index Cond: ((k >= 5392017) AND (k <= 5392117))

table 3 : explain SELECT k, c FROM sbtest3 WHERE k BETWEEN 5392017 AND 5392117
	Bitmap Heap Scan on sbtest3  (cost=5.49..413.00 rows=103 width=125)
	  Recheck Cond: ((k >= 5392017) AND (k <= 5392117))
	  ->  Bitmap Index Scan on k_3  (cost=0.00..5.46 rows=103 width=0)
	        Index Cond: ((k >= 5392017) AND (k <= 5392117))

table 4 : explain SELECT k, c FROM sbtest4 WHERE k BETWEEN 5392017 AND 5392117
	Bitmap Heap Scan on sbtest4  (cost=5.54..432.69 rows=108 width=125)
	  Recheck Cond: ((k >= 5392017) AND (k <= 5392117))
	  ->  Bitmap Index Scan on k_4  (cost=0.00..5.51 rows=108 width=0)
	        Index Cond: ((k >= 5392017) AND (k <= 5392117))

table 5 : explain SELECT k, c FROM sbtest5 WHERE k BETWEEN 5392017 AND 5392117
	Bitmap Heap Scan on sbtest5  (cost=5.49..413.00 rows=103 width=125)
	  Recheck Cond: ((k >= 5392017) AND (k <= 5392117))
	  ->  Bitmap Index Scan on k_5  (cost=0.00..5.46 rows=103 width=0)
	        Index Cond: ((k >= 5392017) AND (k <= 5392117))

table 6 : explain SELECT k, c FROM sbtest6 WHERE k BETWEEN 5392017 AND 5392117
	Bitmap Heap Scan on sbtest6  (cost=5.55..436.62 rows=109 width=125)
	  Recheck Cond: ((k >= 5392017) AND (k <= 5392117))
	  ->  Bitmap Index Scan on k_6  (cost=0.00..5.52 rows=109 width=0)
	        Index Cond: ((k >= 5392017) AND (k <= 5392117))

table 7 : explain SELECT k, c FROM sbtest7 WHERE k BETWEEN 5392017 AND 5392117
	Bitmap Heap Scan on sbtest7  (cost=5.52..424.81 rows=106 width=125)
	  Recheck Cond: ((k >= 5392017) AND (k <= 5392117))
	  ->  Bitmap Index Scan on k_7  (cost=0.00..5.50 rows=106 width=0)
	        Index Cond: ((k >= 5392017) AND (k <= 5392117))

table 8 : explain SELECT k, c FROM sbtest8 WHERE k BETWEEN 5392017 AND 5392117
	Bitmap Heap Scan on sbtest8  (cost=5.55..436.62 rows=109 width=125)
	  Recheck Cond: ((k >= 5392017) AND (k <= 5392117))
	  ->  Bitmap Index Scan on k_8  (cost=0.00..5.52 rows=109 width=0)
	        Index Cond: ((k >= 5392017) AND (k <= 5392117))

for range-notcovered
table 1 : explain SELECT k, c FROM sbtest1 WHERE k BETWEEN 6051077 AND 6051177
	Bitmap Heap Scan on sbtest1  (cost=5.30..338.11 rows=84 width=125)
	  Recheck Cond: ((k >= 6051077) AND (k <= 6051177))
	  ->  Bitmap Index Scan on k_1  (cost=0.00..5.27 rows=84 width=0)
	        Index Cond: ((k >= 6051077) AND (k <= 6051177))

table 2 : explain SELECT k, c FROM sbtest2 WHERE k BETWEEN 6051077 AND 6051177
	Bitmap Heap Scan on sbtest2  (cost=5.58..448.42 rows=112 width=125)
	  Recheck Cond: ((k >= 6051077) AND (k <= 6051177))
	  ->  Bitmap Index Scan on k_2  (cost=0.00..5.55 rows=112 width=0)
	        Index Cond: ((k >= 6051077) AND (k <= 6051177))

table 3 : explain SELECT k, c FROM sbtest3 WHERE k BETWEEN 6051077 AND 6051177
	Bitmap Heap Scan on sbtest3  (cost=5.48..409.07 rows=102 width=125)
	  Recheck Cond: ((k >= 6051077) AND (k <= 6051177))
	  ->  Bitmap Index Scan on k_3  (cost=0.00..5.45 rows=102 width=0)
	        Index Cond: ((k >= 6051077) AND (k <= 6051177))

table 4 : explain SELECT k, c FROM sbtest4 WHERE k BETWEEN 6051077 AND 6051177
	Bitmap Heap Scan on sbtest4  (cost=5.46..401.19 rows=100 width=125)
	  Recheck Cond: ((k >= 6051077) AND (k <= 6051177))
	  ->  Bitmap Index Scan on k_4  (cost=0.00..5.43 rows=100 width=0)
	        Index Cond: ((k >= 6051077) AND (k <= 6051177))

table 5 : explain SELECT k, c FROM sbtest5 WHERE k BETWEEN 6051077 AND 6051177
	Bitmap Heap Scan on sbtest5  (cost=5.58..448.42 rows=112 width=125)
	  Recheck Cond: ((k >= 6051077) AND (k <= 6051177))
	  ->  Bitmap Index Scan on k_5  (cost=0.00..5.55 rows=112 width=0)
	        Index Cond: ((k >= 6051077) AND (k <= 6051177))

table 6 : explain SELECT k, c FROM sbtest6 WHERE k BETWEEN 6051077 AND 6051177
	Bitmap Heap Scan on sbtest6  (cost=5.56..440.56 rows=110 width=125)
	  Recheck Cond: ((k >= 6051077) AND (k <= 6051177))
	  ->  Bitmap Index Scan on k_6  (cost=0.00..5.53 rows=110 width=0)
	        Index Cond: ((k >= 6051077) AND (k <= 6051177))

table 7 : explain SELECT k, c FROM sbtest7 WHERE k BETWEEN 6051077 AND 6051177
	Bitmap Heap Scan on sbtest7  (cost=5.50..416.94 rows=104 width=125)
	  Recheck Cond: ((k >= 6051077) AND (k <= 6051177))
	  ->  Bitmap Index Scan on k_7  (cost=0.00..5.47 rows=104 width=0)
	        Index Cond: ((k >= 6051077) AND (k <= 6051177))

table 8 : explain SELECT k, c FROM sbtest8 WHERE k BETWEEN 6051077 AND 6051177
	Bitmap Heap Scan on sbtest8  (cost=5.45..397.25 rows=99 width=125)
	  Recheck Cond: ((k >= 6051077) AND (k <= 6051177))
	  ->  Bitmap Index Scan on k_8  (cost=0.00..5.42 rows=99 width=0)
	        Index Cond: ((k >= 6051077) AND (k <= 6051177))

explain: for range-notcovered :: explain SELECT k, c FROM sbtest%d WHERE k BETWEEN 5392017 AND 5392117
for range-notcovered
table 1 : explain SELECT k, c FROM sbtest1 WHERE k BETWEEN 5058812 AND 5058912
	Bitmap Heap Scan on sbtest1  (cost=5.57..444.49 rows=111 width=125)
	  Recheck Cond: ((k >= 5058812) AND (k <= 5058912))
	  ->  Bitmap Index Scan on k_1  (cost=0.00..5.54 rows=111 width=0)
	        Index Cond: ((k >= 5058812) AND (k <= 5058912))

table 2 : explain SELECT k, c FROM sbtest2 WHERE k BETWEEN 5058812 AND 5058912
	Bitmap Heap Scan on sbtest2  (cost=5.48..409.07 rows=102 width=125)
	  Recheck Cond: ((k >= 5058812) AND (k <= 5058912))
	  ->  Bitmap Index Scan on k_2  (cost=0.00..5.45 rows=102 width=0)
	        Index Cond: ((k >= 5058812) AND (k <= 5058912))

table 3 : explain SELECT k, c FROM sbtest3 WHERE k BETWEEN 5058812 AND 5058912
	Bitmap Heap Scan on sbtest3  (cost=5.49..413.00 rows=103 width=125)
	  Recheck Cond: ((k >= 5058812) AND (k <= 5058912))
	  ->  Bitmap Index Scan on k_3  (cost=0.00..5.46 rows=103 width=0)
	        Index Cond: ((k >= 5058812) AND (k <= 5058912))

table 4 : explain SELECT k, c FROM sbtest4 WHERE k BETWEEN 5058812 AND 5058912
	Bitmap Heap Scan on sbtest4  (cost=5.50..416.94 rows=104 width=125)
	  Recheck Cond: ((k >= 5058812) AND (k <= 5058912))
	  ->  Bitmap Index Scan on k_4  (cost=0.00..5.47 rows=104 width=0)
	        Index Cond: ((k >= 5058812) AND (k <= 5058912))

table 5 : explain SELECT k, c FROM sbtest5 WHERE k BETWEEN 5058812 AND 5058912
	Bitmap Heap Scan on sbtest5  (cost=5.48..409.07 rows=102 width=125)
	  Recheck Cond: ((k >= 5058812) AND (k <= 5058912))
	  ->  Bitmap Index Scan on k_5  (cost=0.00..5.45 rows=102 width=0)
	        Index Cond: ((k >= 5058812) AND (k <= 5058912))

table 6 : explain SELECT k, c FROM sbtest6 WHERE k BETWEEN 5058812 AND 5058912
	Bitmap Heap Scan on sbtest6  (cost=5.40..377.55 rows=94 width=125)
	  Recheck Cond: ((k >= 5058812) AND (k <= 5058912))
	  ->  Bitmap Index Scan on k_6  (cost=0.00..5.38 rows=94 width=0)
	        Index Cond: ((k >= 5058812) AND (k <= 5058912))

table 7 : explain SELECT k, c FROM sbtest7 WHERE k BETWEEN 5058812 AND 5058912
	Bitmap Heap Scan on sbtest7  (cost=5.53..428.75 rows=107 width=125)
	  Recheck Cond: ((k >= 5058812) AND (k <= 5058912))
	  ->  Bitmap Index Scan on k_7  (cost=0.00..5.50 rows=107 width=0)
	        Index Cond: ((k >= 5058812) AND (k <= 5058912))

table 8 : explain SELECT k, c FROM sbtest8 WHERE k BETWEEN 5058812 AND 5058912
	Bitmap Heap Scan on sbtest8  (cost=5.52..424.81 rows=106 width=125)
	  Recheck Cond: ((k >= 5058812) AND (k <= 5058912))
	  ->  Bitmap Index Scan on k_8  (cost=0.00..5.50 rows=106 width=0)
	        Index Cond: ((k >= 5058812) AND (k <= 5058912))

for range-notcovered
table 1 : explain SELECT k, c FROM sbtest1 WHERE k BETWEEN 3595886 AND 3595986
	Bitmap Heap Scan on sbtest1  (cost=5.48..409.07 rows=102 width=125)
	  Recheck Cond: ((k >= 3595886) AND (k <= 3595986))
	  ->  Bitmap Index Scan on k_1  (cost=0.00..5.45 rows=102 width=0)
	        Index Cond: ((k >= 3595886) AND (k <= 3595986))

table 2 : explain SELECT k, c FROM sbtest2 WHERE k BETWEEN 3595886 AND 3595986
	Bitmap Heap Scan on sbtest2  (cost=5.37..365.72 rows=91 width=125)
	  Recheck Cond: ((k >= 3595886) AND (k <= 3595986))
	  ->  Bitmap Index Scan on k_2  (cost=0.00..5.34 rows=91 width=0)
	        Index Cond: ((k >= 3595886) AND (k <= 3595986))

table 3 : explain SELECT k, c FROM sbtest3 WHERE k BETWEEN 3595886 AND 3595986
	Bitmap Heap Scan on sbtest3  (cost=5.49..413.00 rows=103 width=125)
	  Recheck Cond: ((k >= 3595886) AND (k <= 3595986))
	  ->  Bitmap Index Scan on k_3  (cost=0.00..5.46 rows=103 width=0)
	        Index Cond: ((k >= 3595886) AND (k <= 3595986))

table 4 : explain SELECT k, c FROM sbtest4 WHERE k BETWEEN 3595886 AND 3595986
	Bitmap Heap Scan on sbtest4  (cost=5.48..409.07 rows=102 width=125)
	  Recheck Cond: ((k >= 3595886) AND (k <= 3595986))
	  ->  Bitmap Index Scan on k_4  (cost=0.00..5.45 rows=102 width=0)
	        Index Cond: ((k >= 3595886) AND (k <= 3595986))

table 5 : explain SELECT k, c FROM sbtest5 WHERE k BETWEEN 3595886 AND 3595986
	Bitmap Heap Scan on sbtest5  (cost=5.51..420.88 rows=105 width=125)
	  Recheck Cond: ((k >= 3595886) AND (k <= 3595986))
	  ->  Bitmap Index Scan on k_5  (cost=0.00..5.48 rows=105 width=0)
	        Index Cond: ((k >= 3595886) AND (k <= 3595986))

table 6 : explain SELECT k, c FROM sbtest6 WHERE k BETWEEN 3595886 AND 3595986
	Bitmap Heap Scan on sbtest6  (cost=5.49..413.00 rows=103 width=125)
	  Recheck Cond: ((k >= 3595886) AND (k <= 3595986))
	  ->  Bitmap Index Scan on k_6  (cost=0.00..5.46 rows=103 width=0)
	        Index Cond: ((k >= 3595886) AND (k <= 3595986))

table 7 : explain SELECT k, c FROM sbtest7 WHERE k BETWEEN 3595886 AND 3595986
	Bitmap Heap Scan on sbtest7  (cost=5.48..409.07 rows=102 width=125)
	  Recheck Cond: ((k >= 3595886) AND (k <= 3595986))
	  ->  Bitmap Index Scan on k_7  (cost=0.00..5.45 rows=102 width=0)
	        Index Cond: ((k >= 3595886) AND (k <= 3595986))

table 8 : explain SELECT k, c FROM sbtest8 WHERE k BETWEEN 3595886 AND 3595986
	Bitmap Heap Scan on sbtest8  (cost=5.39..373.61 rows=93 width=125)
	  Recheck Cond: ((k >= 3595886) AND (k <= 3595986))
	  ->  Bitmap Index Scan on k_8  (cost=0.00..5.36 rows=93 width=0)
	        Index Cond: ((k >= 3595886) AND (k <= 3595986))

explain: for range-notcovered :: explain SELECT k, c FROM sbtest%d WHERE k BETWEEN 3595886 AND 3595986
explain: for range-notcovered :: explain SELECT k, c FROM sbtest%d WHERE k BETWEEN 4528374 AND 4528474
explain: for range-notcovered :: explain SELECT k, c FROM sbtest%d WHERE k BETWEEN 8346016 AND 8346116
explain: for range-notcovered :: explain SELECT k, c FROM sbtest%d WHERE k BETWEEN 4874881 AND 4874981
for range-notcovered
table 1 : explain SELECT k, c FROM sbtest1 WHERE k BETWEEN 4263573 AND 4263673
	Bitmap Heap Scan on sbtest1  (cost=5.46..401.19 rows=100 width=125)
	  Recheck Cond: ((k >= 4263573) AND (k <= 4263673))
	  ->  Bitmap Index Scan on k_1  (cost=0.00..5.43 rows=100 width=0)
	        Index Cond: ((k >= 4263573) AND (k <= 4263673))

table 2 : explain SELECT k, c FROM sbtest2 WHERE k BETWEEN 4263573 AND 4263673
	Bitmap Heap Scan on sbtest2  (cost=5.50..416.94 rows=104 width=125)
	  Recheck Cond: ((k >= 4263573) AND (k <= 4263673))
	  ->  Bitmap Index Scan on k_2  (cost=0.00..5.47 rows=104 width=0)
	        Index Cond: ((k >= 4263573) AND (k <= 4263673))

table 3 : explain SELECT k, c FROM sbtest3 WHERE k BETWEEN 4263573 AND 4263673
	Bitmap Heap Scan on sbtest3  (cost=5.42..385.43 rows=96 width=125)
	  Recheck Cond: ((k >= 4263573) AND (k <= 4263673))
	  ->  Bitmap Index Scan on k_3  (cost=0.00..5.39 rows=96 width=0)
	        Index Cond: ((k >= 4263573) AND (k <= 4263673))

table 4 : explain SELECT k, c FROM sbtest4 WHERE k BETWEEN 4263573 AND 4263673
	Bitmap Heap Scan on sbtest4  (cost=5.47..405.13 rows=101 width=125)
	  Recheck Cond: ((k >= 4263573) AND (k <= 4263673))
	  ->  Bitmap Index Scan on k_4  (cost=0.00..5.44 rows=101 width=0)
	        Index Cond: ((k >= 4263573) AND (k <= 4263673))

table 5 : explain SELECT k, c FROM sbtest5 WHERE k BETWEEN 4263573 AND 4263673
	Bitmap Heap Scan on sbtest5  (cost=5.49..413.00 rows=103 width=125)
	  Recheck Cond: ((k >= 4263573) AND (k <= 4263673))
	  ->  Bitmap Index Scan on k_5  (cost=0.00..5.46 rows=103 width=0)
	        Index Cond: ((k >= 4263573) AND (k <= 4263673))

table 6 : explain SELECT k, c FROM sbtest6 WHERE k BETWEEN 4263573 AND 4263673
	Bitmap Heap Scan on sbtest6  (cost=5.53..428.75 rows=107 width=125)
	  Recheck Cond: ((k >= 4263573) AND (k <= 4263673))
	  ->  Bitmap Index Scan on k_6  (cost=0.00..5.50 rows=107 width=0)
	        Index Cond: ((k >= 4263573) AND (k <= 4263673))

table 7 : explain SELECT k, c FROM sbtest7 WHERE k BETWEEN 4263573 AND 4263673
	Bitmap Heap Scan on sbtest7  (cost=5.44..393.31 rows=98 width=125)
	  Recheck Cond: ((k >= 4263573) AND (k <= 4263673))
	  ->  Bitmap Index Scan on k_7  (cost=0.00..5.42 rows=98 width=0)
	        Index Cond: ((k >= 4263573) AND (k <= 4263673))

table 8 : explain SELECT k, c FROM sbtest8 WHERE k BETWEEN 4263573 AND 4263673
	Bitmap Heap Scan on sbtest8  (cost=5.57..444.49 rows=111 width=125)
	  Recheck Cond: ((k >= 4263573) AND (k <= 4263673))
	  ->  Bitmap Index Scan on k_8  (cost=0.00..5.54 rows=111 width=0)
	        Index Cond: ((k >= 4263573) AND (k <= 4263673))

for range-notcovered
table 1 : explain SELECT k, c FROM sbtest1 WHERE k BETWEEN 987113 AND 987213
	Bitmap Heap Scan on sbtest1  (cost=5.51..420.88 rows=105 width=125)
	  Recheck Cond: ((k >= 987113) AND (k <= 987213))
	  ->  Bitmap Index Scan on k_1  (cost=0.00..5.48 rows=105 width=0)
	        Index Cond: ((k >= 987113) AND (k <= 987213))

table 2 : explain SELECT k, c FROM sbtest2 WHERE k BETWEEN 987113 AND 987213
	Bitmap Heap Scan on sbtest2  (cost=5.52..424.81 rows=106 width=125)
	  Recheck Cond: ((k >= 987113) AND (k <= 987213))
	  ->  Bitmap Index Scan on k_2  (cost=0.00..5.50 rows=106 width=0)
	        Index Cond: ((k >= 987113) AND (k <= 987213))

table 3 : explain SELECT k, c FROM sbtest3 WHERE k BETWEEN 987113 AND 987213
	Bitmap Heap Scan on sbtest3  (cost=5.48..409.07 rows=102 width=125)
	  Recheck Cond: ((k >= 987113) AND (k <= 987213))
	  ->  Bitmap Index Scan on k_3  (cost=0.00..5.45 rows=102 width=0)
	        Index Cond: ((k >= 987113) AND (k <= 987213))

table 4 : explain SELECT k, c FROM sbtest4 WHERE k BETWEEN 987113 AND 987213
	Bitmap Heap Scan on sbtest4  (cost=5.49..413.00 rows=103 width=125)
	  Recheck Cond: ((k >= 987113) AND (k <= 987213))
	  ->  Bitmap Index Scan on k_4  (cost=0.00..5.46 rows=103 width=0)
	        Index Cond: ((k >= 987113) AND (k <= 987213))

table 5 : explain SELECT k, c FROM sbtest5 WHERE k BETWEEN 987113 AND 987213
	Bitmap Heap Scan on sbtest5  (cost=5.50..416.94 rows=104 width=125)
	  Recheck Cond: ((k >= 987113) AND (k <= 987213))
	  ->  Bitmap Index Scan on k_5  (cost=0.00..5.47 rows=104 width=0)
	        Index Cond: ((k >= 987113) AND (k <= 987213))

table 6 : explain SELECT k, c FROM sbtest6 WHERE k BETWEEN 987113 AND 987213
	Bitmap Heap Scan on sbtest6  (cost=5.46..401.19 rows=100 width=125)
	  Recheck Cond: ((k >= 987113) AND (k <= 987213))
	  ->  Bitmap Index Scan on k_6  (cost=0.00..5.43 rows=100 width=0)
	        Index Cond: ((k >= 987113) AND (k <= 987213))

table 7 : explain SELECT k, c FROM sbtest7 WHERE k BETWEEN 987113 AND 987213
	Bitmap Heap Scan on sbtest7  (cost=5.58..448.42 rows=112 width=125)
	  Recheck Cond: ((k >= 987113) AND (k <= 987213))
	  ->  Bitmap Index Scan on k_7  (cost=0.00..5.55 rows=112 width=0)
	        Index Cond: ((k >= 987113) AND (k <= 987213))

table 8 : explain SELECT k, c FROM sbtest8 WHERE k BETWEEN 987113 AND 987213
	Bitmap Heap Scan on sbtest8  (cost=5.45..397.25 rows=99 width=125)
	  Recheck Cond: ((k >= 987113) AND (k <= 987213))
	  ->  Bitmap Index Scan on k_8  (cost=0.00..5.42 rows=99 width=0)
	        Index Cond: ((k >= 987113) AND (k <= 987213))

explain: for range-notcovered :: explain SELECT k, c FROM sbtest%d WHERE k BETWEEN 4263573 AND 4263673
for range-notcovered
table 1 : explain SELECT k, c FROM sbtest1 WHERE k BETWEEN 5392017 AND 5392117
	Bitmap Heap Scan on sbtest1  (cost=5.40..377.55 rows=94 width=125)
	  Recheck Cond: ((k >= 5392017) AND (k <= 5392117))
	  ->  Bitmap Index Scan on k_1  (cost=0.00..5.38 rows=94 width=0)
	        Index Cond: ((k >= 5392017) AND (k <= 5392117))

table 2 : explain SELECT k, c FROM sbtest2 WHERE k BETWEEN 5392017 AND 5392117
	Bitmap Heap Scan on sbtest2  (cost=5.44..393.31 rows=98 width=125)
	  Recheck Cond: ((k >= 5392017) AND (k <= 5392117))
	  ->  Bitmap Index Scan on k_2  (cost=0.00..5.42 rows=98 width=0)
	        Index Cond: ((k >= 5392017) AND (k <= 5392117))

table 3 : explain SELECT k, c FROM sbtest3 WHERE k BETWEEN 5392017 AND 5392117
	Bitmap Heap Scan on sbtest3  (cost=5.49..413.00 rows=103 width=125)
	  Recheck Cond: ((k >= 5392017) AND (k <= 5392117))
	  ->  Bitmap Index Scan on k_3  (cost=0.00..5.46 rows=103 width=0)
	        Index Cond: ((k >= 5392017) AND (k <= 5392117))

table 4 : explain SELECT k, c FROM sbtest4 WHERE k BETWEEN 5392017 AND 5392117
	Bitmap Heap Scan on sbtest4  (cost=5.54..432.69 rows=108 width=125)
	  Recheck Cond: ((k >= 5392017) AND (k <= 5392117))
	  ->  Bitmap Index Scan on k_4  (cost=0.00..5.51 rows=108 width=0)
	        Index Cond: ((k >= 5392017) AND (k <= 5392117))

table 5 : explain SELECT k, c FROM sbtest5 WHERE k BETWEEN 5392017 AND 5392117
	Bitmap Heap Scan on sbtest5  (cost=5.49..413.00 rows=103 width=125)
	  Recheck Cond: ((k >= 5392017) AND (k <= 5392117))
	  ->  Bitmap Index Scan on k_5  (cost=0.00..5.46 rows=103 width=0)
	        Index Cond: ((k >= 5392017) AND (k <= 5392117))

table 6 : explain SELECT k, c FROM sbtest6 WHERE k BETWEEN 5392017 AND 5392117
	Bitmap Heap Scan on sbtest6  (cost=5.55..436.62 rows=109 width=125)
	  Recheck Cond: ((k >= 5392017) AND (k <= 5392117))
	  ->  Bitmap Index Scan on k_6  (cost=0.00..5.52 rows=109 width=0)
	        Index Cond: ((k >= 5392017) AND (k <= 5392117))

table 7 : explain SELECT k, c FROM sbtest7 WHERE k BETWEEN 5392017 AND 5392117
	Bitmap Heap Scan on sbtest7  (cost=5.52..424.81 rows=106 width=125)
	  Recheck Cond: ((k >= 5392017) AND (k <= 5392117))
	  ->  Bitmap Index Scan on k_7  (cost=0.00..5.50 rows=106 width=0)
	        Index Cond: ((k >= 5392017) AND (k <= 5392117))

table 8 : explain SELECT k, c FROM sbtest8 WHERE k BETWEEN 5392017 AND 5392117
	Bitmap Heap Scan on sbtest8  (cost=5.55..436.62 rows=109 width=125)
	  Recheck Cond: ((k >= 5392017) AND (k <= 5392117))
	  ->  Bitmap Index Scan on k_8  (cost=0.00..5.52 rows=109 width=0)
	        Index Cond: ((k >= 5392017) AND (k <= 5392117))

explain: for range-notcovered :: explain SELECT k, c FROM sbtest%d WHERE k BETWEEN 5392017 AND 5392117
for range-notcovered
table 1 : explain SELECT k, c FROM sbtest1 WHERE k BETWEEN 3595886 AND 3595986
	Bitmap Heap Scan on sbtest1  (cost=5.48..409.07 rows=102 width=125)
	  Recheck Cond: ((k >= 3595886) AND (k <= 3595986))
	  ->  Bitmap Index Scan on k_1  (cost=0.00..5.45 rows=102 width=0)
	        Index Cond: ((k >= 3595886) AND (k <= 3595986))

table 2 : explain SELECT k, c FROM sbtest2 WHERE k BETWEEN 3595886 AND 3595986
	Bitmap Heap Scan on sbtest2  (cost=5.37..365.72 rows=91 width=125)
	  Recheck Cond: ((k >= 3595886) AND (k <= 3595986))
	  ->  Bitmap Index Scan on k_2  (cost=0.00..5.34 rows=91 width=0)
	        Index Cond: ((k >= 3595886) AND (k <= 3595986))

table 3 : explain SELECT k, c FROM sbtest3 WHERE k BETWEEN 3595886 AND 3595986
	Bitmap Heap Scan on sbtest3  (cost=5.49..413.00 rows=103 width=125)
	  Recheck Cond: ((k >= 3595886) AND (k <= 3595986))
	  ->  Bitmap Index Scan on k_3  (cost=0.00..5.46 rows=103 width=0)
	        Index Cond: ((k >= 3595886) AND (k <= 3595986))

table 4 : explain SELECT k, c FROM sbtest4 WHERE k BETWEEN 3595886 AND 3595986
	Bitmap Heap Scan on sbtest4  (cost=5.48..409.07 rows=102 width=125)
	  Recheck Cond: ((k >= 3595886) AND (k <= 3595986))
	  ->  Bitmap Index Scan on k_4  (cost=0.00..5.45 rows=102 width=0)
	        Index Cond: ((k >= 3595886) AND (k <= 3595986))

table 5 : explain SELECT k, c FROM sbtest5 WHERE k BETWEEN 3595886 AND 3595986
	Bitmap Heap Scan on sbtest5  (cost=5.51..420.88 rows=105 width=125)
	  Recheck Cond: ((k >= 3595886) AND (k <= 3595986))
	  ->  Bitmap Index Scan on k_5  (cost=0.00..5.48 rows=105 width=0)
	        Index Cond: ((k >= 3595886) AND (k <= 3595986))

table 6 : explain SELECT k, c FROM sbtest6 WHERE k BETWEEN 3595886 AND 3595986
	Bitmap Heap Scan on sbtest6  (cost=5.49..413.00 rows=103 width=125)
	  Recheck Cond: ((k >= 3595886) AND (k <= 3595986))
	  ->  Bitmap Index Scan on k_6  (cost=0.00..5.46 rows=103 width=0)
	        Index Cond: ((k >= 3595886) AND (k <= 3595986))

table 7 : explain SELECT k, c FROM sbtest7 WHERE k BETWEEN 3595886 AND 3595986
	Bitmap Heap Scan on sbtest7  (cost=5.48..409.07 rows=102 width=125)
	  Recheck Cond: ((k >= 3595886) AND (k <= 3595986))
	  ->  Bitmap Index Scan on k_7  (cost=0.00..5.45 rows=102 width=0)
	        Index Cond: ((k >= 3595886) AND (k <= 3595986))

table 8 : explain SELECT k, c FROM sbtest8 WHERE k BETWEEN 3595886 AND 3595986
	Bitmap Heap Scan on sbtest8  (cost=5.39..373.61 rows=93 width=125)
	  Recheck Cond: ((k >= 3595886) AND (k <= 3595986))
	  ->  Bitmap Index Scan on k_8  (cost=0.00..5.36 rows=93 width=0)
	        Index Cond: ((k >= 3595886) AND (k <= 3595986))

for range-notcovered
table 1 : explain SELECT k, c FROM sbtest1 WHERE k BETWEEN 4541118 AND 4541218
	Bitmap Heap Scan on sbtest1  (cost=5.44..393.31 rows=98 width=125)
	  Recheck Cond: ((k >= 4541118) AND (k <= 4541218))
	  ->  Bitmap Index Scan on k_1  (cost=0.00..5.42 rows=98 width=0)
	        Index Cond: ((k >= 4541118) AND (k <= 4541218))

table 2 : explain SELECT k, c FROM sbtest2 WHERE k BETWEEN 4541118 AND 4541218
	Bitmap Heap Scan on sbtest2  (cost=5.47..405.13 rows=101 width=125)
	  Recheck Cond: ((k >= 4541118) AND (k <= 4541218))
	  ->  Bitmap Index Scan on k_2  (cost=0.00..5.44 rows=101 width=0)
	        Index Cond: ((k >= 4541118) AND (k <= 4541218))

table 3 : explain SELECT k, c FROM sbtest3 WHERE k BETWEEN 4541118 AND 4541218
	Bitmap Heap Scan on sbtest3  (cost=5.42..385.43 rows=96 width=125)
	  Recheck Cond: ((k >= 4541118) AND (k <= 4541218))
	  ->  Bitmap Index Scan on k_3  (cost=0.00..5.39 rows=96 width=0)
	        Index Cond: ((k >= 4541118) AND (k <= 4541218))

table 4 : explain SELECT k, c FROM sbtest4 WHERE k BETWEEN 4541118 AND 4541218
	Bitmap Heap Scan on sbtest4  (cost=5.55..436.62 rows=109 width=125)
	  Recheck Cond: ((k >= 4541118) AND (k <= 4541218))
	  ->  Bitmap Index Scan on k_4  (cost=0.00..5.52 rows=109 width=0)
	        Index Cond: ((k >= 4541118) AND (k <= 4541218))

table 5 : explain SELECT k, c FROM sbtest5 WHERE k BETWEEN 4541118 AND 4541218
	Bitmap Heap Scan on sbtest5  (cost=5.49..413.00 rows=103 width=125)
	  Recheck Cond: ((k >= 4541118) AND (k <= 4541218))
	  ->  Bitmap Index Scan on k_5  (cost=0.00..5.46 rows=103 width=0)
	        Index Cond: ((k >= 4541118) AND (k <= 4541218))

table 6 : explain SELECT k, c FROM sbtest6 WHERE k BETWEEN 4541118 AND 4541218
	Bitmap Heap Scan on sbtest6  (cost=5.52..424.81 rows=106 width=125)
	  Recheck Cond: ((k >= 4541118) AND (k <= 4541218))
	  ->  Bitmap Index Scan on k_6  (cost=0.00..5.50 rows=106 width=0)
	        Index Cond: ((k >= 4541118) AND (k <= 4541218))

table 7 : explain SELECT k, c FROM sbtest7 WHERE k BETWEEN 4541118 AND 4541218
	Bitmap Heap Scan on sbtest7  (cost=5.48..409.07 rows=102 width=125)
	  Recheck Cond: ((k >= 4541118) AND (k <= 4541218))
	  ->  Bitmap Index Scan on k_7  (cost=0.00..5.45 rows=102 width=0)
	        Index Cond: ((k >= 4541118) AND (k <= 4541218))

table 8 : explain SELECT k, c FROM sbtest8 WHERE k BETWEEN 4541118 AND 4541218
	Bitmap Heap Scan on sbtest8  (cost=5.35..357.84 rows=89 width=125)
	  Recheck Cond: ((k >= 4541118) AND (k <= 4541218))
	  ->  Bitmap Index Scan on k_8  (cost=0.00..5.32 rows=89 width=0)
	        Index Cond: ((k >= 4541118) AND (k <= 4541218))

explain: for range-notcovered :: explain SELECT k, c FROM sbtest%d WHERE k BETWEEN 987113 AND 987213
explain: for range-notcovered :: explain SELECT k, c FROM sbtest%d WHERE k BETWEEN 4541118 AND 4541218
for range-notcovered
table 1 : explain SELECT k, c FROM sbtest1 WHERE k BETWEEN 3361269 AND 3361369
	Bitmap Heap Scan on sbtest1  (cost=5.49..413.00 rows=103 width=125)
	  Recheck Cond: ((k >= 3361269) AND (k <= 3361369))
	  ->  Bitmap Index Scan on k_1  (cost=0.00..5.46 rows=103 width=0)
	        Index Cond: ((k >= 3361269) AND (k <= 3361369))

table 2 : explain SELECT k, c FROM sbtest2 WHERE k BETWEEN 3361269 AND 3361369
	Bitmap Heap Scan on sbtest2  (cost=5.56..440.56 rows=110 width=125)
	  Recheck Cond: ((k >= 3361269) AND (k <= 3361369))
	  ->  Bitmap Index Scan on k_2  (cost=0.00..5.53 rows=110 width=0)
	        Index Cond: ((k >= 3361269) AND (k <= 3361369))

table 3 : explain SELECT k, c FROM sbtest3 WHERE k BETWEEN 3361269 AND 3361369
	Bitmap Heap Scan on sbtest3  (cost=5.43..389.37 rows=97 width=125)
	  Recheck Cond: ((k >= 3361269) AND (k <= 3361369))
	  ->  Bitmap Index Scan on k_3  (cost=0.00..5.40 rows=97 width=0)
	        Index Cond: ((k >= 3361269) AND (k <= 3361369))

table 4 : explain SELECT k, c FROM sbtest4 WHERE k BETWEEN 3361269 AND 3361369
	Bitmap Heap Scan on sbtest4  (cost=5.45..397.25 rows=99 width=125)
	  Recheck Cond: ((k >= 3361269) AND (k <= 3361369))
	  ->  Bitmap Index Scan on k_4  (cost=0.00..5.42 rows=99 width=0)
	        Index Cond: ((k >= 3361269) AND (k <= 3361369))

table 5 : explain SELECT k, c FROM sbtest5 WHERE k BETWEEN 3361269 AND 3361369
	Bitmap Heap Scan on sbtest5  (cost=5.46..401.19 rows=100 width=125)
	  Recheck Cond: ((k >= 3361269) AND (k <= 3361369))
	  ->  Bitmap Index Scan on k_5  (cost=0.00..5.43 rows=100 width=0)
	        Index Cond: ((k >= 3361269) AND (k <= 3361369))

table 6 : explain SELECT k, c FROM sbtest6 WHERE k BETWEEN 3361269 AND 3361369
	Bitmap Heap Scan on sbtest6  (cost=5.50..416.94 rows=104 width=125)
	  Recheck Cond: ((k >= 3361269) AND (k <= 3361369))
	  ->  Bitmap Index Scan on k_6  (cost=0.00..5.47 rows=104 width=0)
	        Index Cond: ((k >= 3361269) AND (k <= 3361369))

table 7 : explain SELECT k, c FROM sbtest7 WHERE k BETWEEN 3361269 AND 3361369
	Bitmap Heap Scan on sbtest7  (cost=5.51..420.88 rows=105 width=125)
	  Recheck Cond: ((k >= 3361269) AND (k <= 3361369))
	  ->  Bitmap Index Scan on k_7  (cost=0.00..5.48 rows=105 width=0)
	        Index Cond: ((k >= 3361269) AND (k <= 3361369))

table 8 : explain SELECT k, c FROM sbtest8 WHERE k BETWEEN 3361269 AND 3361369
	Bitmap Heap Scan on sbtest8  (cost=5.53..428.75 rows=107 width=125)
	  Recheck Cond: ((k >= 3361269) AND (k <= 3361369))
	  ->  Bitmap Index Scan on k_8  (cost=0.00..5.50 rows=107 width=0)
	        Index Cond: ((k >= 3361269) AND (k <= 3361369))

for range-notcovered
table 1 : explain SELECT k, c FROM sbtest1 WHERE k BETWEEN 5392017 AND 5392117
	Bitmap Heap Scan on sbtest1  (cost=5.40..377.55 rows=94 width=125)
	  Recheck Cond: ((k >= 5392017) AND (k <= 5392117))
	  ->  Bitmap Index Scan on k_1  (cost=0.00..5.38 rows=94 width=0)
	        Index Cond: ((k >= 5392017) AND (k <= 5392117))

table 2 : explain SELECT k, c FROM sbtest2 WHERE k BETWEEN 5392017 AND 5392117
	Bitmap Heap Scan on sbtest2  (cost=5.44..393.31 rows=98 width=125)
	  Recheck Cond: ((k >= 5392017) AND (k <= 5392117))
	  ->  Bitmap Index Scan on k_2  (cost=0.00..5.42 rows=98 width=0)
	        Index Cond: ((k >= 5392017) AND (k <= 5392117))

table 3 : explain SELECT k, c FROM sbtest3 WHERE k BETWEEN 5392017 AND 5392117
	Bitmap Heap Scan on sbtest3  (cost=5.49..413.00 rows=103 width=125)
	  Recheck Cond: ((k >= 5392017) AND (k <= 5392117))
	  ->  Bitmap Index Scan on k_3  (cost=0.00..5.46 rows=103 width=0)
	        Index Cond: ((k >= 5392017) AND (k <= 5392117))

table 4 : explain SELECT k, c FROM sbtest4 WHERE k BETWEEN 5392017 AND 5392117
	Bitmap Heap Scan on sbtest4  (cost=5.54..432.69 rows=108 width=125)
	  Recheck Cond: ((k >= 5392017) AND (k <= 5392117))
	  ->  Bitmap Index Scan on k_4  (cost=0.00..5.51 rows=108 width=0)
	        Index Cond: ((k >= 5392017) AND (k <= 5392117))

table 5 : explain SELECT k, c FROM sbtest5 WHERE k BETWEEN 5392017 AND 5392117
	Bitmap Heap Scan on sbtest5  (cost=5.49..413.00 rows=103 width=125)
	  Recheck Cond: ((k >= 5392017) AND (k <= 5392117))
	  ->  Bitmap Index Scan on k_5  (cost=0.00..5.46 rows=103 width=0)
	        Index Cond: ((k >= 5392017) AND (k <= 5392117))

table 6 : explain SELECT k, c FROM sbtest6 WHERE k BETWEEN 5392017 AND 5392117
	Bitmap Heap Scan on sbtest6  (cost=5.55..436.62 rows=109 width=125)
	  Recheck Cond: ((k >= 5392017) AND (k <= 5392117))
	  ->  Bitmap Index Scan on k_6  (cost=0.00..5.52 rows=109 width=0)
	        Index Cond: ((k >= 5392017) AND (k <= 5392117))

table 7 : explain SELECT k, c FROM sbtest7 WHERE k BETWEEN 5392017 AND 5392117
	Bitmap Heap Scan on sbtest7  (cost=5.52..424.81 rows=106 width=125)
	  Recheck Cond: ((k >= 5392017) AND (k <= 5392117))
	  ->  Bitmap Index Scan on k_7  (cost=0.00..5.50 rows=106 width=0)
	        Index Cond: ((k >= 5392017) AND (k <= 5392117))

table 8 : explain SELECT k, c FROM sbtest8 WHERE k BETWEEN 5392017 AND 5392117
	Bitmap Heap Scan on sbtest8  (cost=5.55..436.62 rows=109 width=125)
	  Recheck Cond: ((k >= 5392017) AND (k <= 5392117))
	  ->  Bitmap Index Scan on k_8  (cost=0.00..5.52 rows=109 width=0)
	        Index Cond: ((k >= 5392017) AND (k <= 5392117))

explain: for range-notcovered :: explain SELECT k, c FROM sbtest%d WHERE k BETWEEN 5392017 AND 5392117
for range-notcovered
table 1 : explain SELECT k, c FROM sbtest1 WHERE k BETWEEN 5905660 AND 5905760
	Bitmap Heap Scan on sbtest1  (cost=5.39..373.61 rows=93 width=125)
	  Recheck Cond: ((k >= 5905660) AND (k <= 5905760))
	  ->  Bitmap Index Scan on k_1  (cost=0.00..5.36 rows=93 width=0)
	        Index Cond: ((k >= 5905660) AND (k <= 5905760))

table 2 : explain SELECT k, c FROM sbtest2 WHERE k BETWEEN 5905660 AND 5905760
	Bitmap Heap Scan on sbtest2  (cost=5.50..416.94 rows=104 width=125)
	  Recheck Cond: ((k >= 5905660) AND (k <= 5905760))
	  ->  Bitmap Index Scan on k_2  (cost=0.00..5.47 rows=104 width=0)
	        Index Cond: ((k >= 5905660) AND (k <= 5905760))

table 3 : explain SELECT k, c FROM sbtest3 WHERE k BETWEEN 5905660 AND 5905760
	Bitmap Heap Scan on sbtest3  (cost=5.45..397.25 rows=99 width=125)
	  Recheck Cond: ((k >= 5905660) AND (k <= 5905760))
	  ->  Bitmap Index Scan on k_3  (cost=0.00..5.42 rows=99 width=0)
	        Index Cond: ((k >= 5905660) AND (k <= 5905760))

table 4 : explain SELECT k, c FROM sbtest4 WHERE k BETWEEN 5905660 AND 5905760
	Bitmap Heap Scan on sbtest4  (cost=5.49..413.00 rows=103 width=125)
	  Recheck Cond: ((k >= 5905660) AND (k <= 5905760))
	  ->  Bitmap Index Scan on k_4  (cost=0.00..5.46 rows=103 width=0)
	        Index Cond: ((k >= 5905660) AND (k <= 5905760))

table 5 : explain SELECT k, c FROM sbtest5 WHERE k BETWEEN 5905660 AND 5905760
	Bitmap Heap Scan on sbtest5  (cost=5.51..420.88 rows=105 width=125)
	  Recheck Cond: ((k >= 5905660) AND (k <= 5905760))
	  ->  Bitmap Index Scan on k_5  (cost=0.00..5.48 rows=105 width=0)
	        Index Cond: ((k >= 5905660) AND (k <= 5905760))

table 6 : explain SELECT k, c FROM sbtest6 WHERE k BETWEEN 5905660 AND 5905760
	Bitmap Heap Scan on sbtest6  (cost=5.51..420.88 rows=105 width=125)
	  Recheck Cond: ((k >= 5905660) AND (k <= 5905760))
	  ->  Bitmap Index Scan on k_6  (cost=0.00..5.48 rows=105 width=0)
	        Index Cond: ((k >= 5905660) AND (k <= 5905760))

table 7 : explain SELECT k, c FROM sbtest7 WHERE k BETWEEN 5905660 AND 5905760
	Bitmap Heap Scan on sbtest7  (cost=5.47..405.13 rows=101 width=125)
	  Recheck Cond: ((k >= 5905660) AND (k <= 5905760))
	  ->  Bitmap Index Scan on k_7  (cost=0.00..5.44 rows=101 width=0)
	        Index Cond: ((k >= 5905660) AND (k <= 5905760))

table 8 : explain SELECT k, c FROM sbtest8 WHERE k BETWEEN 5905660 AND 5905760
	Bitmap Heap Scan on sbtest8  (cost=5.41..381.49 rows=95 width=125)
	  Recheck Cond: ((k >= 5905660) AND (k <= 5905760))
	  ->  Bitmap Index Scan on k_8  (cost=0.00..5.38 rows=95 width=0)
	        Index Cond: ((k >= 5905660) AND (k <= 5905760))

for range-notcovered
table 1 : explain SELECT k, c FROM sbtest1 WHERE k BETWEEN 4528374 AND 4528474
	Bitmap Heap Scan on sbtest1  (cost=5.44..393.31 rows=98 width=125)
	  Recheck Cond: ((k >= 4528374) AND (k <= 4528474))
	  ->  Bitmap Index Scan on k_1  (cost=0.00..5.42 rows=98 width=0)
	        Index Cond: ((k >= 4528374) AND (k <= 4528474))

table 2 : explain SELECT k, c FROM sbtest2 WHERE k BETWEEN 4528374 AND 4528474
	Bitmap Heap Scan on sbtest2  (cost=5.47..405.13 rows=101 width=125)
	  Recheck Cond: ((k >= 4528374) AND (k <= 4528474))
	  ->  Bitmap Index Scan on k_2  (cost=0.00..5.44 rows=101 width=0)
	        Index Cond: ((k >= 4528374) AND (k <= 4528474))

table 3 : explain SELECT k, c FROM sbtest3 WHERE k BETWEEN 4528374 AND 4528474
	Bitmap Heap Scan on sbtest3  (cost=5.42..385.43 rows=96 width=125)
	  Recheck Cond: ((k >= 4528374) AND (k <= 4528474))
	  ->  Bitmap Index Scan on k_3  (cost=0.00..5.39 rows=96 width=0)
	        Index Cond: ((k >= 4528374) AND (k <= 4528474))

table 4 : explain SELECT k, c FROM sbtest4 WHERE k BETWEEN 4528374 AND 4528474
	Bitmap Heap Scan on sbtest4  (cost=5.55..436.62 rows=109 width=125)
	  Recheck Cond: ((k >= 4528374) AND (k <= 4528474))
	  ->  Bitmap Index Scan on k_4  (cost=0.00..5.52 rows=109 width=0)
	        Index Cond: ((k >= 4528374) AND (k <= 4528474))

table 5 : explain SELECT k, c FROM sbtest5 WHERE k BETWEEN 4528374 AND 4528474
	Bitmap Heap Scan on sbtest5  (cost=5.49..413.00 rows=103 width=125)
	  Recheck Cond: ((k >= 4528374) AND (k <= 4528474))
	  ->  Bitmap Index Scan on k_5  (cost=0.00..5.46 rows=103 width=0)
	        Index Cond: ((k >= 4528374) AND (k <= 4528474))

table 6 : explain SELECT k, c FROM sbtest6 WHERE k BETWEEN 4528374 AND 4528474
	Bitmap Heap Scan on sbtest6  (cost=5.52..424.81 rows=106 width=125)
	  Recheck Cond: ((k >= 4528374) AND (k <= 4528474))
	  ->  Bitmap Index Scan on k_6  (cost=0.00..5.50 rows=106 width=0)
	        Index Cond: ((k >= 4528374) AND (k <= 4528474))

table 7 : explain SELECT k, c FROM sbtest7 WHERE k BETWEEN 4528374 AND 4528474
	Bitmap Heap Scan on sbtest7  (cost=5.48..409.07 rows=102 width=125)
	  Recheck Cond: ((k >= 4528374) AND (k <= 4528474))
	  ->  Bitmap Index Scan on k_7  (cost=0.00..5.45 rows=102 width=0)
	        Index Cond: ((k >= 4528374) AND (k <= 4528474))

table 8 : explain SELECT k, c FROM sbtest8 WHERE k BETWEEN 4528374 AND 4528474
	Bitmap Heap Scan on sbtest8  (cost=5.35..357.84 rows=89 width=125)
	  Recheck Cond: ((k >= 4528374) AND (k <= 4528474))
	  ->  Bitmap Index Scan on k_8  (cost=0.00..5.32 rows=89 width=0)
	        Index Cond: ((k >= 4528374) AND (k <= 4528474))

explain: for range-notcovered :: explain SELECT k, c FROM sbtest%d WHERE k BETWEEN 5905660 AND 5905760
for range-notcovered
table 1 : explain SELECT k, c FROM sbtest1 WHERE k BETWEEN 8346016 AND 8346116
	Bitmap Heap Scan on sbtest1  (cost=5.49..413.00 rows=103 width=125)
	  Recheck Cond: ((k >= 8346016) AND (k <= 8346116))
	  ->  Bitmap Index Scan on k_1  (cost=0.00..5.46 rows=103 width=0)
	        Index Cond: ((k >= 8346016) AND (k <= 8346116))

table 2 : explain SELECT k, c FROM sbtest2 WHERE k BETWEEN 8346016 AND 8346116
	Bitmap Heap Scan on sbtest2  (cost=5.51..420.88 rows=105 width=125)
	  Recheck Cond: ((k >= 8346016) AND (k <= 8346116))
	  ->  Bitmap Index Scan on k_2  (cost=0.00..5.48 rows=105 width=0)
	        Index Cond: ((k >= 8346016) AND (k <= 8346116))

table 3 : explain SELECT k, c FROM sbtest3 WHERE k BETWEEN 8346016 AND 8346116
	Bitmap Heap Scan on sbtest3  (cost=5.51..420.88 rows=105 width=125)
	  Recheck Cond: ((k >= 8346016) AND (k <= 8346116))
	  ->  Bitmap Index Scan on k_3  (cost=0.00..5.48 rows=105 width=0)
	        Index Cond: ((k >= 8346016) AND (k <= 8346116))

table 4 : explain SELECT k, c FROM sbtest4 WHERE k BETWEEN 8346016 AND 8346116
	Bitmap Heap Scan on sbtest4  (cost=5.50..416.94 rows=104 width=125)
	  Recheck Cond: ((k >= 8346016) AND (k <= 8346116))
	  ->  Bitmap Index Scan on k_4  (cost=0.00..5.47 rows=104 width=0)
	        Index Cond: ((k >= 8346016) AND (k <= 8346116))

table 5 : explain SELECT k, c FROM sbtest5 WHERE k BETWEEN 8346016 AND 8346116
	Bitmap Heap Scan on sbtest5  (cost=5.43..389.37 rows=97 width=125)
	  Recheck Cond: ((k >= 8346016) AND (k <= 8346116))
	  ->  Bitmap Index Scan on k_5  (cost=0.00..5.40 rows=97 width=0)
	        Index Cond: ((k >= 8346016) AND (k <= 8346116))

table 6 : explain SELECT k, c FROM sbtest6 WHERE k BETWEEN 8346016 AND 8346116
	Bitmap Heap Scan on sbtest6  (cost=5.44..393.31 rows=98 width=125)
	  Recheck Cond: ((k >= 8346016) AND (k <= 8346116))
	  ->  Bitmap Index Scan on k_6  (cost=0.00..5.42 rows=98 width=0)
	        Index Cond: ((k >= 8346016) AND (k <= 8346116))

table 7 : explain SELECT k, c FROM sbtest7 WHERE k BETWEEN 8346016 AND 8346116
	Bitmap Heap Scan on sbtest7  (cost=5.35..357.84 rows=89 width=125)
	  Recheck Cond: ((k >= 8346016) AND (k <= 8346116))
	  ->  Bitmap Index Scan on k_7  (cost=0.00..5.32 rows=89 width=0)
	        Index Cond: ((k >= 8346016) AND (k <= 8346116))

table 8 : explain SELECT k, c FROM sbtest8 WHERE k BETWEEN 8346016 AND 8346116
	Bitmap Heap Scan on sbtest8  (cost=5.38..369.67 rows=92 width=125)
	  Recheck Cond: ((k >= 8346016) AND (k <= 8346116))
	  ->  Bitmap Index Scan on k_8  (cost=0.00..5.35 rows=92 width=0)
	        Index Cond: ((k >= 8346016) AND (k <= 8346116))

explain: for range-notcovered :: explain SELECT k, c FROM sbtest%d WHERE k BETWEEN 4528374 AND 4528474
for range-notcovered
table 1 : explain SELECT k, c FROM sbtest1 WHERE k BETWEEN 4263573 AND 4263673
	Bitmap Heap Scan on sbtest1  (cost=5.46..401.19 rows=100 width=125)
	  Recheck Cond: ((k >= 4263573) AND (k <= 4263673))
	  ->  Bitmap Index Scan on k_1  (cost=0.00..5.43 rows=100 width=0)
	        Index Cond: ((k >= 4263573) AND (k <= 4263673))

table 2 : explain SELECT k, c FROM sbtest2 WHERE k BETWEEN 4263573 AND 4263673
	Bitmap Heap Scan on sbtest2  (cost=5.50..416.94 rows=104 width=125)
	  Recheck Cond: ((k >= 4263573) AND (k <= 4263673))
	  ->  Bitmap Index Scan on k_2  (cost=0.00..5.47 rows=104 width=0)
	        Index Cond: ((k >= 4263573) AND (k <= 4263673))

table 3 : explain SELECT k, c FROM sbtest3 WHERE k BETWEEN 4263573 AND 4263673
	Bitmap Heap Scan on sbtest3  (cost=5.42..385.43 rows=96 width=125)
	  Recheck Cond: ((k >= 4263573) AND (k <= 4263673))
	  ->  Bitmap Index Scan on k_3  (cost=0.00..5.39 rows=96 width=0)
	        Index Cond: ((k >= 4263573) AND (k <= 4263673))

table 4 : explain SELECT k, c FROM sbtest4 WHERE k BETWEEN 4263573 AND 4263673
	Bitmap Heap Scan on sbtest4  (cost=5.47..405.13 rows=101 width=125)
	  Recheck Cond: ((k >= 4263573) AND (k <= 4263673))
	  ->  Bitmap Index Scan on k_4  (cost=0.00..5.44 rows=101 width=0)
	        Index Cond: ((k >= 4263573) AND (k <= 4263673))

table 5 : explain SELECT k, c FROM sbtest5 WHERE k BETWEEN 4263573 AND 4263673
	Bitmap Heap Scan on sbtest5  (cost=5.49..413.00 rows=103 width=125)
	  Recheck Cond: ((k >= 4263573) AND (k <= 4263673))
	  ->  Bitmap Index Scan on k_5  (cost=0.00..5.46 rows=103 width=0)
	        Index Cond: ((k >= 4263573) AND (k <= 4263673))

table 6 : explain SELECT k, c FROM sbtest6 WHERE k BETWEEN 4263573 AND 4263673
	Bitmap Heap Scan on sbtest6  (cost=5.53..428.75 rows=107 width=125)
	  Recheck Cond: ((k >= 4263573) AND (k <= 4263673))
	  ->  Bitmap Index Scan on k_6  (cost=0.00..5.50 rows=107 width=0)
	        Index Cond: ((k >= 4263573) AND (k <= 4263673))

table 7 : explain SELECT k, c FROM sbtest7 WHERE k BETWEEN 4263573 AND 4263673
	Bitmap Heap Scan on sbtest7  (cost=5.44..393.31 rows=98 width=125)
	  Recheck Cond: ((k >= 4263573) AND (k <= 4263673))
	  ->  Bitmap Index Scan on k_7  (cost=0.00..5.42 rows=98 width=0)
	        Index Cond: ((k >= 4263573) AND (k <= 4263673))

table 8 : explain SELECT k, c FROM sbtest8 WHERE k BETWEEN 4263573 AND 4263673
	Bitmap Heap Scan on sbtest8  (cost=5.57..444.49 rows=111 width=125)
	  Recheck Cond: ((k >= 4263573) AND (k <= 4263673))
	  ->  Bitmap Index Scan on k_8  (cost=0.00..5.54 rows=111 width=0)
	        Index Cond: ((k >= 4263573) AND (k <= 4263673))

explain: for range-notcovered :: explain SELECT k, c FROM sbtest%d WHERE k BETWEEN 8346016 AND 8346116
explain: for range-notcovered :: explain SELECT k, c FROM sbtest%d WHERE k BETWEEN 4263573 AND 4263673
for range-notcovered
table 1 : explain SELECT k, c FROM sbtest1 WHERE k BETWEEN 987113 AND 987213
	Bitmap Heap Scan on sbtest1  (cost=5.51..420.88 rows=105 width=125)
	  Recheck Cond: ((k >= 987113) AND (k <= 987213))
	  ->  Bitmap Index Scan on k_1  (cost=0.00..5.48 rows=105 width=0)
	        Index Cond: ((k >= 987113) AND (k <= 987213))

table 2 : explain SELECT k, c FROM sbtest2 WHERE k BETWEEN 987113 AND 987213
	Bitmap Heap Scan on sbtest2  (cost=5.52..424.81 rows=106 width=125)
	  Recheck Cond: ((k >= 987113) AND (k <= 987213))
	  ->  Bitmap Index Scan on k_2  (cost=0.00..5.50 rows=106 width=0)
	        Index Cond: ((k >= 987113) AND (k <= 987213))

table 3 : explain SELECT k, c FROM sbtest3 WHERE k BETWEEN 987113 AND 987213
	Bitmap Heap Scan on sbtest3  (cost=5.48..409.07 rows=102 width=125)
	  Recheck Cond: ((k >= 987113) AND (k <= 987213))
	  ->  Bitmap Index Scan on k_3  (cost=0.00..5.45 rows=102 width=0)
	        Index Cond: ((k >= 987113) AND (k <= 987213))

table 4 : explain SELECT k, c FROM sbtest4 WHERE k BETWEEN 987113 AND 987213
	Bitmap Heap Scan on sbtest4  (cost=5.49..413.00 rows=103 width=125)
	  Recheck Cond: ((k >= 987113) AND (k <= 987213))
	  ->  Bitmap Index Scan on k_4  (cost=0.00..5.46 rows=103 width=0)
	        Index Cond: ((k >= 987113) AND (k <= 987213))

table 5 : explain SELECT k, c FROM sbtest5 WHERE k BETWEEN 987113 AND 987213
	Bitmap Heap Scan on sbtest5  (cost=5.50..416.94 rows=104 width=125)
	  Recheck Cond: ((k >= 987113) AND (k <= 987213))
	  ->  Bitmap Index Scan on k_5  (cost=0.00..5.47 rows=104 width=0)
	        Index Cond: ((k >= 987113) AND (k <= 987213))

table 6 : explain SELECT k, c FROM sbtest6 WHERE k BETWEEN 987113 AND 987213
	Bitmap Heap Scan on sbtest6  (cost=5.46..401.19 rows=100 width=125)
	  Recheck Cond: ((k >= 987113) AND (k <= 987213))
	  ->  Bitmap Index Scan on k_6  (cost=0.00..5.43 rows=100 width=0)
	        Index Cond: ((k >= 987113) AND (k <= 987213))

table 7 : explain SELECT k, c FROM sbtest7 WHERE k BETWEEN 987113 AND 987213
	Bitmap Heap Scan on sbtest7  (cost=5.58..448.42 rows=112 width=125)
	  Recheck Cond: ((k >= 987113) AND (k <= 987213))
	  ->  Bitmap Index Scan on k_7  (cost=0.00..5.55 rows=112 width=0)
	        Index Cond: ((k >= 987113) AND (k <= 987213))

table 8 : explain SELECT k, c FROM sbtest8 WHERE k BETWEEN 987113 AND 987213
	Bitmap Heap Scan on sbtest8  (cost=5.45..397.25 rows=99 width=125)
	  Recheck Cond: ((k >= 987113) AND (k <= 987213))
	  ->  Bitmap Index Scan on k_8  (cost=0.00..5.42 rows=99 width=0)
	        Index Cond: ((k >= 987113) AND (k <= 987213))

for range-notcovered
table 1 : explain SELECT k, c FROM sbtest1 WHERE k BETWEEN 5392017 AND 5392117
	Bitmap Heap Scan on sbtest1  (cost=5.40..377.55 rows=94 width=125)
	  Recheck Cond: ((k >= 5392017) AND (k <= 5392117))
	  ->  Bitmap Index Scan on k_1  (cost=0.00..5.38 rows=94 width=0)
	        Index Cond: ((k >= 5392017) AND (k <= 5392117))

table 2 : explain SELECT k, c FROM sbtest2 WHERE k BETWEEN 5392017 AND 5392117
	Bitmap Heap Scan on sbtest2  (cost=5.44..393.31 rows=98 width=125)
	  Recheck Cond: ((k >= 5392017) AND (k <= 5392117))
	  ->  Bitmap Index Scan on k_2  (cost=0.00..5.42 rows=98 width=0)
	        Index Cond: ((k >= 5392017) AND (k <= 5392117))

table 3 : explain SELECT k, c FROM sbtest3 WHERE k BETWEEN 5392017 AND 5392117
	Bitmap Heap Scan on sbtest3  (cost=5.49..413.00 rows=103 width=125)
	  Recheck Cond: ((k >= 5392017) AND (k <= 5392117))
	  ->  Bitmap Index Scan on k_3  (cost=0.00..5.46 rows=103 width=0)
	        Index Cond: ((k >= 5392017) AND (k <= 5392117))

table 4 : explain SELECT k, c FROM sbtest4 WHERE k BETWEEN 5392017 AND 5392117
	Bitmap Heap Scan on sbtest4  (cost=5.54..432.69 rows=108 width=125)
	  Recheck Cond: ((k >= 5392017) AND (k <= 5392117))
	  ->  Bitmap Index Scan on k_4  (cost=0.00..5.51 rows=108 width=0)
	        Index Cond: ((k >= 5392017) AND (k <= 5392117))

table 5 : explain SELECT k, c FROM sbtest5 WHERE k BETWEEN 5392017 AND 5392117
	Bitmap Heap Scan on sbtest5  (cost=5.49..413.00 rows=103 width=125)
	  Recheck Cond: ((k >= 5392017) AND (k <= 5392117))
	  ->  Bitmap Index Scan on k_5  (cost=0.00..5.46 rows=103 width=0)
	        Index Cond: ((k >= 5392017) AND (k <= 5392117))

table 6 : explain SELECT k, c FROM sbtest6 WHERE k BETWEEN 5392017 AND 5392117
	Bitmap Heap Scan on sbtest6  (cost=5.55..436.62 rows=109 width=125)
	  Recheck Cond: ((k >= 5392017) AND (k <= 5392117))
	  ->  Bitmap Index Scan on k_6  (cost=0.00..5.52 rows=109 width=0)
	        Index Cond: ((k >= 5392017) AND (k <= 5392117))

table 7 : explain SELECT k, c FROM sbtest7 WHERE k BETWEEN 5392017 AND 5392117
	Bitmap Heap Scan on sbtest7  (cost=5.52..424.81 rows=106 width=125)
	  Recheck Cond: ((k >= 5392017) AND (k <= 5392117))
	  ->  Bitmap Index Scan on k_7  (cost=0.00..5.50 rows=106 width=0)
	        Index Cond: ((k >= 5392017) AND (k <= 5392117))

table 8 : explain SELECT k, c FROM sbtest8 WHERE k BETWEEN 5392017 AND 5392117
	Bitmap Heap Scan on sbtest8  (cost=5.55..436.62 rows=109 width=125)
	  Recheck Cond: ((k >= 5392017) AND (k <= 5392117))
	  ->  Bitmap Index Scan on k_8  (cost=0.00..5.52 rows=109 width=0)
	        Index Cond: ((k >= 5392017) AND (k <= 5392117))

for range-notcovered
table 1 : explain SELECT k, c FROM sbtest1 WHERE k BETWEEN 4541118 AND 4541218
	Bitmap Heap Scan on sbtest1  (cost=5.44..393.31 rows=98 width=125)
	  Recheck Cond: ((k >= 4541118) AND (k <= 4541218))
	  ->  Bitmap Index Scan on k_1  (cost=0.00..5.42 rows=98 width=0)
	        Index Cond: ((k >= 4541118) AND (k <= 4541218))

table 2 : explain SELECT k, c FROM sbtest2 WHERE k BETWEEN 4541118 AND 4541218
	Bitmap Heap Scan on sbtest2  (cost=5.47..405.13 rows=101 width=125)
	  Recheck Cond: ((k >= 4541118) AND (k <= 4541218))
	  ->  Bitmap Index Scan on k_2  (cost=0.00..5.44 rows=101 width=0)
	        Index Cond: ((k >= 4541118) AND (k <= 4541218))

table 3 : explain SELECT k, c FROM sbtest3 WHERE k BETWEEN 4541118 AND 4541218
	Bitmap Heap Scan on sbtest3  (cost=5.42..385.43 rows=96 width=125)
	  Recheck Cond: ((k >= 4541118) AND (k <= 4541218))
	  ->  Bitmap Index Scan on k_3  (cost=0.00..5.39 rows=96 width=0)
	        Index Cond: ((k >= 4541118) AND (k <= 4541218))

table 4 : explain SELECT k, c FROM sbtest4 WHERE k BETWEEN 4541118 AND 4541218
	Bitmap Heap Scan on sbtest4  (cost=5.55..436.62 rows=109 width=125)
	  Recheck Cond: ((k >= 4541118) AND (k <= 4541218))
	  ->  Bitmap Index Scan on k_4  (cost=0.00..5.52 rows=109 width=0)
	        Index Cond: ((k >= 4541118) AND (k <= 4541218))

table 5 : explain SELECT k, c FROM sbtest5 WHERE k BETWEEN 4541118 AND 4541218
	Bitmap Heap Scan on sbtest5  (cost=5.49..413.00 rows=103 width=125)
	  Recheck Cond: ((k >= 4541118) AND (k <= 4541218))
	  ->  Bitmap Index Scan on k_5  (cost=0.00..5.46 rows=103 width=0)
	        Index Cond: ((k >= 4541118) AND (k <= 4541218))

table 6 : explain SELECT k, c FROM sbtest6 WHERE k BETWEEN 4541118 AND 4541218
	Bitmap Heap Scan on sbtest6  (cost=5.52..424.81 rows=106 width=125)
	  Recheck Cond: ((k >= 4541118) AND (k <= 4541218))
	  ->  Bitmap Index Scan on k_6  (cost=0.00..5.50 rows=106 width=0)
	        Index Cond: ((k >= 4541118) AND (k <= 4541218))

table 7 : explain SELECT k, c FROM sbtest7 WHERE k BETWEEN 4541118 AND 4541218
	Bitmap Heap Scan on sbtest7  (cost=5.48..409.07 rows=102 width=125)
	  Recheck Cond: ((k >= 4541118) AND (k <= 4541218))
	  ->  Bitmap Index Scan on k_7  (cost=0.00..5.45 rows=102 width=0)
	        Index Cond: ((k >= 4541118) AND (k <= 4541218))

table 8 : explain SELECT k, c FROM sbtest8 WHERE k BETWEEN 4541118 AND 4541218
	Bitmap Heap Scan on sbtest8  (cost=5.35..357.84 rows=89 width=125)
	  Recheck Cond: ((k >= 4541118) AND (k <= 4541218))
	  ->  Bitmap Index Scan on k_8  (cost=0.00..5.32 rows=89 width=0)
	        Index Cond: ((k >= 4541118) AND (k <= 4541218))

explain: for range-notcovered :: explain SELECT k, c FROM sbtest%d WHERE k BETWEEN 5392017 AND 5392117
explain: for range-notcovered :: explain SELECT k, c FROM sbtest%d WHERE k BETWEEN 987113 AND 987213
explain: for range-notcovered :: explain SELECT k, c FROM sbtest%d WHERE k BETWEEN 4541118 AND 4541218
for range-notcovered
table 1 : explain SELECT k, c FROM sbtest1 WHERE k BETWEEN 5905660 AND 5905760
	Bitmap Heap Scan on sbtest1  (cost=5.39..373.61 rows=93 width=125)
	  Recheck Cond: ((k >= 5905660) AND (k <= 5905760))
	  ->  Bitmap Index Scan on k_1  (cost=0.00..5.36 rows=93 width=0)
	        Index Cond: ((k >= 5905660) AND (k <= 5905760))

table 2 : explain SELECT k, c FROM sbtest2 WHERE k BETWEEN 5905660 AND 5905760
	Bitmap Heap Scan on sbtest2  (cost=5.50..416.94 rows=104 width=125)
	  Recheck Cond: ((k >= 5905660) AND (k <= 5905760))
	  ->  Bitmap Index Scan on k_2  (cost=0.00..5.47 rows=104 width=0)
	        Index Cond: ((k >= 5905660) AND (k <= 5905760))

table 3 : explain SELECT k, c FROM sbtest3 WHERE k BETWEEN 5905660 AND 5905760
	Bitmap Heap Scan on sbtest3  (cost=5.45..397.25 rows=99 width=125)
	  Recheck Cond: ((k >= 5905660) AND (k <= 5905760))
	  ->  Bitmap Index Scan on k_3  (cost=0.00..5.42 rows=99 width=0)
	        Index Cond: ((k >= 5905660) AND (k <= 5905760))

table 4 : explain SELECT k, c FROM sbtest4 WHERE k BETWEEN 5905660 AND 5905760
	Bitmap Heap Scan on sbtest4  (cost=5.49..413.00 rows=103 width=125)
	  Recheck Cond: ((k >= 5905660) AND (k <= 5905760))
	  ->  Bitmap Index Scan on k_4  (cost=0.00..5.46 rows=103 width=0)
	        Index Cond: ((k >= 5905660) AND (k <= 5905760))

table 5 : explain SELECT k, c FROM sbtest5 WHERE k BETWEEN 5905660 AND 5905760
	Bitmap Heap Scan on sbtest5  (cost=5.51..420.88 rows=105 width=125)
	  Recheck Cond: ((k >= 5905660) AND (k <= 5905760))
	  ->  Bitmap Index Scan on k_5  (cost=0.00..5.48 rows=105 width=0)
	        Index Cond: ((k >= 5905660) AND (k <= 5905760))

table 6 : explain SELECT k, c FROM sbtest6 WHERE k BETWEEN 5905660 AND 5905760
	Bitmap Heap Scan on sbtest6  (cost=5.51..420.88 rows=105 width=125)
	  Recheck Cond: ((k >= 5905660) AND (k <= 5905760))
	  ->  Bitmap Index Scan on k_6  (cost=0.00..5.48 rows=105 width=0)
	        Index Cond: ((k >= 5905660) AND (k <= 5905760))

table 7 : explain SELECT k, c FROM sbtest7 WHERE k BETWEEN 5905660 AND 5905760
	Bitmap Heap Scan on sbtest7  (cost=5.47..405.13 rows=101 width=125)
	  Recheck Cond: ((k >= 5905660) AND (k <= 5905760))
	  ->  Bitmap Index Scan on k_7  (cost=0.00..5.44 rows=101 width=0)
	        Index Cond: ((k >= 5905660) AND (k <= 5905760))

table 8 : explain SELECT k, c FROM sbtest8 WHERE k BETWEEN 5905660 AND 5905760
	Bitmap Heap Scan on sbtest8  (cost=5.41..381.49 rows=95 width=125)
	  Recheck Cond: ((k >= 5905660) AND (k <= 5905760))
	  ->  Bitmap Index Scan on k_8  (cost=0.00..5.38 rows=95 width=0)
	        Index Cond: ((k >= 5905660) AND (k <= 5905760))

explain: for range-notcovered :: explain SELECT k, c FROM sbtest%d WHERE k BETWEEN 5905660 AND 5905760
for range-notcovered
table 1 : explain SELECT k, c FROM sbtest1 WHERE k BETWEEN 4646032 AND 4646132
	Bitmap Heap Scan on sbtest1  (cost=5.48..409.07 rows=102 width=125)
	  Recheck Cond: ((k >= 4646032) AND (k <= 4646132))
	  ->  Bitmap Index Scan on k_1  (cost=0.00..5.45 rows=102 width=0)
	        Index Cond: ((k >= 4646032) AND (k <= 4646132))

table 2 : explain SELECT k, c FROM sbtest2 WHERE k BETWEEN 4646032 AND 4646132
	Bitmap Heap Scan on sbtest2  (cost=5.46..401.19 rows=100 width=125)
	  Recheck Cond: ((k >= 4646032) AND (k <= 4646132))
	  ->  Bitmap Index Scan on k_2  (cost=0.00..5.43 rows=100 width=0)
	        Index Cond: ((k >= 4646032) AND (k <= 4646132))

table 3 : explain SELECT k, c FROM sbtest3 WHERE k BETWEEN 4646032 AND 4646132
	Bitmap Heap Scan on sbtest3  (cost=5.53..428.75 rows=107 width=125)
	  Recheck Cond: ((k >= 4646032) AND (k <= 4646132))
	  ->  Bitmap Index Scan on k_3  (cost=0.00..5.50 rows=107 width=0)
	        Index Cond: ((k >= 4646032) AND (k <= 4646132))

table 4 : explain SELECT k, c FROM sbtest4 WHERE k BETWEEN 4646032 AND 4646132
	Bitmap Heap Scan on sbtest4  (cost=5.51..420.88 rows=105 width=125)
	  Recheck Cond: ((k >= 4646032) AND (k <= 4646132))
	  ->  Bitmap Index Scan on k_4  (cost=0.00..5.48 rows=105 width=0)
	        Index Cond: ((k >= 4646032) AND (k <= 4646132))

table 5 : explain SELECT k, c FROM sbtest5 WHERE k BETWEEN 4646032 AND 4646132
	Bitmap Heap Scan on sbtest5  (cost=5.48..409.07 rows=102 width=125)
	  Recheck Cond: ((k >= 4646032) AND (k <= 4646132))
	  ->  Bitmap Index Scan on k_5  (cost=0.00..5.45 rows=102 width=0)
	        Index Cond: ((k >= 4646032) AND (k <= 4646132))

table 6 : explain SELECT k, c FROM sbtest6 WHERE k BETWEEN 4646032 AND 4646132
	Bitmap Heap Scan on sbtest6  (cost=5.43..389.37 rows=97 width=125)
	  Recheck Cond: ((k >= 4646032) AND (k <= 4646132))
	  ->  Bitmap Index Scan on k_6  (cost=0.00..5.40 rows=97 width=0)
	        Index Cond: ((k >= 4646032) AND (k <= 4646132))

table 7 : explain SELECT k, c FROM sbtest7 WHERE k BETWEEN 4646032 AND 4646132
	Bitmap Heap Scan on sbtest7  (cost=5.50..416.94 rows=104 width=125)
	  Recheck Cond: ((k >= 4646032) AND (k <= 4646132))
	  ->  Bitmap Index Scan on k_7  (cost=0.00..5.47 rows=104 width=0)
	        Index Cond: ((k >= 4646032) AND (k <= 4646132))

table 8 : explain SELECT k, c FROM sbtest8 WHERE k BETWEEN 4646032 AND 4646132
	Bitmap Heap Scan on sbtest8  (cost=5.49..413.00 rows=103 width=125)
	  Recheck Cond: ((k >= 4646032) AND (k <= 4646132))
	  ->  Bitmap Index Scan on k_8  (cost=0.00..5.46 rows=103 width=0)
	        Index Cond: ((k >= 4646032) AND (k <= 4646132))

for range-notcovered
table 1 : explain SELECT k, c FROM sbtest1 WHERE k BETWEEN 4263573 AND 4263673
	Bitmap Heap Scan on sbtest1  (cost=5.46..401.19 rows=100 width=125)
	  Recheck Cond: ((k >= 4263573) AND (k <= 4263673))
	  ->  Bitmap Index Scan on k_1  (cost=0.00..5.43 rows=100 width=0)
	        Index Cond: ((k >= 4263573) AND (k <= 4263673))

table 2 : explain SELECT k, c FROM sbtest2 WHERE k BETWEEN 4263573 AND 4263673
	Bitmap Heap Scan on sbtest2  (cost=5.50..416.94 rows=104 width=125)
	  Recheck Cond: ((k >= 4263573) AND (k <= 4263673))
	  ->  Bitmap Index Scan on k_2  (cost=0.00..5.47 rows=104 width=0)
	        Index Cond: ((k >= 4263573) AND (k <= 4263673))

table 3 : explain SELECT k, c FROM sbtest3 WHERE k BETWEEN 4263573 AND 4263673
	Bitmap Heap Scan on sbtest3  (cost=5.42..385.43 rows=96 width=125)
	  Recheck Cond: ((k >= 4263573) AND (k <= 4263673))
	  ->  Bitmap Index Scan on k_3  (cost=0.00..5.39 rows=96 width=0)
	        Index Cond: ((k >= 4263573) AND (k <= 4263673))

table 4 : explain SELECT k, c FROM sbtest4 WHERE k BETWEEN 4263573 AND 4263673
	Bitmap Heap Scan on sbtest4  (cost=5.47..405.13 rows=101 width=125)
	  Recheck Cond: ((k >= 4263573) AND (k <= 4263673))
	  ->  Bitmap Index Scan on k_4  (cost=0.00..5.44 rows=101 width=0)
	        Index Cond: ((k >= 4263573) AND (k <= 4263673))

table 5 : explain SELECT k, c FROM sbtest5 WHERE k BETWEEN 4263573 AND 4263673
	Bitmap Heap Scan on sbtest5  (cost=5.49..413.00 rows=103 width=125)
	  Recheck Cond: ((k >= 4263573) AND (k <= 4263673))
	  ->  Bitmap Index Scan on k_5  (cost=0.00..5.46 rows=103 width=0)
	        Index Cond: ((k >= 4263573) AND (k <= 4263673))

table 6 : explain SELECT k, c FROM sbtest6 WHERE k BETWEEN 4263573 AND 4263673
	Bitmap Heap Scan on sbtest6  (cost=5.53..428.75 rows=107 width=125)
	  Recheck Cond: ((k >= 4263573) AND (k <= 4263673))
	  ->  Bitmap Index Scan on k_6  (cost=0.00..5.50 rows=107 width=0)
	        Index Cond: ((k >= 4263573) AND (k <= 4263673))

table 7 : explain SELECT k, c FROM sbtest7 WHERE k BETWEEN 4263573 AND 4263673
	Bitmap Heap Scan on sbtest7  (cost=5.44..393.31 rows=98 width=125)
	  Recheck Cond: ((k >= 4263573) AND (k <= 4263673))
	  ->  Bitmap Index Scan on k_7  (cost=0.00..5.42 rows=98 width=0)
	        Index Cond: ((k >= 4263573) AND (k <= 4263673))

table 8 : explain SELECT k, c FROM sbtest8 WHERE k BETWEEN 4263573 AND 4263673
	Bitmap Heap Scan on sbtest8  (cost=5.57..444.49 rows=111 width=125)
	  Recheck Cond: ((k >= 4263573) AND (k <= 4263673))
	  ->  Bitmap Index Scan on k_8  (cost=0.00..5.54 rows=111 width=0)
	        Index Cond: ((k >= 4263573) AND (k <= 4263673))

explain: for range-notcovered :: explain SELECT k, c FROM sbtest%d WHERE k BETWEEN 4646032 AND 4646132
explain: for range-notcovered :: explain SELECT k, c FROM sbtest%d WHERE k BETWEEN 4263573 AND 4263673
for range-notcovered
table 1 : explain SELECT k, c FROM sbtest1 WHERE k BETWEEN 5392017 AND 5392117
	Bitmap Heap Scan on sbtest1  (cost=5.40..377.55 rows=94 width=125)
	  Recheck Cond: ((k >= 5392017) AND (k <= 5392117))
	  ->  Bitmap Index Scan on k_1  (cost=0.00..5.38 rows=94 width=0)
	        Index Cond: ((k >= 5392017) AND (k <= 5392117))

table 2 : explain SELECT k, c FROM sbtest2 WHERE k BETWEEN 5392017 AND 5392117
	Bitmap Heap Scan on sbtest2  (cost=5.44..393.31 rows=98 width=125)
	  Recheck Cond: ((k >= 5392017) AND (k <= 5392117))
	  ->  Bitmap Index Scan on k_2  (cost=0.00..5.42 rows=98 width=0)
	        Index Cond: ((k >= 5392017) AND (k <= 5392117))

table 3 : explain SELECT k, c FROM sbtest3 WHERE k BETWEEN 5392017 AND 5392117
	Bitmap Heap Scan on sbtest3  (cost=5.49..413.00 rows=103 width=125)
	  Recheck Cond: ((k >= 5392017) AND (k <= 5392117))
	  ->  Bitmap Index Scan on k_3  (cost=0.00..5.46 rows=103 width=0)
	        Index Cond: ((k >= 5392017) AND (k <= 5392117))

table 4 : explain SELECT k, c FROM sbtest4 WHERE k BETWEEN 5392017 AND 5392117
	Bitmap Heap Scan on sbtest4  (cost=5.54..432.69 rows=108 width=125)
	  Recheck Cond: ((k >= 5392017) AND (k <= 5392117))
	  ->  Bitmap Index Scan on k_4  (cost=0.00..5.51 rows=108 width=0)
	        Index Cond: ((k >= 5392017) AND (k <= 5392117))

table 5 : explain SELECT k, c FROM sbtest5 WHERE k BETWEEN 5392017 AND 5392117
	Bitmap Heap Scan on sbtest5  (cost=5.49..413.00 rows=103 width=125)
	  Recheck Cond: ((k >= 5392017) AND (k <= 5392117))
	  ->  Bitmap Index Scan on k_5  (cost=0.00..5.46 rows=103 width=0)
	        Index Cond: ((k >= 5392017) AND (k <= 5392117))

table 6 : explain SELECT k, c FROM sbtest6 WHERE k BETWEEN 5392017 AND 5392117
	Bitmap Heap Scan on sbtest6  (cost=5.55..436.62 rows=109 width=125)
	  Recheck Cond: ((k >= 5392017) AND (k <= 5392117))
	  ->  Bitmap Index Scan on k_6  (cost=0.00..5.52 rows=109 width=0)
	        Index Cond: ((k >= 5392017) AND (k <= 5392117))

table 7 : explain SELECT k, c FROM sbtest7 WHERE k BETWEEN 5392017 AND 5392117
	Bitmap Heap Scan on sbtest7  (cost=5.52..424.81 rows=106 width=125)
	  Recheck Cond: ((k >= 5392017) AND (k <= 5392117))
	  ->  Bitmap Index Scan on k_7  (cost=0.00..5.50 rows=106 width=0)
	        Index Cond: ((k >= 5392017) AND (k <= 5392117))

table 8 : explain SELECT k, c FROM sbtest8 WHERE k BETWEEN 5392017 AND 5392117
	Bitmap Heap Scan on sbtest8  (cost=5.55..436.62 rows=109 width=125)
	  Recheck Cond: ((k >= 5392017) AND (k <= 5392117))
	  ->  Bitmap Index Scan on k_8  (cost=0.00..5.52 rows=109 width=0)
	        Index Cond: ((k >= 5392017) AND (k <= 5392117))

explain: for range-notcovered :: explain SELECT k, c FROM sbtest%d WHERE k BETWEEN 5392017 AND 5392117
for range-notcovered
table 1 : explain SELECT k, c FROM sbtest1 WHERE k BETWEEN 8346016 AND 8346116
	Bitmap Heap Scan on sbtest1  (cost=5.49..413.00 rows=103 width=125)
	  Recheck Cond: ((k >= 8346016) AND (k <= 8346116))
	  ->  Bitmap Index Scan on k_1  (cost=0.00..5.46 rows=103 width=0)
	        Index Cond: ((k >= 8346016) AND (k <= 8346116))

table 2 : explain SELECT k, c FROM sbtest2 WHERE k BETWEEN 8346016 AND 8346116
	Bitmap Heap Scan on sbtest2  (cost=5.51..420.88 rows=105 width=125)
	  Recheck Cond: ((k >= 8346016) AND (k <= 8346116))
	  ->  Bitmap Index Scan on k_2  (cost=0.00..5.48 rows=105 width=0)
	        Index Cond: ((k >= 8346016) AND (k <= 8346116))

table 3 : explain SELECT k, c FROM sbtest3 WHERE k BETWEEN 8346016 AND 8346116
	Bitmap Heap Scan on sbtest3  (cost=5.51..420.88 rows=105 width=125)
	  Recheck Cond: ((k >= 8346016) AND (k <= 8346116))
	  ->  Bitmap Index Scan on k_3  (cost=0.00..5.48 rows=105 width=0)
	        Index Cond: ((k >= 8346016) AND (k <= 8346116))

table 4 : explain SELECT k, c FROM sbtest4 WHERE k BETWEEN 8346016 AND 8346116
	Bitmap Heap Scan on sbtest4  (cost=5.50..416.94 rows=104 width=125)
	  Recheck Cond: ((k >= 8346016) AND (k <= 8346116))
	  ->  Bitmap Index Scan on k_4  (cost=0.00..5.47 rows=104 width=0)
	        Index Cond: ((k >= 8346016) AND (k <= 8346116))

table 5 : explain SELECT k, c FROM sbtest5 WHERE k BETWEEN 8346016 AND 8346116
	Bitmap Heap Scan on sbtest5  (cost=5.43..389.37 rows=97 width=125)
	  Recheck Cond: ((k >= 8346016) AND (k <= 8346116))
	  ->  Bitmap Index Scan on k_5  (cost=0.00..5.40 rows=97 width=0)
	        Index Cond: ((k >= 8346016) AND (k <= 8346116))

table 6 : explain SELECT k, c FROM sbtest6 WHERE k BETWEEN 8346016 AND 8346116
	Bitmap Heap Scan on sbtest6  (cost=5.44..393.31 rows=98 width=125)
	  Recheck Cond: ((k >= 8346016) AND (k <= 8346116))
	  ->  Bitmap Index Scan on k_6  (cost=0.00..5.42 rows=98 width=0)
	        Index Cond: ((k >= 8346016) AND (k <= 8346116))

table 7 : explain SELECT k, c FROM sbtest7 WHERE k BETWEEN 8346016 AND 8346116
	Bitmap Heap Scan on sbtest7  (cost=5.35..357.84 rows=89 width=125)
	  Recheck Cond: ((k >= 8346016) AND (k <= 8346116))
	  ->  Bitmap Index Scan on k_7  (cost=0.00..5.32 rows=89 width=0)
	        Index Cond: ((k >= 8346016) AND (k <= 8346116))

table 8 : explain SELECT k, c FROM sbtest8 WHERE k BETWEEN 8346016 AND 8346116
	Bitmap Heap Scan on sbtest8  (cost=5.38..369.67 rows=92 width=125)
	  Recheck Cond: ((k >= 8346016) AND (k <= 8346116))
	  ->  Bitmap Index Scan on k_8  (cost=0.00..5.35 rows=92 width=0)
	        Index Cond: ((k >= 8346016) AND (k <= 8346116))

for range-notcovered
table 1 : explain SELECT k, c FROM sbtest1 WHERE k BETWEEN 5905660 AND 5905760
	Bitmap Heap Scan on sbtest1  (cost=5.39..373.61 rows=93 width=125)
	  Recheck Cond: ((k >= 5905660) AND (k <= 5905760))
	  ->  Bitmap Index Scan on k_1  (cost=0.00..5.36 rows=93 width=0)
	        Index Cond: ((k >= 5905660) AND (k <= 5905760))

table 2 : explain SELECT k, c FROM sbtest2 WHERE k BETWEEN 5905660 AND 5905760
	Bitmap Heap Scan on sbtest2  (cost=5.50..416.94 rows=104 width=125)
	  Recheck Cond: ((k >= 5905660) AND (k <= 5905760))
	  ->  Bitmap Index Scan on k_2  (cost=0.00..5.47 rows=104 width=0)
	        Index Cond: ((k >= 5905660) AND (k <= 5905760))

table 3 : explain SELECT k, c FROM sbtest3 WHERE k BETWEEN 5905660 AND 5905760
	Bitmap Heap Scan on sbtest3  (cost=5.45..397.25 rows=99 width=125)
	  Recheck Cond: ((k >= 5905660) AND (k <= 5905760))
	  ->  Bitmap Index Scan on k_3  (cost=0.00..5.42 rows=99 width=0)
	        Index Cond: ((k >= 5905660) AND (k <= 5905760))

table 4 : explain SELECT k, c FROM sbtest4 WHERE k BETWEEN 5905660 AND 5905760
	Bitmap Heap Scan on sbtest4  (cost=5.49..413.00 rows=103 width=125)
	  Recheck Cond: ((k >= 5905660) AND (k <= 5905760))
	  ->  Bitmap Index Scan on k_4  (cost=0.00..5.46 rows=103 width=0)
	        Index Cond: ((k >= 5905660) AND (k <= 5905760))

table 5 : explain SELECT k, c FROM sbtest5 WHERE k BETWEEN 5905660 AND 5905760
	Bitmap Heap Scan on sbtest5  (cost=5.51..420.88 rows=105 width=125)
	  Recheck Cond: ((k >= 5905660) AND (k <= 5905760))
	  ->  Bitmap Index Scan on k_5  (cost=0.00..5.48 rows=105 width=0)
	        Index Cond: ((k >= 5905660) AND (k <= 5905760))

table 6 : explain SELECT k, c FROM sbtest6 WHERE k BETWEEN 5905660 AND 5905760
	Bitmap Heap Scan on sbtest6  (cost=5.51..420.88 rows=105 width=125)
	  Recheck Cond: ((k >= 5905660) AND (k <= 5905760))
	  ->  Bitmap Index Scan on k_6  (cost=0.00..5.48 rows=105 width=0)
	        Index Cond: ((k >= 5905660) AND (k <= 5905760))

table 7 : explain SELECT k, c FROM sbtest7 WHERE k BETWEEN 5905660 AND 5905760
	Bitmap Heap Scan on sbtest7  (cost=5.47..405.13 rows=101 width=125)
	  Recheck Cond: ((k >= 5905660) AND (k <= 5905760))
	  ->  Bitmap Index Scan on k_7  (cost=0.00..5.44 rows=101 width=0)
	        Index Cond: ((k >= 5905660) AND (k <= 5905760))

table 8 : explain SELECT k, c FROM sbtest8 WHERE k BETWEEN 5905660 AND 5905760
	Bitmap Heap Scan on sbtest8  (cost=5.41..381.49 rows=95 width=125)
	  Recheck Cond: ((k >= 5905660) AND (k <= 5905760))
	  ->  Bitmap Index Scan on k_8  (cost=0.00..5.38 rows=95 width=0)
	        Index Cond: ((k >= 5905660) AND (k <= 5905760))

for range-notcovered
table 1 : explain SELECT k, c FROM sbtest1 WHERE k BETWEEN 4528374 AND 4528474
	Bitmap Heap Scan on sbtest1  (cost=5.44..393.31 rows=98 width=125)
	  Recheck Cond: ((k >= 4528374) AND (k <= 4528474))
	  ->  Bitmap Index Scan on k_1  (cost=0.00..5.42 rows=98 width=0)
	        Index Cond: ((k >= 4528374) AND (k <= 4528474))

table 2 : explain SELECT k, c FROM sbtest2 WHERE k BETWEEN 4528374 AND 4528474
	Bitmap Heap Scan on sbtest2  (cost=5.47..405.13 rows=101 width=125)
	  Recheck Cond: ((k >= 4528374) AND (k <= 4528474))
	  ->  Bitmap Index Scan on k_2  (cost=0.00..5.44 rows=101 width=0)
	        Index Cond: ((k >= 4528374) AND (k <= 4528474))

table 3 : explain SELECT k, c FROM sbtest3 WHERE k BETWEEN 4528374 AND 4528474
	Bitmap Heap Scan on sbtest3  (cost=5.42..385.43 rows=96 width=125)
	  Recheck Cond: ((k >= 4528374) AND (k <= 4528474))
	  ->  Bitmap Index Scan on k_3  (cost=0.00..5.39 rows=96 width=0)
	        Index Cond: ((k >= 4528374) AND (k <= 4528474))

table 4 : explain SELECT k, c FROM sbtest4 WHERE k BETWEEN 4528374 AND 4528474
	Bitmap Heap Scan on sbtest4  (cost=5.55..436.62 rows=109 width=125)
	  Recheck Cond: ((k >= 4528374) AND (k <= 4528474))
	  ->  Bitmap Index Scan on k_4  (cost=0.00..5.52 rows=109 width=0)
	        Index Cond: ((k >= 4528374) AND (k <= 4528474))

table 5 : explain SELECT k, c FROM sbtest5 WHERE k BETWEEN 4528374 AND 4528474
	Bitmap Heap Scan on sbtest5  (cost=5.49..413.00 rows=103 width=125)
	  Recheck Cond: ((k >= 4528374) AND (k <= 4528474))
	  ->  Bitmap Index Scan on k_5  (cost=0.00..5.46 rows=103 width=0)
	        Index Cond: ((k >= 4528374) AND (k <= 4528474))

table 6 : explain SELECT k, c FROM sbtest6 WHERE k BETWEEN 4528374 AND 4528474
	Bitmap Heap Scan on sbtest6  (cost=5.52..424.81 rows=106 width=125)
	  Recheck Cond: ((k >= 4528374) AND (k <= 4528474))
	  ->  Bitmap Index Scan on k_6  (cost=0.00..5.50 rows=106 width=0)
	        Index Cond: ((k >= 4528374) AND (k <= 4528474))

table 7 : explain SELECT k, c FROM sbtest7 WHERE k BETWEEN 4528374 AND 4528474
	Bitmap Heap Scan on sbtest7  (cost=5.48..409.07 rows=102 width=125)
	  Recheck Cond: ((k >= 4528374) AND (k <= 4528474))
	  ->  Bitmap Index Scan on k_7  (cost=0.00..5.45 rows=102 width=0)
	        Index Cond: ((k >= 4528374) AND (k <= 4528474))

table 8 : explain SELECT k, c FROM sbtest8 WHERE k BETWEEN 4528374 AND 4528474
	Bitmap Heap Scan on sbtest8  (cost=5.35..357.84 rows=89 width=125)
	  Recheck Cond: ((k >= 4528374) AND (k <= 4528474))
	  ->  Bitmap Index Scan on k_8  (cost=0.00..5.32 rows=89 width=0)
	        Index Cond: ((k >= 4528374) AND (k <= 4528474))

explain: for range-notcovered :: explain SELECT k, c FROM sbtest%d WHERE k BETWEEN 5905660 AND 5905760
for range-notcovered
table 1 : explain SELECT k, c FROM sbtest1 WHERE k BETWEEN 4263573 AND 4263673
	Bitmap Heap Scan on sbtest1  (cost=5.46..401.19 rows=100 width=125)
	  Recheck Cond: ((k >= 4263573) AND (k <= 4263673))
	  ->  Bitmap Index Scan on k_1  (cost=0.00..5.43 rows=100 width=0)
	        Index Cond: ((k >= 4263573) AND (k <= 4263673))

table 2 : explain SELECT k, c FROM sbtest2 WHERE k BETWEEN 4263573 AND 4263673
	Bitmap Heap Scan on sbtest2  (cost=5.50..416.94 rows=104 width=125)
	  Recheck Cond: ((k >= 4263573) AND (k <= 4263673))
	  ->  Bitmap Index Scan on k_2  (cost=0.00..5.47 rows=104 width=0)
	        Index Cond: ((k >= 4263573) AND (k <= 4263673))

table 3 : explain SELECT k, c FROM sbtest3 WHERE k BETWEEN 4263573 AND 4263673
	Bitmap Heap Scan on sbtest3  (cost=5.42..385.43 rows=96 width=125)
	  Recheck Cond: ((k >= 4263573) AND (k <= 4263673))
	  ->  Bitmap Index Scan on k_3  (cost=0.00..5.39 rows=96 width=0)
	        Index Cond: ((k >= 4263573) AND (k <= 4263673))

table 4 : explain SELECT k, c FROM sbtest4 WHERE k BETWEEN 4263573 AND 4263673
	Bitmap Heap Scan on sbtest4  (cost=5.47..405.13 rows=101 width=125)
	  Recheck Cond: ((k >= 4263573) AND (k <= 4263673))
	  ->  Bitmap Index Scan on k_4  (cost=0.00..5.44 rows=101 width=0)
	        Index Cond: ((k >= 4263573) AND (k <= 4263673))

table 5 : explain SELECT k, c FROM sbtest5 WHERE k BETWEEN 4263573 AND 4263673
	Bitmap Heap Scan on sbtest5  (cost=5.49..413.00 rows=103 width=125)
	  Recheck Cond: ((k >= 4263573) AND (k <= 4263673))
	  ->  Bitmap Index Scan on k_5  (cost=0.00..5.46 rows=103 width=0)
	        Index Cond: ((k >= 4263573) AND (k <= 4263673))

table 6 : explain SELECT k, c FROM sbtest6 WHERE k BETWEEN 4263573 AND 4263673
	Bitmap Heap Scan on sbtest6  (cost=5.53..428.75 rows=107 width=125)
	  Recheck Cond: ((k >= 4263573) AND (k <= 4263673))
	  ->  Bitmap Index Scan on k_6  (cost=0.00..5.50 rows=107 width=0)
	        Index Cond: ((k >= 4263573) AND (k <= 4263673))

table 7 : explain SELECT k, c FROM sbtest7 WHERE k BETWEEN 4263573 AND 4263673
	Bitmap Heap Scan on sbtest7  (cost=5.44..393.31 rows=98 width=125)
	  Recheck Cond: ((k >= 4263573) AND (k <= 4263673))
	  ->  Bitmap Index Scan on k_7  (cost=0.00..5.42 rows=98 width=0)
	        Index Cond: ((k >= 4263573) AND (k <= 4263673))

table 8 : explain SELECT k, c FROM sbtest8 WHERE k BETWEEN 4263573 AND 4263673
	Bitmap Heap Scan on sbtest8  (cost=5.57..444.49 rows=111 width=125)
	  Recheck Cond: ((k >= 4263573) AND (k <= 4263673))
	  ->  Bitmap Index Scan on k_8  (cost=0.00..5.54 rows=111 width=0)
	        Index Cond: ((k >= 4263573) AND (k <= 4263673))

explain: for range-notcovered :: explain SELECT k, c FROM sbtest%d WHERE k BETWEEN 8346016 AND 8346116
for range-notcovered
table 1 : explain SELECT k, c FROM sbtest1 WHERE k BETWEEN 4646032 AND 4646132
	Bitmap Heap Scan on sbtest1  (cost=5.48..409.07 rows=102 width=125)
	  Recheck Cond: ((k >= 4646032) AND (k <= 4646132))
	  ->  Bitmap Index Scan on k_1  (cost=0.00..5.45 rows=102 width=0)
	        Index Cond: ((k >= 4646032) AND (k <= 4646132))

table 2 : explain SELECT k, c FROM sbtest2 WHERE k BETWEEN 4646032 AND 4646132
	Bitmap Heap Scan on sbtest2  (cost=5.46..401.19 rows=100 width=125)
	  Recheck Cond: ((k >= 4646032) AND (k <= 4646132))
	  ->  Bitmap Index Scan on k_2  (cost=0.00..5.43 rows=100 width=0)
	        Index Cond: ((k >= 4646032) AND (k <= 4646132))

table 3 : explain SELECT k, c FROM sbtest3 WHERE k BETWEEN 4646032 AND 4646132
	Bitmap Heap Scan on sbtest3  (cost=5.53..428.75 rows=107 width=125)
	  Recheck Cond: ((k >= 4646032) AND (k <= 4646132))
	  ->  Bitmap Index Scan on k_3  (cost=0.00..5.50 rows=107 width=0)
	        Index Cond: ((k >= 4646032) AND (k <= 4646132))

table 4 : explain SELECT k, c FROM sbtest4 WHERE k BETWEEN 4646032 AND 4646132
	Bitmap Heap Scan on sbtest4  (cost=5.51..420.88 rows=105 width=125)
	  Recheck Cond: ((k >= 4646032) AND (k <= 4646132))
	  ->  Bitmap Index Scan on k_4  (cost=0.00..5.48 rows=105 width=0)
	        Index Cond: ((k >= 4646032) AND (k <= 4646132))

table 5 : explain SELECT k, c FROM sbtest5 WHERE k BETWEEN 4646032 AND 4646132
	Bitmap Heap Scan on sbtest5  (cost=5.48..409.07 rows=102 width=125)
	  Recheck Cond: ((k >= 4646032) AND (k <= 4646132))
	  ->  Bitmap Index Scan on k_5  (cost=0.00..5.45 rows=102 width=0)
	        Index Cond: ((k >= 4646032) AND (k <= 4646132))

table 6 : explain SELECT k, c FROM sbtest6 WHERE k BETWEEN 4646032 AND 4646132
	Bitmap Heap Scan on sbtest6  (cost=5.43..389.37 rows=97 width=125)
	  Recheck Cond: ((k >= 4646032) AND (k <= 4646132))
	  ->  Bitmap Index Scan on k_6  (cost=0.00..5.40 rows=97 width=0)
	        Index Cond: ((k >= 4646032) AND (k <= 4646132))

table 7 : explain SELECT k, c FROM sbtest7 WHERE k BETWEEN 4646032 AND 4646132
	Bitmap Heap Scan on sbtest7  (cost=5.50..416.94 rows=104 width=125)
	  Recheck Cond: ((k >= 4646032) AND (k <= 4646132))
	  ->  Bitmap Index Scan on k_7  (cost=0.00..5.47 rows=104 width=0)
	        Index Cond: ((k >= 4646032) AND (k <= 4646132))

table 8 : explain SELECT k, c FROM sbtest8 WHERE k BETWEEN 4646032 AND 4646132
	Bitmap Heap Scan on sbtest8  (cost=5.49..413.00 rows=103 width=125)
	  Recheck Cond: ((k >= 4646032) AND (k <= 4646132))
	  ->  Bitmap Index Scan on k_8  (cost=0.00..5.46 rows=103 width=0)
	        Index Cond: ((k >= 4646032) AND (k <= 4646132))

explain: for range-notcovered :: explain SELECT k, c FROM sbtest%d WHERE k BETWEEN 4528374 AND 4528474
explain: for range-notcovered :: explain SELECT k, c FROM sbtest%d WHERE k BETWEEN 4646032 AND 4646132
for range-notcovered
table 1 : explain SELECT k, c FROM sbtest1 WHERE k BETWEEN 4874881 AND 4874981
	Bitmap Heap Scan on sbtest1  (cost=5.59..452.36 rows=113 width=125)
	  Recheck Cond: ((k >= 4874881) AND (k <= 4874981))
	  ->  Bitmap Index Scan on k_1  (cost=0.00..5.56 rows=113 width=0)
	        Index Cond: ((k >= 4874881) AND (k <= 4874981))

table 2 : explain SELECT k, c FROM sbtest2 WHERE k BETWEEN 4874881 AND 4874981
	Bitmap Heap Scan on sbtest2  (cost=5.49..413.00 rows=103 width=125)
	  Recheck Cond: ((k >= 4874881) AND (k <= 4874981))
	  ->  Bitmap Index Scan on k_2  (cost=0.00..5.46 rows=103 width=0)
	        Index Cond: ((k >= 4874881) AND (k <= 4874981))

table 3 : explain SELECT k, c FROM sbtest3 WHERE k BETWEEN 4874881 AND 4874981
	Bitmap Heap Scan on sbtest3  (cost=5.47..405.13 rows=101 width=125)
	  Recheck Cond: ((k >= 4874881) AND (k <= 4874981))
	  ->  Bitmap Index Scan on k_3  (cost=0.00..5.44 rows=101 width=0)
	        Index Cond: ((k >= 4874881) AND (k <= 4874981))

table 4 : explain SELECT k, c FROM sbtest4 WHERE k BETWEEN 4874881 AND 4874981
	Bitmap Heap Scan on sbtest4  (cost=5.52..424.81 rows=106 width=125)
	  Recheck Cond: ((k >= 4874881) AND (k <= 4874981))
	  ->  Bitmap Index Scan on k_4  (cost=0.00..5.50 rows=106 width=0)
	        Index Cond: ((k >= 4874881) AND (k <= 4874981))

table 5 : explain SELECT k, c FROM sbtest5 WHERE k BETWEEN 4874881 AND 4874981
	Bitmap Heap Scan on sbtest5  (cost=5.37..365.72 rows=91 width=125)
	  Recheck Cond: ((k >= 4874881) AND (k <= 4874981))
	  ->  Bitmap Index Scan on k_5  (cost=0.00..5.34 rows=91 width=0)
	        Index Cond: ((k >= 4874881) AND (k <= 4874981))

table 6 : explain SELECT k, c FROM sbtest6 WHERE k BETWEEN 4874881 AND 4874981
	Bitmap Heap Scan on sbtest6  (cost=5.53..428.75 rows=107 width=125)
	  Recheck Cond: ((k >= 4874881) AND (k <= 4874981))
	  ->  Bitmap Index Scan on k_6  (cost=0.00..5.50 rows=107 width=0)
	        Index Cond: ((k >= 4874881) AND (k <= 4874981))

table 7 : explain SELECT k, c FROM sbtest7 WHERE k BETWEEN 4874881 AND 4874981
	Bitmap Heap Scan on sbtest7  (cost=5.38..369.67 rows=92 width=125)
	  Recheck Cond: ((k >= 4874881) AND (k <= 4874981))
	  ->  Bitmap Index Scan on k_7  (cost=0.00..5.35 rows=92 width=0)
	        Index Cond: ((k >= 4874881) AND (k <= 4874981))

table 8 : explain SELECT k, c FROM sbtest8 WHERE k BETWEEN 4874881 AND 4874981
	Bitmap Heap Scan on sbtest8  (cost=5.47..405.13 rows=101 width=125)
	  Recheck Cond: ((k >= 4874881) AND (k <= 4874981))
	  ->  Bitmap Index Scan on k_8  (cost=0.00..5.44 rows=101 width=0)
	        Index Cond: ((k >= 4874881) AND (k <= 4874981))

for range-notcovered
table 1 : explain SELECT k, c FROM sbtest1 WHERE k BETWEEN 5392017 AND 5392117
	Bitmap Heap Scan on sbtest1  (cost=5.40..377.55 rows=94 width=125)
	  Recheck Cond: ((k >= 5392017) AND (k <= 5392117))
	  ->  Bitmap Index Scan on k_1  (cost=0.00..5.38 rows=94 width=0)
	        Index Cond: ((k >= 5392017) AND (k <= 5392117))

table 2 : explain SELECT k, c FROM sbtest2 WHERE k BETWEEN 5392017 AND 5392117
	Bitmap Heap Scan on sbtest2  (cost=5.44..393.31 rows=98 width=125)
	  Recheck Cond: ((k >= 5392017) AND (k <= 5392117))
	  ->  Bitmap Index Scan on k_2  (cost=0.00..5.42 rows=98 width=0)
	        Index Cond: ((k >= 5392017) AND (k <= 5392117))

table 3 : explain SELECT k, c FROM sbtest3 WHERE k BETWEEN 5392017 AND 5392117
	Bitmap Heap Scan on sbtest3  (cost=5.49..413.00 rows=103 width=125)
	  Recheck Cond: ((k >= 5392017) AND (k <= 5392117))
	  ->  Bitmap Index Scan on k_3  (cost=0.00..5.46 rows=103 width=0)
	        Index Cond: ((k >= 5392017) AND (k <= 5392117))

table 4 : explain SELECT k, c FROM sbtest4 WHERE k BETWEEN 5392017 AND 5392117
	Bitmap Heap Scan on sbtest4  (cost=5.54..432.69 rows=108 width=125)
	  Recheck Cond: ((k >= 5392017) AND (k <= 5392117))
	  ->  Bitmap Index Scan on k_4  (cost=0.00..5.51 rows=108 width=0)
	        Index Cond: ((k >= 5392017) AND (k <= 5392117))

table 5 : explain SELECT k, c FROM sbtest5 WHERE k BETWEEN 5392017 AND 5392117
	Bitmap Heap Scan on sbtest5  (cost=5.49..413.00 rows=103 width=125)
	  Recheck Cond: ((k >= 5392017) AND (k <= 5392117))
	  ->  Bitmap Index Scan on k_5  (cost=0.00..5.46 rows=103 width=0)
	        Index Cond: ((k >= 5392017) AND (k <= 5392117))

table 6 : explain SELECT k, c FROM sbtest6 WHERE k BETWEEN 5392017 AND 5392117
	Bitmap Heap Scan on sbtest6  (cost=5.55..436.62 rows=109 width=125)
	  Recheck Cond: ((k >= 5392017) AND (k <= 5392117))
	  ->  Bitmap Index Scan on k_6  (cost=0.00..5.52 rows=109 width=0)
	        Index Cond: ((k >= 5392017) AND (k <= 5392117))

table 7 : explain SELECT k, c FROM sbtest7 WHERE k BETWEEN 5392017 AND 5392117
	Bitmap Heap Scan on sbtest7  (cost=5.52..424.81 rows=106 width=125)
	  Recheck Cond: ((k >= 5392017) AND (k <= 5392117))
	  ->  Bitmap Index Scan on k_7  (cost=0.00..5.50 rows=106 width=0)
	        Index Cond: ((k >= 5392017) AND (k <= 5392117))

table 8 : explain SELECT k, c FROM sbtest8 WHERE k BETWEEN 5392017 AND 5392117
	Bitmap Heap Scan on sbtest8  (cost=5.55..436.62 rows=109 width=125)
	  Recheck Cond: ((k >= 5392017) AND (k <= 5392117))
	  ->  Bitmap Index Scan on k_8  (cost=0.00..5.52 rows=109 width=0)
	        Index Cond: ((k >= 5392017) AND (k <= 5392117))

for range-notcovered
table 1 : explain SELECT k, c FROM sbtest1 WHERE k BETWEEN 4541118 AND 4541218
	Bitmap Heap Scan on sbtest1  (cost=5.44..393.31 rows=98 width=125)
	  Recheck Cond: ((k >= 4541118) AND (k <= 4541218))
	  ->  Bitmap Index Scan on k_1  (cost=0.00..5.42 rows=98 width=0)
	        Index Cond: ((k >= 4541118) AND (k <= 4541218))

table 2 : explain SELECT k, c FROM sbtest2 WHERE k BETWEEN 4541118 AND 4541218
	Bitmap Heap Scan on sbtest2  (cost=5.47..405.13 rows=101 width=125)
	  Recheck Cond: ((k >= 4541118) AND (k <= 4541218))
	  ->  Bitmap Index Scan on k_2  (cost=0.00..5.44 rows=101 width=0)
	        Index Cond: ((k >= 4541118) AND (k <= 4541218))

table 3 : explain SELECT k, c FROM sbtest3 WHERE k BETWEEN 4541118 AND 4541218
	Bitmap Heap Scan on sbtest3  (cost=5.42..385.43 rows=96 width=125)
	  Recheck Cond: ((k >= 4541118) AND (k <= 4541218))
	  ->  Bitmap Index Scan on k_3  (cost=0.00..5.39 rows=96 width=0)
	        Index Cond: ((k >= 4541118) AND (k <= 4541218))

table 4 : explain SELECT k, c FROM sbtest4 WHERE k BETWEEN 4541118 AND 4541218
	Bitmap Heap Scan on sbtest4  (cost=5.55..436.62 rows=109 width=125)
	  Recheck Cond: ((k >= 4541118) AND (k <= 4541218))
	  ->  Bitmap Index Scan on k_4  (cost=0.00..5.52 rows=109 width=0)
	        Index Cond: ((k >= 4541118) AND (k <= 4541218))

table 5 : explain SELECT k, c FROM sbtest5 WHERE k BETWEEN 4541118 AND 4541218
	Bitmap Heap Scan on sbtest5  (cost=5.49..413.00 rows=103 width=125)
	  Recheck Cond: ((k >= 4541118) AND (k <= 4541218))
	  ->  Bitmap Index Scan on k_5  (cost=0.00..5.46 rows=103 width=0)
	        Index Cond: ((k >= 4541118) AND (k <= 4541218))

table 6 : explain SELECT k, c FROM sbtest6 WHERE k BETWEEN 4541118 AND 4541218
	Bitmap Heap Scan on sbtest6  (cost=5.52..424.81 rows=106 width=125)
	  Recheck Cond: ((k >= 4541118) AND (k <= 4541218))
	  ->  Bitmap Index Scan on k_6  (cost=0.00..5.50 rows=106 width=0)
	        Index Cond: ((k >= 4541118) AND (k <= 4541218))

table 7 : explain SELECT k, c FROM sbtest7 WHERE k BETWEEN 4541118 AND 4541218
	Bitmap Heap Scan on sbtest7  (cost=5.48..409.07 rows=102 width=125)
	  Recheck Cond: ((k >= 4541118) AND (k <= 4541218))
	  ->  Bitmap Index Scan on k_7  (cost=0.00..5.45 rows=102 width=0)
	        Index Cond: ((k >= 4541118) AND (k <= 4541218))

table 8 : explain SELECT k, c FROM sbtest8 WHERE k BETWEEN 4541118 AND 4541218
	Bitmap Heap Scan on sbtest8  (cost=5.35..357.84 rows=89 width=125)
	  Recheck Cond: ((k >= 4541118) AND (k <= 4541218))
	  ->  Bitmap Index Scan on k_8  (cost=0.00..5.32 rows=89 width=0)
	        Index Cond: ((k >= 4541118) AND (k <= 4541218))

explain: for range-notcovered :: explain SELECT k, c FROM sbtest%d WHERE k BETWEEN 4874881 AND 4874981
for range-notcovered
table 1 : explain SELECT k, c FROM sbtest1 WHERE k BETWEEN 987113 AND 987213
	Bitmap Heap Scan on sbtest1  (cost=5.51..420.88 rows=105 width=125)
	  Recheck Cond: ((k >= 987113) AND (k <= 987213))
	  ->  Bitmap Index Scan on k_1  (cost=0.00..5.48 rows=105 width=0)
	        Index Cond: ((k >= 987113) AND (k <= 987213))

table 2 : explain SELECT k, c FROM sbtest2 WHERE k BETWEEN 987113 AND 987213
	Bitmap Heap Scan on sbtest2  (cost=5.52..424.81 rows=106 width=125)
	  Recheck Cond: ((k >= 987113) AND (k <= 987213))
	  ->  Bitmap Index Scan on k_2  (cost=0.00..5.50 rows=106 width=0)
	        Index Cond: ((k >= 987113) AND (k <= 987213))

table 3 : explain SELECT k, c FROM sbtest3 WHERE k BETWEEN 987113 AND 987213
	Bitmap Heap Scan on sbtest3  (cost=5.48..409.07 rows=102 width=125)
	  Recheck Cond: ((k >= 987113) AND (k <= 987213))
	  ->  Bitmap Index Scan on k_3  (cost=0.00..5.45 rows=102 width=0)
	        Index Cond: ((k >= 987113) AND (k <= 987213))

table 4 : explain SELECT k, c FROM sbtest4 WHERE k BETWEEN 987113 AND 987213
	Bitmap Heap Scan on sbtest4  (cost=5.49..413.00 rows=103 width=125)
	  Recheck Cond: ((k >= 987113) AND (k <= 987213))
	  ->  Bitmap Index Scan on k_4  (cost=0.00..5.46 rows=103 width=0)
	        Index Cond: ((k >= 987113) AND (k <= 987213))

table 5 : explain SELECT k, c FROM sbtest5 WHERE k BETWEEN 987113 AND 987213
	Bitmap Heap Scan on sbtest5  (cost=5.50..416.94 rows=104 width=125)
	  Recheck Cond: ((k >= 987113) AND (k <= 987213))
	  ->  Bitmap Index Scan on k_5  (cost=0.00..5.47 rows=104 width=0)
	        Index Cond: ((k >= 987113) AND (k <= 987213))

table 6 : explain SELECT k, c FROM sbtest6 WHERE k BETWEEN 987113 AND 987213
	Bitmap Heap Scan on sbtest6  (cost=5.46..401.19 rows=100 width=125)
	  Recheck Cond: ((k >= 987113) AND (k <= 987213))
	  ->  Bitmap Index Scan on k_6  (cost=0.00..5.43 rows=100 width=0)
	        Index Cond: ((k >= 987113) AND (k <= 987213))

table 7 : explain SELECT k, c FROM sbtest7 WHERE k BETWEEN 987113 AND 987213
	Bitmap Heap Scan on sbtest7  (cost=5.58..448.42 rows=112 width=125)
	  Recheck Cond: ((k >= 987113) AND (k <= 987213))
	  ->  Bitmap Index Scan on k_7  (cost=0.00..5.55 rows=112 width=0)
	        Index Cond: ((k >= 987113) AND (k <= 987213))

table 8 : explain SELECT k, c FROM sbtest8 WHERE k BETWEEN 987113 AND 987213
	Bitmap Heap Scan on sbtest8  (cost=5.45..397.25 rows=99 width=125)
	  Recheck Cond: ((k >= 987113) AND (k <= 987213))
	  ->  Bitmap Index Scan on k_8  (cost=0.00..5.42 rows=99 width=0)
	        Index Cond: ((k >= 987113) AND (k <= 987213))

explain: for range-notcovered :: explain SELECT k, c FROM sbtest%d WHERE k BETWEEN 4541118 AND 4541218
explain: for range-notcovered :: explain SELECT k, c FROM sbtest%d WHERE k BETWEEN 987113 AND 987213
for range-notcovered
table 1 : explain SELECT k, c FROM sbtest1 WHERE k BETWEEN 5905660 AND 5905760
	Bitmap Heap Scan on sbtest1  (cost=5.39..373.61 rows=93 width=125)
	  Recheck Cond: ((k >= 5905660) AND (k <= 5905760))
	  ->  Bitmap Index Scan on k_1  (cost=0.00..5.36 rows=93 width=0)
	        Index Cond: ((k >= 5905660) AND (k <= 5905760))

table 2 : explain SELECT k, c FROM sbtest2 WHERE k BETWEEN 5905660 AND 5905760
	Bitmap Heap Scan on sbtest2  (cost=5.50..416.94 rows=104 width=125)
	  Recheck Cond: ((k >= 5905660) AND (k <= 5905760))
	  ->  Bitmap Index Scan on k_2  (cost=0.00..5.47 rows=104 width=0)
	        Index Cond: ((k >= 5905660) AND (k <= 5905760))

table 3 : explain SELECT k, c FROM sbtest3 WHERE k BETWEEN 5905660 AND 5905760
	Bitmap Heap Scan on sbtest3  (cost=5.45..397.25 rows=99 width=125)
	  Recheck Cond: ((k >= 5905660) AND (k <= 5905760))
	  ->  Bitmap Index Scan on k_3  (cost=0.00..5.42 rows=99 width=0)
	        Index Cond: ((k >= 5905660) AND (k <= 5905760))

table 4 : explain SELECT k, c FROM sbtest4 WHERE k BETWEEN 5905660 AND 5905760
	Bitmap Heap Scan on sbtest4  (cost=5.49..413.00 rows=103 width=125)
	  Recheck Cond: ((k >= 5905660) AND (k <= 5905760))
	  ->  Bitmap Index Scan on k_4  (cost=0.00..5.46 rows=103 width=0)
	        Index Cond: ((k >= 5905660) AND (k <= 5905760))

table 5 : explain SELECT k, c FROM sbtest5 WHERE k BETWEEN 5905660 AND 5905760
	Bitmap Heap Scan on sbtest5  (cost=5.51..420.88 rows=105 width=125)
	  Recheck Cond: ((k >= 5905660) AND (k <= 5905760))
	  ->  Bitmap Index Scan on k_5  (cost=0.00..5.48 rows=105 width=0)
	        Index Cond: ((k >= 5905660) AND (k <= 5905760))

table 6 : explain SELECT k, c FROM sbtest6 WHERE k BETWEEN 5905660 AND 5905760
	Bitmap Heap Scan on sbtest6  (cost=5.51..420.88 rows=105 width=125)
	  Recheck Cond: ((k >= 5905660) AND (k <= 5905760))
	  ->  Bitmap Index Scan on k_6  (cost=0.00..5.48 rows=105 width=0)
	        Index Cond: ((k >= 5905660) AND (k <= 5905760))

table 7 : explain SELECT k, c FROM sbtest7 WHERE k BETWEEN 5905660 AND 5905760
	Bitmap Heap Scan on sbtest7  (cost=5.47..405.13 rows=101 width=125)
	  Recheck Cond: ((k >= 5905660) AND (k <= 5905760))
	  ->  Bitmap Index Scan on k_7  (cost=0.00..5.44 rows=101 width=0)
	        Index Cond: ((k >= 5905660) AND (k <= 5905760))

table 8 : explain SELECT k, c FROM sbtest8 WHERE k BETWEEN 5905660 AND 5905760
	Bitmap Heap Scan on sbtest8  (cost=5.41..381.49 rows=95 width=125)
	  Recheck Cond: ((k >= 5905660) AND (k <= 5905760))
	  ->  Bitmap Index Scan on k_8  (cost=0.00..5.38 rows=95 width=0)
	        Index Cond: ((k >= 5905660) AND (k <= 5905760))

explain: for range-notcovered :: explain SELECT k, c FROM sbtest%d WHERE k BETWEEN 5905660 AND 5905760
for range-notcovered
table 1 : explain SELECT k, c FROM sbtest1 WHERE k BETWEEN 4646032 AND 4646132
	Bitmap Heap Scan on sbtest1  (cost=5.48..409.07 rows=102 width=125)
	  Recheck Cond: ((k >= 4646032) AND (k <= 4646132))
	  ->  Bitmap Index Scan on k_1  (cost=0.00..5.45 rows=102 width=0)
	        Index Cond: ((k >= 4646032) AND (k <= 4646132))

table 2 : explain SELECT k, c FROM sbtest2 WHERE k BETWEEN 4646032 AND 4646132
	Bitmap Heap Scan on sbtest2  (cost=5.46..401.19 rows=100 width=125)
	  Recheck Cond: ((k >= 4646032) AND (k <= 4646132))
	  ->  Bitmap Index Scan on k_2  (cost=0.00..5.43 rows=100 width=0)
	        Index Cond: ((k >= 4646032) AND (k <= 4646132))

table 3 : explain SELECT k, c FROM sbtest3 WHERE k BETWEEN 4646032 AND 4646132
	Bitmap Heap Scan on sbtest3  (cost=5.53..428.75 rows=107 width=125)
	  Recheck Cond: ((k >= 4646032) AND (k <= 4646132))
	  ->  Bitmap Index Scan on k_3  (cost=0.00..5.50 rows=107 width=0)
	        Index Cond: ((k >= 4646032) AND (k <= 4646132))

table 4 : explain SELECT k, c FROM sbtest4 WHERE k BETWEEN 4646032 AND 4646132
	Bitmap Heap Scan on sbtest4  (cost=5.51..420.88 rows=105 width=125)
	  Recheck Cond: ((k >= 4646032) AND (k <= 4646132))
	  ->  Bitmap Index Scan on k_4  (cost=0.00..5.48 rows=105 width=0)
	        Index Cond: ((k >= 4646032) AND (k <= 4646132))

table 5 : explain SELECT k, c FROM sbtest5 WHERE k BETWEEN 4646032 AND 4646132
	Bitmap Heap Scan on sbtest5  (cost=5.48..409.07 rows=102 width=125)
	  Recheck Cond: ((k >= 4646032) AND (k <= 4646132))
	  ->  Bitmap Index Scan on k_5  (cost=0.00..5.45 rows=102 width=0)
	        Index Cond: ((k >= 4646032) AND (k <= 4646132))

table 6 : explain SELECT k, c FROM sbtest6 WHERE k BETWEEN 4646032 AND 4646132
	Bitmap Heap Scan on sbtest6  (cost=5.43..389.37 rows=97 width=125)
	  Recheck Cond: ((k >= 4646032) AND (k <= 4646132))
	  ->  Bitmap Index Scan on k_6  (cost=0.00..5.40 rows=97 width=0)
	        Index Cond: ((k >= 4646032) AND (k <= 4646132))

table 7 : explain SELECT k, c FROM sbtest7 WHERE k BETWEEN 4646032 AND 4646132
	Bitmap Heap Scan on sbtest7  (cost=5.50..416.94 rows=104 width=125)
	  Recheck Cond: ((k >= 4646032) AND (k <= 4646132))
	  ->  Bitmap Index Scan on k_7  (cost=0.00..5.47 rows=104 width=0)
	        Index Cond: ((k >= 4646032) AND (k <= 4646132))

table 8 : explain SELECT k, c FROM sbtest8 WHERE k BETWEEN 4646032 AND 4646132
	Bitmap Heap Scan on sbtest8  (cost=5.49..413.00 rows=103 width=125)
	  Recheck Cond: ((k >= 4646032) AND (k <= 4646132))
	  ->  Bitmap Index Scan on k_8  (cost=0.00..5.46 rows=103 width=0)
	        Index Cond: ((k >= 4646032) AND (k <= 4646132))

explain: for range-notcovered :: explain SELECT k, c FROM sbtest%d WHERE k BETWEEN 4646032 AND 4646132
for range-notcovered
table 1 : explain SELECT k, c FROM sbtest1 WHERE k BETWEEN 4528374 AND 4528474
	Bitmap Heap Scan on sbtest1  (cost=5.44..393.31 rows=98 width=125)
	  Recheck Cond: ((k >= 4528374) AND (k <= 4528474))
	  ->  Bitmap Index Scan on k_1  (cost=0.00..5.42 rows=98 width=0)
	        Index Cond: ((k >= 4528374) AND (k <= 4528474))

table 2 : explain SELECT k, c FROM sbtest2 WHERE k BETWEEN 4528374 AND 4528474
	Bitmap Heap Scan on sbtest2  (cost=5.47..405.13 rows=101 width=125)
	  Recheck Cond: ((k >= 4528374) AND (k <= 4528474))
	  ->  Bitmap Index Scan on k_2  (cost=0.00..5.44 rows=101 width=0)
	        Index Cond: ((k >= 4528374) AND (k <= 4528474))

table 3 : explain SELECT k, c FROM sbtest3 WHERE k BETWEEN 4528374 AND 4528474
	Bitmap Heap Scan on sbtest3  (cost=5.42..385.43 rows=96 width=125)
	  Recheck Cond: ((k >= 4528374) AND (k <= 4528474))
	  ->  Bitmap Index Scan on k_3  (cost=0.00..5.39 rows=96 width=0)
	        Index Cond: ((k >= 4528374) AND (k <= 4528474))

table 4 : explain SELECT k, c FROM sbtest4 WHERE k BETWEEN 4528374 AND 4528474
	Bitmap Heap Scan on sbtest4  (cost=5.55..436.62 rows=109 width=125)
	  Recheck Cond: ((k >= 4528374) AND (k <= 4528474))
	  ->  Bitmap Index Scan on k_4  (cost=0.00..5.52 rows=109 width=0)
	        Index Cond: ((k >= 4528374) AND (k <= 4528474))

table 5 : explain SELECT k, c FROM sbtest5 WHERE k BETWEEN 4528374 AND 4528474
	Bitmap Heap Scan on sbtest5  (cost=5.49..413.00 rows=103 width=125)
	  Recheck Cond: ((k >= 4528374) AND (k <= 4528474))
	  ->  Bitmap Index Scan on k_5  (cost=0.00..5.46 rows=103 width=0)
	        Index Cond: ((k >= 4528374) AND (k <= 4528474))

table 6 : explain SELECT k, c FROM sbtest6 WHERE k BETWEEN 4528374 AND 4528474
	Bitmap Heap Scan on sbtest6  (cost=5.52..424.81 rows=106 width=125)
	  Recheck Cond: ((k >= 4528374) AND (k <= 4528474))
	  ->  Bitmap Index Scan on k_6  (cost=0.00..5.50 rows=106 width=0)
	        Index Cond: ((k >= 4528374) AND (k <= 4528474))

table 7 : explain SELECT k, c FROM sbtest7 WHERE k BETWEEN 4528374 AND 4528474
	Bitmap Heap Scan on sbtest7  (cost=5.48..409.07 rows=102 width=125)
	  Recheck Cond: ((k >= 4528374) AND (k <= 4528474))
	  ->  Bitmap Index Scan on k_7  (cost=0.00..5.45 rows=102 width=0)
	        Index Cond: ((k >= 4528374) AND (k <= 4528474))

table 8 : explain SELECT k, c FROM sbtest8 WHERE k BETWEEN 4528374 AND 4528474
	Bitmap Heap Scan on sbtest8  (cost=5.35..357.84 rows=89 width=125)
	  Recheck Cond: ((k >= 4528374) AND (k <= 4528474))
	  ->  Bitmap Index Scan on k_8  (cost=0.00..5.32 rows=89 width=0)
	        Index Cond: ((k >= 4528374) AND (k <= 4528474))

for range-notcovered
table 1 : explain SELECT k, c FROM sbtest1 WHERE k BETWEEN 4874881 AND 4874981
	Bitmap Heap Scan on sbtest1  (cost=5.59..452.36 rows=113 width=125)
	  Recheck Cond: ((k >= 4874881) AND (k <= 4874981))
	  ->  Bitmap Index Scan on k_1  (cost=0.00..5.56 rows=113 width=0)
	        Index Cond: ((k >= 4874881) AND (k <= 4874981))

table 2 : explain SELECT k, c FROM sbtest2 WHERE k BETWEEN 4874881 AND 4874981
	Bitmap Heap Scan on sbtest2  (cost=5.49..413.00 rows=103 width=125)
	  Recheck Cond: ((k >= 4874881) AND (k <= 4874981))
	  ->  Bitmap Index Scan on k_2  (cost=0.00..5.46 rows=103 width=0)
	        Index Cond: ((k >= 4874881) AND (k <= 4874981))

table 3 : explain SELECT k, c FROM sbtest3 WHERE k BETWEEN 4874881 AND 4874981
	Bitmap Heap Scan on sbtest3  (cost=5.47..405.13 rows=101 width=125)
	  Recheck Cond: ((k >= 4874881) AND (k <= 4874981))
	  ->  Bitmap Index Scan on k_3  (cost=0.00..5.44 rows=101 width=0)
	        Index Cond: ((k >= 4874881) AND (k <= 4874981))

table 4 : explain SELECT k, c FROM sbtest4 WHERE k BETWEEN 4874881 AND 4874981
	Bitmap Heap Scan on sbtest4  (cost=5.52..424.81 rows=106 width=125)
	  Recheck Cond: ((k >= 4874881) AND (k <= 4874981))
	  ->  Bitmap Index Scan on k_4  (cost=0.00..5.50 rows=106 width=0)
	        Index Cond: ((k >= 4874881) AND (k <= 4874981))

table 5 : explain SELECT k, c FROM sbtest5 WHERE k BETWEEN 4874881 AND 4874981
	Bitmap Heap Scan on sbtest5  (cost=5.37..365.72 rows=91 width=125)
	  Recheck Cond: ((k >= 4874881) AND (k <= 4874981))
	  ->  Bitmap Index Scan on k_5  (cost=0.00..5.34 rows=91 width=0)
	        Index Cond: ((k >= 4874881) AND (k <= 4874981))

table 6 : explain SELECT k, c FROM sbtest6 WHERE k BETWEEN 4874881 AND 4874981
	Bitmap Heap Scan on sbtest6  (cost=5.53..428.75 rows=107 width=125)
	  Recheck Cond: ((k >= 4874881) AND (k <= 4874981))
	  ->  Bitmap Index Scan on k_6  (cost=0.00..5.50 rows=107 width=0)
	        Index Cond: ((k >= 4874881) AND (k <= 4874981))

table 7 : explain SELECT k, c FROM sbtest7 WHERE k BETWEEN 4874881 AND 4874981
	Bitmap Heap Scan on sbtest7  (cost=5.38..369.67 rows=92 width=125)
	  Recheck Cond: ((k >= 4874881) AND (k <= 4874981))
	  ->  Bitmap Index Scan on k_7  (cost=0.00..5.35 rows=92 width=0)
	        Index Cond: ((k >= 4874881) AND (k <= 4874981))

table 8 : explain SELECT k, c FROM sbtest8 WHERE k BETWEEN 4874881 AND 4874981
	Bitmap Heap Scan on sbtest8  (cost=5.47..405.13 rows=101 width=125)
	  Recheck Cond: ((k >= 4874881) AND (k <= 4874981))
	  ->  Bitmap Index Scan on k_8  (cost=0.00..5.44 rows=101 width=0)
	        Index Cond: ((k >= 4874881) AND (k <= 4874981))

explain: for range-notcovered :: explain SELECT k, c FROM sbtest%d WHERE k BETWEEN 4874881 AND 4874981
for range-notcovered
table 1 : explain SELECT k, c FROM sbtest1 WHERE k BETWEEN 5905660 AND 5905760
	Bitmap Heap Scan on sbtest1  (cost=5.39..373.61 rows=93 width=125)
	  Recheck Cond: ((k >= 5905660) AND (k <= 5905760))
	  ->  Bitmap Index Scan on k_1  (cost=0.00..5.36 rows=93 width=0)
	        Index Cond: ((k >= 5905660) AND (k <= 5905760))

table 2 : explain SELECT k, c FROM sbtest2 WHERE k BETWEEN 5905660 AND 5905760
	Bitmap Heap Scan on sbtest2  (cost=5.50..416.94 rows=104 width=125)
	  Recheck Cond: ((k >= 5905660) AND (k <= 5905760))
	  ->  Bitmap Index Scan on k_2  (cost=0.00..5.47 rows=104 width=0)
	        Index Cond: ((k >= 5905660) AND (k <= 5905760))

table 3 : explain SELECT k, c FROM sbtest3 WHERE k BETWEEN 5905660 AND 5905760
	Bitmap Heap Scan on sbtest3  (cost=5.45..397.25 rows=99 width=125)
	  Recheck Cond: ((k >= 5905660) AND (k <= 5905760))
	  ->  Bitmap Index Scan on k_3  (cost=0.00..5.42 rows=99 width=0)
	        Index Cond: ((k >= 5905660) AND (k <= 5905760))

table 4 : explain SELECT k, c FROM sbtest4 WHERE k BETWEEN 5905660 AND 5905760
	Bitmap Heap Scan on sbtest4  (cost=5.49..413.00 rows=103 width=125)
	  Recheck Cond: ((k >= 5905660) AND (k <= 5905760))
	  ->  Bitmap Index Scan on k_4  (cost=0.00..5.46 rows=103 width=0)
	        Index Cond: ((k >= 5905660) AND (k <= 5905760))

table 5 : explain SELECT k, c FROM sbtest5 WHERE k BETWEEN 5905660 AND 5905760
	Bitmap Heap Scan on sbtest5  (cost=5.51..420.88 rows=105 width=125)
	  Recheck Cond: ((k >= 5905660) AND (k <= 5905760))
	  ->  Bitmap Index Scan on k_5  (cost=0.00..5.48 rows=105 width=0)
	        Index Cond: ((k >= 5905660) AND (k <= 5905760))

table 6 : explain SELECT k, c FROM sbtest6 WHERE k BETWEEN 5905660 AND 5905760
	Bitmap Heap Scan on sbtest6  (cost=5.51..420.88 rows=105 width=125)
	  Recheck Cond: ((k >= 5905660) AND (k <= 5905760))
	  ->  Bitmap Index Scan on k_6  (cost=0.00..5.48 rows=105 width=0)
	        Index Cond: ((k >= 5905660) AND (k <= 5905760))

table 7 : explain SELECT k, c FROM sbtest7 WHERE k BETWEEN 5905660 AND 5905760
	Bitmap Heap Scan on sbtest7  (cost=5.47..405.13 rows=101 width=125)
	  Recheck Cond: ((k >= 5905660) AND (k <= 5905760))
	  ->  Bitmap Index Scan on k_7  (cost=0.00..5.44 rows=101 width=0)
	        Index Cond: ((k >= 5905660) AND (k <= 5905760))

table 8 : explain SELECT k, c FROM sbtest8 WHERE k BETWEEN 5905660 AND 5905760
	Bitmap Heap Scan on sbtest8  (cost=5.41..381.49 rows=95 width=125)
	  Recheck Cond: ((k >= 5905660) AND (k <= 5905760))
	  ->  Bitmap Index Scan on k_8  (cost=0.00..5.38 rows=95 width=0)
	        Index Cond: ((k >= 5905660) AND (k <= 5905760))

explain: for range-notcovered :: explain SELECT k, c FROM sbtest%d WHERE k BETWEEN 5905660 AND 5905760
for range-notcovered
table 1 : explain SELECT k, c FROM sbtest1 WHERE k BETWEEN 4646032 AND 4646132
	Bitmap Heap Scan on sbtest1  (cost=5.48..409.07 rows=102 width=125)
	  Recheck Cond: ((k >= 4646032) AND (k <= 4646132))
	  ->  Bitmap Index Scan on k_1  (cost=0.00..5.45 rows=102 width=0)
	        Index Cond: ((k >= 4646032) AND (k <= 4646132))

table 2 : explain SELECT k, c FROM sbtest2 WHERE k BETWEEN 4646032 AND 4646132
	Bitmap Heap Scan on sbtest2  (cost=5.46..401.19 rows=100 width=125)
	  Recheck Cond: ((k >= 4646032) AND (k <= 4646132))
	  ->  Bitmap Index Scan on k_2  (cost=0.00..5.43 rows=100 width=0)
	        Index Cond: ((k >= 4646032) AND (k <= 4646132))

table 3 : explain SELECT k, c FROM sbtest3 WHERE k BETWEEN 4646032 AND 4646132
	Bitmap Heap Scan on sbtest3  (cost=5.53..428.75 rows=107 width=125)
	  Recheck Cond: ((k >= 4646032) AND (k <= 4646132))
	  ->  Bitmap Index Scan on k_3  (cost=0.00..5.50 rows=107 width=0)
	        Index Cond: ((k >= 4646032) AND (k <= 4646132))

table 4 : explain SELECT k, c FROM sbtest4 WHERE k BETWEEN 4646032 AND 4646132
	Bitmap Heap Scan on sbtest4  (cost=5.51..420.88 rows=105 width=125)
	  Recheck Cond: ((k >= 4646032) AND (k <= 4646132))
	  ->  Bitmap Index Scan on k_4  (cost=0.00..5.48 rows=105 width=0)
	        Index Cond: ((k >= 4646032) AND (k <= 4646132))

table 5 : explain SELECT k, c FROM sbtest5 WHERE k BETWEEN 4646032 AND 4646132
	Bitmap Heap Scan on sbtest5  (cost=5.48..409.07 rows=102 width=125)
	  Recheck Cond: ((k >= 4646032) AND (k <= 4646132))
	  ->  Bitmap Index Scan on k_5  (cost=0.00..5.45 rows=102 width=0)
	        Index Cond: ((k >= 4646032) AND (k <= 4646132))

table 6 : explain SELECT k, c FROM sbtest6 WHERE k BETWEEN 4646032 AND 4646132
	Bitmap Heap Scan on sbtest6  (cost=5.43..389.37 rows=97 width=125)
	  Recheck Cond: ((k >= 4646032) AND (k <= 4646132))
	  ->  Bitmap Index Scan on k_6  (cost=0.00..5.40 rows=97 width=0)
	        Index Cond: ((k >= 4646032) AND (k <= 4646132))

table 7 : explain SELECT k, c FROM sbtest7 WHERE k BETWEEN 4646032 AND 4646132
	Bitmap Heap Scan on sbtest7  (cost=5.50..416.94 rows=104 width=125)
	  Recheck Cond: ((k >= 4646032) AND (k <= 4646132))
	  ->  Bitmap Index Scan on k_7  (cost=0.00..5.47 rows=104 width=0)
	        Index Cond: ((k >= 4646032) AND (k <= 4646132))

table 8 : explain SELECT k, c FROM sbtest8 WHERE k BETWEEN 4646032 AND 4646132
	Bitmap Heap Scan on sbtest8  (cost=5.49..413.00 rows=103 width=125)
	  Recheck Cond: ((k >= 4646032) AND (k <= 4646132))
	  ->  Bitmap Index Scan on k_8  (cost=0.00..5.46 rows=103 width=0)
	        Index Cond: ((k >= 4646032) AND (k <= 4646132))

for range-notcovered
table 1 : explain SELECT k, c FROM sbtest1 WHERE k BETWEEN 987113 AND 987213
	Bitmap Heap Scan on sbtest1  (cost=5.51..420.88 rows=105 width=125)
	  Recheck Cond: ((k >= 987113) AND (k <= 987213))
	  ->  Bitmap Index Scan on k_1  (cost=0.00..5.48 rows=105 width=0)
	        Index Cond: ((k >= 987113) AND (k <= 987213))

table 2 : explain SELECT k, c FROM sbtest2 WHERE k BETWEEN 987113 AND 987213
	Bitmap Heap Scan on sbtest2  (cost=5.52..424.81 rows=106 width=125)
	  Recheck Cond: ((k >= 987113) AND (k <= 987213))
	  ->  Bitmap Index Scan on k_2  (cost=0.00..5.50 rows=106 width=0)
	        Index Cond: ((k >= 987113) AND (k <= 987213))

table 3 : explain SELECT k, c FROM sbtest3 WHERE k BETWEEN 987113 AND 987213
	Bitmap Heap Scan on sbtest3  (cost=5.48..409.07 rows=102 width=125)
	  Recheck Cond: ((k >= 987113) AND (k <= 987213))
	  ->  Bitmap Index Scan on k_3  (cost=0.00..5.45 rows=102 width=0)
	        Index Cond: ((k >= 987113) AND (k <= 987213))

table 4 : explain SELECT k, c FROM sbtest4 WHERE k BETWEEN 987113 AND 987213
	Bitmap Heap Scan on sbtest4  (cost=5.49..413.00 rows=103 width=125)
	  Recheck Cond: ((k >= 987113) AND (k <= 987213))
	  ->  Bitmap Index Scan on k_4  (cost=0.00..5.46 rows=103 width=0)
	        Index Cond: ((k >= 987113) AND (k <= 987213))

table 5 : explain SELECT k, c FROM sbtest5 WHERE k BETWEEN 987113 AND 987213
	Bitmap Heap Scan on sbtest5  (cost=5.50..416.94 rows=104 width=125)
	  Recheck Cond: ((k >= 987113) AND (k <= 987213))
	  ->  Bitmap Index Scan on k_5  (cost=0.00..5.47 rows=104 width=0)
	        Index Cond: ((k >= 987113) AND (k <= 987213))

table 6 : explain SELECT k, c FROM sbtest6 WHERE k BETWEEN 987113 AND 987213
	Bitmap Heap Scan on sbtest6  (cost=5.46..401.19 rows=100 width=125)
	  Recheck Cond: ((k >= 987113) AND (k <= 987213))
	  ->  Bitmap Index Scan on k_6  (cost=0.00..5.43 rows=100 width=0)
	        Index Cond: ((k >= 987113) AND (k <= 987213))

table 7 : explain SELECT k, c FROM sbtest7 WHERE k BETWEEN 987113 AND 987213
	Bitmap Heap Scan on sbtest7  (cost=5.58..448.42 rows=112 width=125)
	  Recheck Cond: ((k >= 987113) AND (k <= 987213))
	  ->  Bitmap Index Scan on k_7  (cost=0.00..5.55 rows=112 width=0)
	        Index Cond: ((k >= 987113) AND (k <= 987213))

table 8 : explain SELECT k, c FROM sbtest8 WHERE k BETWEEN 987113 AND 987213
	Bitmap Heap Scan on sbtest8  (cost=5.45..397.25 rows=99 width=125)
	  Recheck Cond: ((k >= 987113) AND (k <= 987213))
	  ->  Bitmap Index Scan on k_8  (cost=0.00..5.42 rows=99 width=0)
	        Index Cond: ((k >= 987113) AND (k <= 987213))

for range-notcovered
table 1 : explain SELECT k, c FROM sbtest1 WHERE k BETWEEN 4874881 AND 4874981
	Bitmap Heap Scan on sbtest1  (cost=5.59..452.36 rows=113 width=125)
	  Recheck Cond: ((k >= 4874881) AND (k <= 4874981))
	  ->  Bitmap Index Scan on k_1  (cost=0.00..5.56 rows=113 width=0)
	        Index Cond: ((k >= 4874881) AND (k <= 4874981))

table 2 : explain SELECT k, c FROM sbtest2 WHERE k BETWEEN 4874881 AND 4874981
	Bitmap Heap Scan on sbtest2  (cost=5.49..413.00 rows=103 width=125)
	  Recheck Cond: ((k >= 4874881) AND (k <= 4874981))
	  ->  Bitmap Index Scan on k_2  (cost=0.00..5.46 rows=103 width=0)
	        Index Cond: ((k >= 4874881) AND (k <= 4874981))

table 3 : explain SELECT k, c FROM sbtest3 WHERE k BETWEEN 4874881 AND 4874981
	Bitmap Heap Scan on sbtest3  (cost=5.47..405.13 rows=101 width=125)
	  Recheck Cond: ((k >= 4874881) AND (k <= 4874981))
	  ->  Bitmap Index Scan on k_3  (cost=0.00..5.44 rows=101 width=0)
	        Index Cond: ((k >= 4874881) AND (k <= 4874981))

table 4 : explain SELECT k, c FROM sbtest4 WHERE k BETWEEN 4874881 AND 4874981
	Bitmap Heap Scan on sbtest4  (cost=5.52..424.81 rows=106 width=125)
	  Recheck Cond: ((k >= 4874881) AND (k <= 4874981))
	  ->  Bitmap Index Scan on k_4  (cost=0.00..5.50 rows=106 width=0)
	        Index Cond: ((k >= 4874881) AND (k <= 4874981))

table 5 : explain SELECT k, c FROM sbtest5 WHERE k BETWEEN 4874881 AND 4874981
	Bitmap Heap Scan on sbtest5  (cost=5.37..365.72 rows=91 width=125)
	  Recheck Cond: ((k >= 4874881) AND (k <= 4874981))
	  ->  Bitmap Index Scan on k_5  (cost=0.00..5.34 rows=91 width=0)
	        Index Cond: ((k >= 4874881) AND (k <= 4874981))

table 6 : explain SELECT k, c FROM sbtest6 WHERE k BETWEEN 4874881 AND 4874981
	Bitmap Heap Scan on sbtest6  (cost=5.53..428.75 rows=107 width=125)
	  Recheck Cond: ((k >= 4874881) AND (k <= 4874981))
	  ->  Bitmap Index Scan on k_6  (cost=0.00..5.50 rows=107 width=0)
	        Index Cond: ((k >= 4874881) AND (k <= 4874981))

table 7 : explain SELECT k, c FROM sbtest7 WHERE k BETWEEN 4874881 AND 4874981
	Bitmap Heap Scan on sbtest7  (cost=5.38..369.67 rows=92 width=125)
	  Recheck Cond: ((k >= 4874881) AND (k <= 4874981))
	  ->  Bitmap Index Scan on k_7  (cost=0.00..5.35 rows=92 width=0)
	        Index Cond: ((k >= 4874881) AND (k <= 4874981))

table 8 : explain SELECT k, c FROM sbtest8 WHERE k BETWEEN 4874881 AND 4874981
	Bitmap Heap Scan on sbtest8  (cost=5.47..405.13 rows=101 width=125)
	  Recheck Cond: ((k >= 4874881) AND (k <= 4874981))
	  ->  Bitmap Index Scan on k_8  (cost=0.00..5.44 rows=101 width=0)
	        Index Cond: ((k >= 4874881) AND (k <= 4874981))

for range-notcovered
table 1 : explain SELECT k, c FROM sbtest1 WHERE k BETWEEN 4541118 AND 4541218
	Bitmap Heap Scan on sbtest1  (cost=5.44..393.31 rows=98 width=125)
	  Recheck Cond: ((k >= 4541118) AND (k <= 4541218))
	  ->  Bitmap Index Scan on k_1  (cost=0.00..5.42 rows=98 width=0)
	        Index Cond: ((k >= 4541118) AND (k <= 4541218))

table 2 : explain SELECT k, c FROM sbtest2 WHERE k BETWEEN 4541118 AND 4541218
	Bitmap Heap Scan on sbtest2  (cost=5.47..405.13 rows=101 width=125)
	  Recheck Cond: ((k >= 4541118) AND (k <= 4541218))
	  ->  Bitmap Index Scan on k_2  (cost=0.00..5.44 rows=101 width=0)
	        Index Cond: ((k >= 4541118) AND (k <= 4541218))

table 3 : explain SELECT k, c FROM sbtest3 WHERE k BETWEEN 4541118 AND 4541218
	Bitmap Heap Scan on sbtest3  (cost=5.42..385.43 rows=96 width=125)
	  Recheck Cond: ((k >= 4541118) AND (k <= 4541218))
	  ->  Bitmap Index Scan on k_3  (cost=0.00..5.39 rows=96 width=0)
	        Index Cond: ((k >= 4541118) AND (k <= 4541218))

table 4 : explain SELECT k, c FROM sbtest4 WHERE k BETWEEN 4541118 AND 4541218
	Bitmap Heap Scan on sbtest4  (cost=5.55..436.62 rows=109 width=125)
	  Recheck Cond: ((k >= 4541118) AND (k <= 4541218))
	  ->  Bitmap Index Scan on k_4  (cost=0.00..5.52 rows=109 width=0)
	        Index Cond: ((k >= 4541118) AND (k <= 4541218))

table 5 : explain SELECT k, c FROM sbtest5 WHERE k BETWEEN 4541118 AND 4541218
	Bitmap Heap Scan on sbtest5  (cost=5.49..413.00 rows=103 width=125)
	  Recheck Cond: ((k >= 4541118) AND (k <= 4541218))
	  ->  Bitmap Index Scan on k_5  (cost=0.00..5.46 rows=103 width=0)
	        Index Cond: ((k >= 4541118) AND (k <= 4541218))

table 6 : explain SELECT k, c FROM sbtest6 WHERE k BETWEEN 4541118 AND 4541218
	Bitmap Heap Scan on sbtest6  (cost=5.52..424.81 rows=106 width=125)
	  Recheck Cond: ((k >= 4541118) AND (k <= 4541218))
	  ->  Bitmap Index Scan on k_6  (cost=0.00..5.50 rows=106 width=0)
	        Index Cond: ((k >= 4541118) AND (k <= 4541218))

table 7 : explain SELECT k, c FROM sbtest7 WHERE k BETWEEN 4541118 AND 4541218
	Bitmap Heap Scan on sbtest7  (cost=5.48..409.07 rows=102 width=125)
	  Recheck Cond: ((k >= 4541118) AND (k <= 4541218))
	  ->  Bitmap Index Scan on k_7  (cost=0.00..5.45 rows=102 width=0)
	        Index Cond: ((k >= 4541118) AND (k <= 4541218))

table 8 : explain SELECT k, c FROM sbtest8 WHERE k BETWEEN 4541118 AND 4541218
	Bitmap Heap Scan on sbtest8  (cost=5.35..357.84 rows=89 width=125)
	  Recheck Cond: ((k >= 4541118) AND (k <= 4541218))
	  ->  Bitmap Index Scan on k_8  (cost=0.00..5.32 rows=89 width=0)
	        Index Cond: ((k >= 4541118) AND (k <= 4541218))

explain: for range-notcovered :: explain SELECT k, c FROM sbtest%d WHERE k BETWEEN 4874881 AND 4874981
for range-notcovered
table 1 : explain SELECT k, c FROM sbtest1 WHERE k BETWEEN 8346016 AND 8346116
	Bitmap Heap Scan on sbtest1  (cost=5.49..413.00 rows=103 width=125)
	  Recheck Cond: ((k >= 8346016) AND (k <= 8346116))
	  ->  Bitmap Index Scan on k_1  (cost=0.00..5.46 rows=103 width=0)
	        Index Cond: ((k >= 8346016) AND (k <= 8346116))

table 2 : explain SELECT k, c FROM sbtest2 WHERE k BETWEEN 8346016 AND 8346116
	Bitmap Heap Scan on sbtest2  (cost=5.51..420.88 rows=105 width=125)
	  Recheck Cond: ((k >= 8346016) AND (k <= 8346116))
	  ->  Bitmap Index Scan on k_2  (cost=0.00..5.48 rows=105 width=0)
	        Index Cond: ((k >= 8346016) AND (k <= 8346116))

table 3 : explain SELECT k, c FROM sbtest3 WHERE k BETWEEN 8346016 AND 8346116
	Bitmap Heap Scan on sbtest3  (cost=5.51..420.88 rows=105 width=125)
	  Recheck Cond: ((k >= 8346016) AND (k <= 8346116))
	  ->  Bitmap Index Scan on k_3  (cost=0.00..5.48 rows=105 width=0)
	        Index Cond: ((k >= 8346016) AND (k <= 8346116))

table 4 : explain SELECT k, c FROM sbtest4 WHERE k BETWEEN 8346016 AND 8346116
	Bitmap Heap Scan on sbtest4  (cost=5.50..416.94 rows=104 width=125)
	  Recheck Cond: ((k >= 8346016) AND (k <= 8346116))
	  ->  Bitmap Index Scan on k_4  (cost=0.00..5.47 rows=104 width=0)
	        Index Cond: ((k >= 8346016) AND (k <= 8346116))

table 5 : explain SELECT k, c FROM sbtest5 WHERE k BETWEEN 8346016 AND 8346116
	Bitmap Heap Scan on sbtest5  (cost=5.43..389.37 rows=97 width=125)
	  Recheck Cond: ((k >= 8346016) AND (k <= 8346116))
	  ->  Bitmap Index Scan on k_5  (cost=0.00..5.40 rows=97 width=0)
	        Index Cond: ((k >= 8346016) AND (k <= 8346116))

table 6 : explain SELECT k, c FROM sbtest6 WHERE k BETWEEN 8346016 AND 8346116
	Bitmap Heap Scan on sbtest6  (cost=5.44..393.31 rows=98 width=125)
	  Recheck Cond: ((k >= 8346016) AND (k <= 8346116))
	  ->  Bitmap Index Scan on k_6  (cost=0.00..5.42 rows=98 width=0)
	        Index Cond: ((k >= 8346016) AND (k <= 8346116))

table 7 : explain SELECT k, c FROM sbtest7 WHERE k BETWEEN 8346016 AND 8346116
	Bitmap Heap Scan on sbtest7  (cost=5.35..357.84 rows=89 width=125)
	  Recheck Cond: ((k >= 8346016) AND (k <= 8346116))
	  ->  Bitmap Index Scan on k_7  (cost=0.00..5.32 rows=89 width=0)
	        Index Cond: ((k >= 8346016) AND (k <= 8346116))

table 8 : explain SELECT k, c FROM sbtest8 WHERE k BETWEEN 8346016 AND 8346116
	Bitmap Heap Scan on sbtest8  (cost=5.38..369.67 rows=92 width=125)
	  Recheck Cond: ((k >= 8346016) AND (k <= 8346116))
	  ->  Bitmap Index Scan on k_8  (cost=0.00..5.35 rows=92 width=0)
	        Index Cond: ((k >= 8346016) AND (k <= 8346116))

explain: for range-notcovered :: explain SELECT k, c FROM sbtest%d WHERE k BETWEEN 987113 AND 987213
explain: for range-notcovered :: explain SELECT k, c FROM sbtest%d WHERE k BETWEEN 4541118 AND 4541218
for range-notcovered
table 1 : explain SELECT k, c FROM sbtest1 WHERE k BETWEEN 5905660 AND 5905760
	Bitmap Heap Scan on sbtest1  (cost=5.39..373.61 rows=93 width=125)
	  Recheck Cond: ((k >= 5905660) AND (k <= 5905760))
	  ->  Bitmap Index Scan on k_1  (cost=0.00..5.36 rows=93 width=0)
	        Index Cond: ((k >= 5905660) AND (k <= 5905760))

table 2 : explain SELECT k, c FROM sbtest2 WHERE k BETWEEN 5905660 AND 5905760
	Bitmap Heap Scan on sbtest2  (cost=5.50..416.94 rows=104 width=125)
	  Recheck Cond: ((k >= 5905660) AND (k <= 5905760))
	  ->  Bitmap Index Scan on k_2  (cost=0.00..5.47 rows=104 width=0)
	        Index Cond: ((k >= 5905660) AND (k <= 5905760))

table 3 : explain SELECT k, c FROM sbtest3 WHERE k BETWEEN 5905660 AND 5905760
	Bitmap Heap Scan on sbtest3  (cost=5.45..397.25 rows=99 width=125)
	  Recheck Cond: ((k >= 5905660) AND (k <= 5905760))
	  ->  Bitmap Index Scan on k_3  (cost=0.00..5.42 rows=99 width=0)
	        Index Cond: ((k >= 5905660) AND (k <= 5905760))

table 4 : explain SELECT k, c FROM sbtest4 WHERE k BETWEEN 5905660 AND 5905760
	Bitmap Heap Scan on sbtest4  (cost=5.49..413.00 rows=103 width=125)
	  Recheck Cond: ((k >= 5905660) AND (k <= 5905760))
	  ->  Bitmap Index Scan on k_4  (cost=0.00..5.46 rows=103 width=0)
	        Index Cond: ((k >= 5905660) AND (k <= 5905760))

table 5 : explain SELECT k, c FROM sbtest5 WHERE k BETWEEN 5905660 AND 5905760
	Bitmap Heap Scan on sbtest5  (cost=5.51..420.88 rows=105 width=125)
	  Recheck Cond: ((k >= 5905660) AND (k <= 5905760))
	  ->  Bitmap Index Scan on k_5  (cost=0.00..5.48 rows=105 width=0)
	        Index Cond: ((k >= 5905660) AND (k <= 5905760))

table 6 : explain SELECT k, c FROM sbtest6 WHERE k BETWEEN 5905660 AND 5905760
	Bitmap Heap Scan on sbtest6  (cost=5.51..420.88 rows=105 width=125)
	  Recheck Cond: ((k >= 5905660) AND (k <= 5905760))
	  ->  Bitmap Index Scan on k_6  (cost=0.00..5.48 rows=105 width=0)
	        Index Cond: ((k >= 5905660) AND (k <= 5905760))

table 7 : explain SELECT k, c FROM sbtest7 WHERE k BETWEEN 5905660 AND 5905760
	Bitmap Heap Scan on sbtest7  (cost=5.47..405.13 rows=101 width=125)
	  Recheck Cond: ((k >= 5905660) AND (k <= 5905760))
	  ->  Bitmap Index Scan on k_7  (cost=0.00..5.44 rows=101 width=0)
	        Index Cond: ((k >= 5905660) AND (k <= 5905760))

table 8 : explain SELECT k, c FROM sbtest8 WHERE k BETWEEN 5905660 AND 5905760
	Bitmap Heap Scan on sbtest8  (cost=5.41..381.49 rows=95 width=125)
	  Recheck Cond: ((k >= 5905660) AND (k <= 5905760))
	  ->  Bitmap Index Scan on k_8  (cost=0.00..5.38 rows=95 width=0)
	        Index Cond: ((k >= 5905660) AND (k <= 5905760))

explain: for range-notcovered :: explain SELECT k, c FROM sbtest%d WHERE k BETWEEN 5905660 AND 5905760
for range-notcovered
table 1 : explain SELECT k, c FROM sbtest1 WHERE k BETWEEN 4874881 AND 4874981
	Bitmap Heap Scan on sbtest1  (cost=5.59..452.36 rows=113 width=125)
	  Recheck Cond: ((k >= 4874881) AND (k <= 4874981))
	  ->  Bitmap Index Scan on k_1  (cost=0.00..5.56 rows=113 width=0)
	        Index Cond: ((k >= 4874881) AND (k <= 4874981))

table 2 : explain SELECT k, c FROM sbtest2 WHERE k BETWEEN 4874881 AND 4874981
	Bitmap Heap Scan on sbtest2  (cost=5.49..413.00 rows=103 width=125)
	  Recheck Cond: ((k >= 4874881) AND (k <= 4874981))
	  ->  Bitmap Index Scan on k_2  (cost=0.00..5.46 rows=103 width=0)
	        Index Cond: ((k >= 4874881) AND (k <= 4874981))

table 3 : explain SELECT k, c FROM sbtest3 WHERE k BETWEEN 4874881 AND 4874981
	Bitmap Heap Scan on sbtest3  (cost=5.47..405.13 rows=101 width=125)
	  Recheck Cond: ((k >= 4874881) AND (k <= 4874981))
	  ->  Bitmap Index Scan on k_3  (cost=0.00..5.44 rows=101 width=0)
	        Index Cond: ((k >= 4874881) AND (k <= 4874981))

table 4 : explain SELECT k, c FROM sbtest4 WHERE k BETWEEN 4874881 AND 4874981
	Bitmap Heap Scan on sbtest4  (cost=5.52..424.81 rows=106 width=125)
	  Recheck Cond: ((k >= 4874881) AND (k <= 4874981))
	  ->  Bitmap Index Scan on k_4  (cost=0.00..5.50 rows=106 width=0)
	        Index Cond: ((k >= 4874881) AND (k <= 4874981))

table 5 : explain SELECT k, c FROM sbtest5 WHERE k BETWEEN 4874881 AND 4874981
	Bitmap Heap Scan on sbtest5  (cost=5.37..365.72 rows=91 width=125)
	  Recheck Cond: ((k >= 4874881) AND (k <= 4874981))
	  ->  Bitmap Index Scan on k_5  (cost=0.00..5.34 rows=91 width=0)
	        Index Cond: ((k >= 4874881) AND (k <= 4874981))

table 6 : explain SELECT k, c FROM sbtest6 WHERE k BETWEEN 4874881 AND 4874981
	Bitmap Heap Scan on sbtest6  (cost=5.53..428.75 rows=107 width=125)
	  Recheck Cond: ((k >= 4874881) AND (k <= 4874981))
	  ->  Bitmap Index Scan on k_6  (cost=0.00..5.50 rows=107 width=0)
	        Index Cond: ((k >= 4874881) AND (k <= 4874981))

table 7 : explain SELECT k, c FROM sbtest7 WHERE k BETWEEN 4874881 AND 4874981
	Bitmap Heap Scan on sbtest7  (cost=5.38..369.67 rows=92 width=125)
	  Recheck Cond: ((k >= 4874881) AND (k <= 4874981))
	  ->  Bitmap Index Scan on k_7  (cost=0.00..5.35 rows=92 width=0)
	        Index Cond: ((k >= 4874881) AND (k <= 4874981))

table 8 : explain SELECT k, c FROM sbtest8 WHERE k BETWEEN 4874881 AND 4874981
	Bitmap Heap Scan on sbtest8  (cost=5.47..405.13 rows=101 width=125)
	  Recheck Cond: ((k >= 4874881) AND (k <= 4874981))
	  ->  Bitmap Index Scan on k_8  (cost=0.00..5.44 rows=101 width=0)
	        Index Cond: ((k >= 4874881) AND (k <= 4874981))

explain: for range-notcovered :: explain SELECT k, c FROM sbtest%d WHERE k BETWEEN 4874881 AND 4874981
for range-notcovered
table 1 : explain SELECT k, c FROM sbtest1 WHERE k BETWEEN 5905660 AND 5905760
	Bitmap Heap Scan on sbtest1  (cost=5.39..373.61 rows=93 width=125)
	  Recheck Cond: ((k >= 5905660) AND (k <= 5905760))
	  ->  Bitmap Index Scan on k_1  (cost=0.00..5.36 rows=93 width=0)
	        Index Cond: ((k >= 5905660) AND (k <= 5905760))

table 2 : explain SELECT k, c FROM sbtest2 WHERE k BETWEEN 5905660 AND 5905760
	Bitmap Heap Scan on sbtest2  (cost=5.50..416.94 rows=104 width=125)
	  Recheck Cond: ((k >= 5905660) AND (k <= 5905760))
	  ->  Bitmap Index Scan on k_2  (cost=0.00..5.47 rows=104 width=0)
	        Index Cond: ((k >= 5905660) AND (k <= 5905760))

table 3 : explain SELECT k, c FROM sbtest3 WHERE k BETWEEN 5905660 AND 5905760
	Bitmap Heap Scan on sbtest3  (cost=5.45..397.25 rows=99 width=125)
	  Recheck Cond: ((k >= 5905660) AND (k <= 5905760))
	  ->  Bitmap Index Scan on k_3  (cost=0.00..5.42 rows=99 width=0)
	        Index Cond: ((k >= 5905660) AND (k <= 5905760))

table 4 : explain SELECT k, c FROM sbtest4 WHERE k BETWEEN 5905660 AND 5905760
	Bitmap Heap Scan on sbtest4  (cost=5.49..413.00 rows=103 width=125)
	  Recheck Cond: ((k >= 5905660) AND (k <= 5905760))
	  ->  Bitmap Index Scan on k_4  (cost=0.00..5.46 rows=103 width=0)
	        Index Cond: ((k >= 5905660) AND (k <= 5905760))

table 5 : explain SELECT k, c FROM sbtest5 WHERE k BETWEEN 5905660 AND 5905760
	Bitmap Heap Scan on sbtest5  (cost=5.51..420.88 rows=105 width=125)
	  Recheck Cond: ((k >= 5905660) AND (k <= 5905760))
	  ->  Bitmap Index Scan on k_5  (cost=0.00..5.48 rows=105 width=0)
	        Index Cond: ((k >= 5905660) AND (k <= 5905760))

table 6 : explain SELECT k, c FROM sbtest6 WHERE k BETWEEN 5905660 AND 5905760
	Bitmap Heap Scan on sbtest6  (cost=5.51..420.88 rows=105 width=125)
	  Recheck Cond: ((k >= 5905660) AND (k <= 5905760))
	  ->  Bitmap Index Scan on k_6  (cost=0.00..5.48 rows=105 width=0)
	        Index Cond: ((k >= 5905660) AND (k <= 5905760))

table 7 : explain SELECT k, c FROM sbtest7 WHERE k BETWEEN 5905660 AND 5905760
	Bitmap Heap Scan on sbtest7  (cost=5.47..405.13 rows=101 width=125)
	  Recheck Cond: ((k >= 5905660) AND (k <= 5905760))
	  ->  Bitmap Index Scan on k_7  (cost=0.00..5.44 rows=101 width=0)
	        Index Cond: ((k >= 5905660) AND (k <= 5905760))

table 8 : explain SELECT k, c FROM sbtest8 WHERE k BETWEEN 5905660 AND 5905760
	Bitmap Heap Scan on sbtest8  (cost=5.41..381.49 rows=95 width=125)
	  Recheck Cond: ((k >= 5905660) AND (k <= 5905760))
	  ->  Bitmap Index Scan on k_8  (cost=0.00..5.38 rows=95 width=0)
	        Index Cond: ((k >= 5905660) AND (k <= 5905760))

explain: for range-notcovered :: explain SELECT k, c FROM sbtest%d WHERE k BETWEEN 5905660 AND 5905760
for range-notcovered
table 1 : explain SELECT k, c FROM sbtest1 WHERE k BETWEEN 987113 AND 987213
	Bitmap Heap Scan on sbtest1  (cost=5.51..420.88 rows=105 width=125)
	  Recheck Cond: ((k >= 987113) AND (k <= 987213))
	  ->  Bitmap Index Scan on k_1  (cost=0.00..5.48 rows=105 width=0)
	        Index Cond: ((k >= 987113) AND (k <= 987213))

table 2 : explain SELECT k, c FROM sbtest2 WHERE k BETWEEN 987113 AND 987213
	Bitmap Heap Scan on sbtest2  (cost=5.52..424.81 rows=106 width=125)
	  Recheck Cond: ((k >= 987113) AND (k <= 987213))
	  ->  Bitmap Index Scan on k_2  (cost=0.00..5.50 rows=106 width=0)
	        Index Cond: ((k >= 987113) AND (k <= 987213))

table 3 : explain SELECT k, c FROM sbtest3 WHERE k BETWEEN 987113 AND 987213
	Bitmap Heap Scan on sbtest3  (cost=5.48..409.07 rows=102 width=125)
	  Recheck Cond: ((k >= 987113) AND (k <= 987213))
	  ->  Bitmap Index Scan on k_3  (cost=0.00..5.45 rows=102 width=0)
	        Index Cond: ((k >= 987113) AND (k <= 987213))

table 4 : explain SELECT k, c FROM sbtest4 WHERE k BETWEEN 987113 AND 987213
	Bitmap Heap Scan on sbtest4  (cost=5.49..413.00 rows=103 width=125)
	  Recheck Cond: ((k >= 987113) AND (k <= 987213))
	  ->  Bitmap Index Scan on k_4  (cost=0.00..5.46 rows=103 width=0)
	        Index Cond: ((k >= 987113) AND (k <= 987213))

table 5 : explain SELECT k, c FROM sbtest5 WHERE k BETWEEN 987113 AND 987213
	Bitmap Heap Scan on sbtest5  (cost=5.50..416.94 rows=104 width=125)
	  Recheck Cond: ((k >= 987113) AND (k <= 987213))
	  ->  Bitmap Index Scan on k_5  (cost=0.00..5.47 rows=104 width=0)
	        Index Cond: ((k >= 987113) AND (k <= 987213))

table 6 : explain SELECT k, c FROM sbtest6 WHERE k BETWEEN 987113 AND 987213
	Bitmap Heap Scan on sbtest6  (cost=5.46..401.19 rows=100 width=125)
	  Recheck Cond: ((k >= 987113) AND (k <= 987213))
	  ->  Bitmap Index Scan on k_6  (cost=0.00..5.43 rows=100 width=0)
	        Index Cond: ((k >= 987113) AND (k <= 987213))

table 7 : explain SELECT k, c FROM sbtest7 WHERE k BETWEEN 987113 AND 987213
	Bitmap Heap Scan on sbtest7  (cost=5.58..448.42 rows=112 width=125)
	  Recheck Cond: ((k >= 987113) AND (k <= 987213))
	  ->  Bitmap Index Scan on k_7  (cost=0.00..5.55 rows=112 width=0)
	        Index Cond: ((k >= 987113) AND (k <= 987213))

table 8 : explain SELECT k, c FROM sbtest8 WHERE k BETWEEN 987113 AND 987213
	Bitmap Heap Scan on sbtest8  (cost=5.45..397.25 rows=99 width=125)
	  Recheck Cond: ((k >= 987113) AND (k <= 987213))
	  ->  Bitmap Index Scan on k_8  (cost=0.00..5.42 rows=99 width=0)
	        Index Cond: ((k >= 987113) AND (k <= 987213))

for range-notcovered
table 1 : explain SELECT k, c FROM sbtest1 WHERE k BETWEEN 4874881 AND 4874981
	Bitmap Heap Scan on sbtest1  (cost=5.59..452.36 rows=113 width=125)
	  Recheck Cond: ((k >= 4874881) AND (k <= 4874981))
	  ->  Bitmap Index Scan on k_1  (cost=0.00..5.56 rows=113 width=0)
	        Index Cond: ((k >= 4874881) AND (k <= 4874981))

table 2 : explain SELECT k, c FROM sbtest2 WHERE k BETWEEN 4874881 AND 4874981
	Bitmap Heap Scan on sbtest2  (cost=5.49..413.00 rows=103 width=125)
	  Recheck Cond: ((k >= 4874881) AND (k <= 4874981))
	  ->  Bitmap Index Scan on k_2  (cost=0.00..5.46 rows=103 width=0)
	        Index Cond: ((k >= 4874881) AND (k <= 4874981))

table 3 : explain SELECT k, c FROM sbtest3 WHERE k BETWEEN 4874881 AND 4874981
	Bitmap Heap Scan on sbtest3  (cost=5.47..405.13 rows=101 width=125)
	  Recheck Cond: ((k >= 4874881) AND (k <= 4874981))
	  ->  Bitmap Index Scan on k_3  (cost=0.00..5.44 rows=101 width=0)
	        Index Cond: ((k >= 4874881) AND (k <= 4874981))

table 4 : explain SELECT k, c FROM sbtest4 WHERE k BETWEEN 4874881 AND 4874981
	Bitmap Heap Scan on sbtest4  (cost=5.52..424.81 rows=106 width=125)
	  Recheck Cond: ((k >= 4874881) AND (k <= 4874981))
	  ->  Bitmap Index Scan on k_4  (cost=0.00..5.50 rows=106 width=0)
	        Index Cond: ((k >= 4874881) AND (k <= 4874981))

table 5 : explain SELECT k, c FROM sbtest5 WHERE k BETWEEN 4874881 AND 4874981
	Bitmap Heap Scan on sbtest5  (cost=5.37..365.72 rows=91 width=125)
	  Recheck Cond: ((k >= 4874881) AND (k <= 4874981))
	  ->  Bitmap Index Scan on k_5  (cost=0.00..5.34 rows=91 width=0)
	        Index Cond: ((k >= 4874881) AND (k <= 4874981))

table 6 : explain SELECT k, c FROM sbtest6 WHERE k BETWEEN 4874881 AND 4874981
	Bitmap Heap Scan on sbtest6  (cost=5.53..428.75 rows=107 width=125)
	  Recheck Cond: ((k >= 4874881) AND (k <= 4874981))
	  ->  Bitmap Index Scan on k_6  (cost=0.00..5.50 rows=107 width=0)
	        Index Cond: ((k >= 4874881) AND (k <= 4874981))

table 7 : explain SELECT k, c FROM sbtest7 WHERE k BETWEEN 4874881 AND 4874981
	Bitmap Heap Scan on sbtest7  (cost=5.38..369.67 rows=92 width=125)
	  Recheck Cond: ((k >= 4874881) AND (k <= 4874981))
	  ->  Bitmap Index Scan on k_7  (cost=0.00..5.35 rows=92 width=0)
	        Index Cond: ((k >= 4874881) AND (k <= 4874981))

table 8 : explain SELECT k, c FROM sbtest8 WHERE k BETWEEN 4874881 AND 4874981
	Bitmap Heap Scan on sbtest8  (cost=5.47..405.13 rows=101 width=125)
	  Recheck Cond: ((k >= 4874881) AND (k <= 4874981))
	  ->  Bitmap Index Scan on k_8  (cost=0.00..5.44 rows=101 width=0)
	        Index Cond: ((k >= 4874881) AND (k <= 4874981))

for range-notcovered
table 1 : explain SELECT k, c FROM sbtest1 WHERE k BETWEEN 4541118 AND 4541218
	Bitmap Heap Scan on sbtest1  (cost=5.44..393.31 rows=98 width=125)
	  Recheck Cond: ((k >= 4541118) AND (k <= 4541218))
	  ->  Bitmap Index Scan on k_1  (cost=0.00..5.42 rows=98 width=0)
	        Index Cond: ((k >= 4541118) AND (k <= 4541218))

table 2 : explain SELECT k, c FROM sbtest2 WHERE k BETWEEN 4541118 AND 4541218
	Bitmap Heap Scan on sbtest2  (cost=5.47..405.13 rows=101 width=125)
	  Recheck Cond: ((k >= 4541118) AND (k <= 4541218))
	  ->  Bitmap Index Scan on k_2  (cost=0.00..5.44 rows=101 width=0)
	        Index Cond: ((k >= 4541118) AND (k <= 4541218))

table 3 : explain SELECT k, c FROM sbtest3 WHERE k BETWEEN 4541118 AND 4541218
	Bitmap Heap Scan on sbtest3  (cost=5.42..385.43 rows=96 width=125)
	  Recheck Cond: ((k >= 4541118) AND (k <= 4541218))
	  ->  Bitmap Index Scan on k_3  (cost=0.00..5.39 rows=96 width=0)
	        Index Cond: ((k >= 4541118) AND (k <= 4541218))

table 4 : explain SELECT k, c FROM sbtest4 WHERE k BETWEEN 4541118 AND 4541218
	Bitmap Heap Scan on sbtest4  (cost=5.55..436.62 rows=109 width=125)
	  Recheck Cond: ((k >= 4541118) AND (k <= 4541218))
	  ->  Bitmap Index Scan on k_4  (cost=0.00..5.52 rows=109 width=0)
	        Index Cond: ((k >= 4541118) AND (k <= 4541218))

table 5 : explain SELECT k, c FROM sbtest5 WHERE k BETWEEN 4541118 AND 4541218
	Bitmap Heap Scan on sbtest5  (cost=5.49..413.00 rows=103 width=125)
	  Recheck Cond: ((k >= 4541118) AND (k <= 4541218))
	  ->  Bitmap Index Scan on k_5  (cost=0.00..5.46 rows=103 width=0)
	        Index Cond: ((k >= 4541118) AND (k <= 4541218))

table 6 : explain SELECT k, c FROM sbtest6 WHERE k BETWEEN 4541118 AND 4541218
	Bitmap Heap Scan on sbtest6  (cost=5.52..424.81 rows=106 width=125)
	  Recheck Cond: ((k >= 4541118) AND (k <= 4541218))
	  ->  Bitmap Index Scan on k_6  (cost=0.00..5.50 rows=106 width=0)
	        Index Cond: ((k >= 4541118) AND (k <= 4541218))

table 7 : explain SELECT k, c FROM sbtest7 WHERE k BETWEEN 4541118 AND 4541218
	Bitmap Heap Scan on sbtest7  (cost=5.48..409.07 rows=102 width=125)
	  Recheck Cond: ((k >= 4541118) AND (k <= 4541218))
	  ->  Bitmap Index Scan on k_7  (cost=0.00..5.45 rows=102 width=0)
	        Index Cond: ((k >= 4541118) AND (k <= 4541218))

table 8 : explain SELECT k, c FROM sbtest8 WHERE k BETWEEN 4541118 AND 4541218
	Bitmap Heap Scan on sbtest8  (cost=5.35..357.84 rows=89 width=125)
	  Recheck Cond: ((k >= 4541118) AND (k <= 4541218))
	  ->  Bitmap Index Scan on k_8  (cost=0.00..5.32 rows=89 width=0)
	        Index Cond: ((k >= 4541118) AND (k <= 4541218))

explain: for range-notcovered :: explain SELECT k, c FROM sbtest%d WHERE k BETWEEN 4874881 AND 4874981
for range-notcovered
table 1 : explain SELECT k, c FROM sbtest1 WHERE k BETWEEN 5905660 AND 5905760
	Bitmap Heap Scan on sbtest1  (cost=5.39..373.61 rows=93 width=125)
	  Recheck Cond: ((k >= 5905660) AND (k <= 5905760))
	  ->  Bitmap Index Scan on k_1  (cost=0.00..5.36 rows=93 width=0)
	        Index Cond: ((k >= 5905660) AND (k <= 5905760))

table 2 : explain SELECT k, c FROM sbtest2 WHERE k BETWEEN 5905660 AND 5905760
	Bitmap Heap Scan on sbtest2  (cost=5.50..416.94 rows=104 width=125)
	  Recheck Cond: ((k >= 5905660) AND (k <= 5905760))
	  ->  Bitmap Index Scan on k_2  (cost=0.00..5.47 rows=104 width=0)
	        Index Cond: ((k >= 5905660) AND (k <= 5905760))

table 3 : explain SELECT k, c FROM sbtest3 WHERE k BETWEEN 5905660 AND 5905760
	Bitmap Heap Scan on sbtest3  (cost=5.45..397.25 rows=99 width=125)
	  Recheck Cond: ((k >= 5905660) AND (k <= 5905760))
	  ->  Bitmap Index Scan on k_3  (cost=0.00..5.42 rows=99 width=0)
	        Index Cond: ((k >= 5905660) AND (k <= 5905760))

table 4 : explain SELECT k, c FROM sbtest4 WHERE k BETWEEN 5905660 AND 5905760
	Bitmap Heap Scan on sbtest4  (cost=5.49..413.00 rows=103 width=125)
	  Recheck Cond: ((k >= 5905660) AND (k <= 5905760))
	  ->  Bitmap Index Scan on k_4  (cost=0.00..5.46 rows=103 width=0)
	        Index Cond: ((k >= 5905660) AND (k <= 5905760))

table 5 : explain SELECT k, c FROM sbtest5 WHERE k BETWEEN 5905660 AND 5905760
	Bitmap Heap Scan on sbtest5  (cost=5.51..420.88 rows=105 width=125)
	  Recheck Cond: ((k >= 5905660) AND (k <= 5905760))
	  ->  Bitmap Index Scan on k_5  (cost=0.00..5.48 rows=105 width=0)
	        Index Cond: ((k >= 5905660) AND (k <= 5905760))

table 6 : explain SELECT k, c FROM sbtest6 WHERE k BETWEEN 5905660 AND 5905760
	Bitmap Heap Scan on sbtest6  (cost=5.51..420.88 rows=105 width=125)
	  Recheck Cond: ((k >= 5905660) AND (k <= 5905760))
	  ->  Bitmap Index Scan on k_6  (cost=0.00..5.48 rows=105 width=0)
	        Index Cond: ((k >= 5905660) AND (k <= 5905760))

table 7 : explain SELECT k, c FROM sbtest7 WHERE k BETWEEN 5905660 AND 5905760
	Bitmap Heap Scan on sbtest7  (cost=5.47..405.13 rows=101 width=125)
	  Recheck Cond: ((k >= 5905660) AND (k <= 5905760))
	  ->  Bitmap Index Scan on k_7  (cost=0.00..5.44 rows=101 width=0)
	        Index Cond: ((k >= 5905660) AND (k <= 5905760))

table 8 : explain SELECT k, c FROM sbtest8 WHERE k BETWEEN 5905660 AND 5905760
	Bitmap Heap Scan on sbtest8  (cost=5.41..381.49 rows=95 width=125)
	  Recheck Cond: ((k >= 5905660) AND (k <= 5905760))
	  ->  Bitmap Index Scan on k_8  (cost=0.00..5.38 rows=95 width=0)
	        Index Cond: ((k >= 5905660) AND (k <= 5905760))

for range-notcovered
table 1 : explain SELECT k, c FROM sbtest1 WHERE k BETWEEN 4874881 AND 4874981
	Bitmap Heap Scan on sbtest1  (cost=5.59..452.36 rows=113 width=125)
	  Recheck Cond: ((k >= 4874881) AND (k <= 4874981))
	  ->  Bitmap Index Scan on k_1  (cost=0.00..5.56 rows=113 width=0)
	        Index Cond: ((k >= 4874881) AND (k <= 4874981))

table 2 : explain SELECT k, c FROM sbtest2 WHERE k BETWEEN 4874881 AND 4874981
	Bitmap Heap Scan on sbtest2  (cost=5.49..413.00 rows=103 width=125)
	  Recheck Cond: ((k >= 4874881) AND (k <= 4874981))
	  ->  Bitmap Index Scan on k_2  (cost=0.00..5.46 rows=103 width=0)
	        Index Cond: ((k >= 4874881) AND (k <= 4874981))

table 3 : explain SELECT k, c FROM sbtest3 WHERE k BETWEEN 4874881 AND 4874981
	Bitmap Heap Scan on sbtest3  (cost=5.47..405.13 rows=101 width=125)
	  Recheck Cond: ((k >= 4874881) AND (k <= 4874981))
	  ->  Bitmap Index Scan on k_3  (cost=0.00..5.44 rows=101 width=0)
	        Index Cond: ((k >= 4874881) AND (k <= 4874981))

table 4 : explain SELECT k, c FROM sbtest4 WHERE k BETWEEN 4874881 AND 4874981
	Bitmap Heap Scan on sbtest4  (cost=5.52..424.81 rows=106 width=125)
	  Recheck Cond: ((k >= 4874881) AND (k <= 4874981))
	  ->  Bitmap Index Scan on k_4  (cost=0.00..5.50 rows=106 width=0)
	        Index Cond: ((k >= 4874881) AND (k <= 4874981))

table 5 : explain SELECT k, c FROM sbtest5 WHERE k BETWEEN 4874881 AND 4874981
	Bitmap Heap Scan on sbtest5  (cost=5.37..365.72 rows=91 width=125)
	  Recheck Cond: ((k >= 4874881) AND (k <= 4874981))
	  ->  Bitmap Index Scan on k_5  (cost=0.00..5.34 rows=91 width=0)
	        Index Cond: ((k >= 4874881) AND (k <= 4874981))

table 6 : explain SELECT k, c FROM sbtest6 WHERE k BETWEEN 4874881 AND 4874981
	Bitmap Heap Scan on sbtest6  (cost=5.53..428.75 rows=107 width=125)
	  Recheck Cond: ((k >= 4874881) AND (k <= 4874981))
	  ->  Bitmap Index Scan on k_6  (cost=0.00..5.50 rows=107 width=0)
	        Index Cond: ((k >= 4874881) AND (k <= 4874981))

table 7 : explain SELECT k, c FROM sbtest7 WHERE k BETWEEN 4874881 AND 4874981
	Bitmap Heap Scan on sbtest7  (cost=5.38..369.67 rows=92 width=125)
	  Recheck Cond: ((k >= 4874881) AND (k <= 4874981))
	  ->  Bitmap Index Scan on k_7  (cost=0.00..5.35 rows=92 width=0)
	        Index Cond: ((k >= 4874881) AND (k <= 4874981))

table 8 : explain SELECT k, c FROM sbtest8 WHERE k BETWEEN 4874881 AND 4874981
	Bitmap Heap Scan on sbtest8  (cost=5.47..405.13 rows=101 width=125)
	  Recheck Cond: ((k >= 4874881) AND (k <= 4874981))
	  ->  Bitmap Index Scan on k_8  (cost=0.00..5.44 rows=101 width=0)
	        Index Cond: ((k >= 4874881) AND (k <= 4874981))

explain: for range-notcovered :: explain SELECT k, c FROM sbtest%d WHERE k BETWEEN 4874881 AND 4874981
for range-notcovered
table 1 : explain SELECT k, c FROM sbtest1 WHERE k BETWEEN 4874881 AND 4874981
	Bitmap Heap Scan on sbtest1  (cost=5.59..452.36 rows=113 width=125)
	  Recheck Cond: ((k >= 4874881) AND (k <= 4874981))
	  ->  Bitmap Index Scan on k_1  (cost=0.00..5.56 rows=113 width=0)
	        Index Cond: ((k >= 4874881) AND (k <= 4874981))

table 2 : explain SELECT k, c FROM sbtest2 WHERE k BETWEEN 4874881 AND 4874981
	Bitmap Heap Scan on sbtest2  (cost=5.49..413.00 rows=103 width=125)
	  Recheck Cond: ((k >= 4874881) AND (k <= 4874981))
	  ->  Bitmap Index Scan on k_2  (cost=0.00..5.46 rows=103 width=0)
	        Index Cond: ((k >= 4874881) AND (k <= 4874981))

table 3 : explain SELECT k, c FROM sbtest3 WHERE k BETWEEN 4874881 AND 4874981
	Bitmap Heap Scan on sbtest3  (cost=5.47..405.13 rows=101 width=125)
	  Recheck Cond: ((k >= 4874881) AND (k <= 4874981))
	  ->  Bitmap Index Scan on k_3  (cost=0.00..5.44 rows=101 width=0)
	        Index Cond: ((k >= 4874881) AND (k <= 4874981))

table 4 : explain SELECT k, c FROM sbtest4 WHERE k BETWEEN 4874881 AND 4874981
	Bitmap Heap Scan on sbtest4  (cost=5.52..424.81 rows=106 width=125)
	  Recheck Cond: ((k >= 4874881) AND (k <= 4874981))
	  ->  Bitmap Index Scan on k_4  (cost=0.00..5.50 rows=106 width=0)
	        Index Cond: ((k >= 4874881) AND (k <= 4874981))

table 5 : explain SELECT k, c FROM sbtest5 WHERE k BETWEEN 4874881 AND 4874981
	Bitmap Heap Scan on sbtest5  (cost=5.37..365.72 rows=91 width=125)
	  Recheck Cond: ((k >= 4874881) AND (k <= 4874981))
	  ->  Bitmap Index Scan on k_5  (cost=0.00..5.34 rows=91 width=0)
	        Index Cond: ((k >= 4874881) AND (k <= 4874981))

table 6 : explain SELECT k, c FROM sbtest6 WHERE k BETWEEN 4874881 AND 4874981
	Bitmap Heap Scan on sbtest6  (cost=5.53..428.75 rows=107 width=125)
	  Recheck Cond: ((k >= 4874881) AND (k <= 4874981))
	  ->  Bitmap Index Scan on k_6  (cost=0.00..5.50 rows=107 width=0)
	        Index Cond: ((k >= 4874881) AND (k <= 4874981))

table 7 : explain SELECT k, c FROM sbtest7 WHERE k BETWEEN 4874881 AND 4874981
	Bitmap Heap Scan on sbtest7  (cost=5.38..369.67 rows=92 width=125)
	  Recheck Cond: ((k >= 4874881) AND (k <= 4874981))
	  ->  Bitmap Index Scan on k_7  (cost=0.00..5.35 rows=92 width=0)
	        Index Cond: ((k >= 4874881) AND (k <= 4874981))

table 8 : explain SELECT k, c FROM sbtest8 WHERE k BETWEEN 4874881 AND 4874981
	Bitmap Heap Scan on sbtest8  (cost=5.47..405.13 rows=101 width=125)
	  Recheck Cond: ((k >= 4874881) AND (k <= 4874981))
	  ->  Bitmap Index Scan on k_8  (cost=0.00..5.44 rows=101 width=0)
	        Index Cond: ((k >= 4874881) AND (k <= 4874981))

explain: for range-notcovered :: explain SELECT k, c FROM sbtest%d WHERE k BETWEEN 4874881 AND 4874981
for range-notcovered
table 1 : explain SELECT k, c FROM sbtest1 WHERE k BETWEEN 4874881 AND 4874981
	Bitmap Heap Scan on sbtest1  (cost=5.59..452.36 rows=113 width=125)
	  Recheck Cond: ((k >= 4874881) AND (k <= 4874981))
	  ->  Bitmap Index Scan on k_1  (cost=0.00..5.56 rows=113 width=0)
	        Index Cond: ((k >= 4874881) AND (k <= 4874981))

table 2 : explain SELECT k, c FROM sbtest2 WHERE k BETWEEN 4874881 AND 4874981
	Bitmap Heap Scan on sbtest2  (cost=5.49..413.00 rows=103 width=125)
	  Recheck Cond: ((k >= 4874881) AND (k <= 4874981))
	  ->  Bitmap Index Scan on k_2  (cost=0.00..5.46 rows=103 width=0)
	        Index Cond: ((k >= 4874881) AND (k <= 4874981))

table 3 : explain SELECT k, c FROM sbtest3 WHERE k BETWEEN 4874881 AND 4874981
	Bitmap Heap Scan on sbtest3  (cost=5.47..405.13 rows=101 width=125)
	  Recheck Cond: ((k >= 4874881) AND (k <= 4874981))
	  ->  Bitmap Index Scan on k_3  (cost=0.00..5.44 rows=101 width=0)
	        Index Cond: ((k >= 4874881) AND (k <= 4874981))

table 4 : explain SELECT k, c FROM sbtest4 WHERE k BETWEEN 4874881 AND 4874981
	Bitmap Heap Scan on sbtest4  (cost=5.52..424.81 rows=106 width=125)
	  Recheck Cond: ((k >= 4874881) AND (k <= 4874981))
	  ->  Bitmap Index Scan on k_4  (cost=0.00..5.50 rows=106 width=0)
	        Index Cond: ((k >= 4874881) AND (k <= 4874981))

table 5 : explain SELECT k, c FROM sbtest5 WHERE k BETWEEN 4874881 AND 4874981
	Bitmap Heap Scan on sbtest5  (cost=5.37..365.72 rows=91 width=125)
	  Recheck Cond: ((k >= 4874881) AND (k <= 4874981))
	  ->  Bitmap Index Scan on k_5  (cost=0.00..5.34 rows=91 width=0)
	        Index Cond: ((k >= 4874881) AND (k <= 4874981))

table 6 : explain SELECT k, c FROM sbtest6 WHERE k BETWEEN 4874881 AND 4874981
	Bitmap Heap Scan on sbtest6  (cost=5.53..428.75 rows=107 width=125)
	  Recheck Cond: ((k >= 4874881) AND (k <= 4874981))
	  ->  Bitmap Index Scan on k_6  (cost=0.00..5.50 rows=107 width=0)
	        Index Cond: ((k >= 4874881) AND (k <= 4874981))

table 7 : explain SELECT k, c FROM sbtest7 WHERE k BETWEEN 4874881 AND 4874981
	Bitmap Heap Scan on sbtest7  (cost=5.38..369.67 rows=92 width=125)
	  Recheck Cond: ((k >= 4874881) AND (k <= 4874981))
	  ->  Bitmap Index Scan on k_7  (cost=0.00..5.35 rows=92 width=0)
	        Index Cond: ((k >= 4874881) AND (k <= 4874981))

table 8 : explain SELECT k, c FROM sbtest8 WHERE k BETWEEN 4874881 AND 4874981
	Bitmap Heap Scan on sbtest8  (cost=5.47..405.13 rows=101 width=125)
	  Recheck Cond: ((k >= 4874881) AND (k <= 4874981))
	  ->  Bitmap Index Scan on k_8  (cost=0.00..5.44 rows=101 width=0)
	        Index Cond: ((k >= 4874881) AND (k <= 4874981))

Threads started!

Warming up for 5 seconds...

SQL statistics:
    queries performed:
        read:                            104456872
        write:                           0
        other:                           0
        total:                           104456872
    transactions:                        104456872 (165802.88 per sec.)
    queries:                             104456872 (165802.88 per sec.)
    ignored errors:                      0      (0.00 per sec.)
    reconnects:                          0      (0.00 per sec.)

Throughput:
    events/s (eps):                      165802.8771
    time elapsed:                        630.0065s
    total number of events:              104456872

Latency (ms):
         min:                                    0.08
         avg:                                    0.24
         max:                                   16.33
         95th percentile:                        0.28
         sum:                             25156233.54

Threads fairness:
    events (avg/stddev):           2611419.4750/9328.66
    execution time (avg/stddev):   628.9058/0.03

