LUA_PATH=/home/mdcallag/git/mytools/bench/sysbench.lua/lua/?.lua /home/mdcallag/git/mytools/bench/sysbench.lua/lua/sysbench --db-driver=pgsql --range-size=100 --table-size=10000000 --tables=8 --threads=40 --events=0 --warmup-time=5 --time=630 --pgsql_conn_id=true /home/mdcallag/git/mytools/bench/sysbench.lua/lua/oltp_range_covered.lua run --pgsql-user=root --pgsql-password=pw --pgsql-host=127.0.0.1 --pgsql-db=ib --rand-type=uniform --random-points=100 --skip-trx --covered=false
48 CPUs
sysbench 1.1.0-9072687 (using bundled LuaJIT 2.1.0-beta3)

Running the test with following options:
Number of threads: 40
Warmup time: 5s
Initializing random number generator from current time


Initializing worker threads...

explain: for range-notcovered :: explain SELECT id, c FROM sbtest%d WHERE id BETWEEN 3973596 AND 3973696
explain: for range-notcovered :: explain SELECT id, c FROM sbtest%d WHERE id BETWEEN 8044114 AND 8044214
for range-notcovered
table 1 : explain SELECT id, c FROM sbtest1 WHERE id BETWEEN 8044114 AND 8044214
	Index Scan using sbtest1_pkey on sbtest1  (cost=0.43..404.99 rows=101 width=125)
	  Index Cond: ((id >= 8044114) AND (id <= 8044214))

table 2 : explain SELECT id, c FROM sbtest2 WHERE id BETWEEN 8044114 AND 8044214
	Index Scan using sbtest2_pkey on sbtest2  (cost=0.43..395.94 rows=99 width=125)
	  Index Cond: ((id >= 8044114) AND (id <= 8044214))

table 3 : explain SELECT id, c FROM sbtest3 WHERE id BETWEEN 8044114 AND 8044214
	Index Scan using sbtest3_pkey on sbtest3  (cost=0.43..416.54 rows=104 width=125)
	  Index Cond: ((id >= 8044114) AND (id <= 8044214))

table 4 : explain SELECT id, c FROM sbtest4 WHERE id BETWEEN 8044114 AND 8044214
	Index Scan using sbtest4_pkey on sbtest4  (cost=0.43..408.59 rows=102 width=125)
	  Index Cond: ((id >= 8044114) AND (id <= 8044214))

table 5 : explain SELECT id, c FROM sbtest5 WHERE id BETWEEN 8044114 AND 8044214
	Index Scan using sbtest5_pkey on sbtest5  (cost=0.43..399.91 rows=100 width=125)
	  Index Cond: ((id >= 8044114) AND (id <= 8044214))

table 6 : explain SELECT id, c FROM sbtest6 WHERE id BETWEEN 8044114 AND 8044214
	Index Scan using sbtest6_pkey on sbtest6  (cost=0.43..399.81 rows=100 width=125)
	  Index Cond: ((id >= 8044114) AND (id <= 8044214))

table 7 : explain SELECT id, c FROM sbtest7 WHERE id BETWEEN 8044114 AND 8044214
	Index Scan using sbtest7_pkey on sbtest7  (cost=0.43..375.76 rows=94 width=125)
	  Index Cond: ((id >= 8044114) AND (id <= 8044214))

table 8 : explain SELECT id, c FROM sbtest8 WHERE id BETWEEN 8044114 AND 8044214
	Index Scan using sbtest8_pkey on sbtest8  (cost=0.43..455.86 rows=114 width=125)
	  Index Cond: ((id >= 8044114) AND (id <= 8044214))

explain: for range-notcovered :: explain SELECT id, c FROM sbtest%d WHERE id BETWEEN 2294595 AND 2294695
explain: for range-notcovered :: explain SELECT id, c FROM sbtest%d WHERE id BETWEEN 8044114 AND 8044214
for range-notcovered
table 1 : explain SELECT id, c FROM sbtest1 WHERE id BETWEEN 8044114 AND 8044214
	Index Scan using sbtest1_pkey on sbtest1  (cost=0.43..404.99 rows=101 width=125)
	  Index Cond: ((id >= 8044114) AND (id <= 8044214))

table 2 : explain SELECT id, c FROM sbtest2 WHERE id BETWEEN 8044114 AND 8044214
	Index Scan using sbtest2_pkey on sbtest2  (cost=0.43..395.94 rows=99 width=125)
	  Index Cond: ((id >= 8044114) AND (id <= 8044214))

table 3 : explain SELECT id, c FROM sbtest3 WHERE id BETWEEN 8044114 AND 8044214
	Index Scan using sbtest3_pkey on sbtest3  (cost=0.43..416.54 rows=104 width=125)
	  Index Cond: ((id >= 8044114) AND (id <= 8044214))

table 4 : explain SELECT id, c FROM sbtest4 WHERE id BETWEEN 8044114 AND 8044214
	Index Scan using sbtest4_pkey on sbtest4  (cost=0.43..408.59 rows=102 width=125)
	  Index Cond: ((id >= 8044114) AND (id <= 8044214))

table 5 : explain SELECT id, c FROM sbtest5 WHERE id BETWEEN 8044114 AND 8044214
	Index Scan using sbtest5_pkey on sbtest5  (cost=0.43..399.91 rows=100 width=125)
	  Index Cond: ((id >= 8044114) AND (id <= 8044214))

table 6 : explain SELECT id, c FROM sbtest6 WHERE id BETWEEN 8044114 AND 8044214
	Index Scan using sbtest6_pkey on sbtest6  (cost=0.43..399.81 rows=100 width=125)
	  Index Cond: ((id >= 8044114) AND (id <= 8044214))

table 7 : explain SELECT id, c FROM sbtest7 WHERE id BETWEEN 8044114 AND 8044214
	Index Scan using sbtest7_pkey on sbtest7  (cost=0.43..375.76 rows=94 width=125)
	  Index Cond: ((id >= 8044114) AND (id <= 8044214))

table 8 : explain SELECT id, c FROM sbtest8 WHERE id BETWEEN 8044114 AND 8044214
	Index Scan using sbtest8_pkey on sbtest8  (cost=0.43..455.86 rows=114 width=125)
	  Index Cond: ((id >= 8044114) AND (id <= 8044214))

explain: for range-notcovered :: explain SELECT id, c FROM sbtest%d WHERE id BETWEEN 8044114 AND 8044214
for range-notcovered
table 1 : explain SELECT id, c FROM sbtest1 WHERE id BETWEEN 8044114 AND 8044214
	Index Scan using sbtest1_pkey on sbtest1  (cost=0.43..404.99 rows=101 width=125)
	  Index Cond: ((id >= 8044114) AND (id <= 8044214))

table 2 : explain SELECT id, c FROM sbtest2 WHERE id BETWEEN 8044114 AND 8044214
	Index Scan using sbtest2_pkey on sbtest2  (cost=0.43..395.94 rows=99 width=125)
	  Index Cond: ((id >= 8044114) AND (id <= 8044214))

table 3 : explain SELECT id, c FROM sbtest3 WHERE id BETWEEN 8044114 AND 8044214
	Index Scan using sbtest3_pkey on sbtest3  (cost=0.43..416.54 rows=104 width=125)
	  Index Cond: ((id >= 8044114) AND (id <= 8044214))

table 4 : explain SELECT id, c FROM sbtest4 WHERE id BETWEEN 8044114 AND 8044214
	Index Scan using sbtest4_pkey on sbtest4  (cost=0.43..408.59 rows=102 width=125)
	  Index Cond: ((id >= 8044114) AND (id <= 8044214))

table 5 : explain SELECT id, c FROM sbtest5 WHERE id BETWEEN 8044114 AND 8044214
	Index Scan using sbtest5_pkey on sbtest5  (cost=0.43..399.91 rows=100 width=125)
	  Index Cond: ((id >= 8044114) AND (id <= 8044214))

table 6 : explain SELECT id, c FROM sbtest6 WHERE id BETWEEN 8044114 AND 8044214
	Index Scan using sbtest6_pkey on sbtest6  (cost=0.43..399.81 rows=100 width=125)
	  Index Cond: ((id >= 8044114) AND (id <= 8044214))

table 7 : explain SELECT id, c FROM sbtest7 WHERE id BETWEEN 8044114 AND 8044214
	Index Scan using sbtest7_pkey on sbtest7  (cost=0.43..375.76 rows=94 width=125)
	  Index Cond: ((id >= 8044114) AND (id <= 8044214))

table 8 : explain SELECT id, c FROM sbtest8 WHERE id BETWEEN 8044114 AND 8044214
	Index Scan using sbtest8_pkey on sbtest8  (cost=0.43..455.86 rows=114 width=125)
	  Index Cond: ((id >= 8044114) AND (id <= 8044214))

explain: for range-notcovered :: explain SELECT id, c FROM sbtest%d WHERE id BETWEEN 8044114 AND 8044214
explain: for range-notcovered :: explain SELECT id, c FROM sbtest%d WHERE id BETWEEN 7581613 AND 7581713
explain: for range-notcovered :: explain SELECT id, c FROM sbtest%d WHERE id BETWEEN 8576140 AND 8576240
for range-notcovered
table 1 : explain SELECT id, c FROM sbtest1 WHERE id BETWEEN 3973596 AND 3973696
	Index Scan using sbtest1_pkey on sbtest1  (cost=0.43..389.13 rows=97 width=125)
	  Index Cond: ((id >= 3973596) AND (id <= 3973696))

table 2 : explain SELECT id, c FROM sbtest2 WHERE id BETWEEN 3973596 AND 3973696
	Index Scan using sbtest2_pkey on sbtest2  (cost=0.43..391.99 rows=98 width=125)
	  Index Cond: ((id >= 3973596) AND (id <= 3973696))

table 3 : explain SELECT id, c FROM sbtest3 WHERE id BETWEEN 3973596 AND 3973696
	Index Scan using sbtest3_pkey on sbtest3  (cost=0.43..420.50 rows=105 width=125)
	  Index Cond: ((id >= 3973596) AND (id <= 3973696))

table 4 : explain SELECT id, c FROM sbtest4 WHERE id BETWEEN 3973596 AND 3973696
	Index Scan using sbtest4_pkey on sbtest4  (cost=0.43..464.04 rows=116 width=125)
	  Index Cond: ((id >= 3973596) AND (id <= 3973696))

table 5 : explain SELECT id, c FROM sbtest5 WHERE id BETWEEN 3973596 AND 3973696
	Index Scan using sbtest5_pkey on sbtest5  (cost=0.43..395.95 rows=99 width=125)
	  Index Cond: ((id >= 3973596) AND (id <= 3973696))

table 6 : explain SELECT id, c FROM sbtest6 WHERE id BETWEEN 3973596 AND 3973696
	Index Scan using sbtest6_pkey on sbtest6  (cost=0.43..415.62 rows=104 width=125)
	  Index Cond: ((id >= 3973596) AND (id <= 3973696))

table 7 : explain SELECT id, c FROM sbtest7 WHERE id BETWEEN 3973596 AND 3973696
	Index Scan using sbtest7_pkey on sbtest7  (cost=0.43..375.76 rows=94 width=125)
	  Index Cond: ((id >= 3973596) AND (id <= 3973696))

table 8 : explain SELECT id, c FROM sbtest8 WHERE id BETWEEN 3973596 AND 3973696
	Index Scan using sbtest8_pkey on sbtest8  (cost=0.43..388.54 rows=97 width=125)
	  Index Cond: ((id >= 3973596) AND (id <= 3973696))

explain: for range-notcovered :: explain SELECT id, c FROM sbtest%d WHERE id BETWEEN 3973596 AND 3973696
for range-notcovered
table 1 : explain SELECT id, c FROM sbtest1 WHERE id BETWEEN 3973596 AND 3973696
	Index Scan using sbtest1_pkey on sbtest1  (cost=0.43..389.13 rows=97 width=125)
	  Index Cond: ((id >= 3973596) AND (id <= 3973696))

table 2 : explain SELECT id, c FROM sbtest2 WHERE id BETWEEN 3973596 AND 3973696
	Index Scan using sbtest2_pkey on sbtest2  (cost=0.43..391.99 rows=98 width=125)
	  Index Cond: ((id >= 3973596) AND (id <= 3973696))

table 3 : explain SELECT id, c FROM sbtest3 WHERE id BETWEEN 3973596 AND 3973696
	Index Scan using sbtest3_pkey on sbtest3  (cost=0.43..420.50 rows=105 width=125)
	  Index Cond: ((id >= 3973596) AND (id <= 3973696))

table 4 : explain SELECT id, c FROM sbtest4 WHERE id BETWEEN 3973596 AND 3973696
	Index Scan using sbtest4_pkey on sbtest4  (cost=0.43..464.04 rows=116 width=125)
	  Index Cond: ((id >= 3973596) AND (id <= 3973696))

table 5 : explain SELECT id, c FROM sbtest5 WHERE id BETWEEN 3973596 AND 3973696
	Index Scan using sbtest5_pkey on sbtest5  (cost=0.43..395.95 rows=99 width=125)
	  Index Cond: ((id >= 3973596) AND (id <= 3973696))

table 6 : explain SELECT id, c FROM sbtest6 WHERE id BETWEEN 3973596 AND 3973696
	Index Scan using sbtest6_pkey on sbtest6  (cost=0.43..415.62 rows=104 width=125)
	  Index Cond: ((id >= 3973596) AND (id <= 3973696))

table 7 : explain SELECT id, c FROM sbtest7 WHERE id BETWEEN 3973596 AND 3973696
	Index Scan using sbtest7_pkey on sbtest7  (cost=0.43..375.76 rows=94 width=125)
	  Index Cond: ((id >= 3973596) AND (id <= 3973696))

table 8 : explain SELECT id, c FROM sbtest8 WHERE id BETWEEN 3973596 AND 3973696
	Index Scan using sbtest8_pkey on sbtest8  (cost=0.43..388.54 rows=97 width=125)
	  Index Cond: ((id >= 3973596) AND (id <= 3973696))

explain: for range-notcovered :: explain SELECT id, c FROM sbtest%d WHERE id BETWEEN 3973596 AND 3973696
explain: for range-notcovered :: explain SELECT id, c FROM sbtest%d WHERE id BETWEEN 3772168 AND 3772268
for range-notcovered
table 1 : explain SELECT id, c FROM sbtest1 WHERE id BETWEEN 8044114 AND 8044214
	Index Scan using sbtest1_pkey on sbtest1  (cost=0.43..404.99 rows=101 width=125)
	  Index Cond: ((id >= 8044114) AND (id <= 8044214))

table 2 : explain SELECT id, c FROM sbtest2 WHERE id BETWEEN 8044114 AND 8044214
	Index Scan using sbtest2_pkey on sbtest2  (cost=0.43..395.94 rows=99 width=125)
	  Index Cond: ((id >= 8044114) AND (id <= 8044214))

table 3 : explain SELECT id, c FROM sbtest3 WHERE id BETWEEN 8044114 AND 8044214
	Index Scan using sbtest3_pkey on sbtest3  (cost=0.43..416.54 rows=104 width=125)
	  Index Cond: ((id >= 8044114) AND (id <= 8044214))

table 4 : explain SELECT id, c FROM sbtest4 WHERE id BETWEEN 8044114 AND 8044214
	Index Scan using sbtest4_pkey on sbtest4  (cost=0.43..408.59 rows=102 width=125)
	  Index Cond: ((id >= 8044114) AND (id <= 8044214))

table 5 : explain SELECT id, c FROM sbtest5 WHERE id BETWEEN 8044114 AND 8044214
	Index Scan using sbtest5_pkey on sbtest5  (cost=0.43..399.91 rows=100 width=125)
	  Index Cond: ((id >= 8044114) AND (id <= 8044214))

table 6 : explain SELECT id, c FROM sbtest6 WHERE id BETWEEN 8044114 AND 8044214
	Index Scan using sbtest6_pkey on sbtest6  (cost=0.43..399.81 rows=100 width=125)
	  Index Cond: ((id >= 8044114) AND (id <= 8044214))

table 7 : explain SELECT id, c FROM sbtest7 WHERE id BETWEEN 8044114 AND 8044214
	Index Scan using sbtest7_pkey on sbtest7  (cost=0.43..375.76 rows=94 width=125)
	  Index Cond: ((id >= 8044114) AND (id <= 8044214))

table 8 : explain SELECT id, c FROM sbtest8 WHERE id BETWEEN 8044114 AND 8044214
	Index Scan using sbtest8_pkey on sbtest8  (cost=0.43..455.86 rows=114 width=125)
	  Index Cond: ((id >= 8044114) AND (id <= 8044214))

explain: for range-notcovered :: explain SELECT id, c FROM sbtest%d WHERE id BETWEEN 8044114 AND 8044214
for range-notcovered
table 1 : explain SELECT id, c FROM sbtest1 WHERE id BETWEEN 3973596 AND 3973696
	Index Scan using sbtest1_pkey on sbtest1  (cost=0.43..389.13 rows=97 width=125)
	  Index Cond: ((id >= 3973596) AND (id <= 3973696))

table 2 : explain SELECT id, c FROM sbtest2 WHERE id BETWEEN 3973596 AND 3973696
	Index Scan using sbtest2_pkey on sbtest2  (cost=0.43..391.99 rows=98 width=125)
	  Index Cond: ((id >= 3973596) AND (id <= 3973696))

table 3 : explain SELECT id, c FROM sbtest3 WHERE id BETWEEN 3973596 AND 3973696
	Index Scan using sbtest3_pkey on sbtest3  (cost=0.43..420.50 rows=105 width=125)
	  Index Cond: ((id >= 3973596) AND (id <= 3973696))

table 4 : explain SELECT id, c FROM sbtest4 WHERE id BETWEEN 3973596 AND 3973696
	Index Scan using sbtest4_pkey on sbtest4  (cost=0.43..464.04 rows=116 width=125)
	  Index Cond: ((id >= 3973596) AND (id <= 3973696))

table 5 : explain SELECT id, c FROM sbtest5 WHERE id BETWEEN 3973596 AND 3973696
	Index Scan using sbtest5_pkey on sbtest5  (cost=0.43..395.95 rows=99 width=125)
	  Index Cond: ((id >= 3973596) AND (id <= 3973696))

table 6 : explain SELECT id, c FROM sbtest6 WHERE id BETWEEN 3973596 AND 3973696
	Index Scan using sbtest6_pkey on sbtest6  (cost=0.43..415.62 rows=104 width=125)
	  Index Cond: ((id >= 3973596) AND (id <= 3973696))

table 7 : explain SELECT id, c FROM sbtest7 WHERE id BETWEEN 3973596 AND 3973696
	Index Scan using sbtest7_pkey on sbtest7  (cost=0.43..375.76 rows=94 width=125)
	  Index Cond: ((id >= 3973596) AND (id <= 3973696))

table 8 : explain SELECT id, c FROM sbtest8 WHERE id BETWEEN 3973596 AND 3973696
	Index Scan using sbtest8_pkey on sbtest8  (cost=0.43..388.54 rows=97 width=125)
	  Index Cond: ((id >= 3973596) AND (id <= 3973696))

explain: for range-notcovered :: explain SELECT id, c FROM sbtest%d WHERE id BETWEEN 3973596 AND 3973696
for range-notcovered
table 1 : explain SELECT id, c FROM sbtest1 WHERE id BETWEEN 8044114 AND 8044214
	Index Scan using sbtest1_pkey on sbtest1  (cost=0.43..404.99 rows=101 width=125)
	  Index Cond: ((id >= 8044114) AND (id <= 8044214))

table 2 : explain SELECT id, c FROM sbtest2 WHERE id BETWEEN 8044114 AND 8044214
	Index Scan using sbtest2_pkey on sbtest2  (cost=0.43..395.94 rows=99 width=125)
	  Index Cond: ((id >= 8044114) AND (id <= 8044214))

table 3 : explain SELECT id, c FROM sbtest3 WHERE id BETWEEN 8044114 AND 8044214
	Index Scan using sbtest3_pkey on sbtest3  (cost=0.43..416.54 rows=104 width=125)
	  Index Cond: ((id >= 8044114) AND (id <= 8044214))

table 4 : explain SELECT id, c FROM sbtest4 WHERE id BETWEEN 8044114 AND 8044214
	Index Scan using sbtest4_pkey on sbtest4  (cost=0.43..408.59 rows=102 width=125)
	  Index Cond: ((id >= 8044114) AND (id <= 8044214))

table 5 : explain SELECT id, c FROM sbtest5 WHERE id BETWEEN 8044114 AND 8044214
	Index Scan using sbtest5_pkey on sbtest5  (cost=0.43..399.91 rows=100 width=125)
	  Index Cond: ((id >= 8044114) AND (id <= 8044214))

table 6 : explain SELECT id, c FROM sbtest6 WHERE id BETWEEN 8044114 AND 8044214
	Index Scan using sbtest6_pkey on sbtest6  (cost=0.43..399.81 rows=100 width=125)
	  Index Cond: ((id >= 8044114) AND (id <= 8044214))

table 7 : explain SELECT id, c FROM sbtest7 WHERE id BETWEEN 8044114 AND 8044214
	Index Scan using sbtest7_pkey on sbtest7  (cost=0.43..375.76 rows=94 width=125)
	  Index Cond: ((id >= 8044114) AND (id <= 8044214))

table 8 : explain SELECT id, c FROM sbtest8 WHERE id BETWEEN 8044114 AND 8044214
	Index Scan using sbtest8_pkey on sbtest8  (cost=0.43..455.86 rows=114 width=125)
	  Index Cond: ((id >= 8044114) AND (id <= 8044214))

for range-notcovered
table 1 : explain SELECT id, c FROM sbtest1 WHERE id BETWEEN 3973596 AND 3973696
	Index Scan using sbtest1_pkey on sbtest1  (cost=0.43..389.13 rows=97 width=125)
	  Index Cond: ((id >= 3973596) AND (id <= 3973696))

table 2 : explain SELECT id, c FROM sbtest2 WHERE id BETWEEN 3973596 AND 3973696
	Index Scan using sbtest2_pkey on sbtest2  (cost=0.43..391.99 rows=98 width=125)
	  Index Cond: ((id >= 3973596) AND (id <= 3973696))

table 3 : explain SELECT id, c FROM sbtest3 WHERE id BETWEEN 3973596 AND 3973696
	Index Scan using sbtest3_pkey on sbtest3  (cost=0.43..420.50 rows=105 width=125)
	  Index Cond: ((id >= 3973596) AND (id <= 3973696))

table 4 : explain SELECT id, c FROM sbtest4 WHERE id BETWEEN 3973596 AND 3973696
	Index Scan using sbtest4_pkey on sbtest4  (cost=0.43..464.04 rows=116 width=125)
	  Index Cond: ((id >= 3973596) AND (id <= 3973696))

table 5 : explain SELECT id, c FROM sbtest5 WHERE id BETWEEN 3973596 AND 3973696
	Index Scan using sbtest5_pkey on sbtest5  (cost=0.43..395.95 rows=99 width=125)
	  Index Cond: ((id >= 3973596) AND (id <= 3973696))

table 6 : explain SELECT id, c FROM sbtest6 WHERE id BETWEEN 3973596 AND 3973696
	Index Scan using sbtest6_pkey on sbtest6  (cost=0.43..415.62 rows=104 width=125)
	  Index Cond: ((id >= 3973596) AND (id <= 3973696))

table 7 : explain SELECT id, c FROM sbtest7 WHERE id BETWEEN 3973596 AND 3973696
	Index Scan using sbtest7_pkey on sbtest7  (cost=0.43..375.76 rows=94 width=125)
	  Index Cond: ((id >= 3973596) AND (id <= 3973696))

table 8 : explain SELECT id, c FROM sbtest8 WHERE id BETWEEN 3973596 AND 3973696
	Index Scan using sbtest8_pkey on sbtest8  (cost=0.43..388.54 rows=97 width=125)
	  Index Cond: ((id >= 3973596) AND (id <= 3973696))

explain: for range-notcovered :: explain SELECT id, c FROM sbtest%d WHERE id BETWEEN 8044114 AND 8044214
explain: for range-notcovered :: explain SELECT id, c FROM sbtest%d WHERE id BETWEEN 3973596 AND 3973696
for range-notcovered
table 1 : explain SELECT id, c FROM sbtest1 WHERE id BETWEEN 8044114 AND 8044214
	Index Scan using sbtest1_pkey on sbtest1  (cost=0.43..404.99 rows=101 width=125)
	  Index Cond: ((id >= 8044114) AND (id <= 8044214))

table 2 : explain SELECT id, c FROM sbtest2 WHERE id BETWEEN 8044114 AND 8044214
	Index Scan using sbtest2_pkey on sbtest2  (cost=0.43..395.94 rows=99 width=125)
	  Index Cond: ((id >= 8044114) AND (id <= 8044214))

table 3 : explain SELECT id, c FROM sbtest3 WHERE id BETWEEN 8044114 AND 8044214
	Index Scan using sbtest3_pkey on sbtest3  (cost=0.43..416.54 rows=104 width=125)
	  Index Cond: ((id >= 8044114) AND (id <= 8044214))

table 4 : explain SELECT id, c FROM sbtest4 WHERE id BETWEEN 8044114 AND 8044214
	Index Scan using sbtest4_pkey on sbtest4  (cost=0.43..408.59 rows=102 width=125)
	  Index Cond: ((id >= 8044114) AND (id <= 8044214))

table 5 : explain SELECT id, c FROM sbtest5 WHERE id BETWEEN 8044114 AND 8044214
	Index Scan using sbtest5_pkey on sbtest5  (cost=0.43..399.91 rows=100 width=125)
	  Index Cond: ((id >= 8044114) AND (id <= 8044214))

table 6 : explain SELECT id, c FROM sbtest6 WHERE id BETWEEN 8044114 AND 8044214
	Index Scan using sbtest6_pkey on sbtest6  (cost=0.43..399.81 rows=100 width=125)
	  Index Cond: ((id >= 8044114) AND (id <= 8044214))

table 7 : explain SELECT id, c FROM sbtest7 WHERE id BETWEEN 8044114 AND 8044214
	Index Scan using sbtest7_pkey on sbtest7  (cost=0.43..375.76 rows=94 width=125)
	  Index Cond: ((id >= 8044114) AND (id <= 8044214))

table 8 : explain SELECT id, c FROM sbtest8 WHERE id BETWEEN 8044114 AND 8044214
	Index Scan using sbtest8_pkey on sbtest8  (cost=0.43..455.86 rows=114 width=125)
	  Index Cond: ((id >= 8044114) AND (id <= 8044214))

for range-notcovered
table 1 : explain SELECT id, c FROM sbtest1 WHERE id BETWEEN 3973596 AND 3973696
	Index Scan using sbtest1_pkey on sbtest1  (cost=0.43..389.13 rows=97 width=125)
	  Index Cond: ((id >= 3973596) AND (id <= 3973696))

table 2 : explain SELECT id, c FROM sbtest2 WHERE id BETWEEN 3973596 AND 3973696
	Index Scan using sbtest2_pkey on sbtest2  (cost=0.43..391.99 rows=98 width=125)
	  Index Cond: ((id >= 3973596) AND (id <= 3973696))

table 3 : explain SELECT id, c FROM sbtest3 WHERE id BETWEEN 3973596 AND 3973696
	Index Scan using sbtest3_pkey on sbtest3  (cost=0.43..420.50 rows=105 width=125)
	  Index Cond: ((id >= 3973596) AND (id <= 3973696))

table 4 : explain SELECT id, c FROM sbtest4 WHERE id BETWEEN 3973596 AND 3973696
	Index Scan using sbtest4_pkey on sbtest4  (cost=0.43..464.04 rows=116 width=125)
	  Index Cond: ((id >= 3973596) AND (id <= 3973696))

table 5 : explain SELECT id, c FROM sbtest5 WHERE id BETWEEN 3973596 AND 3973696
	Index Scan using sbtest5_pkey on sbtest5  (cost=0.43..395.95 rows=99 width=125)
	  Index Cond: ((id >= 3973596) AND (id <= 3973696))

table 6 : explain SELECT id, c FROM sbtest6 WHERE id BETWEEN 3973596 AND 3973696
	Index Scan using sbtest6_pkey on sbtest6  (cost=0.43..415.62 rows=104 width=125)
	  Index Cond: ((id >= 3973596) AND (id <= 3973696))

table 7 : explain SELECT id, c FROM sbtest7 WHERE id BETWEEN 3973596 AND 3973696
	Index Scan using sbtest7_pkey on sbtest7  (cost=0.43..375.76 rows=94 width=125)
	  Index Cond: ((id >= 3973596) AND (id <= 3973696))

table 8 : explain SELECT id, c FROM sbtest8 WHERE id BETWEEN 3973596 AND 3973696
	Index Scan using sbtest8_pkey on sbtest8  (cost=0.43..388.54 rows=97 width=125)
	  Index Cond: ((id >= 3973596) AND (id <= 3973696))

explain: for range-notcovered :: explain SELECT id, c FROM sbtest%d WHERE id BETWEEN 8044114 AND 8044214
explain: for range-notcovered :: explain SELECT id, c FROM sbtest%d WHERE id BETWEEN 3973596 AND 3973696
for range-notcovered
table 1 : explain SELECT id, c FROM sbtest1 WHERE id BETWEEN 3973596 AND 3973696
	Index Scan using sbtest1_pkey on sbtest1  (cost=0.43..389.13 rows=97 width=125)
	  Index Cond: ((id >= 3973596) AND (id <= 3973696))

table 2 : explain SELECT id, c FROM sbtest2 WHERE id BETWEEN 3973596 AND 3973696
	Index Scan using sbtest2_pkey on sbtest2  (cost=0.43..391.99 rows=98 width=125)
	  Index Cond: ((id >= 3973596) AND (id <= 3973696))

table 3 : explain SELECT id, c FROM sbtest3 WHERE id BETWEEN 3973596 AND 3973696
	Index Scan using sbtest3_pkey on sbtest3  (cost=0.43..420.50 rows=105 width=125)
	  Index Cond: ((id >= 3973596) AND (id <= 3973696))

table 4 : explain SELECT id, c FROM sbtest4 WHERE id BETWEEN 3973596 AND 3973696
	Index Scan using sbtest4_pkey on sbtest4  (cost=0.43..464.04 rows=116 width=125)
	  Index Cond: ((id >= 3973596) AND (id <= 3973696))

table 5 : explain SELECT id, c FROM sbtest5 WHERE id BETWEEN 3973596 AND 3973696
	Index Scan using sbtest5_pkey on sbtest5  (cost=0.43..395.95 rows=99 width=125)
	  Index Cond: ((id >= 3973596) AND (id <= 3973696))

table 6 : explain SELECT id, c FROM sbtest6 WHERE id BETWEEN 3973596 AND 3973696
	Index Scan using sbtest6_pkey on sbtest6  (cost=0.43..415.62 rows=104 width=125)
	  Index Cond: ((id >= 3973596) AND (id <= 3973696))

table 7 : explain SELECT id, c FROM sbtest7 WHERE id BETWEEN 3973596 AND 3973696
	Index Scan using sbtest7_pkey on sbtest7  (cost=0.43..375.76 rows=94 width=125)
	  Index Cond: ((id >= 3973596) AND (id <= 3973696))

table 8 : explain SELECT id, c FROM sbtest8 WHERE id BETWEEN 3973596 AND 3973696
	Index Scan using sbtest8_pkey on sbtest8  (cost=0.43..388.54 rows=97 width=125)
	  Index Cond: ((id >= 3973596) AND (id <= 3973696))

for range-notcovered
table 1 : explain SELECT id, c FROM sbtest1 WHERE id BETWEEN 8044114 AND 8044214
	Index Scan using sbtest1_pkey on sbtest1  (cost=0.43..404.99 rows=101 width=125)
	  Index Cond: ((id >= 8044114) AND (id <= 8044214))

table 2 : explain SELECT id, c FROM sbtest2 WHERE id BETWEEN 8044114 AND 8044214
	Index Scan using sbtest2_pkey on sbtest2  (cost=0.43..395.94 rows=99 width=125)
	  Index Cond: ((id >= 8044114) AND (id <= 8044214))

table 3 : explain SELECT id, c FROM sbtest3 WHERE id BETWEEN 8044114 AND 8044214
	Index Scan using sbtest3_pkey on sbtest3  (cost=0.43..416.54 rows=104 width=125)
	  Index Cond: ((id >= 8044114) AND (id <= 8044214))

table 4 : explain SELECT id, c FROM sbtest4 WHERE id BETWEEN 8044114 AND 8044214
	Index Scan using sbtest4_pkey on sbtest4  (cost=0.43..408.59 rows=102 width=125)
	  Index Cond: ((id >= 8044114) AND (id <= 8044214))

table 5 : explain SELECT id, c FROM sbtest5 WHERE id BETWEEN 8044114 AND 8044214
	Index Scan using sbtest5_pkey on sbtest5  (cost=0.43..399.91 rows=100 width=125)
	  Index Cond: ((id >= 8044114) AND (id <= 8044214))

table 6 : explain SELECT id, c FROM sbtest6 WHERE id BETWEEN 8044114 AND 8044214
	Index Scan using sbtest6_pkey on sbtest6  (cost=0.43..399.81 rows=100 width=125)
	  Index Cond: ((id >= 8044114) AND (id <= 8044214))

table 7 : explain SELECT id, c FROM sbtest7 WHERE id BETWEEN 8044114 AND 8044214
	Index Scan using sbtest7_pkey on sbtest7  (cost=0.43..375.76 rows=94 width=125)
	  Index Cond: ((id >= 8044114) AND (id <= 8044214))

table 8 : explain SELECT id, c FROM sbtest8 WHERE id BETWEEN 8044114 AND 8044214
	Index Scan using sbtest8_pkey on sbtest8  (cost=0.43..455.86 rows=114 width=125)
	  Index Cond: ((id >= 8044114) AND (id <= 8044214))

explain: for range-notcovered :: explain SELECT id, c FROM sbtest%d WHERE id BETWEEN 3973596 AND 3973696
explain: for range-notcovered :: explain SELECT id, c FROM sbtest%d WHERE id BETWEEN 8044114 AND 8044214
for range-notcovered
table 1 : explain SELECT id, c FROM sbtest1 WHERE id BETWEEN 3973596 AND 3973696
	Index Scan using sbtest1_pkey on sbtest1  (cost=0.43..389.13 rows=97 width=125)
	  Index Cond: ((id >= 3973596) AND (id <= 3973696))

table 2 : explain SELECT id, c FROM sbtest2 WHERE id BETWEEN 3973596 AND 3973696
	Index Scan using sbtest2_pkey on sbtest2  (cost=0.43..391.99 rows=98 width=125)
	  Index Cond: ((id >= 3973596) AND (id <= 3973696))

table 3 : explain SELECT id, c FROM sbtest3 WHERE id BETWEEN 3973596 AND 3973696
	Index Scan using sbtest3_pkey on sbtest3  (cost=0.43..420.50 rows=105 width=125)
	  Index Cond: ((id >= 3973596) AND (id <= 3973696))

table 4 : explain SELECT id, c FROM sbtest4 WHERE id BETWEEN 3973596 AND 3973696
	Index Scan using sbtest4_pkey on sbtest4  (cost=0.43..464.04 rows=116 width=125)
	  Index Cond: ((id >= 3973596) AND (id <= 3973696))

table 5 : explain SELECT id, c FROM sbtest5 WHERE id BETWEEN 3973596 AND 3973696
	Index Scan using sbtest5_pkey on sbtest5  (cost=0.43..395.95 rows=99 width=125)
	  Index Cond: ((id >= 3973596) AND (id <= 3973696))

table 6 : explain SELECT id, c FROM sbtest6 WHERE id BETWEEN 3973596 AND 3973696
	Index Scan using sbtest6_pkey on sbtest6  (cost=0.43..415.62 rows=104 width=125)
	  Index Cond: ((id >= 3973596) AND (id <= 3973696))

table 7 : explain SELECT id, c FROM sbtest7 WHERE id BETWEEN 3973596 AND 3973696
	Index Scan using sbtest7_pkey on sbtest7  (cost=0.43..375.76 rows=94 width=125)
	  Index Cond: ((id >= 3973596) AND (id <= 3973696))

table 8 : explain SELECT id, c FROM sbtest8 WHERE id BETWEEN 3973596 AND 3973696
	Index Scan using sbtest8_pkey on sbtest8  (cost=0.43..388.54 rows=97 width=125)
	  Index Cond: ((id >= 3973596) AND (id <= 3973696))

explain: for range-notcovered :: explain SELECT id, c FROM sbtest%d WHERE id BETWEEN 3973596 AND 3973696
for range-notcovered
table 1 : explain SELECT id, c FROM sbtest1 WHERE id BETWEEN 3973596 AND 3973696
	Index Scan using sbtest1_pkey on sbtest1  (cost=0.43..389.13 rows=97 width=125)
	  Index Cond: ((id >= 3973596) AND (id <= 3973696))

table 2 : explain SELECT id, c FROM sbtest2 WHERE id BETWEEN 3973596 AND 3973696
	Index Scan using sbtest2_pkey on sbtest2  (cost=0.43..391.99 rows=98 width=125)
	  Index Cond: ((id >= 3973596) AND (id <= 3973696))

table 3 : explain SELECT id, c FROM sbtest3 WHERE id BETWEEN 3973596 AND 3973696
	Index Scan using sbtest3_pkey on sbtest3  (cost=0.43..420.50 rows=105 width=125)
	  Index Cond: ((id >= 3973596) AND (id <= 3973696))

table 4 : explain SELECT id, c FROM sbtest4 WHERE id BETWEEN 3973596 AND 3973696
	Index Scan using sbtest4_pkey on sbtest4  (cost=0.43..464.04 rows=116 width=125)
	  Index Cond: ((id >= 3973596) AND (id <= 3973696))

table 5 : explain SELECT id, c FROM sbtest5 WHERE id BETWEEN 3973596 AND 3973696
	Index Scan using sbtest5_pkey on sbtest5  (cost=0.43..395.95 rows=99 width=125)
	  Index Cond: ((id >= 3973596) AND (id <= 3973696))

table 6 : explain SELECT id, c FROM sbtest6 WHERE id BETWEEN 3973596 AND 3973696
	Index Scan using sbtest6_pkey on sbtest6  (cost=0.43..415.62 rows=104 width=125)
	  Index Cond: ((id >= 3973596) AND (id <= 3973696))

table 7 : explain SELECT id, c FROM sbtest7 WHERE id BETWEEN 3973596 AND 3973696
	Index Scan using sbtest7_pkey on sbtest7  (cost=0.43..375.76 rows=94 width=125)
	  Index Cond: ((id >= 3973596) AND (id <= 3973696))

table 8 : explain SELECT id, c FROM sbtest8 WHERE id BETWEEN 3973596 AND 3973696
	Index Scan using sbtest8_pkey on sbtest8  (cost=0.43..388.54 rows=97 width=125)
	  Index Cond: ((id >= 3973596) AND (id <= 3973696))

for range-notcovered
table 1 : explain SELECT id, c FROM sbtest1 WHERE id BETWEEN 2294595 AND 2294695
	Index Scan using sbtest1_pkey on sbtest1  (cost=0.43..424.83 rows=106 width=125)
	  Index Cond: ((id >= 2294595) AND (id <= 2294695))

table 2 : explain SELECT id, c FROM sbtest2 WHERE id BETWEEN 2294595 AND 2294695
	Index Scan using sbtest2_pkey on sbtest2  (cost=0.43..439.45 rows=110 width=125)
	  Index Cond: ((id >= 2294595) AND (id <= 2294695))

table 3 : explain SELECT id, c FROM sbtest3 WHERE id BETWEEN 2294595 AND 2294695
	Index Scan using sbtest3_pkey on sbtest3  (cost=0.43..428.42 rows=107 width=125)
	  Index Cond: ((id >= 2294595) AND (id <= 2294695))

table 4 : explain SELECT id, c FROM sbtest4 WHERE id BETWEEN 2294595 AND 2294695
	Index Scan using sbtest4_pkey on sbtest4  (cost=0.43..404.63 rows=101 width=125)
	  Index Cond: ((id >= 2294595) AND (id <= 2294695))

table 5 : explain SELECT id, c FROM sbtest5 WHERE id BETWEEN 2294595 AND 2294695
	Index Scan using sbtest5_pkey on sbtest5  (cost=0.43..403.86 rows=101 width=125)
	  Index Cond: ((id >= 2294595) AND (id <= 2294695))

table 6 : explain SELECT id, c FROM sbtest6 WHERE id BETWEEN 2294595 AND 2294695
	Index Scan using sbtest6_pkey on sbtest6  (cost=0.43..439.33 rows=110 width=125)
	  Index Cond: ((id >= 2294595) AND (id <= 2294695))

table 7 : explain SELECT id, c FROM sbtest7 WHERE id BETWEEN 2294595 AND 2294695
	Index Scan using sbtest7_pkey on sbtest7  (cost=0.43..411.32 rows=103 width=125)
	  Index Cond: ((id >= 2294595) AND (id <= 2294695))

table 8 : explain SELECT id, c FROM sbtest8 WHERE id BETWEEN 2294595 AND 2294695
	Index Scan using sbtest8_pkey on sbtest8  (cost=0.43..392.50 rows=98 width=125)
	  Index Cond: ((id >= 2294595) AND (id <= 2294695))

explain: for range-notcovered :: explain SELECT id, c FROM sbtest%d WHERE id BETWEEN 2294595 AND 2294695
for range-notcovered
table 1 : explain SELECT id, c FROM sbtest1 WHERE id BETWEEN 2294595 AND 2294695
	Index Scan using sbtest1_pkey on sbtest1  (cost=0.43..424.83 rows=106 width=125)
	  Index Cond: ((id >= 2294595) AND (id <= 2294695))

table 2 : explain SELECT id, c FROM sbtest2 WHERE id BETWEEN 2294595 AND 2294695
	Index Scan using sbtest2_pkey on sbtest2  (cost=0.43..439.45 rows=110 width=125)
	  Index Cond: ((id >= 2294595) AND (id <= 2294695))

table 3 : explain SELECT id, c FROM sbtest3 WHERE id BETWEEN 2294595 AND 2294695
	Index Scan using sbtest3_pkey on sbtest3  (cost=0.43..428.42 rows=107 width=125)
	  Index Cond: ((id >= 2294595) AND (id <= 2294695))

table 4 : explain SELECT id, c FROM sbtest4 WHERE id BETWEEN 2294595 AND 2294695
	Index Scan using sbtest4_pkey on sbtest4  (cost=0.43..404.63 rows=101 width=125)
	  Index Cond: ((id >= 2294595) AND (id <= 2294695))

table 5 : explain SELECT id, c FROM sbtest5 WHERE id BETWEEN 2294595 AND 2294695
	Index Scan using sbtest5_pkey on sbtest5  (cost=0.43..403.86 rows=101 width=125)
	  Index Cond: ((id >= 2294595) AND (id <= 2294695))

table 6 : explain SELECT id, c FROM sbtest6 WHERE id BETWEEN 2294595 AND 2294695
	Index Scan using sbtest6_pkey on sbtest6  (cost=0.43..439.33 rows=110 width=125)
	  Index Cond: ((id >= 2294595) AND (id <= 2294695))

table 7 : explain SELECT id, c FROM sbtest7 WHERE id BETWEEN 2294595 AND 2294695
	Index Scan using sbtest7_pkey on sbtest7  (cost=0.43..411.32 rows=103 width=125)
	  Index Cond: ((id >= 2294595) AND (id <= 2294695))

table 8 : explain SELECT id, c FROM sbtest8 WHERE id BETWEEN 2294595 AND 2294695
	Index Scan using sbtest8_pkey on sbtest8  (cost=0.43..392.50 rows=98 width=125)
	  Index Cond: ((id >= 2294595) AND (id <= 2294695))

explain: for range-notcovered :: explain SELECT id, c FROM sbtest%d WHERE id BETWEEN 2294595 AND 2294695
explain: for range-notcovered :: explain SELECT id, c FROM sbtest%d WHERE id BETWEEN 6354241 AND 6354341
for range-notcovered
table 1 : explain SELECT id, c FROM sbtest1 WHERE id BETWEEN 8576140 AND 8576240
	Index Scan using sbtest1_pkey on sbtest1  (cost=0.43..412.93 rows=103 width=125)
	  Index Cond: ((id >= 8576140) AND (id <= 8576240))

table 2 : explain SELECT id, c FROM sbtest2 WHERE id BETWEEN 8576140 AND 8576240
	Index Scan using sbtest2_pkey on sbtest2  (cost=0.43..380.13 rows=95 width=125)
	  Index Cond: ((id >= 8576140) AND (id <= 8576240))

table 3 : explain SELECT id, c FROM sbtest3 WHERE id BETWEEN 8576140 AND 8576240
	Index Scan using sbtest3_pkey on sbtest3  (cost=0.43..420.50 rows=105 width=125)
	  Index Cond: ((id >= 8576140) AND (id <= 8576240))

table 4 : explain SELECT id, c FROM sbtest4 WHERE id BETWEEN 8576140 AND 8576240
	Index Scan using sbtest4_pkey on sbtest4  (cost=0.43..420.47 rows=105 width=125)
	  Index Cond: ((id >= 8576140) AND (id <= 8576240))

table 5 : explain SELECT id, c FROM sbtest5 WHERE id BETWEEN 8576140 AND 8576240
	Index Scan using sbtest5_pkey on sbtest5  (cost=0.43..447.35 rows=112 width=125)
	  Index Cond: ((id >= 8576140) AND (id <= 8576240))

table 6 : explain SELECT id, c FROM sbtest6 WHERE id BETWEEN 8576140 AND 8576240
	Index Scan using sbtest6_pkey on sbtest6  (cost=0.43..419.57 rows=105 width=125)
	  Index Cond: ((id >= 8576140) AND (id <= 8576240))

table 7 : explain SELECT id, c FROM sbtest7 WHERE id BETWEEN 8576140 AND 8576240
	Index Scan using sbtest7_pkey on sbtest7  (cost=0.43..371.81 rows=93 width=125)
	  Index Cond: ((id >= 8576140) AND (id <= 8576240))

table 8 : explain SELECT id, c FROM sbtest8 WHERE id BETWEEN 8576140 AND 8576240
	Index Scan using sbtest8_pkey on sbtest8  (cost=0.43..396.47 rows=99 width=125)
	  Index Cond: ((id >= 8576140) AND (id <= 8576240))

for range-notcovered
table 1 : explain SELECT id, c FROM sbtest1 WHERE id BETWEEN 2294595 AND 2294695
	Index Scan using sbtest1_pkey on sbtest1  (cost=0.43..424.83 rows=106 width=125)
	  Index Cond: ((id >= 2294595) AND (id <= 2294695))

table 2 : explain SELECT id, c FROM sbtest2 WHERE id BETWEEN 2294595 AND 2294695
	Index Scan using sbtest2_pkey on sbtest2  (cost=0.43..439.45 rows=110 width=125)
	  Index Cond: ((id >= 2294595) AND (id <= 2294695))

table 3 : explain SELECT id, c FROM sbtest3 WHERE id BETWEEN 2294595 AND 2294695
	Index Scan using sbtest3_pkey on sbtest3  (cost=0.43..428.42 rows=107 width=125)
	  Index Cond: ((id >= 2294595) AND (id <= 2294695))

table 4 : explain SELECT id, c FROM sbtest4 WHERE id BETWEEN 2294595 AND 2294695
	Index Scan using sbtest4_pkey on sbtest4  (cost=0.43..404.63 rows=101 width=125)
	  Index Cond: ((id >= 2294595) AND (id <= 2294695))

table 5 : explain SELECT id, c FROM sbtest5 WHERE id BETWEEN 2294595 AND 2294695
	Index Scan using sbtest5_pkey on sbtest5  (cost=0.43..403.86 rows=101 width=125)
	  Index Cond: ((id >= 2294595) AND (id <= 2294695))

table 6 : explain SELECT id, c FROM sbtest6 WHERE id BETWEEN 2294595 AND 2294695
	Index Scan using sbtest6_pkey on sbtest6  (cost=0.43..439.33 rows=110 width=125)
	  Index Cond: ((id >= 2294595) AND (id <= 2294695))

table 7 : explain SELECT id, c FROM sbtest7 WHERE id BETWEEN 2294595 AND 2294695
	Index Scan using sbtest7_pkey on sbtest7  (cost=0.43..411.32 rows=103 width=125)
	  Index Cond: ((id >= 2294595) AND (id <= 2294695))

table 8 : explain SELECT id, c FROM sbtest8 WHERE id BETWEEN 2294595 AND 2294695
	Index Scan using sbtest8_pkey on sbtest8  (cost=0.43..392.50 rows=98 width=125)
	  Index Cond: ((id >= 2294595) AND (id <= 2294695))

explain: for range-notcovered :: explain SELECT id, c FROM sbtest%d WHERE id BETWEEN 8576140 AND 8576240
explain: for range-notcovered :: explain SELECT id, c FROM sbtest%d WHERE id BETWEEN 2294595 AND 2294695
for range-notcovered
table 1 : explain SELECT id, c FROM sbtest1 WHERE id BETWEEN 7581613 AND 7581713
	Index Scan using sbtest1_pkey on sbtest1  (cost=0.43..408.96 rows=102 width=125)
	  Index Cond: ((id >= 7581613) AND (id <= 7581713))

table 2 : explain SELECT id, c FROM sbtest2 WHERE id BETWEEN 7581613 AND 7581713
	Index Scan using sbtest2_pkey on sbtest2  (cost=0.43..443.40 rows=111 width=125)
	  Index Cond: ((id >= 7581613) AND (id <= 7581713))

table 3 : explain SELECT id, c FROM sbtest3 WHERE id BETWEEN 7581613 AND 7581713
	Index Scan using sbtest3_pkey on sbtest3  (cost=0.43..460.12 rows=115 width=125)
	  Index Cond: ((id >= 7581613) AND (id <= 7581713))

table 4 : explain SELECT id, c FROM sbtest4 WHERE id BETWEEN 7581613 AND 7581713
	Index Scan using sbtest4_pkey on sbtest4  (cost=0.43..420.47 rows=105 width=125)
	  Index Cond: ((id >= 7581613) AND (id <= 7581713))

table 5 : explain SELECT id, c FROM sbtest5 WHERE id BETWEEN 7581613 AND 7581713
	Index Scan using sbtest5_pkey on sbtest5  (cost=0.43..376.17 rows=94 width=125)
	  Index Cond: ((id >= 7581613) AND (id <= 7581713))

table 6 : explain SELECT id, c FROM sbtest6 WHERE id BETWEEN 7581613 AND 7581713
	Index Scan using sbtest6_pkey on sbtest6  (cost=0.43..407.71 rows=102 width=125)
	  Index Cond: ((id >= 7581613) AND (id <= 7581713))

table 7 : explain SELECT id, c FROM sbtest7 WHERE id BETWEEN 7581613 AND 7581713
	Index Scan using sbtest7_pkey on sbtest7  (cost=0.43..411.32 rows=103 width=125)
	  Index Cond: ((id >= 7581613) AND (id <= 7581713))

table 8 : explain SELECT id, c FROM sbtest8 WHERE id BETWEEN 7581613 AND 7581713
	Index Scan using sbtest8_pkey on sbtest8  (cost=0.43..388.54 rows=97 width=125)
	  Index Cond: ((id >= 7581613) AND (id <= 7581713))

explain: for range-notcovered :: explain SELECT id, c FROM sbtest%d WHERE id BETWEEN 7581613 AND 7581713
for range-notcovered
table 1 : explain SELECT id, c FROM sbtest1 WHERE id BETWEEN 8044114 AND 8044214
	Index Scan using sbtest1_pkey on sbtest1  (cost=0.43..404.99 rows=101 width=125)
	  Index Cond: ((id >= 8044114) AND (id <= 8044214))

table 2 : explain SELECT id, c FROM sbtest2 WHERE id BETWEEN 8044114 AND 8044214
	Index Scan using sbtest2_pkey on sbtest2  (cost=0.43..395.94 rows=99 width=125)
	  Index Cond: ((id >= 8044114) AND (id <= 8044214))

table 3 : explain SELECT id, c FROM sbtest3 WHERE id BETWEEN 8044114 AND 8044214
	Index Scan using sbtest3_pkey on sbtest3  (cost=0.43..416.54 rows=104 width=125)
	  Index Cond: ((id >= 8044114) AND (id <= 8044214))

table 4 : explain SELECT id, c FROM sbtest4 WHERE id BETWEEN 8044114 AND 8044214
	Index Scan using sbtest4_pkey on sbtest4  (cost=0.43..408.59 rows=102 width=125)
	  Index Cond: ((id >= 8044114) AND (id <= 8044214))

table 5 : explain SELECT id, c FROM sbtest5 WHERE id BETWEEN 8044114 AND 8044214
	Index Scan using sbtest5_pkey on sbtest5  (cost=0.43..399.91 rows=100 width=125)
	  Index Cond: ((id >= 8044114) AND (id <= 8044214))

table 6 : explain SELECT id, c FROM sbtest6 WHERE id BETWEEN 8044114 AND 8044214
	Index Scan using sbtest6_pkey on sbtest6  (cost=0.43..399.81 rows=100 width=125)
	  Index Cond: ((id >= 8044114) AND (id <= 8044214))

table 7 : explain SELECT id, c FROM sbtest7 WHERE id BETWEEN 8044114 AND 8044214
	Index Scan using sbtest7_pkey on sbtest7  (cost=0.43..375.76 rows=94 width=125)
	  Index Cond: ((id >= 8044114) AND (id <= 8044214))

table 8 : explain SELECT id, c FROM sbtest8 WHERE id BETWEEN 8044114 AND 8044214
	Index Scan using sbtest8_pkey on sbtest8  (cost=0.43..455.86 rows=114 width=125)
	  Index Cond: ((id >= 8044114) AND (id <= 8044214))

explain: for range-notcovered :: explain SELECT id, c FROM sbtest%d WHERE id BETWEEN 3707028 AND 3707128
for range-notcovered
table 1 : explain SELECT id, c FROM sbtest1 WHERE id BETWEEN 8576140 AND 8576240
	Index Scan using sbtest1_pkey on sbtest1  (cost=0.43..412.93 rows=103 width=125)
	  Index Cond: ((id >= 8576140) AND (id <= 8576240))

table 2 : explain SELECT id, c FROM sbtest2 WHERE id BETWEEN 8576140 AND 8576240
	Index Scan using sbtest2_pkey on sbtest2  (cost=0.43..380.13 rows=95 width=125)
	  Index Cond: ((id >= 8576140) AND (id <= 8576240))

table 3 : explain SELECT id, c FROM sbtest3 WHERE id BETWEEN 8576140 AND 8576240
	Index Scan using sbtest3_pkey on sbtest3  (cost=0.43..420.50 rows=105 width=125)
	  Index Cond: ((id >= 8576140) AND (id <= 8576240))

table 4 : explain SELECT id, c FROM sbtest4 WHERE id BETWEEN 8576140 AND 8576240
	Index Scan using sbtest4_pkey on sbtest4  (cost=0.43..420.47 rows=105 width=125)
	  Index Cond: ((id >= 8576140) AND (id <= 8576240))

table 5 : explain SELECT id, c FROM sbtest5 WHERE id BETWEEN 8576140 AND 8576240
	Index Scan using sbtest5_pkey on sbtest5  (cost=0.43..447.35 rows=112 width=125)
	  Index Cond: ((id >= 8576140) AND (id <= 8576240))

table 6 : explain SELECT id, c FROM sbtest6 WHERE id BETWEEN 8576140 AND 8576240
	Index Scan using sbtest6_pkey on sbtest6  (cost=0.43..419.57 rows=105 width=125)
	  Index Cond: ((id >= 8576140) AND (id <= 8576240))

table 7 : explain SELECT id, c FROM sbtest7 WHERE id BETWEEN 8576140 AND 8576240
	Index Scan using sbtest7_pkey on sbtest7  (cost=0.43..371.81 rows=93 width=125)
	  Index Cond: ((id >= 8576140) AND (id <= 8576240))

table 8 : explain SELECT id, c FROM sbtest8 WHERE id BETWEEN 8576140 AND 8576240
	Index Scan using sbtest8_pkey on sbtest8  (cost=0.43..396.47 rows=99 width=125)
	  Index Cond: ((id >= 8576140) AND (id <= 8576240))

explain: for range-notcovered :: explain SELECT id, c FROM sbtest%d WHERE id BETWEEN 8576140 AND 8576240
for range-notcovered
table 1 : explain SELECT id, c FROM sbtest1 WHERE id BETWEEN 7581613 AND 7581713
	Index Scan using sbtest1_pkey on sbtest1  (cost=0.43..408.96 rows=102 width=125)
	  Index Cond: ((id >= 7581613) AND (id <= 7581713))

table 2 : explain SELECT id, c FROM sbtest2 WHERE id BETWEEN 7581613 AND 7581713
	Index Scan using sbtest2_pkey on sbtest2  (cost=0.43..443.40 rows=111 width=125)
	  Index Cond: ((id >= 7581613) AND (id <= 7581713))

table 3 : explain SELECT id, c FROM sbtest3 WHERE id BETWEEN 7581613 AND 7581713
	Index Scan using sbtest3_pkey on sbtest3  (cost=0.43..460.12 rows=115 width=125)
	  Index Cond: ((id >= 7581613) AND (id <= 7581713))

table 4 : explain SELECT id, c FROM sbtest4 WHERE id BETWEEN 7581613 AND 7581713
	Index Scan using sbtest4_pkey on sbtest4  (cost=0.43..420.47 rows=105 width=125)
	  Index Cond: ((id >= 7581613) AND (id <= 7581713))

table 5 : explain SELECT id, c FROM sbtest5 WHERE id BETWEEN 7581613 AND 7581713
	Index Scan using sbtest5_pkey on sbtest5  (cost=0.43..376.17 rows=94 width=125)
	  Index Cond: ((id >= 7581613) AND (id <= 7581713))

table 6 : explain SELECT id, c FROM sbtest6 WHERE id BETWEEN 7581613 AND 7581713
	Index Scan using sbtest6_pkey on sbtest6  (cost=0.43..407.71 rows=102 width=125)
	  Index Cond: ((id >= 7581613) AND (id <= 7581713))

table 7 : explain SELECT id, c FROM sbtest7 WHERE id BETWEEN 7581613 AND 7581713
	Index Scan using sbtest7_pkey on sbtest7  (cost=0.43..411.32 rows=103 width=125)
	  Index Cond: ((id >= 7581613) AND (id <= 7581713))

table 8 : explain SELECT id, c FROM sbtest8 WHERE id BETWEEN 7581613 AND 7581713
	Index Scan using sbtest8_pkey on sbtest8  (cost=0.43..388.54 rows=97 width=125)
	  Index Cond: ((id >= 7581613) AND (id <= 7581713))

explain: for range-notcovered :: explain SELECT id, c FROM sbtest%d WHERE id BETWEEN 7581613 AND 7581713
for range-notcovered
table 1 : explain SELECT id, c FROM sbtest1 WHERE id BETWEEN 2294595 AND 2294695
	Index Scan using sbtest1_pkey on sbtest1  (cost=0.43..424.83 rows=106 width=125)
	  Index Cond: ((id >= 2294595) AND (id <= 2294695))

table 2 : explain SELECT id, c FROM sbtest2 WHERE id BETWEEN 2294595 AND 2294695
	Index Scan using sbtest2_pkey on sbtest2  (cost=0.43..439.45 rows=110 width=125)
	  Index Cond: ((id >= 2294595) AND (id <= 2294695))

table 3 : explain SELECT id, c FROM sbtest3 WHERE id BETWEEN 2294595 AND 2294695
	Index Scan using sbtest3_pkey on sbtest3  (cost=0.43..428.42 rows=107 width=125)
	  Index Cond: ((id >= 2294595) AND (id <= 2294695))

table 4 : explain SELECT id, c FROM sbtest4 WHERE id BETWEEN 2294595 AND 2294695
	Index Scan using sbtest4_pkey on sbtest4  (cost=0.43..404.63 rows=101 width=125)
	  Index Cond: ((id >= 2294595) AND (id <= 2294695))

table 5 : explain SELECT id, c FROM sbtest5 WHERE id BETWEEN 2294595 AND 2294695
	Index Scan using sbtest5_pkey on sbtest5  (cost=0.43..403.86 rows=101 width=125)
	  Index Cond: ((id >= 2294595) AND (id <= 2294695))

table 6 : explain SELECT id, c FROM sbtest6 WHERE id BETWEEN 2294595 AND 2294695
	Index Scan using sbtest6_pkey on sbtest6  (cost=0.43..439.33 rows=110 width=125)
	  Index Cond: ((id >= 2294595) AND (id <= 2294695))

table 7 : explain SELECT id, c FROM sbtest7 WHERE id BETWEEN 2294595 AND 2294695
	Index Scan using sbtest7_pkey on sbtest7  (cost=0.43..411.32 rows=103 width=125)
	  Index Cond: ((id >= 2294595) AND (id <= 2294695))

table 8 : explain SELECT id, c FROM sbtest8 WHERE id BETWEEN 2294595 AND 2294695
	Index Scan using sbtest8_pkey on sbtest8  (cost=0.43..392.50 rows=98 width=125)
	  Index Cond: ((id >= 2294595) AND (id <= 2294695))

explain: for range-notcovered :: explain SELECT id, c FROM sbtest%d WHERE id BETWEEN 2294595 AND 2294695
for range-notcovered
table 1 : explain SELECT id, c FROM sbtest1 WHERE id BETWEEN 8576140 AND 8576240
	Index Scan using sbtest1_pkey on sbtest1  (cost=0.43..412.93 rows=103 width=125)
	  Index Cond: ((id >= 8576140) AND (id <= 8576240))

table 2 : explain SELECT id, c FROM sbtest2 WHERE id BETWEEN 8576140 AND 8576240
	Index Scan using sbtest2_pkey on sbtest2  (cost=0.43..380.13 rows=95 width=125)
	  Index Cond: ((id >= 8576140) AND (id <= 8576240))

table 3 : explain SELECT id, c FROM sbtest3 WHERE id BETWEEN 8576140 AND 8576240
	Index Scan using sbtest3_pkey on sbtest3  (cost=0.43..420.50 rows=105 width=125)
	  Index Cond: ((id >= 8576140) AND (id <= 8576240))

table 4 : explain SELECT id, c FROM sbtest4 WHERE id BETWEEN 8576140 AND 8576240
	Index Scan using sbtest4_pkey on sbtest4  (cost=0.43..420.47 rows=105 width=125)
	  Index Cond: ((id >= 8576140) AND (id <= 8576240))

table 5 : explain SELECT id, c FROM sbtest5 WHERE id BETWEEN 8576140 AND 8576240
	Index Scan using sbtest5_pkey on sbtest5  (cost=0.43..447.35 rows=112 width=125)
	  Index Cond: ((id >= 8576140) AND (id <= 8576240))

table 6 : explain SELECT id, c FROM sbtest6 WHERE id BETWEEN 8576140 AND 8576240
	Index Scan using sbtest6_pkey on sbtest6  (cost=0.43..419.57 rows=105 width=125)
	  Index Cond: ((id >= 8576140) AND (id <= 8576240))

table 7 : explain SELECT id, c FROM sbtest7 WHERE id BETWEEN 8576140 AND 8576240
	Index Scan using sbtest7_pkey on sbtest7  (cost=0.43..371.81 rows=93 width=125)
	  Index Cond: ((id >= 8576140) AND (id <= 8576240))

table 8 : explain SELECT id, c FROM sbtest8 WHERE id BETWEEN 8576140 AND 8576240
	Index Scan using sbtest8_pkey on sbtest8  (cost=0.43..396.47 rows=99 width=125)
	  Index Cond: ((id >= 8576140) AND (id <= 8576240))

explain: for range-notcovered :: explain SELECT id, c FROM sbtest%d WHERE id BETWEEN 8576140 AND 8576240
for range-notcovered
table 1 : explain SELECT id, c FROM sbtest1 WHERE id BETWEEN 7581613 AND 7581713
	Index Scan using sbtest1_pkey on sbtest1  (cost=0.43..408.96 rows=102 width=125)
	  Index Cond: ((id >= 7581613) AND (id <= 7581713))

table 2 : explain SELECT id, c FROM sbtest2 WHERE id BETWEEN 7581613 AND 7581713
	Index Scan using sbtest2_pkey on sbtest2  (cost=0.43..443.40 rows=111 width=125)
	  Index Cond: ((id >= 7581613) AND (id <= 7581713))

table 3 : explain SELECT id, c FROM sbtest3 WHERE id BETWEEN 7581613 AND 7581713
	Index Scan using sbtest3_pkey on sbtest3  (cost=0.43..460.12 rows=115 width=125)
	  Index Cond: ((id >= 7581613) AND (id <= 7581713))

table 4 : explain SELECT id, c FROM sbtest4 WHERE id BETWEEN 7581613 AND 7581713
	Index Scan using sbtest4_pkey on sbtest4  (cost=0.43..420.47 rows=105 width=125)
	  Index Cond: ((id >= 7581613) AND (id <= 7581713))

table 5 : explain SELECT id, c FROM sbtest5 WHERE id BETWEEN 7581613 AND 7581713
	Index Scan using sbtest5_pkey on sbtest5  (cost=0.43..376.17 rows=94 width=125)
	  Index Cond: ((id >= 7581613) AND (id <= 7581713))

table 6 : explain SELECT id, c FROM sbtest6 WHERE id BETWEEN 7581613 AND 7581713
	Index Scan using sbtest6_pkey on sbtest6  (cost=0.43..407.71 rows=102 width=125)
	  Index Cond: ((id >= 7581613) AND (id <= 7581713))

table 7 : explain SELECT id, c FROM sbtest7 WHERE id BETWEEN 7581613 AND 7581713
	Index Scan using sbtest7_pkey on sbtest7  (cost=0.43..411.32 rows=103 width=125)
	  Index Cond: ((id >= 7581613) AND (id <= 7581713))

table 8 : explain SELECT id, c FROM sbtest8 WHERE id BETWEEN 7581613 AND 7581713
	Index Scan using sbtest8_pkey on sbtest8  (cost=0.43..388.54 rows=97 width=125)
	  Index Cond: ((id >= 7581613) AND (id <= 7581713))

explain: for range-notcovered :: explain SELECT id, c FROM sbtest%d WHERE id BETWEEN 7581613 AND 7581713
for range-notcovered
table 1 : explain SELECT id, c FROM sbtest1 WHERE id BETWEEN 7581613 AND 7581713
	Index Scan using sbtest1_pkey on sbtest1  (cost=0.43..408.96 rows=102 width=125)
	  Index Cond: ((id >= 7581613) AND (id <= 7581713))

table 2 : explain SELECT id, c FROM sbtest2 WHERE id BETWEEN 7581613 AND 7581713
	Index Scan using sbtest2_pkey on sbtest2  (cost=0.43..443.40 rows=111 width=125)
	  Index Cond: ((id >= 7581613) AND (id <= 7581713))

table 3 : explain SELECT id, c FROM sbtest3 WHERE id BETWEEN 7581613 AND 7581713
	Index Scan using sbtest3_pkey on sbtest3  (cost=0.43..460.12 rows=115 width=125)
	  Index Cond: ((id >= 7581613) AND (id <= 7581713))

table 4 : explain SELECT id, c FROM sbtest4 WHERE id BETWEEN 7581613 AND 7581713
	Index Scan using sbtest4_pkey on sbtest4  (cost=0.43..420.47 rows=105 width=125)
	  Index Cond: ((id >= 7581613) AND (id <= 7581713))

table 5 : explain SELECT id, c FROM sbtest5 WHERE id BETWEEN 7581613 AND 7581713
	Index Scan using sbtest5_pkey on sbtest5  (cost=0.43..376.17 rows=94 width=125)
	  Index Cond: ((id >= 7581613) AND (id <= 7581713))

table 6 : explain SELECT id, c FROM sbtest6 WHERE id BETWEEN 7581613 AND 7581713
	Index Scan using sbtest6_pkey on sbtest6  (cost=0.43..407.71 rows=102 width=125)
	  Index Cond: ((id >= 7581613) AND (id <= 7581713))

table 7 : explain SELECT id, c FROM sbtest7 WHERE id BETWEEN 7581613 AND 7581713
	Index Scan using sbtest7_pkey on sbtest7  (cost=0.43..411.32 rows=103 width=125)
	  Index Cond: ((id >= 7581613) AND (id <= 7581713))

table 8 : explain SELECT id, c FROM sbtest8 WHERE id BETWEEN 7581613 AND 7581713
	Index Scan using sbtest8_pkey on sbtest8  (cost=0.43..388.54 rows=97 width=125)
	  Index Cond: ((id >= 7581613) AND (id <= 7581713))

explain: for range-notcovered :: explain SELECT id, c FROM sbtest%d WHERE id BETWEEN 7581613 AND 7581713
explain: for range-notcovered :: explain SELECT id, c FROM sbtest%d WHERE id BETWEEN 3156494 AND 3156594
for range-notcovered
table 1 : explain SELECT id, c FROM sbtest1 WHERE id BETWEEN 8576140 AND 8576240
	Index Scan using sbtest1_pkey on sbtest1  (cost=0.43..412.93 rows=103 width=125)
	  Index Cond: ((id >= 8576140) AND (id <= 8576240))

table 2 : explain SELECT id, c FROM sbtest2 WHERE id BETWEEN 8576140 AND 8576240
	Index Scan using sbtest2_pkey on sbtest2  (cost=0.43..380.13 rows=95 width=125)
	  Index Cond: ((id >= 8576140) AND (id <= 8576240))

table 3 : explain SELECT id, c FROM sbtest3 WHERE id BETWEEN 8576140 AND 8576240
	Index Scan using sbtest3_pkey on sbtest3  (cost=0.43..420.50 rows=105 width=125)
	  Index Cond: ((id >= 8576140) AND (id <= 8576240))

table 4 : explain SELECT id, c FROM sbtest4 WHERE id BETWEEN 8576140 AND 8576240
	Index Scan using sbtest4_pkey on sbtest4  (cost=0.43..420.47 rows=105 width=125)
	  Index Cond: ((id >= 8576140) AND (id <= 8576240))

table 5 : explain SELECT id, c FROM sbtest5 WHERE id BETWEEN 8576140 AND 8576240
	Index Scan using sbtest5_pkey on sbtest5  (cost=0.43..447.35 rows=112 width=125)
	  Index Cond: ((id >= 8576140) AND (id <= 8576240))

table 6 : explain SELECT id, c FROM sbtest6 WHERE id BETWEEN 8576140 AND 8576240
	Index Scan using sbtest6_pkey on sbtest6  (cost=0.43..419.57 rows=105 width=125)
	  Index Cond: ((id >= 8576140) AND (id <= 8576240))

table 7 : explain SELECT id, c FROM sbtest7 WHERE id BETWEEN 8576140 AND 8576240
	Index Scan using sbtest7_pkey on sbtest7  (cost=0.43..371.81 rows=93 width=125)
	  Index Cond: ((id >= 8576140) AND (id <= 8576240))

table 8 : explain SELECT id, c FROM sbtest8 WHERE id BETWEEN 8576140 AND 8576240
	Index Scan using sbtest8_pkey on sbtest8  (cost=0.43..396.47 rows=99 width=125)
	  Index Cond: ((id >= 8576140) AND (id <= 8576240))

explain: for range-notcovered :: explain SELECT id, c FROM sbtest%d WHERE id BETWEEN 8576140 AND 8576240
for range-notcovered
table 1 : explain SELECT id, c FROM sbtest1 WHERE id BETWEEN 7581613 AND 7581713
	Index Scan using sbtest1_pkey on sbtest1  (cost=0.43..408.96 rows=102 width=125)
	  Index Cond: ((id >= 7581613) AND (id <= 7581713))

table 2 : explain SELECT id, c FROM sbtest2 WHERE id BETWEEN 7581613 AND 7581713
	Index Scan using sbtest2_pkey on sbtest2  (cost=0.43..443.40 rows=111 width=125)
	  Index Cond: ((id >= 7581613) AND (id <= 7581713))

table 3 : explain SELECT id, c FROM sbtest3 WHERE id BETWEEN 7581613 AND 7581713
	Index Scan using sbtest3_pkey on sbtest3  (cost=0.43..460.12 rows=115 width=125)
	  Index Cond: ((id >= 7581613) AND (id <= 7581713))

table 4 : explain SELECT id, c FROM sbtest4 WHERE id BETWEEN 7581613 AND 7581713
	Index Scan using sbtest4_pkey on sbtest4  (cost=0.43..420.47 rows=105 width=125)
	  Index Cond: ((id >= 7581613) AND (id <= 7581713))

table 5 : explain SELECT id, c FROM sbtest5 WHERE id BETWEEN 7581613 AND 7581713
	Index Scan using sbtest5_pkey on sbtest5  (cost=0.43..376.17 rows=94 width=125)
	  Index Cond: ((id >= 7581613) AND (id <= 7581713))

table 6 : explain SELECT id, c FROM sbtest6 WHERE id BETWEEN 7581613 AND 7581713
	Index Scan using sbtest6_pkey on sbtest6  (cost=0.43..407.71 rows=102 width=125)
	  Index Cond: ((id >= 7581613) AND (id <= 7581713))

table 7 : explain SELECT id, c FROM sbtest7 WHERE id BETWEEN 7581613 AND 7581713
	Index Scan using sbtest7_pkey on sbtest7  (cost=0.43..411.32 rows=103 width=125)
	  Index Cond: ((id >= 7581613) AND (id <= 7581713))

table 8 : explain SELECT id, c FROM sbtest8 WHERE id BETWEEN 7581613 AND 7581713
	Index Scan using sbtest8_pkey on sbtest8  (cost=0.43..388.54 rows=97 width=125)
	  Index Cond: ((id >= 7581613) AND (id <= 7581713))

explain: for range-notcovered :: explain SELECT id, c FROM sbtest%d WHERE id BETWEEN 7581613 AND 7581713
for range-notcovered
table 1 : explain SELECT id, c FROM sbtest1 WHERE id BETWEEN 2294595 AND 2294695
	Index Scan using sbtest1_pkey on sbtest1  (cost=0.43..424.83 rows=106 width=125)
	  Index Cond: ((id >= 2294595) AND (id <= 2294695))

table 2 : explain SELECT id, c FROM sbtest2 WHERE id BETWEEN 2294595 AND 2294695
	Index Scan using sbtest2_pkey on sbtest2  (cost=0.43..439.45 rows=110 width=125)
	  Index Cond: ((id >= 2294595) AND (id <= 2294695))

table 3 : explain SELECT id, c FROM sbtest3 WHERE id BETWEEN 2294595 AND 2294695
	Index Scan using sbtest3_pkey on sbtest3  (cost=0.43..428.42 rows=107 width=125)
	  Index Cond: ((id >= 2294595) AND (id <= 2294695))

table 4 : explain SELECT id, c FROM sbtest4 WHERE id BETWEEN 2294595 AND 2294695
	Index Scan using sbtest4_pkey on sbtest4  (cost=0.43..404.63 rows=101 width=125)
	  Index Cond: ((id >= 2294595) AND (id <= 2294695))

table 5 : explain SELECT id, c FROM sbtest5 WHERE id BETWEEN 2294595 AND 2294695
	Index Scan using sbtest5_pkey on sbtest5  (cost=0.43..403.86 rows=101 width=125)
	  Index Cond: ((id >= 2294595) AND (id <= 2294695))

table 6 : explain SELECT id, c FROM sbtest6 WHERE id BETWEEN 2294595 AND 2294695
	Index Scan using sbtest6_pkey on sbtest6  (cost=0.43..439.33 rows=110 width=125)
	  Index Cond: ((id >= 2294595) AND (id <= 2294695))

table 7 : explain SELECT id, c FROM sbtest7 WHERE id BETWEEN 2294595 AND 2294695
	Index Scan using sbtest7_pkey on sbtest7  (cost=0.43..411.32 rows=103 width=125)
	  Index Cond: ((id >= 2294595) AND (id <= 2294695))

table 8 : explain SELECT id, c FROM sbtest8 WHERE id BETWEEN 2294595 AND 2294695
	Index Scan using sbtest8_pkey on sbtest8  (cost=0.43..392.50 rows=98 width=125)
	  Index Cond: ((id >= 2294595) AND (id <= 2294695))

for range-notcovered
table 1 : explain SELECT id, c FROM sbtest1 WHERE id BETWEEN 8576140 AND 8576240
	Index Scan using sbtest1_pkey on sbtest1  (cost=0.43..412.93 rows=103 width=125)
	  Index Cond: ((id >= 8576140) AND (id <= 8576240))

table 2 : explain SELECT id, c FROM sbtest2 WHERE id BETWEEN 8576140 AND 8576240
	Index Scan using sbtest2_pkey on sbtest2  (cost=0.43..380.13 rows=95 width=125)
	  Index Cond: ((id >= 8576140) AND (id <= 8576240))

table 3 : explain SELECT id, c FROM sbtest3 WHERE id BETWEEN 8576140 AND 8576240
	Index Scan using sbtest3_pkey on sbtest3  (cost=0.43..420.50 rows=105 width=125)
	  Index Cond: ((id >= 8576140) AND (id <= 8576240))

table 4 : explain SELECT id, c FROM sbtest4 WHERE id BETWEEN 8576140 AND 8576240
	Index Scan using sbtest4_pkey on sbtest4  (cost=0.43..420.47 rows=105 width=125)
	  Index Cond: ((id >= 8576140) AND (id <= 8576240))

table 5 : explain SELECT id, c FROM sbtest5 WHERE id BETWEEN 8576140 AND 8576240
	Index Scan using sbtest5_pkey on sbtest5  (cost=0.43..447.35 rows=112 width=125)
	  Index Cond: ((id >= 8576140) AND (id <= 8576240))

table 6 : explain SELECT id, c FROM sbtest6 WHERE id BETWEEN 8576140 AND 8576240
	Index Scan using sbtest6_pkey on sbtest6  (cost=0.43..419.57 rows=105 width=125)
	  Index Cond: ((id >= 8576140) AND (id <= 8576240))

table 7 : explain SELECT id, c FROM sbtest7 WHERE id BETWEEN 8576140 AND 8576240
	Index Scan using sbtest7_pkey on sbtest7  (cost=0.43..371.81 rows=93 width=125)
	  Index Cond: ((id >= 8576140) AND (id <= 8576240))

table 8 : explain SELECT id, c FROM sbtest8 WHERE id BETWEEN 8576140 AND 8576240
	Index Scan using sbtest8_pkey on sbtest8  (cost=0.43..396.47 rows=99 width=125)
	  Index Cond: ((id >= 8576140) AND (id <= 8576240))

explain: for range-notcovered :: explain SELECT id, c FROM sbtest%d WHERE id BETWEEN 2294595 AND 2294695
explain: for range-notcovered :: explain SELECT id, c FROM sbtest%d WHERE id BETWEEN 8576140 AND 8576240
for range-notcovered
table 1 : explain SELECT id, c FROM sbtest1 WHERE id BETWEEN 6354241 AND 6354341
	Index Scan using sbtest1_pkey on sbtest1  (cost=0.43..369.30 rows=92 width=125)
	  Index Cond: ((id >= 6354241) AND (id <= 6354341))

table 2 : explain SELECT id, c FROM sbtest2 WHERE id BETWEEN 6354241 AND 6354341
	Index Scan using sbtest2_pkey on sbtest2  (cost=0.43..395.94 rows=99 width=125)
	  Index Cond: ((id >= 6354241) AND (id <= 6354341))

table 3 : explain SELECT id, c FROM sbtest3 WHERE id BETWEEN 6354241 AND 6354341
	Index Scan using sbtest3_pkey on sbtest3  (cost=0.43..428.42 rows=107 width=125)
	  Index Cond: ((id >= 6354241) AND (id <= 6354341))

table 4 : explain SELECT id, c FROM sbtest4 WHERE id BETWEEN 6354241 AND 6354341
	Index Scan using sbtest4_pkey on sbtest4  (cost=0.43..444.24 rows=111 width=125)
	  Index Cond: ((id >= 6354241) AND (id <= 6354341))

table 5 : explain SELECT id, c FROM sbtest5 WHERE id BETWEEN 6354241 AND 6354341
	Index Scan using sbtest5_pkey on sbtest5  (cost=0.43..427.58 rows=107 width=125)
	  Index Cond: ((id >= 6354241) AND (id <= 6354341))

table 6 : explain SELECT id, c FROM sbtest6 WHERE id BETWEEN 6354241 AND 6354341
	Index Scan using sbtest6_pkey on sbtest6  (cost=0.43..431.43 rows=108 width=125)
	  Index Cond: ((id >= 6354241) AND (id <= 6354341))

table 7 : explain SELECT id, c FROM sbtest7 WHERE id BETWEEN 6354241 AND 6354341
	Index Scan using sbtest7_pkey on sbtest7  (cost=0.43..379.71 rows=95 width=125)
	  Index Cond: ((id >= 6354241) AND (id <= 6354341))

table 8 : explain SELECT id, c FROM sbtest8 WHERE id BETWEEN 6354241 AND 6354341
	Index Scan using sbtest8_pkey on sbtest8  (cost=0.43..404.39 rows=101 width=125)
	  Index Cond: ((id >= 6354241) AND (id <= 6354341))

for range-notcovered
table 1 : explain SELECT id, c FROM sbtest1 WHERE id BETWEEN 7581613 AND 7581713
	Index Scan using sbtest1_pkey on sbtest1  (cost=0.43..408.96 rows=102 width=125)
	  Index Cond: ((id >= 7581613) AND (id <= 7581713))

table 2 : explain SELECT id, c FROM sbtest2 WHERE id BETWEEN 7581613 AND 7581713
	Index Scan using sbtest2_pkey on sbtest2  (cost=0.43..443.40 rows=111 width=125)
	  Index Cond: ((id >= 7581613) AND (id <= 7581713))

table 3 : explain SELECT id, c FROM sbtest3 WHERE id BETWEEN 7581613 AND 7581713
	Index Scan using sbtest3_pkey on sbtest3  (cost=0.43..460.12 rows=115 width=125)
	  Index Cond: ((id >= 7581613) AND (id <= 7581713))

table 4 : explain SELECT id, c FROM sbtest4 WHERE id BETWEEN 7581613 AND 7581713
	Index Scan using sbtest4_pkey on sbtest4  (cost=0.43..420.47 rows=105 width=125)
	  Index Cond: ((id >= 7581613) AND (id <= 7581713))

table 5 : explain SELECT id, c FROM sbtest5 WHERE id BETWEEN 7581613 AND 7581713
	Index Scan using sbtest5_pkey on sbtest5  (cost=0.43..376.17 rows=94 width=125)
	  Index Cond: ((id >= 7581613) AND (id <= 7581713))

table 6 : explain SELECT id, c FROM sbtest6 WHERE id BETWEEN 7581613 AND 7581713
	Index Scan using sbtest6_pkey on sbtest6  (cost=0.43..407.71 rows=102 width=125)
	  Index Cond: ((id >= 7581613) AND (id <= 7581713))

table 7 : explain SELECT id, c FROM sbtest7 WHERE id BETWEEN 7581613 AND 7581713
	Index Scan using sbtest7_pkey on sbtest7  (cost=0.43..411.32 rows=103 width=125)
	  Index Cond: ((id >= 7581613) AND (id <= 7581713))

table 8 : explain SELECT id, c FROM sbtest8 WHERE id BETWEEN 7581613 AND 7581713
	Index Scan using sbtest8_pkey on sbtest8  (cost=0.43..388.54 rows=97 width=125)
	  Index Cond: ((id >= 7581613) AND (id <= 7581713))

explain: for range-notcovered :: explain SELECT id, c FROM sbtest%d WHERE id BETWEEN 7581613 AND 7581713
explain: for range-notcovered :: explain SELECT id, c FROM sbtest%d WHERE id BETWEEN 6354241 AND 6354341
explain: for range-notcovered :: explain SELECT id, c FROM sbtest%d WHERE id BETWEEN 8933973 AND 8934073
for range-notcovered
table 1 : explain SELECT id, c FROM sbtest1 WHERE id BETWEEN 8576140 AND 8576240
	Index Scan using sbtest1_pkey on sbtest1  (cost=0.43..412.93 rows=103 width=125)
	  Index Cond: ((id >= 8576140) AND (id <= 8576240))

table 2 : explain SELECT id, c FROM sbtest2 WHERE id BETWEEN 8576140 AND 8576240
	Index Scan using sbtest2_pkey on sbtest2  (cost=0.43..380.13 rows=95 width=125)
	  Index Cond: ((id >= 8576140) AND (id <= 8576240))

table 3 : explain SELECT id, c FROM sbtest3 WHERE id BETWEEN 8576140 AND 8576240
	Index Scan using sbtest3_pkey on sbtest3  (cost=0.43..420.50 rows=105 width=125)
	  Index Cond: ((id >= 8576140) AND (id <= 8576240))

table 4 : explain SELECT id, c FROM sbtest4 WHERE id BETWEEN 8576140 AND 8576240
	Index Scan using sbtest4_pkey on sbtest4  (cost=0.43..420.47 rows=105 width=125)
	  Index Cond: ((id >= 8576140) AND (id <= 8576240))

table 5 : explain SELECT id, c FROM sbtest5 WHERE id BETWEEN 8576140 AND 8576240
	Index Scan using sbtest5_pkey on sbtest5  (cost=0.43..447.35 rows=112 width=125)
	  Index Cond: ((id >= 8576140) AND (id <= 8576240))

table 6 : explain SELECT id, c FROM sbtest6 WHERE id BETWEEN 8576140 AND 8576240
	Index Scan using sbtest6_pkey on sbtest6  (cost=0.43..419.57 rows=105 width=125)
	  Index Cond: ((id >= 8576140) AND (id <= 8576240))

table 7 : explain SELECT id, c FROM sbtest7 WHERE id BETWEEN 8576140 AND 8576240
	Index Scan using sbtest7_pkey on sbtest7  (cost=0.43..371.81 rows=93 width=125)
	  Index Cond: ((id >= 8576140) AND (id <= 8576240))

table 8 : explain SELECT id, c FROM sbtest8 WHERE id BETWEEN 8576140 AND 8576240
	Index Scan using sbtest8_pkey on sbtest8  (cost=0.43..396.47 rows=99 width=125)
	  Index Cond: ((id >= 8576140) AND (id <= 8576240))

explain: for range-notcovered :: explain SELECT id, c FROM sbtest%d WHERE id BETWEEN 8576140 AND 8576240
for range-notcovered
table 1 : explain SELECT id, c FROM sbtest1 WHERE id BETWEEN 7581613 AND 7581713
	Index Scan using sbtest1_pkey on sbtest1  (cost=0.43..408.96 rows=102 width=125)
	  Index Cond: ((id >= 7581613) AND (id <= 7581713))

table 2 : explain SELECT id, c FROM sbtest2 WHERE id BETWEEN 7581613 AND 7581713
	Index Scan using sbtest2_pkey on sbtest2  (cost=0.43..443.40 rows=111 width=125)
	  Index Cond: ((id >= 7581613) AND (id <= 7581713))

table 3 : explain SELECT id, c FROM sbtest3 WHERE id BETWEEN 7581613 AND 7581713
	Index Scan using sbtest3_pkey on sbtest3  (cost=0.43..460.12 rows=115 width=125)
	  Index Cond: ((id >= 7581613) AND (id <= 7581713))

table 4 : explain SELECT id, c FROM sbtest4 WHERE id BETWEEN 7581613 AND 7581713
	Index Scan using sbtest4_pkey on sbtest4  (cost=0.43..420.47 rows=105 width=125)
	  Index Cond: ((id >= 7581613) AND (id <= 7581713))

table 5 : explain SELECT id, c FROM sbtest5 WHERE id BETWEEN 7581613 AND 7581713
	Index Scan using sbtest5_pkey on sbtest5  (cost=0.43..376.17 rows=94 width=125)
	  Index Cond: ((id >= 7581613) AND (id <= 7581713))

table 6 : explain SELECT id, c FROM sbtest6 WHERE id BETWEEN 7581613 AND 7581713
	Index Scan using sbtest6_pkey on sbtest6  (cost=0.43..407.71 rows=102 width=125)
	  Index Cond: ((id >= 7581613) AND (id <= 7581713))

table 7 : explain SELECT id, c FROM sbtest7 WHERE id BETWEEN 7581613 AND 7581713
	Index Scan using sbtest7_pkey on sbtest7  (cost=0.43..411.32 rows=103 width=125)
	  Index Cond: ((id >= 7581613) AND (id <= 7581713))

table 8 : explain SELECT id, c FROM sbtest8 WHERE id BETWEEN 7581613 AND 7581713
	Index Scan using sbtest8_pkey on sbtest8  (cost=0.43..388.54 rows=97 width=125)
	  Index Cond: ((id >= 7581613) AND (id <= 7581713))

explain: for range-notcovered :: explain SELECT id, c FROM sbtest%d WHERE id BETWEEN 7581613 AND 7581713
for range-notcovered
table 1 : explain SELECT id, c FROM sbtest1 WHERE id BETWEEN 2294595 AND 2294695
	Index Scan using sbtest1_pkey on sbtest1  (cost=0.43..424.83 rows=106 width=125)
	  Index Cond: ((id >= 2294595) AND (id <= 2294695))

table 2 : explain SELECT id, c FROM sbtest2 WHERE id BETWEEN 2294595 AND 2294695
	Index Scan using sbtest2_pkey on sbtest2  (cost=0.43..439.45 rows=110 width=125)
	  Index Cond: ((id >= 2294595) AND (id <= 2294695))

table 3 : explain SELECT id, c FROM sbtest3 WHERE id BETWEEN 2294595 AND 2294695
	Index Scan using sbtest3_pkey on sbtest3  (cost=0.43..428.42 rows=107 width=125)
	  Index Cond: ((id >= 2294595) AND (id <= 2294695))

table 4 : explain SELECT id, c FROM sbtest4 WHERE id BETWEEN 2294595 AND 2294695
	Index Scan using sbtest4_pkey on sbtest4  (cost=0.43..404.63 rows=101 width=125)
	  Index Cond: ((id >= 2294595) AND (id <= 2294695))

table 5 : explain SELECT id, c FROM sbtest5 WHERE id BETWEEN 2294595 AND 2294695
	Index Scan using sbtest5_pkey on sbtest5  (cost=0.43..403.86 rows=101 width=125)
	  Index Cond: ((id >= 2294595) AND (id <= 2294695))

table 6 : explain SELECT id, c FROM sbtest6 WHERE id BETWEEN 2294595 AND 2294695
	Index Scan using sbtest6_pkey on sbtest6  (cost=0.43..439.33 rows=110 width=125)
	  Index Cond: ((id >= 2294595) AND (id <= 2294695))

table 7 : explain SELECT id, c FROM sbtest7 WHERE id BETWEEN 2294595 AND 2294695
	Index Scan using sbtest7_pkey on sbtest7  (cost=0.43..411.32 rows=103 width=125)
	  Index Cond: ((id >= 2294595) AND (id <= 2294695))

table 8 : explain SELECT id, c FROM sbtest8 WHERE id BETWEEN 2294595 AND 2294695
	Index Scan using sbtest8_pkey on sbtest8  (cost=0.43..392.50 rows=98 width=125)
	  Index Cond: ((id >= 2294595) AND (id <= 2294695))

for range-notcovered
table 1 : explain SELECT id, c FROM sbtest1 WHERE id BETWEEN 6354241 AND 6354341
	Index Scan using sbtest1_pkey on sbtest1  (cost=0.43..369.30 rows=92 width=125)
	  Index Cond: ((id >= 6354241) AND (id <= 6354341))

table 2 : explain SELECT id, c FROM sbtest2 WHERE id BETWEEN 6354241 AND 6354341
	Index Scan using sbtest2_pkey on sbtest2  (cost=0.43..395.94 rows=99 width=125)
	  Index Cond: ((id >= 6354241) AND (id <= 6354341))

table 3 : explain SELECT id, c FROM sbtest3 WHERE id BETWEEN 6354241 AND 6354341
	Index Scan using sbtest3_pkey on sbtest3  (cost=0.43..428.42 rows=107 width=125)
	  Index Cond: ((id >= 6354241) AND (id <= 6354341))

table 4 : explain SELECT id, c FROM sbtest4 WHERE id BETWEEN 6354241 AND 6354341
	Index Scan using sbtest4_pkey on sbtest4  (cost=0.43..444.24 rows=111 width=125)
	  Index Cond: ((id >= 6354241) AND (id <= 6354341))

table 5 : explain SELECT id, c FROM sbtest5 WHERE id BETWEEN 6354241 AND 6354341
	Index Scan using sbtest5_pkey on sbtest5  (cost=0.43..427.58 rows=107 width=125)
	  Index Cond: ((id >= 6354241) AND (id <= 6354341))

table 6 : explain SELECT id, c FROM sbtest6 WHERE id BETWEEN 6354241 AND 6354341
	Index Scan using sbtest6_pkey on sbtest6  (cost=0.43..431.43 rows=108 width=125)
	  Index Cond: ((id >= 6354241) AND (id <= 6354341))

table 7 : explain SELECT id, c FROM sbtest7 WHERE id BETWEEN 6354241 AND 6354341
	Index Scan using sbtest7_pkey on sbtest7  (cost=0.43..379.71 rows=95 width=125)
	  Index Cond: ((id >= 6354241) AND (id <= 6354341))

table 8 : explain SELECT id, c FROM sbtest8 WHERE id BETWEEN 6354241 AND 6354341
	Index Scan using sbtest8_pkey on sbtest8  (cost=0.43..404.39 rows=101 width=125)
	  Index Cond: ((id >= 6354241) AND (id <= 6354341))

explain: for range-notcovered :: explain SELECT id, c FROM sbtest%d WHERE id BETWEEN 6354241 AND 6354341
for range-notcovered
table 1 : explain SELECT id, c FROM sbtest1 WHERE id BETWEEN 8576140 AND 8576240
	Index Scan using sbtest1_pkey on sbtest1  (cost=0.43..412.93 rows=103 width=125)
	  Index Cond: ((id >= 8576140) AND (id <= 8576240))

table 2 : explain SELECT id, c FROM sbtest2 WHERE id BETWEEN 8576140 AND 8576240
	Index Scan using sbtest2_pkey on sbtest2  (cost=0.43..380.13 rows=95 width=125)
	  Index Cond: ((id >= 8576140) AND (id <= 8576240))

table 3 : explain SELECT id, c FROM sbtest3 WHERE id BETWEEN 8576140 AND 8576240
	Index Scan using sbtest3_pkey on sbtest3  (cost=0.43..420.50 rows=105 width=125)
	  Index Cond: ((id >= 8576140) AND (id <= 8576240))

table 4 : explain SELECT id, c FROM sbtest4 WHERE id BETWEEN 8576140 AND 8576240
	Index Scan using sbtest4_pkey on sbtest4  (cost=0.43..420.47 rows=105 width=125)
	  Index Cond: ((id >= 8576140) AND (id <= 8576240))

table 5 : explain SELECT id, c FROM sbtest5 WHERE id BETWEEN 8576140 AND 8576240
	Index Scan using sbtest5_pkey on sbtest5  (cost=0.43..447.35 rows=112 width=125)
	  Index Cond: ((id >= 8576140) AND (id <= 8576240))

table 6 : explain SELECT id, c FROM sbtest6 WHERE id BETWEEN 8576140 AND 8576240
	Index Scan using sbtest6_pkey on sbtest6  (cost=0.43..419.57 rows=105 width=125)
	  Index Cond: ((id >= 8576140) AND (id <= 8576240))

table 7 : explain SELECT id, c FROM sbtest7 WHERE id BETWEEN 8576140 AND 8576240
	Index Scan using sbtest7_pkey on sbtest7  (cost=0.43..371.81 rows=93 width=125)
	  Index Cond: ((id >= 8576140) AND (id <= 8576240))

table 8 : explain SELECT id, c FROM sbtest8 WHERE id BETWEEN 8576140 AND 8576240
	Index Scan using sbtest8_pkey on sbtest8  (cost=0.43..396.47 rows=99 width=125)
	  Index Cond: ((id >= 8576140) AND (id <= 8576240))

explain: for range-notcovered :: explain SELECT id, c FROM sbtest%d WHERE id BETWEEN 8576140 AND 8576240
explain: for range-notcovered :: explain SELECT id, c FROM sbtest%d WHERE id BETWEEN 2294595 AND 2294695
for range-notcovered
table 1 : explain SELECT id, c FROM sbtest1 WHERE id BETWEEN 3707028 AND 3707128
	Index Scan using sbtest1_pkey on sbtest1  (cost=0.43..432.76 rows=108 width=125)
	  Index Cond: ((id >= 3707028) AND (id <= 3707128))

table 2 : explain SELECT id, c FROM sbtest2 WHERE id BETWEEN 3707028 AND 3707128
	Index Scan using sbtest2_pkey on sbtest2  (cost=0.43..411.77 rows=103 width=125)
	  Index Cond: ((id >= 3707028) AND (id <= 3707128))

table 3 : explain SELECT id, c FROM sbtest3 WHERE id BETWEEN 3707028 AND 3707128
	Index Scan using sbtest3_pkey on sbtest3  (cost=0.43..392.76 rows=98 width=125)
	  Index Cond: ((id >= 3707028) AND (id <= 3707128))

table 4 : explain SELECT id, c FROM sbtest4 WHERE id BETWEEN 3707028 AND 3707128
	Index Scan using sbtest4_pkey on sbtest4  (cost=0.43..400.66 rows=100 width=125)
	  Index Cond: ((id >= 3707028) AND (id <= 3707128))

table 5 : explain SELECT id, c FROM sbtest5 WHERE id BETWEEN 3707028 AND 3707128
	Index Scan using sbtest5_pkey on sbtest5  (cost=0.43..459.21 rows=115 width=125)
	  Index Cond: ((id >= 3707028) AND (id <= 3707128))

table 6 : explain SELECT id, c FROM sbtest6 WHERE id BETWEEN 3707028 AND 3707128
	Index Scan using sbtest6_pkey on sbtest6  (cost=0.43..399.81 rows=100 width=125)
	  Index Cond: ((id >= 3707028) AND (id <= 3707128))

table 7 : explain SELECT id, c FROM sbtest7 WHERE id BETWEEN 3707028 AND 3707128
	Index Scan using sbtest7_pkey on sbtest7  (cost=0.43..395.52 rows=99 width=125)
	  Index Cond: ((id >= 3707028) AND (id <= 3707128))

table 8 : explain SELECT id, c FROM sbtest8 WHERE id BETWEEN 3707028 AND 3707128
	Index Scan using sbtest8_pkey on sbtest8  (cost=0.43..432.10 rows=108 width=125)
	  Index Cond: ((id >= 3707028) AND (id <= 3707128))

explain: for range-notcovered :: explain SELECT id, c FROM sbtest%d WHERE id BETWEEN 3707028 AND 3707128
for range-notcovered
table 1 : explain SELECT id, c FROM sbtest1 WHERE id BETWEEN 6354241 AND 6354341
	Index Scan using sbtest1_pkey on sbtest1  (cost=0.43..369.30 rows=92 width=125)
	  Index Cond: ((id >= 6354241) AND (id <= 6354341))

table 2 : explain SELECT id, c FROM sbtest2 WHERE id BETWEEN 6354241 AND 6354341
	Index Scan using sbtest2_pkey on sbtest2  (cost=0.43..395.94 rows=99 width=125)
	  Index Cond: ((id >= 6354241) AND (id <= 6354341))

table 3 : explain SELECT id, c FROM sbtest3 WHERE id BETWEEN 6354241 AND 6354341
	Index Scan using sbtest3_pkey on sbtest3  (cost=0.43..428.42 rows=107 width=125)
	  Index Cond: ((id >= 6354241) AND (id <= 6354341))

table 4 : explain SELECT id, c FROM sbtest4 WHERE id BETWEEN 6354241 AND 6354341
	Index Scan using sbtest4_pkey on sbtest4  (cost=0.43..444.24 rows=111 width=125)
	  Index Cond: ((id >= 6354241) AND (id <= 6354341))

table 5 : explain SELECT id, c FROM sbtest5 WHERE id BETWEEN 6354241 AND 6354341
	Index Scan using sbtest5_pkey on sbtest5  (cost=0.43..427.58 rows=107 width=125)
	  Index Cond: ((id >= 6354241) AND (id <= 6354341))

table 6 : explain SELECT id, c FROM sbtest6 WHERE id BETWEEN 6354241 AND 6354341
	Index Scan using sbtest6_pkey on sbtest6  (cost=0.43..431.43 rows=108 width=125)
	  Index Cond: ((id >= 6354241) AND (id <= 6354341))

table 7 : explain SELECT id, c FROM sbtest7 WHERE id BETWEEN 6354241 AND 6354341
	Index Scan using sbtest7_pkey on sbtest7  (cost=0.43..379.71 rows=95 width=125)
	  Index Cond: ((id >= 6354241) AND (id <= 6354341))

table 8 : explain SELECT id, c FROM sbtest8 WHERE id BETWEEN 6354241 AND 6354341
	Index Scan using sbtest8_pkey on sbtest8  (cost=0.43..404.39 rows=101 width=125)
	  Index Cond: ((id >= 6354241) AND (id <= 6354341))

explain: for range-notcovered :: explain SELECT id, c FROM sbtest%d WHERE id BETWEEN 6354241 AND 6354341
explain: for range-notcovered :: explain SELECT id, c FROM sbtest%d WHERE id BETWEEN 7607953 AND 7608053
for range-notcovered
table 1 : explain SELECT id, c FROM sbtest1 WHERE id BETWEEN 3772168 AND 3772268
	Index Scan using sbtest1_pkey on sbtest1  (cost=0.43..432.76 rows=108 width=125)
	  Index Cond: ((id >= 3772168) AND (id <= 3772268))

table 2 : explain SELECT id, c FROM sbtest2 WHERE id BETWEEN 3772168 AND 3772268
	Index Scan using sbtest2_pkey on sbtest2  (cost=0.43..411.77 rows=103 width=125)
	  Index Cond: ((id >= 3772168) AND (id <= 3772268))

table 3 : explain SELECT id, c FROM sbtest3 WHERE id BETWEEN 3772168 AND 3772268
	Index Scan using sbtest3_pkey on sbtest3  (cost=0.43..420.50 rows=105 width=125)
	  Index Cond: ((id >= 3772168) AND (id <= 3772268))

table 4 : explain SELECT id, c FROM sbtest4 WHERE id BETWEEN 3772168 AND 3772268
	Index Scan using sbtest4_pkey on sbtest4  (cost=0.43..384.80 rows=96 width=125)
	  Index Cond: ((id >= 3772168) AND (id <= 3772268))

table 5 : explain SELECT id, c FROM sbtest5 WHERE id BETWEEN 3772168 AND 3772268
	Index Scan using sbtest5_pkey on sbtest5  (cost=0.43..427.58 rows=107 width=125)
	  Index Cond: ((id >= 3772168) AND (id <= 3772268))

table 6 : explain SELECT id, c FROM sbtest6 WHERE id BETWEEN 3772168 AND 3772268
	Index Scan using sbtest6_pkey on sbtest6  (cost=0.43..376.08 rows=94 width=125)
	  Index Cond: ((id >= 3772168) AND (id <= 3772268))

table 7 : explain SELECT id, c FROM sbtest7 WHERE id BETWEEN 3772168 AND 3772268
	Index Scan using sbtest7_pkey on sbtest7  (cost=0.43..395.52 rows=99 width=125)
	  Index Cond: ((id >= 3772168) AND (id <= 3772268))

table 8 : explain SELECT id, c FROM sbtest8 WHERE id BETWEEN 3772168 AND 3772268
	Index Scan using sbtest8_pkey on sbtest8  (cost=0.43..412.31 rows=103 width=125)
	  Index Cond: ((id >= 3772168) AND (id <= 3772268))

explain: for range-notcovered :: explain SELECT id, c FROM sbtest%d WHERE id BETWEEN 3772168 AND 3772268
for range-notcovered
table 1 : explain SELECT id, c FROM sbtest1 WHERE id BETWEEN 6354241 AND 6354341
	Index Scan using sbtest1_pkey on sbtest1  (cost=0.43..369.30 rows=92 width=125)
	  Index Cond: ((id >= 6354241) AND (id <= 6354341))

table 2 : explain SELECT id, c FROM sbtest2 WHERE id BETWEEN 6354241 AND 6354341
	Index Scan using sbtest2_pkey on sbtest2  (cost=0.43..395.94 rows=99 width=125)
	  Index Cond: ((id >= 6354241) AND (id <= 6354341))

table 3 : explain SELECT id, c FROM sbtest3 WHERE id BETWEEN 6354241 AND 6354341
	Index Scan using sbtest3_pkey on sbtest3  (cost=0.43..428.42 rows=107 width=125)
	  Index Cond: ((id >= 6354241) AND (id <= 6354341))

table 4 : explain SELECT id, c FROM sbtest4 WHERE id BETWEEN 6354241 AND 6354341
	Index Scan using sbtest4_pkey on sbtest4  (cost=0.43..444.24 rows=111 width=125)
	  Index Cond: ((id >= 6354241) AND (id <= 6354341))

table 5 : explain SELECT id, c FROM sbtest5 WHERE id BETWEEN 6354241 AND 6354341
	Index Scan using sbtest5_pkey on sbtest5  (cost=0.43..427.58 rows=107 width=125)
	  Index Cond: ((id >= 6354241) AND (id <= 6354341))

table 6 : explain SELECT id, c FROM sbtest6 WHERE id BETWEEN 6354241 AND 6354341
	Index Scan using sbtest6_pkey on sbtest6  (cost=0.43..431.43 rows=108 width=125)
	  Index Cond: ((id >= 6354241) AND (id <= 6354341))

table 7 : explain SELECT id, c FROM sbtest7 WHERE id BETWEEN 6354241 AND 6354341
	Index Scan using sbtest7_pkey on sbtest7  (cost=0.43..379.71 rows=95 width=125)
	  Index Cond: ((id >= 6354241) AND (id <= 6354341))

table 8 : explain SELECT id, c FROM sbtest8 WHERE id BETWEEN 6354241 AND 6354341
	Index Scan using sbtest8_pkey on sbtest8  (cost=0.43..404.39 rows=101 width=125)
	  Index Cond: ((id >= 6354241) AND (id <= 6354341))

explain: for range-notcovered :: explain SELECT id, c FROM sbtest%d WHERE id BETWEEN 8573992 AND 8574092
explain: for range-notcovered :: explain SELECT id, c FROM sbtest%d WHERE id BETWEEN 6354241 AND 6354341
for range-notcovered
table 1 : explain SELECT id, c FROM sbtest1 WHERE id BETWEEN 2294595 AND 2294695
	Index Scan using sbtest1_pkey on sbtest1  (cost=0.43..424.83 rows=106 width=125)
	  Index Cond: ((id >= 2294595) AND (id <= 2294695))

table 2 : explain SELECT id, c FROM sbtest2 WHERE id BETWEEN 2294595 AND 2294695
	Index Scan using sbtest2_pkey on sbtest2  (cost=0.43..439.45 rows=110 width=125)
	  Index Cond: ((id >= 2294595) AND (id <= 2294695))

table 3 : explain SELECT id, c FROM sbtest3 WHERE id BETWEEN 2294595 AND 2294695
	Index Scan using sbtest3_pkey on sbtest3  (cost=0.43..428.42 rows=107 width=125)
	  Index Cond: ((id >= 2294595) AND (id <= 2294695))

table 4 : explain SELECT id, c FROM sbtest4 WHERE id BETWEEN 2294595 AND 2294695
	Index Scan using sbtest4_pkey on sbtest4  (cost=0.43..404.63 rows=101 width=125)
	  Index Cond: ((id >= 2294595) AND (id <= 2294695))

table 5 : explain SELECT id, c FROM sbtest5 WHERE id BETWEEN 2294595 AND 2294695
	Index Scan using sbtest5_pkey on sbtest5  (cost=0.43..403.86 rows=101 width=125)
	  Index Cond: ((id >= 2294595) AND (id <= 2294695))

table 6 : explain SELECT id, c FROM sbtest6 WHERE id BETWEEN 2294595 AND 2294695
	Index Scan using sbtest6_pkey on sbtest6  (cost=0.43..439.33 rows=110 width=125)
	  Index Cond: ((id >= 2294595) AND (id <= 2294695))

table 7 : explain SELECT id, c FROM sbtest7 WHERE id BETWEEN 2294595 AND 2294695
	Index Scan using sbtest7_pkey on sbtest7  (cost=0.43..411.32 rows=103 width=125)
	  Index Cond: ((id >= 2294595) AND (id <= 2294695))

table 8 : explain SELECT id, c FROM sbtest8 WHERE id BETWEEN 2294595 AND 2294695
	Index Scan using sbtest8_pkey on sbtest8  (cost=0.43..392.50 rows=98 width=125)
	  Index Cond: ((id >= 2294595) AND (id <= 2294695))

for range-notcovered
table 1 : explain SELECT id, c FROM sbtest1 WHERE id BETWEEN 3707028 AND 3707128
	Index Scan using sbtest1_pkey on sbtest1  (cost=0.43..432.76 rows=108 width=125)
	  Index Cond: ((id >= 3707028) AND (id <= 3707128))

table 2 : explain SELECT id, c FROM sbtest2 WHERE id BETWEEN 3707028 AND 3707128
	Index Scan using sbtest2_pkey on sbtest2  (cost=0.43..411.77 rows=103 width=125)
	  Index Cond: ((id >= 3707028) AND (id <= 3707128))

table 3 : explain SELECT id, c FROM sbtest3 WHERE id BETWEEN 3707028 AND 3707128
	Index Scan using sbtest3_pkey on sbtest3  (cost=0.43..392.76 rows=98 width=125)
	  Index Cond: ((id >= 3707028) AND (id <= 3707128))

table 4 : explain SELECT id, c FROM sbtest4 WHERE id BETWEEN 3707028 AND 3707128
	Index Scan using sbtest4_pkey on sbtest4  (cost=0.43..400.66 rows=100 width=125)
	  Index Cond: ((id >= 3707028) AND (id <= 3707128))

table 5 : explain SELECT id, c FROM sbtest5 WHERE id BETWEEN 3707028 AND 3707128
	Index Scan using sbtest5_pkey on sbtest5  (cost=0.43..459.21 rows=115 width=125)
	  Index Cond: ((id >= 3707028) AND (id <= 3707128))

table 6 : explain SELECT id, c FROM sbtest6 WHERE id BETWEEN 3707028 AND 3707128
	Index Scan using sbtest6_pkey on sbtest6  (cost=0.43..399.81 rows=100 width=125)
	  Index Cond: ((id >= 3707028) AND (id <= 3707128))

table 7 : explain SELECT id, c FROM sbtest7 WHERE id BETWEEN 3707028 AND 3707128
	Index Scan using sbtest7_pkey on sbtest7  (cost=0.43..395.52 rows=99 width=125)
	  Index Cond: ((id >= 3707028) AND (id <= 3707128))

table 8 : explain SELECT id, c FROM sbtest8 WHERE id BETWEEN 3707028 AND 3707128
	Index Scan using sbtest8_pkey on sbtest8  (cost=0.43..432.10 rows=108 width=125)
	  Index Cond: ((id >= 3707028) AND (id <= 3707128))

explain: for range-notcovered :: explain SELECT id, c FROM sbtest%d WHERE id BETWEEN 3707028 AND 3707128
explain: for range-notcovered :: explain SELECT id, c FROM sbtest%d WHERE id BETWEEN 2294595 AND 2294695
for range-notcovered
table 1 : explain SELECT id, c FROM sbtest1 WHERE id BETWEEN 6354241 AND 6354341
	Index Scan using sbtest1_pkey on sbtest1  (cost=0.43..369.30 rows=92 width=125)
	  Index Cond: ((id >= 6354241) AND (id <= 6354341))

table 2 : explain SELECT id, c FROM sbtest2 WHERE id BETWEEN 6354241 AND 6354341
	Index Scan using sbtest2_pkey on sbtest2  (cost=0.43..395.94 rows=99 width=125)
	  Index Cond: ((id >= 6354241) AND (id <= 6354341))

table 3 : explain SELECT id, c FROM sbtest3 WHERE id BETWEEN 6354241 AND 6354341
	Index Scan using sbtest3_pkey on sbtest3  (cost=0.43..428.42 rows=107 width=125)
	  Index Cond: ((id >= 6354241) AND (id <= 6354341))

table 4 : explain SELECT id, c FROM sbtest4 WHERE id BETWEEN 6354241 AND 6354341
	Index Scan using sbtest4_pkey on sbtest4  (cost=0.43..444.24 rows=111 width=125)
	  Index Cond: ((id >= 6354241) AND (id <= 6354341))

table 5 : explain SELECT id, c FROM sbtest5 WHERE id BETWEEN 6354241 AND 6354341
	Index Scan using sbtest5_pkey on sbtest5  (cost=0.43..427.58 rows=107 width=125)
	  Index Cond: ((id >= 6354241) AND (id <= 6354341))

table 6 : explain SELECT id, c FROM sbtest6 WHERE id BETWEEN 6354241 AND 6354341
	Index Scan using sbtest6_pkey on sbtest6  (cost=0.43..431.43 rows=108 width=125)
	  Index Cond: ((id >= 6354241) AND (id <= 6354341))

table 7 : explain SELECT id, c FROM sbtest7 WHERE id BETWEEN 6354241 AND 6354341
	Index Scan using sbtest7_pkey on sbtest7  (cost=0.43..379.71 rows=95 width=125)
	  Index Cond: ((id >= 6354241) AND (id <= 6354341))

table 8 : explain SELECT id, c FROM sbtest8 WHERE id BETWEEN 6354241 AND 6354341
	Index Scan using sbtest8_pkey on sbtest8  (cost=0.43..404.39 rows=101 width=125)
	  Index Cond: ((id >= 6354241) AND (id <= 6354341))

for range-notcovered
table 1 : explain SELECT id, c FROM sbtest1 WHERE id BETWEEN 3707028 AND 3707128
	Index Scan using sbtest1_pkey on sbtest1  (cost=0.43..432.76 rows=108 width=125)
	  Index Cond: ((id >= 3707028) AND (id <= 3707128))

table 2 : explain SELECT id, c FROM sbtest2 WHERE id BETWEEN 3707028 AND 3707128
	Index Scan using sbtest2_pkey on sbtest2  (cost=0.43..411.77 rows=103 width=125)
	  Index Cond: ((id >= 3707028) AND (id <= 3707128))

table 3 : explain SELECT id, c FROM sbtest3 WHERE id BETWEEN 3707028 AND 3707128
	Index Scan using sbtest3_pkey on sbtest3  (cost=0.43..392.76 rows=98 width=125)
	  Index Cond: ((id >= 3707028) AND (id <= 3707128))

table 4 : explain SELECT id, c FROM sbtest4 WHERE id BETWEEN 3707028 AND 3707128
	Index Scan using sbtest4_pkey on sbtest4  (cost=0.43..400.66 rows=100 width=125)
	  Index Cond: ((id >= 3707028) AND (id <= 3707128))

table 5 : explain SELECT id, c FROM sbtest5 WHERE id BETWEEN 3707028 AND 3707128
	Index Scan using sbtest5_pkey on sbtest5  (cost=0.43..459.21 rows=115 width=125)
	  Index Cond: ((id >= 3707028) AND (id <= 3707128))

table 6 : explain SELECT id, c FROM sbtest6 WHERE id BETWEEN 3707028 AND 3707128
	Index Scan using sbtest6_pkey on sbtest6  (cost=0.43..399.81 rows=100 width=125)
	  Index Cond: ((id >= 3707028) AND (id <= 3707128))

table 7 : explain SELECT id, c FROM sbtest7 WHERE id BETWEEN 3707028 AND 3707128
	Index Scan using sbtest7_pkey on sbtest7  (cost=0.43..395.52 rows=99 width=125)
	  Index Cond: ((id >= 3707028) AND (id <= 3707128))

table 8 : explain SELECT id, c FROM sbtest8 WHERE id BETWEEN 3707028 AND 3707128
	Index Scan using sbtest8_pkey on sbtest8  (cost=0.43..432.10 rows=108 width=125)
	  Index Cond: ((id >= 3707028) AND (id <= 3707128))

explain: for range-notcovered :: explain SELECT id, c FROM sbtest%d WHERE id BETWEEN 6354241 AND 6354341
explain: for range-notcovered :: explain SELECT id, c FROM sbtest%d WHERE id BETWEEN 3707028 AND 3707128
for range-notcovered
table 1 : explain SELECT id, c FROM sbtest1 WHERE id BETWEEN 7581613 AND 7581713
	Index Scan using sbtest1_pkey on sbtest1  (cost=0.43..408.96 rows=102 width=125)
	  Index Cond: ((id >= 7581613) AND (id <= 7581713))

table 2 : explain SELECT id, c FROM sbtest2 WHERE id BETWEEN 7581613 AND 7581713
	Index Scan using sbtest2_pkey on sbtest2  (cost=0.43..443.40 rows=111 width=125)
	  Index Cond: ((id >= 7581613) AND (id <= 7581713))

table 3 : explain SELECT id, c FROM sbtest3 WHERE id BETWEEN 7581613 AND 7581713
	Index Scan using sbtest3_pkey on sbtest3  (cost=0.43..460.12 rows=115 width=125)
	  Index Cond: ((id >= 7581613) AND (id <= 7581713))

table 4 : explain SELECT id, c FROM sbtest4 WHERE id BETWEEN 7581613 AND 7581713
	Index Scan using sbtest4_pkey on sbtest4  (cost=0.43..420.47 rows=105 width=125)
	  Index Cond: ((id >= 7581613) AND (id <= 7581713))

table 5 : explain SELECT id, c FROM sbtest5 WHERE id BETWEEN 7581613 AND 7581713
	Index Scan using sbtest5_pkey on sbtest5  (cost=0.43..376.17 rows=94 width=125)
	  Index Cond: ((id >= 7581613) AND (id <= 7581713))

table 6 : explain SELECT id, c FROM sbtest6 WHERE id BETWEEN 7581613 AND 7581713
	Index Scan using sbtest6_pkey on sbtest6  (cost=0.43..407.71 rows=102 width=125)
	  Index Cond: ((id >= 7581613) AND (id <= 7581713))

table 7 : explain SELECT id, c FROM sbtest7 WHERE id BETWEEN 7581613 AND 7581713
	Index Scan using sbtest7_pkey on sbtest7  (cost=0.43..411.32 rows=103 width=125)
	  Index Cond: ((id >= 7581613) AND (id <= 7581713))

table 8 : explain SELECT id, c FROM sbtest8 WHERE id BETWEEN 7581613 AND 7581713
	Index Scan using sbtest8_pkey on sbtest8  (cost=0.43..388.54 rows=97 width=125)
	  Index Cond: ((id >= 7581613) AND (id <= 7581713))

for range-notcovered
table 1 : explain SELECT id, c FROM sbtest1 WHERE id BETWEEN 3156494 AND 3156594
	Index Scan using sbtest1_pkey on sbtest1  (cost=0.43..373.27 rows=93 width=125)
	  Index Cond: ((id >= 3156494) AND (id <= 3156594))

table 2 : explain SELECT id, c FROM sbtest2 WHERE id BETWEEN 3156494 AND 3156594
	Index Scan using sbtest2_pkey on sbtest2  (cost=0.43..403.87 rows=101 width=125)
	  Index Cond: ((id >= 3156494) AND (id <= 3156594))

table 3 : explain SELECT id, c FROM sbtest3 WHERE id BETWEEN 3156494 AND 3156594
	Index Scan using sbtest3_pkey on sbtest3  (cost=0.43..420.50 rows=105 width=125)
	  Index Cond: ((id >= 3156494) AND (id <= 3156594))

table 4 : explain SELECT id, c FROM sbtest4 WHERE id BETWEEN 3156494 AND 3156594
	Index Scan using sbtest4_pkey on sbtest4  (cost=0.43..416.51 rows=104 width=125)
	  Index Cond: ((id >= 3156494) AND (id <= 3156594))

table 5 : explain SELECT id, c FROM sbtest5 WHERE id BETWEEN 3156494 AND 3156594
	Index Scan using sbtest5_pkey on sbtest5  (cost=0.43..364.31 rows=91 width=125)
	  Index Cond: ((id >= 3156494) AND (id <= 3156594))

table 6 : explain SELECT id, c FROM sbtest6 WHERE id BETWEEN 3156494 AND 3156594
	Index Scan using sbtest6_pkey on sbtest6  (cost=0.43..403.76 rows=101 width=125)
	  Index Cond: ((id >= 3156494) AND (id <= 3156594))

table 7 : explain SELECT id, c FROM sbtest7 WHERE id BETWEEN 3156494 AND 3156594
	Index Scan using sbtest7_pkey on sbtest7  (cost=0.43..403.42 rows=101 width=125)
	  Index Cond: ((id >= 3156494) AND (id <= 3156594))

table 8 : explain SELECT id, c FROM sbtest8 WHERE id BETWEEN 3156494 AND 3156594
	Index Scan using sbtest8_pkey on sbtest8  (cost=0.43..380.62 rows=95 width=125)
	  Index Cond: ((id >= 3156494) AND (id <= 3156594))

for range-notcovered
table 1 : explain SELECT id, c FROM sbtest1 WHERE id BETWEEN 3772168 AND 3772268
	Index Scan using sbtest1_pkey on sbtest1  (cost=0.43..432.76 rows=108 width=125)
	  Index Cond: ((id >= 3772168) AND (id <= 3772268))

table 2 : explain SELECT id, c FROM sbtest2 WHERE id BETWEEN 3772168 AND 3772268
	Index Scan using sbtest2_pkey on sbtest2  (cost=0.43..411.77 rows=103 width=125)
	  Index Cond: ((id >= 3772168) AND (id <= 3772268))

table 3 : explain SELECT id, c FROM sbtest3 WHERE id BETWEEN 3772168 AND 3772268
	Index Scan using sbtest3_pkey on sbtest3  (cost=0.43..420.50 rows=105 width=125)
	  Index Cond: ((id >= 3772168) AND (id <= 3772268))

table 4 : explain SELECT id, c FROM sbtest4 WHERE id BETWEEN 3772168 AND 3772268
	Index Scan using sbtest4_pkey on sbtest4  (cost=0.43..384.80 rows=96 width=125)
	  Index Cond: ((id >= 3772168) AND (id <= 3772268))

table 5 : explain SELECT id, c FROM sbtest5 WHERE id BETWEEN 3772168 AND 3772268
	Index Scan using sbtest5_pkey on sbtest5  (cost=0.43..427.58 rows=107 width=125)
	  Index Cond: ((id >= 3772168) AND (id <= 3772268))

table 6 : explain SELECT id, c FROM sbtest6 WHERE id BETWEEN 3772168 AND 3772268
	Index Scan using sbtest6_pkey on sbtest6  (cost=0.43..376.08 rows=94 width=125)
	  Index Cond: ((id >= 3772168) AND (id <= 3772268))

table 7 : explain SELECT id, c FROM sbtest7 WHERE id BETWEEN 3772168 AND 3772268
	Index Scan using sbtest7_pkey on sbtest7  (cost=0.43..395.52 rows=99 width=125)
	  Index Cond: ((id >= 3772168) AND (id <= 3772268))

table 8 : explain SELECT id, c FROM sbtest8 WHERE id BETWEEN 3772168 AND 3772268
	Index Scan using sbtest8_pkey on sbtest8  (cost=0.43..412.31 rows=103 width=125)
	  Index Cond: ((id >= 3772168) AND (id <= 3772268))

explain: for range-notcovered :: explain SELECT id, c FROM sbtest%d WHERE id BETWEEN 6496772 AND 6496872
explain: for range-notcovered :: explain SELECT id, c FROM sbtest%d WHERE id BETWEEN 3772168 AND 3772268
for range-notcovered
table 1 : explain SELECT id, c FROM sbtest1 WHERE id BETWEEN 8576140 AND 8576240
	Index Scan using sbtest1_pkey on sbtest1  (cost=0.43..412.93 rows=103 width=125)
	  Index Cond: ((id >= 8576140) AND (id <= 8576240))

table 2 : explain SELECT id, c FROM sbtest2 WHERE id BETWEEN 8576140 AND 8576240
	Index Scan using sbtest2_pkey on sbtest2  (cost=0.43..380.13 rows=95 width=125)
	  Index Cond: ((id >= 8576140) AND (id <= 8576240))

table 3 : explain SELECT id, c FROM sbtest3 WHERE id BETWEEN 8576140 AND 8576240
	Index Scan using sbtest3_pkey on sbtest3  (cost=0.43..420.50 rows=105 width=125)
	  Index Cond: ((id >= 8576140) AND (id <= 8576240))

table 4 : explain SELECT id, c FROM sbtest4 WHERE id BETWEEN 8576140 AND 8576240
	Index Scan using sbtest4_pkey on sbtest4  (cost=0.43..420.47 rows=105 width=125)
	  Index Cond: ((id >= 8576140) AND (id <= 8576240))

table 5 : explain SELECT id, c FROM sbtest5 WHERE id BETWEEN 8576140 AND 8576240
	Index Scan using sbtest5_pkey on sbtest5  (cost=0.43..447.35 rows=112 width=125)
	  Index Cond: ((id >= 8576140) AND (id <= 8576240))

table 6 : explain SELECT id, c FROM sbtest6 WHERE id BETWEEN 8576140 AND 8576240
	Index Scan using sbtest6_pkey on sbtest6  (cost=0.43..419.57 rows=105 width=125)
	  Index Cond: ((id >= 8576140) AND (id <= 8576240))

table 7 : explain SELECT id, c FROM sbtest7 WHERE id BETWEEN 8576140 AND 8576240
	Index Scan using sbtest7_pkey on sbtest7  (cost=0.43..371.81 rows=93 width=125)
	  Index Cond: ((id >= 8576140) AND (id <= 8576240))

table 8 : explain SELECT id, c FROM sbtest8 WHERE id BETWEEN 8576140 AND 8576240
	Index Scan using sbtest8_pkey on sbtest8  (cost=0.43..396.47 rows=99 width=125)
	  Index Cond: ((id >= 8576140) AND (id <= 8576240))

explain: for range-notcovered :: explain SELECT id, c FROM sbtest%d WHERE id BETWEEN 3156494 AND 3156594
explain: for range-notcovered :: explain SELECT id, c FROM sbtest%d WHERE id BETWEEN 6445698 AND 6445798
for range-notcovered
table 1 : explain SELECT id, c FROM sbtest1 WHERE id BETWEEN 3707028 AND 3707128
	Index Scan using sbtest1_pkey on sbtest1  (cost=0.43..432.76 rows=108 width=125)
	  Index Cond: ((id >= 3707028) AND (id <= 3707128))

table 2 : explain SELECT id, c FROM sbtest2 WHERE id BETWEEN 3707028 AND 3707128
	Index Scan using sbtest2_pkey on sbtest2  (cost=0.43..411.77 rows=103 width=125)
	  Index Cond: ((id >= 3707028) AND (id <= 3707128))

table 3 : explain SELECT id, c FROM sbtest3 WHERE id BETWEEN 3707028 AND 3707128
	Index Scan using sbtest3_pkey on sbtest3  (cost=0.43..392.76 rows=98 width=125)
	  Index Cond: ((id >= 3707028) AND (id <= 3707128))

table 4 : explain SELECT id, c FROM sbtest4 WHERE id BETWEEN 3707028 AND 3707128
	Index Scan using sbtest4_pkey on sbtest4  (cost=0.43..400.66 rows=100 width=125)
	  Index Cond: ((id >= 3707028) AND (id <= 3707128))

table 5 : explain SELECT id, c FROM sbtest5 WHERE id BETWEEN 3707028 AND 3707128
	Index Scan using sbtest5_pkey on sbtest5  (cost=0.43..459.21 rows=115 width=125)
	  Index Cond: ((id >= 3707028) AND (id <= 3707128))

table 6 : explain SELECT id, c FROM sbtest6 WHERE id BETWEEN 3707028 AND 3707128
	Index Scan using sbtest6_pkey on sbtest6  (cost=0.43..399.81 rows=100 width=125)
	  Index Cond: ((id >= 3707028) AND (id <= 3707128))

table 7 : explain SELECT id, c FROM sbtest7 WHERE id BETWEEN 3707028 AND 3707128
	Index Scan using sbtest7_pkey on sbtest7  (cost=0.43..395.52 rows=99 width=125)
	  Index Cond: ((id >= 3707028) AND (id <= 3707128))

table 8 : explain SELECT id, c FROM sbtest8 WHERE id BETWEEN 3707028 AND 3707128
	Index Scan using sbtest8_pkey on sbtest8  (cost=0.43..432.10 rows=108 width=125)
	  Index Cond: ((id >= 3707028) AND (id <= 3707128))

explain: for range-notcovered :: explain SELECT id, c FROM sbtest%d WHERE id BETWEEN 3707028 AND 3707128
for range-notcovered
table 1 : explain SELECT id, c FROM sbtest1 WHERE id BETWEEN 8933973 AND 8934073
	Index Scan using sbtest1_pkey on sbtest1  (cost=0.43..424.83 rows=106 width=125)
	  Index Cond: ((id >= 8933973) AND (id <= 8934073))

table 2 : explain SELECT id, c FROM sbtest2 WHERE id BETWEEN 8933973 AND 8934073
	Index Scan using sbtest2_pkey on sbtest2  (cost=0.43..415.73 rows=104 width=125)
	  Index Cond: ((id >= 8933973) AND (id <= 8934073))

table 3 : explain SELECT id, c FROM sbtest3 WHERE id BETWEEN 8933973 AND 8934073
	Index Scan using sbtest3_pkey on sbtest3  (cost=0.43..408.62 rows=102 width=125)
	  Index Cond: ((id >= 8933973) AND (id <= 8934073))

table 4 : explain SELECT id, c FROM sbtest4 WHERE id BETWEEN 8933973 AND 8934073
	Index Scan using sbtest4_pkey on sbtest4  (cost=0.43..444.24 rows=111 width=125)
	  Index Cond: ((id >= 8933973) AND (id <= 8934073))

table 5 : explain SELECT id, c FROM sbtest5 WHERE id BETWEEN 8933973 AND 8934073
	Index Scan using sbtest5_pkey on sbtest5  (cost=0.43..399.91 rows=100 width=125)
	  Index Cond: ((id >= 8933973) AND (id <= 8934073))

table 6 : explain SELECT id, c FROM sbtest6 WHERE id BETWEEN 8933973 AND 8934073
	Index Scan using sbtest6_pkey on sbtest6  (cost=0.43..391.89 rows=98 width=125)
	  Index Cond: ((id >= 8933973) AND (id <= 8934073))

table 7 : explain SELECT id, c FROM sbtest7 WHERE id BETWEEN 8933973 AND 8934073
	Index Scan using sbtest7_pkey on sbtest7  (cost=0.43..427.11 rows=107 width=125)
	  Index Cond: ((id >= 8933973) AND (id <= 8934073))

table 8 : explain SELECT id, c FROM sbtest8 WHERE id BETWEEN 8933973 AND 8934073
	Index Scan using sbtest8_pkey on sbtest8  (cost=0.43..400.43 rows=100 width=125)
	  Index Cond: ((id >= 8933973) AND (id <= 8934073))

explain: for range-notcovered :: explain SELECT id, c FROM sbtest%d WHERE id BETWEEN 2655806 AND 2655906
for range-notcovered
table 1 : explain SELECT id, c FROM sbtest1 WHERE id BETWEEN 3156494 AND 3156594
	Index Scan using sbtest1_pkey on sbtest1  (cost=0.43..373.27 rows=93 width=125)
	  Index Cond: ((id >= 3156494) AND (id <= 3156594))

table 2 : explain SELECT id, c FROM sbtest2 WHERE id BETWEEN 3156494 AND 3156594
	Index Scan using sbtest2_pkey on sbtest2  (cost=0.43..403.87 rows=101 width=125)
	  Index Cond: ((id >= 3156494) AND (id <= 3156594))

table 3 : explain SELECT id, c FROM sbtest3 WHERE id BETWEEN 3156494 AND 3156594
	Index Scan using sbtest3_pkey on sbtest3  (cost=0.43..420.50 rows=105 width=125)
	  Index Cond: ((id >= 3156494) AND (id <= 3156594))

table 4 : explain SELECT id, c FROM sbtest4 WHERE id BETWEEN 3156494 AND 3156594
	Index Scan using sbtest4_pkey on sbtest4  (cost=0.43..416.51 rows=104 width=125)
	  Index Cond: ((id >= 3156494) AND (id <= 3156594))

table 5 : explain SELECT id, c FROM sbtest5 WHERE id BETWEEN 3156494 AND 3156594
	Index Scan using sbtest5_pkey on sbtest5  (cost=0.43..364.31 rows=91 width=125)
	  Index Cond: ((id >= 3156494) AND (id <= 3156594))

table 6 : explain SELECT id, c FROM sbtest6 WHERE id BETWEEN 3156494 AND 3156594
	Index Scan using sbtest6_pkey on sbtest6  (cost=0.43..403.76 rows=101 width=125)
	  Index Cond: ((id >= 3156494) AND (id <= 3156594))

table 7 : explain SELECT id, c FROM sbtest7 WHERE id BETWEEN 3156494 AND 3156594
	Index Scan using sbtest7_pkey on sbtest7  (cost=0.43..403.42 rows=101 width=125)
	  Index Cond: ((id >= 3156494) AND (id <= 3156594))

table 8 : explain SELECT id, c FROM sbtest8 WHERE id BETWEEN 3156494 AND 3156594
	Index Scan using sbtest8_pkey on sbtest8  (cost=0.43..380.62 rows=95 width=125)
	  Index Cond: ((id >= 3156494) AND (id <= 3156594))

explain: for range-notcovered :: explain SELECT id, c FROM sbtest%d WHERE id BETWEEN 3156494 AND 3156594
for range-notcovered
table 1 : explain SELECT id, c FROM sbtest1 WHERE id BETWEEN 3707028 AND 3707128
	Index Scan using sbtest1_pkey on sbtest1  (cost=0.43..432.76 rows=108 width=125)
	  Index Cond: ((id >= 3707028) AND (id <= 3707128))

table 2 : explain SELECT id, c FROM sbtest2 WHERE id BETWEEN 3707028 AND 3707128
	Index Scan using sbtest2_pkey on sbtest2  (cost=0.43..411.77 rows=103 width=125)
	  Index Cond: ((id >= 3707028) AND (id <= 3707128))

table 3 : explain SELECT id, c FROM sbtest3 WHERE id BETWEEN 3707028 AND 3707128
	Index Scan using sbtest3_pkey on sbtest3  (cost=0.43..392.76 rows=98 width=125)
	  Index Cond: ((id >= 3707028) AND (id <= 3707128))

table 4 : explain SELECT id, c FROM sbtest4 WHERE id BETWEEN 3707028 AND 3707128
	Index Scan using sbtest4_pkey on sbtest4  (cost=0.43..400.66 rows=100 width=125)
	  Index Cond: ((id >= 3707028) AND (id <= 3707128))

table 5 : explain SELECT id, c FROM sbtest5 WHERE id BETWEEN 3707028 AND 3707128
	Index Scan using sbtest5_pkey on sbtest5  (cost=0.43..459.21 rows=115 width=125)
	  Index Cond: ((id >= 3707028) AND (id <= 3707128))

table 6 : explain SELECT id, c FROM sbtest6 WHERE id BETWEEN 3707028 AND 3707128
	Index Scan using sbtest6_pkey on sbtest6  (cost=0.43..399.81 rows=100 width=125)
	  Index Cond: ((id >= 3707028) AND (id <= 3707128))

table 7 : explain SELECT id, c FROM sbtest7 WHERE id BETWEEN 3707028 AND 3707128
	Index Scan using sbtest7_pkey on sbtest7  (cost=0.43..395.52 rows=99 width=125)
	  Index Cond: ((id >= 3707028) AND (id <= 3707128))

table 8 : explain SELECT id, c FROM sbtest8 WHERE id BETWEEN 3707028 AND 3707128
	Index Scan using sbtest8_pkey on sbtest8  (cost=0.43..432.10 rows=108 width=125)
	  Index Cond: ((id >= 3707028) AND (id <= 3707128))

explain: for range-notcovered :: explain SELECT id, c FROM sbtest%d WHERE id BETWEEN 3707028 AND 3707128
explain: for range-notcovered :: explain SELECT id, c FROM sbtest%d WHERE id BETWEEN 8933973 AND 8934073
for range-notcovered
table 1 : explain SELECT id, c FROM sbtest1 WHERE id BETWEEN 3156494 AND 3156594
	Index Scan using sbtest1_pkey on sbtest1  (cost=0.43..373.27 rows=93 width=125)
	  Index Cond: ((id >= 3156494) AND (id <= 3156594))

table 2 : explain SELECT id, c FROM sbtest2 WHERE id BETWEEN 3156494 AND 3156594
	Index Scan using sbtest2_pkey on sbtest2  (cost=0.43..403.87 rows=101 width=125)
	  Index Cond: ((id >= 3156494) AND (id <= 3156594))

table 3 : explain SELECT id, c FROM sbtest3 WHERE id BETWEEN 3156494 AND 3156594
	Index Scan using sbtest3_pkey on sbtest3  (cost=0.43..420.50 rows=105 width=125)
	  Index Cond: ((id >= 3156494) AND (id <= 3156594))

table 4 : explain SELECT id, c FROM sbtest4 WHERE id BETWEEN 3156494 AND 3156594
	Index Scan using sbtest4_pkey on sbtest4  (cost=0.43..416.51 rows=104 width=125)
	  Index Cond: ((id >= 3156494) AND (id <= 3156594))

table 5 : explain SELECT id, c FROM sbtest5 WHERE id BETWEEN 3156494 AND 3156594
	Index Scan using sbtest5_pkey on sbtest5  (cost=0.43..364.31 rows=91 width=125)
	  Index Cond: ((id >= 3156494) AND (id <= 3156594))

table 6 : explain SELECT id, c FROM sbtest6 WHERE id BETWEEN 3156494 AND 3156594
	Index Scan using sbtest6_pkey on sbtest6  (cost=0.43..403.76 rows=101 width=125)
	  Index Cond: ((id >= 3156494) AND (id <= 3156594))

table 7 : explain SELECT id, c FROM sbtest7 WHERE id BETWEEN 3156494 AND 3156594
	Index Scan using sbtest7_pkey on sbtest7  (cost=0.43..403.42 rows=101 width=125)
	  Index Cond: ((id >= 3156494) AND (id <= 3156594))

table 8 : explain SELECT id, c FROM sbtest8 WHERE id BETWEEN 3156494 AND 3156594
	Index Scan using sbtest8_pkey on sbtest8  (cost=0.43..380.62 rows=95 width=125)
	  Index Cond: ((id >= 3156494) AND (id <= 3156594))

explain: for range-notcovered :: explain SELECT id, c FROM sbtest%d WHERE id BETWEEN 3156494 AND 3156594
for range-notcovered
table 1 : explain SELECT id, c FROM sbtest1 WHERE id BETWEEN 3707028 AND 3707128
	Index Scan using sbtest1_pkey on sbtest1  (cost=0.43..432.76 rows=108 width=125)
	  Index Cond: ((id >= 3707028) AND (id <= 3707128))

table 2 : explain SELECT id, c FROM sbtest2 WHERE id BETWEEN 3707028 AND 3707128
	Index Scan using sbtest2_pkey on sbtest2  (cost=0.43..411.77 rows=103 width=125)
	  Index Cond: ((id >= 3707028) AND (id <= 3707128))

table 3 : explain SELECT id, c FROM sbtest3 WHERE id BETWEEN 3707028 AND 3707128
	Index Scan using sbtest3_pkey on sbtest3  (cost=0.43..392.76 rows=98 width=125)
	  Index Cond: ((id >= 3707028) AND (id <= 3707128))

table 4 : explain SELECT id, c FROM sbtest4 WHERE id BETWEEN 3707028 AND 3707128
	Index Scan using sbtest4_pkey on sbtest4  (cost=0.43..400.66 rows=100 width=125)
	  Index Cond: ((id >= 3707028) AND (id <= 3707128))

table 5 : explain SELECT id, c FROM sbtest5 WHERE id BETWEEN 3707028 AND 3707128
	Index Scan using sbtest5_pkey on sbtest5  (cost=0.43..459.21 rows=115 width=125)
	  Index Cond: ((id >= 3707028) AND (id <= 3707128))

table 6 : explain SELECT id, c FROM sbtest6 WHERE id BETWEEN 3707028 AND 3707128
	Index Scan using sbtest6_pkey on sbtest6  (cost=0.43..399.81 rows=100 width=125)
	  Index Cond: ((id >= 3707028) AND (id <= 3707128))

table 7 : explain SELECT id, c FROM sbtest7 WHERE id BETWEEN 3707028 AND 3707128
	Index Scan using sbtest7_pkey on sbtest7  (cost=0.43..395.52 rows=99 width=125)
	  Index Cond: ((id >= 3707028) AND (id <= 3707128))

table 8 : explain SELECT id, c FROM sbtest8 WHERE id BETWEEN 3707028 AND 3707128
	Index Scan using sbtest8_pkey on sbtest8  (cost=0.43..432.10 rows=108 width=125)
	  Index Cond: ((id >= 3707028) AND (id <= 3707128))

explain: for range-notcovered :: explain SELECT id, c FROM sbtest%d WHERE id BETWEEN 3707028 AND 3707128
for range-notcovered
table 1 : explain SELECT id, c FROM sbtest1 WHERE id BETWEEN 6354241 AND 6354341
	Index Scan using sbtest1_pkey on sbtest1  (cost=0.43..369.30 rows=92 width=125)
	  Index Cond: ((id >= 6354241) AND (id <= 6354341))

table 2 : explain SELECT id, c FROM sbtest2 WHERE id BETWEEN 6354241 AND 6354341
	Index Scan using sbtest2_pkey on sbtest2  (cost=0.43..395.94 rows=99 width=125)
	  Index Cond: ((id >= 6354241) AND (id <= 6354341))

table 3 : explain SELECT id, c FROM sbtest3 WHERE id BETWEEN 6354241 AND 6354341
	Index Scan using sbtest3_pkey on sbtest3  (cost=0.43..428.42 rows=107 width=125)
	  Index Cond: ((id >= 6354241) AND (id <= 6354341))

table 4 : explain SELECT id, c FROM sbtest4 WHERE id BETWEEN 6354241 AND 6354341
	Index Scan using sbtest4_pkey on sbtest4  (cost=0.43..444.24 rows=111 width=125)
	  Index Cond: ((id >= 6354241) AND (id <= 6354341))

table 5 : explain SELECT id, c FROM sbtest5 WHERE id BETWEEN 6354241 AND 6354341
	Index Scan using sbtest5_pkey on sbtest5  (cost=0.43..427.58 rows=107 width=125)
	  Index Cond: ((id >= 6354241) AND (id <= 6354341))

table 6 : explain SELECT id, c FROM sbtest6 WHERE id BETWEEN 6354241 AND 6354341
	Index Scan using sbtest6_pkey on sbtest6  (cost=0.43..431.43 rows=108 width=125)
	  Index Cond: ((id >= 6354241) AND (id <= 6354341))

table 7 : explain SELECT id, c FROM sbtest7 WHERE id BETWEEN 6354241 AND 6354341
	Index Scan using sbtest7_pkey on sbtest7  (cost=0.43..379.71 rows=95 width=125)
	  Index Cond: ((id >= 6354241) AND (id <= 6354341))

table 8 : explain SELECT id, c FROM sbtest8 WHERE id BETWEEN 6354241 AND 6354341
	Index Scan using sbtest8_pkey on sbtest8  (cost=0.43..404.39 rows=101 width=125)
	  Index Cond: ((id >= 6354241) AND (id <= 6354341))

explain: for range-notcovered :: explain SELECT id, c FROM sbtest%d WHERE id BETWEEN 6354241 AND 6354341
for range-notcovered
table 1 : explain SELECT id, c FROM sbtest1 WHERE id BETWEEN 2294595 AND 2294695
	Index Scan using sbtest1_pkey on sbtest1  (cost=0.43..424.83 rows=106 width=125)
	  Index Cond: ((id >= 2294595) AND (id <= 2294695))

table 2 : explain SELECT id, c FROM sbtest2 WHERE id BETWEEN 2294595 AND 2294695
	Index Scan using sbtest2_pkey on sbtest2  (cost=0.43..439.45 rows=110 width=125)
	  Index Cond: ((id >= 2294595) AND (id <= 2294695))

table 3 : explain SELECT id, c FROM sbtest3 WHERE id BETWEEN 2294595 AND 2294695
	Index Scan using sbtest3_pkey on sbtest3  (cost=0.43..428.42 rows=107 width=125)
	  Index Cond: ((id >= 2294595) AND (id <= 2294695))

table 4 : explain SELECT id, c FROM sbtest4 WHERE id BETWEEN 2294595 AND 2294695
	Index Scan using sbtest4_pkey on sbtest4  (cost=0.43..404.63 rows=101 width=125)
	  Index Cond: ((id >= 2294595) AND (id <= 2294695))

table 5 : explain SELECT id, c FROM sbtest5 WHERE id BETWEEN 2294595 AND 2294695
	Index Scan using sbtest5_pkey on sbtest5  (cost=0.43..403.86 rows=101 width=125)
	  Index Cond: ((id >= 2294595) AND (id <= 2294695))

table 6 : explain SELECT id, c FROM sbtest6 WHERE id BETWEEN 2294595 AND 2294695
	Index Scan using sbtest6_pkey on sbtest6  (cost=0.43..439.33 rows=110 width=125)
	  Index Cond: ((id >= 2294595) AND (id <= 2294695))

table 7 : explain SELECT id, c FROM sbtest7 WHERE id BETWEEN 2294595 AND 2294695
	Index Scan using sbtest7_pkey on sbtest7  (cost=0.43..411.32 rows=103 width=125)
	  Index Cond: ((id >= 2294595) AND (id <= 2294695))

table 8 : explain SELECT id, c FROM sbtest8 WHERE id BETWEEN 2294595 AND 2294695
	Index Scan using sbtest8_pkey on sbtest8  (cost=0.43..392.50 rows=98 width=125)
	  Index Cond: ((id >= 2294595) AND (id <= 2294695))

for range-notcovered
table 1 : explain SELECT id, c FROM sbtest1 WHERE id BETWEEN 6354241 AND 6354341
	Index Scan using sbtest1_pkey on sbtest1  (cost=0.43..369.30 rows=92 width=125)
	  Index Cond: ((id >= 6354241) AND (id <= 6354341))

table 2 : explain SELECT id, c FROM sbtest2 WHERE id BETWEEN 6354241 AND 6354341
	Index Scan using sbtest2_pkey on sbtest2  (cost=0.43..395.94 rows=99 width=125)
	  Index Cond: ((id >= 6354241) AND (id <= 6354341))

table 3 : explain SELECT id, c FROM sbtest3 WHERE id BETWEEN 6354241 AND 6354341
	Index Scan using sbtest3_pkey on sbtest3  (cost=0.43..428.42 rows=107 width=125)
	  Index Cond: ((id >= 6354241) AND (id <= 6354341))

table 4 : explain SELECT id, c FROM sbtest4 WHERE id BETWEEN 6354241 AND 6354341
	Index Scan using sbtest4_pkey on sbtest4  (cost=0.43..444.24 rows=111 width=125)
	  Index Cond: ((id >= 6354241) AND (id <= 6354341))

table 5 : explain SELECT id, c FROM sbtest5 WHERE id BETWEEN 6354241 AND 6354341
	Index Scan using sbtest5_pkey on sbtest5  (cost=0.43..427.58 rows=107 width=125)
	  Index Cond: ((id >= 6354241) AND (id <= 6354341))

table 6 : explain SELECT id, c FROM sbtest6 WHERE id BETWEEN 6354241 AND 6354341
	Index Scan using sbtest6_pkey on sbtest6  (cost=0.43..431.43 rows=108 width=125)
	  Index Cond: ((id >= 6354241) AND (id <= 6354341))

table 7 : explain SELECT id, c FROM sbtest7 WHERE id BETWEEN 6354241 AND 6354341
	Index Scan using sbtest7_pkey on sbtest7  (cost=0.43..379.71 rows=95 width=125)
	  Index Cond: ((id >= 6354241) AND (id <= 6354341))

table 8 : explain SELECT id, c FROM sbtest8 WHERE id BETWEEN 6354241 AND 6354341
	Index Scan using sbtest8_pkey on sbtest8  (cost=0.43..404.39 rows=101 width=125)
	  Index Cond: ((id >= 6354241) AND (id <= 6354341))

explain: for range-notcovered :: explain SELECT id, c FROM sbtest%d WHERE id BETWEEN 5273668 AND 5273768
explain: for range-notcovered :: explain SELECT id, c FROM sbtest%d WHERE id BETWEEN 6354241 AND 6354341
for range-notcovered
table 1 : explain SELECT id, c FROM sbtest1 WHERE id BETWEEN 3156494 AND 3156594
	Index Scan using sbtest1_pkey on sbtest1  (cost=0.43..373.27 rows=93 width=125)
	  Index Cond: ((id >= 3156494) AND (id <= 3156594))

table 2 : explain SELECT id, c FROM sbtest2 WHERE id BETWEEN 3156494 AND 3156594
	Index Scan using sbtest2_pkey on sbtest2  (cost=0.43..403.87 rows=101 width=125)
	  Index Cond: ((id >= 3156494) AND (id <= 3156594))

table 3 : explain SELECT id, c FROM sbtest3 WHERE id BETWEEN 3156494 AND 3156594
	Index Scan using sbtest3_pkey on sbtest3  (cost=0.43..420.50 rows=105 width=125)
	  Index Cond: ((id >= 3156494) AND (id <= 3156594))

table 4 : explain SELECT id, c FROM sbtest4 WHERE id BETWEEN 3156494 AND 3156594
	Index Scan using sbtest4_pkey on sbtest4  (cost=0.43..416.51 rows=104 width=125)
	  Index Cond: ((id >= 3156494) AND (id <= 3156594))

table 5 : explain SELECT id, c FROM sbtest5 WHERE id BETWEEN 3156494 AND 3156594
	Index Scan using sbtest5_pkey on sbtest5  (cost=0.43..364.31 rows=91 width=125)
	  Index Cond: ((id >= 3156494) AND (id <= 3156594))

table 6 : explain SELECT id, c FROM sbtest6 WHERE id BETWEEN 3156494 AND 3156594
	Index Scan using sbtest6_pkey on sbtest6  (cost=0.43..403.76 rows=101 width=125)
	  Index Cond: ((id >= 3156494) AND (id <= 3156594))

table 7 : explain SELECT id, c FROM sbtest7 WHERE id BETWEEN 3156494 AND 3156594
	Index Scan using sbtest7_pkey on sbtest7  (cost=0.43..403.42 rows=101 width=125)
	  Index Cond: ((id >= 3156494) AND (id <= 3156594))

table 8 : explain SELECT id, c FROM sbtest8 WHERE id BETWEEN 3156494 AND 3156594
	Index Scan using sbtest8_pkey on sbtest8  (cost=0.43..380.62 rows=95 width=125)
	  Index Cond: ((id >= 3156494) AND (id <= 3156594))

explain: for range-notcovered :: explain SELECT id, c FROM sbtest%d WHERE id BETWEEN 3156494 AND 3156594
for range-notcovered
table 1 : explain SELECT id, c FROM sbtest1 WHERE id BETWEEN 3772168 AND 3772268
	Index Scan using sbtest1_pkey on sbtest1  (cost=0.43..432.76 rows=108 width=125)
	  Index Cond: ((id >= 3772168) AND (id <= 3772268))

table 2 : explain SELECT id, c FROM sbtest2 WHERE id BETWEEN 3772168 AND 3772268
	Index Scan using sbtest2_pkey on sbtest2  (cost=0.43..411.77 rows=103 width=125)
	  Index Cond: ((id >= 3772168) AND (id <= 3772268))

table 3 : explain SELECT id, c FROM sbtest3 WHERE id BETWEEN 3772168 AND 3772268
	Index Scan using sbtest3_pkey on sbtest3  (cost=0.43..420.50 rows=105 width=125)
	  Index Cond: ((id >= 3772168) AND (id <= 3772268))

table 4 : explain SELECT id, c FROM sbtest4 WHERE id BETWEEN 3772168 AND 3772268
	Index Scan using sbtest4_pkey on sbtest4  (cost=0.43..384.80 rows=96 width=125)
	  Index Cond: ((id >= 3772168) AND (id <= 3772268))

table 5 : explain SELECT id, c FROM sbtest5 WHERE id BETWEEN 3772168 AND 3772268
	Index Scan using sbtest5_pkey on sbtest5  (cost=0.43..427.58 rows=107 width=125)
	  Index Cond: ((id >= 3772168) AND (id <= 3772268))

table 6 : explain SELECT id, c FROM sbtest6 WHERE id BETWEEN 3772168 AND 3772268
	Index Scan using sbtest6_pkey on sbtest6  (cost=0.43..376.08 rows=94 width=125)
	  Index Cond: ((id >= 3772168) AND (id <= 3772268))

table 7 : explain SELECT id, c FROM sbtest7 WHERE id BETWEEN 3772168 AND 3772268
	Index Scan using sbtest7_pkey on sbtest7  (cost=0.43..395.52 rows=99 width=125)
	  Index Cond: ((id >= 3772168) AND (id <= 3772268))

table 8 : explain SELECT id, c FROM sbtest8 WHERE id BETWEEN 3772168 AND 3772268
	Index Scan using sbtest8_pkey on sbtest8  (cost=0.43..412.31 rows=103 width=125)
	  Index Cond: ((id >= 3772168) AND (id <= 3772268))

explain: for range-notcovered :: explain SELECT id, c FROM sbtest%d WHERE id BETWEEN 3772168 AND 3772268
for range-notcovered
table 1 : explain SELECT id, c FROM sbtest1 WHERE id BETWEEN 3707028 AND 3707128
	Index Scan using sbtest1_pkey on sbtest1  (cost=0.43..432.76 rows=108 width=125)
	  Index Cond: ((id >= 3707028) AND (id <= 3707128))

table 2 : explain SELECT id, c FROM sbtest2 WHERE id BETWEEN 3707028 AND 3707128
	Index Scan using sbtest2_pkey on sbtest2  (cost=0.43..411.77 rows=103 width=125)
	  Index Cond: ((id >= 3707028) AND (id <= 3707128))

table 3 : explain SELECT id, c FROM sbtest3 WHERE id BETWEEN 3707028 AND 3707128
	Index Scan using sbtest3_pkey on sbtest3  (cost=0.43..392.76 rows=98 width=125)
	  Index Cond: ((id >= 3707028) AND (id <= 3707128))

table 4 : explain SELECT id, c FROM sbtest4 WHERE id BETWEEN 3707028 AND 3707128
	Index Scan using sbtest4_pkey on sbtest4  (cost=0.43..400.66 rows=100 width=125)
	  Index Cond: ((id >= 3707028) AND (id <= 3707128))

table 5 : explain SELECT id, c FROM sbtest5 WHERE id BETWEEN 3707028 AND 3707128
	Index Scan using sbtest5_pkey on sbtest5  (cost=0.43..459.21 rows=115 width=125)
	  Index Cond: ((id >= 3707028) AND (id <= 3707128))

table 6 : explain SELECT id, c FROM sbtest6 WHERE id BETWEEN 3707028 AND 3707128
	Index Scan using sbtest6_pkey on sbtest6  (cost=0.43..399.81 rows=100 width=125)
	  Index Cond: ((id >= 3707028) AND (id <= 3707128))

table 7 : explain SELECT id, c FROM sbtest7 WHERE id BETWEEN 3707028 AND 3707128
	Index Scan using sbtest7_pkey on sbtest7  (cost=0.43..395.52 rows=99 width=125)
	  Index Cond: ((id >= 3707028) AND (id <= 3707128))

table 8 : explain SELECT id, c FROM sbtest8 WHERE id BETWEEN 3707028 AND 3707128
	Index Scan using sbtest8_pkey on sbtest8  (cost=0.43..432.10 rows=108 width=125)
	  Index Cond: ((id >= 3707028) AND (id <= 3707128))

explain: for range-notcovered :: explain SELECT id, c FROM sbtest%d WHERE id BETWEEN 3707028 AND 3707128
for range-notcovered
table 1 : explain SELECT id, c FROM sbtest1 WHERE id BETWEEN 8573992 AND 8574092
	Index Scan using sbtest1_pkey on sbtest1  (cost=0.43..412.93 rows=103 width=125)
	  Index Cond: ((id >= 8573992) AND (id <= 8574092))

table 2 : explain SELECT id, c FROM sbtest2 WHERE id BETWEEN 8573992 AND 8574092
	Index Scan using sbtest2_pkey on sbtest2  (cost=0.43..380.13 rows=95 width=125)
	  Index Cond: ((id >= 8573992) AND (id <= 8574092))

table 3 : explain SELECT id, c FROM sbtest3 WHERE id BETWEEN 8573992 AND 8574092
	Index Scan using sbtest3_pkey on sbtest3  (cost=0.43..420.50 rows=105 width=125)
	  Index Cond: ((id >= 8573992) AND (id <= 8574092))

table 4 : explain SELECT id, c FROM sbtest4 WHERE id BETWEEN 8573992 AND 8574092
	Index Scan using sbtest4_pkey on sbtest4  (cost=0.43..420.47 rows=105 width=125)
	  Index Cond: ((id >= 8573992) AND (id <= 8574092))

table 5 : explain SELECT id, c FROM sbtest5 WHERE id BETWEEN 8573992 AND 8574092
	Index Scan using sbtest5_pkey on sbtest5  (cost=0.43..447.35 rows=112 width=125)
	  Index Cond: ((id >= 8573992) AND (id <= 8574092))

table 6 : explain SELECT id, c FROM sbtest6 WHERE id BETWEEN 8573992 AND 8574092
	Index Scan using sbtest6_pkey on sbtest6  (cost=0.43..419.57 rows=105 width=125)
	  Index Cond: ((id >= 8573992) AND (id <= 8574092))

table 7 : explain SELECT id, c FROM sbtest7 WHERE id BETWEEN 8573992 AND 8574092
	Index Scan using sbtest7_pkey on sbtest7  (cost=0.43..371.81 rows=93 width=125)
	  Index Cond: ((id >= 8573992) AND (id <= 8574092))

table 8 : explain SELECT id, c FROM sbtest8 WHERE id BETWEEN 8573992 AND 8574092
	Index Scan using sbtest8_pkey on sbtest8  (cost=0.43..396.47 rows=99 width=125)
	  Index Cond: ((id >= 8573992) AND (id <= 8574092))

for range-notcovered
table 1 : explain SELECT id, c FROM sbtest1 WHERE id BETWEEN 6445698 AND 6445798
	Index Scan using sbtest1_pkey on sbtest1  (cost=0.43..424.83 rows=106 width=125)
	  Index Cond: ((id >= 6445698) AND (id <= 6445798))

table 2 : explain SELECT id, c FROM sbtest2 WHERE id BETWEEN 6445698 AND 6445798
	Index Scan using sbtest2_pkey on sbtest2  (cost=0.43..435.49 rows=109 width=125)
	  Index Cond: ((id >= 6445698) AND (id <= 6445798))

table 3 : explain SELECT id, c FROM sbtest3 WHERE id BETWEEN 6445698 AND 6445798
	Index Scan using sbtest3_pkey on sbtest3  (cost=0.43..396.72 rows=99 width=125)
	  Index Cond: ((id >= 6445698) AND (id <= 6445798))

table 4 : explain SELECT id, c FROM sbtest4 WHERE id BETWEEN 6445698 AND 6445798
	Index Scan using sbtest4_pkey on sbtest4  (cost=0.43..440.28 rows=110 width=125)
	  Index Cond: ((id >= 6445698) AND (id <= 6445798))

table 5 : explain SELECT id, c FROM sbtest5 WHERE id BETWEEN 6445698 AND 6445798
	Index Scan using sbtest5_pkey on sbtest5  (cost=0.43..395.94 rows=99 width=125)
	  Index Cond: ((id >= 6445698) AND (id <= 6445798))

table 6 : explain SELECT id, c FROM sbtest6 WHERE id BETWEEN 6445698 AND 6445798
	Index Scan using sbtest6_pkey on sbtest6  (cost=0.43..419.57 rows=105 width=125)
	  Index Cond: ((id >= 6445698) AND (id <= 6445798))

table 7 : explain SELECT id, c FROM sbtest7 WHERE id BETWEEN 6445698 AND 6445798
	Index Scan using sbtest7_pkey on sbtest7  (cost=0.43..419.22 rows=105 width=125)
	  Index Cond: ((id >= 6445698) AND (id <= 6445798))

table 8 : explain SELECT id, c FROM sbtest8 WHERE id BETWEEN 6445698 AND 6445798
	Index Scan using sbtest8_pkey on sbtest8  (cost=0.43..396.47 rows=99 width=125)
	  Index Cond: ((id >= 6445698) AND (id <= 6445798))

explain: for range-notcovered :: explain SELECT id, c FROM sbtest%d WHERE id BETWEEN 8573992 AND 8574092
explain: for range-notcovered :: explain SELECT id, c FROM sbtest%d WHERE id BETWEEN 6445698 AND 6445798
for range-notcovered
table 1 : explain SELECT id, c FROM sbtest1 WHERE id BETWEEN 3156494 AND 3156594
	Index Scan using sbtest1_pkey on sbtest1  (cost=0.43..373.27 rows=93 width=125)
	  Index Cond: ((id >= 3156494) AND (id <= 3156594))

table 2 : explain SELECT id, c FROM sbtest2 WHERE id BETWEEN 3156494 AND 3156594
	Index Scan using sbtest2_pkey on sbtest2  (cost=0.43..403.87 rows=101 width=125)
	  Index Cond: ((id >= 3156494) AND (id <= 3156594))

table 3 : explain SELECT id, c FROM sbtest3 WHERE id BETWEEN 3156494 AND 3156594
	Index Scan using sbtest3_pkey on sbtest3  (cost=0.43..420.50 rows=105 width=125)
	  Index Cond: ((id >= 3156494) AND (id <= 3156594))

table 4 : explain SELECT id, c FROM sbtest4 WHERE id BETWEEN 3156494 AND 3156594
	Index Scan using sbtest4_pkey on sbtest4  (cost=0.43..416.51 rows=104 width=125)
	  Index Cond: ((id >= 3156494) AND (id <= 3156594))

table 5 : explain SELECT id, c FROM sbtest5 WHERE id BETWEEN 3156494 AND 3156594
	Index Scan using sbtest5_pkey on sbtest5  (cost=0.43..364.31 rows=91 width=125)
	  Index Cond: ((id >= 3156494) AND (id <= 3156594))

table 6 : explain SELECT id, c FROM sbtest6 WHERE id BETWEEN 3156494 AND 3156594
	Index Scan using sbtest6_pkey on sbtest6  (cost=0.43..403.76 rows=101 width=125)
	  Index Cond: ((id >= 3156494) AND (id <= 3156594))

table 7 : explain SELECT id, c FROM sbtest7 WHERE id BETWEEN 3156494 AND 3156594
	Index Scan using sbtest7_pkey on sbtest7  (cost=0.43..403.42 rows=101 width=125)
	  Index Cond: ((id >= 3156494) AND (id <= 3156594))

table 8 : explain SELECT id, c FROM sbtest8 WHERE id BETWEEN 3156494 AND 3156594
	Index Scan using sbtest8_pkey on sbtest8  (cost=0.43..380.62 rows=95 width=125)
	  Index Cond: ((id >= 3156494) AND (id <= 3156594))

for range-notcovered
table 1 : explain SELECT id, c FROM sbtest1 WHERE id BETWEEN 3772168 AND 3772268
	Index Scan using sbtest1_pkey on sbtest1  (cost=0.43..432.76 rows=108 width=125)
	  Index Cond: ((id >= 3772168) AND (id <= 3772268))

table 2 : explain SELECT id, c FROM sbtest2 WHERE id BETWEEN 3772168 AND 3772268
	Index Scan using sbtest2_pkey on sbtest2  (cost=0.43..411.77 rows=103 width=125)
	  Index Cond: ((id >= 3772168) AND (id <= 3772268))

table 3 : explain SELECT id, c FROM sbtest3 WHERE id BETWEEN 3772168 AND 3772268
	Index Scan using sbtest3_pkey on sbtest3  (cost=0.43..420.50 rows=105 width=125)
	  Index Cond: ((id >= 3772168) AND (id <= 3772268))

table 4 : explain SELECT id, c FROM sbtest4 WHERE id BETWEEN 3772168 AND 3772268
	Index Scan using sbtest4_pkey on sbtest4  (cost=0.43..384.80 rows=96 width=125)
	  Index Cond: ((id >= 3772168) AND (id <= 3772268))

table 5 : explain SELECT id, c FROM sbtest5 WHERE id BETWEEN 3772168 AND 3772268
	Index Scan using sbtest5_pkey on sbtest5  (cost=0.43..427.58 rows=107 width=125)
	  Index Cond: ((id >= 3772168) AND (id <= 3772268))

table 6 : explain SELECT id, c FROM sbtest6 WHERE id BETWEEN 3772168 AND 3772268
	Index Scan using sbtest6_pkey on sbtest6  (cost=0.43..376.08 rows=94 width=125)
	  Index Cond: ((id >= 3772168) AND (id <= 3772268))

table 7 : explain SELECT id, c FROM sbtest7 WHERE id BETWEEN 3772168 AND 3772268
	Index Scan using sbtest7_pkey on sbtest7  (cost=0.43..395.52 rows=99 width=125)
	  Index Cond: ((id >= 3772168) AND (id <= 3772268))

table 8 : explain SELECT id, c FROM sbtest8 WHERE id BETWEEN 3772168 AND 3772268
	Index Scan using sbtest8_pkey on sbtest8  (cost=0.43..412.31 rows=103 width=125)
	  Index Cond: ((id >= 3772168) AND (id <= 3772268))

explain: for range-notcovered :: explain SELECT id, c FROM sbtest%d WHERE id BETWEEN 3156494 AND 3156594
explain: for range-notcovered :: explain SELECT id, c FROM sbtest%d WHERE id BETWEEN 3772168 AND 3772268
for range-notcovered
table 1 : explain SELECT id, c FROM sbtest1 WHERE id BETWEEN 8573992 AND 8574092
	Index Scan using sbtest1_pkey on sbtest1  (cost=0.43..412.93 rows=103 width=125)
	  Index Cond: ((id >= 8573992) AND (id <= 8574092))

table 2 : explain SELECT id, c FROM sbtest2 WHERE id BETWEEN 8573992 AND 8574092
	Index Scan using sbtest2_pkey on sbtest2  (cost=0.43..380.13 rows=95 width=125)
	  Index Cond: ((id >= 8573992) AND (id <= 8574092))

table 3 : explain SELECT id, c FROM sbtest3 WHERE id BETWEEN 8573992 AND 8574092
	Index Scan using sbtest3_pkey on sbtest3  (cost=0.43..420.50 rows=105 width=125)
	  Index Cond: ((id >= 8573992) AND (id <= 8574092))

table 4 : explain SELECT id, c FROM sbtest4 WHERE id BETWEEN 8573992 AND 8574092
	Index Scan using sbtest4_pkey on sbtest4  (cost=0.43..420.47 rows=105 width=125)
	  Index Cond: ((id >= 8573992) AND (id <= 8574092))

table 5 : explain SELECT id, c FROM sbtest5 WHERE id BETWEEN 8573992 AND 8574092
	Index Scan using sbtest5_pkey on sbtest5  (cost=0.43..447.35 rows=112 width=125)
	  Index Cond: ((id >= 8573992) AND (id <= 8574092))

table 6 : explain SELECT id, c FROM sbtest6 WHERE id BETWEEN 8573992 AND 8574092
	Index Scan using sbtest6_pkey on sbtest6  (cost=0.43..419.57 rows=105 width=125)
	  Index Cond: ((id >= 8573992) AND (id <= 8574092))

table 7 : explain SELECT id, c FROM sbtest7 WHERE id BETWEEN 8573992 AND 8574092
	Index Scan using sbtest7_pkey on sbtest7  (cost=0.43..371.81 rows=93 width=125)
	  Index Cond: ((id >= 8573992) AND (id <= 8574092))

table 8 : explain SELECT id, c FROM sbtest8 WHERE id BETWEEN 8573992 AND 8574092
	Index Scan using sbtest8_pkey on sbtest8  (cost=0.43..396.47 rows=99 width=125)
	  Index Cond: ((id >= 8573992) AND (id <= 8574092))

for range-notcovered
table 1 : explain SELECT id, c FROM sbtest1 WHERE id BETWEEN 6445698 AND 6445798
	Index Scan using sbtest1_pkey on sbtest1  (cost=0.43..424.83 rows=106 width=125)
	  Index Cond: ((id >= 6445698) AND (id <= 6445798))

table 2 : explain SELECT id, c FROM sbtest2 WHERE id BETWEEN 6445698 AND 6445798
	Index Scan using sbtest2_pkey on sbtest2  (cost=0.43..435.49 rows=109 width=125)
	  Index Cond: ((id >= 6445698) AND (id <= 6445798))

table 3 : explain SELECT id, c FROM sbtest3 WHERE id BETWEEN 6445698 AND 6445798
	Index Scan using sbtest3_pkey on sbtest3  (cost=0.43..396.72 rows=99 width=125)
	  Index Cond: ((id >= 6445698) AND (id <= 6445798))

table 4 : explain SELECT id, c FROM sbtest4 WHERE id BETWEEN 6445698 AND 6445798
	Index Scan using sbtest4_pkey on sbtest4  (cost=0.43..440.28 rows=110 width=125)
	  Index Cond: ((id >= 6445698) AND (id <= 6445798))

table 5 : explain SELECT id, c FROM sbtest5 WHERE id BETWEEN 6445698 AND 6445798
	Index Scan using sbtest5_pkey on sbtest5  (cost=0.43..395.94 rows=99 width=125)
	  Index Cond: ((id >= 6445698) AND (id <= 6445798))

table 6 : explain SELECT id, c FROM sbtest6 WHERE id BETWEEN 6445698 AND 6445798
	Index Scan using sbtest6_pkey on sbtest6  (cost=0.43..419.57 rows=105 width=125)
	  Index Cond: ((id >= 6445698) AND (id <= 6445798))

table 7 : explain SELECT id, c FROM sbtest7 WHERE id BETWEEN 6445698 AND 6445798
	Index Scan using sbtest7_pkey on sbtest7  (cost=0.43..419.22 rows=105 width=125)
	  Index Cond: ((id >= 6445698) AND (id <= 6445798))

table 8 : explain SELECT id, c FROM sbtest8 WHERE id BETWEEN 6445698 AND 6445798
	Index Scan using sbtest8_pkey on sbtest8  (cost=0.43..396.47 rows=99 width=125)
	  Index Cond: ((id >= 6445698) AND (id <= 6445798))

explain: for range-notcovered :: explain SELECT id, c FROM sbtest%d WHERE id BETWEEN 8573992 AND 8574092
for range-notcovered
table 1 : explain SELECT id, c FROM sbtest1 WHERE id BETWEEN 3707028 AND 3707128
	Index Scan using sbtest1_pkey on sbtest1  (cost=0.43..432.76 rows=108 width=125)
	  Index Cond: ((id >= 3707028) AND (id <= 3707128))

table 2 : explain SELECT id, c FROM sbtest2 WHERE id BETWEEN 3707028 AND 3707128
	Index Scan using sbtest2_pkey on sbtest2  (cost=0.43..411.77 rows=103 width=125)
	  Index Cond: ((id >= 3707028) AND (id <= 3707128))

table 3 : explain SELECT id, c FROM sbtest3 WHERE id BETWEEN 3707028 AND 3707128
	Index Scan using sbtest3_pkey on sbtest3  (cost=0.43..392.76 rows=98 width=125)
	  Index Cond: ((id >= 3707028) AND (id <= 3707128))

table 4 : explain SELECT id, c FROM sbtest4 WHERE id BETWEEN 3707028 AND 3707128
	Index Scan using sbtest4_pkey on sbtest4  (cost=0.43..400.66 rows=100 width=125)
	  Index Cond: ((id >= 3707028) AND (id <= 3707128))

table 5 : explain SELECT id, c FROM sbtest5 WHERE id BETWEEN 3707028 AND 3707128
	Index Scan using sbtest5_pkey on sbtest5  (cost=0.43..459.21 rows=115 width=125)
	  Index Cond: ((id >= 3707028) AND (id <= 3707128))

table 6 : explain SELECT id, c FROM sbtest6 WHERE id BETWEEN 3707028 AND 3707128
	Index Scan using sbtest6_pkey on sbtest6  (cost=0.43..399.81 rows=100 width=125)
	  Index Cond: ((id >= 3707028) AND (id <= 3707128))

table 7 : explain SELECT id, c FROM sbtest7 WHERE id BETWEEN 3707028 AND 3707128
	Index Scan using sbtest7_pkey on sbtest7  (cost=0.43..395.52 rows=99 width=125)
	  Index Cond: ((id >= 3707028) AND (id <= 3707128))

table 8 : explain SELECT id, c FROM sbtest8 WHERE id BETWEEN 3707028 AND 3707128
	Index Scan using sbtest8_pkey on sbtest8  (cost=0.43..432.10 rows=108 width=125)
	  Index Cond: ((id >= 3707028) AND (id <= 3707128))

explain: for range-notcovered :: explain SELECT id, c FROM sbtest%d WHERE id BETWEEN 6445698 AND 6445798
explain: for range-notcovered :: explain SELECT id, c FROM sbtest%d WHERE id BETWEEN 3836141 AND 3836241
for range-notcovered
table 1 : explain SELECT id, c FROM sbtest1 WHERE id BETWEEN 6496772 AND 6496872
	Index Scan using sbtest1_pkey on sbtest1  (cost=0.43..424.83 rows=106 width=125)
	  Index Cond: ((id >= 6496772) AND (id <= 6496872))

table 2 : explain SELECT id, c FROM sbtest2 WHERE id BETWEEN 6496772 AND 6496872
	Index Scan using sbtest2_pkey on sbtest2  (cost=0.43..435.49 rows=109 width=125)
	  Index Cond: ((id >= 6496772) AND (id <= 6496872))

table 3 : explain SELECT id, c FROM sbtest3 WHERE id BETWEEN 6496772 AND 6496872
	Index Scan using sbtest3_pkey on sbtest3  (cost=0.43..396.72 rows=99 width=125)
	  Index Cond: ((id >= 6496772) AND (id <= 6496872))

table 4 : explain SELECT id, c FROM sbtest4 WHERE id BETWEEN 6496772 AND 6496872
	Index Scan using sbtest4_pkey on sbtest4  (cost=0.43..384.80 rows=96 width=125)
	  Index Cond: ((id >= 6496772) AND (id <= 6496872))

table 5 : explain SELECT id, c FROM sbtest5 WHERE id BETWEEN 6496772 AND 6496872
	Index Scan using sbtest5_pkey on sbtest5  (cost=0.43..411.77 rows=103 width=125)
	  Index Cond: ((id >= 6496772) AND (id <= 6496872))

table 6 : explain SELECT id, c FROM sbtest6 WHERE id BETWEEN 6496772 AND 6496872
	Index Scan using sbtest6_pkey on sbtest6  (cost=0.43..431.43 rows=108 width=125)
	  Index Cond: ((id >= 6496772) AND (id <= 6496872))

table 7 : explain SELECT id, c FROM sbtest7 WHERE id BETWEEN 6496772 AND 6496872
	Index Scan using sbtest7_pkey on sbtest7  (cost=0.43..419.22 rows=105 width=125)
	  Index Cond: ((id >= 6496772) AND (id <= 6496872))

table 8 : explain SELECT id, c FROM sbtest8 WHERE id BETWEEN 6496772 AND 6496872
	Index Scan using sbtest8_pkey on sbtest8  (cost=0.43..396.47 rows=99 width=125)
	  Index Cond: ((id >= 6496772) AND (id <= 6496872))

for range-notcovered
table 1 : explain SELECT id, c FROM sbtest1 WHERE id BETWEEN 6354241 AND 6354341
	Index Scan using sbtest1_pkey on sbtest1  (cost=0.43..369.30 rows=92 width=125)
	  Index Cond: ((id >= 6354241) AND (id <= 6354341))

table 2 : explain SELECT id, c FROM sbtest2 WHERE id BETWEEN 6354241 AND 6354341
	Index Scan using sbtest2_pkey on sbtest2  (cost=0.43..395.94 rows=99 width=125)
	  Index Cond: ((id >= 6354241) AND (id <= 6354341))

table 3 : explain SELECT id, c FROM sbtest3 WHERE id BETWEEN 6354241 AND 6354341
	Index Scan using sbtest3_pkey on sbtest3  (cost=0.43..428.42 rows=107 width=125)
	  Index Cond: ((id >= 6354241) AND (id <= 6354341))

table 4 : explain SELECT id, c FROM sbtest4 WHERE id BETWEEN 6354241 AND 6354341
	Index Scan using sbtest4_pkey on sbtest4  (cost=0.43..444.24 rows=111 width=125)
	  Index Cond: ((id >= 6354241) AND (id <= 6354341))

table 5 : explain SELECT id, c FROM sbtest5 WHERE id BETWEEN 6354241 AND 6354341
	Index Scan using sbtest5_pkey on sbtest5  (cost=0.43..427.58 rows=107 width=125)
	  Index Cond: ((id >= 6354241) AND (id <= 6354341))

table 6 : explain SELECT id, c FROM sbtest6 WHERE id BETWEEN 6354241 AND 6354341
	Index Scan using sbtest6_pkey on sbtest6  (cost=0.43..431.43 rows=108 width=125)
	  Index Cond: ((id >= 6354241) AND (id <= 6354341))

table 7 : explain SELECT id, c FROM sbtest7 WHERE id BETWEEN 6354241 AND 6354341
	Index Scan using sbtest7_pkey on sbtest7  (cost=0.43..379.71 rows=95 width=125)
	  Index Cond: ((id >= 6354241) AND (id <= 6354341))

table 8 : explain SELECT id, c FROM sbtest8 WHERE id BETWEEN 6354241 AND 6354341
	Index Scan using sbtest8_pkey on sbtest8  (cost=0.43..404.39 rows=101 width=125)
	  Index Cond: ((id >= 6354241) AND (id <= 6354341))

for range-notcovered
table 1 : explain SELECT id, c FROM sbtest1 WHERE id BETWEEN 3156494 AND 3156594
	Index Scan using sbtest1_pkey on sbtest1  (cost=0.43..373.27 rows=93 width=125)
	  Index Cond: ((id >= 3156494) AND (id <= 3156594))

table 2 : explain SELECT id, c FROM sbtest2 WHERE id BETWEEN 3156494 AND 3156594
	Index Scan using sbtest2_pkey on sbtest2  (cost=0.43..403.87 rows=101 width=125)
	  Index Cond: ((id >= 3156494) AND (id <= 3156594))

table 3 : explain SELECT id, c FROM sbtest3 WHERE id BETWEEN 3156494 AND 3156594
	Index Scan using sbtest3_pkey on sbtest3  (cost=0.43..420.50 rows=105 width=125)
	  Index Cond: ((id >= 3156494) AND (id <= 3156594))

table 4 : explain SELECT id, c FROM sbtest4 WHERE id BETWEEN 3156494 AND 3156594
	Index Scan using sbtest4_pkey on sbtest4  (cost=0.43..416.51 rows=104 width=125)
	  Index Cond: ((id >= 3156494) AND (id <= 3156594))

table 5 : explain SELECT id, c FROM sbtest5 WHERE id BETWEEN 3156494 AND 3156594
	Index Scan using sbtest5_pkey on sbtest5  (cost=0.43..364.31 rows=91 width=125)
	  Index Cond: ((id >= 3156494) AND (id <= 3156594))

table 6 : explain SELECT id, c FROM sbtest6 WHERE id BETWEEN 3156494 AND 3156594
	Index Scan using sbtest6_pkey on sbtest6  (cost=0.43..403.76 rows=101 width=125)
	  Index Cond: ((id >= 3156494) AND (id <= 3156594))

table 7 : explain SELECT id, c FROM sbtest7 WHERE id BETWEEN 3156494 AND 3156594
	Index Scan using sbtest7_pkey on sbtest7  (cost=0.43..403.42 rows=101 width=125)
	  Index Cond: ((id >= 3156494) AND (id <= 3156594))

table 8 : explain SELECT id, c FROM sbtest8 WHERE id BETWEEN 3156494 AND 3156594
	Index Scan using sbtest8_pkey on sbtest8  (cost=0.43..380.62 rows=95 width=125)
	  Index Cond: ((id >= 3156494) AND (id <= 3156594))

explain: for range-notcovered :: explain SELECT id, c FROM sbtest%d WHERE id BETWEEN 3156494 AND 3156594
for range-notcovered
table 1 : explain SELECT id, c FROM sbtest1 WHERE id BETWEEN 8573992 AND 8574092
	Index Scan using sbtest1_pkey on sbtest1  (cost=0.43..412.93 rows=103 width=125)
	  Index Cond: ((id >= 8573992) AND (id <= 8574092))

table 2 : explain SELECT id, c FROM sbtest2 WHERE id BETWEEN 8573992 AND 8574092
	Index Scan using sbtest2_pkey on sbtest2  (cost=0.43..380.13 rows=95 width=125)
	  Index Cond: ((id >= 8573992) AND (id <= 8574092))

table 3 : explain SELECT id, c FROM sbtest3 WHERE id BETWEEN 8573992 AND 8574092
	Index Scan using sbtest3_pkey on sbtest3  (cost=0.43..420.50 rows=105 width=125)
	  Index Cond: ((id >= 8573992) AND (id <= 8574092))

table 4 : explain SELECT id, c FROM sbtest4 WHERE id BETWEEN 8573992 AND 8574092
	Index Scan using sbtest4_pkey on sbtest4  (cost=0.43..420.47 rows=105 width=125)
	  Index Cond: ((id >= 8573992) AND (id <= 8574092))

table 5 : explain SELECT id, c FROM sbtest5 WHERE id BETWEEN 8573992 AND 8574092
	Index Scan using sbtest5_pkey on sbtest5  (cost=0.43..447.35 rows=112 width=125)
	  Index Cond: ((id >= 8573992) AND (id <= 8574092))

table 6 : explain SELECT id, c FROM sbtest6 WHERE id BETWEEN 8573992 AND 8574092
	Index Scan using sbtest6_pkey on sbtest6  (cost=0.43..419.57 rows=105 width=125)
	  Index Cond: ((id >= 8573992) AND (id <= 8574092))

table 7 : explain SELECT id, c FROM sbtest7 WHERE id BETWEEN 8573992 AND 8574092
	Index Scan using sbtest7_pkey on sbtest7  (cost=0.43..371.81 rows=93 width=125)
	  Index Cond: ((id >= 8573992) AND (id <= 8574092))

table 8 : explain SELECT id, c FROM sbtest8 WHERE id BETWEEN 8573992 AND 8574092
	Index Scan using sbtest8_pkey on sbtest8  (cost=0.43..396.47 rows=99 width=125)
	  Index Cond: ((id >= 8573992) AND (id <= 8574092))

explain: for range-notcovered :: explain SELECT id, c FROM sbtest%d WHERE id BETWEEN 6496772 AND 6496872
explain: for range-notcovered :: explain SELECT id, c FROM sbtest%d WHERE id BETWEEN 8573992 AND 8574092
explain: for range-notcovered :: explain SELECT id, c FROM sbtest%d WHERE id BETWEEN 8027909 AND 8028009
for range-notcovered
table 1 : explain SELECT id, c FROM sbtest1 WHERE id BETWEEN 3772168 AND 3772268
	Index Scan using sbtest1_pkey on sbtest1  (cost=0.43..432.76 rows=108 width=125)
	  Index Cond: ((id >= 3772168) AND (id <= 3772268))

table 2 : explain SELECT id, c FROM sbtest2 WHERE id BETWEEN 3772168 AND 3772268
	Index Scan using sbtest2_pkey on sbtest2  (cost=0.43..411.77 rows=103 width=125)
	  Index Cond: ((id >= 3772168) AND (id <= 3772268))

table 3 : explain SELECT id, c FROM sbtest3 WHERE id BETWEEN 3772168 AND 3772268
	Index Scan using sbtest3_pkey on sbtest3  (cost=0.43..420.50 rows=105 width=125)
	  Index Cond: ((id >= 3772168) AND (id <= 3772268))

table 4 : explain SELECT id, c FROM sbtest4 WHERE id BETWEEN 3772168 AND 3772268
	Index Scan using sbtest4_pkey on sbtest4  (cost=0.43..384.80 rows=96 width=125)
	  Index Cond: ((id >= 3772168) AND (id <= 3772268))

table 5 : explain SELECT id, c FROM sbtest5 WHERE id BETWEEN 3772168 AND 3772268
	Index Scan using sbtest5_pkey on sbtest5  (cost=0.43..427.58 rows=107 width=125)
	  Index Cond: ((id >= 3772168) AND (id <= 3772268))

table 6 : explain SELECT id, c FROM sbtest6 WHERE id BETWEEN 3772168 AND 3772268
	Index Scan using sbtest6_pkey on sbtest6  (cost=0.43..376.08 rows=94 width=125)
	  Index Cond: ((id >= 3772168) AND (id <= 3772268))

table 7 : explain SELECT id, c FROM sbtest7 WHERE id BETWEEN 3772168 AND 3772268
	Index Scan using sbtest7_pkey on sbtest7  (cost=0.43..395.52 rows=99 width=125)
	  Index Cond: ((id >= 3772168) AND (id <= 3772268))

table 8 : explain SELECT id, c FROM sbtest8 WHERE id BETWEEN 3772168 AND 3772268
	Index Scan using sbtest8_pkey on sbtest8  (cost=0.43..412.31 rows=103 width=125)
	  Index Cond: ((id >= 3772168) AND (id <= 3772268))

for range-notcovered
table 1 : explain SELECT id, c FROM sbtest1 WHERE id BETWEEN 2655806 AND 2655906
	Index Scan using sbtest1_pkey on sbtest1  (cost=0.43..393.09 rows=98 width=125)
	  Index Cond: ((id >= 2655806) AND (id <= 2655906))

table 2 : explain SELECT id, c FROM sbtest2 WHERE id BETWEEN 2655806 AND 2655906
	Index Scan using sbtest2_pkey on sbtest2  (cost=0.43..384.08 rows=96 width=125)
	  Index Cond: ((id >= 2655806) AND (id <= 2655906))

table 3 : explain SELECT id, c FROM sbtest3 WHERE id BETWEEN 2655806 AND 2655906
	Index Scan using sbtest3_pkey on sbtest3  (cost=0.43..365.02 rows=91 width=125)
	  Index Cond: ((id >= 2655806) AND (id <= 2655906))

table 4 : explain SELECT id, c FROM sbtest4 WHERE id BETWEEN 2655806 AND 2655906
	Index Scan using sbtest4_pkey on sbtest4  (cost=0.43..384.80 rows=96 width=125)
	  Index Cond: ((id >= 2655806) AND (id <= 2655906))

table 5 : explain SELECT id, c FROM sbtest5 WHERE id BETWEEN 2655806 AND 2655906
	Index Scan using sbtest5_pkey on sbtest5  (cost=0.43..451.30 rows=113 width=125)
	  Index Cond: ((id >= 2655806) AND (id <= 2655906))

table 6 : explain SELECT id, c FROM sbtest6 WHERE id BETWEEN 2655806 AND 2655906
	Index Scan using sbtest6_pkey on sbtest6  (cost=0.43..407.71 rows=102 width=125)
	  Index Cond: ((id >= 2655806) AND (id <= 2655906))

table 7 : explain SELECT id, c FROM sbtest7 WHERE id BETWEEN 2655806 AND 2655906
	Index Scan using sbtest7_pkey on sbtest7  (cost=0.43..415.27 rows=104 width=125)
	  Index Cond: ((id >= 2655806) AND (id <= 2655906))

table 8 : explain SELECT id, c FROM sbtest8 WHERE id BETWEEN 2655806 AND 2655906
	Index Scan using sbtest8_pkey on sbtest8  (cost=0.43..380.62 rows=95 width=125)
	  Index Cond: ((id >= 2655806) AND (id <= 2655906))

explain: for range-notcovered :: explain SELECT id, c FROM sbtest%d WHERE id BETWEEN 3772168 AND 3772268
explain: for range-notcovered :: explain SELECT id, c FROM sbtest%d WHERE id BETWEEN 2655806 AND 2655906
explain: for range-notcovered :: explain SELECT id, c FROM sbtest%d WHERE id BETWEEN 7303929 AND 7304029
for range-notcovered
table 1 : explain SELECT id, c FROM sbtest1 WHERE id BETWEEN 8573992 AND 8574092
	Index Scan using sbtest1_pkey on sbtest1  (cost=0.43..412.93 rows=103 width=125)
	  Index Cond: ((id >= 8573992) AND (id <= 8574092))

table 2 : explain SELECT id, c FROM sbtest2 WHERE id BETWEEN 8573992 AND 8574092
	Index Scan using sbtest2_pkey on sbtest2  (cost=0.43..380.13 rows=95 width=125)
	  Index Cond: ((id >= 8573992) AND (id <= 8574092))

table 3 : explain SELECT id, c FROM sbtest3 WHERE id BETWEEN 8573992 AND 8574092
	Index Scan using sbtest3_pkey on sbtest3  (cost=0.43..420.50 rows=105 width=125)
	  Index Cond: ((id >= 8573992) AND (id <= 8574092))

table 4 : explain SELECT id, c FROM sbtest4 WHERE id BETWEEN 8573992 AND 8574092
	Index Scan using sbtest4_pkey on sbtest4  (cost=0.43..420.47 rows=105 width=125)
	  Index Cond: ((id >= 8573992) AND (id <= 8574092))

table 5 : explain SELECT id, c FROM sbtest5 WHERE id BETWEEN 8573992 AND 8574092
	Index Scan using sbtest5_pkey on sbtest5  (cost=0.43..447.35 rows=112 width=125)
	  Index Cond: ((id >= 8573992) AND (id <= 8574092))

table 6 : explain SELECT id, c FROM sbtest6 WHERE id BETWEEN 8573992 AND 8574092
	Index Scan using sbtest6_pkey on sbtest6  (cost=0.43..419.57 rows=105 width=125)
	  Index Cond: ((id >= 8573992) AND (id <= 8574092))

table 7 : explain SELECT id, c FROM sbtest7 WHERE id BETWEEN 8573992 AND 8574092
	Index Scan using sbtest7_pkey on sbtest7  (cost=0.43..371.81 rows=93 width=125)
	  Index Cond: ((id >= 8573992) AND (id <= 8574092))

table 8 : explain SELECT id, c FROM sbtest8 WHERE id BETWEEN 8573992 AND 8574092
	Index Scan using sbtest8_pkey on sbtest8  (cost=0.43..396.47 rows=99 width=125)
	  Index Cond: ((id >= 8573992) AND (id <= 8574092))

explain: for range-notcovered :: explain SELECT id, c FROM sbtest%d WHERE id BETWEEN 8573992 AND 8574092
for range-notcovered
table 1 : explain SELECT id, c FROM sbtest1 WHERE id BETWEEN 3156494 AND 3156594
	Index Scan using sbtest1_pkey on sbtest1  (cost=0.43..373.27 rows=93 width=125)
	  Index Cond: ((id >= 3156494) AND (id <= 3156594))

table 2 : explain SELECT id, c FROM sbtest2 WHERE id BETWEEN 3156494 AND 3156594
	Index Scan using sbtest2_pkey on sbtest2  (cost=0.43..403.87 rows=101 width=125)
	  Index Cond: ((id >= 3156494) AND (id <= 3156594))

table 3 : explain SELECT id, c FROM sbtest3 WHERE id BETWEEN 3156494 AND 3156594
	Index Scan using sbtest3_pkey on sbtest3  (cost=0.43..420.50 rows=105 width=125)
	  Index Cond: ((id >= 3156494) AND (id <= 3156594))

table 4 : explain SELECT id, c FROM sbtest4 WHERE id BETWEEN 3156494 AND 3156594
	Index Scan using sbtest4_pkey on sbtest4  (cost=0.43..416.51 rows=104 width=125)
	  Index Cond: ((id >= 3156494) AND (id <= 3156594))

table 5 : explain SELECT id, c FROM sbtest5 WHERE id BETWEEN 3156494 AND 3156594
	Index Scan using sbtest5_pkey on sbtest5  (cost=0.43..364.31 rows=91 width=125)
	  Index Cond: ((id >= 3156494) AND (id <= 3156594))

table 6 : explain SELECT id, c FROM sbtest6 WHERE id BETWEEN 3156494 AND 3156594
	Index Scan using sbtest6_pkey on sbtest6  (cost=0.43..403.76 rows=101 width=125)
	  Index Cond: ((id >= 3156494) AND (id <= 3156594))

table 7 : explain SELECT id, c FROM sbtest7 WHERE id BETWEEN 3156494 AND 3156594
	Index Scan using sbtest7_pkey on sbtest7  (cost=0.43..403.42 rows=101 width=125)
	  Index Cond: ((id >= 3156494) AND (id <= 3156594))

table 8 : explain SELECT id, c FROM sbtest8 WHERE id BETWEEN 3156494 AND 3156594
	Index Scan using sbtest8_pkey on sbtest8  (cost=0.43..380.62 rows=95 width=125)
	  Index Cond: ((id >= 3156494) AND (id <= 3156594))

for range-notcovered
table 1 : explain SELECT id, c FROM sbtest1 WHERE id BETWEEN 6445698 AND 6445798
	Index Scan using sbtest1_pkey on sbtest1  (cost=0.43..424.83 rows=106 width=125)
	  Index Cond: ((id >= 6445698) AND (id <= 6445798))

table 2 : explain SELECT id, c FROM sbtest2 WHERE id BETWEEN 6445698 AND 6445798
	Index Scan using sbtest2_pkey on sbtest2  (cost=0.43..435.49 rows=109 width=125)
	  Index Cond: ((id >= 6445698) AND (id <= 6445798))

table 3 : explain SELECT id, c FROM sbtest3 WHERE id BETWEEN 6445698 AND 6445798
	Index Scan using sbtest3_pkey on sbtest3  (cost=0.43..396.72 rows=99 width=125)
	  Index Cond: ((id >= 6445698) AND (id <= 6445798))

table 4 : explain SELECT id, c FROM sbtest4 WHERE id BETWEEN 6445698 AND 6445798
	Index Scan using sbtest4_pkey on sbtest4  (cost=0.43..440.28 rows=110 width=125)
	  Index Cond: ((id >= 6445698) AND (id <= 6445798))

table 5 : explain SELECT id, c FROM sbtest5 WHERE id BETWEEN 6445698 AND 6445798
	Index Scan using sbtest5_pkey on sbtest5  (cost=0.43..395.94 rows=99 width=125)
	  Index Cond: ((id >= 6445698) AND (id <= 6445798))

table 6 : explain SELECT id, c FROM sbtest6 WHERE id BETWEEN 6445698 AND 6445798
	Index Scan using sbtest6_pkey on sbtest6  (cost=0.43..419.57 rows=105 width=125)
	  Index Cond: ((id >= 6445698) AND (id <= 6445798))

table 7 : explain SELECT id, c FROM sbtest7 WHERE id BETWEEN 6445698 AND 6445798
	Index Scan using sbtest7_pkey on sbtest7  (cost=0.43..419.22 rows=105 width=125)
	  Index Cond: ((id >= 6445698) AND (id <= 6445798))

table 8 : explain SELECT id, c FROM sbtest8 WHERE id BETWEEN 6445698 AND 6445798
	Index Scan using sbtest8_pkey on sbtest8  (cost=0.43..396.47 rows=99 width=125)
	  Index Cond: ((id >= 6445698) AND (id <= 6445798))

explain: for range-notcovered :: explain SELECT id, c FROM sbtest%d WHERE id BETWEEN 6445698 AND 6445798
for range-notcovered
table 1 : explain SELECT id, c FROM sbtest1 WHERE id BETWEEN 2655806 AND 2655906
	Index Scan using sbtest1_pkey on sbtest1  (cost=0.43..393.09 rows=98 width=125)
	  Index Cond: ((id >= 2655806) AND (id <= 2655906))

table 2 : explain SELECT id, c FROM sbtest2 WHERE id BETWEEN 2655806 AND 2655906
	Index Scan using sbtest2_pkey on sbtest2  (cost=0.43..384.08 rows=96 width=125)
	  Index Cond: ((id >= 2655806) AND (id <= 2655906))

table 3 : explain SELECT id, c FROM sbtest3 WHERE id BETWEEN 2655806 AND 2655906
	Index Scan using sbtest3_pkey on sbtest3  (cost=0.43..365.02 rows=91 width=125)
	  Index Cond: ((id >= 2655806) AND (id <= 2655906))

table 4 : explain SELECT id, c FROM sbtest4 WHERE id BETWEEN 2655806 AND 2655906
	Index Scan using sbtest4_pkey on sbtest4  (cost=0.43..384.80 rows=96 width=125)
	  Index Cond: ((id >= 2655806) AND (id <= 2655906))

table 5 : explain SELECT id, c FROM sbtest5 WHERE id BETWEEN 2655806 AND 2655906
	Index Scan using sbtest5_pkey on sbtest5  (cost=0.43..451.30 rows=113 width=125)
	  Index Cond: ((id >= 2655806) AND (id <= 2655906))

table 6 : explain SELECT id, c FROM sbtest6 WHERE id BETWEEN 2655806 AND 2655906
	Index Scan using sbtest6_pkey on sbtest6  (cost=0.43..407.71 rows=102 width=125)
	  Index Cond: ((id >= 2655806) AND (id <= 2655906))

table 7 : explain SELECT id, c FROM sbtest7 WHERE id BETWEEN 2655806 AND 2655906
	Index Scan using sbtest7_pkey on sbtest7  (cost=0.43..415.27 rows=104 width=125)
	  Index Cond: ((id >= 2655806) AND (id <= 2655906))

table 8 : explain SELECT id, c FROM sbtest8 WHERE id BETWEEN 2655806 AND 2655906
	Index Scan using sbtest8_pkey on sbtest8  (cost=0.43..380.62 rows=95 width=125)
	  Index Cond: ((id >= 2655806) AND (id <= 2655906))

explain: for range-notcovered :: explain SELECT id, c FROM sbtest%d WHERE id BETWEEN 3156494 AND 3156594
explain: for range-notcovered :: explain SELECT id, c FROM sbtest%d WHERE id BETWEEN 2655806 AND 2655906
for range-notcovered
table 1 : explain SELECT id, c FROM sbtest1 WHERE id BETWEEN 8573992 AND 8574092
	Index Scan using sbtest1_pkey on sbtest1  (cost=0.43..412.93 rows=103 width=125)
	  Index Cond: ((id >= 8573992) AND (id <= 8574092))

table 2 : explain SELECT id, c FROM sbtest2 WHERE id BETWEEN 8573992 AND 8574092
	Index Scan using sbtest2_pkey on sbtest2  (cost=0.43..380.13 rows=95 width=125)
	  Index Cond: ((id >= 8573992) AND (id <= 8574092))

table 3 : explain SELECT id, c FROM sbtest3 WHERE id BETWEEN 8573992 AND 8574092
	Index Scan using sbtest3_pkey on sbtest3  (cost=0.43..420.50 rows=105 width=125)
	  Index Cond: ((id >= 8573992) AND (id <= 8574092))

table 4 : explain SELECT id, c FROM sbtest4 WHERE id BETWEEN 8573992 AND 8574092
	Index Scan using sbtest4_pkey on sbtest4  (cost=0.43..420.47 rows=105 width=125)
	  Index Cond: ((id >= 8573992) AND (id <= 8574092))

table 5 : explain SELECT id, c FROM sbtest5 WHERE id BETWEEN 8573992 AND 8574092
	Index Scan using sbtest5_pkey on sbtest5  (cost=0.43..447.35 rows=112 width=125)
	  Index Cond: ((id >= 8573992) AND (id <= 8574092))

table 6 : explain SELECT id, c FROM sbtest6 WHERE id BETWEEN 8573992 AND 8574092
	Index Scan using sbtest6_pkey on sbtest6  (cost=0.43..419.57 rows=105 width=125)
	  Index Cond: ((id >= 8573992) AND (id <= 8574092))

table 7 : explain SELECT id, c FROM sbtest7 WHERE id BETWEEN 8573992 AND 8574092
	Index Scan using sbtest7_pkey on sbtest7  (cost=0.43..371.81 rows=93 width=125)
	  Index Cond: ((id >= 8573992) AND (id <= 8574092))

table 8 : explain SELECT id, c FROM sbtest8 WHERE id BETWEEN 8573992 AND 8574092
	Index Scan using sbtest8_pkey on sbtest8  (cost=0.43..396.47 rows=99 width=125)
	  Index Cond: ((id >= 8573992) AND (id <= 8574092))

for range-notcovered
table 1 : explain SELECT id, c FROM sbtest1 WHERE id BETWEEN 6496772 AND 6496872
	Index Scan using sbtest1_pkey on sbtest1  (cost=0.43..424.83 rows=106 width=125)
	  Index Cond: ((id >= 6496772) AND (id <= 6496872))

table 2 : explain SELECT id, c FROM sbtest2 WHERE id BETWEEN 6496772 AND 6496872
	Index Scan using sbtest2_pkey on sbtest2  (cost=0.43..435.49 rows=109 width=125)
	  Index Cond: ((id >= 6496772) AND (id <= 6496872))

table 3 : explain SELECT id, c FROM sbtest3 WHERE id BETWEEN 6496772 AND 6496872
	Index Scan using sbtest3_pkey on sbtest3  (cost=0.43..396.72 rows=99 width=125)
	  Index Cond: ((id >= 6496772) AND (id <= 6496872))

table 4 : explain SELECT id, c FROM sbtest4 WHERE id BETWEEN 6496772 AND 6496872
	Index Scan using sbtest4_pkey on sbtest4  (cost=0.43..384.80 rows=96 width=125)
	  Index Cond: ((id >= 6496772) AND (id <= 6496872))

table 5 : explain SELECT id, c FROM sbtest5 WHERE id BETWEEN 6496772 AND 6496872
	Index Scan using sbtest5_pkey on sbtest5  (cost=0.43..411.77 rows=103 width=125)
	  Index Cond: ((id >= 6496772) AND (id <= 6496872))

table 6 : explain SELECT id, c FROM sbtest6 WHERE id BETWEEN 6496772 AND 6496872
	Index Scan using sbtest6_pkey on sbtest6  (cost=0.43..431.43 rows=108 width=125)
	  Index Cond: ((id >= 6496772) AND (id <= 6496872))

table 7 : explain SELECT id, c FROM sbtest7 WHERE id BETWEEN 6496772 AND 6496872
	Index Scan using sbtest7_pkey on sbtest7  (cost=0.43..419.22 rows=105 width=125)
	  Index Cond: ((id >= 6496772) AND (id <= 6496872))

table 8 : explain SELECT id, c FROM sbtest8 WHERE id BETWEEN 6496772 AND 6496872
	Index Scan using sbtest8_pkey on sbtest8  (cost=0.43..396.47 rows=99 width=125)
	  Index Cond: ((id >= 6496772) AND (id <= 6496872))

explain: for range-notcovered :: explain SELECT id, c FROM sbtest%d WHERE id BETWEEN 8573992 AND 8574092
explain: for range-notcovered :: explain SELECT id, c FROM sbtest%d WHERE id BETWEEN 6496772 AND 6496872
for range-notcovered
table 1 : explain SELECT id, c FROM sbtest1 WHERE id BETWEEN 6445698 AND 6445798
	Index Scan using sbtest1_pkey on sbtest1  (cost=0.43..424.83 rows=106 width=125)
	  Index Cond: ((id >= 6445698) AND (id <= 6445798))

table 2 : explain SELECT id, c FROM sbtest2 WHERE id BETWEEN 6445698 AND 6445798
	Index Scan using sbtest2_pkey on sbtest2  (cost=0.43..435.49 rows=109 width=125)
	  Index Cond: ((id >= 6445698) AND (id <= 6445798))

table 3 : explain SELECT id, c FROM sbtest3 WHERE id BETWEEN 6445698 AND 6445798
	Index Scan using sbtest3_pkey on sbtest3  (cost=0.43..396.72 rows=99 width=125)
	  Index Cond: ((id >= 6445698) AND (id <= 6445798))

table 4 : explain SELECT id, c FROM sbtest4 WHERE id BETWEEN 6445698 AND 6445798
	Index Scan using sbtest4_pkey on sbtest4  (cost=0.43..440.28 rows=110 width=125)
	  Index Cond: ((id >= 6445698) AND (id <= 6445798))

table 5 : explain SELECT id, c FROM sbtest5 WHERE id BETWEEN 6445698 AND 6445798
	Index Scan using sbtest5_pkey on sbtest5  (cost=0.43..395.94 rows=99 width=125)
	  Index Cond: ((id >= 6445698) AND (id <= 6445798))

table 6 : explain SELECT id, c FROM sbtest6 WHERE id BETWEEN 6445698 AND 6445798
	Index Scan using sbtest6_pkey on sbtest6  (cost=0.43..419.57 rows=105 width=125)
	  Index Cond: ((id >= 6445698) AND (id <= 6445798))

table 7 : explain SELECT id, c FROM sbtest7 WHERE id BETWEEN 6445698 AND 6445798
	Index Scan using sbtest7_pkey on sbtest7  (cost=0.43..419.22 rows=105 width=125)
	  Index Cond: ((id >= 6445698) AND (id <= 6445798))

table 8 : explain SELECT id, c FROM sbtest8 WHERE id BETWEEN 6445698 AND 6445798
	Index Scan using sbtest8_pkey on sbtest8  (cost=0.43..396.47 rows=99 width=125)
	  Index Cond: ((id >= 6445698) AND (id <= 6445798))

for range-notcovered
table 1 : explain SELECT id, c FROM sbtest1 WHERE id BETWEEN 3772168 AND 3772268
	Index Scan using sbtest1_pkey on sbtest1  (cost=0.43..432.76 rows=108 width=125)
	  Index Cond: ((id >= 3772168) AND (id <= 3772268))

table 2 : explain SELECT id, c FROM sbtest2 WHERE id BETWEEN 3772168 AND 3772268
	Index Scan using sbtest2_pkey on sbtest2  (cost=0.43..411.77 rows=103 width=125)
	  Index Cond: ((id >= 3772168) AND (id <= 3772268))

table 3 : explain SELECT id, c FROM sbtest3 WHERE id BETWEEN 3772168 AND 3772268
	Index Scan using sbtest3_pkey on sbtest3  (cost=0.43..420.50 rows=105 width=125)
	  Index Cond: ((id >= 3772168) AND (id <= 3772268))

table 4 : explain SELECT id, c FROM sbtest4 WHERE id BETWEEN 3772168 AND 3772268
	Index Scan using sbtest4_pkey on sbtest4  (cost=0.43..384.80 rows=96 width=125)
	  Index Cond: ((id >= 3772168) AND (id <= 3772268))

table 5 : explain SELECT id, c FROM sbtest5 WHERE id BETWEEN 3772168 AND 3772268
	Index Scan using sbtest5_pkey on sbtest5  (cost=0.43..427.58 rows=107 width=125)
	  Index Cond: ((id >= 3772168) AND (id <= 3772268))

table 6 : explain SELECT id, c FROM sbtest6 WHERE id BETWEEN 3772168 AND 3772268
	Index Scan using sbtest6_pkey on sbtest6  (cost=0.43..376.08 rows=94 width=125)
	  Index Cond: ((id >= 3772168) AND (id <= 3772268))

table 7 : explain SELECT id, c FROM sbtest7 WHERE id BETWEEN 3772168 AND 3772268
	Index Scan using sbtest7_pkey on sbtest7  (cost=0.43..395.52 rows=99 width=125)
	  Index Cond: ((id >= 3772168) AND (id <= 3772268))

table 8 : explain SELECT id, c FROM sbtest8 WHERE id BETWEEN 3772168 AND 3772268
	Index Scan using sbtest8_pkey on sbtest8  (cost=0.43..412.31 rows=103 width=125)
	  Index Cond: ((id >= 3772168) AND (id <= 3772268))

explain: for range-notcovered :: explain SELECT id, c FROM sbtest%d WHERE id BETWEEN 6445698 AND 6445798
for range-notcovered
table 1 : explain SELECT id, c FROM sbtest1 WHERE id BETWEEN 2655806 AND 2655906
	Index Scan using sbtest1_pkey on sbtest1  (cost=0.43..393.09 rows=98 width=125)
	  Index Cond: ((id >= 2655806) AND (id <= 2655906))

table 2 : explain SELECT id, c FROM sbtest2 WHERE id BETWEEN 2655806 AND 2655906
	Index Scan using sbtest2_pkey on sbtest2  (cost=0.43..384.08 rows=96 width=125)
	  Index Cond: ((id >= 2655806) AND (id <= 2655906))

table 3 : explain SELECT id, c FROM sbtest3 WHERE id BETWEEN 2655806 AND 2655906
	Index Scan using sbtest3_pkey on sbtest3  (cost=0.43..365.02 rows=91 width=125)
	  Index Cond: ((id >= 2655806) AND (id <= 2655906))

table 4 : explain SELECT id, c FROM sbtest4 WHERE id BETWEEN 2655806 AND 2655906
	Index Scan using sbtest4_pkey on sbtest4  (cost=0.43..384.80 rows=96 width=125)
	  Index Cond: ((id >= 2655806) AND (id <= 2655906))

table 5 : explain SELECT id, c FROM sbtest5 WHERE id BETWEEN 2655806 AND 2655906
	Index Scan using sbtest5_pkey on sbtest5  (cost=0.43..451.30 rows=113 width=125)
	  Index Cond: ((id >= 2655806) AND (id <= 2655906))

table 6 : explain SELECT id, c FROM sbtest6 WHERE id BETWEEN 2655806 AND 2655906
	Index Scan using sbtest6_pkey on sbtest6  (cost=0.43..407.71 rows=102 width=125)
	  Index Cond: ((id >= 2655806) AND (id <= 2655906))

table 7 : explain SELECT id, c FROM sbtest7 WHERE id BETWEEN 2655806 AND 2655906
	Index Scan using sbtest7_pkey on sbtest7  (cost=0.43..415.27 rows=104 width=125)
	  Index Cond: ((id >= 2655806) AND (id <= 2655906))

table 8 : explain SELECT id, c FROM sbtest8 WHERE id BETWEEN 2655806 AND 2655906
	Index Scan using sbtest8_pkey on sbtest8  (cost=0.43..380.62 rows=95 width=125)
	  Index Cond: ((id >= 2655806) AND (id <= 2655906))

explain: for range-notcovered :: explain SELECT id, c FROM sbtest%d WHERE id BETWEEN 3772168 AND 3772268
explain: for range-notcovered :: explain SELECT id, c FROM sbtest%d WHERE id BETWEEN 2655806 AND 2655906
for range-notcovered
table 1 : explain SELECT id, c FROM sbtest1 WHERE id BETWEEN 8573992 AND 8574092
	Index Scan using sbtest1_pkey on sbtest1  (cost=0.43..412.93 rows=103 width=125)
	  Index Cond: ((id >= 8573992) AND (id <= 8574092))

table 2 : explain SELECT id, c FROM sbtest2 WHERE id BETWEEN 8573992 AND 8574092
	Index Scan using sbtest2_pkey on sbtest2  (cost=0.43..380.13 rows=95 width=125)
	  Index Cond: ((id >= 8573992) AND (id <= 8574092))

table 3 : explain SELECT id, c FROM sbtest3 WHERE id BETWEEN 8573992 AND 8574092
	Index Scan using sbtest3_pkey on sbtest3  (cost=0.43..420.50 rows=105 width=125)
	  Index Cond: ((id >= 8573992) AND (id <= 8574092))

table 4 : explain SELECT id, c FROM sbtest4 WHERE id BETWEEN 8573992 AND 8574092
	Index Scan using sbtest4_pkey on sbtest4  (cost=0.43..420.47 rows=105 width=125)
	  Index Cond: ((id >= 8573992) AND (id <= 8574092))

table 5 : explain SELECT id, c FROM sbtest5 WHERE id BETWEEN 8573992 AND 8574092
	Index Scan using sbtest5_pkey on sbtest5  (cost=0.43..447.35 rows=112 width=125)
	  Index Cond: ((id >= 8573992) AND (id <= 8574092))

table 6 : explain SELECT id, c FROM sbtest6 WHERE id BETWEEN 8573992 AND 8574092
	Index Scan using sbtest6_pkey on sbtest6  (cost=0.43..419.57 rows=105 width=125)
	  Index Cond: ((id >= 8573992) AND (id <= 8574092))

table 7 : explain SELECT id, c FROM sbtest7 WHERE id BETWEEN 8573992 AND 8574092
	Index Scan using sbtest7_pkey on sbtest7  (cost=0.43..371.81 rows=93 width=125)
	  Index Cond: ((id >= 8573992) AND (id <= 8574092))

table 8 : explain SELECT id, c FROM sbtest8 WHERE id BETWEEN 8573992 AND 8574092
	Index Scan using sbtest8_pkey on sbtest8  (cost=0.43..396.47 rows=99 width=125)
	  Index Cond: ((id >= 8573992) AND (id <= 8574092))

explain: for range-notcovered :: explain SELECT id, c FROM sbtest%d WHERE id BETWEEN 8573992 AND 8574092
for range-notcovered
table 1 : explain SELECT id, c FROM sbtest1 WHERE id BETWEEN 3156494 AND 3156594
	Index Scan using sbtest1_pkey on sbtest1  (cost=0.43..373.27 rows=93 width=125)
	  Index Cond: ((id >= 3156494) AND (id <= 3156594))

table 2 : explain SELECT id, c FROM sbtest2 WHERE id BETWEEN 3156494 AND 3156594
	Index Scan using sbtest2_pkey on sbtest2  (cost=0.43..403.87 rows=101 width=125)
	  Index Cond: ((id >= 3156494) AND (id <= 3156594))

table 3 : explain SELECT id, c FROM sbtest3 WHERE id BETWEEN 3156494 AND 3156594
	Index Scan using sbtest3_pkey on sbtest3  (cost=0.43..420.50 rows=105 width=125)
	  Index Cond: ((id >= 3156494) AND (id <= 3156594))

table 4 : explain SELECT id, c FROM sbtest4 WHERE id BETWEEN 3156494 AND 3156594
	Index Scan using sbtest4_pkey on sbtest4  (cost=0.43..416.51 rows=104 width=125)
	  Index Cond: ((id >= 3156494) AND (id <= 3156594))

table 5 : explain SELECT id, c FROM sbtest5 WHERE id BETWEEN 3156494 AND 3156594
	Index Scan using sbtest5_pkey on sbtest5  (cost=0.43..364.31 rows=91 width=125)
	  Index Cond: ((id >= 3156494) AND (id <= 3156594))

table 6 : explain SELECT id, c FROM sbtest6 WHERE id BETWEEN 3156494 AND 3156594
	Index Scan using sbtest6_pkey on sbtest6  (cost=0.43..403.76 rows=101 width=125)
	  Index Cond: ((id >= 3156494) AND (id <= 3156594))

table 7 : explain SELECT id, c FROM sbtest7 WHERE id BETWEEN 3156494 AND 3156594
	Index Scan using sbtest7_pkey on sbtest7  (cost=0.43..403.42 rows=101 width=125)
	  Index Cond: ((id >= 3156494) AND (id <= 3156594))

table 8 : explain SELECT id, c FROM sbtest8 WHERE id BETWEEN 3156494 AND 3156594
	Index Scan using sbtest8_pkey on sbtest8  (cost=0.43..380.62 rows=95 width=125)
	  Index Cond: ((id >= 3156494) AND (id <= 3156594))

for range-notcovered
table 1 : explain SELECT id, c FROM sbtest1 WHERE id BETWEEN 3836141 AND 3836241
	Index Scan using sbtest1_pkey on sbtest1  (cost=0.43..436.72 rows=109 width=125)
	  Index Cond: ((id >= 3836141) AND (id <= 3836241))

table 2 : explain SELECT id, c FROM sbtest2 WHERE id BETWEEN 3836141 AND 3836241
	Index Scan using sbtest2_pkey on sbtest2  (cost=0.43..439.45 rows=110 width=125)
	  Index Cond: ((id >= 3836141) AND (id <= 3836241))

table 3 : explain SELECT id, c FROM sbtest3 WHERE id BETWEEN 3836141 AND 3836241
	Index Scan using sbtest3_pkey on sbtest3  (cost=0.43..424.46 rows=106 width=125)
	  Index Cond: ((id >= 3836141) AND (id <= 3836241))

table 4 : explain SELECT id, c FROM sbtest4 WHERE id BETWEEN 3836141 AND 3836241
	Index Scan using sbtest4_pkey on sbtest4  (cost=0.43..384.80 rows=96 width=125)
	  Index Cond: ((id >= 3836141) AND (id <= 3836241))

table 5 : explain SELECT id, c FROM sbtest5 WHERE id BETWEEN 3836141 AND 3836241
	Index Scan using sbtest5_pkey on sbtest5  (cost=0.43..427.58 rows=107 width=125)
	  Index Cond: ((id >= 3836141) AND (id <= 3836241))

table 6 : explain SELECT id, c FROM sbtest6 WHERE id BETWEEN 3836141 AND 3836241
	Index Scan using sbtest6_pkey on sbtest6  (cost=0.43..376.08 rows=94 width=125)
	  Index Cond: ((id >= 3836141) AND (id <= 3836241))

table 7 : explain SELECT id, c FROM sbtest7 WHERE id BETWEEN 3836141 AND 3836241
	Index Scan using sbtest7_pkey on sbtest7  (cost=0.43..446.86 rows=112 width=125)
	  Index Cond: ((id >= 3836141) AND (id <= 3836241))

table 8 : explain SELECT id, c FROM sbtest8 WHERE id BETWEEN 3836141 AND 3836241
	Index Scan using sbtest8_pkey on sbtest8  (cost=0.43..479.61 rows=120 width=125)
	  Index Cond: ((id >= 3836141) AND (id <= 3836241))

explain: for range-notcovered :: explain SELECT id, c FROM sbtest%d WHERE id BETWEEN 3836141 AND 3836241
for range-notcovered
table 1 : explain SELECT id, c FROM sbtest1 WHERE id BETWEEN 2655806 AND 2655906
	Index Scan using sbtest1_pkey on sbtest1  (cost=0.43..393.09 rows=98 width=125)
	  Index Cond: ((id >= 2655806) AND (id <= 2655906))

table 2 : explain SELECT id, c FROM sbtest2 WHERE id BETWEEN 2655806 AND 2655906
	Index Scan using sbtest2_pkey on sbtest2  (cost=0.43..384.08 rows=96 width=125)
	  Index Cond: ((id >= 2655806) AND (id <= 2655906))

table 3 : explain SELECT id, c FROM sbtest3 WHERE id BETWEEN 2655806 AND 2655906
	Index Scan using sbtest3_pkey on sbtest3  (cost=0.43..365.02 rows=91 width=125)
	  Index Cond: ((id >= 2655806) AND (id <= 2655906))

table 4 : explain SELECT id, c FROM sbtest4 WHERE id BETWEEN 2655806 AND 2655906
	Index Scan using sbtest4_pkey on sbtest4  (cost=0.43..384.80 rows=96 width=125)
	  Index Cond: ((id >= 2655806) AND (id <= 2655906))

table 5 : explain SELECT id, c FROM sbtest5 WHERE id BETWEEN 2655806 AND 2655906
	Index Scan using sbtest5_pkey on sbtest5  (cost=0.43..451.30 rows=113 width=125)
	  Index Cond: ((id >= 2655806) AND (id <= 2655906))

table 6 : explain SELECT id, c FROM sbtest6 WHERE id BETWEEN 2655806 AND 2655906
	Index Scan using sbtest6_pkey on sbtest6  (cost=0.43..407.71 rows=102 width=125)
	  Index Cond: ((id >= 2655806) AND (id <= 2655906))

table 7 : explain SELECT id, c FROM sbtest7 WHERE id BETWEEN 2655806 AND 2655906
	Index Scan using sbtest7_pkey on sbtest7  (cost=0.43..415.27 rows=104 width=125)
	  Index Cond: ((id >= 2655806) AND (id <= 2655906))

table 8 : explain SELECT id, c FROM sbtest8 WHERE id BETWEEN 2655806 AND 2655906
	Index Scan using sbtest8_pkey on sbtest8  (cost=0.43..380.62 rows=95 width=125)
	  Index Cond: ((id >= 2655806) AND (id <= 2655906))

explain: for range-notcovered :: explain SELECT id, c FROM sbtest%d WHERE id BETWEEN 2655806 AND 2655906
for range-notcovered
table 1 : explain SELECT id, c FROM sbtest1 WHERE id BETWEEN 8573992 AND 8574092
	Index Scan using sbtest1_pkey on sbtest1  (cost=0.43..412.93 rows=103 width=125)
	  Index Cond: ((id >= 8573992) AND (id <= 8574092))

table 2 : explain SELECT id, c FROM sbtest2 WHERE id BETWEEN 8573992 AND 8574092
	Index Scan using sbtest2_pkey on sbtest2  (cost=0.43..380.13 rows=95 width=125)
	  Index Cond: ((id >= 8573992) AND (id <= 8574092))

table 3 : explain SELECT id, c FROM sbtest3 WHERE id BETWEEN 8573992 AND 8574092
	Index Scan using sbtest3_pkey on sbtest3  (cost=0.43..420.50 rows=105 width=125)
	  Index Cond: ((id >= 8573992) AND (id <= 8574092))

table 4 : explain SELECT id, c FROM sbtest4 WHERE id BETWEEN 8573992 AND 8574092
	Index Scan using sbtest4_pkey on sbtest4  (cost=0.43..420.47 rows=105 width=125)
	  Index Cond: ((id >= 8573992) AND (id <= 8574092))

table 5 : explain SELECT id, c FROM sbtest5 WHERE id BETWEEN 8573992 AND 8574092
	Index Scan using sbtest5_pkey on sbtest5  (cost=0.43..447.35 rows=112 width=125)
	  Index Cond: ((id >= 8573992) AND (id <= 8574092))

table 6 : explain SELECT id, c FROM sbtest6 WHERE id BETWEEN 8573992 AND 8574092
	Index Scan using sbtest6_pkey on sbtest6  (cost=0.43..419.57 rows=105 width=125)
	  Index Cond: ((id >= 8573992) AND (id <= 8574092))

table 7 : explain SELECT id, c FROM sbtest7 WHERE id BETWEEN 8573992 AND 8574092
	Index Scan using sbtest7_pkey on sbtest7  (cost=0.43..371.81 rows=93 width=125)
	  Index Cond: ((id >= 8573992) AND (id <= 8574092))

table 8 : explain SELECT id, c FROM sbtest8 WHERE id BETWEEN 8573992 AND 8574092
	Index Scan using sbtest8_pkey on sbtest8  (cost=0.43..396.47 rows=99 width=125)
	  Index Cond: ((id >= 8573992) AND (id <= 8574092))

explain: for range-notcovered :: explain SELECT id, c FROM sbtest%d WHERE id BETWEEN 8573992 AND 8574092
explain: for range-notcovered :: explain SELECT id, c FROM sbtest%d WHERE id BETWEEN 8284138 AND 8284238
for range-notcovered
table 1 : explain SELECT id, c FROM sbtest1 WHERE id BETWEEN 6496772 AND 6496872
	Index Scan using sbtest1_pkey on sbtest1  (cost=0.43..424.83 rows=106 width=125)
	  Index Cond: ((id >= 6496772) AND (id <= 6496872))

table 2 : explain SELECT id, c FROM sbtest2 WHERE id BETWEEN 6496772 AND 6496872
	Index Scan using sbtest2_pkey on sbtest2  (cost=0.43..435.49 rows=109 width=125)
	  Index Cond: ((id >= 6496772) AND (id <= 6496872))

table 3 : explain SELECT id, c FROM sbtest3 WHERE id BETWEEN 6496772 AND 6496872
	Index Scan using sbtest3_pkey on sbtest3  (cost=0.43..396.72 rows=99 width=125)
	  Index Cond: ((id >= 6496772) AND (id <= 6496872))

table 4 : explain SELECT id, c FROM sbtest4 WHERE id BETWEEN 6496772 AND 6496872
	Index Scan using sbtest4_pkey on sbtest4  (cost=0.43..384.80 rows=96 width=125)
	  Index Cond: ((id >= 6496772) AND (id <= 6496872))

table 5 : explain SELECT id, c FROM sbtest5 WHERE id BETWEEN 6496772 AND 6496872
	Index Scan using sbtest5_pkey on sbtest5  (cost=0.43..411.77 rows=103 width=125)
	  Index Cond: ((id >= 6496772) AND (id <= 6496872))

table 6 : explain SELECT id, c FROM sbtest6 WHERE id BETWEEN 6496772 AND 6496872
	Index Scan using sbtest6_pkey on sbtest6  (cost=0.43..431.43 rows=108 width=125)
	  Index Cond: ((id >= 6496772) AND (id <= 6496872))

table 7 : explain SELECT id, c FROM sbtest7 WHERE id BETWEEN 6496772 AND 6496872
	Index Scan using sbtest7_pkey on sbtest7  (cost=0.43..419.22 rows=105 width=125)
	  Index Cond: ((id >= 6496772) AND (id <= 6496872))

table 8 : explain SELECT id, c FROM sbtest8 WHERE id BETWEEN 6496772 AND 6496872
	Index Scan using sbtest8_pkey on sbtest8  (cost=0.43..396.47 rows=99 width=125)
	  Index Cond: ((id >= 6496772) AND (id <= 6496872))

explain: for range-notcovered :: explain SELECT id, c FROM sbtest%d WHERE id BETWEEN 6496772 AND 6496872
for range-notcovered
table 1 : explain SELECT id, c FROM sbtest1 WHERE id BETWEEN 6445698 AND 6445798
	Index Scan using sbtest1_pkey on sbtest1  (cost=0.43..424.83 rows=106 width=125)
	  Index Cond: ((id >= 6445698) AND (id <= 6445798))

table 2 : explain SELECT id, c FROM sbtest2 WHERE id BETWEEN 6445698 AND 6445798
	Index Scan using sbtest2_pkey on sbtest2  (cost=0.43..435.49 rows=109 width=125)
	  Index Cond: ((id >= 6445698) AND (id <= 6445798))

table 3 : explain SELECT id, c FROM sbtest3 WHERE id BETWEEN 6445698 AND 6445798
	Index Scan using sbtest3_pkey on sbtest3  (cost=0.43..396.72 rows=99 width=125)
	  Index Cond: ((id >= 6445698) AND (id <= 6445798))

table 4 : explain SELECT id, c FROM sbtest4 WHERE id BETWEEN 6445698 AND 6445798
	Index Scan using sbtest4_pkey on sbtest4  (cost=0.43..440.28 rows=110 width=125)
	  Index Cond: ((id >= 6445698) AND (id <= 6445798))

table 5 : explain SELECT id, c FROM sbtest5 WHERE id BETWEEN 6445698 AND 6445798
	Index Scan using sbtest5_pkey on sbtest5  (cost=0.43..395.94 rows=99 width=125)
	  Index Cond: ((id >= 6445698) AND (id <= 6445798))

table 6 : explain SELECT id, c FROM sbtest6 WHERE id BETWEEN 6445698 AND 6445798
	Index Scan using sbtest6_pkey on sbtest6  (cost=0.43..419.57 rows=105 width=125)
	  Index Cond: ((id >= 6445698) AND (id <= 6445798))

table 7 : explain SELECT id, c FROM sbtest7 WHERE id BETWEEN 6445698 AND 6445798
	Index Scan using sbtest7_pkey on sbtest7  (cost=0.43..419.22 rows=105 width=125)
	  Index Cond: ((id >= 6445698) AND (id <= 6445798))

table 8 : explain SELECT id, c FROM sbtest8 WHERE id BETWEEN 6445698 AND 6445798
	Index Scan using sbtest8_pkey on sbtest8  (cost=0.43..396.47 rows=99 width=125)
	  Index Cond: ((id >= 6445698) AND (id <= 6445798))

for range-notcovered
table 1 : explain SELECT id, c FROM sbtest1 WHERE id BETWEEN 3772168 AND 3772268
	Index Scan using sbtest1_pkey on sbtest1  (cost=0.43..432.76 rows=108 width=125)
	  Index Cond: ((id >= 3772168) AND (id <= 3772268))

table 2 : explain SELECT id, c FROM sbtest2 WHERE id BETWEEN 3772168 AND 3772268
	Index Scan using sbtest2_pkey on sbtest2  (cost=0.43..411.77 rows=103 width=125)
	  Index Cond: ((id >= 3772168) AND (id <= 3772268))

table 3 : explain SELECT id, c FROM sbtest3 WHERE id BETWEEN 3772168 AND 3772268
	Index Scan using sbtest3_pkey on sbtest3  (cost=0.43..420.50 rows=105 width=125)
	  Index Cond: ((id >= 3772168) AND (id <= 3772268))

table 4 : explain SELECT id, c FROM sbtest4 WHERE id BETWEEN 3772168 AND 3772268
	Index Scan using sbtest4_pkey on sbtest4  (cost=0.43..384.80 rows=96 width=125)
	  Index Cond: ((id >= 3772168) AND (id <= 3772268))

table 5 : explain SELECT id, c FROM sbtest5 WHERE id BETWEEN 3772168 AND 3772268
	Index Scan using sbtest5_pkey on sbtest5  (cost=0.43..427.58 rows=107 width=125)
	  Index Cond: ((id >= 3772168) AND (id <= 3772268))

table 6 : explain SELECT id, c FROM sbtest6 WHERE id BETWEEN 3772168 AND 3772268
	Index Scan using sbtest6_pkey on sbtest6  (cost=0.43..376.08 rows=94 width=125)
	  Index Cond: ((id >= 3772168) AND (id <= 3772268))

table 7 : explain SELECT id, c FROM sbtest7 WHERE id BETWEEN 3772168 AND 3772268
	Index Scan using sbtest7_pkey on sbtest7  (cost=0.43..395.52 rows=99 width=125)
	  Index Cond: ((id >= 3772168) AND (id <= 3772268))

table 8 : explain SELECT id, c FROM sbtest8 WHERE id BETWEEN 3772168 AND 3772268
	Index Scan using sbtest8_pkey on sbtest8  (cost=0.43..412.31 rows=103 width=125)
	  Index Cond: ((id >= 3772168) AND (id <= 3772268))

explain: for range-notcovered :: explain SELECT id, c FROM sbtest%d WHERE id BETWEEN 6445698 AND 6445798
for range-notcovered
table 1 : explain SELECT id, c FROM sbtest1 WHERE id BETWEEN 7303929 AND 7304029
	Index Scan using sbtest1_pkey on sbtest1  (cost=0.43..401.02 rows=100 width=125)
	  Index Cond: ((id >= 7303929) AND (id <= 7304029))

table 2 : explain SELECT id, c FROM sbtest2 WHERE id BETWEEN 7303929 AND 7304029
	Index Scan using sbtest2_pkey on sbtest2  (cost=0.43..380.13 rows=95 width=125)
	  Index Cond: ((id >= 7303929) AND (id <= 7304029))

table 3 : explain SELECT id, c FROM sbtest3 WHERE id BETWEEN 7303929 AND 7304029
	Index Scan using sbtest3_pkey on sbtest3  (cost=0.43..404.65 rows=101 width=125)
	  Index Cond: ((id >= 7303929) AND (id <= 7304029))

table 4 : explain SELECT id, c FROM sbtest4 WHERE id BETWEEN 7303929 AND 7304029
	Index Scan using sbtest4_pkey on sbtest4  (cost=0.43..376.88 rows=94 width=125)
	  Index Cond: ((id >= 7303929) AND (id <= 7304029))

table 5 : explain SELECT id, c FROM sbtest5 WHERE id BETWEEN 7303929 AND 7304029
	Index Scan using sbtest5_pkey on sbtest5  (cost=0.43..391.98 rows=98 width=125)
	  Index Cond: ((id >= 7303929) AND (id <= 7304029))

table 6 : explain SELECT id, c FROM sbtest6 WHERE id BETWEEN 7303929 AND 7304029
	Index Scan using sbtest6_pkey on sbtest6  (cost=0.43..403.76 rows=101 width=125)
	  Index Cond: ((id >= 7303929) AND (id <= 7304029))

table 7 : explain SELECT id, c FROM sbtest7 WHERE id BETWEEN 7303929 AND 7304029
	Index Scan using sbtest7_pkey on sbtest7  (cost=0.43..363.91 rows=91 width=125)
	  Index Cond: ((id >= 7303929) AND (id <= 7304029))

table 8 : explain SELECT id, c FROM sbtest8 WHERE id BETWEEN 7303929 AND 7304029
	Index Scan using sbtest8_pkey on sbtest8  (cost=0.43..392.50 rows=98 width=125)
	  Index Cond: ((id >= 7303929) AND (id <= 7304029))

explain: for range-notcovered :: explain SELECT id, c FROM sbtest%d WHERE id BETWEEN 7303929 AND 7304029
explain: for range-notcovered :: explain SELECT id, c FROM sbtest%d WHERE id BETWEEN 3772168 AND 3772268
for range-notcovered
table 1 : explain SELECT id, c FROM sbtest1 WHERE id BETWEEN 2655806 AND 2655906
	Index Scan using sbtest1_pkey on sbtest1  (cost=0.43..393.09 rows=98 width=125)
	  Index Cond: ((id >= 2655806) AND (id <= 2655906))

table 2 : explain SELECT id, c FROM sbtest2 WHERE id BETWEEN 2655806 AND 2655906
	Index Scan using sbtest2_pkey on sbtest2  (cost=0.43..384.08 rows=96 width=125)
	  Index Cond: ((id >= 2655806) AND (id <= 2655906))

table 3 : explain SELECT id, c FROM sbtest3 WHERE id BETWEEN 2655806 AND 2655906
	Index Scan using sbtest3_pkey on sbtest3  (cost=0.43..365.02 rows=91 width=125)
	  Index Cond: ((id >= 2655806) AND (id <= 2655906))

table 4 : explain SELECT id, c FROM sbtest4 WHERE id BETWEEN 2655806 AND 2655906
	Index Scan using sbtest4_pkey on sbtest4  (cost=0.43..384.80 rows=96 width=125)
	  Index Cond: ((id >= 2655806) AND (id <= 2655906))

table 5 : explain SELECT id, c FROM sbtest5 WHERE id BETWEEN 2655806 AND 2655906
	Index Scan using sbtest5_pkey on sbtest5  (cost=0.43..451.30 rows=113 width=125)
	  Index Cond: ((id >= 2655806) AND (id <= 2655906))

table 6 : explain SELECT id, c FROM sbtest6 WHERE id BETWEEN 2655806 AND 2655906
	Index Scan using sbtest6_pkey on sbtest6  (cost=0.43..407.71 rows=102 width=125)
	  Index Cond: ((id >= 2655806) AND (id <= 2655906))

table 7 : explain SELECT id, c FROM sbtest7 WHERE id BETWEEN 2655806 AND 2655906
	Index Scan using sbtest7_pkey on sbtest7  (cost=0.43..415.27 rows=104 width=125)
	  Index Cond: ((id >= 2655806) AND (id <= 2655906))

table 8 : explain SELECT id, c FROM sbtest8 WHERE id BETWEEN 2655806 AND 2655906
	Index Scan using sbtest8_pkey on sbtest8  (cost=0.43..380.62 rows=95 width=125)
	  Index Cond: ((id >= 2655806) AND (id <= 2655906))

for range-notcovered
table 1 : explain SELECT id, c FROM sbtest1 WHERE id BETWEEN 8573992 AND 8574092
	Index Scan using sbtest1_pkey on sbtest1  (cost=0.43..412.93 rows=103 width=125)
	  Index Cond: ((id >= 8573992) AND (id <= 8574092))

table 2 : explain SELECT id, c FROM sbtest2 WHERE id BETWEEN 8573992 AND 8574092
	Index Scan using sbtest2_pkey on sbtest2  (cost=0.43..380.13 rows=95 width=125)
	  Index Cond: ((id >= 8573992) AND (id <= 8574092))

table 3 : explain SELECT id, c FROM sbtest3 WHERE id BETWEEN 8573992 AND 8574092
	Index Scan using sbtest3_pkey on sbtest3  (cost=0.43..420.50 rows=105 width=125)
	  Index Cond: ((id >= 8573992) AND (id <= 8574092))

table 4 : explain SELECT id, c FROM sbtest4 WHERE id BETWEEN 8573992 AND 8574092
	Index Scan using sbtest4_pkey on sbtest4  (cost=0.43..420.47 rows=105 width=125)
	  Index Cond: ((id >= 8573992) AND (id <= 8574092))

table 5 : explain SELECT id, c FROM sbtest5 WHERE id BETWEEN 8573992 AND 8574092
	Index Scan using sbtest5_pkey on sbtest5  (cost=0.43..447.35 rows=112 width=125)
	  Index Cond: ((id >= 8573992) AND (id <= 8574092))

table 6 : explain SELECT id, c FROM sbtest6 WHERE id BETWEEN 8573992 AND 8574092
	Index Scan using sbtest6_pkey on sbtest6  (cost=0.43..419.57 rows=105 width=125)
	  Index Cond: ((id >= 8573992) AND (id <= 8574092))

table 7 : explain SELECT id, c FROM sbtest7 WHERE id BETWEEN 8573992 AND 8574092
	Index Scan using sbtest7_pkey on sbtest7  (cost=0.43..371.81 rows=93 width=125)
	  Index Cond: ((id >= 8573992) AND (id <= 8574092))

table 8 : explain SELECT id, c FROM sbtest8 WHERE id BETWEEN 8573992 AND 8574092
	Index Scan using sbtest8_pkey on sbtest8  (cost=0.43..396.47 rows=99 width=125)
	  Index Cond: ((id >= 8573992) AND (id <= 8574092))

for range-notcovered
table 1 : explain SELECT id, c FROM sbtest1 WHERE id BETWEEN 5273668 AND 5273768
	Index Scan using sbtest1_pkey on sbtest1  (cost=0.43..373.27 rows=93 width=125)
	  Index Cond: ((id >= 5273668) AND (id <= 5273768))

table 2 : explain SELECT id, c FROM sbtest2 WHERE id BETWEEN 5273668 AND 5273768
	Index Scan using sbtest2_pkey on sbtest2  (cost=0.43..380.13 rows=95 width=125)
	  Index Cond: ((id >= 5273668) AND (id <= 5273768))

table 3 : explain SELECT id, c FROM sbtest3 WHERE id BETWEEN 5273668 AND 5273768
	Index Scan using sbtest3_pkey on sbtest3  (cost=0.43..392.76 rows=98 width=125)
	  Index Cond: ((id >= 5273668) AND (id <= 5273768))

table 4 : explain SELECT id, c FROM sbtest4 WHERE id BETWEEN 5273668 AND 5273768
	Index Scan using sbtest4_pkey on sbtest4  (cost=0.43..408.59 rows=102 width=125)
	  Index Cond: ((id >= 5273668) AND (id <= 5273768))

table 5 : explain SELECT id, c FROM sbtest5 WHERE id BETWEEN 5273668 AND 5273768
	Index Scan using sbtest5_pkey on sbtest5  (cost=0.43..411.77 rows=103 width=125)
	  Index Cond: ((id >= 5273668) AND (id <= 5273768))

table 6 : explain SELECT id, c FROM sbtest6 WHERE id BETWEEN 5273668 AND 5273768
	Index Scan using sbtest6_pkey on sbtest6  (cost=0.43..383.98 rows=96 width=125)
	  Index Cond: ((id >= 5273668) AND (id <= 5273768))

table 7 : explain SELECT id, c FROM sbtest7 WHERE id BETWEEN 5273668 AND 5273768
	Index Scan using sbtest7_pkey on sbtest7  (cost=0.43..478.45 rows=120 width=125)
	  Index Cond: ((id >= 5273668) AND (id <= 5273768))

table 8 : explain SELECT id, c FROM sbtest8 WHERE id BETWEEN 5273668 AND 5273768
	Index Scan using sbtest8_pkey on sbtest8  (cost=0.43..400.43 rows=100 width=125)
	  Index Cond: ((id >= 5273668) AND (id <= 5273768))

for range-notcovered
table 1 : explain SELECT id, c FROM sbtest1 WHERE id BETWEEN 3836141 AND 3836241
	Index Scan using sbtest1_pkey on sbtest1  (cost=0.43..436.72 rows=109 width=125)
	  Index Cond: ((id >= 3836141) AND (id <= 3836241))

table 2 : explain SELECT id, c FROM sbtest2 WHERE id BETWEEN 3836141 AND 3836241
	Index Scan using sbtest2_pkey on sbtest2  (cost=0.43..439.45 rows=110 width=125)
	  Index Cond: ((id >= 3836141) AND (id <= 3836241))

table 3 : explain SELECT id, c FROM sbtest3 WHERE id BETWEEN 3836141 AND 3836241
	Index Scan using sbtest3_pkey on sbtest3  (cost=0.43..424.46 rows=106 width=125)
	  Index Cond: ((id >= 3836141) AND (id <= 3836241))

table 4 : explain SELECT id, c FROM sbtest4 WHERE id BETWEEN 3836141 AND 3836241
	Index Scan using sbtest4_pkey on sbtest4  (cost=0.43..384.80 rows=96 width=125)
	  Index Cond: ((id >= 3836141) AND (id <= 3836241))

table 5 : explain SELECT id, c FROM sbtest5 WHERE id BETWEEN 3836141 AND 3836241
	Index Scan using sbtest5_pkey on sbtest5  (cost=0.43..427.58 rows=107 width=125)
	  Index Cond: ((id >= 3836141) AND (id <= 3836241))

table 6 : explain SELECT id, c FROM sbtest6 WHERE id BETWEEN 3836141 AND 3836241
	Index Scan using sbtest6_pkey on sbtest6  (cost=0.43..376.08 rows=94 width=125)
	  Index Cond: ((id >= 3836141) AND (id <= 3836241))

table 7 : explain SELECT id, c FROM sbtest7 WHERE id BETWEEN 3836141 AND 3836241
	Index Scan using sbtest7_pkey on sbtest7  (cost=0.43..446.86 rows=112 width=125)
	  Index Cond: ((id >= 3836141) AND (id <= 3836241))

table 8 : explain SELECT id, c FROM sbtest8 WHERE id BETWEEN 3836141 AND 3836241
	Index Scan using sbtest8_pkey on sbtest8  (cost=0.43..479.61 rows=120 width=125)
	  Index Cond: ((id >= 3836141) AND (id <= 3836241))

explain: for range-notcovered :: explain SELECT id, c FROM sbtest%d WHERE id BETWEEN 5273668 AND 5273768
explain: for range-notcovered :: explain SELECT id, c FROM sbtest%d WHERE id BETWEEN 2655806 AND 2655906
explain: for range-notcovered :: explain SELECT id, c FROM sbtest%d WHERE id BETWEEN 3836141 AND 3836241
for range-notcovered
table 1 : explain SELECT id, c FROM sbtest1 WHERE id BETWEEN 7303929 AND 7304029
	Index Scan using sbtest1_pkey on sbtest1  (cost=0.43..401.02 rows=100 width=125)
	  Index Cond: ((id >= 7303929) AND (id <= 7304029))

table 2 : explain SELECT id, c FROM sbtest2 WHERE id BETWEEN 7303929 AND 7304029
	Index Scan using sbtest2_pkey on sbtest2  (cost=0.43..380.13 rows=95 width=125)
	  Index Cond: ((id >= 7303929) AND (id <= 7304029))

table 3 : explain SELECT id, c FROM sbtest3 WHERE id BETWEEN 7303929 AND 7304029
	Index Scan using sbtest3_pkey on sbtest3  (cost=0.43..404.65 rows=101 width=125)
	  Index Cond: ((id >= 7303929) AND (id <= 7304029))

table 4 : explain SELECT id, c FROM sbtest4 WHERE id BETWEEN 7303929 AND 7304029
	Index Scan using sbtest4_pkey on sbtest4  (cost=0.43..376.88 rows=94 width=125)
	  Index Cond: ((id >= 7303929) AND (id <= 7304029))

table 5 : explain SELECT id, c FROM sbtest5 WHERE id BETWEEN 7303929 AND 7304029
	Index Scan using sbtest5_pkey on sbtest5  (cost=0.43..391.98 rows=98 width=125)
	  Index Cond: ((id >= 7303929) AND (id <= 7304029))

table 6 : explain SELECT id, c FROM sbtest6 WHERE id BETWEEN 7303929 AND 7304029
	Index Scan using sbtest6_pkey on sbtest6  (cost=0.43..403.76 rows=101 width=125)
	  Index Cond: ((id >= 7303929) AND (id <= 7304029))

table 7 : explain SELECT id, c FROM sbtest7 WHERE id BETWEEN 7303929 AND 7304029
	Index Scan using sbtest7_pkey on sbtest7  (cost=0.43..363.91 rows=91 width=125)
	  Index Cond: ((id >= 7303929) AND (id <= 7304029))

table 8 : explain SELECT id, c FROM sbtest8 WHERE id BETWEEN 7303929 AND 7304029
	Index Scan using sbtest8_pkey on sbtest8  (cost=0.43..392.50 rows=98 width=125)
	  Index Cond: ((id >= 7303929) AND (id <= 7304029))

explain: for range-notcovered :: explain SELECT id, c FROM sbtest%d WHERE id BETWEEN 7303929 AND 7304029
for range-notcovered
table 1 : explain SELECT id, c FROM sbtest1 WHERE id BETWEEN 3836141 AND 3836241
	Index Scan using sbtest1_pkey on sbtest1  (cost=0.43..436.72 rows=109 width=125)
	  Index Cond: ((id >= 3836141) AND (id <= 3836241))

table 2 : explain SELECT id, c FROM sbtest2 WHERE id BETWEEN 3836141 AND 3836241
	Index Scan using sbtest2_pkey on sbtest2  (cost=0.43..439.45 rows=110 width=125)
	  Index Cond: ((id >= 3836141) AND (id <= 3836241))

table 3 : explain SELECT id, c FROM sbtest3 WHERE id BETWEEN 3836141 AND 3836241
	Index Scan using sbtest3_pkey on sbtest3  (cost=0.43..424.46 rows=106 width=125)
	  Index Cond: ((id >= 3836141) AND (id <= 3836241))

table 4 : explain SELECT id, c FROM sbtest4 WHERE id BETWEEN 3836141 AND 3836241
	Index Scan using sbtest4_pkey on sbtest4  (cost=0.43..384.80 rows=96 width=125)
	  Index Cond: ((id >= 3836141) AND (id <= 3836241))

table 5 : explain SELECT id, c FROM sbtest5 WHERE id BETWEEN 3836141 AND 3836241
	Index Scan using sbtest5_pkey on sbtest5  (cost=0.43..427.58 rows=107 width=125)
	  Index Cond: ((id >= 3836141) AND (id <= 3836241))

table 6 : explain SELECT id, c FROM sbtest6 WHERE id BETWEEN 3836141 AND 3836241
	Index Scan using sbtest6_pkey on sbtest6  (cost=0.43..376.08 rows=94 width=125)
	  Index Cond: ((id >= 3836141) AND (id <= 3836241))

table 7 : explain SELECT id, c FROM sbtest7 WHERE id BETWEEN 3836141 AND 3836241
	Index Scan using sbtest7_pkey on sbtest7  (cost=0.43..446.86 rows=112 width=125)
	  Index Cond: ((id >= 3836141) AND (id <= 3836241))

table 8 : explain SELECT id, c FROM sbtest8 WHERE id BETWEEN 3836141 AND 3836241
	Index Scan using sbtest8_pkey on sbtest8  (cost=0.43..479.61 rows=120 width=125)
	  Index Cond: ((id >= 3836141) AND (id <= 3836241))

for range-notcovered
table 1 : explain SELECT id, c FROM sbtest1 WHERE id BETWEEN 2655806 AND 2655906
	Index Scan using sbtest1_pkey on sbtest1  (cost=0.43..393.09 rows=98 width=125)
	  Index Cond: ((id >= 2655806) AND (id <= 2655906))

table 2 : explain SELECT id, c FROM sbtest2 WHERE id BETWEEN 2655806 AND 2655906
	Index Scan using sbtest2_pkey on sbtest2  (cost=0.43..384.08 rows=96 width=125)
	  Index Cond: ((id >= 2655806) AND (id <= 2655906))

table 3 : explain SELECT id, c FROM sbtest3 WHERE id BETWEEN 2655806 AND 2655906
	Index Scan using sbtest3_pkey on sbtest3  (cost=0.43..365.02 rows=91 width=125)
	  Index Cond: ((id >= 2655806) AND (id <= 2655906))

table 4 : explain SELECT id, c FROM sbtest4 WHERE id BETWEEN 2655806 AND 2655906
	Index Scan using sbtest4_pkey on sbtest4  (cost=0.43..384.80 rows=96 width=125)
	  Index Cond: ((id >= 2655806) AND (id <= 2655906))

table 5 : explain SELECT id, c FROM sbtest5 WHERE id BETWEEN 2655806 AND 2655906
	Index Scan using sbtest5_pkey on sbtest5  (cost=0.43..451.30 rows=113 width=125)
	  Index Cond: ((id >= 2655806) AND (id <= 2655906))

table 6 : explain SELECT id, c FROM sbtest6 WHERE id BETWEEN 2655806 AND 2655906
	Index Scan using sbtest6_pkey on sbtest6  (cost=0.43..407.71 rows=102 width=125)
	  Index Cond: ((id >= 2655806) AND (id <= 2655906))

table 7 : explain SELECT id, c FROM sbtest7 WHERE id BETWEEN 2655806 AND 2655906
	Index Scan using sbtest7_pkey on sbtest7  (cost=0.43..415.27 rows=104 width=125)
	  Index Cond: ((id >= 2655806) AND (id <= 2655906))

table 8 : explain SELECT id, c FROM sbtest8 WHERE id BETWEEN 2655806 AND 2655906
	Index Scan using sbtest8_pkey on sbtest8  (cost=0.43..380.62 rows=95 width=125)
	  Index Cond: ((id >= 2655806) AND (id <= 2655906))

for range-notcovered
table 1 : explain SELECT id, c FROM sbtest1 WHERE id BETWEEN 6496772 AND 6496872
	Index Scan using sbtest1_pkey on sbtest1  (cost=0.43..424.83 rows=106 width=125)
	  Index Cond: ((id >= 6496772) AND (id <= 6496872))

table 2 : explain SELECT id, c FROM sbtest2 WHERE id BETWEEN 6496772 AND 6496872
	Index Scan using sbtest2_pkey on sbtest2  (cost=0.43..435.49 rows=109 width=125)
	  Index Cond: ((id >= 6496772) AND (id <= 6496872))

table 3 : explain SELECT id, c FROM sbtest3 WHERE id BETWEEN 6496772 AND 6496872
	Index Scan using sbtest3_pkey on sbtest3  (cost=0.43..396.72 rows=99 width=125)
	  Index Cond: ((id >= 6496772) AND (id <= 6496872))

table 4 : explain SELECT id, c FROM sbtest4 WHERE id BETWEEN 6496772 AND 6496872
	Index Scan using sbtest4_pkey on sbtest4  (cost=0.43..384.80 rows=96 width=125)
	  Index Cond: ((id >= 6496772) AND (id <= 6496872))

table 5 : explain SELECT id, c FROM sbtest5 WHERE id BETWEEN 6496772 AND 6496872
	Index Scan using sbtest5_pkey on sbtest5  (cost=0.43..411.77 rows=103 width=125)
	  Index Cond: ((id >= 6496772) AND (id <= 6496872))

table 6 : explain SELECT id, c FROM sbtest6 WHERE id BETWEEN 6496772 AND 6496872
	Index Scan using sbtest6_pkey on sbtest6  (cost=0.43..431.43 rows=108 width=125)
	  Index Cond: ((id >= 6496772) AND (id <= 6496872))

table 7 : explain SELECT id, c FROM sbtest7 WHERE id BETWEEN 6496772 AND 6496872
	Index Scan using sbtest7_pkey on sbtest7  (cost=0.43..419.22 rows=105 width=125)
	  Index Cond: ((id >= 6496772) AND (id <= 6496872))

table 8 : explain SELECT id, c FROM sbtest8 WHERE id BETWEEN 6496772 AND 6496872
	Index Scan using sbtest8_pkey on sbtest8  (cost=0.43..396.47 rows=99 width=125)
	  Index Cond: ((id >= 6496772) AND (id <= 6496872))

explain: for range-notcovered :: explain SELECT id, c FROM sbtest%d WHERE id BETWEEN 2655806 AND 2655906
explain: for range-notcovered :: explain SELECT id, c FROM sbtest%d WHERE id BETWEEN 3836141 AND 3836241
explain: for range-notcovered :: explain SELECT id, c FROM sbtest%d WHERE id BETWEEN 6496772 AND 6496872
for range-notcovered
table 1 : explain SELECT id, c FROM sbtest1 WHERE id BETWEEN 6445698 AND 6445798
	Index Scan using sbtest1_pkey on sbtest1  (cost=0.43..424.83 rows=106 width=125)
	  Index Cond: ((id >= 6445698) AND (id <= 6445798))

table 2 : explain SELECT id, c FROM sbtest2 WHERE id BETWEEN 6445698 AND 6445798
	Index Scan using sbtest2_pkey on sbtest2  (cost=0.43..435.49 rows=109 width=125)
	  Index Cond: ((id >= 6445698) AND (id <= 6445798))

table 3 : explain SELECT id, c FROM sbtest3 WHERE id BETWEEN 6445698 AND 6445798
	Index Scan using sbtest3_pkey on sbtest3  (cost=0.43..396.72 rows=99 width=125)
	  Index Cond: ((id >= 6445698) AND (id <= 6445798))

table 4 : explain SELECT id, c FROM sbtest4 WHERE id BETWEEN 6445698 AND 6445798
	Index Scan using sbtest4_pkey on sbtest4  (cost=0.43..440.28 rows=110 width=125)
	  Index Cond: ((id >= 6445698) AND (id <= 6445798))

table 5 : explain SELECT id, c FROM sbtest5 WHERE id BETWEEN 6445698 AND 6445798
	Index Scan using sbtest5_pkey on sbtest5  (cost=0.43..395.94 rows=99 width=125)
	  Index Cond: ((id >= 6445698) AND (id <= 6445798))

table 6 : explain SELECT id, c FROM sbtest6 WHERE id BETWEEN 6445698 AND 6445798
	Index Scan using sbtest6_pkey on sbtest6  (cost=0.43..419.57 rows=105 width=125)
	  Index Cond: ((id >= 6445698) AND (id <= 6445798))

table 7 : explain SELECT id, c FROM sbtest7 WHERE id BETWEEN 6445698 AND 6445798
	Index Scan using sbtest7_pkey on sbtest7  (cost=0.43..419.22 rows=105 width=125)
	  Index Cond: ((id >= 6445698) AND (id <= 6445798))

table 8 : explain SELECT id, c FROM sbtest8 WHERE id BETWEEN 6445698 AND 6445798
	Index Scan using sbtest8_pkey on sbtest8  (cost=0.43..396.47 rows=99 width=125)
	  Index Cond: ((id >= 6445698) AND (id <= 6445798))

explain: for range-notcovered :: explain SELECT id, c FROM sbtest%d WHERE id BETWEEN 6445698 AND 6445798
for range-notcovered
table 1 : explain SELECT id, c FROM sbtest1 WHERE id BETWEEN 3772168 AND 3772268
	Index Scan using sbtest1_pkey on sbtest1  (cost=0.43..432.76 rows=108 width=125)
	  Index Cond: ((id >= 3772168) AND (id <= 3772268))

table 2 : explain SELECT id, c FROM sbtest2 WHERE id BETWEEN 3772168 AND 3772268
	Index Scan using sbtest2_pkey on sbtest2  (cost=0.43..411.77 rows=103 width=125)
	  Index Cond: ((id >= 3772168) AND (id <= 3772268))

table 3 : explain SELECT id, c FROM sbtest3 WHERE id BETWEEN 3772168 AND 3772268
	Index Scan using sbtest3_pkey on sbtest3  (cost=0.43..420.50 rows=105 width=125)
	  Index Cond: ((id >= 3772168) AND (id <= 3772268))

table 4 : explain SELECT id, c FROM sbtest4 WHERE id BETWEEN 3772168 AND 3772268
	Index Scan using sbtest4_pkey on sbtest4  (cost=0.43..384.80 rows=96 width=125)
	  Index Cond: ((id >= 3772168) AND (id <= 3772268))

table 5 : explain SELECT id, c FROM sbtest5 WHERE id BETWEEN 3772168 AND 3772268
	Index Scan using sbtest5_pkey on sbtest5  (cost=0.43..427.58 rows=107 width=125)
	  Index Cond: ((id >= 3772168) AND (id <= 3772268))

table 6 : explain SELECT id, c FROM sbtest6 WHERE id BETWEEN 3772168 AND 3772268
	Index Scan using sbtest6_pkey on sbtest6  (cost=0.43..376.08 rows=94 width=125)
	  Index Cond: ((id >= 3772168) AND (id <= 3772268))

table 7 : explain SELECT id, c FROM sbtest7 WHERE id BETWEEN 3772168 AND 3772268
	Index Scan using sbtest7_pkey on sbtest7  (cost=0.43..395.52 rows=99 width=125)
	  Index Cond: ((id >= 3772168) AND (id <= 3772268))

table 8 : explain SELECT id, c FROM sbtest8 WHERE id BETWEEN 3772168 AND 3772268
	Index Scan using sbtest8_pkey on sbtest8  (cost=0.43..412.31 rows=103 width=125)
	  Index Cond: ((id >= 3772168) AND (id <= 3772268))

for range-notcovered
table 1 : explain SELECT id, c FROM sbtest1 WHERE id BETWEEN 2655806 AND 2655906
	Index Scan using sbtest1_pkey on sbtest1  (cost=0.43..393.09 rows=98 width=125)
	  Index Cond: ((id >= 2655806) AND (id <= 2655906))

table 2 : explain SELECT id, c FROM sbtest2 WHERE id BETWEEN 2655806 AND 2655906
	Index Scan using sbtest2_pkey on sbtest2  (cost=0.43..384.08 rows=96 width=125)
	  Index Cond: ((id >= 2655806) AND (id <= 2655906))

table 3 : explain SELECT id, c FROM sbtest3 WHERE id BETWEEN 2655806 AND 2655906
	Index Scan using sbtest3_pkey on sbtest3  (cost=0.43..365.02 rows=91 width=125)
	  Index Cond: ((id >= 2655806) AND (id <= 2655906))

table 4 : explain SELECT id, c FROM sbtest4 WHERE id BETWEEN 2655806 AND 2655906
	Index Scan using sbtest4_pkey on sbtest4  (cost=0.43..384.80 rows=96 width=125)
	  Index Cond: ((id >= 2655806) AND (id <= 2655906))

table 5 : explain SELECT id, c FROM sbtest5 WHERE id BETWEEN 2655806 AND 2655906
	Index Scan using sbtest5_pkey on sbtest5  (cost=0.43..451.30 rows=113 width=125)
	  Index Cond: ((id >= 2655806) AND (id <= 2655906))

table 6 : explain SELECT id, c FROM sbtest6 WHERE id BETWEEN 2655806 AND 2655906
	Index Scan using sbtest6_pkey on sbtest6  (cost=0.43..407.71 rows=102 width=125)
	  Index Cond: ((id >= 2655806) AND (id <= 2655906))

table 7 : explain SELECT id, c FROM sbtest7 WHERE id BETWEEN 2655806 AND 2655906
	Index Scan using sbtest7_pkey on sbtest7  (cost=0.43..415.27 rows=104 width=125)
	  Index Cond: ((id >= 2655806) AND (id <= 2655906))

table 8 : explain SELECT id, c FROM sbtest8 WHERE id BETWEEN 2655806 AND 2655906
	Index Scan using sbtest8_pkey on sbtest8  (cost=0.43..380.62 rows=95 width=125)
	  Index Cond: ((id >= 2655806) AND (id <= 2655906))

for range-notcovered
table 1 : explain SELECT id, c FROM sbtest1 WHERE id BETWEEN 3836141 AND 3836241
	Index Scan using sbtest1_pkey on sbtest1  (cost=0.43..436.72 rows=109 width=125)
	  Index Cond: ((id >= 3836141) AND (id <= 3836241))

table 2 : explain SELECT id, c FROM sbtest2 WHERE id BETWEEN 3836141 AND 3836241
	Index Scan using sbtest2_pkey on sbtest2  (cost=0.43..439.45 rows=110 width=125)
	  Index Cond: ((id >= 3836141) AND (id <= 3836241))

table 3 : explain SELECT id, c FROM sbtest3 WHERE id BETWEEN 3836141 AND 3836241
	Index Scan using sbtest3_pkey on sbtest3  (cost=0.43..424.46 rows=106 width=125)
	  Index Cond: ((id >= 3836141) AND (id <= 3836241))

table 4 : explain SELECT id, c FROM sbtest4 WHERE id BETWEEN 3836141 AND 3836241
	Index Scan using sbtest4_pkey on sbtest4  (cost=0.43..384.80 rows=96 width=125)
	  Index Cond: ((id >= 3836141) AND (id <= 3836241))

table 5 : explain SELECT id, c FROM sbtest5 WHERE id BETWEEN 3836141 AND 3836241
	Index Scan using sbtest5_pkey on sbtest5  (cost=0.43..427.58 rows=107 width=125)
	  Index Cond: ((id >= 3836141) AND (id <= 3836241))

table 6 : explain SELECT id, c FROM sbtest6 WHERE id BETWEEN 3836141 AND 3836241
	Index Scan using sbtest6_pkey on sbtest6  (cost=0.43..376.08 rows=94 width=125)
	  Index Cond: ((id >= 3836141) AND (id <= 3836241))

table 7 : explain SELECT id, c FROM sbtest7 WHERE id BETWEEN 3836141 AND 3836241
	Index Scan using sbtest7_pkey on sbtest7  (cost=0.43..446.86 rows=112 width=125)
	  Index Cond: ((id >= 3836141) AND (id <= 3836241))

table 8 : explain SELECT id, c FROM sbtest8 WHERE id BETWEEN 3836141 AND 3836241
	Index Scan using sbtest8_pkey on sbtest8  (cost=0.43..479.61 rows=120 width=125)
	  Index Cond: ((id >= 3836141) AND (id <= 3836241))

explain: for range-notcovered :: explain SELECT id, c FROM sbtest%d WHERE id BETWEEN 2655806 AND 2655906
for range-notcovered
table 1 : explain SELECT id, c FROM sbtest1 WHERE id BETWEEN 7607953 AND 7608053
	Index Scan using sbtest1_pkey on sbtest1  (cost=0.43..432.76 rows=108 width=125)
	  Index Cond: ((id >= 7607953) AND (id <= 7608053))

table 2 : explain SELECT id, c FROM sbtest2 WHERE id BETWEEN 7607953 AND 7608053
	Index Scan using sbtest2_pkey on sbtest2  (cost=0.43..443.40 rows=111 width=125)
	  Index Cond: ((id >= 7607953) AND (id <= 7608053))

table 3 : explain SELECT id, c FROM sbtest3 WHERE id BETWEEN 7607953 AND 7608053
	Index Scan using sbtest3_pkey on sbtest3  (cost=0.43..460.12 rows=115 width=125)
	  Index Cond: ((id >= 7607953) AND (id <= 7608053))

table 4 : explain SELECT id, c FROM sbtest4 WHERE id BETWEEN 7607953 AND 7608053
	Index Scan using sbtest4_pkey on sbtest4  (cost=0.43..420.47 rows=105 width=125)
	  Index Cond: ((id >= 7607953) AND (id <= 7608053))

table 5 : explain SELECT id, c FROM sbtest5 WHERE id BETWEEN 7607953 AND 7608053
	Index Scan using sbtest5_pkey on sbtest5  (cost=0.43..376.17 rows=94 width=125)
	  Index Cond: ((id >= 7607953) AND (id <= 7608053))

table 6 : explain SELECT id, c FROM sbtest6 WHERE id BETWEEN 7607953 AND 7608053
	Index Scan using sbtest6_pkey on sbtest6  (cost=0.43..407.71 rows=102 width=125)
	  Index Cond: ((id >= 7607953) AND (id <= 7608053))

table 7 : explain SELECT id, c FROM sbtest7 WHERE id BETWEEN 7607953 AND 7608053
	Index Scan using sbtest7_pkey on sbtest7  (cost=0.43..371.81 rows=93 width=125)
	  Index Cond: ((id >= 7607953) AND (id <= 7608053))

table 8 : explain SELECT id, c FROM sbtest8 WHERE id BETWEEN 7607953 AND 7608053
	Index Scan using sbtest8_pkey on sbtest8  (cost=0.43..420.23 rows=105 width=125)
	  Index Cond: ((id >= 7607953) AND (id <= 7608053))

explain: for range-notcovered :: explain SELECT id, c FROM sbtest%d WHERE id BETWEEN 3836141 AND 3836241
explain: for range-notcovered :: explain SELECT id, c FROM sbtest%d WHERE id BETWEEN 7607953 AND 7608053
for range-notcovered
table 1 : explain SELECT id, c FROM sbtest1 WHERE id BETWEEN 6445698 AND 6445798
	Index Scan using sbtest1_pkey on sbtest1  (cost=0.43..424.83 rows=106 width=125)
	  Index Cond: ((id >= 6445698) AND (id <= 6445798))

table 2 : explain SELECT id, c FROM sbtest2 WHERE id BETWEEN 6445698 AND 6445798
	Index Scan using sbtest2_pkey on sbtest2  (cost=0.43..435.49 rows=109 width=125)
	  Index Cond: ((id >= 6445698) AND (id <= 6445798))

table 3 : explain SELECT id, c FROM sbtest3 WHERE id BETWEEN 6445698 AND 6445798
	Index Scan using sbtest3_pkey on sbtest3  (cost=0.43..396.72 rows=99 width=125)
	  Index Cond: ((id >= 6445698) AND (id <= 6445798))

table 4 : explain SELECT id, c FROM sbtest4 WHERE id BETWEEN 6445698 AND 6445798
	Index Scan using sbtest4_pkey on sbtest4  (cost=0.43..440.28 rows=110 width=125)
	  Index Cond: ((id >= 6445698) AND (id <= 6445798))

table 5 : explain SELECT id, c FROM sbtest5 WHERE id BETWEEN 6445698 AND 6445798
	Index Scan using sbtest5_pkey on sbtest5  (cost=0.43..395.94 rows=99 width=125)
	  Index Cond: ((id >= 6445698) AND (id <= 6445798))

table 6 : explain SELECT id, c FROM sbtest6 WHERE id BETWEEN 6445698 AND 6445798
	Index Scan using sbtest6_pkey on sbtest6  (cost=0.43..419.57 rows=105 width=125)
	  Index Cond: ((id >= 6445698) AND (id <= 6445798))

table 7 : explain SELECT id, c FROM sbtest7 WHERE id BETWEEN 6445698 AND 6445798
	Index Scan using sbtest7_pkey on sbtest7  (cost=0.43..419.22 rows=105 width=125)
	  Index Cond: ((id >= 6445698) AND (id <= 6445798))

table 8 : explain SELECT id, c FROM sbtest8 WHERE id BETWEEN 6445698 AND 6445798
	Index Scan using sbtest8_pkey on sbtest8  (cost=0.43..396.47 rows=99 width=125)
	  Index Cond: ((id >= 6445698) AND (id <= 6445798))

explain: for range-notcovered :: explain SELECT id, c FROM sbtest%d WHERE id BETWEEN 2678762 AND 2678862
explain: for range-notcovered :: explain SELECT id, c FROM sbtest%d WHERE id BETWEEN 6445698 AND 6445798
for range-notcovered
table 1 : explain SELECT id, c FROM sbtest1 WHERE id BETWEEN 6496772 AND 6496872
	Index Scan using sbtest1_pkey on sbtest1  (cost=0.43..424.83 rows=106 width=125)
	  Index Cond: ((id >= 6496772) AND (id <= 6496872))

table 2 : explain SELECT id, c FROM sbtest2 WHERE id BETWEEN 6496772 AND 6496872
	Index Scan using sbtest2_pkey on sbtest2  (cost=0.43..435.49 rows=109 width=125)
	  Index Cond: ((id >= 6496772) AND (id <= 6496872))

table 3 : explain SELECT id, c FROM sbtest3 WHERE id BETWEEN 6496772 AND 6496872
	Index Scan using sbtest3_pkey on sbtest3  (cost=0.43..396.72 rows=99 width=125)
	  Index Cond: ((id >= 6496772) AND (id <= 6496872))

table 4 : explain SELECT id, c FROM sbtest4 WHERE id BETWEEN 6496772 AND 6496872
	Index Scan using sbtest4_pkey on sbtest4  (cost=0.43..384.80 rows=96 width=125)
	  Index Cond: ((id >= 6496772) AND (id <= 6496872))

table 5 : explain SELECT id, c FROM sbtest5 WHERE id BETWEEN 6496772 AND 6496872
	Index Scan using sbtest5_pkey on sbtest5  (cost=0.43..411.77 rows=103 width=125)
	  Index Cond: ((id >= 6496772) AND (id <= 6496872))

table 6 : explain SELECT id, c FROM sbtest6 WHERE id BETWEEN 6496772 AND 6496872
	Index Scan using sbtest6_pkey on sbtest6  (cost=0.43..431.43 rows=108 width=125)
	  Index Cond: ((id >= 6496772) AND (id <= 6496872))

table 7 : explain SELECT id, c FROM sbtest7 WHERE id BETWEEN 6496772 AND 6496872
	Index Scan using sbtest7_pkey on sbtest7  (cost=0.43..419.22 rows=105 width=125)
	  Index Cond: ((id >= 6496772) AND (id <= 6496872))

table 8 : explain SELECT id, c FROM sbtest8 WHERE id BETWEEN 6496772 AND 6496872
	Index Scan using sbtest8_pkey on sbtest8  (cost=0.43..396.47 rows=99 width=125)
	  Index Cond: ((id >= 6496772) AND (id <= 6496872))

explain: for range-notcovered :: explain SELECT id, c FROM sbtest%d WHERE id BETWEEN 5198366 AND 5198466
explain: for range-notcovered :: explain SELECT id, c FROM sbtest%d WHERE id BETWEEN 6496772 AND 6496872
for range-notcovered
table 1 : explain SELECT id, c FROM sbtest1 WHERE id BETWEEN 7303929 AND 7304029
	Index Scan using sbtest1_pkey on sbtest1  (cost=0.43..401.02 rows=100 width=125)
	  Index Cond: ((id >= 7303929) AND (id <= 7304029))

table 2 : explain SELECT id, c FROM sbtest2 WHERE id BETWEEN 7303929 AND 7304029
	Index Scan using sbtest2_pkey on sbtest2  (cost=0.43..380.13 rows=95 width=125)
	  Index Cond: ((id >= 7303929) AND (id <= 7304029))

table 3 : explain SELECT id, c FROM sbtest3 WHERE id BETWEEN 7303929 AND 7304029
	Index Scan using sbtest3_pkey on sbtest3  (cost=0.43..404.65 rows=101 width=125)
	  Index Cond: ((id >= 7303929) AND (id <= 7304029))

table 4 : explain SELECT id, c FROM sbtest4 WHERE id BETWEEN 7303929 AND 7304029
	Index Scan using sbtest4_pkey on sbtest4  (cost=0.43..376.88 rows=94 width=125)
	  Index Cond: ((id >= 7303929) AND (id <= 7304029))

table 5 : explain SELECT id, c FROM sbtest5 WHERE id BETWEEN 7303929 AND 7304029
	Index Scan using sbtest5_pkey on sbtest5  (cost=0.43..391.98 rows=98 width=125)
	  Index Cond: ((id >= 7303929) AND (id <= 7304029))

table 6 : explain SELECT id, c FROM sbtest6 WHERE id BETWEEN 7303929 AND 7304029
	Index Scan using sbtest6_pkey on sbtest6  (cost=0.43..403.76 rows=101 width=125)
	  Index Cond: ((id >= 7303929) AND (id <= 7304029))

table 7 : explain SELECT id, c FROM sbtest7 WHERE id BETWEEN 7303929 AND 7304029
	Index Scan using sbtest7_pkey on sbtest7  (cost=0.43..363.91 rows=91 width=125)
	  Index Cond: ((id >= 7303929) AND (id <= 7304029))

table 8 : explain SELECT id, c FROM sbtest8 WHERE id BETWEEN 7303929 AND 7304029
	Index Scan using sbtest8_pkey on sbtest8  (cost=0.43..392.50 rows=98 width=125)
	  Index Cond: ((id >= 7303929) AND (id <= 7304029))

for range-notcovered
table 1 : explain SELECT id, c FROM sbtest1 WHERE id BETWEEN 8027909 AND 8028009
	Index Scan using sbtest1_pkey on sbtest1  (cost=0.43..404.99 rows=101 width=125)
	  Index Cond: ((id >= 8027909) AND (id <= 8028009))

table 2 : explain SELECT id, c FROM sbtest2 WHERE id BETWEEN 8027909 AND 8028009
	Index Scan using sbtest2_pkey on sbtest2  (cost=0.43..395.94 rows=99 width=125)
	  Index Cond: ((id >= 8027909) AND (id <= 8028009))

table 3 : explain SELECT id, c FROM sbtest3 WHERE id BETWEEN 8027909 AND 8028009
	Index Scan using sbtest3_pkey on sbtest3  (cost=0.43..416.54 rows=104 width=125)
	  Index Cond: ((id >= 8027909) AND (id <= 8028009))

table 4 : explain SELECT id, c FROM sbtest4 WHERE id BETWEEN 8027909 AND 8028009
	Index Scan using sbtest4_pkey on sbtest4  (cost=0.43..404.63 rows=101 width=125)
	  Index Cond: ((id >= 8027909) AND (id <= 8028009))

table 5 : explain SELECT id, c FROM sbtest5 WHERE id BETWEEN 8027909 AND 8028009
	Index Scan using sbtest5_pkey on sbtest5  (cost=0.43..399.91 rows=100 width=125)
	  Index Cond: ((id >= 8027909) AND (id <= 8028009))

table 6 : explain SELECT id, c FROM sbtest6 WHERE id BETWEEN 8027909 AND 8028009
	Index Scan using sbtest6_pkey on sbtest6  (cost=0.43..399.81 rows=100 width=125)
	  Index Cond: ((id >= 8027909) AND (id <= 8028009))

table 7 : explain SELECT id, c FROM sbtest7 WHERE id BETWEEN 8027909 AND 8028009
	Index Scan using sbtest7_pkey on sbtest7  (cost=0.43..375.76 rows=94 width=125)
	  Index Cond: ((id >= 8027909) AND (id <= 8028009))

table 8 : explain SELECT id, c FROM sbtest8 WHERE id BETWEEN 8027909 AND 8028009
	Index Scan using sbtest8_pkey on sbtest8  (cost=0.43..455.86 rows=114 width=125)
	  Index Cond: ((id >= 8027909) AND (id <= 8028009))

for range-notcovered
table 1 : explain SELECT id, c FROM sbtest1 WHERE id BETWEEN 2655806 AND 2655906
	Index Scan using sbtest1_pkey on sbtest1  (cost=0.43..393.09 rows=98 width=125)
	  Index Cond: ((id >= 2655806) AND (id <= 2655906))

table 2 : explain SELECT id, c FROM sbtest2 WHERE id BETWEEN 2655806 AND 2655906
	Index Scan using sbtest2_pkey on sbtest2  (cost=0.43..384.08 rows=96 width=125)
	  Index Cond: ((id >= 2655806) AND (id <= 2655906))

table 3 : explain SELECT id, c FROM sbtest3 WHERE id BETWEEN 2655806 AND 2655906
	Index Scan using sbtest3_pkey on sbtest3  (cost=0.43..365.02 rows=91 width=125)
	  Index Cond: ((id >= 2655806) AND (id <= 2655906))

table 4 : explain SELECT id, c FROM sbtest4 WHERE id BETWEEN 2655806 AND 2655906
	Index Scan using sbtest4_pkey on sbtest4  (cost=0.43..384.80 rows=96 width=125)
	  Index Cond: ((id >= 2655806) AND (id <= 2655906))

table 5 : explain SELECT id, c FROM sbtest5 WHERE id BETWEEN 2655806 AND 2655906
	Index Scan using sbtest5_pkey on sbtest5  (cost=0.43..451.30 rows=113 width=125)
	  Index Cond: ((id >= 2655806) AND (id <= 2655906))

table 6 : explain SELECT id, c FROM sbtest6 WHERE id BETWEEN 2655806 AND 2655906
	Index Scan using sbtest6_pkey on sbtest6  (cost=0.43..407.71 rows=102 width=125)
	  Index Cond: ((id >= 2655806) AND (id <= 2655906))

table 7 : explain SELECT id, c FROM sbtest7 WHERE id BETWEEN 2655806 AND 2655906
	Index Scan using sbtest7_pkey on sbtest7  (cost=0.43..415.27 rows=104 width=125)
	  Index Cond: ((id >= 2655806) AND (id <= 2655906))

table 8 : explain SELECT id, c FROM sbtest8 WHERE id BETWEEN 2655806 AND 2655906
	Index Scan using sbtest8_pkey on sbtest8  (cost=0.43..380.62 rows=95 width=125)
	  Index Cond: ((id >= 2655806) AND (id <= 2655906))

explain: for range-notcovered :: explain SELECT id, c FROM sbtest%d WHERE id BETWEEN 7303929 AND 7304029
explain: for range-notcovered :: explain SELECT id, c FROM sbtest%d WHERE id BETWEEN 7485143 AND 7485243
for range-notcovered
table 1 : explain SELECT id, c FROM sbtest1 WHERE id BETWEEN 3836141 AND 3836241
	Index Scan using sbtest1_pkey on sbtest1  (cost=0.43..436.72 rows=109 width=125)
	  Index Cond: ((id >= 3836141) AND (id <= 3836241))

table 2 : explain SELECT id, c FROM sbtest2 WHERE id BETWEEN 3836141 AND 3836241
	Index Scan using sbtest2_pkey on sbtest2  (cost=0.43..439.45 rows=110 width=125)
	  Index Cond: ((id >= 3836141) AND (id <= 3836241))

table 3 : explain SELECT id, c FROM sbtest3 WHERE id BETWEEN 3836141 AND 3836241
	Index Scan using sbtest3_pkey on sbtest3  (cost=0.43..424.46 rows=106 width=125)
	  Index Cond: ((id >= 3836141) AND (id <= 3836241))

table 4 : explain SELECT id, c FROM sbtest4 WHERE id BETWEEN 3836141 AND 3836241
	Index Scan using sbtest4_pkey on sbtest4  (cost=0.43..384.80 rows=96 width=125)
	  Index Cond: ((id >= 3836141) AND (id <= 3836241))

table 5 : explain SELECT id, c FROM sbtest5 WHERE id BETWEEN 3836141 AND 3836241
	Index Scan using sbtest5_pkey on sbtest5  (cost=0.43..427.58 rows=107 width=125)
	  Index Cond: ((id >= 3836141) AND (id <= 3836241))

table 6 : explain SELECT id, c FROM sbtest6 WHERE id BETWEEN 3836141 AND 3836241
	Index Scan using sbtest6_pkey on sbtest6  (cost=0.43..376.08 rows=94 width=125)
	  Index Cond: ((id >= 3836141) AND (id <= 3836241))

table 7 : explain SELECT id, c FROM sbtest7 WHERE id BETWEEN 3836141 AND 3836241
	Index Scan using sbtest7_pkey on sbtest7  (cost=0.43..446.86 rows=112 width=125)
	  Index Cond: ((id >= 3836141) AND (id <= 3836241))

table 8 : explain SELECT id, c FROM sbtest8 WHERE id BETWEEN 3836141 AND 3836241
	Index Scan using sbtest8_pkey on sbtest8  (cost=0.43..479.61 rows=120 width=125)
	  Index Cond: ((id >= 3836141) AND (id <= 3836241))

explain: for range-notcovered :: explain SELECT id, c FROM sbtest%d WHERE id BETWEEN 8027909 AND 8028009
for range-notcovered
table 1 : explain SELECT id, c FROM sbtest1 WHERE id BETWEEN 7607953 AND 7608053
	Index Scan using sbtest1_pkey on sbtest1  (cost=0.43..432.76 rows=108 width=125)
	  Index Cond: ((id >= 7607953) AND (id <= 7608053))

table 2 : explain SELECT id, c FROM sbtest2 WHERE id BETWEEN 7607953 AND 7608053
	Index Scan using sbtest2_pkey on sbtest2  (cost=0.43..443.40 rows=111 width=125)
	  Index Cond: ((id >= 7607953) AND (id <= 7608053))

table 3 : explain SELECT id, c FROM sbtest3 WHERE id BETWEEN 7607953 AND 7608053
	Index Scan using sbtest3_pkey on sbtest3  (cost=0.43..460.12 rows=115 width=125)
	  Index Cond: ((id >= 7607953) AND (id <= 7608053))

table 4 : explain SELECT id, c FROM sbtest4 WHERE id BETWEEN 7607953 AND 7608053
	Index Scan using sbtest4_pkey on sbtest4  (cost=0.43..420.47 rows=105 width=125)
	  Index Cond: ((id >= 7607953) AND (id <= 7608053))

table 5 : explain SELECT id, c FROM sbtest5 WHERE id BETWEEN 7607953 AND 7608053
	Index Scan using sbtest5_pkey on sbtest5  (cost=0.43..376.17 rows=94 width=125)
	  Index Cond: ((id >= 7607953) AND (id <= 7608053))

table 6 : explain SELECT id, c FROM sbtest6 WHERE id BETWEEN 7607953 AND 7608053
	Index Scan using sbtest6_pkey on sbtest6  (cost=0.43..407.71 rows=102 width=125)
	  Index Cond: ((id >= 7607953) AND (id <= 7608053))

table 7 : explain SELECT id, c FROM sbtest7 WHERE id BETWEEN 7607953 AND 7608053
	Index Scan using sbtest7_pkey on sbtest7  (cost=0.43..371.81 rows=93 width=125)
	  Index Cond: ((id >= 7607953) AND (id <= 7608053))

table 8 : explain SELECT id, c FROM sbtest8 WHERE id BETWEEN 7607953 AND 7608053
	Index Scan using sbtest8_pkey on sbtest8  (cost=0.43..420.23 rows=105 width=125)
	  Index Cond: ((id >= 7607953) AND (id <= 7608053))

explain: for range-notcovered :: explain SELECT id, c FROM sbtest%d WHERE id BETWEEN 3836141 AND 3836241
explain: for range-notcovered :: explain SELECT id, c FROM sbtest%d WHERE id BETWEEN 7607953 AND 7608053
for range-notcovered
table 1 : explain SELECT id, c FROM sbtest1 WHERE id BETWEEN 6496772 AND 6496872
	Index Scan using sbtest1_pkey on sbtest1  (cost=0.43..424.83 rows=106 width=125)
	  Index Cond: ((id >= 6496772) AND (id <= 6496872))

table 2 : explain SELECT id, c FROM sbtest2 WHERE id BETWEEN 6496772 AND 6496872
	Index Scan using sbtest2_pkey on sbtest2  (cost=0.43..435.49 rows=109 width=125)
	  Index Cond: ((id >= 6496772) AND (id <= 6496872))

table 3 : explain SELECT id, c FROM sbtest3 WHERE id BETWEEN 6496772 AND 6496872
	Index Scan using sbtest3_pkey on sbtest3  (cost=0.43..396.72 rows=99 width=125)
	  Index Cond: ((id >= 6496772) AND (id <= 6496872))

table 4 : explain SELECT id, c FROM sbtest4 WHERE id BETWEEN 6496772 AND 6496872
	Index Scan using sbtest4_pkey on sbtest4  (cost=0.43..384.80 rows=96 width=125)
	  Index Cond: ((id >= 6496772) AND (id <= 6496872))

table 5 : explain SELECT id, c FROM sbtest5 WHERE id BETWEEN 6496772 AND 6496872
	Index Scan using sbtest5_pkey on sbtest5  (cost=0.43..411.77 rows=103 width=125)
	  Index Cond: ((id >= 6496772) AND (id <= 6496872))

table 6 : explain SELECT id, c FROM sbtest6 WHERE id BETWEEN 6496772 AND 6496872
	Index Scan using sbtest6_pkey on sbtest6  (cost=0.43..431.43 rows=108 width=125)
	  Index Cond: ((id >= 6496772) AND (id <= 6496872))

table 7 : explain SELECT id, c FROM sbtest7 WHERE id BETWEEN 6496772 AND 6496872
	Index Scan using sbtest7_pkey on sbtest7  (cost=0.43..419.22 rows=105 width=125)
	  Index Cond: ((id >= 6496772) AND (id <= 6496872))

table 8 : explain SELECT id, c FROM sbtest8 WHERE id BETWEEN 6496772 AND 6496872
	Index Scan using sbtest8_pkey on sbtest8  (cost=0.43..396.47 rows=99 width=125)
	  Index Cond: ((id >= 6496772) AND (id <= 6496872))

for range-notcovered
table 1 : explain SELECT id, c FROM sbtest1 WHERE id BETWEEN 7303929 AND 7304029
	Index Scan using sbtest1_pkey on sbtest1  (cost=0.43..401.02 rows=100 width=125)
	  Index Cond: ((id >= 7303929) AND (id <= 7304029))

table 2 : explain SELECT id, c FROM sbtest2 WHERE id BETWEEN 7303929 AND 7304029
	Index Scan using sbtest2_pkey on sbtest2  (cost=0.43..380.13 rows=95 width=125)
	  Index Cond: ((id >= 7303929) AND (id <= 7304029))

table 3 : explain SELECT id, c FROM sbtest3 WHERE id BETWEEN 7303929 AND 7304029
	Index Scan using sbtest3_pkey on sbtest3  (cost=0.43..404.65 rows=101 width=125)
	  Index Cond: ((id >= 7303929) AND (id <= 7304029))

table 4 : explain SELECT id, c FROM sbtest4 WHERE id BETWEEN 7303929 AND 7304029
	Index Scan using sbtest4_pkey on sbtest4  (cost=0.43..376.88 rows=94 width=125)
	  Index Cond: ((id >= 7303929) AND (id <= 7304029))

table 5 : explain SELECT id, c FROM sbtest5 WHERE id BETWEEN 7303929 AND 7304029
	Index Scan using sbtest5_pkey on sbtest5  (cost=0.43..391.98 rows=98 width=125)
	  Index Cond: ((id >= 7303929) AND (id <= 7304029))

table 6 : explain SELECT id, c FROM sbtest6 WHERE id BETWEEN 7303929 AND 7304029
	Index Scan using sbtest6_pkey on sbtest6  (cost=0.43..403.76 rows=101 width=125)
	  Index Cond: ((id >= 7303929) AND (id <= 7304029))

table 7 : explain SELECT id, c FROM sbtest7 WHERE id BETWEEN 7303929 AND 7304029
	Index Scan using sbtest7_pkey on sbtest7  (cost=0.43..363.91 rows=91 width=125)
	  Index Cond: ((id >= 7303929) AND (id <= 7304029))

table 8 : explain SELECT id, c FROM sbtest8 WHERE id BETWEEN 7303929 AND 7304029
	Index Scan using sbtest8_pkey on sbtest8  (cost=0.43..392.50 rows=98 width=125)
	  Index Cond: ((id >= 7303929) AND (id <= 7304029))

explain: for range-notcovered :: explain SELECT id, c FROM sbtest%d WHERE id BETWEEN 6496772 AND 6496872
explain: for range-notcovered :: explain SELECT id, c FROM sbtest%d WHERE id BETWEEN 7303929 AND 7304029
explain: for range-notcovered :: explain SELECT id, c FROM sbtest%d WHERE id BETWEEN 8901063 AND 8901163
for range-notcovered
table 1 : explain SELECT id, c FROM sbtest1 WHERE id BETWEEN 7607953 AND 7608053
	Index Scan using sbtest1_pkey on sbtest1  (cost=0.43..432.76 rows=108 width=125)
	  Index Cond: ((id >= 7607953) AND (id <= 7608053))

table 2 : explain SELECT id, c FROM sbtest2 WHERE id BETWEEN 7607953 AND 7608053
	Index Scan using sbtest2_pkey on sbtest2  (cost=0.43..443.40 rows=111 width=125)
	  Index Cond: ((id >= 7607953) AND (id <= 7608053))

table 3 : explain SELECT id, c FROM sbtest3 WHERE id BETWEEN 7607953 AND 7608053
	Index Scan using sbtest3_pkey on sbtest3  (cost=0.43..460.12 rows=115 width=125)
	  Index Cond: ((id >= 7607953) AND (id <= 7608053))

table 4 : explain SELECT id, c FROM sbtest4 WHERE id BETWEEN 7607953 AND 7608053
	Index Scan using sbtest4_pkey on sbtest4  (cost=0.43..420.47 rows=105 width=125)
	  Index Cond: ((id >= 7607953) AND (id <= 7608053))

table 5 : explain SELECT id, c FROM sbtest5 WHERE id BETWEEN 7607953 AND 7608053
	Index Scan using sbtest5_pkey on sbtest5  (cost=0.43..376.17 rows=94 width=125)
	  Index Cond: ((id >= 7607953) AND (id <= 7608053))

table 6 : explain SELECT id, c FROM sbtest6 WHERE id BETWEEN 7607953 AND 7608053
	Index Scan using sbtest6_pkey on sbtest6  (cost=0.43..407.71 rows=102 width=125)
	  Index Cond: ((id >= 7607953) AND (id <= 7608053))

table 7 : explain SELECT id, c FROM sbtest7 WHERE id BETWEEN 7607953 AND 7608053
	Index Scan using sbtest7_pkey on sbtest7  (cost=0.43..371.81 rows=93 width=125)
	  Index Cond: ((id >= 7607953) AND (id <= 7608053))

table 8 : explain SELECT id, c FROM sbtest8 WHERE id BETWEEN 7607953 AND 7608053
	Index Scan using sbtest8_pkey on sbtest8  (cost=0.43..420.23 rows=105 width=125)
	  Index Cond: ((id >= 7607953) AND (id <= 7608053))

for range-notcovered
table 1 : explain SELECT id, c FROM sbtest1 WHERE id BETWEEN 3836141 AND 3836241
	Index Scan using sbtest1_pkey on sbtest1  (cost=0.43..436.72 rows=109 width=125)
	  Index Cond: ((id >= 3836141) AND (id <= 3836241))

table 2 : explain SELECT id, c FROM sbtest2 WHERE id BETWEEN 3836141 AND 3836241
	Index Scan using sbtest2_pkey on sbtest2  (cost=0.43..439.45 rows=110 width=125)
	  Index Cond: ((id >= 3836141) AND (id <= 3836241))

table 3 : explain SELECT id, c FROM sbtest3 WHERE id BETWEEN 3836141 AND 3836241
	Index Scan using sbtest3_pkey on sbtest3  (cost=0.43..424.46 rows=106 width=125)
	  Index Cond: ((id >= 3836141) AND (id <= 3836241))

table 4 : explain SELECT id, c FROM sbtest4 WHERE id BETWEEN 3836141 AND 3836241
	Index Scan using sbtest4_pkey on sbtest4  (cost=0.43..384.80 rows=96 width=125)
	  Index Cond: ((id >= 3836141) AND (id <= 3836241))

table 5 : explain SELECT id, c FROM sbtest5 WHERE id BETWEEN 3836141 AND 3836241
	Index Scan using sbtest5_pkey on sbtest5  (cost=0.43..427.58 rows=107 width=125)
	  Index Cond: ((id >= 3836141) AND (id <= 3836241))

table 6 : explain SELECT id, c FROM sbtest6 WHERE id BETWEEN 3836141 AND 3836241
	Index Scan using sbtest6_pkey on sbtest6  (cost=0.43..376.08 rows=94 width=125)
	  Index Cond: ((id >= 3836141) AND (id <= 3836241))

table 7 : explain SELECT id, c FROM sbtest7 WHERE id BETWEEN 3836141 AND 3836241
	Index Scan using sbtest7_pkey on sbtest7  (cost=0.43..446.86 rows=112 width=125)
	  Index Cond: ((id >= 3836141) AND (id <= 3836241))

table 8 : explain SELECT id, c FROM sbtest8 WHERE id BETWEEN 3836141 AND 3836241
	Index Scan using sbtest8_pkey on sbtest8  (cost=0.43..479.61 rows=120 width=125)
	  Index Cond: ((id >= 3836141) AND (id <= 3836241))

explain: for range-notcovered :: explain SELECT id, c FROM sbtest%d WHERE id BETWEEN 7607953 AND 7608053
explain: for range-notcovered :: explain SELECT id, c FROM sbtest%d WHERE id BETWEEN 3836141 AND 3836241
for range-notcovered
table 1 : explain SELECT id, c FROM sbtest1 WHERE id BETWEEN 6445698 AND 6445798
	Index Scan using sbtest1_pkey on sbtest1  (cost=0.43..424.83 rows=106 width=125)
	  Index Cond: ((id >= 6445698) AND (id <= 6445798))

table 2 : explain SELECT id, c FROM sbtest2 WHERE id BETWEEN 6445698 AND 6445798
	Index Scan using sbtest2_pkey on sbtest2  (cost=0.43..435.49 rows=109 width=125)
	  Index Cond: ((id >= 6445698) AND (id <= 6445798))

table 3 : explain SELECT id, c FROM sbtest3 WHERE id BETWEEN 6445698 AND 6445798
	Index Scan using sbtest3_pkey on sbtest3  (cost=0.43..396.72 rows=99 width=125)
	  Index Cond: ((id >= 6445698) AND (id <= 6445798))

table 4 : explain SELECT id, c FROM sbtest4 WHERE id BETWEEN 6445698 AND 6445798
	Index Scan using sbtest4_pkey on sbtest4  (cost=0.43..440.28 rows=110 width=125)
	  Index Cond: ((id >= 6445698) AND (id <= 6445798))

table 5 : explain SELECT id, c FROM sbtest5 WHERE id BETWEEN 6445698 AND 6445798
	Index Scan using sbtest5_pkey on sbtest5  (cost=0.43..395.94 rows=99 width=125)
	  Index Cond: ((id >= 6445698) AND (id <= 6445798))

table 6 : explain SELECT id, c FROM sbtest6 WHERE id BETWEEN 6445698 AND 6445798
	Index Scan using sbtest6_pkey on sbtest6  (cost=0.43..419.57 rows=105 width=125)
	  Index Cond: ((id >= 6445698) AND (id <= 6445798))

table 7 : explain SELECT id, c FROM sbtest7 WHERE id BETWEEN 6445698 AND 6445798
	Index Scan using sbtest7_pkey on sbtest7  (cost=0.43..419.22 rows=105 width=125)
	  Index Cond: ((id >= 6445698) AND (id <= 6445798))

table 8 : explain SELECT id, c FROM sbtest8 WHERE id BETWEEN 6445698 AND 6445798
	Index Scan using sbtest8_pkey on sbtest8  (cost=0.43..396.47 rows=99 width=125)
	  Index Cond: ((id >= 6445698) AND (id <= 6445798))

for range-notcovered
table 1 : explain SELECT id, c FROM sbtest1 WHERE id BETWEEN 5273668 AND 5273768
	Index Scan using sbtest1_pkey on sbtest1  (cost=0.43..373.27 rows=93 width=125)
	  Index Cond: ((id >= 5273668) AND (id <= 5273768))

table 2 : explain SELECT id, c FROM sbtest2 WHERE id BETWEEN 5273668 AND 5273768
	Index Scan using sbtest2_pkey on sbtest2  (cost=0.43..380.13 rows=95 width=125)
	  Index Cond: ((id >= 5273668) AND (id <= 5273768))

table 3 : explain SELECT id, c FROM sbtest3 WHERE id BETWEEN 5273668 AND 5273768
	Index Scan using sbtest3_pkey on sbtest3  (cost=0.43..392.76 rows=98 width=125)
	  Index Cond: ((id >= 5273668) AND (id <= 5273768))

table 4 : explain SELECT id, c FROM sbtest4 WHERE id BETWEEN 5273668 AND 5273768
	Index Scan using sbtest4_pkey on sbtest4  (cost=0.43..408.59 rows=102 width=125)
	  Index Cond: ((id >= 5273668) AND (id <= 5273768))

table 5 : explain SELECT id, c FROM sbtest5 WHERE id BETWEEN 5273668 AND 5273768
	Index Scan using sbtest5_pkey on sbtest5  (cost=0.43..411.77 rows=103 width=125)
	  Index Cond: ((id >= 5273668) AND (id <= 5273768))

table 6 : explain SELECT id, c FROM sbtest6 WHERE id BETWEEN 5273668 AND 5273768
	Index Scan using sbtest6_pkey on sbtest6  (cost=0.43..383.98 rows=96 width=125)
	  Index Cond: ((id >= 5273668) AND (id <= 5273768))

table 7 : explain SELECT id, c FROM sbtest7 WHERE id BETWEEN 5273668 AND 5273768
	Index Scan using sbtest7_pkey on sbtest7  (cost=0.43..478.45 rows=120 width=125)
	  Index Cond: ((id >= 5273668) AND (id <= 5273768))

table 8 : explain SELECT id, c FROM sbtest8 WHERE id BETWEEN 5273668 AND 5273768
	Index Scan using sbtest8_pkey on sbtest8  (cost=0.43..400.43 rows=100 width=125)
	  Index Cond: ((id >= 5273668) AND (id <= 5273768))

explain: for range-notcovered :: explain SELECT id, c FROM sbtest%d WHERE id BETWEEN 5273668 AND 5273768
for range-notcovered
table 1 : explain SELECT id, c FROM sbtest1 WHERE id BETWEEN 6496772 AND 6496872
	Index Scan using sbtest1_pkey on sbtest1  (cost=0.43..424.83 rows=106 width=125)
	  Index Cond: ((id >= 6496772) AND (id <= 6496872))

table 2 : explain SELECT id, c FROM sbtest2 WHERE id BETWEEN 6496772 AND 6496872
	Index Scan using sbtest2_pkey on sbtest2  (cost=0.43..435.49 rows=109 width=125)
	  Index Cond: ((id >= 6496772) AND (id <= 6496872))

table 3 : explain SELECT id, c FROM sbtest3 WHERE id BETWEEN 6496772 AND 6496872
	Index Scan using sbtest3_pkey on sbtest3  (cost=0.43..396.72 rows=99 width=125)
	  Index Cond: ((id >= 6496772) AND (id <= 6496872))

table 4 : explain SELECT id, c FROM sbtest4 WHERE id BETWEEN 6496772 AND 6496872
	Index Scan using sbtest4_pkey on sbtest4  (cost=0.43..384.80 rows=96 width=125)
	  Index Cond: ((id >= 6496772) AND (id <= 6496872))

table 5 : explain SELECT id, c FROM sbtest5 WHERE id BETWEEN 6496772 AND 6496872
	Index Scan using sbtest5_pkey on sbtest5  (cost=0.43..411.77 rows=103 width=125)
	  Index Cond: ((id >= 6496772) AND (id <= 6496872))

table 6 : explain SELECT id, c FROM sbtest6 WHERE id BETWEEN 6496772 AND 6496872
	Index Scan using sbtest6_pkey on sbtest6  (cost=0.43..431.43 rows=108 width=125)
	  Index Cond: ((id >= 6496772) AND (id <= 6496872))

table 7 : explain SELECT id, c FROM sbtest7 WHERE id BETWEEN 6496772 AND 6496872
	Index Scan using sbtest7_pkey on sbtest7  (cost=0.43..419.22 rows=105 width=125)
	  Index Cond: ((id >= 6496772) AND (id <= 6496872))

table 8 : explain SELECT id, c FROM sbtest8 WHERE id BETWEEN 6496772 AND 6496872
	Index Scan using sbtest8_pkey on sbtest8  (cost=0.43..396.47 rows=99 width=125)
	  Index Cond: ((id >= 6496772) AND (id <= 6496872))

for range-notcovered
table 1 : explain SELECT id, c FROM sbtest1 WHERE id BETWEEN 8027909 AND 8028009
	Index Scan using sbtest1_pkey on sbtest1  (cost=0.43..404.99 rows=101 width=125)
	  Index Cond: ((id >= 8027909) AND (id <= 8028009))

table 2 : explain SELECT id, c FROM sbtest2 WHERE id BETWEEN 8027909 AND 8028009
	Index Scan using sbtest2_pkey on sbtest2  (cost=0.43..395.94 rows=99 width=125)
	  Index Cond: ((id >= 8027909) AND (id <= 8028009))

table 3 : explain SELECT id, c FROM sbtest3 WHERE id BETWEEN 8027909 AND 8028009
	Index Scan using sbtest3_pkey on sbtest3  (cost=0.43..416.54 rows=104 width=125)
	  Index Cond: ((id >= 8027909) AND (id <= 8028009))

table 4 : explain SELECT id, c FROM sbtest4 WHERE id BETWEEN 8027909 AND 8028009
	Index Scan using sbtest4_pkey on sbtest4  (cost=0.43..404.63 rows=101 width=125)
	  Index Cond: ((id >= 8027909) AND (id <= 8028009))

table 5 : explain SELECT id, c FROM sbtest5 WHERE id BETWEEN 8027909 AND 8028009
	Index Scan using sbtest5_pkey on sbtest5  (cost=0.43..399.91 rows=100 width=125)
	  Index Cond: ((id >= 8027909) AND (id <= 8028009))

table 6 : explain SELECT id, c FROM sbtest6 WHERE id BETWEEN 8027909 AND 8028009
	Index Scan using sbtest6_pkey on sbtest6  (cost=0.43..399.81 rows=100 width=125)
	  Index Cond: ((id >= 8027909) AND (id <= 8028009))

table 7 : explain SELECT id, c FROM sbtest7 WHERE id BETWEEN 8027909 AND 8028009
	Index Scan using sbtest7_pkey on sbtest7  (cost=0.43..375.76 rows=94 width=125)
	  Index Cond: ((id >= 8027909) AND (id <= 8028009))

table 8 : explain SELECT id, c FROM sbtest8 WHERE id BETWEEN 8027909 AND 8028009
	Index Scan using sbtest8_pkey on sbtest8  (cost=0.43..455.86 rows=114 width=125)
	  Index Cond: ((id >= 8027909) AND (id <= 8028009))

explain: for range-notcovered :: explain SELECT id, c FROM sbtest%d WHERE id BETWEEN 6496772 AND 6496872
explain: for range-notcovered :: explain SELECT id, c FROM sbtest%d WHERE id BETWEEN 8027909 AND 8028009
for range-notcovered
table 1 : explain SELECT id, c FROM sbtest1 WHERE id BETWEEN 7607953 AND 7608053
	Index Scan using sbtest1_pkey on sbtest1  (cost=0.43..432.76 rows=108 width=125)
	  Index Cond: ((id >= 7607953) AND (id <= 7608053))

table 2 : explain SELECT id, c FROM sbtest2 WHERE id BETWEEN 7607953 AND 7608053
	Index Scan using sbtest2_pkey on sbtest2  (cost=0.43..443.40 rows=111 width=125)
	  Index Cond: ((id >= 7607953) AND (id <= 7608053))

table 3 : explain SELECT id, c FROM sbtest3 WHERE id BETWEEN 7607953 AND 7608053
	Index Scan using sbtest3_pkey on sbtest3  (cost=0.43..460.12 rows=115 width=125)
	  Index Cond: ((id >= 7607953) AND (id <= 7608053))

table 4 : explain SELECT id, c FROM sbtest4 WHERE id BETWEEN 7607953 AND 7608053
	Index Scan using sbtest4_pkey on sbtest4  (cost=0.43..420.47 rows=105 width=125)
	  Index Cond: ((id >= 7607953) AND (id <= 7608053))

table 5 : explain SELECT id, c FROM sbtest5 WHERE id BETWEEN 7607953 AND 7608053
	Index Scan using sbtest5_pkey on sbtest5  (cost=0.43..376.17 rows=94 width=125)
	  Index Cond: ((id >= 7607953) AND (id <= 7608053))

table 6 : explain SELECT id, c FROM sbtest6 WHERE id BETWEEN 7607953 AND 7608053
	Index Scan using sbtest6_pkey on sbtest6  (cost=0.43..407.71 rows=102 width=125)
	  Index Cond: ((id >= 7607953) AND (id <= 7608053))

table 7 : explain SELECT id, c FROM sbtest7 WHERE id BETWEEN 7607953 AND 7608053
	Index Scan using sbtest7_pkey on sbtest7  (cost=0.43..371.81 rows=93 width=125)
	  Index Cond: ((id >= 7607953) AND (id <= 7608053))

table 8 : explain SELECT id, c FROM sbtest8 WHERE id BETWEEN 7607953 AND 7608053
	Index Scan using sbtest8_pkey on sbtest8  (cost=0.43..420.23 rows=105 width=125)
	  Index Cond: ((id >= 7607953) AND (id <= 7608053))

for range-notcovered
table 1 : explain SELECT id, c FROM sbtest1 WHERE id BETWEEN 5273668 AND 5273768
	Index Scan using sbtest1_pkey on sbtest1  (cost=0.43..373.27 rows=93 width=125)
	  Index Cond: ((id >= 5273668) AND (id <= 5273768))

table 2 : explain SELECT id, c FROM sbtest2 WHERE id BETWEEN 5273668 AND 5273768
	Index Scan using sbtest2_pkey on sbtest2  (cost=0.43..380.13 rows=95 width=125)
	  Index Cond: ((id >= 5273668) AND (id <= 5273768))

table 3 : explain SELECT id, c FROM sbtest3 WHERE id BETWEEN 5273668 AND 5273768
	Index Scan using sbtest3_pkey on sbtest3  (cost=0.43..392.76 rows=98 width=125)
	  Index Cond: ((id >= 5273668) AND (id <= 5273768))

table 4 : explain SELECT id, c FROM sbtest4 WHERE id BETWEEN 5273668 AND 5273768
	Index Scan using sbtest4_pkey on sbtest4  (cost=0.43..408.59 rows=102 width=125)
	  Index Cond: ((id >= 5273668) AND (id <= 5273768))

table 5 : explain SELECT id, c FROM sbtest5 WHERE id BETWEEN 5273668 AND 5273768
	Index Scan using sbtest5_pkey on sbtest5  (cost=0.43..411.77 rows=103 width=125)
	  Index Cond: ((id >= 5273668) AND (id <= 5273768))

table 6 : explain SELECT id, c FROM sbtest6 WHERE id BETWEEN 5273668 AND 5273768
	Index Scan using sbtest6_pkey on sbtest6  (cost=0.43..383.98 rows=96 width=125)
	  Index Cond: ((id >= 5273668) AND (id <= 5273768))

table 7 : explain SELECT id, c FROM sbtest7 WHERE id BETWEEN 5273668 AND 5273768
	Index Scan using sbtest7_pkey on sbtest7  (cost=0.43..478.45 rows=120 width=125)
	  Index Cond: ((id >= 5273668) AND (id <= 5273768))

table 8 : explain SELECT id, c FROM sbtest8 WHERE id BETWEEN 5273668 AND 5273768
	Index Scan using sbtest8_pkey on sbtest8  (cost=0.43..400.43 rows=100 width=125)
	  Index Cond: ((id >= 5273668) AND (id <= 5273768))

explain: for range-notcovered :: explain SELECT id, c FROM sbtest%d WHERE id BETWEEN 7607953 AND 7608053
explain: for range-notcovered :: explain SELECT id, c FROM sbtest%d WHERE id BETWEEN 5273668 AND 5273768
for range-notcovered
table 1 : explain SELECT id, c FROM sbtest1 WHERE id BETWEEN 7303929 AND 7304029
	Index Scan using sbtest1_pkey on sbtest1  (cost=0.43..401.02 rows=100 width=125)
	  Index Cond: ((id >= 7303929) AND (id <= 7304029))

table 2 : explain SELECT id, c FROM sbtest2 WHERE id BETWEEN 7303929 AND 7304029
	Index Scan using sbtest2_pkey on sbtest2  (cost=0.43..380.13 rows=95 width=125)
	  Index Cond: ((id >= 7303929) AND (id <= 7304029))

table 3 : explain SELECT id, c FROM sbtest3 WHERE id BETWEEN 7303929 AND 7304029
	Index Scan using sbtest3_pkey on sbtest3  (cost=0.43..404.65 rows=101 width=125)
	  Index Cond: ((id >= 7303929) AND (id <= 7304029))

table 4 : explain SELECT id, c FROM sbtest4 WHERE id BETWEEN 7303929 AND 7304029
	Index Scan using sbtest4_pkey on sbtest4  (cost=0.43..376.88 rows=94 width=125)
	  Index Cond: ((id >= 7303929) AND (id <= 7304029))

table 5 : explain SELECT id, c FROM sbtest5 WHERE id BETWEEN 7303929 AND 7304029
	Index Scan using sbtest5_pkey on sbtest5  (cost=0.43..391.98 rows=98 width=125)
	  Index Cond: ((id >= 7303929) AND (id <= 7304029))

table 6 : explain SELECT id, c FROM sbtest6 WHERE id BETWEEN 7303929 AND 7304029
	Index Scan using sbtest6_pkey on sbtest6  (cost=0.43..403.76 rows=101 width=125)
	  Index Cond: ((id >= 7303929) AND (id <= 7304029))

table 7 : explain SELECT id, c FROM sbtest7 WHERE id BETWEEN 7303929 AND 7304029
	Index Scan using sbtest7_pkey on sbtest7  (cost=0.43..363.91 rows=91 width=125)
	  Index Cond: ((id >= 7303929) AND (id <= 7304029))

table 8 : explain SELECT id, c FROM sbtest8 WHERE id BETWEEN 7303929 AND 7304029
	Index Scan using sbtest8_pkey on sbtest8  (cost=0.43..392.50 rows=98 width=125)
	  Index Cond: ((id >= 7303929) AND (id <= 7304029))

explain: for range-notcovered :: explain SELECT id, c FROM sbtest%d WHERE id BETWEEN 7303929 AND 7304029
for range-notcovered
table 1 : explain SELECT id, c FROM sbtest1 WHERE id BETWEEN 7607953 AND 7608053
	Index Scan using sbtest1_pkey on sbtest1  (cost=0.43..432.76 rows=108 width=125)
	  Index Cond: ((id >= 7607953) AND (id <= 7608053))

table 2 : explain SELECT id, c FROM sbtest2 WHERE id BETWEEN 7607953 AND 7608053
	Index Scan using sbtest2_pkey on sbtest2  (cost=0.43..443.40 rows=111 width=125)
	  Index Cond: ((id >= 7607953) AND (id <= 7608053))

table 3 : explain SELECT id, c FROM sbtest3 WHERE id BETWEEN 7607953 AND 7608053
	Index Scan using sbtest3_pkey on sbtest3  (cost=0.43..460.12 rows=115 width=125)
	  Index Cond: ((id >= 7607953) AND (id <= 7608053))

table 4 : explain SELECT id, c FROM sbtest4 WHERE id BETWEEN 7607953 AND 7608053
	Index Scan using sbtest4_pkey on sbtest4  (cost=0.43..420.47 rows=105 width=125)
	  Index Cond: ((id >= 7607953) AND (id <= 7608053))

table 5 : explain SELECT id, c FROM sbtest5 WHERE id BETWEEN 7607953 AND 7608053
	Index Scan using sbtest5_pkey on sbtest5  (cost=0.43..376.17 rows=94 width=125)
	  Index Cond: ((id >= 7607953) AND (id <= 7608053))

table 6 : explain SELECT id, c FROM sbtest6 WHERE id BETWEEN 7607953 AND 7608053
	Index Scan using sbtest6_pkey on sbtest6  (cost=0.43..407.71 rows=102 width=125)
	  Index Cond: ((id >= 7607953) AND (id <= 7608053))

table 7 : explain SELECT id, c FROM sbtest7 WHERE id BETWEEN 7607953 AND 7608053
	Index Scan using sbtest7_pkey on sbtest7  (cost=0.43..371.81 rows=93 width=125)
	  Index Cond: ((id >= 7607953) AND (id <= 7608053))

table 8 : explain SELECT id, c FROM sbtest8 WHERE id BETWEEN 7607953 AND 7608053
	Index Scan using sbtest8_pkey on sbtest8  (cost=0.43..420.23 rows=105 width=125)
	  Index Cond: ((id >= 7607953) AND (id <= 7608053))

for range-notcovered
table 1 : explain SELECT id, c FROM sbtest1 WHERE id BETWEEN 5273668 AND 5273768
	Index Scan using sbtest1_pkey on sbtest1  (cost=0.43..373.27 rows=93 width=125)
	  Index Cond: ((id >= 5273668) AND (id <= 5273768))

table 2 : explain SELECT id, c FROM sbtest2 WHERE id BETWEEN 5273668 AND 5273768
	Index Scan using sbtest2_pkey on sbtest2  (cost=0.43..380.13 rows=95 width=125)
	  Index Cond: ((id >= 5273668) AND (id <= 5273768))

table 3 : explain SELECT id, c FROM sbtest3 WHERE id BETWEEN 5273668 AND 5273768
	Index Scan using sbtest3_pkey on sbtest3  (cost=0.43..392.76 rows=98 width=125)
	  Index Cond: ((id >= 5273668) AND (id <= 5273768))

table 4 : explain SELECT id, c FROM sbtest4 WHERE id BETWEEN 5273668 AND 5273768
	Index Scan using sbtest4_pkey on sbtest4  (cost=0.43..408.59 rows=102 width=125)
	  Index Cond: ((id >= 5273668) AND (id <= 5273768))

table 5 : explain SELECT id, c FROM sbtest5 WHERE id BETWEEN 5273668 AND 5273768
	Index Scan using sbtest5_pkey on sbtest5  (cost=0.43..411.77 rows=103 width=125)
	  Index Cond: ((id >= 5273668) AND (id <= 5273768))

table 6 : explain SELECT id, c FROM sbtest6 WHERE id BETWEEN 5273668 AND 5273768
	Index Scan using sbtest6_pkey on sbtest6  (cost=0.43..383.98 rows=96 width=125)
	  Index Cond: ((id >= 5273668) AND (id <= 5273768))

table 7 : explain SELECT id, c FROM sbtest7 WHERE id BETWEEN 5273668 AND 5273768
	Index Scan using sbtest7_pkey on sbtest7  (cost=0.43..478.45 rows=120 width=125)
	  Index Cond: ((id >= 5273668) AND (id <= 5273768))

table 8 : explain SELECT id, c FROM sbtest8 WHERE id BETWEEN 5273668 AND 5273768
	Index Scan using sbtest8_pkey on sbtest8  (cost=0.43..400.43 rows=100 width=125)
	  Index Cond: ((id >= 5273668) AND (id <= 5273768))

explain: for range-notcovered :: explain SELECT id, c FROM sbtest%d WHERE id BETWEEN 7607953 AND 7608053
explain: for range-notcovered :: explain SELECT id, c FROM sbtest%d WHERE id BETWEEN 6732512 AND 6732612
for range-notcovered
table 1 : explain SELECT id, c FROM sbtest1 WHERE id BETWEEN 7303929 AND 7304029
	Index Scan using sbtest1_pkey on sbtest1  (cost=0.43..401.02 rows=100 width=125)
	  Index Cond: ((id >= 7303929) AND (id <= 7304029))

table 2 : explain SELECT id, c FROM sbtest2 WHERE id BETWEEN 7303929 AND 7304029
	Index Scan using sbtest2_pkey on sbtest2  (cost=0.43..380.13 rows=95 width=125)
	  Index Cond: ((id >= 7303929) AND (id <= 7304029))

table 3 : explain SELECT id, c FROM sbtest3 WHERE id BETWEEN 7303929 AND 7304029
	Index Scan using sbtest3_pkey on sbtest3  (cost=0.43..404.65 rows=101 width=125)
	  Index Cond: ((id >= 7303929) AND (id <= 7304029))

table 4 : explain SELECT id, c FROM sbtest4 WHERE id BETWEEN 7303929 AND 7304029
	Index Scan using sbtest4_pkey on sbtest4  (cost=0.43..376.88 rows=94 width=125)
	  Index Cond: ((id >= 7303929) AND (id <= 7304029))

table 5 : explain SELECT id, c FROM sbtest5 WHERE id BETWEEN 7303929 AND 7304029
	Index Scan using sbtest5_pkey on sbtest5  (cost=0.43..391.98 rows=98 width=125)
	  Index Cond: ((id >= 7303929) AND (id <= 7304029))

table 6 : explain SELECT id, c FROM sbtest6 WHERE id BETWEEN 7303929 AND 7304029
	Index Scan using sbtest6_pkey on sbtest6  (cost=0.43..403.76 rows=101 width=125)
	  Index Cond: ((id >= 7303929) AND (id <= 7304029))

table 7 : explain SELECT id, c FROM sbtest7 WHERE id BETWEEN 7303929 AND 7304029
	Index Scan using sbtest7_pkey on sbtest7  (cost=0.43..363.91 rows=91 width=125)
	  Index Cond: ((id >= 7303929) AND (id <= 7304029))

table 8 : explain SELECT id, c FROM sbtest8 WHERE id BETWEEN 7303929 AND 7304029
	Index Scan using sbtest8_pkey on sbtest8  (cost=0.43..392.50 rows=98 width=125)
	  Index Cond: ((id >= 7303929) AND (id <= 7304029))

for range-notcovered
table 1 : explain SELECT id, c FROM sbtest1 WHERE id BETWEEN 8284138 AND 8284238
	Index Scan using sbtest1_pkey on sbtest1  (cost=0.43..432.76 rows=108 width=125)
	  Index Cond: ((id >= 8284138) AND (id <= 8284238))

table 2 : explain SELECT id, c FROM sbtest2 WHERE id BETWEEN 8284138 AND 8284238
	Index Scan using sbtest2_pkey on sbtest2  (cost=0.43..423.63 rows=106 width=125)
	  Index Cond: ((id >= 8284138) AND (id <= 8284238))

table 3 : explain SELECT id, c FROM sbtest3 WHERE id BETWEEN 8284138 AND 8284238
	Index Scan using sbtest3_pkey on sbtest3  (cost=0.43..452.19 rows=113 width=125)
	  Index Cond: ((id >= 8284138) AND (id <= 8284238))

table 4 : explain SELECT id, c FROM sbtest4 WHERE id BETWEEN 8284138 AND 8284238
	Index Scan using sbtest4_pkey on sbtest4  (cost=0.43..428.39 rows=107 width=125)
	  Index Cond: ((id >= 8284138) AND (id <= 8284238))

table 5 : explain SELECT id, c FROM sbtest5 WHERE id BETWEEN 8284138 AND 8284238
	Index Scan using sbtest5_pkey on sbtest5  (cost=0.43..391.98 rows=98 width=125)
	  Index Cond: ((id >= 8284138) AND (id <= 8284238))

table 6 : explain SELECT id, c FROM sbtest6 WHERE id BETWEEN 8284138 AND 8284238
	Index Scan using sbtest6_pkey on sbtest6  (cost=0.43..387.93 rows=97 width=125)
	  Index Cond: ((id >= 8284138) AND (id <= 8284238))

table 7 : explain SELECT id, c FROM sbtest7 WHERE id BETWEEN 8284138 AND 8284238
	Index Scan using sbtest7_pkey on sbtest7  (cost=0.43..419.22 rows=105 width=125)
	  Index Cond: ((id >= 8284138) AND (id <= 8284238))

table 8 : explain SELECT id, c FROM sbtest8 WHERE id BETWEEN 8284138 AND 8284238
	Index Scan using sbtest8_pkey on sbtest8  (cost=0.43..416.27 rows=104 width=125)
	  Index Cond: ((id >= 8284138) AND (id <= 8284238))

explain: for range-notcovered :: explain SELECT id, c FROM sbtest%d WHERE id BETWEEN 7303929 AND 7304029
explain: for range-notcovered :: explain SELECT id, c FROM sbtest%d WHERE id BETWEEN 8284138 AND 8284238
for range-notcovered
table 1 : explain SELECT id, c FROM sbtest1 WHERE id BETWEEN 5198366 AND 5198466
	Index Scan using sbtest1_pkey on sbtest1  (cost=0.43..373.27 rows=93 width=125)
	  Index Cond: ((id >= 5198366) AND (id <= 5198466))

table 2 : explain SELECT id, c FROM sbtest2 WHERE id BETWEEN 5198366 AND 5198466
	Index Scan using sbtest2_pkey on sbtest2  (cost=0.43..415.73 rows=104 width=125)
	  Index Cond: ((id >= 5198366) AND (id <= 5198466))

table 3 : explain SELECT id, c FROM sbtest3 WHERE id BETWEEN 5198366 AND 5198466
	Index Scan using sbtest3_pkey on sbtest3  (cost=0.43..408.62 rows=102 width=125)
	  Index Cond: ((id >= 5198366) AND (id <= 5198466))

table 4 : explain SELECT id, c FROM sbtest4 WHERE id BETWEEN 5198366 AND 5198466
	Index Scan using sbtest4_pkey on sbtest4  (cost=0.43..404.63 rows=101 width=125)
	  Index Cond: ((id >= 5198366) AND (id <= 5198466))

table 5 : explain SELECT id, c FROM sbtest5 WHERE id BETWEEN 5198366 AND 5198466
	Index Scan using sbtest5_pkey on sbtest5  (cost=0.43..427.58 rows=107 width=125)
	  Index Cond: ((id >= 5198366) AND (id <= 5198466))

table 6 : explain SELECT id, c FROM sbtest6 WHERE id BETWEEN 5198366 AND 5198466
	Index Scan using sbtest6_pkey on sbtest6  (cost=0.43..383.98 rows=96 width=125)
	  Index Cond: ((id >= 5198366) AND (id <= 5198466))

table 7 : explain SELECT id, c FROM sbtest7 WHERE id BETWEEN 5198366 AND 5198466
	Index Scan using sbtest7_pkey on sbtest7  (cost=0.43..395.52 rows=99 width=125)
	  Index Cond: ((id >= 5198366) AND (id <= 5198466))

table 8 : explain SELECT id, c FROM sbtest8 WHERE id BETWEEN 5198366 AND 5198466
	Index Scan using sbtest8_pkey on sbtest8  (cost=0.43..400.43 rows=100 width=125)
	  Index Cond: ((id >= 5198366) AND (id <= 5198466))

for range-notcovered
table 1 : explain SELECT id, c FROM sbtest1 WHERE id BETWEEN 8027909 AND 8028009
	Index Scan using sbtest1_pkey on sbtest1  (cost=0.43..404.99 rows=101 width=125)
	  Index Cond: ((id >= 8027909) AND (id <= 8028009))

table 2 : explain SELECT id, c FROM sbtest2 WHERE id BETWEEN 8027909 AND 8028009
	Index Scan using sbtest2_pkey on sbtest2  (cost=0.43..395.94 rows=99 width=125)
	  Index Cond: ((id >= 8027909) AND (id <= 8028009))

table 3 : explain SELECT id, c FROM sbtest3 WHERE id BETWEEN 8027909 AND 8028009
	Index Scan using sbtest3_pkey on sbtest3  (cost=0.43..416.54 rows=104 width=125)
	  Index Cond: ((id >= 8027909) AND (id <= 8028009))

table 4 : explain SELECT id, c FROM sbtest4 WHERE id BETWEEN 8027909 AND 8028009
	Index Scan using sbtest4_pkey on sbtest4  (cost=0.43..404.63 rows=101 width=125)
	  Index Cond: ((id >= 8027909) AND (id <= 8028009))

table 5 : explain SELECT id, c FROM sbtest5 WHERE id BETWEEN 8027909 AND 8028009
	Index Scan using sbtest5_pkey on sbtest5  (cost=0.43..399.91 rows=100 width=125)
	  Index Cond: ((id >= 8027909) AND (id <= 8028009))

table 6 : explain SELECT id, c FROM sbtest6 WHERE id BETWEEN 8027909 AND 8028009
	Index Scan using sbtest6_pkey on sbtest6  (cost=0.43..399.81 rows=100 width=125)
	  Index Cond: ((id >= 8027909) AND (id <= 8028009))

table 7 : explain SELECT id, c FROM sbtest7 WHERE id BETWEEN 8027909 AND 8028009
	Index Scan using sbtest7_pkey on sbtest7  (cost=0.43..375.76 rows=94 width=125)
	  Index Cond: ((id >= 8027909) AND (id <= 8028009))

table 8 : explain SELECT id, c FROM sbtest8 WHERE id BETWEEN 8027909 AND 8028009
	Index Scan using sbtest8_pkey on sbtest8  (cost=0.43..455.86 rows=114 width=125)
	  Index Cond: ((id >= 8027909) AND (id <= 8028009))

explain: for range-notcovered :: explain SELECT id, c FROM sbtest%d WHERE id BETWEEN 8027909 AND 8028009
explain: for range-notcovered :: explain SELECT id, c FROM sbtest%d WHERE id BETWEEN 5198366 AND 5198466
for range-notcovered
table 1 : explain SELECT id, c FROM sbtest1 WHERE id BETWEEN 7607953 AND 7608053
	Index Scan using sbtest1_pkey on sbtest1  (cost=0.43..432.76 rows=108 width=125)
	  Index Cond: ((id >= 7607953) AND (id <= 7608053))

table 2 : explain SELECT id, c FROM sbtest2 WHERE id BETWEEN 7607953 AND 7608053
	Index Scan using sbtest2_pkey on sbtest2  (cost=0.43..443.40 rows=111 width=125)
	  Index Cond: ((id >= 7607953) AND (id <= 7608053))

table 3 : explain SELECT id, c FROM sbtest3 WHERE id BETWEEN 7607953 AND 7608053
	Index Scan using sbtest3_pkey on sbtest3  (cost=0.43..460.12 rows=115 width=125)
	  Index Cond: ((id >= 7607953) AND (id <= 7608053))

table 4 : explain SELECT id, c FROM sbtest4 WHERE id BETWEEN 7607953 AND 7608053
	Index Scan using sbtest4_pkey on sbtest4  (cost=0.43..420.47 rows=105 width=125)
	  Index Cond: ((id >= 7607953) AND (id <= 7608053))

table 5 : explain SELECT id, c FROM sbtest5 WHERE id BETWEEN 7607953 AND 7608053
	Index Scan using sbtest5_pkey on sbtest5  (cost=0.43..376.17 rows=94 width=125)
	  Index Cond: ((id >= 7607953) AND (id <= 7608053))

table 6 : explain SELECT id, c FROM sbtest6 WHERE id BETWEEN 7607953 AND 7608053
	Index Scan using sbtest6_pkey on sbtest6  (cost=0.43..407.71 rows=102 width=125)
	  Index Cond: ((id >= 7607953) AND (id <= 7608053))

table 7 : explain SELECT id, c FROM sbtest7 WHERE id BETWEEN 7607953 AND 7608053
	Index Scan using sbtest7_pkey on sbtest7  (cost=0.43..371.81 rows=93 width=125)
	  Index Cond: ((id >= 7607953) AND (id <= 7608053))

table 8 : explain SELECT id, c FROM sbtest8 WHERE id BETWEEN 7607953 AND 7608053
	Index Scan using sbtest8_pkey on sbtest8  (cost=0.43..420.23 rows=105 width=125)
	  Index Cond: ((id >= 7607953) AND (id <= 7608053))

explain: for range-notcovered :: explain SELECT id, c FROM sbtest%d WHERE id BETWEEN 7607953 AND 7608053
for range-notcovered
table 1 : explain SELECT id, c FROM sbtest1 WHERE id BETWEEN 7303929 AND 7304029
	Index Scan using sbtest1_pkey on sbtest1  (cost=0.43..401.02 rows=100 width=125)
	  Index Cond: ((id >= 7303929) AND (id <= 7304029))

table 2 : explain SELECT id, c FROM sbtest2 WHERE id BETWEEN 7303929 AND 7304029
	Index Scan using sbtest2_pkey on sbtest2  (cost=0.43..380.13 rows=95 width=125)
	  Index Cond: ((id >= 7303929) AND (id <= 7304029))

table 3 : explain SELECT id, c FROM sbtest3 WHERE id BETWEEN 7303929 AND 7304029
	Index Scan using sbtest3_pkey on sbtest3  (cost=0.43..404.65 rows=101 width=125)
	  Index Cond: ((id >= 7303929) AND (id <= 7304029))

table 4 : explain SELECT id, c FROM sbtest4 WHERE id BETWEEN 7303929 AND 7304029
	Index Scan using sbtest4_pkey on sbtest4  (cost=0.43..376.88 rows=94 width=125)
	  Index Cond: ((id >= 7303929) AND (id <= 7304029))

table 5 : explain SELECT id, c FROM sbtest5 WHERE id BETWEEN 7303929 AND 7304029
	Index Scan using sbtest5_pkey on sbtest5  (cost=0.43..391.98 rows=98 width=125)
	  Index Cond: ((id >= 7303929) AND (id <= 7304029))

table 6 : explain SELECT id, c FROM sbtest6 WHERE id BETWEEN 7303929 AND 7304029
	Index Scan using sbtest6_pkey on sbtest6  (cost=0.43..403.76 rows=101 width=125)
	  Index Cond: ((id >= 7303929) AND (id <= 7304029))

table 7 : explain SELECT id, c FROM sbtest7 WHERE id BETWEEN 7303929 AND 7304029
	Index Scan using sbtest7_pkey on sbtest7  (cost=0.43..363.91 rows=91 width=125)
	  Index Cond: ((id >= 7303929) AND (id <= 7304029))

table 8 : explain SELECT id, c FROM sbtest8 WHERE id BETWEEN 7303929 AND 7304029
	Index Scan using sbtest8_pkey on sbtest8  (cost=0.43..392.50 rows=98 width=125)
	  Index Cond: ((id >= 7303929) AND (id <= 7304029))

explain: for range-notcovered :: explain SELECT id, c FROM sbtest%d WHERE id BETWEEN 7303929 AND 7304029
for range-notcovered
table 1 : explain SELECT id, c FROM sbtest1 WHERE id BETWEEN 8284138 AND 8284238
	Index Scan using sbtest1_pkey on sbtest1  (cost=0.43..432.76 rows=108 width=125)
	  Index Cond: ((id >= 8284138) AND (id <= 8284238))

table 2 : explain SELECT id, c FROM sbtest2 WHERE id BETWEEN 8284138 AND 8284238
	Index Scan using sbtest2_pkey on sbtest2  (cost=0.43..423.63 rows=106 width=125)
	  Index Cond: ((id >= 8284138) AND (id <= 8284238))

table 3 : explain SELECT id, c FROM sbtest3 WHERE id BETWEEN 8284138 AND 8284238
	Index Scan using sbtest3_pkey on sbtest3  (cost=0.43..452.19 rows=113 width=125)
	  Index Cond: ((id >= 8284138) AND (id <= 8284238))

table 4 : explain SELECT id, c FROM sbtest4 WHERE id BETWEEN 8284138 AND 8284238
	Index Scan using sbtest4_pkey on sbtest4  (cost=0.43..428.39 rows=107 width=125)
	  Index Cond: ((id >= 8284138) AND (id <= 8284238))

table 5 : explain SELECT id, c FROM sbtest5 WHERE id BETWEEN 8284138 AND 8284238
	Index Scan using sbtest5_pkey on sbtest5  (cost=0.43..391.98 rows=98 width=125)
	  Index Cond: ((id >= 8284138) AND (id <= 8284238))

table 6 : explain SELECT id, c FROM sbtest6 WHERE id BETWEEN 8284138 AND 8284238
	Index Scan using sbtest6_pkey on sbtest6  (cost=0.43..387.93 rows=97 width=125)
	  Index Cond: ((id >= 8284138) AND (id <= 8284238))

table 7 : explain SELECT id, c FROM sbtest7 WHERE id BETWEEN 8284138 AND 8284238
	Index Scan using sbtest7_pkey on sbtest7  (cost=0.43..419.22 rows=105 width=125)
	  Index Cond: ((id >= 8284138) AND (id <= 8284238))

table 8 : explain SELECT id, c FROM sbtest8 WHERE id BETWEEN 8284138 AND 8284238
	Index Scan using sbtest8_pkey on sbtest8  (cost=0.43..416.27 rows=104 width=125)
	  Index Cond: ((id >= 8284138) AND (id <= 8284238))

explain: for range-notcovered :: explain SELECT id, c FROM sbtest%d WHERE id BETWEEN 8284138 AND 8284238for range-notcovered
table 1 : explain SELECT id, c FROM sbtest1 WHERE id BETWEEN 8027909 AND 8028009
	Index Scan using sbtest1_pkey on sbtest1  (cost=0.43..404.99 rows=101 width=125)
	  Index Cond: ((id >= 8027909) AND (id <= 8028009))

table 2 : explain SELECT id, c FROM sbtest2 WHERE id BETWEEN 8027909 AND 8028009
	Index Scan using sbtest2_pkey on sbtest2  (cost=0.43..395.94 rows=99 width=125)
	  Index Cond: ((id >= 8027909) AND (id <= 8028009))

table 3 : explain SELECT id, c FROM sbtest3 WHERE id BETWEEN 8027909 AND 8028009
	Index Scan using sbtest3_pkey on sbtest3  (cost=0.43..416.54 rows=104 width=125)
	  Index Cond: ((id >= 8027909) AND (id <= 8028009))

table 4 : explain SELECT id, c FROM sbtest4 WHERE id BETWEEN 8027909 AND 8028009
	Index Scan using sbtest4_pkey on sbtest4  (cost=0.43..404.63 rows=101 width=125)
	  Index Cond: ((id >= 8027909) AND (id <= 8028009))

table 5 : explain SELECT id, c FROM sbtest5 WHERE id BETWEEN 8027909 AND 8028009
	Index Scan using sbtest5_pkey on sbtest5  (cost=0.43..399.91 rows=100 width=125)
	  Index Cond: ((id >= 8027909) AND (id <= 8028009))

table 6 : explain SELECT id, c FROM sbtest6 WHERE id BETWEEN 8027909 AND 8028009
	Index Scan using sbtest6_pkey on sbtest6  (cost=0.43..399.81 rows=100 width=125)
	  Index Cond: ((id >= 8027909) AND (id <= 8028009))

table 7 : explain SELECT id, c FROM sbtest7 WHERE id BETWEEN 8027909 AND 8028009
	Index Scan using sbtest7_pkey on sbtest7  (cost=0.43..375.76 rows=94 width=125)
	  Index Cond: ((id >= 8027909) AND (id <= 8028009))

table 8 : explain SELECT id, c FROM sbtest8 WHERE id BETWEEN 8027909 AND 8028009
	Index Scan using sbtest8_pkey on sbtest8  (cost=0.43..455.86 rows=114 width=125)
	  Index Cond: ((id >= 8027909) AND (id <= 8028009))


for range-notcovered
table 1 : explain SELECT id, c FROM sbtest1 WHERE id BETWEEN 5198366 AND 5198466
	Index Scan using sbtest1_pkey on sbtest1  (cost=0.43..373.27 rows=93 width=125)
	  Index Cond: ((id >= 5198366) AND (id <= 5198466))

table 2 : explain SELECT id, c FROM sbtest2 WHERE id BETWEEN 5198366 AND 5198466
	Index Scan using sbtest2_pkey on sbtest2  (cost=0.43..415.73 rows=104 width=125)
	  Index Cond: ((id >= 5198366) AND (id <= 5198466))

table 3 : explain SELECT id, c FROM sbtest3 WHERE id BETWEEN 5198366 AND 5198466
	Index Scan using sbtest3_pkey on sbtest3  (cost=0.43..408.62 rows=102 width=125)
	  Index Cond: ((id >= 5198366) AND (id <= 5198466))

table 4 : explain SELECT id, c FROM sbtest4 WHERE id BETWEEN 5198366 AND 5198466
	Index Scan using sbtest4_pkey on sbtest4  (cost=0.43..404.63 rows=101 width=125)
	  Index Cond: ((id >= 5198366) AND (id <= 5198466))

table 5 : explain SELECT id, c FROM sbtest5 WHERE id BETWEEN 5198366 AND 5198466
	Index Scan using sbtest5_pkey on sbtest5  (cost=0.43..427.58 rows=107 width=125)
	  Index Cond: ((id >= 5198366) AND (id <= 5198466))

table 6 : explain SELECT id, c FROM sbtest6 WHERE id BETWEEN 5198366 AND 5198466
	Index Scan using sbtest6_pkey on sbtest6  (cost=0.43..383.98 rows=96 width=125)
	  Index Cond: ((id >= 5198366) AND (id <= 5198466))

table 7 : explain SELECT id, c FROM sbtest7 WHERE id BETWEEN 5198366 AND 5198466
	Index Scan using sbtest7_pkey on sbtest7  (cost=0.43..395.52 rows=99 width=125)
	  Index Cond: ((id >= 5198366) AND (id <= 5198466))

table 8 : explain SELECT id, c FROM sbtest8 WHERE id BETWEEN 5198366 AND 5198466
	Index Scan using sbtest8_pkey on sbtest8  (cost=0.43..400.43 rows=100 width=125)
	  Index Cond: ((id >= 5198366) AND (id <= 5198466))

explain: for range-notcovered :: explain SELECT id, c FROM sbtest%d WHERE id BETWEEN 8027909 AND 8028009
explain: for range-notcovered :: explain SELECT id, c FROM sbtest%d WHERE id BETWEEN 5198366 AND 5198466
for range-notcovered
table 1 : explain SELECT id, c FROM sbtest1 WHERE id BETWEEN 7607953 AND 7608053
	Index Scan using sbtest1_pkey on sbtest1  (cost=0.43..432.76 rows=108 width=125)
	  Index Cond: ((id >= 7607953) AND (id <= 7608053))

table 2 : explain SELECT id, c FROM sbtest2 WHERE id BETWEEN 7607953 AND 7608053
	Index Scan using sbtest2_pkey on sbtest2  (cost=0.43..443.40 rows=111 width=125)
	  Index Cond: ((id >= 7607953) AND (id <= 7608053))

table 3 : explain SELECT id, c FROM sbtest3 WHERE id BETWEEN 7607953 AND 7608053
	Index Scan using sbtest3_pkey on sbtest3  (cost=0.43..460.12 rows=115 width=125)
	  Index Cond: ((id >= 7607953) AND (id <= 7608053))

table 4 : explain SELECT id, c FROM sbtest4 WHERE id BETWEEN 7607953 AND 7608053
	Index Scan using sbtest4_pkey on sbtest4  (cost=0.43..420.47 rows=105 width=125)
	  Index Cond: ((id >= 7607953) AND (id <= 7608053))

table 5 : explain SELECT id, c FROM sbtest5 WHERE id BETWEEN 7607953 AND 7608053
	Index Scan using sbtest5_pkey on sbtest5  (cost=0.43..376.17 rows=94 width=125)
	  Index Cond: ((id >= 7607953) AND (id <= 7608053))

table 6 : explain SELECT id, c FROM sbtest6 WHERE id BETWEEN 7607953 AND 7608053
	Index Scan using sbtest6_pkey on sbtest6  (cost=0.43..407.71 rows=102 width=125)
	  Index Cond: ((id >= 7607953) AND (id <= 7608053))

table 7 : explain SELECT id, c FROM sbtest7 WHERE id BETWEEN 7607953 AND 7608053
	Index Scan using sbtest7_pkey on sbtest7  (cost=0.43..371.81 rows=93 width=125)
	  Index Cond: ((id >= 7607953) AND (id <= 7608053))

table 8 : explain SELECT id, c FROM sbtest8 WHERE id BETWEEN 7607953 AND 7608053
	Index Scan using sbtest8_pkey on sbtest8  (cost=0.43..420.23 rows=105 width=125)
	  Index Cond: ((id >= 7607953) AND (id <= 7608053))

for range-notcovered
table 1 : explain SELECT id, c FROM sbtest1 WHERE id BETWEEN 8933973 AND 8934073
	Index Scan using sbtest1_pkey on sbtest1  (cost=0.43..424.83 rows=106 width=125)
	  Index Cond: ((id >= 8933973) AND (id <= 8934073))

table 2 : explain SELECT id, c FROM sbtest2 WHERE id BETWEEN 8933973 AND 8934073
	Index Scan using sbtest2_pkey on sbtest2  (cost=0.43..415.73 rows=104 width=125)
	  Index Cond: ((id >= 8933973) AND (id <= 8934073))

table 3 : explain SELECT id, c FROM sbtest3 WHERE id BETWEEN 8933973 AND 8934073
	Index Scan using sbtest3_pkey on sbtest3  (cost=0.43..408.62 rows=102 width=125)
	  Index Cond: ((id >= 8933973) AND (id <= 8934073))

table 4 : explain SELECT id, c FROM sbtest4 WHERE id BETWEEN 8933973 AND 8934073
	Index Scan using sbtest4_pkey on sbtest4  (cost=0.43..444.24 rows=111 width=125)
	  Index Cond: ((id >= 8933973) AND (id <= 8934073))

table 5 : explain SELECT id, c FROM sbtest5 WHERE id BETWEEN 8933973 AND 8934073
	Index Scan using sbtest5_pkey on sbtest5  (cost=0.43..399.91 rows=100 width=125)
	  Index Cond: ((id >= 8933973) AND (id <= 8934073))

table 6 : explain SELECT id, c FROM sbtest6 WHERE id BETWEEN 8933973 AND 8934073
	Index Scan using sbtest6_pkey on sbtest6  (cost=0.43..391.89 rows=98 width=125)
	  Index Cond: ((id >= 8933973) AND (id <= 8934073))

table 7 : explain SELECT id, c FROM sbtest7 WHERE id BETWEEN 8933973 AND 8934073
	Index Scan using sbtest7_pkey on sbtest7  (cost=0.43..427.11 rows=107 width=125)
	  Index Cond: ((id >= 8933973) AND (id <= 8934073))

table 8 : explain SELECT id, c FROM sbtest8 WHERE id BETWEEN 8933973 AND 8934073
	Index Scan using sbtest8_pkey on sbtest8  (cost=0.43..400.43 rows=100 width=125)
	  Index Cond: ((id >= 8933973) AND (id <= 8934073))

explain: for range-notcovered :: explain SELECT id, c FROM sbtest%d WHERE id BETWEEN 7607953 AND 7608053
explain: for range-notcovered :: explain SELECT id, c FROM sbtest%d WHERE id BETWEEN 8933973 AND 8934073
explain: for range-notcovered :: explain SELECT id, c FROM sbtest%d WHERE id BETWEEN 2125093 AND 2125193
for range-notcovered
table 1 : explain SELECT id, c FROM sbtest1 WHERE id BETWEEN 7303929 AND 7304029
	Index Scan using sbtest1_pkey on sbtest1  (cost=0.43..401.02 rows=100 width=125)
	  Index Cond: ((id >= 7303929) AND (id <= 7304029))

table 2 : explain SELECT id, c FROM sbtest2 WHERE id BETWEEN 7303929 AND 7304029
	Index Scan using sbtest2_pkey on sbtest2  (cost=0.43..380.13 rows=95 width=125)
	  Index Cond: ((id >= 7303929) AND (id <= 7304029))

table 3 : explain SELECT id, c FROM sbtest3 WHERE id BETWEEN 7303929 AND 7304029
	Index Scan using sbtest3_pkey on sbtest3  (cost=0.43..404.65 rows=101 width=125)
	  Index Cond: ((id >= 7303929) AND (id <= 7304029))

table 4 : explain SELECT id, c FROM sbtest4 WHERE id BETWEEN 7303929 AND 7304029
	Index Scan using sbtest4_pkey on sbtest4  (cost=0.43..376.88 rows=94 width=125)
	  Index Cond: ((id >= 7303929) AND (id <= 7304029))

table 5 : explain SELECT id, c FROM sbtest5 WHERE id BETWEEN 7303929 AND 7304029
	Index Scan using sbtest5_pkey on sbtest5  (cost=0.43..391.98 rows=98 width=125)
	  Index Cond: ((id >= 7303929) AND (id <= 7304029))

table 6 : explain SELECT id, c FROM sbtest6 WHERE id BETWEEN 7303929 AND 7304029
	Index Scan using sbtest6_pkey on sbtest6  (cost=0.43..403.76 rows=101 width=125)
	  Index Cond: ((id >= 7303929) AND (id <= 7304029))

table 7 : explain SELECT id, c FROM sbtest7 WHERE id BETWEEN 7303929 AND 7304029
	Index Scan using sbtest7_pkey on sbtest7  (cost=0.43..363.91 rows=91 width=125)
	  Index Cond: ((id >= 7303929) AND (id <= 7304029))

table 8 : explain SELECT id, c FROM sbtest8 WHERE id BETWEEN 7303929 AND 7304029
	Index Scan using sbtest8_pkey on sbtest8  (cost=0.43..392.50 rows=98 width=125)
	  Index Cond: ((id >= 7303929) AND (id <= 7304029))

for range-notcovered
table 1 : explain SELECT id, c FROM sbtest1 WHERE id BETWEEN 8284138 AND 8284238
	Index Scan using sbtest1_pkey on sbtest1  (cost=0.43..432.76 rows=108 width=125)
	  Index Cond: ((id >= 8284138) AND (id <= 8284238))

table 2 : explain SELECT id, c FROM sbtest2 WHERE id BETWEEN 8284138 AND 8284238
	Index Scan using sbtest2_pkey on sbtest2  (cost=0.43..423.63 rows=106 width=125)
	  Index Cond: ((id >= 8284138) AND (id <= 8284238))

table 3 : explain SELECT id, c FROM sbtest3 WHERE id BETWEEN 8284138 AND 8284238
	Index Scan using sbtest3_pkey on sbtest3  (cost=0.43..452.19 rows=113 width=125)
	  Index Cond: ((id >= 8284138) AND (id <= 8284238))

table 4 : explain SELECT id, c FROM sbtest4 WHERE id BETWEEN 8284138 AND 8284238
	Index Scan using sbtest4_pkey on sbtest4  (cost=0.43..428.39 rows=107 width=125)
	  Index Cond: ((id >= 8284138) AND (id <= 8284238))

table 5 : explain SELECT id, c FROM sbtest5 WHERE id BETWEEN 8284138 AND 8284238
	Index Scan using sbtest5_pkey on sbtest5  (cost=0.43..391.98 rows=98 width=125)
	  Index Cond: ((id >= 8284138) AND (id <= 8284238))

table 6 : explain SELECT id, c FROM sbtest6 WHERE id BETWEEN 8284138 AND 8284238
	Index Scan using sbtest6_pkey on sbtest6  (cost=0.43..387.93 rows=97 width=125)
	  Index Cond: ((id >= 8284138) AND (id <= 8284238))

table 7 : explain SELECT id, c FROM sbtest7 WHERE id BETWEEN 8284138 AND 8284238
	Index Scan using sbtest7_pkey on sbtest7  (cost=0.43..419.22 rows=105 width=125)
	  Index Cond: ((id >= 8284138) AND (id <= 8284238))

table 8 : explain SELECT id, c FROM sbtest8 WHERE id BETWEEN 8284138 AND 8284238
	Index Scan using sbtest8_pkey on sbtest8  (cost=0.43..416.27 rows=104 width=125)
	  Index Cond: ((id >= 8284138) AND (id <= 8284238))

explain: for range-notcovered :: explain SELECT id, c FROM sbtest%d WHERE id BETWEEN 8284138 AND 8284238
for range-notcovered
table 1 : explain SELECT id, c FROM sbtest1 WHERE id BETWEEN 2678762 AND 2678862
	Index Scan using sbtest1_pkey on sbtest1  (cost=0.43..373.27 rows=93 width=125)
	  Index Cond: ((id >= 2678762) AND (id <= 2678862))

table 2 : explain SELECT id, c FROM sbtest2 WHERE id BETWEEN 2678762 AND 2678862
	Index Scan using sbtest2_pkey on sbtest2  (cost=0.43..395.94 rows=99 width=125)
	  Index Cond: ((id >= 2678762) AND (id <= 2678862))

table 3 : explain SELECT id, c FROM sbtest3 WHERE id BETWEEN 2678762 AND 2678862
	Index Scan using sbtest3_pkey on sbtest3  (cost=0.43..365.02 rows=91 width=125)
	  Index Cond: ((id >= 2678762) AND (id <= 2678862))

table 4 : explain SELECT id, c FROM sbtest4 WHERE id BETWEEN 2678762 AND 2678862
	Index Scan using sbtest4_pkey on sbtest4  (cost=0.43..384.80 rows=96 width=125)
	  Index Cond: ((id >= 2678762) AND (id <= 2678862))

table 5 : explain SELECT id, c FROM sbtest5 WHERE id BETWEEN 2678762 AND 2678862
	Index Scan using sbtest5_pkey on sbtest5  (cost=0.43..451.30 rows=113 width=125)
	  Index Cond: ((id >= 2678762) AND (id <= 2678862))

table 6 : explain SELECT id, c FROM sbtest6 WHERE id BETWEEN 2678762 AND 2678862
	Index Scan using sbtest6_pkey on sbtest6  (cost=0.43..407.71 rows=102 width=125)
	  Index Cond: ((id >= 2678762) AND (id <= 2678862))

table 7 : explain SELECT id, c FROM sbtest7 WHERE id BETWEEN 2678762 AND 2678862
	Index Scan using sbtest7_pkey on sbtest7  (cost=0.43..415.27 rows=104 width=125)
	  Index Cond: ((id >= 2678762) AND (id <= 2678862))

table 8 : explain SELECT id, c FROM sbtest8 WHERE id BETWEEN 2678762 AND 2678862
	Index Scan using sbtest8_pkey on sbtest8  (cost=0.43..380.62 rows=95 width=125)
	  Index Cond: ((id >= 2678762) AND (id <= 2678862))

for range-notcovered
table 1 : explain SELECT id, c FROM sbtest1 WHERE id BETWEEN 5198366 AND 5198466
	Index Scan using sbtest1_pkey on sbtest1  (cost=0.43..373.27 rows=93 width=125)
	  Index Cond: ((id >= 5198366) AND (id <= 5198466))

table 2 : explain SELECT id, c FROM sbtest2 WHERE id BETWEEN 5198366 AND 5198466
	Index Scan using sbtest2_pkey on sbtest2  (cost=0.43..415.73 rows=104 width=125)
	  Index Cond: ((id >= 5198366) AND (id <= 5198466))

table 3 : explain SELECT id, c FROM sbtest3 WHERE id BETWEEN 5198366 AND 5198466
	Index Scan using sbtest3_pkey on sbtest3  (cost=0.43..408.62 rows=102 width=125)
	  Index Cond: ((id >= 5198366) AND (id <= 5198466))

table 4 : explain SELECT id, c FROM sbtest4 WHERE id BETWEEN 5198366 AND 5198466
	Index Scan using sbtest4_pkey on sbtest4  (cost=0.43..404.63 rows=101 width=125)
	  Index Cond: ((id >= 5198366) AND (id <= 5198466))

table 5 : explain SELECT id, c FROM sbtest5 WHERE id BETWEEN 5198366 AND 5198466
	Index Scan using sbtest5_pkey on sbtest5  (cost=0.43..427.58 rows=107 width=125)
	  Index Cond: ((id >= 5198366) AND (id <= 5198466))

table 6 : explain SELECT id, c FROM sbtest6 WHERE id BETWEEN 5198366 AND 5198466
	Index Scan using sbtest6_pkey on sbtest6  (cost=0.43..383.98 rows=96 width=125)
	  Index Cond: ((id >= 5198366) AND (id <= 5198466))

table 7 : explain SELECT id, c FROM sbtest7 WHERE id BETWEEN 5198366 AND 5198466
	Index Scan using sbtest7_pkey on sbtest7  (cost=0.43..395.52 rows=99 width=125)
	  Index Cond: ((id >= 5198366) AND (id <= 5198466))

table 8 : explain SELECT id, c FROM sbtest8 WHERE id BETWEEN 5198366 AND 5198466
	Index Scan using sbtest8_pkey on sbtest8  (cost=0.43..400.43 rows=100 width=125)
	  Index Cond: ((id >= 5198366) AND (id <= 5198466))

explain: for range-notcovered :: explain SELECT id, c FROM sbtest%d WHERE id BETWEEN 2678762 AND 2678862
explain: for range-notcovered :: explain SELECT id, c FROM sbtest%d WHERE id BETWEEN 5198366 AND 5198466
for range-notcovered
table 1 : explain SELECT id, c FROM sbtest1 WHERE id BETWEEN 8933973 AND 8934073
	Index Scan using sbtest1_pkey on sbtest1  (cost=0.43..424.83 rows=106 width=125)
	  Index Cond: ((id >= 8933973) AND (id <= 8934073))

table 2 : explain SELECT id, c FROM sbtest2 WHERE id BETWEEN 8933973 AND 8934073
	Index Scan using sbtest2_pkey on sbtest2  (cost=0.43..415.73 rows=104 width=125)
	  Index Cond: ((id >= 8933973) AND (id <= 8934073))

table 3 : explain SELECT id, c FROM sbtest3 WHERE id BETWEEN 8933973 AND 8934073
	Index Scan using sbtest3_pkey on sbtest3  (cost=0.43..408.62 rows=102 width=125)
	  Index Cond: ((id >= 8933973) AND (id <= 8934073))

table 4 : explain SELECT id, c FROM sbtest4 WHERE id BETWEEN 8933973 AND 8934073
	Index Scan using sbtest4_pkey on sbtest4  (cost=0.43..444.24 rows=111 width=125)
	  Index Cond: ((id >= 8933973) AND (id <= 8934073))

table 5 : explain SELECT id, c FROM sbtest5 WHERE id BETWEEN 8933973 AND 8934073
	Index Scan using sbtest5_pkey on sbtest5  (cost=0.43..399.91 rows=100 width=125)
	  Index Cond: ((id >= 8933973) AND (id <= 8934073))

table 6 : explain SELECT id, c FROM sbtest6 WHERE id BETWEEN 8933973 AND 8934073
	Index Scan using sbtest6_pkey on sbtest6  (cost=0.43..391.89 rows=98 width=125)
	  Index Cond: ((id >= 8933973) AND (id <= 8934073))

table 7 : explain SELECT id, c FROM sbtest7 WHERE id BETWEEN 8933973 AND 8934073
	Index Scan using sbtest7_pkey on sbtest7  (cost=0.43..427.11 rows=107 width=125)
	  Index Cond: ((id >= 8933973) AND (id <= 8934073))

table 8 : explain SELECT id, c FROM sbtest8 WHERE id BETWEEN 8933973 AND 8934073
	Index Scan using sbtest8_pkey on sbtest8  (cost=0.43..400.43 rows=100 width=125)
	  Index Cond: ((id >= 8933973) AND (id <= 8934073))

for range-notcovered
table 1 : explain SELECT id, c FROM sbtest1 WHERE id BETWEEN 7607953 AND 7608053
	Index Scan using sbtest1_pkey on sbtest1  (cost=0.43..432.76 rows=108 width=125)
	  Index Cond: ((id >= 7607953) AND (id <= 7608053))

table 2 : explain SELECT id, c FROM sbtest2 WHERE id BETWEEN 7607953 AND 7608053
	Index Scan using sbtest2_pkey on sbtest2  (cost=0.43..443.40 rows=111 width=125)
	  Index Cond: ((id >= 7607953) AND (id <= 7608053))

table 3 : explain SELECT id, c FROM sbtest3 WHERE id BETWEEN 7607953 AND 7608053
	Index Scan using sbtest3_pkey on sbtest3  (cost=0.43..460.12 rows=115 width=125)
	  Index Cond: ((id >= 7607953) AND (id <= 7608053))

table 4 : explain SELECT id, c FROM sbtest4 WHERE id BETWEEN 7607953 AND 7608053
	Index Scan using sbtest4_pkey on sbtest4  (cost=0.43..420.47 rows=105 width=125)
	  Index Cond: ((id >= 7607953) AND (id <= 7608053))

table 5 : explain SELECT id, c FROM sbtest5 WHERE id BETWEEN 7607953 AND 7608053
	Index Scan using sbtest5_pkey on sbtest5  (cost=0.43..376.17 rows=94 width=125)
	  Index Cond: ((id >= 7607953) AND (id <= 7608053))

table 6 : explain SELECT id, c FROM sbtest6 WHERE id BETWEEN 7607953 AND 7608053
	Index Scan using sbtest6_pkey on sbtest6  (cost=0.43..407.71 rows=102 width=125)
	  Index Cond: ((id >= 7607953) AND (id <= 7608053))

table 7 : explain SELECT id, c FROM sbtest7 WHERE id BETWEEN 7607953 AND 7608053
	Index Scan using sbtest7_pkey on sbtest7  (cost=0.43..371.81 rows=93 width=125)
	  Index Cond: ((id >= 7607953) AND (id <= 7608053))

table 8 : explain SELECT id, c FROM sbtest8 WHERE id BETWEEN 7607953 AND 7608053
	Index Scan using sbtest8_pkey on sbtest8  (cost=0.43..420.23 rows=105 width=125)
	  Index Cond: ((id >= 7607953) AND (id <= 7608053))

explain: for range-notcovered :: explain SELECT id, c FROM sbtest%d WHERE id BETWEEN 8933973 AND 8934073
for range-notcovered
table 1 : explain SELECT id, c FROM sbtest1 WHERE id BETWEEN 7485143 AND 7485243
	Index Scan using sbtest1_pkey on sbtest1  (cost=0.43..385.16 rows=96 width=125)
	  Index Cond: ((id >= 7485143) AND (id <= 7485243))

table 2 : explain SELECT id, c FROM sbtest2 WHERE id BETWEEN 7485143 AND 7485243
	Index Scan using sbtest2_pkey on sbtest2  (cost=0.43..411.77 rows=103 width=125)
	  Index Cond: ((id >= 7485143) AND (id <= 7485243))

table 3 : explain SELECT id, c FROM sbtest3 WHERE id BETWEEN 7485143 AND 7485243
	Index Scan using sbtest3_pkey on sbtest3  (cost=0.43..416.54 rows=104 width=125)
	  Index Cond: ((id >= 7485143) AND (id <= 7485243))

table 4 : explain SELECT id, c FROM sbtest4 WHERE id BETWEEN 7485143 AND 7485243
	Index Scan using sbtest4_pkey on sbtest4  (cost=0.43..372.92 rows=93 width=125)
	  Index Cond: ((id >= 7485143) AND (id <= 7485243))

table 5 : explain SELECT id, c FROM sbtest5 WHERE id BETWEEN 7485143 AND 7485243
	Index Scan using sbtest5_pkey on sbtest5  (cost=0.43..403.86 rows=101 width=125)
	  Index Cond: ((id >= 7485143) AND (id <= 7485243))

table 6 : explain SELECT id, c FROM sbtest6 WHERE id BETWEEN 7485143 AND 7485243
	Index Scan using sbtest6_pkey on sbtest6  (cost=0.43..399.81 rows=100 width=125)
	  Index Cond: ((id >= 7485143) AND (id <= 7485243))

table 7 : explain SELECT id, c FROM sbtest7 WHERE id BETWEEN 7485143 AND 7485243
	Index Scan using sbtest7_pkey on sbtest7  (cost=0.43..427.11 rows=107 width=125)
	  Index Cond: ((id >= 7485143) AND (id <= 7485243))

table 8 : explain SELECT id, c FROM sbtest8 WHERE id BETWEEN 7485143 AND 7485243
	Index Scan using sbtest8_pkey on sbtest8  (cost=0.43..388.54 rows=97 width=125)
	  Index Cond: ((id >= 7485143) AND (id <= 7485243))

explain: for range-notcovered :: explain SELECT id, c FROM sbtest%d WHERE id BETWEEN 7485143 AND 7485243
explain: for range-notcovered :: explain SELECT id, c FROM sbtest%d WHERE id BETWEEN 5273668 AND 5273768
for range-notcovered
table 1 : explain SELECT id, c FROM sbtest1 WHERE id BETWEEN 8284138 AND 8284238
	Index Scan using sbtest1_pkey on sbtest1  (cost=0.43..432.76 rows=108 width=125)
	  Index Cond: ((id >= 8284138) AND (id <= 8284238))

table 2 : explain SELECT id, c FROM sbtest2 WHERE id BETWEEN 8284138 AND 8284238
	Index Scan using sbtest2_pkey on sbtest2  (cost=0.43..423.63 rows=106 width=125)
	  Index Cond: ((id >= 8284138) AND (id <= 8284238))

table 3 : explain SELECT id, c FROM sbtest3 WHERE id BETWEEN 8284138 AND 8284238
	Index Scan using sbtest3_pkey on sbtest3  (cost=0.43..452.19 rows=113 width=125)
	  Index Cond: ((id >= 8284138) AND (id <= 8284238))

table 4 : explain SELECT id, c FROM sbtest4 WHERE id BETWEEN 8284138 AND 8284238
	Index Scan using sbtest4_pkey on sbtest4  (cost=0.43..428.39 rows=107 width=125)
	  Index Cond: ((id >= 8284138) AND (id <= 8284238))

table 5 : explain SELECT id, c FROM sbtest5 WHERE id BETWEEN 8284138 AND 8284238
	Index Scan using sbtest5_pkey on sbtest5  (cost=0.43..391.98 rows=98 width=125)
	  Index Cond: ((id >= 8284138) AND (id <= 8284238))

table 6 : explain SELECT id, c FROM sbtest6 WHERE id BETWEEN 8284138 AND 8284238
	Index Scan using sbtest6_pkey on sbtest6  (cost=0.43..387.93 rows=97 width=125)
	  Index Cond: ((id >= 8284138) AND (id <= 8284238))

table 7 : explain SELECT id, c FROM sbtest7 WHERE id BETWEEN 8284138 AND 8284238
	Index Scan using sbtest7_pkey on sbtest7  (cost=0.43..419.22 rows=105 width=125)
	  Index Cond: ((id >= 8284138) AND (id <= 8284238))

table 8 : explain SELECT id, c FROM sbtest8 WHERE id BETWEEN 8284138 AND 8284238
	Index Scan using sbtest8_pkey on sbtest8  (cost=0.43..416.27 rows=104 width=125)
	  Index Cond: ((id >= 8284138) AND (id <= 8284238))

explain: for range-notcovered :: explain SELECT id, c FROM sbtest%d WHERE id BETWEEN 8284138 AND 8284238
for range-notcovered
table 1 : explain SELECT id, c FROM sbtest1 WHERE id BETWEEN 5198366 AND 5198466
	Index Scan using sbtest1_pkey on sbtest1  (cost=0.43..373.27 rows=93 width=125)
	  Index Cond: ((id >= 5198366) AND (id <= 5198466))

table 2 : explain SELECT id, c FROM sbtest2 WHERE id BETWEEN 5198366 AND 5198466
	Index Scan using sbtest2_pkey on sbtest2  (cost=0.43..415.73 rows=104 width=125)
	  Index Cond: ((id >= 5198366) AND (id <= 5198466))

table 3 : explain SELECT id, c FROM sbtest3 WHERE id BETWEEN 5198366 AND 5198466
	Index Scan using sbtest3_pkey on sbtest3  (cost=0.43..408.62 rows=102 width=125)
	  Index Cond: ((id >= 5198366) AND (id <= 5198466))

table 4 : explain SELECT id, c FROM sbtest4 WHERE id BETWEEN 5198366 AND 5198466
	Index Scan using sbtest4_pkey on sbtest4  (cost=0.43..404.63 rows=101 width=125)
	  Index Cond: ((id >= 5198366) AND (id <= 5198466))

table 5 : explain SELECT id, c FROM sbtest5 WHERE id BETWEEN 5198366 AND 5198466
	Index Scan using sbtest5_pkey on sbtest5  (cost=0.43..427.58 rows=107 width=125)
	  Index Cond: ((id >= 5198366) AND (id <= 5198466))

table 6 : explain SELECT id, c FROM sbtest6 WHERE id BETWEEN 5198366 AND 5198466
	Index Scan using sbtest6_pkey on sbtest6  (cost=0.43..383.98 rows=96 width=125)
	  Index Cond: ((id >= 5198366) AND (id <= 5198466))

table 7 : explain SELECT id, c FROM sbtest7 WHERE id BETWEEN 5198366 AND 5198466
	Index Scan using sbtest7_pkey on sbtest7  (cost=0.43..395.52 rows=99 width=125)
	  Index Cond: ((id >= 5198366) AND (id <= 5198466))

table 8 : explain SELECT id, c FROM sbtest8 WHERE id BETWEEN 5198366 AND 5198466
	Index Scan using sbtest8_pkey on sbtest8  (cost=0.43..400.43 rows=100 width=125)
	  Index Cond: ((id >= 5198366) AND (id <= 5198466))

for range-notcovered
table 1 : explain SELECT id, c FROM sbtest1 WHERE id BETWEEN 2678762 AND 2678862
	Index Scan using sbtest1_pkey on sbtest1  (cost=0.43..373.27 rows=93 width=125)
	  Index Cond: ((id >= 2678762) AND (id <= 2678862))

table 2 : explain SELECT id, c FROM sbtest2 WHERE id BETWEEN 2678762 AND 2678862
	Index Scan using sbtest2_pkey on sbtest2  (cost=0.43..395.94 rows=99 width=125)
	  Index Cond: ((id >= 2678762) AND (id <= 2678862))

table 3 : explain SELECT id, c FROM sbtest3 WHERE id BETWEEN 2678762 AND 2678862
	Index Scan using sbtest3_pkey on sbtest3  (cost=0.43..365.02 rows=91 width=125)
	  Index Cond: ((id >= 2678762) AND (id <= 2678862))

table 4 : explain SELECT id, c FROM sbtest4 WHERE id BETWEEN 2678762 AND 2678862
	Index Scan using sbtest4_pkey on sbtest4  (cost=0.43..384.80 rows=96 width=125)
	  Index Cond: ((id >= 2678762) AND (id <= 2678862))

table 5 : explain SELECT id, c FROM sbtest5 WHERE id BETWEEN 2678762 AND 2678862
	Index Scan using sbtest5_pkey on sbtest5  (cost=0.43..451.30 rows=113 width=125)
	  Index Cond: ((id >= 2678762) AND (id <= 2678862))

table 6 : explain SELECT id, c FROM sbtest6 WHERE id BETWEEN 2678762 AND 2678862
	Index Scan using sbtest6_pkey on sbtest6  (cost=0.43..407.71 rows=102 width=125)
	  Index Cond: ((id >= 2678762) AND (id <= 2678862))

table 7 : explain SELECT id, c FROM sbtest7 WHERE id BETWEEN 2678762 AND 2678862
	Index Scan using sbtest7_pkey on sbtest7  (cost=0.43..415.27 rows=104 width=125)
	  Index Cond: ((id >= 2678762) AND (id <= 2678862))

table 8 : explain SELECT id, c FROM sbtest8 WHERE id BETWEEN 2678762 AND 2678862
	Index Scan using sbtest8_pkey on sbtest8  (cost=0.43..380.62 rows=95 width=125)
	  Index Cond: ((id >= 2678762) AND (id <= 2678862))

explain: for range-notcovered :: explain SELECT id, c FROM sbtest%d WHERE id BETWEEN 5198366 AND 5198466
for range-notcovered
table 1 : explain SELECT id, c FROM sbtest1 WHERE id BETWEEN 8933973 AND 8934073
	Index Scan using sbtest1_pkey on sbtest1  (cost=0.43..424.83 rows=106 width=125)
	  Index Cond: ((id >= 8933973) AND (id <= 8934073))

table 2 : explain SELECT id, c FROM sbtest2 WHERE id BETWEEN 8933973 AND 8934073
	Index Scan using sbtest2_pkey on sbtest2  (cost=0.43..415.73 rows=104 width=125)
	  Index Cond: ((id >= 8933973) AND (id <= 8934073))

table 3 : explain SELECT id, c FROM sbtest3 WHERE id BETWEEN 8933973 AND 8934073
	Index Scan using sbtest3_pkey on sbtest3  (cost=0.43..408.62 rows=102 width=125)
	  Index Cond: ((id >= 8933973) AND (id <= 8934073))

table 4 : explain SELECT id, c FROM sbtest4 WHERE id BETWEEN 8933973 AND 8934073
	Index Scan using sbtest4_pkey on sbtest4  (cost=0.43..444.24 rows=111 width=125)
	  Index Cond: ((id >= 8933973) AND (id <= 8934073))

table 5 : explain SELECT id, c FROM sbtest5 WHERE id BETWEEN 8933973 AND 8934073
	Index Scan using sbtest5_pkey on sbtest5  (cost=0.43..399.91 rows=100 width=125)
	  Index Cond: ((id >= 8933973) AND (id <= 8934073))

table 6 : explain SELECT id, c FROM sbtest6 WHERE id BETWEEN 8933973 AND 8934073
	Index Scan using sbtest6_pkey on sbtest6  (cost=0.43..391.89 rows=98 width=125)
	  Index Cond: ((id >= 8933973) AND (id <= 8934073))

table 7 : explain SELECT id, c FROM sbtest7 WHERE id BETWEEN 8933973 AND 8934073
	Index Scan using sbtest7_pkey on sbtest7  (cost=0.43..427.11 rows=107 width=125)
	  Index Cond: ((id >= 8933973) AND (id <= 8934073))

table 8 : explain SELECT id, c FROM sbtest8 WHERE id BETWEEN 8933973 AND 8934073
	Index Scan using sbtest8_pkey on sbtest8  (cost=0.43..400.43 rows=100 width=125)
	  Index Cond: ((id >= 8933973) AND (id <= 8934073))

explain: for range-notcovered :: explain SELECT id, c FROM sbtest%d WHERE id BETWEEN 2678762 AND 2678862
explain: for range-notcovered :: explain SELECT id, c FROM sbtest%d WHERE id BETWEEN 701185 AND 701285
explain: for range-notcovered :: explain SELECT id, c FROM sbtest%d WHERE id BETWEEN 8933973 AND 8934073
for range-notcovered
table 1 : explain SELECT id, c FROM sbtest1 WHERE id BETWEEN 7485143 AND 7485243
	Index Scan using sbtest1_pkey on sbtest1  (cost=0.43..385.16 rows=96 width=125)
	  Index Cond: ((id >= 7485143) AND (id <= 7485243))

table 2 : explain SELECT id, c FROM sbtest2 WHERE id BETWEEN 7485143 AND 7485243
	Index Scan using sbtest2_pkey on sbtest2  (cost=0.43..411.77 rows=103 width=125)
	  Index Cond: ((id >= 7485143) AND (id <= 7485243))

table 3 : explain SELECT id, c FROM sbtest3 WHERE id BETWEEN 7485143 AND 7485243
	Index Scan using sbtest3_pkey on sbtest3  (cost=0.43..416.54 rows=104 width=125)
	  Index Cond: ((id >= 7485143) AND (id <= 7485243))

table 4 : explain SELECT id, c FROM sbtest4 WHERE id BETWEEN 7485143 AND 7485243
	Index Scan using sbtest4_pkey on sbtest4  (cost=0.43..372.92 rows=93 width=125)
	  Index Cond: ((id >= 7485143) AND (id <= 7485243))

table 5 : explain SELECT id, c FROM sbtest5 WHERE id BETWEEN 7485143 AND 7485243
	Index Scan using sbtest5_pkey on sbtest5  (cost=0.43..403.86 rows=101 width=125)
	  Index Cond: ((id >= 7485143) AND (id <= 7485243))

table 6 : explain SELECT id, c FROM sbtest6 WHERE id BETWEEN 7485143 AND 7485243
	Index Scan using sbtest6_pkey on sbtest6  (cost=0.43..399.81 rows=100 width=125)
	  Index Cond: ((id >= 7485143) AND (id <= 7485243))

table 7 : explain SELECT id, c FROM sbtest7 WHERE id BETWEEN 7485143 AND 7485243
	Index Scan using sbtest7_pkey on sbtest7  (cost=0.43..427.11 rows=107 width=125)
	  Index Cond: ((id >= 7485143) AND (id <= 7485243))

table 8 : explain SELECT id, c FROM sbtest8 WHERE id BETWEEN 7485143 AND 7485243
	Index Scan using sbtest8_pkey on sbtest8  (cost=0.43..388.54 rows=97 width=125)
	  Index Cond: ((id >= 7485143) AND (id <= 7485243))

explain: for range-notcovered :: explain SELECT id, c FROM sbtest%d WHERE id BETWEEN 7485143 AND 7485243
for range-notcovered
table 1 : explain SELECT id, c FROM sbtest1 WHERE id BETWEEN 5273668 AND 5273768
	Index Scan using sbtest1_pkey on sbtest1  (cost=0.43..373.27 rows=93 width=125)
	  Index Cond: ((id >= 5273668) AND (id <= 5273768))

table 2 : explain SELECT id, c FROM sbtest2 WHERE id BETWEEN 5273668 AND 5273768
	Index Scan using sbtest2_pkey on sbtest2  (cost=0.43..380.13 rows=95 width=125)
	  Index Cond: ((id >= 5273668) AND (id <= 5273768))

table 3 : explain SELECT id, c FROM sbtest3 WHERE id BETWEEN 5273668 AND 5273768
	Index Scan using sbtest3_pkey on sbtest3  (cost=0.43..392.76 rows=98 width=125)
	  Index Cond: ((id >= 5273668) AND (id <= 5273768))

table 4 : explain SELECT id, c FROM sbtest4 WHERE id BETWEEN 5273668 AND 5273768
	Index Scan using sbtest4_pkey on sbtest4  (cost=0.43..408.59 rows=102 width=125)
	  Index Cond: ((id >= 5273668) AND (id <= 5273768))

table 5 : explain SELECT id, c FROM sbtest5 WHERE id BETWEEN 5273668 AND 5273768
	Index Scan using sbtest5_pkey on sbtest5  (cost=0.43..411.77 rows=103 width=125)
	  Index Cond: ((id >= 5273668) AND (id <= 5273768))

table 6 : explain SELECT id, c FROM sbtest6 WHERE id BETWEEN 5273668 AND 5273768
	Index Scan using sbtest6_pkey on sbtest6  (cost=0.43..383.98 rows=96 width=125)
	  Index Cond: ((id >= 5273668) AND (id <= 5273768))

table 7 : explain SELECT id, c FROM sbtest7 WHERE id BETWEEN 5273668 AND 5273768
	Index Scan using sbtest7_pkey on sbtest7  (cost=0.43..478.45 rows=120 width=125)
	  Index Cond: ((id >= 5273668) AND (id <= 5273768))

table 8 : explain SELECT id, c FROM sbtest8 WHERE id BETWEEN 5273668 AND 5273768
	Index Scan using sbtest8_pkey on sbtest8  (cost=0.43..400.43 rows=100 width=125)
	  Index Cond: ((id >= 5273668) AND (id <= 5273768))

explain: for range-notcovered :: explain SELECT id, c FROM sbtest%d WHERE id BETWEEN 5273668 AND 5273768
for range-notcovered
table 1 : explain SELECT id, c FROM sbtest1 WHERE id BETWEEN 5198366 AND 5198466
	Index Scan using sbtest1_pkey on sbtest1  (cost=0.43..373.27 rows=93 width=125)
	  Index Cond: ((id >= 5198366) AND (id <= 5198466))

table 2 : explain SELECT id, c FROM sbtest2 WHERE id BETWEEN 5198366 AND 5198466
	Index Scan using sbtest2_pkey on sbtest2  (cost=0.43..415.73 rows=104 width=125)
	  Index Cond: ((id >= 5198366) AND (id <= 5198466))

table 3 : explain SELECT id, c FROM sbtest3 WHERE id BETWEEN 5198366 AND 5198466
	Index Scan using sbtest3_pkey on sbtest3  (cost=0.43..408.62 rows=102 width=125)
	  Index Cond: ((id >= 5198366) AND (id <= 5198466))

table 4 : explain SELECT id, c FROM sbtest4 WHERE id BETWEEN 5198366 AND 5198466
	Index Scan using sbtest4_pkey on sbtest4  (cost=0.43..404.63 rows=101 width=125)
	  Index Cond: ((id >= 5198366) AND (id <= 5198466))

table 5 : explain SELECT id, c FROM sbtest5 WHERE id BETWEEN 5198366 AND 5198466
	Index Scan using sbtest5_pkey on sbtest5  (cost=0.43..427.58 rows=107 width=125)
	  Index Cond: ((id >= 5198366) AND (id <= 5198466))

table 6 : explain SELECT id, c FROM sbtest6 WHERE id BETWEEN 5198366 AND 5198466
	Index Scan using sbtest6_pkey on sbtest6  (cost=0.43..383.98 rows=96 width=125)
	  Index Cond: ((id >= 5198366) AND (id <= 5198466))

table 7 : explain SELECT id, c FROM sbtest7 WHERE id BETWEEN 5198366 AND 5198466
	Index Scan using sbtest7_pkey on sbtest7  (cost=0.43..395.52 rows=99 width=125)
	  Index Cond: ((id >= 5198366) AND (id <= 5198466))

table 8 : explain SELECT id, c FROM sbtest8 WHERE id BETWEEN 5198366 AND 5198466
	Index Scan using sbtest8_pkey on sbtest8  (cost=0.43..400.43 rows=100 width=125)
	  Index Cond: ((id >= 5198366) AND (id <= 5198466))

for range-notcovered
table 1 : explain SELECT id, c FROM sbtest1 WHERE id BETWEEN 2678762 AND 2678862
	Index Scan using sbtest1_pkey on sbtest1  (cost=0.43..373.27 rows=93 width=125)
	  Index Cond: ((id >= 2678762) AND (id <= 2678862))

table 2 : explain SELECT id, c FROM sbtest2 WHERE id BETWEEN 2678762 AND 2678862
	Index Scan using sbtest2_pkey on sbtest2  (cost=0.43..395.94 rows=99 width=125)
	  Index Cond: ((id >= 2678762) AND (id <= 2678862))

table 3 : explain SELECT id, c FROM sbtest3 WHERE id BETWEEN 2678762 AND 2678862
	Index Scan using sbtest3_pkey on sbtest3  (cost=0.43..365.02 rows=91 width=125)
	  Index Cond: ((id >= 2678762) AND (id <= 2678862))

table 4 : explain SELECT id, c FROM sbtest4 WHERE id BETWEEN 2678762 AND 2678862
	Index Scan using sbtest4_pkey on sbtest4  (cost=0.43..384.80 rows=96 width=125)
	  Index Cond: ((id >= 2678762) AND (id <= 2678862))

table 5 : explain SELECT id, c FROM sbtest5 WHERE id BETWEEN 2678762 AND 2678862
	Index Scan using sbtest5_pkey on sbtest5  (cost=0.43..451.30 rows=113 width=125)
	  Index Cond: ((id >= 2678762) AND (id <= 2678862))

table 6 : explain SELECT id, c FROM sbtest6 WHERE id BETWEEN 2678762 AND 2678862
	Index Scan using sbtest6_pkey on sbtest6  (cost=0.43..407.71 rows=102 width=125)
	  Index Cond: ((id >= 2678762) AND (id <= 2678862))

table 7 : explain SELECT id, c FROM sbtest7 WHERE id BETWEEN 2678762 AND 2678862
	Index Scan using sbtest7_pkey on sbtest7  (cost=0.43..415.27 rows=104 width=125)
	  Index Cond: ((id >= 2678762) AND (id <= 2678862))

table 8 : explain SELECT id, c FROM sbtest8 WHERE id BETWEEN 2678762 AND 2678862
	Index Scan using sbtest8_pkey on sbtest8  (cost=0.43..380.62 rows=95 width=125)
	  Index Cond: ((id >= 2678762) AND (id <= 2678862))

explain: for range-notcovered :: explain SELECT id, c FROM sbtest%d WHERE id BETWEEN 5198366 AND 5198466
explain: for range-notcovered :: explain SELECT id, c FROM sbtest%d WHERE id BETWEEN 2678762 AND 2678862
for range-notcovered
table 1 : explain SELECT id, c FROM sbtest1 WHERE id BETWEEN 8933973 AND 8934073
	Index Scan using sbtest1_pkey on sbtest1  (cost=0.43..424.83 rows=106 width=125)
	  Index Cond: ((id >= 8933973) AND (id <= 8934073))

table 2 : explain SELECT id, c FROM sbtest2 WHERE id BETWEEN 8933973 AND 8934073
	Index Scan using sbtest2_pkey on sbtest2  (cost=0.43..415.73 rows=104 width=125)
	  Index Cond: ((id >= 8933973) AND (id <= 8934073))

table 3 : explain SELECT id, c FROM sbtest3 WHERE id BETWEEN 8933973 AND 8934073
	Index Scan using sbtest3_pkey on sbtest3  (cost=0.43..408.62 rows=102 width=125)
	  Index Cond: ((id >= 8933973) AND (id <= 8934073))

table 4 : explain SELECT id, c FROM sbtest4 WHERE id BETWEEN 8933973 AND 8934073
	Index Scan using sbtest4_pkey on sbtest4  (cost=0.43..444.24 rows=111 width=125)
	  Index Cond: ((id >= 8933973) AND (id <= 8934073))

table 5 : explain SELECT id, c FROM sbtest5 WHERE id BETWEEN 8933973 AND 8934073
	Index Scan using sbtest5_pkey on sbtest5  (cost=0.43..399.91 rows=100 width=125)
	  Index Cond: ((id >= 8933973) AND (id <= 8934073))

table 6 : explain SELECT id, c FROM sbtest6 WHERE id BETWEEN 8933973 AND 8934073
	Index Scan using sbtest6_pkey on sbtest6  (cost=0.43..391.89 rows=98 width=125)
	  Index Cond: ((id >= 8933973) AND (id <= 8934073))

table 7 : explain SELECT id, c FROM sbtest7 WHERE id BETWEEN 8933973 AND 8934073
	Index Scan using sbtest7_pkey on sbtest7  (cost=0.43..427.11 rows=107 width=125)
	  Index Cond: ((id >= 8933973) AND (id <= 8934073))

table 8 : explain SELECT id, c FROM sbtest8 WHERE id BETWEEN 8933973 AND 8934073
	Index Scan using sbtest8_pkey on sbtest8  (cost=0.43..400.43 rows=100 width=125)
	  Index Cond: ((id >= 8933973) AND (id <= 8934073))

explain: for range-notcovered :: explain SELECT id, c FROM sbtest%d WHERE id BETWEEN 8933973 AND 8934073
for range-notcovered
table 1 : explain SELECT id, c FROM sbtest1 WHERE id BETWEEN 7485143 AND 7485243
	Index Scan using sbtest1_pkey on sbtest1  (cost=0.43..385.16 rows=96 width=125)
	  Index Cond: ((id >= 7485143) AND (id <= 7485243))

table 2 : explain SELECT id, c FROM sbtest2 WHERE id BETWEEN 7485143 AND 7485243
	Index Scan using sbtest2_pkey on sbtest2  (cost=0.43..411.77 rows=103 width=125)
	  Index Cond: ((id >= 7485143) AND (id <= 7485243))

table 3 : explain SELECT id, c FROM sbtest3 WHERE id BETWEEN 7485143 AND 7485243
	Index Scan using sbtest3_pkey on sbtest3  (cost=0.43..416.54 rows=104 width=125)
	  Index Cond: ((id >= 7485143) AND (id <= 7485243))

table 4 : explain SELECT id, c FROM sbtest4 WHERE id BETWEEN 7485143 AND 7485243
	Index Scan using sbtest4_pkey on sbtest4  (cost=0.43..372.92 rows=93 width=125)
	  Index Cond: ((id >= 7485143) AND (id <= 7485243))

table 5 : explain SELECT id, c FROM sbtest5 WHERE id BETWEEN 7485143 AND 7485243
	Index Scan using sbtest5_pkey on sbtest5  (cost=0.43..403.86 rows=101 width=125)
	  Index Cond: ((id >= 7485143) AND (id <= 7485243))

table 6 : explain SELECT id, c FROM sbtest6 WHERE id BETWEEN 7485143 AND 7485243
	Index Scan using sbtest6_pkey on sbtest6  (cost=0.43..399.81 rows=100 width=125)
	  Index Cond: ((id >= 7485143) AND (id <= 7485243))

table 7 : explain SELECT id, c FROM sbtest7 WHERE id BETWEEN 7485143 AND 7485243
	Index Scan using sbtest7_pkey on sbtest7  (cost=0.43..427.11 rows=107 width=125)
	  Index Cond: ((id >= 7485143) AND (id <= 7485243))

table 8 : explain SELECT id, c FROM sbtest8 WHERE id BETWEEN 7485143 AND 7485243
	Index Scan using sbtest8_pkey on sbtest8  (cost=0.43..388.54 rows=97 width=125)
	  Index Cond: ((id >= 7485143) AND (id <= 7485243))

explain: for range-notcovered :: explain SELECT id, c FROM sbtest%d WHERE id BETWEEN 7485143 AND 7485243
for range-notcovered
table 1 : explain SELECT id, c FROM sbtest1 WHERE id BETWEEN 5273668 AND 5273768
	Index Scan using sbtest1_pkey on sbtest1  (cost=0.43..373.27 rows=93 width=125)
	  Index Cond: ((id >= 5273668) AND (id <= 5273768))

table 2 : explain SELECT id, c FROM sbtest2 WHERE id BETWEEN 5273668 AND 5273768
	Index Scan using sbtest2_pkey on sbtest2  (cost=0.43..380.13 rows=95 width=125)
	  Index Cond: ((id >= 5273668) AND (id <= 5273768))

table 3 : explain SELECT id, c FROM sbtest3 WHERE id BETWEEN 5273668 AND 5273768
	Index Scan using sbtest3_pkey on sbtest3  (cost=0.43..392.76 rows=98 width=125)
	  Index Cond: ((id >= 5273668) AND (id <= 5273768))

table 4 : explain SELECT id, c FROM sbtest4 WHERE id BETWEEN 5273668 AND 5273768
	Index Scan using sbtest4_pkey on sbtest4  (cost=0.43..408.59 rows=102 width=125)
	  Index Cond: ((id >= 5273668) AND (id <= 5273768))

table 5 : explain SELECT id, c FROM sbtest5 WHERE id BETWEEN 5273668 AND 5273768
	Index Scan using sbtest5_pkey on sbtest5  (cost=0.43..411.77 rows=103 width=125)
	  Index Cond: ((id >= 5273668) AND (id <= 5273768))

table 6 : explain SELECT id, c FROM sbtest6 WHERE id BETWEEN 5273668 AND 5273768
	Index Scan using sbtest6_pkey on sbtest6  (cost=0.43..383.98 rows=96 width=125)
	  Index Cond: ((id >= 5273668) AND (id <= 5273768))

table 7 : explain SELECT id, c FROM sbtest7 WHERE id BETWEEN 5273668 AND 5273768
	Index Scan using sbtest7_pkey on sbtest7  (cost=0.43..478.45 rows=120 width=125)
	  Index Cond: ((id >= 5273668) AND (id <= 5273768))

table 8 : explain SELECT id, c FROM sbtest8 WHERE id BETWEEN 5273668 AND 5273768
	Index Scan using sbtest8_pkey on sbtest8  (cost=0.43..400.43 rows=100 width=125)
	  Index Cond: ((id >= 5273668) AND (id <= 5273768))

explain: for range-notcovered :: explain SELECT id, c FROM sbtest%d WHERE id BETWEEN 5273668 AND 5273768
for range-notcovered
table 1 : explain SELECT id, c FROM sbtest1 WHERE id BETWEEN 2678762 AND 2678862
	Index Scan using sbtest1_pkey on sbtest1  (cost=0.43..373.27 rows=93 width=125)
	  Index Cond: ((id >= 2678762) AND (id <= 2678862))

table 2 : explain SELECT id, c FROM sbtest2 WHERE id BETWEEN 2678762 AND 2678862
	Index Scan using sbtest2_pkey on sbtest2  (cost=0.43..395.94 rows=99 width=125)
	  Index Cond: ((id >= 2678762) AND (id <= 2678862))

table 3 : explain SELECT id, c FROM sbtest3 WHERE id BETWEEN 2678762 AND 2678862
	Index Scan using sbtest3_pkey on sbtest3  (cost=0.43..365.02 rows=91 width=125)
	  Index Cond: ((id >= 2678762) AND (id <= 2678862))

table 4 : explain SELECT id, c FROM sbtest4 WHERE id BETWEEN 2678762 AND 2678862
	Index Scan using sbtest4_pkey on sbtest4  (cost=0.43..384.80 rows=96 width=125)
	  Index Cond: ((id >= 2678762) AND (id <= 2678862))

table 5 : explain SELECT id, c FROM sbtest5 WHERE id BETWEEN 2678762 AND 2678862
	Index Scan using sbtest5_pkey on sbtest5  (cost=0.43..451.30 rows=113 width=125)
	  Index Cond: ((id >= 2678762) AND (id <= 2678862))

table 6 : explain SELECT id, c FROM sbtest6 WHERE id BETWEEN 2678762 AND 2678862
	Index Scan using sbtest6_pkey on sbtest6  (cost=0.43..407.71 rows=102 width=125)
	  Index Cond: ((id >= 2678762) AND (id <= 2678862))

table 7 : explain SELECT id, c FROM sbtest7 WHERE id BETWEEN 2678762 AND 2678862
	Index Scan using sbtest7_pkey on sbtest7  (cost=0.43..415.27 rows=104 width=125)
	  Index Cond: ((id >= 2678762) AND (id <= 2678862))

table 8 : explain SELECT id, c FROM sbtest8 WHERE id BETWEEN 2678762 AND 2678862
	Index Scan using sbtest8_pkey on sbtest8  (cost=0.43..380.62 rows=95 width=125)
	  Index Cond: ((id >= 2678762) AND (id <= 2678862))

for range-notcovered
table 1 : explain SELECT id, c FROM sbtest1 WHERE id BETWEEN 5198366 AND 5198466
	Index Scan using sbtest1_pkey on sbtest1  (cost=0.43..373.27 rows=93 width=125)
	  Index Cond: ((id >= 5198366) AND (id <= 5198466))

table 2 : explain SELECT id, c FROM sbtest2 WHERE id BETWEEN 5198366 AND 5198466
	Index Scan using sbtest2_pkey on sbtest2  (cost=0.43..415.73 rows=104 width=125)
	  Index Cond: ((id >= 5198366) AND (id <= 5198466))

table 3 : explain SELECT id, c FROM sbtest3 WHERE id BETWEEN 5198366 AND 5198466
	Index Scan using sbtest3_pkey on sbtest3  (cost=0.43..408.62 rows=102 width=125)
	  Index Cond: ((id >= 5198366) AND (id <= 5198466))

table 4 : explain SELECT id, c FROM sbtest4 WHERE id BETWEEN 5198366 AND 5198466
	Index Scan using sbtest4_pkey on sbtest4  (cost=0.43..404.63 rows=101 width=125)
	  Index Cond: ((id >= 5198366) AND (id <= 5198466))

table 5 : explain SELECT id, c FROM sbtest5 WHERE id BETWEEN 5198366 AND 5198466
	Index Scan using sbtest5_pkey on sbtest5  (cost=0.43..427.58 rows=107 width=125)
	  Index Cond: ((id >= 5198366) AND (id <= 5198466))

table 6 : explain SELECT id, c FROM sbtest6 WHERE id BETWEEN 5198366 AND 5198466
	Index Scan using sbtest6_pkey on sbtest6  (cost=0.43..383.98 rows=96 width=125)
	  Index Cond: ((id >= 5198366) AND (id <= 5198466))

table 7 : explain SELECT id, c FROM sbtest7 WHERE id BETWEEN 5198366 AND 5198466
	Index Scan using sbtest7_pkey on sbtest7  (cost=0.43..395.52 rows=99 width=125)
	  Index Cond: ((id >= 5198366) AND (id <= 5198466))

table 8 : explain SELECT id, c FROM sbtest8 WHERE id BETWEEN 5198366 AND 5198466
	Index Scan using sbtest8_pkey on sbtest8  (cost=0.43..400.43 rows=100 width=125)
	  Index Cond: ((id >= 5198366) AND (id <= 5198466))

explain: for range-notcovered :: explain SELECT id, c FROM sbtest%d WHERE id BETWEEN 2678762 AND 2678862
explain: for range-notcovered :: explain SELECT id, c FROM sbtest%d WHERE id BETWEEN 5198366 AND 5198466
for range-notcovered
table 1 : explain SELECT id, c FROM sbtest1 WHERE id BETWEEN 8933973 AND 8934073
	Index Scan using sbtest1_pkey on sbtest1  (cost=0.43..424.83 rows=106 width=125)
	  Index Cond: ((id >= 8933973) AND (id <= 8934073))

table 2 : explain SELECT id, c FROM sbtest2 WHERE id BETWEEN 8933973 AND 8934073
	Index Scan using sbtest2_pkey on sbtest2  (cost=0.43..415.73 rows=104 width=125)
	  Index Cond: ((id >= 8933973) AND (id <= 8934073))

table 3 : explain SELECT id, c FROM sbtest3 WHERE id BETWEEN 8933973 AND 8934073
	Index Scan using sbtest3_pkey on sbtest3  (cost=0.43..408.62 rows=102 width=125)
	  Index Cond: ((id >= 8933973) AND (id <= 8934073))

table 4 : explain SELECT id, c FROM sbtest4 WHERE id BETWEEN 8933973 AND 8934073
	Index Scan using sbtest4_pkey on sbtest4  (cost=0.43..444.24 rows=111 width=125)
	  Index Cond: ((id >= 8933973) AND (id <= 8934073))

table 5 : explain SELECT id, c FROM sbtest5 WHERE id BETWEEN 8933973 AND 8934073
	Index Scan using sbtest5_pkey on sbtest5  (cost=0.43..399.91 rows=100 width=125)
	  Index Cond: ((id >= 8933973) AND (id <= 8934073))

table 6 : explain SELECT id, c FROM sbtest6 WHERE id BETWEEN 8933973 AND 8934073
	Index Scan using sbtest6_pkey on sbtest6  (cost=0.43..391.89 rows=98 width=125)
	  Index Cond: ((id >= 8933973) AND (id <= 8934073))

table 7 : explain SELECT id, c FROM sbtest7 WHERE id BETWEEN 8933973 AND 8934073
	Index Scan using sbtest7_pkey on sbtest7  (cost=0.43..427.11 rows=107 width=125)
	  Index Cond: ((id >= 8933973) AND (id <= 8934073))

table 8 : explain SELECT id, c FROM sbtest8 WHERE id BETWEEN 8933973 AND 8934073
	Index Scan using sbtest8_pkey on sbtest8  (cost=0.43..400.43 rows=100 width=125)
	  Index Cond: ((id >= 8933973) AND (id <= 8934073))

explain: for range-notcovered :: explain SELECT id, c FROM sbtest%d WHERE id BETWEEN 8933973 AND 8934073
for range-notcovered
table 1 : explain SELECT id, c FROM sbtest1 WHERE id BETWEEN 7485143 AND 7485243
	Index Scan using sbtest1_pkey on sbtest1  (cost=0.43..385.16 rows=96 width=125)
	  Index Cond: ((id >= 7485143) AND (id <= 7485243))

table 2 : explain SELECT id, c FROM sbtest2 WHERE id BETWEEN 7485143 AND 7485243
	Index Scan using sbtest2_pkey on sbtest2  (cost=0.43..411.77 rows=103 width=125)
	  Index Cond: ((id >= 7485143) AND (id <= 7485243))

table 3 : explain SELECT id, c FROM sbtest3 WHERE id BETWEEN 7485143 AND 7485243
	Index Scan using sbtest3_pkey on sbtest3  (cost=0.43..416.54 rows=104 width=125)
	  Index Cond: ((id >= 7485143) AND (id <= 7485243))

table 4 : explain SELECT id, c FROM sbtest4 WHERE id BETWEEN 7485143 AND 7485243
	Index Scan using sbtest4_pkey on sbtest4  (cost=0.43..372.92 rows=93 width=125)
	  Index Cond: ((id >= 7485143) AND (id <= 7485243))

table 5 : explain SELECT id, c FROM sbtest5 WHERE id BETWEEN 7485143 AND 7485243
	Index Scan using sbtest5_pkey on sbtest5  (cost=0.43..403.86 rows=101 width=125)
	  Index Cond: ((id >= 7485143) AND (id <= 7485243))

table 6 : explain SELECT id, c FROM sbtest6 WHERE id BETWEEN 7485143 AND 7485243
	Index Scan using sbtest6_pkey on sbtest6  (cost=0.43..399.81 rows=100 width=125)
	  Index Cond: ((id >= 7485143) AND (id <= 7485243))

table 7 : explain SELECT id, c FROM sbtest7 WHERE id BETWEEN 7485143 AND 7485243
	Index Scan using sbtest7_pkey on sbtest7  (cost=0.43..427.11 rows=107 width=125)
	  Index Cond: ((id >= 7485143) AND (id <= 7485243))

table 8 : explain SELECT id, c FROM sbtest8 WHERE id BETWEEN 7485143 AND 7485243
	Index Scan using sbtest8_pkey on sbtest8  (cost=0.43..388.54 rows=97 width=125)
	  Index Cond: ((id >= 7485143) AND (id <= 7485243))

explain: for range-notcovered :: explain SELECT id, c FROM sbtest%d WHERE id BETWEEN 7485143 AND 7485243
for range-notcovered
table 1 : explain SELECT id, c FROM sbtest1 WHERE id BETWEEN 5273668 AND 5273768
	Index Scan using sbtest1_pkey on sbtest1  (cost=0.43..373.27 rows=93 width=125)
	  Index Cond: ((id >= 5273668) AND (id <= 5273768))

table 2 : explain SELECT id, c FROM sbtest2 WHERE id BETWEEN 5273668 AND 5273768
	Index Scan using sbtest2_pkey on sbtest2  (cost=0.43..380.13 rows=95 width=125)
	  Index Cond: ((id >= 5273668) AND (id <= 5273768))

table 3 : explain SELECT id, c FROM sbtest3 WHERE id BETWEEN 5273668 AND 5273768
	Index Scan using sbtest3_pkey on sbtest3  (cost=0.43..392.76 rows=98 width=125)
	  Index Cond: ((id >= 5273668) AND (id <= 5273768))

table 4 : explain SELECT id, c FROM sbtest4 WHERE id BETWEEN 5273668 AND 5273768
	Index Scan using sbtest4_pkey on sbtest4  (cost=0.43..408.59 rows=102 width=125)
	  Index Cond: ((id >= 5273668) AND (id <= 5273768))

table 5 : explain SELECT id, c FROM sbtest5 WHERE id BETWEEN 5273668 AND 5273768
	Index Scan using sbtest5_pkey on sbtest5  (cost=0.43..411.77 rows=103 width=125)
	  Index Cond: ((id >= 5273668) AND (id <= 5273768))

table 6 : explain SELECT id, c FROM sbtest6 WHERE id BETWEEN 5273668 AND 5273768
	Index Scan using sbtest6_pkey on sbtest6  (cost=0.43..383.98 rows=96 width=125)
	  Index Cond: ((id >= 5273668) AND (id <= 5273768))

table 7 : explain SELECT id, c FROM sbtest7 WHERE id BETWEEN 5273668 AND 5273768
	Index Scan using sbtest7_pkey on sbtest7  (cost=0.43..478.45 rows=120 width=125)
	  Index Cond: ((id >= 5273668) AND (id <= 5273768))

table 8 : explain SELECT id, c FROM sbtest8 WHERE id BETWEEN 5273668 AND 5273768
	Index Scan using sbtest8_pkey on sbtest8  (cost=0.43..400.43 rows=100 width=125)
	  Index Cond: ((id >= 5273668) AND (id <= 5273768))

for range-notcovered
table 1 : explain SELECT id, c FROM sbtest1 WHERE id BETWEEN 2678762 AND 2678862
	Index Scan using sbtest1_pkey on sbtest1  (cost=0.43..373.27 rows=93 width=125)
	  Index Cond: ((id >= 2678762) AND (id <= 2678862))

table 2 : explain SELECT id, c FROM sbtest2 WHERE id BETWEEN 2678762 AND 2678862
	Index Scan using sbtest2_pkey on sbtest2  (cost=0.43..395.94 rows=99 width=125)
	  Index Cond: ((id >= 2678762) AND (id <= 2678862))

table 3 : explain SELECT id, c FROM sbtest3 WHERE id BETWEEN 2678762 AND 2678862
	Index Scan using sbtest3_pkey on sbtest3  (cost=0.43..365.02 rows=91 width=125)
	  Index Cond: ((id >= 2678762) AND (id <= 2678862))

table 4 : explain SELECT id, c FROM sbtest4 WHERE id BETWEEN 2678762 AND 2678862
	Index Scan using sbtest4_pkey on sbtest4  (cost=0.43..384.80 rows=96 width=125)
	  Index Cond: ((id >= 2678762) AND (id <= 2678862))

table 5 : explain SELECT id, c FROM sbtest5 WHERE id BETWEEN 2678762 AND 2678862
	Index Scan using sbtest5_pkey on sbtest5  (cost=0.43..451.30 rows=113 width=125)
	  Index Cond: ((id >= 2678762) AND (id <= 2678862))

table 6 : explain SELECT id, c FROM sbtest6 WHERE id BETWEEN 2678762 AND 2678862
	Index Scan using sbtest6_pkey on sbtest6  (cost=0.43..407.71 rows=102 width=125)
	  Index Cond: ((id >= 2678762) AND (id <= 2678862))

table 7 : explain SELECT id, c FROM sbtest7 WHERE id BETWEEN 2678762 AND 2678862
	Index Scan using sbtest7_pkey on sbtest7  (cost=0.43..415.27 rows=104 width=125)
	  Index Cond: ((id >= 2678762) AND (id <= 2678862))

table 8 : explain SELECT id, c FROM sbtest8 WHERE id BETWEEN 2678762 AND 2678862
	Index Scan using sbtest8_pkey on sbtest8  (cost=0.43..380.62 rows=95 width=125)
	  Index Cond: ((id >= 2678762) AND (id <= 2678862))

for range-notcovered
table 1 : explain SELECT id, c FROM sbtest1 WHERE id BETWEEN 5198366 AND 5198466
	Index Scan using sbtest1_pkey on sbtest1  (cost=0.43..373.27 rows=93 width=125)
	  Index Cond: ((id >= 5198366) AND (id <= 5198466))

table 2 : explain SELECT id, c FROM sbtest2 WHERE id BETWEEN 5198366 AND 5198466
	Index Scan using sbtest2_pkey on sbtest2  (cost=0.43..415.73 rows=104 width=125)
	  Index Cond: ((id >= 5198366) AND (id <= 5198466))

table 3 : explain SELECT id, c FROM sbtest3 WHERE id BETWEEN 5198366 AND 5198466
	Index Scan using sbtest3_pkey on sbtest3  (cost=0.43..408.62 rows=102 width=125)
	  Index Cond: ((id >= 5198366) AND (id <= 5198466))

table 4 : explain SELECT id, c FROM sbtest4 WHERE id BETWEEN 5198366 AND 5198466
	Index Scan using sbtest4_pkey on sbtest4  (cost=0.43..404.63 rows=101 width=125)
	  Index Cond: ((id >= 5198366) AND (id <= 5198466))

table 5 : explain SELECT id, c FROM sbtest5 WHERE id BETWEEN 5198366 AND 5198466
	Index Scan using sbtest5_pkey on sbtest5  (cost=0.43..427.58 rows=107 width=125)
	  Index Cond: ((id >= 5198366) AND (id <= 5198466))

table 6 : explain SELECT id, c FROM sbtest6 WHERE id BETWEEN 5198366 AND 5198466
	Index Scan using sbtest6_pkey on sbtest6  (cost=0.43..383.98 rows=96 width=125)
	  Index Cond: ((id >= 5198366) AND (id <= 5198466))

table 7 : explain SELECT id, c FROM sbtest7 WHERE id BETWEEN 5198366 AND 5198466
	Index Scan using sbtest7_pkey on sbtest7  (cost=0.43..395.52 rows=99 width=125)
	  Index Cond: ((id >= 5198366) AND (id <= 5198466))

table 8 : explain SELECT id, c FROM sbtest8 WHERE id BETWEEN 5198366 AND 5198466
	Index Scan using sbtest8_pkey on sbtest8  (cost=0.43..400.43 rows=100 width=125)
	  Index Cond: ((id >= 5198366) AND (id <= 5198466))

explain: for range-notcovered :: explain SELECT id, c FROM sbtest%d WHERE id BETWEEN 5273668 AND 5273768
explain: for range-notcovered :: explain SELECT id, c FROM sbtest%d WHERE id BETWEEN 5198366 AND 5198466
explain: for range-notcovered :: explain SELECT id, c FROM sbtest%d WHERE id BETWEEN 2678762 AND 2678862
for range-notcovered
table 1 : explain SELECT id, c FROM sbtest1 WHERE id BETWEEN 8933973 AND 8934073
	Index Scan using sbtest1_pkey on sbtest1  (cost=0.43..424.83 rows=106 width=125)
	  Index Cond: ((id >= 8933973) AND (id <= 8934073))

table 2 : explain SELECT id, c FROM sbtest2 WHERE id BETWEEN 8933973 AND 8934073
	Index Scan using sbtest2_pkey on sbtest2  (cost=0.43..415.73 rows=104 width=125)
	  Index Cond: ((id >= 8933973) AND (id <= 8934073))

table 3 : explain SELECT id, c FROM sbtest3 WHERE id BETWEEN 8933973 AND 8934073
	Index Scan using sbtest3_pkey on sbtest3  (cost=0.43..408.62 rows=102 width=125)
	  Index Cond: ((id >= 8933973) AND (id <= 8934073))

table 4 : explain SELECT id, c FROM sbtest4 WHERE id BETWEEN 8933973 AND 8934073
	Index Scan using sbtest4_pkey on sbtest4  (cost=0.43..444.24 rows=111 width=125)
	  Index Cond: ((id >= 8933973) AND (id <= 8934073))

table 5 : explain SELECT id, c FROM sbtest5 WHERE id BETWEEN 8933973 AND 8934073
	Index Scan using sbtest5_pkey on sbtest5  (cost=0.43..399.91 rows=100 width=125)
	  Index Cond: ((id >= 8933973) AND (id <= 8934073))

table 6 : explain SELECT id, c FROM sbtest6 WHERE id BETWEEN 8933973 AND 8934073
	Index Scan using sbtest6_pkey on sbtest6  (cost=0.43..391.89 rows=98 width=125)
	  Index Cond: ((id >= 8933973) AND (id <= 8934073))

table 7 : explain SELECT id, c FROM sbtest7 WHERE id BETWEEN 8933973 AND 8934073
	Index Scan using sbtest7_pkey on sbtest7  (cost=0.43..427.11 rows=107 width=125)
	  Index Cond: ((id >= 8933973) AND (id <= 8934073))

table 8 : explain SELECT id, c FROM sbtest8 WHERE id BETWEEN 8933973 AND 8934073
	Index Scan using sbtest8_pkey on sbtest8  (cost=0.43..400.43 rows=100 width=125)
	  Index Cond: ((id >= 8933973) AND (id <= 8934073))

explain: for range-notcovered :: explain SELECT id, c FROM sbtest%d WHERE id BETWEEN 8933973 AND 8934073
for range-notcovered
table 1 : explain SELECT id, c FROM sbtest1 WHERE id BETWEEN 6732512 AND 6732612
	Index Scan using sbtest1_pkey on sbtest1  (cost=0.43..404.99 rows=101 width=125)
	  Index Cond: ((id >= 6732512) AND (id <= 6732612))

table 2 : explain SELECT id, c FROM sbtest2 WHERE id BETWEEN 6732512 AND 6732612
	Index Scan using sbtest2_pkey on sbtest2  (cost=0.43..403.87 rows=101 width=125)
	  Index Cond: ((id >= 6732512) AND (id <= 6732612))

table 3 : explain SELECT id, c FROM sbtest3 WHERE id BETWEEN 6732512 AND 6732612
	Index Scan using sbtest3_pkey on sbtest3  (cost=0.43..392.76 rows=98 width=125)
	  Index Cond: ((id >= 6732512) AND (id <= 6732612))

table 4 : explain SELECT id, c FROM sbtest4 WHERE id BETWEEN 6732512 AND 6732612
	Index Scan using sbtest4_pkey on sbtest4  (cost=0.43..396.69 rows=99 width=125)
	  Index Cond: ((id >= 6732512) AND (id <= 6732612))

table 5 : explain SELECT id, c FROM sbtest5 WHERE id BETWEEN 6732512 AND 6732612
	Index Scan using sbtest5_pkey on sbtest5  (cost=0.43..423.63 rows=106 width=125)
	  Index Cond: ((id >= 6732512) AND (id <= 6732612))

table 6 : explain SELECT id, c FROM sbtest6 WHERE id BETWEEN 6732512 AND 6732612
	Index Scan using sbtest6_pkey on sbtest6  (cost=0.43..435.38 rows=109 width=125)
	  Index Cond: ((id >= 6732512) AND (id <= 6732612))

table 7 : explain SELECT id, c FROM sbtest7 WHERE id BETWEEN 6732512 AND 6732612
	Index Scan using sbtest7_pkey on sbtest7  (cost=0.43..379.71 rows=95 width=125)
	  Index Cond: ((id >= 6732512) AND (id <= 6732612))

table 8 : explain SELECT id, c FROM sbtest8 WHERE id BETWEEN 6732512 AND 6732612
	Index Scan using sbtest8_pkey on sbtest8  (cost=0.43..400.43 rows=100 width=125)
	  Index Cond: ((id >= 6732512) AND (id <= 6732612))

for range-notcovered
table 1 : explain SELECT id, c FROM sbtest1 WHERE id BETWEEN 3836141 AND 3836241
	Index Scan using sbtest1_pkey on sbtest1  (cost=0.43..436.72 rows=109 width=125)
	  Index Cond: ((id >= 3836141) AND (id <= 3836241))

table 2 : explain SELECT id, c FROM sbtest2 WHERE id BETWEEN 3836141 AND 3836241
	Index Scan using sbtest2_pkey on sbtest2  (cost=0.43..439.45 rows=110 width=125)
	  Index Cond: ((id >= 3836141) AND (id <= 3836241))

table 3 : explain SELECT id, c FROM sbtest3 WHERE id BETWEEN 3836141 AND 3836241
	Index Scan using sbtest3_pkey on sbtest3  (cost=0.43..424.46 rows=106 width=125)
	  Index Cond: ((id >= 3836141) AND (id <= 3836241))

table 4 : explain SELECT id, c FROM sbtest4 WHERE id BETWEEN 3836141 AND 3836241
	Index Scan using sbtest4_pkey on sbtest4  (cost=0.43..384.80 rows=96 width=125)
	  Index Cond: ((id >= 3836141) AND (id <= 3836241))

table 5 : explain SELECT id, c FROM sbtest5 WHERE id BETWEEN 3836141 AND 3836241
	Index Scan using sbtest5_pkey on sbtest5  (cost=0.43..427.58 rows=107 width=125)
	  Index Cond: ((id >= 3836141) AND (id <= 3836241))

table 6 : explain SELECT id, c FROM sbtest6 WHERE id BETWEEN 3836141 AND 3836241
	Index Scan using sbtest6_pkey on sbtest6  (cost=0.43..376.08 rows=94 width=125)
	  Index Cond: ((id >= 3836141) AND (id <= 3836241))

table 7 : explain SELECT id, c FROM sbtest7 WHERE id BETWEEN 3836141 AND 3836241
	Index Scan using sbtest7_pkey on sbtest7  (cost=0.43..446.86 rows=112 width=125)
	  Index Cond: ((id >= 3836141) AND (id <= 3836241))

table 8 : explain SELECT id, c FROM sbtest8 WHERE id BETWEEN 3836141 AND 3836241
	Index Scan using sbtest8_pkey on sbtest8  (cost=0.43..479.61 rows=120 width=125)
	  Index Cond: ((id >= 3836141) AND (id <= 3836241))

for range-notcovered
table 1 : explain SELECT id, c FROM sbtest1 WHERE id BETWEEN 7485143 AND 7485243
	Index Scan using sbtest1_pkey on sbtest1  (cost=0.43..385.16 rows=96 width=125)
	  Index Cond: ((id >= 7485143) AND (id <= 7485243))

table 2 : explain SELECT id, c FROM sbtest2 WHERE id BETWEEN 7485143 AND 7485243
	Index Scan using sbtest2_pkey on sbtest2  (cost=0.43..411.77 rows=103 width=125)
	  Index Cond: ((id >= 7485143) AND (id <= 7485243))

table 3 : explain SELECT id, c FROM sbtest3 WHERE id BETWEEN 7485143 AND 7485243
	Index Scan using sbtest3_pkey on sbtest3  (cost=0.43..416.54 rows=104 width=125)
	  Index Cond: ((id >= 7485143) AND (id <= 7485243))

table 4 : explain SELECT id, c FROM sbtest4 WHERE id BETWEEN 7485143 AND 7485243
	Index Scan using sbtest4_pkey on sbtest4  (cost=0.43..372.92 rows=93 width=125)
	  Index Cond: ((id >= 7485143) AND (id <= 7485243))

table 5 : explain SELECT id, c FROM sbtest5 WHERE id BETWEEN 7485143 AND 7485243
	Index Scan using sbtest5_pkey on sbtest5  (cost=0.43..403.86 rows=101 width=125)
	  Index Cond: ((id >= 7485143) AND (id <= 7485243))

table 6 : explain SELECT id, c FROM sbtest6 WHERE id BETWEEN 7485143 AND 7485243
	Index Scan using sbtest6_pkey on sbtest6  (cost=0.43..399.81 rows=100 width=125)
	  Index Cond: ((id >= 7485143) AND (id <= 7485243))

table 7 : explain SELECT id, c FROM sbtest7 WHERE id BETWEEN 7485143 AND 7485243
	Index Scan using sbtest7_pkey on sbtest7  (cost=0.43..427.11 rows=107 width=125)
	  Index Cond: ((id >= 7485143) AND (id <= 7485243))

table 8 : explain SELECT id, c FROM sbtest8 WHERE id BETWEEN 7485143 AND 7485243
	Index Scan using sbtest8_pkey on sbtest8  (cost=0.43..388.54 rows=97 width=125)
	  Index Cond: ((id >= 7485143) AND (id <= 7485243))

for range-notcovered
table 1 : explain SELECT id, c FROM sbtest1 WHERE id BETWEEN 8284138 AND 8284238
	Index Scan using sbtest1_pkey on sbtest1  (cost=0.43..432.76 rows=108 width=125)
	  Index Cond: ((id >= 8284138) AND (id <= 8284238))

table 2 : explain SELECT id, c FROM sbtest2 WHERE id BETWEEN 8284138 AND 8284238
	Index Scan using sbtest2_pkey on sbtest2  (cost=0.43..423.63 rows=106 width=125)
	  Index Cond: ((id >= 8284138) AND (id <= 8284238))

table 3 : explain SELECT id, c FROM sbtest3 WHERE id BETWEEN 8284138 AND 8284238
	Index Scan using sbtest3_pkey on sbtest3  (cost=0.43..452.19 rows=113 width=125)
	  Index Cond: ((id >= 8284138) AND (id <= 8284238))

table 4 : explain SELECT id, c FROM sbtest4 WHERE id BETWEEN 8284138 AND 8284238
	Index Scan using sbtest4_pkey on sbtest4  (cost=0.43..428.39 rows=107 width=125)
	  Index Cond: ((id >= 8284138) AND (id <= 8284238))

table 5 : explain SELECT id, c FROM sbtest5 WHERE id BETWEEN 8284138 AND 8284238
	Index Scan using sbtest5_pkey on sbtest5  (cost=0.43..391.98 rows=98 width=125)
	  Index Cond: ((id >= 8284138) AND (id <= 8284238))

table 6 : explain SELECT id, c FROM sbtest6 WHERE id BETWEEN 8284138 AND 8284238
	Index Scan using sbtest6_pkey on sbtest6  (cost=0.43..387.93 rows=97 width=125)
	  Index Cond: ((id >= 8284138) AND (id <= 8284238))

table 7 : explain SELECT id, c FROM sbtest7 WHERE id BETWEEN 8284138 AND 8284238
	Index Scan using sbtest7_pkey on sbtest7  (cost=0.43..419.22 rows=105 width=125)
	  Index Cond: ((id >= 8284138) AND (id <= 8284238))

table 8 : explain SELECT id, c FROM sbtest8 WHERE id BETWEEN 8284138 AND 8284238
	Index Scan using sbtest8_pkey on sbtest8  (cost=0.43..416.27 rows=104 width=125)
	  Index Cond: ((id >= 8284138) AND (id <= 8284238))

explain: for range-notcovered :: explain SELECT id, c FROM sbtest%d WHERE id BETWEEN 3836141 AND 3836241
explain: for range-notcovered :: explain SELECT id, c FROM sbtest%d WHERE id BETWEEN 8284138 AND 8284238
explain: for range-notcovered :: explain SELECT id, c FROM sbtest%d WHERE id BETWEEN 7485143 AND 7485243
explain: for range-notcovered :: explain SELECT id, c FROM sbtest%d WHERE id BETWEEN 634350 AND 634450
explain: for range-notcovered :: explain SELECT id, c FROM sbtest%d WHERE id BETWEEN 6732512 AND 6732612
for range-notcovered
table 1 : explain SELECT id, c FROM sbtest1 WHERE id BETWEEN 8901063 AND 8901163
	Index Scan using sbtest1_pkey on sbtest1  (cost=0.43..424.83 rows=106 width=125)
	  Index Cond: ((id >= 8901063) AND (id <= 8901163))

table 2 : explain SELECT id, c FROM sbtest2 WHERE id BETWEEN 8901063 AND 8901163
	Index Scan using sbtest2_pkey on sbtest2  (cost=0.43..395.94 rows=99 width=125)
	  Index Cond: ((id >= 8901063) AND (id <= 8901163))

table 3 : explain SELECT id, c FROM sbtest3 WHERE id BETWEEN 8901063 AND 8901163
	Index Scan using sbtest3_pkey on sbtest3  (cost=0.43..408.62 rows=102 width=125)
	  Index Cond: ((id >= 8901063) AND (id <= 8901163))

table 4 : explain SELECT id, c FROM sbtest4 WHERE id BETWEEN 8901063 AND 8901163
	Index Scan using sbtest4_pkey on sbtest4  (cost=0.43..404.63 rows=101 width=125)
	  Index Cond: ((id >= 8901063) AND (id <= 8901163))

table 5 : explain SELECT id, c FROM sbtest5 WHERE id BETWEEN 8901063 AND 8901163
	Index Scan using sbtest5_pkey on sbtest5  (cost=0.43..399.91 rows=100 width=125)
	  Index Cond: ((id >= 8901063) AND (id <= 8901163))

table 6 : explain SELECT id, c FROM sbtest6 WHERE id BETWEEN 8901063 AND 8901163
	Index Scan using sbtest6_pkey on sbtest6  (cost=0.43..391.89 rows=98 width=125)
	  Index Cond: ((id >= 8901063) AND (id <= 8901163))

table 7 : explain SELECT id, c FROM sbtest7 WHERE id BETWEEN 8901063 AND 8901163
	Index Scan using sbtest7_pkey on sbtest7  (cost=0.43..391.55 rows=98 width=125)
	  Index Cond: ((id >= 8901063) AND (id <= 8901163))

table 8 : explain SELECT id, c FROM sbtest8 WHERE id BETWEEN 8901063 AND 8901163
	Index Scan using sbtest8_pkey on sbtest8  (cost=0.43..400.43 rows=100 width=125)
	  Index Cond: ((id >= 8901063) AND (id <= 8901163))

explain: for range-notcovered :: explain SELECT id, c FROM sbtest%d WHERE id BETWEEN 8901063 AND 8901163
for range-notcovered
table 1 : explain SELECT id, c FROM sbtest1 WHERE id BETWEEN 5198366 AND 5198466
	Index Scan using sbtest1_pkey on sbtest1  (cost=0.43..373.27 rows=93 width=125)
	  Index Cond: ((id >= 5198366) AND (id <= 5198466))

table 2 : explain SELECT id, c FROM sbtest2 WHERE id BETWEEN 5198366 AND 5198466
	Index Scan using sbtest2_pkey on sbtest2  (cost=0.43..415.73 rows=104 width=125)
	  Index Cond: ((id >= 5198366) AND (id <= 5198466))

table 3 : explain SELECT id, c FROM sbtest3 WHERE id BETWEEN 5198366 AND 5198466
	Index Scan using sbtest3_pkey on sbtest3  (cost=0.43..408.62 rows=102 width=125)
	  Index Cond: ((id >= 5198366) AND (id <= 5198466))

table 4 : explain SELECT id, c FROM sbtest4 WHERE id BETWEEN 5198366 AND 5198466
	Index Scan using sbtest4_pkey on sbtest4  (cost=0.43..404.63 rows=101 width=125)
	  Index Cond: ((id >= 5198366) AND (id <= 5198466))

table 5 : explain SELECT id, c FROM sbtest5 WHERE id BETWEEN 5198366 AND 5198466
	Index Scan using sbtest5_pkey on sbtest5  (cost=0.43..427.58 rows=107 width=125)
	  Index Cond: ((id >= 5198366) AND (id <= 5198466))

table 6 : explain SELECT id, c FROM sbtest6 WHERE id BETWEEN 5198366 AND 5198466
	Index Scan using sbtest6_pkey on sbtest6  (cost=0.43..383.98 rows=96 width=125)
	  Index Cond: ((id >= 5198366) AND (id <= 5198466))

table 7 : explain SELECT id, c FROM sbtest7 WHERE id BETWEEN 5198366 AND 5198466
	Index Scan using sbtest7_pkey on sbtest7  (cost=0.43..395.52 rows=99 width=125)
	  Index Cond: ((id >= 5198366) AND (id <= 5198466))

table 8 : explain SELECT id, c FROM sbtest8 WHERE id BETWEEN 5198366 AND 5198466
	Index Scan using sbtest8_pkey on sbtest8  (cost=0.43..400.43 rows=100 width=125)
	  Index Cond: ((id >= 5198366) AND (id <= 5198466))

for range-notcovered
table 1 : explain SELECT id, c FROM sbtest1 WHERE id BETWEEN 701185 AND 701285
	Index Scan using sbtest1_pkey on sbtest1  (cost=0.43..385.16 rows=96 width=125)
	  Index Cond: ((id >= 701185) AND (id <= 701285))

table 2 : explain SELECT id, c FROM sbtest2 WHERE id BETWEEN 701185 AND 701285
	Index Scan using sbtest2_pkey on sbtest2  (cost=0.43..427.59 rows=107 width=125)
	  Index Cond: ((id >= 701185) AND (id <= 701285))

table 3 : explain SELECT id, c FROM sbtest3 WHERE id BETWEEN 701185 AND 701285
	Index Scan using sbtest3_pkey on sbtest3  (cost=0.43..396.72 rows=99 width=125)
	  Index Cond: ((id >= 701185) AND (id <= 701285))

table 4 : explain SELECT id, c FROM sbtest4 WHERE id BETWEEN 701185 AND 701285
	Index Scan using sbtest4_pkey on sbtest4  (cost=0.43..424.43 rows=106 width=125)
	  Index Cond: ((id >= 701185) AND (id <= 701285))

table 5 : explain SELECT id, c FROM sbtest5 WHERE id BETWEEN 701185 AND 701285
	Index Scan using sbtest5_pkey on sbtest5  (cost=0.43..407.81 rows=102 width=125)
	  Index Cond: ((id >= 701185) AND (id <= 701285))

table 6 : explain SELECT id, c FROM sbtest6 WHERE id BETWEEN 701185 AND 701285
	Index Scan using sbtest6_pkey on sbtest6  (cost=0.43..387.93 rows=97 width=125)
	  Index Cond: ((id >= 701185) AND (id <= 701285))

table 7 : explain SELECT id, c FROM sbtest7 WHERE id BETWEEN 701185 AND 701285
	Index Scan using sbtest7_pkey on sbtest7  (cost=0.43..395.52 rows=99 width=125)
	  Index Cond: ((id >= 701185) AND (id <= 701285))

table 8 : explain SELECT id, c FROM sbtest8 WHERE id BETWEEN 701185 AND 701285
	Index Scan using sbtest8_pkey on sbtest8  (cost=0.43..428.14 rows=107 width=125)
	  Index Cond: ((id >= 701185) AND (id <= 701285))

explain: for range-notcovered :: explain SELECT id, c FROM sbtest%d WHERE id BETWEEN 701185 AND 701285
for range-notcovered
table 1 : explain SELECT id, c FROM sbtest1 WHERE id BETWEEN 8933973 AND 8934073
	Index Scan using sbtest1_pkey on sbtest1  (cost=0.43..424.83 rows=106 width=125)
	  Index Cond: ((id >= 8933973) AND (id <= 8934073))

table 2 : explain SELECT id, c FROM sbtest2 WHERE id BETWEEN 8933973 AND 8934073
	Index Scan using sbtest2_pkey on sbtest2  (cost=0.43..415.73 rows=104 width=125)
	  Index Cond: ((id >= 8933973) AND (id <= 8934073))

table 3 : explain SELECT id, c FROM sbtest3 WHERE id BETWEEN 8933973 AND 8934073
	Index Scan using sbtest3_pkey on sbtest3  (cost=0.43..408.62 rows=102 width=125)
	  Index Cond: ((id >= 8933973) AND (id <= 8934073))

table 4 : explain SELECT id, c FROM sbtest4 WHERE id BETWEEN 8933973 AND 8934073
	Index Scan using sbtest4_pkey on sbtest4  (cost=0.43..444.24 rows=111 width=125)
	  Index Cond: ((id >= 8933973) AND (id <= 8934073))

table 5 : explain SELECT id, c FROM sbtest5 WHERE id BETWEEN 8933973 AND 8934073
	Index Scan using sbtest5_pkey on sbtest5  (cost=0.43..399.91 rows=100 width=125)
	  Index Cond: ((id >= 8933973) AND (id <= 8934073))

table 6 : explain SELECT id, c FROM sbtest6 WHERE id BETWEEN 8933973 AND 8934073
	Index Scan using sbtest6_pkey on sbtest6  (cost=0.43..391.89 rows=98 width=125)
	  Index Cond: ((id >= 8933973) AND (id <= 8934073))

table 7 : explain SELECT id, c FROM sbtest7 WHERE id BETWEEN 8933973 AND 8934073
	Index Scan using sbtest7_pkey on sbtest7  (cost=0.43..427.11 rows=107 width=125)
	  Index Cond: ((id >= 8933973) AND (id <= 8934073))

table 8 : explain SELECT id, c FROM sbtest8 WHERE id BETWEEN 8933973 AND 8934073
	Index Scan using sbtest8_pkey on sbtest8  (cost=0.43..400.43 rows=100 width=125)
	  Index Cond: ((id >= 8933973) AND (id <= 8934073))

for range-notcovered
table 1 : explain SELECT id, c FROM sbtest1 WHERE id BETWEEN 8284138 AND 8284238
	Index Scan using sbtest1_pkey on sbtest1  (cost=0.43..432.76 rows=108 width=125)
	  Index Cond: ((id >= 8284138) AND (id <= 8284238))

table 2 : explain SELECT id, c FROM sbtest2 WHERE id BETWEEN 8284138 AND 8284238
	Index Scan using sbtest2_pkey on sbtest2  (cost=0.43..423.63 rows=106 width=125)
	  Index Cond: ((id >= 8284138) AND (id <= 8284238))

table 3 : explain SELECT id, c FROM sbtest3 WHERE id BETWEEN 8284138 AND 8284238
	Index Scan using sbtest3_pkey on sbtest3  (cost=0.43..452.19 rows=113 width=125)
	  Index Cond: ((id >= 8284138) AND (id <= 8284238))

table 4 : explain SELECT id, c FROM sbtest4 WHERE id BETWEEN 8284138 AND 8284238
	Index Scan using sbtest4_pkey on sbtest4  (cost=0.43..428.39 rows=107 width=125)
	  Index Cond: ((id >= 8284138) AND (id <= 8284238))

table 5 : explain SELECT id, c FROM sbtest5 WHERE id BETWEEN 8284138 AND 8284238
	Index Scan using sbtest5_pkey on sbtest5  (cost=0.43..391.98 rows=98 width=125)
	  Index Cond: ((id >= 8284138) AND (id <= 8284238))

table 6 : explain SELECT id, c FROM sbtest6 WHERE id BETWEEN 8284138 AND 8284238
	Index Scan using sbtest6_pkey on sbtest6  (cost=0.43..387.93 rows=97 width=125)
	  Index Cond: ((id >= 8284138) AND (id <= 8284238))

table 7 : explain SELECT id, c FROM sbtest7 WHERE id BETWEEN 8284138 AND 8284238
	Index Scan using sbtest7_pkey on sbtest7  (cost=0.43..419.22 rows=105 width=125)
	  Index Cond: ((id >= 8284138) AND (id <= 8284238))

table 8 : explain SELECT id, c FROM sbtest8 WHERE id BETWEEN 8284138 AND 8284238
	Index Scan using sbtest8_pkey on sbtest8  (cost=0.43..416.27 rows=104 width=125)
	  Index Cond: ((id >= 8284138) AND (id <= 8284238))

explain: for range-notcovered :: explain SELECT id, c FROM sbtest%d WHERE id BETWEEN 8284138 AND 8284238
for range-notcovered
table 1 : explain SELECT id, c FROM sbtest1 WHERE id BETWEEN 5273668 AND 5273768
	Index Scan using sbtest1_pkey on sbtest1  (cost=0.43..373.27 rows=93 width=125)
	  Index Cond: ((id >= 5273668) AND (id <= 5273768))

table 2 : explain SELECT id, c FROM sbtest2 WHERE id BETWEEN 5273668 AND 5273768
	Index Scan using sbtest2_pkey on sbtest2  (cost=0.43..380.13 rows=95 width=125)
	  Index Cond: ((id >= 5273668) AND (id <= 5273768))

table 3 : explain SELECT id, c FROM sbtest3 WHERE id BETWEEN 5273668 AND 5273768
	Index Scan using sbtest3_pkey on sbtest3  (cost=0.43..392.76 rows=98 width=125)
	  Index Cond: ((id >= 5273668) AND (id <= 5273768))

table 4 : explain SELECT id, c FROM sbtest4 WHERE id BETWEEN 5273668 AND 5273768
	Index Scan using sbtest4_pkey on sbtest4  (cost=0.43..408.59 rows=102 width=125)
	  Index Cond: ((id >= 5273668) AND (id <= 5273768))

table 5 : explain SELECT id, c FROM sbtest5 WHERE id BETWEEN 5273668 AND 5273768
	Index Scan using sbtest5_pkey on sbtest5  (cost=0.43..411.77 rows=103 width=125)
	  Index Cond: ((id >= 5273668) AND (id <= 5273768))

table 6 : explain SELECT id, c FROM sbtest6 WHERE id BETWEEN 5273668 AND 5273768
	Index Scan using sbtest6_pkey on sbtest6  (cost=0.43..383.98 rows=96 width=125)
	  Index Cond: ((id >= 5273668) AND (id <= 5273768))

table 7 : explain SELECT id, c FROM sbtest7 WHERE id BETWEEN 5273668 AND 5273768
	Index Scan using sbtest7_pkey on sbtest7  (cost=0.43..478.45 rows=120 width=125)
	  Index Cond: ((id >= 5273668) AND (id <= 5273768))

table 8 : explain SELECT id, c FROM sbtest8 WHERE id BETWEEN 5273668 AND 5273768
	Index Scan using sbtest8_pkey on sbtest8  (cost=0.43..400.43 rows=100 width=125)
	  Index Cond: ((id >= 5273668) AND (id <= 5273768))

explain: for range-notcovered :: explain SELECT id, c FROM sbtest%d WHERE id BETWEEN 3306205 AND 3306305
for range-notcovered
table 1 : explain SELECT id, c FROM sbtest1 WHERE id BETWEEN 701185 AND 701285
	Index Scan using sbtest1_pkey on sbtest1  (cost=0.43..385.16 rows=96 width=125)
	  Index Cond: ((id >= 701185) AND (id <= 701285))

table 2 : explain SELECT id, c FROM sbtest2 WHERE id BETWEEN 701185 AND 701285
	Index Scan using sbtest2_pkey on sbtest2  (cost=0.43..427.59 rows=107 width=125)
	  Index Cond: ((id >= 701185) AND (id <= 701285))

table 3 : explain SELECT id, c FROM sbtest3 WHERE id BETWEEN 701185 AND 701285
	Index Scan using sbtest3_pkey on sbtest3  (cost=0.43..396.72 rows=99 width=125)
	  Index Cond: ((id >= 701185) AND (id <= 701285))

table 4 : explain SELECT id, c FROM sbtest4 WHERE id BETWEEN 701185 AND 701285
	Index Scan using sbtest4_pkey on sbtest4  (cost=0.43..424.43 rows=106 width=125)
	  Index Cond: ((id >= 701185) AND (id <= 701285))

table 5 : explain SELECT id, c FROM sbtest5 WHERE id BETWEEN 701185 AND 701285
	Index Scan using sbtest5_pkey on sbtest5  (cost=0.43..407.81 rows=102 width=125)
	  Index Cond: ((id >= 701185) AND (id <= 701285))

table 6 : explain SELECT id, c FROM sbtest6 WHERE id BETWEEN 701185 AND 701285
	Index Scan using sbtest6_pkey on sbtest6  (cost=0.43..387.93 rows=97 width=125)
	  Index Cond: ((id >= 701185) AND (id <= 701285))

table 7 : explain SELECT id, c FROM sbtest7 WHERE id BETWEEN 701185 AND 701285
	Index Scan using sbtest7_pkey on sbtest7  (cost=0.43..395.52 rows=99 width=125)
	  Index Cond: ((id >= 701185) AND (id <= 701285))

table 8 : explain SELECT id, c FROM sbtest8 WHERE id BETWEEN 701185 AND 701285
	Index Scan using sbtest8_pkey on sbtest8  (cost=0.43..428.14 rows=107 width=125)
	  Index Cond: ((id >= 701185) AND (id <= 701285))

for range-notcovered
table 1 : explain SELECT id, c FROM sbtest1 WHERE id BETWEEN 8027909 AND 8028009
	Index Scan using sbtest1_pkey on sbtest1  (cost=0.43..404.99 rows=101 width=125)
	  Index Cond: ((id >= 8027909) AND (id <= 8028009))

table 2 : explain SELECT id, c FROM sbtest2 WHERE id BETWEEN 8027909 AND 8028009
	Index Scan using sbtest2_pkey on sbtest2  (cost=0.43..395.94 rows=99 width=125)
	  Index Cond: ((id >= 8027909) AND (id <= 8028009))

table 3 : explain SELECT id, c FROM sbtest3 WHERE id BETWEEN 8027909 AND 8028009
	Index Scan using sbtest3_pkey on sbtest3  (cost=0.43..416.54 rows=104 width=125)
	  Index Cond: ((id >= 8027909) AND (id <= 8028009))

table 4 : explain SELECT id, c FROM sbtest4 WHERE id BETWEEN 8027909 AND 8028009
	Index Scan using sbtest4_pkey on sbtest4  (cost=0.43..404.63 rows=101 width=125)
	  Index Cond: ((id >= 8027909) AND (id <= 8028009))

table 5 : explain SELECT id, c FROM sbtest5 WHERE id BETWEEN 8027909 AND 8028009
	Index Scan using sbtest5_pkey on sbtest5  (cost=0.43..399.91 rows=100 width=125)
	  Index Cond: ((id >= 8027909) AND (id <= 8028009))

table 6 : explain SELECT id, c FROM sbtest6 WHERE id BETWEEN 8027909 AND 8028009
	Index Scan using sbtest6_pkey on sbtest6  (cost=0.43..399.81 rows=100 width=125)
	  Index Cond: ((id >= 8027909) AND (id <= 8028009))

table 7 : explain SELECT id, c FROM sbtest7 WHERE id BETWEEN 8027909 AND 8028009
	Index Scan using sbtest7_pkey on sbtest7  (cost=0.43..375.76 rows=94 width=125)
	  Index Cond: ((id >= 8027909) AND (id <= 8028009))

table 8 : explain SELECT id, c FROM sbtest8 WHERE id BETWEEN 8027909 AND 8028009
	Index Scan using sbtest8_pkey on sbtest8  (cost=0.43..455.86 rows=114 width=125)
	  Index Cond: ((id >= 8027909) AND (id <= 8028009))

explain: for range-notcovered :: explain SELECT id, c FROM sbtest%d WHERE id BETWEEN 5365206 AND 5365306explain: for range-notcovered :: explain SELECT id, c FROM sbtest%d WHERE id BETWEEN 701185 AND 701285

explain: for range-notcovered :: explain SELECT id, c FROM sbtest%d WHERE id BETWEEN 8027909 AND 8028009
for range-notcovered
table 1 : explain SELECT id, c FROM sbtest1 WHERE id BETWEEN 3836141 AND 3836241
	Index Scan using sbtest1_pkey on sbtest1  (cost=0.43..436.72 rows=109 width=125)
	  Index Cond: ((id >= 3836141) AND (id <= 3836241))

table 2 : explain SELECT id, c FROM sbtest2 WHERE id BETWEEN 3836141 AND 3836241
	Index Scan using sbtest2_pkey on sbtest2  (cost=0.43..439.45 rows=110 width=125)
	  Index Cond: ((id >= 3836141) AND (id <= 3836241))

table 3 : explain SELECT id, c FROM sbtest3 WHERE id BETWEEN 3836141 AND 3836241
	Index Scan using sbtest3_pkey on sbtest3  (cost=0.43..424.46 rows=106 width=125)
	  Index Cond: ((id >= 3836141) AND (id <= 3836241))

table 4 : explain SELECT id, c FROM sbtest4 WHERE id BETWEEN 3836141 AND 3836241
	Index Scan using sbtest4_pkey on sbtest4  (cost=0.43..384.80 rows=96 width=125)
	  Index Cond: ((id >= 3836141) AND (id <= 3836241))

table 5 : explain SELECT id, c FROM sbtest5 WHERE id BETWEEN 3836141 AND 3836241
	Index Scan using sbtest5_pkey on sbtest5  (cost=0.43..427.58 rows=107 width=125)
	  Index Cond: ((id >= 3836141) AND (id <= 3836241))

table 6 : explain SELECT id, c FROM sbtest6 WHERE id BETWEEN 3836141 AND 3836241
	Index Scan using sbtest6_pkey on sbtest6  (cost=0.43..376.08 rows=94 width=125)
	  Index Cond: ((id >= 3836141) AND (id <= 3836241))

table 7 : explain SELECT id, c FROM sbtest7 WHERE id BETWEEN 3836141 AND 3836241
	Index Scan using sbtest7_pkey on sbtest7  (cost=0.43..446.86 rows=112 width=125)
	  Index Cond: ((id >= 3836141) AND (id <= 3836241))

table 8 : explain SELECT id, c FROM sbtest8 WHERE id BETWEEN 3836141 AND 3836241
	Index Scan using sbtest8_pkey on sbtest8  (cost=0.43..479.61 rows=120 width=125)
	  Index Cond: ((id >= 3836141) AND (id <= 3836241))

for range-notcovered
table 1 : explain SELECT id, c FROM sbtest1 WHERE id BETWEEN 8901063 AND 8901163
	Index Scan using sbtest1_pkey on sbtest1  (cost=0.43..424.83 rows=106 width=125)
	  Index Cond: ((id >= 8901063) AND (id <= 8901163))

table 2 : explain SELECT id, c FROM sbtest2 WHERE id BETWEEN 8901063 AND 8901163
	Index Scan using sbtest2_pkey on sbtest2  (cost=0.43..395.94 rows=99 width=125)
	  Index Cond: ((id >= 8901063) AND (id <= 8901163))

table 3 : explain SELECT id, c FROM sbtest3 WHERE id BETWEEN 8901063 AND 8901163
	Index Scan using sbtest3_pkey on sbtest3  (cost=0.43..408.62 rows=102 width=125)
	  Index Cond: ((id >= 8901063) AND (id <= 8901163))

table 4 : explain SELECT id, c FROM sbtest4 WHERE id BETWEEN 8901063 AND 8901163
	Index Scan using sbtest4_pkey on sbtest4  (cost=0.43..404.63 rows=101 width=125)
	  Index Cond: ((id >= 8901063) AND (id <= 8901163))

table 5 : explain SELECT id, c FROM sbtest5 WHERE id BETWEEN 8901063 AND 8901163
	Index Scan using sbtest5_pkey on sbtest5  (cost=0.43..399.91 rows=100 width=125)
	  Index Cond: ((id >= 8901063) AND (id <= 8901163))

table 6 : explain SELECT id, c FROM sbtest6 WHERE id BETWEEN 8901063 AND 8901163
	Index Scan using sbtest6_pkey on sbtest6  (cost=0.43..391.89 rows=98 width=125)
	  Index Cond: ((id >= 8901063) AND (id <= 8901163))

table 7 : explain SELECT id, c FROM sbtest7 WHERE id BETWEEN 8901063 AND 8901163
	Index Scan using sbtest7_pkey on sbtest7  (cost=0.43..391.55 rows=98 width=125)
	  Index Cond: ((id >= 8901063) AND (id <= 8901163))

table 8 : explain SELECT id, c FROM sbtest8 WHERE id BETWEEN 8901063 AND 8901163
	Index Scan using sbtest8_pkey on sbtest8  (cost=0.43..400.43 rows=100 width=125)
	  Index Cond: ((id >= 8901063) AND (id <= 8901163))

for range-notcovered
table 1 : explain SELECT id, c FROM sbtest1 WHERE id BETWEEN 8284138 AND 8284238
	Index Scan using sbtest1_pkey on sbtest1  (cost=0.43..432.76 rows=108 width=125)
	  Index Cond: ((id >= 8284138) AND (id <= 8284238))

table 2 : explain SELECT id, c FROM sbtest2 WHERE id BETWEEN 8284138 AND 8284238
	Index Scan using sbtest2_pkey on sbtest2  (cost=0.43..423.63 rows=106 width=125)
	  Index Cond: ((id >= 8284138) AND (id <= 8284238))

table 3 : explain SELECT id, c FROM sbtest3 WHERE id BETWEEN 8284138 AND 8284238
	Index Scan using sbtest3_pkey on sbtest3  (cost=0.43..452.19 rows=113 width=125)
	  Index Cond: ((id >= 8284138) AND (id <= 8284238))

table 4 : explain SELECT id, c FROM sbtest4 WHERE id BETWEEN 8284138 AND 8284238
	Index Scan using sbtest4_pkey on sbtest4  (cost=0.43..428.39 rows=107 width=125)
	  Index Cond: ((id >= 8284138) AND (id <= 8284238))

table 5 : explain SELECT id, c FROM sbtest5 WHERE id BETWEEN 8284138 AND 8284238
	Index Scan using sbtest5_pkey on sbtest5  (cost=0.43..391.98 rows=98 width=125)
	  Index Cond: ((id >= 8284138) AND (id <= 8284238))

table 6 : explain SELECT id, c FROM sbtest6 WHERE id BETWEEN 8284138 AND 8284238
	Index Scan using sbtest6_pkey on sbtest6  (cost=0.43..387.93 rows=97 width=125)
	  Index Cond: ((id >= 8284138) AND (id <= 8284238))

table 7 : explain SELECT id, c FROM sbtest7 WHERE id BETWEEN 8284138 AND 8284238
	Index Scan using sbtest7_pkey on sbtest7  (cost=0.43..419.22 rows=105 width=125)
	  Index Cond: ((id >= 8284138) AND (id <= 8284238))

table 8 : explain SELECT id, c FROM sbtest8 WHERE id BETWEEN 8284138 AND 8284238
	Index Scan using sbtest8_pkey on sbtest8  (cost=0.43..416.27 rows=104 width=125)
	  Index Cond: ((id >= 8284138) AND (id <= 8284238))

explain: for range-notcovered :: explain SELECT id, c FROM sbtest%d WHERE id BETWEEN 8901063 AND 8901163
explain: for range-notcovered :: explain SELECT id, c FROM sbtest%d WHERE id BETWEEN 8284138 AND 8284238
for range-notcovered
table 1 : explain SELECT id, c FROM sbtest1 WHERE id BETWEEN 6732512 AND 6732612
	Index Scan using sbtest1_pkey on sbtest1  (cost=0.43..404.99 rows=101 width=125)
	  Index Cond: ((id >= 6732512) AND (id <= 6732612))

table 2 : explain SELECT id, c FROM sbtest2 WHERE id BETWEEN 6732512 AND 6732612
	Index Scan using sbtest2_pkey on sbtest2  (cost=0.43..403.87 rows=101 width=125)
	  Index Cond: ((id >= 6732512) AND (id <= 6732612))

table 3 : explain SELECT id, c FROM sbtest3 WHERE id BETWEEN 6732512 AND 6732612
	Index Scan using sbtest3_pkey on sbtest3  (cost=0.43..392.76 rows=98 width=125)
	  Index Cond: ((id >= 6732512) AND (id <= 6732612))

table 4 : explain SELECT id, c FROM sbtest4 WHERE id BETWEEN 6732512 AND 6732612
	Index Scan using sbtest4_pkey on sbtest4  (cost=0.43..396.69 rows=99 width=125)
	  Index Cond: ((id >= 6732512) AND (id <= 6732612))

table 5 : explain SELECT id, c FROM sbtest5 WHERE id BETWEEN 6732512 AND 6732612
	Index Scan using sbtest5_pkey on sbtest5  (cost=0.43..423.63 rows=106 width=125)
	  Index Cond: ((id >= 6732512) AND (id <= 6732612))

table 6 : explain SELECT id, c FROM sbtest6 WHERE id BETWEEN 6732512 AND 6732612
	Index Scan using sbtest6_pkey on sbtest6  (cost=0.43..435.38 rows=109 width=125)
	  Index Cond: ((id >= 6732512) AND (id <= 6732612))

table 7 : explain SELECT id, c FROM sbtest7 WHERE id BETWEEN 6732512 AND 6732612
	Index Scan using sbtest7_pkey on sbtest7  (cost=0.43..379.71 rows=95 width=125)
	  Index Cond: ((id >= 6732512) AND (id <= 6732612))

table 8 : explain SELECT id, c FROM sbtest8 WHERE id BETWEEN 6732512 AND 6732612
	Index Scan using sbtest8_pkey on sbtest8  (cost=0.43..400.43 rows=100 width=125)
	  Index Cond: ((id >= 6732512) AND (id <= 6732612))

explain: for range-notcovered :: explain SELECT id, c FROM sbtest%d WHERE id BETWEEN 6732512 AND 6732612
for range-notcovered
table 1 : explain SELECT id, c FROM sbtest1 WHERE id BETWEEN 701185 AND 701285
	Index Scan using sbtest1_pkey on sbtest1  (cost=0.43..385.16 rows=96 width=125)
	  Index Cond: ((id >= 701185) AND (id <= 701285))

table 2 : explain SELECT id, c FROM sbtest2 WHERE id BETWEEN 701185 AND 701285
	Index Scan using sbtest2_pkey on sbtest2  (cost=0.43..427.59 rows=107 width=125)
	  Index Cond: ((id >= 701185) AND (id <= 701285))

table 3 : explain SELECT id, c FROM sbtest3 WHERE id BETWEEN 701185 AND 701285
	Index Scan using sbtest3_pkey on sbtest3  (cost=0.43..396.72 rows=99 width=125)
	  Index Cond: ((id >= 701185) AND (id <= 701285))

table 4 : explain SELECT id, c FROM sbtest4 WHERE id BETWEEN 701185 AND 701285
	Index Scan using sbtest4_pkey on sbtest4  (cost=0.43..424.43 rows=106 width=125)
	  Index Cond: ((id >= 701185) AND (id <= 701285))

table 5 : explain SELECT id, c FROM sbtest5 WHERE id BETWEEN 701185 AND 701285
	Index Scan using sbtest5_pkey on sbtest5  (cost=0.43..407.81 rows=102 width=125)
	  Index Cond: ((id >= 701185) AND (id <= 701285))

table 6 : explain SELECT id, c FROM sbtest6 WHERE id BETWEEN 701185 AND 701285
	Index Scan using sbtest6_pkey on sbtest6  (cost=0.43..387.93 rows=97 width=125)
	  Index Cond: ((id >= 701185) AND (id <= 701285))

table 7 : explain SELECT id, c FROM sbtest7 WHERE id BETWEEN 701185 AND 701285
	Index Scan using sbtest7_pkey on sbtest7  (cost=0.43..395.52 rows=99 width=125)
	  Index Cond: ((id >= 701185) AND (id <= 701285))

table 8 : explain SELECT id, c FROM sbtest8 WHERE id BETWEEN 701185 AND 701285
	Index Scan using sbtest8_pkey on sbtest8  (cost=0.43..428.14 rows=107 width=125)
	  Index Cond: ((id >= 701185) AND (id <= 701285))

explain: for range-notcovered :: explain SELECT id, c FROM sbtest%d WHERE id BETWEEN 701185 AND 701285
for range-notcovered
table 1 : explain SELECT id, c FROM sbtest1 WHERE id BETWEEN 2125093 AND 2125193
	Index Scan using sbtest1_pkey on sbtest1  (cost=0.43..412.93 rows=103 width=125)
	  Index Cond: ((id >= 2125093) AND (id <= 2125193))

table 2 : explain SELECT id, c FROM sbtest2 WHERE id BETWEEN 2125093 AND 2125193
	Index Scan using sbtest2_pkey on sbtest2  (cost=0.43..407.82 rows=102 width=125)
	  Index Cond: ((id >= 2125093) AND (id <= 2125193))

table 3 : explain SELECT id, c FROM sbtest3 WHERE id BETWEEN 2125093 AND 2125193
	Index Scan using sbtest3_pkey on sbtest3  (cost=0.43..368.99 rows=92 width=125)
	  Index Cond: ((id >= 2125093) AND (id <= 2125193))

table 4 : explain SELECT id, c FROM sbtest4 WHERE id BETWEEN 2125093 AND 2125193
	Index Scan using sbtest4_pkey on sbtest4  (cost=0.43..412.55 rows=103 width=125)
	  Index Cond: ((id >= 2125093) AND (id <= 2125193))

table 5 : explain SELECT id, c FROM sbtest5 WHERE id BETWEEN 2125093 AND 2125193
	Index Scan using sbtest5_pkey on sbtest5  (cost=0.43..372.22 rows=93 width=125)
	  Index Cond: ((id >= 2125093) AND (id <= 2125193))

table 6 : explain SELECT id, c FROM sbtest6 WHERE id BETWEEN 2125093 AND 2125193
	Index Scan using sbtest6_pkey on sbtest6  (cost=0.43..403.76 rows=101 width=125)
	  Index Cond: ((id >= 2125093) AND (id <= 2125193))

table 7 : explain SELECT id, c FROM sbtest7 WHERE id BETWEEN 2125093 AND 2125193
	Index Scan using sbtest7_pkey on sbtest7  (cost=0.43..462.66 rows=116 width=125)
	  Index Cond: ((id >= 2125093) AND (id <= 2125193))

table 8 : explain SELECT id, c FROM sbtest8 WHERE id BETWEEN 2125093 AND 2125193
	Index Scan using sbtest8_pkey on sbtest8  (cost=0.43..432.10 rows=108 width=125)
	  Index Cond: ((id >= 2125093) AND (id <= 2125193))

explain: for range-notcovered :: explain SELECT id, c FROM sbtest%d WHERE id BETWEEN 4768000 AND 4768100
for range-notcovered
table 1 : explain SELECT id, c FROM sbtest1 WHERE id BETWEEN 8027909 AND 8028009
	Index Scan using sbtest1_pkey on sbtest1  (cost=0.43..404.99 rows=101 width=125)
	  Index Cond: ((id >= 8027909) AND (id <= 8028009))

table 2 : explain SELECT id, c FROM sbtest2 WHERE id BETWEEN 8027909 AND 8028009
	Index Scan using sbtest2_pkey on sbtest2  (cost=0.43..395.94 rows=99 width=125)
	  Index Cond: ((id >= 8027909) AND (id <= 8028009))

table 3 : explain SELECT id, c FROM sbtest3 WHERE id BETWEEN 8027909 AND 8028009
	Index Scan using sbtest3_pkey on sbtest3  (cost=0.43..416.54 rows=104 width=125)
	  Index Cond: ((id >= 8027909) AND (id <= 8028009))

table 4 : explain SELECT id, c FROM sbtest4 WHERE id BETWEEN 8027909 AND 8028009
	Index Scan using sbtest4_pkey on sbtest4  (cost=0.43..404.63 rows=101 width=125)
	  Index Cond: ((id >= 8027909) AND (id <= 8028009))

table 5 : explain SELECT id, c FROM sbtest5 WHERE id BETWEEN 8027909 AND 8028009
	Index Scan using sbtest5_pkey on sbtest5  (cost=0.43..399.91 rows=100 width=125)
	  Index Cond: ((id >= 8027909) AND (id <= 8028009))

table 6 : explain SELECT id, c FROM sbtest6 WHERE id BETWEEN 8027909 AND 8028009
	Index Scan using sbtest6_pkey on sbtest6  (cost=0.43..399.81 rows=100 width=125)
	  Index Cond: ((id >= 8027909) AND (id <= 8028009))

table 7 : explain SELECT id, c FROM sbtest7 WHERE id BETWEEN 8027909 AND 8028009
	Index Scan using sbtest7_pkey on sbtest7  (cost=0.43..375.76 rows=94 width=125)
	  Index Cond: ((id >= 8027909) AND (id <= 8028009))

table 8 : explain SELECT id, c FROM sbtest8 WHERE id BETWEEN 8027909 AND 8028009
	Index Scan using sbtest8_pkey on sbtest8  (cost=0.43..455.86 rows=114 width=125)
	  Index Cond: ((id >= 8027909) AND (id <= 8028009))

for range-notcovered
table 1 : explain SELECT id, c FROM sbtest1 WHERE id BETWEEN 8284138 AND 8284238
	Index Scan using sbtest1_pkey on sbtest1  (cost=0.43..432.76 rows=108 width=125)
	  Index Cond: ((id >= 8284138) AND (id <= 8284238))

table 2 : explain SELECT id, c FROM sbtest2 WHERE id BETWEEN 8284138 AND 8284238
	Index Scan using sbtest2_pkey on sbtest2  (cost=0.43..423.63 rows=106 width=125)
	  Index Cond: ((id >= 8284138) AND (id <= 8284238))

table 3 : explain SELECT id, c FROM sbtest3 WHERE id BETWEEN 8284138 AND 8284238
	Index Scan using sbtest3_pkey on sbtest3  (cost=0.43..452.19 rows=113 width=125)
	  Index Cond: ((id >= 8284138) AND (id <= 8284238))

table 4 : explain SELECT id, c FROM sbtest4 WHERE id BETWEEN 8284138 AND 8284238
	Index Scan using sbtest4_pkey on sbtest4  (cost=0.43..428.39 rows=107 width=125)
	  Index Cond: ((id >= 8284138) AND (id <= 8284238))

table 5 : explain SELECT id, c FROM sbtest5 WHERE id BETWEEN 8284138 AND 8284238
	Index Scan using sbtest5_pkey on sbtest5  (cost=0.43..391.98 rows=98 width=125)
	  Index Cond: ((id >= 8284138) AND (id <= 8284238))

table 6 : explain SELECT id, c FROM sbtest6 WHERE id BETWEEN 8284138 AND 8284238
	Index Scan using sbtest6_pkey on sbtest6  (cost=0.43..387.93 rows=97 width=125)
	  Index Cond: ((id >= 8284138) AND (id <= 8284238))

table 7 : explain SELECT id, c FROM sbtest7 WHERE id BETWEEN 8284138 AND 8284238
	Index Scan using sbtest7_pkey on sbtest7  (cost=0.43..419.22 rows=105 width=125)
	  Index Cond: ((id >= 8284138) AND (id <= 8284238))

table 8 : explain SELECT id, c FROM sbtest8 WHERE id BETWEEN 8284138 AND 8284238
	Index Scan using sbtest8_pkey on sbtest8  (cost=0.43..416.27 rows=104 width=125)
	  Index Cond: ((id >= 8284138) AND (id <= 8284238))

explain: for range-notcovered :: explain SELECT id, c FROM sbtest%d WHERE id BETWEEN 8027909 AND 8028009
explain: for range-notcovered :: explain SELECT id, c FROM sbtest%d WHERE id BETWEEN 2125093 AND 2125193
for range-notcovered
table 1 : explain SELECT id, c FROM sbtest1 WHERE id BETWEEN 701185 AND 701285
	Index Scan using sbtest1_pkey on sbtest1  (cost=0.43..385.16 rows=96 width=125)
	  Index Cond: ((id >= 701185) AND (id <= 701285))

table 2 : explain SELECT id, c FROM sbtest2 WHERE id BETWEEN 701185 AND 701285
	Index Scan using sbtest2_pkey on sbtest2  (cost=0.43..427.59 rows=107 width=125)
	  Index Cond: ((id >= 701185) AND (id <= 701285))

table 3 : explain SELECT id, c FROM sbtest3 WHERE id BETWEEN 701185 AND 701285
	Index Scan using sbtest3_pkey on sbtest3  (cost=0.43..396.72 rows=99 width=125)
	  Index Cond: ((id >= 701185) AND (id <= 701285))

table 4 : explain SELECT id, c FROM sbtest4 WHERE id BETWEEN 701185 AND 701285
	Index Scan using sbtest4_pkey on sbtest4  (cost=0.43..424.43 rows=106 width=125)
	  Index Cond: ((id >= 701185) AND (id <= 701285))

table 5 : explain SELECT id, c FROM sbtest5 WHERE id BETWEEN 701185 AND 701285
	Index Scan using sbtest5_pkey on sbtest5  (cost=0.43..407.81 rows=102 width=125)
	  Index Cond: ((id >= 701185) AND (id <= 701285))

table 6 : explain SELECT id, c FROM sbtest6 WHERE id BETWEEN 701185 AND 701285
	Index Scan using sbtest6_pkey on sbtest6  (cost=0.43..387.93 rows=97 width=125)
	  Index Cond: ((id >= 701185) AND (id <= 701285))

table 7 : explain SELECT id, c FROM sbtest7 WHERE id BETWEEN 701185 AND 701285
	Index Scan using sbtest7_pkey on sbtest7  (cost=0.43..395.52 rows=99 width=125)
	  Index Cond: ((id >= 701185) AND (id <= 701285))

table 8 : explain SELECT id, c FROM sbtest8 WHERE id BETWEEN 701185 AND 701285
	Index Scan using sbtest8_pkey on sbtest8  (cost=0.43..428.14 rows=107 width=125)
	  Index Cond: ((id >= 701185) AND (id <= 701285))

explain: for range-notcovered :: explain SELECT id, c FROM sbtest%d WHERE id BETWEEN 701185 AND 701285
for range-notcovered
table 1 : explain SELECT id, c FROM sbtest1 WHERE id BETWEEN 8901063 AND 8901163
	Index Scan using sbtest1_pkey on sbtest1  (cost=0.43..424.83 rows=106 width=125)
	  Index Cond: ((id >= 8901063) AND (id <= 8901163))

table 2 : explain SELECT id, c FROM sbtest2 WHERE id BETWEEN 8901063 AND 8901163
	Index Scan using sbtest2_pkey on sbtest2  (cost=0.43..395.94 rows=99 width=125)
	  Index Cond: ((id >= 8901063) AND (id <= 8901163))

table 3 : explain SELECT id, c FROM sbtest3 WHERE id BETWEEN 8901063 AND 8901163
	Index Scan using sbtest3_pkey on sbtest3  (cost=0.43..408.62 rows=102 width=125)
	  Index Cond: ((id >= 8901063) AND (id <= 8901163))

table 4 : explain SELECT id, c FROM sbtest4 WHERE id BETWEEN 8901063 AND 8901163
	Index Scan using sbtest4_pkey on sbtest4  (cost=0.43..404.63 rows=101 width=125)
	  Index Cond: ((id >= 8901063) AND (id <= 8901163))

table 5 : explain SELECT id, c FROM sbtest5 WHERE id BETWEEN 8901063 AND 8901163
	Index Scan using sbtest5_pkey on sbtest5  (cost=0.43..399.91 rows=100 width=125)
	  Index Cond: ((id >= 8901063) AND (id <= 8901163))

table 6 : explain SELECT id, c FROM sbtest6 WHERE id BETWEEN 8901063 AND 8901163
	Index Scan using sbtest6_pkey on sbtest6  (cost=0.43..391.89 rows=98 width=125)
	  Index Cond: ((id >= 8901063) AND (id <= 8901163))

table 7 : explain SELECT id, c FROM sbtest7 WHERE id BETWEEN 8901063 AND 8901163
	Index Scan using sbtest7_pkey on sbtest7  (cost=0.43..391.55 rows=98 width=125)
	  Index Cond: ((id >= 8901063) AND (id <= 8901163))

table 8 : explain SELECT id, c FROM sbtest8 WHERE id BETWEEN 8901063 AND 8901163
	Index Scan using sbtest8_pkey on sbtest8  (cost=0.43..400.43 rows=100 width=125)
	  Index Cond: ((id >= 8901063) AND (id <= 8901163))

for range-notcovered
table 1 : explain SELECT id, c FROM sbtest1 WHERE id BETWEEN 7485143 AND 7485243
	Index Scan using sbtest1_pkey on sbtest1  (cost=0.43..385.16 rows=96 width=125)
	  Index Cond: ((id >= 7485143) AND (id <= 7485243))

table 2 : explain SELECT id, c FROM sbtest2 WHERE id BETWEEN 7485143 AND 7485243
	Index Scan using sbtest2_pkey on sbtest2  (cost=0.43..411.77 rows=103 width=125)
	  Index Cond: ((id >= 7485143) AND (id <= 7485243))

table 3 : explain SELECT id, c FROM sbtest3 WHERE id BETWEEN 7485143 AND 7485243
	Index Scan using sbtest3_pkey on sbtest3  (cost=0.43..416.54 rows=104 width=125)
	  Index Cond: ((id >= 7485143) AND (id <= 7485243))

table 4 : explain SELECT id, c FROM sbtest4 WHERE id BETWEEN 7485143 AND 7485243
	Index Scan using sbtest4_pkey on sbtest4  (cost=0.43..372.92 rows=93 width=125)
	  Index Cond: ((id >= 7485143) AND (id <= 7485243))

table 5 : explain SELECT id, c FROM sbtest5 WHERE id BETWEEN 7485143 AND 7485243
	Index Scan using sbtest5_pkey on sbtest5  (cost=0.43..403.86 rows=101 width=125)
	  Index Cond: ((id >= 7485143) AND (id <= 7485243))

table 6 : explain SELECT id, c FROM sbtest6 WHERE id BETWEEN 7485143 AND 7485243
	Index Scan using sbtest6_pkey on sbtest6  (cost=0.43..399.81 rows=100 width=125)
	  Index Cond: ((id >= 7485143) AND (id <= 7485243))

table 7 : explain SELECT id, c FROM sbtest7 WHERE id BETWEEN 7485143 AND 7485243
	Index Scan using sbtest7_pkey on sbtest7  (cost=0.43..427.11 rows=107 width=125)
	  Index Cond: ((id >= 7485143) AND (id <= 7485243))

table 8 : explain SELECT id, c FROM sbtest8 WHERE id BETWEEN 7485143 AND 7485243
	Index Scan using sbtest8_pkey on sbtest8  (cost=0.43..388.54 rows=97 width=125)
	  Index Cond: ((id >= 7485143) AND (id <= 7485243))

for range-notcovered
table 1 : explain SELECT id, c FROM sbtest1 WHERE id BETWEEN 6732512 AND 6732612
	Index Scan using sbtest1_pkey on sbtest1  (cost=0.43..404.99 rows=101 width=125)
	  Index Cond: ((id >= 6732512) AND (id <= 6732612))

table 2 : explain SELECT id, c FROM sbtest2 WHERE id BETWEEN 6732512 AND 6732612
	Index Scan using sbtest2_pkey on sbtest2  (cost=0.43..403.87 rows=101 width=125)
	  Index Cond: ((id >= 6732512) AND (id <= 6732612))

table 3 : explain SELECT id, c FROM sbtest3 WHERE id BETWEEN 6732512 AND 6732612
	Index Scan using sbtest3_pkey on sbtest3  (cost=0.43..392.76 rows=98 width=125)
	  Index Cond: ((id >= 6732512) AND (id <= 6732612))

table 4 : explain SELECT id, c FROM sbtest4 WHERE id BETWEEN 6732512 AND 6732612
	Index Scan using sbtest4_pkey on sbtest4  (cost=0.43..396.69 rows=99 width=125)
	  Index Cond: ((id >= 6732512) AND (id <= 6732612))

table 5 : explain SELECT id, c FROM sbtest5 WHERE id BETWEEN 6732512 AND 6732612
	Index Scan using sbtest5_pkey on sbtest5  (cost=0.43..423.63 rows=106 width=125)
	  Index Cond: ((id >= 6732512) AND (id <= 6732612))

table 6 : explain SELECT id, c FROM sbtest6 WHERE id BETWEEN 6732512 AND 6732612
	Index Scan using sbtest6_pkey on sbtest6  (cost=0.43..435.38 rows=109 width=125)
	  Index Cond: ((id >= 6732512) AND (id <= 6732612))

table 7 : explain SELECT id, c FROM sbtest7 WHERE id BETWEEN 6732512 AND 6732612
	Index Scan using sbtest7_pkey on sbtest7  (cost=0.43..379.71 rows=95 width=125)
	  Index Cond: ((id >= 6732512) AND (id <= 6732612))

table 8 : explain SELECT id, c FROM sbtest8 WHERE id BETWEEN 6732512 AND 6732612
	Index Scan using sbtest8_pkey on sbtest8  (cost=0.43..400.43 rows=100 width=125)
	  Index Cond: ((id >= 6732512) AND (id <= 6732612))

explain: for range-notcovered :: explain SELECT id, c FROM sbtest%d WHERE id BETWEEN 8901063 AND 8901163
explain: for range-notcovered :: explain SELECT id, c FROM sbtest%d WHERE id BETWEEN 7485143 AND 7485243
explain: for range-notcovered :: explain SELECT id, c FROM sbtest%d WHERE id BETWEEN 6732512 AND 6732612
for range-notcovered
table 1 : explain SELECT id, c FROM sbtest1 WHERE id BETWEEN 2678762 AND 2678862
	Index Scan using sbtest1_pkey on sbtest1  (cost=0.43..373.27 rows=93 width=125)
	  Index Cond: ((id >= 2678762) AND (id <= 2678862))

table 2 : explain SELECT id, c FROM sbtest2 WHERE id BETWEEN 2678762 AND 2678862
	Index Scan using sbtest2_pkey on sbtest2  (cost=0.43..395.94 rows=99 width=125)
	  Index Cond: ((id >= 2678762) AND (id <= 2678862))

table 3 : explain SELECT id, c FROM sbtest3 WHERE id BETWEEN 2678762 AND 2678862
	Index Scan using sbtest3_pkey on sbtest3  (cost=0.43..365.02 rows=91 width=125)
	  Index Cond: ((id >= 2678762) AND (id <= 2678862))

table 4 : explain SELECT id, c FROM sbtest4 WHERE id BETWEEN 2678762 AND 2678862
	Index Scan using sbtest4_pkey on sbtest4  (cost=0.43..384.80 rows=96 width=125)
	  Index Cond: ((id >= 2678762) AND (id <= 2678862))

table 5 : explain SELECT id, c FROM sbtest5 WHERE id BETWEEN 2678762 AND 2678862
	Index Scan using sbtest5_pkey on sbtest5  (cost=0.43..451.30 rows=113 width=125)
	  Index Cond: ((id >= 2678762) AND (id <= 2678862))

table 6 : explain SELECT id, c FROM sbtest6 WHERE id BETWEEN 2678762 AND 2678862
	Index Scan using sbtest6_pkey on sbtest6  (cost=0.43..407.71 rows=102 width=125)
	  Index Cond: ((id >= 2678762) AND (id <= 2678862))

table 7 : explain SELECT id, c FROM sbtest7 WHERE id BETWEEN 2678762 AND 2678862
	Index Scan using sbtest7_pkey on sbtest7  (cost=0.43..415.27 rows=104 width=125)
	  Index Cond: ((id >= 2678762) AND (id <= 2678862))

table 8 : explain SELECT id, c FROM sbtest8 WHERE id BETWEEN 2678762 AND 2678862
	Index Scan using sbtest8_pkey on sbtest8  (cost=0.43..380.62 rows=95 width=125)
	  Index Cond: ((id >= 2678762) AND (id <= 2678862))

explain: for range-notcovered :: explain SELECT id, c FROM sbtest%d WHERE id BETWEEN 2678762 AND 2678862
for range-notcovered
table 1 : explain SELECT id, c FROM sbtest1 WHERE id BETWEEN 701185 AND 701285
	Index Scan using sbtest1_pkey on sbtest1  (cost=0.43..385.16 rows=96 width=125)
	  Index Cond: ((id >= 701185) AND (id <= 701285))

table 2 : explain SELECT id, c FROM sbtest2 WHERE id BETWEEN 701185 AND 701285
	Index Scan using sbtest2_pkey on sbtest2  (cost=0.43..427.59 rows=107 width=125)
	  Index Cond: ((id >= 701185) AND (id <= 701285))

table 3 : explain SELECT id, c FROM sbtest3 WHERE id BETWEEN 701185 AND 701285
	Index Scan using sbtest3_pkey on sbtest3  (cost=0.43..396.72 rows=99 width=125)
	  Index Cond: ((id >= 701185) AND (id <= 701285))

table 4 : explain SELECT id, c FROM sbtest4 WHERE id BETWEEN 701185 AND 701285
	Index Scan using sbtest4_pkey on sbtest4  (cost=0.43..424.43 rows=106 width=125)
	  Index Cond: ((id >= 701185) AND (id <= 701285))

table 5 : explain SELECT id, c FROM sbtest5 WHERE id BETWEEN 701185 AND 701285
	Index Scan using sbtest5_pkey on sbtest5  (cost=0.43..407.81 rows=102 width=125)
	  Index Cond: ((id >= 701185) AND (id <= 701285))

table 6 : explain SELECT id, c FROM sbtest6 WHERE id BETWEEN 701185 AND 701285
	Index Scan using sbtest6_pkey on sbtest6  (cost=0.43..387.93 rows=97 width=125)
	  Index Cond: ((id >= 701185) AND (id <= 701285))

table 7 : explain SELECT id, c FROM sbtest7 WHERE id BETWEEN 701185 AND 701285
	Index Scan using sbtest7_pkey on sbtest7  (cost=0.43..395.52 rows=99 width=125)
	  Index Cond: ((id >= 701185) AND (id <= 701285))

table 8 : explain SELECT id, c FROM sbtest8 WHERE id BETWEEN 701185 AND 701285
	Index Scan using sbtest8_pkey on sbtest8  (cost=0.43..428.14 rows=107 width=125)
	  Index Cond: ((id >= 701185) AND (id <= 701285))

explain: for range-notcovered :: explain SELECT id, c FROM sbtest%d WHERE id BETWEEN 701185 AND 701285
for range-notcovered
table 1 : explain SELECT id, c FROM sbtest1 WHERE id BETWEEN 7485143 AND 7485243
	Index Scan using sbtest1_pkey on sbtest1  (cost=0.43..385.16 rows=96 width=125)
	  Index Cond: ((id >= 7485143) AND (id <= 7485243))

table 2 : explain SELECT id, c FROM sbtest2 WHERE id BETWEEN 7485143 AND 7485243
	Index Scan using sbtest2_pkey on sbtest2  (cost=0.43..411.77 rows=103 width=125)
	  Index Cond: ((id >= 7485143) AND (id <= 7485243))

table 3 : explain SELECT id, c FROM sbtest3 WHERE id BETWEEN 7485143 AND 7485243
	Index Scan using sbtest3_pkey on sbtest3  (cost=0.43..416.54 rows=104 width=125)
	  Index Cond: ((id >= 7485143) AND (id <= 7485243))

table 4 : explain SELECT id, c FROM sbtest4 WHERE id BETWEEN 7485143 AND 7485243
	Index Scan using sbtest4_pkey on sbtest4  (cost=0.43..372.92 rows=93 width=125)
	  Index Cond: ((id >= 7485143) AND (id <= 7485243))

table 5 : explain SELECT id, c FROM sbtest5 WHERE id BETWEEN 7485143 AND 7485243
	Index Scan using sbtest5_pkey on sbtest5  (cost=0.43..403.86 rows=101 width=125)
	  Index Cond: ((id >= 7485143) AND (id <= 7485243))

table 6 : explain SELECT id, c FROM sbtest6 WHERE id BETWEEN 7485143 AND 7485243
	Index Scan using sbtest6_pkey on sbtest6  (cost=0.43..399.81 rows=100 width=125)
	  Index Cond: ((id >= 7485143) AND (id <= 7485243))

table 7 : explain SELECT id, c FROM sbtest7 WHERE id BETWEEN 7485143 AND 7485243
	Index Scan using sbtest7_pkey on sbtest7  (cost=0.43..427.11 rows=107 width=125)
	  Index Cond: ((id >= 7485143) AND (id <= 7485243))

table 8 : explain SELECT id, c FROM sbtest8 WHERE id BETWEEN 7485143 AND 7485243
	Index Scan using sbtest8_pkey on sbtest8  (cost=0.43..388.54 rows=97 width=125)
	  Index Cond: ((id >= 7485143) AND (id <= 7485243))

for range-notcovered
table 1 : explain SELECT id, c FROM sbtest1 WHERE id BETWEEN 8901063 AND 8901163
	Index Scan using sbtest1_pkey on sbtest1  (cost=0.43..424.83 rows=106 width=125)
	  Index Cond: ((id >= 8901063) AND (id <= 8901163))

table 2 : explain SELECT id, c FROM sbtest2 WHERE id BETWEEN 8901063 AND 8901163
	Index Scan using sbtest2_pkey on sbtest2  (cost=0.43..395.94 rows=99 width=125)
	  Index Cond: ((id >= 8901063) AND (id <= 8901163))

table 3 : explain SELECT id, c FROM sbtest3 WHERE id BETWEEN 8901063 AND 8901163
	Index Scan using sbtest3_pkey on sbtest3  (cost=0.43..408.62 rows=102 width=125)
	  Index Cond: ((id >= 8901063) AND (id <= 8901163))

table 4 : explain SELECT id, c FROM sbtest4 WHERE id BETWEEN 8901063 AND 8901163
	Index Scan using sbtest4_pkey on sbtest4  (cost=0.43..404.63 rows=101 width=125)
	  Index Cond: ((id >= 8901063) AND (id <= 8901163))

table 5 : explain SELECT id, c FROM sbtest5 WHERE id BETWEEN 8901063 AND 8901163
	Index Scan using sbtest5_pkey on sbtest5  (cost=0.43..399.91 rows=100 width=125)
	  Index Cond: ((id >= 8901063) AND (id <= 8901163))

table 6 : explain SELECT id, c FROM sbtest6 WHERE id BETWEEN 8901063 AND 8901163
	Index Scan using sbtest6_pkey on sbtest6  (cost=0.43..391.89 rows=98 width=125)
	  Index Cond: ((id >= 8901063) AND (id <= 8901163))

table 7 : explain SELECT id, c FROM sbtest7 WHERE id BETWEEN 8901063 AND 8901163
	Index Scan using sbtest7_pkey on sbtest7  (cost=0.43..391.55 rows=98 width=125)
	  Index Cond: ((id >= 8901063) AND (id <= 8901163))

table 8 : explain SELECT id, c FROM sbtest8 WHERE id BETWEEN 8901063 AND 8901163
	Index Scan using sbtest8_pkey on sbtest8  (cost=0.43..400.43 rows=100 width=125)
	  Index Cond: ((id >= 8901063) AND (id <= 8901163))

explain: for range-notcovered :: explain SELECT id, c FROM sbtest%d WHERE id BETWEEN 7485143 AND 7485243
explain: for range-notcovered :: explain SELECT id, c FROM sbtest%d WHERE id BETWEEN 8901063 AND 8901163
for range-notcovered
table 1 : explain SELECT id, c FROM sbtest1 WHERE id BETWEEN 8027909 AND 8028009
	Index Scan using sbtest1_pkey on sbtest1  (cost=0.43..404.99 rows=101 width=125)
	  Index Cond: ((id >= 8027909) AND (id <= 8028009))

table 2 : explain SELECT id, c FROM sbtest2 WHERE id BETWEEN 8027909 AND 8028009
	Index Scan using sbtest2_pkey on sbtest2  (cost=0.43..395.94 rows=99 width=125)
	  Index Cond: ((id >= 8027909) AND (id <= 8028009))

table 3 : explain SELECT id, c FROM sbtest3 WHERE id BETWEEN 8027909 AND 8028009
	Index Scan using sbtest3_pkey on sbtest3  (cost=0.43..416.54 rows=104 width=125)
	  Index Cond: ((id >= 8027909) AND (id <= 8028009))

table 4 : explain SELECT id, c FROM sbtest4 WHERE id BETWEEN 8027909 AND 8028009
	Index Scan using sbtest4_pkey on sbtest4  (cost=0.43..404.63 rows=101 width=125)
	  Index Cond: ((id >= 8027909) AND (id <= 8028009))

table 5 : explain SELECT id, c FROM sbtest5 WHERE id BETWEEN 8027909 AND 8028009
	Index Scan using sbtest5_pkey on sbtest5  (cost=0.43..399.91 rows=100 width=125)
	  Index Cond: ((id >= 8027909) AND (id <= 8028009))

table 6 : explain SELECT id, c FROM sbtest6 WHERE id BETWEEN 8027909 AND 8028009
	Index Scan using sbtest6_pkey on sbtest6  (cost=0.43..399.81 rows=100 width=125)
	  Index Cond: ((id >= 8027909) AND (id <= 8028009))

table 7 : explain SELECT id, c FROM sbtest7 WHERE id BETWEEN 8027909 AND 8028009
	Index Scan using sbtest7_pkey on sbtest7  (cost=0.43..375.76 rows=94 width=125)
	  Index Cond: ((id >= 8027909) AND (id <= 8028009))

table 8 : explain SELECT id, c FROM sbtest8 WHERE id BETWEEN 8027909 AND 8028009
	Index Scan using sbtest8_pkey on sbtest8  (cost=0.43..455.86 rows=114 width=125)
	  Index Cond: ((id >= 8027909) AND (id <= 8028009))

for range-notcovered
table 1 : explain SELECT id, c FROM sbtest1 WHERE id BETWEEN 3306205 AND 3306305
	Index Scan using sbtest1_pkey on sbtest1  (cost=0.43..412.93 rows=103 width=125)
	  Index Cond: ((id >= 3306205) AND (id <= 3306305))

table 2 : explain SELECT id, c FROM sbtest2 WHERE id BETWEEN 3306205 AND 3306305
	Index Scan using sbtest2_pkey on sbtest2  (cost=0.43..427.59 rows=107 width=125)
	  Index Cond: ((id >= 3306205) AND (id <= 3306305))

table 3 : explain SELECT id, c FROM sbtest3 WHERE id BETWEEN 3306205 AND 3306305
	Index Scan using sbtest3_pkey on sbtest3  (cost=0.43..376.91 rows=94 width=125)
	  Index Cond: ((id >= 3306205) AND (id <= 3306305))

table 4 : explain SELECT id, c FROM sbtest4 WHERE id BETWEEN 3306205 AND 3306305
	Index Scan using sbtest4_pkey on sbtest4  (cost=0.43..365.00 rows=91 width=125)
	  Index Cond: ((id >= 3306205) AND (id <= 3306305))

table 5 : explain SELECT id, c FROM sbtest5 WHERE id BETWEEN 3306205 AND 3306305
	Index Scan using sbtest5_pkey on sbtest5  (cost=0.43..348.49 rows=87 width=125)
	  Index Cond: ((id >= 3306205) AND (id <= 3306305))

table 6 : explain SELECT id, c FROM sbtest6 WHERE id BETWEEN 3306205 AND 3306305
	Index Scan using sbtest6_pkey on sbtest6  (cost=0.43..352.36 rows=88 width=125)
	  Index Cond: ((id >= 3306205) AND (id <= 3306305))

table 7 : explain SELECT id, c FROM sbtest7 WHERE id BETWEEN 3306205 AND 3306305
	Index Scan using sbtest7_pkey on sbtest7  (cost=0.43..379.71 rows=95 width=125)
	  Index Cond: ((id >= 3306205) AND (id <= 3306305))

table 8 : explain SELECT id, c FROM sbtest8 WHERE id BETWEEN 3306205 AND 3306305
	Index Scan using sbtest8_pkey on sbtest8  (cost=0.43..380.62 rows=95 width=125)
	  Index Cond: ((id >= 3306205) AND (id <= 3306305))

explain: for range-notcovered :: explain SELECT id, c FROM sbtest%d WHERE id BETWEEN 8027909 AND 8028009
explain: for range-notcovered :: explain SELECT id, c FROM sbtest%d WHERE id BETWEEN 3306205 AND 3306305
for range-notcovered
table 1 : explain SELECT id, c FROM sbtest1 WHERE id BETWEEN 2125093 AND 2125193
	Index Scan using sbtest1_pkey on sbtest1  (cost=0.43..412.93 rows=103 width=125)
	  Index Cond: ((id >= 2125093) AND (id <= 2125193))

table 2 : explain SELECT id, c FROM sbtest2 WHERE id BETWEEN 2125093 AND 2125193
	Index Scan using sbtest2_pkey on sbtest2  (cost=0.43..407.82 rows=102 width=125)
	  Index Cond: ((id >= 2125093) AND (id <= 2125193))

table 3 : explain SELECT id, c FROM sbtest3 WHERE id BETWEEN 2125093 AND 2125193
	Index Scan using sbtest3_pkey on sbtest3  (cost=0.43..368.99 rows=92 width=125)
	  Index Cond: ((id >= 2125093) AND (id <= 2125193))

table 4 : explain SELECT id, c FROM sbtest4 WHERE id BETWEEN 2125093 AND 2125193
	Index Scan using sbtest4_pkey on sbtest4  (cost=0.43..412.55 rows=103 width=125)
	  Index Cond: ((id >= 2125093) AND (id <= 2125193))

table 5 : explain SELECT id, c FROM sbtest5 WHERE id BETWEEN 2125093 AND 2125193
	Index Scan using sbtest5_pkey on sbtest5  (cost=0.43..372.22 rows=93 width=125)
	  Index Cond: ((id >= 2125093) AND (id <= 2125193))

table 6 : explain SELECT id, c FROM sbtest6 WHERE id BETWEEN 2125093 AND 2125193
	Index Scan using sbtest6_pkey on sbtest6  (cost=0.43..403.76 rows=101 width=125)
	  Index Cond: ((id >= 2125093) AND (id <= 2125193))

table 7 : explain SELECT id, c FROM sbtest7 WHERE id BETWEEN 2125093 AND 2125193
	Index Scan using sbtest7_pkey on sbtest7  (cost=0.43..462.66 rows=116 width=125)
	  Index Cond: ((id >= 2125093) AND (id <= 2125193))

table 8 : explain SELECT id, c FROM sbtest8 WHERE id BETWEEN 2125093 AND 2125193
	Index Scan using sbtest8_pkey on sbtest8  (cost=0.43..432.10 rows=108 width=125)
	  Index Cond: ((id >= 2125093) AND (id <= 2125193))

explain: for range-notcovered :: explain SELECT id, c FROM sbtest%d WHERE id BETWEEN 2125093 AND 2125193
for range-notcovered
table 1 : explain SELECT id, c FROM sbtest1 WHERE id BETWEEN 701185 AND 701285
	Index Scan using sbtest1_pkey on sbtest1  (cost=0.43..385.16 rows=96 width=125)
	  Index Cond: ((id >= 701185) AND (id <= 701285))

table 2 : explain SELECT id, c FROM sbtest2 WHERE id BETWEEN 701185 AND 701285
	Index Scan using sbtest2_pkey on sbtest2  (cost=0.43..427.59 rows=107 width=125)
	  Index Cond: ((id >= 701185) AND (id <= 701285))

table 3 : explain SELECT id, c FROM sbtest3 WHERE id BETWEEN 701185 AND 701285
	Index Scan using sbtest3_pkey on sbtest3  (cost=0.43..396.72 rows=99 width=125)
	  Index Cond: ((id >= 701185) AND (id <= 701285))

table 4 : explain SELECT id, c FROM sbtest4 WHERE id BETWEEN 701185 AND 701285
	Index Scan using sbtest4_pkey on sbtest4  (cost=0.43..424.43 rows=106 width=125)
	  Index Cond: ((id >= 701185) AND (id <= 701285))

table 5 : explain SELECT id, c FROM sbtest5 WHERE id BETWEEN 701185 AND 701285
	Index Scan using sbtest5_pkey on sbtest5  (cost=0.43..407.81 rows=102 width=125)
	  Index Cond: ((id >= 701185) AND (id <= 701285))

table 6 : explain SELECT id, c FROM sbtest6 WHERE id BETWEEN 701185 AND 701285
	Index Scan using sbtest6_pkey on sbtest6  (cost=0.43..387.93 rows=97 width=125)
	  Index Cond: ((id >= 701185) AND (id <= 701285))

table 7 : explain SELECT id, c FROM sbtest7 WHERE id BETWEEN 701185 AND 701285
	Index Scan using sbtest7_pkey on sbtest7  (cost=0.43..395.52 rows=99 width=125)
	  Index Cond: ((id >= 701185) AND (id <= 701285))

table 8 : explain SELECT id, c FROM sbtest8 WHERE id BETWEEN 701185 AND 701285
	Index Scan using sbtest8_pkey on sbtest8  (cost=0.43..428.14 rows=107 width=125)
	  Index Cond: ((id >= 701185) AND (id <= 701285))

explain: for range-notcovered :: explain SELECT id, c FROM sbtest%d WHERE id BETWEEN 701185 AND 701285
for range-notcovered
table 1 : explain SELECT id, c FROM sbtest1 WHERE id BETWEEN 7485143 AND 7485243
	Index Scan using sbtest1_pkey on sbtest1  (cost=0.43..385.16 rows=96 width=125)
	  Index Cond: ((id >= 7485143) AND (id <= 7485243))

table 2 : explain SELECT id, c FROM sbtest2 WHERE id BETWEEN 7485143 AND 7485243
	Index Scan using sbtest2_pkey on sbtest2  (cost=0.43..411.77 rows=103 width=125)
	  Index Cond: ((id >= 7485143) AND (id <= 7485243))

table 3 : explain SELECT id, c FROM sbtest3 WHERE id BETWEEN 7485143 AND 7485243
	Index Scan using sbtest3_pkey on sbtest3  (cost=0.43..416.54 rows=104 width=125)
	  Index Cond: ((id >= 7485143) AND (id <= 7485243))

table 4 : explain SELECT id, c FROM sbtest4 WHERE id BETWEEN 7485143 AND 7485243
	Index Scan using sbtest4_pkey on sbtest4  (cost=0.43..372.92 rows=93 width=125)
	  Index Cond: ((id >= 7485143) AND (id <= 7485243))

table 5 : explain SELECT id, c FROM sbtest5 WHERE id BETWEEN 7485143 AND 7485243
	Index Scan using sbtest5_pkey on sbtest5  (cost=0.43..403.86 rows=101 width=125)
	  Index Cond: ((id >= 7485143) AND (id <= 7485243))

table 6 : explain SELECT id, c FROM sbtest6 WHERE id BETWEEN 7485143 AND 7485243
	Index Scan using sbtest6_pkey on sbtest6  (cost=0.43..399.81 rows=100 width=125)
	  Index Cond: ((id >= 7485143) AND (id <= 7485243))

table 7 : explain SELECT id, c FROM sbtest7 WHERE id BETWEEN 7485143 AND 7485243
	Index Scan using sbtest7_pkey on sbtest7  (cost=0.43..427.11 rows=107 width=125)
	  Index Cond: ((id >= 7485143) AND (id <= 7485243))

table 8 : explain SELECT id, c FROM sbtest8 WHERE id BETWEEN 7485143 AND 7485243
	Index Scan using sbtest8_pkey on sbtest8  (cost=0.43..388.54 rows=97 width=125)
	  Index Cond: ((id >= 7485143) AND (id <= 7485243))

for range-notcovered
table 1 : explain SELECT id, c FROM sbtest1 WHERE id BETWEEN 6732512 AND 6732612
	Index Scan using sbtest1_pkey on sbtest1  (cost=0.43..404.99 rows=101 width=125)
	  Index Cond: ((id >= 6732512) AND (id <= 6732612))

table 2 : explain SELECT id, c FROM sbtest2 WHERE id BETWEEN 6732512 AND 6732612
	Index Scan using sbtest2_pkey on sbtest2  (cost=0.43..403.87 rows=101 width=125)
	  Index Cond: ((id >= 6732512) AND (id <= 6732612))

table 3 : explain SELECT id, c FROM sbtest3 WHERE id BETWEEN 6732512 AND 6732612
	Index Scan using sbtest3_pkey on sbtest3  (cost=0.43..392.76 rows=98 width=125)
	  Index Cond: ((id >= 6732512) AND (id <= 6732612))

table 4 : explain SELECT id, c FROM sbtest4 WHERE id BETWEEN 6732512 AND 6732612
	Index Scan using sbtest4_pkey on sbtest4  (cost=0.43..396.69 rows=99 width=125)
	  Index Cond: ((id >= 6732512) AND (id <= 6732612))

table 5 : explain SELECT id, c FROM sbtest5 WHERE id BETWEEN 6732512 AND 6732612
	Index Scan using sbtest5_pkey on sbtest5  (cost=0.43..423.63 rows=106 width=125)
	  Index Cond: ((id >= 6732512) AND (id <= 6732612))

table 6 : explain SELECT id, c FROM sbtest6 WHERE id BETWEEN 6732512 AND 6732612
	Index Scan using sbtest6_pkey on sbtest6  (cost=0.43..435.38 rows=109 width=125)
	  Index Cond: ((id >= 6732512) AND (id <= 6732612))

table 7 : explain SELECT id, c FROM sbtest7 WHERE id BETWEEN 6732512 AND 6732612
	Index Scan using sbtest7_pkey on sbtest7  (cost=0.43..379.71 rows=95 width=125)
	  Index Cond: ((id >= 6732512) AND (id <= 6732612))

table 8 : explain SELECT id, c FROM sbtest8 WHERE id BETWEEN 6732512 AND 6732612
	Index Scan using sbtest8_pkey on sbtest8  (cost=0.43..400.43 rows=100 width=125)
	  Index Cond: ((id >= 6732512) AND (id <= 6732612))

explain: for range-notcovered :: explain SELECT id, c FROM sbtest%d WHERE id BETWEEN 6732512 AND 6732612
for range-notcovered
table 1 : explain SELECT id, c FROM sbtest1 WHERE id BETWEEN 3306205 AND 3306305
	Index Scan using sbtest1_pkey on sbtest1  (cost=0.43..412.93 rows=103 width=125)
	  Index Cond: ((id >= 3306205) AND (id <= 3306305))

table 2 : explain SELECT id, c FROM sbtest2 WHERE id BETWEEN 3306205 AND 3306305
	Index Scan using sbtest2_pkey on sbtest2  (cost=0.43..427.59 rows=107 width=125)
	  Index Cond: ((id >= 3306205) AND (id <= 3306305))

table 3 : explain SELECT id, c FROM sbtest3 WHERE id BETWEEN 3306205 AND 3306305
	Index Scan using sbtest3_pkey on sbtest3  (cost=0.43..376.91 rows=94 width=125)
	  Index Cond: ((id >= 3306205) AND (id <= 3306305))

table 4 : explain SELECT id, c FROM sbtest4 WHERE id BETWEEN 3306205 AND 3306305
	Index Scan using sbtest4_pkey on sbtest4  (cost=0.43..365.00 rows=91 width=125)
	  Index Cond: ((id >= 3306205) AND (id <= 3306305))

table 5 : explain SELECT id, c FROM sbtest5 WHERE id BETWEEN 3306205 AND 3306305
	Index Scan using sbtest5_pkey on sbtest5  (cost=0.43..348.49 rows=87 width=125)
	  Index Cond: ((id >= 3306205) AND (id <= 3306305))

table 6 : explain SELECT id, c FROM sbtest6 WHERE id BETWEEN 3306205 AND 3306305
	Index Scan using sbtest6_pkey on sbtest6  (cost=0.43..352.36 rows=88 width=125)
	  Index Cond: ((id >= 3306205) AND (id <= 3306305))

table 7 : explain SELECT id, c FROM sbtest7 WHERE id BETWEEN 3306205 AND 3306305
	Index Scan using sbtest7_pkey on sbtest7  (cost=0.43..379.71 rows=95 width=125)
	  Index Cond: ((id >= 3306205) AND (id <= 3306305))

table 8 : explain SELECT id, c FROM sbtest8 WHERE id BETWEEN 3306205 AND 3306305
	Index Scan using sbtest8_pkey on sbtest8  (cost=0.43..380.62 rows=95 width=125)
	  Index Cond: ((id >= 3306205) AND (id <= 3306305))

for range-notcovered
table 1 : explain SELECT id, c FROM sbtest1 WHERE id BETWEEN 2678762 AND 2678862
	Index Scan using sbtest1_pkey on sbtest1  (cost=0.43..373.27 rows=93 width=125)
	  Index Cond: ((id >= 2678762) AND (id <= 2678862))

table 2 : explain SELECT id, c FROM sbtest2 WHERE id BETWEEN 2678762 AND 2678862
	Index Scan using sbtest2_pkey on sbtest2  (cost=0.43..395.94 rows=99 width=125)
	  Index Cond: ((id >= 2678762) AND (id <= 2678862))

table 3 : explain SELECT id, c FROM sbtest3 WHERE id BETWEEN 2678762 AND 2678862
	Index Scan using sbtest3_pkey on sbtest3  (cost=0.43..365.02 rows=91 width=125)
	  Index Cond: ((id >= 2678762) AND (id <= 2678862))

table 4 : explain SELECT id, c FROM sbtest4 WHERE id BETWEEN 2678762 AND 2678862
	Index Scan using sbtest4_pkey on sbtest4  (cost=0.43..384.80 rows=96 width=125)
	  Index Cond: ((id >= 2678762) AND (id <= 2678862))

table 5 : explain SELECT id, c FROM sbtest5 WHERE id BETWEEN 2678762 AND 2678862
	Index Scan using sbtest5_pkey on sbtest5  (cost=0.43..451.30 rows=113 width=125)
	  Index Cond: ((id >= 2678762) AND (id <= 2678862))

table 6 : explain SELECT id, c FROM sbtest6 WHERE id BETWEEN 2678762 AND 2678862
	Index Scan using sbtest6_pkey on sbtest6  (cost=0.43..407.71 rows=102 width=125)
	  Index Cond: ((id >= 2678762) AND (id <= 2678862))

table 7 : explain SELECT id, c FROM sbtest7 WHERE id BETWEEN 2678762 AND 2678862
	Index Scan using sbtest7_pkey on sbtest7  (cost=0.43..415.27 rows=104 width=125)
	  Index Cond: ((id >= 2678762) AND (id <= 2678862))

table 8 : explain SELECT id, c FROM sbtest8 WHERE id BETWEEN 2678762 AND 2678862
	Index Scan using sbtest8_pkey on sbtest8  (cost=0.43..380.62 rows=95 width=125)
	  Index Cond: ((id >= 2678762) AND (id <= 2678862))

explain: for range-notcovered :: explain SELECT id, c FROM sbtest%d WHERE id BETWEEN 3306205 AND 3306305
explain: for range-notcovered :: explain SELECT id, c FROM sbtest%d WHERE id BETWEEN 4695012 AND 4695112
for range-notcovered
table 1 : explain SELECT id, c FROM sbtest1 WHERE id BETWEEN 8901063 AND 8901163
	Index Scan using sbtest1_pkey on sbtest1  (cost=0.43..424.83 rows=106 width=125)
	  Index Cond: ((id >= 8901063) AND (id <= 8901163))

table 2 : explain SELECT id, c FROM sbtest2 WHERE id BETWEEN 8901063 AND 8901163
	Index Scan using sbtest2_pkey on sbtest2  (cost=0.43..395.94 rows=99 width=125)
	  Index Cond: ((id >= 8901063) AND (id <= 8901163))

table 3 : explain SELECT id, c FROM sbtest3 WHERE id BETWEEN 8901063 AND 8901163
	Index Scan using sbtest3_pkey on sbtest3  (cost=0.43..408.62 rows=102 width=125)
	  Index Cond: ((id >= 8901063) AND (id <= 8901163))

table 4 : explain SELECT id, c FROM sbtest4 WHERE id BETWEEN 8901063 AND 8901163
	Index Scan using sbtest4_pkey on sbtest4  (cost=0.43..404.63 rows=101 width=125)
	  Index Cond: ((id >= 8901063) AND (id <= 8901163))

table 5 : explain SELECT id, c FROM sbtest5 WHERE id BETWEEN 8901063 AND 8901163
	Index Scan using sbtest5_pkey on sbtest5  (cost=0.43..399.91 rows=100 width=125)
	  Index Cond: ((id >= 8901063) AND (id <= 8901163))

table 6 : explain SELECT id, c FROM sbtest6 WHERE id BETWEEN 8901063 AND 8901163
	Index Scan using sbtest6_pkey on sbtest6  (cost=0.43..391.89 rows=98 width=125)
	  Index Cond: ((id >= 8901063) AND (id <= 8901163))

table 7 : explain SELECT id, c FROM sbtest7 WHERE id BETWEEN 8901063 AND 8901163
	Index Scan using sbtest7_pkey on sbtest7  (cost=0.43..391.55 rows=98 width=125)
	  Index Cond: ((id >= 8901063) AND (id <= 8901163))

table 8 : explain SELECT id, c FROM sbtest8 WHERE id BETWEEN 8901063 AND 8901163
	Index Scan using sbtest8_pkey on sbtest8  (cost=0.43..400.43 rows=100 width=125)
	  Index Cond: ((id >= 8901063) AND (id <= 8901163))

for range-notcovered
table 1 : explain SELECT id, c FROM sbtest1 WHERE id BETWEEN 701185 AND 701285
	Index Scan using sbtest1_pkey on sbtest1  (cost=0.43..385.16 rows=96 width=125)
	  Index Cond: ((id >= 701185) AND (id <= 701285))

table 2 : explain SELECT id, c FROM sbtest2 WHERE id BETWEEN 701185 AND 701285
	Index Scan using sbtest2_pkey on sbtest2  (cost=0.43..427.59 rows=107 width=125)
	  Index Cond: ((id >= 701185) AND (id <= 701285))

table 3 : explain SELECT id, c FROM sbtest3 WHERE id BETWEEN 701185 AND 701285
	Index Scan using sbtest3_pkey on sbtest3  (cost=0.43..396.72 rows=99 width=125)
	  Index Cond: ((id >= 701185) AND (id <= 701285))

table 4 : explain SELECT id, c FROM sbtest4 WHERE id BETWEEN 701185 AND 701285
	Index Scan using sbtest4_pkey on sbtest4  (cost=0.43..424.43 rows=106 width=125)
	  Index Cond: ((id >= 701185) AND (id <= 701285))

table 5 : explain SELECT id, c FROM sbtest5 WHERE id BETWEEN 701185 AND 701285
	Index Scan using sbtest5_pkey on sbtest5  (cost=0.43..407.81 rows=102 width=125)
	  Index Cond: ((id >= 701185) AND (id <= 701285))

table 6 : explain SELECT id, c FROM sbtest6 WHERE id BETWEEN 701185 AND 701285
	Index Scan using sbtest6_pkey on sbtest6  (cost=0.43..387.93 rows=97 width=125)
	  Index Cond: ((id >= 701185) AND (id <= 701285))

table 7 : explain SELECT id, c FROM sbtest7 WHERE id BETWEEN 701185 AND 701285
	Index Scan using sbtest7_pkey on sbtest7  (cost=0.43..395.52 rows=99 width=125)
	  Index Cond: ((id >= 701185) AND (id <= 701285))

table 8 : explain SELECT id, c FROM sbtest8 WHERE id BETWEEN 701185 AND 701285
	Index Scan using sbtest8_pkey on sbtest8  (cost=0.43..428.14 rows=107 width=125)
	  Index Cond: ((id >= 701185) AND (id <= 701285))

explain: for range-notcovered :: explain SELECT id, c FROM sbtest%d WHERE id BETWEEN 2678762 AND 2678862
explain: for range-notcovered :: explain SELECT id, c FROM sbtest%d WHERE id BETWEEN 8901063 AND 8901163
explain: for range-notcovered :: explain SELECT id, c FROM sbtest%d WHERE id BETWEEN 701185 AND 701285
for range-notcovered
table 1 : explain SELECT id, c FROM sbtest1 WHERE id BETWEEN 4768000 AND 4768100
	Index Scan using sbtest1_pkey on sbtest1  (cost=0.43..412.93 rows=103 width=125)
	  Index Cond: ((id >= 4768000) AND (id <= 4768100))

table 2 : explain SELECT id, c FROM sbtest2 WHERE id BETWEEN 4768000 AND 4768100
	Index Scan using sbtest2_pkey on sbtest2  (cost=0.43..364.31 rows=91 width=125)
	  Index Cond: ((id >= 4768000) AND (id <= 4768100))

table 3 : explain SELECT id, c FROM sbtest3 WHERE id BETWEEN 4768000 AND 4768100
	Index Scan using sbtest3_pkey on sbtest3  (cost=0.43..392.76 rows=98 width=125)
	  Index Cond: ((id >= 4768000) AND (id <= 4768100))

table 4 : explain SELECT id, c FROM sbtest4 WHERE id BETWEEN 4768000 AND 4768100
	Index Scan using sbtest4_pkey on sbtest4  (cost=0.43..388.77 rows=97 width=125)
	  Index Cond: ((id >= 4768000) AND (id <= 4768100))

table 5 : explain SELECT id, c FROM sbtest5 WHERE id BETWEEN 4768000 AND 4768100
	Index Scan using sbtest5_pkey on sbtest5  (cost=0.43..443.40 rows=111 width=125)
	  Index Cond: ((id >= 4768000) AND (id <= 4768100))

table 6 : explain SELECT id, c FROM sbtest6 WHERE id BETWEEN 4768000 AND 4768100
	Index Scan using sbtest6_pkey on sbtest6  (cost=0.43..395.86 rows=99 width=125)
	  Index Cond: ((id >= 4768000) AND (id <= 4768100))

table 7 : explain SELECT id, c FROM sbtest7 WHERE id BETWEEN 4768000 AND 4768100
	Index Scan using sbtest7_pkey on sbtest7  (cost=0.43..387.61 rows=97 width=125)
	  Index Cond: ((id >= 4768000) AND (id <= 4768100))

table 8 : explain SELECT id, c FROM sbtest8 WHERE id BETWEEN 4768000 AND 4768100
	Index Scan using sbtest8_pkey on sbtest8  (cost=0.43..392.50 rows=98 width=125)
	  Index Cond: ((id >= 4768000) AND (id <= 4768100))

explain: for range-notcovered :: explain SELECT id, c FROM sbtest%d WHERE id BETWEEN 4768000 AND 4768100
for range-notcovered
table 1 : explain SELECT id, c FROM sbtest1 WHERE id BETWEEN 8027909 AND 8028009
	Index Scan using sbtest1_pkey on sbtest1  (cost=0.43..404.99 rows=101 width=125)
	  Index Cond: ((id >= 8027909) AND (id <= 8028009))

table 2 : explain SELECT id, c FROM sbtest2 WHERE id BETWEEN 8027909 AND 8028009
	Index Scan using sbtest2_pkey on sbtest2  (cost=0.43..395.94 rows=99 width=125)
	  Index Cond: ((id >= 8027909) AND (id <= 8028009))

table 3 : explain SELECT id, c FROM sbtest3 WHERE id BETWEEN 8027909 AND 8028009
	Index Scan using sbtest3_pkey on sbtest3  (cost=0.43..416.54 rows=104 width=125)
	  Index Cond: ((id >= 8027909) AND (id <= 8028009))

table 4 : explain SELECT id, c FROM sbtest4 WHERE id BETWEEN 8027909 AND 8028009
	Index Scan using sbtest4_pkey on sbtest4  (cost=0.43..404.63 rows=101 width=125)
	  Index Cond: ((id >= 8027909) AND (id <= 8028009))

table 5 : explain SELECT id, c FROM sbtest5 WHERE id BETWEEN 8027909 AND 8028009
	Index Scan using sbtest5_pkey on sbtest5  (cost=0.43..399.91 rows=100 width=125)
	  Index Cond: ((id >= 8027909) AND (id <= 8028009))

table 6 : explain SELECT id, c FROM sbtest6 WHERE id BETWEEN 8027909 AND 8028009
	Index Scan using sbtest6_pkey on sbtest6  (cost=0.43..399.81 rows=100 width=125)
	  Index Cond: ((id >= 8027909) AND (id <= 8028009))

table 7 : explain SELECT id, c FROM sbtest7 WHERE id BETWEEN 8027909 AND 8028009
	Index Scan using sbtest7_pkey on sbtest7  (cost=0.43..375.76 rows=94 width=125)
	  Index Cond: ((id >= 8027909) AND (id <= 8028009))

table 8 : explain SELECT id, c FROM sbtest8 WHERE id BETWEEN 8027909 AND 8028009
	Index Scan using sbtest8_pkey on sbtest8  (cost=0.43..455.86 rows=114 width=125)
	  Index Cond: ((id >= 8027909) AND (id <= 8028009))

explain: for range-notcovered :: explain SELECT id, c FROM sbtest%d WHERE id BETWEEN 5379296 AND 5379396
for range-notcovered
table 1 : explain SELECT id, c FROM sbtest1 WHERE id BETWEEN 3306205 AND 3306305
	Index Scan using sbtest1_pkey on sbtest1  (cost=0.43..412.93 rows=103 width=125)
	  Index Cond: ((id >= 3306205) AND (id <= 3306305))

table 2 : explain SELECT id, c FROM sbtest2 WHERE id BETWEEN 3306205 AND 3306305
	Index Scan using sbtest2_pkey on sbtest2  (cost=0.43..427.59 rows=107 width=125)
	  Index Cond: ((id >= 3306205) AND (id <= 3306305))

table 3 : explain SELECT id, c FROM sbtest3 WHERE id BETWEEN 3306205 AND 3306305
	Index Scan using sbtest3_pkey on sbtest3  (cost=0.43..376.91 rows=94 width=125)
	  Index Cond: ((id >= 3306205) AND (id <= 3306305))

table 4 : explain SELECT id, c FROM sbtest4 WHERE id BETWEEN 3306205 AND 3306305
	Index Scan using sbtest4_pkey on sbtest4  (cost=0.43..365.00 rows=91 width=125)
	  Index Cond: ((id >= 3306205) AND (id <= 3306305))

table 5 : explain SELECT id, c FROM sbtest5 WHERE id BETWEEN 3306205 AND 3306305
	Index Scan using sbtest5_pkey on sbtest5  (cost=0.43..348.49 rows=87 width=125)
	  Index Cond: ((id >= 3306205) AND (id <= 3306305))

table 6 : explain SELECT id, c FROM sbtest6 WHERE id BETWEEN 3306205 AND 3306305
	Index Scan using sbtest6_pkey on sbtest6  (cost=0.43..352.36 rows=88 width=125)
	  Index Cond: ((id >= 3306205) AND (id <= 3306305))

table 7 : explain SELECT id, c FROM sbtest7 WHERE id BETWEEN 3306205 AND 3306305
	Index Scan using sbtest7_pkey on sbtest7  (cost=0.43..379.71 rows=95 width=125)
	  Index Cond: ((id >= 3306205) AND (id <= 3306305))

table 8 : explain SELECT id, c FROM sbtest8 WHERE id BETWEEN 3306205 AND 3306305
	Index Scan using sbtest8_pkey on sbtest8  (cost=0.43..380.62 rows=95 width=125)
	  Index Cond: ((id >= 3306205) AND (id <= 3306305))

for range-notcovered
table 1 : explain SELECT id, c FROM sbtest1 WHERE id BETWEEN 2125093 AND 2125193
	Index Scan using sbtest1_pkey on sbtest1  (cost=0.43..412.93 rows=103 width=125)
	  Index Cond: ((id >= 2125093) AND (id <= 2125193))

table 2 : explain SELECT id, c FROM sbtest2 WHERE id BETWEEN 2125093 AND 2125193
	Index Scan using sbtest2_pkey on sbtest2  (cost=0.43..407.82 rows=102 width=125)
	  Index Cond: ((id >= 2125093) AND (id <= 2125193))

table 3 : explain SELECT id, c FROM sbtest3 WHERE id BETWEEN 2125093 AND 2125193
	Index Scan using sbtest3_pkey on sbtest3  (cost=0.43..368.99 rows=92 width=125)
	  Index Cond: ((id >= 2125093) AND (id <= 2125193))

table 4 : explain SELECT id, c FROM sbtest4 WHERE id BETWEEN 2125093 AND 2125193
	Index Scan using sbtest4_pkey on sbtest4  (cost=0.43..412.55 rows=103 width=125)
	  Index Cond: ((id >= 2125093) AND (id <= 2125193))

table 5 : explain SELECT id, c FROM sbtest5 WHERE id BETWEEN 2125093 AND 2125193
	Index Scan using sbtest5_pkey on sbtest5  (cost=0.43..372.22 rows=93 width=125)
	  Index Cond: ((id >= 2125093) AND (id <= 2125193))

table 6 : explain SELECT id, c FROM sbtest6 WHERE id BETWEEN 2125093 AND 2125193
	Index Scan using sbtest6_pkey on sbtest6  (cost=0.43..403.76 rows=101 width=125)
	  Index Cond: ((id >= 2125093) AND (id <= 2125193))

table 7 : explain SELECT id, c FROM sbtest7 WHERE id BETWEEN 2125093 AND 2125193
	Index Scan using sbtest7_pkey on sbtest7  (cost=0.43..462.66 rows=116 width=125)
	  Index Cond: ((id >= 2125093) AND (id <= 2125193))

table 8 : explain SELECT id, c FROM sbtest8 WHERE id BETWEEN 2125093 AND 2125193
	Index Scan using sbtest8_pkey on sbtest8  (cost=0.43..432.10 rows=108 width=125)
	  Index Cond: ((id >= 2125093) AND (id <= 2125193))

explain: for range-notcovered :: explain SELECT id, c FROM sbtest%d WHERE id BETWEEN 3306205 AND 3306305
explain: for range-notcovered :: explain SELECT id, c FROM sbtest%d WHERE id BETWEEN 2125093 AND 2125193
for range-notcovered
table 1 : explain SELECT id, c FROM sbtest1 WHERE id BETWEEN 701185 AND 701285
	Index Scan using sbtest1_pkey on sbtest1  (cost=0.43..385.16 rows=96 width=125)
	  Index Cond: ((id >= 701185) AND (id <= 701285))

table 2 : explain SELECT id, c FROM sbtest2 WHERE id BETWEEN 701185 AND 701285
	Index Scan using sbtest2_pkey on sbtest2  (cost=0.43..427.59 rows=107 width=125)
	  Index Cond: ((id >= 701185) AND (id <= 701285))

table 3 : explain SELECT id, c FROM sbtest3 WHERE id BETWEEN 701185 AND 701285
	Index Scan using sbtest3_pkey on sbtest3  (cost=0.43..396.72 rows=99 width=125)
	  Index Cond: ((id >= 701185) AND (id <= 701285))

table 4 : explain SELECT id, c FROM sbtest4 WHERE id BETWEEN 701185 AND 701285
	Index Scan using sbtest4_pkey on sbtest4  (cost=0.43..424.43 rows=106 width=125)
	  Index Cond: ((id >= 701185) AND (id <= 701285))

table 5 : explain SELECT id, c FROM sbtest5 WHERE id BETWEEN 701185 AND 701285
	Index Scan using sbtest5_pkey on sbtest5  (cost=0.43..407.81 rows=102 width=125)
	  Index Cond: ((id >= 701185) AND (id <= 701285))

table 6 : explain SELECT id, c FROM sbtest6 WHERE id BETWEEN 701185 AND 701285
	Index Scan using sbtest6_pkey on sbtest6  (cost=0.43..387.93 rows=97 width=125)
	  Index Cond: ((id >= 701185) AND (id <= 701285))

table 7 : explain SELECT id, c FROM sbtest7 WHERE id BETWEEN 701185 AND 701285
	Index Scan using sbtest7_pkey on sbtest7  (cost=0.43..395.52 rows=99 width=125)
	  Index Cond: ((id >= 701185) AND (id <= 701285))

table 8 : explain SELECT id, c FROM sbtest8 WHERE id BETWEEN 701185 AND 701285
	Index Scan using sbtest8_pkey on sbtest8  (cost=0.43..428.14 rows=107 width=125)
	  Index Cond: ((id >= 701185) AND (id <= 701285))

for range-notcovered
table 1 : explain SELECT id, c FROM sbtest1 WHERE id BETWEEN 6732512 AND 6732612
	Index Scan using sbtest1_pkey on sbtest1  (cost=0.43..404.99 rows=101 width=125)
	  Index Cond: ((id >= 6732512) AND (id <= 6732612))

table 2 : explain SELECT id, c FROM sbtest2 WHERE id BETWEEN 6732512 AND 6732612
	Index Scan using sbtest2_pkey on sbtest2  (cost=0.43..403.87 rows=101 width=125)
	  Index Cond: ((id >= 6732512) AND (id <= 6732612))

table 3 : explain SELECT id, c FROM sbtest3 WHERE id BETWEEN 6732512 AND 6732612
	Index Scan using sbtest3_pkey on sbtest3  (cost=0.43..392.76 rows=98 width=125)
	  Index Cond: ((id >= 6732512) AND (id <= 6732612))

table 4 : explain SELECT id, c FROM sbtest4 WHERE id BETWEEN 6732512 AND 6732612
	Index Scan using sbtest4_pkey on sbtest4  (cost=0.43..396.69 rows=99 width=125)
	  Index Cond: ((id >= 6732512) AND (id <= 6732612))

table 5 : explain SELECT id, c FROM sbtest5 WHERE id BETWEEN 6732512 AND 6732612
	Index Scan using sbtest5_pkey on sbtest5  (cost=0.43..423.63 rows=106 width=125)
	  Index Cond: ((id >= 6732512) AND (id <= 6732612))

table 6 : explain SELECT id, c FROM sbtest6 WHERE id BETWEEN 6732512 AND 6732612
	Index Scan using sbtest6_pkey on sbtest6  (cost=0.43..435.38 rows=109 width=125)
	  Index Cond: ((id >= 6732512) AND (id <= 6732612))

table 7 : explain SELECT id, c FROM sbtest7 WHERE id BETWEEN 6732512 AND 6732612
	Index Scan using sbtest7_pkey on sbtest7  (cost=0.43..379.71 rows=95 width=125)
	  Index Cond: ((id >= 6732512) AND (id <= 6732612))

table 8 : explain SELECT id, c FROM sbtest8 WHERE id BETWEEN 6732512 AND 6732612
	Index Scan using sbtest8_pkey on sbtest8  (cost=0.43..400.43 rows=100 width=125)
	  Index Cond: ((id >= 6732512) AND (id <= 6732612))

for range-notcovered
table 1 : explain SELECT id, c FROM sbtest1 WHERE id BETWEEN 4768000 AND 4768100
	Index Scan using sbtest1_pkey on sbtest1  (cost=0.43..412.93 rows=103 width=125)
	  Index Cond: ((id >= 4768000) AND (id <= 4768100))

table 2 : explain SELECT id, c FROM sbtest2 WHERE id BETWEEN 4768000 AND 4768100
	Index Scan using sbtest2_pkey on sbtest2  (cost=0.43..364.31 rows=91 width=125)
	  Index Cond: ((id >= 4768000) AND (id <= 4768100))

table 3 : explain SELECT id, c FROM sbtest3 WHERE id BETWEEN 4768000 AND 4768100
	Index Scan using sbtest3_pkey on sbtest3  (cost=0.43..392.76 rows=98 width=125)
	  Index Cond: ((id >= 4768000) AND (id <= 4768100))

table 4 : explain SELECT id, c FROM sbtest4 WHERE id BETWEEN 4768000 AND 4768100
	Index Scan using sbtest4_pkey on sbtest4  (cost=0.43..388.77 rows=97 width=125)
	  Index Cond: ((id >= 4768000) AND (id <= 4768100))

table 5 : explain SELECT id, c FROM sbtest5 WHERE id BETWEEN 4768000 AND 4768100
	Index Scan using sbtest5_pkey on sbtest5  (cost=0.43..443.40 rows=111 width=125)
	  Index Cond: ((id >= 4768000) AND (id <= 4768100))

table 6 : explain SELECT id, c FROM sbtest6 WHERE id BETWEEN 4768000 AND 4768100
	Index Scan using sbtest6_pkey on sbtest6  (cost=0.43..395.86 rows=99 width=125)
	  Index Cond: ((id >= 4768000) AND (id <= 4768100))

table 7 : explain SELECT id, c FROM sbtest7 WHERE id BETWEEN 4768000 AND 4768100
	Index Scan using sbtest7_pkey on sbtest7  (cost=0.43..387.61 rows=97 width=125)
	  Index Cond: ((id >= 4768000) AND (id <= 4768100))

table 8 : explain SELECT id, c FROM sbtest8 WHERE id BETWEEN 4768000 AND 4768100
	Index Scan using sbtest8_pkey on sbtest8  (cost=0.43..392.50 rows=98 width=125)
	  Index Cond: ((id >= 4768000) AND (id <= 4768100))

explain: for range-notcovered :: explain SELECT id, c FROM sbtest%d WHERE id BETWEEN 4768000 AND 4768100
explain: for range-notcovered :: explain SELECT id, c FROM sbtest%d WHERE id BETWEEN 6732512 AND 6732612
for range-notcovered
table 1 : explain SELECT id, c FROM sbtest1 WHERE id BETWEEN 3306205 AND 3306305
	Index Scan using sbtest1_pkey on sbtest1  (cost=0.43..412.93 rows=103 width=125)
	  Index Cond: ((id >= 3306205) AND (id <= 3306305))

table 2 : explain SELECT id, c FROM sbtest2 WHERE id BETWEEN 3306205 AND 3306305
	Index Scan using sbtest2_pkey on sbtest2  (cost=0.43..427.59 rows=107 width=125)
	  Index Cond: ((id >= 3306205) AND (id <= 3306305))

table 3 : explain SELECT id, c FROM sbtest3 WHERE id BETWEEN 3306205 AND 3306305
	Index Scan using sbtest3_pkey on sbtest3  (cost=0.43..376.91 rows=94 width=125)
	  Index Cond: ((id >= 3306205) AND (id <= 3306305))

table 4 : explain SELECT id, c FROM sbtest4 WHERE id BETWEEN 3306205 AND 3306305
	Index Scan using sbtest4_pkey on sbtest4  (cost=0.43..365.00 rows=91 width=125)
	  Index Cond: ((id >= 3306205) AND (id <= 3306305))

table 5 : explain SELECT id, c FROM sbtest5 WHERE id BETWEEN 3306205 AND 3306305
	Index Scan using sbtest5_pkey on sbtest5  (cost=0.43..348.49 rows=87 width=125)
	  Index Cond: ((id >= 3306205) AND (id <= 3306305))

table 6 : explain SELECT id, c FROM sbtest6 WHERE id BETWEEN 3306205 AND 3306305
	Index Scan using sbtest6_pkey on sbtest6  (cost=0.43..352.36 rows=88 width=125)
	  Index Cond: ((id >= 3306205) AND (id <= 3306305))

table 7 : explain SELECT id, c FROM sbtest7 WHERE id BETWEEN 3306205 AND 3306305
	Index Scan using sbtest7_pkey on sbtest7  (cost=0.43..379.71 rows=95 width=125)
	  Index Cond: ((id >= 3306205) AND (id <= 3306305))

table 8 : explain SELECT id, c FROM sbtest8 WHERE id BETWEEN 3306205 AND 3306305
	Index Scan using sbtest8_pkey on sbtest8  (cost=0.43..380.62 rows=95 width=125)
	  Index Cond: ((id >= 3306205) AND (id <= 3306305))

for range-notcovered
table 1 : explain SELECT id, c FROM sbtest1 WHERE id BETWEEN 6496772 AND 6496872
	Index Scan using sbtest1_pkey on sbtest1  (cost=0.43..424.83 rows=106 width=125)
	  Index Cond: ((id >= 6496772) AND (id <= 6496872))

table 2 : explain SELECT id, c FROM sbtest2 WHERE id BETWEEN 6496772 AND 6496872
	Index Scan using sbtest2_pkey on sbtest2  (cost=0.43..435.49 rows=109 width=125)
	  Index Cond: ((id >= 6496772) AND (id <= 6496872))

table 3 : explain SELECT id, c FROM sbtest3 WHERE id BETWEEN 6496772 AND 6496872
	Index Scan using sbtest3_pkey on sbtest3  (cost=0.43..396.72 rows=99 width=125)
	  Index Cond: ((id >= 6496772) AND (id <= 6496872))

table 4 : explain SELECT id, c FROM sbtest4 WHERE id BETWEEN 6496772 AND 6496872
	Index Scan using sbtest4_pkey on sbtest4  (cost=0.43..384.80 rows=96 width=125)
	  Index Cond: ((id >= 6496772) AND (id <= 6496872))

table 5 : explain SELECT id, c FROM sbtest5 WHERE id BETWEEN 6496772 AND 6496872
	Index Scan using sbtest5_pkey on sbtest5  (cost=0.43..411.77 rows=103 width=125)
	  Index Cond: ((id >= 6496772) AND (id <= 6496872))

table 6 : explain SELECT id, c FROM sbtest6 WHERE id BETWEEN 6496772 AND 6496872
	Index Scan using sbtest6_pkey on sbtest6  (cost=0.43..431.43 rows=108 width=125)
	  Index Cond: ((id >= 6496772) AND (id <= 6496872))

table 7 : explain SELECT id, c FROM sbtest7 WHERE id BETWEEN 6496772 AND 6496872
	Index Scan using sbtest7_pkey on sbtest7  (cost=0.43..419.22 rows=105 width=125)
	  Index Cond: ((id >= 6496772) AND (id <= 6496872))

table 8 : explain SELECT id, c FROM sbtest8 WHERE id BETWEEN 6496772 AND 6496872
	Index Scan using sbtest8_pkey on sbtest8  (cost=0.43..396.47 rows=99 width=125)
	  Index Cond: ((id >= 6496772) AND (id <= 6496872))

explain: for range-notcovered :: explain SELECT id, c FROM sbtest%d WHERE id BETWEEN 3306205 AND 3306305
for range-notcovered
table 1 : explain SELECT id, c FROM sbtest1 WHERE id BETWEEN 8901063 AND 8901163
	Index Scan using sbtest1_pkey on sbtest1  (cost=0.43..424.83 rows=106 width=125)
	  Index Cond: ((id >= 8901063) AND (id <= 8901163))

table 2 : explain SELECT id, c FROM sbtest2 WHERE id BETWEEN 8901063 AND 8901163
	Index Scan using sbtest2_pkey on sbtest2  (cost=0.43..395.94 rows=99 width=125)
	  Index Cond: ((id >= 8901063) AND (id <= 8901163))

table 3 : explain SELECT id, c FROM sbtest3 WHERE id BETWEEN 8901063 AND 8901163
	Index Scan using sbtest3_pkey on sbtest3  (cost=0.43..408.62 rows=102 width=125)
	  Index Cond: ((id >= 8901063) AND (id <= 8901163))

table 4 : explain SELECT id, c FROM sbtest4 WHERE id BETWEEN 8901063 AND 8901163
	Index Scan using sbtest4_pkey on sbtest4  (cost=0.43..404.63 rows=101 width=125)
	  Index Cond: ((id >= 8901063) AND (id <= 8901163))

table 5 : explain SELECT id, c FROM sbtest5 WHERE id BETWEEN 8901063 AND 8901163
	Index Scan using sbtest5_pkey on sbtest5  (cost=0.43..399.91 rows=100 width=125)
	  Index Cond: ((id >= 8901063) AND (id <= 8901163))

table 6 : explain SELECT id, c FROM sbtest6 WHERE id BETWEEN 8901063 AND 8901163
	Index Scan using sbtest6_pkey on sbtest6  (cost=0.43..391.89 rows=98 width=125)
	  Index Cond: ((id >= 8901063) AND (id <= 8901163))

table 7 : explain SELECT id, c FROM sbtest7 WHERE id BETWEEN 8901063 AND 8901163
	Index Scan using sbtest7_pkey on sbtest7  (cost=0.43..391.55 rows=98 width=125)
	  Index Cond: ((id >= 8901063) AND (id <= 8901163))

table 8 : explain SELECT id, c FROM sbtest8 WHERE id BETWEEN 8901063 AND 8901163
	Index Scan using sbtest8_pkey on sbtest8  (cost=0.43..400.43 rows=100 width=125)
	  Index Cond: ((id >= 8901063) AND (id <= 8901163))

explain: for range-notcovered :: explain SELECT id, c FROM sbtest%d WHERE id BETWEEN 8901063 AND 8901163
for range-notcovered
table 1 : explain SELECT id, c FROM sbtest1 WHERE id BETWEEN 4768000 AND 4768100
	Index Scan using sbtest1_pkey on sbtest1  (cost=0.43..412.93 rows=103 width=125)
	  Index Cond: ((id >= 4768000) AND (id <= 4768100))

table 2 : explain SELECT id, c FROM sbtest2 WHERE id BETWEEN 4768000 AND 4768100
	Index Scan using sbtest2_pkey on sbtest2  (cost=0.43..364.31 rows=91 width=125)
	  Index Cond: ((id >= 4768000) AND (id <= 4768100))

table 3 : explain SELECT id, c FROM sbtest3 WHERE id BETWEEN 4768000 AND 4768100
	Index Scan using sbtest3_pkey on sbtest3  (cost=0.43..392.76 rows=98 width=125)
	  Index Cond: ((id >= 4768000) AND (id <= 4768100))

table 4 : explain SELECT id, c FROM sbtest4 WHERE id BETWEEN 4768000 AND 4768100
	Index Scan using sbtest4_pkey on sbtest4  (cost=0.43..388.77 rows=97 width=125)
	  Index Cond: ((id >= 4768000) AND (id <= 4768100))

table 5 : explain SELECT id, c FROM sbtest5 WHERE id BETWEEN 4768000 AND 4768100
	Index Scan using sbtest5_pkey on sbtest5  (cost=0.43..443.40 rows=111 width=125)
	  Index Cond: ((id >= 4768000) AND (id <= 4768100))

table 6 : explain SELECT id, c FROM sbtest6 WHERE id BETWEEN 4768000 AND 4768100
	Index Scan using sbtest6_pkey on sbtest6  (cost=0.43..395.86 rows=99 width=125)
	  Index Cond: ((id >= 4768000) AND (id <= 4768100))

table 7 : explain SELECT id, c FROM sbtest7 WHERE id BETWEEN 4768000 AND 4768100
	Index Scan using sbtest7_pkey on sbtest7  (cost=0.43..387.61 rows=97 width=125)
	  Index Cond: ((id >= 4768000) AND (id <= 4768100))

table 8 : explain SELECT id, c FROM sbtest8 WHERE id BETWEEN 4768000 AND 4768100
	Index Scan using sbtest8_pkey on sbtest8  (cost=0.43..392.50 rows=98 width=125)
	  Index Cond: ((id >= 4768000) AND (id <= 4768100))

explain: for range-notcovered :: explain SELECT id, c FROM sbtest%d WHERE id BETWEEN 4768000 AND 4768100
for range-notcovered
table 1 : explain SELECT id, c FROM sbtest1 WHERE id BETWEEN 3306205 AND 3306305
	Index Scan using sbtest1_pkey on sbtest1  (cost=0.43..412.93 rows=103 width=125)
	  Index Cond: ((id >= 3306205) AND (id <= 3306305))

table 2 : explain SELECT id, c FROM sbtest2 WHERE id BETWEEN 3306205 AND 3306305
	Index Scan using sbtest2_pkey on sbtest2  (cost=0.43..427.59 rows=107 width=125)
	  Index Cond: ((id >= 3306205) AND (id <= 3306305))

table 3 : explain SELECT id, c FROM sbtest3 WHERE id BETWEEN 3306205 AND 3306305
	Index Scan using sbtest3_pkey on sbtest3  (cost=0.43..376.91 rows=94 width=125)
	  Index Cond: ((id >= 3306205) AND (id <= 3306305))

table 4 : explain SELECT id, c FROM sbtest4 WHERE id BETWEEN 3306205 AND 3306305
	Index Scan using sbtest4_pkey on sbtest4  (cost=0.43..365.00 rows=91 width=125)
	  Index Cond: ((id >= 3306205) AND (id <= 3306305))

table 5 : explain SELECT id, c FROM sbtest5 WHERE id BETWEEN 3306205 AND 3306305
	Index Scan using sbtest5_pkey on sbtest5  (cost=0.43..348.49 rows=87 width=125)
	  Index Cond: ((id >= 3306205) AND (id <= 3306305))

table 6 : explain SELECT id, c FROM sbtest6 WHERE id BETWEEN 3306205 AND 3306305
	Index Scan using sbtest6_pkey on sbtest6  (cost=0.43..352.36 rows=88 width=125)
	  Index Cond: ((id >= 3306205) AND (id <= 3306305))

table 7 : explain SELECT id, c FROM sbtest7 WHERE id BETWEEN 3306205 AND 3306305
	Index Scan using sbtest7_pkey on sbtest7  (cost=0.43..379.71 rows=95 width=125)
	  Index Cond: ((id >= 3306205) AND (id <= 3306305))

table 8 : explain SELECT id, c FROM sbtest8 WHERE id BETWEEN 3306205 AND 3306305
	Index Scan using sbtest8_pkey on sbtest8  (cost=0.43..380.62 rows=95 width=125)
	  Index Cond: ((id >= 3306205) AND (id <= 3306305))

for range-notcovered
table 1 : explain SELECT id, c FROM sbtest1 WHERE id BETWEEN 2125093 AND 2125193
	Index Scan using sbtest1_pkey on sbtest1  (cost=0.43..412.93 rows=103 width=125)
	  Index Cond: ((id >= 2125093) AND (id <= 2125193))

table 2 : explain SELECT id, c FROM sbtest2 WHERE id BETWEEN 2125093 AND 2125193
	Index Scan using sbtest2_pkey on sbtest2  (cost=0.43..407.82 rows=102 width=125)
	  Index Cond: ((id >= 2125093) AND (id <= 2125193))

table 3 : explain SELECT id, c FROM sbtest3 WHERE id BETWEEN 2125093 AND 2125193
	Index Scan using sbtest3_pkey on sbtest3  (cost=0.43..368.99 rows=92 width=125)
	  Index Cond: ((id >= 2125093) AND (id <= 2125193))

table 4 : explain SELECT id, c FROM sbtest4 WHERE id BETWEEN 2125093 AND 2125193
	Index Scan using sbtest4_pkey on sbtest4  (cost=0.43..412.55 rows=103 width=125)
	  Index Cond: ((id >= 2125093) AND (id <= 2125193))

table 5 : explain SELECT id, c FROM sbtest5 WHERE id BETWEEN 2125093 AND 2125193
	Index Scan using sbtest5_pkey on sbtest5  (cost=0.43..372.22 rows=93 width=125)
	  Index Cond: ((id >= 2125093) AND (id <= 2125193))

table 6 : explain SELECT id, c FROM sbtest6 WHERE id BETWEEN 2125093 AND 2125193
	Index Scan using sbtest6_pkey on sbtest6  (cost=0.43..403.76 rows=101 width=125)
	  Index Cond: ((id >= 2125093) AND (id <= 2125193))

table 7 : explain SELECT id, c FROM sbtest7 WHERE id BETWEEN 2125093 AND 2125193
	Index Scan using sbtest7_pkey on sbtest7  (cost=0.43..462.66 rows=116 width=125)
	  Index Cond: ((id >= 2125093) AND (id <= 2125193))

table 8 : explain SELECT id, c FROM sbtest8 WHERE id BETWEEN 2125093 AND 2125193
	Index Scan using sbtest8_pkey on sbtest8  (cost=0.43..432.10 rows=108 width=125)
	  Index Cond: ((id >= 2125093) AND (id <= 2125193))

explain: for range-notcovered :: explain SELECT id, c FROM sbtest%d WHERE id BETWEEN 3306205 AND 3306305
explain: for range-notcovered :: explain SELECT id, c FROM sbtest%d WHERE id BETWEEN 2125093 AND 2125193
for range-notcovered
table 1 : explain SELECT id, c FROM sbtest1 WHERE id BETWEEN 634350 AND 634450
	Index Scan using sbtest1_pkey on sbtest1  (cost=0.43..385.16 rows=96 width=125)
	  Index Cond: ((id >= 634350) AND (id <= 634450))

table 2 : explain SELECT id, c FROM sbtest2 WHERE id BETWEEN 634350 AND 634450
	Index Scan using sbtest2_pkey on sbtest2  (cost=0.43..427.59 rows=107 width=125)
	  Index Cond: ((id >= 634350) AND (id <= 634450))

table 3 : explain SELECT id, c FROM sbtest3 WHERE id BETWEEN 634350 AND 634450
	Index Scan using sbtest3_pkey on sbtest3  (cost=0.43..396.72 rows=99 width=125)
	  Index Cond: ((id >= 634350) AND (id <= 634450))

table 4 : explain SELECT id, c FROM sbtest4 WHERE id BETWEEN 634350 AND 634450
	Index Scan using sbtest4_pkey on sbtest4  (cost=0.43..424.43 rows=106 width=125)
	  Index Cond: ((id >= 634350) AND (id <= 634450))

table 5 : explain SELECT id, c FROM sbtest5 WHERE id BETWEEN 634350 AND 634450
	Index Scan using sbtest5_pkey on sbtest5  (cost=0.43..399.91 rows=100 width=125)
	  Index Cond: ((id >= 634350) AND (id <= 634450))

table 6 : explain SELECT id, c FROM sbtest6 WHERE id BETWEEN 634350 AND 634450
	Index Scan using sbtest6_pkey on sbtest6  (cost=0.43..387.93 rows=97 width=125)
	  Index Cond: ((id >= 634350) AND (id <= 634450))

table 7 : explain SELECT id, c FROM sbtest7 WHERE id BETWEEN 634350 AND 634450
	Index Scan using sbtest7_pkey on sbtest7  (cost=0.43..415.27 rows=104 width=125)
	  Index Cond: ((id >= 634350) AND (id <= 634450))

table 8 : explain SELECT id, c FROM sbtest8 WHERE id BETWEEN 634350 AND 634450
	Index Scan using sbtest8_pkey on sbtest8  (cost=0.43..428.14 rows=107 width=125)
	  Index Cond: ((id >= 634350) AND (id <= 634450))

explain: for range-notcovered :: explain SELECT id, c FROM sbtest%d WHERE id BETWEEN 634350 AND 634450
for range-notcovered
table 1 : explain SELECT id, c FROM sbtest1 WHERE id BETWEEN 5365206 AND 5365306
	Index Scan using sbtest1_pkey on sbtest1  (cost=0.43..436.72 rows=109 width=125)
	  Index Cond: ((id >= 5365206) AND (id <= 5365306))

table 2 : explain SELECT id, c FROM sbtest2 WHERE id BETWEEN 5365206 AND 5365306
	Index Scan using sbtest2_pkey on sbtest2  (cost=0.43..407.82 rows=102 width=125)
	  Index Cond: ((id >= 5365206) AND (id <= 5365306))

table 3 : explain SELECT id, c FROM sbtest3 WHERE id BETWEEN 5365206 AND 5365306
	Index Scan using sbtest3_pkey on sbtest3  (cost=0.43..424.46 rows=106 width=125)
	  Index Cond: ((id >= 5365206) AND (id <= 5365306))

table 4 : explain SELECT id, c FROM sbtest4 WHERE id BETWEEN 5365206 AND 5365306
	Index Scan using sbtest4_pkey on sbtest4  (cost=0.43..440.28 rows=110 width=125)
	  Index Cond: ((id >= 5365206) AND (id <= 5365306))

table 5 : explain SELECT id, c FROM sbtest5 WHERE id BETWEEN 5365206 AND 5365306
	Index Scan using sbtest5_pkey on sbtest5  (cost=0.43..411.77 rows=103 width=125)
	  Index Cond: ((id >= 5365206) AND (id <= 5365306))

table 6 : explain SELECT id, c FROM sbtest6 WHERE id BETWEEN 5365206 AND 5365306
	Index Scan using sbtest6_pkey on sbtest6  (cost=0.43..383.98 rows=96 width=125)
	  Index Cond: ((id >= 5365206) AND (id <= 5365306))

table 7 : explain SELECT id, c FROM sbtest7 WHERE id BETWEEN 5365206 AND 5365306
	Index Scan using sbtest7_pkey on sbtest7  (cost=0.43..391.55 rows=98 width=125)
	  Index Cond: ((id >= 5365206) AND (id <= 5365306))

table 8 : explain SELECT id, c FROM sbtest8 WHERE id BETWEEN 5365206 AND 5365306
	Index Scan using sbtest8_pkey on sbtest8  (cost=0.43..408.35 rows=102 width=125)
	  Index Cond: ((id >= 5365206) AND (id <= 5365306))

for range-notcovered
table 1 : explain SELECT id, c FROM sbtest1 WHERE id BETWEEN 4768000 AND 4768100
	Index Scan using sbtest1_pkey on sbtest1  (cost=0.43..412.93 rows=103 width=125)
	  Index Cond: ((id >= 4768000) AND (id <= 4768100))

table 2 : explain SELECT id, c FROM sbtest2 WHERE id BETWEEN 4768000 AND 4768100
	Index Scan using sbtest2_pkey on sbtest2  (cost=0.43..364.31 rows=91 width=125)
	  Index Cond: ((id >= 4768000) AND (id <= 4768100))

table 3 : explain SELECT id, c FROM sbtest3 WHERE id BETWEEN 4768000 AND 4768100
	Index Scan using sbtest3_pkey on sbtest3  (cost=0.43..392.76 rows=98 width=125)
	  Index Cond: ((id >= 4768000) AND (id <= 4768100))

table 4 : explain SELECT id, c FROM sbtest4 WHERE id BETWEEN 4768000 AND 4768100
	Index Scan using sbtest4_pkey on sbtest4  (cost=0.43..388.77 rows=97 width=125)
	  Index Cond: ((id >= 4768000) AND (id <= 4768100))

table 5 : explain SELECT id, c FROM sbtest5 WHERE id BETWEEN 4768000 AND 4768100
	Index Scan using sbtest5_pkey on sbtest5  (cost=0.43..443.40 rows=111 width=125)
	  Index Cond: ((id >= 4768000) AND (id <= 4768100))

table 6 : explain SELECT id, c FROM sbtest6 WHERE id BETWEEN 4768000 AND 4768100
	Index Scan using sbtest6_pkey on sbtest6  (cost=0.43..395.86 rows=99 width=125)
	  Index Cond: ((id >= 4768000) AND (id <= 4768100))

table 7 : explain SELECT id, c FROM sbtest7 WHERE id BETWEEN 4768000 AND 4768100
	Index Scan using sbtest7_pkey on sbtest7  (cost=0.43..387.61 rows=97 width=125)
	  Index Cond: ((id >= 4768000) AND (id <= 4768100))

table 8 : explain SELECT id, c FROM sbtest8 WHERE id BETWEEN 4768000 AND 4768100
	Index Scan using sbtest8_pkey on sbtest8  (cost=0.43..392.50 rows=98 width=125)
	  Index Cond: ((id >= 4768000) AND (id <= 4768100))

for range-notcovered
table 1 : explain SELECT id, c FROM sbtest1 WHERE id BETWEEN 6732512 AND 6732612
	Index Scan using sbtest1_pkey on sbtest1  (cost=0.43..404.99 rows=101 width=125)
	  Index Cond: ((id >= 6732512) AND (id <= 6732612))

table 2 : explain SELECT id, c FROM sbtest2 WHERE id BETWEEN 6732512 AND 6732612
	Index Scan using sbtest2_pkey on sbtest2  (cost=0.43..403.87 rows=101 width=125)
	  Index Cond: ((id >= 6732512) AND (id <= 6732612))

table 3 : explain SELECT id, c FROM sbtest3 WHERE id BETWEEN 6732512 AND 6732612
	Index Scan using sbtest3_pkey on sbtest3  (cost=0.43..392.76 rows=98 width=125)
	  Index Cond: ((id >= 6732512) AND (id <= 6732612))

table 4 : explain SELECT id, c FROM sbtest4 WHERE id BETWEEN 6732512 AND 6732612
	Index Scan using sbtest4_pkey on sbtest4  (cost=0.43..396.69 rows=99 width=125)
	  Index Cond: ((id >= 6732512) AND (id <= 6732612))

table 5 : explain SELECT id, c FROM sbtest5 WHERE id BETWEEN 6732512 AND 6732612
	Index Scan using sbtest5_pkey on sbtest5  (cost=0.43..423.63 rows=106 width=125)
	  Index Cond: ((id >= 6732512) AND (id <= 6732612))

table 6 : explain SELECT id, c FROM sbtest6 WHERE id BETWEEN 6732512 AND 6732612
	Index Scan using sbtest6_pkey on sbtest6  (cost=0.43..435.38 rows=109 width=125)
	  Index Cond: ((id >= 6732512) AND (id <= 6732612))

table 7 : explain SELECT id, c FROM sbtest7 WHERE id BETWEEN 6732512 AND 6732612
	Index Scan using sbtest7_pkey on sbtest7  (cost=0.43..379.71 rows=95 width=125)
	  Index Cond: ((id >= 6732512) AND (id <= 6732612))

table 8 : explain SELECT id, c FROM sbtest8 WHERE id BETWEEN 6732512 AND 6732612
	Index Scan using sbtest8_pkey on sbtest8  (cost=0.43..400.43 rows=100 width=125)
	  Index Cond: ((id >= 6732512) AND (id <= 6732612))

for range-notcovered
table 1 : explain SELECT id, c FROM sbtest1 WHERE id BETWEEN 8901063 AND 8901163
	Index Scan using sbtest1_pkey on sbtest1  (cost=0.43..424.83 rows=106 width=125)
	  Index Cond: ((id >= 8901063) AND (id <= 8901163))

table 2 : explain SELECT id, c FROM sbtest2 WHERE id BETWEEN 8901063 AND 8901163
	Index Scan using sbtest2_pkey on sbtest2  (cost=0.43..395.94 rows=99 width=125)
	  Index Cond: ((id >= 8901063) AND (id <= 8901163))

table 3 : explain SELECT id, c FROM sbtest3 WHERE id BETWEEN 8901063 AND 8901163
	Index Scan using sbtest3_pkey on sbtest3  (cost=0.43..408.62 rows=102 width=125)
	  Index Cond: ((id >= 8901063) AND (id <= 8901163))

table 4 : explain SELECT id, c FROM sbtest4 WHERE id BETWEEN 8901063 AND 8901163
	Index Scan using sbtest4_pkey on sbtest4  (cost=0.43..404.63 rows=101 width=125)
	  Index Cond: ((id >= 8901063) AND (id <= 8901163))

table 5 : explain SELECT id, c FROM sbtest5 WHERE id BETWEEN 8901063 AND 8901163
	Index Scan using sbtest5_pkey on sbtest5  (cost=0.43..399.91 rows=100 width=125)
	  Index Cond: ((id >= 8901063) AND (id <= 8901163))

table 6 : explain SELECT id, c FROM sbtest6 WHERE id BETWEEN 8901063 AND 8901163
	Index Scan using sbtest6_pkey on sbtest6  (cost=0.43..391.89 rows=98 width=125)
	  Index Cond: ((id >= 8901063) AND (id <= 8901163))

table 7 : explain SELECT id, c FROM sbtest7 WHERE id BETWEEN 8901063 AND 8901163
	Index Scan using sbtest7_pkey on sbtest7  (cost=0.43..391.55 rows=98 width=125)
	  Index Cond: ((id >= 8901063) AND (id <= 8901163))

table 8 : explain SELECT id, c FROM sbtest8 WHERE id BETWEEN 8901063 AND 8901163
	Index Scan using sbtest8_pkey on sbtest8  (cost=0.43..400.43 rows=100 width=125)
	  Index Cond: ((id >= 8901063) AND (id <= 8901163))

explain: for range-notcovered :: explain SELECT id, c FROM sbtest%d WHERE id BETWEEN 4768000 AND 4768100
explain: for range-notcovered :: explain SELECT id, c FROM sbtest%d WHERE id BETWEEN 6732512 AND 6732612
explain: for range-notcovered :: explain SELECT id, c FROM sbtest%d WHERE id BETWEEN 5365206 AND 5365306
explain: for range-notcovered :: explain SELECT id, c FROM sbtest%d WHERE id BETWEEN 8901063 AND 8901163
for range-notcovered
table 1 : explain SELECT id, c FROM sbtest1 WHERE id BETWEEN 3306205 AND 3306305
	Index Scan using sbtest1_pkey on sbtest1  (cost=0.43..412.93 rows=103 width=125)
	  Index Cond: ((id >= 3306205) AND (id <= 3306305))

table 2 : explain SELECT id, c FROM sbtest2 WHERE id BETWEEN 3306205 AND 3306305
	Index Scan using sbtest2_pkey on sbtest2  (cost=0.43..427.59 rows=107 width=125)
	  Index Cond: ((id >= 3306205) AND (id <= 3306305))

table 3 : explain SELECT id, c FROM sbtest3 WHERE id BETWEEN 3306205 AND 3306305
	Index Scan using sbtest3_pkey on sbtest3  (cost=0.43..376.91 rows=94 width=125)
	  Index Cond: ((id >= 3306205) AND (id <= 3306305))

table 4 : explain SELECT id, c FROM sbtest4 WHERE id BETWEEN 3306205 AND 3306305
	Index Scan using sbtest4_pkey on sbtest4  (cost=0.43..365.00 rows=91 width=125)
	  Index Cond: ((id >= 3306205) AND (id <= 3306305))

table 5 : explain SELECT id, c FROM sbtest5 WHERE id BETWEEN 3306205 AND 3306305
	Index Scan using sbtest5_pkey on sbtest5  (cost=0.43..348.49 rows=87 width=125)
	  Index Cond: ((id >= 3306205) AND (id <= 3306305))

table 6 : explain SELECT id, c FROM sbtest6 WHERE id BETWEEN 3306205 AND 3306305
	Index Scan using sbtest6_pkey on sbtest6  (cost=0.43..352.36 rows=88 width=125)
	  Index Cond: ((id >= 3306205) AND (id <= 3306305))

table 7 : explain SELECT id, c FROM sbtest7 WHERE id BETWEEN 3306205 AND 3306305
	Index Scan using sbtest7_pkey on sbtest7  (cost=0.43..379.71 rows=95 width=125)
	  Index Cond: ((id >= 3306205) AND (id <= 3306305))

table 8 : explain SELECT id, c FROM sbtest8 WHERE id BETWEEN 3306205 AND 3306305
	Index Scan using sbtest8_pkey on sbtest8  (cost=0.43..380.62 rows=95 width=125)
	  Index Cond: ((id >= 3306205) AND (id <= 3306305))

explain: for range-notcovered :: explain SELECT id, c FROM sbtest%d WHERE id BETWEEN 3306205 AND 3306305
for range-notcovered
table 1 : explain SELECT id, c FROM sbtest1 WHERE id BETWEEN 4695012 AND 4695112
	Index Scan using sbtest1_pkey on sbtest1  (cost=0.43..389.13 rows=97 width=125)
	  Index Cond: ((id >= 4695012) AND (id <= 4695112))

table 2 : explain SELECT id, c FROM sbtest2 WHERE id BETWEEN 4695012 AND 4695112
	Index Scan using sbtest2_pkey on sbtest2  (cost=0.43..395.94 rows=99 width=125)
	  Index Cond: ((id >= 4695012) AND (id <= 4695112))

table 3 : explain SELECT id, c FROM sbtest3 WHERE id BETWEEN 4695012 AND 4695112
	Index Scan using sbtest3_pkey on sbtest3  (cost=0.43..380.87 rows=95 width=125)
	  Index Cond: ((id >= 4695012) AND (id <= 4695112))

table 4 : explain SELECT id, c FROM sbtest4 WHERE id BETWEEN 4695012 AND 4695112
	Index Scan using sbtest4_pkey on sbtest4  (cost=0.43..424.43 rows=106 width=125)
	  Index Cond: ((id >= 4695012) AND (id <= 4695112))

table 5 : explain SELECT id, c FROM sbtest5 WHERE id BETWEEN 4695012 AND 4695112
	Index Scan using sbtest5_pkey on sbtest5  (cost=0.43..427.58 rows=107 width=125)
	  Index Cond: ((id >= 4695012) AND (id <= 4695112))

table 6 : explain SELECT id, c FROM sbtest6 WHERE id BETWEEN 4695012 AND 4695112
	Index Scan using sbtest6_pkey on sbtest6  (cost=0.43..368.17 rows=92 width=125)
	  Index Cond: ((id >= 4695012) AND (id <= 4695112))

table 7 : explain SELECT id, c FROM sbtest7 WHERE id BETWEEN 4695012 AND 4695112
	Index Scan using sbtest7_pkey on sbtest7  (cost=0.43..403.42 rows=101 width=125)
	  Index Cond: ((id >= 4695012) AND (id <= 4695112))

table 8 : explain SELECT id, c FROM sbtest8 WHERE id BETWEEN 4695012 AND 4695112
	Index Scan using sbtest8_pkey on sbtest8  (cost=0.43..392.50 rows=98 width=125)
	  Index Cond: ((id >= 4695012) AND (id <= 4695112))

explain: for range-notcovered :: explain SELECT id, c FROM sbtest%d WHERE id BETWEEN 4695012 AND 4695112
for range-notcovered
table 1 : explain SELECT id, c FROM sbtest1 WHERE id BETWEEN 2678762 AND 2678862
	Index Scan using sbtest1_pkey on sbtest1  (cost=0.43..373.27 rows=93 width=125)
	  Index Cond: ((id >= 2678762) AND (id <= 2678862))

table 2 : explain SELECT id, c FROM sbtest2 WHERE id BETWEEN 2678762 AND 2678862
	Index Scan using sbtest2_pkey on sbtest2  (cost=0.43..395.94 rows=99 width=125)
	  Index Cond: ((id >= 2678762) AND (id <= 2678862))

table 3 : explain SELECT id, c FROM sbtest3 WHERE id BETWEEN 2678762 AND 2678862
	Index Scan using sbtest3_pkey on sbtest3  (cost=0.43..365.02 rows=91 width=125)
	  Index Cond: ((id >= 2678762) AND (id <= 2678862))

table 4 : explain SELECT id, c FROM sbtest4 WHERE id BETWEEN 2678762 AND 2678862
	Index Scan using sbtest4_pkey on sbtest4  (cost=0.43..384.80 rows=96 width=125)
	  Index Cond: ((id >= 2678762) AND (id <= 2678862))

table 5 : explain SELECT id, c FROM sbtest5 WHERE id BETWEEN 2678762 AND 2678862
	Index Scan using sbtest5_pkey on sbtest5  (cost=0.43..451.30 rows=113 width=125)
	  Index Cond: ((id >= 2678762) AND (id <= 2678862))

table 6 : explain SELECT id, c FROM sbtest6 WHERE id BETWEEN 2678762 AND 2678862
	Index Scan using sbtest6_pkey on sbtest6  (cost=0.43..407.71 rows=102 width=125)
	  Index Cond: ((id >= 2678762) AND (id <= 2678862))

table 7 : explain SELECT id, c FROM sbtest7 WHERE id BETWEEN 2678762 AND 2678862
	Index Scan using sbtest7_pkey on sbtest7  (cost=0.43..415.27 rows=104 width=125)
	  Index Cond: ((id >= 2678762) AND (id <= 2678862))

table 8 : explain SELECT id, c FROM sbtest8 WHERE id BETWEEN 2678762 AND 2678862
	Index Scan using sbtest8_pkey on sbtest8  (cost=0.43..380.62 rows=95 width=125)
	  Index Cond: ((id >= 2678762) AND (id <= 2678862))

for range-notcovered
table 1 : explain SELECT id, c FROM sbtest1 WHERE id BETWEEN 4768000 AND 4768100
	Index Scan using sbtest1_pkey on sbtest1  (cost=0.43..412.93 rows=103 width=125)
	  Index Cond: ((id >= 4768000) AND (id <= 4768100))

table 2 : explain SELECT id, c FROM sbtest2 WHERE id BETWEEN 4768000 AND 4768100
	Index Scan using sbtest2_pkey on sbtest2  (cost=0.43..364.31 rows=91 width=125)
	  Index Cond: ((id >= 4768000) AND (id <= 4768100))

table 3 : explain SELECT id, c FROM sbtest3 WHERE id BETWEEN 4768000 AND 4768100
	Index Scan using sbtest3_pkey on sbtest3  (cost=0.43..392.76 rows=98 width=125)
	  Index Cond: ((id >= 4768000) AND (id <= 4768100))

table 4 : explain SELECT id, c FROM sbtest4 WHERE id BETWEEN 4768000 AND 4768100
	Index Scan using sbtest4_pkey on sbtest4  (cost=0.43..388.77 rows=97 width=125)
	  Index Cond: ((id >= 4768000) AND (id <= 4768100))

table 5 : explain SELECT id, c FROM sbtest5 WHERE id BETWEEN 4768000 AND 4768100
	Index Scan using sbtest5_pkey on sbtest5  (cost=0.43..443.40 rows=111 width=125)
	  Index Cond: ((id >= 4768000) AND (id <= 4768100))

table 6 : explain SELECT id, c FROM sbtest6 WHERE id BETWEEN 4768000 AND 4768100
	Index Scan using sbtest6_pkey on sbtest6  (cost=0.43..395.86 rows=99 width=125)
	  Index Cond: ((id >= 4768000) AND (id <= 4768100))

table 7 : explain SELECT id, c FROM sbtest7 WHERE id BETWEEN 4768000 AND 4768100
	Index Scan using sbtest7_pkey on sbtest7  (cost=0.43..387.61 rows=97 width=125)
	  Index Cond: ((id >= 4768000) AND (id <= 4768100))

table 8 : explain SELECT id, c FROM sbtest8 WHERE id BETWEEN 4768000 AND 4768100
	Index Scan using sbtest8_pkey on sbtest8  (cost=0.43..392.50 rows=98 width=125)
	  Index Cond: ((id >= 4768000) AND (id <= 4768100))

explain: for range-notcovered :: explain SELECT id, c FROM sbtest%d WHERE id BETWEEN 4768000 AND 4768100
for range-notcovered
table 1 : explain SELECT id, c FROM sbtest1 WHERE id BETWEEN 3306205 AND 3306305
	Index Scan using sbtest1_pkey on sbtest1  (cost=0.43..412.93 rows=103 width=125)
	  Index Cond: ((id >= 3306205) AND (id <= 3306305))

table 2 : explain SELECT id, c FROM sbtest2 WHERE id BETWEEN 3306205 AND 3306305
	Index Scan using sbtest2_pkey on sbtest2  (cost=0.43..427.59 rows=107 width=125)
	  Index Cond: ((id >= 3306205) AND (id <= 3306305))

table 3 : explain SELECT id, c FROM sbtest3 WHERE id BETWEEN 3306205 AND 3306305
	Index Scan using sbtest3_pkey on sbtest3  (cost=0.43..376.91 rows=94 width=125)
	  Index Cond: ((id >= 3306205) AND (id <= 3306305))

table 4 : explain SELECT id, c FROM sbtest4 WHERE id BETWEEN 3306205 AND 3306305
	Index Scan using sbtest4_pkey on sbtest4  (cost=0.43..365.00 rows=91 width=125)
	  Index Cond: ((id >= 3306205) AND (id <= 3306305))

table 5 : explain SELECT id, c FROM sbtest5 WHERE id BETWEEN 3306205 AND 3306305
	Index Scan using sbtest5_pkey on sbtest5  (cost=0.43..348.49 rows=87 width=125)
	  Index Cond: ((id >= 3306205) AND (id <= 3306305))

table 6 : explain SELECT id, c FROM sbtest6 WHERE id BETWEEN 3306205 AND 3306305
	Index Scan using sbtest6_pkey on sbtest6  (cost=0.43..352.36 rows=88 width=125)
	  Index Cond: ((id >= 3306205) AND (id <= 3306305))

table 7 : explain SELECT id, c FROM sbtest7 WHERE id BETWEEN 3306205 AND 3306305
	Index Scan using sbtest7_pkey on sbtest7  (cost=0.43..379.71 rows=95 width=125)
	  Index Cond: ((id >= 3306205) AND (id <= 3306305))

table 8 : explain SELECT id, c FROM sbtest8 WHERE id BETWEEN 3306205 AND 3306305
	Index Scan using sbtest8_pkey on sbtest8  (cost=0.43..380.62 rows=95 width=125)
	  Index Cond: ((id >= 3306205) AND (id <= 3306305))

for range-notcovered
table 1 : explain SELECT id, c FROM sbtest1 WHERE id BETWEEN 8901063 AND 8901163
	Index Scan using sbtest1_pkey on sbtest1  (cost=0.43..424.83 rows=106 width=125)
	  Index Cond: ((id >= 8901063) AND (id <= 8901163))

table 2 : explain SELECT id, c FROM sbtest2 WHERE id BETWEEN 8901063 AND 8901163
	Index Scan using sbtest2_pkey on sbtest2  (cost=0.43..395.94 rows=99 width=125)
	  Index Cond: ((id >= 8901063) AND (id <= 8901163))

table 3 : explain SELECT id, c FROM sbtest3 WHERE id BETWEEN 8901063 AND 8901163
	Index Scan using sbtest3_pkey on sbtest3  (cost=0.43..408.62 rows=102 width=125)
	  Index Cond: ((id >= 8901063) AND (id <= 8901163))

table 4 : explain SELECT id, c FROM sbtest4 WHERE id BETWEEN 8901063 AND 8901163
	Index Scan using sbtest4_pkey on sbtest4  (cost=0.43..404.63 rows=101 width=125)
	  Index Cond: ((id >= 8901063) AND (id <= 8901163))

table 5 : explain SELECT id, c FROM sbtest5 WHERE id BETWEEN 8901063 AND 8901163
	Index Scan using sbtest5_pkey on sbtest5  (cost=0.43..399.91 rows=100 width=125)
	  Index Cond: ((id >= 8901063) AND (id <= 8901163))

table 6 : explain SELECT id, c FROM sbtest6 WHERE id BETWEEN 8901063 AND 8901163
	Index Scan using sbtest6_pkey on sbtest6  (cost=0.43..391.89 rows=98 width=125)
	  Index Cond: ((id >= 8901063) AND (id <= 8901163))

table 7 : explain SELECT id, c FROM sbtest7 WHERE id BETWEEN 8901063 AND 8901163
	Index Scan using sbtest7_pkey on sbtest7  (cost=0.43..391.55 rows=98 width=125)
	  Index Cond: ((id >= 8901063) AND (id <= 8901163))

table 8 : explain SELECT id, c FROM sbtest8 WHERE id BETWEEN 8901063 AND 8901163
	Index Scan using sbtest8_pkey on sbtest8  (cost=0.43..400.43 rows=100 width=125)
	  Index Cond: ((id >= 8901063) AND (id <= 8901163))

for range-notcovered
table 1 : explain SELECT id, c FROM sbtest1 WHERE id BETWEEN 5379296 AND 5379396
	Index Scan using sbtest1_pkey on sbtest1  (cost=0.43..436.72 rows=109 width=125)
	  Index Cond: ((id >= 5379296) AND (id <= 5379396))

table 2 : explain SELECT id, c FROM sbtest2 WHERE id BETWEEN 5379296 AND 5379396
	Index Scan using sbtest2_pkey on sbtest2  (cost=0.43..407.82 rows=102 width=125)
	  Index Cond: ((id >= 5379296) AND (id <= 5379396))

table 3 : explain SELECT id, c FROM sbtest3 WHERE id BETWEEN 5379296 AND 5379396
	Index Scan using sbtest3_pkey on sbtest3  (cost=0.43..424.46 rows=106 width=125)
	  Index Cond: ((id >= 5379296) AND (id <= 5379396))

table 4 : explain SELECT id, c FROM sbtest4 WHERE id BETWEEN 5379296 AND 5379396
	Index Scan using sbtest4_pkey on sbtest4  (cost=0.43..440.28 rows=110 width=125)
	  Index Cond: ((id >= 5379296) AND (id <= 5379396))

table 5 : explain SELECT id, c FROM sbtest5 WHERE id BETWEEN 5379296 AND 5379396
	Index Scan using sbtest5_pkey on sbtest5  (cost=0.43..411.77 rows=103 width=125)
	  Index Cond: ((id >= 5379296) AND (id <= 5379396))

table 6 : explain SELECT id, c FROM sbtest6 WHERE id BETWEEN 5379296 AND 5379396
	Index Scan using sbtest6_pkey on sbtest6  (cost=0.43..383.98 rows=96 width=125)
	  Index Cond: ((id >= 5379296) AND (id <= 5379396))

table 7 : explain SELECT id, c FROM sbtest7 WHERE id BETWEEN 5379296 AND 5379396
	Index Scan using sbtest7_pkey on sbtest7  (cost=0.43..391.55 rows=98 width=125)
	  Index Cond: ((id >= 5379296) AND (id <= 5379396))

table 8 : explain SELECT id, c FROM sbtest8 WHERE id BETWEEN 5379296 AND 5379396
	Index Scan using sbtest8_pkey on sbtest8  (cost=0.43..408.35 rows=102 width=125)
	  Index Cond: ((id >= 5379296) AND (id <= 5379396))

for range-notcovered
table 1 : explain SELECT id, c FROM sbtest1 WHERE id BETWEEN 5365206 AND 5365306
	Index Scan using sbtest1_pkey on sbtest1  (cost=0.43..436.72 rows=109 width=125)
	  Index Cond: ((id >= 5365206) AND (id <= 5365306))

table 2 : explain SELECT id, c FROM sbtest2 WHERE id BETWEEN 5365206 AND 5365306
	Index Scan using sbtest2_pkey on sbtest2  (cost=0.43..407.82 rows=102 width=125)
	  Index Cond: ((id >= 5365206) AND (id <= 5365306))

table 3 : explain SELECT id, c FROM sbtest3 WHERE id BETWEEN 5365206 AND 5365306
	Index Scan using sbtest3_pkey on sbtest3  (cost=0.43..424.46 rows=106 width=125)
	  Index Cond: ((id >= 5365206) AND (id <= 5365306))

table 4 : explain SELECT id, c FROM sbtest4 WHERE id BETWEEN 5365206 AND 5365306
	Index Scan using sbtest4_pkey on sbtest4  (cost=0.43..440.28 rows=110 width=125)
	  Index Cond: ((id >= 5365206) AND (id <= 5365306))

table 5 : explain SELECT id, c FROM sbtest5 WHERE id BETWEEN 5365206 AND 5365306
	Index Scan using sbtest5_pkey on sbtest5  (cost=0.43..411.77 rows=103 width=125)
	  Index Cond: ((id >= 5365206) AND (id <= 5365306))

table 6 : explain SELECT id, c FROM sbtest6 WHERE id BETWEEN 5365206 AND 5365306
	Index Scan using sbtest6_pkey on sbtest6  (cost=0.43..383.98 rows=96 width=125)
	  Index Cond: ((id >= 5365206) AND (id <= 5365306))

table 7 : explain SELECT id, c FROM sbtest7 WHERE id BETWEEN 5365206 AND 5365306
	Index Scan using sbtest7_pkey on sbtest7  (cost=0.43..391.55 rows=98 width=125)
	  Index Cond: ((id >= 5365206) AND (id <= 5365306))

table 8 : explain SELECT id, c FROM sbtest8 WHERE id BETWEEN 5365206 AND 5365306
	Index Scan using sbtest8_pkey on sbtest8  (cost=0.43..408.35 rows=102 width=125)
	  Index Cond: ((id >= 5365206) AND (id <= 5365306))

explain: for range-notcovered :: explain SELECT id, c FROM sbtest%d WHERE id BETWEEN 3306205 AND 3306305
explain: for range-notcovered :: explain SELECT id, c FROM sbtest%d WHERE id BETWEEN 5379296 AND 5379396
explain: for range-notcovered :: explain SELECT id, c FROM sbtest%d WHERE id BETWEEN 5365206 AND 5365306
for range-notcovered
table 1 : explain SELECT id, c FROM sbtest1 WHERE id BETWEEN 4695012 AND 4695112
	Index Scan using sbtest1_pkey on sbtest1  (cost=0.43..389.13 rows=97 width=125)
	  Index Cond: ((id >= 4695012) AND (id <= 4695112))

table 2 : explain SELECT id, c FROM sbtest2 WHERE id BETWEEN 4695012 AND 4695112
	Index Scan using sbtest2_pkey on sbtest2  (cost=0.43..395.94 rows=99 width=125)
	  Index Cond: ((id >= 4695012) AND (id <= 4695112))

table 3 : explain SELECT id, c FROM sbtest3 WHERE id BETWEEN 4695012 AND 4695112
	Index Scan using sbtest3_pkey on sbtest3  (cost=0.43..380.87 rows=95 width=125)
	  Index Cond: ((id >= 4695012) AND (id <= 4695112))

table 4 : explain SELECT id, c FROM sbtest4 WHERE id BETWEEN 4695012 AND 4695112
	Index Scan using sbtest4_pkey on sbtest4  (cost=0.43..424.43 rows=106 width=125)
	  Index Cond: ((id >= 4695012) AND (id <= 4695112))

table 5 : explain SELECT id, c FROM sbtest5 WHERE id BETWEEN 4695012 AND 4695112
	Index Scan using sbtest5_pkey on sbtest5  (cost=0.43..427.58 rows=107 width=125)
	  Index Cond: ((id >= 4695012) AND (id <= 4695112))

table 6 : explain SELECT id, c FROM sbtest6 WHERE id BETWEEN 4695012 AND 4695112
	Index Scan using sbtest6_pkey on sbtest6  (cost=0.43..368.17 rows=92 width=125)
	  Index Cond: ((id >= 4695012) AND (id <= 4695112))

table 7 : explain SELECT id, c FROM sbtest7 WHERE id BETWEEN 4695012 AND 4695112
	Index Scan using sbtest7_pkey on sbtest7  (cost=0.43..403.42 rows=101 width=125)
	  Index Cond: ((id >= 4695012) AND (id <= 4695112))

table 8 : explain SELECT id, c FROM sbtest8 WHERE id BETWEEN 4695012 AND 4695112
	Index Scan using sbtest8_pkey on sbtest8  (cost=0.43..392.50 rows=98 width=125)
	  Index Cond: ((id >= 4695012) AND (id <= 4695112))

explain: for range-notcovered :: explain SELECT id, c FROM sbtest%d WHERE id BETWEEN 7815877 AND 7815977
explain: for range-notcovered :: explain SELECT id, c FROM sbtest%d WHERE id BETWEEN 4695012 AND 4695112
explain: for range-notcovered :: explain SELECT id, c FROM sbtest%d WHERE id BETWEEN 9483046 AND 9483146
for range-notcovered
table 1 : explain SELECT id, c FROM sbtest1 WHERE id BETWEEN 4768000 AND 4768100
	Index Scan using sbtest1_pkey on sbtest1  (cost=0.43..412.93 rows=103 width=125)
	  Index Cond: ((id >= 4768000) AND (id <= 4768100))

table 2 : explain SELECT id, c FROM sbtest2 WHERE id BETWEEN 4768000 AND 4768100
	Index Scan using sbtest2_pkey on sbtest2  (cost=0.43..364.31 rows=91 width=125)
	  Index Cond: ((id >= 4768000) AND (id <= 4768100))

table 3 : explain SELECT id, c FROM sbtest3 WHERE id BETWEEN 4768000 AND 4768100
	Index Scan using sbtest3_pkey on sbtest3  (cost=0.43..392.76 rows=98 width=125)
	  Index Cond: ((id >= 4768000) AND (id <= 4768100))

table 4 : explain SELECT id, c FROM sbtest4 WHERE id BETWEEN 4768000 AND 4768100
	Index Scan using sbtest4_pkey on sbtest4  (cost=0.43..388.77 rows=97 width=125)
	  Index Cond: ((id >= 4768000) AND (id <= 4768100))

table 5 : explain SELECT id, c FROM sbtest5 WHERE id BETWEEN 4768000 AND 4768100
	Index Scan using sbtest5_pkey on sbtest5  (cost=0.43..443.40 rows=111 width=125)
	  Index Cond: ((id >= 4768000) AND (id <= 4768100))

table 6 : explain SELECT id, c FROM sbtest6 WHERE id BETWEEN 4768000 AND 4768100
	Index Scan using sbtest6_pkey on sbtest6  (cost=0.43..395.86 rows=99 width=125)
	  Index Cond: ((id >= 4768000) AND (id <= 4768100))

table 7 : explain SELECT id, c FROM sbtest7 WHERE id BETWEEN 4768000 AND 4768100
	Index Scan using sbtest7_pkey on sbtest7  (cost=0.43..387.61 rows=97 width=125)
	  Index Cond: ((id >= 4768000) AND (id <= 4768100))

table 8 : explain SELECT id, c FROM sbtest8 WHERE id BETWEEN 4768000 AND 4768100
	Index Scan using sbtest8_pkey on sbtest8  (cost=0.43..392.50 rows=98 width=125)
	  Index Cond: ((id >= 4768000) AND (id <= 4768100))

explain: for range-notcovered :: explain SELECT id, c FROM sbtest%d WHERE id BETWEEN 4768000 AND 4768100
for range-notcovered
table 1 : explain SELECT id, c FROM sbtest1 WHERE id BETWEEN 5365206 AND 5365306
	Index Scan using sbtest1_pkey on sbtest1  (cost=0.43..436.72 rows=109 width=125)
	  Index Cond: ((id >= 5365206) AND (id <= 5365306))

table 2 : explain SELECT id, c FROM sbtest2 WHERE id BETWEEN 5365206 AND 5365306
	Index Scan using sbtest2_pkey on sbtest2  (cost=0.43..407.82 rows=102 width=125)
	  Index Cond: ((id >= 5365206) AND (id <= 5365306))

table 3 : explain SELECT id, c FROM sbtest3 WHERE id BETWEEN 5365206 AND 5365306
	Index Scan using sbtest3_pkey on sbtest3  (cost=0.43..424.46 rows=106 width=125)
	  Index Cond: ((id >= 5365206) AND (id <= 5365306))

table 4 : explain SELECT id, c FROM sbtest4 WHERE id BETWEEN 5365206 AND 5365306
	Index Scan using sbtest4_pkey on sbtest4  (cost=0.43..440.28 rows=110 width=125)
	  Index Cond: ((id >= 5365206) AND (id <= 5365306))

table 5 : explain SELECT id, c FROM sbtest5 WHERE id BETWEEN 5365206 AND 5365306
	Index Scan using sbtest5_pkey on sbtest5  (cost=0.43..411.77 rows=103 width=125)
	  Index Cond: ((id >= 5365206) AND (id <= 5365306))

table 6 : explain SELECT id, c FROM sbtest6 WHERE id BETWEEN 5365206 AND 5365306
	Index Scan using sbtest6_pkey on sbtest6  (cost=0.43..383.98 rows=96 width=125)
	  Index Cond: ((id >= 5365206) AND (id <= 5365306))

table 7 : explain SELECT id, c FROM sbtest7 WHERE id BETWEEN 5365206 AND 5365306
	Index Scan using sbtest7_pkey on sbtest7  (cost=0.43..391.55 rows=98 width=125)
	  Index Cond: ((id >= 5365206) AND (id <= 5365306))

table 8 : explain SELECT id, c FROM sbtest8 WHERE id BETWEEN 5365206 AND 5365306
	Index Scan using sbtest8_pkey on sbtest8  (cost=0.43..408.35 rows=102 width=125)
	  Index Cond: ((id >= 5365206) AND (id <= 5365306))

for range-notcovered
table 1 : explain SELECT id, c FROM sbtest1 WHERE id BETWEEN 5379296 AND 5379396
	Index Scan using sbtest1_pkey on sbtest1  (cost=0.43..436.72 rows=109 width=125)
	  Index Cond: ((id >= 5379296) AND (id <= 5379396))

table 2 : explain SELECT id, c FROM sbtest2 WHERE id BETWEEN 5379296 AND 5379396
	Index Scan using sbtest2_pkey on sbtest2  (cost=0.43..407.82 rows=102 width=125)
	  Index Cond: ((id >= 5379296) AND (id <= 5379396))

table 3 : explain SELECT id, c FROM sbtest3 WHERE id BETWEEN 5379296 AND 5379396
	Index Scan using sbtest3_pkey on sbtest3  (cost=0.43..424.46 rows=106 width=125)
	  Index Cond: ((id >= 5379296) AND (id <= 5379396))

table 4 : explain SELECT id, c FROM sbtest4 WHERE id BETWEEN 5379296 AND 5379396
	Index Scan using sbtest4_pkey on sbtest4  (cost=0.43..440.28 rows=110 width=125)
	  Index Cond: ((id >= 5379296) AND (id <= 5379396))

table 5 : explain SELECT id, c FROM sbtest5 WHERE id BETWEEN 5379296 AND 5379396
	Index Scan using sbtest5_pkey on sbtest5  (cost=0.43..411.77 rows=103 width=125)
	  Index Cond: ((id >= 5379296) AND (id <= 5379396))

table 6 : explain SELECT id, c FROM sbtest6 WHERE id BETWEEN 5379296 AND 5379396
	Index Scan using sbtest6_pkey on sbtest6  (cost=0.43..383.98 rows=96 width=125)
	  Index Cond: ((id >= 5379296) AND (id <= 5379396))

table 7 : explain SELECT id, c FROM sbtest7 WHERE id BETWEEN 5379296 AND 5379396
	Index Scan using sbtest7_pkey on sbtest7  (cost=0.43..391.55 rows=98 width=125)
	  Index Cond: ((id >= 5379296) AND (id <= 5379396))

table 8 : explain SELECT id, c FROM sbtest8 WHERE id BETWEEN 5379296 AND 5379396
	Index Scan using sbtest8_pkey on sbtest8  (cost=0.43..408.35 rows=102 width=125)
	  Index Cond: ((id >= 5379296) AND (id <= 5379396))

explain: for range-notcovered :: explain SELECT id, c FROM sbtest%d WHERE id BETWEEN 5365206 AND 5365306
explain: for range-notcovered :: explain SELECT id, c FROM sbtest%d WHERE id BETWEEN 5379296 AND 5379396
for range-notcovered
table 1 : explain SELECT id, c FROM sbtest1 WHERE id BETWEEN 4695012 AND 4695112
	Index Scan using sbtest1_pkey on sbtest1  (cost=0.43..389.13 rows=97 width=125)
	  Index Cond: ((id >= 4695012) AND (id <= 4695112))

table 2 : explain SELECT id, c FROM sbtest2 WHERE id BETWEEN 4695012 AND 4695112
	Index Scan using sbtest2_pkey on sbtest2  (cost=0.43..395.94 rows=99 width=125)
	  Index Cond: ((id >= 4695012) AND (id <= 4695112))

table 3 : explain SELECT id, c FROM sbtest3 WHERE id BETWEEN 4695012 AND 4695112
	Index Scan using sbtest3_pkey on sbtest3  (cost=0.43..380.87 rows=95 width=125)
	  Index Cond: ((id >= 4695012) AND (id <= 4695112))

table 4 : explain SELECT id, c FROM sbtest4 WHERE id BETWEEN 4695012 AND 4695112
	Index Scan using sbtest4_pkey on sbtest4  (cost=0.43..424.43 rows=106 width=125)
	  Index Cond: ((id >= 4695012) AND (id <= 4695112))

table 5 : explain SELECT id, c FROM sbtest5 WHERE id BETWEEN 4695012 AND 4695112
	Index Scan using sbtest5_pkey on sbtest5  (cost=0.43..427.58 rows=107 width=125)
	  Index Cond: ((id >= 4695012) AND (id <= 4695112))

table 6 : explain SELECT id, c FROM sbtest6 WHERE id BETWEEN 4695012 AND 4695112
	Index Scan using sbtest6_pkey on sbtest6  (cost=0.43..368.17 rows=92 width=125)
	  Index Cond: ((id >= 4695012) AND (id <= 4695112))

table 7 : explain SELECT id, c FROM sbtest7 WHERE id BETWEEN 4695012 AND 4695112
	Index Scan using sbtest7_pkey on sbtest7  (cost=0.43..403.42 rows=101 width=125)
	  Index Cond: ((id >= 4695012) AND (id <= 4695112))

table 8 : explain SELECT id, c FROM sbtest8 WHERE id BETWEEN 4695012 AND 4695112
	Index Scan using sbtest8_pkey on sbtest8  (cost=0.43..392.50 rows=98 width=125)
	  Index Cond: ((id >= 4695012) AND (id <= 4695112))

for range-notcovered
table 1 : explain SELECT id, c FROM sbtest1 WHERE id BETWEEN 3306205 AND 3306305
	Index Scan using sbtest1_pkey on sbtest1  (cost=0.43..412.93 rows=103 width=125)
	  Index Cond: ((id >= 3306205) AND (id <= 3306305))

table 2 : explain SELECT id, c FROM sbtest2 WHERE id BETWEEN 3306205 AND 3306305
	Index Scan using sbtest2_pkey on sbtest2  (cost=0.43..427.59 rows=107 width=125)
	  Index Cond: ((id >= 3306205) AND (id <= 3306305))

table 3 : explain SELECT id, c FROM sbtest3 WHERE id BETWEEN 3306205 AND 3306305
	Index Scan using sbtest3_pkey on sbtest3  (cost=0.43..376.91 rows=94 width=125)
	  Index Cond: ((id >= 3306205) AND (id <= 3306305))

table 4 : explain SELECT id, c FROM sbtest4 WHERE id BETWEEN 3306205 AND 3306305
	Index Scan using sbtest4_pkey on sbtest4  (cost=0.43..365.00 rows=91 width=125)
	  Index Cond: ((id >= 3306205) AND (id <= 3306305))

table 5 : explain SELECT id, c FROM sbtest5 WHERE id BETWEEN 3306205 AND 3306305
	Index Scan using sbtest5_pkey on sbtest5  (cost=0.43..348.49 rows=87 width=125)
	  Index Cond: ((id >= 3306205) AND (id <= 3306305))

table 6 : explain SELECT id, c FROM sbtest6 WHERE id BETWEEN 3306205 AND 3306305
	Index Scan using sbtest6_pkey on sbtest6  (cost=0.43..352.36 rows=88 width=125)
	  Index Cond: ((id >= 3306205) AND (id <= 3306305))

table 7 : explain SELECT id, c FROM sbtest7 WHERE id BETWEEN 3306205 AND 3306305
	Index Scan using sbtest7_pkey on sbtest7  (cost=0.43..379.71 rows=95 width=125)
	  Index Cond: ((id >= 3306205) AND (id <= 3306305))

table 8 : explain SELECT id, c FROM sbtest8 WHERE id BETWEEN 3306205 AND 3306305
	Index Scan using sbtest8_pkey on sbtest8  (cost=0.43..380.62 rows=95 width=125)
	  Index Cond: ((id >= 3306205) AND (id <= 3306305))

explain: for range-notcovered :: explain SELECT id, c FROM sbtest%d WHERE id BETWEEN 4695012 AND 4695112
for range-notcovered
table 1 : explain SELECT id, c FROM sbtest1 WHERE id BETWEEN 4768000 AND 4768100
	Index Scan using sbtest1_pkey on sbtest1  (cost=0.43..412.93 rows=103 width=125)
	  Index Cond: ((id >= 4768000) AND (id <= 4768100))

table 2 : explain SELECT id, c FROM sbtest2 WHERE id BETWEEN 4768000 AND 4768100
	Index Scan using sbtest2_pkey on sbtest2  (cost=0.43..364.31 rows=91 width=125)
	  Index Cond: ((id >= 4768000) AND (id <= 4768100))

table 3 : explain SELECT id, c FROM sbtest3 WHERE id BETWEEN 4768000 AND 4768100
	Index Scan using sbtest3_pkey on sbtest3  (cost=0.43..392.76 rows=98 width=125)
	  Index Cond: ((id >= 4768000) AND (id <= 4768100))

table 4 : explain SELECT id, c FROM sbtest4 WHERE id BETWEEN 4768000 AND 4768100
	Index Scan using sbtest4_pkey on sbtest4  (cost=0.43..388.77 rows=97 width=125)
	  Index Cond: ((id >= 4768000) AND (id <= 4768100))

table 5 : explain SELECT id, c FROM sbtest5 WHERE id BETWEEN 4768000 AND 4768100
	Index Scan using sbtest5_pkey on sbtest5  (cost=0.43..443.40 rows=111 width=125)
	  Index Cond: ((id >= 4768000) AND (id <= 4768100))

table 6 : explain SELECT id, c FROM sbtest6 WHERE id BETWEEN 4768000 AND 4768100
	Index Scan using sbtest6_pkey on sbtest6  (cost=0.43..395.86 rows=99 width=125)
	  Index Cond: ((id >= 4768000) AND (id <= 4768100))

table 7 : explain SELECT id, c FROM sbtest7 WHERE id BETWEEN 4768000 AND 4768100
	Index Scan using sbtest7_pkey on sbtest7  (cost=0.43..387.61 rows=97 width=125)
	  Index Cond: ((id >= 4768000) AND (id <= 4768100))

table 8 : explain SELECT id, c FROM sbtest8 WHERE id BETWEEN 4768000 AND 4768100
	Index Scan using sbtest8_pkey on sbtest8  (cost=0.43..392.50 rows=98 width=125)
	  Index Cond: ((id >= 4768000) AND (id <= 4768100))

explain: for range-notcovered :: explain SELECT id, c FROM sbtest%d WHERE id BETWEEN 4768000 AND 4768100
for range-notcovered
table 1 : explain SELECT id, c FROM sbtest1 WHERE id BETWEEN 5379296 AND 5379396
	Index Scan using sbtest1_pkey on sbtest1  (cost=0.43..436.72 rows=109 width=125)
	  Index Cond: ((id >= 5379296) AND (id <= 5379396))

table 2 : explain SELECT id, c FROM sbtest2 WHERE id BETWEEN 5379296 AND 5379396
	Index Scan using sbtest2_pkey on sbtest2  (cost=0.43..407.82 rows=102 width=125)
	  Index Cond: ((id >= 5379296) AND (id <= 5379396))

table 3 : explain SELECT id, c FROM sbtest3 WHERE id BETWEEN 5379296 AND 5379396
	Index Scan using sbtest3_pkey on sbtest3  (cost=0.43..424.46 rows=106 width=125)
	  Index Cond: ((id >= 5379296) AND (id <= 5379396))

table 4 : explain SELECT id, c FROM sbtest4 WHERE id BETWEEN 5379296 AND 5379396
	Index Scan using sbtest4_pkey on sbtest4  (cost=0.43..440.28 rows=110 width=125)
	  Index Cond: ((id >= 5379296) AND (id <= 5379396))

table 5 : explain SELECT id, c FROM sbtest5 WHERE id BETWEEN 5379296 AND 5379396
	Index Scan using sbtest5_pkey on sbtest5  (cost=0.43..411.77 rows=103 width=125)
	  Index Cond: ((id >= 5379296) AND (id <= 5379396))

table 6 : explain SELECT id, c FROM sbtest6 WHERE id BETWEEN 5379296 AND 5379396
	Index Scan using sbtest6_pkey on sbtest6  (cost=0.43..383.98 rows=96 width=125)
	  Index Cond: ((id >= 5379296) AND (id <= 5379396))

table 7 : explain SELECT id, c FROM sbtest7 WHERE id BETWEEN 5379296 AND 5379396
	Index Scan using sbtest7_pkey on sbtest7  (cost=0.43..391.55 rows=98 width=125)
	  Index Cond: ((id >= 5379296) AND (id <= 5379396))

table 8 : explain SELECT id, c FROM sbtest8 WHERE id BETWEEN 5379296 AND 5379396
	Index Scan using sbtest8_pkey on sbtest8  (cost=0.43..408.35 rows=102 width=125)
	  Index Cond: ((id >= 5379296) AND (id <= 5379396))

explain: for range-notcovered :: explain SELECT id, c FROM sbtest%d WHERE id BETWEEN 5379296 AND 5379396
for range-notcovered
table 1 : explain SELECT id, c FROM sbtest1 WHERE id BETWEEN 5365206 AND 5365306
	Index Scan using sbtest1_pkey on sbtest1  (cost=0.43..436.72 rows=109 width=125)
	  Index Cond: ((id >= 5365206) AND (id <= 5365306))

table 2 : explain SELECT id, c FROM sbtest2 WHERE id BETWEEN 5365206 AND 5365306
	Index Scan using sbtest2_pkey on sbtest2  (cost=0.43..407.82 rows=102 width=125)
	  Index Cond: ((id >= 5365206) AND (id <= 5365306))

table 3 : explain SELECT id, c FROM sbtest3 WHERE id BETWEEN 5365206 AND 5365306
	Index Scan using sbtest3_pkey on sbtest3  (cost=0.43..424.46 rows=106 width=125)
	  Index Cond: ((id >= 5365206) AND (id <= 5365306))

table 4 : explain SELECT id, c FROM sbtest4 WHERE id BETWEEN 5365206 AND 5365306
	Index Scan using sbtest4_pkey on sbtest4  (cost=0.43..440.28 rows=110 width=125)
	  Index Cond: ((id >= 5365206) AND (id <= 5365306))

table 5 : explain SELECT id, c FROM sbtest5 WHERE id BETWEEN 5365206 AND 5365306
	Index Scan using sbtest5_pkey on sbtest5  (cost=0.43..411.77 rows=103 width=125)
	  Index Cond: ((id >= 5365206) AND (id <= 5365306))

table 6 : explain SELECT id, c FROM sbtest6 WHERE id BETWEEN 5365206 AND 5365306
	Index Scan using sbtest6_pkey on sbtest6  (cost=0.43..383.98 rows=96 width=125)
	  Index Cond: ((id >= 5365206) AND (id <= 5365306))

table 7 : explain SELECT id, c FROM sbtest7 WHERE id BETWEEN 5365206 AND 5365306
	Index Scan using sbtest7_pkey on sbtest7  (cost=0.43..391.55 rows=98 width=125)
	  Index Cond: ((id >= 5365206) AND (id <= 5365306))

table 8 : explain SELECT id, c FROM sbtest8 WHERE id BETWEEN 5365206 AND 5365306
	Index Scan using sbtest8_pkey on sbtest8  (cost=0.43..408.35 rows=102 width=125)
	  Index Cond: ((id >= 5365206) AND (id <= 5365306))

explain: for range-notcovered :: explain SELECT id, c FROM sbtest%d WHERE id BETWEEN 5365206 AND 5365306
for range-notcovered
table 1 : explain SELECT id, c FROM sbtest1 WHERE id BETWEEN 4695012 AND 4695112
	Index Scan using sbtest1_pkey on sbtest1  (cost=0.43..389.13 rows=97 width=125)
	  Index Cond: ((id >= 4695012) AND (id <= 4695112))

table 2 : explain SELECT id, c FROM sbtest2 WHERE id BETWEEN 4695012 AND 4695112
	Index Scan using sbtest2_pkey on sbtest2  (cost=0.43..395.94 rows=99 width=125)
	  Index Cond: ((id >= 4695012) AND (id <= 4695112))

table 3 : explain SELECT id, c FROM sbtest3 WHERE id BETWEEN 4695012 AND 4695112
	Index Scan using sbtest3_pkey on sbtest3  (cost=0.43..380.87 rows=95 width=125)
	  Index Cond: ((id >= 4695012) AND (id <= 4695112))

table 4 : explain SELECT id, c FROM sbtest4 WHERE id BETWEEN 4695012 AND 4695112
	Index Scan using sbtest4_pkey on sbtest4  (cost=0.43..424.43 rows=106 width=125)
	  Index Cond: ((id >= 4695012) AND (id <= 4695112))

table 5 : explain SELECT id, c FROM sbtest5 WHERE id BETWEEN 4695012 AND 4695112
	Index Scan using sbtest5_pkey on sbtest5  (cost=0.43..427.58 rows=107 width=125)
	  Index Cond: ((id >= 4695012) AND (id <= 4695112))

table 6 : explain SELECT id, c FROM sbtest6 WHERE id BETWEEN 4695012 AND 4695112
	Index Scan using sbtest6_pkey on sbtest6  (cost=0.43..368.17 rows=92 width=125)
	  Index Cond: ((id >= 4695012) AND (id <= 4695112))

table 7 : explain SELECT id, c FROM sbtest7 WHERE id BETWEEN 4695012 AND 4695112
	Index Scan using sbtest7_pkey on sbtest7  (cost=0.43..403.42 rows=101 width=125)
	  Index Cond: ((id >= 4695012) AND (id <= 4695112))

table 8 : explain SELECT id, c FROM sbtest8 WHERE id BETWEEN 4695012 AND 4695112
	Index Scan using sbtest8_pkey on sbtest8  (cost=0.43..392.50 rows=98 width=125)
	  Index Cond: ((id >= 4695012) AND (id <= 4695112))

explain: for range-notcovered :: explain SELECT id, c FROM sbtest%d WHERE id BETWEEN 4695012 AND 4695112
for range-notcovered
table 1 : explain SELECT id, c FROM sbtest1 WHERE id BETWEEN 4768000 AND 4768100
	Index Scan using sbtest1_pkey on sbtest1  (cost=0.43..412.93 rows=103 width=125)
	  Index Cond: ((id >= 4768000) AND (id <= 4768100))

table 2 : explain SELECT id, c FROM sbtest2 WHERE id BETWEEN 4768000 AND 4768100
	Index Scan using sbtest2_pkey on sbtest2  (cost=0.43..364.31 rows=91 width=125)
	  Index Cond: ((id >= 4768000) AND (id <= 4768100))

table 3 : explain SELECT id, c FROM sbtest3 WHERE id BETWEEN 4768000 AND 4768100
	Index Scan using sbtest3_pkey on sbtest3  (cost=0.43..392.76 rows=98 width=125)
	  Index Cond: ((id >= 4768000) AND (id <= 4768100))

table 4 : explain SELECT id, c FROM sbtest4 WHERE id BETWEEN 4768000 AND 4768100
	Index Scan using sbtest4_pkey on sbtest4  (cost=0.43..388.77 rows=97 width=125)
	  Index Cond: ((id >= 4768000) AND (id <= 4768100))

table 5 : explain SELECT id, c FROM sbtest5 WHERE id BETWEEN 4768000 AND 4768100
	Index Scan using sbtest5_pkey on sbtest5  (cost=0.43..443.40 rows=111 width=125)
	  Index Cond: ((id >= 4768000) AND (id <= 4768100))

table 6 : explain SELECT id, c FROM sbtest6 WHERE id BETWEEN 4768000 AND 4768100
	Index Scan using sbtest6_pkey on sbtest6  (cost=0.43..395.86 rows=99 width=125)
	  Index Cond: ((id >= 4768000) AND (id <= 4768100))

table 7 : explain SELECT id, c FROM sbtest7 WHERE id BETWEEN 4768000 AND 4768100
	Index Scan using sbtest7_pkey on sbtest7  (cost=0.43..387.61 rows=97 width=125)
	  Index Cond: ((id >= 4768000) AND (id <= 4768100))

table 8 : explain SELECT id, c FROM sbtest8 WHERE id BETWEEN 4768000 AND 4768100
	Index Scan using sbtest8_pkey on sbtest8  (cost=0.43..392.50 rows=98 width=125)
	  Index Cond: ((id >= 4768000) AND (id <= 4768100))

for range-notcovered
table 1 : explain SELECT id, c FROM sbtest1 WHERE id BETWEEN 5379296 AND 5379396
	Index Scan using sbtest1_pkey on sbtest1  (cost=0.43..436.72 rows=109 width=125)
	  Index Cond: ((id >= 5379296) AND (id <= 5379396))

table 2 : explain SELECT id, c FROM sbtest2 WHERE id BETWEEN 5379296 AND 5379396
	Index Scan using sbtest2_pkey on sbtest2  (cost=0.43..407.82 rows=102 width=125)
	  Index Cond: ((id >= 5379296) AND (id <= 5379396))

table 3 : explain SELECT id, c FROM sbtest3 WHERE id BETWEEN 5379296 AND 5379396
	Index Scan using sbtest3_pkey on sbtest3  (cost=0.43..424.46 rows=106 width=125)
	  Index Cond: ((id >= 5379296) AND (id <= 5379396))

table 4 : explain SELECT id, c FROM sbtest4 WHERE id BETWEEN 5379296 AND 5379396
	Index Scan using sbtest4_pkey on sbtest4  (cost=0.43..440.28 rows=110 width=125)
	  Index Cond: ((id >= 5379296) AND (id <= 5379396))

table 5 : explain SELECT id, c FROM sbtest5 WHERE id BETWEEN 5379296 AND 5379396
	Index Scan using sbtest5_pkey on sbtest5  (cost=0.43..411.77 rows=103 width=125)
	  Index Cond: ((id >= 5379296) AND (id <= 5379396))

table 6 : explain SELECT id, c FROM sbtest6 WHERE id BETWEEN 5379296 AND 5379396
	Index Scan using sbtest6_pkey on sbtest6  (cost=0.43..383.98 rows=96 width=125)
	  Index Cond: ((id >= 5379296) AND (id <= 5379396))

table 7 : explain SELECT id, c FROM sbtest7 WHERE id BETWEEN 5379296 AND 5379396
	Index Scan using sbtest7_pkey on sbtest7  (cost=0.43..391.55 rows=98 width=125)
	  Index Cond: ((id >= 5379296) AND (id <= 5379396))

table 8 : explain SELECT id, c FROM sbtest8 WHERE id BETWEEN 5379296 AND 5379396
	Index Scan using sbtest8_pkey on sbtest8  (cost=0.43..408.35 rows=102 width=125)
	  Index Cond: ((id >= 5379296) AND (id <= 5379396))

explain: for range-notcovered :: explain SELECT id, c FROM sbtest%d WHERE id BETWEEN 5379296 AND 5379396
for range-notcovered
table 1 : explain SELECT id, c FROM sbtest1 WHERE id BETWEEN 5365206 AND 5365306
	Index Scan using sbtest1_pkey on sbtest1  (cost=0.43..436.72 rows=109 width=125)
	  Index Cond: ((id >= 5365206) AND (id <= 5365306))

table 2 : explain SELECT id, c FROM sbtest2 WHERE id BETWEEN 5365206 AND 5365306
	Index Scan using sbtest2_pkey on sbtest2  (cost=0.43..407.82 rows=102 width=125)
	  Index Cond: ((id >= 5365206) AND (id <= 5365306))

table 3 : explain SELECT id, c FROM sbtest3 WHERE id BETWEEN 5365206 AND 5365306
	Index Scan using sbtest3_pkey on sbtest3  (cost=0.43..424.46 rows=106 width=125)
	  Index Cond: ((id >= 5365206) AND (id <= 5365306))

table 4 : explain SELECT id, c FROM sbtest4 WHERE id BETWEEN 5365206 AND 5365306
	Index Scan using sbtest4_pkey on sbtest4  (cost=0.43..440.28 rows=110 width=125)
	  Index Cond: ((id >= 5365206) AND (id <= 5365306))

table 5 : explain SELECT id, c FROM sbtest5 WHERE id BETWEEN 5365206 AND 5365306
	Index Scan using sbtest5_pkey on sbtest5  (cost=0.43..411.77 rows=103 width=125)
	  Index Cond: ((id >= 5365206) AND (id <= 5365306))

table 6 : explain SELECT id, c FROM sbtest6 WHERE id BETWEEN 5365206 AND 5365306
	Index Scan using sbtest6_pkey on sbtest6  (cost=0.43..383.98 rows=96 width=125)
	  Index Cond: ((id >= 5365206) AND (id <= 5365306))

table 7 : explain SELECT id, c FROM sbtest7 WHERE id BETWEEN 5365206 AND 5365306
	Index Scan using sbtest7_pkey on sbtest7  (cost=0.43..391.55 rows=98 width=125)
	  Index Cond: ((id >= 5365206) AND (id <= 5365306))

table 8 : explain SELECT id, c FROM sbtest8 WHERE id BETWEEN 5365206 AND 5365306
	Index Scan using sbtest8_pkey on sbtest8  (cost=0.43..408.35 rows=102 width=125)
	  Index Cond: ((id >= 5365206) AND (id <= 5365306))

explain: for range-notcovered :: explain SELECT id, c FROM sbtest%d WHERE id BETWEEN 5365206 AND 5365306
for range-notcovered
table 1 : explain SELECT id, c FROM sbtest1 WHERE id BETWEEN 4695012 AND 4695112
	Index Scan using sbtest1_pkey on sbtest1  (cost=0.43..389.13 rows=97 width=125)
	  Index Cond: ((id >= 4695012) AND (id <= 4695112))

table 2 : explain SELECT id, c FROM sbtest2 WHERE id BETWEEN 4695012 AND 4695112
	Index Scan using sbtest2_pkey on sbtest2  (cost=0.43..395.94 rows=99 width=125)
	  Index Cond: ((id >= 4695012) AND (id <= 4695112))

table 3 : explain SELECT id, c FROM sbtest3 WHERE id BETWEEN 4695012 AND 4695112
	Index Scan using sbtest3_pkey on sbtest3  (cost=0.43..380.87 rows=95 width=125)
	  Index Cond: ((id >= 4695012) AND (id <= 4695112))

table 4 : explain SELECT id, c FROM sbtest4 WHERE id BETWEEN 4695012 AND 4695112
	Index Scan using sbtest4_pkey on sbtest4  (cost=0.43..424.43 rows=106 width=125)
	  Index Cond: ((id >= 4695012) AND (id <= 4695112))

table 5 : explain SELECT id, c FROM sbtest5 WHERE id BETWEEN 4695012 AND 4695112
	Index Scan using sbtest5_pkey on sbtest5  (cost=0.43..427.58 rows=107 width=125)
	  Index Cond: ((id >= 4695012) AND (id <= 4695112))

table 6 : explain SELECT id, c FROM sbtest6 WHERE id BETWEEN 4695012 AND 4695112
	Index Scan using sbtest6_pkey on sbtest6  (cost=0.43..368.17 rows=92 width=125)
	  Index Cond: ((id >= 4695012) AND (id <= 4695112))

table 7 : explain SELECT id, c FROM sbtest7 WHERE id BETWEEN 4695012 AND 4695112
	Index Scan using sbtest7_pkey on sbtest7  (cost=0.43..403.42 rows=101 width=125)
	  Index Cond: ((id >= 4695012) AND (id <= 4695112))

table 8 : explain SELECT id, c FROM sbtest8 WHERE id BETWEEN 4695012 AND 4695112
	Index Scan using sbtest8_pkey on sbtest8  (cost=0.43..392.50 rows=98 width=125)
	  Index Cond: ((id >= 4695012) AND (id <= 4695112))

for range-notcovered
table 1 : explain SELECT id, c FROM sbtest1 WHERE id BETWEEN 634350 AND 634450
	Index Scan using sbtest1_pkey on sbtest1  (cost=0.43..385.16 rows=96 width=125)
	  Index Cond: ((id >= 634350) AND (id <= 634450))

table 2 : explain SELECT id, c FROM sbtest2 WHERE id BETWEEN 634350 AND 634450
	Index Scan using sbtest2_pkey on sbtest2  (cost=0.43..427.59 rows=107 width=125)
	  Index Cond: ((id >= 634350) AND (id <= 634450))

table 3 : explain SELECT id, c FROM sbtest3 WHERE id BETWEEN 634350 AND 634450
	Index Scan using sbtest3_pkey on sbtest3  (cost=0.43..396.72 rows=99 width=125)
	  Index Cond: ((id >= 634350) AND (id <= 634450))

table 4 : explain SELECT id, c FROM sbtest4 WHERE id BETWEEN 634350 AND 634450
	Index Scan using sbtest4_pkey on sbtest4  (cost=0.43..424.43 rows=106 width=125)
	  Index Cond: ((id >= 634350) AND (id <= 634450))

table 5 : explain SELECT id, c FROM sbtest5 WHERE id BETWEEN 634350 AND 634450
	Index Scan using sbtest5_pkey on sbtest5  (cost=0.43..399.91 rows=100 width=125)
	  Index Cond: ((id >= 634350) AND (id <= 634450))

table 6 : explain SELECT id, c FROM sbtest6 WHERE id BETWEEN 634350 AND 634450
	Index Scan using sbtest6_pkey on sbtest6  (cost=0.43..387.93 rows=97 width=125)
	  Index Cond: ((id >= 634350) AND (id <= 634450))

table 7 : explain SELECT id, c FROM sbtest7 WHERE id BETWEEN 634350 AND 634450
	Index Scan using sbtest7_pkey on sbtest7  (cost=0.43..415.27 rows=104 width=125)
	  Index Cond: ((id >= 634350) AND (id <= 634450))

table 8 : explain SELECT id, c FROM sbtest8 WHERE id BETWEEN 634350 AND 634450
	Index Scan using sbtest8_pkey on sbtest8  (cost=0.43..428.14 rows=107 width=125)
	  Index Cond: ((id >= 634350) AND (id <= 634450))

explain: for range-notcovered :: explain SELECT id, c FROM sbtest%d WHERE id BETWEEN 4695012 AND 4695112
explain: for range-notcovered :: explain SELECT id, c FROM sbtest%d WHERE id BETWEEN 634350 AND 634450
for range-notcovered
table 1 : explain SELECT id, c FROM sbtest1 WHERE id BETWEEN 5379296 AND 5379396
	Index Scan using sbtest1_pkey on sbtest1  (cost=0.43..436.72 rows=109 width=125)
	  Index Cond: ((id >= 5379296) AND (id <= 5379396))

table 2 : explain SELECT id, c FROM sbtest2 WHERE id BETWEEN 5379296 AND 5379396
	Index Scan using sbtest2_pkey on sbtest2  (cost=0.43..407.82 rows=102 width=125)
	  Index Cond: ((id >= 5379296) AND (id <= 5379396))

table 3 : explain SELECT id, c FROM sbtest3 WHERE id BETWEEN 5379296 AND 5379396
	Index Scan using sbtest3_pkey on sbtest3  (cost=0.43..424.46 rows=106 width=125)
	  Index Cond: ((id >= 5379296) AND (id <= 5379396))

table 4 : explain SELECT id, c FROM sbtest4 WHERE id BETWEEN 5379296 AND 5379396
	Index Scan using sbtest4_pkey on sbtest4  (cost=0.43..440.28 rows=110 width=125)
	  Index Cond: ((id >= 5379296) AND (id <= 5379396))

table 5 : explain SELECT id, c FROM sbtest5 WHERE id BETWEEN 5379296 AND 5379396
	Index Scan using sbtest5_pkey on sbtest5  (cost=0.43..411.77 rows=103 width=125)
	  Index Cond: ((id >= 5379296) AND (id <= 5379396))

table 6 : explain SELECT id, c FROM sbtest6 WHERE id BETWEEN 5379296 AND 5379396
	Index Scan using sbtest6_pkey on sbtest6  (cost=0.43..383.98 rows=96 width=125)
	  Index Cond: ((id >= 5379296) AND (id <= 5379396))

table 7 : explain SELECT id, c FROM sbtest7 WHERE id BETWEEN 5379296 AND 5379396
	Index Scan using sbtest7_pkey on sbtest7  (cost=0.43..391.55 rows=98 width=125)
	  Index Cond: ((id >= 5379296) AND (id <= 5379396))

table 8 : explain SELECT id, c FROM sbtest8 WHERE id BETWEEN 5379296 AND 5379396
	Index Scan using sbtest8_pkey on sbtest8  (cost=0.43..408.35 rows=102 width=125)
	  Index Cond: ((id >= 5379296) AND (id <= 5379396))

explain: for range-notcovered :: explain SELECT id, c FROM sbtest%d WHERE id BETWEEN 5379296 AND 5379396
for range-notcovered
table 1 : explain SELECT id, c FROM sbtest1 WHERE id BETWEEN 5365206 AND 5365306
	Index Scan using sbtest1_pkey on sbtest1  (cost=0.43..436.72 rows=109 width=125)
	  Index Cond: ((id >= 5365206) AND (id <= 5365306))

table 2 : explain SELECT id, c FROM sbtest2 WHERE id BETWEEN 5365206 AND 5365306
	Index Scan using sbtest2_pkey on sbtest2  (cost=0.43..407.82 rows=102 width=125)
	  Index Cond: ((id >= 5365206) AND (id <= 5365306))

table 3 : explain SELECT id, c FROM sbtest3 WHERE id BETWEEN 5365206 AND 5365306
	Index Scan using sbtest3_pkey on sbtest3  (cost=0.43..424.46 rows=106 width=125)
	  Index Cond: ((id >= 5365206) AND (id <= 5365306))

table 4 : explain SELECT id, c FROM sbtest4 WHERE id BETWEEN 5365206 AND 5365306
	Index Scan using sbtest4_pkey on sbtest4  (cost=0.43..440.28 rows=110 width=125)
	  Index Cond: ((id >= 5365206) AND (id <= 5365306))

table 5 : explain SELECT id, c FROM sbtest5 WHERE id BETWEEN 5365206 AND 5365306
	Index Scan using sbtest5_pkey on sbtest5  (cost=0.43..411.77 rows=103 width=125)
	  Index Cond: ((id >= 5365206) AND (id <= 5365306))

table 6 : explain SELECT id, c FROM sbtest6 WHERE id BETWEEN 5365206 AND 5365306
	Index Scan using sbtest6_pkey on sbtest6  (cost=0.43..383.98 rows=96 width=125)
	  Index Cond: ((id >= 5365206) AND (id <= 5365306))

table 7 : explain SELECT id, c FROM sbtest7 WHERE id BETWEEN 5365206 AND 5365306
	Index Scan using sbtest7_pkey on sbtest7  (cost=0.43..391.55 rows=98 width=125)
	  Index Cond: ((id >= 5365206) AND (id <= 5365306))

table 8 : explain SELECT id, c FROM sbtest8 WHERE id BETWEEN 5365206 AND 5365306
	Index Scan using sbtest8_pkey on sbtest8  (cost=0.43..408.35 rows=102 width=125)
	  Index Cond: ((id >= 5365206) AND (id <= 5365306))

for range-notcovered
table 1 : explain SELECT id, c FROM sbtest1 WHERE id BETWEEN 7815877 AND 7815977
	Index Scan using sbtest1_pkey on sbtest1  (cost=0.43..401.02 rows=100 width=125)
	  Index Cond: ((id >= 7815877) AND (id <= 7815977))

table 2 : explain SELECT id, c FROM sbtest2 WHERE id BETWEEN 7815877 AND 7815977
	Index Scan using sbtest2_pkey on sbtest2  (cost=0.43..419.68 rows=105 width=125)
	  Index Cond: ((id >= 7815877) AND (id <= 7815977))

table 3 : explain SELECT id, c FROM sbtest3 WHERE id BETWEEN 7815877 AND 7815977
	Index Scan using sbtest3_pkey on sbtest3  (cost=0.43..400.68 rows=100 width=125)
	  Index Cond: ((id >= 7815877) AND (id <= 7815977))

table 4 : explain SELECT id, c FROM sbtest4 WHERE id BETWEEN 7815877 AND 7815977
	Index Scan using sbtest4_pkey on sbtest4  (cost=0.43..372.92 rows=93 width=125)
	  Index Cond: ((id >= 7815877) AND (id <= 7815977))

table 5 : explain SELECT id, c FROM sbtest5 WHERE id BETWEEN 7815877 AND 7815977
	Index Scan using sbtest5_pkey on sbtest5  (cost=0.43..380.12 rows=95 width=125)
	  Index Cond: ((id >= 7815877) AND (id <= 7815977))

table 6 : explain SELECT id, c FROM sbtest6 WHERE id BETWEEN 7815877 AND 7815977
	Index Scan using sbtest6_pkey on sbtest6  (cost=0.43..383.98 rows=96 width=125)
	  Index Cond: ((id >= 7815877) AND (id <= 7815977))

table 7 : explain SELECT id, c FROM sbtest7 WHERE id BETWEEN 7815877 AND 7815977
	Index Scan using sbtest7_pkey on sbtest7  (cost=0.43..391.55 rows=98 width=125)
	  Index Cond: ((id >= 7815877) AND (id <= 7815977))

table 8 : explain SELECT id, c FROM sbtest8 WHERE id BETWEEN 7815877 AND 7815977
	Index Scan using sbtest8_pkey on sbtest8  (cost=0.43..412.31 rows=103 width=125)
	  Index Cond: ((id >= 7815877) AND (id <= 7815977))

for range-notcovered
table 1 : explain SELECT id, c FROM sbtest1 WHERE id BETWEEN 4695012 AND 4695112
	Index Scan using sbtest1_pkey on sbtest1  (cost=0.43..389.13 rows=97 width=125)
	  Index Cond: ((id >= 4695012) AND (id <= 4695112))

table 2 : explain SELECT id, c FROM sbtest2 WHERE id BETWEEN 4695012 AND 4695112
	Index Scan using sbtest2_pkey on sbtest2  (cost=0.43..395.94 rows=99 width=125)
	  Index Cond: ((id >= 4695012) AND (id <= 4695112))

table 3 : explain SELECT id, c FROM sbtest3 WHERE id BETWEEN 4695012 AND 4695112
	Index Scan using sbtest3_pkey on sbtest3  (cost=0.43..380.87 rows=95 width=125)
	  Index Cond: ((id >= 4695012) AND (id <= 4695112))

table 4 : explain SELECT id, c FROM sbtest4 WHERE id BETWEEN 4695012 AND 4695112
	Index Scan using sbtest4_pkey on sbtest4  (cost=0.43..424.43 rows=106 width=125)
	  Index Cond: ((id >= 4695012) AND (id <= 4695112))

table 5 : explain SELECT id, c FROM sbtest5 WHERE id BETWEEN 4695012 AND 4695112
	Index Scan using sbtest5_pkey on sbtest5  (cost=0.43..427.58 rows=107 width=125)
	  Index Cond: ((id >= 4695012) AND (id <= 4695112))

table 6 : explain SELECT id, c FROM sbtest6 WHERE id BETWEEN 4695012 AND 4695112
	Index Scan using sbtest6_pkey on sbtest6  (cost=0.43..368.17 rows=92 width=125)
	  Index Cond: ((id >= 4695012) AND (id <= 4695112))

table 7 : explain SELECT id, c FROM sbtest7 WHERE id BETWEEN 4695012 AND 4695112
	Index Scan using sbtest7_pkey on sbtest7  (cost=0.43..403.42 rows=101 width=125)
	  Index Cond: ((id >= 4695012) AND (id <= 4695112))

table 8 : explain SELECT id, c FROM sbtest8 WHERE id BETWEEN 4695012 AND 4695112
	Index Scan using sbtest8_pkey on sbtest8  (cost=0.43..392.50 rows=98 width=125)
	  Index Cond: ((id >= 4695012) AND (id <= 4695112))

explain: for range-notcovered :: explain SELECT id, c FROM sbtest%d WHERE id BETWEEN 5365206 AND 5365306
explain: for range-notcovered :: explain SELECT id, c FROM sbtest%d WHERE id BETWEEN 5691234 AND 5691334
for range-notcovered
table 1 : explain SELECT id, c FROM sbtest1 WHERE id BETWEEN 634350 AND 634450
	Index Scan using sbtest1_pkey on sbtest1  (cost=0.43..385.16 rows=96 width=125)
	  Index Cond: ((id >= 634350) AND (id <= 634450))

table 2 : explain SELECT id, c FROM sbtest2 WHERE id BETWEEN 634350 AND 634450
	Index Scan using sbtest2_pkey on sbtest2  (cost=0.43..427.59 rows=107 width=125)
	  Index Cond: ((id >= 634350) AND (id <= 634450))

table 3 : explain SELECT id, c FROM sbtest3 WHERE id BETWEEN 634350 AND 634450
	Index Scan using sbtest3_pkey on sbtest3  (cost=0.43..396.72 rows=99 width=125)
	  Index Cond: ((id >= 634350) AND (id <= 634450))

table 4 : explain SELECT id, c FROM sbtest4 WHERE id BETWEEN 634350 AND 634450
	Index Scan using sbtest4_pkey on sbtest4  (cost=0.43..424.43 rows=106 width=125)
	  Index Cond: ((id >= 634350) AND (id <= 634450))

table 5 : explain SELECT id, c FROM sbtest5 WHERE id BETWEEN 634350 AND 634450
	Index Scan using sbtest5_pkey on sbtest5  (cost=0.43..399.91 rows=100 width=125)
	  Index Cond: ((id >= 634350) AND (id <= 634450))

table 6 : explain SELECT id, c FROM sbtest6 WHERE id BETWEEN 634350 AND 634450
	Index Scan using sbtest6_pkey on sbtest6  (cost=0.43..387.93 rows=97 width=125)
	  Index Cond: ((id >= 634350) AND (id <= 634450))

table 7 : explain SELECT id, c FROM sbtest7 WHERE id BETWEEN 634350 AND 634450
	Index Scan using sbtest7_pkey on sbtest7  (cost=0.43..415.27 rows=104 width=125)
	  Index Cond: ((id >= 634350) AND (id <= 634450))

table 8 : explain SELECT id, c FROM sbtest8 WHERE id BETWEEN 634350 AND 634450
	Index Scan using sbtest8_pkey on sbtest8  (cost=0.43..428.14 rows=107 width=125)
	  Index Cond: ((id >= 634350) AND (id <= 634450))

explain: for range-notcovered :: explain SELECT id, c FROM sbtest%d WHERE id BETWEEN 4695012 AND 4695112
explain: for range-notcovered :: explain SELECT id, c FROM sbtest%d WHERE id BETWEEN 7815877 AND 7815977
explain: for range-notcovered :: explain SELECT id, c FROM sbtest%d WHERE id BETWEEN 634350 AND 634450
for range-notcovered
table 1 : explain SELECT id, c FROM sbtest1 WHERE id BETWEEN 9483046 AND 9483146
	Index Scan using sbtest1_pkey on sbtest1  (cost=0.43..412.93 rows=103 width=125)
	  Index Cond: ((id >= 9483046) AND (id <= 9483146))

table 2 : explain SELECT id, c FROM sbtest2 WHERE id BETWEEN 9483046 AND 9483146
	Index Scan using sbtest2_pkey on sbtest2  (cost=0.43..415.73 rows=104 width=125)
	  Index Cond: ((id >= 9483046) AND (id <= 9483146))

table 3 : explain SELECT id, c FROM sbtest3 WHERE id BETWEEN 9483046 AND 9483146
	Index Scan using sbtest3_pkey on sbtest3  (cost=0.43..392.76 rows=98 width=125)
	  Index Cond: ((id >= 9483046) AND (id <= 9483146))

table 4 : explain SELECT id, c FROM sbtest4 WHERE id BETWEEN 9483046 AND 9483146
	Index Scan using sbtest4_pkey on sbtest4  (cost=0.43..400.66 rows=100 width=125)
	  Index Cond: ((id >= 9483046) AND (id <= 9483146))

table 5 : explain SELECT id, c FROM sbtest5 WHERE id BETWEEN 9483046 AND 9483146
	Index Scan using sbtest5_pkey on sbtest5  (cost=0.43..384.08 rows=96 width=125)
	  Index Cond: ((id >= 9483046) AND (id <= 9483146))

table 6 : explain SELECT id, c FROM sbtest6 WHERE id BETWEEN 9483046 AND 9483146
	Index Scan using sbtest6_pkey on sbtest6  (cost=0.43..443.29 rows=111 width=125)
	  Index Cond: ((id >= 9483046) AND (id <= 9483146))

table 7 : explain SELECT id, c FROM sbtest7 WHERE id BETWEEN 9483046 AND 9483146
	Index Scan using sbtest7_pkey on sbtest7  (cost=0.43..399.47 rows=100 width=125)
	  Index Cond: ((id >= 9483046) AND (id <= 9483146))

table 8 : explain SELECT id, c FROM sbtest8 WHERE id BETWEEN 9483046 AND 9483146
	Index Scan using sbtest8_pkey on sbtest8  (cost=0.43..396.47 rows=99 width=125)
	  Index Cond: ((id >= 9483046) AND (id <= 9483146))

explain: for range-notcovered :: explain SELECT id, c FROM sbtest%d WHERE id BETWEEN 6072810 AND 6072910
explain: for range-notcovered :: explain SELECT id, c FROM sbtest%d WHERE id BETWEEN 9483046 AND 9483146
explain: for range-notcovered :: explain SELECT id, c FROM sbtest%d WHERE id BETWEEN 6131662 AND 6131762
explain: for range-notcovered :: explain SELECT id, c FROM sbtest%d WHERE id BETWEEN 8495267 AND 8495367
for range-notcovered
table 1 : explain SELECT id, c FROM sbtest1 WHERE id BETWEEN 5379296 AND 5379396
	Index Scan using sbtest1_pkey on sbtest1  (cost=0.43..436.72 rows=109 width=125)
	  Index Cond: ((id >= 5379296) AND (id <= 5379396))

table 2 : explain SELECT id, c FROM sbtest2 WHERE id BETWEEN 5379296 AND 5379396
	Index Scan using sbtest2_pkey on sbtest2  (cost=0.43..407.82 rows=102 width=125)
	  Index Cond: ((id >= 5379296) AND (id <= 5379396))

table 3 : explain SELECT id, c FROM sbtest3 WHERE id BETWEEN 5379296 AND 5379396
	Index Scan using sbtest3_pkey on sbtest3  (cost=0.43..424.46 rows=106 width=125)
	  Index Cond: ((id >= 5379296) AND (id <= 5379396))

table 4 : explain SELECT id, c FROM sbtest4 WHERE id BETWEEN 5379296 AND 5379396
	Index Scan using sbtest4_pkey on sbtest4  (cost=0.43..440.28 rows=110 width=125)
	  Index Cond: ((id >= 5379296) AND (id <= 5379396))

table 5 : explain SELECT id, c FROM sbtest5 WHERE id BETWEEN 5379296 AND 5379396
	Index Scan using sbtest5_pkey on sbtest5  (cost=0.43..411.77 rows=103 width=125)
	  Index Cond: ((id >= 5379296) AND (id <= 5379396))

table 6 : explain SELECT id, c FROM sbtest6 WHERE id BETWEEN 5379296 AND 5379396
	Index Scan using sbtest6_pkey on sbtest6  (cost=0.43..383.98 rows=96 width=125)
	  Index Cond: ((id >= 5379296) AND (id <= 5379396))

table 7 : explain SELECT id, c FROM sbtest7 WHERE id BETWEEN 5379296 AND 5379396
	Index Scan using sbtest7_pkey on sbtest7  (cost=0.43..391.55 rows=98 width=125)
	  Index Cond: ((id >= 5379296) AND (id <= 5379396))

table 8 : explain SELECT id, c FROM sbtest8 WHERE id BETWEEN 5379296 AND 5379396
	Index Scan using sbtest8_pkey on sbtest8  (cost=0.43..408.35 rows=102 width=125)
	  Index Cond: ((id >= 5379296) AND (id <= 5379396))

explain: for range-notcovered :: explain SELECT id, c FROM sbtest%d WHERE id BETWEEN 5379296 AND 5379396
for range-notcovered
table 1 : explain SELECT id, c FROM sbtest1 WHERE id BETWEEN 5365206 AND 5365306
	Index Scan using sbtest1_pkey on sbtest1  (cost=0.43..436.72 rows=109 width=125)
	  Index Cond: ((id >= 5365206) AND (id <= 5365306))

table 2 : explain SELECT id, c FROM sbtest2 WHERE id BETWEEN 5365206 AND 5365306
	Index Scan using sbtest2_pkey on sbtest2  (cost=0.43..407.82 rows=102 width=125)
	  Index Cond: ((id >= 5365206) AND (id <= 5365306))

table 3 : explain SELECT id, c FROM sbtest3 WHERE id BETWEEN 5365206 AND 5365306
	Index Scan using sbtest3_pkey on sbtest3  (cost=0.43..424.46 rows=106 width=125)
	  Index Cond: ((id >= 5365206) AND (id <= 5365306))

table 4 : explain SELECT id, c FROM sbtest4 WHERE id BETWEEN 5365206 AND 5365306
	Index Scan using sbtest4_pkey on sbtest4  (cost=0.43..440.28 rows=110 width=125)
	  Index Cond: ((id >= 5365206) AND (id <= 5365306))

table 5 : explain SELECT id, c FROM sbtest5 WHERE id BETWEEN 5365206 AND 5365306
	Index Scan using sbtest5_pkey on sbtest5  (cost=0.43..411.77 rows=103 width=125)
	  Index Cond: ((id >= 5365206) AND (id <= 5365306))

table 6 : explain SELECT id, c FROM sbtest6 WHERE id BETWEEN 5365206 AND 5365306
	Index Scan using sbtest6_pkey on sbtest6  (cost=0.43..383.98 rows=96 width=125)
	  Index Cond: ((id >= 5365206) AND (id <= 5365306))

table 7 : explain SELECT id, c FROM sbtest7 WHERE id BETWEEN 5365206 AND 5365306
	Index Scan using sbtest7_pkey on sbtest7  (cost=0.43..391.55 rows=98 width=125)
	  Index Cond: ((id >= 5365206) AND (id <= 5365306))

table 8 : explain SELECT id, c FROM sbtest8 WHERE id BETWEEN 5365206 AND 5365306
	Index Scan using sbtest8_pkey on sbtest8  (cost=0.43..408.35 rows=102 width=125)
	  Index Cond: ((id >= 5365206) AND (id <= 5365306))

for range-notcovered
table 1 : explain SELECT id, c FROM sbtest1 WHERE id BETWEEN 4695012 AND 4695112
	Index Scan using sbtest1_pkey on sbtest1  (cost=0.43..389.13 rows=97 width=125)
	  Index Cond: ((id >= 4695012) AND (id <= 4695112))

table 2 : explain SELECT id, c FROM sbtest2 WHERE id BETWEEN 4695012 AND 4695112
	Index Scan using sbtest2_pkey on sbtest2  (cost=0.43..395.94 rows=99 width=125)
	  Index Cond: ((id >= 4695012) AND (id <= 4695112))

table 3 : explain SELECT id, c FROM sbtest3 WHERE id BETWEEN 4695012 AND 4695112
	Index Scan using sbtest3_pkey on sbtest3  (cost=0.43..380.87 rows=95 width=125)
	  Index Cond: ((id >= 4695012) AND (id <= 4695112))

table 4 : explain SELECT id, c FROM sbtest4 WHERE id BETWEEN 4695012 AND 4695112
	Index Scan using sbtest4_pkey on sbtest4  (cost=0.43..424.43 rows=106 width=125)
	  Index Cond: ((id >= 4695012) AND (id <= 4695112))

table 5 : explain SELECT id, c FROM sbtest5 WHERE id BETWEEN 4695012 AND 4695112
	Index Scan using sbtest5_pkey on sbtest5  (cost=0.43..427.58 rows=107 width=125)
	  Index Cond: ((id >= 4695012) AND (id <= 4695112))

table 6 : explain SELECT id, c FROM sbtest6 WHERE id BETWEEN 4695012 AND 4695112
	Index Scan using sbtest6_pkey on sbtest6  (cost=0.43..368.17 rows=92 width=125)
	  Index Cond: ((id >= 4695012) AND (id <= 4695112))

table 7 : explain SELECT id, c FROM sbtest7 WHERE id BETWEEN 4695012 AND 4695112
	Index Scan using sbtest7_pkey on sbtest7  (cost=0.43..403.42 rows=101 width=125)
	  Index Cond: ((id >= 4695012) AND (id <= 4695112))

table 8 : explain SELECT id, c FROM sbtest8 WHERE id BETWEEN 4695012 AND 4695112
	Index Scan using sbtest8_pkey on sbtest8  (cost=0.43..392.50 rows=98 width=125)
	  Index Cond: ((id >= 4695012) AND (id <= 4695112))

explain: for range-notcovered :: explain SELECT id, c FROM sbtest%d WHERE id BETWEEN 5365206 AND 5365306
explain: for range-notcovered :: explain SELECT id, c FROM sbtest%d WHERE id BETWEEN 4695012 AND 4695112
for range-notcovered
table 1 : explain SELECT id, c FROM sbtest1 WHERE id BETWEEN 7815877 AND 7815977
	Index Scan using sbtest1_pkey on sbtest1  (cost=0.43..401.02 rows=100 width=125)
	  Index Cond: ((id >= 7815877) AND (id <= 7815977))

table 2 : explain SELECT id, c FROM sbtest2 WHERE id BETWEEN 7815877 AND 7815977
	Index Scan using sbtest2_pkey on sbtest2  (cost=0.43..419.68 rows=105 width=125)
	  Index Cond: ((id >= 7815877) AND (id <= 7815977))

table 3 : explain SELECT id, c FROM sbtest3 WHERE id BETWEEN 7815877 AND 7815977
	Index Scan using sbtest3_pkey on sbtest3  (cost=0.43..400.68 rows=100 width=125)
	  Index Cond: ((id >= 7815877) AND (id <= 7815977))

table 4 : explain SELECT id, c FROM sbtest4 WHERE id BETWEEN 7815877 AND 7815977
	Index Scan using sbtest4_pkey on sbtest4  (cost=0.43..372.92 rows=93 width=125)
	  Index Cond: ((id >= 7815877) AND (id <= 7815977))

table 5 : explain SELECT id, c FROM sbtest5 WHERE id BETWEEN 7815877 AND 7815977
	Index Scan using sbtest5_pkey on sbtest5  (cost=0.43..380.12 rows=95 width=125)
	  Index Cond: ((id >= 7815877) AND (id <= 7815977))

table 6 : explain SELECT id, c FROM sbtest6 WHERE id BETWEEN 7815877 AND 7815977
	Index Scan using sbtest6_pkey on sbtest6  (cost=0.43..383.98 rows=96 width=125)
	  Index Cond: ((id >= 7815877) AND (id <= 7815977))

table 7 : explain SELECT id, c FROM sbtest7 WHERE id BETWEEN 7815877 AND 7815977
	Index Scan using sbtest7_pkey on sbtest7  (cost=0.43..391.55 rows=98 width=125)
	  Index Cond: ((id >= 7815877) AND (id <= 7815977))

table 8 : explain SELECT id, c FROM sbtest8 WHERE id BETWEEN 7815877 AND 7815977
	Index Scan using sbtest8_pkey on sbtest8  (cost=0.43..412.31 rows=103 width=125)
	  Index Cond: ((id >= 7815877) AND (id <= 7815977))

for range-notcovered
table 1 : explain SELECT id, c FROM sbtest1 WHERE id BETWEEN 634350 AND 634450
	Index Scan using sbtest1_pkey on sbtest1  (cost=0.43..385.16 rows=96 width=125)
	  Index Cond: ((id >= 634350) AND (id <= 634450))

table 2 : explain SELECT id, c FROM sbtest2 WHERE id BETWEEN 634350 AND 634450
	Index Scan using sbtest2_pkey on sbtest2  (cost=0.43..427.59 rows=107 width=125)
	  Index Cond: ((id >= 634350) AND (id <= 634450))

table 3 : explain SELECT id, c FROM sbtest3 WHERE id BETWEEN 634350 AND 634450
	Index Scan using sbtest3_pkey on sbtest3  (cost=0.43..396.72 rows=99 width=125)
	  Index Cond: ((id >= 634350) AND (id <= 634450))

table 4 : explain SELECT id, c FROM sbtest4 WHERE id BETWEEN 634350 AND 634450
	Index Scan using sbtest4_pkey on sbtest4  (cost=0.43..424.43 rows=106 width=125)
	  Index Cond: ((id >= 634350) AND (id <= 634450))

table 5 : explain SELECT id, c FROM sbtest5 WHERE id BETWEEN 634350 AND 634450
	Index Scan using sbtest5_pkey on sbtest5  (cost=0.43..399.91 rows=100 width=125)
	  Index Cond: ((id >= 634350) AND (id <= 634450))

table 6 : explain SELECT id, c FROM sbtest6 WHERE id BETWEEN 634350 AND 634450
	Index Scan using sbtest6_pkey on sbtest6  (cost=0.43..387.93 rows=97 width=125)
	  Index Cond: ((id >= 634350) AND (id <= 634450))

table 7 : explain SELECT id, c FROM sbtest7 WHERE id BETWEEN 634350 AND 634450
	Index Scan using sbtest7_pkey on sbtest7  (cost=0.43..415.27 rows=104 width=125)
	  Index Cond: ((id >= 634350) AND (id <= 634450))

table 8 : explain SELECT id, c FROM sbtest8 WHERE id BETWEEN 634350 AND 634450
	Index Scan using sbtest8_pkey on sbtest8  (cost=0.43..428.14 rows=107 width=125)
	  Index Cond: ((id >= 634350) AND (id <= 634450))

explain: for range-notcovered :: explain SELECT id, c FROM sbtest%d WHERE id BETWEEN 7815877 AND 7815977
explain: for range-notcovered :: explain SELECT id, c FROM sbtest%d WHERE id BETWEEN 634350 AND 634450
for range-notcovered
table 1 : explain SELECT id, c FROM sbtest1 WHERE id BETWEEN 9483046 AND 9483146
	Index Scan using sbtest1_pkey on sbtest1  (cost=0.43..412.93 rows=103 width=125)
	  Index Cond: ((id >= 9483046) AND (id <= 9483146))

table 2 : explain SELECT id, c FROM sbtest2 WHERE id BETWEEN 9483046 AND 9483146
	Index Scan using sbtest2_pkey on sbtest2  (cost=0.43..415.73 rows=104 width=125)
	  Index Cond: ((id >= 9483046) AND (id <= 9483146))

table 3 : explain SELECT id, c FROM sbtest3 WHERE id BETWEEN 9483046 AND 9483146
	Index Scan using sbtest3_pkey on sbtest3  (cost=0.43..392.76 rows=98 width=125)
	  Index Cond: ((id >= 9483046) AND (id <= 9483146))

table 4 : explain SELECT id, c FROM sbtest4 WHERE id BETWEEN 9483046 AND 9483146
	Index Scan using sbtest4_pkey on sbtest4  (cost=0.43..400.66 rows=100 width=125)
	  Index Cond: ((id >= 9483046) AND (id <= 9483146))

table 5 : explain SELECT id, c FROM sbtest5 WHERE id BETWEEN 9483046 AND 9483146
	Index Scan using sbtest5_pkey on sbtest5  (cost=0.43..384.08 rows=96 width=125)
	  Index Cond: ((id >= 9483046) AND (id <= 9483146))

table 6 : explain SELECT id, c FROM sbtest6 WHERE id BETWEEN 9483046 AND 9483146
	Index Scan using sbtest6_pkey on sbtest6  (cost=0.43..443.29 rows=111 width=125)
	  Index Cond: ((id >= 9483046) AND (id <= 9483146))

table 7 : explain SELECT id, c FROM sbtest7 WHERE id BETWEEN 9483046 AND 9483146
	Index Scan using sbtest7_pkey on sbtest7  (cost=0.43..399.47 rows=100 width=125)
	  Index Cond: ((id >= 9483046) AND (id <= 9483146))

table 8 : explain SELECT id, c FROM sbtest8 WHERE id BETWEEN 9483046 AND 9483146
	Index Scan using sbtest8_pkey on sbtest8  (cost=0.43..396.47 rows=99 width=125)
	  Index Cond: ((id >= 9483046) AND (id <= 9483146))

explain: for range-notcovered :: explain SELECT id, c FROM sbtest%d WHERE id BETWEEN 9483046 AND 9483146
for range-notcovered
table 1 : explain SELECT id, c FROM sbtest1 WHERE id BETWEEN 5379296 AND 5379396
	Index Scan using sbtest1_pkey on sbtest1  (cost=0.43..436.72 rows=109 width=125)
	  Index Cond: ((id >= 5379296) AND (id <= 5379396))

table 2 : explain SELECT id, c FROM sbtest2 WHERE id BETWEEN 5379296 AND 5379396
	Index Scan using sbtest2_pkey on sbtest2  (cost=0.43..407.82 rows=102 width=125)
	  Index Cond: ((id >= 5379296) AND (id <= 5379396))

table 3 : explain SELECT id, c FROM sbtest3 WHERE id BETWEEN 5379296 AND 5379396
	Index Scan using sbtest3_pkey on sbtest3  (cost=0.43..424.46 rows=106 width=125)
	  Index Cond: ((id >= 5379296) AND (id <= 5379396))

table 4 : explain SELECT id, c FROM sbtest4 WHERE id BETWEEN 5379296 AND 5379396
	Index Scan using sbtest4_pkey on sbtest4  (cost=0.43..440.28 rows=110 width=125)
	  Index Cond: ((id >= 5379296) AND (id <= 5379396))

table 5 : explain SELECT id, c FROM sbtest5 WHERE id BETWEEN 5379296 AND 5379396
	Index Scan using sbtest5_pkey on sbtest5  (cost=0.43..411.77 rows=103 width=125)
	  Index Cond: ((id >= 5379296) AND (id <= 5379396))

table 6 : explain SELECT id, c FROM sbtest6 WHERE id BETWEEN 5379296 AND 5379396
	Index Scan using sbtest6_pkey on sbtest6  (cost=0.43..383.98 rows=96 width=125)
	  Index Cond: ((id >= 5379296) AND (id <= 5379396))

table 7 : explain SELECT id, c FROM sbtest7 WHERE id BETWEEN 5379296 AND 5379396
	Index Scan using sbtest7_pkey on sbtest7  (cost=0.43..391.55 rows=98 width=125)
	  Index Cond: ((id >= 5379296) AND (id <= 5379396))

table 8 : explain SELECT id, c FROM sbtest8 WHERE id BETWEEN 5379296 AND 5379396
	Index Scan using sbtest8_pkey on sbtest8  (cost=0.43..408.35 rows=102 width=125)
	  Index Cond: ((id >= 5379296) AND (id <= 5379396))

explain: for range-notcovered :: explain SELECT id, c FROM sbtest%d WHERE id BETWEEN 5379296 AND 5379396
for range-notcovered
table 1 : explain SELECT id, c FROM sbtest1 WHERE id BETWEEN 6732512 AND 6732612
	Index Scan using sbtest1_pkey on sbtest1  (cost=0.43..404.99 rows=101 width=125)
	  Index Cond: ((id >= 6732512) AND (id <= 6732612))

table 2 : explain SELECT id, c FROM sbtest2 WHERE id BETWEEN 6732512 AND 6732612
	Index Scan using sbtest2_pkey on sbtest2  (cost=0.43..403.87 rows=101 width=125)
	  Index Cond: ((id >= 6732512) AND (id <= 6732612))

table 3 : explain SELECT id, c FROM sbtest3 WHERE id BETWEEN 6732512 AND 6732612
	Index Scan using sbtest3_pkey on sbtest3  (cost=0.43..392.76 rows=98 width=125)
	  Index Cond: ((id >= 6732512) AND (id <= 6732612))

table 4 : explain SELECT id, c FROM sbtest4 WHERE id BETWEEN 6732512 AND 6732612
	Index Scan using sbtest4_pkey on sbtest4  (cost=0.43..396.69 rows=99 width=125)
	  Index Cond: ((id >= 6732512) AND (id <= 6732612))

table 5 : explain SELECT id, c FROM sbtest5 WHERE id BETWEEN 6732512 AND 6732612
	Index Scan using sbtest5_pkey on sbtest5  (cost=0.43..423.63 rows=106 width=125)
	  Index Cond: ((id >= 6732512) AND (id <= 6732612))

table 6 : explain SELECT id, c FROM sbtest6 WHERE id BETWEEN 6732512 AND 6732612
	Index Scan using sbtest6_pkey on sbtest6  (cost=0.43..435.38 rows=109 width=125)
	  Index Cond: ((id >= 6732512) AND (id <= 6732612))

table 7 : explain SELECT id, c FROM sbtest7 WHERE id BETWEEN 6732512 AND 6732612
	Index Scan using sbtest7_pkey on sbtest7  (cost=0.43..379.71 rows=95 width=125)
	  Index Cond: ((id >= 6732512) AND (id <= 6732612))

table 8 : explain SELECT id, c FROM sbtest8 WHERE id BETWEEN 6732512 AND 6732612
	Index Scan using sbtest8_pkey on sbtest8  (cost=0.43..400.43 rows=100 width=125)
	  Index Cond: ((id >= 6732512) AND (id <= 6732612))

explain: for range-notcovered :: explain SELECT id, c FROM sbtest%d WHERE id BETWEEN 6732512 AND 6732612
for range-notcovered
table 1 : explain SELECT id, c FROM sbtest1 WHERE id BETWEEN 5365206 AND 5365306
	Index Scan using sbtest1_pkey on sbtest1  (cost=0.43..436.72 rows=109 width=125)
	  Index Cond: ((id >= 5365206) AND (id <= 5365306))

table 2 : explain SELECT id, c FROM sbtest2 WHERE id BETWEEN 5365206 AND 5365306
	Index Scan using sbtest2_pkey on sbtest2  (cost=0.43..407.82 rows=102 width=125)
	  Index Cond: ((id >= 5365206) AND (id <= 5365306))

table 3 : explain SELECT id, c FROM sbtest3 WHERE id BETWEEN 5365206 AND 5365306
	Index Scan using sbtest3_pkey on sbtest3  (cost=0.43..424.46 rows=106 width=125)
	  Index Cond: ((id >= 5365206) AND (id <= 5365306))

table 4 : explain SELECT id, c FROM sbtest4 WHERE id BETWEEN 5365206 AND 5365306
	Index Scan using sbtest4_pkey on sbtest4  (cost=0.43..440.28 rows=110 width=125)
	  Index Cond: ((id >= 5365206) AND (id <= 5365306))

table 5 : explain SELECT id, c FROM sbtest5 WHERE id BETWEEN 5365206 AND 5365306
	Index Scan using sbtest5_pkey on sbtest5  (cost=0.43..411.77 rows=103 width=125)
	  Index Cond: ((id >= 5365206) AND (id <= 5365306))

table 6 : explain SELECT id, c FROM sbtest6 WHERE id BETWEEN 5365206 AND 5365306
	Index Scan using sbtest6_pkey on sbtest6  (cost=0.43..383.98 rows=96 width=125)
	  Index Cond: ((id >= 5365206) AND (id <= 5365306))

table 7 : explain SELECT id, c FROM sbtest7 WHERE id BETWEEN 5365206 AND 5365306
	Index Scan using sbtest7_pkey on sbtest7  (cost=0.43..391.55 rows=98 width=125)
	  Index Cond: ((id >= 5365206) AND (id <= 5365306))

table 8 : explain SELECT id, c FROM sbtest8 WHERE id BETWEEN 5365206 AND 5365306
	Index Scan using sbtest8_pkey on sbtest8  (cost=0.43..408.35 rows=102 width=125)
	  Index Cond: ((id >= 5365206) AND (id <= 5365306))

for range-notcovered
table 1 : explain SELECT id, c FROM sbtest1 WHERE id BETWEEN 4695012 AND 4695112
	Index Scan using sbtest1_pkey on sbtest1  (cost=0.43..389.13 rows=97 width=125)
	  Index Cond: ((id >= 4695012) AND (id <= 4695112))

table 2 : explain SELECT id, c FROM sbtest2 WHERE id BETWEEN 4695012 AND 4695112
	Index Scan using sbtest2_pkey on sbtest2  (cost=0.43..395.94 rows=99 width=125)
	  Index Cond: ((id >= 4695012) AND (id <= 4695112))

table 3 : explain SELECT id, c FROM sbtest3 WHERE id BETWEEN 4695012 AND 4695112
	Index Scan using sbtest3_pkey on sbtest3  (cost=0.43..380.87 rows=95 width=125)
	  Index Cond: ((id >= 4695012) AND (id <= 4695112))

table 4 : explain SELECT id, c FROM sbtest4 WHERE id BETWEEN 4695012 AND 4695112
	Index Scan using sbtest4_pkey on sbtest4  (cost=0.43..424.43 rows=106 width=125)
	  Index Cond: ((id >= 4695012) AND (id <= 4695112))

table 5 : explain SELECT id, c FROM sbtest5 WHERE id BETWEEN 4695012 AND 4695112
	Index Scan using sbtest5_pkey on sbtest5  (cost=0.43..427.58 rows=107 width=125)
	  Index Cond: ((id >= 4695012) AND (id <= 4695112))

table 6 : explain SELECT id, c FROM sbtest6 WHERE id BETWEEN 4695012 AND 4695112
	Index Scan using sbtest6_pkey on sbtest6  (cost=0.43..368.17 rows=92 width=125)
	  Index Cond: ((id >= 4695012) AND (id <= 4695112))

table 7 : explain SELECT id, c FROM sbtest7 WHERE id BETWEEN 4695012 AND 4695112
	Index Scan using sbtest7_pkey on sbtest7  (cost=0.43..403.42 rows=101 width=125)
	  Index Cond: ((id >= 4695012) AND (id <= 4695112))

table 8 : explain SELECT id, c FROM sbtest8 WHERE id BETWEEN 4695012 AND 4695112
	Index Scan using sbtest8_pkey on sbtest8  (cost=0.43..392.50 rows=98 width=125)
	  Index Cond: ((id >= 4695012) AND (id <= 4695112))

explain: for range-notcovered :: explain SELECT id, c FROM sbtest%d WHERE id BETWEEN 4144616 AND 4144716
for range-notcovered
table 1 : explain SELECT id, c FROM sbtest1 WHERE id BETWEEN 7815877 AND 7815977
	Index Scan using sbtest1_pkey on sbtest1  (cost=0.43..401.02 rows=100 width=125)
	  Index Cond: ((id >= 7815877) AND (id <= 7815977))

table 2 : explain SELECT id, c FROM sbtest2 WHERE id BETWEEN 7815877 AND 7815977
	Index Scan using sbtest2_pkey on sbtest2  (cost=0.43..419.68 rows=105 width=125)
	  Index Cond: ((id >= 7815877) AND (id <= 7815977))

table 3 : explain SELECT id, c FROM sbtest3 WHERE id BETWEEN 7815877 AND 7815977
	Index Scan using sbtest3_pkey on sbtest3  (cost=0.43..400.68 rows=100 width=125)
	  Index Cond: ((id >= 7815877) AND (id <= 7815977))

table 4 : explain SELECT id, c FROM sbtest4 WHERE id BETWEEN 7815877 AND 7815977
	Index Scan using sbtest4_pkey on sbtest4  (cost=0.43..372.92 rows=93 width=125)
	  Index Cond: ((id >= 7815877) AND (id <= 7815977))

table 5 : explain SELECT id, c FROM sbtest5 WHERE id BETWEEN 7815877 AND 7815977
	Index Scan using sbtest5_pkey on sbtest5  (cost=0.43..380.12 rows=95 width=125)
	  Index Cond: ((id >= 7815877) AND (id <= 7815977))

table 6 : explain SELECT id, c FROM sbtest6 WHERE id BETWEEN 7815877 AND 7815977
	Index Scan using sbtest6_pkey on sbtest6  (cost=0.43..383.98 rows=96 width=125)
	  Index Cond: ((id >= 7815877) AND (id <= 7815977))

table 7 : explain SELECT id, c FROM sbtest7 WHERE id BETWEEN 7815877 AND 7815977
	Index Scan using sbtest7_pkey on sbtest7  (cost=0.43..391.55 rows=98 width=125)
	  Index Cond: ((id >= 7815877) AND (id <= 7815977))

table 8 : explain SELECT id, c FROM sbtest8 WHERE id BETWEEN 7815877 AND 7815977
	Index Scan using sbtest8_pkey on sbtest8  (cost=0.43..412.31 rows=103 width=125)
	  Index Cond: ((id >= 7815877) AND (id <= 7815977))

for range-notcovered
table 1 : explain SELECT id, c FROM sbtest1 WHERE id BETWEEN 634350 AND 634450
	Index Scan using sbtest1_pkey on sbtest1  (cost=0.43..385.16 rows=96 width=125)
	  Index Cond: ((id >= 634350) AND (id <= 634450))

table 2 : explain SELECT id, c FROM sbtest2 WHERE id BETWEEN 634350 AND 634450
	Index Scan using sbtest2_pkey on sbtest2  (cost=0.43..427.59 rows=107 width=125)
	  Index Cond: ((id >= 634350) AND (id <= 634450))

table 3 : explain SELECT id, c FROM sbtest3 WHERE id BETWEEN 634350 AND 634450
	Index Scan using sbtest3_pkey on sbtest3  (cost=0.43..396.72 rows=99 width=125)
	  Index Cond: ((id >= 634350) AND (id <= 634450))

table 4 : explain SELECT id, c FROM sbtest4 WHERE id BETWEEN 634350 AND 634450
	Index Scan using sbtest4_pkey on sbtest4  (cost=0.43..424.43 rows=106 width=125)
	  Index Cond: ((id >= 634350) AND (id <= 634450))

table 5 : explain SELECT id, c FROM sbtest5 WHERE id BETWEEN 634350 AND 634450
	Index Scan using sbtest5_pkey on sbtest5  (cost=0.43..399.91 rows=100 width=125)
	  Index Cond: ((id >= 634350) AND (id <= 634450))

table 6 : explain SELECT id, c FROM sbtest6 WHERE id BETWEEN 634350 AND 634450
	Index Scan using sbtest6_pkey on sbtest6  (cost=0.43..387.93 rows=97 width=125)
	  Index Cond: ((id >= 634350) AND (id <= 634450))

table 7 : explain SELECT id, c FROM sbtest7 WHERE id BETWEEN 634350 AND 634450
	Index Scan using sbtest7_pkey on sbtest7  (cost=0.43..415.27 rows=104 width=125)
	  Index Cond: ((id >= 634350) AND (id <= 634450))

table 8 : explain SELECT id, c FROM sbtest8 WHERE id BETWEEN 634350 AND 634450
	Index Scan using sbtest8_pkey on sbtest8  (cost=0.43..428.14 rows=107 width=125)
	  Index Cond: ((id >= 634350) AND (id <= 634450))

explain: for range-notcovered :: explain SELECT id, c FROM sbtest%d WHERE id BETWEEN 7815877 AND 7815977
explain: for range-notcovered :: explain SELECT id, c FROM sbtest%d WHERE id BETWEEN 634350 AND 634450
for range-notcovered
table 1 : explain SELECT id, c FROM sbtest1 WHERE id BETWEEN 9483046 AND 9483146
	Index Scan using sbtest1_pkey on sbtest1  (cost=0.43..412.93 rows=103 width=125)
	  Index Cond: ((id >= 9483046) AND (id <= 9483146))

table 2 : explain SELECT id, c FROM sbtest2 WHERE id BETWEEN 9483046 AND 9483146
	Index Scan using sbtest2_pkey on sbtest2  (cost=0.43..415.73 rows=104 width=125)
	  Index Cond: ((id >= 9483046) AND (id <= 9483146))

table 3 : explain SELECT id, c FROM sbtest3 WHERE id BETWEEN 9483046 AND 9483146
	Index Scan using sbtest3_pkey on sbtest3  (cost=0.43..392.76 rows=98 width=125)
	  Index Cond: ((id >= 9483046) AND (id <= 9483146))

table 4 : explain SELECT id, c FROM sbtest4 WHERE id BETWEEN 9483046 AND 9483146
	Index Scan using sbtest4_pkey on sbtest4  (cost=0.43..400.66 rows=100 width=125)
	  Index Cond: ((id >= 9483046) AND (id <= 9483146))

table 5 : explain SELECT id, c FROM sbtest5 WHERE id BETWEEN 9483046 AND 9483146
	Index Scan using sbtest5_pkey on sbtest5  (cost=0.43..384.08 rows=96 width=125)
	  Index Cond: ((id >= 9483046) AND (id <= 9483146))

table 6 : explain SELECT id, c FROM sbtest6 WHERE id BETWEEN 9483046 AND 9483146
	Index Scan using sbtest6_pkey on sbtest6  (cost=0.43..443.29 rows=111 width=125)
	  Index Cond: ((id >= 9483046) AND (id <= 9483146))

table 7 : explain SELECT id, c FROM sbtest7 WHERE id BETWEEN 9483046 AND 9483146
	Index Scan using sbtest7_pkey on sbtest7  (cost=0.43..399.47 rows=100 width=125)
	  Index Cond: ((id >= 9483046) AND (id <= 9483146))

table 8 : explain SELECT id, c FROM sbtest8 WHERE id BETWEEN 9483046 AND 9483146
	Index Scan using sbtest8_pkey on sbtest8  (cost=0.43..396.47 rows=99 width=125)
	  Index Cond: ((id >= 9483046) AND (id <= 9483146))

explain: for range-notcovered :: explain SELECT id, c FROM sbtest%d WHERE id BETWEEN 9483046 AND 9483146
for range-notcovered
table 1 : explain SELECT id, c FROM sbtest1 WHERE id BETWEEN 5379296 AND 5379396
	Index Scan using sbtest1_pkey on sbtest1  (cost=0.43..436.72 rows=109 width=125)
	  Index Cond: ((id >= 5379296) AND (id <= 5379396))

table 2 : explain SELECT id, c FROM sbtest2 WHERE id BETWEEN 5379296 AND 5379396
	Index Scan using sbtest2_pkey on sbtest2  (cost=0.43..407.82 rows=102 width=125)
	  Index Cond: ((id >= 5379296) AND (id <= 5379396))

table 3 : explain SELECT id, c FROM sbtest3 WHERE id BETWEEN 5379296 AND 5379396
	Index Scan using sbtest3_pkey on sbtest3  (cost=0.43..424.46 rows=106 width=125)
	  Index Cond: ((id >= 5379296) AND (id <= 5379396))

table 4 : explain SELECT id, c FROM sbtest4 WHERE id BETWEEN 5379296 AND 5379396
	Index Scan using sbtest4_pkey on sbtest4  (cost=0.43..440.28 rows=110 width=125)
	  Index Cond: ((id >= 5379296) AND (id <= 5379396))

table 5 : explain SELECT id, c FROM sbtest5 WHERE id BETWEEN 5379296 AND 5379396
	Index Scan using sbtest5_pkey on sbtest5  (cost=0.43..411.77 rows=103 width=125)
	  Index Cond: ((id >= 5379296) AND (id <= 5379396))

table 6 : explain SELECT id, c FROM sbtest6 WHERE id BETWEEN 5379296 AND 5379396
	Index Scan using sbtest6_pkey on sbtest6  (cost=0.43..383.98 rows=96 width=125)
	  Index Cond: ((id >= 5379296) AND (id <= 5379396))

table 7 : explain SELECT id, c FROM sbtest7 WHERE id BETWEEN 5379296 AND 5379396
	Index Scan using sbtest7_pkey on sbtest7  (cost=0.43..391.55 rows=98 width=125)
	  Index Cond: ((id >= 5379296) AND (id <= 5379396))

table 8 : explain SELECT id, c FROM sbtest8 WHERE id BETWEEN 5379296 AND 5379396
	Index Scan using sbtest8_pkey on sbtest8  (cost=0.43..408.35 rows=102 width=125)
	  Index Cond: ((id >= 5379296) AND (id <= 5379396))

for range-notcovered
table 1 : explain SELECT id, c FROM sbtest1 WHERE id BETWEEN 6732512 AND 6732612
	Index Scan using sbtest1_pkey on sbtest1  (cost=0.43..404.99 rows=101 width=125)
	  Index Cond: ((id >= 6732512) AND (id <= 6732612))

table 2 : explain SELECT id, c FROM sbtest2 WHERE id BETWEEN 6732512 AND 6732612
	Index Scan using sbtest2_pkey on sbtest2  (cost=0.43..403.87 rows=101 width=125)
	  Index Cond: ((id >= 6732512) AND (id <= 6732612))

table 3 : explain SELECT id, c FROM sbtest3 WHERE id BETWEEN 6732512 AND 6732612
	Index Scan using sbtest3_pkey on sbtest3  (cost=0.43..392.76 rows=98 width=125)
	  Index Cond: ((id >= 6732512) AND (id <= 6732612))

table 4 : explain SELECT id, c FROM sbtest4 WHERE id BETWEEN 6732512 AND 6732612
	Index Scan using sbtest4_pkey on sbtest4  (cost=0.43..396.69 rows=99 width=125)
	  Index Cond: ((id >= 6732512) AND (id <= 6732612))

table 5 : explain SELECT id, c FROM sbtest5 WHERE id BETWEEN 6732512 AND 6732612
	Index Scan using sbtest5_pkey on sbtest5  (cost=0.43..423.63 rows=106 width=125)
	  Index Cond: ((id >= 6732512) AND (id <= 6732612))

table 6 : explain SELECT id, c FROM sbtest6 WHERE id BETWEEN 6732512 AND 6732612
	Index Scan using sbtest6_pkey on sbtest6  (cost=0.43..435.38 rows=109 width=125)
	  Index Cond: ((id >= 6732512) AND (id <= 6732612))

table 7 : explain SELECT id, c FROM sbtest7 WHERE id BETWEEN 6732512 AND 6732612
	Index Scan using sbtest7_pkey on sbtest7  (cost=0.43..379.71 rows=95 width=125)
	  Index Cond: ((id >= 6732512) AND (id <= 6732612))

table 8 : explain SELECT id, c FROM sbtest8 WHERE id BETWEEN 6732512 AND 6732612
	Index Scan using sbtest8_pkey on sbtest8  (cost=0.43..400.43 rows=100 width=125)
	  Index Cond: ((id >= 6732512) AND (id <= 6732612))

for range-notcovered
table 1 : explain SELECT id, c FROM sbtest1 WHERE id BETWEEN 2125093 AND 2125193
	Index Scan using sbtest1_pkey on sbtest1  (cost=0.43..412.93 rows=103 width=125)
	  Index Cond: ((id >= 2125093) AND (id <= 2125193))

table 2 : explain SELECT id, c FROM sbtest2 WHERE id BETWEEN 2125093 AND 2125193
	Index Scan using sbtest2_pkey on sbtest2  (cost=0.43..407.82 rows=102 width=125)
	  Index Cond: ((id >= 2125093) AND (id <= 2125193))

table 3 : explain SELECT id, c FROM sbtest3 WHERE id BETWEEN 2125093 AND 2125193
	Index Scan using sbtest3_pkey on sbtest3  (cost=0.43..368.99 rows=92 width=125)
	  Index Cond: ((id >= 2125093) AND (id <= 2125193))

table 4 : explain SELECT id, c FROM sbtest4 WHERE id BETWEEN 2125093 AND 2125193
	Index Scan using sbtest4_pkey on sbtest4  (cost=0.43..412.55 rows=103 width=125)
	  Index Cond: ((id >= 2125093) AND (id <= 2125193))

table 5 : explain SELECT id, c FROM sbtest5 WHERE id BETWEEN 2125093 AND 2125193
	Index Scan using sbtest5_pkey on sbtest5  (cost=0.43..372.22 rows=93 width=125)
	  Index Cond: ((id >= 2125093) AND (id <= 2125193))

table 6 : explain SELECT id, c FROM sbtest6 WHERE id BETWEEN 2125093 AND 2125193
	Index Scan using sbtest6_pkey on sbtest6  (cost=0.43..403.76 rows=101 width=125)
	  Index Cond: ((id >= 2125093) AND (id <= 2125193))

table 7 : explain SELECT id, c FROM sbtest7 WHERE id BETWEEN 2125093 AND 2125193
	Index Scan using sbtest7_pkey on sbtest7  (cost=0.43..462.66 rows=116 width=125)
	  Index Cond: ((id >= 2125093) AND (id <= 2125193))

table 8 : explain SELECT id, c FROM sbtest8 WHERE id BETWEEN 2125093 AND 2125193
	Index Scan using sbtest8_pkey on sbtest8  (cost=0.43..432.10 rows=108 width=125)
	  Index Cond: ((id >= 2125093) AND (id <= 2125193))

explain: for range-notcovered :: explain SELECT id, c FROM sbtest%d WHERE id BETWEEN 2125093 AND 2125193
for range-notcovered
table 1 : explain SELECT id, c FROM sbtest1 WHERE id BETWEEN 7815877 AND 7815977
	Index Scan using sbtest1_pkey on sbtest1  (cost=0.43..401.02 rows=100 width=125)
	  Index Cond: ((id >= 7815877) AND (id <= 7815977))

table 2 : explain SELECT id, c FROM sbtest2 WHERE id BETWEEN 7815877 AND 7815977
	Index Scan using sbtest2_pkey on sbtest2  (cost=0.43..419.68 rows=105 width=125)
	  Index Cond: ((id >= 7815877) AND (id <= 7815977))

table 3 : explain SELECT id, c FROM sbtest3 WHERE id BETWEEN 7815877 AND 7815977
	Index Scan using sbtest3_pkey on sbtest3  (cost=0.43..400.68 rows=100 width=125)
	  Index Cond: ((id >= 7815877) AND (id <= 7815977))

table 4 : explain SELECT id, c FROM sbtest4 WHERE id BETWEEN 7815877 AND 7815977
	Index Scan using sbtest4_pkey on sbtest4  (cost=0.43..372.92 rows=93 width=125)
	  Index Cond: ((id >= 7815877) AND (id <= 7815977))

table 5 : explain SELECT id, c FROM sbtest5 WHERE id BETWEEN 7815877 AND 7815977
	Index Scan using sbtest5_pkey on sbtest5  (cost=0.43..380.12 rows=95 width=125)
	  Index Cond: ((id >= 7815877) AND (id <= 7815977))

table 6 : explain SELECT id, c FROM sbtest6 WHERE id BETWEEN 7815877 AND 7815977
	Index Scan using sbtest6_pkey on sbtest6  (cost=0.43..383.98 rows=96 width=125)
	  Index Cond: ((id >= 7815877) AND (id <= 7815977))

table 7 : explain SELECT id, c FROM sbtest7 WHERE id BETWEEN 7815877 AND 7815977
	Index Scan using sbtest7_pkey on sbtest7  (cost=0.43..391.55 rows=98 width=125)
	  Index Cond: ((id >= 7815877) AND (id <= 7815977))

table 8 : explain SELECT id, c FROM sbtest8 WHERE id BETWEEN 7815877 AND 7815977
	Index Scan using sbtest8_pkey on sbtest8  (cost=0.43..412.31 rows=103 width=125)
	  Index Cond: ((id >= 7815877) AND (id <= 7815977))

for range-notcovered
table 1 : explain SELECT id, c FROM sbtest1 WHERE id BETWEEN 634350 AND 634450
	Index Scan using sbtest1_pkey on sbtest1  (cost=0.43..385.16 rows=96 width=125)
	  Index Cond: ((id >= 634350) AND (id <= 634450))

table 2 : explain SELECT id, c FROM sbtest2 WHERE id BETWEEN 634350 AND 634450
	Index Scan using sbtest2_pkey on sbtest2  (cost=0.43..427.59 rows=107 width=125)
	  Index Cond: ((id >= 634350) AND (id <= 634450))

table 3 : explain SELECT id, c FROM sbtest3 WHERE id BETWEEN 634350 AND 634450
	Index Scan using sbtest3_pkey on sbtest3  (cost=0.43..396.72 rows=99 width=125)
	  Index Cond: ((id >= 634350) AND (id <= 634450))

table 4 : explain SELECT id, c FROM sbtest4 WHERE id BETWEEN 634350 AND 634450
	Index Scan using sbtest4_pkey on sbtest4  (cost=0.43..424.43 rows=106 width=125)
	  Index Cond: ((id >= 634350) AND (id <= 634450))

table 5 : explain SELECT id, c FROM sbtest5 WHERE id BETWEEN 634350 AND 634450
	Index Scan using sbtest5_pkey on sbtest5  (cost=0.43..399.91 rows=100 width=125)
	  Index Cond: ((id >= 634350) AND (id <= 634450))

table 6 : explain SELECT id, c FROM sbtest6 WHERE id BETWEEN 634350 AND 634450
	Index Scan using sbtest6_pkey on sbtest6  (cost=0.43..387.93 rows=97 width=125)
	  Index Cond: ((id >= 634350) AND (id <= 634450))

table 7 : explain SELECT id, c FROM sbtest7 WHERE id BETWEEN 634350 AND 634450
	Index Scan using sbtest7_pkey on sbtest7  (cost=0.43..415.27 rows=104 width=125)
	  Index Cond: ((id >= 634350) AND (id <= 634450))

table 8 : explain SELECT id, c FROM sbtest8 WHERE id BETWEEN 634350 AND 634450
	Index Scan using sbtest8_pkey on sbtest8  (cost=0.43..428.14 rows=107 width=125)
	  Index Cond: ((id >= 634350) AND (id <= 634450))

explain: for range-notcovered :: explain SELECT id, c FROM sbtest%d WHERE id BETWEEN 7815877 AND 7815977
explain: for range-notcovered :: explain SELECT id, c FROM sbtest%d WHERE id BETWEEN 634350 AND 634450
for range-notcovered
table 1 : explain SELECT id, c FROM sbtest1 WHERE id BETWEEN 9483046 AND 9483146
	Index Scan using sbtest1_pkey on sbtest1  (cost=0.43..412.93 rows=103 width=125)
	  Index Cond: ((id >= 9483046) AND (id <= 9483146))

table 2 : explain SELECT id, c FROM sbtest2 WHERE id BETWEEN 9483046 AND 9483146
	Index Scan using sbtest2_pkey on sbtest2  (cost=0.43..415.73 rows=104 width=125)
	  Index Cond: ((id >= 9483046) AND (id <= 9483146))

table 3 : explain SELECT id, c FROM sbtest3 WHERE id BETWEEN 9483046 AND 9483146
	Index Scan using sbtest3_pkey on sbtest3  (cost=0.43..392.76 rows=98 width=125)
	  Index Cond: ((id >= 9483046) AND (id <= 9483146))

table 4 : explain SELECT id, c FROM sbtest4 WHERE id BETWEEN 9483046 AND 9483146
	Index Scan using sbtest4_pkey on sbtest4  (cost=0.43..400.66 rows=100 width=125)
	  Index Cond: ((id >= 9483046) AND (id <= 9483146))

table 5 : explain SELECT id, c FROM sbtest5 WHERE id BETWEEN 9483046 AND 9483146
	Index Scan using sbtest5_pkey on sbtest5  (cost=0.43..384.08 rows=96 width=125)
	  Index Cond: ((id >= 9483046) AND (id <= 9483146))

table 6 : explain SELECT id, c FROM sbtest6 WHERE id BETWEEN 9483046 AND 9483146
	Index Scan using sbtest6_pkey on sbtest6  (cost=0.43..443.29 rows=111 width=125)
	  Index Cond: ((id >= 9483046) AND (id <= 9483146))

table 7 : explain SELECT id, c FROM sbtest7 WHERE id BETWEEN 9483046 AND 9483146
	Index Scan using sbtest7_pkey on sbtest7  (cost=0.43..399.47 rows=100 width=125)
	  Index Cond: ((id >= 9483046) AND (id <= 9483146))

table 8 : explain SELECT id, c FROM sbtest8 WHERE id BETWEEN 9483046 AND 9483146
	Index Scan using sbtest8_pkey on sbtest8  (cost=0.43..396.47 rows=99 width=125)
	  Index Cond: ((id >= 9483046) AND (id <= 9483146))

explain: for range-notcovered :: explain SELECT id, c FROM sbtest%d WHERE id BETWEEN 9483046 AND 9483146
for range-notcovered
table 1 : explain SELECT id, c FROM sbtest1 WHERE id BETWEEN 2125093 AND 2125193
	Index Scan using sbtest1_pkey on sbtest1  (cost=0.43..412.93 rows=103 width=125)
	  Index Cond: ((id >= 2125093) AND (id <= 2125193))

table 2 : explain SELECT id, c FROM sbtest2 WHERE id BETWEEN 2125093 AND 2125193
	Index Scan using sbtest2_pkey on sbtest2  (cost=0.43..407.82 rows=102 width=125)
	  Index Cond: ((id >= 2125093) AND (id <= 2125193))

table 3 : explain SELECT id, c FROM sbtest3 WHERE id BETWEEN 2125093 AND 2125193
	Index Scan using sbtest3_pkey on sbtest3  (cost=0.43..368.99 rows=92 width=125)
	  Index Cond: ((id >= 2125093) AND (id <= 2125193))

table 4 : explain SELECT id, c FROM sbtest4 WHERE id BETWEEN 2125093 AND 2125193
	Index Scan using sbtest4_pkey on sbtest4  (cost=0.43..412.55 rows=103 width=125)
	  Index Cond: ((id >= 2125093) AND (id <= 2125193))

table 5 : explain SELECT id, c FROM sbtest5 WHERE id BETWEEN 2125093 AND 2125193
	Index Scan using sbtest5_pkey on sbtest5  (cost=0.43..372.22 rows=93 width=125)
	  Index Cond: ((id >= 2125093) AND (id <= 2125193))

table 6 : explain SELECT id, c FROM sbtest6 WHERE id BETWEEN 2125093 AND 2125193
	Index Scan using sbtest6_pkey on sbtest6  (cost=0.43..403.76 rows=101 width=125)
	  Index Cond: ((id >= 2125093) AND (id <= 2125193))

table 7 : explain SELECT id, c FROM sbtest7 WHERE id BETWEEN 2125093 AND 2125193
	Index Scan using sbtest7_pkey on sbtest7  (cost=0.43..462.66 rows=116 width=125)
	  Index Cond: ((id >= 2125093) AND (id <= 2125193))

table 8 : explain SELECT id, c FROM sbtest8 WHERE id BETWEEN 2125093 AND 2125193
	Index Scan using sbtest8_pkey on sbtest8  (cost=0.43..432.10 rows=108 width=125)
	  Index Cond: ((id >= 2125093) AND (id <= 2125193))

for range-notcovered
table 1 : explain SELECT id, c FROM sbtest1 WHERE id BETWEEN 5691234 AND 5691334
	Index Scan using sbtest1_pkey on sbtest1  (cost=0.43..404.99 rows=101 width=125)
	  Index Cond: ((id >= 5691234) AND (id <= 5691334))

table 2 : explain SELECT id, c FROM sbtest2 WHERE id BETWEEN 5691234 AND 5691334
	Index Scan using sbtest2_pkey on sbtest2  (cost=0.43..391.99 rows=98 width=125)
	  Index Cond: ((id >= 5691234) AND (id <= 5691334))

table 3 : explain SELECT id, c FROM sbtest3 WHERE id BETWEEN 5691234 AND 5691334
	Index Scan using sbtest3_pkey on sbtest3  (cost=0.43..357.10 rows=89 width=125)
	  Index Cond: ((id >= 5691234) AND (id <= 5691334))

table 4 : explain SELECT id, c FROM sbtest4 WHERE id BETWEEN 5691234 AND 5691334
	Index Scan using sbtest4_pkey on sbtest4  (cost=0.43..460.08 rows=115 width=125)
	  Index Cond: ((id >= 5691234) AND (id <= 5691334))

table 5 : explain SELECT id, c FROM sbtest5 WHERE id BETWEEN 5691234 AND 5691334
	Index Scan using sbtest5_pkey on sbtest5  (cost=0.43..419.68 rows=105 width=125)
	  Index Cond: ((id >= 5691234) AND (id <= 5691334))

table 6 : explain SELECT id, c FROM sbtest6 WHERE id BETWEEN 5691234 AND 5691334
	Index Scan using sbtest6_pkey on sbtest6  (cost=0.43..427.48 rows=107 width=125)
	  Index Cond: ((id >= 5691234) AND (id <= 5691334))

table 7 : explain SELECT id, c FROM sbtest7 WHERE id BETWEEN 5691234 AND 5691334
	Index Scan using sbtest7_pkey on sbtest7  (cost=0.43..427.11 rows=107 width=125)
	  Index Cond: ((id >= 5691234) AND (id <= 5691334))

table 8 : explain SELECT id, c FROM sbtest8 WHERE id BETWEEN 5691234 AND 5691334
	Index Scan using sbtest8_pkey on sbtest8  (cost=0.43..384.58 rows=96 width=125)
	  Index Cond: ((id >= 5691234) AND (id <= 5691334))

explain: for range-notcovered :: explain SELECT id, c FROM sbtest%d WHERE id BETWEEN 2125093 AND 2125193
for range-notcovered
table 1 : explain SELECT id, c FROM sbtest1 WHERE id BETWEEN 7815877 AND 7815977
	Index Scan using sbtest1_pkey on sbtest1  (cost=0.43..401.02 rows=100 width=125)
	  Index Cond: ((id >= 7815877) AND (id <= 7815977))

table 2 : explain SELECT id, c FROM sbtest2 WHERE id BETWEEN 7815877 AND 7815977
	Index Scan using sbtest2_pkey on sbtest2  (cost=0.43..419.68 rows=105 width=125)
	  Index Cond: ((id >= 7815877) AND (id <= 7815977))

table 3 : explain SELECT id, c FROM sbtest3 WHERE id BETWEEN 7815877 AND 7815977
	Index Scan using sbtest3_pkey on sbtest3  (cost=0.43..400.68 rows=100 width=125)
	  Index Cond: ((id >= 7815877) AND (id <= 7815977))

table 4 : explain SELECT id, c FROM sbtest4 WHERE id BETWEEN 7815877 AND 7815977
	Index Scan using sbtest4_pkey on sbtest4  (cost=0.43..372.92 rows=93 width=125)
	  Index Cond: ((id >= 7815877) AND (id <= 7815977))

table 5 : explain SELECT id, c FROM sbtest5 WHERE id BETWEEN 7815877 AND 7815977
	Index Scan using sbtest5_pkey on sbtest5  (cost=0.43..380.12 rows=95 width=125)
	  Index Cond: ((id >= 7815877) AND (id <= 7815977))

table 6 : explain SELECT id, c FROM sbtest6 WHERE id BETWEEN 7815877 AND 7815977
	Index Scan using sbtest6_pkey on sbtest6  (cost=0.43..383.98 rows=96 width=125)
	  Index Cond: ((id >= 7815877) AND (id <= 7815977))

table 7 : explain SELECT id, c FROM sbtest7 WHERE id BETWEEN 7815877 AND 7815977
	Index Scan using sbtest7_pkey on sbtest7  (cost=0.43..391.55 rows=98 width=125)
	  Index Cond: ((id >= 7815877) AND (id <= 7815977))

table 8 : explain SELECT id, c FROM sbtest8 WHERE id BETWEEN 7815877 AND 7815977
	Index Scan using sbtest8_pkey on sbtest8  (cost=0.43..412.31 rows=103 width=125)
	  Index Cond: ((id >= 7815877) AND (id <= 7815977))

explain: for range-notcovered :: explain SELECT id, c FROM sbtest%d WHERE id BETWEEN 5691234 AND 5691334
for range-notcovered
table 1 : explain SELECT id, c FROM sbtest1 WHERE id BETWEEN 634350 AND 634450
	Index Scan using sbtest1_pkey on sbtest1  (cost=0.43..385.16 rows=96 width=125)
	  Index Cond: ((id >= 634350) AND (id <= 634450))

table 2 : explain SELECT id, c FROM sbtest2 WHERE id BETWEEN 634350 AND 634450
	Index Scan using sbtest2_pkey on sbtest2  (cost=0.43..427.59 rows=107 width=125)
	  Index Cond: ((id >= 634350) AND (id <= 634450))

table 3 : explain SELECT id, c FROM sbtest3 WHERE id BETWEEN 634350 AND 634450
	Index Scan using sbtest3_pkey on sbtest3  (cost=0.43..396.72 rows=99 width=125)
	  Index Cond: ((id >= 634350) AND (id <= 634450))

table 4 : explain SELECT id, c FROM sbtest4 WHERE id BETWEEN 634350 AND 634450
	Index Scan using sbtest4_pkey on sbtest4  (cost=0.43..424.43 rows=106 width=125)
	  Index Cond: ((id >= 634350) AND (id <= 634450))

table 5 : explain SELECT id, c FROM sbtest5 WHERE id BETWEEN 634350 AND 634450
	Index Scan using sbtest5_pkey on sbtest5  (cost=0.43..399.91 rows=100 width=125)
	  Index Cond: ((id >= 634350) AND (id <= 634450))

table 6 : explain SELECT id, c FROM sbtest6 WHERE id BETWEEN 634350 AND 634450
	Index Scan using sbtest6_pkey on sbtest6  (cost=0.43..387.93 rows=97 width=125)
	  Index Cond: ((id >= 634350) AND (id <= 634450))

table 7 : explain SELECT id, c FROM sbtest7 WHERE id BETWEEN 634350 AND 634450
	Index Scan using sbtest7_pkey on sbtest7  (cost=0.43..415.27 rows=104 width=125)
	  Index Cond: ((id >= 634350) AND (id <= 634450))

table 8 : explain SELECT id, c FROM sbtest8 WHERE id BETWEEN 634350 AND 634450
	Index Scan using sbtest8_pkey on sbtest8  (cost=0.43..428.14 rows=107 width=125)
	  Index Cond: ((id >= 634350) AND (id <= 634450))
explain: for range-notcovered :: explain SELECT id, c FROM sbtest%d WHERE id BETWEEN 7815877 AND 7815977

for range-notcovered
table 1 : explain SELECT id, c FROM sbtest1 WHERE id BETWEEN 6072810 AND 6072910
	Index Scan using sbtest1_pkey on sbtest1  (cost=0.43..373.27 rows=93 width=125)
	  Index Cond: ((id >= 6072810) AND (id <= 6072910))

table 2 : explain SELECT id, c FROM sbtest2 WHERE id BETWEEN 6072810 AND 6072910
	Index Scan using sbtest2_pkey on sbtest2  (cost=0.43..403.87 rows=101 width=125)
	  Index Cond: ((id >= 6072810) AND (id <= 6072910))

table 3 : explain SELECT id, c FROM sbtest3 WHERE id BETWEEN 6072810 AND 6072910
	Index Scan using sbtest3_pkey on sbtest3  (cost=0.43..416.54 rows=104 width=125)
	  Index Cond: ((id >= 6072810) AND (id <= 6072910))

table 4 : explain SELECT id, c FROM sbtest4 WHERE id BETWEEN 6072810 AND 6072910
	Index Scan using sbtest4_pkey on sbtest4  (cost=0.43..408.59 rows=102 width=125)
	  Index Cond: ((id >= 6072810) AND (id <= 6072910))

table 5 : explain SELECT id, c FROM sbtest5 WHERE id BETWEEN 6072810 AND 6072910
	Index Scan using sbtest5_pkey on sbtest5  (cost=0.43..372.22 rows=93 width=125)
	  Index Cond: ((id >= 6072810) AND (id <= 6072910))

table 6 : explain SELECT id, c FROM sbtest6 WHERE id BETWEEN 6072810 AND 6072910
	Index Scan using sbtest6_pkey on sbtest6  (cost=0.43..391.89 rows=98 width=125)
	  Index Cond: ((id >= 6072810) AND (id <= 6072910))

table 7 : explain SELECT id, c FROM sbtest7 WHERE id BETWEEN 6072810 AND 6072910
	Index Scan using sbtest7_pkey on sbtest7  (cost=0.43..411.32 rows=103 width=125)
	  Index Cond: ((id >= 6072810) AND (id <= 6072910))

table 8 : explain SELECT id, c FROM sbtest8 WHERE id BETWEEN 6072810 AND 6072910
	Index Scan using sbtest8_pkey on sbtest8  (cost=0.43..428.14 rows=107 width=125)
	  Index Cond: ((id >= 6072810) AND (id <= 6072910))

explain: for range-notcovered :: explain SELECT id, c FROM sbtest%d WHERE id BETWEEN 634350 AND 634450
explain: for range-notcovered :: explain SELECT id, c FROM sbtest%d WHERE id BETWEEN 6072810 AND 6072910
for range-notcovered
table 1 : explain SELECT id, c FROM sbtest1 WHERE id BETWEEN 6131662 AND 6131762
	Index Scan using sbtest1_pkey on sbtest1  (cost=0.43..424.83 rows=106 width=125)
	  Index Cond: ((id >= 6131662) AND (id <= 6131762))

table 2 : explain SELECT id, c FROM sbtest2 WHERE id BETWEEN 6131662 AND 6131762
	Index Scan using sbtest2_pkey on sbtest2  (cost=0.43..427.59 rows=107 width=125)
	  Index Cond: ((id >= 6131662) AND (id <= 6131762))

table 3 : explain SELECT id, c FROM sbtest3 WHERE id BETWEEN 6131662 AND 6131762
	Index Scan using sbtest3_pkey on sbtest3  (cost=0.43..388.79 rows=97 width=125)
	  Index Cond: ((id >= 6131662) AND (id <= 6131762))

table 4 : explain SELECT id, c FROM sbtest4 WHERE id BETWEEN 6131662 AND 6131762
	Index Scan using sbtest4_pkey on sbtest4  (cost=0.43..400.66 rows=100 width=125)
	  Index Cond: ((id >= 6131662) AND (id <= 6131762))

table 5 : explain SELECT id, c FROM sbtest5 WHERE id BETWEEN 6131662 AND 6131762
	Index Scan using sbtest5_pkey on sbtest5  (cost=0.43..415.72 rows=104 width=125)
	  Index Cond: ((id >= 6131662) AND (id <= 6131762))

table 6 : explain SELECT id, c FROM sbtest6 WHERE id BETWEEN 6131662 AND 6131762
	Index Scan using sbtest6_pkey on sbtest6  (cost=0.43..391.89 rows=98 width=125)
	  Index Cond: ((id >= 6131662) AND (id <= 6131762))

table 7 : explain SELECT id, c FROM sbtest7 WHERE id BETWEEN 6131662 AND 6131762
	Index Scan using sbtest7_pkey on sbtest7  (cost=0.43..435.01 rows=109 width=125)
	  Index Cond: ((id >= 6131662) AND (id <= 6131762))

table 8 : explain SELECT id, c FROM sbtest8 WHERE id BETWEEN 6131662 AND 6131762
	Index Scan using sbtest8_pkey on sbtest8  (cost=0.43..440.02 rows=110 width=125)
	  Index Cond: ((id >= 6131662) AND (id <= 6131762))

explain: for range-notcovered :: explain SELECT id, c FROM sbtest%d WHERE id BETWEEN 6131662 AND 6131762
for range-notcovered
table 1 : explain SELECT id, c FROM sbtest1 WHERE id BETWEEN 9483046 AND 9483146
	Index Scan using sbtest1_pkey on sbtest1  (cost=0.43..412.93 rows=103 width=125)
	  Index Cond: ((id >= 9483046) AND (id <= 9483146))

table 2 : explain SELECT id, c FROM sbtest2 WHERE id BETWEEN 9483046 AND 9483146
	Index Scan using sbtest2_pkey on sbtest2  (cost=0.43..415.73 rows=104 width=125)
	  Index Cond: ((id >= 9483046) AND (id <= 9483146))

table 3 : explain SELECT id, c FROM sbtest3 WHERE id BETWEEN 9483046 AND 9483146
	Index Scan using sbtest3_pkey on sbtest3  (cost=0.43..392.76 rows=98 width=125)
	  Index Cond: ((id >= 9483046) AND (id <= 9483146))

table 4 : explain SELECT id, c FROM sbtest4 WHERE id BETWEEN 9483046 AND 9483146
	Index Scan using sbtest4_pkey on sbtest4  (cost=0.43..400.66 rows=100 width=125)
	  Index Cond: ((id >= 9483046) AND (id <= 9483146))

table 5 : explain SELECT id, c FROM sbtest5 WHERE id BETWEEN 9483046 AND 9483146
	Index Scan using sbtest5_pkey on sbtest5  (cost=0.43..384.08 rows=96 width=125)
	  Index Cond: ((id >= 9483046) AND (id <= 9483146))

table 6 : explain SELECT id, c FROM sbtest6 WHERE id BETWEEN 9483046 AND 9483146
	Index Scan using sbtest6_pkey on sbtest6  (cost=0.43..443.29 rows=111 width=125)
	  Index Cond: ((id >= 9483046) AND (id <= 9483146))

table 7 : explain SELECT id, c FROM sbtest7 WHERE id BETWEEN 9483046 AND 9483146
	Index Scan using sbtest7_pkey on sbtest7  (cost=0.43..399.47 rows=100 width=125)
	  Index Cond: ((id >= 9483046) AND (id <= 9483146))

table 8 : explain SELECT id, c FROM sbtest8 WHERE id BETWEEN 9483046 AND 9483146
	Index Scan using sbtest8_pkey on sbtest8  (cost=0.43..396.47 rows=99 width=125)
	  Index Cond: ((id >= 9483046) AND (id <= 9483146))

for range-notcovered
table 1 : explain SELECT id, c FROM sbtest1 WHERE id BETWEEN 8495267 AND 8495367
	Index Scan using sbtest1_pkey on sbtest1  (cost=0.43..412.93 rows=103 width=125)
	  Index Cond: ((id >= 8495267) AND (id <= 8495367))

table 2 : explain SELECT id, c FROM sbtest2 WHERE id BETWEEN 8495267 AND 8495367
	Index Scan using sbtest2_pkey on sbtest2  (cost=0.43..360.36 rows=90 width=125)
	  Index Cond: ((id >= 8495267) AND (id <= 8495367))

table 3 : explain SELECT id, c FROM sbtest3 WHERE id BETWEEN 8495267 AND 8495367
	Index Scan using sbtest3_pkey on sbtest3  (cost=0.43..416.54 rows=104 width=125)
	  Index Cond: ((id >= 8495267) AND (id <= 8495367))

table 4 : explain SELECT id, c FROM sbtest4 WHERE id BETWEEN 8495267 AND 8495367
	Index Scan using sbtest4_pkey on sbtest4  (cost=0.43..456.12 rows=114 width=125)
	  Index Cond: ((id >= 8495267) AND (id <= 8495367))

table 5 : explain SELECT id, c FROM sbtest5 WHERE id BETWEEN 8495267 AND 8495367
	Index Scan using sbtest5_pkey on sbtest5  (cost=0.43..419.68 rows=105 width=125)
	  Index Cond: ((id >= 8495267) AND (id <= 8495367))

table 6 : explain SELECT id, c FROM sbtest6 WHERE id BETWEEN 8495267 AND 8495367
	Index Scan using sbtest6_pkey on sbtest6  (cost=0.43..451.19 rows=113 width=125)
	  Index Cond: ((id >= 8495267) AND (id <= 8495367))

table 7 : explain SELECT id, c FROM sbtest7 WHERE id BETWEEN 8495267 AND 8495367
	Index Scan using sbtest7_pkey on sbtest7  (cost=0.43..407.37 rows=102 width=125)
	  Index Cond: ((id >= 8495267) AND (id <= 8495367))

table 8 : explain SELECT id, c FROM sbtest8 WHERE id BETWEEN 8495267 AND 8495367
	Index Scan using sbtest8_pkey on sbtest8  (cost=0.43..424.18 rows=106 width=125)
	  Index Cond: ((id >= 8495267) AND (id <= 8495367))

explain: for range-notcovered :: explain SELECT id, c FROM sbtest%d WHERE id BETWEEN 9483046 AND 9483146
explain: for range-notcovered :: explain SELECT id, c FROM sbtest%d WHERE id BETWEEN 8495267 AND 8495367
for range-notcovered
table 1 : explain SELECT id, c FROM sbtest1 WHERE id BETWEEN 2125093 AND 2125193
	Index Scan using sbtest1_pkey on sbtest1  (cost=0.43..412.93 rows=103 width=125)
	  Index Cond: ((id >= 2125093) AND (id <= 2125193))

table 2 : explain SELECT id, c FROM sbtest2 WHERE id BETWEEN 2125093 AND 2125193
	Index Scan using sbtest2_pkey on sbtest2  (cost=0.43..407.82 rows=102 width=125)
	  Index Cond: ((id >= 2125093) AND (id <= 2125193))

table 3 : explain SELECT id, c FROM sbtest3 WHERE id BETWEEN 2125093 AND 2125193
	Index Scan using sbtest3_pkey on sbtest3  (cost=0.43..368.99 rows=92 width=125)
	  Index Cond: ((id >= 2125093) AND (id <= 2125193))

table 4 : explain SELECT id, c FROM sbtest4 WHERE id BETWEEN 2125093 AND 2125193
	Index Scan using sbtest4_pkey on sbtest4  (cost=0.43..412.55 rows=103 width=125)
	  Index Cond: ((id >= 2125093) AND (id <= 2125193))

table 5 : explain SELECT id, c FROM sbtest5 WHERE id BETWEEN 2125093 AND 2125193
	Index Scan using sbtest5_pkey on sbtest5  (cost=0.43..372.22 rows=93 width=125)
	  Index Cond: ((id >= 2125093) AND (id <= 2125193))

table 6 : explain SELECT id, c FROM sbtest6 WHERE id BETWEEN 2125093 AND 2125193
	Index Scan using sbtest6_pkey on sbtest6  (cost=0.43..403.76 rows=101 width=125)
	  Index Cond: ((id >= 2125093) AND (id <= 2125193))

table 7 : explain SELECT id, c FROM sbtest7 WHERE id BETWEEN 2125093 AND 2125193
	Index Scan using sbtest7_pkey on sbtest7  (cost=0.43..462.66 rows=116 width=125)
	  Index Cond: ((id >= 2125093) AND (id <= 2125193))

table 8 : explain SELECT id, c FROM sbtest8 WHERE id BETWEEN 2125093 AND 2125193
	Index Scan using sbtest8_pkey on sbtest8  (cost=0.43..432.10 rows=108 width=125)
	  Index Cond: ((id >= 2125093) AND (id <= 2125193))

explain: for range-notcovered :: explain SELECT id, c FROM sbtest%d WHERE id BETWEEN 2125093 AND 2125193
for range-notcovered
table 1 : explain SELECT id, c FROM sbtest1 WHERE id BETWEEN 5691234 AND 5691334
	Index Scan using sbtest1_pkey on sbtest1  (cost=0.43..404.99 rows=101 width=125)
	  Index Cond: ((id >= 5691234) AND (id <= 5691334))

table 2 : explain SELECT id, c FROM sbtest2 WHERE id BETWEEN 5691234 AND 5691334
	Index Scan using sbtest2_pkey on sbtest2  (cost=0.43..391.99 rows=98 width=125)
	  Index Cond: ((id >= 5691234) AND (id <= 5691334))

table 3 : explain SELECT id, c FROM sbtest3 WHERE id BETWEEN 5691234 AND 5691334
	Index Scan using sbtest3_pkey on sbtest3  (cost=0.43..357.10 rows=89 width=125)
	  Index Cond: ((id >= 5691234) AND (id <= 5691334))

table 4 : explain SELECT id, c FROM sbtest4 WHERE id BETWEEN 5691234 AND 5691334
	Index Scan using sbtest4_pkey on sbtest4  (cost=0.43..460.08 rows=115 width=125)
	  Index Cond: ((id >= 5691234) AND (id <= 5691334))

table 5 : explain SELECT id, c FROM sbtest5 WHERE id BETWEEN 5691234 AND 5691334
	Index Scan using sbtest5_pkey on sbtest5  (cost=0.43..419.68 rows=105 width=125)
	  Index Cond: ((id >= 5691234) AND (id <= 5691334))

table 6 : explain SELECT id, c FROM sbtest6 WHERE id BETWEEN 5691234 AND 5691334
	Index Scan using sbtest6_pkey on sbtest6  (cost=0.43..427.48 rows=107 width=125)
	  Index Cond: ((id >= 5691234) AND (id <= 5691334))

table 7 : explain SELECT id, c FROM sbtest7 WHERE id BETWEEN 5691234 AND 5691334
	Index Scan using sbtest7_pkey on sbtest7  (cost=0.43..427.11 rows=107 width=125)
	  Index Cond: ((id >= 5691234) AND (id <= 5691334))

table 8 : explain SELECT id, c FROM sbtest8 WHERE id BETWEEN 5691234 AND 5691334
	Index Scan using sbtest8_pkey on sbtest8  (cost=0.43..384.58 rows=96 width=125)
	  Index Cond: ((id >= 5691234) AND (id <= 5691334))

for range-notcovered
table 1 : explain SELECT id, c FROM sbtest1 WHERE id BETWEEN 7815877 AND 7815977
	Index Scan using sbtest1_pkey on sbtest1  (cost=0.43..401.02 rows=100 width=125)
	  Index Cond: ((id >= 7815877) AND (id <= 7815977))

table 2 : explain SELECT id, c FROM sbtest2 WHERE id BETWEEN 7815877 AND 7815977
	Index Scan using sbtest2_pkey on sbtest2  (cost=0.43..419.68 rows=105 width=125)
	  Index Cond: ((id >= 7815877) AND (id <= 7815977))

table 3 : explain SELECT id, c FROM sbtest3 WHERE id BETWEEN 7815877 AND 7815977
	Index Scan using sbtest3_pkey on sbtest3  (cost=0.43..400.68 rows=100 width=125)
	  Index Cond: ((id >= 7815877) AND (id <= 7815977))

table 4 : explain SELECT id, c FROM sbtest4 WHERE id BETWEEN 7815877 AND 7815977
	Index Scan using sbtest4_pkey on sbtest4  (cost=0.43..372.92 rows=93 width=125)
	  Index Cond: ((id >= 7815877) AND (id <= 7815977))

table 5 : explain SELECT id, c FROM sbtest5 WHERE id BETWEEN 7815877 AND 7815977
	Index Scan using sbtest5_pkey on sbtest5  (cost=0.43..380.12 rows=95 width=125)
	  Index Cond: ((id >= 7815877) AND (id <= 7815977))

table 6 : explain SELECT id, c FROM sbtest6 WHERE id BETWEEN 7815877 AND 7815977
	Index Scan using sbtest6_pkey on sbtest6  (cost=0.43..383.98 rows=96 width=125)
	  Index Cond: ((id >= 7815877) AND (id <= 7815977))

table 7 : explain SELECT id, c FROM sbtest7 WHERE id BETWEEN 7815877 AND 7815977
	Index Scan using sbtest7_pkey on sbtest7  (cost=0.43..391.55 rows=98 width=125)
	  Index Cond: ((id >= 7815877) AND (id <= 7815977))

table 8 : explain SELECT id, c FROM sbtest8 WHERE id BETWEEN 7815877 AND 7815977
	Index Scan using sbtest8_pkey on sbtest8  (cost=0.43..412.31 rows=103 width=125)
	  Index Cond: ((id >= 7815877) AND (id <= 7815977))

explain: for range-notcovered :: explain SELECT id, c FROM sbtest%d WHERE id BETWEEN 5691234 AND 5691334
for range-notcovered
table 1 : explain SELECT id, c FROM sbtest1 WHERE id BETWEEN 634350 AND 634450
	Index Scan using sbtest1_pkey on sbtest1  (cost=0.43..385.16 rows=96 width=125)
	  Index Cond: ((id >= 634350) AND (id <= 634450))

table 2 : explain SELECT id, c FROM sbtest2 WHERE id BETWEEN 634350 AND 634450
	Index Scan using sbtest2_pkey on sbtest2  (cost=0.43..427.59 rows=107 width=125)
	  Index Cond: ((id >= 634350) AND (id <= 634450))

table 3 : explain SELECT id, c FROM sbtest3 WHERE id BETWEEN 634350 AND 634450
	Index Scan using sbtest3_pkey on sbtest3  (cost=0.43..396.72 rows=99 width=125)
	  Index Cond: ((id >= 634350) AND (id <= 634450))

table 4 : explain SELECT id, c FROM sbtest4 WHERE id BETWEEN 634350 AND 634450
	Index Scan using sbtest4_pkey on sbtest4  (cost=0.43..424.43 rows=106 width=125)
	  Index Cond: ((id >= 634350) AND (id <= 634450))

table 5 : explain SELECT id, c FROM sbtest5 WHERE id BETWEEN 634350 AND 634450
	Index Scan using sbtest5_pkey on sbtest5  (cost=0.43..399.91 rows=100 width=125)
	  Index Cond: ((id >= 634350) AND (id <= 634450))

table 6 : explain SELECT id, c FROM sbtest6 WHERE id BETWEEN 634350 AND 634450
	Index Scan using sbtest6_pkey on sbtest6  (cost=0.43..387.93 rows=97 width=125)
	  Index Cond: ((id >= 634350) AND (id <= 634450))

table 7 : explain SELECT id, c FROM sbtest7 WHERE id BETWEEN 634350 AND 634450
	Index Scan using sbtest7_pkey on sbtest7  (cost=0.43..415.27 rows=104 width=125)
	  Index Cond: ((id >= 634350) AND (id <= 634450))

table 8 : explain SELECT id, c FROM sbtest8 WHERE id BETWEEN 634350 AND 634450
	Index Scan using sbtest8_pkey on sbtest8  (cost=0.43..428.14 rows=107 width=125)
	  Index Cond: ((id >= 634350) AND (id <= 634450))

explain: for range-notcovered :: explain SELECT id, c FROM sbtest%d WHERE id BETWEEN 7815877 AND 7815977
for range-notcovered
table 1 : explain SELECT id, c FROM sbtest1 WHERE id BETWEEN 6072810 AND 6072910
	Index Scan using sbtest1_pkey on sbtest1  (cost=0.43..373.27 rows=93 width=125)
	  Index Cond: ((id >= 6072810) AND (id <= 6072910))

table 2 : explain SELECT id, c FROM sbtest2 WHERE id BETWEEN 6072810 AND 6072910
	Index Scan using sbtest2_pkey on sbtest2  (cost=0.43..403.87 rows=101 width=125)
	  Index Cond: ((id >= 6072810) AND (id <= 6072910))

table 3 : explain SELECT id, c FROM sbtest3 WHERE id BETWEEN 6072810 AND 6072910
	Index Scan using sbtest3_pkey on sbtest3  (cost=0.43..416.54 rows=104 width=125)
	  Index Cond: ((id >= 6072810) AND (id <= 6072910))

table 4 : explain SELECT id, c FROM sbtest4 WHERE id BETWEEN 6072810 AND 6072910
	Index Scan using sbtest4_pkey on sbtest4  (cost=0.43..408.59 rows=102 width=125)
	  Index Cond: ((id >= 6072810) AND (id <= 6072910))

table 5 : explain SELECT id, c FROM sbtest5 WHERE id BETWEEN 6072810 AND 6072910
	Index Scan using sbtest5_pkey on sbtest5  (cost=0.43..372.22 rows=93 width=125)
	  Index Cond: ((id >= 6072810) AND (id <= 6072910))

table 6 : explain SELECT id, c FROM sbtest6 WHERE id BETWEEN 6072810 AND 6072910
	Index Scan using sbtest6_pkey on sbtest6  (cost=0.43..391.89 rows=98 width=125)
	  Index Cond: ((id >= 6072810) AND (id <= 6072910))

table 7 : explain SELECT id, c FROM sbtest7 WHERE id BETWEEN 6072810 AND 6072910
	Index Scan using sbtest7_pkey on sbtest7  (cost=0.43..411.32 rows=103 width=125)
	  Index Cond: ((id >= 6072810) AND (id <= 6072910))

table 8 : explain SELECT id, c FROM sbtest8 WHERE id BETWEEN 6072810 AND 6072910
	Index Scan using sbtest8_pkey on sbtest8  (cost=0.43..428.14 rows=107 width=125)
	  Index Cond: ((id >= 6072810) AND (id <= 6072910))

explain: for range-notcovered :: explain SELECT id, c FROM sbtest%d WHERE id BETWEEN 6072810 AND 6072910
for range-notcovered
table 1 : explain SELECT id, c FROM sbtest1 WHERE id BETWEEN 6131662 AND 6131762
	Index Scan using sbtest1_pkey on sbtest1  (cost=0.43..424.83 rows=106 width=125)
	  Index Cond: ((id >= 6131662) AND (id <= 6131762))

table 2 : explain SELECT id, c FROM sbtest2 WHERE id BETWEEN 6131662 AND 6131762
	Index Scan using sbtest2_pkey on sbtest2  (cost=0.43..427.59 rows=107 width=125)
	  Index Cond: ((id >= 6131662) AND (id <= 6131762))

table 3 : explain SELECT id, c FROM sbtest3 WHERE id BETWEEN 6131662 AND 6131762
	Index Scan using sbtest3_pkey on sbtest3  (cost=0.43..388.79 rows=97 width=125)
	  Index Cond: ((id >= 6131662) AND (id <= 6131762))

table 4 : explain SELECT id, c FROM sbtest4 WHERE id BETWEEN 6131662 AND 6131762
	Index Scan using sbtest4_pkey on sbtest4  (cost=0.43..400.66 rows=100 width=125)
	  Index Cond: ((id >= 6131662) AND (id <= 6131762))

table 5 : explain SELECT id, c FROM sbtest5 WHERE id BETWEEN 6131662 AND 6131762
	Index Scan using sbtest5_pkey on sbtest5  (cost=0.43..415.72 rows=104 width=125)
	  Index Cond: ((id >= 6131662) AND (id <= 6131762))

table 6 : explain SELECT id, c FROM sbtest6 WHERE id BETWEEN 6131662 AND 6131762
	Index Scan using sbtest6_pkey on sbtest6  (cost=0.43..391.89 rows=98 width=125)
	  Index Cond: ((id >= 6131662) AND (id <= 6131762))

table 7 : explain SELECT id, c FROM sbtest7 WHERE id BETWEEN 6131662 AND 6131762
	Index Scan using sbtest7_pkey on sbtest7  (cost=0.43..435.01 rows=109 width=125)
	  Index Cond: ((id >= 6131662) AND (id <= 6131762))

table 8 : explain SELECT id, c FROM sbtest8 WHERE id BETWEEN 6131662 AND 6131762
	Index Scan using sbtest8_pkey on sbtest8  (cost=0.43..440.02 rows=110 width=125)
	  Index Cond: ((id >= 6131662) AND (id <= 6131762))

explain: for range-notcovered :: explain SELECT id, c FROM sbtest%d WHERE id BETWEEN 6131662 AND 6131762
for range-notcovered
table 1 : explain SELECT id, c FROM sbtest1 WHERE id BETWEEN 9483046 AND 9483146
	Index Scan using sbtest1_pkey on sbtest1  (cost=0.43..412.93 rows=103 width=125)
	  Index Cond: ((id >= 9483046) AND (id <= 9483146))

table 2 : explain SELECT id, c FROM sbtest2 WHERE id BETWEEN 9483046 AND 9483146
	Index Scan using sbtest2_pkey on sbtest2  (cost=0.43..415.73 rows=104 width=125)
	  Index Cond: ((id >= 9483046) AND (id <= 9483146))

table 3 : explain SELECT id, c FROM sbtest3 WHERE id BETWEEN 9483046 AND 9483146
	Index Scan using sbtest3_pkey on sbtest3  (cost=0.43..392.76 rows=98 width=125)
	  Index Cond: ((id >= 9483046) AND (id <= 9483146))

table 4 : explain SELECT id, c FROM sbtest4 WHERE id BETWEEN 9483046 AND 9483146
	Index Scan using sbtest4_pkey on sbtest4  (cost=0.43..400.66 rows=100 width=125)
	  Index Cond: ((id >= 9483046) AND (id <= 9483146))

table 5 : explain SELECT id, c FROM sbtest5 WHERE id BETWEEN 9483046 AND 9483146
	Index Scan using sbtest5_pkey on sbtest5  (cost=0.43..384.08 rows=96 width=125)
	  Index Cond: ((id >= 9483046) AND (id <= 9483146))

table 6 : explain SELECT id, c FROM sbtest6 WHERE id BETWEEN 9483046 AND 9483146
	Index Scan using sbtest6_pkey on sbtest6  (cost=0.43..443.29 rows=111 width=125)
	  Index Cond: ((id >= 9483046) AND (id <= 9483146))

table 7 : explain SELECT id, c FROM sbtest7 WHERE id BETWEEN 9483046 AND 9483146
	Index Scan using sbtest7_pkey on sbtest7  (cost=0.43..399.47 rows=100 width=125)
	  Index Cond: ((id >= 9483046) AND (id <= 9483146))

table 8 : explain SELECT id, c FROM sbtest8 WHERE id BETWEEN 9483046 AND 9483146
	Index Scan using sbtest8_pkey on sbtest8  (cost=0.43..396.47 rows=99 width=125)
	  Index Cond: ((id >= 9483046) AND (id <= 9483146))

for range-notcovered
table 1 : explain SELECT id, c FROM sbtest1 WHERE id BETWEEN 8495267 AND 8495367
	Index Scan using sbtest1_pkey on sbtest1  (cost=0.43..412.93 rows=103 width=125)
	  Index Cond: ((id >= 8495267) AND (id <= 8495367))

table 2 : explain SELECT id, c FROM sbtest2 WHERE id BETWEEN 8495267 AND 8495367
	Index Scan using sbtest2_pkey on sbtest2  (cost=0.43..360.36 rows=90 width=125)
	  Index Cond: ((id >= 8495267) AND (id <= 8495367))

table 3 : explain SELECT id, c FROM sbtest3 WHERE id BETWEEN 8495267 AND 8495367
	Index Scan using sbtest3_pkey on sbtest3  (cost=0.43..416.54 rows=104 width=125)
	  Index Cond: ((id >= 8495267) AND (id <= 8495367))

table 4 : explain SELECT id, c FROM sbtest4 WHERE id BETWEEN 8495267 AND 8495367
	Index Scan using sbtest4_pkey on sbtest4  (cost=0.43..456.12 rows=114 width=125)
	  Index Cond: ((id >= 8495267) AND (id <= 8495367))

table 5 : explain SELECT id, c FROM sbtest5 WHERE id BETWEEN 8495267 AND 8495367
	Index Scan using sbtest5_pkey on sbtest5  (cost=0.43..419.68 rows=105 width=125)
	  Index Cond: ((id >= 8495267) AND (id <= 8495367))

table 6 : explain SELECT id, c FROM sbtest6 WHERE id BETWEEN 8495267 AND 8495367
	Index Scan using sbtest6_pkey on sbtest6  (cost=0.43..451.19 rows=113 width=125)
	  Index Cond: ((id >= 8495267) AND (id <= 8495367))

table 7 : explain SELECT id, c FROM sbtest7 WHERE id BETWEEN 8495267 AND 8495367
	Index Scan using sbtest7_pkey on sbtest7  (cost=0.43..407.37 rows=102 width=125)
	  Index Cond: ((id >= 8495267) AND (id <= 8495367))

table 8 : explain SELECT id, c FROM sbtest8 WHERE id BETWEEN 8495267 AND 8495367
	Index Scan using sbtest8_pkey on sbtest8  (cost=0.43..424.18 rows=106 width=125)
	  Index Cond: ((id >= 8495267) AND (id <= 8495367))

explain: for range-notcovered :: explain SELECT id, c FROM sbtest%d WHERE id BETWEEN 9483046 AND 9483146
explain: for range-notcovered :: explain SELECT id, c FROM sbtest%d WHERE id BETWEEN 8495267 AND 8495367
for range-notcovered
table 1 : explain SELECT id, c FROM sbtest1 WHERE id BETWEEN 2125093 AND 2125193
	Index Scan using sbtest1_pkey on sbtest1  (cost=0.43..412.93 rows=103 width=125)
	  Index Cond: ((id >= 2125093) AND (id <= 2125193))

table 2 : explain SELECT id, c FROM sbtest2 WHERE id BETWEEN 2125093 AND 2125193
	Index Scan using sbtest2_pkey on sbtest2  (cost=0.43..407.82 rows=102 width=125)
	  Index Cond: ((id >= 2125093) AND (id <= 2125193))

table 3 : explain SELECT id, c FROM sbtest3 WHERE id BETWEEN 2125093 AND 2125193
	Index Scan using sbtest3_pkey on sbtest3  (cost=0.43..368.99 rows=92 width=125)
	  Index Cond: ((id >= 2125093) AND (id <= 2125193))

table 4 : explain SELECT id, c FROM sbtest4 WHERE id BETWEEN 2125093 AND 2125193
	Index Scan using sbtest4_pkey on sbtest4  (cost=0.43..412.55 rows=103 width=125)
	  Index Cond: ((id >= 2125093) AND (id <= 2125193))

table 5 : explain SELECT id, c FROM sbtest5 WHERE id BETWEEN 2125093 AND 2125193
	Index Scan using sbtest5_pkey on sbtest5  (cost=0.43..372.22 rows=93 width=125)
	  Index Cond: ((id >= 2125093) AND (id <= 2125193))

table 6 : explain SELECT id, c FROM sbtest6 WHERE id BETWEEN 2125093 AND 2125193
	Index Scan using sbtest6_pkey on sbtest6  (cost=0.43..403.76 rows=101 width=125)
	  Index Cond: ((id >= 2125093) AND (id <= 2125193))

table 7 : explain SELECT id, c FROM sbtest7 WHERE id BETWEEN 2125093 AND 2125193
	Index Scan using sbtest7_pkey on sbtest7  (cost=0.43..462.66 rows=116 width=125)
	  Index Cond: ((id >= 2125093) AND (id <= 2125193))

table 8 : explain SELECT id, c FROM sbtest8 WHERE id BETWEEN 2125093 AND 2125193
	Index Scan using sbtest8_pkey on sbtest8  (cost=0.43..432.10 rows=108 width=125)
	  Index Cond: ((id >= 2125093) AND (id <= 2125193))

for range-notcovered
table 1 : explain SELECT id, c FROM sbtest1 WHERE id BETWEEN 5691234 AND 5691334
	Index Scan using sbtest1_pkey on sbtest1  (cost=0.43..404.99 rows=101 width=125)
	  Index Cond: ((id >= 5691234) AND (id <= 5691334))

table 2 : explain SELECT id, c FROM sbtest2 WHERE id BETWEEN 5691234 AND 5691334
	Index Scan using sbtest2_pkey on sbtest2  (cost=0.43..391.99 rows=98 width=125)
	  Index Cond: ((id >= 5691234) AND (id <= 5691334))

table 3 : explain SELECT id, c FROM sbtest3 WHERE id BETWEEN 5691234 AND 5691334
	Index Scan using sbtest3_pkey on sbtest3  (cost=0.43..357.10 rows=89 width=125)
	  Index Cond: ((id >= 5691234) AND (id <= 5691334))

table 4 : explain SELECT id, c FROM sbtest4 WHERE id BETWEEN 5691234 AND 5691334
	Index Scan using sbtest4_pkey on sbtest4  (cost=0.43..460.08 rows=115 width=125)
	  Index Cond: ((id >= 5691234) AND (id <= 5691334))

table 5 : explain SELECT id, c FROM sbtest5 WHERE id BETWEEN 5691234 AND 5691334
	Index Scan using sbtest5_pkey on sbtest5  (cost=0.43..419.68 rows=105 width=125)
	  Index Cond: ((id >= 5691234) AND (id <= 5691334))

table 6 : explain SELECT id, c FROM sbtest6 WHERE id BETWEEN 5691234 AND 5691334
	Index Scan using sbtest6_pkey on sbtest6  (cost=0.43..427.48 rows=107 width=125)
	  Index Cond: ((id >= 5691234) AND (id <= 5691334))

table 7 : explain SELECT id, c FROM sbtest7 WHERE id BETWEEN 5691234 AND 5691334
	Index Scan using sbtest7_pkey on sbtest7  (cost=0.43..427.11 rows=107 width=125)
	  Index Cond: ((id >= 5691234) AND (id <= 5691334))

table 8 : explain SELECT id, c FROM sbtest8 WHERE id BETWEEN 5691234 AND 5691334
	Index Scan using sbtest8_pkey on sbtest8  (cost=0.43..384.58 rows=96 width=125)
	  Index Cond: ((id >= 5691234) AND (id <= 5691334))

for range-notcovered
table 1 : explain SELECT id, c FROM sbtest1 WHERE id BETWEEN 4144616 AND 4144716
	Index Scan using sbtest1_pkey on sbtest1  (cost=0.43..424.83 rows=106 width=125)
	  Index Cond: ((id >= 4144616) AND (id <= 4144716))

table 2 : explain SELECT id, c FROM sbtest2 WHERE id BETWEEN 4144616 AND 4144716
	Index Scan using sbtest2_pkey on sbtest2  (cost=0.43..419.68 rows=105 width=125)
	  Index Cond: ((id >= 4144616) AND (id <= 4144716))

table 3 : explain SELECT id, c FROM sbtest3 WHERE id BETWEEN 4144616 AND 4144716
	Index Scan using sbtest3_pkey on sbtest3  (cost=0.43..420.50 rows=105 width=125)
	  Index Cond: ((id >= 4144616) AND (id <= 4144716))

table 4 : explain SELECT id, c FROM sbtest4 WHERE id BETWEEN 4144616 AND 4144716
	Index Scan using sbtest4_pkey on sbtest4  (cost=0.43..408.59 rows=102 width=125)
	  Index Cond: ((id >= 4144616) AND (id <= 4144716))

table 5 : explain SELECT id, c FROM sbtest5 WHERE id BETWEEN 4144616 AND 4144716
	Index Scan using sbtest5_pkey on sbtest5  (cost=0.43..411.77 rows=103 width=125)
	  Index Cond: ((id >= 4144616) AND (id <= 4144716))

table 6 : explain SELECT id, c FROM sbtest6 WHERE id BETWEEN 4144616 AND 4144716
	Index Scan using sbtest6_pkey on sbtest6  (cost=0.43..427.48 rows=107 width=125)
	  Index Cond: ((id >= 4144616) AND (id <= 4144716))

table 7 : explain SELECT id, c FROM sbtest7 WHERE id BETWEEN 4144616 AND 4144716
	Index Scan using sbtest7_pkey on sbtest7  (cost=0.43..379.71 rows=95 width=125)
	  Index Cond: ((id >= 4144616) AND (id <= 4144716))

table 8 : explain SELECT id, c FROM sbtest8 WHERE id BETWEEN 4144616 AND 4144716
	Index Scan using sbtest8_pkey on sbtest8  (cost=0.43..380.62 rows=95 width=125)
	  Index Cond: ((id >= 4144616) AND (id <= 4144716))

for range-notcovered
table 1 : explain SELECT id, c FROM sbtest1 WHERE id BETWEEN 7815877 AND 7815977
	Index Scan using sbtest1_pkey on sbtest1  (cost=0.43..401.02 rows=100 width=125)
	  Index Cond: ((id >= 7815877) AND (id <= 7815977))

table 2 : explain SELECT id, c FROM sbtest2 WHERE id BETWEEN 7815877 AND 7815977
	Index Scan using sbtest2_pkey on sbtest2  (cost=0.43..419.68 rows=105 width=125)
	  Index Cond: ((id >= 7815877) AND (id <= 7815977))

table 3 : explain SELECT id, c FROM sbtest3 WHERE id BETWEEN 7815877 AND 7815977
	Index Scan using sbtest3_pkey on sbtest3  (cost=0.43..400.68 rows=100 width=125)
	  Index Cond: ((id >= 7815877) AND (id <= 7815977))

table 4 : explain SELECT id, c FROM sbtest4 WHERE id BETWEEN 7815877 AND 7815977
	Index Scan using sbtest4_pkey on sbtest4  (cost=0.43..372.92 rows=93 width=125)
	  Index Cond: ((id >= 7815877) AND (id <= 7815977))

table 5 : explain SELECT id, c FROM sbtest5 WHERE id BETWEEN 7815877 AND 7815977
	Index Scan using sbtest5_pkey on sbtest5  (cost=0.43..380.12 rows=95 width=125)
	  Index Cond: ((id >= 7815877) AND (id <= 7815977))

table 6 : explain SELECT id, c FROM sbtest6 WHERE id BETWEEN 7815877 AND 7815977
	Index Scan using sbtest6_pkey on sbtest6  (cost=0.43..383.98 rows=96 width=125)
	  Index Cond: ((id >= 7815877) AND (id <= 7815977))

table 7 : explain SELECT id, c FROM sbtest7 WHERE id BETWEEN 7815877 AND 7815977
	Index Scan using sbtest7_pkey on sbtest7  (cost=0.43..391.55 rows=98 width=125)
	  Index Cond: ((id >= 7815877) AND (id <= 7815977))

table 8 : explain SELECT id, c FROM sbtest8 WHERE id BETWEEN 7815877 AND 7815977
	Index Scan using sbtest8_pkey on sbtest8  (cost=0.43..412.31 rows=103 width=125)
	  Index Cond: ((id >= 7815877) AND (id <= 7815977))

explain: for range-notcovered :: explain SELECT id, c FROM sbtest%d WHERE id BETWEEN 5691234 AND 5691334
explain: for range-notcovered :: explain SELECT id, c FROM sbtest%d WHERE id BETWEEN 7815877 AND 7815977
explain: for range-notcovered :: explain SELECT id, c FROM sbtest%d WHERE id BETWEEN 4144616 AND 4144716
for range-notcovered
table 1 : explain SELECT id, c FROM sbtest1 WHERE id BETWEEN 6072810 AND 6072910
	Index Scan using sbtest1_pkey on sbtest1  (cost=0.43..373.27 rows=93 width=125)
	  Index Cond: ((id >= 6072810) AND (id <= 6072910))

table 2 : explain SELECT id, c FROM sbtest2 WHERE id BETWEEN 6072810 AND 6072910
	Index Scan using sbtest2_pkey on sbtest2  (cost=0.43..403.87 rows=101 width=125)
	  Index Cond: ((id >= 6072810) AND (id <= 6072910))

table 3 : explain SELECT id, c FROM sbtest3 WHERE id BETWEEN 6072810 AND 6072910
	Index Scan using sbtest3_pkey on sbtest3  (cost=0.43..416.54 rows=104 width=125)
	  Index Cond: ((id >= 6072810) AND (id <= 6072910))

table 4 : explain SELECT id, c FROM sbtest4 WHERE id BETWEEN 6072810 AND 6072910
	Index Scan using sbtest4_pkey on sbtest4  (cost=0.43..408.59 rows=102 width=125)
	  Index Cond: ((id >= 6072810) AND (id <= 6072910))

table 5 : explain SELECT id, c FROM sbtest5 WHERE id BETWEEN 6072810 AND 6072910
	Index Scan using sbtest5_pkey on sbtest5  (cost=0.43..372.22 rows=93 width=125)
	  Index Cond: ((id >= 6072810) AND (id <= 6072910))

table 6 : explain SELECT id, c FROM sbtest6 WHERE id BETWEEN 6072810 AND 6072910
	Index Scan using sbtest6_pkey on sbtest6  (cost=0.43..391.89 rows=98 width=125)
	  Index Cond: ((id >= 6072810) AND (id <= 6072910))

table 7 : explain SELECT id, c FROM sbtest7 WHERE id BETWEEN 6072810 AND 6072910
	Index Scan using sbtest7_pkey on sbtest7  (cost=0.43..411.32 rows=103 width=125)
	  Index Cond: ((id >= 6072810) AND (id <= 6072910))

table 8 : explain SELECT id, c FROM sbtest8 WHERE id BETWEEN 6072810 AND 6072910
	Index Scan using sbtest8_pkey on sbtest8  (cost=0.43..428.14 rows=107 width=125)
	  Index Cond: ((id >= 6072810) AND (id <= 6072910))

explain: for range-notcovered :: explain SELECT id, c FROM sbtest%d WHERE id BETWEEN 6072810 AND 6072910
for range-notcovered
table 1 : explain SELECT id, c FROM sbtest1 WHERE id BETWEEN 6131662 AND 6131762
	Index Scan using sbtest1_pkey on sbtest1  (cost=0.43..424.83 rows=106 width=125)
	  Index Cond: ((id >= 6131662) AND (id <= 6131762))

table 2 : explain SELECT id, c FROM sbtest2 WHERE id BETWEEN 6131662 AND 6131762
	Index Scan using sbtest2_pkey on sbtest2  (cost=0.43..427.59 rows=107 width=125)
	  Index Cond: ((id >= 6131662) AND (id <= 6131762))

table 3 : explain SELECT id, c FROM sbtest3 WHERE id BETWEEN 6131662 AND 6131762
	Index Scan using sbtest3_pkey on sbtest3  (cost=0.43..388.79 rows=97 width=125)
	  Index Cond: ((id >= 6131662) AND (id <= 6131762))

table 4 : explain SELECT id, c FROM sbtest4 WHERE id BETWEEN 6131662 AND 6131762
	Index Scan using sbtest4_pkey on sbtest4  (cost=0.43..400.66 rows=100 width=125)
	  Index Cond: ((id >= 6131662) AND (id <= 6131762))

table 5 : explain SELECT id, c FROM sbtest5 WHERE id BETWEEN 6131662 AND 6131762
	Index Scan using sbtest5_pkey on sbtest5  (cost=0.43..415.72 rows=104 width=125)
	  Index Cond: ((id >= 6131662) AND (id <= 6131762))

table 6 : explain SELECT id, c FROM sbtest6 WHERE id BETWEEN 6131662 AND 6131762
	Index Scan using sbtest6_pkey on sbtest6  (cost=0.43..391.89 rows=98 width=125)
	  Index Cond: ((id >= 6131662) AND (id <= 6131762))

table 7 : explain SELECT id, c FROM sbtest7 WHERE id BETWEEN 6131662 AND 6131762
	Index Scan using sbtest7_pkey on sbtest7  (cost=0.43..435.01 rows=109 width=125)
	  Index Cond: ((id >= 6131662) AND (id <= 6131762))

table 8 : explain SELECT id, c FROM sbtest8 WHERE id BETWEEN 6131662 AND 6131762
	Index Scan using sbtest8_pkey on sbtest8  (cost=0.43..440.02 rows=110 width=125)
	  Index Cond: ((id >= 6131662) AND (id <= 6131762))

explain: for range-notcovered :: explain SELECT id, c FROM sbtest%d WHERE id BETWEEN 6131662 AND 6131762
for range-notcovered
table 1 : explain SELECT id, c FROM sbtest1 WHERE id BETWEEN 9483046 AND 9483146
	Index Scan using sbtest1_pkey on sbtest1  (cost=0.43..412.93 rows=103 width=125)
	  Index Cond: ((id >= 9483046) AND (id <= 9483146))

table 2 : explain SELECT id, c FROM sbtest2 WHERE id BETWEEN 9483046 AND 9483146
	Index Scan using sbtest2_pkey on sbtest2  (cost=0.43..415.73 rows=104 width=125)
	  Index Cond: ((id >= 9483046) AND (id <= 9483146))

table 3 : explain SELECT id, c FROM sbtest3 WHERE id BETWEEN 9483046 AND 9483146
	Index Scan using sbtest3_pkey on sbtest3  (cost=0.43..392.76 rows=98 width=125)
	  Index Cond: ((id >= 9483046) AND (id <= 9483146))

table 4 : explain SELECT id, c FROM sbtest4 WHERE id BETWEEN 9483046 AND 9483146
	Index Scan using sbtest4_pkey on sbtest4  (cost=0.43..400.66 rows=100 width=125)
	  Index Cond: ((id >= 9483046) AND (id <= 9483146))

table 5 : explain SELECT id, c FROM sbtest5 WHERE id BETWEEN 9483046 AND 9483146
	Index Scan using sbtest5_pkey on sbtest5  (cost=0.43..384.08 rows=96 width=125)
	  Index Cond: ((id >= 9483046) AND (id <= 9483146))

table 6 : explain SELECT id, c FROM sbtest6 WHERE id BETWEEN 9483046 AND 9483146
	Index Scan using sbtest6_pkey on sbtest6  (cost=0.43..443.29 rows=111 width=125)
	  Index Cond: ((id >= 9483046) AND (id <= 9483146))

table 7 : explain SELECT id, c FROM sbtest7 WHERE id BETWEEN 9483046 AND 9483146
	Index Scan using sbtest7_pkey on sbtest7  (cost=0.43..399.47 rows=100 width=125)
	  Index Cond: ((id >= 9483046) AND (id <= 9483146))

table 8 : explain SELECT id, c FROM sbtest8 WHERE id BETWEEN 9483046 AND 9483146
	Index Scan using sbtest8_pkey on sbtest8  (cost=0.43..396.47 rows=99 width=125)
	  Index Cond: ((id >= 9483046) AND (id <= 9483146))

for range-notcovered
table 1 : explain SELECT id, c FROM sbtest1 WHERE id BETWEEN 8495267 AND 8495367
	Index Scan using sbtest1_pkey on sbtest1  (cost=0.43..412.93 rows=103 width=125)
	  Index Cond: ((id >= 8495267) AND (id <= 8495367))

table 2 : explain SELECT id, c FROM sbtest2 WHERE id BETWEEN 8495267 AND 8495367
	Index Scan using sbtest2_pkey on sbtest2  (cost=0.43..360.36 rows=90 width=125)
	  Index Cond: ((id >= 8495267) AND (id <= 8495367))

table 3 : explain SELECT id, c FROM sbtest3 WHERE id BETWEEN 8495267 AND 8495367
	Index Scan using sbtest3_pkey on sbtest3  (cost=0.43..416.54 rows=104 width=125)
	  Index Cond: ((id >= 8495267) AND (id <= 8495367))

table 4 : explain SELECT id, c FROM sbtest4 WHERE id BETWEEN 8495267 AND 8495367
	Index Scan using sbtest4_pkey on sbtest4  (cost=0.43..456.12 rows=114 width=125)
	  Index Cond: ((id >= 8495267) AND (id <= 8495367))

table 5 : explain SELECT id, c FROM sbtest5 WHERE id BETWEEN 8495267 AND 8495367
	Index Scan using sbtest5_pkey on sbtest5  (cost=0.43..419.68 rows=105 width=125)
	  Index Cond: ((id >= 8495267) AND (id <= 8495367))

table 6 : explain SELECT id, c FROM sbtest6 WHERE id BETWEEN 8495267 AND 8495367
	Index Scan using sbtest6_pkey on sbtest6  (cost=0.43..451.19 rows=113 width=125)
	  Index Cond: ((id >= 8495267) AND (id <= 8495367))

table 7 : explain SELECT id, c FROM sbtest7 WHERE id BETWEEN 8495267 AND 8495367
	Index Scan using sbtest7_pkey on sbtest7  (cost=0.43..407.37 rows=102 width=125)
	  Index Cond: ((id >= 8495267) AND (id <= 8495367))

table 8 : explain SELECT id, c FROM sbtest8 WHERE id BETWEEN 8495267 AND 8495367
	Index Scan using sbtest8_pkey on sbtest8  (cost=0.43..424.18 rows=106 width=125)
	  Index Cond: ((id >= 8495267) AND (id <= 8495367))

explain: for range-notcovered :: explain SELECT id, c FROM sbtest%d WHERE id BETWEEN 9483046 AND 9483146
explain: for range-notcovered :: explain SELECT id, c FROM sbtest%d WHERE id BETWEEN 8495267 AND 8495367
for range-notcovered
table 1 : explain SELECT id, c FROM sbtest1 WHERE id BETWEEN 5691234 AND 5691334
	Index Scan using sbtest1_pkey on sbtest1  (cost=0.43..404.99 rows=101 width=125)
	  Index Cond: ((id >= 5691234) AND (id <= 5691334))

table 2 : explain SELECT id, c FROM sbtest2 WHERE id BETWEEN 5691234 AND 5691334
	Index Scan using sbtest2_pkey on sbtest2  (cost=0.43..391.99 rows=98 width=125)
	  Index Cond: ((id >= 5691234) AND (id <= 5691334))

table 3 : explain SELECT id, c FROM sbtest3 WHERE id BETWEEN 5691234 AND 5691334
	Index Scan using sbtest3_pkey on sbtest3  (cost=0.43..357.10 rows=89 width=125)
	  Index Cond: ((id >= 5691234) AND (id <= 5691334))

table 4 : explain SELECT id, c FROM sbtest4 WHERE id BETWEEN 5691234 AND 5691334
	Index Scan using sbtest4_pkey on sbtest4  (cost=0.43..460.08 rows=115 width=125)
	  Index Cond: ((id >= 5691234) AND (id <= 5691334))

table 5 : explain SELECT id, c FROM sbtest5 WHERE id BETWEEN 5691234 AND 5691334
	Index Scan using sbtest5_pkey on sbtest5  (cost=0.43..419.68 rows=105 width=125)
	  Index Cond: ((id >= 5691234) AND (id <= 5691334))

table 6 : explain SELECT id, c FROM sbtest6 WHERE id BETWEEN 5691234 AND 5691334
	Index Scan using sbtest6_pkey on sbtest6  (cost=0.43..427.48 rows=107 width=125)
	  Index Cond: ((id >= 5691234) AND (id <= 5691334))

table 7 : explain SELECT id, c FROM sbtest7 WHERE id BETWEEN 5691234 AND 5691334
	Index Scan using sbtest7_pkey on sbtest7  (cost=0.43..427.11 rows=107 width=125)
	  Index Cond: ((id >= 5691234) AND (id <= 5691334))

table 8 : explain SELECT id, c FROM sbtest8 WHERE id BETWEEN 5691234 AND 5691334
	Index Scan using sbtest8_pkey on sbtest8  (cost=0.43..384.58 rows=96 width=125)
	  Index Cond: ((id >= 5691234) AND (id <= 5691334))

explain: for range-notcovered :: explain SELECT id, c FROM sbtest%d WHERE id BETWEEN 5691234 AND 5691334
for range-notcovered
table 1 : explain SELECT id, c FROM sbtest1 WHERE id BETWEEN 7815877 AND 7815977
	Index Scan using sbtest1_pkey on sbtest1  (cost=0.43..401.02 rows=100 width=125)
	  Index Cond: ((id >= 7815877) AND (id <= 7815977))

table 2 : explain SELECT id, c FROM sbtest2 WHERE id BETWEEN 7815877 AND 7815977
	Index Scan using sbtest2_pkey on sbtest2  (cost=0.43..419.68 rows=105 width=125)
	  Index Cond: ((id >= 7815877) AND (id <= 7815977))

table 3 : explain SELECT id, c FROM sbtest3 WHERE id BETWEEN 7815877 AND 7815977
	Index Scan using sbtest3_pkey on sbtest3  (cost=0.43..400.68 rows=100 width=125)
	  Index Cond: ((id >= 7815877) AND (id <= 7815977))

table 4 : explain SELECT id, c FROM sbtest4 WHERE id BETWEEN 7815877 AND 7815977
	Index Scan using sbtest4_pkey on sbtest4  (cost=0.43..372.92 rows=93 width=125)
	  Index Cond: ((id >= 7815877) AND (id <= 7815977))

table 5 : explain SELECT id, c FROM sbtest5 WHERE id BETWEEN 7815877 AND 7815977
	Index Scan using sbtest5_pkey on sbtest5  (cost=0.43..380.12 rows=95 width=125)
	  Index Cond: ((id >= 7815877) AND (id <= 7815977))

table 6 : explain SELECT id, c FROM sbtest6 WHERE id BETWEEN 7815877 AND 7815977
	Index Scan using sbtest6_pkey on sbtest6  (cost=0.43..383.98 rows=96 width=125)
	  Index Cond: ((id >= 7815877) AND (id <= 7815977))

table 7 : explain SELECT id, c FROM sbtest7 WHERE id BETWEEN 7815877 AND 7815977
	Index Scan using sbtest7_pkey on sbtest7  (cost=0.43..391.55 rows=98 width=125)
	  Index Cond: ((id >= 7815877) AND (id <= 7815977))

table 8 : explain SELECT id, c FROM sbtest8 WHERE id BETWEEN 7815877 AND 7815977
	Index Scan using sbtest8_pkey on sbtest8  (cost=0.43..412.31 rows=103 width=125)
	  Index Cond: ((id >= 7815877) AND (id <= 7815977))

for range-notcovered
table 1 : explain SELECT id, c FROM sbtest1 WHERE id BETWEEN 4144616 AND 4144716
	Index Scan using sbtest1_pkey on sbtest1  (cost=0.43..424.83 rows=106 width=125)
	  Index Cond: ((id >= 4144616) AND (id <= 4144716))

table 2 : explain SELECT id, c FROM sbtest2 WHERE id BETWEEN 4144616 AND 4144716
	Index Scan using sbtest2_pkey on sbtest2  (cost=0.43..419.68 rows=105 width=125)
	  Index Cond: ((id >= 4144616) AND (id <= 4144716))

table 3 : explain SELECT id, c FROM sbtest3 WHERE id BETWEEN 4144616 AND 4144716
	Index Scan using sbtest3_pkey on sbtest3  (cost=0.43..420.50 rows=105 width=125)
	  Index Cond: ((id >= 4144616) AND (id <= 4144716))

table 4 : explain SELECT id, c FROM sbtest4 WHERE id BETWEEN 4144616 AND 4144716
	Index Scan using sbtest4_pkey on sbtest4  (cost=0.43..408.59 rows=102 width=125)
	  Index Cond: ((id >= 4144616) AND (id <= 4144716))

table 5 : explain SELECT id, c FROM sbtest5 WHERE id BETWEEN 4144616 AND 4144716
	Index Scan using sbtest5_pkey on sbtest5  (cost=0.43..411.77 rows=103 width=125)
	  Index Cond: ((id >= 4144616) AND (id <= 4144716))

table 6 : explain SELECT id, c FROM sbtest6 WHERE id BETWEEN 4144616 AND 4144716
	Index Scan using sbtest6_pkey on sbtest6  (cost=0.43..427.48 rows=107 width=125)
	  Index Cond: ((id >= 4144616) AND (id <= 4144716))

table 7 : explain SELECT id, c FROM sbtest7 WHERE id BETWEEN 4144616 AND 4144716
	Index Scan using sbtest7_pkey on sbtest7  (cost=0.43..379.71 rows=95 width=125)
	  Index Cond: ((id >= 4144616) AND (id <= 4144716))

table 8 : explain SELECT id, c FROM sbtest8 WHERE id BETWEEN 4144616 AND 4144716
	Index Scan using sbtest8_pkey on sbtest8  (cost=0.43..380.62 rows=95 width=125)
	  Index Cond: ((id >= 4144616) AND (id <= 4144716))

for range-notcovered
table 1 : explain SELECT id, c FROM sbtest1 WHERE id BETWEEN 6072810 AND 6072910
	Index Scan using sbtest1_pkey on sbtest1  (cost=0.43..373.27 rows=93 width=125)
	  Index Cond: ((id >= 6072810) AND (id <= 6072910))

table 2 : explain SELECT id, c FROM sbtest2 WHERE id BETWEEN 6072810 AND 6072910
	Index Scan using sbtest2_pkey on sbtest2  (cost=0.43..403.87 rows=101 width=125)
	  Index Cond: ((id >= 6072810) AND (id <= 6072910))

table 3 : explain SELECT id, c FROM sbtest3 WHERE id BETWEEN 6072810 AND 6072910
	Index Scan using sbtest3_pkey on sbtest3  (cost=0.43..416.54 rows=104 width=125)
	  Index Cond: ((id >= 6072810) AND (id <= 6072910))

table 4 : explain SELECT id, c FROM sbtest4 WHERE id BETWEEN 6072810 AND 6072910
	Index Scan using sbtest4_pkey on sbtest4  (cost=0.43..408.59 rows=102 width=125)
	  Index Cond: ((id >= 6072810) AND (id <= 6072910))

table 5 : explain SELECT id, c FROM sbtest5 WHERE id BETWEEN 6072810 AND 6072910
	Index Scan using sbtest5_pkey on sbtest5  (cost=0.43..372.22 rows=93 width=125)
	  Index Cond: ((id >= 6072810) AND (id <= 6072910))

table 6 : explain SELECT id, c FROM sbtest6 WHERE id BETWEEN 6072810 AND 6072910
	Index Scan using sbtest6_pkey on sbtest6  (cost=0.43..391.89 rows=98 width=125)
	  Index Cond: ((id >= 6072810) AND (id <= 6072910))

table 7 : explain SELECT id, c FROM sbtest7 WHERE id BETWEEN 6072810 AND 6072910
	Index Scan using sbtest7_pkey on sbtest7  (cost=0.43..411.32 rows=103 width=125)
	  Index Cond: ((id >= 6072810) AND (id <= 6072910))

table 8 : explain SELECT id, c FROM sbtest8 WHERE id BETWEEN 6072810 AND 6072910
	Index Scan using sbtest8_pkey on sbtest8  (cost=0.43..428.14 rows=107 width=125)
	  Index Cond: ((id >= 6072810) AND (id <= 6072910))

explain: for range-notcovered :: explain SELECT id, c FROM sbtest%d WHERE id BETWEEN 4144616 AND 4144716
explain: for range-notcovered :: explain SELECT id, c FROM sbtest%d WHERE id BETWEEN 6072810 AND 6072910
for range-notcovered
table 1 : explain SELECT id, c FROM sbtest1 WHERE id BETWEEN 6131662 AND 6131762
	Index Scan using sbtest1_pkey on sbtest1  (cost=0.43..424.83 rows=106 width=125)
	  Index Cond: ((id >= 6131662) AND (id <= 6131762))

table 2 : explain SELECT id, c FROM sbtest2 WHERE id BETWEEN 6131662 AND 6131762
	Index Scan using sbtest2_pkey on sbtest2  (cost=0.43..427.59 rows=107 width=125)
	  Index Cond: ((id >= 6131662) AND (id <= 6131762))

table 3 : explain SELECT id, c FROM sbtest3 WHERE id BETWEEN 6131662 AND 6131762
	Index Scan using sbtest3_pkey on sbtest3  (cost=0.43..388.79 rows=97 width=125)
	  Index Cond: ((id >= 6131662) AND (id <= 6131762))

table 4 : explain SELECT id, c FROM sbtest4 WHERE id BETWEEN 6131662 AND 6131762
	Index Scan using sbtest4_pkey on sbtest4  (cost=0.43..400.66 rows=100 width=125)
	  Index Cond: ((id >= 6131662) AND (id <= 6131762))

table 5 : explain SELECT id, c FROM sbtest5 WHERE id BETWEEN 6131662 AND 6131762
	Index Scan using sbtest5_pkey on sbtest5  (cost=0.43..415.72 rows=104 width=125)
	  Index Cond: ((id >= 6131662) AND (id <= 6131762))

table 6 : explain SELECT id, c FROM sbtest6 WHERE id BETWEEN 6131662 AND 6131762
	Index Scan using sbtest6_pkey on sbtest6  (cost=0.43..391.89 rows=98 width=125)
	  Index Cond: ((id >= 6131662) AND (id <= 6131762))

table 7 : explain SELECT id, c FROM sbtest7 WHERE id BETWEEN 6131662 AND 6131762
	Index Scan using sbtest7_pkey on sbtest7  (cost=0.43..435.01 rows=109 width=125)
	  Index Cond: ((id >= 6131662) AND (id <= 6131762))

table 8 : explain SELECT id, c FROM sbtest8 WHERE id BETWEEN 6131662 AND 6131762
	Index Scan using sbtest8_pkey on sbtest8  (cost=0.43..440.02 rows=110 width=125)
	  Index Cond: ((id >= 6131662) AND (id <= 6131762))

explain: for range-notcovered :: explain SELECT id, c FROM sbtest%d WHERE id BETWEEN 6131662 AND 6131762
for range-notcovered
table 1 : explain SELECT id, c FROM sbtest1 WHERE id BETWEEN 9483046 AND 9483146
	Index Scan using sbtest1_pkey on sbtest1  (cost=0.43..412.93 rows=103 width=125)
	  Index Cond: ((id >= 9483046) AND (id <= 9483146))

table 2 : explain SELECT id, c FROM sbtest2 WHERE id BETWEEN 9483046 AND 9483146
	Index Scan using sbtest2_pkey on sbtest2  (cost=0.43..415.73 rows=104 width=125)
	  Index Cond: ((id >= 9483046) AND (id <= 9483146))

table 3 : explain SELECT id, c FROM sbtest3 WHERE id BETWEEN 9483046 AND 9483146
	Index Scan using sbtest3_pkey on sbtest3  (cost=0.43..392.76 rows=98 width=125)
	  Index Cond: ((id >= 9483046) AND (id <= 9483146))

table 4 : explain SELECT id, c FROM sbtest4 WHERE id BETWEEN 9483046 AND 9483146
	Index Scan using sbtest4_pkey on sbtest4  (cost=0.43..400.66 rows=100 width=125)
	  Index Cond: ((id >= 9483046) AND (id <= 9483146))

table 5 : explain SELECT id, c FROM sbtest5 WHERE id BETWEEN 9483046 AND 9483146
	Index Scan using sbtest5_pkey on sbtest5  (cost=0.43..384.08 rows=96 width=125)
	  Index Cond: ((id >= 9483046) AND (id <= 9483146))

table 6 : explain SELECT id, c FROM sbtest6 WHERE id BETWEEN 9483046 AND 9483146
	Index Scan using sbtest6_pkey on sbtest6  (cost=0.43..443.29 rows=111 width=125)
	  Index Cond: ((id >= 9483046) AND (id <= 9483146))

table 7 : explain SELECT id, c FROM sbtest7 WHERE id BETWEEN 9483046 AND 9483146
	Index Scan using sbtest7_pkey on sbtest7  (cost=0.43..399.47 rows=100 width=125)
	  Index Cond: ((id >= 9483046) AND (id <= 9483146))

table 8 : explain SELECT id, c FROM sbtest8 WHERE id BETWEEN 9483046 AND 9483146
	Index Scan using sbtest8_pkey on sbtest8  (cost=0.43..396.47 rows=99 width=125)
	  Index Cond: ((id >= 9483046) AND (id <= 9483146))

for range-notcovered
table 1 : explain SELECT id, c FROM sbtest1 WHERE id BETWEEN 8495267 AND 8495367
	Index Scan using sbtest1_pkey on sbtest1  (cost=0.43..412.93 rows=103 width=125)
	  Index Cond: ((id >= 8495267) AND (id <= 8495367))

table 2 : explain SELECT id, c FROM sbtest2 WHERE id BETWEEN 8495267 AND 8495367
	Index Scan using sbtest2_pkey on sbtest2  (cost=0.43..360.36 rows=90 width=125)
	  Index Cond: ((id >= 8495267) AND (id <= 8495367))

table 3 : explain SELECT id, c FROM sbtest3 WHERE id BETWEEN 8495267 AND 8495367
	Index Scan using sbtest3_pkey on sbtest3  (cost=0.43..416.54 rows=104 width=125)
	  Index Cond: ((id >= 8495267) AND (id <= 8495367))

table 4 : explain SELECT id, c FROM sbtest4 WHERE id BETWEEN 8495267 AND 8495367
	Index Scan using sbtest4_pkey on sbtest4  (cost=0.43..456.12 rows=114 width=125)
	  Index Cond: ((id >= 8495267) AND (id <= 8495367))

table 5 : explain SELECT id, c FROM sbtest5 WHERE id BETWEEN 8495267 AND 8495367
	Index Scan using sbtest5_pkey on sbtest5  (cost=0.43..419.68 rows=105 width=125)
	  Index Cond: ((id >= 8495267) AND (id <= 8495367))

table 6 : explain SELECT id, c FROM sbtest6 WHERE id BETWEEN 8495267 AND 8495367
	Index Scan using sbtest6_pkey on sbtest6  (cost=0.43..451.19 rows=113 width=125)
	  Index Cond: ((id >= 8495267) AND (id <= 8495367))

table 7 : explain SELECT id, c FROM sbtest7 WHERE id BETWEEN 8495267 AND 8495367
	Index Scan using sbtest7_pkey on sbtest7  (cost=0.43..407.37 rows=102 width=125)
	  Index Cond: ((id >= 8495267) AND (id <= 8495367))

table 8 : explain SELECT id, c FROM sbtest8 WHERE id BETWEEN 8495267 AND 8495367
	Index Scan using sbtest8_pkey on sbtest8  (cost=0.43..424.18 rows=106 width=125)
	  Index Cond: ((id >= 8495267) AND (id <= 8495367))

explain: for range-notcovered :: explain SELECT id, c FROM sbtest%d WHERE id BETWEEN 8495267 AND 8495367
for range-notcovered
table 1 : explain SELECT id, c FROM sbtest1 WHERE id BETWEEN 5691234 AND 5691334
	Index Scan using sbtest1_pkey on sbtest1  (cost=0.43..404.99 rows=101 width=125)
	  Index Cond: ((id >= 5691234) AND (id <= 5691334))

table 2 : explain SELECT id, c FROM sbtest2 WHERE id BETWEEN 5691234 AND 5691334
	Index Scan using sbtest2_pkey on sbtest2  (cost=0.43..391.99 rows=98 width=125)
	  Index Cond: ((id >= 5691234) AND (id <= 5691334))

table 3 : explain SELECT id, c FROM sbtest3 WHERE id BETWEEN 5691234 AND 5691334
	Index Scan using sbtest3_pkey on sbtest3  (cost=0.43..357.10 rows=89 width=125)
	  Index Cond: ((id >= 5691234) AND (id <= 5691334))

table 4 : explain SELECT id, c FROM sbtest4 WHERE id BETWEEN 5691234 AND 5691334
	Index Scan using sbtest4_pkey on sbtest4  (cost=0.43..460.08 rows=115 width=125)
	  Index Cond: ((id >= 5691234) AND (id <= 5691334))

table 5 : explain SELECT id, c FROM sbtest5 WHERE id BETWEEN 5691234 AND 5691334
	Index Scan using sbtest5_pkey on sbtest5  (cost=0.43..419.68 rows=105 width=125)
	  Index Cond: ((id >= 5691234) AND (id <= 5691334))

table 6 : explain SELECT id, c FROM sbtest6 WHERE id BETWEEN 5691234 AND 5691334
	Index Scan using sbtest6_pkey on sbtest6  (cost=0.43..427.48 rows=107 width=125)
	  Index Cond: ((id >= 5691234) AND (id <= 5691334))

table 7 : explain SELECT id, c FROM sbtest7 WHERE id BETWEEN 5691234 AND 5691334
	Index Scan using sbtest7_pkey on sbtest7  (cost=0.43..427.11 rows=107 width=125)
	  Index Cond: ((id >= 5691234) AND (id <= 5691334))

table 8 : explain SELECT id, c FROM sbtest8 WHERE id BETWEEN 5691234 AND 5691334
	Index Scan using sbtest8_pkey on sbtest8  (cost=0.43..384.58 rows=96 width=125)
	  Index Cond: ((id >= 5691234) AND (id <= 5691334))

explain: for range-notcovered :: explain SELECT id, c FROM sbtest%d WHERE id BETWEEN 5691234 AND 5691334
for range-notcovered
table 1 : explain SELECT id, c FROM sbtest1 WHERE id BETWEEN 4144616 AND 4144716
	Index Scan using sbtest1_pkey on sbtest1  (cost=0.43..424.83 rows=106 width=125)
	  Index Cond: ((id >= 4144616) AND (id <= 4144716))

table 2 : explain SELECT id, c FROM sbtest2 WHERE id BETWEEN 4144616 AND 4144716
	Index Scan using sbtest2_pkey on sbtest2  (cost=0.43..419.68 rows=105 width=125)
	  Index Cond: ((id >= 4144616) AND (id <= 4144716))

table 3 : explain SELECT id, c FROM sbtest3 WHERE id BETWEEN 4144616 AND 4144716
	Index Scan using sbtest3_pkey on sbtest3  (cost=0.43..420.50 rows=105 width=125)
	  Index Cond: ((id >= 4144616) AND (id <= 4144716))

table 4 : explain SELECT id, c FROM sbtest4 WHERE id BETWEEN 4144616 AND 4144716
	Index Scan using sbtest4_pkey on sbtest4  (cost=0.43..408.59 rows=102 width=125)
	  Index Cond: ((id >= 4144616) AND (id <= 4144716))

table 5 : explain SELECT id, c FROM sbtest5 WHERE id BETWEEN 4144616 AND 4144716
	Index Scan using sbtest5_pkey on sbtest5  (cost=0.43..411.77 rows=103 width=125)
	  Index Cond: ((id >= 4144616) AND (id <= 4144716))

table 6 : explain SELECT id, c FROM sbtest6 WHERE id BETWEEN 4144616 AND 4144716
	Index Scan using sbtest6_pkey on sbtest6  (cost=0.43..427.48 rows=107 width=125)
	  Index Cond: ((id >= 4144616) AND (id <= 4144716))

table 7 : explain SELECT id, c FROM sbtest7 WHERE id BETWEEN 4144616 AND 4144716
	Index Scan using sbtest7_pkey on sbtest7  (cost=0.43..379.71 rows=95 width=125)
	  Index Cond: ((id >= 4144616) AND (id <= 4144716))

table 8 : explain SELECT id, c FROM sbtest8 WHERE id BETWEEN 4144616 AND 4144716
	Index Scan using sbtest8_pkey on sbtest8  (cost=0.43..380.62 rows=95 width=125)
	  Index Cond: ((id >= 4144616) AND (id <= 4144716))

for range-notcovered
table 1 : explain SELECT id, c FROM sbtest1 WHERE id BETWEEN 6072810 AND 6072910
	Index Scan using sbtest1_pkey on sbtest1  (cost=0.43..373.27 rows=93 width=125)
	  Index Cond: ((id >= 6072810) AND (id <= 6072910))

table 2 : explain SELECT id, c FROM sbtest2 WHERE id BETWEEN 6072810 AND 6072910
	Index Scan using sbtest2_pkey on sbtest2  (cost=0.43..403.87 rows=101 width=125)
	  Index Cond: ((id >= 6072810) AND (id <= 6072910))

table 3 : explain SELECT id, c FROM sbtest3 WHERE id BETWEEN 6072810 AND 6072910
	Index Scan using sbtest3_pkey on sbtest3  (cost=0.43..416.54 rows=104 width=125)
	  Index Cond: ((id >= 6072810) AND (id <= 6072910))

table 4 : explain SELECT id, c FROM sbtest4 WHERE id BETWEEN 6072810 AND 6072910
	Index Scan using sbtest4_pkey on sbtest4  (cost=0.43..408.59 rows=102 width=125)
	  Index Cond: ((id >= 6072810) AND (id <= 6072910))

table 5 : explain SELECT id, c FROM sbtest5 WHERE id BETWEEN 6072810 AND 6072910
	Index Scan using sbtest5_pkey on sbtest5  (cost=0.43..372.22 rows=93 width=125)
	  Index Cond: ((id >= 6072810) AND (id <= 6072910))

table 6 : explain SELECT id, c FROM sbtest6 WHERE id BETWEEN 6072810 AND 6072910
	Index Scan using sbtest6_pkey on sbtest6  (cost=0.43..391.89 rows=98 width=125)
	  Index Cond: ((id >= 6072810) AND (id <= 6072910))

table 7 : explain SELECT id, c FROM sbtest7 WHERE id BETWEEN 6072810 AND 6072910
	Index Scan using sbtest7_pkey on sbtest7  (cost=0.43..411.32 rows=103 width=125)
	  Index Cond: ((id >= 6072810) AND (id <= 6072910))

table 8 : explain SELECT id, c FROM sbtest8 WHERE id BETWEEN 6072810 AND 6072910
	Index Scan using sbtest8_pkey on sbtest8  (cost=0.43..428.14 rows=107 width=125)
	  Index Cond: ((id >= 6072810) AND (id <= 6072910))

explain: for range-notcovered :: explain SELECT id, c FROM sbtest%d WHERE id BETWEEN 4144616 AND 4144716
for range-notcovered
table 1 : explain SELECT id, c FROM sbtest1 WHERE id BETWEEN 6131662 AND 6131762
	Index Scan using sbtest1_pkey on sbtest1  (cost=0.43..424.83 rows=106 width=125)
	  Index Cond: ((id >= 6131662) AND (id <= 6131762))

table 2 : explain SELECT id, c FROM sbtest2 WHERE id BETWEEN 6131662 AND 6131762
	Index Scan using sbtest2_pkey on sbtest2  (cost=0.43..427.59 rows=107 width=125)
	  Index Cond: ((id >= 6131662) AND (id <= 6131762))

table 3 : explain SELECT id, c FROM sbtest3 WHERE id BETWEEN 6131662 AND 6131762
	Index Scan using sbtest3_pkey on sbtest3  (cost=0.43..388.79 rows=97 width=125)
	  Index Cond: ((id >= 6131662) AND (id <= 6131762))

table 4 : explain SELECT id, c FROM sbtest4 WHERE id BETWEEN 6131662 AND 6131762
	Index Scan using sbtest4_pkey on sbtest4  (cost=0.43..400.66 rows=100 width=125)
	  Index Cond: ((id >= 6131662) AND (id <= 6131762))

table 5 : explain SELECT id, c FROM sbtest5 WHERE id BETWEEN 6131662 AND 6131762
	Index Scan using sbtest5_pkey on sbtest5  (cost=0.43..415.72 rows=104 width=125)
	  Index Cond: ((id >= 6131662) AND (id <= 6131762))

table 6 : explain SELECT id, c FROM sbtest6 WHERE id BETWEEN 6131662 AND 6131762
	Index Scan using sbtest6_pkey on sbtest6  (cost=0.43..391.89 rows=98 width=125)
	  Index Cond: ((id >= 6131662) AND (id <= 6131762))

table 7 : explain SELECT id, c FROM sbtest7 WHERE id BETWEEN 6131662 AND 6131762
	Index Scan using sbtest7_pkey on sbtest7  (cost=0.43..435.01 rows=109 width=125)
	  Index Cond: ((id >= 6131662) AND (id <= 6131762))

table 8 : explain SELECT id, c FROM sbtest8 WHERE id BETWEEN 6131662 AND 6131762
	Index Scan using sbtest8_pkey on sbtest8  (cost=0.43..440.02 rows=110 width=125)
	  Index Cond: ((id >= 6131662) AND (id <= 6131762))

explain: for range-notcovered :: explain SELECT id, c FROM sbtest%d WHERE id BETWEEN 6072810 AND 6072910
explain: for range-notcovered :: explain SELECT id, c FROM sbtest%d WHERE id BETWEEN 6131662 AND 6131762
for range-notcovered
table 1 : explain SELECT id, c FROM sbtest1 WHERE id BETWEEN 8495267 AND 8495367
	Index Scan using sbtest1_pkey on sbtest1  (cost=0.43..412.93 rows=103 width=125)
	  Index Cond: ((id >= 8495267) AND (id <= 8495367))

table 2 : explain SELECT id, c FROM sbtest2 WHERE id BETWEEN 8495267 AND 8495367
	Index Scan using sbtest2_pkey on sbtest2  (cost=0.43..360.36 rows=90 width=125)
	  Index Cond: ((id >= 8495267) AND (id <= 8495367))

table 3 : explain SELECT id, c FROM sbtest3 WHERE id BETWEEN 8495267 AND 8495367
	Index Scan using sbtest3_pkey on sbtest3  (cost=0.43..416.54 rows=104 width=125)
	  Index Cond: ((id >= 8495267) AND (id <= 8495367))

table 4 : explain SELECT id, c FROM sbtest4 WHERE id BETWEEN 8495267 AND 8495367
	Index Scan using sbtest4_pkey on sbtest4  (cost=0.43..456.12 rows=114 width=125)
	  Index Cond: ((id >= 8495267) AND (id <= 8495367))

table 5 : explain SELECT id, c FROM sbtest5 WHERE id BETWEEN 8495267 AND 8495367
	Index Scan using sbtest5_pkey on sbtest5  (cost=0.43..419.68 rows=105 width=125)
	  Index Cond: ((id >= 8495267) AND (id <= 8495367))

table 6 : explain SELECT id, c FROM sbtest6 WHERE id BETWEEN 8495267 AND 8495367
	Index Scan using sbtest6_pkey on sbtest6  (cost=0.43..451.19 rows=113 width=125)
	  Index Cond: ((id >= 8495267) AND (id <= 8495367))

table 7 : explain SELECT id, c FROM sbtest7 WHERE id BETWEEN 8495267 AND 8495367
	Index Scan using sbtest7_pkey on sbtest7  (cost=0.43..407.37 rows=102 width=125)
	  Index Cond: ((id >= 8495267) AND (id <= 8495367))

table 8 : explain SELECT id, c FROM sbtest8 WHERE id BETWEEN 8495267 AND 8495367
	Index Scan using sbtest8_pkey on sbtest8  (cost=0.43..424.18 rows=106 width=125)
	  Index Cond: ((id >= 8495267) AND (id <= 8495367))

explain: for range-notcovered :: explain SELECT id, c FROM sbtest%d WHERE id BETWEEN 8495267 AND 8495367
for range-notcovered
table 1 : explain SELECT id, c FROM sbtest1 WHERE id BETWEEN 5691234 AND 5691334
	Index Scan using sbtest1_pkey on sbtest1  (cost=0.43..404.99 rows=101 width=125)
	  Index Cond: ((id >= 5691234) AND (id <= 5691334))

table 2 : explain SELECT id, c FROM sbtest2 WHERE id BETWEEN 5691234 AND 5691334
	Index Scan using sbtest2_pkey on sbtest2  (cost=0.43..391.99 rows=98 width=125)
	  Index Cond: ((id >= 5691234) AND (id <= 5691334))

table 3 : explain SELECT id, c FROM sbtest3 WHERE id BETWEEN 5691234 AND 5691334
	Index Scan using sbtest3_pkey on sbtest3  (cost=0.43..357.10 rows=89 width=125)
	  Index Cond: ((id >= 5691234) AND (id <= 5691334))

table 4 : explain SELECT id, c FROM sbtest4 WHERE id BETWEEN 5691234 AND 5691334
	Index Scan using sbtest4_pkey on sbtest4  (cost=0.43..460.08 rows=115 width=125)
	  Index Cond: ((id >= 5691234) AND (id <= 5691334))

table 5 : explain SELECT id, c FROM sbtest5 WHERE id BETWEEN 5691234 AND 5691334
	Index Scan using sbtest5_pkey on sbtest5  (cost=0.43..419.68 rows=105 width=125)
	  Index Cond: ((id >= 5691234) AND (id <= 5691334))

table 6 : explain SELECT id, c FROM sbtest6 WHERE id BETWEEN 5691234 AND 5691334
	Index Scan using sbtest6_pkey on sbtest6  (cost=0.43..427.48 rows=107 width=125)
	  Index Cond: ((id >= 5691234) AND (id <= 5691334))

table 7 : explain SELECT id, c FROM sbtest7 WHERE id BETWEEN 5691234 AND 5691334
	Index Scan using sbtest7_pkey on sbtest7  (cost=0.43..427.11 rows=107 width=125)
	  Index Cond: ((id >= 5691234) AND (id <= 5691334))

table 8 : explain SELECT id, c FROM sbtest8 WHERE id BETWEEN 5691234 AND 5691334
	Index Scan using sbtest8_pkey on sbtest8  (cost=0.43..384.58 rows=96 width=125)
	  Index Cond: ((id >= 5691234) AND (id <= 5691334))

explain: for range-notcovered :: explain SELECT id, c FROM sbtest%d WHERE id BETWEEN 5691234 AND 5691334
for range-notcovered
table 1 : explain SELECT id, c FROM sbtest1 WHERE id BETWEEN 4144616 AND 4144716
	Index Scan using sbtest1_pkey on sbtest1  (cost=0.43..424.83 rows=106 width=125)
	  Index Cond: ((id >= 4144616) AND (id <= 4144716))

table 2 : explain SELECT id, c FROM sbtest2 WHERE id BETWEEN 4144616 AND 4144716
	Index Scan using sbtest2_pkey on sbtest2  (cost=0.43..419.68 rows=105 width=125)
	  Index Cond: ((id >= 4144616) AND (id <= 4144716))

table 3 : explain SELECT id, c FROM sbtest3 WHERE id BETWEEN 4144616 AND 4144716
	Index Scan using sbtest3_pkey on sbtest3  (cost=0.43..420.50 rows=105 width=125)
	  Index Cond: ((id >= 4144616) AND (id <= 4144716))

table 4 : explain SELECT id, c FROM sbtest4 WHERE id BETWEEN 4144616 AND 4144716
	Index Scan using sbtest4_pkey on sbtest4  (cost=0.43..408.59 rows=102 width=125)
	  Index Cond: ((id >= 4144616) AND (id <= 4144716))

table 5 : explain SELECT id, c FROM sbtest5 WHERE id BETWEEN 4144616 AND 4144716
	Index Scan using sbtest5_pkey on sbtest5  (cost=0.43..411.77 rows=103 width=125)
	  Index Cond: ((id >= 4144616) AND (id <= 4144716))

table 6 : explain SELECT id, c FROM sbtest6 WHERE id BETWEEN 4144616 AND 4144716
	Index Scan using sbtest6_pkey on sbtest6  (cost=0.43..427.48 rows=107 width=125)
	  Index Cond: ((id >= 4144616) AND (id <= 4144716))

table 7 : explain SELECT id, c FROM sbtest7 WHERE id BETWEEN 4144616 AND 4144716
	Index Scan using sbtest7_pkey on sbtest7  (cost=0.43..379.71 rows=95 width=125)
	  Index Cond: ((id >= 4144616) AND (id <= 4144716))

table 8 : explain SELECT id, c FROM sbtest8 WHERE id BETWEEN 4144616 AND 4144716
	Index Scan using sbtest8_pkey on sbtest8  (cost=0.43..380.62 rows=95 width=125)
	  Index Cond: ((id >= 4144616) AND (id <= 4144716))

explain: for range-notcovered :: explain SELECT id, c FROM sbtest%d WHERE id BETWEEN 4144616 AND 4144716
for range-notcovered
table 1 : explain SELECT id, c FROM sbtest1 WHERE id BETWEEN 6072810 AND 6072910
	Index Scan using sbtest1_pkey on sbtest1  (cost=0.43..373.27 rows=93 width=125)
	  Index Cond: ((id >= 6072810) AND (id <= 6072910))

table 2 : explain SELECT id, c FROM sbtest2 WHERE id BETWEEN 6072810 AND 6072910
	Index Scan using sbtest2_pkey on sbtest2  (cost=0.43..403.87 rows=101 width=125)
	  Index Cond: ((id >= 6072810) AND (id <= 6072910))

table 3 : explain SELECT id, c FROM sbtest3 WHERE id BETWEEN 6072810 AND 6072910
	Index Scan using sbtest3_pkey on sbtest3  (cost=0.43..416.54 rows=104 width=125)
	  Index Cond: ((id >= 6072810) AND (id <= 6072910))

table 4 : explain SELECT id, c FROM sbtest4 WHERE id BETWEEN 6072810 AND 6072910
	Index Scan using sbtest4_pkey on sbtest4  (cost=0.43..408.59 rows=102 width=125)
	  Index Cond: ((id >= 6072810) AND (id <= 6072910))

table 5 : explain SELECT id, c FROM sbtest5 WHERE id BETWEEN 6072810 AND 6072910
	Index Scan using sbtest5_pkey on sbtest5  (cost=0.43..372.22 rows=93 width=125)
	  Index Cond: ((id >= 6072810) AND (id <= 6072910))

table 6 : explain SELECT id, c FROM sbtest6 WHERE id BETWEEN 6072810 AND 6072910
	Index Scan using sbtest6_pkey on sbtest6  (cost=0.43..391.89 rows=98 width=125)
	  Index Cond: ((id >= 6072810) AND (id <= 6072910))

table 7 : explain SELECT id, c FROM sbtest7 WHERE id BETWEEN 6072810 AND 6072910
	Index Scan using sbtest7_pkey on sbtest7  (cost=0.43..411.32 rows=103 width=125)
	  Index Cond: ((id >= 6072810) AND (id <= 6072910))

table 8 : explain SELECT id, c FROM sbtest8 WHERE id BETWEEN 6072810 AND 6072910
	Index Scan using sbtest8_pkey on sbtest8  (cost=0.43..428.14 rows=107 width=125)
	  Index Cond: ((id >= 6072810) AND (id <= 6072910))

for range-notcovered
table 1 : explain SELECT id, c FROM sbtest1 WHERE id BETWEEN 6131662 AND 6131762
	Index Scan using sbtest1_pkey on sbtest1  (cost=0.43..424.83 rows=106 width=125)
	  Index Cond: ((id >= 6131662) AND (id <= 6131762))

table 2 : explain SELECT id, c FROM sbtest2 WHERE id BETWEEN 6131662 AND 6131762
	Index Scan using sbtest2_pkey on sbtest2  (cost=0.43..427.59 rows=107 width=125)
	  Index Cond: ((id >= 6131662) AND (id <= 6131762))

table 3 : explain SELECT id, c FROM sbtest3 WHERE id BETWEEN 6131662 AND 6131762
	Index Scan using sbtest3_pkey on sbtest3  (cost=0.43..388.79 rows=97 width=125)
	  Index Cond: ((id >= 6131662) AND (id <= 6131762))

table 4 : explain SELECT id, c FROM sbtest4 WHERE id BETWEEN 6131662 AND 6131762
	Index Scan using sbtest4_pkey on sbtest4  (cost=0.43..400.66 rows=100 width=125)
	  Index Cond: ((id >= 6131662) AND (id <= 6131762))

table 5 : explain SELECT id, c FROM sbtest5 WHERE id BETWEEN 6131662 AND 6131762
	Index Scan using sbtest5_pkey on sbtest5  (cost=0.43..415.72 rows=104 width=125)
	  Index Cond: ((id >= 6131662) AND (id <= 6131762))

table 6 : explain SELECT id, c FROM sbtest6 WHERE id BETWEEN 6131662 AND 6131762
	Index Scan using sbtest6_pkey on sbtest6  (cost=0.43..391.89 rows=98 width=125)
	  Index Cond: ((id >= 6131662) AND (id <= 6131762))

table 7 : explain SELECT id, c FROM sbtest7 WHERE id BETWEEN 6131662 AND 6131762
	Index Scan using sbtest7_pkey on sbtest7  (cost=0.43..435.01 rows=109 width=125)
	  Index Cond: ((id >= 6131662) AND (id <= 6131762))

table 8 : explain SELECT id, c FROM sbtest8 WHERE id BETWEEN 6131662 AND 6131762
	Index Scan using sbtest8_pkey on sbtest8  (cost=0.43..440.02 rows=110 width=125)
	  Index Cond: ((id >= 6131662) AND (id <= 6131762))

explain: for range-notcovered :: explain SELECT id, c FROM sbtest%d WHERE id BETWEEN 6072810 AND 6072910
explain: for range-notcovered :: explain SELECT id, c FROM sbtest%d WHERE id BETWEEN 6131662 AND 6131762
for range-notcovered
table 1 : explain SELECT id, c FROM sbtest1 WHERE id BETWEEN 8495267 AND 8495367
	Index Scan using sbtest1_pkey on sbtest1  (cost=0.43..412.93 rows=103 width=125)
	  Index Cond: ((id >= 8495267) AND (id <= 8495367))

table 2 : explain SELECT id, c FROM sbtest2 WHERE id BETWEEN 8495267 AND 8495367
	Index Scan using sbtest2_pkey on sbtest2  (cost=0.43..360.36 rows=90 width=125)
	  Index Cond: ((id >= 8495267) AND (id <= 8495367))

table 3 : explain SELECT id, c FROM sbtest3 WHERE id BETWEEN 8495267 AND 8495367
	Index Scan using sbtest3_pkey on sbtest3  (cost=0.43..416.54 rows=104 width=125)
	  Index Cond: ((id >= 8495267) AND (id <= 8495367))

table 4 : explain SELECT id, c FROM sbtest4 WHERE id BETWEEN 8495267 AND 8495367
	Index Scan using sbtest4_pkey on sbtest4  (cost=0.43..456.12 rows=114 width=125)
	  Index Cond: ((id >= 8495267) AND (id <= 8495367))

table 5 : explain SELECT id, c FROM sbtest5 WHERE id BETWEEN 8495267 AND 8495367
	Index Scan using sbtest5_pkey on sbtest5  (cost=0.43..419.68 rows=105 width=125)
	  Index Cond: ((id >= 8495267) AND (id <= 8495367))

table 6 : explain SELECT id, c FROM sbtest6 WHERE id BETWEEN 8495267 AND 8495367
	Index Scan using sbtest6_pkey on sbtest6  (cost=0.43..451.19 rows=113 width=125)
	  Index Cond: ((id >= 8495267) AND (id <= 8495367))

table 7 : explain SELECT id, c FROM sbtest7 WHERE id BETWEEN 8495267 AND 8495367
	Index Scan using sbtest7_pkey on sbtest7  (cost=0.43..407.37 rows=102 width=125)
	  Index Cond: ((id >= 8495267) AND (id <= 8495367))

table 8 : explain SELECT id, c FROM sbtest8 WHERE id BETWEEN 8495267 AND 8495367
	Index Scan using sbtest8_pkey on sbtest8  (cost=0.43..424.18 rows=106 width=125)
	  Index Cond: ((id >= 8495267) AND (id <= 8495367))

explain: for range-notcovered :: explain SELECT id, c FROM sbtest%d WHERE id BETWEEN 8495267 AND 8495367
for range-notcovered
table 1 : explain SELECT id, c FROM sbtest1 WHERE id BETWEEN 5691234 AND 5691334
	Index Scan using sbtest1_pkey on sbtest1  (cost=0.43..404.99 rows=101 width=125)
	  Index Cond: ((id >= 5691234) AND (id <= 5691334))

table 2 : explain SELECT id, c FROM sbtest2 WHERE id BETWEEN 5691234 AND 5691334
	Index Scan using sbtest2_pkey on sbtest2  (cost=0.43..391.99 rows=98 width=125)
	  Index Cond: ((id >= 5691234) AND (id <= 5691334))

table 3 : explain SELECT id, c FROM sbtest3 WHERE id BETWEEN 5691234 AND 5691334
	Index Scan using sbtest3_pkey on sbtest3  (cost=0.43..357.10 rows=89 width=125)
	  Index Cond: ((id >= 5691234) AND (id <= 5691334))

table 4 : explain SELECT id, c FROM sbtest4 WHERE id BETWEEN 5691234 AND 5691334
	Index Scan using sbtest4_pkey on sbtest4  (cost=0.43..460.08 rows=115 width=125)
	  Index Cond: ((id >= 5691234) AND (id <= 5691334))

table 5 : explain SELECT id, c FROM sbtest5 WHERE id BETWEEN 5691234 AND 5691334
	Index Scan using sbtest5_pkey on sbtest5  (cost=0.43..419.68 rows=105 width=125)
	  Index Cond: ((id >= 5691234) AND (id <= 5691334))

table 6 : explain SELECT id, c FROM sbtest6 WHERE id BETWEEN 5691234 AND 5691334
	Index Scan using sbtest6_pkey on sbtest6  (cost=0.43..427.48 rows=107 width=125)
	  Index Cond: ((id >= 5691234) AND (id <= 5691334))

table 7 : explain SELECT id, c FROM sbtest7 WHERE id BETWEEN 5691234 AND 5691334
	Index Scan using sbtest7_pkey on sbtest7  (cost=0.43..427.11 rows=107 width=125)
	  Index Cond: ((id >= 5691234) AND (id <= 5691334))

table 8 : explain SELECT id, c FROM sbtest8 WHERE id BETWEEN 5691234 AND 5691334
	Index Scan using sbtest8_pkey on sbtest8  (cost=0.43..384.58 rows=96 width=125)
	  Index Cond: ((id >= 5691234) AND (id <= 5691334))

explain: for range-notcovered :: explain SELECT id, c FROM sbtest%d WHERE id BETWEEN 5691234 AND 5691334
for range-notcovered
table 1 : explain SELECT id, c FROM sbtest1 WHERE id BETWEEN 4144616 AND 4144716
	Index Scan using sbtest1_pkey on sbtest1  (cost=0.43..424.83 rows=106 width=125)
	  Index Cond: ((id >= 4144616) AND (id <= 4144716))

table 2 : explain SELECT id, c FROM sbtest2 WHERE id BETWEEN 4144616 AND 4144716
	Index Scan using sbtest2_pkey on sbtest2  (cost=0.43..419.68 rows=105 width=125)
	  Index Cond: ((id >= 4144616) AND (id <= 4144716))

table 3 : explain SELECT id, c FROM sbtest3 WHERE id BETWEEN 4144616 AND 4144716
	Index Scan using sbtest3_pkey on sbtest3  (cost=0.43..420.50 rows=105 width=125)
	  Index Cond: ((id >= 4144616) AND (id <= 4144716))

table 4 : explain SELECT id, c FROM sbtest4 WHERE id BETWEEN 4144616 AND 4144716
	Index Scan using sbtest4_pkey on sbtest4  (cost=0.43..408.59 rows=102 width=125)
	  Index Cond: ((id >= 4144616) AND (id <= 4144716))

table 5 : explain SELECT id, c FROM sbtest5 WHERE id BETWEEN 4144616 AND 4144716
	Index Scan using sbtest5_pkey on sbtest5  (cost=0.43..411.77 rows=103 width=125)
	  Index Cond: ((id >= 4144616) AND (id <= 4144716))

table 6 : explain SELECT id, c FROM sbtest6 WHERE id BETWEEN 4144616 AND 4144716
	Index Scan using sbtest6_pkey on sbtest6  (cost=0.43..427.48 rows=107 width=125)
	  Index Cond: ((id >= 4144616) AND (id <= 4144716))

table 7 : explain SELECT id, c FROM sbtest7 WHERE id BETWEEN 4144616 AND 4144716
	Index Scan using sbtest7_pkey on sbtest7  (cost=0.43..379.71 rows=95 width=125)
	  Index Cond: ((id >= 4144616) AND (id <= 4144716))

table 8 : explain SELECT id, c FROM sbtest8 WHERE id BETWEEN 4144616 AND 4144716
	Index Scan using sbtest8_pkey on sbtest8  (cost=0.43..380.62 rows=95 width=125)
	  Index Cond: ((id >= 4144616) AND (id <= 4144716))

explain: for range-notcovered :: explain SELECT id, c FROM sbtest%d WHERE id BETWEEN 4144616 AND 4144716
for range-notcovered
table 1 : explain SELECT id, c FROM sbtest1 WHERE id BETWEEN 6072810 AND 6072910
	Index Scan using sbtest1_pkey on sbtest1  (cost=0.43..373.27 rows=93 width=125)
	  Index Cond: ((id >= 6072810) AND (id <= 6072910))

table 2 : explain SELECT id, c FROM sbtest2 WHERE id BETWEEN 6072810 AND 6072910
	Index Scan using sbtest2_pkey on sbtest2  (cost=0.43..403.87 rows=101 width=125)
	  Index Cond: ((id >= 6072810) AND (id <= 6072910))

table 3 : explain SELECT id, c FROM sbtest3 WHERE id BETWEEN 6072810 AND 6072910
	Index Scan using sbtest3_pkey on sbtest3  (cost=0.43..416.54 rows=104 width=125)
	  Index Cond: ((id >= 6072810) AND (id <= 6072910))

table 4 : explain SELECT id, c FROM sbtest4 WHERE id BETWEEN 6072810 AND 6072910
	Index Scan using sbtest4_pkey on sbtest4  (cost=0.43..408.59 rows=102 width=125)
	  Index Cond: ((id >= 6072810) AND (id <= 6072910))

table 5 : explain SELECT id, c FROM sbtest5 WHERE id BETWEEN 6072810 AND 6072910
	Index Scan using sbtest5_pkey on sbtest5  (cost=0.43..372.22 rows=93 width=125)
	  Index Cond: ((id >= 6072810) AND (id <= 6072910))

table 6 : explain SELECT id, c FROM sbtest6 WHERE id BETWEEN 6072810 AND 6072910
	Index Scan using sbtest6_pkey on sbtest6  (cost=0.43..391.89 rows=98 width=125)
	  Index Cond: ((id >= 6072810) AND (id <= 6072910))

table 7 : explain SELECT id, c FROM sbtest7 WHERE id BETWEEN 6072810 AND 6072910
	Index Scan using sbtest7_pkey on sbtest7  (cost=0.43..411.32 rows=103 width=125)
	  Index Cond: ((id >= 6072810) AND (id <= 6072910))

table 8 : explain SELECT id, c FROM sbtest8 WHERE id BETWEEN 6072810 AND 6072910
	Index Scan using sbtest8_pkey on sbtest8  (cost=0.43..428.14 rows=107 width=125)
	  Index Cond: ((id >= 6072810) AND (id <= 6072910))

for range-notcovered
table 1 : explain SELECT id, c FROM sbtest1 WHERE id BETWEEN 6131662 AND 6131762
	Index Scan using sbtest1_pkey on sbtest1  (cost=0.43..424.83 rows=106 width=125)
	  Index Cond: ((id >= 6131662) AND (id <= 6131762))

table 2 : explain SELECT id, c FROM sbtest2 WHERE id BETWEEN 6131662 AND 6131762
	Index Scan using sbtest2_pkey on sbtest2  (cost=0.43..427.59 rows=107 width=125)
	  Index Cond: ((id >= 6131662) AND (id <= 6131762))

table 3 : explain SELECT id, c FROM sbtest3 WHERE id BETWEEN 6131662 AND 6131762
	Index Scan using sbtest3_pkey on sbtest3  (cost=0.43..388.79 rows=97 width=125)
	  Index Cond: ((id >= 6131662) AND (id <= 6131762))

table 4 : explain SELECT id, c FROM sbtest4 WHERE id BETWEEN 6131662 AND 6131762
	Index Scan using sbtest4_pkey on sbtest4  (cost=0.43..400.66 rows=100 width=125)
	  Index Cond: ((id >= 6131662) AND (id <= 6131762))

table 5 : explain SELECT id, c FROM sbtest5 WHERE id BETWEEN 6131662 AND 6131762
	Index Scan using sbtest5_pkey on sbtest5  (cost=0.43..415.72 rows=104 width=125)
	  Index Cond: ((id >= 6131662) AND (id <= 6131762))

table 6 : explain SELECT id, c FROM sbtest6 WHERE id BETWEEN 6131662 AND 6131762
	Index Scan using sbtest6_pkey on sbtest6  (cost=0.43..391.89 rows=98 width=125)
	  Index Cond: ((id >= 6131662) AND (id <= 6131762))

table 7 : explain SELECT id, c FROM sbtest7 WHERE id BETWEEN 6131662 AND 6131762
	Index Scan using sbtest7_pkey on sbtest7  (cost=0.43..435.01 rows=109 width=125)
	  Index Cond: ((id >= 6131662) AND (id <= 6131762))

table 8 : explain SELECT id, c FROM sbtest8 WHERE id BETWEEN 6131662 AND 6131762
	Index Scan using sbtest8_pkey on sbtest8  (cost=0.43..440.02 rows=110 width=125)
	  Index Cond: ((id >= 6131662) AND (id <= 6131762))

explain: for range-notcovered :: explain SELECT id, c FROM sbtest%d WHERE id BETWEEN 6072810 AND 6072910
explain: for range-notcovered :: explain SELECT id, c FROM sbtest%d WHERE id BETWEEN 6131662 AND 6131762
for range-notcovered
table 1 : explain SELECT id, c FROM sbtest1 WHERE id BETWEEN 8495267 AND 8495367
	Index Scan using sbtest1_pkey on sbtest1  (cost=0.43..412.93 rows=103 width=125)
	  Index Cond: ((id >= 8495267) AND (id <= 8495367))

table 2 : explain SELECT id, c FROM sbtest2 WHERE id BETWEEN 8495267 AND 8495367
	Index Scan using sbtest2_pkey on sbtest2  (cost=0.43..360.36 rows=90 width=125)
	  Index Cond: ((id >= 8495267) AND (id <= 8495367))

table 3 : explain SELECT id, c FROM sbtest3 WHERE id BETWEEN 8495267 AND 8495367
	Index Scan using sbtest3_pkey on sbtest3  (cost=0.43..416.54 rows=104 width=125)
	  Index Cond: ((id >= 8495267) AND (id <= 8495367))

table 4 : explain SELECT id, c FROM sbtest4 WHERE id BETWEEN 8495267 AND 8495367
	Index Scan using sbtest4_pkey on sbtest4  (cost=0.43..456.12 rows=114 width=125)
	  Index Cond: ((id >= 8495267) AND (id <= 8495367))

table 5 : explain SELECT id, c FROM sbtest5 WHERE id BETWEEN 8495267 AND 8495367
	Index Scan using sbtest5_pkey on sbtest5  (cost=0.43..419.68 rows=105 width=125)
	  Index Cond: ((id >= 8495267) AND (id <= 8495367))

table 6 : explain SELECT id, c FROM sbtest6 WHERE id BETWEEN 8495267 AND 8495367
	Index Scan using sbtest6_pkey on sbtest6  (cost=0.43..451.19 rows=113 width=125)
	  Index Cond: ((id >= 8495267) AND (id <= 8495367))

table 7 : explain SELECT id, c FROM sbtest7 WHERE id BETWEEN 8495267 AND 8495367
	Index Scan using sbtest7_pkey on sbtest7  (cost=0.43..407.37 rows=102 width=125)
	  Index Cond: ((id >= 8495267) AND (id <= 8495367))

table 8 : explain SELECT id, c FROM sbtest8 WHERE id BETWEEN 8495267 AND 8495367
	Index Scan using sbtest8_pkey on sbtest8  (cost=0.43..424.18 rows=106 width=125)
	  Index Cond: ((id >= 8495267) AND (id <= 8495367))

explain: for range-notcovered :: explain SELECT id, c FROM sbtest%d WHERE id BETWEEN 8495267 AND 8495367
for range-notcovered
table 1 : explain SELECT id, c FROM sbtest1 WHERE id BETWEEN 5691234 AND 5691334
	Index Scan using sbtest1_pkey on sbtest1  (cost=0.43..404.99 rows=101 width=125)
	  Index Cond: ((id >= 5691234) AND (id <= 5691334))

table 2 : explain SELECT id, c FROM sbtest2 WHERE id BETWEEN 5691234 AND 5691334
	Index Scan using sbtest2_pkey on sbtest2  (cost=0.43..391.99 rows=98 width=125)
	  Index Cond: ((id >= 5691234) AND (id <= 5691334))

table 3 : explain SELECT id, c FROM sbtest3 WHERE id BETWEEN 5691234 AND 5691334
	Index Scan using sbtest3_pkey on sbtest3  (cost=0.43..357.10 rows=89 width=125)
	  Index Cond: ((id >= 5691234) AND (id <= 5691334))

table 4 : explain SELECT id, c FROM sbtest4 WHERE id BETWEEN 5691234 AND 5691334
	Index Scan using sbtest4_pkey on sbtest4  (cost=0.43..460.08 rows=115 width=125)
	  Index Cond: ((id >= 5691234) AND (id <= 5691334))

table 5 : explain SELECT id, c FROM sbtest5 WHERE id BETWEEN 5691234 AND 5691334
	Index Scan using sbtest5_pkey on sbtest5  (cost=0.43..419.68 rows=105 width=125)
	  Index Cond: ((id >= 5691234) AND (id <= 5691334))

table 6 : explain SELECT id, c FROM sbtest6 WHERE id BETWEEN 5691234 AND 5691334
	Index Scan using sbtest6_pkey on sbtest6  (cost=0.43..427.48 rows=107 width=125)
	  Index Cond: ((id >= 5691234) AND (id <= 5691334))

table 7 : explain SELECT id, c FROM sbtest7 WHERE id BETWEEN 5691234 AND 5691334
	Index Scan using sbtest7_pkey on sbtest7  (cost=0.43..427.11 rows=107 width=125)
	  Index Cond: ((id >= 5691234) AND (id <= 5691334))

table 8 : explain SELECT id, c FROM sbtest8 WHERE id BETWEEN 5691234 AND 5691334
	Index Scan using sbtest8_pkey on sbtest8  (cost=0.43..384.58 rows=96 width=125)
	  Index Cond: ((id >= 5691234) AND (id <= 5691334))

for range-notcovered
table 1 : explain SELECT id, c FROM sbtest1 WHERE id BETWEEN 4144616 AND 4144716
	Index Scan using sbtest1_pkey on sbtest1  (cost=0.43..424.83 rows=106 width=125)
	  Index Cond: ((id >= 4144616) AND (id <= 4144716))

table 2 : explain SELECT id, c FROM sbtest2 WHERE id BETWEEN 4144616 AND 4144716
	Index Scan using sbtest2_pkey on sbtest2  (cost=0.43..419.68 rows=105 width=125)
	  Index Cond: ((id >= 4144616) AND (id <= 4144716))

table 3 : explain SELECT id, c FROM sbtest3 WHERE id BETWEEN 4144616 AND 4144716
	Index Scan using sbtest3_pkey on sbtest3  (cost=0.43..420.50 rows=105 width=125)
	  Index Cond: ((id >= 4144616) AND (id <= 4144716))

table 4 : explain SELECT id, c FROM sbtest4 WHERE id BETWEEN 4144616 AND 4144716
	Index Scan using sbtest4_pkey on sbtest4  (cost=0.43..408.59 rows=102 width=125)
	  Index Cond: ((id >= 4144616) AND (id <= 4144716))

table 5 : explain SELECT id, c FROM sbtest5 WHERE id BETWEEN 4144616 AND 4144716
	Index Scan using sbtest5_pkey on sbtest5  (cost=0.43..411.77 rows=103 width=125)
	  Index Cond: ((id >= 4144616) AND (id <= 4144716))

table 6 : explain SELECT id, c FROM sbtest6 WHERE id BETWEEN 4144616 AND 4144716
	Index Scan using sbtest6_pkey on sbtest6  (cost=0.43..427.48 rows=107 width=125)
	  Index Cond: ((id >= 4144616) AND (id <= 4144716))

table 7 : explain SELECT id, c FROM sbtest7 WHERE id BETWEEN 4144616 AND 4144716
	Index Scan using sbtest7_pkey on sbtest7  (cost=0.43..379.71 rows=95 width=125)
	  Index Cond: ((id >= 4144616) AND (id <= 4144716))

table 8 : explain SELECT id, c FROM sbtest8 WHERE id BETWEEN 4144616 AND 4144716
	Index Scan using sbtest8_pkey on sbtest8  (cost=0.43..380.62 rows=95 width=125)
	  Index Cond: ((id >= 4144616) AND (id <= 4144716))

explain: for range-notcovered :: explain SELECT id, c FROM sbtest%d WHERE id BETWEEN 4144616 AND 4144716
for range-notcovered
table 1 : explain SELECT id, c FROM sbtest1 WHERE id BETWEEN 6072810 AND 6072910
	Index Scan using sbtest1_pkey on sbtest1  (cost=0.43..373.27 rows=93 width=125)
	  Index Cond: ((id >= 6072810) AND (id <= 6072910))

table 2 : explain SELECT id, c FROM sbtest2 WHERE id BETWEEN 6072810 AND 6072910
	Index Scan using sbtest2_pkey on sbtest2  (cost=0.43..403.87 rows=101 width=125)
	  Index Cond: ((id >= 6072810) AND (id <= 6072910))

table 3 : explain SELECT id, c FROM sbtest3 WHERE id BETWEEN 6072810 AND 6072910
	Index Scan using sbtest3_pkey on sbtest3  (cost=0.43..416.54 rows=104 width=125)
	  Index Cond: ((id >= 6072810) AND (id <= 6072910))

table 4 : explain SELECT id, c FROM sbtest4 WHERE id BETWEEN 6072810 AND 6072910
	Index Scan using sbtest4_pkey on sbtest4  (cost=0.43..408.59 rows=102 width=125)
	  Index Cond: ((id >= 6072810) AND (id <= 6072910))

table 5 : explain SELECT id, c FROM sbtest5 WHERE id BETWEEN 6072810 AND 6072910
	Index Scan using sbtest5_pkey on sbtest5  (cost=0.43..372.22 rows=93 width=125)
	  Index Cond: ((id >= 6072810) AND (id <= 6072910))

table 6 : explain SELECT id, c FROM sbtest6 WHERE id BETWEEN 6072810 AND 6072910
	Index Scan using sbtest6_pkey on sbtest6  (cost=0.43..391.89 rows=98 width=125)
	  Index Cond: ((id >= 6072810) AND (id <= 6072910))

table 7 : explain SELECT id, c FROM sbtest7 WHERE id BETWEEN 6072810 AND 6072910
	Index Scan using sbtest7_pkey on sbtest7  (cost=0.43..411.32 rows=103 width=125)
	  Index Cond: ((id >= 6072810) AND (id <= 6072910))

table 8 : explain SELECT id, c FROM sbtest8 WHERE id BETWEEN 6072810 AND 6072910
	Index Scan using sbtest8_pkey on sbtest8  (cost=0.43..428.14 rows=107 width=125)
	  Index Cond: ((id >= 6072810) AND (id <= 6072910))

for range-notcovered
table 1 : explain SELECT id, c FROM sbtest1 WHERE id BETWEEN 6131662 AND 6131762
	Index Scan using sbtest1_pkey on sbtest1  (cost=0.43..424.83 rows=106 width=125)
	  Index Cond: ((id >= 6131662) AND (id <= 6131762))

table 2 : explain SELECT id, c FROM sbtest2 WHERE id BETWEEN 6131662 AND 6131762
	Index Scan using sbtest2_pkey on sbtest2  (cost=0.43..427.59 rows=107 width=125)
	  Index Cond: ((id >= 6131662) AND (id <= 6131762))

table 3 : explain SELECT id, c FROM sbtest3 WHERE id BETWEEN 6131662 AND 6131762
	Index Scan using sbtest3_pkey on sbtest3  (cost=0.43..388.79 rows=97 width=125)
	  Index Cond: ((id >= 6131662) AND (id <= 6131762))

table 4 : explain SELECT id, c FROM sbtest4 WHERE id BETWEEN 6131662 AND 6131762
	Index Scan using sbtest4_pkey on sbtest4  (cost=0.43..400.66 rows=100 width=125)
	  Index Cond: ((id >= 6131662) AND (id <= 6131762))

table 5 : explain SELECT id, c FROM sbtest5 WHERE id BETWEEN 6131662 AND 6131762
	Index Scan using sbtest5_pkey on sbtest5  (cost=0.43..415.72 rows=104 width=125)
	  Index Cond: ((id >= 6131662) AND (id <= 6131762))

table 6 : explain SELECT id, c FROM sbtest6 WHERE id BETWEEN 6131662 AND 6131762
	Index Scan using sbtest6_pkey on sbtest6  (cost=0.43..391.89 rows=98 width=125)
	  Index Cond: ((id >= 6131662) AND (id <= 6131762))

table 7 : explain SELECT id, c FROM sbtest7 WHERE id BETWEEN 6131662 AND 6131762
	Index Scan using sbtest7_pkey on sbtest7  (cost=0.43..435.01 rows=109 width=125)
	  Index Cond: ((id >= 6131662) AND (id <= 6131762))

table 8 : explain SELECT id, c FROM sbtest8 WHERE id BETWEEN 6131662 AND 6131762
	Index Scan using sbtest8_pkey on sbtest8  (cost=0.43..440.02 rows=110 width=125)
	  Index Cond: ((id >= 6131662) AND (id <= 6131762))

for range-notcovered
table 1 : explain SELECT id, c FROM sbtest1 WHERE id BETWEEN 8495267 AND 8495367
	Index Scan using sbtest1_pkey on sbtest1  (cost=0.43..412.93 rows=103 width=125)
	  Index Cond: ((id >= 8495267) AND (id <= 8495367))

table 2 : explain SELECT id, c FROM sbtest2 WHERE id BETWEEN 8495267 AND 8495367
	Index Scan using sbtest2_pkey on sbtest2  (cost=0.43..360.36 rows=90 width=125)
	  Index Cond: ((id >= 8495267) AND (id <= 8495367))

table 3 : explain SELECT id, c FROM sbtest3 WHERE id BETWEEN 8495267 AND 8495367
	Index Scan using sbtest3_pkey on sbtest3  (cost=0.43..416.54 rows=104 width=125)
	  Index Cond: ((id >= 8495267) AND (id <= 8495367))

table 4 : explain SELECT id, c FROM sbtest4 WHERE id BETWEEN 8495267 AND 8495367
	Index Scan using sbtest4_pkey on sbtest4  (cost=0.43..456.12 rows=114 width=125)
	  Index Cond: ((id >= 8495267) AND (id <= 8495367))

table 5 : explain SELECT id, c FROM sbtest5 WHERE id BETWEEN 8495267 AND 8495367
	Index Scan using sbtest5_pkey on sbtest5  (cost=0.43..419.68 rows=105 width=125)
	  Index Cond: ((id >= 8495267) AND (id <= 8495367))

table 6 : explain SELECT id, c FROM sbtest6 WHERE id BETWEEN 8495267 AND 8495367
	Index Scan using sbtest6_pkey on sbtest6  (cost=0.43..451.19 rows=113 width=125)
	  Index Cond: ((id >= 8495267) AND (id <= 8495367))

table 7 : explain SELECT id, c FROM sbtest7 WHERE id BETWEEN 8495267 AND 8495367
	Index Scan using sbtest7_pkey on sbtest7  (cost=0.43..407.37 rows=102 width=125)
	  Index Cond: ((id >= 8495267) AND (id <= 8495367))

table 8 : explain SELECT id, c FROM sbtest8 WHERE id BETWEEN 8495267 AND 8495367
	Index Scan using sbtest8_pkey on sbtest8  (cost=0.43..424.18 rows=106 width=125)
	  Index Cond: ((id >= 8495267) AND (id <= 8495367))

for range-notcovered
table 1 : explain SELECT id, c FROM sbtest1 WHERE id BETWEEN 4144616 AND 4144716
	Index Scan using sbtest1_pkey on sbtest1  (cost=0.43..424.83 rows=106 width=125)
	  Index Cond: ((id >= 4144616) AND (id <= 4144716))

table 2 : explain SELECT id, c FROM sbtest2 WHERE id BETWEEN 4144616 AND 4144716
	Index Scan using sbtest2_pkey on sbtest2  (cost=0.43..419.68 rows=105 width=125)
	  Index Cond: ((id >= 4144616) AND (id <= 4144716))

table 3 : explain SELECT id, c FROM sbtest3 WHERE id BETWEEN 4144616 AND 4144716
	Index Scan using sbtest3_pkey on sbtest3  (cost=0.43..420.50 rows=105 width=125)
	  Index Cond: ((id >= 4144616) AND (id <= 4144716))

table 4 : explain SELECT id, c FROM sbtest4 WHERE id BETWEEN 4144616 AND 4144716
	Index Scan using sbtest4_pkey on sbtest4  (cost=0.43..408.59 rows=102 width=125)
	  Index Cond: ((id >= 4144616) AND (id <= 4144716))

table 5 : explain SELECT id, c FROM sbtest5 WHERE id BETWEEN 4144616 AND 4144716
	Index Scan using sbtest5_pkey on sbtest5  (cost=0.43..411.77 rows=103 width=125)
	  Index Cond: ((id >= 4144616) AND (id <= 4144716))

table 6 : explain SELECT id, c FROM sbtest6 WHERE id BETWEEN 4144616 AND 4144716
	Index Scan using sbtest6_pkey on sbtest6  (cost=0.43..427.48 rows=107 width=125)
	  Index Cond: ((id >= 4144616) AND (id <= 4144716))

table 7 : explain SELECT id, c FROM sbtest7 WHERE id BETWEEN 4144616 AND 4144716
	Index Scan using sbtest7_pkey on sbtest7  (cost=0.43..379.71 rows=95 width=125)
	  Index Cond: ((id >= 4144616) AND (id <= 4144716))

table 8 : explain SELECT id, c FROM sbtest8 WHERE id BETWEEN 4144616 AND 4144716
	Index Scan using sbtest8_pkey on sbtest8  (cost=0.43..380.62 rows=95 width=125)
	  Index Cond: ((id >= 4144616) AND (id <= 4144716))

explain: for range-notcovered :: explain SELECT id, c FROM sbtest%d WHERE id BETWEEN 4144616 AND 4144716
for range-notcovered
table 1 : explain SELECT id, c FROM sbtest1 WHERE id BETWEEN 4144616 AND 4144716
	Index Scan using sbtest1_pkey on sbtest1  (cost=0.43..424.83 rows=106 width=125)
	  Index Cond: ((id >= 4144616) AND (id <= 4144716))

table 2 : explain SELECT id, c FROM sbtest2 WHERE id BETWEEN 4144616 AND 4144716
	Index Scan using sbtest2_pkey on sbtest2  (cost=0.43..419.68 rows=105 width=125)
	  Index Cond: ((id >= 4144616) AND (id <= 4144716))

table 3 : explain SELECT id, c FROM sbtest3 WHERE id BETWEEN 4144616 AND 4144716
	Index Scan using sbtest3_pkey on sbtest3  (cost=0.43..420.50 rows=105 width=125)
	  Index Cond: ((id >= 4144616) AND (id <= 4144716))

table 4 : explain SELECT id, c FROM sbtest4 WHERE id BETWEEN 4144616 AND 4144716
	Index Scan using sbtest4_pkey on sbtest4  (cost=0.43..408.59 rows=102 width=125)
	  Index Cond: ((id >= 4144616) AND (id <= 4144716))

table 5 : explain SELECT id, c FROM sbtest5 WHERE id BETWEEN 4144616 AND 4144716
	Index Scan using sbtest5_pkey on sbtest5  (cost=0.43..411.77 rows=103 width=125)
	  Index Cond: ((id >= 4144616) AND (id <= 4144716))

table 6 : explain SELECT id, c FROM sbtest6 WHERE id BETWEEN 4144616 AND 4144716
	Index Scan using sbtest6_pkey on sbtest6  (cost=0.43..427.48 rows=107 width=125)
	  Index Cond: ((id >= 4144616) AND (id <= 4144716))

table 7 : explain SELECT id, c FROM sbtest7 WHERE id BETWEEN 4144616 AND 4144716
	Index Scan using sbtest7_pkey on sbtest7  (cost=0.43..379.71 rows=95 width=125)
	  Index Cond: ((id >= 4144616) AND (id <= 4144716))

table 8 : explain SELECT id, c FROM sbtest8 WHERE id BETWEEN 4144616 AND 4144716
	Index Scan using sbtest8_pkey on sbtest8  (cost=0.43..380.62 rows=95 width=125)
	  Index Cond: ((id >= 4144616) AND (id <= 4144716))

Threads started!

Warming up for 5 seconds...

SQL statistics:
    queries performed:
        read:                            118694892
        write:                           0
        other:                           0
        total:                           118694892
    transactions:                        118694892 (188402.86 per sec.)
    queries:                             118694892 (188402.86 per sec.)
    ignored errors:                      0      (0.00 per sec.)
    reconnects:                          0      (0.00 per sec.)

Throughput:
    events/s (eps):                      188402.8612
    time elapsed:                        630.0059s
    total number of events:              118694892

Latency (ms):
         min:                                    0.07
         avg:                                    0.21
         max:                                   12.26
         95th percentile:                        0.23
         sum:                             25150875.38

Threads fairness:
    events (avg/stddev):           2967368.0000/8910.94
    execution time (avg/stddev):   628.7719/0.03

