LUA_PATH=/home/mdcallag/git/mytools/bench/sysbench.lua/lua/?.lua /home/mdcallag/git/mytools/bench/sysbench.lua/lua/sysbench --db-driver=pgsql --range-size=1000 --table-size=10000000 --tables=8 --threads=40 --events=0 --warmup-time=5 --time=630 --pgsql_conn_id=true /home/mdcallag/git/mytools/bench/sysbench.lua/lua/oltp_read_only.lua run --pgsql-user=root --pgsql-password=pw --pgsql-host=127.0.0.1 --pgsql-db=ib --rand-type=uniform --simple-ranges=0 --sum-ranges=0 --order-ranges=0 --distinct-ranges=1
48 CPUs
sysbench 1.1.0-9072687 (using bundled LuaJIT 2.1.0-beta3)

Running the test with following options:
Number of threads: 40
Warmup time: 5s
Initializing random number generator from current time


Initializing worker threads...

explain: for point_selects :: explain SELECT c FROM sbtest%u WHERE id=%u
explain: for point_selects :: explain SELECT c FROM sbtest%u WHERE id=%u
explain: for point_selects :: explain SELECT c FROM sbtest%u WHERE id=%u
explain: for point_selects :: explain SELECT c FROM sbtest%u WHERE id=%u
explain: for point_selects :: explain SELECT c FROM sbtest%u WHERE id=%u
explain: for point_selects :: explain SELECT c FROM sbtest%u WHERE id=%u
explain: for point_selects :: explain SELECT c FROM sbtest%u WHERE id=%u
explain: for point_selects :: explain SELECT c FROM sbtest%u WHERE id=%u
for point_selects
table 1 : explain SELECT c FROM sbtest1 WHERE id=3683847
	Index Scan using sbtest1_pkey on sbtest1  (cost=0.43..8.45 rows=1 width=121)
	  Index Cond: (id = 3683847)

table 2 : explain SELECT c FROM sbtest2 WHERE id=7407006
	Index Scan using sbtest2_pkey on sbtest2  (cost=0.43..8.45 rows=1 width=121)
	  Index Cond: (id = 7407006)

table 3 : explain SELECT c FROM sbtest3 WHERE id=3068408
	Index Scan using sbtest3_pkey on sbtest3  (cost=0.43..8.45 rows=1 width=121)
	  Index Cond: (id = 3068408)

table 4 : explain SELECT c FROM sbtest4 WHERE id=8389401
	Index Scan using sbtest4_pkey on sbtest4  (cost=0.43..8.45 rows=1 width=121)
	  Index Cond: (id = 8389401)

table 5 : explain SELECT c FROM sbtest5 WHERE id=8489369
	Index Scan using sbtest5_pkey on sbtest5  (cost=0.43..8.45 rows=1 width=121)
	  Index Cond: (id = 8489369)

table 6 : explain SELECT c FROM sbtest6 WHERE id=7076777
	Index Scan using sbtest6_pkey on sbtest6  (cost=0.43..8.45 rows=1 width=121)
	  Index Cond: (id = 7076777)

table 7 : explain SELECT c FROM sbtest7 WHERE id=6864224
	Index Scan using sbtest7_pkey on sbtest7  (cost=0.43..8.45 rows=1 width=121)
	  Index Cond: (id = 6864224)

table 8 : explain SELECT c FROM sbtest8 WHERE id=1643068
	Index Scan using sbtest8_pkey on sbtest8  (cost=0.43..8.45 rows=1 width=121)
	  Index Cond: (id = 1643068)

for point_selects
table 1 : explain SELECT c FROM sbtest1 WHERE id=4176439
	Index Scan using sbtest1_pkey on sbtest1  (cost=0.43..8.45 rows=1 width=121)
	  Index Cond: (id = 4176439)

table 2 : explain SELECT c FROM sbtest2 WHERE id=6343235
	Index Scan using sbtest2_pkey on sbtest2  (cost=0.43..8.45 rows=1 width=121)
	  Index Cond: (id = 6343235)

table 3 : explain SELECT c FROM sbtest3 WHERE id=9036115
	Index Scan using sbtest3_pkey on sbtest3  (cost=0.43..8.45 rows=1 width=121)
	  Index Cond: (id = 9036115)

table 4 : explain SELECT c FROM sbtest4 WHERE id=9013075
	Index Scan using sbtest4_pkey on sbtest4  (cost=0.43..8.45 rows=1 width=121)
	  Index Cond: (id = 9013075)

table 5 : explain SELECT c FROM sbtest5 WHERE id=7723215
	Index Scan using sbtest5_pkey on sbtest5  (cost=0.43..8.45 rows=1 width=121)
	  Index Cond: (id = 7723215)

table 6 : explain SELECT c FROM sbtest6 WHERE id=1479387
	Index Scan using sbtest6_pkey on sbtest6  (cost=0.43..8.45 rows=1 width=121)
	  Index Cond: (id = 1479387)

table 7 : explain SELECT c FROM sbtest7 WHERE id=8027295
	Index Scan using sbtest7_pkey on sbtest7  (cost=0.43..8.45 rows=1 width=121)
	  Index Cond: (id = 8027295)

table 8 : explain SELECT c FROM sbtest8 WHERE id=9203837
	Index Scan using sbtest8_pkey on sbtest8  (cost=0.43..8.45 rows=1 width=121)
	  Index Cond: (id = 9203837)

for point_selects
table 1 : explain SELECT c FROM sbtest1 WHERE id=1553597
	Index Scan using sbtest1_pkey on sbtest1  (cost=0.43..8.45 rows=1 width=121)
	  Index Cond: (id = 1553597)

table 2 : explain SELECT c FROM sbtest2 WHERE id=6639452
	Index Scan using sbtest2_pkey on sbtest2  (cost=0.43..8.45 rows=1 width=121)
	  Index Cond: (id = 6639452)

table 3 : explain SELECT c FROM sbtest3 WHERE id=6749082
	Index Scan using sbtest3_pkey on sbtest3  (cost=0.43..8.45 rows=1 width=121)
	  Index Cond: (id = 6749082)

table 4 : explain SELECT c FROM sbtest4 WHERE id=5994564
	Index Scan using sbtest4_pkey on sbtest4  (cost=0.43..8.45 rows=1 width=121)
	  Index Cond: (id = 5994564)

table 5 : explain SELECT c FROM sbtest5 WHERE id=9359153
	Index Scan using sbtest5_pkey on sbtest5  (cost=0.43..8.45 rows=1 width=121)
	  Index Cond: (id = 9359153)

table 6 : explain SELECT c FROM sbtest6 WHERE id=1281738
	Index Scan using sbtest6_pkey on sbtest6  (cost=0.43..8.45 rows=1 width=121)
	  Index Cond: (id = 1281738)

table 7 : explain SELECT c FROM sbtest7 WHERE id=4012175
	Index Scan using sbtest7_pkey on sbtest7  (cost=0.43..8.45 rows=1 width=121)
	  Index Cond: (id = 4012175)

table 8 : explain SELECT c FROM sbtest8 WHERE id=2788515
	Index Scan using sbtest8_pkey on sbtest8  (cost=0.43..8.45 rows=1 width=121)
	  Index Cond: (id = 2788515)

for point_selects
table 1 : explain SELECT c FROM sbtest1 WHERE id=8887013
	Index Scan using sbtest1_pkey on sbtest1  (cost=0.43..8.45 rows=1 width=121)
	  Index Cond: (id = 8887013)

table 2 : explain SELECT c FROM sbtest2 WHERE id=1292523
	Index Scan using sbtest2_pkey on sbtest2  (cost=0.43..8.45 rows=1 width=121)
	  Index Cond: (id = 1292523)

table 3 : explain SELECT c FROM sbtest3 WHERE id=5168141
	Index Scan using sbtest3_pkey on sbtest3  (cost=0.43..8.45 rows=1 width=121)
	  Index Cond: (id = 5168141)

table 4 : explain SELECT c FROM sbtest4 WHERE id=6169431
	Index Scan using sbtest4_pkey on sbtest4  (cost=0.43..8.45 rows=1 width=121)
	  Index Cond: (id = 6169431)

table 5 : explain SELECT c FROM sbtest5 WHERE id=198058
	Index Scan using sbtest5_pkey on sbtest5  (cost=0.43..8.45 rows=1 width=121)
	  Index Cond: (id = 198058)

table 6 : explain SELECT c FROM sbtest6 WHERE id=3217314
	Index Scan using sbtest6_pkey on sbtest6  (cost=0.43..8.45 rows=1 width=121)
	  Index Cond: (id = 3217314)

table 7 : explain SELECT c FROM sbtest7 WHERE id=7197808
	Index Scan using sbtest7_pkey on sbtest7  (cost=0.43..8.45 rows=1 width=121)
	  Index Cond: (id = 7197808)

table 8 : explain SELECT c FROM sbtest8 WHERE id=3488156
	Index Scan using sbtest8_pkey on sbtest8  (cost=0.43..8.45 rows=1 width=121)
	  Index Cond: (id = 3488156)

explain: for point_selects :: explain SELECT c FROM sbtest%u WHERE id=%u
for point_selects
table 1 : explain SELECT c FROM sbtest1 WHERE id=7016428
	Index Scan using sbtest1_pkey on sbtest1  (cost=0.43..8.45 rows=1 width=121)
	  Index Cond: (id = 7016428)

table 2 : explain SELECT c FROM sbtest2 WHERE id=1055302
	Index Scan using sbtest2_pkey on sbtest2  (cost=0.43..8.45 rows=1 width=121)
	  Index Cond: (id = 1055302)

table 3 : explain SELECT c FROM sbtest3 WHERE id=5427862
	Index Scan using sbtest3_pkey on sbtest3  (cost=0.43..8.45 rows=1 width=121)
	  Index Cond: (id = 5427862)

table 4 : explain SELECT c FROM sbtest4 WHERE id=7583265
	Index Scan using sbtest4_pkey on sbtest4  (cost=0.43..8.45 rows=1 width=121)
	  Index Cond: (id = 7583265)

table 5 : explain SELECT c FROM sbtest5 WHERE id=9936377
	Index Scan using sbtest5_pkey on sbtest5  (cost=0.43..8.45 rows=1 width=121)
	  Index Cond: (id = 9936377)

table 6 : explain SELECT c FROM sbtest6 WHERE id=7575786
	Index Scan using sbtest6_pkey on sbtest6  (cost=0.43..8.45 rows=1 width=121)
	  Index Cond: (id = 7575786)

table 7 : explain SELECT c FROM sbtest7 WHERE id=8168003
	Index Scan using sbtest7_pkey on sbtest7  (cost=0.43..8.45 rows=1 width=121)
	  Index Cond: (id = 8168003)

table 8 : explain SELECT c FROM sbtest8 WHERE id=8731347
	Index Scan using sbtest8_pkey on sbtest8  (cost=0.43..8.45 rows=1 width=121)
	  Index Cond: (id = 8731347)

for: simple_ranges
table 1 : explain SELECT c FROM sbtest1 WHERE id BETWEEN 6357906 AND 6358905
	Bitmap Heap Scan on sbtest1  (cost=21.77..3523.75 rows=911 width=121)
	  Recheck Cond: ((id >= 6357906) AND (id <= 6358905))
	  ->  Bitmap Index Scan on sbtest1_pkey  (cost=0.00..21.54 rows=911 width=0)
	        Index Cond: ((id >= 6357906) AND (id <= 6358905))

table 2 : explain SELECT c FROM sbtest2 WHERE id BETWEEN 6887016 AND 6888015
	Bitmap Heap Scan on sbtest2  (cost=23.01..3980.63 rows=1032 width=121)
	  Recheck Cond: ((id >= 6887016) AND (id <= 6888015))
	  ->  Bitmap Index Scan on sbtest2_pkey  (cost=0.00..22.75 rows=1032 width=0)
	        Index Cond: ((id >= 6887016) AND (id <= 6888015))

table 3 : explain SELECT c FROM sbtest3 WHERE id BETWEEN 2407666 AND 2408665
	Bitmap Heap Scan on sbtest3  (cost=22.39..3751.12 rows=971 width=121)
	  Recheck Cond: ((id >= 2407666) AND (id <= 2408665))
	  ->  Bitmap Index Scan on sbtest3_pkey  (cost=0.00..22.14 rows=971 width=0)
	        Index Cond: ((id >= 2407666) AND (id <= 2408665))

table 4 : explain SELECT c FROM sbtest4 WHERE id BETWEEN 7905939 AND 7906938
	Bitmap Heap Scan on sbtest4  (cost=22.09..3642.50 rows=942 width=121)
	  Recheck Cond: ((id >= 7905939) AND (id <= 7906938))
	  ->  Bitmap Index Scan on sbtest4_pkey  (cost=0.00..21.86 rows=942 width=0)
	        Index Cond: ((id >= 7905939) AND (id <= 7906938))

table 5 : explain SELECT c FROM sbtest5 WHERE id BETWEEN 2092618 AND 2093617
	Bitmap Heap Scan on sbtest5  (cost=21.90..3570.90 rows=923 width=121)
	  Recheck Cond: ((id >= 2092618) AND (id <= 2093617))
	  ->  Bitmap Index Scan on sbtest5_pkey  (cost=0.00..21.66 rows=923 width=0)
	        Index Cond: ((id >= 2092618) AND (id <= 2093617))

table 6 : explain SELECT c FROM sbtest6 WHERE id BETWEEN 7030221 AND 7031220
	Bitmap Heap Scan on sbtest6  (cost=21.54..3439.22 rows=888 width=121)
	  Recheck Cond: ((id >= 7030221) AND (id <= 7031220))
	  ->  Bitmap Index Scan on sbtest6_pkey  (cost=0.00..21.32 rows=888 width=0)
	        Index Cond: ((id >= 7030221) AND (id <= 7031220))

table 7 : explain SELECT c FROM sbtest7 WHERE id BETWEEN 3636664 AND 3637663
	Bitmap Heap Scan on sbtest7  (cost=23.22..4057.69 rows=1052 width=121)
	  Recheck Cond: ((id >= 3636664) AND (id <= 3637663))
	  ->  Bitmap Index Scan on sbtest7_pkey  (cost=0.00..22.95 rows=1052 width=0)
	        Index Cond: ((id >= 3636664) AND (id <= 3637663))

table 8 : explain SELECT c FROM sbtest8 WHERE id BETWEEN 1942907 AND 1943906
	Bitmap Heap Scan on sbtest8  (cost=22.50..3794.16 rows=982 width=121)
	  Recheck Cond: ((id >= 1942907) AND (id <= 1943906))
	  ->  Bitmap Index Scan on sbtest8_pkey  (cost=0.00..22.25 rows=982 width=0)
	        Index Cond: ((id >= 1942907) AND (id <= 1943906))

for: simple_ranges
table 1 : explain SELECT c FROM sbtest1 WHERE id BETWEEN 7722479 AND 7723478
	Bitmap Heap Scan on sbtest1  (cost=21.80..3535.08 rows=914 width=121)
	  Recheck Cond: ((id >= 7722479) AND (id <= 7723478))
	  ->  Bitmap Index Scan on sbtest1_pkey  (cost=0.00..21.57 rows=914 width=0)
	        Index Cond: ((id >= 7722479) AND (id <= 7723478))

table 2 : explain SELECT c FROM sbtest2 WHERE id BETWEEN 4304951 AND 4305950
	Bitmap Heap Scan on sbtest2  (cost=21.47..3411.27 rows=881 width=121)
	  Recheck Cond: ((id >= 4304951) AND (id <= 4305950))
	  ->  Bitmap Index Scan on sbtest2_pkey  (cost=0.00..21.25 rows=881 width=0)
	        Index Cond: ((id >= 4304951) AND (id <= 4305950))

table 3 : explain SELECT c FROM sbtest3 WHERE id BETWEEN 678756 AND 679755
	Bitmap Heap Scan on sbtest3  (cost=22.52..3800.11 rows=984 width=121)
	  Recheck Cond: ((id >= 678756) AND (id <= 679755))
	  ->  Bitmap Index Scan on sbtest3_pkey  (cost=0.00..22.27 rows=984 width=0)
	        Index Cond: ((id >= 678756) AND (id <= 679755))

table 4 : explain SELECT c FROM sbtest4 WHERE id BETWEEN 7645462 AND 7646461
	Bitmap Heap Scan on sbtest4  (cost=22.57..3819.73 rows=989 width=121)
	  Recheck Cond: ((id >= 7645462) AND (id <= 7646461))
	  ->  Bitmap Index Scan on sbtest4_pkey  (cost=0.00..22.32 rows=989 width=0)
	        Index Cond: ((id >= 7645462) AND (id <= 7646461))

table 5 : explain SELECT c FROM sbtest5 WHERE id BETWEEN 7710090 AND 7711089
	Bitmap Heap Scan on sbtest5  (cost=22.40..3755.79 rows=972 width=121)
	  Recheck Cond: ((id >= 7710090) AND (id <= 7711089))
	  ->  Bitmap Index Scan on sbtest5_pkey  (cost=0.00..22.15 rows=972 width=0)
	        Index Cond: ((id >= 7710090) AND (id <= 7711089))

table 6 : explain SELECT c FROM sbtest6 WHERE id BETWEEN 3886769 AND 3887768
	Bitmap Heap Scan on sbtest6  (cost=22.31..3722.52 rows=963 width=121)
	  Recheck Cond: ((id >= 3886769) AND (id <= 3887768))
	  ->  Bitmap Index Scan on sbtest6_pkey  (cost=0.00..22.07 rows=963 width=0)
	        Index Cond: ((id >= 3886769) AND (id <= 3887768))

table 7 : explain SELECT c FROM sbtest7 WHERE id BETWEEN 7096068 AND 7097067
	Bitmap Heap Scan on sbtest7  (cost=23.39..4121.60 rows=1069 width=121)
	  Recheck Cond: ((id >= 7096068) AND (id <= 7097067))
	  ->  Bitmap Index Scan on sbtest7_pkey  (cost=0.00..23.12 rows=1069 width=0)
	        Index Cond: ((id >= 7096068) AND (id <= 7097067))

table 8 : explain SELECT c FROM sbtest8 WHERE id BETWEEN 6021684 AND 6022683
	Bitmap Heap Scan on sbtest8  (cost=23.29..4084.05 rows=1059 width=121)
	  Recheck Cond: ((id >= 6021684) AND (id <= 6022683))
	  ->  Bitmap Index Scan on sbtest8_pkey  (cost=0.00..23.02 rows=1059 width=0)
	        Index Cond: ((id >= 6021684) AND (id <= 6022683))

for: simple_ranges
table 1 : explain SELECT c FROM sbtest1 WHERE id BETWEEN 253926 AND 254925
	Bitmap Heap Scan on sbtest1  (cost=23.59..4186.15 rows=1088 width=121)
	  Recheck Cond: ((id >= 253926) AND (id <= 254925))
	  ->  Bitmap Index Scan on sbtest1_pkey  (cost=0.00..23.32 rows=1088 width=0)
	        Index Cond: ((id >= 253926) AND (id <= 254925))

table 2 : explain SELECT c FROM sbtest2 WHERE id BETWEEN 6541713 AND 6542712
	Bitmap Heap Scan on sbtest2  (cost=23.47..4149.74 rows=1077 width=121)
	  Recheck Cond: ((id >= 6541713) AND (id <= 6542712))
	  ->  Bitmap Index Scan on sbtest2_pkey  (cost=0.00..23.20 rows=1077 width=0)
	        Index Cond: ((id >= 6541713) AND (id <= 6542712))

table 3 : explain SELECT c FROM sbtest3 WHERE id BETWEEN 3276812 AND 3277811
	Bitmap Heap Scan on sbtest3  (cost=22.00..3607.81 rows=933 width=121)
	  Recheck Cond: ((id >= 3276812) AND (id <= 3277811))
	  ->  Bitmap Index Scan on sbtest3_pkey  (cost=0.00..21.76 rows=933 width=0)
	        Index Cond: ((id >= 3276812) AND (id <= 3277811))

table 4 : explain SELECT c FROM sbtest4 WHERE id BETWEEN 8869012 AND 8870011
	Bitmap Heap Scan on sbtest4  (cost=22.68..3861.16 rows=1000 width=121)
	  Recheck Cond: ((id >= 8869012) AND (id <= 8870011))
	  ->  Bitmap Index Scan on sbtest4_pkey  (cost=0.00..22.43 rows=1000 width=0)
	        Index Cond: ((id >= 8869012) AND (id <= 8870011))

table 5 : explain SELECT c FROM sbtest5 WHERE id BETWEEN 6539557 AND 6540556
	Bitmap Heap Scan on sbtest5  (cost=22.86..3925.31 rows=1017 width=121)
	  Recheck Cond: ((id >= 6539557) AND (id <= 6540556))
	  ->  Bitmap Index Scan on sbtest5_pkey  (cost=0.00..22.61 rows=1017 width=0)
	        Index Cond: ((id >= 6539557) AND (id <= 6540556))

table 6 : explain SELECT c FROM sbtest6 WHERE id BETWEEN 4356686 AND 4357685
	Bitmap Heap Scan on sbtest6  (cost=22.20..3684.79 rows=953 width=121)
	  Recheck Cond: ((id >= 4356686) AND (id <= 4357685))
	  ->  Bitmap Index Scan on sbtest6_pkey  (cost=0.00..21.96 rows=953 width=0)
	        Index Cond: ((id >= 4356686) AND (id <= 4357685))

table 7 : explain SELECT c FROM sbtest7 WHERE id BETWEEN 5242351 AND 5243350
	Bitmap Heap Scan on sbtest7  (cost=28.60..4564.55 rows=1187 width=121)
	  Recheck Cond: ((id >= 5242351) AND (id <= 5243350))
	  ->  Bitmap Index Scan on sbtest7_pkey  (cost=0.00..28.30 rows=1187 width=0)
	        Index Cond: ((id >= 5242351) AND (id <= 5243350))

table 8 : explain SELECT c FROM sbtest8 WHERE id BETWEEN 6540453 AND 6541452
	Bitmap Heap Scan on sbtest8  (cost=22.89..3937.32 rows=1020 width=121)
	  Recheck Cond: ((id >= 6540453) AND (id <= 6541452))
	  ->  Bitmap Index Scan on sbtest8_pkey  (cost=0.00..22.64 rows=1020 width=0)
	        Index Cond: ((id >= 6540453) AND (id <= 6541452))

for point_selects
table 1 : explain SELECT c FROM sbtest1 WHERE id=3398630
	Index Scan using sbtest1_pkey on sbtest1  (cost=0.43..8.45 rows=1 width=121)
	  Index Cond: (id = 3398630)

table 2 : explain SELECT c FROM sbtest2 WHERE id=6180592
	Index Scan using sbtest2_pkey on sbtest2  (cost=0.43..8.45 rows=1 width=121)
	  Index Cond: (id = 6180592)

table 3 : explain SELECT c FROM sbtest3 WHERE id=1694581
	Index Scan using sbtest3_pkey on sbtest3  (cost=0.43..8.45 rows=1 width=121)
	  Index Cond: (id = 1694581)

table 4 : explain SELECT c FROM sbtest4 WHERE id=3517016
	Index Scan using sbtest4_pkey on sbtest4  (cost=0.43..8.45 rows=1 width=121)
	  Index Cond: (id = 3517016)

table 5 : explain SELECT c FROM sbtest5 WHERE id=1456750
	Index Scan using sbtest5_pkey on sbtest5  (cost=0.43..8.45 rows=1 width=121)
	  Index Cond: (id = 1456750)

table 6 : explain SELECT c FROM sbtest6 WHERE id=1115221
	Index Scan using sbtest6_pkey on sbtest6  (cost=0.43..8.45 rows=1 width=121)
	  Index Cond: (id = 1115221)

table 7 : explain SELECT c FROM sbtest7 WHERE id=8407071
	Index Scan using sbtest7_pkey on sbtest7  (cost=0.43..8.45 rows=1 width=121)
	  Index Cond: (id = 8407071)

table 8 : explain SELECT c FROM sbtest8 WHERE id=4326514
	Index Scan using sbtest8_pkey on sbtest8  (cost=0.43..8.45 rows=1 width=121)
	  Index Cond: (id = 4326514)

for: simple_ranges
table 1 : explain SELECT c FROM sbtest1 WHERE id BETWEEN 7832936 AND 7833935
	Bitmap Heap Scan on sbtest1  (cost=22.57..3817.81 rows=989 width=121)
	  Recheck Cond: ((id >= 7832936) AND (id <= 7833935))
	  ->  Bitmap Index Scan on sbtest1_pkey  (cost=0.00..22.32 rows=989 width=0)
	        Index Cond: ((id >= 7832936) AND (id <= 7833935))

table 2 : explain SELECT c FROM sbtest2 WHERE id BETWEEN 7396411 AND 7397410
	Bitmap Heap Scan on sbtest2  (cost=21.81..3539.74 rows=915 width=121)
	  Recheck Cond: ((id >= 7396411) AND (id <= 7397410))
	  ->  Bitmap Index Scan on sbtest2_pkey  (cost=0.00..21.58 rows=915 width=0)
	        Index Cond: ((id >= 7396411) AND (id <= 7397410))

table 3 : explain SELECT c FROM sbtest3 WHERE id BETWEEN 4621907 AND 4622906
	Bitmap Heap Scan on sbtest3  (cost=22.07..3634.23 rows=940 width=121)
	  Recheck Cond: ((id >= 4621907) AND (id <= 4622906))
	  ->  Bitmap Index Scan on sbtest3_pkey  (cost=0.00..21.83 rows=940 width=0)
	        Index Cond: ((id >= 4621907) AND (id <= 4622906))

table 4 : explain SELECT c FROM sbtest4 WHERE id BETWEEN 9752038 AND 9753037
	Bitmap Heap Scan on sbtest4  (cost=22.52..3800.89 rows=984 width=121)
	  Recheck Cond: ((id >= 9752038) AND (id <= 9753037))
	  ->  Bitmap Index Scan on sbtest4_pkey  (cost=0.00..22.27 rows=984 width=0)
	        Index Cond: ((id >= 9752038) AND (id <= 9753037))

table 5 : explain SELECT c FROM sbtest5 WHERE id BETWEEN 6756403 AND 6757402
	Bitmap Heap Scan on sbtest5  (cost=23.17..4038.18 rows=1047 width=121)
	  Recheck Cond: ((id >= 6756403) AND (id <= 6757402))
	  ->  Bitmap Index Scan on sbtest5_pkey  (cost=0.00..22.90 rows=1047 width=0)
	        Index Cond: ((id >= 6756403) AND (id <= 6757402))

table 6 : explain SELECT c FROM sbtest6 WHERE id BETWEEN 6253209 AND 6254208
	Bitmap Heap Scan on sbtest6  (cost=22.62..3839.39 rows=994 width=121)
	  Recheck Cond: ((id >= 6253209) AND (id <= 6254208))
	  ->  Bitmap Index Scan on sbtest6_pkey  (cost=0.00..22.37 rows=994 width=0)
	        Index Cond: ((id >= 6253209) AND (id <= 6254208))

table 7 : explain SELECT c FROM sbtest7 WHERE id BETWEEN 4905383 AND 4906382
	Bitmap Heap Scan on sbtest7  (cost=21.99..3605.47 rows=932 width=121)
	  Recheck Cond: ((id >= 4905383) AND (id <= 4906382))
	  ->  Bitmap Index Scan on sbtest7_pkey  (cost=0.00..21.75 rows=932 width=0)
	        Index Cond: ((id >= 4905383) AND (id <= 4906382))

table 8 : explain SELECT c FROM sbtest8 WHERE id BETWEEN 5773626 AND 5774625
	Bitmap Heap Scan on sbtest8  (cost=22.08..3639.49 rows=941 width=121)
	  Recheck Cond: ((id >= 5773626) AND (id <= 5774625))
	  ->  Bitmap Index Scan on sbtest8_pkey  (cost=0.00..21.84 rows=941 width=0)
	        Index Cond: ((id >= 5773626) AND (id <= 5774625))

for point_selects
table 1 : explain SELECT c FROM sbtest1 WHERE id=7826877
	Index Scan using sbtest1_pkey on sbtest1  (cost=0.43..8.45 rows=1 width=121)
	  Index Cond: (id = 7826877)

table 2 : explain SELECT c FROM sbtest2 WHERE id=8695700
	Index Scan using sbtest2_pkey on sbtest2  (cost=0.43..8.45 rows=1 width=121)
	  Index Cond: (id = 8695700)

table 3 : explain SELECT c FROM sbtest3 WHERE id=33838
	Index Scan using sbtest3_pkey on sbtest3  (cost=0.43..8.45 rows=1 width=121)
	  Index Cond: (id = 33838)

table 4 : explain SELECT c FROM sbtest4 WHERE id=7806059
	Index Scan using sbtest4_pkey on sbtest4  (cost=0.43..8.45 rows=1 width=121)
	  Index Cond: (id = 7806059)

table 5 : explain SELECT c FROM sbtest5 WHERE id=6427442
	Index Scan using sbtest5_pkey on sbtest5  (cost=0.43..8.45 rows=1 width=121)
	  Index Cond: (id = 6427442)

table 6 : explain SELECT c FROM sbtest6 WHERE id=6097118
	Index Scan using sbtest6_pkey on sbtest6  (cost=0.43..8.45 rows=1 width=121)
	  Index Cond: (id = 6097118)

table 7 : explain SELECT c FROM sbtest7 WHERE id=8942326
	Index Scan using sbtest7_pkey on sbtest7  (cost=0.43..8.45 rows=1 width=121)
	  Index Cond: (id = 8942326)

table 8 : explain SELECT c FROM sbtest8 WHERE id=4011542
	Index Scan using sbtest8_pkey on sbtest8  (cost=0.43..8.45 rows=1 width=121)
	  Index Cond: (id = 4011542)

for point_selects
table 1 : explain SELECT c FROM sbtest1 WHERE id=8453406
	Index Scan using sbtest1_pkey on sbtest1  (cost=0.43..8.45 rows=1 width=121)
	  Index Cond: (id = 8453406)

table 2 : explain SELECT c FROM sbtest2 WHERE id=5711952
	Index Scan using sbtest2_pkey on sbtest2  (cost=0.43..8.45 rows=1 width=121)
	  Index Cond: (id = 5711952)

table 3 : explain SELECT c FROM sbtest3 WHERE id=7629555
	Index Scan using sbtest3_pkey on sbtest3  (cost=0.43..8.45 rows=1 width=121)
	  Index Cond: (id = 7629555)

table 4 : explain SELECT c FROM sbtest4 WHERE id=1631604
	Index Scan using sbtest4_pkey on sbtest4  (cost=0.43..8.45 rows=1 width=121)
	  Index Cond: (id = 1631604)

table 5 : explain SELECT c FROM sbtest5 WHERE id=3090063
	Index Scan using sbtest5_pkey on sbtest5  (cost=0.43..8.45 rows=1 width=121)
	  Index Cond: (id = 3090063)

table 6 : explain SELECT c FROM sbtest6 WHERE id=9014278
	Index Scan using sbtest6_pkey on sbtest6  (cost=0.43..8.45 rows=1 width=121)
	  Index Cond: (id = 9014278)

table 7 : explain SELECT c FROM sbtest7 WHERE id=4807658
	Index Scan using sbtest7_pkey on sbtest7  (cost=0.43..8.45 rows=1 width=121)
	  Index Cond: (id = 4807658)

table 8 : explain SELECT c FROM sbtest8 WHERE id=7734659
	Index Scan using sbtest8_pkey on sbtest8  (cost=0.43..8.45 rows=1 width=121)
	  Index Cond: (id = 7734659)

for: simple_ranges
table 1 : explain SELECT c FROM sbtest1 WHERE id BETWEEN 90209 AND 91208
	Bitmap Heap Scan on sbtest1  (cost=22.85..3919.41 rows=1016 width=121)
	  Recheck Cond: ((id >= 90209) AND (id <= 91208))
	  ->  Bitmap Index Scan on sbtest1_pkey  (cost=0.00..22.59 rows=1016 width=0)
	        Index Cond: ((id >= 90209) AND (id <= 91208))

table 2 : explain SELECT c FROM sbtest2 WHERE id BETWEEN 2830225 AND 2831224
	Bitmap Heap Scan on sbtest2  (cost=22.12..3652.96 rows=945 width=121)
	  Recheck Cond: ((id >= 2830225) AND (id <= 2831224))
	  ->  Bitmap Index Scan on sbtest2_pkey  (cost=0.00..21.89 rows=945 width=0)
	        Index Cond: ((id >= 2830225) AND (id <= 2831224))

table 3 : explain SELECT c FROM sbtest3 WHERE id BETWEEN 9463926 AND 9464925
	Bitmap Heap Scan on sbtest3  (cost=22.39..3751.12 rows=971 width=121)
	  Recheck Cond: ((id >= 9463926) AND (id <= 9464925))
	  ->  Bitmap Index Scan on sbtest3_pkey  (cost=0.00..22.14 rows=971 width=0)
	        Index Cond: ((id >= 9463926) AND (id <= 9464925))

table 4 : explain SELECT c FROM sbtest4 WHERE id BETWEEN 4529075 AND 4530074
	Bitmap Heap Scan on sbtest4  (cost=22.67..3857.40 rows=999 width=121)
	  Recheck Cond: ((id >= 4529075) AND (id <= 4530074))
	  ->  Bitmap Index Scan on sbtest4_pkey  (cost=0.00..22.43 rows=999 width=0)
	        Index Cond: ((id >= 4529075) AND (id <= 4530074))

table 5 : explain SELECT c FROM sbtest5 WHERE id BETWEEN 1707027 AND 1708026
	Bitmap Heap Scan on sbtest5  (cost=22.16..3669.04 rows=949 width=121)
	  Recheck Cond: ((id >= 1707027) AND (id <= 1708026))
	  ->  Bitmap Index Scan on sbtest5_pkey  (cost=0.00..21.93 rows=949 width=0)
	        Index Cond: ((id >= 1707027) AND (id <= 1708026))

table 6 : explain SELECT c FROM sbtest6 WHERE id BETWEEN 1769307 AND 1770306
	Bitmap Heap Scan on sbtest6  (cost=22.21..3688.56 rows=954 width=121)
	  Recheck Cond: ((id >= 1769307) AND (id <= 1770306))
	  ->  Bitmap Index Scan on sbtest6_pkey  (cost=0.00..21.97 rows=954 width=0)
	        Index Cond: ((id >= 1769307) AND (id <= 1770306))

table 7 : explain SELECT c FROM sbtest7 WHERE id BETWEEN 6912801 AND 6913800
	Bitmap Heap Scan on sbtest7  (cost=23.26..4072.73 rows=1056 width=121)
	  Recheck Cond: ((id >= 6912801) AND (id <= 6913800))
	  ->  Bitmap Index Scan on sbtest7_pkey  (cost=0.00..23.00 rows=1056 width=0)
	        Index Cond: ((id >= 6912801) AND (id <= 6913800))

table 8 : explain SELECT c FROM sbtest8 WHERE id BETWEEN 1067093 AND 1068092
	Bitmap Heap Scan on sbtest8  (cost=21.97..3597.95 rows=930 width=121)
	  Recheck Cond: ((id >= 1067093) AND (id <= 1068092))
	  ->  Bitmap Index Scan on sbtest8_pkey  (cost=0.00..21.73 rows=930 width=0)
	        Index Cond: ((id >= 1067093) AND (id <= 1068092))

for point_selects
table 1 : explain SELECT c FROM sbtest1 WHERE id=8365518
	Index Scan using sbtest1_pkey on sbtest1  (cost=0.43..8.45 rows=1 width=121)
	  Index Cond: (id = 8365518)

table 2 : explain SELECT c FROM sbtest2 WHERE id=3883085
	Index Scan using sbtest2_pkey on sbtest2  (cost=0.43..8.45 rows=1 width=121)
	  Index Cond: (id = 3883085)

table 3 : explain SELECT c FROM sbtest3 WHERE id=6285963
	Index Scan using sbtest3_pkey on sbtest3  (cost=0.43..8.45 rows=1 width=121)
	  Index Cond: (id = 6285963)

table 4 : explain SELECT c FROM sbtest4 WHERE id=5173715
	Index Scan using sbtest4_pkey on sbtest4  (cost=0.43..8.45 rows=1 width=121)
	  Index Cond: (id = 5173715)

table 5 : explain SELECT c FROM sbtest5 WHERE id=8860019
	Index Scan using sbtest5_pkey on sbtest5  (cost=0.43..8.45 rows=1 width=121)
	  Index Cond: (id = 8860019)

table 6 : explain SELECT c FROM sbtest6 WHERE id=2559670
	Index Scan using sbtest6_pkey on sbtest6  (cost=0.43..8.45 rows=1 width=121)
	  Index Cond: (id = 2559670)

table 7 : explain SELECT c FROM sbtest7 WHERE id=2797463
	Index Scan using sbtest7_pkey on sbtest7  (cost=0.43..8.45 rows=1 width=121)
	  Index Cond: (id = 2797463)

table 8 : explain SELECT c FROM sbtest8 WHERE id=3263097
	Index Scan using sbtest8_pkey on sbtest8  (cost=0.43..8.45 rows=1 width=121)
	  Index Cond: (id = 3263097)

for: simple_ranges
table 1 : explain SELECT c FROM sbtest1 WHERE id BETWEEN 7188927 AND 7189926
	Bitmap Heap Scan on sbtest1  (cost=22.56..3814.04 rows=988 width=121)
	  Recheck Cond: ((id >= 7188927) AND (id <= 7189926))
	  ->  Bitmap Index Scan on sbtest1_pkey  (cost=0.00..22.32 rows=988 width=0)
	        Index Cond: ((id >= 7188927) AND (id <= 7189926))

table 2 : explain SELECT c FROM sbtest2 WHERE id BETWEEN 1812822 AND 1813821
	Bitmap Heap Scan on sbtest2  (cost=22.94..3954.31 rows=1025 width=121)
	  Recheck Cond: ((id >= 1812822) AND (id <= 1813821))
	  ->  Bitmap Index Scan on sbtest2_pkey  (cost=0.00..22.68 rows=1025 width=0)
	        Index Cond: ((id >= 1812822) AND (id <= 1813821))

table 3 : explain SELECT c FROM sbtest3 WHERE id BETWEEN 4588429 AND 4589428
	Bitmap Heap Scan on sbtest3  (cost=21.98..3600.26 rows=931 width=121)
	  Recheck Cond: ((id >= 4588429) AND (id <= 4589428))
	  ->  Bitmap Index Scan on sbtest3_pkey  (cost=0.00..21.75 rows=931 width=0)
	        Index Cond: ((id >= 4588429) AND (id <= 4589428))

table 4 : explain SELECT c FROM sbtest4 WHERE id BETWEEN 5971107 AND 5972106
	Bitmap Heap Scan on sbtest4  (cost=23.05..3996.66 rows=1036 width=121)
	  Recheck Cond: ((id >= 5971107) AND (id <= 5972106))
	  ->  Bitmap Index Scan on sbtest4_pkey  (cost=0.00..22.79 rows=1036 width=0)
	        Index Cond: ((id >= 5971107) AND (id <= 5972106))

table 5 : explain SELECT c FROM sbtest5 WHERE id BETWEEN 7580873 AND 7581872
	Bitmap Heap Scan on sbtest5  (cost=21.97..3597.33 rows=930 width=121)
	  Recheck Cond: ((id >= 7580873) AND (id <= 7581872))
	  ->  Bitmap Index Scan on sbtest5_pkey  (cost=0.00..21.73 rows=930 width=0)
	        Index Cond: ((id >= 7580873) AND (id <= 7581872))

table 6 : explain SELECT c FROM sbtest6 WHERE id BETWEEN 611614 AND 612613
	Bitmap Heap Scan on sbtest6  (cost=22.43..3767.77 rows=975 width=121)
	  Recheck Cond: ((id >= 611614) AND (id <= 612613))
	  ->  Bitmap Index Scan on sbtest6_pkey  (cost=0.00..22.18 rows=975 width=0)
	        Index Cond: ((id >= 611614) AND (id <= 612613))

table 7 : explain SELECT c FROM sbtest7 WHERE id BETWEEN 2445381 AND 2446380
	Bitmap Heap Scan on sbtest7  (cost=22.12..3654.55 rows=945 width=121)
	  Recheck Cond: ((id >= 2445381) AND (id <= 2446380))
	  ->  Bitmap Index Scan on sbtest7_pkey  (cost=0.00..21.89 rows=945 width=0)
	        Index Cond: ((id >= 2445381) AND (id <= 2446380))

table 8 : explain SELECT c FROM sbtest8 WHERE id BETWEEN 6376908 AND 6377907
	Bitmap Heap Scan on sbtest8  (cost=22.74..3880.83 rows=1005 width=121)
	  Recheck Cond: ((id >= 6376908) AND (id <= 6377907))
	  ->  Bitmap Index Scan on sbtest8_pkey  (cost=0.00..22.48 rows=1005 width=0)
	        Index Cond: ((id >= 6376908) AND (id <= 6377907))

for: simple_ranges
table 1 : explain SELECT c FROM sbtest1 WHERE id BETWEEN 8462047 AND 8463046
	Bitmap Heap Scan on sbtest1  (cost=22.21..3685.96 rows=954 width=121)
	  Recheck Cond: ((id >= 8462047) AND (id <= 8463046))
	  ->  Bitmap Index Scan on sbtest1_pkey  (cost=0.00..21.97 rows=954 width=0)
	        Index Cond: ((id >= 8462047) AND (id <= 8463046))

table 2 : explain SELECT c FROM sbtest2 WHERE id BETWEEN 47966 AND 48965
	Bitmap Heap Scan on sbtest2  (cost=22.66..3852.70 rows=998 width=121)
	  Recheck Cond: ((id >= 47966) AND (id <= 48965))
	  ->  Bitmap Index Scan on sbtest2_pkey  (cost=0.00..22.41 rows=998 width=0)
	        Index Cond: ((id >= 47966) AND (id <= 48965))

table 3 : explain SELECT c FROM sbtest3 WHERE id BETWEEN 6449498 AND 6450497
	Bitmap Heap Scan on sbtest3  (cost=22.44..3769.97 rows=976 width=121)
	  Recheck Cond: ((id >= 6449498) AND (id <= 6450497))
	  ->  Bitmap Index Scan on sbtest3_pkey  (cost=0.00..22.19 rows=976 width=0)
	        Index Cond: ((id >= 6449498) AND (id <= 6450497))

table 4 : explain SELECT c FROM sbtest4 WHERE id BETWEEN 5856165 AND 5857164
	Bitmap Heap Scan on sbtest4  (cost=22.58..3823.49 rows=990 width=121)
	  Recheck Cond: ((id >= 5856165) AND (id <= 5857164))
	  ->  Bitmap Index Scan on sbtest4_pkey  (cost=0.00..22.33 rows=990 width=0)
	        Index Cond: ((id >= 5856165) AND (id <= 5857164))

table 5 : explain SELECT c FROM sbtest5 WHERE id BETWEEN 605490 AND 606489
	Bitmap Heap Scan on sbtest5  (cost=22.54..3808.56 rows=986 width=121)
	  Recheck Cond: ((id >= 605490) AND (id <= 606489))
	  ->  Bitmap Index Scan on sbtest5_pkey  (cost=0.00..22.29 rows=986 width=0)
	        Index Cond: ((id >= 605490) AND (id <= 606489))

table 6 : explain SELECT c FROM sbtest6 WHERE id BETWEEN 9644440 AND 9645439
	Bitmap Heap Scan on sbtest6  (cost=22.43..3767.77 rows=975 width=121)
	  Recheck Cond: ((id >= 9644440) AND (id <= 9645439))
	  ->  Bitmap Index Scan on sbtest6_pkey  (cost=0.00..22.18 rows=975 width=0)
	        Index Cond: ((id >= 9644440) AND (id <= 9645439))

table 7 : explain SELECT c FROM sbtest7 WHERE id BETWEEN 7673057 AND 7674056
	Bitmap Heap Scan on sbtest7  (cost=21.87..3560.14 rows=920 width=121)
	  Recheck Cond: ((id >= 7673057) AND (id <= 7674056))
	  ->  Bitmap Index Scan on sbtest7_pkey  (cost=0.00..21.64 rows=920 width=0)
	        Index Cond: ((id >= 7673057) AND (id <= 7674056))

table 8 : explain SELECT c FROM sbtest8 WHERE id BETWEEN 4440992 AND 4441991
	Bitmap Heap Scan on sbtest8  (cost=22.57..3820.54 rows=989 width=121)
	  Recheck Cond: ((id >= 4440992) AND (id <= 4441991))
	  ->  Bitmap Index Scan on sbtest8_pkey  (cost=0.00..22.32 rows=989 width=0)
	        Index Cond: ((id >= 4440992) AND (id <= 4441991))

for: simple_ranges
table 1 : explain SELECT c FROM sbtest1 WHERE id BETWEEN 9058226 AND 9059225
	Bitmap Heap Scan on sbtest1  (cost=21.81..3538.85 rows=915 width=121)
	  Recheck Cond: ((id >= 9058226) AND (id <= 9059225))
	  ->  Bitmap Index Scan on sbtest1_pkey  (cost=0.00..21.58 rows=915 width=0)
	        Index Cond: ((id >= 9058226) AND (id <= 9059225))

table 2 : explain SELECT c FROM sbtest2 WHERE id BETWEEN 1324320 AND 1325319
	Bitmap Heap Scan on sbtest2  (cost=22.78..3894.11 rows=1009 width=121)
	  Recheck Cond: ((id >= 1324320) AND (id <= 1325319))
	  ->  Bitmap Index Scan on sbtest2_pkey  (cost=0.00..22.52 rows=1009 width=0)
	        Index Cond: ((id >= 1324320) AND (id <= 1325319))

table 3 : explain SELECT c FROM sbtest3 WHERE id BETWEEN 2494927 AND 2495926
	Bitmap Heap Scan on sbtest3  (cost=22.82..3909.30 rows=1013 width=121)
	  Recheck Cond: ((id >= 2494927) AND (id <= 2495926))
	  ->  Bitmap Index Scan on sbtest3_pkey  (cost=0.00..22.57 rows=1013 width=0)
	        Index Cond: ((id >= 2494927) AND (id <= 2495926))

table 4 : explain SELECT c FROM sbtest4 WHERE id BETWEEN 6518940 AND 6519939
	Bitmap Heap Scan on sbtest4  (cost=22.22..3691.55 rows=955 width=121)
	  Recheck Cond: ((id >= 6518940) AND (id <= 6519939))
	  ->  Bitmap Index Scan on sbtest4_pkey  (cost=0.00..21.98 rows=955 width=0)
	        Index Cond: ((id >= 6518940) AND (id <= 6519939))

table 5 : explain SELECT c FROM sbtest5 WHERE id BETWEEN 5342898 AND 5343897
	Bitmap Heap Scan on sbtest5  (cost=22.87..3929.07 rows=1018 width=121)
	  Recheck Cond: ((id >= 5342898) AND (id <= 5343897))
	  ->  Bitmap Index Scan on sbtest5_pkey  (cost=0.00..22.61 rows=1018 width=0)
	        Index Cond: ((id >= 5342898) AND (id <= 5343897))

table 6 : explain SELECT c FROM sbtest6 WHERE id BETWEEN 7692814 AND 7693813
	Bitmap Heap Scan on sbtest6  (cost=28.31..4459.72 rows=1159 width=121)
	  Recheck Cond: ((id >= 7692814) AND (id <= 7693813))
	  ->  Bitmap Index Scan on sbtest6_pkey  (cost=0.00..28.02 rows=1159 width=0)
	        Index Cond: ((id >= 7692814) AND (id <= 7693813))

table 7 : explain SELECT c FROM sbtest7 WHERE id BETWEEN 4900349 AND 4901348
	Bitmap Heap Scan on sbtest7  (cost=21.99..3605.47 rows=932 width=121)
	  Recheck Cond: ((id >= 4900349) AND (id <= 4901348))
	  ->  Bitmap Index Scan on sbtest7_pkey  (cost=0.00..21.75 rows=932 width=0)
	        Index Cond: ((id >= 4900349) AND (id <= 4901348))

table 8 : explain SELECT c FROM sbtest8 WHERE id BETWEEN 2300477 AND 2301476
	Bitmap Heap Scan on sbtest8  (cost=22.38..3748.91 rows=970 width=121)
	  Recheck Cond: ((id >= 2300477) AND (id <= 2301476))
	  ->  Bitmap Index Scan on sbtest8_pkey  (cost=0.00..22.14 rows=970 width=0)
	        Index Cond: ((id >= 2300477) AND (id <= 2301476))

explain: for point_selects :: explain SELECT c FROM sbtest%u WHERE id=%u
explain: for point_selects :: explain SELECT c FROM sbtest%u WHERE id=%u
explain: for point_selects :: explain SELECT c FROM sbtest%u WHERE id=%u
explain: for point_selects :: explain SELECT c FROM sbtest%u WHERE id=%u
for: simple_ranges
table 1 : explain SELECT c FROM sbtest1 WHERE id BETWEEN 8159970 AND 8160969
	Bitmap Heap Scan on sbtest1  (cost=23.58..4182.40 rows=1087 width=121)
	  Recheck Cond: ((id >= 8159970) AND (id <= 8160969))
	  ->  Bitmap Index Scan on sbtest1_pkey  (cost=0.00..23.30 rows=1087 width=0)
	        Index Cond: ((id >= 8159970) AND (id <= 8160969))

table 2 : explain SELECT c FROM sbtest2 WHERE id BETWEEN 2650090 AND 2651089
	Bitmap Heap Scan on sbtest2  (cost=22.14..3660.51 rows=947 width=121)
	  Recheck Cond: ((id >= 2650090) AND (id <= 2651089))
	  ->  Bitmap Index Scan on sbtest2_pkey  (cost=0.00..21.90 rows=947 width=0)
	        Index Cond: ((id >= 2650090) AND (id <= 2651089))

table 3 : explain SELECT c FROM sbtest3 WHERE id BETWEEN 3247072 AND 3248071
	Bitmap Heap Scan on sbtest3  (cost=22.00..3607.81 rows=933 width=121)
	  Recheck Cond: ((id >= 3247072) AND (id <= 3248071))
	  ->  Bitmap Index Scan on sbtest3_pkey  (cost=0.00..21.76 rows=933 width=0)
	        Index Cond: ((id >= 3247072) AND (id <= 3248071))

table 4 : explain SELECT c FROM sbtest4 WHERE id BETWEEN 9869265 AND 9870264
	Bitmap Heap Scan on sbtest4  (cost=22.89..3936.46 rows=1020 width=121)
	  Recheck Cond: ((id >= 9869265) AND (id <= 9870264))
	  ->  Bitmap Index Scan on sbtest4_pkey  (cost=0.00..22.64 rows=1020 width=0)
	        Index Cond: ((id >= 9869265) AND (id <= 9870264))

table 5 : explain SELECT c FROM sbtest5 WHERE id BETWEEN 183866 AND 184865
	Bitmap Heap Scan on sbtest5  (cost=22.59..3827.40 rows=991 width=121)
	  Recheck Cond: ((id >= 183866) AND (id <= 184865))
	  ->  Bitmap Index Scan on sbtest5_pkey  (cost=0.00..22.34 rows=991 width=0)
	        Index Cond: ((id >= 183866) AND (id <= 184865))

table 6 : explain SELECT c FROM sbtest6 WHERE id BETWEEN 6895791 AND 6896790
	Bitmap Heap Scan on sbtest6  (cost=23.25..4069.02 rows=1055 width=121)
	  Recheck Cond: ((id >= 6895791) AND (id <= 6896790))
	  ->  Bitmap Index Scan on sbtest6_pkey  (cost=0.00..22.98 rows=1055 width=0)
	        Index Cond: ((id >= 6895791) AND (id <= 6896790))

table 7 : explain SELECT c FROM sbtest7 WHERE id BETWEEN 5093531 AND 5094530
	Bitmap Heap Scan on sbtest7  (cost=22.91..3944.81 rows=1022 width=121)
	  Recheck Cond: ((id >= 5093531) AND (id <= 5094530))
	  ->  Bitmap Index Scan on sbtest7_pkey  (cost=0.00..22.65 rows=1022 width=0)
	        Index Cond: ((id >= 5093531) AND (id <= 5094530))

table 8 : explain SELECT c FROM sbtest8 WHERE id BETWEEN 2214947 AND 2215946
	Bitmap Heap Scan on sbtest8  (cost=22.38..3748.91 rows=970 width=121)
	  Recheck Cond: ((id >= 2214947) AND (id <= 2215946))
	  ->  Bitmap Index Scan on sbtest8_pkey  (cost=0.00..22.14 rows=970 width=0)
	        Index Cond: ((id >= 2214947) AND (id <= 2215946))

explain: for point_selects :: explain SELECT c FROM sbtest%u WHERE id=%u
explain: for point_selects :: explain SELECT c FROM sbtest%u WHERE id=%u
for: sum_ranges
table 1 : explain SELECT SUM(k) FROM sbtest1 WHERE id BETWEEN 2243216 AND 2244215
	Aggregate  (cost=3978.39..3978.40 rows=1 width=8)
	  ->  Bitmap Heap Scan on sbtest1  (cost=23.00..3975.81 rows=1031 width=4)
	        Recheck Cond: ((id >= 2243216) AND (id <= 2244215))
	        ->  Bitmap Index Scan on sbtest1_pkey  (cost=0.00..22.75 rows=1031 width=0)
	              Index Cond: ((id >= 2243216) AND (id <= 2244215))

table 2 : explain SELECT SUM(k) FROM sbtest2 WHERE id BETWEEN 2061402 AND 2062401
	Aggregate  (cost=3802.43..3802.44 rows=1 width=8)
	  ->  Bitmap Heap Scan on sbtest2  (cost=22.52..3799.97 rows=984 width=4)
	        Recheck Cond: ((id >= 2061402) AND (id <= 2062401))
	        ->  Bitmap Index Scan on sbtest2_pkey  (cost=0.00..22.27 rows=984 width=0)
	              Index Cond: ((id >= 2061402) AND (id <= 2062401))

table 3 : explain SELECT SUM(k) FROM sbtest3 WHERE id BETWEEN 1253440 AND 1254439
	Aggregate  (cost=4479.31..4479.32 rows=1 width=8)
	  ->  Bitmap Heap Scan on sbtest3  (cost=28.37..4476.40 rows=1164 width=4)
	        Recheck Cond: ((id >= 1253440) AND (id <= 1254439))
	        ->  Bitmap Index Scan on sbtest3_pkey  (cost=0.00..28.07 rows=1164 width=0)
	              Index Cond: ((id >= 1253440) AND (id <= 1254439))

table 4 : explain SELECT SUM(k) FROM sbtest4 WHERE id BETWEEN 1141978 AND 1142977
	Aggregate  (cost=4352.80..4352.81 rows=1 width=8)
	  ->  Bitmap Heap Scan on sbtest4  (cost=28.02..4349.97 rows=1130 width=4)
	        Recheck Cond: ((id >= 1141978) AND (id <= 1142977))
	        ->  Bitmap Index Scan on sbtest4_pkey  (cost=0.00..27.73 rows=1130 width=0)
	              Index Cond: ((id >= 1141978) AND (id <= 1142977))

table 5 : explain SELECT SUM(k) FROM sbtest5 WHERE id BETWEEN 5607732 AND 5608731
	Aggregate  (cost=3871.34..3871.35 rows=1 width=8)
	  ->  Bitmap Heap Scan on sbtest5  (cost=22.71..3868.83 rows=1002 width=4)
	        Recheck Cond: ((id >= 5607732) AND (id <= 5608731))
	        ->  Bitmap Index Scan on sbtest5_pkey  (cost=0.00..22.45 rows=1002 width=0)
	              Index Cond: ((id >= 5607732) AND (id <= 5608731))

table 6 : explain SELECT SUM(k) FROM sbtest6 WHERE id BETWEEN 4332910 AND 4333909
	Aggregate  (cost=4161.93..4161.94 rows=1 width=8)
	  ->  Bitmap Heap Scan on sbtest6  (cost=23.49..4159.23 rows=1079 width=4)
	        Recheck Cond: ((id >= 4332910) AND (id <= 4333909))
	        ->  Bitmap Index Scan on sbtest6_pkey  (cost=0.00..23.22 rows=1079 width=0)
	              Index Cond: ((id >= 4332910) AND (id <= 4333909))

table 7 : explain SELECT SUM(k) FROM sbtest7 WHERE id BETWEEN 9724770 AND 9725769
	Aggregate  (cost=4094.18..4094.19 rows=1 width=8)
	  ->  Bitmap Heap Scan on sbtest7  (cost=23.31..4091.53 rows=1061 width=4)
	        Recheck Cond: ((id >= 9724770) AND (id <= 9725769))
	        ->  Bitmap Index Scan on sbtest7_pkey  (cost=0.00..23.04 rows=1061 width=0)
	              Index Cond: ((id >= 9724770) AND (id <= 9725769))

table 8 : explain SELECT SUM(k) FROM sbtest8 WHERE id BETWEEN 239220 AND 240219
	Aggregate  (cost=3996.36..3996.37 rows=1 width=8)
	  ->  Bitmap Heap Scan on sbtest8  (cost=23.04..3993.78 rows=1035 width=4)
	        Recheck Cond: ((id >= 239220) AND (id <= 240219))
	        ->  Bitmap Index Scan on sbtest8_pkey  (cost=0.00..22.79 rows=1035 width=0)
	              Index Cond: ((id >= 239220) AND (id <= 240219))

for: sum_ranges
table 1 : explain SELECT SUM(k) FROM sbtest1 WHERE id BETWEEN 8179973 AND 8180972
	Aggregate  (cost=4185.12..4185.13 rows=1 width=8)
	  ->  Bitmap Heap Scan on sbtest1  (cost=23.58..4182.40 rows=1087 width=4)
	        Recheck Cond: ((id >= 8179973) AND (id <= 8180972))
	        ->  Bitmap Index Scan on sbtest1_pkey  (cost=0.00..23.30 rows=1087 width=0)
	              Index Cond: ((id >= 8179973) AND (id <= 8180972))

table 2 : explain SELECT SUM(k) FROM sbtest2 WHERE id BETWEEN 7372082 AND 7373081
	Aggregate  (cost=3542.03..3542.04 rows=1 width=8)
	  ->  Bitmap Heap Scan on sbtest2  (cost=21.81..3539.74 rows=915 width=4)
	        Recheck Cond: ((id >= 7372082) AND (id <= 7373081))
	        ->  Bitmap Index Scan on sbtest2_pkey  (cost=0.00..21.58 rows=915 width=0)
	              Index Cond: ((id >= 7372082) AND (id <= 7373081))

table 3 : explain SELECT SUM(k) FROM sbtest3 WHERE id BETWEEN 4806256 AND 4807255
	Aggregate  (cost=3764.86..3764.87 rows=1 width=8)
	  ->  Bitmap Heap Scan on sbtest3  (cost=22.42..3762.43 rows=974 width=4)
	        Recheck Cond: ((id >= 4806256) AND (id <= 4807255))
	        ->  Bitmap Index Scan on sbtest3_pkey  (cost=0.00..22.18 rows=974 width=0)
	              Index Cond: ((id >= 4806256) AND (id <= 4807255))

table 4 : explain SELECT SUM(k) FROM sbtest4 WHERE id BETWEEN 8053579 AND 8054578
	Aggregate  (cost=3905.11..3905.12 rows=1 width=8)
	  ->  Bitmap Heap Scan on sbtest4  (cost=22.80..3902.58 rows=1011 width=4)
	        Recheck Cond: ((id >= 8053579) AND (id <= 8054578))
	        ->  Bitmap Index Scan on sbtest4_pkey  (cost=0.00..22.54 rows=1011 width=0)
	              Index Cond: ((id >= 8053579) AND (id <= 8054578))

table 5 : explain SELECT SUM(k) FROM sbtest5 WHERE id BETWEEN 7055169 AND 7056168
	Aggregate  (cost=3406.79..3406.80 rows=1 width=8)
	  ->  Bitmap Heap Scan on sbtest5  (cost=21.44..3404.59 rows=879 width=4)
	        Recheck Cond: ((id >= 7055169) AND (id <= 7056168))
	        ->  Bitmap Index Scan on sbtest5_pkey  (cost=0.00..21.22 rows=879 width=0)
	              Index Cond: ((id >= 7055169) AND (id <= 7056168))

table 6 : explain SELECT SUM(k) FROM sbtest6 WHERE id BETWEEN 1011280 AND 1012279
	Aggregate  (cost=3988.84..3988.85 rows=1 width=8)
	  ->  Bitmap Heap Scan on sbtest6  (cost=23.02..3986.26 rows=1033 width=4)
	        Recheck Cond: ((id >= 1011280) AND (id <= 1012279))
	        ->  Bitmap Index Scan on sbtest6_pkey  (cost=0.00..22.76 rows=1033 width=0)
	              Index Cond: ((id >= 1011280) AND (id <= 1012279))

table 7 : explain SELECT SUM(k) FROM sbtest7 WHERE id BETWEEN 8934906 AND 8935905
	Aggregate  (cost=4090.42..4090.43 rows=1 width=8)
	  ->  Bitmap Heap Scan on sbtest7  (cost=23.30..4087.77 rows=1060 width=4)
	        Recheck Cond: ((id >= 8934906) AND (id <= 8935905))
	        ->  Bitmap Index Scan on sbtest7_pkey  (cost=0.00..23.04 rows=1060 width=0)
	              Index Cond: ((id >= 8934906) AND (id <= 8935905))

table 8 : explain SELECT SUM(k) FROM sbtest8 WHERE id BETWEEN 3355999 AND 3356998
	Aggregate  (cost=3732.47..3732.48 rows=1 width=8)
	  ->  Bitmap Heap Scan on sbtest8  (cost=22.33..3730.05 rows=965 width=4)
	        Recheck Cond: ((id >= 3355999) AND (id <= 3356998))
	        ->  Bitmap Index Scan on sbtest8_pkey  (cost=0.00..22.08 rows=965 width=0)
	              Index Cond: ((id >= 3355999) AND (id <= 3356998))

for point_selects
table 1 : explain SELECT c FROM sbtest1 WHERE id=2613170
	Index Scan using sbtest1_pkey on sbtest1  (cost=0.43..8.45 rows=1 width=121)
	  Index Cond: (id = 2613170)

table 2 : explain SELECT c FROM sbtest2 WHERE id=8737729
	Index Scan using sbtest2_pkey on sbtest2  (cost=0.43..8.45 rows=1 width=121)
	  Index Cond: (id = 8737729)

table 3 : explain SELECT c FROM sbtest3 WHERE id=9520940
	Index Scan using sbtest3_pkey on sbtest3  (cost=0.43..8.45 rows=1 width=121)
	  Index Cond: (id = 9520940)

table 4 : explain SELECT c FROM sbtest4 WHERE id=3048127
	Index Scan using sbtest4_pkey on sbtest4  (cost=0.43..8.45 rows=1 width=121)
	  Index Cond: (id = 3048127)

table 5 : explain SELECT c FROM sbtest5 WHERE id=2379213
	Index Scan using sbtest5_pkey on sbtest5  (cost=0.43..8.45 rows=1 width=121)
	  Index Cond: (id = 2379213)

table 6 : explain SELECT c FROM sbtest6 WHERE id=6859432
	Index Scan using sbtest6_pkey on sbtest6  (cost=0.43..8.45 rows=1 width=121)
	  Index Cond: (id = 6859432)

table 7 : explain SELECT c FROM sbtest7 WHERE id=3451707
	Index Scan using sbtest7_pkey on sbtest7  (cost=0.43..8.45 rows=1 width=121)
	  Index Cond: (id = 3451707)

table 8 : explain SELECT c FROM sbtest8 WHERE id=6528816
	Index Scan using sbtest8_pkey on sbtest8  (cost=0.43..8.45 rows=1 width=121)
	  Index Cond: (id = 6528816)

for point_selects
table 1 : explain SELECT c FROM sbtest1 WHERE id=9717708
	Index Scan using sbtest1_pkey on sbtest1  (cost=0.43..8.45 rows=1 width=121)
	  Index Cond: (id = 9717708)

table 2 : explain SELECT c FROM sbtest2 WHERE id=2192216
	Index Scan using sbtest2_pkey on sbtest2  (cost=0.43..8.45 rows=1 width=121)
	  Index Cond: (id = 2192216)

table 3 : explain SELECT c FROM sbtest3 WHERE id=9361160
	Index Scan using sbtest3_pkey on sbtest3  (cost=0.43..8.45 rows=1 width=121)
	  Index Cond: (id = 9361160)

table 4 : explain SELECT c FROM sbtest4 WHERE id=13333
	Index Scan using sbtest4_pkey on sbtest4  (cost=0.43..8.45 rows=1 width=121)
	  Index Cond: (id = 13333)

table 5 : explain SELECT c FROM sbtest5 WHERE id=8887067
	Index Scan using sbtest5_pkey on sbtest5  (cost=0.43..8.45 rows=1 width=121)
	  Index Cond: (id = 8887067)

table 6 : explain SELECT c FROM sbtest6 WHERE id=2196984
	Index Scan using sbtest6_pkey on sbtest6  (cost=0.43..8.45 rows=1 width=121)
	  Index Cond: (id = 2196984)

table 7 : explain SELECT c FROM sbtest7 WHERE id=2263799
	Index Scan using sbtest7_pkey on sbtest7  (cost=0.43..8.45 rows=1 width=121)
	  Index Cond: (id = 2263799)

table 8 : explain SELECT c FROM sbtest8 WHERE id=6815119
	Index Scan using sbtest8_pkey on sbtest8  (cost=0.43..8.45 rows=1 width=121)
	  Index Cond: (id = 6815119)

explain: for point_selects :: explain SELECT c FROM sbtest%u WHERE id=%u
for: sum_ranges
table 1 : explain SELECT SUM(k) FROM sbtest1 WHERE id BETWEEN 4320120 AND 4321119
	Aggregate  (cost=3970.86..3970.87 rows=1 width=8)
	  ->  Bitmap Heap Scan on sbtest1  (cost=22.98..3968.29 rows=1029 width=4)
	        Recheck Cond: ((id >= 4320120) AND (id <= 4321119))
	        ->  Bitmap Index Scan on sbtest1_pkey  (cost=0.00..22.72 rows=1029 width=0)
	              Index Cond: ((id >= 4320120) AND (id <= 4321119))

table 2 : explain SELECT SUM(k) FROM sbtest2 WHERE id BETWEEN 3057740 AND 3058739
	Aggregate  (cost=3727.02..3727.03 rows=1 width=8)
	  ->  Bitmap Heap Scan on sbtest2  (cost=22.32..3724.61 rows=964 width=4)
	        Recheck Cond: ((id >= 3057740) AND (id <= 3058739))
	        ->  Bitmap Index Scan on sbtest2_pkey  (cost=0.00..22.07 rows=964 width=0)
	              Index Cond: ((id >= 3057740) AND (id <= 3058739))

table 3 : explain SELECT SUM(k) FROM sbtest3 WHERE id BETWEEN 1451352 AND 1452351
	Aggregate  (cost=3591.26..3591.27 rows=1 width=8)
	  ->  Bitmap Heap Scan on sbtest3  (cost=21.95..3588.94 rows=928 width=4)
	        Recheck Cond: ((id >= 1451352) AND (id <= 1452351))
	        ->  Bitmap Index Scan on sbtest3_pkey  (cost=0.00..21.71 rows=928 width=0)
	              Index Cond: ((id >= 1451352) AND (id <= 1452351))

table 4 : explain SELECT SUM(k) FROM sbtest4 WHERE id BETWEEN 8312239 AND 8313238
	Aggregate  (cost=4078.27..4078.28 rows=1 width=8)
	  ->  Bitmap Heap Scan on sbtest4  (cost=23.27..4075.63 rows=1057 width=4)
	        Recheck Cond: ((id >= 8312239) AND (id <= 8313238))
	        ->  Bitmap Index Scan on sbtest4_pkey  (cost=0.00..23.00 rows=1057 width=0)
	              Index Cond: ((id >= 8312239) AND (id <= 8313238))

table 5 : explain SELECT SUM(k) FROM sbtest5 WHERE id BETWEEN 3544662 AND 3545661
	Aggregate  (cost=3826.10..3826.11 rows=1 width=8)
	  ->  Bitmap Heap Scan on sbtest5  (cost=22.58..3823.63 rows=990 width=4)
	        Recheck Cond: ((id >= 3544662) AND (id <= 3545661))
	        ->  Bitmap Index Scan on sbtest5_pkey  (cost=0.00..22.33 rows=990 width=0)
	              Index Cond: ((id >= 3544662) AND (id <= 3545661))

table 6 : explain SELECT SUM(k) FROM sbtest6 WHERE id BETWEEN 9436450 AND 9437449
	Aggregate  (cost=4259.89..4259.90 rows=1 width=8)
	  ->  Bitmap Heap Scan on sbtest6  (cost=27.75..4257.13 rows=1104 width=4)
	        Recheck Cond: ((id >= 9436450) AND (id <= 9437449))
	        ->  Bitmap Index Scan on sbtest6_pkey  (cost=0.00..27.47 rows=1104 width=0)
	              Index Cond: ((id >= 9436450) AND (id <= 9437449))

table 7 : explain SELECT SUM(k) FROM sbtest7 WHERE id BETWEEN 3197977 AND 3198976
	Aggregate  (cost=3879.53..3879.54 rows=1 width=8)
	  ->  Bitmap Heap Scan on sbtest7  (cost=22.73..3877.02 rows=1004 width=4)
	        Recheck Cond: ((id >= 3197977) AND (id <= 3198976))
	        ->  Bitmap Index Scan on sbtest7_pkey  (cost=0.00..22.47 rows=1004 width=0)
	              Index Cond: ((id >= 3197977) AND (id <= 3198976))

table 8 : explain SELECT SUM(k) FROM sbtest8 WHERE id BETWEEN 5160647 AND 5161646
	Aggregate  (cost=3679.61..3679.62 rows=1 width=8)
	  ->  Bitmap Heap Scan on sbtest8  (cost=22.18..3677.23 rows=951 width=4)
	        Recheck Cond: ((id >= 5160647) AND (id <= 5161646))
	        ->  Bitmap Index Scan on sbtest8_pkey  (cost=0.00..21.94 rows=951 width=0)
	              Index Cond: ((id >= 5160647) AND (id <= 5161646))

for: sum_ranges
table 1 : explain SELECT SUM(k) FROM sbtest1 WHERE id BETWEEN 1339366 AND 1340365
	Aggregate  (cost=4226.66..4226.67 rows=1 width=8)
	  ->  Bitmap Heap Scan on sbtest1  (cost=27.68..4223.91 rows=1097 width=4)
	        Recheck Cond: ((id >= 1339366) AND (id <= 1340365))
	        ->  Bitmap Index Scan on sbtest1_pkey  (cost=0.00..27.40 rows=1097 width=0)
	              Index Cond: ((id >= 1339366) AND (id <= 1340365))

table 2 : explain SELECT SUM(k) FROM sbtest2 WHERE id BETWEEN 1356038 AND 1357037
	Aggregate  (cost=3896.63..3896.64 rows=1 width=8)
	  ->  Bitmap Heap Scan on sbtest2  (cost=22.78..3894.11 rows=1009 width=4)
	        Recheck Cond: ((id >= 1356038) AND (id <= 1357037))
	        ->  Bitmap Index Scan on sbtest2_pkey  (cost=0.00..22.52 rows=1009 width=0)
	              Index Cond: ((id >= 1356038) AND (id <= 1357037))

table 3 : explain SELECT SUM(k) FROM sbtest3 WHERE id BETWEEN 9469157 AND 9470156
	Aggregate  (cost=3753.55..3753.56 rows=1 width=8)
	  ->  Bitmap Heap Scan on sbtest3  (cost=22.39..3751.12 rows=971 width=4)
	        Recheck Cond: ((id >= 9469157) AND (id <= 9470156))
	        ->  Bitmap Index Scan on sbtest3_pkey  (cost=0.00..22.14 rows=971 width=0)
	              Index Cond: ((id >= 9469157) AND (id <= 9470156))

table 4 : explain SELECT SUM(k) FROM sbtest4 WHERE id BETWEEN 3458353 AND 3459352
	Aggregate  (cost=3954.07..3954.08 rows=1 width=8)
	  ->  Bitmap Heap Scan on sbtest4  (cost=22.93..3951.51 rows=1024 width=4)
	        Recheck Cond: ((id >= 3458353) AND (id <= 3459352))
	        ->  Bitmap Index Scan on sbtest4_pkey  (cost=0.00..22.68 rows=1024 width=0)
	              Index Cond: ((id >= 3458353) AND (id <= 3459352))

table 5 : explain SELECT SUM(k) FROM sbtest5 WHERE id BETWEEN 3609568 AND 3610567
	Aggregate  (cost=3909.02..3909.03 rows=1 width=8)
	  ->  Bitmap Heap Scan on sbtest5  (cost=22.81..3906.49 rows=1012 width=4)
	        Recheck Cond: ((id >= 3609568) AND (id <= 3610567))
	        ->  Bitmap Index Scan on sbtest5_pkey  (cost=0.00..22.55 rows=1012 width=0)
	              Index Cond: ((id >= 3609568) AND (id <= 3610567))

table 6 : explain SELECT SUM(k) FROM sbtest6 WHERE id BETWEEN 2017037 AND 2018036
	Aggregate  (cost=3592.73..3592.74 rows=1 width=8)
	  ->  Bitmap Heap Scan on sbtest6  (cost=21.95..3590.41 rows=928 width=4)
	        Recheck Cond: ((id >= 2017037) AND (id <= 2018036))
	        ->  Bitmap Index Scan on sbtest6_pkey  (cost=0.00..21.71 rows=928 width=0)
	              Index Cond: ((id >= 2017037) AND (id <= 2018036))

table 7 : explain SELECT SUM(k) FROM sbtest7 WHERE id BETWEEN 4137040 AND 4138039
	Aggregate  (cost=3656.91..3656.92 rows=1 width=8)
	  ->  Bitmap Heap Scan on sbtest7  (cost=22.12..3654.55 rows=945 width=4)
	        Recheck Cond: ((id >= 4137040) AND (id <= 4138039))
	        ->  Bitmap Index Scan on sbtest7_pkey  (cost=0.00..21.89 rows=945 width=0)
	              Index Cond: ((id >= 4137040) AND (id <= 4138039))

table 8 : explain SELECT SUM(k) FROM sbtest8 WHERE id BETWEEN 1373313 AND 1374312
	Aggregate  (cost=3501.97..3501.98 rows=1 width=8)
	  ->  Bitmap Heap Scan on sbtest8  (cost=21.70..3499.71 rows=904 width=4)
	        Recheck Cond: ((id >= 1373313) AND (id <= 1374312))
	        ->  Bitmap Index Scan on sbtest8_pkey  (cost=0.00..21.47 rows=904 width=0)
	              Index Cond: ((id >= 1373313) AND (id <= 1374312))

for point_selects
table 1 : explain SELECT c FROM sbtest1 WHERE id=7831971
	Index Scan using sbtest1_pkey on sbtest1  (cost=0.43..8.45 rows=1 width=121)
	  Index Cond: (id = 7831971)

table 2 : explain SELECT c FROM sbtest2 WHERE id=2060246
	Index Scan using sbtest2_pkey on sbtest2  (cost=0.43..8.45 rows=1 width=121)
	  Index Cond: (id = 2060246)

table 3 : explain SELECT c FROM sbtest3 WHERE id=7121200
	Index Scan using sbtest3_pkey on sbtest3  (cost=0.43..8.45 rows=1 width=121)
	  Index Cond: (id = 7121200)

table 4 : explain SELECT c FROM sbtest4 WHERE id=1144358
	Index Scan using sbtest4_pkey on sbtest4  (cost=0.43..8.45 rows=1 width=121)
	  Index Cond: (id = 1144358)

table 5 : explain SELECT c FROM sbtest5 WHERE id=9248139
	Index Scan using sbtest5_pkey on sbtest5  (cost=0.43..8.45 rows=1 width=121)
	  Index Cond: (id = 9248139)

table 6 : explain SELECT c FROM sbtest6 WHERE id=8973838
	Index Scan using sbtest6_pkey on sbtest6  (cost=0.43..8.45 rows=1 width=121)
	  Index Cond: (id = 8973838)

table 7 : explain SELECT c FROM sbtest7 WHERE id=704400
	Index Scan using sbtest7_pkey on sbtest7  (cost=0.43..8.45 rows=1 width=121)
	  Index Cond: (id = 704400)

table 8 : explain SELECT c FROM sbtest8 WHERE id=8630461
	Index Scan using sbtest8_pkey on sbtest8  (cost=0.43..8.45 rows=1 width=121)
	  Index Cond: (id = 8630461)

for point_selects
table 1 : explain SELECT c FROM sbtest1 WHERE id=1609502
	Index Scan using sbtest1_pkey on sbtest1  (cost=0.43..8.45 rows=1 width=121)
	  Index Cond: (id = 1609502)

table 2 : explain SELECT c FROM sbtest2 WHERE id=2227970
	Index Scan using sbtest2_pkey on sbtest2  (cost=0.43..8.45 rows=1 width=121)
	  Index Cond: (id = 2227970)

table 3 : explain SELECT c FROM sbtest3 WHERE id=5202446
	Index Scan using sbtest3_pkey on sbtest3  (cost=0.43..8.45 rows=1 width=121)
	  Index Cond: (id = 5202446)

table 4 : explain SELECT c FROM sbtest4 WHERE id=544579
	Index Scan using sbtest4_pkey on sbtest4  (cost=0.43..8.45 rows=1 width=121)
	  Index Cond: (id = 544579)

table 5 : explain SELECT c FROM sbtest5 WHERE id=7478900
	Index Scan using sbtest5_pkey on sbtest5  (cost=0.43..8.45 rows=1 width=121)
	  Index Cond: (id = 7478900)

table 6 : explain SELECT c FROM sbtest6 WHERE id=4016415
	Index Scan using sbtest6_pkey on sbtest6  (cost=0.43..8.45 rows=1 width=121)
	  Index Cond: (id = 4016415)

table 7 : explain SELECT c FROM sbtest7 WHERE id=9406362
	Index Scan using sbtest7_pkey on sbtest7  (cost=0.43..8.45 rows=1 width=121)
	  Index Cond: (id = 9406362)

table 8 : explain SELECT c FROM sbtest8 WHERE id=2989543
	Index Scan using sbtest8_pkey on sbtest8  (cost=0.43..8.45 rows=1 width=121)
	  Index Cond: (id = 2989543)

for: simple_ranges
table 1 : explain SELECT c FROM sbtest1 WHERE id BETWEEN 3346005 AND 3347004
	Bitmap Heap Scan on sbtest1  (cost=22.88..3930.69 rows=1019 width=121)
	  Recheck Cond: ((id >= 3346005) AND (id <= 3347004))
	  ->  Bitmap Index Scan on sbtest1_pkey  (cost=0.00..22.62 rows=1019 width=0)
	        Index Cond: ((id >= 3346005) AND (id <= 3347004))

table 2 : explain SELECT c FROM sbtest2 WHERE id BETWEEN 4356394 AND 4357393
	Bitmap Heap Scan on sbtest2  (cost=21.47..3411.27 rows=881 width=121)
	  Recheck Cond: ((id >= 4356394) AND (id <= 4357393))
	  ->  Bitmap Index Scan on sbtest2_pkey  (cost=0.00..21.25 rows=881 width=0)
	        Index Cond: ((id >= 4356394) AND (id <= 4357393))

table 3 : explain SELECT c FROM sbtest3 WHERE id BETWEEN 6982911 AND 6983910
	Bitmap Heap Scan on sbtest3  (cost=21.96..3592.72 rows=929 width=121)
	  Recheck Cond: ((id >= 6982911) AND (id <= 6983910))
	  ->  Bitmap Index Scan on sbtest3_pkey  (cost=0.00..21.72 rows=929 width=0)
	        Index Cond: ((id >= 6982911) AND (id <= 6983910))

table 4 : explain SELECT c FROM sbtest4 WHERE id BETWEEN 9513179 AND 9514178
	Bitmap Heap Scan on sbtest4  (cost=22.58..3823.49 rows=990 width=121)
	  Recheck Cond: ((id >= 9513179) AND (id <= 9514178))
	  ->  Bitmap Index Scan on sbtest4_pkey  (cost=0.00..22.33 rows=990 width=0)
	        Index Cond: ((id >= 9513179) AND (id <= 9514178))

table 5 : explain SELECT c FROM sbtest5 WHERE id BETWEEN 7098663 AND 7099662
	Bitmap Heap Scan on sbtest5  (cost=21.82..3544.46 rows=916 width=121)
	  Recheck Cond: ((id >= 7098663) AND (id <= 7099662))
	  ->  Bitmap Index Scan on sbtest5_pkey  (cost=0.00..21.59 rows=916 width=0)
	        Index Cond: ((id >= 7098663) AND (id <= 7099662))

table 6 : explain SELECT c FROM sbtest6 WHERE id BETWEEN 6508991 AND 6509990
	Bitmap Heap Scan on sbtest6  (cost=23.43..4136.69 rows=1073 width=121)
	  Recheck Cond: ((id >= 6508991) AND (id <= 6509990))
	  ->  Bitmap Index Scan on sbtest6_pkey  (cost=0.00..23.16 rows=1073 width=0)
	        Index Cond: ((id >= 6508991) AND (id <= 6509990))

table 7 : explain SELECT c FROM sbtest7 WHERE id BETWEEN 6062596 AND 6063595
	Bitmap Heap Scan on sbtest7  (cost=22.92..3948.57 rows=1023 width=121)
	  Recheck Cond: ((id >= 6062596) AND (id <= 6063595))
	  ->  Bitmap Index Scan on sbtest7_pkey  (cost=0.00..22.66 rows=1023 width=0)
	        Index Cond: ((id >= 6062596) AND (id <= 6063595))

table 8 : explain SELECT c FROM sbtest8 WHERE id BETWEEN 3552822 AND 3553821
	Bitmap Heap Scan on sbtest8  (cost=22.60..3831.85 rows=992 width=121)
	  Recheck Cond: ((id >= 3552822) AND (id <= 3553821))
	  ->  Bitmap Index Scan on sbtest8_pkey  (cost=0.00..22.36 rows=992 width=0)
	        Index Cond: ((id >= 3552822) AND (id <= 3553821))

for: sum_ranges
table 1 : explain SELECT SUM(k) FROM sbtest1 WHERE id BETWEEN 3743098 AND 3744097
	Aggregate  (cost=4132.51..4132.52 rows=1 width=8)
	  ->  Bitmap Heap Scan on sbtest1  (cost=23.42..4129.83 rows=1072 width=4)
	        Recheck Cond: ((id >= 3743098) AND (id <= 3744097))
	        ->  Bitmap Index Scan on sbtest1_pkey  (cost=0.00..23.15 rows=1072 width=0)
	              Index Cond: ((id >= 3743098) AND (id <= 3744097))

table 2 : explain SELECT SUM(k) FROM sbtest2 WHERE id BETWEEN 451026 AND 452025
	Aggregate  (cost=3757.19..3757.20 rows=1 width=8)
	  ->  Bitmap Heap Scan on sbtest2  (cost=22.40..3754.76 rows=972 width=4)
	        Recheck Cond: ((id >= 451026) AND (id <= 452025))
	        ->  Bitmap Index Scan on sbtest2_pkey  (cost=0.00..22.15 rows=972 width=0)
	              Index Cond: ((id >= 451026) AND (id <= 452025))

table 3 : explain SELECT SUM(k) FROM sbtest3 WHERE id BETWEEN 2005936 AND 2006935
	Aggregate  (cost=4088.68..4088.69 rows=1 width=8)
	  ->  Bitmap Heap Scan on sbtest3  (cost=23.30..4086.03 rows=1060 width=4)
	        Recheck Cond: ((id >= 2005936) AND (id <= 2006935))
	        ->  Bitmap Index Scan on sbtest3_pkey  (cost=0.00..23.04 rows=1060 width=0)
	              Index Cond: ((id >= 2005936) AND (id <= 2006935))

table 4 : explain SELECT SUM(k) FROM sbtest4 WHERE id BETWEEN 7640627 AND 7641626
	Aggregate  (cost=3822.20..3822.21 rows=1 width=8)
	  ->  Bitmap Heap Scan on sbtest4  (cost=22.57..3819.73 rows=989 width=4)
	        Recheck Cond: ((id >= 7640627) AND (id <= 7641626))
	        ->  Bitmap Index Scan on sbtest4_pkey  (cost=0.00..22.32 rows=989 width=0)
	              Index Cond: ((id >= 7640627) AND (id <= 7641626))

table 5 : explain SELECT SUM(k) FROM sbtest5 WHERE id BETWEEN 3344202 AND 3345201
	Aggregate  (cost=3346.21..3346.22 rows=1 width=8)
	  ->  Bitmap Heap Scan on sbtest5  (cost=21.28..3344.06 rows=863 width=4)
	        Recheck Cond: ((id >= 3344202) AND (id <= 3345201))
	        ->  Bitmap Index Scan on sbtest5_pkey  (cost=0.00..21.07 rows=863 width=0)
	              Index Cond: ((id >= 3344202) AND (id <= 3345201))

table 6 : explain SELECT SUM(k) FROM sbtest6 WHERE id BETWEEN 9005154 AND 9006153
	Aggregate  (cost=4045.31..4045.32 rows=1 width=8)
	  ->  Bitmap Heap Scan on sbtest6  (cost=23.18..4042.69 rows=1048 width=4)
	        Recheck Cond: ((id >= 9005154) AND (id <= 9006153))
	        ->  Bitmap Index Scan on sbtest6_pkey  (cost=0.00..22.91 rows=1048 width=0)
	              Index Cond: ((id >= 9005154) AND (id <= 9006153))

table 7 : explain SELECT SUM(k) FROM sbtest7 WHERE id BETWEEN 9260486 AND 9261485
	Aggregate  (cost=3826.75..3826.76 rows=1 width=8)
	  ->  Bitmap Heap Scan on sbtest7  (cost=22.58..3824.27 rows=990 width=4)
	        Recheck Cond: ((id >= 9260486) AND (id <= 9261485))
	        ->  Bitmap Index Scan on sbtest7_pkey  (cost=0.00..22.33 rows=990 width=0)
	              Index Cond: ((id >= 9260486) AND (id <= 9261485))

table 8 : explain SELECT SUM(k) FROM sbtest8 WHERE id BETWEEN 9799986 AND 9800985
	Aggregate  (cost=3709.82..3709.83 rows=1 width=8)
	  ->  Bitmap Heap Scan on sbtest8  (cost=22.26..3707.42 rows=959 width=4)
	        Recheck Cond: ((id >= 9799986) AND (id <= 9800985))
	        ->  Bitmap Index Scan on sbtest8_pkey  (cost=0.00..22.02 rows=959 width=0)
	              Index Cond: ((id >= 9799986) AND (id <= 9800985))

for: order_ranges
table 1 : explain SELECT c FROM sbtest1 WHERE id BETWEEN 5626455 AND 5627454 ORDER BY c
	Sort  (cost=3909.04..3911.54 rows=1000 width=121)
	  Sort Key: c
	  ->  Bitmap Heap Scan on sbtest1  (cost=22.68..3859.21 rows=1000 width=121)
	        Recheck Cond: ((id >= 5626455) AND (id <= 5627454))
	        ->  Bitmap Index Scan on sbtest1_pkey  (cost=0.00..22.43 rows=1000 width=0)
	              Index Cond: ((id >= 5626455) AND (id <= 5627454))

table 2 : explain SELECT c FROM sbtest2 WHERE id BETWEEN 9924133 AND 9925132 ORDER BY c
	Sort  (cost=3898.59..3901.08 rows=997 width=121)
	  Sort Key: c
	  ->  Bitmap Heap Scan on sbtest2  (cost=22.65..3848.93 rows=997 width=121)
	        Recheck Cond: ((id >= 9924133) AND (id <= 9925132))
	        ->  Bitmap Index Scan on sbtest2_pkey  (cost=0.00..22.40 rows=997 width=0)
	              Index Cond: ((id >= 9924133) AND (id <= 9925132))

table 3 : explain SELECT c FROM sbtest3 WHERE id BETWEEN 79690 AND 80689 ORDER BY c
	Sort  (cost=4040.07..4042.66 rows=1034 width=121)
	  Sort Key: c
	  ->  Bitmap Heap Scan on sbtest3  (cost=23.03..3988.30 rows=1034 width=121)
	        Recheck Cond: ((id >= 79690) AND (id <= 80689))
	        ->  Bitmap Index Scan on sbtest3_pkey  (cost=0.00..22.77 rows=1034 width=0)
	              Index Cond: ((id >= 79690) AND (id <= 80689))

table 4 : explain SELECT c FROM sbtest4 WHERE id BETWEEN 2902600 AND 2903599 ORDER BY c
	Sort  (cost=3719.68..3722.05 rows=950 width=121)
	  Sort Key: c
	  ->  Bitmap Heap Scan on sbtest4  (cost=22.17..3672.69 rows=950 width=121)
	        Recheck Cond: ((id >= 2902600) AND (id <= 2903599))
	        ->  Bitmap Index Scan on sbtest4_pkey  (cost=0.00..21.93 rows=950 width=0)
	              Index Cond: ((id >= 2902600) AND (id <= 2903599))

table 5 : explain SELECT c FROM sbtest5 WHERE id BETWEEN 1665939 AND 1666938 ORDER BY c
	Sort  (cost=3715.97..3718.34 rows=949 width=121)
	  Sort Key: c
	  ->  Bitmap Heap Scan on sbtest5  (cost=22.16..3669.04 rows=949 width=121)
	        Recheck Cond: ((id >= 1665939) AND (id <= 1666938))
	        ->  Bitmap Index Scan on sbtest5_pkey  (cost=0.00..21.93 rows=949 width=0)
	              Index Cond: ((id >= 1665939) AND (id <= 1666938))

table 6 : explain SELECT c FROM sbtest6 WHERE id BETWEEN 3971973 AND 3972972 ORDER BY c
	Sort  (cost=4007.41..4009.97 rows=1025 width=121)
	  Sort Key: c
	  ->  Bitmap Heap Scan on sbtest6  (cost=22.94..3956.15 rows=1025 width=121)
	        Recheck Cond: ((id >= 3971973) AND (id <= 3972972))
	        ->  Bitmap Index Scan on sbtest6_pkey  (cost=0.00..22.68 rows=1025 width=0)
	              Index Cond: ((id >= 3971973) AND (id <= 3972972))

table 7 : explain SELECT c FROM sbtest7 WHERE id BETWEEN 7784011 AND 7785010 ORDER BY c
	Sort  (cost=3858.23..3860.69 rows=986 width=121)
	  Sort Key: c
	  ->  Bitmap Heap Scan on sbtest7  (cost=22.54..3809.20 rows=986 width=121)
	        Recheck Cond: ((id >= 7784011) AND (id <= 7785010))
	        ->  Bitmap Index Scan on sbtest7_pkey  (cost=0.00..22.29 rows=986 width=0)
	              Index Cond: ((id >= 7784011) AND (id <= 7785010))

table 8 : explain SELECT c FROM sbtest8 WHERE id BETWEEN 4373755 AND 4374754 ORDER BY c
	Sort  (cost=4564.35..4567.28 rows=1171 width=121)
	  Sort Key: c
	  ->  Bitmap Heap Scan on sbtest8  (cost=28.44..4504.67 rows=1171 width=121)
	        Recheck Cond: ((id >= 4373755) AND (id <= 4374754))
	        ->  Bitmap Index Scan on sbtest8_pkey  (cost=0.00..28.14 rows=1171 width=0)
	              Index Cond: ((id >= 4373755) AND (id <= 4374754))

for: order_ranges
table 1 : explain SELECT c FROM sbtest1 WHERE id BETWEEN 5894938 AND 5895937 ORDER BY c
	Sort  (cost=3844.08..3846.53 rows=983 width=121)
	  Sort Key: c
	  ->  Bitmap Heap Scan on sbtest1  (cost=22.51..3795.22 rows=983 width=121)
	        Recheck Cond: ((id >= 5894938) AND (id <= 5895937))
	        ->  Bitmap Index Scan on sbtest1_pkey  (cost=0.00..22.26 rows=983 width=0)
	              Index Cond: ((id >= 5894938) AND (id <= 5895937))

table 2 : explain SELECT c FROM sbtest2 WHERE id BETWEEN 4664669 AND 4665668 ORDER BY c
	Sort  (cost=3841.24..3843.70 rows=982 width=121)
	  Sort Key: c
	  ->  Bitmap Heap Scan on sbtest2  (cost=22.50..3792.44 rows=982 width=121)
	        Recheck Cond: ((id >= 4664669) AND (id <= 4665668))
	        ->  Bitmap Index Scan on sbtest2_pkey  (cost=0.00..22.25 rows=982 width=0)
	              Index Cond: ((id >= 4664669) AND (id <= 4665668))

table 3 : explain SELECT c FROM sbtest3 WHERE id BETWEEN 5012120 AND 5013119 ORDER BY c
	Sort  (cost=3852.85..3855.31 rows=985 width=121)
	  Sort Key: c
	  ->  Bitmap Heap Scan on sbtest3  (cost=22.53..3803.87 rows=985 width=121)
	        Recheck Cond: ((id >= 5012120) AND (id <= 5013119))
	        ->  Bitmap Index Scan on sbtest3_pkey  (cost=0.00..22.29 rows=985 width=0)
	              Index Cond: ((id >= 5012120) AND (id <= 5013119))

table 4 : explain SELECT c FROM sbtest4 WHERE id BETWEEN 1116128 AND 1117127 ORDER BY c
	Sort  (cost=3838.33..3840.78 rows=981 width=121)
	  Sort Key: c
	  ->  Bitmap Heap Scan on sbtest4  (cost=22.49..3789.58 rows=981 width=121)
	        Recheck Cond: ((id >= 1116128) AND (id <= 1117127))
	        ->  Bitmap Index Scan on sbtest4_pkey  (cost=0.00..22.25 rows=981 width=0)
	              Index Cond: ((id >= 1116128) AND (id <= 1117127))

table 5 : explain SELECT c FROM sbtest5 WHERE id BETWEEN 366305 AND 367304 ORDER BY c
	Sort  (cost=3819.33..3821.77 rows=976 width=121)
	  Sort Key: c
	  ->  Bitmap Heap Scan on sbtest5  (cost=22.44..3770.87 rows=976 width=121)
	        Recheck Cond: ((id >= 366305) AND (id <= 367304))
	        ->  Bitmap Index Scan on sbtest5_pkey  (cost=0.00..22.19 rows=976 width=0)
	              Index Cond: ((id >= 366305) AND (id <= 367304))

table 6 : explain SELECT c FROM sbtest6 WHERE id BETWEEN 2605874 AND 2606873 ORDER BY c
	Sort  (cost=4079.99..4082.60 rows=1044 width=121)
	  Sort Key: c
	  ->  Bitmap Heap Scan on sbtest6  (cost=23.14..4027.65 rows=1044 width=121)
	        Recheck Cond: ((id >= 2605874) AND (id <= 2606873))
	        ->  Bitmap Index Scan on sbtest6_pkey  (cost=0.00..22.87 rows=1044 width=0)
	              Index Cond: ((id >= 2605874) AND (id <= 2606873))

table 7 : explain SELECT c FROM sbtest7 WHERE id BETWEEN 9335777 AND 9336776 ORDER BY c
	Sort  (cost=4152.48..4155.14 rows=1063 width=121)
	  Sort Key: c
	  ->  Bitmap Heap Scan on sbtest7  (cost=23.33..4099.05 rows=1063 width=121)
	        Recheck Cond: ((id >= 9335777) AND (id <= 9336776))
	        ->  Bitmap Index Scan on sbtest7_pkey  (cost=0.00..23.07 rows=1063 width=0)
	              Index Cond: ((id >= 9335777) AND (id <= 9336776))

table 8 : explain SELECT c FROM sbtest8 WHERE id BETWEEN 9602970 AND 9603969 ORDER BY c
	Sort  (cost=3873.57..3876.05 rows=990 width=121)
	  Sort Key: c
	  ->  Bitmap Heap Scan on sbtest8  (cost=22.58..3824.31 rows=990 width=121)
	        Recheck Cond: ((id >= 9602970) AND (id <= 9603969))
	        ->  Bitmap Index Scan on sbtest8_pkey  (cost=0.00..22.33 rows=990 width=0)
	              Index Cond: ((id >= 9602970) AND (id <= 9603969))

for: simple_ranges
table 1 : explain SELECT c FROM sbtest1 WHERE id BETWEEN 271845 AND 272844
	Bitmap Heap Scan on sbtest1  (cost=23.59..4186.15 rows=1088 width=121)
	  Recheck Cond: ((id >= 271845) AND (id <= 272844))
	  ->  Bitmap Index Scan on sbtest1_pkey  (cost=0.00..23.32 rows=1088 width=0)
	        Index Cond: ((id >= 271845) AND (id <= 272844))

table 2 : explain SELECT c FROM sbtest2 WHERE id BETWEEN 6729863 AND 6730862
	Bitmap Heap Scan on sbtest2  (cost=22.67..3856.46 rows=999 width=121)
	  Recheck Cond: ((id >= 6729863) AND (id <= 6730862))
	  ->  Bitmap Index Scan on sbtest2_pkey  (cost=0.00..22.43 rows=999 width=0)
	        Index Cond: ((id >= 6729863) AND (id <= 6730862))

table 3 : explain SELECT c FROM sbtest3 WHERE id BETWEEN 146723 AND 147722
	Bitmap Heap Scan on sbtest3  (cost=22.29..3713.43 rows=961 width=121)
	  Recheck Cond: ((id >= 146723) AND (id <= 147722))
	  ->  Bitmap Index Scan on sbtest3_pkey  (cost=0.00..22.04 rows=961 width=0)
	        Index Cond: ((id >= 146723) AND (id <= 147722))

table 4 : explain SELECT c FROM sbtest4 WHERE id BETWEEN 3336221 AND 3337220
	Bitmap Heap Scan on sbtest4  (cost=21.64..3476.32 rows=898 width=121)
	  Recheck Cond: ((id >= 3336221) AND (id <= 3337220))
	  ->  Bitmap Index Scan on sbtest4_pkey  (cost=0.00..21.41 rows=898 width=0)
	        Index Cond: ((id >= 3336221) AND (id <= 3337220))

table 5 : explain SELECT c FROM sbtest5 WHERE id BETWEEN 8314562 AND 8315561
	Bitmap Heap Scan on sbtest5  (cost=22.35..3736.94 rows=967 width=121)
	  Recheck Cond: ((id >= 8314562) AND (id <= 8315561))
	  ->  Bitmap Index Scan on sbtest5_pkey  (cost=0.00..22.11 rows=967 width=0)
	        Index Cond: ((id >= 8314562) AND (id <= 8315561))

table 6 : explain SELECT c FROM sbtest6 WHERE id BETWEEN 2504990 AND 2505989
	Bitmap Heap Scan on sbtest6  (cost=22.13..3658.37 rows=946 width=121)
	  Recheck Cond: ((id >= 2504990) AND (id <= 2505989))
	  ->  Bitmap Index Scan on sbtest6_pkey  (cost=0.00..21.89 rows=946 width=0)
	        Index Cond: ((id >= 2504990) AND (id <= 2505989))

table 7 : explain SELECT c FROM sbtest7 WHERE id BETWEEN 7279560 AND 7280559
	Bitmap Heap Scan on sbtest7  (cost=22.97..3967.39 rows=1028 width=121)
	  Recheck Cond: ((id >= 7279560) AND (id <= 7280559))
	  ->  Bitmap Index Scan on sbtest7_pkey  (cost=0.00..22.71 rows=1028 width=0)
	        Index Cond: ((id >= 7279560) AND (id <= 7280559))

table 8 : explain SELECT c FROM sbtest8 WHERE id BETWEEN 2006663 AND 2007662
	Bitmap Heap Scan on sbtest8  (cost=21.99..3605.50 rows=932 width=121)
	  Recheck Cond: ((id >= 2006663) AND (id <= 2007662))
	  ->  Bitmap Index Scan on sbtest8_pkey  (cost=0.00..21.75 rows=932 width=0)
	        Index Cond: ((id >= 2006663) AND (id <= 2007662))

for: simple_ranges
table 1 : explain SELECT c FROM sbtest1 WHERE id BETWEEN 5102256 AND 5103255
	Bitmap Heap Scan on sbtest1  (cost=22.96..3960.77 rows=1027 width=121)
	  Recheck Cond: ((id >= 5102256) AND (id <= 5103255))
	  ->  Bitmap Index Scan on sbtest1_pkey  (cost=0.00..22.70 rows=1027 width=0)
	        Index Cond: ((id >= 5102256) AND (id <= 5103255))

table 2 : explain SELECT c FROM sbtest2 WHERE id BETWEEN 8620017 AND 8621016
	Bitmap Heap Scan on sbtest2  (cost=22.01..3611.46 rows=934 width=121)
	  Recheck Cond: ((id >= 8620017) AND (id <= 8621016))
	  ->  Bitmap Index Scan on sbtest2_pkey  (cost=0.00..21.77 rows=934 width=0)
	        Index Cond: ((id >= 8620017) AND (id <= 8621016))

table 3 : explain SELECT c FROM sbtest3 WHERE id BETWEEN 49334 AND 50333
	Bitmap Heap Scan on sbtest3  (cost=23.03..3988.30 rows=1034 width=121)
	  Recheck Cond: ((id >= 49334) AND (id <= 50333))
	  ->  Bitmap Index Scan on sbtest3_pkey  (cost=0.00..22.77 rows=1034 width=0)
	        Index Cond: ((id >= 49334) AND (id <= 50333))

table 4 : explain SELECT c FROM sbtest4 WHERE id BETWEEN 9755684 AND 9756683
	Bitmap Heap Scan on sbtest4  (cost=22.52..3800.89 rows=984 width=121)
	  Recheck Cond: ((id >= 9755684) AND (id <= 9756683))
	  ->  Bitmap Index Scan on sbtest4_pkey  (cost=0.00..22.27 rows=984 width=0)
	        Index Cond: ((id >= 9755684) AND (id <= 9756683))

table 5 : explain SELECT c FROM sbtest5 WHERE id BETWEEN 6542909 AND 6543908
	Bitmap Heap Scan on sbtest5  (cost=22.86..3925.31 rows=1017 width=121)
	  Recheck Cond: ((id >= 6542909) AND (id <= 6543908))
	  ->  Bitmap Index Scan on sbtest5_pkey  (cost=0.00..22.61 rows=1017 width=0)
	        Index Cond: ((id >= 6542909) AND (id <= 6543908))

table 6 : explain SELECT c FROM sbtest6 WHERE id BETWEEN 6266156 AND 6267155
	Bitmap Heap Scan on sbtest6  (cost=23.37..4114.14 rows=1067 width=121)
	  Recheck Cond: ((id >= 6266156) AND (id <= 6267155))
	  ->  Bitmap Index Scan on sbtest6_pkey  (cost=0.00..23.11 rows=1067 width=0)
	        Index Cond: ((id >= 6266156) AND (id <= 6267155))

table 7 : explain SELECT c FROM sbtest7 WHERE id BETWEEN 2740085 AND 2741084
	Bitmap Heap Scan on sbtest7  (cost=22.37..3745.10 rows=969 width=121)
	  Recheck Cond: ((id >= 2740085) AND (id <= 2741084))
	  ->  Bitmap Index Scan on sbtest7_pkey  (cost=0.00..22.12 rows=969 width=0)
	        Index Cond: ((id >= 2740085) AND (id <= 2741084))

table 8 : explain SELECT c FROM sbtest8 WHERE id BETWEEN 2115197 AND 2116196
	Bitmap Heap Scan on sbtest8  (cost=27.41..4133.16 rows=1071 width=121)
	  Recheck Cond: ((id >= 2115197) AND (id <= 2116196))
	  ->  Bitmap Index Scan on sbtest8_pkey  (cost=0.00..27.14 rows=1071 width=0)
	        Index Cond: ((id >= 2115197) AND (id <= 2116196))

for: simple_ranges
table 1 : explain SELECT c FROM sbtest1 WHERE id BETWEEN 7334331 AND 7335330
	Bitmap Heap Scan on sbtest1  (cost=22.54..3806.51 rows=986 width=121)
	  Recheck Cond: ((id >= 7334331) AND (id <= 7335330))
	  ->  Bitmap Index Scan on sbtest1_pkey  (cost=0.00..22.29 rows=986 width=0)
	        Index Cond: ((id >= 7334331) AND (id <= 7335330))

table 2 : explain SELECT c FROM sbtest2 WHERE id BETWEEN 4001640 AND 4002639
	Bitmap Heap Scan on sbtest2  (cost=22.74..3879.05 rows=1005 width=121)
	  Recheck Cond: ((id >= 4001640) AND (id <= 4002639))
	  ->  Bitmap Index Scan on sbtest2_pkey  (cost=0.00..22.48 rows=1005 width=0)
	        Index Cond: ((id >= 4001640) AND (id <= 4002639))

table 3 : explain SELECT c FROM sbtest3 WHERE id BETWEEN 2818018 AND 2819017
	Bitmap Heap Scan on sbtest3  (cost=22.81..3905.54 rows=1012 width=121)
	  Recheck Cond: ((id >= 2818018) AND (id <= 2819017))
	  ->  Bitmap Index Scan on sbtest3_pkey  (cost=0.00..22.55 rows=1012 width=0)
	        Index Cond: ((id >= 2818018) AND (id <= 2819017))

table 4 : explain SELECT c FROM sbtest4 WHERE id BETWEEN 255837 AND 256836
	Bitmap Heap Scan on sbtest4  (cost=22.04..3623.63 rows=937 width=121)
	  Recheck Cond: ((id >= 255837) AND (id <= 256836))
	  ->  Bitmap Index Scan on sbtest4_pkey  (cost=0.00..21.80 rows=937 width=0)
	        Index Cond: ((id >= 255837) AND (id <= 256836))

table 5 : explain SELECT c FROM sbtest5 WHERE id BETWEEN 2691719 AND 2692718
	Bitmap Heap Scan on sbtest5  (cost=27.92..4312.63 rows=1120 width=121)
	  Recheck Cond: ((id >= 2691719) AND (id <= 2692718))
	  ->  Bitmap Index Scan on sbtest5_pkey  (cost=0.00..27.64 rows=1120 width=0)
	        Index Cond: ((id >= 2691719) AND (id <= 2692718))

table 6 : explain SELECT c FROM sbtest6 WHERE id BETWEEN 6223692 AND 6224691
	Bitmap Heap Scan on sbtest6  (cost=22.62..3839.39 rows=994 width=121)
	  Recheck Cond: ((id >= 6223692) AND (id <= 6224691))
	  ->  Bitmap Index Scan on sbtest6_pkey  (cost=0.00..22.37 rows=994 width=0)
	        Index Cond: ((id >= 6223692) AND (id <= 6224691))

table 7 : explain SELECT c FROM sbtest7 WHERE id BETWEEN 3165588 AND 3166587
	Bitmap Heap Scan on sbtest7  (cost=22.73..3877.02 rows=1004 width=121)
	  Recheck Cond: ((id >= 3165588) AND (id <= 3166587))
	  ->  Bitmap Index Scan on sbtest7_pkey  (cost=0.00..22.47 rows=1004 width=0)
	        Index Cond: ((id >= 3165588) AND (id <= 3166587))

table 8 : explain SELECT c FROM sbtest8 WHERE id BETWEEN 4706783 AND 4707782
	Bitmap Heap Scan on sbtest8  (cost=22.36..3741.37 rows=968 width=121)
	  Recheck Cond: ((id >= 4706783) AND (id <= 4707782))
	  ->  Bitmap Index Scan on sbtest8_pkey  (cost=0.00..22.11 rows=968 width=0)
	        Index Cond: ((id >= 4706783) AND (id <= 4707782))

for: order_ranges
table 1 : explain SELECT c FROM sbtest1 WHERE id BETWEEN 4965070 AND 4966069 ORDER BY c
	Sort  (cost=3729.35..3731.73 rows=953 width=121)
	  Sort Key: c
	  ->  Bitmap Heap Scan on sbtest1  (cost=22.20..3682.19 rows=953 width=121)
	        Recheck Cond: ((id >= 4965070) AND (id <= 4966069))
	        ->  Bitmap Index Scan on sbtest1_pkey  (cost=0.00..21.96 rows=953 width=0)
	              Index Cond: ((id >= 4965070) AND (id <= 4966069))

table 2 : explain SELECT c FROM sbtest2 WHERE id BETWEEN 4506305 AND 4507304 ORDER BY c
	Sort  (cost=3936.81..3939.32 rows=1007 width=121)
	  Sort Key: c
	  ->  Bitmap Heap Scan on sbtest2  (cost=22.76..3886.58 rows=1007 width=121)
	        Recheck Cond: ((id >= 4506305) AND (id <= 4507304))
	        ->  Bitmap Index Scan on sbtest2_pkey  (cost=0.00..22.50 rows=1007 width=0)
	              Index Cond: ((id >= 4506305) AND (id <= 4507304))

table 3 : explain SELECT c FROM sbtest3 WHERE id BETWEEN 9992818 AND 9993817 ORDER BY c
	Sort  (cost=3419.94..3422.12 rows=872 width=121)
	  Sort Key: c
	  ->  Bitmap Heap Scan on sbtest3  (cost=21.37..3377.35 rows=872 width=121)
	        Recheck Cond: ((id >= 9992818) AND (id <= 9993817))
	        ->  Bitmap Index Scan on sbtest3_pkey  (cost=0.00..21.15 rows=872 width=0)
	              Index Cond: ((id >= 9992818) AND (id <= 9993817))

table 4 : explain SELECT c FROM sbtest4 WHERE id BETWEEN 7488464 AND 7489463 ORDER BY c
	Sort  (cost=3620.07..3622.38 rows=924 width=121)
	  Sort Key: c
	  ->  Bitmap Heap Scan on sbtest4  (cost=21.91..3574.55 rows=924 width=121)
	        Recheck Cond: ((id >= 7488464) AND (id <= 7489463))
	        ->  Bitmap Index Scan on sbtest4_pkey  (cost=0.00..21.68 rows=924 width=0)
	              Index Cond: ((id >= 7488464) AND (id <= 7489463))

table 5 : explain SELECT c FROM sbtest5 WHERE id BETWEEN 2937238 AND 2938237 ORDER BY c
	Sort  (cost=3777.23..3779.64 rows=965 width=121)
	  Sort Key: c
	  ->  Bitmap Heap Scan on sbtest5  (cost=22.33..3729.39 rows=965 width=121)
	        Recheck Cond: ((id >= 2937238) AND (id <= 2938237))
	        ->  Bitmap Index Scan on sbtest5_pkey  (cost=0.00..22.08 rows=965 width=0)
	              Index Cond: ((id >= 2937238) AND (id <= 2938237))

table 6 : explain SELECT c FROM sbtest6 WHERE id BETWEEN 4051128 AND 4052127 ORDER BY c
	Sort  (cost=4007.41..4009.97 rows=1025 width=121)
	  Sort Key: c
	  ->  Bitmap Heap Scan on sbtest6  (cost=22.94..3956.15 rows=1025 width=121)
	        Recheck Cond: ((id >= 4051128) AND (id <= 4052127))
	        ->  Bitmap Index Scan on sbtest6_pkey  (cost=0.00..22.68 rows=1025 width=0)
	              Index Cond: ((id >= 4051128) AND (id <= 4052127))

table 7 : explain SELECT c FROM sbtest7 WHERE id BETWEEN 4440273 AND 4441272 ORDER BY c
	Sort  (cost=4030.28..4032.86 rows=1031 width=121)
	  Sort Key: c
	  ->  Bitmap Heap Scan on sbtest7  (cost=23.00..3978.68 rows=1031 width=121)
	        Recheck Cond: ((id >= 4440273) AND (id <= 4441272))
	        ->  Bitmap Index Scan on sbtest7_pkey  (cost=0.00..22.75 rows=1031 width=0)
	              Index Cond: ((id >= 4440273) AND (id <= 4441272))

table 8 : explain SELECT c FROM sbtest8 WHERE id BETWEEN 9716773 AND 9717772 ORDER BY c
	Sort  (cost=3547.94..3550.20 rows=905 width=121)
	  Sort Key: c
	  ->  Bitmap Heap Scan on sbtest8  (cost=21.71..3503.49 rows=905 width=121)
	        Recheck Cond: ((id >= 9716773) AND (id <= 9717772))
	        ->  Bitmap Index Scan on sbtest8_pkey  (cost=0.00..21.48 rows=905 width=0)
	              Index Cond: ((id >= 9716773) AND (id <= 9717772))

for: order_ranges
table 1 : explain SELECT c FROM sbtest1 WHERE id BETWEEN 2986192 AND 2987191 ORDER BY c
	Sort  (cost=3706.39..3708.75 rows=947 width=121)
	  Sort Key: c
	  ->  Bitmap Heap Scan on sbtest1  (cost=22.14..3659.57 rows=947 width=121)
	        Recheck Cond: ((id >= 2986192) AND (id <= 2987191))
	        ->  Bitmap Index Scan on sbtest1_pkey  (cost=0.00..21.90 rows=947 width=0)
	              Index Cond: ((id >= 2986192) AND (id <= 2987191))

table 2 : explain SELECT c FROM sbtest2 WHERE id BETWEEN 2795671 AND 2796670 ORDER BY c
	Sort  (cost=3699.67..3702.03 rows=945 width=121)
	  Sort Key: c
	  ->  Bitmap Heap Scan on sbtest2  (cost=22.12..3652.96 rows=945 width=121)
	        Recheck Cond: ((id >= 2795671) AND (id <= 2796670))
	        ->  Bitmap Index Scan on sbtest2_pkey  (cost=0.00..21.89 rows=945 width=0)
	              Index Cond: ((id >= 2795671) AND (id <= 2796670))

table 3 : explain SELECT c FROM sbtest3 WHERE id BETWEEN 5858922 AND 5859921 ORDER BY c
	Sort  (cost=4036.25..4038.84 rows=1033 width=121)
	  Sort Key: c
	  ->  Bitmap Heap Scan on sbtest3  (cost=23.02..3984.54 rows=1033 width=121)
	        Recheck Cond: ((id >= 5858922) AND (id <= 5859921))
	        ->  Bitmap Index Scan on sbtest3_pkey  (cost=0.00..22.76 rows=1033 width=0)
	              Index Cond: ((id >= 5858922) AND (id <= 5859921))

table 4 : explain SELECT c FROM sbtest4 WHERE id BETWEEN 6238694 AND 6239693 ORDER BY c
	Sort  (cost=3719.68..3722.05 rows=950 width=121)
	  Sort Key: c
	  ->  Bitmap Heap Scan on sbtest4  (cost=22.17..3672.69 rows=950 width=121)
	        Recheck Cond: ((id >= 6238694) AND (id <= 6239693))
	        ->  Bitmap Index Scan on sbtest4_pkey  (cost=0.00..21.93 rows=950 width=0)
	              Index Cond: ((id >= 6238694) AND (id <= 6239693))

table 5 : explain SELECT c FROM sbtest5 WHERE id BETWEEN 6214429 AND 6215428 ORDER BY c
	Sort  (cost=4270.19..4272.92 rows=1093 width=121)
	  Sort Key: c
	  ->  Bitmap Heap Scan on sbtest5  (cost=27.64..4215.02 rows=1093 width=121)
	        Recheck Cond: ((id >= 6214429) AND (id <= 6215428))
	        ->  Bitmap Index Scan on sbtest5_pkey  (cost=0.00..27.36 rows=1093 width=0)
	              Index Cond: ((id >= 6214429) AND (id <= 6215428))

table 6 : explain SELECT c FROM sbtest6 WHERE id BETWEEN 1702045 AND 1703044 ORDER BY c
	Sort  (cost=4305.31..4308.06 rows=1102 width=121)
	  Sort Key: c
	  ->  Bitmap Heap Scan on sbtest6  (cost=27.73..4249.62 rows=1102 width=121)
	        Recheck Cond: ((id >= 1702045) AND (id <= 1703044))
	        ->  Bitmap Index Scan on sbtest6_pkey  (cost=0.00..27.45 rows=1102 width=0)
	              Index Cond: ((id >= 1702045) AND (id <= 1703044))

table 7 : explain SELECT c FROM sbtest7 WHERE id BETWEEN 5304128 AND 5305127 ORDER BY c
	Sort  (cost=4434.89..4437.73 rows=1137 width=121)
	  Sort Key: c
	  ->  Bitmap Heap Scan on sbtest7  (cost=28.09..4377.18 rows=1137 width=121)
	        Recheck Cond: ((id >= 5304128) AND (id <= 5305127))
	        ->  Bitmap Index Scan on sbtest7_pkey  (cost=0.00..27.80 rows=1137 width=0)
	              Index Cond: ((id >= 5304128) AND (id <= 5305127))

table 8 : explain SELECT c FROM sbtest8 WHERE id BETWEEN 3489268 AND 3490267 ORDER BY c
	Sort  (cost=4221.40..4224.10 rows=1080 width=121)
	  Sort Key: c
	  ->  Bitmap Heap Scan on sbtest8  (cost=27.50..4166.98 rows=1080 width=121)
	        Recheck Cond: ((id >= 3489268) AND (id <= 3490267))
	        ->  Bitmap Index Scan on sbtest8_pkey  (cost=0.00..27.23 rows=1080 width=0)
	              Index Cond: ((id >= 3489268) AND (id <= 3490267))

for: sum_ranges
table 1 : explain SELECT SUM(k) FROM sbtest1 WHERE id BETWEEN 2234776 AND 2235775
	Aggregate  (cost=3978.39..3978.40 rows=1 width=8)
	  ->  Bitmap Heap Scan on sbtest1  (cost=23.00..3975.81 rows=1031 width=4)
	        Recheck Cond: ((id >= 2234776) AND (id <= 2235775))
	        ->  Bitmap Index Scan on sbtest1_pkey  (cost=0.00..22.75 rows=1031 width=0)
	              Index Cond: ((id >= 2234776) AND (id <= 2235775))

table 2 : explain SELECT SUM(k) FROM sbtest2 WHERE id BETWEEN 5743345 AND 5744344
	Aggregate  (cost=3941.81..3941.82 rows=1 width=8)
	  ->  Bitmap Heap Scan on sbtest2  (cost=22.90..3939.26 rows=1021 width=4)
	        Recheck Cond: ((id >= 5743345) AND (id <= 5744344))
	        ->  Bitmap Index Scan on sbtest2_pkey  (cost=0.00..22.64 rows=1021 width=0)
	              Index Cond: ((id >= 5743345) AND (id <= 5744344))

table 3 : explain SELECT SUM(k) FROM sbtest3 WHERE id BETWEEN 5590279 AND 5591278
	Aggregate  (cost=3700.74..3700.75 rows=1 width=8)
	  ->  Bitmap Heap Scan on sbtest3  (cost=22.24..3698.35 rows=957 width=4)
	        Recheck Cond: ((id >= 5590279) AND (id <= 5591278))
	        ->  Bitmap Index Scan on sbtest3_pkey  (cost=0.00..22.00 rows=957 width=0)
	              Index Cond: ((id >= 5590279) AND (id <= 5591278))

table 4 : explain SELECT SUM(k) FROM sbtest4 WHERE id BETWEEN 9604050 AND 9605049
	Aggregate  (cost=3890.04..3890.05 rows=1 width=8)
	  ->  Bitmap Heap Scan on sbtest4  (cost=22.76..3887.52 rows=1007 width=4)
	        Recheck Cond: ((id >= 9604050) AND (id <= 9605049))
	        ->  Bitmap Index Scan on sbtest4_pkey  (cost=0.00..22.50 rows=1007 width=0)
	              Index Cond: ((id >= 9604050) AND (id <= 9605049))

table 5 : explain SELECT SUM(k) FROM sbtest5 WHERE id BETWEEN 998281 AND 999280
	Aggregate  (cost=3671.41..3671.42 rows=1 width=8)
	  ->  Bitmap Heap Scan on sbtest5  (cost=22.16..3669.04 rows=949 width=4)
	        Recheck Cond: ((id >= 998281) AND (id <= 999280))
	        ->  Bitmap Index Scan on sbtest5_pkey  (cost=0.00..21.93 rows=949 width=0)
	              Index Cond: ((id >= 998281) AND (id <= 999280))

table 6 : explain SELECT SUM(k) FROM sbtest6 WHERE id BETWEEN 8736602 AND 8737601
	Aggregate  (cost=4229.83..4229.84 rows=1 width=8)
	  ->  Bitmap Heap Scan on sbtest6  (cost=27.67..4227.09 rows=1096 width=4)
	        Recheck Cond: ((id >= 8736602) AND (id <= 8737601))
	        ->  Bitmap Index Scan on sbtest6_pkey  (cost=0.00..27.39 rows=1096 width=0)
	              Index Cond: ((id >= 8736602) AND (id <= 8737601))

table 7 : explain SELECT SUM(k) FROM sbtest7 WHERE id BETWEEN 4769686 AND 4770685
	Aggregate  (cost=3724.88..3724.89 rows=1 width=8)
	  ->  Bitmap Heap Scan on sbtest7  (cost=22.31..3722.47 rows=963 width=4)
	        Recheck Cond: ((id >= 4769686) AND (id <= 4770685))
	        ->  Bitmap Index Scan on sbtest7_pkey  (cost=0.00..22.07 rows=963 width=0)
	              Index Cond: ((id >= 4769686) AND (id <= 4770685))

table 8 : explain SELECT SUM(k) FROM sbtest8 WHERE id BETWEEN 8719933 AND 8720932
	Aggregate  (cost=4376.31..4376.32 rows=1 width=8)
	  ->  Bitmap Heap Scan on sbtest8  (cost=28.08..4373.47 rows=1136 width=4)
	        Recheck Cond: ((id >= 8719933) AND (id <= 8720932))
	        ->  Bitmap Index Scan on sbtest8_pkey  (cost=0.00..27.79 rows=1136 width=0)
	              Index Cond: ((id >= 8719933) AND (id <= 8720932))

for: distinct_ranges
table 1 : explain SELECT DISTINCT c FROM sbtest1 WHERE id BETWEEN 7660890 AND 7661889 ORDER BY c
	Unique  (cost=4176.16..4181.51 rows=1070 width=121)
	  ->  Sort  (cost=4176.16..4178.84 rows=1070 width=121)
	        Sort Key: c
	        ->  Bitmap Heap Scan on sbtest1  (cost=23.40..4122.32 rows=1070 width=121)
	              Recheck Cond: ((id >= 7660890) AND (id <= 7661889))
	              ->  Bitmap Index Scan on sbtest1_pkey  (cost=0.00..23.14 rows=1070 width=0)
	                    Index Cond: ((id >= 7660890) AND (id <= 7661889))

table 2 : explain SELECT DISTINCT c FROM sbtest2 WHERE id BETWEEN 8344569 AND 8345568 ORDER BY c
	Unique  (cost=3841.24..3846.15 rows=982 width=121)
	  ->  Sort  (cost=3841.24..3843.70 rows=982 width=121)
	        Sort Key: c
	        ->  Bitmap Heap Scan on sbtest2  (cost=22.50..3792.44 rows=982 width=121)
	              Recheck Cond: ((id >= 8344569) AND (id <= 8345568))
	              ->  Bitmap Index Scan on sbtest2_pkey  (cost=0.00..22.25 rows=982 width=0)
	                    Index Cond: ((id >= 8344569) AND (id <= 8345568))

table 3 : explain SELECT DISTINCT c FROM sbtest3 WHERE id BETWEEN 3789442 AND 3790441 ORDER BY c
	Unique  (cost=4066.79..4072.00 rows=1041 width=121)
	  ->  Sort  (cost=4066.79..4069.40 rows=1041 width=121)
	        Sort Key: c
	        ->  Bitmap Heap Scan on sbtest3  (cost=23.11..4014.62 rows=1041 width=121)
	              Recheck Cond: ((id >= 3789442) AND (id <= 3790441))
	              ->  Bitmap Index Scan on sbtest3_pkey  (cost=0.00..22.84 rows=1041 width=0)
	                    Index Cond: ((id >= 3789442) AND (id <= 3790441))

table 4 : explain SELECT DISTINCT c FROM sbtest4 WHERE id BETWEEN 1024167 AND 1025166 ORDER BY c
	Unique  (cost=3838.33..3843.23 rows=981 width=121)
	  ->  Sort  (cost=3838.33..3840.78 rows=981 width=121)
	        Sort Key: c
	        ->  Bitmap Heap Scan on sbtest4  (cost=22.49..3789.58 rows=981 width=121)
	              Recheck Cond: ((id >= 1024167) AND (id <= 1025166))
	              ->  Bitmap Index Scan on sbtest4_pkey  (cost=0.00..22.25 rows=981 width=0)
	                    Index Cond: ((id >= 1024167) AND (id <= 1025166))

table 5 : explain SELECT DISTINCT c FROM sbtest5 WHERE id BETWEEN 2764867 AND 2765866 ORDER BY c
	Unique  (cost=3853.76..3858.69 rows=985 width=121)
	  ->  Sort  (cost=3853.76..3856.22 rows=985 width=121)
	        Sort Key: c
	        ->  Bitmap Heap Scan on sbtest5  (cost=22.53..3804.79 rows=985 width=121)
	              Recheck Cond: ((id >= 2764867) AND (id <= 2765866))
	              ->  Bitmap Index Scan on sbtest5_pkey  (cost=0.00..22.29 rows=985 width=0)
	                    Index Cond: ((id >= 2764867) AND (id <= 2765866))

table 6 : explain SELECT DISTINCT c FROM sbtest6 WHERE id BETWEEN 9306413 AND 9307412 ORDER BY c
	Unique  (cost=3536.43..3540.94 rows=902 width=121)
	  ->  Sort  (cost=3536.43..3538.69 rows=902 width=121)
	        Sort Key: c
	        ->  Bitmap Heap Scan on sbtest6  (cost=21.68..3492.16 rows=902 width=121)
	              Recheck Cond: ((id >= 9306413) AND (id <= 9307412))
	              ->  Bitmap Index Scan on sbtest6_pkey  (cost=0.00..21.45 rows=902 width=0)
	                    Index Cond: ((id >= 9306413) AND (id <= 9307412))

table 7 : explain SELECT DISTINCT c FROM sbtest7 WHERE id BETWEEN 718234 AND 719233 ORDER BY c
	Unique  (cost=3846.75..3851.67 rows=983 width=121)
	  ->  Sort  (cost=3846.75..3849.21 rows=983 width=121)
	        Sort Key: c
	        ->  Bitmap Heap Scan on sbtest7  (cost=22.51..3797.89 rows=983 width=121)
	              Recheck Cond: ((id >= 718234) AND (id <= 719233))
	              ->  Bitmap Index Scan on sbtest7_pkey  (cost=0.00..22.26 rows=983 width=0)
	                    Index Cond: ((id >= 718234) AND (id <= 719233))

table 8 : explain SELECT DISTINCT c FROM sbtest8 WHERE id BETWEEN 4388017 AND 4389016 ORDER BY c
	Unique  (cost=3869.75..3874.69 rows=989 width=121)
	  ->  Sort  (cost=3869.75..3872.22 rows=989 width=121)
	        Sort Key: c
	        ->  Bitmap Heap Scan on sbtest8  (cost=22.57..3820.54 rows=989 width=121)
	              Recheck Cond: ((id >= 4388017) AND (id <= 4389016))
	              ->  Bitmap Index Scan on sbtest8_pkey  (cost=0.00..22.32 rows=989 width=0)
	                    Index Cond: ((id >= 4388017) AND (id <= 4389016))

for: distinct_ranges
table 1 : explain SELECT DISTINCT c FROM sbtest1 WHERE id BETWEEN 411038 AND 412037 ORDER BY c
	Unique  (cost=4015.96..4021.10 rows=1028 width=121)
	  ->  Sort  (cost=4015.96..4018.53 rows=1028 width=121)
	        Sort Key: c
	        ->  Bitmap Heap Scan on sbtest1  (cost=22.97..3964.53 rows=1028 width=121)
	              Recheck Cond: ((id >= 411038) AND (id <= 412037))
	              ->  Bitmap Index Scan on sbtest1_pkey  (cost=0.00..22.71 rows=1028 width=0)
	                    Index Cond: ((id >= 411038) AND (id <= 412037))

table 2 : explain SELECT DISTINCT c FROM sbtest2 WHERE id BETWEEN 2668223 AND 2669222 ORDER BY c
	Unique  (cost=3707.32..3712.06 rows=947 width=121)
	  ->  Sort  (cost=3707.32..3709.69 rows=947 width=121)
	        Sort Key: c
	        ->  Bitmap Heap Scan on sbtest2  (cost=22.14..3660.51 rows=947 width=121)
	              Recheck Cond: ((id >= 2668223) AND (id <= 2669222))
	              ->  Bitmap Index Scan on sbtest2_pkey  (cost=0.00..21.90 rows=947 width=0)
	                    Index Cond: ((id >= 2668223) AND (id <= 2669222))

table 3 : explain SELECT DISTINCT c FROM sbtest3 WHERE id BETWEEN 3260115 AND 3261114 ORDER BY c
	Unique  (cost=3653.84..3658.50 rows=933 width=121)
	  ->  Sort  (cost=3653.84..3656.17 rows=933 width=121)
	        Sort Key: c
	        ->  Bitmap Heap Scan on sbtest3  (cost=22.00..3607.81 rows=933 width=121)
	              Recheck Cond: ((id >= 3260115) AND (id <= 3261114))
	              ->  Bitmap Index Scan on sbtest3_pkey  (cost=0.00..21.76 rows=933 width=0)
	                    Index Cond: ((id >= 3260115) AND (id <= 3261114))

table 4 : explain SELECT DISTINCT c FROM sbtest4 WHERE id BETWEEN 5793614 AND 5794613 ORDER BY c
	Unique  (cost=3819.20..3824.08 rows=976 width=121)
	  ->  Sort  (cost=3819.20..3821.64 rows=976 width=121)
	        Sort Key: c
	        ->  Bitmap Heap Scan on sbtest4  (cost=22.44..3770.74 rows=976 width=121)
	              Recheck Cond: ((id >= 5793614) AND (id <= 5794613))
	              ->  Bitmap Index Scan on sbtest4_pkey  (cost=0.00..22.19 rows=976 width=0)
	                    Index Cond: ((id >= 5793614) AND (id <= 5794613))

table 5 : explain SELECT DISTINCT c FROM sbtest5 WHERE id BETWEEN 5574634 AND 5575633 ORDER BY c
	Unique  (cost=3888.18..3893.15 rows=994 width=121)
	  ->  Sort  (cost=3888.18..3890.67 rows=994 width=121)
	        Sort Key: c
	        ->  Bitmap Heap Scan on sbtest5  (cost=22.62..3838.70 rows=994 width=121)
	              Recheck Cond: ((id >= 5574634) AND (id <= 5575633))
	              ->  Bitmap Index Scan on sbtest5_pkey  (cost=0.00..22.37 rows=994 width=0)
	                    Index Cond: ((id >= 5574634) AND (id <= 5575633))

table 6 : explain SELECT DISTINCT c FROM sbtest6 WHERE id BETWEEN 7191050 AND 7192049 ORDER BY c
	Unique  (cost=3938.60..3943.63 rows=1007 width=121)
	  ->  Sort  (cost=3938.60..3941.12 rows=1007 width=121)
	        Sort Key: c
	        ->  Bitmap Heap Scan on sbtest6  (cost=22.76..3888.37 rows=1007 width=121)
	              Recheck Cond: ((id >= 7191050) AND (id <= 7192049))
	              ->  Bitmap Index Scan on sbtest6_pkey  (cost=0.00..22.50 rows=1007 width=0)
	                    Index Cond: ((id >= 7191050) AND (id <= 7192049))

table 7 : explain SELECT DISTINCT c FROM sbtest7 WHERE id BETWEEN 4108963 AND 4109962 ORDER BY c
	Unique  (cost=3701.25..3705.98 rows=945 width=121)
	  ->  Sort  (cost=3701.25..3703.62 rows=945 width=121)
	        Sort Key: c
	        ->  Bitmap Heap Scan on sbtest7  (cost=22.12..3654.55 rows=945 width=121)
	              Recheck Cond: ((id >= 4108963) AND (id <= 4109962))
	              ->  Bitmap Index Scan on sbtest7_pkey  (cost=0.00..21.89 rows=945 width=0)
	                    Index Cond: ((id >= 4108963) AND (id <= 4109962))

table 8 : explain SELECT DISTINCT c FROM sbtest8 WHERE id BETWEEN 3626752 AND 3627751 ORDER BY c
	Unique  (cost=4171.61..4176.95 rows=1068 width=121)
	  ->  Sort  (cost=4171.61..4174.28 rows=1068 width=121)
	        Sort Key: c
	        ->  Bitmap Heap Scan on sbtest8  (cost=23.38..4117.88 rows=1068 width=121)
	              Recheck Cond: ((id >= 3626752) AND (id <= 3627751))
	              ->  Bitmap Index Scan on sbtest8_pkey  (cost=0.00..23.11 rows=1068 width=0)
	                    Index Cond: ((id >= 3626752) AND (id <= 3627751))

for point_selects
table 1 : explain SELECT c FROM sbtest1 WHERE id=8274013
	Index Scan using sbtest1_pkey on sbtest1  (cost=0.43..8.45 rows=1 width=121)
	  Index Cond: (id = 8274013)

table 2 : explain SELECT c FROM sbtest2 WHERE id=1271125
	Index Scan using sbtest2_pkey on sbtest2  (cost=0.43..8.45 rows=1 width=121)
	  Index Cond: (id = 1271125)

table 3 : explain SELECT c FROM sbtest3 WHERE id=4321252
	Index Scan using sbtest3_pkey on sbtest3  (cost=0.43..8.45 rows=1 width=121)
	  Index Cond: (id = 4321252)

table 4 : explain SELECT c FROM sbtest4 WHERE id=4478332
	Index Scan using sbtest4_pkey on sbtest4  (cost=0.43..8.45 rows=1 width=121)
	  Index Cond: (id = 4478332)

table 5 : explain SELECT c FROM sbtest5 WHERE id=1236793
	Index Scan using sbtest5_pkey on sbtest5  (cost=0.43..8.45 rows=1 width=121)
	  Index Cond: (id = 1236793)

table 6 : explain SELECT c FROM sbtest6 WHERE id=6878028
	Index Scan using sbtest6_pkey on sbtest6  (cost=0.43..8.45 rows=1 width=121)
	  Index Cond: (id = 6878028)

table 7 : explain SELECT c FROM sbtest7 WHERE id=7473624
	Index Scan using sbtest7_pkey on sbtest7  (cost=0.43..8.45 rows=1 width=121)
	  Index Cond: (id = 7473624)

table 8 : explain SELECT c FROM sbtest8 WHERE id=175250
	Index Scan using sbtest8_pkey on sbtest8  (cost=0.43..8.45 rows=1 width=121)
	  Index Cond: (id = 175250)

for: sum_ranges
table 1 : explain SELECT SUM(k) FROM sbtest1 WHERE id BETWEEN 9334885 AND 9335884
	Aggregate  (cost=4196.38..4196.39 rows=1 width=8)
	  ->  Bitmap Heap Scan on sbtest1  (cost=23.61..4193.65 rows=1090 width=4)
	        Recheck Cond: ((id >= 9334885) AND (id <= 9335884))
	        ->  Bitmap Index Scan on sbtest1_pkey  (cost=0.00..23.33 rows=1090 width=0)
	              Index Cond: ((id >= 9334885) AND (id <= 9335884))

table 2 : explain SELECT SUM(k) FROM sbtest2 WHERE id BETWEEN 6586861 AND 6587860
	Aggregate  (cost=4152.43..4152.44 rows=1 width=8)
	  ->  Bitmap Heap Scan on sbtest2  (cost=23.47..4149.74 rows=1077 width=4)
	        Recheck Cond: ((id >= 6586861) AND (id <= 6587860))
	        ->  Bitmap Index Scan on sbtest2_pkey  (cost=0.00..23.20 rows=1077 width=0)
	              Index Cond: ((id >= 6586861) AND (id <= 6587860))

table 3 : explain SELECT SUM(k) FROM sbtest3 WHERE id BETWEEN 3234692 AND 3235691
	Aggregate  (cost=3610.15..3610.16 rows=1 width=8)
	  ->  Bitmap Heap Scan on sbtest3  (cost=22.00..3607.81 rows=933 width=4)
	        Recheck Cond: ((id >= 3234692) AND (id <= 3235691))
	        ->  Bitmap Index Scan on sbtest3_pkey  (cost=0.00..21.76 rows=933 width=0)
	              Index Cond: ((id >= 3234692) AND (id <= 3235691))

table 4 : explain SELECT SUM(k) FROM sbtest4 WHERE id BETWEEN 2872683 AND 2873682
	Aggregate  (cost=3675.06..3675.07 rows=1 width=8)
	  ->  Bitmap Heap Scan on sbtest4  (cost=22.17..3672.69 rows=950 width=4)
	        Recheck Cond: ((id >= 2872683) AND (id <= 2873682))
	        ->  Bitmap Index Scan on sbtest4_pkey  (cost=0.00..21.93 rows=950 width=0)
	              Index Cond: ((id >= 2872683) AND (id <= 2873682))

table 5 : explain SELECT SUM(k) FROM sbtest5 WHERE id BETWEEN 8178970 AND 8179969
	Aggregate  (cost=3743.13..3743.14 rows=1 width=8)
	  ->  Bitmap Heap Scan on sbtest5  (cost=22.36..3740.71 rows=968 width=4)
	        Recheck Cond: ((id >= 8178970) AND (id <= 8179969))
	        ->  Bitmap Index Scan on sbtest5_pkey  (cost=0.00..22.11 rows=968 width=0)
	              Index Cond: ((id >= 8178970) AND (id <= 8179969))

table 6 : explain SELECT SUM(k) FROM sbtest6 WHERE id BETWEEN 4516870 AND 4517869
	Aggregate  (cost=3823.02..3823.03 rows=1 width=8)
	  ->  Bitmap Heap Scan on sbtest6  (cost=22.57..3820.55 rows=989 width=4)
	        Recheck Cond: ((id >= 4516870) AND (id <= 4517869))
	        ->  Bitmap Index Scan on sbtest6_pkey  (cost=0.00..22.32 rows=989 width=0)
	              Index Cond: ((id >= 4516870) AND (id <= 4517869))

table 7 : explain SELECT SUM(k) FROM sbtest7 WHERE id BETWEEN 872532 AND 873531
	Aggregate  (cost=4056.55..4056.56 rows=1 width=8)
	  ->  Bitmap Heap Scan on sbtest7  (cost=23.21..4053.93 rows=1051 width=4)
	        Recheck Cond: ((id >= 872532) AND (id <= 873531))
	        ->  Bitmap Index Scan on sbtest7_pkey  (cost=0.00..22.94 rows=1051 width=0)
	              Index Cond: ((id >= 872532) AND (id <= 873531))

table 8 : explain SELECT SUM(k) FROM sbtest8 WHERE id BETWEEN 8981331 AND 8982330
	Aggregate  (cost=3902.19..3902.20 rows=1 width=8)
	  ->  Bitmap Heap Scan on sbtest8  (cost=22.79..3899.66 rows=1010 width=4)
	        Recheck Cond: ((id >= 8981331) AND (id <= 8982330))
	        ->  Bitmap Index Scan on sbtest8_pkey  (cost=0.00..22.54 rows=1010 width=0)
	              Index Cond: ((id >= 8981331) AND (id <= 8982330))

explain: for point_selects :: explain SELECT c FROM sbtest%u WHERE id=%u
for: sum_ranges
table 1 : explain SELECT SUM(k) FROM sbtest1 WHERE id BETWEEN 6337190 AND 6338189
	Aggregate  (cost=3526.03..3526.04 rows=1 width=8)
	  ->  Bitmap Heap Scan on sbtest1  (cost=21.77..3523.75 rows=911 width=4)
	        Recheck Cond: ((id >= 6337190) AND (id <= 6338189))
	        ->  Bitmap Index Scan on sbtest1_pkey  (cost=0.00..21.54 rows=911 width=0)
	              Index Cond: ((id >= 6337190) AND (id <= 6338189))

table 2 : explain SELECT SUM(k) FROM sbtest2 WHERE id BETWEEN 1239182 AND 1240181
	Aggregate  (cost=4047.17..4047.18 rows=1 width=8)
	  ->  Bitmap Heap Scan on sbtest2  (cost=23.19..4044.55 rows=1049 width=4)
	        Recheck Cond: ((id >= 1239182) AND (id <= 1240181))
	        ->  Bitmap Index Scan on sbtest2_pkey  (cost=0.00..22.93 rows=1049 width=0)
	              Index Cond: ((id >= 1239182) AND (id <= 1240181))

table 3 : explain SELECT SUM(k) FROM sbtest3 WHERE id BETWEEN 3753093 AND 3754092
	Aggregate  (cost=4017.22..4017.23 rows=1 width=8)
	  ->  Bitmap Heap Scan on sbtest3  (cost=23.11..4014.62 rows=1041 width=4)
	        Recheck Cond: ((id >= 3753093) AND (id <= 3754092))
	        ->  Bitmap Index Scan on sbtest3_pkey  (cost=0.00..22.84 rows=1041 width=0)
	              Index Cond: ((id >= 3753093) AND (id <= 3754092))

table 4 : explain SELECT SUM(k) FROM sbtest4 WHERE id BETWEEN 6065762 AND 6066761
	Aggregate  (cost=3886.27..3886.28 rows=1 width=8)
	  ->  Bitmap Heap Scan on sbtest4  (cost=22.75..3883.76 rows=1006 width=4)
	        Recheck Cond: ((id >= 6065762) AND (id <= 6066761))
	        ->  Bitmap Index Scan on sbtest4_pkey  (cost=0.00..22.50 rows=1006 width=0)
	              Index Cond: ((id >= 6065762) AND (id <= 6066761))

table 5 : explain SELECT SUM(k) FROM sbtest5 WHERE id BETWEEN 3873259 AND 3874258
	Aggregate  (cost=4059.61..4059.62 rows=1 width=8)
	  ->  Bitmap Heap Scan on sbtest5  (cost=23.22..4056.98 rows=1052 width=4)
	        Recheck Cond: ((id >= 3873259) AND (id <= 3874258))
	        ->  Bitmap Index Scan on sbtest5_pkey  (cost=0.00..22.95 rows=1052 width=0)
	              Index Cond: ((id >= 3873259) AND (id <= 3874258))

table 6 : explain SELECT SUM(k) FROM sbtest6 WHERE id BETWEEN 6854467 AND 6855466
	Aggregate  (cost=4071.66..4071.67 rows=1 width=8)
	  ->  Bitmap Heap Scan on sbtest6  (cost=23.25..4069.02 rows=1055 width=4)
	        Recheck Cond: ((id >= 6854467) AND (id <= 6855466))
	        ->  Bitmap Index Scan on sbtest6_pkey  (cost=0.00..22.98 rows=1055 width=0)
	              Index Cond: ((id >= 6854467) AND (id <= 6855466))

table 7 : explain SELECT SUM(k) FROM sbtest7 WHERE id BETWEEN 6872322 AND 6873321
	Aggregate  (cost=3656.91..3656.92 rows=1 width=8)
	  ->  Bitmap Heap Scan on sbtest7  (cost=22.12..3654.55 rows=945 width=4)
	        Recheck Cond: ((id >= 6872322) AND (id <= 6873321))
	        ->  Bitmap Index Scan on sbtest7_pkey  (cost=0.00..21.89 rows=945 width=0)
	              Index Cond: ((id >= 6872322) AND (id <= 6873321))

table 8 : explain SELECT SUM(k) FROM sbtest8 WHERE id BETWEEN 8941887 AND 8942886
	Aggregate  (cost=3823.02..3823.03 rows=1 width=8)
	  ->  Bitmap Heap Scan on sbtest8  (cost=22.57..3820.54 rows=989 width=4)
	        Recheck Cond: ((id >= 8941887) AND (id <= 8942886))
	        ->  Bitmap Index Scan on sbtest8_pkey  (cost=0.00..22.32 rows=989 width=0)
	              Index Cond: ((id >= 8941887) AND (id <= 8942886))

for: sum_ranges
table 1 : explain SELECT SUM(k) FROM sbtest1 WHERE id BETWEEN 8632564 AND 8633563
	Aggregate  (cost=3609.11..3609.12 rows=1 width=8)
	  ->  Bitmap Heap Scan on sbtest1  (cost=22.00..3606.77 rows=933 width=4)
	        Recheck Cond: ((id >= 8632564) AND (id <= 8633563))
	        ->  Bitmap Index Scan on sbtest1_pkey  (cost=0.00..21.76 rows=933 width=0)
	              Index Cond: ((id >= 8632564) AND (id <= 8633563))

table 2 : explain SELECT SUM(k) FROM sbtest2 WHERE id BETWEEN 2424801 AND 2425800
	Aggregate  (cost=3968.16..3968.17 rows=1 width=8)
	  ->  Bitmap Heap Scan on sbtest2  (cost=22.97..3965.59 rows=1028 width=4)
	        Recheck Cond: ((id >= 2424801) AND (id <= 2425800))
	        ->  Bitmap Index Scan on sbtest2_pkey  (cost=0.00..22.71 rows=1028 width=0)
	              Index Cond: ((id >= 2424801) AND (id <= 2425800))

table 3 : explain SELECT SUM(k) FROM sbtest3 WHERE id BETWEEN 792247 AND 793246
	Aggregate  (cost=4453.08..4453.09 rows=1 width=8)
	  ->  Bitmap Heap Scan on sbtest3  (cost=28.29..4450.19 rows=1157 width=4)
	        Recheck Cond: ((id >= 792247) AND (id <= 793246))
	        ->  Bitmap Index Scan on sbtest3_pkey  (cost=0.00..28.00 rows=1157 width=0)
	              Index Cond: ((id >= 792247) AND (id <= 793246))

table 4 : explain SELECT SUM(k) FROM sbtest4 WHERE id BETWEEN 8911583 AND 8912582
	Aggregate  (cost=3863.66..3863.67 rows=1 width=8)
	  ->  Bitmap Heap Scan on sbtest4  (cost=22.68..3861.16 rows=1000 width=4)
	        Recheck Cond: ((id >= 8911583) AND (id <= 8912582))
	        ->  Bitmap Index Scan on sbtest4_pkey  (cost=0.00..22.43 rows=1000 width=0)
	              Index Cond: ((id >= 8911583) AND (id <= 8912582))

table 5 : explain SELECT SUM(k) FROM sbtest5 WHERE id BETWEEN 298278 AND 299277
	Aggregate  (cost=3773.31..3773.32 rows=1 width=8)
	  ->  Bitmap Heap Scan on sbtest5  (cost=22.44..3770.87 rows=976 width=4)
	        Recheck Cond: ((id >= 298278) AND (id <= 299277))
	        ->  Bitmap Index Scan on sbtest5_pkey  (cost=0.00..22.19 rows=976 width=0)
	              Index Cond: ((id >= 298278) AND (id <= 299277))

table 6 : explain SELECT SUM(k) FROM sbtest6 WHERE id BETWEEN 6409380 AND 6410379
	Aggregate  (cost=4000.14..4000.15 rows=1 width=8)
	  ->  Bitmap Heap Scan on sbtest6  (cost=23.05..3997.55 rows=1036 width=4)
	        Recheck Cond: ((id >= 6409380) AND (id <= 6410379))
	        ->  Bitmap Index Scan on sbtest6_pkey  (cost=0.00..22.79 rows=1036 width=0)
	              Index Cond: ((id >= 6409380) AND (id <= 6410379))

table 7 : explain SELECT SUM(k) FROM sbtest7 WHERE id BETWEEN 4733045 AND 4734044
	Aggregate  (cost=3724.88..3724.89 rows=1 width=8)
	  ->  Bitmap Heap Scan on sbtest7  (cost=22.31..3722.47 rows=963 width=4)
	        Recheck Cond: ((id >= 4733045) AND (id <= 4734044))
	        ->  Bitmap Index Scan on sbtest7_pkey  (cost=0.00..22.07 rows=963 width=0)
	              Index Cond: ((id >= 4733045) AND (id <= 4734044))

table 8 : explain SELECT SUM(k) FROM sbtest8 WHERE id BETWEEN 1544784 AND 1545783
	Aggregate  (cost=3864.49..3864.50 rows=1 width=8)
	  ->  Bitmap Heap Scan on sbtest8  (cost=22.68..3861.99 rows=1000 width=4)
	        Recheck Cond: ((id >= 1544784) AND (id <= 1545783))
	        ->  Bitmap Index Scan on sbtest8_pkey  (cost=0.00..22.43 rows=1000 width=0)
	              Index Cond: ((id >= 1544784) AND (id <= 1545783))

for: order_ranges
table 1 : explain SELECT c FROM sbtest1 WHERE id BETWEEN 8259192 AND 8260191 ORDER BY c
	Sort  (cost=4157.10..4159.76 rows=1065 width=121)
	  Sort Key: c
	  ->  Bitmap Heap Scan on sbtest1  (cost=23.35..4103.55 rows=1065 width=121)
	        Recheck Cond: ((id >= 8259192) AND (id <= 8260191))
	        ->  Bitmap Index Scan on sbtest1_pkey  (cost=0.00..23.08 rows=1065 width=0)
	              Index Cond: ((id >= 8259192) AND (id <= 8260191))

table 2 : explain SELECT c FROM sbtest2 WHERE id BETWEEN 6464749 AND 6465748 ORDER BY c
	Sort  (cost=4234.47..4237.19 rows=1085 width=121)
	  Sort Key: c
	  ->  Bitmap Heap Scan on sbtest2  (cost=23.56..4179.77 rows=1085 width=121)
	        Recheck Cond: ((id >= 6464749) AND (id <= 6465748))
	        ->  Bitmap Index Scan on sbtest2_pkey  (cost=0.00..23.29 rows=1085 width=0)
	              Index Cond: ((id >= 6464749) AND (id <= 6465748))

table 3 : explain SELECT c FROM sbtest3 WHERE id BETWEEN 9093295 AND 9094294 ORDER BY c
	Sort  (cost=3623.19..3625.50 rows=925 width=121)
	  Sort Key: c
	  ->  Bitmap Heap Scan on sbtest3  (cost=21.92..3577.62 rows=925 width=121)
	        Recheck Cond: ((id >= 9093295) AND (id <= 9094294))
	        ->  Bitmap Index Scan on sbtest3_pkey  (cost=0.00..21.68 rows=925 width=0)
	              Index Cond: ((id >= 9093295) AND (id <= 9094294))

table 4 : explain SELECT c FROM sbtest4 WHERE id BETWEEN 7904546 AND 7905545 ORDER BY c
	Sort  (cost=3689.04..3691.39 rows=942 width=121)
	  Sort Key: c
	  ->  Bitmap Heap Scan on sbtest4  (cost=22.09..3642.50 rows=942 width=121)
	        Recheck Cond: ((id >= 7904546) AND (id <= 7905545))
	        ->  Bitmap Index Scan on sbtest4_pkey  (cost=0.00..21.86 rows=942 width=0)
	              Index Cond: ((id >= 7904546) AND (id <= 7905545))

table 5 : explain SELECT c FROM sbtest5 WHERE id BETWEEN 3874625 AND 3875624 ORDER BY c
	Sort  (cost=4109.78..4112.41 rows=1052 width=121)
	  Sort Key: c
	  ->  Bitmap Heap Scan on sbtest5  (cost=23.22..4056.98 rows=1052 width=121)
	        Recheck Cond: ((id >= 3874625) AND (id <= 3875624))
	        ->  Bitmap Index Scan on sbtest5_pkey  (cost=0.00..22.95 rows=1052 width=0)
	              Index Cond: ((id >= 3874625) AND (id <= 3875624))

table 6 : explain SELECT c FROM sbtest6 WHERE id BETWEEN 4006531 AND 4007530 ORDER BY c
	Sort  (cost=4007.41..4009.97 rows=1025 width=121)
	  Sort Key: c
	  ->  Bitmap Heap Scan on sbtest6  (cost=22.94..3956.15 rows=1025 width=121)
	        Recheck Cond: ((id >= 4006531) AND (id <= 4007530))
	        ->  Bitmap Index Scan on sbtest6_pkey  (cost=0.00..22.68 rows=1025 width=0)
	              Index Cond: ((id >= 4006531) AND (id <= 4007530))

table 7 : explain SELECT c FROM sbtest7 WHERE id BETWEEN 8388817 AND 8389816 ORDER BY c
	Sort  (cost=3942.38..3944.90 rows=1008 width=121)
	  Sort Key: c
	  ->  Bitmap Heap Scan on sbtest7  (cost=22.77..3892.09 rows=1008 width=121)
	        Recheck Cond: ((id >= 8388817) AND (id <= 8389816))
	        ->  Bitmap Index Scan on sbtest7_pkey  (cost=0.00..22.51 rows=1008 width=0)
	              Index Cond: ((id >= 8388817) AND (id <= 8389816))

table 8 : explain SELECT c FROM sbtest8 WHERE id BETWEEN 9440250 AND 9441249 ORDER BY c
	Sort  (cost=3846.79..3849.25 rows=983 width=121)
	  Sort Key: c
	  ->  Bitmap Heap Scan on sbtest8  (cost=22.51..3797.93 rows=983 width=121)
	        Recheck Cond: ((id >= 9440250) AND (id <= 9441249))
	        ->  Bitmap Index Scan on sbtest8_pkey  (cost=0.00..22.26 rows=983 width=0)
	              Index Cond: ((id >= 9440250) AND (id <= 9441249))

for: sum_ranges
table 1 : explain SELECT SUM(k) FROM sbtest1 WHERE id BETWEEN 3723945 AND 3724944
	Aggregate  (cost=4132.51..4132.52 rows=1 width=8)
	  ->  Bitmap Heap Scan on sbtest1  (cost=23.42..4129.83 rows=1072 width=4)
	        Recheck Cond: ((id >= 3723945) AND (id <= 3724944))
	        ->  Bitmap Index Scan on sbtest1_pkey  (cost=0.00..23.15 rows=1072 width=0)
	              Index Cond: ((id >= 3723945) AND (id <= 3724944))

table 2 : explain SELECT SUM(k) FROM sbtest2 WHERE id BETWEEN 4286879 AND 4287878
	Aggregate  (cost=3413.48..3413.49 rows=1 width=8)
	  ->  Bitmap Heap Scan on sbtest2  (cost=21.47..3411.27 rows=881 width=4)
	        Recheck Cond: ((id >= 4286879) AND (id <= 4287878))
	        ->  Bitmap Index Scan on sbtest2_pkey  (cost=0.00..21.25 rows=881 width=0)
	              Index Cond: ((id >= 4286879) AND (id <= 4287878))

table 3 : explain SELECT SUM(k) FROM sbtest3 WHERE id BETWEEN 9188097 AND 9189096
	Aggregate  (cost=3798.80..3798.81 rows=1 width=8)
	  ->  Bitmap Heap Scan on sbtest3  (cost=22.51..3796.34 rows=983 width=4)
	        Recheck Cond: ((id >= 9188097) AND (id <= 9189096))
	        ->  Bitmap Index Scan on sbtest3_pkey  (cost=0.00..22.26 rows=983 width=0)
	              Index Cond: ((id >= 9188097) AND (id <= 9189096))

table 4 : explain SELECT SUM(k) FROM sbtest4 WHERE id BETWEEN 1170641 AND 1171640
	Aggregate  (cost=4352.80..4352.81 rows=1 width=8)
	  ->  Bitmap Heap Scan on sbtest4  (cost=28.02..4349.97 rows=1130 width=4)
	        Recheck Cond: ((id >= 1170641) AND (id <= 1171640))
	        ->  Bitmap Index Scan on sbtest4_pkey  (cost=0.00..27.73 rows=1130 width=0)
	              Index Cond: ((id >= 1170641) AND (id <= 1171640))

table 5 : explain SELECT SUM(k) FROM sbtest5 WHERE id BETWEEN 9257083 AND 9258082
	Aggregate  (cost=3588.32..3588.33 rows=1 width=8)
	  ->  Bitmap Heap Scan on sbtest5  (cost=21.94..3586.00 rows=927 width=4)
	        Recheck Cond: ((id >= 9257083) AND (id <= 9258082))
	        ->  Bitmap Index Scan on sbtest5_pkey  (cost=0.00..21.70 rows=927 width=0)
	              Index Cond: ((id >= 9257083) AND (id <= 9258082))

table 6 : explain SELECT SUM(k) FROM sbtest6 WHERE id BETWEEN 771910 AND 772909
	Aggregate  (cost=3928.57..3928.58 rows=1 width=8)
	  ->  Bitmap Heap Scan on sbtest6  (cost=22.86..3926.03 rows=1017 width=4)
	        Recheck Cond: ((id >= 771910) AND (id <= 772909))
	        ->  Bitmap Index Scan on sbtest6_pkey  (cost=0.00..22.61 rows=1017 width=0)
	              Index Cond: ((id >= 771910) AND (id <= 772909))

table 7 : explain SELECT SUM(k) FROM sbtest7 WHERE id BETWEEN 1325092 AND 1326091
	Aggregate  (cost=3732.43..3732.44 rows=1 width=8)
	  ->  Bitmap Heap Scan on sbtest7  (cost=22.33..3730.02 rows=965 width=4)
	        Recheck Cond: ((id >= 1325092) AND (id <= 1326091))
	        ->  Bitmap Index Scan on sbtest7_pkey  (cost=0.00..22.08 rows=965 width=0)
	              Index Cond: ((id >= 1325092) AND (id <= 1326091))

table 8 : explain SELECT SUM(k) FROM sbtest8 WHERE id BETWEEN 674845 AND 675844
	Aggregate  (cost=4079.17..4079.18 rows=1 width=8)
	  ->  Bitmap Heap Scan on sbtest8  (cost=23.27..4076.53 rows=1057 width=4)
	        Recheck Cond: ((id >= 674845) AND (id <= 675844))
	        ->  Bitmap Index Scan on sbtest8_pkey  (cost=0.00..23.00 rows=1057 width=0)
	              Index Cond: ((id >= 674845) AND (id <= 675844))

for: sum_ranges
table 1 : explain SELECT SUM(k) FROM sbtest1 WHERE id BETWEEN 4460461 AND 4461460
	Aggregate  (cost=3514.69..3514.70 rows=1 width=8)
	  ->  Bitmap Heap Scan on sbtest1  (cost=21.74..3512.42 rows=908 width=4)
	        Recheck Cond: ((id >= 4460461) AND (id <= 4461460))
	        ->  Bitmap Index Scan on sbtest1_pkey  (cost=0.00..21.51 rows=908 width=0)
	              Index Cond: ((id >= 4460461) AND (id <= 4461460))

table 2 : explain SELECT SUM(k) FROM sbtest2 WHERE id BETWEEN 2467096 AND 2468095
	Aggregate  (cost=3655.33..3655.34 rows=1 width=8)
	  ->  Bitmap Heap Scan on sbtest2  (cost=22.12..3652.96 rows=945 width=4)
	        Recheck Cond: ((id >= 2467096) AND (id <= 2468095))
	        ->  Bitmap Index Scan on sbtest2_pkey  (cost=0.00..21.89 rows=945 width=0)
	              Index Cond: ((id >= 2467096) AND (id <= 2468095))

table 3 : explain SELECT SUM(k) FROM sbtest3 WHERE id BETWEEN 7999118 AND 8000117
	Aggregate  (cost=3564.82..3564.83 rows=1 width=8)
	  ->  Bitmap Heap Scan on sbtest3  (cost=21.88..3562.52 rows=921 width=4)
	        Recheck Cond: ((id >= 7999118) AND (id <= 8000117))
	        ->  Bitmap Index Scan on sbtest3_pkey  (cost=0.00..21.64 rows=921 width=0)
	              Index Cond: ((id >= 7999118) AND (id <= 8000117))

table 4 : explain SELECT SUM(k) FROM sbtest4 WHERE id BETWEEN 8206650 AND 8207649
	Aggregate  (cost=3659.96..3659.97 rows=1 width=8)
	  ->  Bitmap Heap Scan on sbtest4  (cost=22.13..3657.60 rows=946 width=4)
	        Recheck Cond: ((id >= 8206650) AND (id <= 8207649))
	        ->  Bitmap Index Scan on sbtest4_pkey  (cost=0.00..21.89 rows=946 width=0)
	              Index Cond: ((id >= 8206650) AND (id <= 8207649))

table 5 : explain SELECT SUM(k) FROM sbtest5 WHERE id BETWEEN 1293986 AND 1294985
	Aggregate  (cost=3580.76..3580.77 rows=1 width=8)
	  ->  Bitmap Heap Scan on sbtest5  (cost=21.92..3578.45 rows=925 width=4)
	        Recheck Cond: ((id >= 1293986) AND (id <= 1294985))
	        ->  Bitmap Index Scan on sbtest5_pkey  (cost=0.00..21.68 rows=925 width=0)
	              Index Cond: ((id >= 1293986) AND (id <= 1294985))

table 6 : explain SELECT SUM(k) FROM sbtest6 WHERE id BETWEEN 9593593 AND 9594592
	Aggregate  (cost=3770.21..3770.22 rows=1 width=8)
	  ->  Bitmap Heap Scan on sbtest6  (cost=22.43..3767.77 rows=975 width=4)
	        Recheck Cond: ((id >= 9593593) AND (id <= 9594592))
	        ->  Bitmap Index Scan on sbtest6_pkey  (cost=0.00..22.18 rows=975 width=0)
	              Index Cond: ((id >= 9593593) AND (id <= 9594592))

table 7 : explain SELECT SUM(k) FROM sbtest7 WHERE id BETWEEN 9884781 AND 9885780
	Aggregate  (cost=3902.15..3902.16 rows=1 width=8)
	  ->  Bitmap Heap Scan on sbtest7  (cost=22.79..3899.62 rows=1010 width=4)
	        Recheck Cond: ((id >= 9884781) AND (id <= 9885780))
	        ->  Bitmap Index Scan on sbtest7_pkey  (cost=0.00..22.54 rows=1010 width=0)
	              Index Cond: ((id >= 9884781) AND (id <= 9885780))

table 8 : explain SELECT SUM(k) FROM sbtest8 WHERE id BETWEEN 4642647 AND 4643646
	Aggregate  (cost=3909.72..3909.73 rows=1 width=8)
	  ->  Bitmap Heap Scan on sbtest8  (cost=22.81..3907.19 rows=1012 width=4)
	        Recheck Cond: ((id >= 4642647) AND (id <= 4643646))
	        ->  Bitmap Index Scan on sbtest8_pkey  (cost=0.00..22.55 rows=1012 width=0)
	              Index Cond: ((id >= 4642647) AND (id <= 4643646))

explain: for point_selects :: explain SELECT c FROM sbtest%u WHERE id=%u
for: distinct_ranges
table 1 : explain SELECT DISTINCT c FROM sbtest1 WHERE id BETWEEN 6499085 AND 6500084 ORDER BY c
	Unique  (cost=4099.90..4105.15 rows=1050 width=121)
	  ->  Sort  (cost=4099.90..4102.53 rows=1050 width=121)
	        Sort Key: c
	        ->  Bitmap Heap Scan on sbtest1  (cost=23.20..4047.21 rows=1050 width=121)
	              Recheck Cond: ((id >= 6499085) AND (id <= 6500084))
	              ->  Bitmap Index Scan on sbtest1_pkey  (cost=0.00..22.93 rows=1050 width=0)
	                    Index Cond: ((id >= 6499085) AND (id <= 6500084))

table 2 : explain SELECT DISTINCT c FROM sbtest2 WHERE id BETWEEN 5665004 AND 5666003 ORDER BY c
	Unique  (cost=3803.00..3807.86 rows=972 width=121)
	  ->  Sort  (cost=3803.00..3805.43 rows=972 width=121)
	        Sort Key: c
	        ->  Bitmap Heap Scan on sbtest2  (cost=22.40..3754.76 rows=972 width=121)
	              Recheck Cond: ((id >= 5665004) AND (id <= 5666003))
	              ->  Bitmap Index Scan on sbtest2_pkey  (cost=0.00..22.15 rows=972 width=0)
	                    Index Cond: ((id >= 5665004) AND (id <= 5666003))

table 3 : explain SELECT DISTINCT c FROM sbtest3 WHERE id BETWEEN 6848 AND 7847 ORDER BY c
	Unique  (cost=4040.07..4045.24 rows=1034 width=121)
	  ->  Sort  (cost=4040.07..4042.66 rows=1034 width=121)
	        Sort Key: c
	        ->  Bitmap Heap Scan on sbtest3  (cost=23.03..3988.30 rows=1034 width=121)
	              Recheck Cond: ((id >= 6848) AND (id <= 7847))
	              ->  Bitmap Index Scan on sbtest3_pkey  (cost=0.00..22.77 rows=1034 width=0)
	                    Index Cond: ((id >= 6848) AND (id <= 7847))

table 4 : explain SELECT DISTINCT c FROM sbtest4 WHERE id BETWEEN 3730748 AND 3731747 ORDER BY c
	Unique  (cost=3891.87..3896.85 rows=995 width=121)
	  ->  Sort  (cost=3891.87..3894.36 rows=995 width=121)
	        Sort Key: c
	        ->  Bitmap Heap Scan on sbtest4  (cost=22.63..3842.33 rows=995 width=121)
	              Recheck Cond: ((id >= 3730748) AND (id <= 3731747))
	              ->  Bitmap Index Scan on sbtest4_pkey  (cost=0.00..22.39 rows=995 width=0)
	                    Index Cond: ((id >= 3730748) AND (id <= 3731747))

table 5 : explain SELECT DISTINCT c FROM sbtest5 WHERE id BETWEEN 2743227 AND 2744226 ORDER BY c
	Unique  (cost=3853.76..3858.69 rows=985 width=121)
	  ->  Sort  (cost=3853.76..3856.22 rows=985 width=121)
	        Sort Key: c
	        ->  Bitmap Heap Scan on sbtest5  (cost=22.53..3804.79 rows=985 width=121)
	              Recheck Cond: ((id >= 2743227) AND (id <= 2744226))
	              ->  Bitmap Index Scan on sbtest5_pkey  (cost=0.00..22.29 rows=985 width=0)
	                    Index Cond: ((id >= 2743227) AND (id <= 2744226))

table 6 : explain SELECT DISTINCT c FROM sbtest6 WHERE id BETWEEN 5364311 AND 5365310 ORDER BY c
	Unique  (cost=3705.13..3709.86 rows=946 width=121)
	  ->  Sort  (cost=3705.13..3707.49 rows=946 width=121)
	        Sort Key: c
	        ->  Bitmap Heap Scan on sbtest6  (cost=22.13..3658.37 rows=946 width=121)
	              Recheck Cond: ((id >= 5364311) AND (id <= 5365310))
	              ->  Bitmap Index Scan on sbtest6_pkey  (cost=0.00..21.89 rows=946 width=0)
	                    Index Cond: ((id >= 5364311) AND (id <= 5365310))

table 7 : explain SELECT DISTINCT c FROM sbtest7 WHERE id BETWEEN 6448630 AND 6449629 ORDER BY c
	Unique  (cost=4076.12..4081.34 rows=1043 width=121)
	  ->  Sort  (cost=4076.12..4078.73 rows=1043 width=121)
	        Sort Key: c
	        ->  Bitmap Heap Scan on sbtest7  (cost=23.13..4023.83 rows=1043 width=121)
	              Recheck Cond: ((id >= 6448630) AND (id <= 6449629))
	              ->  Bitmap Index Scan on sbtest7_pkey  (cost=0.00..22.86 rows=1043 width=0)
	                    Index Cond: ((id >= 6448630) AND (id <= 6449629))

table 8 : explain SELECT DISTINCT c FROM sbtest8 WHERE id BETWEEN 7223216 AND 7224215 ORDER BY c
	Unique  (cost=3766.40..3771.21 rows=962 width=121)
	  ->  Sort  (cost=3766.40..3768.81 rows=962 width=121)
	        Sort Key: c
	        ->  Bitmap Heap Scan on sbtest8  (cost=22.30..3718.74 rows=962 width=121)
	              Recheck Cond: ((id >= 7223216) AND (id <= 7224215))
	              ->  Bitmap Index Scan on sbtest8_pkey  (cost=0.00..22.05 rows=962 width=0)
	                    Index Cond: ((id >= 7223216) AND (id <= 7224215))

explain: for point_selects :: explain SELECT c FROM sbtest%u WHERE id=%u
for: order_ranges
table 1 : explain SELECT c FROM sbtest1 WHERE id BETWEEN 2858310 AND 2859309 ORDER BY c
	Sort  (cost=3931.96..3934.47 rows=1006 width=121)
	  Sort Key: c
	  ->  Bitmap Heap Scan on sbtest1  (cost=22.75..3881.79 rows=1006 width=121)
	        Recheck Cond: ((id >= 2858310) AND (id <= 2859309))
	        ->  Bitmap Index Scan on sbtest1_pkey  (cost=0.00..22.50 rows=1006 width=0)
	              Index Cond: ((id >= 2858310) AND (id <= 2859309))

table 2 : explain SELECT c FROM sbtest2 WHERE id BETWEEN 4146307 AND 4147306 ORDER BY c
	Sort  (cost=4066.65..4069.25 rows=1041 width=121)
	  Sort Key: c
	  ->  Bitmap Heap Scan on sbtest2  (cost=23.11..4014.48 rows=1041 width=121)
	        Recheck Cond: ((id >= 4146307) AND (id <= 4147306))
	        ->  Bitmap Index Scan on sbtest2_pkey  (cost=0.00..22.84 rows=1041 width=0)
	              Index Cond: ((id >= 4146307) AND (id <= 4147306))

table 3 : explain SELECT c FROM sbtest3 WHERE id BETWEEN 1920413 AND 1921412 ORDER BY c
	Sort  (cost=3799.30..3801.73 rows=971 width=121)
	  Sort Key: c
	  ->  Bitmap Heap Scan on sbtest3  (cost=22.39..3751.12 rows=971 width=121)
	        Recheck Cond: ((id >= 1920413) AND (id <= 1921412))
	        ->  Bitmap Index Scan on sbtest3_pkey  (cost=0.00..22.14 rows=971 width=0)
	              Index Cond: ((id >= 1920413) AND (id <= 1921412))

table 4 : explain SELECT c FROM sbtest4 WHERE id BETWEEN 8513521 AND 8514520 ORDER BY c
	Sort  (cost=4426.31..4429.15 rows=1135 width=121)
	  Sort Key: c
	  ->  Bitmap Heap Scan on sbtest4  (cost=28.07..4368.72 rows=1135 width=121)
	        Recheck Cond: ((id >= 8513521) AND (id <= 8514520))
	        ->  Bitmap Index Scan on sbtest4_pkey  (cost=0.00..27.79 rows=1135 width=0)
	              Index Cond: ((id >= 8513521) AND (id <= 8514520))

table 5 : explain SELECT c FROM sbtest5 WHERE id BETWEEN 1079650 AND 1080649 ORDER BY c
	Sort  (cost=3715.97..3718.34 rows=949 width=121)
	  Sort Key: c
	  ->  Bitmap Heap Scan on sbtest5  (cost=22.16..3669.04 rows=949 width=121)
	        Recheck Cond: ((id >= 1079650) AND (id <= 1080649))
	        ->  Bitmap Index Scan on sbtest5_pkey  (cost=0.00..21.93 rows=949 width=0)
	              Index Cond: ((id >= 1079650) AND (id <= 1080649))

table 6 : explain SELECT c FROM sbtest6 WHERE id BETWEEN 7644018 AND 7645017 ORDER BY c
	Sort  (cost=4518.70..4521.60 rows=1159 width=121)
	  Sort Key: c
	  ->  Bitmap Heap Scan on sbtest6  (cost=28.31..4459.72 rows=1159 width=121)
	        Recheck Cond: ((id >= 7644018) AND (id <= 7645017))
	        ->  Bitmap Index Scan on sbtest6_pkey  (cost=0.00..28.02 rows=1159 width=0)
	              Index Cond: ((id >= 7644018) AND (id <= 7645017))

table 7 : explain SELECT c FROM sbtest7 WHERE id BETWEEN 8653043 AND 8654042 ORDER BY c
	Sort  (cost=3636.10..3638.42 rows=928 width=121)
	  Sort Key: c
	  ->  Bitmap Heap Scan on sbtest7  (cost=21.95..3590.36 rows=928 width=121)
	        Recheck Cond: ((id >= 8653043) AND (id <= 8654042))
	        ->  Bitmap Index Scan on sbtest7_pkey  (cost=0.00..21.71 rows=928 width=0)
	              Index Cond: ((id >= 8653043) AND (id <= 8654042))

table 8 : explain SELECT c FROM sbtest8 WHERE id BETWEEN 6852693 AND 6853692 ORDER BY c
	Sort  (cost=4213.77..4216.46 rows=1078 width=121)
	  Sort Key: c
	  ->  Bitmap Heap Scan on sbtest8  (cost=27.48..4159.47 rows=1078 width=121)
	        Recheck Cond: ((id >= 6852693) AND (id <= 6853692))
	        ->  Bitmap Index Scan on sbtest8_pkey  (cost=0.00..27.21 rows=1078 width=0)
	              Index Cond: ((id >= 6852693) AND (id <= 6853692))

for: order_ranges
table 1 : explain SELECT c FROM sbtest1 WHERE id BETWEEN 576498 AND 577497 ORDER BY c
	Sort  (cost=3909.04..3911.54 rows=1000 width=121)
	  Sort Key: c
	  ->  Bitmap Heap Scan on sbtest1  (cost=22.68..3859.21 rows=1000 width=121)
	        Recheck Cond: ((id >= 576498) AND (id <= 577497))
	        ->  Bitmap Index Scan on sbtest1_pkey  (cost=0.00..22.43 rows=1000 width=0)
	              Index Cond: ((id >= 576498) AND (id <= 577497))

table 2 : explain SELECT c FROM sbtest2 WHERE id BETWEEN 2787208 AND 2788207 ORDER BY c
	Sort  (cost=3699.67..3702.03 rows=945 width=121)
	  Sort Key: c
	  ->  Bitmap Heap Scan on sbtest2  (cost=22.12..3652.96 rows=945 width=121)
	        Recheck Cond: ((id >= 2787208) AND (id <= 2788207))
	        ->  Bitmap Index Scan on sbtest2_pkey  (cost=0.00..21.89 rows=945 width=0)
	              Index Cond: ((id >= 2787208) AND (id <= 2788207))

table 3 : explain SELECT c FROM sbtest3 WHERE id BETWEEN 3900854 AND 3901853 ORDER BY c
	Sort  (cost=4089.69..4092.31 rows=1047 width=121)
	  Sort Key: c
	  ->  Bitmap Heap Scan on sbtest3  (cost=23.17..4037.18 rows=1047 width=121)
	        Recheck Cond: ((id >= 3900854) AND (id <= 3901853))
	        ->  Bitmap Index Scan on sbtest3_pkey  (cost=0.00..22.90 rows=1047 width=0)
	              Index Cond: ((id >= 3900854) AND (id <= 3901853))

table 4 : explain SELECT c FROM sbtest4 WHERE id BETWEEN 5213870 AND 5214869 ORDER BY c
	Sort  (cost=3903.35..3905.84 rows=998 width=121)
	  Sort Key: c
	  ->  Bitmap Heap Scan on sbtest4  (cost=22.66..3853.63 rows=998 width=121)
	        Recheck Cond: ((id >= 5213870) AND (id <= 5214869))
	        ->  Bitmap Index Scan on sbtest4_pkey  (cost=0.00..22.41 rows=998 width=0)
	              Index Cond: ((id >= 5213870) AND (id <= 5214869))

table 5 : explain SELECT c FROM sbtest5 WHERE id BETWEEN 6466858 AND 6467857 ORDER BY c
	Sort  (cost=3838.46..3840.91 rows=981 width=121)
	  Sort Key: c
	  ->  Bitmap Heap Scan on sbtest5  (cost=22.49..3789.71 rows=981 width=121)
	        Recheck Cond: ((id >= 6466858) AND (id <= 6467857))
	        ->  Bitmap Index Scan on sbtest5_pkey  (cost=0.00..22.25 rows=981 width=0)
	              Index Cond: ((id >= 6466858) AND (id <= 6467857))

table 6 : explain SELECT c FROM sbtest6 WHERE id BETWEEN 8002180 AND 8003179 ORDER BY c
	Sort  (cost=4007.41..4009.97 rows=1025 width=121)
	  Sort Key: c
	  ->  Bitmap Heap Scan on sbtest6  (cost=22.94..3956.15 rows=1025 width=121)
	        Recheck Cond: ((id >= 8002180) AND (id <= 8003179))
	        ->  Bitmap Index Scan on sbtest6_pkey  (cost=0.00..22.68 rows=1025 width=0)
	              Index Cond: ((id >= 8002180) AND (id <= 8003179))

table 7 : explain SELECT c FROM sbtest7 WHERE id BETWEEN 6324505 AND 6325504 ORDER BY c
	Sort  (cost=3674.43..3676.78 rows=938 width=121)
	  Sort Key: c
	  ->  Bitmap Heap Scan on sbtest7  (cost=22.05..3628.13 rows=938 width=121)
	        Recheck Cond: ((id >= 6324505) AND (id <= 6325504))
	        ->  Bitmap Index Scan on sbtest7_pkey  (cost=0.00..21.82 rows=938 width=0)
	              Index Cond: ((id >= 6324505) AND (id <= 6325504))

table 8 : explain SELECT c FROM sbtest8 WHERE id BETWEEN 6292027 AND 6293026 ORDER BY c
	Sort  (cost=3697.46..3699.82 rows=944 width=121)
	  Sort Key: c
	  ->  Bitmap Heap Scan on sbtest8  (cost=22.11..3650.81 rows=944 width=121)
	        Recheck Cond: ((id >= 6292027) AND (id <= 6293026))
	        ->  Bitmap Index Scan on sbtest8_pkey  (cost=0.00..21.87 rows=944 width=0)
	              Index Cond: ((id >= 6292027) AND (id <= 6293026))

for: distinct_ranges
table 1 : explain SELECT DISTINCT c FROM sbtest1 WHERE id BETWEEN 5430278 AND 5431277 ORDER BY c
	Unique  (cost=3802.02..3806.88 rows=972 width=121)
	  ->  Sort  (cost=3802.02..3804.45 rows=972 width=121)
	        Sort Key: c
	        ->  Bitmap Heap Scan on sbtest1  (cost=22.40..3753.79 rows=972 width=121)
	              Recheck Cond: ((id >= 5430278) AND (id <= 5431277))
	              ->  Bitmap Index Scan on sbtest1_pkey  (cost=0.00..22.15 rows=972 width=0)
	                    Index Cond: ((id >= 5430278) AND (id <= 5431277))

table 2 : explain SELECT DISTINCT c FROM sbtest2 WHERE id BETWEEN 6544971 AND 6545970 ORDER BY c
	Unique  (cost=4203.98..4209.36 rows=1077 width=121)
	  ->  Sort  (cost=4203.98..4206.67 rows=1077 width=121)
	        Sort Key: c
	        ->  Bitmap Heap Scan on sbtest2  (cost=23.47..4149.74 rows=1077 width=121)
	              Recheck Cond: ((id >= 6544971) AND (id <= 6545970))
	              ->  Bitmap Index Scan on sbtest2_pkey  (cost=0.00..23.20 rows=1077 width=0)
	                    Index Cond: ((id >= 6544971) AND (id <= 6545970))

table 3 : explain SELECT DISTINCT c FROM sbtest3 WHERE id BETWEEN 6979119 AND 6980118 ORDER BY c
	Unique  (cost=3638.51..3643.16 rows=929 width=121)
	  ->  Sort  (cost=3638.51..3640.84 rows=929 width=121)
	        Sort Key: c
	        ->  Bitmap Heap Scan on sbtest3  (cost=21.96..3592.72 rows=929 width=121)
	              Recheck Cond: ((id >= 6979119) AND (id <= 6980118))
	              ->  Bitmap Index Scan on sbtest3_pkey  (cost=0.00..21.72 rows=929 width=0)
	                    Index Cond: ((id >= 6979119) AND (id <= 6980118))

table 4 : explain SELECT DISTINCT c FROM sbtest4 WHERE id BETWEEN 8054946 AND 8055945 ORDER BY c
	Unique  (cost=3953.04..3958.10 rows=1011 width=121)
	  ->  Sort  (cost=3953.04..3955.57 rows=1011 width=121)
	        Sort Key: c
	        ->  Bitmap Heap Scan on sbtest4  (cost=22.80..3902.58 rows=1011 width=121)
	              Recheck Cond: ((id >= 8054946) AND (id <= 8055945))
	              ->  Bitmap Index Scan on sbtest4_pkey  (cost=0.00..22.54 rows=1011 width=0)
	                    Index Cond: ((id >= 8054946) AND (id <= 8055945))

table 5 : explain SELECT DISTINCT c FROM sbtest5 WHERE id BETWEEN 2038615 AND 2039614 ORDER BY c
	Unique  (cost=3616.35..3620.97 rows=923 width=121)
	  ->  Sort  (cost=3616.35..3618.66 rows=923 width=121)
	        Sort Key: c
	        ->  Bitmap Heap Scan on sbtest5  (cost=21.90..3570.90 rows=923 width=121)
	              Recheck Cond: ((id >= 2038615) AND (id <= 2039614))
	              ->  Bitmap Index Scan on sbtest5_pkey  (cost=0.00..21.66 rows=923 width=0)
	                    Index Cond: ((id >= 2038615) AND (id <= 2039614))

table 6 : explain SELECT DISTINCT c FROM sbtest6 WHERE id BETWEEN 390750 AND 391749 ORDER BY c
	Unique  (cost=3632.31..3636.95 rows=927 width=121)
	  ->  Sort  (cost=3632.31..3634.63 rows=927 width=121)
	        Sort Key: c
	        ->  Bitmap Heap Scan on sbtest6  (cost=21.94..3586.63 rows=927 width=121)
	              Recheck Cond: ((id >= 390750) AND (id <= 391749))
	              ->  Bitmap Index Scan on sbtest6_pkey  (cost=0.00..21.70 rows=927 width=0)
	                    Index Cond: ((id >= 390750) AND (id <= 391749))

table 7 : explain SELECT DISTINCT c FROM sbtest7 WHERE id BETWEEN 6309027 AND 6310026 ORDER BY c
	Unique  (cost=3674.43..3679.12 rows=938 width=121)
	  ->  Sort  (cost=3674.43..3676.78 rows=938 width=121)
	        Sort Key: c
	        ->  Bitmap Heap Scan on sbtest7  (cost=22.05..3628.13 rows=938 width=121)
	              Recheck Cond: ((id >= 6309027) AND (id <= 6310026))
	              ->  Bitmap Index Scan on sbtest7_pkey  (cost=0.00..21.82 rows=938 width=0)
	                    Index Cond: ((id >= 6309027) AND (id <= 6310026))

table 8 : explain SELECT DISTINCT c FROM sbtest8 WHERE id BETWEEN 7423556 AND 7424555 ORDER BY c
	Unique  (cost=3976.82..3981.91 rows=1017 width=121)
	  ->  Sort  (cost=3976.82..3979.36 rows=1017 width=121)
	        Sort Key: c
	        ->  Bitmap Heap Scan on sbtest8  (cost=22.86..3926.02 rows=1017 width=121)
	              Recheck Cond: ((id >= 7423556) AND (id <= 7424555))
	              ->  Bitmap Index Scan on sbtest8_pkey  (cost=0.00..22.61 rows=1017 width=0)
	                    Index Cond: ((id >= 7423556) AND (id <= 7424555))

for: order_ranges
table 1 : explain SELECT c FROM sbtest1 WHERE id BETWEEN 4971088 AND 4972087 ORDER BY c
	Sort  (cost=3729.35..3731.73 rows=953 width=121)
	  Sort Key: c
	  ->  Bitmap Heap Scan on sbtest1  (cost=22.20..3682.19 rows=953 width=121)
	        Recheck Cond: ((id >= 4971088) AND (id <= 4972087))
	        ->  Bitmap Index Scan on sbtest1_pkey  (cost=0.00..21.96 rows=953 width=0)
	              Index Cond: ((id >= 4971088) AND (id <= 4972087))

table 2 : explain SELECT c FROM sbtest2 WHERE id BETWEEN 3481583 AND 3482582 ORDER BY c
	Sort  (cost=3894.77..3897.26 rows=996 width=121)
	  Sort Key: c
	  ->  Bitmap Heap Scan on sbtest2  (cost=22.64..3845.17 rows=996 width=121)
	        Recheck Cond: ((id >= 3481583) AND (id <= 3482582))
	        ->  Bitmap Index Scan on sbtest2_pkey  (cost=0.00..22.39 rows=996 width=0)
	              Index Cond: ((id >= 3481583) AND (id <= 3482582))

table 3 : explain SELECT c FROM sbtest3 WHERE id BETWEEN 7633062 AND 7634061 ORDER BY c
	Sort  (cost=3833.73..3836.18 rows=980 width=121)
	  Sort Key: c
	  ->  Bitmap Heap Scan on sbtest3  (cost=22.48..3785.04 rows=980 width=121)
	        Recheck Cond: ((id >= 7633062) AND (id <= 7634061))
	        ->  Bitmap Index Scan on sbtest3_pkey  (cost=0.00..22.23 rows=980 width=0)
	              Index Cond: ((id >= 7633062) AND (id <= 7634061))

table 4 : explain SELECT c FROM sbtest4 WHERE id BETWEEN 5999766 AND 6000765 ORDER BY c
	Sort  (cost=4048.55..4051.14 rows=1036 width=121)
	  Sort Key: c
	  ->  Bitmap Heap Scan on sbtest4  (cost=23.05..3996.66 rows=1036 width=121)
	        Recheck Cond: ((id >= 5999766) AND (id <= 6000765))
	        ->  Bitmap Index Scan on sbtest4_pkey  (cost=0.00..22.79 rows=1036 width=0)
	              Index Cond: ((id >= 5999766) AND (id <= 6000765))

table 5 : explain SELECT c FROM sbtest5 WHERE id BETWEEN 233111 AND 234110 ORDER BY c
	Sort  (cost=3819.33..3821.77 rows=976 width=121)
	  Sort Key: c
	  ->  Bitmap Heap Scan on sbtest5  (cost=22.44..3770.87 rows=976 width=121)
	        Recheck Cond: ((id >= 233111) AND (id <= 234110))
	        ->  Bitmap Index Scan on sbtest5_pkey  (cost=0.00..22.19 rows=976 width=0)
	              Index Cond: ((id >= 233111) AND (id <= 234110))

table 6 : explain SELECT c FROM sbtest6 WHERE id BETWEEN 883045 AND 884044 ORDER BY c
	Sort  (cost=3896.53..3899.02 rows=996 width=121)
	  Sort Key: c
	  ->  Bitmap Heap Scan on sbtest6  (cost=22.64..3846.93 rows=996 width=121)
	        Recheck Cond: ((id >= 883045) AND (id <= 884044))
	        ->  Bitmap Index Scan on sbtest6_pkey  (cost=0.00..22.39 rows=996 width=0)
	              Index Cond: ((id >= 883045) AND (id <= 884044))

table 7 : explain SELECT c FROM sbtest7 WHERE id BETWEEN 3448167 AND 3449166 ORDER BY c
	Sort  (cost=3613.10..3615.41 rows=922 width=121)
	  Sort Key: c
	  ->  Bitmap Heap Scan on sbtest7  (cost=21.89..3567.70 rows=922 width=121)
	        Recheck Cond: ((id >= 3448167) AND (id <= 3449166))
	        ->  Bitmap Index Scan on sbtest7_pkey  (cost=0.00..21.65 rows=922 width=0)
	              Index Cond: ((id >= 3448167) AND (id <= 3449166))

table 8 : explain SELECT c FROM sbtest8 WHERE id BETWEEN 9446372 AND 9447371 ORDER BY c
	Sort  (cost=3846.79..3849.25 rows=983 width=121)
	  Sort Key: c
	  ->  Bitmap Heap Scan on sbtest8  (cost=22.51..3797.93 rows=983 width=121)
	        Recheck Cond: ((id >= 9446372) AND (id <= 9447371))
	        ->  Bitmap Index Scan on sbtest8_pkey  (cost=0.00..22.26 rows=983 width=0)
	              Index Cond: ((id >= 9446372) AND (id <= 9447371))

for: order_ranges
table 1 : explain SELECT c FROM sbtest1 WHERE id BETWEEN 89631 AND 90630 ORDER BY c
	Sort  (cost=3970.15..3972.69 rows=1016 width=121)
	  Sort Key: c
	  ->  Bitmap Heap Scan on sbtest1  (cost=22.85..3919.41 rows=1016 width=121)
	        Recheck Cond: ((id >= 89631) AND (id <= 90630))
	        ->  Bitmap Index Scan on sbtest1_pkey  (cost=0.00..22.59 rows=1016 width=0)
	              Index Cond: ((id >= 89631) AND (id <= 90630))

table 2 : explain SELECT c FROM sbtest2 WHERE id BETWEEN 9211329 AND 9212328 ORDER BY c
	Sort  (cost=3925.34..3927.85 rows=1004 width=121)
	  Sort Key: c
	  ->  Bitmap Heap Scan on sbtest2  (cost=22.73..3875.29 rows=1004 width=121)
	        Recheck Cond: ((id >= 9211329) AND (id <= 9212328))
	        ->  Bitmap Index Scan on sbtest2_pkey  (cost=0.00..22.47 rows=1004 width=0)
	              Index Cond: ((id >= 9211329) AND (id <= 9212328))

table 3 : explain SELECT c FROM sbtest3 WHERE id BETWEEN 1588274 AND 1589273 ORDER BY c
	Sort  (cost=3944.59..3947.11 rows=1009 width=121)
	  Sort Key: c
	  ->  Bitmap Heap Scan on sbtest3  (cost=22.78..3894.24 rows=1009 width=121)
	        Recheck Cond: ((id >= 1588274) AND (id <= 1589273))
	        ->  Bitmap Index Scan on sbtest3_pkey  (cost=0.00..22.52 rows=1009 width=0)
	              Index Cond: ((id >= 1588274) AND (id <= 1589273))

table 4 : explain SELECT c FROM sbtest4 WHERE id BETWEEN 697292 AND 698291 ORDER BY c
	Sort  (cost=4090.55..4093.17 rows=1047 width=121)
	  Sort Key: c
	  ->  Bitmap Heap Scan on sbtest4  (cost=23.17..4038.03 rows=1047 width=121)
	        Recheck Cond: ((id >= 697292) AND (id <= 698291))
	        ->  Bitmap Index Scan on sbtest4_pkey  (cost=0.00..22.90 rows=1047 width=0)
	              Index Cond: ((id >= 697292) AND (id <= 698291))

table 5 : explain SELECT c FROM sbtest5 WHERE id BETWEEN 7178799 AND 7179798 ORDER BY c
	Sort  (cost=3589.52..3591.81 rows=916 width=121)
	  Sort Key: c
	  ->  Bitmap Heap Scan on sbtest5  (cost=21.82..3544.46 rows=916 width=121)
	        Recheck Cond: ((id >= 7178799) AND (id <= 7179798))
	        ->  Bitmap Index Scan on sbtest5_pkey  (cost=0.00..21.59 rows=916 width=0)
	              Index Cond: ((id >= 7178799) AND (id <= 7179798))

table 6 : explain SELECT c FROM sbtest6 WHERE id BETWEEN 8831349 AND 8832348 ORDER BY c
	Sort  (cost=3858.28..3860.74 rows=986 width=121)
	  Sort Key: c
	  ->  Bitmap Heap Scan on sbtest6  (cost=22.54..3809.24 rows=986 width=121)
	        Recheck Cond: ((id >= 8831349) AND (id <= 8832348))
	        ->  Bitmap Index Scan on sbtest6_pkey  (cost=0.00..22.29 rows=986 width=0)
	              Index Cond: ((id >= 8831349) AND (id <= 8832348))

table 7 : explain SELECT c FROM sbtest7 WHERE id BETWEEN 5726431 AND 5727430 ORDER BY c
	Sort  (cost=3708.92..3711.28 rows=947 width=121)
	  Sort Key: c
	  ->  Bitmap Heap Scan on sbtest7  (cost=22.14..3662.10 rows=947 width=121)
	        Recheck Cond: ((id >= 5726431) AND (id <= 5727430))
	        ->  Bitmap Index Scan on sbtest7_pkey  (cost=0.00..21.90 rows=947 width=0)
	              Index Cond: ((id >= 5726431) AND (id <= 5727430))

table 8 : explain SELECT c FROM sbtest8 WHERE id BETWEEN 1826560 AND 1827559 ORDER BY c
	Sort  (cost=4213.77..4216.46 rows=1078 width=121)
	  Sort Key: c
	  ->  Bitmap Heap Scan on sbtest8  (cost=27.48..4159.47 rows=1078 width=121)
	        Recheck Cond: ((id >= 1826560) AND (id <= 1827559))
	        ->  Bitmap Index Scan on sbtest8_pkey  (cost=0.00..27.21 rows=1078 width=0)
	              Index Cond: ((id >= 1826560) AND (id <= 1827559))

for: simple_ranges
table 1 : explain SELECT c FROM sbtest1 WHERE id BETWEEN 8945238 AND 8946237
	Bitmap Heap Scan on sbtest1  (cost=23.21..4050.97 rows=1051 width=121)
	  Recheck Cond: ((id >= 8945238) AND (id <= 8946237))
	  ->  Bitmap Index Scan on sbtest1_pkey  (cost=0.00..22.94 rows=1051 width=0)
	        Index Cond: ((id >= 8945238) AND (id <= 8946237))

table 2 : explain SELECT c FROM sbtest2 WHERE id BETWEEN 4493707 AND 4494706
	Bitmap Heap Scan on sbtest2  (cost=22.62..3837.64 rows=994 width=121)
	  Recheck Cond: ((id >= 4493707) AND (id <= 4494706))
	  ->  Bitmap Index Scan on sbtest2_pkey  (cost=0.00..22.37 rows=994 width=0)
	        Index Cond: ((id >= 4493707) AND (id <= 4494706))

table 3 : explain SELECT c FROM sbtest3 WHERE id BETWEEN 8879394 AND 8880393
	Bitmap Heap Scan on sbtest3  (cost=28.14..4393.99 rows=1142 width=121)
	  Recheck Cond: ((id >= 8879394) AND (id <= 8880393))
	  ->  Bitmap Index Scan on sbtest3_pkey  (cost=0.00..27.86 rows=1142 width=0)
	        Index Cond: ((id >= 8879394) AND (id <= 8880393))

table 4 : explain SELECT c FROM sbtest4 WHERE id BETWEEN 3247087 AND 3248086
	Bitmap Heap Scan on sbtest4  (cost=21.64..3476.32 rows=898 width=121)
	  Recheck Cond: ((id >= 3247087) AND (id <= 3248086))
	  ->  Bitmap Index Scan on sbtest4_pkey  (cost=0.00..21.41 rows=898 width=0)
	        Index Cond: ((id >= 3247087) AND (id <= 3248086))

table 5 : explain SELECT c FROM sbtest5 WHERE id BETWEEN 549358 AND 550357
	Bitmap Heap Scan on sbtest5  (cost=23.02..3985.52 rows=1033 width=121)
	  Recheck Cond: ((id >= 549358) AND (id <= 550357))
	  ->  Bitmap Index Scan on sbtest5_pkey  (cost=0.00..22.76 rows=1033 width=0)
	        Index Cond: ((id >= 549358) AND (id <= 550357))

table 6 : explain SELECT c FROM sbtest6 WHERE id BETWEEN 664108 AND 665107
	Bitmap Heap Scan on sbtest6  (cost=22.26..3707.43 rows=959 width=121)
	  Recheck Cond: ((id >= 664108) AND (id <= 665107))
	  ->  Bitmap Index Scan on sbtest6_pkey  (cost=0.00..22.02 rows=959 width=0)
	        Index Cond: ((id >= 664108) AND (id <= 665107))

table 7 : explain SELECT c FROM sbtest7 WHERE id BETWEEN 534736 AND 535735
	Bitmap Heap Scan on sbtest7  (cost=22.58..3824.27 rows=990 width=121)
	  Recheck Cond: ((id >= 534736) AND (id <= 535735))
	  ->  Bitmap Index Scan on sbtest7_pkey  (cost=0.00..22.33 rows=990 width=0)
	        Index Cond: ((id >= 534736) AND (id <= 535735))

table 8 : explain SELECT c FROM sbtest8 WHERE id BETWEEN 6769715 AND 6770714
	Bitmap Heap Scan on sbtest8  (cost=22.55..3813.01 rows=987 width=121)
	  Recheck Cond: ((id >= 6769715) AND (id <= 6770714))
	  ->  Bitmap Index Scan on sbtest8_pkey  (cost=0.00..22.30 rows=987 width=0)
	        Index Cond: ((id >= 6769715) AND (id <= 6770714))

for: order_ranges
table 1 : explain SELECT c FROM sbtest1 WHERE id BETWEEN 3545017 AND 3546016 ORDER BY c
	Sort  (cost=3691.08..3693.43 rows=943 width=121)
	  Sort Key: c
	  ->  Bitmap Heap Scan on sbtest1  (cost=22.10..3644.49 rows=943 width=121)
	        Recheck Cond: ((id >= 3545017) AND (id <= 3546016))
	        ->  Bitmap Index Scan on sbtest1_pkey  (cost=0.00..21.86 rows=943 width=0)
	              Index Cond: ((id >= 3545017) AND (id <= 3546016))

table 2 : explain SELECT c FROM sbtest2 WHERE id BETWEEN 8943482 AND 8944481 ORDER BY c
	Sort  (cost=4028.47..4031.05 rows=1031 width=121)
	  Sort Key: c
	  ->  Bitmap Heap Scan on sbtest2  (cost=23.00..3976.87 rows=1031 width=121)
	        Recheck Cond: ((id >= 8943482) AND (id <= 8944481))
	        ->  Bitmap Index Scan on sbtest2_pkey  (cost=0.00..22.75 rows=1031 width=0)
	              Index Cond: ((id >= 8943482) AND (id <= 8944481))

table 3 : explain SELECT c FROM sbtest3 WHERE id BETWEEN 5846468 AND 5847467 ORDER BY c
	Sort  (cost=4036.25..4038.84 rows=1033 width=121)
	  Sort Key: c
	  ->  Bitmap Heap Scan on sbtest3  (cost=23.02..3984.54 rows=1033 width=121)
	        Recheck Cond: ((id >= 5846468) AND (id <= 5847467))
	        ->  Bitmap Index Scan on sbtest3_pkey  (cost=0.00..22.76 rows=1033 width=0)
	              Index Cond: ((id >= 5846468) AND (id <= 5847467))

table 4 : explain SELECT c FROM sbtest4 WHERE id BETWEEN 4824483 AND 4825482 ORDER BY c
	Sort  (cost=3765.62..3768.02 rows=962 width=121)
	  Sort Key: c
	  ->  Bitmap Heap Scan on sbtest4  (cost=22.30..3717.95 rows=962 width=121)
	        Recheck Cond: ((id >= 4824483) AND (id <= 4825482))
	        ->  Bitmap Index Scan on sbtest4_pkey  (cost=0.00..22.05 rows=962 width=0)
	              Index Cond: ((id >= 4824483) AND (id <= 4825482))

table 5 : explain SELECT c FROM sbtest5 WHERE id BETWEEN 7233406 AND 7234405 ORDER BY c
	Sort  (cost=3983.75..3986.30 rows=1019 width=121)
	  Sort Key: c
	  ->  Bitmap Heap Scan on sbtest5  (cost=22.88..3932.84 rows=1019 width=121)
	        Recheck Cond: ((id >= 7233406) AND (id <= 7234405))
	        ->  Bitmap Index Scan on sbtest5_pkey  (cost=0.00..22.62 rows=1019 width=0)
	              Index Cond: ((id >= 7233406) AND (id <= 7234405))

table 6 : explain SELECT c FROM sbtest6 WHERE id BETWEEN 2560353 AND 2561352 ORDER BY c
	Sort  (cost=4079.99..4082.60 rows=1044 width=121)
	  Sort Key: c
	  ->  Bitmap Heap Scan on sbtest6  (cost=23.14..4027.65 rows=1044 width=121)
	        Recheck Cond: ((id >= 2560353) AND (id <= 2561352))
	        ->  Bitmap Index Scan on sbtest6_pkey  (cost=0.00..22.87 rows=1044 width=0)
	              Index Cond: ((id >= 2560353) AND (id <= 2561352))

table 7 : explain SELECT c FROM sbtest7 WHERE id BETWEEN 3647858 AND 3648857 ORDER BY c
	Sort  (cost=4110.49..4113.12 rows=1052 width=121)
	  Sort Key: c
	  ->  Bitmap Heap Scan on sbtest7  (cost=23.22..4057.69 rows=1052 width=121)
	        Recheck Cond: ((id >= 3647858) AND (id <= 3648857))
	        ->  Bitmap Index Scan on sbtest7_pkey  (cost=0.00..22.95 rows=1052 width=0)
	              Index Cond: ((id >= 3647858) AND (id <= 3648857))

table 8 : explain SELECT c FROM sbtest8 WHERE id BETWEEN 3368169 AND 3369168 ORDER BY c
	Sort  (cost=3777.89..3780.30 rows=965 width=121)
	  Sort Key: c
	  ->  Bitmap Heap Scan on sbtest8  (cost=22.33..3730.05 rows=965 width=121)
	        Recheck Cond: ((id >= 3368169) AND (id <= 3369168))
	        ->  Bitmap Index Scan on sbtest8_pkey  (cost=0.00..22.08 rows=965 width=0)
	              Index Cond: ((id >= 3368169) AND (id <= 3369168))

for: distinct_ranges
table 1 : explain SELECT DISTINCT c FROM sbtest1 WHERE id BETWEEN 4743930 AND 4744929 ORDER BY c
	Unique  (cost=3977.78..3982.87 rows=1018 width=121)
	  ->  Sort  (cost=3977.78..3980.33 rows=1018 width=121)
	        Sort Key: c
	        ->  Bitmap Heap Scan on sbtest1  (cost=22.87..3926.93 rows=1018 width=121)
	              Recheck Cond: ((id >= 4743930) AND (id <= 4744929))
	              ->  Bitmap Index Scan on sbtest1_pkey  (cost=0.00..22.61 rows=1018 width=0)
	                    Index Cond: ((id >= 4743930) AND (id <= 4744929))

table 2 : explain SELECT DISTINCT c FROM sbtest2 WHERE id BETWEEN 9301612 AND 9302611 ORDER BY c
	Unique  (cost=4173.47..4178.82 rows=1069 width=121)
	  ->  Sort  (cost=4173.47..4176.15 rows=1069 width=121)
	        Sort Key: c
	        ->  Bitmap Heap Scan on sbtest2  (cost=23.39..4119.69 rows=1069 width=121)
	              Recheck Cond: ((id >= 9301612) AND (id <= 9302611))
	              ->  Bitmap Index Scan on sbtest2_pkey  (cost=0.00..23.12 rows=1069 width=0)
	                    Index Cond: ((id >= 9301612) AND (id <= 9302611))

table 3 : explain SELECT DISTINCT c FROM sbtest3 WHERE id BETWEEN 7666189 AND 7667188 ORDER BY c
	Unique  (cost=3833.73..3838.63 rows=980 width=121)
	  ->  Sort  (cost=3833.73..3836.18 rows=980 width=121)
	        Sort Key: c
	        ->  Bitmap Heap Scan on sbtest3  (cost=22.48..3785.04 rows=980 width=121)
	              Recheck Cond: ((id >= 7666189) AND (id <= 7667188))
	              ->  Bitmap Index Scan on sbtest3_pkey  (cost=0.00..22.23 rows=980 width=0)
	                    Index Cond: ((id >= 7666189) AND (id <= 7667188))

table 4 : explain SELECT DISTINCT c FROM sbtest4 WHERE id BETWEEN 9143142 AND 9144141 ORDER BY c
	Unique  (cost=3811.55..3816.42 rows=974 width=121)
	  ->  Sort  (cost=3811.55..3813.98 rows=974 width=121)
	        Sort Key: c
	        ->  Bitmap Heap Scan on sbtest4  (cost=22.42..3763.20 rows=974 width=121)
	              Recheck Cond: ((id >= 9143142) AND (id <= 9144141))
	              ->  Bitmap Index Scan on sbtest4_pkey  (cost=0.00..22.18 rows=974 width=0)
	                    Index Cond: ((id >= 9143142) AND (id <= 9144141))

table 5 : explain SELECT DISTINCT c FROM sbtest5 WHERE id BETWEEN 9813148 AND 9814147 ORDER BY c
	Unique  (cost=4121.23..4126.51 rows=1055 width=121)
	  ->  Sort  (cost=4121.23..4123.87 rows=1055 width=121)
	        Sort Key: c
	        ->  Bitmap Heap Scan on sbtest5  (cost=23.25..4068.26 rows=1055 width=121)
	              Recheck Cond: ((id >= 9813148) AND (id <= 9814147))
	              ->  Bitmap Index Scan on sbtest5_pkey  (cost=0.00..22.98 rows=1055 width=0)
	                    Index Cond: ((id >= 9813148) AND (id <= 9814147))

table 6 : explain SELECT DISTINCT c FROM sbtest6 WHERE id BETWEEN 4531645 AND 4532644 ORDER BY c
	Unique  (cost=3869.75..3874.70 rows=989 width=121)
	  ->  Sort  (cost=3869.75..3872.23 rows=989 width=121)
	        Sort Key: c
	        ->  Bitmap Heap Scan on sbtest6  (cost=22.57..3820.55 rows=989 width=121)
	              Recheck Cond: ((id >= 4531645) AND (id <= 4532644))
	              ->  Bitmap Index Scan on sbtest6_pkey  (cost=0.00..22.32 rows=989 width=0)
	                    Index Cond: ((id >= 4531645) AND (id <= 4532644))

table 7 : explain SELECT DISTINCT c FROM sbtest7 WHERE id BETWEEN 6027837 AND 6028836 ORDER BY c
	Unique  (cost=3999.71..4004.83 rows=1023 width=121)
	  ->  Sort  (cost=3999.71..4002.27 rows=1023 width=121)
	        Sort Key: c
	        ->  Bitmap Heap Scan on sbtest7  (cost=22.92..3948.57 rows=1023 width=121)
	              Recheck Cond: ((id >= 6027837) AND (id <= 6028836))
	              ->  Bitmap Index Scan on sbtest7_pkey  (cost=0.00..22.66 rows=1023 width=0)
	                    Index Cond: ((id >= 6027837) AND (id <= 6028836))

table 8 : explain SELECT DISTINCT c FROM sbtest8 WHERE id BETWEEN 8673090 AND 8674089 ORDER BY c
	Unique  (cost=4431.12..4436.80 rows=1136 width=121)
	  ->  Sort  (cost=4431.12..4433.96 rows=1136 width=121)
	        Sort Key: c
	        ->  Bitmap Heap Scan on sbtest8  (cost=28.08..4373.47 rows=1136 width=121)
	              Recheck Cond: ((id >= 8673090) AND (id <= 8674089))
	              ->  Bitmap Index Scan on sbtest8_pkey  (cost=0.00..27.79 rows=1136 width=0)
	                    Index Cond: ((id >= 8673090) AND (id <= 8674089))

for: distinct_ranges
table 1 : explain SELECT DISTINCT c FROM sbtest1 WHERE id BETWEEN 10770 AND 11769 ORDER BY c
	Unique  (cost=3970.15..3975.23 rows=1016 width=121)
	  ->  Sort  (cost=3970.15..3972.69 rows=1016 width=121)
	        Sort Key: c
	        ->  Bitmap Heap Scan on sbtest1  (cost=22.85..3919.41 rows=1016 width=121)
	              Recheck Cond: ((id >= 10770) AND (id <= 11769))
	              ->  Bitmap Index Scan on sbtest1_pkey  (cost=0.00..22.59 rows=1016 width=0)
	                    Index Cond: ((id >= 10770) AND (id <= 11769))

table 2 : explain SELECT DISTINCT c FROM sbtest2 WHERE id BETWEEN 8330717 AND 8331716 ORDER BY c
	Unique  (cost=3841.24..3846.15 rows=982 width=121)
	  ->  Sort  (cost=3841.24..3843.70 rows=982 width=121)
	        Sort Key: c
	        ->  Bitmap Heap Scan on sbtest2  (cost=22.50..3792.44 rows=982 width=121)
	              Recheck Cond: ((id >= 8330717) AND (id <= 8331716))
	              ->  Bitmap Index Scan on sbtest2_pkey  (cost=0.00..22.25 rows=982 width=0)
	                    Index Cond: ((id >= 8330717) AND (id <= 8331716))

table 3 : explain SELECT DISTINCT c FROM sbtest3 WHERE id BETWEEN 2120046 AND 2121045 ORDER BY c
	Unique  (cost=3581.04..3585.61 rows=914 width=121)
	  ->  Sort  (cost=3581.04..3583.32 rows=914 width=121)
	        Sort Key: c
	        ->  Bitmap Heap Scan on sbtest3  (cost=21.80..3536.08 rows=914 width=121)
	              Recheck Cond: ((id >= 2120046) AND (id <= 2121045))
	              ->  Bitmap Index Scan on sbtest3_pkey  (cost=0.00..21.57 rows=914 width=0)
	                    Index Cond: ((id >= 2120046) AND (id <= 2121045))

table 4 : explain SELECT DISTINCT c FROM sbtest4 WHERE id BETWEEN 3507997 AND 3508996 ORDER BY c
	Unique  (cost=4002.71..4007.83 rows=1024 width=121)
	  ->  Sort  (cost=4002.71..4005.27 rows=1024 width=121)
	        Sort Key: c
	        ->  Bitmap Heap Scan on sbtest4  (cost=22.93..3951.51 rows=1024 width=121)
	              Recheck Cond: ((id >= 3507997) AND (id <= 3508996))
	              ->  Bitmap Index Scan on sbtest4_pkey  (cost=0.00..22.68 rows=1024 width=0)
	                    Index Cond: ((id >= 3507997) AND (id <= 3508996))

table 5 : explain SELECT DISTINCT c FROM sbtest5 WHERE id BETWEEN 1539340 AND 1540339 ORDER BY c
	Unique  (cost=3999.03..4004.15 rows=1023 width=121)
	  ->  Sort  (cost=3999.03..4001.59 rows=1023 width=121)
	        Sort Key: c
	        ->  Bitmap Heap Scan on sbtest5  (cost=22.92..3947.89 rows=1023 width=121)
	              Recheck Cond: ((id >= 1539340) AND (id <= 1540339))
	              ->  Bitmap Index Scan on sbtest5_pkey  (cost=0.00..22.66 rows=1023 width=0)
	                    Index Cond: ((id >= 1539340) AND (id <= 1540339))

table 6 : explain SELECT DISTINCT c FROM sbtest6 WHERE id BETWEEN 1054019 AND 1055018 ORDER BY c
	Unique  (cost=3804.70..3809.56 rows=972 width=121)
	  ->  Sort  (cost=3804.70..3807.13 rows=972 width=121)
	        Sort Key: c
	        ->  Bitmap Heap Scan on sbtest6  (cost=22.40..3756.46 rows=972 width=121)
	              Recheck Cond: ((id >= 1054019) AND (id <= 1055018))
	              ->  Bitmap Index Scan on sbtest6_pkey  (cost=0.00..22.15 rows=972 width=0)
	                    Index Cond: ((id >= 1054019) AND (id <= 1055018))

table 7 : explain SELECT DISTINCT c FROM sbtest7 WHERE id BETWEEN 7593 AND 8592 ORDER BY c
	Unique  (cost=3804.65..3809.51 rows=972 width=121)
	  ->  Sort  (cost=3804.65..3807.08 rows=972 width=121)
	        Sort Key: c
	        ->  Bitmap Heap Scan on sbtest7  (cost=22.40..3756.42 rows=972 width=121)
	              Recheck Cond: ((id >= 7593) AND (id <= 8592))
	              ->  Bitmap Index Scan on sbtest7_pkey  (cost=0.00..22.15 rows=972 width=0)
	                    Index Cond: ((id >= 7593) AND (id <= 8592))

table 8 : explain SELECT DISTINCT c FROM sbtest8 WHERE id BETWEEN 6695818 AND 6696817 ORDER BY c
	Unique  (cost=3930.94..3935.97 rows=1005 width=121)
	  ->  Sort  (cost=3930.94..3933.46 rows=1005 width=121)
	        Sort Key: c
	        ->  Bitmap Heap Scan on sbtest8  (cost=22.74..3880.83 rows=1005 width=121)
	              Recheck Cond: ((id >= 6695818) AND (id <= 6696817))
	              ->  Bitmap Index Scan on sbtest8_pkey  (cost=0.00..22.48 rows=1005 width=0)
	                    Index Cond: ((id >= 6695818) AND (id <= 6696817))

for: distinct_ranges
table 1 : explain SELECT DISTINCT c FROM sbtest1 WHERE id BETWEEN 3063622 AND 3064621 ORDER BY c
	Unique  (cost=3706.39..3711.12 rows=947 width=121)
	  ->  Sort  (cost=3706.39..3708.75 rows=947 width=121)
	        Sort Key: c
	        ->  Bitmap Heap Scan on sbtest1  (cost=22.14..3659.57 rows=947 width=121)
	              Recheck Cond: ((id >= 3063622) AND (id <= 3064621))
	              ->  Bitmap Index Scan on sbtest1_pkey  (cost=0.00..21.90 rows=947 width=0)
	                    Index Cond: ((id >= 3063622) AND (id <= 3064621))

table 2 : explain SELECT DISTINCT c FROM sbtest2 WHERE id BETWEEN 847505 AND 848504 ORDER BY c
	Unique  (cost=4059.02..4064.21 rows=1039 width=121)
	  ->  Sort  (cost=4059.02..4061.61 rows=1039 width=121)
	        Sort Key: c
	        ->  Bitmap Heap Scan on sbtest2  (cost=23.08..4006.96 rows=1039 width=121)
	              Recheck Cond: ((id >= 847505) AND (id <= 848504))
	              ->  Bitmap Index Scan on sbtest2_pkey  (cost=0.00..22.82 rows=1039 width=0)
	                    Index Cond: ((id >= 847505) AND (id <= 848504))

table 3 : explain SELECT DISTINCT c FROM sbtest3 WHERE id BETWEEN 3934676 AND 3935675 ORDER BY c
	Unique  (cost=4062.98..4068.18 rows=1040 width=121)
	  ->  Sort  (cost=4062.98..4065.58 rows=1040 width=121)
	        Sort Key: c
	        ->  Bitmap Heap Scan on sbtest3  (cost=23.09..4010.86 rows=1040 width=121)
	              Recheck Cond: ((id >= 3934676) AND (id <= 3935675))
	              ->  Bitmap Index Scan on sbtest3_pkey  (cost=0.00..22.83 rows=1040 width=0)
	                    Index Cond: ((id >= 3934676) AND (id <= 3935675))

table 4 : explain SELECT DISTINCT c FROM sbtest4 WHERE id BETWEEN 103433 AND 104432 ORDER BY c
	Unique  (cost=3389.87..3394.19 rows=864 width=121)
	  ->  Sort  (cost=3389.87..3392.03 rows=864 width=121)
	        Sort Key: c
	        ->  Bitmap Heap Scan on sbtest4  (cost=21.29..3347.73 rows=864 width=121)
	              Recheck Cond: ((id >= 103433) AND (id <= 104432))
	              ->  Bitmap Index Scan on sbtest4_pkey  (cost=0.00..21.07 rows=864 width=0)
	                    Index Cond: ((id >= 103433) AND (id <= 104432))

table 5 : explain SELECT DISTINCT c FROM sbtest5 WHERE id BETWEEN 8868794 AND 8869793 ORDER BY c
	Unique  (cost=3704.48..3709.21 rows=946 width=121)
	  ->  Sort  (cost=3704.48..3706.85 rows=946 width=121)
	        Sort Key: c
	        ->  Bitmap Heap Scan on sbtest5  (cost=22.13..3657.72 rows=946 width=121)
	              Recheck Cond: ((id >= 8868794) AND (id <= 8869793))
	              ->  Bitmap Index Scan on sbtest5_pkey  (cost=0.00..21.89 rows=946 width=0)
	                    Index Cond: ((id >= 8868794) AND (id <= 8869793))

table 6 : explain SELECT DISTINCT c FROM sbtest6 WHERE id BETWEEN 3392288 AND 3393287 ORDER BY c
	Unique  (cost=3881.23..3886.19 rows=992 width=121)
	  ->  Sort  (cost=3881.23..3883.71 rows=992 width=121)
	        Sort Key: c
	        ->  Bitmap Heap Scan on sbtest6  (cost=22.60..3831.86 rows=992 width=121)
	              Recheck Cond: ((id >= 3392288) AND (id <= 3393287))
	              ->  Bitmap Index Scan on sbtest6_pkey  (cost=0.00..22.36 rows=992 width=0)
	                    Index Cond: ((id >= 3392288) AND (id <= 3393287))

table 7 : explain SELECT DISTINCT c FROM sbtest7 WHERE id BETWEEN 2557725 AND 2558724 ORDER BY c
	Unique  (cost=4198.28..4203.65 rows=1075 width=121)
	  ->  Sort  (cost=4198.28..4200.97 rows=1075 width=121)
	        Sort Key: c
	        ->  Bitmap Heap Scan on sbtest7  (cost=23.45..4144.15 rows=1075 width=121)
	              Recheck Cond: ((id >= 2557725) AND (id <= 2558724))
	              ->  Bitmap Index Scan on sbtest7_pkey  (cost=0.00..23.18 rows=1075 width=0)
	                    Index Cond: ((id >= 2557725) AND (id <= 2558724))

table 8 : explain SELECT DISTINCT c FROM sbtest8 WHERE id BETWEEN 5053879 AND 5054878 ORDER BY c
	Unique  (cost=3915.65..3920.65 rows=1001 width=121)
	  ->  Sort  (cost=3915.65..3918.15 rows=1001 width=121)
	        Sort Key: c
	        ->  Bitmap Heap Scan on sbtest8  (cost=22.70..3865.76 rows=1001 width=121)
	              Recheck Cond: ((id >= 5053879) AND (id <= 5054878))
	              ->  Bitmap Index Scan on sbtest8_pkey  (cost=0.00..22.44 rows=1001 width=0)
	                    Index Cond: ((id >= 5053879) AND (id <= 5054878))

for point_selects
table 1 : explain SELECT c FROM sbtest1 WHERE id=3101893
	Index Scan using sbtest1_pkey on sbtest1  (cost=0.43..8.45 rows=1 width=121)
	  Index Cond: (id = 3101893)

table 2 : explain SELECT c FROM sbtest2 WHERE id=5798457
	Index Scan using sbtest2_pkey on sbtest2  (cost=0.43..8.45 rows=1 width=121)
	  Index Cond: (id = 5798457)

table 3 : explain SELECT c FROM sbtest3 WHERE id=1067140
	Index Scan using sbtest3_pkey on sbtest3  (cost=0.43..8.45 rows=1 width=121)
	  Index Cond: (id = 1067140)

table 4 : explain SELECT c FROM sbtest4 WHERE id=3434817
	Index Scan using sbtest4_pkey on sbtest4  (cost=0.43..8.45 rows=1 width=121)
	  Index Cond: (id = 3434817)

table 5 : explain SELECT c FROM sbtest5 WHERE id=3383138
	Index Scan using sbtest5_pkey on sbtest5  (cost=0.43..8.45 rows=1 width=121)
	  Index Cond: (id = 3383138)

table 6 : explain SELECT c FROM sbtest6 WHERE id=6504529
	Index Scan using sbtest6_pkey on sbtest6  (cost=0.43..8.45 rows=1 width=121)
	  Index Cond: (id = 6504529)

table 7 : explain SELECT c FROM sbtest7 WHERE id=5390401
	Index Scan using sbtest7_pkey on sbtest7  (cost=0.43..8.45 rows=1 width=121)
	  Index Cond: (id = 5390401)

table 8 : explain SELECT c FROM sbtest8 WHERE id=6428819
	Index Scan using sbtest8_pkey on sbtest8  (cost=0.43..8.45 rows=1 width=121)
	  Index Cond: (id = 6428819)

explain: for point_selects :: explain SELECT c FROM sbtest%u WHERE id=%u
for: distinct_ranges
table 1 : explain SELECT DISTINCT c FROM sbtest1 WHERE id BETWEEN 522714 AND 523713 ORDER BY c
	Unique  (cost=3909.04..3914.04 rows=1000 width=121)
	  ->  Sort  (cost=3909.04..3911.54 rows=1000 width=121)
	        Sort Key: c
	        ->  Bitmap Heap Scan on sbtest1  (cost=22.68..3859.21 rows=1000 width=121)
	              Recheck Cond: ((id >= 522714) AND (id <= 523713))
	              ->  Bitmap Index Scan on sbtest1_pkey  (cost=0.00..22.43 rows=1000 width=0)
	                    Index Cond: ((id >= 522714) AND (id <= 523713))

table 2 : explain SELECT DISTINCT c FROM sbtest2 WHERE id BETWEEN 9491033 AND 9492032 ORDER BY c
	Unique  (cost=4043.75..4048.92 rows=1035 width=121)
	  ->  Sort  (cost=4043.75..4046.33 rows=1035 width=121)
	        Sort Key: c
	        ->  Bitmap Heap Scan on sbtest2  (cost=23.04..3991.92 rows=1035 width=121)
	              Recheck Cond: ((id >= 9491033) AND (id <= 9492032))
	              ->  Bitmap Index Scan on sbtest2_pkey  (cost=0.00..22.79 rows=1035 width=0)
	                    Index Cond: ((id >= 9491033) AND (id <= 9492032))

table 3 : explain SELECT DISTINCT c FROM sbtest3 WHERE id BETWEEN 3763824 AND 3764823 ORDER BY c
	Unique  (cost=4066.79..4072.00 rows=1041 width=121)
	  ->  Sort  (cost=4066.79..4069.40 rows=1041 width=121)
	        Sort Key: c
	        ->  Bitmap Heap Scan on sbtest3  (cost=23.11..4014.62 rows=1041 width=121)
	              Recheck Cond: ((id >= 3763824) AND (id <= 3764823))
	              ->  Bitmap Index Scan on sbtest3_pkey  (cost=0.00..22.84 rows=1041 width=0)
	                    Index Cond: ((id >= 3763824) AND (id <= 3764823))

table 4 : explain SELECT DISTINCT c FROM sbtest4 WHERE id BETWEEN 8939191 AND 8940190 ORDER BY c
	Unique  (cost=4308.23..4313.75 rows=1104 width=121)
	  ->  Sort  (cost=4308.23..4310.99 rows=1104 width=121)
	        Sort Key: c
	        ->  Bitmap Heap Scan on sbtest4  (cost=27.75..4252.43 rows=1104 width=121)
	              Recheck Cond: ((id >= 8939191) AND (id <= 8940190))
	              ->  Bitmap Index Scan on sbtest4_pkey  (cost=0.00..27.47 rows=1104 width=0)
	                    Index Cond: ((id >= 8939191) AND (id <= 8940190))

table 5 : explain SELECT DISTINCT c FROM sbtest5 WHERE id BETWEEN 3155451 AND 3156450 ORDER BY c
	Unique  (cost=3532.00..3536.50 rows=901 width=121)
	  ->  Sort  (cost=3532.00..3534.25 rows=901 width=121)
	        Sort Key: c
	        ->  Bitmap Heap Scan on sbtest5  (cost=21.67..3487.78 rows=901 width=121)
	              Recheck Cond: ((id >= 3155451) AND (id <= 3156450))
	              ->  Bitmap Index Scan on sbtest5_pkey  (cost=0.00..21.44 rows=901 width=0)
	                    Index Cond: ((id >= 3155451) AND (id <= 3156450))

table 6 : explain SELECT DISTINCT c FROM sbtest6 WHERE id BETWEEN 2253382 AND 2254381 ORDER BY c
	Unique  (cost=4240.29..4245.72 rows=1086 width=121)
	  ->  Sort  (cost=4240.29..4243.01 rows=1086 width=121)
	        Sort Key: c
	        ->  Bitmap Heap Scan on sbtest6  (cost=23.57..4185.53 rows=1086 width=121)
	              Recheck Cond: ((id >= 2253382) AND (id <= 2254381))
	              ->  Bitmap Index Scan on sbtest6_pkey  (cost=0.00..23.29 rows=1086 width=0)
	                    Index Cond: ((id >= 2253382) AND (id <= 2254381))

table 7 : explain SELECT DISTINCT c FROM sbtest7 WHERE id BETWEEN 6847132 AND 6848131 ORDER BY c
	Unique  (cost=3701.25..3705.98 rows=945 width=121)
	  ->  Sort  (cost=3701.25..3703.62 rows=945 width=121)
	        Sort Key: c
	        ->  Bitmap Heap Scan on sbtest7  (cost=22.12..3654.55 rows=945 width=121)
	              Recheck Cond: ((id >= 6847132) AND (id <= 6848131))
	              ->  Bitmap Index Scan on sbtest7_pkey  (cost=0.00..21.89 rows=945 width=0)
	                    Index Cond: ((id >= 6847132) AND (id <= 6848131))

table 8 : explain SELECT DISTINCT c FROM sbtest8 WHERE id BETWEEN 9647570 AND 9648569 ORDER BY c
	Unique  (cost=3873.57..3878.52 rows=990 width=121)
	  ->  Sort  (cost=3873.57..3876.05 rows=990 width=121)
	        Sort Key: c
	        ->  Bitmap Heap Scan on sbtest8  (cost=22.58..3824.31 rows=990 width=121)
	              Recheck Cond: ((id >= 9647570) AND (id <= 9648569))
	              ->  Bitmap Index Scan on sbtest8_pkey  (cost=0.00..22.33 rows=990 width=0)
	                    Index Cond: ((id >= 9647570) AND (id <= 9648569))

for: distinct_ranges
table 1 : explain SELECT DISTINCT c FROM sbtest1 WHERE id BETWEEN 212726 AND 213725 ORDER BY c
	Unique  (cost=4241.03..4246.47 rows=1088 width=121)
	  ->  Sort  (cost=4241.03..4243.75 rows=1088 width=121)
	        Sort Key: c
	        ->  Bitmap Heap Scan on sbtest1  (cost=23.59..4186.15 rows=1088 width=121)
	              Recheck Cond: ((id >= 212726) AND (id <= 213725))
	              ->  Bitmap Index Scan on sbtest1_pkey  (cost=0.00..23.32 rows=1088 width=0)
	                    Index Cond: ((id >= 212726) AND (id <= 213725))

table 2 : explain SELECT DISTINCT c FROM sbtest2 WHERE id BETWEEN 6000301 AND 6001300 ORDER BY c
	Unique  (cost=4162.03..4167.36 rows=1066 width=121)
	  ->  Sort  (cost=4162.03..4164.70 rows=1066 width=121)
	        Sort Key: c
	        ->  Bitmap Heap Scan on sbtest2  (cost=23.36..4108.42 rows=1066 width=121)
	              Recheck Cond: ((id >= 6000301) AND (id <= 6001300))
	              ->  Bitmap Index Scan on sbtest2_pkey  (cost=0.00..23.09 rows=1066 width=0)
	                    Index Cond: ((id >= 6000301) AND (id <= 6001300))

table 3 : explain SELECT DISTINCT c FROM sbtest3 WHERE id BETWEEN 747601 AND 748600 ORDER BY c
	Unique  (cost=4509.05..4514.84 rows=1157 width=121)
	  ->  Sort  (cost=4509.05..4511.95 rows=1157 width=121)
	        Sort Key: c
	        ->  Bitmap Heap Scan on sbtest3  (cost=28.29..4450.19 rows=1157 width=121)
	              Recheck Cond: ((id >= 747601) AND (id <= 748600))
	              ->  Bitmap Index Scan on sbtest3_pkey  (cost=0.00..28.00 rows=1157 width=0)
	                    Index Cond: ((id >= 747601) AND (id <= 748600))

table 4 : explain SELECT DISTINCT c FROM sbtest4 WHERE id BETWEEN 734969 AND 735968 ORDER BY c
	Unique  (cost=4071.46..4076.67 rows=1042 width=121)
	  ->  Sort  (cost=4071.46..4074.07 rows=1042 width=121)
	        Sort Key: c
	        ->  Bitmap Heap Scan on sbtest4  (cost=23.12..4019.23 rows=1042 width=121)
	              Recheck Cond: ((id >= 734969) AND (id <= 735968))
	              ->  Bitmap Index Scan on sbtest4_pkey  (cost=0.00..22.86 rows=1042 width=0)
	                    Index Cond: ((id >= 734969) AND (id <= 735968))

table 5 : explain SELECT DISTINCT c FROM sbtest5 WHERE id BETWEEN 5722786 AND 5723785 ORDER BY c
	Unique  (cost=3539.67..3544.18 rows=903 width=121)
	  ->  Sort  (cost=3539.67..3541.93 rows=903 width=121)
	        Sort Key: c
	        ->  Bitmap Heap Scan on sbtest5  (cost=21.69..3495.34 rows=903 width=121)
	              Recheck Cond: ((id >= 5722786) AND (id <= 5723785))
	              ->  Bitmap Index Scan on sbtest5_pkey  (cost=0.00..21.46 rows=903 width=0)
	                    Index Cond: ((id >= 5722786) AND (id <= 5723785))

table 6 : explain SELECT DISTINCT c FROM sbtest6 WHERE id BETWEEN 7632751 AND 7633750 ORDER BY c
	Unique  (cost=3984.47..3989.57 rows=1019 width=121)
	  ->  Sort  (cost=3984.47..3987.02 rows=1019 width=121)
	        Sort Key: c
	        ->  Bitmap Heap Scan on sbtest6  (cost=22.88..3933.56 rows=1019 width=121)
	              Recheck Cond: ((id >= 7632751) AND (id <= 7633750))
	              ->  Bitmap Index Scan on sbtest6_pkey  (cost=0.00..22.62 rows=1019 width=0)
	                    Index Cond: ((id >= 7632751) AND (id <= 7633750))

table 7 : explain SELECT DISTINCT c FROM sbtest7 WHERE id BETWEEN 6238401 AND 6239400 ORDER BY c
	Unique  (cost=4041.74..4046.91 rows=1034 width=121)
	  ->  Sort  (cost=4041.74..4044.33 rows=1034 width=121)
	        Sort Key: c
	        ->  Bitmap Heap Scan on sbtest7  (cost=23.03..3989.97 rows=1034 width=121)
	              Recheck Cond: ((id >= 6238401) AND (id <= 6239400))
	              ->  Bitmap Index Scan on sbtest7_pkey  (cost=0.00..22.77 rows=1034 width=0)
	                    Index Cond: ((id >= 6238401) AND (id <= 6239400))

table 8 : explain SELECT DISTINCT c FROM sbtest8 WHERE id BETWEEN 3759789 AND 3760788 ORDER BY c
	Unique  (cost=3980.64..3985.73 rows=1018 width=121)
	  ->  Sort  (cost=3980.64..3983.19 rows=1018 width=121)
	        Sort Key: c
	        ->  Bitmap Heap Scan on sbtest8  (cost=22.87..3929.79 rows=1018 width=121)
	              Recheck Cond: ((id >= 3759789) AND (id <= 3760788))
	              ->  Bitmap Index Scan on sbtest8_pkey  (cost=0.00..22.61 rows=1018 width=0)
	                    Index Cond: ((id >= 3759789) AND (id <= 3760788))

for point_selects
table 1 : explain SELECT c FROM sbtest1 WHERE id=9198224
	Index Scan using sbtest1_pkey on sbtest1  (cost=0.43..8.45 rows=1 width=121)
	  Index Cond: (id = 9198224)

table 2 : explain SELECT c FROM sbtest2 WHERE id=6137106
	Index Scan using sbtest2_pkey on sbtest2  (cost=0.43..8.45 rows=1 width=121)
	  Index Cond: (id = 6137106)

table 3 : explain SELECT c FROM sbtest3 WHERE id=5327133
	Index Scan using sbtest3_pkey on sbtest3  (cost=0.43..8.45 rows=1 width=121)
	  Index Cond: (id = 5327133)

table 4 : explain SELECT c FROM sbtest4 WHERE id=4059310
	Index Scan using sbtest4_pkey on sbtest4  (cost=0.43..8.45 rows=1 width=121)
	  Index Cond: (id = 4059310)

table 5 : explain SELECT c FROM sbtest5 WHERE id=9830427
	Index Scan using sbtest5_pkey on sbtest5  (cost=0.43..8.45 rows=1 width=121)
	  Index Cond: (id = 9830427)

table 6 : explain SELECT c FROM sbtest6 WHERE id=2531577
	Index Scan using sbtest6_pkey on sbtest6  (cost=0.43..8.45 rows=1 width=121)
	  Index Cond: (id = 2531577)

table 7 : explain SELECT c FROM sbtest7 WHERE id=4019599
	Index Scan using sbtest7_pkey on sbtest7  (cost=0.43..8.45 rows=1 width=121)
	  Index Cond: (id = 4019599)

table 8 : explain SELECT c FROM sbtest8 WHERE id=1822251
	Index Scan using sbtest8_pkey on sbtest8  (cost=0.43..8.45 rows=1 width=121)
	  Index Cond: (id = 1822251)

for: distinct_ranges
table 1 : explain SELECT DISTINCT c FROM sbtest1 WHERE id BETWEEN 4258501 AND 4259500 ORDER BY c
	Unique  (cost=4004.51..4009.63 rows=1025 width=121)
	  ->  Sort  (cost=4004.51..4007.07 rows=1025 width=121)
	        Sort Key: c
	        ->  Bitmap Heap Scan on sbtest1  (cost=22.94..3953.25 rows=1025 width=121)
	              Recheck Cond: ((id >= 4258501) AND (id <= 4259500))
	              ->  Bitmap Index Scan on sbtest1_pkey  (cost=0.00..22.68 rows=1025 width=0)
	                    Index Cond: ((id >= 4258501) AND (id <= 4259500))

table 2 : explain SELECT DISTINCT c FROM sbtest2 WHERE id BETWEEN 2576729 AND 2577728 ORDER BY c
	Unique  (cost=3707.32..3712.06 rows=947 width=121)
	  ->  Sort  (cost=3707.32..3709.69 rows=947 width=121)
	        Sort Key: c
	        ->  Bitmap Heap Scan on sbtest2  (cost=22.14..3660.51 rows=947 width=121)
	              Recheck Cond: ((id >= 2576729) AND (id <= 2577728))
	              ->  Bitmap Index Scan on sbtest2_pkey  (cost=0.00..21.90 rows=947 width=0)
	                    Index Cond: ((id >= 2576729) AND (id <= 2577728))

table 3 : explain SELECT DISTINCT c FROM sbtest3 WHERE id BETWEEN 8808655 AND 8809654 ORDER BY c
	Unique  (cost=4451.99..4457.70 rows=1142 width=121)
	  ->  Sort  (cost=4451.99..4454.84 rows=1142 width=121)
	        Sort Key: c
	        ->  Bitmap Heap Scan on sbtest3  (cost=28.14..4393.99 rows=1142 width=121)
	              Recheck Cond: ((id >= 8808655) AND (id <= 8809654))
	              ->  Bitmap Index Scan on sbtest3_pkey  (cost=0.00..27.86 rows=1142 width=0)
	                    Index Cond: ((id >= 8808655) AND (id <= 8809654))

table 4 : explain SELECT DISTINCT c FROM sbtest4 WHERE id BETWEEN 7161009 AND 7162008 ORDER BY c
	Unique  (cost=3742.65..3747.43 rows=956 width=121)
	  ->  Sort  (cost=3742.65..3745.04 rows=956 width=121)
	        Sort Key: c
	        ->  Bitmap Heap Scan on sbtest4  (cost=22.23..3695.32 rows=956 width=121)
	              Recheck Cond: ((id >= 7161009) AND (id <= 7162008))
	              ->  Bitmap Index Scan on sbtest4_pkey  (cost=0.00..22.00 rows=956 width=0)
	                    Index Cond: ((id >= 7161009) AND (id <= 7162008))

table 5 : explain SELECT DISTINCT c FROM sbtest5 WHERE id BETWEEN 5516617 AND 5517616 ORDER BY c
	Unique  (cost=3888.18..3893.15 rows=994 width=121)
	  ->  Sort  (cost=3888.18..3890.67 rows=994 width=121)
	        Sort Key: c
	        ->  Bitmap Heap Scan on sbtest5  (cost=22.62..3838.70 rows=994 width=121)
	              Recheck Cond: ((id >= 5516617) AND (id <= 5517616))
	              ->  Bitmap Index Scan on sbtest5_pkey  (cost=0.00..22.37 rows=994 width=0)
	                    Index Cond: ((id >= 5516617) AND (id <= 5517616))

table 6 : explain SELECT DISTINCT c FROM sbtest6 WHERE id BETWEEN 3694591 AND 3695590 ORDER BY c
	Unique  (cost=3869.75..3874.70 rows=989 width=121)
	  ->  Sort  (cost=3869.75..3872.23 rows=989 width=121)
	        Sort Key: c
	        ->  Bitmap Heap Scan on sbtest6  (cost=22.57..3820.55 rows=989 width=121)
	              Recheck Cond: ((id >= 3694591) AND (id <= 3695590))
	              ->  Bitmap Index Scan on sbtest6_pkey  (cost=0.00..22.32 rows=989 width=0)
	                    Index Cond: ((id >= 3694591) AND (id <= 3695590))

table 7 : explain SELECT DISTINCT c FROM sbtest7 WHERE id BETWEEN 1476837 AND 1477836 ORDER BY c
	Unique  (cost=3751.05..3755.84 rows=958 width=121)
	  ->  Sort  (cost=3751.05..3753.44 rows=958 width=121)
	        Sort Key: c
	        ->  Bitmap Heap Scan on sbtest7  (cost=22.25..3703.61 rows=958 width=121)
	              Recheck Cond: ((id >= 1476837) AND (id <= 1477836))
	              ->  Bitmap Index Scan on sbtest7_pkey  (cost=0.00..22.01 rows=958 width=0)
	                    Index Cond: ((id >= 1476837) AND (id <= 1477836))

table 8 : explain SELECT DISTINCT c FROM sbtest8 WHERE id BETWEEN 9208661 AND 9209660 ORDER BY c
	Unique  (cost=3705.12..3709.85 rows=946 width=121)
	  ->  Sort  (cost=3705.12..3707.48 rows=946 width=121)
	        Sort Key: c
	        ->  Bitmap Heap Scan on sbtest8  (cost=22.13..3658.36 rows=946 width=121)
	              Recheck Cond: ((id >= 9208661) AND (id <= 9209660))
	              ->  Bitmap Index Scan on sbtest8_pkey  (cost=0.00..21.89 rows=946 width=0)
	                    Index Cond: ((id >= 9208661) AND (id <= 9209660))

explain: for point_selects :: explain SELECT c FROM sbtest%u WHERE id=%u
explain: for point_selects :: explain SELECT c FROM sbtest%u WHERE id=%u
for: sum_ranges
table 1 : explain SELECT SUM(k) FROM sbtest1 WHERE id BETWEEN 2476240 AND 2477239
	Aggregate  (cost=3695.89..3695.90 rows=1 width=8)
	  ->  Bitmap Heap Scan on sbtest1  (cost=22.23..3693.50 rows=956 width=4)
	        Recheck Cond: ((id >= 2476240) AND (id <= 2477239))
	        ->  Bitmap Index Scan on sbtest1_pkey  (cost=0.00..22.00 rows=956 width=0)
	              Index Cond: ((id >= 2476240) AND (id <= 2477239))

table 2 : explain SELECT SUM(k) FROM sbtest2 WHERE id BETWEEN 8528309 AND 8529308
	Aggregate  (cost=3640.23..3640.24 rows=1 width=8)
	  ->  Bitmap Heap Scan on sbtest2  (cost=22.08..3637.87 rows=941 width=4)
	        Recheck Cond: ((id >= 8528309) AND (id <= 8529308))
	        ->  Bitmap Index Scan on sbtest2_pkey  (cost=0.00..21.84 rows=941 width=0)
	              Index Cond: ((id >= 8528309) AND (id <= 8529308))

table 3 : explain SELECT SUM(k) FROM sbtest3 WHERE id BETWEEN 3964247 AND 3965246
	Aggregate  (cost=4013.46..4013.47 rows=1 width=8)
	  ->  Bitmap Heap Scan on sbtest3  (cost=23.09..4010.86 rows=1040 width=4)
	        Recheck Cond: ((id >= 3964247) AND (id <= 3965246))
	        ->  Bitmap Index Scan on sbtest3_pkey  (cost=0.00..22.83 rows=1040 width=0)
	              Index Cond: ((id >= 3964247) AND (id <= 3965246))

table 4 : explain SELECT SUM(k) FROM sbtest4 WHERE id BETWEEN 277856 AND 278855
	Aggregate  (cost=3625.97..3625.98 rows=1 width=8)
	  ->  Bitmap Heap Scan on sbtest4  (cost=22.04..3623.63 rows=937 width=4)
	        Recheck Cond: ((id >= 277856) AND (id <= 278855))
	        ->  Bitmap Index Scan on sbtest4_pkey  (cost=0.00..21.80 rows=937 width=0)
	              Index Cond: ((id >= 277856) AND (id <= 278855))

table 5 : explain SELECT SUM(k) FROM sbtest5 WHERE id BETWEEN 5808633 AND 5809632
	Aggregate  (cost=3497.59..3497.60 rows=1 width=8)
	  ->  Bitmap Heap Scan on sbtest5  (cost=21.69..3495.34 rows=903 width=4)
	        Recheck Cond: ((id >= 5808633) AND (id <= 5809632))
	        ->  Bitmap Index Scan on sbtest5_pkey  (cost=0.00..21.46 rows=903 width=0)
	              Index Cond: ((id >= 5808633) AND (id <= 5809632))

table 6 : explain SELECT SUM(k) FROM sbtest6 WHERE id BETWEEN 8960236 AND 8961235
	Aggregate  (cost=3766.44..3766.45 rows=1 width=8)
	  ->  Bitmap Heap Scan on sbtest6  (cost=22.42..3764.00 rows=974 width=4)
	        Recheck Cond: ((id >= 8960236) AND (id <= 8961235))
	        ->  Bitmap Index Scan on sbtest6_pkey  (cost=0.00..22.18 rows=974 width=0)
	              Index Cond: ((id >= 8960236) AND (id <= 8961235))

table 7 : explain SELECT SUM(k) FROM sbtest7 WHERE id BETWEEN 3584886 AND 3585885
	Aggregate  (cost=4263.62..4263.63 rows=1 width=8)
	  ->  Bitmap Heap Scan on sbtest7  (cost=27.77..4260.86 rows=1106 width=4)
	        Recheck Cond: ((id >= 3584886) AND (id <= 3585885))
	        ->  Bitmap Index Scan on sbtest7_pkey  (cost=0.00..27.50 rows=1106 width=0)
	              Index Cond: ((id >= 3584886) AND (id <= 3585885))

table 8 : explain SELECT SUM(k) FROM sbtest8 WHERE id BETWEEN 5470793 AND 5471792
	Aggregate  (cost=3622.95..3622.96 rows=1 width=8)
	  ->  Bitmap Heap Scan on sbtest8  (cost=22.03..3620.61 rows=936 width=4)
	        Recheck Cond: ((id >= 5470793) AND (id <= 5471792))
	        ->  Bitmap Index Scan on sbtest8_pkey  (cost=0.00..21.79 rows=936 width=0)
	              Index Cond: ((id >= 5470793) AND (id <= 5471792))

for point_selects
table 1 : explain SELECT c FROM sbtest1 WHERE id=2525218
	Index Scan using sbtest1_pkey on sbtest1  (cost=0.43..8.45 rows=1 width=121)
	  Index Cond: (id = 2525218)

table 2 : explain SELECT c FROM sbtest2 WHERE id=7278223
	Index Scan using sbtest2_pkey on sbtest2  (cost=0.43..8.45 rows=1 width=121)
	  Index Cond: (id = 7278223)

table 3 : explain SELECT c FROM sbtest3 WHERE id=6263429
	Index Scan using sbtest3_pkey on sbtest3  (cost=0.43..8.45 rows=1 width=121)
	  Index Cond: (id = 6263429)

table 4 : explain SELECT c FROM sbtest4 WHERE id=8070592
	Index Scan using sbtest4_pkey on sbtest4  (cost=0.43..8.45 rows=1 width=121)
	  Index Cond: (id = 8070592)

table 5 : explain SELECT c FROM sbtest5 WHERE id=932791
	Index Scan using sbtest5_pkey on sbtest5  (cost=0.43..8.45 rows=1 width=121)
	  Index Cond: (id = 932791)

table 6 : explain SELECT c FROM sbtest6 WHERE id=7412195
	Index Scan using sbtest6_pkey on sbtest6  (cost=0.43..8.45 rows=1 width=121)
	  Index Cond: (id = 7412195)

table 7 : explain SELECT c FROM sbtest7 WHERE id=7083582
	Index Scan using sbtest7_pkey on sbtest7  (cost=0.43..8.45 rows=1 width=121)
	  Index Cond: (id = 7083582)

table 8 : explain SELECT c FROM sbtest8 WHERE id=2732804
	Index Scan using sbtest8_pkey on sbtest8  (cost=0.43..8.45 rows=1 width=121)
	  Index Cond: (id = 2732804)

for: order_ranges
table 1 : explain SELECT c FROM sbtest1 WHERE id BETWEEN 9870669 AND 9871668 ORDER BY c
	Sort  (cost=3721.69..3724.07 rows=951 width=121)
	  Sort Key: c
	  ->  Bitmap Heap Scan on sbtest1  (cost=22.18..3674.65 rows=951 width=121)
	        Recheck Cond: ((id >= 9870669) AND (id <= 9871668))
	        ->  Bitmap Index Scan on sbtest1_pkey  (cost=0.00..21.94 rows=951 width=0)
	              Index Cond: ((id >= 9870669) AND (id <= 9871668))

table 2 : explain SELECT c FROM sbtest2 WHERE id BETWEEN 3664168 AND 3665167 ORDER BY c
	Sort  (cost=3657.54..3659.88 rows=934 width=121)
	  Sort Key: c
	  ->  Bitmap Heap Scan on sbtest2  (cost=22.01..3611.46 rows=934 width=121)
	        Recheck Cond: ((id >= 3664168) AND (id <= 3665167))
	        ->  Bitmap Index Scan on sbtest2_pkey  (cost=0.00..21.77 rows=934 width=0)
	              Index Cond: ((id >= 3664168) AND (id <= 3665167))

table 3 : explain SELECT c FROM sbtest3 WHERE id BETWEEN 6588192 AND 6589191 ORDER BY c
	Sort  (cost=3986.61..3989.16 rows=1020 width=121)
	  Sort Key: c
	  ->  Bitmap Heap Scan on sbtest3  (cost=22.89..3935.64 rows=1020 width=121)
	        Recheck Cond: ((id >= 6588192) AND (id <= 6589191))
	        ->  Bitmap Index Scan on sbtest3_pkey  (cost=0.00..22.64 rows=1020 width=0)
	              Index Cond: ((id >= 6588192) AND (id <= 6589191))

table 4 : explain SELECT c FROM sbtest4 WHERE id BETWEEN 4279676 AND 4280675 ORDER BY c
	Sort  (cost=3754.14..3756.53 rows=959 width=121)
	  Sort Key: c
	  ->  Bitmap Heap Scan on sbtest4  (cost=22.26..3706.64 rows=959 width=121)
	        Recheck Cond: ((id >= 4279676) AND (id <= 4280675))
	        ->  Bitmap Index Scan on sbtest4_pkey  (cost=0.00..22.02 rows=959 width=0)
	              Index Cond: ((id >= 4279676) AND (id <= 4280675))

table 5 : explain SELECT c FROM sbtest5 WHERE id BETWEEN 7515187 AND 7516186 ORDER BY c
	Sort  (cost=3643.18..3645.51 rows=930 width=121)
	  Sort Key: c
	  ->  Bitmap Heap Scan on sbtest5  (cost=21.97..3597.33 rows=930 width=121)
	        Recheck Cond: ((id >= 7515187) AND (id <= 7516186))
	        ->  Bitmap Index Scan on sbtest5_pkey  (cost=0.00..21.73 rows=930 width=0)
	              Index Cond: ((id >= 7515187) AND (id <= 7516186))

table 6 : explain SELECT c FROM sbtest6 WHERE id BETWEEN 9507851 AND 9508850 ORDER BY c
	Sort  (cost=3953.89..3956.42 rows=1011 width=121)
	  Sort Key: c
	  ->  Bitmap Heap Scan on sbtest6  (cost=22.80..3903.44 rows=1011 width=121)
	        Recheck Cond: ((id >= 9507851) AND (id <= 9508850))
	        ->  Bitmap Index Scan on sbtest6_pkey  (cost=0.00..22.54 rows=1011 width=0)
	              Index Cond: ((id >= 9507851) AND (id <= 9508850))

table 7 : explain SELECT c FROM sbtest7 WHERE id BETWEEN 4662508 AND 4663507 ORDER BY c
	Sort  (cost=3923.26..3925.76 rows=1003 width=121)
	  Sort Key: c
	  ->  Bitmap Heap Scan on sbtest7  (cost=22.72..3873.26 rows=1003 width=121)
	        Recheck Cond: ((id >= 4662508) AND (id <= 4663507))
	        ->  Bitmap Index Scan on sbtest7_pkey  (cost=0.00..22.46 rows=1003 width=0)
	              Index Cond: ((id >= 4662508) AND (id <= 4663507))

table 8 : explain SELECT c FROM sbtest8 WHERE id BETWEEN 851869 AND 852868 ORDER BY c
	Sort  (cost=3992.11..3994.66 rows=1021 width=121)
	  Sort Key: c
	  ->  Bitmap Heap Scan on sbtest8  (cost=22.90..3941.08 rows=1021 width=121)
	        Recheck Cond: ((id >= 851869) AND (id <= 852868))
	        ->  Bitmap Index Scan on sbtest8_pkey  (cost=0.00..22.64 rows=1021 width=0)
	              Index Cond: ((id >= 851869) AND (id <= 852868))

for: simple_ranges
table 1 : explain SELECT c FROM sbtest1 WHERE id BETWEEN 1389671 AND 1390670
	Bitmap Heap Scan on sbtest1  (cost=27.68..4223.91 rows=1097 width=121)
	  Recheck Cond: ((id >= 1389671) AND (id <= 1390670))
	  ->  Bitmap Index Scan on sbtest1_pkey  (cost=0.00..27.40 rows=1097 width=0)
	        Index Cond: ((id >= 1389671) AND (id <= 1390670))

table 2 : explain SELECT c FROM sbtest2 WHERE id BETWEEN 6581843 AND 6582842
	Bitmap Heap Scan on sbtest2  (cost=23.47..4149.74 rows=1077 width=121)
	  Recheck Cond: ((id >= 6581843) AND (id <= 6582842))
	  ->  Bitmap Index Scan on sbtest2_pkey  (cost=0.00..23.20 rows=1077 width=0)
	        Index Cond: ((id >= 6581843) AND (id <= 6582842))

table 3 : explain SELECT c FROM sbtest3 WHERE id BETWEEN 9885136 AND 9886135
	Bitmap Heap Scan on sbtest3  (cost=21.59..3456.75 rows=893 width=121)
	  Recheck Cond: ((id >= 9885136) AND (id <= 9886135))
	  ->  Bitmap Index Scan on sbtest3_pkey  (cost=0.00..21.36 rows=893 width=0)
	        Index Cond: ((id >= 9885136) AND (id <= 9886135))

table 4 : explain SELECT c FROM sbtest4 WHERE id BETWEEN 8584471 AND 8585470
	Bitmap Heap Scan on sbtest4  (cost=23.08..4007.95 rows=1039 width=121)
	  Recheck Cond: ((id >= 8584471) AND (id <= 8585470))
	  ->  Bitmap Index Scan on sbtest4_pkey  (cost=0.00..22.82 rows=1039 width=0)
	        Index Cond: ((id >= 8584471) AND (id <= 8585470))

table 5 : explain SELECT c FROM sbtest5 WHERE id BETWEEN 3973169 AND 3974168
	Bitmap Heap Scan on sbtest5  (cost=22.52..3801.02 rows=984 width=121)
	  Recheck Cond: ((id >= 3973169) AND (id <= 3974168))
	  ->  Bitmap Index Scan on sbtest5_pkey  (cost=0.00..22.27 rows=984 width=0)
	        Index Cond: ((id >= 3973169) AND (id <= 3974168))

table 6 : explain SELECT c FROM sbtest6 WHERE id BETWEEN 8938300 AND 8939299
	Bitmap Heap Scan on sbtest6  (cost=22.42..3764.00 rows=974 width=121)
	  Recheck Cond: ((id >= 8938300) AND (id <= 8939299))
	  ->  Bitmap Index Scan on sbtest6_pkey  (cost=0.00..22.18 rows=974 width=0)
	        Index Cond: ((id >= 8938300) AND (id <= 8939299))

table 7 : explain SELECT c FROM sbtest7 WHERE id BETWEEN 6296926 AND 6297925
	Bitmap Heap Scan on sbtest7  (cost=23.03..3989.97 rows=1034 width=121)
	  Recheck Cond: ((id >= 6296926) AND (id <= 6297925))
	  ->  Bitmap Index Scan on sbtest7_pkey  (cost=0.00..22.77 rows=1034 width=0)
	        Index Cond: ((id >= 6296926) AND (id <= 6297925))

table 8 : explain SELECT c FROM sbtest8 WHERE id BETWEEN 8514619 AND 8515618
	Bitmap Heap Scan on sbtest8  (cost=23.24..4065.25 rows=1054 width=121)
	  Recheck Cond: ((id >= 8514619) AND (id <= 8515618))
	  ->  Bitmap Index Scan on sbtest8_pkey  (cost=0.00..22.97 rows=1054 width=0)
	        Index Cond: ((id >= 8514619) AND (id <= 8515618))

for: sum_ranges
table 1 : explain SELECT SUM(k) FROM sbtest1 WHERE id BETWEEN 8372598 AND 8373597
	Aggregate  (cost=4121.24..4121.25 rows=1 width=8)
	  ->  Bitmap Heap Scan on sbtest1  (cost=23.39..4118.57 rows=1069 width=4)
	        Recheck Cond: ((id >= 8372598) AND (id <= 8373597))
	        ->  Bitmap Index Scan on sbtest1_pkey  (cost=0.00..23.12 rows=1069 width=0)
	              Index Cond: ((id >= 8372598) AND (id <= 8373597))

table 2 : explain SELECT SUM(k) FROM sbtest2 WHERE id BETWEEN 3976777 AND 3977776
	Aggregate  (cost=3749.65..3749.66 rows=1 width=8)
	  ->  Bitmap Heap Scan on sbtest2  (cost=22.38..3747.22 rows=970 width=4)
	        Recheck Cond: ((id >= 3976777) AND (id <= 3977776))
	        ->  Bitmap Index Scan on sbtest2_pkey  (cost=0.00..22.14 rows=970 width=0)
	              Index Cond: ((id >= 3976777) AND (id <= 3977776))

table 3 : explain SELECT SUM(k) FROM sbtest3 WHERE id BETWEEN 4511196 AND 4512195
	Aggregate  (cost=3602.59..3602.60 rows=1 width=8)
	  ->  Bitmap Heap Scan on sbtest3  (cost=21.98..3600.26 rows=931 width=4)
	        Recheck Cond: ((id >= 4511196) AND (id <= 4512195))
	        ->  Bitmap Index Scan on sbtest3_pkey  (cost=0.00..21.75 rows=931 width=0)
	              Index Cond: ((id >= 4511196) AND (id <= 4512195))

table 4 : explain SELECT SUM(k) FROM sbtest4 WHERE id BETWEEN 5713648 AND 5714647
	Aggregate  (cost=3773.18..3773.19 rows=1 width=8)
	  ->  Bitmap Heap Scan on sbtest4  (cost=22.44..3770.74 rows=976 width=4)
	        Recheck Cond: ((id >= 5713648) AND (id <= 5714647))
	        ->  Bitmap Index Scan on sbtest4_pkey  (cost=0.00..22.19 rows=976 width=0)
	              Index Cond: ((id >= 5713648) AND (id <= 5714647))

table 5 : explain SELECT SUM(k) FROM sbtest5 WHERE id BETWEEN 6236225 AND 6237224
	Aggregate  (cost=4217.76..4217.77 rows=1 width=8)
	  ->  Bitmap Heap Scan on sbtest5  (cost=27.64..4215.02 rows=1093 width=4)
	        Recheck Cond: ((id >= 6236225) AND (id <= 6237224))
	        ->  Bitmap Index Scan on sbtest5_pkey  (cost=0.00..27.36 rows=1093 width=0)
	              Index Cond: ((id >= 6236225) AND (id <= 6237224))

table 6 : explain SELECT SUM(k) FROM sbtest6 WHERE id BETWEEN 1018884 AND 1019883
	Aggregate  (cost=3758.89..3758.90 rows=1 width=8)
	  ->  Bitmap Heap Scan on sbtest6  (cost=22.40..3756.46 rows=972 width=4)
	        Recheck Cond: ((id >= 1018884) AND (id <= 1019883))
	        ->  Bitmap Index Scan on sbtest6_pkey  (cost=0.00..22.15 rows=972 width=0)
	              Index Cond: ((id >= 1018884) AND (id <= 1019883))

table 7 : explain SELECT SUM(k) FROM sbtest7 WHERE id BETWEEN 4271635 AND 4272634
	Aggregate  (cost=3781.49..3781.50 rows=1 width=8)
	  ->  Bitmap Heap Scan on sbtest7  (cost=22.46..3779.04 rows=978 width=4)
	        Recheck Cond: ((id >= 4271635) AND (id <= 4272634))
	        ->  Bitmap Index Scan on sbtest7_pkey  (cost=0.00..22.21 rows=978 width=0)
	              Index Cond: ((id >= 4271635) AND (id <= 4272634))

table 8 : explain SELECT SUM(k) FROM sbtest8 WHERE id BETWEEN 3057276 AND 3058275
	Aggregate  (cost=3977.53..3977.54 rows=1 width=8)
	  ->  Bitmap Heap Scan on sbtest8  (cost=22.99..3974.96 rows=1030 width=4)
	        Recheck Cond: ((id >= 3057276) AND (id <= 3058275))
	        ->  Bitmap Index Scan on sbtest8_pkey  (cost=0.00..22.73 rows=1030 width=0)
	              Index Cond: ((id >= 3057276) AND (id <= 3058275))

for: sum_ranges
table 1 : explain SELECT SUM(k) FROM sbtest1 WHERE id BETWEEN 9128161 AND 9129160
	Aggregate  (cost=3775.06..3775.07 rows=1 width=8)
	  ->  Bitmap Heap Scan on sbtest1  (cost=22.45..3772.62 rows=977 width=4)
	        Recheck Cond: ((id >= 9128161) AND (id <= 9129160))
	        ->  Bitmap Index Scan on sbtest1_pkey  (cost=0.00..22.20 rows=977 width=0)
	              Index Cond: ((id >= 9128161) AND (id <= 9129160))

table 2 : explain SELECT SUM(k) FROM sbtest2 WHERE id BETWEEN 7566960 AND 7567959
	Aggregate  (cost=4257.86..4257.87 rows=1 width=8)
	  ->  Bitmap Heap Scan on sbtest2  (cost=27.76..4255.10 rows=1105 width=4)
	        Recheck Cond: ((id >= 7566960) AND (id <= 7567959))
	        ->  Bitmap Index Scan on sbtest2_pkey  (cost=0.00..27.48 rows=1105 width=0)
	              Index Cond: ((id >= 7566960) AND (id <= 7567959))

table 3 : explain SELECT SUM(k) FROM sbtest3 WHERE id BETWEEN 2356918 AND 2357917
	Aggregate  (cost=3753.55..3753.56 rows=1 width=8)
	  ->  Bitmap Heap Scan on sbtest3  (cost=22.39..3751.12 rows=971 width=4)
	        Recheck Cond: ((id >= 2356918) AND (id <= 2357917))
	        ->  Bitmap Index Scan on sbtest3_pkey  (cost=0.00..22.14 rows=971 width=0)
	              Index Cond: ((id >= 2356918) AND (id <= 2357917))

table 4 : explain SELECT SUM(k) FROM sbtest4 WHERE id BETWEEN 3333090 AND 3334089
	Aggregate  (cost=3478.57..3478.58 rows=1 width=8)
	  ->  Bitmap Heap Scan on sbtest4  (cost=21.64..3476.32 rows=898 width=4)
	        Recheck Cond: ((id >= 3333090) AND (id <= 3334089))
	        ->  Bitmap Index Scan on sbtest4_pkey  (cost=0.00..21.41 rows=898 width=0)
	              Index Cond: ((id >= 3333090) AND (id <= 3334089))

table 5 : explain SELECT SUM(k) FROM sbtest5 WHERE id BETWEEN 9764606 AND 9765605
	Aggregate  (cost=3833.64..3833.65 rows=1 width=8)
	  ->  Bitmap Heap Scan on sbtest5  (cost=22.60..3831.16 rows=992 width=4)
	        Recheck Cond: ((id >= 9764606) AND (id <= 9765605))
	        ->  Bitmap Index Scan on sbtest5_pkey  (cost=0.00..22.36 rows=992 width=0)
	              Index Cond: ((id >= 9764606) AND (id <= 9765605))

table 6 : explain SELECT SUM(k) FROM sbtest6 WHERE id BETWEEN 7465139 AND 7466138
	Aggregate  (cost=3826.80..3826.81 rows=1 width=8)
	  ->  Bitmap Heap Scan on sbtest6  (cost=22.58..3824.32 rows=990 width=4)
	        Recheck Cond: ((id >= 7465139) AND (id <= 7466138))
	        ->  Bitmap Index Scan on sbtest6_pkey  (cost=0.00..22.33 rows=990 width=0)
	              Index Cond: ((id >= 7465139) AND (id <= 7466138))

table 7 : explain SELECT SUM(k) FROM sbtest7 WHERE id BETWEEN 9303366 AND 9304365
	Aggregate  (cost=3826.75..3826.76 rows=1 width=8)
	  ->  Bitmap Heap Scan on sbtest7  (cost=22.58..3824.27 rows=990 width=4)
	        Recheck Cond: ((id >= 9303366) AND (id <= 9304365))
	        ->  Bitmap Index Scan on sbtest7_pkey  (cost=0.00..22.33 rows=990 width=0)
	              Index Cond: ((id >= 9303366) AND (id <= 9304365))

table 8 : explain SELECT SUM(k) FROM sbtest8 WHERE id BETWEEN 2886658 AND 2887657
	Aggregate  (cost=3902.19..3902.20 rows=1 width=8)
	  ->  Bitmap Heap Scan on sbtest8  (cost=22.79..3899.66 rows=1010 width=4)
	        Recheck Cond: ((id >= 2886658) AND (id <= 2887657))
	        ->  Bitmap Index Scan on sbtest8_pkey  (cost=0.00..22.54 rows=1010 width=0)
	              Index Cond: ((id >= 2886658) AND (id <= 2887657))

for: simple_ranges
table 1 : explain SELECT c FROM sbtest1 WHERE id BETWEEN 4718825 AND 4719824
	Bitmap Heap Scan on sbtest1  (cost=22.87..3926.93 rows=1018 width=121)
	  Recheck Cond: ((id >= 4718825) AND (id <= 4719824))
	  ->  Bitmap Index Scan on sbtest1_pkey  (cost=0.00..22.61 rows=1018 width=0)
	        Index Cond: ((id >= 4718825) AND (id <= 4719824))

table 2 : explain SELECT c FROM sbtest2 WHERE id BETWEEN 493691 AND 494690
	Bitmap Heap Scan on sbtest2  (cost=22.40..3754.76 rows=972 width=121)
	  Recheck Cond: ((id >= 493691) AND (id <= 494690))
	  ->  Bitmap Index Scan on sbtest2_pkey  (cost=0.00..22.15 rows=972 width=0)
	        Index Cond: ((id >= 493691) AND (id <= 494690))

table 3 : explain SELECT c FROM sbtest3 WHERE id BETWEEN 3529193 AND 3530192
	Bitmap Heap Scan on sbtest3  (cost=21.97..3596.49 rows=930 width=121)
	  Recheck Cond: ((id >= 3529193) AND (id <= 3530192))
	  ->  Bitmap Index Scan on sbtest3_pkey  (cost=0.00..21.73 rows=930 width=0)
	        Index Cond: ((id >= 3529193) AND (id <= 3530192))

table 4 : explain SELECT c FROM sbtest4 WHERE id BETWEEN 534013 AND 535012
	Bitmap Heap Scan on sbtest4  (cost=22.62..3838.56 rows=994 width=121)
	  Recheck Cond: ((id >= 534013) AND (id <= 535012))
	  ->  Bitmap Index Scan on sbtest4_pkey  (cost=0.00..22.37 rows=994 width=0)
	        Index Cond: ((id >= 534013) AND (id <= 535012))

table 5 : explain SELECT c FROM sbtest5 WHERE id BETWEEN 4885892 AND 4886891
	Bitmap Heap Scan on sbtest5  (cost=22.27..3710.54 rows=960 width=121)
	  Recheck Cond: ((id >= 4885892) AND (id <= 4886891))
	  ->  Bitmap Index Scan on sbtest5_pkey  (cost=0.00..22.04 rows=960 width=0)
	        Index Cond: ((id >= 4885892) AND (id <= 4886891))

table 6 : explain SELECT c FROM sbtest6 WHERE id BETWEEN 171069 AND 172068
	Bitmap Heap Scan on sbtest6  (cost=21.45..3408.96 rows=880 width=121)
	  Recheck Cond: ((id >= 171069) AND (id <= 172068))
	  ->  Bitmap Index Scan on sbtest6_pkey  (cost=0.00..21.23 rows=880 width=0)
	        Index Cond: ((id >= 171069) AND (id <= 172068))

table 7 : explain SELECT c FROM sbtest7 WHERE id BETWEEN 8332636 AND 8333635
	Bitmap Heap Scan on sbtest7  (cost=22.77..3892.09 rows=1008 width=121)
	  Recheck Cond: ((id >= 8332636) AND (id <= 8333635))
	  ->  Bitmap Index Scan on sbtest7_pkey  (cost=0.00..22.51 rows=1008 width=0)
	        Index Cond: ((id >= 8332636) AND (id <= 8333635))

table 8 : explain SELECT c FROM sbtest8 WHERE id BETWEEN 5863144 AND 5864143
	Bitmap Heap Scan on sbtest8  (cost=23.18..4042.68 rows=1048 width=121)
	  Recheck Cond: ((id >= 5863144) AND (id <= 5864143))
	  ->  Bitmap Index Scan on sbtest8_pkey  (cost=0.00..22.91 rows=1048 width=0)
	        Index Cond: ((id >= 5863144) AND (id <= 5864143))

for: simple_ranges
table 1 : explain SELECT c FROM sbtest1 WHERE id BETWEEN 9989154 AND 9990153
	Bitmap Heap Scan on sbtest1  (cost=27.85..4287.66 rows=1114 width=121)
	  Recheck Cond: ((id >= 9989154) AND (id <= 9990153))
	  ->  Bitmap Index Scan on sbtest1_pkey  (cost=0.00..27.57 rows=1114 width=0)
	        Index Cond: ((id >= 9989154) AND (id <= 9990153))

table 2 : explain SELECT c FROM sbtest2 WHERE id BETWEEN 2060699 AND 2061698
	Bitmap Heap Scan on sbtest2  (cost=22.52..3799.97 rows=984 width=121)
	  Recheck Cond: ((id >= 2060699) AND (id <= 2061698))
	  ->  Bitmap Index Scan on sbtest2_pkey  (cost=0.00..22.27 rows=984 width=0)
	        Index Cond: ((id >= 2060699) AND (id <= 2061698))

table 3 : explain SELECT c FROM sbtest3 WHERE id BETWEEN 3904407 AND 3905406
	Bitmap Heap Scan on sbtest3  (cost=23.17..4037.18 rows=1047 width=121)
	  Recheck Cond: ((id >= 3904407) AND (id <= 3905406))
	  ->  Bitmap Index Scan on sbtest3_pkey  (cost=0.00..22.90 rows=1047 width=0)
	        Index Cond: ((id >= 3904407) AND (id <= 3905406))

table 4 : explain SELECT c FROM sbtest4 WHERE id BETWEEN 9903610 AND 9904609
	Bitmap Heap Scan on sbtest4  (cost=22.84..3917.64 rows=1015 width=121)
	  Recheck Cond: ((id >= 9903610) AND (id <= 9904609))
	  ->  Bitmap Index Scan on sbtest4_pkey  (cost=0.00..22.58 rows=1015 width=0)
	        Index Cond: ((id >= 9903610) AND (id <= 9904609))

table 5 : explain SELECT c FROM sbtest5 WHERE id BETWEEN 5955564 AND 5956563
	Bitmap Heap Scan on sbtest5  (cost=23.58..4188.49 rows=1087 width=121)
	  Recheck Cond: ((id >= 5955564) AND (id <= 5956563))
	  ->  Bitmap Index Scan on sbtest5_pkey  (cost=0.00..23.30 rows=1087 width=0)
	        Index Cond: ((id >= 5955564) AND (id <= 5956563))

table 6 : explain SELECT c FROM sbtest6 WHERE id BETWEEN 5488415 AND 5489414
	Bitmap Heap Scan on sbtest6  (cost=22.57..3820.55 rows=989 width=121)
	  Recheck Cond: ((id >= 5488415) AND (id <= 5489414))
	  ->  Bitmap Index Scan on sbtest6_pkey  (cost=0.00..22.32 rows=989 width=0)
	        Index Cond: ((id >= 5488415) AND (id <= 5489414))

table 7 : explain SELECT c FROM sbtest7 WHERE id BETWEEN 3870670 AND 3871669
	Bitmap Heap Scan on sbtest7  (cost=27.82..4279.63 rows=1111 width=121)
	  Recheck Cond: ((id >= 3870670) AND (id <= 3871669))
	  ->  Bitmap Index Scan on sbtest7_pkey  (cost=0.00..27.54 rows=1111 width=0)
	        Index Cond: ((id >= 3870670) AND (id <= 3871669))

table 8 : explain SELECT c FROM sbtest8 WHERE id BETWEEN 8021590 AND 8022589
	Bitmap Heap Scan on sbtest8  (cost=28.02..4350.97 rows=1130 width=121)
	  Recheck Cond: ((id >= 8021590) AND (id <= 8022589))
	  ->  Bitmap Index Scan on sbtest8_pkey  (cost=0.00..27.73 rows=1130 width=0)
	        Index Cond: ((id >= 8021590) AND (id <= 8022589))

explain: for point_selects :: explain SELECT c FROM sbtest%u WHERE id=%u
explain: for point_selects :: explain SELECT c FROM sbtest%u WHERE id=%u
for point_selects
table 1 : explain SELECT c FROM sbtest1 WHERE id=1524251
	Index Scan using sbtest1_pkey on sbtest1  (cost=0.43..8.45 rows=1 width=121)
	  Index Cond: (id = 1524251)

table 2 : explain SELECT c FROM sbtest2 WHERE id=3650863
	Index Scan using sbtest2_pkey on sbtest2  (cost=0.43..8.45 rows=1 width=121)
	  Index Cond: (id = 3650863)

table 3 : explain SELECT c FROM sbtest3 WHERE id=1283919
	Index Scan using sbtest3_pkey on sbtest3  (cost=0.43..8.45 rows=1 width=121)
	  Index Cond: (id = 1283919)

table 4 : explain SELECT c FROM sbtest4 WHERE id=64605
	Index Scan using sbtest4_pkey on sbtest4  (cost=0.43..8.45 rows=1 width=121)
	  Index Cond: (id = 64605)

table 5 : explain SELECT c FROM sbtest5 WHERE id=9048063
	Index Scan using sbtest5_pkey on sbtest5  (cost=0.43..8.45 rows=1 width=121)
	  Index Cond: (id = 9048063)

table 6 : explain SELECT c FROM sbtest6 WHERE id=1684500
	Index Scan using sbtest6_pkey on sbtest6  (cost=0.43..8.45 rows=1 width=121)
	  Index Cond: (id = 1684500)

table 7 : explain SELECT c FROM sbtest7 WHERE id=2674582
	Index Scan using sbtest7_pkey on sbtest7  (cost=0.43..8.45 rows=1 width=121)
	  Index Cond: (id = 2674582)

table 8 : explain SELECT c FROM sbtest8 WHERE id=5698593
	Index Scan using sbtest8_pkey on sbtest8  (cost=0.43..8.45 rows=1 width=121)
	  Index Cond: (id = 5698593)

for: sum_ranges
table 1 : explain SELECT SUM(k) FROM sbtest1 WHERE id BETWEEN 1955653 AND 1956652
	Aggregate  (cost=4361.70..4361.71 rows=1 width=8)
	  ->  Bitmap Heap Scan on sbtest1  (cost=28.05..4358.87 rows=1133 width=4)
	        Recheck Cond: ((id >= 1955653) AND (id <= 1956652))
	        ->  Bitmap Index Scan on sbtest1_pkey  (cost=0.00..27.76 rows=1133 width=0)
	              Index Cond: ((id >= 1955653) AND (id <= 1956652))

table 2 : explain SELECT SUM(k) FROM sbtest2 WHERE id BETWEEN 599734 AND 600733
	Aggregate  (cost=3798.66..3798.67 rows=1 width=8)
	  ->  Bitmap Heap Scan on sbtest2  (cost=22.51..3796.21 rows=983 width=4)
	        Recheck Cond: ((id >= 599734) AND (id <= 600733))
	        ->  Bitmap Index Scan on sbtest2_pkey  (cost=0.00..22.26 rows=983 width=0)
	              Index Cond: ((id >= 599734) AND (id <= 600733))

table 3 : explain SELECT SUM(k) FROM sbtest3 WHERE id BETWEEN 8131450 AND 8132449
	Aggregate  (cost=3515.69..3515.70 rows=1 width=8)
	  ->  Bitmap Heap Scan on sbtest3  (cost=21.74..3513.42 rows=908 width=4)
	        Recheck Cond: ((id >= 8131450) AND (id <= 8132449))
	        ->  Bitmap Index Scan on sbtest3_pkey  (cost=0.00..21.51 rows=908 width=0)
	              Index Cond: ((id >= 8131450) AND (id <= 8132449))

table 4 : explain SELECT SUM(k) FROM sbtest4 WHERE id BETWEEN 4430221 AND 4431220
	Aggregate  (cost=3972.90..3972.91 rows=1 width=8)
	  ->  Bitmap Heap Scan on sbtest4  (cost=22.98..3970.33 rows=1029 width=4)
	        Recheck Cond: ((id >= 4430221) AND (id <= 4431220))
	        ->  Bitmap Index Scan on sbtest4_pkey  (cost=0.00..22.72 rows=1029 width=0)
	              Index Cond: ((id >= 4430221) AND (id <= 4431220))

table 5 : explain SELECT SUM(k) FROM sbtest5 WHERE id BETWEEN 9805488 AND 9806487
	Aggregate  (cost=3833.64..3833.65 rows=1 width=8)
	  ->  Bitmap Heap Scan on sbtest5  (cost=22.60..3831.16 rows=992 width=4)
	        Recheck Cond: ((id >= 9805488) AND (id <= 9806487))
	        ->  Bitmap Index Scan on sbtest5_pkey  (cost=0.00..22.36 rows=992 width=0)
	              Index Cond: ((id >= 9805488) AND (id <= 9806487))

table 6 : explain SELECT SUM(k) FROM sbtest6 WHERE id BETWEEN 4950125 AND 4951124
	Aggregate  (cost=3879.58..3879.59 rows=1 width=8)
	  ->  Bitmap Heap Scan on sbtest6  (cost=22.73..3877.07 rows=1004 width=4)
	        Recheck Cond: ((id >= 4950125) AND (id <= 4951124))
	        ->  Bitmap Index Scan on sbtest6_pkey  (cost=0.00..22.47 rows=1004 width=0)
	              Index Cond: ((id >= 4950125) AND (id <= 4951124))

table 7 : explain SELECT SUM(k) FROM sbtest7 WHERE id BETWEEN 4525266 AND 4526265
	Aggregate  (cost=3653.14..3653.15 rows=1 width=8)
	  ->  Bitmap Heap Scan on sbtest7  (cost=22.11..3650.78 rows=944 width=4)
	        Recheck Cond: ((id >= 4525266) AND (id <= 4526265))
	        ->  Bitmap Index Scan on sbtest7_pkey  (cost=0.00..21.87 rows=944 width=0)
	              Index Cond: ((id >= 4525266) AND (id <= 4526265))

table 8 : explain SELECT SUM(k) FROM sbtest8 WHERE id BETWEEN 2063429 AND 2064428
	Aggregate  (cost=3607.83..3607.84 rows=1 width=8)
	  ->  Bitmap Heap Scan on sbtest8  (cost=21.99..3605.50 rows=932 width=4)
	        Recheck Cond: ((id >= 2063429) AND (id <= 2064428))
	        ->  Bitmap Index Scan on sbtest8_pkey  (cost=0.00..21.75 rows=932 width=0)
	              Index Cond: ((id >= 2063429) AND (id <= 2064428))

for: order_ranges
table 1 : explain SELECT c FROM sbtest1 WHERE id BETWEEN 8587210 AND 8588209 ORDER BY c
	Sort  (cost=3652.80..3655.13 rows=933 width=121)
	  Sort Key: c
	  ->  Bitmap Heap Scan on sbtest1  (cost=22.00..3606.77 rows=933 width=121)
	        Recheck Cond: ((id >= 8587210) AND (id <= 8588209))
	        ->  Bitmap Index Scan on sbtest1_pkey  (cost=0.00..21.76 rows=933 width=0)
	              Index Cond: ((id >= 8587210) AND (id <= 8588209))

table 2 : explain SELECT c FROM sbtest2 WHERE id BETWEEN 4630429 AND 4631428 ORDER BY c
	Sort  (cost=3841.24..3843.70 rows=982 width=121)
	  Sort Key: c
	  ->  Bitmap Heap Scan on sbtest2  (cost=22.50..3792.44 rows=982 width=121)
	        Recheck Cond: ((id >= 4630429) AND (id <= 4631428))
	        ->  Bitmap Index Scan on sbtest2_pkey  (cost=0.00..22.25 rows=982 width=0)
	              Index Cond: ((id >= 4630429) AND (id <= 4631428))

table 3 : explain SELECT c FROM sbtest3 WHERE id BETWEEN 1924754 AND 1925753 ORDER BY c
	Sort  (cost=3799.30..3801.73 rows=971 width=121)
	  Sort Key: c
	  ->  Bitmap Heap Scan on sbtest3  (cost=22.39..3751.12 rows=971 width=121)
	        Recheck Cond: ((id >= 1924754) AND (id <= 1925753))
	        ->  Bitmap Index Scan on sbtest3_pkey  (cost=0.00..22.14 rows=971 width=0)
	              Index Cond: ((id >= 1924754) AND (id <= 1925753))

table 4 : explain SELECT c FROM sbtest4 WHERE id BETWEEN 5279588 AND 5280587 ORDER BY c
	Sort  (cost=3933.93..3936.44 rows=1006 width=121)
	  Sort Key: c
	  ->  Bitmap Heap Scan on sbtest4  (cost=22.75..3883.76 rows=1006 width=121)
	        Recheck Cond: ((id >= 5279588) AND (id <= 5280587))
	        ->  Bitmap Index Scan on sbtest4_pkey  (cost=0.00..22.50 rows=1006 width=0)
	              Index Cond: ((id >= 5279588) AND (id <= 5280587))

table 5 : explain SELECT c FROM sbtest5 WHERE id BETWEEN 1206394 AND 1207393 ORDER BY c
	Sort  (cost=3374.62..3376.77 rows=860 width=121)
	  Sort Key: c
	  ->  Bitmap Heap Scan on sbtest5  (cost=21.25..3332.70 rows=860 width=121)
	        Recheck Cond: ((id >= 1206394) AND (id <= 1207393))
	        ->  Bitmap Index Scan on sbtest5_pkey  (cost=0.00..21.04 rows=860 width=0)
	              Index Cond: ((id >= 1206394) AND (id <= 1207393))

table 6 : explain SELECT c FROM sbtest6 WHERE id BETWEEN 4484114 AND 4485113 ORDER BY c
	Sort  (cost=3869.75..3872.23 rows=989 width=121)
	  Sort Key: c
	  ->  Bitmap Heap Scan on sbtest6  (cost=22.57..3820.55 rows=989 width=121)
	        Recheck Cond: ((id >= 4484114) AND (id <= 4485113))
	        ->  Bitmap Index Scan on sbtest6_pkey  (cost=0.00..22.32 rows=989 width=0)
	              Index Cond: ((id >= 4484114) AND (id <= 4485113))

table 7 : explain SELECT c FROM sbtest7 WHERE id BETWEEN 2432629 AND 2433628 ORDER BY c
	Sort  (cost=3701.25..3703.62 rows=945 width=121)
	  Sort Key: c
	  ->  Bitmap Heap Scan on sbtest7  (cost=22.12..3654.55 rows=945 width=121)
	        Recheck Cond: ((id >= 2432629) AND (id <= 2433628))
	        ->  Bitmap Index Scan on sbtest7_pkey  (cost=0.00..21.89 rows=945 width=0)
	              Index Cond: ((id >= 2432629) AND (id <= 2433628))

table 8 : explain SELECT c FROM sbtest8 WHERE id BETWEEN 5360324 AND 5361323 ORDER BY c
	Sort  (cost=3930.94..3933.46 rows=1005 width=121)
	  Sort Key: c
	  ->  Bitmap Heap Scan on sbtest8  (cost=22.74..3880.83 rows=1005 width=121)
	        Recheck Cond: ((id >= 5360324) AND (id <= 5361323))
	        ->  Bitmap Index Scan on sbtest8_pkey  (cost=0.00..22.48 rows=1005 width=0)
	              Index Cond: ((id >= 5360324) AND (id <= 5361323))

explain: for point_selects :: explain SELECT c FROM sbtest%u WHERE id=%u
for point_selects
table 1 : explain SELECT c FROM sbtest1 WHERE id=5032499
	Index Scan using sbtest1_pkey on sbtest1  (cost=0.43..8.45 rows=1 width=121)
	  Index Cond: (id = 5032499)

table 2 : explain SELECT c FROM sbtest2 WHERE id=4918719
	Index Scan using sbtest2_pkey on sbtest2  (cost=0.43..8.45 rows=1 width=121)
	  Index Cond: (id = 4918719)

table 3 : explain SELECT c FROM sbtest3 WHERE id=2829437
	Index Scan using sbtest3_pkey on sbtest3  (cost=0.43..8.45 rows=1 width=121)
	  Index Cond: (id = 2829437)

table 4 : explain SELECT c FROM sbtest4 WHERE id=4347334
	Index Scan using sbtest4_pkey on sbtest4  (cost=0.43..8.45 rows=1 width=121)
	  Index Cond: (id = 4347334)

table 5 : explain SELECT c FROM sbtest5 WHERE id=486442
	Index Scan using sbtest5_pkey on sbtest5  (cost=0.43..8.45 rows=1 width=121)
	  Index Cond: (id = 486442)

table 6 : explain SELECT c FROM sbtest6 WHERE id=1226693
	Index Scan using sbtest6_pkey on sbtest6  (cost=0.43..8.45 rows=1 width=121)
	  Index Cond: (id = 1226693)

table 7 : explain SELECT c FROM sbtest7 WHERE id=2931623
	Index Scan using sbtest7_pkey on sbtest7  (cost=0.43..8.45 rows=1 width=121)
	  Index Cond: (id = 2931623)

table 8 : explain SELECT c FROM sbtest8 WHERE id=8221077
	Index Scan using sbtest8_pkey on sbtest8  (cost=0.43..8.45 rows=1 width=121)
	  Index Cond: (id = 8221077)

for: simple_ranges
table 1 : explain SELECT c FROM sbtest1 WHERE id BETWEEN 5365690 AND 5366689
	Bitmap Heap Scan on sbtest1  (cost=23.45..4141.09 rows=1075 width=121)
	  Recheck Cond: ((id >= 5365690) AND (id <= 5366689))
	  ->  Bitmap Index Scan on sbtest1_pkey  (cost=0.00..23.18 rows=1075 width=0)
	        Index Cond: ((id >= 5365690) AND (id <= 5366689))

table 2 : explain SELECT c FROM sbtest2 WHERE id BETWEEN 2371968 AND 2372967
	Bitmap Heap Scan on sbtest2  (cost=22.97..3965.59 rows=1028 width=121)
	  Recheck Cond: ((id >= 2371968) AND (id <= 2372967))
	  ->  Bitmap Index Scan on sbtest2_pkey  (cost=0.00..22.71 rows=1028 width=0)
	        Index Cond: ((id >= 2371968) AND (id <= 2372967))

table 3 : explain SELECT c FROM sbtest3 WHERE id BETWEEN 6485169 AND 6486168
	Bitmap Heap Scan on sbtest3  (cost=22.44..3769.97 rows=976 width=121)
	  Recheck Cond: ((id >= 6485169) AND (id <= 6486168))
	  ->  Bitmap Index Scan on sbtest3_pkey  (cost=0.00..22.19 rows=976 width=0)
	        Index Cond: ((id >= 6485169) AND (id <= 6486168))

table 4 : explain SELECT c FROM sbtest4 WHERE id BETWEEN 3195134 AND 3196133
	Bitmap Heap Scan on sbtest4  (cost=22.97..3966.57 rows=1028 width=121)
	  Recheck Cond: ((id >= 3195134) AND (id <= 3196133))
	  ->  Bitmap Index Scan on sbtest4_pkey  (cost=0.00..22.71 rows=1028 width=0)
	        Index Cond: ((id >= 3195134) AND (id <= 3196133))

table 5 : explain SELECT c FROM sbtest5 WHERE id BETWEEN 5266786 AND 5267785
	Bitmap Heap Scan on sbtest5  (cost=22.88..3932.84 rows=1019 width=121)
	  Recheck Cond: ((id >= 5266786) AND (id <= 5267785))
	  ->  Bitmap Index Scan on sbtest5_pkey  (cost=0.00..22.62 rows=1019 width=0)
	        Index Cond: ((id >= 5266786) AND (id <= 5267785))

table 6 : explain SELECT c FROM sbtest6 WHERE id BETWEEN 6423228 AND 6424227
	Bitmap Heap Scan on sbtest6  (cost=23.05..3997.55 rows=1036 width=121)
	  Recheck Cond: ((id >= 6423228) AND (id <= 6424227))
	  ->  Bitmap Index Scan on sbtest6_pkey  (cost=0.00..22.79 rows=1036 width=0)
	        Index Cond: ((id >= 6423228) AND (id <= 6424227))

table 7 : explain SELECT c FROM sbtest7 WHERE id BETWEEN 7305650 AND 7306649
	Bitmap Heap Scan on sbtest7  (cost=21.65..3480.78 rows=899 width=121)
	  Recheck Cond: ((id >= 7305650) AND (id <= 7306649))
	  ->  Bitmap Index Scan on sbtest7_pkey  (cost=0.00..21.43 rows=899 width=0)
	        Index Cond: ((id >= 7305650) AND (id <= 7306649))

table 8 : explain SELECT c FROM sbtest8 WHERE id BETWEEN 7839400 AND 7840399
	Bitmap Heap Scan on sbtest8  (cost=22.85..3922.26 rows=1016 width=121)
	  Recheck Cond: ((id >= 7839400) AND (id <= 7840399))
	  ->  Bitmap Index Scan on sbtest8_pkey  (cost=0.00..22.59 rows=1016 width=0)
	        Index Cond: ((id >= 7839400) AND (id <= 7840399))

for: distinct_ranges
table 1 : explain SELECT DISTINCT c FROM sbtest1 WHERE id BETWEEN 2745252 AND 2746251 ORDER BY c
	Unique  (cost=3606.84..3611.45 rows=921 width=121)
	  ->  Sort  (cost=3606.84..3609.14 rows=921 width=121)
	        Sort Key: c
	        ->  Bitmap Heap Scan on sbtest1  (cost=21.88..3561.50 rows=921 width=121)
	              Recheck Cond: ((id >= 2745252) AND (id <= 2746251))
	              ->  Bitmap Index Scan on sbtest1_pkey  (cost=0.00..21.64 rows=921 width=0)
	                    Index Cond: ((id >= 2745252) AND (id <= 2746251))

table 2 : explain SELECT DISTINCT c FROM sbtest2 WHERE id BETWEEN 447659 AND 448658 ORDER BY c
	Unique  (cost=3803.00..3807.86 rows=972 width=121)
	  ->  Sort  (cost=3803.00..3805.43 rows=972 width=121)
	        Sort Key: c
	        ->  Bitmap Heap Scan on sbtest2  (cost=22.40..3754.76 rows=972 width=121)
	              Recheck Cond: ((id >= 447659) AND (id <= 448658))
	              ->  Bitmap Index Scan on sbtest2_pkey  (cost=0.00..22.15 rows=972 width=0)
	                    Index Cond: ((id >= 447659) AND (id <= 448658))

table 3 : explain SELECT DISTINCT c FROM sbtest3 WHERE id BETWEEN 6846410 AND 6847409 ORDER BY c
	Unique  (cost=3814.60..3819.48 rows=975 width=121)
	  ->  Sort  (cost=3814.60..3817.04 rows=975 width=121)
	        Sort Key: c
	        ->  Bitmap Heap Scan on sbtest3  (cost=22.43..3766.20 rows=975 width=121)
	              Recheck Cond: ((id >= 6846410) AND (id <= 6847409))
	              ->  Bitmap Index Scan on sbtest3_pkey  (cost=0.00..22.18 rows=975 width=0)
	                    Index Cond: ((id >= 6846410) AND (id <= 6847409))

table 4 : explain SELECT DISTINCT c FROM sbtest4 WHERE id BETWEEN 858963 AND 859962 ORDER BY c
	Unique  (cost=4044.73..4049.91 rows=1035 width=121)
	  ->  Sort  (cost=4044.73..4047.32 rows=1035 width=121)
	        Sort Key: c
	        ->  Bitmap Heap Scan on sbtest4  (cost=23.04..3992.90 rows=1035 width=121)
	              Recheck Cond: ((id >= 858963) AND (id <= 859962))
	              ->  Bitmap Index Scan on sbtest4_pkey  (cost=0.00..22.79 rows=1035 width=0)
	                    Index Cond: ((id >= 858963) AND (id <= 859962))

table 5 : explain SELECT DISTINCT c FROM sbtest5 WHERE id BETWEEN 5386719 AND 5387718 ORDER BY c
	Unique  (cost=3979.93..3985.02 rows=1018 width=121)
	  ->  Sort  (cost=3979.93..3982.48 rows=1018 width=121)
	        Sort Key: c
	        ->  Bitmap Heap Scan on sbtest5  (cost=22.87..3929.07 rows=1018 width=121)
	              Recheck Cond: ((id >= 5386719) AND (id <= 5387718))
	              ->  Bitmap Index Scan on sbtest5_pkey  (cost=0.00..22.61 rows=1018 width=0)
	                    Index Cond: ((id >= 5386719) AND (id <= 5387718))

table 6 : explain SELECT DISTINCT c FROM sbtest6 WHERE id BETWEEN 2249423 AND 2250422 ORDER BY c
	Unique  (cost=4240.29..4245.72 rows=1086 width=121)
	  ->  Sort  (cost=4240.29..4243.01 rows=1086 width=121)
	        Sort Key: c
	        ->  Bitmap Heap Scan on sbtest6  (cost=23.57..4185.53 rows=1086 width=121)
	              Recheck Cond: ((id >= 2249423) AND (id <= 2250422))
	              ->  Bitmap Index Scan on sbtest6_pkey  (cost=0.00..23.29 rows=1086 width=0)
	                    Index Cond: ((id >= 2249423) AND (id <= 2250422))

table 7 : explain SELECT DISTINCT c FROM sbtest7 WHERE id BETWEEN 844846 AND 845845 ORDER BY c
	Unique  (cost=4106.67..4111.93 rows=1051 width=121)
	  ->  Sort  (cost=4106.67..4109.30 rows=1051 width=121)
	        Sort Key: c
	        ->  Bitmap Heap Scan on sbtest7  (cost=23.21..4053.93 rows=1051 width=121)
	              Recheck Cond: ((id >= 844846) AND (id <= 845845))
	              ->  Bitmap Index Scan on sbtest7_pkey  (cost=0.00..22.94 rows=1051 width=0)
	                    Index Cond: ((id >= 844846) AND (id <= 845845))

table 8 : explain SELECT DISTINCT c FROM sbtest8 WHERE id BETWEEN 9437970 AND 9438969 ORDER BY c
	Unique  (cost=3846.79..3851.70 rows=983 width=121)
	  ->  Sort  (cost=3846.79..3849.25 rows=983 width=121)
	        Sort Key: c
	        ->  Bitmap Heap Scan on sbtest8  (cost=22.51..3797.93 rows=983 width=121)
	              Recheck Cond: ((id >= 9437970) AND (id <= 9438969))
	              ->  Bitmap Index Scan on sbtest8_pkey  (cost=0.00..22.26 rows=983 width=0)
	                    Index Cond: ((id >= 9437970) AND (id <= 9438969))

for: order_ranges
table 1 : explain SELECT c FROM sbtest1 WHERE id BETWEEN 7033294 AND 7034293 ORDER BY c
	Sort  (cost=4118.97..4121.61 rows=1055 width=121)
	  Sort Key: c
	  ->  Bitmap Heap Scan on sbtest1  (cost=23.25..4065.99 rows=1055 width=121)
	        Recheck Cond: ((id >= 7033294) AND (id <= 7034293))
	        ->  Bitmap Index Scan on sbtest1_pkey  (cost=0.00..22.98 rows=1055 width=0)
	              Index Cond: ((id >= 7033294) AND (id <= 7034293))

table 2 : explain SELECT c FROM sbtest2 WHERE id BETWEEN 3334945 AND 3335944 ORDER BY c
	Sort  (cost=4146.78..4149.43 rows=1062 width=121)
	  Sort Key: c
	  ->  Bitmap Heap Scan on sbtest2  (cost=23.32..4093.40 rows=1062 width=121)
	        Recheck Cond: ((id >= 3334945) AND (id <= 3335944))
	        ->  Bitmap Index Scan on sbtest2_pkey  (cost=0.00..23.05 rows=1062 width=0)
	              Index Cond: ((id >= 3334945) AND (id <= 3335944))

table 3 : explain SELECT c FROM sbtest3 WHERE id BETWEEN 2945136 AND 2946135 ORDER BY c
	Sort  (cost=3879.61..3882.09 rows=992 width=121)
	  Sort Key: c
	  ->  Bitmap Heap Scan on sbtest3  (cost=22.60..3830.24 rows=992 width=121)
	        Recheck Cond: ((id >= 2945136) AND (id <= 2946135))
	        ->  Bitmap Index Scan on sbtest3_pkey  (cost=0.00..22.36 rows=992 width=0)
	              Index Cond: ((id >= 2945136) AND (id <= 2946135))

table 4 : explain SELECT c FROM sbtest4 WHERE id BETWEEN 2880773 AND 2881772 ORDER BY c
	Sort  (cost=3719.68..3722.05 rows=950 width=121)
	  Sort Key: c
	  ->  Bitmap Heap Scan on sbtest4  (cost=22.17..3672.69 rows=950 width=121)
	        Recheck Cond: ((id >= 2880773) AND (id <= 2881772))
	        ->  Bitmap Index Scan on sbtest4_pkey  (cost=0.00..21.93 rows=950 width=0)
	              Index Cond: ((id >= 2880773) AND (id <= 2881772))

table 5 : explain SELECT c FROM sbtest5 WHERE id BETWEEN 3723851 AND 3724850 ORDER BY c
	Sort  (cost=4430.28..4433.12 rows=1136 width=121)
	  Sort Key: c
	  ->  Bitmap Heap Scan on sbtest5  (cost=28.08..4372.63 rows=1136 width=121)
	        Recheck Cond: ((id >= 3723851) AND (id <= 3724850))
	        ->  Bitmap Index Scan on sbtest5_pkey  (cost=0.00..27.79 rows=1136 width=0)
	              Index Cond: ((id >= 3723851) AND (id <= 3724850))

table 6 : explain SELECT c FROM sbtest6 WHERE id BETWEEN 945414 AND 946413 ORDER BY c
	Sort  (cost=4037.97..4040.56 rows=1033 width=121)
	  Sort Key: c
	  ->  Bitmap Heap Scan on sbtest6  (cost=23.02..3986.26 rows=1033 width=121)
	        Recheck Cond: ((id >= 945414) AND (id <= 946413))
	        ->  Bitmap Index Scan on sbtest6_pkey  (cost=0.00..22.76 rows=1033 width=0)
	              Index Cond: ((id >= 945414) AND (id <= 946413))

table 7 : explain SELECT c FROM sbtest7 WHERE id BETWEEN 194854 AND 195853 ORDER BY c
	Sort  (cost=3992.07..3994.62 rows=1021 width=121)
	  Sort Key: c
	  ->  Bitmap Heap Scan on sbtest7  (cost=22.90..3941.04 rows=1021 width=121)
	        Recheck Cond: ((id >= 194854) AND (id <= 195853))
	        ->  Bitmap Index Scan on sbtest7_pkey  (cost=0.00..22.64 rows=1021 width=0)
	              Index Cond: ((id >= 194854) AND (id <= 195853))

table 8 : explain SELECT c FROM sbtest8 WHERE id BETWEEN 1661631 AND 1662630 ORDER BY c
	Sort  (cost=4034.14..4036.72 rows=1032 width=121)
	  Sort Key: c
	  ->  Bitmap Heap Scan on sbtest8  (cost=23.01..3982.49 rows=1032 width=121)
	        Recheck Cond: ((id >= 1661631) AND (id <= 1662630))
	        ->  Bitmap Index Scan on sbtest8_pkey  (cost=0.00..22.75 rows=1032 width=0)
	              Index Cond: ((id >= 1661631) AND (id <= 1662630))

for: distinct_ranges
table 1 : explain SELECT DISTINCT c FROM sbtest1 WHERE id BETWEEN 4028601 AND 4029600 ORDER BY c
	Unique  (cost=4168.54..4173.88 rows=1068 width=121)
	  ->  Sort  (cost=4168.54..4171.21 rows=1068 width=121)
	        Sort Key: c
	        ->  Bitmap Heap Scan on sbtest1  (cost=23.38..4114.81 rows=1068 width=121)
	              Recheck Cond: ((id >= 4028601) AND (id <= 4029600))
	              ->  Bitmap Index Scan on sbtest1_pkey  (cost=0.00..23.11 rows=1068 width=0)
	                    Index Cond: ((id >= 4028601) AND (id <= 4029600))

table 2 : explain SELECT DISTINCT c FROM sbtest2 WHERE id BETWEEN 5488599 AND 5489598 ORDER BY c
	Unique  (cost=3994.11..3999.22 rows=1022 width=121)
	  ->  Sort  (cost=3994.11..3996.66 rows=1022 width=121)
	        Sort Key: c
	        ->  Bitmap Heap Scan on sbtest2  (cost=22.91..3943.02 rows=1022 width=121)
	              Recheck Cond: ((id >= 5488599) AND (id <= 5489598))
	              ->  Bitmap Index Scan on sbtest2_pkey  (cost=0.00..22.65 rows=1022 width=0)
	                    Index Cond: ((id >= 5488599) AND (id <= 5489598))

table 3 : explain SELECT DISTINCT c FROM sbtest3 WHERE id BETWEEN 9781582 AND 9782581 ORDER BY c
	Unique  (cost=3906.37..3911.37 rows=999 width=121)
	  ->  Sort  (cost=3906.37..3908.87 rows=999 width=121)
	        Sort Key: c
	        ->  Bitmap Heap Scan on sbtest3  (cost=22.67..3856.60 rows=999 width=121)
	              Recheck Cond: ((id >= 9781582) AND (id <= 9782581))
	              ->  Bitmap Index Scan on sbtest3_pkey  (cost=0.00..22.43 rows=999 width=0)
	                    Index Cond: ((id >= 9781582) AND (id <= 9782581))

table 4 : explain SELECT DISTINCT c FROM sbtest4 WHERE id BETWEEN 9813010 AND 9814009 ORDER BY c
	Unique  (cost=3987.43..3992.53 rows=1020 width=121)
	  ->  Sort  (cost=3987.43..3989.98 rows=1020 width=121)
	        Sort Key: c
	        ->  Bitmap Heap Scan on sbtest4  (cost=22.89..3936.46 rows=1020 width=121)
	              Recheck Cond: ((id >= 9813010) AND (id <= 9814009))
	              ->  Bitmap Index Scan on sbtest4_pkey  (cost=0.00..22.64 rows=1020 width=0)
	                    Index Cond: ((id >= 9813010) AND (id <= 9814009))

table 5 : explain SELECT DISTINCT c FROM sbtest5 WHERE id BETWEEN 9163316 AND 9164315 ORDER BY c
	Unique  (cost=3735.12..3739.89 rows=954 width=121)
	  ->  Sort  (cost=3735.12..3737.50 rows=954 width=121)
	        Sort Key: c
	        ->  Bitmap Heap Scan on sbtest5  (cost=22.21..3687.91 rows=954 width=121)
	              Recheck Cond: ((id >= 9163316) AND (id <= 9164315))
	              ->  Bitmap Index Scan on sbtest5_pkey  (cost=0.00..21.97 rows=954 width=0)
	                    Index Cond: ((id >= 9163316) AND (id <= 9164315))

table 6 : explain SELECT DISTINCT c FROM sbtest6 WHERE id BETWEEN 2097382 AND 2098381 ORDER BY c
	Unique  (cost=3908.01..3913.00 rows=999 width=121)
	  ->  Sort  (cost=3908.01..3910.50 rows=999 width=121)
	        Sort Key: c
	        ->  Bitmap Heap Scan on sbtest6  (cost=22.67..3858.23 rows=999 width=121)
	              Recheck Cond: ((id >= 2097382) AND (id <= 2098381))
	              ->  Bitmap Index Scan on sbtest6_pkey  (cost=0.00..22.43 rows=999 width=0)
	                    Index Cond: ((id >= 2097382) AND (id <= 2098381))

table 7 : explain SELECT DISTINCT c FROM sbtest7 WHERE id BETWEEN 8108323 AND 8109322 ORDER BY c
	Unique  (cost=3628.44..3633.07 rows=926 width=121)
	  ->  Sort  (cost=3628.44..3630.75 rows=926 width=121)
	        Sort Key: c
	        ->  Bitmap Heap Scan on sbtest7  (cost=21.93..3582.81 rows=926 width=121)
	              Recheck Cond: ((id >= 8108323) AND (id <= 8109322))
	              ->  Bitmap Index Scan on sbtest7_pkey  (cost=0.00..21.69 rows=926 width=0)
	                    Index Cond: ((id >= 8108323) AND (id <= 8109322))

table 8 : explain SELECT DISTINCT c FROM sbtest8 WHERE id BETWEEN 3125567 AND 3126566 ORDER BY c
	Unique  (cost=3685.96..3690.67 rows=941 width=121)
	  ->  Sort  (cost=3685.96..3688.32 rows=941 width=121)
	        Sort Key: c
	        ->  Bitmap Heap Scan on sbtest8  (cost=22.08..3639.49 rows=941 width=121)
	              Recheck Cond: ((id >= 3125567) AND (id <= 3126566))
	              ->  Bitmap Index Scan on sbtest8_pkey  (cost=0.00..21.84 rows=941 width=0)
	                    Index Cond: ((id >= 3125567) AND (id <= 3126566))

for: order_ranges
table 1 : explain SELECT c FROM sbtest1 WHERE id BETWEEN 4245566 AND 4246565 ORDER BY c
	Sort  (cost=4004.51..4007.07 rows=1025 width=121)
	  Sort Key: c
	  ->  Bitmap Heap Scan on sbtest1  (cost=22.94..3953.25 rows=1025 width=121)
	        Recheck Cond: ((id >= 4245566) AND (id <= 4246565))
	        ->  Bitmap Index Scan on sbtest1_pkey  (cost=0.00..22.68 rows=1025 width=0)
	              Index Cond: ((id >= 4245566) AND (id <= 4246565))

table 2 : explain SELECT c FROM sbtest2 WHERE id BETWEEN 4497381 AND 4498380 ORDER BY c
	Sort  (cost=3898.59..3901.08 rows=997 width=121)
	  Sort Key: c
	  ->  Bitmap Heap Scan on sbtest2  (cost=22.65..3848.93 rows=997 width=121)
	        Recheck Cond: ((id >= 4497381) AND (id <= 4498380))
	        ->  Bitmap Index Scan on sbtest2_pkey  (cost=0.00..22.40 rows=997 width=0)
	              Index Cond: ((id >= 4497381) AND (id <= 4498380))

table 3 : explain SELECT c FROM sbtest3 WHERE id BETWEEN 3403366 AND 3404365 ORDER BY c
	Sort  (cost=4242.25..4244.97 rows=1087 width=121)
	  Sort Key: c
	  ->  Bitmap Heap Scan on sbtest3  (cost=23.58..4187.43 rows=1087 width=121)
	        Recheck Cond: ((id >= 3403366) AND (id <= 3404365))
	        ->  Bitmap Index Scan on sbtest3_pkey  (cost=0.00..23.30 rows=1087 width=0)
	              Index Cond: ((id >= 3403366) AND (id <= 3404365))

table 4 : explain SELECT c FROM sbtest4 WHERE id BETWEEN 4493034 AND 4494033 ORDER BY c
	Sort  (cost=4021.81..4024.39 rows=1029 width=121)
	  Sort Key: c
	  ->  Bitmap Heap Scan on sbtest4  (cost=22.98..3970.33 rows=1029 width=121)
	        Recheck Cond: ((id >= 4493034) AND (id <= 4494033))
	        ->  Bitmap Index Scan on sbtest4_pkey  (cost=0.00..22.72 rows=1029 width=0)
	              Index Cond: ((id >= 4493034) AND (id <= 4494033))

table 5 : explain SELECT c FROM sbtest5 WHERE id BETWEEN 9342344 AND 9343343 ORDER BY c
	Sort  (cost=3937.89..3940.41 rows=1007 width=121)
	  Sort Key: c
	  ->  Bitmap Heap Scan on sbtest5  (cost=22.76..3887.66 rows=1007 width=121)
	        Recheck Cond: ((id >= 9342344) AND (id <= 9343343))
	        ->  Bitmap Index Scan on sbtest5_pkey  (cost=0.00..22.50 rows=1007 width=0)
	              Index Cond: ((id >= 9342344) AND (id <= 9343343))

table 6 : explain SELECT c FROM sbtest6 WHERE id BETWEEN 8978082 AND 8979081 ORDER BY c
	Sort  (cost=3812.35..3814.79 rows=974 width=121)
	  Sort Key: c
	  ->  Bitmap Heap Scan on sbtest6  (cost=22.42..3764.00 rows=974 width=121)
	        Recheck Cond: ((id >= 8978082) AND (id <= 8979081))
	        ->  Bitmap Index Scan on sbtest6_pkey  (cost=0.00..22.18 rows=974 width=0)
	              Index Cond: ((id >= 8978082) AND (id <= 8979081))

table 7 : explain SELECT c FROM sbtest7 WHERE id BETWEEN 9536141 AND 9537140 ORDER BY c
	Sort  (cost=3804.65..3807.08 rows=972 width=121)
	  Sort Key: c
	  ->  Bitmap Heap Scan on sbtest7  (cost=22.40..3756.42 rows=972 width=121)
	        Recheck Cond: ((id >= 9536141) AND (id <= 9537140))
	        ->  Bitmap Index Scan on sbtest7_pkey  (cost=0.00..22.15 rows=972 width=0)
	              Index Cond: ((id >= 9536141) AND (id <= 9537140))

table 8 : explain SELECT c FROM sbtest8 WHERE id BETWEEN 2623873 AND 2624872 ORDER BY c
	Sort  (cost=3697.46..3699.82 rows=944 width=121)
	  Sort Key: c
	  ->  Bitmap Heap Scan on sbtest8  (cost=22.11..3650.81 rows=944 width=121)
	        Recheck Cond: ((id >= 2623873) AND (id <= 2624872))
	        ->  Bitmap Index Scan on sbtest8_pkey  (cost=0.00..21.87 rows=944 width=0)
	              Index Cond: ((id >= 2623873) AND (id <= 2624872))

for point_selects
table 1 : explain SELECT c FROM sbtest1 WHERE id=3515222
	Index Scan using sbtest1_pkey on sbtest1  (cost=0.43..8.45 rows=1 width=121)
	  Index Cond: (id = 3515222)

table 2 : explain SELECT c FROM sbtest2 WHERE id=6822933
	Index Scan using sbtest2_pkey on sbtest2  (cost=0.43..8.45 rows=1 width=121)
	  Index Cond: (id = 6822933)

table 3 : explain SELECT c FROM sbtest3 WHERE id=9338114
	Index Scan using sbtest3_pkey on sbtest3  (cost=0.43..8.45 rows=1 width=121)
	  Index Cond: (id = 9338114)

table 4 : explain SELECT c FROM sbtest4 WHERE id=1378003
	Index Scan using sbtest4_pkey on sbtest4  (cost=0.43..8.45 rows=1 width=121)
	  Index Cond: (id = 1378003)

table 5 : explain SELECT c FROM sbtest5 WHERE id=6776517
	Index Scan using sbtest5_pkey on sbtest5  (cost=0.43..8.45 rows=1 width=121)
	  Index Cond: (id = 6776517)

table 6 : explain SELECT c FROM sbtest6 WHERE id=7117800
	Index Scan using sbtest6_pkey on sbtest6  (cost=0.43..8.45 rows=1 width=121)
	  Index Cond: (id = 7117800)

table 7 : explain SELECT c FROM sbtest7 WHERE id=2597034
	Index Scan using sbtest7_pkey on sbtest7  (cost=0.43..8.45 rows=1 width=121)
	  Index Cond: (id = 2597034)

table 8 : explain SELECT c FROM sbtest8 WHERE id=6659390
	Index Scan using sbtest8_pkey on sbtest8  (cost=0.43..8.45 rows=1 width=121)
	  Index Cond: (id = 6659390)

for: order_ranges
table 1 : explain SELECT c FROM sbtest1 WHERE id BETWEEN 9350724 AND 9351723 ORDER BY c
	Sort  (cost=4248.65..4251.37 rows=1090 width=121)
	  Sort Key: c
	  ->  Bitmap Heap Scan on sbtest1  (cost=23.61..4193.65 rows=1090 width=121)
	        Recheck Cond: ((id >= 9350724) AND (id <= 9351723))
	        ->  Bitmap Index Scan on sbtest1_pkey  (cost=0.00..23.33 rows=1090 width=0)
	              Index Cond: ((id >= 9350724) AND (id <= 9351723))

table 2 : explain SELECT c FROM sbtest2 WHERE id BETWEEN 1164864 AND 1165863 ORDER BY c
	Sort  (cost=4055.20..4057.79 rows=1038 width=121)
	  Sort Key: c
	  ->  Bitmap Heap Scan on sbtest2  (cost=23.07..4003.20 rows=1038 width=121)
	        Recheck Cond: ((id >= 1164864) AND (id <= 1165863))
	        ->  Bitmap Index Scan on sbtest2_pkey  (cost=0.00..22.82 rows=1038 width=0)
	              Index Cond: ((id >= 1164864) AND (id <= 1165863))

table 3 : explain SELECT c FROM sbtest3 WHERE id BETWEEN 4572380 AND 4573379 ORDER BY c
	Sort  (cost=3646.18..3648.50 rows=931 width=121)
	  Sort Key: c
	  ->  Bitmap Heap Scan on sbtest3  (cost=21.98..3600.26 rows=931 width=121)
	        Recheck Cond: ((id >= 4572380) AND (id <= 4573379))
	        ->  Bitmap Index Scan on sbtest3_pkey  (cost=0.00..21.75 rows=931 width=0)
	              Index Cond: ((id >= 4572380) AND (id <= 4573379))

table 4 : explain SELECT c FROM sbtest4 WHERE id BETWEEN 8931997 AND 8932996 ORDER BY c
	Sort  (cost=4308.23..4310.99 rows=1104 width=121)
	  Sort Key: c
	  ->  Bitmap Heap Scan on sbtest4  (cost=27.75..4252.43 rows=1104 width=121)
	        Recheck Cond: ((id >= 8931997) AND (id <= 8932996))
	        ->  Bitmap Index Scan on sbtest4_pkey  (cost=0.00..27.47 rows=1104 width=0)
	              Index Cond: ((id >= 8931997) AND (id <= 8932996))

table 5 : explain SELECT c FROM sbtest5 WHERE id BETWEEN 2378422 AND 2379421 ORDER BY c
	Sort  (cost=3957.00..3959.53 rows=1012 width=121)
	  Sort Key: c
	  ->  Bitmap Heap Scan on sbtest5  (cost=22.81..3906.49 rows=1012 width=121)
	        Recheck Cond: ((id >= 2378422) AND (id <= 2379421))
	        ->  Bitmap Index Scan on sbtest5_pkey  (cost=0.00..22.55 rows=1012 width=0)
	              Index Cond: ((id >= 2378422) AND (id <= 2379421))

table 6 : explain SELECT c FROM sbtest6 WHERE id BETWEEN 161600 AND 162599 ORDER BY c
	Sort  (cost=3451.99..3454.19 rows=880 width=121)
	  Sort Key: c
	  ->  Bitmap Heap Scan on sbtest6  (cost=21.45..3408.96 rows=880 width=121)
	        Recheck Cond: ((id >= 161600) AND (id <= 162599))
	        ->  Bitmap Index Scan on sbtest6_pkey  (cost=0.00..21.23 rows=880 width=0)
	              Index Cond: ((id >= 161600) AND (id <= 162599))

table 7 : explain SELECT c FROM sbtest7 WHERE id BETWEEN 9595135 AND 9596134 ORDER BY c
	Sort  (cost=3804.65..3807.08 rows=972 width=121)
	  Sort Key: c
	  ->  Bitmap Heap Scan on sbtest7  (cost=22.40..3756.42 rows=972 width=121)
	        Recheck Cond: ((id >= 9595135) AND (id <= 9596134))
	        ->  Bitmap Index Scan on sbtest7_pkey  (cost=0.00..22.15 rows=972 width=0)
	              Index Cond: ((id >= 9595135) AND (id <= 9596134))

table 8 : explain SELECT c FROM sbtest8 WHERE id BETWEEN 1482231 AND 1483230 ORDER BY c
	Sort  (cost=4060.89..4063.48 rows=1039 width=121)
	  Sort Key: c
	  ->  Bitmap Heap Scan on sbtest8  (cost=23.08..4008.83 rows=1039 width=121)
	        Recheck Cond: ((id >= 1482231) AND (id <= 1483230))
	        ->  Bitmap Index Scan on sbtest8_pkey  (cost=0.00..22.82 rows=1039 width=0)
	              Index Cond: ((id >= 1482231) AND (id <= 1483230))

for point_selects
table 1 : explain SELECT c FROM sbtest1 WHERE id=8089819
	Index Scan using sbtest1_pkey on sbtest1  (cost=0.43..8.45 rows=1 width=121)
	  Index Cond: (id = 8089819)

table 2 : explain SELECT c FROM sbtest2 WHERE id=4480235
	Index Scan using sbtest2_pkey on sbtest2  (cost=0.43..8.45 rows=1 width=121)
	  Index Cond: (id = 4480235)

table 3 : explain SELECT c FROM sbtest3 WHERE id=9384639
	Index Scan using sbtest3_pkey on sbtest3  (cost=0.43..8.45 rows=1 width=121)
	  Index Cond: (id = 9384639)

table 4 : explain SELECT c FROM sbtest4 WHERE id=6404121
	Index Scan using sbtest4_pkey on sbtest4  (cost=0.43..8.45 rows=1 width=121)
	  Index Cond: (id = 6404121)

table 5 : explain SELECT c FROM sbtest5 WHERE id=1649403
	Index Scan using sbtest5_pkey on sbtest5  (cost=0.43..8.45 rows=1 width=121)
	  Index Cond: (id = 1649403)

table 6 : explain SELECT c FROM sbtest6 WHERE id=1089260
	Index Scan using sbtest6_pkey on sbtest6  (cost=0.43..8.45 rows=1 width=121)
	  Index Cond: (id = 1089260)

table 7 : explain SELECT c FROM sbtest7 WHERE id=2510011
	Index Scan using sbtest7_pkey on sbtest7  (cost=0.43..8.45 rows=1 width=121)
	  Index Cond: (id = 2510011)

table 8 : explain SELECT c FROM sbtest8 WHERE id=9483510
	Index Scan using sbtest8_pkey on sbtest8  (cost=0.43..8.45 rows=1 width=121)
	  Index Cond: (id = 9483510)

for point_selects
table 1 : explain SELECT c FROM sbtest1 WHERE id=6378114
	Index Scan using sbtest1_pkey on sbtest1  (cost=0.43..8.45 rows=1 width=121)
	  Index Cond: (id = 6378114)

table 2 : explain SELECT c FROM sbtest2 WHERE id=2566257
	Index Scan using sbtest2_pkey on sbtest2  (cost=0.43..8.45 rows=1 width=121)
	  Index Cond: (id = 2566257)

table 3 : explain SELECT c FROM sbtest3 WHERE id=8176966
	Index Scan using sbtest3_pkey on sbtest3  (cost=0.43..8.45 rows=1 width=121)
	  Index Cond: (id = 8176966)

table 4 : explain SELECT c FROM sbtest4 WHERE id=3713907
	Index Scan using sbtest4_pkey on sbtest4  (cost=0.43..8.45 rows=1 width=121)
	  Index Cond: (id = 3713907)

table 5 : explain SELECT c FROM sbtest5 WHERE id=9560015
	Index Scan using sbtest5_pkey on sbtest5  (cost=0.43..8.45 rows=1 width=121)
	  Index Cond: (id = 9560015)

table 6 : explain SELECT c FROM sbtest6 WHERE id=7235861
	Index Scan using sbtest6_pkey on sbtest6  (cost=0.43..8.45 rows=1 width=121)
	  Index Cond: (id = 7235861)

table 7 : explain SELECT c FROM sbtest7 WHERE id=8013066
	Index Scan using sbtest7_pkey on sbtest7  (cost=0.43..8.45 rows=1 width=121)
	  Index Cond: (id = 8013066)

table 8 : explain SELECT c FROM sbtest8 WHERE id=5864732
	Index Scan using sbtest8_pkey on sbtest8  (cost=0.43..8.45 rows=1 width=121)
	  Index Cond: (id = 5864732)

for point_selects
table 1 : explain SELECT c FROM sbtest1 WHERE id=626735
	Index Scan using sbtest1_pkey on sbtest1  (cost=0.43..8.45 rows=1 width=121)
	  Index Cond: (id = 626735)

table 2 : explain SELECT c FROM sbtest2 WHERE id=4716412
	Index Scan using sbtest2_pkey on sbtest2  (cost=0.43..8.45 rows=1 width=121)
	  Index Cond: (id = 4716412)

table 3 : explain SELECT c FROM sbtest3 WHERE id=9947778
	Index Scan using sbtest3_pkey on sbtest3  (cost=0.43..8.45 rows=1 width=121)
	  Index Cond: (id = 9947778)

table 4 : explain SELECT c FROM sbtest4 WHERE id=5723356
	Index Scan using sbtest4_pkey on sbtest4  (cost=0.43..8.45 rows=1 width=121)
	  Index Cond: (id = 5723356)

table 5 : explain SELECT c FROM sbtest5 WHERE id=8787584
	Index Scan using sbtest5_pkey on sbtest5  (cost=0.43..8.45 rows=1 width=121)
	  Index Cond: (id = 8787584)

table 6 : explain SELECT c FROM sbtest6 WHERE id=8007806
	Index Scan using sbtest6_pkey on sbtest6  (cost=0.43..8.45 rows=1 width=121)
	  Index Cond: (id = 8007806)

table 7 : explain SELECT c FROM sbtest7 WHERE id=6545712
	Index Scan using sbtest7_pkey on sbtest7  (cost=0.43..8.45 rows=1 width=121)
	  Index Cond: (id = 6545712)

table 8 : explain SELECT c FROM sbtest8 WHERE id=2289446
	Index Scan using sbtest8_pkey on sbtest8  (cost=0.43..8.45 rows=1 width=121)
	  Index Cond: (id = 2289446)

for: simple_ranges
table 1 : explain SELECT c FROM sbtest1 WHERE id BETWEEN 2147103 AND 2148102
	Bitmap Heap Scan on sbtest1  (cost=22.88..3930.69 rows=1019 width=121)
	  Recheck Cond: ((id >= 2147103) AND (id <= 2148102))
	  ->  Bitmap Index Scan on sbtest1_pkey  (cost=0.00..22.62 rows=1019 width=0)
	        Index Cond: ((id >= 2147103) AND (id <= 2148102))

table 2 : explain SELECT c FROM sbtest2 WHERE id BETWEEN 1595813 AND 1596812
	Bitmap Heap Scan on sbtest2  (cost=22.47..3781.14 rows=979 width=121)
	  Recheck Cond: ((id >= 1595813) AND (id <= 1596812))
	  ->  Bitmap Index Scan on sbtest2_pkey  (cost=0.00..22.22 rows=979 width=0)
	        Index Cond: ((id >= 1595813) AND (id <= 1596812))

table 3 : explain SELECT c FROM sbtest3 WHERE id BETWEEN 3817145 AND 3818144
	Bitmap Heap Scan on sbtest3  (cost=23.11..4014.62 rows=1041 width=121)
	  Recheck Cond: ((id >= 3817145) AND (id <= 3818144))
	  ->  Bitmap Index Scan on sbtest3_pkey  (cost=0.00..22.84 rows=1041 width=0)
	        Index Cond: ((id >= 3817145) AND (id <= 3818144))

table 4 : explain SELECT c FROM sbtest4 WHERE id BETWEEN 6164181 AND 6165180
	Bitmap Heap Scan on sbtest4  (cost=22.56..3815.96 rows=988 width=121)
	  Recheck Cond: ((id >= 6164181) AND (id <= 6165180))
	  ->  Bitmap Index Scan on sbtest4_pkey  (cost=0.00..22.32 rows=988 width=0)
	        Index Cond: ((id >= 6164181) AND (id <= 6165180))

table 5 : explain SELECT c FROM sbtest5 WHERE id BETWEEN 5673703 AND 5674702
	Bitmap Heap Scan on sbtest5  (cost=23.08..4008.09 rows=1039 width=121)
	  Recheck Cond: ((id >= 5673703) AND (id <= 5674702))
	  ->  Bitmap Index Scan on sbtest5_pkey  (cost=0.00..22.82 rows=1039 width=0)
	        Index Cond: ((id >= 5673703) AND (id <= 5674702))

table 6 : explain SELECT c FROM sbtest6 WHERE id BETWEEN 7127393 AND 7128392
	Bitmap Heap Scan on sbtest6  (cost=22.68..3862.00 rows=1000 width=121)
	  Recheck Cond: ((id >= 7127393) AND (id <= 7128392))
	  ->  Bitmap Index Scan on sbtest6_pkey  (cost=0.00..22.43 rows=1000 width=0)
	        Index Cond: ((id >= 7127393) AND (id <= 7128392))

table 7 : explain SELECT c FROM sbtest7 WHERE id BETWEEN 4867821 AND 4868820
	Bitmap Heap Scan on sbtest7  (cost=21.99..3605.47 rows=932 width=121)
	  Recheck Cond: ((id >= 4867821) AND (id <= 4868820))
	  ->  Bitmap Index Scan on sbtest7_pkey  (cost=0.00..21.75 rows=932 width=0)
	        Index Cond: ((id >= 4867821) AND (id <= 4868820))

table 8 : explain SELECT c FROM sbtest8 WHERE id BETWEEN 4097384 AND 4098383
	Bitmap Heap Scan on sbtest8  (cost=23.08..4008.83 rows=1039 width=121)
	  Recheck Cond: ((id >= 4097384) AND (id <= 4098383))
	  ->  Bitmap Index Scan on sbtest8_pkey  (cost=0.00..22.82 rows=1039 width=0)
	        Index Cond: ((id >= 4097384) AND (id <= 4098383))

for: sum_ranges
table 1 : explain SELECT SUM(k) FROM sbtest1 WHERE id BETWEEN 386145 AND 387144
	Aggregate  (cost=3726.06..3726.07 rows=1 width=8)
	  ->  Bitmap Heap Scan on sbtest1  (cost=22.32..3723.65 rows=964 width=4)
	        Recheck Cond: ((id >= 386145) AND (id <= 387144))
	        ->  Bitmap Index Scan on sbtest1_pkey  (cost=0.00..22.07 rows=964 width=0)
	              Index Cond: ((id >= 386145) AND (id <= 387144))

table 2 : explain SELECT SUM(k) FROM sbtest2 WHERE id BETWEEN 9054092 AND 9055091
	Aggregate  (cost=3866.49..3866.50 rows=1 width=8)
	  ->  Bitmap Heap Scan on sbtest2  (cost=22.70..3863.99 rows=1001 width=4)
	        Recheck Cond: ((id >= 9054092) AND (id <= 9055091))
	        ->  Bitmap Index Scan on sbtest2_pkey  (cost=0.00..22.44 rows=1001 width=0)
	              Index Cond: ((id >= 9054092) AND (id <= 9055091))

table 3 : explain SELECT SUM(k) FROM sbtest3 WHERE id BETWEEN 5980165 AND 5981164
	Aggregate  (cost=4254.27..4254.28 rows=1 width=8)
	  ->  Bitmap Heap Scan on sbtest3  (cost=27.75..4251.51 rows=1104 width=4)
	        Recheck Cond: ((id >= 5980165) AND (id <= 5981164))
	        ->  Bitmap Index Scan on sbtest3_pkey  (cost=0.00..27.47 rows=1104 width=0)
	              Index Cond: ((id >= 5980165) AND (id <= 5981164))

table 4 : explain SELECT SUM(k) FROM sbtest4 WHERE id BETWEEN 1031244 AND 1032243
	Aggregate  (cost=3792.03..3792.04 rows=1 width=8)
	  ->  Bitmap Heap Scan on sbtest4  (cost=22.49..3789.58 rows=981 width=4)
	        Recheck Cond: ((id >= 1031244) AND (id <= 1032243))
	        ->  Bitmap Index Scan on sbtest4_pkey  (cost=0.00..22.25 rows=981 width=0)
	              Index Cond: ((id >= 1031244) AND (id <= 1032243))

table 5 : explain SELECT SUM(k) FROM sbtest5 WHERE id BETWEEN 2256249 AND 2257248
	Aggregate  (cost=3863.80..3863.81 rows=1 width=8)
	  ->  Bitmap Heap Scan on sbtest5  (cost=22.68..3861.30 rows=1000 width=4)
	        Recheck Cond: ((id >= 2256249) AND (id <= 2257248))
	        ->  Bitmap Index Scan on sbtest5_pkey  (cost=0.00..22.43 rows=1000 width=0)
	              Index Cond: ((id >= 2256249) AND (id <= 2257248))

table 6 : explain SELECT SUM(k) FROM sbtest6 WHERE id BETWEEN 4814031 AND 4815030
	Aggregate  (cost=3800.39..3800.40 rows=1 width=8)
	  ->  Bitmap Heap Scan on sbtest6  (cost=22.51..3797.94 rows=983 width=4)
	        Recheck Cond: ((id >= 4814031) AND (id <= 4815030))
	        ->  Bitmap Index Scan on sbtest6_pkey  (cost=0.00..22.26 rows=983 width=0)
	              Index Cond: ((id >= 4814031) AND (id <= 4815030))

table 7 : explain SELECT SUM(k) FROM sbtest7 WHERE id BETWEEN 9428687 AND 9429686
	Aggregate  (cost=3834.29..3834.30 rows=1 width=8)
	  ->  Bitmap Heap Scan on sbtest7  (cost=22.60..3831.81 rows=992 width=4)
	        Recheck Cond: ((id >= 9428687) AND (id <= 9429686))
	        ->  Bitmap Index Scan on sbtest7_pkey  (cost=0.00..22.36 rows=992 width=0)
	              Index Cond: ((id >= 9428687) AND (id <= 9429686))

table 8 : explain SELECT SUM(k) FROM sbtest8 WHERE id BETWEEN 1267920 AND 1268919
	Aggregate  (cost=4026.48..4026.49 rows=1 width=8)
	  ->  Bitmap Heap Scan on sbtest8  (cost=23.13..4023.88 rows=1043 width=4)
	        Recheck Cond: ((id >= 1267920) AND (id <= 1268919))
	        ->  Bitmap Index Scan on sbtest8_pkey  (cost=0.00..22.86 rows=1043 width=0)
	              Index Cond: ((id >= 1267920) AND (id <= 1268919))

for: sum_ranges
table 1 : explain SELECT SUM(k) FROM sbtest1 WHERE id BETWEEN 2755385 AND 2756384
	Aggregate  (cost=3563.80..3563.81 rows=1 width=8)
	  ->  Bitmap Heap Scan on sbtest1  (cost=21.88..3561.50 rows=921 width=4)
	        Recheck Cond: ((id >= 2755385) AND (id <= 2756384))
	        ->  Bitmap Index Scan on sbtest1_pkey  (cost=0.00..21.64 rows=921 width=0)
	              Index Cond: ((id >= 2755385) AND (id <= 2756384))

table 2 : explain SELECT SUM(k) FROM sbtest2 WHERE id BETWEEN 467312 AND 468311
	Aggregate  (cost=3757.19..3757.20 rows=1 width=8)
	  ->  Bitmap Heap Scan on sbtest2  (cost=22.40..3754.76 rows=972 width=4)
	        Recheck Cond: ((id >= 467312) AND (id <= 468311))
	        ->  Bitmap Index Scan on sbtest2_pkey  (cost=0.00..22.15 rows=972 width=0)
	              Index Cond: ((id >= 467312) AND (id <= 468311))

table 3 : explain SELECT SUM(k) FROM sbtest3 WHERE id BETWEEN 9775518 AND 9776517
	Aggregate  (cost=3859.10..3859.11 rows=1 width=8)
	  ->  Bitmap Heap Scan on sbtest3  (cost=22.67..3856.60 rows=999 width=4)
	        Recheck Cond: ((id >= 9775518) AND (id <= 9776517))
	        ->  Bitmap Index Scan on sbtest3_pkey  (cost=0.00..22.43 rows=999 width=0)
	              Index Cond: ((id >= 9775518) AND (id <= 9776517))

table 4 : explain SELECT SUM(k) FROM sbtest4 WHERE id BETWEEN 1666981 AND 1667980
	Aggregate  (cost=3848.59..3848.60 rows=1 width=8)
	  ->  Bitmap Heap Scan on sbtest4  (cost=22.64..3846.10 rows=996 width=4)
	        Recheck Cond: ((id >= 1666981) AND (id <= 1667980))
	        ->  Bitmap Index Scan on sbtest4_pkey  (cost=0.00..22.39 rows=996 width=0)
	              Index Cond: ((id >= 1666981) AND (id <= 1667980))

table 5 : explain SELECT SUM(k) FROM sbtest5 WHERE id BETWEEN 101678 AND 102677
	Aggregate  (cost=3682.74..3682.75 rows=1 width=8)
	  ->  Bitmap Heap Scan on sbtest5  (cost=22.19..3680.36 rows=952 width=4)
	        Recheck Cond: ((id >= 101678) AND (id <= 102677))
	        ->  Bitmap Index Scan on sbtest5_pkey  (cost=0.00..21.95 rows=952 width=0)
	              Index Cond: ((id >= 101678) AND (id <= 102677))

table 6 : explain SELECT SUM(k) FROM sbtest6 WHERE id BETWEEN 2138035 AND 2139034
	Aggregate  (cost=3758.89..3758.90 rows=1 width=8)
	  ->  Bitmap Heap Scan on sbtest6  (cost=22.40..3756.46 rows=972 width=4)
	        Recheck Cond: ((id >= 2138035) AND (id <= 2139034))
	        ->  Bitmap Index Scan on sbtest6_pkey  (cost=0.00..22.15 rows=972 width=0)
	              Index Cond: ((id >= 2138035) AND (id <= 2139034))

table 7 : explain SELECT SUM(k) FROM sbtest7 WHERE id BETWEEN 5041718 AND 5042717
	Aggregate  (cost=3947.36..3947.37 rows=1 width=8)
	  ->  Bitmap Heap Scan on sbtest7  (cost=22.91..3944.81 rows=1022 width=4)
	        Recheck Cond: ((id >= 5041718) AND (id <= 5042717))
	        ->  Bitmap Index Scan on sbtest7_pkey  (cost=0.00..22.65 rows=1022 width=0)
	              Index Cond: ((id >= 5041718) AND (id <= 5042717))

table 8 : explain SELECT SUM(k) FROM sbtest8 WHERE id BETWEEN 321353 AND 322352
	Aggregate  (cost=4252.37..4252.38 rows=1 width=8)
	  ->  Bitmap Heap Scan on sbtest8  (cost=27.73..4249.61 rows=1102 width=4)
	        Recheck Cond: ((id >= 321353) AND (id <= 322352))
	        ->  Bitmap Index Scan on sbtest8_pkey  (cost=0.00..27.45 rows=1102 width=0)
	              Index Cond: ((id >= 321353) AND (id <= 322352))

for: simple_ranges
table 1 : explain SELECT c FROM sbtest1 WHERE id BETWEEN 2797584 AND 2798583
	Bitmap Heap Scan on sbtest1  (cost=22.75..3881.79 rows=1006 width=121)
	  Recheck Cond: ((id >= 2797584) AND (id <= 2798583))
	  ->  Bitmap Index Scan on sbtest1_pkey  (cost=0.00..22.50 rows=1006 width=0)
	        Index Cond: ((id >= 2797584) AND (id <= 2798583))

table 2 : explain SELECT c FROM sbtest2 WHERE id BETWEEN 1304761 AND 1305760
	Bitmap Heap Scan on sbtest2  (cost=22.78..3894.11 rows=1009 width=121)
	  Recheck Cond: ((id >= 1304761) AND (id <= 1305760))
	  ->  Bitmap Index Scan on sbtest2_pkey  (cost=0.00..22.52 rows=1009 width=0)
	        Index Cond: ((id >= 1304761) AND (id <= 1305760))

table 3 : explain SELECT c FROM sbtest3 WHERE id BETWEEN 7565305 AND 7566304
	Bitmap Heap Scan on sbtest3  (cost=28.08..4371.50 rows=1136 width=121)
	  Recheck Cond: ((id >= 7565305) AND (id <= 7566304))
	  ->  Bitmap Index Scan on sbtest3_pkey  (cost=0.00..27.79 rows=1136 width=0)
	        Index Cond: ((id >= 7565305) AND (id <= 7566304))

table 4 : explain SELECT c FROM sbtest4 WHERE id BETWEEN 8874522 AND 8875521
	Bitmap Heap Scan on sbtest4  (cost=22.68..3861.16 rows=1000 width=121)
	  Recheck Cond: ((id >= 8874522) AND (id <= 8875521))
	  ->  Bitmap Index Scan on sbtest4_pkey  (cost=0.00..22.43 rows=1000 width=0)
	        Index Cond: ((id >= 8874522) AND (id <= 8875521))

table 5 : explain SELECT c FROM sbtest5 WHERE id BETWEEN 2043371 AND 2044370
	Bitmap Heap Scan on sbtest5  (cost=21.90..3570.90 rows=923 width=121)
	  Recheck Cond: ((id >= 2043371) AND (id <= 2044370))
	  ->  Bitmap Index Scan on sbtest5_pkey  (cost=0.00..21.66 rows=923 width=0)
	        Index Cond: ((id >= 2043371) AND (id <= 2044370))

table 6 : explain SELECT c FROM sbtest6 WHERE id BETWEEN 6250120 AND 6251119
	Bitmap Heap Scan on sbtest6  (cost=22.62..3839.39 rows=994 width=121)
	  Recheck Cond: ((id >= 6250120) AND (id <= 6251119))
	  ->  Bitmap Index Scan on sbtest6_pkey  (cost=0.00..22.37 rows=994 width=0)
	        Index Cond: ((id >= 6250120) AND (id <= 6251119))

table 7 : explain SELECT c FROM sbtest7 WHERE id BETWEEN 6821479 AND 6822478
	Bitmap Heap Scan on sbtest7  (cost=22.12..3654.55 rows=945 width=121)
	  Recheck Cond: ((id >= 6821479) AND (id <= 6822478))
	  ->  Bitmap Index Scan on sbtest7_pkey  (cost=0.00..21.89 rows=945 width=0)
	        Index Cond: ((id >= 6821479) AND (id <= 6822478))

table 8 : explain SELECT c FROM sbtest8 WHERE id BETWEEN 9777793 AND 9778792
	Bitmap Heap Scan on sbtest8  (cost=21.71..3503.49 rows=905 width=121)
	  Recheck Cond: ((id >= 9777793) AND (id <= 9778792))
	  ->  Bitmap Index Scan on sbtest8_pkey  (cost=0.00..21.48 rows=905 width=0)
	        Index Cond: ((id >= 9777793) AND (id <= 9778792))

for: simple_ranges
table 1 : explain SELECT c FROM sbtest1 WHERE id BETWEEN 7861004 AND 7862003
	Bitmap Heap Scan on sbtest1  (cost=22.57..3817.81 rows=989 width=121)
	  Recheck Cond: ((id >= 7861004) AND (id <= 7862003))
	  ->  Bitmap Index Scan on sbtest1_pkey  (cost=0.00..22.32 rows=989 width=0)
	        Index Cond: ((id >= 7861004) AND (id <= 7862003))

table 2 : explain SELECT c FROM sbtest2 WHERE id BETWEEN 2081546 AND 2082545
	Bitmap Heap Scan on sbtest2  (cost=22.81..3905.40 rows=1012 width=121)
	  Recheck Cond: ((id >= 2081546) AND (id <= 2082545))
	  ->  Bitmap Index Scan on sbtest2_pkey  (cost=0.00..22.55 rows=1012 width=0)
	        Index Cond: ((id >= 2081546) AND (id <= 2082545))

table 3 : explain SELECT c FROM sbtest3 WHERE id BETWEEN 8993578 AND 8994577
	Bitmap Heap Scan on sbtest3  (cost=21.92..3577.62 rows=925 width=121)
	  Recheck Cond: ((id >= 8993578) AND (id <= 8994577))
	  ->  Bitmap Index Scan on sbtest3_pkey  (cost=0.00..21.68 rows=925 width=0)
	        Index Cond: ((id >= 8993578) AND (id <= 8994577))

table 4 : explain SELECT c FROM sbtest4 WHERE id BETWEEN 7928726 AND 7929725
	Bitmap Heap Scan on sbtest4  (cost=22.09..3642.50 rows=942 width=121)
	  Recheck Cond: ((id >= 7928726) AND (id <= 7929725))
	  ->  Bitmap Index Scan on sbtest4_pkey  (cost=0.00..21.86 rows=942 width=0)
	        Index Cond: ((id >= 7928726) AND (id <= 7929725))

table 5 : explain SELECT c FROM sbtest5 WHERE id BETWEEN 539952 AND 540951
	Bitmap Heap Scan on sbtest5  (cost=23.02..3985.52 rows=1033 width=121)
	  Recheck Cond: ((id >= 539952) AND (id <= 540951))
	  ->  Bitmap Index Scan on sbtest5_pkey  (cost=0.00..22.76 rows=1033 width=0)
	        Index Cond: ((id >= 539952) AND (id <= 540951))

table 6 : explain SELECT c FROM sbtest6 WHERE id BETWEEN 5502631 AND 5503630
	Bitmap Heap Scan on sbtest6  (cost=22.57..3820.55 rows=989 width=121)
	  Recheck Cond: ((id >= 5502631) AND (id <= 5503630))
	  ->  Bitmap Index Scan on sbtest6_pkey  (cost=0.00..22.32 rows=989 width=0)
	        Index Cond: ((id >= 5502631) AND (id <= 5503630))

table 7 : explain SELECT c FROM sbtest7 WHERE id BETWEEN 506474 AND 507473
	Bitmap Heap Scan on sbtest7  (cost=22.58..3824.27 rows=990 width=121)
	  Recheck Cond: ((id >= 506474) AND (id <= 507473))
	  ->  Bitmap Index Scan on sbtest7_pkey  (cost=0.00..22.33 rows=990 width=0)
	        Index Cond: ((id >= 506474) AND (id <= 507473))

table 8 : explain SELECT c FROM sbtest8 WHERE id BETWEEN 839683 AND 840682
	Bitmap Heap Scan on sbtest8  (cost=22.90..3941.08 rows=1021 width=121)
	  Recheck Cond: ((id >= 839683) AND (id <= 840682))
	  ->  Bitmap Index Scan on sbtest8_pkey  (cost=0.00..22.64 rows=1021 width=0)
	        Index Cond: ((id >= 839683) AND (id <= 840682))

explain: for point_selects :: explain SELECT c FROM sbtest%u WHERE id=%u
explain: for point_selects :: explain SELECT c FROM sbtest%u WHERE id=%u
for: simple_ranges
table 1 : explain SELECT c FROM sbtest1 WHERE id BETWEEN 2667297 AND 2668296
	Bitmap Heap Scan on sbtest1  (cost=22.42..3761.32 rows=974 width=121)
	  Recheck Cond: ((id >= 2667297) AND (id <= 2668296))
	  ->  Bitmap Index Scan on sbtest1_pkey  (cost=0.00..22.18 rows=974 width=0)
	        Index Cond: ((id >= 2667297) AND (id <= 2668296))

table 2 : explain SELECT c FROM sbtest2 WHERE id BETWEEN 9692755 AND 9693754
	Bitmap Heap Scan on sbtest2  (cost=27.66..4217.58 rows=1095 width=121)
	  Recheck Cond: ((id >= 9692755) AND (id <= 9693754))
	  ->  Bitmap Index Scan on sbtest2_pkey  (cost=0.00..27.39 rows=1095 width=0)
	        Index Cond: ((id >= 9692755) AND (id <= 9693754))

table 3 : explain SELECT c FROM sbtest3 WHERE id BETWEEN 6204741 AND 6205740
	Bitmap Heap Scan on sbtest3  (cost=22.31..3720.97 rows=963 width=121)
	  Recheck Cond: ((id >= 6204741) AND (id <= 6205740))
	  ->  Bitmap Index Scan on sbtest3_pkey  (cost=0.00..22.07 rows=963 width=0)
	        Index Cond: ((id >= 6204741) AND (id <= 6205740))

table 4 : explain SELECT c FROM sbtest4 WHERE id BETWEEN 2043335 AND 2044334
	Bitmap Heap Scan on sbtest4  (cost=22.86..3925.17 rows=1017 width=121)
	  Recheck Cond: ((id >= 2043335) AND (id <= 2044334))
	  ->  Bitmap Index Scan on sbtest4_pkey  (cost=0.00..22.61 rows=1017 width=0)
	        Index Cond: ((id >= 2043335) AND (id <= 2044334))

table 5 : explain SELECT c FROM sbtest5 WHERE id BETWEEN 9892477 AND 9893476
	Bitmap Heap Scan on sbtest5  (cost=23.25..4068.26 rows=1055 width=121)
	  Recheck Cond: ((id >= 9892477) AND (id <= 9893476))
	  ->  Bitmap Index Scan on sbtest5_pkey  (cost=0.00..22.98 rows=1055 width=0)
	        Index Cond: ((id >= 9892477) AND (id <= 9893476))

table 6 : explain SELECT c FROM sbtest6 WHERE id BETWEEN 8887505 AND 8888504
	Bitmap Heap Scan on sbtest6  (cost=22.54..3809.24 rows=986 width=121)
	  Recheck Cond: ((id >= 8887505) AND (id <= 8888504))
	  ->  Bitmap Index Scan on sbtest6_pkey  (cost=0.00..22.29 rows=986 width=0)
	        Index Cond: ((id >= 8887505) AND (id <= 8888504))

table 7 : explain SELECT c FROM sbtest7 WHERE id BETWEEN 7363009 AND 7364008
	Bitmap Heap Scan on sbtest7  (cost=21.65..3480.78 rows=899 width=121)
	  Recheck Cond: ((id >= 7363009) AND (id <= 7364008))
	  ->  Bitmap Index Scan on sbtest7_pkey  (cost=0.00..21.43 rows=899 width=0)
	        Index Cond: ((id >= 7363009) AND (id <= 7364008))

table 8 : explain SELECT c FROM sbtest8 WHERE id BETWEEN 8351090 AND 8352089
	Bitmap Heap Scan on sbtest8  (cost=22.97..3967.43 rows=1028 width=121)
	  Recheck Cond: ((id >= 8351090) AND (id <= 8352089))
	  ->  Bitmap Index Scan on sbtest8_pkey  (cost=0.00..22.71 rows=1028 width=0)
	        Index Cond: ((id >= 8351090) AND (id <= 8352089))

for: distinct_ranges
table 1 : explain SELECT DISTINCT c FROM sbtest1 WHERE id BETWEEN 8986694 AND 8987693 ORDER BY c
	Unique  (cost=3583.86..3588.43 rows=915 width=121)
	  ->  Sort  (cost=3583.86..3586.15 rows=915 width=121)
	        Sort Key: c
	        ->  Bitmap Heap Scan on sbtest1  (cost=21.81..3538.85 rows=915 width=121)
	              Recheck Cond: ((id >= 8986694) AND (id <= 8987693))
	              ->  Bitmap Index Scan on sbtest1_pkey  (cost=0.00..21.58 rows=915 width=0)
	                    Index Cond: ((id >= 8986694) AND (id <= 8987693))

table 2 : explain SELECT DISTINCT c FROM sbtest2 WHERE id BETWEEN 3095025 AND 3096024 ORDER BY c
	Unique  (cost=3929.16..3934.19 rows=1005 width=121)
	  ->  Sort  (cost=3929.16..3931.68 rows=1005 width=121)
	        Sort Key: c
	        ->  Bitmap Heap Scan on sbtest2  (cost=22.74..3879.05 rows=1005 width=121)
	              Recheck Cond: ((id >= 3095025) AND (id <= 3096024))
	              ->  Bitmap Index Scan on sbtest2_pkey  (cost=0.00..22.48 rows=1005 width=0)
	                    Index Cond: ((id >= 3095025) AND (id <= 3096024))

table 3 : explain SELECT DISTINCT c FROM sbtest3 WHERE id BETWEEN 1512028 AND 1513027 ORDER BY c
	Unique  (cost=3634.68..3639.32 rows=928 width=121)
	  ->  Sort  (cost=3634.68..3637.00 rows=928 width=121)
	        Sort Key: c
	        ->  Bitmap Heap Scan on sbtest3  (cost=21.95..3588.94 rows=928 width=121)
	              Recheck Cond: ((id >= 1512028) AND (id <= 1513027))
	              ->  Bitmap Index Scan on sbtest3_pkey  (cost=0.00..21.71 rows=928 width=0)
	                    Index Cond: ((id >= 1512028) AND (id <= 1513027))

table 4 : explain SELECT DISTINCT c FROM sbtest4 WHERE id BETWEEN 1880159 AND 1881158 ORDER BY c
	Unique  (cost=3784.76..3789.59 rows=967 width=121)
	  ->  Sort  (cost=3784.76..3787.18 rows=967 width=121)
	        Sort Key: c
	        ->  Bitmap Heap Scan on sbtest4  (cost=22.35..3736.81 rows=967 width=121)
	              Recheck Cond: ((id >= 1880159) AND (id <= 1881158))
	              ->  Bitmap Index Scan on sbtest4_pkey  (cost=0.00..22.11 rows=967 width=0)
	                    Index Cond: ((id >= 1880159) AND (id <= 1881158))

table 5 : explain SELECT DISTINCT c FROM sbtest5 WHERE id BETWEEN 7285344 AND 7286343 ORDER BY c
	Unique  (cost=3983.75..3988.85 rows=1019 width=121)
	  ->  Sort  (cost=3983.75..3986.30 rows=1019 width=121)
	        Sort Key: c
	        ->  Bitmap Heap Scan on sbtest5  (cost=22.88..3932.84 rows=1019 width=121)
	              Recheck Cond: ((id >= 7285344) AND (id <= 7286343))
	              ->  Bitmap Index Scan on sbtest5_pkey  (cost=0.00..22.62 rows=1019 width=0)
	                    Index Cond: ((id >= 7285344) AND (id <= 7286343))

table 6 : explain SELECT DISTINCT c FROM sbtest6 WHERE id BETWEEN 7753126 AND 7754125 ORDER BY c
	Unique  (cost=3701.30..3706.02 rows=945 width=121)
	  ->  Sort  (cost=3701.30..3703.66 rows=945 width=121)
	        Sort Key: c
	        ->  Bitmap Heap Scan on sbtest6  (cost=22.12..3654.59 rows=945 width=121)
	              Recheck Cond: ((id >= 7753126) AND (id <= 7754125))
	              ->  Bitmap Index Scan on sbtest6_pkey  (cost=0.00..21.89 rows=945 width=0)
	                    Index Cond: ((id >= 7753126) AND (id <= 7754125))

table 7 : explain SELECT DISTINCT c FROM sbtest7 WHERE id BETWEEN 8157816 AND 8158815 ORDER BY c
	Unique  (cost=3953.85..3958.90 rows=1011 width=121)
	  ->  Sort  (cost=3953.85..3956.37 rows=1011 width=121)
	        Sort Key: c
	        ->  Bitmap Heap Scan on sbtest7  (cost=22.80..3903.39 rows=1011 width=121)
	              Recheck Cond: ((id >= 8157816) AND (id <= 8158815))
	              ->  Bitmap Index Scan on sbtest7_pkey  (cost=0.00..22.54 rows=1011 width=0)
	                    Index Cond: ((id >= 8157816) AND (id <= 8158815))

table 8 : explain SELECT DISTINCT c FROM sbtest8 WHERE id BETWEEN 9923341 AND 9924340 ORDER BY c
	Unique  (cost=4060.89..4066.08 rows=1039 width=121)
	  ->  Sort  (cost=4060.89..4063.48 rows=1039 width=121)
	        Sort Key: c
	        ->  Bitmap Heap Scan on sbtest8  (cost=23.08..4008.83 rows=1039 width=121)
	              Recheck Cond: ((id >= 9923341) AND (id <= 9924340))
	              ->  Bitmap Index Scan on sbtest8_pkey  (cost=0.00..22.82 rows=1039 width=0)
	                    Index Cond: ((id >= 9923341) AND (id <= 9924340))

for point_selects
table 1 : explain SELECT c FROM sbtest1 WHERE id=3681341
	Index Scan using sbtest1_pkey on sbtest1  (cost=0.43..8.45 rows=1 width=121)
	  Index Cond: (id = 3681341)

table 2 : explain SELECT c FROM sbtest2 WHERE id=291645
	Index Scan using sbtest2_pkey on sbtest2  (cost=0.43..8.45 rows=1 width=121)
	  Index Cond: (id = 291645)

table 3 : explain SELECT c FROM sbtest3 WHERE id=6830492
	Index Scan using sbtest3_pkey on sbtest3  (cost=0.43..8.45 rows=1 width=121)
	  Index Cond: (id = 6830492)

table 4 : explain SELECT c FROM sbtest4 WHERE id=5669735
	Index Scan using sbtest4_pkey on sbtest4  (cost=0.43..8.45 rows=1 width=121)
	  Index Cond: (id = 5669735)

table 5 : explain SELECT c FROM sbtest5 WHERE id=4302580
	Index Scan using sbtest5_pkey on sbtest5  (cost=0.43..8.45 rows=1 width=121)
	  Index Cond: (id = 4302580)

table 6 : explain SELECT c FROM sbtest6 WHERE id=329824
	Index Scan using sbtest6_pkey on sbtest6  (cost=0.43..8.45 rows=1 width=121)
	  Index Cond: (id = 329824)

table 7 : explain SELECT c FROM sbtest7 WHERE id=282577
	Index Scan using sbtest7_pkey on sbtest7  (cost=0.43..8.45 rows=1 width=121)
	  Index Cond: (id = 282577)

table 8 : explain SELECT c FROM sbtest8 WHERE id=891246
	Index Scan using sbtest8_pkey on sbtest8  (cost=0.43..8.45 rows=1 width=121)
	  Index Cond: (id = 891246)

for: distinct_ranges
table 1 : explain SELECT DISTINCT c FROM sbtest1 WHERE id BETWEEN 7245609 AND 7246608 ORDER BY c
	Unique  (cost=3863.19..3868.13 rows=988 width=121)
	  ->  Sort  (cost=3863.19..3865.66 rows=988 width=121)
	        Sort Key: c
	        ->  Bitmap Heap Scan on sbtest1  (cost=22.56..3814.04 rows=988 width=121)
	              Recheck Cond: ((id >= 7245609) AND (id <= 7246608))
	              ->  Bitmap Index Scan on sbtest1_pkey  (cost=0.00..22.32 rows=988 width=0)
	                    Index Cond: ((id >= 7245609) AND (id <= 7246608))

table 2 : explain SELECT DISTINCT c FROM sbtest2 WHERE id BETWEEN 7055318 AND 7056317 ORDER BY c
	Unique  (cost=3806.82..3811.69 rows=973 width=121)
	  ->  Sort  (cost=3806.82..3809.25 rows=973 width=121)
	        Sort Key: c
	        ->  Bitmap Heap Scan on sbtest2  (cost=22.41..3758.53 rows=973 width=121)
	              Recheck Cond: ((id >= 7055318) AND (id <= 7056317))
	              ->  Bitmap Index Scan on sbtest2_pkey  (cost=0.00..22.16 rows=973 width=0)
	                    Index Cond: ((id >= 7055318) AND (id <= 7056317))

table 3 : explain SELECT DISTINCT c FROM sbtest3 WHERE id BETWEEN 3433707 AND 3434706 ORDER BY c
	Unique  (cost=3642.34..3646.99 rows=930 width=121)
	  ->  Sort  (cost=3642.34..3644.67 rows=930 width=121)
	        Sort Key: c
	        ->  Bitmap Heap Scan on sbtest3  (cost=21.97..3596.49 rows=930 width=121)
	              Recheck Cond: ((id >= 3433707) AND (id <= 3434706))
	              ->  Bitmap Index Scan on sbtest3_pkey  (cost=0.00..21.73 rows=930 width=0)
	                    Index Cond: ((id >= 3433707) AND (id <= 3434706))

table 4 : explain SELECT DISTINCT c FROM sbtest4 WHERE id BETWEEN 5255661 AND 5256660 ORDER BY c
	Unique  (cost=3933.93..3938.96 rows=1006 width=121)
	  ->  Sort  (cost=3933.93..3936.44 rows=1006 width=121)
	        Sort Key: c
	        ->  Bitmap Heap Scan on sbtest4  (cost=22.75..3883.76 rows=1006 width=121)
	              Recheck Cond: ((id >= 5255661) AND (id <= 5256660))
	              ->  Bitmap Index Scan on sbtest4_pkey  (cost=0.00..22.50 rows=1006 width=0)
	                    Index Cond: ((id >= 5255661) AND (id <= 5256660))

table 5 : explain SELECT DISTINCT c FROM sbtest5 WHERE id BETWEEN 4824298 AND 4825297 ORDER BY c
	Unique  (cost=3758.09..3762.89 rows=960 width=121)
	  ->  Sort  (cost=3758.09..3760.49 rows=960 width=121)
	        Sort Key: c
	        ->  Bitmap Heap Scan on sbtest5  (cost=22.27..3710.54 rows=960 width=121)
	              Recheck Cond: ((id >= 4824298) AND (id <= 4825297))
	              ->  Bitmap Index Scan on sbtest5_pkey  (cost=0.00..22.04 rows=960 width=0)
	                    Index Cond: ((id >= 4824298) AND (id <= 4825297))

table 6 : explain SELECT DISTINCT c FROM sbtest6 WHERE id BETWEEN 4941816 AND 4942815 ORDER BY c
	Unique  (cost=3927.13..3932.15 rows=1004 width=121)
	  ->  Sort  (cost=3927.13..3929.64 rows=1004 width=121)
	        Sort Key: c
	        ->  Bitmap Heap Scan on sbtest6  (cost=22.73..3877.07 rows=1004 width=121)
	              Recheck Cond: ((id >= 4941816) AND (id <= 4942815))
	              ->  Bitmap Index Scan on sbtest6_pkey  (cost=0.00..22.47 rows=1004 width=0)
	                    Index Cond: ((id >= 4941816) AND (id <= 4942815))

table 7 : explain SELECT DISTINCT c FROM sbtest7 WHERE id BETWEEN 6746324 AND 6747323 ORDER BY c
	Unique  (cost=3689.76..3694.47 rows=942 width=121)
	  ->  Sort  (cost=3689.76..3692.11 rows=942 width=121)
	        Sort Key: c
	        ->  Bitmap Heap Scan on sbtest7  (cost=22.09..3643.23 rows=942 width=121)
	              Recheck Cond: ((id >= 6746324) AND (id <= 6747323))
	              ->  Bitmap Index Scan on sbtest7_pkey  (cost=0.00..21.86 rows=942 width=0)
	                    Index Cond: ((id >= 6746324) AND (id <= 6747323))

table 8 : explain SELECT DISTINCT c FROM sbtest8 WHERE id BETWEEN 1474975 AND 1475974 ORDER BY c
	Unique  (cost=4060.89..4066.08 rows=1039 width=121)
	  ->  Sort  (cost=4060.89..4063.48 rows=1039 width=121)
	        Sort Key: c
	        ->  Bitmap Heap Scan on sbtest8  (cost=23.08..4008.83 rows=1039 width=121)
	              Recheck Cond: ((id >= 1474975) AND (id <= 1475974))
	              ->  Bitmap Index Scan on sbtest8_pkey  (cost=0.00..22.82 rows=1039 width=0)
	                    Index Cond: ((id >= 1474975) AND (id <= 1475974))

for: sum_ranges
table 1 : explain SELECT SUM(k) FROM sbtest1 WHERE id BETWEEN 9686110 AND 9687109
	Aggregate  (cost=3499.58..3499.59 rows=1 width=8)
	  ->  Bitmap Heap Scan on sbtest1  (cost=21.70..3497.32 rows=904 width=4)
	        Recheck Cond: ((id >= 9686110) AND (id <= 9687109))
	        ->  Bitmap Index Scan on sbtest1_pkey  (cost=0.00..21.47 rows=904 width=0)
	              Index Cond: ((id >= 9686110) AND (id <= 9687109))

table 2 : explain SELECT SUM(k) FROM sbtest2 WHERE id BETWEEN 9627225 AND 9628224
	Aggregate  (cost=4220.31..4220.32 rows=1 width=8)
	  ->  Bitmap Heap Scan on sbtest2  (cost=27.66..4217.58 rows=1095 width=4)
	        Recheck Cond: ((id >= 9627225) AND (id <= 9628224))
	        ->  Bitmap Index Scan on sbtest2_pkey  (cost=0.00..27.39 rows=1095 width=0)
	              Index Cond: ((id >= 9627225) AND (id <= 9628224))

table 3 : explain SELECT SUM(k) FROM sbtest3 WHERE id BETWEEN 6056884 AND 6057883
	Aggregate  (cost=3987.12..3987.13 rows=1 width=8)
	  ->  Bitmap Heap Scan on sbtest3  (cost=23.02..3984.54 rows=1033 width=4)
	        Recheck Cond: ((id >= 6056884) AND (id <= 6057883))
	        ->  Bitmap Index Scan on sbtest3_pkey  (cost=0.00..22.76 rows=1033 width=0)
	              Index Cond: ((id >= 6056884) AND (id <= 6057883))

table 4 : explain SELECT SUM(k) FROM sbtest4 WHERE id BETWEEN 4357017 AND 4358016
	Aggregate  (cost=4051.94..4051.95 rows=1 width=8)
	  ->  Bitmap Heap Scan on sbtest4  (cost=23.20..4049.31 rows=1050 width=4)
	        Recheck Cond: ((id >= 4357017) AND (id <= 4358016))
	        ->  Bitmap Index Scan on sbtest4_pkey  (cost=0.00..22.93 rows=1050 width=0)
	              Index Cond: ((id >= 4357017) AND (id <= 4358016))

table 5 : explain SELECT SUM(k) FROM sbtest5 WHERE id BETWEEN 2587024 AND 2588023
	Aggregate  (cost=4040.80..4040.81 rows=1 width=8)
	  ->  Bitmap Heap Scan on sbtest5  (cost=23.17..4038.18 rows=1047 width=4)
	        Recheck Cond: ((id >= 2587024) AND (id <= 2588023))
	        ->  Bitmap Index Scan on sbtest5_pkey  (cost=0.00..22.90 rows=1047 width=0)
	              Index Cond: ((id >= 2587024) AND (id <= 2588023))

table 6 : explain SELECT SUM(k) FROM sbtest6 WHERE id BETWEEN 4666661 AND 4667660
	Aggregate  (cost=3505.76..3505.77 rows=1 width=8)
	  ->  Bitmap Heap Scan on sbtest6  (cost=21.71..3503.50 rows=905 width=4)
	        Recheck Cond: ((id >= 4666661) AND (id <= 4667660))
	        ->  Bitmap Index Scan on sbtest6_pkey  (cost=0.00..21.48 rows=905 width=0)
	              Index Cond: ((id >= 4666661) AND (id <= 4667660))

table 7 : explain SELECT SUM(k) FROM sbtest7 WHERE id BETWEEN 826269 AND 827268
	Aggregate  (cost=4056.55..4056.56 rows=1 width=8)
	  ->  Bitmap Heap Scan on sbtest7  (cost=23.21..4053.93 rows=1051 width=4)
	        Recheck Cond: ((id >= 826269) AND (id <= 827268))
	        ->  Bitmap Index Scan on sbtest7_pkey  (cost=0.00..22.94 rows=1051 width=0)
	              Index Cond: ((id >= 826269) AND (id <= 827268))

table 8 : explain SELECT SUM(k) FROM sbtest8 WHERE id BETWEEN 6004890 AND 6005889
	Aggregate  (cost=3898.42..3898.43 rows=1 width=8)
	  ->  Bitmap Heap Scan on sbtest8  (cost=22.78..3895.89 rows=1009 width=4)
	        Recheck Cond: ((id >= 6004890) AND (id <= 6005889))
	        ->  Bitmap Index Scan on sbtest8_pkey  (cost=0.00..22.52 rows=1009 width=0)
	              Index Cond: ((id >= 6004890) AND (id <= 6005889))

for: order_ranges
table 1 : explain SELECT c FROM sbtest1 WHERE id BETWEEN 850377 AND 851376 ORDER BY c
	Sort  (cost=4145.66..4148.32 rows=1062 width=121)
	  Sort Key: c
	  ->  Bitmap Heap Scan on sbtest1  (cost=23.32..4092.28 rows=1062 width=121)
	        Recheck Cond: ((id >= 850377) AND (id <= 851376))
	        ->  Bitmap Index Scan on sbtest1_pkey  (cost=0.00..23.05 rows=1062 width=0)
	              Index Cond: ((id >= 850377) AND (id <= 851376))

table 2 : explain SELECT c FROM sbtest2 WHERE id BETWEEN 6381780 AND 6382779 ORDER BY c
	Sort  (cost=3841.24..3843.70 rows=982 width=121)
	  Sort Key: c
	  ->  Bitmap Heap Scan on sbtest2  (cost=22.50..3792.44 rows=982 width=121)
	        Recheck Cond: ((id >= 6381780) AND (id <= 6382779))
	        ->  Bitmap Index Scan on sbtest2_pkey  (cost=0.00..22.25 rows=982 width=0)
	              Index Cond: ((id >= 6381780) AND (id <= 6382779))

table 3 : explain SELECT c FROM sbtest3 WHERE id BETWEEN 3386050 AND 3387049 ORDER BY c
	Sort  (cost=4242.25..4244.97 rows=1087 width=121)
	  Sort Key: c
	  ->  Bitmap Heap Scan on sbtest3  (cost=23.58..4187.43 rows=1087 width=121)
	        Recheck Cond: ((id >= 3386050) AND (id <= 3387049))
	        ->  Bitmap Index Scan on sbtest3_pkey  (cost=0.00..23.30 rows=1087 width=0)
	              Index Cond: ((id >= 3386050) AND (id <= 3387049))

table 4 : explain SELECT c FROM sbtest4 WHERE id BETWEEN 4908956 AND 4909955 ORDER BY c
	Sort  (cost=3765.62..3768.02 rows=962 width=121)
	  Sort Key: c
	  ->  Bitmap Heap Scan on sbtest4  (cost=22.30..3717.95 rows=962 width=121)
	        Recheck Cond: ((id >= 4908956) AND (id <= 4909955))
	        ->  Bitmap Index Scan on sbtest4_pkey  (cost=0.00..22.05 rows=962 width=0)
	              Index Cond: ((id >= 4908956) AND (id <= 4909955))

table 5 : explain SELECT c FROM sbtest5 WHERE id BETWEEN 6537445 AND 6538444 ORDER BY c
	Sort  (cost=3976.11..3978.65 rows=1017 width=121)
	  Sort Key: c
	  ->  Bitmap Heap Scan on sbtest5  (cost=22.86..3925.31 rows=1017 width=121)
	        Recheck Cond: ((id >= 6537445) AND (id <= 6538444))
	        ->  Bitmap Index Scan on sbtest5_pkey  (cost=0.00..22.61 rows=1017 width=0)
	              Index Cond: ((id >= 6537445) AND (id <= 6538444))

table 6 : explain SELECT c FROM sbtest6 WHERE id BETWEEN 5832848 AND 5833847 ORDER BY c
	Sort  (cost=4339.70..4342.48 rows=1112 width=121)
	  Sort Key: c
	  ->  Bitmap Heap Scan on sbtest6  (cost=27.83..4283.43 rows=1112 width=121)
	        Recheck Cond: ((id >= 5832848) AND (id <= 5833847))
	        ->  Bitmap Index Scan on sbtest6_pkey  (cost=0.00..27.55 rows=1112 width=0)
	              Index Cond: ((id >= 5832848) AND (id <= 5833847))

table 7 : explain SELECT c FROM sbtest7 WHERE id BETWEEN 2166749 AND 2167748 ORDER BY c
	Sort  (cost=4469.16..4472.02 rows=1146 width=121)
	  Sort Key: c
	  ->  Bitmap Heap Scan on sbtest7  (cost=28.18..4410.93 rows=1146 width=121)
	        Recheck Cond: ((id >= 2166749) AND (id <= 2167748))
	        ->  Bitmap Index Scan on sbtest7_pkey  (cost=0.00..27.89 rows=1146 width=0)
	              Index Cond: ((id >= 2166749) AND (id <= 2167748))

table 8 : explain SELECT c FROM sbtest8 WHERE id BETWEEN 1292373 AND 1293372 ORDER BY c
	Sort  (cost=4076.16..4078.77 rows=1043 width=121)
	  Sort Key: c
	  ->  Bitmap Heap Scan on sbtest8  (cost=23.13..4023.88 rows=1043 width=121)
	        Recheck Cond: ((id >= 1292373) AND (id <= 1293372))
	        ->  Bitmap Index Scan on sbtest8_pkey  (cost=0.00..22.86 rows=1043 width=0)
	              Index Cond: ((id >= 1292373) AND (id <= 1293372))

for: order_ranges
table 1 : explain SELECT c FROM sbtest1 WHERE id BETWEEN 2145573 AND 2146572 ORDER BY c
	Sort  (cost=3981.60..3984.15 rows=1019 width=121)
	  Sort Key: c
	  ->  Bitmap Heap Scan on sbtest1  (cost=22.88..3930.69 rows=1019 width=121)
	        Recheck Cond: ((id >= 2145573) AND (id <= 2146572))
	        ->  Bitmap Index Scan on sbtest1_pkey  (cost=0.00..22.62 rows=1019 width=0)
	              Index Cond: ((id >= 2145573) AND (id <= 2146572))

table 2 : explain SELECT c FROM sbtest2 WHERE id BETWEEN 832998 AND 833997 ORDER BY c
	Sort  (cost=4059.02..4061.61 rows=1039 width=121)
	  Sort Key: c
	  ->  Bitmap Heap Scan on sbtest2  (cost=23.08..4006.96 rows=1039 width=121)
	        Recheck Cond: ((id >= 832998) AND (id <= 833997))
	        ->  Bitmap Index Scan on sbtest2_pkey  (cost=0.00..22.82 rows=1039 width=0)
	              Index Cond: ((id >= 832998) AND (id <= 833997))

table 3 : explain SELECT c FROM sbtest3 WHERE id BETWEEN 711540 AND 712539 ORDER BY c
	Sort  (cost=3849.02..3851.48 rows=984 width=121)
	  Sort Key: c
	  ->  Bitmap Heap Scan on sbtest3  (cost=22.52..3800.11 rows=984 width=121)
	        Recheck Cond: ((id >= 711540) AND (id <= 712539))
	        ->  Bitmap Index Scan on sbtest3_pkey  (cost=0.00..22.27 rows=984 width=0)
	              Index Cond: ((id >= 711540) AND (id <= 712539))

table 4 : explain SELECT c FROM sbtest4 WHERE id BETWEEN 6614328 AND 6615327 ORDER BY c
	Sort  (cost=4178.32..4181.00 rows=1070 width=121)
	  Sort Key: c
	  ->  Bitmap Heap Scan on sbtest4  (cost=23.40..4124.48 rows=1070 width=121)
	        Recheck Cond: ((id >= 6614328) AND (id <= 6615327))
	        ->  Bitmap Index Scan on sbtest4_pkey  (cost=0.00..23.14 rows=1070 width=0)
	              Index Cond: ((id >= 6614328) AND (id <= 6615327))

table 5 : explain SELECT c FROM sbtest5 WHERE id BETWEEN 1746781 AND 1747780 ORDER BY c
	Sort  (cost=3834.63..3837.08 rows=980 width=121)
	  Sort Key: c
	  ->  Bitmap Heap Scan on sbtest5  (cost=22.48..3785.94 rows=980 width=121)
	        Recheck Cond: ((id >= 1746781) AND (id <= 1747780))
	        ->  Bitmap Index Scan on sbtest5_pkey  (cost=0.00..22.23 rows=980 width=0)
	              Index Cond: ((id >= 1746781) AND (id <= 1747780))

table 6 : explain SELECT c FROM sbtest6 WHERE id BETWEEN 3411649 AND 3412648 ORDER BY c
	Sort  (cost=3881.23..3883.71 rows=992 width=121)
	  Sort Key: c
	  ->  Bitmap Heap Scan on sbtest6  (cost=22.60..3831.86 rows=992 width=121)
	        Recheck Cond: ((id >= 3411649) AND (id <= 3412648))
	        ->  Bitmap Index Scan on sbtest6_pkey  (cost=0.00..22.36 rows=992 width=0)
	              Index Cond: ((id >= 3411649) AND (id <= 3412648))

table 7 : explain SELECT c FROM sbtest7 WHERE id BETWEEN 7229927 AND 7230926 ORDER BY c
	Sort  (cost=4018.82..4021.39 rows=1028 width=121)
	  Sort Key: c
	  ->  Bitmap Heap Scan on sbtest7  (cost=22.97..3967.39 rows=1028 width=121)
	        Recheck Cond: ((id >= 7229927) AND (id <= 7230926))
	        ->  Bitmap Index Scan on sbtest7_pkey  (cost=0.00..22.71 rows=1028 width=0)
	              Index Cond: ((id >= 7229927) AND (id <= 7230926))

table 8 : explain SELECT c FROM sbtest8 WHERE id BETWEEN 4936476 AND 4937475 ORDER BY c
	Sort  (cost=3789.38..3791.80 rows=968 width=121)
	  Sort Key: c
	  ->  Bitmap Heap Scan on sbtest8  (cost=22.36..3741.37 rows=968 width=121)
	        Recheck Cond: ((id >= 4936476) AND (id <= 4937475))
	        ->  Bitmap Index Scan on sbtest8_pkey  (cost=0.00..22.11 rows=968 width=0)
	              Index Cond: ((id >= 4936476) AND (id <= 4937475))

for: sum_ranges
table 1 : explain SELECT SUM(k) FROM sbtest1 WHERE id BETWEEN 8694793 AND 8695792
	Aggregate  (cost=3982.15..3982.16 rows=1 width=8)
	  ->  Bitmap Heap Scan on sbtest1  (cost=23.01..3979.57 rows=1032 width=4)
	        Recheck Cond: ((id >= 8694793) AND (id <= 8695792))
	        ->  Bitmap Index Scan on sbtest1_pkey  (cost=0.00..22.75 rows=1032 width=0)
	              Index Cond: ((id >= 8694793) AND (id <= 8695792))

table 2 : explain SELECT SUM(k) FROM sbtest2 WHERE id BETWEEN 3263731 AND 3264730
	Aggregate  (cost=4054.69..4054.70 rows=1 width=8)
	  ->  Bitmap Heap Scan on sbtest2  (cost=23.21..4052.06 rows=1051 width=4)
	        Recheck Cond: ((id >= 3263731) AND (id <= 3264730))
	        ->  Bitmap Index Scan on sbtest2_pkey  (cost=0.00..22.94 rows=1051 width=0)
	              Index Cond: ((id >= 3263731) AND (id <= 3264730))

table 3 : explain SELECT SUM(k) FROM sbtest3 WHERE id BETWEEN 6819201 AND 6820200
	Aggregate  (cost=3768.64..3768.65 rows=1 width=8)
	  ->  Bitmap Heap Scan on sbtest3  (cost=22.43..3766.20 rows=975 width=4)
	        Recheck Cond: ((id >= 6819201) AND (id <= 6820200))
	        ->  Bitmap Index Scan on sbtest3_pkey  (cost=0.00..22.18 rows=975 width=0)
	              Index Cond: ((id >= 6819201) AND (id <= 6820200))

table 4 : explain SELECT SUM(k) FROM sbtest4 WHERE id BETWEEN 2494315 AND 2495314
	Aggregate  (cost=4044.41..4044.42 rows=1 width=8)
	  ->  Bitmap Heap Scan on sbtest4  (cost=23.18..4041.79 rows=1048 width=4)
	        Recheck Cond: ((id >= 2494315) AND (id <= 2495314))
	        ->  Bitmap Index Scan on sbtest4_pkey  (cost=0.00..22.91 rows=1048 width=0)
	              Index Cond: ((id >= 2494315) AND (id <= 2495314))

table 5 : explain SELECT SUM(k) FROM sbtest5 WHERE id BETWEEN 4380283 AND 4381282
	Aggregate  (cost=4048.32..4048.33 rows=1 width=8)
	  ->  Bitmap Heap Scan on sbtest5  (cost=23.19..4045.70 rows=1049 width=4)
	        Recheck Cond: ((id >= 4380283) AND (id <= 4381282))
	        ->  Bitmap Index Scan on sbtest5_pkey  (cost=0.00..22.93 rows=1049 width=0)
	              Index Cond: ((id >= 4380283) AND (id <= 4381282))

table 6 : explain SELECT SUM(k) FROM sbtest6 WHERE id BETWEEN 8472255 AND 8473254
	Aggregate  (cost=4304.99..4305.00 rows=1 width=8)
	  ->  Bitmap Heap Scan on sbtest6  (cost=27.88..4302.20 rows=1117 width=4)
	        Recheck Cond: ((id >= 8472255) AND (id <= 8473254))
	        ->  Bitmap Index Scan on sbtest6_pkey  (cost=0.00..27.61 rows=1117 width=0)
	              Index Cond: ((id >= 8472255) AND (id <= 8473254))

table 7 : explain SELECT SUM(k) FROM sbtest7 WHERE id BETWEEN 7441455 AND 7442454
	Aggregate  (cost=4090.42..4090.43 rows=1 width=8)
	  ->  Bitmap Heap Scan on sbtest7  (cost=23.30..4087.77 rows=1060 width=4)
	        Recheck Cond: ((id >= 7441455) AND (id <= 7442454))
	        ->  Bitmap Index Scan on sbtest7_pkey  (cost=0.00..23.04 rows=1060 width=0)
	              Index Cond: ((id >= 7441455) AND (id <= 7442454))

table 8 : explain SELECT SUM(k) FROM sbtest8 WHERE id BETWEEN 3013738 AND 3014737
	Aggregate  (cost=3728.69..3728.70 rows=1 width=8)
	  ->  Bitmap Heap Scan on sbtest8  (cost=22.32..3726.28 rows=964 width=4)
	        Recheck Cond: ((id >= 3013738) AND (id <= 3014737))
	        ->  Bitmap Index Scan on sbtest8_pkey  (cost=0.00..22.07 rows=964 width=0)
	              Index Cond: ((id >= 3013738) AND (id <= 3014737))

explain: for point_selects :: explain SELECT c FROM sbtest%u WHERE id=%u
for: sum_ranges
table 1 : explain SELECT SUM(k) FROM sbtest1 WHERE id BETWEEN 541044 AND 542043
	Aggregate  (cost=3861.71..3861.72 rows=1 width=8)
	  ->  Bitmap Heap Scan on sbtest1  (cost=22.68..3859.21 rows=1000 width=4)
	        Recheck Cond: ((id >= 541044) AND (id <= 542043))
	        ->  Bitmap Index Scan on sbtest1_pkey  (cost=0.00..22.43 rows=1000 width=0)
	              Index Cond: ((id >= 541044) AND (id <= 542043))

table 2 : explain SELECT SUM(k) FROM sbtest2 WHERE id BETWEEN 5065200 AND 5066199
	Aggregate  (cost=3670.42..3670.43 rows=1 width=8)
	  ->  Bitmap Heap Scan on sbtest2  (cost=22.16..3668.05 rows=949 width=4)
	        Recheck Cond: ((id >= 5065200) AND (id <= 5066199))
	        ->  Bitmap Index Scan on sbtest2_pkey  (cost=0.00..21.93 rows=949 width=0)
	              Index Cond: ((id >= 5065200) AND (id <= 5066199))

table 3 : explain SELECT SUM(k) FROM sbtest3 WHERE id BETWEEN 1564848 AND 1565847
	Aggregate  (cost=3896.77..3896.78 rows=1 width=8)
	  ->  Bitmap Heap Scan on sbtest3  (cost=22.78..3894.24 rows=1009 width=4)
	        Recheck Cond: ((id >= 1564848) AND (id <= 1565847))
	        ->  Bitmap Index Scan on sbtest3_pkey  (cost=0.00..22.52 rows=1009 width=0)
	              Index Cond: ((id >= 1564848) AND (id <= 1565847))

table 4 : explain SELECT SUM(k) FROM sbtest4 WHERE id BETWEEN 6898931 AND 6899930
	Aggregate  (cost=3792.03..3792.04 rows=1 width=8)
	  ->  Bitmap Heap Scan on sbtest4  (cost=22.49..3789.58 rows=981 width=4)
	        Recheck Cond: ((id >= 6898931) AND (id <= 6899930))
	        ->  Bitmap Index Scan on sbtest4_pkey  (cost=0.00..22.25 rows=981 width=0)
	              Index Cond: ((id >= 6898931) AND (id <= 6899930))

table 5 : explain SELECT SUM(k) FROM sbtest5 WHERE id BETWEEN 3523866 AND 3524865
	Aggregate  (cost=3826.10..3826.11 rows=1 width=8)
	  ->  Bitmap Heap Scan on sbtest5  (cost=22.58..3823.63 rows=990 width=4)
	        Recheck Cond: ((id >= 3523866) AND (id <= 3524865))
	        ->  Bitmap Index Scan on sbtest5_pkey  (cost=0.00..22.33 rows=990 width=0)
	              Index Cond: ((id >= 3523866) AND (id <= 3524865))

table 6 : explain SELECT SUM(k) FROM sbtest6 WHERE id BETWEEN 7458559 AND 7459558
	Aggregate  (cost=3826.80..3826.81 rows=1 width=8)
	  ->  Bitmap Heap Scan on sbtest6  (cost=22.58..3824.32 rows=990 width=4)
	        Recheck Cond: ((id >= 7458559) AND (id <= 7459558))
	        ->  Bitmap Index Scan on sbtest6_pkey  (cost=0.00..22.33 rows=990 width=0)
	              Index Cond: ((id >= 7458559) AND (id <= 7459558))

table 7 : explain SELECT SUM(k) FROM sbtest7 WHERE id BETWEEN 1571075 AND 1572074
	Aggregate  (cost=3592.68..3592.69 rows=1 width=8)
	  ->  Bitmap Heap Scan on sbtest7  (cost=21.95..3590.36 rows=928 width=4)
	        Recheck Cond: ((id >= 1571075) AND (id <= 1572074))
	        ->  Bitmap Index Scan on sbtest7_pkey  (cost=0.00..21.71 rows=928 width=0)
	              Index Cond: ((id >= 1571075) AND (id <= 1572074))

table 8 : explain SELECT SUM(k) FROM sbtest8 WHERE id BETWEEN 8134810 AND 8135809
	Aggregate  (cost=3773.98..3773.99 rows=1 width=8)
	  ->  Bitmap Heap Scan on sbtest8  (cost=22.44..3771.54 rows=976 width=4)
	        Recheck Cond: ((id >= 8134810) AND (id <= 8135809))
	        ->  Bitmap Index Scan on sbtest8_pkey  (cost=0.00..22.19 rows=976 width=0)
	              Index Cond: ((id >= 8134810) AND (id <= 8135809))

for: simple_ranges
table 1 : explain SELECT c FROM sbtest1 WHERE id BETWEEN 405095 AND 406094
	Bitmap Heap Scan on sbtest1  (cost=22.97..3964.53 rows=1028 width=121)
	  Recheck Cond: ((id >= 405095) AND (id <= 406094))
	  ->  Bitmap Index Scan on sbtest1_pkey  (cost=0.00..22.71 rows=1028 width=0)
	        Index Cond: ((id >= 405095) AND (id <= 406094))

table 2 : explain SELECT c FROM sbtest2 WHERE id BETWEEN 4819554 AND 4820553
	Bitmap Heap Scan on sbtest2  (cost=21.92..3577.50 rows=925 width=121)
	  Recheck Cond: ((id >= 4819554) AND (id <= 4820553))
	  ->  Bitmap Index Scan on sbtest2_pkey  (cost=0.00..21.68 rows=925 width=0)
	        Index Cond: ((id >= 4819554) AND (id <= 4820553))

table 3 : explain SELECT c FROM sbtest3 WHERE id BETWEEN 9996708 AND 9997707
	Bitmap Heap Scan on sbtest3  (cost=21.37..3377.35 rows=872 width=121)
	  Recheck Cond: ((id >= 9996708) AND (id <= 9997707))
	  ->  Bitmap Index Scan on sbtest3_pkey  (cost=0.00..21.15 rows=872 width=0)
	        Index Cond: ((id >= 9996708) AND (id <= 9997707))

table 4 : explain SELECT c FROM sbtest4 WHERE id BETWEEN 9861770 AND 9862769
	Bitmap Heap Scan on sbtest4  (cost=22.89..3936.46 rows=1020 width=121)
	  Recheck Cond: ((id >= 9861770) AND (id <= 9862769))
	  ->  Bitmap Index Scan on sbtest4_pkey  (cost=0.00..22.64 rows=1020 width=0)
	        Index Cond: ((id >= 9861770) AND (id <= 9862769))

table 5 : explain SELECT c FROM sbtest5 WHERE id BETWEEN 4398041 AND 4399040
	Bitmap Heap Scan on sbtest5  (cost=23.19..4045.70 rows=1049 width=121)
	  Recheck Cond: ((id >= 4398041) AND (id <= 4399040))
	  ->  Bitmap Index Scan on sbtest5_pkey  (cost=0.00..22.93 rows=1049 width=0)
	        Index Cond: ((id >= 4398041) AND (id <= 4399040))

table 6 : explain SELECT c FROM sbtest6 WHERE id BETWEEN 2663193 AND 2664192
	Bitmap Heap Scan on sbtest6  (cost=22.79..3899.67 rows=1010 width=121)
	  Recheck Cond: ((id >= 2663193) AND (id <= 2664192))
	  ->  Bitmap Index Scan on sbtest6_pkey  (cost=0.00..22.54 rows=1010 width=0)
	        Index Cond: ((id >= 2663193) AND (id <= 2664192))

table 7 : explain SELECT c FROM sbtest7 WHERE id BETWEEN 3844462 AND 3845461
	Bitmap Heap Scan on sbtest7  (cost=27.82..4279.63 rows=1111 width=121)
	  Recheck Cond: ((id >= 3844462) AND (id <= 3845461))
	  ->  Bitmap Index Scan on sbtest7_pkey  (cost=0.00..27.54 rows=1111 width=0)
	        Index Cond: ((id >= 3844462) AND (id <= 3845461))

table 8 : explain SELECT c FROM sbtest8 WHERE id BETWEEN 4959238 AND 4960237
	Bitmap Heap Scan on sbtest8  (cost=22.36..3741.37 rows=968 width=121)
	  Recheck Cond: ((id >= 4959238) AND (id <= 4960237))
	  ->  Bitmap Index Scan on sbtest8_pkey  (cost=0.00..22.11 rows=968 width=0)
	        Index Cond: ((id >= 4959238) AND (id <= 4960237))

for: sum_ranges
table 1 : explain SELECT SUM(k) FROM sbtest1 WHERE id BETWEEN 9142170 AND 9143169
	Aggregate  (cost=3775.06..3775.07 rows=1 width=8)
	  ->  Bitmap Heap Scan on sbtest1  (cost=22.45..3772.62 rows=977 width=4)
	        Recheck Cond: ((id >= 9142170) AND (id <= 9143169))
	        ->  Bitmap Index Scan on sbtest1_pkey  (cost=0.00..22.20 rows=977 width=0)
	              Index Cond: ((id >= 9142170) AND (id <= 9143169))

table 2 : explain SELECT SUM(k) FROM sbtest2 WHERE id BETWEEN 1617521 AND 1618520
	Aggregate  (cost=3783.58..3783.59 rows=1 width=8)
	  ->  Bitmap Heap Scan on sbtest2  (cost=22.47..3781.14 rows=979 width=4)
	        Recheck Cond: ((id >= 1617521) AND (id <= 1618520))
	        ->  Bitmap Index Scan on sbtest2_pkey  (cost=0.00..22.22 rows=979 width=0)
	              Index Cond: ((id >= 1617521) AND (id <= 1618520))

table 3 : explain SELECT SUM(k) FROM sbtest3 WHERE id BETWEEN 8458876 AND 8459875
	Aggregate  (cost=3979.59..3979.60 rows=1 width=8)
	  ->  Bitmap Heap Scan on sbtest3  (cost=23.00..3977.02 rows=1031 width=4)
	        Recheck Cond: ((id >= 8458876) AND (id <= 8459875))
	        ->  Bitmap Index Scan on sbtest3_pkey  (cost=0.00..22.75 rows=1031 width=0)
	              Index Cond: ((id >= 8458876) AND (id <= 8459875))

table 4 : explain SELECT SUM(k) FROM sbtest4 WHERE id BETWEEN 8028870 AND 8029869
	Aggregate  (cost=3867.43..3867.44 rows=1 width=8)
	  ->  Bitmap Heap Scan on sbtest4  (cost=22.70..3864.93 rows=1001 width=4)
	        Recheck Cond: ((id >= 8028870) AND (id <= 8029869))
	        ->  Bitmap Index Scan on sbtest4_pkey  (cost=0.00..22.44 rows=1001 width=0)
	              Index Cond: ((id >= 8028870) AND (id <= 8029869))

table 5 : explain SELECT SUM(k) FROM sbtest5 WHERE id BETWEEN 1447749 AND 1448748
	Aggregate  (cost=3735.58..3735.59 rows=1 width=8)
	  ->  Bitmap Heap Scan on sbtest5  (cost=22.34..3733.17 rows=966 width=4)
	        Recheck Cond: ((id >= 1447749) AND (id <= 1448748))
	        ->  Bitmap Index Scan on sbtest5_pkey  (cost=0.00..22.09 rows=966 width=0)
	              Index Cond: ((id >= 1447749) AND (id <= 1448748))

table 6 : explain SELECT SUM(k) FROM sbtest6 WHERE id BETWEEN 9583420 AND 9584419
	Aggregate  (cost=3905.96..3905.97 rows=1 width=8)
	  ->  Bitmap Heap Scan on sbtest6  (cost=22.80..3903.44 rows=1011 width=4)
	        Recheck Cond: ((id >= 9583420) AND (id <= 9584419))
	        ->  Bitmap Index Scan on sbtest6_pkey  (cost=0.00..22.54 rows=1011 width=0)
	              Index Cond: ((id >= 9583420) AND (id <= 9584419))

table 7 : explain SELECT SUM(k) FROM sbtest7 WHERE id BETWEEN 580678 AND 581677
	Aggregate  (cost=3951.13..3951.14 rows=1 width=8)
	  ->  Bitmap Heap Scan on sbtest7  (cost=22.92..3948.57 rows=1023 width=4)
	        Recheck Cond: ((id >= 580678) AND (id <= 581677))
	        ->  Bitmap Index Scan on sbtest7_pkey  (cost=0.00..22.66 rows=1023 width=0)
	              Index Cond: ((id >= 580678) AND (id <= 581677))

table 8 : explain SELECT SUM(k) FROM sbtest8 WHERE id BETWEEN 4366696 AND 4367695
	Aggregate  (cost=4507.60..4507.61 rows=1 width=8)
	  ->  Bitmap Heap Scan on sbtest8  (cost=28.44..4504.67 rows=1171 width=4)
	        Recheck Cond: ((id >= 4366696) AND (id <= 4367695))
	        ->  Bitmap Index Scan on sbtest8_pkey  (cost=0.00..28.14 rows=1171 width=0)
	              Index Cond: ((id >= 4366696) AND (id <= 4367695))

for: distinct_ranges
table 1 : explain SELECT DISTINCT c FROM sbtest1 WHERE id BETWEEN 5902174 AND 5903173 ORDER BY c
	Unique  (cost=4057.94..4063.13 rows=1039 width=121)
	  ->  Sort  (cost=4057.94..4060.53 rows=1039 width=121)
	        Sort Key: c
	        ->  Bitmap Heap Scan on sbtest1  (cost=23.08..4005.88 rows=1039 width=121)
	              Recheck Cond: ((id >= 5902174) AND (id <= 5903173))
	              ->  Bitmap Index Scan on sbtest1_pkey  (cost=0.00..22.82 rows=1039 width=0)
	                    Index Cond: ((id >= 5902174) AND (id <= 5903173))

table 2 : explain SELECT DISTINCT c FROM sbtest2 WHERE id BETWEEN 5964277 AND 5965276 ORDER BY c
	Unique  (cost=4162.03..4167.36 rows=1066 width=121)
	  ->  Sort  (cost=4162.03..4164.70 rows=1066 width=121)
	        Sort Key: c
	        ->  Bitmap Heap Scan on sbtest2  (cost=23.36..4108.42 rows=1066 width=121)
	              Recheck Cond: ((id >= 5964277) AND (id <= 5965276))
	              ->  Bitmap Index Scan on sbtest2_pkey  (cost=0.00..23.09 rows=1066 width=0)
	                    Index Cond: ((id >= 5964277) AND (id <= 5965276))

table 3 : explain SELECT DISTINCT c FROM sbtest3 WHERE id BETWEEN 2103856 AND 2104855 ORDER BY c
	Unique  (cost=4227.01..4232.42 rows=1083 width=121)
	  ->  Sort  (cost=4227.01..4229.71 rows=1083 width=121)
	        Sort Key: c
	        ->  Bitmap Heap Scan on sbtest3  (cost=23.54..4172.42 rows=1083 width=121)
	              Recheck Cond: ((id >= 2103856) AND (id <= 2104855))
	              ->  Bitmap Index Scan on sbtest3_pkey  (cost=0.00..23.26 rows=1083 width=0)
	                    Index Cond: ((id >= 2103856) AND (id <= 2104855))

table 4 : explain SELECT DISTINCT c FROM sbtest4 WHERE id BETWEEN 8691811 AND 8692810 ORDER BY c
	Unique  (cost=3834.50..3839.40 rows=980 width=121)
	  ->  Sort  (cost=3834.50..3836.95 rows=980 width=121)
	        Sort Key: c
	        ->  Bitmap Heap Scan on sbtest4  (cost=22.48..3785.81 rows=980 width=121)
	              Recheck Cond: ((id >= 8691811) AND (id <= 8692810))
	              ->  Bitmap Index Scan on sbtest4_pkey  (cost=0.00..22.23 rows=980 width=0)
	                    Index Cond: ((id >= 8691811) AND (id <= 8692810))

table 5 : explain SELECT DISTINCT c FROM sbtest5 WHERE id BETWEEN 1841655 AND 1842654 ORDER BY c
	Unique  (cost=4029.60..4034.75 rows=1031 width=121)
	  ->  Sort  (cost=4029.60..4032.17 rows=1031 width=121)
	        Sort Key: c
	        ->  Bitmap Heap Scan on sbtest5  (cost=23.00..3978.00 rows=1031 width=121)
	              Recheck Cond: ((id >= 1841655) AND (id <= 1842654))
	              ->  Bitmap Index Scan on sbtest5_pkey  (cost=0.00..22.75 rows=1031 width=0)
	                    Index Cond: ((id >= 1841655) AND (id <= 1842654))

table 6 : explain SELECT DISTINCT c FROM sbtest6 WHERE id BETWEEN 614369 AND 615368 ORDER BY c
	Unique  (cost=3797.04..3801.89 rows=970 width=121)
	  ->  Sort  (cost=3797.04..3799.47 rows=970 width=121)
	        Sort Key: c
	        ->  Bitmap Heap Scan on sbtest6  (cost=22.38..3748.92 rows=970 width=121)
	              Recheck Cond: ((id >= 614369) AND (id <= 615368))
	              ->  Bitmap Index Scan on sbtest6_pkey  (cost=0.00..22.14 rows=970 width=0)
	                    Index Cond: ((id >= 614369) AND (id <= 615368))

table 7 : explain SELECT DISTINCT c FROM sbtest7 WHERE id BETWEEN 4762591 AND 4763590 ORDER BY c
	Unique  (cost=3770.20..3775.01 rows=963 width=121)
	  ->  Sort  (cost=3770.20..3772.60 rows=963 width=121)
	        Sort Key: c
	        ->  Bitmap Heap Scan on sbtest7  (cost=22.31..3722.47 rows=963 width=121)
	              Recheck Cond: ((id >= 4762591) AND (id <= 4763590))
	              ->  Bitmap Index Scan on sbtest7_pkey  (cost=0.00..22.07 rows=963 width=0)
	                    Index Cond: ((id >= 4762591) AND (id <= 4763590))

table 8 : explain SELECT DISTINCT c FROM sbtest8 WHERE id BETWEEN 8604284 AND 8605283 ORDER BY c
	Unique  (cost=3839.13..3844.04 rows=981 width=121)
	  ->  Sort  (cost=3839.13..3841.59 rows=981 width=121)
	        Sort Key: c
	        ->  Bitmap Heap Scan on sbtest8  (cost=22.49..3790.39 rows=981 width=121)
	              Recheck Cond: ((id >= 8604284) AND (id <= 8605283))
	              ->  Bitmap Index Scan on sbtest8_pkey  (cost=0.00..22.25 rows=981 width=0)
	                    Index Cond: ((id >= 8604284) AND (id <= 8605283))

for point_selects
table 1 : explain SELECT c FROM sbtest1 WHERE id=5586649
	Index Scan using sbtest1_pkey on sbtest1  (cost=0.43..8.45 rows=1 width=121)
	  Index Cond: (id = 5586649)

table 2 : explain SELECT c FROM sbtest2 WHERE id=3773783
	Index Scan using sbtest2_pkey on sbtest2  (cost=0.43..8.45 rows=1 width=121)
	  Index Cond: (id = 3773783)

table 3 : explain SELECT c FROM sbtest3 WHERE id=5126755
	Index Scan using sbtest3_pkey on sbtest3  (cost=0.43..8.45 rows=1 width=121)
	  Index Cond: (id = 5126755)

table 4 : explain SELECT c FROM sbtest4 WHERE id=8566433
	Index Scan using sbtest4_pkey on sbtest4  (cost=0.43..8.45 rows=1 width=121)
	  Index Cond: (id = 8566433)

table 5 : explain SELECT c FROM sbtest5 WHERE id=619935
	Index Scan using sbtest5_pkey on sbtest5  (cost=0.43..8.45 rows=1 width=121)
	  Index Cond: (id = 619935)

table 6 : explain SELECT c FROM sbtest6 WHERE id=8422312
	Index Scan using sbtest6_pkey on sbtest6  (cost=0.43..8.45 rows=1 width=121)
	  Index Cond: (id = 8422312)

table 7 : explain SELECT c FROM sbtest7 WHERE id=2864760
	Index Scan using sbtest7_pkey on sbtest7  (cost=0.43..8.45 rows=1 width=121)
	  Index Cond: (id = 2864760)

table 8 : explain SELECT c FROM sbtest8 WHERE id=411659
	Index Scan using sbtest8_pkey on sbtest8  (cost=0.43..8.45 rows=1 width=121)
	  Index Cond: (id = 411659)

for point_selects
table 1 : explain SELECT c FROM sbtest1 WHERE id=4910960
	Index Scan using sbtest1_pkey on sbtest1  (cost=0.43..8.45 rows=1 width=121)
	  Index Cond: (id = 4910960)

table 2 : explain SELECT c FROM sbtest2 WHERE id=6469173
	Index Scan using sbtest2_pkey on sbtest2  (cost=0.43..8.45 rows=1 width=121)
	  Index Cond: (id = 6469173)

table 3 : explain SELECT c FROM sbtest3 WHERE id=4730660
	Index Scan using sbtest3_pkey on sbtest3  (cost=0.43..8.45 rows=1 width=121)
	  Index Cond: (id = 4730660)

table 4 : explain SELECT c FROM sbtest4 WHERE id=986418
	Index Scan using sbtest4_pkey on sbtest4  (cost=0.43..8.45 rows=1 width=121)
	  Index Cond: (id = 986418)

table 5 : explain SELECT c FROM sbtest5 WHERE id=115745
	Index Scan using sbtest5_pkey on sbtest5  (cost=0.43..8.45 rows=1 width=121)
	  Index Cond: (id = 115745)

table 6 : explain SELECT c FROM sbtest6 WHERE id=4269084
	Index Scan using sbtest6_pkey on sbtest6  (cost=0.43..8.45 rows=1 width=121)
	  Index Cond: (id = 4269084)

table 7 : explain SELECT c FROM sbtest7 WHERE id=3328576
	Index Scan using sbtest7_pkey on sbtest7  (cost=0.43..8.45 rows=1 width=121)
	  Index Cond: (id = 3328576)

table 8 : explain SELECT c FROM sbtest8 WHERE id=158070
	Index Scan using sbtest8_pkey on sbtest8  (cost=0.43..8.45 rows=1 width=121)
	  Index Cond: (id = 158070)

for: distinct_ranges
table 1 : explain SELECT DISTINCT c FROM sbtest1 WHERE id BETWEEN 3110807 AND 3111806 ORDER BY c
	Unique  (cost=3591.52..3596.10 rows=917 width=121)
	  ->  Sort  (cost=3591.52..3593.81 rows=917 width=121)
	        Sort Key: c
	        ->  Bitmap Heap Scan on sbtest1  (cost=21.83..3546.40 rows=917 width=121)
	              Recheck Cond: ((id >= 3110807) AND (id <= 3111806))
	              ->  Bitmap Index Scan on sbtest1_pkey  (cost=0.00..21.61 rows=917 width=0)
	                    Index Cond: ((id >= 3110807) AND (id <= 3111806))

table 2 : explain SELECT DISTINCT c FROM sbtest2 WHERE id BETWEEN 6438978 AND 6439977 ORDER BY c
	Unique  (cost=4234.47..4239.90 rows=1085 width=121)
	  ->  Sort  (cost=4234.47..4237.19 rows=1085 width=121)
	        Sort Key: c
	        ->  Bitmap Heap Scan on sbtest2  (cost=23.56..4179.77 rows=1085 width=121)
	              Recheck Cond: ((id >= 6438978) AND (id <= 6439977))
	              ->  Bitmap Index Scan on sbtest2_pkey  (cost=0.00..23.29 rows=1085 width=0)
	                    Index Cond: ((id >= 6438978) AND (id <= 6439977))

table 3 : explain SELECT DISTINCT c FROM sbtest3 WHERE id BETWEEN 1215497 AND 1216496 ORDER BY c
	Unique  (cost=4207.94..4213.33 rows=1078 width=121)
	  ->  Sort  (cost=4207.94..4210.64 rows=1078 width=121)
	        Sort Key: c
	        ->  Bitmap Heap Scan on sbtest3  (cost=23.48..4153.64 rows=1078 width=121)
	              Recheck Cond: ((id >= 1215497) AND (id <= 1216496))
	              ->  Bitmap Index Scan on sbtest3_pkey  (cost=0.00..23.21 rows=1078 width=0)
	                    Index Cond: ((id >= 1215497) AND (id <= 1216496))

table 4 : explain SELECT DISTINCT c FROM sbtest4 WHERE id BETWEEN 2835735 AND 2836734 ORDER BY c
	Unique  (cost=3719.68..3724.43 rows=950 width=121)
	  ->  Sort  (cost=3719.68..3722.05 rows=950 width=121)
	        Sort Key: c
	        ->  Bitmap Heap Scan on sbtest4  (cost=22.17..3672.69 rows=950 width=121)
	              Recheck Cond: ((id >= 2835735) AND (id <= 2836734))
	              ->  Bitmap Index Scan on sbtest4_pkey  (cost=0.00..21.93 rows=950 width=0)
	                    Index Cond: ((id >= 2835735) AND (id <= 2836734))

table 5 : explain SELECT DISTINCT c FROM sbtest5 WHERE id BETWEEN 4236220 AND 4237219 ORDER BY c
	Unique  (cost=3972.29..3977.37 rows=1016 width=121)
	  ->  Sort  (cost=3972.29..3974.83 rows=1016 width=121)
	        Sort Key: c
	        ->  Bitmap Heap Scan on sbtest5  (cost=22.85..3921.54 rows=1016 width=121)
	              Recheck Cond: ((id >= 4236220) AND (id <= 4237219))
	              ->  Bitmap Index Scan on sbtest5_pkey  (cost=0.00..22.59 rows=1016 width=0)
	                    Index Cond: ((id >= 4236220) AND (id <= 4237219))

table 6 : explain SELECT DISTINCT c FROM sbtest6 WHERE id BETWEEN 9684187 AND 9685186 ORDER BY c
	Unique  (cost=3816.18..3821.05 rows=975 width=121)
	  ->  Sort  (cost=3816.18..3818.62 rows=975 width=121)
	        Sort Key: c
	        ->  Bitmap Heap Scan on sbtest6  (cost=22.43..3767.77 rows=975 width=121)
	              Recheck Cond: ((id >= 9684187) AND (id <= 9685186))
	              ->  Bitmap Index Scan on sbtest6_pkey  (cost=0.00..22.18 rows=975 width=0)
	                    Index Cond: ((id >= 9684187) AND (id <= 9685186))

table 7 : explain SELECT DISTINCT c FROM sbtest7 WHERE id BETWEEN 6985026 AND 6986025 ORDER BY c
	Unique  (cost=4125.76..4131.04 rows=1056 width=121)
	  ->  Sort  (cost=4125.76..4128.40 rows=1056 width=121)
	        Sort Key: c
	        ->  Bitmap Heap Scan on sbtest7  (cost=23.26..4072.73 rows=1056 width=121)
	              Recheck Cond: ((id >= 6985026) AND (id <= 6986025))
	              ->  Bitmap Index Scan on sbtest7_pkey  (cost=0.00..23.00 rows=1056 width=0)
	                    Index Cond: ((id >= 6985026) AND (id <= 6986025))

table 8 : explain SELECT DISTINCT c FROM sbtest8 WHERE id BETWEEN 221425 AND 222424 ORDER BY c
	Unique  (cost=4045.61..4050.78 rows=1035 width=121)
	  ->  Sort  (cost=4045.61..4048.19 rows=1035 width=121)
	        Sort Key: c
	        ->  Bitmap Heap Scan on sbtest8  (cost=23.04..3993.78 rows=1035 width=121)
	              Recheck Cond: ((id >= 221425) AND (id <= 222424))
	              ->  Bitmap Index Scan on sbtest8_pkey  (cost=0.00..22.79 rows=1035 width=0)
	                    Index Cond: ((id >= 221425) AND (id <= 222424))

for: sum_ranges
table 1 : explain SELECT SUM(k) FROM sbtest1 WHERE id BETWEEN 8663877 AND 8664876
	Aggregate  (cost=3609.11..3609.12 rows=1 width=8)
	  ->  Bitmap Heap Scan on sbtest1  (cost=22.00..3606.77 rows=933 width=4)
	        Recheck Cond: ((id >= 8663877) AND (id <= 8664876))
	        ->  Bitmap Index Scan on sbtest1_pkey  (cost=0.00..21.76 rows=933 width=0)
	              Index Cond: ((id >= 8663877) AND (id <= 8664876))

table 2 : explain SELECT SUM(k) FROM sbtest2 WHERE id BETWEEN 4938241 AND 4939240
	Aggregate  (cost=3938.05..3938.06 rows=1 width=8)
	  ->  Bitmap Heap Scan on sbtest2  (cost=22.89..3935.50 rows=1020 width=4)
	        Recheck Cond: ((id >= 4938241) AND (id <= 4939240))
	        ->  Bitmap Index Scan on sbtest2_pkey  (cost=0.00..22.64 rows=1020 width=0)
	              Index Cond: ((id >= 4938241) AND (id <= 4939240))

table 3 : explain SELECT SUM(k) FROM sbtest3 WHERE id BETWEEN 518431 AND 519430
	Aggregate  (cost=3798.80..3798.81 rows=1 width=8)
	  ->  Bitmap Heap Scan on sbtest3  (cost=22.51..3796.34 rows=983 width=4)
	        Recheck Cond: ((id >= 518431) AND (id <= 519430))
	        ->  Bitmap Index Scan on sbtest3_pkey  (cost=0.00..22.26 rows=983 width=0)
	              Index Cond: ((id >= 518431) AND (id <= 519430))

table 4 : explain SELECT SUM(k) FROM sbtest4 WHERE id BETWEEN 9203388 AND 9204387
	Aggregate  (cost=3765.63..3765.64 rows=1 width=8)
	  ->  Bitmap Heap Scan on sbtest4  (cost=22.42..3763.20 rows=974 width=4)
	        Recheck Cond: ((id >= 9203388) AND (id <= 9204387))
	        ->  Bitmap Index Scan on sbtest4_pkey  (cost=0.00..22.18 rows=974 width=0)
	              Index Cond: ((id >= 9203388) AND (id <= 9204387))

table 5 : explain SELECT SUM(k) FROM sbtest5 WHERE id BETWEEN 7620389 AND 7621388
	Aggregate  (cost=3758.22..3758.23 rows=1 width=8)
	  ->  Bitmap Heap Scan on sbtest5  (cost=22.40..3755.79 rows=972 width=4)
	        Recheck Cond: ((id >= 7620389) AND (id <= 7621388))
	        ->  Bitmap Index Scan on sbtest5_pkey  (cost=0.00..22.15 rows=972 width=0)
	              Index Cond: ((id >= 7620389) AND (id <= 7621388))

table 6 : explain SELECT SUM(k) FROM sbtest6 WHERE id BETWEEN 5100113 AND 5101112
	Aggregate  (cost=3641.85..3641.86 rows=1 width=8)
	  ->  Bitmap Heap Scan on sbtest6  (cost=22.08..3639.49 rows=941 width=4)
	        Recheck Cond: ((id >= 5100113) AND (id <= 5101112))
	        ->  Bitmap Index Scan on sbtest6_pkey  (cost=0.00..21.84 rows=941 width=0)
	              Index Cond: ((id >= 5100113) AND (id <= 5101112))

table 7 : explain SELECT SUM(k) FROM sbtest7 WHERE id BETWEEN 9116426 AND 9117425
	Aggregate  (cost=4101.70..4101.71 rows=1 width=8)
	  ->  Bitmap Heap Scan on sbtest7  (cost=23.33..4099.05 rows=1063 width=4)
	        Recheck Cond: ((id >= 9116426) AND (id <= 9117425))
	        ->  Bitmap Index Scan on sbtest7_pkey  (cost=0.00..23.07 rows=1063 width=0)
	              Index Cond: ((id >= 9116426) AND (id <= 9117425))

table 8 : explain SELECT SUM(k) FROM sbtest8 WHERE id BETWEEN 5441888 AND 5442887
	Aggregate  (cost=3622.95..3622.96 rows=1 width=8)
	  ->  Bitmap Heap Scan on sbtest8  (cost=22.03..3620.61 rows=936 width=4)
	        Recheck Cond: ((id >= 5441888) AND (id <= 5442887))
	        ->  Bitmap Index Scan on sbtest8_pkey  (cost=0.00..21.79 rows=936 width=0)
	              Index Cond: ((id >= 5441888) AND (id <= 5442887))

for: order_ranges
table 1 : explain SELECT c FROM sbtest1 WHERE id BETWEEN 1014443 AND 1015442 ORDER BY c
	Sort  (cost=3717.87..3720.24 rows=950 width=121)
	  Sort Key: c
	  ->  Bitmap Heap Scan on sbtest1  (cost=22.17..3670.88 rows=950 width=121)
	        Recheck Cond: ((id >= 1014443) AND (id <= 1015442))
	        ->  Bitmap Index Scan on sbtest1_pkey  (cost=0.00..21.93 rows=950 width=0)
	              Index Cond: ((id >= 1014443) AND (id <= 1015442))

table 2 : explain SELECT c FROM sbtest2 WHERE id BETWEEN 2938315 AND 2939314 ORDER BY c
	Sort  (cost=3672.86..3675.21 rows=938 width=121)
	  Sort Key: c
	  ->  Bitmap Heap Scan on sbtest2  (cost=22.05..3626.56 rows=938 width=121)
	        Recheck Cond: ((id >= 2938315) AND (id <= 2939314))
	        ->  Bitmap Index Scan on sbtest2_pkey  (cost=0.00..21.82 rows=938 width=0)
	              Index Cond: ((id >= 2938315) AND (id <= 2939314))

table 3 : explain SELECT c FROM sbtest3 WHERE id BETWEEN 2169594 AND 2170593 ORDER BY c
	Sort  (cost=3581.04..3583.32 rows=914 width=121)
	  Sort Key: c
	  ->  Bitmap Heap Scan on sbtest3  (cost=21.80..3536.08 rows=914 width=121)
	        Recheck Cond: ((id >= 2169594) AND (id <= 2170593))
	        ->  Bitmap Index Scan on sbtest3_pkey  (cost=0.00..21.57 rows=914 width=0)
	              Index Cond: ((id >= 2169594) AND (id <= 2170593))

table 4 : explain SELECT c FROM sbtest4 WHERE id BETWEEN 6360572 AND 6361571 ORDER BY c
	Sort  (cost=4292.90..4295.65 rows=1099 width=121)
	  Sort Key: c
	  ->  Bitmap Heap Scan on sbtest4  (cost=27.70..4237.39 rows=1099 width=121)
	        Recheck Cond: ((id >= 6360572) AND (id <= 6361571))
	        ->  Bitmap Index Scan on sbtest4_pkey  (cost=0.00..27.43 rows=1099 width=0)
	              Index Cond: ((id >= 6360572) AND (id <= 6361571))

table 5 : explain SELECT c FROM sbtest5 WHERE id BETWEEN 2896696 AND 2897695 ORDER BY c
	Sort  (cost=3585.69..3587.97 rows=915 width=121)
	  Sort Key: c
	  ->  Bitmap Heap Scan on sbtest5  (cost=21.81..3540.68 rows=915 width=121)
	        Recheck Cond: ((id >= 2896696) AND (id <= 2897695))
	        ->  Bitmap Index Scan on sbtest5_pkey  (cost=0.00..21.58 rows=915 width=0)
	              Index Cond: ((id >= 2896696) AND (id <= 2897695))

table 6 : explain SELECT c FROM sbtest6 WHERE id BETWEEN 6656626 AND 6657625 ORDER BY c
	Sort  (cost=4225.04..4227.74 rows=1082 width=121)
	  Sort Key: c
	  ->  Bitmap Heap Scan on sbtest6  (cost=23.53..4170.51 rows=1082 width=121)
	        Recheck Cond: ((id >= 6656626) AND (id <= 6657625))
	        ->  Bitmap Index Scan on sbtest6_pkey  (cost=0.00..23.25 rows=1082 width=0)
	              Index Cond: ((id >= 6656626) AND (id <= 6657625))

table 7 : explain SELECT c FROM sbtest7 WHERE id BETWEEN 580487 AND 581486 ORDER BY c
	Sort  (cost=3972.96..3975.50 rows=1016 width=121)
	  Sort Key: c
	  ->  Bitmap Heap Scan on sbtest7  (cost=22.85..3922.22 rows=1016 width=121)
	        Recheck Cond: ((id >= 580487) AND (id <= 581486))
	        ->  Bitmap Index Scan on sbtest7_pkey  (cost=0.00..22.59 rows=1016 width=0)
	              Index Cond: ((id >= 580487) AND (id <= 581486))

table 8 : explain SELECT c FROM sbtest8 WHERE id BETWEEN 8642567 AND 8643566 ORDER BY c
	Sort  (cost=3839.13..3841.59 rows=981 width=121)
	  Sort Key: c
	  ->  Bitmap Heap Scan on sbtest8  (cost=22.49..3790.39 rows=981 width=121)
	        Recheck Cond: ((id >= 8642567) AND (id <= 8643566))
	        ->  Bitmap Index Scan on sbtest8_pkey  (cost=0.00..22.25 rows=981 width=0)
	              Index Cond: ((id >= 8642567) AND (id <= 8643566))

for point_selects
table 1 : explain SELECT c FROM sbtest1 WHERE id=217345
	Index Scan using sbtest1_pkey on sbtest1  (cost=0.43..8.45 rows=1 width=121)
	  Index Cond: (id = 217345)

table 2 : explain SELECT c FROM sbtest2 WHERE id=9867823
	Index Scan using sbtest2_pkey on sbtest2  (cost=0.43..8.45 rows=1 width=121)
	  Index Cond: (id = 9867823)

table 3 : explain SELECT c FROM sbtest3 WHERE id=9529812
	Index Scan using sbtest3_pkey on sbtest3  (cost=0.43..8.45 rows=1 width=121)
	  Index Cond: (id = 9529812)

table 4 : explain SELECT c FROM sbtest4 WHERE id=8376293
	Index Scan using sbtest4_pkey on sbtest4  (cost=0.43..8.45 rows=1 width=121)
	  Index Cond: (id = 8376293)

table 5 : explain SELECT c FROM sbtest5 WHERE id=3750723
	Index Scan using sbtest5_pkey on sbtest5  (cost=0.43..8.45 rows=1 width=121)
	  Index Cond: (id = 3750723)

table 6 : explain SELECT c FROM sbtest6 WHERE id=5161474
	Index Scan using sbtest6_pkey on sbtest6  (cost=0.43..8.45 rows=1 width=121)
	  Index Cond: (id = 5161474)

table 7 : explain SELECT c FROM sbtest7 WHERE id=5662371
	Index Scan using sbtest7_pkey on sbtest7  (cost=0.43..8.45 rows=1 width=121)
	  Index Cond: (id = 5662371)

table 8 : explain SELECT c FROM sbtest8 WHERE id=3013810
	Index Scan using sbtest8_pkey on sbtest8  (cost=0.43..8.45 rows=1 width=121)
	  Index Cond: (id = 3013810)

for: order_ranges
table 1 : explain SELECT c FROM sbtest1 WHERE id BETWEEN 6427185 AND 6428184 ORDER BY c
	Sort  (cost=4099.90..4102.53 rows=1050 width=121)
	  Sort Key: c
	  ->  Bitmap Heap Scan on sbtest1  (cost=23.20..4047.21 rows=1050 width=121)
	        Recheck Cond: ((id >= 6427185) AND (id <= 6428184))
	        ->  Bitmap Index Scan on sbtest1_pkey  (cost=0.00..22.93 rows=1050 width=0)
	              Index Cond: ((id >= 6427185) AND (id <= 6428184))

table 2 : explain SELECT c FROM sbtest2 WHERE id BETWEEN 2696706 AND 2697705 ORDER BY c
	Sort  (cost=3833.59..3836.04 rows=980 width=121)
	  Sort Key: c
	  ->  Bitmap Heap Scan on sbtest2  (cost=22.48..3784.90 rows=980 width=121)
	        Recheck Cond: ((id >= 2696706) AND (id <= 2697705))
	        ->  Bitmap Index Scan on sbtest2_pkey  (cost=0.00..22.23 rows=980 width=0)
	              Index Cond: ((id >= 2696706) AND (id <= 2697705))

table 3 : explain SELECT c FROM sbtest3 WHERE id BETWEEN 5568181 AND 5569180 ORDER BY c
	Sort  (cost=3745.73..3748.12 rows=957 width=121)
	  Sort Key: c
	  ->  Bitmap Heap Scan on sbtest3  (cost=22.24..3698.35 rows=957 width=121)
	        Recheck Cond: ((id >= 5568181) AND (id <= 5569180))
	        ->  Bitmap Index Scan on sbtest3_pkey  (cost=0.00..22.00 rows=957 width=0)
	              Index Cond: ((id >= 5568181) AND (id <= 5569180))

table 4 : explain SELECT c FROM sbtest4 WHERE id BETWEEN 5459910 AND 5460909 ORDER BY c
	Sort  (cost=4071.46..4074.07 rows=1042 width=121)
	  Sort Key: c
	  ->  Bitmap Heap Scan on sbtest4  (cost=23.12..4019.23 rows=1042 width=121)
	        Recheck Cond: ((id >= 5459910) AND (id <= 5460909))
	        ->  Bitmap Index Scan on sbtest4_pkey  (cost=0.00..22.86 rows=1042 width=0)
	              Index Cond: ((id >= 5459910) AND (id <= 5460909))

table 5 : explain SELECT c FROM sbtest5 WHERE id BETWEEN 4243780 AND 4244779 ORDER BY c
	Sort  (cost=3796.37..3798.79 rows=970 width=121)
	  Sort Key: c
	  ->  Bitmap Heap Scan on sbtest5  (cost=22.38..3748.25 rows=970 width=121)
	        Recheck Cond: ((id >= 4243780) AND (id <= 4244779))
	        ->  Bitmap Index Scan on sbtest5_pkey  (cost=0.00..22.14 rows=970 width=0)
	              Index Cond: ((id >= 4243780) AND (id <= 4244779))

table 6 : explain SELECT c FROM sbtest6 WHERE id BETWEEN 3141310 AND 3142309 ORDER BY c
	Sort  (cost=3915.65..3918.16 rows=1001 width=121)
	  Sort Key: c
	  ->  Bitmap Heap Scan on sbtest6  (cost=22.70..3865.77 rows=1001 width=121)
	        Recheck Cond: ((id >= 3141310) AND (id <= 3142309))
	        ->  Bitmap Index Scan on sbtest6_pkey  (cost=0.00..22.44 rows=1001 width=0)
	              Index Cond: ((id >= 3141310) AND (id <= 3142309))

table 7 : explain SELECT c FROM sbtest7 WHERE id BETWEEN 7062522 AND 7063521 ORDER BY c
	Sort  (cost=4175.38..4178.06 rows=1069 width=121)
	  Sort Key: c
	  ->  Bitmap Heap Scan on sbtest7  (cost=23.39..4121.60 rows=1069 width=121)
	        Recheck Cond: ((id >= 7062522) AND (id <= 7063521))
	        ->  Bitmap Index Scan on sbtest7_pkey  (cost=0.00..23.12 rows=1069 width=0)
	              Index Cond: ((id >= 7062522) AND (id <= 7063521))

table 8 : explain SELECT c FROM sbtest8 WHERE id BETWEEN 7900188 AND 7901187 ORDER BY c
	Sort  (cost=3823.83..3826.27 rows=977 width=121)
	  Sort Key: c
	  ->  Bitmap Heap Scan on sbtest8  (cost=22.45..3775.31 rows=977 width=121)
	        Recheck Cond: ((id >= 7900188) AND (id <= 7901187))
	        ->  Bitmap Index Scan on sbtest8_pkey  (cost=0.00..22.20 rows=977 width=0)
	              Index Cond: ((id >= 7900188) AND (id <= 7901187))

for: order_ranges
table 1 : explain SELECT c FROM sbtest1 WHERE id BETWEEN 3497229 AND 3498228 ORDER BY c
	Sort  (cost=3878.47..3880.95 rows=992 width=121)
	  Sort Key: c
	  ->  Bitmap Heap Scan on sbtest1  (cost=22.60..3829.10 rows=992 width=121)
	        Recheck Cond: ((id >= 3497229) AND (id <= 3498228))
	        ->  Bitmap Index Scan on sbtest1_pkey  (cost=0.00..22.36 rows=992 width=0)
	              Index Cond: ((id >= 3497229) AND (id <= 3498228))

table 2 : explain SELECT c FROM sbtest2 WHERE id BETWEEN 6990706 AND 6991705 ORDER BY c
	Sort  (cost=3791.52..3793.94 rows=969 width=121)
	  Sort Key: c
	  ->  Bitmap Heap Scan on sbtest2  (cost=22.37..3743.46 rows=969 width=121)
	        Recheck Cond: ((id >= 6990706) AND (id <= 6991705))
	        ->  Bitmap Index Scan on sbtest2_pkey  (cost=0.00..22.12 rows=969 width=0)
	              Index Cond: ((id >= 6990706) AND (id <= 6991705))

table 3 : explain SELECT c FROM sbtest3 WHERE id BETWEEN 4415457 AND 4416456 ORDER BY c
	Sort  (cost=3956.05..3958.58 rows=1012 width=121)
	  Sort Key: c
	  ->  Bitmap Heap Scan on sbtest3  (cost=22.81..3905.54 rows=1012 width=121)
	        Recheck Cond: ((id >= 4415457) AND (id <= 4416456))
	        ->  Bitmap Index Scan on sbtest3_pkey  (cost=0.00..22.55 rows=1012 width=0)
	              Index Cond: ((id >= 4415457) AND (id <= 4416456))

table 4 : explain SELECT c FROM sbtest4 WHERE id BETWEEN 1257066 AND 1258065 ORDER BY c
	Sort  (cost=3528.04..3530.29 rows=900 width=121)
	  Sort Key: c
	  ->  Bitmap Heap Scan on sbtest4  (cost=21.66..3483.88 rows=900 width=121)
	        Recheck Cond: ((id >= 1257066) AND (id <= 1258065))
	        ->  Bitmap Index Scan on sbtest4_pkey  (cost=0.00..21.43 rows=900 width=0)
	              Index Cond: ((id >= 1257066) AND (id <= 1258065))

table 5 : explain SELECT c FROM sbtest5 WHERE id BETWEEN 244871 AND 245870 ORDER BY c
	Sort  (cost=3819.33..3821.77 rows=976 width=121)
	  Sort Key: c
	  ->  Bitmap Heap Scan on sbtest5  (cost=22.44..3770.87 rows=976 width=121)
	        Recheck Cond: ((id >= 244871) AND (id <= 245870))
	        ->  Bitmap Index Scan on sbtest5_pkey  (cost=0.00..22.19 rows=976 width=0)
	              Index Cond: ((id >= 244871) AND (id <= 245870))

table 6 : explain SELECT c FROM sbtest6 WHERE id BETWEEN 738603 AND 739602 ORDER BY c
	Sort  (cost=3976.83..3979.37 rows=1017 width=121)
	  Sort Key: c
	  ->  Bitmap Heap Scan on sbtest6  (cost=22.86..3926.03 rows=1017 width=121)
	        Recheck Cond: ((id >= 738603) AND (id <= 739602))
	        ->  Bitmap Index Scan on sbtest6_pkey  (cost=0.00..22.61 rows=1017 width=0)
	              Index Cond: ((id >= 738603) AND (id <= 739602))

table 7 : explain SELECT c FROM sbtest7 WHERE id BETWEEN 5279968 AND 5280967 ORDER BY c
	Sort  (cost=4625.16..4628.13 rows=1187 width=121)
	  Sort Key: c
	  ->  Bitmap Heap Scan on sbtest7  (cost=28.60..4564.55 rows=1187 width=121)
	        Recheck Cond: ((id >= 5279968) AND (id <= 5280967))
	        ->  Bitmap Index Scan on sbtest7_pkey  (cost=0.00..28.30 rows=1187 width=0)
	              Index Cond: ((id >= 5279968) AND (id <= 5280967))

table 8 : explain SELECT c FROM sbtest8 WHERE id BETWEEN 3473080 AND 3474079 ORDER BY c
	Sort  (cost=4221.40..4224.10 rows=1080 width=121)
	  Sort Key: c
	  ->  Bitmap Heap Scan on sbtest8  (cost=27.50..4166.98 rows=1080 width=121)
	        Recheck Cond: ((id >= 3473080) AND (id <= 3474079))
	        ->  Bitmap Index Scan on sbtest8_pkey  (cost=0.00..27.23 rows=1080 width=0)
	              Index Cond: ((id >= 3473080) AND (id <= 3474079))

for: order_ranges
table 1 : explain SELECT c FROM sbtest1 WHERE id BETWEEN 8732666 AND 8733665 ORDER BY c
	Sort  (cost=4031.23..4033.81 rows=1032 width=121)
	  Sort Key: c
	  ->  Bitmap Heap Scan on sbtest1  (cost=23.01..3979.57 rows=1032 width=121)
	        Recheck Cond: ((id >= 8732666) AND (id <= 8733665))
	        ->  Bitmap Index Scan on sbtest1_pkey  (cost=0.00..22.75 rows=1032 width=0)
	              Index Cond: ((id >= 8732666) AND (id <= 8733665))

table 2 : explain SELECT c FROM sbtest2 WHERE id BETWEEN 3570268 AND 3571267 ORDER BY c
	Sort  (cost=3894.77..3897.26 rows=996 width=121)
	  Sort Key: c
	  ->  Bitmap Heap Scan on sbtest2  (cost=22.64..3845.17 rows=996 width=121)
	        Recheck Cond: ((id >= 3570268) AND (id <= 3571267))
	        ->  Bitmap Index Scan on sbtest2_pkey  (cost=0.00..22.39 rows=996 width=0)
	              Index Cond: ((id >= 3570268) AND (id <= 3571267))

table 3 : explain SELECT c FROM sbtest3 WHERE id BETWEEN 9403271 AND 9404270 ORDER BY c
	Sort  (cost=3799.30..3801.73 rows=971 width=121)
	  Sort Key: c
	  ->  Bitmap Heap Scan on sbtest3  (cost=22.39..3751.12 rows=971 width=121)
	        Recheck Cond: ((id >= 9403271) AND (id <= 9404270))
	        ->  Bitmap Index Scan on sbtest3_pkey  (cost=0.00..22.14 rows=971 width=0)
	              Index Cond: ((id >= 9403271) AND (id <= 9404270))

table 4 : explain SELECT c FROM sbtest4 WHERE id BETWEEN 7300244 AND 7301243 ORDER BY c
	Sort  (cost=3658.39..3660.72 rows=934 width=121)
	  Sort Key: c
	  ->  Bitmap Heap Scan on sbtest4  (cost=22.01..3612.31 rows=934 width=121)
	        Recheck Cond: ((id >= 7300244) AND (id <= 7301243))
	        ->  Bitmap Index Scan on sbtest4_pkey  (cost=0.00..21.77 rows=934 width=0)
	              Index Cond: ((id >= 7300244) AND (id <= 7301243))

table 5 : explain SELECT c FROM sbtest5 WHERE id BETWEEN 7174624 AND 7175623 ORDER BY c
	Sort  (cost=3589.52..3591.81 rows=916 width=121)
	  Sort Key: c
	  ->  Bitmap Heap Scan on sbtest5  (cost=21.82..3544.46 rows=916 width=121)
	        Recheck Cond: ((id >= 7174624) AND (id <= 7175623))
	        ->  Bitmap Index Scan on sbtest5_pkey  (cost=0.00..21.59 rows=916 width=0)
	              Index Cond: ((id >= 7174624) AND (id <= 7175623))

table 6 : explain SELECT c FROM sbtest6 WHERE id BETWEEN 3471168 AND 3472167 ORDER BY c
	Sort  (cost=3919.48..3921.98 rows=1002 width=121)
	  Sort Key: c
	  ->  Bitmap Heap Scan on sbtest6  (cost=22.71..3869.54 rows=1002 width=121)
	        Recheck Cond: ((id >= 3471168) AND (id <= 3472167))
	        ->  Bitmap Index Scan on sbtest6_pkey  (cost=0.00..22.45 rows=1002 width=0)
	              Index Cond: ((id >= 3471168) AND (id <= 3472167))

table 7 : explain SELECT c FROM sbtest7 WHERE id BETWEEN 533456 AND 534455 ORDER BY c
	Sort  (cost=3873.53..3876.01 rows=990 width=121)
	  Sort Key: c
	  ->  Bitmap Heap Scan on sbtest7  (cost=22.58..3824.27 rows=990 width=121)
	        Recheck Cond: ((id >= 533456) AND (id <= 534455))
	        ->  Bitmap Index Scan on sbtest7_pkey  (cost=0.00..22.33 rows=990 width=0)
	              Index Cond: ((id >= 533456) AND (id <= 534455))

table 8 : explain SELECT c FROM sbtest8 WHERE id BETWEEN 5827920 AND 5828919 ORDER BY c
	Sort  (cost=4095.26..4097.88 rows=1048 width=121)
	  Sort Key: c
	  ->  Bitmap Heap Scan on sbtest8  (cost=23.18..4042.68 rows=1048 width=121)
	        Recheck Cond: ((id >= 5827920) AND (id <= 5828919))
	        ->  Bitmap Index Scan on sbtest8_pkey  (cost=0.00..22.91 rows=1048 width=0)
	              Index Cond: ((id >= 5827920) AND (id <= 5828919))

for: distinct_ranges
table 1 : explain SELECT DISTINCT c FROM sbtest1 WHERE id BETWEEN 2190255 AND 2191254 ORDER BY c
	Unique  (cost=4027.41..4032.56 rows=1031 width=121)
	  ->  Sort  (cost=4027.41..4029.99 rows=1031 width=121)
	        Sort Key: c
	        ->  Bitmap Heap Scan on sbtest1  (cost=23.00..3975.81 rows=1031 width=121)
	              Recheck Cond: ((id >= 2190255) AND (id <= 2191254))
	              ->  Bitmap Index Scan on sbtest1_pkey  (cost=0.00..22.75 rows=1031 width=0)
	                    Index Cond: ((id >= 2190255) AND (id <= 2191254))

table 2 : explain SELECT DISTINCT c FROM sbtest2 WHERE id BETWEEN 755149 AND 756148 ORDER BY c
	Unique  (cost=3795.35..3800.20 rows=970 width=121)
	  ->  Sort  (cost=3795.35..3797.77 rows=970 width=121)
	        Sort Key: c
	        ->  Bitmap Heap Scan on sbtest2  (cost=22.38..3747.22 rows=970 width=121)
	              Recheck Cond: ((id >= 755149) AND (id <= 756148))
	              ->  Bitmap Index Scan on sbtest2_pkey  (cost=0.00..22.14 rows=970 width=0)
	                    Index Cond: ((id >= 755149) AND (id <= 756148))

table 3 : explain SELECT DISTINCT c FROM sbtest3 WHERE id BETWEEN 5795674 AND 5796673 ORDER BY c
	Unique  (cost=3680.65..3685.35 rows=940 width=121)
	  ->  Sort  (cost=3680.65..3683.00 rows=940 width=121)
	        Sort Key: c
	        ->  Bitmap Heap Scan on sbtest3  (cost=22.07..3634.23 rows=940 width=121)
	              Recheck Cond: ((id >= 5795674) AND (id <= 5796673))
	              ->  Bitmap Index Scan on sbtest3_pkey  (cost=0.00..21.83 rows=940 width=0)
	                    Index Cond: ((id >= 5795674) AND (id <= 5796673))

table 4 : explain SELECT DISTINCT c FROM sbtest4 WHERE id BETWEEN 4906894 AND 4907893 ORDER BY c
	Unique  (cost=3765.62..3770.43 rows=962 width=121)
	  ->  Sort  (cost=3765.62..3768.02 rows=962 width=121)
	        Sort Key: c
	        ->  Bitmap Heap Scan on sbtest4  (cost=22.30..3717.95 rows=962 width=121)
	              Recheck Cond: ((id >= 4906894) AND (id <= 4907893))
	              ->  Bitmap Index Scan on sbtest4_pkey  (cost=0.00..22.05 rows=962 width=0)
	                    Index Cond: ((id >= 4906894) AND (id <= 4907893))

table 5 : explain SELECT DISTINCT c FROM sbtest5 WHERE id BETWEEN 4874976 AND 4875975 ORDER BY c
	Unique  (cost=3758.09..3762.89 rows=960 width=121)
	  ->  Sort  (cost=3758.09..3760.49 rows=960 width=121)
	        Sort Key: c
	        ->  Bitmap Heap Scan on sbtest5  (cost=22.27..3710.54 rows=960 width=121)
	              Recheck Cond: ((id >= 4874976) AND (id <= 4875975))
	              ->  Bitmap Index Scan on sbtest5_pkey  (cost=0.00..22.04 rows=960 width=0)
	                    Index Cond: ((id >= 4874976) AND (id <= 4875975))

table 6 : explain SELECT DISTINCT c FROM sbtest6 WHERE id BETWEEN 4898473 AND 4899472 ORDER BY c
	Unique  (cost=3927.13..3932.15 rows=1004 width=121)
	  ->  Sort  (cost=3927.13..3929.64 rows=1004 width=121)
	        Sort Key: c
	        ->  Bitmap Heap Scan on sbtest6  (cost=22.73..3877.07 rows=1004 width=121)
	              Recheck Cond: ((id >= 4898473) AND (id <= 4899472))
	              ->  Bitmap Index Scan on sbtest6_pkey  (cost=0.00..22.47 rows=1004 width=0)
	                    Index Cond: ((id >= 4898473) AND (id <= 4899472))

table 7 : explain SELECT DISTINCT c FROM sbtest7 WHERE id BETWEEN 3243967 AND 3244966 ORDER BY c
	Unique  (cost=3693.59..3698.31 rows=943 width=121)
	  ->  Sort  (cost=3693.59..3695.95 rows=943 width=121)
	        Sort Key: c
	        ->  Bitmap Heap Scan on sbtest7  (cost=22.10..3647.00 rows=943 width=121)
	              Recheck Cond: ((id >= 3243967) AND (id <= 3244966))
	              ->  Bitmap Index Scan on sbtest7_pkey  (cost=0.00..21.86 rows=943 width=0)
	                    Index Cond: ((id >= 3243967) AND (id <= 3244966))

table 8 : explain SELECT DISTINCT c FROM sbtest8 WHERE id BETWEEN 6037040 AND 6038039 ORDER BY c
	Unique  (cost=4137.26..4142.55 rows=1059 width=121)
	  ->  Sort  (cost=4137.26..4139.90 rows=1059 width=121)
	        Sort Key: c
	        ->  Bitmap Heap Scan on sbtest8  (cost=23.29..4084.05 rows=1059 width=121)
	              Recheck Cond: ((id >= 6037040) AND (id <= 6038039))
	              ->  Bitmap Index Scan on sbtest8_pkey  (cost=0.00..23.02 rows=1059 width=0)
	                    Index Cond: ((id >= 6037040) AND (id <= 6038039))

for: simple_ranges
table 1 : explain SELECT c FROM sbtest1 WHERE id BETWEEN 77861 AND 78860
	Bitmap Heap Scan on sbtest1  (cost=22.85..3919.41 rows=1016 width=121)
	  Recheck Cond: ((id >= 77861) AND (id <= 78860))
	  ->  Bitmap Index Scan on sbtest1_pkey  (cost=0.00..22.59 rows=1016 width=0)
	        Index Cond: ((id >= 77861) AND (id <= 78860))

table 2 : explain SELECT c FROM sbtest2 WHERE id BETWEEN 8425639 AND 8426638
	Bitmap Heap Scan on sbtest2  (cost=21.58..3452.85 rows=892 width=121)
	  Recheck Cond: ((id >= 8425639) AND (id <= 8426638))
	  ->  Bitmap Index Scan on sbtest2_pkey  (cost=0.00..21.36 rows=892 width=0)
	        Index Cond: ((id >= 8425639) AND (id <= 8426638))

table 3 : explain SELECT c FROM sbtest3 WHERE id BETWEEN 9856837 AND 9857836
	Bitmap Heap Scan on sbtest3  (cost=23.19..4044.69 rows=1049 width=121)
	  Recheck Cond: ((id >= 9856837) AND (id <= 9857836))
	  ->  Bitmap Index Scan on sbtest3_pkey  (cost=0.00..22.93 rows=1049 width=0)
	        Index Cond: ((id >= 9856837) AND (id <= 9857836))

table 4 : explain SELECT c FROM sbtest4 WHERE id BETWEEN 23220 AND 24219
	Bitmap Heap Scan on sbtest4  (cost=21.29..3347.73 rows=864 width=121)
	  Recheck Cond: ((id >= 23220) AND (id <= 24219))
	  ->  Bitmap Index Scan on sbtest4_pkey  (cost=0.00..21.07 rows=864 width=0)
	        Index Cond: ((id >= 23220) AND (id <= 24219))

table 5 : explain SELECT c FROM sbtest5 WHERE id BETWEEN 981214 AND 982213
	Bitmap Heap Scan on sbtest5  (cost=22.86..3925.31 rows=1017 width=121)
	  Recheck Cond: ((id >= 981214) AND (id <= 982213))
	  ->  Bitmap Index Scan on sbtest5_pkey  (cost=0.00..22.61 rows=1017 width=0)
	        Index Cond: ((id >= 981214) AND (id <= 982213))

table 6 : explain SELECT c FROM sbtest6 WHERE id BETWEEN 5229969 AND 5230968
	Bitmap Heap Scan on sbtest6  (cost=22.15..3665.92 rows=948 width=121)
	  Recheck Cond: ((id >= 5229969) AND (id <= 5230968))
	  ->  Bitmap Index Scan on sbtest6_pkey  (cost=0.00..21.91 rows=948 width=0)
	        Index Cond: ((id >= 5229969) AND (id <= 5230968))

table 7 : explain SELECT c FROM sbtest7 WHERE id BETWEEN 3962144 AND 3963143
	Bitmap Heap Scan on sbtest7  (cost=21.96..3594.14 rows=929 width=121)
	  Recheck Cond: ((id >= 3962144) AND (id <= 3963143))
	  ->  Bitmap Index Scan on sbtest7_pkey  (cost=0.00..21.72 rows=929 width=0)
	        Index Cond: ((id >= 3962144) AND (id <= 3963143))

table 8 : explain SELECT c FROM sbtest8 WHERE id BETWEEN 9695044 AND 9696043
	Bitmap Heap Scan on sbtest8  (cost=21.71..3503.49 rows=905 width=121)
	  Recheck Cond: ((id >= 9695044) AND (id <= 9696043))
	  ->  Bitmap Index Scan on sbtest8_pkey  (cost=0.00..21.48 rows=905 width=0)
	        Index Cond: ((id >= 9695044) AND (id <= 9696043))

for point_selects
table 1 : explain SELECT c FROM sbtest1 WHERE id=6197389
	Index Scan using sbtest1_pkey on sbtest1  (cost=0.43..8.45 rows=1 width=121)
	  Index Cond: (id = 6197389)

table 2 : explain SELECT c FROM sbtest2 WHERE id=9837832
	Index Scan using sbtest2_pkey on sbtest2  (cost=0.43..8.45 rows=1 width=121)
	  Index Cond: (id = 9837832)

table 3 : explain SELECT c FROM sbtest3 WHERE id=5928290
	Index Scan using sbtest3_pkey on sbtest3  (cost=0.43..8.45 rows=1 width=121)
	  Index Cond: (id = 5928290)

table 4 : explain SELECT c FROM sbtest4 WHERE id=4082461
	Index Scan using sbtest4_pkey on sbtest4  (cost=0.43..8.45 rows=1 width=121)
	  Index Cond: (id = 4082461)

table 5 : explain SELECT c FROM sbtest5 WHERE id=3745091
	Index Scan using sbtest5_pkey on sbtest5  (cost=0.43..8.45 rows=1 width=121)
	  Index Cond: (id = 3745091)

table 6 : explain SELECT c FROM sbtest6 WHERE id=3087871
	Index Scan using sbtest6_pkey on sbtest6  (cost=0.43..8.45 rows=1 width=121)
	  Index Cond: (id = 3087871)

table 7 : explain SELECT c FROM sbtest7 WHERE id=174508
	Index Scan using sbtest7_pkey on sbtest7  (cost=0.43..8.45 rows=1 width=121)
	  Index Cond: (id = 174508)

table 8 : explain SELECT c FROM sbtest8 WHERE id=4255289
	Index Scan using sbtest8_pkey on sbtest8  (cost=0.43..8.45 rows=1 width=121)
	  Index Cond: (id = 4255289)

for: order_ranges
table 1 : explain SELECT c FROM sbtest1 WHERE id BETWEEN 3264065 AND 3265064 ORDER BY c
	Sort  (cost=3629.82..3632.14 rows=927 width=121)
	  Sort Key: c
	  ->  Bitmap Heap Scan on sbtest1  (cost=21.94..3584.14 rows=927 width=121)
	        Recheck Cond: ((id >= 3264065) AND (id <= 3265064))
	        ->  Bitmap Index Scan on sbtest1_pkey  (cost=0.00..21.70 rows=927 width=0)
	              Index Cond: ((id >= 3264065) AND (id <= 3265064))

table 2 : explain SELECT c FROM sbtest2 WHERE id BETWEEN 3800878 AND 3801877 ORDER BY c
	Sort  (cost=4245.91..4248.63 rows=1088 width=121)
	  Sort Key: c
	  ->  Bitmap Heap Scan on sbtest2  (cost=23.59..4191.03 rows=1088 width=121)
	        Recheck Cond: ((id >= 3800878) AND (id <= 3801877))
	        ->  Bitmap Index Scan on sbtest2_pkey  (cost=0.00..23.32 rows=1088 width=0)
	              Index Cond: ((id >= 3800878) AND (id <= 3801877))

table 3 : explain SELECT c FROM sbtest3 WHERE id BETWEEN 6341840 AND 6342839 ORDER BY c
	Sort  (cost=4127.85..4130.49 rows=1057 width=121)
	  Sort Key: c
	  ->  Bitmap Heap Scan on sbtest3  (cost=23.27..4074.76 rows=1057 width=121)
	        Recheck Cond: ((id >= 6341840) AND (id <= 6342839))
	        ->  Bitmap Index Scan on sbtest3_pkey  (cost=0.00..23.00 rows=1057 width=0)
	              Index Cond: ((id >= 6341840) AND (id <= 6342839))

table 4 : explain SELECT c FROM sbtest4 WHERE id BETWEEN 9064443 AND 9065442 ORDER BY c
	Sort  (cost=4143.98..4146.64 rows=1061 width=121)
	  Sort Key: c
	  ->  Bitmap Heap Scan on sbtest4  (cost=23.31..4090.66 rows=1061 width=121)
	        Recheck Cond: ((id >= 9064443) AND (id <= 9065442))
	        ->  Bitmap Index Scan on sbtest4_pkey  (cost=0.00..23.04 rows=1061 width=0)
	              Index Cond: ((id >= 9064443) AND (id <= 9065442))

table 5 : explain SELECT c FROM sbtest5 WHERE id BETWEEN 8465959 AND 8466958 ORDER BY c
	Sort  (cost=4067.79..4070.39 rows=1041 width=121)
	  Sort Key: c
	  ->  Bitmap Heap Scan on sbtest5  (cost=23.11..4015.61 rows=1041 width=121)
	        Recheck Cond: ((id >= 8465959) AND (id <= 8466958))
	        ->  Bitmap Index Scan on sbtest5_pkey  (cost=0.00..22.84 rows=1041 width=0)
	              Index Cond: ((id >= 8465959) AND (id <= 8466958))

table 6 : explain SELECT c FROM sbtest6 WHERE id BETWEEN 4723473 AND 4724472 ORDER BY c
	Sort  (cost=3547.94..3550.21 rows=905 width=121)
	  Sort Key: c
	  ->  Bitmap Heap Scan on sbtest6  (cost=21.71..3503.50 rows=905 width=121)
	        Recheck Cond: ((id >= 4723473) AND (id <= 4724472))
	        ->  Bitmap Index Scan on sbtest6_pkey  (cost=0.00..21.48 rows=905 width=0)
	              Index Cond: ((id >= 4723473) AND (id <= 4724472))

table 7 : explain SELECT c FROM sbtest7 WHERE id BETWEEN 795174 AND 796173 ORDER BY c
	Sort  (cost=4106.67..4109.30 rows=1051 width=121)
	  Sort Key: c
	  ->  Bitmap Heap Scan on sbtest7  (cost=23.21..4053.93 rows=1051 width=121)
	        Recheck Cond: ((id >= 795174) AND (id <= 796173))
	        ->  Bitmap Index Scan on sbtest7_pkey  (cost=0.00..22.94 rows=1051 width=0)
	              Index Cond: ((id >= 795174) AND (id <= 796173))

table 8 : explain SELECT c FROM sbtest8 WHERE id BETWEEN 8630863 AND 8631862 ORDER BY c
	Sort  (cost=3839.13..3841.59 rows=981 width=121)
	  Sort Key: c
	  ->  Bitmap Heap Scan on sbtest8  (cost=22.49..3790.39 rows=981 width=121)
	        Recheck Cond: ((id >= 8630863) AND (id <= 8631862))
	        ->  Bitmap Index Scan on sbtest8_pkey  (cost=0.00..22.25 rows=981 width=0)
	              Index Cond: ((id >= 8630863) AND (id <= 8631862))

for: distinct_ranges
table 1 : explain SELECT DISTINCT c FROM sbtest1 WHERE id BETWEEN 9790341 AND 9791340 ORDER BY c
	Unique  (cost=3970.15..3975.23 rows=1016 width=121)
	  ->  Sort  (cost=3970.15..3972.69 rows=1016 width=121)
	        Sort Key: c
	        ->  Bitmap Heap Scan on sbtest1  (cost=22.85..3919.41 rows=1016 width=121)
	              Recheck Cond: ((id >= 9790341) AND (id <= 9791340))
	              ->  Bitmap Index Scan on sbtest1_pkey  (cost=0.00..22.59 rows=1016 width=0)
	                    Index Cond: ((id >= 9790341) AND (id <= 9791340))

table 2 : explain SELECT DISTINCT c FROM sbtest2 WHERE id BETWEEN 1185559 AND 1186558 ORDER BY c
	Unique  (cost=4055.20..4060.39 rows=1038 width=121)
	  ->  Sort  (cost=4055.20..4057.79 rows=1038 width=121)
	        Sort Key: c
	        ->  Bitmap Heap Scan on sbtest2  (cost=23.07..4003.20 rows=1038 width=121)
	              Recheck Cond: ((id >= 1185559) AND (id <= 1186558))
	              ->  Bitmap Index Scan on sbtest2_pkey  (cost=0.00..22.82 rows=1038 width=0)
	                    Index Cond: ((id >= 1185559) AND (id <= 1186558))

table 3 : explain SELECT DISTINCT c FROM sbtest3 WHERE id BETWEEN 1787630 AND 1788629 ORDER BY c
	Unique  (cost=3936.94..3941.98 rows=1007 width=121)
	  ->  Sort  (cost=3936.94..3939.46 rows=1007 width=121)
	        Sort Key: c
	        ->  Bitmap Heap Scan on sbtest3  (cost=22.76..3886.72 rows=1007 width=121)
	              Recheck Cond: ((id >= 1787630) AND (id <= 1788629))
	              ->  Bitmap Index Scan on sbtest3_pkey  (cost=0.00..22.50 rows=1007 width=0)
	                    Index Cond: ((id >= 1787630) AND (id <= 1788629))

table 4 : explain SELECT DISTINCT c FROM sbtest4 WHERE id BETWEEN 2624168 AND 2625167 ORDER BY c
	Unique  (cost=3738.82..3743.60 rows=955 width=121)
	  ->  Sort  (cost=3738.82..3741.21 rows=955 width=121)
	        Sort Key: c
	        ->  Bitmap Heap Scan on sbtest4  (cost=22.22..3691.55 rows=955 width=121)
	              Recheck Cond: ((id >= 2624168) AND (id <= 2625167))
	              ->  Bitmap Index Scan on sbtest4_pkey  (cost=0.00..21.98 rows=955 width=0)
	                    Index Cond: ((id >= 2624168) AND (id <= 2625167))

table 5 : explain SELECT DISTINCT c FROM sbtest5 WHERE id BETWEEN 2868800 AND 2869799 ORDER BY c
	Unique  (cost=3585.69..3590.26 rows=915 width=121)
	  ->  Sort  (cost=3585.69..3587.97 rows=915 width=121)
	        Sort Key: c
	        ->  Bitmap Heap Scan on sbtest5  (cost=21.81..3540.68 rows=915 width=121)
	              Recheck Cond: ((id >= 2868800) AND (id <= 2869799))
	              ->  Bitmap Index Scan on sbtest5_pkey  (cost=0.00..21.58 rows=915 width=0)
	                    Index Cond: ((id >= 2868800) AND (id <= 2869799))

table 6 : explain SELECT DISTINCT c FROM sbtest6 WHERE id BETWEEN 7986753 AND 7987752 ORDER BY c
	Unique  (cost=4007.41..4012.53 rows=1025 width=121)
	  ->  Sort  (cost=4007.41..4009.97 rows=1025 width=121)
	        Sort Key: c
	        ->  Bitmap Heap Scan on sbtest6  (cost=22.94..3956.15 rows=1025 width=121)
	              Recheck Cond: ((id >= 7986753) AND (id <= 7987752))
	              ->  Bitmap Index Scan on sbtest6_pkey  (cost=0.00..22.68 rows=1025 width=0)
	                    Index Cond: ((id >= 7986753) AND (id <= 7987752))

table 7 : explain SELECT DISTINCT c FROM sbtest7 WHERE id BETWEEN 5469829 AND 5470828 ORDER BY c
	Unique  (cost=3907.96..3912.95 rows=999 width=121)
	  ->  Sort  (cost=3907.96..3910.46 rows=999 width=121)
	        Sort Key: c
	        ->  Bitmap Heap Scan on sbtest7  (cost=22.67..3858.19 rows=999 width=121)
	              Recheck Cond: ((id >= 5469829) AND (id <= 5470828))
	              ->  Bitmap Index Scan on sbtest7_pkey  (cost=0.00..22.43 rows=999 width=0)
	                    Index Cond: ((id >= 5469829) AND (id <= 5470828))

table 8 : explain SELECT DISTINCT c FROM sbtest8 WHERE id BETWEEN 5341501 AND 5342500 ORDER BY c
	Unique  (cost=3930.94..3935.97 rows=1005 width=121)
	  ->  Sort  (cost=3930.94..3933.46 rows=1005 width=121)
	        Sort Key: c
	        ->  Bitmap Heap Scan on sbtest8  (cost=22.74..3880.83 rows=1005 width=121)
	              Recheck Cond: ((id >= 5341501) AND (id <= 5342500))
	              ->  Bitmap Index Scan on sbtest8_pkey  (cost=0.00..22.48 rows=1005 width=0)
	                    Index Cond: ((id >= 5341501) AND (id <= 5342500))

for: distinct_ranges
table 1 : explain SELECT DISTINCT c FROM sbtest1 WHERE id BETWEEN 353669 AND 354668 ORDER BY c
	Unique  (cost=3771.43..3776.25 rows=964 width=121)
	  ->  Sort  (cost=3771.43..3773.84 rows=964 width=121)
	        Sort Key: c
	        ->  Bitmap Heap Scan on sbtest1  (cost=22.32..3723.65 rows=964 width=121)
	              Recheck Cond: ((id >= 353669) AND (id <= 354668))
	              ->  Bitmap Index Scan on sbtest1_pkey  (cost=0.00..22.07 rows=964 width=0)
	                    Index Cond: ((id >= 353669) AND (id <= 354668))

table 2 : explain SELECT DISTINCT c FROM sbtest2 WHERE id BETWEEN 4896656 AND 4897655 ORDER BY c
	Unique  (cost=3623.07..3627.69 rows=925 width=121)
	  ->  Sort  (cost=3623.07..3625.38 rows=925 width=121)
	        Sort Key: c
	        ->  Bitmap Heap Scan on sbtest2  (cost=21.92..3577.50 rows=925 width=121)
	              Recheck Cond: ((id >= 4896656) AND (id <= 4897655))
	              ->  Bitmap Index Scan on sbtest2_pkey  (cost=0.00..21.68 rows=925 width=0)
	                    Index Cond: ((id >= 4896656) AND (id <= 4897655))

table 3 : explain SELECT DISTINCT c FROM sbtest3 WHERE id BETWEEN 2666727 AND 2667726 ORDER BY c
	Unique  (cost=3519.69..3524.18 rows=898 width=121)
	  ->  Sort  (cost=3519.69..3521.94 rows=898 width=121)
	        Sort Key: c
	        ->  Bitmap Heap Scan on sbtest3  (cost=21.64..3475.64 rows=898 width=121)
	              Recheck Cond: ((id >= 2666727) AND (id <= 2667726))
	              ->  Bitmap Index Scan on sbtest3_pkey  (cost=0.00..21.41 rows=898 width=0)
	                    Index Cond: ((id >= 2666727) AND (id <= 2667726))

table 4 : explain SELECT DISTINCT c FROM sbtest4 WHERE id BETWEEN 4722687 AND 4723686 ORDER BY c
	Unique  (cost=3765.62..3770.43 rows=962 width=121)
	  ->  Sort  (cost=3765.62..3768.02 rows=962 width=121)
	        Sort Key: c
	        ->  Bitmap Heap Scan on sbtest4  (cost=22.30..3717.95 rows=962 width=121)
	              Recheck Cond: ((id >= 4722687) AND (id <= 4723686))
	              ->  Bitmap Index Scan on sbtest4_pkey  (cost=0.00..22.05 rows=962 width=0)
	                    Index Cond: ((id >= 4722687) AND (id <= 4723686))

table 5 : explain SELECT DISTINCT c FROM sbtest5 WHERE id BETWEEN 6294842 AND 6295841 ORDER BY c
	Unique  (cost=4144.13..4149.44 rows=1061 width=121)
	  ->  Sort  (cost=4144.13..4146.79 rows=1061 width=121)
	        Sort Key: c
	        ->  Bitmap Heap Scan on sbtest5  (cost=23.31..4090.81 rows=1061 width=121)
	              Recheck Cond: ((id >= 6294842) AND (id <= 6295841))
	              ->  Bitmap Index Scan on sbtest5_pkey  (cost=0.00..23.04 rows=1061 width=0)
	                    Index Cond: ((id >= 6294842) AND (id <= 6295841))

table 6 : explain SELECT DISTINCT c FROM sbtest6 WHERE id BETWEEN 4511126 AND 4512125 ORDER BY c
	Unique  (cost=3869.75..3874.70 rows=989 width=121)
	  ->  Sort  (cost=3869.75..3872.23 rows=989 width=121)
	        Sort Key: c
	        ->  Bitmap Heap Scan on sbtest6  (cost=22.57..3820.55 rows=989 width=121)
	              Recheck Cond: ((id >= 4511126) AND (id <= 4512125))
	              ->  Bitmap Index Scan on sbtest6_pkey  (cost=0.00..22.32 rows=989 width=0)
	                    Index Cond: ((id >= 4511126) AND (id <= 4512125))

table 7 : explain SELECT DISTINCT c FROM sbtest7 WHERE id BETWEEN 1298101 AND 1299100 ORDER BY c
	Unique  (cost=3777.85..3782.68 rows=965 width=121)
	  ->  Sort  (cost=3777.85..3780.27 rows=965 width=121)
	        Sort Key: c
	        ->  Bitmap Heap Scan on sbtest7  (cost=22.33..3730.02 rows=965 width=121)
	              Recheck Cond: ((id >= 1298101) AND (id <= 1299100))
	              ->  Bitmap Index Scan on sbtest7_pkey  (cost=0.00..22.08 rows=965 width=0)
	                    Index Cond: ((id >= 1298101) AND (id <= 1299100))

table 8 : explain SELECT DISTINCT c FROM sbtest8 WHERE id BETWEEN 79993 AND 80992 ORDER BY c
	Unique  (cost=3570.95..3575.51 rows=911 width=121)
	  ->  Sort  (cost=3570.95..3573.23 rows=911 width=121)
	        Sort Key: c
	        ->  Bitmap Heap Scan on sbtest8  (cost=21.77..3526.17 rows=911 width=121)
	              Recheck Cond: ((id >= 79993) AND (id <= 80992))
	              ->  Bitmap Index Scan on sbtest8_pkey  (cost=0.00..21.54 rows=911 width=0)
	                    Index Cond: ((id >= 79993) AND (id <= 80992))

for: simple_ranges
table 1 : explain SELECT c FROM sbtest1 WHERE id BETWEEN 7443109 AND 7444108
	Bitmap Heap Scan on sbtest1  (cost=22.15..3663.34 rows=948 width=121)
	  Recheck Cond: ((id >= 7443109) AND (id <= 7444108))
	  ->  Bitmap Index Scan on sbtest1_pkey  (cost=0.00..21.91 rows=948 width=0)
	        Index Cond: ((id >= 7443109) AND (id <= 7444108))

table 2 : explain SELECT c FROM sbtest2 WHERE id BETWEEN 8844874 AND 8845873
	Bitmap Heap Scan on sbtest2  (cost=22.45..3773.60 rows=977 width=121)
	  Recheck Cond: ((id >= 8844874) AND (id <= 8845873))
	  ->  Bitmap Index Scan on sbtest2_pkey  (cost=0.00..22.20 rows=977 width=0)
	        Index Cond: ((id >= 8844874) AND (id <= 8845873))

table 3 : explain SELECT c FROM sbtest3 WHERE id BETWEEN 2317013 AND 2318012
	Bitmap Heap Scan on sbtest3  (cost=23.26..4071.00 rows=1056 width=121)
	  Recheck Cond: ((id >= 2317013) AND (id <= 2318012))
	  ->  Bitmap Index Scan on sbtest3_pkey  (cost=0.00..23.00 rows=1056 width=0)
	        Index Cond: ((id >= 2317013) AND (id <= 2318012))

table 4 : explain SELECT c FROM sbtest4 WHERE id BETWEEN 5851222 AND 5852221
	Bitmap Heap Scan on sbtest4  (cost=22.58..3823.49 rows=990 width=121)
	  Recheck Cond: ((id >= 5851222) AND (id <= 5852221))
	  ->  Bitmap Index Scan on sbtest4_pkey  (cost=0.00..22.33 rows=990 width=0)
	        Index Cond: ((id >= 5851222) AND (id <= 5852221))

table 5 : explain SELECT c FROM sbtest5 WHERE id BETWEEN 6899587 AND 6900586
	Bitmap Heap Scan on sbtest5  (cost=22.61..3834.93 rows=993 width=121)
	  Recheck Cond: ((id >= 6899587) AND (id <= 6900586))
	  ->  Bitmap Index Scan on sbtest5_pkey  (cost=0.00..22.36 rows=993 width=0)
	        Index Cond: ((id >= 6899587) AND (id <= 6900586))

table 6 : explain SELECT c FROM sbtest6 WHERE id BETWEEN 8635700 AND 8636699
	Bitmap Heap Scan on sbtest6  (cost=22.10..3647.04 rows=943 width=121)
	  Recheck Cond: ((id >= 8635700) AND (id <= 8636699))
	  ->  Bitmap Index Scan on sbtest6_pkey  (cost=0.00..21.86 rows=943 width=0)
	        Index Cond: ((id >= 8635700) AND (id <= 8636699))

table 7 : explain SELECT c FROM sbtest7 WHERE id BETWEEN 1644270 AND 1645269
	Bitmap Heap Scan on sbtest7  (cost=22.44..3771.50 rows=976 width=121)
	  Recheck Cond: ((id >= 1644270) AND (id <= 1645269))
	  ->  Bitmap Index Scan on sbtest7_pkey  (cost=0.00..22.19 rows=976 width=0)
	        Index Cond: ((id >= 1644270) AND (id <= 1645269))

table 8 : explain SELECT c FROM sbtest8 WHERE id BETWEEN 8918547 AND 8919546
	Bitmap Heap Scan on sbtest8  (cost=22.57..3820.54 rows=989 width=121)
	  Recheck Cond: ((id >= 8918547) AND (id <= 8919546))
	  ->  Bitmap Index Scan on sbtest8_pkey  (cost=0.00..22.32 rows=989 width=0)
	        Index Cond: ((id >= 8918547) AND (id <= 8919546))

for: sum_ranges
table 1 : explain SELECT SUM(k) FROM sbtest1 WHERE id BETWEEN 8484199 AND 8485198
	Aggregate  (cost=3937.00..3937.01 rows=1 width=8)
	  ->  Bitmap Heap Scan on sbtest1  (cost=22.89..3934.45 rows=1020 width=4)
	        Recheck Cond: ((id >= 8484199) AND (id <= 8485198))
	        ->  Bitmap Index Scan on sbtest1_pkey  (cost=0.00..22.64 rows=1020 width=0)
	              Index Cond: ((id >= 8484199) AND (id <= 8485198))

table 2 : explain SELECT SUM(k) FROM sbtest2 WHERE id BETWEEN 8984430 AND 8985429
	Aggregate  (cost=3979.45..3979.46 rows=1 width=8)
	  ->  Bitmap Heap Scan on sbtest2  (cost=23.00..3976.87 rows=1031 width=4)
	        Recheck Cond: ((id >= 8984430) AND (id <= 8985429))
	        ->  Bitmap Index Scan on sbtest2_pkey  (cost=0.00..22.75 rows=1031 width=0)
	              Index Cond: ((id >= 8984430) AND (id <= 8985429))

table 3 : explain SELECT SUM(k) FROM sbtest3 WHERE id BETWEEN 2646291 AND 2647290
	Aggregate  (cost=3477.89..3477.90 rows=1 width=8)
	  ->  Bitmap Heap Scan on sbtest3  (cost=21.64..3475.64 rows=898 width=4)
	        Recheck Cond: ((id >= 2646291) AND (id <= 2647290))
	        ->  Bitmap Index Scan on sbtest3_pkey  (cost=0.00..21.41 rows=898 width=0)
	              Index Cond: ((id >= 2646291) AND (id <= 2647290))

table 4 : explain SELECT SUM(k) FROM sbtest4 WHERE id BETWEEN 881958 AND 882957
	Aggregate  (cost=3995.49..3995.50 rows=1 width=8)
	  ->  Bitmap Heap Scan on sbtest4  (cost=23.04..3992.90 rows=1035 width=4)
	        Recheck Cond: ((id >= 881958) AND (id <= 882957))
	        ->  Bitmap Index Scan on sbtest4_pkey  (cost=0.00..22.79 rows=1035 width=0)
	              Index Cond: ((id >= 881958) AND (id <= 882957))

table 5 : explain SELECT SUM(k) FROM sbtest5 WHERE id BETWEEN 5920067 AND 5921066
	Aggregate  (cost=4191.21..4191.22 rows=1 width=8)
	  ->  Bitmap Heap Scan on sbtest5  (cost=23.58..4188.49 rows=1087 width=4)
	        Recheck Cond: ((id >= 5920067) AND (id <= 5921066))
	        ->  Bitmap Index Scan on sbtest5_pkey  (cost=0.00..23.30 rows=1087 width=0)
	              Index Cond: ((id >= 5920067) AND (id <= 5921066))

table 6 : explain SELECT SUM(k) FROM sbtest6 WHERE id BETWEEN 9090700 AND 9091699
	Aggregate  (cost=4045.31..4045.32 rows=1 width=8)
	  ->  Bitmap Heap Scan on sbtest6  (cost=23.18..4042.69 rows=1048 width=4)
	        Recheck Cond: ((id >= 9090700) AND (id <= 9091699))
	        ->  Bitmap Index Scan on sbtest6_pkey  (cost=0.00..22.91 rows=1048 width=0)
	              Index Cond: ((id >= 9090700) AND (id <= 9091699))

table 7 : explain SELECT SUM(k) FROM sbtest7 WHERE id BETWEEN 5419933 AND 5420932
	Aggregate  (cost=3860.68..3860.69 rows=1 width=8)
	  ->  Bitmap Heap Scan on sbtest7  (cost=22.67..3858.19 rows=999 width=4)
	        Recheck Cond: ((id >= 5419933) AND (id <= 5420932))
	        ->  Bitmap Index Scan on sbtest7_pkey  (cost=0.00..22.43 rows=999 width=0)
	              Index Cond: ((id >= 5419933) AND (id <= 5420932))

table 8 : explain SELECT SUM(k) FROM sbtest8 WHERE id BETWEEN 7009162 AND 7010161
	Aggregate  (cost=3856.95..3856.96 rows=1 width=8)
	  ->  Bitmap Heap Scan on sbtest8  (cost=22.66..3854.46 rows=998 width=4)
	        Recheck Cond: ((id >= 7009162) AND (id <= 7010161))
	        ->  Bitmap Index Scan on sbtest8_pkey  (cost=0.00..22.41 rows=998 width=0)
	              Index Cond: ((id >= 7009162) AND (id <= 7010161))

for: simple_ranges
table 1 : explain SELECT c FROM sbtest1 WHERE id BETWEEN 9918539 AND 9919538
	Bitmap Heap Scan on sbtest1  (cost=27.85..4287.66 rows=1114 width=121)
	  Recheck Cond: ((id >= 9918539) AND (id <= 9919538))
	  ->  Bitmap Index Scan on sbtest1_pkey  (cost=0.00..27.57 rows=1114 width=0)
	        Index Cond: ((id >= 9918539) AND (id <= 9919538))

table 2 : explain SELECT c FROM sbtest2 WHERE id BETWEEN 3094042 AND 3095041
	Bitmap Heap Scan on sbtest2  (cost=22.74..3879.05 rows=1005 width=121)
	  Recheck Cond: ((id >= 3094042) AND (id <= 3095041))
	  ->  Bitmap Index Scan on sbtest2_pkey  (cost=0.00..22.48 rows=1005 width=0)
	        Index Cond: ((id >= 3094042) AND (id <= 3095041))

table 3 : explain SELECT c FROM sbtest3 WHERE id BETWEEN 9520287 AND 9521286
	Bitmap Heap Scan on sbtest3  (cost=22.15..3664.41 rows=948 width=121)
	  Recheck Cond: ((id >= 9520287) AND (id <= 9521286))
	  ->  Bitmap Index Scan on sbtest3_pkey  (cost=0.00..21.91 rows=948 width=0)
	        Index Cond: ((id >= 9520287) AND (id <= 9521286))

table 4 : explain SELECT c FROM sbtest4 WHERE id BETWEEN 6232955 AND 6233954
	Bitmap Heap Scan on sbtest4  (cost=22.17..3672.69 rows=950 width=121)
	  Recheck Cond: ((id >= 6232955) AND (id <= 6233954))
	  ->  Bitmap Index Scan on sbtest4_pkey  (cost=0.00..21.93 rows=950 width=0)
	        Index Cond: ((id >= 6232955) AND (id <= 6233954))

table 5 : explain SELECT c FROM sbtest5 WHERE id BETWEEN 6396442 AND 6397441
	Bitmap Heap Scan on sbtest5  (cost=22.49..3789.71 rows=981 width=121)
	  Recheck Cond: ((id >= 6396442) AND (id <= 6397441))
	  ->  Bitmap Index Scan on sbtest5_pkey  (cost=0.00..22.25 rows=981 width=0)
	        Index Cond: ((id >= 6396442) AND (id <= 6397441))

table 6 : explain SELECT c FROM sbtest6 WHERE id BETWEEN 7657010 AND 7658009
	Bitmap Heap Scan on sbtest6  (cost=28.31..4459.72 rows=1159 width=121)
	  Recheck Cond: ((id >= 7657010) AND (id <= 7658009))
	  ->  Bitmap Index Scan on sbtest6_pkey  (cost=0.00..28.02 rows=1159 width=0)
	        Index Cond: ((id >= 7657010) AND (id <= 7658009))

table 7 : explain SELECT c FROM sbtest7 WHERE id BETWEEN 4794314 AND 4795313
	Bitmap Heap Scan on sbtest7  (cost=22.31..3722.47 rows=963 width=121)
	  Recheck Cond: ((id >= 4794314) AND (id <= 4795313))
	  ->  Bitmap Index Scan on sbtest7_pkey  (cost=0.00..22.07 rows=963 width=0)
	        Index Cond: ((id >= 4794314) AND (id <= 4795313))

table 8 : explain SELECT c FROM sbtest8 WHERE id BETWEEN 6411561 AND 6412560
	Bitmap Heap Scan on sbtest8  (cost=22.46..3779.08 rows=978 width=121)
	  Recheck Cond: ((id >= 6411561) AND (id <= 6412560))
	  ->  Bitmap Index Scan on sbtest8_pkey  (cost=0.00..22.21 rows=978 width=0)
	        Index Cond: ((id >= 6411561) AND (id <= 6412560))

explain: for point_selects :: explain SELECT c FROM sbtest%u WHERE id=%u
for: distinct_ranges
table 1 : explain SELECT DISTINCT c FROM sbtest1 WHERE id BETWEEN 6237529 AND 6238528 ORDER BY c
	Unique  (cost=3687.25..3691.96 rows=942 width=121)
	  ->  Sort  (cost=3687.25..3689.60 rows=942 width=121)
	        Sort Key: c
	        ->  Bitmap Heap Scan on sbtest1  (cost=22.09..3640.72 rows=942 width=121)
	              Recheck Cond: ((id >= 6237529) AND (id <= 6238528))
	              ->  Bitmap Index Scan on sbtest1_pkey  (cost=0.00..21.86 rows=942 width=0)
	                    Index Cond: ((id >= 6237529) AND (id <= 6238528))

table 2 : explain SELECT DISTINCT c FROM sbtest2 WHERE id BETWEEN 7041987 AND 7042986 ORDER BY c
	Unique  (cost=3806.82..3811.69 rows=973 width=121)
	  ->  Sort  (cost=3806.82..3809.25 rows=973 width=121)
	        Sort Key: c
	        ->  Bitmap Heap Scan on sbtest2  (cost=22.41..3758.53 rows=973 width=121)
	              Recheck Cond: ((id >= 7041987) AND (id <= 7042986))
	              ->  Bitmap Index Scan on sbtest2_pkey  (cost=0.00..22.16 rows=973 width=0)
	                    Index Cond: ((id >= 7041987) AND (id <= 7042986))

table 3 : explain SELECT DISTINCT c FROM sbtest3 WHERE id BETWEEN 6769167 AND 6770166 ORDER BY c
	Unique  (cost=3780.17..3785.00 rows=966 width=121)
	  ->  Sort  (cost=3780.17..3782.59 rows=966 width=121)
	        Sort Key: c
	        ->  Bitmap Heap Scan on sbtest3  (cost=22.34..3732.28 rows=966 width=121)
	              Recheck Cond: ((id >= 6769167) AND (id <= 6770166))
	              ->  Bitmap Index Scan on sbtest3_pkey  (cost=0.00..22.09 rows=966 width=0)
	                    Index Cond: ((id >= 6769167) AND (id <= 6770166))

table 4 : explain SELECT DISTINCT c FROM sbtest4 WHERE id BETWEEN 6483207 AND 6484206 ORDER BY c
	Unique  (cost=4262.22..4267.68 rows=1092 width=121)
	  ->  Sort  (cost=4262.22..4264.95 rows=1092 width=121)
	        Sort Key: c
	        ->  Bitmap Heap Scan on sbtest4  (cost=23.63..4207.11 rows=1092 width=121)
	              Recheck Cond: ((id >= 6483207) AND (id <= 6484206))
	              ->  Bitmap Index Scan on sbtest4_pkey  (cost=0.00..23.36 rows=1092 width=0)
	                    Index Cond: ((id >= 6483207) AND (id <= 6484206))

table 5 : explain SELECT DISTINCT c FROM sbtest5 WHERE id BETWEEN 8470678 AND 8471677 ORDER BY c
	Unique  (cost=4067.79..4072.99 rows=1041 width=121)
	  ->  Sort  (cost=4067.79..4070.39 rows=1041 width=121)
	        Sort Key: c
	        ->  Bitmap Heap Scan on sbtest5  (cost=23.11..4015.61 rows=1041 width=121)
	              Recheck Cond: ((id >= 8470678) AND (id <= 8471677))
	              ->  Bitmap Index Scan on sbtest5_pkey  (cost=0.00..22.84 rows=1041 width=0)
	                    Index Cond: ((id >= 8470678) AND (id <= 8471677))

table 6 : explain SELECT DISTINCT c FROM sbtest6 WHERE id BETWEEN 7281361 AND 7282360 ORDER BY c
	Unique  (cost=3911.83..3916.83 rows=1000 width=121)
	  ->  Sort  (cost=3911.83..3914.33 rows=1000 width=121)
	        Sort Key: c
	        ->  Bitmap Heap Scan on sbtest6  (cost=22.68..3862.00 rows=1000 width=121)
	              Recheck Cond: ((id >= 7281361) AND (id <= 7282360))
	              ->  Bitmap Index Scan on sbtest6_pkey  (cost=0.00..22.43 rows=1000 width=0)
	                    Index Cond: ((id >= 7281361) AND (id <= 7282360))

table 7 : explain SELECT DISTINCT c FROM sbtest7 WHERE id BETWEEN 1629710 AND 1630709 ORDER BY c
	Unique  (cost=3819.96..3824.84 rows=976 width=121)
	  ->  Sort  (cost=3819.96..3822.40 rows=976 width=121)
	        Sort Key: c
	        ->  Bitmap Heap Scan on sbtest7  (cost=22.44..3771.50 rows=976 width=121)
	              Recheck Cond: ((id >= 1629710) AND (id <= 1630709))
	              ->  Bitmap Index Scan on sbtest7_pkey  (cost=0.00..22.19 rows=976 width=0)
	                    Index Cond: ((id >= 1629710) AND (id <= 1630709))

table 8 : explain SELECT DISTINCT c FROM sbtest8 WHERE id BETWEEN 5360376 AND 5361375 ORDER BY c
	Unique  (cost=3930.94..3935.97 rows=1005 width=121)
	  ->  Sort  (cost=3930.94..3933.46 rows=1005 width=121)
	        Sort Key: c
	        ->  Bitmap Heap Scan on sbtest8  (cost=22.74..3880.83 rows=1005 width=121)
	              Recheck Cond: ((id >= 5360376) AND (id <= 5361375))
	              ->  Bitmap Index Scan on sbtest8_pkey  (cost=0.00..22.48 rows=1005 width=0)
	                    Index Cond: ((id >= 5360376) AND (id <= 5361375))

explain: for point_selects :: explain SELECT c FROM sbtest%u WHERE id=%u
explain: for point_selects :: explain SELECT c FROM sbtest%u WHERE id=%u
explain: for point_selects :: explain SELECT c FROM sbtest%u WHERE id=%u
explain: for point_selects :: explain SELECT c FROM sbtest%u WHERE id=%u
for: sum_ranges
table 1 : explain SELECT SUM(k) FROM sbtest1 WHERE id BETWEEN 1283322 AND 1284321
	Aggregate  (cost=4301.70..4301.71 rows=1 width=8)
	  ->  Bitmap Heap Scan on sbtest1  (cost=27.88..4298.91 rows=1117 width=4)
	        Recheck Cond: ((id >= 1283322) AND (id <= 1284321))
	        ->  Bitmap Index Scan on sbtest1_pkey  (cost=0.00..27.61 rows=1117 width=0)
	              Index Cond: ((id >= 1283322) AND (id <= 1284321))

table 2 : explain SELECT SUM(k) FROM sbtest2 WHERE id BETWEEN 1181917 AND 1182916
	Aggregate  (cost=4005.79..4005.80 rows=1 width=8)
	  ->  Bitmap Heap Scan on sbtest2  (cost=23.07..4003.20 rows=1038 width=4)
	        Recheck Cond: ((id >= 1181917) AND (id <= 1182916))
	        ->  Bitmap Index Scan on sbtest2_pkey  (cost=0.00..22.82 rows=1038 width=0)
	              Index Cond: ((id >= 1181917) AND (id <= 1182916))

table 3 : explain SELECT SUM(k) FROM sbtest3 WHERE id BETWEEN 3866094 AND 3867093
	Aggregate  (cost=4039.79..4039.80 rows=1 width=8)
	  ->  Bitmap Heap Scan on sbtest3  (cost=23.17..4037.18 rows=1047 width=4)
	        Recheck Cond: ((id >= 3866094) AND (id <= 3867093))
	        ->  Bitmap Index Scan on sbtest3_pkey  (cost=0.00..22.90 rows=1047 width=0)
	              Index Cond: ((id >= 3866094) AND (id <= 3867093))

table 4 : explain SELECT SUM(k) FROM sbtest4 WHERE id BETWEEN 3753337 AND 3754336
	Aggregate  (cost=3671.29..3671.30 rows=1 width=8)
	  ->  Bitmap Heap Scan on sbtest4  (cost=22.16..3668.92 rows=949 width=4)
	        Recheck Cond: ((id >= 3753337) AND (id <= 3754336))
	        ->  Bitmap Index Scan on sbtest4_pkey  (cost=0.00..21.93 rows=949 width=0)
	              Index Cond: ((id >= 3753337) AND (id <= 3754336))

table 5 : explain SELECT SUM(k) FROM sbtest5 WHERE id BETWEEN 2021942 AND 2022941
	Aggregate  (cost=3573.20..3573.21 rows=1 width=8)
	  ->  Bitmap Heap Scan on sbtest5  (cost=21.90..3570.90 rows=923 width=4)
	        Recheck Cond: ((id >= 2021942) AND (id <= 2022941))
	        ->  Bitmap Index Scan on sbtest5_pkey  (cost=0.00..21.66 rows=923 width=0)
	              Index Cond: ((id >= 2021942) AND (id <= 2022941))

table 6 : explain SELECT SUM(k) FROM sbtest6 WHERE id BETWEEN 9417206 AND 9418205
	Aggregate  (cost=4259.89..4259.90 rows=1 width=8)
	  ->  Bitmap Heap Scan on sbtest6  (cost=27.75..4257.13 rows=1104 width=4)
	        Recheck Cond: ((id >= 9417206) AND (id <= 9418205))
	        ->  Bitmap Index Scan on sbtest6_pkey  (cost=0.00..27.47 rows=1104 width=0)
	              Index Cond: ((id >= 9417206) AND (id <= 9418205))

table 7 : explain SELECT SUM(k) FROM sbtest7 WHERE id BETWEEN 9564459 AND 9565458
	Aggregate  (cost=3758.85..3758.86 rows=1 width=8)
	  ->  Bitmap Heap Scan on sbtest7  (cost=22.40..3756.42 rows=972 width=4)
	        Recheck Cond: ((id >= 9564459) AND (id <= 9565458))
	        ->  Bitmap Index Scan on sbtest7_pkey  (cost=0.00..22.15 rows=972 width=0)
	              Index Cond: ((id >= 9564459) AND (id <= 9565458))

table 8 : explain SELECT SUM(k) FROM sbtest8 WHERE id BETWEEN 1643031 AND 1644030
	Aggregate  (cost=3985.07..3985.08 rows=1 width=8)
	  ->  Bitmap Heap Scan on sbtest8  (cost=23.01..3982.49 rows=1032 width=4)
	        Recheck Cond: ((id >= 1643031) AND (id <= 1644030))
	        ->  Bitmap Index Scan on sbtest8_pkey  (cost=0.00..22.75 rows=1032 width=0)
	              Index Cond: ((id >= 1643031) AND (id <= 1644030))

explain: for point_selects :: explain SELECT c FROM sbtest%u WHERE id=%u
for: sum_ranges
table 1 : explain SELECT SUM(k) FROM sbtest1 WHERE id BETWEEN 2799624 AND 2800623
	Aggregate  (cost=3884.30..3884.31 rows=1 width=8)
	  ->  Bitmap Heap Scan on sbtest1  (cost=22.75..3881.79 rows=1006 width=4)
	        Recheck Cond: ((id >= 2799624) AND (id <= 2800623))
	        ->  Bitmap Index Scan on sbtest1_pkey  (cost=0.00..22.50 rows=1006 width=0)
	              Index Cond: ((id >= 2799624) AND (id <= 2800623))

table 2 : explain SELECT SUM(k) FROM sbtest2 WHERE id BETWEEN 3713839 AND 3714838
	Aggregate  (cost=3926.75..3926.76 rows=1 width=8)
	  ->  Bitmap Heap Scan on sbtest2  (cost=22.86..3924.21 rows=1017 width=4)
	        Recheck Cond: ((id >= 3713839) AND (id <= 3714838))
	        ->  Bitmap Index Scan on sbtest2_pkey  (cost=0.00..22.61 rows=1017 width=0)
	              Index Cond: ((id >= 3713839) AND (id <= 3714838))

table 3 : explain SELECT SUM(k) FROM sbtest3 WHERE id BETWEEN 1444496 AND 1445495
	Aggregate  (cost=3591.26..3591.27 rows=1 width=8)
	  ->  Bitmap Heap Scan on sbtest3  (cost=21.95..3588.94 rows=928 width=4)
	        Recheck Cond: ((id >= 1444496) AND (id <= 1445495))
	        ->  Bitmap Index Scan on sbtest3_pkey  (cost=0.00..21.71 rows=928 width=0)
	              Index Cond: ((id >= 1444496) AND (id <= 1445495))

table 4 : explain SELECT SUM(k) FROM sbtest4 WHERE id BETWEEN 5026544 AND 5027543
	Aggregate  (cost=3923.95..3923.96 rows=1 width=8)
	  ->  Bitmap Heap Scan on sbtest4  (cost=22.85..3921.41 rows=1016 width=4)
	        Recheck Cond: ((id >= 5026544) AND (id <= 5027543))
	        ->  Bitmap Index Scan on sbtest4_pkey  (cost=0.00..22.59 rows=1016 width=0)
	              Index Cond: ((id >= 5026544) AND (id <= 5027543))

table 5 : explain SELECT SUM(k) FROM sbtest5 WHERE id BETWEEN 3704973 AND 3705972
	Aggregate  (cost=4375.47..4375.48 rows=1 width=8)
	  ->  Bitmap Heap Scan on sbtest5  (cost=28.08..4372.63 rows=1136 width=4)
	        Recheck Cond: ((id >= 3704973) AND (id <= 3705972))
	        ->  Bitmap Index Scan on sbtest5_pkey  (cost=0.00..27.79 rows=1136 width=0)
	              Index Cond: ((id >= 3704973) AND (id <= 3705972))

table 6 : explain SELECT SUM(k) FROM sbtest6 WHERE id BETWEEN 7890453 AND 7891452
	Aggregate  (cost=3728.70..3728.71 rows=1 width=8)
	  ->  Bitmap Heap Scan on sbtest6  (cost=22.32..3726.29 rows=964 width=4)
	        Recheck Cond: ((id >= 7890453) AND (id <= 7891452))
	        ->  Bitmap Index Scan on sbtest6_pkey  (cost=0.00..22.07 rows=964 width=0)
	              Index Cond: ((id >= 7890453) AND (id <= 7891452))

table 7 : explain SELECT SUM(k) FROM sbtest7 WHERE id BETWEEN 2354486 AND 2355485
	Aggregate  (cost=3724.88..3724.89 rows=1 width=8)
	  ->  Bitmap Heap Scan on sbtest7  (cost=22.31..3722.47 rows=963 width=4)
	        Recheck Cond: ((id >= 2354486) AND (id <= 2355485))
	        ->  Bitmap Index Scan on sbtest7_pkey  (cost=0.00..22.07 rows=963 width=0)
	              Index Cond: ((id >= 2354486) AND (id <= 2355485))

table 8 : explain SELECT SUM(k) FROM sbtest8 WHERE id BETWEEN 4037740 AND 4038739
	Aggregate  (cost=4011.42..4011.43 rows=1 width=8)
	  ->  Bitmap Heap Scan on sbtest8  (cost=23.08..4008.83 rows=1039 width=4)
	        Recheck Cond: ((id >= 4037740) AND (id <= 4038739))
	        ->  Bitmap Index Scan on sbtest8_pkey  (cost=0.00..22.82 rows=1039 width=0)
	              Index Cond: ((id >= 4037740) AND (id <= 4038739))

explain: for point_selects :: explain SELECT c FROM sbtest%u WHERE id=%u
for: sum_ranges
table 1 : explain SELECT SUM(k) FROM sbtest1 WHERE id BETWEEN 6851370 AND 6852369
	Aggregate  (cost=3929.47..3929.48 rows=1 width=8)
	  ->  Bitmap Heap Scan on sbtest1  (cost=22.87..3926.93 rows=1018 width=4)
	        Recheck Cond: ((id >= 6851370) AND (id <= 6852369))
	        ->  Bitmap Index Scan on sbtest1_pkey  (cost=0.00..22.61 rows=1018 width=0)
	              Index Cond: ((id >= 6851370) AND (id <= 6852369))

table 2 : explain SELECT SUM(k) FROM sbtest2 WHERE id BETWEEN 8962531 AND 8963530
	Aggregate  (cost=3979.45..3979.46 rows=1 width=8)
	  ->  Bitmap Heap Scan on sbtest2  (cost=23.00..3976.87 rows=1031 width=4)
	        Recheck Cond: ((id >= 8962531) AND (id <= 8963530))
	        ->  Bitmap Index Scan on sbtest2_pkey  (cost=0.00..22.75 rows=1031 width=0)
	              Index Cond: ((id >= 8962531) AND (id <= 8963530))

table 3 : explain SELECT SUM(k) FROM sbtest3 WHERE id BETWEEN 2762861 AND 2763860
	Aggregate  (cost=3908.07..3908.08 rows=1 width=8)
	  ->  Bitmap Heap Scan on sbtest3  (cost=22.81..3905.54 rows=1012 width=4)
	        Recheck Cond: ((id >= 2762861) AND (id <= 2763860))
	        ->  Bitmap Index Scan on sbtest3_pkey  (cost=0.00..22.55 rows=1012 width=0)
	              Index Cond: ((id >= 2762861) AND (id <= 2763860))

table 4 : explain SELECT SUM(k) FROM sbtest4 WHERE id BETWEEN 6306830 AND 6307829
	Aggregate  (cost=3675.06..3675.07 rows=1 width=8)
	  ->  Bitmap Heap Scan on sbtest4  (cost=22.17..3672.69 rows=950 width=4)
	        Recheck Cond: ((id >= 6306830) AND (id <= 6307829))
	        ->  Bitmap Index Scan on sbtest4_pkey  (cost=0.00..21.93 rows=950 width=0)
	              Index Cond: ((id >= 6306830) AND (id <= 6307829))

table 5 : explain SELECT SUM(k) FROM sbtest5 WHERE id BETWEEN 794684 AND 795683
	Aggregate  (cost=3995.63..3995.64 rows=1 width=8)
	  ->  Bitmap Heap Scan on sbtest5  (cost=23.04..3993.04 rows=1035 width=4)
	        Recheck Cond: ((id >= 794684) AND (id <= 795683))
	        ->  Bitmap Index Scan on sbtest5_pkey  (cost=0.00..22.79 rows=1035 width=0)
	              Index Cond: ((id >= 794684) AND (id <= 795683))

table 6 : explain SELECT SUM(k) FROM sbtest6 WHERE id BETWEEN 5064029 AND 5065028
	Aggregate  (cost=3547.36..3547.37 rows=1 width=8)
	  ->  Bitmap Heap Scan on sbtest6  (cost=21.82..3545.07 rows=916 width=4)
	        Recheck Cond: ((id >= 5064029) AND (id <= 5065028))
	        ->  Bitmap Index Scan on sbtest6_pkey  (cost=0.00..21.59 rows=916 width=0)
	              Index Cond: ((id >= 5064029) AND (id <= 5065028))

table 7 : explain SELECT SUM(k) FROM sbtest7 WHERE id BETWEEN 6346617 AND 6347616
	Aggregate  (cost=3630.47..3630.48 rows=1 width=8)
	  ->  Bitmap Heap Scan on sbtest7  (cost=22.05..3628.13 rows=938 width=4)
	        Recheck Cond: ((id >= 6346617) AND (id <= 6347616))
	        ->  Bitmap Index Scan on sbtest7_pkey  (cost=0.00..21.82 rows=938 width=0)
	              Index Cond: ((id >= 6346617) AND (id <= 6347616))

table 8 : explain SELECT SUM(k) FROM sbtest8 WHERE id BETWEEN 8269307 AND 8270306
	Aggregate  (cost=3551.14..3551.15 rows=1 width=8)
	  ->  Bitmap Heap Scan on sbtest8  (cost=21.83..3548.84 rows=917 width=4)
	        Recheck Cond: ((id >= 8269307) AND (id <= 8270306))
	        ->  Bitmap Index Scan on sbtest8_pkey  (cost=0.00..21.61 rows=917 width=0)
	              Index Cond: ((id >= 8269307) AND (id <= 8270306))

for: simple_ranges
table 1 : explain SELECT c FROM sbtest1 WHERE id BETWEEN 9085546 AND 9086545
	Bitmap Heap Scan on sbtest1  (cost=21.81..3538.85 rows=915 width=121)
	  Recheck Cond: ((id >= 9085546) AND (id <= 9086545))
	  ->  Bitmap Index Scan on sbtest1_pkey  (cost=0.00..21.58 rows=915 width=0)
	        Index Cond: ((id >= 9085546) AND (id <= 9086545))

table 2 : explain SELECT c FROM sbtest2 WHERE id BETWEEN 5812234 AND 5813233
	Bitmap Heap Scan on sbtest2  (cost=22.90..3939.26 rows=1021 width=121)
	  Recheck Cond: ((id >= 5812234) AND (id <= 5813233))
	  ->  Bitmap Index Scan on sbtest2_pkey  (cost=0.00..22.64 rows=1021 width=0)
	        Index Cond: ((id >= 5812234) AND (id <= 5813233))

table 3 : explain SELECT c FROM sbtest3 WHERE id BETWEEN 3248573 AND 3249572
	Bitmap Heap Scan on sbtest3  (cost=22.00..3607.81 rows=933 width=121)
	  Recheck Cond: ((id >= 3248573) AND (id <= 3249572))
	  ->  Bitmap Index Scan on sbtest3_pkey  (cost=0.00..21.76 rows=933 width=0)
	        Index Cond: ((id >= 3248573) AND (id <= 3249572))

table 4 : explain SELECT c FROM sbtest4 WHERE id BETWEEN 5072565 AND 5073564
	Bitmap Heap Scan on sbtest4  (cost=22.85..3921.41 rows=1016 width=121)
	  Recheck Cond: ((id >= 5072565) AND (id <= 5073564))
	  ->  Bitmap Index Scan on sbtest4_pkey  (cost=0.00..22.59 rows=1016 width=0)
	        Index Cond: ((id >= 5072565) AND (id <= 5073564))

table 5 : explain SELECT c FROM sbtest5 WHERE id BETWEEN 7849082 AND 7850081
	Bitmap Heap Scan on sbtest5  (cost=23.38..4117.12 rows=1068 width=121)
	  Recheck Cond: ((id >= 7849082) AND (id <= 7850081))
	  ->  Bitmap Index Scan on sbtest5_pkey  (cost=0.00..23.11 rows=1068 width=0)
	        Index Cond: ((id >= 7849082) AND (id <= 7850081))

table 6 : explain SELECT c FROM sbtest6 WHERE id BETWEEN 8916432 AND 8917431
	Bitmap Heap Scan on sbtest6  (cost=22.42..3764.00 rows=974 width=121)
	  Recheck Cond: ((id >= 8916432) AND (id <= 8917431))
	  ->  Bitmap Index Scan on sbtest6_pkey  (cost=0.00..22.18 rows=974 width=0)
	        Index Cond: ((id >= 8916432) AND (id <= 8917431))

table 7 : explain SELECT c FROM sbtest7 WHERE id BETWEEN 8581504 AND 8582503
	Bitmap Heap Scan on sbtest7  (cost=21.89..3567.70 rows=922 width=121)
	  Recheck Cond: ((id >= 8581504) AND (id <= 8582503))
	  ->  Bitmap Index Scan on sbtest7_pkey  (cost=0.00..21.65 rows=922 width=0)
	        Index Cond: ((id >= 8581504) AND (id <= 8582503))

table 8 : explain SELECT c FROM sbtest8 WHERE id BETWEEN 4000225 AND 4001224
	Bitmap Heap Scan on sbtest8  (cost=22.30..3718.74 rows=962 width=121)
	  Recheck Cond: ((id >= 4000225) AND (id <= 4001224))
	  ->  Bitmap Index Scan on sbtest8_pkey  (cost=0.00..22.05 rows=962 width=0)
	        Index Cond: ((id >= 4000225) AND (id <= 4001224))

explain: for point_selects :: explain SELECT c FROM sbtest%u WHERE id=%u
for: distinct_ranges
table 1 : explain SELECT DISTINCT c FROM sbtest1 WHERE id BETWEEN 7718914 AND 7719913 ORDER BY c
	Unique  (cost=3580.03..3584.60 rows=914 width=121)
	  ->  Sort  (cost=3580.03..3582.31 rows=914 width=121)
	        Sort Key: c
	        ->  Bitmap Heap Scan on sbtest1  (cost=21.80..3535.08 rows=914 width=121)
	              Recheck Cond: ((id >= 7718914) AND (id <= 7719913))
	              ->  Bitmap Index Scan on sbtest1_pkey  (cost=0.00..21.57 rows=914 width=0)
	                    Index Cond: ((id >= 7718914) AND (id <= 7719913))

table 2 : explain SELECT DISTINCT c FROM sbtest2 WHERE id BETWEEN 7920260 AND 7921259 ORDER BY c
	Unique  (cost=4330.00..4335.55 rows=1110 width=121)
	  ->  Sort  (cost=4330.00..4332.78 rows=1110 width=121)
	        Sort Key: c
	        ->  Bitmap Heap Scan on sbtest2  (cost=27.81..4273.86 rows=1110 width=121)
	              Recheck Cond: ((id >= 7920260) AND (id <= 7921259))
	              ->  Bitmap Index Scan on sbtest2_pkey  (cost=0.00..27.54 rows=1110 width=0)
	                    Index Cond: ((id >= 7920260) AND (id <= 7921259))

table 3 : explain SELECT DISTINCT c FROM sbtest3 WHERE id BETWEEN 2147290 AND 2148289 ORDER BY c
	Unique  (cost=3581.04..3585.61 rows=914 width=121)
	  ->  Sort  (cost=3581.04..3583.32 rows=914 width=121)
	        Sort Key: c
	        ->  Bitmap Heap Scan on sbtest3  (cost=21.80..3536.08 rows=914 width=121)
	              Recheck Cond: ((id >= 2147290) AND (id <= 2148289))
	              ->  Bitmap Index Scan on sbtest3_pkey  (cost=0.00..21.57 rows=914 width=0)
	                    Index Cond: ((id >= 2147290) AND (id <= 2148289))

table 4 : explain SELECT DISTINCT c FROM sbtest4 WHERE id BETWEEN 3229441 AND 3230440 ORDER BY c
	Unique  (cost=3956.86..3961.92 rows=1012 width=121)
	  ->  Sort  (cost=3956.86..3959.39 rows=1012 width=121)
	        Sort Key: c
	        ->  Bitmap Heap Scan on sbtest4  (cost=22.81..3906.35 rows=1012 width=121)
	              Recheck Cond: ((id >= 3229441) AND (id <= 3230440))
	              ->  Bitmap Index Scan on sbtest4_pkey  (cost=0.00..22.55 rows=1012 width=0)
	                    Index Cond: ((id >= 3229441) AND (id <= 3230440))

table 5 : explain SELECT DISTINCT c FROM sbtest5 WHERE id BETWEEN 2598696 AND 2599695 ORDER BY c
	Unique  (cost=4090.70..4095.93 rows=1047 width=121)
	  ->  Sort  (cost=4090.70..4093.31 rows=1047 width=121)
	        Sort Key: c
	        ->  Bitmap Heap Scan on sbtest5  (cost=23.17..4038.18 rows=1047 width=121)
	              Recheck Cond: ((id >= 2598696) AND (id <= 2599695))
	              ->  Bitmap Index Scan on sbtest5_pkey  (cost=0.00..22.90 rows=1047 width=0)
	                    Index Cond: ((id >= 2598696) AND (id <= 2599695))

table 6 : explain SELECT DISTINCT c FROM sbtest6 WHERE id BETWEEN 6198283 AND 6199282 ORDER BY c
	Unique  (cost=3888.88..3893.85 rows=994 width=121)
	  ->  Sort  (cost=3888.88..3891.37 rows=994 width=121)
	        Sort Key: c
	        ->  Bitmap Heap Scan on sbtest6  (cost=22.62..3839.39 rows=994 width=121)
	              Recheck Cond: ((id >= 6198283) AND (id <= 6199282))
	              ->  Bitmap Index Scan on sbtest6_pkey  (cost=0.00..22.37 rows=994 width=0)
	                    Index Cond: ((id >= 6198283) AND (id <= 6199282))

table 7 : explain SELECT DISTINCT c FROM sbtest7 WHERE id BETWEEN 5823837 AND 5824836 ORDER BY c
	Unique  (cost=3881.18..3886.14 rows=992 width=121)
	  ->  Sort  (cost=3881.18..3883.66 rows=992 width=121)
	        Sort Key: c
	        ->  Bitmap Heap Scan on sbtest7  (cost=22.60..3831.81 rows=992 width=121)
	              Recheck Cond: ((id >= 5823837) AND (id <= 5824836))
	              ->  Bitmap Index Scan on sbtest7_pkey  (cost=0.00..22.36 rows=992 width=0)
	                    Index Cond: ((id >= 5823837) AND (id <= 5824836))

table 8 : explain SELECT DISTINCT c FROM sbtest8 WHERE id BETWEEN 4781184 AND 4782183 ORDER BY c
	Unique  (cost=3789.38..3794.22 rows=968 width=121)
	  ->  Sort  (cost=3789.38..3791.80 rows=968 width=121)
	        Sort Key: c
	        ->  Bitmap Heap Scan on sbtest8  (cost=22.36..3741.37 rows=968 width=121)
	              Recheck Cond: ((id >= 4781184) AND (id <= 4782183))
	              ->  Bitmap Index Scan on sbtest8_pkey  (cost=0.00..22.11 rows=968 width=0)
	                    Index Cond: ((id >= 4781184) AND (id <= 4782183))

for: order_ranges
table 1 : explain SELECT c FROM sbtest1 WHERE id BETWEEN 2562416 AND 2563415 ORDER BY c
	Sort  (cost=4477.20..4480.07 rows=1149 width=121)
	  Sort Key: c
	  ->  Bitmap Heap Scan on sbtest1  (cost=28.21..4418.80 rows=1149 width=121)
	        Recheck Cond: ((id >= 2562416) AND (id <= 2563415))
	        ->  Bitmap Index Scan on sbtest1_pkey  (cost=0.00..27.93 rows=1149 width=0)
	              Index Cond: ((id >= 2562416) AND (id <= 2563415))

table 2 : explain SELECT c FROM sbtest2 WHERE id BETWEEN 105414 AND 106413 ORDER BY c
	Sort  (cost=3787.69..3790.11 rows=968 width=121)
	  Sort Key: c
	  ->  Bitmap Heap Scan on sbtest2  (cost=22.36..3739.69 rows=968 width=121)
	        Recheck Cond: ((id >= 105414) AND (id <= 106413))
	        ->  Bitmap Index Scan on sbtest2_pkey  (cost=0.00..22.11 rows=968 width=0)
	              Index Cond: ((id >= 105414) AND (id <= 106413))

table 3 : explain SELECT c FROM sbtest3 WHERE id BETWEEN 1339744 AND 1340743 ORDER BY c
	Sort  (cost=3753.39..3755.78 rows=959 width=121)
	  Sort Key: c
	  ->  Bitmap Heap Scan on sbtest3  (cost=22.26..3705.89 rows=959 width=121)
	        Recheck Cond: ((id >= 1339744) AND (id <= 1340743))
	        ->  Bitmap Index Scan on sbtest3_pkey  (cost=0.00..22.02 rows=959 width=0)
	              Index Cond: ((id >= 1339744) AND (id <= 1340743))

table 4 : explain SELECT c FROM sbtest4 WHERE id BETWEEN 2170906 AND 2171905 ORDER BY c
	Sort  (cost=3800.07..3802.49 rows=971 width=121)
	  Sort Key: c
	  ->  Bitmap Heap Scan on sbtest4  (cost=22.39..3751.89 rows=971 width=121)
	        Recheck Cond: ((id >= 2170906) AND (id <= 2171905))
	        ->  Bitmap Index Scan on sbtest4_pkey  (cost=0.00..22.14 rows=971 width=0)
	              Index Cond: ((id >= 2170906) AND (id <= 2171905))

table 5 : explain SELECT c FROM sbtest5 WHERE id BETWEEN 8505691 AND 8506690 ORDER BY c
	Sort  (cost=4067.79..4070.39 rows=1041 width=121)
	  Sort Key: c
	  ->  Bitmap Heap Scan on sbtest5  (cost=23.11..4015.61 rows=1041 width=121)
	        Recheck Cond: ((id >= 8505691) AND (id <= 8506690))
	        ->  Bitmap Index Scan on sbtest5_pkey  (cost=0.00..22.84 rows=1041 width=0)
	              Index Cond: ((id >= 8505691) AND (id <= 8506690))

table 6 : explain SELECT c FROM sbtest6 WHERE id BETWEEN 2051287 AND 2052286 ORDER BY c
	Sort  (cost=3908.01..3910.50 rows=999 width=121)
	  Sort Key: c
	  ->  Bitmap Heap Scan on sbtest6  (cost=22.67..3858.23 rows=999 width=121)
	        Recheck Cond: ((id >= 2051287) AND (id <= 2052286))
	        ->  Bitmap Index Scan on sbtest6_pkey  (cost=0.00..22.43 rows=999 width=0)
	              Index Cond: ((id >= 2051287) AND (id <= 2052286))

table 7 : explain SELECT c FROM sbtest7 WHERE id BETWEEN 9779290 AND 9780289 ORDER BY c
	Sort  (cost=4144.85..4147.50 rows=1061 width=121)
	  Sort Key: c
	  ->  Bitmap Heap Scan on sbtest7  (cost=23.31..4091.53 rows=1061 width=121)
	        Recheck Cond: ((id >= 9779290) AND (id <= 9780289))
	        ->  Bitmap Index Scan on sbtest7_pkey  (cost=0.00..23.04 rows=1061 width=0)
	              Index Cond: ((id >= 9779290) AND (id <= 9780289))

table 8 : explain SELECT c FROM sbtest8 WHERE id BETWEEN 990860 AND 991859 ORDER BY c
	Sort  (cost=3938.59..3941.11 rows=1007 width=121)
	  Sort Key: c
	  ->  Bitmap Heap Scan on sbtest8  (cost=22.76..3888.36 rows=1007 width=121)
	        Recheck Cond: ((id >= 990860) AND (id <= 991859))
	        ->  Bitmap Index Scan on sbtest8_pkey  (cost=0.00..22.50 rows=1007 width=0)
	              Index Cond: ((id >= 990860) AND (id <= 991859))

for: order_ranges
table 1 : explain SELECT c FROM sbtest1 WHERE id BETWEEN 440533 AND 441532 ORDER BY c
	Sort  (cost=4015.96..4018.53 rows=1028 width=121)
	  Sort Key: c
	  ->  Bitmap Heap Scan on sbtest1  (cost=22.97..3964.53 rows=1028 width=121)
	        Recheck Cond: ((id >= 440533) AND (id <= 441532))
	        ->  Bitmap Index Scan on sbtest1_pkey  (cost=0.00..22.71 rows=1028 width=0)
	              Index Cond: ((id >= 440533) AND (id <= 441532))

table 2 : explain SELECT c FROM sbtest2 WHERE id BETWEEN 4439259 AND 4440258 ORDER BY c
	Sort  (cost=3887.12..3889.61 rows=994 width=121)
	  Sort Key: c
	  ->  Bitmap Heap Scan on sbtest2  (cost=22.62..3837.64 rows=994 width=121)
	        Recheck Cond: ((id >= 4439259) AND (id <= 4440258))
	        ->  Bitmap Index Scan on sbtest2_pkey  (cost=0.00..22.37 rows=994 width=0)
	              Index Cond: ((id >= 4439259) AND (id <= 4440258))

table 3 : explain SELECT c FROM sbtest3 WHERE id BETWEEN 5027858 AND 5028857 ORDER BY c
	Sort  (cost=3852.85..3855.31 rows=985 width=121)
	  Sort Key: c
	  ->  Bitmap Heap Scan on sbtest3  (cost=22.53..3803.87 rows=985 width=121)
	        Recheck Cond: ((id >= 5027858) AND (id <= 5028857))
	        ->  Bitmap Index Scan on sbtest3_pkey  (cost=0.00..22.29 rows=985 width=0)
	              Index Cond: ((id >= 5027858) AND (id <= 5028857))

table 4 : explain SELECT c FROM sbtest4 WHERE id BETWEEN 3786037 AND 3787036 ORDER BY c
	Sort  (cost=3715.85..3718.22 rows=949 width=121)
	  Sort Key: c
	  ->  Bitmap Heap Scan on sbtest4  (cost=22.16..3668.92 rows=949 width=121)
	        Recheck Cond: ((id >= 3786037) AND (id <= 3787036))
	        ->  Bitmap Index Scan on sbtest4_pkey  (cost=0.00..21.93 rows=949 width=0)
	              Index Cond: ((id >= 3786037) AND (id <= 3787036))

table 5 : explain SELECT c FROM sbtest5 WHERE id BETWEEN 1948089 AND 1949088 ORDER BY c
	Sort  (cost=3846.11..3848.57 rows=983 width=121)
	  Sort Key: c
	  ->  Bitmap Heap Scan on sbtest5  (cost=22.51..3797.25 rows=983 width=121)
	        Recheck Cond: ((id >= 1948089) AND (id <= 1949088))
	        ->  Bitmap Index Scan on sbtest5_pkey  (cost=0.00..22.26 rows=983 width=0)
	              Index Cond: ((id >= 1948089) AND (id <= 1949088))

table 6 : explain SELECT c FROM sbtest6 WHERE id BETWEEN 6542884 AND 6543883 ORDER BY c
	Sort  (cost=4190.70..4193.38 rows=1073 width=121)
	  Sort Key: c
	  ->  Bitmap Heap Scan on sbtest6  (cost=23.43..4136.69 rows=1073 width=121)
	        Recheck Cond: ((id >= 6542884) AND (id <= 6543883))
	        ->  Bitmap Index Scan on sbtest6_pkey  (cost=0.00..23.16 rows=1073 width=0)
	              Index Cond: ((id >= 6542884) AND (id <= 6543883))

table 7 : explain SELECT c FROM sbtest7 WHERE id BETWEEN 366466 AND 367465 ORDER BY c
	Sort  (cost=4114.31..4116.94 rows=1053 width=121)
	  Sort Key: c
	  ->  Bitmap Heap Scan on sbtest7  (cost=23.23..4061.45 rows=1053 width=121)
	        Recheck Cond: ((id >= 366466) AND (id <= 367465))
	        ->  Bitmap Index Scan on sbtest7_pkey  (cost=0.00..22.96 rows=1053 width=0)
	              Index Cond: ((id >= 366466) AND (id <= 367465))

table 8 : explain SELECT c FROM sbtest8 WHERE id BETWEEN 6430236 AND 6431235 ORDER BY c
	Sort  (cost=3827.65..3830.10 rows=978 width=121)
	  Sort Key: c
	  ->  Bitmap Heap Scan on sbtest8  (cost=22.46..3779.08 rows=978 width=121)
	        Recheck Cond: ((id >= 6430236) AND (id <= 6431235))
	        ->  Bitmap Index Scan on sbtest8_pkey  (cost=0.00..22.21 rows=978 width=0)
	              Index Cond: ((id >= 6430236) AND (id <= 6431235))

explain: for point_selects :: explain SELECT c FROM sbtest%u WHERE id=%u
for: order_ranges
table 1 : explain SELECT c FROM sbtest1 WHERE id BETWEEN 4955420 AND 4956419 ORDER BY c
	Sort  (cost=3729.35..3731.73 rows=953 width=121)
	  Sort Key: c
	  ->  Bitmap Heap Scan on sbtest1  (cost=22.20..3682.19 rows=953 width=121)
	        Recheck Cond: ((id >= 4955420) AND (id <= 4956419))
	        ->  Bitmap Index Scan on sbtest1_pkey  (cost=0.00..21.96 rows=953 width=0)
	              Index Cond: ((id >= 4955420) AND (id <= 4956419))

table 2 : explain SELECT c FROM sbtest2 WHERE id BETWEEN 3984032 AND 3985031 ORDER BY c
	Sort  (cost=3929.16..3931.68 rows=1005 width=121)
	  Sort Key: c
	  ->  Bitmap Heap Scan on sbtest2  (cost=22.74..3879.05 rows=1005 width=121)
	        Recheck Cond: ((id >= 3984032) AND (id <= 3985031))
	        ->  Bitmap Index Scan on sbtest2_pkey  (cost=0.00..22.48 rows=1005 width=0)
	              Index Cond: ((id >= 3984032) AND (id <= 3985031))

table 3 : explain SELECT c FROM sbtest3 WHERE id BETWEEN 7364615 AND 7365614 ORDER BY c
	Sort  (cost=3936.94..3939.46 rows=1007 width=121)
	  Sort Key: c
	  ->  Bitmap Heap Scan on sbtest3  (cost=22.76..3886.72 rows=1007 width=121)
	        Recheck Cond: ((id >= 7364615) AND (id <= 7365614))
	        ->  Bitmap Index Scan on sbtest3_pkey  (cost=0.00..22.50 rows=1007 width=0)
	              Index Cond: ((id >= 7364615) AND (id <= 7365614))

table 4 : explain SELECT c FROM sbtest4 WHERE id BETWEEN 1928013 AND 1929012 ORDER BY c
	Sort  (cost=3784.76..3787.18 rows=967 width=121)
	  Sort Key: c
	  ->  Bitmap Heap Scan on sbtest4  (cost=22.35..3736.81 rows=967 width=121)
	        Recheck Cond: ((id >= 1928013) AND (id <= 1929012))
	        ->  Bitmap Index Scan on sbtest4_pkey  (cost=0.00..22.11 rows=967 width=0)
	              Index Cond: ((id >= 1928013) AND (id <= 1929012))

table 5 : explain SELECT c FROM sbtest5 WHERE id BETWEEN 920274 AND 921273 ORDER BY c
	Sort  (cost=3976.11..3978.65 rows=1017 width=121)
	  Sort Key: c
	  ->  Bitmap Heap Scan on sbtest5  (cost=22.86..3925.31 rows=1017 width=121)
	        Recheck Cond: ((id >= 920274) AND (id <= 921273))
	        ->  Bitmap Index Scan on sbtest5_pkey  (cost=0.00..22.61 rows=1017 width=0)
	              Index Cond: ((id >= 920274) AND (id <= 921273))

table 6 : explain SELECT c FROM sbtest6 WHERE id BETWEEN 3402991 AND 3403990 ORDER BY c
	Sort  (cost=3881.23..3883.71 rows=992 width=121)
	  Sort Key: c
	  ->  Bitmap Heap Scan on sbtest6  (cost=22.60..3831.86 rows=992 width=121)
	        Recheck Cond: ((id >= 3402991) AND (id <= 3403990))
	        ->  Bitmap Index Scan on sbtest6_pkey  (cost=0.00..22.36 rows=992 width=0)
	              Index Cond: ((id >= 3402991) AND (id <= 3403990))

table 7 : explain SELECT c FROM sbtest7 WHERE id BETWEEN 2936793 AND 2937792 ORDER BY c
	Sort  (cost=4076.12..4078.73 rows=1043 width=121)
	  Sort Key: c
	  ->  Bitmap Heap Scan on sbtest7  (cost=23.13..4023.83 rows=1043 width=121)
	        Recheck Cond: ((id >= 2936793) AND (id <= 2937792))
	        ->  Bitmap Index Scan on sbtest7_pkey  (cost=0.00..22.86 rows=1043 width=0)
	              Index Cond: ((id >= 2936793) AND (id <= 2937792))

table 8 : explain SELECT c FROM sbtest8 WHERE id BETWEEN 1762760 AND 1763759 ORDER BY c
	Sort  (cost=3892.70..3895.19 rows=995 width=121)
	  Sort Key: c
	  ->  Bitmap Heap Scan on sbtest8  (cost=22.63..3843.15 rows=995 width=121)
	        Recheck Cond: ((id >= 1762760) AND (id <= 1763759))
	        ->  Bitmap Index Scan on sbtest8_pkey  (cost=0.00..22.39 rows=995 width=0)
	              Index Cond: ((id >= 1762760) AND (id <= 1763759))

for point_selects
table 1 : explain SELECT c FROM sbtest1 WHERE id=6922667
	Index Scan using sbtest1_pkey on sbtest1  (cost=0.43..8.45 rows=1 width=121)
	  Index Cond: (id = 6922667)

table 2 : explain SELECT c FROM sbtest2 WHERE id=8318852
	Index Scan using sbtest2_pkey on sbtest2  (cost=0.43..8.45 rows=1 width=121)
	  Index Cond: (id = 8318852)

table 3 : explain SELECT c FROM sbtest3 WHERE id=8588365
	Index Scan using sbtest3_pkey on sbtest3  (cost=0.43..8.45 rows=1 width=121)
	  Index Cond: (id = 8588365)

table 4 : explain SELECT c FROM sbtest4 WHERE id=7126459
	Index Scan using sbtest4_pkey on sbtest4  (cost=0.43..8.45 rows=1 width=121)
	  Index Cond: (id = 7126459)

table 5 : explain SELECT c FROM sbtest5 WHERE id=4772284
	Index Scan using sbtest5_pkey on sbtest5  (cost=0.43..8.45 rows=1 width=121)
	  Index Cond: (id = 4772284)

table 6 : explain SELECT c FROM sbtest6 WHERE id=4242241
	Index Scan using sbtest6_pkey on sbtest6  (cost=0.43..8.45 rows=1 width=121)
	  Index Cond: (id = 4242241)

table 7 : explain SELECT c FROM sbtest7 WHERE id=3258891
	Index Scan using sbtest7_pkey on sbtest7  (cost=0.43..8.45 rows=1 width=121)
	  Index Cond: (id = 3258891)

table 8 : explain SELECT c FROM sbtest8 WHERE id=1834471
	Index Scan using sbtest8_pkey on sbtest8  (cost=0.43..8.45 rows=1 width=121)
	  Index Cond: (id = 1834471)

for point_selects
table 1 : explain SELECT c FROM sbtest1 WHERE id=3166110
	Index Scan using sbtest1_pkey on sbtest1  (cost=0.43..8.45 rows=1 width=121)
	  Index Cond: (id = 3166110)

table 2 : explain SELECT c FROM sbtest2 WHERE id=2364109
	Index Scan using sbtest2_pkey on sbtest2  (cost=0.43..8.45 rows=1 width=121)
	  Index Cond: (id = 2364109)

table 3 : explain SELECT c FROM sbtest3 WHERE id=2252914
	Index Scan using sbtest3_pkey on sbtest3  (cost=0.43..8.45 rows=1 width=121)
	  Index Cond: (id = 2252914)

table 4 : explain SELECT c FROM sbtest4 WHERE id=2126442
	Index Scan using sbtest4_pkey on sbtest4  (cost=0.43..8.45 rows=1 width=121)
	  Index Cond: (id = 2126442)

table 5 : explain SELECT c FROM sbtest5 WHERE id=7707239
	Index Scan using sbtest5_pkey on sbtest5  (cost=0.43..8.45 rows=1 width=121)
	  Index Cond: (id = 7707239)

table 6 : explain SELECT c FROM sbtest6 WHERE id=6355674
	Index Scan using sbtest6_pkey on sbtest6  (cost=0.43..8.45 rows=1 width=121)
	  Index Cond: (id = 6355674)

table 7 : explain SELECT c FROM sbtest7 WHERE id=5962625
	Index Scan using sbtest7_pkey on sbtest7  (cost=0.43..8.45 rows=1 width=121)
	  Index Cond: (id = 5962625)

table 8 : explain SELECT c FROM sbtest8 WHERE id=3485836
	Index Scan using sbtest8_pkey on sbtest8  (cost=0.43..8.45 rows=1 width=121)
	  Index Cond: (id = 3485836)

for point_selects
table 1 : explain SELECT c FROM sbtest1 WHERE id=8673984
	Index Scan using sbtest1_pkey on sbtest1  (cost=0.43..8.45 rows=1 width=121)
	  Index Cond: (id = 8673984)

table 2 : explain SELECT c FROM sbtest2 WHERE id=8249103
	Index Scan using sbtest2_pkey on sbtest2  (cost=0.43..8.45 rows=1 width=121)
	  Index Cond: (id = 8249103)

table 3 : explain SELECT c FROM sbtest3 WHERE id=1540027
	Index Scan using sbtest3_pkey on sbtest3  (cost=0.43..8.45 rows=1 width=121)
	  Index Cond: (id = 1540027)

table 4 : explain SELECT c FROM sbtest4 WHERE id=4720351
	Index Scan using sbtest4_pkey on sbtest4  (cost=0.43..8.45 rows=1 width=121)
	  Index Cond: (id = 4720351)

table 5 : explain SELECT c FROM sbtest5 WHERE id=4684309
	Index Scan using sbtest5_pkey on sbtest5  (cost=0.43..8.45 rows=1 width=121)
	  Index Cond: (id = 4684309)

table 6 : explain SELECT c FROM sbtest6 WHERE id=954322
	Index Scan using sbtest6_pkey on sbtest6  (cost=0.43..8.45 rows=1 width=121)
	  Index Cond: (id = 954322)

table 7 : explain SELECT c FROM sbtest7 WHERE id=2479913
	Index Scan using sbtest7_pkey on sbtest7  (cost=0.43..8.45 rows=1 width=121)
	  Index Cond: (id = 2479913)

table 8 : explain SELECT c FROM sbtest8 WHERE id=6592321
	Index Scan using sbtest8_pkey on sbtest8  (cost=0.43..8.45 rows=1 width=121)
	  Index Cond: (id = 6592321)

for point_selects
table 1 : explain SELECT c FROM sbtest1 WHERE id=4035082
	Index Scan using sbtest1_pkey on sbtest1  (cost=0.43..8.45 rows=1 width=121)
	  Index Cond: (id = 4035082)

table 2 : explain SELECT c FROM sbtest2 WHERE id=7269804
	Index Scan using sbtest2_pkey on sbtest2  (cost=0.43..8.45 rows=1 width=121)
	  Index Cond: (id = 7269804)

table 3 : explain SELECT c FROM sbtest3 WHERE id=7381655
	Index Scan using sbtest3_pkey on sbtest3  (cost=0.43..8.45 rows=1 width=121)
	  Index Cond: (id = 7381655)

table 4 : explain SELECT c FROM sbtest4 WHERE id=9158305
	Index Scan using sbtest4_pkey on sbtest4  (cost=0.43..8.45 rows=1 width=121)
	  Index Cond: (id = 9158305)

table 5 : explain SELECT c FROM sbtest5 WHERE id=6945342
	Index Scan using sbtest5_pkey on sbtest5  (cost=0.43..8.45 rows=1 width=121)
	  Index Cond: (id = 6945342)

table 6 : explain SELECT c FROM sbtest6 WHERE id=2598638
	Index Scan using sbtest6_pkey on sbtest6  (cost=0.43..8.45 rows=1 width=121)
	  Index Cond: (id = 2598638)

table 7 : explain SELECT c FROM sbtest7 WHERE id=620645
	Index Scan using sbtest7_pkey on sbtest7  (cost=0.43..8.45 rows=1 width=121)
	  Index Cond: (id = 620645)

table 8 : explain SELECT c FROM sbtest8 WHERE id=3784281
	Index Scan using sbtest8_pkey on sbtest8  (cost=0.43..8.45 rows=1 width=121)
	  Index Cond: (id = 3784281)

for: simple_ranges
table 1 : explain SELECT c FROM sbtest1 WHERE id BETWEEN 2561263 AND 2562262
	Bitmap Heap Scan on sbtest1  (cost=28.21..4418.80 rows=1149 width=121)
	  Recheck Cond: ((id >= 2561263) AND (id <= 2562262))
	  ->  Bitmap Index Scan on sbtest1_pkey  (cost=0.00..27.93 rows=1149 width=0)
	        Index Cond: ((id >= 2561263) AND (id <= 2562262))

table 2 : explain SELECT c FROM sbtest2 WHERE id BETWEEN 1107743 AND 1108742
	Bitmap Heap Scan on sbtest2  (cost=23.07..4003.20 rows=1038 width=121)
	  Recheck Cond: ((id >= 1107743) AND (id <= 1108742))
	  ->  Bitmap Index Scan on sbtest2_pkey  (cost=0.00..22.82 rows=1038 width=0)
	        Index Cond: ((id >= 1107743) AND (id <= 1108742))

table 3 : explain SELECT c FROM sbtest3 WHERE id BETWEEN 5371169 AND 5372168
	Bitmap Heap Scan on sbtest3  (cost=23.16..4033.42 rows=1046 width=121)
	  Recheck Cond: ((id >= 5371169) AND (id <= 5372168))
	  ->  Bitmap Index Scan on sbtest3_pkey  (cost=0.00..22.89 rows=1046 width=0)
	        Index Cond: ((id >= 5371169) AND (id <= 5372168))

table 4 : explain SELECT c FROM sbtest4 WHERE id BETWEEN 3783689 AND 3784688
	Bitmap Heap Scan on sbtest4  (cost=22.16..3668.92 rows=949 width=121)
	  Recheck Cond: ((id >= 3783689) AND (id <= 3784688))
	  ->  Bitmap Index Scan on sbtest4_pkey  (cost=0.00..21.93 rows=949 width=0)
	        Index Cond: ((id >= 3783689) AND (id <= 3784688))

table 5 : explain SELECT c FROM sbtest5 WHERE id BETWEEN 139122 AND 140121
	Bitmap Heap Scan on sbtest5  (cost=22.59..3827.40 rows=991 width=121)
	  Recheck Cond: ((id >= 139122) AND (id <= 140121))
	  ->  Bitmap Index Scan on sbtest5_pkey  (cost=0.00..22.34 rows=991 width=0)
	        Index Cond: ((id >= 139122) AND (id <= 140121))

table 6 : explain SELECT c FROM sbtest6 WHERE id BETWEEN 6117200 AND 6118199
	Bitmap Heap Scan on sbtest6  (cost=22.34..3733.83 rows=966 width=121)
	  Recheck Cond: ((id >= 6117200) AND (id <= 6118199))
	  ->  Bitmap Index Scan on sbtest6_pkey  (cost=0.00..22.09 rows=966 width=0)
	        Index Cond: ((id >= 6117200) AND (id <= 6118199))

table 7 : explain SELECT c FROM sbtest7 WHERE id BETWEEN 1237361 AND 1238360
	Bitmap Heap Scan on sbtest7  (cost=22.03..3620.57 rows=936 width=121)
	  Recheck Cond: ((id >= 1237361) AND (id <= 1238360))
	  ->  Bitmap Index Scan on sbtest7_pkey  (cost=0.00..21.79 rows=936 width=0)
	        Index Cond: ((id >= 1237361) AND (id <= 1238360))

table 8 : explain SELECT c FROM sbtest8 WHERE id BETWEEN 4217786 AND 4218785
	Bitmap Heap Scan on sbtest8  (cost=27.49..4163.22 rows=1079 width=121)
	  Recheck Cond: ((id >= 4217786) AND (id <= 4218785))
	  ->  Bitmap Index Scan on sbtest8_pkey  (cost=0.00..27.22 rows=1079 width=0)
	        Index Cond: ((id >= 4217786) AND (id <= 4218785))

for point_selects
table 1 : explain SELECT c FROM sbtest1 WHERE id=5795168
	Index Scan using sbtest1_pkey on sbtest1  (cost=0.43..8.45 rows=1 width=121)
	  Index Cond: (id = 5795168)

table 2 : explain SELECT c FROM sbtest2 WHERE id=8710467
	Index Scan using sbtest2_pkey on sbtest2  (cost=0.43..8.45 rows=1 width=121)
	  Index Cond: (id = 8710467)

table 3 : explain SELECT c FROM sbtest3 WHERE id=7235370
	Index Scan using sbtest3_pkey on sbtest3  (cost=0.43..8.45 rows=1 width=121)
	  Index Cond: (id = 7235370)

table 4 : explain SELECT c FROM sbtest4 WHERE id=6212447
	Index Scan using sbtest4_pkey on sbtest4  (cost=0.43..8.45 rows=1 width=121)
	  Index Cond: (id = 6212447)

table 5 : explain SELECT c FROM sbtest5 WHERE id=3183733
	Index Scan using sbtest5_pkey on sbtest5  (cost=0.43..8.45 rows=1 width=121)
	  Index Cond: (id = 3183733)

table 6 : explain SELECT c FROM sbtest6 WHERE id=9699461
	Index Scan using sbtest6_pkey on sbtest6  (cost=0.43..8.45 rows=1 width=121)
	  Index Cond: (id = 9699461)

table 7 : explain SELECT c FROM sbtest7 WHERE id=7048674
	Index Scan using sbtest7_pkey on sbtest7  (cost=0.43..8.45 rows=1 width=121)
	  Index Cond: (id = 7048674)

table 8 : explain SELECT c FROM sbtest8 WHERE id=9810129
	Index Scan using sbtest8_pkey on sbtest8  (cost=0.43..8.45 rows=1 width=121)
	  Index Cond: (id = 9810129)

explain: for point_selects :: explain SELECT c FROM sbtest%u WHERE id=%u
for: distinct_ranges
table 1 : explain SELECT DISTINCT c FROM sbtest1 WHERE id BETWEEN 7332667 AND 7333666 ORDER BY c
	Unique  (cost=3855.54..3860.47 rows=986 width=121)
	  ->  Sort  (cost=3855.54..3858.01 rows=986 width=121)
	        Sort Key: c
	        ->  Bitmap Heap Scan on sbtest1  (cost=22.54..3806.51 rows=986 width=121)
	              Recheck Cond: ((id >= 7332667) AND (id <= 7333666))
	              ->  Bitmap Index Scan on sbtest1_pkey  (cost=0.00..22.29 rows=986 width=0)
	                    Index Cond: ((id >= 7332667) AND (id <= 7333666))

table 2 : explain SELECT DISTINCT c FROM sbtest2 WHERE id BETWEEN 2343717 AND 2344716 ORDER BY c
	Unique  (cost=4242.10..4247.53 rows=1087 width=121)
	  ->  Sort  (cost=4242.10..4244.81 rows=1087 width=121)
	        Sort Key: c
	        ->  Bitmap Heap Scan on sbtest2  (cost=23.58..4187.28 rows=1087 width=121)
	              Recheck Cond: ((id >= 2343717) AND (id <= 2344716))
	              ->  Bitmap Index Scan on sbtest2_pkey  (cost=0.00..23.30 rows=1087 width=0)
	                    Index Cond: ((id >= 2343717) AND (id <= 2344716))

table 3 : explain SELECT DISTINCT c FROM sbtest3 WHERE id BETWEEN 1099888 AND 1100887 ORDER BY c
	Unique  (cost=3849.02..3853.94 rows=984 width=121)
	  ->  Sort  (cost=3849.02..3851.48 rows=984 width=121)
	        Sort Key: c
	        ->  Bitmap Heap Scan on sbtest3  (cost=22.52..3800.11 rows=984 width=121)
	              Recheck Cond: ((id >= 1099888) AND (id <= 1100887))
	              ->  Bitmap Index Scan on sbtest3_pkey  (cost=0.00..22.27 rows=984 width=0)
	                    Index Cond: ((id >= 1099888) AND (id <= 1100887))

table 4 : explain SELECT DISTINCT c FROM sbtest4 WHERE id BETWEEN 2464216 AND 2465215 ORDER BY c
	Unique  (cost=4094.37..4099.61 rows=1048 width=121)
	  ->  Sort  (cost=4094.37..4096.99 rows=1048 width=121)
	        Sort Key: c
	        ->  Bitmap Heap Scan on sbtest4  (cost=23.18..4041.79 rows=1048 width=121)
	              Recheck Cond: ((id >= 2464216) AND (id <= 2465215))
	              ->  Bitmap Index Scan on sbtest4_pkey  (cost=0.00..22.91 rows=1048 width=0)
	                    Index Cond: ((id >= 2464216) AND (id <= 2465215))

table 5 : explain SELECT DISTINCT c FROM sbtest5 WHERE id BETWEEN 6304596 AND 6305595 ORDER BY c
	Unique  (cost=4144.13..4149.44 rows=1061 width=121)
	  ->  Sort  (cost=4144.13..4146.79 rows=1061 width=121)
	        Sort Key: c
	        ->  Bitmap Heap Scan on sbtest5  (cost=23.31..4090.81 rows=1061 width=121)
	              Recheck Cond: ((id >= 6304596) AND (id <= 6305595))
	              ->  Bitmap Index Scan on sbtest5_pkey  (cost=0.00..23.04 rows=1061 width=0)
	                    Index Cond: ((id >= 6304596) AND (id <= 6305595))

table 6 : explain SELECT DISTINCT c FROM sbtest6 WHERE id BETWEEN 8357720 AND 8358719 ORDER BY c
	Unique  (cost=4259.55..4265.00 rows=1090 width=121)
	  ->  Sort  (cost=4259.55..4262.27 rows=1090 width=121)
	        Sort Key: c
	        ->  Bitmap Heap Scan on sbtest6  (cost=27.61..4204.56 rows=1090 width=121)
	              Recheck Cond: ((id >= 8357720) AND (id <= 8358719))
	              ->  Bitmap Index Scan on sbtest6_pkey  (cost=0.00..27.33 rows=1090 width=0)
	                    Index Cond: ((id >= 8357720) AND (id <= 8358719))

table 7 : explain SELECT DISTINCT c FROM sbtest7 WHERE id BETWEEN 5969366 AND 5970365 ORDER BY c
	Unique  (cost=3907.96..3912.95 rows=999 width=121)
	  ->  Sort  (cost=3907.96..3910.46 rows=999 width=121)
	        Sort Key: c
	        ->  Bitmap Heap Scan on sbtest7  (cost=22.67..3858.19 rows=999 width=121)
	              Recheck Cond: ((id >= 5969366) AND (id <= 5970365))
	              ->  Bitmap Index Scan on sbtest7_pkey  (cost=0.00..22.43 rows=999 width=0)
	                    Index Cond: ((id >= 5969366) AND (id <= 5970365))

table 8 : explain SELECT DISTINCT c FROM sbtest8 WHERE id BETWEEN 8250605 AND 8251604 ORDER BY c
	Unique  (cost=3593.96..3598.55 rows=917 width=121)
	  ->  Sort  (cost=3593.96..3596.26 rows=917 width=121)
	        Sort Key: c
	        ->  Bitmap Heap Scan on sbtest8  (cost=21.83..3548.84 rows=917 width=121)
	              Recheck Cond: ((id >= 8250605) AND (id <= 8251604))
	              ->  Bitmap Index Scan on sbtest8_pkey  (cost=0.00..21.61 rows=917 width=0)
	                    Index Cond: ((id >= 8250605) AND (id <= 8251604))

for point_selects
table 1 : explain SELECT c FROM sbtest1 WHERE id=5679665
	Index Scan using sbtest1_pkey on sbtest1  (cost=0.43..8.45 rows=1 width=121)
	  Index Cond: (id = 5679665)

table 2 : explain SELECT c FROM sbtest2 WHERE id=7193468
	Index Scan using sbtest2_pkey on sbtest2  (cost=0.43..8.45 rows=1 width=121)
	  Index Cond: (id = 7193468)

table 3 : explain SELECT c FROM sbtest3 WHERE id=4169655
	Index Scan using sbtest3_pkey on sbtest3  (cost=0.43..8.45 rows=1 width=121)
	  Index Cond: (id = 4169655)

table 4 : explain SELECT c FROM sbtest4 WHERE id=6332169
	Index Scan using sbtest4_pkey on sbtest4  (cost=0.43..8.45 rows=1 width=121)
	  Index Cond: (id = 6332169)

table 5 : explain SELECT c FROM sbtest5 WHERE id=5603403
	Index Scan using sbtest5_pkey on sbtest5  (cost=0.43..8.45 rows=1 width=121)
	  Index Cond: (id = 5603403)

table 6 : explain SELECT c FROM sbtest6 WHERE id=9098703
	Index Scan using sbtest6_pkey on sbtest6  (cost=0.43..8.45 rows=1 width=121)
	  Index Cond: (id = 9098703)

table 7 : explain SELECT c FROM sbtest7 WHERE id=4706263
	Index Scan using sbtest7_pkey on sbtest7  (cost=0.43..8.45 rows=1 width=121)
	  Index Cond: (id = 4706263)

table 8 : explain SELECT c FROM sbtest8 WHERE id=8582385
	Index Scan using sbtest8_pkey on sbtest8  (cost=0.43..8.45 rows=1 width=121)
	  Index Cond: (id = 8582385)

explain: for point_selects :: explain SELECT c FROM sbtest%u WHERE id=%u
for point_selects
table 1 : explain SELECT c FROM sbtest1 WHERE id=6548814
	Index Scan using sbtest1_pkey on sbtest1  (cost=0.43..8.45 rows=1 width=121)
	  Index Cond: (id = 6548814)

table 2 : explain SELECT c FROM sbtest2 WHERE id=8963379
	Index Scan using sbtest2_pkey on sbtest2  (cost=0.43..8.45 rows=1 width=121)
	  Index Cond: (id = 8963379)

table 3 : explain SELECT c FROM sbtest3 WHERE id=7372681
	Index Scan using sbtest3_pkey on sbtest3  (cost=0.43..8.45 rows=1 width=121)
	  Index Cond: (id = 7372681)

table 4 : explain SELECT c FROM sbtest4 WHERE id=3232968
	Index Scan using sbtest4_pkey on sbtest4  (cost=0.43..8.45 rows=1 width=121)
	  Index Cond: (id = 3232968)

table 5 : explain SELECT c FROM sbtest5 WHERE id=7854951
	Index Scan using sbtest5_pkey on sbtest5  (cost=0.43..8.45 rows=1 width=121)
	  Index Cond: (id = 7854951)

table 6 : explain SELECT c FROM sbtest6 WHERE id=1074149
	Index Scan using sbtest6_pkey on sbtest6  (cost=0.43..8.45 rows=1 width=121)
	  Index Cond: (id = 1074149)

table 7 : explain SELECT c FROM sbtest7 WHERE id=8848807
	Index Scan using sbtest7_pkey on sbtest7  (cost=0.43..8.45 rows=1 width=121)
	  Index Cond: (id = 8848807)

table 8 : explain SELECT c FROM sbtest8 WHERE id=7901729
	Index Scan using sbtest8_pkey on sbtest8  (cost=0.43..8.45 rows=1 width=121)
	  Index Cond: (id = 7901729)

for: simple_ranges
table 1 : explain SELECT c FROM sbtest1 WHERE id BETWEEN 8329054 AND 8330053
	Bitmap Heap Scan on sbtest1  (cost=23.39..4118.57 rows=1069 width=121)
	  Recheck Cond: ((id >= 8329054) AND (id <= 8330053))
	  ->  Bitmap Index Scan on sbtest1_pkey  (cost=0.00..23.12 rows=1069 width=0)
	        Index Cond: ((id >= 8329054) AND (id <= 8330053))

table 2 : explain SELECT c FROM sbtest2 WHERE id BETWEEN 9087153 AND 9088152
	Bitmap Heap Scan on sbtest2  (cost=22.70..3863.99 rows=1001 width=121)
	  Recheck Cond: ((id >= 9087153) AND (id <= 9088152))
	  ->  Bitmap Index Scan on sbtest2_pkey  (cost=0.00..22.44 rows=1001 width=0)
	        Index Cond: ((id >= 9087153) AND (id <= 9088152))

table 3 : explain SELECT c FROM sbtest3 WHERE id BETWEEN 5820157 AND 5821156
	Bitmap Heap Scan on sbtest3  (cost=22.07..3634.23 rows=940 width=121)
	  Recheck Cond: ((id >= 5820157) AND (id <= 5821156))
	  ->  Bitmap Index Scan on sbtest3_pkey  (cost=0.00..21.83 rows=940 width=0)
	        Index Cond: ((id >= 5820157) AND (id <= 5821156))

table 4 : explain SELECT c FROM sbtest4 WHERE id BETWEEN 9676930 AND 9677929
	Bitmap Heap Scan on sbtest4  (cost=22.76..3887.52 rows=1007 width=121)
	  Recheck Cond: ((id >= 9676930) AND (id <= 9677929))
	  ->  Bitmap Index Scan on sbtest4_pkey  (cost=0.00..22.50 rows=1007 width=0)
	        Index Cond: ((id >= 9676930) AND (id <= 9677929))

table 5 : explain SELECT c FROM sbtest5 WHERE id BETWEEN 3875575 AND 3876574
	Bitmap Heap Scan on sbtest5  (cost=23.22..4056.98 rows=1052 width=121)
	  Recheck Cond: ((id >= 3875575) AND (id <= 3876574))
	  ->  Bitmap Index Scan on sbtest5_pkey  (cost=0.00..22.95 rows=1052 width=0)
	        Index Cond: ((id >= 3875575) AND (id <= 3876574))

table 6 : explain SELECT c FROM sbtest6 WHERE id BETWEEN 4817558 AND 4818557
	Bitmap Heap Scan on sbtest6  (cost=22.51..3797.94 rows=983 width=121)
	  Recheck Cond: ((id >= 4817558) AND (id <= 4818557))
	  ->  Bitmap Index Scan on sbtest6_pkey  (cost=0.00..22.26 rows=983 width=0)
	        Index Cond: ((id >= 4817558) AND (id <= 4818557))

table 7 : explain SELECT c FROM sbtest7 WHERE id BETWEEN 8221702 AND 8222701
	Bitmap Heap Scan on sbtest7  (cost=23.07..4005.02 rows=1038 width=121)
	  Recheck Cond: ((id >= 8221702) AND (id <= 8222701))
	  ->  Bitmap Index Scan on sbtest7_pkey  (cost=0.00..22.82 rows=1038 width=0)
	        Index Cond: ((id >= 8221702) AND (id <= 8222701))

table 8 : explain SELECT c FROM sbtest8 WHERE id BETWEEN 1709521 AND 1710520
	Bitmap Heap Scan on sbtest8  (cost=22.63..3843.15 rows=995 width=121)
	  Recheck Cond: ((id >= 1709521) AND (id <= 1710520))
	  ->  Bitmap Index Scan on sbtest8_pkey  (cost=0.00..22.39 rows=995 width=0)
	        Index Cond: ((id >= 1709521) AND (id <= 1710520))

for: simple_ranges
table 1 : explain SELECT c FROM sbtest1 WHERE id BETWEEN 700255 AND 701254
	Bitmap Heap Scan on sbtest1  (cost=22.13..3655.80 rows=946 width=121)
	  Recheck Cond: ((id >= 700255) AND (id <= 701254))
	  ->  Bitmap Index Scan on sbtest1_pkey  (cost=0.00..21.89 rows=946 width=0)
	        Index Cond: ((id >= 700255) AND (id <= 701254))

table 2 : explain SELECT c FROM sbtest2 WHERE id BETWEEN 1199189 AND 1200188
	Bitmap Heap Scan on sbtest2  (cost=23.19..4044.55 rows=1049 width=121)
	  Recheck Cond: ((id >= 1199189) AND (id <= 1200188))
	  ->  Bitmap Index Scan on sbtest2_pkey  (cost=0.00..22.93 rows=1049 width=0)
	        Index Cond: ((id >= 1199189) AND (id <= 1200188))

table 3 : explain SELECT c FROM sbtest3 WHERE id BETWEEN 9779198 AND 9780197
	Bitmap Heap Scan on sbtest3  (cost=22.67..3856.60 rows=999 width=121)
	  Recheck Cond: ((id >= 9779198) AND (id <= 9780197))
	  ->  Bitmap Index Scan on sbtest3_pkey  (cost=0.00..22.43 rows=999 width=0)
	        Index Cond: ((id >= 9779198) AND (id <= 9780197))

table 4 : explain SELECT c FROM sbtest4 WHERE id BETWEEN 7183718 AND 7184717
	Bitmap Heap Scan on sbtest4  (cost=22.23..3695.32 rows=956 width=121)
	  Recheck Cond: ((id >= 7183718) AND (id <= 7184717))
	  ->  Bitmap Index Scan on sbtest4_pkey  (cost=0.00..22.00 rows=956 width=0)
	        Index Cond: ((id >= 7183718) AND (id <= 7184717))

table 5 : explain SELECT c FROM sbtest5 WHERE id BETWEEN 435732 AND 436731
	Bitmap Heap Scan on sbtest5  (cost=28.12..4387.63 rows=1140 width=121)
	  Recheck Cond: ((id >= 435732) AND (id <= 436731))
	  ->  Bitmap Index Scan on sbtest5_pkey  (cost=0.00..27.83 rows=1140 width=0)
	        Index Cond: ((id >= 435732) AND (id <= 436731))

table 6 : explain SELECT c FROM sbtest6 WHERE id BETWEEN 7639002 AND 7640001
	Bitmap Heap Scan on sbtest6  (cost=28.31..4459.72 rows=1159 width=121)
	  Recheck Cond: ((id >= 7639002) AND (id <= 7640001))
	  ->  Bitmap Index Scan on sbtest6_pkey  (cost=0.00..28.02 rows=1159 width=0)
	        Index Cond: ((id >= 7639002) AND (id <= 7640001))

table 7 : explain SELECT c FROM sbtest7 WHERE id BETWEEN 3675075 AND 3676074
	Bitmap Heap Scan on sbtest7  (cost=23.22..4057.69 rows=1052 width=121)
	  Recheck Cond: ((id >= 3675075) AND (id <= 3676074))
	  ->  Bitmap Index Scan on sbtest7_pkey  (cost=0.00..22.95 rows=1052 width=0)
	        Index Cond: ((id >= 3675075) AND (id <= 3676074))

table 8 : explain SELECT c FROM sbtest8 WHERE id BETWEEN 3419016 AND 3420015
	Bitmap Heap Scan on sbtest8  (cost=22.33..3730.05 rows=965 width=121)
	  Recheck Cond: ((id >= 3419016) AND (id <= 3420015))
	  ->  Bitmap Index Scan on sbtest8_pkey  (cost=0.00..22.08 rows=965 width=0)
	        Index Cond: ((id >= 3419016) AND (id <= 3420015))

for: simple_ranges
table 1 : explain SELECT c FROM sbtest1 WHERE id BETWEEN 1887871 AND 1888870
	Bitmap Heap Scan on sbtest1  (cost=23.12..4017.15 rows=1042 width=121)
	  Recheck Cond: ((id >= 1887871) AND (id <= 1888870))
	  ->  Bitmap Index Scan on sbtest1_pkey  (cost=0.00..22.86 rows=1042 width=0)
	        Index Cond: ((id >= 1887871) AND (id <= 1888870))

table 2 : explain SELECT c FROM sbtest2 WHERE id BETWEEN 3045246 AND 3046245
	Bitmap Heap Scan on sbtest2  (cost=22.32..3724.61 rows=964 width=121)
	  Recheck Cond: ((id >= 3045246) AND (id <= 3046245))
	  ->  Bitmap Index Scan on sbtest2_pkey  (cost=0.00..22.07 rows=964 width=0)
	        Index Cond: ((id >= 3045246) AND (id <= 3046245))

table 3 : explain SELECT c FROM sbtest3 WHERE id BETWEEN 8020258 AND 8021257
	Bitmap Heap Scan on sbtest3  (cost=22.96..3961.97 rows=1027 width=121)
	  Recheck Cond: ((id >= 8020258) AND (id <= 8021257))
	  ->  Bitmap Index Scan on sbtest3_pkey  (cost=0.00..22.70 rows=1027 width=0)
	        Index Cond: ((id >= 8020258) AND (id <= 8021257))

table 4 : explain SELECT c FROM sbtest4 WHERE id BETWEEN 9127348 AND 9128347
	Bitmap Heap Scan on sbtest4  (cost=22.42..3763.20 rows=974 width=121)
	  Recheck Cond: ((id >= 9127348) AND (id <= 9128347))
	  ->  Bitmap Index Scan on sbtest4_pkey  (cost=0.00..22.18 rows=974 width=0)
	        Index Cond: ((id >= 9127348) AND (id <= 9128347))

table 5 : explain SELECT c FROM sbtest5 WHERE id BETWEEN 2250726 AND 2251725
	Bitmap Heap Scan on sbtest5  (cost=22.68..3861.30 rows=1000 width=121)
	  Recheck Cond: ((id >= 2250726) AND (id <= 2251725))
	  ->  Bitmap Index Scan on sbtest5_pkey  (cost=0.00..22.43 rows=1000 width=0)
	        Index Cond: ((id >= 2250726) AND (id <= 2251725))

table 6 : explain SELECT c FROM sbtest6 WHERE id BETWEEN 6143998 AND 6144997
	Bitmap Heap Scan on sbtest6  (cost=22.34..3733.83 rows=966 width=121)
	  Recheck Cond: ((id >= 6143998) AND (id <= 6144997))
	  ->  Bitmap Index Scan on sbtest6_pkey  (cost=0.00..22.09 rows=966 width=0)
	        Index Cond: ((id >= 6143998) AND (id <= 6144997))

table 7 : explain SELECT c FROM sbtest7 WHERE id BETWEEN 3943909 AND 3944908
	Bitmap Heap Scan on sbtest7  (cost=21.96..3594.14 rows=929 width=121)
	  Recheck Cond: ((id >= 3943909) AND (id <= 3944908))
	  ->  Bitmap Index Scan on sbtest7_pkey  (cost=0.00..21.72 rows=929 width=0)
	        Index Cond: ((id >= 3943909) AND (id <= 3944908))

table 8 : explain SELECT c FROM sbtest8 WHERE id BETWEEN 294524 AND 295523
	Bitmap Heap Scan on sbtest8  (cost=23.04..3993.78 rows=1035 width=121)
	  Recheck Cond: ((id >= 294524) AND (id <= 295523))
	  ->  Bitmap Index Scan on sbtest8_pkey  (cost=0.00..22.79 rows=1035 width=0)
	        Index Cond: ((id >= 294524) AND (id <= 295523))

for: distinct_ranges
table 1 : explain SELECT DISTINCT c FROM sbtest1 WHERE id BETWEEN 14520 AND 15519 ORDER BY c
	Unique  (cost=3970.15..3975.23 rows=1016 width=121)
	  ->  Sort  (cost=3970.15..3972.69 rows=1016 width=121)
	        Sort Key: c
	        ->  Bitmap Heap Scan on sbtest1  (cost=22.85..3919.41 rows=1016 width=121)
	              Recheck Cond: ((id >= 14520) AND (id <= 15519))
	              ->  Bitmap Index Scan on sbtest1_pkey  (cost=0.00..22.59 rows=1016 width=0)
	                    Index Cond: ((id >= 14520) AND (id <= 15519))

table 2 : explain SELECT DISTINCT c FROM sbtest2 WHERE id BETWEEN 9443287 AND 9444286 ORDER BY c
	Unique  (cost=4043.75..4048.92 rows=1035 width=121)
	  ->  Sort  (cost=4043.75..4046.33 rows=1035 width=121)
	        Sort Key: c
	        ->  Bitmap Heap Scan on sbtest2  (cost=23.04..3991.92 rows=1035 width=121)
	              Recheck Cond: ((id >= 9443287) AND (id <= 9444286))
	              ->  Bitmap Index Scan on sbtest2_pkey  (cost=0.00..22.79 rows=1035 width=0)
	                    Index Cond: ((id >= 9443287) AND (id <= 9444286))

table 3 : explain SELECT DISTINCT c FROM sbtest3 WHERE id BETWEEN 111863 AND 112862 ORDER BY c
	Unique  (cost=3761.04..3765.84 rows=961 width=121)
	  ->  Sort  (cost=3761.04..3763.44 rows=961 width=121)
	        Sort Key: c
	        ->  Bitmap Heap Scan on sbtest3  (cost=22.29..3713.43 rows=961 width=121)
	              Recheck Cond: ((id >= 111863) AND (id <= 112862))
	              ->  Bitmap Index Scan on sbtest3_pkey  (cost=0.00..22.04 rows=961 width=0)
	                    Index Cond: ((id >= 111863) AND (id <= 112862))

table 4 : explain SELECT DISTINCT c FROM sbtest4 WHERE id BETWEEN 1018664 AND 1019663 ORDER BY c
	Unique  (cost=3838.33..3843.23 rows=981 width=121)
	  ->  Sort  (cost=3838.33..3840.78 rows=981 width=121)
	        Sort Key: c
	        ->  Bitmap Heap Scan on sbtest4  (cost=22.49..3789.58 rows=981 width=121)
	              Recheck Cond: ((id >= 1018664) AND (id <= 1019663))
	              ->  Bitmap Index Scan on sbtest4_pkey  (cost=0.00..22.25 rows=981 width=0)
	                    Index Cond: ((id >= 1018664) AND (id <= 1019663))

table 5 : explain SELECT DISTINCT c FROM sbtest5 WHERE id BETWEEN 5401167 AND 5402166 ORDER BY c
	Unique  (cost=3979.93..3985.02 rows=1018 width=121)
	  ->  Sort  (cost=3979.93..3982.48 rows=1018 width=121)
	        Sort Key: c
	        ->  Bitmap Heap Scan on sbtest5  (cost=22.87..3929.07 rows=1018 width=121)
	              Recheck Cond: ((id >= 5401167) AND (id <= 5402166))
	              ->  Bitmap Index Scan on sbtest5_pkey  (cost=0.00..22.61 rows=1018 width=0)
	                    Index Cond: ((id >= 5401167) AND (id <= 5402166))

table 6 : explain SELECT DISTINCT c FROM sbtest6 WHERE id BETWEEN 4252373 AND 4253372 ORDER BY c
	Unique  (cost=3850.62..3855.54 rows=984 width=121)
	  ->  Sort  (cost=3850.62..3853.08 rows=984 width=121)
	        Sort Key: c
	        ->  Bitmap Heap Scan on sbtest6  (cost=22.52..3801.71 rows=984 width=121)
	              Recheck Cond: ((id >= 4252373) AND (id <= 4253372))
	              ->  Bitmap Index Scan on sbtest6_pkey  (cost=0.00..22.27 rows=984 width=0)
	                    Index Cond: ((id >= 4252373) AND (id <= 4253372))

table 7 : explain SELECT DISTINCT c FROM sbtest7 WHERE id BETWEEN 9983837 AND 9984836 ORDER BY c
	Unique  (cost=3907.96..3912.95 rows=999 width=121)
	  ->  Sort  (cost=3907.96..3910.46 rows=999 width=121)
	        Sort Key: c
	        ->  Bitmap Heap Scan on sbtest7  (cost=22.67..3858.19 rows=999 width=121)
	              Recheck Cond: ((id >= 9983837) AND (id <= 9984836))
	              ->  Bitmap Index Scan on sbtest7_pkey  (cost=0.00..22.43 rows=999 width=0)
	                    Index Cond: ((id >= 9983837) AND (id <= 9984836))

table 8 : explain SELECT DISTINCT c FROM sbtest8 WHERE id BETWEEN 6249641 AND 6250640 ORDER BY c
	Unique  (cost=3697.46..3702.18 rows=944 width=121)
	  ->  Sort  (cost=3697.46..3699.82 rows=944 width=121)
	        Sort Key: c
	        ->  Bitmap Heap Scan on sbtest8  (cost=22.11..3650.81 rows=944 width=121)
	              Recheck Cond: ((id >= 6249641) AND (id <= 6250640))
	              ->  Bitmap Index Scan on sbtest8_pkey  (cost=0.00..21.87 rows=944 width=0)
	                    Index Cond: ((id >= 6249641) AND (id <= 6250640))

for point_selects
table 1 : explain SELECT c FROM sbtest1 WHERE id=2908925
	Index Scan using sbtest1_pkey on sbtest1  (cost=0.43..8.45 rows=1 width=121)
	  Index Cond: (id = 2908925)

table 2 : explain SELECT c FROM sbtest2 WHERE id=1120309
	Index Scan using sbtest2_pkey on sbtest2  (cost=0.43..8.45 rows=1 width=121)
	  Index Cond: (id = 1120309)

table 3 : explain SELECT c FROM sbtest3 WHERE id=8596815
	Index Scan using sbtest3_pkey on sbtest3  (cost=0.43..8.45 rows=1 width=121)
	  Index Cond: (id = 8596815)

table 4 : explain SELECT c FROM sbtest4 WHERE id=5750743
	Index Scan using sbtest4_pkey on sbtest4  (cost=0.43..8.45 rows=1 width=121)
	  Index Cond: (id = 5750743)

table 5 : explain SELECT c FROM sbtest5 WHERE id=4373806
	Index Scan using sbtest5_pkey on sbtest5  (cost=0.43..8.45 rows=1 width=121)
	  Index Cond: (id = 4373806)

table 6 : explain SELECT c FROM sbtest6 WHERE id=7834274
	Index Scan using sbtest6_pkey on sbtest6  (cost=0.43..8.45 rows=1 width=121)
	  Index Cond: (id = 7834274)

table 7 : explain SELECT c FROM sbtest7 WHERE id=9287159
	Index Scan using sbtest7_pkey on sbtest7  (cost=0.43..8.45 rows=1 width=121)
	  Index Cond: (id = 9287159)

table 8 : explain SELECT c FROM sbtest8 WHERE id=2138677
	Index Scan using sbtest8_pkey on sbtest8  (cost=0.43..8.45 rows=1 width=121)
	  Index Cond: (id = 2138677)

for: simple_ranges
table 1 : explain SELECT c FROM sbtest1 WHERE id BETWEEN 7735112 AND 7736111
	Bitmap Heap Scan on sbtest1  (cost=21.80..3535.08 rows=914 width=121)
	  Recheck Cond: ((id >= 7735112) AND (id <= 7736111))
	  ->  Bitmap Index Scan on sbtest1_pkey  (cost=0.00..21.57 rows=914 width=0)
	        Index Cond: ((id >= 7735112) AND (id <= 7736111))

table 2 : explain SELECT c FROM sbtest2 WHERE id BETWEEN 5737845 AND 5738844
	Bitmap Heap Scan on sbtest2  (cost=22.90..3939.26 rows=1021 width=121)
	  Recheck Cond: ((id >= 5737845) AND (id <= 5738844))
	  ->  Bitmap Index Scan on sbtest2_pkey  (cost=0.00..22.64 rows=1021 width=0)
	        Index Cond: ((id >= 5737845) AND (id <= 5738844))

table 3 : explain SELECT c FROM sbtest3 WHERE id BETWEEN 7275294 AND 7276293
	Bitmap Heap Scan on sbtest3  (cost=22.64..3845.30 rows=996 width=121)
	  Recheck Cond: ((id >= 7275294) AND (id <= 7276293))
	  ->  Bitmap Index Scan on sbtest3_pkey  (cost=0.00..22.39 rows=996 width=0)
	        Index Cond: ((id >= 7275294) AND (id <= 7276293))

table 4 : explain SELECT c FROM sbtest4 WHERE id BETWEEN 3804809 AND 3805808
	Bitmap Heap Scan on sbtest4  (cost=22.16..3668.92 rows=949 width=121)
	  Recheck Cond: ((id >= 3804809) AND (id <= 3805808))
	  ->  Bitmap Index Scan on sbtest4_pkey  (cost=0.00..21.93 rows=949 width=0)
	        Index Cond: ((id >= 3804809) AND (id <= 3805808))

table 5 : explain SELECT c FROM sbtest5 WHERE id BETWEEN 8897319 AND 8898318
	Bitmap Heap Scan on sbtest5  (cost=22.53..3804.79 rows=985 width=121)
	  Recheck Cond: ((id >= 8897319) AND (id <= 8898318))
	  ->  Bitmap Index Scan on sbtest5_pkey  (cost=0.00..22.29 rows=985 width=0)
	        Index Cond: ((id >= 8897319) AND (id <= 8898318))

table 6 : explain SELECT c FROM sbtest6 WHERE id BETWEEN 7709284 AND 7710283
	Bitmap Heap Scan on sbtest6  (cost=28.31..4459.72 rows=1159 width=121)
	  Recheck Cond: ((id >= 7709284) AND (id <= 7710283))
	  ->  Bitmap Index Scan on sbtest6_pkey  (cost=0.00..28.02 rows=1159 width=0)
	        Index Cond: ((id >= 7709284) AND (id <= 7710283))

table 7 : explain SELECT c FROM sbtest7 WHERE id BETWEEN 6176415 AND 6177414
	Bitmap Heap Scan on sbtest7  (cost=23.50..4162.94 rows=1080 width=121)
	  Recheck Cond: ((id >= 6176415) AND (id <= 6177414))
	  ->  Bitmap Index Scan on sbtest7_pkey  (cost=0.00..23.23 rows=1080 width=0)
	        Index Cond: ((id >= 6176415) AND (id <= 6177414))

table 8 : explain SELECT c FROM sbtest8 WHERE id BETWEEN 662288 AND 663287
	Bitmap Heap Scan on sbtest8  (cost=23.27..4076.53 rows=1057 width=121)
	  Recheck Cond: ((id >= 662288) AND (id <= 663287))
	  ->  Bitmap Index Scan on sbtest8_pkey  (cost=0.00..23.00 rows=1057 width=0)
	        Index Cond: ((id >= 662288) AND (id <= 663287))

for: distinct_ranges
table 1 : explain SELECT DISTINCT c FROM sbtest1 WHERE id BETWEEN 546267 AND 547266 ORDER BY c
	Unique  (cost=3909.04..3914.04 rows=1000 width=121)
	  ->  Sort  (cost=3909.04..3911.54 rows=1000 width=121)
	        Sort Key: c
	        ->  Bitmap Heap Scan on sbtest1  (cost=22.68..3859.21 rows=1000 width=121)
	              Recheck Cond: ((id >= 546267) AND (id <= 547266))
	              ->  Bitmap Index Scan on sbtest1_pkey  (cost=0.00..22.43 rows=1000 width=0)
	                    Index Cond: ((id >= 546267) AND (id <= 547266))

table 2 : explain SELECT DISTINCT c FROM sbtest2 WHERE id BETWEEN 7454351 AND 7455350 ORDER BY c
	Unique  (cost=4005.56..4010.69 rows=1025 width=121)
	  ->  Sort  (cost=4005.56..4008.13 rows=1025 width=121)
	        Sort Key: c
	        ->  Bitmap Heap Scan on sbtest2  (cost=22.94..3954.31 rows=1025 width=121)
	              Recheck Cond: ((id >= 7454351) AND (id <= 7455350))
	              ->  Bitmap Index Scan on sbtest2_pkey  (cost=0.00..22.68 rows=1025 width=0)
	                    Index Cond: ((id >= 7454351) AND (id <= 7455350))

table 3 : explain SELECT DISTINCT c FROM sbtest3 WHERE id BETWEEN 6730859 AND 6731858 ORDER BY c
	Unique  (cost=3780.17..3785.00 rows=966 width=121)
	  ->  Sort  (cost=3780.17..3782.59 rows=966 width=121)
	        Sort Key: c
	        ->  Bitmap Heap Scan on sbtest3  (cost=22.34..3732.28 rows=966 width=121)
	              Recheck Cond: ((id >= 6730859) AND (id <= 6731858))
	              ->  Bitmap Index Scan on sbtest3_pkey  (cost=0.00..22.09 rows=966 width=0)
	                    Index Cond: ((id >= 6730859) AND (id <= 6731858))

table 4 : explain SELECT DISTINCT c FROM sbtest4 WHERE id BETWEEN 5204976 AND 5205975 ORDER BY c
	Unique  (cost=3903.35..3908.34 rows=998 width=121)
	  ->  Sort  (cost=3903.35..3905.84 rows=998 width=121)
	        Sort Key: c
	        ->  Bitmap Heap Scan on sbtest4  (cost=22.66..3853.63 rows=998 width=121)
	              Recheck Cond: ((id >= 5204976) AND (id <= 5205975))
	              ->  Bitmap Index Scan on sbtest4_pkey  (cost=0.00..22.41 rows=998 width=0)
	                    Index Cond: ((id >= 5204976) AND (id <= 5205975))

table 5 : explain SELECT DISTINCT c FROM sbtest5 WHERE id BETWEEN 7207255 AND 7208254 ORDER BY c
	Unique  (cost=3983.75..3988.85 rows=1019 width=121)
	  ->  Sort  (cost=3983.75..3986.30 rows=1019 width=121)
	        Sort Key: c
	        ->  Bitmap Heap Scan on sbtest5  (cost=22.88..3932.84 rows=1019 width=121)
	              Recheck Cond: ((id >= 7207255) AND (id <= 7208254))
	              ->  Bitmap Index Scan on sbtest5_pkey  (cost=0.00..22.62 rows=1019 width=0)
	                    Index Cond: ((id >= 7207255) AND (id <= 7208254))

table 6 : explain SELECT DISTINCT c FROM sbtest6 WHERE id BETWEEN 6011886 AND 6012885 ORDER BY c
	Unique  (cost=3835.32..3840.22 rows=980 width=121)
	  ->  Sort  (cost=3835.32..3837.77 rows=980 width=121)
	        Sort Key: c
	        ->  Bitmap Heap Scan on sbtest6  (cost=22.48..3786.63 rows=980 width=121)
	              Recheck Cond: ((id >= 6011886) AND (id <= 6012885))
	              ->  Bitmap Index Scan on sbtest6_pkey  (cost=0.00..22.23 rows=980 width=0)
	                    Index Cond: ((id >= 6011886) AND (id <= 6012885))

table 7 : explain SELECT DISTINCT c FROM sbtest7 WHERE id BETWEEN 6342419 AND 6343418 ORDER BY c
	Unique  (cost=3674.43..3679.12 rows=938 width=121)
	  ->  Sort  (cost=3674.43..3676.78 rows=938 width=121)
	        Sort Key: c
	        ->  Bitmap Heap Scan on sbtest7  (cost=22.05..3628.13 rows=938 width=121)
	              Recheck Cond: ((id >= 6342419) AND (id <= 6343418))
	              ->  Bitmap Index Scan on sbtest7_pkey  (cost=0.00..21.82 rows=938 width=0)
	                    Index Cond: ((id >= 6342419) AND (id <= 6343418))

table 8 : explain SELECT DISTINCT c FROM sbtest8 WHERE id BETWEEN 1020104 AND 1021103 ORDER BY c
	Unique  (cost=3643.81..3648.46 rows=930 width=121)
	  ->  Sort  (cost=3643.81..3646.13 rows=930 width=121)
	        Sort Key: c
	        ->  Bitmap Heap Scan on sbtest8  (cost=21.97..3597.95 rows=930 width=121)
	              Recheck Cond: ((id >= 1020104) AND (id <= 1021103))
	              ->  Bitmap Index Scan on sbtest8_pkey  (cost=0.00..21.73 rows=930 width=0)
	                    Index Cond: ((id >= 1020104) AND (id <= 1021103))

for: sum_ranges
table 1 : explain SELECT SUM(k) FROM sbtest1 WHERE id BETWEEN 1061641 AND 1062640
	Aggregate  (cost=3673.26..3673.27 rows=1 width=8)
	  ->  Bitmap Heap Scan on sbtest1  (cost=22.17..3670.88 rows=950 width=4)
	        Recheck Cond: ((id >= 1061641) AND (id <= 1062640))
	        ->  Bitmap Index Scan on sbtest1_pkey  (cost=0.00..21.93 rows=950 width=0)
	              Index Cond: ((id >= 1061641) AND (id <= 1062640))

table 2 : explain SELECT SUM(k) FROM sbtest2 WHERE id BETWEEN 6492363 AND 6493362
	Aggregate  (cost=4182.48..4182.49 rows=1 width=8)
	  ->  Bitmap Heap Scan on sbtest2  (cost=23.56..4179.77 rows=1085 width=4)
	        Recheck Cond: ((id >= 6492363) AND (id <= 6493362))
	        ->  Bitmap Index Scan on sbtest2_pkey  (cost=0.00..23.29 rows=1085 width=0)
	              Index Cond: ((id >= 6492363) AND (id <= 6493362))

table 3 : explain SELECT SUM(k) FROM sbtest3 WHERE id BETWEEN 7139244 AND 7140243
	Aggregate  (cost=3889.23..3889.24 rows=1 width=8)
	  ->  Bitmap Heap Scan on sbtest3  (cost=22.76..3886.72 rows=1007 width=4)
	        Recheck Cond: ((id >= 7139244) AND (id <= 7140243))
	        ->  Bitmap Index Scan on sbtest3_pkey  (cost=0.00..22.50 rows=1007 width=0)
	              Index Cond: ((id >= 7139244) AND (id <= 7140243))

table 4 : explain SELECT SUM(k) FROM sbtest4 WHERE id BETWEEN 5349796 AND 5350795
	Aggregate  (cost=4198.57..4198.58 rows=1 width=8)
	  ->  Bitmap Heap Scan on sbtest4  (cost=23.60..4195.85 rows=1089 width=4)
	        Recheck Cond: ((id >= 5349796) AND (id <= 5350795))
	        ->  Bitmap Index Scan on sbtest4_pkey  (cost=0.00..23.32 rows=1089 width=0)
	              Index Cond: ((id >= 5349796) AND (id <= 5350795))

table 5 : explain SELECT SUM(k) FROM sbtest5 WHERE id BETWEEN 8257823 AND 8258822
	Aggregate  (cost=3739.35..3739.36 rows=1 width=8)
	  ->  Bitmap Heap Scan on sbtest5  (cost=22.35..3736.94 rows=967 width=4)
	        Recheck Cond: ((id >= 8257823) AND (id <= 8258822))
	        ->  Bitmap Index Scan on sbtest5_pkey  (cost=0.00..22.11 rows=967 width=0)
	              Index Cond: ((id >= 8257823) AND (id <= 8258822))

table 6 : explain SELECT SUM(k) FROM sbtest6 WHERE id BETWEEN 6579196 AND 6580195
	Aggregate  (cost=3804.17..3804.18 rows=1 width=8)
	  ->  Bitmap Heap Scan on sbtest6  (cost=22.52..3801.71 rows=984 width=4)
	        Recheck Cond: ((id >= 6579196) AND (id <= 6580195))
	        ->  Bitmap Index Scan on sbtest6_pkey  (cost=0.00..22.27 rows=984 width=0)
	              Index Cond: ((id >= 6579196) AND (id <= 6580195))

table 7 : explain SELECT SUM(k) FROM sbtest7 WHERE id BETWEEN 9178391 AND 9179390
	Aggregate  (cost=3875.76..3875.77 rows=1 width=8)
	  ->  Bitmap Heap Scan on sbtest7  (cost=22.72..3873.26 rows=1003 width=4)
	        Recheck Cond: ((id >= 9178391) AND (id <= 9179390))
	        ->  Bitmap Index Scan on sbtest7_pkey  (cost=0.00..22.46 rows=1003 width=0)
	              Index Cond: ((id >= 9178391) AND (id <= 9179390))

table 8 : explain SELECT SUM(k) FROM sbtest8 WHERE id BETWEEN 7254784 AND 7255783
	Aggregate  (cost=3721.14..3721.15 rows=1 width=8)
	  ->  Bitmap Heap Scan on sbtest8  (cost=22.30..3718.74 rows=962 width=4)
	        Recheck Cond: ((id >= 7254784) AND (id <= 7255783))
	        ->  Bitmap Index Scan on sbtest8_pkey  (cost=0.00..22.05 rows=962 width=0)
	              Index Cond: ((id >= 7254784) AND (id <= 7255783))

for point_selects
table 1 : explain SELECT c FROM sbtest1 WHERE id=3264323
	Index Scan using sbtest1_pkey on sbtest1  (cost=0.43..8.45 rows=1 width=121)
	  Index Cond: (id = 3264323)

table 2 : explain SELECT c FROM sbtest2 WHERE id=2280169
	Index Scan using sbtest2_pkey on sbtest2  (cost=0.43..8.45 rows=1 width=121)
	  Index Cond: (id = 2280169)

table 3 : explain SELECT c FROM sbtest3 WHERE id=78448
	Index Scan using sbtest3_pkey on sbtest3  (cost=0.43..8.45 rows=1 width=121)
	  Index Cond: (id = 78448)

table 4 : explain SELECT c FROM sbtest4 WHERE id=6318398
	Index Scan using sbtest4_pkey on sbtest4  (cost=0.43..8.45 rows=1 width=121)
	  Index Cond: (id = 6318398)

table 5 : explain SELECT c FROM sbtest5 WHERE id=7732942
	Index Scan using sbtest5_pkey on sbtest5  (cost=0.43..8.45 rows=1 width=121)
	  Index Cond: (id = 7732942)

table 6 : explain SELECT c FROM sbtest6 WHERE id=9552798
	Index Scan using sbtest6_pkey on sbtest6  (cost=0.43..8.45 rows=1 width=121)
	  Index Cond: (id = 9552798)

table 7 : explain SELECT c FROM sbtest7 WHERE id=8417373
	Index Scan using sbtest7_pkey on sbtest7  (cost=0.43..8.45 rows=1 width=121)
	  Index Cond: (id = 8417373)

table 8 : explain SELECT c FROM sbtest8 WHERE id=6188116
	Index Scan using sbtest8_pkey on sbtest8  (cost=0.43..8.45 rows=1 width=121)
	  Index Cond: (id = 6188116)

for: sum_ranges
table 1 : explain SELECT SUM(k) FROM sbtest1 WHERE id BETWEEN 8697690 AND 8698689
	Aggregate  (cost=3982.15..3982.16 rows=1 width=8)
	  ->  Bitmap Heap Scan on sbtest1  (cost=23.01..3979.57 rows=1032 width=4)
	        Recheck Cond: ((id >= 8697690) AND (id <= 8698689))
	        ->  Bitmap Index Scan on sbtest1_pkey  (cost=0.00..22.75 rows=1032 width=0)
	              Index Cond: ((id >= 8697690) AND (id <= 8698689))

table 2 : explain SELECT SUM(k) FROM sbtest2 WHERE id BETWEEN 8081172 AND 8082171
	Aggregate  (cost=3783.58..3783.59 rows=1 width=8)
	  ->  Bitmap Heap Scan on sbtest2  (cost=22.47..3781.14 rows=979 width=4)
	        Recheck Cond: ((id >= 8081172) AND (id <= 8082171))
	        ->  Bitmap Index Scan on sbtest2_pkey  (cost=0.00..22.22 rows=979 width=0)
	              Index Cond: ((id >= 8081172) AND (id <= 8082171))

table 3 : explain SELECT SUM(k) FROM sbtest3 WHERE id BETWEEN 2578335 AND 2579334
	Aggregate  (cost=3949.48..3949.49 rows=1 width=8)
	  ->  Bitmap Heap Scan on sbtest3  (cost=22.92..3946.93 rows=1023 width=4)
	        Recheck Cond: ((id >= 2578335) AND (id <= 2579334))
	        ->  Bitmap Index Scan on sbtest3_pkey  (cost=0.00..22.66 rows=1023 width=0)
	              Index Cond: ((id >= 2578335) AND (id <= 2579334))

table 4 : explain SELECT SUM(k) FROM sbtest4 WHERE id BETWEEN 2553543 AND 2554542
	Aggregate  (cost=3693.94..3693.95 rows=1 width=8)
	  ->  Bitmap Heap Scan on sbtest4  (cost=22.22..3691.55 rows=955 width=4)
	        Recheck Cond: ((id >= 2553543) AND (id <= 2554542))
	        ->  Bitmap Index Scan on sbtest4_pkey  (cost=0.00..21.98 rows=955 width=0)
	              Index Cond: ((id >= 2553543) AND (id <= 2554542))

table 5 : explain SELECT SUM(k) FROM sbtest5 WHERE id BETWEEN 5589137 AND 5590136
	Aggregate  (cost=3841.18..3841.19 rows=1 width=8)
	  ->  Bitmap Heap Scan on sbtest5  (cost=22.62..3838.70 rows=994 width=4)
	        Recheck Cond: ((id >= 5589137) AND (id <= 5590136))
	        ->  Bitmap Index Scan on sbtest5_pkey  (cost=0.00..22.37 rows=994 width=0)
	              Index Cond: ((id >= 5589137) AND (id <= 5590136))

table 6 : explain SELECT SUM(k) FROM sbtest6 WHERE id BETWEEN 8877770 AND 8878769
	Aggregate  (cost=3811.71..3811.72 rows=1 width=8)
	  ->  Bitmap Heap Scan on sbtest6  (cost=22.54..3809.24 rows=986 width=4)
	        Recheck Cond: ((id >= 8877770) AND (id <= 8878769))
	        ->  Bitmap Index Scan on sbtest6_pkey  (cost=0.00..22.29 rows=986 width=0)
	              Index Cond: ((id >= 8877770) AND (id <= 8878769))

table 7 : explain SELECT SUM(k) FROM sbtest7 WHERE id BETWEEN 784854 AND 785853
	Aggregate  (cost=4056.55..4056.56 rows=1 width=8)
	  ->  Bitmap Heap Scan on sbtest7  (cost=23.21..4053.93 rows=1051 width=4)
	        Recheck Cond: ((id >= 784854) AND (id <= 785853))
	        ->  Bitmap Index Scan on sbtest7_pkey  (cost=0.00..22.94 rows=1051 width=0)
	              Index Cond: ((id >= 784854) AND (id <= 785853))

table 8 : explain SELECT SUM(k) FROM sbtest8 WHERE id BETWEEN 7703158 AND 7704157
	Aggregate  (cost=4101.75..4101.76 rows=1 width=8)
	  ->  Bitmap Heap Scan on sbtest8  (cost=23.33..4099.09 rows=1063 width=4)
	        Recheck Cond: ((id >= 7703158) AND (id <= 7704157))
	        ->  Bitmap Index Scan on sbtest8_pkey  (cost=0.00..23.07 rows=1063 width=0)
	              Index Cond: ((id >= 7703158) AND (id <= 7704157))

for: sum_ranges
table 1 : explain SELECT SUM(k) FROM sbtest1 WHERE id BETWEEN 4155976 AND 4156975
	Aggregate  (cost=4049.84..4049.85 rows=1 width=8)
	  ->  Bitmap Heap Scan on sbtest1  (cost=23.20..4047.21 rows=1050 width=4)
	        Recheck Cond: ((id >= 4155976) AND (id <= 4156975))
	        ->  Bitmap Index Scan on sbtest1_pkey  (cost=0.00..22.93 rows=1050 width=0)
	              Index Cond: ((id >= 4155976) AND (id <= 4156975))

table 2 : explain SELECT SUM(k) FROM sbtest2 WHERE id BETWEEN 3327172 AND 3328171
	Aggregate  (cost=4096.05..4096.06 rows=1 width=8)
	  ->  Bitmap Heap Scan on sbtest2  (cost=23.32..4093.40 rows=1062 width=4)
	        Recheck Cond: ((id >= 3327172) AND (id <= 3328171))
	        ->  Bitmap Index Scan on sbtest2_pkey  (cost=0.00..23.05 rows=1062 width=0)
	              Index Cond: ((id >= 3327172) AND (id <= 3328171))

table 3 : explain SELECT SUM(k) FROM sbtest3 WHERE id BETWEEN 3153537 AND 3154536
	Aggregate  (cost=3994.65..3994.66 rows=1 width=8)
	  ->  Bitmap Heap Scan on sbtest3  (cost=23.04..3992.06 rows=1035 width=4)
	        Recheck Cond: ((id >= 3153537) AND (id <= 3154536))
	        ->  Bitmap Index Scan on sbtest3_pkey  (cost=0.00..22.79 rows=1035 width=0)
	              Index Cond: ((id >= 3153537) AND (id <= 3154536))

table 4 : explain SELECT SUM(k) FROM sbtest4 WHERE id BETWEEN 1629859 AND 1630858
	Aggregate  (cost=3848.59..3848.60 rows=1 width=8)
	  ->  Bitmap Heap Scan on sbtest4  (cost=22.64..3846.10 rows=996 width=4)
	        Recheck Cond: ((id >= 1629859) AND (id <= 1630858))
	        ->  Bitmap Index Scan on sbtest4_pkey  (cost=0.00..22.39 rows=996 width=0)
	              Index Cond: ((id >= 1629859) AND (id <= 1630858))

table 5 : explain SELECT SUM(k) FROM sbtest5 WHERE id BETWEEN 8735464 AND 8736463
	Aggregate  (cost=4006.92..4006.93 rows=1 width=8)
	  ->  Bitmap Heap Scan on sbtest5  (cost=23.07..4004.33 rows=1038 width=4)
	        Recheck Cond: ((id >= 8735464) AND (id <= 8736463))
	        ->  Bitmap Index Scan on sbtest5_pkey  (cost=0.00..22.82 rows=1038 width=0)
	              Index Cond: ((id >= 8735464) AND (id <= 8736463))

table 6 : explain SELECT SUM(k) FROM sbtest6 WHERE id BETWEEN 6140973 AND 6141972
	Aggregate  (cost=3736.25..3736.26 rows=1 width=8)
	  ->  Bitmap Heap Scan on sbtest6  (cost=22.34..3733.83 rows=966 width=4)
	        Recheck Cond: ((id >= 6140973) AND (id <= 6141972))
	        ->  Bitmap Index Scan on sbtest6_pkey  (cost=0.00..22.09 rows=966 width=0)
	              Index Cond: ((id >= 6140973) AND (id <= 6141972))

table 7 : explain SELECT SUM(k) FROM sbtest7 WHERE id BETWEEN 6280147 AND 6281146
	Aggregate  (cost=3992.56..3992.57 rows=1 width=8)
	  ->  Bitmap Heap Scan on sbtest7  (cost=23.03..3989.97 rows=1034 width=4)
	        Recheck Cond: ((id >= 6280147) AND (id <= 6281146))
	        ->  Bitmap Index Scan on sbtest7_pkey  (cost=0.00..22.77 rows=1034 width=0)
	              Index Cond: ((id >= 6280147) AND (id <= 6281146))

table 8 : explain SELECT SUM(k) FROM sbtest8 WHERE id BETWEEN 4100180 AND 4101179
	Aggregate  (cost=3770.20..3770.21 rows=1 width=8)
	  ->  Bitmap Heap Scan on sbtest8  (cost=22.43..3767.77 rows=975 width=4)
	        Recheck Cond: ((id >= 4100180) AND (id <= 4101179))
	        ->  Bitmap Index Scan on sbtest8_pkey  (cost=0.00..22.18 rows=975 width=0)
	              Index Cond: ((id >= 4100180) AND (id <= 4101179))

for: sum_ranges
table 1 : explain SELECT SUM(k) FROM sbtest1 WHERE id BETWEEN 335944 AND 336943
	Aggregate  (cost=3726.06..3726.07 rows=1 width=8)
	  ->  Bitmap Heap Scan on sbtest1  (cost=22.32..3723.65 rows=964 width=4)
	        Recheck Cond: ((id >= 335944) AND (id <= 336943))
	        ->  Bitmap Index Scan on sbtest1_pkey  (cost=0.00..22.07 rows=964 width=0)
	              Index Cond: ((id >= 335944) AND (id <= 336943))

table 2 : explain SELECT SUM(k) FROM sbtest2 WHERE id BETWEEN 3668942 AND 3669941
	Aggregate  (cost=3613.80..3613.81 rows=1 width=8)
	  ->  Bitmap Heap Scan on sbtest2  (cost=22.01..3611.46 rows=934 width=4)
	        Recheck Cond: ((id >= 3668942) AND (id <= 3669941))
	        ->  Bitmap Index Scan on sbtest2_pkey  (cost=0.00..21.77 rows=934 width=0)
	              Index Cond: ((id >= 3668942) AND (id <= 3669941))

table 3 : explain SELECT SUM(k) FROM sbtest3 WHERE id BETWEEN 2636429 AND 2637428
	Aggregate  (cost=3477.89..3477.90 rows=1 width=8)
	  ->  Bitmap Heap Scan on sbtest3  (cost=21.64..3475.64 rows=898 width=4)
	        Recheck Cond: ((id >= 2636429) AND (id <= 2637428))
	        ->  Bitmap Index Scan on sbtest3_pkey  (cost=0.00..21.41 rows=898 width=0)
	              Index Cond: ((id >= 2636429) AND (id <= 2637428))

table 4 : explain SELECT SUM(k) FROM sbtest4 WHERE id BETWEEN 7653138 AND 7654137
	Aggregate  (cost=3822.20..3822.21 rows=1 width=8)
	  ->  Bitmap Heap Scan on sbtest4  (cost=22.57..3819.73 rows=989 width=4)
	        Recheck Cond: ((id >= 7653138) AND (id <= 7654137))
	        ->  Bitmap Index Scan on sbtest4_pkey  (cost=0.00..22.32 rows=989 width=0)
	              Index Cond: ((id >= 7653138) AND (id <= 7654137))

table 5 : explain SELECT SUM(k) FROM sbtest5 WHERE id BETWEEN 8075523 AND 8076522
	Aggregate  (cost=3826.10..3826.11 rows=1 width=8)
	  ->  Bitmap Heap Scan on sbtest5  (cost=22.58..3823.63 rows=990 width=4)
	        Recheck Cond: ((id >= 8075523) AND (id <= 8076522))
	        ->  Bitmap Index Scan on sbtest5_pkey  (cost=0.00..22.33 rows=990 width=0)
	              Index Cond: ((id >= 8075523) AND (id <= 8076522))

table 6 : explain SELECT SUM(k) FROM sbtest6 WHERE id BETWEEN 1618564 AND 1619563
	Aggregate  (cost=3988.84..3988.85 rows=1 width=8)
	  ->  Bitmap Heap Scan on sbtest6  (cost=23.02..3986.26 rows=1033 width=4)
	        Recheck Cond: ((id >= 1618564) AND (id <= 1619563))
	        ->  Bitmap Index Scan on sbtest6_pkey  (cost=0.00..22.76 rows=1033 width=0)
	              Index Cond: ((id >= 1618564) AND (id <= 1619563))

table 7 : explain SELECT SUM(k) FROM sbtest7 WHERE id BETWEEN 6582792 AND 6583791
	Aggregate  (cost=4018.91..4018.92 rows=1 width=8)
	  ->  Bitmap Heap Scan on sbtest7  (cost=23.11..4016.31 rows=1041 width=4)
	        Recheck Cond: ((id >= 6582792) AND (id <= 6583791))
	        ->  Bitmap Index Scan on sbtest7_pkey  (cost=0.00..22.84 rows=1041 width=0)
	              Index Cond: ((id >= 6582792) AND (id <= 6583791))

table 8 : explain SELECT SUM(k) FROM sbtest8 WHERE id BETWEEN 3687351 AND 3688350
	Aggregate  (cost=4120.55..4120.56 rows=1 width=8)
	  ->  Bitmap Heap Scan on sbtest8  (cost=23.38..4117.88 rows=1068 width=4)
	        Recheck Cond: ((id >= 3687351) AND (id <= 3688350))
	        ->  Bitmap Index Scan on sbtest8_pkey  (cost=0.00..23.11 rows=1068 width=0)
	              Index Cond: ((id >= 3687351) AND (id <= 3688350))

for: simple_ranges
table 1 : explain SELECT c FROM sbtest1 WHERE id BETWEEN 1454759 AND 1455758
	Bitmap Heap Scan on sbtest1  (cost=21.92..3576.59 rows=925 width=121)
	  Recheck Cond: ((id >= 1454759) AND (id <= 1455758))
	  ->  Bitmap Index Scan on sbtest1_pkey  (cost=0.00..21.68 rows=925 width=0)
	        Index Cond: ((id >= 1454759) AND (id <= 1455758))

table 2 : explain SELECT c FROM sbtest2 WHERE id BETWEEN 9426964 AND 9427963
	Bitmap Heap Scan on sbtest2  (cost=23.04..3991.92 rows=1035 width=121)
	  Recheck Cond: ((id >= 9426964) AND (id <= 9427963))
	  ->  Bitmap Index Scan on sbtest2_pkey  (cost=0.00..22.79 rows=1035 width=0)
	        Index Cond: ((id >= 9426964) AND (id <= 9427963))

table 3 : explain SELECT c FROM sbtest3 WHERE id BETWEEN 4560059 AND 4561058
	Bitmap Heap Scan on sbtest3  (cost=21.98..3600.26 rows=931 width=121)
	  Recheck Cond: ((id >= 4560059) AND (id <= 4561058))
	  ->  Bitmap Index Scan on sbtest3_pkey  (cost=0.00..21.75 rows=931 width=0)
	        Index Cond: ((id >= 4560059) AND (id <= 4561058))

table 4 : explain SELECT c FROM sbtest4 WHERE id BETWEEN 4192999 AND 4193998
	Bitmap Heap Scan on sbtest4  (cost=22.82..3910.11 rows=1013 width=121)
	  Recheck Cond: ((id >= 4192999) AND (id <= 4193998))
	  ->  Bitmap Index Scan on sbtest4_pkey  (cost=0.00..22.57 rows=1013 width=0)
	        Index Cond: ((id >= 4192999) AND (id <= 4193998))

table 5 : explain SELECT c FROM sbtest5 WHERE id BETWEEN 6614013 AND 6615012
	Bitmap Heap Scan on sbtest5  (cost=22.71..3868.83 rows=1002 width=121)
	  Recheck Cond: ((id >= 6614013) AND (id <= 6615012))
	  ->  Bitmap Index Scan on sbtest5_pkey  (cost=0.00..22.45 rows=1002 width=0)
	        Index Cond: ((id >= 6614013) AND (id <= 6615012))

table 6 : explain SELECT c FROM sbtest6 WHERE id BETWEEN 8618913 AND 8619912
	Bitmap Heap Scan on sbtest6  (cost=22.10..3647.04 rows=943 width=121)
	  Recheck Cond: ((id >= 8618913) AND (id <= 8619912))
	  ->  Bitmap Index Scan on sbtest6_pkey  (cost=0.00..21.86 rows=943 width=0)
	        Index Cond: ((id >= 8618913) AND (id <= 8619912))

table 7 : explain SELECT c FROM sbtest7 WHERE id BETWEEN 1384306 AND 1385305
	Bitmap Heap Scan on sbtest7  (cost=22.33..3730.02 rows=965 width=121)
	  Recheck Cond: ((id >= 1384306) AND (id <= 1385305))
	  ->  Bitmap Index Scan on sbtest7_pkey  (cost=0.00..22.08 rows=965 width=0)
	        Index Cond: ((id >= 1384306) AND (id <= 1385305))

table 8 : explain SELECT c FROM sbtest8 WHERE id BETWEEN 5494694 AND 5495693
	Bitmap Heap Scan on sbtest8  (cost=22.03..3620.61 rows=936 width=121)
	  Recheck Cond: ((id >= 5494694) AND (id <= 5495693))
	  ->  Bitmap Index Scan on sbtest8_pkey  (cost=0.00..21.79 rows=936 width=0)
	        Index Cond: ((id >= 5494694) AND (id <= 5495693))

for: sum_ranges
table 1 : explain SELECT SUM(k) FROM sbtest1 WHERE id BETWEEN 5459870 AND 5460869
	Aggregate  (cost=3756.22..3756.23 rows=1 width=8)
	  ->  Bitmap Heap Scan on sbtest1  (cost=22.40..3753.79 rows=972 width=4)
	        Recheck Cond: ((id >= 5459870) AND (id <= 5460869))
	        ->  Bitmap Index Scan on sbtest1_pkey  (cost=0.00..22.15 rows=972 width=0)
	              Index Cond: ((id >= 5459870) AND (id <= 5460869))

table 2 : explain SELECT SUM(k) FROM sbtest2 WHERE id BETWEEN 6022589 AND 6023588
	Aggregate  (cost=3877.80..3877.81 rows=1 width=8)
	  ->  Bitmap Heap Scan on sbtest2  (cost=22.73..3875.29 rows=1004 width=4)
	        Recheck Cond: ((id >= 6022589) AND (id <= 6023588))
	        ->  Bitmap Index Scan on sbtest2_pkey  (cost=0.00..22.47 rows=1004 width=0)
	              Index Cond: ((id >= 6022589) AND (id <= 6023588))

table 3 : explain SELECT SUM(k) FROM sbtest3 WHERE id BETWEEN 4938679 AND 4939678
	Aggregate  (cost=4243.00..4243.01 rows=1 width=8)
	  ->  Bitmap Heap Scan on sbtest3  (cost=27.72..4240.25 rows=1101 width=4)
	        Recheck Cond: ((id >= 4938679) AND (id <= 4939678))
	        ->  Bitmap Index Scan on sbtest3_pkey  (cost=0.00..27.44 rows=1101 width=0)
	              Index Cond: ((id >= 4938679) AND (id <= 4939678))

table 4 : explain SELECT SUM(k) FROM sbtest4 WHERE id BETWEEN 1839258 AND 1840257
	Aggregate  (cost=3739.22..3739.23 rows=1 width=8)
	  ->  Bitmap Heap Scan on sbtest4  (cost=22.35..3736.81 rows=967 width=4)
	        Recheck Cond: ((id >= 1839258) AND (id <= 1840257))
	        ->  Bitmap Index Scan on sbtest4_pkey  (cost=0.00..22.11 rows=967 width=0)
	              Index Cond: ((id >= 1839258) AND (id <= 1840257))

table 5 : explain SELECT SUM(k) FROM sbtest5 WHERE id BETWEEN 8899315 AND 8900314
	Aggregate  (cost=3807.25..3807.26 rows=1 width=8)
	  ->  Bitmap Heap Scan on sbtest5  (cost=22.53..3804.79 rows=985 width=4)
	        Recheck Cond: ((id >= 8899315) AND (id <= 8900314))
	        ->  Bitmap Index Scan on sbtest5_pkey  (cost=0.00..22.29 rows=985 width=0)
	              Index Cond: ((id >= 8899315) AND (id <= 8900314))

table 6 : explain SELECT SUM(k) FROM sbtest6 WHERE id BETWEEN 7922730 AND 7923729
	Aggregate  (cost=3728.70..3728.71 rows=1 width=8)
	  ->  Bitmap Heap Scan on sbtest6  (cost=22.32..3726.29 rows=964 width=4)
	        Recheck Cond: ((id >= 7922730) AND (id <= 7923729))
	        ->  Bitmap Index Scan on sbtest6_pkey  (cost=0.00..22.07 rows=964 width=0)
	              Index Cond: ((id >= 7922730) AND (id <= 7923729))

table 7 : explain SELECT SUM(k) FROM sbtest7 WHERE id BETWEEN 4602985 AND 4603984
	Aggregate  (cost=3653.14..3653.15 rows=1 width=8)
	  ->  Bitmap Heap Scan on sbtest7  (cost=22.11..3650.78 rows=944 width=4)
	        Recheck Cond: ((id >= 4602985) AND (id <= 4603984))
	        ->  Bitmap Index Scan on sbtest7_pkey  (cost=0.00..21.87 rows=944 width=0)
	              Index Cond: ((id >= 4602985) AND (id <= 4603984))

table 8 : explain SELECT SUM(k) FROM sbtest8 WHERE id BETWEEN 2569407 AND 2570406
	Aggregate  (cost=4071.65..4071.66 rows=1 width=8)
	  ->  Bitmap Heap Scan on sbtest8  (cost=23.25..4069.01 rows=1055 width=4)
	        Recheck Cond: ((id >= 2569407) AND (id <= 2570406))
	        ->  Bitmap Index Scan on sbtest8_pkey  (cost=0.00..22.98 rows=1055 width=0)
	              Index Cond: ((id >= 2569407) AND (id <= 2570406))

for: simple_ranges
table 1 : explain SELECT c FROM sbtest1 WHERE id BETWEEN 3583 AND 4582
	Bitmap Heap Scan on sbtest1  (cost=22.85..3919.41 rows=1016 width=121)
	  Recheck Cond: ((id >= 3583) AND (id <= 4582))
	  ->  Bitmap Index Scan on sbtest1_pkey  (cost=0.00..22.59 rows=1016 width=0)
	        Index Cond: ((id >= 3583) AND (id <= 4582))

table 2 : explain SELECT c FROM sbtest2 WHERE id BETWEEN 466150 AND 467149
	Bitmap Heap Scan on sbtest2  (cost=22.40..3754.76 rows=972 width=121)
	  Recheck Cond: ((id >= 466150) AND (id <= 467149))
	  ->  Bitmap Index Scan on sbtest2_pkey  (cost=0.00..22.15 rows=972 width=0)
	        Index Cond: ((id >= 466150) AND (id <= 467149))

table 3 : explain SELECT c FROM sbtest3 WHERE id BETWEEN 127989 AND 128988
	Bitmap Heap Scan on sbtest3  (cost=22.29..3713.43 rows=961 width=121)
	  Recheck Cond: ((id >= 127989) AND (id <= 128988))
	  ->  Bitmap Index Scan on sbtest3_pkey  (cost=0.00..22.04 rows=961 width=0)
	        Index Cond: ((id >= 127989) AND (id <= 128988))

table 4 : explain SELECT c FROM sbtest4 WHERE id BETWEEN 3657624 AND 3658623
	Bitmap Heap Scan on sbtest4  (cost=22.63..3842.33 rows=995 width=121)
	  Recheck Cond: ((id >= 3657624) AND (id <= 3658623))
	  ->  Bitmap Index Scan on sbtest4_pkey  (cost=0.00..22.39 rows=995 width=0)
	        Index Cond: ((id >= 3657624) AND (id <= 3658623))

table 5 : explain SELECT c FROM sbtest5 WHERE id BETWEEN 8909152 AND 8910151
	Bitmap Heap Scan on sbtest5  (cost=22.53..3804.79 rows=985 width=121)
	  Recheck Cond: ((id >= 8909152) AND (id <= 8910151))
	  ->  Bitmap Index Scan on sbtest5_pkey  (cost=0.00..22.29 rows=985 width=0)
	        Index Cond: ((id >= 8909152) AND (id <= 8910151))

table 6 : explain SELECT c FROM sbtest6 WHERE id BETWEEN 8787571 AND 8788570
	Bitmap Heap Scan on sbtest6  (cost=27.67..4227.09 rows=1096 width=121)
	  Recheck Cond: ((id >= 8787571) AND (id <= 8788570))
	  ->  Bitmap Index Scan on sbtest6_pkey  (cost=0.00..27.39 rows=1096 width=0)
	        Index Cond: ((id >= 8787571) AND (id <= 8788570))

table 7 : explain SELECT c FROM sbtest7 WHERE id BETWEEN 2607964 AND 2608963
	Bitmap Heap Scan on sbtest7  (cost=23.05..3997.50 rows=1036 width=121)
	  Recheck Cond: ((id >= 2607964) AND (id <= 2608963))
	  ->  Bitmap Index Scan on sbtest7_pkey  (cost=0.00..22.79 rows=1036 width=0)
	        Index Cond: ((id >= 2607964) AND (id <= 2608963))

table 8 : explain SELECT c FROM sbtest8 WHERE id BETWEEN 8509813 AND 8510812
	Bitmap Heap Scan on sbtest8  (cost=23.24..4065.25 rows=1054 width=121)
	  Recheck Cond: ((id >= 8509813) AND (id <= 8510812))
	  ->  Bitmap Index Scan on sbtest8_pkey  (cost=0.00..22.97 rows=1054 width=0)
	        Index Cond: ((id >= 8509813) AND (id <= 8510812))

for: sum_ranges
table 1 : explain SELECT SUM(k) FROM sbtest1 WHERE id BETWEEN 800055 AND 801054
	Aggregate  (cost=3831.58..3831.59 rows=1 width=8)
	  ->  Bitmap Heap Scan on sbtest1  (cost=22.60..3829.10 rows=992 width=4)
	        Recheck Cond: ((id >= 800055) AND (id <= 801054))
	        ->  Bitmap Index Scan on sbtest1_pkey  (cost=0.00..22.36 rows=992 width=0)
	              Index Cond: ((id >= 800055) AND (id <= 801054))

table 2 : explain SELECT SUM(k) FROM sbtest2 WHERE id BETWEEN 4244514 AND 4245513
	Aggregate  (cost=3508.02..3508.03 rows=1 width=8)
	  ->  Bitmap Heap Scan on sbtest2  (cost=21.72..3505.75 rows=906 width=4)
	        Recheck Cond: ((id >= 4244514) AND (id <= 4245513))
	        ->  Bitmap Index Scan on sbtest2_pkey  (cost=0.00..21.50 rows=906 width=0)
	              Index Cond: ((id >= 4244514) AND (id <= 4245513))

table 3 : explain SELECT SUM(k) FROM sbtest3 WHERE id BETWEEN 3144454 AND 3145453
	Aggregate  (cost=3994.65..3994.66 rows=1 width=8)
	  ->  Bitmap Heap Scan on sbtest3  (cost=23.04..3992.06 rows=1035 width=4)
	        Recheck Cond: ((id >= 3144454) AND (id <= 3145453))
	        ->  Bitmap Index Scan on sbtest3_pkey  (cost=0.00..22.79 rows=1035 width=0)
	              Index Cond: ((id >= 3144454) AND (id <= 3145453))

table 4 : explain SELECT SUM(k) FROM sbtest4 WHERE id BETWEEN 3284081 AND 3285080
	Aggregate  (cost=3478.57..3478.58 rows=1 width=8)
	  ->  Bitmap Heap Scan on sbtest4  (cost=21.64..3476.32 rows=898 width=4)
	        Recheck Cond: ((id >= 3284081) AND (id <= 3285080))
	        ->  Bitmap Index Scan on sbtest4_pkey  (cost=0.00..21.41 rows=898 width=0)
	              Index Cond: ((id >= 3284081) AND (id <= 3285080))

table 5 : explain SELECT SUM(k) FROM sbtest5 WHERE id BETWEEN 6745505 AND 6746504
	Aggregate  (cost=4040.80..4040.81 rows=1 width=8)
	  ->  Bitmap Heap Scan on sbtest5  (cost=23.17..4038.18 rows=1047 width=4)
	        Recheck Cond: ((id >= 6745505) AND (id <= 6746504))
	        ->  Bitmap Index Scan on sbtest5_pkey  (cost=0.00..22.90 rows=1047 width=0)
	              Index Cond: ((id >= 6745505) AND (id <= 6746504))

table 6 : explain SELECT SUM(k) FROM sbtest6 WHERE id BETWEEN 2524007 AND 2525006
	Aggregate  (cost=3660.73..3660.74 rows=1 width=8)
	  ->  Bitmap Heap Scan on sbtest6  (cost=22.13..3658.37 rows=946 width=4)
	        Recheck Cond: ((id >= 2524007) AND (id <= 2525006))
	        ->  Bitmap Index Scan on sbtest6_pkey  (cost=0.00..21.89 rows=946 width=0)
	              Index Cond: ((id >= 2524007) AND (id <= 2525006))

table 7 : explain SELECT SUM(k) FROM sbtest7 WHERE id BETWEEN 7561720 AND 7562719
	Aggregate  (cost=3943.59..3943.60 rows=1 width=8)
	  ->  Bitmap Heap Scan on sbtest7  (cost=22.90..3941.04 rows=1021 width=4)
	        Recheck Cond: ((id >= 7561720) AND (id <= 7562719))
	        ->  Bitmap Index Scan on sbtest7_pkey  (cost=0.00..22.64 rows=1021 width=0)
	              Index Cond: ((id >= 7561720) AND (id <= 7562719))

table 8 : explain SELECT SUM(k) FROM sbtest8 WHERE id BETWEEN 1101794 AND 1102793
	Aggregate  (cost=3600.28..3600.29 rows=1 width=8)
	  ->  Bitmap Heap Scan on sbtest8  (cost=21.97..3597.95 rows=930 width=4)
	        Recheck Cond: ((id >= 1101794) AND (id <= 1102793))
	        ->  Bitmap Index Scan on sbtest8_pkey  (cost=0.00..21.73 rows=930 width=0)
	              Index Cond: ((id >= 1101794) AND (id <= 1102793))

for: simple_ranges
table 1 : explain SELECT c FROM sbtest1 WHERE id BETWEEN 7822103 AND 7823102
	Bitmap Heap Scan on sbtest1  (cost=22.57..3817.81 rows=989 width=121)
	  Recheck Cond: ((id >= 7822103) AND (id <= 7823102))
	  ->  Bitmap Index Scan on sbtest1_pkey  (cost=0.00..22.32 rows=989 width=0)
	        Index Cond: ((id >= 7822103) AND (id <= 7823102))

table 2 : explain SELECT c FROM sbtest2 WHERE id BETWEEN 8920049 AND 8921048
	Bitmap Heap Scan on sbtest2  (cost=23.00..3976.87 rows=1031 width=121)
	  Recheck Cond: ((id >= 8920049) AND (id <= 8921048))
	  ->  Bitmap Index Scan on sbtest2_pkey  (cost=0.00..22.75 rows=1031 width=0)
	        Index Cond: ((id >= 8920049) AND (id <= 8921048))

table 3 : explain SELECT c FROM sbtest3 WHERE id BETWEEN 3168703 AND 3169702
	Bitmap Heap Scan on sbtest3  (cost=23.04..3992.06 rows=1035 width=121)
	  Recheck Cond: ((id >= 3168703) AND (id <= 3169702))
	  ->  Bitmap Index Scan on sbtest3_pkey  (cost=0.00..22.79 rows=1035 width=0)
	        Index Cond: ((id >= 3168703) AND (id <= 3169702))

table 4 : explain SELECT c FROM sbtest4 WHERE id BETWEEN 7136880 AND 7137879
	Bitmap Heap Scan on sbtest4  (cost=22.23..3695.32 rows=956 width=121)
	  Recheck Cond: ((id >= 7136880) AND (id <= 7137879))
	  ->  Bitmap Index Scan on sbtest4_pkey  (cost=0.00..22.00 rows=956 width=0)
	        Index Cond: ((id >= 7136880) AND (id <= 7137879))

table 5 : explain SELECT c FROM sbtest5 WHERE id BETWEEN 9413740 AND 9414739
	Bitmap Heap Scan on sbtest5  (cost=22.12..3653.95 rows=945 width=121)
	  Recheck Cond: ((id >= 9413740) AND (id <= 9414739))
	  ->  Bitmap Index Scan on sbtest5_pkey  (cost=0.00..21.89 rows=945 width=0)
	        Index Cond: ((id >= 9413740) AND (id <= 9414739))

table 6 : explain SELECT c FROM sbtest6 WHERE id BETWEEN 8307206 AND 8308205
	Bitmap Heap Scan on sbtest6  (cost=22.23..3696.11 rows=956 width=121)
	  Recheck Cond: ((id >= 8307206) AND (id <= 8308205))
	  ->  Bitmap Index Scan on sbtest6_pkey  (cost=0.00..22.00 rows=956 width=0)
	        Index Cond: ((id >= 8307206) AND (id <= 8308205))

table 7 : explain SELECT c FROM sbtest7 WHERE id BETWEEN 5492651 AND 5493650
	Bitmap Heap Scan on sbtest7  (cost=22.67..3858.19 rows=999 width=121)
	  Recheck Cond: ((id >= 5492651) AND (id <= 5493650))
	  ->  Bitmap Index Scan on sbtest7_pkey  (cost=0.00..22.43 rows=999 width=0)
	        Index Cond: ((id >= 5492651) AND (id <= 5493650))

table 8 : explain SELECT c FROM sbtest8 WHERE id BETWEEN 9187362 AND 9188361
	Bitmap Heap Scan on sbtest8  (cost=22.13..3658.36 rows=946 width=121)
	  Recheck Cond: ((id >= 9187362) AND (id <= 9188361))
	  ->  Bitmap Index Scan on sbtest8_pkey  (cost=0.00..21.89 rows=946 width=0)
	        Index Cond: ((id >= 9187362) AND (id <= 9188361))

for: simple_ranges
table 1 : explain SELECT c FROM sbtest1 WHERE id BETWEEN 6454062 AND 6455061
	Bitmap Heap Scan on sbtest1  (cost=23.20..4047.21 rows=1050 width=121)
	  Recheck Cond: ((id >= 6454062) AND (id <= 6455061))
	  ->  Bitmap Index Scan on sbtest1_pkey  (cost=0.00..22.93 rows=1050 width=0)
	        Index Cond: ((id >= 6454062) AND (id <= 6455061))

table 2 : explain SELECT c FROM sbtest2 WHERE id BETWEEN 8782514 AND 8783513
	Bitmap Heap Scan on sbtest2  (cost=27.79..4266.35 rows=1108 width=121)
	  Recheck Cond: ((id >= 8782514) AND (id <= 8783513))
	  ->  Bitmap Index Scan on sbtest2_pkey  (cost=0.00..27.51 rows=1108 width=0)
	        Index Cond: ((id >= 8782514) AND (id <= 8783513))

table 3 : explain SELECT c FROM sbtest3 WHERE id BETWEEN 1743203 AND 1744202
	Bitmap Heap Scan on sbtest3  (cost=22.76..3886.72 rows=1007 width=121)
	  Recheck Cond: ((id >= 1743203) AND (id <= 1744202))
	  ->  Bitmap Index Scan on sbtest3_pkey  (cost=0.00..22.50 rows=1007 width=0)
	        Index Cond: ((id >= 1743203) AND (id <= 1744202))

table 4 : explain SELECT c FROM sbtest4 WHERE id BETWEEN 375413 AND 376412
	Bitmap Heap Scan on sbtest4  (cost=23.03..3989.14 rows=1034 width=121)
	  Recheck Cond: ((id >= 375413) AND (id <= 376412))
	  ->  Bitmap Index Scan on sbtest4_pkey  (cost=0.00..22.77 rows=1034 width=0)
	        Index Cond: ((id >= 375413) AND (id <= 376412))

table 5 : explain SELECT c FROM sbtest5 WHERE id BETWEEN 7352659 AND 7353658
	Bitmap Heap Scan on sbtest5  (cost=22.38..3748.25 rows=970 width=121)
	  Recheck Cond: ((id >= 7352659) AND (id <= 7353658))
	  ->  Bitmap Index Scan on sbtest5_pkey  (cost=0.00..22.14 rows=970 width=0)
	        Index Cond: ((id >= 7352659) AND (id <= 7353658))

table 6 : explain SELECT c FROM sbtest6 WHERE id BETWEEN 6776497 AND 6777496
	Bitmap Heap Scan on sbtest6  (cost=27.83..4283.43 rows=1112 width=121)
	  Recheck Cond: ((id >= 6776497) AND (id <= 6777496))
	  ->  Bitmap Index Scan on sbtest6_pkey  (cost=0.00..27.55 rows=1112 width=0)
	        Index Cond: ((id >= 6776497) AND (id <= 6777496))

table 7 : explain SELECT c FROM sbtest7 WHERE id BETWEEN 4016902 AND 4017901
	Bitmap Heap Scan on sbtest7  (cost=22.07..3635.68 rows=940 width=121)
	  Recheck Cond: ((id >= 4016902) AND (id <= 4017901))
	  ->  Bitmap Index Scan on sbtest7_pkey  (cost=0.00..21.83 rows=940 width=0)
	        Index Cond: ((id >= 4016902) AND (id <= 4017901))

table 8 : explain SELECT c FROM sbtest8 WHERE id BETWEEN 9028804 AND 9029803
	Bitmap Heap Scan on sbtest8  (cost=22.79..3899.66 rows=1010 width=121)
	  Recheck Cond: ((id >= 9028804) AND (id <= 9029803))
	  ->  Bitmap Index Scan on sbtest8_pkey  (cost=0.00..22.54 rows=1010 width=0)
	        Index Cond: ((id >= 9028804) AND (id <= 9029803))

for: simple_ranges
table 1 : explain SELECT c FROM sbtest1 WHERE id BETWEEN 5856246 AND 5857245
	Bitmap Heap Scan on sbtest1  (cost=22.51..3795.22 rows=983 width=121)
	  Recheck Cond: ((id >= 5856246) AND (id <= 5857245))
	  ->  Bitmap Index Scan on sbtest1_pkey  (cost=0.00..22.26 rows=983 width=0)
	        Index Cond: ((id >= 5856246) AND (id <= 5857245))

table 2 : explain SELECT c FROM sbtest2 WHERE id BETWEEN 7462022 AND 7463021
	Bitmap Heap Scan on sbtest2  (cost=22.94..3954.31 rows=1025 width=121)
	  Recheck Cond: ((id >= 7462022) AND (id <= 7463021))
	  ->  Bitmap Index Scan on sbtest2_pkey  (cost=0.00..22.68 rows=1025 width=0)
	        Index Cond: ((id >= 7462022) AND (id <= 7463021))

table 3 : explain SELECT c FROM sbtest3 WHERE id BETWEEN 6773771 AND 6774770
	Bitmap Heap Scan on sbtest3  (cost=22.34..3732.28 rows=966 width=121)
	  Recheck Cond: ((id >= 6773771) AND (id <= 6774770))
	  ->  Bitmap Index Scan on sbtest3_pkey  (cost=0.00..22.09 rows=966 width=0)
	        Index Cond: ((id >= 6773771) AND (id <= 6774770))

table 4 : explain SELECT c FROM sbtest4 WHERE id BETWEEN 8250068 AND 8251067
	Bitmap Heap Scan on sbtest4  (cost=23.27..4075.63 rows=1057 width=121)
	  Recheck Cond: ((id >= 8250068) AND (id <= 8251067))
	  ->  Bitmap Index Scan on sbtest4_pkey  (cost=0.00..23.00 rows=1057 width=0)
	        Index Cond: ((id >= 8250068) AND (id <= 8251067))

table 5 : explain SELECT c FROM sbtest5 WHERE id BETWEEN 3038720 AND 3039719
	Bitmap Heap Scan on sbtest5  (cost=22.92..3947.89 rows=1023 width=121)
	  Recheck Cond: ((id >= 3038720) AND (id <= 3039719))
	  ->  Bitmap Index Scan on sbtest5_pkey  (cost=0.00..22.66 rows=1023 width=0)
	        Index Cond: ((id >= 3038720) AND (id <= 3039719))

table 6 : explain SELECT c FROM sbtest6 WHERE id BETWEEN 3086116 AND 3087115
	Bitmap Heap Scan on sbtest6  (cost=22.53..3805.47 rows=985 width=121)
	  Recheck Cond: ((id >= 3086116) AND (id <= 3087115))
	  ->  Bitmap Index Scan on sbtest6_pkey  (cost=0.00..22.29 rows=985 width=0)
	        Index Cond: ((id >= 3086116) AND (id <= 3087115))

table 7 : explain SELECT c FROM sbtest7 WHERE id BETWEEN 5514013 AND 5515012
	Bitmap Heap Scan on sbtest7  (cost=22.15..3665.87 rows=948 width=121)
	  Recheck Cond: ((id >= 5514013) AND (id <= 5515012))
	  ->  Bitmap Index Scan on sbtest7_pkey  (cost=0.00..21.91 rows=948 width=0)
	        Index Cond: ((id >= 5514013) AND (id <= 5515012))

table 8 : explain SELECT c FROM sbtest8 WHERE id BETWEEN 5507144 AND 5508143
	Bitmap Heap Scan on sbtest8  (cost=22.62..3839.39 rows=994 width=121)
	  Recheck Cond: ((id >= 5507144) AND (id <= 5508143))
	  ->  Bitmap Index Scan on sbtest8_pkey  (cost=0.00..22.37 rows=994 width=0)
	        Index Cond: ((id >= 5507144) AND (id <= 5508143))

for point_selects
table 1 : explain SELECT c FROM sbtest1 WHERE id=8966287
	Index Scan using sbtest1_pkey on sbtest1  (cost=0.43..8.45 rows=1 width=121)
	  Index Cond: (id = 8966287)

table 2 : explain SELECT c FROM sbtest2 WHERE id=3290504
	Index Scan using sbtest2_pkey on sbtest2  (cost=0.43..8.45 rows=1 width=121)
	  Index Cond: (id = 3290504)

table 3 : explain SELECT c FROM sbtest3 WHERE id=1164961
	Index Scan using sbtest3_pkey on sbtest3  (cost=0.43..8.45 rows=1 width=121)
	  Index Cond: (id = 1164961)

table 4 : explain SELECT c FROM sbtest4 WHERE id=8891461
	Index Scan using sbtest4_pkey on sbtest4  (cost=0.43..8.45 rows=1 width=121)
	  Index Cond: (id = 8891461)

table 5 : explain SELECT c FROM sbtest5 WHERE id=2934483
	Index Scan using sbtest5_pkey on sbtest5  (cost=0.43..8.45 rows=1 width=121)
	  Index Cond: (id = 2934483)

table 6 : explain SELECT c FROM sbtest6 WHERE id=7922769
	Index Scan using sbtest6_pkey on sbtest6  (cost=0.43..8.45 rows=1 width=121)
	  Index Cond: (id = 7922769)

table 7 : explain SELECT c FROM sbtest7 WHERE id=3241050
	Index Scan using sbtest7_pkey on sbtest7  (cost=0.43..8.45 rows=1 width=121)
	  Index Cond: (id = 3241050)

table 8 : explain SELECT c FROM sbtest8 WHERE id=9186965
	Index Scan using sbtest8_pkey on sbtest8  (cost=0.43..8.45 rows=1 width=121)
	  Index Cond: (id = 9186965)

for: order_ranges
table 1 : explain SELECT c FROM sbtest1 WHERE id BETWEEN 3805614 AND 3806613 ORDER BY c
	Sort  (cost=4206.65..4209.35 rows=1078 width=121)
	  Sort Key: c
	  ->  Bitmap Heap Scan on sbtest1  (cost=23.48..4152.35 rows=1078 width=121)
	        Recheck Cond: ((id >= 3805614) AND (id <= 3806613))
	        ->  Bitmap Index Scan on sbtest1_pkey  (cost=0.00..23.21 rows=1078 width=0)
	              Index Cond: ((id >= 3805614) AND (id <= 3806613))

table 2 : explain SELECT c FROM sbtest2 WHERE id BETWEEN 9676068 AND 9677067 ORDER BY c
	Sort  (cost=4272.86..4275.59 rows=1095 width=121)
	  Sort Key: c
	  ->  Bitmap Heap Scan on sbtest2  (cost=27.66..4217.58 rows=1095 width=121)
	        Recheck Cond: ((id >= 9676068) AND (id <= 9677067))
	        ->  Bitmap Index Scan on sbtest2_pkey  (cost=0.00..27.39 rows=1095 width=0)
	              Index Cond: ((id >= 9676068) AND (id <= 9677067))

table 3 : explain SELECT c FROM sbtest3 WHERE id BETWEEN 6964448 AND 6965447 ORDER BY c
	Sort  (cost=3638.51..3640.84 rows=929 width=121)
	  Sort Key: c
	  ->  Bitmap Heap Scan on sbtest3  (cost=21.96..3592.72 rows=929 width=121)
	        Recheck Cond: ((id >= 6964448) AND (id <= 6965447))
	        ->  Bitmap Index Scan on sbtest3_pkey  (cost=0.00..21.72 rows=929 width=0)
	              Index Cond: ((id >= 6964448) AND (id <= 6965447))

table 4 : explain SELECT c FROM sbtest4 WHERE id BETWEEN 252692 AND 253691 ORDER BY c
	Sort  (cost=3669.88..3672.22 rows=937 width=121)
	  Sort Key: c
	  ->  Bitmap Heap Scan on sbtest4  (cost=22.04..3623.63 rows=937 width=121)
	        Recheck Cond: ((id >= 252692) AND (id <= 253691))
	        ->  Bitmap Index Scan on sbtest4_pkey  (cost=0.00..21.80 rows=937 width=0)
	              Index Cond: ((id >= 252692) AND (id <= 253691))

table 5 : explain SELECT c FROM sbtest5 WHERE id BETWEEN 1142632 AND 1143631 ORDER BY c
	Sort  (cost=3374.62..3376.77 rows=860 width=121)
	  Sort Key: c
	  ->  Bitmap Heap Scan on sbtest5  (cost=21.25..3332.70 rows=860 width=121)
	        Recheck Cond: ((id >= 1142632) AND (id <= 1143631))
	        ->  Bitmap Index Scan on sbtest5_pkey  (cost=0.00..21.04 rows=860 width=0)
	              Index Cond: ((id >= 1142632) AND (id <= 1143631))

table 6 : explain SELECT c FROM sbtest6 WHERE id BETWEEN 5910794 AND 5911793 ORDER BY c
	Sort  (cost=4148.72..4151.37 rows=1062 width=121)
	  Sort Key: c
	  ->  Bitmap Heap Scan on sbtest6  (cost=23.32..4095.34 rows=1062 width=121)
	        Recheck Cond: ((id >= 5910794) AND (id <= 5911793))
	        ->  Bitmap Index Scan on sbtest6_pkey  (cost=0.00..23.05 rows=1062 width=0)
	              Index Cond: ((id >= 5910794) AND (id <= 5911793))

table 7 : explain SELECT c FROM sbtest7 WHERE id BETWEEN 4854022 AND 4855021 ORDER BY c
	Sort  (cost=3651.44..3653.77 rows=932 width=121)
	  Sort Key: c
	  ->  Bitmap Heap Scan on sbtest7  (cost=21.99..3605.47 rows=932 width=121)
	        Recheck Cond: ((id >= 4854022) AND (id <= 4855021))
	        ->  Bitmap Index Scan on sbtest7_pkey  (cost=0.00..21.75 rows=932 width=0)
	              Index Cond: ((id >= 4854022) AND (id <= 4855021))

table 8 : explain SELECT c FROM sbtest8 WHERE id BETWEEN 8926391 AND 8927390 ORDER BY c
	Sort  (cost=3869.75..3872.22 rows=989 width=121)
	  Sort Key: c
	  ->  Bitmap Heap Scan on sbtest8  (cost=22.57..3820.54 rows=989 width=121)
	        Recheck Cond: ((id >= 8926391) AND (id <= 8927390))
	        ->  Bitmap Index Scan on sbtest8_pkey  (cost=0.00..22.32 rows=989 width=0)
	              Index Cond: ((id >= 8926391) AND (id <= 8927390))

for: order_ranges
table 1 : explain SELECT c FROM sbtest1 WHERE id BETWEEN 9813427 AND 9814426 ORDER BY c
	Sort  (cost=3721.69..3724.07 rows=951 width=121)
	  Sort Key: c
	  ->  Bitmap Heap Scan on sbtest1  (cost=22.18..3674.65 rows=951 width=121)
	        Recheck Cond: ((id >= 9813427) AND (id <= 9814426))
	        ->  Bitmap Index Scan on sbtest1_pkey  (cost=0.00..21.94 rows=951 width=0)
	              Index Cond: ((id >= 9813427) AND (id <= 9814426))

table 2 : explain SELECT c FROM sbtest2 WHERE id BETWEEN 4055824 AND 4056823 ORDER BY c
	Sort  (cost=3929.16..3931.68 rows=1005 width=121)
	  Sort Key: c
	  ->  Bitmap Heap Scan on sbtest2  (cost=22.74..3879.05 rows=1005 width=121)
	        Recheck Cond: ((id >= 4055824) AND (id <= 4056823))
	        ->  Bitmap Index Scan on sbtest2_pkey  (cost=0.00..22.48 rows=1005 width=0)
	              Index Cond: ((id >= 4055824) AND (id <= 4056823))

table 3 : explain SELECT c FROM sbtest3 WHERE id BETWEEN 9204031 AND 9205030 ORDER BY c
	Sort  (cost=4177.44..4180.11 rows=1070 width=121)
	  Sort Key: c
	  ->  Bitmap Heap Scan on sbtest3  (cost=23.40..4123.60 rows=1070 width=121)
	        Recheck Cond: ((id >= 9204031) AND (id <= 9205030))
	        ->  Bitmap Index Scan on sbtest3_pkey  (cost=0.00..23.14 rows=1070 width=0)
	              Index Cond: ((id >= 9204031) AND (id <= 9205030))

table 4 : explain SELECT c FROM sbtest4 WHERE id BETWEEN 9593797 AND 9594796 ORDER BY c
	Sort  (cost=3872.75..3875.23 rows=990 width=121)
	  Sort Key: c
	  ->  Bitmap Heap Scan on sbtest4  (cost=22.58..3823.49 rows=990 width=121)
	        Recheck Cond: ((id >= 9593797) AND (id <= 9594796))
	        ->  Bitmap Index Scan on sbtest4_pkey  (cost=0.00..22.33 rows=990 width=0)
	              Index Cond: ((id >= 9593797) AND (id <= 9594796))

table 5 : explain SELECT c FROM sbtest5 WHERE id BETWEEN 689073 AND 690072 ORDER BY c
	Sort  (cost=3857.59..3860.05 rows=986 width=121)
	  Sort Key: c
	  ->  Bitmap Heap Scan on sbtest5  (cost=22.54..3808.56 rows=986 width=121)
	        Recheck Cond: ((id >= 689073) AND (id <= 690072))
	        ->  Bitmap Index Scan on sbtest5_pkey  (cost=0.00..22.29 rows=986 width=0)
	              Index Cond: ((id >= 689073) AND (id <= 690072))

table 6 : explain SELECT c FROM sbtest6 WHERE id BETWEEN 8498121 AND 8499120 ORDER BY c
	Sort  (cost=4358.75..4361.54 rows=1117 width=121)
	  Sort Key: c
	  ->  Bitmap Heap Scan on sbtest6  (cost=27.88..4302.20 rows=1117 width=121)
	        Recheck Cond: ((id >= 8498121) AND (id <= 8499120))
	        ->  Bitmap Index Scan on sbtest6_pkey  (cost=0.00..27.61 rows=1117 width=0)
	              Index Cond: ((id >= 8498121) AND (id <= 8499120))

table 7 : explain SELECT c FROM sbtest7 WHERE id BETWEEN 2717257 AND 2718256 ORDER BY c
	Sort  (cost=3793.17..3795.59 rows=969 width=121)
	  Sort Key: c
	  ->  Bitmap Heap Scan on sbtest7  (cost=22.37..3745.10 rows=969 width=121)
	        Recheck Cond: ((id >= 2717257) AND (id <= 2718256))
	        ->  Bitmap Index Scan on sbtest7_pkey  (cost=0.00..22.12 rows=969 width=0)
	              Index Cond: ((id >= 2717257) AND (id <= 2718256))

table 8 : explain SELECT c FROM sbtest8 WHERE id BETWEEN 4742688 AND 4743687 ORDER BY c
	Sort  (cost=3789.38..3791.80 rows=968 width=121)
	  Sort Key: c
	  ->  Bitmap Heap Scan on sbtest8  (cost=22.36..3741.37 rows=968 width=121)
	        Recheck Cond: ((id >= 4742688) AND (id <= 4743687))
	        ->  Bitmap Index Scan on sbtest8_pkey  (cost=0.00..22.11 rows=968 width=0)
	              Index Cond: ((id >= 4742688) AND (id <= 4743687))

for: order_ranges
table 1 : explain SELECT c FROM sbtest1 WHERE id BETWEEN 5694562 AND 5695561 ORDER BY c
	Sort  (cost=3909.04..3911.54 rows=1000 width=121)
	  Sort Key: c
	  ->  Bitmap Heap Scan on sbtest1  (cost=22.68..3859.21 rows=1000 width=121)
	        Recheck Cond: ((id >= 5694562) AND (id <= 5695561))
	        ->  Bitmap Index Scan on sbtest1_pkey  (cost=0.00..22.43 rows=1000 width=0)
	              Index Cond: ((id >= 5694562) AND (id <= 5695561))

table 2 : explain SELECT c FROM sbtest2 WHERE id BETWEEN 3919434 AND 3920433 ORDER BY c
	Sort  (cost=3795.35..3797.77 rows=970 width=121)
	  Sort Key: c
	  ->  Bitmap Heap Scan on sbtest2  (cost=22.38..3747.22 rows=970 width=121)
	        Recheck Cond: ((id >= 3919434) AND (id <= 3920433))
	        ->  Bitmap Index Scan on sbtest2_pkey  (cost=0.00..22.14 rows=970 width=0)
	              Index Cond: ((id >= 3919434) AND (id <= 3920433))

table 3 : explain SELECT c FROM sbtest3 WHERE id BETWEEN 7145975 AND 7146974 ORDER BY c
	Sort  (cost=3936.94..3939.46 rows=1007 width=121)
	  Sort Key: c
	  ->  Bitmap Heap Scan on sbtest3  (cost=22.76..3886.72 rows=1007 width=121)
	        Recheck Cond: ((id >= 7145975) AND (id <= 7146974))
	        ->  Bitmap Index Scan on sbtest3_pkey  (cost=0.00..22.50 rows=1007 width=0)
	              Index Cond: ((id >= 7145975) AND (id <= 7146974))

table 4 : explain SELECT c FROM sbtest4 WHERE id BETWEEN 5965051 AND 5966050 ORDER BY c
	Sort  (cost=4048.55..4051.14 rows=1036 width=121)
	  Sort Key: c
	  ->  Bitmap Heap Scan on sbtest4  (cost=23.05..3996.66 rows=1036 width=121)
	        Recheck Cond: ((id >= 5965051) AND (id <= 5966050))
	        ->  Bitmap Index Scan on sbtest4_pkey  (cost=0.00..22.79 rows=1036 width=0)
	              Index Cond: ((id >= 5965051) AND (id <= 5966050))

table 5 : explain SELECT c FROM sbtest5 WHERE id BETWEEN 9926697 AND 9927696 ORDER BY c
	Sort  (cost=4075.42..4078.03 rows=1043 width=121)
	  Sort Key: c
	  ->  Bitmap Heap Scan on sbtest5  (cost=23.13..4023.14 rows=1043 width=121)
	        Recheck Cond: ((id >= 9926697) AND (id <= 9927696))
	        ->  Bitmap Index Scan on sbtest5_pkey  (cost=0.00..22.86 rows=1043 width=0)
	              Index Cond: ((id >= 9926697) AND (id <= 9927696))

table 6 : explain SELECT c FROM sbtest6 WHERE id BETWEEN 9399635 AND 9400634 ORDER BY c
	Sort  (cost=4312.93..4315.69 rows=1104 width=121)
	  Sort Key: c
	  ->  Bitmap Heap Scan on sbtest6  (cost=27.75..4257.13 rows=1104 width=121)
	        Recheck Cond: ((id >= 9399635) AND (id <= 9400634))
	        ->  Bitmap Index Scan on sbtest6_pkey  (cost=0.00..27.47 rows=1104 width=0)
	              Index Cond: ((id >= 9399635) AND (id <= 9400634))

table 7 : explain SELECT c FROM sbtest7 WHERE id BETWEEN 1002260 AND 1003259 ORDER BY c
	Sort  (cost=3482.67..3484.89 rows=888 width=121)
	  Sort Key: c
	  ->  Bitmap Heap Scan on sbtest7  (cost=21.54..3439.18 rows=888 width=121)
	        Recheck Cond: ((id >= 1002260) AND (id <= 1003259))
	        ->  Bitmap Index Scan on sbtest7_pkey  (cost=0.00..21.32 rows=888 width=0)
	              Index Cond: ((id >= 1002260) AND (id <= 1003259))

table 8 : explain SELECT c FROM sbtest8 WHERE id BETWEEN 3344188 AND 3345187 ORDER BY c
	Sort  (cost=3777.89..3780.30 rows=965 width=121)
	  Sort Key: c
	  ->  Bitmap Heap Scan on sbtest8  (cost=22.33..3730.05 rows=965 width=121)
	        Recheck Cond: ((id >= 3344188) AND (id <= 3345187))
	        ->  Bitmap Index Scan on sbtest8_pkey  (cost=0.00..22.08 rows=965 width=0)
	              Index Cond: ((id >= 3344188) AND (id <= 3345187))

for: sum_ranges
table 1 : explain SELECT SUM(k) FROM sbtest1 WHERE id BETWEEN 71845 AND 72844
	Aggregate  (cost=3921.95..3921.96 rows=1 width=8)
	  ->  Bitmap Heap Scan on sbtest1  (cost=22.85..3919.41 rows=1016 width=4)
	        Recheck Cond: ((id >= 71845) AND (id <= 72844))
	        ->  Bitmap Index Scan on sbtest1_pkey  (cost=0.00..22.59 rows=1016 width=0)
	              Index Cond: ((id >= 71845) AND (id <= 72844))

table 2 : explain SELECT SUM(k) FROM sbtest2 WHERE id BETWEEN 1579981 AND 1580980
	Aggregate  (cost=3919.22..3919.23 rows=1 width=8)
	  ->  Bitmap Heap Scan on sbtest2  (cost=22.84..3916.68 rows=1015 width=4)
	        Recheck Cond: ((id >= 1579981) AND (id <= 1580980))
	        ->  Bitmap Index Scan on sbtest2_pkey  (cost=0.00..22.58 rows=1015 width=0)
	              Index Cond: ((id >= 1579981) AND (id <= 1580980))

table 3 : explain SELECT SUM(k) FROM sbtest3 WHERE id BETWEEN 4119157 AND 4120156
	Aggregate  (cost=4009.70..4009.71 rows=1 width=8)
	  ->  Bitmap Heap Scan on sbtest3  (cost=23.08..4007.10 rows=1039 width=4)
	        Recheck Cond: ((id >= 4119157) AND (id <= 4120156))
	        ->  Bitmap Index Scan on sbtest3_pkey  (cost=0.00..22.82 rows=1039 width=0)
	              Index Cond: ((id >= 4119157) AND (id <= 4120156))

table 4 : explain SELECT SUM(k) FROM sbtest4 WHERE id BETWEEN 85763 AND 86762
	Aggregate  (cost=3349.89..3349.90 rows=1 width=8)
	  ->  Bitmap Heap Scan on sbtest4  (cost=21.29..3347.73 rows=864 width=4)
	        Recheck Cond: ((id >= 85763) AND (id <= 86762))
	        ->  Bitmap Index Scan on sbtest4_pkey  (cost=0.00..21.07 rows=864 width=0)
	              Index Cond: ((id >= 85763) AND (id <= 86762))

table 5 : explain SELECT SUM(k) FROM sbtest5 WHERE id BETWEEN 398179 AND 399178
	Aggregate  (cost=3773.31..3773.32 rows=1 width=8)
	  ->  Bitmap Heap Scan on sbtest5  (cost=22.44..3770.87 rows=976 width=4)
	        Recheck Cond: ((id >= 398179) AND (id <= 399178))
	        ->  Bitmap Index Scan on sbtest5_pkey  (cost=0.00..22.19 rows=976 width=0)
	              Index Cond: ((id >= 398179) AND (id <= 399178))

table 6 : explain SELECT SUM(k) FROM sbtest6 WHERE id BETWEEN 4828989 AND 4829988
	Aggregate  (cost=3800.39..3800.40 rows=1 width=8)
	  ->  Bitmap Heap Scan on sbtest6  (cost=22.51..3797.94 rows=983 width=4)
	        Recheck Cond: ((id >= 4828989) AND (id <= 4829988))
	        ->  Bitmap Index Scan on sbtest6_pkey  (cost=0.00..22.26 rows=983 width=0)
	              Index Cond: ((id >= 4828989) AND (id <= 4829988))

table 7 : explain SELECT SUM(k) FROM sbtest7 WHERE id BETWEEN 9469341 AND 9470340
	Aggregate  (cost=3834.29..3834.30 rows=1 width=8)
	  ->  Bitmap Heap Scan on sbtest7  (cost=22.60..3831.81 rows=992 width=4)
	        Recheck Cond: ((id >= 9469341) AND (id <= 9470340))
	        ->  Bitmap Index Scan on sbtest7_pkey  (cost=0.00..22.36 rows=992 width=0)
	              Index Cond: ((id >= 9469341) AND (id <= 9470340))

table 8 : explain SELECT SUM(k) FROM sbtest8 WHERE id BETWEEN 8984316 AND 8985315
	Aggregate  (cost=3902.19..3902.20 rows=1 width=8)
	  ->  Bitmap Heap Scan on sbtest8  (cost=22.79..3899.66 rows=1010 width=4)
	        Recheck Cond: ((id >= 8984316) AND (id <= 8985315))
	        ->  Bitmap Index Scan on sbtest8_pkey  (cost=0.00..22.54 rows=1010 width=0)
	              Index Cond: ((id >= 8984316) AND (id <= 8985315))

for: order_ranges
table 1 : explain SELECT c FROM sbtest1 WHERE id BETWEEN 6295481 AND 6296480 ORDER BY c
	Sort  (cost=3687.25..3689.60 rows=942 width=121)
	  Sort Key: c
	  ->  Bitmap Heap Scan on sbtest1  (cost=22.09..3640.72 rows=942 width=121)
	        Recheck Cond: ((id >= 6295481) AND (id <= 6296480))
	        ->  Bitmap Index Scan on sbtest1_pkey  (cost=0.00..21.86 rows=942 width=0)
	              Index Cond: ((id >= 6295481) AND (id <= 6296480))

table 2 : explain SELECT c FROM sbtest2 WHERE id BETWEEN 8064050 AND 8065049 ORDER BY c
	Sort  (cost=3829.77..3832.22 rows=979 width=121)
	  Sort Key: c
	  ->  Bitmap Heap Scan on sbtest2  (cost=22.47..3781.14 rows=979 width=121)
	        Recheck Cond: ((id >= 8064050) AND (id <= 8065049))
	        ->  Bitmap Index Scan on sbtest2_pkey  (cost=0.00..22.22 rows=979 width=0)
	              Index Cond: ((id >= 8064050) AND (id <= 8065049))

table 3 : explain SELECT c FROM sbtest3 WHERE id BETWEEN 8384867 AND 8385866 ORDER BY c
	Sort  (cost=4062.98..4065.58 rows=1040 width=121)
	  Sort Key: c
	  ->  Bitmap Heap Scan on sbtest3  (cost=23.09..4010.86 rows=1040 width=121)
	        Recheck Cond: ((id >= 8384867) AND (id <= 8385866))
	        ->  Bitmap Index Scan on sbtest3_pkey  (cost=0.00..22.83 rows=1040 width=0)
	              Index Cond: ((id >= 8384867) AND (id <= 8385866))

table 4 : explain SELECT c FROM sbtest4 WHERE id BETWEEN 712362 AND 713361 ORDER BY c
	Sort  (cost=4090.55..4093.17 rows=1047 width=121)
	  Sort Key: c
	  ->  Bitmap Heap Scan on sbtest4  (cost=23.17..4038.03 rows=1047 width=121)
	        Recheck Cond: ((id >= 712362) AND (id <= 713361))
	        ->  Bitmap Index Scan on sbtest4_pkey  (cost=0.00..22.90 rows=1047 width=0)
	              Index Cond: ((id >= 712362) AND (id <= 713361))

table 5 : explain SELECT c FROM sbtest5 WHERE id BETWEEN 8050866 AND 8051865 ORDER BY c
	Sort  (cost=3872.89..3875.36 rows=990 width=121)
	  Sort Key: c
	  ->  Bitmap Heap Scan on sbtest5  (cost=22.58..3823.63 rows=990 width=121)
	        Recheck Cond: ((id >= 8050866) AND (id <= 8051865))
	        ->  Bitmap Index Scan on sbtest5_pkey  (cost=0.00..22.33 rows=990 width=0)
	              Index Cond: ((id >= 8050866) AND (id <= 8051865))

table 6 : explain SELECT c FROM sbtest6 WHERE id BETWEEN 9405671 AND 9406670 ORDER BY c
	Sort  (cost=4312.93..4315.69 rows=1104 width=121)
	  Sort Key: c
	  ->  Bitmap Heap Scan on sbtest6  (cost=27.75..4257.13 rows=1104 width=121)
	        Recheck Cond: ((id >= 9405671) AND (id <= 9406670))
	        ->  Bitmap Index Scan on sbtest6_pkey  (cost=0.00..27.47 rows=1104 width=0)
	              Index Cond: ((id >= 9405671) AND (id <= 9406670))

table 7 : explain SELECT c FROM sbtest7 WHERE id BETWEEN 3195925 AND 3196924 ORDER BY c
	Sort  (cost=3927.08..3929.59 rows=1004 width=121)
	  Sort Key: c
	  ->  Bitmap Heap Scan on sbtest7  (cost=22.73..3877.02 rows=1004 width=121)
	        Recheck Cond: ((id >= 3195925) AND (id <= 3196924))
	        ->  Bitmap Index Scan on sbtest7_pkey  (cost=0.00..22.47 rows=1004 width=0)
	              Index Cond: ((id >= 3195925) AND (id <= 3196924))

table 8 : explain SELECT c FROM sbtest8 WHERE id BETWEEN 7213178 AND 7214177 ORDER BY c
	Sort  (cost=3766.40..3768.81 rows=962 width=121)
	  Sort Key: c
	  ->  Bitmap Heap Scan on sbtest8  (cost=22.30..3718.74 rows=962 width=121)
	        Recheck Cond: ((id >= 7213178) AND (id <= 7214177))
	        ->  Bitmap Index Scan on sbtest8_pkey  (cost=0.00..22.05 rows=962 width=0)
	              Index Cond: ((id >= 7213178) AND (id <= 7214177))

for: sum_ranges
table 1 : explain SELECT SUM(k) FROM sbtest1 WHERE id BETWEEN 7452719 AND 7453718
	Aggregate  (cost=3665.71..3665.72 rows=1 width=8)
	  ->  Bitmap Heap Scan on sbtest1  (cost=22.15..3663.34 rows=948 width=4)
	        Recheck Cond: ((id >= 7452719) AND (id <= 7453718))
	        ->  Bitmap Index Scan on sbtest1_pkey  (cost=0.00..21.91 rows=948 width=0)
	              Index Cond: ((id >= 7452719) AND (id <= 7453718))

table 2 : explain SELECT SUM(k) FROM sbtest2 WHERE id BETWEEN 5811009 AND 5812008
	Aggregate  (cost=3941.81..3941.82 rows=1 width=8)
	  ->  Bitmap Heap Scan on sbtest2  (cost=22.90..3939.26 rows=1021 width=4)
	        Recheck Cond: ((id >= 5811009) AND (id <= 5812008))
	        ->  Bitmap Index Scan on sbtest2_pkey  (cost=0.00..22.64 rows=1021 width=0)
	              Index Cond: ((id >= 5811009) AND (id <= 5812008))

table 3 : explain SELECT SUM(k) FROM sbtest3 WHERE id BETWEEN 3428562 AND 3429561
	Aggregate  (cost=3598.82..3598.83 rows=1 width=8)
	  ->  Bitmap Heap Scan on sbtest3  (cost=21.97..3596.49 rows=930 width=4)
	        Recheck Cond: ((id >= 3428562) AND (id <= 3429561))
	        ->  Bitmap Index Scan on sbtest3_pkey  (cost=0.00..21.73 rows=930 width=0)
	              Index Cond: ((id >= 3428562) AND (id <= 3429561))

table 4 : explain SELECT SUM(k) FROM sbtest4 WHERE id BETWEEN 8398415 AND 8399414
	Aggregate  (cost=3769.40..3769.41 rows=1 width=8)
	  ->  Bitmap Heap Scan on sbtest4  (cost=22.43..3766.97 rows=975 width=4)
	        Recheck Cond: ((id >= 8398415) AND (id <= 8399414))
	        ->  Bitmap Index Scan on sbtest4_pkey  (cost=0.00..22.18 rows=975 width=0)
	              Index Cond: ((id >= 8398415) AND (id <= 8399414))

table 5 : explain SELECT SUM(k) FROM sbtest5 WHERE id BETWEEN 1052596 AND 1053595
	Aggregate  (cost=3671.41..3671.42 rows=1 width=8)
	  ->  Bitmap Heap Scan on sbtest5  (cost=22.16..3669.04 rows=949 width=4)
	        Recheck Cond: ((id >= 1052596) AND (id <= 1053595))
	        ->  Bitmap Index Scan on sbtest5_pkey  (cost=0.00..21.93 rows=949 width=0)
	              Index Cond: ((id >= 1052596) AND (id <= 1053595))

table 6 : explain SELECT SUM(k) FROM sbtest6 WHERE id BETWEEN 9136526 AND 9137525
	Aggregate  (cost=3939.88..3939.89 rows=1 width=8)
	  ->  Bitmap Heap Scan on sbtest6  (cost=22.89..3937.33 rows=1020 width=4)
	        Recheck Cond: ((id >= 9136526) AND (id <= 9137525))
	        ->  Bitmap Index Scan on sbtest6_pkey  (cost=0.00..22.64 rows=1020 width=0)
	              Index Cond: ((id >= 9136526) AND (id <= 9137525))

table 7 : explain SELECT SUM(k) FROM sbtest7 WHERE id BETWEEN 2251071 AND 2252070
	Aggregate  (cost=3920.99..3921.00 rows=1 width=8)
	  ->  Bitmap Heap Scan on sbtest7  (cost=22.84..3918.45 rows=1015 width=4)
	        Recheck Cond: ((id >= 2251071) AND (id <= 2252070))
	        ->  Bitmap Index Scan on sbtest7_pkey  (cost=0.00..22.58 rows=1015 width=0)
	              Index Cond: ((id >= 2251071) AND (id <= 2252070))

table 8 : explain SELECT SUM(k) FROM sbtest8 WHERE id BETWEEN 2700786 AND 2701785
	Aggregate  (cost=3653.17..3653.18 rows=1 width=8)
	  ->  Bitmap Heap Scan on sbtest8  (cost=22.11..3650.81 rows=944 width=4)
	        Recheck Cond: ((id >= 2700786) AND (id <= 2701785))
	        ->  Bitmap Index Scan on sbtest8_pkey  (cost=0.00..21.87 rows=944 width=0)
	              Index Cond: ((id >= 2700786) AND (id <= 2701785))

for: order_ranges
table 1 : explain SELECT c FROM sbtest1 WHERE id BETWEEN 5835059 AND 5836058 ORDER BY c
	Sort  (cost=3844.08..3846.53 rows=983 width=121)
	  Sort Key: c
	  ->  Bitmap Heap Scan on sbtest1  (cost=22.51..3795.22 rows=983 width=121)
	        Recheck Cond: ((id >= 5835059) AND (id <= 5836058))
	        ->  Bitmap Index Scan on sbtest1_pkey  (cost=0.00..22.26 rows=983 width=0)
	              Index Cond: ((id >= 5835059) AND (id <= 5836058))

table 2 : explain SELECT c FROM sbtest2 WHERE id BETWEEN 3521597 AND 3522596 ORDER BY c
	Sort  (cost=3894.77..3897.26 rows=996 width=121)
	  Sort Key: c
	  ->  Bitmap Heap Scan on sbtest2  (cost=22.64..3845.17 rows=996 width=121)
	        Recheck Cond: ((id >= 3521597) AND (id <= 3522596))
	        ->  Bitmap Index Scan on sbtest2_pkey  (cost=0.00..22.39 rows=996 width=0)
	              Index Cond: ((id >= 3521597) AND (id <= 3522596))

table 3 : explain SELECT c FROM sbtest3 WHERE id BETWEEN 5502565 AND 5503564 ORDER BY c
	Sort  (cost=3745.73..3748.12 rows=957 width=121)
	  Sort Key: c
	  ->  Bitmap Heap Scan on sbtest3  (cost=22.24..3698.35 rows=957 width=121)
	        Recheck Cond: ((id >= 5502565) AND (id <= 5503564))
	        ->  Bitmap Index Scan on sbtest3_pkey  (cost=0.00..22.00 rows=957 width=0)
	              Index Cond: ((id >= 5502565) AND (id <= 5503564))

table 4 : explain SELECT c FROM sbtest4 WHERE id BETWEEN 6621898 AND 6622897 ORDER BY c
	Sort  (cost=4178.32..4181.00 rows=1070 width=121)
	  Sort Key: c
	  ->  Bitmap Heap Scan on sbtest4  (cost=23.40..4124.48 rows=1070 width=121)
	        Recheck Cond: ((id >= 6621898) AND (id <= 6622897))
	        ->  Bitmap Index Scan on sbtest4_pkey  (cost=0.00..23.14 rows=1070 width=0)
	              Index Cond: ((id >= 6621898) AND (id <= 6622897))

table 5 : explain SELECT c FROM sbtest5 WHERE id BETWEEN 7013239 AND 7014238 ORDER BY c
	Sort  (cost=3447.58..3449.77 rows=879 width=121)
	  Sort Key: c
	  ->  Bitmap Heap Scan on sbtest5  (cost=21.44..3404.59 rows=879 width=121)
	        Recheck Cond: ((id >= 7013239) AND (id <= 7014238))
	        ->  Bitmap Index Scan on sbtest5_pkey  (cost=0.00..21.22 rows=879 width=0)
	              Index Cond: ((id >= 7013239) AND (id <= 7014238))

table 6 : explain SELECT c FROM sbtest6 WHERE id BETWEEN 1734290 AND 1735289 ORDER BY c
	Sort  (cost=3735.77..3738.16 rows=954 width=121)
	  Sort Key: c
	  ->  Bitmap Heap Scan on sbtest6  (cost=22.21..3688.56 rows=954 width=121)
	        Recheck Cond: ((id >= 1734290) AND (id <= 1735289))
	        ->  Bitmap Index Scan on sbtest6_pkey  (cost=0.00..21.97 rows=954 width=0)
	              Index Cond: ((id >= 1734290) AND (id <= 1735289))

table 7 : explain SELECT c FROM sbtest7 WHERE id BETWEEN 9950722 AND 9951721 ORDER BY c
	Sort  (cost=3907.96..3910.46 rows=999 width=121)
	  Sort Key: c
	  ->  Bitmap Heap Scan on sbtest7  (cost=22.67..3858.19 rows=999 width=121)
	        Recheck Cond: ((id >= 9950722) AND (id <= 9951721))
	        ->  Bitmap Index Scan on sbtest7_pkey  (cost=0.00..22.43 rows=999 width=0)
	              Index Cond: ((id >= 9950722) AND (id <= 9951721))

table 8 : explain SELECT c FROM sbtest8 WHERE id BETWEEN 6069079 AND 6070078 ORDER BY c
	Sort  (cost=4137.26..4139.90 rows=1059 width=121)
	  Sort Key: c
	  ->  Bitmap Heap Scan on sbtest8  (cost=23.29..4084.05 rows=1059 width=121)
	        Recheck Cond: ((id >= 6069079) AND (id <= 6070078))
	        ->  Bitmap Index Scan on sbtest8_pkey  (cost=0.00..23.02 rows=1059 width=0)
	              Index Cond: ((id >= 6069079) AND (id <= 6070078))

for: order_ranges
table 1 : explain SELECT c FROM sbtest1 WHERE id BETWEEN 9155824 AND 9156823 ORDER BY c
	Sort  (cost=3821.14..3823.58 rows=977 width=121)
	  Sort Key: c
	  ->  Bitmap Heap Scan on sbtest1  (cost=22.45..3772.62 rows=977 width=121)
	        Recheck Cond: ((id >= 9155824) AND (id <= 9156823))
	        ->  Bitmap Index Scan on sbtest1_pkey  (cost=0.00..22.20 rows=977 width=0)
	              Index Cond: ((id >= 9155824) AND (id <= 9156823))

table 2 : explain SELECT c FROM sbtest2 WHERE id BETWEEN 2888685 AND 2889684 ORDER BY c
	Sort  (cost=3672.86..3675.21 rows=938 width=121)
	  Sort Key: c
	  ->  Bitmap Heap Scan on sbtest2  (cost=22.05..3626.56 rows=938 width=121)
	        Recheck Cond: ((id >= 2888685) AND (id <= 2889684))
	        ->  Bitmap Index Scan on sbtest2_pkey  (cost=0.00..21.82 rows=938 width=0)
	              Index Cond: ((id >= 2888685) AND (id <= 2889684))

table 3 : explain SELECT c FROM sbtest3 WHERE id BETWEEN 2592910 AND 2593909 ORDER BY c
	Sort  (cost=3998.07..4000.63 rows=1023 width=121)
	  Sort Key: c
	  ->  Bitmap Heap Scan on sbtest3  (cost=22.92..3946.93 rows=1023 width=121)
	        Recheck Cond: ((id >= 2592910) AND (id <= 2593909))
	        ->  Bitmap Index Scan on sbtest3_pkey  (cost=0.00..22.66 rows=1023 width=0)
	              Index Cond: ((id >= 2592910) AND (id <= 2593909))

table 4 : explain SELECT c FROM sbtest4 WHERE id BETWEEN 4313726 AND 4314725 ORDER BY c
	Sort  (cost=3754.14..3756.53 rows=959 width=121)
	  Sort Key: c
	  ->  Bitmap Heap Scan on sbtest4  (cost=22.26..3706.64 rows=959 width=121)
	        Recheck Cond: ((id >= 4313726) AND (id <= 4314725))
	        ->  Bitmap Index Scan on sbtest4_pkey  (cost=0.00..22.02 rows=959 width=0)
	              Index Cond: ((id >= 4313726) AND (id <= 4314725))

table 5 : explain SELECT c FROM sbtest5 WHERE id BETWEEN 6174616 AND 6175615 ORDER BY c
	Sort  (cost=4041.05..4043.64 rows=1034 width=121)
	  Sort Key: c
	  ->  Bitmap Heap Scan on sbtest5  (cost=23.03..3989.28 rows=1034 width=121)
	        Recheck Cond: ((id >= 6174616) AND (id <= 6175615))
	        ->  Bitmap Index Scan on sbtest5_pkey  (cost=0.00..22.77 rows=1034 width=0)
	              Index Cond: ((id >= 6174616) AND (id <= 6175615))

table 6 : explain SELECT c FROM sbtest6 WHERE id BETWEEN 413232 AND 414231 ORDER BY c
	Sort  (cost=3632.31..3634.63 rows=927 width=121)
	  Sort Key: c
	  ->  Bitmap Heap Scan on sbtest6  (cost=21.94..3586.63 rows=927 width=121)
	        Recheck Cond: ((id >= 413232) AND (id <= 414231))
	        ->  Bitmap Index Scan on sbtest6_pkey  (cost=0.00..21.70 rows=927 width=0)
	              Index Cond: ((id >= 413232) AND (id <= 414231))

table 7 : explain SELECT c FROM sbtest7 WHERE id BETWEEN 5644126 AND 5645125 ORDER BY c
	Sort  (cost=4133.40..4136.04 rows=1058 width=121)
	  Sort Key: c
	  ->  Bitmap Heap Scan on sbtest7  (cost=23.28..4080.25 rows=1058 width=121)
	        Recheck Cond: ((id >= 5644126) AND (id <= 5645125))
	        ->  Bitmap Index Scan on sbtest7_pkey  (cost=0.00..23.01 rows=1058 width=0)
	              Index Cond: ((id >= 5644126) AND (id <= 5645125))

table 8 : explain SELECT c FROM sbtest8 WHERE id BETWEEN 7529008 AND 7530007 ORDER BY c
	Sort  (cost=3758.74..3761.14 rows=960 width=121)
	  Sort Key: c
	  ->  Bitmap Heap Scan on sbtest8  (cost=22.27..3711.19 rows=960 width=121)
	        Recheck Cond: ((id >= 7529008) AND (id <= 7530007))
	        ->  Bitmap Index Scan on sbtest8_pkey  (cost=0.00..22.04 rows=960 width=0)
	              Index Cond: ((id >= 7529008) AND (id <= 7530007))

for: order_ranges
table 1 : explain SELECT c FROM sbtest1 WHERE id BETWEEN 9136926 AND 9137925 ORDER BY c
	Sort  (cost=3821.14..3823.58 rows=977 width=121)
	  Sort Key: c
	  ->  Bitmap Heap Scan on sbtest1  (cost=22.45..3772.62 rows=977 width=121)
	        Recheck Cond: ((id >= 9136926) AND (id <= 9137925))
	        ->  Bitmap Index Scan on sbtest1_pkey  (cost=0.00..22.20 rows=977 width=0)
	              Index Cond: ((id >= 9136926) AND (id <= 9137925))

table 2 : explain SELECT c FROM sbtest2 WHERE id BETWEEN 1214628 AND 1215627 ORDER BY c
	Sort  (cost=4097.18..4099.80 rows=1049 width=121)
	  Sort Key: c
	  ->  Bitmap Heap Scan on sbtest2  (cost=23.19..4044.55 rows=1049 width=121)
	        Recheck Cond: ((id >= 1214628) AND (id <= 1215627))
	        ->  Bitmap Index Scan on sbtest2_pkey  (cost=0.00..22.93 rows=1049 width=0)
	              Index Cond: ((id >= 1214628) AND (id <= 1215627))

table 3 : explain SELECT c FROM sbtest3 WHERE id BETWEEN 2320357 AND 2321356 ORDER BY c
	Sort  (cost=3799.30..3801.73 rows=971 width=121)
	  Sort Key: c
	  ->  Bitmap Heap Scan on sbtest3  (cost=22.39..3751.12 rows=971 width=121)
	        Recheck Cond: ((id >= 2320357) AND (id <= 2321356))
	        ->  Bitmap Index Scan on sbtest3_pkey  (cost=0.00..22.14 rows=971 width=0)
	              Index Cond: ((id >= 2320357) AND (id <= 2321356))

table 4 : explain SELECT c FROM sbtest4 WHERE id BETWEEN 8654874 AND 8655873 ORDER BY c
	Sort  (cost=3834.50..3836.95 rows=980 width=121)
	  Sort Key: c
	  ->  Bitmap Heap Scan on sbtest4  (cost=22.48..3785.81 rows=980 width=121)
	        Recheck Cond: ((id >= 8654874) AND (id <= 8655873))
	        ->  Bitmap Index Scan on sbtest4_pkey  (cost=0.00..22.23 rows=980 width=0)
	              Index Cond: ((id >= 8654874) AND (id <= 8655873))

table 5 : explain SELECT c FROM sbtest5 WHERE id BETWEEN 2809061 AND 2810060 ORDER BY c
	Sort  (cost=3853.76..3856.22 rows=985 width=121)
	  Sort Key: c
	  ->  Bitmap Heap Scan on sbtest5  (cost=22.53..3804.79 rows=985 width=121)
	        Recheck Cond: ((id >= 2809061) AND (id <= 2810060))
	        ->  Bitmap Index Scan on sbtest5_pkey  (cost=0.00..22.29 rows=985 width=0)
	              Index Cond: ((id >= 2809061) AND (id <= 2810060))

table 6 : explain SELECT c FROM sbtest6 WHERE id BETWEEN 5482523 AND 5483522 ORDER BY c
	Sort  (cost=3923.30..3925.81 rows=1003 width=121)
	  Sort Key: c
	  ->  Bitmap Heap Scan on sbtest6  (cost=22.72..3873.30 rows=1003 width=121)
	        Recheck Cond: ((id >= 5482523) AND (id <= 5483522))
	        ->  Bitmap Index Scan on sbtest6_pkey  (cost=0.00..22.46 rows=1003 width=0)
	              Index Cond: ((id >= 5482523) AND (id <= 5483522))

table 7 : explain SELECT c FROM sbtest7 WHERE id BETWEEN 4807686 AND 4808685 ORDER BY c
	Sort  (cost=3770.20..3772.60 rows=963 width=121)
	  Sort Key: c
	  ->  Bitmap Heap Scan on sbtest7  (cost=22.31..3722.47 rows=963 width=121)
	        Recheck Cond: ((id >= 4807686) AND (id <= 4808685))
	        ->  Bitmap Index Scan on sbtest7_pkey  (cost=0.00..22.07 rows=963 width=0)
	              Index Cond: ((id >= 4807686) AND (id <= 4808685))

table 8 : explain SELECT c FROM sbtest8 WHERE id BETWEEN 7489569 AND 7490568 ORDER BY c
	Sort  (cost=3758.74..3761.14 rows=960 width=121)
	  Sort Key: c
	  ->  Bitmap Heap Scan on sbtest8  (cost=22.27..3711.19 rows=960 width=121)
	        Recheck Cond: ((id >= 7489569) AND (id <= 7490568))
	        ->  Bitmap Index Scan on sbtest8_pkey  (cost=0.00..22.04 rows=960 width=0)
	              Index Cond: ((id >= 7489569) AND (id <= 7490568))

for: distinct_ranges
table 1 : explain SELECT DISTINCT c FROM sbtest1 WHERE id BETWEEN 4637208 AND 4638207 ORDER BY c
	Unique  (cost=3767.60..3772.42 rows=963 width=121)
	  ->  Sort  (cost=3767.60..3770.01 rows=963 width=121)
	        Sort Key: c
	        ->  Bitmap Heap Scan on sbtest1  (cost=22.31..3719.88 rows=963 width=121)
	              Recheck Cond: ((id >= 4637208) AND (id <= 4638207))
	              ->  Bitmap Index Scan on sbtest1_pkey  (cost=0.00..22.07 rows=963 width=0)
	                    Index Cond: ((id >= 4637208) AND (id <= 4638207))

table 2 : explain SELECT DISTINCT c FROM sbtest2 WHERE id BETWEEN 2748671 AND 2749670 ORDER BY c
	Unique  (cost=3833.59..3838.49 rows=980 width=121)
	  ->  Sort  (cost=3833.59..3836.04 rows=980 width=121)
	        Sort Key: c
	        ->  Bitmap Heap Scan on sbtest2  (cost=22.48..3784.90 rows=980 width=121)
	              Recheck Cond: ((id >= 2748671) AND (id <= 2749670))
	              ->  Bitmap Index Scan on sbtest2_pkey  (cost=0.00..22.23 rows=980 width=0)
	                    Index Cond: ((id >= 2748671) AND (id <= 2749670))

table 3 : explain SELECT DISTINCT c FROM sbtest3 WHERE id BETWEEN 2494701 AND 2495700 ORDER BY c
	Unique  (cost=3959.87..3964.93 rows=1013 width=121)
	  ->  Sort  (cost=3959.87..3962.40 rows=1013 width=121)
	        Sort Key: c
	        ->  Bitmap Heap Scan on sbtest3  (cost=22.82..3909.30 rows=1013 width=121)
	              Recheck Cond: ((id >= 2494701) AND (id <= 2495700))
	              ->  Bitmap Index Scan on sbtest3_pkey  (cost=0.00..22.57 rows=1013 width=0)
	                    Index Cond: ((id >= 2494701) AND (id <= 2495700))

table 4 : explain SELECT DISTINCT c FROM sbtest4 WHERE id BETWEEN 1240442 AND 1241441 ORDER BY c
	Unique  (cost=3528.04..3532.54 rows=900 width=121)
	  ->  Sort  (cost=3528.04..3530.29 rows=900 width=121)
	        Sort Key: c
	        ->  Bitmap Heap Scan on sbtest4  (cost=21.66..3483.88 rows=900 width=121)
	              Recheck Cond: ((id >= 1240442) AND (id <= 1241441))
	              ->  Bitmap Index Scan on sbtest4_pkey  (cost=0.00..21.43 rows=900 width=0)
	                    Index Cond: ((id >= 1240442) AND (id <= 1241441))

table 5 : explain SELECT DISTINCT c FROM sbtest5 WHERE id BETWEEN 2935222 AND 2936221 ORDER BY c
	Unique  (cost=3777.23..3782.06 rows=965 width=121)
	  ->  Sort  (cost=3777.23..3779.64 rows=965 width=121)
	        Sort Key: c
	        ->  Bitmap Heap Scan on sbtest5  (cost=22.33..3729.39 rows=965 width=121)
	              Recheck Cond: ((id >= 2935222) AND (id <= 2936221))
	              ->  Bitmap Index Scan on sbtest5_pkey  (cost=0.00..22.08 rows=965 width=0)
	                    Index Cond: ((id >= 2935222) AND (id <= 2936221))

table 6 : explain SELECT DISTINCT c FROM sbtest6 WHERE id BETWEEN 9611119 AND 9612118 ORDER BY c
	Unique  (cost=3816.18..3821.05 rows=975 width=121)
	  ->  Sort  (cost=3816.18..3818.62 rows=975 width=121)
	        Sort Key: c
	        ->  Bitmap Heap Scan on sbtest6  (cost=22.43..3767.77 rows=975 width=121)
	              Recheck Cond: ((id >= 9611119) AND (id <= 9612118))
	              ->  Bitmap Index Scan on sbtest6_pkey  (cost=0.00..22.18 rows=975 width=0)
	                    Index Cond: ((id >= 9611119) AND (id <= 9612118))

table 7 : explain SELECT DISTINCT c FROM sbtest7 WHERE id BETWEEN 8489094 AND 8490093 ORDER BY c
	Unique  (cost=3965.31..3970.38 rows=1014 width=121)
	  ->  Sort  (cost=3965.31..3967.85 rows=1014 width=121)
	        Sort Key: c
	        ->  Bitmap Heap Scan on sbtest7  (cost=22.83..3914.69 rows=1014 width=121)
	              Recheck Cond: ((id >= 8489094) AND (id <= 8490093))
	              ->  Bitmap Index Scan on sbtest7_pkey  (cost=0.00..22.57 rows=1014 width=0)
	                    Index Cond: ((id >= 8489094) AND (id <= 8490093))

table 8 : explain SELECT DISTINCT c FROM sbtest8 WHERE id BETWEEN 1985495 AND 1986494 ORDER BY c
	Unique  (cost=3842.96..3847.87 rows=982 width=121)
	  ->  Sort  (cost=3842.96..3845.42 rows=982 width=121)
	        Sort Key: c
	        ->  Bitmap Heap Scan on sbtest8  (cost=22.50..3794.16 rows=982 width=121)
	              Recheck Cond: ((id >= 1985495) AND (id <= 1986494))
	              ->  Bitmap Index Scan on sbtest8_pkey  (cost=0.00..22.25 rows=982 width=0)
	                    Index Cond: ((id >= 1985495) AND (id <= 1986494))

for: distinct_ranges
table 1 : explain SELECT DISTINCT c FROM sbtest1 WHERE id BETWEEN 9641486 AND 9642485 ORDER BY c
	Unique  (cost=3541.71..3546.23 rows=904 width=121)
	  ->  Sort  (cost=3541.71..3543.97 rows=904 width=121)
	        Sort Key: c
	        ->  Bitmap Heap Scan on sbtest1  (cost=21.70..3497.32 rows=904 width=121)
	              Recheck Cond: ((id >= 9641486) AND (id <= 9642485))
	              ->  Bitmap Index Scan on sbtest1_pkey  (cost=0.00..21.47 rows=904 width=0)
	                    Index Cond: ((id >= 9641486) AND (id <= 9642485))

table 2 : explain SELECT DISTINCT c FROM sbtest2 WHERE id BETWEEN 6439870 AND 6440869 ORDER BY c
	Unique  (cost=4234.47..4239.90 rows=1085 width=121)
	  ->  Sort  (cost=4234.47..4237.19 rows=1085 width=121)
	        Sort Key: c
	        ->  Bitmap Heap Scan on sbtest2  (cost=23.56..4179.77 rows=1085 width=121)
	              Recheck Cond: ((id >= 6439870) AND (id <= 6440869))
	              ->  Bitmap Index Scan on sbtest2_pkey  (cost=0.00..23.29 rows=1085 width=0)
	                    Index Cond: ((id >= 6439870) AND (id <= 6440869))

table 3 : explain SELECT DISTINCT c FROM sbtest3 WHERE id BETWEEN 355246 AND 356245 ORDER BY c
	Unique  (cost=3833.73..3838.63 rows=980 width=121)
	  ->  Sort  (cost=3833.73..3836.18 rows=980 width=121)
	        Sort Key: c
	        ->  Bitmap Heap Scan on sbtest3  (cost=22.48..3785.04 rows=980 width=121)
	              Recheck Cond: ((id >= 355246) AND (id <= 356245))
	              ->  Bitmap Index Scan on sbtest3_pkey  (cost=0.00..22.23 rows=980 width=0)
	                    Index Cond: ((id >= 355246) AND (id <= 356245))

table 4 : explain SELECT DISTINCT c FROM sbtest4 WHERE id BETWEEN 9919851 AND 9920850 ORDER BY c
	Unique  (cost=3968.33..3973.40 rows=1015 width=121)
	  ->  Sort  (cost=3968.33..3970.86 rows=1015 width=121)
	        Sort Key: c
	        ->  Bitmap Heap Scan on sbtest4  (cost=22.84..3917.64 rows=1015 width=121)
	              Recheck Cond: ((id >= 9919851) AND (id <= 9920850))
	              ->  Bitmap Index Scan on sbtest4_pkey  (cost=0.00..22.58 rows=1015 width=0)
	                    Index Cond: ((id >= 9919851) AND (id <= 9920850))

table 5 : explain SELECT DISTINCT c FROM sbtest5 WHERE id BETWEEN 5877913 AND 5878912 ORDER BY c
	Unique  (cost=4453.13..4458.84 rows=1142 width=121)
	  ->  Sort  (cost=4453.13..4455.98 rows=1142 width=121)
	        Sort Key: c
	        ->  Bitmap Heap Scan on sbtest5  (cost=28.14..4395.13 rows=1142 width=121)
	              Recheck Cond: ((id >= 5877913) AND (id <= 5878912))
	              ->  Bitmap Index Scan on sbtest5_pkey  (cost=0.00..27.86 rows=1142 width=0)
	                    Index Cond: ((id >= 5877913) AND (id <= 5878912))

table 6 : explain SELECT DISTINCT c FROM sbtest6 WHERE id BETWEEN 335086 AND 336085 ORDER BY c
	Unique  (cost=3632.31..3636.95 rows=927 width=121)
	  ->  Sort  (cost=3632.31..3634.63 rows=927 width=121)
	        Sort Key: c
	        ->  Bitmap Heap Scan on sbtest6  (cost=21.94..3586.63 rows=927 width=121)
	              Recheck Cond: ((id >= 335086) AND (id <= 336085))
	              ->  Bitmap Index Scan on sbtest6_pkey  (cost=0.00..21.70 rows=927 width=0)
	                    Index Cond: ((id >= 335086) AND (id <= 336085))

table 7 : explain SELECT DISTINCT c FROM sbtest7 WHERE id BETWEEN 2460479 AND 2461478 ORDER BY c
	Unique  (cost=3701.25..3705.98 rows=945 width=121)
	  ->  Sort  (cost=3701.25..3703.62 rows=945 width=121)
	        Sort Key: c
	        ->  Bitmap Heap Scan on sbtest7  (cost=22.12..3654.55 rows=945 width=121)
	              Recheck Cond: ((id >= 2460479) AND (id <= 2461478))
	              ->  Bitmap Index Scan on sbtest7_pkey  (cost=0.00..21.89 rows=945 width=0)
	                    Index Cond: ((id >= 2460479) AND (id <= 2461478))

table 8 : explain SELECT DISTINCT c FROM sbtest8 WHERE id BETWEEN 525088 AND 526087 ORDER BY c
	Unique  (cost=4037.96..4043.13 rows=1033 width=121)
	  ->  Sort  (cost=4037.96..4040.55 rows=1033 width=121)
	        Sort Key: c
	        ->  Bitmap Heap Scan on sbtest8  (cost=23.02..3986.25 rows=1033 width=121)
	              Recheck Cond: ((id >= 525088) AND (id <= 526087))
	              ->  Bitmap Index Scan on sbtest8_pkey  (cost=0.00..22.76 rows=1033 width=0)
	                    Index Cond: ((id >= 525088) AND (id <= 526087))

for: distinct_ranges
table 1 : explain SELECT DISTINCT c FROM sbtest1 WHERE id BETWEEN 4464519 AND 4465518 ORDER BY c
	Unique  (cost=3557.04..3561.58 rows=908 width=121)
	  ->  Sort  (cost=3557.04..3559.31 rows=908 width=121)
	        Sort Key: c
	        ->  Bitmap Heap Scan on sbtest1  (cost=21.74..3512.42 rows=908 width=121)
	              Recheck Cond: ((id >= 4464519) AND (id <= 4465518))
	              ->  Bitmap Index Scan on sbtest1_pkey  (cost=0.00..21.51 rows=908 width=0)
	                    Index Cond: ((id >= 4464519) AND (id <= 4465518))

table 2 : explain SELECT DISTINCT c FROM sbtest2 WHERE id BETWEEN 9404238 AND 9405237 ORDER BY c
	Unique  (cost=3753.26..3758.05 rows=959 width=121)
	  ->  Sort  (cost=3753.26..3755.65 rows=959 width=121)
	        Sort Key: c
	        ->  Bitmap Heap Scan on sbtest2  (cost=22.26..3705.76 rows=959 width=121)
	              Recheck Cond: ((id >= 9404238) AND (id <= 9405237))
	              ->  Bitmap Index Scan on sbtest2_pkey  (cost=0.00..22.02 rows=959 width=0)
	                    Index Cond: ((id >= 9404238) AND (id <= 9405237))

table 3 : explain SELECT DISTINCT c FROM sbtest3 WHERE id BETWEEN 6771486 AND 6772485 ORDER BY c
	Unique  (cost=3780.17..3785.00 rows=966 width=121)
	  ->  Sort  (cost=3780.17..3782.59 rows=966 width=121)
	        Sort Key: c
	        ->  Bitmap Heap Scan on sbtest3  (cost=22.34..3732.28 rows=966 width=121)
	              Recheck Cond: ((id >= 6771486) AND (id <= 6772485))
	              ->  Bitmap Index Scan on sbtest3_pkey  (cost=0.00..22.09 rows=966 width=0)
	                    Index Cond: ((id >= 6771486) AND (id <= 6772485))

table 4 : explain SELECT DISTINCT c FROM sbtest4 WHERE id BETWEEN 4509158 AND 4510157 ORDER BY c
	Unique  (cost=4021.81..4026.96 rows=1029 width=121)
	  ->  Sort  (cost=4021.81..4024.39 rows=1029 width=121)
	        Sort Key: c
	        ->  Bitmap Heap Scan on sbtest4  (cost=22.98..3970.33 rows=1029 width=121)
	              Recheck Cond: ((id >= 4509158) AND (id <= 4510157))
	              ->  Bitmap Index Scan on sbtest4_pkey  (cost=0.00..22.72 rows=1029 width=0)
	                    Index Cond: ((id >= 4509158) AND (id <= 4510157))

table 5 : explain SELECT DISTINCT c FROM sbtest5 WHERE id BETWEEN 7268462 AND 7269461 ORDER BY c
	Unique  (cost=3983.75..3988.85 rows=1019 width=121)
	  ->  Sort  (cost=3983.75..3986.30 rows=1019 width=121)
	        Sort Key: c
	        ->  Bitmap Heap Scan on sbtest5  (cost=22.88..3932.84 rows=1019 width=121)
	              Recheck Cond: ((id >= 7268462) AND (id <= 7269461))
	              ->  Bitmap Index Scan on sbtest5_pkey  (cost=0.00..22.62 rows=1019 width=0)
	                    Index Cond: ((id >= 7268462) AND (id <= 7269461))

table 6 : explain SELECT DISTINCT c FROM sbtest6 WHERE id BETWEEN 6530926 AND 6531925 ORDER BY c
	Unique  (cost=4190.70..4196.06 rows=1073 width=121)
	  ->  Sort  (cost=4190.70..4193.38 rows=1073 width=121)
	        Sort Key: c
	        ->  Bitmap Heap Scan on sbtest6  (cost=23.43..4136.69 rows=1073 width=121)
	              Recheck Cond: ((id >= 6530926) AND (id <= 6531925))
	              ->  Bitmap Index Scan on sbtest6_pkey  (cost=0.00..23.16 rows=1073 width=0)
	                    Index Cond: ((id >= 6530926) AND (id <= 6531925))

table 7 : explain SELECT DISTINCT c FROM sbtest7 WHERE id BETWEEN 2042641 AND 2043640 ORDER BY c
	Unique  (cost=4202.09..4207.47 rows=1076 width=121)
	  ->  Sort  (cost=4202.09..4204.78 rows=1076 width=121)
	        Sort Key: c
	        ->  Bitmap Heap Scan on sbtest7  (cost=23.46..4147.91 rows=1076 width=121)
	              Recheck Cond: ((id >= 2042641) AND (id <= 2043640))
	              ->  Bitmap Index Scan on sbtest7_pkey  (cost=0.00..23.19 rows=1076 width=0)
	                    Index Cond: ((id >= 2042641) AND (id <= 2043640))

table 8 : explain SELECT DISTINCT c FROM sbtest8 WHERE id BETWEEN 2438023 AND 2439022 ORDER BY c
	Unique  (cost=3716.61..3721.36 rows=949 width=121)
	  ->  Sort  (cost=3716.61..3718.99 rows=949 width=121)
	        Sort Key: c
	        ->  Bitmap Heap Scan on sbtest8  (cost=22.16..3669.68 rows=949 width=121)
	              Recheck Cond: ((id >= 2438023) AND (id <= 2439022))
	              ->  Bitmap Index Scan on sbtest8_pkey  (cost=0.00..21.93 rows=949 width=0)
	                    Index Cond: ((id >= 2438023) AND (id <= 2439022))

for: distinct_ranges
table 1 : explain SELECT DISTINCT c FROM sbtest1 WHERE id BETWEEN 9823699 AND 9824698 ORDER BY c
	Unique  (cost=3721.69..3726.45 rows=951 width=121)
	  ->  Sort  (cost=3721.69..3724.07 rows=951 width=121)
	        Sort Key: c
	        ->  Bitmap Heap Scan on sbtest1  (cost=22.18..3674.65 rows=951 width=121)
	              Recheck Cond: ((id >= 9823699) AND (id <= 9824698))
	              ->  Bitmap Index Scan on sbtest1_pkey  (cost=0.00..21.94 rows=951 width=0)
	                    Index Cond: ((id >= 9823699) AND (id <= 9824698))

table 2 : explain SELECT DISTINCT c FROM sbtest2 WHERE id BETWEEN 7291885 AND 7292884 ORDER BY c
	Unique  (cost=3669.03..3673.72 rows=937 width=121)
	  ->  Sort  (cost=3669.03..3671.38 rows=937 width=121)
	        Sort Key: c
	        ->  Bitmap Heap Scan on sbtest2  (cost=22.04..3622.78 rows=937 width=121)
	              Recheck Cond: ((id >= 7291885) AND (id <= 7292884))
	              ->  Bitmap Index Scan on sbtest2_pkey  (cost=0.00..21.80 rows=937 width=0)
	                    Index Cond: ((id >= 7291885) AND (id <= 7292884))

table 3 : explain SELECT DISTINCT c FROM sbtest3 WHERE id BETWEEN 8475356 AND 8476355 ORDER BY c
	Unique  (cost=4028.62..4033.77 rows=1031 width=121)
	  ->  Sort  (cost=4028.62..4031.20 rows=1031 width=121)
	        Sort Key: c
	        ->  Bitmap Heap Scan on sbtest3  (cost=23.00..3977.02 rows=1031 width=121)
	              Recheck Cond: ((id >= 8475356) AND (id <= 8476355))
	              ->  Bitmap Index Scan on sbtest3_pkey  (cost=0.00..22.75 rows=1031 width=0)
	                    Index Cond: ((id >= 8475356) AND (id <= 8476355))

table 4 : explain SELECT DISTINCT c FROM sbtest4 WHERE id BETWEEN 6343615 AND 6344614 ORDER BY c
	Unique  (cost=4292.90..4298.40 rows=1099 width=121)
	  ->  Sort  (cost=4292.90..4295.65 rows=1099 width=121)
	        Sort Key: c
	        ->  Bitmap Heap Scan on sbtest4  (cost=27.70..4237.39 rows=1099 width=121)
	              Recheck Cond: ((id >= 6343615) AND (id <= 6344614))
	              ->  Bitmap Index Scan on sbtest4_pkey  (cost=0.00..27.43 rows=1099 width=0)
	                    Index Cond: ((id >= 6343615) AND (id <= 6344614))

table 5 : explain SELECT DISTINCT c FROM sbtest5 WHERE id BETWEEN 4601588 AND 4602587 ORDER BY c
	Unique  (cost=4075.42..4080.64 rows=1043 width=121)
	  ->  Sort  (cost=4075.42..4078.03 rows=1043 width=121)
	        Sort Key: c
	        ->  Bitmap Heap Scan on sbtest5  (cost=23.13..4023.14 rows=1043 width=121)
	              Recheck Cond: ((id >= 4601588) AND (id <= 4602587))
	              ->  Bitmap Index Scan on sbtest5_pkey  (cost=0.00..22.86 rows=1043 width=0)
	                    Index Cond: ((id >= 4601588) AND (id <= 4602587))

table 6 : explain SELECT DISTINCT c FROM sbtest6 WHERE id BETWEEN 9645818 AND 9646817 ORDER BY c
	Unique  (cost=3816.18..3821.05 rows=975 width=121)
	  ->  Sort  (cost=3816.18..3818.62 rows=975 width=121)
	        Sort Key: c
	        ->  Bitmap Heap Scan on sbtest6  (cost=22.43..3767.77 rows=975 width=121)
	              Recheck Cond: ((id >= 9645818) AND (id <= 9646817))
	              ->  Bitmap Index Scan on sbtest6_pkey  (cost=0.00..22.18 rows=975 width=0)
	                    Index Cond: ((id >= 9645818) AND (id <= 9646817))

table 7 : explain SELECT DISTINCT c FROM sbtest7 WHERE id BETWEEN 9131078 AND 9132077 ORDER BY c
	Unique  (cost=3923.26..3928.27 rows=1003 width=121)
	  ->  Sort  (cost=3923.26..3925.76 rows=1003 width=121)
	        Sort Key: c
	        ->  Bitmap Heap Scan on sbtest7  (cost=22.72..3873.26 rows=1003 width=121)
	              Recheck Cond: ((id >= 9131078) AND (id <= 9132077))
	              ->  Bitmap Index Scan on sbtest7_pkey  (cost=0.00..22.46 rows=1003 width=0)
	                    Index Cond: ((id >= 9131078) AND (id <= 9132077))

table 8 : explain SELECT DISTINCT c FROM sbtest8 WHERE id BETWEEN 2574451 AND 2575450 ORDER BY c
	Unique  (cost=4121.99..4127.26 rows=1055 width=121)
	  ->  Sort  (cost=4121.99..4124.62 rows=1055 width=121)
	        Sort Key: c
	        ->  Bitmap Heap Scan on sbtest8  (cost=23.25..4069.01 rows=1055 width=121)
	              Recheck Cond: ((id >= 2574451) AND (id <= 2575450))
	              ->  Bitmap Index Scan on sbtest8_pkey  (cost=0.00..22.98 rows=1055 width=0)
	                    Index Cond: ((id >= 2574451) AND (id <= 2575450))

for: order_ranges
table 1 : explain SELECT c FROM sbtest1 WHERE id BETWEEN 6747540 AND 6748539 ORDER BY c
	Sort  (cost=3905.22..3907.72 rows=999 width=121)
	  Sort Key: c
	  ->  Bitmap Heap Scan on sbtest1  (cost=22.67..3855.45 rows=999 width=121)
	        Recheck Cond: ((id >= 6747540) AND (id <= 6748539))
	        ->  Bitmap Index Scan on sbtest1_pkey  (cost=0.00..22.43 rows=999 width=0)
	              Index Cond: ((id >= 6747540) AND (id <= 6748539))

table 2 : explain SELECT c FROM sbtest2 WHERE id BETWEEN 3515431 AND 3516430 ORDER BY c
	Sort  (cost=3894.77..3897.26 rows=996 width=121)
	  Sort Key: c
	  ->  Bitmap Heap Scan on sbtest2  (cost=22.64..3845.17 rows=996 width=121)
	        Recheck Cond: ((id >= 3515431) AND (id <= 3516430))
	        ->  Bitmap Index Scan on sbtest2_pkey  (cost=0.00..22.39 rows=996 width=0)
	              Index Cond: ((id >= 3515431) AND (id <= 3516430))

table 3 : explain SELECT c FROM sbtest3 WHERE id BETWEEN 1850198 AND 1851197 ORDER BY c
	Sort  (cost=3799.30..3801.73 rows=971 width=121)
	  Sort Key: c
	  ->  Bitmap Heap Scan on sbtest3  (cost=22.39..3751.12 rows=971 width=121)
	        Recheck Cond: ((id >= 1850198) AND (id <= 1851197))
	        ->  Bitmap Index Scan on sbtest3_pkey  (cost=0.00..22.14 rows=971 width=0)
	              Index Cond: ((id >= 1850198) AND (id <= 1851197))

table 4 : explain SELECT c FROM sbtest4 WHERE id BETWEEN 2350731 AND 2351730 ORDER BY c
	Sort  (cost=3907.17..3909.67 rows=999 width=121)
	  Sort Key: c
	  ->  Bitmap Heap Scan on sbtest4  (cost=22.67..3857.40 rows=999 width=121)
	        Recheck Cond: ((id >= 2350731) AND (id <= 2351730))
	        ->  Bitmap Index Scan on sbtest4_pkey  (cost=0.00..22.43 rows=999 width=0)
	              Index Cond: ((id >= 2350731) AND (id <= 2351730))

table 5 : explain SELECT c FROM sbtest5 WHERE id BETWEEN 8778160 AND 8779159 ORDER BY c
	Sort  (cost=4056.33..4058.93 rows=1038 width=121)
	  Sort Key: c
	  ->  Bitmap Heap Scan on sbtest5  (cost=23.07..4004.33 rows=1038 width=121)
	        Recheck Cond: ((id >= 8778160) AND (id <= 8779159))
	        ->  Bitmap Index Scan on sbtest5_pkey  (cost=0.00..22.82 rows=1038 width=0)
	              Index Cond: ((id >= 8778160) AND (id <= 8779159))

table 6 : explain SELECT c FROM sbtest6 WHERE id BETWEEN 6800717 AND 6801716 ORDER BY c
	Sort  (cost=4339.70..4342.48 rows=1112 width=121)
	  Sort Key: c
	  ->  Bitmap Heap Scan on sbtest6  (cost=27.83..4283.43 rows=1112 width=121)
	        Recheck Cond: ((id >= 6800717) AND (id <= 6801716))
	        ->  Bitmap Index Scan on sbtest6_pkey  (cost=0.00..27.55 rows=1112 width=0)
	              Index Cond: ((id >= 6800717) AND (id <= 6801716))

table 7 : explain SELECT c FROM sbtest7 WHERE id BETWEEN 1203073 AND 1204072 ORDER BY c
	Sort  (cost=3666.77..3669.11 rows=936 width=121)
	  Sort Key: c
	  ->  Bitmap Heap Scan on sbtest7  (cost=22.03..3620.57 rows=936 width=121)
	        Recheck Cond: ((id >= 1203073) AND (id <= 1204072))
	        ->  Bitmap Index Scan on sbtest7_pkey  (cost=0.00..21.79 rows=936 width=0)
	              Index Cond: ((id >= 1203073) AND (id <= 1204072))

table 8 : explain SELECT c FROM sbtest8 WHERE id BETWEEN 4297273 AND 4298272 ORDER BY c
	Sort  (cost=4217.58..4220.28 rows=1079 width=121)
	  Sort Key: c
	  ->  Bitmap Heap Scan on sbtest8  (cost=27.49..4163.22 rows=1079 width=121)
	        Recheck Cond: ((id >= 4297273) AND (id <= 4298272))
	        ->  Bitmap Index Scan on sbtest8_pkey  (cost=0.00..27.22 rows=1079 width=0)
	              Index Cond: ((id >= 4297273) AND (id <= 4298272))

for: simple_ranges
table 1 : explain SELECT c FROM sbtest1 WHERE id BETWEEN 7042977 AND 7043976
	Bitmap Heap Scan on sbtest1  (cost=23.25..4065.99 rows=1055 width=121)
	  Recheck Cond: ((id >= 7042977) AND (id <= 7043976))
	  ->  Bitmap Index Scan on sbtest1_pkey  (cost=0.00..22.98 rows=1055 width=0)
	        Index Cond: ((id >= 7042977) AND (id <= 7043976))

table 2 : explain SELECT c FROM sbtest2 WHERE id BETWEEN 1600289 AND 1601288
	Bitmap Heap Scan on sbtest2  (cost=22.47..3781.14 rows=979 width=121)
	  Recheck Cond: ((id >= 1600289) AND (id <= 1601288))
	  ->  Bitmap Index Scan on sbtest2_pkey  (cost=0.00..22.22 rows=979 width=0)
	        Index Cond: ((id >= 1600289) AND (id <= 1601288))

table 3 : explain SELECT c FROM sbtest3 WHERE id BETWEEN 8191053 AND 8192052
	Bitmap Heap Scan on sbtest3  (cost=21.74..3513.42 rows=908 width=121)
	  Recheck Cond: ((id >= 8191053) AND (id <= 8192052))
	  ->  Bitmap Index Scan on sbtest3_pkey  (cost=0.00..21.51 rows=908 width=0)
	        Index Cond: ((id >= 8191053) AND (id <= 8192052))

table 4 : explain SELECT c FROM sbtest4 WHERE id BETWEEN 1342334 AND 1343333
	Bitmap Heap Scan on sbtest4  (cost=23.06..4000.42 rows=1037 width=121)
	  Recheck Cond: ((id >= 1342334) AND (id <= 1343333))
	  ->  Bitmap Index Scan on sbtest4_pkey  (cost=0.00..22.80 rows=1037 width=0)
	        Index Cond: ((id >= 1342334) AND (id <= 1343333))

table 5 : explain SELECT c FROM sbtest5 WHERE id BETWEEN 4074595 AND 4075594
	Bitmap Heap Scan on sbtest5  (cost=22.60..3831.16 rows=992 width=121)
	  Recheck Cond: ((id >= 4074595) AND (id <= 4075594))
	  ->  Bitmap Index Scan on sbtest5_pkey  (cost=0.00..22.36 rows=992 width=0)
	        Index Cond: ((id >= 4074595) AND (id <= 4075594))

table 6 : explain SELECT c FROM sbtest6 WHERE id BETWEEN 9974744 AND 9975743
	Bitmap Heap Scan on sbtest6  (cost=22.89..3937.33 rows=1020 width=121)
	  Recheck Cond: ((id >= 9974744) AND (id <= 9975743))
	  ->  Bitmap Index Scan on sbtest6_pkey  (cost=0.00..22.64 rows=1020 width=0)
	        Index Cond: ((id >= 9974744) AND (id <= 9975743))

table 7 : explain SELECT c FROM sbtest7 WHERE id BETWEEN 8256773 AND 8257772
	Bitmap Heap Scan on sbtest7  (cost=23.07..4005.02 rows=1038 width=121)
	  Recheck Cond: ((id >= 8256773) AND (id <= 8257772))
	  ->  Bitmap Index Scan on sbtest7_pkey  (cost=0.00..22.82 rows=1038 width=0)
	        Index Cond: ((id >= 8256773) AND (id <= 8257772))

table 8 : explain SELECT c FROM sbtest8 WHERE id BETWEEN 6737909 AND 6738908
	Bitmap Heap Scan on sbtest8  (cost=22.55..3813.01 rows=987 width=121)
	  Recheck Cond: ((id >= 6737909) AND (id <= 6738908))
	  ->  Bitmap Index Scan on sbtest8_pkey  (cost=0.00..22.30 rows=987 width=0)
	        Index Cond: ((id >= 6737909) AND (id <= 6738908))

for: sum_ranges
table 1 : explain SELECT SUM(k) FROM sbtest1 WHERE id BETWEEN 7288565 AND 7289564
	Aggregate  (cost=3812.74..3812.75 rows=1 width=8)
	  ->  Bitmap Heap Scan on sbtest1  (cost=22.55..3810.28 rows=987 width=4)
	        Recheck Cond: ((id >= 7288565) AND (id <= 7289564))
	        ->  Bitmap Index Scan on sbtest1_pkey  (cost=0.00..22.30 rows=987 width=0)
	              Index Cond: ((id >= 7288565) AND (id <= 7289564))

table 2 : explain SELECT SUM(k) FROM sbtest2 WHERE id BETWEEN 463307 AND 464306
	Aggregate  (cost=3757.19..3757.20 rows=1 width=8)
	  ->  Bitmap Heap Scan on sbtest2  (cost=22.40..3754.76 rows=972 width=4)
	        Recheck Cond: ((id >= 463307) AND (id <= 464306))
	        ->  Bitmap Index Scan on sbtest2_pkey  (cost=0.00..22.15 rows=972 width=0)
	              Index Cond: ((id >= 463307) AND (id <= 464306))

table 3 : explain SELECT SUM(k) FROM sbtest3 WHERE id BETWEEN 643386 AND 644385
	Aggregate  (cost=3802.57..3802.58 rows=1 width=8)
	  ->  Bitmap Heap Scan on sbtest3  (cost=22.52..3800.11 rows=984 width=4)
	        Recheck Cond: ((id >= 643386) AND (id <= 644385))
	        ->  Bitmap Index Scan on sbtest3_pkey  (cost=0.00..22.27 rows=984 width=0)
	              Index Cond: ((id >= 643386) AND (id <= 644385))

table 4 : explain SELECT SUM(k) FROM sbtest4 WHERE id BETWEEN 5199090 AND 5200089
	Aggregate  (cost=3856.13..3856.14 rows=1 width=8)
	  ->  Bitmap Heap Scan on sbtest4  (cost=22.66..3853.63 rows=998 width=4)
	        Recheck Cond: ((id >= 5199090) AND (id <= 5200089))
	        ->  Bitmap Index Scan on sbtest4_pkey  (cost=0.00..22.41 rows=998 width=0)
	              Index Cond: ((id >= 5199090) AND (id <= 5200089))

table 5 : explain SELECT SUM(k) FROM sbtest5 WHERE id BETWEEN 5504555 AND 5505554
	Aggregate  (cost=3750.67..3750.68 rows=1 width=8)
	  ->  Bitmap Heap Scan on sbtest5  (cost=22.38..3748.25 rows=970 width=4)
	        Recheck Cond: ((id >= 5504555) AND (id <= 5505554))
	        ->  Bitmap Index Scan on sbtest5_pkey  (cost=0.00..22.14 rows=970 width=0)
	              Index Cond: ((id >= 5504555) AND (id <= 5505554))

table 6 : explain SELECT SUM(k) FROM sbtest6 WHERE id BETWEEN 7136234 AND 7137233
	Aggregate  (cost=3890.89..3890.90 rows=1 width=8)
	  ->  Bitmap Heap Scan on sbtest6  (cost=22.76..3888.37 rows=1007 width=4)
	        Recheck Cond: ((id >= 7136234) AND (id <= 7137233))
	        ->  Bitmap Index Scan on sbtest6_pkey  (cost=0.00..22.50 rows=1007 width=0)
	              Index Cond: ((id >= 7136234) AND (id <= 7137233))

table 7 : explain SELECT SUM(k) FROM sbtest7 WHERE id BETWEEN 1715323 AND 1716322
	Aggregate  (cost=3445.19..3445.20 rows=1 width=8)
	  ->  Bitmap Heap Scan on sbtest7  (cost=21.55..3442.96 rows=889 width=4)
	        Recheck Cond: ((id >= 1715323) AND (id <= 1716322))
	        ->  Bitmap Index Scan on sbtest7_pkey  (cost=0.00..21.32 rows=889 width=0)
	              Index Cond: ((id >= 1715323) AND (id <= 1716322))

table 8 : explain SELECT SUM(k) FROM sbtest8 WHERE id BETWEEN 3573205 AND 3574204
	Aggregate  (cost=3834.33..3834.34 rows=1 width=8)
	  ->  Bitmap Heap Scan on sbtest8  (cost=22.60..3831.85 rows=992 width=4)
	        Recheck Cond: ((id >= 3573205) AND (id <= 3574204))
	        ->  Bitmap Index Scan on sbtest8_pkey  (cost=0.00..22.36 rows=992 width=0)
	              Index Cond: ((id >= 3573205) AND (id <= 3574204))

for: sum_ranges
table 1 : explain SELECT SUM(k) FROM sbtest1 WHERE id BETWEEN 585974 AND 586973
	Aggregate  (cost=3861.71..3861.72 rows=1 width=8)
	  ->  Bitmap Heap Scan on sbtest1  (cost=22.68..3859.21 rows=1000 width=4)
	        Recheck Cond: ((id >= 585974) AND (id <= 586973))
	        ->  Bitmap Index Scan on sbtest1_pkey  (cost=0.00..22.43 rows=1000 width=0)
	              Index Cond: ((id >= 585974) AND (id <= 586973))

table 2 : explain SELECT SUM(k) FROM sbtest2 WHERE id BETWEEN 1010123 AND 1011122
	Aggregate  (cost=3791.12..3791.13 rows=1 width=8)
	  ->  Bitmap Heap Scan on sbtest2  (cost=22.49..3788.67 rows=981 width=4)
	        Recheck Cond: ((id >= 1010123) AND (id <= 1011122))
	        ->  Bitmap Index Scan on sbtest2_pkey  (cost=0.00..22.25 rows=981 width=0)
	              Index Cond: ((id >= 1010123) AND (id <= 1011122))

table 3 : explain SELECT SUM(k) FROM sbtest3 WHERE id BETWEEN 4469099 AND 4470098
	Aggregate  (cost=3908.07..3908.08 rows=1 width=8)
	  ->  Bitmap Heap Scan on sbtest3  (cost=22.81..3905.54 rows=1012 width=4)
	        Recheck Cond: ((id >= 4469099) AND (id <= 4470098))
	        ->  Bitmap Index Scan on sbtest3_pkey  (cost=0.00..22.55 rows=1012 width=0)
	              Index Cond: ((id >= 4469099) AND (id <= 4470098))

table 4 : explain SELECT SUM(k) FROM sbtest4 WHERE id BETWEEN 1733197 AND 1734196
	Aggregate  (cost=3429.39..3429.40 rows=1 width=8)
	  ->  Bitmap Heap Scan on sbtest4  (cost=21.51..3427.17 rows=885 width=4)
	        Recheck Cond: ((id >= 1733197) AND (id <= 1734196))
	        ->  Bitmap Index Scan on sbtest4_pkey  (cost=0.00..21.29 rows=885 width=0)
	              Index Cond: ((id >= 1733197) AND (id <= 1734196))

table 5 : explain SELECT SUM(k) FROM sbtest5 WHERE id BETWEEN 5270831 AND 5271830
	Aggregate  (cost=3935.38..3935.39 rows=1 width=8)
	  ->  Bitmap Heap Scan on sbtest5  (cost=22.88..3932.84 rows=1019 width=4)
	        Recheck Cond: ((id >= 5270831) AND (id <= 5271830))
	        ->  Bitmap Index Scan on sbtest5_pkey  (cost=0.00..22.62 rows=1019 width=0)
	              Index Cond: ((id >= 5270831) AND (id <= 5271830))

table 6 : explain SELECT SUM(k) FROM sbtest6 WHERE id BETWEEN 664729 AND 665728
	Aggregate  (cost=3709.82..3709.83 rows=1 width=8)
	  ->  Bitmap Heap Scan on sbtest6  (cost=22.26..3707.43 rows=959 width=4)
	        Recheck Cond: ((id >= 664729) AND (id <= 665728))
	        ->  Bitmap Index Scan on sbtest6_pkey  (cost=0.00..22.02 rows=959 width=0)
	              Index Cond: ((id >= 664729) AND (id <= 665728))

table 7 : explain SELECT SUM(k) FROM sbtest7 WHERE id BETWEEN 2457996 AND 2458995
	Aggregate  (cost=3656.91..3656.92 rows=1 width=8)
	  ->  Bitmap Heap Scan on sbtest7  (cost=22.12..3654.55 rows=945 width=4)
	        Recheck Cond: ((id >= 2457996) AND (id <= 2458995))
	        ->  Bitmap Index Scan on sbtest7_pkey  (cost=0.00..21.89 rows=945 width=0)
	              Index Cond: ((id >= 2457996) AND (id <= 2458995))

table 8 : explain SELECT SUM(k) FROM sbtest8 WHERE id BETWEEN 7186980 AND 7187979
	Aggregate  (cost=3721.14..3721.15 rows=1 width=8)
	  ->  Bitmap Heap Scan on sbtest8  (cost=22.30..3718.74 rows=962 width=4)
	        Recheck Cond: ((id >= 7186980) AND (id <= 7187979))
	        ->  Bitmap Index Scan on sbtest8_pkey  (cost=0.00..22.05 rows=962 width=0)
	              Index Cond: ((id >= 7186980) AND (id <= 7187979))

for: distinct_ranges
table 1 : explain SELECT DISTINCT c FROM sbtest1 WHERE id BETWEEN 9807321 AND 9808320 ORDER BY c
	Unique  (cost=3721.69..3726.45 rows=951 width=121)
	  ->  Sort  (cost=3721.69..3724.07 rows=951 width=121)
	        Sort Key: c
	        ->  Bitmap Heap Scan on sbtest1  (cost=22.18..3674.65 rows=951 width=121)
	              Recheck Cond: ((id >= 9807321) AND (id <= 9808320))
	              ->  Bitmap Index Scan on sbtest1_pkey  (cost=0.00..21.94 rows=951 width=0)
	                    Index Cond: ((id >= 9807321) AND (id <= 9808320))

table 2 : explain SELECT DISTINCT c FROM sbtest2 WHERE id BETWEEN 7903472 AND 7904471 ORDER BY c
	Unique  (cost=4028.47..4033.63 rows=1031 width=121)
	  ->  Sort  (cost=4028.47..4031.05 rows=1031 width=121)
	        Sort Key: c
	        ->  Bitmap Heap Scan on sbtest2  (cost=23.00..3976.87 rows=1031 width=121)
	              Recheck Cond: ((id >= 7903472) AND (id <= 7904471))
	              ->  Bitmap Index Scan on sbtest2_pkey  (cost=0.00..22.75 rows=1031 width=0)
	                    Index Cond: ((id >= 7903472) AND (id <= 7904471))

table 3 : explain SELECT DISTINCT c FROM sbtest3 WHERE id BETWEEN 6744724 AND 6745723 ORDER BY c
	Unique  (cost=3780.17..3785.00 rows=966 width=121)
	  ->  Sort  (cost=3780.17..3782.59 rows=966 width=121)
	        Sort Key: c
	        ->  Bitmap Heap Scan on sbtest3  (cost=22.34..3732.28 rows=966 width=121)
	              Recheck Cond: ((id >= 6744724) AND (id <= 6745723))
	              ->  Bitmap Index Scan on sbtest3_pkey  (cost=0.00..22.09 rows=966 width=0)
	                    Index Cond: ((id >= 6744724) AND (id <= 6745723))

table 4 : explain SELECT DISTINCT c FROM sbtest4 WHERE id BETWEEN 3951715 AND 3952714 ORDER BY c
	Unique  (cost=4483.41..4489.16 rows=1150 width=121)
	  ->  Sort  (cost=4483.41..4486.29 rows=1150 width=121)
	        Sort Key: c
	        ->  Bitmap Heap Scan on sbtest4  (cost=28.22..4424.95 rows=1150 width=121)
	              Recheck Cond: ((id >= 3951715) AND (id <= 3952714))
	              ->  Bitmap Index Scan on sbtest4_pkey  (cost=0.00..27.93 rows=1150 width=0)
	                    Index Cond: ((id >= 3951715) AND (id <= 3952714))

table 5 : explain SELECT DISTINCT c FROM sbtest5 WHERE id BETWEEN 9196277 AND 9197276 ORDER BY c
	Unique  (cost=3631.69..3636.32 rows=927 width=121)
	  ->  Sort  (cost=3631.69..3634.00 rows=927 width=121)
	        Sort Key: c
	        ->  Bitmap Heap Scan on sbtest5  (cost=21.94..3586.00 rows=927 width=121)
	              Recheck Cond: ((id >= 9196277) AND (id <= 9197276))
	              ->  Bitmap Index Scan on sbtest5_pkey  (cost=0.00..21.70 rows=927 width=0)
	                    Index Cond: ((id >= 9196277) AND (id <= 9197276))

table 6 : explain SELECT DISTINCT c FROM sbtest6 WHERE id BETWEEN 4493811 AND 4494810 ORDER BY c
	Unique  (cost=3869.75..3874.70 rows=989 width=121)
	  ->  Sort  (cost=3869.75..3872.23 rows=989 width=121)
	        Sort Key: c
	        ->  Bitmap Heap Scan on sbtest6  (cost=22.57..3820.55 rows=989 width=121)
	              Recheck Cond: ((id >= 4493811) AND (id <= 4494810))
	              ->  Bitmap Index Scan on sbtest6_pkey  (cost=0.00..22.32 rows=989 width=0)
	                    Index Cond: ((id >= 4493811) AND (id <= 4494810))

table 7 : explain SELECT DISTINCT c FROM sbtest7 WHERE id BETWEEN 4625334 AND 4626333 ORDER BY c
	Unique  (cost=3923.26..3928.27 rows=1003 width=121)
	  ->  Sort  (cost=3923.26..3925.76 rows=1003 width=121)
	        Sort Key: c
	        ->  Bitmap Heap Scan on sbtest7  (cost=22.72..3873.26 rows=1003 width=121)
	              Recheck Cond: ((id >= 4625334) AND (id <= 4626333))
	              ->  Bitmap Index Scan on sbtest7_pkey  (cost=0.00..22.46 rows=1003 width=0)
	                    Index Cond: ((id >= 4625334) AND (id <= 4626333))

table 8 : explain SELECT DISTINCT c FROM sbtest8 WHERE id BETWEEN 9663604 AND 9664603 ORDER BY c
	Unique  (cost=3873.57..3878.52 rows=990 width=121)
	  ->  Sort  (cost=3873.57..3876.05 rows=990 width=121)
	        Sort Key: c
	        ->  Bitmap Heap Scan on sbtest8  (cost=22.58..3824.31 rows=990 width=121)
	              Recheck Cond: ((id >= 9663604) AND (id <= 9664603))
	              ->  Bitmap Index Scan on sbtest8_pkey  (cost=0.00..22.33 rows=990 width=0)
	                    Index Cond: ((id >= 9663604) AND (id <= 9664603))

for point_selects
table 1 : explain SELECT c FROM sbtest1 WHERE id=6073961
	Index Scan using sbtest1_pkey on sbtest1  (cost=0.43..8.45 rows=1 width=121)
	  Index Cond: (id = 6073961)

table 2 : explain SELECT c FROM sbtest2 WHERE id=3900271
	Index Scan using sbtest2_pkey on sbtest2  (cost=0.43..8.45 rows=1 width=121)
	  Index Cond: (id = 3900271)

table 3 : explain SELECT c FROM sbtest3 WHERE id=4626804
	Index Scan using sbtest3_pkey on sbtest3  (cost=0.43..8.45 rows=1 width=121)
	  Index Cond: (id = 4626804)

table 4 : explain SELECT c FROM sbtest4 WHERE id=7596662
	Index Scan using sbtest4_pkey on sbtest4  (cost=0.43..8.45 rows=1 width=121)
	  Index Cond: (id = 7596662)

table 5 : explain SELECT c FROM sbtest5 WHERE id=7413488
	Index Scan using sbtest5_pkey on sbtest5  (cost=0.43..8.45 rows=1 width=121)
	  Index Cond: (id = 7413488)

table 6 : explain SELECT c FROM sbtest6 WHERE id=984419
	Index Scan using sbtest6_pkey on sbtest6  (cost=0.43..8.45 rows=1 width=121)
	  Index Cond: (id = 984419)

table 7 : explain SELECT c FROM sbtest7 WHERE id=9227391
	Index Scan using sbtest7_pkey on sbtest7  (cost=0.43..8.45 rows=1 width=121)
	  Index Cond: (id = 9227391)

table 8 : explain SELECT c FROM sbtest8 WHERE id=7495721
	Index Scan using sbtest8_pkey on sbtest8  (cost=0.43..8.45 rows=1 width=121)
	  Index Cond: (id = 7495721)

explain: for point_selects :: explain SELECT c FROM sbtest%u WHERE id=%u
for: sum_ranges
table 1 : explain SELECT SUM(k) FROM sbtest1 WHERE id BETWEEN 738106 AND 739105
	Aggregate  (cost=3831.58..3831.59 rows=1 width=8)
	  ->  Bitmap Heap Scan on sbtest1  (cost=22.60..3829.10 rows=992 width=4)
	        Recheck Cond: ((id >= 738106) AND (id <= 739105))
	        ->  Bitmap Index Scan on sbtest1_pkey  (cost=0.00..22.36 rows=992 width=0)
	              Index Cond: ((id >= 738106) AND (id <= 739105))

table 2 : explain SELECT SUM(k) FROM sbtest2 WHERE id BETWEEN 4371469 AND 4372468
	Aggregate  (cost=3413.48..3413.49 rows=1 width=8)
	  ->  Bitmap Heap Scan on sbtest2  (cost=21.47..3411.27 rows=881 width=4)
	        Recheck Cond: ((id >= 4371469) AND (id <= 4372468))
	        ->  Bitmap Index Scan on sbtest2_pkey  (cost=0.00..21.25 rows=881 width=0)
	              Index Cond: ((id >= 4371469) AND (id <= 4372468))

table 3 : explain SELECT SUM(k) FROM sbtest3 WHERE id BETWEEN 7709078 AND 7710077
	Aggregate  (cost=3787.49..3787.50 rows=1 width=8)
	  ->  Bitmap Heap Scan on sbtest3  (cost=22.48..3785.04 rows=980 width=4)
	        Recheck Cond: ((id >= 7709078) AND (id <= 7710077))
	        ->  Bitmap Index Scan on sbtest3_pkey  (cost=0.00..22.23 rows=980 width=0)
	              Index Cond: ((id >= 7709078) AND (id <= 7710077))

table 4 : explain SELECT SUM(k) FROM sbtest4 WHERE id BETWEEN 6904645 AND 6905644
	Aggregate  (cost=3792.03..3792.04 rows=1 width=8)
	  ->  Bitmap Heap Scan on sbtest4  (cost=22.49..3789.58 rows=981 width=4)
	        Recheck Cond: ((id >= 6904645) AND (id <= 6905644))
	        ->  Bitmap Index Scan on sbtest4_pkey  (cost=0.00..22.25 rows=981 width=0)
	              Index Cond: ((id >= 6904645) AND (id <= 6905644))

table 5 : explain SELECT SUM(k) FROM sbtest5 WHERE id BETWEEN 2429523 AND 2430522
	Aggregate  (cost=3909.02..3909.03 rows=1 width=8)
	  ->  Bitmap Heap Scan on sbtest5  (cost=22.81..3906.49 rows=1012 width=4)
	        Recheck Cond: ((id >= 2429523) AND (id <= 2430522))
	        ->  Bitmap Index Scan on sbtest5_pkey  (cost=0.00..22.55 rows=1012 width=0)
	              Index Cond: ((id >= 2429523) AND (id <= 2430522))

table 6 : explain SELECT SUM(k) FROM sbtest6 WHERE id BETWEEN 5870067 AND 5871066
	Aggregate  (cost=4097.99..4098.00 rows=1 width=8)
	  ->  Bitmap Heap Scan on sbtest6  (cost=23.32..4095.34 rows=1062 width=4)
	        Recheck Cond: ((id >= 5870067) AND (id <= 5871066))
	        ->  Bitmap Index Scan on sbtest6_pkey  (cost=0.00..23.05 rows=1062 width=0)
	              Index Cond: ((id >= 5870067) AND (id <= 5871066))

table 7 : explain SELECT SUM(k) FROM sbtest7 WHERE id BETWEEN 2538794 AND 2539793
	Aggregate  (cost=4146.84..4146.85 rows=1 width=8)
	  ->  Bitmap Heap Scan on sbtest7  (cost=23.45..4144.15 rows=1075 width=4)
	        Recheck Cond: ((id >= 2538794) AND (id <= 2539793))
	        ->  Bitmap Index Scan on sbtest7_pkey  (cost=0.00..23.18 rows=1075 width=0)
	              Index Cond: ((id >= 2538794) AND (id <= 2539793))

table 8 : explain SELECT SUM(k) FROM sbtest8 WHERE id BETWEEN 9950879 AND 9951878
	Aggregate  (cost=4011.42..4011.43 rows=1 width=8)
	  ->  Bitmap Heap Scan on sbtest8  (cost=23.08..4008.83 rows=1039 width=4)
	        Recheck Cond: ((id >= 9950879) AND (id <= 9951878))
	        ->  Bitmap Index Scan on sbtest8_pkey  (cost=0.00..22.82 rows=1039 width=0)
	              Index Cond: ((id >= 9950879) AND (id <= 9951878))

for: distinct_ranges
table 1 : explain SELECT DISTINCT c FROM sbtest1 WHERE id BETWEEN 4966897 AND 4967896 ORDER BY c
	Unique  (cost=3729.35..3734.11 rows=953 width=121)
	  ->  Sort  (cost=3729.35..3731.73 rows=953 width=121)
	        Sort Key: c
	        ->  Bitmap Heap Scan on sbtest1  (cost=22.20..3682.19 rows=953 width=121)
	              Recheck Cond: ((id >= 4966897) AND (id <= 4967896))
	              ->  Bitmap Index Scan on sbtest1_pkey  (cost=0.00..21.96 rows=953 width=0)
	                    Index Cond: ((id >= 4966897) AND (id <= 4967896))

table 2 : explain SELECT DISTINCT c FROM sbtest2 WHERE id BETWEEN 2781369 AND 2782368 ORDER BY c
	Unique  (cost=3699.67..3704.39 rows=945 width=121)
	  ->  Sort  (cost=3699.67..3702.03 rows=945 width=121)
	        Sort Key: c
	        ->  Bitmap Heap Scan on sbtest2  (cost=22.12..3652.96 rows=945 width=121)
	              Recheck Cond: ((id >= 2781369) AND (id <= 2782368))
	              ->  Bitmap Index Scan on sbtest2_pkey  (cost=0.00..21.89 rows=945 width=0)
	                    Index Cond: ((id >= 2781369) AND (id <= 2782368))

table 3 : explain SELECT DISTINCT c FROM sbtest3 WHERE id BETWEEN 8337593 AND 8338592 ORDER BY c
	Unique  (cost=4062.98..4068.18 rows=1040 width=121)
	  ->  Sort  (cost=4062.98..4065.58 rows=1040 width=121)
	        Sort Key: c
	        ->  Bitmap Heap Scan on sbtest3  (cost=23.09..4010.86 rows=1040 width=121)
	              Recheck Cond: ((id >= 8337593) AND (id <= 8338592))
	              ->  Bitmap Index Scan on sbtest3_pkey  (cost=0.00..22.83 rows=1040 width=0)
	                    Index Cond: ((id >= 8337593) AND (id <= 8338592))

table 4 : explain SELECT DISTINCT c FROM sbtest4 WHERE id BETWEEN 2262468 AND 2263467 ORDER BY c
	Unique  (cost=3914.82..3919.82 rows=1001 width=121)
	  ->  Sort  (cost=3914.82..3917.32 rows=1001 width=121)
	        Sort Key: c
	        ->  Bitmap Heap Scan on sbtest4  (cost=22.70..3864.93 rows=1001 width=121)
	              Recheck Cond: ((id >= 2262468) AND (id <= 2263467))
	              ->  Bitmap Index Scan on sbtest4_pkey  (cost=0.00..22.44 rows=1001 width=0)
	                    Index Cond: ((id >= 2262468) AND (id <= 2263467))

table 5 : explain SELECT DISTINCT c FROM sbtest5 WHERE id BETWEEN 967852 AND 968851 ORDER BY c
	Unique  (cost=3976.11..3981.19 rows=1017 width=121)
	  ->  Sort  (cost=3976.11..3978.65 rows=1017 width=121)
	        Sort Key: c
	        ->  Bitmap Heap Scan on sbtest5  (cost=22.86..3925.31 rows=1017 width=121)
	              Recheck Cond: ((id >= 967852) AND (id <= 968851))
	              ->  Bitmap Index Scan on sbtest5_pkey  (cost=0.00..22.61 rows=1017 width=0)
	                    Index Cond: ((id >= 967852) AND (id <= 968851))

table 6 : explain SELECT DISTINCT c FROM sbtest6 WHERE id BETWEEN 6823610 AND 6824609 ORDER BY c
	Unique  (cost=4339.70..4345.26 rows=1112 width=121)
	  ->  Sort  (cost=4339.70..4342.48 rows=1112 width=121)
	        Sort Key: c
	        ->  Bitmap Heap Scan on sbtest6  (cost=27.83..4283.43 rows=1112 width=121)
	              Recheck Cond: ((id >= 6823610) AND (id <= 6824609))
	              ->  Bitmap Index Scan on sbtest6_pkey  (cost=0.00..27.55 rows=1112 width=0)
	                    Index Cond: ((id >= 6823610) AND (id <= 6824609))

table 7 : explain SELECT DISTINCT c FROM sbtest7 WHERE id BETWEEN 3738429 AND 3739428 ORDER BY c
	Unique  (cost=3835.27..3840.17 rows=980 width=121)
	  ->  Sort  (cost=3835.27..3837.72 rows=980 width=121)
	        Sort Key: c
	        ->  Bitmap Heap Scan on sbtest7  (cost=22.48..3786.58 rows=980 width=121)
	              Recheck Cond: ((id >= 3738429) AND (id <= 3739428))
	              ->  Bitmap Index Scan on sbtest7_pkey  (cost=0.00..22.23 rows=980 width=0)
	                    Index Cond: ((id >= 3738429) AND (id <= 3739428))

table 8 : explain SELECT DISTINCT c FROM sbtest8 WHERE id BETWEEN 1294533 AND 1295532 ORDER BY c
	Unique  (cost=4076.16..4081.38 rows=1043 width=121)
	  ->  Sort  (cost=4076.16..4078.77 rows=1043 width=121)
	        Sort Key: c
	        ->  Bitmap Heap Scan on sbtest8  (cost=23.13..4023.88 rows=1043 width=121)
	              Recheck Cond: ((id >= 1294533) AND (id <= 1295532))
	              ->  Bitmap Index Scan on sbtest8_pkey  (cost=0.00..22.86 rows=1043 width=0)
	                    Index Cond: ((id >= 1294533) AND (id <= 1295532))

for: distinct_ranges
table 1 : explain SELECT DISTINCT c FROM sbtest1 WHERE id BETWEEN 1352641 AND 1353640 ORDER BY c
	Unique  (cost=4279.31..4284.79 rows=1097 width=121)
	  ->  Sort  (cost=4279.31..4282.05 rows=1097 width=121)
	        Sort Key: c
	        ->  Bitmap Heap Scan on sbtest1  (cost=27.68..4223.91 rows=1097 width=121)
	              Recheck Cond: ((id >= 1352641) AND (id <= 1353640))
	              ->  Bitmap Index Scan on sbtest1_pkey  (cost=0.00..27.40 rows=1097 width=0)
	                    Index Cond: ((id >= 1352641) AND (id <= 1353640))

table 2 : explain SELECT DISTINCT c FROM sbtest2 WHERE id BETWEEN 6847018 AND 6848017 ORDER BY c
	Unique  (cost=4032.29..4037.45 rows=1032 width=121)
	  ->  Sort  (cost=4032.29..4034.87 rows=1032 width=121)
	        Sort Key: c
	        ->  Bitmap Heap Scan on sbtest2  (cost=23.01..3980.63 rows=1032 width=121)
	              Recheck Cond: ((id >= 6847018) AND (id <= 6848017))
	              ->  Bitmap Index Scan on sbtest2_pkey  (cost=0.00..22.75 rows=1032 width=0)
	                    Index Cond: ((id >= 6847018) AND (id <= 6848017))

table 3 : explain SELECT DISTINCT c FROM sbtest3 WHERE id BETWEEN 7274643 AND 7275642 ORDER BY c
	Unique  (cost=3894.90..3899.88 rows=996 width=121)
	  ->  Sort  (cost=3894.90..3897.39 rows=996 width=121)
	        Sort Key: c
	        ->  Bitmap Heap Scan on sbtest3  (cost=22.64..3845.30 rows=996 width=121)
	              Recheck Cond: ((id >= 7274643) AND (id <= 7275642))
	              ->  Bitmap Index Scan on sbtest3_pkey  (cost=0.00..22.39 rows=996 width=0)
	                    Index Cond: ((id >= 7274643) AND (id <= 7275642))

table 4 : explain SELECT DISTINCT c FROM sbtest4 WHERE id BETWEEN 52085 AND 53084 ORDER BY c
	Unique  (cost=3389.87..3394.19 rows=864 width=121)
	  ->  Sort  (cost=3389.87..3392.03 rows=864 width=121)
	        Sort Key: c
	        ->  Bitmap Heap Scan on sbtest4  (cost=21.29..3347.73 rows=864 width=121)
	              Recheck Cond: ((id >= 52085) AND (id <= 53084))
	              ->  Bitmap Index Scan on sbtest4_pkey  (cost=0.00..21.07 rows=864 width=0)
	                    Index Cond: ((id >= 52085) AND (id <= 53084))

table 5 : explain SELECT DISTINCT c FROM sbtest5 WHERE id BETWEEN 5003328 AND 5004327 ORDER BY c
	Unique  (cost=3914.95..3919.96 rows=1001 width=121)
	  ->  Sort  (cost=3914.95..3917.45 rows=1001 width=121)
	        Sort Key: c
	        ->  Bitmap Heap Scan on sbtest5  (cost=22.70..3865.07 rows=1001 width=121)
	              Recheck Cond: ((id >= 5003328) AND (id <= 5004327))
	              ->  Bitmap Index Scan on sbtest5_pkey  (cost=0.00..22.44 rows=1001 width=0)
	                    Index Cond: ((id >= 5003328) AND (id <= 5004327))

table 6 : explain SELECT DISTINCT c FROM sbtest6 WHERE id BETWEEN 605130 AND 606129 ORDER BY c
	Unique  (cost=3816.18..3821.05 rows=975 width=121)
	  ->  Sort  (cost=3816.18..3818.62 rows=975 width=121)
	        Sort Key: c
	        ->  Bitmap Heap Scan on sbtest6  (cost=22.43..3767.77 rows=975 width=121)
	              Recheck Cond: ((id >= 605130) AND (id <= 606129))
	              ->  Bitmap Index Scan on sbtest6_pkey  (cost=0.00..22.18 rows=975 width=0)
	                    Index Cond: ((id >= 605130) AND (id <= 606129))

table 7 : explain SELECT DISTINCT c FROM sbtest7 WHERE id BETWEEN 6255827 AND 6256826 ORDER BY c
	Unique  (cost=4041.74..4046.91 rows=1034 width=121)
	  ->  Sort  (cost=4041.74..4044.33 rows=1034 width=121)
	        Sort Key: c
	        ->  Bitmap Heap Scan on sbtest7  (cost=23.03..3989.97 rows=1034 width=121)
	              Recheck Cond: ((id >= 6255827) AND (id <= 6256826))
	              ->  Bitmap Index Scan on sbtest7_pkey  (cost=0.00..22.77 rows=1034 width=0)
	                    Index Cond: ((id >= 6255827) AND (id <= 6256826))

table 8 : explain SELECT DISTINCT c FROM sbtest8 WHERE id BETWEEN 7094659 AND 7095658 ORDER BY c
	Unique  (cost=4370.17..4375.77 rows=1120 width=121)
	  ->  Sort  (cost=4370.17..4372.97 rows=1120 width=121)
	        Sort Key: c
	        ->  Bitmap Heap Scan on sbtest8  (cost=27.92..4313.45 rows=1120 width=121)
	              Recheck Cond: ((id >= 7094659) AND (id <= 7095658))
	              ->  Bitmap Index Scan on sbtest8_pkey  (cost=0.00..27.64 rows=1120 width=0)
	                    Index Cond: ((id >= 7094659) AND (id <= 7095658))

for: distinct_ranges
table 1 : explain SELECT DISTINCT c FROM sbtest1 WHERE id BETWEEN 8610339 AND 8611338 ORDER BY c
	Unique  (cost=3652.80..3657.46 rows=933 width=121)
	  ->  Sort  (cost=3652.80..3655.13 rows=933 width=121)
	        Sort Key: c
	        ->  Bitmap Heap Scan on sbtest1  (cost=22.00..3606.77 rows=933 width=121)
	              Recheck Cond: ((id >= 8610339) AND (id <= 8611338))
	              ->  Bitmap Index Scan on sbtest1_pkey  (cost=0.00..21.76 rows=933 width=0)
	                    Index Cond: ((id >= 8610339) AND (id <= 8611338))

table 2 : explain SELECT DISTINCT c FROM sbtest2 WHERE id BETWEEN 1251392 AND 1252391 ORDER BY c
	Unique  (cost=4097.18..4102.42 rows=1049 width=121)
	  ->  Sort  (cost=4097.18..4099.80 rows=1049 width=121)
	        Sort Key: c
	        ->  Bitmap Heap Scan on sbtest2  (cost=23.19..4044.55 rows=1049 width=121)
	              Recheck Cond: ((id >= 1251392) AND (id <= 1252391))
	              ->  Bitmap Index Scan on sbtest2_pkey  (cost=0.00..22.93 rows=1049 width=0)
	                    Index Cond: ((id >= 1251392) AND (id <= 1252391))

table 3 : explain SELECT DISTINCT c FROM sbtest3 WHERE id BETWEEN 9019965 AND 9020964 ORDER BY c
	Unique  (cost=3623.19..3627.81 rows=925 width=121)
	  ->  Sort  (cost=3623.19..3625.50 rows=925 width=121)
	        Sort Key: c
	        ->  Bitmap Heap Scan on sbtest3  (cost=21.92..3577.62 rows=925 width=121)
	              Recheck Cond: ((id >= 9019965) AND (id <= 9020964))
	              ->  Bitmap Index Scan on sbtest3_pkey  (cost=0.00..21.68 rows=925 width=0)
	                    Index Cond: ((id >= 9019965) AND (id <= 9020964))

table 4 : explain SELECT DISTINCT c FROM sbtest4 WHERE id BETWEEN 3431145 AND 3432144 ORDER BY c
	Unique  (cost=3807.72..3812.58 rows=973 width=121)
	  ->  Sort  (cost=3807.72..3810.15 rows=973 width=121)
	        Sort Key: c
	        ->  Bitmap Heap Scan on sbtest4  (cost=22.41..3759.43 rows=973 width=121)
	              Recheck Cond: ((id >= 3431145) AND (id <= 3432144))
	              ->  Bitmap Index Scan on sbtest4_pkey  (cost=0.00..22.16 rows=973 width=0)
	                    Index Cond: ((id >= 3431145) AND (id <= 3432144))

table 5 : explain SELECT DISTINCT c FROM sbtest5 WHERE id BETWEEN 822571 AND 823570 ORDER BY c
	Unique  (cost=4044.87..4050.05 rows=1035 width=121)
	  ->  Sort  (cost=4044.87..4047.46 rows=1035 width=121)
	        Sort Key: c
	        ->  Bitmap Heap Scan on sbtest5  (cost=23.04..3993.04 rows=1035 width=121)
	              Recheck Cond: ((id >= 822571) AND (id <= 823570))
	              ->  Bitmap Index Scan on sbtest5_pkey  (cost=0.00..22.79 rows=1035 width=0)
	                    Index Cond: ((id >= 822571) AND (id <= 823570))

table 6 : explain SELECT DISTINCT c FROM sbtest6 WHERE id BETWEEN 4465459 AND 4466458 ORDER BY c
	Unique  (cost=3869.75..3874.70 rows=989 width=121)
	  ->  Sort  (cost=3869.75..3872.23 rows=989 width=121)
	        Sort Key: c
	        ->  Bitmap Heap Scan on sbtest6  (cost=22.57..3820.55 rows=989 width=121)
	              Recheck Cond: ((id >= 4465459) AND (id <= 4466458))
	              ->  Bitmap Index Scan on sbtest6_pkey  (cost=0.00..22.32 rows=989 width=0)
	                    Index Cond: ((id >= 4465459) AND (id <= 4466458))

table 7 : explain SELECT DISTINCT c FROM sbtest7 WHERE id BETWEEN 8780391 AND 8781390 ORDER BY c
	Unique  (cost=3961.49..3966.56 rows=1013 width=121)
	  ->  Sort  (cost=3961.49..3964.02 rows=1013 width=121)
	        Sort Key: c
	        ->  Bitmap Heap Scan on sbtest7  (cost=22.82..3910.92 rows=1013 width=121)
	              Recheck Cond: ((id >= 8780391) AND (id <= 8781390))
	              ->  Bitmap Index Scan on sbtest7_pkey  (cost=0.00..22.57 rows=1013 width=0)
	                    Index Cond: ((id >= 8780391) AND (id <= 8781390))

table 8 : explain SELECT DISTINCT c FROM sbtest8 WHERE id BETWEEN 8067626 AND 8068625 ORDER BY c
	Unique  (cost=4018.86..4024.00 rows=1028 width=121)
	  ->  Sort  (cost=4018.86..4021.43 rows=1028 width=121)
	        Sort Key: c
	        ->  Bitmap Heap Scan on sbtest8  (cost=22.97..3967.43 rows=1028 width=121)
	              Recheck Cond: ((id >= 8067626) AND (id <= 8068625))
	              ->  Bitmap Index Scan on sbtest8_pkey  (cost=0.00..22.71 rows=1028 width=0)
	                    Index Cond: ((id >= 8067626) AND (id <= 8068625))

for: sum_ranges
table 1 : explain SELECT SUM(k) FROM sbtest1 WHERE id BETWEEN 1162147 AND 1163146
	Aggregate  (cost=3510.92..3510.93 rows=1 width=8)
	  ->  Bitmap Heap Scan on sbtest1  (cost=21.73..3508.65 rows=907 width=4)
	        Recheck Cond: ((id >= 1162147) AND (id <= 1163146))
	        ->  Bitmap Index Scan on sbtest1_pkey  (cost=0.00..21.50 rows=907 width=0)
	              Index Cond: ((id >= 1162147) AND (id <= 1163146))

table 2 : explain SELECT SUM(k) FROM sbtest2 WHERE id BETWEEN 9308365 AND 9309364
	Aggregate  (cost=3708.16..3708.17 rows=1 width=8)
	  ->  Bitmap Heap Scan on sbtest2  (cost=22.26..3705.76 rows=959 width=4)
	        Recheck Cond: ((id >= 9308365) AND (id <= 9309364))
	        ->  Bitmap Index Scan on sbtest2_pkey  (cost=0.00..22.02 rows=959 width=0)
	              Index Cond: ((id >= 9308365) AND (id <= 9309364))

table 3 : explain SELECT SUM(k) FROM sbtest3 WHERE id BETWEEN 2822161 AND 2823160
	Aggregate  (cost=3908.07..3908.08 rows=1 width=8)
	  ->  Bitmap Heap Scan on sbtest3  (cost=22.81..3905.54 rows=1012 width=4)
	        Recheck Cond: ((id >= 2822161) AND (id <= 2823160))
	        ->  Bitmap Index Scan on sbtest3_pkey  (cost=0.00..22.55 rows=1012 width=0)
	              Index Cond: ((id >= 2822161) AND (id <= 2823160))

table 4 : explain SELECT SUM(k) FROM sbtest4 WHERE id BETWEEN 472617 AND 473616
	Aggregate  (cost=3527.73..3527.74 rows=1 width=8)
	  ->  Bitmap Heap Scan on sbtest4  (cost=21.77..3525.45 rows=911 width=4)
	        Recheck Cond: ((id >= 472617) AND (id <= 473616))
	        ->  Bitmap Index Scan on sbtest4_pkey  (cost=0.00..21.54 rows=911 width=0)
	              Index Cond: ((id >= 472617) AND (id <= 473616))

table 5 : explain SELECT SUM(k) FROM sbtest5 WHERE id BETWEEN 8026926 AND 8027925
	Aggregate  (cost=3826.10..3826.11 rows=1 width=8)
	  ->  Bitmap Heap Scan on sbtest5  (cost=22.58..3823.63 rows=990 width=4)
	        Recheck Cond: ((id >= 8026926) AND (id <= 8027925))
	        ->  Bitmap Index Scan on sbtest5_pkey  (cost=0.00..22.33 rows=990 width=0)
	              Index Cond: ((id >= 8026926) AND (id <= 8027925))

table 6 : explain SELECT SUM(k) FROM sbtest6 WHERE id BETWEEN 6131908 AND 6132907
	Aggregate  (cost=3736.25..3736.26 rows=1 width=8)
	  ->  Bitmap Heap Scan on sbtest6  (cost=22.34..3733.83 rows=966 width=4)
	        Recheck Cond: ((id >= 6131908) AND (id <= 6132907))
	        ->  Bitmap Index Scan on sbtest6_pkey  (cost=0.00..22.09 rows=966 width=0)
	              Index Cond: ((id >= 6131908) AND (id <= 6132907))

table 7 : explain SELECT SUM(k) FROM sbtest7 WHERE id BETWEEN 5566735 AND 5567734
	Aggregate  (cost=3668.24..3668.25 rows=1 width=8)
	  ->  Bitmap Heap Scan on sbtest7  (cost=22.15..3665.87 rows=948 width=4)
	        Recheck Cond: ((id >= 5566735) AND (id <= 5567734))
	        ->  Bitmap Index Scan on sbtest7_pkey  (cost=0.00..21.91 rows=948 width=0)
	              Index Cond: ((id >= 5566735) AND (id <= 5567734))

table 8 : explain SELECT SUM(k) FROM sbtest8 WHERE id BETWEEN 3719154 AND 3720153
	Aggregate  (cost=3932.33..3932.34 rows=1 width=8)
	  ->  Bitmap Heap Scan on sbtest8  (cost=22.87..3929.79 rows=1018 width=4)
	        Recheck Cond: ((id >= 3719154) AND (id <= 3720153))
	        ->  Bitmap Index Scan on sbtest8_pkey  (cost=0.00..22.61 rows=1018 width=0)
	              Index Cond: ((id >= 3719154) AND (id <= 3720153))

for: distinct_ranges
table 1 : explain SELECT DISTINCT c FROM sbtest1 WHERE id BETWEEN 2487002 AND 2488001 ORDER BY c
	Unique  (cost=4477.20..4482.95 rows=1149 width=121)
	  ->  Sort  (cost=4477.20..4480.07 rows=1149 width=121)
	        Sort Key: c
	        ->  Bitmap Heap Scan on sbtest1  (cost=28.21..4418.80 rows=1149 width=121)
	              Recheck Cond: ((id >= 2487002) AND (id <= 2488001))
	              ->  Bitmap Index Scan on sbtest1_pkey  (cost=0.00..27.93 rows=1149 width=0)
	                    Index Cond: ((id >= 2487002) AND (id <= 2488001))

table 2 : explain SELECT DISTINCT c FROM sbtest2 WHERE id BETWEEN 2895850 AND 2896849 ORDER BY c
	Unique  (cost=3672.86..3677.55 rows=938 width=121)
	  ->  Sort  (cost=3672.86..3675.21 rows=938 width=121)
	        Sort Key: c
	        ->  Bitmap Heap Scan on sbtest2  (cost=22.05..3626.56 rows=938 width=121)
	              Recheck Cond: ((id >= 2895850) AND (id <= 2896849))
	              ->  Bitmap Index Scan on sbtest2_pkey  (cost=0.00..21.82 rows=938 width=0)
	                    Index Cond: ((id >= 2895850) AND (id <= 2896849))

table 3 : explain SELECT DISTINCT c FROM sbtest3 WHERE id BETWEEN 3681486 AND 3682485 ORDER BY c
	Unique  (cost=3803.13..3807.99 rows=972 width=121)
	  ->  Sort  (cost=3803.13..3805.56 rows=972 width=121)
	        Sort Key: c
	        ->  Bitmap Heap Scan on sbtest3  (cost=22.40..3754.89 rows=972 width=121)
	              Recheck Cond: ((id >= 3681486) AND (id <= 3682485))
	              ->  Bitmap Index Scan on sbtest3_pkey  (cost=0.00..22.15 rows=972 width=0)
	                    Index Cond: ((id >= 3681486) AND (id <= 3682485))

table 4 : explain SELECT DISTINCT c FROM sbtest4 WHERE id BETWEEN 6448243 AND 6449242 ORDER BY c
	Unique  (cost=4262.22..4267.68 rows=1092 width=121)
	  ->  Sort  (cost=4262.22..4264.95 rows=1092 width=121)
	        Sort Key: c
	        ->  Bitmap Heap Scan on sbtest4  (cost=23.63..4207.11 rows=1092 width=121)
	              Recheck Cond: ((id >= 6448243) AND (id <= 6449242))
	              ->  Bitmap Index Scan on sbtest4_pkey  (cost=0.00..23.36 rows=1092 width=0)
	                    Index Cond: ((id >= 6448243) AND (id <= 6449242))

table 5 : explain SELECT DISTINCT c FROM sbtest5 WHERE id BETWEEN 5534648 AND 5535647 ORDER BY c
	Unique  (cost=3888.18..3893.15 rows=994 width=121)
	  ->  Sort  (cost=3888.18..3890.67 rows=994 width=121)
	        Sort Key: c
	        ->  Bitmap Heap Scan on sbtest5  (cost=22.62..3838.70 rows=994 width=121)
	              Recheck Cond: ((id >= 5534648) AND (id <= 5535647))
	              ->  Bitmap Index Scan on sbtest5_pkey  (cost=0.00..22.37 rows=994 width=0)
	                    Index Cond: ((id >= 5534648) AND (id <= 5535647))

table 6 : explain SELECT DISTINCT c FROM sbtest6 WHERE id BETWEEN 4374344 AND 4375343 ORDER BY c
	Unique  (cost=3731.94..3736.71 rows=953 width=121)
	  ->  Sort  (cost=3731.94..3734.33 rows=953 width=121)
	        Sort Key: c
	        ->  Bitmap Heap Scan on sbtest6  (cost=22.20..3684.79 rows=953 width=121)
	              Recheck Cond: ((id >= 4374344) AND (id <= 4375343))
	              ->  Bitmap Index Scan on sbtest6_pkey  (cost=0.00..21.96 rows=953 width=0)
	                    Index Cond: ((id >= 4374344) AND (id <= 4375343))

table 7 : explain SELECT DISTINCT c FROM sbtest7 WHERE id BETWEEN 756747 AND 757746 ORDER BY c
	Unique  (cost=3846.75..3851.67 rows=983 width=121)
	  ->  Sort  (cost=3846.75..3849.21 rows=983 width=121)
	        Sort Key: c
	        ->  Bitmap Heap Scan on sbtest7  (cost=22.51..3797.89 rows=983 width=121)
	              Recheck Cond: ((id >= 756747) AND (id <= 757746))
	              ->  Bitmap Index Scan on sbtest7_pkey  (cost=0.00..22.26 rows=983 width=0)
	                    Index Cond: ((id >= 756747) AND (id <= 757746))

table 8 : explain SELECT DISTINCT c FROM sbtest8 WHERE id BETWEEN 4067345 AND 4068344 ORDER BY c
	Unique  (cost=4060.89..4066.08 rows=1039 width=121)
	  ->  Sort  (cost=4060.89..4063.48 rows=1039 width=121)
	        Sort Key: c
	        ->  Bitmap Heap Scan on sbtest8  (cost=23.08..4008.83 rows=1039 width=121)
	              Recheck Cond: ((id >= 4067345) AND (id <= 4068344))
	              ->  Bitmap Index Scan on sbtest8_pkey  (cost=0.00..22.82 rows=1039 width=0)
	                    Index Cond: ((id >= 4067345) AND (id <= 4068344))

for point_selects
table 1 : explain SELECT c FROM sbtest1 WHERE id=3738244
	Index Scan using sbtest1_pkey on sbtest1  (cost=0.43..8.45 rows=1 width=121)
	  Index Cond: (id = 3738244)

table 2 : explain SELECT c FROM sbtest2 WHERE id=476727
	Index Scan using sbtest2_pkey on sbtest2  (cost=0.43..8.45 rows=1 width=121)
	  Index Cond: (id = 476727)

table 3 : explain SELECT c FROM sbtest3 WHERE id=9591085
	Index Scan using sbtest3_pkey on sbtest3  (cost=0.43..8.45 rows=1 width=121)
	  Index Cond: (id = 9591085)

table 4 : explain SELECT c FROM sbtest4 WHERE id=9116089
	Index Scan using sbtest4_pkey on sbtest4  (cost=0.43..8.45 rows=1 width=121)
	  Index Cond: (id = 9116089)

table 5 : explain SELECT c FROM sbtest5 WHERE id=7491917
	Index Scan using sbtest5_pkey on sbtest5  (cost=0.43..8.45 rows=1 width=121)
	  Index Cond: (id = 7491917)

table 6 : explain SELECT c FROM sbtest6 WHERE id=5900213
	Index Scan using sbtest6_pkey on sbtest6  (cost=0.43..8.45 rows=1 width=121)
	  Index Cond: (id = 5900213)

table 7 : explain SELECT c FROM sbtest7 WHERE id=804817
	Index Scan using sbtest7_pkey on sbtest7  (cost=0.43..8.45 rows=1 width=121)
	  Index Cond: (id = 804817)

table 8 : explain SELECT c FROM sbtest8 WHERE id=2813464
	Index Scan using sbtest8_pkey on sbtest8  (cost=0.43..8.45 rows=1 width=121)
	  Index Cond: (id = 2813464)

for: order_ranges
table 1 : explain SELECT c FROM sbtest1 WHERE id BETWEEN 3395991 AND 3396990 ORDER BY c
	Sort  (cost=3981.60..3984.15 rows=1019 width=121)
	  Sort Key: c
	  ->  Bitmap Heap Scan on sbtest1  (cost=22.88..3930.69 rows=1019 width=121)
	        Recheck Cond: ((id >= 3395991) AND (id <= 3396990))
	        ->  Bitmap Index Scan on sbtest1_pkey  (cost=0.00..22.62 rows=1019 width=0)
	              Index Cond: ((id >= 3395991) AND (id <= 3396990))

table 2 : explain SELECT c FROM sbtest2 WHERE id BETWEEN 5211611 AND 5212610 ORDER BY c
	Sort  (cost=4020.84..4023.41 rows=1029 width=121)
	  Sort Key: c
	  ->  Bitmap Heap Scan on sbtest2  (cost=22.98..3969.35 rows=1029 width=121)
	        Recheck Cond: ((id >= 5211611) AND (id <= 5212610))
	        ->  Bitmap Index Scan on sbtest2_pkey  (cost=0.00..22.72 rows=1029 width=0)
	              Index Cond: ((id >= 5211611) AND (id <= 5212610))

table 3 : explain SELECT c FROM sbtest3 WHERE id BETWEEN 7981176 AND 7982175 ORDER BY c
	Sort  (cost=3607.86..3610.16 rows=921 width=121)
	  Sort Key: c
	  ->  Bitmap Heap Scan on sbtest3  (cost=21.88..3562.52 rows=921 width=121)
	        Recheck Cond: ((id >= 7981176) AND (id <= 7982175))
	        ->  Bitmap Index Scan on sbtest3_pkey  (cost=0.00..21.64 rows=921 width=0)
	              Index Cond: ((id >= 7981176) AND (id <= 7982175))

table 4 : explain SELECT c FROM sbtest4 WHERE id BETWEEN 3993717 AND 3994716 ORDER BY c
	Sort  (cost=4483.41..4486.29 rows=1150 width=121)
	  Sort Key: c
	  ->  Bitmap Heap Scan on sbtest4  (cost=28.22..4424.95 rows=1150 width=121)
	        Recheck Cond: ((id >= 3993717) AND (id <= 3994716))
	        ->  Bitmap Index Scan on sbtest4_pkey  (cost=0.00..27.93 rows=1150 width=0)
	              Index Cond: ((id >= 3993717) AND (id <= 3994716))

table 5 : explain SELECT c FROM sbtest5 WHERE id BETWEEN 51246 AND 52245 ORDER BY c
	Sort  (cost=3727.46..3729.84 rows=952 width=121)
	  Sort Key: c
	  ->  Bitmap Heap Scan on sbtest5  (cost=22.19..3680.36 rows=952 width=121)
	        Recheck Cond: ((id >= 51246) AND (id <= 52245))
	        ->  Bitmap Index Scan on sbtest5_pkey  (cost=0.00..21.95 rows=952 width=0)
	              Index Cond: ((id >= 51246) AND (id <= 52245))

table 6 : explain SELECT c FROM sbtest6 WHERE id BETWEEN 2491104 AND 2492103 ORDER BY c
	Sort  (cost=3705.13..3707.49 rows=946 width=121)
	  Sort Key: c
	  ->  Bitmap Heap Scan on sbtest6  (cost=22.13..3658.37 rows=946 width=121)
	        Recheck Cond: ((id >= 2491104) AND (id <= 2492103))
	        ->  Bitmap Index Scan on sbtest6_pkey  (cost=0.00..21.89 rows=946 width=0)
	              Index Cond: ((id >= 2491104) AND (id <= 2492103))

table 7 : explain SELECT c FROM sbtest7 WHERE id BETWEEN 612017 AND 613016 ORDER BY c
	Sort  (cost=4015.00..4017.57 rows=1027 width=121)
	  Sort Key: c
	  ->  Bitmap Heap Scan on sbtest7  (cost=22.96..3963.63 rows=1027 width=121)
	        Recheck Cond: ((id >= 612017) AND (id <= 613016))
	        ->  Bitmap Index Scan on sbtest7_pkey  (cost=0.00..22.70 rows=1027 width=0)
	              Index Cond: ((id >= 612017) AND (id <= 613016))

table 8 : explain SELECT c FROM sbtest8 WHERE id BETWEEN 4796684 AND 4797683 ORDER BY c
	Sort  (cost=3999.75..4002.31 rows=1023 width=121)
	  Sort Key: c
	  ->  Bitmap Heap Scan on sbtest8  (cost=22.92..3948.61 rows=1023 width=121)
	        Recheck Cond: ((id >= 4796684) AND (id <= 4797683))
	        ->  Bitmap Index Scan on sbtest8_pkey  (cost=0.00..22.66 rows=1023 width=0)
	              Index Cond: ((id >= 4796684) AND (id <= 4797683))

for: order_ranges
table 1 : explain SELECT c FROM sbtest1 WHERE id BETWEEN 819282 AND 820281 ORDER BY c
	Sort  (cost=4145.66..4148.32 rows=1062 width=121)
	  Sort Key: c
	  ->  Bitmap Heap Scan on sbtest1  (cost=23.32..4092.28 rows=1062 width=121)
	        Recheck Cond: ((id >= 819282) AND (id <= 820281))
	        ->  Bitmap Index Scan on sbtest1_pkey  (cost=0.00..23.05 rows=1062 width=0)
	              Index Cond: ((id >= 819282) AND (id <= 820281))

table 2 : explain SELECT c FROM sbtest2 WHERE id BETWEEN 7624268 AND 7625267 ORDER BY c
	Sort  (cost=3718.81..3721.18 rows=950 width=121)
	  Sort Key: c
	  ->  Bitmap Heap Scan on sbtest2  (cost=22.17..3671.82 rows=950 width=121)
	        Recheck Cond: ((id >= 7624268) AND (id <= 7625267))
	        ->  Bitmap Index Scan on sbtest2_pkey  (cost=0.00..21.93 rows=950 width=0)
	              Index Cond: ((id >= 7624268) AND (id <= 7625267))

table 3 : explain SELECT c FROM sbtest3 WHERE id BETWEEN 8305993 AND 8306992 ORDER BY c
	Sort  (cost=4364.44..4367.23 rows=1119 width=121)
	  Sort Key: c
	  ->  Bitmap Heap Scan on sbtest3  (cost=27.90..4307.77 rows=1119 width=121)
	        Recheck Cond: ((id >= 8305993) AND (id <= 8306992))
	        ->  Bitmap Index Scan on sbtest3_pkey  (cost=0.00..27.62 rows=1119 width=0)
	              Index Cond: ((id >= 8305993) AND (id <= 8306992))

table 4 : explain SELECT c FROM sbtest4 WHERE id BETWEEN 2459892 AND 2460891 ORDER BY c
	Sort  (cost=4094.37..4096.99 rows=1048 width=121)
	  Sort Key: c
	  ->  Bitmap Heap Scan on sbtest4  (cost=23.18..4041.79 rows=1048 width=121)
	        Recheck Cond: ((id >= 2459892) AND (id <= 2460891))
	        ->  Bitmap Index Scan on sbtest4_pkey  (cost=0.00..22.91 rows=1048 width=0)
	              Index Cond: ((id >= 2459892) AND (id <= 2460891))

table 5 : explain SELECT c FROM sbtest5 WHERE id BETWEEN 2625860 AND 2626859 ORDER BY c
	Sort  (cost=4369.35..4372.15 rows=1120 width=121)
	  Sort Key: c
	  ->  Bitmap Heap Scan on sbtest5  (cost=27.92..4312.63 rows=1120 width=121)
	        Recheck Cond: ((id >= 2625860) AND (id <= 2626859))
	        ->  Bitmap Index Scan on sbtest5_pkey  (cost=0.00..27.64 rows=1120 width=0)
	              Index Cond: ((id >= 2625860) AND (id <= 2626859))

table 6 : explain SELECT c FROM sbtest6 WHERE id BETWEEN 3220320 AND 3221319 ORDER BY c
	Sort  (cost=3915.65..3918.16 rows=1001 width=121)
	  Sort Key: c
	  ->  Bitmap Heap Scan on sbtest6  (cost=22.70..3865.77 rows=1001 width=121)
	        Recheck Cond: ((id >= 3220320) AND (id <= 3221319))
	        ->  Bitmap Index Scan on sbtest6_pkey  (cost=0.00..22.44 rows=1001 width=0)
	              Index Cond: ((id >= 3220320) AND (id <= 3221319))

table 7 : explain SELECT c FROM sbtest7 WHERE id BETWEEN 2316826 AND 2317825 ORDER BY c
	Sort  (cost=3770.20..3772.60 rows=963 width=121)
	  Sort Key: c
	  ->  Bitmap Heap Scan on sbtest7  (cost=22.31..3722.47 rows=963 width=121)
	        Recheck Cond: ((id >= 2316826) AND (id <= 2317825))
	        ->  Bitmap Index Scan on sbtest7_pkey  (cost=0.00..22.07 rows=963 width=0)
	              Index Cond: ((id >= 2316826) AND (id <= 2317825))

table 8 : explain SELECT c FROM sbtest8 WHERE id BETWEEN 5580247 AND 5581246 ORDER BY c
	Sort  (cost=3888.87..3891.36 rows=994 width=121)
	  Sort Key: c
	  ->  Bitmap Heap Scan on sbtest8  (cost=22.62..3839.39 rows=994 width=121)
	        Recheck Cond: ((id >= 5580247) AND (id <= 5581246))
	        ->  Bitmap Index Scan on sbtest8_pkey  (cost=0.00..22.37 rows=994 width=0)
	              Index Cond: ((id >= 5580247) AND (id <= 5581246))

for: order_ranges
table 1 : explain SELECT c FROM sbtest1 WHERE id BETWEEN 4690266 AND 4691265 ORDER BY c
	Sort  (cost=3767.60..3770.01 rows=963 width=121)
	  Sort Key: c
	  ->  Bitmap Heap Scan on sbtest1  (cost=22.31..3719.88 rows=963 width=121)
	        Recheck Cond: ((id >= 4690266) AND (id <= 4691265))
	        ->  Bitmap Index Scan on sbtest1_pkey  (cost=0.00..22.07 rows=963 width=0)
	              Index Cond: ((id >= 4690266) AND (id <= 4691265))

table 2 : explain SELECT c FROM sbtest2 WHERE id BETWEEN 5790738 AND 5791737 ORDER BY c
	Sort  (cost=3990.29..3992.84 rows=1021 width=121)
	  Sort Key: c
	  ->  Bitmap Heap Scan on sbtest2  (cost=22.90..3939.26 rows=1021 width=121)
	        Recheck Cond: ((id >= 5790738) AND (id <= 5791737))
	        ->  Bitmap Index Scan on sbtest2_pkey  (cost=0.00..22.64 rows=1021 width=0)
	              Index Cond: ((id >= 5790738) AND (id <= 5791737))

table 3 : explain SELECT c FROM sbtest3 WHERE id BETWEEN 6213674 AND 6214673 ORDER BY c
	Sort  (cost=3550.37..3552.63 rows=906 width=121)
	  Sort Key: c
	  ->  Bitmap Heap Scan on sbtest3  (cost=21.72..3505.87 rows=906 width=121)
	        Recheck Cond: ((id >= 6213674) AND (id <= 6214673))
	        ->  Bitmap Index Scan on sbtest3_pkey  (cost=0.00..21.50 rows=906 width=0)
	              Index Cond: ((id >= 6213674) AND (id <= 6214673))

table 4 : explain SELECT c FROM sbtest4 WHERE id BETWEEN 1859502 AND 1860501 ORDER BY c
	Sort  (cost=3784.76..3787.18 rows=967 width=121)
	  Sort Key: c
	  ->  Bitmap Heap Scan on sbtest4  (cost=22.35..3736.81 rows=967 width=121)
	        Recheck Cond: ((id >= 1859502) AND (id <= 1860501))
	        ->  Bitmap Index Scan on sbtest4_pkey  (cost=0.00..22.11 rows=967 width=0)
	              Index Cond: ((id >= 1859502) AND (id <= 1860501))

table 5 : explain SELECT c FROM sbtest5 WHERE id BETWEEN 8940101 AND 8941100 ORDER BY c
	Sort  (cost=3853.76..3856.22 rows=985 width=121)
	  Sort Key: c
	  ->  Bitmap Heap Scan on sbtest5  (cost=22.53..3804.79 rows=985 width=121)
	        Recheck Cond: ((id >= 8940101) AND (id <= 8941100))
	        ->  Bitmap Index Scan on sbtest5_pkey  (cost=0.00..22.29 rows=985 width=0)
	              Index Cond: ((id >= 8940101) AND (id <= 8941100))

table 6 : explain SELECT c FROM sbtest6 WHERE id BETWEEN 1742341 AND 1743340 ORDER BY c
	Sort  (cost=3735.77..3738.16 rows=954 width=121)
	  Sort Key: c
	  ->  Bitmap Heap Scan on sbtest6  (cost=22.21..3688.56 rows=954 width=121)
	        Recheck Cond: ((id >= 1742341) AND (id <= 1743340))
	        ->  Bitmap Index Scan on sbtest6_pkey  (cost=0.00..21.97 rows=954 width=0)
	              Index Cond: ((id >= 1742341) AND (id <= 1743340))

table 7 : explain SELECT c FROM sbtest7 WHERE id BETWEEN 5652966 AND 5653965 ORDER BY c
	Sort  (cost=4133.40..4136.04 rows=1058 width=121)
	  Sort Key: c
	  ->  Bitmap Heap Scan on sbtest7  (cost=23.28..4080.25 rows=1058 width=121)
	        Recheck Cond: ((id >= 5652966) AND (id <= 5653965))
	        ->  Bitmap Index Scan on sbtest7_pkey  (cost=0.00..23.01 rows=1058 width=0)
	              Index Cond: ((id >= 5652966) AND (id <= 5653965))

table 8 : explain SELECT c FROM sbtest8 WHERE id BETWEEN 5886649 AND 5887648 ORDER BY c
	Sort  (cost=4095.26..4097.88 rows=1048 width=121)
	  Sort Key: c
	  ->  Bitmap Heap Scan on sbtest8  (cost=23.18..4042.68 rows=1048 width=121)
	        Recheck Cond: ((id >= 5886649) AND (id <= 5887648))
	        ->  Bitmap Index Scan on sbtest8_pkey  (cost=0.00..22.91 rows=1048 width=0)
	              Index Cond: ((id >= 5886649) AND (id <= 5887648))

for: simple_ranges
table 1 : explain SELECT c FROM sbtest1 WHERE id BETWEEN 9908605 AND 9909604
	Bitmap Heap Scan on sbtest1  (cost=22.18..3674.65 rows=951 width=121)
	  Recheck Cond: ((id >= 9908605) AND (id <= 9909604))
	  ->  Bitmap Index Scan on sbtest1_pkey  (cost=0.00..21.94 rows=951 width=0)
	        Index Cond: ((id >= 9908605) AND (id <= 9909604))

table 2 : explain SELECT c FROM sbtest2 WHERE id BETWEEN 1846602 AND 1847601
	Bitmap Heap Scan on sbtest2  (cost=22.94..3954.31 rows=1025 width=121)
	  Recheck Cond: ((id >= 1846602) AND (id <= 1847601))
	  ->  Bitmap Index Scan on sbtest2_pkey  (cost=0.00..22.68 rows=1025 width=0)
	        Index Cond: ((id >= 1846602) AND (id <= 1847601))

table 3 : explain SELECT c FROM sbtest3 WHERE id BETWEEN 1513471 AND 1514470
	Bitmap Heap Scan on sbtest3  (cost=21.95..3588.94 rows=928 width=121)
	  Recheck Cond: ((id >= 1513471) AND (id <= 1514470))
	  ->  Bitmap Index Scan on sbtest3_pkey  (cost=0.00..21.71 rows=928 width=0)
	        Index Cond: ((id >= 1513471) AND (id <= 1514470))

table 4 : explain SELECT c FROM sbtest4 WHERE id BETWEEN 7109014 AND 7110013
	Bitmap Heap Scan on sbtest4  (cost=22.23..3695.32 rows=956 width=121)
	  Recheck Cond: ((id >= 7109014) AND (id <= 7110013))
	  ->  Bitmap Index Scan on sbtest4_pkey  (cost=0.00..22.00 rows=956 width=0)
	        Index Cond: ((id >= 7109014) AND (id <= 7110013))

table 5 : explain SELECT c FROM sbtest5 WHERE id BETWEEN 3649382 AND 3650381
	Bitmap Heap Scan on sbtest5  (cost=22.81..3906.49 rows=1012 width=121)
	  Recheck Cond: ((id >= 3649382) AND (id <= 3650381))
	  ->  Bitmap Index Scan on sbtest5_pkey  (cost=0.00..22.55 rows=1012 width=0)
	        Index Cond: ((id >= 3649382) AND (id <= 3650381))

table 6 : explain SELECT c FROM sbtest6 WHERE id BETWEEN 1544338 AND 1545337
	Bitmap Heap Scan on sbtest6  (cost=23.02..3986.26 rows=1033 width=121)
	  Recheck Cond: ((id >= 1544338) AND (id <= 1545337))
	  ->  Bitmap Index Scan on sbtest6_pkey  (cost=0.00..22.76 rows=1033 width=0)
	        Index Cond: ((id >= 1544338) AND (id <= 1545337))

table 7 : explain SELECT c FROM sbtest7 WHERE id BETWEEN 2823960 AND 2824959
	Bitmap Heap Scan on sbtest7  (cost=22.76..3888.32 rows=1007 width=121)
	  Recheck Cond: ((id >= 2823960) AND (id <= 2824959))
	  ->  Bitmap Index Scan on sbtest7_pkey  (cost=0.00..22.50 rows=1007 width=0)
	        Index Cond: ((id >= 2823960) AND (id <= 2824959))

table 8 : explain SELECT c FROM sbtest8 WHERE id BETWEEN 5387282 AND 5388281
	Bitmap Heap Scan on sbtest8  (cost=22.74..3880.83 rows=1005 width=121)
	  Recheck Cond: ((id >= 5387282) AND (id <= 5388281))
	  ->  Bitmap Index Scan on sbtest8_pkey  (cost=0.00..22.48 rows=1005 width=0)
	        Index Cond: ((id >= 5387282) AND (id <= 5388281))

for: order_ranges
table 1 : explain SELECT c FROM sbtest1 WHERE id BETWEEN 898786 AND 899785 ORDER BY c
	Sort  (cost=3863.19..3865.66 rows=988 width=121)
	  Sort Key: c
	  ->  Bitmap Heap Scan on sbtest1  (cost=22.56..3814.04 rows=988 width=121)
	        Recheck Cond: ((id >= 898786) AND (id <= 899785))
	        ->  Bitmap Index Scan on sbtest1_pkey  (cost=0.00..22.32 rows=988 width=0)
	              Index Cond: ((id >= 898786) AND (id <= 899785))

table 2 : explain SELECT c FROM sbtest2 WHERE id BETWEEN 2070508 AND 2071507 ORDER BY c
	Sort  (cost=3848.89..3851.35 rows=984 width=121)
	  Sort Key: c
	  ->  Bitmap Heap Scan on sbtest2  (cost=22.52..3799.97 rows=984 width=121)
	        Recheck Cond: ((id >= 2070508) AND (id <= 2071507))
	        ->  Bitmap Index Scan on sbtest2_pkey  (cost=0.00..22.27 rows=984 width=0)
	              Index Cond: ((id >= 2070508) AND (id <= 2071507))

table 3 : explain SELECT c FROM sbtest3 WHERE id BETWEEN 9777952 AND 9778951 ORDER BY c
	Sort  (cost=3906.37..3908.87 rows=999 width=121)
	  Sort Key: c
	  ->  Bitmap Heap Scan on sbtest3  (cost=22.67..3856.60 rows=999 width=121)
	        Recheck Cond: ((id >= 9777952) AND (id <= 9778951))
	        ->  Bitmap Index Scan on sbtest3_pkey  (cost=0.00..22.43 rows=999 width=0)
	              Index Cond: ((id >= 9777952) AND (id <= 9778951))

table 4 : explain SELECT c FROM sbtest4 WHERE id BETWEEN 8618964 AND 8619963 ORDER BY c
	Sort  (cost=4060.01..4062.60 rows=1039 width=121)
	  Sort Key: c
	  ->  Bitmap Heap Scan on sbtest4  (cost=23.08..4007.95 rows=1039 width=121)
	        Recheck Cond: ((id >= 8618964) AND (id <= 8619963))
	        ->  Bitmap Index Scan on sbtest4_pkey  (cost=0.00..22.82 rows=1039 width=0)
	              Index Cond: ((id >= 8618964) AND (id <= 8619963))

table 5 : explain SELECT c FROM sbtest5 WHERE id BETWEEN 1215441 AND 1216440 ORDER BY c
	Sort  (cost=3624.02..3626.33 rows=925 width=121)
	  Sort Key: c
	  ->  Bitmap Heap Scan on sbtest5  (cost=21.92..3578.45 rows=925 width=121)
	        Recheck Cond: ((id >= 1215441) AND (id <= 1216440))
	        ->  Bitmap Index Scan on sbtest5_pkey  (cost=0.00..21.68 rows=925 width=0)
	              Index Cond: ((id >= 1215441) AND (id <= 1216440))

table 6 : explain SELECT c FROM sbtest6 WHERE id BETWEEN 4769510 AND 4770509 ORDER BY c
	Sort  (cost=3846.80..3849.25 rows=983 width=121)
	  Sort Key: c
	  ->  Bitmap Heap Scan on sbtest6  (cost=22.51..3797.94 rows=983 width=121)
	        Recheck Cond: ((id >= 4769510) AND (id <= 4770509))
	        ->  Bitmap Index Scan on sbtest6_pkey  (cost=0.00..22.26 rows=983 width=0)
	              Index Cond: ((id >= 4769510) AND (id <= 4770509))

table 7 : explain SELECT c FROM sbtest7 WHERE id BETWEEN 9882513 AND 9883512 ORDER BY c
	Sort  (cost=3950.02..3952.55 rows=1010 width=121)
	  Sort Key: c
	  ->  Bitmap Heap Scan on sbtest7  (cost=22.79..3899.62 rows=1010 width=121)
	        Recheck Cond: ((id >= 9882513) AND (id <= 9883512))
	        ->  Bitmap Index Scan on sbtest7_pkey  (cost=0.00..22.54 rows=1010 width=0)
	              Index Cond: ((id >= 9882513) AND (id <= 9883512))

table 8 : explain SELECT c FROM sbtest8 WHERE id BETWEEN 4363316 AND 4364315 ORDER BY c
	Sort  (cost=4564.35..4567.28 rows=1171 width=121)
	  Sort Key: c
	  ->  Bitmap Heap Scan on sbtest8  (cost=28.44..4504.67 rows=1171 width=121)
	        Recheck Cond: ((id >= 4363316) AND (id <= 4364315))
	        ->  Bitmap Index Scan on sbtest8_pkey  (cost=0.00..28.14 rows=1171 width=0)
	              Index Cond: ((id >= 4363316) AND (id <= 4364315))

for: simple_ranges
table 1 : explain SELECT c FROM sbtest1 WHERE id BETWEEN 2970356 AND 2971355
	Bitmap Heap Scan on sbtest1  (cost=22.50..3791.45 rows=982 width=121)
	  Recheck Cond: ((id >= 2970356) AND (id <= 2971355))
	  ->  Bitmap Index Scan on sbtest1_pkey  (cost=0.00..22.25 rows=982 width=0)
	        Index Cond: ((id >= 2970356) AND (id <= 2971355))

table 2 : explain SELECT c FROM sbtest2 WHERE id BETWEEN 9541267 AND 9542266
	Bitmap Heap Scan on sbtest2  (cost=22.12..3652.96 rows=945 width=121)
	  Recheck Cond: ((id >= 9541267) AND (id <= 9542266))
	  ->  Bitmap Index Scan on sbtest2_pkey  (cost=0.00..21.89 rows=945 width=0)
	        Index Cond: ((id >= 9541267) AND (id <= 9542266))

table 3 : explain SELECT c FROM sbtest3 WHERE id BETWEEN 9563570 AND 9564569
	Bitmap Heap Scan on sbtest3  (cost=22.15..3664.41 rows=948 width=121)
	  Recheck Cond: ((id >= 9563570) AND (id <= 9564569))
	  ->  Bitmap Index Scan on sbtest3_pkey  (cost=0.00..21.91 rows=948 width=0)
	        Index Cond: ((id >= 9563570) AND (id <= 9564569))

table 4 : explain SELECT c FROM sbtest4 WHERE id BETWEEN 1296840 AND 1297839
	Bitmap Heap Scan on sbtest4  (cost=21.66..3483.88 rows=900 width=121)
	  Recheck Cond: ((id >= 1296840) AND (id <= 1297839))
	  ->  Bitmap Index Scan on sbtest4_pkey  (cost=0.00..21.43 rows=900 width=0)
	        Index Cond: ((id >= 1296840) AND (id <= 1297839))

table 5 : explain SELECT c FROM sbtest5 WHERE id BETWEEN 298961 AND 299960
	Bitmap Heap Scan on sbtest5  (cost=22.44..3770.87 rows=976 width=121)
	  Recheck Cond: ((id >= 298961) AND (id <= 299960))
	  ->  Bitmap Index Scan on sbtest5_pkey  (cost=0.00..22.19 rows=976 width=0)
	        Index Cond: ((id >= 298961) AND (id <= 299960))

table 6 : explain SELECT c FROM sbtest6 WHERE id BETWEEN 8349700 AND 8350699
	Bitmap Heap Scan on sbtest6  (cost=27.61..4204.56 rows=1090 width=121)
	  Recheck Cond: ((id >= 8349700) AND (id <= 8350699))
	  ->  Bitmap Index Scan on sbtest6_pkey  (cost=0.00..27.33 rows=1090 width=0)
	        Index Cond: ((id >= 8349700) AND (id <= 8350699))

table 7 : explain SELECT c FROM sbtest7 WHERE id BETWEEN 3964713 AND 3965712
	Bitmap Heap Scan on sbtest7  (cost=21.96..3594.14 rows=929 width=121)
	  Recheck Cond: ((id >= 3964713) AND (id <= 3965712))
	  ->  Bitmap Index Scan on sbtest7_pkey  (cost=0.00..21.72 rows=929 width=0)
	        Index Cond: ((id >= 3964713) AND (id <= 3965712))

table 8 : explain SELECT c FROM sbtest8 WHERE id BETWEEN 3953224 AND 3954223
	Bitmap Heap Scan on sbtest8  (cost=22.30..3718.74 rows=962 width=121)
	  Recheck Cond: ((id >= 3953224) AND (id <= 3954223))
	  ->  Bitmap Index Scan on sbtest8_pkey  (cost=0.00..22.05 rows=962 width=0)
	        Index Cond: ((id >= 3953224) AND (id <= 3954223))

for: distinct_ranges
table 1 : explain SELECT DISTINCT c FROM sbtest1 WHERE id BETWEEN 2231916 AND 2232915 ORDER BY c
	Unique  (cost=4027.41..4032.56 rows=1031 width=121)
	  ->  Sort  (cost=4027.41..4029.99 rows=1031 width=121)
	        Sort Key: c
	        ->  Bitmap Heap Scan on sbtest1  (cost=23.00..3975.81 rows=1031 width=121)
	              Recheck Cond: ((id >= 2231916) AND (id <= 2232915))
	              ->  Bitmap Index Scan on sbtest1_pkey  (cost=0.00..22.75 rows=1031 width=0)
	                    Index Cond: ((id >= 2231916) AND (id <= 2232915))

table 2 : explain SELECT DISTINCT c FROM sbtest2 WHERE id BETWEEN 9162837 AND 9163836 ORDER BY c
	Unique  (cost=3925.34..3930.36 rows=1004 width=121)
	  ->  Sort  (cost=3925.34..3927.85 rows=1004 width=121)
	        Sort Key: c
	        ->  Bitmap Heap Scan on sbtest2  (cost=22.73..3875.29 rows=1004 width=121)
	              Recheck Cond: ((id >= 9162837) AND (id <= 9163836))
	              ->  Bitmap Index Scan on sbtest2_pkey  (cost=0.00..22.47 rows=1004 width=0)
	                    Index Cond: ((id >= 9162837) AND (id <= 9163836))

table 3 : explain SELECT DISTINCT c FROM sbtest3 WHERE id BETWEEN 1168634 AND 1169633 ORDER BY c
	Unique  (cost=4207.94..4213.33 rows=1078 width=121)
	  ->  Sort  (cost=4207.94..4210.64 rows=1078 width=121)
	        Sort Key: c
	        ->  Bitmap Heap Scan on sbtest3  (cost=23.48..4153.64 rows=1078 width=121)
	              Recheck Cond: ((id >= 1168634) AND (id <= 1169633))
	              ->  Bitmap Index Scan on sbtest3_pkey  (cost=0.00..23.21 rows=1078 width=0)
	                    Index Cond: ((id >= 1168634) AND (id <= 1169633))

table 4 : explain SELECT DISTINCT c FROM sbtest4 WHERE id BETWEEN 9499465 AND 9500464 ORDER BY c
	Unique  (cost=3865.10..3870.04 rows=988 width=121)
	  ->  Sort  (cost=3865.10..3867.57 rows=988 width=121)
	        Sort Key: c
	        ->  Bitmap Heap Scan on sbtest4  (cost=22.56..3815.96 rows=988 width=121)
	              Recheck Cond: ((id >= 9499465) AND (id <= 9500464))
	              ->  Bitmap Index Scan on sbtest4_pkey  (cost=0.00..22.32 rows=988 width=0)
	                    Index Cond: ((id >= 9499465) AND (id <= 9500464))

table 5 : explain SELECT DISTINCT c FROM sbtest5 WHERE id BETWEEN 8772387 AND 8773386 ORDER BY c
	Unique  (cost=4056.33..4061.52 rows=1038 width=121)
	  ->  Sort  (cost=4056.33..4058.93 rows=1038 width=121)
	        Sort Key: c
	        ->  Bitmap Heap Scan on sbtest5  (cost=23.07..4004.33 rows=1038 width=121)
	              Recheck Cond: ((id >= 8772387) AND (id <= 8773386))
	              ->  Bitmap Index Scan on sbtest5_pkey  (cost=0.00..22.82 rows=1038 width=0)
	                    Index Cond: ((id >= 8772387) AND (id <= 8773386))

table 6 : explain SELECT DISTINCT c FROM sbtest6 WHERE id BETWEEN 332362 AND 333361 ORDER BY c
	Unique  (cost=3632.31..3636.95 rows=927 width=121)
	  ->  Sort  (cost=3632.31..3634.63 rows=927 width=121)
	        Sort Key: c
	        ->  Bitmap Heap Scan on sbtest6  (cost=21.94..3586.63 rows=927 width=121)
	              Recheck Cond: ((id >= 332362) AND (id <= 333361))
	              ->  Bitmap Index Scan on sbtest6_pkey  (cost=0.00..21.70 rows=927 width=0)
	                    Index Cond: ((id >= 332362) AND (id <= 333361))

table 7 : explain SELECT DISTINCT c FROM sbtest7 WHERE id BETWEEN 8429363 AND 8430362 ORDER BY c
	Unique  (cost=3965.31..3970.38 rows=1014 width=121)
	  ->  Sort  (cost=3965.31..3967.85 rows=1014 width=121)
	        Sort Key: c
	        ->  Bitmap Heap Scan on sbtest7  (cost=22.83..3914.69 rows=1014 width=121)
	              Recheck Cond: ((id >= 8429363) AND (id <= 8430362))
	              ->  Bitmap Index Scan on sbtest7_pkey  (cost=0.00..22.57 rows=1014 width=0)
	                    Index Cond: ((id >= 8429363) AND (id <= 8430362))

table 8 : explain SELECT DISTINCT c FROM sbtest8 WHERE id BETWEEN 2526504 AND 2527503 ORDER BY c
	Unique  (cost=4121.99..4127.26 rows=1055 width=121)
	  ->  Sort  (cost=4121.99..4124.62 rows=1055 width=121)
	        Sort Key: c
	        ->  Bitmap Heap Scan on sbtest8  (cost=23.25..4069.01 rows=1055 width=121)
	              Recheck Cond: ((id >= 2526504) AND (id <= 2527503))
	              ->  Bitmap Index Scan on sbtest8_pkey  (cost=0.00..22.98 rows=1055 width=0)
	                    Index Cond: ((id >= 2526504) AND (id <= 2527503))

for: distinct_ranges
table 1 : explain SELECT DISTINCT c FROM sbtest1 WHERE id BETWEEN 3307281 AND 3308280 ORDER BY c
	Unique  (cost=3981.60..3986.70 rows=1019 width=121)
	  ->  Sort  (cost=3981.60..3984.15 rows=1019 width=121)
	        Sort Key: c
	        ->  Bitmap Heap Scan on sbtest1  (cost=22.88..3930.69 rows=1019 width=121)
	              Recheck Cond: ((id >= 3307281) AND (id <= 3308280))
	              ->  Bitmap Index Scan on sbtest1_pkey  (cost=0.00..22.62 rows=1019 width=0)
	                    Index Cond: ((id >= 3307281) AND (id <= 3308280))

table 2 : explain SELECT DISTINCT c FROM sbtest2 WHERE id BETWEEN 9891161 AND 9892160 ORDER BY c
	Unique  (cost=3649.88..3654.54 rows=932 width=121)
	  ->  Sort  (cost=3649.88..3652.21 rows=932 width=121)
	        Sort Key: c
	        ->  Bitmap Heap Scan on sbtest2  (cost=21.99..3603.92 rows=932 width=121)
	              Recheck Cond: ((id >= 9891161) AND (id <= 9892160))
	              ->  Bitmap Index Scan on sbtest2_pkey  (cost=0.00..21.75 rows=932 width=0)
	                    Index Cond: ((id >= 9891161) AND (id <= 9892160))

table 3 : explain SELECT DISTINCT c FROM sbtest3 WHERE id BETWEEN 2200398 AND 2201397 ORDER BY c
	Unique  (cost=3581.04..3585.61 rows=914 width=121)
	  ->  Sort  (cost=3581.04..3583.32 rows=914 width=121)
	        Sort Key: c
	        ->  Bitmap Heap Scan on sbtest3  (cost=21.80..3536.08 rows=914 width=121)
	              Recheck Cond: ((id >= 2200398) AND (id <= 2201397))
	              ->  Bitmap Index Scan on sbtest3_pkey  (cost=0.00..21.57 rows=914 width=0)
	                    Index Cond: ((id >= 2200398) AND (id <= 2201397))

table 4 : explain SELECT DISTINCT c FROM sbtest4 WHERE id BETWEEN 729841 AND 730840 ORDER BY c
	Unique  (cost=4071.46..4076.67 rows=1042 width=121)
	  ->  Sort  (cost=4071.46..4074.07 rows=1042 width=121)
	        Sort Key: c
	        ->  Bitmap Heap Scan on sbtest4  (cost=23.12..4019.23 rows=1042 width=121)
	              Recheck Cond: ((id >= 729841) AND (id <= 730840))
	              ->  Bitmap Index Scan on sbtest4_pkey  (cost=0.00..22.86 rows=1042 width=0)
	                    Index Cond: ((id >= 729841) AND (id <= 730840))

table 5 : explain SELECT DISTINCT c FROM sbtest5 WHERE id BETWEEN 4272131 AND 4273130 ORDER BY c
	Unique  (cost=3796.37..3801.22 rows=970 width=121)
	  ->  Sort  (cost=3796.37..3798.79 rows=970 width=121)
	        Sort Key: c
	        ->  Bitmap Heap Scan on sbtest5  (cost=22.38..3748.25 rows=970 width=121)
	              Recheck Cond: ((id >= 4272131) AND (id <= 4273130))
	              ->  Bitmap Index Scan on sbtest5_pkey  (cost=0.00..22.14 rows=970 width=0)
	                    Index Cond: ((id >= 4272131) AND (id <= 4273130))

table 6 : explain SELECT DISTINCT c FROM sbtest6 WHERE id BETWEEN 8694410 AND 8695409 ORDER BY c
	Unique  (cost=3693.63..3698.35 rows=943 width=121)
	  ->  Sort  (cost=3693.63..3695.99 rows=943 width=121)
	        Sort Key: c
	        ->  Bitmap Heap Scan on sbtest6  (cost=22.10..3647.04 rows=943 width=121)
	              Recheck Cond: ((id >= 8694410) AND (id <= 8695409))
	              ->  Bitmap Index Scan on sbtest6_pkey  (cost=0.00..21.86 rows=943 width=0)
	                    Index Cond: ((id >= 8694410) AND (id <= 8695409))

table 7 : explain SELECT DISTINCT c FROM sbtest7 WHERE id BETWEEN 1890102 AND 1891101 ORDER BY c
	Unique  (cost=3869.71..3874.65 rows=989 width=121)
	  ->  Sort  (cost=3869.71..3872.18 rows=989 width=121)
	        Sort Key: c
	        ->  Bitmap Heap Scan on sbtest7  (cost=22.57..3820.51 rows=989 width=121)
	              Recheck Cond: ((id >= 1890102) AND (id <= 1891101))
	              ->  Bitmap Index Scan on sbtest7_pkey  (cost=0.00..22.32 rows=989 width=0)
	                    Index Cond: ((id >= 1890102) AND (id <= 1891101))

table 8 : explain SELECT DISTINCT c FROM sbtest8 WHERE id BETWEEN 5135511 AND 5136510 ORDER BY c
	Unique  (cost=3724.27..3729.03 rows=951 width=121)
	  ->  Sort  (cost=3724.27..3726.65 rows=951 width=121)
	        Sort Key: c
	        ->  Bitmap Heap Scan on sbtest8  (cost=22.18..3677.23 rows=951 width=121)
	              Recheck Cond: ((id >= 5135511) AND (id <= 5136510))
	              ->  Bitmap Index Scan on sbtest8_pkey  (cost=0.00..21.94 rows=951 width=0)
	                    Index Cond: ((id >= 5135511) AND (id <= 5136510))

for: distinct_ranges
table 1 : explain SELECT DISTINCT c FROM sbtest1 WHERE id BETWEEN 4687123 AND 4688122 ORDER BY c
	Unique  (cost=3767.60..3772.42 rows=963 width=121)
	  ->  Sort  (cost=3767.60..3770.01 rows=963 width=121)
	        Sort Key: c
	        ->  Bitmap Heap Scan on sbtest1  (cost=22.31..3719.88 rows=963 width=121)
	              Recheck Cond: ((id >= 4687123) AND (id <= 4688122))
	              ->  Bitmap Index Scan on sbtest1_pkey  (cost=0.00..22.07 rows=963 width=0)
	                    Index Cond: ((id >= 4687123) AND (id <= 4688122))

table 2 : explain SELECT DISTINCT c FROM sbtest2 WHERE id BETWEEN 6640880 AND 6641879 ORDER BY c
	Unique  (cost=3707.32..3712.06 rows=947 width=121)
	  ->  Sort  (cost=3707.32..3709.69 rows=947 width=121)
	        Sort Key: c
	        ->  Bitmap Heap Scan on sbtest2  (cost=22.14..3660.51 rows=947 width=121)
	              Recheck Cond: ((id >= 6640880) AND (id <= 6641879))
	              ->  Bitmap Index Scan on sbtest2_pkey  (cost=0.00..21.90 rows=947 width=0)
	                    Index Cond: ((id >= 6640880) AND (id <= 6641879))

table 3 : explain SELECT DISTINCT c FROM sbtest3 WHERE id BETWEEN 50651 AND 51650 ORDER BY c
	Unique  (cost=4040.07..4045.24 rows=1034 width=121)
	  ->  Sort  (cost=4040.07..4042.66 rows=1034 width=121)
	        Sort Key: c
	        ->  Bitmap Heap Scan on sbtest3  (cost=23.03..3988.30 rows=1034 width=121)
	              Recheck Cond: ((id >= 50651) AND (id <= 51650))
	              ->  Bitmap Index Scan on sbtest3_pkey  (cost=0.00..22.77 rows=1034 width=0)
	                    Index Cond: ((id >= 50651) AND (id <= 51650))

table 4 : explain SELECT DISTINCT c FROM sbtest4 WHERE id BETWEEN 8061124 AND 8062123 ORDER BY c
	Unique  (cost=3953.04..3958.10 rows=1011 width=121)
	  ->  Sort  (cost=3953.04..3955.57 rows=1011 width=121)
	        Sort Key: c
	        ->  Bitmap Heap Scan on sbtest4  (cost=22.80..3902.58 rows=1011 width=121)
	              Recheck Cond: ((id >= 8061124) AND (id <= 8062123))
	              ->  Bitmap Index Scan on sbtest4_pkey  (cost=0.00..22.54 rows=1011 width=0)
	                    Index Cond: ((id >= 8061124) AND (id <= 8062123))

table 5 : explain SELECT DISTINCT c FROM sbtest5 WHERE id BETWEEN 6571808 AND 6572807 ORDER BY c
	Unique  (cost=3976.11..3981.19 rows=1017 width=121)
	  ->  Sort  (cost=3976.11..3978.65 rows=1017 width=121)
	        Sort Key: c
	        ->  Bitmap Heap Scan on sbtest5  (cost=22.86..3925.31 rows=1017 width=121)
	              Recheck Cond: ((id >= 6571808) AND (id <= 6572807))
	              ->  Bitmap Index Scan on sbtest5_pkey  (cost=0.00..22.61 rows=1017 width=0)
	                    Index Cond: ((id >= 6571808) AND (id <= 6572807))

table 6 : explain SELECT DISTINCT c FROM sbtest6 WHERE id BETWEEN 117601 AND 118600 ORDER BY c
	Unique  (cost=3451.99..3456.39 rows=880 width=121)
	  ->  Sort  (cost=3451.99..3454.19 rows=880 width=121)
	        Sort Key: c
	        ->  Bitmap Heap Scan on sbtest6  (cost=21.45..3408.96 rows=880 width=121)
	              Recheck Cond: ((id >= 117601) AND (id <= 118600))
	              ->  Bitmap Index Scan on sbtest6_pkey  (cost=0.00..21.23 rows=880 width=0)
	                    Index Cond: ((id >= 117601) AND (id <= 118600))

table 7 : explain SELECT DISTINCT c FROM sbtest7 WHERE id BETWEEN 806049 AND 807048 ORDER BY c
	Unique  (cost=4106.67..4111.93 rows=1051 width=121)
	  ->  Sort  (cost=4106.67..4109.30 rows=1051 width=121)
	        Sort Key: c
	        ->  Bitmap Heap Scan on sbtest7  (cost=23.21..4053.93 rows=1051 width=121)
	              Recheck Cond: ((id >= 806049) AND (id <= 807048))
	              ->  Bitmap Index Scan on sbtest7_pkey  (cost=0.00..22.94 rows=1051 width=0)
	                    Index Cond: ((id >= 806049) AND (id <= 807048))

table 8 : explain SELECT DISTINCT c FROM sbtest8 WHERE id BETWEEN 5203176 AND 5204175 ORDER BY c
	Unique  (cost=3888.87..3893.84 rows=994 width=121)
	  ->  Sort  (cost=3888.87..3891.36 rows=994 width=121)
	        Sort Key: c
	        ->  Bitmap Heap Scan on sbtest8  (cost=22.62..3839.39 rows=994 width=121)
	              Recheck Cond: ((id >= 5203176) AND (id <= 5204175))
	              ->  Bitmap Index Scan on sbtest8_pkey  (cost=0.00..22.37 rows=994 width=0)
	                    Index Cond: ((id >= 5203176) AND (id <= 5204175))

for: distinct_ranges
table 1 : explain SELECT DISTINCT c FROM sbtest1 WHERE id BETWEEN 1953135 AND 1954134 ORDER BY c
	Unique  (cost=4416.35..4422.01 rows=1133 width=121)
	  ->  Sort  (cost=4416.35..4419.18 rows=1133 width=121)
	        Sort Key: c
	        ->  Bitmap Heap Scan on sbtest1  (cost=28.05..4358.87 rows=1133 width=121)
	              Recheck Cond: ((id >= 1953135) AND (id <= 1954134))
	              ->  Bitmap Index Scan on sbtest1_pkey  (cost=0.00..27.76 rows=1133 width=0)
	                    Index Cond: ((id >= 1953135) AND (id <= 1954134))

table 2 : explain SELECT DISTINCT c FROM sbtest2 WHERE id BETWEEN 7920339 AND 7921338 ORDER BY c
	Unique  (cost=4330.00..4335.55 rows=1110 width=121)
	  ->  Sort  (cost=4330.00..4332.78 rows=1110 width=121)
	        Sort Key: c
	        ->  Bitmap Heap Scan on sbtest2  (cost=27.81..4273.86 rows=1110 width=121)
	              Recheck Cond: ((id >= 7920339) AND (id <= 7921338))
	              ->  Bitmap Index Scan on sbtest2_pkey  (cost=0.00..27.54 rows=1110 width=0)
	                    Index Cond: ((id >= 7920339) AND (id <= 7921338))

table 3 : explain SELECT DISTINCT c FROM sbtest3 WHERE id BETWEEN 4812072 AND 4813071 ORDER BY c
	Unique  (cost=3810.78..3815.65 rows=974 width=121)
	  ->  Sort  (cost=3810.78..3813.21 rows=974 width=121)
	        Sort Key: c
	        ->  Bitmap Heap Scan on sbtest3  (cost=22.42..3762.43 rows=974 width=121)
	              Recheck Cond: ((id >= 4812072) AND (id <= 4813071))
	              ->  Bitmap Index Scan on sbtest3_pkey  (cost=0.00..22.18 rows=974 width=0)
	                    Index Cond: ((id >= 4812072) AND (id <= 4813071))

table 4 : explain SELECT DISTINCT c FROM sbtest4 WHERE id BETWEEN 2211176 AND 2212175 ORDER BY c
	Unique  (cost=3800.07..3804.92 rows=971 width=121)
	  ->  Sort  (cost=3800.07..3802.49 rows=971 width=121)
	        Sort Key: c
	        ->  Bitmap Heap Scan on sbtest4  (cost=22.39..3751.89 rows=971 width=121)
	              Recheck Cond: ((id >= 2211176) AND (id <= 2212175))
	              ->  Bitmap Index Scan on sbtest4_pkey  (cost=0.00..22.14 rows=971 width=0)
	                    Index Cond: ((id >= 2211176) AND (id <= 2212175))

table 5 : explain SELECT DISTINCT c FROM sbtest5 WHERE id BETWEEN 3373943 AND 3374942 ORDER BY c
	Unique  (cost=3570.35..3574.90 rows=911 width=121)
	  ->  Sort  (cost=3570.35..3572.63 rows=911 width=121)
	        Sort Key: c
	        ->  Bitmap Heap Scan on sbtest5  (cost=21.77..3525.57 rows=911 width=121)
	              Recheck Cond: ((id >= 3373943) AND (id <= 3374942))
	              ->  Bitmap Index Scan on sbtest5_pkey  (cost=0.00..21.54 rows=911 width=0)
	                    Index Cond: ((id >= 3373943) AND (id <= 3374942))

table 6 : explain SELECT DISTINCT c FROM sbtest6 WHERE id BETWEEN 9508495 AND 9509494 ORDER BY c
	Unique  (cost=3953.89..3958.95 rows=1011 width=121)
	  ->  Sort  (cost=3953.89..3956.42 rows=1011 width=121)
	        Sort Key: c
	        ->  Bitmap Heap Scan on sbtest6  (cost=22.80..3903.44 rows=1011 width=121)
	              Recheck Cond: ((id >= 9508495) AND (id <= 9509494))
	              ->  Bitmap Index Scan on sbtest6_pkey  (cost=0.00..22.54 rows=1011 width=0)
	                    Index Cond: ((id >= 9508495) AND (id <= 9509494))

table 7 : explain SELECT DISTINCT c FROM sbtest7 WHERE id BETWEEN 8664489 AND 8665488 ORDER BY c
	Unique  (cost=3636.10..3640.74 rows=928 width=121)
	  ->  Sort  (cost=3636.10..3638.42 rows=928 width=121)
	        Sort Key: c
	        ->  Bitmap Heap Scan on sbtest7  (cost=21.95..3590.36 rows=928 width=121)
	              Recheck Cond: ((id >= 8664489) AND (id <= 8665488))
	              ->  Bitmap Index Scan on sbtest7_pkey  (cost=0.00..21.71 rows=928 width=0)
	                    Index Cond: ((id >= 8664489) AND (id <= 8665488))

table 8 : explain SELECT DISTINCT c FROM sbtest8 WHERE id BETWEEN 5021480 AND 5022479 ORDER BY c
	Unique  (cost=3915.65..3920.65 rows=1001 width=121)
	  ->  Sort  (cost=3915.65..3918.15 rows=1001 width=121)
	        Sort Key: c
	        ->  Bitmap Heap Scan on sbtest8  (cost=22.70..3865.76 rows=1001 width=121)
	              Recheck Cond: ((id >= 5021480) AND (id <= 5022479))
	              ->  Bitmap Index Scan on sbtest8_pkey  (cost=0.00..22.44 rows=1001 width=0)
	                    Index Cond: ((id >= 5021480) AND (id <= 5022479))

for: sum_ranges
table 1 : explain SELECT SUM(k) FROM sbtest1 WHERE id BETWEEN 1669912 AND 1670911
	Aggregate  (cost=3548.69..3548.70 rows=1 width=8)
	  ->  Bitmap Heap Scan on sbtest1  (cost=21.83..3546.40 rows=917 width=4)
	        Recheck Cond: ((id >= 1669912) AND (id <= 1670911))
	        ->  Bitmap Index Scan on sbtest1_pkey  (cost=0.00..21.61 rows=917 width=0)
	              Index Cond: ((id >= 1669912) AND (id <= 1670911))

table 2 : explain SELECT SUM(k) FROM sbtest2 WHERE id BETWEEN 3907397 AND 3908396
	Aggregate  (cost=3749.65..3749.66 rows=1 width=8)
	  ->  Bitmap Heap Scan on sbtest2  (cost=22.38..3747.22 rows=970 width=4)
	        Recheck Cond: ((id >= 3907397) AND (id <= 3908396))
	        ->  Bitmap Index Scan on sbtest2_pkey  (cost=0.00..22.14 rows=970 width=0)
	              Index Cond: ((id >= 3907397) AND (id <= 3908396))

table 3 : explain SELECT SUM(k) FROM sbtest3 WHERE id BETWEEN 332350 AND 333349
	Aggregate  (cost=3787.49..3787.50 rows=1 width=8)
	  ->  Bitmap Heap Scan on sbtest3  (cost=22.48..3785.04 rows=980 width=4)
	        Recheck Cond: ((id >= 332350) AND (id <= 333349))
	        ->  Bitmap Index Scan on sbtest3_pkey  (cost=0.00..22.23 rows=980 width=0)
	              Index Cond: ((id >= 332350) AND (id <= 333349))

table 4 : explain SELECT SUM(k) FROM sbtest4 WHERE id BETWEEN 6992862 AND 6993861
	Aggregate  (cost=3739.22..3739.23 rows=1 width=8)
	  ->  Bitmap Heap Scan on sbtest4  (cost=22.35..3736.81 rows=967 width=4)
	        Recheck Cond: ((id >= 6992862) AND (id <= 6993861))
	        ->  Bitmap Index Scan on sbtest4_pkey  (cost=0.00..22.11 rows=967 width=0)
	              Index Cond: ((id >= 6992862) AND (id <= 6993861))

table 5 : explain SELECT SUM(k) FROM sbtest5 WHERE id BETWEEN 4542993 AND 4543992
	Aggregate  (cost=4025.74..4025.75 rows=1 width=8)
	  ->  Bitmap Heap Scan on sbtest5  (cost=23.13..4023.14 rows=1043 width=4)
	        Recheck Cond: ((id >= 4542993) AND (id <= 4543992))
	        ->  Bitmap Index Scan on sbtest5_pkey  (cost=0.00..22.86 rows=1043 width=0)
	              Index Cond: ((id >= 4542993) AND (id <= 4543992))

table 6 : explain SELECT SUM(k) FROM sbtest6 WHERE id BETWEEN 197060 AND 198059
	Aggregate  (cost=3411.16..3411.17 rows=1 width=8)
	  ->  Bitmap Heap Scan on sbtest6  (cost=21.45..3408.96 rows=880 width=4)
	        Recheck Cond: ((id >= 197060) AND (id <= 198059))
	        ->  Bitmap Index Scan on sbtest6_pkey  (cost=0.00..21.23 rows=880 width=0)
	              Index Cond: ((id >= 197060) AND (id <= 198059))

table 7 : explain SELECT SUM(k) FROM sbtest7 WHERE id BETWEEN 3108121 AND 3109120
	Aggregate  (cost=3879.53..3879.54 rows=1 width=8)
	  ->  Bitmap Heap Scan on sbtest7  (cost=22.73..3877.02 rows=1004 width=4)
	        Recheck Cond: ((id >= 3108121) AND (id <= 3109120))
	        ->  Bitmap Index Scan on sbtest7_pkey  (cost=0.00..22.47 rows=1004 width=0)
	              Index Cond: ((id >= 3108121) AND (id <= 3109120))

table 8 : explain SELECT SUM(k) FROM sbtest8 WHERE id BETWEEN 3482131 AND 3483130
	Aggregate  (cost=4169.68..4169.69 rows=1 width=8)
	  ->  Bitmap Heap Scan on sbtest8  (cost=27.50..4166.98 rows=1080 width=4)
	        Recheck Cond: ((id >= 3482131) AND (id <= 3483130))
	        ->  Bitmap Index Scan on sbtest8_pkey  (cost=0.00..27.23 rows=1080 width=0)
	              Index Cond: ((id >= 3482131) AND (id <= 3483130))

for: order_ranges
table 1 : explain SELECT c FROM sbtest1 WHERE id BETWEEN 3433134 AND 3434133 ORDER BY c
	Sort  (cost=3878.47..3880.95 rows=992 width=121)
	  Sort Key: c
	  ->  Bitmap Heap Scan on sbtest1  (cost=22.60..3829.10 rows=992 width=121)
	        Recheck Cond: ((id >= 3433134) AND (id <= 3434133))
	        ->  Bitmap Index Scan on sbtest1_pkey  (cost=0.00..22.36 rows=992 width=0)
	              Index Cond: ((id >= 3433134) AND (id <= 3434133))

table 2 : explain SELECT c FROM sbtest2 WHERE id BETWEEN 8266615 AND 8267614 ORDER BY c
	Sort  (cost=4112.44..4115.07 rows=1053 width=121)
	  Sort Key: c
	  ->  Bitmap Heap Scan on sbtest2  (cost=23.23..4059.58 rows=1053 width=121)
	        Recheck Cond: ((id >= 8266615) AND (id <= 8267614))
	        ->  Bitmap Index Scan on sbtest2_pkey  (cost=0.00..22.96 rows=1053 width=0)
	              Index Cond: ((id >= 8266615) AND (id <= 8267614))

table 3 : explain SELECT c FROM sbtest3 WHERE id BETWEEN 4410028 AND 4411027 ORDER BY c
	Sort  (cost=3956.05..3958.58 rows=1012 width=121)
	  Sort Key: c
	  ->  Bitmap Heap Scan on sbtest3  (cost=22.81..3905.54 rows=1012 width=121)
	        Recheck Cond: ((id >= 4410028) AND (id <= 4411027))
	        ->  Bitmap Index Scan on sbtest3_pkey  (cost=0.00..22.55 rows=1012 width=0)
	              Index Cond: ((id >= 4410028) AND (id <= 4411027))

table 4 : explain SELECT c FROM sbtest4 WHERE id BETWEEN 3250727 AND 3251726 ORDER BY c
	Sort  (cost=3520.37..3522.62 rows=898 width=121)
	  Sort Key: c
	  ->  Bitmap Heap Scan on sbtest4  (cost=21.64..3476.32 rows=898 width=121)
	        Recheck Cond: ((id >= 3250727) AND (id <= 3251726))
	        ->  Bitmap Index Scan on sbtest4_pkey  (cost=0.00..21.41 rows=898 width=0)
	              Index Cond: ((id >= 3250727) AND (id <= 3251726))

table 5 : explain SELECT c FROM sbtest5 WHERE id BETWEEN 5573187 AND 5574186 ORDER BY c
	Sort  (cost=3888.18..3890.67 rows=994 width=121)
	  Sort Key: c
	  ->  Bitmap Heap Scan on sbtest5  (cost=22.62..3838.70 rows=994 width=121)
	        Recheck Cond: ((id >= 5573187) AND (id <= 5574186))
	        ->  Bitmap Index Scan on sbtest5_pkey  (cost=0.00..22.37 rows=994 width=0)
	              Index Cond: ((id >= 5573187) AND (id <= 5574186))

table 6 : explain SELECT c FROM sbtest6 WHERE id BETWEEN 3637601 AND 3638600 ORDER BY c
	Sort  (cost=3693.63..3695.99 rows=943 width=121)
	  Sort Key: c
	  ->  Bitmap Heap Scan on sbtest6  (cost=22.10..3647.04 rows=943 width=121)
	        Recheck Cond: ((id >= 3637601) AND (id <= 3638600))
	        ->  Bitmap Index Scan on sbtest6_pkey  (cost=0.00..21.86 rows=943 width=0)
	              Index Cond: ((id >= 3637601) AND (id <= 3638600))

table 7 : explain SELECT c FROM sbtest7 WHERE id BETWEEN 525387 AND 526386 ORDER BY c
	Sort  (cost=3873.53..3876.01 rows=990 width=121)
	  Sort Key: c
	  ->  Bitmap Heap Scan on sbtest7  (cost=22.58..3824.27 rows=990 width=121)
	        Recheck Cond: ((id >= 525387) AND (id <= 526386))
	        ->  Bitmap Index Scan on sbtest7_pkey  (cost=0.00..22.33 rows=990 width=0)
	              Index Cond: ((id >= 525387) AND (id <= 526386))

table 8 : explain SELECT c FROM sbtest8 WHERE id BETWEEN 2177575 AND 2178574 ORDER BY c
	Sort  (cost=4187.06..4189.74 rows=1071 width=121)
	  Sort Key: c
	  ->  Bitmap Heap Scan on sbtest8  (cost=27.41..4133.16 rows=1071 width=121)
	        Recheck Cond: ((id >= 2177575) AND (id <= 2178574))
	        ->  Bitmap Index Scan on sbtest8_pkey  (cost=0.00..27.14 rows=1071 width=0)
	              Index Cond: ((id >= 2177575) AND (id <= 2178574))

for: sum_ranges
table 1 : explain SELECT SUM(k) FROM sbtest1 WHERE id BETWEEN 6145385 AND 6146384
	Aggregate  (cost=4068.63..4068.64 rows=1 width=8)
	  ->  Bitmap Heap Scan on sbtest1  (cost=23.25..4065.99 rows=1055 width=4)
	        Recheck Cond: ((id >= 6145385) AND (id <= 6146384))
	        ->  Bitmap Index Scan on sbtest1_pkey  (cost=0.00..22.98 rows=1055 width=0)
	              Index Cond: ((id >= 6145385) AND (id <= 6146384))

table 2 : explain SELECT SUM(k) FROM sbtest2 WHERE id BETWEEN 8238777 AND 8239776
	Aggregate  (cost=4062.21..4062.22 rows=1 width=8)
	  ->  Bitmap Heap Scan on sbtest2  (cost=23.23..4059.58 rows=1053 width=4)
	        Recheck Cond: ((id >= 8238777) AND (id <= 8239776))
	        ->  Bitmap Index Scan on sbtest2_pkey  (cost=0.00..22.96 rows=1053 width=0)
	              Index Cond: ((id >= 8238777) AND (id <= 8239776))

table 3 : explain SELECT SUM(k) FROM sbtest3 WHERE id BETWEEN 5294 AND 6293
	Aggregate  (cost=3990.88..3990.89 rows=1 width=8)
	  ->  Bitmap Heap Scan on sbtest3  (cost=23.03..3988.30 rows=1034 width=4)
	        Recheck Cond: ((id >= 5294) AND (id <= 6293))
	        ->  Bitmap Index Scan on sbtest3_pkey  (cost=0.00..22.77 rows=1034 width=0)
	              Index Cond: ((id >= 5294) AND (id <= 6293))

table 4 : explain SELECT SUM(k) FROM sbtest4 WHERE id BETWEEN 4194982 AND 4195981
	Aggregate  (cost=3912.65..3912.66 rows=1 width=8)
	  ->  Bitmap Heap Scan on sbtest4  (cost=22.82..3910.11 rows=1013 width=4)
	        Recheck Cond: ((id >= 4194982) AND (id <= 4195981))
	        ->  Bitmap Index Scan on sbtest4_pkey  (cost=0.00..22.57 rows=1013 width=0)
	              Index Cond: ((id >= 4194982) AND (id <= 4195981))

table 5 : explain SELECT SUM(k) FROM sbtest5 WHERE id BETWEEN 4507560 AND 4508559
	Aggregate  (cost=3875.10..3875.11 rows=1 width=8)
	  ->  Bitmap Heap Scan on sbtest5  (cost=22.72..3872.60 rows=1003 width=4)
	        Recheck Cond: ((id >= 4507560) AND (id <= 4508559))
	        ->  Bitmap Index Scan on sbtest5_pkey  (cost=0.00..22.46 rows=1003 width=0)
	              Index Cond: ((id >= 4507560) AND (id <= 4508559))

table 6 : explain SELECT SUM(k) FROM sbtest6 WHERE id BETWEEN 397303 AND 398302
	Aggregate  (cost=3588.95..3588.96 rows=1 width=8)
	  ->  Bitmap Heap Scan on sbtest6  (cost=21.94..3586.63 rows=927 width=4)
	        Recheck Cond: ((id >= 397303) AND (id <= 398302))
	        ->  Bitmap Index Scan on sbtest6_pkey  (cost=0.00..21.70 rows=927 width=0)
	              Index Cond: ((id >= 397303) AND (id <= 398302))

table 7 : explain SELECT SUM(k) FROM sbtest7 WHERE id BETWEEN 9768297 AND 9769296
	Aggregate  (cost=4094.18..4094.19 rows=1 width=8)
	  ->  Bitmap Heap Scan on sbtest7  (cost=23.31..4091.53 rows=1061 width=4)
	        Recheck Cond: ((id >= 9768297) AND (id <= 9769296))
	        ->  Bitmap Index Scan on sbtest7_pkey  (cost=0.00..23.04 rows=1061 width=0)
	              Index Cond: ((id >= 9768297) AND (id <= 9769296))

table 8 : explain SELECT SUM(k) FROM sbtest8 WHERE id BETWEEN 7851487 AND 7852486
	Aggregate  (cost=3924.80..3924.81 rows=1 width=8)
	  ->  Bitmap Heap Scan on sbtest8  (cost=22.85..3922.26 rows=1016 width=4)
	        Recheck Cond: ((id >= 7851487) AND (id <= 7852486))
	        ->  Bitmap Index Scan on sbtest8_pkey  (cost=0.00..22.59 rows=1016 width=0)
	              Index Cond: ((id >= 7851487) AND (id <= 7852486))

for: distinct_ranges
table 1 : explain SELECT DISTINCT c FROM sbtest1 WHERE id BETWEEN 178724 AND 179723 ORDER BY c
	Unique  (cost=3656.63..3661.30 rows=934 width=121)
	  ->  Sort  (cost=3656.63..3658.96 rows=934 width=121)
	        Sort Key: c
	        ->  Bitmap Heap Scan on sbtest1  (cost=22.01..3610.54 rows=934 width=121)
	              Recheck Cond: ((id >= 178724) AND (id <= 179723))
	              ->  Bitmap Index Scan on sbtest1_pkey  (cost=0.00..21.77 rows=934 width=0)
	                    Index Cond: ((id >= 178724) AND (id <= 179723))

table 2 : explain SELECT DISTINCT c FROM sbtest2 WHERE id BETWEEN 5800968 AND 5801967 ORDER BY c
	Unique  (cost=3990.29..3995.39 rows=1021 width=121)
	  ->  Sort  (cost=3990.29..3992.84 rows=1021 width=121)
	        Sort Key: c
	        ->  Bitmap Heap Scan on sbtest2  (cost=22.90..3939.26 rows=1021 width=121)
	              Recheck Cond: ((id >= 5800968) AND (id <= 5801967))
	              ->  Bitmap Index Scan on sbtest2_pkey  (cost=0.00..22.64 rows=1021 width=0)
	                    Index Cond: ((id >= 5800968) AND (id <= 5801967))

table 3 : explain SELECT DISTINCT c FROM sbtest3 WHERE id BETWEEN 8585825 AND 8586824 ORDER BY c
	Unique  (cost=4043.89..4049.07 rows=1035 width=121)
	  ->  Sort  (cost=4043.89..4046.48 rows=1035 width=121)
	        Sort Key: c
	        ->  Bitmap Heap Scan on sbtest3  (cost=23.04..3992.06 rows=1035 width=121)
	              Recheck Cond: ((id >= 8585825) AND (id <= 8586824))
	              ->  Bitmap Index Scan on sbtest3_pkey  (cost=0.00..22.79 rows=1035 width=0)
	                    Index Cond: ((id >= 8585825) AND (id <= 8586824))

table 4 : explain SELECT DISTINCT c FROM sbtest4 WHERE id BETWEEN 8565502 AND 8566501 ORDER BY c
	Unique  (cost=4060.01..4065.20 rows=1039 width=121)
	  ->  Sort  (cost=4060.01..4062.60 rows=1039 width=121)
	        Sort Key: c
	        ->  Bitmap Heap Scan on sbtest4  (cost=23.08..4007.95 rows=1039 width=121)
	              Recheck Cond: ((id >= 8565502) AND (id <= 8566501))
	              ->  Bitmap Index Scan on sbtest4_pkey  (cost=0.00..22.82 rows=1039 width=0)
	                    Index Cond: ((id >= 8565502) AND (id <= 8566501))

table 5 : explain SELECT DISTINCT c FROM sbtest5 WHERE id BETWEEN 8022088 AND 8023087 ORDER BY c
	Unique  (cost=3872.89..3877.84 rows=990 width=121)
	  ->  Sort  (cost=3872.89..3875.36 rows=990 width=121)
	        Sort Key: c
	        ->  Bitmap Heap Scan on sbtest5  (cost=22.58..3823.63 rows=990 width=121)
	              Recheck Cond: ((id >= 8022088) AND (id <= 8023087))
	              ->  Bitmap Index Scan on sbtest5_pkey  (cost=0.00..22.33 rows=990 width=0)
	                    Index Cond: ((id >= 8022088) AND (id <= 8023087))

table 6 : explain SELECT DISTINCT c FROM sbtest6 WHERE id BETWEEN 3199416 AND 3200415 ORDER BY c
	Unique  (cost=3915.65..3920.66 rows=1001 width=121)
	  ->  Sort  (cost=3915.65..3918.16 rows=1001 width=121)
	        Sort Key: c
	        ->  Bitmap Heap Scan on sbtest6  (cost=22.70..3865.77 rows=1001 width=121)
	              Recheck Cond: ((id >= 3199416) AND (id <= 3200415))
	              ->  Bitmap Index Scan on sbtest6_pkey  (cost=0.00..22.44 rows=1001 width=0)
	                    Index Cond: ((id >= 3199416) AND (id <= 3200415))

table 7 : explain SELECT DISTINCT c FROM sbtest7 WHERE id BETWEEN 5154073 AND 5155072 ORDER BY c
	Unique  (cost=3842.92..3847.83 rows=982 width=121)
	  ->  Sort  (cost=3842.92..3845.38 rows=982 width=121)
	        Sort Key: c
	        ->  Bitmap Heap Scan on sbtest7  (cost=22.50..3794.12 rows=982 width=121)
	              Recheck Cond: ((id >= 5154073) AND (id <= 5155072))
	              ->  Bitmap Index Scan on sbtest7_pkey  (cost=0.00..22.25 rows=982 width=0)
	                    Index Cond: ((id >= 5154073) AND (id <= 5155072))

table 8 : explain SELECT DISTINCT c FROM sbtest8 WHERE id BETWEEN 6102502 AND 6103501 ORDER BY c
	Unique  (cost=4137.26..4142.55 rows=1059 width=121)
	  ->  Sort  (cost=4137.26..4139.90 rows=1059 width=121)
	        Sort Key: c
	        ->  Bitmap Heap Scan on sbtest8  (cost=23.29..4084.05 rows=1059 width=121)
	              Recheck Cond: ((id >= 6102502) AND (id <= 6103501))
	              ->  Bitmap Index Scan on sbtest8_pkey  (cost=0.00..23.02 rows=1059 width=0)
	                    Index Cond: ((id >= 6102502) AND (id <= 6103501))

for: order_ranges
table 1 : explain SELECT c FROM sbtest1 WHERE id BETWEEN 2744281 AND 2745280 ORDER BY c
	Sort  (cost=3606.84..3609.14 rows=921 width=121)
	  Sort Key: c
	  ->  Bitmap Heap Scan on sbtest1  (cost=21.88..3561.50 rows=921 width=121)
	        Recheck Cond: ((id >= 2744281) AND (id <= 2745280))
	        ->  Bitmap Index Scan on sbtest1_pkey  (cost=0.00..21.64 rows=921 width=0)
	              Index Cond: ((id >= 2744281) AND (id <= 2745280))

table 2 : explain SELECT c FROM sbtest2 WHERE id BETWEEN 6085706 AND 6086705 ORDER BY c
	Sort  (cost=3925.34..3927.85 rows=1004 width=121)
	  Sort Key: c
	  ->  Bitmap Heap Scan on sbtest2  (cost=22.73..3875.29 rows=1004 width=121)
	        Recheck Cond: ((id >= 6085706) AND (id <= 6086705))
	        ->  Bitmap Index Scan on sbtest2_pkey  (cost=0.00..22.47 rows=1004 width=0)
	              Index Cond: ((id >= 6085706) AND (id <= 6086705))

table 3 : explain SELECT c FROM sbtest3 WHERE id BETWEEN 8748649 AND 8749648 ORDER BY c
	Sort  (cost=3791.65..3794.07 rows=969 width=121)
	  Sort Key: c
	  ->  Bitmap Heap Scan on sbtest3  (cost=22.37..3743.59 rows=969 width=121)
	        Recheck Cond: ((id >= 8748649) AND (id <= 8749648))
	        ->  Bitmap Index Scan on sbtest3_pkey  (cost=0.00..22.12 rows=969 width=0)
	              Index Cond: ((id >= 8748649) AND (id <= 8749648))

table 4 : explain SELECT c FROM sbtest4 WHERE id BETWEEN 8910147 AND 8911146 ORDER BY c
	Sort  (cost=3910.99..3913.49 rows=1000 width=121)
	  Sort Key: c
	  ->  Bitmap Heap Scan on sbtest4  (cost=22.68..3861.16 rows=1000 width=121)
	        Recheck Cond: ((id >= 8910147) AND (id <= 8911146))
	        ->  Bitmap Index Scan on sbtest4_pkey  (cost=0.00..22.43 rows=1000 width=0)
	              Index Cond: ((id >= 8910147) AND (id <= 8911146))

table 5 : explain SELECT c FROM sbtest5 WHERE id BETWEEN 7311342 AND 7312341 ORDER BY c
	Sort  (cost=3796.37..3798.79 rows=970 width=121)
	  Sort Key: c
	  ->  Bitmap Heap Scan on sbtest5  (cost=22.38..3748.25 rows=970 width=121)
	        Recheck Cond: ((id >= 7311342) AND (id <= 7312341))
	        ->  Bitmap Index Scan on sbtest5_pkey  (cost=0.00..22.14 rows=970 width=0)
	              Index Cond: ((id >= 7311342) AND (id <= 7312341))

table 6 : explain SELECT c FROM sbtest6 WHERE id BETWEEN 1674180 AND 1675179 ORDER BY c
	Sort  (cost=4305.31..4308.06 rows=1102 width=121)
	  Sort Key: c
	  ->  Bitmap Heap Scan on sbtest6  (cost=27.73..4249.62 rows=1102 width=121)
	        Recheck Cond: ((id >= 1674180) AND (id <= 1675179))
	        ->  Bitmap Index Scan on sbtest6_pkey  (cost=0.00..27.45 rows=1102 width=0)
	              Index Cond: ((id >= 1674180) AND (id <= 1675179))

table 7 : explain SELECT c FROM sbtest7 WHERE id BETWEEN 8595879 AND 8596878 ORDER BY c
	Sort  (cost=3613.10..3615.41 rows=922 width=121)
	  Sort Key: c
	  ->  Bitmap Heap Scan on sbtest7  (cost=21.89..3567.70 rows=922 width=121)
	        Recheck Cond: ((id >= 8595879) AND (id <= 8596878))
	        ->  Bitmap Index Scan on sbtest7_pkey  (cost=0.00..21.65 rows=922 width=0)
	              Index Cond: ((id >= 8595879) AND (id <= 8596878))

table 8 : explain SELECT c FROM sbtest8 WHERE id BETWEEN 6303070 AND 6304069 ORDER BY c
	Sort  (cost=3781.72..3784.13 rows=966 width=121)
	  Sort Key: c
	  ->  Bitmap Heap Scan on sbtest8  (cost=22.34..3733.82 rows=966 width=121)
	        Recheck Cond: ((id >= 6303070) AND (id <= 6304069))
	        ->  Bitmap Index Scan on sbtest8_pkey  (cost=0.00..22.09 rows=966 width=0)
	              Index Cond: ((id >= 6303070) AND (id <= 6304069))

for: order_ranges
table 1 : explain SELECT c FROM sbtest1 WHERE id BETWEEN 1776706 AND 1777705 ORDER BY c
	Sort  (cost=4374.49..4377.29 rows=1122 width=121)
	  Sort Key: c
	  ->  Bitmap Heap Scan on sbtest1  (cost=27.94..4317.65 rows=1122 width=121)
	        Recheck Cond: ((id >= 1776706) AND (id <= 1777705))
	        ->  Bitmap Index Scan on sbtest1_pkey  (cost=0.00..27.65 rows=1122 width=0)
	              Index Cond: ((id >= 1776706) AND (id <= 1777705))

table 2 : explain SELECT c FROM sbtest2 WHERE id BETWEEN 2735578 AND 2736577 ORDER BY c
	Sort  (cost=3833.59..3836.04 rows=980 width=121)
	  Sort Key: c
	  ->  Bitmap Heap Scan on sbtest2  (cost=22.48..3784.90 rows=980 width=121)
	        Recheck Cond: ((id >= 2735578) AND (id <= 2736577))
	        ->  Bitmap Index Scan on sbtest2_pkey  (cost=0.00..22.23 rows=980 width=0)
	              Index Cond: ((id >= 2735578) AND (id <= 2736577))

table 3 : explain SELECT c FROM sbtest3 WHERE id BETWEEN 7637535 AND 7638534 ORDER BY c
	Sort  (cost=3833.73..3836.18 rows=980 width=121)
	  Sort Key: c
	  ->  Bitmap Heap Scan on sbtest3  (cost=22.48..3785.04 rows=980 width=121)
	        Recheck Cond: ((id >= 7637535) AND (id <= 7638534))
	        ->  Bitmap Index Scan on sbtest3_pkey  (cost=0.00..22.23 rows=980 width=0)
	              Index Cond: ((id >= 7637535) AND (id <= 7638534))

table 4 : explain SELECT c FROM sbtest4 WHERE id BETWEEN 1582939 AND 1583938 ORDER BY c
	Sort  (cost=4033.27..4035.85 rows=1032 width=121)
	  Sort Key: c
	  ->  Bitmap Heap Scan on sbtest4  (cost=23.01..3981.62 rows=1032 width=121)
	        Recheck Cond: ((id >= 1582939) AND (id <= 1583938))
	        ->  Bitmap Index Scan on sbtest4_pkey  (cost=0.00..22.75 rows=1032 width=0)
	              Index Cond: ((id >= 1582939) AND (id <= 1583938))

table 5 : explain SELECT c FROM sbtest5 WHERE id BETWEEN 3846991 AND 3847990 ORDER BY c
	Sort  (cost=4109.78..4112.41 rows=1052 width=121)
	  Sort Key: c
	  ->  Bitmap Heap Scan on sbtest5  (cost=23.22..4056.98 rows=1052 width=121)
	        Recheck Cond: ((id >= 3846991) AND (id <= 3847990))
	        ->  Bitmap Index Scan on sbtest5_pkey  (cost=0.00..22.95 rows=1052 width=0)
	              Index Cond: ((id >= 3846991) AND (id <= 3847990))

table 6 : explain SELECT c FROM sbtest6 WHERE id BETWEEN 7042107 AND 7043106 ORDER BY c
	Sort  (cost=3911.83..3914.33 rows=1000 width=121)
	  Sort Key: c
	  ->  Bitmap Heap Scan on sbtest6  (cost=22.68..3862.00 rows=1000 width=121)
	        Recheck Cond: ((id >= 7042107) AND (id <= 7043106))
	        ->  Bitmap Index Scan on sbtest6_pkey  (cost=0.00..22.43 rows=1000 width=0)
	              Index Cond: ((id >= 7042107) AND (id <= 7043106))

table 7 : explain SELECT c FROM sbtest7 WHERE id BETWEEN 4176595 AND 4177594 ORDER BY c
	Sort  (cost=3701.25..3703.62 rows=945 width=121)
	  Sort Key: c
	  ->  Bitmap Heap Scan on sbtest7  (cost=22.12..3654.55 rows=945 width=121)
	        Recheck Cond: ((id >= 4176595) AND (id <= 4177594))
	        ->  Bitmap Index Scan on sbtest7_pkey  (cost=0.00..21.89 rows=945 width=0)
	              Index Cond: ((id >= 4176595) AND (id <= 4177594))

table 8 : explain SELECT c FROM sbtest8 WHERE id BETWEEN 9234538 AND 9235537 ORDER BY c
	Sort  (cost=3705.12..3707.48 rows=946 width=121)
	  Sort Key: c
	  ->  Bitmap Heap Scan on sbtest8  (cost=22.13..3658.36 rows=946 width=121)
	        Recheck Cond: ((id >= 9234538) AND (id <= 9235537))
	        ->  Bitmap Index Scan on sbtest8_pkey  (cost=0.00..21.89 rows=946 width=0)
	              Index Cond: ((id >= 9234538) AND (id <= 9235537))

for: distinct_ranges
table 1 : explain SELECT DISTINCT c FROM sbtest1 WHERE id BETWEEN 9660245 AND 9661244 ORDER BY c
	Unique  (cost=3541.71..3546.23 rows=904 width=121)
	  ->  Sort  (cost=3541.71..3543.97 rows=904 width=121)
	        Sort Key: c
	        ->  Bitmap Heap Scan on sbtest1  (cost=21.70..3497.32 rows=904 width=121)
	              Recheck Cond: ((id >= 9660245) AND (id <= 9661244))
	              ->  Bitmap Index Scan on sbtest1_pkey  (cost=0.00..21.47 rows=904 width=0)
	                    Index Cond: ((id >= 9660245) AND (id <= 9661244))

table 2 : explain SELECT DISTINCT c FROM sbtest2 WHERE id BETWEEN 8782547 AND 8783546 ORDER BY c
	Unique  (cost=4322.38..4327.92 rows=1108 width=121)
	  ->  Sort  (cost=4322.38..4325.15 rows=1108 width=121)
	        Sort Key: c
	        ->  Bitmap Heap Scan on sbtest2  (cost=27.79..4266.35 rows=1108 width=121)
	              Recheck Cond: ((id >= 8782547) AND (id <= 8783546))
	              ->  Bitmap Index Scan on sbtest2_pkey  (cost=0.00..27.51 rows=1108 width=0)
	                    Index Cond: ((id >= 8782547) AND (id <= 8783546))

table 3 : explain SELECT DISTINCT c FROM sbtest3 WHERE id BETWEEN 8065144 AND 8066143 ORDER BY c
	Unique  (cost=4013.34..4018.48 rows=1027 width=121)
	  ->  Sort  (cost=4013.34..4015.91 rows=1027 width=121)
	        Sort Key: c
	        ->  Bitmap Heap Scan on sbtest3  (cost=22.96..3961.97 rows=1027 width=121)
	              Recheck Cond: ((id >= 8065144) AND (id <= 8066143))
	              ->  Bitmap Index Scan on sbtest3_pkey  (cost=0.00..22.70 rows=1027 width=0)
	                    Index Cond: ((id >= 8065144) AND (id <= 8066143))

table 4 : explain SELECT DISTINCT c FROM sbtest4 WHERE id BETWEEN 5201486 AND 5202485 ORDER BY c
	Unique  (cost=3903.35..3908.34 rows=998 width=121)
	  ->  Sort  (cost=3903.35..3905.84 rows=998 width=121)
	        Sort Key: c
	        ->  Bitmap Heap Scan on sbtest4  (cost=22.66..3853.63 rows=998 width=121)
	              Recheck Cond: ((id >= 5201486) AND (id <= 5202485))
	              ->  Bitmap Index Scan on sbtest4_pkey  (cost=0.00..22.41 rows=998 width=0)
	                    Index Cond: ((id >= 5201486) AND (id <= 5202485))

table 5 : explain SELECT DISTINCT c FROM sbtest5 WHERE id BETWEEN 4655091 AND 4656090 ORDER BY c
	Unique  (cost=4132.68..4137.97 rows=1058 width=121)
	  ->  Sort  (cost=4132.68..4135.33 rows=1058 width=121)
	        Sort Key: c
	        ->  Bitmap Heap Scan on sbtest5  (cost=23.28..4079.53 rows=1058 width=121)
	              Recheck Cond: ((id >= 4655091) AND (id <= 4656090))
	              ->  Bitmap Index Scan on sbtest5_pkey  (cost=0.00..23.01 rows=1058 width=0)
	                    Index Cond: ((id >= 4655091) AND (id <= 4656090))

table 6 : explain SELECT DISTINCT c FROM sbtest6 WHERE id BETWEEN 2076900 AND 2077899 ORDER BY c
	Unique  (cost=3908.01..3913.00 rows=999 width=121)
	  ->  Sort  (cost=3908.01..3910.50 rows=999 width=121)
	        Sort Key: c
	        ->  Bitmap Heap Scan on sbtest6  (cost=22.67..3858.23 rows=999 width=121)
	              Recheck Cond: ((id >= 2076900) AND (id <= 2077899))
	              ->  Bitmap Index Scan on sbtest6_pkey  (cost=0.00..22.43 rows=999 width=0)
	                    Index Cond: ((id >= 2076900) AND (id <= 2077899))

table 7 : explain SELECT DISTINCT c FROM sbtest7 WHERE id BETWEEN 4975589 AND 4976588 ORDER BY c
	Unique  (cost=4053.20..4058.39 rows=1037 width=121)
	  ->  Sort  (cost=4053.20..4055.80 rows=1037 width=121)
	        Sort Key: c
	        ->  Bitmap Heap Scan on sbtest7  (cost=23.06..4001.26 rows=1037 width=121)
	              Recheck Cond: ((id >= 4975589) AND (id <= 4976588))
	              ->  Bitmap Index Scan on sbtest7_pkey  (cost=0.00..22.80 rows=1037 width=0)
	                    Index Cond: ((id >= 4975589) AND (id <= 4976588))

table 8 : explain SELECT DISTINCT c FROM sbtest8 WHERE id BETWEEN 4503356 AND 4504355 ORDER BY c
	Unique  (cost=3827.65..3832.54 rows=978 width=121)
	  ->  Sort  (cost=3827.65..3830.10 rows=978 width=121)
	        Sort Key: c
	        ->  Bitmap Heap Scan on sbtest8  (cost=22.46..3779.08 rows=978 width=121)
	              Recheck Cond: ((id >= 4503356) AND (id <= 4504355))
	              ->  Bitmap Index Scan on sbtest8_pkey  (cost=0.00..22.21 rows=978 width=0)
	                    Index Cond: ((id >= 4503356) AND (id <= 4504355))

for: distinct_ranges
table 1 : explain SELECT DISTINCT c FROM sbtest1 WHERE id BETWEEN 7102541 AND 7103540 ORDER BY c
	Unique  (cost=3947.24..3952.29 rows=1010 width=121)
	  ->  Sort  (cost=3947.24..3949.76 rows=1010 width=121)
	        Sort Key: c
	        ->  Bitmap Heap Scan on sbtest1  (cost=22.79..3896.84 rows=1010 width=121)
	              Recheck Cond: ((id >= 7102541) AND (id <= 7103540))
	              ->  Bitmap Index Scan on sbtest1_pkey  (cost=0.00..22.54 rows=1010 width=0)
	                    Index Cond: ((id >= 7102541) AND (id <= 7103540))

table 2 : explain SELECT DISTINCT c FROM sbtest2 WHERE id BETWEEN 8532635 AND 8533634 ORDER BY c
	Unique  (cost=3684.35..3689.06 rows=941 width=121)
	  ->  Sort  (cost=3684.35..3686.70 rows=941 width=121)
	        Sort Key: c
	        ->  Bitmap Heap Scan on sbtest2  (cost=22.08..3637.87 rows=941 width=121)
	              Recheck Cond: ((id >= 8532635) AND (id <= 8533634))
	              ->  Bitmap Index Scan on sbtest2_pkey  (cost=0.00..21.84 rows=941 width=0)
	                    Index Cond: ((id >= 8532635) AND (id <= 8533634))

table 3 : explain SELECT DISTINCT c FROM sbtest3 WHERE id BETWEEN 4590374 AND 4591373 ORDER BY c
	Unique  (cost=3646.18..3650.83 rows=931 width=121)
	  ->  Sort  (cost=3646.18..3648.50 rows=931 width=121)
	        Sort Key: c
	        ->  Bitmap Heap Scan on sbtest3  (cost=21.98..3600.26 rows=931 width=121)
	              Recheck Cond: ((id >= 4590374) AND (id <= 4591373))
	              ->  Bitmap Index Scan on sbtest3_pkey  (cost=0.00..21.75 rows=931 width=0)
	                    Index Cond: ((id >= 4590374) AND (id <= 4591373))

table 4 : explain SELECT DISTINCT c FROM sbtest4 WHERE id BETWEEN 3387614 AND 3388613 ORDER BY c
	Unique  (cost=3807.72..3812.58 rows=973 width=121)
	  ->  Sort  (cost=3807.72..3810.15 rows=973 width=121)
	        Sort Key: c
	        ->  Bitmap Heap Scan on sbtest4  (cost=22.41..3759.43 rows=973 width=121)
	              Recheck Cond: ((id >= 3387614) AND (id <= 3388613))
	              ->  Bitmap Index Scan on sbtest4_pkey  (cost=0.00..22.16 rows=973 width=0)
	                    Index Cond: ((id >= 3387614) AND (id <= 3388613))

table 5 : explain SELECT DISTINCT c FROM sbtest5 WHERE id BETWEEN 7116696 AND 7117695 ORDER BY c
	Unique  (cost=3589.52..3594.10 rows=916 width=121)
	  ->  Sort  (cost=3589.52..3591.81 rows=916 width=121)
	        Sort Key: c
	        ->  Bitmap Heap Scan on sbtest5  (cost=21.82..3544.46 rows=916 width=121)
	              Recheck Cond: ((id >= 7116696) AND (id <= 7117695))
	              ->  Bitmap Index Scan on sbtest5_pkey  (cost=0.00..21.59 rows=916 width=0)
	                    Index Cond: ((id >= 7116696) AND (id <= 7117695))

table 6 : explain SELECT DISTINCT c FROM sbtest6 WHERE id BETWEEN 1277691 AND 1278690 ORDER BY c
	Unique  (cost=3999.76..4004.88 rows=1023 width=121)
	  ->  Sort  (cost=3999.76..4002.32 rows=1023 width=121)
	        Sort Key: c
	        ->  Bitmap Heap Scan on sbtest6  (cost=22.92..3948.62 rows=1023 width=121)
	              Recheck Cond: ((id >= 1277691) AND (id <= 1278690))
	              ->  Bitmap Index Scan on sbtest6_pkey  (cost=0.00..22.66 rows=1023 width=0)
	                    Index Cond: ((id >= 1277691) AND (id <= 1278690))

table 7 : explain SELECT DISTINCT c FROM sbtest7 WHERE id BETWEEN 3220776 AND 3221775 ORDER BY c
	Unique  (cost=3693.59..3698.31 rows=943 width=121)
	  ->  Sort  (cost=3693.59..3695.95 rows=943 width=121)
	        Sort Key: c
	        ->  Bitmap Heap Scan on sbtest7  (cost=22.10..3647.00 rows=943 width=121)
	              Recheck Cond: ((id >= 3220776) AND (id <= 3221775))
	              ->  Bitmap Index Scan on sbtest7_pkey  (cost=0.00..21.86 rows=943 width=0)
	                    Index Cond: ((id >= 3220776) AND (id <= 3221775))

table 8 : explain SELECT DISTINCT c FROM sbtest8 WHERE id BETWEEN 5936245 AND 5937244 ORDER BY c
	Unique  (cost=3946.24..3951.28 rows=1009 width=121)
	  ->  Sort  (cost=3946.24..3948.76 rows=1009 width=121)
	        Sort Key: c
	        ->  Bitmap Heap Scan on sbtest8  (cost=22.78..3895.89 rows=1009 width=121)
	              Recheck Cond: ((id >= 5936245) AND (id <= 5937244))
	              ->  Bitmap Index Scan on sbtest8_pkey  (cost=0.00..22.52 rows=1009 width=0)
	                    Index Cond: ((id >= 5936245) AND (id <= 5937244))

Threads started!

Warming up for 5 seconds...

SQL statistics:
    queries performed:
        read:                            89137510
        write:                           0
        other:                           16206848
        total:                           105344358
    transactions:                        8103444 (12862.46 per sec.)
    queries:                             105344358 (167211.32 per sec.)
    ignored errors:                      0      (0.00 per sec.)
    reconnects:                          0      (0.00 per sec.)

Throughput:
    events/s (eps):                      12862.4600
    time elapsed:                        630.0077s
    total number of events:              8103444

Latency (ms):
         min:                                    0.52
         avg:                                    3.11
         max:                                   19.30
         95th percentile:                        3.25
         sum:                             25190746.93

Threads fairness:
    events (avg/stddev):           202585.8500/471.32
    execution time (avg/stddev):   629.7687/0.00

