LUA_PATH=/home/mdcallag/git/mytools/bench/sysbench.lua/lua/?.lua /home/mdcallag/git/mytools/bench/sysbench.lua/lua/sysbench --db-driver=pgsql --range-size=10 --table-size=10000000 --tables=8 --threads=40 --events=0 --warmup-time=5 --time=930 --pgsql_conn_id=true /home/mdcallag/git/mytools/bench/sysbench.lua/lua/oltp_read_write.lua run --pgsql-user=root --pgsql-password=pw --pgsql-host=127.0.0.1 --pgsql-db=ib --rand-type=uniform
48 CPUs
sysbench 1.1.0-9072687 (using bundled LuaJIT 2.1.0-beta3)

Running the test with following options:
Number of threads: 40
Warmup time: 5s
Initializing random number generator from current time


Initializing worker threads...

explain: for point_selects :: explain SELECT c FROM sbtest%u WHERE id=%u
explain: for point_selects :: explain SELECT c FROM sbtest%u WHERE id=%u
explain: for point_selects :: explain SELECT c FROM sbtest%u WHERE id=%u
for point_selects
table 1 : explain SELECT c FROM sbtest1 WHERE id=2873294
	Index Scan using sbtest1_pkey on sbtest1  (cost=0.43..8.45 rows=1 width=121)
	  Index Cond: (id = 2873294)

table 2 : explain SELECT c FROM sbtest2 WHERE id=8037581
	Index Scan using sbtest2_pkey on sbtest2  (cost=0.43..8.45 rows=1 width=121)
	  Index Cond: (id = 8037581)

table 3 : explain SELECT c FROM sbtest3 WHERE id=8481787
	Index Scan using sbtest3_pkey on sbtest3  (cost=0.43..8.45 rows=1 width=121)
	  Index Cond: (id = 8481787)

table 4 : explain SELECT c FROM sbtest4 WHERE id=1005906
	Index Scan using sbtest4_pkey on sbtest4  (cost=0.43..8.45 rows=1 width=121)
	  Index Cond: (id = 1005906)

table 5 : explain SELECT c FROM sbtest5 WHERE id=2226016
	Index Scan using sbtest5_pkey on sbtest5  (cost=0.43..8.45 rows=1 width=121)
	  Index Cond: (id = 2226016)

table 6 : explain SELECT c FROM sbtest6 WHERE id=7480378
	Index Scan using sbtest6_pkey on sbtest6  (cost=0.43..8.45 rows=1 width=121)
	  Index Cond: (id = 7480378)

table 7 : explain SELECT c FROM sbtest7 WHERE id=8187931
	Index Scan using sbtest7_pkey on sbtest7  (cost=0.43..8.45 rows=1 width=121)
	  Index Cond: (id = 8187931)

table 8 : explain SELECT c FROM sbtest8 WHERE id=5954082
	Index Scan using sbtest8_pkey on sbtest8  (cost=0.43..8.45 rows=1 width=121)
	  Index Cond: (id = 5954082)

explain: for point_selects :: explain SELECT c FROM sbtest%u WHERE id=%u
explain: for point_selects :: explain SELECT c FROM sbtest%u WHERE id=%u
for point_selects
table 1 : explain SELECT c FROM sbtest1 WHERE id=1624207
	Index Scan using sbtest1_pkey on sbtest1  (cost=0.43..8.45 rows=1 width=121)
	  Index Cond: (id = 1624207)

table 2 : explain SELECT c FROM sbtest2 WHERE id=4931815
	Index Scan using sbtest2_pkey on sbtest2  (cost=0.43..8.45 rows=1 width=121)
	  Index Cond: (id = 4931815)

table 3 : explain SELECT c FROM sbtest3 WHERE id=9629521
	Index Scan using sbtest3_pkey on sbtest3  (cost=0.43..8.45 rows=1 width=121)
	  Index Cond: (id = 9629521)

table 4 : explain SELECT c FROM sbtest4 WHERE id=8194012
	Index Scan using sbtest4_pkey on sbtest4  (cost=0.43..8.45 rows=1 width=121)
	  Index Cond: (id = 8194012)

table 5 : explain SELECT c FROM sbtest5 WHERE id=6239592
	Index Scan using sbtest5_pkey on sbtest5  (cost=0.43..8.45 rows=1 width=121)
	  Index Cond: (id = 6239592)

table 6 : explain SELECT c FROM sbtest6 WHERE id=9222314
	Index Scan using sbtest6_pkey on sbtest6  (cost=0.43..8.45 rows=1 width=121)
	  Index Cond: (id = 9222314)

table 7 : explain SELECT c FROM sbtest7 WHERE id=5521584
	Index Scan using sbtest7_pkey on sbtest7  (cost=0.43..8.45 rows=1 width=121)
	  Index Cond: (id = 5521584)

table 8 : explain SELECT c FROM sbtest8 WHERE id=5521946
	Index Scan using sbtest8_pkey on sbtest8  (cost=0.43..8.45 rows=1 width=121)
	  Index Cond: (id = 5521946)

for: simple_ranges
table 1 : explain SELECT c FROM sbtest1 WHERE id BETWEEN 9784774 AND 9784783
	Index Scan using sbtest1_pkey on sbtest1  (cost=0.43..40.88 rows=10 width=121)
	  Index Cond: ((id >= 9784774) AND (id <= 9784783))

table 2 : explain SELECT c FROM sbtest2 WHERE id BETWEEN 5371437 AND 5371446
	Index Scan using sbtest2_pkey on sbtest2  (cost=0.43..40.89 rows=10 width=121)
	  Index Cond: ((id >= 5371437) AND (id <= 5371446))

table 3 : explain SELECT c FROM sbtest3 WHERE id BETWEEN 366429 AND 366438
	Index Scan using sbtest3_pkey on sbtest3  (cost=0.43..44.32 rows=11 width=121)
	  Index Cond: ((id >= 366429) AND (id <= 366438))

table 4 : explain SELECT c FROM sbtest4 WHERE id BETWEEN 9144015 AND 9144024
	Index Scan using sbtest4_pkey on sbtest4  (cost=0.43..43.98 rows=11 width=121)
	  Index Cond: ((id >= 9144015) AND (id <= 9144024))

table 5 : explain SELECT c FROM sbtest5 WHERE id BETWEEN 7717294 AND 7717303
	Index Scan using sbtest5_pkey on sbtest5  (cost=0.43..40.70 rows=10 width=121)
	  Index Cond: ((id >= 7717294) AND (id <= 7717303))

table 6 : explain SELECT c FROM sbtest6 WHERE id BETWEEN 7832533 AND 7832542
	Index Scan using sbtest6_pkey on sbtest6  (cost=0.43..40.72 rows=10 width=121)
	  Index Cond: ((id >= 7832533) AND (id <= 7832542))

table 7 : explain SELECT c FROM sbtest7 WHERE id BETWEEN 7799002 AND 7799011
	Index Scan using sbtest7_pkey on sbtest7  (cost=0.43..40.75 rows=10 width=121)
	  Index Cond: ((id >= 7799002) AND (id <= 7799011))

table 8 : explain SELECT c FROM sbtest8 WHERE id BETWEEN 9504233 AND 9504242
	Index Scan using sbtest8_pkey on sbtest8  (cost=0.43..40.34 rows=10 width=121)
	  Index Cond: ((id >= 9504233) AND (id <= 9504242))

for: simple_ranges
table 1 : explain SELECT c FROM sbtest1 WHERE id BETWEEN 5938269 AND 5938278
	Index Scan using sbtest1_pkey on sbtest1  (cost=0.43..40.88 rows=10 width=121)
	  Index Cond: ((id >= 5938269) AND (id <= 5938278))

table 2 : explain SELECT c FROM sbtest2 WHERE id BETWEEN 7803873 AND 7803882
	Index Scan using sbtest2_pkey on sbtest2  (cost=0.43..40.89 rows=10 width=121)
	  Index Cond: ((id >= 7803873) AND (id <= 7803882))

table 3 : explain SELECT c FROM sbtest3 WHERE id BETWEEN 9187229 AND 9187238
	Index Scan using sbtest3_pkey on sbtest3  (cost=0.43..40.73 rows=10 width=121)
	  Index Cond: ((id >= 9187229) AND (id <= 9187238))

table 4 : explain SELECT c FROM sbtest4 WHERE id BETWEEN 8924022 AND 8924031
	Index Scan using sbtest4_pkey on sbtest4  (cost=0.43..40.43 rows=10 width=121)
	  Index Cond: ((id >= 8924022) AND (id <= 8924031))

table 5 : explain SELECT c FROM sbtest5 WHERE id BETWEEN 4645399 AND 4645408
	Index Scan using sbtest5_pkey on sbtest5  (cost=0.43..40.70 rows=10 width=121)
	  Index Cond: ((id >= 4645399) AND (id <= 4645408))

table 6 : explain SELECT c FROM sbtest6 WHERE id BETWEEN 9734291 AND 9734300
	Index Scan using sbtest6_pkey on sbtest6  (cost=0.43..40.72 rows=10 width=121)
	  Index Cond: ((id >= 9734291) AND (id <= 9734300))

table 7 : explain SELECT c FROM sbtest7 WHERE id BETWEEN 9203297 AND 9203306
	Index Scan using sbtest7_pkey on sbtest7  (cost=0.43..37.16 rows=9 width=121)
	  Index Cond: ((id >= 9203297) AND (id <= 9203306))

table 8 : explain SELECT c FROM sbtest8 WHERE id BETWEEN 9456471 AND 9456480
	Index Scan using sbtest8_pkey on sbtest8  (cost=0.43..40.34 rows=10 width=121)
	  Index Cond: ((id >= 9456471) AND (id <= 9456480))

for point_selects
table 1 : explain SELECT c FROM sbtest1 WHERE id=722543
	Index Scan using sbtest1_pkey on sbtest1  (cost=0.43..8.45 rows=1 width=121)
	  Index Cond: (id = 722543)

table 2 : explain SELECT c FROM sbtest2 WHERE id=2726551
	Index Scan using sbtest2_pkey on sbtest2  (cost=0.43..8.45 rows=1 width=121)
	  Index Cond: (id = 2726551)

table 3 : explain SELECT c FROM sbtest3 WHERE id=6861496
	Index Scan using sbtest3_pkey on sbtest3  (cost=0.43..8.45 rows=1 width=121)
	  Index Cond: (id = 6861496)

table 4 : explain SELECT c FROM sbtest4 WHERE id=2793070
	Index Scan using sbtest4_pkey on sbtest4  (cost=0.43..8.45 rows=1 width=121)
	  Index Cond: (id = 2793070)

table 5 : explain SELECT c FROM sbtest5 WHERE id=8951654
	Index Scan using sbtest5_pkey on sbtest5  (cost=0.43..8.45 rows=1 width=121)
	  Index Cond: (id = 8951654)

table 6 : explain SELECT c FROM sbtest6 WHERE id=878324
	Index Scan using sbtest6_pkey on sbtest6  (cost=0.43..8.45 rows=1 width=121)
	  Index Cond: (id = 878324)

table 7 : explain SELECT c FROM sbtest7 WHERE id=1823169
	Index Scan using sbtest7_pkey on sbtest7  (cost=0.43..8.45 rows=1 width=121)
	  Index Cond: (id = 1823169)

table 8 : explain SELECT c FROM sbtest8 WHERE id=208362
	Index Scan using sbtest8_pkey on sbtest8  (cost=0.43..8.45 rows=1 width=121)
	  Index Cond: (id = 208362)

for: sum_ranges
table 1 : explain SELECT SUM(k) FROM sbtest1 WHERE id BETWEEN 8029330 AND 8029339
	Aggregate  (cost=37.30..37.31 rows=1 width=8)
	  ->  Index Scan using sbtest1_pkey on sbtest1  (cost=0.43..37.28 rows=9 width=4)
	        Index Cond: ((id >= 8029330) AND (id <= 8029339))

table 2 : explain SELECT SUM(k) FROM sbtest2 WHERE id BETWEEN 6076673 AND 6076682
	Aggregate  (cost=37.31..37.32 rows=1 width=8)
	  ->  Index Scan using sbtest2_pkey on sbtest2  (cost=0.43..37.28 rows=9 width=4)
	        Index Cond: ((id >= 6076673) AND (id <= 6076682))

table 3 : explain SELECT SUM(k) FROM sbtest3 WHERE id BETWEEN 827409 AND 827418
	Aggregate  (cost=37.17..37.18 rows=1 width=8)
	  ->  Index Scan using sbtest3_pkey on sbtest3  (cost=0.43..37.15 rows=9 width=4)
	        Index Cond: ((id >= 827409) AND (id <= 827418))

table 4 : explain SELECT SUM(k) FROM sbtest4 WHERE id BETWEEN 2684327 AND 2684336
	Aggregate  (cost=40.46..40.47 rows=1 width=8)
	  ->  Index Scan using sbtest4_pkey on sbtest4  (cost=0.43..40.43 rows=10 width=4)
	        Index Cond: ((id >= 2684327) AND (id <= 2684336))

table 5 : explain SELECT SUM(k) FROM sbtest5 WHERE id BETWEEN 34602 AND 34611
	Aggregate  (cost=40.73..40.74 rows=1 width=8)
	  ->  Index Scan using sbtest5_pkey on sbtest5  (cost=0.43..40.70 rows=10 width=4)
	        Index Cond: ((id >= 34602) AND (id <= 34611))

table 6 : explain SELECT SUM(k) FROM sbtest6 WHERE id BETWEEN 2735454 AND 2735463
	Aggregate  (cost=37.16..37.17 rows=1 width=8)
	  ->  Index Scan using sbtest6_pkey on sbtest6  (cost=0.43..37.14 rows=9 width=4)
	        Index Cond: ((id >= 2735454) AND (id <= 2735463))

table 7 : explain SELECT SUM(k) FROM sbtest7 WHERE id BETWEEN 6131642 AND 6131651
	Aggregate  (cost=40.77..40.78 rows=1 width=8)
	  ->  Index Scan using sbtest7_pkey on sbtest7  (cost=0.43..40.75 rows=10 width=4)
	        Index Cond: ((id >= 6131642) AND (id <= 6131651))

table 8 : explain SELECT SUM(k) FROM sbtest8 WHERE id BETWEEN 4203066 AND 4203075
	Aggregate  (cost=40.36..40.37 rows=1 width=8)
	  ->  Index Scan using sbtest8_pkey on sbtest8  (cost=0.43..40.34 rows=10 width=4)
	        Index Cond: ((id >= 4203066) AND (id <= 4203075))

for point_selects
table 1 : explain SELECT c FROM sbtest1 WHERE id=2852605
	Index Scan using sbtest1_pkey on sbtest1  (cost=0.43..8.45 rows=1 width=121)
	  Index Cond: (id = 2852605)

table 2 : explain SELECT c FROM sbtest2 WHERE id=2453585
	Index Scan using sbtest2_pkey on sbtest2  (cost=0.43..8.45 rows=1 width=121)
	  Index Cond: (id = 2453585)

table 3 : explain SELECT c FROM sbtest3 WHERE id=4348057
	Index Scan using sbtest3_pkey on sbtest3  (cost=0.43..8.45 rows=1 width=121)
	  Index Cond: (id = 4348057)

table 4 : explain SELECT c FROM sbtest4 WHERE id=5868266
	Index Scan using sbtest4_pkey on sbtest4  (cost=0.43..8.45 rows=1 width=121)
	  Index Cond: (id = 5868266)

table 5 : explain SELECT c FROM sbtest5 WHERE id=3136974
	Index Scan using sbtest5_pkey on sbtest5  (cost=0.43..8.45 rows=1 width=121)
	  Index Cond: (id = 3136974)

table 6 : explain SELECT c FROM sbtest6 WHERE id=1118402
	Index Scan using sbtest6_pkey on sbtest6  (cost=0.43..8.45 rows=1 width=121)
	  Index Cond: (id = 1118402)

table 7 : explain SELECT c FROM sbtest7 WHERE id=7875854
	Index Scan using sbtest7_pkey on sbtest7  (cost=0.43..8.45 rows=1 width=121)
	  Index Cond: (id = 7875854)

table 8 : explain SELECT c FROM sbtest8 WHERE id=2657859
	Index Scan using sbtest8_pkey on sbtest8  (cost=0.43..8.45 rows=1 width=121)
	  Index Cond: (id = 2657859)

for point_selects
table 1 : explain SELECT c FROM sbtest1 WHERE id=4412558
	Index Scan using sbtest1_pkey on sbtest1  (cost=0.43..8.45 rows=1 width=121)
	  Index Cond: (id = 4412558)

table 2 : explain SELECT c FROM sbtest2 WHERE id=2322406
	Index Scan using sbtest2_pkey on sbtest2  (cost=0.43..8.45 rows=1 width=121)
	  Index Cond: (id = 2322406)

table 3 : explain SELECT c FROM sbtest3 WHERE id=5484094
	Index Scan using sbtest3_pkey on sbtest3  (cost=0.43..8.45 rows=1 width=121)
	  Index Cond: (id = 5484094)

table 4 : explain SELECT c FROM sbtest4 WHERE id=3307652
	Index Scan using sbtest4_pkey on sbtest4  (cost=0.43..8.45 rows=1 width=121)
	  Index Cond: (id = 3307652)

table 5 : explain SELECT c FROM sbtest5 WHERE id=5363194
	Index Scan using sbtest5_pkey on sbtest5  (cost=0.43..8.45 rows=1 width=121)
	  Index Cond: (id = 5363194)

table 6 : explain SELECT c FROM sbtest6 WHERE id=6741368
	Index Scan using sbtest6_pkey on sbtest6  (cost=0.43..8.45 rows=1 width=121)
	  Index Cond: (id = 6741368)

table 7 : explain SELECT c FROM sbtest7 WHERE id=6292221
	Index Scan using sbtest7_pkey on sbtest7  (cost=0.43..8.45 rows=1 width=121)
	  Index Cond: (id = 6292221)

table 8 : explain SELECT c FROM sbtest8 WHERE id=5362265
	Index Scan using sbtest8_pkey on sbtest8  (cost=0.43..8.45 rows=1 width=121)
	  Index Cond: (id = 5362265)

for: simple_ranges
table 1 : explain SELECT c FROM sbtest1 WHERE id BETWEEN 7720342 AND 7720351
	Index Scan using sbtest1_pkey on sbtest1  (cost=0.43..40.88 rows=10 width=121)
	  Index Cond: ((id >= 7720342) AND (id <= 7720351))

table 2 : explain SELECT c FROM sbtest2 WHERE id BETWEEN 4890292 AND 4890301
	Index Scan using sbtest2_pkey on sbtest2  (cost=0.43..44.49 rows=11 width=121)
	  Index Cond: ((id >= 4890292) AND (id <= 4890301))

table 3 : explain SELECT c FROM sbtest3 WHERE id BETWEEN 2486152 AND 2486161
	Index Scan using sbtest3_pkey on sbtest3  (cost=0.43..44.32 rows=11 width=121)
	  Index Cond: ((id >= 2486152) AND (id <= 2486161))

table 4 : explain SELECT c FROM sbtest4 WHERE id BETWEEN 1737055 AND 1737064
	Index Scan using sbtest4_pkey on sbtest4  (cost=0.43..40.43 rows=10 width=121)
	  Index Cond: ((id >= 1737055) AND (id <= 1737064))

table 5 : explain SELECT c FROM sbtest5 WHERE id BETWEEN 5059177 AND 5059186
	Index Scan using sbtest5_pkey on sbtest5  (cost=0.43..40.70 rows=10 width=121)
	  Index Cond: ((id >= 5059177) AND (id <= 5059186))

table 6 : explain SELECT c FROM sbtest6 WHERE id BETWEEN 9515910 AND 9515919
	Index Scan using sbtest6_pkey on sbtest6  (cost=0.43..40.72 rows=10 width=121)
	  Index Cond: ((id >= 9515910) AND (id <= 9515919))

table 7 : explain SELECT c FROM sbtest7 WHERE id BETWEEN 1479225 AND 1479234
	Index Scan using sbtest7_pkey on sbtest7  (cost=0.43..37.16 rows=9 width=121)
	  Index Cond: ((id >= 1479225) AND (id <= 1479234))

table 8 : explain SELECT c FROM sbtest8 WHERE id BETWEEN 5253334 AND 5253343
	Index Scan using sbtest8_pkey on sbtest8  (cost=0.43..36.79 rows=9 width=121)
	  Index Cond: ((id >= 5253334) AND (id <= 5253343))

explain: for point_selects :: explain SELECT c FROM sbtest%u WHERE id=%u
for: simple_ranges
table 1 : explain SELECT c FROM sbtest1 WHERE id BETWEEN 8962018 AND 8962027
	Index Scan using sbtest1_pkey on sbtest1  (cost=0.43..40.88 rows=10 width=121)
	  Index Cond: ((id >= 8962018) AND (id <= 8962027))

table 2 : explain SELECT c FROM sbtest2 WHERE id BETWEEN 6725191 AND 6725200
	Index Scan using sbtest2_pkey on sbtest2  (cost=0.43..37.28 rows=9 width=121)
	  Index Cond: ((id >= 6725191) AND (id <= 6725200))

table 3 : explain SELECT c FROM sbtest3 WHERE id BETWEEN 6339177 AND 6339186
	Index Scan using sbtest3_pkey on sbtest3  (cost=0.43..40.73 rows=10 width=121)
	  Index Cond: ((id >= 6339177) AND (id <= 6339186))

table 4 : explain SELECT c FROM sbtest4 WHERE id BETWEEN 585683 AND 585692
	Index Scan using sbtest4_pkey on sbtest4  (cost=0.43..40.43 rows=10 width=121)
	  Index Cond: ((id >= 585683) AND (id <= 585692))

table 5 : explain SELECT c FROM sbtest5 WHERE id BETWEEN 716743 AND 716752
	Index Scan using sbtest5_pkey on sbtest5  (cost=0.43..40.70 rows=10 width=121)
	  Index Cond: ((id >= 716743) AND (id <= 716752))

table 6 : explain SELECT c FROM sbtest6 WHERE id BETWEEN 4571006 AND 4571015
	Index Scan using sbtest6_pkey on sbtest6  (cost=0.43..40.72 rows=10 width=121)
	  Index Cond: ((id >= 4571006) AND (id <= 4571015))

table 7 : explain SELECT c FROM sbtest7 WHERE id BETWEEN 5691197 AND 5691206
	Index Scan using sbtest7_pkey on sbtest7  (cost=0.43..40.75 rows=10 width=121)
	  Index Cond: ((id >= 5691197) AND (id <= 5691206))

table 8 : explain SELECT c FROM sbtest8 WHERE id BETWEEN 6626136 AND 6626145
	Index Scan using sbtest8_pkey on sbtest8  (cost=0.43..36.79 rows=9 width=121)
	  Index Cond: ((id >= 6626136) AND (id <= 6626145))

explain: for point_selects :: explain SELECT c FROM sbtest%u WHERE id=%u
for: sum_ranges
table 1 : explain SELECT SUM(k) FROM sbtest1 WHERE id BETWEEN 4460435 AND 4460444
	Aggregate  (cost=37.30..37.31 rows=1 width=8)
	  ->  Index Scan using sbtest1_pkey on sbtest1  (cost=0.43..37.28 rows=9 width=4)
	        Index Cond: ((id >= 4460435) AND (id <= 4460444))

table 2 : explain SELECT SUM(k) FROM sbtest2 WHERE id BETWEEN 4888934 AND 4888943
	Aggregate  (cost=44.52..44.53 rows=1 width=8)
	  ->  Index Scan using sbtest2_pkey on sbtest2  (cost=0.43..44.49 rows=11 width=4)
	        Index Cond: ((id >= 4888934) AND (id <= 4888943))

table 3 : explain SELECT SUM(k) FROM sbtest3 WHERE id BETWEEN 4963105 AND 4963114
	Aggregate  (cost=44.35..44.36 rows=1 width=8)
	  ->  Index Scan using sbtest3_pkey on sbtest3  (cost=0.43..44.32 rows=11 width=4)
	        Index Cond: ((id >= 4963105) AND (id <= 4963114))

table 4 : explain SELECT SUM(k) FROM sbtest4 WHERE id BETWEEN 6083591 AND 6083600
	Aggregate  (cost=44.01..44.02 rows=1 width=8)
	  ->  Index Scan using sbtest4_pkey on sbtest4  (cost=0.43..43.98 rows=11 width=4)
	        Index Cond: ((id >= 6083591) AND (id <= 6083600))

table 5 : explain SELECT SUM(k) FROM sbtest5 WHERE id BETWEEN 9204220 AND 9204229
	Aggregate  (cost=40.73..40.74 rows=1 width=8)
	  ->  Index Scan using sbtest5_pkey on sbtest5  (cost=0.43..40.70 rows=10 width=4)
	        Index Cond: ((id >= 9204220) AND (id <= 9204229))

table 6 : explain SELECT SUM(k) FROM sbtest6 WHERE id BETWEEN 4345843 AND 4345852
	Aggregate  (cost=37.16..37.17 rows=1 width=8)
	  ->  Index Scan using sbtest6_pkey on sbtest6  (cost=0.43..37.14 rows=9 width=4)
	        Index Cond: ((id >= 4345843) AND (id <= 4345852))

table 7 : explain SELECT SUM(k) FROM sbtest7 WHERE id BETWEEN 8366321 AND 8366330
	Aggregate  (cost=44.36..44.37 rows=1 width=8)
	  ->  Index Scan using sbtest7_pkey on sbtest7  (cost=0.43..44.34 rows=11 width=4)
	        Index Cond: ((id >= 8366321) AND (id <= 8366330))

table 8 : explain SELECT SUM(k) FROM sbtest8 WHERE id BETWEEN 9328828 AND 9328837
	Aggregate  (cost=43.91..43.92 rows=1 width=8)
	  ->  Index Scan using sbtest8_pkey on sbtest8  (cost=0.43..43.88 rows=11 width=4)
	        Index Cond: ((id >= 9328828) AND (id <= 9328837))

for: simple_ranges
table 1 : explain SELECT c FROM sbtest1 WHERE id BETWEEN 5497031 AND 5497040
	Index Scan using sbtest1_pkey on sbtest1  (cost=0.43..40.88 rows=10 width=121)
	  Index Cond: ((id >= 5497031) AND (id <= 5497040))

table 2 : explain SELECT c FROM sbtest2 WHERE id BETWEEN 8696348 AND 8696357
	Index Scan using sbtest2_pkey on sbtest2  (cost=0.43..44.49 rows=11 width=121)
	  Index Cond: ((id >= 8696348) AND (id <= 8696357))

table 3 : explain SELECT c FROM sbtest3 WHERE id BETWEEN 1153848 AND 1153857
	Index Scan using sbtest3_pkey on sbtest3  (cost=0.43..44.32 rows=11 width=121)
	  Index Cond: ((id >= 1153848) AND (id <= 1153857))

table 4 : explain SELECT c FROM sbtest4 WHERE id BETWEEN 6348730 AND 6348739
	Index Scan using sbtest4_pkey on sbtest4  (cost=0.43..40.43 rows=10 width=121)
	  Index Cond: ((id >= 6348730) AND (id <= 6348739))

table 5 : explain SELECT c FROM sbtest5 WHERE id BETWEEN 4890551 AND 4890560
	Index Scan using sbtest5_pkey on sbtest5  (cost=0.43..40.70 rows=10 width=121)
	  Index Cond: ((id >= 4890551) AND (id <= 4890560))

table 6 : explain SELECT c FROM sbtest6 WHERE id BETWEEN 4703291 AND 4703300
	Index Scan using sbtest6_pkey on sbtest6  (cost=0.43..40.72 rows=10 width=121)
	  Index Cond: ((id >= 4703291) AND (id <= 4703300))

table 7 : explain SELECT c FROM sbtest7 WHERE id BETWEEN 926102 AND 926111
	Index Scan using sbtest7_pkey on sbtest7  (cost=0.43..40.75 rows=10 width=121)
	  Index Cond: ((id >= 926102) AND (id <= 926111))

table 8 : explain SELECT c FROM sbtest8 WHERE id BETWEEN 1745615 AND 1745624
	Index Scan using sbtest8_pkey on sbtest8  (cost=0.43..36.79 rows=9 width=121)
	  Index Cond: ((id >= 1745615) AND (id <= 1745624))

for: sum_ranges
table 1 : explain SELECT SUM(k) FROM sbtest1 WHERE id BETWEEN 6499417 AND 6499426
	Aggregate  (cost=37.30..37.31 rows=1 width=8)
	  ->  Index Scan using sbtest1_pkey on sbtest1  (cost=0.43..37.28 rows=9 width=4)
	        Index Cond: ((id >= 6499417) AND (id <= 6499426))

table 2 : explain SELECT SUM(k) FROM sbtest2 WHERE id BETWEEN 187301 AND 187310
	Aggregate  (cost=40.91..40.92 rows=1 width=8)
	  ->  Index Scan using sbtest2_pkey on sbtest2  (cost=0.43..40.89 rows=10 width=4)
	        Index Cond: ((id >= 187301) AND (id <= 187310))

table 3 : explain SELECT SUM(k) FROM sbtest3 WHERE id BETWEEN 808962 AND 808971
	Aggregate  (cost=37.17..37.18 rows=1 width=8)
	  ->  Index Scan using sbtest3_pkey on sbtest3  (cost=0.43..37.15 rows=9 width=4)
	        Index Cond: ((id >= 808962) AND (id <= 808971))

table 4 : explain SELECT SUM(k) FROM sbtest4 WHERE id BETWEEN 8161952 AND 8161961
	Aggregate  (cost=40.46..40.47 rows=1 width=8)
	  ->  Index Scan using sbtest4_pkey on sbtest4  (cost=0.43..40.43 rows=10 width=4)
	        Index Cond: ((id >= 8161952) AND (id <= 8161961))

table 5 : explain SELECT SUM(k) FROM sbtest5 WHERE id BETWEEN 6630511 AND 6630520
	Aggregate  (cost=44.31..44.32 rows=1 width=8)
	  ->  Index Scan using sbtest5_pkey on sbtest5  (cost=0.43..44.29 rows=11 width=4)
	        Index Cond: ((id >= 6630511) AND (id <= 6630520))

table 6 : explain SELECT SUM(k) FROM sbtest6 WHERE id BETWEEN 1591765 AND 1591774
	Aggregate  (cost=44.33..44.34 rows=1 width=8)
	  ->  Index Scan using sbtest6_pkey on sbtest6  (cost=0.43..44.31 rows=11 width=4)
	        Index Cond: ((id >= 1591765) AND (id <= 1591774))

table 7 : explain SELECT SUM(k) FROM sbtest7 WHERE id BETWEEN 9886561 AND 9886570
	Aggregate  (cost=40.77..40.78 rows=1 width=8)
	  ->  Index Scan using sbtest7_pkey on sbtest7  (cost=0.43..40.75 rows=10 width=4)
	        Index Cond: ((id >= 9886561) AND (id <= 9886570))

table 8 : explain SELECT SUM(k) FROM sbtest8 WHERE id BETWEEN 2650607 AND 2650616
	Aggregate  (cost=36.82..36.83 rows=1 width=8)
	  ->  Index Scan using sbtest8_pkey on sbtest8  (cost=0.43..36.79 rows=9 width=4)
	        Index Cond: ((id >= 2650607) AND (id <= 2650616))

explain: for point_selects :: explain SELECT c FROM sbtest%u WHERE id=%u
for: sum_ranges
table 1 : explain SELECT SUM(k) FROM sbtest1 WHERE id BETWEEN 9398818 AND 9398827
	Aggregate  (cost=40.90..40.91 rows=1 width=8)
	  ->  Index Scan using sbtest1_pkey on sbtest1  (cost=0.43..40.88 rows=10 width=4)
	        Index Cond: ((id >= 9398818) AND (id <= 9398827))

table 2 : explain SELECT SUM(k) FROM sbtest2 WHERE id BETWEEN 3274242 AND 3274251
	Aggregate  (cost=40.91..40.92 rows=1 width=8)
	  ->  Index Scan using sbtest2_pkey on sbtest2  (cost=0.43..40.89 rows=10 width=4)
	        Index Cond: ((id >= 3274242) AND (id <= 3274251))

table 3 : explain SELECT SUM(k) FROM sbtest3 WHERE id BETWEEN 2877770 AND 2877779
	Aggregate  (cost=37.17..37.18 rows=1 width=8)
	  ->  Index Scan using sbtest3_pkey on sbtest3  (cost=0.43..37.15 rows=9 width=4)
	        Index Cond: ((id >= 2877770) AND (id <= 2877779))

table 4 : explain SELECT SUM(k) FROM sbtest4 WHERE id BETWEEN 2730717 AND 2730726
	Aggregate  (cost=40.46..40.47 rows=1 width=8)
	  ->  Index Scan using sbtest4_pkey on sbtest4  (cost=0.43..40.43 rows=10 width=4)
	        Index Cond: ((id >= 2730717) AND (id <= 2730726))

table 5 : explain SELECT SUM(k) FROM sbtest5 WHERE id BETWEEN 9716945 AND 9716954
	Aggregate  (cost=44.31..44.32 rows=1 width=8)
	  ->  Index Scan using sbtest5_pkey on sbtest5  (cost=0.43..44.29 rows=11 width=4)
	        Index Cond: ((id >= 9716945) AND (id <= 9716954))

table 6 : explain SELECT SUM(k) FROM sbtest6 WHERE id BETWEEN 3787550 AND 3787559
	Aggregate  (cost=40.75..40.76 rows=1 width=8)
	  ->  Index Scan using sbtest6_pkey on sbtest6  (cost=0.43..40.72 rows=10 width=4)
	        Index Cond: ((id >= 3787550) AND (id <= 3787559))

table 7 : explain SELECT SUM(k) FROM sbtest7 WHERE id BETWEEN 9703012 AND 9703021
	Aggregate  (cost=40.77..40.78 rows=1 width=8)
	  ->  Index Scan using sbtest7_pkey on sbtest7  (cost=0.43..40.75 rows=10 width=4)
	        Index Cond: ((id >= 9703012) AND (id <= 9703021))

table 8 : explain SELECT SUM(k) FROM sbtest8 WHERE id BETWEEN 2987339 AND 2987348
	Aggregate  (cost=43.91..43.92 rows=1 width=8)
	  ->  Index Scan using sbtest8_pkey on sbtest8  (cost=0.43..43.88 rows=11 width=4)
	        Index Cond: ((id >= 2987339) AND (id <= 2987348))

for: order_ranges
table 1 : explain SELECT c FROM sbtest1 WHERE id BETWEEN 4263800 AND 4263809 ORDER BY c
	Sort  (cost=41.04..41.07 rows=10 width=121)
	  Sort Key: c
	  ->  Index Scan using sbtest1_pkey on sbtest1  (cost=0.43..40.88 rows=10 width=121)
	        Index Cond: ((id >= 4263800) AND (id <= 4263809))

table 2 : explain SELECT c FROM sbtest2 WHERE id BETWEEN 8732965 AND 8732974 ORDER BY c
	Sort  (cost=44.68..44.71 rows=11 width=121)
	  Sort Key: c
	  ->  Index Scan using sbtest2_pkey on sbtest2  (cost=0.43..44.49 rows=11 width=121)
	        Index Cond: ((id >= 8732965) AND (id <= 8732974))

table 3 : explain SELECT c FROM sbtest3 WHERE id BETWEEN 3870820 AND 3870829 ORDER BY c
	Sort  (cost=37.29..37.31 rows=9 width=121)
	  Sort Key: c
	  ->  Index Scan using sbtest3_pkey on sbtest3  (cost=0.43..37.15 rows=9 width=121)
	        Index Cond: ((id >= 3870820) AND (id <= 3870829))

table 4 : explain SELECT c FROM sbtest4 WHERE id BETWEEN 4518014 AND 4518023 ORDER BY c
	Sort  (cost=40.60..40.62 rows=10 width=121)
	  Sort Key: c
	  ->  Index Scan using sbtest4_pkey on sbtest4  (cost=0.43..40.43 rows=10 width=121)
	        Index Cond: ((id >= 4518014) AND (id <= 4518023))

table 5 : explain SELECT c FROM sbtest5 WHERE id BETWEEN 2693730 AND 2693739 ORDER BY c
	Sort  (cost=40.87..40.89 rows=10 width=121)
	  Sort Key: c
	  ->  Index Scan using sbtest5_pkey on sbtest5  (cost=0.43..40.70 rows=10 width=121)
	        Index Cond: ((id >= 2693730) AND (id <= 2693739))

table 6 : explain SELECT c FROM sbtest6 WHERE id BETWEEN 3518579 AND 3518588 ORDER BY c
	Sort  (cost=44.50..44.52 rows=11 width=121)
	  Sort Key: c
	  ->  Index Scan using sbtest6_pkey on sbtest6  (cost=0.43..44.31 rows=11 width=121)
	        Index Cond: ((id >= 3518579) AND (id <= 3518588))

table 7 : explain SELECT c FROM sbtest7 WHERE id BETWEEN 1248549 AND 1248558 ORDER BY c
	Sort  (cost=40.91..40.94 rows=10 width=121)
	  Sort Key: c
	  ->  Index Scan using sbtest7_pkey on sbtest7  (cost=0.43..40.75 rows=10 width=121)
	        Index Cond: ((id >= 1248549) AND (id <= 1248558))

table 8 : explain SELECT c FROM sbtest8 WHERE id BETWEEN 9755026 AND 9755035 ORDER BY c
	Sort  (cost=36.94..36.96 rows=9 width=121)
	  Sort Key: c
	  ->  Index Scan using sbtest8_pkey on sbtest8  (cost=0.43..36.79 rows=9 width=121)
	        Index Cond: ((id >= 9755026) AND (id <= 9755035))

for: order_ranges
table 1 : explain SELECT c FROM sbtest1 WHERE id BETWEEN 8926113 AND 8926122 ORDER BY c
	Sort  (cost=41.04..41.07 rows=10 width=121)
	  Sort Key: c
	  ->  Index Scan using sbtest1_pkey on sbtest1  (cost=0.43..40.88 rows=10 width=121)
	        Index Cond: ((id >= 8926113) AND (id <= 8926122))

table 2 : explain SELECT c FROM sbtest2 WHERE id BETWEEN 2687468 AND 2687477 ORDER BY c
	Sort  (cost=41.05..41.08 rows=10 width=121)
	  Sort Key: c
	  ->  Index Scan using sbtest2_pkey on sbtest2  (cost=0.43..40.89 rows=10 width=121)
	        Index Cond: ((id >= 2687468) AND (id <= 2687477))

table 3 : explain SELECT c FROM sbtest3 WHERE id BETWEEN 3960222 AND 3960231 ORDER BY c
	Sort  (cost=40.90..40.93 rows=10 width=121)
	  Sort Key: c
	  ->  Index Scan using sbtest3_pkey on sbtest3  (cost=0.43..40.73 rows=10 width=121)
	        Index Cond: ((id >= 3960222) AND (id <= 3960231))

table 4 : explain SELECT c FROM sbtest4 WHERE id BETWEEN 5515778 AND 5515787 ORDER BY c
	Sort  (cost=37.02..37.04 rows=9 width=121)
	  Sort Key: c
	  ->  Index Scan using sbtest4_pkey on sbtest4  (cost=0.43..36.88 rows=9 width=121)
	        Index Cond: ((id >= 5515778) AND (id <= 5515787))

table 5 : explain SELECT c FROM sbtest5 WHERE id BETWEEN 8112216 AND 8112225 ORDER BY c
	Sort  (cost=37.26..37.29 rows=9 width=121)
	  Sort Key: c
	  ->  Index Scan using sbtest5_pkey on sbtest5  (cost=0.43..37.12 rows=9 width=121)
	        Index Cond: ((id >= 8112216) AND (id <= 8112225))

table 6 : explain SELECT c FROM sbtest6 WHERE id BETWEEN 9154321 AND 9154330 ORDER BY c
	Sort  (cost=40.89..40.91 rows=10 width=121)
	  Sort Key: c
	  ->  Index Scan using sbtest6_pkey on sbtest6  (cost=0.43..40.72 rows=10 width=121)
	        Index Cond: ((id >= 9154321) AND (id <= 9154330))

table 7 : explain SELECT c FROM sbtest7 WHERE id BETWEEN 2130670 AND 2130679 ORDER BY c
	Sort  (cost=37.30..37.33 rows=9 width=121)
	  Sort Key: c
	  ->  Index Scan using sbtest7_pkey on sbtest7  (cost=0.43..37.16 rows=9 width=121)
	        Index Cond: ((id >= 2130670) AND (id <= 2130679))

table 8 : explain SELECT c FROM sbtest8 WHERE id BETWEEN 8275649 AND 8275658 ORDER BY c
	Sort  (cost=40.50..40.53 rows=10 width=121)
	  Sort Key: c
	  ->  Index Scan using sbtest8_pkey on sbtest8  (cost=0.43..40.34 rows=10 width=121)
	        Index Cond: ((id >= 8275649) AND (id <= 8275658))

for: sum_ranges
table 1 : explain SELECT SUM(k) FROM sbtest1 WHERE id BETWEEN 6064579 AND 6064588
	Aggregate  (cost=40.90..40.91 rows=1 width=8)
	  ->  Index Scan using sbtest1_pkey on sbtest1  (cost=0.43..40.88 rows=10 width=4)
	        Index Cond: ((id >= 6064579) AND (id <= 6064588))

table 2 : explain SELECT SUM(k) FROM sbtest2 WHERE id BETWEEN 2065996 AND 2066005
	Aggregate  (cost=37.31..37.32 rows=1 width=8)
	  ->  Index Scan using sbtest2_pkey on sbtest2  (cost=0.43..37.28 rows=9 width=4)
	        Index Cond: ((id >= 2065996) AND (id <= 2066005))

table 3 : explain SELECT SUM(k) FROM sbtest3 WHERE id BETWEEN 4394110 AND 4394119
	Aggregate  (cost=40.76..40.77 rows=1 width=8)
	  ->  Index Scan using sbtest3_pkey on sbtest3  (cost=0.43..40.73 rows=10 width=4)
	        Index Cond: ((id >= 4394110) AND (id <= 4394119))

table 4 : explain SELECT SUM(k) FROM sbtest4 WHERE id BETWEEN 2610776 AND 2610785
	Aggregate  (cost=40.46..40.47 rows=1 width=8)
	  ->  Index Scan using sbtest4_pkey on sbtest4  (cost=0.43..40.43 rows=10 width=4)
	        Index Cond: ((id >= 2610776) AND (id <= 2610785))

table 5 : explain SELECT SUM(k) FROM sbtest5 WHERE id BETWEEN 3646853 AND 3646862
	Aggregate  (cost=40.73..40.74 rows=1 width=8)
	  ->  Index Scan using sbtest5_pkey on sbtest5  (cost=0.43..40.70 rows=10 width=4)
	        Index Cond: ((id >= 3646853) AND (id <= 3646862))

table 6 : explain SELECT SUM(k) FROM sbtest6 WHERE id BETWEEN 8172912 AND 8172921
	Aggregate  (cost=40.75..40.76 rows=1 width=8)
	  ->  Index Scan using sbtest6_pkey on sbtest6  (cost=0.43..40.72 rows=10 width=4)
	        Index Cond: ((id >= 8172912) AND (id <= 8172921))

table 7 : explain SELECT SUM(k) FROM sbtest7 WHERE id BETWEEN 2931242 AND 2931251
	Aggregate  (cost=40.77..40.78 rows=1 width=8)
	  ->  Index Scan using sbtest7_pkey on sbtest7  (cost=0.43..40.75 rows=10 width=4)
	        Index Cond: ((id >= 2931242) AND (id <= 2931251))

table 8 : explain SELECT SUM(k) FROM sbtest8 WHERE id BETWEEN 6234527 AND 6234536
	Aggregate  (cost=40.36..40.37 rows=1 width=8)
	  ->  Index Scan using sbtest8_pkey on sbtest8  (cost=0.43..40.34 rows=10 width=4)
	        Index Cond: ((id >= 6234527) AND (id <= 6234536))

for point_selects
table 1 : explain SELECT c FROM sbtest1 WHERE id=684913
	Index Scan using sbtest1_pkey on sbtest1  (cost=0.43..8.45 rows=1 width=121)
	  Index Cond: (id = 684913)

table 2 : explain SELECT c FROM sbtest2 WHERE id=7717026
	Index Scan using sbtest2_pkey on sbtest2  (cost=0.43..8.45 rows=1 width=121)
	  Index Cond: (id = 7717026)

table 3 : explain SELECT c FROM sbtest3 WHERE id=3466294
	Index Scan using sbtest3_pkey on sbtest3  (cost=0.43..8.45 rows=1 width=121)
	  Index Cond: (id = 3466294)

table 4 : explain SELECT c FROM sbtest4 WHERE id=1207766
	Index Scan using sbtest4_pkey on sbtest4  (cost=0.43..8.45 rows=1 width=121)
	  Index Cond: (id = 1207766)

table 5 : explain SELECT c FROM sbtest5 WHERE id=5746564
	Index Scan using sbtest5_pkey on sbtest5  (cost=0.43..8.45 rows=1 width=121)
	  Index Cond: (id = 5746564)

table 6 : explain SELECT c FROM sbtest6 WHERE id=3990154
	Index Scan using sbtest6_pkey on sbtest6  (cost=0.43..8.45 rows=1 width=121)
	  Index Cond: (id = 3990154)

table 7 : explain SELECT c FROM sbtest7 WHERE id=658646
	Index Scan using sbtest7_pkey on sbtest7  (cost=0.43..8.45 rows=1 width=121)
	  Index Cond: (id = 658646)

table 8 : explain SELECT c FROM sbtest8 WHERE id=7202342
	Index Scan using sbtest8_pkey on sbtest8  (cost=0.43..8.45 rows=1 width=121)
	  Index Cond: (id = 7202342)

explain: for point_selects :: explain SELECT c FROM sbtest%u WHERE id=%u
explain: for point_selects :: explain SELECT c FROM sbtest%u WHERE id=%u
for: order_ranges
table 1 : explain SELECT c FROM sbtest1 WHERE id BETWEEN 2858533 AND 2858542 ORDER BY c
	Sort  (cost=44.67..44.70 rows=11 width=121)
	  Sort Key: c
	  ->  Index Scan using sbtest1_pkey on sbtest1  (cost=0.43..44.48 rows=11 width=121)
	        Index Cond: ((id >= 2858533) AND (id <= 2858542))

table 2 : explain SELECT c FROM sbtest2 WHERE id BETWEEN 9765084 AND 9765093 ORDER BY c
	Sort  (cost=37.43..37.45 rows=9 width=121)
	  Sort Key: c
	  ->  Index Scan using sbtest2_pkey on sbtest2  (cost=0.43..37.28 rows=9 width=121)
	        Index Cond: ((id >= 9765084) AND (id <= 9765093))

table 3 : explain SELECT c FROM sbtest3 WHERE id BETWEEN 290922 AND 290931 ORDER BY c
	Sort  (cost=37.29..37.31 rows=9 width=121)
	  Sort Key: c
	  ->  Index Scan using sbtest3_pkey on sbtest3  (cost=0.43..37.15 rows=9 width=121)
	        Index Cond: ((id >= 290922) AND (id <= 290931))

table 4 : explain SELECT c FROM sbtest4 WHERE id BETWEEN 763743 AND 763752 ORDER BY c
	Sort  (cost=40.60..40.62 rows=10 width=121)
	  Sort Key: c
	  ->  Index Scan using sbtest4_pkey on sbtest4  (cost=0.43..40.43 rows=10 width=121)
	        Index Cond: ((id >= 763743) AND (id <= 763752))

table 5 : explain SELECT c FROM sbtest5 WHERE id BETWEEN 5590384 AND 5590393 ORDER BY c
	Sort  (cost=40.87..40.89 rows=10 width=121)
	  Sort Key: c
	  ->  Index Scan using sbtest5_pkey on sbtest5  (cost=0.43..40.70 rows=10 width=121)
	        Index Cond: ((id >= 5590384) AND (id <= 5590393))

table 6 : explain SELECT c FROM sbtest6 WHERE id BETWEEN 4101459 AND 4101468 ORDER BY c
	Sort  (cost=44.50..44.52 rows=11 width=121)
	  Sort Key: c
	  ->  Index Scan using sbtest6_pkey on sbtest6  (cost=0.43..44.31 rows=11 width=121)
	        Index Cond: ((id >= 4101459) AND (id <= 4101468))

table 7 : explain SELECT c FROM sbtest7 WHERE id BETWEEN 8542440 AND 8542449 ORDER BY c
	Sort  (cost=37.30..37.33 rows=9 width=121)
	  Sort Key: c
	  ->  Index Scan using sbtest7_pkey on sbtest7  (cost=0.43..37.16 rows=9 width=121)
	        Index Cond: ((id >= 8542440) AND (id <= 8542449))

table 8 : explain SELECT c FROM sbtest8 WHERE id BETWEEN 1306146 AND 1306155 ORDER BY c
	Sort  (cost=36.94..36.96 rows=9 width=121)
	  Sort Key: c
	  ->  Index Scan using sbtest8_pkey on sbtest8  (cost=0.43..36.79 rows=9 width=121)
	        Index Cond: ((id >= 1306146) AND (id <= 1306155))

explain: for point_selects :: explain SELECT c FROM sbtest%u WHERE id=%u
explain: for point_selects :: explain SELECT c FROM sbtest%u WHERE id=%u
explain: for point_selects :: explain SELECT c FROM sbtest%u WHERE id=%u
for point_selects
table 1 : explain SELECT c FROM sbtest1 WHERE id=5393212
	Index Scan using sbtest1_pkey on sbtest1  (cost=0.43..8.45 rows=1 width=121)
	  Index Cond: (id = 5393212)

table 2 : explain SELECT c FROM sbtest2 WHERE id=3567409
	Index Scan using sbtest2_pkey on sbtest2  (cost=0.43..8.45 rows=1 width=121)
	  Index Cond: (id = 3567409)

table 3 : explain SELECT c FROM sbtest3 WHERE id=1884611
	Index Scan using sbtest3_pkey on sbtest3  (cost=0.43..8.45 rows=1 width=121)
	  Index Cond: (id = 1884611)

table 4 : explain SELECT c FROM sbtest4 WHERE id=1668495
	Index Scan using sbtest4_pkey on sbtest4  (cost=0.43..8.45 rows=1 width=121)
	  Index Cond: (id = 1668495)

table 5 : explain SELECT c FROM sbtest5 WHERE id=6648635
	Index Scan using sbtest5_pkey on sbtest5  (cost=0.43..8.45 rows=1 width=121)
	  Index Cond: (id = 6648635)

table 6 : explain SELECT c FROM sbtest6 WHERE id=7982747
	Index Scan using sbtest6_pkey on sbtest6  (cost=0.43..8.45 rows=1 width=121)
	  Index Cond: (id = 7982747)

table 7 : explain SELECT c FROM sbtest7 WHERE id=3510339
	Index Scan using sbtest7_pkey on sbtest7  (cost=0.43..8.45 rows=1 width=121)
	  Index Cond: (id = 3510339)

table 8 : explain SELECT c FROM sbtest8 WHERE id=6008566
	Index Scan using sbtest8_pkey on sbtest8  (cost=0.43..8.45 rows=1 width=121)
	  Index Cond: (id = 6008566)

explain: for point_selects :: explain SELECT c FROM sbtest%u WHERE id=%u
explain: for point_selects :: explain SELECT c FROM sbtest%u WHERE id=%u
for: distinct_ranges
table 1 : explain SELECT DISTINCT c FROM sbtest1 WHERE id BETWEEN 1388945 AND 1388954 ORDER BY c
	Unique  (cost=41.04..41.09 rows=10 width=121)
	  ->  Sort  (cost=41.04..41.07 rows=10 width=121)
	        Sort Key: c
	        ->  Index Scan using sbtest1_pkey on sbtest1  (cost=0.43..40.88 rows=10 width=121)
	              Index Cond: ((id >= 1388945) AND (id <= 1388954))

table 2 : explain SELECT DISTINCT c FROM sbtest2 WHERE id BETWEEN 5546425 AND 5546434 ORDER BY c
	Unique  (cost=41.05..41.10 rows=10 width=121)
	  ->  Sort  (cost=41.05..41.08 rows=10 width=121)
	        Sort Key: c
	        ->  Index Scan using sbtest2_pkey on sbtest2  (cost=0.43..40.89 rows=10 width=121)
	              Index Cond: ((id >= 5546425) AND (id <= 5546434))

table 3 : explain SELECT DISTINCT c FROM sbtest3 WHERE id BETWEEN 4509809 AND 4509818 ORDER BY c
	Unique  (cost=40.90..40.95 rows=10 width=121)
	  ->  Sort  (cost=40.90..40.93 rows=10 width=121)
	        Sort Key: c
	        ->  Index Scan using sbtest3_pkey on sbtest3  (cost=0.43..40.73 rows=10 width=121)
	              Index Cond: ((id >= 4509809) AND (id <= 4509818))

table 4 : explain SELECT DISTINCT c FROM sbtest4 WHERE id BETWEEN 4951612 AND 4951621 ORDER BY c
	Unique  (cost=40.60..40.65 rows=10 width=121)
	  ->  Sort  (cost=40.60..40.62 rows=10 width=121)
	        Sort Key: c
	        ->  Index Scan using sbtest4_pkey on sbtest4  (cost=0.43..40.43 rows=10 width=121)
	              Index Cond: ((id >= 4951612) AND (id <= 4951621))

table 5 : explain SELECT DISTINCT c FROM sbtest5 WHERE id BETWEEN 7032931 AND 7032940 ORDER BY c
	Unique  (cost=40.87..40.92 rows=10 width=121)
	  ->  Sort  (cost=40.87..40.89 rows=10 width=121)
	        Sort Key: c
	        ->  Index Scan using sbtest5_pkey on sbtest5  (cost=0.43..40.70 rows=10 width=121)
	              Index Cond: ((id >= 7032931) AND (id <= 7032940))

table 6 : explain SELECT DISTINCT c FROM sbtest6 WHERE id BETWEEN 4020440 AND 4020449 ORDER BY c
	Unique  (cost=37.28..37.32 rows=9 width=121)
	  ->  Sort  (cost=37.28..37.30 rows=9 width=121)
	        Sort Key: c
	        ->  Index Scan using sbtest6_pkey on sbtest6  (cost=0.43..37.14 rows=9 width=121)
	              Index Cond: ((id >= 4020440) AND (id <= 4020449))

table 7 : explain SELECT DISTINCT c FROM sbtest7 WHERE id BETWEEN 9089641 AND 9089650 ORDER BY c
	Unique  (cost=44.53..44.58 rows=11 width=121)
	  ->  Sort  (cost=44.53..44.55 rows=11 width=121)
	        Sort Key: c
	        ->  Index Scan using sbtest7_pkey on sbtest7  (cost=0.43..44.34 rows=11 width=121)
	              Index Cond: ((id >= 9089641) AND (id <= 9089650))

table 8 : explain SELECT DISTINCT c FROM sbtest8 WHERE id BETWEEN 722673 AND 722682 ORDER BY c
	Unique  (cost=36.94..36.98 rows=9 width=121)
	  ->  Sort  (cost=36.94..36.96 rows=9 width=121)
	        Sort Key: c
	        ->  Index Scan using sbtest8_pkey on sbtest8  (cost=0.43..36.79 rows=9 width=121)
	              Index Cond: ((id >= 722673) AND (id <= 722682))

for: order_ranges
table 1 : explain SELECT c FROM sbtest1 WHERE id BETWEEN 1976327 AND 1976336 ORDER BY c
	Sort  (cost=41.04..41.07 rows=10 width=121)
	  Sort Key: c
	  ->  Index Scan using sbtest1_pkey on sbtest1  (cost=0.43..40.88 rows=10 width=121)
	        Index Cond: ((id >= 1976327) AND (id <= 1976336))

table 2 : explain SELECT c FROM sbtest2 WHERE id BETWEEN 2437069 AND 2437078 ORDER BY c
	Sort  (cost=41.05..41.08 rows=10 width=121)
	  Sort Key: c
	  ->  Index Scan using sbtest2_pkey on sbtest2  (cost=0.43..40.89 rows=10 width=121)
	        Index Cond: ((id >= 2437069) AND (id <= 2437078))

table 3 : explain SELECT c FROM sbtest3 WHERE id BETWEEN 7279411 AND 7279420 ORDER BY c
	Sort  (cost=40.90..40.93 rows=10 width=121)
	  Sort Key: c
	  ->  Index Scan using sbtest3_pkey on sbtest3  (cost=0.43..40.73 rows=10 width=121)
	        Index Cond: ((id >= 7279411) AND (id <= 7279420))

table 4 : explain SELECT c FROM sbtest4 WHERE id BETWEEN 3571807 AND 3571816 ORDER BY c
	Sort  (cost=44.18..44.20 rows=11 width=121)
	  Sort Key: c
	  ->  Index Scan using sbtest4_pkey on sbtest4  (cost=0.43..43.98 rows=11 width=121)
	        Index Cond: ((id >= 3571807) AND (id <= 3571816))

table 5 : explain SELECT c FROM sbtest5 WHERE id BETWEEN 699629 AND 699638 ORDER BY c
	Sort  (cost=44.48..44.50 rows=11 width=121)
	  Sort Key: c
	  ->  Index Scan using sbtest5_pkey on sbtest5  (cost=0.43..44.29 rows=11 width=121)
	        Index Cond: ((id >= 699629) AND (id <= 699638))

table 6 : explain SELECT c FROM sbtest6 WHERE id BETWEEN 3678064 AND 3678073 ORDER BY c
	Sort  (cost=37.28..37.30 rows=9 width=121)
	  Sort Key: c
	  ->  Index Scan using sbtest6_pkey on sbtest6  (cost=0.43..37.14 rows=9 width=121)
	        Index Cond: ((id >= 3678064) AND (id <= 3678073))

table 7 : explain SELECT c FROM sbtest7 WHERE id BETWEEN 7769769 AND 7769778 ORDER BY c
	Sort  (cost=40.91..40.94 rows=10 width=121)
	  Sort Key: c
	  ->  Index Scan using sbtest7_pkey on sbtest7  (cost=0.43..40.75 rows=10 width=121)
	        Index Cond: ((id >= 7769769) AND (id <= 7769778))

table 8 : explain SELECT c FROM sbtest8 WHERE id BETWEEN 5899655 AND 5899664 ORDER BY c
	Sort  (cost=40.50..40.53 rows=10 width=121)
	  Sort Key: c
	  ->  Index Scan using sbtest8_pkey on sbtest8  (cost=0.43..40.34 rows=10 width=121)
	        Index Cond: ((id >= 5899655) AND (id <= 5899664))

explain: for point_selects :: explain SELECT c FROM sbtest%u WHERE id=%u
explain: for index_updates :: explain UPDATE sbtest%u SET k=k+1 WHERE id=%u
for: order_ranges
table 1 : explain SELECT c FROM sbtest1 WHERE id BETWEEN 5404158 AND 5404167 ORDER BY c
	Sort  (cost=41.04..41.07 rows=10 width=121)
	  Sort Key: c
	  ->  Index Scan using sbtest1_pkey on sbtest1  (cost=0.43..40.88 rows=10 width=121)
	        Index Cond: ((id >= 5404158) AND (id <= 5404167))

table 2 : explain SELECT c FROM sbtest2 WHERE id BETWEEN 3508522 AND 3508531 ORDER BY c
	Sort  (cost=41.05..41.08 rows=10 width=121)
	  Sort Key: c
	  ->  Index Scan using sbtest2_pkey on sbtest2  (cost=0.43..40.89 rows=10 width=121)
	        Index Cond: ((id >= 3508522) AND (id <= 3508531))

table 3 : explain SELECT c FROM sbtest3 WHERE id BETWEEN 1313500 AND 1313509 ORDER BY c
	Sort  (cost=40.90..40.93 rows=10 width=121)
	  Sort Key: c
	  ->  Index Scan using sbtest3_pkey on sbtest3  (cost=0.43..40.73 rows=10 width=121)
	        Index Cond: ((id >= 1313500) AND (id <= 1313509))

table 4 : explain SELECT c FROM sbtest4 WHERE id BETWEEN 2647759 AND 2647768 ORDER BY c
	Sort  (cost=40.60..40.62 rows=10 width=121)
	  Sort Key: c
	  ->  Index Scan using sbtest4_pkey on sbtest4  (cost=0.43..40.43 rows=10 width=121)
	        Index Cond: ((id >= 2647759) AND (id <= 2647768))

table 5 : explain SELECT c FROM sbtest5 WHERE id BETWEEN 7743110 AND 7743119 ORDER BY c
	Sort  (cost=40.87..40.89 rows=10 width=121)
	  Sort Key: c
	  ->  Index Scan using sbtest5_pkey on sbtest5  (cost=0.43..40.70 rows=10 width=121)
	        Index Cond: ((id >= 7743110) AND (id <= 7743119))

table 6 : explain SELECT c FROM sbtest6 WHERE id BETWEEN 1693706 AND 1693715 ORDER BY c
	Sort  (cost=40.89..40.91 rows=10 width=121)
	  Sort Key: c
	  ->  Index Scan using sbtest6_pkey on sbtest6  (cost=0.43..40.72 rows=10 width=121)
	        Index Cond: ((id >= 1693706) AND (id <= 1693715))

table 7 : explain SELECT c FROM sbtest7 WHERE id BETWEEN 8616828 AND 8616837 ORDER BY c
	Sort  (cost=37.30..37.33 rows=9 width=121)
	  Sort Key: c
	  ->  Index Scan using sbtest7_pkey on sbtest7  (cost=0.43..37.16 rows=9 width=121)
	        Index Cond: ((id >= 8616828) AND (id <= 8616837))

table 8 : explain SELECT c FROM sbtest8 WHERE id BETWEEN 974747 AND 974756 ORDER BY c
	Sort  (cost=40.50..40.53 rows=10 width=121)
	  Sort Key: c
	  ->  Index Scan using sbtest8_pkey on sbtest8  (cost=0.43..40.34 rows=10 width=121)
	        Index Cond: ((id >= 974747) AND (id <= 974756))

for index_updates
table 1 : explain UPDATE sbtest1 SET k=k+1 WHERE id=2216512
	Update on sbtest1  (cost=0.43..8.46 rows=0 width=0)
	  ->  Index Scan using sbtest1_pkey on sbtest1  (cost=0.43..8.46 rows=1 width=10)
	        Index Cond: (id = 2216512)

table 2 : explain UPDATE sbtest2 SET k=k+1 WHERE id=8083450
	Update on sbtest2  (cost=0.43..8.46 rows=0 width=0)
	  ->  Index Scan using sbtest2_pkey on sbtest2  (cost=0.43..8.46 rows=1 width=10)
	        Index Cond: (id = 8083450)

table 3 : explain UPDATE sbtest3 SET k=k+1 WHERE id=9482141
	Update on sbtest3  (cost=0.43..8.46 rows=0 width=0)
	  ->  Index Scan using sbtest3_pkey on sbtest3  (cost=0.43..8.46 rows=1 width=10)
	        Index Cond: (id = 9482141)

table 4 : explain UPDATE sbtest4 SET k=k+1 WHERE id=2446616
	Update on sbtest4  (cost=0.43..8.46 rows=0 width=0)
	  ->  Index Scan using sbtest4_pkey on sbtest4  (cost=0.43..8.46 rows=1 width=10)
	        Index Cond: (id = 2446616)

table 5 : explain UPDATE sbtest5 SET k=k+1 WHERE id=4953787
	Update on sbtest5  (cost=0.43..8.46 rows=0 width=0)
	  ->  Index Scan using sbtest5_pkey on sbtest5  (cost=0.43..8.46 rows=1 width=10)
	        Index Cond: (id = 4953787)

table 6 : explain UPDATE sbtest6 SET k=k+1 WHERE id=1751255
	Update on sbtest6  (cost=0.43..8.46 rows=0 width=0)
	  ->  Index Scan using sbtest6_pkey on sbtest6  (cost=0.43..8.46 rows=1 width=10)
	        Index Cond: (id = 1751255)

table 7 : explain UPDATE sbtest7 SET k=k+1 WHERE id=2527390
	Update on sbtest7  (cost=0.43..8.46 rows=0 width=0)
	  ->  Index Scan using sbtest7_pkey on sbtest7  (cost=0.43..8.46 rows=1 width=10)
	        Index Cond: (id = 2527390)

table 8 : explain UPDATE sbtest8 SET k=k+1 WHERE id=4479194
	Update on sbtest8  (cost=0.43..8.46 rows=0 width=0)
	  ->  Index Scan using sbtest8_pkey on sbtest8  (cost=0.43..8.46 rows=1 width=10)
	        Index Cond: (id = 4479194)

for: simple_ranges
table 1 : explain SELECT c FROM sbtest1 WHERE id BETWEEN 4000570 AND 4000579
	Index Scan using sbtest1_pkey on sbtest1  (cost=0.43..40.88 rows=10 width=121)
	  Index Cond: ((id >= 4000570) AND (id <= 4000579))

table 2 : explain SELECT c FROM sbtest2 WHERE id BETWEEN 2013374 AND 2013383
	Index Scan using sbtest2_pkey on sbtest2  (cost=0.43..37.28 rows=9 width=121)
	  Index Cond: ((id >= 2013374) AND (id <= 2013383))

table 3 : explain SELECT c FROM sbtest3 WHERE id BETWEEN 8368718 AND 8368727
	Index Scan using sbtest3_pkey on sbtest3  (cost=0.43..44.32 rows=11 width=121)
	  Index Cond: ((id >= 8368718) AND (id <= 8368727))

table 4 : explain SELECT c FROM sbtest4 WHERE id BETWEEN 9776617 AND 9776626
	Index Scan using sbtest4_pkey on sbtest4  (cost=0.43..40.43 rows=10 width=121)
	  Index Cond: ((id >= 9776617) AND (id <= 9776626))

table 5 : explain SELECT c FROM sbtest5 WHERE id BETWEEN 1751631 AND 1751640
	Index Scan using sbtest5_pkey on sbtest5  (cost=0.43..37.12 rows=9 width=121)
	  Index Cond: ((id >= 1751631) AND (id <= 1751640))

table 6 : explain SELECT c FROM sbtest6 WHERE id BETWEEN 7763198 AND 7763207
	Index Scan using sbtest6_pkey on sbtest6  (cost=0.43..44.31 rows=11 width=121)
	  Index Cond: ((id >= 7763198) AND (id <= 7763207))

table 7 : explain SELECT c FROM sbtest7 WHERE id BETWEEN 4479622 AND 4479631
	Index Scan using sbtest7_pkey on sbtest7  (cost=0.43..40.75 rows=10 width=121)
	  Index Cond: ((id >= 4479622) AND (id <= 4479631))

table 8 : explain SELECT c FROM sbtest8 WHERE id BETWEEN 6317860 AND 6317869
	Index Scan using sbtest8_pkey on sbtest8  (cost=0.43..40.34 rows=10 width=121)
	  Index Cond: ((id >= 6317860) AND (id <= 6317869))

explain: for non_index_updates :: explain UPDATE sbtest%u SET c='foobar' WHERE id=%u
for: distinct_ranges
table 1 : explain SELECT DISTINCT c FROM sbtest1 WHERE id BETWEEN 7441405 AND 7441414 ORDER BY c
	Unique  (cost=41.04..41.09 rows=10 width=121)
	  ->  Sort  (cost=41.04..41.07 rows=10 width=121)
	        Sort Key: c
	        ->  Index Scan using sbtest1_pkey on sbtest1  (cost=0.43..40.88 rows=10 width=121)
	              Index Cond: ((id >= 7441405) AND (id <= 7441414))

table 2 : explain SELECT DISTINCT c FROM sbtest2 WHERE id BETWEEN 517306 AND 517315 ORDER BY c
	Unique  (cost=41.05..41.10 rows=10 width=121)
	  ->  Sort  (cost=41.05..41.08 rows=10 width=121)
	        Sort Key: c
	        ->  Index Scan using sbtest2_pkey on sbtest2  (cost=0.43..40.89 rows=10 width=121)
	              Index Cond: ((id >= 517306) AND (id <= 517315))

table 3 : explain SELECT DISTINCT c FROM sbtest3 WHERE id BETWEEN 9848103 AND 9848112 ORDER BY c
	Unique  (cost=40.90..40.95 rows=10 width=121)
	  ->  Sort  (cost=40.90..40.93 rows=10 width=121)
	        Sort Key: c
	        ->  Index Scan using sbtest3_pkey on sbtest3  (cost=0.43..40.73 rows=10 width=121)
	              Index Cond: ((id >= 9848103) AND (id <= 9848112))

table 4 : explain SELECT DISTINCT c FROM sbtest4 WHERE id BETWEEN 8239610 AND 8239619 ORDER BY c
	Unique  (cost=44.18..44.23 rows=11 width=121)
	  ->  Sort  (cost=44.18..44.20 rows=11 width=121)
	        Sort Key: c
	        ->  Index Scan using sbtest4_pkey on sbtest4  (cost=0.43..43.98 rows=11 width=121)
	              Index Cond: ((id >= 8239610) AND (id <= 8239619))

table 5 : explain SELECT DISTINCT c FROM sbtest5 WHERE id BETWEEN 291120 AND 291129 ORDER BY c
	Unique  (cost=40.87..40.92 rows=10 width=121)
	  ->  Sort  (cost=40.87..40.89 rows=10 width=121)
	        Sort Key: c
	        ->  Index Scan using sbtest5_pkey on sbtest5  (cost=0.43..40.70 rows=10 width=121)
	              Index Cond: ((id >= 291120) AND (id <= 291129))

table 6 : explain SELECT DISTINCT c FROM sbtest6 WHERE id BETWEEN 5058802 AND 5058811 ORDER BY c
	Unique  (cost=48.11..48.17 rows=12 width=121)
	  ->  Sort  (cost=48.11..48.14 rows=12 width=121)
	        Sort Key: c
	        ->  Index Scan using sbtest6_pkey on sbtest6  (cost=0.43..47.89 rows=12 width=121)
	              Index Cond: ((id >= 5058802) AND (id <= 5058811))

table 7 : explain SELECT DISTINCT c FROM sbtest7 WHERE id BETWEEN 84342 AND 84351 ORDER BY c
	Unique  (cost=40.91..40.96 rows=10 width=121)
	  ->  Sort  (cost=40.91..40.94 rows=10 width=121)
	        Sort Key: c
	        ->  Index Scan using sbtest7_pkey on sbtest7  (cost=0.43..40.75 rows=10 width=121)
	              Index Cond: ((id >= 84342) AND (id <= 84351))

table 8 : explain SELECT DISTINCT c FROM sbtest8 WHERE id BETWEEN 1809606 AND 1809615 ORDER BY c
	Unique  (cost=44.07..44.12 rows=11 width=121)
	  ->  Sort  (cost=44.07..44.10 rows=11 width=121)
	        Sort Key: c
	        ->  Index Scan using sbtest8_pkey on sbtest8  (cost=0.43..43.88 rows=11 width=121)
	              Index Cond: ((id >= 1809606) AND (id <= 1809615))

for: simple_ranges
table 1 : explain SELECT c FROM sbtest1 WHERE id BETWEEN 4848984 AND 4848993
	Index Scan using sbtest1_pkey on sbtest1  (cost=0.43..44.48 rows=11 width=121)
	  Index Cond: ((id >= 4848984) AND (id <= 4848993))

table 2 : explain SELECT c FROM sbtest2 WHERE id BETWEEN 7453070 AND 7453079
	Index Scan using sbtest2_pkey on sbtest2  (cost=0.43..40.89 rows=10 width=121)
	  Index Cond: ((id >= 7453070) AND (id <= 7453079))

table 3 : explain SELECT c FROM sbtest3 WHERE id BETWEEN 8985698 AND 8985707
	Index Scan using sbtest3_pkey on sbtest3  (cost=0.43..40.73 rows=10 width=121)
	  Index Cond: ((id >= 8985698) AND (id <= 8985707))

table 4 : explain SELECT c FROM sbtest4 WHERE id BETWEEN 8725654 AND 8725663
	Index Scan using sbtest4_pkey on sbtest4  (cost=0.43..40.43 rows=10 width=121)
	  Index Cond: ((id >= 8725654) AND (id <= 8725663))

table 5 : explain SELECT c FROM sbtest5 WHERE id BETWEEN 1506057 AND 1506066
	Index Scan using sbtest5_pkey on sbtest5  (cost=0.43..40.70 rows=10 width=121)
	  Index Cond: ((id >= 1506057) AND (id <= 1506066))

table 6 : explain SELECT c FROM sbtest6 WHERE id BETWEEN 4167975 AND 4167984
	Index Scan using sbtest6_pkey on sbtest6  (cost=0.43..44.31 rows=11 width=121)
	  Index Cond: ((id >= 4167975) AND (id <= 4167984))

table 7 : explain SELECT c FROM sbtest7 WHERE id BETWEEN 5120896 AND 5120905
	Index Scan using sbtest7_pkey on sbtest7  (cost=0.43..37.16 rows=9 width=121)
	  Index Cond: ((id >= 5120896) AND (id <= 5120905))

table 8 : explain SELECT c FROM sbtest8 WHERE id BETWEEN 2918911 AND 2918920
	Index Scan using sbtest8_pkey on sbtest8  (cost=0.43..43.88 rows=11 width=121)
	  Index Cond: ((id >= 2918911) AND (id <= 2918920))

for: distinct_ranges
table 1 : explain SELECT DISTINCT c FROM sbtest1 WHERE id BETWEEN 5816861 AND 5816870 ORDER BY c
	Unique  (cost=37.42..37.46 rows=9 width=121)
	  ->  Sort  (cost=37.42..37.44 rows=9 width=121)
	        Sort Key: c
	        ->  Index Scan using sbtest1_pkey on sbtest1  (cost=0.43..37.28 rows=9 width=121)
	              Index Cond: ((id >= 5816861) AND (id <= 5816870))

table 2 : explain SELECT DISTINCT c FROM sbtest2 WHERE id BETWEEN 2036848 AND 2036857 ORDER BY c
	Unique  (cost=37.43..37.47 rows=9 width=121)
	  ->  Sort  (cost=37.43..37.45 rows=9 width=121)
	        Sort Key: c
	        ->  Index Scan using sbtest2_pkey on sbtest2  (cost=0.43..37.28 rows=9 width=121)
	              Index Cond: ((id >= 2036848) AND (id <= 2036857))

table 3 : explain SELECT DISTINCT c FROM sbtest3 WHERE id BETWEEN 1826037 AND 1826046 ORDER BY c
	Unique  (cost=44.51..44.57 rows=11 width=121)
	  ->  Sort  (cost=44.51..44.54 rows=11 width=121)
	        Sort Key: c
	        ->  Index Scan using sbtest3_pkey on sbtest3  (cost=0.43..44.32 rows=11 width=121)
	              Index Cond: ((id >= 1826037) AND (id <= 1826046))

table 4 : explain SELECT DISTINCT c FROM sbtest4 WHERE id BETWEEN 9260320 AND 9260329 ORDER BY c
	Unique  (cost=44.18..44.23 rows=11 width=121)
	  ->  Sort  (cost=44.18..44.20 rows=11 width=121)
	        Sort Key: c
	        ->  Index Scan using sbtest4_pkey on sbtest4  (cost=0.43..43.98 rows=11 width=121)
	              Index Cond: ((id >= 9260320) AND (id <= 9260329))

table 5 : explain SELECT DISTINCT c FROM sbtest5 WHERE id BETWEEN 8759838 AND 8759847 ORDER BY c
	Unique  (cost=40.87..40.92 rows=10 width=121)
	  ->  Sort  (cost=40.87..40.89 rows=10 width=121)
	        Sort Key: c
	        ->  Index Scan using sbtest5_pkey on sbtest5  (cost=0.43..40.70 rows=10 width=121)
	              Index Cond: ((id >= 8759838) AND (id <= 8759847))

table 6 : explain SELECT DISTINCT c FROM sbtest6 WHERE id BETWEEN 6612183 AND 6612192 ORDER BY c
	Unique  (cost=37.28..37.32 rows=9 width=121)
	  ->  Sort  (cost=37.28..37.30 rows=9 width=121)
	        Sort Key: c
	        ->  Index Scan using sbtest6_pkey on sbtest6  (cost=0.43..37.14 rows=9 width=121)
	              Index Cond: ((id >= 6612183) AND (id <= 6612192))

table 7 : explain SELECT DISTINCT c FROM sbtest7 WHERE id BETWEEN 1249279 AND 1249288 ORDER BY c
	Unique  (cost=40.91..40.96 rows=10 width=121)
	  ->  Sort  (cost=40.91..40.94 rows=10 width=121)
	        Sort Key: c
	        ->  Index Scan using sbtest7_pkey on sbtest7  (cost=0.43..40.75 rows=10 width=121)
	              Index Cond: ((id >= 1249279) AND (id <= 1249288))

table 8 : explain SELECT DISTINCT c FROM sbtest8 WHERE id BETWEEN 2385491 AND 2385500 ORDER BY c
	Unique  (cost=40.50..40.55 rows=10 width=121)
	  ->  Sort  (cost=40.50..40.53 rows=10 width=121)
	        Sort Key: c
	        ->  Index Scan using sbtest8_pkey on sbtest8  (cost=0.43..40.34 rows=10 width=121)
	              Index Cond: ((id >= 2385491) AND (id <= 2385500))
for: distinct_ranges
table 1 : explain SELECT DISTINCT c FROM sbtest1 WHERE id BETWEEN 3293130 AND 3293139 ORDER BY c
	Unique  (cost=41.04..41.09 rows=10 width=121)
	  ->  Sort  (cost=41.04..41.07 rows=10 width=121)
	        Sort Key: c
	        ->  Index Scan using sbtest1_pkey on sbtest1  (cost=0.43..40.88 rows=10 width=121)
	              Index Cond: ((id >= 3293130) AND (id <= 3293139))

table 2 : explain SELECT DISTINCT c FROM sbtest2 WHERE id BETWEEN 515461 AND 515470 ORDER BY c
	Unique  (cost=41.05..41.10 rows=10 width=121)
	  ->  Sort  (cost=41.05..41.08 rows=10 width=121)
	        Sort Key: c
	        ->  Index Scan using sbtest2_pkey on sbtest2  (cost=0.43..40.89 rows=10 width=121)
	              Index Cond: ((id >= 515461) AND (id <= 515470))

table 3 : explain SELECT DISTINCT c FROM sbtest3 WHERE id BETWEEN 5180137 AND 5180146 ORDER BY c
	Unique  (cost=37.29..37.34 rows=9 width=121)
	  ->  Sort  (cost=37.29..37.31 rows=9 width=121)
	        Sort Key: c
	        ->  Index Scan using sbtest3_pkey on sbtest3  (cost=0.43..37.15 rows=9 width=121)
	              Index Cond: ((id >= 5180137) AND (id <= 5180146))

table 4 : explain SELECT DISTINCT c FROM sbtest4 WHERE id BETWEEN 6281543 AND 6281552 ORDER BY c
	Unique  (cost=37.02..37.07 rows=9 width=121)
	  ->  Sort  (cost=37.02..37.04 rows=9 width=121)
	        Sort Key: c
	        ->  Index Scan using sbtest4_pkey on sbtest4  (cost=0.43..36.88 rows=9 width=121)
	              Index Cond: ((id >= 6281543) AND (id <= 6281552))

table 5 : explain SELECT DISTINCT c FROM sbtest5 WHERE id BETWEEN 754894 AND 754903 ORDER BY c
	Unique  (cost=40.87..40.92 rows=10 width=121)
	  ->  Sort  (cost=40.87..40.89 rows=10 width=121)
	        Sort Key: c
	        ->  Index Scan using sbtest5_pkey on sbtest5  (cost=0.43..40.70 rows=10 width=121)
	              Index Cond: ((id >= 754894) AND (id <= 754903))

table 6 : explain SELECT DISTINCT c FROM sbtest6 WHERE id BETWEEN 7751595 AND 7751604 ORDER BY c
	Unique  (cost=44.50..44.55 rows=11 width=121)
	  ->  Sort  (cost=44.50..44.52 rows=11 width=121)
	        Sort Key: c
	        ->  Index Scan using sbtest6_pkey on sbtest6  (cost=0.43..44.31 rows=11 width=121)
	              Index Cond: ((id >= 7751595) AND (id <= 7751604))

table 7 : explain SELECT DISTINCT c FROM sbtest7 WHERE id BETWEEN 6072088 AND 6072097 ORDER BY c
	Unique  (cost=40.91..40.96 rows=10 width=121)
	  ->  Sort  (cost=40.91..40.94 rows=10 width=121)
	        Sort Key: c
	        ->  Index Scan using sbtest7_pkey on sbtest7  (cost=0.43..40.75 rows=10 width=121)
	              Index Cond: ((id >= 6072088) AND (id <= 6072097))

table 8 : explain SELECT DISTINCT c FROM sbtest8 WHERE id BETWEEN 1022446 AND 1022455 ORDER BY c
	Unique  (cost=40.50..40.55 rows=10 width=121)
	  ->  Sort  (cost=40.50..40.53 rows=10 width=121)
	        Sort Key: c
	        ->  Index Scan using sbtest8_pkey on sbtest8  (cost=0.43..40.34 rows=10 width=121)
	              Index Cond: ((id >= 1022446) AND (id <= 1022455))


explain: for index_updates :: explain UPDATE sbtest%u SET k=k+1 WHERE id=%u
for non_index_updates
table 1 : explain UPDATE sbtest1 SET c='foobar' WHERE id=4794861
	Update on sbtest1  (cost=0.43..8.45 rows=0 width=0)
	  ->  Index Scan using sbtest1_pkey on sbtest1  (cost=0.43..8.45 rows=1 width=490)
	        Index Cond: (id = 4794861)

table 2 : explain UPDATE sbtest2 SET c='foobar' WHERE id=9058136
	Update on sbtest2  (cost=0.43..8.45 rows=0 width=0)
	  ->  Index Scan using sbtest2_pkey on sbtest2  (cost=0.43..8.45 rows=1 width=490)
	        Index Cond: (id = 9058136)

table 3 : explain UPDATE sbtest3 SET c='foobar' WHERE id=2078030
	Update on sbtest3  (cost=0.43..8.45 rows=0 width=0)
	  ->  Index Scan using sbtest3_pkey on sbtest3  (cost=0.43..8.45 rows=1 width=490)
	        Index Cond: (id = 2078030)

table 4 : explain UPDATE sbtest4 SET c='foobar' WHERE id=638709
	Update on sbtest4  (cost=0.43..8.45 rows=0 width=0)
	  ->  Index Scan using sbtest4_pkey on sbtest4  (cost=0.43..8.45 rows=1 width=490)
	        Index Cond: (id = 638709)

table 5 : explain UPDATE sbtest5 SET c='foobar' WHERE id=7927784
	Update on sbtest5  (cost=0.43..8.45 rows=0 width=0)
	  ->  Index Scan using sbtest5_pkey on sbtest5  (cost=0.43..8.45 rows=1 width=490)
	        Index Cond: (id = 7927784)

table 6 : explain UPDATE sbtest6 SET c='foobar' WHERE id=7296061
	Update on sbtest6  (cost=0.43..8.45 rows=0 width=0)
	  ->  Index Scan using sbtest6_pkey on sbtest6  (cost=0.43..8.45 rows=1 width=490)
	        Index Cond: (id = 7296061)

table 7 : explain UPDATE sbtest7 SET c='foobar' WHERE id=5017263
	Update on sbtest7  (cost=0.43..8.45 rows=0 width=0)
	  ->  Index Scan using sbtest7_pkey on sbtest7  (cost=0.43..8.45 rows=1 width=490)
	        Index Cond: (id = 5017263)

table 8 : explain UPDATE sbtest8 SET c='foobar' WHERE id=6202334
	Update on sbtest8  (cost=0.43..8.45 rows=0 width=0)
	  ->  Index Scan using sbtest8_pkey on sbtest8  (cost=0.43..8.45 rows=1 width=490)
	        Index Cond: (id = 6202334)

explain: for index_updates :: explain UPDATE sbtest%u SET k=k+1 WHERE id=%u
for: distinct_ranges
table 1 : explain SELECT DISTINCT c FROM sbtest1 WHERE id BETWEEN 8414458 AND 8414467 ORDER BY c
	Unique  (cost=41.04..41.09 rows=10 width=121)
	  ->  Sort  (cost=41.04..41.07 rows=10 width=121)
	        Sort Key: c
	        ->  Index Scan using sbtest1_pkey on sbtest1  (cost=0.43..40.88 rows=10 width=121)
	              Index Cond: ((id >= 8414458) AND (id <= 8414467))

table 2 : explain SELECT DISTINCT c FROM sbtest2 WHERE id BETWEEN 368196 AND 368205 ORDER BY c
	Unique  (cost=37.43..37.47 rows=9 width=121)
	  ->  Sort  (cost=37.43..37.45 rows=9 width=121)
	        Sort Key: c
	        ->  Index Scan using sbtest2_pkey on sbtest2  (cost=0.43..37.28 rows=9 width=121)
	              Index Cond: ((id >= 368196) AND (id <= 368205))

table 3 : explain SELECT DISTINCT c FROM sbtest3 WHERE id BETWEEN 8527188 AND 8527197 ORDER BY c
	Unique  (cost=40.90..40.95 rows=10 width=121)
	  ->  Sort  (cost=40.90..40.93 rows=10 width=121)
	        Sort Key: c
	        ->  Index Scan using sbtest3_pkey on sbtest3  (cost=0.43..40.73 rows=10 width=121)
	              Index Cond: ((id >= 8527188) AND (id <= 8527197))

table 4 : explain SELECT DISTINCT c FROM sbtest4 WHERE id BETWEEN 8701449 AND 8701458 ORDER BY c
	Unique  (cost=40.60..40.65 rows=10 width=121)
	  ->  Sort  (cost=40.60..40.62 rows=10 width=121)
	        Sort Key: c
	        ->  Index Scan using sbtest4_pkey on sbtest4  (cost=0.43..40.43 rows=10 width=121)
	              Index Cond: ((id >= 8701449) AND (id <= 8701458))

table 5 : explain SELECT DISTINCT c FROM sbtest5 WHERE id BETWEEN 9534571 AND 9534580 ORDER BY c
	Unique  (cost=37.26..37.31 rows=9 width=121)
	  ->  Sort  (cost=37.26..37.29 rows=9 width=121)
	        Sort Key: c
	        ->  Index Scan using sbtest5_pkey on sbtest5  (cost=0.43..37.12 rows=9 width=121)
	              Index Cond: ((id >= 9534571) AND (id <= 9534580))

table 6 : explain SELECT DISTINCT c FROM sbtest6 WHERE id BETWEEN 8572917 AND 8572926 ORDER BY c
	Unique  (cost=40.89..40.94 rows=10 width=121)
	  ->  Sort  (cost=40.89..40.91 rows=10 width=121)
	        Sort Key: c
	        ->  Index Scan using sbtest6_pkey on sbtest6  (cost=0.43..40.72 rows=10 width=121)
	              Index Cond: ((id >= 8572917) AND (id <= 8572926))

table 7 : explain SELECT DISTINCT c FROM sbtest7 WHERE id BETWEEN 3622455 AND 3622464 ORDER BY c
	Unique  (cost=37.30..37.35 rows=9 width=121)
	  ->  Sort  (cost=37.30..37.33 rows=9 width=121)
	        Sort Key: c
	        ->  Index Scan using sbtest7_pkey on sbtest7  (cost=0.43..37.16 rows=9 width=121)
	              Index Cond: ((id >= 3622455) AND (id <= 3622464))

table 8 : explain SELECT DISTINCT c FROM sbtest8 WHERE id BETWEEN 2533556 AND 2533565 ORDER BY c
	Unique  (cost=36.94..36.98 rows=9 width=121)
	  ->  Sort  (cost=36.94..36.96 rows=9 width=121)
	        Sort Key: c
	        ->  Index Scan using sbtest8_pkey on sbtest8  (cost=0.43..36.79 rows=9 width=121)
	              Index Cond: ((id >= 2533556) AND (id <= 2533565))

explain: for index_updates :: explain UPDATE sbtest%u SET k=k+1 WHERE id=%u
explain: for deletes :: explain DELETE FROM sbtest%u WHERE id=%u
for: sum_ranges
table 1 : explain SELECT SUM(k) FROM sbtest1 WHERE id BETWEEN 8930273 AND 8930282
	Aggregate  (cost=40.90..40.91 rows=1 width=8)
	  ->  Index Scan using sbtest1_pkey on sbtest1  (cost=0.43..40.88 rows=10 width=4)
	        Index Cond: ((id >= 8930273) AND (id <= 8930282))

table 2 : explain SELECT SUM(k) FROM sbtest2 WHERE id BETWEEN 8276567 AND 8276576
	Aggregate  (cost=40.91..40.92 rows=1 width=8)
	  ->  Index Scan using sbtest2_pkey on sbtest2  (cost=0.43..40.89 rows=10 width=4)
	        Index Cond: ((id >= 8276567) AND (id <= 8276576))

table 3 : explain SELECT SUM(k) FROM sbtest3 WHERE id BETWEEN 5729288 AND 5729297
	Aggregate  (cost=40.76..40.77 rows=1 width=8)
	  ->  Index Scan using sbtest3_pkey on sbtest3  (cost=0.43..40.73 rows=10 width=4)
	        Index Cond: ((id >= 5729288) AND (id <= 5729297))

table 4 : explain SELECT SUM(k) FROM sbtest4 WHERE id BETWEEN 7666336 AND 7666345
	Aggregate  (cost=44.01..44.02 rows=1 width=8)
	  ->  Index Scan using sbtest4_pkey on sbtest4  (cost=0.43..43.98 rows=11 width=4)
	        Index Cond: ((id >= 7666336) AND (id <= 7666345))

table 5 : explain SELECT SUM(k) FROM sbtest5 WHERE id BETWEEN 2877930 AND 2877939
	Aggregate  (cost=40.73..40.74 rows=1 width=8)
	  ->  Index Scan using sbtest5_pkey on sbtest5  (cost=0.43..40.70 rows=10 width=4)
	        Index Cond: ((id >= 2877930) AND (id <= 2877939))

table 6 : explain SELECT SUM(k) FROM sbtest6 WHERE id BETWEEN 4725421 AND 4725430
	Aggregate  (cost=40.75..40.76 rows=1 width=8)
	  ->  Index Scan using sbtest6_pkey on sbtest6  (cost=0.43..40.72 rows=10 width=4)
	        Index Cond: ((id >= 4725421) AND (id <= 4725430))

table 7 : explain SELECT SUM(k) FROM sbtest7 WHERE id BETWEEN 5936315 AND 5936324
	Aggregate  (cost=40.77..40.78 rows=1 width=8)
	  ->  Index Scan using sbtest7_pkey on sbtest7  (cost=0.43..40.75 rows=10 width=4)
	        Index Cond: ((id >= 5936315) AND (id <= 5936324))

table 8 : explain SELECT SUM(k) FROM sbtest8 WHERE id BETWEEN 3595159 AND 3595168
	Aggregate  (cost=40.36..40.37 rows=1 width=8)
	  ->  Index Scan using sbtest8_pkey on sbtest8  (cost=0.43..40.34 rows=10 width=4)
	        Index Cond: ((id >= 3595159) AND (id <= 3595168))

for point_selects
table 1 : explain SELECT c FROM sbtest1 WHERE id=2008693
	Index Scan using sbtest1_pkey on sbtest1  (cost=0.43..8.45 rows=1 width=121)
	  Index Cond: (id = 2008693)

table 2 : explain SELECT c FROM sbtest2 WHERE id=7968338
	Index Scan using sbtest2_pkey on sbtest2  (cost=0.43..8.45 rows=1 width=121)
	  Index Cond: (id = 7968338)

table 3 : explain SELECT c FROM sbtest3 WHERE id=1511243
	Index Scan using sbtest3_pkey on sbtest3  (cost=0.43..8.45 rows=1 width=121)
	  Index Cond: (id = 1511243)

table 4 : explain SELECT c FROM sbtest4 WHERE id=1248364
	Index Scan using sbtest4_pkey on sbtest4  (cost=0.43..8.45 rows=1 width=121)
	  Index Cond: (id = 1248364)

table 5 : explain SELECT c FROM sbtest5 WHERE id=1557688
	Index Scan using sbtest5_pkey on sbtest5  (cost=0.43..8.45 rows=1 width=121)
	  Index Cond: (id = 1557688)

table 6 : explain SELECT c FROM sbtest6 WHERE id=5729384
	Index Scan using sbtest6_pkey on sbtest6  (cost=0.43..8.45 rows=1 width=121)
	  Index Cond: (id = 5729384)

table 7 : explain SELECT c FROM sbtest7 WHERE id=1775718
	Index Scan using sbtest7_pkey on sbtest7  (cost=0.43..8.45 rows=1 width=121)
	  Index Cond: (id = 1775718)

table 8 : explain SELECT c FROM sbtest8 WHERE id=5612498
	Index Scan using sbtest8_pkey on sbtest8  (cost=0.43..8.45 rows=1 width=121)
	  Index Cond: (id = 5612498)

explain: for point_selects :: explain SELECT c FROM sbtest%u WHERE id=%u
for index_updates
table 1 : explain UPDATE sbtest1 SET k=k+1 WHERE id=2112567
	Update on sbtest1  (cost=0.43..8.46 rows=0 width=0)
	  ->  Index Scan using sbtest1_pkey on sbtest1  (cost=0.43..8.46 rows=1 width=10)
	        Index Cond: (id = 2112567)

table 2 : explain UPDATE sbtest2 SET k=k+1 WHERE id=6280419
	Update on sbtest2  (cost=0.43..8.46 rows=0 width=0)
	  ->  Index Scan using sbtest2_pkey on sbtest2  (cost=0.43..8.46 rows=1 width=10)
	        Index Cond: (id = 6280419)

table 3 : explain UPDATE sbtest3 SET k=k+1 WHERE id=6206016
	Update on sbtest3  (cost=0.43..8.46 rows=0 width=0)
	  ->  Index Scan using sbtest3_pkey on sbtest3  (cost=0.43..8.46 rows=1 width=10)
	        Index Cond: (id = 6206016)

table 4 : explain UPDATE sbtest4 SET k=k+1 WHERE id=2045404
	Update on sbtest4  (cost=0.43..8.46 rows=0 width=0)
	  ->  Index Scan using sbtest4_pkey on sbtest4  (cost=0.43..8.46 rows=1 width=10)
	        Index Cond: (id = 2045404)

table 5 : explain UPDATE sbtest5 SET k=k+1 WHERE id=4985528
	Update on sbtest5  (cost=0.43..8.46 rows=0 width=0)
	  ->  Index Scan using sbtest5_pkey on sbtest5  (cost=0.43..8.46 rows=1 width=10)
	        Index Cond: (id = 4985528)

table 6 : explain UPDATE sbtest6 SET k=k+1 WHERE id=8661566
	Update on sbtest6  (cost=0.43..8.46 rows=0 width=0)
	  ->  Index Scan using sbtest6_pkey on sbtest6  (cost=0.43..8.46 rows=1 width=10)
	        Index Cond: (id = 8661566)

table 7 : explain UPDATE sbtest7 SET k=k+1 WHERE id=357414
	Update on sbtest7  (cost=0.43..8.46 rows=0 width=0)
	  ->  Index Scan using sbtest7_pkey on sbtest7  (cost=0.43..8.46 rows=1 width=10)
	        Index Cond: (id = 357414)

table 8 : explain UPDATE sbtest8 SET k=k+1 WHERE id=4536883
	Update on sbtest8  (cost=0.43..8.46 rows=0 width=0)
	  ->  Index Scan using sbtest8_pkey on sbtest8  (cost=0.43..8.46 rows=1 width=10)
	        Index Cond: (id = 4536883)

explain: for index_updates :: explain UPDATE sbtest%u SET k=k+1 WHERE id=%u
for point_selects
table 1 : explain SELECT c FROM sbtest1 WHERE id=5035831
	Index Scan using sbtest1_pkey on sbtest1  (cost=0.43..8.45 rows=1 width=121)
	  Index Cond: (id = 5035831)

table 2 : explain SELECT c FROM sbtest2 WHERE id=8167684
	Index Scan using sbtest2_pkey on sbtest2  (cost=0.43..8.45 rows=1 width=121)
	  Index Cond: (id = 8167684)

table 3 : explain SELECT c FROM sbtest3 WHERE id=6270151
	Index Scan using sbtest3_pkey on sbtest3  (cost=0.43..8.45 rows=1 width=121)
	  Index Cond: (id = 6270151)

table 4 : explain SELECT c FROM sbtest4 WHERE id=8743601
	Index Scan using sbtest4_pkey on sbtest4  (cost=0.43..8.45 rows=1 width=121)
	  Index Cond: (id = 8743601)

table 5 : explain SELECT c FROM sbtest5 WHERE id=1167428
	Index Scan using sbtest5_pkey on sbtest5  (cost=0.43..8.45 rows=1 width=121)
	  Index Cond: (id = 1167428)

table 6 : explain SELECT c FROM sbtest6 WHERE id=8499302
	Index Scan using sbtest6_pkey on sbtest6  (cost=0.43..8.45 rows=1 width=121)
	  Index Cond: (id = 8499302)

table 7 : explain SELECT c FROM sbtest7 WHERE id=7566996
	Index Scan using sbtest7_pkey on sbtest7  (cost=0.43..8.45 rows=1 width=121)
	  Index Cond: (id = 7566996)

table 8 : explain SELECT c FROM sbtest8 WHERE id=9621629
	Index Scan using sbtest8_pkey on sbtest8  (cost=0.43..8.45 rows=1 width=121)
	  Index Cond: (id = 9621629)

for index_updates
table 1 : explain UPDATE sbtest1 SET k=k+1 WHERE id=8483304
	Update on sbtest1  (cost=0.43..8.46 rows=0 width=0)
	  ->  Index Scan using sbtest1_pkey on sbtest1  (cost=0.43..8.46 rows=1 width=10)
	        Index Cond: (id = 8483304)

table 2 : explain UPDATE sbtest2 SET k=k+1 WHERE id=2220081
	Update on sbtest2  (cost=0.43..8.46 rows=0 width=0)
	  ->  Index Scan using sbtest2_pkey on sbtest2  (cost=0.43..8.46 rows=1 width=10)
	        Index Cond: (id = 2220081)

table 3 : explain UPDATE sbtest3 SET k=k+1 WHERE id=8664100
	Update on sbtest3  (cost=0.43..8.46 rows=0 width=0)
	  ->  Index Scan using sbtest3_pkey on sbtest3  (cost=0.43..8.46 rows=1 width=10)
	        Index Cond: (id = 8664100)

table 4 : explain UPDATE sbtest4 SET k=k+1 WHERE id=2973761
	Update on sbtest4  (cost=0.43..8.46 rows=0 width=0)
	  ->  Index Scan using sbtest4_pkey on sbtest4  (cost=0.43..8.46 rows=1 width=10)
	        Index Cond: (id = 2973761)

table 5 : explain UPDATE sbtest5 SET k=k+1 WHERE id=6669304
	Update on sbtest5  (cost=0.43..8.46 rows=0 width=0)
	  ->  Index Scan using sbtest5_pkey on sbtest5  (cost=0.43..8.46 rows=1 width=10)
	        Index Cond: (id = 6669304)

table 6 : explain UPDATE sbtest6 SET k=k+1 WHERE id=2815421
	Update on sbtest6  (cost=0.43..8.46 rows=0 width=0)
	  ->  Index Scan using sbtest6_pkey on sbtest6  (cost=0.43..8.46 rows=1 width=10)
	        Index Cond: (id = 2815421)

table 7 : explain UPDATE sbtest7 SET k=k+1 WHERE id=8324366
	Update on sbtest7  (cost=0.43..8.46 rows=0 width=0)
	  ->  Index Scan using sbtest7_pkey on sbtest7  (cost=0.43..8.46 rows=1 width=10)
	        Index Cond: (id = 8324366)

table 8 : explain UPDATE sbtest8 SET k=k+1 WHERE id=9620866
	Update on sbtest8  (cost=0.43..8.46 rows=0 width=0)
	  ->  Index Scan using sbtest8_pkey on sbtest8  (cost=0.43..8.46 rows=1 width=10)
	        Index Cond: (id = 9620866)

for deletes
table 1 : explain DELETE FROM sbtest1 WHERE id=2041778
	Delete on sbtest1  (cost=0.43..8.45 rows=0 width=0)
	  ->  Index Scan using sbtest1_pkey on sbtest1  (cost=0.43..8.45 rows=1 width=6)
	        Index Cond: (id = 2041778)

table 2 : explain DELETE FROM sbtest2 WHERE id=1641465
	Delete on sbtest2  (cost=0.43..8.45 rows=0 width=0)
	  ->  Index Scan using sbtest2_pkey on sbtest2  (cost=0.43..8.45 rows=1 width=6)
	        Index Cond: (id = 1641465)

table 3 : explain DELETE FROM sbtest3 WHERE id=9218522
	Delete on sbtest3  (cost=0.43..8.45 rows=0 width=0)
	  ->  Index Scan using sbtest3_pkey on sbtest3  (cost=0.43..8.45 rows=1 width=6)
	        Index Cond: (id = 9218522)

table 4 : explain DELETE FROM sbtest4 WHERE id=826239
	Delete on sbtest4  (cost=0.43..8.45 rows=0 width=0)
	  ->  Index Scan using sbtest4_pkey on sbtest4  (cost=0.43..8.45 rows=1 width=6)
	        Index Cond: (id = 826239)

table 5 : explain DELETE FROM sbtest5 WHERE id=7896121
	Delete on sbtest5  (cost=0.43..8.45 rows=0 width=0)
	  ->  Index Scan using sbtest5_pkey on sbtest5  (cost=0.43..8.45 rows=1 width=6)
	        Index Cond: (id = 7896121)

table 6 : explain DELETE FROM sbtest6 WHERE id=488854
	Delete on sbtest6  (cost=0.43..8.45 rows=0 width=0)
	  ->  Index Scan using sbtest6_pkey on sbtest6  (cost=0.43..8.45 rows=1 width=6)
	        Index Cond: (id = 488854)

table 7 : explain DELETE FROM sbtest7 WHERE id=4187753
	Delete on sbtest7  (cost=0.43..8.45 rows=0 width=0)
	  ->  Index Scan using sbtest7_pkey on sbtest7  (cost=0.43..8.45 rows=1 width=6)
	        Index Cond: (id = 4187753)

table 8 : explain DELETE FROM sbtest8 WHERE id=6179225
	Delete on sbtest8  (cost=0.43..8.45 rows=0 width=0)
	  ->  Index Scan using sbtest8_pkey on sbtest8  (cost=0.43..8.45 rows=1 width=6)
	        Index Cond: (id = 6179225)

for point_selects
table 1 : explain SELECT c FROM sbtest1 WHERE id=9080538
	Index Scan using sbtest1_pkey on sbtest1  (cost=0.43..8.45 rows=1 width=121)
	  Index Cond: (id = 9080538)

table 2 : explain SELECT c FROM sbtest2 WHERE id=1394755
	Index Scan using sbtest2_pkey on sbtest2  (cost=0.43..8.45 rows=1 width=121)
	  Index Cond: (id = 1394755)

table 3 : explain SELECT c FROM sbtest3 WHERE id=8091759
	Index Scan using sbtest3_pkey on sbtest3  (cost=0.43..8.45 rows=1 width=121)
	  Index Cond: (id = 8091759)

table 4 : explain SELECT c FROM sbtest4 WHERE id=9303082
	Index Scan using sbtest4_pkey on sbtest4  (cost=0.43..8.45 rows=1 width=121)
	  Index Cond: (id = 9303082)

table 5 : explain SELECT c FROM sbtest5 WHERE id=7100536
	Index Scan using sbtest5_pkey on sbtest5  (cost=0.43..8.45 rows=1 width=121)
	  Index Cond: (id = 7100536)

table 6 : explain SELECT c FROM sbtest6 WHERE id=6434880
	Index Scan using sbtest6_pkey on sbtest6  (cost=0.43..8.45 rows=1 width=121)
	  Index Cond: (id = 6434880)

table 7 : explain SELECT c FROM sbtest7 WHERE id=5194916
	Index Scan using sbtest7_pkey on sbtest7  (cost=0.43..8.45 rows=1 width=121)
	  Index Cond: (id = 5194916)

table 8 : explain SELECT c FROM sbtest8 WHERE id=9999278
	Index Scan using sbtest8_pkey on sbtest8  (cost=0.43..8.45 rows=1 width=121)
	  Index Cond: (id = 9999278)

explain: for non_index_updates :: explain UPDATE sbtest%u SET c='foobar' WHERE id=%u
explain: for non_index_updates :: explain UPDATE sbtest%u SET c='foobar' WHERE id=%u
for index_updates
table 1 : explain UPDATE sbtest1 SET k=k+1 WHERE id=8404366
	Update on sbtest1  (cost=0.43..8.46 rows=0 width=0)
	  ->  Index Scan using sbtest1_pkey on sbtest1  (cost=0.43..8.46 rows=1 width=10)
	        Index Cond: (id = 8404366)

table 2 : explain UPDATE sbtest2 SET k=k+1 WHERE id=4736994
	Update on sbtest2  (cost=0.43..8.46 rows=0 width=0)
	  ->  Index Scan using sbtest2_pkey on sbtest2  (cost=0.43..8.46 rows=1 width=10)
	        Index Cond: (id = 4736994)

table 3 : explain UPDATE sbtest3 SET k=k+1 WHERE id=6653804
	Update on sbtest3  (cost=0.43..8.46 rows=0 width=0)
	  ->  Index Scan using sbtest3_pkey on sbtest3  (cost=0.43..8.46 rows=1 width=10)
	        Index Cond: (id = 6653804)

table 4 : explain UPDATE sbtest4 SET k=k+1 WHERE id=5534144
	Update on sbtest4  (cost=0.43..8.46 rows=0 width=0)
	  ->  Index Scan using sbtest4_pkey on sbtest4  (cost=0.43..8.46 rows=1 width=10)
	        Index Cond: (id = 5534144)

table 5 : explain UPDATE sbtest5 SET k=k+1 WHERE id=869928
	Update on sbtest5  (cost=0.43..8.46 rows=0 width=0)
	  ->  Index Scan using sbtest5_pkey on sbtest5  (cost=0.43..8.46 rows=1 width=10)
	        Index Cond: (id = 869928)

table 6 : explain UPDATE sbtest6 SET k=k+1 WHERE id=7733789
	Update on sbtest6  (cost=0.43..8.46 rows=0 width=0)
	  ->  Index Scan using sbtest6_pkey on sbtest6  (cost=0.43..8.46 rows=1 width=10)
	        Index Cond: (id = 7733789)

table 7 : explain UPDATE sbtest7 SET k=k+1 WHERE id=7572787
	Update on sbtest7  (cost=0.43..8.46 rows=0 width=0)
	  ->  Index Scan using sbtest7_pkey on sbtest7  (cost=0.43..8.46 rows=1 width=10)
	        Index Cond: (id = 7572787)

table 8 : explain UPDATE sbtest8 SET k=k+1 WHERE id=3521223
	Update on sbtest8  (cost=0.43..8.46 rows=0 width=0)
	  ->  Index Scan using sbtest8_pkey on sbtest8  (cost=0.43..8.46 rows=1 width=10)
	        Index Cond: (id = 3521223)

explain: for inserts :: explain INSERT INTO sbtest%u (id, k, c, pad) VALUES (%u, 13, 'foobar', 'foobar')
for: simple_ranges
table 1 : explain SELECT c FROM sbtest1 WHERE id BETWEEN 5761576 AND 5761585
	Index Scan using sbtest1_pkey on sbtest1  (cost=0.43..37.28 rows=9 width=121)
	  Index Cond: ((id >= 5761576) AND (id <= 5761585))

table 2 : explain SELECT c FROM sbtest2 WHERE id BETWEEN 8185719 AND 8185728
	Index Scan using sbtest2_pkey on sbtest2  (cost=0.43..40.89 rows=10 width=121)
	  Index Cond: ((id >= 8185719) AND (id <= 8185728))

table 3 : explain SELECT c FROM sbtest3 WHERE id BETWEEN 1595925 AND 1595934
	Index Scan using sbtest3_pkey on sbtest3  (cost=0.43..40.73 rows=10 width=121)
	  Index Cond: ((id >= 1595925) AND (id <= 1595934))

table 4 : explain SELECT c FROM sbtest4 WHERE id BETWEEN 6507617 AND 6507626
	Index Scan using sbtest4_pkey on sbtest4  (cost=0.43..43.98 rows=11 width=121)
	  Index Cond: ((id >= 6507617) AND (id <= 6507626))

table 5 : explain SELECT c FROM sbtest5 WHERE id BETWEEN 1347666 AND 1347675
	Index Scan using sbtest5_pkey on sbtest5  (cost=0.43..40.70 rows=10 width=121)
	  Index Cond: ((id >= 1347666) AND (id <= 1347675))

table 6 : explain SELECT c FROM sbtest6 WHERE id BETWEEN 3940086 AND 3940095
	Index Scan using sbtest6_pkey on sbtest6  (cost=0.43..44.31 rows=11 width=121)
	  Index Cond: ((id >= 3940086) AND (id <= 3940095))

table 7 : explain SELECT c FROM sbtest7 WHERE id BETWEEN 4742728 AND 4742737
	Index Scan using sbtest7_pkey on sbtest7  (cost=0.43..40.75 rows=10 width=121)
	  Index Cond: ((id >= 4742728) AND (id <= 4742737))

table 8 : explain SELECT c FROM sbtest8 WHERE id BETWEEN 8460971 AND 8460980
	Index Scan using sbtest8_pkey on sbtest8  (cost=0.43..40.34 rows=10 width=121)
	  Index Cond: ((id >= 8460971) AND (id <= 8460980))

explain: for non_index_updates :: explain UPDATE sbtest%u SET c='foobar' WHERE id=%u
for index_updates
table 1 : explain UPDATE sbtest1 SET k=k+1 WHERE id=766972
	Update on sbtest1  (cost=0.43..8.46 rows=0 width=0)
	  ->  Index Scan using sbtest1_pkey on sbtest1  (cost=0.43..8.46 rows=1 width=10)
	        Index Cond: (id = 766972)

table 2 : explain UPDATE sbtest2 SET k=k+1 WHERE id=9112969
	Update on sbtest2  (cost=0.43..8.46 rows=0 width=0)
	  ->  Index Scan using sbtest2_pkey on sbtest2  (cost=0.43..8.46 rows=1 width=10)
	        Index Cond: (id = 9112969)

table 3 : explain UPDATE sbtest3 SET k=k+1 WHERE id=9485677
	Update on sbtest3  (cost=0.43..8.46 rows=0 width=0)
	  ->  Index Scan using sbtest3_pkey on sbtest3  (cost=0.43..8.46 rows=1 width=10)
	        Index Cond: (id = 9485677)

table 4 : explain UPDATE sbtest4 SET k=k+1 WHERE id=6903820
	Update on sbtest4  (cost=0.43..8.46 rows=0 width=0)
	  ->  Index Scan using sbtest4_pkey on sbtest4  (cost=0.43..8.46 rows=1 width=10)
	        Index Cond: (id = 6903820)

table 5 : explain UPDATE sbtest5 SET k=k+1 WHERE id=7492604
	Update on sbtest5  (cost=0.43..8.46 rows=0 width=0)
	  ->  Index Scan using sbtest5_pkey on sbtest5  (cost=0.43..8.46 rows=1 width=10)
	        Index Cond: (id = 7492604)

table 6 : explain UPDATE sbtest6 SET k=k+1 WHERE id=9692533
	Update on sbtest6  (cost=0.43..8.46 rows=0 width=0)
	  ->  Index Scan using sbtest6_pkey on sbtest6  (cost=0.43..8.46 rows=1 width=10)
	        Index Cond: (id = 9692533)

table 7 : explain UPDATE sbtest7 SET k=k+1 WHERE id=2014705
	Update on sbtest7  (cost=0.43..8.46 rows=0 width=0)
	  ->  Index Scan using sbtest7_pkey on sbtest7  (cost=0.43..8.46 rows=1 width=10)
	        Index Cond: (id = 2014705)

table 8 : explain UPDATE sbtest8 SET k=k+1 WHERE id=7884885
	Update on sbtest8  (cost=0.43..8.46 rows=0 width=0)
	  ->  Index Scan using sbtest8_pkey on sbtest8  (cost=0.43..8.46 rows=1 width=10)
	        Index Cond: (id = 7884885)

for non_index_updates
table 1 : explain UPDATE sbtest1 SET c='foobar' WHERE id=3864839
	Update on sbtest1  (cost=0.43..8.45 rows=0 width=0)
	  ->  Index Scan using sbtest1_pkey on sbtest1  (cost=0.43..8.45 rows=1 width=490)
	        Index Cond: (id = 3864839)

table 2 : explain UPDATE sbtest2 SET c='foobar' WHERE id=5978166
	Update on sbtest2  (cost=0.43..8.45 rows=0 width=0)
	  ->  Index Scan using sbtest2_pkey on sbtest2  (cost=0.43..8.45 rows=1 width=490)
	        Index Cond: (id = 5978166)

table 3 : explain UPDATE sbtest3 SET c='foobar' WHERE id=1773135
	Update on sbtest3  (cost=0.43..8.45 rows=0 width=0)
	  ->  Index Scan using sbtest3_pkey on sbtest3  (cost=0.43..8.45 rows=1 width=490)
	        Index Cond: (id = 1773135)

table 4 : explain UPDATE sbtest4 SET c='foobar' WHERE id=5539076
	Update on sbtest4  (cost=0.43..8.45 rows=0 width=0)
	  ->  Index Scan using sbtest4_pkey on sbtest4  (cost=0.43..8.45 rows=1 width=490)
	        Index Cond: (id = 5539076)

table 5 : explain UPDATE sbtest5 SET c='foobar' WHERE id=813911
	Update on sbtest5  (cost=0.43..8.45 rows=0 width=0)
	  ->  Index Scan using sbtest5_pkey on sbtest5  (cost=0.43..8.45 rows=1 width=490)
	        Index Cond: (id = 813911)

table 6 : explain UPDATE sbtest6 SET c='foobar' WHERE id=8560492
	Update on sbtest6  (cost=0.43..8.45 rows=0 width=0)
	  ->  Index Scan using sbtest6_pkey on sbtest6  (cost=0.43..8.45 rows=1 width=490)
	        Index Cond: (id = 8560492)

table 7 : explain UPDATE sbtest7 SET c='foobar' WHERE id=4091943
	Update on sbtest7  (cost=0.43..8.45 rows=0 width=0)
	  ->  Index Scan using sbtest7_pkey on sbtest7  (cost=0.43..8.45 rows=1 width=490)
	        Index Cond: (id = 4091943)

table 8 : explain UPDATE sbtest8 SET c='foobar' WHERE id=616424
	Update on sbtest8  (cost=0.43..8.45 rows=0 width=0)
	  ->  Index Scan using sbtest8_pkey on sbtest8  (cost=0.43..8.45 rows=1 width=490)
	        Index Cond: (id = 616424)

for inserts
table 1 : explain INSERT INTO sbtest1 (id, k, c, pad) VALUES (818104, 13, 'foobar', 'foobar')
	Insert on sbtest1  (cost=0.00..0.01 rows=0 width=0)
	  ->  Result  (cost=0.00..0.01 rows=1 width=736)

table 2 : explain INSERT INTO sbtest2 (id, k, c, pad) VALUES (1637591, 13, 'foobar', 'foobar')
	Insert on sbtest2  (cost=0.00..0.01 rows=0 width=0)
	  ->  Result  (cost=0.00..0.01 rows=1 width=736)

table 3 : explain INSERT INTO sbtest3 (id, k, c, pad) VALUES (3190513, 13, 'foobar', 'foobar')
	Insert on sbtest3  (cost=0.00..0.01 rows=0 width=0)
	  ->  Result  (cost=0.00..0.01 rows=1 width=736)

table 4 : explain INSERT INTO sbtest4 (id, k, c, pad) VALUES (706616, 13, 'foobar', 'foobar')
	Insert on sbtest4  (cost=0.00..0.01 rows=0 width=0)
	  ->  Result  (cost=0.00..0.01 rows=1 width=736)

table 5 : explain INSERT INTO sbtest5 (id, k, c, pad) VALUES (5067081, 13, 'foobar', 'foobar')
	Insert on sbtest5  (cost=0.00..0.01 rows=0 width=0)
	  ->  Result  (cost=0.00..0.01 rows=1 width=736)

table 6 : explain INSERT INTO sbtest6 (id, k, c, pad) VALUES (8475672, 13, 'foobar', 'foobar')
	Insert on sbtest6  (cost=0.00..0.01 rows=0 width=0)
	  ->  Result  (cost=0.00..0.01 rows=1 width=736)

table 7 : explain INSERT INTO sbtest7 (id, k, c, pad) VALUES (3880217, 13, 'foobar', 'foobar')
	Insert on sbtest7  (cost=0.00..0.01 rows=0 width=0)
	  ->  Result  (cost=0.00..0.01 rows=1 width=736)

table 8 : explain INSERT INTO sbtest8 (id, k, c, pad) VALUES (2886845, 13, 'foobar', 'foobar')
	Insert on sbtest8  (cost=0.00..0.01 rows=0 width=0)
	  ->  Result  (cost=0.00..0.01 rows=1 width=736)

for non_index_updates
table 1 : explain UPDATE sbtest1 SET c='foobar' WHERE id=2911724
	Update on sbtest1  (cost=0.43..8.45 rows=0 width=0)
	  ->  Index Scan using sbtest1_pkey on sbtest1  (cost=0.43..8.45 rows=1 width=490)
	        Index Cond: (id = 2911724)

table 2 : explain UPDATE sbtest2 SET c='foobar' WHERE id=1425564
	Update on sbtest2  (cost=0.43..8.45 rows=0 width=0)
	  ->  Index Scan using sbtest2_pkey on sbtest2  (cost=0.43..8.45 rows=1 width=490)
	        Index Cond: (id = 1425564)

table 3 : explain UPDATE sbtest3 SET c='foobar' WHERE id=3602594
	Update on sbtest3  (cost=0.43..8.45 rows=0 width=0)
	  ->  Index Scan using sbtest3_pkey on sbtest3  (cost=0.43..8.45 rows=1 width=490)
	        Index Cond: (id = 3602594)

table 4 : explain UPDATE sbtest4 SET c='foobar' WHERE id=2497291
	Update on sbtest4  (cost=0.43..8.45 rows=0 width=0)
	  ->  Index Scan using sbtest4_pkey on sbtest4  (cost=0.43..8.45 rows=1 width=490)
	        Index Cond: (id = 2497291)

table 5 : explain UPDATE sbtest5 SET c='foobar' WHERE id=9738024
	Update on sbtest5  (cost=0.43..8.45 rows=0 width=0)
	  ->  Index Scan using sbtest5_pkey on sbtest5  (cost=0.43..8.45 rows=1 width=490)
	        Index Cond: (id = 9738024)

table 6 : explain UPDATE sbtest6 SET c='foobar' WHERE id=4948413
	Update on sbtest6  (cost=0.43..8.45 rows=0 width=0)
	  ->  Index Scan using sbtest6_pkey on sbtest6  (cost=0.43..8.45 rows=1 width=490)
	        Index Cond: (id = 4948413)

table 7 : explain UPDATE sbtest7 SET c='foobar' WHERE id=1991706
	Update on sbtest7  (cost=0.43..8.45 rows=0 width=0)
	  ->  Index Scan using sbtest7_pkey on sbtest7  (cost=0.43..8.45 rows=1 width=490)
	        Index Cond: (id = 1991706)

table 8 : explain UPDATE sbtest8 SET c='foobar' WHERE id=6015856
	Update on sbtest8  (cost=0.43..8.45 rows=0 width=0)
	  ->  Index Scan using sbtest8_pkey on sbtest8  (cost=0.43..8.45 rows=1 width=490)
	        Index Cond: (id = 6015856)

for point_selects
table 1 : explain SELECT c FROM sbtest1 WHERE id=6951199
	Index Scan using sbtest1_pkey on sbtest1  (cost=0.43..8.45 rows=1 width=121)
	  Index Cond: (id = 6951199)

table 2 : explain SELECT c FROM sbtest2 WHERE id=6635454
	Index Scan using sbtest2_pkey on sbtest2  (cost=0.43..8.45 rows=1 width=121)
	  Index Cond: (id = 6635454)

table 3 : explain SELECT c FROM sbtest3 WHERE id=5851424
	Index Scan using sbtest3_pkey on sbtest3  (cost=0.43..8.45 rows=1 width=121)
	  Index Cond: (id = 5851424)

table 4 : explain SELECT c FROM sbtest4 WHERE id=7120216
	Index Scan using sbtest4_pkey on sbtest4  (cost=0.43..8.45 rows=1 width=121)
	  Index Cond: (id = 7120216)

table 5 : explain SELECT c FROM sbtest5 WHERE id=1249270
	Index Scan using sbtest5_pkey on sbtest5  (cost=0.43..8.45 rows=1 width=121)
	  Index Cond: (id = 1249270)

table 6 : explain SELECT c FROM sbtest6 WHERE id=3503139
	Index Scan using sbtest6_pkey on sbtest6  (cost=0.43..8.45 rows=1 width=121)
	  Index Cond: (id = 3503139)

table 7 : explain SELECT c FROM sbtest7 WHERE id=7787292
	Index Scan using sbtest7_pkey on sbtest7  (cost=0.43..8.45 rows=1 width=121)
	  Index Cond: (id = 7787292)

table 8 : explain SELECT c FROM sbtest8 WHERE id=2518955
	Index Scan using sbtest8_pkey on sbtest8  (cost=0.43..8.45 rows=1 width=121)
	  Index Cond: (id = 2518955)

explain: for deletes :: explain DELETE FROM sbtest%u WHERE id=%u
explain: for deletes :: explain DELETE FROM sbtest%u WHERE id=%u
for: sum_ranges
table 1 : explain SELECT SUM(k) FROM sbtest1 WHERE id BETWEEN 398550 AND 398559
	Aggregate  (cost=40.90..40.91 rows=1 width=8)
	  ->  Index Scan using sbtest1_pkey on sbtest1  (cost=0.43..40.88 rows=10 width=4)
	        Index Cond: ((id >= 398550) AND (id <= 398559))

table 2 : explain SELECT SUM(k) FROM sbtest2 WHERE id BETWEEN 5620415 AND 5620424
	Aggregate  (cost=40.91..40.92 rows=1 width=8)
	  ->  Index Scan using sbtest2_pkey on sbtest2  (cost=0.43..40.89 rows=10 width=4)
	        Index Cond: ((id >= 5620415) AND (id <= 5620424))

table 3 : explain SELECT SUM(k) FROM sbtest3 WHERE id BETWEEN 6470162 AND 6470171
	Aggregate  (cost=40.76..40.77 rows=1 width=8)
	  ->  Index Scan using sbtest3_pkey on sbtest3  (cost=0.43..40.73 rows=10 width=4)
	        Index Cond: ((id >= 6470162) AND (id <= 6470171))

table 4 : explain SELECT SUM(k) FROM sbtest4 WHERE id BETWEEN 7031648 AND 7031657
	Aggregate  (cost=40.46..40.47 rows=1 width=8)
	  ->  Index Scan using sbtest4_pkey on sbtest4  (cost=0.43..40.43 rows=10 width=4)
	        Index Cond: ((id >= 7031648) AND (id <= 7031657))

table 5 : explain SELECT SUM(k) FROM sbtest5 WHERE id BETWEEN 725254 AND 725263
	Aggregate  (cost=40.73..40.74 rows=1 width=8)
	  ->  Index Scan using sbtest5_pkey on sbtest5  (cost=0.43..40.70 rows=10 width=4)
	        Index Cond: ((id >= 725254) AND (id <= 725263))

table 6 : explain SELECT SUM(k) FROM sbtest6 WHERE id BETWEEN 7576295 AND 7576304
	Aggregate  (cost=44.33..44.34 rows=1 width=8)
	  ->  Index Scan using sbtest6_pkey on sbtest6  (cost=0.43..44.31 rows=11 width=4)
	        Index Cond: ((id >= 7576295) AND (id <= 7576304))

table 7 : explain SELECT SUM(k) FROM sbtest7 WHERE id BETWEEN 1219104 AND 1219113
	Aggregate  (cost=40.77..40.78 rows=1 width=8)
	  ->  Index Scan using sbtest7_pkey on sbtest7  (cost=0.43..40.75 rows=10 width=4)
	        Index Cond: ((id >= 1219104) AND (id <= 1219113))

table 8 : explain SELECT SUM(k) FROM sbtest8 WHERE id BETWEEN 2288216 AND 2288225
	Aggregate  (cost=36.82..36.83 rows=1 width=8)
	  ->  Index Scan using sbtest8_pkey on sbtest8  (cost=0.43..36.79 rows=9 width=4)
	        Index Cond: ((id >= 2288216) AND (id <= 2288225))

for non_index_updates
table 1 : explain UPDATE sbtest1 SET c='foobar' WHERE id=1073056
	Update on sbtest1  (cost=0.43..8.45 rows=0 width=0)
	  ->  Index Scan using sbtest1_pkey on sbtest1  (cost=0.43..8.45 rows=1 width=490)
	        Index Cond: (id = 1073056)

table 2 : explain UPDATE sbtest2 SET c='foobar' WHERE id=5917921
	Update on sbtest2  (cost=0.43..8.45 rows=0 width=0)
	  ->  Index Scan using sbtest2_pkey on sbtest2  (cost=0.43..8.45 rows=1 width=490)
	        Index Cond: (id = 5917921)

table 3 : explain UPDATE sbtest3 SET c='foobar' WHERE id=1051229
	Update on sbtest3  (cost=0.43..8.45 rows=0 width=0)
	  ->  Index Scan using sbtest3_pkey on sbtest3  (cost=0.43..8.45 rows=1 width=490)
	        Index Cond: (id = 1051229)

table 4 : explain UPDATE sbtest4 SET c='foobar' WHERE id=5126828
	Update on sbtest4  (cost=0.43..8.45 rows=0 width=0)
	  ->  Index Scan using sbtest4_pkey on sbtest4  (cost=0.43..8.45 rows=1 width=490)
	        Index Cond: (id = 5126828)

table 5 : explain UPDATE sbtest5 SET c='foobar' WHERE id=2895552
	Update on sbtest5  (cost=0.43..8.45 rows=0 width=0)
	  ->  Index Scan using sbtest5_pkey on sbtest5  (cost=0.43..8.45 rows=1 width=490)
	        Index Cond: (id = 2895552)

table 6 : explain UPDATE sbtest6 SET c='foobar' WHERE id=2108801
	Update on sbtest6  (cost=0.43..8.45 rows=0 width=0)
	  ->  Index Scan using sbtest6_pkey on sbtest6  (cost=0.43..8.45 rows=1 width=490)
	        Index Cond: (id = 2108801)

table 7 : explain UPDATE sbtest7 SET c='foobar' WHERE id=9360891
	Update on sbtest7  (cost=0.43..8.45 rows=0 width=0)
	  ->  Index Scan using sbtest7_pkey on sbtest7  (cost=0.43..8.45 rows=1 width=490)
	        Index Cond: (id = 9360891)

table 8 : explain UPDATE sbtest8 SET c='foobar' WHERE id=9349536
	Update on sbtest8  (cost=0.43..8.45 rows=0 width=0)
	  ->  Index Scan using sbtest8_pkey on sbtest8  (cost=0.43..8.45 rows=1 width=490)
	        Index Cond: (id = 9349536)

explain: for deletes :: explain DELETE FROM sbtest%u WHERE id=%u
for deletes
table 1 : explain DELETE FROM sbtest1 WHERE id=4063838
	Delete on sbtest1  (cost=0.43..8.45 rows=0 width=0)
	  ->  Index Scan using sbtest1_pkey on sbtest1  (cost=0.43..8.45 rows=1 width=6)
	        Index Cond: (id = 4063838)

table 2 : explain DELETE FROM sbtest2 WHERE id=1985823
	Delete on sbtest2  (cost=0.43..8.45 rows=0 width=0)
	  ->  Index Scan using sbtest2_pkey on sbtest2  (cost=0.43..8.45 rows=1 width=6)
	        Index Cond: (id = 1985823)

table 3 : explain DELETE FROM sbtest3 WHERE id=9276831
	Delete on sbtest3  (cost=0.43..8.45 rows=0 width=0)
	  ->  Index Scan using sbtest3_pkey on sbtest3  (cost=0.43..8.45 rows=1 width=6)
	        Index Cond: (id = 9276831)

table 4 : explain DELETE FROM sbtest4 WHERE id=5393223
	Delete on sbtest4  (cost=0.43..8.45 rows=0 width=0)
	  ->  Index Scan using sbtest4_pkey on sbtest4  (cost=0.43..8.45 rows=1 width=6)
	        Index Cond: (id = 5393223)

table 5 : explain DELETE FROM sbtest5 WHERE id=3544103
	Delete on sbtest5  (cost=0.43..8.45 rows=0 width=0)
	  ->  Index Scan using sbtest5_pkey on sbtest5  (cost=0.43..8.45 rows=1 width=6)
	        Index Cond: (id = 3544103)

table 6 : explain DELETE FROM sbtest6 WHERE id=4034211
	Delete on sbtest6  (cost=0.43..8.45 rows=0 width=0)
	  ->  Index Scan using sbtest6_pkey on sbtest6  (cost=0.43..8.45 rows=1 width=6)
	        Index Cond: (id = 4034211)

table 7 : explain DELETE FROM sbtest7 WHERE id=6539723
	Delete on sbtest7  (cost=0.43..8.45 rows=0 width=0)
	  ->  Index Scan using sbtest7_pkey on sbtest7  (cost=0.43..8.45 rows=1 width=6)
	        Index Cond: (id = 6539723)

table 8 : explain DELETE FROM sbtest8 WHERE id=579365
	Delete on sbtest8  (cost=0.43..8.45 rows=0 width=0)
	  ->  Index Scan using sbtest8_pkey on sbtest8  (cost=0.43..8.45 rows=1 width=6)
	        Index Cond: (id = 579365)

for: order_ranges
table 1 : explain SELECT c FROM sbtest1 WHERE id BETWEEN 8913732 AND 8913741 ORDER BY c
	Sort  (cost=41.04..41.07 rows=10 width=121)
	  Sort Key: c
	  ->  Index Scan using sbtest1_pkey on sbtest1  (cost=0.43..40.88 rows=10 width=121)
	        Index Cond: ((id >= 8913732) AND (id <= 8913741))

table 2 : explain SELECT c FROM sbtest2 WHERE id BETWEEN 1195574 AND 1195583 ORDER BY c
	Sort  (cost=37.43..37.45 rows=9 width=121)
	  Sort Key: c
	  ->  Index Scan using sbtest2_pkey on sbtest2  (cost=0.43..37.28 rows=9 width=121)
	        Index Cond: ((id >= 1195574) AND (id <= 1195583))

table 3 : explain SELECT c FROM sbtest3 WHERE id BETWEEN 6268410 AND 6268419 ORDER BY c
	Sort  (cost=40.90..40.93 rows=10 width=121)
	  Sort Key: c
	  ->  Index Scan using sbtest3_pkey on sbtest3  (cost=0.43..40.73 rows=10 width=121)
	        Index Cond: ((id >= 6268410) AND (id <= 6268419))

table 4 : explain SELECT c FROM sbtest4 WHERE id BETWEEN 4116371 AND 4116380 ORDER BY c
	Sort  (cost=40.60..40.62 rows=10 width=121)
	  Sort Key: c
	  ->  Index Scan using sbtest4_pkey on sbtest4  (cost=0.43..40.43 rows=10 width=121)
	        Index Cond: ((id >= 4116371) AND (id <= 4116380))

table 5 : explain SELECT c FROM sbtest5 WHERE id BETWEEN 9944398 AND 9944407 ORDER BY c
	Sort  (cost=40.87..40.89 rows=10 width=121)
	  Sort Key: c
	  ->  Index Scan using sbtest5_pkey on sbtest5  (cost=0.43..40.70 rows=10 width=121)
	        Index Cond: ((id >= 9944398) AND (id <= 9944407))

table 6 : explain SELECT c FROM sbtest6 WHERE id BETWEEN 4131050 AND 4131059 ORDER BY c
	Sort  (cost=44.50..44.52 rows=11 width=121)
	  Sort Key: c
	  ->  Index Scan using sbtest6_pkey on sbtest6  (cost=0.43..44.31 rows=11 width=121)
	        Index Cond: ((id >= 4131050) AND (id <= 4131059))

table 7 : explain SELECT c FROM sbtest7 WHERE id BETWEEN 2257695 AND 2257704 ORDER BY c
	Sort  (cost=44.53..44.55 rows=11 width=121)
	  Sort Key: c
	  ->  Index Scan using sbtest7_pkey on sbtest7  (cost=0.43..44.34 rows=11 width=121)
	        Index Cond: ((id >= 2257695) AND (id <= 2257704))

table 8 : explain SELECT c FROM sbtest8 WHERE id BETWEEN 3979684 AND 3979693 ORDER BY c
	Sort  (cost=40.50..40.53 rows=10 width=121)
	  Sort Key: c
	  ->  Index Scan using sbtest8_pkey on sbtest8  (cost=0.43..40.34 rows=10 width=121)
	        Index Cond: ((id >= 3979684) AND (id <= 3979693))

for deletes
table 1 : explain DELETE FROM sbtest1 WHERE id=7567126
	Delete on sbtest1  (cost=0.43..8.45 rows=0 width=0)
	  ->  Index Scan using sbtest1_pkey on sbtest1  (cost=0.43..8.45 rows=1 width=6)
	        Index Cond: (id = 7567126)

table 2 : explain DELETE FROM sbtest2 WHERE id=5959034
	Delete on sbtest2  (cost=0.43..8.45 rows=0 width=0)
	  ->  Index Scan using sbtest2_pkey on sbtest2  (cost=0.43..8.45 rows=1 width=6)
	        Index Cond: (id = 5959034)

table 3 : explain DELETE FROM sbtest3 WHERE id=9552333
	Delete on sbtest3  (cost=0.43..8.45 rows=0 width=0)
	  ->  Index Scan using sbtest3_pkey on sbtest3  (cost=0.43..8.45 rows=1 width=6)
	        Index Cond: (id = 9552333)

table 4 : explain DELETE FROM sbtest4 WHERE id=7236966
	Delete on sbtest4  (cost=0.43..8.45 rows=0 width=0)
	  ->  Index Scan using sbtest4_pkey on sbtest4  (cost=0.43..8.45 rows=1 width=6)
	        Index Cond: (id = 7236966)

table 5 : explain DELETE FROM sbtest5 WHERE id=2394621
	Delete on sbtest5  (cost=0.43..8.45 rows=0 width=0)
	  ->  Index Scan using sbtest5_pkey on sbtest5  (cost=0.43..8.45 rows=1 width=6)
	        Index Cond: (id = 2394621)

table 6 : explain DELETE FROM sbtest6 WHERE id=5228116
	Delete on sbtest6  (cost=0.43..8.45 rows=0 width=0)
	  ->  Index Scan using sbtest6_pkey on sbtest6  (cost=0.43..8.45 rows=1 width=6)
	        Index Cond: (id = 5228116)

table 7 : explain DELETE FROM sbtest7 WHERE id=7970865
	Delete on sbtest7  (cost=0.43..8.45 rows=0 width=0)
	  ->  Index Scan using sbtest7_pkey on sbtest7  (cost=0.43..8.45 rows=1 width=6)
	        Index Cond: (id = 7970865)

table 8 : explain DELETE FROM sbtest8 WHERE id=3097216
	Delete on sbtest8  (cost=0.43..8.45 rows=0 width=0)
	  ->  Index Scan using sbtest8_pkey on sbtest8  (cost=0.43..8.45 rows=1 width=6)
	        Index Cond: (id = 3097216)

for: sum_ranges
table 1 : explain SELECT SUM(k) FROM sbtest1 WHERE id BETWEEN 3064226 AND 3064235
	Aggregate  (cost=44.51..44.52 rows=1 width=8)
	  ->  Index Scan using sbtest1_pkey on sbtest1  (cost=0.43..44.48 rows=11 width=4)
	        Index Cond: ((id >= 3064226) AND (id <= 3064235))

table 2 : explain SELECT SUM(k) FROM sbtest2 WHERE id BETWEEN 9868213 AND 9868222
	Aggregate  (cost=40.91..40.92 rows=1 width=8)
	  ->  Index Scan using sbtest2_pkey on sbtest2  (cost=0.43..40.89 rows=10 width=4)
	        Index Cond: ((id >= 9868213) AND (id <= 9868222))

table 3 : explain SELECT SUM(k) FROM sbtest3 WHERE id BETWEEN 1295074 AND 1295083
	Aggregate  (cost=40.76..40.77 rows=1 width=8)
	  ->  Index Scan using sbtest3_pkey on sbtest3  (cost=0.43..40.73 rows=10 width=4)
	        Index Cond: ((id >= 1295074) AND (id <= 1295083))

table 4 : explain SELECT SUM(k) FROM sbtest4 WHERE id BETWEEN 8482689 AND 8482698
	Aggregate  (cost=40.46..40.47 rows=1 width=8)
	  ->  Index Scan using sbtest4_pkey on sbtest4  (cost=0.43..40.43 rows=10 width=4)
	        Index Cond: ((id >= 8482689) AND (id <= 8482698))

table 5 : explain SELECT SUM(k) FROM sbtest5 WHERE id BETWEEN 7678768 AND 7678777
	Aggregate  (cost=40.73..40.74 rows=1 width=8)
	  ->  Index Scan using sbtest5_pkey on sbtest5  (cost=0.43..40.70 rows=10 width=4)
	        Index Cond: ((id >= 7678768) AND (id <= 7678777))

table 6 : explain SELECT SUM(k) FROM sbtest6 WHERE id BETWEEN 6547396 AND 6547405
	Aggregate  (cost=40.75..40.76 rows=1 width=8)
	  ->  Index Scan using sbtest6_pkey on sbtest6  (cost=0.43..40.72 rows=10 width=4)
	        Index Cond: ((id >= 6547396) AND (id <= 6547405))

table 7 : explain SELECT SUM(k) FROM sbtest7 WHERE id BETWEEN 7517376 AND 7517385
	Aggregate  (cost=37.18..37.19 rows=1 width=8)
	  ->  Index Scan using sbtest7_pkey on sbtest7  (cost=0.43..37.16 rows=9 width=4)
	        Index Cond: ((id >= 7517376) AND (id <= 7517385))

table 8 : explain SELECT SUM(k) FROM sbtest8 WHERE id BETWEEN 2678516 AND 2678525
	Aggregate  (cost=36.82..36.83 rows=1 width=8)
	  ->  Index Scan using sbtest8_pkey on sbtest8  (cost=0.43..36.79 rows=9 width=4)
	        Index Cond: ((id >= 2678516) AND (id <= 2678525))

for deletes
table 1 : explain DELETE FROM sbtest1 WHERE id=721571
	Delete on sbtest1  (cost=0.43..8.45 rows=0 width=0)
	  ->  Index Scan using sbtest1_pkey on sbtest1  (cost=0.43..8.45 rows=1 width=6)
	        Index Cond: (id = 721571)

table 2 : explain DELETE FROM sbtest2 WHERE id=1335815
	Delete on sbtest2  (cost=0.43..8.45 rows=0 width=0)
	  ->  Index Scan using sbtest2_pkey on sbtest2  (cost=0.43..8.45 rows=1 width=6)
	        Index Cond: (id = 1335815)

table 3 : explain DELETE FROM sbtest3 WHERE id=6358437
	Delete on sbtest3  (cost=0.43..8.45 rows=0 width=0)
	  ->  Index Scan using sbtest3_pkey on sbtest3  (cost=0.43..8.45 rows=1 width=6)
	        Index Cond: (id = 6358437)

table 4 : explain DELETE FROM sbtest4 WHERE id=1137952
	Delete on sbtest4  (cost=0.43..8.45 rows=0 width=0)
	  ->  Index Scan using sbtest4_pkey on sbtest4  (cost=0.43..8.45 rows=1 width=6)
	        Index Cond: (id = 1137952)

table 5 : explain DELETE FROM sbtest5 WHERE id=4888940
	Delete on sbtest5  (cost=0.43..8.45 rows=0 width=0)
	  ->  Index Scan using sbtest5_pkey on sbtest5  (cost=0.43..8.45 rows=1 width=6)
	        Index Cond: (id = 4888940)

table 6 : explain DELETE FROM sbtest6 WHERE id=1773945
	Delete on sbtest6  (cost=0.43..8.45 rows=0 width=0)
	  ->  Index Scan using sbtest6_pkey on sbtest6  (cost=0.43..8.45 rows=1 width=6)
	        Index Cond: (id = 1773945)

table 7 : explain DELETE FROM sbtest7 WHERE id=2726647
	Delete on sbtest7  (cost=0.43..8.45 rows=0 width=0)
	  ->  Index Scan using sbtest7_pkey on sbtest7  (cost=0.43..8.45 rows=1 width=6)
	        Index Cond: (id = 2726647)

table 8 : explain DELETE FROM sbtest8 WHERE id=7577640
	Delete on sbtest8  (cost=0.43..8.45 rows=0 width=0)
	  ->  Index Scan using sbtest8_pkey on sbtest8  (cost=0.43..8.45 rows=1 width=6)
	        Index Cond: (id = 7577640)

explain: for inserts :: explain INSERT INTO sbtest%u (id, k, c, pad) VALUES (%u, 13, 'foobar', 'foobar')
explain: for inserts :: explain INSERT INTO sbtest%u (id, k, c, pad) VALUES (%u, 13, 'foobar', 'foobar')
for: simple_ranges
table 1 : explain SELECT c FROM sbtest1 WHERE id BETWEEN 2874061 AND 2874070
	Index Scan using sbtest1_pkey on sbtest1  (cost=0.43..44.48 rows=11 width=121)
	  Index Cond: ((id >= 2874061) AND (id <= 2874070))

table 2 : explain SELECT c FROM sbtest2 WHERE id BETWEEN 5782075 AND 5782084
	Index Scan using sbtest2_pkey on sbtest2  (cost=0.43..40.89 rows=10 width=121)
	  Index Cond: ((id >= 5782075) AND (id <= 5782084))

table 3 : explain SELECT c FROM sbtest3 WHERE id BETWEEN 1667940 AND 1667949
	Index Scan using sbtest3_pkey on sbtest3  (cost=0.43..40.73 rows=10 width=121)
	  Index Cond: ((id >= 1667940) AND (id <= 1667949))

table 4 : explain SELECT c FROM sbtest4 WHERE id BETWEEN 6900929 AND 6900938
	Index Scan using sbtest4_pkey on sbtest4  (cost=0.43..36.88 rows=9 width=121)
	  Index Cond: ((id >= 6900929) AND (id <= 6900938))

table 5 : explain SELECT c FROM sbtest5 WHERE id BETWEEN 3075781 AND 3075790
	Index Scan using sbtest5_pkey on sbtest5  (cost=0.43..40.70 rows=10 width=121)
	  Index Cond: ((id >= 3075781) AND (id <= 3075790))

table 6 : explain SELECT c FROM sbtest6 WHERE id BETWEEN 8508770 AND 8508779
	Index Scan using sbtest6_pkey on sbtest6  (cost=0.43..40.72 rows=10 width=121)
	  Index Cond: ((id >= 8508770) AND (id <= 8508779))

table 7 : explain SELECT c FROM sbtest7 WHERE id BETWEEN 5206762 AND 5206771
	Index Scan using sbtest7_pkey on sbtest7  (cost=0.43..44.34 rows=11 width=121)
	  Index Cond: ((id >= 5206762) AND (id <= 5206771))

table 8 : explain SELECT c FROM sbtest8 WHERE id BETWEEN 5850325 AND 5850334
	Index Scan using sbtest8_pkey on sbtest8  (cost=0.43..40.34 rows=10 width=121)
	  Index Cond: ((id >= 5850325) AND (id <= 5850334))

explain: for point_selects :: explain SELECT c FROM sbtest%u WHERE id=%u
for: simple_ranges
table 1 : explain SELECT c FROM sbtest1 WHERE id BETWEEN 8046136 AND 8046145
	Index Scan using sbtest1_pkey on sbtest1  (cost=0.43..37.28 rows=9 width=121)
	  Index Cond: ((id >= 8046136) AND (id <= 8046145))

table 2 : explain SELECT c FROM sbtest2 WHERE id BETWEEN 4489507 AND 4489516
	Index Scan using sbtest2_pkey on sbtest2  (cost=0.43..40.89 rows=10 width=121)
	  Index Cond: ((id >= 4489507) AND (id <= 4489516))

table 3 : explain SELECT c FROM sbtest3 WHERE id BETWEEN 1705685 AND 1705694
	Index Scan using sbtest3_pkey on sbtest3  (cost=0.43..40.73 rows=10 width=121)
	  Index Cond: ((id >= 1705685) AND (id <= 1705694))

table 4 : explain SELECT c FROM sbtest4 WHERE id BETWEEN 7824600 AND 7824609
	Index Scan using sbtest4_pkey on sbtest4  (cost=0.43..40.43 rows=10 width=121)
	  Index Cond: ((id >= 7824600) AND (id <= 7824609))

table 5 : explain SELECT c FROM sbtest5 WHERE id BETWEEN 2258257 AND 2258266
	Index Scan using sbtest5_pkey on sbtest5  (cost=0.43..40.70 rows=10 width=121)
	  Index Cond: ((id >= 2258257) AND (id <= 2258266))

table 6 : explain SELECT c FROM sbtest6 WHERE id BETWEEN 7466664 AND 7466673
	Index Scan using sbtest6_pkey on sbtest6  (cost=0.43..40.72 rows=10 width=121)
	  Index Cond: ((id >= 7466664) AND (id <= 7466673))

table 7 : explain SELECT c FROM sbtest7 WHERE id BETWEEN 3352045 AND 3352054
	Index Scan using sbtest7_pkey on sbtest7  (cost=0.43..40.75 rows=10 width=121)
	  Index Cond: ((id >= 3352045) AND (id <= 3352054))

table 8 : explain SELECT c FROM sbtest8 WHERE id BETWEEN 6024710 AND 6024719
	Index Scan using sbtest8_pkey on sbtest8  (cost=0.43..36.79 rows=9 width=121)
	  Index Cond: ((id >= 6024710) AND (id <= 6024719))

for point_selects
table 1 : explain SELECT c FROM sbtest1 WHERE id=50892
	Index Scan using sbtest1_pkey on sbtest1  (cost=0.43..8.45 rows=1 width=121)
	  Index Cond: (id = 50892)

table 2 : explain SELECT c FROM sbtest2 WHERE id=7859826
	Index Scan using sbtest2_pkey on sbtest2  (cost=0.43..8.45 rows=1 width=121)
	  Index Cond: (id = 7859826)

table 3 : explain SELECT c FROM sbtest3 WHERE id=4236027
	Index Scan using sbtest3_pkey on sbtest3  (cost=0.43..8.45 rows=1 width=121)
	  Index Cond: (id = 4236027)

table 4 : explain SELECT c FROM sbtest4 WHERE id=9135163
	Index Scan using sbtest4_pkey on sbtest4  (cost=0.43..8.45 rows=1 width=121)
	  Index Cond: (id = 9135163)

table 5 : explain SELECT c FROM sbtest5 WHERE id=1732838
	Index Scan using sbtest5_pkey on sbtest5  (cost=0.43..8.45 rows=1 width=121)
	  Index Cond: (id = 1732838)

table 6 : explain SELECT c FROM sbtest6 WHERE id=2913431
	Index Scan using sbtest6_pkey on sbtest6  (cost=0.43..8.45 rows=1 width=121)
	  Index Cond: (id = 2913431)

table 7 : explain SELECT c FROM sbtest7 WHERE id=753834
	Index Scan using sbtest7_pkey on sbtest7  (cost=0.43..8.45 rows=1 width=121)
	  Index Cond: (id = 753834)

table 8 : explain SELECT c FROM sbtest8 WHERE id=4666285
	Index Scan using sbtest8_pkey on sbtest8  (cost=0.43..8.45 rows=1 width=121)
	  Index Cond: (id = 4666285)

for inserts
table 1 : explain INSERT INTO sbtest1 (id, k, c, pad) VALUES (4955685, 13, 'foobar', 'foobar')
	Insert on sbtest1  (cost=0.00..0.01 rows=0 width=0)
	  ->  Result  (cost=0.00..0.01 rows=1 width=736)

table 2 : explain INSERT INTO sbtest2 (id, k, c, pad) VALUES (7618387, 13, 'foobar', 'foobar')
	Insert on sbtest2  (cost=0.00..0.01 rows=0 width=0)
	  ->  Result  (cost=0.00..0.01 rows=1 width=736)

table 3 : explain INSERT INTO sbtest3 (id, k, c, pad) VALUES (9041353, 13, 'foobar', 'foobar')
	Insert on sbtest3  (cost=0.00..0.01 rows=0 width=0)
	  ->  Result  (cost=0.00..0.01 rows=1 width=736)

table 4 : explain INSERT INTO sbtest4 (id, k, c, pad) VALUES (460949, 13, 'foobar', 'foobar')
	Insert on sbtest4  (cost=0.00..0.01 rows=0 width=0)
	  ->  Result  (cost=0.00..0.01 rows=1 width=736)

table 5 : explain INSERT INTO sbtest5 (id, k, c, pad) VALUES (7301374, 13, 'foobar', 'foobar')
	Insert on sbtest5  (cost=0.00..0.01 rows=0 width=0)
	  ->  Result  (cost=0.00..0.01 rows=1 width=736)

table 6 : explain INSERT INTO sbtest6 (id, k, c, pad) VALUES (7848704, 13, 'foobar', 'foobar')
	Insert on sbtest6  (cost=0.00..0.01 rows=0 width=0)
	  ->  Result  (cost=0.00..0.01 rows=1 width=736)

table 7 : explain INSERT INTO sbtest7 (id, k, c, pad) VALUES (4043336, 13, 'foobar', 'foobar')
	Insert on sbtest7  (cost=0.00..0.01 rows=0 width=0)
	  ->  Result  (cost=0.00..0.01 rows=1 width=736)

table 8 : explain INSERT INTO sbtest8 (id, k, c, pad) VALUES (5789182, 13, 'foobar', 'foobar')
	Insert on sbtest8  (cost=0.00..0.01 rows=0 width=0)
	  ->  Result  (cost=0.00..0.01 rows=1 width=736)

explain: for non_index_updates :: explain UPDATE sbtest%u SET c='foobar' WHERE id=%u
explain: for point_selects :: explain SELECT c FROM sbtest%u WHERE id=%u
for point_selects
table 1 : explain SELECT c FROM sbtest1 WHERE id=448781
	Index Scan using sbtest1_pkey on sbtest1  (cost=0.43..8.45 rows=1 width=121)
	  Index Cond: (id = 448781)

table 2 : explain SELECT c FROM sbtest2 WHERE id=8838521
	Index Scan using sbtest2_pkey on sbtest2  (cost=0.43..8.45 rows=1 width=121)
	  Index Cond: (id = 8838521)

table 3 : explain SELECT c FROM sbtest3 WHERE id=4133100
	Index Scan using sbtest3_pkey on sbtest3  (cost=0.43..8.45 rows=1 width=121)
	  Index Cond: (id = 4133100)

table 4 : explain SELECT c FROM sbtest4 WHERE id=3953282
	Index Scan using sbtest4_pkey on sbtest4  (cost=0.43..8.45 rows=1 width=121)
	  Index Cond: (id = 3953282)

table 5 : explain SELECT c FROM sbtest5 WHERE id=9156075
	Index Scan using sbtest5_pkey on sbtest5  (cost=0.43..8.45 rows=1 width=121)
	  Index Cond: (id = 9156075)

table 6 : explain SELECT c FROM sbtest6 WHERE id=8017068
	Index Scan using sbtest6_pkey on sbtest6  (cost=0.43..8.45 rows=1 width=121)
	  Index Cond: (id = 8017068)

table 7 : explain SELECT c FROM sbtest7 WHERE id=9498058
	Index Scan using sbtest7_pkey on sbtest7  (cost=0.43..8.45 rows=1 width=121)
	  Index Cond: (id = 9498058)

table 8 : explain SELECT c FROM sbtest8 WHERE id=5324662
	Index Scan using sbtest8_pkey on sbtest8  (cost=0.43..8.45 rows=1 width=121)
	  Index Cond: (id = 5324662)

for inserts
table 1 : explain INSERT INTO sbtest1 (id, k, c, pad) VALUES (1378906, 13, 'foobar', 'foobar')
	Insert on sbtest1  (cost=0.00..0.01 rows=0 width=0)
	  ->  Result  (cost=0.00..0.01 rows=1 width=736)

table 2 : explain INSERT INTO sbtest2 (id, k, c, pad) VALUES (228862, 13, 'foobar', 'foobar')
	Insert on sbtest2  (cost=0.00..0.01 rows=0 width=0)
	  ->  Result  (cost=0.00..0.01 rows=1 width=736)

table 3 : explain INSERT INTO sbtest3 (id, k, c, pad) VALUES (9091449, 13, 'foobar', 'foobar')
	Insert on sbtest3  (cost=0.00..0.01 rows=0 width=0)
	  ->  Result  (cost=0.00..0.01 rows=1 width=736)

table 4 : explain INSERT INTO sbtest4 (id, k, c, pad) VALUES (2797138, 13, 'foobar', 'foobar')
	Insert on sbtest4  (cost=0.00..0.01 rows=0 width=0)
	  ->  Result  (cost=0.00..0.01 rows=1 width=736)

table 5 : explain INSERT INTO sbtest5 (id, k, c, pad) VALUES (6879066, 13, 'foobar', 'foobar')
	Insert on sbtest5  (cost=0.00..0.01 rows=0 width=0)
	  ->  Result  (cost=0.00..0.01 rows=1 width=736)

table 6 : explain INSERT INTO sbtest6 (id, k, c, pad) VALUES (7964290, 13, 'foobar', 'foobar')
	Insert on sbtest6  (cost=0.00..0.01 rows=0 width=0)
	  ->  Result  (cost=0.00..0.01 rows=1 width=736)

table 7 : explain INSERT INTO sbtest7 (id, k, c, pad) VALUES (7209088, 13, 'foobar', 'foobar')
	Insert on sbtest7  (cost=0.00..0.01 rows=0 width=0)
	  ->  Result  (cost=0.00..0.01 rows=1 width=736)

table 8 : explain INSERT INTO sbtest8 (id, k, c, pad) VALUES (5952918, 13, 'foobar', 'foobar')
	Insert on sbtest8  (cost=0.00..0.01 rows=0 width=0)
	  ->  Result  (cost=0.00..0.01 rows=1 width=736)

for: order_ranges
table 1 : explain SELECT c FROM sbtest1 WHERE id BETWEEN 9420713 AND 9420722 ORDER BY c
	Sort  (cost=37.42..37.44 rows=9 width=121)
	  Sort Key: c
	  ->  Index Scan using sbtest1_pkey on sbtest1  (cost=0.43..37.28 rows=9 width=121)
	        Index Cond: ((id >= 9420713) AND (id <= 9420722))

table 2 : explain SELECT c FROM sbtest2 WHERE id BETWEEN 1346694 AND 1346703 ORDER BY c
	Sort  (cost=41.05..41.08 rows=10 width=121)
	  Sort Key: c
	  ->  Index Scan using sbtest2_pkey on sbtest2  (cost=0.43..40.89 rows=10 width=121)
	        Index Cond: ((id >= 1346694) AND (id <= 1346703))

table 3 : explain SELECT c FROM sbtest3 WHERE id BETWEEN 1139824 AND 1139833 ORDER BY c
	Sort  (cost=44.51..44.54 rows=11 width=121)
	  Sort Key: c
	  ->  Index Scan using sbtest3_pkey on sbtest3  (cost=0.43..44.32 rows=11 width=121)
	        Index Cond: ((id >= 1139824) AND (id <= 1139833))

table 4 : explain SELECT c FROM sbtest4 WHERE id BETWEEN 6176728 AND 6176737 ORDER BY c
	Sort  (cost=40.60..40.62 rows=10 width=121)
	  Sort Key: c
	  ->  Index Scan using sbtest4_pkey on sbtest4  (cost=0.43..40.43 rows=10 width=121)
	        Index Cond: ((id >= 6176728) AND (id <= 6176737))

table 5 : explain SELECT c FROM sbtest5 WHERE id BETWEEN 30358 AND 30367 ORDER BY c
	Sort  (cost=40.87..40.89 rows=10 width=121)
	  Sort Key: c
	  ->  Index Scan using sbtest5_pkey on sbtest5  (cost=0.43..40.70 rows=10 width=121)
	        Index Cond: ((id >= 30358) AND (id <= 30367))

table 6 : explain SELECT c FROM sbtest6 WHERE id BETWEEN 7013566 AND 7013575 ORDER BY c
	Sort  (cost=40.89..40.91 rows=10 width=121)
	  Sort Key: c
	  ->  Index Scan using sbtest6_pkey on sbtest6  (cost=0.43..40.72 rows=10 width=121)
	        Index Cond: ((id >= 7013566) AND (id <= 7013575))

table 7 : explain SELECT c FROM sbtest7 WHERE id BETWEEN 5142196 AND 5142205 ORDER BY c
	Sort  (cost=44.53..44.55 rows=11 width=121)
	  Sort Key: c
	  ->  Index Scan using sbtest7_pkey on sbtest7  (cost=0.43..44.34 rows=11 width=121)
	        Index Cond: ((id >= 5142196) AND (id <= 5142205))

table 8 : explain SELECT c FROM sbtest8 WHERE id BETWEEN 6315198 AND 6315207 ORDER BY c
	Sort  (cost=40.50..40.53 rows=10 width=121)
	  Sort Key: c
	  ->  Index Scan using sbtest8_pkey on sbtest8  (cost=0.43..40.34 rows=10 width=121)
	        Index Cond: ((id >= 6315198) AND (id <= 6315207))

for: simple_ranges
table 1 : explain SELECT c FROM sbtest1 WHERE id BETWEEN 3779283 AND 3779292
	Index Scan using sbtest1_pkey on sbtest1  (cost=0.43..40.88 rows=10 width=121)
	  Index Cond: ((id >= 3779283) AND (id <= 3779292))

table 2 : explain SELECT c FROM sbtest2 WHERE id BETWEEN 5917467 AND 5917476
	Index Scan using sbtest2_pkey on sbtest2  (cost=0.43..40.89 rows=10 width=121)
	  Index Cond: ((id >= 5917467) AND (id <= 5917476))

table 3 : explain SELECT c FROM sbtest3 WHERE id BETWEEN 8048488 AND 8048497
	Index Scan using sbtest3_pkey on sbtest3  (cost=0.43..44.32 rows=11 width=121)
	  Index Cond: ((id >= 8048488) AND (id <= 8048497))

table 4 : explain SELECT c FROM sbtest4 WHERE id BETWEEN 5289300 AND 5289309
	Index Scan using sbtest4_pkey on sbtest4  (cost=0.43..40.43 rows=10 width=121)
	  Index Cond: ((id >= 5289300) AND (id <= 5289309))

table 5 : explain SELECT c FROM sbtest5 WHERE id BETWEEN 2534092 AND 2534101
	Index Scan using sbtest5_pkey on sbtest5  (cost=0.43..44.29 rows=11 width=121)
	  Index Cond: ((id >= 2534092) AND (id <= 2534101))

table 6 : explain SELECT c FROM sbtest6 WHERE id BETWEEN 7116582 AND 7116591
	Index Scan using sbtest6_pkey on sbtest6  (cost=0.43..40.72 rows=10 width=121)
	  Index Cond: ((id >= 7116582) AND (id <= 7116591))

table 7 : explain SELECT c FROM sbtest7 WHERE id BETWEEN 9700081 AND 9700090
	Index Scan using sbtest7_pkey on sbtest7  (cost=0.43..40.75 rows=10 width=121)
	  Index Cond: ((id >= 9700081) AND (id <= 9700090))

table 8 : explain SELECT c FROM sbtest8 WHERE id BETWEEN 6838269 AND 6838278
	Index Scan using sbtest8_pkey on sbtest8  (cost=0.43..36.79 rows=9 width=121)
	  Index Cond: ((id >= 6838269) AND (id <= 6838278))

for point_selects
table 1 : explain SELECT c FROM sbtest1 WHERE id=7427875
	Index Scan using sbtest1_pkey on sbtest1  (cost=0.43..8.45 rows=1 width=121)
	  Index Cond: (id = 7427875)

table 2 : explain SELECT c FROM sbtest2 WHERE id=5361542
	Index Scan using sbtest2_pkey on sbtest2  (cost=0.43..8.45 rows=1 width=121)
	  Index Cond: (id = 5361542)

table 3 : explain SELECT c FROM sbtest3 WHERE id=4534374
	Index Scan using sbtest3_pkey on sbtest3  (cost=0.43..8.45 rows=1 width=121)
	  Index Cond: (id = 4534374)

table 4 : explain SELECT c FROM sbtest4 WHERE id=2262764
	Index Scan using sbtest4_pkey on sbtest4  (cost=0.43..8.45 rows=1 width=121)
	  Index Cond: (id = 2262764)

table 5 : explain SELECT c FROM sbtest5 WHERE id=7363186
	Index Scan using sbtest5_pkey on sbtest5  (cost=0.43..8.45 rows=1 width=121)
	  Index Cond: (id = 7363186)

table 6 : explain SELECT c FROM sbtest6 WHERE id=4847250
	Index Scan using sbtest6_pkey on sbtest6  (cost=0.43..8.45 rows=1 width=121)
	  Index Cond: (id = 4847250)

table 7 : explain SELECT c FROM sbtest7 WHERE id=6391493
	Index Scan using sbtest7_pkey on sbtest7  (cost=0.43..8.45 rows=1 width=121)
	  Index Cond: (id = 6391493)

table 8 : explain SELECT c FROM sbtest8 WHERE id=6086403
	Index Scan using sbtest8_pkey on sbtest8  (cost=0.43..8.45 rows=1 width=121)
	  Index Cond: (id = 6086403)

for: sum_ranges
table 1 : explain SELECT SUM(k) FROM sbtest1 WHERE id BETWEEN 7163344 AND 7163353
	Aggregate  (cost=40.90..40.91 rows=1 width=8)
	  ->  Index Scan using sbtest1_pkey on sbtest1  (cost=0.43..40.88 rows=10 width=4)
	        Index Cond: ((id >= 7163344) AND (id <= 7163353))

table 2 : explain SELECT SUM(k) FROM sbtest2 WHERE id BETWEEN 3097203 AND 3097212
	Aggregate  (cost=40.91..40.92 rows=1 width=8)
	  ->  Index Scan using sbtest2_pkey on sbtest2  (cost=0.43..40.89 rows=10 width=4)
	        Index Cond: ((id >= 3097203) AND (id <= 3097212))

table 3 : explain SELECT SUM(k) FROM sbtest3 WHERE id BETWEEN 6647868 AND 6647877
	Aggregate  (cost=37.17..37.18 rows=1 width=8)
	  ->  Index Scan using sbtest3_pkey on sbtest3  (cost=0.43..37.15 rows=9 width=4)
	        Index Cond: ((id >= 6647868) AND (id <= 6647877))

table 4 : explain SELECT SUM(k) FROM sbtest4 WHERE id BETWEEN 5262183 AND 5262192
	Aggregate  (cost=40.46..40.47 rows=1 width=8)
	  ->  Index Scan using sbtest4_pkey on sbtest4  (cost=0.43..40.43 rows=10 width=4)
	        Index Cond: ((id >= 5262183) AND (id <= 5262192))

table 5 : explain SELECT SUM(k) FROM sbtest5 WHERE id BETWEEN 9556009 AND 9556018
	Aggregate  (cost=37.14..37.15 rows=1 width=8)
	  ->  Index Scan using sbtest5_pkey on sbtest5  (cost=0.43..37.12 rows=9 width=4)
	        Index Cond: ((id >= 9556009) AND (id <= 9556018))

table 6 : explain SELECT SUM(k) FROM sbtest6 WHERE id BETWEEN 8199271 AND 8199280
	Aggregate  (cost=40.75..40.76 rows=1 width=8)
	  ->  Index Scan using sbtest6_pkey on sbtest6  (cost=0.43..40.72 rows=10 width=4)
	        Index Cond: ((id >= 8199271) AND (id <= 8199280))

table 7 : explain SELECT SUM(k) FROM sbtest7 WHERE id BETWEEN 2184108 AND 2184117
	Aggregate  (cost=37.18..37.19 rows=1 width=8)
	  ->  Index Scan using sbtest7_pkey on sbtest7  (cost=0.43..37.16 rows=9 width=4)
	        Index Cond: ((id >= 2184108) AND (id <= 2184117))

table 8 : explain SELECT SUM(k) FROM sbtest8 WHERE id BETWEEN 2051524 AND 2051533
	Aggregate  (cost=43.91..43.92 rows=1 width=8)
	  ->  Index Scan using sbtest8_pkey on sbtest8  (cost=0.43..43.88 rows=11 width=4)
	        Index Cond: ((id >= 2051524) AND (id <= 2051533))

for: order_ranges
table 1 : explain SELECT c FROM sbtest1 WHERE id BETWEEN 3671993 AND 3672002 ORDER BY c
	Sort  (cost=37.42..37.44 rows=9 width=121)
	  Sort Key: c
	  ->  Index Scan using sbtest1_pkey on sbtest1  (cost=0.43..37.28 rows=9 width=121)
	        Index Cond: ((id >= 3671993) AND (id <= 3672002))

table 2 : explain SELECT c FROM sbtest2 WHERE id BETWEEN 3337757 AND 3337766 ORDER BY c
	Sort  (cost=41.05..41.08 rows=10 width=121)
	  Sort Key: c
	  ->  Index Scan using sbtest2_pkey on sbtest2  (cost=0.43..40.89 rows=10 width=121)
	        Index Cond: ((id >= 3337757) AND (id <= 3337766))

table 3 : explain SELECT c FROM sbtest3 WHERE id BETWEEN 435538 AND 435547 ORDER BY c
	Sort  (cost=44.51..44.54 rows=11 width=121)
	  Sort Key: c
	  ->  Index Scan using sbtest3_pkey on sbtest3  (cost=0.43..44.32 rows=11 width=121)
	        Index Cond: ((id >= 435538) AND (id <= 435547))

table 4 : explain SELECT c FROM sbtest4 WHERE id BETWEEN 1631605 AND 1631614 ORDER BY c
	Sort  (cost=37.02..37.04 rows=9 width=121)
	  Sort Key: c
	  ->  Index Scan using sbtest4_pkey on sbtest4  (cost=0.43..36.88 rows=9 width=121)
	        Index Cond: ((id >= 1631605) AND (id <= 1631614))

table 5 : explain SELECT c FROM sbtest5 WHERE id BETWEEN 2231723 AND 2231732 ORDER BY c
	Sort  (cost=40.87..40.89 rows=10 width=121)
	  Sort Key: c
	  ->  Index Scan using sbtest5_pkey on sbtest5  (cost=0.43..40.70 rows=10 width=121)
	        Index Cond: ((id >= 2231723) AND (id <= 2231732))

table 6 : explain SELECT c FROM sbtest6 WHERE id BETWEEN 7386257 AND 7386266 ORDER BY c
	Sort  (cost=37.28..37.30 rows=9 width=121)
	  Sort Key: c
	  ->  Index Scan using sbtest6_pkey on sbtest6  (cost=0.43..37.14 rows=9 width=121)
	        Index Cond: ((id >= 7386257) AND (id <= 7386266))

table 7 : explain SELECT c FROM sbtest7 WHERE id BETWEEN 1353428 AND 1353437 ORDER BY c
	Sort  (cost=40.91..40.94 rows=10 width=121)
	  Sort Key: c
	  ->  Index Scan using sbtest7_pkey on sbtest7  (cost=0.43..40.75 rows=10 width=121)
	        Index Cond: ((id >= 1353428) AND (id <= 1353437))

table 8 : explain SELECT c FROM sbtest8 WHERE id BETWEEN 8868057 AND 8868066 ORDER BY c
	Sort  (cost=36.94..36.96 rows=9 width=121)
	  Sort Key: c
	  ->  Index Scan using sbtest8_pkey on sbtest8  (cost=0.43..36.79 rows=9 width=121)
	        Index Cond: ((id >= 8868057) AND (id <= 8868066))

for non_index_updates
table 1 : explain UPDATE sbtest1 SET c='foobar' WHERE id=3034833
	Update on sbtest1  (cost=0.43..8.45 rows=0 width=0)
	  ->  Index Scan using sbtest1_pkey on sbtest1  (cost=0.43..8.45 rows=1 width=490)
	        Index Cond: (id = 3034833)

table 2 : explain UPDATE sbtest2 SET c='foobar' WHERE id=3626164
	Update on sbtest2  (cost=0.43..8.45 rows=0 width=0)
	  ->  Index Scan using sbtest2_pkey on sbtest2  (cost=0.43..8.45 rows=1 width=490)
	        Index Cond: (id = 3626164)

table 3 : explain UPDATE sbtest3 SET c='foobar' WHERE id=8607374
	Update on sbtest3  (cost=0.43..8.45 rows=0 width=0)
	  ->  Index Scan using sbtest3_pkey on sbtest3  (cost=0.43..8.45 rows=1 width=490)
	        Index Cond: (id = 8607374)

table 4 : explain UPDATE sbtest4 SET c='foobar' WHERE id=5275613
	Update on sbtest4  (cost=0.43..8.45 rows=0 width=0)
	  ->  Index Scan using sbtest4_pkey on sbtest4  (cost=0.43..8.45 rows=1 width=490)
	        Index Cond: (id = 5275613)

table 5 : explain UPDATE sbtest5 SET c='foobar' WHERE id=2181560
	Update on sbtest5  (cost=0.43..8.45 rows=0 width=0)
	  ->  Index Scan using sbtest5_pkey on sbtest5  (cost=0.43..8.45 rows=1 width=490)
	        Index Cond: (id = 2181560)

table 6 : explain UPDATE sbtest6 SET c='foobar' WHERE id=2421320
	Update on sbtest6  (cost=0.43..8.45 rows=0 width=0)
	  ->  Index Scan using sbtest6_pkey on sbtest6  (cost=0.43..8.45 rows=1 width=490)
	        Index Cond: (id = 2421320)

table 7 : explain UPDATE sbtest7 SET c='foobar' WHERE id=7541780
	Update on sbtest7  (cost=0.43..8.45 rows=0 width=0)
	  ->  Index Scan using sbtest7_pkey on sbtest7  (cost=0.43..8.45 rows=1 width=490)
	        Index Cond: (id = 7541780)

table 8 : explain UPDATE sbtest8 SET c='foobar' WHERE id=5247073
	Update on sbtest8  (cost=0.43..8.45 rows=0 width=0)
	  ->  Index Scan using sbtest8_pkey on sbtest8  (cost=0.43..8.45 rows=1 width=490)
	        Index Cond: (id = 5247073)

for: simple_ranges
table 1 : explain SELECT c FROM sbtest1 WHERE id BETWEEN 4429596 AND 4429605
	Index Scan using sbtest1_pkey on sbtest1  (cost=0.43..37.28 rows=9 width=121)
	  Index Cond: ((id >= 4429596) AND (id <= 4429605))

table 2 : explain SELECT c FROM sbtest2 WHERE id BETWEEN 5564104 AND 5564113
	Index Scan using sbtest2_pkey on sbtest2  (cost=0.43..40.89 rows=10 width=121)
	  Index Cond: ((id >= 5564104) AND (id <= 5564113))

table 3 : explain SELECT c FROM sbtest3 WHERE id BETWEEN 9597830 AND 9597839
	Index Scan using sbtest3_pkey on sbtest3  (cost=0.43..40.73 rows=10 width=121)
	  Index Cond: ((id >= 9597830) AND (id <= 9597839))

table 4 : explain SELECT c FROM sbtest4 WHERE id BETWEEN 9464943 AND 9464952
	Index Scan using sbtest4_pkey on sbtest4  (cost=0.43..36.88 rows=9 width=121)
	  Index Cond: ((id >= 9464943) AND (id <= 9464952))

table 5 : explain SELECT c FROM sbtest5 WHERE id BETWEEN 8949505 AND 8949514
	Index Scan using sbtest5_pkey on sbtest5  (cost=0.43..44.29 rows=11 width=121)
	  Index Cond: ((id >= 8949505) AND (id <= 8949514))

table 6 : explain SELECT c FROM sbtest6 WHERE id BETWEEN 5675264 AND 5675273
	Index Scan using sbtest6_pkey on sbtest6  (cost=0.43..37.14 rows=9 width=121)
	  Index Cond: ((id >= 5675264) AND (id <= 5675273))

table 7 : explain SELECT c FROM sbtest7 WHERE id BETWEEN 1392748 AND 1392757
	Index Scan using sbtest7_pkey on sbtest7  (cost=0.43..37.16 rows=9 width=121)
	  Index Cond: ((id >= 1392748) AND (id <= 1392757))

table 8 : explain SELECT c FROM sbtest8 WHERE id BETWEEN 1736317 AND 1736326
	Index Scan using sbtest8_pkey on sbtest8  (cost=0.43..36.79 rows=9 width=121)
	  Index Cond: ((id >= 1736317) AND (id <= 1736326))

explain: for deletes :: explain DELETE FROM sbtest%u WHERE id=%u
for: distinct_ranges
table 1 : explain SELECT DISTINCT c FROM sbtest1 WHERE id BETWEEN 6983909 AND 6983918 ORDER BY c
	Unique  (cost=44.67..44.73 rows=11 width=121)
	  ->  Sort  (cost=44.67..44.70 rows=11 width=121)
	        Sort Key: c
	        ->  Index Scan using sbtest1_pkey on sbtest1  (cost=0.43..44.48 rows=11 width=121)
	              Index Cond: ((id >= 6983909) AND (id <= 6983918))

table 2 : explain SELECT DISTINCT c FROM sbtest2 WHERE id BETWEEN 6826470 AND 6826479 ORDER BY c
	Unique  (cost=41.05..41.10 rows=10 width=121)
	  ->  Sort  (cost=41.05..41.08 rows=10 width=121)
	        Sort Key: c
	        ->  Index Scan using sbtest2_pkey on sbtest2  (cost=0.43..40.89 rows=10 width=121)
	              Index Cond: ((id >= 6826470) AND (id <= 6826479))

table 3 : explain SELECT DISTINCT c FROM sbtest3 WHERE id BETWEEN 5247552 AND 5247561 ORDER BY c
	Unique  (cost=40.90..40.95 rows=10 width=121)
	  ->  Sort  (cost=40.90..40.93 rows=10 width=121)
	        Sort Key: c
	        ->  Index Scan using sbtest3_pkey on sbtest3  (cost=0.43..40.73 rows=10 width=121)
	              Index Cond: ((id >= 5247552) AND (id <= 5247561))

table 4 : explain SELECT DISTINCT c FROM sbtest4 WHERE id BETWEEN 9312005 AND 9312014 ORDER BY c
	Unique  (cost=40.60..40.65 rows=10 width=121)
	  ->  Sort  (cost=40.60..40.62 rows=10 width=121)
	        Sort Key: c
	        ->  Index Scan using sbtest4_pkey on sbtest4  (cost=0.43..40.43 rows=10 width=121)
	              Index Cond: ((id >= 9312005) AND (id <= 9312014))

table 5 : explain SELECT DISTINCT c FROM sbtest5 WHERE id BETWEEN 2612577 AND 2612586 ORDER BY c
	Unique  (cost=40.87..40.92 rows=10 width=121)
	  ->  Sort  (cost=40.87..40.89 rows=10 width=121)
	        Sort Key: c
	        ->  Index Scan using sbtest5_pkey on sbtest5  (cost=0.43..40.70 rows=10 width=121)
	              Index Cond: ((id >= 2612577) AND (id <= 2612586))

table 6 : explain SELECT DISTINCT c FROM sbtest6 WHERE id BETWEEN 2712543 AND 2712552 ORDER BY c
	Unique  (cost=40.89..40.94 rows=10 width=121)
	  ->  Sort  (cost=40.89..40.91 rows=10 width=121)
	        Sort Key: c
	        ->  Index Scan using sbtest6_pkey on sbtest6  (cost=0.43..40.72 rows=10 width=121)
	              Index Cond: ((id >= 2712543) AND (id <= 2712552))

table 7 : explain SELECT DISTINCT c FROM sbtest7 WHERE id BETWEEN 3288550 AND 3288559 ORDER BY c
	Unique  (cost=40.91..40.96 rows=10 width=121)
	  ->  Sort  (cost=40.91..40.94 rows=10 width=121)
	        Sort Key: c
	        ->  Index Scan using sbtest7_pkey on sbtest7  (cost=0.43..40.75 rows=10 width=121)
	              Index Cond: ((id >= 3288550) AND (id <= 3288559))

table 8 : explain SELECT DISTINCT c FROM sbtest8 WHERE id BETWEEN 7128978 AND 7128987 ORDER BY c
	Unique  (cost=36.94..36.98 rows=9 width=121)
	  ->  Sort  (cost=36.94..36.96 rows=9 width=121)
	        Sort Key: c
	        ->  Index Scan using sbtest8_pkey on sbtest8  (cost=0.43..36.79 rows=9 width=121)
	              Index Cond: ((id >= 7128978) AND (id <= 7128987))

for: simple_ranges
table 1 : explain SELECT c FROM sbtest1 WHERE id BETWEEN 7187400 AND 7187409
	Index Scan using sbtest1_pkey on sbtest1  (cost=0.43..40.88 rows=10 width=121)
	  Index Cond: ((id >= 7187400) AND (id <= 7187409))

table 2 : explain SELECT c FROM sbtest2 WHERE id BETWEEN 2843279 AND 2843288
	Index Scan using sbtest2_pkey on sbtest2  (cost=0.43..37.28 rows=9 width=121)
	  Index Cond: ((id >= 2843279) AND (id <= 2843288))

table 3 : explain SELECT c FROM sbtest3 WHERE id BETWEEN 3473590 AND 3473599
	Index Scan using sbtest3_pkey on sbtest3  (cost=0.43..37.15 rows=9 width=121)
	  Index Cond: ((id >= 3473590) AND (id <= 3473599))

table 4 : explain SELECT c FROM sbtest4 WHERE id BETWEEN 9359689 AND 9359698
	Index Scan using sbtest4_pkey on sbtest4  (cost=0.43..40.43 rows=10 width=121)
	  Index Cond: ((id >= 9359689) AND (id <= 9359698))

table 5 : explain SELECT c FROM sbtest5 WHERE id BETWEEN 8794878 AND 8794887
	Index Scan using sbtest5_pkey on sbtest5  (cost=0.43..40.70 rows=10 width=121)
	  Index Cond: ((id >= 8794878) AND (id <= 8794887))

table 6 : explain SELECT c FROM sbtest6 WHERE id BETWEEN 2662881 AND 2662890
	Index Scan using sbtest6_pkey on sbtest6  (cost=0.43..40.72 rows=10 width=121)
	  Index Cond: ((id >= 2662881) AND (id <= 2662890))

table 7 : explain SELECT c FROM sbtest7 WHERE id BETWEEN 3806203 AND 3806212
	Index Scan using sbtest7_pkey on sbtest7  (cost=0.43..37.16 rows=9 width=121)
	  Index Cond: ((id >= 3806203) AND (id <= 3806212))

table 8 : explain SELECT c FROM sbtest8 WHERE id BETWEEN 5990750 AND 5990759
	Index Scan using sbtest8_pkey on sbtest8  (cost=0.43..40.34 rows=10 width=121)
	  Index Cond: ((id >= 5990750) AND (id <= 5990759))

explain: for point_selects :: explain SELECT c FROM sbtest%u WHERE id=%u
for: sum_ranges
table 1 : explain SELECT SUM(k) FROM sbtest1 WHERE id BETWEEN 3777560 AND 3777569
	Aggregate  (cost=40.90..40.91 rows=1 width=8)
	  ->  Index Scan using sbtest1_pkey on sbtest1  (cost=0.43..40.88 rows=10 width=4)
	        Index Cond: ((id >= 3777560) AND (id <= 3777569))

table 2 : explain SELECT SUM(k) FROM sbtest2 WHERE id BETWEEN 2184461 AND 2184470
	Aggregate  (cost=40.91..40.92 rows=1 width=8)
	  ->  Index Scan using sbtest2_pkey on sbtest2  (cost=0.43..40.89 rows=10 width=4)
	        Index Cond: ((id >= 2184461) AND (id <= 2184470))

table 3 : explain SELECT SUM(k) FROM sbtest3 WHERE id BETWEEN 8608009 AND 8608018
	Aggregate  (cost=40.76..40.77 rows=1 width=8)
	  ->  Index Scan using sbtest3_pkey on sbtest3  (cost=0.43..40.73 rows=10 width=4)
	        Index Cond: ((id >= 8608009) AND (id <= 8608018))

table 4 : explain SELECT SUM(k) FROM sbtest4 WHERE id BETWEEN 6731161 AND 6731170
	Aggregate  (cost=36.90..36.91 rows=1 width=8)
	  ->  Index Scan using sbtest4_pkey on sbtest4  (cost=0.43..36.88 rows=9 width=4)
	        Index Cond: ((id >= 6731161) AND (id <= 6731170))

table 5 : explain SELECT SUM(k) FROM sbtest5 WHERE id BETWEEN 9043227 AND 9043236
	Aggregate  (cost=37.14..37.15 rows=1 width=8)
	  ->  Index Scan using sbtest5_pkey on sbtest5  (cost=0.43..37.12 rows=9 width=4)
	        Index Cond: ((id >= 9043227) AND (id <= 9043236))

table 6 : explain SELECT SUM(k) FROM sbtest6 WHERE id BETWEEN 783553 AND 783562
	Aggregate  (cost=40.75..40.76 rows=1 width=8)
	  ->  Index Scan using sbtest6_pkey on sbtest6  (cost=0.43..40.72 rows=10 width=4)
	        Index Cond: ((id >= 783553) AND (id <= 783562))

table 7 : explain SELECT SUM(k) FROM sbtest7 WHERE id BETWEEN 4880846 AND 4880855
	Aggregate  (cost=40.77..40.78 rows=1 width=8)
	  ->  Index Scan using sbtest7_pkey on sbtest7  (cost=0.43..40.75 rows=10 width=4)
	        Index Cond: ((id >= 4880846) AND (id <= 4880855))

table 8 : explain SELECT SUM(k) FROM sbtest8 WHERE id BETWEEN 6344902 AND 6344911
	Aggregate  (cost=47.45..47.46 rows=1 width=8)
	  ->  Index Scan using sbtest8_pkey on sbtest8  (cost=0.43..47.42 rows=12 width=4)
	        Index Cond: ((id >= 6344902) AND (id <= 6344911))

for point_selects
table 1 : explain SELECT c FROM sbtest1 WHERE id=3616144
	Index Scan using sbtest1_pkey on sbtest1  (cost=0.43..8.45 rows=1 width=121)
	  Index Cond: (id = 3616144)

table 2 : explain SELECT c FROM sbtest2 WHERE id=9103481
	Index Scan using sbtest2_pkey on sbtest2  (cost=0.43..8.45 rows=1 width=121)
	  Index Cond: (id = 9103481)

table 3 : explain SELECT c FROM sbtest3 WHERE id=2792830
	Index Scan using sbtest3_pkey on sbtest3  (cost=0.43..8.45 rows=1 width=121)
	  Index Cond: (id = 2792830)

table 4 : explain SELECT c FROM sbtest4 WHERE id=3629750
	Index Scan using sbtest4_pkey on sbtest4  (cost=0.43..8.45 rows=1 width=121)
	  Index Cond: (id = 3629750)

table 5 : explain SELECT c FROM sbtest5 WHERE id=3468336
	Index Scan using sbtest5_pkey on sbtest5  (cost=0.43..8.45 rows=1 width=121)
	  Index Cond: (id = 3468336)

table 6 : explain SELECT c FROM sbtest6 WHERE id=6936031
	Index Scan using sbtest6_pkey on sbtest6  (cost=0.43..8.45 rows=1 width=121)
	  Index Cond: (id = 6936031)

table 7 : explain SELECT c FROM sbtest7 WHERE id=6828523
	Index Scan using sbtest7_pkey on sbtest7  (cost=0.43..8.45 rows=1 width=121)
	  Index Cond: (id = 6828523)

table 8 : explain SELECT c FROM sbtest8 WHERE id=308535
	Index Scan using sbtest8_pkey on sbtest8  (cost=0.43..8.45 rows=1 width=121)
	  Index Cond: (id = 308535)

explain: for index_updates :: explain UPDATE sbtest%u SET k=k+1 WHERE id=%u
for: order_ranges
table 1 : explain SELECT c FROM sbtest1 WHERE id BETWEEN 8113111 AND 8113120 ORDER BY c
	Sort  (cost=41.04..41.07 rows=10 width=121)
	  Sort Key: c
	  ->  Index Scan using sbtest1_pkey on sbtest1  (cost=0.43..40.88 rows=10 width=121)
	        Index Cond: ((id >= 8113111) AND (id <= 8113120))

table 2 : explain SELECT c FROM sbtest2 WHERE id BETWEEN 632017 AND 632026 ORDER BY c
	Sort  (cost=41.05..41.08 rows=10 width=121)
	  Sort Key: c
	  ->  Index Scan using sbtest2_pkey on sbtest2  (cost=0.43..40.89 rows=10 width=121)
	        Index Cond: ((id >= 632017) AND (id <= 632026))

table 3 : explain SELECT c FROM sbtest3 WHERE id BETWEEN 9421626 AND 9421635 ORDER BY c
	Sort  (cost=40.90..40.93 rows=10 width=121)
	  Sort Key: c
	  ->  Index Scan using sbtest3_pkey on sbtest3  (cost=0.43..40.73 rows=10 width=121)
	        Index Cond: ((id >= 9421626) AND (id <= 9421635))

table 4 : explain SELECT c FROM sbtest4 WHERE id BETWEEN 5856432 AND 5856441 ORDER BY c
	Sort  (cost=40.60..40.62 rows=10 width=121)
	  Sort Key: c
	  ->  Index Scan using sbtest4_pkey on sbtest4  (cost=0.43..40.43 rows=10 width=121)
	        Index Cond: ((id >= 5856432) AND (id <= 5856441))

table 5 : explain SELECT c FROM sbtest5 WHERE id BETWEEN 7371475 AND 7371484 ORDER BY c
	Sort  (cost=40.87..40.89 rows=10 width=121)
	  Sort Key: c
	  ->  Index Scan using sbtest5_pkey on sbtest5  (cost=0.43..40.70 rows=10 width=121)
	        Index Cond: ((id >= 7371475) AND (id <= 7371484))

table 6 : explain SELECT c FROM sbtest6 WHERE id BETWEEN 853954 AND 853963 ORDER BY c
	Sort  (cost=40.89..40.91 rows=10 width=121)
	  Sort Key: c
	  ->  Index Scan using sbtest6_pkey on sbtest6  (cost=0.43..40.72 rows=10 width=121)
	        Index Cond: ((id >= 853954) AND (id <= 853963))

table 7 : explain SELECT c FROM sbtest7 WHERE id BETWEEN 9080923 AND 9080932 ORDER BY c
	Sort  (cost=44.53..44.55 rows=11 width=121)
	  Sort Key: c
	  ->  Index Scan using sbtest7_pkey on sbtest7  (cost=0.43..44.34 rows=11 width=121)
	        Index Cond: ((id >= 9080923) AND (id <= 9080932))

table 8 : explain SELECT c FROM sbtest8 WHERE id BETWEEN 3961532 AND 3961541 ORDER BY c
	Sort  (cost=40.50..40.53 rows=10 width=121)
	  Sort Key: c
	  ->  Index Scan using sbtest8_pkey on sbtest8  (cost=0.43..40.34 rows=10 width=121)
	        Index Cond: ((id >= 3961532) AND (id <= 3961541))

for point_selects
table 1 : explain SELECT c FROM sbtest1 WHERE id=136431
	Index Scan using sbtest1_pkey on sbtest1  (cost=0.43..8.45 rows=1 width=121)
	  Index Cond: (id = 136431)

table 2 : explain SELECT c FROM sbtest2 WHERE id=1052401
	Index Scan using sbtest2_pkey on sbtest2  (cost=0.43..8.45 rows=1 width=121)
	  Index Cond: (id = 1052401)

table 3 : explain SELECT c FROM sbtest3 WHERE id=6168575
	Index Scan using sbtest3_pkey on sbtest3  (cost=0.43..8.45 rows=1 width=121)
	  Index Cond: (id = 6168575)

table 4 : explain SELECT c FROM sbtest4 WHERE id=6275190
	Index Scan using sbtest4_pkey on sbtest4  (cost=0.43..8.45 rows=1 width=121)
	  Index Cond: (id = 6275190)

table 5 : explain SELECT c FROM sbtest5 WHERE id=3350462
	Index Scan using sbtest5_pkey on sbtest5  (cost=0.43..8.45 rows=1 width=121)
	  Index Cond: (id = 3350462)

table 6 : explain SELECT c FROM sbtest6 WHERE id=8768896
	Index Scan using sbtest6_pkey on sbtest6  (cost=0.43..8.45 rows=1 width=121)
	  Index Cond: (id = 8768896)

table 7 : explain SELECT c FROM sbtest7 WHERE id=6201137
	Index Scan using sbtest7_pkey on sbtest7  (cost=0.43..8.45 rows=1 width=121)
	  Index Cond: (id = 6201137)

table 8 : explain SELECT c FROM sbtest8 WHERE id=3433311
	Index Scan using sbtest8_pkey on sbtest8  (cost=0.43..8.45 rows=1 width=121)
	  Index Cond: (id = 3433311)

for: simple_ranges
table 1 : explain SELECT c FROM sbtest1 WHERE id BETWEEN 3540363 AND 3540372
	Index Scan using sbtest1_pkey on sbtest1  (cost=0.43..40.88 rows=10 width=121)
	  Index Cond: ((id >= 3540363) AND (id <= 3540372))

table 2 : explain SELECT c FROM sbtest2 WHERE id BETWEEN 3094917 AND 3094926
	Index Scan using sbtest2_pkey on sbtest2  (cost=0.43..40.89 rows=10 width=121)
	  Index Cond: ((id >= 3094917) AND (id <= 3094926))

table 3 : explain SELECT c FROM sbtest3 WHERE id BETWEEN 7136582 AND 7136591
	Index Scan using sbtest3_pkey on sbtest3  (cost=0.43..40.73 rows=10 width=121)
	  Index Cond: ((id >= 7136582) AND (id <= 7136591))

table 4 : explain SELECT c FROM sbtest4 WHERE id BETWEEN 861242 AND 861251
	Index Scan using sbtest4_pkey on sbtest4  (cost=0.43..40.43 rows=10 width=121)
	  Index Cond: ((id >= 861242) AND (id <= 861251))

table 5 : explain SELECT c FROM sbtest5 WHERE id BETWEEN 9353339 AND 9353348
	Index Scan using sbtest5_pkey on sbtest5  (cost=0.43..44.29 rows=11 width=121)
	  Index Cond: ((id >= 9353339) AND (id <= 9353348))

table 6 : explain SELECT c FROM sbtest6 WHERE id BETWEEN 3455305 AND 3455314
	Index Scan using sbtest6_pkey on sbtest6  (cost=0.43..37.14 rows=9 width=121)
	  Index Cond: ((id >= 3455305) AND (id <= 3455314))

table 7 : explain SELECT c FROM sbtest7 WHERE id BETWEEN 3578000 AND 3578009
	Index Scan using sbtest7_pkey on sbtest7  (cost=0.43..40.75 rows=10 width=121)
	  Index Cond: ((id >= 3578000) AND (id <= 3578009))

table 8 : explain SELECT c FROM sbtest8 WHERE id BETWEEN 2059687 AND 2059696
	Index Scan using sbtest8_pkey on sbtest8  (cost=0.43..43.88 rows=11 width=121)
	  Index Cond: ((id >= 2059687) AND (id <= 2059696))

for point_selects
table 1 : explain SELECT c FROM sbtest1 WHERE id=5311038
	Index Scan using sbtest1_pkey on sbtest1  (cost=0.43..8.45 rows=1 width=121)
	  Index Cond: (id = 5311038)

table 2 : explain SELECT c FROM sbtest2 WHERE id=8060866
	Index Scan using sbtest2_pkey on sbtest2  (cost=0.43..8.45 rows=1 width=121)
	  Index Cond: (id = 8060866)

table 3 : explain SELECT c FROM sbtest3 WHERE id=2909304
	Index Scan using sbtest3_pkey on sbtest3  (cost=0.43..8.45 rows=1 width=121)
	  Index Cond: (id = 2909304)

table 4 : explain SELECT c FROM sbtest4 WHERE id=1851050
	Index Scan using sbtest4_pkey on sbtest4  (cost=0.43..8.45 rows=1 width=121)
	  Index Cond: (id = 1851050)

table 5 : explain SELECT c FROM sbtest5 WHERE id=6113488
	Index Scan using sbtest5_pkey on sbtest5  (cost=0.43..8.45 rows=1 width=121)
	  Index Cond: (id = 6113488)

table 6 : explain SELECT c FROM sbtest6 WHERE id=2837836
	Index Scan using sbtest6_pkey on sbtest6  (cost=0.43..8.45 rows=1 width=121)
	  Index Cond: (id = 2837836)

table 7 : explain SELECT c FROM sbtest7 WHERE id=9827932
	Index Scan using sbtest7_pkey on sbtest7  (cost=0.43..8.45 rows=1 width=121)
	  Index Cond: (id = 9827932)

table 8 : explain SELECT c FROM sbtest8 WHERE id=2510534
	Index Scan using sbtest8_pkey on sbtest8  (cost=0.43..8.45 rows=1 width=121)
	  Index Cond: (id = 2510534)

for: sum_ranges
table 1 : explain SELECT SUM(k) FROM sbtest1 WHERE id BETWEEN 6575447 AND 6575456
	Aggregate  (cost=40.90..40.91 rows=1 width=8)
	  ->  Index Scan using sbtest1_pkey on sbtest1  (cost=0.43..40.88 rows=10 width=4)
	        Index Cond: ((id >= 6575447) AND (id <= 6575456))

table 2 : explain SELECT SUM(k) FROM sbtest2 WHERE id BETWEEN 5709242 AND 5709251
	Aggregate  (cost=40.91..40.92 rows=1 width=8)
	  ->  Index Scan using sbtest2_pkey on sbtest2  (cost=0.43..40.89 rows=10 width=4)
	        Index Cond: ((id >= 5709242) AND (id <= 5709251))

table 3 : explain SELECT SUM(k) FROM sbtest3 WHERE id BETWEEN 6767420 AND 6767429
	Aggregate  (cost=37.17..37.18 rows=1 width=8)
	  ->  Index Scan using sbtest3_pkey on sbtest3  (cost=0.43..37.15 rows=9 width=4)
	        Index Cond: ((id >= 6767420) AND (id <= 6767429))

table 4 : explain SELECT SUM(k) FROM sbtest4 WHERE id BETWEEN 5936351 AND 5936360
	Aggregate  (cost=44.01..44.02 rows=1 width=8)
	  ->  Index Scan using sbtest4_pkey on sbtest4  (cost=0.43..43.98 rows=11 width=4)
	        Index Cond: ((id >= 5936351) AND (id <= 5936360))

table 5 : explain SELECT SUM(k) FROM sbtest5 WHERE id BETWEEN 7367381 AND 7367390
	Aggregate  (cost=40.73..40.74 rows=1 width=8)
	  ->  Index Scan using sbtest5_pkey on sbtest5  (cost=0.43..40.70 rows=10 width=4)
	        Index Cond: ((id >= 7367381) AND (id <= 7367390))

table 6 : explain SELECT SUM(k) FROM sbtest6 WHERE id BETWEEN 6813062 AND 6813071
	Aggregate  (cost=40.75..40.76 rows=1 width=8)
	  ->  Index Scan using sbtest6_pkey on sbtest6  (cost=0.43..40.72 rows=10 width=4)
	        Index Cond: ((id >= 6813062) AND (id <= 6813071))

table 7 : explain SELECT SUM(k) FROM sbtest7 WHERE id BETWEEN 3025971 AND 3025980
	Aggregate  (cost=44.36..44.37 rows=1 width=8)
	  ->  Index Scan using sbtest7_pkey on sbtest7  (cost=0.43..44.34 rows=11 width=4)
	        Index Cond: ((id >= 3025971) AND (id <= 3025980))

table 8 : explain SELECT SUM(k) FROM sbtest8 WHERE id BETWEEN 5979670 AND 5979679
	Aggregate  (cost=40.36..40.37 rows=1 width=8)
	  ->  Index Scan using sbtest8_pkey on sbtest8  (cost=0.43..40.34 rows=10 width=4)
	        Index Cond: ((id >= 5979670) AND (id <= 5979679))

for: sum_ranges
table 1 : explain SELECT SUM(k) FROM sbtest1 WHERE id BETWEEN 1673883 AND 1673892
	Aggregate  (cost=40.90..40.91 rows=1 width=8)
	  ->  Index Scan using sbtest1_pkey on sbtest1  (cost=0.43..40.88 rows=10 width=4)
	        Index Cond: ((id >= 1673883) AND (id <= 1673892))

table 2 : explain SELECT SUM(k) FROM sbtest2 WHERE id BETWEEN 3414118 AND 3414127
	Aggregate  (cost=40.91..40.92 rows=1 width=8)
	  ->  Index Scan using sbtest2_pkey on sbtest2  (cost=0.43..40.89 rows=10 width=4)
	        Index Cond: ((id >= 3414118) AND (id <= 3414127))

table 3 : explain SELECT SUM(k) FROM sbtest3 WHERE id BETWEEN 3274433 AND 3274442
	Aggregate  (cost=37.17..37.18 rows=1 width=8)
	  ->  Index Scan using sbtest3_pkey on sbtest3  (cost=0.43..37.15 rows=9 width=4)
	        Index Cond: ((id >= 3274433) AND (id <= 3274442))

table 4 : explain SELECT SUM(k) FROM sbtest4 WHERE id BETWEEN 3788417 AND 3788426
	Aggregate  (cost=44.01..44.02 rows=1 width=8)
	  ->  Index Scan using sbtest4_pkey on sbtest4  (cost=0.43..43.98 rows=11 width=4)
	        Index Cond: ((id >= 3788417) AND (id <= 3788426))

table 5 : explain SELECT SUM(k) FROM sbtest5 WHERE id BETWEEN 9911373 AND 9911382
	Aggregate  (cost=40.73..40.74 rows=1 width=8)
	  ->  Index Scan using sbtest5_pkey on sbtest5  (cost=0.43..40.70 rows=10 width=4)
	        Index Cond: ((id >= 9911373) AND (id <= 9911382))

table 6 : explain SELECT SUM(k) FROM sbtest6 WHERE id BETWEEN 1762284 AND 1762293
	Aggregate  (cost=44.33..44.34 rows=1 width=8)
	  ->  Index Scan using sbtest6_pkey on sbtest6  (cost=0.43..44.31 rows=11 width=4)
	        Index Cond: ((id >= 1762284) AND (id <= 1762293))

table 7 : explain SELECT SUM(k) FROM sbtest7 WHERE id BETWEEN 7503199 AND 7503208
	Aggregate  (cost=37.18..37.19 rows=1 width=8)
	  ->  Index Scan using sbtest7_pkey on sbtest7  (cost=0.43..37.16 rows=9 width=4)
	        Index Cond: ((id >= 7503199) AND (id <= 7503208))

table 8 : explain SELECT SUM(k) FROM sbtest8 WHERE id BETWEEN 7759746 AND 7759755
	Aggregate  (cost=40.36..40.37 rows=1 width=8)
	  ->  Index Scan using sbtest8_pkey on sbtest8  (cost=0.43..40.34 rows=10 width=4)
	        Index Cond: ((id >= 7759746) AND (id <= 7759755))

explain: for point_selects :: explain SELECT c FROM sbtest%u WHERE id=%u
explain: for point_selects :: explain SELECT c FROM sbtest%u WHERE id=%u
for: sum_ranges
table 1 : explain SELECT SUM(k) FROM sbtest1 WHERE id BETWEEN 5497679 AND 5497688
	Aggregate  (cost=40.90..40.91 rows=1 width=8)
	  ->  Index Scan using sbtest1_pkey on sbtest1  (cost=0.43..40.88 rows=10 width=4)
	        Index Cond: ((id >= 5497679) AND (id <= 5497688))

table 2 : explain SELECT SUM(k) FROM sbtest2 WHERE id BETWEEN 7006698 AND 7006707
	Aggregate  (cost=44.52..44.53 rows=1 width=8)
	  ->  Index Scan using sbtest2_pkey on sbtest2  (cost=0.43..44.49 rows=11 width=4)
	        Index Cond: ((id >= 7006698) AND (id <= 7006707))

table 3 : explain SELECT SUM(k) FROM sbtest3 WHERE id BETWEEN 5791859 AND 5791868
	Aggregate  (cost=40.76..40.77 rows=1 width=8)
	  ->  Index Scan using sbtest3_pkey on sbtest3  (cost=0.43..40.73 rows=10 width=4)
	        Index Cond: ((id >= 5791859) AND (id <= 5791868))

table 4 : explain SELECT SUM(k) FROM sbtest4 WHERE id BETWEEN 4276955 AND 4276964
	Aggregate  (cost=40.46..40.47 rows=1 width=8)
	  ->  Index Scan using sbtest4_pkey on sbtest4  (cost=0.43..40.43 rows=10 width=4)
	        Index Cond: ((id >= 4276955) AND (id <= 4276964))

table 5 : explain SELECT SUM(k) FROM sbtest5 WHERE id BETWEEN 5626108 AND 5626117
	Aggregate  (cost=40.73..40.74 rows=1 width=8)
	  ->  Index Scan using sbtest5_pkey on sbtest5  (cost=0.43..40.70 rows=10 width=4)
	        Index Cond: ((id >= 5626108) AND (id <= 5626117))

table 6 : explain SELECT SUM(k) FROM sbtest6 WHERE id BETWEEN 4946131 AND 4946140
	Aggregate  (cost=44.33..44.34 rows=1 width=8)
	  ->  Index Scan using sbtest6_pkey on sbtest6  (cost=0.43..44.31 rows=11 width=4)
	        Index Cond: ((id >= 4946131) AND (id <= 4946140))

table 7 : explain SELECT SUM(k) FROM sbtest7 WHERE id BETWEEN 3186910 AND 3186919
	Aggregate  (cost=40.77..40.78 rows=1 width=8)
	  ->  Index Scan using sbtest7_pkey on sbtest7  (cost=0.43..40.75 rows=10 width=4)
	        Index Cond: ((id >= 3186910) AND (id <= 3186919))

table 8 : explain SELECT SUM(k) FROM sbtest8 WHERE id BETWEEN 2877770 AND 2877779
	Aggregate  (cost=40.36..40.37 rows=1 width=8)
	  ->  Index Scan using sbtest8_pkey on sbtest8  (cost=0.43..40.34 rows=10 width=4)
	        Index Cond: ((id >= 2877770) AND (id <= 2877779))

for: simple_ranges
table 1 : explain SELECT c FROM sbtest1 WHERE id BETWEEN 4097610 AND 4097619
	Index Scan using sbtest1_pkey on sbtest1  (cost=0.43..40.88 rows=10 width=121)
	  Index Cond: ((id >= 4097610) AND (id <= 4097619))

table 2 : explain SELECT c FROM sbtest2 WHERE id BETWEEN 2212661 AND 2212670
	Index Scan using sbtest2_pkey on sbtest2  (cost=0.43..40.89 rows=10 width=121)
	  Index Cond: ((id >= 2212661) AND (id <= 2212670))

table 3 : explain SELECT c FROM sbtest3 WHERE id BETWEEN 7553239 AND 7553248
	Index Scan using sbtest3_pkey on sbtest3  (cost=0.43..40.73 rows=10 width=121)
	  Index Cond: ((id >= 7553239) AND (id <= 7553248))

table 4 : explain SELECT c FROM sbtest4 WHERE id BETWEEN 8189295 AND 8189304
	Index Scan using sbtest4_pkey on sbtest4  (cost=0.43..40.43 rows=10 width=121)
	  Index Cond: ((id >= 8189295) AND (id <= 8189304))

table 5 : explain SELECT c FROM sbtest5 WHERE id BETWEEN 8287244 AND 8287253
	Index Scan using sbtest5_pkey on sbtest5  (cost=0.43..40.70 rows=10 width=121)
	  Index Cond: ((id >= 8287244) AND (id <= 8287253))

table 6 : explain SELECT c FROM sbtest6 WHERE id BETWEEN 7001133 AND 7001142
	Index Scan using sbtest6_pkey on sbtest6  (cost=0.43..44.31 rows=11 width=121)
	  Index Cond: ((id >= 7001133) AND (id <= 7001142))

table 7 : explain SELECT c FROM sbtest7 WHERE id BETWEEN 1393386 AND 1393395
	Index Scan using sbtest7_pkey on sbtest7  (cost=0.43..37.16 rows=9 width=121)
	  Index Cond: ((id >= 1393386) AND (id <= 1393395))

table 8 : explain SELECT c FROM sbtest8 WHERE id BETWEEN 6042899 AND 6042908
	Index Scan using sbtest8_pkey on sbtest8  (cost=0.43..36.79 rows=9 width=121)
	  Index Cond: ((id >= 6042899) AND (id <= 6042908))

for: simple_ranges
table 1 : explain SELECT c FROM sbtest1 WHERE id BETWEEN 5845841 AND 5845850
	Index Scan using sbtest1_pkey on sbtest1  (cost=0.43..40.88 rows=10 width=121)
	  Index Cond: ((id >= 5845841) AND (id <= 5845850))

table 2 : explain SELECT c FROM sbtest2 WHERE id BETWEEN 7359225 AND 7359234
	Index Scan using sbtest2_pkey on sbtest2  (cost=0.43..40.89 rows=10 width=121)
	  Index Cond: ((id >= 7359225) AND (id <= 7359234))

table 3 : explain SELECT c FROM sbtest3 WHERE id BETWEEN 8190091 AND 8190100
	Index Scan using sbtest3_pkey on sbtest3  (cost=0.43..44.32 rows=11 width=121)
	  Index Cond: ((id >= 8190091) AND (id <= 8190100))

table 4 : explain SELECT c FROM sbtest4 WHERE id BETWEEN 4879307 AND 4879316
	Index Scan using sbtest4_pkey on sbtest4  (cost=0.43..43.98 rows=11 width=121)
	  Index Cond: ((id >= 4879307) AND (id <= 4879316))

table 5 : explain SELECT c FROM sbtest5 WHERE id BETWEEN 6387301 AND 6387310
	Index Scan using sbtest5_pkey on sbtest5  (cost=0.43..40.70 rows=10 width=121)
	  Index Cond: ((id >= 6387301) AND (id <= 6387310))

table 6 : explain SELECT c FROM sbtest6 WHERE id BETWEEN 8711298 AND 8711307
	Index Scan using sbtest6_pkey on sbtest6  (cost=0.43..44.31 rows=11 width=121)
	  Index Cond: ((id >= 8711298) AND (id <= 8711307))

table 7 : explain SELECT c FROM sbtest7 WHERE id BETWEEN 5607359 AND 5607368
	Index Scan using sbtest7_pkey on sbtest7  (cost=0.43..40.75 rows=10 width=121)
	  Index Cond: ((id >= 5607359) AND (id <= 5607368))

table 8 : explain SELECT c FROM sbtest8 WHERE id BETWEEN 9311698 AND 9311707
	Index Scan using sbtest8_pkey on sbtest8  (cost=0.43..43.88 rows=11 width=121)
	  Index Cond: ((id >= 9311698) AND (id <= 9311707))

for: distinct_ranges
table 1 : explain SELECT DISTINCT c FROM sbtest1 WHERE id BETWEEN 7551293 AND 7551302 ORDER BY c
	Unique  (cost=41.04..41.09 rows=10 width=121)
	  ->  Sort  (cost=41.04..41.07 rows=10 width=121)
	        Sort Key: c
	        ->  Index Scan using sbtest1_pkey on sbtest1  (cost=0.43..40.88 rows=10 width=121)
	              Index Cond: ((id >= 7551293) AND (id <= 7551302))

table 2 : explain SELECT DISTINCT c FROM sbtest2 WHERE id BETWEEN 6715643 AND 6715652 ORDER BY c
	Unique  (cost=37.43..37.47 rows=9 width=121)
	  ->  Sort  (cost=37.43..37.45 rows=9 width=121)
	        Sort Key: c
	        ->  Index Scan using sbtest2_pkey on sbtest2  (cost=0.43..37.28 rows=9 width=121)
	              Index Cond: ((id >= 6715643) AND (id <= 6715652))

table 3 : explain SELECT DISTINCT c FROM sbtest3 WHERE id BETWEEN 5225733 AND 5225742 ORDER BY c
	Unique  (cost=40.90..40.95 rows=10 width=121)
	  ->  Sort  (cost=40.90..40.93 rows=10 width=121)
	        Sort Key: c
	        ->  Index Scan using sbtest3_pkey on sbtest3  (cost=0.43..40.73 rows=10 width=121)
	              Index Cond: ((id >= 5225733) AND (id <= 5225742))

table 4 : explain SELECT DISTINCT c FROM sbtest4 WHERE id BETWEEN 3053719 AND 3053728 ORDER BY c
	Unique  (cost=37.02..37.07 rows=9 width=121)
	  ->  Sort  (cost=37.02..37.04 rows=9 width=121)
	        Sort Key: c
	        ->  Index Scan using sbtest4_pkey on sbtest4  (cost=0.43..36.88 rows=9 width=121)
	              Index Cond: ((id >= 3053719) AND (id <= 3053728))

table 5 : explain SELECT DISTINCT c FROM sbtest5 WHERE id BETWEEN 571343 AND 571352 ORDER BY c
	Unique  (cost=37.26..37.31 rows=9 width=121)
	  ->  Sort  (cost=37.26..37.29 rows=9 width=121)
	        Sort Key: c
	        ->  Index Scan using sbtest5_pkey on sbtest5  (cost=0.43..37.12 rows=9 width=121)
	              Index Cond: ((id >= 571343) AND (id <= 571352))

table 6 : explain SELECT DISTINCT c FROM sbtest6 WHERE id BETWEEN 9895277 AND 9895286 ORDER BY c
	Unique  (cost=37.28..37.32 rows=9 width=121)
	  ->  Sort  (cost=37.28..37.30 rows=9 width=121)
	        Sort Key: c
	        ->  Index Scan using sbtest6_pkey on sbtest6  (cost=0.43..37.14 rows=9 width=121)
	              Index Cond: ((id >= 9895277) AND (id <= 9895286))

table 7 : explain SELECT DISTINCT c FROM sbtest7 WHERE id BETWEEN 4534988 AND 4534997 ORDER BY c
	Unique  (cost=40.91..40.96 rows=10 width=121)
	  ->  Sort  (cost=40.91..40.94 rows=10 width=121)
	        Sort Key: c
	        ->  Index Scan using sbtest7_pkey on sbtest7  (cost=0.43..40.75 rows=10 width=121)
	              Index Cond: ((id >= 4534988) AND (id <= 4534997))

table 8 : explain SELECT DISTINCT c FROM sbtest8 WHERE id BETWEEN 5857474 AND 5857483 ORDER BY c
	Unique  (cost=40.50..40.55 rows=10 width=121)
	  ->  Sort  (cost=40.50..40.53 rows=10 width=121)
	        Sort Key: c
	        ->  Index Scan using sbtest8_pkey on sbtest8  (cost=0.43..40.34 rows=10 width=121)
	              Index Cond: ((id >= 5857474) AND (id <= 5857483))

for: distinct_ranges
table 1 : explain SELECT DISTINCT c FROM sbtest1 WHERE id BETWEEN 8952557 AND 8952566 ORDER BY c
	Unique  (cost=41.04..41.09 rows=10 width=121)
	  ->  Sort  (cost=41.04..41.07 rows=10 width=121)
	        Sort Key: c
	        ->  Index Scan using sbtest1_pkey on sbtest1  (cost=0.43..40.88 rows=10 width=121)
	              Index Cond: ((id >= 8952557) AND (id <= 8952566))

table 2 : explain SELECT DISTINCT c FROM sbtest2 WHERE id BETWEEN 9359034 AND 9359043 ORDER BY c
	Unique  (cost=41.05..41.10 rows=10 width=121)
	  ->  Sort  (cost=41.05..41.08 rows=10 width=121)
	        Sort Key: c
	        ->  Index Scan using sbtest2_pkey on sbtest2  (cost=0.43..40.89 rows=10 width=121)
	              Index Cond: ((id >= 9359034) AND (id <= 9359043))

table 3 : explain SELECT DISTINCT c FROM sbtest3 WHERE id BETWEEN 6547065 AND 6547074 ORDER BY c
	Unique  (cost=37.29..37.34 rows=9 width=121)
	  ->  Sort  (cost=37.29..37.31 rows=9 width=121)
	        Sort Key: c
	        ->  Index Scan using sbtest3_pkey on sbtest3  (cost=0.43..37.15 rows=9 width=121)
	              Index Cond: ((id >= 6547065) AND (id <= 6547074))

table 4 : explain SELECT DISTINCT c FROM sbtest4 WHERE id BETWEEN 1744432 AND 1744441 ORDER BY c
	Unique  (cost=40.60..40.65 rows=10 width=121)
	  ->  Sort  (cost=40.60..40.62 rows=10 width=121)
	        Sort Key: c
	        ->  Index Scan using sbtest4_pkey on sbtest4  (cost=0.43..40.43 rows=10 width=121)
	              Index Cond: ((id >= 1744432) AND (id <= 1744441))

table 5 : explain SELECT DISTINCT c FROM sbtest5 WHERE id BETWEEN 6780862 AND 6780871 ORDER BY c
	Unique  (cost=40.87..40.92 rows=10 width=121)
	  ->  Sort  (cost=40.87..40.89 rows=10 width=121)
	        Sort Key: c
	        ->  Index Scan using sbtest5_pkey on sbtest5  (cost=0.43..40.70 rows=10 width=121)
	              Index Cond: ((id >= 6780862) AND (id <= 6780871))

table 6 : explain SELECT DISTINCT c FROM sbtest6 WHERE id BETWEEN 7074305 AND 7074314 ORDER BY c
	Unique  (cost=40.89..40.94 rows=10 width=121)
	  ->  Sort  (cost=40.89..40.91 rows=10 width=121)
	        Sort Key: c
	        ->  Index Scan using sbtest6_pkey on sbtest6  (cost=0.43..40.72 rows=10 width=121)
	              Index Cond: ((id >= 7074305) AND (id <= 7074314))

table 7 : explain SELECT DISTINCT c FROM sbtest7 WHERE id BETWEEN 103803 AND 103812 ORDER BY c
	Unique  (cost=40.91..40.96 rows=10 width=121)
	  ->  Sort  (cost=40.91..40.94 rows=10 width=121)
	        Sort Key: c
	        ->  Index Scan using sbtest7_pkey on sbtest7  (cost=0.43..40.75 rows=10 width=121)
	              Index Cond: ((id >= 103803) AND (id <= 103812))

table 8 : explain SELECT DISTINCT c FROM sbtest8 WHERE id BETWEEN 7311657 AND 7311666 ORDER BY c
	Unique  (cost=40.50..40.55 rows=10 width=121)
	  ->  Sort  (cost=40.50..40.53 rows=10 width=121)
	        Sort Key: c
	        ->  Index Scan using sbtest8_pkey on sbtest8  (cost=0.43..40.34 rows=10 width=121)
	              Index Cond: ((id >= 7311657) AND (id <= 7311666))

for deletes
table 1 : explain DELETE FROM sbtest1 WHERE id=5220780
	Delete on sbtest1  (cost=0.43..8.45 rows=0 width=0)
	  ->  Index Scan using sbtest1_pkey on sbtest1  (cost=0.43..8.45 rows=1 width=6)
	        Index Cond: (id = 5220780)

table 2 : explain DELETE FROM sbtest2 WHERE id=72134
	Delete on sbtest2  (cost=0.43..8.45 rows=0 width=0)
	  ->  Index Scan using sbtest2_pkey on sbtest2  (cost=0.43..8.45 rows=1 width=6)
	        Index Cond: (id = 72134)

table 3 : explain DELETE FROM sbtest3 WHERE id=1883634
	Delete on sbtest3  (cost=0.43..8.45 rows=0 width=0)
	  ->  Index Scan using sbtest3_pkey on sbtest3  (cost=0.43..8.45 rows=1 width=6)
	        Index Cond: (id = 1883634)

table 4 : explain DELETE FROM sbtest4 WHERE id=5178072
	Delete on sbtest4  (cost=0.43..8.45 rows=0 width=0)
	  ->  Index Scan using sbtest4_pkey on sbtest4  (cost=0.43..8.45 rows=1 width=6)
	        Index Cond: (id = 5178072)

table 5 : explain DELETE FROM sbtest5 WHERE id=8417073
	Delete on sbtest5  (cost=0.43..8.45 rows=0 width=0)
	  ->  Index Scan using sbtest5_pkey on sbtest5  (cost=0.43..8.45 rows=1 width=6)
	        Index Cond: (id = 8417073)

table 6 : explain DELETE FROM sbtest6 WHERE id=5978025
	Delete on sbtest6  (cost=0.43..8.45 rows=0 width=0)
	  ->  Index Scan using sbtest6_pkey on sbtest6  (cost=0.43..8.45 rows=1 width=6)
	        Index Cond: (id = 5978025)

table 7 : explain DELETE FROM sbtest7 WHERE id=9272119
	Delete on sbtest7  (cost=0.43..8.45 rows=0 width=0)
	  ->  Index Scan using sbtest7_pkey on sbtest7  (cost=0.43..8.45 rows=1 width=6)
	        Index Cond: (id = 9272119)

table 8 : explain DELETE FROM sbtest8 WHERE id=5130132
	Delete on sbtest8  (cost=0.43..8.45 rows=0 width=0)
	  ->  Index Scan using sbtest8_pkey on sbtest8  (cost=0.43..8.45 rows=1 width=6)
	        Index Cond: (id = 5130132)

explain: for index_updates :: explain UPDATE sbtest%u SET k=k+1 WHERE id=%u
for: order_ranges
table 1 : explain SELECT c FROM sbtest1 WHERE id BETWEEN 3134214 AND 3134223 ORDER BY c
	Sort  (cost=44.67..44.70 rows=11 width=121)
	  Sort Key: c
	  ->  Index Scan using sbtest1_pkey on sbtest1  (cost=0.43..44.48 rows=11 width=121)
	        Index Cond: ((id >= 3134214) AND (id <= 3134223))

table 2 : explain SELECT c FROM sbtest2 WHERE id BETWEEN 7027908 AND 7027917 ORDER BY c
	Sort  (cost=44.68..44.71 rows=11 width=121)
	  Sort Key: c
	  ->  Index Scan using sbtest2_pkey on sbtest2  (cost=0.43..44.49 rows=11 width=121)
	        Index Cond: ((id >= 7027908) AND (id <= 7027917))

table 3 : explain SELECT c FROM sbtest3 WHERE id BETWEEN 5705516 AND 5705525 ORDER BY c
	Sort  (cost=40.90..40.93 rows=10 width=121)
	  Sort Key: c
	  ->  Index Scan using sbtest3_pkey on sbtest3  (cost=0.43..40.73 rows=10 width=121)
	        Index Cond: ((id >= 5705516) AND (id <= 5705525))

table 4 : explain SELECT c FROM sbtest4 WHERE id BETWEEN 1630324 AND 1630333 ORDER BY c
	Sort  (cost=37.02..37.04 rows=9 width=121)
	  Sort Key: c
	  ->  Index Scan using sbtest4_pkey on sbtest4  (cost=0.43..36.88 rows=9 width=121)
	        Index Cond: ((id >= 1630324) AND (id <= 1630333))

table 5 : explain SELECT c FROM sbtest5 WHERE id BETWEEN 449911 AND 449920 ORDER BY c
	Sort  (cost=40.87..40.89 rows=10 width=121)
	  Sort Key: c
	  ->  Index Scan using sbtest5_pkey on sbtest5  (cost=0.43..40.70 rows=10 width=121)
	        Index Cond: ((id >= 449911) AND (id <= 449920))

table 6 : explain SELECT c FROM sbtest6 WHERE id BETWEEN 8753266 AND 8753275 ORDER BY c
	Sort  (cost=44.50..44.52 rows=11 width=121)
	  Sort Key: c
	  ->  Index Scan using sbtest6_pkey on sbtest6  (cost=0.43..44.31 rows=11 width=121)
	        Index Cond: ((id >= 8753266) AND (id <= 8753275))

table 7 : explain SELECT c FROM sbtest7 WHERE id BETWEEN 9495930 AND 9495939 ORDER BY c
	Sort  (cost=44.53..44.55 rows=11 width=121)
	  Sort Key: c
	  ->  Index Scan using sbtest7_pkey on sbtest7  (cost=0.43..44.34 rows=11 width=121)
	        Index Cond: ((id >= 9495930) AND (id <= 9495939))

table 8 : explain SELECT c FROM sbtest8 WHERE id BETWEEN 3519423 AND 3519432 ORDER BY c
	Sort  (cost=40.50..40.53 rows=10 width=121)
	  Sort Key: c
	  ->  Index Scan using sbtest8_pkey on sbtest8  (cost=0.43..40.34 rows=10 width=121)
	        Index Cond: ((id >= 3519423) AND (id <= 3519432))

for point_selects
table 1 : explain SELECT c FROM sbtest1 WHERE id=2254728
	Index Scan using sbtest1_pkey on sbtest1  (cost=0.43..8.45 rows=1 width=121)
	  Index Cond: (id = 2254728)

table 2 : explain SELECT c FROM sbtest2 WHERE id=1617583
	Index Scan using sbtest2_pkey on sbtest2  (cost=0.43..8.45 rows=1 width=121)
	  Index Cond: (id = 1617583)

table 3 : explain SELECT c FROM sbtest3 WHERE id=7518402
	Index Scan using sbtest3_pkey on sbtest3  (cost=0.43..8.45 rows=1 width=121)
	  Index Cond: (id = 7518402)

table 4 : explain SELECT c FROM sbtest4 WHERE id=6387026
	Index Scan using sbtest4_pkey on sbtest4  (cost=0.43..8.45 rows=1 width=121)
	  Index Cond: (id = 6387026)

table 5 : explain SELECT c FROM sbtest5 WHERE id=5845061
	Index Scan using sbtest5_pkey on sbtest5  (cost=0.43..8.45 rows=1 width=121)
	  Index Cond: (id = 5845061)

table 6 : explain SELECT c FROM sbtest6 WHERE id=4463701
	Index Scan using sbtest6_pkey on sbtest6  (cost=0.43..8.45 rows=1 width=121)
	  Index Cond: (id = 4463701)

table 7 : explain SELECT c FROM sbtest7 WHERE id=4659393
	Index Scan using sbtest7_pkey on sbtest7  (cost=0.43..8.45 rows=1 width=121)
	  Index Cond: (id = 4659393)

table 8 : explain SELECT c FROM sbtest8 WHERE id=4956373
	Index Scan using sbtest8_pkey on sbtest8  (cost=0.43..8.45 rows=1 width=121)
	  Index Cond: (id = 4956373)

explain: for index_updates :: explain UPDATE sbtest%u SET k=k+1 WHERE id=%u
explain: for inserts :: explain INSERT INTO sbtest%u (id, k, c, pad) VALUES (%u, 13, 'foobar', 'foobar')
for: order_ranges
table 1 : explain SELECT c FROM sbtest1 WHERE id BETWEEN 3485744 AND 3485753 ORDER BY c
	Sort  (cost=41.04..41.07 rows=10 width=121)
	  Sort Key: c
	  ->  Index Scan using sbtest1_pkey on sbtest1  (cost=0.43..40.88 rows=10 width=121)
	        Index Cond: ((id >= 3485744) AND (id <= 3485753))

table 2 : explain SELECT c FROM sbtest2 WHERE id BETWEEN 7622939 AND 7622948 ORDER BY c
	Sort  (cost=41.05..41.08 rows=10 width=121)
	  Sort Key: c
	  ->  Index Scan using sbtest2_pkey on sbtest2  (cost=0.43..40.89 rows=10 width=121)
	        Index Cond: ((id >= 7622939) AND (id <= 7622948))

table 3 : explain SELECT c FROM sbtest3 WHERE id BETWEEN 3120802 AND 3120811 ORDER BY c
	Sort  (cost=40.90..40.93 rows=10 width=121)
	  Sort Key: c
	  ->  Index Scan using sbtest3_pkey on sbtest3  (cost=0.43..40.73 rows=10 width=121)
	        Index Cond: ((id >= 3120802) AND (id <= 3120811))

table 4 : explain SELECT c FROM sbtest4 WHERE id BETWEEN 3577375 AND 3577384 ORDER BY c
	Sort  (cost=44.18..44.20 rows=11 width=121)
	  Sort Key: c
	  ->  Index Scan using sbtest4_pkey on sbtest4  (cost=0.43..43.98 rows=11 width=121)
	        Index Cond: ((id >= 3577375) AND (id <= 3577384))

table 5 : explain SELECT c FROM sbtest5 WHERE id BETWEEN 9384016 AND 9384025 ORDER BY c
	Sort  (cost=44.48..44.50 rows=11 width=121)
	  Sort Key: c
	  ->  Index Scan using sbtest5_pkey on sbtest5  (cost=0.43..44.29 rows=11 width=121)
	        Index Cond: ((id >= 9384016) AND (id <= 9384025))

table 6 : explain SELECT c FROM sbtest6 WHERE id BETWEEN 347777 AND 347786 ORDER BY c
	Sort  (cost=44.50..44.52 rows=11 width=121)
	  Sort Key: c
	  ->  Index Scan using sbtest6_pkey on sbtest6  (cost=0.43..44.31 rows=11 width=121)
	        Index Cond: ((id >= 347777) AND (id <= 347786))

table 7 : explain SELECT c FROM sbtest7 WHERE id BETWEEN 2669760 AND 2669769 ORDER BY c
	Sort  (cost=44.53..44.55 rows=11 width=121)
	  Sort Key: c
	  ->  Index Scan using sbtest7_pkey on sbtest7  (cost=0.43..44.34 rows=11 width=121)
	        Index Cond: ((id >= 2669760) AND (id <= 2669769))

table 8 : explain SELECT c FROM sbtest8 WHERE id BETWEEN 4080084 AND 4080093 ORDER BY c
	Sort  (cost=44.07..44.10 rows=11 width=121)
	  Sort Key: c
	  ->  Index Scan using sbtest8_pkey on sbtest8  (cost=0.43..43.88 rows=11 width=121)
	        Index Cond: ((id >= 4080084) AND (id <= 4080093))

for index_updates
table 1 : explain UPDATE sbtest1 SET k=k+1 WHERE id=9715113
	Update on sbtest1  (cost=0.43..8.46 rows=0 width=0)
	  ->  Index Scan using sbtest1_pkey on sbtest1  (cost=0.43..8.46 rows=1 width=10)
	        Index Cond: (id = 9715113)

table 2 : explain UPDATE sbtest2 SET k=k+1 WHERE id=1114546
	Update on sbtest2  (cost=0.43..8.46 rows=0 width=0)
	  ->  Index Scan using sbtest2_pkey on sbtest2  (cost=0.43..8.46 rows=1 width=10)
	        Index Cond: (id = 1114546)

table 3 : explain UPDATE sbtest3 SET k=k+1 WHERE id=6995706
	Update on sbtest3  (cost=0.43..8.46 rows=0 width=0)
	  ->  Index Scan using sbtest3_pkey on sbtest3  (cost=0.43..8.46 rows=1 width=10)
	        Index Cond: (id = 6995706)

table 4 : explain UPDATE sbtest4 SET k=k+1 WHERE id=9643003
	Update on sbtest4  (cost=0.43..8.46 rows=0 width=0)
	  ->  Index Scan using sbtest4_pkey on sbtest4  (cost=0.43..8.46 rows=1 width=10)
	        Index Cond: (id = 9643003)

table 5 : explain UPDATE sbtest5 SET k=k+1 WHERE id=1027365
	Update on sbtest5  (cost=0.43..8.46 rows=0 width=0)
	  ->  Index Scan using sbtest5_pkey on sbtest5  (cost=0.43..8.46 rows=1 width=10)
	        Index Cond: (id = 1027365)

table 6 : explain UPDATE sbtest6 SET k=k+1 WHERE id=875081
	Update on sbtest6  (cost=0.43..8.46 rows=0 width=0)
	  ->  Index Scan using sbtest6_pkey on sbtest6  (cost=0.43..8.46 rows=1 width=10)
	        Index Cond: (id = 875081)

table 7 : explain UPDATE sbtest7 SET k=k+1 WHERE id=3832021
	Update on sbtest7  (cost=0.43..8.46 rows=0 width=0)
	  ->  Index Scan using sbtest7_pkey on sbtest7  (cost=0.43..8.46 rows=1 width=10)
	        Index Cond: (id = 3832021)

table 8 : explain UPDATE sbtest8 SET k=k+1 WHERE id=193295
	Update on sbtest8  (cost=0.43..8.46 rows=0 width=0)
	  ->  Index Scan using sbtest8_pkey on sbtest8  (cost=0.43..8.46 rows=1 width=10)
	        Index Cond: (id = 193295)

for point_selects
table 1 : explain SELECT c FROM sbtest1 WHERE id=9705310
	Index Scan using sbtest1_pkey on sbtest1  (cost=0.43..8.45 rows=1 width=121)
	  Index Cond: (id = 9705310)

table 2 : explain SELECT c FROM sbtest2 WHERE id=3550830
	Index Scan using sbtest2_pkey on sbtest2  (cost=0.43..8.45 rows=1 width=121)
	  Index Cond: (id = 3550830)

table 3 : explain SELECT c FROM sbtest3 WHERE id=9639261
	Index Scan using sbtest3_pkey on sbtest3  (cost=0.43..8.45 rows=1 width=121)
	  Index Cond: (id = 9639261)

table 4 : explain SELECT c FROM sbtest4 WHERE id=7111756
	Index Scan using sbtest4_pkey on sbtest4  (cost=0.43..8.45 rows=1 width=121)
	  Index Cond: (id = 7111756)

table 5 : explain SELECT c FROM sbtest5 WHERE id=7031383
	Index Scan using sbtest5_pkey on sbtest5  (cost=0.43..8.45 rows=1 width=121)
	  Index Cond: (id = 7031383)

table 6 : explain SELECT c FROM sbtest6 WHERE id=8227810
	Index Scan using sbtest6_pkey on sbtest6  (cost=0.43..8.45 rows=1 width=121)
	  Index Cond: (id = 8227810)

table 7 : explain SELECT c FROM sbtest7 WHERE id=6203077
	Index Scan using sbtest7_pkey on sbtest7  (cost=0.43..8.45 rows=1 width=121)
	  Index Cond: (id = 6203077)

table 8 : explain SELECT c FROM sbtest8 WHERE id=6491385
	Index Scan using sbtest8_pkey on sbtest8  (cost=0.43..8.45 rows=1 width=121)
	  Index Cond: (id = 6491385)

for: simple_ranges
table 1 : explain SELECT c FROM sbtest1 WHERE id BETWEEN 4199917 AND 4199926
	Index Scan using sbtest1_pkey on sbtest1  (cost=0.43..40.88 rows=10 width=121)
	  Index Cond: ((id >= 4199917) AND (id <= 4199926))

table 2 : explain SELECT c FROM sbtest2 WHERE id BETWEEN 949567 AND 949576
	Index Scan using sbtest2_pkey on sbtest2  (cost=0.43..40.89 rows=10 width=121)
	  Index Cond: ((id >= 949567) AND (id <= 949576))

table 3 : explain SELECT c FROM sbtest3 WHERE id BETWEEN 4026776 AND 4026785
	Index Scan using sbtest3_pkey on sbtest3  (cost=0.43..37.15 rows=9 width=121)
	  Index Cond: ((id >= 4026776) AND (id <= 4026785))

table 4 : explain SELECT c FROM sbtest4 WHERE id BETWEEN 2822977 AND 2822986
	Index Scan using sbtest4_pkey on sbtest4  (cost=0.43..40.43 rows=10 width=121)
	  Index Cond: ((id >= 2822977) AND (id <= 2822986))

table 5 : explain SELECT c FROM sbtest5 WHERE id BETWEEN 3211104 AND 3211113
	Index Scan using sbtest5_pkey on sbtest5  (cost=0.43..40.70 rows=10 width=121)
	  Index Cond: ((id >= 3211104) AND (id <= 3211113))

table 6 : explain SELECT c FROM sbtest6 WHERE id BETWEEN 6425711 AND 6425720
	Index Scan using sbtest6_pkey on sbtest6  (cost=0.43..40.72 rows=10 width=121)
	  Index Cond: ((id >= 6425711) AND (id <= 6425720))

table 7 : explain SELECT c FROM sbtest7 WHERE id BETWEEN 9537546 AND 9537555
	Index Scan using sbtest7_pkey on sbtest7  (cost=0.43..40.75 rows=10 width=121)
	  Index Cond: ((id >= 9537546) AND (id <= 9537555))

table 8 : explain SELECT c FROM sbtest8 WHERE id BETWEEN 1832806 AND 1832815
	Index Scan using sbtest8_pkey on sbtest8  (cost=0.43..43.88 rows=11 width=121)
	  Index Cond: ((id >= 1832806) AND (id <= 1832815))

explain: for inserts :: explain INSERT INTO sbtest%u (id, k, c, pad) VALUES (%u, 13, 'foobar', 'foobar')
for: sum_ranges
table 1 : explain SELECT SUM(k) FROM sbtest1 WHERE id BETWEEN 7866956 AND 7866965
	Aggregate  (cost=40.90..40.91 rows=1 width=8)
	  ->  Index Scan using sbtest1_pkey on sbtest1  (cost=0.43..40.88 rows=10 width=4)
	        Index Cond: ((id >= 7866956) AND (id <= 7866965))

table 2 : explain SELECT SUM(k) FROM sbtest2 WHERE id BETWEEN 4469981 AND 4469990
	Aggregate  (cost=40.91..40.92 rows=1 width=8)
	  ->  Index Scan using sbtest2_pkey on sbtest2  (cost=0.43..40.89 rows=10 width=4)
	        Index Cond: ((id >= 4469981) AND (id <= 4469990))

table 3 : explain SELECT SUM(k) FROM sbtest3 WHERE id BETWEEN 9011050 AND 9011059
	Aggregate  (cost=40.76..40.77 rows=1 width=8)
	  ->  Index Scan using sbtest3_pkey on sbtest3  (cost=0.43..40.73 rows=10 width=4)
	        Index Cond: ((id >= 9011050) AND (id <= 9011059))

table 4 : explain SELECT SUM(k) FROM sbtest4 WHERE id BETWEEN 1025557 AND 1025566
	Aggregate  (cost=40.46..40.47 rows=1 width=8)
	  ->  Index Scan using sbtest4_pkey on sbtest4  (cost=0.43..40.43 rows=10 width=4)
	        Index Cond: ((id >= 1025557) AND (id <= 1025566))

table 5 : explain SELECT SUM(k) FROM sbtest5 WHERE id BETWEEN 9924744 AND 9924753
	Aggregate  (cost=40.73..40.74 rows=1 width=8)
	  ->  Index Scan using sbtest5_pkey on sbtest5  (cost=0.43..40.70 rows=10 width=4)
	        Index Cond: ((id >= 9924744) AND (id <= 9924753))

table 6 : explain SELECT SUM(k) FROM sbtest6 WHERE id BETWEEN 7773881 AND 7773890
	Aggregate  (cost=44.33..44.34 rows=1 width=8)
	  ->  Index Scan using sbtest6_pkey on sbtest6  (cost=0.43..44.31 rows=11 width=4)
	        Index Cond: ((id >= 7773881) AND (id <= 7773890))

table 7 : explain SELECT SUM(k) FROM sbtest7 WHERE id BETWEEN 1596908 AND 1596917
	Aggregate  (cost=40.77..40.78 rows=1 width=8)
	  ->  Index Scan using sbtest7_pkey on sbtest7  (cost=0.43..40.75 rows=10 width=4)
	        Index Cond: ((id >= 1596908) AND (id <= 1596917))

table 8 : explain SELECT SUM(k) FROM sbtest8 WHERE id BETWEEN 4845884 AND 4845893
	Aggregate  (cost=40.36..40.37 rows=1 width=8)
	  ->  Index Scan using sbtest8_pkey on sbtest8  (cost=0.43..40.34 rows=10 width=4)
	        Index Cond: ((id >= 4845884) AND (id <= 4845893))

for: sum_ranges
table 1 : explain SELECT SUM(k) FROM sbtest1 WHERE id BETWEEN 5587643 AND 5587652
	Aggregate  (cost=40.90..40.91 rows=1 width=8)
	  ->  Index Scan using sbtest1_pkey on sbtest1  (cost=0.43..40.88 rows=10 width=4)
	        Index Cond: ((id >= 5587643) AND (id <= 5587652))

table 2 : explain SELECT SUM(k) FROM sbtest2 WHERE id BETWEEN 3203765 AND 3203774
	Aggregate  (cost=37.31..37.32 rows=1 width=8)
	  ->  Index Scan using sbtest2_pkey on sbtest2  (cost=0.43..37.28 rows=9 width=4)
	        Index Cond: ((id >= 3203765) AND (id <= 3203774))

table 3 : explain SELECT SUM(k) FROM sbtest3 WHERE id BETWEEN 240637 AND 240646
	Aggregate  (cost=37.17..37.18 rows=1 width=8)
	  ->  Index Scan using sbtest3_pkey on sbtest3  (cost=0.43..37.15 rows=9 width=4)
	        Index Cond: ((id >= 240637) AND (id <= 240646))

table 4 : explain SELECT SUM(k) FROM sbtest4 WHERE id BETWEEN 8479862 AND 8479871
	Aggregate  (cost=40.46..40.47 rows=1 width=8)
	  ->  Index Scan using sbtest4_pkey on sbtest4  (cost=0.43..40.43 rows=10 width=4)
	        Index Cond: ((id >= 8479862) AND (id <= 8479871))

table 5 : explain SELECT SUM(k) FROM sbtest5 WHERE id BETWEEN 293662 AND 293671
	Aggregate  (cost=40.73..40.74 rows=1 width=8)
	  ->  Index Scan using sbtest5_pkey on sbtest5  (cost=0.43..40.70 rows=10 width=4)
	        Index Cond: ((id >= 293662) AND (id <= 293671))

table 6 : explain SELECT SUM(k) FROM sbtest6 WHERE id BETWEEN 4068476 AND 4068485
	Aggregate  (cost=37.16..37.17 rows=1 width=8)
	  ->  Index Scan using sbtest6_pkey on sbtest6  (cost=0.43..37.14 rows=9 width=4)
	        Index Cond: ((id >= 4068476) AND (id <= 4068485))

table 7 : explain SELECT SUM(k) FROM sbtest7 WHERE id BETWEEN 7495789 AND 7495798
	Aggregate  (cost=37.18..37.19 rows=1 width=8)
	  ->  Index Scan using sbtest7_pkey on sbtest7  (cost=0.43..37.16 rows=9 width=4)
	        Index Cond: ((id >= 7495789) AND (id <= 7495798))

table 8 : explain SELECT SUM(k) FROM sbtest8 WHERE id BETWEEN 8624419 AND 8624428
	Aggregate  (cost=36.82..36.83 rows=1 width=8)
	  ->  Index Scan using sbtest8_pkey on sbtest8  (cost=0.43..36.79 rows=9 width=4)
	        Index Cond: ((id >= 8624419) AND (id <= 8624428))

explain: for point_selects :: explain SELECT c FROM sbtest%u WHERE id=%u
for inserts
table 1 : explain INSERT INTO sbtest1 (id, k, c, pad) VALUES (4111805, 13, 'foobar', 'foobar')
	Insert on sbtest1  (cost=0.00..0.01 rows=0 width=0)
	  ->  Result  (cost=0.00..0.01 rows=1 width=736)

table 2 : explain INSERT INTO sbtest2 (id, k, c, pad) VALUES (5868557, 13, 'foobar', 'foobar')
	Insert on sbtest2  (cost=0.00..0.01 rows=0 width=0)
	  ->  Result  (cost=0.00..0.01 rows=1 width=736)

table 3 : explain INSERT INTO sbtest3 (id, k, c, pad) VALUES (9411775, 13, 'foobar', 'foobar')
	Insert on sbtest3  (cost=0.00..0.01 rows=0 width=0)
	  ->  Result  (cost=0.00..0.01 rows=1 width=736)

table 4 : explain INSERT INTO sbtest4 (id, k, c, pad) VALUES (8746298, 13, 'foobar', 'foobar')
	Insert on sbtest4  (cost=0.00..0.01 rows=0 width=0)
	  ->  Result  (cost=0.00..0.01 rows=1 width=736)

table 5 : explain INSERT INTO sbtest5 (id, k, c, pad) VALUES (4491657, 13, 'foobar', 'foobar')
	Insert on sbtest5  (cost=0.00..0.01 rows=0 width=0)
	  ->  Result  (cost=0.00..0.01 rows=1 width=736)

table 6 : explain INSERT INTO sbtest6 (id, k, c, pad) VALUES (9442774, 13, 'foobar', 'foobar')
	Insert on sbtest6  (cost=0.00..0.01 rows=0 width=0)
	  ->  Result  (cost=0.00..0.01 rows=1 width=736)

table 7 : explain INSERT INTO sbtest7 (id, k, c, pad) VALUES (4398610, 13, 'foobar', 'foobar')
	Insert on sbtest7  (cost=0.00..0.01 rows=0 width=0)
	  ->  Result  (cost=0.00..0.01 rows=1 width=736)

table 8 : explain INSERT INTO sbtest8 (id, k, c, pad) VALUES (2684884, 13, 'foobar', 'foobar')
	Insert on sbtest8  (cost=0.00..0.01 rows=0 width=0)
	  ->  Result  (cost=0.00..0.01 rows=1 width=736)

explain: for non_index_updates :: explain UPDATE sbtest%u SET c='foobar' WHERE id=%u
for: simple_ranges
table 1 : explain SELECT c FROM sbtest1 WHERE id BETWEEN 8333574 AND 8333583
	Index Scan using sbtest1_pkey on sbtest1  (cost=0.43..40.88 rows=10 width=121)
	  Index Cond: ((id >= 8333574) AND (id <= 8333583))

table 2 : explain SELECT c FROM sbtest2 WHERE id BETWEEN 1013142 AND 1013151
	Index Scan using sbtest2_pkey on sbtest2  (cost=0.43..40.89 rows=10 width=121)
	  Index Cond: ((id >= 1013142) AND (id <= 1013151))

table 3 : explain SELECT c FROM sbtest3 WHERE id BETWEEN 9386780 AND 9386789
	Index Scan using sbtest3_pkey on sbtest3  (cost=0.43..44.32 rows=11 width=121)
	  Index Cond: ((id >= 9386780) AND (id <= 9386789))

table 4 : explain SELECT c FROM sbtest4 WHERE id BETWEEN 5417975 AND 5417984
	Index Scan using sbtest4_pkey on sbtest4  (cost=0.43..40.43 rows=10 width=121)
	  Index Cond: ((id >= 5417975) AND (id <= 5417984))

table 5 : explain SELECT c FROM sbtest5 WHERE id BETWEEN 6200066 AND 6200075
	Index Scan using sbtest5_pkey on sbtest5  (cost=0.43..40.70 rows=10 width=121)
	  Index Cond: ((id >= 6200066) AND (id <= 6200075))

table 6 : explain SELECT c FROM sbtest6 WHERE id BETWEEN 5192681 AND 5192690
	Index Scan using sbtest6_pkey on sbtest6  (cost=0.43..37.14 rows=9 width=121)
	  Index Cond: ((id >= 5192681) AND (id <= 5192690))

table 7 : explain SELECT c FROM sbtest7 WHERE id BETWEEN 5486307 AND 5486316
	Index Scan using sbtest7_pkey on sbtest7  (cost=0.43..40.75 rows=10 width=121)
	  Index Cond: ((id >= 5486307) AND (id <= 5486316))

table 8 : explain SELECT c FROM sbtest8 WHERE id BETWEEN 7083971 AND 7083980
	Index Scan using sbtest8_pkey on sbtest8  (cost=0.43..40.34 rows=10 width=121)
	  Index Cond: ((id >= 7083971) AND (id <= 7083980))

for point_selects
table 1 : explain SELECT c FROM sbtest1 WHERE id=3655864
	Index Scan using sbtest1_pkey on sbtest1  (cost=0.43..8.45 rows=1 width=121)
	  Index Cond: (id = 3655864)

table 2 : explain SELECT c FROM sbtest2 WHERE id=1103759
	Index Scan using sbtest2_pkey on sbtest2  (cost=0.43..8.45 rows=1 width=121)
	  Index Cond: (id = 1103759)

table 3 : explain SELECT c FROM sbtest3 WHERE id=2055327
	Index Scan using sbtest3_pkey on sbtest3  (cost=0.43..8.45 rows=1 width=121)
	  Index Cond: (id = 2055327)

table 4 : explain SELECT c FROM sbtest4 WHERE id=121840
	Index Scan using sbtest4_pkey on sbtest4  (cost=0.43..8.45 rows=1 width=121)
	  Index Cond: (id = 121840)

table 5 : explain SELECT c FROM sbtest5 WHERE id=3039805
	Index Scan using sbtest5_pkey on sbtest5  (cost=0.43..8.45 rows=1 width=121)
	  Index Cond: (id = 3039805)

table 6 : explain SELECT c FROM sbtest6 WHERE id=2664900
	Index Scan using sbtest6_pkey on sbtest6  (cost=0.43..8.45 rows=1 width=121)
	  Index Cond: (id = 2664900)

table 7 : explain SELECT c FROM sbtest7 WHERE id=3109457
	Index Scan using sbtest7_pkey on sbtest7  (cost=0.43..8.45 rows=1 width=121)
	  Index Cond: (id = 3109457)

table 8 : explain SELECT c FROM sbtest8 WHERE id=8610914
	Index Scan using sbtest8_pkey on sbtest8  (cost=0.43..8.45 rows=1 width=121)
	  Index Cond: (id = 8610914)

for: order_ranges
table 1 : explain SELECT c FROM sbtest1 WHERE id BETWEEN 5341106 AND 5341115 ORDER BY c
	Sort  (cost=41.04..41.07 rows=10 width=121)
	  Sort Key: c
	  ->  Index Scan using sbtest1_pkey on sbtest1  (cost=0.43..40.88 rows=10 width=121)
	        Index Cond: ((id >= 5341106) AND (id <= 5341115))

table 2 : explain SELECT c FROM sbtest2 WHERE id BETWEEN 3093998 AND 3094007 ORDER BY c
	Sort  (cost=41.05..41.08 rows=10 width=121)
	  Sort Key: c
	  ->  Index Scan using sbtest2_pkey on sbtest2  (cost=0.43..40.89 rows=10 width=121)
	        Index Cond: ((id >= 3093998) AND (id <= 3094007))

table 3 : explain SELECT c FROM sbtest3 WHERE id BETWEEN 7632277 AND 7632286 ORDER BY c
	Sort  (cost=40.90..40.93 rows=10 width=121)
	  Sort Key: c
	  ->  Index Scan using sbtest3_pkey on sbtest3  (cost=0.43..40.73 rows=10 width=121)
	        Index Cond: ((id >= 7632277) AND (id <= 7632286))

table 4 : explain SELECT c FROM sbtest4 WHERE id BETWEEN 37554 AND 37563 ORDER BY c
	Sort  (cost=40.60..40.62 rows=10 width=121)
	  Sort Key: c
	  ->  Index Scan using sbtest4_pkey on sbtest4  (cost=0.43..40.43 rows=10 width=121)
	        Index Cond: ((id >= 37554) AND (id <= 37563))

table 5 : explain SELECT c FROM sbtest5 WHERE id BETWEEN 5505817 AND 5505826 ORDER BY c
	Sort  (cost=40.87..40.89 rows=10 width=121)
	  Sort Key: c
	  ->  Index Scan using sbtest5_pkey on sbtest5  (cost=0.43..40.70 rows=10 width=121)
	        Index Cond: ((id >= 5505817) AND (id <= 5505826))

table 6 : explain SELECT c FROM sbtest6 WHERE id BETWEEN 7961724 AND 7961733 ORDER BY c
	Sort  (cost=40.89..40.91 rows=10 width=121)
	  Sort Key: c
	  ->  Index Scan using sbtest6_pkey on sbtest6  (cost=0.43..40.72 rows=10 width=121)
	        Index Cond: ((id >= 7961724) AND (id <= 7961733))

table 7 : explain SELECT c FROM sbtest7 WHERE id BETWEEN 3496589 AND 3496598 ORDER BY c
	Sort  (cost=40.91..40.94 rows=10 width=121)
	  Sort Key: c
	  ->  Index Scan using sbtest7_pkey on sbtest7  (cost=0.43..40.75 rows=10 width=121)
	        Index Cond: ((id >= 3496589) AND (id <= 3496598))

table 8 : explain SELECT c FROM sbtest8 WHERE id BETWEEN 1895654 AND 1895663 ORDER BY c
	Sort  (cost=44.07..44.10 rows=11 width=121)
	  Sort Key: c
	  ->  Index Scan using sbtest8_pkey on sbtest8  (cost=0.43..43.88 rows=11 width=121)
	        Index Cond: ((id >= 1895654) AND (id <= 1895663))

for: order_ranges
table 1 : explain SELECT c FROM sbtest1 WHERE id BETWEEN 6827031 AND 6827040 ORDER BY c
	Sort  (cost=41.04..41.07 rows=10 width=121)
	  Sort Key: c
	  ->  Index Scan using sbtest1_pkey on sbtest1  (cost=0.43..40.88 rows=10 width=121)
	        Index Cond: ((id >= 6827031) AND (id <= 6827040))

table 2 : explain SELECT c FROM sbtest2 WHERE id BETWEEN 5877284 AND 5877293 ORDER BY c
	Sort  (cost=41.05..41.08 rows=10 width=121)
	  Sort Key: c
	  ->  Index Scan using sbtest2_pkey on sbtest2  (cost=0.43..40.89 rows=10 width=121)
	        Index Cond: ((id >= 5877284) AND (id <= 5877293))

table 3 : explain SELECT c FROM sbtest3 WHERE id BETWEEN 2163087 AND 2163096 ORDER BY c
	Sort  (cost=40.90..40.93 rows=10 width=121)
	  Sort Key: c
	  ->  Index Scan using sbtest3_pkey on sbtest3  (cost=0.43..40.73 rows=10 width=121)
	        Index Cond: ((id >= 2163087) AND (id <= 2163096))

table 4 : explain SELECT c FROM sbtest4 WHERE id BETWEEN 8342284 AND 8342293 ORDER BY c
	Sort  (cost=40.60..40.62 rows=10 width=121)
	  Sort Key: c
	  ->  Index Scan using sbtest4_pkey on sbtest4  (cost=0.43..40.43 rows=10 width=121)
	        Index Cond: ((id >= 8342284) AND (id <= 8342293))

table 5 : explain SELECT c FROM sbtest5 WHERE id BETWEEN 7718900 AND 7718909 ORDER BY c
	Sort  (cost=40.87..40.89 rows=10 width=121)
	  Sort Key: c
	  ->  Index Scan using sbtest5_pkey on sbtest5  (cost=0.43..40.70 rows=10 width=121)
	        Index Cond: ((id >= 7718900) AND (id <= 7718909))

table 6 : explain SELECT c FROM sbtest6 WHERE id BETWEEN 7338645 AND 7338654 ORDER BY c
	Sort  (cost=37.28..37.30 rows=9 width=121)
	  Sort Key: c
	  ->  Index Scan using sbtest6_pkey on sbtest6  (cost=0.43..37.14 rows=9 width=121)
	        Index Cond: ((id >= 7338645) AND (id <= 7338654))

table 7 : explain SELECT c FROM sbtest7 WHERE id BETWEEN 5771073 AND 5771082 ORDER BY c
	Sort  (cost=40.91..40.94 rows=10 width=121)
	  Sort Key: c
	  ->  Index Scan using sbtest7_pkey on sbtest7  (cost=0.43..40.75 rows=10 width=121)
	        Index Cond: ((id >= 5771073) AND (id <= 5771082))

table 8 : explain SELECT c FROM sbtest8 WHERE id BETWEEN 3283436 AND 3283445 ORDER BY c
	Sort  (cost=40.50..40.53 rows=10 width=121)
	  Sort Key: c
	  ->  Index Scan using sbtest8_pkey on sbtest8  (cost=0.43..40.34 rows=10 width=121)
	        Index Cond: ((id >= 3283436) AND (id <= 3283445))

for: distinct_ranges
table 1 : explain SELECT DISTINCT c FROM sbtest1 WHERE id BETWEEN 3257858 AND 3257867 ORDER BY c
	Unique  (cost=41.04..41.09 rows=10 width=121)
	  ->  Sort  (cost=41.04..41.07 rows=10 width=121)
	        Sort Key: c
	        ->  Index Scan using sbtest1_pkey on sbtest1  (cost=0.43..40.88 rows=10 width=121)
	              Index Cond: ((id >= 3257858) AND (id <= 3257867))

table 2 : explain SELECT DISTINCT c FROM sbtest2 WHERE id BETWEEN 4392512 AND 4392521 ORDER BY c
	Unique  (cost=41.05..41.10 rows=10 width=121)
	  ->  Sort  (cost=41.05..41.08 rows=10 width=121)
	        Sort Key: c
	        ->  Index Scan using sbtest2_pkey on sbtest2  (cost=0.43..40.89 rows=10 width=121)
	              Index Cond: ((id >= 4392512) AND (id <= 4392521))

table 3 : explain SELECT DISTINCT c FROM sbtest3 WHERE id BETWEEN 4942419 AND 4942428 ORDER BY c
	Unique  (cost=44.51..44.57 rows=11 width=121)
	  ->  Sort  (cost=44.51..44.54 rows=11 width=121)
	        Sort Key: c
	        ->  Index Scan using sbtest3_pkey on sbtest3  (cost=0.43..44.32 rows=11 width=121)
	              Index Cond: ((id >= 4942419) AND (id <= 4942428))

table 4 : explain SELECT DISTINCT c FROM sbtest4 WHERE id BETWEEN 1874899 AND 1874908 ORDER BY c
	Unique  (cost=40.60..40.65 rows=10 width=121)
	  ->  Sort  (cost=40.60..40.62 rows=10 width=121)
	        Sort Key: c
	        ->  Index Scan using sbtest4_pkey on sbtest4  (cost=0.43..40.43 rows=10 width=121)
	              Index Cond: ((id >= 1874899) AND (id <= 1874908))

table 5 : explain SELECT DISTINCT c FROM sbtest5 WHERE id BETWEEN 6835487 AND 6835496 ORDER BY c
	Unique  (cost=40.87..40.92 rows=10 width=121)
	  ->  Sort  (cost=40.87..40.89 rows=10 width=121)
	        Sort Key: c
	        ->  Index Scan using sbtest5_pkey on sbtest5  (cost=0.43..40.70 rows=10 width=121)
	              Index Cond: ((id >= 6835487) AND (id <= 6835496))

table 6 : explain SELECT DISTINCT c FROM sbtest6 WHERE id BETWEEN 5696733 AND 5696742 ORDER BY c
	Unique  (cost=37.28..37.32 rows=9 width=121)
	  ->  Sort  (cost=37.28..37.30 rows=9 width=121)
	        Sort Key: c
	        ->  Index Scan using sbtest6_pkey on sbtest6  (cost=0.43..37.14 rows=9 width=121)
	              Index Cond: ((id >= 5696733) AND (id <= 5696742))

table 7 : explain SELECT DISTINCT c FROM sbtest7 WHERE id BETWEEN 4346125 AND 4346134 ORDER BY c
	Unique  (cost=37.30..37.35 rows=9 width=121)
	  ->  Sort  (cost=37.30..37.33 rows=9 width=121)
	        Sort Key: c
	        ->  Index Scan using sbtest7_pkey on sbtest7  (cost=0.43..37.16 rows=9 width=121)
	              Index Cond: ((id >= 4346125) AND (id <= 4346134))

table 8 : explain SELECT DISTINCT c FROM sbtest8 WHERE id BETWEEN 1380879 AND 1380888 ORDER BY c
	Unique  (cost=36.94..36.98 rows=9 width=121)
	  ->  Sort  (cost=36.94..36.96 rows=9 width=121)
	        Sort Key: c
	        ->  Index Scan using sbtest8_pkey on sbtest8  (cost=0.43..36.79 rows=9 width=121)
	              Index Cond: ((id >= 1380879) AND (id <= 1380888))

for index_updates
table 1 : explain UPDATE sbtest1 SET k=k+1 WHERE id=2290885
	Update on sbtest1  (cost=0.43..8.46 rows=0 width=0)
	  ->  Index Scan using sbtest1_pkey on sbtest1  (cost=0.43..8.46 rows=1 width=10)
	        Index Cond: (id = 2290885)

table 2 : explain UPDATE sbtest2 SET k=k+1 WHERE id=2175452
	Update on sbtest2  (cost=0.43..8.46 rows=0 width=0)
	  ->  Index Scan using sbtest2_pkey on sbtest2  (cost=0.43..8.46 rows=1 width=10)
	        Index Cond: (id = 2175452)

table 3 : explain UPDATE sbtest3 SET k=k+1 WHERE id=2146158
	Update on sbtest3  (cost=0.43..8.46 rows=0 width=0)
	  ->  Index Scan using sbtest3_pkey on sbtest3  (cost=0.43..8.46 rows=1 width=10)
	        Index Cond: (id = 2146158)

table 4 : explain UPDATE sbtest4 SET k=k+1 WHERE id=9558612
	Update on sbtest4  (cost=0.43..8.46 rows=0 width=0)
	  ->  Index Scan using sbtest4_pkey on sbtest4  (cost=0.43..8.46 rows=1 width=10)
	        Index Cond: (id = 9558612)

table 5 : explain UPDATE sbtest5 SET k=k+1 WHERE id=8580269
	Update on sbtest5  (cost=0.43..8.46 rows=0 width=0)
	  ->  Index Scan using sbtest5_pkey on sbtest5  (cost=0.43..8.46 rows=1 width=10)
	        Index Cond: (id = 8580269)

table 6 : explain UPDATE sbtest6 SET k=k+1 WHERE id=2563316
	Update on sbtest6  (cost=0.43..8.46 rows=0 width=0)
	  ->  Index Scan using sbtest6_pkey on sbtest6  (cost=0.43..8.46 rows=1 width=10)
	        Index Cond: (id = 2563316)

table 7 : explain UPDATE sbtest7 SET k=k+1 WHERE id=591182
	Update on sbtest7  (cost=0.43..8.46 rows=0 width=0)
	  ->  Index Scan using sbtest7_pkey on sbtest7  (cost=0.43..8.46 rows=1 width=10)
	        Index Cond: (id = 591182)

table 8 : explain UPDATE sbtest8 SET k=k+1 WHERE id=9921170
	Update on sbtest8  (cost=0.43..8.46 rows=0 width=0)
	  ->  Index Scan using sbtest8_pkey on sbtest8  (cost=0.43..8.46 rows=1 width=10)
	        Index Cond: (id = 9921170)

for: distinct_ranges
table 1 : explain SELECT DISTINCT c FROM sbtest1 WHERE id BETWEEN 2057242 AND 2057251 ORDER BY c
	Unique  (cost=44.67..44.73 rows=11 width=121)
	  ->  Sort  (cost=44.67..44.70 rows=11 width=121)
	        Sort Key: c
	        ->  Index Scan using sbtest1_pkey on sbtest1  (cost=0.43..44.48 rows=11 width=121)
	              Index Cond: ((id >= 2057242) AND (id <= 2057251))

table 2 : explain SELECT DISTINCT c FROM sbtest2 WHERE id BETWEEN 3569485 AND 3569494 ORDER BY c
	Unique  (cost=44.68..44.74 rows=11 width=121)
	  ->  Sort  (cost=44.68..44.71 rows=11 width=121)
	        Sort Key: c
	        ->  Index Scan using sbtest2_pkey on sbtest2  (cost=0.43..44.49 rows=11 width=121)
	              Index Cond: ((id >= 3569485) AND (id <= 3569494))

table 3 : explain SELECT DISTINCT c FROM sbtest3 WHERE id BETWEEN 2593275 AND 2593284 ORDER BY c
	Unique  (cost=40.90..40.95 rows=10 width=121)
	  ->  Sort  (cost=40.90..40.93 rows=10 width=121)
	        Sort Key: c
	        ->  Index Scan using sbtest3_pkey on sbtest3  (cost=0.43..40.73 rows=10 width=121)
	              Index Cond: ((id >= 2593275) AND (id <= 2593284))

table 4 : explain SELECT DISTINCT c FROM sbtest4 WHERE id BETWEEN 7829750 AND 7829759 ORDER BY c
	Unique  (cost=40.60..40.65 rows=10 width=121)
	  ->  Sort  (cost=40.60..40.62 rows=10 width=121)
	        Sort Key: c
	        ->  Index Scan using sbtest4_pkey on sbtest4  (cost=0.43..40.43 rows=10 width=121)
	              Index Cond: ((id >= 7829750) AND (id <= 7829759))

table 5 : explain SELECT DISTINCT c FROM sbtest5 WHERE id BETWEEN 2024002 AND 2024011 ORDER BY c
	Unique  (cost=40.87..40.92 rows=10 width=121)
	  ->  Sort  (cost=40.87..40.89 rows=10 width=121)
	        Sort Key: c
	        ->  Index Scan using sbtest5_pkey on sbtest5  (cost=0.43..40.70 rows=10 width=121)
	              Index Cond: ((id >= 2024002) AND (id <= 2024011))

table 6 : explain SELECT DISTINCT c FROM sbtest6 WHERE id BETWEEN 1554595 AND 1554604 ORDER BY c
	Unique  (cost=37.28..37.32 rows=9 width=121)
	  ->  Sort  (cost=37.28..37.30 rows=9 width=121)
	        Sort Key: c
	        ->  Index Scan using sbtest6_pkey on sbtest6  (cost=0.43..37.14 rows=9 width=121)
	              Index Cond: ((id >= 1554595) AND (id <= 1554604))

table 7 : explain SELECT DISTINCT c FROM sbtest7 WHERE id BETWEEN 8871358 AND 8871367 ORDER BY c
	Unique  (cost=44.53..44.58 rows=11 width=121)
	  ->  Sort  (cost=44.53..44.55 rows=11 width=121)
	        Sort Key: c
	        ->  Index Scan using sbtest7_pkey on sbtest7  (cost=0.43..44.34 rows=11 width=121)
	              Index Cond: ((id >= 8871358) AND (id <= 8871367))

table 8 : explain SELECT DISTINCT c FROM sbtest8 WHERE id BETWEEN 4932878 AND 4932887 ORDER BY c
	Unique  (cost=36.94..36.98 rows=9 width=121)
	  ->  Sort  (cost=36.94..36.96 rows=9 width=121)
	        Sort Key: c
	        ->  Index Scan using sbtest8_pkey on sbtest8  (cost=0.43..36.79 rows=9 width=121)
	              Index Cond: ((id >= 4932878) AND (id <= 4932887))

for: order_ranges
table 1 : explain SELECT c FROM sbtest1 WHERE id BETWEEN 8088739 AND 8088748 ORDER BY c
	Sort  (cost=37.42..37.44 rows=9 width=121)
	  Sort Key: c
	  ->  Index Scan using sbtest1_pkey on sbtest1  (cost=0.43..37.28 rows=9 width=121)
	        Index Cond: ((id >= 8088739) AND (id <= 8088748))

table 2 : explain SELECT c FROM sbtest2 WHERE id BETWEEN 1909567 AND 1909576 ORDER BY c
	Sort  (cost=41.05..41.08 rows=10 width=121)
	  Sort Key: c
	  ->  Index Scan using sbtest2_pkey on sbtest2  (cost=0.43..40.89 rows=10 width=121)
	        Index Cond: ((id >= 1909567) AND (id <= 1909576))

table 3 : explain SELECT c FROM sbtest3 WHERE id BETWEEN 4488492 AND 4488501 ORDER BY c
	Sort  (cost=40.90..40.93 rows=10 width=121)
	  Sort Key: c
	  ->  Index Scan using sbtest3_pkey on sbtest3  (cost=0.43..40.73 rows=10 width=121)
	        Index Cond: ((id >= 4488492) AND (id <= 4488501))

table 4 : explain SELECT c FROM sbtest4 WHERE id BETWEEN 620035 AND 620044 ORDER BY c
	Sort  (cost=40.60..40.62 rows=10 width=121)
	  Sort Key: c
	  ->  Index Scan using sbtest4_pkey on sbtest4  (cost=0.43..40.43 rows=10 width=121)
	        Index Cond: ((id >= 620035) AND (id <= 620044))

table 5 : explain SELECT c FROM sbtest5 WHERE id BETWEEN 6335582 AND 6335591 ORDER BY c
	Sort  (cost=44.48..44.50 rows=11 width=121)
	  Sort Key: c
	  ->  Index Scan using sbtest5_pkey on sbtest5  (cost=0.43..44.29 rows=11 width=121)
	        Index Cond: ((id >= 6335582) AND (id <= 6335591))

table 6 : explain SELECT c FROM sbtest6 WHERE id BETWEEN 5691906 AND 5691915 ORDER BY c
	Sort  (cost=37.28..37.30 rows=9 width=121)
	  Sort Key: c
	  ->  Index Scan using sbtest6_pkey on sbtest6  (cost=0.43..37.14 rows=9 width=121)
	        Index Cond: ((id >= 5691906) AND (id <= 5691915))

table 7 : explain SELECT c FROM sbtest7 WHERE id BETWEEN 1663132 AND 1663141 ORDER BY c
	Sort  (cost=37.30..37.33 rows=9 width=121)
	  Sort Key: c
	  ->  Index Scan using sbtest7_pkey on sbtest7  (cost=0.43..37.16 rows=9 width=121)
	        Index Cond: ((id >= 1663132) AND (id <= 1663141))

table 8 : explain SELECT c FROM sbtest8 WHERE id BETWEEN 6061948 AND 6061957 ORDER BY c
	Sort  (cost=36.94..36.96 rows=9 width=121)
	  Sort Key: c
	  ->  Index Scan using sbtest8_pkey on sbtest8  (cost=0.43..36.79 rows=9 width=121)
	        Index Cond: ((id >= 6061948) AND (id <= 6061957))

for point_selects
table 1 : explain SELECT c FROM sbtest1 WHERE id=6428014
	Index Scan using sbtest1_pkey on sbtest1  (cost=0.43..8.45 rows=1 width=121)
	  Index Cond: (id = 6428014)

table 2 : explain SELECT c FROM sbtest2 WHERE id=3080476
	Index Scan using sbtest2_pkey on sbtest2  (cost=0.43..8.45 rows=1 width=121)
	  Index Cond: (id = 3080476)

table 3 : explain SELECT c FROM sbtest3 WHERE id=3038403
	Index Scan using sbtest3_pkey on sbtest3  (cost=0.43..8.45 rows=1 width=121)
	  Index Cond: (id = 3038403)

table 4 : explain SELECT c FROM sbtest4 WHERE id=8391053
	Index Scan using sbtest4_pkey on sbtest4  (cost=0.43..8.45 rows=1 width=121)
	  Index Cond: (id = 8391053)

table 5 : explain SELECT c FROM sbtest5 WHERE id=639397
	Index Scan using sbtest5_pkey on sbtest5  (cost=0.43..8.45 rows=1 width=121)
	  Index Cond: (id = 639397)

table 6 : explain SELECT c FROM sbtest6 WHERE id=5755062
	Index Scan using sbtest6_pkey on sbtest6  (cost=0.43..8.45 rows=1 width=121)
	  Index Cond: (id = 5755062)

table 7 : explain SELECT c FROM sbtest7 WHERE id=6856618
	Index Scan using sbtest7_pkey on sbtest7  (cost=0.43..8.45 rows=1 width=121)
	  Index Cond: (id = 6856618)

table 8 : explain SELECT c FROM sbtest8 WHERE id=1483586
	Index Scan using sbtest8_pkey on sbtest8  (cost=0.43..8.45 rows=1 width=121)
	  Index Cond: (id = 1483586)

for inserts
table 1 : explain INSERT INTO sbtest1 (id, k, c, pad) VALUES (3352994, 13, 'foobar', 'foobar')
	Insert on sbtest1  (cost=0.00..0.01 rows=0 width=0)
	  ->  Result  (cost=0.00..0.01 rows=1 width=736)

table 2 : explain INSERT INTO sbtest2 (id, k, c, pad) VALUES (8352964, 13, 'foobar', 'foobar')
	Insert on sbtest2  (cost=0.00..0.01 rows=0 width=0)
	  ->  Result  (cost=0.00..0.01 rows=1 width=736)

table 3 : explain INSERT INTO sbtest3 (id, k, c, pad) VALUES (1091054, 13, 'foobar', 'foobar')
	Insert on sbtest3  (cost=0.00..0.01 rows=0 width=0)
	  ->  Result  (cost=0.00..0.01 rows=1 width=736)

table 4 : explain INSERT INTO sbtest4 (id, k, c, pad) VALUES (2349495, 13, 'foobar', 'foobar')
	Insert on sbtest4  (cost=0.00..0.01 rows=0 width=0)
	  ->  Result  (cost=0.00..0.01 rows=1 width=736)

table 5 : explain INSERT INTO sbtest5 (id, k, c, pad) VALUES (6794915, 13, 'foobar', 'foobar')
	Insert on sbtest5  (cost=0.00..0.01 rows=0 width=0)
	  ->  Result  (cost=0.00..0.01 rows=1 width=736)

table 6 : explain INSERT INTO sbtest6 (id, k, c, pad) VALUES (5891145, 13, 'foobar', 'foobar')
	Insert on sbtest6  (cost=0.00..0.01 rows=0 width=0)
	  ->  Result  (cost=0.00..0.01 rows=1 width=736)

table 7 : explain INSERT INTO sbtest7 (id, k, c, pad) VALUES (1916661, 13, 'foobar', 'foobar')
	Insert on sbtest7  (cost=0.00..0.01 rows=0 width=0)
	  ->  Result  (cost=0.00..0.01 rows=1 width=736)

table 8 : explain INSERT INTO sbtest8 (id, k, c, pad) VALUES (9349818, 13, 'foobar', 'foobar')
	Insert on sbtest8  (cost=0.00..0.01 rows=0 width=0)
	  ->  Result  (cost=0.00..0.01 rows=1 width=736)

for non_index_updates
table 1 : explain UPDATE sbtest1 SET c='foobar' WHERE id=5204381
	Update on sbtest1  (cost=0.43..8.45 rows=0 width=0)
	  ->  Index Scan using sbtest1_pkey on sbtest1  (cost=0.43..8.45 rows=1 width=490)
	        Index Cond: (id = 5204381)

table 2 : explain UPDATE sbtest2 SET c='foobar' WHERE id=6904679
	Update on sbtest2  (cost=0.43..8.45 rows=0 width=0)
	  ->  Index Scan using sbtest2_pkey on sbtest2  (cost=0.43..8.45 rows=1 width=490)
	        Index Cond: (id = 6904679)

table 3 : explain UPDATE sbtest3 SET c='foobar' WHERE id=1215692
	Update on sbtest3  (cost=0.43..8.45 rows=0 width=0)
	  ->  Index Scan using sbtest3_pkey on sbtest3  (cost=0.43..8.45 rows=1 width=490)
	        Index Cond: (id = 1215692)

table 4 : explain UPDATE sbtest4 SET c='foobar' WHERE id=549889
	Update on sbtest4  (cost=0.43..8.45 rows=0 width=0)
	  ->  Index Scan using sbtest4_pkey on sbtest4  (cost=0.43..8.45 rows=1 width=490)
	        Index Cond: (id = 549889)

table 5 : explain UPDATE sbtest5 SET c='foobar' WHERE id=9506960
	Update on sbtest5  (cost=0.43..8.45 rows=0 width=0)
	  ->  Index Scan using sbtest5_pkey on sbtest5  (cost=0.43..8.45 rows=1 width=490)
	        Index Cond: (id = 9506960)

table 6 : explain UPDATE sbtest6 SET c='foobar' WHERE id=8443944
	Update on sbtest6  (cost=0.43..8.45 rows=0 width=0)
	  ->  Index Scan using sbtest6_pkey on sbtest6  (cost=0.43..8.45 rows=1 width=490)
	        Index Cond: (id = 8443944)

table 7 : explain UPDATE sbtest7 SET c='foobar' WHERE id=5848272
	Update on sbtest7  (cost=0.43..8.45 rows=0 width=0)
	  ->  Index Scan using sbtest7_pkey on sbtest7  (cost=0.43..8.45 rows=1 width=490)
	        Index Cond: (id = 5848272)

table 8 : explain UPDATE sbtest8 SET c='foobar' WHERE id=9070900
	Update on sbtest8  (cost=0.43..8.45 rows=0 width=0)
	  ->  Index Scan using sbtest8_pkey on sbtest8  (cost=0.43..8.45 rows=1 width=490)
	        Index Cond: (id = 9070900)

for: distinct_ranges
table 1 : explain SELECT DISTINCT c FROM sbtest1 WHERE id BETWEEN 5111600 AND 5111609 ORDER BY c
	Unique  (cost=41.04..41.09 rows=10 width=121)
	  ->  Sort  (cost=41.04..41.07 rows=10 width=121)
	        Sort Key: c
	        ->  Index Scan using sbtest1_pkey on sbtest1  (cost=0.43..40.88 rows=10 width=121)
	              Index Cond: ((id >= 5111600) AND (id <= 5111609))

table 2 : explain SELECT DISTINCT c FROM sbtest2 WHERE id BETWEEN 1518008 AND 1518017 ORDER BY c
	Unique  (cost=41.05..41.10 rows=10 width=121)
	  ->  Sort  (cost=41.05..41.08 rows=10 width=121)
	        Sort Key: c
	        ->  Index Scan using sbtest2_pkey on sbtest2  (cost=0.43..40.89 rows=10 width=121)
	              Index Cond: ((id >= 1518008) AND (id <= 1518017))

table 3 : explain SELECT DISTINCT c FROM sbtest3 WHERE id BETWEEN 3290139 AND 3290148 ORDER BY c
	Unique  (cost=37.29..37.34 rows=9 width=121)
	  ->  Sort  (cost=37.29..37.31 rows=9 width=121)
	        Sort Key: c
	        ->  Index Scan using sbtest3_pkey on sbtest3  (cost=0.43..37.15 rows=9 width=121)
	              Index Cond: ((id >= 3290139) AND (id <= 3290148))

table 4 : explain SELECT DISTINCT c FROM sbtest4 WHERE id BETWEEN 661147 AND 661156 ORDER BY c
	Unique  (cost=37.02..37.07 rows=9 width=121)
	  ->  Sort  (cost=37.02..37.04 rows=9 width=121)
	        Sort Key: c
	        ->  Index Scan using sbtest4_pkey on sbtest4  (cost=0.43..36.88 rows=9 width=121)
	              Index Cond: ((id >= 661147) AND (id <= 661156))

table 5 : explain SELECT DISTINCT c FROM sbtest5 WHERE id BETWEEN 3448088 AND 3448097 ORDER BY c
	Unique  (cost=40.87..40.92 rows=10 width=121)
	  ->  Sort  (cost=40.87..40.89 rows=10 width=121)
	        Sort Key: c
	        ->  Index Scan using sbtest5_pkey on sbtest5  (cost=0.43..40.70 rows=10 width=121)
	              Index Cond: ((id >= 3448088) AND (id <= 3448097))

table 6 : explain SELECT DISTINCT c FROM sbtest6 WHERE id BETWEEN 1034183 AND 1034192 ORDER BY c
	Unique  (cost=40.89..40.94 rows=10 width=121)
	  ->  Sort  (cost=40.89..40.91 rows=10 width=121)
	        Sort Key: c
	        ->  Index Scan using sbtest6_pkey on sbtest6  (cost=0.43..40.72 rows=10 width=121)
	              Index Cond: ((id >= 1034183) AND (id <= 1034192))

table 7 : explain SELECT DISTINCT c FROM sbtest7 WHERE id BETWEEN 9453169 AND 9453178 ORDER BY c
	Unique  (cost=44.53..44.58 rows=11 width=121)
	  ->  Sort  (cost=44.53..44.55 rows=11 width=121)
	        Sort Key: c
	        ->  Index Scan using sbtest7_pkey on sbtest7  (cost=0.43..44.34 rows=11 width=121)
	              Index Cond: ((id >= 9453169) AND (id <= 9453178))

table 8 : explain SELECT DISTINCT c FROM sbtest8 WHERE id BETWEEN 4920826 AND 4920835 ORDER BY c
	Unique  (cost=36.94..36.98 rows=9 width=121)
	  ->  Sort  (cost=36.94..36.96 rows=9 width=121)
	        Sort Key: c
	        ->  Index Scan using sbtest8_pkey on sbtest8  (cost=0.43..36.79 rows=9 width=121)
	              Index Cond: ((id >= 4920826) AND (id <= 4920835))

for point_selects
table 1 : explain SELECT c FROM sbtest1 WHERE id=2581424
	Index Scan using sbtest1_pkey on sbtest1  (cost=0.43..8.45 rows=1 width=121)
	  Index Cond: (id = 2581424)

table 2 : explain SELECT c FROM sbtest2 WHERE id=1883803
	Index Scan using sbtest2_pkey on sbtest2  (cost=0.43..8.45 rows=1 width=121)
	  Index Cond: (id = 1883803)

table 3 : explain SELECT c FROM sbtest3 WHERE id=1164332
	Index Scan using sbtest3_pkey on sbtest3  (cost=0.43..8.45 rows=1 width=121)
	  Index Cond: (id = 1164332)

table 4 : explain SELECT c FROM sbtest4 WHERE id=8060817
	Index Scan using sbtest4_pkey on sbtest4  (cost=0.43..8.45 rows=1 width=121)
	  Index Cond: (id = 8060817)

table 5 : explain SELECT c FROM sbtest5 WHERE id=3745220
	Index Scan using sbtest5_pkey on sbtest5  (cost=0.43..8.45 rows=1 width=121)
	  Index Cond: (id = 3745220)

table 6 : explain SELECT c FROM sbtest6 WHERE id=7115066
	Index Scan using sbtest6_pkey on sbtest6  (cost=0.43..8.45 rows=1 width=121)
	  Index Cond: (id = 7115066)

table 7 : explain SELECT c FROM sbtest7 WHERE id=813951
	Index Scan using sbtest7_pkey on sbtest7  (cost=0.43..8.45 rows=1 width=121)
	  Index Cond: (id = 813951)

table 8 : explain SELECT c FROM sbtest8 WHERE id=5946131
	Index Scan using sbtest8_pkey on sbtest8  (cost=0.43..8.45 rows=1 width=121)
	  Index Cond: (id = 5946131)

for: sum_ranges
table 1 : explain SELECT SUM(k) FROM sbtest1 WHERE id BETWEEN 6253726 AND 6253735
	Aggregate  (cost=44.51..44.52 rows=1 width=8)
	  ->  Index Scan using sbtest1_pkey on sbtest1  (cost=0.43..44.48 rows=11 width=4)
	        Index Cond: ((id >= 6253726) AND (id <= 6253735))

table 2 : explain SELECT SUM(k) FROM sbtest2 WHERE id BETWEEN 3266914 AND 3266923
	Aggregate  (cost=40.91..40.92 rows=1 width=8)
	  ->  Index Scan using sbtest2_pkey on sbtest2  (cost=0.43..40.89 rows=10 width=4)
	        Index Cond: ((id >= 3266914) AND (id <= 3266923))

table 3 : explain SELECT SUM(k) FROM sbtest3 WHERE id BETWEEN 7819139 AND 7819148
	Aggregate  (cost=40.76..40.77 rows=1 width=8)
	  ->  Index Scan using sbtest3_pkey on sbtest3  (cost=0.43..40.73 rows=10 width=4)
	        Index Cond: ((id >= 7819139) AND (id <= 7819148))

table 4 : explain SELECT SUM(k) FROM sbtest4 WHERE id BETWEEN 6237547 AND 6237556
	Aggregate  (cost=36.90..36.91 rows=1 width=8)
	  ->  Index Scan using sbtest4_pkey on sbtest4  (cost=0.43..36.88 rows=9 width=4)
	        Index Cond: ((id >= 6237547) AND (id <= 6237556))

table 5 : explain SELECT SUM(k) FROM sbtest5 WHERE id BETWEEN 285800 AND 285809
	Aggregate  (cost=40.73..40.74 rows=1 width=8)
	  ->  Index Scan using sbtest5_pkey on sbtest5  (cost=0.43..40.70 rows=10 width=4)
	        Index Cond: ((id >= 285800) AND (id <= 285809))

table 6 : explain SELECT SUM(k) FROM sbtest6 WHERE id BETWEEN 9984650 AND 9984659
	Aggregate  (cost=40.75..40.76 rows=1 width=8)
	  ->  Index Scan using sbtest6_pkey on sbtest6  (cost=0.43..40.72 rows=10 width=4)
	        Index Cond: ((id >= 9984650) AND (id <= 9984659))

table 7 : explain SELECT SUM(k) FROM sbtest7 WHERE id BETWEEN 2167088 AND 2167097
	Aggregate  (cost=37.18..37.19 rows=1 width=8)
	  ->  Index Scan using sbtest7_pkey on sbtest7  (cost=0.43..37.16 rows=9 width=4)
	        Index Cond: ((id >= 2167088) AND (id <= 2167097))

table 8 : explain SELECT SUM(k) FROM sbtest8 WHERE id BETWEEN 6110067 AND 6110076
	Aggregate  (cost=36.82..36.83 rows=1 width=8)
	  ->  Index Scan using sbtest8_pkey on sbtest8  (cost=0.43..36.79 rows=9 width=4)
	        Index Cond: ((id >= 6110067) AND (id <= 6110076))

explain: for index_updates :: explain UPDATE sbtest%u SET k=k+1 WHERE id=%u
for: sum_ranges
table 1 : explain SELECT SUM(k) FROM sbtest1 WHERE id BETWEEN 1122870 AND 1122879
	Aggregate  (cost=40.90..40.91 rows=1 width=8)
	  ->  Index Scan using sbtest1_pkey on sbtest1  (cost=0.43..40.88 rows=10 width=4)
	        Index Cond: ((id >= 1122870) AND (id <= 1122879))

table 2 : explain SELECT SUM(k) FROM sbtest2 WHERE id BETWEEN 2908445 AND 2908454
	Aggregate  (cost=40.91..40.92 rows=1 width=8)
	  ->  Index Scan using sbtest2_pkey on sbtest2  (cost=0.43..40.89 rows=10 width=4)
	        Index Cond: ((id >= 2908445) AND (id <= 2908454))

table 3 : explain SELECT SUM(k) FROM sbtest3 WHERE id BETWEEN 8685437 AND 8685446
	Aggregate  (cost=40.76..40.77 rows=1 width=8)
	  ->  Index Scan using sbtest3_pkey on sbtest3  (cost=0.43..40.73 rows=10 width=4)
	        Index Cond: ((id >= 8685437) AND (id <= 8685446))

table 4 : explain SELECT SUM(k) FROM sbtest4 WHERE id BETWEEN 661011 AND 661020
	Aggregate  (cost=36.90..36.91 rows=1 width=8)
	  ->  Index Scan using sbtest4_pkey on sbtest4  (cost=0.43..36.88 rows=9 width=4)
	        Index Cond: ((id >= 661011) AND (id <= 661020))

table 5 : explain SELECT SUM(k) FROM sbtest5 WHERE id BETWEEN 2016800 AND 2016809
	Aggregate  (cost=40.73..40.74 rows=1 width=8)
	  ->  Index Scan using sbtest5_pkey on sbtest5  (cost=0.43..40.70 rows=10 width=4)
	        Index Cond: ((id >= 2016800) AND (id <= 2016809))

table 6 : explain SELECT SUM(k) FROM sbtest6 WHERE id BETWEEN 7674764 AND 7674773
	Aggregate  (cost=37.16..37.17 rows=1 width=8)
	  ->  Index Scan using sbtest6_pkey on sbtest6  (cost=0.43..37.14 rows=9 width=4)
	        Index Cond: ((id >= 7674764) AND (id <= 7674773))

table 7 : explain SELECT SUM(k) FROM sbtest7 WHERE id BETWEEN 3225483 AND 3225492
	Aggregate  (cost=40.77..40.78 rows=1 width=8)
	  ->  Index Scan using sbtest7_pkey on sbtest7  (cost=0.43..40.75 rows=10 width=4)
	        Index Cond: ((id >= 3225483) AND (id <= 3225492))

table 8 : explain SELECT SUM(k) FROM sbtest8 WHERE id BETWEEN 5598818 AND 5598827
	Aggregate  (cost=47.45..47.46 rows=1 width=8)
	  ->  Index Scan using sbtest8_pkey on sbtest8  (cost=0.43..47.42 rows=12 width=4)
	        Index Cond: ((id >= 5598818) AND (id <= 5598827))

explain: for non_index_updates :: explain UPDATE sbtest%u SET c='foobar' WHERE id=%u
explain: for deletes :: explain DELETE FROM sbtest%u WHERE id=%u
for point_selects
table 1 : explain SELECT c FROM sbtest1 WHERE id=6854161
	Index Scan using sbtest1_pkey on sbtest1  (cost=0.43..8.45 rows=1 width=121)
	  Index Cond: (id = 6854161)

table 2 : explain SELECT c FROM sbtest2 WHERE id=9158394
	Index Scan using sbtest2_pkey on sbtest2  (cost=0.43..8.45 rows=1 width=121)
	  Index Cond: (id = 9158394)

table 3 : explain SELECT c FROM sbtest3 WHERE id=611246
	Index Scan using sbtest3_pkey on sbtest3  (cost=0.43..8.45 rows=1 width=121)
	  Index Cond: (id = 611246)

table 4 : explain SELECT c FROM sbtest4 WHERE id=6655516
	Index Scan using sbtest4_pkey on sbtest4  (cost=0.43..8.45 rows=1 width=121)
	  Index Cond: (id = 6655516)

table 5 : explain SELECT c FROM sbtest5 WHERE id=7421420
	Index Scan using sbtest5_pkey on sbtest5  (cost=0.43..8.45 rows=1 width=121)
	  Index Cond: (id = 7421420)

table 6 : explain SELECT c FROM sbtest6 WHERE id=1146973
	Index Scan using sbtest6_pkey on sbtest6  (cost=0.43..8.45 rows=1 width=121)
	  Index Cond: (id = 1146973)

table 7 : explain SELECT c FROM sbtest7 WHERE id=1263695
	Index Scan using sbtest7_pkey on sbtest7  (cost=0.43..8.45 rows=1 width=121)
	  Index Cond: (id = 1263695)

table 8 : explain SELECT c FROM sbtest8 WHERE id=2921027
	Index Scan using sbtest8_pkey on sbtest8  (cost=0.43..8.45 rows=1 width=121)
	  Index Cond: (id = 2921027)

explain: for index_updates :: explain UPDATE sbtest%u SET k=k+1 WHERE id=%u
explain: for index_updates :: explain UPDATE sbtest%u SET k=k+1 WHERE id=%u
for: sum_ranges
table 1 : explain SELECT SUM(k) FROM sbtest1 WHERE id BETWEEN 3753515 AND 3753524
	Aggregate  (cost=37.30..37.31 rows=1 width=8)
	  ->  Index Scan using sbtest1_pkey on sbtest1  (cost=0.43..37.28 rows=9 width=4)
	        Index Cond: ((id >= 3753515) AND (id <= 3753524))

table 2 : explain SELECT SUM(k) FROM sbtest2 WHERE id BETWEEN 8475805 AND 8475814
	Aggregate  (cost=40.91..40.92 rows=1 width=8)
	  ->  Index Scan using sbtest2_pkey on sbtest2  (cost=0.43..40.89 rows=10 width=4)
	        Index Cond: ((id >= 8475805) AND (id <= 8475814))

table 3 : explain SELECT SUM(k) FROM sbtest3 WHERE id BETWEEN 208219 AND 208228
	Aggregate  (cost=37.17..37.18 rows=1 width=8)
	  ->  Index Scan using sbtest3_pkey on sbtest3  (cost=0.43..37.15 rows=9 width=4)
	        Index Cond: ((id >= 208219) AND (id <= 208228))

table 4 : explain SELECT SUM(k) FROM sbtest4 WHERE id BETWEEN 2010798 AND 2010807
	Aggregate  (cost=40.46..40.47 rows=1 width=8)
	  ->  Index Scan using sbtest4_pkey on sbtest4  (cost=0.43..40.43 rows=10 width=4)
	        Index Cond: ((id >= 2010798) AND (id <= 2010807))

table 5 : explain SELECT SUM(k) FROM sbtest5 WHERE id BETWEEN 5453738 AND 5453747
	Aggregate  (cost=40.73..40.74 rows=1 width=8)
	  ->  Index Scan using sbtest5_pkey on sbtest5  (cost=0.43..40.70 rows=10 width=4)
	        Index Cond: ((id >= 5453738) AND (id <= 5453747))

table 6 : explain SELECT SUM(k) FROM sbtest6 WHERE id BETWEEN 6743238 AND 6743247
	Aggregate  (cost=40.75..40.76 rows=1 width=8)
	  ->  Index Scan using sbtest6_pkey on sbtest6  (cost=0.43..40.72 rows=10 width=4)
	        Index Cond: ((id >= 6743238) AND (id <= 6743247))

table 7 : explain SELECT SUM(k) FROM sbtest7 WHERE id BETWEEN 9657064 AND 9657073
	Aggregate  (cost=40.77..40.78 rows=1 width=8)
	  ->  Index Scan using sbtest7_pkey on sbtest7  (cost=0.43..40.75 rows=10 width=4)
	        Index Cond: ((id >= 9657064) AND (id <= 9657073))

table 8 : explain SELECT SUM(k) FROM sbtest8 WHERE id BETWEEN 3526672 AND 3526681
	Aggregate  (cost=40.36..40.37 rows=1 width=8)
	  ->  Index Scan using sbtest8_pkey on sbtest8  (cost=0.43..40.34 rows=10 width=4)
	        Index Cond: ((id >= 3526672) AND (id <= 3526681))

for: distinct_ranges
table 1 : explain SELECT DISTINCT c FROM sbtest1 WHERE id BETWEEN 3191435 AND 3191444 ORDER BY c
	Unique  (cost=41.04..41.09 rows=10 width=121)
	  ->  Sort  (cost=41.04..41.07 rows=10 width=121)
	        Sort Key: c
	        ->  Index Scan using sbtest1_pkey on sbtest1  (cost=0.43..40.88 rows=10 width=121)
	              Index Cond: ((id >= 3191435) AND (id <= 3191444))

table 2 : explain SELECT DISTINCT c FROM sbtest2 WHERE id BETWEEN 7748350 AND 7748359 ORDER BY c
	Unique  (cost=41.05..41.10 rows=10 width=121)
	  ->  Sort  (cost=41.05..41.08 rows=10 width=121)
	        Sort Key: c
	        ->  Index Scan using sbtest2_pkey on sbtest2  (cost=0.43..40.89 rows=10 width=121)
	              Index Cond: ((id >= 7748350) AND (id <= 7748359))

table 3 : explain SELECT DISTINCT c FROM sbtest3 WHERE id BETWEEN 84046 AND 84055 ORDER BY c
	Unique  (cost=44.51..44.57 rows=11 width=121)
	  ->  Sort  (cost=44.51..44.54 rows=11 width=121)
	        Sort Key: c
	        ->  Index Scan using sbtest3_pkey on sbtest3  (cost=0.43..44.32 rows=11 width=121)
	              Index Cond: ((id >= 84046) AND (id <= 84055))

table 4 : explain SELECT DISTINCT c FROM sbtest4 WHERE id BETWEEN 6754516 AND 6754525 ORDER BY c
	Unique  (cost=37.02..37.07 rows=9 width=121)
	  ->  Sort  (cost=37.02..37.04 rows=9 width=121)
	        Sort Key: c
	        ->  Index Scan using sbtest4_pkey on sbtest4  (cost=0.43..36.88 rows=9 width=121)
	              Index Cond: ((id >= 6754516) AND (id <= 6754525))

table 5 : explain SELECT DISTINCT c FROM sbtest5 WHERE id BETWEEN 1280879 AND 1280888 ORDER BY c
	Unique  (cost=37.26..37.31 rows=9 width=121)
	  ->  Sort  (cost=37.26..37.29 rows=9 width=121)
	        Sort Key: c
	        ->  Index Scan using sbtest5_pkey on sbtest5  (cost=0.43..37.12 rows=9 width=121)
	              Index Cond: ((id >= 1280879) AND (id <= 1280888))

table 6 : explain SELECT DISTINCT c FROM sbtest6 WHERE id BETWEEN 653169 AND 653178 ORDER BY c
	Unique  (cost=40.89..40.94 rows=10 width=121)
	  ->  Sort  (cost=40.89..40.91 rows=10 width=121)
	        Sort Key: c
	        ->  Index Scan using sbtest6_pkey on sbtest6  (cost=0.43..40.72 rows=10 width=121)
	              Index Cond: ((id >= 653169) AND (id <= 653178))

table 7 : explain SELECT DISTINCT c FROM sbtest7 WHERE id BETWEEN 8275280 AND 8275289 ORDER BY c
	Unique  (cost=40.91..40.96 rows=10 width=121)
	  ->  Sort  (cost=40.91..40.94 rows=10 width=121)
	        Sort Key: c
	        ->  Index Scan using sbtest7_pkey on sbtest7  (cost=0.43..40.75 rows=10 width=121)
	              Index Cond: ((id >= 8275280) AND (id <= 8275289))

table 8 : explain SELECT DISTINCT c FROM sbtest8 WHERE id BETWEEN 3019724 AND 3019733 ORDER BY c
	Unique  (cost=40.50..40.55 rows=10 width=121)
	  ->  Sort  (cost=40.50..40.53 rows=10 width=121)
	        Sort Key: c
	        ->  Index Scan using sbtest8_pkey on sbtest8  (cost=0.43..40.34 rows=10 width=121)
	              Index Cond: ((id >= 3019724) AND (id <= 3019733))

explain: for index_updates :: explain UPDATE sbtest%u SET k=k+1 WHERE id=%u
for: simple_ranges
table 1 : explain SELECT c FROM sbtest1 WHERE id BETWEEN 6552123 AND 6552132
	Index Scan using sbtest1_pkey on sbtest1  (cost=0.43..40.88 rows=10 width=121)
	  Index Cond: ((id >= 6552123) AND (id <= 6552132))

table 2 : explain SELECT c FROM sbtest2 WHERE id BETWEEN 8161310 AND 8161319
	Index Scan using sbtest2_pkey on sbtest2  (cost=0.43..40.89 rows=10 width=121)
	  Index Cond: ((id >= 8161310) AND (id <= 8161319))

table 3 : explain SELECT c FROM sbtest3 WHERE id BETWEEN 8206354 AND 8206363
	Index Scan using sbtest3_pkey on sbtest3  (cost=0.43..44.32 rows=11 width=121)
	  Index Cond: ((id >= 8206354) AND (id <= 8206363))

table 4 : explain SELECT c FROM sbtest4 WHERE id BETWEEN 5288470 AND 5288479
	Index Scan using sbtest4_pkey on sbtest4  (cost=0.43..40.43 rows=10 width=121)
	  Index Cond: ((id >= 5288470) AND (id <= 5288479))

table 5 : explain SELECT c FROM sbtest5 WHERE id BETWEEN 5316017 AND 5316026
	Index Scan using sbtest5_pkey on sbtest5  (cost=0.43..40.70 rows=10 width=121)
	  Index Cond: ((id >= 5316017) AND (id <= 5316026))

table 6 : explain SELECT c FROM sbtest6 WHERE id BETWEEN 5104655 AND 5104664
	Index Scan using sbtest6_pkey on sbtest6  (cost=0.43..37.14 rows=9 width=121)
	  Index Cond: ((id >= 5104655) AND (id <= 5104664))

table 7 : explain SELECT c FROM sbtest7 WHERE id BETWEEN 8584639 AND 8584648
	Index Scan using sbtest7_pkey on sbtest7  (cost=0.43..37.16 rows=9 width=121)
	  Index Cond: ((id >= 8584639) AND (id <= 8584648))

table 8 : explain SELECT c FROM sbtest8 WHERE id BETWEEN 1495887 AND 1495896
	Index Scan using sbtest8_pkey on sbtest8  (cost=0.43..43.88 rows=11 width=121)
	  Index Cond: ((id >= 1495887) AND (id <= 1495896))

for index_updates
table 1 : explain UPDATE sbtest1 SET k=k+1 WHERE id=2049218
	Update on sbtest1  (cost=0.43..8.46 rows=0 width=0)
	  ->  Index Scan using sbtest1_pkey on sbtest1  (cost=0.43..8.46 rows=1 width=10)
	        Index Cond: (id = 2049218)

table 2 : explain UPDATE sbtest2 SET k=k+1 WHERE id=3933974
	Update on sbtest2  (cost=0.43..8.46 rows=0 width=0)
	  ->  Index Scan using sbtest2_pkey on sbtest2  (cost=0.43..8.46 rows=1 width=10)
	        Index Cond: (id = 3933974)

table 3 : explain UPDATE sbtest3 SET k=k+1 WHERE id=1684038
	Update on sbtest3  (cost=0.43..8.46 rows=0 width=0)
	  ->  Index Scan using sbtest3_pkey on sbtest3  (cost=0.43..8.46 rows=1 width=10)
	        Index Cond: (id = 1684038)

table 4 : explain UPDATE sbtest4 SET k=k+1 WHERE id=7568980
	Update on sbtest4  (cost=0.43..8.46 rows=0 width=0)
	  ->  Index Scan using sbtest4_pkey on sbtest4  (cost=0.43..8.46 rows=1 width=10)
	        Index Cond: (id = 7568980)

table 5 : explain UPDATE sbtest5 SET k=k+1 WHERE id=1927393
	Update on sbtest5  (cost=0.43..8.46 rows=0 width=0)
	  ->  Index Scan using sbtest5_pkey on sbtest5  (cost=0.43..8.46 rows=1 width=10)
	        Index Cond: (id = 1927393)

table 6 : explain UPDATE sbtest6 SET k=k+1 WHERE id=9143995
	Update on sbtest6  (cost=0.43..8.46 rows=0 width=0)
	  ->  Index Scan using sbtest6_pkey on sbtest6  (cost=0.43..8.46 rows=1 width=10)
	        Index Cond: (id = 9143995)

table 7 : explain UPDATE sbtest7 SET k=k+1 WHERE id=9716957
	Update on sbtest7  (cost=0.43..8.46 rows=0 width=0)
	  ->  Index Scan using sbtest7_pkey on sbtest7  (cost=0.43..8.46 rows=1 width=10)
	        Index Cond: (id = 9716957)

table 8 : explain UPDATE sbtest8 SET k=k+1 WHERE id=9818148
	Update on sbtest8  (cost=0.43..8.46 rows=0 width=0)
	  ->  Index Scan using sbtest8_pkey on sbtest8  (cost=0.43..8.46 rows=1 width=10)
	        Index Cond: (id = 9818148)

for deletes
table 1 : explain DELETE FROM sbtest1 WHERE id=5297751
	Delete on sbtest1  (cost=0.43..8.45 rows=0 width=0)
	  ->  Index Scan using sbtest1_pkey on sbtest1  (cost=0.43..8.45 rows=1 width=6)
	        Index Cond: (id = 5297751)

table 2 : explain DELETE FROM sbtest2 WHERE id=5505494
	Delete on sbtest2  (cost=0.43..8.45 rows=0 width=0)
	  ->  Index Scan using sbtest2_pkey on sbtest2  (cost=0.43..8.45 rows=1 width=6)
	        Index Cond: (id = 5505494)

table 3 : explain DELETE FROM sbtest3 WHERE id=7734203
	Delete on sbtest3  (cost=0.43..8.45 rows=0 width=0)
	  ->  Index Scan using sbtest3_pkey on sbtest3  (cost=0.43..8.45 rows=1 width=6)
	        Index Cond: (id = 7734203)

table 4 : explain DELETE FROM sbtest4 WHERE id=5639859
	Delete on sbtest4  (cost=0.43..8.45 rows=0 width=0)
	  ->  Index Scan using sbtest4_pkey on sbtest4  (cost=0.43..8.45 rows=1 width=6)
	        Index Cond: (id = 5639859)

table 5 : explain DELETE FROM sbtest5 WHERE id=242972
	Delete on sbtest5  (cost=0.43..8.45 rows=0 width=0)
	  ->  Index Scan using sbtest5_pkey on sbtest5  (cost=0.43..8.45 rows=1 width=6)
	        Index Cond: (id = 242972)

table 6 : explain DELETE FROM sbtest6 WHERE id=7084082
	Delete on sbtest6  (cost=0.43..8.45 rows=0 width=0)
	  ->  Index Scan using sbtest6_pkey on sbtest6  (cost=0.43..8.45 rows=1 width=6)
	        Index Cond: (id = 7084082)

table 7 : explain DELETE FROM sbtest7 WHERE id=4095048
	Delete on sbtest7  (cost=0.43..8.45 rows=0 width=0)
	  ->  Index Scan using sbtest7_pkey on sbtest7  (cost=0.43..8.45 rows=1 width=6)
	        Index Cond: (id = 4095048)

table 8 : explain DELETE FROM sbtest8 WHERE id=2267884
	Delete on sbtest8  (cost=0.43..8.45 rows=0 width=0)
	  ->  Index Scan using sbtest8_pkey on sbtest8  (cost=0.43..8.45 rows=1 width=6)
	        Index Cond: (id = 2267884)

for: distinct_ranges
table 1 : explain SELECT DISTINCT c FROM sbtest1 WHERE id BETWEEN 6842353 AND 6842362 ORDER BY c
	Unique  (cost=41.04..41.09 rows=10 width=121)
	  ->  Sort  (cost=41.04..41.07 rows=10 width=121)
	        Sort Key: c
	        ->  Index Scan using sbtest1_pkey on sbtest1  (cost=0.43..40.88 rows=10 width=121)
	              Index Cond: ((id >= 6842353) AND (id <= 6842362))

table 2 : explain SELECT DISTINCT c FROM sbtest2 WHERE id BETWEEN 4610294 AND 4610303 ORDER BY c
	Unique  (cost=41.05..41.10 rows=10 width=121)
	  ->  Sort  (cost=41.05..41.08 rows=10 width=121)
	        Sort Key: c
	        ->  Index Scan using sbtest2_pkey on sbtest2  (cost=0.43..40.89 rows=10 width=121)
	              Index Cond: ((id >= 4610294) AND (id <= 4610303))

table 3 : explain SELECT DISTINCT c FROM sbtest3 WHERE id BETWEEN 8461367 AND 8461376 ORDER BY c
	Unique  (cost=40.90..40.95 rows=10 width=121)
	  ->  Sort  (cost=40.90..40.93 rows=10 width=121)
	        Sort Key: c
	        ->  Index Scan using sbtest3_pkey on sbtest3  (cost=0.43..40.73 rows=10 width=121)
	              Index Cond: ((id >= 8461367) AND (id <= 8461376))

table 4 : explain SELECT DISTINCT c FROM sbtest4 WHERE id BETWEEN 2840859 AND 2840868 ORDER BY c
	Unique  (cost=40.60..40.65 rows=10 width=121)
	  ->  Sort  (cost=40.60..40.62 rows=10 width=121)
	        Sort Key: c
	        ->  Index Scan using sbtest4_pkey on sbtest4  (cost=0.43..40.43 rows=10 width=121)
	              Index Cond: ((id >= 2840859) AND (id <= 2840868))

table 5 : explain SELECT DISTINCT c FROM sbtest5 WHERE id BETWEEN 4579102 AND 4579111 ORDER BY c
	Unique  (cost=40.87..40.92 rows=10 width=121)
	  ->  Sort  (cost=40.87..40.89 rows=10 width=121)
	        Sort Key: c
	        ->  Index Scan using sbtest5_pkey on sbtest5  (cost=0.43..40.70 rows=10 width=121)
	              Index Cond: ((id >= 4579102) AND (id <= 4579111))

table 6 : explain SELECT DISTINCT c FROM sbtest6 WHERE id BETWEEN 4484226 AND 4484235 ORDER BY c
	Unique  (cost=40.89..40.94 rows=10 width=121)
	  ->  Sort  (cost=40.89..40.91 rows=10 width=121)
	        Sort Key: c
	        ->  Index Scan using sbtest6_pkey on sbtest6  (cost=0.43..40.72 rows=10 width=121)
	              Index Cond: ((id >= 4484226) AND (id <= 4484235))

table 7 : explain SELECT DISTINCT c FROM sbtest7 WHERE id BETWEEN 3057970 AND 3057979 ORDER BY c
	Unique  (cost=44.53..44.58 rows=11 width=121)
	  ->  Sort  (cost=44.53..44.55 rows=11 width=121)
	        Sort Key: c
	        ->  Index Scan using sbtest7_pkey on sbtest7  (cost=0.43..44.34 rows=11 width=121)
	              Index Cond: ((id >= 3057970) AND (id <= 3057979))

table 8 : explain SELECT DISTINCT c FROM sbtest8 WHERE id BETWEEN 4745290 AND 4745299 ORDER BY c
	Unique  (cost=44.07..44.12 rows=11 width=121)
	  ->  Sort  (cost=44.07..44.10 rows=11 width=121)
	        Sort Key: c
	        ->  Index Scan using sbtest8_pkey on sbtest8  (cost=0.43..43.88 rows=11 width=121)
	              Index Cond: ((id >= 4745290) AND (id <= 4745299))

for non_index_updates
table 1 : explain UPDATE sbtest1 SET c='foobar' WHERE id=393135
	Update on sbtest1  (cost=0.43..8.45 rows=0 width=0)
	  ->  Index Scan using sbtest1_pkey on sbtest1  (cost=0.43..8.45 rows=1 width=490)
	        Index Cond: (id = 393135)

table 2 : explain UPDATE sbtest2 SET c='foobar' WHERE id=8529312
	Update on sbtest2  (cost=0.43..8.45 rows=0 width=0)
	  ->  Index Scan using sbtest2_pkey on sbtest2  (cost=0.43..8.45 rows=1 width=490)
	        Index Cond: (id = 8529312)

table 3 : explain UPDATE sbtest3 SET c='foobar' WHERE id=9665302
	Update on sbtest3  (cost=0.43..8.45 rows=0 width=0)
	  ->  Index Scan using sbtest3_pkey on sbtest3  (cost=0.43..8.45 rows=1 width=490)
	        Index Cond: (id = 9665302)

table 4 : explain UPDATE sbtest4 SET c='foobar' WHERE id=3206493
	Update on sbtest4  (cost=0.43..8.45 rows=0 width=0)
	  ->  Index Scan using sbtest4_pkey on sbtest4  (cost=0.43..8.45 rows=1 width=490)
	        Index Cond: (id = 3206493)

table 5 : explain UPDATE sbtest5 SET c='foobar' WHERE id=636524
	Update on sbtest5  (cost=0.43..8.45 rows=0 width=0)
	  ->  Index Scan using sbtest5_pkey on sbtest5  (cost=0.43..8.45 rows=1 width=490)
	        Index Cond: (id = 636524)

table 6 : explain UPDATE sbtest6 SET c='foobar' WHERE id=7858368
	Update on sbtest6  (cost=0.43..8.45 rows=0 width=0)
	  ->  Index Scan using sbtest6_pkey on sbtest6  (cost=0.43..8.45 rows=1 width=490)
	        Index Cond: (id = 7858368)

table 7 : explain UPDATE sbtest7 SET c='foobar' WHERE id=999881
	Update on sbtest7  (cost=0.43..8.45 rows=0 width=0)
	  ->  Index Scan using sbtest7_pkey on sbtest7  (cost=0.43..8.45 rows=1 width=490)
	        Index Cond: (id = 999881)

table 8 : explain UPDATE sbtest8 SET c='foobar' WHERE id=8678882
	Update on sbtest8  (cost=0.43..8.45 rows=0 width=0)
	  ->  Index Scan using sbtest8_pkey on sbtest8  (cost=0.43..8.45 rows=1 width=490)
	        Index Cond: (id = 8678882)

for: simple_ranges
table 1 : explain SELECT c FROM sbtest1 WHERE id BETWEEN 1463773 AND 1463782
	Index Scan using sbtest1_pkey on sbtest1  (cost=0.43..44.48 rows=11 width=121)
	  Index Cond: ((id >= 1463773) AND (id <= 1463782))

table 2 : explain SELECT c FROM sbtest2 WHERE id BETWEEN 7416483 AND 7416492
	Index Scan using sbtest2_pkey on sbtest2  (cost=0.43..40.89 rows=10 width=121)
	  Index Cond: ((id >= 7416483) AND (id <= 7416492))

table 3 : explain SELECT c FROM sbtest3 WHERE id BETWEEN 21996 AND 22005
	Index Scan using sbtest3_pkey on sbtest3  (cost=0.43..44.32 rows=11 width=121)
	  Index Cond: ((id >= 21996) AND (id <= 22005))

table 4 : explain SELECT c FROM sbtest4 WHERE id BETWEEN 5163255 AND 5163264
	Index Scan using sbtest4_pkey on sbtest4  (cost=0.43..40.43 rows=10 width=121)
	  Index Cond: ((id >= 5163255) AND (id <= 5163264))

table 5 : explain SELECT c FROM sbtest5 WHERE id BETWEEN 1214687 AND 1214696
	Index Scan using sbtest5_pkey on sbtest5  (cost=0.43..40.70 rows=10 width=121)
	  Index Cond: ((id >= 1214687) AND (id <= 1214696))

table 6 : explain SELECT c FROM sbtest6 WHERE id BETWEEN 3207843 AND 3207852
	Index Scan using sbtest6_pkey on sbtest6  (cost=0.43..40.72 rows=10 width=121)
	  Index Cond: ((id >= 3207843) AND (id <= 3207852))

table 7 : explain SELECT c FROM sbtest7 WHERE id BETWEEN 374238 AND 374247
	Index Scan using sbtest7_pkey on sbtest7  (cost=0.43..40.75 rows=10 width=121)
	  Index Cond: ((id >= 374238) AND (id <= 374247))

table 8 : explain SELECT c FROM sbtest8 WHERE id BETWEEN 1296233 AND 1296242
	Index Scan using sbtest8_pkey on sbtest8  (cost=0.43..40.34 rows=10 width=121)
	  Index Cond: ((id >= 1296233) AND (id <= 1296242))

for index_updates
table 1 : explain UPDATE sbtest1 SET k=k+1 WHERE id=8545742
	Update on sbtest1  (cost=0.43..8.46 rows=0 width=0)
	  ->  Index Scan using sbtest1_pkey on sbtest1  (cost=0.43..8.46 rows=1 width=10)
	        Index Cond: (id = 8545742)

table 2 : explain UPDATE sbtest2 SET k=k+1 WHERE id=5165906
	Update on sbtest2  (cost=0.43..8.46 rows=0 width=0)
	  ->  Index Scan using sbtest2_pkey on sbtest2  (cost=0.43..8.46 rows=1 width=10)
	        Index Cond: (id = 5165906)

table 3 : explain UPDATE sbtest3 SET k=k+1 WHERE id=3099017
	Update on sbtest3  (cost=0.43..8.46 rows=0 width=0)
	  ->  Index Scan using sbtest3_pkey on sbtest3  (cost=0.43..8.46 rows=1 width=10)
	        Index Cond: (id = 3099017)

table 4 : explain UPDATE sbtest4 SET k=k+1 WHERE id=9396303
	Update on sbtest4  (cost=0.43..8.46 rows=0 width=0)
	  ->  Index Scan using sbtest4_pkey on sbtest4  (cost=0.43..8.46 rows=1 width=10)
	        Index Cond: (id = 9396303)

table 5 : explain UPDATE sbtest5 SET k=k+1 WHERE id=2128544
	Update on sbtest5  (cost=0.43..8.46 rows=0 width=0)
	  ->  Index Scan using sbtest5_pkey on sbtest5  (cost=0.43..8.46 rows=1 width=10)
	        Index Cond: (id = 2128544)

table 6 : explain UPDATE sbtest6 SET k=k+1 WHERE id=4712616
	Update on sbtest6  (cost=0.43..8.46 rows=0 width=0)
	  ->  Index Scan using sbtest6_pkey on sbtest6  (cost=0.43..8.46 rows=1 width=10)
	        Index Cond: (id = 4712616)

table 7 : explain UPDATE sbtest7 SET k=k+1 WHERE id=2077350
	Update on sbtest7  (cost=0.43..8.46 rows=0 width=0)
	  ->  Index Scan using sbtest7_pkey on sbtest7  (cost=0.43..8.46 rows=1 width=10)
	        Index Cond: (id = 2077350)

table 8 : explain UPDATE sbtest8 SET k=k+1 WHERE id=2654411
	Update on sbtest8  (cost=0.43..8.46 rows=0 width=0)
	  ->  Index Scan using sbtest8_pkey on sbtest8  (cost=0.43..8.46 rows=1 width=10)
	        Index Cond: (id = 2654411)

explain: for point_selects :: explain SELECT c FROM sbtest%u WHERE id=%u
for index_updates
table 1 : explain UPDATE sbtest1 SET k=k+1 WHERE id=6725285
	Update on sbtest1  (cost=0.43..8.46 rows=0 width=0)
	  ->  Index Scan using sbtest1_pkey on sbtest1  (cost=0.43..8.46 rows=1 width=10)
	        Index Cond: (id = 6725285)

table 2 : explain UPDATE sbtest2 SET k=k+1 WHERE id=4814198
	Update on sbtest2  (cost=0.43..8.46 rows=0 width=0)
	  ->  Index Scan using sbtest2_pkey on sbtest2  (cost=0.43..8.46 rows=1 width=10)
	        Index Cond: (id = 4814198)

table 3 : explain UPDATE sbtest3 SET k=k+1 WHERE id=465613
	Update on sbtest3  (cost=0.43..8.46 rows=0 width=0)
	  ->  Index Scan using sbtest3_pkey on sbtest3  (cost=0.43..8.46 rows=1 width=10)
	        Index Cond: (id = 465613)

table 4 : explain UPDATE sbtest4 SET k=k+1 WHERE id=1627747
	Update on sbtest4  (cost=0.43..8.46 rows=0 width=0)
	  ->  Index Scan using sbtest4_pkey on sbtest4  (cost=0.43..8.46 rows=1 width=10)
	        Index Cond: (id = 1627747)

table 5 : explain UPDATE sbtest5 SET k=k+1 WHERE id=726321
	Update on sbtest5  (cost=0.43..8.46 rows=0 width=0)
	  ->  Index Scan using sbtest5_pkey on sbtest5  (cost=0.43..8.46 rows=1 width=10)
	        Index Cond: (id = 726321)

table 6 : explain UPDATE sbtest6 SET k=k+1 WHERE id=902032
	Update on sbtest6  (cost=0.43..8.46 rows=0 width=0)
	  ->  Index Scan using sbtest6_pkey on sbtest6  (cost=0.43..8.46 rows=1 width=10)
	        Index Cond: (id = 902032)

table 7 : explain UPDATE sbtest7 SET k=k+1 WHERE id=9065175
	Update on sbtest7  (cost=0.43..8.46 rows=0 width=0)
	  ->  Index Scan using sbtest7_pkey on sbtest7  (cost=0.43..8.46 rows=1 width=10)
	        Index Cond: (id = 9065175)

table 8 : explain UPDATE sbtest8 SET k=k+1 WHERE id=6950683
	Update on sbtest8  (cost=0.43..8.46 rows=0 width=0)
	  ->  Index Scan using sbtest8_pkey on sbtest8  (cost=0.43..8.46 rows=1 width=10)
	        Index Cond: (id = 6950683)

for index_updates
table 1 : explain UPDATE sbtest1 SET k=k+1 WHERE id=8609195
	Update on sbtest1  (cost=0.43..8.46 rows=0 width=0)
	  ->  Index Scan using sbtest1_pkey on sbtest1  (cost=0.43..8.46 rows=1 width=10)
	        Index Cond: (id = 8609195)

table 2 : explain UPDATE sbtest2 SET k=k+1 WHERE id=6018294
	Update on sbtest2  (cost=0.43..8.46 rows=0 width=0)
	  ->  Index Scan using sbtest2_pkey on sbtest2  (cost=0.43..8.46 rows=1 width=10)
	        Index Cond: (id = 6018294)

table 3 : explain UPDATE sbtest3 SET k=k+1 WHERE id=4555897
	Update on sbtest3  (cost=0.43..8.46 rows=0 width=0)
	  ->  Index Scan using sbtest3_pkey on sbtest3  (cost=0.43..8.46 rows=1 width=10)
	        Index Cond: (id = 4555897)

table 4 : explain UPDATE sbtest4 SET k=k+1 WHERE id=9657748
	Update on sbtest4  (cost=0.43..8.46 rows=0 width=0)
	  ->  Index Scan using sbtest4_pkey on sbtest4  (cost=0.43..8.46 rows=1 width=10)
	        Index Cond: (id = 9657748)

table 5 : explain UPDATE sbtest5 SET k=k+1 WHERE id=1259746
	Update on sbtest5  (cost=0.43..8.46 rows=0 width=0)
	  ->  Index Scan using sbtest5_pkey on sbtest5  (cost=0.43..8.46 rows=1 width=10)
	        Index Cond: (id = 1259746)

table 6 : explain UPDATE sbtest6 SET k=k+1 WHERE id=2233985
	Update on sbtest6  (cost=0.43..8.46 rows=0 width=0)
	  ->  Index Scan using sbtest6_pkey on sbtest6  (cost=0.43..8.46 rows=1 width=10)
	        Index Cond: (id = 2233985)

table 7 : explain UPDATE sbtest7 SET k=k+1 WHERE id=7666115
	Update on sbtest7  (cost=0.43..8.46 rows=0 width=0)
	  ->  Index Scan using sbtest7_pkey on sbtest7  (cost=0.43..8.46 rows=1 width=10)
	        Index Cond: (id = 7666115)

table 8 : explain UPDATE sbtest8 SET k=k+1 WHERE id=3928421
	Update on sbtest8  (cost=0.43..8.46 rows=0 width=0)
	  ->  Index Scan using sbtest8_pkey on sbtest8  (cost=0.43..8.46 rows=1 width=10)
	        Index Cond: (id = 3928421)

explain: for deletes :: explain DELETE FROM sbtest%u WHERE id=%u
for: simple_ranges
table 1 : explain SELECT c FROM sbtest1 WHERE id BETWEEN 9646567 AND 9646576
	Index Scan using sbtest1_pkey on sbtest1  (cost=0.43..40.88 rows=10 width=121)
	  Index Cond: ((id >= 9646567) AND (id <= 9646576))

table 2 : explain SELECT c FROM sbtest2 WHERE id BETWEEN 4106720 AND 4106729
	Index Scan using sbtest2_pkey on sbtest2  (cost=0.43..37.28 rows=9 width=121)
	  Index Cond: ((id >= 4106720) AND (id <= 4106729))

table 3 : explain SELECT c FROM sbtest3 WHERE id BETWEEN 3788218 AND 3788227
	Index Scan using sbtest3_pkey on sbtest3  (cost=0.43..37.15 rows=9 width=121)
	  Index Cond: ((id >= 3788218) AND (id <= 3788227))

table 4 : explain SELECT c FROM sbtest4 WHERE id BETWEEN 8126295 AND 8126304
	Index Scan using sbtest4_pkey on sbtest4  (cost=0.43..40.43 rows=10 width=121)
	  Index Cond: ((id >= 8126295) AND (id <= 8126304))

table 5 : explain SELECT c FROM sbtest5 WHERE id BETWEEN 1047355 AND 1047364
	Index Scan using sbtest5_pkey on sbtest5  (cost=0.43..37.12 rows=9 width=121)
	  Index Cond: ((id >= 1047355) AND (id <= 1047364))

table 6 : explain SELECT c FROM sbtest6 WHERE id BETWEEN 6826702 AND 6826711
	Index Scan using sbtest6_pkey on sbtest6  (cost=0.43..40.72 rows=10 width=121)
	  Index Cond: ((id >= 6826702) AND (id <= 6826711))

table 7 : explain SELECT c FROM sbtest7 WHERE id BETWEEN 1420417 AND 1420426
	Index Scan using sbtest7_pkey on sbtest7  (cost=0.43..37.16 rows=9 width=121)
	  Index Cond: ((id >= 1420417) AND (id <= 1420426))

table 8 : explain SELECT c FROM sbtest8 WHERE id BETWEEN 2207772 AND 2207781
	Index Scan using sbtest8_pkey on sbtest8  (cost=0.43..40.34 rows=10 width=121)
	  Index Cond: ((id >= 2207772) AND (id <= 2207781))

explain: for point_selects :: explain SELECT c FROM sbtest%u WHERE id=%u
explain: for non_index_updates :: explain UPDATE sbtest%u SET c='foobar' WHERE id=%u
for: distinct_ranges
table 1 : explain SELECT DISTINCT c FROM sbtest1 WHERE id BETWEEN 5598403 AND 5598412 ORDER BY c
	Unique  (cost=41.04..41.09 rows=10 width=121)
	  ->  Sort  (cost=41.04..41.07 rows=10 width=121)
	        Sort Key: c
	        ->  Index Scan using sbtest1_pkey on sbtest1  (cost=0.43..40.88 rows=10 width=121)
	              Index Cond: ((id >= 5598403) AND (id <= 5598412))

table 2 : explain SELECT DISTINCT c FROM sbtest2 WHERE id BETWEEN 6215891 AND 6215900 ORDER BY c
	Unique  (cost=44.68..44.74 rows=11 width=121)
	  ->  Sort  (cost=44.68..44.71 rows=11 width=121)
	        Sort Key: c
	        ->  Index Scan using sbtest2_pkey on sbtest2  (cost=0.43..44.49 rows=11 width=121)
	              Index Cond: ((id >= 6215891) AND (id <= 6215900))

table 3 : explain SELECT DISTINCT c FROM sbtest3 WHERE id BETWEEN 5970460 AND 5970469 ORDER BY c
	Unique  (cost=40.90..40.95 rows=10 width=121)
	  ->  Sort  (cost=40.90..40.93 rows=10 width=121)
	        Sort Key: c
	        ->  Index Scan using sbtest3_pkey on sbtest3  (cost=0.43..40.73 rows=10 width=121)
	              Index Cond: ((id >= 5970460) AND (id <= 5970469))

table 4 : explain SELECT DISTINCT c FROM sbtest4 WHERE id BETWEEN 7393735 AND 7393744 ORDER BY c
	Unique  (cost=44.18..44.23 rows=11 width=121)
	  ->  Sort  (cost=44.18..44.20 rows=11 width=121)
	        Sort Key: c
	        ->  Index Scan using sbtest4_pkey on sbtest4  (cost=0.43..43.98 rows=11 width=121)
	              Index Cond: ((id >= 7393735) AND (id <= 7393744))

table 5 : explain SELECT DISTINCT c FROM sbtest5 WHERE id BETWEEN 5694944 AND 5694953 ORDER BY c
	Unique  (cost=40.87..40.92 rows=10 width=121)
	  ->  Sort  (cost=40.87..40.89 rows=10 width=121)
	        Sort Key: c
	        ->  Index Scan using sbtest5_pkey on sbtest5  (cost=0.43..40.70 rows=10 width=121)
	              Index Cond: ((id >= 5694944) AND (id <= 5694953))

table 6 : explain SELECT DISTINCT c FROM sbtest6 WHERE id BETWEEN 1585350 AND 1585359 ORDER BY c
	Unique  (cost=44.50..44.55 rows=11 width=121)
	  ->  Sort  (cost=44.50..44.52 rows=11 width=121)
	        Sort Key: c
	        ->  Index Scan using sbtest6_pkey on sbtest6  (cost=0.43..44.31 rows=11 width=121)
	              Index Cond: ((id >= 1585350) AND (id <= 1585359))

table 7 : explain SELECT DISTINCT c FROM sbtest7 WHERE id BETWEEN 1622380 AND 1622389 ORDER BY c
	Unique  (cost=37.30..37.35 rows=9 width=121)
	  ->  Sort  (cost=37.30..37.33 rows=9 width=121)
	        Sort Key: c
	        ->  Index Scan using sbtest7_pkey on sbtest7  (cost=0.43..37.16 rows=9 width=121)
	              Index Cond: ((id >= 1622380) AND (id <= 1622389))

table 8 : explain SELECT DISTINCT c FROM sbtest8 WHERE id BETWEEN 8406643 AND 8406652 ORDER BY c
	Unique  (cost=40.50..40.55 rows=10 width=121)
	  ->  Sort  (cost=40.50..40.53 rows=10 width=121)
	        Sort Key: c
	        ->  Index Scan using sbtest8_pkey on sbtest8  (cost=0.43..40.34 rows=10 width=121)
	              Index Cond: ((id >= 8406643) AND (id <= 8406652))

for: order_ranges
table 1 : explain SELECT c FROM sbtest1 WHERE id BETWEEN 6970243 AND 6970252 ORDER BY c
	Sort  (cost=44.67..44.70 rows=11 width=121)
	  Sort Key: c
	  ->  Index Scan using sbtest1_pkey on sbtest1  (cost=0.43..44.48 rows=11 width=121)
	        Index Cond: ((id >= 6970243) AND (id <= 6970252))

table 2 : explain SELECT c FROM sbtest2 WHERE id BETWEEN 166551 AND 166560 ORDER BY c
	Sort  (cost=41.05..41.08 rows=10 width=121)
	  Sort Key: c
	  ->  Index Scan using sbtest2_pkey on sbtest2  (cost=0.43..40.89 rows=10 width=121)
	        Index Cond: ((id >= 166551) AND (id <= 166560))

table 3 : explain SELECT c FROM sbtest3 WHERE id BETWEEN 7012432 AND 7012441 ORDER BY c
	Sort  (cost=40.90..40.93 rows=10 width=121)
	  Sort Key: c
	  ->  Index Scan using sbtest3_pkey on sbtest3  (cost=0.43..40.73 rows=10 width=121)
	        Index Cond: ((id >= 7012432) AND (id <= 7012441))

table 4 : explain SELECT c FROM sbtest4 WHERE id BETWEEN 6775325 AND 6775334 ORDER BY c
	Sort  (cost=37.02..37.04 rows=9 width=121)
	  Sort Key: c
	  ->  Index Scan using sbtest4_pkey on sbtest4  (cost=0.43..36.88 rows=9 width=121)
	        Index Cond: ((id >= 6775325) AND (id <= 6775334))

table 5 : explain SELECT c FROM sbtest5 WHERE id BETWEEN 427152 AND 427161 ORDER BY c
	Sort  (cost=40.87..40.89 rows=10 width=121)
	  Sort Key: c
	  ->  Index Scan using sbtest5_pkey on sbtest5  (cost=0.43..40.70 rows=10 width=121)
	        Index Cond: ((id >= 427152) AND (id <= 427161))

table 6 : explain SELECT c FROM sbtest6 WHERE id BETWEEN 7760022 AND 7760031 ORDER BY c
	Sort  (cost=44.50..44.52 rows=11 width=121)
	  Sort Key: c
	  ->  Index Scan using sbtest6_pkey on sbtest6  (cost=0.43..44.31 rows=11 width=121)
	        Index Cond: ((id >= 7760022) AND (id <= 7760031))

table 7 : explain SELECT c FROM sbtest7 WHERE id BETWEEN 8371699 AND 8371708 ORDER BY c
	Sort  (cost=44.53..44.55 rows=11 width=121)
	  Sort Key: c
	  ->  Index Scan using sbtest7_pkey on sbtest7  (cost=0.43..44.34 rows=11 width=121)
	        Index Cond: ((id >= 8371699) AND (id <= 8371708))

table 8 : explain SELECT c FROM sbtest8 WHERE id BETWEEN 5990229 AND 5990238 ORDER BY c
	Sort  (cost=40.50..40.53 rows=10 width=121)
	  Sort Key: c
	  ->  Index Scan using sbtest8_pkey on sbtest8  (cost=0.43..40.34 rows=10 width=121)
	        Index Cond: ((id >= 5990229) AND (id <= 5990238))

explain: for point_selects :: explain SELECT c FROM sbtest%u WHERE id=%u
for: order_ranges
table 1 : explain SELECT c FROM sbtest1 WHERE id BETWEEN 2246706 AND 2246715 ORDER BY c
	Sort  (cost=44.67..44.70 rows=11 width=121)
	  Sort Key: c
	  ->  Index Scan using sbtest1_pkey on sbtest1  (cost=0.43..44.48 rows=11 width=121)
	        Index Cond: ((id >= 2246706) AND (id <= 2246715))

table 2 : explain SELECT c FROM sbtest2 WHERE id BETWEEN 1361667 AND 1361676 ORDER BY c
	Sort  (cost=41.05..41.08 rows=10 width=121)
	  Sort Key: c
	  ->  Index Scan using sbtest2_pkey on sbtest2  (cost=0.43..40.89 rows=10 width=121)
	        Index Cond: ((id >= 1361667) AND (id <= 1361676))

table 3 : explain SELECT c FROM sbtest3 WHERE id BETWEEN 3891337 AND 3891346 ORDER BY c
	Sort  (cost=40.90..40.93 rows=10 width=121)
	  Sort Key: c
	  ->  Index Scan using sbtest3_pkey on sbtest3  (cost=0.43..40.73 rows=10 width=121)
	        Index Cond: ((id >= 3891337) AND (id <= 3891346))

table 4 : explain SELECT c FROM sbtest4 WHERE id BETWEEN 299950 AND 299959 ORDER BY c
	Sort  (cost=44.18..44.20 rows=11 width=121)
	  Sort Key: c
	  ->  Index Scan using sbtest4_pkey on sbtest4  (cost=0.43..43.98 rows=11 width=121)
	        Index Cond: ((id >= 299950) AND (id <= 299959))

table 5 : explain SELECT c FROM sbtest5 WHERE id BETWEEN 7290123 AND 7290132 ORDER BY c
	Sort  (cost=40.87..40.89 rows=10 width=121)
	  Sort Key: c
	  ->  Index Scan using sbtest5_pkey on sbtest5  (cost=0.43..40.70 rows=10 width=121)
	        Index Cond: ((id >= 7290123) AND (id <= 7290132))

table 6 : explain SELECT c FROM sbtest6 WHERE id BETWEEN 8997845 AND 8997854 ORDER BY c
	Sort  (cost=37.28..37.30 rows=9 width=121)
	  Sort Key: c
	  ->  Index Scan using sbtest6_pkey on sbtest6  (cost=0.43..37.14 rows=9 width=121)
	        Index Cond: ((id >= 8997845) AND (id <= 8997854))

table 7 : explain SELECT c FROM sbtest7 WHERE id BETWEEN 1931380 AND 1931389 ORDER BY c
	Sort  (cost=40.91..40.94 rows=10 width=121)
	  Sort Key: c
	  ->  Index Scan using sbtest7_pkey on sbtest7  (cost=0.43..40.75 rows=10 width=121)
	        Index Cond: ((id >= 1931380) AND (id <= 1931389))

table 8 : explain SELECT c FROM sbtest8 WHERE id BETWEEN 1036593 AND 1036602 ORDER BY c
	Sort  (cost=40.50..40.53 rows=10 width=121)
	  Sort Key: c
	  ->  Index Scan using sbtest8_pkey on sbtest8  (cost=0.43..40.34 rows=10 width=121)
	        Index Cond: ((id >= 1036593) AND (id <= 1036602))
explain: for inserts :: explain INSERT INTO sbtest%u (id, k, c, pad) VALUES (%u, 13, 'foobar', 'foobar')

explain: for index_updates :: explain UPDATE sbtest%u SET k=k+1 WHERE id=%u
explain: for non_index_updates :: explain UPDATE sbtest%u SET c='foobar' WHERE id=%u
for: simple_ranges
table 1 : explain SELECT c FROM sbtest1 WHERE id BETWEEN 2955105 AND 2955114
	Index Scan using sbtest1_pkey on sbtest1  (cost=0.43..44.48 rows=11 width=121)
	  Index Cond: ((id >= 2955105) AND (id <= 2955114))

table 2 : explain SELECT c FROM sbtest2 WHERE id BETWEEN 230403 AND 230412
	Index Scan using sbtest2_pkey on sbtest2  (cost=0.43..40.89 rows=10 width=121)
	  Index Cond: ((id >= 230403) AND (id <= 230412))

table 3 : explain SELECT c FROM sbtest3 WHERE id BETWEEN 8098048 AND 8098057
	Index Scan using sbtest3_pkey on sbtest3  (cost=0.43..44.32 rows=11 width=121)
	  Index Cond: ((id >= 8098048) AND (id <= 8098057))

table 4 : explain SELECT c FROM sbtest4 WHERE id BETWEEN 7294860 AND 7294869
	Index Scan using sbtest4_pkey on sbtest4  (cost=0.43..40.43 rows=10 width=121)
	  Index Cond: ((id >= 7294860) AND (id <= 7294869))

table 5 : explain SELECT c FROM sbtest5 WHERE id BETWEEN 7865606 AND 7865615
	Index Scan using sbtest5_pkey on sbtest5  (cost=0.43..40.70 rows=10 width=121)
	  Index Cond: ((id >= 7865606) AND (id <= 7865615))

table 6 : explain SELECT c FROM sbtest6 WHERE id BETWEEN 36403 AND 36412
	Index Scan using sbtest6_pkey on sbtest6  (cost=0.43..40.72 rows=10 width=121)
	  Index Cond: ((id >= 36403) AND (id <= 36412))

table 7 : explain SELECT c FROM sbtest7 WHERE id BETWEEN 2495882 AND 2495891
	Index Scan using sbtest7_pkey on sbtest7  (cost=0.43..40.75 rows=10 width=121)
	  Index Cond: ((id >= 2495882) AND (id <= 2495891))

table 8 : explain SELECT c FROM sbtest8 WHERE id BETWEEN 2582534 AND 2582543
	Index Scan using sbtest8_pkey on sbtest8  (cost=0.43..36.79 rows=9 width=121)
	  Index Cond: ((id >= 2582534) AND (id <= 2582543))

explain: for index_updates :: explain UPDATE sbtest%u SET k=k+1 WHERE id=%u
for: simple_ranges
table 1 : explain SELECT c FROM sbtest1 WHERE id BETWEEN 5951013 AND 5951022
	Index Scan using sbtest1_pkey on sbtest1  (cost=0.43..40.88 rows=10 width=121)
	  Index Cond: ((id >= 5951013) AND (id <= 5951022))

table 2 : explain SELECT c FROM sbtest2 WHERE id BETWEEN 9817463 AND 9817472
	Index Scan using sbtest2_pkey on sbtest2  (cost=0.43..40.89 rows=10 width=121)
	  Index Cond: ((id >= 9817463) AND (id <= 9817472))

table 3 : explain SELECT c FROM sbtest3 WHERE id BETWEEN 618281 AND 618290
	Index Scan using sbtest3_pkey on sbtest3  (cost=0.43..37.15 rows=9 width=121)
	  Index Cond: ((id >= 618281) AND (id <= 618290))

table 4 : explain SELECT c FROM sbtest4 WHERE id BETWEEN 2887354 AND 2887363
	Index Scan using sbtest4_pkey on sbtest4  (cost=0.43..40.43 rows=10 width=121)
	  Index Cond: ((id >= 2887354) AND (id <= 2887363))

table 5 : explain SELECT c FROM sbtest5 WHERE id BETWEEN 9051126 AND 9051135
	Index Scan using sbtest5_pkey on sbtest5  (cost=0.43..37.12 rows=9 width=121)
	  Index Cond: ((id >= 9051126) AND (id <= 9051135))

table 6 : explain SELECT c FROM sbtest6 WHERE id BETWEEN 5787726 AND 5787735
	Index Scan using sbtest6_pkey on sbtest6  (cost=0.43..40.72 rows=10 width=121)
	  Index Cond: ((id >= 5787726) AND (id <= 5787735))

table 7 : explain SELECT c FROM sbtest7 WHERE id BETWEEN 5371644 AND 5371653
	Index Scan using sbtest7_pkey on sbtest7  (cost=0.43..44.34 rows=11 width=121)
	  Index Cond: ((id >= 5371644) AND (id <= 5371653))

table 8 : explain SELECT c FROM sbtest8 WHERE id BETWEEN 3003838 AND 3003847
	Index Scan using sbtest8_pkey on sbtest8  (cost=0.43..43.88 rows=11 width=121)
	  Index Cond: ((id >= 3003838) AND (id <= 3003847))

for: sum_ranges
table 1 : explain SELECT SUM(k) FROM sbtest1 WHERE id BETWEEN 6449385 AND 6449394
	Aggregate  (cost=37.30..37.31 rows=1 width=8)
	  ->  Index Scan using sbtest1_pkey on sbtest1  (cost=0.43..37.28 rows=9 width=4)
	        Index Cond: ((id >= 6449385) AND (id <= 6449394))

table 2 : explain SELECT SUM(k) FROM sbtest2 WHERE id BETWEEN 8953256 AND 8953265
	Aggregate  (cost=40.91..40.92 rows=1 width=8)
	  ->  Index Scan using sbtest2_pkey on sbtest2  (cost=0.43..40.89 rows=10 width=4)
	        Index Cond: ((id >= 8953256) AND (id <= 8953265))

table 3 : explain SELECT SUM(k) FROM sbtest3 WHERE id BETWEEN 60804 AND 60813
	Aggregate  (cost=44.35..44.36 rows=1 width=8)
	  ->  Index Scan using sbtest3_pkey on sbtest3  (cost=0.43..44.32 rows=11 width=4)
	        Index Cond: ((id >= 60804) AND (id <= 60813))

table 4 : explain SELECT SUM(k) FROM sbtest4 WHERE id BETWEEN 8417282 AND 8417291
	Aggregate  (cost=40.46..40.47 rows=1 width=8)
	  ->  Index Scan using sbtest4_pkey on sbtest4  (cost=0.43..40.43 rows=10 width=4)
	        Index Cond: ((id >= 8417282) AND (id <= 8417291))

table 5 : explain SELECT SUM(k) FROM sbtest5 WHERE id BETWEEN 3433026 AND 3433035
	Aggregate  (cost=40.73..40.74 rows=1 width=8)
	  ->  Index Scan using sbtest5_pkey on sbtest5  (cost=0.43..40.70 rows=10 width=4)
	        Index Cond: ((id >= 3433026) AND (id <= 3433035))

table 6 : explain SELECT SUM(k) FROM sbtest6 WHERE id BETWEEN 2268323 AND 2268332
	Aggregate  (cost=40.75..40.76 rows=1 width=8)
	  ->  Index Scan using sbtest6_pkey on sbtest6  (cost=0.43..40.72 rows=10 width=4)
	        Index Cond: ((id >= 2268323) AND (id <= 2268332))

table 7 : explain SELECT SUM(k) FROM sbtest7 WHERE id BETWEEN 5068331 AND 5068340
	Aggregate  (cost=37.18..37.19 rows=1 width=8)
	  ->  Index Scan using sbtest7_pkey on sbtest7  (cost=0.43..37.16 rows=9 width=4)
	        Index Cond: ((id >= 5068331) AND (id <= 5068340))

table 8 : explain SELECT SUM(k) FROM sbtest8 WHERE id BETWEEN 4855771 AND 4855780
	Aggregate  (cost=40.36..40.37 rows=1 width=8)
	  ->  Index Scan using sbtest8_pkey on sbtest8  (cost=0.43..40.34 rows=10 width=4)
	        Index Cond: ((id >= 4855771) AND (id <= 4855780))

explain: for non_index_updates :: explain UPDATE sbtest%u SET c='foobar' WHERE id=%u
explain: for non_index_updates :: explain UPDATE sbtest%u SET c='foobar' WHERE id=%u
for: order_ranges
table 1 : explain SELECT c FROM sbtest1 WHERE id BETWEEN 9801849 AND 9801858 ORDER BY c
	Sort  (cost=41.04..41.07 rows=10 width=121)
	  Sort Key: c
	  ->  Index Scan using sbtest1_pkey on sbtest1  (cost=0.43..40.88 rows=10 width=121)
	        Index Cond: ((id >= 9801849) AND (id <= 9801858))

table 2 : explain SELECT c FROM sbtest2 WHERE id BETWEEN 3158905 AND 3158914 ORDER BY c
	Sort  (cost=37.43..37.45 rows=9 width=121)
	  Sort Key: c
	  ->  Index Scan using sbtest2_pkey on sbtest2  (cost=0.43..37.28 rows=9 width=121)
	        Index Cond: ((id >= 3158905) AND (id <= 3158914))

table 3 : explain SELECT c FROM sbtest3 WHERE id BETWEEN 2754948 AND 2754957 ORDER BY c
	Sort  (cost=40.90..40.93 rows=10 width=121)
	  Sort Key: c
	  ->  Index Scan using sbtest3_pkey on sbtest3  (cost=0.43..40.73 rows=10 width=121)
	        Index Cond: ((id >= 2754948) AND (id <= 2754957))

table 4 : explain SELECT c FROM sbtest4 WHERE id BETWEEN 4628725 AND 4628734 ORDER BY c
	Sort  (cost=40.60..40.62 rows=10 width=121)
	  Sort Key: c
	  ->  Index Scan using sbtest4_pkey on sbtest4  (cost=0.43..40.43 rows=10 width=121)
	        Index Cond: ((id >= 4628725) AND (id <= 4628734))

table 5 : explain SELECT c FROM sbtest5 WHERE id BETWEEN 7329596 AND 7329605 ORDER BY c
	Sort  (cost=40.87..40.89 rows=10 width=121)
	  Sort Key: c
	  ->  Index Scan using sbtest5_pkey on sbtest5  (cost=0.43..40.70 rows=10 width=121)
	        Index Cond: ((id >= 7329596) AND (id <= 7329605))

table 6 : explain SELECT c FROM sbtest6 WHERE id BETWEEN 1508109 AND 1508118 ORDER BY c
	Sort  (cost=37.28..37.30 rows=9 width=121)
	  Sort Key: c
	  ->  Index Scan using sbtest6_pkey on sbtest6  (cost=0.43..37.14 rows=9 width=121)
	        Index Cond: ((id >= 1508109) AND (id <= 1508118))

table 7 : explain SELECT c FROM sbtest7 WHERE id BETWEEN 9087605 AND 9087614 ORDER BY c
	Sort  (cost=44.53..44.55 rows=11 width=121)
	  Sort Key: c
	  ->  Index Scan using sbtest7_pkey on sbtest7  (cost=0.43..44.34 rows=11 width=121)
	        Index Cond: ((id >= 9087605) AND (id <= 9087614))

table 8 : explain SELECT c FROM sbtest8 WHERE id BETWEEN 5707050 AND 5707059 ORDER BY c
	Sort  (cost=40.50..40.53 rows=10 width=121)
	  Sort Key: c
	  ->  Index Scan using sbtest8_pkey on sbtest8  (cost=0.43..40.34 rows=10 width=121)
	        Index Cond: ((id >= 5707050) AND (id <= 5707059))

for index_updates
table 1 : explain UPDATE sbtest1 SET k=k+1 WHERE id=9485999
	Update on sbtest1  (cost=0.43..8.46 rows=0 width=0)
	  ->  Index Scan using sbtest1_pkey on sbtest1  (cost=0.43..8.46 rows=1 width=10)
	        Index Cond: (id = 9485999)

table 2 : explain UPDATE sbtest2 SET k=k+1 WHERE id=8057914
	Update on sbtest2  (cost=0.43..8.46 rows=0 width=0)
	  ->  Index Scan using sbtest2_pkey on sbtest2  (cost=0.43..8.46 rows=1 width=10)
	        Index Cond: (id = 8057914)

table 3 : explain UPDATE sbtest3 SET k=k+1 WHERE id=586813
	Update on sbtest3  (cost=0.43..8.46 rows=0 width=0)
	  ->  Index Scan using sbtest3_pkey on sbtest3  (cost=0.43..8.46 rows=1 width=10)
	        Index Cond: (id = 586813)

table 4 : explain UPDATE sbtest4 SET k=k+1 WHERE id=9882295
	Update on sbtest4  (cost=0.43..8.46 rows=0 width=0)
	  ->  Index Scan using sbtest4_pkey on sbtest4  (cost=0.43..8.46 rows=1 width=10)
	        Index Cond: (id = 9882295)

table 5 : explain UPDATE sbtest5 SET k=k+1 WHERE id=9128350
	Update on sbtest5  (cost=0.43..8.46 rows=0 width=0)
	  ->  Index Scan using sbtest5_pkey on sbtest5  (cost=0.43..8.46 rows=1 width=10)
	        Index Cond: (id = 9128350)

table 6 : explain UPDATE sbtest6 SET k=k+1 WHERE id=6419143
	Update on sbtest6  (cost=0.43..8.46 rows=0 width=0)
	  ->  Index Scan using sbtest6_pkey on sbtest6  (cost=0.43..8.46 rows=1 width=10)
	        Index Cond: (id = 6419143)

table 7 : explain UPDATE sbtest7 SET k=k+1 WHERE id=3632332
	Update on sbtest7  (cost=0.43..8.46 rows=0 width=0)
	  ->  Index Scan using sbtest7_pkey on sbtest7  (cost=0.43..8.46 rows=1 width=10)
	        Index Cond: (id = 3632332)

table 8 : explain UPDATE sbtest8 SET k=k+1 WHERE id=6403952
	Update on sbtest8  (cost=0.43..8.46 rows=0 width=0)
	  ->  Index Scan using sbtest8_pkey on sbtest8  (cost=0.43..8.46 rows=1 width=10)
	        Index Cond: (id = 6403952)

for deletes
table 1 : explain DELETE FROM sbtest1 WHERE id=756574
	Delete on sbtest1  (cost=0.43..8.45 rows=0 width=0)
	  ->  Index Scan using sbtest1_pkey on sbtest1  (cost=0.43..8.45 rows=1 width=6)
	        Index Cond: (id = 756574)

table 2 : explain DELETE FROM sbtest2 WHERE id=5087744
	Delete on sbtest2  (cost=0.43..8.45 rows=0 width=0)
	  ->  Index Scan using sbtest2_pkey on sbtest2  (cost=0.43..8.45 rows=1 width=6)
	        Index Cond: (id = 5087744)

table 3 : explain DELETE FROM sbtest3 WHERE id=31067
	Delete on sbtest3  (cost=0.43..8.45 rows=0 width=0)
	  ->  Index Scan using sbtest3_pkey on sbtest3  (cost=0.43..8.45 rows=1 width=6)
	        Index Cond: (id = 31067)

table 4 : explain DELETE FROM sbtest4 WHERE id=1478323
	Delete on sbtest4  (cost=0.43..8.45 rows=0 width=0)
	  ->  Index Scan using sbtest4_pkey on sbtest4  (cost=0.43..8.45 rows=1 width=6)
	        Index Cond: (id = 1478323)

table 5 : explain DELETE FROM sbtest5 WHERE id=2194077
	Delete on sbtest5  (cost=0.43..8.45 rows=0 width=0)
	  ->  Index Scan using sbtest5_pkey on sbtest5  (cost=0.43..8.45 rows=1 width=6)
	        Index Cond: (id = 2194077)

table 6 : explain DELETE FROM sbtest6 WHERE id=6533464
	Delete on sbtest6  (cost=0.43..8.45 rows=0 width=0)
	  ->  Index Scan using sbtest6_pkey on sbtest6  (cost=0.43..8.45 rows=1 width=6)
	        Index Cond: (id = 6533464)

table 7 : explain DELETE FROM sbtest7 WHERE id=4319875
	Delete on sbtest7  (cost=0.43..8.45 rows=0 width=0)
	  ->  Index Scan using sbtest7_pkey on sbtest7  (cost=0.43..8.45 rows=1 width=6)
	        Index Cond: (id = 4319875)

table 8 : explain DELETE FROM sbtest8 WHERE id=4137878
	Delete on sbtest8  (cost=0.43..8.45 rows=0 width=0)
	  ->  Index Scan using sbtest8_pkey on sbtest8  (cost=0.43..8.45 rows=1 width=6)
	        Index Cond: (id = 4137878)

for: distinct_ranges
table 1 : explain SELECT DISTINCT c FROM sbtest1 WHERE id BETWEEN 6749973 AND 6749982 ORDER BY c
	Unique  (cost=44.67..44.73 rows=11 width=121)
	  ->  Sort  (cost=44.67..44.70 rows=11 width=121)
	        Sort Key: c
	        ->  Index Scan using sbtest1_pkey on sbtest1  (cost=0.43..44.48 rows=11 width=121)
	              Index Cond: ((id >= 6749973) AND (id <= 6749982))

table 2 : explain SELECT DISTINCT c FROM sbtest2 WHERE id BETWEEN 5843884 AND 5843893 ORDER BY c
	Unique  (cost=41.05..41.10 rows=10 width=121)
	  ->  Sort  (cost=41.05..41.08 rows=10 width=121)
	        Sort Key: c
	        ->  Index Scan using sbtest2_pkey on sbtest2  (cost=0.43..40.89 rows=10 width=121)
	              Index Cond: ((id >= 5843884) AND (id <= 5843893))

table 3 : explain SELECT DISTINCT c FROM sbtest3 WHERE id BETWEEN 3287447 AND 3287456 ORDER BY c
	Unique  (cost=37.29..37.34 rows=9 width=121)
	  ->  Sort  (cost=37.29..37.31 rows=9 width=121)
	        Sort Key: c
	        ->  Index Scan using sbtest3_pkey on sbtest3  (cost=0.43..37.15 rows=9 width=121)
	              Index Cond: ((id >= 3287447) AND (id <= 3287456))

table 4 : explain SELECT DISTINCT c FROM sbtest4 WHERE id BETWEEN 6021754 AND 6021763 ORDER BY c
	Unique  (cost=44.18..44.23 rows=11 width=121)
	  ->  Sort  (cost=44.18..44.20 rows=11 width=121)
	        Sort Key: c
	        ->  Index Scan using sbtest4_pkey on sbtest4  (cost=0.43..43.98 rows=11 width=121)
	              Index Cond: ((id >= 6021754) AND (id <= 6021763))

table 5 : explain SELECT DISTINCT c FROM sbtest5 WHERE id BETWEEN 545407 AND 545416 ORDER BY c
	Unique  (cost=37.26..37.31 rows=9 width=121)
	  ->  Sort  (cost=37.26..37.29 rows=9 width=121)
	        Sort Key: c
	        ->  Index Scan using sbtest5_pkey on sbtest5  (cost=0.43..37.12 rows=9 width=121)
	              Index Cond: ((id >= 545407) AND (id <= 545416))

table 6 : explain SELECT DISTINCT c FROM sbtest6 WHERE id BETWEEN 2293217 AND 2293226 ORDER BY c
	Unique  (cost=40.89..40.94 rows=10 width=121)
	  ->  Sort  (cost=40.89..40.91 rows=10 width=121)
	        Sort Key: c
	        ->  Index Scan using sbtest6_pkey on sbtest6  (cost=0.43..40.72 rows=10 width=121)
	              Index Cond: ((id >= 2293217) AND (id <= 2293226))

table 7 : explain SELECT DISTINCT c FROM sbtest7 WHERE id BETWEEN 7026695 AND 7026704 ORDER BY c
	Unique  (cost=44.53..44.58 rows=11 width=121)
	  ->  Sort  (cost=44.53..44.55 rows=11 width=121)
	        Sort Key: c
	        ->  Index Scan using sbtest7_pkey on sbtest7  (cost=0.43..44.34 rows=11 width=121)
	              Index Cond: ((id >= 7026695) AND (id <= 7026704))

table 8 : explain SELECT DISTINCT c FROM sbtest8 WHERE id BETWEEN 4285665 AND 4285674 ORDER BY c
	Unique  (cost=40.50..40.55 rows=10 width=121)
	  ->  Sort  (cost=40.50..40.53 rows=10 width=121)
	        Sort Key: c
	        ->  Index Scan using sbtest8_pkey on sbtest8  (cost=0.43..40.34 rows=10 width=121)
	              Index Cond: ((id >= 4285665) AND (id <= 4285674))

for non_index_updates
table 1 : explain UPDATE sbtest1 SET c='foobar' WHERE id=5203737
	Update on sbtest1  (cost=0.43..8.45 rows=0 width=0)
	  ->  Index Scan using sbtest1_pkey on sbtest1  (cost=0.43..8.45 rows=1 width=490)
	        Index Cond: (id = 5203737)

table 2 : explain UPDATE sbtest2 SET c='foobar' WHERE id=5885045
	Update on sbtest2  (cost=0.43..8.45 rows=0 width=0)
	  ->  Index Scan using sbtest2_pkey on sbtest2  (cost=0.43..8.45 rows=1 width=490)
	        Index Cond: (id = 5885045)

table 3 : explain UPDATE sbtest3 SET c='foobar' WHERE id=1870934
	Update on sbtest3  (cost=0.43..8.45 rows=0 width=0)
	  ->  Index Scan using sbtest3_pkey on sbtest3  (cost=0.43..8.45 rows=1 width=490)
	        Index Cond: (id = 1870934)

table 4 : explain UPDATE sbtest4 SET c='foobar' WHERE id=8181736
	Update on sbtest4  (cost=0.43..8.45 rows=0 width=0)
	  ->  Index Scan using sbtest4_pkey on sbtest4  (cost=0.43..8.45 rows=1 width=490)
	        Index Cond: (id = 8181736)

table 5 : explain UPDATE sbtest5 SET c='foobar' WHERE id=8969488
	Update on sbtest5  (cost=0.43..8.45 rows=0 width=0)
	  ->  Index Scan using sbtest5_pkey on sbtest5  (cost=0.43..8.45 rows=1 width=490)
	        Index Cond: (id = 8969488)

table 6 : explain UPDATE sbtest6 SET c='foobar' WHERE id=4920995
	Update on sbtest6  (cost=0.43..8.45 rows=0 width=0)
	  ->  Index Scan using sbtest6_pkey on sbtest6  (cost=0.43..8.45 rows=1 width=490)
	        Index Cond: (id = 4920995)

table 7 : explain UPDATE sbtest7 SET c='foobar' WHERE id=4786582
	Update on sbtest7  (cost=0.43..8.45 rows=0 width=0)
	  ->  Index Scan using sbtest7_pkey on sbtest7  (cost=0.43..8.45 rows=1 width=490)
	        Index Cond: (id = 4786582)

table 8 : explain UPDATE sbtest8 SET c='foobar' WHERE id=3077100
	Update on sbtest8  (cost=0.43..8.45 rows=0 width=0)
	  ->  Index Scan using sbtest8_pkey on sbtest8  (cost=0.43..8.45 rows=1 width=490)
	        Index Cond: (id = 3077100)

explain: for non_index_updates :: explain UPDATE sbtest%u SET c='foobar' WHERE id=%u
explain: for index_updates :: explain UPDATE sbtest%u SET k=k+1 WHERE id=%u
for non_index_updates
table 1 : explain UPDATE sbtest1 SET c='foobar' WHERE id=5166574
	Update on sbtest1  (cost=0.43..8.45 rows=0 width=0)
	  ->  Index Scan using sbtest1_pkey on sbtest1  (cost=0.43..8.45 rows=1 width=490)
	        Index Cond: (id = 5166574)

table 2 : explain UPDATE sbtest2 SET c='foobar' WHERE id=8087050
	Update on sbtest2  (cost=0.43..8.45 rows=0 width=0)
	  ->  Index Scan using sbtest2_pkey on sbtest2  (cost=0.43..8.45 rows=1 width=490)
	        Index Cond: (id = 8087050)

table 3 : explain UPDATE sbtest3 SET c='foobar' WHERE id=8759131
	Update on sbtest3  (cost=0.43..8.45 rows=0 width=0)
	  ->  Index Scan using sbtest3_pkey on sbtest3  (cost=0.43..8.45 rows=1 width=490)
	        Index Cond: (id = 8759131)

table 4 : explain UPDATE sbtest4 SET c='foobar' WHERE id=5080061
	Update on sbtest4  (cost=0.43..8.45 rows=0 width=0)
	  ->  Index Scan using sbtest4_pkey on sbtest4  (cost=0.43..8.45 rows=1 width=490)
	        Index Cond: (id = 5080061)

table 5 : explain UPDATE sbtest5 SET c='foobar' WHERE id=4162227
	Update on sbtest5  (cost=0.43..8.45 rows=0 width=0)
	  ->  Index Scan using sbtest5_pkey on sbtest5  (cost=0.43..8.45 rows=1 width=490)
	        Index Cond: (id = 4162227)

table 6 : explain UPDATE sbtest6 SET c='foobar' WHERE id=5216889
	Update on sbtest6  (cost=0.43..8.45 rows=0 width=0)
	  ->  Index Scan using sbtest6_pkey on sbtest6  (cost=0.43..8.45 rows=1 width=490)
	        Index Cond: (id = 5216889)

table 7 : explain UPDATE sbtest7 SET c='foobar' WHERE id=9263591
	Update on sbtest7  (cost=0.43..8.45 rows=0 width=0)
	  ->  Index Scan using sbtest7_pkey on sbtest7  (cost=0.43..8.45 rows=1 width=490)
	        Index Cond: (id = 9263591)

table 8 : explain UPDATE sbtest8 SET c='foobar' WHERE id=425621
	Update on sbtest8  (cost=0.43..8.45 rows=0 width=0)
	  ->  Index Scan using sbtest8_pkey on sbtest8  (cost=0.43..8.45 rows=1 width=490)
	        Index Cond: (id = 425621)

for index_updates
table 1 : explain UPDATE sbtest1 SET k=k+1 WHERE id=3114152
	Update on sbtest1  (cost=0.43..8.46 rows=0 width=0)
	  ->  Index Scan using sbtest1_pkey on sbtest1  (cost=0.43..8.46 rows=1 width=10)
	        Index Cond: (id = 3114152)

table 2 : explain UPDATE sbtest2 SET k=k+1 WHERE id=6240091
	Update on sbtest2  (cost=0.43..8.46 rows=0 width=0)
	  ->  Index Scan using sbtest2_pkey on sbtest2  (cost=0.43..8.46 rows=1 width=10)
	        Index Cond: (id = 6240091)

table 3 : explain UPDATE sbtest3 SET k=k+1 WHERE id=5345629
	Update on sbtest3  (cost=0.43..8.46 rows=0 width=0)
	  ->  Index Scan using sbtest3_pkey on sbtest3  (cost=0.43..8.46 rows=1 width=10)
	        Index Cond: (id = 5345629)

table 4 : explain UPDATE sbtest4 SET k=k+1 WHERE id=1406933
	Update on sbtest4  (cost=0.43..8.46 rows=0 width=0)
	  ->  Index Scan using sbtest4_pkey on sbtest4  (cost=0.43..8.46 rows=1 width=10)
	        Index Cond: (id = 1406933)

table 5 : explain UPDATE sbtest5 SET k=k+1 WHERE id=6484335
	Update on sbtest5  (cost=0.43..8.46 rows=0 width=0)
	  ->  Index Scan using sbtest5_pkey on sbtest5  (cost=0.43..8.46 rows=1 width=10)
	        Index Cond: (id = 6484335)

table 6 : explain UPDATE sbtest6 SET k=k+1 WHERE id=9307526
	Update on sbtest6  (cost=0.43..8.46 rows=0 width=0)
	  ->  Index Scan using sbtest6_pkey on sbtest6  (cost=0.43..8.46 rows=1 width=10)
	        Index Cond: (id = 9307526)

table 7 : explain UPDATE sbtest7 SET k=k+1 WHERE id=8732537
	Update on sbtest7  (cost=0.43..8.46 rows=0 width=0)
	  ->  Index Scan using sbtest7_pkey on sbtest7  (cost=0.43..8.46 rows=1 width=10)
	        Index Cond: (id = 8732537)

table 8 : explain UPDATE sbtest8 SET k=k+1 WHERE id=1585547
	Update on sbtest8  (cost=0.43..8.46 rows=0 width=0)
	  ->  Index Scan using sbtest8_pkey on sbtest8  (cost=0.43..8.46 rows=1 width=10)
	        Index Cond: (id = 1585547)

for non_index_updates
table 1 : explain UPDATE sbtest1 SET c='foobar' WHERE id=360833
	Update on sbtest1  (cost=0.43..8.45 rows=0 width=0)
	  ->  Index Scan using sbtest1_pkey on sbtest1  (cost=0.43..8.45 rows=1 width=490)
	        Index Cond: (id = 360833)

table 2 : explain UPDATE sbtest2 SET c='foobar' WHERE id=7845476
	Update on sbtest2  (cost=0.43..8.45 rows=0 width=0)
	  ->  Index Scan using sbtest2_pkey on sbtest2  (cost=0.43..8.45 rows=1 width=490)
	        Index Cond: (id = 7845476)

table 3 : explain UPDATE sbtest3 SET c='foobar' WHERE id=1101190
	Update on sbtest3  (cost=0.43..8.45 rows=0 width=0)
	  ->  Index Scan using sbtest3_pkey on sbtest3  (cost=0.43..8.45 rows=1 width=490)
	        Index Cond: (id = 1101190)

table 4 : explain UPDATE sbtest4 SET c='foobar' WHERE id=1712621
	Update on sbtest4  (cost=0.43..8.45 rows=0 width=0)
	  ->  Index Scan using sbtest4_pkey on sbtest4  (cost=0.43..8.45 rows=1 width=490)
	        Index Cond: (id = 1712621)

table 5 : explain UPDATE sbtest5 SET c='foobar' WHERE id=4935939
	Update on sbtest5  (cost=0.43..8.45 rows=0 width=0)
	  ->  Index Scan using sbtest5_pkey on sbtest5  (cost=0.43..8.45 rows=1 width=490)
	        Index Cond: (id = 4935939)

table 6 : explain UPDATE sbtest6 SET c='foobar' WHERE id=1385508
	Update on sbtest6  (cost=0.43..8.45 rows=0 width=0)
	  ->  Index Scan using sbtest6_pkey on sbtest6  (cost=0.43..8.45 rows=1 width=490)
	        Index Cond: (id = 1385508)

table 7 : explain UPDATE sbtest7 SET c='foobar' WHERE id=4252528
	Update on sbtest7  (cost=0.43..8.45 rows=0 width=0)
	  ->  Index Scan using sbtest7_pkey on sbtest7  (cost=0.43..8.45 rows=1 width=490)
	        Index Cond: (id = 4252528)

table 8 : explain UPDATE sbtest8 SET c='foobar' WHERE id=1082225
	Update on sbtest8  (cost=0.43..8.45 rows=0 width=0)
	  ->  Index Scan using sbtest8_pkey on sbtest8  (cost=0.43..8.45 rows=1 width=490)
	        Index Cond: (id = 1082225)

for: order_ranges
table 1 : explain SELECT c FROM sbtest1 WHERE id BETWEEN 5168579 AND 5168588 ORDER BY c
	Sort  (cost=41.04..41.07 rows=10 width=121)
	  Sort Key: c
	  ->  Index Scan using sbtest1_pkey on sbtest1  (cost=0.43..40.88 rows=10 width=121)
	        Index Cond: ((id >= 5168579) AND (id <= 5168588))

table 2 : explain SELECT c FROM sbtest2 WHERE id BETWEEN 4053167 AND 4053176 ORDER BY c
	Sort  (cost=37.43..37.45 rows=9 width=121)
	  Sort Key: c
	  ->  Index Scan using sbtest2_pkey on sbtest2  (cost=0.43..37.28 rows=9 width=121)
	        Index Cond: ((id >= 4053167) AND (id <= 4053176))

table 3 : explain SELECT c FROM sbtest3 WHERE id BETWEEN 1876974 AND 1876983 ORDER BY c
	Sort  (cost=40.90..40.93 rows=10 width=121)
	  Sort Key: c
	  ->  Index Scan using sbtest3_pkey on sbtest3  (cost=0.43..40.73 rows=10 width=121)
	        Index Cond: ((id >= 1876974) AND (id <= 1876983))

table 4 : explain SELECT c FROM sbtest4 WHERE id BETWEEN 7857293 AND 7857302 ORDER BY c
	Sort  (cost=40.60..40.62 rows=10 width=121)
	  Sort Key: c
	  ->  Index Scan using sbtest4_pkey on sbtest4  (cost=0.43..40.43 rows=10 width=121)
	        Index Cond: ((id >= 7857293) AND (id <= 7857302))

table 5 : explain SELECT c FROM sbtest5 WHERE id BETWEEN 9635492 AND 9635501 ORDER BY c
	Sort  (cost=37.26..37.29 rows=9 width=121)
	  Sort Key: c
	  ->  Index Scan using sbtest5_pkey on sbtest5  (cost=0.43..37.12 rows=9 width=121)
	        Index Cond: ((id >= 9635492) AND (id <= 9635501))

table 6 : explain SELECT c FROM sbtest6 WHERE id BETWEEN 7046361 AND 7046370 ORDER BY c
	Sort  (cost=40.89..40.91 rows=10 width=121)
	  Sort Key: c
	  ->  Index Scan using sbtest6_pkey on sbtest6  (cost=0.43..40.72 rows=10 width=121)
	        Index Cond: ((id >= 7046361) AND (id <= 7046370))

table 7 : explain SELECT c FROM sbtest7 WHERE id BETWEEN 3223833 AND 3223842 ORDER BY c
	Sort  (cost=40.91..40.94 rows=10 width=121)
	  Sort Key: c
	  ->  Index Scan using sbtest7_pkey on sbtest7  (cost=0.43..40.75 rows=10 width=121)
	        Index Cond: ((id >= 3223833) AND (id <= 3223842))

table 8 : explain SELECT c FROM sbtest8 WHERE id BETWEEN 4062751 AND 4062760 ORDER BY c
	Sort  (cost=44.07..44.10 rows=11 width=121)
	  Sort Key: c
	  ->  Index Scan using sbtest8_pkey on sbtest8  (cost=0.43..43.88 rows=11 width=121)
	        Index Cond: ((id >= 4062751) AND (id <= 4062760))

explain: for point_selects :: explain SELECT c FROM sbtest%u WHERE id=%u
explain: for inserts :: explain INSERT INTO sbtest%u (id, k, c, pad) VALUES (%u, 13, 'foobar', 'foobar')
for: sum_ranges
table 1 : explain SELECT SUM(k) FROM sbtest1 WHERE id BETWEEN 7910315 AND 7910324
	Aggregate  (cost=40.90..40.91 rows=1 width=8)
	  ->  Index Scan using sbtest1_pkey on sbtest1  (cost=0.43..40.88 rows=10 width=4)
	        Index Cond: ((id >= 7910315) AND (id <= 7910324))

table 2 : explain SELECT SUM(k) FROM sbtest2 WHERE id BETWEEN 9944383 AND 9944392
	Aggregate  (cost=40.91..40.92 rows=1 width=8)
	  ->  Index Scan using sbtest2_pkey on sbtest2  (cost=0.43..40.89 rows=10 width=4)
	        Index Cond: ((id >= 9944383) AND (id <= 9944392))

table 3 : explain SELECT SUM(k) FROM sbtest3 WHERE id BETWEEN 8861874 AND 8861883
	Aggregate  (cost=44.35..44.36 rows=1 width=8)
	  ->  Index Scan using sbtest3_pkey on sbtest3  (cost=0.43..44.32 rows=11 width=4)
	        Index Cond: ((id >= 8861874) AND (id <= 8861883))

table 4 : explain SELECT SUM(k) FROM sbtest4 WHERE id BETWEEN 2882855 AND 2882864
	Aggregate  (cost=40.46..40.47 rows=1 width=8)
	  ->  Index Scan using sbtest4_pkey on sbtest4  (cost=0.43..40.43 rows=10 width=4)
	        Index Cond: ((id >= 2882855) AND (id <= 2882864))

table 5 : explain SELECT SUM(k) FROM sbtest5 WHERE id BETWEEN 6064544 AND 6064553
	Aggregate  (cost=40.73..40.74 rows=1 width=8)
	  ->  Index Scan using sbtest5_pkey on sbtest5  (cost=0.43..40.70 rows=10 width=4)
	        Index Cond: ((id >= 6064544) AND (id <= 6064553))

table 6 : explain SELECT SUM(k) FROM sbtest6 WHERE id BETWEEN 4171856 AND 4171865
	Aggregate  (cost=44.33..44.34 rows=1 width=8)
	  ->  Index Scan using sbtest6_pkey on sbtest6  (cost=0.43..44.31 rows=11 width=4)
	        Index Cond: ((id >= 4171856) AND (id <= 4171865))

table 7 : explain SELECT SUM(k) FROM sbtest7 WHERE id BETWEEN 9971056 AND 9971065
	Aggregate  (cost=40.77..40.78 rows=1 width=8)
	  ->  Index Scan using sbtest7_pkey on sbtest7  (cost=0.43..40.75 rows=10 width=4)
	        Index Cond: ((id >= 9971056) AND (id <= 9971065))

table 8 : explain SELECT SUM(k) FROM sbtest8 WHERE id BETWEEN 1485312 AND 1485321
	Aggregate  (cost=43.91..43.92 rows=1 width=8)
	  ->  Index Scan using sbtest8_pkey on sbtest8  (cost=0.43..43.88 rows=11 width=4)
	        Index Cond: ((id >= 1485312) AND (id <= 1485321))

for point_selects
table 1 : explain SELECT c FROM sbtest1 WHERE id=1223670
	Index Scan using sbtest1_pkey on sbtest1  (cost=0.43..8.45 rows=1 width=121)
	  Index Cond: (id = 1223670)

table 2 : explain SELECT c FROM sbtest2 WHERE id=1024078
	Index Scan using sbtest2_pkey on sbtest2  (cost=0.43..8.45 rows=1 width=121)
	  Index Cond: (id = 1024078)

table 3 : explain SELECT c FROM sbtest3 WHERE id=1935756
	Index Scan using sbtest3_pkey on sbtest3  (cost=0.43..8.45 rows=1 width=121)
	  Index Cond: (id = 1935756)

table 4 : explain SELECT c FROM sbtest4 WHERE id=1320996
	Index Scan using sbtest4_pkey on sbtest4  (cost=0.43..8.45 rows=1 width=121)
	  Index Cond: (id = 1320996)

table 5 : explain SELECT c FROM sbtest5 WHERE id=6722045
	Index Scan using sbtest5_pkey on sbtest5  (cost=0.43..8.45 rows=1 width=121)
	  Index Cond: (id = 6722045)

table 6 : explain SELECT c FROM sbtest6 WHERE id=1375473
	Index Scan using sbtest6_pkey on sbtest6  (cost=0.43..8.45 rows=1 width=121)
	  Index Cond: (id = 1375473)

table 7 : explain SELECT c FROM sbtest7 WHERE id=5586240
	Index Scan using sbtest7_pkey on sbtest7  (cost=0.43..8.45 rows=1 width=121)
	  Index Cond: (id = 5586240)

table 8 : explain SELECT c FROM sbtest8 WHERE id=8036014
	Index Scan using sbtest8_pkey on sbtest8  (cost=0.43..8.45 rows=1 width=121)
	  Index Cond: (id = 8036014)

for non_index_updates
table 1 : explain UPDATE sbtest1 SET c='foobar' WHERE id=5278422
	Update on sbtest1  (cost=0.43..8.45 rows=0 width=0)
	  ->  Index Scan using sbtest1_pkey on sbtest1  (cost=0.43..8.45 rows=1 width=490)
	        Index Cond: (id = 5278422)

table 2 : explain UPDATE sbtest2 SET c='foobar' WHERE id=1442503
	Update on sbtest2  (cost=0.43..8.45 rows=0 width=0)
	  ->  Index Scan using sbtest2_pkey on sbtest2  (cost=0.43..8.45 rows=1 width=490)
	        Index Cond: (id = 1442503)

table 3 : explain UPDATE sbtest3 SET c='foobar' WHERE id=3824194
	Update on sbtest3  (cost=0.43..8.45 rows=0 width=0)
	  ->  Index Scan using sbtest3_pkey on sbtest3  (cost=0.43..8.45 rows=1 width=490)
	        Index Cond: (id = 3824194)

table 4 : explain UPDATE sbtest4 SET c='foobar' WHERE id=5167244
	Update on sbtest4  (cost=0.43..8.45 rows=0 width=0)
	  ->  Index Scan using sbtest4_pkey on sbtest4  (cost=0.43..8.45 rows=1 width=490)
	        Index Cond: (id = 5167244)

table 5 : explain UPDATE sbtest5 SET c='foobar' WHERE id=1554605
	Update on sbtest5  (cost=0.43..8.45 rows=0 width=0)
	  ->  Index Scan using sbtest5_pkey on sbtest5  (cost=0.43..8.45 rows=1 width=490)
	        Index Cond: (id = 1554605)

table 6 : explain UPDATE sbtest6 SET c='foobar' WHERE id=8431963
	Update on sbtest6  (cost=0.43..8.45 rows=0 width=0)
	  ->  Index Scan using sbtest6_pkey on sbtest6  (cost=0.43..8.45 rows=1 width=490)
	        Index Cond: (id = 8431963)

table 7 : explain UPDATE sbtest7 SET c='foobar' WHERE id=217176
	Update on sbtest7  (cost=0.43..8.45 rows=0 width=0)
	  ->  Index Scan using sbtest7_pkey on sbtest7  (cost=0.43..8.45 rows=1 width=490)
	        Index Cond: (id = 217176)

table 8 : explain UPDATE sbtest8 SET c='foobar' WHERE id=5771550
	Update on sbtest8  (cost=0.43..8.45 rows=0 width=0)
	  ->  Index Scan using sbtest8_pkey on sbtest8  (cost=0.43..8.45 rows=1 width=490)
	        Index Cond: (id = 5771550)

explain: for deletes :: explain DELETE FROM sbtest%u WHERE id=%u
for: sum_ranges
table 1 : explain SELECT SUM(k) FROM sbtest1 WHERE id BETWEEN 8638528 AND 8638537
	Aggregate  (cost=40.90..40.91 rows=1 width=8)
	  ->  Index Scan using sbtest1_pkey on sbtest1  (cost=0.43..40.88 rows=10 width=4)
	        Index Cond: ((id >= 8638528) AND (id <= 8638537))

table 2 : explain SELECT SUM(k) FROM sbtest2 WHERE id BETWEEN 5940927 AND 5940936
	Aggregate  (cost=40.91..40.92 rows=1 width=8)
	  ->  Index Scan using sbtest2_pkey on sbtest2  (cost=0.43..40.89 rows=10 width=4)
	        Index Cond: ((id >= 5940927) AND (id <= 5940936))

table 3 : explain SELECT SUM(k) FROM sbtest3 WHERE id BETWEEN 5501622 AND 5501631
	Aggregate  (cost=40.76..40.77 rows=1 width=8)
	  ->  Index Scan using sbtest3_pkey on sbtest3  (cost=0.43..40.73 rows=10 width=4)
	        Index Cond: ((id >= 5501622) AND (id <= 5501631))

table 4 : explain SELECT SUM(k) FROM sbtest4 WHERE id BETWEEN 5383611 AND 5383620
	Aggregate  (cost=40.46..40.47 rows=1 width=8)
	  ->  Index Scan using sbtest4_pkey on sbtest4  (cost=0.43..40.43 rows=10 width=4)
	        Index Cond: ((id >= 5383611) AND (id <= 5383620))

table 5 : explain SELECT SUM(k) FROM sbtest5 WHERE id BETWEEN 3035104 AND 3035113
	Aggregate  (cost=40.73..40.74 rows=1 width=8)
	  ->  Index Scan using sbtest5_pkey on sbtest5  (cost=0.43..40.70 rows=10 width=4)
	        Index Cond: ((id >= 3035104) AND (id <= 3035113))

table 6 : explain SELECT SUM(k) FROM sbtest6 WHERE id BETWEEN 9425807 AND 9425816
	Aggregate  (cost=40.75..40.76 rows=1 width=8)
	  ->  Index Scan using sbtest6_pkey on sbtest6  (cost=0.43..40.72 rows=10 width=4)
	        Index Cond: ((id >= 9425807) AND (id <= 9425816))

table 7 : explain SELECT SUM(k) FROM sbtest7 WHERE id BETWEEN 1939408 AND 1939417
	Aggregate  (cost=40.77..40.78 rows=1 width=8)
	  ->  Index Scan using sbtest7_pkey on sbtest7  (cost=0.43..40.75 rows=10 width=4)
	        Index Cond: ((id >= 1939408) AND (id <= 1939417))

table 8 : explain SELECT SUM(k) FROM sbtest8 WHERE id BETWEEN 8458403 AND 8458412
	Aggregate  (cost=40.36..40.37 rows=1 width=8)
	  ->  Index Scan using sbtest8_pkey on sbtest8  (cost=0.43..40.34 rows=10 width=4)
	        Index Cond: ((id >= 8458403) AND (id <= 8458412))

for index_updates
table 1 : explain UPDATE sbtest1 SET k=k+1 WHERE id=216543
	Update on sbtest1  (cost=0.43..8.46 rows=0 width=0)
	  ->  Index Scan using sbtest1_pkey on sbtest1  (cost=0.43..8.46 rows=1 width=10)
	        Index Cond: (id = 216543)

table 2 : explain UPDATE sbtest2 SET k=k+1 WHERE id=8534954
	Update on sbtest2  (cost=0.43..8.46 rows=0 width=0)
	  ->  Index Scan using sbtest2_pkey on sbtest2  (cost=0.43..8.46 rows=1 width=10)
	        Index Cond: (id = 8534954)

table 3 : explain UPDATE sbtest3 SET k=k+1 WHERE id=3856933
	Update on sbtest3  (cost=0.43..8.46 rows=0 width=0)
	  ->  Index Scan using sbtest3_pkey on sbtest3  (cost=0.43..8.46 rows=1 width=10)
	        Index Cond: (id = 3856933)

table 4 : explain UPDATE sbtest4 SET k=k+1 WHERE id=3612955
	Update on sbtest4  (cost=0.43..8.46 rows=0 width=0)
	  ->  Index Scan using sbtest4_pkey on sbtest4  (cost=0.43..8.46 rows=1 width=10)
	        Index Cond: (id = 3612955)

table 5 : explain UPDATE sbtest5 SET k=k+1 WHERE id=4281626
	Update on sbtest5  (cost=0.43..8.46 rows=0 width=0)
	  ->  Index Scan using sbtest5_pkey on sbtest5  (cost=0.43..8.46 rows=1 width=10)
	        Index Cond: (id = 4281626)

table 6 : explain UPDATE sbtest6 SET k=k+1 WHERE id=6173455
	Update on sbtest6  (cost=0.43..8.46 rows=0 width=0)
	  ->  Index Scan using sbtest6_pkey on sbtest6  (cost=0.43..8.46 rows=1 width=10)
	        Index Cond: (id = 6173455)

table 7 : explain UPDATE sbtest7 SET k=k+1 WHERE id=1966153
	Update on sbtest7  (cost=0.43..8.46 rows=0 width=0)
	  ->  Index Scan using sbtest7_pkey on sbtest7  (cost=0.43..8.46 rows=1 width=10)
	        Index Cond: (id = 1966153)

table 8 : explain UPDATE sbtest8 SET k=k+1 WHERE id=6809589
	Update on sbtest8  (cost=0.43..8.46 rows=0 width=0)
	  ->  Index Scan using sbtest8_pkey on sbtest8  (cost=0.43..8.46 rows=1 width=10)
	        Index Cond: (id = 6809589)

explain: for deletes :: explain DELETE FROM sbtest%u WHERE id=%u
for: sum_ranges
table 1 : explain SELECT SUM(k) FROM sbtest1 WHERE id BETWEEN 3177048 AND 3177057
	Aggregate  (cost=40.90..40.91 rows=1 width=8)
	  ->  Index Scan using sbtest1_pkey on sbtest1  (cost=0.43..40.88 rows=10 width=4)
	        Index Cond: ((id >= 3177048) AND (id <= 3177057))

table 2 : explain SELECT SUM(k) FROM sbtest2 WHERE id BETWEEN 808881 AND 808890
	Aggregate  (cost=44.52..44.53 rows=1 width=8)
	  ->  Index Scan using sbtest2_pkey on sbtest2  (cost=0.43..44.49 rows=11 width=4)
	        Index Cond: ((id >= 808881) AND (id <= 808890))

table 3 : explain SELECT SUM(k) FROM sbtest3 WHERE id BETWEEN 9687308 AND 9687317
	Aggregate  (cost=40.76..40.77 rows=1 width=8)
	  ->  Index Scan using sbtest3_pkey on sbtest3  (cost=0.43..40.73 rows=10 width=4)
	        Index Cond: ((id >= 9687308) AND (id <= 9687317))

table 4 : explain SELECT SUM(k) FROM sbtest4 WHERE id BETWEEN 7936615 AND 7936624
	Aggregate  (cost=40.46..40.47 rows=1 width=8)
	  ->  Index Scan using sbtest4_pkey on sbtest4  (cost=0.43..40.43 rows=10 width=4)
	        Index Cond: ((id >= 7936615) AND (id <= 7936624))

table 5 : explain SELECT SUM(k) FROM sbtest5 WHERE id BETWEEN 9550728 AND 9550737
	Aggregate  (cost=37.14..37.15 rows=1 width=8)
	  ->  Index Scan using sbtest5_pkey on sbtest5  (cost=0.43..37.12 rows=9 width=4)
	        Index Cond: ((id >= 9550728) AND (id <= 9550737))

table 6 : explain SELECT SUM(k) FROM sbtest6 WHERE id BETWEEN 3371484 AND 3371493
	Aggregate  (cost=37.16..37.17 rows=1 width=8)
	  ->  Index Scan using sbtest6_pkey on sbtest6  (cost=0.43..37.14 rows=9 width=4)
	        Index Cond: ((id >= 3371484) AND (id <= 3371493))

table 7 : explain SELECT SUM(k) FROM sbtest7 WHERE id BETWEEN 5754092 AND 5754101
	Aggregate  (cost=40.77..40.78 rows=1 width=8)
	  ->  Index Scan using sbtest7_pkey on sbtest7  (cost=0.43..40.75 rows=10 width=4)
	        Index Cond: ((id >= 5754092) AND (id <= 5754101))

table 8 : explain SELECT SUM(k) FROM sbtest8 WHERE id BETWEEN 3025058 AND 3025067
	Aggregate  (cost=40.36..40.37 rows=1 width=8)
	  ->  Index Scan using sbtest8_pkey on sbtest8  (cost=0.43..40.34 rows=10 width=4)
	        Index Cond: ((id >= 3025058) AND (id <= 3025067))

explain: for deletes :: explain DELETE FROM sbtest%u WHERE id=%u
for inserts
table 1 : explain INSERT INTO sbtest1 (id, k, c, pad) VALUES (1798578, 13, 'foobar', 'foobar')
	Insert on sbtest1  (cost=0.00..0.01 rows=0 width=0)
	  ->  Result  (cost=0.00..0.01 rows=1 width=736)

table 2 : explain INSERT INTO sbtest2 (id, k, c, pad) VALUES (3724788, 13, 'foobar', 'foobar')
	Insert on sbtest2  (cost=0.00..0.01 rows=0 width=0)
	  ->  Result  (cost=0.00..0.01 rows=1 width=736)

table 3 : explain INSERT INTO sbtest3 (id, k, c, pad) VALUES (5025183, 13, 'foobar', 'foobar')
	Insert on sbtest3  (cost=0.00..0.01 rows=0 width=0)
	  ->  Result  (cost=0.00..0.01 rows=1 width=736)

table 4 : explain INSERT INTO sbtest4 (id, k, c, pad) VALUES (6554436, 13, 'foobar', 'foobar')
	Insert on sbtest4  (cost=0.00..0.01 rows=0 width=0)
	  ->  Result  (cost=0.00..0.01 rows=1 width=736)

table 5 : explain INSERT INTO sbtest5 (id, k, c, pad) VALUES (2390326, 13, 'foobar', 'foobar')
	Insert on sbtest5  (cost=0.00..0.01 rows=0 width=0)
	  ->  Result  (cost=0.00..0.01 rows=1 width=736)

table 6 : explain INSERT INTO sbtest6 (id, k, c, pad) VALUES (9580835, 13, 'foobar', 'foobar')
	Insert on sbtest6  (cost=0.00..0.01 rows=0 width=0)
	  ->  Result  (cost=0.00..0.01 rows=1 width=736)

table 7 : explain INSERT INTO sbtest7 (id, k, c, pad) VALUES (6781056, 13, 'foobar', 'foobar')
	Insert on sbtest7  (cost=0.00..0.01 rows=0 width=0)
	  ->  Result  (cost=0.00..0.01 rows=1 width=736)

table 8 : explain INSERT INTO sbtest8 (id, k, c, pad) VALUES (5396199, 13, 'foobar', 'foobar')
	Insert on sbtest8  (cost=0.00..0.01 rows=0 width=0)
	  ->  Result  (cost=0.00..0.01 rows=1 width=736)

explain: for non_index_updates :: explain UPDATE sbtest%u SET c='foobar' WHERE id=%u
explain: for point_selects :: explain SELECT c FROM sbtest%u WHERE id=%u
for index_updates
table 1 : explain UPDATE sbtest1 SET k=k+1 WHERE id=3739662
	Update on sbtest1  (cost=0.43..8.46 rows=0 width=0)
	  ->  Index Scan using sbtest1_pkey on sbtest1  (cost=0.43..8.46 rows=1 width=10)
	        Index Cond: (id = 3739662)

table 2 : explain UPDATE sbtest2 SET k=k+1 WHERE id=267285
	Update on sbtest2  (cost=0.43..8.46 rows=0 width=0)
	  ->  Index Scan using sbtest2_pkey on sbtest2  (cost=0.43..8.46 rows=1 width=10)
	        Index Cond: (id = 267285)

table 3 : explain UPDATE sbtest3 SET k=k+1 WHERE id=6383519
	Update on sbtest3  (cost=0.43..8.46 rows=0 width=0)
	  ->  Index Scan using sbtest3_pkey on sbtest3  (cost=0.43..8.46 rows=1 width=10)
	        Index Cond: (id = 6383519)

table 4 : explain UPDATE sbtest4 SET k=k+1 WHERE id=5165568
	Update on sbtest4  (cost=0.43..8.46 rows=0 width=0)
	  ->  Index Scan using sbtest4_pkey on sbtest4  (cost=0.43..8.46 rows=1 width=10)
	        Index Cond: (id = 5165568)

table 5 : explain UPDATE sbtest5 SET k=k+1 WHERE id=6536521
	Update on sbtest5  (cost=0.43..8.46 rows=0 width=0)
	  ->  Index Scan using sbtest5_pkey on sbtest5  (cost=0.43..8.46 rows=1 width=10)
	        Index Cond: (id = 6536521)

table 6 : explain UPDATE sbtest6 SET k=k+1 WHERE id=3498797
	Update on sbtest6  (cost=0.43..8.46 rows=0 width=0)
	  ->  Index Scan using sbtest6_pkey on sbtest6  (cost=0.43..8.46 rows=1 width=10)
	        Index Cond: (id = 3498797)

table 7 : explain UPDATE sbtest7 SET k=k+1 WHERE id=3764449
	Update on sbtest7  (cost=0.43..8.46 rows=0 width=0)
	  ->  Index Scan using sbtest7_pkey on sbtest7  (cost=0.43..8.46 rows=1 width=10)
	        Index Cond: (id = 3764449)

table 8 : explain UPDATE sbtest8 SET k=k+1 WHERE id=3527248
	Update on sbtest8  (cost=0.43..8.46 rows=0 width=0)
	  ->  Index Scan using sbtest8_pkey on sbtest8  (cost=0.43..8.46 rows=1 width=10)
	        Index Cond: (id = 3527248)

for: sum_ranges
table 1 : explain SELECT SUM(k) FROM sbtest1 WHERE id BETWEEN 7363850 AND 7363859
	Aggregate  (cost=40.90..40.91 rows=1 width=8)
	  ->  Index Scan using sbtest1_pkey on sbtest1  (cost=0.43..40.88 rows=10 width=4)
	        Index Cond: ((id >= 7363850) AND (id <= 7363859))

table 2 : explain SELECT SUM(k) FROM sbtest2 WHERE id BETWEEN 7815591 AND 7815600
	Aggregate  (cost=40.91..40.92 rows=1 width=8)
	  ->  Index Scan using sbtest2_pkey on sbtest2  (cost=0.43..40.89 rows=10 width=4)
	        Index Cond: ((id >= 7815591) AND (id <= 7815600))

table 3 : explain SELECT SUM(k) FROM sbtest3 WHERE id BETWEEN 4302962 AND 4302971
	Aggregate  (cost=44.35..44.36 rows=1 width=8)
	  ->  Index Scan using sbtest3_pkey on sbtest3  (cost=0.43..44.32 rows=11 width=4)
	        Index Cond: ((id >= 4302962) AND (id <= 4302971))

table 4 : explain SELECT SUM(k) FROM sbtest4 WHERE id BETWEEN 1575352 AND 1575361
	Aggregate  (cost=36.90..36.91 rows=1 width=8)
	  ->  Index Scan using sbtest4_pkey on sbtest4  (cost=0.43..36.88 rows=9 width=4)
	        Index Cond: ((id >= 1575352) AND (id <= 1575361))

table 5 : explain SELECT SUM(k) FROM sbtest5 WHERE id BETWEEN 9912042 AND 9912051
	Aggregate  (cost=40.73..40.74 rows=1 width=8)
	  ->  Index Scan using sbtest5_pkey on sbtest5  (cost=0.43..40.70 rows=10 width=4)
	        Index Cond: ((id >= 9912042) AND (id <= 9912051))

table 6 : explain SELECT SUM(k) FROM sbtest6 WHERE id BETWEEN 1603392 AND 1603401
	Aggregate  (cost=44.33..44.34 rows=1 width=8)
	  ->  Index Scan using sbtest6_pkey on sbtest6  (cost=0.43..44.31 rows=11 width=4)
	        Index Cond: ((id >= 1603392) AND (id <= 1603401))

table 7 : explain SELECT SUM(k) FROM sbtest7 WHERE id BETWEEN 8008172 AND 8008181
	Aggregate  (cost=37.18..37.19 rows=1 width=8)
	  ->  Index Scan using sbtest7_pkey on sbtest7  (cost=0.43..37.16 rows=9 width=4)
	        Index Cond: ((id >= 8008172) AND (id <= 8008181))

table 8 : explain SELECT SUM(k) FROM sbtest8 WHERE id BETWEEN 6236512 AND 6236521
	Aggregate  (cost=40.36..40.37 rows=1 width=8)
	  ->  Index Scan using sbtest8_pkey on sbtest8  (cost=0.43..40.34 rows=10 width=4)
	        Index Cond: ((id >= 6236512) AND (id <= 6236521))

explain: for non_index_updates :: explain UPDATE sbtest%u SET c='foobar' WHERE id=%u
for: distinct_ranges
table 1 : explain SELECT DISTINCT c FROM sbtest1 WHERE id BETWEEN 7578152 AND 7578161 ORDER BY c
	Unique  (cost=41.04..41.09 rows=10 width=121)
	  ->  Sort  (cost=41.04..41.07 rows=10 width=121)
	        Sort Key: c
	        ->  Index Scan using sbtest1_pkey on sbtest1  (cost=0.43..40.88 rows=10 width=121)
	              Index Cond: ((id >= 7578152) AND (id <= 7578161))

table 2 : explain SELECT DISTINCT c FROM sbtest2 WHERE id BETWEEN 8571617 AND 8571626 ORDER BY c
	Unique  (cost=41.05..41.10 rows=10 width=121)
	  ->  Sort  (cost=41.05..41.08 rows=10 width=121)
	        Sort Key: c
	        ->  Index Scan using sbtest2_pkey on sbtest2  (cost=0.43..40.89 rows=10 width=121)
	              Index Cond: ((id >= 8571617) AND (id <= 8571626))

table 3 : explain SELECT DISTINCT c FROM sbtest3 WHERE id BETWEEN 6083339 AND 6083348 ORDER BY c
	Unique  (cost=40.90..40.95 rows=10 width=121)
	  ->  Sort  (cost=40.90..40.93 rows=10 width=121)
	        Sort Key: c
	        ->  Index Scan using sbtest3_pkey on sbtest3  (cost=0.43..40.73 rows=10 width=121)
	              Index Cond: ((id >= 6083339) AND (id <= 6083348))

table 4 : explain SELECT DISTINCT c FROM sbtest4 WHERE id BETWEEN 4827909 AND 4827918 ORDER BY c
	Unique  (cost=44.18..44.23 rows=11 width=121)
	  ->  Sort  (cost=44.18..44.20 rows=11 width=121)
	        Sort Key: c
	        ->  Index Scan using sbtest4_pkey on sbtest4  (cost=0.43..43.98 rows=11 width=121)
	              Index Cond: ((id >= 4827909) AND (id <= 4827918))

table 5 : explain SELECT DISTINCT c FROM sbtest5 WHERE id BETWEEN 894122 AND 894131 ORDER BY c
	Unique  (cost=37.26..37.31 rows=9 width=121)
	  ->  Sort  (cost=37.26..37.29 rows=9 width=121)
	        Sort Key: c
	        ->  Index Scan using sbtest5_pkey on sbtest5  (cost=0.43..37.12 rows=9 width=121)
	              Index Cond: ((id >= 894122) AND (id <= 894131))

table 6 : explain SELECT DISTINCT c FROM sbtest6 WHERE id BETWEEN 1044102 AND 1044111 ORDER BY c
	Unique  (cost=40.89..40.94 rows=10 width=121)
	  ->  Sort  (cost=40.89..40.91 rows=10 width=121)
	        Sort Key: c
	        ->  Index Scan using sbtest6_pkey on sbtest6  (cost=0.43..40.72 rows=10 width=121)
	              Index Cond: ((id >= 1044102) AND (id <= 1044111))

table 7 : explain SELECT DISTINCT c FROM sbtest7 WHERE id BETWEEN 1622429 AND 1622438 ORDER BY c
	Unique  (cost=37.30..37.35 rows=9 width=121)
	  ->  Sort  (cost=37.30..37.33 rows=9 width=121)
	        Sort Key: c
	        ->  Index Scan using sbtest7_pkey on sbtest7  (cost=0.43..37.16 rows=9 width=121)
	              Index Cond: ((id >= 1622429) AND (id <= 1622438))

table 8 : explain SELECT DISTINCT c FROM sbtest8 WHERE id BETWEEN 1219564 AND 1219573 ORDER BY c
	Unique  (cost=40.50..40.55 rows=10 width=121)
	  ->  Sort  (cost=40.50..40.53 rows=10 width=121)
	        Sort Key: c
	        ->  Index Scan using sbtest8_pkey on sbtest8  (cost=0.43..40.34 rows=10 width=121)
	              Index Cond: ((id >= 1219564) AND (id <= 1219573))

explain: for deletes :: explain DELETE FROM sbtest%u WHERE id=%u
for non_index_updates
table 1 : explain UPDATE sbtest1 SET c='foobar' WHERE id=1407894
	Update on sbtest1  (cost=0.43..8.45 rows=0 width=0)
	  ->  Index Scan using sbtest1_pkey on sbtest1  (cost=0.43..8.45 rows=1 width=490)
	        Index Cond: (id = 1407894)

table 2 : explain UPDATE sbtest2 SET c='foobar' WHERE id=1298527
	Update on sbtest2  (cost=0.43..8.45 rows=0 width=0)
	  ->  Index Scan using sbtest2_pkey on sbtest2  (cost=0.43..8.45 rows=1 width=490)
	        Index Cond: (id = 1298527)

table 3 : explain UPDATE sbtest3 SET c='foobar' WHERE id=6546618
	Update on sbtest3  (cost=0.43..8.45 rows=0 width=0)
	  ->  Index Scan using sbtest3_pkey on sbtest3  (cost=0.43..8.45 rows=1 width=490)
	        Index Cond: (id = 6546618)

table 4 : explain UPDATE sbtest4 SET c='foobar' WHERE id=4807595
	Update on sbtest4  (cost=0.43..8.45 rows=0 width=0)
	  ->  Index Scan using sbtest4_pkey on sbtest4  (cost=0.43..8.45 rows=1 width=490)
	        Index Cond: (id = 4807595)

table 5 : explain UPDATE sbtest5 SET c='foobar' WHERE id=9447580
	Update on sbtest5  (cost=0.43..8.45 rows=0 width=0)
	  ->  Index Scan using sbtest5_pkey on sbtest5  (cost=0.43..8.45 rows=1 width=490)
	        Index Cond: (id = 9447580)

table 6 : explain UPDATE sbtest6 SET c='foobar' WHERE id=7829239
	Update on sbtest6  (cost=0.43..8.45 rows=0 width=0)
	  ->  Index Scan using sbtest6_pkey on sbtest6  (cost=0.43..8.45 rows=1 width=490)
	        Index Cond: (id = 7829239)

table 7 : explain UPDATE sbtest7 SET c='foobar' WHERE id=6904237
	Update on sbtest7  (cost=0.43..8.45 rows=0 width=0)
	  ->  Index Scan using sbtest7_pkey on sbtest7  (cost=0.43..8.45 rows=1 width=490)
	        Index Cond: (id = 6904237)

table 8 : explain UPDATE sbtest8 SET c='foobar' WHERE id=5044374
	Update on sbtest8  (cost=0.43..8.45 rows=0 width=0)
	  ->  Index Scan using sbtest8_pkey on sbtest8  (cost=0.43..8.45 rows=1 width=490)
	        Index Cond: (id = 5044374)

for deletes
table 1 : explain DELETE FROM sbtest1 WHERE id=9920396
	Delete on sbtest1  (cost=0.43..8.45 rows=0 width=0)
	  ->  Index Scan using sbtest1_pkey on sbtest1  (cost=0.43..8.45 rows=1 width=6)
	        Index Cond: (id = 9920396)

table 2 : explain DELETE FROM sbtest2 WHERE id=6417849
	Delete on sbtest2  (cost=0.43..8.45 rows=0 width=0)
	  ->  Index Scan using sbtest2_pkey on sbtest2  (cost=0.43..8.45 rows=1 width=6)
	        Index Cond: (id = 6417849)

table 3 : explain DELETE FROM sbtest3 WHERE id=1464073
	Delete on sbtest3  (cost=0.43..8.45 rows=0 width=0)
	  ->  Index Scan using sbtest3_pkey on sbtest3  (cost=0.43..8.45 rows=1 width=6)
	        Index Cond: (id = 1464073)

table 4 : explain DELETE FROM sbtest4 WHERE id=10515
	Delete on sbtest4  (cost=0.43..8.45 rows=0 width=0)
	  ->  Index Scan using sbtest4_pkey on sbtest4  (cost=0.43..8.45 rows=1 width=6)
	        Index Cond: (id = 10515)

table 5 : explain DELETE FROM sbtest5 WHERE id=2797261
	Delete on sbtest5  (cost=0.43..8.45 rows=0 width=0)
	  ->  Index Scan using sbtest5_pkey on sbtest5  (cost=0.43..8.45 rows=1 width=6)
	        Index Cond: (id = 2797261)

table 6 : explain DELETE FROM sbtest6 WHERE id=2913137
	Delete on sbtest6  (cost=0.43..8.45 rows=0 width=0)
	  ->  Index Scan using sbtest6_pkey on sbtest6  (cost=0.43..8.45 rows=1 width=6)
	        Index Cond: (id = 2913137)

table 7 : explain DELETE FROM sbtest7 WHERE id=8464805
	Delete on sbtest7  (cost=0.43..8.45 rows=0 width=0)
	  ->  Index Scan using sbtest7_pkey on sbtest7  (cost=0.43..8.45 rows=1 width=6)
	        Index Cond: (id = 8464805)

table 8 : explain DELETE FROM sbtest8 WHERE id=5035865
	Delete on sbtest8  (cost=0.43..8.45 rows=0 width=0)
	  ->  Index Scan using sbtest8_pkey on sbtest8  (cost=0.43..8.45 rows=1 width=6)
	        Index Cond: (id = 5035865)

explain: for non_index_updates :: explain UPDATE sbtest%u SET c='foobar' WHERE id=%u
for: distinct_ranges
table 1 : explain SELECT DISTINCT c FROM sbtest1 WHERE id BETWEEN 8404336 AND 8404345 ORDER BY c
	Unique  (cost=41.04..41.09 rows=10 width=121)
	  ->  Sort  (cost=41.04..41.07 rows=10 width=121)
	        Sort Key: c
	        ->  Index Scan using sbtest1_pkey on sbtest1  (cost=0.43..40.88 rows=10 width=121)
	              Index Cond: ((id >= 8404336) AND (id <= 8404345))

table 2 : explain SELECT DISTINCT c FROM sbtest2 WHERE id BETWEEN 5733514 AND 5733523 ORDER BY c
	Unique  (cost=41.05..41.10 rows=10 width=121)
	  ->  Sort  (cost=41.05..41.08 rows=10 width=121)
	        Sort Key: c
	        ->  Index Scan using sbtest2_pkey on sbtest2  (cost=0.43..40.89 rows=10 width=121)
	              Index Cond: ((id >= 5733514) AND (id <= 5733523))

table 3 : explain SELECT DISTINCT c FROM sbtest3 WHERE id BETWEEN 7512131 AND 7512140 ORDER BY c
	Unique  (cost=37.29..37.34 rows=9 width=121)
	  ->  Sort  (cost=37.29..37.31 rows=9 width=121)
	        Sort Key: c
	        ->  Index Scan using sbtest3_pkey on sbtest3  (cost=0.43..37.15 rows=9 width=121)
	              Index Cond: ((id >= 7512131) AND (id <= 7512140))

table 4 : explain SELECT DISTINCT c FROM sbtest4 WHERE id BETWEEN 4514587 AND 4514596 ORDER BY c
	Unique  (cost=40.60..40.65 rows=10 width=121)
	  ->  Sort  (cost=40.60..40.62 rows=10 width=121)
	        Sort Key: c
	        ->  Index Scan using sbtest4_pkey on sbtest4  (cost=0.43..40.43 rows=10 width=121)
	              Index Cond: ((id >= 4514587) AND (id <= 4514596))

table 5 : explain SELECT DISTINCT c FROM sbtest5 WHERE id BETWEEN 7221770 AND 7221779 ORDER BY c
	Unique  (cost=44.48..44.53 rows=11 width=121)
	  ->  Sort  (cost=44.48..44.50 rows=11 width=121)
	        Sort Key: c
	        ->  Index Scan using sbtest5_pkey on sbtest5  (cost=0.43..44.29 rows=11 width=121)
	              Index Cond: ((id >= 7221770) AND (id <= 7221779))

table 6 : explain SELECT DISTINCT c FROM sbtest6 WHERE id BETWEEN 3241237 AND 3241246 ORDER BY c
	Unique  (cost=40.89..40.94 rows=10 width=121)
	  ->  Sort  (cost=40.89..40.91 rows=10 width=121)
	        Sort Key: c
	        ->  Index Scan using sbtest6_pkey on sbtest6  (cost=0.43..40.72 rows=10 width=121)
	              Index Cond: ((id >= 3241237) AND (id <= 3241246))

table 7 : explain SELECT DISTINCT c FROM sbtest7 WHERE id BETWEEN 7970589 AND 7970598 ORDER BY c
	Unique  (cost=37.30..37.35 rows=9 width=121)
	  ->  Sort  (cost=37.30..37.33 rows=9 width=121)
	        Sort Key: c
	        ->  Index Scan using sbtest7_pkey on sbtest7  (cost=0.43..37.16 rows=9 width=121)
	              Index Cond: ((id >= 7970589) AND (id <= 7970598))

table 8 : explain SELECT DISTINCT c FROM sbtest8 WHERE id BETWEEN 8528177 AND 8528186 ORDER BY c
	Unique  (cost=40.50..40.55 rows=10 width=121)
	  ->  Sort  (cost=40.50..40.53 rows=10 width=121)
	        Sort Key: c
	        ->  Index Scan using sbtest8_pkey on sbtest8  (cost=0.43..40.34 rows=10 width=121)
	              Index Cond: ((id >= 8528177) AND (id <= 8528186))
for deletes
table 1 : explain DELETE FROM sbtest1 WHERE id=162326
	Delete on sbtest1  (cost=0.43..8.45 rows=0 width=0)
	  ->  Index Scan using sbtest1_pkey on sbtest1  (cost=0.43..8.45 rows=1 width=6)
	        Index Cond: (id = 162326)

table 2 : explain DELETE FROM sbtest2 WHERE id=9245052
	Delete on sbtest2  (cost=0.43..8.45 rows=0 width=0)
	  ->  Index Scan using sbtest2_pkey on sbtest2  (cost=0.43..8.45 rows=1 width=6)
	        Index Cond: (id = 9245052)

table 3 : explain DELETE FROM sbtest3 WHERE id=6261124
	Delete on sbtest3  (cost=0.43..8.45 rows=0 width=0)
	  ->  Index Scan using sbtest3_pkey on sbtest3  (cost=0.43..8.45 rows=1 width=6)
	        Index Cond: (id = 6261124)

table 4 : explain DELETE FROM sbtest4 WHERE id=1858932
	Delete on sbtest4  (cost=0.43..8.45 rows=0 width=0)
	  ->  Index Scan using sbtest4_pkey on sbtest4  (cost=0.43..8.45 rows=1 width=6)
	        Index Cond: (id = 1858932)

table 5 : explain DELETE FROM sbtest5 WHERE id=2563656
	Delete on sbtest5  (cost=0.43..8.45 rows=0 width=0)
	  ->  Index Scan using sbtest5_pkey on sbtest5  (cost=0.43..8.45 rows=1 width=6)
	        Index Cond: (id = 2563656)

table 6 : explain DELETE FROM sbtest6 WHERE id=2165354
	Delete on sbtest6  (cost=0.43..8.45 rows=0 width=0)
	  ->  Index Scan using sbtest6_pkey on sbtest6  (cost=0.43..8.45 rows=1 width=6)
	        Index Cond: (id = 2165354)

table 7 : explain DELETE FROM sbtest7 WHERE id=6381966
	Delete on sbtest7  (cost=0.43..8.45 rows=0 width=0)
	  ->  Index Scan using sbtest7_pkey on sbtest7  (cost=0.43..8.45 rows=1 width=6)
	        Index Cond: (id = 6381966)

table 8 : explain DELETE FROM sbtest8 WHERE id=5430506
	Delete on sbtest8  (cost=0.43..8.45 rows=0 width=0)
	  ->  Index Scan using sbtest8_pkey on sbtest8  (cost=0.43..8.45 rows=1 width=6)
	        Index Cond: (id = 5430506)


for inserts
table 1 : explain INSERT INTO sbtest1 (id, k, c, pad) VALUES (4810742, 13, 'foobar', 'foobar')
	Insert on sbtest1  (cost=0.00..0.01 rows=0 width=0)
	  ->  Result  (cost=0.00..0.01 rows=1 width=736)

table 2 : explain INSERT INTO sbtest2 (id, k, c, pad) VALUES (383246, 13, 'foobar', 'foobar')
	Insert on sbtest2  (cost=0.00..0.01 rows=0 width=0)
	  ->  Result  (cost=0.00..0.01 rows=1 width=736)

table 3 : explain INSERT INTO sbtest3 (id, k, c, pad) VALUES (4349736, 13, 'foobar', 'foobar')
	Insert on sbtest3  (cost=0.00..0.01 rows=0 width=0)
	  ->  Result  (cost=0.00..0.01 rows=1 width=736)

table 4 : explain INSERT INTO sbtest4 (id, k, c, pad) VALUES (4242193, 13, 'foobar', 'foobar')
	Insert on sbtest4  (cost=0.00..0.01 rows=0 width=0)
	  ->  Result  (cost=0.00..0.01 rows=1 width=736)

table 5 : explain INSERT INTO sbtest5 (id, k, c, pad) VALUES (3209195, 13, 'foobar', 'foobar')
	Insert on sbtest5  (cost=0.00..0.01 rows=0 width=0)
	  ->  Result  (cost=0.00..0.01 rows=1 width=736)

table 6 : explain INSERT INTO sbtest6 (id, k, c, pad) VALUES (5185231, 13, 'foobar', 'foobar')
	Insert on sbtest6  (cost=0.00..0.01 rows=0 width=0)
	  ->  Result  (cost=0.00..0.01 rows=1 width=736)

table 7 : explain INSERT INTO sbtest7 (id, k, c, pad) VALUES (6510601, 13, 'foobar', 'foobar')
	Insert on sbtest7  (cost=0.00..0.01 rows=0 width=0)
	  ->  Result  (cost=0.00..0.01 rows=1 width=736)

table 8 : explain INSERT INTO sbtest8 (id, k, c, pad) VALUES (4961683, 13, 'foobar', 'foobar')
	Insert on sbtest8  (cost=0.00..0.01 rows=0 width=0)
	  ->  Result  (cost=0.00..0.01 rows=1 width=736)

for: simple_ranges
table 1 : explain SELECT c FROM sbtest1 WHERE id BETWEEN 8533278 AND 8533287
	Index Scan using sbtest1_pkey on sbtest1  (cost=0.43..40.88 rows=10 width=121)
	  Index Cond: ((id >= 8533278) AND (id <= 8533287))

table 2 : explain SELECT c FROM sbtest2 WHERE id BETWEEN 3939095 AND 3939104
	Index Scan using sbtest2_pkey on sbtest2  (cost=0.43..40.89 rows=10 width=121)
	  Index Cond: ((id >= 3939095) AND (id <= 3939104))

table 3 : explain SELECT c FROM sbtest3 WHERE id BETWEEN 965887 AND 965896
	Index Scan using sbtest3_pkey on sbtest3  (cost=0.43..40.73 rows=10 width=121)
	  Index Cond: ((id >= 965887) AND (id <= 965896))

table 4 : explain SELECT c FROM sbtest4 WHERE id BETWEEN 8047007 AND 8047016
	Index Scan using sbtest4_pkey on sbtest4  (cost=0.43..36.88 rows=9 width=121)
	  Index Cond: ((id >= 8047007) AND (id <= 8047016))

table 5 : explain SELECT c FROM sbtest5 WHERE id BETWEEN 9760840 AND 9760849
	Index Scan using sbtest5_pkey on sbtest5  (cost=0.43..44.29 rows=11 width=121)
	  Index Cond: ((id >= 9760840) AND (id <= 9760849))

table 6 : explain SELECT c FROM sbtest6 WHERE id BETWEEN 5391196 AND 5391205
	Index Scan using sbtest6_pkey on sbtest6  (cost=0.43..40.72 rows=10 width=121)
	  Index Cond: ((id >= 5391196) AND (id <= 5391205))

table 7 : explain SELECT c FROM sbtest7 WHERE id BETWEEN 9377592 AND 9377601
	Index Scan using sbtest7_pkey on sbtest7  (cost=0.43..37.16 rows=9 width=121)
	  Index Cond: ((id >= 9377592) AND (id <= 9377601))

table 8 : explain SELECT c FROM sbtest8 WHERE id BETWEEN 1127310 AND 1127319
	Index Scan using sbtest8_pkey on sbtest8  (cost=0.43..36.79 rows=9 width=121)
	  Index Cond: ((id >= 1127310) AND (id <= 1127319))

explain: for deletes :: explain DELETE FROM sbtest%u WHERE id=%u
explain: for inserts :: explain INSERT INTO sbtest%u (id, k, c, pad) VALUES (%u, 13, 'foobar', 'foobar')
for non_index_updates
table 1 : explain UPDATE sbtest1 SET c='foobar' WHERE id=1248616
	Update on sbtest1  (cost=0.43..8.45 rows=0 width=0)
	  ->  Index Scan using sbtest1_pkey on sbtest1  (cost=0.43..8.45 rows=1 width=490)
	        Index Cond: (id = 1248616)

table 2 : explain UPDATE sbtest2 SET c='foobar' WHERE id=5588448
	Update on sbtest2  (cost=0.43..8.45 rows=0 width=0)
	  ->  Index Scan using sbtest2_pkey on sbtest2  (cost=0.43..8.45 rows=1 width=490)
	        Index Cond: (id = 5588448)

table 3 : explain UPDATE sbtest3 SET c='foobar' WHERE id=1844969
	Update on sbtest3  (cost=0.43..8.45 rows=0 width=0)
	  ->  Index Scan using sbtest3_pkey on sbtest3  (cost=0.43..8.45 rows=1 width=490)
	        Index Cond: (id = 1844969)

table 4 : explain UPDATE sbtest4 SET c='foobar' WHERE id=596459
	Update on sbtest4  (cost=0.43..8.45 rows=0 width=0)
	  ->  Index Scan using sbtest4_pkey on sbtest4  (cost=0.43..8.45 rows=1 width=490)
	        Index Cond: (id = 596459)

table 5 : explain UPDATE sbtest5 SET c='foobar' WHERE id=2444354
	Update on sbtest5  (cost=0.43..8.45 rows=0 width=0)
	  ->  Index Scan using sbtest5_pkey on sbtest5  (cost=0.43..8.45 rows=1 width=490)
	        Index Cond: (id = 2444354)

table 6 : explain UPDATE sbtest6 SET c='foobar' WHERE id=8162646
	Update on sbtest6  (cost=0.43..8.45 rows=0 width=0)
	  ->  Index Scan using sbtest6_pkey on sbtest6  (cost=0.43..8.45 rows=1 width=490)
	        Index Cond: (id = 8162646)

table 7 : explain UPDATE sbtest7 SET c='foobar' WHERE id=2410821
	Update on sbtest7  (cost=0.43..8.45 rows=0 width=0)
	  ->  Index Scan using sbtest7_pkey on sbtest7  (cost=0.43..8.45 rows=1 width=490)
	        Index Cond: (id = 2410821)

table 8 : explain UPDATE sbtest8 SET c='foobar' WHERE id=6057966
	Update on sbtest8  (cost=0.43..8.45 rows=0 width=0)
	  ->  Index Scan using sbtest8_pkey on sbtest8  (cost=0.43..8.45 rows=1 width=490)
	        Index Cond: (id = 6057966)

for non_index_updates
table 1 : explain UPDATE sbtest1 SET c='foobar' WHERE id=3240178
	Update on sbtest1  (cost=0.43..8.45 rows=0 width=0)
	  ->  Index Scan using sbtest1_pkey on sbtest1  (cost=0.43..8.45 rows=1 width=490)
	        Index Cond: (id = 3240178)

table 2 : explain UPDATE sbtest2 SET c='foobar' WHERE id=1977374
	Update on sbtest2  (cost=0.43..8.45 rows=0 width=0)
	  ->  Index Scan using sbtest2_pkey on sbtest2  (cost=0.43..8.45 rows=1 width=490)
	        Index Cond: (id = 1977374)

table 3 : explain UPDATE sbtest3 SET c='foobar' WHERE id=2978183
	Update on sbtest3  (cost=0.43..8.45 rows=0 width=0)
	  ->  Index Scan using sbtest3_pkey on sbtest3  (cost=0.43..8.45 rows=1 width=490)
	        Index Cond: (id = 2978183)

table 4 : explain UPDATE sbtest4 SET c='foobar' WHERE id=4382395
	Update on sbtest4  (cost=0.43..8.45 rows=0 width=0)
	  ->  Index Scan using sbtest4_pkey on sbtest4  (cost=0.43..8.45 rows=1 width=490)
	        Index Cond: (id = 4382395)

table 5 : explain UPDATE sbtest5 SET c='foobar' WHERE id=3420059
	Update on sbtest5  (cost=0.43..8.45 rows=0 width=0)
	  ->  Index Scan using sbtest5_pkey on sbtest5  (cost=0.43..8.45 rows=1 width=490)
	        Index Cond: (id = 3420059)

table 6 : explain UPDATE sbtest6 SET c='foobar' WHERE id=932341
	Update on sbtest6  (cost=0.43..8.45 rows=0 width=0)
	  ->  Index Scan using sbtest6_pkey on sbtest6  (cost=0.43..8.45 rows=1 width=490)
	        Index Cond: (id = 932341)

table 7 : explain UPDATE sbtest7 SET c='foobar' WHERE id=1361228
	Update on sbtest7  (cost=0.43..8.45 rows=0 width=0)
	  ->  Index Scan using sbtest7_pkey on sbtest7  (cost=0.43..8.45 rows=1 width=490)
	        Index Cond: (id = 1361228)

table 8 : explain UPDATE sbtest8 SET c='foobar' WHERE id=8941579
	Update on sbtest8  (cost=0.43..8.45 rows=0 width=0)
	  ->  Index Scan using sbtest8_pkey on sbtest8  (cost=0.43..8.45 rows=1 width=490)
	        Index Cond: (id = 8941579)

for: order_ranges
table 1 : explain SELECT c FROM sbtest1 WHERE id BETWEEN 4182398 AND 4182407 ORDER BY c
	Sort  (cost=41.04..41.07 rows=10 width=121)
	  Sort Key: c
	  ->  Index Scan using sbtest1_pkey on sbtest1  (cost=0.43..40.88 rows=10 width=121)
	        Index Cond: ((id >= 4182398) AND (id <= 4182407))

table 2 : explain SELECT c FROM sbtest2 WHERE id BETWEEN 1836648 AND 1836657 ORDER BY c
	Sort  (cost=44.68..44.71 rows=11 width=121)
	  Sort Key: c
	  ->  Index Scan using sbtest2_pkey on sbtest2  (cost=0.43..44.49 rows=11 width=121)
	        Index Cond: ((id >= 1836648) AND (id <= 1836657))

table 3 : explain SELECT c FROM sbtest3 WHERE id BETWEEN 7833132 AND 7833141 ORDER BY c
	Sort  (cost=40.90..40.93 rows=10 width=121)
	  Sort Key: c
	  ->  Index Scan using sbtest3_pkey on sbtest3  (cost=0.43..40.73 rows=10 width=121)
	        Index Cond: ((id >= 7833132) AND (id <= 7833141))

table 4 : explain SELECT c FROM sbtest4 WHERE id BETWEEN 2990481 AND 2990490 ORDER BY c
	Sort  (cost=37.02..37.04 rows=9 width=121)
	  Sort Key: c
	  ->  Index Scan using sbtest4_pkey on sbtest4  (cost=0.43..36.88 rows=9 width=121)
	        Index Cond: ((id >= 2990481) AND (id <= 2990490))

table 5 : explain SELECT c FROM sbtest5 WHERE id BETWEEN 3236133 AND 3236142 ORDER BY c
	Sort  (cost=40.87..40.89 rows=10 width=121)
	  Sort Key: c
	  ->  Index Scan using sbtest5_pkey on sbtest5  (cost=0.43..40.70 rows=10 width=121)
	        Index Cond: ((id >= 3236133) AND (id <= 3236142))

table 6 : explain SELECT c FROM sbtest6 WHERE id BETWEEN 3536270 AND 3536279 ORDER BY c
	Sort  (cost=44.50..44.52 rows=11 width=121)
	  Sort Key: c
	  ->  Index Scan using sbtest6_pkey on sbtest6  (cost=0.43..44.31 rows=11 width=121)
	        Index Cond: ((id >= 3536270) AND (id <= 3536279))

table 7 : explain SELECT c FROM sbtest7 WHERE id BETWEEN 8344724 AND 8344733 ORDER BY c
	Sort  (cost=44.53..44.55 rows=11 width=121)
	  Sort Key: c
	  ->  Index Scan using sbtest7_pkey on sbtest7  (cost=0.43..44.34 rows=11 width=121)
	        Index Cond: ((id >= 8344724) AND (id <= 8344733))

table 8 : explain SELECT c FROM sbtest8 WHERE id BETWEEN 6177305 AND 6177314 ORDER BY c
	Sort  (cost=40.50..40.53 rows=10 width=121)
	  Sort Key: c
	  ->  Index Scan using sbtest8_pkey on sbtest8  (cost=0.43..40.34 rows=10 width=121)
	        Index Cond: ((id >= 6177305) AND (id <= 6177314))

explain: for index_updates :: explain UPDATE sbtest%u SET k=k+1 WHERE id=%u
for deletes
table 1 : explain DELETE FROM sbtest1 WHERE id=4256176
	Delete on sbtest1  (cost=0.43..8.45 rows=0 width=0)
	  ->  Index Scan using sbtest1_pkey on sbtest1  (cost=0.43..8.45 rows=1 width=6)
	        Index Cond: (id = 4256176)

table 2 : explain DELETE FROM sbtest2 WHERE id=5303374
	Delete on sbtest2  (cost=0.43..8.45 rows=0 width=0)
	  ->  Index Scan using sbtest2_pkey on sbtest2  (cost=0.43..8.45 rows=1 width=6)
	        Index Cond: (id = 5303374)

table 3 : explain DELETE FROM sbtest3 WHERE id=3051385
	Delete on sbtest3  (cost=0.43..8.45 rows=0 width=0)
	  ->  Index Scan using sbtest3_pkey on sbtest3  (cost=0.43..8.45 rows=1 width=6)
	        Index Cond: (id = 3051385)

table 4 : explain DELETE FROM sbtest4 WHERE id=4975713
	Delete on sbtest4  (cost=0.43..8.45 rows=0 width=0)
	  ->  Index Scan using sbtest4_pkey on sbtest4  (cost=0.43..8.45 rows=1 width=6)
	        Index Cond: (id = 4975713)

table 5 : explain DELETE FROM sbtest5 WHERE id=2662864
	Delete on sbtest5  (cost=0.43..8.45 rows=0 width=0)
	  ->  Index Scan using sbtest5_pkey on sbtest5  (cost=0.43..8.45 rows=1 width=6)
	        Index Cond: (id = 2662864)

table 6 : explain DELETE FROM sbtest6 WHERE id=9852700
	Delete on sbtest6  (cost=0.43..8.45 rows=0 width=0)
	  ->  Index Scan using sbtest6_pkey on sbtest6  (cost=0.43..8.45 rows=1 width=6)
	        Index Cond: (id = 9852700)

table 7 : explain DELETE FROM sbtest7 WHERE id=3559339
	Delete on sbtest7  (cost=0.43..8.45 rows=0 width=0)
	  ->  Index Scan using sbtest7_pkey on sbtest7  (cost=0.43..8.45 rows=1 width=6)
	        Index Cond: (id = 3559339)

table 8 : explain DELETE FROM sbtest8 WHERE id=7562768
	Delete on sbtest8  (cost=0.43..8.45 rows=0 width=0)
	  ->  Index Scan using sbtest8_pkey on sbtest8  (cost=0.43..8.45 rows=1 width=6)
	        Index Cond: (id = 7562768)

for non_index_updates
table 1 : explain UPDATE sbtest1 SET c='foobar' WHERE id=1026892
	Update on sbtest1  (cost=0.43..8.45 rows=0 width=0)
	  ->  Index Scan using sbtest1_pkey on sbtest1  (cost=0.43..8.45 rows=1 width=490)
	        Index Cond: (id = 1026892)

table 2 : explain UPDATE sbtest2 SET c='foobar' WHERE id=9664447
	Update on sbtest2  (cost=0.43..8.45 rows=0 width=0)
	  ->  Index Scan using sbtest2_pkey on sbtest2  (cost=0.43..8.45 rows=1 width=490)
	        Index Cond: (id = 9664447)

table 3 : explain UPDATE sbtest3 SET c='foobar' WHERE id=4202516
	Update on sbtest3  (cost=0.43..8.45 rows=0 width=0)
	  ->  Index Scan using sbtest3_pkey on sbtest3  (cost=0.43..8.45 rows=1 width=490)
	        Index Cond: (id = 4202516)

table 4 : explain UPDATE sbtest4 SET c='foobar' WHERE id=6833375
	Update on sbtest4  (cost=0.43..8.45 rows=0 width=0)
	  ->  Index Scan using sbtest4_pkey on sbtest4  (cost=0.43..8.45 rows=1 width=490)
	        Index Cond: (id = 6833375)

table 5 : explain UPDATE sbtest5 SET c='foobar' WHERE id=5378713
	Update on sbtest5  (cost=0.43..8.45 rows=0 width=0)
	  ->  Index Scan using sbtest5_pkey on sbtest5  (cost=0.43..8.45 rows=1 width=490)
	        Index Cond: (id = 5378713)

table 6 : explain UPDATE sbtest6 SET c='foobar' WHERE id=3248784
	Update on sbtest6  (cost=0.43..8.45 rows=0 width=0)
	  ->  Index Scan using sbtest6_pkey on sbtest6  (cost=0.43..8.45 rows=1 width=490)
	        Index Cond: (id = 3248784)

table 7 : explain UPDATE sbtest7 SET c='foobar' WHERE id=4045029
	Update on sbtest7  (cost=0.43..8.45 rows=0 width=0)
	  ->  Index Scan using sbtest7_pkey on sbtest7  (cost=0.43..8.45 rows=1 width=490)
	        Index Cond: (id = 4045029)

table 8 : explain UPDATE sbtest8 SET c='foobar' WHERE id=7167940
	Update on sbtest8  (cost=0.43..8.45 rows=0 width=0)
	  ->  Index Scan using sbtest8_pkey on sbtest8  (cost=0.43..8.45 rows=1 width=490)
	        Index Cond: (id = 7167940)

explain: for deletes :: explain DELETE FROM sbtest%u WHERE id=%u
for deletes
table 1 : explain DELETE FROM sbtest1 WHERE id=7631805
	Delete on sbtest1  (cost=0.43..8.45 rows=0 width=0)
	  ->  Index Scan using sbtest1_pkey on sbtest1  (cost=0.43..8.45 rows=1 width=6)
	        Index Cond: (id = 7631805)

table 2 : explain DELETE FROM sbtest2 WHERE id=6273707
	Delete on sbtest2  (cost=0.43..8.45 rows=0 width=0)
	  ->  Index Scan using sbtest2_pkey on sbtest2  (cost=0.43..8.45 rows=1 width=6)
	        Index Cond: (id = 6273707)

table 3 : explain DELETE FROM sbtest3 WHERE id=1750465
	Delete on sbtest3  (cost=0.43..8.45 rows=0 width=0)
	  ->  Index Scan using sbtest3_pkey on sbtest3  (cost=0.43..8.45 rows=1 width=6)
	        Index Cond: (id = 1750465)

table 4 : explain DELETE FROM sbtest4 WHERE id=2508012
	Delete on sbtest4  (cost=0.43..8.45 rows=0 width=0)
	  ->  Index Scan using sbtest4_pkey on sbtest4  (cost=0.43..8.45 rows=1 width=6)
	        Index Cond: (id = 2508012)

table 5 : explain DELETE FROM sbtest5 WHERE id=920511
	Delete on sbtest5  (cost=0.43..8.45 rows=0 width=0)
	  ->  Index Scan using sbtest5_pkey on sbtest5  (cost=0.43..8.45 rows=1 width=6)
	        Index Cond: (id = 920511)

table 6 : explain DELETE FROM sbtest6 WHERE id=1606626
	Delete on sbtest6  (cost=0.43..8.45 rows=0 width=0)
	  ->  Index Scan using sbtest6_pkey on sbtest6  (cost=0.43..8.45 rows=1 width=6)
	        Index Cond: (id = 1606626)

table 7 : explain DELETE FROM sbtest7 WHERE id=4086291
	Delete on sbtest7  (cost=0.43..8.45 rows=0 width=0)
	  ->  Index Scan using sbtest7_pkey on sbtest7  (cost=0.43..8.45 rows=1 width=6)
	        Index Cond: (id = 4086291)

table 8 : explain DELETE FROM sbtest8 WHERE id=4864378
	Delete on sbtest8  (cost=0.43..8.45 rows=0 width=0)
	  ->  Index Scan using sbtest8_pkey on sbtest8  (cost=0.43..8.45 rows=1 width=6)
	        Index Cond: (id = 4864378)

explain: for deletes :: explain DELETE FROM sbtest%u WHERE id=%u
explain: for point_selects :: explain SELECT c FROM sbtest%u WHERE id=%u
explain: for point_selects :: explain SELECT c FROM sbtest%u WHERE id=%u
explain: for index_updates :: explain UPDATE sbtest%u SET k=k+1 WHERE id=%u
explain: for deletes :: explain DELETE FROM sbtest%u WHERE id=%u
explain: for inserts :: explain INSERT INTO sbtest%u (id, k, c, pad) VALUES (%u, 13, 'foobar', 'foobar')
for: distinct_ranges
table 1 : explain SELECT DISTINCT c FROM sbtest1 WHERE id BETWEEN 266036 AND 266045 ORDER BY c
	Unique  (cost=41.04..41.09 rows=10 width=121)
	  ->  Sort  (cost=41.04..41.07 rows=10 width=121)
	        Sort Key: c
	        ->  Index Scan using sbtest1_pkey on sbtest1  (cost=0.43..40.88 rows=10 width=121)
	              Index Cond: ((id >= 266036) AND (id <= 266045))

table 2 : explain SELECT DISTINCT c FROM sbtest2 WHERE id BETWEEN 5092987 AND 5092996 ORDER BY c
	Unique  (cost=44.68..44.74 rows=11 width=121)
	  ->  Sort  (cost=44.68..44.71 rows=11 width=121)
	        Sort Key: c
	        ->  Index Scan using sbtest2_pkey on sbtest2  (cost=0.43..44.49 rows=11 width=121)
	              Index Cond: ((id >= 5092987) AND (id <= 5092996))

table 3 : explain SELECT DISTINCT c FROM sbtest3 WHERE id BETWEEN 4258422 AND 4258431 ORDER BY c
	Unique  (cost=37.29..37.34 rows=9 width=121)
	  ->  Sort  (cost=37.29..37.31 rows=9 width=121)
	        Sort Key: c
	        ->  Index Scan using sbtest3_pkey on sbtest3  (cost=0.43..37.15 rows=9 width=121)
	              Index Cond: ((id >= 4258422) AND (id <= 4258431))

table 4 : explain SELECT DISTINCT c FROM sbtest4 WHERE id BETWEEN 3206512 AND 3206521 ORDER BY c
	Unique  (cost=40.60..40.65 rows=10 width=121)
	  ->  Sort  (cost=40.60..40.62 rows=10 width=121)
	        Sort Key: c
	        ->  Index Scan using sbtest4_pkey on sbtest4  (cost=0.43..40.43 rows=10 width=121)
	              Index Cond: ((id >= 3206512) AND (id <= 3206521))

table 5 : explain SELECT DISTINCT c FROM sbtest5 WHERE id BETWEEN 2294841 AND 2294850 ORDER BY c
	Unique  (cost=40.87..40.92 rows=10 width=121)
	  ->  Sort  (cost=40.87..40.89 rows=10 width=121)
	        Sort Key: c
	        ->  Index Scan using sbtest5_pkey on sbtest5  (cost=0.43..40.70 rows=10 width=121)
	              Index Cond: ((id >= 2294841) AND (id <= 2294850))

table 6 : explain SELECT DISTINCT c FROM sbtest6 WHERE id BETWEEN 5203580 AND 5203589 ORDER BY c
	Unique  (cost=37.28..37.32 rows=9 width=121)
	  ->  Sort  (cost=37.28..37.30 rows=9 width=121)
	        Sort Key: c
	        ->  Index Scan using sbtest6_pkey on sbtest6  (cost=0.43..37.14 rows=9 width=121)
	              Index Cond: ((id >= 5203580) AND (id <= 5203589))

table 7 : explain SELECT DISTINCT c FROM sbtest7 WHERE id BETWEEN 6932838 AND 6932847 ORDER BY c
	Unique  (cost=40.91..40.96 rows=10 width=121)
	  ->  Sort  (cost=40.91..40.94 rows=10 width=121)
	        Sort Key: c
	        ->  Index Scan using sbtest7_pkey on sbtest7  (cost=0.43..40.75 rows=10 width=121)
	              Index Cond: ((id >= 6932838) AND (id <= 6932847))

table 8 : explain SELECT DISTINCT c FROM sbtest8 WHERE id BETWEEN 8373871 AND 8373880 ORDER BY c
	Unique  (cost=40.50..40.55 rows=10 width=121)
	  ->  Sort  (cost=40.50..40.53 rows=10 width=121)
	        Sort Key: c
	        ->  Index Scan using sbtest8_pkey on sbtest8  (cost=0.43..40.34 rows=10 width=121)
	              Index Cond: ((id >= 8373871) AND (id <= 8373880))

for deletes
table 1 : explain DELETE FROM sbtest1 WHERE id=1423941
	Delete on sbtest1  (cost=0.43..8.45 rows=0 width=0)
	  ->  Index Scan using sbtest1_pkey on sbtest1  (cost=0.43..8.45 rows=1 width=6)
	        Index Cond: (id = 1423941)

table 2 : explain DELETE FROM sbtest2 WHERE id=7129791
	Delete on sbtest2  (cost=0.43..8.45 rows=0 width=0)
	  ->  Index Scan using sbtest2_pkey on sbtest2  (cost=0.43..8.45 rows=1 width=6)
	        Index Cond: (id = 7129791)

table 3 : explain DELETE FROM sbtest3 WHERE id=6981021
	Delete on sbtest3  (cost=0.43..8.45 rows=0 width=0)
	  ->  Index Scan using sbtest3_pkey on sbtest3  (cost=0.43..8.45 rows=1 width=6)
	        Index Cond: (id = 6981021)

table 4 : explain DELETE FROM sbtest4 WHERE id=3180959
	Delete on sbtest4  (cost=0.43..8.45 rows=0 width=0)
	  ->  Index Scan using sbtest4_pkey on sbtest4  (cost=0.43..8.45 rows=1 width=6)
	        Index Cond: (id = 3180959)

table 5 : explain DELETE FROM sbtest5 WHERE id=399107
	Delete on sbtest5  (cost=0.43..8.45 rows=0 width=0)
	  ->  Index Scan using sbtest5_pkey on sbtest5  (cost=0.43..8.45 rows=1 width=6)
	        Index Cond: (id = 399107)

table 6 : explain DELETE FROM sbtest6 WHERE id=7598925
	Delete on sbtest6  (cost=0.43..8.45 rows=0 width=0)
	  ->  Index Scan using sbtest6_pkey on sbtest6  (cost=0.43..8.45 rows=1 width=6)
	        Index Cond: (id = 7598925)

table 7 : explain DELETE FROM sbtest7 WHERE id=1686551
	Delete on sbtest7  (cost=0.43..8.45 rows=0 width=0)
	  ->  Index Scan using sbtest7_pkey on sbtest7  (cost=0.43..8.45 rows=1 width=6)
	        Index Cond: (id = 1686551)

table 8 : explain DELETE FROM sbtest8 WHERE id=6311008
	Delete on sbtest8  (cost=0.43..8.45 rows=0 width=0)
	  ->  Index Scan using sbtest8_pkey on sbtest8  (cost=0.43..8.45 rows=1 width=6)
	        Index Cond: (id = 6311008)

for point_selects
table 1 : explain SELECT c FROM sbtest1 WHERE id=3977746
	Index Scan using sbtest1_pkey on sbtest1  (cost=0.43..8.45 rows=1 width=121)
	  Index Cond: (id = 3977746)

table 2 : explain SELECT c FROM sbtest2 WHERE id=1231590
	Index Scan using sbtest2_pkey on sbtest2  (cost=0.43..8.45 rows=1 width=121)
	  Index Cond: (id = 1231590)

table 3 : explain SELECT c FROM sbtest3 WHERE id=3087855
	Index Scan using sbtest3_pkey on sbtest3  (cost=0.43..8.45 rows=1 width=121)
	  Index Cond: (id = 3087855)

table 4 : explain SELECT c FROM sbtest4 WHERE id=4557458
	Index Scan using sbtest4_pkey on sbtest4  (cost=0.43..8.45 rows=1 width=121)
	  Index Cond: (id = 4557458)

table 5 : explain SELECT c FROM sbtest5 WHERE id=5206659
	Index Scan using sbtest5_pkey on sbtest5  (cost=0.43..8.45 rows=1 width=121)
	  Index Cond: (id = 5206659)

table 6 : explain SELECT c FROM sbtest6 WHERE id=6635908
	Index Scan using sbtest6_pkey on sbtest6  (cost=0.43..8.45 rows=1 width=121)
	  Index Cond: (id = 6635908)

table 7 : explain SELECT c FROM sbtest7 WHERE id=1699190
	Index Scan using sbtest7_pkey on sbtest7  (cost=0.43..8.45 rows=1 width=121)
	  Index Cond: (id = 1699190)

table 8 : explain SELECT c FROM sbtest8 WHERE id=9563871
	Index Scan using sbtest8_pkey on sbtest8  (cost=0.43..8.45 rows=1 width=121)
	  Index Cond: (id = 9563871)

for: order_ranges
table 1 : explain SELECT c FROM sbtest1 WHERE id BETWEEN 3084165 AND 3084174 ORDER BY c
	Sort  (cost=44.67..44.70 rows=11 width=121)
	  Sort Key: c
	  ->  Index Scan using sbtest1_pkey on sbtest1  (cost=0.43..44.48 rows=11 width=121)
	        Index Cond: ((id >= 3084165) AND (id <= 3084174))

table 2 : explain SELECT c FROM sbtest2 WHERE id BETWEEN 3400196 AND 3400205 ORDER BY c
	Sort  (cost=41.05..41.08 rows=10 width=121)
	  Sort Key: c
	  ->  Index Scan using sbtest2_pkey on sbtest2  (cost=0.43..40.89 rows=10 width=121)
	        Index Cond: ((id >= 3400196) AND (id <= 3400205))

table 3 : explain SELECT c FROM sbtest3 WHERE id BETWEEN 801052 AND 801061 ORDER BY c
	Sort  (cost=37.29..37.31 rows=9 width=121)
	  Sort Key: c
	  ->  Index Scan using sbtest3_pkey on sbtest3  (cost=0.43..37.15 rows=9 width=121)
	        Index Cond: ((id >= 801052) AND (id <= 801061))

table 4 : explain SELECT c FROM sbtest4 WHERE id BETWEEN 409823 AND 409832 ORDER BY c
	Sort  (cost=37.02..37.04 rows=9 width=121)
	  Sort Key: c
	  ->  Index Scan using sbtest4_pkey on sbtest4  (cost=0.43..36.88 rows=9 width=121)
	        Index Cond: ((id >= 409823) AND (id <= 409832))

table 5 : explain SELECT c FROM sbtest5 WHERE id BETWEEN 9111186 AND 9111195 ORDER BY c
	Sort  (cost=37.26..37.29 rows=9 width=121)
	  Sort Key: c
	  ->  Index Scan using sbtest5_pkey on sbtest5  (cost=0.43..37.12 rows=9 width=121)
	        Index Cond: ((id >= 9111186) AND (id <= 9111195))

table 6 : explain SELECT c FROM sbtest6 WHERE id BETWEEN 4156376 AND 4156385 ORDER BY c
	Sort  (cost=44.50..44.52 rows=11 width=121)
	  Sort Key: c
	  ->  Index Scan using sbtest6_pkey on sbtest6  (cost=0.43..44.31 rows=11 width=121)
	        Index Cond: ((id >= 4156376) AND (id <= 4156385))

table 7 : explain SELECT c FROM sbtest7 WHERE id BETWEEN 7261154 AND 7261163 ORDER BY c
	Sort  (cost=40.91..40.94 rows=10 width=121)
	  Sort Key: c
	  ->  Index Scan using sbtest7_pkey on sbtest7  (cost=0.43..40.75 rows=10 width=121)
	        Index Cond: ((id >= 7261154) AND (id <= 7261163))

table 8 : explain SELECT c FROM sbtest8 WHERE id BETWEEN 4983384 AND 4983393 ORDER BY c
	Sort  (cost=36.94..36.96 rows=9 width=121)
	  Sort Key: c
	  ->  Index Scan using sbtest8_pkey on sbtest8  (cost=0.43..36.79 rows=9 width=121)
	        Index Cond: ((id >= 4983384) AND (id <= 4983393))

for inserts
table 1 : explain INSERT INTO sbtest1 (id, k, c, pad) VALUES (4394213, 13, 'foobar', 'foobar')
	Insert on sbtest1  (cost=0.00..0.01 rows=0 width=0)
	  ->  Result  (cost=0.00..0.01 rows=1 width=736)

table 2 : explain INSERT INTO sbtest2 (id, k, c, pad) VALUES (5469480, 13, 'foobar', 'foobar')
	Insert on sbtest2  (cost=0.00..0.01 rows=0 width=0)
	  ->  Result  (cost=0.00..0.01 rows=1 width=736)

table 3 : explain INSERT INTO sbtest3 (id, k, c, pad) VALUES (8649324, 13, 'foobar', 'foobar')
	Insert on sbtest3  (cost=0.00..0.01 rows=0 width=0)
	  ->  Result  (cost=0.00..0.01 rows=1 width=736)

table 4 : explain INSERT INTO sbtest4 (id, k, c, pad) VALUES (2037087, 13, 'foobar', 'foobar')
	Insert on sbtest4  (cost=0.00..0.01 rows=0 width=0)
	  ->  Result  (cost=0.00..0.01 rows=1 width=736)

table 5 : explain INSERT INTO sbtest5 (id, k, c, pad) VALUES (3122619, 13, 'foobar', 'foobar')
	Insert on sbtest5  (cost=0.00..0.01 rows=0 width=0)
	  ->  Result  (cost=0.00..0.01 rows=1 width=736)

table 6 : explain INSERT INTO sbtest6 (id, k, c, pad) VALUES (5949220, 13, 'foobar', 'foobar')
	Insert on sbtest6  (cost=0.00..0.01 rows=0 width=0)
	  ->  Result  (cost=0.00..0.01 rows=1 width=736)

table 7 : explain INSERT INTO sbtest7 (id, k, c, pad) VALUES (7176944, 13, 'foobar', 'foobar')
	Insert on sbtest7  (cost=0.00..0.01 rows=0 width=0)
	  ->  Result  (cost=0.00..0.01 rows=1 width=736)

table 8 : explain INSERT INTO sbtest8 (id, k, c, pad) VALUES (1376156, 13, 'foobar', 'foobar')
	Insert on sbtest8  (cost=0.00..0.01 rows=0 width=0)
	  ->  Result  (cost=0.00..0.01 rows=1 width=736)

for deletes
table 1 : explain DELETE FROM sbtest1 WHERE id=7618761
	Delete on sbtest1  (cost=0.43..8.45 rows=0 width=0)
	  ->  Index Scan using sbtest1_pkey on sbtest1  (cost=0.43..8.45 rows=1 width=6)
	        Index Cond: (id = 7618761)

table 2 : explain DELETE FROM sbtest2 WHERE id=2592615
	Delete on sbtest2  (cost=0.43..8.45 rows=0 width=0)
	  ->  Index Scan using sbtest2_pkey on sbtest2  (cost=0.43..8.45 rows=1 width=6)
	        Index Cond: (id = 2592615)

table 3 : explain DELETE FROM sbtest3 WHERE id=3232516
	Delete on sbtest3  (cost=0.43..8.45 rows=0 width=0)
	  ->  Index Scan using sbtest3_pkey on sbtest3  (cost=0.43..8.45 rows=1 width=6)
	        Index Cond: (id = 3232516)

table 4 : explain DELETE FROM sbtest4 WHERE id=9360673
	Delete on sbtest4  (cost=0.43..8.45 rows=0 width=0)
	  ->  Index Scan using sbtest4_pkey on sbtest4  (cost=0.43..8.45 rows=1 width=6)
	        Index Cond: (id = 9360673)

table 5 : explain DELETE FROM sbtest5 WHERE id=8748846
	Delete on sbtest5  (cost=0.43..8.45 rows=0 width=0)
	  ->  Index Scan using sbtest5_pkey on sbtest5  (cost=0.43..8.45 rows=1 width=6)
	        Index Cond: (id = 8748846)

table 6 : explain DELETE FROM sbtest6 WHERE id=3618763
	Delete on sbtest6  (cost=0.43..8.45 rows=0 width=0)
	  ->  Index Scan using sbtest6_pkey on sbtest6  (cost=0.43..8.45 rows=1 width=6)
	        Index Cond: (id = 3618763)

table 7 : explain DELETE FROM sbtest7 WHERE id=2710641
	Delete on sbtest7  (cost=0.43..8.45 rows=0 width=0)
	  ->  Index Scan using sbtest7_pkey on sbtest7  (cost=0.43..8.45 rows=1 width=6)
	        Index Cond: (id = 2710641)

table 8 : explain DELETE FROM sbtest8 WHERE id=830788
	Delete on sbtest8  (cost=0.43..8.45 rows=0 width=0)
	  ->  Index Scan using sbtest8_pkey on sbtest8  (cost=0.43..8.45 rows=1 width=6)
	        Index Cond: (id = 830788)

for deletes
table 1 : explain DELETE FROM sbtest1 WHERE id=2258193
	Delete on sbtest1  (cost=0.43..8.45 rows=0 width=0)
	  ->  Index Scan using sbtest1_pkey on sbtest1  (cost=0.43..8.45 rows=1 width=6)
	        Index Cond: (id = 2258193)

table 2 : explain DELETE FROM sbtest2 WHERE id=8670633
	Delete on sbtest2  (cost=0.43..8.45 rows=0 width=0)
	  ->  Index Scan using sbtest2_pkey on sbtest2  (cost=0.43..8.45 rows=1 width=6)
	        Index Cond: (id = 8670633)

table 3 : explain DELETE FROM sbtest3 WHERE id=2454745
	Delete on sbtest3  (cost=0.43..8.45 rows=0 width=0)
	  ->  Index Scan using sbtest3_pkey on sbtest3  (cost=0.43..8.45 rows=1 width=6)
	        Index Cond: (id = 2454745)

table 4 : explain DELETE FROM sbtest4 WHERE id=3139040
	Delete on sbtest4  (cost=0.43..8.45 rows=0 width=0)
	  ->  Index Scan using sbtest4_pkey on sbtest4  (cost=0.43..8.45 rows=1 width=6)
	        Index Cond: (id = 3139040)

table 5 : explain DELETE FROM sbtest5 WHERE id=7225080
	Delete on sbtest5  (cost=0.43..8.45 rows=0 width=0)
	  ->  Index Scan using sbtest5_pkey on sbtest5  (cost=0.43..8.45 rows=1 width=6)
	        Index Cond: (id = 7225080)

table 6 : explain DELETE FROM sbtest6 WHERE id=1298814
	Delete on sbtest6  (cost=0.43..8.45 rows=0 width=0)
	  ->  Index Scan using sbtest6_pkey on sbtest6  (cost=0.43..8.45 rows=1 width=6)
	        Index Cond: (id = 1298814)

table 7 : explain DELETE FROM sbtest7 WHERE id=2139386
	Delete on sbtest7  (cost=0.43..8.45 rows=0 width=0)
	  ->  Index Scan using sbtest7_pkey on sbtest7  (cost=0.43..8.45 rows=1 width=6)
	        Index Cond: (id = 2139386)

table 8 : explain DELETE FROM sbtest8 WHERE id=8920186
	Delete on sbtest8  (cost=0.43..8.45 rows=0 width=0)
	  ->  Index Scan using sbtest8_pkey on sbtest8  (cost=0.43..8.45 rows=1 width=6)
	        Index Cond: (id = 8920186)

for: order_ranges
table 1 : explain SELECT c FROM sbtest1 WHERE id BETWEEN 9597414 AND 9597423 ORDER BY c
	Sort  (cost=41.04..41.07 rows=10 width=121)
	  Sort Key: c
	  ->  Index Scan using sbtest1_pkey on sbtest1  (cost=0.43..40.88 rows=10 width=121)
	        Index Cond: ((id >= 9597414) AND (id <= 9597423))

table 2 : explain SELECT c FROM sbtest2 WHERE id BETWEEN 7250736 AND 7250745 ORDER BY c
	Sort  (cost=41.05..41.08 rows=10 width=121)
	  Sort Key: c
	  ->  Index Scan using sbtest2_pkey on sbtest2  (cost=0.43..40.89 rows=10 width=121)
	        Index Cond: ((id >= 7250736) AND (id <= 7250745))

table 3 : explain SELECT c FROM sbtest3 WHERE id BETWEEN 9100585 AND 9100594 ORDER BY c
	Sort  (cost=40.90..40.93 rows=10 width=121)
	  Sort Key: c
	  ->  Index Scan using sbtest3_pkey on sbtest3  (cost=0.43..40.73 rows=10 width=121)
	        Index Cond: ((id >= 9100585) AND (id <= 9100594))

table 4 : explain SELECT c FROM sbtest4 WHERE id BETWEEN 7207245 AND 7207254 ORDER BY c
	Sort  (cost=37.02..37.04 rows=9 width=121)
	  Sort Key: c
	  ->  Index Scan using sbtest4_pkey on sbtest4  (cost=0.43..36.88 rows=9 width=121)
	        Index Cond: ((id >= 7207245) AND (id <= 7207254))

table 5 : explain SELECT c FROM sbtest5 WHERE id BETWEEN 3317213 AND 3317222 ORDER BY c
	Sort  (cost=40.87..40.89 rows=10 width=121)
	  Sort Key: c
	  ->  Index Scan using sbtest5_pkey on sbtest5  (cost=0.43..40.70 rows=10 width=121)
	        Index Cond: ((id >= 3317213) AND (id <= 3317222))

table 6 : explain SELECT c FROM sbtest6 WHERE id BETWEEN 9930621 AND 9930630 ORDER BY c
	Sort  (cost=40.89..40.91 rows=10 width=121)
	  Sort Key: c
	  ->  Index Scan using sbtest6_pkey on sbtest6  (cost=0.43..40.72 rows=10 width=121)
	        Index Cond: ((id >= 9930621) AND (id <= 9930630))

table 7 : explain SELECT c FROM sbtest7 WHERE id BETWEEN 337621 AND 337630 ORDER BY c
	Sort  (cost=40.91..40.94 rows=10 width=121)
	  Sort Key: c
	  ->  Index Scan using sbtest7_pkey on sbtest7  (cost=0.43..40.75 rows=10 width=121)
	        Index Cond: ((id >= 337621) AND (id <= 337630))

table 8 : explain SELECT c FROM sbtest8 WHERE id BETWEEN 2393476 AND 2393485 ORDER BY c
	Sort  (cost=40.50..40.53 rows=10 width=121)
	  Sort Key: c
	  ->  Index Scan using sbtest8_pkey on sbtest8  (cost=0.43..40.34 rows=10 width=121)
	        Index Cond: ((id >= 2393476) AND (id <= 2393485))

explain: for inserts :: explain INSERT INTO sbtest%u (id, k, c, pad) VALUES (%u, 13, 'foobar', 'foobar')
explain: for index_updates :: explain UPDATE sbtest%u SET k=k+1 WHERE id=%u
for deletes
table 1 : explain DELETE FROM sbtest1 WHERE id=5622210
	Delete on sbtest1  (cost=0.43..8.45 rows=0 width=0)
	  ->  Index Scan using sbtest1_pkey on sbtest1  (cost=0.43..8.45 rows=1 width=6)
	        Index Cond: (id = 5622210)

table 2 : explain DELETE FROM sbtest2 WHERE id=8627499
	Delete on sbtest2  (cost=0.43..8.45 rows=0 width=0)
	  ->  Index Scan using sbtest2_pkey on sbtest2  (cost=0.43..8.45 rows=1 width=6)
	        Index Cond: (id = 8627499)

table 3 : explain DELETE FROM sbtest3 WHERE id=640584
	Delete on sbtest3  (cost=0.43..8.45 rows=0 width=0)
	  ->  Index Scan using sbtest3_pkey on sbtest3  (cost=0.43..8.45 rows=1 width=6)
	        Index Cond: (id = 640584)

table 4 : explain DELETE FROM sbtest4 WHERE id=3043942
	Delete on sbtest4  (cost=0.43..8.45 rows=0 width=0)
	  ->  Index Scan using sbtest4_pkey on sbtest4  (cost=0.43..8.45 rows=1 width=6)
	        Index Cond: (id = 3043942)

table 5 : explain DELETE FROM sbtest5 WHERE id=1576245
	Delete on sbtest5  (cost=0.43..8.45 rows=0 width=0)
	  ->  Index Scan using sbtest5_pkey on sbtest5  (cost=0.43..8.45 rows=1 width=6)
	        Index Cond: (id = 1576245)

table 6 : explain DELETE FROM sbtest6 WHERE id=1085104
	Delete on sbtest6  (cost=0.43..8.45 rows=0 width=0)
	  ->  Index Scan using sbtest6_pkey on sbtest6  (cost=0.43..8.45 rows=1 width=6)
	        Index Cond: (id = 1085104)

table 7 : explain DELETE FROM sbtest7 WHERE id=6238140
	Delete on sbtest7  (cost=0.43..8.45 rows=0 width=0)
	  ->  Index Scan using sbtest7_pkey on sbtest7  (cost=0.43..8.45 rows=1 width=6)
	        Index Cond: (id = 6238140)

table 8 : explain DELETE FROM sbtest8 WHERE id=3913635
	Delete on sbtest8  (cost=0.43..8.45 rows=0 width=0)
	  ->  Index Scan using sbtest8_pkey on sbtest8  (cost=0.43..8.45 rows=1 width=6)
	        Index Cond: (id = 3913635)

for: sum_ranges
table 1 : explain SELECT SUM(k) FROM sbtest1 WHERE id BETWEEN 8388035 AND 8388044
	Aggregate  (cost=40.90..40.91 rows=1 width=8)
	  ->  Index Scan using sbtest1_pkey on sbtest1  (cost=0.43..40.88 rows=10 width=4)
	        Index Cond: ((id >= 8388035) AND (id <= 8388044))

table 2 : explain SELECT SUM(k) FROM sbtest2 WHERE id BETWEEN 21935 AND 21944
	Aggregate  (cost=40.91..40.92 rows=1 width=8)
	  ->  Index Scan using sbtest2_pkey on sbtest2  (cost=0.43..40.89 rows=10 width=4)
	        Index Cond: ((id >= 21935) AND (id <= 21944))

table 3 : explain SELECT SUM(k) FROM sbtest3 WHERE id BETWEEN 7842461 AND 7842470
	Aggregate  (cost=40.76..40.77 rows=1 width=8)
	  ->  Index Scan using sbtest3_pkey on sbtest3  (cost=0.43..40.73 rows=10 width=4)
	        Index Cond: ((id >= 7842461) AND (id <= 7842470))

table 4 : explain SELECT SUM(k) FROM sbtest4 WHERE id BETWEEN 8678885 AND 8678894
	Aggregate  (cost=40.46..40.47 rows=1 width=8)
	  ->  Index Scan using sbtest4_pkey on sbtest4  (cost=0.43..40.43 rows=10 width=4)
	        Index Cond: ((id >= 8678885) AND (id <= 8678894))

table 5 : explain SELECT SUM(k) FROM sbtest5 WHERE id BETWEEN 3755704 AND 3755713
	Aggregate  (cost=40.73..40.74 rows=1 width=8)
	  ->  Index Scan using sbtest5_pkey on sbtest5  (cost=0.43..40.70 rows=10 width=4)
	        Index Cond: ((id >= 3755704) AND (id <= 3755713))

table 6 : explain SELECT SUM(k) FROM sbtest6 WHERE id BETWEEN 4189673 AND 4189682
	Aggregate  (cost=44.33..44.34 rows=1 width=8)
	  ->  Index Scan using sbtest6_pkey on sbtest6  (cost=0.43..44.31 rows=11 width=4)
	        Index Cond: ((id >= 4189673) AND (id <= 4189682))

table 7 : explain SELECT SUM(k) FROM sbtest7 WHERE id BETWEEN 8034061 AND 8034070
	Aggregate  (cost=40.77..40.78 rows=1 width=8)
	  ->  Index Scan using sbtest7_pkey on sbtest7  (cost=0.43..40.75 rows=10 width=4)
	        Index Cond: ((id >= 8034061) AND (id <= 8034070))

table 8 : explain SELECT SUM(k) FROM sbtest8 WHERE id BETWEEN 1027733 AND 1027742
	Aggregate  (cost=40.36..40.37 rows=1 width=8)
	  ->  Index Scan using sbtest8_pkey on sbtest8  (cost=0.43..40.34 rows=10 width=4)
	        Index Cond: ((id >= 1027733) AND (id <= 1027742))

explain: for inserts :: explain INSERT INTO sbtest%u (id, k, c, pad) VALUES (%u, 13, 'foobar', 'foobar')
for point_selects
table 1 : explain SELECT c FROM sbtest1 WHERE id=8091585
	Index Scan using sbtest1_pkey on sbtest1  (cost=0.43..8.45 rows=1 width=121)
	  Index Cond: (id = 8091585)

table 2 : explain SELECT c FROM sbtest2 WHERE id=1098368
	Index Scan using sbtest2_pkey on sbtest2  (cost=0.43..8.45 rows=1 width=121)
	  Index Cond: (id = 1098368)

table 3 : explain SELECT c FROM sbtest3 WHERE id=4613677
	Index Scan using sbtest3_pkey on sbtest3  (cost=0.43..8.45 rows=1 width=121)
	  Index Cond: (id = 4613677)

table 4 : explain SELECT c FROM sbtest4 WHERE id=5941983
	Index Scan using sbtest4_pkey on sbtest4  (cost=0.43..8.45 rows=1 width=121)
	  Index Cond: (id = 5941983)

table 5 : explain SELECT c FROM sbtest5 WHERE id=474424
	Index Scan using sbtest5_pkey on sbtest5  (cost=0.43..8.45 rows=1 width=121)
	  Index Cond: (id = 474424)

table 6 : explain SELECT c FROM sbtest6 WHERE id=615238
	Index Scan using sbtest6_pkey on sbtest6  (cost=0.43..8.45 rows=1 width=121)
	  Index Cond: (id = 615238)

table 7 : explain SELECT c FROM sbtest7 WHERE id=284966
	Index Scan using sbtest7_pkey on sbtest7  (cost=0.43..8.45 rows=1 width=121)
	  Index Cond: (id = 284966)

table 8 : explain SELECT c FROM sbtest8 WHERE id=3072130
	Index Scan using sbtest8_pkey on sbtest8  (cost=0.43..8.45 rows=1 width=121)
	  Index Cond: (id = 3072130)

for: order_ranges
table 1 : explain SELECT c FROM sbtest1 WHERE id BETWEEN 6194849 AND 6194858 ORDER BY c
	Sort  (cost=41.04..41.07 rows=10 width=121)
	  Sort Key: c
	  ->  Index Scan using sbtest1_pkey on sbtest1  (cost=0.43..40.88 rows=10 width=121)
	        Index Cond: ((id >= 6194849) AND (id <= 6194858))

table 2 : explain SELECT c FROM sbtest2 WHERE id BETWEEN 9386258 AND 9386267 ORDER BY c
	Sort  (cost=41.05..41.08 rows=10 width=121)
	  Sort Key: c
	  ->  Index Scan using sbtest2_pkey on sbtest2  (cost=0.43..40.89 rows=10 width=121)
	        Index Cond: ((id >= 9386258) AND (id <= 9386267))

table 3 : explain SELECT c FROM sbtest3 WHERE id BETWEEN 7111793 AND 7111802 ORDER BY c
	Sort  (cost=44.51..44.54 rows=11 width=121)
	  Sort Key: c
	  ->  Index Scan using sbtest3_pkey on sbtest3  (cost=0.43..44.32 rows=11 width=121)
	        Index Cond: ((id >= 7111793) AND (id <= 7111802))

table 4 : explain SELECT c FROM sbtest4 WHERE id BETWEEN 438827 AND 438836 ORDER BY c
	Sort  (cost=40.60..40.62 rows=10 width=121)
	  Sort Key: c
	  ->  Index Scan using sbtest4_pkey on sbtest4  (cost=0.43..40.43 rows=10 width=121)
	        Index Cond: ((id >= 438827) AND (id <= 438836))

table 5 : explain SELECT c FROM sbtest5 WHERE id BETWEEN 8614621 AND 8614630 ORDER BY c
	Sort  (cost=40.87..40.89 rows=10 width=121)
	  Sort Key: c
	  ->  Index Scan using sbtest5_pkey on sbtest5  (cost=0.43..40.70 rows=10 width=121)
	        Index Cond: ((id >= 8614621) AND (id <= 8614630))

table 6 : explain SELECT c FROM sbtest6 WHERE id BETWEEN 7870262 AND 7870271 ORDER BY c
	Sort  (cost=40.89..40.91 rows=10 width=121)
	  Sort Key: c
	  ->  Index Scan using sbtest6_pkey on sbtest6  (cost=0.43..40.72 rows=10 width=121)
	        Index Cond: ((id >= 7870262) AND (id <= 7870271))

table 7 : explain SELECT c FROM sbtest7 WHERE id BETWEEN 6502536 AND 6502545 ORDER BY c
	Sort  (cost=37.30..37.33 rows=9 width=121)
	  Sort Key: c
	  ->  Index Scan using sbtest7_pkey on sbtest7  (cost=0.43..37.16 rows=9 width=121)
	        Index Cond: ((id >= 6502536) AND (id <= 6502545))

table 8 : explain SELECT c FROM sbtest8 WHERE id BETWEEN 5989150 AND 5989159 ORDER BY c
	Sort  (cost=40.50..40.53 rows=10 width=121)
	  Sort Key: c
	  ->  Index Scan using sbtest8_pkey on sbtest8  (cost=0.43..40.34 rows=10 width=121)
	        Index Cond: ((id >= 5989150) AND (id <= 5989159))
explain: for point_selects :: explain SELECT c FROM sbtest%u WHERE id=%u

for point_selects
table 1 : explain SELECT c FROM sbtest1 WHERE id=5722892
	Index Scan using sbtest1_pkey on sbtest1  (cost=0.43..8.45 rows=1 width=121)
	  Index Cond: (id = 5722892)

table 2 : explain SELECT c FROM sbtest2 WHERE id=816894
	Index Scan using sbtest2_pkey on sbtest2  (cost=0.43..8.45 rows=1 width=121)
	  Index Cond: (id = 816894)

table 3 : explain SELECT c FROM sbtest3 WHERE id=417703
	Index Scan using sbtest3_pkey on sbtest3  (cost=0.43..8.45 rows=1 width=121)
	  Index Cond: (id = 417703)

table 4 : explain SELECT c FROM sbtest4 WHERE id=511022
	Index Scan using sbtest4_pkey on sbtest4  (cost=0.43..8.45 rows=1 width=121)
	  Index Cond: (id = 511022)

table 5 : explain SELECT c FROM sbtest5 WHERE id=7497603
	Index Scan using sbtest5_pkey on sbtest5  (cost=0.43..8.45 rows=1 width=121)
	  Index Cond: (id = 7497603)

table 6 : explain SELECT c FROM sbtest6 WHERE id=4287705
	Index Scan using sbtest6_pkey on sbtest6  (cost=0.43..8.45 rows=1 width=121)
	  Index Cond: (id = 4287705)

table 7 : explain SELECT c FROM sbtest7 WHERE id=8956675
	Index Scan using sbtest7_pkey on sbtest7  (cost=0.43..8.45 rows=1 width=121)
	  Index Cond: (id = 8956675)

table 8 : explain SELECT c FROM sbtest8 WHERE id=5457130
	Index Scan using sbtest8_pkey on sbtest8  (cost=0.43..8.45 rows=1 width=121)
	  Index Cond: (id = 5457130)

for inserts
table 1 : explain INSERT INTO sbtest1 (id, k, c, pad) VALUES (5465387, 13, 'foobar', 'foobar')
	Insert on sbtest1  (cost=0.00..0.01 rows=0 width=0)
	  ->  Result  (cost=0.00..0.01 rows=1 width=736)

table 2 : explain INSERT INTO sbtest2 (id, k, c, pad) VALUES (7919958, 13, 'foobar', 'foobar')
	Insert on sbtest2  (cost=0.00..0.01 rows=0 width=0)
	  ->  Result  (cost=0.00..0.01 rows=1 width=736)

table 3 : explain INSERT INTO sbtest3 (id, k, c, pad) VALUES (8214456, 13, 'foobar', 'foobar')
	Insert on sbtest3  (cost=0.00..0.01 rows=0 width=0)
	  ->  Result  (cost=0.00..0.01 rows=1 width=736)

table 4 : explain INSERT INTO sbtest4 (id, k, c, pad) VALUES (85724, 13, 'foobar', 'foobar')
	Insert on sbtest4  (cost=0.00..0.01 rows=0 width=0)
	  ->  Result  (cost=0.00..0.01 rows=1 width=736)

table 5 : explain INSERT INTO sbtest5 (id, k, c, pad) VALUES (6284857, 13, 'foobar', 'foobar')
	Insert on sbtest5  (cost=0.00..0.01 rows=0 width=0)
	  ->  Result  (cost=0.00..0.01 rows=1 width=736)

table 6 : explain INSERT INTO sbtest6 (id, k, c, pad) VALUES (3453993, 13, 'foobar', 'foobar')
	Insert on sbtest6  (cost=0.00..0.01 rows=0 width=0)
	  ->  Result  (cost=0.00..0.01 rows=1 width=736)

table 7 : explain INSERT INTO sbtest7 (id, k, c, pad) VALUES (144454, 13, 'foobar', 'foobar')
	Insert on sbtest7  (cost=0.00..0.01 rows=0 width=0)
	  ->  Result  (cost=0.00..0.01 rows=1 width=736)

table 8 : explain INSERT INTO sbtest8 (id, k, c, pad) VALUES (2675362, 13, 'foobar', 'foobar')
	Insert on sbtest8  (cost=0.00..0.01 rows=0 width=0)
	  ->  Result  (cost=0.00..0.01 rows=1 width=736)

explain: for inserts :: explain INSERT INTO sbtest%u (id, k, c, pad) VALUES (%u, 13, 'foobar', 'foobar')
explain: for inserts :: explain INSERT INTO sbtest%u (id, k, c, pad) VALUES (%u, 13, 'foobar', 'foobar')
for inserts
table 1 : explain INSERT INTO sbtest1 (id, k, c, pad) VALUES (7842150, 13, 'foobar', 'foobar')
	Insert on sbtest1  (cost=0.00..0.01 rows=0 width=0)
	  ->  Result  (cost=0.00..0.01 rows=1 width=736)

table 2 : explain INSERT INTO sbtest2 (id, k, c, pad) VALUES (7925781, 13, 'foobar', 'foobar')
	Insert on sbtest2  (cost=0.00..0.01 rows=0 width=0)
	  ->  Result  (cost=0.00..0.01 rows=1 width=736)

table 3 : explain INSERT INTO sbtest3 (id, k, c, pad) VALUES (261193, 13, 'foobar', 'foobar')
	Insert on sbtest3  (cost=0.00..0.01 rows=0 width=0)
	  ->  Result  (cost=0.00..0.01 rows=1 width=736)

table 4 : explain INSERT INTO sbtest4 (id, k, c, pad) VALUES (377863, 13, 'foobar', 'foobar')
	Insert on sbtest4  (cost=0.00..0.01 rows=0 width=0)
	  ->  Result  (cost=0.00..0.01 rows=1 width=736)

table 5 : explain INSERT INTO sbtest5 (id, k, c, pad) VALUES (4959406, 13, 'foobar', 'foobar')
	Insert on sbtest5  (cost=0.00..0.01 rows=0 width=0)
	  ->  Result  (cost=0.00..0.01 rows=1 width=736)

table 6 : explain INSERT INTO sbtest6 (id, k, c, pad) VALUES (4082167, 13, 'foobar', 'foobar')
	Insert on sbtest6  (cost=0.00..0.01 rows=0 width=0)
	  ->  Result  (cost=0.00..0.01 rows=1 width=736)

table 7 : explain INSERT INTO sbtest7 (id, k, c, pad) VALUES (7228143, 13, 'foobar', 'foobar')
	Insert on sbtest7  (cost=0.00..0.01 rows=0 width=0)
	  ->  Result  (cost=0.00..0.01 rows=1 width=736)

table 8 : explain INSERT INTO sbtest8 (id, k, c, pad) VALUES (1204631, 13, 'foobar', 'foobar')
	Insert on sbtest8  (cost=0.00..0.01 rows=0 width=0)
	  ->  Result  (cost=0.00..0.01 rows=1 width=736)

explain: for point_selects :: explain SELECT c FROM sbtest%u WHERE id=%u
explain: for point_selects :: explain SELECT c FROM sbtest%u WHERE id=%u
for: order_ranges
table 1 : explain SELECT c FROM sbtest1 WHERE id BETWEEN 9017424 AND 9017433 ORDER BY c
	Sort  (cost=41.04..41.07 rows=10 width=121)
	  Sort Key: c
	  ->  Index Scan using sbtest1_pkey on sbtest1  (cost=0.43..40.88 rows=10 width=121)
	        Index Cond: ((id >= 9017424) AND (id <= 9017433))

table 2 : explain SELECT c FROM sbtest2 WHERE id BETWEEN 3092846 AND 3092855 ORDER BY c
	Sort  (cost=41.05..41.08 rows=10 width=121)
	  Sort Key: c
	  ->  Index Scan using sbtest2_pkey on sbtest2  (cost=0.43..40.89 rows=10 width=121)
	        Index Cond: ((id >= 3092846) AND (id <= 3092855))

table 3 : explain SELECT c FROM sbtest3 WHERE id BETWEEN 9533612 AND 9533621 ORDER BY c
	Sort  (cost=40.90..40.93 rows=10 width=121)
	  Sort Key: c
	  ->  Index Scan using sbtest3_pkey on sbtest3  (cost=0.43..40.73 rows=10 width=121)
	        Index Cond: ((id >= 9533612) AND (id <= 9533621))

table 4 : explain SELECT c FROM sbtest4 WHERE id BETWEEN 6774268 AND 6774277 ORDER BY c
	Sort  (cost=37.02..37.04 rows=9 width=121)
	  Sort Key: c
	  ->  Index Scan using sbtest4_pkey on sbtest4  (cost=0.43..36.88 rows=9 width=121)
	        Index Cond: ((id >= 6774268) AND (id <= 6774277))

table 5 : explain SELECT c FROM sbtest5 WHERE id BETWEEN 657497 AND 657506 ORDER BY c
	Sort  (cost=44.48..44.50 rows=11 width=121)
	  Sort Key: c
	  ->  Index Scan using sbtest5_pkey on sbtest5  (cost=0.43..44.29 rows=11 width=121)
	        Index Cond: ((id >= 657497) AND (id <= 657506))

table 6 : explain SELECT c FROM sbtest6 WHERE id BETWEEN 1930846 AND 1930855 ORDER BY c
	Sort  (cost=40.89..40.91 rows=10 width=121)
	  Sort Key: c
	  ->  Index Scan using sbtest6_pkey on sbtest6  (cost=0.43..40.72 rows=10 width=121)
	        Index Cond: ((id >= 1930846) AND (id <= 1930855))

table 7 : explain SELECT c FROM sbtest7 WHERE id BETWEEN 2103470 AND 2103479 ORDER BY c
	Sort  (cost=37.30..37.33 rows=9 width=121)
	  Sort Key: c
	  ->  Index Scan using sbtest7_pkey on sbtest7  (cost=0.43..37.16 rows=9 width=121)
	        Index Cond: ((id >= 2103470) AND (id <= 2103479))

table 8 : explain SELECT c FROM sbtest8 WHERE id BETWEEN 4629468 AND 4629477 ORDER BY c
	Sort  (cost=40.50..40.53 rows=10 width=121)
	  Sort Key: c
	  ->  Index Scan using sbtest8_pkey on sbtest8  (cost=0.43..40.34 rows=10 width=121)
	        Index Cond: ((id >= 4629468) AND (id <= 4629477))

explain: for inserts :: explain INSERT INTO sbtest%u (id, k, c, pad) VALUES (%u, 13, 'foobar', 'foobar')
for: simple_ranges
table 1 : explain SELECT c FROM sbtest1 WHERE id BETWEEN 2346263 AND 2346272
	Index Scan using sbtest1_pkey on sbtest1  (cost=0.43..40.88 rows=10 width=121)
	  Index Cond: ((id >= 2346263) AND (id <= 2346272))

table 2 : explain SELECT c FROM sbtest2 WHERE id BETWEEN 3575189 AND 3575198
	Index Scan using sbtest2_pkey on sbtest2  (cost=0.43..44.49 rows=11 width=121)
	  Index Cond: ((id >= 3575189) AND (id <= 3575198))

table 3 : explain SELECT c FROM sbtest3 WHERE id BETWEEN 4858415 AND 4858424
	Index Scan using sbtest3_pkey on sbtest3  (cost=0.43..40.73 rows=10 width=121)
	  Index Cond: ((id >= 4858415) AND (id <= 4858424))

table 4 : explain SELECT c FROM sbtest4 WHERE id BETWEEN 1141315 AND 1141324
	Index Scan using sbtest4_pkey on sbtest4  (cost=0.43..40.43 rows=10 width=121)
	  Index Cond: ((id >= 1141315) AND (id <= 1141324))

table 5 : explain SELECT c FROM sbtest5 WHERE id BETWEEN 7252819 AND 7252828
	Index Scan using sbtest5_pkey on sbtest5  (cost=0.43..44.29 rows=11 width=121)
	  Index Cond: ((id >= 7252819) AND (id <= 7252828))

table 6 : explain SELECT c FROM sbtest6 WHERE id BETWEEN 1665228 AND 1665237
	Index Scan using sbtest6_pkey on sbtest6  (cost=0.43..40.72 rows=10 width=121)
	  Index Cond: ((id >= 1665228) AND (id <= 1665237))

table 7 : explain SELECT c FROM sbtest7 WHERE id BETWEEN 7291370 AND 7291379
	Index Scan using sbtest7_pkey on sbtest7  (cost=0.43..40.75 rows=10 width=121)
	  Index Cond: ((id >= 7291370) AND (id <= 7291379))

table 8 : explain SELECT c FROM sbtest8 WHERE id BETWEEN 1451539 AND 1451548
	Index Scan using sbtest8_pkey on sbtest8  (cost=0.43..43.88 rows=11 width=121)
	  Index Cond: ((id >= 1451539) AND (id <= 1451548))

explain: for inserts :: explain INSERT INTO sbtest%u (id, k, c, pad) VALUES (%u, 13, 'foobar', 'foobar')
for index_updates
table 1 : explain UPDATE sbtest1 SET k=k+1 WHERE id=7213324
	Update on sbtest1  (cost=0.43..8.46 rows=0 width=0)
	  ->  Index Scan using sbtest1_pkey on sbtest1  (cost=0.43..8.46 rows=1 width=10)
	        Index Cond: (id = 7213324)

table 2 : explain UPDATE sbtest2 SET k=k+1 WHERE id=2354573
	Update on sbtest2  (cost=0.43..8.46 rows=0 width=0)
	  ->  Index Scan using sbtest2_pkey on sbtest2  (cost=0.43..8.46 rows=1 width=10)
	        Index Cond: (id = 2354573)

table 3 : explain UPDATE sbtest3 SET k=k+1 WHERE id=8849703
	Update on sbtest3  (cost=0.43..8.46 rows=0 width=0)
	  ->  Index Scan using sbtest3_pkey on sbtest3  (cost=0.43..8.46 rows=1 width=10)
	        Index Cond: (id = 8849703)

table 4 : explain UPDATE sbtest4 SET k=k+1 WHERE id=6630820
	Update on sbtest4  (cost=0.43..8.46 rows=0 width=0)
	  ->  Index Scan using sbtest4_pkey on sbtest4  (cost=0.43..8.46 rows=1 width=10)
	        Index Cond: (id = 6630820)

table 5 : explain UPDATE sbtest5 SET k=k+1 WHERE id=7370660
	Update on sbtest5  (cost=0.43..8.46 rows=0 width=0)
	  ->  Index Scan using sbtest5_pkey on sbtest5  (cost=0.43..8.46 rows=1 width=10)
	        Index Cond: (id = 7370660)

table 6 : explain UPDATE sbtest6 SET k=k+1 WHERE id=2646626
	Update on sbtest6  (cost=0.43..8.46 rows=0 width=0)
	  ->  Index Scan using sbtest6_pkey on sbtest6  (cost=0.43..8.46 rows=1 width=10)
	        Index Cond: (id = 2646626)

table 7 : explain UPDATE sbtest7 SET k=k+1 WHERE id=7433458
	Update on sbtest7  (cost=0.43..8.46 rows=0 width=0)
	  ->  Index Scan using sbtest7_pkey on sbtest7  (cost=0.43..8.46 rows=1 width=10)
	        Index Cond: (id = 7433458)

table 8 : explain UPDATE sbtest8 SET k=k+1 WHERE id=5784460
	Update on sbtest8  (cost=0.43..8.46 rows=0 width=0)
	  ->  Index Scan using sbtest8_pkey on sbtest8  (cost=0.43..8.46 rows=1 width=10)
	        Index Cond: (id = 5784460)

for inserts
table 1 : explain INSERT INTO sbtest1 (id, k, c, pad) VALUES (4092596, 13, 'foobar', 'foobar')
	Insert on sbtest1  (cost=0.00..0.01 rows=0 width=0)
	  ->  Result  (cost=0.00..0.01 rows=1 width=736)

table 2 : explain INSERT INTO sbtest2 (id, k, c, pad) VALUES (8734195, 13, 'foobar', 'foobar')
	Insert on sbtest2  (cost=0.00..0.01 rows=0 width=0)
	  ->  Result  (cost=0.00..0.01 rows=1 width=736)

table 3 : explain INSERT INTO sbtest3 (id, k, c, pad) VALUES (6080901, 13, 'foobar', 'foobar')
	Insert on sbtest3  (cost=0.00..0.01 rows=0 width=0)
	  ->  Result  (cost=0.00..0.01 rows=1 width=736)

table 4 : explain INSERT INTO sbtest4 (id, k, c, pad) VALUES (3738648, 13, 'foobar', 'foobar')
	Insert on sbtest4  (cost=0.00..0.01 rows=0 width=0)
	  ->  Result  (cost=0.00..0.01 rows=1 width=736)

table 5 : explain INSERT INTO sbtest5 (id, k, c, pad) VALUES (6629859, 13, 'foobar', 'foobar')
	Insert on sbtest5  (cost=0.00..0.01 rows=0 width=0)
	  ->  Result  (cost=0.00..0.01 rows=1 width=736)

table 6 : explain INSERT INTO sbtest6 (id, k, c, pad) VALUES (8957243, 13, 'foobar', 'foobar')
	Insert on sbtest6  (cost=0.00..0.01 rows=0 width=0)
	  ->  Result  (cost=0.00..0.01 rows=1 width=736)

table 7 : explain INSERT INTO sbtest7 (id, k, c, pad) VALUES (5860275, 13, 'foobar', 'foobar')
	Insert on sbtest7  (cost=0.00..0.01 rows=0 width=0)
	  ->  Result  (cost=0.00..0.01 rows=1 width=736)

table 8 : explain INSERT INTO sbtest8 (id, k, c, pad) VALUES (1618113, 13, 'foobar', 'foobar')
	Insert on sbtest8  (cost=0.00..0.01 rows=0 width=0)
	  ->  Result  (cost=0.00..0.01 rows=1 width=736)

for index_updates
table 1 : explain UPDATE sbtest1 SET k=k+1 WHERE id=9303668
	Update on sbtest1  (cost=0.43..8.46 rows=0 width=0)
	  ->  Index Scan using sbtest1_pkey on sbtest1  (cost=0.43..8.46 rows=1 width=10)
	        Index Cond: (id = 9303668)

table 2 : explain UPDATE sbtest2 SET k=k+1 WHERE id=76854
	Update on sbtest2  (cost=0.43..8.46 rows=0 width=0)
	  ->  Index Scan using sbtest2_pkey on sbtest2  (cost=0.43..8.46 rows=1 width=10)
	        Index Cond: (id = 76854)

table 3 : explain UPDATE sbtest3 SET k=k+1 WHERE id=4775265
	Update on sbtest3  (cost=0.43..8.46 rows=0 width=0)
	  ->  Index Scan using sbtest3_pkey on sbtest3  (cost=0.43..8.46 rows=1 width=10)
	        Index Cond: (id = 4775265)

table 4 : explain UPDATE sbtest4 SET k=k+1 WHERE id=355665
	Update on sbtest4  (cost=0.43..8.46 rows=0 width=0)
	  ->  Index Scan using sbtest4_pkey on sbtest4  (cost=0.43..8.46 rows=1 width=10)
	        Index Cond: (id = 355665)

table 5 : explain UPDATE sbtest5 SET k=k+1 WHERE id=6916840
	Update on sbtest5  (cost=0.43..8.46 rows=0 width=0)
	  ->  Index Scan using sbtest5_pkey on sbtest5  (cost=0.43..8.46 rows=1 width=10)
	        Index Cond: (id = 6916840)

table 6 : explain UPDATE sbtest6 SET k=k+1 WHERE id=7960449
	Update on sbtest6  (cost=0.43..8.46 rows=0 width=0)
	  ->  Index Scan using sbtest6_pkey on sbtest6  (cost=0.43..8.46 rows=1 width=10)
	        Index Cond: (id = 7960449)

table 7 : explain UPDATE sbtest7 SET k=k+1 WHERE id=709244
	Update on sbtest7  (cost=0.43..8.46 rows=0 width=0)
	  ->  Index Scan using sbtest7_pkey on sbtest7  (cost=0.43..8.46 rows=1 width=10)
	        Index Cond: (id = 709244)

table 8 : explain UPDATE sbtest8 SET k=k+1 WHERE id=7158166
	Update on sbtest8  (cost=0.43..8.46 rows=0 width=0)
	  ->  Index Scan using sbtest8_pkey on sbtest8  (cost=0.43..8.46 rows=1 width=10)
	        Index Cond: (id = 7158166)

explain: for point_selects :: explain SELECT c FROM sbtest%u WHERE id=%u
for: distinct_ranges
table 1 : explain SELECT DISTINCT c FROM sbtest1 WHERE id BETWEEN 6809730 AND 6809739 ORDER BY c
	Unique  (cost=44.67..44.73 rows=11 width=121)
	  ->  Sort  (cost=44.67..44.70 rows=11 width=121)
	        Sort Key: c
	        ->  Index Scan using sbtest1_pkey on sbtest1  (cost=0.43..44.48 rows=11 width=121)
	              Index Cond: ((id >= 6809730) AND (id <= 6809739))

table 2 : explain SELECT DISTINCT c FROM sbtest2 WHERE id BETWEEN 971761 AND 971770 ORDER BY c
	Unique  (cost=41.05..41.10 rows=10 width=121)
	  ->  Sort  (cost=41.05..41.08 rows=10 width=121)
	        Sort Key: c
	        ->  Index Scan using sbtest2_pkey on sbtest2  (cost=0.43..40.89 rows=10 width=121)
	              Index Cond: ((id >= 971761) AND (id <= 971770))

table 3 : explain SELECT DISTINCT c FROM sbtest3 WHERE id BETWEEN 210634 AND 210643 ORDER BY c
	Unique  (cost=37.29..37.34 rows=9 width=121)
	  ->  Sort  (cost=37.29..37.31 rows=9 width=121)
	        Sort Key: c
	        ->  Index Scan using sbtest3_pkey on sbtest3  (cost=0.43..37.15 rows=9 width=121)
	              Index Cond: ((id >= 210634) AND (id <= 210643))

table 4 : explain SELECT DISTINCT c FROM sbtest4 WHERE id BETWEEN 9792451 AND 9792460 ORDER BY c
	Unique  (cost=40.60..40.65 rows=10 width=121)
	  ->  Sort  (cost=40.60..40.62 rows=10 width=121)
	        Sort Key: c
	        ->  Index Scan using sbtest4_pkey on sbtest4  (cost=0.43..40.43 rows=10 width=121)
	              Index Cond: ((id >= 9792451) AND (id <= 9792460))

table 5 : explain SELECT DISTINCT c FROM sbtest5 WHERE id BETWEEN 6480788 AND 6480797 ORDER BY c
	Unique  (cost=40.87..40.92 rows=10 width=121)
	  ->  Sort  (cost=40.87..40.89 rows=10 width=121)
	        Sort Key: c
	        ->  Index Scan using sbtest5_pkey on sbtest5  (cost=0.43..40.70 rows=10 width=121)
	              Index Cond: ((id >= 6480788) AND (id <= 6480797))

table 6 : explain SELECT DISTINCT c FROM sbtest6 WHERE id BETWEEN 1042902 AND 1042911 ORDER BY c
	Unique  (cost=40.89..40.94 rows=10 width=121)
	  ->  Sort  (cost=40.89..40.91 rows=10 width=121)
	        Sort Key: c
	        ->  Index Scan using sbtest6_pkey on sbtest6  (cost=0.43..40.72 rows=10 width=121)
	              Index Cond: ((id >= 1042902) AND (id <= 1042911))

table 7 : explain SELECT DISTINCT c FROM sbtest7 WHERE id BETWEEN 3795846 AND 3795855 ORDER BY c
	Unique  (cost=37.30..37.35 rows=9 width=121)
	  ->  Sort  (cost=37.30..37.33 rows=9 width=121)
	        Sort Key: c
	        ->  Index Scan using sbtest7_pkey on sbtest7  (cost=0.43..37.16 rows=9 width=121)
	              Index Cond: ((id >= 3795846) AND (id <= 3795855))

table 8 : explain SELECT DISTINCT c FROM sbtest8 WHERE id BETWEEN 2766521 AND 2766530 ORDER BY c
	Unique  (cost=40.50..40.55 rows=10 width=121)
	  ->  Sort  (cost=40.50..40.53 rows=10 width=121)
	        Sort Key: c
	        ->  Index Scan using sbtest8_pkey on sbtest8  (cost=0.43..40.34 rows=10 width=121)
	              Index Cond: ((id >= 2766521) AND (id <= 2766530))

for: order_ranges
table 1 : explain SELECT c FROM sbtest1 WHERE id BETWEEN 1060465 AND 1060474 ORDER BY c
	Sort  (cost=41.04..41.07 rows=10 width=121)
	  Sort Key: c
	  ->  Index Scan using sbtest1_pkey on sbtest1  (cost=0.43..40.88 rows=10 width=121)
	        Index Cond: ((id >= 1060465) AND (id <= 1060474))

table 2 : explain SELECT c FROM sbtest2 WHERE id BETWEEN 7946689 AND 7946698 ORDER BY c
	Sort  (cost=41.05..41.08 rows=10 width=121)
	  Sort Key: c
	  ->  Index Scan using sbtest2_pkey on sbtest2  (cost=0.43..40.89 rows=10 width=121)
	        Index Cond: ((id >= 7946689) AND (id <= 7946698))

table 3 : explain SELECT c FROM sbtest3 WHERE id BETWEEN 4790618 AND 4790627 ORDER BY c
	Sort  (cost=40.90..40.93 rows=10 width=121)
	  Sort Key: c
	  ->  Index Scan using sbtest3_pkey on sbtest3  (cost=0.43..40.73 rows=10 width=121)
	        Index Cond: ((id >= 4790618) AND (id <= 4790627))

table 4 : explain SELECT c FROM sbtest4 WHERE id BETWEEN 5484565 AND 5484574 ORDER BY c
	Sort  (cost=40.60..40.62 rows=10 width=121)
	  Sort Key: c
	  ->  Index Scan using sbtest4_pkey on sbtest4  (cost=0.43..40.43 rows=10 width=121)
	        Index Cond: ((id >= 5484565) AND (id <= 5484574))

table 5 : explain SELECT c FROM sbtest5 WHERE id BETWEEN 9613623 AND 9613632 ORDER BY c
	Sort  (cost=37.26..37.29 rows=9 width=121)
	  Sort Key: c
	  ->  Index Scan using sbtest5_pkey on sbtest5  (cost=0.43..37.12 rows=9 width=121)
	        Index Cond: ((id >= 9613623) AND (id <= 9613632))

table 6 : explain SELECT c FROM sbtest6 WHERE id BETWEEN 1981261 AND 1981270 ORDER BY c
	Sort  (cost=40.89..40.91 rows=10 width=121)
	  Sort Key: c
	  ->  Index Scan using sbtest6_pkey on sbtest6  (cost=0.43..40.72 rows=10 width=121)
	        Index Cond: ((id >= 1981261) AND (id <= 1981270))

table 7 : explain SELECT c FROM sbtest7 WHERE id BETWEEN 9295369 AND 9295378 ORDER BY c
	Sort  (cost=37.30..37.33 rows=9 width=121)
	  Sort Key: c
	  ->  Index Scan using sbtest7_pkey on sbtest7  (cost=0.43..37.16 rows=9 width=121)
	        Index Cond: ((id >= 9295369) AND (id <= 9295378))

table 8 : explain SELECT c FROM sbtest8 WHERE id BETWEEN 6431764 AND 6431773 ORDER BY c
	Sort  (cost=40.50..40.53 rows=10 width=121)
	  Sort Key: c
	  ->  Index Scan using sbtest8_pkey on sbtest8  (cost=0.43..40.34 rows=10 width=121)
	        Index Cond: ((id >= 6431764) AND (id <= 6431773))

for: distinct_ranges
table 1 : explain SELECT DISTINCT c FROM sbtest1 WHERE id BETWEEN 6895286 AND 6895295 ORDER BY c
	Unique  (cost=41.04..41.09 rows=10 width=121)
	  ->  Sort  (cost=41.04..41.07 rows=10 width=121)
	        Sort Key: c
	        ->  Index Scan using sbtest1_pkey on sbtest1  (cost=0.43..40.88 rows=10 width=121)
	              Index Cond: ((id >= 6895286) AND (id <= 6895295))

table 2 : explain SELECT DISTINCT c FROM sbtest2 WHERE id BETWEEN 5949740 AND 5949749 ORDER BY c
	Unique  (cost=41.05..41.10 rows=10 width=121)
	  ->  Sort  (cost=41.05..41.08 rows=10 width=121)
	        Sort Key: c
	        ->  Index Scan using sbtest2_pkey on sbtest2  (cost=0.43..40.89 rows=10 width=121)
	              Index Cond: ((id >= 5949740) AND (id <= 5949749))

table 3 : explain SELECT DISTINCT c FROM sbtest3 WHERE id BETWEEN 2259730 AND 2259739 ORDER BY c
	Unique  (cost=40.90..40.95 rows=10 width=121)
	  ->  Sort  (cost=40.90..40.93 rows=10 width=121)
	        Sort Key: c
	        ->  Index Scan using sbtest3_pkey on sbtest3  (cost=0.43..40.73 rows=10 width=121)
	              Index Cond: ((id >= 2259730) AND (id <= 2259739))

table 4 : explain SELECT DISTINCT c FROM sbtest4 WHERE id BETWEEN 8781698 AND 8781707 ORDER BY c
	Unique  (cost=40.60..40.65 rows=10 width=121)
	  ->  Sort  (cost=40.60..40.62 rows=10 width=121)
	        Sort Key: c
	        ->  Index Scan using sbtest4_pkey on sbtest4  (cost=0.43..40.43 rows=10 width=121)
	              Index Cond: ((id >= 8781698) AND (id <= 8781707))

table 5 : explain SELECT DISTINCT c FROM sbtest5 WHERE id BETWEEN 7000625 AND 7000634 ORDER BY c
	Unique  (cost=40.87..40.92 rows=10 width=121)
	  ->  Sort  (cost=40.87..40.89 rows=10 width=121)
	        Sort Key: c
	        ->  Index Scan using sbtest5_pkey on sbtest5  (cost=0.43..40.70 rows=10 width=121)
	              Index Cond: ((id >= 7000625) AND (id <= 7000634))

table 6 : explain SELECT DISTINCT c FROM sbtest6 WHERE id BETWEEN 638559 AND 638568 ORDER BY c
	Unique  (cost=40.89..40.94 rows=10 width=121)
	  ->  Sort  (cost=40.89..40.91 rows=10 width=121)
	        Sort Key: c
	        ->  Index Scan using sbtest6_pkey on sbtest6  (cost=0.43..40.72 rows=10 width=121)
	              Index Cond: ((id >= 638559) AND (id <= 638568))

table 7 : explain SELECT DISTINCT c FROM sbtest7 WHERE id BETWEEN 8340290 AND 8340299 ORDER BY c
	Unique  (cost=44.53..44.58 rows=11 width=121)
	  ->  Sort  (cost=44.53..44.55 rows=11 width=121)
	        Sort Key: c
	        ->  Index Scan using sbtest7_pkey on sbtest7  (cost=0.43..44.34 rows=11 width=121)
	              Index Cond: ((id >= 8340290) AND (id <= 8340299))

table 8 : explain SELECT DISTINCT c FROM sbtest8 WHERE id BETWEEN 5896325 AND 5896334 ORDER BY c
	Unique  (cost=40.50..40.55 rows=10 width=121)
	  ->  Sort  (cost=40.50..40.53 rows=10 width=121)
	        Sort Key: c
	        ->  Index Scan using sbtest8_pkey on sbtest8  (cost=0.43..40.34 rows=10 width=121)
	              Index Cond: ((id >= 5896325) AND (id <= 5896334))

for inserts
table 1 : explain INSERT INTO sbtest1 (id, k, c, pad) VALUES (5146535, 13, 'foobar', 'foobar')
	Insert on sbtest1  (cost=0.00..0.01 rows=0 width=0)
	  ->  Result  (cost=0.00..0.01 rows=1 width=736)

table 2 : explain INSERT INTO sbtest2 (id, k, c, pad) VALUES (1824063, 13, 'foobar', 'foobar')
	Insert on sbtest2  (cost=0.00..0.01 rows=0 width=0)
	  ->  Result  (cost=0.00..0.01 rows=1 width=736)

table 3 : explain INSERT INTO sbtest3 (id, k, c, pad) VALUES (8971217, 13, 'foobar', 'foobar')
	Insert on sbtest3  (cost=0.00..0.01 rows=0 width=0)
	  ->  Result  (cost=0.00..0.01 rows=1 width=736)

table 4 : explain INSERT INTO sbtest4 (id, k, c, pad) VALUES (9529493, 13, 'foobar', 'foobar')
	Insert on sbtest4  (cost=0.00..0.01 rows=0 width=0)
	  ->  Result  (cost=0.00..0.01 rows=1 width=736)

table 5 : explain INSERT INTO sbtest5 (id, k, c, pad) VALUES (5834430, 13, 'foobar', 'foobar')
	Insert on sbtest5  (cost=0.00..0.01 rows=0 width=0)
	  ->  Result  (cost=0.00..0.01 rows=1 width=736)

table 6 : explain INSERT INTO sbtest6 (id, k, c, pad) VALUES (83764, 13, 'foobar', 'foobar')
	Insert on sbtest6  (cost=0.00..0.01 rows=0 width=0)
	  ->  Result  (cost=0.00..0.01 rows=1 width=736)

table 7 : explain INSERT INTO sbtest7 (id, k, c, pad) VALUES (5786696, 13, 'foobar', 'foobar')
	Insert on sbtest7  (cost=0.00..0.01 rows=0 width=0)
	  ->  Result  (cost=0.00..0.01 rows=1 width=736)

table 8 : explain INSERT INTO sbtest8 (id, k, c, pad) VALUES (1166608, 13, 'foobar', 'foobar')
	Insert on sbtest8  (cost=0.00..0.01 rows=0 width=0)
	  ->  Result  (cost=0.00..0.01 rows=1 width=736)

for: simple_ranges
table 1 : explain SELECT c FROM sbtest1 WHERE id BETWEEN 6524126 AND 6524135
	Index Scan using sbtest1_pkey on sbtest1  (cost=0.43..37.28 rows=9 width=121)
	  Index Cond: ((id >= 6524126) AND (id <= 6524135))

table 2 : explain SELECT c FROM sbtest2 WHERE id BETWEEN 5627351 AND 5627360
	Index Scan using sbtest2_pkey on sbtest2  (cost=0.43..40.89 rows=10 width=121)
	  Index Cond: ((id >= 5627351) AND (id <= 5627360))

table 3 : explain SELECT c FROM sbtest3 WHERE id BETWEEN 7964885 AND 7964894
	Index Scan using sbtest3_pkey on sbtest3  (cost=0.43..44.32 rows=11 width=121)
	  Index Cond: ((id >= 7964885) AND (id <= 7964894))

table 4 : explain SELECT c FROM sbtest4 WHERE id BETWEEN 4848947 AND 4848956
	Index Scan using sbtest4_pkey on sbtest4  (cost=0.43..43.98 rows=11 width=121)
	  Index Cond: ((id >= 4848947) AND (id <= 4848956))

table 5 : explain SELECT c FROM sbtest5 WHERE id BETWEEN 5539075 AND 5539084
	Index Scan using sbtest5_pkey on sbtest5  (cost=0.43..40.70 rows=10 width=121)
	  Index Cond: ((id >= 5539075) AND (id <= 5539084))

table 6 : explain SELECT c FROM sbtest6 WHERE id BETWEEN 9182532 AND 9182541
	Index Scan using sbtest6_pkey on sbtest6  (cost=0.43..40.72 rows=10 width=121)
	  Index Cond: ((id >= 9182532) AND (id <= 9182541))

table 7 : explain SELECT c FROM sbtest7 WHERE id BETWEEN 7748040 AND 7748049
	Index Scan using sbtest7_pkey on sbtest7  (cost=0.43..40.75 rows=10 width=121)
	  Index Cond: ((id >= 7748040) AND (id <= 7748049))

table 8 : explain SELECT c FROM sbtest8 WHERE id BETWEEN 5607861 AND 5607870
	Index Scan using sbtest8_pkey on sbtest8  (cost=0.43..40.34 rows=10 width=121)
	  Index Cond: ((id >= 5607861) AND (id <= 5607870))

explain: for index_updates :: explain UPDATE sbtest%u SET k=k+1 WHERE id=%u
explain: for index_updates :: explain UPDATE sbtest%u SET k=k+1 WHERE id=%u
explain: for non_index_updates :: explain UPDATE sbtest%u SET c='foobar' WHERE id=%u
for index_updates
table 1 : explain UPDATE sbtest1 SET k=k+1 WHERE id=4805567
	Update on sbtest1  (cost=0.43..8.46 rows=0 width=0)
	  ->  Index Scan using sbtest1_pkey on sbtest1  (cost=0.43..8.46 rows=1 width=10)
	        Index Cond: (id = 4805567)

table 2 : explain UPDATE sbtest2 SET k=k+1 WHERE id=8837547
	Update on sbtest2  (cost=0.43..8.46 rows=0 width=0)
	  ->  Index Scan using sbtest2_pkey on sbtest2  (cost=0.43..8.46 rows=1 width=10)
	        Index Cond: (id = 8837547)

table 3 : explain UPDATE sbtest3 SET k=k+1 WHERE id=1586617
	Update on sbtest3  (cost=0.43..8.46 rows=0 width=0)
	  ->  Index Scan using sbtest3_pkey on sbtest3  (cost=0.43..8.46 rows=1 width=10)
	        Index Cond: (id = 1586617)

table 4 : explain UPDATE sbtest4 SET k=k+1 WHERE id=4935544
	Update on sbtest4  (cost=0.43..8.46 rows=0 width=0)
	  ->  Index Scan using sbtest4_pkey on sbtest4  (cost=0.43..8.46 rows=1 width=10)
	        Index Cond: (id = 4935544)

table 5 : explain UPDATE sbtest5 SET k=k+1 WHERE id=1800888
	Update on sbtest5  (cost=0.43..8.46 rows=0 width=0)
	  ->  Index Scan using sbtest5_pkey on sbtest5  (cost=0.43..8.46 rows=1 width=10)
	        Index Cond: (id = 1800888)

table 6 : explain UPDATE sbtest6 SET k=k+1 WHERE id=7674713
	Update on sbtest6  (cost=0.43..8.46 rows=0 width=0)
	  ->  Index Scan using sbtest6_pkey on sbtest6  (cost=0.43..8.46 rows=1 width=10)
	        Index Cond: (id = 7674713)

table 7 : explain UPDATE sbtest7 SET k=k+1 WHERE id=9893747
	Update on sbtest7  (cost=0.43..8.46 rows=0 width=0)
	  ->  Index Scan using sbtest7_pkey on sbtest7  (cost=0.43..8.46 rows=1 width=10)
	        Index Cond: (id = 9893747)

table 8 : explain UPDATE sbtest8 SET k=k+1 WHERE id=1292067
	Update on sbtest8  (cost=0.43..8.46 rows=0 width=0)
	  ->  Index Scan using sbtest8_pkey on sbtest8  (cost=0.43..8.46 rows=1 width=10)
	        Index Cond: (id = 1292067)

for: simple_ranges
table 1 : explain SELECT c FROM sbtest1 WHERE id BETWEEN 3675841 AND 3675850
	Index Scan using sbtest1_pkey on sbtest1  (cost=0.43..37.28 rows=9 width=121)
	  Index Cond: ((id >= 3675841) AND (id <= 3675850))

table 2 : explain SELECT c FROM sbtest2 WHERE id BETWEEN 8089337 AND 8089346
	Index Scan using sbtest2_pkey on sbtest2  (cost=0.43..40.89 rows=10 width=121)
	  Index Cond: ((id >= 8089337) AND (id <= 8089346))

table 3 : explain SELECT c FROM sbtest3 WHERE id BETWEEN 3087605 AND 3087614
	Index Scan using sbtest3_pkey on sbtest3  (cost=0.43..40.73 rows=10 width=121)
	  Index Cond: ((id >= 3087605) AND (id <= 3087614))

table 4 : explain SELECT c FROM sbtest4 WHERE id BETWEEN 5760741 AND 5760750
	Index Scan using sbtest4_pkey on sbtest4  (cost=0.43..40.43 rows=10 width=121)
	  Index Cond: ((id >= 5760741) AND (id <= 5760750))

table 5 : explain SELECT c FROM sbtest5 WHERE id BETWEEN 4539652 AND 4539661
	Index Scan using sbtest5_pkey on sbtest5  (cost=0.43..40.70 rows=10 width=121)
	  Index Cond: ((id >= 4539652) AND (id <= 4539661))

table 6 : explain SELECT c FROM sbtest6 WHERE id BETWEEN 7596134 AND 7596143
	Index Scan using sbtest6_pkey on sbtest6  (cost=0.43..44.31 rows=11 width=121)
	  Index Cond: ((id >= 7596134) AND (id <= 7596143))

table 7 : explain SELECT c FROM sbtest7 WHERE id BETWEEN 3524454 AND 3524463
	Index Scan using sbtest7_pkey on sbtest7  (cost=0.43..40.75 rows=10 width=121)
	  Index Cond: ((id >= 3524454) AND (id <= 3524463))

table 8 : explain SELECT c FROM sbtest8 WHERE id BETWEEN 6193332 AND 6193341
	Index Scan using sbtest8_pkey on sbtest8  (cost=0.43..40.34 rows=10 width=121)
	  Index Cond: ((id >= 6193332) AND (id <= 6193341))

for: distinct_ranges
table 1 : explain SELECT DISTINCT c FROM sbtest1 WHERE id BETWEEN 9762869 AND 9762878 ORDER BY c
	Unique  (cost=41.04..41.09 rows=10 width=121)
	  ->  Sort  (cost=41.04..41.07 rows=10 width=121)
	        Sort Key: c
	        ->  Index Scan using sbtest1_pkey on sbtest1  (cost=0.43..40.88 rows=10 width=121)
	              Index Cond: ((id >= 9762869) AND (id <= 9762878))

table 2 : explain SELECT DISTINCT c FROM sbtest2 WHERE id BETWEEN 1044796 AND 1044805 ORDER BY c
	Unique  (cost=41.05..41.10 rows=10 width=121)
	  ->  Sort  (cost=41.05..41.08 rows=10 width=121)
	        Sort Key: c
	        ->  Index Scan using sbtest2_pkey on sbtest2  (cost=0.43..40.89 rows=10 width=121)
	              Index Cond: ((id >= 1044796) AND (id <= 1044805))

table 3 : explain SELECT DISTINCT c FROM sbtest3 WHERE id BETWEEN 1540456 AND 1540465 ORDER BY c
	Unique  (cost=44.51..44.57 rows=11 width=121)
	  ->  Sort  (cost=44.51..44.54 rows=11 width=121)
	        Sort Key: c
	        ->  Index Scan using sbtest3_pkey on sbtest3  (cost=0.43..44.32 rows=11 width=121)
	              Index Cond: ((id >= 1540456) AND (id <= 1540465))

table 4 : explain SELECT DISTINCT c FROM sbtest4 WHERE id BETWEEN 9677516 AND 9677525 ORDER BY c
	Unique  (cost=40.60..40.65 rows=10 width=121)
	  ->  Sort  (cost=40.60..40.62 rows=10 width=121)
	        Sort Key: c
	        ->  Index Scan using sbtest4_pkey on sbtest4  (cost=0.43..40.43 rows=10 width=121)
	              Index Cond: ((id >= 9677516) AND (id <= 9677525))

table 5 : explain SELECT DISTINCT c FROM sbtest5 WHERE id BETWEEN 1932664 AND 1932673 ORDER BY c
	Unique  (cost=40.87..40.92 rows=10 width=121)
	  ->  Sort  (cost=40.87..40.89 rows=10 width=121)
	        Sort Key: c
	        ->  Index Scan using sbtest5_pkey on sbtest5  (cost=0.43..40.70 rows=10 width=121)
	              Index Cond: ((id >= 1932664) AND (id <= 1932673))

table 6 : explain SELECT DISTINCT c FROM sbtest6 WHERE id BETWEEN 7341423 AND 7341432 ORDER BY c
	Unique  (cost=37.28..37.32 rows=9 width=121)
	  ->  Sort  (cost=37.28..37.30 rows=9 width=121)
	        Sort Key: c
	        ->  Index Scan using sbtest6_pkey on sbtest6  (cost=0.43..37.14 rows=9 width=121)
	              Index Cond: ((id >= 7341423) AND (id <= 7341432))

table 7 : explain SELECT DISTINCT c FROM sbtest7 WHERE id BETWEEN 95502 AND 95511 ORDER BY c
	Unique  (cost=40.91..40.96 rows=10 width=121)
	  ->  Sort  (cost=40.91..40.94 rows=10 width=121)
	        Sort Key: c
	        ->  Index Scan using sbtest7_pkey on sbtest7  (cost=0.43..40.75 rows=10 width=121)
	              Index Cond: ((id >= 95502) AND (id <= 95511))

table 8 : explain SELECT DISTINCT c FROM sbtest8 WHERE id BETWEEN 8138760 AND 8138769 ORDER BY c
	Unique  (cost=36.94..36.98 rows=9 width=121)
	  ->  Sort  (cost=36.94..36.96 rows=9 width=121)
	        Sort Key: c
	        ->  Index Scan using sbtest8_pkey on sbtest8  (cost=0.43..36.79 rows=9 width=121)
	              Index Cond: ((id >= 8138760) AND (id <= 8138769))

for: sum_ranges
table 1 : explain SELECT SUM(k) FROM sbtest1 WHERE id BETWEEN 2910250 AND 2910259
	Aggregate  (cost=44.51..44.52 rows=1 width=8)
	  ->  Index Scan using sbtest1_pkey on sbtest1  (cost=0.43..44.48 rows=11 width=4)
	        Index Cond: ((id >= 2910250) AND (id <= 2910259))

table 2 : explain SELECT SUM(k) FROM sbtest2 WHERE id BETWEEN 1426150 AND 1426159
	Aggregate  (cost=44.52..44.53 rows=1 width=8)
	  ->  Index Scan using sbtest2_pkey on sbtest2  (cost=0.43..44.49 rows=11 width=4)
	        Index Cond: ((id >= 1426150) AND (id <= 1426159))

table 3 : explain SELECT SUM(k) FROM sbtest3 WHERE id BETWEEN 9904518 AND 9904527
	Aggregate  (cost=40.76..40.77 rows=1 width=8)
	  ->  Index Scan using sbtest3_pkey on sbtest3  (cost=0.43..40.73 rows=10 width=4)
	        Index Cond: ((id >= 9904518) AND (id <= 9904527))

table 4 : explain SELECT SUM(k) FROM sbtest4 WHERE id BETWEEN 7696960 AND 7696969
	Aggregate  (cost=44.01..44.02 rows=1 width=8)
	  ->  Index Scan using sbtest4_pkey on sbtest4  (cost=0.43..43.98 rows=11 width=4)
	        Index Cond: ((id >= 7696960) AND (id <= 7696969))

table 5 : explain SELECT SUM(k) FROM sbtest5 WHERE id BETWEEN 6621659 AND 6621668
	Aggregate  (cost=44.31..44.32 rows=1 width=8)
	  ->  Index Scan using sbtest5_pkey on sbtest5  (cost=0.43..44.29 rows=11 width=4)
	        Index Cond: ((id >= 6621659) AND (id <= 6621668))

table 6 : explain SELECT SUM(k) FROM sbtest6 WHERE id BETWEEN 5242659 AND 5242668
	Aggregate  (cost=37.16..37.17 rows=1 width=8)
	  ->  Index Scan using sbtest6_pkey on sbtest6  (cost=0.43..37.14 rows=9 width=4)
	        Index Cond: ((id >= 5242659) AND (id <= 5242668))

table 7 : explain SELECT SUM(k) FROM sbtest7 WHERE id BETWEEN 424485 AND 424494
	Aggregate  (cost=44.36..44.37 rows=1 width=8)
	  ->  Index Scan using sbtest7_pkey on sbtest7  (cost=0.43..44.34 rows=11 width=4)
	        Index Cond: ((id >= 424485) AND (id <= 424494))

table 8 : explain SELECT SUM(k) FROM sbtest8 WHERE id BETWEEN 93490 AND 93499
	Aggregate  (cost=36.82..36.83 rows=1 width=8)
	  ->  Index Scan using sbtest8_pkey on sbtest8  (cost=0.43..36.79 rows=9 width=4)
	        Index Cond: ((id >= 93490) AND (id <= 93499))

explain: for non_index_updates :: explain UPDATE sbtest%u SET c='foobar' WHERE id=%u
for point_selects
table 1 : explain SELECT c FROM sbtest1 WHERE id=8393894
	Index Scan using sbtest1_pkey on sbtest1  (cost=0.43..8.45 rows=1 width=121)
	  Index Cond: (id = 8393894)

table 2 : explain SELECT c FROM sbtest2 WHERE id=1075141
	Index Scan using sbtest2_pkey on sbtest2  (cost=0.43..8.45 rows=1 width=121)
	  Index Cond: (id = 1075141)

table 3 : explain SELECT c FROM sbtest3 WHERE id=3544501
	Index Scan using sbtest3_pkey on sbtest3  (cost=0.43..8.45 rows=1 width=121)
	  Index Cond: (id = 3544501)

table 4 : explain SELECT c FROM sbtest4 WHERE id=2033630
	Index Scan using sbtest4_pkey on sbtest4  (cost=0.43..8.45 rows=1 width=121)
	  Index Cond: (id = 2033630)

table 5 : explain SELECT c FROM sbtest5 WHERE id=1399494
	Index Scan using sbtest5_pkey on sbtest5  (cost=0.43..8.45 rows=1 width=121)
	  Index Cond: (id = 1399494)

table 6 : explain SELECT c FROM sbtest6 WHERE id=5570822
	Index Scan using sbtest6_pkey on sbtest6  (cost=0.43..8.45 rows=1 width=121)
	  Index Cond: (id = 5570822)

table 7 : explain SELECT c FROM sbtest7 WHERE id=4961876
	Index Scan using sbtest7_pkey on sbtest7  (cost=0.43..8.45 rows=1 width=121)
	  Index Cond: (id = 4961876)

table 8 : explain SELECT c FROM sbtest8 WHERE id=594693
	Index Scan using sbtest8_pkey on sbtest8  (cost=0.43..8.45 rows=1 width=121)
	  Index Cond: (id = 594693)

for index_updates
table 1 : explain UPDATE sbtest1 SET k=k+1 WHERE id=6049253
	Update on sbtest1  (cost=0.43..8.46 rows=0 width=0)
	  ->  Index Scan using sbtest1_pkey on sbtest1  (cost=0.43..8.46 rows=1 width=10)
	        Index Cond: (id = 6049253)

table 2 : explain UPDATE sbtest2 SET k=k+1 WHERE id=3222199
	Update on sbtest2  (cost=0.43..8.46 rows=0 width=0)
	  ->  Index Scan using sbtest2_pkey on sbtest2  (cost=0.43..8.46 rows=1 width=10)
	        Index Cond: (id = 3222199)

table 3 : explain UPDATE sbtest3 SET k=k+1 WHERE id=9926703
	Update on sbtest3  (cost=0.43..8.46 rows=0 width=0)
	  ->  Index Scan using sbtest3_pkey on sbtest3  (cost=0.43..8.46 rows=1 width=10)
	        Index Cond: (id = 9926703)

table 4 : explain UPDATE sbtest4 SET k=k+1 WHERE id=7813989
	Update on sbtest4  (cost=0.43..8.46 rows=0 width=0)
	  ->  Index Scan using sbtest4_pkey on sbtest4  (cost=0.43..8.46 rows=1 width=10)
	        Index Cond: (id = 7813989)

table 5 : explain UPDATE sbtest5 SET k=k+1 WHERE id=9100747
	Update on sbtest5  (cost=0.43..8.46 rows=0 width=0)
	  ->  Index Scan using sbtest5_pkey on sbtest5  (cost=0.43..8.46 rows=1 width=10)
	        Index Cond: (id = 9100747)

table 6 : explain UPDATE sbtest6 SET k=k+1 WHERE id=6887113
	Update on sbtest6  (cost=0.43..8.46 rows=0 width=0)
	  ->  Index Scan using sbtest6_pkey on sbtest6  (cost=0.43..8.46 rows=1 width=10)
	        Index Cond: (id = 6887113)

table 7 : explain UPDATE sbtest7 SET k=k+1 WHERE id=7196821
	Update on sbtest7  (cost=0.43..8.46 rows=0 width=0)
	  ->  Index Scan using sbtest7_pkey on sbtest7  (cost=0.43..8.46 rows=1 width=10)
	        Index Cond: (id = 7196821)

table 8 : explain UPDATE sbtest8 SET k=k+1 WHERE id=7607413
	Update on sbtest8  (cost=0.43..8.46 rows=0 width=0)
	  ->  Index Scan using sbtest8_pkey on sbtest8  (cost=0.43..8.46 rows=1 width=10)
	        Index Cond: (id = 7607413)

for index_updates
table 1 : explain UPDATE sbtest1 SET k=k+1 WHERE id=1482566
	Update on sbtest1  (cost=0.43..8.46 rows=0 width=0)
	  ->  Index Scan using sbtest1_pkey on sbtest1  (cost=0.43..8.46 rows=1 width=10)
	        Index Cond: (id = 1482566)

table 2 : explain UPDATE sbtest2 SET k=k+1 WHERE id=93817
	Update on sbtest2  (cost=0.43..8.46 rows=0 width=0)
	  ->  Index Scan using sbtest2_pkey on sbtest2  (cost=0.43..8.46 rows=1 width=10)
	        Index Cond: (id = 93817)

table 3 : explain UPDATE sbtest3 SET k=k+1 WHERE id=8946650
	Update on sbtest3  (cost=0.43..8.46 rows=0 width=0)
	  ->  Index Scan using sbtest3_pkey on sbtest3  (cost=0.43..8.46 rows=1 width=10)
	        Index Cond: (id = 8946650)

table 4 : explain UPDATE sbtest4 SET k=k+1 WHERE id=7833076
	Update on sbtest4  (cost=0.43..8.46 rows=0 width=0)
	  ->  Index Scan using sbtest4_pkey on sbtest4  (cost=0.43..8.46 rows=1 width=10)
	        Index Cond: (id = 7833076)

table 5 : explain UPDATE sbtest5 SET k=k+1 WHERE id=2127113
	Update on sbtest5  (cost=0.43..8.46 rows=0 width=0)
	  ->  Index Scan using sbtest5_pkey on sbtest5  (cost=0.43..8.46 rows=1 width=10)
	        Index Cond: (id = 2127113)

table 6 : explain UPDATE sbtest6 SET k=k+1 WHERE id=6926626
	Update on sbtest6  (cost=0.43..8.46 rows=0 width=0)
	  ->  Index Scan using sbtest6_pkey on sbtest6  (cost=0.43..8.46 rows=1 width=10)
	        Index Cond: (id = 6926626)

table 7 : explain UPDATE sbtest7 SET k=k+1 WHERE id=2976842
	Update on sbtest7  (cost=0.43..8.46 rows=0 width=0)
	  ->  Index Scan using sbtest7_pkey on sbtest7  (cost=0.43..8.46 rows=1 width=10)
	        Index Cond: (id = 2976842)

table 8 : explain UPDATE sbtest8 SET k=k+1 WHERE id=5060287
	Update on sbtest8  (cost=0.43..8.46 rows=0 width=0)
	  ->  Index Scan using sbtest8_pkey on sbtest8  (cost=0.43..8.46 rows=1 width=10)
	        Index Cond: (id = 5060287)

for inserts
table 1 : explain INSERT INTO sbtest1 (id, k, c, pad) VALUES (7344695, 13, 'foobar', 'foobar')
	Insert on sbtest1  (cost=0.00..0.01 rows=0 width=0)
	  ->  Result  (cost=0.00..0.01 rows=1 width=736)

table 2 : explain INSERT INTO sbtest2 (id, k, c, pad) VALUES (4680362, 13, 'foobar', 'foobar')
	Insert on sbtest2  (cost=0.00..0.01 rows=0 width=0)
	  ->  Result  (cost=0.00..0.01 rows=1 width=736)

table 3 : explain INSERT INTO sbtest3 (id, k, c, pad) VALUES (7512935, 13, 'foobar', 'foobar')
	Insert on sbtest3  (cost=0.00..0.01 rows=0 width=0)
	  ->  Result  (cost=0.00..0.01 rows=1 width=736)

table 4 : explain INSERT INTO sbtest4 (id, k, c, pad) VALUES (4778292, 13, 'foobar', 'foobar')
	Insert on sbtest4  (cost=0.00..0.01 rows=0 width=0)
	  ->  Result  (cost=0.00..0.01 rows=1 width=736)

table 5 : explain INSERT INTO sbtest5 (id, k, c, pad) VALUES (8012501, 13, 'foobar', 'foobar')
	Insert on sbtest5  (cost=0.00..0.01 rows=0 width=0)
	  ->  Result  (cost=0.00..0.01 rows=1 width=736)

table 6 : explain INSERT INTO sbtest6 (id, k, c, pad) VALUES (6749048, 13, 'foobar', 'foobar')
	Insert on sbtest6  (cost=0.00..0.01 rows=0 width=0)
	  ->  Result  (cost=0.00..0.01 rows=1 width=736)

table 7 : explain INSERT INTO sbtest7 (id, k, c, pad) VALUES (1401734, 13, 'foobar', 'foobar')
	Insert on sbtest7  (cost=0.00..0.01 rows=0 width=0)
	  ->  Result  (cost=0.00..0.01 rows=1 width=736)

table 8 : explain INSERT INTO sbtest8 (id, k, c, pad) VALUES (8293461, 13, 'foobar', 'foobar')
	Insert on sbtest8  (cost=0.00..0.01 rows=0 width=0)
	  ->  Result  (cost=0.00..0.01 rows=1 width=736)

for point_selects
table 1 : explain SELECT c FROM sbtest1 WHERE id=3116967
	Index Scan using sbtest1_pkey on sbtest1  (cost=0.43..8.45 rows=1 width=121)
	  Index Cond: (id = 3116967)

table 2 : explain SELECT c FROM sbtest2 WHERE id=5458837
	Index Scan using sbtest2_pkey on sbtest2  (cost=0.43..8.45 rows=1 width=121)
	  Index Cond: (id = 5458837)

table 3 : explain SELECT c FROM sbtest3 WHERE id=7204907
	Index Scan using sbtest3_pkey on sbtest3  (cost=0.43..8.45 rows=1 width=121)
	  Index Cond: (id = 7204907)

table 4 : explain SELECT c FROM sbtest4 WHERE id=8381754
	Index Scan using sbtest4_pkey on sbtest4  (cost=0.43..8.45 rows=1 width=121)
	  Index Cond: (id = 8381754)

table 5 : explain SELECT c FROM sbtest5 WHERE id=2868731
	Index Scan using sbtest5_pkey on sbtest5  (cost=0.43..8.45 rows=1 width=121)
	  Index Cond: (id = 2868731)

table 6 : explain SELECT c FROM sbtest6 WHERE id=9838265
	Index Scan using sbtest6_pkey on sbtest6  (cost=0.43..8.45 rows=1 width=121)
	  Index Cond: (id = 9838265)

table 7 : explain SELECT c FROM sbtest7 WHERE id=8670293
	Index Scan using sbtest7_pkey on sbtest7  (cost=0.43..8.45 rows=1 width=121)
	  Index Cond: (id = 8670293)

table 8 : explain SELECT c FROM sbtest8 WHERE id=2260228
	Index Scan using sbtest8_pkey on sbtest8  (cost=0.43..8.45 rows=1 width=121)
	  Index Cond: (id = 2260228)

for: distinct_ranges
table 1 : explain SELECT DISTINCT c FROM sbtest1 WHERE id BETWEEN 6442692 AND 6442701 ORDER BY c
	Unique  (cost=37.42..37.46 rows=9 width=121)
	  ->  Sort  (cost=37.42..37.44 rows=9 width=121)
	        Sort Key: c
	        ->  Index Scan using sbtest1_pkey on sbtest1  (cost=0.43..37.28 rows=9 width=121)
	              Index Cond: ((id >= 6442692) AND (id <= 6442701))

table 2 : explain SELECT DISTINCT c FROM sbtest2 WHERE id BETWEEN 1684587 AND 1684596 ORDER BY c
	Unique  (cost=37.43..37.47 rows=9 width=121)
	  ->  Sort  (cost=37.43..37.45 rows=9 width=121)
	        Sort Key: c
	        ->  Index Scan using sbtest2_pkey on sbtest2  (cost=0.43..37.28 rows=9 width=121)
	              Index Cond: ((id >= 1684587) AND (id <= 1684596))

table 3 : explain SELECT DISTINCT c FROM sbtest3 WHERE id BETWEEN 7309328 AND 7309337 ORDER BY c
	Unique  (cost=40.90..40.95 rows=10 width=121)
	  ->  Sort  (cost=40.90..40.93 rows=10 width=121)
	        Sort Key: c
	        ->  Index Scan using sbtest3_pkey on sbtest3  (cost=0.43..40.73 rows=10 width=121)
	              Index Cond: ((id >= 7309328) AND (id <= 7309337))

table 4 : explain SELECT DISTINCT c FROM sbtest4 WHERE id BETWEEN 8536038 AND 8536047 ORDER BY c
	Unique  (cost=44.18..44.23 rows=11 width=121)
	  ->  Sort  (cost=44.18..44.20 rows=11 width=121)
	        Sort Key: c
	        ->  Index Scan using sbtest4_pkey on sbtest4  (cost=0.43..43.98 rows=11 width=121)
	              Index Cond: ((id >= 8536038) AND (id <= 8536047))

table 5 : explain SELECT DISTINCT c FROM sbtest5 WHERE id BETWEEN 8291507 AND 8291516 ORDER BY c
	Unique  (cost=40.87..40.92 rows=10 width=121)
	  ->  Sort  (cost=40.87..40.89 rows=10 width=121)
	        Sort Key: c
	        ->  Index Scan using sbtest5_pkey on sbtest5  (cost=0.43..40.70 rows=10 width=121)
	              Index Cond: ((id >= 8291507) AND (id <= 8291516))

table 6 : explain SELECT DISTINCT c FROM sbtest6 WHERE id BETWEEN 2315284 AND 2315293 ORDER BY c
	Unique  (cost=40.89..40.94 rows=10 width=121)
	  ->  Sort  (cost=40.89..40.91 rows=10 width=121)
	        Sort Key: c
	        ->  Index Scan using sbtest6_pkey on sbtest6  (cost=0.43..40.72 rows=10 width=121)
	              Index Cond: ((id >= 2315284) AND (id <= 2315293))

table 7 : explain SELECT DISTINCT c FROM sbtest7 WHERE id BETWEEN 4533432 AND 4533441 ORDER BY c
	Unique  (cost=40.91..40.96 rows=10 width=121)
	  ->  Sort  (cost=40.91..40.94 rows=10 width=121)
	        Sort Key: c
	        ->  Index Scan using sbtest7_pkey on sbtest7  (cost=0.43..40.75 rows=10 width=121)
	              Index Cond: ((id >= 4533432) AND (id <= 4533441))

table 8 : explain SELECT DISTINCT c FROM sbtest8 WHERE id BETWEEN 506405 AND 506414 ORDER BY c
	Unique  (cost=40.50..40.55 rows=10 width=121)
	  ->  Sort  (cost=40.50..40.53 rows=10 width=121)
	        Sort Key: c
	        ->  Index Scan using sbtest8_pkey on sbtest8  (cost=0.43..40.34 rows=10 width=121)
	              Index Cond: ((id >= 506405) AND (id <= 506414))

for point_selects
table 1 : explain SELECT c FROM sbtest1 WHERE id=9305417
	Index Scan using sbtest1_pkey on sbtest1  (cost=0.43..8.45 rows=1 width=121)
	  Index Cond: (id = 9305417)

table 2 : explain SELECT c FROM sbtest2 WHERE id=8908189
	Index Scan using sbtest2_pkey on sbtest2  (cost=0.43..8.45 rows=1 width=121)
	  Index Cond: (id = 8908189)

table 3 : explain SELECT c FROM sbtest3 WHERE id=853994
	Index Scan using sbtest3_pkey on sbtest3  (cost=0.43..8.45 rows=1 width=121)
	  Index Cond: (id = 853994)

table 4 : explain SELECT c FROM sbtest4 WHERE id=1083499
	Index Scan using sbtest4_pkey on sbtest4  (cost=0.43..8.45 rows=1 width=121)
	  Index Cond: (id = 1083499)

table 5 : explain SELECT c FROM sbtest5 WHERE id=4801788
	Index Scan using sbtest5_pkey on sbtest5  (cost=0.43..8.45 rows=1 width=121)
	  Index Cond: (id = 4801788)

table 6 : explain SELECT c FROM sbtest6 WHERE id=8813070
	Index Scan using sbtest6_pkey on sbtest6  (cost=0.43..8.45 rows=1 width=121)
	  Index Cond: (id = 8813070)

table 7 : explain SELECT c FROM sbtest7 WHERE id=9521048
	Index Scan using sbtest7_pkey on sbtest7  (cost=0.43..8.45 rows=1 width=121)
	  Index Cond: (id = 9521048)

table 8 : explain SELECT c FROM sbtest8 WHERE id=6205771
	Index Scan using sbtest8_pkey on sbtest8  (cost=0.43..8.45 rows=1 width=121)
	  Index Cond: (id = 6205771)

explain: for index_updates :: explain UPDATE sbtest%u SET k=k+1 WHERE id=%u
explain: for non_index_updates :: explain UPDATE sbtest%u SET c='foobar' WHERE id=%u
explain: for non_index_updates :: explain UPDATE sbtest%u SET c='foobar' WHERE id=%u
explain: for index_updates :: explain UPDATE sbtest%u SET k=k+1 WHERE id=%u
for: sum_ranges
table 1 : explain SELECT SUM(k) FROM sbtest1 WHERE id BETWEEN 715316 AND 715325
	Aggregate  (cost=40.90..40.91 rows=1 width=8)
	  ->  Index Scan using sbtest1_pkey on sbtest1  (cost=0.43..40.88 rows=10 width=4)
	        Index Cond: ((id >= 715316) AND (id <= 715325))

table 2 : explain SELECT SUM(k) FROM sbtest2 WHERE id BETWEEN 4030553 AND 4030562
	Aggregate  (cost=37.31..37.32 rows=1 width=8)
	  ->  Index Scan using sbtest2_pkey on sbtest2  (cost=0.43..37.28 rows=9 width=4)
	        Index Cond: ((id >= 4030553) AND (id <= 4030562))

table 3 : explain SELECT SUM(k) FROM sbtest3 WHERE id BETWEEN 1085596 AND 1085605
	Aggregate  (cost=44.35..44.36 rows=1 width=8)
	  ->  Index Scan using sbtest3_pkey on sbtest3  (cost=0.43..44.32 rows=11 width=4)
	        Index Cond: ((id >= 1085596) AND (id <= 1085605))

table 4 : explain SELECT SUM(k) FROM sbtest4 WHERE id BETWEEN 4197255 AND 4197264
	Aggregate  (cost=40.46..40.47 rows=1 width=8)
	  ->  Index Scan using sbtest4_pkey on sbtest4  (cost=0.43..40.43 rows=10 width=4)
	        Index Cond: ((id >= 4197255) AND (id <= 4197264))

table 5 : explain SELECT SUM(k) FROM sbtest5 WHERE id BETWEEN 8630716 AND 8630725
	Aggregate  (cost=40.73..40.74 rows=1 width=8)
	  ->  Index Scan using sbtest5_pkey on sbtest5  (cost=0.43..40.70 rows=10 width=4)
	        Index Cond: ((id >= 8630716) AND (id <= 8630725))

table 6 : explain SELECT SUM(k) FROM sbtest6 WHERE id BETWEEN 9889425 AND 9889434
	Aggregate  (cost=37.16..37.17 rows=1 width=8)
	  ->  Index Scan using sbtest6_pkey on sbtest6  (cost=0.43..37.14 rows=9 width=4)
	        Index Cond: ((id >= 9889425) AND (id <= 9889434))

table 7 : explain SELECT SUM(k) FROM sbtest7 WHERE id BETWEEN 7059046 AND 7059055
	Aggregate  (cost=44.36..44.37 rows=1 width=8)
	  ->  Index Scan using sbtest7_pkey on sbtest7  (cost=0.43..44.34 rows=11 width=4)
	        Index Cond: ((id >= 7059046) AND (id <= 7059055))

table 8 : explain SELECT SUM(k) FROM sbtest8 WHERE id BETWEEN 4098723 AND 4098732
	Aggregate  (cost=43.91..43.92 rows=1 width=8)
	  ->  Index Scan using sbtest8_pkey on sbtest8  (cost=0.43..43.88 rows=11 width=4)
	        Index Cond: ((id >= 4098723) AND (id <= 4098732))

for non_index_updates
table 1 : explain UPDATE sbtest1 SET c='foobar' WHERE id=9547442
	Update on sbtest1  (cost=0.43..8.45 rows=0 width=0)
	  ->  Index Scan using sbtest1_pkey on sbtest1  (cost=0.43..8.45 rows=1 width=490)
	        Index Cond: (id = 9547442)

table 2 : explain UPDATE sbtest2 SET c='foobar' WHERE id=6657918
	Update on sbtest2  (cost=0.43..8.45 rows=0 width=0)
	  ->  Index Scan using sbtest2_pkey on sbtest2  (cost=0.43..8.45 rows=1 width=490)
	        Index Cond: (id = 6657918)

table 3 : explain UPDATE sbtest3 SET c='foobar' WHERE id=7979655
	Update on sbtest3  (cost=0.43..8.45 rows=0 width=0)
	  ->  Index Scan using sbtest3_pkey on sbtest3  (cost=0.43..8.45 rows=1 width=490)
	        Index Cond: (id = 7979655)

table 4 : explain UPDATE sbtest4 SET c='foobar' WHERE id=663219
	Update on sbtest4  (cost=0.43..8.45 rows=0 width=0)
	  ->  Index Scan using sbtest4_pkey on sbtest4  (cost=0.43..8.45 rows=1 width=490)
	        Index Cond: (id = 663219)

table 5 : explain UPDATE sbtest5 SET c='foobar' WHERE id=8218504
	Update on sbtest5  (cost=0.43..8.45 rows=0 width=0)
	  ->  Index Scan using sbtest5_pkey on sbtest5  (cost=0.43..8.45 rows=1 width=490)
	        Index Cond: (id = 8218504)

table 6 : explain UPDATE sbtest6 SET c='foobar' WHERE id=1783581
	Update on sbtest6  (cost=0.43..8.45 rows=0 width=0)
	  ->  Index Scan using sbtest6_pkey on sbtest6  (cost=0.43..8.45 rows=1 width=490)
	        Index Cond: (id = 1783581)

table 7 : explain UPDATE sbtest7 SET c='foobar' WHERE id=9974796
	Update on sbtest7  (cost=0.43..8.45 rows=0 width=0)
	  ->  Index Scan using sbtest7_pkey on sbtest7  (cost=0.43..8.45 rows=1 width=490)
	        Index Cond: (id = 9974796)

table 8 : explain UPDATE sbtest8 SET c='foobar' WHERE id=6814810
	Update on sbtest8  (cost=0.43..8.45 rows=0 width=0)
	  ->  Index Scan using sbtest8_pkey on sbtest8  (cost=0.43..8.45 rows=1 width=490)
	        Index Cond: (id = 6814810)

for non_index_updates
table 1 : explain UPDATE sbtest1 SET c='foobar' WHERE id=3024055
	Update on sbtest1  (cost=0.43..8.45 rows=0 width=0)
	  ->  Index Scan using sbtest1_pkey on sbtest1  (cost=0.43..8.45 rows=1 width=490)
	        Index Cond: (id = 3024055)

table 2 : explain UPDATE sbtest2 SET c='foobar' WHERE id=3037206
	Update on sbtest2  (cost=0.43..8.45 rows=0 width=0)
	  ->  Index Scan using sbtest2_pkey on sbtest2  (cost=0.43..8.45 rows=1 width=490)
	        Index Cond: (id = 3037206)

table 3 : explain UPDATE sbtest3 SET c='foobar' WHERE id=8099198
	Update on sbtest3  (cost=0.43..8.45 rows=0 width=0)
	  ->  Index Scan using sbtest3_pkey on sbtest3  (cost=0.43..8.45 rows=1 width=490)
	        Index Cond: (id = 8099198)

table 4 : explain UPDATE sbtest4 SET c='foobar' WHERE id=631080
	Update on sbtest4  (cost=0.43..8.45 rows=0 width=0)
	  ->  Index Scan using sbtest4_pkey on sbtest4  (cost=0.43..8.45 rows=1 width=490)
	        Index Cond: (id = 631080)

table 5 : explain UPDATE sbtest5 SET c='foobar' WHERE id=5103340
	Update on sbtest5  (cost=0.43..8.45 rows=0 width=0)
	  ->  Index Scan using sbtest5_pkey on sbtest5  (cost=0.43..8.45 rows=1 width=490)
	        Index Cond: (id = 5103340)

table 6 : explain UPDATE sbtest6 SET c='foobar' WHERE id=2406541
	Update on sbtest6  (cost=0.43..8.45 rows=0 width=0)
	  ->  Index Scan using sbtest6_pkey on sbtest6  (cost=0.43..8.45 rows=1 width=490)
	        Index Cond: (id = 2406541)

table 7 : explain UPDATE sbtest7 SET c='foobar' WHERE id=5461130
	Update on sbtest7  (cost=0.43..8.45 rows=0 width=0)
	  ->  Index Scan using sbtest7_pkey on sbtest7  (cost=0.43..8.45 rows=1 width=490)
	        Index Cond: (id = 5461130)

table 8 : explain UPDATE sbtest8 SET c='foobar' WHERE id=9094037
	Update on sbtest8  (cost=0.43..8.45 rows=0 width=0)
	  ->  Index Scan using sbtest8_pkey on sbtest8  (cost=0.43..8.45 rows=1 width=490)
	        Index Cond: (id = 9094037)

explain: for point_selects :: explain SELECT c FROM sbtest%u WHERE id=%u
for: distinct_ranges
table 1 : explain SELECT DISTINCT c FROM sbtest1 WHERE id BETWEEN 9084616 AND 9084625 ORDER BY c
	Unique  (cost=44.67..44.73 rows=11 width=121)
	  ->  Sort  (cost=44.67..44.70 rows=11 width=121)
	        Sort Key: c
	        ->  Index Scan using sbtest1_pkey on sbtest1  (cost=0.43..44.48 rows=11 width=121)
	              Index Cond: ((id >= 9084616) AND (id <= 9084625))

table 2 : explain SELECT DISTINCT c FROM sbtest2 WHERE id BETWEEN 4692753 AND 4692762 ORDER BY c
	Unique  (cost=41.05..41.10 rows=10 width=121)
	  ->  Sort  (cost=41.05..41.08 rows=10 width=121)
	        Sort Key: c
	        ->  Index Scan using sbtest2_pkey on sbtest2  (cost=0.43..40.89 rows=10 width=121)
	              Index Cond: ((id >= 4692753) AND (id <= 4692762))

table 3 : explain SELECT DISTINCT c FROM sbtest3 WHERE id BETWEEN 1223803 AND 1223812 ORDER BY c
	Unique  (cost=44.51..44.57 rows=11 width=121)
	  ->  Sort  (cost=44.51..44.54 rows=11 width=121)
	        Sort Key: c
	        ->  Index Scan using sbtest3_pkey on sbtest3  (cost=0.43..44.32 rows=11 width=121)
	              Index Cond: ((id >= 1223803) AND (id <= 1223812))

table 4 : explain SELECT DISTINCT c FROM sbtest4 WHERE id BETWEEN 4046132 AND 4046141 ORDER BY c
	Unique  (cost=40.60..40.65 rows=10 width=121)
	  ->  Sort  (cost=40.60..40.62 rows=10 width=121)
	        Sort Key: c
	        ->  Index Scan using sbtest4_pkey on sbtest4  (cost=0.43..40.43 rows=10 width=121)
	              Index Cond: ((id >= 4046132) AND (id <= 4046141))

table 5 : explain SELECT DISTINCT c FROM sbtest5 WHERE id BETWEEN 9312326 AND 9312335 ORDER BY c
	Unique  (cost=44.48..44.53 rows=11 width=121)
	  ->  Sort  (cost=44.48..44.50 rows=11 width=121)
	        Sort Key: c
	        ->  Index Scan using sbtest5_pkey on sbtest5  (cost=0.43..44.29 rows=11 width=121)
	              Index Cond: ((id >= 9312326) AND (id <= 9312335))

table 6 : explain SELECT DISTINCT c FROM sbtest6 WHERE id BETWEEN 3804826 AND 3804835 ORDER BY c
	Unique  (cost=40.89..40.94 rows=10 width=121)
	  ->  Sort  (cost=40.89..40.91 rows=10 width=121)
	        Sort Key: c
	        ->  Index Scan using sbtest6_pkey on sbtest6  (cost=0.43..40.72 rows=10 width=121)
	              Index Cond: ((id >= 3804826) AND (id <= 3804835))

table 7 : explain SELECT DISTINCT c FROM sbtest7 WHERE id BETWEEN 1055684 AND 1055693 ORDER BY c
	Unique  (cost=40.91..40.96 rows=10 width=121)
	  ->  Sort  (cost=40.91..40.94 rows=10 width=121)
	        Sort Key: c
	        ->  Index Scan using sbtest7_pkey on sbtest7  (cost=0.43..40.75 rows=10 width=121)
	              Index Cond: ((id >= 1055684) AND (id <= 1055693))

table 8 : explain SELECT DISTINCT c FROM sbtest8 WHERE id BETWEEN 4509285 AND 4509294 ORDER BY c
	Unique  (cost=40.50..40.55 rows=10 width=121)
	  ->  Sort  (cost=40.50..40.53 rows=10 width=121)
	        Sort Key: c
	        ->  Index Scan using sbtest8_pkey on sbtest8  (cost=0.43..40.34 rows=10 width=121)
	              Index Cond: ((id >= 4509285) AND (id <= 4509294))

for point_selects
table 1 : explain SELECT c FROM sbtest1 WHERE id=9898848
	Index Scan using sbtest1_pkey on sbtest1  (cost=0.43..8.45 rows=1 width=121)
	  Index Cond: (id = 9898848)

table 2 : explain SELECT c FROM sbtest2 WHERE id=5534310
	Index Scan using sbtest2_pkey on sbtest2  (cost=0.43..8.45 rows=1 width=121)
	  Index Cond: (id = 5534310)

table 3 : explain SELECT c FROM sbtest3 WHERE id=1329713
	Index Scan using sbtest3_pkey on sbtest3  (cost=0.43..8.45 rows=1 width=121)
	  Index Cond: (id = 1329713)

table 4 : explain SELECT c FROM sbtest4 WHERE id=7687185
	Index Scan using sbtest4_pkey on sbtest4  (cost=0.43..8.45 rows=1 width=121)
	  Index Cond: (id = 7687185)

table 5 : explain SELECT c FROM sbtest5 WHERE id=810835
	Index Scan using sbtest5_pkey on sbtest5  (cost=0.43..8.45 rows=1 width=121)
	  Index Cond: (id = 810835)

table 6 : explain SELECT c FROM sbtest6 WHERE id=5513767
	Index Scan using sbtest6_pkey on sbtest6  (cost=0.43..8.45 rows=1 width=121)
	  Index Cond: (id = 5513767)

table 7 : explain SELECT c FROM sbtest7 WHERE id=1990843
	Index Scan using sbtest7_pkey on sbtest7  (cost=0.43..8.45 rows=1 width=121)
	  Index Cond: (id = 1990843)

table 8 : explain SELECT c FROM sbtest8 WHERE id=395038
	Index Scan using sbtest8_pkey on sbtest8  (cost=0.43..8.45 rows=1 width=121)
	  Index Cond: (id = 395038)

explain: for point_selects :: explain SELECT c FROM sbtest%u WHERE id=%u
for: sum_ranges
table 1 : explain SELECT SUM(k) FROM sbtest1 WHERE id BETWEEN 6225189 AND 6225198
	Aggregate  (cost=44.51..44.52 rows=1 width=8)
	  ->  Index Scan using sbtest1_pkey on sbtest1  (cost=0.43..44.48 rows=11 width=4)
	        Index Cond: ((id >= 6225189) AND (id <= 6225198))

table 2 : explain SELECT SUM(k) FROM sbtest2 WHERE id BETWEEN 7499988 AND 7499997
	Aggregate  (cost=40.91..40.92 rows=1 width=8)
	  ->  Index Scan using sbtest2_pkey on sbtest2  (cost=0.43..40.89 rows=10 width=4)
	        Index Cond: ((id >= 7499988) AND (id <= 7499997))

table 3 : explain SELECT SUM(k) FROM sbtest3 WHERE id BETWEEN 127388 AND 127397
	Aggregate  (cost=44.35..44.36 rows=1 width=8)
	  ->  Index Scan using sbtest3_pkey on sbtest3  (cost=0.43..44.32 rows=11 width=4)
	        Index Cond: ((id >= 127388) AND (id <= 127397))

table 4 : explain SELECT SUM(k) FROM sbtest4 WHERE id BETWEEN 8308707 AND 8308716
	Aggregate  (cost=40.46..40.47 rows=1 width=8)
	  ->  Index Scan using sbtest4_pkey on sbtest4  (cost=0.43..40.43 rows=10 width=4)
	        Index Cond: ((id >= 8308707) AND (id <= 8308716))

table 5 : explain SELECT SUM(k) FROM sbtest5 WHERE id BETWEEN 3041202 AND 3041211
	Aggregate  (cost=40.73..40.74 rows=1 width=8)
	  ->  Index Scan using sbtest5_pkey on sbtest5  (cost=0.43..40.70 rows=10 width=4)
	        Index Cond: ((id >= 3041202) AND (id <= 3041211))

table 6 : explain SELECT SUM(k) FROM sbtest6 WHERE id BETWEEN 1645229 AND 1645238
	Aggregate  (cost=44.33..44.34 rows=1 width=8)
	  ->  Index Scan using sbtest6_pkey on sbtest6  (cost=0.43..44.31 rows=11 width=4)
	        Index Cond: ((id >= 1645229) AND (id <= 1645238))

table 7 : explain SELECT SUM(k) FROM sbtest7 WHERE id BETWEEN 3291995 AND 3292004
	Aggregate  (cost=40.77..40.78 rows=1 width=8)
	  ->  Index Scan using sbtest7_pkey on sbtest7  (cost=0.43..40.75 rows=10 width=4)
	        Index Cond: ((id >= 3291995) AND (id <= 3292004))

table 8 : explain SELECT SUM(k) FROM sbtest8 WHERE id BETWEEN 276419 AND 276428
	Aggregate  (cost=40.36..40.37 rows=1 width=8)
	  ->  Index Scan using sbtest8_pkey on sbtest8  (cost=0.43..40.34 rows=10 width=4)
	        Index Cond: ((id >= 276419) AND (id <= 276428))

for: simple_ranges
table 1 : explain SELECT c FROM sbtest1 WHERE id BETWEEN 4599745 AND 4599754
	Index Scan using sbtest1_pkey on sbtest1  (cost=0.43..40.88 rows=10 width=121)
	  Index Cond: ((id >= 4599745) AND (id <= 4599754))

table 2 : explain SELECT c FROM sbtest2 WHERE id BETWEEN 2131057 AND 2131066
	Index Scan using sbtest2_pkey on sbtest2  (cost=0.43..40.89 rows=10 width=121)
	  Index Cond: ((id >= 2131057) AND (id <= 2131066))

table 3 : explain SELECT c FROM sbtest3 WHERE id BETWEEN 9276455 AND 9276464
	Index Scan using sbtest3_pkey on sbtest3  (cost=0.43..40.73 rows=10 width=121)
	  Index Cond: ((id >= 9276455) AND (id <= 9276464))

table 4 : explain SELECT c FROM sbtest4 WHERE id BETWEEN 9431949 AND 9431958
	Index Scan using sbtest4_pkey on sbtest4  (cost=0.43..36.88 rows=9 width=121)
	  Index Cond: ((id >= 9431949) AND (id <= 9431958))

table 5 : explain SELECT c FROM sbtest5 WHERE id BETWEEN 4651072 AND 4651081
	Index Scan using sbtest5_pkey on sbtest5  (cost=0.43..40.70 rows=10 width=121)
	  Index Cond: ((id >= 4651072) AND (id <= 4651081))

table 6 : explain SELECT c FROM sbtest6 WHERE id BETWEEN 1446514 AND 1446523
	Index Scan using sbtest6_pkey on sbtest6  (cost=0.43..40.72 rows=10 width=121)
	  Index Cond: ((id >= 1446514) AND (id <= 1446523))

table 7 : explain SELECT c FROM sbtest7 WHERE id BETWEEN 8908397 AND 8908406
	Index Scan using sbtest7_pkey on sbtest7  (cost=0.43..44.34 rows=11 width=121)
	  Index Cond: ((id >= 8908397) AND (id <= 8908406))

table 8 : explain SELECT c FROM sbtest8 WHERE id BETWEEN 5303569 AND 5303578
	Index Scan using sbtest8_pkey on sbtest8  (cost=0.43..36.79 rows=9 width=121)
	  Index Cond: ((id >= 5303569) AND (id <= 5303578))

for index_updates
table 1 : explain UPDATE sbtest1 SET k=k+1 WHERE id=2938546
	Update on sbtest1  (cost=0.43..8.46 rows=0 width=0)
	  ->  Index Scan using sbtest1_pkey on sbtest1  (cost=0.43..8.46 rows=1 width=10)
	        Index Cond: (id = 2938546)

table 2 : explain UPDATE sbtest2 SET k=k+1 WHERE id=664848
	Update on sbtest2  (cost=0.43..8.46 rows=0 width=0)
	  ->  Index Scan using sbtest2_pkey on sbtest2  (cost=0.43..8.46 rows=1 width=10)
	        Index Cond: (id = 664848)

table 3 : explain UPDATE sbtest3 SET k=k+1 WHERE id=6531277
	Update on sbtest3  (cost=0.43..8.46 rows=0 width=0)
	  ->  Index Scan using sbtest3_pkey on sbtest3  (cost=0.43..8.46 rows=1 width=10)
	        Index Cond: (id = 6531277)

table 4 : explain UPDATE sbtest4 SET k=k+1 WHERE id=2461792
	Update on sbtest4  (cost=0.43..8.46 rows=0 width=0)
	  ->  Index Scan using sbtest4_pkey on sbtest4  (cost=0.43..8.46 rows=1 width=10)
	        Index Cond: (id = 2461792)

table 5 : explain UPDATE sbtest5 SET k=k+1 WHERE id=6249890
	Update on sbtest5  (cost=0.43..8.46 rows=0 width=0)
	  ->  Index Scan using sbtest5_pkey on sbtest5  (cost=0.43..8.46 rows=1 width=10)
	        Index Cond: (id = 6249890)

table 6 : explain UPDATE sbtest6 SET k=k+1 WHERE id=6854957
	Update on sbtest6  (cost=0.43..8.46 rows=0 width=0)
	  ->  Index Scan using sbtest6_pkey on sbtest6  (cost=0.43..8.46 rows=1 width=10)
	        Index Cond: (id = 6854957)

table 7 : explain UPDATE sbtest7 SET k=k+1 WHERE id=9455576
	Update on sbtest7  (cost=0.43..8.46 rows=0 width=0)
	  ->  Index Scan using sbtest7_pkey on sbtest7  (cost=0.43..8.46 rows=1 width=10)
	        Index Cond: (id = 9455576)

table 8 : explain UPDATE sbtest8 SET k=k+1 WHERE id=2715011
	Update on sbtest8  (cost=0.43..8.46 rows=0 width=0)
	  ->  Index Scan using sbtest8_pkey on sbtest8  (cost=0.43..8.46 rows=1 width=10)
	        Index Cond: (id = 2715011)

for: order_ranges
table 1 : explain SELECT c FROM sbtest1 WHERE id BETWEEN 2398182 AND 2398191 ORDER BY c
	Sort  (cost=41.04..41.07 rows=10 width=121)
	  Sort Key: c
	  ->  Index Scan using sbtest1_pkey on sbtest1  (cost=0.43..40.88 rows=10 width=121)
	        Index Cond: ((id >= 2398182) AND (id <= 2398191))

table 2 : explain SELECT c FROM sbtest2 WHERE id BETWEEN 2744192 AND 2744201 ORDER BY c
	Sort  (cost=41.05..41.08 rows=10 width=121)
	  Sort Key: c
	  ->  Index Scan using sbtest2_pkey on sbtest2  (cost=0.43..40.89 rows=10 width=121)
	        Index Cond: ((id >= 2744192) AND (id <= 2744201))

table 3 : explain SELECT c FROM sbtest3 WHERE id BETWEEN 5089346 AND 5089355 ORDER BY c
	Sort  (cost=37.29..37.31 rows=9 width=121)
	  Sort Key: c
	  ->  Index Scan using sbtest3_pkey on sbtest3  (cost=0.43..37.15 rows=9 width=121)
	        Index Cond: ((id >= 5089346) AND (id <= 5089355))

table 4 : explain SELECT c FROM sbtest4 WHERE id BETWEEN 4209789 AND 4209798 ORDER BY c
	Sort  (cost=40.60..40.62 rows=10 width=121)
	  Sort Key: c
	  ->  Index Scan using sbtest4_pkey on sbtest4  (cost=0.43..40.43 rows=10 width=121)
	        Index Cond: ((id >= 4209789) AND (id <= 4209798))

table 5 : explain SELECT c FROM sbtest5 WHERE id BETWEEN 1663248 AND 1663257 ORDER BY c
	Sort  (cost=40.87..40.89 rows=10 width=121)
	  Sort Key: c
	  ->  Index Scan using sbtest5_pkey on sbtest5  (cost=0.43..40.70 rows=10 width=121)
	        Index Cond: ((id >= 1663248) AND (id <= 1663257))

table 6 : explain SELECT c FROM sbtest6 WHERE id BETWEEN 9698159 AND 9698168 ORDER BY c
	Sort  (cost=40.89..40.91 rows=10 width=121)
	  Sort Key: c
	  ->  Index Scan using sbtest6_pkey on sbtest6  (cost=0.43..40.72 rows=10 width=121)
	        Index Cond: ((id >= 9698159) AND (id <= 9698168))

table 7 : explain SELECT c FROM sbtest7 WHERE id BETWEEN 2517765 AND 2517774 ORDER BY c
	Sort  (cost=40.91..40.94 rows=10 width=121)
	  Sort Key: c
	  ->  Index Scan using sbtest7_pkey on sbtest7  (cost=0.43..40.75 rows=10 width=121)
	        Index Cond: ((id >= 2517765) AND (id <= 2517774))

table 8 : explain SELECT c FROM sbtest8 WHERE id BETWEEN 4098539 AND 4098548 ORDER BY c
	Sort  (cost=44.07..44.10 rows=11 width=121)
	  Sort Key: c
	  ->  Index Scan using sbtest8_pkey on sbtest8  (cost=0.43..43.88 rows=11 width=121)
	        Index Cond: ((id >= 4098539) AND (id <= 4098548))

for non_index_updates
table 1 : explain UPDATE sbtest1 SET c='foobar' WHERE id=3673724
	Update on sbtest1  (cost=0.43..8.45 rows=0 width=0)
	  ->  Index Scan using sbtest1_pkey on sbtest1  (cost=0.43..8.45 rows=1 width=490)
	        Index Cond: (id = 3673724)

table 2 : explain UPDATE sbtest2 SET c='foobar' WHERE id=8741778
	Update on sbtest2  (cost=0.43..8.45 rows=0 width=0)
	  ->  Index Scan using sbtest2_pkey on sbtest2  (cost=0.43..8.45 rows=1 width=490)
	        Index Cond: (id = 8741778)

table 3 : explain UPDATE sbtest3 SET c='foobar' WHERE id=6901546
	Update on sbtest3  (cost=0.43..8.45 rows=0 width=0)
	  ->  Index Scan using sbtest3_pkey on sbtest3  (cost=0.43..8.45 rows=1 width=490)
	        Index Cond: (id = 6901546)

table 4 : explain UPDATE sbtest4 SET c='foobar' WHERE id=9160668
	Update on sbtest4  (cost=0.43..8.45 rows=0 width=0)
	  ->  Index Scan using sbtest4_pkey on sbtest4  (cost=0.43..8.45 rows=1 width=490)
	        Index Cond: (id = 9160668)

table 5 : explain UPDATE sbtest5 SET c='foobar' WHERE id=5933866
	Update on sbtest5  (cost=0.43..8.45 rows=0 width=0)
	  ->  Index Scan using sbtest5_pkey on sbtest5  (cost=0.43..8.45 rows=1 width=490)
	        Index Cond: (id = 5933866)

table 6 : explain UPDATE sbtest6 SET c='foobar' WHERE id=5892434
	Update on sbtest6  (cost=0.43..8.45 rows=0 width=0)
	  ->  Index Scan using sbtest6_pkey on sbtest6  (cost=0.43..8.45 rows=1 width=490)
	        Index Cond: (id = 5892434)

table 7 : explain UPDATE sbtest7 SET c='foobar' WHERE id=262229
	Update on sbtest7  (cost=0.43..8.45 rows=0 width=0)
	  ->  Index Scan using sbtest7_pkey on sbtest7  (cost=0.43..8.45 rows=1 width=490)
	        Index Cond: (id = 262229)

table 8 : explain UPDATE sbtest8 SET c='foobar' WHERE id=3483694
	Update on sbtest8  (cost=0.43..8.45 rows=0 width=0)
	  ->  Index Scan using sbtest8_pkey on sbtest8  (cost=0.43..8.45 rows=1 width=490)
	        Index Cond: (id = 3483694)

for non_index_updates
table 1 : explain UPDATE sbtest1 SET c='foobar' WHERE id=6785086
	Update on sbtest1  (cost=0.43..8.45 rows=0 width=0)
	  ->  Index Scan using sbtest1_pkey on sbtest1  (cost=0.43..8.45 rows=1 width=490)
	        Index Cond: (id = 6785086)

table 2 : explain UPDATE sbtest2 SET c='foobar' WHERE id=9618434
	Update on sbtest2  (cost=0.43..8.45 rows=0 width=0)
	  ->  Index Scan using sbtest2_pkey on sbtest2  (cost=0.43..8.45 rows=1 width=490)
	        Index Cond: (id = 9618434)

table 3 : explain UPDATE sbtest3 SET c='foobar' WHERE id=6938615
	Update on sbtest3  (cost=0.43..8.45 rows=0 width=0)
	  ->  Index Scan using sbtest3_pkey on sbtest3  (cost=0.43..8.45 rows=1 width=490)
	        Index Cond: (id = 6938615)

table 4 : explain UPDATE sbtest4 SET c='foobar' WHERE id=5826413
	Update on sbtest4  (cost=0.43..8.45 rows=0 width=0)
	  ->  Index Scan using sbtest4_pkey on sbtest4  (cost=0.43..8.45 rows=1 width=490)
	        Index Cond: (id = 5826413)

table 5 : explain UPDATE sbtest5 SET c='foobar' WHERE id=7517701
	Update on sbtest5  (cost=0.43..8.45 rows=0 width=0)
	  ->  Index Scan using sbtest5_pkey on sbtest5  (cost=0.43..8.45 rows=1 width=490)
	        Index Cond: (id = 7517701)

table 6 : explain UPDATE sbtest6 SET c='foobar' WHERE id=7397009
	Update on sbtest6  (cost=0.43..8.45 rows=0 width=0)
	  ->  Index Scan using sbtest6_pkey on sbtest6  (cost=0.43..8.45 rows=1 width=490)
	        Index Cond: (id = 7397009)

table 7 : explain UPDATE sbtest7 SET c='foobar' WHERE id=5067274
	Update on sbtest7  (cost=0.43..8.45 rows=0 width=0)
	  ->  Index Scan using sbtest7_pkey on sbtest7  (cost=0.43..8.45 rows=1 width=490)
	        Index Cond: (id = 5067274)

table 8 : explain UPDATE sbtest8 SET c='foobar' WHERE id=1253341
	Update on sbtest8  (cost=0.43..8.45 rows=0 width=0)
	  ->  Index Scan using sbtest8_pkey on sbtest8  (cost=0.43..8.45 rows=1 width=490)
	        Index Cond: (id = 1253341)
for point_selects
table 1 : explain SELECT c FROM sbtest1 WHERE id=6566875
	Index Scan using sbtest1_pkey on sbtest1  (cost=0.43..8.45 rows=1 width=121)
	  Index Cond: (id = 6566875)

table 2 : explain SELECT c FROM sbtest2 WHERE id=6256220
	Index Scan using sbtest2_pkey on sbtest2  (cost=0.43..8.45 rows=1 width=121)
	  Index Cond: (id = 6256220)

table 3 : explain SELECT c FROM sbtest3 WHERE id=6015264
	Index Scan using sbtest3_pkey on sbtest3  (cost=0.43..8.45 rows=1 width=121)
	  Index Cond: (id = 6015264)

table 4 : explain SELECT c FROM sbtest4 WHERE id=3652161
	Index Scan using sbtest4_pkey on sbtest4  (cost=0.43..8.45 rows=1 width=121)
	  Index Cond: (id = 3652161)

table 5 : explain SELECT c FROM sbtest5 WHERE id=525294
	Index Scan using sbtest5_pkey on sbtest5  (cost=0.43..8.45 rows=1 width=121)
	  Index Cond: (id = 525294)

table 6 : explain SELECT c FROM sbtest6 WHERE id=9753215
	Index Scan using sbtest6_pkey on sbtest6  (cost=0.43..8.45 rows=1 width=121)
	  Index Cond: (id = 9753215)

table 7 : explain SELECT c FROM sbtest7 WHERE id=7115221
	Index Scan using sbtest7_pkey on sbtest7  (cost=0.43..8.45 rows=1 width=121)
	  Index Cond: (id = 7115221)

table 8 : explain SELECT c FROM sbtest8 WHERE id=1130485
	Index Scan using sbtest8_pkey on sbtest8  (cost=0.43..8.45 rows=1 width=121)
	  Index Cond: (id = 1130485)


for index_updates
table 1 : explain UPDATE sbtest1 SET k=k+1 WHERE id=4225413
	Update on sbtest1  (cost=0.43..8.46 rows=0 width=0)
	  ->  Index Scan using sbtest1_pkey on sbtest1  (cost=0.43..8.46 rows=1 width=10)
	        Index Cond: (id = 4225413)

table 2 : explain UPDATE sbtest2 SET k=k+1 WHERE id=6537472
	Update on sbtest2  (cost=0.43..8.46 rows=0 width=0)
	  ->  Index Scan using sbtest2_pkey on sbtest2  (cost=0.43..8.46 rows=1 width=10)
	        Index Cond: (id = 6537472)

table 3 : explain UPDATE sbtest3 SET k=k+1 WHERE id=288853
	Update on sbtest3  (cost=0.43..8.46 rows=0 width=0)
	  ->  Index Scan using sbtest3_pkey on sbtest3  (cost=0.43..8.46 rows=1 width=10)
	        Index Cond: (id = 288853)

table 4 : explain UPDATE sbtest4 SET k=k+1 WHERE id=5684550
	Update on sbtest4  (cost=0.43..8.46 rows=0 width=0)
	  ->  Index Scan using sbtest4_pkey on sbtest4  (cost=0.43..8.46 rows=1 width=10)
	        Index Cond: (id = 5684550)

table 5 : explain UPDATE sbtest5 SET k=k+1 WHERE id=5691638
	Update on sbtest5  (cost=0.43..8.46 rows=0 width=0)
	  ->  Index Scan using sbtest5_pkey on sbtest5  (cost=0.43..8.46 rows=1 width=10)
	        Index Cond: (id = 5691638)

table 6 : explain UPDATE sbtest6 SET k=k+1 WHERE id=2924939
	Update on sbtest6  (cost=0.43..8.46 rows=0 width=0)
	  ->  Index Scan using sbtest6_pkey on sbtest6  (cost=0.43..8.46 rows=1 width=10)
	        Index Cond: (id = 2924939)

table 7 : explain UPDATE sbtest7 SET k=k+1 WHERE id=4077475
	Update on sbtest7  (cost=0.43..8.46 rows=0 width=0)
	  ->  Index Scan using sbtest7_pkey on sbtest7  (cost=0.43..8.46 rows=1 width=10)
	        Index Cond: (id = 4077475)

table 8 : explain UPDATE sbtest8 SET k=k+1 WHERE id=8250047
	Update on sbtest8  (cost=0.43..8.46 rows=0 width=0)
	  ->  Index Scan using sbtest8_pkey on sbtest8  (cost=0.43..8.46 rows=1 width=10)
	        Index Cond: (id = 8250047)

for: simple_ranges
table 1 : explain SELECT c FROM sbtest1 WHERE id BETWEEN 9429049 AND 9429058
	Index Scan using sbtest1_pkey on sbtest1  (cost=0.43..37.28 rows=9 width=121)
	  Index Cond: ((id >= 9429049) AND (id <= 9429058))

table 2 : explain SELECT c FROM sbtest2 WHERE id BETWEEN 7081432 AND 7081441
	Index Scan using sbtest2_pkey on sbtest2  (cost=0.43..44.49 rows=11 width=121)
	  Index Cond: ((id >= 7081432) AND (id <= 7081441))

table 3 : explain SELECT c FROM sbtest3 WHERE id BETWEEN 3243308 AND 3243317
	Index Scan using sbtest3_pkey on sbtest3  (cost=0.43..37.15 rows=9 width=121)
	  Index Cond: ((id >= 3243308) AND (id <= 3243317))

table 4 : explain SELECT c FROM sbtest4 WHERE id BETWEEN 7871745 AND 7871754
	Index Scan using sbtest4_pkey on sbtest4  (cost=0.43..40.43 rows=10 width=121)
	  Index Cond: ((id >= 7871745) AND (id <= 7871754))

table 5 : explain SELECT c FROM sbtest5 WHERE id BETWEEN 1131438 AND 1131447
	Index Scan using sbtest5_pkey on sbtest5  (cost=0.43..40.70 rows=10 width=121)
	  Index Cond: ((id >= 1131438) AND (id <= 1131447))

table 6 : explain SELECT c FROM sbtest6 WHERE id BETWEEN 3541775 AND 3541784
	Index Scan using sbtest6_pkey on sbtest6  (cost=0.43..44.31 rows=11 width=121)
	  Index Cond: ((id >= 3541775) AND (id <= 3541784))

table 7 : explain SELECT c FROM sbtest7 WHERE id BETWEEN 4528283 AND 4528292
	Index Scan using sbtest7_pkey on sbtest7  (cost=0.43..40.75 rows=10 width=121)
	  Index Cond: ((id >= 4528283) AND (id <= 4528292))

table 8 : explain SELECT c FROM sbtest8 WHERE id BETWEEN 4483234 AND 4483243
	Index Scan using sbtest8_pkey on sbtest8  (cost=0.43..40.34 rows=10 width=121)
	  Index Cond: ((id >= 4483234) AND (id <= 4483243))

for: simple_ranges
table 1 : explain SELECT c FROM sbtest1 WHERE id BETWEEN 583530 AND 583539
	Index Scan using sbtest1_pkey on sbtest1  (cost=0.43..40.88 rows=10 width=121)
	  Index Cond: ((id >= 583530) AND (id <= 583539))

table 2 : explain SELECT c FROM sbtest2 WHERE id BETWEEN 3386411 AND 3386420
	Index Scan using sbtest2_pkey on sbtest2  (cost=0.43..40.89 rows=10 width=121)
	  Index Cond: ((id >= 3386411) AND (id <= 3386420))

table 3 : explain SELECT c FROM sbtest3 WHERE id BETWEEN 3585772 AND 3585781
	Index Scan using sbtest3_pkey on sbtest3  (cost=0.43..40.73 rows=10 width=121)
	  Index Cond: ((id >= 3585772) AND (id <= 3585781))

table 4 : explain SELECT c FROM sbtest4 WHERE id BETWEEN 3708739 AND 3708748
	Index Scan using sbtest4_pkey on sbtest4  (cost=0.43..40.43 rows=10 width=121)
	  Index Cond: ((id >= 3708739) AND (id <= 3708748))

table 5 : explain SELECT c FROM sbtest5 WHERE id BETWEEN 2378825 AND 2378834
	Index Scan using sbtest5_pkey on sbtest5  (cost=0.43..44.29 rows=11 width=121)
	  Index Cond: ((id >= 2378825) AND (id <= 2378834))

table 6 : explain SELECT c FROM sbtest6 WHERE id BETWEEN 4850900 AND 4850909
	Index Scan using sbtest6_pkey on sbtest6  (cost=0.43..40.72 rows=10 width=121)
	  Index Cond: ((id >= 4850900) AND (id <= 4850909))

table 7 : explain SELECT c FROM sbtest7 WHERE id BETWEEN 5642070 AND 5642079
	Index Scan using sbtest7_pkey on sbtest7  (cost=0.43..40.75 rows=10 width=121)
	  Index Cond: ((id >= 5642070) AND (id <= 5642079))

table 8 : explain SELECT c FROM sbtest8 WHERE id BETWEEN 3978836 AND 3978845
	Index Scan using sbtest8_pkey on sbtest8  (cost=0.43..40.34 rows=10 width=121)
	  Index Cond: ((id >= 3978836) AND (id <= 3978845))

explain: for deletes :: explain DELETE FROM sbtest%u WHERE id=%u
explain: for deletes :: explain DELETE FROM sbtest%u WHERE id=%u
explain: for deletes :: explain DELETE FROM sbtest%u WHERE id=%u
explain: for deletes :: explain DELETE FROM sbtest%u WHERE id=%u
explain: for non_index_updates :: explain UPDATE sbtest%u SET c='foobar' WHERE id=%u
explain: for point_selects :: explain SELECT c FROM sbtest%u WHERE id=%u
explain: for point_selects :: explain SELECT c FROM sbtest%u WHERE id=%u
explain: for non_index_updates :: explain UPDATE sbtest%u SET c='foobar' WHERE id=%u
explain: for index_updates :: explain UPDATE sbtest%u SET k=k+1 WHERE id=%u
for: order_ranges
table 1 : explain SELECT c FROM sbtest1 WHERE id BETWEEN 5706427 AND 5706436 ORDER BY c
	Sort  (cost=37.42..37.44 rows=9 width=121)
	  Sort Key: c
	  ->  Index Scan using sbtest1_pkey on sbtest1  (cost=0.43..37.28 rows=9 width=121)
	        Index Cond: ((id >= 5706427) AND (id <= 5706436))

table 2 : explain SELECT c FROM sbtest2 WHERE id BETWEEN 1508207 AND 1508216 ORDER BY c
	Sort  (cost=41.05..41.08 rows=10 width=121)
	  Sort Key: c
	  ->  Index Scan using sbtest2_pkey on sbtest2  (cost=0.43..40.89 rows=10 width=121)
	        Index Cond: ((id >= 1508207) AND (id <= 1508216))

table 3 : explain SELECT c FROM sbtest3 WHERE id BETWEEN 6697684 AND 6697693 ORDER BY c
	Sort  (cost=37.29..37.31 rows=9 width=121)
	  Sort Key: c
	  ->  Index Scan using sbtest3_pkey on sbtest3  (cost=0.43..37.15 rows=9 width=121)
	        Index Cond: ((id >= 6697684) AND (id <= 6697693))

table 4 : explain SELECT c FROM sbtest4 WHERE id BETWEEN 8998472 AND 8998481 ORDER BY c
	Sort  (cost=40.60..40.62 rows=10 width=121)
	  Sort Key: c
	  ->  Index Scan using sbtest4_pkey on sbtest4  (cost=0.43..40.43 rows=10 width=121)
	        Index Cond: ((id >= 8998472) AND (id <= 8998481))

table 5 : explain SELECT c FROM sbtest5 WHERE id BETWEEN 1389591 AND 1389600 ORDER BY c
	Sort  (cost=40.87..40.89 rows=10 width=121)
	  Sort Key: c
	  ->  Index Scan using sbtest5_pkey on sbtest5  (cost=0.43..40.70 rows=10 width=121)
	        Index Cond: ((id >= 1389591) AND (id <= 1389600))

table 6 : explain SELECT c FROM sbtest6 WHERE id BETWEEN 8300800 AND 8300809 ORDER BY c
	Sort  (cost=40.89..40.91 rows=10 width=121)
	  Sort Key: c
	  ->  Index Scan using sbtest6_pkey on sbtest6  (cost=0.43..40.72 rows=10 width=121)
	        Index Cond: ((id >= 8300800) AND (id <= 8300809))

table 7 : explain SELECT c FROM sbtest7 WHERE id BETWEEN 6704626 AND 6704635 ORDER BY c
	Sort  (cost=44.53..44.55 rows=11 width=121)
	  Sort Key: c
	  ->  Index Scan using sbtest7_pkey on sbtest7  (cost=0.43..44.34 rows=11 width=121)
	        Index Cond: ((id >= 6704626) AND (id <= 6704635))

table 8 : explain SELECT c FROM sbtest8 WHERE id BETWEEN 6464617 AND 6464626 ORDER BY c
	Sort  (cost=40.50..40.53 rows=10 width=121)
	  Sort Key: c
	  ->  Index Scan using sbtest8_pkey on sbtest8  (cost=0.43..40.34 rows=10 width=121)
	        Index Cond: ((id >= 6464617) AND (id <= 6464626))

for deletes
table 1 : explain DELETE FROM sbtest1 WHERE id=6869877
	Delete on sbtest1  (cost=0.43..8.45 rows=0 width=0)
	  ->  Index Scan using sbtest1_pkey on sbtest1  (cost=0.43..8.45 rows=1 width=6)
	        Index Cond: (id = 6869877)

table 2 : explain DELETE FROM sbtest2 WHERE id=3866455
	Delete on sbtest2  (cost=0.43..8.45 rows=0 width=0)
	  ->  Index Scan using sbtest2_pkey on sbtest2  (cost=0.43..8.45 rows=1 width=6)
	        Index Cond: (id = 3866455)

table 3 : explain DELETE FROM sbtest3 WHERE id=1911483
	Delete on sbtest3  (cost=0.43..8.45 rows=0 width=0)
	  ->  Index Scan using sbtest3_pkey on sbtest3  (cost=0.43..8.45 rows=1 width=6)
	        Index Cond: (id = 1911483)

table 4 : explain DELETE FROM sbtest4 WHERE id=1937985
	Delete on sbtest4  (cost=0.43..8.45 rows=0 width=0)
	  ->  Index Scan using sbtest4_pkey on sbtest4  (cost=0.43..8.45 rows=1 width=6)
	        Index Cond: (id = 1937985)

table 5 : explain DELETE FROM sbtest5 WHERE id=4171733
	Delete on sbtest5  (cost=0.43..8.45 rows=0 width=0)
	  ->  Index Scan using sbtest5_pkey on sbtest5  (cost=0.43..8.45 rows=1 width=6)
	        Index Cond: (id = 4171733)

table 6 : explain DELETE FROM sbtest6 WHERE id=3952143
	Delete on sbtest6  (cost=0.43..8.45 rows=0 width=0)
	  ->  Index Scan using sbtest6_pkey on sbtest6  (cost=0.43..8.45 rows=1 width=6)
	        Index Cond: (id = 3952143)

table 7 : explain DELETE FROM sbtest7 WHERE id=1092749
	Delete on sbtest7  (cost=0.43..8.45 rows=0 width=0)
	  ->  Index Scan using sbtest7_pkey on sbtest7  (cost=0.43..8.45 rows=1 width=6)
	        Index Cond: (id = 1092749)

table 8 : explain DELETE FROM sbtest8 WHERE id=772290
	Delete on sbtest8  (cost=0.43..8.45 rows=0 width=0)
	  ->  Index Scan using sbtest8_pkey on sbtest8  (cost=0.43..8.45 rows=1 width=6)
	        Index Cond: (id = 772290)

for deletes
table 1 : explain DELETE FROM sbtest1 WHERE id=618455
	Delete on sbtest1  (cost=0.43..8.45 rows=0 width=0)
	  ->  Index Scan using sbtest1_pkey on sbtest1  (cost=0.43..8.45 rows=1 width=6)
	        Index Cond: (id = 618455)

table 2 : explain DELETE FROM sbtest2 WHERE id=7341133
	Delete on sbtest2  (cost=0.43..8.45 rows=0 width=0)
	  ->  Index Scan using sbtest2_pkey on sbtest2  (cost=0.43..8.45 rows=1 width=6)
	        Index Cond: (id = 7341133)

table 3 : explain DELETE FROM sbtest3 WHERE id=7970830
	Delete on sbtest3  (cost=0.43..8.45 rows=0 width=0)
	  ->  Index Scan using sbtest3_pkey on sbtest3  (cost=0.43..8.45 rows=1 width=6)
	        Index Cond: (id = 7970830)

table 4 : explain DELETE FROM sbtest4 WHERE id=3156411
	Delete on sbtest4  (cost=0.43..8.45 rows=0 width=0)
	  ->  Index Scan using sbtest4_pkey on sbtest4  (cost=0.43..8.45 rows=1 width=6)
	        Index Cond: (id = 3156411)

table 5 : explain DELETE FROM sbtest5 WHERE id=6060449
	Delete on sbtest5  (cost=0.43..8.45 rows=0 width=0)
	  ->  Index Scan using sbtest5_pkey on sbtest5  (cost=0.43..8.45 rows=1 width=6)
	        Index Cond: (id = 6060449)

table 6 : explain DELETE FROM sbtest6 WHERE id=6039198
	Delete on sbtest6  (cost=0.43..8.45 rows=0 width=0)
	  ->  Index Scan using sbtest6_pkey on sbtest6  (cost=0.43..8.45 rows=1 width=6)
	        Index Cond: (id = 6039198)

table 7 : explain DELETE FROM sbtest7 WHERE id=2097785
	Delete on sbtest7  (cost=0.43..8.45 rows=0 width=0)
	  ->  Index Scan using sbtest7_pkey on sbtest7  (cost=0.43..8.45 rows=1 width=6)
	        Index Cond: (id = 2097785)

table 8 : explain DELETE FROM sbtest8 WHERE id=6783611
	Delete on sbtest8  (cost=0.43..8.45 rows=0 width=0)
	  ->  Index Scan using sbtest8_pkey on sbtest8  (cost=0.43..8.45 rows=1 width=6)
	        Index Cond: (id = 6783611)

for non_index_updates
table 1 : explain UPDATE sbtest1 SET c='foobar' WHERE id=5331334
	Update on sbtest1  (cost=0.43..8.45 rows=0 width=0)
	  ->  Index Scan using sbtest1_pkey on sbtest1  (cost=0.43..8.45 rows=1 width=490)
	        Index Cond: (id = 5331334)

table 2 : explain UPDATE sbtest2 SET c='foobar' WHERE id=9189439
	Update on sbtest2  (cost=0.43..8.45 rows=0 width=0)
	  ->  Index Scan using sbtest2_pkey on sbtest2  (cost=0.43..8.45 rows=1 width=490)
	        Index Cond: (id = 9189439)

table 3 : explain UPDATE sbtest3 SET c='foobar' WHERE id=8763957
	Update on sbtest3  (cost=0.43..8.45 rows=0 width=0)
	  ->  Index Scan using sbtest3_pkey on sbtest3  (cost=0.43..8.45 rows=1 width=490)
	        Index Cond: (id = 8763957)

table 4 : explain UPDATE sbtest4 SET c='foobar' WHERE id=2790053
	Update on sbtest4  (cost=0.43..8.45 rows=0 width=0)
	  ->  Index Scan using sbtest4_pkey on sbtest4  (cost=0.43..8.45 rows=1 width=490)
	        Index Cond: (id = 2790053)

table 5 : explain UPDATE sbtest5 SET c='foobar' WHERE id=8930081
	Update on sbtest5  (cost=0.43..8.45 rows=0 width=0)
	  ->  Index Scan using sbtest5_pkey on sbtest5  (cost=0.43..8.45 rows=1 width=490)
	        Index Cond: (id = 8930081)

table 6 : explain UPDATE sbtest6 SET c='foobar' WHERE id=5609389
	Update on sbtest6  (cost=0.43..8.45 rows=0 width=0)
	  ->  Index Scan using sbtest6_pkey on sbtest6  (cost=0.43..8.45 rows=1 width=490)
	        Index Cond: (id = 5609389)

table 7 : explain UPDATE sbtest7 SET c='foobar' WHERE id=6030182
	Update on sbtest7  (cost=0.43..8.45 rows=0 width=0)
	  ->  Index Scan using sbtest7_pkey on sbtest7  (cost=0.43..8.45 rows=1 width=490)
	        Index Cond: (id = 6030182)

table 8 : explain UPDATE sbtest8 SET c='foobar' WHERE id=540862
	Update on sbtest8  (cost=0.43..8.45 rows=0 width=0)
	  ->  Index Scan using sbtest8_pkey on sbtest8  (cost=0.43..8.45 rows=1 width=490)
	        Index Cond: (id = 540862)

for non_index_updates
table 1 : explain UPDATE sbtest1 SET c='foobar' WHERE id=9416465
	Update on sbtest1  (cost=0.43..8.45 rows=0 width=0)
	  ->  Index Scan using sbtest1_pkey on sbtest1  (cost=0.43..8.45 rows=1 width=490)
	        Index Cond: (id = 9416465)

table 2 : explain UPDATE sbtest2 SET c='foobar' WHERE id=8566747
	Update on sbtest2  (cost=0.43..8.45 rows=0 width=0)
	  ->  Index Scan using sbtest2_pkey on sbtest2  (cost=0.43..8.45 rows=1 width=490)
	        Index Cond: (id = 8566747)

table 3 : explain UPDATE sbtest3 SET c='foobar' WHERE id=5952379
	Update on sbtest3  (cost=0.43..8.45 rows=0 width=0)
	  ->  Index Scan using sbtest3_pkey on sbtest3  (cost=0.43..8.45 rows=1 width=490)
	        Index Cond: (id = 5952379)

table 4 : explain UPDATE sbtest4 SET c='foobar' WHERE id=6136813
	Update on sbtest4  (cost=0.43..8.45 rows=0 width=0)
	  ->  Index Scan using sbtest4_pkey on sbtest4  (cost=0.43..8.45 rows=1 width=490)
	        Index Cond: (id = 6136813)

table 5 : explain UPDATE sbtest5 SET c='foobar' WHERE id=2524529
	Update on sbtest5  (cost=0.43..8.45 rows=0 width=0)
	  ->  Index Scan using sbtest5_pkey on sbtest5  (cost=0.43..8.45 rows=1 width=490)
	        Index Cond: (id = 2524529)

table 6 : explain UPDATE sbtest6 SET c='foobar' WHERE id=9320676
	Update on sbtest6  (cost=0.43..8.45 rows=0 width=0)
	  ->  Index Scan using sbtest6_pkey on sbtest6  (cost=0.43..8.45 rows=1 width=490)
	        Index Cond: (id = 9320676)

table 7 : explain UPDATE sbtest7 SET c='foobar' WHERE id=3242953
	Update on sbtest7  (cost=0.43..8.45 rows=0 width=0)
	  ->  Index Scan using sbtest7_pkey on sbtest7  (cost=0.43..8.45 rows=1 width=490)
	        Index Cond: (id = 3242953)

table 8 : explain UPDATE sbtest8 SET c='foobar' WHERE id=7943621
	Update on sbtest8  (cost=0.43..8.45 rows=0 width=0)
	  ->  Index Scan using sbtest8_pkey on sbtest8  (cost=0.43..8.45 rows=1 width=490)
	        Index Cond: (id = 7943621)

for: order_ranges
table 1 : explain SELECT c FROM sbtest1 WHERE id BETWEEN 9700524 AND 9700533 ORDER BY c
	Sort  (cost=41.04..41.07 rows=10 width=121)
	  Sort Key: c
	  ->  Index Scan using sbtest1_pkey on sbtest1  (cost=0.43..40.88 rows=10 width=121)
	        Index Cond: ((id >= 9700524) AND (id <= 9700533))

table 2 : explain SELECT c FROM sbtest2 WHERE id BETWEEN 5812974 AND 5812983 ORDER BY c
	Sort  (cost=41.05..41.08 rows=10 width=121)
	  Sort Key: c
	  ->  Index Scan using sbtest2_pkey on sbtest2  (cost=0.43..40.89 rows=10 width=121)
	        Index Cond: ((id >= 5812974) AND (id <= 5812983))

table 3 : explain SELECT c FROM sbtest3 WHERE id BETWEEN 5070052 AND 5070061 ORDER BY c
	Sort  (cost=44.51..44.54 rows=11 width=121)
	  Sort Key: c
	  ->  Index Scan using sbtest3_pkey on sbtest3  (cost=0.43..44.32 rows=11 width=121)
	        Index Cond: ((id >= 5070052) AND (id <= 5070061))

table 4 : explain SELECT c FROM sbtest4 WHERE id BETWEEN 1333182 AND 1333191 ORDER BY c
	Sort  (cost=40.60..40.62 rows=10 width=121)
	  Sort Key: c
	  ->  Index Scan using sbtest4_pkey on sbtest4  (cost=0.43..40.43 rows=10 width=121)
	        Index Cond: ((id >= 1333182) AND (id <= 1333191))

table 5 : explain SELECT c FROM sbtest5 WHERE id BETWEEN 4213465 AND 4213474 ORDER BY c
	Sort  (cost=40.87..40.89 rows=10 width=121)
	  Sort Key: c
	  ->  Index Scan using sbtest5_pkey on sbtest5  (cost=0.43..40.70 rows=10 width=121)
	        Index Cond: ((id >= 4213465) AND (id <= 4213474))

table 6 : explain SELECT c FROM sbtest6 WHERE id BETWEEN 1599839 AND 1599848 ORDER BY c
	Sort  (cost=44.50..44.52 rows=11 width=121)
	  Sort Key: c
	  ->  Index Scan using sbtest6_pkey on sbtest6  (cost=0.43..44.31 rows=11 width=121)
	        Index Cond: ((id >= 1599839) AND (id <= 1599848))

table 7 : explain SELECT c FROM sbtest7 WHERE id BETWEEN 3035071 AND 3035080 ORDER BY c
	Sort  (cost=44.53..44.55 rows=11 width=121)
	  Sort Key: c
	  ->  Index Scan using sbtest7_pkey on sbtest7  (cost=0.43..44.34 rows=11 width=121)
	        Index Cond: ((id >= 3035071) AND (id <= 3035080))

table 8 : explain SELECT c FROM sbtest8 WHERE id BETWEEN 1980785 AND 1980794 ORDER BY c
	Sort  (cost=44.07..44.10 rows=11 width=121)
	  Sort Key: c
	  ->  Index Scan using sbtest8_pkey on sbtest8  (cost=0.43..43.88 rows=11 width=121)
	        Index Cond: ((id >= 1980785) AND (id <= 1980794))

for deletes
table 1 : explain DELETE FROM sbtest1 WHERE id=178551
	Delete on sbtest1  (cost=0.43..8.45 rows=0 width=0)
	  ->  Index Scan using sbtest1_pkey on sbtest1  (cost=0.43..8.45 rows=1 width=6)
	        Index Cond: (id = 178551)

table 2 : explain DELETE FROM sbtest2 WHERE id=4898794
	Delete on sbtest2  (cost=0.43..8.45 rows=0 width=0)
	  ->  Index Scan using sbtest2_pkey on sbtest2  (cost=0.43..8.45 rows=1 width=6)
	        Index Cond: (id = 4898794)

table 3 : explain DELETE FROM sbtest3 WHERE id=9550408
	Delete on sbtest3  (cost=0.43..8.45 rows=0 width=0)
	  ->  Index Scan using sbtest3_pkey on sbtest3  (cost=0.43..8.45 rows=1 width=6)
	        Index Cond: (id = 9550408)

table 4 : explain DELETE FROM sbtest4 WHERE id=6170819
	Delete on sbtest4  (cost=0.43..8.45 rows=0 width=0)
	  ->  Index Scan using sbtest4_pkey on sbtest4  (cost=0.43..8.45 rows=1 width=6)
	        Index Cond: (id = 6170819)

table 5 : explain DELETE FROM sbtest5 WHERE id=892132
	Delete on sbtest5  (cost=0.43..8.45 rows=0 width=0)
	  ->  Index Scan using sbtest5_pkey on sbtest5  (cost=0.43..8.45 rows=1 width=6)
	        Index Cond: (id = 892132)

table 6 : explain DELETE FROM sbtest6 WHERE id=902348
	Delete on sbtest6  (cost=0.43..8.45 rows=0 width=0)
	  ->  Index Scan using sbtest6_pkey on sbtest6  (cost=0.43..8.45 rows=1 width=6)
	        Index Cond: (id = 902348)

table 7 : explain DELETE FROM sbtest7 WHERE id=8685146
	Delete on sbtest7  (cost=0.43..8.45 rows=0 width=0)
	  ->  Index Scan using sbtest7_pkey on sbtest7  (cost=0.43..8.45 rows=1 width=6)
	        Index Cond: (id = 8685146)

table 8 : explain DELETE FROM sbtest8 WHERE id=4101248
	Delete on sbtest8  (cost=0.43..8.45 rows=0 width=0)
	  ->  Index Scan using sbtest8_pkey on sbtest8  (cost=0.43..8.45 rows=1 width=6)
	        Index Cond: (id = 4101248)

for deletes
table 1 : explain DELETE FROM sbtest1 WHERE id=9653775
	Delete on sbtest1  (cost=0.43..8.45 rows=0 width=0)
	  ->  Index Scan using sbtest1_pkey on sbtest1  (cost=0.43..8.45 rows=1 width=6)
	        Index Cond: (id = 9653775)

table 2 : explain DELETE FROM sbtest2 WHERE id=4111764
	Delete on sbtest2  (cost=0.43..8.45 rows=0 width=0)
	  ->  Index Scan using sbtest2_pkey on sbtest2  (cost=0.43..8.45 rows=1 width=6)
	        Index Cond: (id = 4111764)

table 3 : explain DELETE FROM sbtest3 WHERE id=4809230
	Delete on sbtest3  (cost=0.43..8.45 rows=0 width=0)
	  ->  Index Scan using sbtest3_pkey on sbtest3  (cost=0.43..8.45 rows=1 width=6)
	        Index Cond: (id = 4809230)

table 4 : explain DELETE FROM sbtest4 WHERE id=2632861
	Delete on sbtest4  (cost=0.43..8.45 rows=0 width=0)
	  ->  Index Scan using sbtest4_pkey on sbtest4  (cost=0.43..8.45 rows=1 width=6)
	        Index Cond: (id = 2632861)

table 5 : explain DELETE FROM sbtest5 WHERE id=3880336
	Delete on sbtest5  (cost=0.43..8.45 rows=0 width=0)
	  ->  Index Scan using sbtest5_pkey on sbtest5  (cost=0.43..8.45 rows=1 width=6)
	        Index Cond: (id = 3880336)

table 6 : explain DELETE FROM sbtest6 WHERE id=8787404
	Delete on sbtest6  (cost=0.43..8.45 rows=0 width=0)
	  ->  Index Scan using sbtest6_pkey on sbtest6  (cost=0.43..8.45 rows=1 width=6)
	        Index Cond: (id = 8787404)

table 7 : explain DELETE FROM sbtest7 WHERE id=2957509
	Delete on sbtest7  (cost=0.43..8.45 rows=0 width=0)
	  ->  Index Scan using sbtest7_pkey on sbtest7  (cost=0.43..8.45 rows=1 width=6)
	        Index Cond: (id = 2957509)

table 8 : explain DELETE FROM sbtest8 WHERE id=2586298
	Delete on sbtest8  (cost=0.43..8.45 rows=0 width=0)
	  ->  Index Scan using sbtest8_pkey on sbtest8  (cost=0.43..8.45 rows=1 width=6)
	        Index Cond: (id = 2586298)

explain: for deletes :: explain DELETE FROM sbtest%u WHERE id=%u
for: sum_ranges
table 1 : explain SELECT SUM(k) FROM sbtest1 WHERE id BETWEEN 8316940 AND 8316949
	Aggregate  (cost=37.30..37.31 rows=1 width=8)
	  ->  Index Scan using sbtest1_pkey on sbtest1  (cost=0.43..37.28 rows=9 width=4)
	        Index Cond: ((id >= 8316940) AND (id <= 8316949))

table 2 : explain SELECT SUM(k) FROM sbtest2 WHERE id BETWEEN 8120364 AND 8120373
	Aggregate  (cost=40.91..40.92 rows=1 width=8)
	  ->  Index Scan using sbtest2_pkey on sbtest2  (cost=0.43..40.89 rows=10 width=4)
	        Index Cond: ((id >= 8120364) AND (id <= 8120373))

table 3 : explain SELECT SUM(k) FROM sbtest3 WHERE id BETWEEN 2301008 AND 2301017
	Aggregate  (cost=44.35..44.36 rows=1 width=8)
	  ->  Index Scan using sbtest3_pkey on sbtest3  (cost=0.43..44.32 rows=11 width=4)
	        Index Cond: ((id >= 2301008) AND (id <= 2301017))

table 4 : explain SELECT SUM(k) FROM sbtest4 WHERE id BETWEEN 4717484 AND 4717493
	Aggregate  (cost=40.46..40.47 rows=1 width=8)
	  ->  Index Scan using sbtest4_pkey on sbtest4  (cost=0.43..40.43 rows=10 width=4)
	        Index Cond: ((id >= 4717484) AND (id <= 4717493))

table 5 : explain SELECT SUM(k) FROM sbtest5 WHERE id BETWEEN 224369 AND 224378
	Aggregate  (cost=40.73..40.74 rows=1 width=8)
	  ->  Index Scan using sbtest5_pkey on sbtest5  (cost=0.43..40.70 rows=10 width=4)
	        Index Cond: ((id >= 224369) AND (id <= 224378))

table 6 : explain SELECT SUM(k) FROM sbtest6 WHERE id BETWEEN 1033533 AND 1033542
	Aggregate  (cost=40.75..40.76 rows=1 width=8)
	  ->  Index Scan using sbtest6_pkey on sbtest6  (cost=0.43..40.72 rows=10 width=4)
	        Index Cond: ((id >= 1033533) AND (id <= 1033542))

table 7 : explain SELECT SUM(k) FROM sbtest7 WHERE id BETWEEN 177875 AND 177884
	Aggregate  (cost=40.77..40.78 rows=1 width=8)
	  ->  Index Scan using sbtest7_pkey on sbtest7  (cost=0.43..40.75 rows=10 width=4)
	        Index Cond: ((id >= 177875) AND (id <= 177884))

table 8 : explain SELECT SUM(k) FROM sbtest8 WHERE id BETWEEN 4158253 AND 4158262
	Aggregate  (cost=40.36..40.37 rows=1 width=8)
	  ->  Index Scan using sbtest8_pkey on sbtest8  (cost=0.43..40.34 rows=10 width=4)
	        Index Cond: ((id >= 4158253) AND (id <= 4158262))

for: distinct_ranges
table 1 : explain SELECT DISTINCT c FROM sbtest1 WHERE id BETWEEN 5897187 AND 5897196 ORDER BY c
	Unique  (cost=41.04..41.09 rows=10 width=121)
	  ->  Sort  (cost=41.04..41.07 rows=10 width=121)
	        Sort Key: c
	        ->  Index Scan using sbtest1_pkey on sbtest1  (cost=0.43..40.88 rows=10 width=121)
	              Index Cond: ((id >= 5897187) AND (id <= 5897196))

table 2 : explain SELECT DISTINCT c FROM sbtest2 WHERE id BETWEEN 7485496 AND 7485505 ORDER BY c
	Unique  (cost=41.05..41.10 rows=10 width=121)
	  ->  Sort  (cost=41.05..41.08 rows=10 width=121)
	        Sort Key: c
	        ->  Index Scan using sbtest2_pkey on sbtest2  (cost=0.43..40.89 rows=10 width=121)
	              Index Cond: ((id >= 7485496) AND (id <= 7485505))

table 3 : explain SELECT DISTINCT c FROM sbtest3 WHERE id BETWEEN 6040236 AND 6040245 ORDER BY c
	Unique  (cost=40.90..40.95 rows=10 width=121)
	  ->  Sort  (cost=40.90..40.93 rows=10 width=121)
	        Sort Key: c
	        ->  Index Scan using sbtest3_pkey on sbtest3  (cost=0.43..40.73 rows=10 width=121)
	              Index Cond: ((id >= 6040236) AND (id <= 6040245))

table 4 : explain SELECT DISTINCT c FROM sbtest4 WHERE id BETWEEN 4231993 AND 4232002 ORDER BY c
	Unique  (cost=40.60..40.65 rows=10 width=121)
	  ->  Sort  (cost=40.60..40.62 rows=10 width=121)
	        Sort Key: c
	        ->  Index Scan using sbtest4_pkey on sbtest4  (cost=0.43..40.43 rows=10 width=121)
	              Index Cond: ((id >= 4231993) AND (id <= 4232002))

table 5 : explain SELECT DISTINCT c FROM sbtest5 WHERE id BETWEEN 8299414 AND 8299423 ORDER BY c
	Unique  (cost=40.87..40.92 rows=10 width=121)
	  ->  Sort  (cost=40.87..40.89 rows=10 width=121)
	        Sort Key: c
	        ->  Index Scan using sbtest5_pkey on sbtest5  (cost=0.43..40.70 rows=10 width=121)
	              Index Cond: ((id >= 8299414) AND (id <= 8299423))

table 6 : explain SELECT DISTINCT c FROM sbtest6 WHERE id BETWEEN 8244359 AND 8244368 ORDER BY c
	Unique  (cost=44.50..44.55 rows=11 width=121)
	  ->  Sort  (cost=44.50..44.52 rows=11 width=121)
	        Sort Key: c
	        ->  Index Scan using sbtest6_pkey on sbtest6  (cost=0.43..44.31 rows=11 width=121)
	              Index Cond: ((id >= 8244359) AND (id <= 8244368))

table 7 : explain SELECT DISTINCT c FROM sbtest7 WHERE id BETWEEN 6370898 AND 6370907 ORDER BY c
	Unique  (cost=40.91..40.96 rows=10 width=121)
	  ->  Sort  (cost=40.91..40.94 rows=10 width=121)
	        Sort Key: c
	        ->  Index Scan using sbtest7_pkey on sbtest7  (cost=0.43..40.75 rows=10 width=121)
	              Index Cond: ((id >= 6370898) AND (id <= 6370907))

table 8 : explain SELECT DISTINCT c FROM sbtest8 WHERE id BETWEEN 7541681 AND 7541690 ORDER BY c
	Unique  (cost=40.50..40.55 rows=10 width=121)
	  ->  Sort  (cost=40.50..40.53 rows=10 width=121)
	        Sort Key: c
	        ->  Index Scan using sbtest8_pkey on sbtest8  (cost=0.43..40.34 rows=10 width=121)
	              Index Cond: ((id >= 7541681) AND (id <= 7541690))

explain: for deletes :: explain DELETE FROM sbtest%u WHERE id=%u
explain: for inserts :: explain INSERT INTO sbtest%u (id, k, c, pad) VALUES (%u, 13, 'foobar', 'foobar')
for: sum_ranges
table 1 : explain SELECT SUM(k) FROM sbtest1 WHERE id BETWEEN 6437877 AND 6437886
	Aggregate  (cost=37.30..37.31 rows=1 width=8)
	  ->  Index Scan using sbtest1_pkey on sbtest1  (cost=0.43..37.28 rows=9 width=4)
	        Index Cond: ((id >= 6437877) AND (id <= 6437886))

table 2 : explain SELECT SUM(k) FROM sbtest2 WHERE id BETWEEN 3906363 AND 3906372
	Aggregate  (cost=40.91..40.92 rows=1 width=8)
	  ->  Index Scan using sbtest2_pkey on sbtest2  (cost=0.43..40.89 rows=10 width=4)
	        Index Cond: ((id >= 3906363) AND (id <= 3906372))

table 3 : explain SELECT SUM(k) FROM sbtest3 WHERE id BETWEEN 2801985 AND 2801994
	Aggregate  (cost=40.76..40.77 rows=1 width=8)
	  ->  Index Scan using sbtest3_pkey on sbtest3  (cost=0.43..40.73 rows=10 width=4)
	        Index Cond: ((id >= 2801985) AND (id <= 2801994))

table 4 : explain SELECT SUM(k) FROM sbtest4 WHERE id BETWEEN 5385961 AND 5385970
	Aggregate  (cost=40.46..40.47 rows=1 width=8)
	  ->  Index Scan using sbtest4_pkey on sbtest4  (cost=0.43..40.43 rows=10 width=4)
	        Index Cond: ((id >= 5385961) AND (id <= 5385970))

table 5 : explain SELECT SUM(k) FROM sbtest5 WHERE id BETWEEN 1043330 AND 1043339
	Aggregate  (cost=37.14..37.15 rows=1 width=8)
	  ->  Index Scan using sbtest5_pkey on sbtest5  (cost=0.43..37.12 rows=9 width=4)
	        Index Cond: ((id >= 1043330) AND (id <= 1043339))

table 6 : explain SELECT SUM(k) FROM sbtest6 WHERE id BETWEEN 7470028 AND 7470037
	Aggregate  (cost=40.75..40.76 rows=1 width=8)
	  ->  Index Scan using sbtest6_pkey on sbtest6  (cost=0.43..40.72 rows=10 width=4)
	        Index Cond: ((id >= 7470028) AND (id <= 7470037))

table 7 : explain SELECT SUM(k) FROM sbtest7 WHERE id BETWEEN 491439 AND 491448
	Aggregate  (cost=44.36..44.37 rows=1 width=8)
	  ->  Index Scan using sbtest7_pkey on sbtest7  (cost=0.43..44.34 rows=11 width=4)
	        Index Cond: ((id >= 491439) AND (id <= 491448))

table 8 : explain SELECT SUM(k) FROM sbtest8 WHERE id BETWEEN 1490137 AND 1490146
	Aggregate  (cost=43.91..43.92 rows=1 width=8)
	  ->  Index Scan using sbtest8_pkey on sbtest8  (cost=0.43..43.88 rows=11 width=4)
	        Index Cond: ((id >= 1490137) AND (id <= 1490146))

for: sum_ranges
table 1 : explain SELECT SUM(k) FROM sbtest1 WHERE id BETWEEN 5430939 AND 5430948
	Aggregate  (cost=40.90..40.91 rows=1 width=8)
	  ->  Index Scan using sbtest1_pkey on sbtest1  (cost=0.43..40.88 rows=10 width=4)
	        Index Cond: ((id >= 5430939) AND (id <= 5430948))

table 2 : explain SELECT SUM(k) FROM sbtest2 WHERE id BETWEEN 4323249 AND 4323258
	Aggregate  (cost=40.91..40.92 rows=1 width=8)
	  ->  Index Scan using sbtest2_pkey on sbtest2  (cost=0.43..40.89 rows=10 width=4)
	        Index Cond: ((id >= 4323249) AND (id <= 4323258))

table 3 : explain SELECT SUM(k) FROM sbtest3 WHERE id BETWEEN 277767 AND 277776
	Aggregate  (cost=37.17..37.18 rows=1 width=8)
	  ->  Index Scan using sbtest3_pkey on sbtest3  (cost=0.43..37.15 rows=9 width=4)
	        Index Cond: ((id >= 277767) AND (id <= 277776))

table 4 : explain SELECT SUM(k) FROM sbtest4 WHERE id BETWEEN 6556182 AND 6556191
	Aggregate  (cost=44.01..44.02 rows=1 width=8)
	  ->  Index Scan using sbtest4_pkey on sbtest4  (cost=0.43..43.98 rows=11 width=4)
	        Index Cond: ((id >= 6556182) AND (id <= 6556191))

table 5 : explain SELECT SUM(k) FROM sbtest5 WHERE id BETWEEN 7230853 AND 7230862
	Aggregate  (cost=44.31..44.32 rows=1 width=8)
	  ->  Index Scan using sbtest5_pkey on sbtest5  (cost=0.43..44.29 rows=11 width=4)
	        Index Cond: ((id >= 7230853) AND (id <= 7230862))

table 6 : explain SELECT SUM(k) FROM sbtest6 WHERE id BETWEEN 3655217 AND 3655226
	Aggregate  (cost=40.75..40.76 rows=1 width=8)
	  ->  Index Scan using sbtest6_pkey on sbtest6  (cost=0.43..40.72 rows=10 width=4)
	        Index Cond: ((id >= 3655217) AND (id <= 3655226))

table 7 : explain SELECT SUM(k) FROM sbtest7 WHERE id BETWEEN 48937 AND 48946
	Aggregate  (cost=40.77..40.78 rows=1 width=8)
	  ->  Index Scan using sbtest7_pkey on sbtest7  (cost=0.43..40.75 rows=10 width=4)
	        Index Cond: ((id >= 48937) AND (id <= 48946))

table 8 : explain SELECT SUM(k) FROM sbtest8 WHERE id BETWEEN 3675951 AND 3675960
	Aggregate  (cost=36.82..36.83 rows=1 width=8)
	  ->  Index Scan using sbtest8_pkey on sbtest8  (cost=0.43..36.79 rows=9 width=4)
	        Index Cond: ((id >= 3675951) AND (id <= 3675960))

explain: for inserts :: explain INSERT INTO sbtest%u (id, k, c, pad) VALUES (%u, 13, 'foobar', 'foobar')
explain: for index_updates :: explain UPDATE sbtest%u SET k=k+1 WHERE id=%u
for point_selects
table 1 : explain SELECT c FROM sbtest1 WHERE id=9764699
	Index Scan using sbtest1_pkey on sbtest1  (cost=0.43..8.45 rows=1 width=121)
	  Index Cond: (id = 9764699)

table 2 : explain SELECT c FROM sbtest2 WHERE id=9171918
	Index Scan using sbtest2_pkey on sbtest2  (cost=0.43..8.45 rows=1 width=121)
	  Index Cond: (id = 9171918)

table 3 : explain SELECT c FROM sbtest3 WHERE id=7373673
	Index Scan using sbtest3_pkey on sbtest3  (cost=0.43..8.45 rows=1 width=121)
	  Index Cond: (id = 7373673)

table 4 : explain SELECT c FROM sbtest4 WHERE id=9080406
	Index Scan using sbtest4_pkey on sbtest4  (cost=0.43..8.45 rows=1 width=121)
	  Index Cond: (id = 9080406)

table 5 : explain SELECT c FROM sbtest5 WHERE id=7942824
	Index Scan using sbtest5_pkey on sbtest5  (cost=0.43..8.45 rows=1 width=121)
	  Index Cond: (id = 7942824)

table 6 : explain SELECT c FROM sbtest6 WHERE id=7433912
	Index Scan using sbtest6_pkey on sbtest6  (cost=0.43..8.45 rows=1 width=121)
	  Index Cond: (id = 7433912)

table 7 : explain SELECT c FROM sbtest7 WHERE id=6604251
	Index Scan using sbtest7_pkey on sbtest7  (cost=0.43..8.45 rows=1 width=121)
	  Index Cond: (id = 6604251)

table 8 : explain SELECT c FROM sbtest8 WHERE id=8491836
	Index Scan using sbtest8_pkey on sbtest8  (cost=0.43..8.45 rows=1 width=121)
	  Index Cond: (id = 8491836)

for inserts
table 1 : explain INSERT INTO sbtest1 (id, k, c, pad) VALUES (8461199, 13, 'foobar', 'foobar')
	Insert on sbtest1  (cost=0.00..0.01 rows=0 width=0)
	  ->  Result  (cost=0.00..0.01 rows=1 width=736)

table 2 : explain INSERT INTO sbtest2 (id, k, c, pad) VALUES (8146965, 13, 'foobar', 'foobar')
	Insert on sbtest2  (cost=0.00..0.01 rows=0 width=0)
	  ->  Result  (cost=0.00..0.01 rows=1 width=736)

table 3 : explain INSERT INTO sbtest3 (id, k, c, pad) VALUES (1322626, 13, 'foobar', 'foobar')
	Insert on sbtest3  (cost=0.00..0.01 rows=0 width=0)
	  ->  Result  (cost=0.00..0.01 rows=1 width=736)

table 4 : explain INSERT INTO sbtest4 (id, k, c, pad) VALUES (9637459, 13, 'foobar', 'foobar')
	Insert on sbtest4  (cost=0.00..0.01 rows=0 width=0)
	  ->  Result  (cost=0.00..0.01 rows=1 width=736)

table 5 : explain INSERT INTO sbtest5 (id, k, c, pad) VALUES (3600621, 13, 'foobar', 'foobar')
	Insert on sbtest5  (cost=0.00..0.01 rows=0 width=0)
	  ->  Result  (cost=0.00..0.01 rows=1 width=736)

table 6 : explain INSERT INTO sbtest6 (id, k, c, pad) VALUES (7092168, 13, 'foobar', 'foobar')
	Insert on sbtest6  (cost=0.00..0.01 rows=0 width=0)
	  ->  Result  (cost=0.00..0.01 rows=1 width=736)

table 7 : explain INSERT INTO sbtest7 (id, k, c, pad) VALUES (7946043, 13, 'foobar', 'foobar')
	Insert on sbtest7  (cost=0.00..0.01 rows=0 width=0)
	  ->  Result  (cost=0.00..0.01 rows=1 width=736)

table 8 : explain INSERT INTO sbtest8 (id, k, c, pad) VALUES (395656, 13, 'foobar', 'foobar')
	Insert on sbtest8  (cost=0.00..0.01 rows=0 width=0)
	  ->  Result  (cost=0.00..0.01 rows=1 width=736)

for deletes
table 1 : explain DELETE FROM sbtest1 WHERE id=4859021
	Delete on sbtest1  (cost=0.43..8.45 rows=0 width=0)
	  ->  Index Scan using sbtest1_pkey on sbtest1  (cost=0.43..8.45 rows=1 width=6)
	        Index Cond: (id = 4859021)

table 2 : explain DELETE FROM sbtest2 WHERE id=5472423
	Delete on sbtest2  (cost=0.43..8.45 rows=0 width=0)
	  ->  Index Scan using sbtest2_pkey on sbtest2  (cost=0.43..8.45 rows=1 width=6)
	        Index Cond: (id = 5472423)

table 3 : explain DELETE FROM sbtest3 WHERE id=2025411
	Delete on sbtest3  (cost=0.43..8.45 rows=0 width=0)
	  ->  Index Scan using sbtest3_pkey on sbtest3  (cost=0.43..8.45 rows=1 width=6)
	        Index Cond: (id = 2025411)

table 4 : explain DELETE FROM sbtest4 WHERE id=6422776
	Delete on sbtest4  (cost=0.43..8.45 rows=0 width=0)
	  ->  Index Scan using sbtest4_pkey on sbtest4  (cost=0.43..8.45 rows=1 width=6)
	        Index Cond: (id = 6422776)

table 5 : explain DELETE FROM sbtest5 WHERE id=9814810
	Delete on sbtest5  (cost=0.43..8.45 rows=0 width=0)
	  ->  Index Scan using sbtest5_pkey on sbtest5  (cost=0.43..8.45 rows=1 width=6)
	        Index Cond: (id = 9814810)

table 6 : explain DELETE FROM sbtest6 WHERE id=6741885
	Delete on sbtest6  (cost=0.43..8.45 rows=0 width=0)
	  ->  Index Scan using sbtest6_pkey on sbtest6  (cost=0.43..8.45 rows=1 width=6)
	        Index Cond: (id = 6741885)

table 7 : explain DELETE FROM sbtest7 WHERE id=2588778
	Delete on sbtest7  (cost=0.43..8.45 rows=0 width=0)
	  ->  Index Scan using sbtest7_pkey on sbtest7  (cost=0.43..8.45 rows=1 width=6)
	        Index Cond: (id = 2588778)

table 8 : explain DELETE FROM sbtest8 WHERE id=8871320
	Delete on sbtest8  (cost=0.43..8.45 rows=0 width=0)
	  ->  Index Scan using sbtest8_pkey on sbtest8  (cost=0.43..8.45 rows=1 width=6)
	        Index Cond: (id = 8871320)

for: distinct_ranges
table 1 : explain SELECT DISTINCT c FROM sbtest1 WHERE id BETWEEN 3737367 AND 3737376 ORDER BY c
	Unique  (cost=37.42..37.46 rows=9 width=121)
	  ->  Sort  (cost=37.42..37.44 rows=9 width=121)
	        Sort Key: c
	        ->  Index Scan using sbtest1_pkey on sbtest1  (cost=0.43..37.28 rows=9 width=121)
	              Index Cond: ((id >= 3737367) AND (id <= 3737376))

table 2 : explain SELECT DISTINCT c FROM sbtest2 WHERE id BETWEEN 1929100 AND 1929109 ORDER BY c
	Unique  (cost=41.05..41.10 rows=10 width=121)
	  ->  Sort  (cost=41.05..41.08 rows=10 width=121)
	        Sort Key: c
	        ->  Index Scan using sbtest2_pkey on sbtest2  (cost=0.43..40.89 rows=10 width=121)
	              Index Cond: ((id >= 1929100) AND (id <= 1929109))

table 3 : explain SELECT DISTINCT c FROM sbtest3 WHERE id BETWEEN 5082227 AND 5082236 ORDER BY c
	Unique  (cost=44.51..44.57 rows=11 width=121)
	  ->  Sort  (cost=44.51..44.54 rows=11 width=121)
	        Sort Key: c
	        ->  Index Scan using sbtest3_pkey on sbtest3  (cost=0.43..44.32 rows=11 width=121)
	              Index Cond: ((id >= 5082227) AND (id <= 5082236))

table 4 : explain SELECT DISTINCT c FROM sbtest4 WHERE id BETWEEN 7241732 AND 7241741 ORDER BY c
	Unique  (cost=40.60..40.65 rows=10 width=121)
	  ->  Sort  (cost=40.60..40.62 rows=10 width=121)
	        Sort Key: c
	        ->  Index Scan using sbtest4_pkey on sbtest4  (cost=0.43..40.43 rows=10 width=121)
	              Index Cond: ((id >= 7241732) AND (id <= 7241741))

table 5 : explain SELECT DISTINCT c FROM sbtest5 WHERE id BETWEEN 1546319 AND 1546328 ORDER BY c
	Unique  (cost=44.48..44.53 rows=11 width=121)
	  ->  Sort  (cost=44.48..44.50 rows=11 width=121)
	        Sort Key: c
	        ->  Index Scan using sbtest5_pkey on sbtest5  (cost=0.43..44.29 rows=11 width=121)
	              Index Cond: ((id >= 1546319) AND (id <= 1546328))

table 6 : explain SELECT DISTINCT c FROM sbtest6 WHERE id BETWEEN 9664594 AND 9664603 ORDER BY c
	Unique  (cost=40.89..40.94 rows=10 width=121)
	  ->  Sort  (cost=40.89..40.91 rows=10 width=121)
	        Sort Key: c
	        ->  Index Scan using sbtest6_pkey on sbtest6  (cost=0.43..40.72 rows=10 width=121)
	              Index Cond: ((id >= 9664594) AND (id <= 9664603))

table 7 : explain SELECT DISTINCT c FROM sbtest7 WHERE id BETWEEN 7347849 AND 7347858 ORDER BY c
	Unique  (cost=44.53..44.58 rows=11 width=121)
	  ->  Sort  (cost=44.53..44.55 rows=11 width=121)
	        Sort Key: c
	        ->  Index Scan using sbtest7_pkey on sbtest7  (cost=0.43..44.34 rows=11 width=121)
	              Index Cond: ((id >= 7347849) AND (id <= 7347858))

table 8 : explain SELECT DISTINCT c FROM sbtest8 WHERE id BETWEEN 2357353 AND 2357362 ORDER BY c
	Unique  (cost=36.94..36.98 rows=9 width=121)
	  ->  Sort  (cost=36.94..36.96 rows=9 width=121)
	        Sort Key: c
	        ->  Index Scan using sbtest8_pkey on sbtest8  (cost=0.43..36.79 rows=9 width=121)
	              Index Cond: ((id >= 2357353) AND (id <= 2357362))

for deletes
table 1 : explain DELETE FROM sbtest1 WHERE id=4055452
	Delete on sbtest1  (cost=0.43..8.45 rows=0 width=0)
	  ->  Index Scan using sbtest1_pkey on sbtest1  (cost=0.43..8.45 rows=1 width=6)
	        Index Cond: (id = 4055452)

table 2 : explain DELETE FROM sbtest2 WHERE id=9605491
	Delete on sbtest2  (cost=0.43..8.45 rows=0 width=0)
	  ->  Index Scan using sbtest2_pkey on sbtest2  (cost=0.43..8.45 rows=1 width=6)
	        Index Cond: (id = 9605491)

table 3 : explain DELETE FROM sbtest3 WHERE id=3560877
	Delete on sbtest3  (cost=0.43..8.45 rows=0 width=0)
	  ->  Index Scan using sbtest3_pkey on sbtest3  (cost=0.43..8.45 rows=1 width=6)
	        Index Cond: (id = 3560877)

table 4 : explain DELETE FROM sbtest4 WHERE id=6471920
	Delete on sbtest4  (cost=0.43..8.45 rows=0 width=0)
	  ->  Index Scan using sbtest4_pkey on sbtest4  (cost=0.43..8.45 rows=1 width=6)
	        Index Cond: (id = 6471920)

table 5 : explain DELETE FROM sbtest5 WHERE id=2446
	Delete on sbtest5  (cost=0.43..8.45 rows=0 width=0)
	  ->  Index Scan using sbtest5_pkey on sbtest5  (cost=0.43..8.45 rows=1 width=6)
	        Index Cond: (id = 2446)

table 6 : explain DELETE FROM sbtest6 WHERE id=6134189
	Delete on sbtest6  (cost=0.43..8.45 rows=0 width=0)
	  ->  Index Scan using sbtest6_pkey on sbtest6  (cost=0.43..8.45 rows=1 width=6)
	        Index Cond: (id = 6134189)

table 7 : explain DELETE FROM sbtest7 WHERE id=93568
	Delete on sbtest7  (cost=0.43..8.45 rows=0 width=0)
	  ->  Index Scan using sbtest7_pkey on sbtest7  (cost=0.43..8.45 rows=1 width=6)
	        Index Cond: (id = 93568)

table 8 : explain DELETE FROM sbtest8 WHERE id=7489005
	Delete on sbtest8  (cost=0.43..8.45 rows=0 width=0)
	  ->  Index Scan using sbtest8_pkey on sbtest8  (cost=0.43..8.45 rows=1 width=6)
	        Index Cond: (id = 7489005)
for inserts
table 1 : explain INSERT INTO sbtest1 (id, k, c, pad) VALUES (7076764, 13, 'foobar', 'foobar')
	Insert on sbtest1  (cost=0.00..0.01 rows=0 width=0)
	  ->  Result  (cost=0.00..0.01 rows=1 width=736)

table 2 : explain INSERT INTO sbtest2 (id, k, c, pad) VALUES (4206450, 13, 'foobar', 'foobar')
	Insert on sbtest2  (cost=0.00..0.01 rows=0 width=0)
	  ->  Result  (cost=0.00..0.01 rows=1 width=736)

table 3 : explain INSERT INTO sbtest3 (id, k, c, pad) VALUES (1990383, 13, 'foobar', 'foobar')
	Insert on sbtest3  (cost=0.00..0.01 rows=0 width=0)
	  ->  Result  (cost=0.00..0.01 rows=1 width=736)

table 4 : explain INSERT INTO sbtest4 (id, k, c, pad) VALUES (3414547, 13, 'foobar', 'foobar')
	Insert on sbtest4  (cost=0.00..0.01 rows=0 width=0)
	  ->  Result  (cost=0.00..0.01 rows=1 width=736)

table 5 : explain INSERT INTO sbtest5 (id, k, c, pad) VALUES (3699407, 13, 'foobar', 'foobar')
	Insert on sbtest5  (cost=0.00..0.01 rows=0 width=0)
	  ->  Result  (cost=0.00..0.01 rows=1 width=736)

table 6 : explain INSERT INTO sbtest6 (id, k, c, pad) VALUES (9549829, 13, 'foobar', 'foobar')
	Insert on sbtest6  (cost=0.00..0.01 rows=0 width=0)
	  ->  Result  (cost=0.00..0.01 rows=1 width=736)

table 7 : explain INSERT INTO sbtest7 (id, k, c, pad) VALUES (4079489, 13, 'foobar', 'foobar')
	Insert on sbtest7  (cost=0.00..0.01 rows=0 width=0)
	  ->  Result  (cost=0.00..0.01 rows=1 width=736)

table 8 : explain INSERT INTO sbtest8 (id, k, c, pad) VALUES (4558669, 13, 'foobar', 'foobar')
	Insert on sbtest8  (cost=0.00..0.01 rows=0 width=0)
	  ->  Result  (cost=0.00..0.01 rows=1 width=736)
for: simple_ranges
table 1 : explain SELECT c FROM sbtest1 WHERE id BETWEEN 9126530 AND 9126539
	Index Scan using sbtest1_pkey on sbtest1  (cost=0.43..44.48 rows=11 width=121)
	  Index Cond: ((id >= 9126530) AND (id <= 9126539))

table 2 : explain SELECT c FROM sbtest2 WHERE id BETWEEN 9062697 AND 9062706
	Index Scan using sbtest2_pkey on sbtest2  (cost=0.43..40.89 rows=10 width=121)
	  Index Cond: ((id >= 9062697) AND (id <= 9062706))

table 3 : explain SELECT c FROM sbtest3 WHERE id BETWEEN 8035245 AND 8035254
	Index Scan using sbtest3_pkey on sbtest3  (cost=0.43..44.32 rows=11 width=121)
	  Index Cond: ((id >= 8035245) AND (id <= 8035254))

table 4 : explain SELECT c FROM sbtest4 WHERE id BETWEEN 8398137 AND 8398146
	Index Scan using sbtest4_pkey on sbtest4  (cost=0.43..40.43 rows=10 width=121)
	  Index Cond: ((id >= 8398137) AND (id <= 8398146))

table 5 : explain SELECT c FROM sbtest5 WHERE id BETWEEN 1081578 AND 1081587
	Index Scan using sbtest5_pkey on sbtest5  (cost=0.43..37.12 rows=9 width=121)
	  Index Cond: ((id >= 1081578) AND (id <= 1081587))

table 6 : explain SELECT c FROM sbtest6 WHERE id BETWEEN 9564142 AND 9564151
	Index Scan using sbtest6_pkey on sbtest6  (cost=0.43..40.72 rows=10 width=121)
	  Index Cond: ((id >= 9564142) AND (id <= 9564151))

table 7 : explain SELECT c FROM sbtest7 WHERE id BETWEEN 7213236 AND 7213245
	Index Scan using sbtest7_pkey on sbtest7  (cost=0.43..40.75 rows=10 width=121)
	  Index Cond: ((id >= 7213236) AND (id <= 7213245))

table 8 : explain SELECT c FROM sbtest8 WHERE id BETWEEN 857945 AND 857954
	Index Scan using sbtest8_pkey on sbtest8  (cost=0.43..43.88 rows=11 width=121)
	  Index Cond: ((id >= 857945) AND (id <= 857954))

for point_selects
table 1 : explain SELECT c FROM sbtest1 WHERE id=2447411
	Index Scan using sbtest1_pkey on sbtest1  (cost=0.43..8.45 rows=1 width=121)
	  Index Cond: (id = 2447411)

table 2 : explain SELECT c FROM sbtest2 WHERE id=6976144
	Index Scan using sbtest2_pkey on sbtest2  (cost=0.43..8.45 rows=1 width=121)
	  Index Cond: (id = 6976144)

table 3 : explain SELECT c FROM sbtest3 WHERE id=6964688
	Index Scan using sbtest3_pkey on sbtest3  (cost=0.43..8.45 rows=1 width=121)
	  Index Cond: (id = 6964688)

table 4 : explain SELECT c FROM sbtest4 WHERE id=8951728
	Index Scan using sbtest4_pkey on sbtest4  (cost=0.43..8.45 rows=1 width=121)
	  Index Cond: (id = 8951728)

table 5 : explain SELECT c FROM sbtest5 WHERE id=1866804
	Index Scan using sbtest5_pkey on sbtest5  (cost=0.43..8.45 rows=1 width=121)
	  Index Cond: (id = 1866804)

table 6 : explain SELECT c FROM sbtest6 WHERE id=526060
	Index Scan using sbtest6_pkey on sbtest6  (cost=0.43..8.45 rows=1 width=121)
	  Index Cond: (id = 526060)

table 7 : explain SELECT c FROM sbtest7 WHERE id=616164
	Index Scan using sbtest7_pkey on sbtest7  (cost=0.43..8.45 rows=1 width=121)
	  Index Cond: (id = 616164)

table 8 : explain SELECT c FROM sbtest8 WHERE id=9602271
	Index Scan using sbtest8_pkey on sbtest8  (cost=0.43..8.45 rows=1 width=121)
	  Index Cond: (id = 9602271)

for: simple_ranges
table 1 : explain SELECT c FROM sbtest1 WHERE id BETWEEN 2704508 AND 2704517
	Index Scan using sbtest1_pkey on sbtest1  (cost=0.43..40.88 rows=10 width=121)
	  Index Cond: ((id >= 2704508) AND (id <= 2704517))

table 2 : explain SELECT c FROM sbtest2 WHERE id BETWEEN 3570565 AND 3570574
	Index Scan using sbtest2_pkey on sbtest2  (cost=0.43..44.49 rows=11 width=121)
	  Index Cond: ((id >= 3570565) AND (id <= 3570574))

table 3 : explain SELECT c FROM sbtest3 WHERE id BETWEEN 116481 AND 116490
	Index Scan using sbtest3_pkey on sbtest3  (cost=0.43..44.32 rows=11 width=121)
	  Index Cond: ((id >= 116481) AND (id <= 116490))

table 4 : explain SELECT c FROM sbtest4 WHERE id BETWEEN 2460179 AND 2460188
	Index Scan using sbtest4_pkey on sbtest4  (cost=0.43..40.43 rows=10 width=121)
	  Index Cond: ((id >= 2460179) AND (id <= 2460188))

table 5 : explain SELECT c FROM sbtest5 WHERE id BETWEEN 1697623 AND 1697632
	Index Scan using sbtest5_pkey on sbtest5  (cost=0.43..40.70 rows=10 width=121)
	  Index Cond: ((id >= 1697623) AND (id <= 1697632))

table 6 : explain SELECT c FROM sbtest6 WHERE id BETWEEN 2567678 AND 2567687
	Index Scan using sbtest6_pkey on sbtest6  (cost=0.43..40.72 rows=10 width=121)
	  Index Cond: ((id >= 2567678) AND (id <= 2567687))

table 7 : explain SELECT c FROM sbtest7 WHERE id BETWEEN 3197130 AND 3197139
	Index Scan using sbtest7_pkey on sbtest7  (cost=0.43..40.75 rows=10 width=121)
	  Index Cond: ((id >= 3197130) AND (id <= 3197139))

table 8 : explain SELECT c FROM sbtest8 WHERE id BETWEEN 8123124 AND 8123133
	Index Scan using sbtest8_pkey on sbtest8  (cost=0.43..36.79 rows=9 width=121)
	  Index Cond: ((id >= 8123124) AND (id <= 8123133))



for index_updates
table 1 : explain UPDATE sbtest1 SET k=k+1 WHERE id=929644
	Update on sbtest1  (cost=0.43..8.46 rows=0 width=0)
	  ->  Index Scan using sbtest1_pkey on sbtest1  (cost=0.43..8.46 rows=1 width=10)
	        Index Cond: (id = 929644)

table 2 : explain UPDATE sbtest2 SET k=k+1 WHERE id=8812742
	Update on sbtest2  (cost=0.43..8.46 rows=0 width=0)
	  ->  Index Scan using sbtest2_pkey on sbtest2  (cost=0.43..8.46 rows=1 width=10)
	        Index Cond: (id = 8812742)

table 3 : explain UPDATE sbtest3 SET k=k+1 WHERE id=8418271
	Update on sbtest3  (cost=0.43..8.46 rows=0 width=0)
	  ->  Index Scan using sbtest3_pkey on sbtest3  (cost=0.43..8.46 rows=1 width=10)
	        Index Cond: (id = 8418271)

table 4 : explain UPDATE sbtest4 SET k=k+1 WHERE id=3375889
	Update on sbtest4  (cost=0.43..8.46 rows=0 width=0)
	  ->  Index Scan using sbtest4_pkey on sbtest4  (cost=0.43..8.46 rows=1 width=10)
	        Index Cond: (id = 3375889)

table 5 : explain UPDATE sbtest5 SET k=k+1 WHERE id=4267988
	Update on sbtest5  (cost=0.43..8.46 rows=0 width=0)
	  ->  Index Scan using sbtest5_pkey on sbtest5  (cost=0.43..8.46 rows=1 width=10)
	        Index Cond: (id = 4267988)

table 6 : explain UPDATE sbtest6 SET k=k+1 WHERE id=7452104
	Update on sbtest6  (cost=0.43..8.46 rows=0 width=0)
	  ->  Index Scan using sbtest6_pkey on sbtest6  (cost=0.43..8.46 rows=1 width=10)
	        Index Cond: (id = 7452104)

table 7 : explain UPDATE sbtest7 SET k=k+1 WHERE id=5731462
	Update on sbtest7  (cost=0.43..8.46 rows=0 width=0)
	  ->  Index Scan using sbtest7_pkey on sbtest7  (cost=0.43..8.46 rows=1 width=10)
	        Index Cond: (id = 5731462)

table 8 : explain UPDATE sbtest8 SET k=k+1 WHERE id=1249558
	Update on sbtest8  (cost=0.43..8.46 rows=0 width=0)
	  ->  Index Scan using sbtest8_pkey on sbtest8  (cost=0.43..8.46 rows=1 width=10)
	        Index Cond: (id = 1249558)

explain: for non_index_updates :: explain UPDATE sbtest%u SET c='foobar' WHERE id=%u
explain: for index_updates :: explain UPDATE sbtest%u SET k=k+1 WHERE id=%u
explain: for inserts :: explain INSERT INTO sbtest%u (id, k, c, pad) VALUES (%u, 13, 'foobar', 'foobar')
explain: for inserts :: explain INSERT INTO sbtest%u (id, k, c, pad) VALUES (%u, 13, 'foobar', 'foobar')
for index_updates
table 1 : explain UPDATE sbtest1 SET k=k+1 WHERE id=9914047
	Update on sbtest1  (cost=0.43..8.46 rows=0 width=0)
	  ->  Index Scan using sbtest1_pkey on sbtest1  (cost=0.43..8.46 rows=1 width=10)
	        Index Cond: (id = 9914047)

table 2 : explain UPDATE sbtest2 SET k=k+1 WHERE id=3130525
	Update on sbtest2  (cost=0.43..8.46 rows=0 width=0)
	  ->  Index Scan using sbtest2_pkey on sbtest2  (cost=0.43..8.46 rows=1 width=10)
	        Index Cond: (id = 3130525)

table 3 : explain UPDATE sbtest3 SET k=k+1 WHERE id=600236
	Update on sbtest3  (cost=0.43..8.46 rows=0 width=0)
	  ->  Index Scan using sbtest3_pkey on sbtest3  (cost=0.43..8.46 rows=1 width=10)
	        Index Cond: (id = 600236)

table 4 : explain UPDATE sbtest4 SET k=k+1 WHERE id=2797701
	Update on sbtest4  (cost=0.43..8.46 rows=0 width=0)
	  ->  Index Scan using sbtest4_pkey on sbtest4  (cost=0.43..8.46 rows=1 width=10)
	        Index Cond: (id = 2797701)

table 5 : explain UPDATE sbtest5 SET k=k+1 WHERE id=5565649
	Update on sbtest5  (cost=0.43..8.46 rows=0 width=0)
	  ->  Index Scan using sbtest5_pkey on sbtest5  (cost=0.43..8.46 rows=1 width=10)
	        Index Cond: (id = 5565649)

table 6 : explain UPDATE sbtest6 SET k=k+1 WHERE id=4159465
	Update on sbtest6  (cost=0.43..8.46 rows=0 width=0)
	  ->  Index Scan using sbtest6_pkey on sbtest6  (cost=0.43..8.46 rows=1 width=10)
	        Index Cond: (id = 4159465)

table 7 : explain UPDATE sbtest7 SET k=k+1 WHERE id=8460328
	Update on sbtest7  (cost=0.43..8.46 rows=0 width=0)
	  ->  Index Scan using sbtest7_pkey on sbtest7  (cost=0.43..8.46 rows=1 width=10)
	        Index Cond: (id = 8460328)

table 8 : explain UPDATE sbtest8 SET k=k+1 WHERE id=655048
	Update on sbtest8  (cost=0.43..8.46 rows=0 width=0)
	  ->  Index Scan using sbtest8_pkey on sbtest8  (cost=0.43..8.46 rows=1 width=10)
	        Index Cond: (id = 655048)

for point_selects
table 1 : explain SELECT c FROM sbtest1 WHERE id=4361382
	Index Scan using sbtest1_pkey on sbtest1  (cost=0.43..8.45 rows=1 width=121)
	  Index Cond: (id = 4361382)

table 2 : explain SELECT c FROM sbtest2 WHERE id=9622169
	Index Scan using sbtest2_pkey on sbtest2  (cost=0.43..8.45 rows=1 width=121)
	  Index Cond: (id = 9622169)

table 3 : explain SELECT c FROM sbtest3 WHERE id=1662589
	Index Scan using sbtest3_pkey on sbtest3  (cost=0.43..8.45 rows=1 width=121)
	  Index Cond: (id = 1662589)

table 4 : explain SELECT c FROM sbtest4 WHERE id=2279089
	Index Scan using sbtest4_pkey on sbtest4  (cost=0.43..8.45 rows=1 width=121)
	  Index Cond: (id = 2279089)

table 5 : explain SELECT c FROM sbtest5 WHERE id=7859448
	Index Scan using sbtest5_pkey on sbtest5  (cost=0.43..8.45 rows=1 width=121)
	  Index Cond: (id = 7859448)

table 6 : explain SELECT c FROM sbtest6 WHERE id=1969565
	Index Scan using sbtest6_pkey on sbtest6  (cost=0.43..8.45 rows=1 width=121)
	  Index Cond: (id = 1969565)

table 7 : explain SELECT c FROM sbtest7 WHERE id=5584337
	Index Scan using sbtest7_pkey on sbtest7  (cost=0.43..8.45 rows=1 width=121)
	  Index Cond: (id = 5584337)

table 8 : explain SELECT c FROM sbtest8 WHERE id=5599549
	Index Scan using sbtest8_pkey on sbtest8  (cost=0.43..8.45 rows=1 width=121)
	  Index Cond: (id = 5599549)

for point_selects
table 1 : explain SELECT c FROM sbtest1 WHERE id=4001809
	Index Scan using sbtest1_pkey on sbtest1  (cost=0.43..8.45 rows=1 width=121)
	  Index Cond: (id = 4001809)

table 2 : explain SELECT c FROM sbtest2 WHERE id=2779947
	Index Scan using sbtest2_pkey on sbtest2  (cost=0.43..8.45 rows=1 width=121)
	  Index Cond: (id = 2779947)

table 3 : explain SELECT c FROM sbtest3 WHERE id=9371161
	Index Scan using sbtest3_pkey on sbtest3  (cost=0.43..8.45 rows=1 width=121)
	  Index Cond: (id = 9371161)

table 4 : explain SELECT c FROM sbtest4 WHERE id=5499221
	Index Scan using sbtest4_pkey on sbtest4  (cost=0.43..8.45 rows=1 width=121)
	  Index Cond: (id = 5499221)

table 5 : explain SELECT c FROM sbtest5 WHERE id=8894242
	Index Scan using sbtest5_pkey on sbtest5  (cost=0.43..8.45 rows=1 width=121)
	  Index Cond: (id = 8894242)

table 6 : explain SELECT c FROM sbtest6 WHERE id=5219827
	Index Scan using sbtest6_pkey on sbtest6  (cost=0.43..8.45 rows=1 width=121)
	  Index Cond: (id = 5219827)

table 7 : explain SELECT c FROM sbtest7 WHERE id=707334
	Index Scan using sbtest7_pkey on sbtest7  (cost=0.43..8.45 rows=1 width=121)
	  Index Cond: (id = 707334)

table 8 : explain SELECT c FROM sbtest8 WHERE id=3572110
	Index Scan using sbtest8_pkey on sbtest8  (cost=0.43..8.45 rows=1 width=121)
	  Index Cond: (id = 3572110)

explain: for inserts :: explain INSERT INTO sbtest%u (id, k, c, pad) VALUES (%u, 13, 'foobar', 'foobar')
for point_selects
table 1 : explain SELECT c FROM sbtest1 WHERE id=4919600
	Index Scan using sbtest1_pkey on sbtest1  (cost=0.43..8.45 rows=1 width=121)
	  Index Cond: (id = 4919600)

table 2 : explain SELECT c FROM sbtest2 WHERE id=2367146
	Index Scan using sbtest2_pkey on sbtest2  (cost=0.43..8.45 rows=1 width=121)
	  Index Cond: (id = 2367146)

table 3 : explain SELECT c FROM sbtest3 WHERE id=2088348
	Index Scan using sbtest3_pkey on sbtest3  (cost=0.43..8.45 rows=1 width=121)
	  Index Cond: (id = 2088348)

table 4 : explain SELECT c FROM sbtest4 WHERE id=2970155
	Index Scan using sbtest4_pkey on sbtest4  (cost=0.43..8.45 rows=1 width=121)
	  Index Cond: (id = 2970155)

table 5 : explain SELECT c FROM sbtest5 WHERE id=3445111
	Index Scan using sbtest5_pkey on sbtest5  (cost=0.43..8.45 rows=1 width=121)
	  Index Cond: (id = 3445111)

table 6 : explain SELECT c FROM sbtest6 WHERE id=5111371
	Index Scan using sbtest6_pkey on sbtest6  (cost=0.43..8.45 rows=1 width=121)
	  Index Cond: (id = 5111371)

table 7 : explain SELECT c FROM sbtest7 WHERE id=5591525
	Index Scan using sbtest7_pkey on sbtest7  (cost=0.43..8.45 rows=1 width=121)
	  Index Cond: (id = 5591525)

table 8 : explain SELECT c FROM sbtest8 WHERE id=5759116
	Index Scan using sbtest8_pkey on sbtest8  (cost=0.43..8.45 rows=1 width=121)
	  Index Cond: (id = 5759116)

for: order_ranges
table 1 : explain SELECT c FROM sbtest1 WHERE id BETWEEN 5597425 AND 5597434 ORDER BY c
	Sort  (cost=41.04..41.07 rows=10 width=121)
	  Sort Key: c
	  ->  Index Scan using sbtest1_pkey on sbtest1  (cost=0.43..40.88 rows=10 width=121)
	        Index Cond: ((id >= 5597425) AND (id <= 5597434))

table 2 : explain SELECT c FROM sbtest2 WHERE id BETWEEN 1873254 AND 1873263 ORDER BY c
	Sort  (cost=44.68..44.71 rows=11 width=121)
	  Sort Key: c
	  ->  Index Scan using sbtest2_pkey on sbtest2  (cost=0.43..44.49 rows=11 width=121)
	        Index Cond: ((id >= 1873254) AND (id <= 1873263))

table 3 : explain SELECT c FROM sbtest3 WHERE id BETWEEN 1301161 AND 1301170 ORDER BY c
	Sort  (cost=40.90..40.93 rows=10 width=121)
	  Sort Key: c
	  ->  Index Scan using sbtest3_pkey on sbtest3  (cost=0.43..40.73 rows=10 width=121)
	        Index Cond: ((id >= 1301161) AND (id <= 1301170))

table 4 : explain SELECT c FROM sbtest4 WHERE id BETWEEN 7285333 AND 7285342 ORDER BY c
	Sort  (cost=40.60..40.62 rows=10 width=121)
	  Sort Key: c
	  ->  Index Scan using sbtest4_pkey on sbtest4  (cost=0.43..40.43 rows=10 width=121)
	        Index Cond: ((id >= 7285333) AND (id <= 7285342))

table 5 : explain SELECT c FROM sbtest5 WHERE id BETWEEN 2162559 AND 2162568 ORDER BY c
	Sort  (cost=44.48..44.50 rows=11 width=121)
	  Sort Key: c
	  ->  Index Scan using sbtest5_pkey on sbtest5  (cost=0.43..44.29 rows=11 width=121)
	        Index Cond: ((id >= 2162559) AND (id <= 2162568))

table 6 : explain SELECT c FROM sbtest6 WHERE id BETWEEN 4423681 AND 4423690 ORDER BY c
	Sort  (cost=40.89..40.91 rows=10 width=121)
	  Sort Key: c
	  ->  Index Scan using sbtest6_pkey on sbtest6  (cost=0.43..40.72 rows=10 width=121)
	        Index Cond: ((id >= 4423681) AND (id <= 4423690))

table 7 : explain SELECT c FROM sbtest7 WHERE id BETWEEN 476108 AND 476117 ORDER BY c
	Sort  (cost=44.53..44.55 rows=11 width=121)
	  Sort Key: c
	  ->  Index Scan using sbtest7_pkey on sbtest7  (cost=0.43..44.34 rows=11 width=121)
	        Index Cond: ((id >= 476108) AND (id <= 476117))

table 8 : explain SELECT c FROM sbtest8 WHERE id BETWEEN 3504730 AND 3504739 ORDER BY c
	Sort  (cost=40.50..40.53 rows=10 width=121)
	  Sort Key: c
	  ->  Index Scan using sbtest8_pkey on sbtest8  (cost=0.43..40.34 rows=10 width=121)
	        Index Cond: ((id >= 3504730) AND (id <= 3504739))

for inserts
table 1 : explain INSERT INTO sbtest1 (id, k, c, pad) VALUES (6410935, 13, 'foobar', 'foobar')
	Insert on sbtest1  (cost=0.00..0.01 rows=0 width=0)
	  ->  Result  (cost=0.00..0.01 rows=1 width=736)

table 2 : explain INSERT INTO sbtest2 (id, k, c, pad) VALUES (4567608, 13, 'foobar', 'foobar')
	Insert on sbtest2  (cost=0.00..0.01 rows=0 width=0)
	  ->  Result  (cost=0.00..0.01 rows=1 width=736)

table 3 : explain INSERT INTO sbtest3 (id, k, c, pad) VALUES (9287160, 13, 'foobar', 'foobar')
	Insert on sbtest3  (cost=0.00..0.01 rows=0 width=0)
	  ->  Result  (cost=0.00..0.01 rows=1 width=736)

table 4 : explain INSERT INTO sbtest4 (id, k, c, pad) VALUES (4321031, 13, 'foobar', 'foobar')
	Insert on sbtest4  (cost=0.00..0.01 rows=0 width=0)
	  ->  Result  (cost=0.00..0.01 rows=1 width=736)

table 5 : explain INSERT INTO sbtest5 (id, k, c, pad) VALUES (7093799, 13, 'foobar', 'foobar')
	Insert on sbtest5  (cost=0.00..0.01 rows=0 width=0)
	  ->  Result  (cost=0.00..0.01 rows=1 width=736)

table 6 : explain INSERT INTO sbtest6 (id, k, c, pad) VALUES (9150847, 13, 'foobar', 'foobar')
	Insert on sbtest6  (cost=0.00..0.01 rows=0 width=0)
	  ->  Result  (cost=0.00..0.01 rows=1 width=736)

table 7 : explain INSERT INTO sbtest7 (id, k, c, pad) VALUES (4306899, 13, 'foobar', 'foobar')
	Insert on sbtest7  (cost=0.00..0.01 rows=0 width=0)
	  ->  Result  (cost=0.00..0.01 rows=1 width=736)

table 8 : explain INSERT INTO sbtest8 (id, k, c, pad) VALUES (5301385, 13, 'foobar', 'foobar')
	Insert on sbtest8  (cost=0.00..0.01 rows=0 width=0)
	  ->  Result  (cost=0.00..0.01 rows=1 width=736)

for: order_ranges
table 1 : explain SELECT c FROM sbtest1 WHERE id BETWEEN 5247112 AND 5247121 ORDER BY c
	Sort  (cost=41.04..41.07 rows=10 width=121)
	  Sort Key: c
	  ->  Index Scan using sbtest1_pkey on sbtest1  (cost=0.43..40.88 rows=10 width=121)
	        Index Cond: ((id >= 5247112) AND (id <= 5247121))

table 2 : explain SELECT c FROM sbtest2 WHERE id BETWEEN 1231207 AND 1231216 ORDER BY c
	Sort  (cost=37.43..37.45 rows=9 width=121)
	  Sort Key: c
	  ->  Index Scan using sbtest2_pkey on sbtest2  (cost=0.43..37.28 rows=9 width=121)
	        Index Cond: ((id >= 1231207) AND (id <= 1231216))

table 3 : explain SELECT c FROM sbtest3 WHERE id BETWEEN 7246014 AND 7246023 ORDER BY c
	Sort  (cost=40.90..40.93 rows=10 width=121)
	  Sort Key: c
	  ->  Index Scan using sbtest3_pkey on sbtest3  (cost=0.43..40.73 rows=10 width=121)
	        Index Cond: ((id >= 7246014) AND (id <= 7246023))

table 4 : explain SELECT c FROM sbtest4 WHERE id BETWEEN 824160 AND 824169 ORDER BY c
	Sort  (cost=40.60..40.62 rows=10 width=121)
	  Sort Key: c
	  ->  Index Scan using sbtest4_pkey on sbtest4  (cost=0.43..40.43 rows=10 width=121)
	        Index Cond: ((id >= 824160) AND (id <= 824169))

table 5 : explain SELECT c FROM sbtest5 WHERE id BETWEEN 7084825 AND 7084834 ORDER BY c
	Sort  (cost=40.87..40.89 rows=10 width=121)
	  Sort Key: c
	  ->  Index Scan using sbtest5_pkey on sbtest5  (cost=0.43..40.70 rows=10 width=121)
	        Index Cond: ((id >= 7084825) AND (id <= 7084834))

table 6 : explain SELECT c FROM sbtest6 WHERE id BETWEEN 4188738 AND 4188747 ORDER BY c
	Sort  (cost=44.50..44.52 rows=11 width=121)
	  Sort Key: c
	  ->  Index Scan using sbtest6_pkey on sbtest6  (cost=0.43..44.31 rows=11 width=121)
	        Index Cond: ((id >= 4188738) AND (id <= 4188747))

table 7 : explain SELECT c FROM sbtest7 WHERE id BETWEEN 241448 AND 241457 ORDER BY c
	Sort  (cost=40.91..40.94 rows=10 width=121)
	  Sort Key: c
	  ->  Index Scan using sbtest7_pkey on sbtest7  (cost=0.43..40.75 rows=10 width=121)
	        Index Cond: ((id >= 241448) AND (id <= 241457))

table 8 : explain SELECT c FROM sbtest8 WHERE id BETWEEN 6180242 AND 6180251 ORDER BY c
	Sort  (cost=40.50..40.53 rows=10 width=121)
	  Sort Key: c
	  ->  Index Scan using sbtest8_pkey on sbtest8  (cost=0.43..40.34 rows=10 width=121)
	        Index Cond: ((id >= 6180242) AND (id <= 6180251))

for: distinct_ranges
table 1 : explain SELECT DISTINCT c FROM sbtest1 WHERE id BETWEEN 1002093 AND 1002102 ORDER BY c
	Unique  (cost=41.04..41.09 rows=10 width=121)
	  ->  Sort  (cost=41.04..41.07 rows=10 width=121)
	        Sort Key: c
	        ->  Index Scan using sbtest1_pkey on sbtest1  (cost=0.43..40.88 rows=10 width=121)
	              Index Cond: ((id >= 1002093) AND (id <= 1002102))

table 2 : explain SELECT DISTINCT c FROM sbtest2 WHERE id BETWEEN 2629016 AND 2629025 ORDER BY c
	Unique  (cost=41.05..41.10 rows=10 width=121)
	  ->  Sort  (cost=41.05..41.08 rows=10 width=121)
	        Sort Key: c
	        ->  Index Scan using sbtest2_pkey on sbtest2  (cost=0.43..40.89 rows=10 width=121)
	              Index Cond: ((id >= 2629016) AND (id <= 2629025))

table 3 : explain SELECT DISTINCT c FROM sbtest3 WHERE id BETWEEN 9853108 AND 9853117 ORDER BY c
	Unique  (cost=40.90..40.95 rows=10 width=121)
	  ->  Sort  (cost=40.90..40.93 rows=10 width=121)
	        Sort Key: c
	        ->  Index Scan using sbtest3_pkey on sbtest3  (cost=0.43..40.73 rows=10 width=121)
	              Index Cond: ((id >= 9853108) AND (id <= 9853117))

table 4 : explain SELECT DISTINCT c FROM sbtest4 WHERE id BETWEEN 5768408 AND 5768417 ORDER BY c
	Unique  (cost=40.60..40.65 rows=10 width=121)
	  ->  Sort  (cost=40.60..40.62 rows=10 width=121)
	        Sort Key: c
	        ->  Index Scan using sbtest4_pkey on sbtest4  (cost=0.43..40.43 rows=10 width=121)
	              Index Cond: ((id >= 5768408) AND (id <= 5768417))

table 5 : explain SELECT DISTINCT c FROM sbtest5 WHERE id BETWEEN 1043294 AND 1043303 ORDER BY c
	Unique  (cost=37.26..37.31 rows=9 width=121)
	  ->  Sort  (cost=37.26..37.29 rows=9 width=121)
	        Sort Key: c
	        ->  Index Scan using sbtest5_pkey on sbtest5  (cost=0.43..37.12 rows=9 width=121)
	              Index Cond: ((id >= 1043294) AND (id <= 1043303))

table 6 : explain SELECT DISTINCT c FROM sbtest6 WHERE id BETWEEN 9907057 AND 9907066 ORDER BY c
	Unique  (cost=40.89..40.94 rows=10 width=121)
	  ->  Sort  (cost=40.89..40.91 rows=10 width=121)
	        Sort Key: c
	        ->  Index Scan using sbtest6_pkey on sbtest6  (cost=0.43..40.72 rows=10 width=121)
	              Index Cond: ((id >= 9907057) AND (id <= 9907066))

table 7 : explain SELECT DISTINCT c FROM sbtest7 WHERE id BETWEEN 6717100 AND 6717109 ORDER BY c
	Unique  (cost=40.91..40.96 rows=10 width=121)
	  ->  Sort  (cost=40.91..40.94 rows=10 width=121)
	        Sort Key: c
	        ->  Index Scan using sbtest7_pkey on sbtest7  (cost=0.43..40.75 rows=10 width=121)
	              Index Cond: ((id >= 6717100) AND (id <= 6717109))

table 8 : explain SELECT DISTINCT c FROM sbtest8 WHERE id BETWEEN 2153501 AND 2153510 ORDER BY c
	Unique  (cost=40.50..40.55 rows=10 width=121)
	  ->  Sort  (cost=40.50..40.53 rows=10 width=121)
	        Sort Key: c
	        ->  Index Scan using sbtest8_pkey on sbtest8  (cost=0.43..40.34 rows=10 width=121)
	              Index Cond: ((id >= 2153501) AND (id <= 2153510))

for: order_ranges
table 1 : explain SELECT c FROM sbtest1 WHERE id BETWEEN 6447707 AND 6447716 ORDER BY c
	Sort  (cost=37.42..37.44 rows=9 width=121)
	  Sort Key: c
	  ->  Index Scan using sbtest1_pkey on sbtest1  (cost=0.43..37.28 rows=9 width=121)
	        Index Cond: ((id >= 6447707) AND (id <= 6447716))

table 2 : explain SELECT c FROM sbtest2 WHERE id BETWEEN 9379944 AND 9379953 ORDER BY c
	Sort  (cost=41.05..41.08 rows=10 width=121)
	  Sort Key: c
	  ->  Index Scan using sbtest2_pkey on sbtest2  (cost=0.43..40.89 rows=10 width=121)
	        Index Cond: ((id >= 9379944) AND (id <= 9379953))

table 3 : explain SELECT c FROM sbtest3 WHERE id BETWEEN 5586884 AND 5586893 ORDER BY c
	Sort  (cost=40.90..40.93 rows=10 width=121)
	  Sort Key: c
	  ->  Index Scan using sbtest3_pkey on sbtest3  (cost=0.43..40.73 rows=10 width=121)
	        Index Cond: ((id >= 5586884) AND (id <= 5586893))

table 4 : explain SELECT c FROM sbtest4 WHERE id BETWEEN 3135543 AND 3135552 ORDER BY c
	Sort  (cost=40.60..40.62 rows=10 width=121)
	  Sort Key: c
	  ->  Index Scan using sbtest4_pkey on sbtest4  (cost=0.43..40.43 rows=10 width=121)
	        Index Cond: ((id >= 3135543) AND (id <= 3135552))

table 5 : explain SELECT c FROM sbtest5 WHERE id BETWEEN 106202 AND 106211 ORDER BY c
	Sort  (cost=40.87..40.89 rows=10 width=121)
	  Sort Key: c
	  ->  Index Scan using sbtest5_pkey on sbtest5  (cost=0.43..40.70 rows=10 width=121)
	        Index Cond: ((id >= 106202) AND (id <= 106211))

table 6 : explain SELECT c FROM sbtest6 WHERE id BETWEEN 6619070 AND 6619079 ORDER BY c
	Sort  (cost=37.28..37.30 rows=9 width=121)
	  Sort Key: c
	  ->  Index Scan using sbtest6_pkey on sbtest6  (cost=0.43..37.14 rows=9 width=121)
	        Index Cond: ((id >= 6619070) AND (id <= 6619079))

table 7 : explain SELECT c FROM sbtest7 WHERE id BETWEEN 7575466 AND 7575475 ORDER BY c
	Sort  (cost=37.30..37.33 rows=9 width=121)
	  Sort Key: c
	  ->  Index Scan using sbtest7_pkey on sbtest7  (cost=0.43..37.16 rows=9 width=121)
	        Index Cond: ((id >= 7575466) AND (id <= 7575475))

table 8 : explain SELECT c FROM sbtest8 WHERE id BETWEEN 836293 AND 836302 ORDER BY c
	Sort  (cost=44.07..44.10 rows=11 width=121)
	  Sort Key: c
	  ->  Index Scan using sbtest8_pkey on sbtest8  (cost=0.43..43.88 rows=11 width=121)
	        Index Cond: ((id >= 836293) AND (id <= 836302))

explain: for inserts :: explain INSERT INTO sbtest%u (id, k, c, pad) VALUES (%u, 13, 'foobar', 'foobar')explain: for non_index_updates :: explain UPDATE sbtest%u SET c='foobar' WHERE id=%u

for: simple_ranges
table 1 : explain SELECT c FROM sbtest1 WHERE id BETWEEN 1929417 AND 1929426
	Index Scan using sbtest1_pkey on sbtest1  (cost=0.43..40.88 rows=10 width=121)
	  Index Cond: ((id >= 1929417) AND (id <= 1929426))

table 2 : explain SELECT c FROM sbtest2 WHERE id BETWEEN 2117818 AND 2117827
	Index Scan using sbtest2_pkey on sbtest2  (cost=0.43..40.89 rows=10 width=121)
	  Index Cond: ((id >= 2117818) AND (id <= 2117827))

table 3 : explain SELECT c FROM sbtest3 WHERE id BETWEEN 6433206 AND 6433215
	Index Scan using sbtest3_pkey on sbtest3  (cost=0.43..40.73 rows=10 width=121)
	  Index Cond: ((id >= 6433206) AND (id <= 6433215))

table 4 : explain SELECT c FROM sbtest4 WHERE id BETWEEN 3091639 AND 3091648
	Index Scan using sbtest4_pkey on sbtest4  (cost=0.43..40.43 rows=10 width=121)
	  Index Cond: ((id >= 3091639) AND (id <= 3091648))

table 5 : explain SELECT c FROM sbtest5 WHERE id BETWEEN 8184748 AND 8184757
	Index Scan using sbtest5_pkey on sbtest5  (cost=0.43..37.12 rows=9 width=121)
	  Index Cond: ((id >= 8184748) AND (id <= 8184757))

table 6 : explain SELECT c FROM sbtest6 WHERE id BETWEEN 505436 AND 505445
	Index Scan using sbtest6_pkey on sbtest6  (cost=0.43..40.72 rows=10 width=121)
	  Index Cond: ((id >= 505436) AND (id <= 505445))

table 7 : explain SELECT c FROM sbtest7 WHERE id BETWEEN 3005280 AND 3005289
	Index Scan using sbtest7_pkey on sbtest7  (cost=0.43..44.34 rows=11 width=121)
	  Index Cond: ((id >= 3005280) AND (id <= 3005289))

table 8 : explain SELECT c FROM sbtest8 WHERE id BETWEEN 2619453 AND 2619462
	Index Scan using sbtest8_pkey on sbtest8  (cost=0.43..36.79 rows=9 width=121)
	  Index Cond: ((id >= 2619453) AND (id <= 2619462))

explain: for point_selects :: explain SELECT c FROM sbtest%u WHERE id=%u
for index_updates
table 1 : explain UPDATE sbtest1 SET k=k+1 WHERE id=2686973
	Update on sbtest1  (cost=0.43..8.46 rows=0 width=0)
	  ->  Index Scan using sbtest1_pkey on sbtest1  (cost=0.43..8.46 rows=1 width=10)
	        Index Cond: (id = 2686973)

table 2 : explain UPDATE sbtest2 SET k=k+1 WHERE id=8906644
	Update on sbtest2  (cost=0.43..8.46 rows=0 width=0)
	  ->  Index Scan using sbtest2_pkey on sbtest2  (cost=0.43..8.46 rows=1 width=10)
	        Index Cond: (id = 8906644)

table 3 : explain UPDATE sbtest3 SET k=k+1 WHERE id=8732187
	Update on sbtest3  (cost=0.43..8.46 rows=0 width=0)
	  ->  Index Scan using sbtest3_pkey on sbtest3  (cost=0.43..8.46 rows=1 width=10)
	        Index Cond: (id = 8732187)

table 4 : explain UPDATE sbtest4 SET k=k+1 WHERE id=6252495
	Update on sbtest4  (cost=0.43..8.46 rows=0 width=0)
	  ->  Index Scan using sbtest4_pkey on sbtest4  (cost=0.43..8.46 rows=1 width=10)
	        Index Cond: (id = 6252495)

table 5 : explain UPDATE sbtest5 SET k=k+1 WHERE id=5317394
	Update on sbtest5  (cost=0.43..8.46 rows=0 width=0)
	  ->  Index Scan using sbtest5_pkey on sbtest5  (cost=0.43..8.46 rows=1 width=10)
	        Index Cond: (id = 5317394)

table 6 : explain UPDATE sbtest6 SET k=k+1 WHERE id=648056
	Update on sbtest6  (cost=0.43..8.46 rows=0 width=0)
	  ->  Index Scan using sbtest6_pkey on sbtest6  (cost=0.43..8.46 rows=1 width=10)
	        Index Cond: (id = 648056)

table 7 : explain UPDATE sbtest7 SET k=k+1 WHERE id=969
	Update on sbtest7  (cost=0.43..8.46 rows=0 width=0)
	  ->  Index Scan using sbtest7_pkey on sbtest7  (cost=0.43..8.46 rows=1 width=10)
	        Index Cond: (id = 969)

table 8 : explain UPDATE sbtest8 SET k=k+1 WHERE id=777528
	Update on sbtest8  (cost=0.43..8.46 rows=0 width=0)
	  ->  Index Scan using sbtest8_pkey on sbtest8  (cost=0.43..8.46 rows=1 width=10)
	        Index Cond: (id = 777528)

for point_selects
table 1 : explain SELECT c FROM sbtest1 WHERE id=5857394
	Index Scan using sbtest1_pkey on sbtest1  (cost=0.43..8.45 rows=1 width=121)
	  Index Cond: (id = 5857394)

table 2 : explain SELECT c FROM sbtest2 WHERE id=1478547
	Index Scan using sbtest2_pkey on sbtest2  (cost=0.43..8.45 rows=1 width=121)
	  Index Cond: (id = 1478547)

table 3 : explain SELECT c FROM sbtest3 WHERE id=9634531
	Index Scan using sbtest3_pkey on sbtest3  (cost=0.43..8.45 rows=1 width=121)
	  Index Cond: (id = 9634531)

table 4 : explain SELECT c FROM sbtest4 WHERE id=7600959
	Index Scan using sbtest4_pkey on sbtest4  (cost=0.43..8.45 rows=1 width=121)
	  Index Cond: (id = 7600959)

table 5 : explain SELECT c FROM sbtest5 WHERE id=7373424
	Index Scan using sbtest5_pkey on sbtest5  (cost=0.43..8.45 rows=1 width=121)
	  Index Cond: (id = 7373424)

table 6 : explain SELECT c FROM sbtest6 WHERE id=9860512
	Index Scan using sbtest6_pkey on sbtest6  (cost=0.43..8.45 rows=1 width=121)
	  Index Cond: (id = 9860512)

table 7 : explain SELECT c FROM sbtest7 WHERE id=1780705
	Index Scan using sbtest7_pkey on sbtest7  (cost=0.43..8.45 rows=1 width=121)
	  Index Cond: (id = 1780705)

table 8 : explain SELECT c FROM sbtest8 WHERE id=9231356
	Index Scan using sbtest8_pkey on sbtest8  (cost=0.43..8.45 rows=1 width=121)
	  Index Cond: (id = 9231356)

explain: for non_index_updates :: explain UPDATE sbtest%u SET c='foobar' WHERE id=%u
for inserts
table 1 : explain INSERT INTO sbtest1 (id, k, c, pad) VALUES (7891058, 13, 'foobar', 'foobar')
	Insert on sbtest1  (cost=0.00..0.01 rows=0 width=0)
	  ->  Result  (cost=0.00..0.01 rows=1 width=736)

table 2 : explain INSERT INTO sbtest2 (id, k, c, pad) VALUES (1776866, 13, 'foobar', 'foobar')
	Insert on sbtest2  (cost=0.00..0.01 rows=0 width=0)
	  ->  Result  (cost=0.00..0.01 rows=1 width=736)

table 3 : explain INSERT INTO sbtest3 (id, k, c, pad) VALUES (3822179, 13, 'foobar', 'foobar')
	Insert on sbtest3  (cost=0.00..0.01 rows=0 width=0)
	  ->  Result  (cost=0.00..0.01 rows=1 width=736)

table 4 : explain INSERT INTO sbtest4 (id, k, c, pad) VALUES (4848775, 13, 'foobar', 'foobar')
	Insert on sbtest4  (cost=0.00..0.01 rows=0 width=0)
	  ->  Result  (cost=0.00..0.01 rows=1 width=736)

table 5 : explain INSERT INTO sbtest5 (id, k, c, pad) VALUES (7918396, 13, 'foobar', 'foobar')
	Insert on sbtest5  (cost=0.00..0.01 rows=0 width=0)
	  ->  Result  (cost=0.00..0.01 rows=1 width=736)

table 6 : explain INSERT INTO sbtest6 (id, k, c, pad) VALUES (9704473, 13, 'foobar', 'foobar')
	Insert on sbtest6  (cost=0.00..0.01 rows=0 width=0)
	  ->  Result  (cost=0.00..0.01 rows=1 width=736)

table 7 : explain INSERT INTO sbtest7 (id, k, c, pad) VALUES (5871346, 13, 'foobar', 'foobar')
	Insert on sbtest7  (cost=0.00..0.01 rows=0 width=0)
	  ->  Result  (cost=0.00..0.01 rows=1 width=736)

table 8 : explain INSERT INTO sbtest8 (id, k, c, pad) VALUES (6191436, 13, 'foobar', 'foobar')
	Insert on sbtest8  (cost=0.00..0.01 rows=0 width=0)
	  ->  Result  (cost=0.00..0.01 rows=1 width=736)

explain: for index_updates :: explain UPDATE sbtest%u SET k=k+1 WHERE id=%u
for: simple_ranges
table 1 : explain SELECT c FROM sbtest1 WHERE id BETWEEN 9926365 AND 9926374
	Index Scan using sbtest1_pkey on sbtest1  (cost=0.43..44.48 rows=11 width=121)
	  Index Cond: ((id >= 9926365) AND (id <= 9926374))

table 2 : explain SELECT c FROM sbtest2 WHERE id BETWEEN 525990 AND 525999
	Index Scan using sbtest2_pkey on sbtest2  (cost=0.43..40.89 rows=10 width=121)
	  Index Cond: ((id >= 525990) AND (id <= 525999))

table 3 : explain SELECT c FROM sbtest3 WHERE id BETWEEN 6983721 AND 6983730
	Index Scan using sbtest3_pkey on sbtest3  (cost=0.43..40.73 rows=10 width=121)
	  Index Cond: ((id >= 6983721) AND (id <= 6983730))

table 4 : explain SELECT c FROM sbtest4 WHERE id BETWEEN 2543298 AND 2543307
	Index Scan using sbtest4_pkey on sbtest4  (cost=0.43..40.43 rows=10 width=121)
	  Index Cond: ((id >= 2543298) AND (id <= 2543307))

table 5 : explain SELECT c FROM sbtest5 WHERE id BETWEEN 4549670 AND 4549679
	Index Scan using sbtest5_pkey on sbtest5  (cost=0.43..40.70 rows=10 width=121)
	  Index Cond: ((id >= 4549670) AND (id <= 4549679))

table 6 : explain SELECT c FROM sbtest6 WHERE id BETWEEN 4848124 AND 4848133
	Index Scan using sbtest6_pkey on sbtest6  (cost=0.43..40.72 rows=10 width=121)
	  Index Cond: ((id >= 4848124) AND (id <= 4848133))

table 7 : explain SELECT c FROM sbtest7 WHERE id BETWEEN 8190564 AND 8190573
	Index Scan using sbtest7_pkey on sbtest7  (cost=0.43..40.75 rows=10 width=121)
	  Index Cond: ((id >= 8190564) AND (id <= 8190573))

table 8 : explain SELECT c FROM sbtest8 WHERE id BETWEEN 5425237 AND 5425246
	Index Scan using sbtest8_pkey on sbtest8  (cost=0.43..40.34 rows=10 width=121)
	  Index Cond: ((id >= 5425237) AND (id <= 5425246))

explain: for non_index_updates :: explain UPDATE sbtest%u SET c='foobar' WHERE id=%u
for inserts
table 1 : explain INSERT INTO sbtest1 (id, k, c, pad) VALUES (7710429, 13, 'foobar', 'foobar')
	Insert on sbtest1  (cost=0.00..0.01 rows=0 width=0)
	  ->  Result  (cost=0.00..0.01 rows=1 width=736)

table 2 : explain INSERT INTO sbtest2 (id, k, c, pad) VALUES (936849, 13, 'foobar', 'foobar')
	Insert on sbtest2  (cost=0.00..0.01 rows=0 width=0)
	  ->  Result  (cost=0.00..0.01 rows=1 width=736)

table 3 : explain INSERT INTO sbtest3 (id, k, c, pad) VALUES (5741236, 13, 'foobar', 'foobar')
	Insert on sbtest3  (cost=0.00..0.01 rows=0 width=0)
	  ->  Result  (cost=0.00..0.01 rows=1 width=736)

table 4 : explain INSERT INTO sbtest4 (id, k, c, pad) VALUES (8111912, 13, 'foobar', 'foobar')
	Insert on sbtest4  (cost=0.00..0.01 rows=0 width=0)
	  ->  Result  (cost=0.00..0.01 rows=1 width=736)

table 5 : explain INSERT INTO sbtest5 (id, k, c, pad) VALUES (4692964, 13, 'foobar', 'foobar')
	Insert on sbtest5  (cost=0.00..0.01 rows=0 width=0)
	  ->  Result  (cost=0.00..0.01 rows=1 width=736)

table 6 : explain INSERT INTO sbtest6 (id, k, c, pad) VALUES (7047025, 13, 'foobar', 'foobar')
	Insert on sbtest6  (cost=0.00..0.01 rows=0 width=0)
	  ->  Result  (cost=0.00..0.01 rows=1 width=736)

table 7 : explain INSERT INTO sbtest7 (id, k, c, pad) VALUES (879145, 13, 'foobar', 'foobar')
	Insert on sbtest7  (cost=0.00..0.01 rows=0 width=0)
	  ->  Result  (cost=0.00..0.01 rows=1 width=736)

table 8 : explain INSERT INTO sbtest8 (id, k, c, pad) VALUES (3967966, 13, 'foobar', 'foobar')
	Insert on sbtest8  (cost=0.00..0.01 rows=0 width=0)
	  ->  Result  (cost=0.00..0.01 rows=1 width=736)

for inserts
table 1 : explain INSERT INTO sbtest1 (id, k, c, pad) VALUES (7832307, 13, 'foobar', 'foobar')
	Insert on sbtest1  (cost=0.00..0.01 rows=0 width=0)
	  ->  Result  (cost=0.00..0.01 rows=1 width=736)

table 2 : explain INSERT INTO sbtest2 (id, k, c, pad) VALUES (2436947, 13, 'foobar', 'foobar')
	Insert on sbtest2  (cost=0.00..0.01 rows=0 width=0)
	  ->  Result  (cost=0.00..0.01 rows=1 width=736)

table 3 : explain INSERT INTO sbtest3 (id, k, c, pad) VALUES (6632706, 13, 'foobar', 'foobar')
	Insert on sbtest3  (cost=0.00..0.01 rows=0 width=0)
	  ->  Result  (cost=0.00..0.01 rows=1 width=736)

table 4 : explain INSERT INTO sbtest4 (id, k, c, pad) VALUES (6272062, 13, 'foobar', 'foobar')
	Insert on sbtest4  (cost=0.00..0.01 rows=0 width=0)
	  ->  Result  (cost=0.00..0.01 rows=1 width=736)

table 5 : explain INSERT INTO sbtest5 (id, k, c, pad) VALUES (3529681, 13, 'foobar', 'foobar')
	Insert on sbtest5  (cost=0.00..0.01 rows=0 width=0)
	  ->  Result  (cost=0.00..0.01 rows=1 width=736)

table 6 : explain INSERT INTO sbtest6 (id, k, c, pad) VALUES (8433031, 13, 'foobar', 'foobar')
	Insert on sbtest6  (cost=0.00..0.01 rows=0 width=0)
	  ->  Result  (cost=0.00..0.01 rows=1 width=736)

table 7 : explain INSERT INTO sbtest7 (id, k, c, pad) VALUES (4597929, 13, 'foobar', 'foobar')
	Insert on sbtest7  (cost=0.00..0.01 rows=0 width=0)
	  ->  Result  (cost=0.00..0.01 rows=1 width=736)

table 8 : explain INSERT INTO sbtest8 (id, k, c, pad) VALUES (1475386, 13, 'foobar', 'foobar')
	Insert on sbtest8  (cost=0.00..0.01 rows=0 width=0)
	  ->  Result  (cost=0.00..0.01 rows=1 width=736)

for inserts
table 1 : explain INSERT INTO sbtest1 (id, k, c, pad) VALUES (5467164, 13, 'foobar', 'foobar')
	Insert on sbtest1  (cost=0.00..0.01 rows=0 width=0)
	  ->  Result  (cost=0.00..0.01 rows=1 width=736)

table 2 : explain INSERT INTO sbtest2 (id, k, c, pad) VALUES (1247754, 13, 'foobar', 'foobar')
	Insert on sbtest2  (cost=0.00..0.01 rows=0 width=0)
	  ->  Result  (cost=0.00..0.01 rows=1 width=736)

table 3 : explain INSERT INTO sbtest3 (id, k, c, pad) VALUES (8681992, 13, 'foobar', 'foobar')
	Insert on sbtest3  (cost=0.00..0.01 rows=0 width=0)
	  ->  Result  (cost=0.00..0.01 rows=1 width=736)

table 4 : explain INSERT INTO sbtest4 (id, k, c, pad) VALUES (6633403, 13, 'foobar', 'foobar')
	Insert on sbtest4  (cost=0.00..0.01 rows=0 width=0)
	  ->  Result  (cost=0.00..0.01 rows=1 width=736)

table 5 : explain INSERT INTO sbtest5 (id, k, c, pad) VALUES (4437117, 13, 'foobar', 'foobar')
	Insert on sbtest5  (cost=0.00..0.01 rows=0 width=0)
	  ->  Result  (cost=0.00..0.01 rows=1 width=736)

table 6 : explain INSERT INTO sbtest6 (id, k, c, pad) VALUES (7130380, 13, 'foobar', 'foobar')
	Insert on sbtest6  (cost=0.00..0.01 rows=0 width=0)
	  ->  Result  (cost=0.00..0.01 rows=1 width=736)

table 7 : explain INSERT INTO sbtest7 (id, k, c, pad) VALUES (963408, 13, 'foobar', 'foobar')
	Insert on sbtest7  (cost=0.00..0.01 rows=0 width=0)
	  ->  Result  (cost=0.00..0.01 rows=1 width=736)

table 8 : explain INSERT INTO sbtest8 (id, k, c, pad) VALUES (2100349, 13, 'foobar', 'foobar')
	Insert on sbtest8  (cost=0.00..0.01 rows=0 width=0)
	  ->  Result  (cost=0.00..0.01 rows=1 width=736)

for: distinct_ranges
table 1 : explain SELECT DISTINCT c FROM sbtest1 WHERE id BETWEEN 2287294 AND 2287303 ORDER BY c
	Unique  (cost=41.04..41.09 rows=10 width=121)
	  ->  Sort  (cost=41.04..41.07 rows=10 width=121)
	        Sort Key: c
	        ->  Index Scan using sbtest1_pkey on sbtest1  (cost=0.43..40.88 rows=10 width=121)
	              Index Cond: ((id >= 2287294) AND (id <= 2287303))

table 2 : explain SELECT DISTINCT c FROM sbtest2 WHERE id BETWEEN 2271635 AND 2271644 ORDER BY c
	Unique  (cost=41.05..41.10 rows=10 width=121)
	  ->  Sort  (cost=41.05..41.08 rows=10 width=121)
	        Sort Key: c
	        ->  Index Scan using sbtest2_pkey on sbtest2  (cost=0.43..40.89 rows=10 width=121)
	              Index Cond: ((id >= 2271635) AND (id <= 2271644))

table 3 : explain SELECT DISTINCT c FROM sbtest3 WHERE id BETWEEN 1559727 AND 1559736 ORDER BY c
	Unique  (cost=44.51..44.57 rows=11 width=121)
	  ->  Sort  (cost=44.51..44.54 rows=11 width=121)
	        Sort Key: c
	        ->  Index Scan using sbtest3_pkey on sbtest3  (cost=0.43..44.32 rows=11 width=121)
	              Index Cond: ((id >= 1559727) AND (id <= 1559736))

table 4 : explain SELECT DISTINCT c FROM sbtest4 WHERE id BETWEEN 3353001 AND 3353010 ORDER BY c
	Unique  (cost=44.18..44.23 rows=11 width=121)
	  ->  Sort  (cost=44.18..44.20 rows=11 width=121)
	        Sort Key: c
	        ->  Index Scan using sbtest4_pkey on sbtest4  (cost=0.43..43.98 rows=11 width=121)
	              Index Cond: ((id >= 3353001) AND (id <= 3353010))

table 5 : explain SELECT DISTINCT c FROM sbtest5 WHERE id BETWEEN 4569843 AND 4569852 ORDER BY c
	Unique  (cost=40.87..40.92 rows=10 width=121)
	  ->  Sort  (cost=40.87..40.89 rows=10 width=121)
	        Sort Key: c
	        ->  Index Scan using sbtest5_pkey on sbtest5  (cost=0.43..40.70 rows=10 width=121)
	              Index Cond: ((id >= 4569843) AND (id <= 4569852))

table 6 : explain SELECT DISTINCT c FROM sbtest6 WHERE id BETWEEN 8170247 AND 8170256 ORDER BY c
	Unique  (cost=40.89..40.94 rows=10 width=121)
	  ->  Sort  (cost=40.89..40.91 rows=10 width=121)
	        Sort Key: c
	        ->  Index Scan using sbtest6_pkey on sbtest6  (cost=0.43..40.72 rows=10 width=121)
	              Index Cond: ((id >= 8170247) AND (id <= 8170256))

table 7 : explain SELECT DISTINCT c FROM sbtest7 WHERE id BETWEEN 1533401 AND 1533410 ORDER BY c
	Unique  (cost=40.91..40.96 rows=10 width=121)
	  ->  Sort  (cost=40.91..40.94 rows=10 width=121)
	        Sort Key: c
	        ->  Index Scan using sbtest7_pkey on sbtest7  (cost=0.43..40.75 rows=10 width=121)
	              Index Cond: ((id >= 1533401) AND (id <= 1533410))

table 8 : explain SELECT DISTINCT c FROM sbtest8 WHERE id BETWEEN 2201183 AND 2201192 ORDER BY c
	Unique  (cost=40.50..40.55 rows=10 width=121)
	  ->  Sort  (cost=40.50..40.53 rows=10 width=121)
	        Sort Key: c
	        ->  Index Scan using sbtest8_pkey on sbtest8  (cost=0.43..40.34 rows=10 width=121)
	              Index Cond: ((id >= 2201183) AND (id <= 2201192))

for non_index_updates
table 1 : explain UPDATE sbtest1 SET c='foobar' WHERE id=3941275
	Update on sbtest1  (cost=0.43..8.45 rows=0 width=0)
	  ->  Index Scan using sbtest1_pkey on sbtest1  (cost=0.43..8.45 rows=1 width=490)
	        Index Cond: (id = 3941275)

table 2 : explain UPDATE sbtest2 SET c='foobar' WHERE id=8222493
	Update on sbtest2  (cost=0.43..8.45 rows=0 width=0)
	  ->  Index Scan using sbtest2_pkey on sbtest2  (cost=0.43..8.45 rows=1 width=490)
	        Index Cond: (id = 8222493)

table 3 : explain UPDATE sbtest3 SET c='foobar' WHERE id=7202695
	Update on sbtest3  (cost=0.43..8.45 rows=0 width=0)
	  ->  Index Scan using sbtest3_pkey on sbtest3  (cost=0.43..8.45 rows=1 width=490)
	        Index Cond: (id = 7202695)

table 4 : explain UPDATE sbtest4 SET c='foobar' WHERE id=8903826
	Update on sbtest4  (cost=0.43..8.45 rows=0 width=0)
	  ->  Index Scan using sbtest4_pkey on sbtest4  (cost=0.43..8.45 rows=1 width=490)
	        Index Cond: (id = 8903826)

table 5 : explain UPDATE sbtest5 SET c='foobar' WHERE id=2692038
	Update on sbtest5  (cost=0.43..8.45 rows=0 width=0)
	  ->  Index Scan using sbtest5_pkey on sbtest5  (cost=0.43..8.45 rows=1 width=490)
	        Index Cond: (id = 2692038)

table 6 : explain UPDATE sbtest6 SET c='foobar' WHERE id=4246323
	Update on sbtest6  (cost=0.43..8.45 rows=0 width=0)
	  ->  Index Scan using sbtest6_pkey on sbtest6  (cost=0.43..8.45 rows=1 width=490)
	        Index Cond: (id = 4246323)

table 7 : explain UPDATE sbtest7 SET c='foobar' WHERE id=5766798
	Update on sbtest7  (cost=0.43..8.45 rows=0 width=0)
	  ->  Index Scan using sbtest7_pkey on sbtest7  (cost=0.43..8.45 rows=1 width=490)
	        Index Cond: (id = 5766798)

table 8 : explain UPDATE sbtest8 SET c='foobar' WHERE id=511075
	Update on sbtest8  (cost=0.43..8.45 rows=0 width=0)
	  ->  Index Scan using sbtest8_pkey on sbtest8  (cost=0.43..8.45 rows=1 width=490)
	        Index Cond: (id = 511075)

for non_index_updates
table 1 : explain UPDATE sbtest1 SET c='foobar' WHERE id=7705671
	Update on sbtest1  (cost=0.43..8.45 rows=0 width=0)
	  ->  Index Scan using sbtest1_pkey on sbtest1  (cost=0.43..8.45 rows=1 width=490)
	        Index Cond: (id = 7705671)

table 2 : explain UPDATE sbtest2 SET c='foobar' WHERE id=8018194
	Update on sbtest2  (cost=0.43..8.45 rows=0 width=0)
	  ->  Index Scan using sbtest2_pkey on sbtest2  (cost=0.43..8.45 rows=1 width=490)
	        Index Cond: (id = 8018194)

table 3 : explain UPDATE sbtest3 SET c='foobar' WHERE id=4740583
	Update on sbtest3  (cost=0.43..8.45 rows=0 width=0)
	  ->  Index Scan using sbtest3_pkey on sbtest3  (cost=0.43..8.45 rows=1 width=490)
	        Index Cond: (id = 4740583)

table 4 : explain UPDATE sbtest4 SET c='foobar' WHERE id=6796368
	Update on sbtest4  (cost=0.43..8.45 rows=0 width=0)
	  ->  Index Scan using sbtest4_pkey on sbtest4  (cost=0.43..8.45 rows=1 width=490)
	        Index Cond: (id = 6796368)

table 5 : explain UPDATE sbtest5 SET c='foobar' WHERE id=4672689
	Update on sbtest5  (cost=0.43..8.45 rows=0 width=0)
	  ->  Index Scan using sbtest5_pkey on sbtest5  (cost=0.43..8.45 rows=1 width=490)
	        Index Cond: (id = 4672689)

table 6 : explain UPDATE sbtest6 SET c='foobar' WHERE id=1914104
	Update on sbtest6  (cost=0.43..8.45 rows=0 width=0)
	  ->  Index Scan using sbtest6_pkey on sbtest6  (cost=0.43..8.45 rows=1 width=490)
	        Index Cond: (id = 1914104)

table 7 : explain UPDATE sbtest7 SET c='foobar' WHERE id=474688
	Update on sbtest7  (cost=0.43..8.45 rows=0 width=0)
	  ->  Index Scan using sbtest7_pkey on sbtest7  (cost=0.43..8.45 rows=1 width=490)
	        Index Cond: (id = 474688)

table 8 : explain UPDATE sbtest8 SET c='foobar' WHERE id=8898982
	Update on sbtest8  (cost=0.43..8.45 rows=0 width=0)
	  ->  Index Scan using sbtest8_pkey on sbtest8  (cost=0.43..8.45 rows=1 width=490)
	        Index Cond: (id = 8898982)

for: simple_ranges
table 1 : explain SELECT c FROM sbtest1 WHERE id BETWEEN 8345248 AND 8345257
	Index Scan using sbtest1_pkey on sbtest1  (cost=0.43..40.88 rows=10 width=121)
	  Index Cond: ((id >= 8345248) AND (id <= 8345257))

table 2 : explain SELECT c FROM sbtest2 WHERE id BETWEEN 3162270 AND 3162279
	Index Scan using sbtest2_pkey on sbtest2  (cost=0.43..37.28 rows=9 width=121)
	  Index Cond: ((id >= 3162270) AND (id <= 3162279))

table 3 : explain SELECT c FROM sbtest3 WHERE id BETWEEN 212059 AND 212068
	Index Scan using sbtest3_pkey on sbtest3  (cost=0.43..37.15 rows=9 width=121)
	  Index Cond: ((id >= 212059) AND (id <= 212068))

table 4 : explain SELECT c FROM sbtest4 WHERE id BETWEEN 8073092 AND 8073101
	Index Scan using sbtest4_pkey on sbtest4  (cost=0.43..36.88 rows=9 width=121)
	  Index Cond: ((id >= 8073092) AND (id <= 8073101))

table 5 : explain SELECT c FROM sbtest5 WHERE id BETWEEN 7060728 AND 7060737
	Index Scan using sbtest5_pkey on sbtest5  (cost=0.43..40.70 rows=10 width=121)
	  Index Cond: ((id >= 7060728) AND (id <= 7060737))

table 6 : explain SELECT c FROM sbtest6 WHERE id BETWEEN 9650968 AND 9650977
	Index Scan using sbtest6_pkey on sbtest6  (cost=0.43..40.72 rows=10 width=121)
	  Index Cond: ((id >= 9650968) AND (id <= 9650977))

table 7 : explain SELECT c FROM sbtest7 WHERE id BETWEEN 421958 AND 421967
	Index Scan using sbtest7_pkey on sbtest7  (cost=0.43..44.34 rows=11 width=121)
	  Index Cond: ((id >= 421958) AND (id <= 421967))

table 8 : explain SELECT c FROM sbtest8 WHERE id BETWEEN 6349930 AND 6349939
	Index Scan using sbtest8_pkey on sbtest8  (cost=0.43..47.42 rows=12 width=121)
	  Index Cond: ((id >= 6349930) AND (id <= 6349939))

for: simple_ranges
table 1 : explain SELECT c FROM sbtest1 WHERE id BETWEEN 8148100 AND 8148109
	Index Scan using sbtest1_pkey on sbtest1  (cost=0.43..40.88 rows=10 width=121)
	  Index Cond: ((id >= 8148100) AND (id <= 8148109))

table 2 : explain SELECT c FROM sbtest2 WHERE id BETWEEN 3585635 AND 3585644
	Index Scan using sbtest2_pkey on sbtest2  (cost=0.43..44.49 rows=11 width=121)
	  Index Cond: ((id >= 3585635) AND (id <= 3585644))

table 3 : explain SELECT c FROM sbtest3 WHERE id BETWEEN 4763980 AND 4763989
	Index Scan using sbtest3_pkey on sbtest3  (cost=0.43..40.73 rows=10 width=121)
	  Index Cond: ((id >= 4763980) AND (id <= 4763989))

table 4 : explain SELECT c FROM sbtest4 WHERE id BETWEEN 6056550 AND 6056559
	Index Scan using sbtest4_pkey on sbtest4  (cost=0.43..43.98 rows=11 width=121)
	  Index Cond: ((id >= 6056550) AND (id <= 6056559))

table 5 : explain SELECT c FROM sbtest5 WHERE id BETWEEN 8681152 AND 8681161
	Index Scan using sbtest5_pkey on sbtest5  (cost=0.43..40.70 rows=10 width=121)
	  Index Cond: ((id >= 8681152) AND (id <= 8681161))

table 6 : explain SELECT c FROM sbtest6 WHERE id BETWEEN 4648962 AND 4648971
	Index Scan using sbtest6_pkey on sbtest6  (cost=0.43..40.72 rows=10 width=121)
	  Index Cond: ((id >= 4648962) AND (id <= 4648971))

table 7 : explain SELECT c FROM sbtest7 WHERE id BETWEEN 2376798 AND 2376807
	Index Scan using sbtest7_pkey on sbtest7  (cost=0.43..37.16 rows=9 width=121)
	  Index Cond: ((id >= 2376798) AND (id <= 2376807))

table 8 : explain SELECT c FROM sbtest8 WHERE id BETWEEN 9084905 AND 9084914
	Index Scan using sbtest8_pkey on sbtest8  (cost=0.43..40.34 rows=10 width=121)
	  Index Cond: ((id >= 9084905) AND (id <= 9084914))

explain: for deletes :: explain DELETE FROM sbtest%u WHERE id=%u
for index_updates
table 1 : explain UPDATE sbtest1 SET k=k+1 WHERE id=3774345
	Update on sbtest1  (cost=0.43..8.46 rows=0 width=0)
	  ->  Index Scan using sbtest1_pkey on sbtest1  (cost=0.43..8.46 rows=1 width=10)
	        Index Cond: (id = 3774345)

table 2 : explain UPDATE sbtest2 SET k=k+1 WHERE id=6273987
	Update on sbtest2  (cost=0.43..8.46 rows=0 width=0)
	  ->  Index Scan using sbtest2_pkey on sbtest2  (cost=0.43..8.46 rows=1 width=10)
	        Index Cond: (id = 6273987)

table 3 : explain UPDATE sbtest3 SET k=k+1 WHERE id=5662822
	Update on sbtest3  (cost=0.43..8.46 rows=0 width=0)
	  ->  Index Scan using sbtest3_pkey on sbtest3  (cost=0.43..8.46 rows=1 width=10)
	        Index Cond: (id = 5662822)

table 4 : explain UPDATE sbtest4 SET k=k+1 WHERE id=4249340
	Update on sbtest4  (cost=0.43..8.46 rows=0 width=0)
	  ->  Index Scan using sbtest4_pkey on sbtest4  (cost=0.43..8.46 rows=1 width=10)
	        Index Cond: (id = 4249340)

table 5 : explain UPDATE sbtest5 SET k=k+1 WHERE id=6901981
	Update on sbtest5  (cost=0.43..8.46 rows=0 width=0)
	  ->  Index Scan using sbtest5_pkey on sbtest5  (cost=0.43..8.46 rows=1 width=10)
	        Index Cond: (id = 6901981)

table 6 : explain UPDATE sbtest6 SET k=k+1 WHERE id=5577220
	Update on sbtest6  (cost=0.43..8.46 rows=0 width=0)
	  ->  Index Scan using sbtest6_pkey on sbtest6  (cost=0.43..8.46 rows=1 width=10)
	        Index Cond: (id = 5577220)

table 7 : explain UPDATE sbtest7 SET k=k+1 WHERE id=5135140
	Update on sbtest7  (cost=0.43..8.46 rows=0 width=0)
	  ->  Index Scan using sbtest7_pkey on sbtest7  (cost=0.43..8.46 rows=1 width=10)
	        Index Cond: (id = 5135140)

table 8 : explain UPDATE sbtest8 SET k=k+1 WHERE id=4227833
	Update on sbtest8  (cost=0.43..8.46 rows=0 width=0)
	  ->  Index Scan using sbtest8_pkey on sbtest8  (cost=0.43..8.46 rows=1 width=10)
	        Index Cond: (id = 4227833)

explain: for index_updates :: explain UPDATE sbtest%u SET k=k+1 WHERE id=%u
for non_index_updates
table 1 : explain UPDATE sbtest1 SET c='foobar' WHERE id=4254295
	Update on sbtest1  (cost=0.43..8.45 rows=0 width=0)
	  ->  Index Scan using sbtest1_pkey on sbtest1  (cost=0.43..8.45 rows=1 width=490)
	        Index Cond: (id = 4254295)

table 2 : explain UPDATE sbtest2 SET c='foobar' WHERE id=7657359
	Update on sbtest2  (cost=0.43..8.45 rows=0 width=0)
	  ->  Index Scan using sbtest2_pkey on sbtest2  (cost=0.43..8.45 rows=1 width=490)
	        Index Cond: (id = 7657359)

table 3 : explain UPDATE sbtest3 SET c='foobar' WHERE id=5432990
	Update on sbtest3  (cost=0.43..8.45 rows=0 width=0)
	  ->  Index Scan using sbtest3_pkey on sbtest3  (cost=0.43..8.45 rows=1 width=490)
	        Index Cond: (id = 5432990)

table 4 : explain UPDATE sbtest4 SET c='foobar' WHERE id=288923
	Update on sbtest4  (cost=0.43..8.45 rows=0 width=0)
	  ->  Index Scan using sbtest4_pkey on sbtest4  (cost=0.43..8.45 rows=1 width=490)
	        Index Cond: (id = 288923)

table 5 : explain UPDATE sbtest5 SET c='foobar' WHERE id=4357926
	Update on sbtest5  (cost=0.43..8.45 rows=0 width=0)
	  ->  Index Scan using sbtest5_pkey on sbtest5  (cost=0.43..8.45 rows=1 width=490)
	        Index Cond: (id = 4357926)

table 6 : explain UPDATE sbtest6 SET c='foobar' WHERE id=3406144
	Update on sbtest6  (cost=0.43..8.45 rows=0 width=0)
	  ->  Index Scan using sbtest6_pkey on sbtest6  (cost=0.43..8.45 rows=1 width=490)
	        Index Cond: (id = 3406144)

table 7 : explain UPDATE sbtest7 SET c='foobar' WHERE id=5003413
	Update on sbtest7  (cost=0.43..8.45 rows=0 width=0)
	  ->  Index Scan using sbtest7_pkey on sbtest7  (cost=0.43..8.45 rows=1 width=490)
	        Index Cond: (id = 5003413)

table 8 : explain UPDATE sbtest8 SET c='foobar' WHERE id=2399876
	Update on sbtest8  (cost=0.43..8.45 rows=0 width=0)
	  ->  Index Scan using sbtest8_pkey on sbtest8  (cost=0.43..8.45 rows=1 width=490)
	        Index Cond: (id = 2399876)

for non_index_updates
table 1 : explain UPDATE sbtest1 SET c='foobar' WHERE id=4933708
	Update on sbtest1  (cost=0.43..8.45 rows=0 width=0)
	  ->  Index Scan using sbtest1_pkey on sbtest1  (cost=0.43..8.45 rows=1 width=490)
	        Index Cond: (id = 4933708)

table 2 : explain UPDATE sbtest2 SET c='foobar' WHERE id=9307635
	Update on sbtest2  (cost=0.43..8.45 rows=0 width=0)
	  ->  Index Scan using sbtest2_pkey on sbtest2  (cost=0.43..8.45 rows=1 width=490)
	        Index Cond: (id = 9307635)

table 3 : explain UPDATE sbtest3 SET c='foobar' WHERE id=5536135
	Update on sbtest3  (cost=0.43..8.45 rows=0 width=0)
	  ->  Index Scan using sbtest3_pkey on sbtest3  (cost=0.43..8.45 rows=1 width=490)
	        Index Cond: (id = 5536135)

table 4 : explain UPDATE sbtest4 SET c='foobar' WHERE id=7630684
	Update on sbtest4  (cost=0.43..8.45 rows=0 width=0)
	  ->  Index Scan using sbtest4_pkey on sbtest4  (cost=0.43..8.45 rows=1 width=490)
	        Index Cond: (id = 7630684)

table 5 : explain UPDATE sbtest5 SET c='foobar' WHERE id=8812847
	Update on sbtest5  (cost=0.43..8.45 rows=0 width=0)
	  ->  Index Scan using sbtest5_pkey on sbtest5  (cost=0.43..8.45 rows=1 width=490)
	        Index Cond: (id = 8812847)

table 6 : explain UPDATE sbtest6 SET c='foobar' WHERE id=925602
	Update on sbtest6  (cost=0.43..8.45 rows=0 width=0)
	  ->  Index Scan using sbtest6_pkey on sbtest6  (cost=0.43..8.45 rows=1 width=490)
	        Index Cond: (id = 925602)

table 7 : explain UPDATE sbtest7 SET c='foobar' WHERE id=6883739
	Update on sbtest7  (cost=0.43..8.45 rows=0 width=0)
	  ->  Index Scan using sbtest7_pkey on sbtest7  (cost=0.43..8.45 rows=1 width=490)
	        Index Cond: (id = 6883739)

table 8 : explain UPDATE sbtest8 SET c='foobar' WHERE id=3903162
	Update on sbtest8  (cost=0.43..8.45 rows=0 width=0)
	  ->  Index Scan using sbtest8_pkey on sbtest8  (cost=0.43..8.45 rows=1 width=490)
	        Index Cond: (id = 3903162)

for: distinct_ranges
table 1 : explain SELECT DISTINCT c FROM sbtest1 WHERE id BETWEEN 1342996 AND 1343005 ORDER BY c
	Unique  (cost=41.04..41.09 rows=10 width=121)
	  ->  Sort  (cost=41.04..41.07 rows=10 width=121)
	        Sort Key: c
	        ->  Index Scan using sbtest1_pkey on sbtest1  (cost=0.43..40.88 rows=10 width=121)
	              Index Cond: ((id >= 1342996) AND (id <= 1343005))

table 2 : explain SELECT DISTINCT c FROM sbtest2 WHERE id BETWEEN 5484053 AND 5484062 ORDER BY c
	Unique  (cost=37.43..37.47 rows=9 width=121)
	  ->  Sort  (cost=37.43..37.45 rows=9 width=121)
	        Sort Key: c
	        ->  Index Scan using sbtest2_pkey on sbtest2  (cost=0.43..37.28 rows=9 width=121)
	              Index Cond: ((id >= 5484053) AND (id <= 5484062))

table 3 : explain SELECT DISTINCT c FROM sbtest3 WHERE id BETWEEN 9831180 AND 9831189 ORDER BY c
	Unique  (cost=40.90..40.95 rows=10 width=121)
	  ->  Sort  (cost=40.90..40.93 rows=10 width=121)
	        Sort Key: c
	        ->  Index Scan using sbtest3_pkey on sbtest3  (cost=0.43..40.73 rows=10 width=121)
	              Index Cond: ((id >= 9831180) AND (id <= 9831189))

table 4 : explain SELECT DISTINCT c FROM sbtest4 WHERE id BETWEEN 993888 AND 993897 ORDER BY c
	Unique  (cost=40.60..40.65 rows=10 width=121)
	  ->  Sort  (cost=40.60..40.62 rows=10 width=121)
	        Sort Key: c
	        ->  Index Scan using sbtest4_pkey on sbtest4  (cost=0.43..40.43 rows=10 width=121)
	              Index Cond: ((id >= 993888) AND (id <= 993897))

table 5 : explain SELECT DISTINCT c FROM sbtest5 WHERE id BETWEEN 5241543 AND 5241552 ORDER BY c
	Unique  (cost=44.48..44.53 rows=11 width=121)
	  ->  Sort  (cost=44.48..44.50 rows=11 width=121)
	        Sort Key: c
	        ->  Index Scan using sbtest5_pkey on sbtest5  (cost=0.43..44.29 rows=11 width=121)
	              Index Cond: ((id >= 5241543) AND (id <= 5241552))

table 6 : explain SELECT DISTINCT c FROM sbtest6 WHERE id BETWEEN 2221449 AND 2221458 ORDER BY c
	Unique  (cost=40.89..40.94 rows=10 width=121)
	  ->  Sort  (cost=40.89..40.91 rows=10 width=121)
	        Sort Key: c
	        ->  Index Scan using sbtest6_pkey on sbtest6  (cost=0.43..40.72 rows=10 width=121)
	              Index Cond: ((id >= 2221449) AND (id <= 2221458))

table 7 : explain SELECT DISTINCT c FROM sbtest7 WHERE id BETWEEN 9666712 AND 9666721 ORDER BY c
	Unique  (cost=40.91..40.96 rows=10 width=121)
	  ->  Sort  (cost=40.91..40.94 rows=10 width=121)
	        Sort Key: c
	        ->  Index Scan using sbtest7_pkey on sbtest7  (cost=0.43..40.75 rows=10 width=121)
	              Index Cond: ((id >= 9666712) AND (id <= 9666721))

table 8 : explain SELECT DISTINCT c FROM sbtest8 WHERE id BETWEEN 2590081 AND 2590090 ORDER BY c
	Unique  (cost=36.94..36.98 rows=9 width=121)
	  ->  Sort  (cost=36.94..36.96 rows=9 width=121)
	        Sort Key: c
	        ->  Index Scan using sbtest8_pkey on sbtest8  (cost=0.43..36.79 rows=9 width=121)
	              Index Cond: ((id >= 2590081) AND (id <= 2590090))

explain: for non_index_updates :: explain UPDATE sbtest%u SET c='foobar' WHERE id=%u
for: simple_ranges
table 1 : explain SELECT c FROM sbtest1 WHERE id BETWEEN 9123824 AND 9123833
	Index Scan using sbtest1_pkey on sbtest1  (cost=0.43..44.48 rows=11 width=121)
	  Index Cond: ((id >= 9123824) AND (id <= 9123833))

table 2 : explain SELECT c FROM sbtest2 WHERE id BETWEEN 2000170 AND 2000179
	Index Scan using sbtest2_pkey on sbtest2  (cost=0.43..37.28 rows=9 width=121)
	  Index Cond: ((id >= 2000170) AND (id <= 2000179))

table 3 : explain SELECT c FROM sbtest3 WHERE id BETWEEN 4394782 AND 4394791
	Index Scan using sbtest3_pkey on sbtest3  (cost=0.43..40.73 rows=10 width=121)
	  Index Cond: ((id >= 4394782) AND (id <= 4394791))

table 4 : explain SELECT c FROM sbtest4 WHERE id BETWEEN 3612175 AND 3612184
	Index Scan using sbtest4_pkey on sbtest4  (cost=0.43..43.98 rows=11 width=121)
	  Index Cond: ((id >= 3612175) AND (id <= 3612184))

table 5 : explain SELECT c FROM sbtest5 WHERE id BETWEEN 3532344 AND 3532353
	Index Scan using sbtest5_pkey on sbtest5  (cost=0.43..40.70 rows=10 width=121)
	  Index Cond: ((id >= 3532344) AND (id <= 3532353))

table 6 : explain SELECT c FROM sbtest6 WHERE id BETWEEN 1848992 AND 1849001
	Index Scan using sbtest6_pkey on sbtest6  (cost=0.43..44.31 rows=11 width=121)
	  Index Cond: ((id >= 1848992) AND (id <= 1849001))

table 7 : explain SELECT c FROM sbtest7 WHERE id BETWEEN 6812124 AND 6812133
	Index Scan using sbtest7_pkey on sbtest7  (cost=0.43..40.75 rows=10 width=121)
	  Index Cond: ((id >= 6812124) AND (id <= 6812133))

table 8 : explain SELECT c FROM sbtest8 WHERE id BETWEEN 916316 AND 916325
	Index Scan using sbtest8_pkey on sbtest8  (cost=0.43..40.34 rows=10 width=121)
	  Index Cond: ((id >= 916316) AND (id <= 916325))

explain: for deletes :: explain DELETE FROM sbtest%u WHERE id=%u
for: sum_ranges
table 1 : explain SELECT SUM(k) FROM sbtest1 WHERE id BETWEEN 4075364 AND 4075373
	Aggregate  (cost=40.90..40.91 rows=1 width=8)
	  ->  Index Scan using sbtest1_pkey on sbtest1  (cost=0.43..40.88 rows=10 width=4)
	        Index Cond: ((id >= 4075364) AND (id <= 4075373))

table 2 : explain SELECT SUM(k) FROM sbtest2 WHERE id BETWEEN 9681967 AND 9681976
	Aggregate  (cost=44.52..44.53 rows=1 width=8)
	  ->  Index Scan using sbtest2_pkey on sbtest2  (cost=0.43..44.49 rows=11 width=4)
	        Index Cond: ((id >= 9681967) AND (id <= 9681976))

table 3 : explain SELECT SUM(k) FROM sbtest3 WHERE id BETWEEN 8149258 AND 8149267
	Aggregate  (cost=44.35..44.36 rows=1 width=8)
	  ->  Index Scan using sbtest3_pkey on sbtest3  (cost=0.43..44.32 rows=11 width=4)
	        Index Cond: ((id >= 8149258) AND (id <= 8149267))

table 4 : explain SELECT SUM(k) FROM sbtest4 WHERE id BETWEEN 8549307 AND 8549316
	Aggregate  (cost=44.01..44.02 rows=1 width=8)
	  ->  Index Scan using sbtest4_pkey on sbtest4  (cost=0.43..43.98 rows=11 width=4)
	        Index Cond: ((id >= 8549307) AND (id <= 8549316))

table 5 : explain SELECT SUM(k) FROM sbtest5 WHERE id BETWEEN 650368 AND 650377
	Aggregate  (cost=44.31..44.32 rows=1 width=8)
	  ->  Index Scan using sbtest5_pkey on sbtest5  (cost=0.43..44.29 rows=11 width=4)
	        Index Cond: ((id >= 650368) AND (id <= 650377))

table 6 : explain SELECT SUM(k) FROM sbtest6 WHERE id BETWEEN 4458011 AND 4458020
	Aggregate  (cost=40.75..40.76 rows=1 width=8)
	  ->  Index Scan using sbtest6_pkey on sbtest6  (cost=0.43..40.72 rows=10 width=4)
	        Index Cond: ((id >= 4458011) AND (id <= 4458020))

table 7 : explain SELECT SUM(k) FROM sbtest7 WHERE id BETWEEN 8198146 AND 8198155
	Aggregate  (cost=40.77..40.78 rows=1 width=8)
	  ->  Index Scan using sbtest7_pkey on sbtest7  (cost=0.43..40.75 rows=10 width=4)
	        Index Cond: ((id >= 8198146) AND (id <= 8198155))

table 8 : explain SELECT SUM(k) FROM sbtest8 WHERE id BETWEEN 311503 AND 311512
	Aggregate  (cost=40.36..40.37 rows=1 width=8)
	  ->  Index Scan using sbtest8_pkey on sbtest8  (cost=0.43..40.34 rows=10 width=4)
	        Index Cond: ((id >= 311503) AND (id <= 311512))

for deletes
table 1 : explain DELETE FROM sbtest1 WHERE id=206086
	Delete on sbtest1  (cost=0.43..8.45 rows=0 width=0)
	  ->  Index Scan using sbtest1_pkey on sbtest1  (cost=0.43..8.45 rows=1 width=6)
	        Index Cond: (id = 206086)

table 2 : explain DELETE FROM sbtest2 WHERE id=849025
	Delete on sbtest2  (cost=0.43..8.45 rows=0 width=0)
	  ->  Index Scan using sbtest2_pkey on sbtest2  (cost=0.43..8.45 rows=1 width=6)
	        Index Cond: (id = 849025)

table 3 : explain DELETE FROM sbtest3 WHERE id=4449959
	Delete on sbtest3  (cost=0.43..8.45 rows=0 width=0)
	  ->  Index Scan using sbtest3_pkey on sbtest3  (cost=0.43..8.45 rows=1 width=6)
	        Index Cond: (id = 4449959)

table 4 : explain DELETE FROM sbtest4 WHERE id=4576615
	Delete on sbtest4  (cost=0.43..8.45 rows=0 width=0)
	  ->  Index Scan using sbtest4_pkey on sbtest4  (cost=0.43..8.45 rows=1 width=6)
	        Index Cond: (id = 4576615)

table 5 : explain DELETE FROM sbtest5 WHERE id=3522261
	Delete on sbtest5  (cost=0.43..8.45 rows=0 width=0)
	  ->  Index Scan using sbtest5_pkey on sbtest5  (cost=0.43..8.45 rows=1 width=6)
	        Index Cond: (id = 3522261)

table 6 : explain DELETE FROM sbtest6 WHERE id=1878352
	Delete on sbtest6  (cost=0.43..8.45 rows=0 width=0)
	  ->  Index Scan using sbtest6_pkey on sbtest6  (cost=0.43..8.45 rows=1 width=6)
	        Index Cond: (id = 1878352)

table 7 : explain DELETE FROM sbtest7 WHERE id=9499434
	Delete on sbtest7  (cost=0.43..8.45 rows=0 width=0)
	  ->  Index Scan using sbtest7_pkey on sbtest7  (cost=0.43..8.45 rows=1 width=6)
	        Index Cond: (id = 9499434)

table 8 : explain DELETE FROM sbtest8 WHERE id=7234134
	Delete on sbtest8  (cost=0.43..8.45 rows=0 width=0)
	  ->  Index Scan using sbtest8_pkey on sbtest8  (cost=0.43..8.45 rows=1 width=6)
	        Index Cond: (id = 7234134)

explain: for deletes :: explain DELETE FROM sbtest%u WHERE id=%u
explain: for deletes :: explain DELETE FROM sbtest%u WHERE id=%u
for: distinct_ranges
table 1 : explain SELECT DISTINCT c FROM sbtest1 WHERE id BETWEEN 7590994 AND 7591003 ORDER BY c
	Unique  (cost=41.04..41.09 rows=10 width=121)
	  ->  Sort  (cost=41.04..41.07 rows=10 width=121)
	        Sort Key: c
	        ->  Index Scan using sbtest1_pkey on sbtest1  (cost=0.43..40.88 rows=10 width=121)
	              Index Cond: ((id >= 7590994) AND (id <= 7591003))

table 2 : explain SELECT DISTINCT c FROM sbtest2 WHERE id BETWEEN 4346228 AND 4346237 ORDER BY c
	Unique  (cost=41.05..41.10 rows=10 width=121)
	  ->  Sort  (cost=41.05..41.08 rows=10 width=121)
	        Sort Key: c
	        ->  Index Scan using sbtest2_pkey on sbtest2  (cost=0.43..40.89 rows=10 width=121)
	              Index Cond: ((id >= 4346228) AND (id <= 4346237))

table 3 : explain SELECT DISTINCT c FROM sbtest3 WHERE id BETWEEN 6631630 AND 6631639 ORDER BY c
	Unique  (cost=37.29..37.34 rows=9 width=121)
	  ->  Sort  (cost=37.29..37.31 rows=9 width=121)
	        Sort Key: c
	        ->  Index Scan using sbtest3_pkey on sbtest3  (cost=0.43..37.15 rows=9 width=121)
	              Index Cond: ((id >= 6631630) AND (id <= 6631639))

table 4 : explain SELECT DISTINCT c FROM sbtest4 WHERE id BETWEEN 7176836 AND 7176845 ORDER BY c
	Unique  (cost=37.02..37.07 rows=9 width=121)
	  ->  Sort  (cost=37.02..37.04 rows=9 width=121)
	        Sort Key: c
	        ->  Index Scan using sbtest4_pkey on sbtest4  (cost=0.43..36.88 rows=9 width=121)
	              Index Cond: ((id >= 7176836) AND (id <= 7176845))

table 5 : explain SELECT DISTINCT c FROM sbtest5 WHERE id BETWEEN 1692390 AND 1692399 ORDER BY c
	Unique  (cost=40.87..40.92 rows=10 width=121)
	  ->  Sort  (cost=40.87..40.89 rows=10 width=121)
	        Sort Key: c
	        ->  Index Scan using sbtest5_pkey on sbtest5  (cost=0.43..40.70 rows=10 width=121)
	              Index Cond: ((id >= 1692390) AND (id <= 1692399))

table 6 : explain SELECT DISTINCT c FROM sbtest6 WHERE id BETWEEN 7928519 AND 7928528 ORDER BY c
	Unique  (cost=40.89..40.94 rows=10 width=121)
	  ->  Sort  (cost=40.89..40.91 rows=10 width=121)
	        Sort Key: c
	        ->  Index Scan using sbtest6_pkey on sbtest6  (cost=0.43..40.72 rows=10 width=121)
	              Index Cond: ((id >= 7928519) AND (id <= 7928528))

table 7 : explain SELECT DISTINCT c FROM sbtest7 WHERE id BETWEEN 3918635 AND 3918644 ORDER BY c
	Unique  (cost=40.91..40.96 rows=10 width=121)
	  ->  Sort  (cost=40.91..40.94 rows=10 width=121)
	        Sort Key: c
	        ->  Index Scan using sbtest7_pkey on sbtest7  (cost=0.43..40.75 rows=10 width=121)
	              Index Cond: ((id >= 3918635) AND (id <= 3918644))

table 8 : explain SELECT DISTINCT c FROM sbtest8 WHERE id BETWEEN 3070443 AND 3070452 ORDER BY c
	Unique  (cost=40.50..40.55 rows=10 width=121)
	  ->  Sort  (cost=40.50..40.53 rows=10 width=121)
	        Sort Key: c
	        ->  Index Scan using sbtest8_pkey on sbtest8  (cost=0.43..40.34 rows=10 width=121)
	              Index Cond: ((id >= 3070443) AND (id <= 3070452))

for: distinct_ranges
table 1 : explain SELECT DISTINCT c FROM sbtest1 WHERE id BETWEEN 6515281 AND 6515290 ORDER BY c
	Unique  (cost=37.42..37.46 rows=9 width=121)
	  ->  Sort  (cost=37.42..37.44 rows=9 width=121)
	        Sort Key: c
	        ->  Index Scan using sbtest1_pkey on sbtest1  (cost=0.43..37.28 rows=9 width=121)
	              Index Cond: ((id >= 6515281) AND (id <= 6515290))

table 2 : explain SELECT DISTINCT c FROM sbtest2 WHERE id BETWEEN 61912 AND 61921 ORDER BY c
	Unique  (cost=41.05..41.10 rows=10 width=121)
	  ->  Sort  (cost=41.05..41.08 rows=10 width=121)
	        Sort Key: c
	        ->  Index Scan using sbtest2_pkey on sbtest2  (cost=0.43..40.89 rows=10 width=121)
	              Index Cond: ((id >= 61912) AND (id <= 61921))

table 3 : explain SELECT DISTINCT c FROM sbtest3 WHERE id BETWEEN 8981972 AND 8981981 ORDER BY c
	Unique  (cost=40.90..40.95 rows=10 width=121)
	  ->  Sort  (cost=40.90..40.93 rows=10 width=121)
	        Sort Key: c
	        ->  Index Scan using sbtest3_pkey on sbtest3  (cost=0.43..40.73 rows=10 width=121)
	              Index Cond: ((id >= 8981972) AND (id <= 8981981))

table 4 : explain SELECT DISTINCT c FROM sbtest4 WHERE id BETWEEN 475443 AND 475452 ORDER BY c
	Unique  (cost=40.60..40.65 rows=10 width=121)
	  ->  Sort  (cost=40.60..40.62 rows=10 width=121)
	        Sort Key: c
	        ->  Index Scan using sbtest4_pkey on sbtest4  (cost=0.43..40.43 rows=10 width=121)
	              Index Cond: ((id >= 475443) AND (id <= 475452))

table 5 : explain SELECT DISTINCT c FROM sbtest5 WHERE id BETWEEN 44813 AND 44822 ORDER BY c
	Unique  (cost=40.87..40.92 rows=10 width=121)
	  ->  Sort  (cost=40.87..40.89 rows=10 width=121)
	        Sort Key: c
	        ->  Index Scan using sbtest5_pkey on sbtest5  (cost=0.43..40.70 rows=10 width=121)
	              Index Cond: ((id >= 44813) AND (id <= 44822))

table 6 : explain SELECT DISTINCT c FROM sbtest6 WHERE id BETWEEN 2907314 AND 2907323 ORDER BY c
	Unique  (cost=40.89..40.94 rows=10 width=121)
	  ->  Sort  (cost=40.89..40.91 rows=10 width=121)
	        Sort Key: c
	        ->  Index Scan using sbtest6_pkey on sbtest6  (cost=0.43..40.72 rows=10 width=121)
	              Index Cond: ((id >= 2907314) AND (id <= 2907323))

table 7 : explain SELECT DISTINCT c FROM sbtest7 WHERE id BETWEEN 2672926 AND 2672935 ORDER BY c
	Unique  (cost=44.53..44.58 rows=11 width=121)
	  ->  Sort  (cost=44.53..44.55 rows=11 width=121)
	        Sort Key: c
	        ->  Index Scan using sbtest7_pkey on sbtest7  (cost=0.43..44.34 rows=11 width=121)
	              Index Cond: ((id >= 2672926) AND (id <= 2672935))

table 8 : explain SELECT DISTINCT c FROM sbtest8 WHERE id BETWEEN 6945181 AND 6945190 ORDER BY c
	Unique  (cost=44.07..44.12 rows=11 width=121)
	  ->  Sort  (cost=44.07..44.10 rows=11 width=121)
	        Sort Key: c
	        ->  Index Scan using sbtest8_pkey on sbtest8  (cost=0.43..43.88 rows=11 width=121)
	              Index Cond: ((id >= 6945181) AND (id <= 6945190))

explain: for index_updates :: explain UPDATE sbtest%u SET k=k+1 WHERE id=%u
for index_updates
table 1 : explain UPDATE sbtest1 SET k=k+1 WHERE id=3493284
	Update on sbtest1  (cost=0.43..8.46 rows=0 width=0)
	  ->  Index Scan using sbtest1_pkey on sbtest1  (cost=0.43..8.46 rows=1 width=10)
	        Index Cond: (id = 3493284)

table 2 : explain UPDATE sbtest2 SET k=k+1 WHERE id=6789184
	Update on sbtest2  (cost=0.43..8.46 rows=0 width=0)
	  ->  Index Scan using sbtest2_pkey on sbtest2  (cost=0.43..8.46 rows=1 width=10)
	        Index Cond: (id = 6789184)

table 3 : explain UPDATE sbtest3 SET k=k+1 WHERE id=4399152
	Update on sbtest3  (cost=0.43..8.46 rows=0 width=0)
	  ->  Index Scan using sbtest3_pkey on sbtest3  (cost=0.43..8.46 rows=1 width=10)
	        Index Cond: (id = 4399152)

table 4 : explain UPDATE sbtest4 SET k=k+1 WHERE id=5989630
	Update on sbtest4  (cost=0.43..8.46 rows=0 width=0)
	  ->  Index Scan using sbtest4_pkey on sbtest4  (cost=0.43..8.46 rows=1 width=10)
	        Index Cond: (id = 5989630)

table 5 : explain UPDATE sbtest5 SET k=k+1 WHERE id=2282785
	Update on sbtest5  (cost=0.43..8.46 rows=0 width=0)
	  ->  Index Scan using sbtest5_pkey on sbtest5  (cost=0.43..8.46 rows=1 width=10)
	        Index Cond: (id = 2282785)

table 6 : explain UPDATE sbtest6 SET k=k+1 WHERE id=1167778
	Update on sbtest6  (cost=0.43..8.46 rows=0 width=0)
	  ->  Index Scan using sbtest6_pkey on sbtest6  (cost=0.43..8.46 rows=1 width=10)
	        Index Cond: (id = 1167778)

table 7 : explain UPDATE sbtest7 SET k=k+1 WHERE id=8504150
	Update on sbtest7  (cost=0.43..8.46 rows=0 width=0)
	  ->  Index Scan using sbtest7_pkey on sbtest7  (cost=0.43..8.46 rows=1 width=10)
	        Index Cond: (id = 8504150)

table 8 : explain UPDATE sbtest8 SET k=k+1 WHERE id=6170294
	Update on sbtest8  (cost=0.43..8.46 rows=0 width=0)
	  ->  Index Scan using sbtest8_pkey on sbtest8  (cost=0.43..8.46 rows=1 width=10)
	        Index Cond: (id = 6170294)

for: sum_ranges
table 1 : explain SELECT SUM(k) FROM sbtest1 WHERE id BETWEEN 1357215 AND 1357224
	Aggregate  (cost=40.90..40.91 rows=1 width=8)
	  ->  Index Scan using sbtest1_pkey on sbtest1  (cost=0.43..40.88 rows=10 width=4)
	        Index Cond: ((id >= 1357215) AND (id <= 1357224))

table 2 : explain SELECT SUM(k) FROM sbtest2 WHERE id BETWEEN 5447345 AND 5447354
	Aggregate  (cost=37.31..37.32 rows=1 width=8)
	  ->  Index Scan using sbtest2_pkey on sbtest2  (cost=0.43..37.28 rows=9 width=4)
	        Index Cond: ((id >= 5447345) AND (id <= 5447354))

table 3 : explain SELECT SUM(k) FROM sbtest3 WHERE id BETWEEN 8109607 AND 8109616
	Aggregate  (cost=44.35..44.36 rows=1 width=8)
	  ->  Index Scan using sbtest3_pkey on sbtest3  (cost=0.43..44.32 rows=11 width=4)
	        Index Cond: ((id >= 8109607) AND (id <= 8109616))

table 4 : explain SELECT SUM(k) FROM sbtest4 WHERE id BETWEEN 2842738 AND 2842747
	Aggregate  (cost=40.46..40.47 rows=1 width=8)
	  ->  Index Scan using sbtest4_pkey on sbtest4  (cost=0.43..40.43 rows=10 width=4)
	        Index Cond: ((id >= 2842738) AND (id <= 2842747))

table 5 : explain SELECT SUM(k) FROM sbtest5 WHERE id BETWEEN 3265313 AND 3265322
	Aggregate  (cost=40.73..40.74 rows=1 width=8)
	  ->  Index Scan using sbtest5_pkey on sbtest5  (cost=0.43..40.70 rows=10 width=4)
	        Index Cond: ((id >= 3265313) AND (id <= 3265322))

table 6 : explain SELECT SUM(k) FROM sbtest6 WHERE id BETWEEN 1827545 AND 1827554
	Aggregate  (cost=44.33..44.34 rows=1 width=8)
	  ->  Index Scan using sbtest6_pkey on sbtest6  (cost=0.43..44.31 rows=11 width=4)
	        Index Cond: ((id >= 1827545) AND (id <= 1827554))

table 7 : explain SELECT SUM(k) FROM sbtest7 WHERE id BETWEEN 494590 AND 494599
	Aggregate  (cost=44.36..44.37 rows=1 width=8)
	  ->  Index Scan using sbtest7_pkey on sbtest7  (cost=0.43..44.34 rows=11 width=4)
	        Index Cond: ((id >= 494590) AND (id <= 494599))

table 8 : explain SELECT SUM(k) FROM sbtest8 WHERE id BETWEEN 7173840 AND 7173849
	Aggregate  (cost=36.82..36.83 rows=1 width=8)
	  ->  Index Scan using sbtest8_pkey on sbtest8  (cost=0.43..36.79 rows=9 width=4)
	        Index Cond: ((id >= 7173840) AND (id <= 7173849))

for: sum_ranges
table 1 : explain SELECT SUM(k) FROM sbtest1 WHERE id BETWEEN 7496984 AND 7496993
	Aggregate  (cost=40.90..40.91 rows=1 width=8)
	  ->  Index Scan using sbtest1_pkey on sbtest1  (cost=0.43..40.88 rows=10 width=4)
	        Index Cond: ((id >= 7496984) AND (id <= 7496993))

table 2 : explain SELECT SUM(k) FROM sbtest2 WHERE id BETWEEN 3115520 AND 3115529
	Aggregate  (cost=37.31..37.32 rows=1 width=8)
	  ->  Index Scan using sbtest2_pkey on sbtest2  (cost=0.43..37.28 rows=9 width=4)
	        Index Cond: ((id >= 3115520) AND (id <= 3115529))

table 3 : explain SELECT SUM(k) FROM sbtest3 WHERE id BETWEEN 9799349 AND 9799358
	Aggregate  (cost=40.76..40.77 rows=1 width=8)
	  ->  Index Scan using sbtest3_pkey on sbtest3  (cost=0.43..40.73 rows=10 width=4)
	        Index Cond: ((id >= 9799349) AND (id <= 9799358))

table 4 : explain SELECT SUM(k) FROM sbtest4 WHERE id BETWEEN 2198750 AND 2198759
	Aggregate  (cost=40.46..40.47 rows=1 width=8)
	  ->  Index Scan using sbtest4_pkey on sbtest4  (cost=0.43..40.43 rows=10 width=4)
	        Index Cond: ((id >= 2198750) AND (id <= 2198759))

table 5 : explain SELECT SUM(k) FROM sbtest5 WHERE id BETWEEN 6339269 AND 6339278
	Aggregate  (cost=44.31..44.32 rows=1 width=8)
	  ->  Index Scan using sbtest5_pkey on sbtest5  (cost=0.43..44.29 rows=11 width=4)
	        Index Cond: ((id >= 6339269) AND (id <= 6339278))

table 6 : explain SELECT SUM(k) FROM sbtest6 WHERE id BETWEEN 9295558 AND 9295567
	Aggregate  (cost=40.75..40.76 rows=1 width=8)
	  ->  Index Scan using sbtest6_pkey on sbtest6  (cost=0.43..40.72 rows=10 width=4)
	        Index Cond: ((id >= 9295558) AND (id <= 9295567))

table 7 : explain SELECT SUM(k) FROM sbtest7 WHERE id BETWEEN 589216 AND 589225
	Aggregate  (cost=40.77..40.78 rows=1 width=8)
	  ->  Index Scan using sbtest7_pkey on sbtest7  (cost=0.43..40.75 rows=10 width=4)
	        Index Cond: ((id >= 589216) AND (id <= 589225))

table 8 : explain SELECT SUM(k) FROM sbtest8 WHERE id BETWEEN 1663307 AND 1663316
	Aggregate  (cost=43.91..43.92 rows=1 width=8)
	  ->  Index Scan using sbtest8_pkey on sbtest8  (cost=0.43..43.88 rows=11 width=4)
	        Index Cond: ((id >= 1663307) AND (id <= 1663316))

explain: for index_updates :: explain UPDATE sbtest%u SET k=k+1 WHERE id=%u
explain: for index_updates :: explain UPDATE sbtest%u SET k=k+1 WHERE id=%u
for deletes
table 1 : explain DELETE FROM sbtest1 WHERE id=3802509
	Delete on sbtest1  (cost=0.43..8.45 rows=0 width=0)
	  ->  Index Scan using sbtest1_pkey on sbtest1  (cost=0.43..8.45 rows=1 width=6)
	        Index Cond: (id = 3802509)

table 2 : explain DELETE FROM sbtest2 WHERE id=7393826
	Delete on sbtest2  (cost=0.43..8.45 rows=0 width=0)
	  ->  Index Scan using sbtest2_pkey on sbtest2  (cost=0.43..8.45 rows=1 width=6)
	        Index Cond: (id = 7393826)

table 3 : explain DELETE FROM sbtest3 WHERE id=1111074
	Delete on sbtest3  (cost=0.43..8.45 rows=0 width=0)
	  ->  Index Scan using sbtest3_pkey on sbtest3  (cost=0.43..8.45 rows=1 width=6)
	        Index Cond: (id = 1111074)

table 4 : explain DELETE FROM sbtest4 WHERE id=3100900
	Delete on sbtest4  (cost=0.43..8.45 rows=0 width=0)
	  ->  Index Scan using sbtest4_pkey on sbtest4  (cost=0.43..8.45 rows=1 width=6)
	        Index Cond: (id = 3100900)

table 5 : explain DELETE FROM sbtest5 WHERE id=8497086
	Delete on sbtest5  (cost=0.43..8.45 rows=0 width=0)
	  ->  Index Scan using sbtest5_pkey on sbtest5  (cost=0.43..8.45 rows=1 width=6)
	        Index Cond: (id = 8497086)

table 6 : explain DELETE FROM sbtest6 WHERE id=5969801
	Delete on sbtest6  (cost=0.43..8.45 rows=0 width=0)
	  ->  Index Scan using sbtest6_pkey on sbtest6  (cost=0.43..8.45 rows=1 width=6)
	        Index Cond: (id = 5969801)

table 7 : explain DELETE FROM sbtest7 WHERE id=2222858
	Delete on sbtest7  (cost=0.43..8.45 rows=0 width=0)
	  ->  Index Scan using sbtest7_pkey on sbtest7  (cost=0.43..8.45 rows=1 width=6)
	        Index Cond: (id = 2222858)

table 8 : explain DELETE FROM sbtest8 WHERE id=2447366
	Delete on sbtest8  (cost=0.43..8.45 rows=0 width=0)
	  ->  Index Scan using sbtest8_pkey on sbtest8  (cost=0.43..8.45 rows=1 width=6)
	        Index Cond: (id = 2447366)

for non_index_updates
table 1 : explain UPDATE sbtest1 SET c='foobar' WHERE id=2679719
	Update on sbtest1  (cost=0.43..8.45 rows=0 width=0)
	  ->  Index Scan using sbtest1_pkey on sbtest1  (cost=0.43..8.45 rows=1 width=490)
	        Index Cond: (id = 2679719)

table 2 : explain UPDATE sbtest2 SET c='foobar' WHERE id=9133133
	Update on sbtest2  (cost=0.43..8.45 rows=0 width=0)
	  ->  Index Scan using sbtest2_pkey on sbtest2  (cost=0.43..8.45 rows=1 width=490)
	        Index Cond: (id = 9133133)

table 3 : explain UPDATE sbtest3 SET c='foobar' WHERE id=546947
	Update on sbtest3  (cost=0.43..8.45 rows=0 width=0)
	  ->  Index Scan using sbtest3_pkey on sbtest3  (cost=0.43..8.45 rows=1 width=490)
	        Index Cond: (id = 546947)

table 4 : explain UPDATE sbtest4 SET c='foobar' WHERE id=837351
	Update on sbtest4  (cost=0.43..8.45 rows=0 width=0)
	  ->  Index Scan using sbtest4_pkey on sbtest4  (cost=0.43..8.45 rows=1 width=490)
	        Index Cond: (id = 837351)

table 5 : explain UPDATE sbtest5 SET c='foobar' WHERE id=4832243
	Update on sbtest5  (cost=0.43..8.45 rows=0 width=0)
	  ->  Index Scan using sbtest5_pkey on sbtest5  (cost=0.43..8.45 rows=1 width=490)
	        Index Cond: (id = 4832243)

table 6 : explain UPDATE sbtest6 SET c='foobar' WHERE id=5866553
	Update on sbtest6  (cost=0.43..8.45 rows=0 width=0)
	  ->  Index Scan using sbtest6_pkey on sbtest6  (cost=0.43..8.45 rows=1 width=490)
	        Index Cond: (id = 5866553)

table 7 : explain UPDATE sbtest7 SET c='foobar' WHERE id=2062555
	Update on sbtest7  (cost=0.43..8.45 rows=0 width=0)
	  ->  Index Scan using sbtest7_pkey on sbtest7  (cost=0.43..8.45 rows=1 width=490)
	        Index Cond: (id = 2062555)

table 8 : explain UPDATE sbtest8 SET c='foobar' WHERE id=8320284
	Update on sbtest8  (cost=0.43..8.45 rows=0 width=0)
	  ->  Index Scan using sbtest8_pkey on sbtest8  (cost=0.43..8.45 rows=1 width=490)
	        Index Cond: (id = 8320284)

for deletes
table 1 : explain DELETE FROM sbtest1 WHERE id=8126048
	Delete on sbtest1  (cost=0.43..8.45 rows=0 width=0)
	  ->  Index Scan using sbtest1_pkey on sbtest1  (cost=0.43..8.45 rows=1 width=6)
	        Index Cond: (id = 8126048)

table 2 : explain DELETE FROM sbtest2 WHERE id=8647473
	Delete on sbtest2  (cost=0.43..8.45 rows=0 width=0)
	  ->  Index Scan using sbtest2_pkey on sbtest2  (cost=0.43..8.45 rows=1 width=6)
	        Index Cond: (id = 8647473)

table 3 : explain DELETE FROM sbtest3 WHERE id=7040605
	Delete on sbtest3  (cost=0.43..8.45 rows=0 width=0)
	  ->  Index Scan using sbtest3_pkey on sbtest3  (cost=0.43..8.45 rows=1 width=6)
	        Index Cond: (id = 7040605)

table 4 : explain DELETE FROM sbtest4 WHERE id=7315799
	Delete on sbtest4  (cost=0.43..8.45 rows=0 width=0)
	  ->  Index Scan using sbtest4_pkey on sbtest4  (cost=0.43..8.45 rows=1 width=6)
	        Index Cond: (id = 7315799)

table 5 : explain DELETE FROM sbtest5 WHERE id=9305571
	Delete on sbtest5  (cost=0.43..8.45 rows=0 width=0)
	  ->  Index Scan using sbtest5_pkey on sbtest5  (cost=0.43..8.45 rows=1 width=6)
	        Index Cond: (id = 9305571)

table 6 : explain DELETE FROM sbtest6 WHERE id=2209529
	Delete on sbtest6  (cost=0.43..8.45 rows=0 width=0)
	  ->  Index Scan using sbtest6_pkey on sbtest6  (cost=0.43..8.45 rows=1 width=6)
	        Index Cond: (id = 2209529)

table 7 : explain DELETE FROM sbtest7 WHERE id=427045
	Delete on sbtest7  (cost=0.43..8.45 rows=0 width=0)
	  ->  Index Scan using sbtest7_pkey on sbtest7  (cost=0.43..8.45 rows=1 width=6)
	        Index Cond: (id = 427045)

table 8 : explain DELETE FROM sbtest8 WHERE id=9113383
	Delete on sbtest8  (cost=0.43..8.45 rows=0 width=0)
	  ->  Index Scan using sbtest8_pkey on sbtest8  (cost=0.43..8.45 rows=1 width=6)
	        Index Cond: (id = 9113383)

for: sum_ranges
table 1 : explain SELECT SUM(k) FROM sbtest1 WHERE id BETWEEN 4528125 AND 4528134
	Aggregate  (cost=40.90..40.91 rows=1 width=8)
	  ->  Index Scan using sbtest1_pkey on sbtest1  (cost=0.43..40.88 rows=10 width=4)
	        Index Cond: ((id >= 4528125) AND (id <= 4528134))

table 2 : explain SELECT SUM(k) FROM sbtest2 WHERE id BETWEEN 7398118 AND 7398127
	Aggregate  (cost=40.91..40.92 rows=1 width=8)
	  ->  Index Scan using sbtest2_pkey on sbtest2  (cost=0.43..40.89 rows=10 width=4)
	        Index Cond: ((id >= 7398118) AND (id <= 7398127))

table 3 : explain SELECT SUM(k) FROM sbtest3 WHERE id BETWEEN 721396 AND 721405
	Aggregate  (cost=40.76..40.77 rows=1 width=8)
	  ->  Index Scan using sbtest3_pkey on sbtest3  (cost=0.43..40.73 rows=10 width=4)
	        Index Cond: ((id >= 721396) AND (id <= 721405))

table 4 : explain SELECT SUM(k) FROM sbtest4 WHERE id BETWEEN 2031296 AND 2031305
	Aggregate  (cost=40.46..40.47 rows=1 width=8)
	  ->  Index Scan using sbtest4_pkey on sbtest4  (cost=0.43..40.43 rows=10 width=4)
	        Index Cond: ((id >= 2031296) AND (id <= 2031305))

table 5 : explain SELECT SUM(k) FROM sbtest5 WHERE id BETWEEN 4601512 AND 4601521
	Aggregate  (cost=40.73..40.74 rows=1 width=8)
	  ->  Index Scan using sbtest5_pkey on sbtest5  (cost=0.43..40.70 rows=10 width=4)
	        Index Cond: ((id >= 4601512) AND (id <= 4601521))

table 6 : explain SELECT SUM(k) FROM sbtest6 WHERE id BETWEEN 7359045 AND 7359054
	Aggregate  (cost=37.16..37.17 rows=1 width=8)
	  ->  Index Scan using sbtest6_pkey on sbtest6  (cost=0.43..37.14 rows=9 width=4)
	        Index Cond: ((id >= 7359045) AND (id <= 7359054))

table 7 : explain SELECT SUM(k) FROM sbtest7 WHERE id BETWEEN 8716204 AND 8716213
	Aggregate  (cost=40.77..40.78 rows=1 width=8)
	  ->  Index Scan using sbtest7_pkey on sbtest7  (cost=0.43..40.75 rows=10 width=4)
	        Index Cond: ((id >= 8716204) AND (id <= 8716213))

table 8 : explain SELECT SUM(k) FROM sbtest8 WHERE id BETWEEN 8449962 AND 8449971
	Aggregate  (cost=40.36..40.37 rows=1 width=8)
	  ->  Index Scan using sbtest8_pkey on sbtest8  (cost=0.43..40.34 rows=10 width=4)
	        Index Cond: ((id >= 8449962) AND (id <= 8449971))

for: sum_ranges
table 1 : explain SELECT SUM(k) FROM sbtest1 WHERE id BETWEEN 3805411 AND 3805420
	Aggregate  (cost=40.90..40.91 rows=1 width=8)
	  ->  Index Scan using sbtest1_pkey on sbtest1  (cost=0.43..40.88 rows=10 width=4)
	        Index Cond: ((id >= 3805411) AND (id <= 3805420))

table 2 : explain SELECT SUM(k) FROM sbtest2 WHERE id BETWEEN 1210126 AND 1210135
	Aggregate  (cost=37.31..37.32 rows=1 width=8)
	  ->  Index Scan using sbtest2_pkey on sbtest2  (cost=0.43..37.28 rows=9 width=4)
	        Index Cond: ((id >= 1210126) AND (id <= 1210135))

table 3 : explain SELECT SUM(k) FROM sbtest3 WHERE id BETWEEN 5608181 AND 5608190
	Aggregate  (cost=40.76..40.77 rows=1 width=8)
	  ->  Index Scan using sbtest3_pkey on sbtest3  (cost=0.43..40.73 rows=10 width=4)
	        Index Cond: ((id >= 5608181) AND (id <= 5608190))

table 4 : explain SELECT SUM(k) FROM sbtest4 WHERE id BETWEEN 7814889 AND 7814898
	Aggregate  (cost=40.46..40.47 rows=1 width=8)
	  ->  Index Scan using sbtest4_pkey on sbtest4  (cost=0.43..40.43 rows=10 width=4)
	        Index Cond: ((id >= 7814889) AND (id <= 7814898))

table 5 : explain SELECT SUM(k) FROM sbtest5 WHERE id BETWEEN 4840834 AND 4840843
	Aggregate  (cost=37.14..37.15 rows=1 width=8)
	  ->  Index Scan using sbtest5_pkey on sbtest5  (cost=0.43..37.12 rows=9 width=4)
	        Index Cond: ((id >= 4840834) AND (id <= 4840843))

table 6 : explain SELECT SUM(k) FROM sbtest6 WHERE id BETWEEN 5803165 AND 5803174
	Aggregate  (cost=40.75..40.76 rows=1 width=8)
	  ->  Index Scan using sbtest6_pkey on sbtest6  (cost=0.43..40.72 rows=10 width=4)
	        Index Cond: ((id >= 5803165) AND (id <= 5803174))

table 7 : explain SELECT SUM(k) FROM sbtest7 WHERE id BETWEEN 6686836 AND 6686845
	Aggregate  (cost=44.36..44.37 rows=1 width=8)
	  ->  Index Scan using sbtest7_pkey on sbtest7  (cost=0.43..44.34 rows=11 width=4)
	        Index Cond: ((id >= 6686836) AND (id <= 6686845))

table 8 : explain SELECT SUM(k) FROM sbtest8 WHERE id BETWEEN 3665507 AND 3665516
	Aggregate  (cost=36.82..36.83 rows=1 width=8)
	  ->  Index Scan using sbtest8_pkey on sbtest8  (cost=0.43..36.79 rows=9 width=4)
	        Index Cond: ((id >= 3665507) AND (id <= 3665516))

explain: for inserts :: explain INSERT INTO sbtest%u (id, k, c, pad) VALUES (%u, 13, 'foobar', 'foobar')
for: sum_ranges
table 1 : explain SELECT SUM(k) FROM sbtest1 WHERE id BETWEEN 8138727 AND 8138736
	Aggregate  (cost=40.90..40.91 rows=1 width=8)
	  ->  Index Scan using sbtest1_pkey on sbtest1  (cost=0.43..40.88 rows=10 width=4)
	        Index Cond: ((id >= 8138727) AND (id <= 8138736))

table 2 : explain SELECT SUM(k) FROM sbtest2 WHERE id BETWEEN 1362532 AND 1362541
	Aggregate  (cost=40.91..40.92 rows=1 width=8)
	  ->  Index Scan using sbtest2_pkey on sbtest2  (cost=0.43..40.89 rows=10 width=4)
	        Index Cond: ((id >= 1362532) AND (id <= 1362541))

table 3 : explain SELECT SUM(k) FROM sbtest3 WHERE id BETWEEN 2555244 AND 2555253
	Aggregate  (cost=40.76..40.77 rows=1 width=8)
	  ->  Index Scan using sbtest3_pkey on sbtest3  (cost=0.43..40.73 rows=10 width=4)
	        Index Cond: ((id >= 2555244) AND (id <= 2555253))

table 4 : explain SELECT SUM(k) FROM sbtest4 WHERE id BETWEEN 4733225 AND 4733234
	Aggregate  (cost=40.46..40.47 rows=1 width=8)
	  ->  Index Scan using sbtest4_pkey on sbtest4  (cost=0.43..40.43 rows=10 width=4)
	        Index Cond: ((id >= 4733225) AND (id <= 4733234))

table 5 : explain SELECT SUM(k) FROM sbtest5 WHERE id BETWEEN 2850977 AND 2850986
	Aggregate  (cost=40.73..40.74 rows=1 width=8)
	  ->  Index Scan using sbtest5_pkey on sbtest5  (cost=0.43..40.70 rows=10 width=4)
	        Index Cond: ((id >= 2850977) AND (id <= 2850986))

table 6 : explain SELECT SUM(k) FROM sbtest6 WHERE id BETWEEN 5933213 AND 5933222
	Aggregate  (cost=40.75..40.76 rows=1 width=8)
	  ->  Index Scan using sbtest6_pkey on sbtest6  (cost=0.43..40.72 rows=10 width=4)
	        Index Cond: ((id >= 5933213) AND (id <= 5933222))

table 7 : explain SELECT SUM(k) FROM sbtest7 WHERE id BETWEEN 2630983 AND 2630992
	Aggregate  (cost=44.36..44.37 rows=1 width=8)
	  ->  Index Scan using sbtest7_pkey on sbtest7  (cost=0.43..44.34 rows=11 width=4)
	        Index Cond: ((id >= 2630983) AND (id <= 2630992))

table 8 : explain SELECT SUM(k) FROM sbtest8 WHERE id BETWEEN 285574 AND 285583
	Aggregate  (cost=40.36..40.37 rows=1 width=8)
	  ->  Index Scan using sbtest8_pkey on sbtest8  (cost=0.43..40.34 rows=10 width=4)
	        Index Cond: ((id >= 285574) AND (id <= 285583))

explain: for deletes :: explain DELETE FROM sbtest%u WHERE id=%u
explain: for non_index_updates :: explain UPDATE sbtest%u SET c='foobar' WHERE id=%u
for index_updates
table 1 : explain UPDATE sbtest1 SET k=k+1 WHERE id=6438463
	Update on sbtest1  (cost=0.43..8.46 rows=0 width=0)
	  ->  Index Scan using sbtest1_pkey on sbtest1  (cost=0.43..8.46 rows=1 width=10)
	        Index Cond: (id = 6438463)

table 2 : explain UPDATE sbtest2 SET k=k+1 WHERE id=6706976
	Update on sbtest2  (cost=0.43..8.46 rows=0 width=0)
	  ->  Index Scan using sbtest2_pkey on sbtest2  (cost=0.43..8.46 rows=1 width=10)
	        Index Cond: (id = 6706976)

table 3 : explain UPDATE sbtest3 SET k=k+1 WHERE id=4550060
	Update on sbtest3  (cost=0.43..8.46 rows=0 width=0)
	  ->  Index Scan using sbtest3_pkey on sbtest3  (cost=0.43..8.46 rows=1 width=10)
	        Index Cond: (id = 4550060)

table 4 : explain UPDATE sbtest4 SET k=k+1 WHERE id=6970750
	Update on sbtest4  (cost=0.43..8.46 rows=0 width=0)
	  ->  Index Scan using sbtest4_pkey on sbtest4  (cost=0.43..8.46 rows=1 width=10)
	        Index Cond: (id = 6970750)

table 5 : explain UPDATE sbtest5 SET k=k+1 WHERE id=9353792
	Update on sbtest5  (cost=0.43..8.46 rows=0 width=0)
	  ->  Index Scan using sbtest5_pkey on sbtest5  (cost=0.43..8.46 rows=1 width=10)
	        Index Cond: (id = 9353792)

table 6 : explain UPDATE sbtest6 SET k=k+1 WHERE id=3366797
	Update on sbtest6  (cost=0.43..8.46 rows=0 width=0)
	  ->  Index Scan using sbtest6_pkey on sbtest6  (cost=0.43..8.46 rows=1 width=10)
	        Index Cond: (id = 3366797)

table 7 : explain UPDATE sbtest7 SET k=k+1 WHERE id=2792634
	Update on sbtest7  (cost=0.43..8.46 rows=0 width=0)
	  ->  Index Scan using sbtest7_pkey on sbtest7  (cost=0.43..8.46 rows=1 width=10)
	        Index Cond: (id = 2792634)

table 8 : explain UPDATE sbtest8 SET k=k+1 WHERE id=5539871
	Update on sbtest8  (cost=0.43..8.46 rows=0 width=0)
	  ->  Index Scan using sbtest8_pkey on sbtest8  (cost=0.43..8.46 rows=1 width=10)
	        Index Cond: (id = 5539871)

for point_selects
table 1 : explain SELECT c FROM sbtest1 WHERE id=7440077
	Index Scan using sbtest1_pkey on sbtest1  (cost=0.43..8.45 rows=1 width=121)
	  Index Cond: (id = 7440077)

table 2 : explain SELECT c FROM sbtest2 WHERE id=3715196
	Index Scan using sbtest2_pkey on sbtest2  (cost=0.43..8.45 rows=1 width=121)
	  Index Cond: (id = 3715196)

table 3 : explain SELECT c FROM sbtest3 WHERE id=2427180
	Index Scan using sbtest3_pkey on sbtest3  (cost=0.43..8.45 rows=1 width=121)
	  Index Cond: (id = 2427180)

table 4 : explain SELECT c FROM sbtest4 WHERE id=510371
	Index Scan using sbtest4_pkey on sbtest4  (cost=0.43..8.45 rows=1 width=121)
	  Index Cond: (id = 510371)

table 5 : explain SELECT c FROM sbtest5 WHERE id=5745046
	Index Scan using sbtest5_pkey on sbtest5  (cost=0.43..8.45 rows=1 width=121)
	  Index Cond: (id = 5745046)

table 6 : explain SELECT c FROM sbtest6 WHERE id=2308603
	Index Scan using sbtest6_pkey on sbtest6  (cost=0.43..8.45 rows=1 width=121)
	  Index Cond: (id = 2308603)

table 7 : explain SELECT c FROM sbtest7 WHERE id=6470759
	Index Scan using sbtest7_pkey on sbtest7  (cost=0.43..8.45 rows=1 width=121)
	  Index Cond: (id = 6470759)

table 8 : explain SELECT c FROM sbtest8 WHERE id=2601994
	Index Scan using sbtest8_pkey on sbtest8  (cost=0.43..8.45 rows=1 width=121)
	  Index Cond: (id = 2601994)

for deletes
table 1 : explain DELETE FROM sbtest1 WHERE id=6854594
	Delete on sbtest1  (cost=0.43..8.45 rows=0 width=0)
	  ->  Index Scan using sbtest1_pkey on sbtest1  (cost=0.43..8.45 rows=1 width=6)
	        Index Cond: (id = 6854594)

table 2 : explain DELETE FROM sbtest2 WHERE id=8901392
	Delete on sbtest2  (cost=0.43..8.45 rows=0 width=0)
	  ->  Index Scan using sbtest2_pkey on sbtest2  (cost=0.43..8.45 rows=1 width=6)
	        Index Cond: (id = 8901392)

table 3 : explain DELETE FROM sbtest3 WHERE id=3785355
	Delete on sbtest3  (cost=0.43..8.45 rows=0 width=0)
	  ->  Index Scan using sbtest3_pkey on sbtest3  (cost=0.43..8.45 rows=1 width=6)
	        Index Cond: (id = 3785355)

table 4 : explain DELETE FROM sbtest4 WHERE id=2890653
	Delete on sbtest4  (cost=0.43..8.45 rows=0 width=0)
	  ->  Index Scan using sbtest4_pkey on sbtest4  (cost=0.43..8.45 rows=1 width=6)
	        Index Cond: (id = 2890653)

table 5 : explain DELETE FROM sbtest5 WHERE id=6781630
	Delete on sbtest5  (cost=0.43..8.45 rows=0 width=0)
	  ->  Index Scan using sbtest5_pkey on sbtest5  (cost=0.43..8.45 rows=1 width=6)
	        Index Cond: (id = 6781630)

table 6 : explain DELETE FROM sbtest6 WHERE id=9170083
	Delete on sbtest6  (cost=0.43..8.45 rows=0 width=0)
	  ->  Index Scan using sbtest6_pkey on sbtest6  (cost=0.43..8.45 rows=1 width=6)
	        Index Cond: (id = 9170083)

table 7 : explain DELETE FROM sbtest7 WHERE id=8061492
	Delete on sbtest7  (cost=0.43..8.45 rows=0 width=0)
	  ->  Index Scan using sbtest7_pkey on sbtest7  (cost=0.43..8.45 rows=1 width=6)
	        Index Cond: (id = 8061492)

table 8 : explain DELETE FROM sbtest8 WHERE id=3126332
	Delete on sbtest8  (cost=0.43..8.45 rows=0 width=0)
	  ->  Index Scan using sbtest8_pkey on sbtest8  (cost=0.43..8.45 rows=1 width=6)
	        Index Cond: (id = 3126332)

for index_updates
table 1 : explain UPDATE sbtest1 SET k=k+1 WHERE id=8972808
	Update on sbtest1  (cost=0.43..8.46 rows=0 width=0)
	  ->  Index Scan using sbtest1_pkey on sbtest1  (cost=0.43..8.46 rows=1 width=10)
	        Index Cond: (id = 8972808)

table 2 : explain UPDATE sbtest2 SET k=k+1 WHERE id=9373061
	Update on sbtest2  (cost=0.43..8.46 rows=0 width=0)
	  ->  Index Scan using sbtest2_pkey on sbtest2  (cost=0.43..8.46 rows=1 width=10)
	        Index Cond: (id = 9373061)

table 3 : explain UPDATE sbtest3 SET k=k+1 WHERE id=3405821
	Update on sbtest3  (cost=0.43..8.46 rows=0 width=0)
	  ->  Index Scan using sbtest3_pkey on sbtest3  (cost=0.43..8.46 rows=1 width=10)
	        Index Cond: (id = 3405821)

table 4 : explain UPDATE sbtest4 SET k=k+1 WHERE id=169039
	Update on sbtest4  (cost=0.43..8.46 rows=0 width=0)
	  ->  Index Scan using sbtest4_pkey on sbtest4  (cost=0.43..8.46 rows=1 width=10)
	        Index Cond: (id = 169039)

table 5 : explain UPDATE sbtest5 SET k=k+1 WHERE id=6816576
	Update on sbtest5  (cost=0.43..8.46 rows=0 width=0)
	  ->  Index Scan using sbtest5_pkey on sbtest5  (cost=0.43..8.46 rows=1 width=10)
	        Index Cond: (id = 6816576)

table 6 : explain UPDATE sbtest6 SET k=k+1 WHERE id=8635191
	Update on sbtest6  (cost=0.43..8.46 rows=0 width=0)
	  ->  Index Scan using sbtest6_pkey on sbtest6  (cost=0.43..8.46 rows=1 width=10)
	        Index Cond: (id = 8635191)

table 7 : explain UPDATE sbtest7 SET k=k+1 WHERE id=4101272
	Update on sbtest7  (cost=0.43..8.46 rows=0 width=0)
	  ->  Index Scan using sbtest7_pkey on sbtest7  (cost=0.43..8.46 rows=1 width=10)
	        Index Cond: (id = 4101272)

table 8 : explain UPDATE sbtest8 SET k=k+1 WHERE id=9617795
	Update on sbtest8  (cost=0.43..8.46 rows=0 width=0)
	  ->  Index Scan using sbtest8_pkey on sbtest8  (cost=0.43..8.46 rows=1 width=10)
	        Index Cond: (id = 9617795)

for: order_ranges
table 1 : explain SELECT c FROM sbtest1 WHERE id BETWEEN 4967883 AND 4967892 ORDER BY c
	Sort  (cost=41.04..41.07 rows=10 width=121)
	  Sort Key: c
	  ->  Index Scan using sbtest1_pkey on sbtest1  (cost=0.43..40.88 rows=10 width=121)
	        Index Cond: ((id >= 4967883) AND (id <= 4967892))

table 2 : explain SELECT c FROM sbtest2 WHERE id BETWEEN 6032206 AND 6032215 ORDER BY c
	Sort  (cost=41.05..41.08 rows=10 width=121)
	  Sort Key: c
	  ->  Index Scan using sbtest2_pkey on sbtest2  (cost=0.43..40.89 rows=10 width=121)
	        Index Cond: ((id >= 6032206) AND (id <= 6032215))

table 3 : explain SELECT c FROM sbtest3 WHERE id BETWEEN 2826741 AND 2826750 ORDER BY c
	Sort  (cost=40.90..40.93 rows=10 width=121)
	  Sort Key: c
	  ->  Index Scan using sbtest3_pkey on sbtest3  (cost=0.43..40.73 rows=10 width=121)
	        Index Cond: ((id >= 2826741) AND (id <= 2826750))

table 4 : explain SELECT c FROM sbtest4 WHERE id BETWEEN 5945308 AND 5945317 ORDER BY c
	Sort  (cost=44.18..44.20 rows=11 width=121)
	  Sort Key: c
	  ->  Index Scan using sbtest4_pkey on sbtest4  (cost=0.43..43.98 rows=11 width=121)
	        Index Cond: ((id >= 5945308) AND (id <= 5945317))

table 5 : explain SELECT c FROM sbtest5 WHERE id BETWEEN 9759531 AND 9759540 ORDER BY c
	Sort  (cost=44.48..44.50 rows=11 width=121)
	  Sort Key: c
	  ->  Index Scan using sbtest5_pkey on sbtest5  (cost=0.43..44.29 rows=11 width=121)
	        Index Cond: ((id >= 9759531) AND (id <= 9759540))

table 6 : explain SELECT c FROM sbtest6 WHERE id BETWEEN 3126396 AND 3126405 ORDER BY c
	Sort  (cost=40.89..40.91 rows=10 width=121)
	  Sort Key: c
	  ->  Index Scan using sbtest6_pkey on sbtest6  (cost=0.43..40.72 rows=10 width=121)
	        Index Cond: ((id >= 3126396) AND (id <= 3126405))

table 7 : explain SELECT c FROM sbtest7 WHERE id BETWEEN 5112658 AND 5112667 ORDER BY c
	Sort  (cost=37.30..37.33 rows=9 width=121)
	  Sort Key: c
	  ->  Index Scan using sbtest7_pkey on sbtest7  (cost=0.43..37.16 rows=9 width=121)
	        Index Cond: ((id >= 5112658) AND (id <= 5112667))

table 8 : explain SELECT c FROM sbtest8 WHERE id BETWEEN 5469145 AND 5469154 ORDER BY c
	Sort  (cost=40.50..40.53 rows=10 width=121)
	  Sort Key: c
	  ->  Index Scan using sbtest8_pkey on sbtest8  (cost=0.43..40.34 rows=10 width=121)
	        Index Cond: ((id >= 5469145) AND (id <= 5469154))

for inserts
table 1 : explain INSERT INTO sbtest1 (id, k, c, pad) VALUES (110373, 13, 'foobar', 'foobar')
	Insert on sbtest1  (cost=0.00..0.01 rows=0 width=0)
	  ->  Result  (cost=0.00..0.01 rows=1 width=736)

table 2 : explain INSERT INTO sbtest2 (id, k, c, pad) VALUES (9428055, 13, 'foobar', 'foobar')
	Insert on sbtest2  (cost=0.00..0.01 rows=0 width=0)
	  ->  Result  (cost=0.00..0.01 rows=1 width=736)

table 3 : explain INSERT INTO sbtest3 (id, k, c, pad) VALUES (9452862, 13, 'foobar', 'foobar')
	Insert on sbtest3  (cost=0.00..0.01 rows=0 width=0)
	  ->  Result  (cost=0.00..0.01 rows=1 width=736)

table 4 : explain INSERT INTO sbtest4 (id, k, c, pad) VALUES (4767032, 13, 'foobar', 'foobar')
	Insert on sbtest4  (cost=0.00..0.01 rows=0 width=0)
	  ->  Result  (cost=0.00..0.01 rows=1 width=736)

table 5 : explain INSERT INTO sbtest5 (id, k, c, pad) VALUES (4303990, 13, 'foobar', 'foobar')
	Insert on sbtest5  (cost=0.00..0.01 rows=0 width=0)
	  ->  Result  (cost=0.00..0.01 rows=1 width=736)

table 6 : explain INSERT INTO sbtest6 (id, k, c, pad) VALUES (9731278, 13, 'foobar', 'foobar')
	Insert on sbtest6  (cost=0.00..0.01 rows=0 width=0)
	  ->  Result  (cost=0.00..0.01 rows=1 width=736)

table 7 : explain INSERT INTO sbtest7 (id, k, c, pad) VALUES (6776339, 13, 'foobar', 'foobar')
	Insert on sbtest7  (cost=0.00..0.01 rows=0 width=0)
	  ->  Result  (cost=0.00..0.01 rows=1 width=736)

table 8 : explain INSERT INTO sbtest8 (id, k, c, pad) VALUES (2144405, 13, 'foobar', 'foobar')
	Insert on sbtest8  (cost=0.00..0.01 rows=0 width=0)
	  ->  Result  (cost=0.00..0.01 rows=1 width=736)

explain: for inserts :: explain INSERT INTO sbtest%u (id, k, c, pad) VALUES (%u, 13, 'foobar', 'foobar')
for: sum_ranges
table 1 : explain SELECT SUM(k) FROM sbtest1 WHERE id BETWEEN 5932734 AND 5932743
	Aggregate  (cost=40.90..40.91 rows=1 width=8)
	  ->  Index Scan using sbtest1_pkey on sbtest1  (cost=0.43..40.88 rows=10 width=4)
	        Index Cond: ((id >= 5932734) AND (id <= 5932743))

table 2 : explain SELECT SUM(k) FROM sbtest2 WHERE id BETWEEN 8855554 AND 8855563
	Aggregate  (cost=44.52..44.53 rows=1 width=8)
	  ->  Index Scan using sbtest2_pkey on sbtest2  (cost=0.43..44.49 rows=11 width=4)
	        Index Cond: ((id >= 8855554) AND (id <= 8855563))

table 3 : explain SELECT SUM(k) FROM sbtest3 WHERE id BETWEEN 3840164 AND 3840173
	Aggregate  (cost=37.17..37.18 rows=1 width=8)
	  ->  Index Scan using sbtest3_pkey on sbtest3  (cost=0.43..37.15 rows=9 width=4)
	        Index Cond: ((id >= 3840164) AND (id <= 3840173))

table 4 : explain SELECT SUM(k) FROM sbtest4 WHERE id BETWEEN 9635840 AND 9635849
	Aggregate  (cost=40.46..40.47 rows=1 width=8)
	  ->  Index Scan using sbtest4_pkey on sbtest4  (cost=0.43..40.43 rows=10 width=4)
	        Index Cond: ((id >= 9635840) AND (id <= 9635849))

table 5 : explain SELECT SUM(k) FROM sbtest5 WHERE id BETWEEN 8798304 AND 8798313
	Aggregate  (cost=44.31..44.32 rows=1 width=8)
	  ->  Index Scan using sbtest5_pkey on sbtest5  (cost=0.43..44.29 rows=11 width=4)
	        Index Cond: ((id >= 8798304) AND (id <= 8798313))

table 6 : explain SELECT SUM(k) FROM sbtest6 WHERE id BETWEEN 7946478 AND 7946487
	Aggregate  (cost=40.75..40.76 rows=1 width=8)
	  ->  Index Scan using sbtest6_pkey on sbtest6  (cost=0.43..40.72 rows=10 width=4)
	        Index Cond: ((id >= 7946478) AND (id <= 7946487))

table 7 : explain SELECT SUM(k) FROM sbtest7 WHERE id BETWEEN 2513462 AND 2513471
	Aggregate  (cost=40.77..40.78 rows=1 width=8)
	  ->  Index Scan using sbtest7_pkey on sbtest7  (cost=0.43..40.75 rows=10 width=4)
	        Index Cond: ((id >= 2513462) AND (id <= 2513471))

table 8 : explain SELECT SUM(k) FROM sbtest8 WHERE id BETWEEN 3611644 AND 3611653
	Aggregate  (cost=36.82..36.83 rows=1 width=8)
	  ->  Index Scan using sbtest8_pkey on sbtest8  (cost=0.43..36.79 rows=9 width=4)
	        Index Cond: ((id >= 3611644) AND (id <= 3611653))

for deletes
table 1 : explain DELETE FROM sbtest1 WHERE id=5095156
	Delete on sbtest1  (cost=0.43..8.45 rows=0 width=0)
	  ->  Index Scan using sbtest1_pkey on sbtest1  (cost=0.43..8.45 rows=1 width=6)
	        Index Cond: (id = 5095156)

table 2 : explain DELETE FROM sbtest2 WHERE id=374170
	Delete on sbtest2  (cost=0.43..8.45 rows=0 width=0)
	  ->  Index Scan using sbtest2_pkey on sbtest2  (cost=0.43..8.45 rows=1 width=6)
	        Index Cond: (id = 374170)

table 3 : explain DELETE FROM sbtest3 WHERE id=2783089
	Delete on sbtest3  (cost=0.43..8.45 rows=0 width=0)
	  ->  Index Scan using sbtest3_pkey on sbtest3  (cost=0.43..8.45 rows=1 width=6)
	        Index Cond: (id = 2783089)

table 4 : explain DELETE FROM sbtest4 WHERE id=3544391
	Delete on sbtest4  (cost=0.43..8.45 rows=0 width=0)
	  ->  Index Scan using sbtest4_pkey on sbtest4  (cost=0.43..8.45 rows=1 width=6)
	        Index Cond: (id = 3544391)

table 5 : explain DELETE FROM sbtest5 WHERE id=5319800
	Delete on sbtest5  (cost=0.43..8.45 rows=0 width=0)
	  ->  Index Scan using sbtest5_pkey on sbtest5  (cost=0.43..8.45 rows=1 width=6)
	        Index Cond: (id = 5319800)

table 6 : explain DELETE FROM sbtest6 WHERE id=3772651
	Delete on sbtest6  (cost=0.43..8.45 rows=0 width=0)
	  ->  Index Scan using sbtest6_pkey on sbtest6  (cost=0.43..8.45 rows=1 width=6)
	        Index Cond: (id = 3772651)

table 7 : explain DELETE FROM sbtest7 WHERE id=9916979
	Delete on sbtest7  (cost=0.43..8.45 rows=0 width=0)
	  ->  Index Scan using sbtest7_pkey on sbtest7  (cost=0.43..8.45 rows=1 width=6)
	        Index Cond: (id = 9916979)

table 8 : explain DELETE FROM sbtest8 WHERE id=6185441
	Delete on sbtest8  (cost=0.43..8.45 rows=0 width=0)
	  ->  Index Scan using sbtest8_pkey on sbtest8  (cost=0.43..8.45 rows=1 width=6)
	        Index Cond: (id = 6185441)

for inserts
table 1 : explain INSERT INTO sbtest1 (id, k, c, pad) VALUES (4013838, 13, 'foobar', 'foobar')
	Insert on sbtest1  (cost=0.00..0.01 rows=0 width=0)
	  ->  Result  (cost=0.00..0.01 rows=1 width=736)

table 2 : explain INSERT INTO sbtest2 (id, k, c, pad) VALUES (2081417, 13, 'foobar', 'foobar')
	Insert on sbtest2  (cost=0.00..0.01 rows=0 width=0)
	  ->  Result  (cost=0.00..0.01 rows=1 width=736)

table 3 : explain INSERT INTO sbtest3 (id, k, c, pad) VALUES (8828505, 13, 'foobar', 'foobar')
	Insert on sbtest3  (cost=0.00..0.01 rows=0 width=0)
	  ->  Result  (cost=0.00..0.01 rows=1 width=736)

table 4 : explain INSERT INTO sbtest4 (id, k, c, pad) VALUES (9429647, 13, 'foobar', 'foobar')
	Insert on sbtest4  (cost=0.00..0.01 rows=0 width=0)
	  ->  Result  (cost=0.00..0.01 rows=1 width=736)

table 5 : explain INSERT INTO sbtest5 (id, k, c, pad) VALUES (6898708, 13, 'foobar', 'foobar')
	Insert on sbtest5  (cost=0.00..0.01 rows=0 width=0)
	  ->  Result  (cost=0.00..0.01 rows=1 width=736)

table 6 : explain INSERT INTO sbtest6 (id, k, c, pad) VALUES (6536900, 13, 'foobar', 'foobar')
	Insert on sbtest6  (cost=0.00..0.01 rows=0 width=0)
	  ->  Result  (cost=0.00..0.01 rows=1 width=736)

table 7 : explain INSERT INTO sbtest7 (id, k, c, pad) VALUES (4236543, 13, 'foobar', 'foobar')
	Insert on sbtest7  (cost=0.00..0.01 rows=0 width=0)
	  ->  Result  (cost=0.00..0.01 rows=1 width=736)

table 8 : explain INSERT INTO sbtest8 (id, k, c, pad) VALUES (233465, 13, 'foobar', 'foobar')
	Insert on sbtest8  (cost=0.00..0.01 rows=0 width=0)
	  ->  Result  (cost=0.00..0.01 rows=1 width=736)

explain: for inserts :: explain INSERT INTO sbtest%u (id, k, c, pad) VALUES (%u, 13, 'foobar', 'foobar')
for index_updates
table 1 : explain UPDATE sbtest1 SET k=k+1 WHERE id=7638079
	Update on sbtest1  (cost=0.43..8.46 rows=0 width=0)
	  ->  Index Scan using sbtest1_pkey on sbtest1  (cost=0.43..8.46 rows=1 width=10)
	        Index Cond: (id = 7638079)

table 2 : explain UPDATE sbtest2 SET k=k+1 WHERE id=8761074
	Update on sbtest2  (cost=0.43..8.46 rows=0 width=0)
	  ->  Index Scan using sbtest2_pkey on sbtest2  (cost=0.43..8.46 rows=1 width=10)
	        Index Cond: (id = 8761074)

table 3 : explain UPDATE sbtest3 SET k=k+1 WHERE id=208111
	Update on sbtest3  (cost=0.43..8.46 rows=0 width=0)
	  ->  Index Scan using sbtest3_pkey on sbtest3  (cost=0.43..8.46 rows=1 width=10)
	        Index Cond: (id = 208111)

table 4 : explain UPDATE sbtest4 SET k=k+1 WHERE id=1792579
	Update on sbtest4  (cost=0.43..8.46 rows=0 width=0)
	  ->  Index Scan using sbtest4_pkey on sbtest4  (cost=0.43..8.46 rows=1 width=10)
	        Index Cond: (id = 1792579)

table 5 : explain UPDATE sbtest5 SET k=k+1 WHERE id=3280932
	Update on sbtest5  (cost=0.43..8.46 rows=0 width=0)
	  ->  Index Scan using sbtest5_pkey on sbtest5  (cost=0.43..8.46 rows=1 width=10)
	        Index Cond: (id = 3280932)

table 6 : explain UPDATE sbtest6 SET k=k+1 WHERE id=9317380
	Update on sbtest6  (cost=0.43..8.46 rows=0 width=0)
	  ->  Index Scan using sbtest6_pkey on sbtest6  (cost=0.43..8.46 rows=1 width=10)
	        Index Cond: (id = 9317380)

table 7 : explain UPDATE sbtest7 SET k=k+1 WHERE id=549148
	Update on sbtest7  (cost=0.43..8.46 rows=0 width=0)
	  ->  Index Scan using sbtest7_pkey on sbtest7  (cost=0.43..8.46 rows=1 width=10)
	        Index Cond: (id = 549148)

table 8 : explain UPDATE sbtest8 SET k=k+1 WHERE id=3632295
	Update on sbtest8  (cost=0.43..8.46 rows=0 width=0)
	  ->  Index Scan using sbtest8_pkey on sbtest8  (cost=0.43..8.46 rows=1 width=10)
	        Index Cond: (id = 3632295)

explain: for non_index_updates :: explain UPDATE sbtest%u SET c='foobar' WHERE id=%u
for non_index_updates
table 1 : explain UPDATE sbtest1 SET c='foobar' WHERE id=2379677
	Update on sbtest1  (cost=0.43..8.45 rows=0 width=0)
	  ->  Index Scan using sbtest1_pkey on sbtest1  (cost=0.43..8.45 rows=1 width=490)
	        Index Cond: (id = 2379677)

table 2 : explain UPDATE sbtest2 SET c='foobar' WHERE id=8487085
	Update on sbtest2  (cost=0.43..8.45 rows=0 width=0)
	  ->  Index Scan using sbtest2_pkey on sbtest2  (cost=0.43..8.45 rows=1 width=490)
	        Index Cond: (id = 8487085)

table 3 : explain UPDATE sbtest3 SET c='foobar' WHERE id=6946213
	Update on sbtest3  (cost=0.43..8.45 rows=0 width=0)
	  ->  Index Scan using sbtest3_pkey on sbtest3  (cost=0.43..8.45 rows=1 width=490)
	        Index Cond: (id = 6946213)

table 4 : explain UPDATE sbtest4 SET c='foobar' WHERE id=8214722
	Update on sbtest4  (cost=0.43..8.45 rows=0 width=0)
	  ->  Index Scan using sbtest4_pkey on sbtest4  (cost=0.43..8.45 rows=1 width=490)
	        Index Cond: (id = 8214722)

table 5 : explain UPDATE sbtest5 SET c='foobar' WHERE id=6016432
	Update on sbtest5  (cost=0.43..8.45 rows=0 width=0)
	  ->  Index Scan using sbtest5_pkey on sbtest5  (cost=0.43..8.45 rows=1 width=490)
	        Index Cond: (id = 6016432)

table 6 : explain UPDATE sbtest6 SET c='foobar' WHERE id=9073612
	Update on sbtest6  (cost=0.43..8.45 rows=0 width=0)
	  ->  Index Scan using sbtest6_pkey on sbtest6  (cost=0.43..8.45 rows=1 width=490)
	        Index Cond: (id = 9073612)

table 7 : explain UPDATE sbtest7 SET c='foobar' WHERE id=3070977
	Update on sbtest7  (cost=0.43..8.45 rows=0 width=0)
	  ->  Index Scan using sbtest7_pkey on sbtest7  (cost=0.43..8.45 rows=1 width=490)
	        Index Cond: (id = 3070977)

table 8 : explain UPDATE sbtest8 SET c='foobar' WHERE id=2792775
	Update on sbtest8  (cost=0.43..8.45 rows=0 width=0)
	  ->  Index Scan using sbtest8_pkey on sbtest8  (cost=0.43..8.45 rows=1 width=490)
	        Index Cond: (id = 2792775)

for: simple_ranges
table 1 : explain SELECT c FROM sbtest1 WHERE id BETWEEN 609935 AND 609944
	Index Scan using sbtest1_pkey on sbtest1  (cost=0.43..40.88 rows=10 width=121)
	  Index Cond: ((id >= 609935) AND (id <= 609944))

table 2 : explain SELECT c FROM sbtest2 WHERE id BETWEEN 66053 AND 66062
	Index Scan using sbtest2_pkey on sbtest2  (cost=0.43..40.89 rows=10 width=121)
	  Index Cond: ((id >= 66053) AND (id <= 66062))

table 3 : explain SELECT c FROM sbtest3 WHERE id BETWEEN 6126727 AND 6126736
	Index Scan using sbtest3_pkey on sbtest3  (cost=0.43..37.15 rows=9 width=121)
	  Index Cond: ((id >= 6126727) AND (id <= 6126736))

table 4 : explain SELECT c FROM sbtest4 WHERE id BETWEEN 2443470 AND 2443479
	Index Scan using sbtest4_pkey on sbtest4  (cost=0.43..40.43 rows=10 width=121)
	  Index Cond: ((id >= 2443470) AND (id <= 2443479))

table 5 : explain SELECT c FROM sbtest5 WHERE id BETWEEN 3034000 AND 3034009
	Index Scan using sbtest5_pkey on sbtest5  (cost=0.43..40.70 rows=10 width=121)
	  Index Cond: ((id >= 3034000) AND (id <= 3034009))

table 6 : explain SELECT c FROM sbtest6 WHERE id BETWEEN 3664244 AND 3664253
	Index Scan using sbtest6_pkey on sbtest6  (cost=0.43..40.72 rows=10 width=121)
	  Index Cond: ((id >= 3664244) AND (id <= 3664253))

table 7 : explain SELECT c FROM sbtest7 WHERE id BETWEEN 1537077 AND 1537086
	Index Scan using sbtest7_pkey on sbtest7  (cost=0.43..40.75 rows=10 width=121)
	  Index Cond: ((id >= 1537077) AND (id <= 1537086))

table 8 : explain SELECT c FROM sbtest8 WHERE id BETWEEN 1490915 AND 1490924
	Index Scan using sbtest8_pkey on sbtest8  (cost=0.43..43.88 rows=11 width=121)
	  Index Cond: ((id >= 1490915) AND (id <= 1490924))

for inserts
table 1 : explain INSERT INTO sbtest1 (id, k, c, pad) VALUES (9280270, 13, 'foobar', 'foobar')
	Insert on sbtest1  (cost=0.00..0.01 rows=0 width=0)
	  ->  Result  (cost=0.00..0.01 rows=1 width=736)

table 2 : explain INSERT INTO sbtest2 (id, k, c, pad) VALUES (6822480, 13, 'foobar', 'foobar')
	Insert on sbtest2  (cost=0.00..0.01 rows=0 width=0)
	  ->  Result  (cost=0.00..0.01 rows=1 width=736)

table 3 : explain INSERT INTO sbtest3 (id, k, c, pad) VALUES (5813963, 13, 'foobar', 'foobar')
	Insert on sbtest3  (cost=0.00..0.01 rows=0 width=0)
	  ->  Result  (cost=0.00..0.01 rows=1 width=736)

table 4 : explain INSERT INTO sbtest4 (id, k, c, pad) VALUES (4696699, 13, 'foobar', 'foobar')
	Insert on sbtest4  (cost=0.00..0.01 rows=0 width=0)
	  ->  Result  (cost=0.00..0.01 rows=1 width=736)

table 5 : explain INSERT INTO sbtest5 (id, k, c, pad) VALUES (7518534, 13, 'foobar', 'foobar')
	Insert on sbtest5  (cost=0.00..0.01 rows=0 width=0)
	  ->  Result  (cost=0.00..0.01 rows=1 width=736)

table 6 : explain INSERT INTO sbtest6 (id, k, c, pad) VALUES (5664334, 13, 'foobar', 'foobar')
	Insert on sbtest6  (cost=0.00..0.01 rows=0 width=0)
	  ->  Result  (cost=0.00..0.01 rows=1 width=736)

table 7 : explain INSERT INTO sbtest7 (id, k, c, pad) VALUES (1372593, 13, 'foobar', 'foobar')
	Insert on sbtest7  (cost=0.00..0.01 rows=0 width=0)
	  ->  Result  (cost=0.00..0.01 rows=1 width=736)

table 8 : explain INSERT INTO sbtest8 (id, k, c, pad) VALUES (8483486, 13, 'foobar', 'foobar')
	Insert on sbtest8  (cost=0.00..0.01 rows=0 width=0)
	  ->  Result  (cost=0.00..0.01 rows=1 width=736)

for: order_ranges
table 1 : explain SELECT c FROM sbtest1 WHERE id BETWEEN 8738394 AND 8738403 ORDER BY c
	Sort  (cost=37.42..37.44 rows=9 width=121)
	  Sort Key: c
	  ->  Index Scan using sbtest1_pkey on sbtest1  (cost=0.43..37.28 rows=9 width=121)
	        Index Cond: ((id >= 8738394) AND (id <= 8738403))

table 2 : explain SELECT c FROM sbtest2 WHERE id BETWEEN 5625240 AND 5625249 ORDER BY c
	Sort  (cost=41.05..41.08 rows=10 width=121)
	  Sort Key: c
	  ->  Index Scan using sbtest2_pkey on sbtest2  (cost=0.43..40.89 rows=10 width=121)
	        Index Cond: ((id >= 5625240) AND (id <= 5625249))

table 3 : explain SELECT c FROM sbtest3 WHERE id BETWEEN 199765 AND 199774 ORDER BY c
	Sort  (cost=37.29..37.31 rows=9 width=121)
	  Sort Key: c
	  ->  Index Scan using sbtest3_pkey on sbtest3  (cost=0.43..37.15 rows=9 width=121)
	        Index Cond: ((id >= 199765) AND (id <= 199774))

table 4 : explain SELECT c FROM sbtest4 WHERE id BETWEEN 8538591 AND 8538600 ORDER BY c
	Sort  (cost=44.18..44.20 rows=11 width=121)
	  Sort Key: c
	  ->  Index Scan using sbtest4_pkey on sbtest4  (cost=0.43..43.98 rows=11 width=121)
	        Index Cond: ((id >= 8538591) AND (id <= 8538600))

table 5 : explain SELECT c FROM sbtest5 WHERE id BETWEEN 5872203 AND 5872212 ORDER BY c
	Sort  (cost=40.87..40.89 rows=10 width=121)
	  Sort Key: c
	  ->  Index Scan using sbtest5_pkey on sbtest5  (cost=0.43..40.70 rows=10 width=121)
	        Index Cond: ((id >= 5872203) AND (id <= 5872212))

table 6 : explain SELECT c FROM sbtest6 WHERE id BETWEEN 1773400 AND 1773409 ORDER BY c
	Sort  (cost=44.50..44.52 rows=11 width=121)
	  Sort Key: c
	  ->  Index Scan using sbtest6_pkey on sbtest6  (cost=0.43..44.31 rows=11 width=121)
	        Index Cond: ((id >= 1773400) AND (id <= 1773409))

table 7 : explain SELECT c FROM sbtest7 WHERE id BETWEEN 3286888 AND 3286897 ORDER BY c
	Sort  (cost=40.91..40.94 rows=10 width=121)
	  Sort Key: c
	  ->  Index Scan using sbtest7_pkey on sbtest7  (cost=0.43..40.75 rows=10 width=121)
	        Index Cond: ((id >= 3286888) AND (id <= 3286897))

table 8 : explain SELECT c FROM sbtest8 WHERE id BETWEEN 9573236 AND 9573245 ORDER BY c
	Sort  (cost=40.50..40.53 rows=10 width=121)
	  Sort Key: c
	  ->  Index Scan using sbtest8_pkey on sbtest8  (cost=0.43..40.34 rows=10 width=121)
	        Index Cond: ((id >= 9573236) AND (id <= 9573245))

explain: for deletes :: explain DELETE FROM sbtest%u WHERE id=%u
explain: for non_index_updates :: explain UPDATE sbtest%u SET c='foobar' WHERE id=%u
explain: for inserts :: explain INSERT INTO sbtest%u (id, k, c, pad) VALUES (%u, 13, 'foobar', 'foobar')
for inserts
table 1 : explain INSERT INTO sbtest1 (id, k, c, pad) VALUES (8375492, 13, 'foobar', 'foobar')
	Insert on sbtest1  (cost=0.00..0.01 rows=0 width=0)
	  ->  Result  (cost=0.00..0.01 rows=1 width=736)

table 2 : explain INSERT INTO sbtest2 (id, k, c, pad) VALUES (736132, 13, 'foobar', 'foobar')
	Insert on sbtest2  (cost=0.00..0.01 rows=0 width=0)
	  ->  Result  (cost=0.00..0.01 rows=1 width=736)

table 3 : explain INSERT INTO sbtest3 (id, k, c, pad) VALUES (7857062, 13, 'foobar', 'foobar')
	Insert on sbtest3  (cost=0.00..0.01 rows=0 width=0)
	  ->  Result  (cost=0.00..0.01 rows=1 width=736)

table 4 : explain INSERT INTO sbtest4 (id, k, c, pad) VALUES (6318504, 13, 'foobar', 'foobar')
	Insert on sbtest4  (cost=0.00..0.01 rows=0 width=0)
	  ->  Result  (cost=0.00..0.01 rows=1 width=736)

table 5 : explain INSERT INTO sbtest5 (id, k, c, pad) VALUES (3624951, 13, 'foobar', 'foobar')
	Insert on sbtest5  (cost=0.00..0.01 rows=0 width=0)
	  ->  Result  (cost=0.00..0.01 rows=1 width=736)

table 6 : explain INSERT INTO sbtest6 (id, k, c, pad) VALUES (746650, 13, 'foobar', 'foobar')
	Insert on sbtest6  (cost=0.00..0.01 rows=0 width=0)
	  ->  Result  (cost=0.00..0.01 rows=1 width=736)

table 7 : explain INSERT INTO sbtest7 (id, k, c, pad) VALUES (6549845, 13, 'foobar', 'foobar')
	Insert on sbtest7  (cost=0.00..0.01 rows=0 width=0)
	  ->  Result  (cost=0.00..0.01 rows=1 width=736)

table 8 : explain INSERT INTO sbtest8 (id, k, c, pad) VALUES (6734070, 13, 'foobar', 'foobar')
	Insert on sbtest8  (cost=0.00..0.01 rows=0 width=0)
	  ->  Result  (cost=0.00..0.01 rows=1 width=736)

for: order_ranges
table 1 : explain SELECT c FROM sbtest1 WHERE id BETWEEN 9403437 AND 9403446 ORDER BY c
	Sort  (cost=41.04..41.07 rows=10 width=121)
	  Sort Key: c
	  ->  Index Scan using sbtest1_pkey on sbtest1  (cost=0.43..40.88 rows=10 width=121)
	        Index Cond: ((id >= 9403437) AND (id <= 9403446))

table 2 : explain SELECT c FROM sbtest2 WHERE id BETWEEN 4895977 AND 4895986 ORDER BY c
	Sort  (cost=44.68..44.71 rows=11 width=121)
	  Sort Key: c
	  ->  Index Scan using sbtest2_pkey on sbtest2  (cost=0.43..44.49 rows=11 width=121)
	        Index Cond: ((id >= 4895977) AND (id <= 4895986))

table 3 : explain SELECT c FROM sbtest3 WHERE id BETWEEN 2449004 AND 2449013 ORDER BY c
	Sort  (cost=44.51..44.54 rows=11 width=121)
	  Sort Key: c
	  ->  Index Scan using sbtest3_pkey on sbtest3  (cost=0.43..44.32 rows=11 width=121)
	        Index Cond: ((id >= 2449004) AND (id <= 2449013))

table 4 : explain SELECT c FROM sbtest4 WHERE id BETWEEN 6605428 AND 6605437 ORDER BY c
	Sort  (cost=44.18..44.20 rows=11 width=121)
	  Sort Key: c
	  ->  Index Scan using sbtest4_pkey on sbtest4  (cost=0.43..43.98 rows=11 width=121)
	        Index Cond: ((id >= 6605428) AND (id <= 6605437))

table 5 : explain SELECT c FROM sbtest5 WHERE id BETWEEN 6217989 AND 6217998 ORDER BY c
	Sort  (cost=40.87..40.89 rows=10 width=121)
	  Sort Key: c
	  ->  Index Scan using sbtest5_pkey on sbtest5  (cost=0.43..40.70 rows=10 width=121)
	        Index Cond: ((id >= 6217989) AND (id <= 6217998))

table 6 : explain SELECT c FROM sbtest6 WHERE id BETWEEN 2024009 AND 2024018 ORDER BY c
	Sort  (cost=40.89..40.91 rows=10 width=121)
	  Sort Key: c
	  ->  Index Scan using sbtest6_pkey on sbtest6  (cost=0.43..40.72 rows=10 width=121)
	        Index Cond: ((id >= 2024009) AND (id <= 2024018))

table 7 : explain SELECT c FROM sbtest7 WHERE id BETWEEN 2359457 AND 2359466 ORDER BY c
	Sort  (cost=37.30..37.33 rows=9 width=121)
	  Sort Key: c
	  ->  Index Scan using sbtest7_pkey on sbtest7  (cost=0.43..37.16 rows=9 width=121)
	        Index Cond: ((id >= 2359457) AND (id <= 2359466))

table 8 : explain SELECT c FROM sbtest8 WHERE id BETWEEN 7242761 AND 7242770 ORDER BY c
	Sort  (cost=40.50..40.53 rows=10 width=121)
	  Sort Key: c
	  ->  Index Scan using sbtest8_pkey on sbtest8  (cost=0.43..40.34 rows=10 width=121)
	        Index Cond: ((id >= 7242761) AND (id <= 7242770))

for non_index_updates
table 1 : explain UPDATE sbtest1 SET c='foobar' WHERE id=3346319
	Update on sbtest1  (cost=0.43..8.45 rows=0 width=0)
	  ->  Index Scan using sbtest1_pkey on sbtest1  (cost=0.43..8.45 rows=1 width=490)
	        Index Cond: (id = 3346319)

table 2 : explain UPDATE sbtest2 SET c='foobar' WHERE id=3401260
	Update on sbtest2  (cost=0.43..8.45 rows=0 width=0)
	  ->  Index Scan using sbtest2_pkey on sbtest2  (cost=0.43..8.45 rows=1 width=490)
	        Index Cond: (id = 3401260)

table 3 : explain UPDATE sbtest3 SET c='foobar' WHERE id=7497316
	Update on sbtest3  (cost=0.43..8.45 rows=0 width=0)
	  ->  Index Scan using sbtest3_pkey on sbtest3  (cost=0.43..8.45 rows=1 width=490)
	        Index Cond: (id = 7497316)

table 4 : explain UPDATE sbtest4 SET c='foobar' WHERE id=5764320
	Update on sbtest4  (cost=0.43..8.45 rows=0 width=0)
	  ->  Index Scan using sbtest4_pkey on sbtest4  (cost=0.43..8.45 rows=1 width=490)
	        Index Cond: (id = 5764320)

table 5 : explain UPDATE sbtest5 SET c='foobar' WHERE id=2452554
	Update on sbtest5  (cost=0.43..8.45 rows=0 width=0)
	  ->  Index Scan using sbtest5_pkey on sbtest5  (cost=0.43..8.45 rows=1 width=490)
	        Index Cond: (id = 2452554)

table 6 : explain UPDATE sbtest6 SET c='foobar' WHERE id=940622
	Update on sbtest6  (cost=0.43..8.45 rows=0 width=0)
	  ->  Index Scan using sbtest6_pkey on sbtest6  (cost=0.43..8.45 rows=1 width=490)
	        Index Cond: (id = 940622)

table 7 : explain UPDATE sbtest7 SET c='foobar' WHERE id=6931922
	Update on sbtest7  (cost=0.43..8.45 rows=0 width=0)
	  ->  Index Scan using sbtest7_pkey on sbtest7  (cost=0.43..8.45 rows=1 width=490)
	        Index Cond: (id = 6931922)

table 8 : explain UPDATE sbtest8 SET c='foobar' WHERE id=3469301
	Update on sbtest8  (cost=0.43..8.45 rows=0 width=0)
	  ->  Index Scan using sbtest8_pkey on sbtest8  (cost=0.43..8.45 rows=1 width=490)
	        Index Cond: (id = 3469301)

for: order_ranges
table 1 : explain SELECT c FROM sbtest1 WHERE id BETWEEN 4143497 AND 4143506 ORDER BY c
	Sort  (cost=41.04..41.07 rows=10 width=121)
	  Sort Key: c
	  ->  Index Scan using sbtest1_pkey on sbtest1  (cost=0.43..40.88 rows=10 width=121)
	        Index Cond: ((id >= 4143497) AND (id <= 4143506))

table 2 : explain SELECT c FROM sbtest2 WHERE id BETWEEN 9605407 AND 9605416 ORDER BY c
	Sort  (cost=44.68..44.71 rows=11 width=121)
	  Sort Key: c
	  ->  Index Scan using sbtest2_pkey on sbtest2  (cost=0.43..44.49 rows=11 width=121)
	        Index Cond: ((id >= 9605407) AND (id <= 9605416))

table 3 : explain SELECT c FROM sbtest3 WHERE id BETWEEN 552465 AND 552474 ORDER BY c
	Sort  (cost=40.90..40.93 rows=10 width=121)
	  Sort Key: c
	  ->  Index Scan using sbtest3_pkey on sbtest3  (cost=0.43..40.73 rows=10 width=121)
	        Index Cond: ((id >= 552465) AND (id <= 552474))

table 4 : explain SELECT c FROM sbtest4 WHERE id BETWEEN 7358662 AND 7358671 ORDER BY c
	Sort  (cost=44.18..44.20 rows=11 width=121)
	  Sort Key: c
	  ->  Index Scan using sbtest4_pkey on sbtest4  (cost=0.43..43.98 rows=11 width=121)
	        Index Cond: ((id >= 7358662) AND (id <= 7358671))

table 5 : explain SELECT c FROM sbtest5 WHERE id BETWEEN 5355996 AND 5356005 ORDER BY c
	Sort  (cost=40.87..40.89 rows=10 width=121)
	  Sort Key: c
	  ->  Index Scan using sbtest5_pkey on sbtest5  (cost=0.43..40.70 rows=10 width=121)
	        Index Cond: ((id >= 5355996) AND (id <= 5356005))

table 6 : explain SELECT c FROM sbtest6 WHERE id BETWEEN 8972482 AND 8972491 ORDER BY c
	Sort  (cost=37.28..37.30 rows=9 width=121)
	  Sort Key: c
	  ->  Index Scan using sbtest6_pkey on sbtest6  (cost=0.43..37.14 rows=9 width=121)
	        Index Cond: ((id >= 8972482) AND (id <= 8972491))

table 7 : explain SELECT c FROM sbtest7 WHERE id BETWEEN 5491572 AND 5491581 ORDER BY c
	Sort  (cost=40.91..40.94 rows=10 width=121)
	  Sort Key: c
	  ->  Index Scan using sbtest7_pkey on sbtest7  (cost=0.43..40.75 rows=10 width=121)
	        Index Cond: ((id >= 5491572) AND (id <= 5491581))

table 8 : explain SELECT c FROM sbtest8 WHERE id BETWEEN 8269566 AND 8269575 ORDER BY c
	Sort  (cost=40.50..40.53 rows=10 width=121)
	  Sort Key: c
	  ->  Index Scan using sbtest8_pkey on sbtest8  (cost=0.43..40.34 rows=10 width=121)
	        Index Cond: ((id >= 8269566) AND (id <= 8269575))

for: simple_ranges
table 1 : explain SELECT c FROM sbtest1 WHERE id BETWEEN 8298495 AND 8298504
	Index Scan using sbtest1_pkey on sbtest1  (cost=0.43..37.28 rows=9 width=121)
	  Index Cond: ((id >= 8298495) AND (id <= 8298504))

table 2 : explain SELECT c FROM sbtest2 WHERE id BETWEEN 440690 AND 440699
	Index Scan using sbtest2_pkey on sbtest2  (cost=0.43..44.49 rows=11 width=121)
	  Index Cond: ((id >= 440690) AND (id <= 440699))

table 3 : explain SELECT c FROM sbtest3 WHERE id BETWEEN 6434337 AND 6434346
	Index Scan using sbtest3_pkey on sbtest3  (cost=0.43..40.73 rows=10 width=121)
	  Index Cond: ((id >= 6434337) AND (id <= 6434346))

table 4 : explain SELECT c FROM sbtest4 WHERE id BETWEEN 3923401 AND 3923410
	Index Scan using sbtest4_pkey on sbtest4  (cost=0.43..40.43 rows=10 width=121)
	  Index Cond: ((id >= 3923401) AND (id <= 3923410))

table 5 : explain SELECT c FROM sbtest5 WHERE id BETWEEN 6788146 AND 6788155
	Index Scan using sbtest5_pkey on sbtest5  (cost=0.43..40.70 rows=10 width=121)
	  Index Cond: ((id >= 6788146) AND (id <= 6788155))

table 6 : explain SELECT c FROM sbtest6 WHERE id BETWEEN 5905924 AND 5905933
	Index Scan using sbtest6_pkey on sbtest6  (cost=0.43..40.72 rows=10 width=121)
	  Index Cond: ((id >= 5905924) AND (id <= 5905933))

table 7 : explain SELECT c FROM sbtest7 WHERE id BETWEEN 2854138 AND 2854147
	Index Scan using sbtest7_pkey on sbtest7  (cost=0.43..44.34 rows=11 width=121)
	  Index Cond: ((id >= 2854138) AND (id <= 2854147))

table 8 : explain SELECT c FROM sbtest8 WHERE id BETWEEN 3798858 AND 3798867
	Index Scan using sbtest8_pkey on sbtest8  (cost=0.43..40.34 rows=10 width=121)
	  Index Cond: ((id >= 3798858) AND (id <= 3798867))

explain: for deletes :: explain DELETE FROM sbtest%u WHERE id=%u
for deletes
table 1 : explain DELETE FROM sbtest1 WHERE id=9876968
	Delete on sbtest1  (cost=0.43..8.45 rows=0 width=0)
	  ->  Index Scan using sbtest1_pkey on sbtest1  (cost=0.43..8.45 rows=1 width=6)
	        Index Cond: (id = 9876968)

table 2 : explain DELETE FROM sbtest2 WHERE id=9866204
	Delete on sbtest2  (cost=0.43..8.45 rows=0 width=0)
	  ->  Index Scan using sbtest2_pkey on sbtest2  (cost=0.43..8.45 rows=1 width=6)
	        Index Cond: (id = 9866204)

table 3 : explain DELETE FROM sbtest3 WHERE id=9369935
	Delete on sbtest3  (cost=0.43..8.45 rows=0 width=0)
	  ->  Index Scan using sbtest3_pkey on sbtest3  (cost=0.43..8.45 rows=1 width=6)
	        Index Cond: (id = 9369935)

table 4 : explain DELETE FROM sbtest4 WHERE id=1883008
	Delete on sbtest4  (cost=0.43..8.45 rows=0 width=0)
	  ->  Index Scan using sbtest4_pkey on sbtest4  (cost=0.43..8.45 rows=1 width=6)
	        Index Cond: (id = 1883008)

table 5 : explain DELETE FROM sbtest5 WHERE id=5810741
	Delete on sbtest5  (cost=0.43..8.45 rows=0 width=0)
	  ->  Index Scan using sbtest5_pkey on sbtest5  (cost=0.43..8.45 rows=1 width=6)
	        Index Cond: (id = 5810741)

table 6 : explain DELETE FROM sbtest6 WHERE id=1971823
	Delete on sbtest6  (cost=0.43..8.45 rows=0 width=0)
	  ->  Index Scan using sbtest6_pkey on sbtest6  (cost=0.43..8.45 rows=1 width=6)
	        Index Cond: (id = 1971823)

table 7 : explain DELETE FROM sbtest7 WHERE id=1360393
	Delete on sbtest7  (cost=0.43..8.45 rows=0 width=0)
	  ->  Index Scan using sbtest7_pkey on sbtest7  (cost=0.43..8.45 rows=1 width=6)
	        Index Cond: (id = 1360393)

table 8 : explain DELETE FROM sbtest8 WHERE id=8572851
	Delete on sbtest8  (cost=0.43..8.45 rows=0 width=0)
	  ->  Index Scan using sbtest8_pkey on sbtest8  (cost=0.43..8.45 rows=1 width=6)
	        Index Cond: (id = 8572851)

explain: for point_selects :: explain SELECT c FROM sbtest%u WHERE id=%u
explain: for inserts :: explain INSERT INTO sbtest%u (id, k, c, pad) VALUES (%u, 13, 'foobar', 'foobar')
for: distinct_ranges
table 1 : explain SELECT DISTINCT c FROM sbtest1 WHERE id BETWEEN 3062872 AND 3062881 ORDER BY c
	Unique  (cost=44.67..44.73 rows=11 width=121)
	  ->  Sort  (cost=44.67..44.70 rows=11 width=121)
	        Sort Key: c
	        ->  Index Scan using sbtest1_pkey on sbtest1  (cost=0.43..44.48 rows=11 width=121)
	              Index Cond: ((id >= 3062872) AND (id <= 3062881))

table 2 : explain SELECT DISTINCT c FROM sbtest2 WHERE id BETWEEN 4490454 AND 4490463 ORDER BY c
	Unique  (cost=41.05..41.10 rows=10 width=121)
	  ->  Sort  (cost=41.05..41.08 rows=10 width=121)
	        Sort Key: c
	        ->  Index Scan using sbtest2_pkey on sbtest2  (cost=0.43..40.89 rows=10 width=121)
	              Index Cond: ((id >= 4490454) AND (id <= 4490463))

table 3 : explain SELECT DISTINCT c FROM sbtest3 WHERE id BETWEEN 3445158 AND 3445167 ORDER BY c
	Unique  (cost=37.29..37.34 rows=9 width=121)
	  ->  Sort  (cost=37.29..37.31 rows=9 width=121)
	        Sort Key: c
	        ->  Index Scan using sbtest3_pkey on sbtest3  (cost=0.43..37.15 rows=9 width=121)
	              Index Cond: ((id >= 3445158) AND (id <= 3445167))

table 4 : explain SELECT DISTINCT c FROM sbtest4 WHERE id BETWEEN 1101923 AND 1101932 ORDER BY c
	Unique  (cost=40.60..40.65 rows=10 width=121)
	  ->  Sort  (cost=40.60..40.62 rows=10 width=121)
	        Sort Key: c
	        ->  Index Scan using sbtest4_pkey on sbtest4  (cost=0.43..40.43 rows=10 width=121)
	              Index Cond: ((id >= 1101923) AND (id <= 1101932))

table 5 : explain SELECT DISTINCT c FROM sbtest5 WHERE id BETWEEN 3370750 AND 3370759 ORDER BY c
	Unique  (cost=40.87..40.92 rows=10 width=121)
	  ->  Sort  (cost=40.87..40.89 rows=10 width=121)
	        Sort Key: c
	        ->  Index Scan using sbtest5_pkey on sbtest5  (cost=0.43..40.70 rows=10 width=121)
	              Index Cond: ((id >= 3370750) AND (id <= 3370759))

table 6 : explain SELECT DISTINCT c FROM sbtest6 WHERE id BETWEEN 5210442 AND 5210451 ORDER BY c
	Unique  (cost=37.28..37.32 rows=9 width=121)
	  ->  Sort  (cost=37.28..37.30 rows=9 width=121)
	        Sort Key: c
	        ->  Index Scan using sbtest6_pkey on sbtest6  (cost=0.43..37.14 rows=9 width=121)
	              Index Cond: ((id >= 5210442) AND (id <= 5210451))

table 7 : explain SELECT DISTINCT c FROM sbtest7 WHERE id BETWEEN 9818942 AND 9818951 ORDER BY c
	Unique  (cost=40.91..40.96 rows=10 width=121)
	  ->  Sort  (cost=40.91..40.94 rows=10 width=121)
	        Sort Key: c
	        ->  Index Scan using sbtest7_pkey on sbtest7  (cost=0.43..40.75 rows=10 width=121)
	              Index Cond: ((id >= 9818942) AND (id <= 9818951))

table 8 : explain SELECT DISTINCT c FROM sbtest8 WHERE id BETWEEN 6092326 AND 6092335 ORDER BY c
	Unique  (cost=36.94..36.98 rows=9 width=121)
	  ->  Sort  (cost=36.94..36.96 rows=9 width=121)
	        Sort Key: c
	        ->  Index Scan using sbtest8_pkey on sbtest8  (cost=0.43..36.79 rows=9 width=121)
	              Index Cond: ((id >= 6092326) AND (id <= 6092335))

for: order_ranges
table 1 : explain SELECT c FROM sbtest1 WHERE id BETWEEN 7999535 AND 7999544 ORDER BY c
	Sort  (cost=37.42..37.44 rows=9 width=121)
	  Sort Key: c
	  ->  Index Scan using sbtest1_pkey on sbtest1  (cost=0.43..37.28 rows=9 width=121)
	        Index Cond: ((id >= 7999535) AND (id <= 7999544))

table 2 : explain SELECT c FROM sbtest2 WHERE id BETWEEN 7233929 AND 7233938 ORDER BY c
	Sort  (cost=41.05..41.08 rows=10 width=121)
	  Sort Key: c
	  ->  Index Scan using sbtest2_pkey on sbtest2  (cost=0.43..40.89 rows=10 width=121)
	        Index Cond: ((id >= 7233929) AND (id <= 7233938))

table 3 : explain SELECT c FROM sbtest3 WHERE id BETWEEN 9888961 AND 9888970 ORDER BY c
	Sort  (cost=40.90..40.93 rows=10 width=121)
	  Sort Key: c
	  ->  Index Scan using sbtest3_pkey on sbtest3  (cost=0.43..40.73 rows=10 width=121)
	        Index Cond: ((id >= 9888961) AND (id <= 9888970))

table 4 : explain SELECT c FROM sbtest4 WHERE id BETWEEN 6299980 AND 6299989 ORDER BY c
	Sort  (cost=37.02..37.04 rows=9 width=121)
	  Sort Key: c
	  ->  Index Scan using sbtest4_pkey on sbtest4  (cost=0.43..36.88 rows=9 width=121)
	        Index Cond: ((id >= 6299980) AND (id <= 6299989))

table 5 : explain SELECT c FROM sbtest5 WHERE id BETWEEN 7419281 AND 7419290 ORDER BY c
	Sort  (cost=44.48..44.50 rows=11 width=121)
	  Sort Key: c
	  ->  Index Scan using sbtest5_pkey on sbtest5  (cost=0.43..44.29 rows=11 width=121)
	        Index Cond: ((id >= 7419281) AND (id <= 7419290))

table 6 : explain SELECT c FROM sbtest6 WHERE id BETWEEN 3695856 AND 3695865 ORDER BY c
	Sort  (cost=37.28..37.30 rows=9 width=121)
	  Sort Key: c
	  ->  Index Scan using sbtest6_pkey on sbtest6  (cost=0.43..37.14 rows=9 width=121)
	        Index Cond: ((id >= 3695856) AND (id <= 3695865))

table 7 : explain SELECT c FROM sbtest7 WHERE id BETWEEN 5976919 AND 5976928 ORDER BY c
	Sort  (cost=40.91..40.94 rows=10 width=121)
	  Sort Key: c
	  ->  Index Scan using sbtest7_pkey on sbtest7  (cost=0.43..40.75 rows=10 width=121)
	        Index Cond: ((id >= 5976919) AND (id <= 5976928))

table 8 : explain SELECT c FROM sbtest8 WHERE id BETWEEN 3353037 AND 3353046 ORDER BY c
	Sort  (cost=40.50..40.53 rows=10 width=121)
	  Sort Key: c
	  ->  Index Scan using sbtest8_pkey on sbtest8  (cost=0.43..40.34 rows=10 width=121)
	        Index Cond: ((id >= 3353037) AND (id <= 3353046))

for deletes
table 1 : explain DELETE FROM sbtest1 WHERE id=6199359
	Delete on sbtest1  (cost=0.43..8.45 rows=0 width=0)
	  ->  Index Scan using sbtest1_pkey on sbtest1  (cost=0.43..8.45 rows=1 width=6)
	        Index Cond: (id = 6199359)

table 2 : explain DELETE FROM sbtest2 WHERE id=5510193
	Delete on sbtest2  (cost=0.43..8.45 rows=0 width=0)
	  ->  Index Scan using sbtest2_pkey on sbtest2  (cost=0.43..8.45 rows=1 width=6)
	        Index Cond: (id = 5510193)

table 3 : explain DELETE FROM sbtest3 WHERE id=3194040
	Delete on sbtest3  (cost=0.43..8.45 rows=0 width=0)
	  ->  Index Scan using sbtest3_pkey on sbtest3  (cost=0.43..8.45 rows=1 width=6)
	        Index Cond: (id = 3194040)

table 4 : explain DELETE FROM sbtest4 WHERE id=585315
	Delete on sbtest4  (cost=0.43..8.45 rows=0 width=0)
	  ->  Index Scan using sbtest4_pkey on sbtest4  (cost=0.43..8.45 rows=1 width=6)
	        Index Cond: (id = 585315)

table 5 : explain DELETE FROM sbtest5 WHERE id=4058824
	Delete on sbtest5  (cost=0.43..8.45 rows=0 width=0)
	  ->  Index Scan using sbtest5_pkey on sbtest5  (cost=0.43..8.45 rows=1 width=6)
	        Index Cond: (id = 4058824)

table 6 : explain DELETE FROM sbtest6 WHERE id=9629072
	Delete on sbtest6  (cost=0.43..8.45 rows=0 width=0)
	  ->  Index Scan using sbtest6_pkey on sbtest6  (cost=0.43..8.45 rows=1 width=6)
	        Index Cond: (id = 9629072)

table 7 : explain DELETE FROM sbtest7 WHERE id=8824996
	Delete on sbtest7  (cost=0.43..8.45 rows=0 width=0)
	  ->  Index Scan using sbtest7_pkey on sbtest7  (cost=0.43..8.45 rows=1 width=6)
	        Index Cond: (id = 8824996)

table 8 : explain DELETE FROM sbtest8 WHERE id=1895822
	Delete on sbtest8  (cost=0.43..8.45 rows=0 width=0)
	  ->  Index Scan using sbtest8_pkey on sbtest8  (cost=0.43..8.45 rows=1 width=6)
	        Index Cond: (id = 1895822)

for inserts
table 1 : explain INSERT INTO sbtest1 (id, k, c, pad) VALUES (3477405, 13, 'foobar', 'foobar')
	Insert on sbtest1  (cost=0.00..0.01 rows=0 width=0)
	  ->  Result  (cost=0.00..0.01 rows=1 width=736)

table 2 : explain INSERT INTO sbtest2 (id, k, c, pad) VALUES (4266502, 13, 'foobar', 'foobar')
	Insert on sbtest2  (cost=0.00..0.01 rows=0 width=0)
	  ->  Result  (cost=0.00..0.01 rows=1 width=736)

table 3 : explain INSERT INTO sbtest3 (id, k, c, pad) VALUES (6349932, 13, 'foobar', 'foobar')
	Insert on sbtest3  (cost=0.00..0.01 rows=0 width=0)
	  ->  Result  (cost=0.00..0.01 rows=1 width=736)

table 4 : explain INSERT INTO sbtest4 (id, k, c, pad) VALUES (6773066, 13, 'foobar', 'foobar')
	Insert on sbtest4  (cost=0.00..0.01 rows=0 width=0)
	  ->  Result  (cost=0.00..0.01 rows=1 width=736)

table 5 : explain INSERT INTO sbtest5 (id, k, c, pad) VALUES (8686281, 13, 'foobar', 'foobar')
	Insert on sbtest5  (cost=0.00..0.01 rows=0 width=0)
	  ->  Result  (cost=0.00..0.01 rows=1 width=736)

table 6 : explain INSERT INTO sbtest6 (id, k, c, pad) VALUES (9593855, 13, 'foobar', 'foobar')
	Insert on sbtest6  (cost=0.00..0.01 rows=0 width=0)
	  ->  Result  (cost=0.00..0.01 rows=1 width=736)

table 7 : explain INSERT INTO sbtest7 (id, k, c, pad) VALUES (9206648, 13, 'foobar', 'foobar')
	Insert on sbtest7  (cost=0.00..0.01 rows=0 width=0)
	  ->  Result  (cost=0.00..0.01 rows=1 width=736)

table 8 : explain INSERT INTO sbtest8 (id, k, c, pad) VALUES (5788112, 13, 'foobar', 'foobar')
	Insert on sbtest8  (cost=0.00..0.01 rows=0 width=0)
	  ->  Result  (cost=0.00..0.01 rows=1 width=736)

explain: for index_updates :: explain UPDATE sbtest%u SET k=k+1 WHERE id=%u
for: order_ranges
table 1 : explain SELECT c FROM sbtest1 WHERE id BETWEEN 3117256 AND 3117265 ORDER BY c
	Sort  (cost=44.67..44.70 rows=11 width=121)
	  Sort Key: c
	  ->  Index Scan using sbtest1_pkey on sbtest1  (cost=0.43..44.48 rows=11 width=121)
	        Index Cond: ((id >= 3117256) AND (id <= 3117265))

table 2 : explain SELECT c FROM sbtest2 WHERE id BETWEEN 8908272 AND 8908281 ORDER BY c
	Sort  (cost=41.05..41.08 rows=10 width=121)
	  Sort Key: c
	  ->  Index Scan using sbtest2_pkey on sbtest2  (cost=0.43..40.89 rows=10 width=121)
	        Index Cond: ((id >= 8908272) AND (id <= 8908281))

table 3 : explain SELECT c FROM sbtest3 WHERE id BETWEEN 4686329 AND 4686338 ORDER BY c
	Sort  (cost=40.90..40.93 rows=10 width=121)
	  Sort Key: c
	  ->  Index Scan using sbtest3_pkey on sbtest3  (cost=0.43..40.73 rows=10 width=121)
	        Index Cond: ((id >= 4686329) AND (id <= 4686338))

table 4 : explain SELECT c FROM sbtest4 WHERE id BETWEEN 5113739 AND 5113748 ORDER BY c
	Sort  (cost=40.60..40.62 rows=10 width=121)
	  Sort Key: c
	  ->  Index Scan using sbtest4_pkey on sbtest4  (cost=0.43..40.43 rows=10 width=121)
	        Index Cond: ((id >= 5113739) AND (id <= 5113748))

table 5 : explain SELECT c FROM sbtest5 WHERE id BETWEEN 7909536 AND 7909545 ORDER BY c
	Sort  (cost=40.87..40.89 rows=10 width=121)
	  Sort Key: c
	  ->  Index Scan using sbtest5_pkey on sbtest5  (cost=0.43..40.70 rows=10 width=121)
	        Index Cond: ((id >= 7909536) AND (id <= 7909545))

table 6 : explain SELECT c FROM sbtest6 WHERE id BETWEEN 7670946 AND 7670955 ORDER BY c
	Sort  (cost=37.28..37.30 rows=9 width=121)
	  Sort Key: c
	  ->  Index Scan using sbtest6_pkey on sbtest6  (cost=0.43..37.14 rows=9 width=121)
	        Index Cond: ((id >= 7670946) AND (id <= 7670955))

table 7 : explain SELECT c FROM sbtest7 WHERE id BETWEEN 9114857 AND 9114866 ORDER BY c
	Sort  (cost=40.91..40.94 rows=10 width=121)
	  Sort Key: c
	  ->  Index Scan using sbtest7_pkey on sbtest7  (cost=0.43..40.75 rows=10 width=121)
	        Index Cond: ((id >= 9114857) AND (id <= 9114866))

table 8 : explain SELECT c FROM sbtest8 WHERE id BETWEEN 6866582 AND 6866591 ORDER BY c
	Sort  (cost=36.94..36.96 rows=9 width=121)
	  Sort Key: c
	  ->  Index Scan using sbtest8_pkey on sbtest8  (cost=0.43..36.79 rows=9 width=121)
	        Index Cond: ((id >= 6866582) AND (id <= 6866591))

explain: for inserts :: explain INSERT INTO sbtest%u (id, k, c, pad) VALUES (%u, 13, 'foobar', 'foobar')
for: order_ranges
table 1 : explain SELECT c FROM sbtest1 WHERE id BETWEEN 4600376 AND 4600385 ORDER BY c
	Sort  (cost=41.04..41.07 rows=10 width=121)
	  Sort Key: c
	  ->  Index Scan using sbtest1_pkey on sbtest1  (cost=0.43..40.88 rows=10 width=121)
	        Index Cond: ((id >= 4600376) AND (id <= 4600385))

table 2 : explain SELECT c FROM sbtest2 WHERE id BETWEEN 2949118 AND 2949127 ORDER BY c
	Sort  (cost=41.05..41.08 rows=10 width=121)
	  Sort Key: c
	  ->  Index Scan using sbtest2_pkey on sbtest2  (cost=0.43..40.89 rows=10 width=121)
	        Index Cond: ((id >= 2949118) AND (id <= 2949127))

table 3 : explain SELECT c FROM sbtest3 WHERE id BETWEEN 9358503 AND 9358512 ORDER BY c
	Sort  (cost=44.51..44.54 rows=11 width=121)
	  Sort Key: c
	  ->  Index Scan using sbtest3_pkey on sbtest3  (cost=0.43..44.32 rows=11 width=121)
	        Index Cond: ((id >= 9358503) AND (id <= 9358512))

table 4 : explain SELECT c FROM sbtest4 WHERE id BETWEEN 1025832 AND 1025841 ORDER BY c
	Sort  (cost=40.60..40.62 rows=10 width=121)
	  Sort Key: c
	  ->  Index Scan using sbtest4_pkey on sbtest4  (cost=0.43..40.43 rows=10 width=121)
	        Index Cond: ((id >= 1025832) AND (id <= 1025841))

table 5 : explain SELECT c FROM sbtest5 WHERE id BETWEEN 9970861 AND 9970870 ORDER BY c
	Sort  (cost=40.87..40.89 rows=10 width=121)
	  Sort Key: c
	  ->  Index Scan using sbtest5_pkey on sbtest5  (cost=0.43..40.70 rows=10 width=121)
	        Index Cond: ((id >= 9970861) AND (id <= 9970870))

table 6 : explain SELECT c FROM sbtest6 WHERE id BETWEEN 3664181 AND 3664190 ORDER BY c
	Sort  (cost=40.89..40.91 rows=10 width=121)
	  Sort Key: c
	  ->  Index Scan using sbtest6_pkey on sbtest6  (cost=0.43..40.72 rows=10 width=121)
	        Index Cond: ((id >= 3664181) AND (id <= 3664190))

table 7 : explain SELECT c FROM sbtest7 WHERE id BETWEEN 6050141 AND 6050150 ORDER BY c
	Sort  (cost=40.91..40.94 rows=10 width=121)
	  Sort Key: c
	  ->  Index Scan using sbtest7_pkey on sbtest7  (cost=0.43..40.75 rows=10 width=121)
	        Index Cond: ((id >= 6050141) AND (id <= 6050150))

table 8 : explain SELECT c FROM sbtest8 WHERE id BETWEEN 6991248 AND 6991257 ORDER BY c
	Sort  (cost=44.07..44.10 rows=11 width=121)
	  Sort Key: c
	  ->  Index Scan using sbtest8_pkey on sbtest8  (cost=0.43..43.88 rows=11 width=121)
	        Index Cond: ((id >= 6991248) AND (id <= 6991257))

for: distinct_ranges
table 1 : explain SELECT DISTINCT c FROM sbtest1 WHERE id BETWEEN 2276445 AND 2276454 ORDER BY c
	Unique  (cost=44.67..44.73 rows=11 width=121)
	  ->  Sort  (cost=44.67..44.70 rows=11 width=121)
	        Sort Key: c
	        ->  Index Scan using sbtest1_pkey on sbtest1  (cost=0.43..44.48 rows=11 width=121)
	              Index Cond: ((id >= 2276445) AND (id <= 2276454))

table 2 : explain SELECT DISTINCT c FROM sbtest2 WHERE id BETWEEN 4813085 AND 4813094 ORDER BY c
	Unique  (cost=41.05..41.10 rows=10 width=121)
	  ->  Sort  (cost=41.05..41.08 rows=10 width=121)
	        Sort Key: c
	        ->  Index Scan using sbtest2_pkey on sbtest2  (cost=0.43..40.89 rows=10 width=121)
	              Index Cond: ((id >= 4813085) AND (id <= 4813094))

table 3 : explain SELECT DISTINCT c FROM sbtest3 WHERE id BETWEEN 8422308 AND 8422317 ORDER BY c
	Unique  (cost=44.51..44.57 rows=11 width=121)
	  ->  Sort  (cost=44.51..44.54 rows=11 width=121)
	        Sort Key: c
	        ->  Index Scan using sbtest3_pkey on sbtest3  (cost=0.43..44.32 rows=11 width=121)
	              Index Cond: ((id >= 8422308) AND (id <= 8422317))

table 4 : explain SELECT DISTINCT c FROM sbtest4 WHERE id BETWEEN 9991555 AND 9991564 ORDER BY c
	Unique  (cost=37.02..37.07 rows=9 width=121)
	  ->  Sort  (cost=37.02..37.04 rows=9 width=121)
	        Sort Key: c
	        ->  Index Scan using sbtest4_pkey on sbtest4  (cost=0.43..36.88 rows=9 width=121)
	              Index Cond: ((id >= 9991555) AND (id <= 9991564))

table 5 : explain SELECT DISTINCT c FROM sbtest5 WHERE id BETWEEN 783165 AND 783174 ORDER BY c
	Unique  (cost=40.87..40.92 rows=10 width=121)
	  ->  Sort  (cost=40.87..40.89 rows=10 width=121)
	        Sort Key: c
	        ->  Index Scan using sbtest5_pkey on sbtest5  (cost=0.43..40.70 rows=10 width=121)
	              Index Cond: ((id >= 783165) AND (id <= 783174))

table 6 : explain SELECT DISTINCT c FROM sbtest6 WHERE id BETWEEN 1922757 AND 1922766 ORDER BY c
	Unique  (cost=40.89..40.94 rows=10 width=121)
	  ->  Sort  (cost=40.89..40.91 rows=10 width=121)
	        Sort Key: c
	        ->  Index Scan using sbtest6_pkey on sbtest6  (cost=0.43..40.72 rows=10 width=121)
	              Index Cond: ((id >= 1922757) AND (id <= 1922766))

table 7 : explain SELECT DISTINCT c FROM sbtest7 WHERE id BETWEEN 1713338 AND 1713347 ORDER BY c
	Unique  (cost=40.91..40.96 rows=10 width=121)
	  ->  Sort  (cost=40.91..40.94 rows=10 width=121)
	        Sort Key: c
	        ->  Index Scan using sbtest7_pkey on sbtest7  (cost=0.43..40.75 rows=10 width=121)
	              Index Cond: ((id >= 1713338) AND (id <= 1713347))

table 8 : explain SELECT DISTINCT c FROM sbtest8 WHERE id BETWEEN 9498532 AND 9498541 ORDER BY c
	Unique  (cost=40.50..40.55 rows=10 width=121)
	  ->  Sort  (cost=40.50..40.53 rows=10 width=121)
	        Sort Key: c
	        ->  Index Scan using sbtest8_pkey on sbtest8  (cost=0.43..40.34 rows=10 width=121)
	              Index Cond: ((id >= 9498532) AND (id <= 9498541))

for non_index_updates
table 1 : explain UPDATE sbtest1 SET c='foobar' WHERE id=8691092
	Update on sbtest1  (cost=0.43..8.45 rows=0 width=0)
	  ->  Index Scan using sbtest1_pkey on sbtest1  (cost=0.43..8.45 rows=1 width=490)
	        Index Cond: (id = 8691092)

table 2 : explain UPDATE sbtest2 SET c='foobar' WHERE id=6317637
	Update on sbtest2  (cost=0.43..8.45 rows=0 width=0)
	  ->  Index Scan using sbtest2_pkey on sbtest2  (cost=0.43..8.45 rows=1 width=490)
	        Index Cond: (id = 6317637)

table 3 : explain UPDATE sbtest3 SET c='foobar' WHERE id=1850829
	Update on sbtest3  (cost=0.43..8.45 rows=0 width=0)
	  ->  Index Scan using sbtest3_pkey on sbtest3  (cost=0.43..8.45 rows=1 width=490)
	        Index Cond: (id = 1850829)

table 4 : explain UPDATE sbtest4 SET c='foobar' WHERE id=4956107
	Update on sbtest4  (cost=0.43..8.45 rows=0 width=0)
	  ->  Index Scan using sbtest4_pkey on sbtest4  (cost=0.43..8.45 rows=1 width=490)
	        Index Cond: (id = 4956107)

table 5 : explain UPDATE sbtest5 SET c='foobar' WHERE id=8408598
	Update on sbtest5  (cost=0.43..8.45 rows=0 width=0)
	  ->  Index Scan using sbtest5_pkey on sbtest5  (cost=0.43..8.45 rows=1 width=490)
	        Index Cond: (id = 8408598)

table 6 : explain UPDATE sbtest6 SET c='foobar' WHERE id=9540046
	Update on sbtest6  (cost=0.43..8.45 rows=0 width=0)
	  ->  Index Scan using sbtest6_pkey on sbtest6  (cost=0.43..8.45 rows=1 width=490)
	        Index Cond: (id = 9540046)

table 7 : explain UPDATE sbtest7 SET c='foobar' WHERE id=7646596
	Update on sbtest7  (cost=0.43..8.45 rows=0 width=0)
	  ->  Index Scan using sbtest7_pkey on sbtest7  (cost=0.43..8.45 rows=1 width=490)
	        Index Cond: (id = 7646596)

table 8 : explain UPDATE sbtest8 SET c='foobar' WHERE id=6185732
	Update on sbtest8  (cost=0.43..8.45 rows=0 width=0)
	  ->  Index Scan using sbtest8_pkey on sbtest8  (cost=0.43..8.45 rows=1 width=490)
	        Index Cond: (id = 6185732)

explain: for inserts :: explain INSERT INTO sbtest%u (id, k, c, pad) VALUES (%u, 13, 'foobar', 'foobar')
for: distinct_ranges
table 1 : explain SELECT DISTINCT c FROM sbtest1 WHERE id BETWEEN 8689087 AND 8689096 ORDER BY c
	Unique  (cost=41.04..41.09 rows=10 width=121)
	  ->  Sort  (cost=41.04..41.07 rows=10 width=121)
	        Sort Key: c
	        ->  Index Scan using sbtest1_pkey on sbtest1  (cost=0.43..40.88 rows=10 width=121)
	              Index Cond: ((id >= 8689087) AND (id <= 8689096))

table 2 : explain SELECT DISTINCT c FROM sbtest2 WHERE id BETWEEN 7442202 AND 7442211 ORDER BY c
	Unique  (cost=41.05..41.10 rows=10 width=121)
	  ->  Sort  (cost=41.05..41.08 rows=10 width=121)
	        Sort Key: c
	        ->  Index Scan using sbtest2_pkey on sbtest2  (cost=0.43..40.89 rows=10 width=121)
	              Index Cond: ((id >= 7442202) AND (id <= 7442211))

table 3 : explain SELECT DISTINCT c FROM sbtest3 WHERE id BETWEEN 6987189 AND 6987198 ORDER BY c
	Unique  (cost=40.90..40.95 rows=10 width=121)
	  ->  Sort  (cost=40.90..40.93 rows=10 width=121)
	        Sort Key: c
	        ->  Index Scan using sbtest3_pkey on sbtest3  (cost=0.43..40.73 rows=10 width=121)
	              Index Cond: ((id >= 6987189) AND (id <= 6987198))

table 4 : explain SELECT DISTINCT c FROM sbtest4 WHERE id BETWEEN 2598112 AND 2598121 ORDER BY c
	Unique  (cost=40.60..40.65 rows=10 width=121)
	  ->  Sort  (cost=40.60..40.62 rows=10 width=121)
	        Sort Key: c
	        ->  Index Scan using sbtest4_pkey on sbtest4  (cost=0.43..40.43 rows=10 width=121)
	              Index Cond: ((id >= 2598112) AND (id <= 2598121))

table 5 : explain SELECT DISTINCT c FROM sbtest5 WHERE id BETWEEN 7575590 AND 7575599 ORDER BY c
	Unique  (cost=40.87..40.92 rows=10 width=121)
	  ->  Sort  (cost=40.87..40.89 rows=10 width=121)
	        Sort Key: c
	        ->  Index Scan using sbtest5_pkey on sbtest5  (cost=0.43..40.70 rows=10 width=121)
	              Index Cond: ((id >= 7575590) AND (id <= 7575599))

table 6 : explain SELECT DISTINCT c FROM sbtest6 WHERE id BETWEEN 973999 AND 974008 ORDER BY c
	Unique  (cost=40.89..40.94 rows=10 width=121)
	  ->  Sort  (cost=40.89..40.91 rows=10 width=121)
	        Sort Key: c
	        ->  Index Scan using sbtest6_pkey on sbtest6  (cost=0.43..40.72 rows=10 width=121)
	              Index Cond: ((id >= 973999) AND (id <= 974008))

table 7 : explain SELECT DISTINCT c FROM sbtest7 WHERE id BETWEEN 8346434 AND 8346443 ORDER BY c
	Unique  (cost=44.53..44.58 rows=11 width=121)
	  ->  Sort  (cost=44.53..44.55 rows=11 width=121)
	        Sort Key: c
	        ->  Index Scan using sbtest7_pkey on sbtest7  (cost=0.43..44.34 rows=11 width=121)
	              Index Cond: ((id >= 8346434) AND (id <= 8346443))

table 8 : explain SELECT DISTINCT c FROM sbtest8 WHERE id BETWEEN 8789212 AND 8789221 ORDER BY c
	Unique  (cost=47.64..47.70 rows=12 width=121)
	  ->  Sort  (cost=47.64..47.67 rows=12 width=121)
	        Sort Key: c
	        ->  Index Scan using sbtest8_pkey on sbtest8  (cost=0.43..47.42 rows=12 width=121)
	              Index Cond: ((id >= 8789212) AND (id <= 8789221))

for inserts
table 1 : explain INSERT INTO sbtest1 (id, k, c, pad) VALUES (7480952, 13, 'foobar', 'foobar')
	Insert on sbtest1  (cost=0.00..0.01 rows=0 width=0)
	  ->  Result  (cost=0.00..0.01 rows=1 width=736)

table 2 : explain INSERT INTO sbtest2 (id, k, c, pad) VALUES (5298275, 13, 'foobar', 'foobar')
	Insert on sbtest2  (cost=0.00..0.01 rows=0 width=0)
	  ->  Result  (cost=0.00..0.01 rows=1 width=736)

table 3 : explain INSERT INTO sbtest3 (id, k, c, pad) VALUES (9230818, 13, 'foobar', 'foobar')
	Insert on sbtest3  (cost=0.00..0.01 rows=0 width=0)
	  ->  Result  (cost=0.00..0.01 rows=1 width=736)

table 4 : explain INSERT INTO sbtest4 (id, k, c, pad) VALUES (4648640, 13, 'foobar', 'foobar')
	Insert on sbtest4  (cost=0.00..0.01 rows=0 width=0)
	  ->  Result  (cost=0.00..0.01 rows=1 width=736)

table 5 : explain INSERT INTO sbtest5 (id, k, c, pad) VALUES (8486083, 13, 'foobar', 'foobar')
	Insert on sbtest5  (cost=0.00..0.01 rows=0 width=0)
	  ->  Result  (cost=0.00..0.01 rows=1 width=736)

table 6 : explain INSERT INTO sbtest6 (id, k, c, pad) VALUES (9393655, 13, 'foobar', 'foobar')
	Insert on sbtest6  (cost=0.00..0.01 rows=0 width=0)
	  ->  Result  (cost=0.00..0.01 rows=1 width=736)

table 7 : explain INSERT INTO sbtest7 (id, k, c, pad) VALUES (635560, 13, 'foobar', 'foobar')
	Insert on sbtest7  (cost=0.00..0.01 rows=0 width=0)
	  ->  Result  (cost=0.00..0.01 rows=1 width=736)

table 8 : explain INSERT INTO sbtest8 (id, k, c, pad) VALUES (7786217, 13, 'foobar', 'foobar')
	Insert on sbtest8  (cost=0.00..0.01 rows=0 width=0)
	  ->  Result  (cost=0.00..0.01 rows=1 width=736)

for: distinct_ranges
table 1 : explain SELECT DISTINCT c FROM sbtest1 WHERE id BETWEEN 7257696 AND 7257705 ORDER BY c
	Unique  (cost=44.67..44.73 rows=11 width=121)
	  ->  Sort  (cost=44.67..44.70 rows=11 width=121)
	        Sort Key: c
	        ->  Index Scan using sbtest1_pkey on sbtest1  (cost=0.43..44.48 rows=11 width=121)
	              Index Cond: ((id >= 7257696) AND (id <= 7257705))

table 2 : explain SELECT DISTINCT c FROM sbtest2 WHERE id BETWEEN 876855 AND 876864 ORDER BY c
	Unique  (cost=44.68..44.74 rows=11 width=121)
	  ->  Sort  (cost=44.68..44.71 rows=11 width=121)
	        Sort Key: c
	        ->  Index Scan using sbtest2_pkey on sbtest2  (cost=0.43..44.49 rows=11 width=121)
	              Index Cond: ((id >= 876855) AND (id <= 876864))

table 3 : explain SELECT DISTINCT c FROM sbtest3 WHERE id BETWEEN 5797837 AND 5797846 ORDER BY c
	Unique  (cost=40.90..40.95 rows=10 width=121)
	  ->  Sort  (cost=40.90..40.93 rows=10 width=121)
	        Sort Key: c
	        ->  Index Scan using sbtest3_pkey on sbtest3  (cost=0.43..40.73 rows=10 width=121)
	              Index Cond: ((id >= 5797837) AND (id <= 5797846))

table 4 : explain SELECT DISTINCT c FROM sbtest4 WHERE id BETWEEN 5583038 AND 5583047 ORDER BY c
	Unique  (cost=37.02..37.07 rows=9 width=121)
	  ->  Sort  (cost=37.02..37.04 rows=9 width=121)
	        Sort Key: c
	        ->  Index Scan using sbtest4_pkey on sbtest4  (cost=0.43..36.88 rows=9 width=121)
	              Index Cond: ((id >= 5583038) AND (id <= 5583047))

table 5 : explain SELECT DISTINCT c FROM sbtest5 WHERE id BETWEEN 8136644 AND 8136653 ORDER BY c
	Unique  (cost=37.26..37.31 rows=9 width=121)
	  ->  Sort  (cost=37.26..37.29 rows=9 width=121)
	        Sort Key: c
	        ->  Index Scan using sbtest5_pkey on sbtest5  (cost=0.43..37.12 rows=9 width=121)
	              Index Cond: ((id >= 8136644) AND (id <= 8136653))

table 6 : explain SELECT DISTINCT c FROM sbtest6 WHERE id BETWEEN 8314723 AND 8314732 ORDER BY c
	Unique  (cost=40.89..40.94 rows=10 width=121)
	  ->  Sort  (cost=40.89..40.91 rows=10 width=121)
	        Sort Key: c
	        ->  Index Scan using sbtest6_pkey on sbtest6  (cost=0.43..40.72 rows=10 width=121)
	              Index Cond: ((id >= 8314723) AND (id <= 8314732))

table 7 : explain SELECT DISTINCT c FROM sbtest7 WHERE id BETWEEN 6768001 AND 6768010 ORDER BY c
	Unique  (cost=40.91..40.96 rows=10 width=121)
	  ->  Sort  (cost=40.91..40.94 rows=10 width=121)
	        Sort Key: c
	        ->  Index Scan using sbtest7_pkey on sbtest7  (cost=0.43..40.75 rows=10 width=121)
	              Index Cond: ((id >= 6768001) AND (id <= 6768010))

table 8 : explain SELECT DISTINCT c FROM sbtest8 WHERE id BETWEEN 5492282 AND 5492291 ORDER BY c
	Unique  (cost=40.50..40.55 rows=10 width=121)
	  ->  Sort  (cost=40.50..40.53 rows=10 width=121)
	        Sort Key: c
	        ->  Index Scan using sbtest8_pkey on sbtest8  (cost=0.43..40.34 rows=10 width=121)
	              Index Cond: ((id >= 5492282) AND (id <= 5492291))

explain: for deletes :: explain DELETE FROM sbtest%u WHERE id=%u
explain: for index_updates :: explain UPDATE sbtest%u SET k=k+1 WHERE id=%u
for index_updates
table 1 : explain UPDATE sbtest1 SET k=k+1 WHERE id=3219963
	Update on sbtest1  (cost=0.43..8.46 rows=0 width=0)
	  ->  Index Scan using sbtest1_pkey on sbtest1  (cost=0.43..8.46 rows=1 width=10)
	        Index Cond: (id = 3219963)

table 2 : explain UPDATE sbtest2 SET k=k+1 WHERE id=188192
	Update on sbtest2  (cost=0.43..8.46 rows=0 width=0)
	  ->  Index Scan using sbtest2_pkey on sbtest2  (cost=0.43..8.46 rows=1 width=10)
	        Index Cond: (id = 188192)

table 3 : explain UPDATE sbtest3 SET k=k+1 WHERE id=9318801
	Update on sbtest3  (cost=0.43..8.46 rows=0 width=0)
	  ->  Index Scan using sbtest3_pkey on sbtest3  (cost=0.43..8.46 rows=1 width=10)
	        Index Cond: (id = 9318801)

table 4 : explain UPDATE sbtest4 SET k=k+1 WHERE id=5565493
	Update on sbtest4  (cost=0.43..8.46 rows=0 width=0)
	  ->  Index Scan using sbtest4_pkey on sbtest4  (cost=0.43..8.46 rows=1 width=10)
	        Index Cond: (id = 5565493)

table 5 : explain UPDATE sbtest5 SET k=k+1 WHERE id=9871988
	Update on sbtest5  (cost=0.43..8.46 rows=0 width=0)
	  ->  Index Scan using sbtest5_pkey on sbtest5  (cost=0.43..8.46 rows=1 width=10)
	        Index Cond: (id = 9871988)

table 6 : explain UPDATE sbtest6 SET k=k+1 WHERE id=7690650
	Update on sbtest6  (cost=0.43..8.46 rows=0 width=0)
	  ->  Index Scan using sbtest6_pkey on sbtest6  (cost=0.43..8.46 rows=1 width=10)
	        Index Cond: (id = 7690650)

table 7 : explain UPDATE sbtest7 SET k=k+1 WHERE id=4248405
	Update on sbtest7  (cost=0.43..8.46 rows=0 width=0)
	  ->  Index Scan using sbtest7_pkey on sbtest7  (cost=0.43..8.46 rows=1 width=10)
	        Index Cond: (id = 4248405)

table 8 : explain UPDATE sbtest8 SET k=k+1 WHERE id=3365949
	Update on sbtest8  (cost=0.43..8.46 rows=0 width=0)
	  ->  Index Scan using sbtest8_pkey on sbtest8  (cost=0.43..8.46 rows=1 width=10)
	        Index Cond: (id = 3365949)

explain: for index_updates :: explain UPDATE sbtest%u SET k=k+1 WHERE id=%u
for inserts
table 1 : explain INSERT INTO sbtest1 (id, k, c, pad) VALUES (4585506, 13, 'foobar', 'foobar')
	Insert on sbtest1  (cost=0.00..0.01 rows=0 width=0)
	  ->  Result  (cost=0.00..0.01 rows=1 width=736)

table 2 : explain INSERT INTO sbtest2 (id, k, c, pad) VALUES (4529125, 13, 'foobar', 'foobar')
	Insert on sbtest2  (cost=0.00..0.01 rows=0 width=0)
	  ->  Result  (cost=0.00..0.01 rows=1 width=736)

table 3 : explain INSERT INTO sbtest3 (id, k, c, pad) VALUES (8632134, 13, 'foobar', 'foobar')
	Insert on sbtest3  (cost=0.00..0.01 rows=0 width=0)
	  ->  Result  (cost=0.00..0.01 rows=1 width=736)

table 4 : explain INSERT INTO sbtest4 (id, k, c, pad) VALUES (3318549, 13, 'foobar', 'foobar')
	Insert on sbtest4  (cost=0.00..0.01 rows=0 width=0)
	  ->  Result  (cost=0.00..0.01 rows=1 width=736)

table 5 : explain INSERT INTO sbtest5 (id, k, c, pad) VALUES (2380704, 13, 'foobar', 'foobar')
	Insert on sbtest5  (cost=0.00..0.01 rows=0 width=0)
	  ->  Result  (cost=0.00..0.01 rows=1 width=736)

table 6 : explain INSERT INTO sbtest6 (id, k, c, pad) VALUES (9313456, 13, 'foobar', 'foobar')
	Insert on sbtest6  (cost=0.00..0.01 rows=0 width=0)
	  ->  Result  (cost=0.00..0.01 rows=1 width=736)

table 7 : explain INSERT INTO sbtest7 (id, k, c, pad) VALUES (8154267, 13, 'foobar', 'foobar')
	Insert on sbtest7  (cost=0.00..0.01 rows=0 width=0)
	  ->  Result  (cost=0.00..0.01 rows=1 width=736)

table 8 : explain INSERT INTO sbtest8 (id, k, c, pad) VALUES (5519219, 13, 'foobar', 'foobar')
	Insert on sbtest8  (cost=0.00..0.01 rows=0 width=0)
	  ->  Result  (cost=0.00..0.01 rows=1 width=736)

explain: for index_updates :: explain UPDATE sbtest%u SET k=k+1 WHERE id=%u
for: distinct_ranges
table 1 : explain SELECT DISTINCT c FROM sbtest1 WHERE id BETWEEN 2317335 AND 2317344 ORDER BY c
	Unique  (cost=41.04..41.09 rows=10 width=121)
	  ->  Sort  (cost=41.04..41.07 rows=10 width=121)
	        Sort Key: c
	        ->  Index Scan using sbtest1_pkey on sbtest1  (cost=0.43..40.88 rows=10 width=121)
	              Index Cond: ((id >= 2317335) AND (id <= 2317344))

table 2 : explain SELECT DISTINCT c FROM sbtest2 WHERE id BETWEEN 5399291 AND 5399300 ORDER BY c
	Unique  (cost=41.05..41.10 rows=10 width=121)
	  ->  Sort  (cost=41.05..41.08 rows=10 width=121)
	        Sort Key: c
	        ->  Index Scan using sbtest2_pkey on sbtest2  (cost=0.43..40.89 rows=10 width=121)
	              Index Cond: ((id >= 5399291) AND (id <= 5399300))

table 3 : explain SELECT DISTINCT c FROM sbtest3 WHERE id BETWEEN 7711496 AND 7711505 ORDER BY c
	Unique  (cost=40.90..40.95 rows=10 width=121)
	  ->  Sort  (cost=40.90..40.93 rows=10 width=121)
	        Sort Key: c
	        ->  Index Scan using sbtest3_pkey on sbtest3  (cost=0.43..40.73 rows=10 width=121)
	              Index Cond: ((id >= 7711496) AND (id <= 7711505))

table 4 : explain SELECT DISTINCT c FROM sbtest4 WHERE id BETWEEN 7276659 AND 7276668 ORDER BY c
	Unique  (cost=40.60..40.65 rows=10 width=121)
	  ->  Sort  (cost=40.60..40.62 rows=10 width=121)
	        Sort Key: c
	        ->  Index Scan using sbtest4_pkey on sbtest4  (cost=0.43..40.43 rows=10 width=121)
	              Index Cond: ((id >= 7276659) AND (id <= 7276668))

table 5 : explain SELECT DISTINCT c FROM sbtest5 WHERE id BETWEEN 1556216 AND 1556225 ORDER BY c
	Unique  (cost=44.48..44.53 rows=11 width=121)
	  ->  Sort  (cost=44.48..44.50 rows=11 width=121)
	        Sort Key: c
	        ->  Index Scan using sbtest5_pkey on sbtest5  (cost=0.43..44.29 rows=11 width=121)
	              Index Cond: ((id >= 1556216) AND (id <= 1556225))

table 6 : explain SELECT DISTINCT c FROM sbtest6 WHERE id BETWEEN 1880047 AND 1880056 ORDER BY c
	Unique  (cost=40.89..40.94 rows=10 width=121)
	  ->  Sort  (cost=40.89..40.91 rows=10 width=121)
	        Sort Key: c
	        ->  Index Scan using sbtest6_pkey on sbtest6  (cost=0.43..40.72 rows=10 width=121)
	              Index Cond: ((id >= 1880047) AND (id <= 1880056))

table 7 : explain SELECT DISTINCT c FROM sbtest7 WHERE id BETWEEN 722553 AND 722562 ORDER BY c
	Unique  (cost=44.53..44.58 rows=11 width=121)
	  ->  Sort  (cost=44.53..44.55 rows=11 width=121)
	        Sort Key: c
	        ->  Index Scan using sbtest7_pkey on sbtest7  (cost=0.43..44.34 rows=11 width=121)
	              Index Cond: ((id >= 722553) AND (id <= 722562))

table 8 : explain SELECT DISTINCT c FROM sbtest8 WHERE id BETWEEN 9330149 AND 9330158 ORDER BY c
	Unique  (cost=44.07..44.12 rows=11 width=121)
	  ->  Sort  (cost=44.07..44.10 rows=11 width=121)
	        Sort Key: c
	        ->  Index Scan using sbtest8_pkey on sbtest8  (cost=0.43..43.88 rows=11 width=121)
	              Index Cond: ((id >= 9330149) AND (id <= 9330158))

for inserts
table 1 : explain INSERT INTO sbtest1 (id, k, c, pad) VALUES (5712549, 13, 'foobar', 'foobar')
	Insert on sbtest1  (cost=0.00..0.01 rows=0 width=0)
	  ->  Result  (cost=0.00..0.01 rows=1 width=736)

table 2 : explain INSERT INTO sbtest2 (id, k, c, pad) VALUES (123722, 13, 'foobar', 'foobar')
	Insert on sbtest2  (cost=0.00..0.01 rows=0 width=0)
	  ->  Result  (cost=0.00..0.01 rows=1 width=736)

table 3 : explain INSERT INTO sbtest3 (id, k, c, pad) VALUES (5527743, 13, 'foobar', 'foobar')
	Insert on sbtest3  (cost=0.00..0.01 rows=0 width=0)
	  ->  Result  (cost=0.00..0.01 rows=1 width=736)

table 4 : explain INSERT INTO sbtest4 (id, k, c, pad) VALUES (1959146, 13, 'foobar', 'foobar')
	Insert on sbtest4  (cost=0.00..0.01 rows=0 width=0)
	  ->  Result  (cost=0.00..0.01 rows=1 width=736)

table 5 : explain INSERT INTO sbtest5 (id, k, c, pad) VALUES (1731252, 13, 'foobar', 'foobar')
	Insert on sbtest5  (cost=0.00..0.01 rows=0 width=0)
	  ->  Result  (cost=0.00..0.01 rows=1 width=736)

table 6 : explain INSERT INTO sbtest6 (id, k, c, pad) VALUES (5742816, 13, 'foobar', 'foobar')
	Insert on sbtest6  (cost=0.00..0.01 rows=0 width=0)
	  ->  Result  (cost=0.00..0.01 rows=1 width=736)

table 7 : explain INSERT INTO sbtest7 (id, k, c, pad) VALUES (4714542, 13, 'foobar', 'foobar')
	Insert on sbtest7  (cost=0.00..0.01 rows=0 width=0)
	  ->  Result  (cost=0.00..0.01 rows=1 width=736)

table 8 : explain INSERT INTO sbtest8 (id, k, c, pad) VALUES (7785563, 13, 'foobar', 'foobar')
	Insert on sbtest8  (cost=0.00..0.01 rows=0 width=0)
	  ->  Result  (cost=0.00..0.01 rows=1 width=736)

explain: for non_index_updates :: explain UPDATE sbtest%u SET c='foobar' WHERE id=%u
for deletes
table 1 : explain DELETE FROM sbtest1 WHERE id=8795240
	Delete on sbtest1  (cost=0.43..8.45 rows=0 width=0)
	  ->  Index Scan using sbtest1_pkey on sbtest1  (cost=0.43..8.45 rows=1 width=6)
	        Index Cond: (id = 8795240)

table 2 : explain DELETE FROM sbtest2 WHERE id=5225152
	Delete on sbtest2  (cost=0.43..8.45 rows=0 width=0)
	  ->  Index Scan using sbtest2_pkey on sbtest2  (cost=0.43..8.45 rows=1 width=6)
	        Index Cond: (id = 5225152)

table 3 : explain DELETE FROM sbtest3 WHERE id=143511
	Delete on sbtest3  (cost=0.43..8.45 rows=0 width=0)
	  ->  Index Scan using sbtest3_pkey on sbtest3  (cost=0.43..8.45 rows=1 width=6)
	        Index Cond: (id = 143511)

table 4 : explain DELETE FROM sbtest4 WHERE id=6741481
	Delete on sbtest4  (cost=0.43..8.45 rows=0 width=0)
	  ->  Index Scan using sbtest4_pkey on sbtest4  (cost=0.43..8.45 rows=1 width=6)
	        Index Cond: (id = 6741481)

table 5 : explain DELETE FROM sbtest5 WHERE id=9203244
	Delete on sbtest5  (cost=0.43..8.45 rows=0 width=0)
	  ->  Index Scan using sbtest5_pkey on sbtest5  (cost=0.43..8.45 rows=1 width=6)
	        Index Cond: (id = 9203244)

table 6 : explain DELETE FROM sbtest6 WHERE id=8551079
	Delete on sbtest6  (cost=0.43..8.45 rows=0 width=0)
	  ->  Index Scan using sbtest6_pkey on sbtest6  (cost=0.43..8.45 rows=1 width=6)
	        Index Cond: (id = 8551079)

table 7 : explain DELETE FROM sbtest7 WHERE id=2602589
	Delete on sbtest7  (cost=0.43..8.45 rows=0 width=0)
	  ->  Index Scan using sbtest7_pkey on sbtest7  (cost=0.43..8.45 rows=1 width=6)
	        Index Cond: (id = 2602589)

table 8 : explain DELETE FROM sbtest8 WHERE id=6351545
	Delete on sbtest8  (cost=0.43..8.45 rows=0 width=0)
	  ->  Index Scan using sbtest8_pkey on sbtest8  (cost=0.43..8.45 rows=1 width=6)
	        Index Cond: (id = 6351545)

explain: for index_updates :: explain UPDATE sbtest%u SET k=k+1 WHERE id=%u
for index_updates
table 1 : explain UPDATE sbtest1 SET k=k+1 WHERE id=4956526
	Update on sbtest1  (cost=0.43..8.46 rows=0 width=0)
	  ->  Index Scan using sbtest1_pkey on sbtest1  (cost=0.43..8.46 rows=1 width=10)
	        Index Cond: (id = 4956526)

table 2 : explain UPDATE sbtest2 SET k=k+1 WHERE id=889968
	Update on sbtest2  (cost=0.43..8.46 rows=0 width=0)
	  ->  Index Scan using sbtest2_pkey on sbtest2  (cost=0.43..8.46 rows=1 width=10)
	        Index Cond: (id = 889968)

table 3 : explain UPDATE sbtest3 SET k=k+1 WHERE id=9999702
	Update on sbtest3  (cost=0.43..8.46 rows=0 width=0)
	  ->  Index Scan using sbtest3_pkey on sbtest3  (cost=0.43..8.46 rows=1 width=10)
	        Index Cond: (id = 9999702)

table 4 : explain UPDATE sbtest4 SET k=k+1 WHERE id=4523583
	Update on sbtest4  (cost=0.43..8.46 rows=0 width=0)
	  ->  Index Scan using sbtest4_pkey on sbtest4  (cost=0.43..8.46 rows=1 width=10)
	        Index Cond: (id = 4523583)

table 5 : explain UPDATE sbtest5 SET k=k+1 WHERE id=5599216
	Update on sbtest5  (cost=0.43..8.46 rows=0 width=0)
	  ->  Index Scan using sbtest5_pkey on sbtest5  (cost=0.43..8.46 rows=1 width=10)
	        Index Cond: (id = 5599216)

table 6 : explain UPDATE sbtest6 SET k=k+1 WHERE id=8685173
	Update on sbtest6  (cost=0.43..8.46 rows=0 width=0)
	  ->  Index Scan using sbtest6_pkey on sbtest6  (cost=0.43..8.46 rows=1 width=10)
	        Index Cond: (id = 8685173)

table 7 : explain UPDATE sbtest7 SET k=k+1 WHERE id=8992806
	Update on sbtest7  (cost=0.43..8.46 rows=0 width=0)
	  ->  Index Scan using sbtest7_pkey on sbtest7  (cost=0.43..8.46 rows=1 width=10)
	        Index Cond: (id = 8992806)

table 8 : explain UPDATE sbtest8 SET k=k+1 WHERE id=7384509
	Update on sbtest8  (cost=0.43..8.46 rows=0 width=0)
	  ->  Index Scan using sbtest8_pkey on sbtest8  (cost=0.43..8.46 rows=1 width=10)
	        Index Cond: (id = 7384509)

for: sum_ranges
table 1 : explain SELECT SUM(k) FROM sbtest1 WHERE id BETWEEN 5200998 AND 5201007
	Aggregate  (cost=40.90..40.91 rows=1 width=8)
	  ->  Index Scan using sbtest1_pkey on sbtest1  (cost=0.43..40.88 rows=10 width=4)
	        Index Cond: ((id >= 5200998) AND (id <= 5201007))

table 2 : explain SELECT SUM(k) FROM sbtest2 WHERE id BETWEEN 5081341 AND 5081350
	Aggregate  (cost=44.52..44.53 rows=1 width=8)
	  ->  Index Scan using sbtest2_pkey on sbtest2  (cost=0.43..44.49 rows=11 width=4)
	        Index Cond: ((id >= 5081341) AND (id <= 5081350))

table 3 : explain SELECT SUM(k) FROM sbtest3 WHERE id BETWEEN 3317543 AND 3317552
	Aggregate  (cost=37.17..37.18 rows=1 width=8)
	  ->  Index Scan using sbtest3_pkey on sbtest3  (cost=0.43..37.15 rows=9 width=4)
	        Index Cond: ((id >= 3317543) AND (id <= 3317552))

table 4 : explain SELECT SUM(k) FROM sbtest4 WHERE id BETWEEN 9830611 AND 9830620
	Aggregate  (cost=40.46..40.47 rows=1 width=8)
	  ->  Index Scan using sbtest4_pkey on sbtest4  (cost=0.43..40.43 rows=10 width=4)
	        Index Cond: ((id >= 9830611) AND (id <= 9830620))

table 5 : explain SELECT SUM(k) FROM sbtest5 WHERE id BETWEEN 4974129 AND 4974138
	Aggregate  (cost=40.73..40.74 rows=1 width=8)
	  ->  Index Scan using sbtest5_pkey on sbtest5  (cost=0.43..40.70 rows=10 width=4)
	        Index Cond: ((id >= 4974129) AND (id <= 4974138))

table 6 : explain SELECT SUM(k) FROM sbtest6 WHERE id BETWEEN 3221034 AND 3221043
	Aggregate  (cost=40.75..40.76 rows=1 width=8)
	  ->  Index Scan using sbtest6_pkey on sbtest6  (cost=0.43..40.72 rows=10 width=4)
	        Index Cond: ((id >= 3221034) AND (id <= 3221043))

table 7 : explain SELECT SUM(k) FROM sbtest7 WHERE id BETWEEN 3380089 AND 3380098
	Aggregate  (cost=40.77..40.78 rows=1 width=8)
	  ->  Index Scan using sbtest7_pkey on sbtest7  (cost=0.43..40.75 rows=10 width=4)
	        Index Cond: ((id >= 3380089) AND (id <= 3380098))

table 8 : explain SELECT SUM(k) FROM sbtest8 WHERE id BETWEEN 3810940 AND 3810949
	Aggregate  (cost=40.36..40.37 rows=1 width=8)
	  ->  Index Scan using sbtest8_pkey on sbtest8  (cost=0.43..40.34 rows=10 width=4)
	        Index Cond: ((id >= 3810940) AND (id <= 3810949))
for: sum_ranges
table 1 : explain SELECT SUM(k) FROM sbtest1 WHERE id BETWEEN 4586707 AND 4586716
	Aggregate  (cost=40.90..40.91 rows=1 width=8)
	  ->  Index Scan using sbtest1_pkey on sbtest1  (cost=0.43..40.88 rows=10 width=4)
	        Index Cond: ((id >= 4586707) AND (id <= 4586716))

table 2 : explain SELECT SUM(k) FROM sbtest2 WHERE id BETWEEN 4280729 AND 4280738
	Aggregate  (cost=40.91..40.92 rows=1 width=8)
	  ->  Index Scan using sbtest2_pkey on sbtest2  (cost=0.43..40.89 rows=10 width=4)
	        Index Cond: ((id >= 4280729) AND (id <= 4280738))

table 3 : explain SELECT SUM(k) FROM sbtest3 WHERE id BETWEEN 7405980 AND 7405989
	Aggregate  (cost=37.17..37.18 rows=1 width=8)
	  ->  Index Scan using sbtest3_pkey on sbtest3  (cost=0.43..37.15 rows=9 width=4)
	        Index Cond: ((id >= 7405980) AND (id <= 7405989))

table 4 : explain SELECT SUM(k) FROM sbtest4 WHERE id BETWEEN 4641976 AND 4641985
	Aggregate  (cost=40.46..40.47 rows=1 width=8)
	  ->  Index Scan using sbtest4_pkey on sbtest4  (cost=0.43..40.43 rows=10 width=4)
	        Index Cond: ((id >= 4641976) AND (id <= 4641985))

table 5 : explain SELECT SUM(k) FROM sbtest5 WHERE id BETWEEN 8444661 AND 8444670
	Aggregate  (cost=40.73..40.74 rows=1 width=8)
	  ->  Index Scan using sbtest5_pkey on sbtest5  (cost=0.43..40.70 rows=10 width=4)
	        Index Cond: ((id >= 8444661) AND (id <= 8444670))

table 6 : explain SELECT SUM(k) FROM sbtest6 WHERE id BETWEEN 6155180 AND 6155189
	Aggregate  (cost=37.16..37.17 rows=1 width=8)
	  ->  Index Scan using sbtest6_pkey on sbtest6  (cost=0.43..37.14 rows=9 width=4)
	        Index Cond: ((id >= 6155180) AND (id <= 6155189))

table 7 : explain SELECT SUM(k) FROM sbtest7 WHERE id BETWEEN 3965501 AND 3965510
	Aggregate  (cost=40.77..40.78 rows=1 width=8)
	  ->  Index Scan using sbtest7_pkey on sbtest7  (cost=0.43..40.75 rows=10 width=4)
	        Index Cond: ((id >= 3965501) AND (id <= 3965510))

table 8 : explain SELECT SUM(k) FROM sbtest8 WHERE id BETWEEN 1718078 AND 1718087
	Aggregate  (cost=36.82..36.83 rows=1 width=8)
	  ->  Index Scan using sbtest8_pkey on sbtest8  (cost=0.43..36.79 rows=9 width=4)
	        Index Cond: ((id >= 1718078) AND (id <= 1718087))


for index_updates
table 1 : explain UPDATE sbtest1 SET k=k+1 WHERE id=7088199
	Update on sbtest1  (cost=0.43..8.46 rows=0 width=0)
	  ->  Index Scan using sbtest1_pkey on sbtest1  (cost=0.43..8.46 rows=1 width=10)
	        Index Cond: (id = 7088199)

table 2 : explain UPDATE sbtest2 SET k=k+1 WHERE id=7462052
	Update on sbtest2  (cost=0.43..8.46 rows=0 width=0)
	  ->  Index Scan using sbtest2_pkey on sbtest2  (cost=0.43..8.46 rows=1 width=10)
	        Index Cond: (id = 7462052)

table 3 : explain UPDATE sbtest3 SET k=k+1 WHERE id=1734964
	Update on sbtest3  (cost=0.43..8.46 rows=0 width=0)
	  ->  Index Scan using sbtest3_pkey on sbtest3  (cost=0.43..8.46 rows=1 width=10)
	        Index Cond: (id = 1734964)

table 4 : explain UPDATE sbtest4 SET k=k+1 WHERE id=248974
	Update on sbtest4  (cost=0.43..8.46 rows=0 width=0)
	  ->  Index Scan using sbtest4_pkey on sbtest4  (cost=0.43..8.46 rows=1 width=10)
	        Index Cond: (id = 248974)

table 5 : explain UPDATE sbtest5 SET k=k+1 WHERE id=4839357
	Update on sbtest5  (cost=0.43..8.46 rows=0 width=0)
	  ->  Index Scan using sbtest5_pkey on sbtest5  (cost=0.43..8.46 rows=1 width=10)
	        Index Cond: (id = 4839357)

table 6 : explain UPDATE sbtest6 SET k=k+1 WHERE id=7215046
	Update on sbtest6  (cost=0.43..8.46 rows=0 width=0)
	  ->  Index Scan using sbtest6_pkey on sbtest6  (cost=0.43..8.46 rows=1 width=10)
	        Index Cond: (id = 7215046)

table 7 : explain UPDATE sbtest7 SET k=k+1 WHERE id=120875
	Update on sbtest7  (cost=0.43..8.46 rows=0 width=0)
	  ->  Index Scan using sbtest7_pkey on sbtest7  (cost=0.43..8.46 rows=1 width=10)
	        Index Cond: (id = 120875)

table 8 : explain UPDATE sbtest8 SET k=k+1 WHERE id=8590843
	Update on sbtest8  (cost=0.43..8.46 rows=0 width=0)
	  ->  Index Scan using sbtest8_pkey on sbtest8  (cost=0.43..8.46 rows=1 width=10)
	        Index Cond: (id = 8590843)

for index_updates
table 1 : explain UPDATE sbtest1 SET k=k+1 WHERE id=1539320
	Update on sbtest1  (cost=0.43..8.46 rows=0 width=0)
	  ->  Index Scan using sbtest1_pkey on sbtest1  (cost=0.43..8.46 rows=1 width=10)
	        Index Cond: (id = 1539320)

table 2 : explain UPDATE sbtest2 SET k=k+1 WHERE id=4817969
	Update on sbtest2  (cost=0.43..8.46 rows=0 width=0)
	  ->  Index Scan using sbtest2_pkey on sbtest2  (cost=0.43..8.46 rows=1 width=10)
	        Index Cond: (id = 4817969)

table 3 : explain UPDATE sbtest3 SET k=k+1 WHERE id=2703774
	Update on sbtest3  (cost=0.43..8.46 rows=0 width=0)
	  ->  Index Scan using sbtest3_pkey on sbtest3  (cost=0.43..8.46 rows=1 width=10)
	        Index Cond: (id = 2703774)

table 4 : explain UPDATE sbtest4 SET k=k+1 WHERE id=1826261
	Update on sbtest4  (cost=0.43..8.46 rows=0 width=0)
	  ->  Index Scan using sbtest4_pkey on sbtest4  (cost=0.43..8.46 rows=1 width=10)
	        Index Cond: (id = 1826261)

table 5 : explain UPDATE sbtest5 SET k=k+1 WHERE id=7255266
	Update on sbtest5  (cost=0.43..8.46 rows=0 width=0)
	  ->  Index Scan using sbtest5_pkey on sbtest5  (cost=0.43..8.46 rows=1 width=10)
	        Index Cond: (id = 7255266)

table 6 : explain UPDATE sbtest6 SET k=k+1 WHERE id=2666990
	Update on sbtest6  (cost=0.43..8.46 rows=0 width=0)
	  ->  Index Scan using sbtest6_pkey on sbtest6  (cost=0.43..8.46 rows=1 width=10)
	        Index Cond: (id = 2666990)

table 7 : explain UPDATE sbtest7 SET k=k+1 WHERE id=2843835
	Update on sbtest7  (cost=0.43..8.46 rows=0 width=0)
	  ->  Index Scan using sbtest7_pkey on sbtest7  (cost=0.43..8.46 rows=1 width=10)
	        Index Cond: (id = 2843835)

table 8 : explain UPDATE sbtest8 SET k=k+1 WHERE id=3281135
	Update on sbtest8  (cost=0.43..8.46 rows=0 width=0)
	  ->  Index Scan using sbtest8_pkey on sbtest8  (cost=0.43..8.46 rows=1 width=10)
	        Index Cond: (id = 3281135)

explain: for inserts :: explain INSERT INTO sbtest%u (id, k, c, pad) VALUES (%u, 13, 'foobar', 'foobar')
explain: for non_index_updates :: explain UPDATE sbtest%u SET c='foobar' WHERE id=%u
for point_selects
table 1 : explain SELECT c FROM sbtest1 WHERE id=9550604
	Index Scan using sbtest1_pkey on sbtest1  (cost=0.43..8.45 rows=1 width=121)
	  Index Cond: (id = 9550604)

table 2 : explain SELECT c FROM sbtest2 WHERE id=8604748
	Index Scan using sbtest2_pkey on sbtest2  (cost=0.43..8.45 rows=1 width=121)
	  Index Cond: (id = 8604748)

table 3 : explain SELECT c FROM sbtest3 WHERE id=9512783
	Index Scan using sbtest3_pkey on sbtest3  (cost=0.43..8.45 rows=1 width=121)
	  Index Cond: (id = 9512783)

table 4 : explain SELECT c FROM sbtest4 WHERE id=1794346
	Index Scan using sbtest4_pkey on sbtest4  (cost=0.43..8.45 rows=1 width=121)
	  Index Cond: (id = 1794346)

table 5 : explain SELECT c FROM sbtest5 WHERE id=8917464
	Index Scan using sbtest5_pkey on sbtest5  (cost=0.43..8.45 rows=1 width=121)
	  Index Cond: (id = 8917464)

table 6 : explain SELECT c FROM sbtest6 WHERE id=7419556
	Index Scan using sbtest6_pkey on sbtest6  (cost=0.43..8.45 rows=1 width=121)
	  Index Cond: (id = 7419556)

table 7 : explain SELECT c FROM sbtest7 WHERE id=5037661
	Index Scan using sbtest7_pkey on sbtest7  (cost=0.43..8.45 rows=1 width=121)
	  Index Cond: (id = 5037661)

table 8 : explain SELECT c FROM sbtest8 WHERE id=8761922
	Index Scan using sbtest8_pkey on sbtest8  (cost=0.43..8.45 rows=1 width=121)
	  Index Cond: (id = 8761922)

for non_index_updates
table 1 : explain UPDATE sbtest1 SET c='foobar' WHERE id=7319642
	Update on sbtest1  (cost=0.43..8.45 rows=0 width=0)
	  ->  Index Scan using sbtest1_pkey on sbtest1  (cost=0.43..8.45 rows=1 width=490)
	        Index Cond: (id = 7319642)

table 2 : explain UPDATE sbtest2 SET c='foobar' WHERE id=3162853
	Update on sbtest2  (cost=0.43..8.45 rows=0 width=0)
	  ->  Index Scan using sbtest2_pkey on sbtest2  (cost=0.43..8.45 rows=1 width=490)
	        Index Cond: (id = 3162853)

table 3 : explain UPDATE sbtest3 SET c='foobar' WHERE id=1164969
	Update on sbtest3  (cost=0.43..8.45 rows=0 width=0)
	  ->  Index Scan using sbtest3_pkey on sbtest3  (cost=0.43..8.45 rows=1 width=490)
	        Index Cond: (id = 1164969)

table 4 : explain UPDATE sbtest4 SET c='foobar' WHERE id=4329822
	Update on sbtest4  (cost=0.43..8.45 rows=0 width=0)
	  ->  Index Scan using sbtest4_pkey on sbtest4  (cost=0.43..8.45 rows=1 width=490)
	        Index Cond: (id = 4329822)

table 5 : explain UPDATE sbtest5 SET c='foobar' WHERE id=4349800
	Update on sbtest5  (cost=0.43..8.45 rows=0 width=0)
	  ->  Index Scan using sbtest5_pkey on sbtest5  (cost=0.43..8.45 rows=1 width=490)
	        Index Cond: (id = 4349800)

table 6 : explain UPDATE sbtest6 SET c='foobar' WHERE id=1121178
	Update on sbtest6  (cost=0.43..8.45 rows=0 width=0)
	  ->  Index Scan using sbtest6_pkey on sbtest6  (cost=0.43..8.45 rows=1 width=490)
	        Index Cond: (id = 1121178)

table 7 : explain UPDATE sbtest7 SET c='foobar' WHERE id=8616507
	Update on sbtest7  (cost=0.43..8.45 rows=0 width=0)
	  ->  Index Scan using sbtest7_pkey on sbtest7  (cost=0.43..8.45 rows=1 width=490)
	        Index Cond: (id = 8616507)

table 8 : explain UPDATE sbtest8 SET c='foobar' WHERE id=3368226
	Update on sbtest8  (cost=0.43..8.45 rows=0 width=0)
	  ->  Index Scan using sbtest8_pkey on sbtest8  (cost=0.43..8.45 rows=1 width=490)
	        Index Cond: (id = 3368226)

explain: for non_index_updates :: explain UPDATE sbtest%u SET c='foobar' WHERE id=%u
explain: for non_index_updates :: explain UPDATE sbtest%u SET c='foobar' WHERE id=%u
explain: for deletes :: explain DELETE FROM sbtest%u WHERE id=%u
for index_updates
table 1 : explain UPDATE sbtest1 SET k=k+1 WHERE id=8436112
	Update on sbtest1  (cost=0.43..8.46 rows=0 width=0)
	  ->  Index Scan using sbtest1_pkey on sbtest1  (cost=0.43..8.46 rows=1 width=10)
	        Index Cond: (id = 8436112)

table 2 : explain UPDATE sbtest2 SET k=k+1 WHERE id=4420091
	Update on sbtest2  (cost=0.43..8.46 rows=0 width=0)
	  ->  Index Scan using sbtest2_pkey on sbtest2  (cost=0.43..8.46 rows=1 width=10)
	        Index Cond: (id = 4420091)

table 3 : explain UPDATE sbtest3 SET k=k+1 WHERE id=9105352
	Update on sbtest3  (cost=0.43..8.46 rows=0 width=0)
	  ->  Index Scan using sbtest3_pkey on sbtest3  (cost=0.43..8.46 rows=1 width=10)
	        Index Cond: (id = 9105352)

table 4 : explain UPDATE sbtest4 SET k=k+1 WHERE id=7191629
	Update on sbtest4  (cost=0.43..8.46 rows=0 width=0)
	  ->  Index Scan using sbtest4_pkey on sbtest4  (cost=0.43..8.46 rows=1 width=10)
	        Index Cond: (id = 7191629)

table 5 : explain UPDATE sbtest5 SET k=k+1 WHERE id=6636475
	Update on sbtest5  (cost=0.43..8.46 rows=0 width=0)
	  ->  Index Scan using sbtest5_pkey on sbtest5  (cost=0.43..8.46 rows=1 width=10)
	        Index Cond: (id = 6636475)

table 6 : explain UPDATE sbtest6 SET k=k+1 WHERE id=1666193
	Update on sbtest6  (cost=0.43..8.46 rows=0 width=0)
	  ->  Index Scan using sbtest6_pkey on sbtest6  (cost=0.43..8.46 rows=1 width=10)
	        Index Cond: (id = 1666193)

table 7 : explain UPDATE sbtest7 SET k=k+1 WHERE id=5818990
	Update on sbtest7  (cost=0.43..8.46 rows=0 width=0)
	  ->  Index Scan using sbtest7_pkey on sbtest7  (cost=0.43..8.46 rows=1 width=10)
	        Index Cond: (id = 5818990)

table 8 : explain UPDATE sbtest8 SET k=k+1 WHERE id=935046
	Update on sbtest8  (cost=0.43..8.46 rows=0 width=0)
	  ->  Index Scan using sbtest8_pkey on sbtest8  (cost=0.43..8.46 rows=1 width=10)
	        Index Cond: (id = 935046)

for inserts
table 1 : explain INSERT INTO sbtest1 (id, k, c, pad) VALUES (1240475, 13, 'foobar', 'foobar')
	Insert on sbtest1  (cost=0.00..0.01 rows=0 width=0)
	  ->  Result  (cost=0.00..0.01 rows=1 width=736)

table 2 : explain INSERT INTO sbtest2 (id, k, c, pad) VALUES (2361658, 13, 'foobar', 'foobar')
	Insert on sbtest2  (cost=0.00..0.01 rows=0 width=0)
	  ->  Result  (cost=0.00..0.01 rows=1 width=736)

table 3 : explain INSERT INTO sbtest3 (id, k, c, pad) VALUES (6000595, 13, 'foobar', 'foobar')
	Insert on sbtest3  (cost=0.00..0.01 rows=0 width=0)
	  ->  Result  (cost=0.00..0.01 rows=1 width=736)

table 4 : explain INSERT INTO sbtest4 (id, k, c, pad) VALUES (2877915, 13, 'foobar', 'foobar')
	Insert on sbtest4  (cost=0.00..0.01 rows=0 width=0)
	  ->  Result  (cost=0.00..0.01 rows=1 width=736)

table 5 : explain INSERT INTO sbtest5 (id, k, c, pad) VALUES (2303104, 13, 'foobar', 'foobar')
	Insert on sbtest5  (cost=0.00..0.01 rows=0 width=0)
	  ->  Result  (cost=0.00..0.01 rows=1 width=736)

table 6 : explain INSERT INTO sbtest6 (id, k, c, pad) VALUES (2511097, 13, 'foobar', 'foobar')
	Insert on sbtest6  (cost=0.00..0.01 rows=0 width=0)
	  ->  Result  (cost=0.00..0.01 rows=1 width=736)

table 7 : explain INSERT INTO sbtest7 (id, k, c, pad) VALUES (4418177, 13, 'foobar', 'foobar')
	Insert on sbtest7  (cost=0.00..0.01 rows=0 width=0)
	  ->  Result  (cost=0.00..0.01 rows=1 width=736)

table 8 : explain INSERT INTO sbtest8 (id, k, c, pad) VALUES (2935519, 13, 'foobar', 'foobar')
	Insert on sbtest8  (cost=0.00..0.01 rows=0 width=0)
	  ->  Result  (cost=0.00..0.01 rows=1 width=736)

for non_index_updates
table 1 : explain UPDATE sbtest1 SET c='foobar' WHERE id=2895742
	Update on sbtest1  (cost=0.43..8.45 rows=0 width=0)
	  ->  Index Scan using sbtest1_pkey on sbtest1  (cost=0.43..8.45 rows=1 width=490)
	        Index Cond: (id = 2895742)

table 2 : explain UPDATE sbtest2 SET c='foobar' WHERE id=1867436
	Update on sbtest2  (cost=0.43..8.45 rows=0 width=0)
	  ->  Index Scan using sbtest2_pkey on sbtest2  (cost=0.43..8.45 rows=1 width=490)
	        Index Cond: (id = 1867436)

table 3 : explain UPDATE sbtest3 SET c='foobar' WHERE id=1673689
	Update on sbtest3  (cost=0.43..8.45 rows=0 width=0)
	  ->  Index Scan using sbtest3_pkey on sbtest3  (cost=0.43..8.45 rows=1 width=490)
	        Index Cond: (id = 1673689)

table 4 : explain UPDATE sbtest4 SET c='foobar' WHERE id=2933525
	Update on sbtest4  (cost=0.43..8.45 rows=0 width=0)
	  ->  Index Scan using sbtest4_pkey on sbtest4  (cost=0.43..8.45 rows=1 width=490)
	        Index Cond: (id = 2933525)

table 5 : explain UPDATE sbtest5 SET c='foobar' WHERE id=5469008
	Update on sbtest5  (cost=0.43..8.45 rows=0 width=0)
	  ->  Index Scan using sbtest5_pkey on sbtest5  (cost=0.43..8.45 rows=1 width=490)
	        Index Cond: (id = 5469008)

table 6 : explain UPDATE sbtest6 SET c='foobar' WHERE id=9202473
	Update on sbtest6  (cost=0.43..8.45 rows=0 width=0)
	  ->  Index Scan using sbtest6_pkey on sbtest6  (cost=0.43..8.45 rows=1 width=490)
	        Index Cond: (id = 9202473)

table 7 : explain UPDATE sbtest7 SET c='foobar' WHERE id=9293773
	Update on sbtest7  (cost=0.43..8.45 rows=0 width=0)
	  ->  Index Scan using sbtest7_pkey on sbtest7  (cost=0.43..8.45 rows=1 width=490)
	        Index Cond: (id = 9293773)

table 8 : explain UPDATE sbtest8 SET c='foobar' WHERE id=2809162
	Update on sbtest8  (cost=0.43..8.45 rows=0 width=0)
	  ->  Index Scan using sbtest8_pkey on sbtest8  (cost=0.43..8.45 rows=1 width=490)
	        Index Cond: (id = 2809162)

explain: for non_index_updates :: explain UPDATE sbtest%u SET c='foobar' WHERE id=%u
for: distinct_ranges
table 1 : explain SELECT DISTINCT c FROM sbtest1 WHERE id BETWEEN 5023556 AND 5023565 ORDER BY c
	Unique  (cost=41.04..41.09 rows=10 width=121)
	  ->  Sort  (cost=41.04..41.07 rows=10 width=121)
	        Sort Key: c
	        ->  Index Scan using sbtest1_pkey on sbtest1  (cost=0.43..40.88 rows=10 width=121)
	              Index Cond: ((id >= 5023556) AND (id <= 5023565))

table 2 : explain SELECT DISTINCT c FROM sbtest2 WHERE id BETWEEN 5943556 AND 5943565 ORDER BY c
	Unique  (cost=41.05..41.10 rows=10 width=121)
	  ->  Sort  (cost=41.05..41.08 rows=10 width=121)
	        Sort Key: c
	        ->  Index Scan using sbtest2_pkey on sbtest2  (cost=0.43..40.89 rows=10 width=121)
	              Index Cond: ((id >= 5943556) AND (id <= 5943565))

table 3 : explain SELECT DISTINCT c FROM sbtest3 WHERE id BETWEEN 4148996 AND 4149005 ORDER BY c
	Unique  (cost=40.90..40.95 rows=10 width=121)
	  ->  Sort  (cost=40.90..40.93 rows=10 width=121)
	        Sort Key: c
	        ->  Index Scan using sbtest3_pkey on sbtest3  (cost=0.43..40.73 rows=10 width=121)
	              Index Cond: ((id >= 4148996) AND (id <= 4149005))

table 4 : explain SELECT DISTINCT c FROM sbtest4 WHERE id BETWEEN 3159811 AND 3159820 ORDER BY c
	Unique  (cost=40.60..40.65 rows=10 width=121)
	  ->  Sort  (cost=40.60..40.62 rows=10 width=121)
	        Sort Key: c
	        ->  Index Scan using sbtest4_pkey on sbtest4  (cost=0.43..40.43 rows=10 width=121)
	              Index Cond: ((id >= 3159811) AND (id <= 3159820))

table 5 : explain SELECT DISTINCT c FROM sbtest5 WHERE id BETWEEN 6970149 AND 6970158 ORDER BY c
	Unique  (cost=40.87..40.92 rows=10 width=121)
	  ->  Sort  (cost=40.87..40.89 rows=10 width=121)
	        Sort Key: c
	        ->  Index Scan using sbtest5_pkey on sbtest5  (cost=0.43..40.70 rows=10 width=121)
	              Index Cond: ((id >= 6970149) AND (id <= 6970158))

table 6 : explain SELECT DISTINCT c FROM sbtest6 WHERE id BETWEEN 4937710 AND 4937719 ORDER BY c
	Unique  (cost=44.50..44.55 rows=11 width=121)
	  ->  Sort  (cost=44.50..44.52 rows=11 width=121)
	        Sort Key: c
	        ->  Index Scan using sbtest6_pkey on sbtest6  (cost=0.43..44.31 rows=11 width=121)
	              Index Cond: ((id >= 4937710) AND (id <= 4937719))

table 7 : explain SELECT DISTINCT c FROM sbtest7 WHERE id BETWEEN 3585760 AND 3585769 ORDER BY c
	Unique  (cost=37.30..37.35 rows=9 width=121)
	  ->  Sort  (cost=37.30..37.33 rows=9 width=121)
	        Sort Key: c
	        ->  Index Scan using sbtest7_pkey on sbtest7  (cost=0.43..37.16 rows=9 width=121)
	              Index Cond: ((id >= 3585760) AND (id <= 3585769))

table 8 : explain SELECT DISTINCT c FROM sbtest8 WHERE id BETWEEN 3624107 AND 3624116 ORDER BY c
	Unique  (cost=36.94..36.98 rows=9 width=121)
	  ->  Sort  (cost=36.94..36.96 rows=9 width=121)
	        Sort Key: c
	        ->  Index Scan using sbtest8_pkey on sbtest8  (cost=0.43..36.79 rows=9 width=121)
	              Index Cond: ((id >= 3624107) AND (id <= 3624116))

for deletes
table 1 : explain DELETE FROM sbtest1 WHERE id=762180
	Delete on sbtest1  (cost=0.43..8.45 rows=0 width=0)
	  ->  Index Scan using sbtest1_pkey on sbtest1  (cost=0.43..8.45 rows=1 width=6)
	        Index Cond: (id = 762180)

table 2 : explain DELETE FROM sbtest2 WHERE id=8549323
	Delete on sbtest2  (cost=0.43..8.45 rows=0 width=0)
	  ->  Index Scan using sbtest2_pkey on sbtest2  (cost=0.43..8.45 rows=1 width=6)
	        Index Cond: (id = 8549323)

table 3 : explain DELETE FROM sbtest3 WHERE id=7784824
	Delete on sbtest3  (cost=0.43..8.45 rows=0 width=0)
	  ->  Index Scan using sbtest3_pkey on sbtest3  (cost=0.43..8.45 rows=1 width=6)
	        Index Cond: (id = 7784824)

table 4 : explain DELETE FROM sbtest4 WHERE id=393291
	Delete on sbtest4  (cost=0.43..8.45 rows=0 width=0)
	  ->  Index Scan using sbtest4_pkey on sbtest4  (cost=0.43..8.45 rows=1 width=6)
	        Index Cond: (id = 393291)

table 5 : explain DELETE FROM sbtest5 WHERE id=9829856
	Delete on sbtest5  (cost=0.43..8.45 rows=0 width=0)
	  ->  Index Scan using sbtest5_pkey on sbtest5  (cost=0.43..8.45 rows=1 width=6)
	        Index Cond: (id = 9829856)

table 6 : explain DELETE FROM sbtest6 WHERE id=9283519
	Delete on sbtest6  (cost=0.43..8.45 rows=0 width=0)
	  ->  Index Scan using sbtest6_pkey on sbtest6  (cost=0.43..8.45 rows=1 width=6)
	        Index Cond: (id = 9283519)

table 7 : explain DELETE FROM sbtest7 WHERE id=7934179
	Delete on sbtest7  (cost=0.43..8.45 rows=0 width=0)
	  ->  Index Scan using sbtest7_pkey on sbtest7  (cost=0.43..8.45 rows=1 width=6)
	        Index Cond: (id = 7934179)

table 8 : explain DELETE FROM sbtest8 WHERE id=4779229
	Delete on sbtest8  (cost=0.43..8.45 rows=0 width=0)
	  ->  Index Scan using sbtest8_pkey on sbtest8  (cost=0.43..8.45 rows=1 width=6)
	        Index Cond: (id = 4779229)

for: distinct_ranges
table 1 : explain SELECT DISTINCT c FROM sbtest1 WHERE id BETWEEN 38698 AND 38707 ORDER BY c
	Unique  (cost=37.42..37.46 rows=9 width=121)
	  ->  Sort  (cost=37.42..37.44 rows=9 width=121)
	        Sort Key: c
	        ->  Index Scan using sbtest1_pkey on sbtest1  (cost=0.43..37.28 rows=9 width=121)
	              Index Cond: ((id >= 38698) AND (id <= 38707))

table 2 : explain SELECT DISTINCT c FROM sbtest2 WHERE id BETWEEN 8153034 AND 8153043 ORDER BY c
	Unique  (cost=41.05..41.10 rows=10 width=121)
	  ->  Sort  (cost=41.05..41.08 rows=10 width=121)
	        Sort Key: c
	        ->  Index Scan using sbtest2_pkey on sbtest2  (cost=0.43..40.89 rows=10 width=121)
	              Index Cond: ((id >= 8153034) AND (id <= 8153043))

table 3 : explain SELECT DISTINCT c FROM sbtest3 WHERE id BETWEEN 4676316 AND 4676325 ORDER BY c
	Unique  (cost=40.90..40.95 rows=10 width=121)
	  ->  Sort  (cost=40.90..40.93 rows=10 width=121)
	        Sort Key: c
	        ->  Index Scan using sbtest3_pkey on sbtest3  (cost=0.43..40.73 rows=10 width=121)
	              Index Cond: ((id >= 4676316) AND (id <= 4676325))

table 4 : explain SELECT DISTINCT c FROM sbtest4 WHERE id BETWEEN 1501045 AND 1501054 ORDER BY c
	Unique  (cost=40.60..40.65 rows=10 width=121)
	  ->  Sort  (cost=40.60..40.62 rows=10 width=121)
	        Sort Key: c
	        ->  Index Scan using sbtest4_pkey on sbtest4  (cost=0.43..40.43 rows=10 width=121)
	              Index Cond: ((id >= 1501045) AND (id <= 1501054))

table 5 : explain SELECT DISTINCT c FROM sbtest5 WHERE id BETWEEN 60645 AND 60654 ORDER BY c
	Unique  (cost=40.87..40.92 rows=10 width=121)
	  ->  Sort  (cost=40.87..40.89 rows=10 width=121)
	        Sort Key: c
	        ->  Index Scan using sbtest5_pkey on sbtest5  (cost=0.43..40.70 rows=10 width=121)
	              Index Cond: ((id >= 60645) AND (id <= 60654))

table 6 : explain SELECT DISTINCT c FROM sbtest6 WHERE id BETWEEN 8188847 AND 8188856 ORDER BY c
	Unique  (cost=40.89..40.94 rows=10 width=121)
	  ->  Sort  (cost=40.89..40.91 rows=10 width=121)
	        Sort Key: c
	        ->  Index Scan using sbtest6_pkey on sbtest6  (cost=0.43..40.72 rows=10 width=121)
	              Index Cond: ((id >= 8188847) AND (id <= 8188856))

table 7 : explain SELECT DISTINCT c FROM sbtest7 WHERE id BETWEEN 2931659 AND 2931668 ORDER BY c
	Unique  (cost=40.91..40.96 rows=10 width=121)
	  ->  Sort  (cost=40.91..40.94 rows=10 width=121)
	        Sort Key: c
	        ->  Index Scan using sbtest7_pkey on sbtest7  (cost=0.43..40.75 rows=10 width=121)
	              Index Cond: ((id >= 2931659) AND (id <= 2931668))

table 8 : explain SELECT DISTINCT c FROM sbtest8 WHERE id BETWEEN 7649934 AND 7649943 ORDER BY c
	Unique  (cost=44.07..44.12 rows=11 width=121)
	  ->  Sort  (cost=44.07..44.10 rows=11 width=121)
	        Sort Key: c
	        ->  Index Scan using sbtest8_pkey on sbtest8  (cost=0.43..43.88 rows=11 width=121)
	              Index Cond: ((id >= 7649934) AND (id <= 7649943))

for: order_ranges
table 1 : explain SELECT c FROM sbtest1 WHERE id BETWEEN 419948 AND 419957 ORDER BY c
	Sort  (cost=37.42..37.44 rows=9 width=121)
	  Sort Key: c
	  ->  Index Scan using sbtest1_pkey on sbtest1  (cost=0.43..37.28 rows=9 width=121)
	        Index Cond: ((id >= 419948) AND (id <= 419957))

table 2 : explain SELECT c FROM sbtest2 WHERE id BETWEEN 7495587 AND 7495596 ORDER BY c
	Sort  (cost=41.05..41.08 rows=10 width=121)
	  Sort Key: c
	  ->  Index Scan using sbtest2_pkey on sbtest2  (cost=0.43..40.89 rows=10 width=121)
	        Index Cond: ((id >= 7495587) AND (id <= 7495596))

table 3 : explain SELECT c FROM sbtest3 WHERE id BETWEEN 9606582 AND 9606591 ORDER BY c
	Sort  (cost=40.90..40.93 rows=10 width=121)
	  Sort Key: c
	  ->  Index Scan using sbtest3_pkey on sbtest3  (cost=0.43..40.73 rows=10 width=121)
	        Index Cond: ((id >= 9606582) AND (id <= 9606591))

table 4 : explain SELECT c FROM sbtest4 WHERE id BETWEEN 6034122 AND 6034131 ORDER BY c
	Sort  (cost=44.18..44.20 rows=11 width=121)
	  Sort Key: c
	  ->  Index Scan using sbtest4_pkey on sbtest4  (cost=0.43..43.98 rows=11 width=121)
	        Index Cond: ((id >= 6034122) AND (id <= 6034131))

table 5 : explain SELECT c FROM sbtest5 WHERE id BETWEEN 1133802 AND 1133811 ORDER BY c
	Sort  (cost=40.87..40.89 rows=10 width=121)
	  Sort Key: c
	  ->  Index Scan using sbtest5_pkey on sbtest5  (cost=0.43..40.70 rows=10 width=121)
	        Index Cond: ((id >= 1133802) AND (id <= 1133811))

table 6 : explain SELECT c FROM sbtest6 WHERE id BETWEEN 8765060 AND 8765069 ORDER BY c
	Sort  (cost=44.50..44.52 rows=11 width=121)
	  Sort Key: c
	  ->  Index Scan using sbtest6_pkey on sbtest6  (cost=0.43..44.31 rows=11 width=121)
	        Index Cond: ((id >= 8765060) AND (id <= 8765069))

table 7 : explain SELECT c FROM sbtest7 WHERE id BETWEEN 6208158 AND 6208167 ORDER BY c
	Sort  (cost=40.91..40.94 rows=10 width=121)
	  Sort Key: c
	  ->  Index Scan using sbtest7_pkey on sbtest7  (cost=0.43..40.75 rows=10 width=121)
	        Index Cond: ((id >= 6208158) AND (id <= 6208167))

table 8 : explain SELECT c FROM sbtest8 WHERE id BETWEEN 9099784 AND 9099793 ORDER BY c
	Sort  (cost=40.50..40.53 rows=10 width=121)
	  Sort Key: c
	  ->  Index Scan using sbtest8_pkey on sbtest8  (cost=0.43..40.34 rows=10 width=121)
	        Index Cond: ((id >= 9099784) AND (id <= 9099793))

for: order_ranges
table 1 : explain SELECT c FROM sbtest1 WHERE id BETWEEN 5545299 AND 5545308 ORDER BY c
	Sort  (cost=41.04..41.07 rows=10 width=121)
	  Sort Key: c
	  ->  Index Scan using sbtest1_pkey on sbtest1  (cost=0.43..40.88 rows=10 width=121)
	        Index Cond: ((id >= 5545299) AND (id <= 5545308))

table 2 : explain SELECT c FROM sbtest2 WHERE id BETWEEN 3126299 AND 3126308 ORDER BY c
	Sort  (cost=37.43..37.45 rows=9 width=121)
	  Sort Key: c
	  ->  Index Scan using sbtest2_pkey on sbtest2  (cost=0.43..37.28 rows=9 width=121)
	        Index Cond: ((id >= 3126299) AND (id <= 3126308))

table 3 : explain SELECT c FROM sbtest3 WHERE id BETWEEN 3470761 AND 3470770 ORDER BY c
	Sort  (cost=37.29..37.31 rows=9 width=121)
	  Sort Key: c
	  ->  Index Scan using sbtest3_pkey on sbtest3  (cost=0.43..37.15 rows=9 width=121)
	        Index Cond: ((id >= 3470761) AND (id <= 3470770))

table 4 : explain SELECT c FROM sbtest4 WHERE id BETWEEN 3775000 AND 3775009 ORDER BY c
	Sort  (cost=44.18..44.20 rows=11 width=121)
	  Sort Key: c
	  ->  Index Scan using sbtest4_pkey on sbtest4  (cost=0.43..43.98 rows=11 width=121)
	        Index Cond: ((id >= 3775000) AND (id <= 3775009))

table 5 : explain SELECT c FROM sbtest5 WHERE id BETWEEN 1898729 AND 1898738 ORDER BY c
	Sort  (cost=40.87..40.89 rows=10 width=121)
	  Sort Key: c
	  ->  Index Scan using sbtest5_pkey on sbtest5  (cost=0.43..40.70 rows=10 width=121)
	        Index Cond: ((id >= 1898729) AND (id <= 1898738))

table 6 : explain SELECT c FROM sbtest6 WHERE id BETWEEN 2444067 AND 2444076 ORDER BY c
	Sort  (cost=40.89..40.91 rows=10 width=121)
	  Sort Key: c
	  ->  Index Scan using sbtest6_pkey on sbtest6  (cost=0.43..40.72 rows=10 width=121)
	        Index Cond: ((id >= 2444067) AND (id <= 2444076))

table 7 : explain SELECT c FROM sbtest7 WHERE id BETWEEN 6686377 AND 6686386 ORDER BY c
	Sort  (cost=44.53..44.55 rows=11 width=121)
	  Sort Key: c
	  ->  Index Scan using sbtest7_pkey on sbtest7  (cost=0.43..44.34 rows=11 width=121)
	        Index Cond: ((id >= 6686377) AND (id <= 6686386))

table 8 : explain SELECT c FROM sbtest8 WHERE id BETWEEN 1944076 AND 1944085 ORDER BY c
	Sort  (cost=44.07..44.10 rows=11 width=121)
	  Sort Key: c
	  ->  Index Scan using sbtest8_pkey on sbtest8  (cost=0.43..43.88 rows=11 width=121)
	        Index Cond: ((id >= 1944076) AND (id <= 1944085))

for non_index_updates
table 1 : explain UPDATE sbtest1 SET c='foobar' WHERE id=3473608
	Update on sbtest1  (cost=0.43..8.45 rows=0 width=0)
	  ->  Index Scan using sbtest1_pkey on sbtest1  (cost=0.43..8.45 rows=1 width=490)
	        Index Cond: (id = 3473608)

table 2 : explain UPDATE sbtest2 SET c='foobar' WHERE id=2225878
	Update on sbtest2  (cost=0.43..8.45 rows=0 width=0)
	  ->  Index Scan using sbtest2_pkey on sbtest2  (cost=0.43..8.45 rows=1 width=490)
	        Index Cond: (id = 2225878)

table 3 : explain UPDATE sbtest3 SET c='foobar' WHERE id=6766779
	Update on sbtest3  (cost=0.43..8.45 rows=0 width=0)
	  ->  Index Scan using sbtest3_pkey on sbtest3  (cost=0.43..8.45 rows=1 width=490)
	        Index Cond: (id = 6766779)

table 4 : explain UPDATE sbtest4 SET c='foobar' WHERE id=2192103
	Update on sbtest4  (cost=0.43..8.45 rows=0 width=0)
	  ->  Index Scan using sbtest4_pkey on sbtest4  (cost=0.43..8.45 rows=1 width=490)
	        Index Cond: (id = 2192103)

table 5 : explain UPDATE sbtest5 SET c='foobar' WHERE id=7114862
	Update on sbtest5  (cost=0.43..8.45 rows=0 width=0)
	  ->  Index Scan using sbtest5_pkey on sbtest5  (cost=0.43..8.45 rows=1 width=490)
	        Index Cond: (id = 7114862)

table 6 : explain UPDATE sbtest6 SET c='foobar' WHERE id=8724462
	Update on sbtest6  (cost=0.43..8.45 rows=0 width=0)
	  ->  Index Scan using sbtest6_pkey on sbtest6  (cost=0.43..8.45 rows=1 width=490)
	        Index Cond: (id = 8724462)

table 7 : explain UPDATE sbtest7 SET c='foobar' WHERE id=3503289
	Update on sbtest7  (cost=0.43..8.45 rows=0 width=0)
	  ->  Index Scan using sbtest7_pkey on sbtest7  (cost=0.43..8.45 rows=1 width=490)
	        Index Cond: (id = 3503289)

table 8 : explain UPDATE sbtest8 SET c='foobar' WHERE id=4545512
	Update on sbtest8  (cost=0.43..8.45 rows=0 width=0)
	  ->  Index Scan using sbtest8_pkey on sbtest8  (cost=0.43..8.45 rows=1 width=490)
	        Index Cond: (id = 4545512)

explain: for deletes :: explain DELETE FROM sbtest%u WHERE id=%u
for non_index_updates
table 1 : explain UPDATE sbtest1 SET c='foobar' WHERE id=5429284
	Update on sbtest1  (cost=0.43..8.45 rows=0 width=0)
	  ->  Index Scan using sbtest1_pkey on sbtest1  (cost=0.43..8.45 rows=1 width=490)
	        Index Cond: (id = 5429284)

table 2 : explain UPDATE sbtest2 SET c='foobar' WHERE id=2064993
	Update on sbtest2  (cost=0.43..8.45 rows=0 width=0)
	  ->  Index Scan using sbtest2_pkey on sbtest2  (cost=0.43..8.45 rows=1 width=490)
	        Index Cond: (id = 2064993)

table 3 : explain UPDATE sbtest3 SET c='foobar' WHERE id=5637131
	Update on sbtest3  (cost=0.43..8.45 rows=0 width=0)
	  ->  Index Scan using sbtest3_pkey on sbtest3  (cost=0.43..8.45 rows=1 width=490)
	        Index Cond: (id = 5637131)

table 4 : explain UPDATE sbtest4 SET c='foobar' WHERE id=1604145
	Update on sbtest4  (cost=0.43..8.45 rows=0 width=0)
	  ->  Index Scan using sbtest4_pkey on sbtest4  (cost=0.43..8.45 rows=1 width=490)
	        Index Cond: (id = 1604145)

table 5 : explain UPDATE sbtest5 SET c='foobar' WHERE id=6019621
	Update on sbtest5  (cost=0.43..8.45 rows=0 width=0)
	  ->  Index Scan using sbtest5_pkey on sbtest5  (cost=0.43..8.45 rows=1 width=490)
	        Index Cond: (id = 6019621)

table 6 : explain UPDATE sbtest6 SET c='foobar' WHERE id=971228
	Update on sbtest6  (cost=0.43..8.45 rows=0 width=0)
	  ->  Index Scan using sbtest6_pkey on sbtest6  (cost=0.43..8.45 rows=1 width=490)
	        Index Cond: (id = 971228)

table 7 : explain UPDATE sbtest7 SET c='foobar' WHERE id=189116
	Update on sbtest7  (cost=0.43..8.45 rows=0 width=0)
	  ->  Index Scan using sbtest7_pkey on sbtest7  (cost=0.43..8.45 rows=1 width=490)
	        Index Cond: (id = 189116)

table 8 : explain UPDATE sbtest8 SET c='foobar' WHERE id=5252236
	Update on sbtest8  (cost=0.43..8.45 rows=0 width=0)
	  ->  Index Scan using sbtest8_pkey on sbtest8  (cost=0.43..8.45 rows=1 width=490)
	        Index Cond: (id = 5252236)

explain: for deletes :: explain DELETE FROM sbtest%u WHERE id=%ufor: simple_ranges
table 1 : explain SELECT c FROM sbtest1 WHERE id BETWEEN 5566278 AND 5566287
	Index Scan using sbtest1_pkey on sbtest1  (cost=0.43..40.88 rows=10 width=121)
	  Index Cond: ((id >= 5566278) AND (id <= 5566287))

table 2 : explain SELECT c FROM sbtest2 WHERE id BETWEEN 2494909 AND 2494918
	Index Scan using sbtest2_pkey on sbtest2  (cost=0.43..40.89 rows=10 width=121)
	  Index Cond: ((id >= 2494909) AND (id <= 2494918))

table 3 : explain SELECT c FROM sbtest3 WHERE id BETWEEN 1452722 AND 1452731
	Index Scan using sbtest3_pkey on sbtest3  (cost=0.43..44.32 rows=11 width=121)
	  Index Cond: ((id >= 1452722) AND (id <= 1452731))

table 4 : explain SELECT c FROM sbtest4 WHERE id BETWEEN 4406797 AND 4406806
	Index Scan using sbtest4_pkey on sbtest4  (cost=0.43..43.98 rows=11 width=121)
	  Index Cond: ((id >= 4406797) AND (id <= 4406806))

table 5 : explain SELECT c FROM sbtest5 WHERE id BETWEEN 6262402 AND 6262411
	Index Scan using sbtest5_pkey on sbtest5  (cost=0.43..40.70 rows=10 width=121)
	  Index Cond: ((id >= 6262402) AND (id <= 6262411))

table 6 : explain SELECT c FROM sbtest6 WHERE id BETWEEN 7881257 AND 7881266
	Index Scan using sbtest6_pkey on sbtest6  (cost=0.43..40.72 rows=10 width=121)
	  Index Cond: ((id >= 7881257) AND (id <= 7881266))

table 7 : explain SELECT c FROM sbtest7 WHERE id BETWEEN 587517 AND 587526
	Index Scan using sbtest7_pkey on sbtest7  (cost=0.43..40.75 rows=10 width=121)
	  Index Cond: ((id >= 587517) AND (id <= 587526))

table 8 : explain SELECT c FROM sbtest8 WHERE id BETWEEN 8490314 AND 8490323
	Index Scan using sbtest8_pkey on sbtest8  (cost=0.43..40.34 rows=10 width=121)
	  Index Cond: ((id >= 8490314) AND (id <= 8490323))


for non_index_updates
table 1 : explain UPDATE sbtest1 SET c='foobar' WHERE id=8220012
	Update on sbtest1  (cost=0.43..8.45 rows=0 width=0)
	  ->  Index Scan using sbtest1_pkey on sbtest1  (cost=0.43..8.45 rows=1 width=490)
	        Index Cond: (id = 8220012)

table 2 : explain UPDATE sbtest2 SET c='foobar' WHERE id=9246021
	Update on sbtest2  (cost=0.43..8.45 rows=0 width=0)
	  ->  Index Scan using sbtest2_pkey on sbtest2  (cost=0.43..8.45 rows=1 width=490)
	        Index Cond: (id = 9246021)

table 3 : explain UPDATE sbtest3 SET c='foobar' WHERE id=3527466
	Update on sbtest3  (cost=0.43..8.45 rows=0 width=0)
	  ->  Index Scan using sbtest3_pkey on sbtest3  (cost=0.43..8.45 rows=1 width=490)
	        Index Cond: (id = 3527466)

table 4 : explain UPDATE sbtest4 SET c='foobar' WHERE id=2950869
	Update on sbtest4  (cost=0.43..8.45 rows=0 width=0)
	  ->  Index Scan using sbtest4_pkey on sbtest4  (cost=0.43..8.45 rows=1 width=490)
	        Index Cond: (id = 2950869)

table 5 : explain UPDATE sbtest5 SET c='foobar' WHERE id=2447294
	Update on sbtest5  (cost=0.43..8.45 rows=0 width=0)
	  ->  Index Scan using sbtest5_pkey on sbtest5  (cost=0.43..8.45 rows=1 width=490)
	        Index Cond: (id = 2447294)

table 6 : explain UPDATE sbtest6 SET c='foobar' WHERE id=1743606
	Update on sbtest6  (cost=0.43..8.45 rows=0 width=0)
	  ->  Index Scan using sbtest6_pkey on sbtest6  (cost=0.43..8.45 rows=1 width=490)
	        Index Cond: (id = 1743606)

table 7 : explain UPDATE sbtest7 SET c='foobar' WHERE id=9858512
	Update on sbtest7  (cost=0.43..8.45 rows=0 width=0)
	  ->  Index Scan using sbtest7_pkey on sbtest7  (cost=0.43..8.45 rows=1 width=490)
	        Index Cond: (id = 9858512)

table 8 : explain UPDATE sbtest8 SET c='foobar' WHERE id=4495653
	Update on sbtest8  (cost=0.43..8.45 rows=0 width=0)
	  ->  Index Scan using sbtest8_pkey on sbtest8  (cost=0.43..8.45 rows=1 width=490)
	        Index Cond: (id = 4495653)

explain: for index_updates :: explain UPDATE sbtest%u SET k=k+1 WHERE id=%u
explain: for deletes :: explain DELETE FROM sbtest%u WHERE id=%uexplain: for index_updates :: explain UPDATE sbtest%u SET k=k+1 WHERE id=%u

explain: for deletes :: explain DELETE FROM sbtest%u WHERE id=%u
for deletes
table 1 : explain DELETE FROM sbtest1 WHERE id=3488965
	Delete on sbtest1  (cost=0.43..8.45 rows=0 width=0)
	  ->  Index Scan using sbtest1_pkey on sbtest1  (cost=0.43..8.45 rows=1 width=6)
	        Index Cond: (id = 3488965)

table 2 : explain DELETE FROM sbtest2 WHERE id=1290505
	Delete on sbtest2  (cost=0.43..8.45 rows=0 width=0)
	  ->  Index Scan using sbtest2_pkey on sbtest2  (cost=0.43..8.45 rows=1 width=6)
	        Index Cond: (id = 1290505)

table 3 : explain DELETE FROM sbtest3 WHERE id=9093367
	Delete on sbtest3  (cost=0.43..8.45 rows=0 width=0)
	  ->  Index Scan using sbtest3_pkey on sbtest3  (cost=0.43..8.45 rows=1 width=6)
	        Index Cond: (id = 9093367)

table 4 : explain DELETE FROM sbtest4 WHERE id=5421374
	Delete on sbtest4  (cost=0.43..8.45 rows=0 width=0)
	  ->  Index Scan using sbtest4_pkey on sbtest4  (cost=0.43..8.45 rows=1 width=6)
	        Index Cond: (id = 5421374)

table 5 : explain DELETE FROM sbtest5 WHERE id=9275117
	Delete on sbtest5  (cost=0.43..8.45 rows=0 width=0)
	  ->  Index Scan using sbtest5_pkey on sbtest5  (cost=0.43..8.45 rows=1 width=6)
	        Index Cond: (id = 9275117)

table 6 : explain DELETE FROM sbtest6 WHERE id=8258981
	Delete on sbtest6  (cost=0.43..8.45 rows=0 width=0)
	  ->  Index Scan using sbtest6_pkey on sbtest6  (cost=0.43..8.45 rows=1 width=6)
	        Index Cond: (id = 8258981)

table 7 : explain DELETE FROM sbtest7 WHERE id=3196326
	Delete on sbtest7  (cost=0.43..8.45 rows=0 width=0)
	  ->  Index Scan using sbtest7_pkey on sbtest7  (cost=0.43..8.45 rows=1 width=6)
	        Index Cond: (id = 3196326)

table 8 : explain DELETE FROM sbtest8 WHERE id=9431112
	Delete on sbtest8  (cost=0.43..8.45 rows=0 width=0)
	  ->  Index Scan using sbtest8_pkey on sbtest8  (cost=0.43..8.45 rows=1 width=6)
	        Index Cond: (id = 9431112)

for deletes
table 1 : explain DELETE FROM sbtest1 WHERE id=2569868
	Delete on sbtest1  (cost=0.43..8.45 rows=0 width=0)
	  ->  Index Scan using sbtest1_pkey on sbtest1  (cost=0.43..8.45 rows=1 width=6)
	        Index Cond: (id = 2569868)

table 2 : explain DELETE FROM sbtest2 WHERE id=7248490
	Delete on sbtest2  (cost=0.43..8.45 rows=0 width=0)
	  ->  Index Scan using sbtest2_pkey on sbtest2  (cost=0.43..8.45 rows=1 width=6)
	        Index Cond: (id = 7248490)

table 3 : explain DELETE FROM sbtest3 WHERE id=1316749
	Delete on sbtest3  (cost=0.43..8.45 rows=0 width=0)
	  ->  Index Scan using sbtest3_pkey on sbtest3  (cost=0.43..8.45 rows=1 width=6)
	        Index Cond: (id = 1316749)

table 4 : explain DELETE FROM sbtest4 WHERE id=7351941
	Delete on sbtest4  (cost=0.43..8.45 rows=0 width=0)
	  ->  Index Scan using sbtest4_pkey on sbtest4  (cost=0.43..8.45 rows=1 width=6)
	        Index Cond: (id = 7351941)

table 5 : explain DELETE FROM sbtest5 WHERE id=6339682
	Delete on sbtest5  (cost=0.43..8.45 rows=0 width=0)
	  ->  Index Scan using sbtest5_pkey on sbtest5  (cost=0.43..8.45 rows=1 width=6)
	        Index Cond: (id = 6339682)

table 6 : explain DELETE FROM sbtest6 WHERE id=2370298
	Delete on sbtest6  (cost=0.43..8.45 rows=0 width=0)
	  ->  Index Scan using sbtest6_pkey on sbtest6  (cost=0.43..8.45 rows=1 width=6)
	        Index Cond: (id = 2370298)

table 7 : explain DELETE FROM sbtest7 WHERE id=4953576
	Delete on sbtest7  (cost=0.43..8.45 rows=0 width=0)
	  ->  Index Scan using sbtest7_pkey on sbtest7  (cost=0.43..8.45 rows=1 width=6)
	        Index Cond: (id = 4953576)

table 8 : explain DELETE FROM sbtest8 WHERE id=1688622
	Delete on sbtest8  (cost=0.43..8.45 rows=0 width=0)
	  ->  Index Scan using sbtest8_pkey on sbtest8  (cost=0.43..8.45 rows=1 width=6)
	        Index Cond: (id = 1688622)

for: distinct_ranges
table 1 : explain SELECT DISTINCT c FROM sbtest1 WHERE id BETWEEN 5300043 AND 5300052 ORDER BY c
	Unique  (cost=41.04..41.09 rows=10 width=121)
	  ->  Sort  (cost=41.04..41.07 rows=10 width=121)
	        Sort Key: c
	        ->  Index Scan using sbtest1_pkey on sbtest1  (cost=0.43..40.88 rows=10 width=121)
	              Index Cond: ((id >= 5300043) AND (id <= 5300052))

table 2 : explain SELECT DISTINCT c FROM sbtest2 WHERE id BETWEEN 9356536 AND 9356545 ORDER BY c
	Unique  (cost=41.05..41.10 rows=10 width=121)
	  ->  Sort  (cost=41.05..41.08 rows=10 width=121)
	        Sort Key: c
	        ->  Index Scan using sbtest2_pkey on sbtest2  (cost=0.43..40.89 rows=10 width=121)
	              Index Cond: ((id >= 9356536) AND (id <= 9356545))

table 3 : explain SELECT DISTINCT c FROM sbtest3 WHERE id BETWEEN 6685049 AND 6685058 ORDER BY c
	Unique  (cost=37.29..37.34 rows=9 width=121)
	  ->  Sort  (cost=37.29..37.31 rows=9 width=121)
	        Sort Key: c
	        ->  Index Scan using sbtest3_pkey on sbtest3  (cost=0.43..37.15 rows=9 width=121)
	              Index Cond: ((id >= 6685049) AND (id <= 6685058))

table 4 : explain SELECT DISTINCT c FROM sbtest4 WHERE id BETWEEN 4720141 AND 4720150 ORDER BY c
	Unique  (cost=40.60..40.65 rows=10 width=121)
	  ->  Sort  (cost=40.60..40.62 rows=10 width=121)
	        Sort Key: c
	        ->  Index Scan using sbtest4_pkey on sbtest4  (cost=0.43..40.43 rows=10 width=121)
	              Index Cond: ((id >= 4720141) AND (id <= 4720150))

table 5 : explain SELECT DISTINCT c FROM sbtest5 WHERE id BETWEEN 574306 AND 574315 ORDER BY c
	Unique  (cost=37.26..37.31 rows=9 width=121)
	  ->  Sort  (cost=37.26..37.29 rows=9 width=121)
	        Sort Key: c
	        ->  Index Scan using sbtest5_pkey on sbtest5  (cost=0.43..37.12 rows=9 width=121)
	              Index Cond: ((id >= 574306) AND (id <= 574315))

table 6 : explain SELECT DISTINCT c FROM sbtest6 WHERE id BETWEEN 2518525 AND 2518534 ORDER BY c
	Unique  (cost=40.89..40.94 rows=10 width=121)
	  ->  Sort  (cost=40.89..40.91 rows=10 width=121)
	        Sort Key: c
	        ->  Index Scan using sbtest6_pkey on sbtest6  (cost=0.43..40.72 rows=10 width=121)
	              Index Cond: ((id >= 2518525) AND (id <= 2518534))

table 7 : explain SELECT DISTINCT c FROM sbtest7 WHERE id BETWEEN 4108297 AND 4108306 ORDER BY c
	Unique  (cost=37.30..37.35 rows=9 width=121)
	  ->  Sort  (cost=37.30..37.33 rows=9 width=121)
	        Sort Key: c
	        ->  Index Scan using sbtest7_pkey on sbtest7  (cost=0.43..37.16 rows=9 width=121)
	              Index Cond: ((id >= 4108297) AND (id <= 4108306))

table 8 : explain SELECT DISTINCT c FROM sbtest8 WHERE id BETWEEN 2047182 AND 2047191 ORDER BY c
	Unique  (cost=44.07..44.12 rows=11 width=121)
	  ->  Sort  (cost=44.07..44.10 rows=11 width=121)
	        Sort Key: c
	        ->  Index Scan using sbtest8_pkey on sbtest8  (cost=0.43..43.88 rows=11 width=121)
	              Index Cond: ((id >= 2047182) AND (id <= 2047191))

for deletes
table 1 : explain DELETE FROM sbtest1 WHERE id=7617828
	Delete on sbtest1  (cost=0.43..8.45 rows=0 width=0)
	  ->  Index Scan using sbtest1_pkey on sbtest1  (cost=0.43..8.45 rows=1 width=6)
	        Index Cond: (id = 7617828)

table 2 : explain DELETE FROM sbtest2 WHERE id=1427006
	Delete on sbtest2  (cost=0.43..8.45 rows=0 width=0)
	  ->  Index Scan using sbtest2_pkey on sbtest2  (cost=0.43..8.45 rows=1 width=6)
	        Index Cond: (id = 1427006)

table 3 : explain DELETE FROM sbtest3 WHERE id=8114698
	Delete on sbtest3  (cost=0.43..8.45 rows=0 width=0)
	  ->  Index Scan using sbtest3_pkey on sbtest3  (cost=0.43..8.45 rows=1 width=6)
	        Index Cond: (id = 8114698)

table 4 : explain DELETE FROM sbtest4 WHERE id=5613821
	Delete on sbtest4  (cost=0.43..8.45 rows=0 width=0)
	  ->  Index Scan using sbtest4_pkey on sbtest4  (cost=0.43..8.45 rows=1 width=6)
	        Index Cond: (id = 5613821)

table 5 : explain DELETE FROM sbtest5 WHERE id=2049034
	Delete on sbtest5  (cost=0.43..8.45 rows=0 width=0)
	  ->  Index Scan using sbtest5_pkey on sbtest5  (cost=0.43..8.45 rows=1 width=6)
	        Index Cond: (id = 2049034)

table 6 : explain DELETE FROM sbtest6 WHERE id=7543732
	Delete on sbtest6  (cost=0.43..8.45 rows=0 width=0)
	  ->  Index Scan using sbtest6_pkey on sbtest6  (cost=0.43..8.45 rows=1 width=6)
	        Index Cond: (id = 7543732)

table 7 : explain DELETE FROM sbtest7 WHERE id=5157210
	Delete on sbtest7  (cost=0.43..8.45 rows=0 width=0)
	  ->  Index Scan using sbtest7_pkey on sbtest7  (cost=0.43..8.45 rows=1 width=6)
	        Index Cond: (id = 5157210)

table 8 : explain DELETE FROM sbtest8 WHERE id=3587747
	Delete on sbtest8  (cost=0.43..8.45 rows=0 width=0)
	  ->  Index Scan using sbtest8_pkey on sbtest8  (cost=0.43..8.45 rows=1 width=6)
	        Index Cond: (id = 3587747)

for: distinct_ranges
table 1 : explain SELECT DISTINCT c FROM sbtest1 WHERE id BETWEEN 8247972 AND 8247981 ORDER BY c
	Unique  (cost=37.42..37.46 rows=9 width=121)
	  ->  Sort  (cost=37.42..37.44 rows=9 width=121)
	        Sort Key: c
	        ->  Index Scan using sbtest1_pkey on sbtest1  (cost=0.43..37.28 rows=9 width=121)
	              Index Cond: ((id >= 8247972) AND (id <= 8247981))

table 2 : explain SELECT DISTINCT c FROM sbtest2 WHERE id BETWEEN 7159975 AND 7159984 ORDER BY c
	Unique  (cost=41.05..41.10 rows=10 width=121)
	  ->  Sort  (cost=41.05..41.08 rows=10 width=121)
	        Sort Key: c
	        ->  Index Scan using sbtest2_pkey on sbtest2  (cost=0.43..40.89 rows=10 width=121)
	              Index Cond: ((id >= 7159975) AND (id <= 7159984))

table 3 : explain SELECT DISTINCT c FROM sbtest3 WHERE id BETWEEN 9503617 AND 9503626 ORDER BY c
	Unique  (cost=40.90..40.95 rows=10 width=121)
	  ->  Sort  (cost=40.90..40.93 rows=10 width=121)
	        Sort Key: c
	        ->  Index Scan using sbtest3_pkey on sbtest3  (cost=0.43..40.73 rows=10 width=121)
	              Index Cond: ((id >= 9503617) AND (id <= 9503626))

table 4 : explain SELECT DISTINCT c FROM sbtest4 WHERE id BETWEEN 9662978 AND 9662987 ORDER BY c
	Unique  (cost=40.60..40.65 rows=10 width=121)
	  ->  Sort  (cost=40.60..40.62 rows=10 width=121)
	        Sort Key: c
	        ->  Index Scan using sbtest4_pkey on sbtest4  (cost=0.43..40.43 rows=10 width=121)
	              Index Cond: ((id >= 9662978) AND (id <= 9662987))

table 5 : explain SELECT DISTINCT c FROM sbtest5 WHERE id BETWEEN 3422335 AND 3422344 ORDER BY c
	Unique  (cost=40.87..40.92 rows=10 width=121)
	  ->  Sort  (cost=40.87..40.89 rows=10 width=121)
	        Sort Key: c
	        ->  Index Scan using sbtest5_pkey on sbtest5  (cost=0.43..40.70 rows=10 width=121)
	              Index Cond: ((id >= 3422335) AND (id <= 3422344))

table 6 : explain SELECT DISTINCT c FROM sbtest6 WHERE id BETWEEN 7134513 AND 7134522 ORDER BY c
	Unique  (cost=40.89..40.94 rows=10 width=121)
	  ->  Sort  (cost=40.89..40.91 rows=10 width=121)
	        Sort Key: c
	        ->  Index Scan using sbtest6_pkey on sbtest6  (cost=0.43..40.72 rows=10 width=121)
	              Index Cond: ((id >= 7134513) AND (id <= 7134522))

table 7 : explain SELECT DISTINCT c FROM sbtest7 WHERE id BETWEEN 5614385 AND 5614394 ORDER BY c
	Unique  (cost=40.91..40.96 rows=10 width=121)
	  ->  Sort  (cost=40.91..40.94 rows=10 width=121)
	        Sort Key: c
	        ->  Index Scan using sbtest7_pkey on sbtest7  (cost=0.43..40.75 rows=10 width=121)
	              Index Cond: ((id >= 5614385) AND (id <= 5614394))

table 8 : explain SELECT DISTINCT c FROM sbtest8 WHERE id BETWEEN 6442272 AND 6442281 ORDER BY c
	Unique  (cost=40.50..40.55 rows=10 width=121)
	  ->  Sort  (cost=40.50..40.53 rows=10 width=121)
	        Sort Key: c
	        ->  Index Scan using sbtest8_pkey on sbtest8  (cost=0.43..40.34 rows=10 width=121)
	              Index Cond: ((id >= 6442272) AND (id <= 6442281))

for deletes
table 1 : explain DELETE FROM sbtest1 WHERE id=281755
	Delete on sbtest1  (cost=0.43..8.45 rows=0 width=0)
	  ->  Index Scan using sbtest1_pkey on sbtest1  (cost=0.43..8.45 rows=1 width=6)
	        Index Cond: (id = 281755)

table 2 : explain DELETE FROM sbtest2 WHERE id=8333927
	Delete on sbtest2  (cost=0.43..8.45 rows=0 width=0)
	  ->  Index Scan using sbtest2_pkey on sbtest2  (cost=0.43..8.45 rows=1 width=6)
	        Index Cond: (id = 8333927)

table 3 : explain DELETE FROM sbtest3 WHERE id=273990
	Delete on sbtest3  (cost=0.43..8.45 rows=0 width=0)
	  ->  Index Scan using sbtest3_pkey on sbtest3  (cost=0.43..8.45 rows=1 width=6)
	        Index Cond: (id = 273990)

table 4 : explain DELETE FROM sbtest4 WHERE id=8679810
	Delete on sbtest4  (cost=0.43..8.45 rows=0 width=0)
	  ->  Index Scan using sbtest4_pkey on sbtest4  (cost=0.43..8.45 rows=1 width=6)
	        Index Cond: (id = 8679810)

table 5 : explain DELETE FROM sbtest5 WHERE id=5711802
	Delete on sbtest5  (cost=0.43..8.45 rows=0 width=0)
	  ->  Index Scan using sbtest5_pkey on sbtest5  (cost=0.43..8.45 rows=1 width=6)
	        Index Cond: (id = 5711802)

table 6 : explain DELETE FROM sbtest6 WHERE id=6105898
	Delete on sbtest6  (cost=0.43..8.45 rows=0 width=0)
	  ->  Index Scan using sbtest6_pkey on sbtest6  (cost=0.43..8.45 rows=1 width=6)
	        Index Cond: (id = 6105898)

table 7 : explain DELETE FROM sbtest7 WHERE id=5743152
	Delete on sbtest7  (cost=0.43..8.45 rows=0 width=0)
	  ->  Index Scan using sbtest7_pkey on sbtest7  (cost=0.43..8.45 rows=1 width=6)
	        Index Cond: (id = 5743152)

table 8 : explain DELETE FROM sbtest8 WHERE id=6319120
	Delete on sbtest8  (cost=0.43..8.45 rows=0 width=0)
	  ->  Index Scan using sbtest8_pkey on sbtest8  (cost=0.43..8.45 rows=1 width=6)
	        Index Cond: (id = 6319120)

explain: for inserts :: explain INSERT INTO sbtest%u (id, k, c, pad) VALUES (%u, 13, 'foobar', 'foobar')
explain: for index_updates :: explain UPDATE sbtest%u SET k=k+1 WHERE id=%u
explain: for index_updates :: explain UPDATE sbtest%u SET k=k+1 WHERE id=%u
explain: for inserts :: explain INSERT INTO sbtest%u (id, k, c, pad) VALUES (%u, 13, 'foobar', 'foobar')
for inserts
table 1 : explain INSERT INTO sbtest1 (id, k, c, pad) VALUES (6026121, 13, 'foobar', 'foobar')
	Insert on sbtest1  (cost=0.00..0.01 rows=0 width=0)
	  ->  Result  (cost=0.00..0.01 rows=1 width=736)

table 2 : explain INSERT INTO sbtest2 (id, k, c, pad) VALUES (6433676, 13, 'foobar', 'foobar')
	Insert on sbtest2  (cost=0.00..0.01 rows=0 width=0)
	  ->  Result  (cost=0.00..0.01 rows=1 width=736)

table 3 : explain INSERT INTO sbtest3 (id, k, c, pad) VALUES (4304399, 13, 'foobar', 'foobar')
	Insert on sbtest3  (cost=0.00..0.01 rows=0 width=0)
	  ->  Result  (cost=0.00..0.01 rows=1 width=736)

table 4 : explain INSERT INTO sbtest4 (id, k, c, pad) VALUES (679501, 13, 'foobar', 'foobar')
	Insert on sbtest4  (cost=0.00..0.01 rows=0 width=0)
	  ->  Result  (cost=0.00..0.01 rows=1 width=736)

table 5 : explain INSERT INTO sbtest5 (id, k, c, pad) VALUES (700743, 13, 'foobar', 'foobar')
	Insert on sbtest5  (cost=0.00..0.01 rows=0 width=0)
	  ->  Result  (cost=0.00..0.01 rows=1 width=736)

table 6 : explain INSERT INTO sbtest6 (id, k, c, pad) VALUES (7930503, 13, 'foobar', 'foobar')
	Insert on sbtest6  (cost=0.00..0.01 rows=0 width=0)
	  ->  Result  (cost=0.00..0.01 rows=1 width=736)

table 7 : explain INSERT INTO sbtest7 (id, k, c, pad) VALUES (9005522, 13, 'foobar', 'foobar')
	Insert on sbtest7  (cost=0.00..0.01 rows=0 width=0)
	  ->  Result  (cost=0.00..0.01 rows=1 width=736)

table 8 : explain INSERT INTO sbtest8 (id, k, c, pad) VALUES (2121030, 13, 'foobar', 'foobar')
	Insert on sbtest8  (cost=0.00..0.01 rows=0 width=0)
	  ->  Result  (cost=0.00..0.01 rows=1 width=736)

for: sum_ranges
table 1 : explain SELECT SUM(k) FROM sbtest1 WHERE id BETWEEN 68504 AND 68513
	Aggregate  (cost=37.30..37.31 rows=1 width=8)
	  ->  Index Scan using sbtest1_pkey on sbtest1  (cost=0.43..37.28 rows=9 width=4)
	        Index Cond: ((id >= 68504) AND (id <= 68513))

table 2 : explain SELECT SUM(k) FROM sbtest2 WHERE id BETWEEN 1186750 AND 1186759
	Aggregate  (cost=37.31..37.32 rows=1 width=8)
	  ->  Index Scan using sbtest2_pkey on sbtest2  (cost=0.43..37.28 rows=9 width=4)
	        Index Cond: ((id >= 1186750) AND (id <= 1186759))

table 3 : explain SELECT SUM(k) FROM sbtest3 WHERE id BETWEEN 9151591 AND 9151600
	Aggregate  (cost=40.76..40.77 rows=1 width=8)
	  ->  Index Scan using sbtest3_pkey on sbtest3  (cost=0.43..40.73 rows=10 width=4)
	        Index Cond: ((id >= 9151591) AND (id <= 9151600))

table 4 : explain SELECT SUM(k) FROM sbtest4 WHERE id BETWEEN 8494457 AND 8494466
	Aggregate  (cost=44.01..44.02 rows=1 width=8)
	  ->  Index Scan using sbtest4_pkey on sbtest4  (cost=0.43..43.98 rows=11 width=4)
	        Index Cond: ((id >= 8494457) AND (id <= 8494466))

table 5 : explain SELECT SUM(k) FROM sbtest5 WHERE id BETWEEN 1873648 AND 1873657
	Aggregate  (cost=40.73..40.74 rows=1 width=8)
	  ->  Index Scan using sbtest5_pkey on sbtest5  (cost=0.43..40.70 rows=10 width=4)
	        Index Cond: ((id >= 1873648) AND (id <= 1873657))

table 6 : explain SELECT SUM(k) FROM sbtest6 WHERE id BETWEEN 2972328 AND 2972337
	Aggregate  (cost=40.75..40.76 rows=1 width=8)
	  ->  Index Scan using sbtest6_pkey on sbtest6  (cost=0.43..40.72 rows=10 width=4)
	        Index Cond: ((id >= 2972328) AND (id <= 2972337))

table 7 : explain SELECT SUM(k) FROM sbtest7 WHERE id BETWEEN 2449834 AND 2449843
	Aggregate  (cost=40.77..40.78 rows=1 width=8)
	  ->  Index Scan using sbtest7_pkey on sbtest7  (cost=0.43..40.75 rows=10 width=4)
	        Index Cond: ((id >= 2449834) AND (id <= 2449843))

table 8 : explain SELECT SUM(k) FROM sbtest8 WHERE id BETWEEN 2610884 AND 2610893
	Aggregate  (cost=36.82..36.83 rows=1 width=8)
	  ->  Index Scan using sbtest8_pkey on sbtest8  (cost=0.43..36.79 rows=9 width=4)
	        Index Cond: ((id >= 2610884) AND (id <= 2610893))

for inserts
table 1 : explain INSERT INTO sbtest1 (id, k, c, pad) VALUES (8236296, 13, 'foobar', 'foobar')
	Insert on sbtest1  (cost=0.00..0.01 rows=0 width=0)
	  ->  Result  (cost=0.00..0.01 rows=1 width=736)

table 2 : explain INSERT INTO sbtest2 (id, k, c, pad) VALUES (372197, 13, 'foobar', 'foobar')
	Insert on sbtest2  (cost=0.00..0.01 rows=0 width=0)
	  ->  Result  (cost=0.00..0.01 rows=1 width=736)

table 3 : explain INSERT INTO sbtest3 (id, k, c, pad) VALUES (3153296, 13, 'foobar', 'foobar')
	Insert on sbtest3  (cost=0.00..0.01 rows=0 width=0)
	  ->  Result  (cost=0.00..0.01 rows=1 width=736)

table 4 : explain INSERT INTO sbtest4 (id, k, c, pad) VALUES (94783, 13, 'foobar', 'foobar')
	Insert on sbtest4  (cost=0.00..0.01 rows=0 width=0)
	  ->  Result  (cost=0.00..0.01 rows=1 width=736)

table 5 : explain INSERT INTO sbtest5 (id, k, c, pad) VALUES (7680701, 13, 'foobar', 'foobar')
	Insert on sbtest5  (cost=0.00..0.01 rows=0 width=0)
	  ->  Result  (cost=0.00..0.01 rows=1 width=736)

table 6 : explain INSERT INTO sbtest6 (id, k, c, pad) VALUES (3313865, 13, 'foobar', 'foobar')
	Insert on sbtest6  (cost=0.00..0.01 rows=0 width=0)
	  ->  Result  (cost=0.00..0.01 rows=1 width=736)

table 7 : explain INSERT INTO sbtest7 (id, k, c, pad) VALUES (5125370, 13, 'foobar', 'foobar')
	Insert on sbtest7  (cost=0.00..0.01 rows=0 width=0)
	  ->  Result  (cost=0.00..0.01 rows=1 width=736)

table 8 : explain INSERT INTO sbtest8 (id, k, c, pad) VALUES (9882751, 13, 'foobar', 'foobar')
	Insert on sbtest8  (cost=0.00..0.01 rows=0 width=0)
	  ->  Result  (cost=0.00..0.01 rows=1 width=736)

explain: for inserts :: explain INSERT INTO sbtest%u (id, k, c, pad) VALUES (%u, 13, 'foobar', 'foobar')
for index_updates
table 1 : explain UPDATE sbtest1 SET k=k+1 WHERE id=2470725
	Update on sbtest1  (cost=0.43..8.46 rows=0 width=0)
	  ->  Index Scan using sbtest1_pkey on sbtest1  (cost=0.43..8.46 rows=1 width=10)
	        Index Cond: (id = 2470725)

table 2 : explain UPDATE sbtest2 SET k=k+1 WHERE id=7529379
	Update on sbtest2  (cost=0.43..8.46 rows=0 width=0)
	  ->  Index Scan using sbtest2_pkey on sbtest2  (cost=0.43..8.46 rows=1 width=10)
	        Index Cond: (id = 7529379)

table 3 : explain UPDATE sbtest3 SET k=k+1 WHERE id=8185134
	Update on sbtest3  (cost=0.43..8.46 rows=0 width=0)
	  ->  Index Scan using sbtest3_pkey on sbtest3  (cost=0.43..8.46 rows=1 width=10)
	        Index Cond: (id = 8185134)

table 4 : explain UPDATE sbtest4 SET k=k+1 WHERE id=8022082
	Update on sbtest4  (cost=0.43..8.46 rows=0 width=0)
	  ->  Index Scan using sbtest4_pkey on sbtest4  (cost=0.43..8.46 rows=1 width=10)
	        Index Cond: (id = 8022082)

table 5 : explain UPDATE sbtest5 SET k=k+1 WHERE id=1021475
	Update on sbtest5  (cost=0.43..8.46 rows=0 width=0)
	  ->  Index Scan using sbtest5_pkey on sbtest5  (cost=0.43..8.46 rows=1 width=10)
	        Index Cond: (id = 1021475)

table 6 : explain UPDATE sbtest6 SET k=k+1 WHERE id=9921375
	Update on sbtest6  (cost=0.43..8.46 rows=0 width=0)
	  ->  Index Scan using sbtest6_pkey on sbtest6  (cost=0.43..8.46 rows=1 width=10)
	        Index Cond: (id = 9921375)

table 7 : explain UPDATE sbtest7 SET k=k+1 WHERE id=4352620
	Update on sbtest7  (cost=0.43..8.46 rows=0 width=0)
	  ->  Index Scan using sbtest7_pkey on sbtest7  (cost=0.43..8.46 rows=1 width=10)
	        Index Cond: (id = 4352620)

table 8 : explain UPDATE sbtest8 SET k=k+1 WHERE id=2481516
	Update on sbtest8  (cost=0.43..8.46 rows=0 width=0)
	  ->  Index Scan using sbtest8_pkey on sbtest8  (cost=0.43..8.46 rows=1 width=10)
	        Index Cond: (id = 2481516)

for index_updates
table 1 : explain UPDATE sbtest1 SET k=k+1 WHERE id=6604916
	Update on sbtest1  (cost=0.43..8.46 rows=0 width=0)
	  ->  Index Scan using sbtest1_pkey on sbtest1  (cost=0.43..8.46 rows=1 width=10)
	        Index Cond: (id = 6604916)

table 2 : explain UPDATE sbtest2 SET k=k+1 WHERE id=8246250
	Update on sbtest2  (cost=0.43..8.46 rows=0 width=0)
	  ->  Index Scan using sbtest2_pkey on sbtest2  (cost=0.43..8.46 rows=1 width=10)
	        Index Cond: (id = 8246250)

table 3 : explain UPDATE sbtest3 SET k=k+1 WHERE id=1240213
	Update on sbtest3  (cost=0.43..8.46 rows=0 width=0)
	  ->  Index Scan using sbtest3_pkey on sbtest3  (cost=0.43..8.46 rows=1 width=10)
	        Index Cond: (id = 1240213)

table 4 : explain UPDATE sbtest4 SET k=k+1 WHERE id=4904394
	Update on sbtest4  (cost=0.43..8.46 rows=0 width=0)
	  ->  Index Scan using sbtest4_pkey on sbtest4  (cost=0.43..8.46 rows=1 width=10)
	        Index Cond: (id = 4904394)

table 5 : explain UPDATE sbtest5 SET k=k+1 WHERE id=5903391
	Update on sbtest5  (cost=0.43..8.46 rows=0 width=0)
	  ->  Index Scan using sbtest5_pkey on sbtest5  (cost=0.43..8.46 rows=1 width=10)
	        Index Cond: (id = 5903391)

table 6 : explain UPDATE sbtest6 SET k=k+1 WHERE id=1949490
	Update on sbtest6  (cost=0.43..8.46 rows=0 width=0)
	  ->  Index Scan using sbtest6_pkey on sbtest6  (cost=0.43..8.46 rows=1 width=10)
	        Index Cond: (id = 1949490)

table 7 : explain UPDATE sbtest7 SET k=k+1 WHERE id=2688934
	Update on sbtest7  (cost=0.43..8.46 rows=0 width=0)
	  ->  Index Scan using sbtest7_pkey on sbtest7  (cost=0.43..8.46 rows=1 width=10)
	        Index Cond: (id = 2688934)

table 8 : explain UPDATE sbtest8 SET k=k+1 WHERE id=1692700
	Update on sbtest8  (cost=0.43..8.46 rows=0 width=0)
	  ->  Index Scan using sbtest8_pkey on sbtest8  (cost=0.43..8.46 rows=1 width=10)
	        Index Cond: (id = 1692700)

for index_updates
table 1 : explain UPDATE sbtest1 SET k=k+1 WHERE id=2990230
	Update on sbtest1  (cost=0.43..8.46 rows=0 width=0)
	  ->  Index Scan using sbtest1_pkey on sbtest1  (cost=0.43..8.46 rows=1 width=10)
	        Index Cond: (id = 2990230)

table 2 : explain UPDATE sbtest2 SET k=k+1 WHERE id=5115791
	Update on sbtest2  (cost=0.43..8.46 rows=0 width=0)
	  ->  Index Scan using sbtest2_pkey on sbtest2  (cost=0.43..8.46 rows=1 width=10)
	        Index Cond: (id = 5115791)

table 3 : explain UPDATE sbtest3 SET k=k+1 WHERE id=5138198
	Update on sbtest3  (cost=0.43..8.46 rows=0 width=0)
	  ->  Index Scan using sbtest3_pkey on sbtest3  (cost=0.43..8.46 rows=1 width=10)
	        Index Cond: (id = 5138198)

table 4 : explain UPDATE sbtest4 SET k=k+1 WHERE id=2202501
	Update on sbtest4  (cost=0.43..8.46 rows=0 width=0)
	  ->  Index Scan using sbtest4_pkey on sbtest4  (cost=0.43..8.46 rows=1 width=10)
	        Index Cond: (id = 2202501)

table 5 : explain UPDATE sbtest5 SET k=k+1 WHERE id=8199758
	Update on sbtest5  (cost=0.43..8.46 rows=0 width=0)
	  ->  Index Scan using sbtest5_pkey on sbtest5  (cost=0.43..8.46 rows=1 width=10)
	        Index Cond: (id = 8199758)

table 6 : explain UPDATE sbtest6 SET k=k+1 WHERE id=3163080
	Update on sbtest6  (cost=0.43..8.46 rows=0 width=0)
	  ->  Index Scan using sbtest6_pkey on sbtest6  (cost=0.43..8.46 rows=1 width=10)
	        Index Cond: (id = 3163080)

table 7 : explain UPDATE sbtest7 SET k=k+1 WHERE id=2526676
	Update on sbtest7  (cost=0.43..8.46 rows=0 width=0)
	  ->  Index Scan using sbtest7_pkey on sbtest7  (cost=0.43..8.46 rows=1 width=10)
	        Index Cond: (id = 2526676)

table 8 : explain UPDATE sbtest8 SET k=k+1 WHERE id=6039150
	Update on sbtest8  (cost=0.43..8.46 rows=0 width=0)
	  ->  Index Scan using sbtest8_pkey on sbtest8  (cost=0.43..8.46 rows=1 width=10)
	        Index Cond: (id = 6039150)

explain: for non_index_updates :: explain UPDATE sbtest%u SET c='foobar' WHERE id=%u
explain: for non_index_updates :: explain UPDATE sbtest%u SET c='foobar' WHERE id=%u
for inserts
table 1 : explain INSERT INTO sbtest1 (id, k, c, pad) VALUES (4376955, 13, 'foobar', 'foobar')
	Insert on sbtest1  (cost=0.00..0.01 rows=0 width=0)
	  ->  Result  (cost=0.00..0.01 rows=1 width=736)

table 2 : explain INSERT INTO sbtest2 (id, k, c, pad) VALUES (5315172, 13, 'foobar', 'foobar')
	Insert on sbtest2  (cost=0.00..0.01 rows=0 width=0)
	  ->  Result  (cost=0.00..0.01 rows=1 width=736)

table 3 : explain INSERT INTO sbtest3 (id, k, c, pad) VALUES (680318, 13, 'foobar', 'foobar')
	Insert on sbtest3  (cost=0.00..0.01 rows=0 width=0)
	  ->  Result  (cost=0.00..0.01 rows=1 width=736)

table 4 : explain INSERT INTO sbtest4 (id, k, c, pad) VALUES (1249347, 13, 'foobar', 'foobar')
	Insert on sbtest4  (cost=0.00..0.01 rows=0 width=0)
	  ->  Result  (cost=0.00..0.01 rows=1 width=736)

table 5 : explain INSERT INTO sbtest5 (id, k, c, pad) VALUES (4858684, 13, 'foobar', 'foobar')
	Insert on sbtest5  (cost=0.00..0.01 rows=0 width=0)
	  ->  Result  (cost=0.00..0.01 rows=1 width=736)

table 6 : explain INSERT INTO sbtest6 (id, k, c, pad) VALUES (4273798, 13, 'foobar', 'foobar')
	Insert on sbtest6  (cost=0.00..0.01 rows=0 width=0)
	  ->  Result  (cost=0.00..0.01 rows=1 width=736)

table 7 : explain INSERT INTO sbtest7 (id, k, c, pad) VALUES (9698834, 13, 'foobar', 'foobar')
	Insert on sbtest7  (cost=0.00..0.01 rows=0 width=0)
	  ->  Result  (cost=0.00..0.01 rows=1 width=736)

table 8 : explain INSERT INTO sbtest8 (id, k, c, pad) VALUES (4632869, 13, 'foobar', 'foobar')
	Insert on sbtest8  (cost=0.00..0.01 rows=0 width=0)
	  ->  Result  (cost=0.00..0.01 rows=1 width=736)

for index_updates
table 1 : explain UPDATE sbtest1 SET k=k+1 WHERE id=2988891
	Update on sbtest1  (cost=0.43..8.46 rows=0 width=0)
	  ->  Index Scan using sbtest1_pkey on sbtest1  (cost=0.43..8.46 rows=1 width=10)
	        Index Cond: (id = 2988891)

table 2 : explain UPDATE sbtest2 SET k=k+1 WHERE id=9132507
	Update on sbtest2  (cost=0.43..8.46 rows=0 width=0)
	  ->  Index Scan using sbtest2_pkey on sbtest2  (cost=0.43..8.46 rows=1 width=10)
	        Index Cond: (id = 9132507)

table 3 : explain UPDATE sbtest3 SET k=k+1 WHERE id=5894598
	Update on sbtest3  (cost=0.43..8.46 rows=0 width=0)
	  ->  Index Scan using sbtest3_pkey on sbtest3  (cost=0.43..8.46 rows=1 width=10)
	        Index Cond: (id = 5894598)

table 4 : explain UPDATE sbtest4 SET k=k+1 WHERE id=4043625
	Update on sbtest4  (cost=0.43..8.46 rows=0 width=0)
	  ->  Index Scan using sbtest4_pkey on sbtest4  (cost=0.43..8.46 rows=1 width=10)
	        Index Cond: (id = 4043625)

table 5 : explain UPDATE sbtest5 SET k=k+1 WHERE id=2488718
	Update on sbtest5  (cost=0.43..8.46 rows=0 width=0)
	  ->  Index Scan using sbtest5_pkey on sbtest5  (cost=0.43..8.46 rows=1 width=10)
	        Index Cond: (id = 2488718)

table 6 : explain UPDATE sbtest6 SET k=k+1 WHERE id=9709089
	Update on sbtest6  (cost=0.43..8.46 rows=0 width=0)
	  ->  Index Scan using sbtest6_pkey on sbtest6  (cost=0.43..8.46 rows=1 width=10)
	        Index Cond: (id = 9709089)

table 7 : explain UPDATE sbtest7 SET k=k+1 WHERE id=7619780
	Update on sbtest7  (cost=0.43..8.46 rows=0 width=0)
	  ->  Index Scan using sbtest7_pkey on sbtest7  (cost=0.43..8.46 rows=1 width=10)
	        Index Cond: (id = 7619780)

table 8 : explain UPDATE sbtest8 SET k=k+1 WHERE id=1775234
	Update on sbtest8  (cost=0.43..8.46 rows=0 width=0)
	  ->  Index Scan using sbtest8_pkey on sbtest8  (cost=0.43..8.46 rows=1 width=10)
	        Index Cond: (id = 1775234)

for: order_ranges
table 1 : explain SELECT c FROM sbtest1 WHERE id BETWEEN 6254912 AND 6254921 ORDER BY c
	Sort  (cost=44.67..44.70 rows=11 width=121)
	  Sort Key: c
	  ->  Index Scan using sbtest1_pkey on sbtest1  (cost=0.43..44.48 rows=11 width=121)
	        Index Cond: ((id >= 6254912) AND (id <= 6254921))

table 2 : explain SELECT c FROM sbtest2 WHERE id BETWEEN 9304642 AND 9304651 ORDER BY c
	Sort  (cost=41.05..41.08 rows=10 width=121)
	  Sort Key: c
	  ->  Index Scan using sbtest2_pkey on sbtest2  (cost=0.43..40.89 rows=10 width=121)
	        Index Cond: ((id >= 9304642) AND (id <= 9304651))

table 3 : explain SELECT c FROM sbtest3 WHERE id BETWEEN 1494104 AND 1494113 ORDER BY c
	Sort  (cost=44.51..44.54 rows=11 width=121)
	  Sort Key: c
	  ->  Index Scan using sbtest3_pkey on sbtest3  (cost=0.43..44.32 rows=11 width=121)
	        Index Cond: ((id >= 1494104) AND (id <= 1494113))

table 4 : explain SELECT c FROM sbtest4 WHERE id BETWEEN 3267153 AND 3267162 ORDER BY c
	Sort  (cost=44.18..44.20 rows=11 width=121)
	  Sort Key: c
	  ->  Index Scan using sbtest4_pkey on sbtest4  (cost=0.43..43.98 rows=11 width=121)
	        Index Cond: ((id >= 3267153) AND (id <= 3267162))

table 5 : explain SELECT c FROM sbtest5 WHERE id BETWEEN 825661 AND 825670 ORDER BY c
	Sort  (cost=37.26..37.29 rows=9 width=121)
	  Sort Key: c
	  ->  Index Scan using sbtest5_pkey on sbtest5  (cost=0.43..37.12 rows=9 width=121)
	        Index Cond: ((id >= 825661) AND (id <= 825670))

table 6 : explain SELECT c FROM sbtest6 WHERE id BETWEEN 8714449 AND 8714458 ORDER BY c
	Sort  (cost=44.50..44.52 rows=11 width=121)
	  Sort Key: c
	  ->  Index Scan using sbtest6_pkey on sbtest6  (cost=0.43..44.31 rows=11 width=121)
	        Index Cond: ((id >= 8714449) AND (id <= 8714458))

table 7 : explain SELECT c FROM sbtest7 WHERE id BETWEEN 1350149 AND 1350158 ORDER BY c
	Sort  (cost=40.91..40.94 rows=10 width=121)
	  Sort Key: c
	  ->  Index Scan using sbtest7_pkey on sbtest7  (cost=0.43..40.75 rows=10 width=121)
	        Index Cond: ((id >= 1350149) AND (id <= 1350158))

table 8 : explain SELECT c FROM sbtest8 WHERE id BETWEEN 1107488 AND 1107497 ORDER BY c
	Sort  (cost=36.94..36.96 rows=9 width=121)
	  Sort Key: c
	  ->  Index Scan using sbtest8_pkey on sbtest8  (cost=0.43..36.79 rows=9 width=121)
	        Index Cond: ((id >= 1107488) AND (id <= 1107497))

explain: for non_index_updates :: explain UPDATE sbtest%u SET c='foobar' WHERE id=%u
for non_index_updates
table 1 : explain UPDATE sbtest1 SET c='foobar' WHERE id=6258057
	Update on sbtest1  (cost=0.43..8.45 rows=0 width=0)
	  ->  Index Scan using sbtest1_pkey on sbtest1  (cost=0.43..8.45 rows=1 width=490)
	        Index Cond: (id = 6258057)

table 2 : explain UPDATE sbtest2 SET c='foobar' WHERE id=8848726
	Update on sbtest2  (cost=0.43..8.45 rows=0 width=0)
	  ->  Index Scan using sbtest2_pkey on sbtest2  (cost=0.43..8.45 rows=1 width=490)
	        Index Cond: (id = 8848726)

table 3 : explain UPDATE sbtest3 SET c='foobar' WHERE id=2643285
	Update on sbtest3  (cost=0.43..8.45 rows=0 width=0)
	  ->  Index Scan using sbtest3_pkey on sbtest3  (cost=0.43..8.45 rows=1 width=490)
	        Index Cond: (id = 2643285)

table 4 : explain UPDATE sbtest4 SET c='foobar' WHERE id=6361970
	Update on sbtest4  (cost=0.43..8.45 rows=0 width=0)
	  ->  Index Scan using sbtest4_pkey on sbtest4  (cost=0.43..8.45 rows=1 width=490)
	        Index Cond: (id = 6361970)

table 5 : explain UPDATE sbtest5 SET c='foobar' WHERE id=2067663
	Update on sbtest5  (cost=0.43..8.45 rows=0 width=0)
	  ->  Index Scan using sbtest5_pkey on sbtest5  (cost=0.43..8.45 rows=1 width=490)
	        Index Cond: (id = 2067663)

table 6 : explain UPDATE sbtest6 SET c='foobar' WHERE id=3297840
	Update on sbtest6  (cost=0.43..8.45 rows=0 width=0)
	  ->  Index Scan using sbtest6_pkey on sbtest6  (cost=0.43..8.45 rows=1 width=490)
	        Index Cond: (id = 3297840)

table 7 : explain UPDATE sbtest7 SET c='foobar' WHERE id=4997236
	Update on sbtest7  (cost=0.43..8.45 rows=0 width=0)
	  ->  Index Scan using sbtest7_pkey on sbtest7  (cost=0.43..8.45 rows=1 width=490)
	        Index Cond: (id = 4997236)

table 8 : explain UPDATE sbtest8 SET c='foobar' WHERE id=5281241
	Update on sbtest8  (cost=0.43..8.45 rows=0 width=0)
	  ->  Index Scan using sbtest8_pkey on sbtest8  (cost=0.43..8.45 rows=1 width=490)
	        Index Cond: (id = 5281241)

for non_index_updates
table 1 : explain UPDATE sbtest1 SET c='foobar' WHERE id=2645111
	Update on sbtest1  (cost=0.43..8.45 rows=0 width=0)
	  ->  Index Scan using sbtest1_pkey on sbtest1  (cost=0.43..8.45 rows=1 width=490)
	        Index Cond: (id = 2645111)

table 2 : explain UPDATE sbtest2 SET c='foobar' WHERE id=482087
	Update on sbtest2  (cost=0.43..8.45 rows=0 width=0)
	  ->  Index Scan using sbtest2_pkey on sbtest2  (cost=0.43..8.45 rows=1 width=490)
	        Index Cond: (id = 482087)

table 3 : explain UPDATE sbtest3 SET c='foobar' WHERE id=5251462
	Update on sbtest3  (cost=0.43..8.45 rows=0 width=0)
	  ->  Index Scan using sbtest3_pkey on sbtest3  (cost=0.43..8.45 rows=1 width=490)
	        Index Cond: (id = 5251462)

table 4 : explain UPDATE sbtest4 SET c='foobar' WHERE id=5450433
	Update on sbtest4  (cost=0.43..8.45 rows=0 width=0)
	  ->  Index Scan using sbtest4_pkey on sbtest4  (cost=0.43..8.45 rows=1 width=490)
	        Index Cond: (id = 5450433)

table 5 : explain UPDATE sbtest5 SET c='foobar' WHERE id=840304
	Update on sbtest5  (cost=0.43..8.45 rows=0 width=0)
	  ->  Index Scan using sbtest5_pkey on sbtest5  (cost=0.43..8.45 rows=1 width=490)
	        Index Cond: (id = 840304)

table 6 : explain UPDATE sbtest6 SET c='foobar' WHERE id=4239429
	Update on sbtest6  (cost=0.43..8.45 rows=0 width=0)
	  ->  Index Scan using sbtest6_pkey on sbtest6  (cost=0.43..8.45 rows=1 width=490)
	        Index Cond: (id = 4239429)

table 7 : explain UPDATE sbtest7 SET c='foobar' WHERE id=3860689
	Update on sbtest7  (cost=0.43..8.45 rows=0 width=0)
	  ->  Index Scan using sbtest7_pkey on sbtest7  (cost=0.43..8.45 rows=1 width=490)
	        Index Cond: (id = 3860689)

table 8 : explain UPDATE sbtest8 SET c='foobar' WHERE id=9795853
	Update on sbtest8  (cost=0.43..8.45 rows=0 width=0)
	  ->  Index Scan using sbtest8_pkey on sbtest8  (cost=0.43..8.45 rows=1 width=490)
	        Index Cond: (id = 9795853)

explain: for deletes :: explain DELETE FROM sbtest%u WHERE id=%u
explain: for deletes :: explain DELETE FROM sbtest%u WHERE id=%u
explain: for non_index_updates :: explain UPDATE sbtest%u SET c='foobar' WHERE id=%u
for deletes
table 1 : explain DELETE FROM sbtest1 WHERE id=494935
	Delete on sbtest1  (cost=0.43..8.45 rows=0 width=0)
	  ->  Index Scan using sbtest1_pkey on sbtest1  (cost=0.43..8.45 rows=1 width=6)
	        Index Cond: (id = 494935)

table 2 : explain DELETE FROM sbtest2 WHERE id=6902597
	Delete on sbtest2  (cost=0.43..8.45 rows=0 width=0)
	  ->  Index Scan using sbtest2_pkey on sbtest2  (cost=0.43..8.45 rows=1 width=6)
	        Index Cond: (id = 6902597)

table 3 : explain DELETE FROM sbtest3 WHERE id=3037127
	Delete on sbtest3  (cost=0.43..8.45 rows=0 width=0)
	  ->  Index Scan using sbtest3_pkey on sbtest3  (cost=0.43..8.45 rows=1 width=6)
	        Index Cond: (id = 3037127)

table 4 : explain DELETE FROM sbtest4 WHERE id=5536470
	Delete on sbtest4  (cost=0.43..8.45 rows=0 width=0)
	  ->  Index Scan using sbtest4_pkey on sbtest4  (cost=0.43..8.45 rows=1 width=6)
	        Index Cond: (id = 5536470)

table 5 : explain DELETE FROM sbtest5 WHERE id=335193
	Delete on sbtest5  (cost=0.43..8.45 rows=0 width=0)
	  ->  Index Scan using sbtest5_pkey on sbtest5  (cost=0.43..8.45 rows=1 width=6)
	        Index Cond: (id = 335193)

table 6 : explain DELETE FROM sbtest6 WHERE id=8419015
	Delete on sbtest6  (cost=0.43..8.45 rows=0 width=0)
	  ->  Index Scan using sbtest6_pkey on sbtest6  (cost=0.43..8.45 rows=1 width=6)
	        Index Cond: (id = 8419015)

table 7 : explain DELETE FROM sbtest7 WHERE id=8289060
	Delete on sbtest7  (cost=0.43..8.45 rows=0 width=0)
	  ->  Index Scan using sbtest7_pkey on sbtest7  (cost=0.43..8.45 rows=1 width=6)
	        Index Cond: (id = 8289060)

table 8 : explain DELETE FROM sbtest8 WHERE id=1706181
	Delete on sbtest8  (cost=0.43..8.45 rows=0 width=0)
	  ->  Index Scan using sbtest8_pkey on sbtest8  (cost=0.43..8.45 rows=1 width=6)
	        Index Cond: (id = 1706181)

for non_index_updates
table 1 : explain UPDATE sbtest1 SET c='foobar' WHERE id=7307901
	Update on sbtest1  (cost=0.43..8.45 rows=0 width=0)
	  ->  Index Scan using sbtest1_pkey on sbtest1  (cost=0.43..8.45 rows=1 width=490)
	        Index Cond: (id = 7307901)

table 2 : explain UPDATE sbtest2 SET c='foobar' WHERE id=7961493
	Update on sbtest2  (cost=0.43..8.45 rows=0 width=0)
	  ->  Index Scan using sbtest2_pkey on sbtest2  (cost=0.43..8.45 rows=1 width=490)
	        Index Cond: (id = 7961493)

table 3 : explain UPDATE sbtest3 SET c='foobar' WHERE id=7236664
	Update on sbtest3  (cost=0.43..8.45 rows=0 width=0)
	  ->  Index Scan using sbtest3_pkey on sbtest3  (cost=0.43..8.45 rows=1 width=490)
	        Index Cond: (id = 7236664)

table 4 : explain UPDATE sbtest4 SET c='foobar' WHERE id=1109927
	Update on sbtest4  (cost=0.43..8.45 rows=0 width=0)
	  ->  Index Scan using sbtest4_pkey on sbtest4  (cost=0.43..8.45 rows=1 width=490)
	        Index Cond: (id = 1109927)

table 5 : explain UPDATE sbtest5 SET c='foobar' WHERE id=9144885
	Update on sbtest5  (cost=0.43..8.45 rows=0 width=0)
	  ->  Index Scan using sbtest5_pkey on sbtest5  (cost=0.43..8.45 rows=1 width=490)
	        Index Cond: (id = 9144885)

table 6 : explain UPDATE sbtest6 SET c='foobar' WHERE id=7864113
	Update on sbtest6  (cost=0.43..8.45 rows=0 width=0)
	  ->  Index Scan using sbtest6_pkey on sbtest6  (cost=0.43..8.45 rows=1 width=490)
	        Index Cond: (id = 7864113)

table 7 : explain UPDATE sbtest7 SET c='foobar' WHERE id=7446917
	Update on sbtest7  (cost=0.43..8.45 rows=0 width=0)
	  ->  Index Scan using sbtest7_pkey on sbtest7  (cost=0.43..8.45 rows=1 width=490)
	        Index Cond: (id = 7446917)

table 8 : explain UPDATE sbtest8 SET c='foobar' WHERE id=7717745
	Update on sbtest8  (cost=0.43..8.45 rows=0 width=0)
	  ->  Index Scan using sbtest8_pkey on sbtest8  (cost=0.43..8.45 rows=1 width=490)
	        Index Cond: (id = 7717745)

for deletes
table 1 : explain DELETE FROM sbtest1 WHERE id=2083178
	Delete on sbtest1  (cost=0.43..8.45 rows=0 width=0)
	  ->  Index Scan using sbtest1_pkey on sbtest1  (cost=0.43..8.45 rows=1 width=6)
	        Index Cond: (id = 2083178)

table 2 : explain DELETE FROM sbtest2 WHERE id=2880591
	Delete on sbtest2  (cost=0.43..8.45 rows=0 width=0)
	  ->  Index Scan using sbtest2_pkey on sbtest2  (cost=0.43..8.45 rows=1 width=6)
	        Index Cond: (id = 2880591)

table 3 : explain DELETE FROM sbtest3 WHERE id=1789141
	Delete on sbtest3  (cost=0.43..8.45 rows=0 width=0)
	  ->  Index Scan using sbtest3_pkey on sbtest3  (cost=0.43..8.45 rows=1 width=6)
	        Index Cond: (id = 1789141)

table 4 : explain DELETE FROM sbtest4 WHERE id=3310638
	Delete on sbtest4  (cost=0.43..8.45 rows=0 width=0)
	  ->  Index Scan using sbtest4_pkey on sbtest4  (cost=0.43..8.45 rows=1 width=6)
	        Index Cond: (id = 3310638)

table 5 : explain DELETE FROM sbtest5 WHERE id=2365831
	Delete on sbtest5  (cost=0.43..8.45 rows=0 width=0)
	  ->  Index Scan using sbtest5_pkey on sbtest5  (cost=0.43..8.45 rows=1 width=6)
	        Index Cond: (id = 2365831)

table 6 : explain DELETE FROM sbtest6 WHERE id=8241951
	Delete on sbtest6  (cost=0.43..8.45 rows=0 width=0)
	  ->  Index Scan using sbtest6_pkey on sbtest6  (cost=0.43..8.45 rows=1 width=6)
	        Index Cond: (id = 8241951)

table 7 : explain DELETE FROM sbtest7 WHERE id=3030647
	Delete on sbtest7  (cost=0.43..8.45 rows=0 width=0)
	  ->  Index Scan using sbtest7_pkey on sbtest7  (cost=0.43..8.45 rows=1 width=6)
	        Index Cond: (id = 3030647)

table 8 : explain DELETE FROM sbtest8 WHERE id=234527
	Delete on sbtest8  (cost=0.43..8.45 rows=0 width=0)
	  ->  Index Scan using sbtest8_pkey on sbtest8  (cost=0.43..8.45 rows=1 width=6)
	        Index Cond: (id = 234527)

explain: for inserts :: explain INSERT INTO sbtest%u (id, k, c, pad) VALUES (%u, 13, 'foobar', 'foobar')
explain: for inserts :: explain INSERT INTO sbtest%u (id, k, c, pad) VALUES (%u, 13, 'foobar', 'foobar')
explain: for deletes :: explain DELETE FROM sbtest%u WHERE id=%u
explain: for inserts :: explain INSERT INTO sbtest%u (id, k, c, pad) VALUES (%u, 13, 'foobar', 'foobar')
explain: for inserts :: explain INSERT INTO sbtest%u (id, k, c, pad) VALUES (%u, 13, 'foobar', 'foobar')
explain: for non_index_updates :: explain UPDATE sbtest%u SET c='foobar' WHERE id=%u
for inserts
table 1 : explain INSERT INTO sbtest1 (id, k, c, pad) VALUES (6451844, 13, 'foobar', 'foobar')
	Insert on sbtest1  (cost=0.00..0.01 rows=0 width=0)
	  ->  Result  (cost=0.00..0.01 rows=1 width=736)

table 2 : explain INSERT INTO sbtest2 (id, k, c, pad) VALUES (7969485, 13, 'foobar', 'foobar')
	Insert on sbtest2  (cost=0.00..0.01 rows=0 width=0)
	  ->  Result  (cost=0.00..0.01 rows=1 width=736)

table 3 : explain INSERT INTO sbtest3 (id, k, c, pad) VALUES (4379745, 13, 'foobar', 'foobar')
	Insert on sbtest3  (cost=0.00..0.01 rows=0 width=0)
	  ->  Result  (cost=0.00..0.01 rows=1 width=736)

table 4 : explain INSERT INTO sbtest4 (id, k, c, pad) VALUES (6861458, 13, 'foobar', 'foobar')
	Insert on sbtest4  (cost=0.00..0.01 rows=0 width=0)
	  ->  Result  (cost=0.00..0.01 rows=1 width=736)

table 5 : explain INSERT INTO sbtest5 (id, k, c, pad) VALUES (8521067, 13, 'foobar', 'foobar')
	Insert on sbtest5  (cost=0.00..0.01 rows=0 width=0)
	  ->  Result  (cost=0.00..0.01 rows=1 width=736)

table 6 : explain INSERT INTO sbtest6 (id, k, c, pad) VALUES (2638695, 13, 'foobar', 'foobar')
	Insert on sbtest6  (cost=0.00..0.01 rows=0 width=0)
	  ->  Result  (cost=0.00..0.01 rows=1 width=736)

table 7 : explain INSERT INTO sbtest7 (id, k, c, pad) VALUES (9726848, 13, 'foobar', 'foobar')
	Insert on sbtest7  (cost=0.00..0.01 rows=0 width=0)
	  ->  Result  (cost=0.00..0.01 rows=1 width=736)

table 8 : explain INSERT INTO sbtest8 (id, k, c, pad) VALUES (9107251, 13, 'foobar', 'foobar')
	Insert on sbtest8  (cost=0.00..0.01 rows=0 width=0)
	  ->  Result  (cost=0.00..0.01 rows=1 width=736)

for inserts
table 1 : explain INSERT INTO sbtest1 (id, k, c, pad) VALUES (5046576, 13, 'foobar', 'foobar')
	Insert on sbtest1  (cost=0.00..0.01 rows=0 width=0)
	  ->  Result  (cost=0.00..0.01 rows=1 width=736)

table 2 : explain INSERT INTO sbtest2 (id, k, c, pad) VALUES (329949, 13, 'foobar', 'foobar')
	Insert on sbtest2  (cost=0.00..0.01 rows=0 width=0)
	  ->  Result  (cost=0.00..0.01 rows=1 width=736)

table 3 : explain INSERT INTO sbtest3 (id, k, c, pad) VALUES (5157254, 13, 'foobar', 'foobar')
	Insert on sbtest3  (cost=0.00..0.01 rows=0 width=0)
	  ->  Result  (cost=0.00..0.01 rows=1 width=736)

table 4 : explain INSERT INTO sbtest4 (id, k, c, pad) VALUES (7041097, 13, 'foobar', 'foobar')
	Insert on sbtest4  (cost=0.00..0.01 rows=0 width=0)
	  ->  Result  (cost=0.00..0.01 rows=1 width=736)

table 5 : explain INSERT INTO sbtest5 (id, k, c, pad) VALUES (4294169, 13, 'foobar', 'foobar')
	Insert on sbtest5  (cost=0.00..0.01 rows=0 width=0)
	  ->  Result  (cost=0.00..0.01 rows=1 width=736)

table 6 : explain INSERT INTO sbtest6 (id, k, c, pad) VALUES (1969377, 13, 'foobar', 'foobar')
	Insert on sbtest6  (cost=0.00..0.01 rows=0 width=0)
	  ->  Result  (cost=0.00..0.01 rows=1 width=736)

table 7 : explain INSERT INTO sbtest7 (id, k, c, pad) VALUES (3055425, 13, 'foobar', 'foobar')
	Insert on sbtest7  (cost=0.00..0.01 rows=0 width=0)
	  ->  Result  (cost=0.00..0.01 rows=1 width=736)

table 8 : explain INSERT INTO sbtest8 (id, k, c, pad) VALUES (4974262, 13, 'foobar', 'foobar')
	Insert on sbtest8  (cost=0.00..0.01 rows=0 width=0)
	  ->  Result  (cost=0.00..0.01 rows=1 width=736)

for: distinct_ranges
table 1 : explain SELECT DISTINCT c FROM sbtest1 WHERE id BETWEEN 862797 AND 862806 ORDER BY c
	Unique  (cost=41.04..41.09 rows=10 width=121)
	  ->  Sort  (cost=41.04..41.07 rows=10 width=121)
	        Sort Key: c
	        ->  Index Scan using sbtest1_pkey on sbtest1  (cost=0.43..40.88 rows=10 width=121)
	              Index Cond: ((id >= 862797) AND (id <= 862806))

table 2 : explain SELECT DISTINCT c FROM sbtest2 WHERE id BETWEEN 1758905 AND 1758914 ORDER BY c
	Unique  (cost=41.05..41.10 rows=10 width=121)
	  ->  Sort  (cost=41.05..41.08 rows=10 width=121)
	        Sort Key: c
	        ->  Index Scan using sbtest2_pkey on sbtest2  (cost=0.43..40.89 rows=10 width=121)
	              Index Cond: ((id >= 1758905) AND (id <= 1758914))

table 3 : explain SELECT DISTINCT c FROM sbtest3 WHERE id BETWEEN 8158212 AND 8158221 ORDER BY c
	Unique  (cost=44.51..44.57 rows=11 width=121)
	  ->  Sort  (cost=44.51..44.54 rows=11 width=121)
	        Sort Key: c
	        ->  Index Scan using sbtest3_pkey on sbtest3  (cost=0.43..44.32 rows=11 width=121)
	              Index Cond: ((id >= 8158212) AND (id <= 8158221))

table 4 : explain SELECT DISTINCT c FROM sbtest4 WHERE id BETWEEN 5934267 AND 5934276 ORDER BY c
	Unique  (cost=44.18..44.23 rows=11 width=121)
	  ->  Sort  (cost=44.18..44.20 rows=11 width=121)
	        Sort Key: c
	        ->  Index Scan using sbtest4_pkey on sbtest4  (cost=0.43..43.98 rows=11 width=121)
	              Index Cond: ((id >= 5934267) AND (id <= 5934276))

table 5 : explain SELECT DISTINCT c FROM sbtest5 WHERE id BETWEEN 6234131 AND 6234140 ORDER BY c
	Unique  (cost=40.87..40.92 rows=10 width=121)
	  ->  Sort  (cost=40.87..40.89 rows=10 width=121)
	        Sort Key: c
	        ->  Index Scan using sbtest5_pkey on sbtest5  (cost=0.43..40.70 rows=10 width=121)
	              Index Cond: ((id >= 6234131) AND (id <= 6234140))

table 6 : explain SELECT DISTINCT c FROM sbtest6 WHERE id BETWEEN 7821722 AND 7821731 ORDER BY c
	Unique  (cost=40.89..40.94 rows=10 width=121)
	  ->  Sort  (cost=40.89..40.91 rows=10 width=121)
	        Sort Key: c
	        ->  Index Scan using sbtest6_pkey on sbtest6  (cost=0.43..40.72 rows=10 width=121)
	              Index Cond: ((id >= 7821722) AND (id <= 7821731))

table 7 : explain SELECT DISTINCT c FROM sbtest7 WHERE id BETWEEN 8908138 AND 8908147 ORDER BY c
	Unique  (cost=44.53..44.58 rows=11 width=121)
	  ->  Sort  (cost=44.53..44.55 rows=11 width=121)
	        Sort Key: c
	        ->  Index Scan using sbtest7_pkey on sbtest7  (cost=0.43..44.34 rows=11 width=121)
	              Index Cond: ((id >= 8908138) AND (id <= 8908147))

table 8 : explain SELECT DISTINCT c FROM sbtest8 WHERE id BETWEEN 1613205 AND 1613214 ORDER BY c
	Unique  (cost=44.07..44.12 rows=11 width=121)
	  ->  Sort  (cost=44.07..44.10 rows=11 width=121)
	        Sort Key: c
	        ->  Index Scan using sbtest8_pkey on sbtest8  (cost=0.43..43.88 rows=11 width=121)
	              Index Cond: ((id >= 1613205) AND (id <= 1613214))

for non_index_updates
table 1 : explain UPDATE sbtest1 SET c='foobar' WHERE id=13075
	Update on sbtest1  (cost=0.43..8.45 rows=0 width=0)
	  ->  Index Scan using sbtest1_pkey on sbtest1  (cost=0.43..8.45 rows=1 width=490)
	        Index Cond: (id = 13075)

table 2 : explain UPDATE sbtest2 SET c='foobar' WHERE id=933337
	Update on sbtest2  (cost=0.43..8.45 rows=0 width=0)
	  ->  Index Scan using sbtest2_pkey on sbtest2  (cost=0.43..8.45 rows=1 width=490)
	        Index Cond: (id = 933337)

table 3 : explain UPDATE sbtest3 SET c='foobar' WHERE id=2600918
	Update on sbtest3  (cost=0.43..8.45 rows=0 width=0)
	  ->  Index Scan using sbtest3_pkey on sbtest3  (cost=0.43..8.45 rows=1 width=490)
	        Index Cond: (id = 2600918)

table 4 : explain UPDATE sbtest4 SET c='foobar' WHERE id=4028333
	Update on sbtest4  (cost=0.43..8.45 rows=0 width=0)
	  ->  Index Scan using sbtest4_pkey on sbtest4  (cost=0.43..8.45 rows=1 width=490)
	        Index Cond: (id = 4028333)

table 5 : explain UPDATE sbtest5 SET c='foobar' WHERE id=2526289
	Update on sbtest5  (cost=0.43..8.45 rows=0 width=0)
	  ->  Index Scan using sbtest5_pkey on sbtest5  (cost=0.43..8.45 rows=1 width=490)
	        Index Cond: (id = 2526289)

table 6 : explain UPDATE sbtest6 SET c='foobar' WHERE id=1580600
	Update on sbtest6  (cost=0.43..8.45 rows=0 width=0)
	  ->  Index Scan using sbtest6_pkey on sbtest6  (cost=0.43..8.45 rows=1 width=490)
	        Index Cond: (id = 1580600)

table 7 : explain UPDATE sbtest7 SET c='foobar' WHERE id=3973047
	Update on sbtest7  (cost=0.43..8.45 rows=0 width=0)
	  ->  Index Scan using sbtest7_pkey on sbtest7  (cost=0.43..8.45 rows=1 width=490)
	        Index Cond: (id = 3973047)

table 8 : explain UPDATE sbtest8 SET c='foobar' WHERE id=410980
	Update on sbtest8  (cost=0.43..8.45 rows=0 width=0)
	  ->  Index Scan using sbtest8_pkey on sbtest8  (cost=0.43..8.45 rows=1 width=490)
	        Index Cond: (id = 410980)

for inserts
table 1 : explain INSERT INTO sbtest1 (id, k, c, pad) VALUES (1044850, 13, 'foobar', 'foobar')
	Insert on sbtest1  (cost=0.00..0.01 rows=0 width=0)
	  ->  Result  (cost=0.00..0.01 rows=1 width=736)

table 2 : explain INSERT INTO sbtest2 (id, k, c, pad) VALUES (2247947, 13, 'foobar', 'foobar')
	Insert on sbtest2  (cost=0.00..0.01 rows=0 width=0)
	  ->  Result  (cost=0.00..0.01 rows=1 width=736)

table 3 : explain INSERT INTO sbtest3 (id, k, c, pad) VALUES (2023852, 13, 'foobar', 'foobar')
	Insert on sbtest3  (cost=0.00..0.01 rows=0 width=0)
	  ->  Result  (cost=0.00..0.01 rows=1 width=736)

table 4 : explain INSERT INTO sbtest4 (id, k, c, pad) VALUES (4356597, 13, 'foobar', 'foobar')
	Insert on sbtest4  (cost=0.00..0.01 rows=0 width=0)
	  ->  Result  (cost=0.00..0.01 rows=1 width=736)

table 5 : explain INSERT INTO sbtest5 (id, k, c, pad) VALUES (8357080, 13, 'foobar', 'foobar')
	Insert on sbtest5  (cost=0.00..0.01 rows=0 width=0)
	  ->  Result  (cost=0.00..0.01 rows=1 width=736)

table 6 : explain INSERT INTO sbtest6 (id, k, c, pad) VALUES (1014327, 13, 'foobar', 'foobar')
	Insert on sbtest6  (cost=0.00..0.01 rows=0 width=0)
	  ->  Result  (cost=0.00..0.01 rows=1 width=736)

table 7 : explain INSERT INTO sbtest7 (id, k, c, pad) VALUES (220611, 13, 'foobar', 'foobar')
	Insert on sbtest7  (cost=0.00..0.01 rows=0 width=0)
	  ->  Result  (cost=0.00..0.01 rows=1 width=736)

table 8 : explain INSERT INTO sbtest8 (id, k, c, pad) VALUES (9927209, 13, 'foobar', 'foobar')
	Insert on sbtest8  (cost=0.00..0.01 rows=0 width=0)
	  ->  Result  (cost=0.00..0.01 rows=1 width=736)

for deletes
table 1 : explain DELETE FROM sbtest1 WHERE id=6369995
	Delete on sbtest1  (cost=0.43..8.45 rows=0 width=0)
	  ->  Index Scan using sbtest1_pkey on sbtest1  (cost=0.43..8.45 rows=1 width=6)
	        Index Cond: (id = 6369995)

table 2 : explain DELETE FROM sbtest2 WHERE id=9187340
	Delete on sbtest2  (cost=0.43..8.45 rows=0 width=0)
	  ->  Index Scan using sbtest2_pkey on sbtest2  (cost=0.43..8.45 rows=1 width=6)
	        Index Cond: (id = 9187340)

table 3 : explain DELETE FROM sbtest3 WHERE id=5227174
	Delete on sbtest3  (cost=0.43..8.45 rows=0 width=0)
	  ->  Index Scan using sbtest3_pkey on sbtest3  (cost=0.43..8.45 rows=1 width=6)
	        Index Cond: (id = 5227174)

table 4 : explain DELETE FROM sbtest4 WHERE id=6404635
	Delete on sbtest4  (cost=0.43..8.45 rows=0 width=0)
	  ->  Index Scan using sbtest4_pkey on sbtest4  (cost=0.43..8.45 rows=1 width=6)
	        Index Cond: (id = 6404635)

table 5 : explain DELETE FROM sbtest5 WHERE id=9173332
	Delete on sbtest5  (cost=0.43..8.45 rows=0 width=0)
	  ->  Index Scan using sbtest5_pkey on sbtest5  (cost=0.43..8.45 rows=1 width=6)
	        Index Cond: (id = 9173332)

table 6 : explain DELETE FROM sbtest6 WHERE id=7521758
	Delete on sbtest6  (cost=0.43..8.45 rows=0 width=0)
	  ->  Index Scan using sbtest6_pkey on sbtest6  (cost=0.43..8.45 rows=1 width=6)
	        Index Cond: (id = 7521758)

table 7 : explain DELETE FROM sbtest7 WHERE id=3400522
	Delete on sbtest7  (cost=0.43..8.45 rows=0 width=0)
	  ->  Index Scan using sbtest7_pkey on sbtest7  (cost=0.43..8.45 rows=1 width=6)
	        Index Cond: (id = 3400522)

table 8 : explain DELETE FROM sbtest8 WHERE id=8014123
	Delete on sbtest8  (cost=0.43..8.45 rows=0 width=0)
	  ->  Index Scan using sbtest8_pkey on sbtest8  (cost=0.43..8.45 rows=1 width=6)
	        Index Cond: (id = 8014123)

explain: for index_updates :: explain UPDATE sbtest%u SET k=k+1 WHERE id=%u
for non_index_updates
table 1 : explain UPDATE sbtest1 SET c='foobar' WHERE id=5190367
	Update on sbtest1  (cost=0.43..8.45 rows=0 width=0)
	  ->  Index Scan using sbtest1_pkey on sbtest1  (cost=0.43..8.45 rows=1 width=490)
	        Index Cond: (id = 5190367)

table 2 : explain UPDATE sbtest2 SET c='foobar' WHERE id=7904877
	Update on sbtest2  (cost=0.43..8.45 rows=0 width=0)
	  ->  Index Scan using sbtest2_pkey on sbtest2  (cost=0.43..8.45 rows=1 width=490)
	        Index Cond: (id = 7904877)

table 3 : explain UPDATE sbtest3 SET c='foobar' WHERE id=2975172
	Update on sbtest3  (cost=0.43..8.45 rows=0 width=0)
	  ->  Index Scan using sbtest3_pkey on sbtest3  (cost=0.43..8.45 rows=1 width=490)
	        Index Cond: (id = 2975172)

table 4 : explain UPDATE sbtest4 SET c='foobar' WHERE id=9274427
	Update on sbtest4  (cost=0.43..8.45 rows=0 width=0)
	  ->  Index Scan using sbtest4_pkey on sbtest4  (cost=0.43..8.45 rows=1 width=490)
	        Index Cond: (id = 9274427)

table 5 : explain UPDATE sbtest5 SET c='foobar' WHERE id=7936785
	Update on sbtest5  (cost=0.43..8.45 rows=0 width=0)
	  ->  Index Scan using sbtest5_pkey on sbtest5  (cost=0.43..8.45 rows=1 width=490)
	        Index Cond: (id = 7936785)

table 6 : explain UPDATE sbtest6 SET c='foobar' WHERE id=6197253
	Update on sbtest6  (cost=0.43..8.45 rows=0 width=0)
	  ->  Index Scan using sbtest6_pkey on sbtest6  (cost=0.43..8.45 rows=1 width=490)
	        Index Cond: (id = 6197253)

table 7 : explain UPDATE sbtest7 SET c='foobar' WHERE id=5142303
	Update on sbtest7  (cost=0.43..8.45 rows=0 width=0)
	  ->  Index Scan using sbtest7_pkey on sbtest7  (cost=0.43..8.45 rows=1 width=490)
	        Index Cond: (id = 5142303)

table 8 : explain UPDATE sbtest8 SET c='foobar' WHERE id=5821809
	Update on sbtest8  (cost=0.43..8.45 rows=0 width=0)
	  ->  Index Scan using sbtest8_pkey on sbtest8  (cost=0.43..8.45 rows=1 width=490)
	        Index Cond: (id = 5821809)

explain: for deletes :: explain DELETE FROM sbtest%u WHERE id=%u
explain: for deletes :: explain DELETE FROM sbtest%u WHERE id=%u
explain: for inserts :: explain INSERT INTO sbtest%u (id, k, c, pad) VALUES (%u, 13, 'foobar', 'foobar')
for deletes
table 1 : explain DELETE FROM sbtest1 WHERE id=2013235
	Delete on sbtest1  (cost=0.43..8.45 rows=0 width=0)
	  ->  Index Scan using sbtest1_pkey on sbtest1  (cost=0.43..8.45 rows=1 width=6)
	        Index Cond: (id = 2013235)

table 2 : explain DELETE FROM sbtest2 WHERE id=1920819
	Delete on sbtest2  (cost=0.43..8.45 rows=0 width=0)
	  ->  Index Scan using sbtest2_pkey on sbtest2  (cost=0.43..8.45 rows=1 width=6)
	        Index Cond: (id = 1920819)

table 3 : explain DELETE FROM sbtest3 WHERE id=8846167
	Delete on sbtest3  (cost=0.43..8.45 rows=0 width=0)
	  ->  Index Scan using sbtest3_pkey on sbtest3  (cost=0.43..8.45 rows=1 width=6)
	        Index Cond: (id = 8846167)

table 4 : explain DELETE FROM sbtest4 WHERE id=1594048
	Delete on sbtest4  (cost=0.43..8.45 rows=0 width=0)
	  ->  Index Scan using sbtest4_pkey on sbtest4  (cost=0.43..8.45 rows=1 width=6)
	        Index Cond: (id = 1594048)

table 5 : explain DELETE FROM sbtest5 WHERE id=4690640
	Delete on sbtest5  (cost=0.43..8.45 rows=0 width=0)
	  ->  Index Scan using sbtest5_pkey on sbtest5  (cost=0.43..8.45 rows=1 width=6)
	        Index Cond: (id = 4690640)

table 6 : explain DELETE FROM sbtest6 WHERE id=3342091
	Delete on sbtest6  (cost=0.43..8.45 rows=0 width=0)
	  ->  Index Scan using sbtest6_pkey on sbtest6  (cost=0.43..8.45 rows=1 width=6)
	        Index Cond: (id = 3342091)

table 7 : explain DELETE FROM sbtest7 WHERE id=8620456
	Delete on sbtest7  (cost=0.43..8.45 rows=0 width=0)
	  ->  Index Scan using sbtest7_pkey on sbtest7  (cost=0.43..8.45 rows=1 width=6)
	        Index Cond: (id = 8620456)

table 8 : explain DELETE FROM sbtest8 WHERE id=4600972
	Delete on sbtest8  (cost=0.43..8.45 rows=0 width=0)
	  ->  Index Scan using sbtest8_pkey on sbtest8  (cost=0.43..8.45 rows=1 width=6)
	        Index Cond: (id = 4600972)

for index_updates
table 1 : explain UPDATE sbtest1 SET k=k+1 WHERE id=2300526
	Update on sbtest1  (cost=0.43..8.46 rows=0 width=0)
	  ->  Index Scan using sbtest1_pkey on sbtest1  (cost=0.43..8.46 rows=1 width=10)
	        Index Cond: (id = 2300526)

table 2 : explain UPDATE sbtest2 SET k=k+1 WHERE id=7013045
	Update on sbtest2  (cost=0.43..8.46 rows=0 width=0)
	  ->  Index Scan using sbtest2_pkey on sbtest2  (cost=0.43..8.46 rows=1 width=10)
	        Index Cond: (id = 7013045)

table 3 : explain UPDATE sbtest3 SET k=k+1 WHERE id=1215092
	Update on sbtest3  (cost=0.43..8.46 rows=0 width=0)
	  ->  Index Scan using sbtest3_pkey on sbtest3  (cost=0.43..8.46 rows=1 width=10)
	        Index Cond: (id = 1215092)

table 4 : explain UPDATE sbtest4 SET k=k+1 WHERE id=7939594
	Update on sbtest4  (cost=0.43..8.46 rows=0 width=0)
	  ->  Index Scan using sbtest4_pkey on sbtest4  (cost=0.43..8.46 rows=1 width=10)
	        Index Cond: (id = 7939594)

table 5 : explain UPDATE sbtest5 SET k=k+1 WHERE id=8683965
	Update on sbtest5  (cost=0.43..8.46 rows=0 width=0)
	  ->  Index Scan using sbtest5_pkey on sbtest5  (cost=0.43..8.46 rows=1 width=10)
	        Index Cond: (id = 8683965)

table 6 : explain UPDATE sbtest6 SET k=k+1 WHERE id=6079554
	Update on sbtest6  (cost=0.43..8.46 rows=0 width=0)
	  ->  Index Scan using sbtest6_pkey on sbtest6  (cost=0.43..8.46 rows=1 width=10)
	        Index Cond: (id = 6079554)

table 7 : explain UPDATE sbtest7 SET k=k+1 WHERE id=3493153
	Update on sbtest7  (cost=0.43..8.46 rows=0 width=0)
	  ->  Index Scan using sbtest7_pkey on sbtest7  (cost=0.43..8.46 rows=1 width=10)
	        Index Cond: (id = 3493153)

table 8 : explain UPDATE sbtest8 SET k=k+1 WHERE id=7332603
	Update on sbtest8  (cost=0.43..8.46 rows=0 width=0)
	  ->  Index Scan using sbtest8_pkey on sbtest8  (cost=0.43..8.46 rows=1 width=10)
	        Index Cond: (id = 7332603)

explain: for inserts :: explain INSERT INTO sbtest%u (id, k, c, pad) VALUES (%u, 13, 'foobar', 'foobar')
for inserts
table 1 : explain INSERT INTO sbtest1 (id, k, c, pad) VALUES (1759578, 13, 'foobar', 'foobar')
	Insert on sbtest1  (cost=0.00..0.01 rows=0 width=0)
	  ->  Result  (cost=0.00..0.01 rows=1 width=736)

table 2 : explain INSERT INTO sbtest2 (id, k, c, pad) VALUES (2291768, 13, 'foobar', 'foobar')
	Insert on sbtest2  (cost=0.00..0.01 rows=0 width=0)
	  ->  Result  (cost=0.00..0.01 rows=1 width=736)

table 3 : explain INSERT INTO sbtest3 (id, k, c, pad) VALUES (5189604, 13, 'foobar', 'foobar')
	Insert on sbtest3  (cost=0.00..0.01 rows=0 width=0)
	  ->  Result  (cost=0.00..0.01 rows=1 width=736)

table 4 : explain INSERT INTO sbtest4 (id, k, c, pad) VALUES (7503885, 13, 'foobar', 'foobar')
	Insert on sbtest4  (cost=0.00..0.01 rows=0 width=0)
	  ->  Result  (cost=0.00..0.01 rows=1 width=736)

table 5 : explain INSERT INTO sbtest5 (id, k, c, pad) VALUES (4983126, 13, 'foobar', 'foobar')
	Insert on sbtest5  (cost=0.00..0.01 rows=0 width=0)
	  ->  Result  (cost=0.00..0.01 rows=1 width=736)

table 6 : explain INSERT INTO sbtest6 (id, k, c, pad) VALUES (4877659, 13, 'foobar', 'foobar')
	Insert on sbtest6  (cost=0.00..0.01 rows=0 width=0)
	  ->  Result  (cost=0.00..0.01 rows=1 width=736)

table 7 : explain INSERT INTO sbtest7 (id, k, c, pad) VALUES (5745309, 13, 'foobar', 'foobar')
	Insert on sbtest7  (cost=0.00..0.01 rows=0 width=0)
	  ->  Result  (cost=0.00..0.01 rows=1 width=736)

table 8 : explain INSERT INTO sbtest8 (id, k, c, pad) VALUES (3734925, 13, 'foobar', 'foobar')
	Insert on sbtest8  (cost=0.00..0.01 rows=0 width=0)
	  ->  Result  (cost=0.00..0.01 rows=1 width=736)

explain: for non_index_updates :: explain UPDATE sbtest%u SET c='foobar' WHERE id=%u
for deletes
table 1 : explain DELETE FROM sbtest1 WHERE id=7896545
	Delete on sbtest1  (cost=0.43..8.45 rows=0 width=0)
	  ->  Index Scan using sbtest1_pkey on sbtest1  (cost=0.43..8.45 rows=1 width=6)
	        Index Cond: (id = 7896545)

table 2 : explain DELETE FROM sbtest2 WHERE id=3494585
	Delete on sbtest2  (cost=0.43..8.45 rows=0 width=0)
	  ->  Index Scan using sbtest2_pkey on sbtest2  (cost=0.43..8.45 rows=1 width=6)
	        Index Cond: (id = 3494585)

table 3 : explain DELETE FROM sbtest3 WHERE id=2946437
	Delete on sbtest3  (cost=0.43..8.45 rows=0 width=0)
	  ->  Index Scan using sbtest3_pkey on sbtest3  (cost=0.43..8.45 rows=1 width=6)
	        Index Cond: (id = 2946437)

table 4 : explain DELETE FROM sbtest4 WHERE id=4951358
	Delete on sbtest4  (cost=0.43..8.45 rows=0 width=0)
	  ->  Index Scan using sbtest4_pkey on sbtest4  (cost=0.43..8.45 rows=1 width=6)
	        Index Cond: (id = 4951358)

table 5 : explain DELETE FROM sbtest5 WHERE id=3926495
	Delete on sbtest5  (cost=0.43..8.45 rows=0 width=0)
	  ->  Index Scan using sbtest5_pkey on sbtest5  (cost=0.43..8.45 rows=1 width=6)
	        Index Cond: (id = 3926495)

table 6 : explain DELETE FROM sbtest6 WHERE id=7295719
	Delete on sbtest6  (cost=0.43..8.45 rows=0 width=0)
	  ->  Index Scan using sbtest6_pkey on sbtest6  (cost=0.43..8.45 rows=1 width=6)
	        Index Cond: (id = 7295719)

table 7 : explain DELETE FROM sbtest7 WHERE id=156761
	Delete on sbtest7  (cost=0.43..8.45 rows=0 width=0)
	  ->  Index Scan using sbtest7_pkey on sbtest7  (cost=0.43..8.45 rows=1 width=6)
	        Index Cond: (id = 156761)

table 8 : explain DELETE FROM sbtest8 WHERE id=6099150
	Delete on sbtest8  (cost=0.43..8.45 rows=0 width=0)
	  ->  Index Scan using sbtest8_pkey on sbtest8  (cost=0.43..8.45 rows=1 width=6)
	        Index Cond: (id = 6099150)

for inserts
table 1 : explain INSERT INTO sbtest1 (id, k, c, pad) VALUES (9323367, 13, 'foobar', 'foobar')
	Insert on sbtest1  (cost=0.00..0.01 rows=0 width=0)
	  ->  Result  (cost=0.00..0.01 rows=1 width=736)

table 2 : explain INSERT INTO sbtest2 (id, k, c, pad) VALUES (3162068, 13, 'foobar', 'foobar')
	Insert on sbtest2  (cost=0.00..0.01 rows=0 width=0)
	  ->  Result  (cost=0.00..0.01 rows=1 width=736)

table 3 : explain INSERT INTO sbtest3 (id, k, c, pad) VALUES (2951613, 13, 'foobar', 'foobar')
	Insert on sbtest3  (cost=0.00..0.01 rows=0 width=0)
	  ->  Result  (cost=0.00..0.01 rows=1 width=736)

table 4 : explain INSERT INTO sbtest4 (id, k, c, pad) VALUES (1239261, 13, 'foobar', 'foobar')
	Insert on sbtest4  (cost=0.00..0.01 rows=0 width=0)
	  ->  Result  (cost=0.00..0.01 rows=1 width=736)

table 5 : explain INSERT INTO sbtest5 (id, k, c, pad) VALUES (5799849, 13, 'foobar', 'foobar')
	Insert on sbtest5  (cost=0.00..0.01 rows=0 width=0)
	  ->  Result  (cost=0.00..0.01 rows=1 width=736)

table 6 : explain INSERT INTO sbtest6 (id, k, c, pad) VALUES (7995006, 13, 'foobar', 'foobar')
	Insert on sbtest6  (cost=0.00..0.01 rows=0 width=0)
	  ->  Result  (cost=0.00..0.01 rows=1 width=736)

table 7 : explain INSERT INTO sbtest7 (id, k, c, pad) VALUES (8060289, 13, 'foobar', 'foobar')
	Insert on sbtest7  (cost=0.00..0.01 rows=0 width=0)
	  ->  Result  (cost=0.00..0.01 rows=1 width=736)

table 8 : explain INSERT INTO sbtest8 (id, k, c, pad) VALUES (4238005, 13, 'foobar', 'foobar')
	Insert on sbtest8  (cost=0.00..0.01 rows=0 width=0)
	  ->  Result  (cost=0.00..0.01 rows=1 width=736)

for non_index_updates
table 1 : explain UPDATE sbtest1 SET c='foobar' WHERE id=7158660
	Update on sbtest1  (cost=0.43..8.45 rows=0 width=0)
	  ->  Index Scan using sbtest1_pkey on sbtest1  (cost=0.43..8.45 rows=1 width=490)
	        Index Cond: (id = 7158660)

table 2 : explain UPDATE sbtest2 SET c='foobar' WHERE id=2497940
	Update on sbtest2  (cost=0.43..8.45 rows=0 width=0)
	  ->  Index Scan using sbtest2_pkey on sbtest2  (cost=0.43..8.45 rows=1 width=490)
	        Index Cond: (id = 2497940)

table 3 : explain UPDATE sbtest3 SET c='foobar' WHERE id=6070249
	Update on sbtest3  (cost=0.43..8.45 rows=0 width=0)
	  ->  Index Scan using sbtest3_pkey on sbtest3  (cost=0.43..8.45 rows=1 width=490)
	        Index Cond: (id = 6070249)

table 4 : explain UPDATE sbtest4 SET c='foobar' WHERE id=672097
	Update on sbtest4  (cost=0.43..8.45 rows=0 width=0)
	  ->  Index Scan using sbtest4_pkey on sbtest4  (cost=0.43..8.45 rows=1 width=490)
	        Index Cond: (id = 672097)

table 5 : explain UPDATE sbtest5 SET c='foobar' WHERE id=6675938
	Update on sbtest5  (cost=0.43..8.45 rows=0 width=0)
	  ->  Index Scan using sbtest5_pkey on sbtest5  (cost=0.43..8.45 rows=1 width=490)
	        Index Cond: (id = 6675938)

table 6 : explain UPDATE sbtest6 SET c='foobar' WHERE id=2708482
	Update on sbtest6  (cost=0.43..8.45 rows=0 width=0)
	  ->  Index Scan using sbtest6_pkey on sbtest6  (cost=0.43..8.45 rows=1 width=490)
	        Index Cond: (id = 2708482)

table 7 : explain UPDATE sbtest7 SET c='foobar' WHERE id=5140427
	Update on sbtest7  (cost=0.43..8.45 rows=0 width=0)
	  ->  Index Scan using sbtest7_pkey on sbtest7  (cost=0.43..8.45 rows=1 width=490)
	        Index Cond: (id = 5140427)

table 8 : explain UPDATE sbtest8 SET c='foobar' WHERE id=4838840
	Update on sbtest8  (cost=0.43..8.45 rows=0 width=0)
	  ->  Index Scan using sbtest8_pkey on sbtest8  (cost=0.43..8.45 rows=1 width=490)
	        Index Cond: (id = 4838840)

explain: for inserts :: explain INSERT INTO sbtest%u (id, k, c, pad) VALUES (%u, 13, 'foobar', 'foobar')
for inserts
table 1 : explain INSERT INTO sbtest1 (id, k, c, pad) VALUES (8824381, 13, 'foobar', 'foobar')
	Insert on sbtest1  (cost=0.00..0.01 rows=0 width=0)
	  ->  Result  (cost=0.00..0.01 rows=1 width=736)

table 2 : explain INSERT INTO sbtest2 (id, k, c, pad) VALUES (4437781, 13, 'foobar', 'foobar')
	Insert on sbtest2  (cost=0.00..0.01 rows=0 width=0)
	  ->  Result  (cost=0.00..0.01 rows=1 width=736)

table 3 : explain INSERT INTO sbtest3 (id, k, c, pad) VALUES (9263845, 13, 'foobar', 'foobar')
	Insert on sbtest3  (cost=0.00..0.01 rows=0 width=0)
	  ->  Result  (cost=0.00..0.01 rows=1 width=736)

table 4 : explain INSERT INTO sbtest4 (id, k, c, pad) VALUES (3322701, 13, 'foobar', 'foobar')
	Insert on sbtest4  (cost=0.00..0.01 rows=0 width=0)
	  ->  Result  (cost=0.00..0.01 rows=1 width=736)

table 5 : explain INSERT INTO sbtest5 (id, k, c, pad) VALUES (8774812, 13, 'foobar', 'foobar')
	Insert on sbtest5  (cost=0.00..0.01 rows=0 width=0)
	  ->  Result  (cost=0.00..0.01 rows=1 width=736)

table 6 : explain INSERT INTO sbtest6 (id, k, c, pad) VALUES (3238427, 13, 'foobar', 'foobar')
	Insert on sbtest6  (cost=0.00..0.01 rows=0 width=0)
	  ->  Result  (cost=0.00..0.01 rows=1 width=736)

table 7 : explain INSERT INTO sbtest7 (id, k, c, pad) VALUES (5819513, 13, 'foobar', 'foobar')
	Insert on sbtest7  (cost=0.00..0.01 rows=0 width=0)
	  ->  Result  (cost=0.00..0.01 rows=1 width=736)

table 8 : explain INSERT INTO sbtest8 (id, k, c, pad) VALUES (8027301, 13, 'foobar', 'foobar')
	Insert on sbtest8  (cost=0.00..0.01 rows=0 width=0)
	  ->  Result  (cost=0.00..0.01 rows=1 width=736)

explain: for deletes :: explain DELETE FROM sbtest%u WHERE id=%u
for inserts
table 1 : explain INSERT INTO sbtest1 (id, k, c, pad) VALUES (4691045, 13, 'foobar', 'foobar')
	Insert on sbtest1  (cost=0.00..0.01 rows=0 width=0)
	  ->  Result  (cost=0.00..0.01 rows=1 width=736)

table 2 : explain INSERT INTO sbtest2 (id, k, c, pad) VALUES (7008851, 13, 'foobar', 'foobar')
	Insert on sbtest2  (cost=0.00..0.01 rows=0 width=0)
	  ->  Result  (cost=0.00..0.01 rows=1 width=736)

table 3 : explain INSERT INTO sbtest3 (id, k, c, pad) VALUES (1332601, 13, 'foobar', 'foobar')
	Insert on sbtest3  (cost=0.00..0.01 rows=0 width=0)
	  ->  Result  (cost=0.00..0.01 rows=1 width=736)

table 4 : explain INSERT INTO sbtest4 (id, k, c, pad) VALUES (1406216, 13, 'foobar', 'foobar')
	Insert on sbtest4  (cost=0.00..0.01 rows=0 width=0)
	  ->  Result  (cost=0.00..0.01 rows=1 width=736)

table 5 : explain INSERT INTO sbtest5 (id, k, c, pad) VALUES (3564835, 13, 'foobar', 'foobar')
	Insert on sbtest5  (cost=0.00..0.01 rows=0 width=0)
	  ->  Result  (cost=0.00..0.01 rows=1 width=736)

table 6 : explain INSERT INTO sbtest6 (id, k, c, pad) VALUES (7693464, 13, 'foobar', 'foobar')
	Insert on sbtest6  (cost=0.00..0.01 rows=0 width=0)
	  ->  Result  (cost=0.00..0.01 rows=1 width=736)

table 7 : explain INSERT INTO sbtest7 (id, k, c, pad) VALUES (5235484, 13, 'foobar', 'foobar')
	Insert on sbtest7  (cost=0.00..0.01 rows=0 width=0)
	  ->  Result  (cost=0.00..0.01 rows=1 width=736)

table 8 : explain INSERT INTO sbtest8 (id, k, c, pad) VALUES (2146175, 13, 'foobar', 'foobar')
	Insert on sbtest8  (cost=0.00..0.01 rows=0 width=0)
	  ->  Result  (cost=0.00..0.01 rows=1 width=736)

for deletes
table 1 : explain DELETE FROM sbtest1 WHERE id=86043
	Delete on sbtest1  (cost=0.43..8.45 rows=0 width=0)
	  ->  Index Scan using sbtest1_pkey on sbtest1  (cost=0.43..8.45 rows=1 width=6)
	        Index Cond: (id = 86043)

table 2 : explain DELETE FROM sbtest2 WHERE id=5905321
	Delete on sbtest2  (cost=0.43..8.45 rows=0 width=0)
	  ->  Index Scan using sbtest2_pkey on sbtest2  (cost=0.43..8.45 rows=1 width=6)
	        Index Cond: (id = 5905321)

table 3 : explain DELETE FROM sbtest3 WHERE id=589058
	Delete on sbtest3  (cost=0.43..8.45 rows=0 width=0)
	  ->  Index Scan using sbtest3_pkey on sbtest3  (cost=0.43..8.45 rows=1 width=6)
	        Index Cond: (id = 589058)

table 4 : explain DELETE FROM sbtest4 WHERE id=3605479
	Delete on sbtest4  (cost=0.43..8.45 rows=0 width=0)
	  ->  Index Scan using sbtest4_pkey on sbtest4  (cost=0.43..8.45 rows=1 width=6)
	        Index Cond: (id = 3605479)

table 5 : explain DELETE FROM sbtest5 WHERE id=5426538
	Delete on sbtest5  (cost=0.43..8.45 rows=0 width=0)
	  ->  Index Scan using sbtest5_pkey on sbtest5  (cost=0.43..8.45 rows=1 width=6)
	        Index Cond: (id = 5426538)

table 6 : explain DELETE FROM sbtest6 WHERE id=5037675
	Delete on sbtest6  (cost=0.43..8.45 rows=0 width=0)
	  ->  Index Scan using sbtest6_pkey on sbtest6  (cost=0.43..8.45 rows=1 width=6)
	        Index Cond: (id = 5037675)

table 7 : explain DELETE FROM sbtest7 WHERE id=4875030
	Delete on sbtest7  (cost=0.43..8.45 rows=0 width=0)
	  ->  Index Scan using sbtest7_pkey on sbtest7  (cost=0.43..8.45 rows=1 width=6)
	        Index Cond: (id = 4875030)

table 8 : explain DELETE FROM sbtest8 WHERE id=4757731
	Delete on sbtest8  (cost=0.43..8.45 rows=0 width=0)
	  ->  Index Scan using sbtest8_pkey on sbtest8  (cost=0.43..8.45 rows=1 width=6)
	        Index Cond: (id = 4757731)

explain: for inserts :: explain INSERT INTO sbtest%u (id, k, c, pad) VALUES (%u, 13, 'foobar', 'foobar')
for inserts
table 1 : explain INSERT INTO sbtest1 (id, k, c, pad) VALUES (5526485, 13, 'foobar', 'foobar')
	Insert on sbtest1  (cost=0.00..0.01 rows=0 width=0)
	  ->  Result  (cost=0.00..0.01 rows=1 width=736)

table 2 : explain INSERT INTO sbtest2 (id, k, c, pad) VALUES (960890, 13, 'foobar', 'foobar')
	Insert on sbtest2  (cost=0.00..0.01 rows=0 width=0)
	  ->  Result  (cost=0.00..0.01 rows=1 width=736)

table 3 : explain INSERT INTO sbtest3 (id, k, c, pad) VALUES (7470864, 13, 'foobar', 'foobar')
	Insert on sbtest3  (cost=0.00..0.01 rows=0 width=0)
	  ->  Result  (cost=0.00..0.01 rows=1 width=736)

table 4 : explain INSERT INTO sbtest4 (id, k, c, pad) VALUES (9157620, 13, 'foobar', 'foobar')
	Insert on sbtest4  (cost=0.00..0.01 rows=0 width=0)
	  ->  Result  (cost=0.00..0.01 rows=1 width=736)

table 5 : explain INSERT INTO sbtest5 (id, k, c, pad) VALUES (1447757, 13, 'foobar', 'foobar')
	Insert on sbtest5  (cost=0.00..0.01 rows=0 width=0)
	  ->  Result  (cost=0.00..0.01 rows=1 width=736)

table 6 : explain INSERT INTO sbtest6 (id, k, c, pad) VALUES (6274883, 13, 'foobar', 'foobar')
	Insert on sbtest6  (cost=0.00..0.01 rows=0 width=0)
	  ->  Result  (cost=0.00..0.01 rows=1 width=736)

table 7 : explain INSERT INTO sbtest7 (id, k, c, pad) VALUES (3571777, 13, 'foobar', 'foobar')
	Insert on sbtest7  (cost=0.00..0.01 rows=0 width=0)
	  ->  Result  (cost=0.00..0.01 rows=1 width=736)

table 8 : explain INSERT INTO sbtest8 (id, k, c, pad) VALUES (3748085, 13, 'foobar', 'foobar')
	Insert on sbtest8  (cost=0.00..0.01 rows=0 width=0)
	  ->  Result  (cost=0.00..0.01 rows=1 width=736)

Threads started!

Warming up for 5 seconds...

SQL statistics:
    queries performed:
        read:                            477468911
        write:                           136419760
        other:                           68209856
        total:                           682098527
    transactions:                        34104941 (36671.64 per sec.)
    queries:                             682098527 (733432.40 per sec.)
    ignored errors:                      5      (0.01 per sec.)
    reconnects:                          0      (0.00 per sec.)

Throughput:
    events/s (eps):                      36671.6355
    time elapsed:                        930.0088s
    total number of events:              34104941

Latency (ms):
         min:                                    0.85
         avg:                                    1.09
         max:                                   85.42
         95th percentile:                        1.37
         sum:                             37166076.04

Threads fairness:
    events (avg/stddev):           852623.2000/8659.22
    execution time (avg/stddev):   929.1519/0.01

