LUA_PATH=/home/mdcallag/git/mytools/bench/sysbench.lua/lua/?.lua /home/mdcallag/git/mytools/bench/sysbench.lua/lua/sysbench --db-driver=pgsql --range-size=100 --table-size=10000000 --tables=8 --threads=40 --events=0 --warmup-time=5 --time=630 --pgsql_conn_id=true /home/mdcallag/git/mytools/bench/sysbench.lua/lua/oltp_range_covered.lua run --pgsql-user=root --pgsql-password=pw --pgsql-host=127.0.0.1 --pgsql-db=ib --rand-type=uniform --random-points=100 --skip-trx --on-id=false
48 CPUs
sysbench 1.1.0-9072687 (using bundled LuaJIT 2.1.0-beta3)

Running the test with following options:
Number of threads: 40
Warmup time: 5s
Initializing random number generator from current time


Initializing worker threads...

explain: for range-covered :: explain SELECT k FROM sbtest%d WHERE k BETWEEN 5446889 AND 5446989
explain: for range-covered :: explain SELECT k FROM sbtest%d WHERE k BETWEEN 3004941 AND 3005041
explain: for range-covered :: explain SELECT k FROM sbtest%d WHERE k BETWEEN 6528117 AND 6528217
explain: for range-covered :: explain SELECT k FROM sbtest%d WHERE k BETWEEN 7191993 AND 7192093
for range-covered
table 1 : explain SELECT k FROM sbtest1 WHERE k BETWEEN 5446889 AND 5446989
	Index Only Scan using k_1 on sbtest1  (cost=0.43..6.56 rows=106 width=4)
	  Index Cond: ((k >= 5446889) AND (k <= 5446989))

table 2 : explain SELECT k FROM sbtest2 WHERE k BETWEEN 5446889 AND 5446989
	Index Only Scan using k_2 on sbtest2  (cost=0.43..6.43 rows=100 width=4)
	  Index Cond: ((k >= 5446889) AND (k <= 5446989))

table 3 : explain SELECT k FROM sbtest3 WHERE k BETWEEN 5446889 AND 5446989
	Index Only Scan using k_3 on sbtest3  (cost=0.43..10.50 rows=103 width=4)
	  Index Cond: ((k >= 5446889) AND (k <= 5446989))

table 4 : explain SELECT k FROM sbtest4 WHERE k BETWEEN 5446889 AND 5446989
	Index Only Scan using k_4 on sbtest4  (cost=0.43..6.50 rows=103 width=4)
	  Index Cond: ((k >= 5446889) AND (k <= 5446989))

table 5 : explain SELECT k FROM sbtest5 WHERE k BETWEEN 5446889 AND 5446989
	Index Only Scan using k_5 on sbtest5  (cost=0.43..6.45 rows=101 width=4)
	  Index Cond: ((k >= 5446889) AND (k <= 5446989))

table 6 : explain SELECT k FROM sbtest6 WHERE k BETWEEN 5446889 AND 5446989
	Index Only Scan using k_6 on sbtest6  (cost=0.43..6.59 rows=108 width=4)
	  Index Cond: ((k >= 5446889) AND (k <= 5446989))

table 7 : explain SELECT k FROM sbtest7 WHERE k BETWEEN 5446889 AND 5446989
	Index Only Scan using k_7 on sbtest7  (cost=0.43..6.63 rows=110 width=4)
	  Index Cond: ((k >= 5446889) AND (k <= 5446989))

table 8 : explain SELECT k FROM sbtest8 WHERE k BETWEEN 5446889 AND 5446989
	Index Only Scan using k_8 on sbtest8  (cost=0.43..6.42 rows=99 width=4)
	  Index Cond: ((k >= 5446889) AND (k <= 5446989))

explain: for range-covered :: explain SELECT k FROM sbtest%d WHERE k BETWEEN 5446889 AND 5446989
for range-covered
table 1 : explain SELECT k FROM sbtest1 WHERE k BETWEEN 5446889 AND 5446989
	Index Only Scan using k_1 on sbtest1  (cost=0.43..6.56 rows=106 width=4)
	  Index Cond: ((k >= 5446889) AND (k <= 5446989))

table 2 : explain SELECT k FROM sbtest2 WHERE k BETWEEN 5446889 AND 5446989
	Index Only Scan using k_2 on sbtest2  (cost=0.43..6.43 rows=100 width=4)
	  Index Cond: ((k >= 5446889) AND (k <= 5446989))

table 3 : explain SELECT k FROM sbtest3 WHERE k BETWEEN 5446889 AND 5446989
	Index Only Scan using k_3 on sbtest3  (cost=0.43..10.50 rows=103 width=4)
	  Index Cond: ((k >= 5446889) AND (k <= 5446989))

table 4 : explain SELECT k FROM sbtest4 WHERE k BETWEEN 5446889 AND 5446989
	Index Only Scan using k_4 on sbtest4  (cost=0.43..6.50 rows=103 width=4)
	  Index Cond: ((k >= 5446889) AND (k <= 5446989))

table 5 : explain SELECT k FROM sbtest5 WHERE k BETWEEN 5446889 AND 5446989
	Index Only Scan using k_5 on sbtest5  (cost=0.43..6.45 rows=101 width=4)
	  Index Cond: ((k >= 5446889) AND (k <= 5446989))

table 6 : explain SELECT k FROM sbtest6 WHERE k BETWEEN 5446889 AND 5446989
	Index Only Scan using k_6 on sbtest6  (cost=0.43..6.59 rows=108 width=4)
	  Index Cond: ((k >= 5446889) AND (k <= 5446989))

table 7 : explain SELECT k FROM sbtest7 WHERE k BETWEEN 5446889 AND 5446989
	Index Only Scan using k_7 on sbtest7  (cost=0.43..6.63 rows=110 width=4)
	  Index Cond: ((k >= 5446889) AND (k <= 5446989))

table 8 : explain SELECT k FROM sbtest8 WHERE k BETWEEN 5446889 AND 5446989
	Index Only Scan using k_8 on sbtest8  (cost=0.43..6.42 rows=99 width=4)
	  Index Cond: ((k >= 5446889) AND (k <= 5446989))

explain: for range-covered :: explain SELECT k FROM sbtest%d WHERE k BETWEEN 4589057 AND 4589157
explain: for range-covered :: explain SELECT k FROM sbtest%d WHERE k BETWEEN 5446889 AND 5446989
explain: for range-covered :: explain SELECT k FROM sbtest%d WHERE k BETWEEN 3122849 AND 3122949
explain: for range-covered :: explain SELECT k FROM sbtest%d WHERE k BETWEEN 7752122 AND 7752222
explain: for range-covered :: explain SELECT k FROM sbtest%d WHERE k BETWEEN 6126700 AND 6126800
explain: for range-covered :: explain SELECT k FROM sbtest%d WHERE k BETWEEN 5691280 AND 5691380
for range-covered
table 1 : explain SELECT k FROM sbtest1 WHERE k BETWEEN 6528117 AND 6528217
	Index Only Scan using k_1 on sbtest1  (cost=0.43..6.59 rows=108 width=4)
	  Index Cond: ((k >= 6528117) AND (k <= 6528217))

table 2 : explain SELECT k FROM sbtest2 WHERE k BETWEEN 6528117 AND 6528217
	Index Only Scan using k_2 on sbtest2  (cost=0.43..6.47 rows=102 width=4)
	  Index Cond: ((k >= 6528117) AND (k <= 6528217))

table 3 : explain SELECT k FROM sbtest3 WHERE k BETWEEN 6528117 AND 6528217
	Index Only Scan using k_3 on sbtest3  (cost=0.43..10.60 rows=108 width=4)
	  Index Cond: ((k >= 6528117) AND (k <= 6528217))

table 4 : explain SELECT k FROM sbtest4 WHERE k BETWEEN 6528117 AND 6528217
	Index Only Scan using k_4 on sbtest4  (cost=0.43..6.45 rows=101 width=4)
	  Index Cond: ((k >= 6528117) AND (k <= 6528217))

table 5 : explain SELECT k FROM sbtest5 WHERE k BETWEEN 6528117 AND 6528217
	Index Only Scan using k_5 on sbtest5  (cost=0.43..6.37 rows=97 width=4)
	  Index Cond: ((k >= 6528117) AND (k <= 6528217))

table 6 : explain SELECT k FROM sbtest6 WHERE k BETWEEN 6528117 AND 6528217
	Index Only Scan using k_6 on sbtest6  (cost=0.43..6.50 rows=103 width=4)
	  Index Cond: ((k >= 6528117) AND (k <= 6528217))

table 7 : explain SELECT k FROM sbtest7 WHERE k BETWEEN 6528117 AND 6528217
	Index Only Scan using k_7 on sbtest7  (cost=0.43..6.58 rows=107 width=4)
	  Index Cond: ((k >= 6528117) AND (k <= 6528217))

table 8 : explain SELECT k FROM sbtest8 WHERE k BETWEEN 6528117 AND 6528217
	Index Only Scan using k_8 on sbtest8  (cost=0.43..6.43 rows=100 width=4)
	  Index Cond: ((k >= 6528117) AND (k <= 6528217))

explain: for range-covered :: explain SELECT k FROM sbtest%d WHERE k BETWEEN 6528117 AND 6528217
for range-covered
table 1 : explain SELECT k FROM sbtest1 WHERE k BETWEEN 7752122 AND 7752222
	Index Only Scan using k_1 on sbtest1  (cost=0.43..6.37 rows=97 width=4)
	  Index Cond: ((k >= 7752122) AND (k <= 7752222))

table 2 : explain SELECT k FROM sbtest2 WHERE k BETWEEN 7752122 AND 7752222
	Index Only Scan using k_2 on sbtest2  (cost=0.43..6.59 rows=108 width=4)
	  Index Cond: ((k >= 7752122) AND (k <= 7752222))

table 3 : explain SELECT k FROM sbtest3 WHERE k BETWEEN 7752122 AND 7752222
	Index Only Scan using k_3 on sbtest3  (cost=0.43..10.38 rows=97 width=4)
	  Index Cond: ((k >= 7752122) AND (k <= 7752222))

table 4 : explain SELECT k FROM sbtest4 WHERE k BETWEEN 7752122 AND 7752222
	Index Only Scan using k_4 on sbtest4  (cost=0.43..6.50 rows=103 width=4)
	  Index Cond: ((k >= 7752122) AND (k <= 7752222))

table 5 : explain SELECT k FROM sbtest5 WHERE k BETWEEN 7752122 AND 7752222
	Index Only Scan using k_5 on sbtest5  (cost=0.43..6.51 rows=104 width=4)
	  Index Cond: ((k >= 7752122) AND (k <= 7752222))

table 6 : explain SELECT k FROM sbtest6 WHERE k BETWEEN 7752122 AND 7752222
	Index Only Scan using k_6 on sbtest6  (cost=0.43..6.42 rows=99 width=4)
	  Index Cond: ((k >= 7752122) AND (k <= 7752222))

table 7 : explain SELECT k FROM sbtest7 WHERE k BETWEEN 7752122 AND 7752222
	Index Only Scan using k_7 on sbtest7  (cost=0.43..6.63 rows=110 width=4)
	  Index Cond: ((k >= 7752122) AND (k <= 7752222))

table 8 : explain SELECT k FROM sbtest8 WHERE k BETWEEN 7752122 AND 7752222
	Index Only Scan using k_8 on sbtest8  (cost=0.43..6.29 rows=93 width=4)
	  Index Cond: ((k >= 7752122) AND (k <= 7752222))

explain: for range-covered :: explain SELECT k FROM sbtest%d WHERE k BETWEEN 7752122 AND 7752222
for range-covered
table 1 : explain SELECT k FROM sbtest1 WHERE k BETWEEN 4589057 AND 4589157
	Index Only Scan using k_1 on sbtest1  (cost=0.43..6.53 rows=105 width=4)
	  Index Cond: ((k >= 4589057) AND (k <= 4589157))

table 2 : explain SELECT k FROM sbtest2 WHERE k BETWEEN 4589057 AND 4589157
	Index Only Scan using k_2 on sbtest2  (cost=0.43..6.19 rows=88 width=4)
	  Index Cond: ((k >= 4589057) AND (k <= 4589157))

table 3 : explain SELECT k FROM sbtest3 WHERE k BETWEEN 4589057 AND 4589157
	Index Only Scan using k_3 on sbtest3  (cost=0.43..10.24 rows=90 width=4)
	  Index Cond: ((k >= 4589057) AND (k <= 4589157))

table 4 : explain SELECT k FROM sbtest4 WHERE k BETWEEN 4589057 AND 4589157
	Index Only Scan using k_4 on sbtest4  (cost=0.43..6.42 rows=99 width=4)
	  Index Cond: ((k >= 4589057) AND (k <= 4589157))

table 5 : explain SELECT k FROM sbtest5 WHERE k BETWEEN 4589057 AND 4589157
	Index Only Scan using k_5 on sbtest5  (cost=0.43..6.45 rows=101 width=4)
	  Index Cond: ((k >= 4589057) AND (k <= 4589157))

table 6 : explain SELECT k FROM sbtest6 WHERE k BETWEEN 4589057 AND 4589157
	Index Only Scan using k_6 on sbtest6  (cost=0.43..6.50 rows=103 width=4)
	  Index Cond: ((k >= 4589057) AND (k <= 4589157))

table 7 : explain SELECT k FROM sbtest7 WHERE k BETWEEN 4589057 AND 4589157
	Index Only Scan using k_7 on sbtest7  (cost=0.43..6.37 rows=97 width=4)
	  Index Cond: ((k >= 4589057) AND (k <= 4589157))

table 8 : explain SELECT k FROM sbtest8 WHERE k BETWEEN 4589057 AND 4589157
	Index Only Scan using k_8 on sbtest8  (cost=0.43..6.45 rows=101 width=4)
	  Index Cond: ((k >= 4589057) AND (k <= 4589157))

explain: for range-covered :: explain SELECT k FROM sbtest%d WHERE k BETWEEN 4589057 AND 4589157
for range-covered
table 1 : explain SELECT k FROM sbtest1 WHERE k BETWEEN 6528117 AND 6528217
	Index Only Scan using k_1 on sbtest1  (cost=0.43..6.59 rows=108 width=4)
	  Index Cond: ((k >= 6528117) AND (k <= 6528217))

table 2 : explain SELECT k FROM sbtest2 WHERE k BETWEEN 6528117 AND 6528217
	Index Only Scan using k_2 on sbtest2  (cost=0.43..6.47 rows=102 width=4)
	  Index Cond: ((k >= 6528117) AND (k <= 6528217))

table 3 : explain SELECT k FROM sbtest3 WHERE k BETWEEN 6528117 AND 6528217
	Index Only Scan using k_3 on sbtest3  (cost=0.43..10.60 rows=108 width=4)
	  Index Cond: ((k >= 6528117) AND (k <= 6528217))

table 4 : explain SELECT k FROM sbtest4 WHERE k BETWEEN 6528117 AND 6528217
	Index Only Scan using k_4 on sbtest4  (cost=0.43..6.45 rows=101 width=4)
	  Index Cond: ((k >= 6528117) AND (k <= 6528217))

table 5 : explain SELECT k FROM sbtest5 WHERE k BETWEEN 6528117 AND 6528217
	Index Only Scan using k_5 on sbtest5  (cost=0.43..6.37 rows=97 width=4)
	  Index Cond: ((k >= 6528117) AND (k <= 6528217))

table 6 : explain SELECT k FROM sbtest6 WHERE k BETWEEN 6528117 AND 6528217
	Index Only Scan using k_6 on sbtest6  (cost=0.43..6.50 rows=103 width=4)
	  Index Cond: ((k >= 6528117) AND (k <= 6528217))

table 7 : explain SELECT k FROM sbtest7 WHERE k BETWEEN 6528117 AND 6528217
	Index Only Scan using k_7 on sbtest7  (cost=0.43..6.58 rows=107 width=4)
	  Index Cond: ((k >= 6528117) AND (k <= 6528217))

table 8 : explain SELECT k FROM sbtest8 WHERE k BETWEEN 6528117 AND 6528217
	Index Only Scan using k_8 on sbtest8  (cost=0.43..6.43 rows=100 width=4)
	  Index Cond: ((k >= 6528117) AND (k <= 6528217))

explain: for range-covered :: explain SELECT k FROM sbtest%d WHERE k BETWEEN 6528117 AND 6528217
for range-covered
table 1 : explain SELECT k FROM sbtest1 WHERE k BETWEEN 6126700 AND 6126800
	Index Only Scan using k_1 on sbtest1  (cost=0.43..6.42 rows=99 width=4)
	  Index Cond: ((k >= 6126700) AND (k <= 6126800))

table 2 : explain SELECT k FROM sbtest2 WHERE k BETWEEN 6126700 AND 6126800
	Index Only Scan using k_2 on sbtest2  (cost=0.43..6.47 rows=102 width=4)
	  Index Cond: ((k >= 6126700) AND (k <= 6126800))

table 3 : explain SELECT k FROM sbtest3 WHERE k BETWEEN 6126700 AND 6126800
	Index Only Scan using k_3 on sbtest3  (cost=0.43..10.40 rows=98 width=4)
	  Index Cond: ((k >= 6126700) AND (k <= 6126800))

table 4 : explain SELECT k FROM sbtest4 WHERE k BETWEEN 6126700 AND 6126800
	Index Only Scan using k_4 on sbtest4  (cost=0.43..6.47 rows=102 width=4)
	  Index Cond: ((k >= 6126700) AND (k <= 6126800))

table 5 : explain SELECT k FROM sbtest5 WHERE k BETWEEN 6126700 AND 6126800
	Index Only Scan using k_5 on sbtest5  (cost=0.43..6.58 rows=107 width=4)
	  Index Cond: ((k >= 6126700) AND (k <= 6126800))

table 6 : explain SELECT k FROM sbtest6 WHERE k BETWEEN 6126700 AND 6126800
	Index Only Scan using k_6 on sbtest6  (cost=0.43..6.37 rows=97 width=4)
	  Index Cond: ((k >= 6126700) AND (k <= 6126800))

table 7 : explain SELECT k FROM sbtest7 WHERE k BETWEEN 6126700 AND 6126800
	Index Only Scan using k_7 on sbtest7  (cost=0.43..6.42 rows=99 width=4)
	  Index Cond: ((k >= 6126700) AND (k <= 6126800))

table 8 : explain SELECT k FROM sbtest8 WHERE k BETWEEN 6126700 AND 6126800
	Index Only Scan using k_8 on sbtest8  (cost=0.43..6.58 rows=107 width=4)
	  Index Cond: ((k >= 6126700) AND (k <= 6126800))

explain: for range-covered :: explain SELECT k FROM sbtest%d WHERE k BETWEEN 6126700 AND 6126800
for range-covered
table 1 : explain SELECT k FROM sbtest1 WHERE k BETWEEN 7752122 AND 7752222
	Index Only Scan using k_1 on sbtest1  (cost=0.43..6.37 rows=97 width=4)
	  Index Cond: ((k >= 7752122) AND (k <= 7752222))

table 2 : explain SELECT k FROM sbtest2 WHERE k BETWEEN 7752122 AND 7752222
	Index Only Scan using k_2 on sbtest2  (cost=0.43..6.59 rows=108 width=4)
	  Index Cond: ((k >= 7752122) AND (k <= 7752222))

table 3 : explain SELECT k FROM sbtest3 WHERE k BETWEEN 7752122 AND 7752222
	Index Only Scan using k_3 on sbtest3  (cost=0.43..10.38 rows=97 width=4)
	  Index Cond: ((k >= 7752122) AND (k <= 7752222))

table 4 : explain SELECT k FROM sbtest4 WHERE k BETWEEN 7752122 AND 7752222
	Index Only Scan using k_4 on sbtest4  (cost=0.43..6.50 rows=103 width=4)
	  Index Cond: ((k >= 7752122) AND (k <= 7752222))

table 5 : explain SELECT k FROM sbtest5 WHERE k BETWEEN 7752122 AND 7752222
	Index Only Scan using k_5 on sbtest5  (cost=0.43..6.51 rows=104 width=4)
	  Index Cond: ((k >= 7752122) AND (k <= 7752222))

table 6 : explain SELECT k FROM sbtest6 WHERE k BETWEEN 7752122 AND 7752222
	Index Only Scan using k_6 on sbtest6  (cost=0.43..6.42 rows=99 width=4)
	  Index Cond: ((k >= 7752122) AND (k <= 7752222))

table 7 : explain SELECT k FROM sbtest7 WHERE k BETWEEN 7752122 AND 7752222
	Index Only Scan using k_7 on sbtest7  (cost=0.43..6.63 rows=110 width=4)
	  Index Cond: ((k >= 7752122) AND (k <= 7752222))

table 8 : explain SELECT k FROM sbtest8 WHERE k BETWEEN 7752122 AND 7752222
	Index Only Scan using k_8 on sbtest8  (cost=0.43..6.29 rows=93 width=4)
	  Index Cond: ((k >= 7752122) AND (k <= 7752222))

explain: for range-covered :: explain SELECT k FROM sbtest%d WHERE k BETWEEN 7752122 AND 7752222
for range-covered
table 1 : explain SELECT k FROM sbtest1 WHERE k BETWEEN 4589057 AND 4589157
	Index Only Scan using k_1 on sbtest1  (cost=0.43..6.53 rows=105 width=4)
	  Index Cond: ((k >= 4589057) AND (k <= 4589157))

table 2 : explain SELECT k FROM sbtest2 WHERE k BETWEEN 4589057 AND 4589157
	Index Only Scan using k_2 on sbtest2  (cost=0.43..6.19 rows=88 width=4)
	  Index Cond: ((k >= 4589057) AND (k <= 4589157))

table 3 : explain SELECT k FROM sbtest3 WHERE k BETWEEN 4589057 AND 4589157
	Index Only Scan using k_3 on sbtest3  (cost=0.43..10.24 rows=90 width=4)
	  Index Cond: ((k >= 4589057) AND (k <= 4589157))

table 4 : explain SELECT k FROM sbtest4 WHERE k BETWEEN 4589057 AND 4589157
	Index Only Scan using k_4 on sbtest4  (cost=0.43..6.42 rows=99 width=4)
	  Index Cond: ((k >= 4589057) AND (k <= 4589157))

table 5 : explain SELECT k FROM sbtest5 WHERE k BETWEEN 4589057 AND 4589157
	Index Only Scan using k_5 on sbtest5  (cost=0.43..6.45 rows=101 width=4)
	  Index Cond: ((k >= 4589057) AND (k <= 4589157))

table 6 : explain SELECT k FROM sbtest6 WHERE k BETWEEN 4589057 AND 4589157
	Index Only Scan using k_6 on sbtest6  (cost=0.43..6.50 rows=103 width=4)
	  Index Cond: ((k >= 4589057) AND (k <= 4589157))

table 7 : explain SELECT k FROM sbtest7 WHERE k BETWEEN 4589057 AND 4589157
	Index Only Scan using k_7 on sbtest7  (cost=0.43..6.37 rows=97 width=4)
	  Index Cond: ((k >= 4589057) AND (k <= 4589157))

table 8 : explain SELECT k FROM sbtest8 WHERE k BETWEEN 4589057 AND 4589157
	Index Only Scan using k_8 on sbtest8  (cost=0.43..6.45 rows=101 width=4)
	  Index Cond: ((k >= 4589057) AND (k <= 4589157))

for range-covered
table 1 : explain SELECT k FROM sbtest1 WHERE k BETWEEN 6528117 AND 6528217
	Index Only Scan using k_1 on sbtest1  (cost=0.43..6.59 rows=108 width=4)
	  Index Cond: ((k >= 6528117) AND (k <= 6528217))

table 2 : explain SELECT k FROM sbtest2 WHERE k BETWEEN 6528117 AND 6528217
	Index Only Scan using k_2 on sbtest2  (cost=0.43..6.47 rows=102 width=4)
	  Index Cond: ((k >= 6528117) AND (k <= 6528217))

table 3 : explain SELECT k FROM sbtest3 WHERE k BETWEEN 6528117 AND 6528217
	Index Only Scan using k_3 on sbtest3  (cost=0.43..10.60 rows=108 width=4)
	  Index Cond: ((k >= 6528117) AND (k <= 6528217))

table 4 : explain SELECT k FROM sbtest4 WHERE k BETWEEN 6528117 AND 6528217
	Index Only Scan using k_4 on sbtest4  (cost=0.43..6.45 rows=101 width=4)
	  Index Cond: ((k >= 6528117) AND (k <= 6528217))

table 5 : explain SELECT k FROM sbtest5 WHERE k BETWEEN 6528117 AND 6528217
	Index Only Scan using k_5 on sbtest5  (cost=0.43..6.37 rows=97 width=4)
	  Index Cond: ((k >= 6528117) AND (k <= 6528217))

table 6 : explain SELECT k FROM sbtest6 WHERE k BETWEEN 6528117 AND 6528217
	Index Only Scan using k_6 on sbtest6  (cost=0.43..6.50 rows=103 width=4)
	  Index Cond: ((k >= 6528117) AND (k <= 6528217))

table 7 : explain SELECT k FROM sbtest7 WHERE k BETWEEN 6528117 AND 6528217
	Index Only Scan using k_7 on sbtest7  (cost=0.43..6.58 rows=107 width=4)
	  Index Cond: ((k >= 6528117) AND (k <= 6528217))

table 8 : explain SELECT k FROM sbtest8 WHERE k BETWEEN 6528117 AND 6528217
	Index Only Scan using k_8 on sbtest8  (cost=0.43..6.43 rows=100 width=4)
	  Index Cond: ((k >= 6528117) AND (k <= 6528217))

explain: for range-covered :: explain SELECT k FROM sbtest%d WHERE k BETWEEN 4589057 AND 4589157
explain: for range-covered :: explain SELECT k FROM sbtest%d WHERE k BETWEEN 6528117 AND 6528217
for range-covered
table 1 : explain SELECT k FROM sbtest1 WHERE k BETWEEN 6126700 AND 6126800
	Index Only Scan using k_1 on sbtest1  (cost=0.43..6.42 rows=99 width=4)
	  Index Cond: ((k >= 6126700) AND (k <= 6126800))

table 2 : explain SELECT k FROM sbtest2 WHERE k BETWEEN 6126700 AND 6126800
	Index Only Scan using k_2 on sbtest2  (cost=0.43..6.47 rows=102 width=4)
	  Index Cond: ((k >= 6126700) AND (k <= 6126800))

table 3 : explain SELECT k FROM sbtest3 WHERE k BETWEEN 6126700 AND 6126800
	Index Only Scan using k_3 on sbtest3  (cost=0.43..10.40 rows=98 width=4)
	  Index Cond: ((k >= 6126700) AND (k <= 6126800))

table 4 : explain SELECT k FROM sbtest4 WHERE k BETWEEN 6126700 AND 6126800
	Index Only Scan using k_4 on sbtest4  (cost=0.43..6.47 rows=102 width=4)
	  Index Cond: ((k >= 6126700) AND (k <= 6126800))

table 5 : explain SELECT k FROM sbtest5 WHERE k BETWEEN 6126700 AND 6126800
	Index Only Scan using k_5 on sbtest5  (cost=0.43..6.58 rows=107 width=4)
	  Index Cond: ((k >= 6126700) AND (k <= 6126800))

table 6 : explain SELECT k FROM sbtest6 WHERE k BETWEEN 6126700 AND 6126800
	Index Only Scan using k_6 on sbtest6  (cost=0.43..6.37 rows=97 width=4)
	  Index Cond: ((k >= 6126700) AND (k <= 6126800))

table 7 : explain SELECT k FROM sbtest7 WHERE k BETWEEN 6126700 AND 6126800
	Index Only Scan using k_7 on sbtest7  (cost=0.43..6.42 rows=99 width=4)
	  Index Cond: ((k >= 6126700) AND (k <= 6126800))

table 8 : explain SELECT k FROM sbtest8 WHERE k BETWEEN 6126700 AND 6126800
	Index Only Scan using k_8 on sbtest8  (cost=0.43..6.58 rows=107 width=4)
	  Index Cond: ((k >= 6126700) AND (k <= 6126800))

explain: for range-covered :: explain SELECT k FROM sbtest%d WHERE k BETWEEN 6126700 AND 6126800
for range-covered
table 1 : explain SELECT k FROM sbtest1 WHERE k BETWEEN 7752122 AND 7752222
	Index Only Scan using k_1 on sbtest1  (cost=0.43..6.37 rows=97 width=4)
	  Index Cond: ((k >= 7752122) AND (k <= 7752222))

table 2 : explain SELECT k FROM sbtest2 WHERE k BETWEEN 7752122 AND 7752222
	Index Only Scan using k_2 on sbtest2  (cost=0.43..6.59 rows=108 width=4)
	  Index Cond: ((k >= 7752122) AND (k <= 7752222))

table 3 : explain SELECT k FROM sbtest3 WHERE k BETWEEN 7752122 AND 7752222
	Index Only Scan using k_3 on sbtest3  (cost=0.43..10.38 rows=97 width=4)
	  Index Cond: ((k >= 7752122) AND (k <= 7752222))

table 4 : explain SELECT k FROM sbtest4 WHERE k BETWEEN 7752122 AND 7752222
	Index Only Scan using k_4 on sbtest4  (cost=0.43..6.50 rows=103 width=4)
	  Index Cond: ((k >= 7752122) AND (k <= 7752222))

table 5 : explain SELECT k FROM sbtest5 WHERE k BETWEEN 7752122 AND 7752222
	Index Only Scan using k_5 on sbtest5  (cost=0.43..6.51 rows=104 width=4)
	  Index Cond: ((k >= 7752122) AND (k <= 7752222))

table 6 : explain SELECT k FROM sbtest6 WHERE k BETWEEN 7752122 AND 7752222
	Index Only Scan using k_6 on sbtest6  (cost=0.43..6.42 rows=99 width=4)
	  Index Cond: ((k >= 7752122) AND (k <= 7752222))

table 7 : explain SELECT k FROM sbtest7 WHERE k BETWEEN 7752122 AND 7752222
	Index Only Scan using k_7 on sbtest7  (cost=0.43..6.63 rows=110 width=4)
	  Index Cond: ((k >= 7752122) AND (k <= 7752222))

table 8 : explain SELECT k FROM sbtest8 WHERE k BETWEEN 7752122 AND 7752222
	Index Only Scan using k_8 on sbtest8  (cost=0.43..6.29 rows=93 width=4)
	  Index Cond: ((k >= 7752122) AND (k <= 7752222))

explain: for range-covered :: explain SELECT k FROM sbtest%d WHERE k BETWEEN 7752122 AND 7752222
for range-covered
table 1 : explain SELECT k FROM sbtest1 WHERE k BETWEEN 4589057 AND 4589157
	Index Only Scan using k_1 on sbtest1  (cost=0.43..6.53 rows=105 width=4)
	  Index Cond: ((k >= 4589057) AND (k <= 4589157))

table 2 : explain SELECT k FROM sbtest2 WHERE k BETWEEN 4589057 AND 4589157
	Index Only Scan using k_2 on sbtest2  (cost=0.43..6.19 rows=88 width=4)
	  Index Cond: ((k >= 4589057) AND (k <= 4589157))

table 3 : explain SELECT k FROM sbtest3 WHERE k BETWEEN 4589057 AND 4589157
	Index Only Scan using k_3 on sbtest3  (cost=0.43..10.24 rows=90 width=4)
	  Index Cond: ((k >= 4589057) AND (k <= 4589157))

table 4 : explain SELECT k FROM sbtest4 WHERE k BETWEEN 4589057 AND 4589157
	Index Only Scan using k_4 on sbtest4  (cost=0.43..6.42 rows=99 width=4)
	  Index Cond: ((k >= 4589057) AND (k <= 4589157))

table 5 : explain SELECT k FROM sbtest5 WHERE k BETWEEN 4589057 AND 4589157
	Index Only Scan using k_5 on sbtest5  (cost=0.43..6.45 rows=101 width=4)
	  Index Cond: ((k >= 4589057) AND (k <= 4589157))

table 6 : explain SELECT k FROM sbtest6 WHERE k BETWEEN 4589057 AND 4589157
	Index Only Scan using k_6 on sbtest6  (cost=0.43..6.50 rows=103 width=4)
	  Index Cond: ((k >= 4589057) AND (k <= 4589157))

table 7 : explain SELECT k FROM sbtest7 WHERE k BETWEEN 4589057 AND 4589157
	Index Only Scan using k_7 on sbtest7  (cost=0.43..6.37 rows=97 width=4)
	  Index Cond: ((k >= 4589057) AND (k <= 4589157))

table 8 : explain SELECT k FROM sbtest8 WHERE k BETWEEN 4589057 AND 4589157
	Index Only Scan using k_8 on sbtest8  (cost=0.43..6.45 rows=101 width=4)
	  Index Cond: ((k >= 4589057) AND (k <= 4589157))

for range-covered
table 1 : explain SELECT k FROM sbtest1 WHERE k BETWEEN 6528117 AND 6528217
	Index Only Scan using k_1 on sbtest1  (cost=0.43..6.59 rows=108 width=4)
	  Index Cond: ((k >= 6528117) AND (k <= 6528217))

table 2 : explain SELECT k FROM sbtest2 WHERE k BETWEEN 6528117 AND 6528217
	Index Only Scan using k_2 on sbtest2  (cost=0.43..6.47 rows=102 width=4)
	  Index Cond: ((k >= 6528117) AND (k <= 6528217))

table 3 : explain SELECT k FROM sbtest3 WHERE k BETWEEN 6528117 AND 6528217
	Index Only Scan using k_3 on sbtest3  (cost=0.43..10.60 rows=108 width=4)
	  Index Cond: ((k >= 6528117) AND (k <= 6528217))

table 4 : explain SELECT k FROM sbtest4 WHERE k BETWEEN 6528117 AND 6528217
	Index Only Scan using k_4 on sbtest4  (cost=0.43..6.45 rows=101 width=4)
	  Index Cond: ((k >= 6528117) AND (k <= 6528217))

table 5 : explain SELECT k FROM sbtest5 WHERE k BETWEEN 6528117 AND 6528217
	Index Only Scan using k_5 on sbtest5  (cost=0.43..6.37 rows=97 width=4)
	  Index Cond: ((k >= 6528117) AND (k <= 6528217))

table 6 : explain SELECT k FROM sbtest6 WHERE k BETWEEN 6528117 AND 6528217
	Index Only Scan using k_6 on sbtest6  (cost=0.43..6.50 rows=103 width=4)
	  Index Cond: ((k >= 6528117) AND (k <= 6528217))

table 7 : explain SELECT k FROM sbtest7 WHERE k BETWEEN 6528117 AND 6528217
	Index Only Scan using k_7 on sbtest7  (cost=0.43..6.58 rows=107 width=4)
	  Index Cond: ((k >= 6528117) AND (k <= 6528217))

table 8 : explain SELECT k FROM sbtest8 WHERE k BETWEEN 6528117 AND 6528217
	Index Only Scan using k_8 on sbtest8  (cost=0.43..6.43 rows=100 width=4)
	  Index Cond: ((k >= 6528117) AND (k <= 6528217))

explain: for range-covered :: explain SELECT k FROM sbtest%d WHERE k BETWEEN 4589057 AND 4589157
explain: for range-covered :: explain SELECT k FROM sbtest%d WHERE k BETWEEN 6528117 AND 6528217
for range-covered
table 1 : explain SELECT k FROM sbtest1 WHERE k BETWEEN 6126700 AND 6126800
	Index Only Scan using k_1 on sbtest1  (cost=0.43..6.42 rows=99 width=4)
	  Index Cond: ((k >= 6126700) AND (k <= 6126800))

table 2 : explain SELECT k FROM sbtest2 WHERE k BETWEEN 6126700 AND 6126800
	Index Only Scan using k_2 on sbtest2  (cost=0.43..6.47 rows=102 width=4)
	  Index Cond: ((k >= 6126700) AND (k <= 6126800))

table 3 : explain SELECT k FROM sbtest3 WHERE k BETWEEN 6126700 AND 6126800
	Index Only Scan using k_3 on sbtest3  (cost=0.43..10.40 rows=98 width=4)
	  Index Cond: ((k >= 6126700) AND (k <= 6126800))

table 4 : explain SELECT k FROM sbtest4 WHERE k BETWEEN 6126700 AND 6126800
	Index Only Scan using k_4 on sbtest4  (cost=0.43..6.47 rows=102 width=4)
	  Index Cond: ((k >= 6126700) AND (k <= 6126800))

table 5 : explain SELECT k FROM sbtest5 WHERE k BETWEEN 6126700 AND 6126800
	Index Only Scan using k_5 on sbtest5  (cost=0.43..6.58 rows=107 width=4)
	  Index Cond: ((k >= 6126700) AND (k <= 6126800))

table 6 : explain SELECT k FROM sbtest6 WHERE k BETWEEN 6126700 AND 6126800
	Index Only Scan using k_6 on sbtest6  (cost=0.43..6.37 rows=97 width=4)
	  Index Cond: ((k >= 6126700) AND (k <= 6126800))

table 7 : explain SELECT k FROM sbtest7 WHERE k BETWEEN 6126700 AND 6126800
	Index Only Scan using k_7 on sbtest7  (cost=0.43..6.42 rows=99 width=4)
	  Index Cond: ((k >= 6126700) AND (k <= 6126800))

table 8 : explain SELECT k FROM sbtest8 WHERE k BETWEEN 6126700 AND 6126800
	Index Only Scan using k_8 on sbtest8  (cost=0.43..6.58 rows=107 width=4)
	  Index Cond: ((k >= 6126700) AND (k <= 6126800))

explain: for range-covered :: explain SELECT k FROM sbtest%d WHERE k BETWEEN 6126700 AND 6126800
for range-covered
table 1 : explain SELECT k FROM sbtest1 WHERE k BETWEEN 3122849 AND 3122949
	Index Only Scan using k_1 on sbtest1  (cost=0.43..6.35 rows=96 width=4)
	  Index Cond: ((k >= 3122849) AND (k <= 3122949))

table 2 : explain SELECT k FROM sbtest2 WHERE k BETWEEN 3122849 AND 3122949
	Index Only Scan using k_2 on sbtest2  (cost=0.43..6.59 rows=108 width=4)
	  Index Cond: ((k >= 3122849) AND (k <= 3122949))

table 3 : explain SELECT k FROM sbtest3 WHERE k BETWEEN 3122849 AND 3122949
	Index Only Scan using k_3 on sbtest3  (cost=0.43..10.63 rows=110 width=4)
	  Index Cond: ((k >= 3122849) AND (k <= 3122949))

table 4 : explain SELECT k FROM sbtest4 WHERE k BETWEEN 3122849 AND 3122949
	Index Only Scan using k_4 on sbtest4  (cost=0.43..6.58 rows=107 width=4)
	  Index Cond: ((k >= 3122849) AND (k <= 3122949))

table 5 : explain SELECT k FROM sbtest5 WHERE k BETWEEN 3122849 AND 3122949
	Index Only Scan using k_5 on sbtest5  (cost=0.43..6.63 rows=110 width=4)
	  Index Cond: ((k >= 3122849) AND (k <= 3122949))

table 6 : explain SELECT k FROM sbtest6 WHERE k BETWEEN 3122849 AND 3122949
	Index Only Scan using k_6 on sbtest6  (cost=0.43..6.27 rows=92 width=4)
	  Index Cond: ((k >= 3122849) AND (k <= 3122949))

table 7 : explain SELECT k FROM sbtest7 WHERE k BETWEEN 3122849 AND 3122949
	Index Only Scan using k_7 on sbtest7  (cost=0.43..6.45 rows=101 width=4)
	  Index Cond: ((k >= 3122849) AND (k <= 3122949))

table 8 : explain SELECT k FROM sbtest8 WHERE k BETWEEN 3122849 AND 3122949
	Index Only Scan using k_8 on sbtest8  (cost=0.43..6.45 rows=101 width=4)
	  Index Cond: ((k >= 3122849) AND (k <= 3122949))

explain: for range-covered :: explain SELECT k FROM sbtest%d WHERE k BETWEEN 3122849 AND 3122949
for range-covered
table 1 : explain SELECT k FROM sbtest1 WHERE k BETWEEN 7752122 AND 7752222
	Index Only Scan using k_1 on sbtest1  (cost=0.43..6.37 rows=97 width=4)
	  Index Cond: ((k >= 7752122) AND (k <= 7752222))

table 2 : explain SELECT k FROM sbtest2 WHERE k BETWEEN 7752122 AND 7752222
	Index Only Scan using k_2 on sbtest2  (cost=0.43..6.59 rows=108 width=4)
	  Index Cond: ((k >= 7752122) AND (k <= 7752222))

table 3 : explain SELECT k FROM sbtest3 WHERE k BETWEEN 7752122 AND 7752222
	Index Only Scan using k_3 on sbtest3  (cost=0.43..10.38 rows=97 width=4)
	  Index Cond: ((k >= 7752122) AND (k <= 7752222))

table 4 : explain SELECT k FROM sbtest4 WHERE k BETWEEN 7752122 AND 7752222
	Index Only Scan using k_4 on sbtest4  (cost=0.43..6.50 rows=103 width=4)
	  Index Cond: ((k >= 7752122) AND (k <= 7752222))

table 5 : explain SELECT k FROM sbtest5 WHERE k BETWEEN 7752122 AND 7752222
	Index Only Scan using k_5 on sbtest5  (cost=0.43..6.51 rows=104 width=4)
	  Index Cond: ((k >= 7752122) AND (k <= 7752222))

table 6 : explain SELECT k FROM sbtest6 WHERE k BETWEEN 7752122 AND 7752222
	Index Only Scan using k_6 on sbtest6  (cost=0.43..6.42 rows=99 width=4)
	  Index Cond: ((k >= 7752122) AND (k <= 7752222))

table 7 : explain SELECT k FROM sbtest7 WHERE k BETWEEN 7752122 AND 7752222
	Index Only Scan using k_7 on sbtest7  (cost=0.43..6.63 rows=110 width=4)
	  Index Cond: ((k >= 7752122) AND (k <= 7752222))

table 8 : explain SELECT k FROM sbtest8 WHERE k BETWEEN 7752122 AND 7752222
	Index Only Scan using k_8 on sbtest8  (cost=0.43..6.29 rows=93 width=4)
	  Index Cond: ((k >= 7752122) AND (k <= 7752222))

explain: for range-covered :: explain SELECT k FROM sbtest%d WHERE k BETWEEN 7752122 AND 7752222
for range-covered
table 1 : explain SELECT k FROM sbtest1 WHERE k BETWEEN 4589057 AND 4589157
	Index Only Scan using k_1 on sbtest1  (cost=0.43..6.53 rows=105 width=4)
	  Index Cond: ((k >= 4589057) AND (k <= 4589157))

table 2 : explain SELECT k FROM sbtest2 WHERE k BETWEEN 4589057 AND 4589157
	Index Only Scan using k_2 on sbtest2  (cost=0.43..6.19 rows=88 width=4)
	  Index Cond: ((k >= 4589057) AND (k <= 4589157))

table 3 : explain SELECT k FROM sbtest3 WHERE k BETWEEN 4589057 AND 4589157
	Index Only Scan using k_3 on sbtest3  (cost=0.43..10.24 rows=90 width=4)
	  Index Cond: ((k >= 4589057) AND (k <= 4589157))

table 4 : explain SELECT k FROM sbtest4 WHERE k BETWEEN 4589057 AND 4589157
	Index Only Scan using k_4 on sbtest4  (cost=0.43..6.42 rows=99 width=4)
	  Index Cond: ((k >= 4589057) AND (k <= 4589157))

table 5 : explain SELECT k FROM sbtest5 WHERE k BETWEEN 4589057 AND 4589157
	Index Only Scan using k_5 on sbtest5  (cost=0.43..6.45 rows=101 width=4)
	  Index Cond: ((k >= 4589057) AND (k <= 4589157))

table 6 : explain SELECT k FROM sbtest6 WHERE k BETWEEN 4589057 AND 4589157
	Index Only Scan using k_6 on sbtest6  (cost=0.43..6.50 rows=103 width=4)
	  Index Cond: ((k >= 4589057) AND (k <= 4589157))

table 7 : explain SELECT k FROM sbtest7 WHERE k BETWEEN 4589057 AND 4589157
	Index Only Scan using k_7 on sbtest7  (cost=0.43..6.37 rows=97 width=4)
	  Index Cond: ((k >= 4589057) AND (k <= 4589157))

table 8 : explain SELECT k FROM sbtest8 WHERE k BETWEEN 4589057 AND 4589157
	Index Only Scan using k_8 on sbtest8  (cost=0.43..6.45 rows=101 width=4)
	  Index Cond: ((k >= 4589057) AND (k <= 4589157))

for range-covered
table 1 : explain SELECT k FROM sbtest1 WHERE k BETWEEN 6528117 AND 6528217
	Index Only Scan using k_1 on sbtest1  (cost=0.43..6.59 rows=108 width=4)
	  Index Cond: ((k >= 6528117) AND (k <= 6528217))

table 2 : explain SELECT k FROM sbtest2 WHERE k BETWEEN 6528117 AND 6528217
	Index Only Scan using k_2 on sbtest2  (cost=0.43..6.47 rows=102 width=4)
	  Index Cond: ((k >= 6528117) AND (k <= 6528217))

table 3 : explain SELECT k FROM sbtest3 WHERE k BETWEEN 6528117 AND 6528217
	Index Only Scan using k_3 on sbtest3  (cost=0.43..10.60 rows=108 width=4)
	  Index Cond: ((k >= 6528117) AND (k <= 6528217))

table 4 : explain SELECT k FROM sbtest4 WHERE k BETWEEN 6528117 AND 6528217
	Index Only Scan using k_4 on sbtest4  (cost=0.43..6.45 rows=101 width=4)
	  Index Cond: ((k >= 6528117) AND (k <= 6528217))

table 5 : explain SELECT k FROM sbtest5 WHERE k BETWEEN 6528117 AND 6528217
	Index Only Scan using k_5 on sbtest5  (cost=0.43..6.37 rows=97 width=4)
	  Index Cond: ((k >= 6528117) AND (k <= 6528217))

table 6 : explain SELECT k FROM sbtest6 WHERE k BETWEEN 6528117 AND 6528217
	Index Only Scan using k_6 on sbtest6  (cost=0.43..6.50 rows=103 width=4)
	  Index Cond: ((k >= 6528117) AND (k <= 6528217))

table 7 : explain SELECT k FROM sbtest7 WHERE k BETWEEN 6528117 AND 6528217
	Index Only Scan using k_7 on sbtest7  (cost=0.43..6.58 rows=107 width=4)
	  Index Cond: ((k >= 6528117) AND (k <= 6528217))

table 8 : explain SELECT k FROM sbtest8 WHERE k BETWEEN 6528117 AND 6528217
	Index Only Scan using k_8 on sbtest8  (cost=0.43..6.43 rows=100 width=4)
	  Index Cond: ((k >= 6528117) AND (k <= 6528217))

explain: for range-covered :: explain SELECT k FROM sbtest%d WHERE k BETWEEN 4589057 AND 4589157
explain: for range-covered :: explain SELECT k FROM sbtest%d WHERE k BETWEEN 6528117 AND 6528217
for range-covered
table 1 : explain SELECT k FROM sbtest1 WHERE k BETWEEN 6126700 AND 6126800
	Index Only Scan using k_1 on sbtest1  (cost=0.43..6.42 rows=99 width=4)
	  Index Cond: ((k >= 6126700) AND (k <= 6126800))

table 2 : explain SELECT k FROM sbtest2 WHERE k BETWEEN 6126700 AND 6126800
	Index Only Scan using k_2 on sbtest2  (cost=0.43..6.47 rows=102 width=4)
	  Index Cond: ((k >= 6126700) AND (k <= 6126800))

table 3 : explain SELECT k FROM sbtest3 WHERE k BETWEEN 6126700 AND 6126800
	Index Only Scan using k_3 on sbtest3  (cost=0.43..10.40 rows=98 width=4)
	  Index Cond: ((k >= 6126700) AND (k <= 6126800))

table 4 : explain SELECT k FROM sbtest4 WHERE k BETWEEN 6126700 AND 6126800
	Index Only Scan using k_4 on sbtest4  (cost=0.43..6.47 rows=102 width=4)
	  Index Cond: ((k >= 6126700) AND (k <= 6126800))

table 5 : explain SELECT k FROM sbtest5 WHERE k BETWEEN 6126700 AND 6126800
	Index Only Scan using k_5 on sbtest5  (cost=0.43..6.58 rows=107 width=4)
	  Index Cond: ((k >= 6126700) AND (k <= 6126800))

table 6 : explain SELECT k FROM sbtest6 WHERE k BETWEEN 6126700 AND 6126800
	Index Only Scan using k_6 on sbtest6  (cost=0.43..6.37 rows=97 width=4)
	  Index Cond: ((k >= 6126700) AND (k <= 6126800))

table 7 : explain SELECT k FROM sbtest7 WHERE k BETWEEN 6126700 AND 6126800
	Index Only Scan using k_7 on sbtest7  (cost=0.43..6.42 rows=99 width=4)
	  Index Cond: ((k >= 6126700) AND (k <= 6126800))

table 8 : explain SELECT k FROM sbtest8 WHERE k BETWEEN 6126700 AND 6126800
	Index Only Scan using k_8 on sbtest8  (cost=0.43..6.58 rows=107 width=4)
	  Index Cond: ((k >= 6126700) AND (k <= 6126800))

for range-covered
table 1 : explain SELECT k FROM sbtest1 WHERE k BETWEEN 5446889 AND 5446989
	Index Only Scan using k_1 on sbtest1  (cost=0.43..6.56 rows=106 width=4)
	  Index Cond: ((k >= 5446889) AND (k <= 5446989))

table 2 : explain SELECT k FROM sbtest2 WHERE k BETWEEN 5446889 AND 5446989
	Index Only Scan using k_2 on sbtest2  (cost=0.43..6.43 rows=100 width=4)
	  Index Cond: ((k >= 5446889) AND (k <= 5446989))

table 3 : explain SELECT k FROM sbtest3 WHERE k BETWEEN 5446889 AND 5446989
	Index Only Scan using k_3 on sbtest3  (cost=0.43..10.50 rows=103 width=4)
	  Index Cond: ((k >= 5446889) AND (k <= 5446989))

table 4 : explain SELECT k FROM sbtest4 WHERE k BETWEEN 5446889 AND 5446989
	Index Only Scan using k_4 on sbtest4  (cost=0.43..6.50 rows=103 width=4)
	  Index Cond: ((k >= 5446889) AND (k <= 5446989))

table 5 : explain SELECT k FROM sbtest5 WHERE k BETWEEN 5446889 AND 5446989
	Index Only Scan using k_5 on sbtest5  (cost=0.43..6.45 rows=101 width=4)
	  Index Cond: ((k >= 5446889) AND (k <= 5446989))

table 6 : explain SELECT k FROM sbtest6 WHERE k BETWEEN 5446889 AND 5446989
	Index Only Scan using k_6 on sbtest6  (cost=0.43..6.59 rows=108 width=4)
	  Index Cond: ((k >= 5446889) AND (k <= 5446989))

table 7 : explain SELECT k FROM sbtest7 WHERE k BETWEEN 5446889 AND 5446989
	Index Only Scan using k_7 on sbtest7  (cost=0.43..6.63 rows=110 width=4)
	  Index Cond: ((k >= 5446889) AND (k <= 5446989))

table 8 : explain SELECT k FROM sbtest8 WHERE k BETWEEN 5446889 AND 5446989
	Index Only Scan using k_8 on sbtest8  (cost=0.43..6.42 rows=99 width=4)
	  Index Cond: ((k >= 5446889) AND (k <= 5446989))

explain: for range-covered :: explain SELECT k FROM sbtest%d WHERE k BETWEEN 6126700 AND 6126800
explain: for range-covered :: explain SELECT k FROM sbtest%d WHERE k BETWEEN 5446889 AND 5446989
for range-covered
table 1 : explain SELECT k FROM sbtest1 WHERE k BETWEEN 6528117 AND 6528217
	Index Only Scan using k_1 on sbtest1  (cost=0.43..6.59 rows=108 width=4)
	  Index Cond: ((k >= 6528117) AND (k <= 6528217))

table 2 : explain SELECT k FROM sbtest2 WHERE k BETWEEN 6528117 AND 6528217
	Index Only Scan using k_2 on sbtest2  (cost=0.43..6.47 rows=102 width=4)
	  Index Cond: ((k >= 6528117) AND (k <= 6528217))

table 3 : explain SELECT k FROM sbtest3 WHERE k BETWEEN 6528117 AND 6528217
	Index Only Scan using k_3 on sbtest3  (cost=0.43..10.60 rows=108 width=4)
	  Index Cond: ((k >= 6528117) AND (k <= 6528217))

table 4 : explain SELECT k FROM sbtest4 WHERE k BETWEEN 6528117 AND 6528217
	Index Only Scan using k_4 on sbtest4  (cost=0.43..6.45 rows=101 width=4)
	  Index Cond: ((k >= 6528117) AND (k <= 6528217))

table 5 : explain SELECT k FROM sbtest5 WHERE k BETWEEN 6528117 AND 6528217
	Index Only Scan using k_5 on sbtest5  (cost=0.43..6.37 rows=97 width=4)
	  Index Cond: ((k >= 6528117) AND (k <= 6528217))

table 6 : explain SELECT k FROM sbtest6 WHERE k BETWEEN 6528117 AND 6528217
	Index Only Scan using k_6 on sbtest6  (cost=0.43..6.50 rows=103 width=4)
	  Index Cond: ((k >= 6528117) AND (k <= 6528217))

table 7 : explain SELECT k FROM sbtest7 WHERE k BETWEEN 6528117 AND 6528217
	Index Only Scan using k_7 on sbtest7  (cost=0.43..6.58 rows=107 width=4)
	  Index Cond: ((k >= 6528117) AND (k <= 6528217))

table 8 : explain SELECT k FROM sbtest8 WHERE k BETWEEN 6528117 AND 6528217
	Index Only Scan using k_8 on sbtest8  (cost=0.43..6.43 rows=100 width=4)
	  Index Cond: ((k >= 6528117) AND (k <= 6528217))

explain: for range-covered :: explain SELECT k FROM sbtest%d WHERE k BETWEEN 9162406 AND 9162506
explain: for range-covered :: explain SELECT k FROM sbtest%d WHERE k BETWEEN 6528117 AND 6528217
for range-covered
table 1 : explain SELECT k FROM sbtest1 WHERE k BETWEEN 6126700 AND 6126800
	Index Only Scan using k_1 on sbtest1  (cost=0.43..6.42 rows=99 width=4)
	  Index Cond: ((k >= 6126700) AND (k <= 6126800))

table 2 : explain SELECT k FROM sbtest2 WHERE k BETWEEN 6126700 AND 6126800
	Index Only Scan using k_2 on sbtest2  (cost=0.43..6.47 rows=102 width=4)
	  Index Cond: ((k >= 6126700) AND (k <= 6126800))

table 3 : explain SELECT k FROM sbtest3 WHERE k BETWEEN 6126700 AND 6126800
	Index Only Scan using k_3 on sbtest3  (cost=0.43..10.40 rows=98 width=4)
	  Index Cond: ((k >= 6126700) AND (k <= 6126800))

table 4 : explain SELECT k FROM sbtest4 WHERE k BETWEEN 6126700 AND 6126800
	Index Only Scan using k_4 on sbtest4  (cost=0.43..6.47 rows=102 width=4)
	  Index Cond: ((k >= 6126700) AND (k <= 6126800))

table 5 : explain SELECT k FROM sbtest5 WHERE k BETWEEN 6126700 AND 6126800
	Index Only Scan using k_5 on sbtest5  (cost=0.43..6.58 rows=107 width=4)
	  Index Cond: ((k >= 6126700) AND (k <= 6126800))

table 6 : explain SELECT k FROM sbtest6 WHERE k BETWEEN 6126700 AND 6126800
	Index Only Scan using k_6 on sbtest6  (cost=0.43..6.37 rows=97 width=4)
	  Index Cond: ((k >= 6126700) AND (k <= 6126800))

table 7 : explain SELECT k FROM sbtest7 WHERE k BETWEEN 6126700 AND 6126800
	Index Only Scan using k_7 on sbtest7  (cost=0.43..6.42 rows=99 width=4)
	  Index Cond: ((k >= 6126700) AND (k <= 6126800))

table 8 : explain SELECT k FROM sbtest8 WHERE k BETWEEN 6126700 AND 6126800
	Index Only Scan using k_8 on sbtest8  (cost=0.43..6.58 rows=107 width=4)
	  Index Cond: ((k >= 6126700) AND (k <= 6126800))

explain: for range-covered :: explain SELECT k FROM sbtest%d WHERE k BETWEEN 6126700 AND 6126800
for range-covered
table 1 : explain SELECT k FROM sbtest1 WHERE k BETWEEN 7752122 AND 7752222
	Index Only Scan using k_1 on sbtest1  (cost=0.43..6.37 rows=97 width=4)
	  Index Cond: ((k >= 7752122) AND (k <= 7752222))

table 2 : explain SELECT k FROM sbtest2 WHERE k BETWEEN 7752122 AND 7752222
	Index Only Scan using k_2 on sbtest2  (cost=0.43..6.59 rows=108 width=4)
	  Index Cond: ((k >= 7752122) AND (k <= 7752222))

table 3 : explain SELECT k FROM sbtest3 WHERE k BETWEEN 7752122 AND 7752222
	Index Only Scan using k_3 on sbtest3  (cost=0.43..10.38 rows=97 width=4)
	  Index Cond: ((k >= 7752122) AND (k <= 7752222))

table 4 : explain SELECT k FROM sbtest4 WHERE k BETWEEN 7752122 AND 7752222
	Index Only Scan using k_4 on sbtest4  (cost=0.43..6.50 rows=103 width=4)
	  Index Cond: ((k >= 7752122) AND (k <= 7752222))

table 5 : explain SELECT k FROM sbtest5 WHERE k BETWEEN 7752122 AND 7752222
	Index Only Scan using k_5 on sbtest5  (cost=0.43..6.51 rows=104 width=4)
	  Index Cond: ((k >= 7752122) AND (k <= 7752222))

table 6 : explain SELECT k FROM sbtest6 WHERE k BETWEEN 7752122 AND 7752222
	Index Only Scan using k_6 on sbtest6  (cost=0.43..6.42 rows=99 width=4)
	  Index Cond: ((k >= 7752122) AND (k <= 7752222))

table 7 : explain SELECT k FROM sbtest7 WHERE k BETWEEN 7752122 AND 7752222
	Index Only Scan using k_7 on sbtest7  (cost=0.43..6.63 rows=110 width=4)
	  Index Cond: ((k >= 7752122) AND (k <= 7752222))

table 8 : explain SELECT k FROM sbtest8 WHERE k BETWEEN 7752122 AND 7752222
	Index Only Scan using k_8 on sbtest8  (cost=0.43..6.29 rows=93 width=4)
	  Index Cond: ((k >= 7752122) AND (k <= 7752222))

for range-covered
table 1 : explain SELECT k FROM sbtest1 WHERE k BETWEEN 3122849 AND 3122949
	Index Only Scan using k_1 on sbtest1  (cost=0.43..6.35 rows=96 width=4)
	  Index Cond: ((k >= 3122849) AND (k <= 3122949))

table 2 : explain SELECT k FROM sbtest2 WHERE k BETWEEN 3122849 AND 3122949
	Index Only Scan using k_2 on sbtest2  (cost=0.43..6.59 rows=108 width=4)
	  Index Cond: ((k >= 3122849) AND (k <= 3122949))

table 3 : explain SELECT k FROM sbtest3 WHERE k BETWEEN 3122849 AND 3122949
	Index Only Scan using k_3 on sbtest3  (cost=0.43..10.63 rows=110 width=4)
	  Index Cond: ((k >= 3122849) AND (k <= 3122949))

table 4 : explain SELECT k FROM sbtest4 WHERE k BETWEEN 3122849 AND 3122949
	Index Only Scan using k_4 on sbtest4  (cost=0.43..6.58 rows=107 width=4)
	  Index Cond: ((k >= 3122849) AND (k <= 3122949))

table 5 : explain SELECT k FROM sbtest5 WHERE k BETWEEN 3122849 AND 3122949
	Index Only Scan using k_5 on sbtest5  (cost=0.43..6.63 rows=110 width=4)
	  Index Cond: ((k >= 3122849) AND (k <= 3122949))

table 6 : explain SELECT k FROM sbtest6 WHERE k BETWEEN 3122849 AND 3122949
	Index Only Scan using k_6 on sbtest6  (cost=0.43..6.27 rows=92 width=4)
	  Index Cond: ((k >= 3122849) AND (k <= 3122949))

table 7 : explain SELECT k FROM sbtest7 WHERE k BETWEEN 3122849 AND 3122949
	Index Only Scan using k_7 on sbtest7  (cost=0.43..6.45 rows=101 width=4)
	  Index Cond: ((k >= 3122849) AND (k <= 3122949))

table 8 : explain SELECT k FROM sbtest8 WHERE k BETWEEN 3122849 AND 3122949
	Index Only Scan using k_8 on sbtest8  (cost=0.43..6.45 rows=101 width=4)
	  Index Cond: ((k >= 3122849) AND (k <= 3122949))

explain: for range-covered :: explain SELECT k FROM sbtest%d WHERE k BETWEEN 3122849 AND 3122949
for range-covered
table 1 : explain SELECT k FROM sbtest1 WHERE k BETWEEN 4589057 AND 4589157
	Index Only Scan using k_1 on sbtest1  (cost=0.43..6.53 rows=105 width=4)
	  Index Cond: ((k >= 4589057) AND (k <= 4589157))

table 2 : explain SELECT k FROM sbtest2 WHERE k BETWEEN 4589057 AND 4589157
	Index Only Scan using k_2 on sbtest2  (cost=0.43..6.19 rows=88 width=4)
	  Index Cond: ((k >= 4589057) AND (k <= 4589157))

table 3 : explain SELECT k FROM sbtest3 WHERE k BETWEEN 4589057 AND 4589157
	Index Only Scan using k_3 on sbtest3  (cost=0.43..10.24 rows=90 width=4)
	  Index Cond: ((k >= 4589057) AND (k <= 4589157))

table 4 : explain SELECT k FROM sbtest4 WHERE k BETWEEN 4589057 AND 4589157
	Index Only Scan using k_4 on sbtest4  (cost=0.43..6.42 rows=99 width=4)
	  Index Cond: ((k >= 4589057) AND (k <= 4589157))

table 5 : explain SELECT k FROM sbtest5 WHERE k BETWEEN 4589057 AND 4589157
	Index Only Scan using k_5 on sbtest5  (cost=0.43..6.45 rows=101 width=4)
	  Index Cond: ((k >= 4589057) AND (k <= 4589157))

table 6 : explain SELECT k FROM sbtest6 WHERE k BETWEEN 4589057 AND 4589157
	Index Only Scan using k_6 on sbtest6  (cost=0.43..6.50 rows=103 width=4)
	  Index Cond: ((k >= 4589057) AND (k <= 4589157))

table 7 : explain SELECT k FROM sbtest7 WHERE k BETWEEN 4589057 AND 4589157
	Index Only Scan using k_7 on sbtest7  (cost=0.43..6.37 rows=97 width=4)
	  Index Cond: ((k >= 4589057) AND (k <= 4589157))

table 8 : explain SELECT k FROM sbtest8 WHERE k BETWEEN 4589057 AND 4589157
	Index Only Scan using k_8 on sbtest8  (cost=0.43..6.45 rows=101 width=4)
	  Index Cond: ((k >= 4589057) AND (k <= 4589157))

for range-covered
table 1 : explain SELECT k FROM sbtest1 WHERE k BETWEEN 6528117 AND 6528217
	Index Only Scan using k_1 on sbtest1  (cost=0.43..6.59 rows=108 width=4)
	  Index Cond: ((k >= 6528117) AND (k <= 6528217))

table 2 : explain SELECT k FROM sbtest2 WHERE k BETWEEN 6528117 AND 6528217
	Index Only Scan using k_2 on sbtest2  (cost=0.43..6.47 rows=102 width=4)
	  Index Cond: ((k >= 6528117) AND (k <= 6528217))

table 3 : explain SELECT k FROM sbtest3 WHERE k BETWEEN 6528117 AND 6528217
	Index Only Scan using k_3 on sbtest3  (cost=0.43..10.60 rows=108 width=4)
	  Index Cond: ((k >= 6528117) AND (k <= 6528217))

table 4 : explain SELECT k FROM sbtest4 WHERE k BETWEEN 6528117 AND 6528217
	Index Only Scan using k_4 on sbtest4  (cost=0.43..6.45 rows=101 width=4)
	  Index Cond: ((k >= 6528117) AND (k <= 6528217))

table 5 : explain SELECT k FROM sbtest5 WHERE k BETWEEN 6528117 AND 6528217
	Index Only Scan using k_5 on sbtest5  (cost=0.43..6.37 rows=97 width=4)
	  Index Cond: ((k >= 6528117) AND (k <= 6528217))

table 6 : explain SELECT k FROM sbtest6 WHERE k BETWEEN 6528117 AND 6528217
	Index Only Scan using k_6 on sbtest6  (cost=0.43..6.50 rows=103 width=4)
	  Index Cond: ((k >= 6528117) AND (k <= 6528217))

table 7 : explain SELECT k FROM sbtest7 WHERE k BETWEEN 6528117 AND 6528217
	Index Only Scan using k_7 on sbtest7  (cost=0.43..6.58 rows=107 width=4)
	  Index Cond: ((k >= 6528117) AND (k <= 6528217))

table 8 : explain SELECT k FROM sbtest8 WHERE k BETWEEN 6528117 AND 6528217
	Index Only Scan using k_8 on sbtest8  (cost=0.43..6.43 rows=100 width=4)
	  Index Cond: ((k >= 6528117) AND (k <= 6528217))

explain: for range-covered :: explain SELECT k FROM sbtest%d WHERE k BETWEEN 7752122 AND 7752222
explain: for range-covered :: explain SELECT k FROM sbtest%d WHERE k BETWEEN 6528117 AND 6528217
explain: for range-covered :: explain SELECT k FROM sbtest%d WHERE k BETWEEN 4589057 AND 4589157
for range-covered
table 1 : explain SELECT k FROM sbtest1 WHERE k BETWEEN 6126700 AND 6126800
	Index Only Scan using k_1 on sbtest1  (cost=0.43..6.42 rows=99 width=4)
	  Index Cond: ((k >= 6126700) AND (k <= 6126800))

table 2 : explain SELECT k FROM sbtest2 WHERE k BETWEEN 6126700 AND 6126800
	Index Only Scan using k_2 on sbtest2  (cost=0.43..6.47 rows=102 width=4)
	  Index Cond: ((k >= 6126700) AND (k <= 6126800))

table 3 : explain SELECT k FROM sbtest3 WHERE k BETWEEN 6126700 AND 6126800
	Index Only Scan using k_3 on sbtest3  (cost=0.43..10.40 rows=98 width=4)
	  Index Cond: ((k >= 6126700) AND (k <= 6126800))

table 4 : explain SELECT k FROM sbtest4 WHERE k BETWEEN 6126700 AND 6126800
	Index Only Scan using k_4 on sbtest4  (cost=0.43..6.47 rows=102 width=4)
	  Index Cond: ((k >= 6126700) AND (k <= 6126800))

table 5 : explain SELECT k FROM sbtest5 WHERE k BETWEEN 6126700 AND 6126800
	Index Only Scan using k_5 on sbtest5  (cost=0.43..6.58 rows=107 width=4)
	  Index Cond: ((k >= 6126700) AND (k <= 6126800))

table 6 : explain SELECT k FROM sbtest6 WHERE k BETWEEN 6126700 AND 6126800
	Index Only Scan using k_6 on sbtest6  (cost=0.43..6.37 rows=97 width=4)
	  Index Cond: ((k >= 6126700) AND (k <= 6126800))

table 7 : explain SELECT k FROM sbtest7 WHERE k BETWEEN 6126700 AND 6126800
	Index Only Scan using k_7 on sbtest7  (cost=0.43..6.42 rows=99 width=4)
	  Index Cond: ((k >= 6126700) AND (k <= 6126800))

table 8 : explain SELECT k FROM sbtest8 WHERE k BETWEEN 6126700 AND 6126800
	Index Only Scan using k_8 on sbtest8  (cost=0.43..6.58 rows=107 width=4)
	  Index Cond: ((k >= 6126700) AND (k <= 6126800))

for range-covered
table 1 : explain SELECT k FROM sbtest1 WHERE k BETWEEN 5446889 AND 5446989
	Index Only Scan using k_1 on sbtest1  (cost=0.43..6.56 rows=106 width=4)
	  Index Cond: ((k >= 5446889) AND (k <= 5446989))

table 2 : explain SELECT k FROM sbtest2 WHERE k BETWEEN 5446889 AND 5446989
	Index Only Scan using k_2 on sbtest2  (cost=0.43..6.43 rows=100 width=4)
	  Index Cond: ((k >= 5446889) AND (k <= 5446989))

table 3 : explain SELECT k FROM sbtest3 WHERE k BETWEEN 5446889 AND 5446989
	Index Only Scan using k_3 on sbtest3  (cost=0.43..10.50 rows=103 width=4)
	  Index Cond: ((k >= 5446889) AND (k <= 5446989))

table 4 : explain SELECT k FROM sbtest4 WHERE k BETWEEN 5446889 AND 5446989
	Index Only Scan using k_4 on sbtest4  (cost=0.43..6.50 rows=103 width=4)
	  Index Cond: ((k >= 5446889) AND (k <= 5446989))

table 5 : explain SELECT k FROM sbtest5 WHERE k BETWEEN 5446889 AND 5446989
	Index Only Scan using k_5 on sbtest5  (cost=0.43..6.45 rows=101 width=4)
	  Index Cond: ((k >= 5446889) AND (k <= 5446989))

table 6 : explain SELECT k FROM sbtest6 WHERE k BETWEEN 5446889 AND 5446989
	Index Only Scan using k_6 on sbtest6  (cost=0.43..6.59 rows=108 width=4)
	  Index Cond: ((k >= 5446889) AND (k <= 5446989))

table 7 : explain SELECT k FROM sbtest7 WHERE k BETWEEN 5446889 AND 5446989
	Index Only Scan using k_7 on sbtest7  (cost=0.43..6.63 rows=110 width=4)
	  Index Cond: ((k >= 5446889) AND (k <= 5446989))

table 8 : explain SELECT k FROM sbtest8 WHERE k BETWEEN 5446889 AND 5446989
	Index Only Scan using k_8 on sbtest8  (cost=0.43..6.42 rows=99 width=4)
	  Index Cond: ((k >= 5446889) AND (k <= 5446989))

explain: for range-covered :: explain SELECT k FROM sbtest%d WHERE k BETWEEN 6126700 AND 6126800
explain: for range-covered :: explain SELECT k FROM sbtest%d WHERE k BETWEEN 5446889 AND 5446989
for range-covered
table 1 : explain SELECT k FROM sbtest1 WHERE k BETWEEN 6528117 AND 6528217
	Index Only Scan using k_1 on sbtest1  (cost=0.43..6.59 rows=108 width=4)
	  Index Cond: ((k >= 6528117) AND (k <= 6528217))

table 2 : explain SELECT k FROM sbtest2 WHERE k BETWEEN 6528117 AND 6528217
	Index Only Scan using k_2 on sbtest2  (cost=0.43..6.47 rows=102 width=4)
	  Index Cond: ((k >= 6528117) AND (k <= 6528217))

table 3 : explain SELECT k FROM sbtest3 WHERE k BETWEEN 6528117 AND 6528217
	Index Only Scan using k_3 on sbtest3  (cost=0.43..10.60 rows=108 width=4)
	  Index Cond: ((k >= 6528117) AND (k <= 6528217))

table 4 : explain SELECT k FROM sbtest4 WHERE k BETWEEN 6528117 AND 6528217
	Index Only Scan using k_4 on sbtest4  (cost=0.43..6.45 rows=101 width=4)
	  Index Cond: ((k >= 6528117) AND (k <= 6528217))

table 5 : explain SELECT k FROM sbtest5 WHERE k BETWEEN 6528117 AND 6528217
	Index Only Scan using k_5 on sbtest5  (cost=0.43..6.37 rows=97 width=4)
	  Index Cond: ((k >= 6528117) AND (k <= 6528217))

table 6 : explain SELECT k FROM sbtest6 WHERE k BETWEEN 6528117 AND 6528217
	Index Only Scan using k_6 on sbtest6  (cost=0.43..6.50 rows=103 width=4)
	  Index Cond: ((k >= 6528117) AND (k <= 6528217))

table 7 : explain SELECT k FROM sbtest7 WHERE k BETWEEN 6528117 AND 6528217
	Index Only Scan using k_7 on sbtest7  (cost=0.43..6.58 rows=107 width=4)
	  Index Cond: ((k >= 6528117) AND (k <= 6528217))

table 8 : explain SELECT k FROM sbtest8 WHERE k BETWEEN 6528117 AND 6528217
	Index Only Scan using k_8 on sbtest8  (cost=0.43..6.43 rows=100 width=4)
	  Index Cond: ((k >= 6528117) AND (k <= 6528217))

for range-covered
table 1 : explain SELECT k FROM sbtest1 WHERE k BETWEEN 6126700 AND 6126800
	Index Only Scan using k_1 on sbtest1  (cost=0.43..6.42 rows=99 width=4)
	  Index Cond: ((k >= 6126700) AND (k <= 6126800))

table 2 : explain SELECT k FROM sbtest2 WHERE k BETWEEN 6126700 AND 6126800
	Index Only Scan using k_2 on sbtest2  (cost=0.43..6.47 rows=102 width=4)
	  Index Cond: ((k >= 6126700) AND (k <= 6126800))

table 3 : explain SELECT k FROM sbtest3 WHERE k BETWEEN 6126700 AND 6126800
	Index Only Scan using k_3 on sbtest3  (cost=0.43..10.40 rows=98 width=4)
	  Index Cond: ((k >= 6126700) AND (k <= 6126800))

table 4 : explain SELECT k FROM sbtest4 WHERE k BETWEEN 6126700 AND 6126800
	Index Only Scan using k_4 on sbtest4  (cost=0.43..6.47 rows=102 width=4)
	  Index Cond: ((k >= 6126700) AND (k <= 6126800))

table 5 : explain SELECT k FROM sbtest5 WHERE k BETWEEN 6126700 AND 6126800
	Index Only Scan using k_5 on sbtest5  (cost=0.43..6.58 rows=107 width=4)
	  Index Cond: ((k >= 6126700) AND (k <= 6126800))

table 6 : explain SELECT k FROM sbtest6 WHERE k BETWEEN 6126700 AND 6126800
	Index Only Scan using k_6 on sbtest6  (cost=0.43..6.37 rows=97 width=4)
	  Index Cond: ((k >= 6126700) AND (k <= 6126800))

table 7 : explain SELECT k FROM sbtest7 WHERE k BETWEEN 6126700 AND 6126800
	Index Only Scan using k_7 on sbtest7  (cost=0.43..6.42 rows=99 width=4)
	  Index Cond: ((k >= 6126700) AND (k <= 6126800))

table 8 : explain SELECT k FROM sbtest8 WHERE k BETWEEN 6126700 AND 6126800
	Index Only Scan using k_8 on sbtest8  (cost=0.43..6.58 rows=107 width=4)
	  Index Cond: ((k >= 6126700) AND (k <= 6126800))

explain: for range-covered :: explain SELECT k FROM sbtest%d WHERE k BETWEEN 6126700 AND 6126800
for range-covered
table 1 : explain SELECT k FROM sbtest1 WHERE k BETWEEN 3122849 AND 3122949
	Index Only Scan using k_1 on sbtest1  (cost=0.43..6.35 rows=96 width=4)
	  Index Cond: ((k >= 3122849) AND (k <= 3122949))

table 2 : explain SELECT k FROM sbtest2 WHERE k BETWEEN 3122849 AND 3122949
	Index Only Scan using k_2 on sbtest2  (cost=0.43..6.59 rows=108 width=4)
	  Index Cond: ((k >= 3122849) AND (k <= 3122949))

table 3 : explain SELECT k FROM sbtest3 WHERE k BETWEEN 3122849 AND 3122949
	Index Only Scan using k_3 on sbtest3  (cost=0.43..10.63 rows=110 width=4)
	  Index Cond: ((k >= 3122849) AND (k <= 3122949))

table 4 : explain SELECT k FROM sbtest4 WHERE k BETWEEN 3122849 AND 3122949
	Index Only Scan using k_4 on sbtest4  (cost=0.43..6.58 rows=107 width=4)
	  Index Cond: ((k >= 3122849) AND (k <= 3122949))

table 5 : explain SELECT k FROM sbtest5 WHERE k BETWEEN 3122849 AND 3122949
	Index Only Scan using k_5 on sbtest5  (cost=0.43..6.63 rows=110 width=4)
	  Index Cond: ((k >= 3122849) AND (k <= 3122949))

table 6 : explain SELECT k FROM sbtest6 WHERE k BETWEEN 3122849 AND 3122949
	Index Only Scan using k_6 on sbtest6  (cost=0.43..6.27 rows=92 width=4)
	  Index Cond: ((k >= 3122849) AND (k <= 3122949))

table 7 : explain SELECT k FROM sbtest7 WHERE k BETWEEN 3122849 AND 3122949
	Index Only Scan using k_7 on sbtest7  (cost=0.43..6.45 rows=101 width=4)
	  Index Cond: ((k >= 3122849) AND (k <= 3122949))

table 8 : explain SELECT k FROM sbtest8 WHERE k BETWEEN 3122849 AND 3122949
	Index Only Scan using k_8 on sbtest8  (cost=0.43..6.45 rows=101 width=4)
	  Index Cond: ((k >= 3122849) AND (k <= 3122949))

explain: for range-covered :: explain SELECT k FROM sbtest%d WHERE k BETWEEN 3122849 AND 3122949
for range-covered
table 1 : explain SELECT k FROM sbtest1 WHERE k BETWEEN 3004941 AND 3005041
	Index Only Scan using k_1 on sbtest1  (cost=0.43..6.58 rows=107 width=4)
	  Index Cond: ((k >= 3004941) AND (k <= 3005041))

table 2 : explain SELECT k FROM sbtest2 WHERE k BETWEEN 3004941 AND 3005041
	Index Only Scan using k_2 on sbtest2  (cost=0.43..6.45 rows=101 width=4)
	  Index Cond: ((k >= 3004941) AND (k <= 3005041))

table 3 : explain SELECT k FROM sbtest3 WHERE k BETWEEN 3004941 AND 3005041
	Index Only Scan using k_3 on sbtest3  (cost=0.43..10.56 rows=106 width=4)
	  Index Cond: ((k >= 3004941) AND (k <= 3005041))

table 4 : explain SELECT k FROM sbtest4 WHERE k BETWEEN 3004941 AND 3005041
	Index Only Scan using k_4 on sbtest4  (cost=0.43..6.56 rows=106 width=4)
	  Index Cond: ((k >= 3004941) AND (k <= 3005041))

table 5 : explain SELECT k FROM sbtest5 WHERE k BETWEEN 3004941 AND 3005041
	Index Only Scan using k_5 on sbtest5  (cost=0.43..6.56 rows=106 width=4)
	  Index Cond: ((k >= 3004941) AND (k <= 3005041))

table 6 : explain SELECT k FROM sbtest6 WHERE k BETWEEN 3004941 AND 3005041
	Index Only Scan using k_6 on sbtest6  (cost=0.43..6.45 rows=101 width=4)
	  Index Cond: ((k >= 3004941) AND (k <= 3005041))

table 7 : explain SELECT k FROM sbtest7 WHERE k BETWEEN 3004941 AND 3005041
	Index Only Scan using k_7 on sbtest7  (cost=0.43..6.42 rows=99 width=4)
	  Index Cond: ((k >= 3004941) AND (k <= 3005041))

table 8 : explain SELECT k FROM sbtest8 WHERE k BETWEEN 3004941 AND 3005041
	Index Only Scan using k_8 on sbtest8  (cost=0.43..6.53 rows=105 width=4)
	  Index Cond: ((k >= 3004941) AND (k <= 3005041))

for range-covered
table 1 : explain SELECT k FROM sbtest1 WHERE k BETWEEN 7752122 AND 7752222
	Index Only Scan using k_1 on sbtest1  (cost=0.43..6.37 rows=97 width=4)
	  Index Cond: ((k >= 7752122) AND (k <= 7752222))

table 2 : explain SELECT k FROM sbtest2 WHERE k BETWEEN 7752122 AND 7752222
	Index Only Scan using k_2 on sbtest2  (cost=0.43..6.59 rows=108 width=4)
	  Index Cond: ((k >= 7752122) AND (k <= 7752222))

table 3 : explain SELECT k FROM sbtest3 WHERE k BETWEEN 7752122 AND 7752222
	Index Only Scan using k_3 on sbtest3  (cost=0.43..10.38 rows=97 width=4)
	  Index Cond: ((k >= 7752122) AND (k <= 7752222))

table 4 : explain SELECT k FROM sbtest4 WHERE k BETWEEN 7752122 AND 7752222
	Index Only Scan using k_4 on sbtest4  (cost=0.43..6.50 rows=103 width=4)
	  Index Cond: ((k >= 7752122) AND (k <= 7752222))

table 5 : explain SELECT k FROM sbtest5 WHERE k BETWEEN 7752122 AND 7752222
	Index Only Scan using k_5 on sbtest5  (cost=0.43..6.51 rows=104 width=4)
	  Index Cond: ((k >= 7752122) AND (k <= 7752222))

table 6 : explain SELECT k FROM sbtest6 WHERE k BETWEEN 7752122 AND 7752222
	Index Only Scan using k_6 on sbtest6  (cost=0.43..6.42 rows=99 width=4)
	  Index Cond: ((k >= 7752122) AND (k <= 7752222))

table 7 : explain SELECT k FROM sbtest7 WHERE k BETWEEN 7752122 AND 7752222
	Index Only Scan using k_7 on sbtest7  (cost=0.43..6.63 rows=110 width=4)
	  Index Cond: ((k >= 7752122) AND (k <= 7752222))

table 8 : explain SELECT k FROM sbtest8 WHERE k BETWEEN 7752122 AND 7752222
	Index Only Scan using k_8 on sbtest8  (cost=0.43..6.29 rows=93 width=4)
	  Index Cond: ((k >= 7752122) AND (k <= 7752222))

explain: for range-covered :: explain SELECT k FROM sbtest%d WHERE k BETWEEN 3004941 AND 3005041
for range-covered
table 1 : explain SELECT k FROM sbtest1 WHERE k BETWEEN 4589057 AND 4589157
	Index Only Scan using k_1 on sbtest1  (cost=0.43..6.53 rows=105 width=4)
	  Index Cond: ((k >= 4589057) AND (k <= 4589157))

table 2 : explain SELECT k FROM sbtest2 WHERE k BETWEEN 4589057 AND 4589157
	Index Only Scan using k_2 on sbtest2  (cost=0.43..6.19 rows=88 width=4)
	  Index Cond: ((k >= 4589057) AND (k <= 4589157))

table 3 : explain SELECT k FROM sbtest3 WHERE k BETWEEN 4589057 AND 4589157
	Index Only Scan using k_3 on sbtest3  (cost=0.43..10.24 rows=90 width=4)
	  Index Cond: ((k >= 4589057) AND (k <= 4589157))

table 4 : explain SELECT k FROM sbtest4 WHERE k BETWEEN 4589057 AND 4589157
	Index Only Scan using k_4 on sbtest4  (cost=0.43..6.42 rows=99 width=4)
	  Index Cond: ((k >= 4589057) AND (k <= 4589157))

table 5 : explain SELECT k FROM sbtest5 WHERE k BETWEEN 4589057 AND 4589157
	Index Only Scan using k_5 on sbtest5  (cost=0.43..6.45 rows=101 width=4)
	  Index Cond: ((k >= 4589057) AND (k <= 4589157))

table 6 : explain SELECT k FROM sbtest6 WHERE k BETWEEN 4589057 AND 4589157
	Index Only Scan using k_6 on sbtest6  (cost=0.43..6.50 rows=103 width=4)
	  Index Cond: ((k >= 4589057) AND (k <= 4589157))

table 7 : explain SELECT k FROM sbtest7 WHERE k BETWEEN 4589057 AND 4589157
	Index Only Scan using k_7 on sbtest7  (cost=0.43..6.37 rows=97 width=4)
	  Index Cond: ((k >= 4589057) AND (k <= 4589157))

table 8 : explain SELECT k FROM sbtest8 WHERE k BETWEEN 4589057 AND 4589157
	Index Only Scan using k_8 on sbtest8  (cost=0.43..6.45 rows=101 width=4)
	  Index Cond: ((k >= 4589057) AND (k <= 4589157))

explain: for range-covered :: explain SELECT k FROM sbtest%d WHERE k BETWEEN 7752122 AND 7752222
explain: for range-covered :: explain SELECT k FROM sbtest%d WHERE k BETWEEN 4589057 AND 4589157
for range-covered
table 1 : explain SELECT k FROM sbtest1 WHERE k BETWEEN 3122849 AND 3122949
	Index Only Scan using k_1 on sbtest1  (cost=0.43..6.35 rows=96 width=4)
	  Index Cond: ((k >= 3122849) AND (k <= 3122949))

table 2 : explain SELECT k FROM sbtest2 WHERE k BETWEEN 3122849 AND 3122949
	Index Only Scan using k_2 on sbtest2  (cost=0.43..6.59 rows=108 width=4)
	  Index Cond: ((k >= 3122849) AND (k <= 3122949))

table 3 : explain SELECT k FROM sbtest3 WHERE k BETWEEN 3122849 AND 3122949
	Index Only Scan using k_3 on sbtest3  (cost=0.43..10.63 rows=110 width=4)
	  Index Cond: ((k >= 3122849) AND (k <= 3122949))

table 4 : explain SELECT k FROM sbtest4 WHERE k BETWEEN 3122849 AND 3122949
	Index Only Scan using k_4 on sbtest4  (cost=0.43..6.58 rows=107 width=4)
	  Index Cond: ((k >= 3122849) AND (k <= 3122949))

table 5 : explain SELECT k FROM sbtest5 WHERE k BETWEEN 3122849 AND 3122949
	Index Only Scan using k_5 on sbtest5  (cost=0.43..6.63 rows=110 width=4)
	  Index Cond: ((k >= 3122849) AND (k <= 3122949))

table 6 : explain SELECT k FROM sbtest6 WHERE k BETWEEN 3122849 AND 3122949
	Index Only Scan using k_6 on sbtest6  (cost=0.43..6.27 rows=92 width=4)
	  Index Cond: ((k >= 3122849) AND (k <= 3122949))

table 7 : explain SELECT k FROM sbtest7 WHERE k BETWEEN 3122849 AND 3122949
	Index Only Scan using k_7 on sbtest7  (cost=0.43..6.45 rows=101 width=4)
	  Index Cond: ((k >= 3122849) AND (k <= 3122949))

table 8 : explain SELECT k FROM sbtest8 WHERE k BETWEEN 3122849 AND 3122949
	Index Only Scan using k_8 on sbtest8  (cost=0.43..6.45 rows=101 width=4)
	  Index Cond: ((k >= 3122849) AND (k <= 3122949))

for range-covered
table 1 : explain SELECT k FROM sbtest1 WHERE k BETWEEN 4589057 AND 4589157
	Index Only Scan using k_1 on sbtest1  (cost=0.43..6.53 rows=105 width=4)
	  Index Cond: ((k >= 4589057) AND (k <= 4589157))

table 2 : explain SELECT k FROM sbtest2 WHERE k BETWEEN 4589057 AND 4589157
	Index Only Scan using k_2 on sbtest2  (cost=0.43..6.19 rows=88 width=4)
	  Index Cond: ((k >= 4589057) AND (k <= 4589157))

table 3 : explain SELECT k FROM sbtest3 WHERE k BETWEEN 4589057 AND 4589157
	Index Only Scan using k_3 on sbtest3  (cost=0.43..10.24 rows=90 width=4)
	  Index Cond: ((k >= 4589057) AND (k <= 4589157))

table 4 : explain SELECT k FROM sbtest4 WHERE k BETWEEN 4589057 AND 4589157
	Index Only Scan using k_4 on sbtest4  (cost=0.43..6.42 rows=99 width=4)
	  Index Cond: ((k >= 4589057) AND (k <= 4589157))

table 5 : explain SELECT k FROM sbtest5 WHERE k BETWEEN 4589057 AND 4589157
	Index Only Scan using k_5 on sbtest5  (cost=0.43..6.45 rows=101 width=4)
	  Index Cond: ((k >= 4589057) AND (k <= 4589157))

table 6 : explain SELECT k FROM sbtest6 WHERE k BETWEEN 4589057 AND 4589157
	Index Only Scan using k_6 on sbtest6  (cost=0.43..6.50 rows=103 width=4)
	  Index Cond: ((k >= 4589057) AND (k <= 4589157))

table 7 : explain SELECT k FROM sbtest7 WHERE k BETWEEN 4589057 AND 4589157
	Index Only Scan using k_7 on sbtest7  (cost=0.43..6.37 rows=97 width=4)
	  Index Cond: ((k >= 4589057) AND (k <= 4589157))

table 8 : explain SELECT k FROM sbtest8 WHERE k BETWEEN 4589057 AND 4589157
	Index Only Scan using k_8 on sbtest8  (cost=0.43..6.45 rows=101 width=4)
	  Index Cond: ((k >= 4589057) AND (k <= 4589157))

explain: for range-covered :: explain SELECT k FROM sbtest%d WHERE k BETWEEN 3122849 AND 3122949
explain: for range-covered :: explain SELECT k FROM sbtest%d WHERE k BETWEEN 4589057 AND 4589157
for range-covered
table 1 : explain SELECT k FROM sbtest1 WHERE k BETWEEN 3004941 AND 3005041
	Index Only Scan using k_1 on sbtest1  (cost=0.43..6.58 rows=107 width=4)
	  Index Cond: ((k >= 3004941) AND (k <= 3005041))

table 2 : explain SELECT k FROM sbtest2 WHERE k BETWEEN 3004941 AND 3005041
	Index Only Scan using k_2 on sbtest2  (cost=0.43..6.45 rows=101 width=4)
	  Index Cond: ((k >= 3004941) AND (k <= 3005041))

table 3 : explain SELECT k FROM sbtest3 WHERE k BETWEEN 3004941 AND 3005041
	Index Only Scan using k_3 on sbtest3  (cost=0.43..10.56 rows=106 width=4)
	  Index Cond: ((k >= 3004941) AND (k <= 3005041))

table 4 : explain SELECT k FROM sbtest4 WHERE k BETWEEN 3004941 AND 3005041
	Index Only Scan using k_4 on sbtest4  (cost=0.43..6.56 rows=106 width=4)
	  Index Cond: ((k >= 3004941) AND (k <= 3005041))

table 5 : explain SELECT k FROM sbtest5 WHERE k BETWEEN 3004941 AND 3005041
	Index Only Scan using k_5 on sbtest5  (cost=0.43..6.56 rows=106 width=4)
	  Index Cond: ((k >= 3004941) AND (k <= 3005041))

table 6 : explain SELECT k FROM sbtest6 WHERE k BETWEEN 3004941 AND 3005041
	Index Only Scan using k_6 on sbtest6  (cost=0.43..6.45 rows=101 width=4)
	  Index Cond: ((k >= 3004941) AND (k <= 3005041))

table 7 : explain SELECT k FROM sbtest7 WHERE k BETWEEN 3004941 AND 3005041
	Index Only Scan using k_7 on sbtest7  (cost=0.43..6.42 rows=99 width=4)
	  Index Cond: ((k >= 3004941) AND (k <= 3005041))

table 8 : explain SELECT k FROM sbtest8 WHERE k BETWEEN 3004941 AND 3005041
	Index Only Scan using k_8 on sbtest8  (cost=0.43..6.53 rows=105 width=4)
	  Index Cond: ((k >= 3004941) AND (k <= 3005041))

for range-covered
table 1 : explain SELECT k FROM sbtest1 WHERE k BETWEEN 7752122 AND 7752222
	Index Only Scan using k_1 on sbtest1  (cost=0.43..6.37 rows=97 width=4)
	  Index Cond: ((k >= 7752122) AND (k <= 7752222))

table 2 : explain SELECT k FROM sbtest2 WHERE k BETWEEN 7752122 AND 7752222
	Index Only Scan using k_2 on sbtest2  (cost=0.43..6.59 rows=108 width=4)
	  Index Cond: ((k >= 7752122) AND (k <= 7752222))

table 3 : explain SELECT k FROM sbtest3 WHERE k BETWEEN 7752122 AND 7752222
	Index Only Scan using k_3 on sbtest3  (cost=0.43..10.38 rows=97 width=4)
	  Index Cond: ((k >= 7752122) AND (k <= 7752222))

table 4 : explain SELECT k FROM sbtest4 WHERE k BETWEEN 7752122 AND 7752222
	Index Only Scan using k_4 on sbtest4  (cost=0.43..6.50 rows=103 width=4)
	  Index Cond: ((k >= 7752122) AND (k <= 7752222))

table 5 : explain SELECT k FROM sbtest5 WHERE k BETWEEN 7752122 AND 7752222
	Index Only Scan using k_5 on sbtest5  (cost=0.43..6.51 rows=104 width=4)
	  Index Cond: ((k >= 7752122) AND (k <= 7752222))

table 6 : explain SELECT k FROM sbtest6 WHERE k BETWEEN 7752122 AND 7752222
	Index Only Scan using k_6 on sbtest6  (cost=0.43..6.42 rows=99 width=4)
	  Index Cond: ((k >= 7752122) AND (k <= 7752222))

table 7 : explain SELECT k FROM sbtest7 WHERE k BETWEEN 7752122 AND 7752222
	Index Only Scan using k_7 on sbtest7  (cost=0.43..6.63 rows=110 width=4)
	  Index Cond: ((k >= 7752122) AND (k <= 7752222))

table 8 : explain SELECT k FROM sbtest8 WHERE k BETWEEN 7752122 AND 7752222
	Index Only Scan using k_8 on sbtest8  (cost=0.43..6.29 rows=93 width=4)
	  Index Cond: ((k >= 7752122) AND (k <= 7752222))

explain: for range-covered :: explain SELECT k FROM sbtest%d WHERE k BETWEEN 3004941 AND 3005041
explain: for range-covered :: explain SELECT k FROM sbtest%d WHERE k BETWEEN 7752122 AND 7752222
for range-covered
table 1 : explain SELECT k FROM sbtest1 WHERE k BETWEEN 3004941 AND 3005041
	Index Only Scan using k_1 on sbtest1  (cost=0.43..6.58 rows=107 width=4)
	  Index Cond: ((k >= 3004941) AND (k <= 3005041))

table 2 : explain SELECT k FROM sbtest2 WHERE k BETWEEN 3004941 AND 3005041
	Index Only Scan using k_2 on sbtest2  (cost=0.43..6.45 rows=101 width=4)
	  Index Cond: ((k >= 3004941) AND (k <= 3005041))

table 3 : explain SELECT k FROM sbtest3 WHERE k BETWEEN 3004941 AND 3005041
	Index Only Scan using k_3 on sbtest3  (cost=0.43..10.56 rows=106 width=4)
	  Index Cond: ((k >= 3004941) AND (k <= 3005041))

table 4 : explain SELECT k FROM sbtest4 WHERE k BETWEEN 3004941 AND 3005041
	Index Only Scan using k_4 on sbtest4  (cost=0.43..6.56 rows=106 width=4)
	  Index Cond: ((k >= 3004941) AND (k <= 3005041))

table 5 : explain SELECT k FROM sbtest5 WHERE k BETWEEN 3004941 AND 3005041
	Index Only Scan using k_5 on sbtest5  (cost=0.43..6.56 rows=106 width=4)
	  Index Cond: ((k >= 3004941) AND (k <= 3005041))

table 6 : explain SELECT k FROM sbtest6 WHERE k BETWEEN 3004941 AND 3005041
	Index Only Scan using k_6 on sbtest6  (cost=0.43..6.45 rows=101 width=4)
	  Index Cond: ((k >= 3004941) AND (k <= 3005041))

table 7 : explain SELECT k FROM sbtest7 WHERE k BETWEEN 3004941 AND 3005041
	Index Only Scan using k_7 on sbtest7  (cost=0.43..6.42 rows=99 width=4)
	  Index Cond: ((k >= 3004941) AND (k <= 3005041))

table 8 : explain SELECT k FROM sbtest8 WHERE k BETWEEN 3004941 AND 3005041
	Index Only Scan using k_8 on sbtest8  (cost=0.43..6.53 rows=105 width=4)
	  Index Cond: ((k >= 3004941) AND (k <= 3005041))

explain: for range-covered :: explain SELECT k FROM sbtest%d WHERE k BETWEEN 3004941 AND 3005041
for range-covered
table 1 : explain SELECT k FROM sbtest1 WHERE k BETWEEN 3004941 AND 3005041
	Index Only Scan using k_1 on sbtest1  (cost=0.43..6.58 rows=107 width=4)
	  Index Cond: ((k >= 3004941) AND (k <= 3005041))

table 2 : explain SELECT k FROM sbtest2 WHERE k BETWEEN 3004941 AND 3005041
	Index Only Scan using k_2 on sbtest2  (cost=0.43..6.45 rows=101 width=4)
	  Index Cond: ((k >= 3004941) AND (k <= 3005041))

table 3 : explain SELECT k FROM sbtest3 WHERE k BETWEEN 3004941 AND 3005041
	Index Only Scan using k_3 on sbtest3  (cost=0.43..10.56 rows=106 width=4)
	  Index Cond: ((k >= 3004941) AND (k <= 3005041))

table 4 : explain SELECT k FROM sbtest4 WHERE k BETWEEN 3004941 AND 3005041
	Index Only Scan using k_4 on sbtest4  (cost=0.43..6.56 rows=106 width=4)
	  Index Cond: ((k >= 3004941) AND (k <= 3005041))

table 5 : explain SELECT k FROM sbtest5 WHERE k BETWEEN 3004941 AND 3005041
	Index Only Scan using k_5 on sbtest5  (cost=0.43..6.56 rows=106 width=4)
	  Index Cond: ((k >= 3004941) AND (k <= 3005041))

table 6 : explain SELECT k FROM sbtest6 WHERE k BETWEEN 3004941 AND 3005041
	Index Only Scan using k_6 on sbtest6  (cost=0.43..6.45 rows=101 width=4)
	  Index Cond: ((k >= 3004941) AND (k <= 3005041))

table 7 : explain SELECT k FROM sbtest7 WHERE k BETWEEN 3004941 AND 3005041
	Index Only Scan using k_7 on sbtest7  (cost=0.43..6.42 rows=99 width=4)
	  Index Cond: ((k >= 3004941) AND (k <= 3005041))

table 8 : explain SELECT k FROM sbtest8 WHERE k BETWEEN 3004941 AND 3005041
	Index Only Scan using k_8 on sbtest8  (cost=0.43..6.53 rows=105 width=4)
	  Index Cond: ((k >= 3004941) AND (k <= 3005041))

explain: for range-covered :: explain SELECT k FROM sbtest%d WHERE k BETWEEN 3004941 AND 3005041
for range-covered
table 1 : explain SELECT k FROM sbtest1 WHERE k BETWEEN 6126700 AND 6126800
	Index Only Scan using k_1 on sbtest1  (cost=0.43..6.42 rows=99 width=4)
	  Index Cond: ((k >= 6126700) AND (k <= 6126800))

table 2 : explain SELECT k FROM sbtest2 WHERE k BETWEEN 6126700 AND 6126800
	Index Only Scan using k_2 on sbtest2  (cost=0.43..6.47 rows=102 width=4)
	  Index Cond: ((k >= 6126700) AND (k <= 6126800))

table 3 : explain SELECT k FROM sbtest3 WHERE k BETWEEN 6126700 AND 6126800
	Index Only Scan using k_3 on sbtest3  (cost=0.43..10.40 rows=98 width=4)
	  Index Cond: ((k >= 6126700) AND (k <= 6126800))

table 4 : explain SELECT k FROM sbtest4 WHERE k BETWEEN 6126700 AND 6126800
	Index Only Scan using k_4 on sbtest4  (cost=0.43..6.47 rows=102 width=4)
	  Index Cond: ((k >= 6126700) AND (k <= 6126800))

table 5 : explain SELECT k FROM sbtest5 WHERE k BETWEEN 6126700 AND 6126800
	Index Only Scan using k_5 on sbtest5  (cost=0.43..6.58 rows=107 width=4)
	  Index Cond: ((k >= 6126700) AND (k <= 6126800))

table 6 : explain SELECT k FROM sbtest6 WHERE k BETWEEN 6126700 AND 6126800
	Index Only Scan using k_6 on sbtest6  (cost=0.43..6.37 rows=97 width=4)
	  Index Cond: ((k >= 6126700) AND (k <= 6126800))

table 7 : explain SELECT k FROM sbtest7 WHERE k BETWEEN 6126700 AND 6126800
	Index Only Scan using k_7 on sbtest7  (cost=0.43..6.42 rows=99 width=4)
	  Index Cond: ((k >= 6126700) AND (k <= 6126800))

table 8 : explain SELECT k FROM sbtest8 WHERE k BETWEEN 6126700 AND 6126800
	Index Only Scan using k_8 on sbtest8  (cost=0.43..6.58 rows=107 width=4)
	  Index Cond: ((k >= 6126700) AND (k <= 6126800))

explain: for range-covered :: explain SELECT k FROM sbtest%d WHERE k BETWEEN 1245304 AND 1245404
explain: for range-covered :: explain SELECT k FROM sbtest%d WHERE k BETWEEN 3114982 AND 3115082
for range-covered
table 1 : explain SELECT k FROM sbtest1 WHERE k BETWEEN 5691280 AND 5691380
	Index Only Scan using k_1 on sbtest1  (cost=0.43..6.35 rows=96 width=4)
	  Index Cond: ((k >= 5691280) AND (k <= 5691380))

table 2 : explain SELECT k FROM sbtest2 WHERE k BETWEEN 5691280 AND 5691380
	Index Only Scan using k_2 on sbtest2  (cost=0.43..6.32 rows=94 width=4)
	  Index Cond: ((k >= 5691280) AND (k <= 5691380))

table 3 : explain SELECT k FROM sbtest3 WHERE k BETWEEN 5691280 AND 5691380
	Index Only Scan using k_3 on sbtest3  (cost=0.43..10.44 rows=100 width=4)
	  Index Cond: ((k >= 5691280) AND (k <= 5691380))

table 4 : explain SELECT k FROM sbtest4 WHERE k BETWEEN 5691280 AND 5691380
	Index Only Scan using k_4 on sbtest4  (cost=0.43..6.51 rows=104 width=4)
	  Index Cond: ((k >= 5691280) AND (k <= 5691380))

table 5 : explain SELECT k FROM sbtest5 WHERE k BETWEEN 5691280 AND 5691380
	Index Only Scan using k_5 on sbtest5  (cost=0.43..6.21 rows=89 width=4)
	  Index Cond: ((k >= 5691280) AND (k <= 5691380))

table 6 : explain SELECT k FROM sbtest6 WHERE k BETWEEN 5691280 AND 5691380
	Index Only Scan using k_6 on sbtest6  (cost=0.43..6.42 rows=99 width=4)
	  Index Cond: ((k >= 5691280) AND (k <= 5691380))

table 7 : explain SELECT k FROM sbtest7 WHERE k BETWEEN 5691280 AND 5691380
	Index Only Scan using k_7 on sbtest7  (cost=0.43..6.47 rows=102 width=4)
	  Index Cond: ((k >= 5691280) AND (k <= 5691380))

table 8 : explain SELECT k FROM sbtest8 WHERE k BETWEEN 5691280 AND 5691380
	Index Only Scan using k_8 on sbtest8  (cost=0.43..6.43 rows=100 width=4)
	  Index Cond: ((k >= 5691280) AND (k <= 5691380))

explain: for range-covered :: explain SELECT k FROM sbtest%d WHERE k BETWEEN 5691280 AND 5691380
for range-covered
table 1 : explain SELECT k FROM sbtest1 WHERE k BETWEEN 5446889 AND 5446989
	Index Only Scan using k_1 on sbtest1  (cost=0.43..6.56 rows=106 width=4)
	  Index Cond: ((k >= 5446889) AND (k <= 5446989))

table 2 : explain SELECT k FROM sbtest2 WHERE k BETWEEN 5446889 AND 5446989
	Index Only Scan using k_2 on sbtest2  (cost=0.43..6.43 rows=100 width=4)
	  Index Cond: ((k >= 5446889) AND (k <= 5446989))

table 3 : explain SELECT k FROM sbtest3 WHERE k BETWEEN 5446889 AND 5446989
	Index Only Scan using k_3 on sbtest3  (cost=0.43..10.50 rows=103 width=4)
	  Index Cond: ((k >= 5446889) AND (k <= 5446989))

table 4 : explain SELECT k FROM sbtest4 WHERE k BETWEEN 5446889 AND 5446989
	Index Only Scan using k_4 on sbtest4  (cost=0.43..6.50 rows=103 width=4)
	  Index Cond: ((k >= 5446889) AND (k <= 5446989))

table 5 : explain SELECT k FROM sbtest5 WHERE k BETWEEN 5446889 AND 5446989
	Index Only Scan using k_5 on sbtest5  (cost=0.43..6.45 rows=101 width=4)
	  Index Cond: ((k >= 5446889) AND (k <= 5446989))

table 6 : explain SELECT k FROM sbtest6 WHERE k BETWEEN 5446889 AND 5446989
	Index Only Scan using k_6 on sbtest6  (cost=0.43..6.59 rows=108 width=4)
	  Index Cond: ((k >= 5446889) AND (k <= 5446989))

table 7 : explain SELECT k FROM sbtest7 WHERE k BETWEEN 5446889 AND 5446989
	Index Only Scan using k_7 on sbtest7  (cost=0.43..6.63 rows=110 width=4)
	  Index Cond: ((k >= 5446889) AND (k <= 5446989))

table 8 : explain SELECT k FROM sbtest8 WHERE k BETWEEN 5446889 AND 5446989
	Index Only Scan using k_8 on sbtest8  (cost=0.43..6.42 rows=99 width=4)
	  Index Cond: ((k >= 5446889) AND (k <= 5446989))

explain: for range-covered :: explain SELECT k FROM sbtest%d WHERE k BETWEEN 5446889 AND 5446989
for range-covered
table 1 : explain SELECT k FROM sbtest1 WHERE k BETWEEN 7191993 AND 7192093
	Index Only Scan using k_1 on sbtest1  (cost=0.43..6.97 rows=127 width=4)
	  Index Cond: ((k >= 7191993) AND (k <= 7192093))

table 2 : explain SELECT k FROM sbtest2 WHERE k BETWEEN 7191993 AND 7192093
	Index Only Scan using k_2 on sbtest2  (cost=0.43..6.53 rows=105 width=4)
	  Index Cond: ((k >= 7191993) AND (k <= 7192093))

table 3 : explain SELECT k FROM sbtest3 WHERE k BETWEEN 7191993 AND 7192093
	Index Only Scan using k_3 on sbtest3  (cost=0.43..10.29 rows=93 width=4)
	  Index Cond: ((k >= 7191993) AND (k <= 7192093))

table 4 : explain SELECT k FROM sbtest4 WHERE k BETWEEN 7191993 AND 7192093
	Index Only Scan using k_4 on sbtest4  (cost=0.43..6.51 rows=104 width=4)
	  Index Cond: ((k >= 7191993) AND (k <= 7192093))

table 5 : explain SELECT k FROM sbtest5 WHERE k BETWEEN 7191993 AND 7192093
	Index Only Scan using k_5 on sbtest5  (cost=0.43..6.63 rows=110 width=4)
	  Index Cond: ((k >= 7191993) AND (k <= 7192093))

table 6 : explain SELECT k FROM sbtest6 WHERE k BETWEEN 7191993 AND 7192093
	Index Only Scan using k_6 on sbtest6  (cost=0.43..6.51 rows=104 width=4)
	  Index Cond: ((k >= 7191993) AND (k <= 7192093))

table 7 : explain SELECT k FROM sbtest7 WHERE k BETWEEN 7191993 AND 7192093
	Index Only Scan using k_7 on sbtest7  (cost=0.43..6.35 rows=96 width=4)
	  Index Cond: ((k >= 7191993) AND (k <= 7192093))

table 8 : explain SELECT k FROM sbtest8 WHERE k BETWEEN 7191993 AND 7192093
	Index Only Scan using k_8 on sbtest8  (cost=0.43..6.58 rows=107 width=4)
	  Index Cond: ((k >= 7191993) AND (k <= 7192093))

for range-covered
table 1 : explain SELECT k FROM sbtest1 WHERE k BETWEEN 3004941 AND 3005041
	Index Only Scan using k_1 on sbtest1  (cost=0.43..6.58 rows=107 width=4)
	  Index Cond: ((k >= 3004941) AND (k <= 3005041))

table 2 : explain SELECT k FROM sbtest2 WHERE k BETWEEN 3004941 AND 3005041
	Index Only Scan using k_2 on sbtest2  (cost=0.43..6.45 rows=101 width=4)
	  Index Cond: ((k >= 3004941) AND (k <= 3005041))

table 3 : explain SELECT k FROM sbtest3 WHERE k BETWEEN 3004941 AND 3005041
	Index Only Scan using k_3 on sbtest3  (cost=0.43..10.56 rows=106 width=4)
	  Index Cond: ((k >= 3004941) AND (k <= 3005041))

table 4 : explain SELECT k FROM sbtest4 WHERE k BETWEEN 3004941 AND 3005041
	Index Only Scan using k_4 on sbtest4  (cost=0.43..6.56 rows=106 width=4)
	  Index Cond: ((k >= 3004941) AND (k <= 3005041))

table 5 : explain SELECT k FROM sbtest5 WHERE k BETWEEN 3004941 AND 3005041
	Index Only Scan using k_5 on sbtest5  (cost=0.43..6.56 rows=106 width=4)
	  Index Cond: ((k >= 3004941) AND (k <= 3005041))

table 6 : explain SELECT k FROM sbtest6 WHERE k BETWEEN 3004941 AND 3005041
	Index Only Scan using k_6 on sbtest6  (cost=0.43..6.45 rows=101 width=4)
	  Index Cond: ((k >= 3004941) AND (k <= 3005041))

table 7 : explain SELECT k FROM sbtest7 WHERE k BETWEEN 3004941 AND 3005041
	Index Only Scan using k_7 on sbtest7  (cost=0.43..6.42 rows=99 width=4)
	  Index Cond: ((k >= 3004941) AND (k <= 3005041))

table 8 : explain SELECT k FROM sbtest8 WHERE k BETWEEN 3004941 AND 3005041
	Index Only Scan using k_8 on sbtest8  (cost=0.43..6.53 rows=105 width=4)
	  Index Cond: ((k >= 3004941) AND (k <= 3005041))

explain: for range-covered :: explain SELECT k FROM sbtest%d WHERE k BETWEEN 7191993 AND 7192093
explain: for range-covered :: explain SELECT k FROM sbtest%d WHERE k BETWEEN 3004941 AND 3005041
for range-covered
table 1 : explain SELECT k FROM sbtest1 WHERE k BETWEEN 7752122 AND 7752222
	Index Only Scan using k_1 on sbtest1  (cost=0.43..6.37 rows=97 width=4)
	  Index Cond: ((k >= 7752122) AND (k <= 7752222))

table 2 : explain SELECT k FROM sbtest2 WHERE k BETWEEN 7752122 AND 7752222
	Index Only Scan using k_2 on sbtest2  (cost=0.43..6.59 rows=108 width=4)
	  Index Cond: ((k >= 7752122) AND (k <= 7752222))

table 3 : explain SELECT k FROM sbtest3 WHERE k BETWEEN 7752122 AND 7752222
	Index Only Scan using k_3 on sbtest3  (cost=0.43..10.38 rows=97 width=4)
	  Index Cond: ((k >= 7752122) AND (k <= 7752222))

table 4 : explain SELECT k FROM sbtest4 WHERE k BETWEEN 7752122 AND 7752222
	Index Only Scan using k_4 on sbtest4  (cost=0.43..6.50 rows=103 width=4)
	  Index Cond: ((k >= 7752122) AND (k <= 7752222))

table 5 : explain SELECT k FROM sbtest5 WHERE k BETWEEN 7752122 AND 7752222
	Index Only Scan using k_5 on sbtest5  (cost=0.43..6.51 rows=104 width=4)
	  Index Cond: ((k >= 7752122) AND (k <= 7752222))

table 6 : explain SELECT k FROM sbtest6 WHERE k BETWEEN 7752122 AND 7752222
	Index Only Scan using k_6 on sbtest6  (cost=0.43..6.42 rows=99 width=4)
	  Index Cond: ((k >= 7752122) AND (k <= 7752222))

table 7 : explain SELECT k FROM sbtest7 WHERE k BETWEEN 7752122 AND 7752222
	Index Only Scan using k_7 on sbtest7  (cost=0.43..6.63 rows=110 width=4)
	  Index Cond: ((k >= 7752122) AND (k <= 7752222))

table 8 : explain SELECT k FROM sbtest8 WHERE k BETWEEN 7752122 AND 7752222
	Index Only Scan using k_8 on sbtest8  (cost=0.43..6.29 rows=93 width=4)
	  Index Cond: ((k >= 7752122) AND (k <= 7752222))

for range-covered
table 1 : explain SELECT k FROM sbtest1 WHERE k BETWEEN 5446889 AND 5446989
	Index Only Scan using k_1 on sbtest1  (cost=0.43..6.56 rows=106 width=4)
	  Index Cond: ((k >= 5446889) AND (k <= 5446989))

table 2 : explain SELECT k FROM sbtest2 WHERE k BETWEEN 5446889 AND 5446989
	Index Only Scan using k_2 on sbtest2  (cost=0.43..6.43 rows=100 width=4)
	  Index Cond: ((k >= 5446889) AND (k <= 5446989))

table 3 : explain SELECT k FROM sbtest3 WHERE k BETWEEN 5446889 AND 5446989
	Index Only Scan using k_3 on sbtest3  (cost=0.43..10.50 rows=103 width=4)
	  Index Cond: ((k >= 5446889) AND (k <= 5446989))

table 4 : explain SELECT k FROM sbtest4 WHERE k BETWEEN 5446889 AND 5446989
	Index Only Scan using k_4 on sbtest4  (cost=0.43..6.50 rows=103 width=4)
	  Index Cond: ((k >= 5446889) AND (k <= 5446989))

table 5 : explain SELECT k FROM sbtest5 WHERE k BETWEEN 5446889 AND 5446989
	Index Only Scan using k_5 on sbtest5  (cost=0.43..6.45 rows=101 width=4)
	  Index Cond: ((k >= 5446889) AND (k <= 5446989))

table 6 : explain SELECT k FROM sbtest6 WHERE k BETWEEN 5446889 AND 5446989
	Index Only Scan using k_6 on sbtest6  (cost=0.43..6.59 rows=108 width=4)
	  Index Cond: ((k >= 5446889) AND (k <= 5446989))

table 7 : explain SELECT k FROM sbtest7 WHERE k BETWEEN 5446889 AND 5446989
	Index Only Scan using k_7 on sbtest7  (cost=0.43..6.63 rows=110 width=4)
	  Index Cond: ((k >= 5446889) AND (k <= 5446989))

table 8 : explain SELECT k FROM sbtest8 WHERE k BETWEEN 5446889 AND 5446989
	Index Only Scan using k_8 on sbtest8  (cost=0.43..6.42 rows=99 width=4)
	  Index Cond: ((k >= 5446889) AND (k <= 5446989))

explain: for range-covered :: explain SELECT k FROM sbtest%d WHERE k BETWEEN 5446889 AND 5446989
for range-covered
table 1 : explain SELECT k FROM sbtest1 WHERE k BETWEEN 7191993 AND 7192093
	Index Only Scan using k_1 on sbtest1  (cost=0.43..6.97 rows=127 width=4)
	  Index Cond: ((k >= 7191993) AND (k <= 7192093))

table 2 : explain SELECT k FROM sbtest2 WHERE k BETWEEN 7191993 AND 7192093
	Index Only Scan using k_2 on sbtest2  (cost=0.43..6.53 rows=105 width=4)
	  Index Cond: ((k >= 7191993) AND (k <= 7192093))

table 3 : explain SELECT k FROM sbtest3 WHERE k BETWEEN 7191993 AND 7192093
	Index Only Scan using k_3 on sbtest3  (cost=0.43..10.29 rows=93 width=4)
	  Index Cond: ((k >= 7191993) AND (k <= 7192093))

table 4 : explain SELECT k FROM sbtest4 WHERE k BETWEEN 7191993 AND 7192093
	Index Only Scan using k_4 on sbtest4  (cost=0.43..6.51 rows=104 width=4)
	  Index Cond: ((k >= 7191993) AND (k <= 7192093))

table 5 : explain SELECT k FROM sbtest5 WHERE k BETWEEN 7191993 AND 7192093
	Index Only Scan using k_5 on sbtest5  (cost=0.43..6.63 rows=110 width=4)
	  Index Cond: ((k >= 7191993) AND (k <= 7192093))

table 6 : explain SELECT k FROM sbtest6 WHERE k BETWEEN 7191993 AND 7192093
	Index Only Scan using k_6 on sbtest6  (cost=0.43..6.51 rows=104 width=4)
	  Index Cond: ((k >= 7191993) AND (k <= 7192093))

table 7 : explain SELECT k FROM sbtest7 WHERE k BETWEEN 7191993 AND 7192093
	Index Only Scan using k_7 on sbtest7  (cost=0.43..6.35 rows=96 width=4)
	  Index Cond: ((k >= 7191993) AND (k <= 7192093))

table 8 : explain SELECT k FROM sbtest8 WHERE k BETWEEN 7191993 AND 7192093
	Index Only Scan using k_8 on sbtest8  (cost=0.43..6.58 rows=107 width=4)
	  Index Cond: ((k >= 7191993) AND (k <= 7192093))

for range-covered
table 1 : explain SELECT k FROM sbtest1 WHERE k BETWEEN 3004941 AND 3005041
	Index Only Scan using k_1 on sbtest1  (cost=0.43..6.58 rows=107 width=4)
	  Index Cond: ((k >= 3004941) AND (k <= 3005041))

table 2 : explain SELECT k FROM sbtest2 WHERE k BETWEEN 3004941 AND 3005041
	Index Only Scan using k_2 on sbtest2  (cost=0.43..6.45 rows=101 width=4)
	  Index Cond: ((k >= 3004941) AND (k <= 3005041))

table 3 : explain SELECT k FROM sbtest3 WHERE k BETWEEN 3004941 AND 3005041
	Index Only Scan using k_3 on sbtest3  (cost=0.43..10.56 rows=106 width=4)
	  Index Cond: ((k >= 3004941) AND (k <= 3005041))

table 4 : explain SELECT k FROM sbtest4 WHERE k BETWEEN 3004941 AND 3005041
	Index Only Scan using k_4 on sbtest4  (cost=0.43..6.56 rows=106 width=4)
	  Index Cond: ((k >= 3004941) AND (k <= 3005041))

table 5 : explain SELECT k FROM sbtest5 WHERE k BETWEEN 3004941 AND 3005041
	Index Only Scan using k_5 on sbtest5  (cost=0.43..6.56 rows=106 width=4)
	  Index Cond: ((k >= 3004941) AND (k <= 3005041))

table 6 : explain SELECT k FROM sbtest6 WHERE k BETWEEN 3004941 AND 3005041
	Index Only Scan using k_6 on sbtest6  (cost=0.43..6.45 rows=101 width=4)
	  Index Cond: ((k >= 3004941) AND (k <= 3005041))

table 7 : explain SELECT k FROM sbtest7 WHERE k BETWEEN 3004941 AND 3005041
	Index Only Scan using k_7 on sbtest7  (cost=0.43..6.42 rows=99 width=4)
	  Index Cond: ((k >= 3004941) AND (k <= 3005041))

table 8 : explain SELECT k FROM sbtest8 WHERE k BETWEEN 3004941 AND 3005041
	Index Only Scan using k_8 on sbtest8  (cost=0.43..6.53 rows=105 width=4)
	  Index Cond: ((k >= 3004941) AND (k <= 3005041))

explain: for range-covered :: explain SELECT k FROM sbtest%d WHERE k BETWEEN 7191993 AND 7192093
explain: for range-covered :: explain SELECT k FROM sbtest%d WHERE k BETWEEN 3004941 AND 3005041
for range-covered
table 1 : explain SELECT k FROM sbtest1 WHERE k BETWEEN 5691280 AND 5691380
	Index Only Scan using k_1 on sbtest1  (cost=0.43..6.35 rows=96 width=4)
	  Index Cond: ((k >= 5691280) AND (k <= 5691380))

table 2 : explain SELECT k FROM sbtest2 WHERE k BETWEEN 5691280 AND 5691380
	Index Only Scan using k_2 on sbtest2  (cost=0.43..6.32 rows=94 width=4)
	  Index Cond: ((k >= 5691280) AND (k <= 5691380))

table 3 : explain SELECT k FROM sbtest3 WHERE k BETWEEN 5691280 AND 5691380
	Index Only Scan using k_3 on sbtest3  (cost=0.43..10.44 rows=100 width=4)
	  Index Cond: ((k >= 5691280) AND (k <= 5691380))

table 4 : explain SELECT k FROM sbtest4 WHERE k BETWEEN 5691280 AND 5691380
	Index Only Scan using k_4 on sbtest4  (cost=0.43..6.51 rows=104 width=4)
	  Index Cond: ((k >= 5691280) AND (k <= 5691380))

table 5 : explain SELECT k FROM sbtest5 WHERE k BETWEEN 5691280 AND 5691380
	Index Only Scan using k_5 on sbtest5  (cost=0.43..6.21 rows=89 width=4)
	  Index Cond: ((k >= 5691280) AND (k <= 5691380))

table 6 : explain SELECT k FROM sbtest6 WHERE k BETWEEN 5691280 AND 5691380
	Index Only Scan using k_6 on sbtest6  (cost=0.43..6.42 rows=99 width=4)
	  Index Cond: ((k >= 5691280) AND (k <= 5691380))

table 7 : explain SELECT k FROM sbtest7 WHERE k BETWEEN 5691280 AND 5691380
	Index Only Scan using k_7 on sbtest7  (cost=0.43..6.47 rows=102 width=4)
	  Index Cond: ((k >= 5691280) AND (k <= 5691380))

table 8 : explain SELECT k FROM sbtest8 WHERE k BETWEEN 5691280 AND 5691380
	Index Only Scan using k_8 on sbtest8  (cost=0.43..6.43 rows=100 width=4)
	  Index Cond: ((k >= 5691280) AND (k <= 5691380))

explain: for range-covered :: explain SELECT k FROM sbtest%d WHERE k BETWEEN 5691280 AND 5691380
for range-covered
table 1 : explain SELECT k FROM sbtest1 WHERE k BETWEEN 4589057 AND 4589157
	Index Only Scan using k_1 on sbtest1  (cost=0.43..6.53 rows=105 width=4)
	  Index Cond: ((k >= 4589057) AND (k <= 4589157))

table 2 : explain SELECT k FROM sbtest2 WHERE k BETWEEN 4589057 AND 4589157
	Index Only Scan using k_2 on sbtest2  (cost=0.43..6.19 rows=88 width=4)
	  Index Cond: ((k >= 4589057) AND (k <= 4589157))

table 3 : explain SELECT k FROM sbtest3 WHERE k BETWEEN 4589057 AND 4589157
	Index Only Scan using k_3 on sbtest3  (cost=0.43..10.24 rows=90 width=4)
	  Index Cond: ((k >= 4589057) AND (k <= 4589157))

table 4 : explain SELECT k FROM sbtest4 WHERE k BETWEEN 4589057 AND 4589157
	Index Only Scan using k_4 on sbtest4  (cost=0.43..6.42 rows=99 width=4)
	  Index Cond: ((k >= 4589057) AND (k <= 4589157))

table 5 : explain SELECT k FROM sbtest5 WHERE k BETWEEN 4589057 AND 4589157
	Index Only Scan using k_5 on sbtest5  (cost=0.43..6.45 rows=101 width=4)
	  Index Cond: ((k >= 4589057) AND (k <= 4589157))

table 6 : explain SELECT k FROM sbtest6 WHERE k BETWEEN 4589057 AND 4589157
	Index Only Scan using k_6 on sbtest6  (cost=0.43..6.50 rows=103 width=4)
	  Index Cond: ((k >= 4589057) AND (k <= 4589157))

table 7 : explain SELECT k FROM sbtest7 WHERE k BETWEEN 4589057 AND 4589157
	Index Only Scan using k_7 on sbtest7  (cost=0.43..6.37 rows=97 width=4)
	  Index Cond: ((k >= 4589057) AND (k <= 4589157))

table 8 : explain SELECT k FROM sbtest8 WHERE k BETWEEN 4589057 AND 4589157
	Index Only Scan using k_8 on sbtest8  (cost=0.43..6.45 rows=101 width=4)
	  Index Cond: ((k >= 4589057) AND (k <= 4589157))

for range-covered
table 1 : explain SELECT k FROM sbtest1 WHERE k BETWEEN 7191993 AND 7192093
	Index Only Scan using k_1 on sbtest1  (cost=0.43..6.97 rows=127 width=4)
	  Index Cond: ((k >= 7191993) AND (k <= 7192093))

table 2 : explain SELECT k FROM sbtest2 WHERE k BETWEEN 7191993 AND 7192093
	Index Only Scan using k_2 on sbtest2  (cost=0.43..6.53 rows=105 width=4)
	  Index Cond: ((k >= 7191993) AND (k <= 7192093))

table 3 : explain SELECT k FROM sbtest3 WHERE k BETWEEN 7191993 AND 7192093
	Index Only Scan using k_3 on sbtest3  (cost=0.43..10.29 rows=93 width=4)
	  Index Cond: ((k >= 7191993) AND (k <= 7192093))

table 4 : explain SELECT k FROM sbtest4 WHERE k BETWEEN 7191993 AND 7192093
	Index Only Scan using k_4 on sbtest4  (cost=0.43..6.51 rows=104 width=4)
	  Index Cond: ((k >= 7191993) AND (k <= 7192093))

table 5 : explain SELECT k FROM sbtest5 WHERE k BETWEEN 7191993 AND 7192093
	Index Only Scan using k_5 on sbtest5  (cost=0.43..6.63 rows=110 width=4)
	  Index Cond: ((k >= 7191993) AND (k <= 7192093))

table 6 : explain SELECT k FROM sbtest6 WHERE k BETWEEN 7191993 AND 7192093
	Index Only Scan using k_6 on sbtest6  (cost=0.43..6.51 rows=104 width=4)
	  Index Cond: ((k >= 7191993) AND (k <= 7192093))

table 7 : explain SELECT k FROM sbtest7 WHERE k BETWEEN 7191993 AND 7192093
	Index Only Scan using k_7 on sbtest7  (cost=0.43..6.35 rows=96 width=4)
	  Index Cond: ((k >= 7191993) AND (k <= 7192093))

table 8 : explain SELECT k FROM sbtest8 WHERE k BETWEEN 7191993 AND 7192093
	Index Only Scan using k_8 on sbtest8  (cost=0.43..6.58 rows=107 width=4)
	  Index Cond: ((k >= 7191993) AND (k <= 7192093))

for range-covered
table 1 : explain SELECT k FROM sbtest1 WHERE k BETWEEN 3004941 AND 3005041
	Index Only Scan using k_1 on sbtest1  (cost=0.43..6.58 rows=107 width=4)
	  Index Cond: ((k >= 3004941) AND (k <= 3005041))

table 2 : explain SELECT k FROM sbtest2 WHERE k BETWEEN 3004941 AND 3005041
	Index Only Scan using k_2 on sbtest2  (cost=0.43..6.45 rows=101 width=4)
	  Index Cond: ((k >= 3004941) AND (k <= 3005041))

table 3 : explain SELECT k FROM sbtest3 WHERE k BETWEEN 3004941 AND 3005041
	Index Only Scan using k_3 on sbtest3  (cost=0.43..10.56 rows=106 width=4)
	  Index Cond: ((k >= 3004941) AND (k <= 3005041))

table 4 : explain SELECT k FROM sbtest4 WHERE k BETWEEN 3004941 AND 3005041
	Index Only Scan using k_4 on sbtest4  (cost=0.43..6.56 rows=106 width=4)
	  Index Cond: ((k >= 3004941) AND (k <= 3005041))

table 5 : explain SELECT k FROM sbtest5 WHERE k BETWEEN 3004941 AND 3005041
	Index Only Scan using k_5 on sbtest5  (cost=0.43..6.56 rows=106 width=4)
	  Index Cond: ((k >= 3004941) AND (k <= 3005041))

table 6 : explain SELECT k FROM sbtest6 WHERE k BETWEEN 3004941 AND 3005041
	Index Only Scan using k_6 on sbtest6  (cost=0.43..6.45 rows=101 width=4)
	  Index Cond: ((k >= 3004941) AND (k <= 3005041))

table 7 : explain SELECT k FROM sbtest7 WHERE k BETWEEN 3004941 AND 3005041
	Index Only Scan using k_7 on sbtest7  (cost=0.43..6.42 rows=99 width=4)
	  Index Cond: ((k >= 3004941) AND (k <= 3005041))

table 8 : explain SELECT k FROM sbtest8 WHERE k BETWEEN 3004941 AND 3005041
	Index Only Scan using k_8 on sbtest8  (cost=0.43..6.53 rows=105 width=4)
	  Index Cond: ((k >= 3004941) AND (k <= 3005041))

explain: for range-covered :: explain SELECT k FROM sbtest%d WHERE k BETWEEN 7191993 AND 7192093
explain: for range-covered :: explain SELECT k FROM sbtest%d WHERE k BETWEEN 3004941 AND 3005041
for range-covered
table 1 : explain SELECT k FROM sbtest1 WHERE k BETWEEN 5691280 AND 5691380
	Index Only Scan using k_1 on sbtest1  (cost=0.43..6.35 rows=96 width=4)
	  Index Cond: ((k >= 5691280) AND (k <= 5691380))

table 2 : explain SELECT k FROM sbtest2 WHERE k BETWEEN 5691280 AND 5691380
	Index Only Scan using k_2 on sbtest2  (cost=0.43..6.32 rows=94 width=4)
	  Index Cond: ((k >= 5691280) AND (k <= 5691380))

table 3 : explain SELECT k FROM sbtest3 WHERE k BETWEEN 5691280 AND 5691380
	Index Only Scan using k_3 on sbtest3  (cost=0.43..10.44 rows=100 width=4)
	  Index Cond: ((k >= 5691280) AND (k <= 5691380))

table 4 : explain SELECT k FROM sbtest4 WHERE k BETWEEN 5691280 AND 5691380
	Index Only Scan using k_4 on sbtest4  (cost=0.43..6.51 rows=104 width=4)
	  Index Cond: ((k >= 5691280) AND (k <= 5691380))

table 5 : explain SELECT k FROM sbtest5 WHERE k BETWEEN 5691280 AND 5691380
	Index Only Scan using k_5 on sbtest5  (cost=0.43..6.21 rows=89 width=4)
	  Index Cond: ((k >= 5691280) AND (k <= 5691380))

table 6 : explain SELECT k FROM sbtest6 WHERE k BETWEEN 5691280 AND 5691380
	Index Only Scan using k_6 on sbtest6  (cost=0.43..6.42 rows=99 width=4)
	  Index Cond: ((k >= 5691280) AND (k <= 5691380))

table 7 : explain SELECT k FROM sbtest7 WHERE k BETWEEN 5691280 AND 5691380
	Index Only Scan using k_7 on sbtest7  (cost=0.43..6.47 rows=102 width=4)
	  Index Cond: ((k >= 5691280) AND (k <= 5691380))

table 8 : explain SELECT k FROM sbtest8 WHERE k BETWEEN 5691280 AND 5691380
	Index Only Scan using k_8 on sbtest8  (cost=0.43..6.43 rows=100 width=4)
	  Index Cond: ((k >= 5691280) AND (k <= 5691380))

for range-covered
table 1 : explain SELECT k FROM sbtest1 WHERE k BETWEEN 3122849 AND 3122949
	Index Only Scan using k_1 on sbtest1  (cost=0.43..6.35 rows=96 width=4)
	  Index Cond: ((k >= 3122849) AND (k <= 3122949))

table 2 : explain SELECT k FROM sbtest2 WHERE k BETWEEN 3122849 AND 3122949
	Index Only Scan using k_2 on sbtest2  (cost=0.43..6.59 rows=108 width=4)
	  Index Cond: ((k >= 3122849) AND (k <= 3122949))

table 3 : explain SELECT k FROM sbtest3 WHERE k BETWEEN 3122849 AND 3122949
	Index Only Scan using k_3 on sbtest3  (cost=0.43..10.63 rows=110 width=4)
	  Index Cond: ((k >= 3122849) AND (k <= 3122949))

table 4 : explain SELECT k FROM sbtest4 WHERE k BETWEEN 3122849 AND 3122949
	Index Only Scan using k_4 on sbtest4  (cost=0.43..6.58 rows=107 width=4)
	  Index Cond: ((k >= 3122849) AND (k <= 3122949))

table 5 : explain SELECT k FROM sbtest5 WHERE k BETWEEN 3122849 AND 3122949
	Index Only Scan using k_5 on sbtest5  (cost=0.43..6.63 rows=110 width=4)
	  Index Cond: ((k >= 3122849) AND (k <= 3122949))

table 6 : explain SELECT k FROM sbtest6 WHERE k BETWEEN 3122849 AND 3122949
	Index Only Scan using k_6 on sbtest6  (cost=0.43..6.27 rows=92 width=4)
	  Index Cond: ((k >= 3122849) AND (k <= 3122949))

table 7 : explain SELECT k FROM sbtest7 WHERE k BETWEEN 3122849 AND 3122949
	Index Only Scan using k_7 on sbtest7  (cost=0.43..6.45 rows=101 width=4)
	  Index Cond: ((k >= 3122849) AND (k <= 3122949))

table 8 : explain SELECT k FROM sbtest8 WHERE k BETWEEN 3122849 AND 3122949
	Index Only Scan using k_8 on sbtest8  (cost=0.43..6.45 rows=101 width=4)
	  Index Cond: ((k >= 3122849) AND (k <= 3122949))

explain: for range-covered :: explain SELECT k FROM sbtest%d WHERE k BETWEEN 5691280 AND 5691380
for range-covered
table 1 : explain SELECT k FROM sbtest1 WHERE k BETWEEN 5446889 AND 5446989
	Index Only Scan using k_1 on sbtest1  (cost=0.43..6.56 rows=106 width=4)
	  Index Cond: ((k >= 5446889) AND (k <= 5446989))

table 2 : explain SELECT k FROM sbtest2 WHERE k BETWEEN 5446889 AND 5446989
	Index Only Scan using k_2 on sbtest2  (cost=0.43..6.43 rows=100 width=4)
	  Index Cond: ((k >= 5446889) AND (k <= 5446989))

table 3 : explain SELECT k FROM sbtest3 WHERE k BETWEEN 5446889 AND 5446989
	Index Only Scan using k_3 on sbtest3  (cost=0.43..10.50 rows=103 width=4)
	  Index Cond: ((k >= 5446889) AND (k <= 5446989))

table 4 : explain SELECT k FROM sbtest4 WHERE k BETWEEN 5446889 AND 5446989
	Index Only Scan using k_4 on sbtest4  (cost=0.43..6.50 rows=103 width=4)
	  Index Cond: ((k >= 5446889) AND (k <= 5446989))

table 5 : explain SELECT k FROM sbtest5 WHERE k BETWEEN 5446889 AND 5446989
	Index Only Scan using k_5 on sbtest5  (cost=0.43..6.45 rows=101 width=4)
	  Index Cond: ((k >= 5446889) AND (k <= 5446989))

table 6 : explain SELECT k FROM sbtest6 WHERE k BETWEEN 5446889 AND 5446989
	Index Only Scan using k_6 on sbtest6  (cost=0.43..6.59 rows=108 width=4)
	  Index Cond: ((k >= 5446889) AND (k <= 5446989))

table 7 : explain SELECT k FROM sbtest7 WHERE k BETWEEN 5446889 AND 5446989
	Index Only Scan using k_7 on sbtest7  (cost=0.43..6.63 rows=110 width=4)
	  Index Cond: ((k >= 5446889) AND (k <= 5446989))

table 8 : explain SELECT k FROM sbtest8 WHERE k BETWEEN 5446889 AND 5446989
	Index Only Scan using k_8 on sbtest8  (cost=0.43..6.42 rows=99 width=4)
	  Index Cond: ((k >= 5446889) AND (k <= 5446989))

explain: for range-covered :: explain SELECT k FROM sbtest%d WHERE k BETWEEN 5446889 AND 5446989
explain: for range-covered :: explain SELECT k FROM sbtest%d WHERE k BETWEEN 3122849 AND 3122949
for range-covered
table 1 : explain SELECT k FROM sbtest1 WHERE k BETWEEN 7191993 AND 7192093
	Index Only Scan using k_1 on sbtest1  (cost=0.43..6.97 rows=127 width=4)
	  Index Cond: ((k >= 7191993) AND (k <= 7192093))

table 2 : explain SELECT k FROM sbtest2 WHERE k BETWEEN 7191993 AND 7192093
	Index Only Scan using k_2 on sbtest2  (cost=0.43..6.53 rows=105 width=4)
	  Index Cond: ((k >= 7191993) AND (k <= 7192093))

table 3 : explain SELECT k FROM sbtest3 WHERE k BETWEEN 7191993 AND 7192093
	Index Only Scan using k_3 on sbtest3  (cost=0.43..10.29 rows=93 width=4)
	  Index Cond: ((k >= 7191993) AND (k <= 7192093))

table 4 : explain SELECT k FROM sbtest4 WHERE k BETWEEN 7191993 AND 7192093
	Index Only Scan using k_4 on sbtest4  (cost=0.43..6.51 rows=104 width=4)
	  Index Cond: ((k >= 7191993) AND (k <= 7192093))

table 5 : explain SELECT k FROM sbtest5 WHERE k BETWEEN 7191993 AND 7192093
	Index Only Scan using k_5 on sbtest5  (cost=0.43..6.63 rows=110 width=4)
	  Index Cond: ((k >= 7191993) AND (k <= 7192093))

table 6 : explain SELECT k FROM sbtest6 WHERE k BETWEEN 7191993 AND 7192093
	Index Only Scan using k_6 on sbtest6  (cost=0.43..6.51 rows=104 width=4)
	  Index Cond: ((k >= 7191993) AND (k <= 7192093))

table 7 : explain SELECT k FROM sbtest7 WHERE k BETWEEN 7191993 AND 7192093
	Index Only Scan using k_7 on sbtest7  (cost=0.43..6.35 rows=96 width=4)
	  Index Cond: ((k >= 7191993) AND (k <= 7192093))

table 8 : explain SELECT k FROM sbtest8 WHERE k BETWEEN 7191993 AND 7192093
	Index Only Scan using k_8 on sbtest8  (cost=0.43..6.58 rows=107 width=4)
	  Index Cond: ((k >= 7191993) AND (k <= 7192093))

explain: for range-covered :: explain SELECT k FROM sbtest%d WHERE k BETWEEN 7191993 AND 7192093
for range-covered
table 1 : explain SELECT k FROM sbtest1 WHERE k BETWEEN 5691280 AND 5691380
	Index Only Scan using k_1 on sbtest1  (cost=0.43..6.35 rows=96 width=4)
	  Index Cond: ((k >= 5691280) AND (k <= 5691380))

table 2 : explain SELECT k FROM sbtest2 WHERE k BETWEEN 5691280 AND 5691380
	Index Only Scan using k_2 on sbtest2  (cost=0.43..6.32 rows=94 width=4)
	  Index Cond: ((k >= 5691280) AND (k <= 5691380))

table 3 : explain SELECT k FROM sbtest3 WHERE k BETWEEN 5691280 AND 5691380
	Index Only Scan using k_3 on sbtest3  (cost=0.43..10.44 rows=100 width=4)
	  Index Cond: ((k >= 5691280) AND (k <= 5691380))

table 4 : explain SELECT k FROM sbtest4 WHERE k BETWEEN 5691280 AND 5691380
	Index Only Scan using k_4 on sbtest4  (cost=0.43..6.51 rows=104 width=4)
	  Index Cond: ((k >= 5691280) AND (k <= 5691380))

table 5 : explain SELECT k FROM sbtest5 WHERE k BETWEEN 5691280 AND 5691380
	Index Only Scan using k_5 on sbtest5  (cost=0.43..6.21 rows=89 width=4)
	  Index Cond: ((k >= 5691280) AND (k <= 5691380))

table 6 : explain SELECT k FROM sbtest6 WHERE k BETWEEN 5691280 AND 5691380
	Index Only Scan using k_6 on sbtest6  (cost=0.43..6.42 rows=99 width=4)
	  Index Cond: ((k >= 5691280) AND (k <= 5691380))

table 7 : explain SELECT k FROM sbtest7 WHERE k BETWEEN 5691280 AND 5691380
	Index Only Scan using k_7 on sbtest7  (cost=0.43..6.47 rows=102 width=4)
	  Index Cond: ((k >= 5691280) AND (k <= 5691380))

table 8 : explain SELECT k FROM sbtest8 WHERE k BETWEEN 5691280 AND 5691380
	Index Only Scan using k_8 on sbtest8  (cost=0.43..6.43 rows=100 width=4)
	  Index Cond: ((k >= 5691280) AND (k <= 5691380))

explain: for range-covered :: explain SELECT k FROM sbtest%d WHERE k BETWEEN 5691280 AND 5691380
for range-covered
table 1 : explain SELECT k FROM sbtest1 WHERE k BETWEEN 5446889 AND 5446989
	Index Only Scan using k_1 on sbtest1  (cost=0.43..6.56 rows=106 width=4)
	  Index Cond: ((k >= 5446889) AND (k <= 5446989))

table 2 : explain SELECT k FROM sbtest2 WHERE k BETWEEN 5446889 AND 5446989
	Index Only Scan using k_2 on sbtest2  (cost=0.43..6.43 rows=100 width=4)
	  Index Cond: ((k >= 5446889) AND (k <= 5446989))

table 3 : explain SELECT k FROM sbtest3 WHERE k BETWEEN 5446889 AND 5446989
	Index Only Scan using k_3 on sbtest3  (cost=0.43..10.50 rows=103 width=4)
	  Index Cond: ((k >= 5446889) AND (k <= 5446989))

table 4 : explain SELECT k FROM sbtest4 WHERE k BETWEEN 5446889 AND 5446989
	Index Only Scan using k_4 on sbtest4  (cost=0.43..6.50 rows=103 width=4)
	  Index Cond: ((k >= 5446889) AND (k <= 5446989))

table 5 : explain SELECT k FROM sbtest5 WHERE k BETWEEN 5446889 AND 5446989
	Index Only Scan using k_5 on sbtest5  (cost=0.43..6.45 rows=101 width=4)
	  Index Cond: ((k >= 5446889) AND (k <= 5446989))

table 6 : explain SELECT k FROM sbtest6 WHERE k BETWEEN 5446889 AND 5446989
	Index Only Scan using k_6 on sbtest6  (cost=0.43..6.59 rows=108 width=4)
	  Index Cond: ((k >= 5446889) AND (k <= 5446989))

table 7 : explain SELECT k FROM sbtest7 WHERE k BETWEEN 5446889 AND 5446989
	Index Only Scan using k_7 on sbtest7  (cost=0.43..6.63 rows=110 width=4)
	  Index Cond: ((k >= 5446889) AND (k <= 5446989))

table 8 : explain SELECT k FROM sbtest8 WHERE k BETWEEN 5446889 AND 5446989
	Index Only Scan using k_8 on sbtest8  (cost=0.43..6.42 rows=99 width=4)
	  Index Cond: ((k >= 5446889) AND (k <= 5446989))

for range-covered
table 1 : explain SELECT k FROM sbtest1 WHERE k BETWEEN 3122849 AND 3122949
	Index Only Scan using k_1 on sbtest1  (cost=0.43..6.35 rows=96 width=4)
	  Index Cond: ((k >= 3122849) AND (k <= 3122949))

table 2 : explain SELECT k FROM sbtest2 WHERE k BETWEEN 3122849 AND 3122949
	Index Only Scan using k_2 on sbtest2  (cost=0.43..6.59 rows=108 width=4)
	  Index Cond: ((k >= 3122849) AND (k <= 3122949))

table 3 : explain SELECT k FROM sbtest3 WHERE k BETWEEN 3122849 AND 3122949
	Index Only Scan using k_3 on sbtest3  (cost=0.43..10.63 rows=110 width=4)
	  Index Cond: ((k >= 3122849) AND (k <= 3122949))

table 4 : explain SELECT k FROM sbtest4 WHERE k BETWEEN 3122849 AND 3122949
	Index Only Scan using k_4 on sbtest4  (cost=0.43..6.58 rows=107 width=4)
	  Index Cond: ((k >= 3122849) AND (k <= 3122949))

table 5 : explain SELECT k FROM sbtest5 WHERE k BETWEEN 3122849 AND 3122949
	Index Only Scan using k_5 on sbtest5  (cost=0.43..6.63 rows=110 width=4)
	  Index Cond: ((k >= 3122849) AND (k <= 3122949))

table 6 : explain SELECT k FROM sbtest6 WHERE k BETWEEN 3122849 AND 3122949
	Index Only Scan using k_6 on sbtest6  (cost=0.43..6.27 rows=92 width=4)
	  Index Cond: ((k >= 3122849) AND (k <= 3122949))

table 7 : explain SELECT k FROM sbtest7 WHERE k BETWEEN 3122849 AND 3122949
	Index Only Scan using k_7 on sbtest7  (cost=0.43..6.45 rows=101 width=4)
	  Index Cond: ((k >= 3122849) AND (k <= 3122949))

table 8 : explain SELECT k FROM sbtest8 WHERE k BETWEEN 3122849 AND 3122949
	Index Only Scan using k_8 on sbtest8  (cost=0.43..6.45 rows=101 width=4)
	  Index Cond: ((k >= 3122849) AND (k <= 3122949))

explain: for range-covered :: explain SELECT k FROM sbtest%d WHERE k BETWEEN 3122849 AND 3122949
for range-covered
table 1 : explain SELECT k FROM sbtest1 WHERE k BETWEEN 7191993 AND 7192093
	Index Only Scan using k_1 on sbtest1  (cost=0.43..6.97 rows=127 width=4)
	  Index Cond: ((k >= 7191993) AND (k <= 7192093))

table 2 : explain SELECT k FROM sbtest2 WHERE k BETWEEN 7191993 AND 7192093
	Index Only Scan using k_2 on sbtest2  (cost=0.43..6.53 rows=105 width=4)
	  Index Cond: ((k >= 7191993) AND (k <= 7192093))

table 3 : explain SELECT k FROM sbtest3 WHERE k BETWEEN 7191993 AND 7192093
	Index Only Scan using k_3 on sbtest3  (cost=0.43..10.29 rows=93 width=4)
	  Index Cond: ((k >= 7191993) AND (k <= 7192093))

table 4 : explain SELECT k FROM sbtest4 WHERE k BETWEEN 7191993 AND 7192093
	Index Only Scan using k_4 on sbtest4  (cost=0.43..6.51 rows=104 width=4)
	  Index Cond: ((k >= 7191993) AND (k <= 7192093))

table 5 : explain SELECT k FROM sbtest5 WHERE k BETWEEN 7191993 AND 7192093
	Index Only Scan using k_5 on sbtest5  (cost=0.43..6.63 rows=110 width=4)
	  Index Cond: ((k >= 7191993) AND (k <= 7192093))

table 6 : explain SELECT k FROM sbtest6 WHERE k BETWEEN 7191993 AND 7192093
	Index Only Scan using k_6 on sbtest6  (cost=0.43..6.51 rows=104 width=4)
	  Index Cond: ((k >= 7191993) AND (k <= 7192093))

table 7 : explain SELECT k FROM sbtest7 WHERE k BETWEEN 7191993 AND 7192093
	Index Only Scan using k_7 on sbtest7  (cost=0.43..6.35 rows=96 width=4)
	  Index Cond: ((k >= 7191993) AND (k <= 7192093))

table 8 : explain SELECT k FROM sbtest8 WHERE k BETWEEN 7191993 AND 7192093
	Index Only Scan using k_8 on sbtest8  (cost=0.43..6.58 rows=107 width=4)
	  Index Cond: ((k >= 7191993) AND (k <= 7192093))

explain: for range-covered :: explain SELECT k FROM sbtest%d WHERE k BETWEEN 7191993 AND 7192093
for range-covered
table 1 : explain SELECT k FROM sbtest1 WHERE k BETWEEN 5691280 AND 5691380
	Index Only Scan using k_1 on sbtest1  (cost=0.43..6.35 rows=96 width=4)
	  Index Cond: ((k >= 5691280) AND (k <= 5691380))

table 2 : explain SELECT k FROM sbtest2 WHERE k BETWEEN 5691280 AND 5691380
	Index Only Scan using k_2 on sbtest2  (cost=0.43..6.32 rows=94 width=4)
	  Index Cond: ((k >= 5691280) AND (k <= 5691380))

table 3 : explain SELECT k FROM sbtest3 WHERE k BETWEEN 5691280 AND 5691380
	Index Only Scan using k_3 on sbtest3  (cost=0.43..10.44 rows=100 width=4)
	  Index Cond: ((k >= 5691280) AND (k <= 5691380))

table 4 : explain SELECT k FROM sbtest4 WHERE k BETWEEN 5691280 AND 5691380
	Index Only Scan using k_4 on sbtest4  (cost=0.43..6.51 rows=104 width=4)
	  Index Cond: ((k >= 5691280) AND (k <= 5691380))

table 5 : explain SELECT k FROM sbtest5 WHERE k BETWEEN 5691280 AND 5691380
	Index Only Scan using k_5 on sbtest5  (cost=0.43..6.21 rows=89 width=4)
	  Index Cond: ((k >= 5691280) AND (k <= 5691380))

table 6 : explain SELECT k FROM sbtest6 WHERE k BETWEEN 5691280 AND 5691380
	Index Only Scan using k_6 on sbtest6  (cost=0.43..6.42 rows=99 width=4)
	  Index Cond: ((k >= 5691280) AND (k <= 5691380))

table 7 : explain SELECT k FROM sbtest7 WHERE k BETWEEN 5691280 AND 5691380
	Index Only Scan using k_7 on sbtest7  (cost=0.43..6.47 rows=102 width=4)
	  Index Cond: ((k >= 5691280) AND (k <= 5691380))

table 8 : explain SELECT k FROM sbtest8 WHERE k BETWEEN 5691280 AND 5691380
	Index Only Scan using k_8 on sbtest8  (cost=0.43..6.43 rows=100 width=4)
	  Index Cond: ((k >= 5691280) AND (k <= 5691380))

explain: for range-covered :: explain SELECT k FROM sbtest%d WHERE k BETWEEN 5691280 AND 5691380
for range-covered
table 1 : explain SELECT k FROM sbtest1 WHERE k BETWEEN 3114982 AND 3115082
	Index Only Scan using k_1 on sbtest1  (cost=0.43..6.35 rows=96 width=4)
	  Index Cond: ((k >= 3114982) AND (k <= 3115082))

table 2 : explain SELECT k FROM sbtest2 WHERE k BETWEEN 3114982 AND 3115082
	Index Only Scan using k_2 on sbtest2  (cost=0.43..6.59 rows=108 width=4)
	  Index Cond: ((k >= 3114982) AND (k <= 3115082))

table 3 : explain SELECT k FROM sbtest3 WHERE k BETWEEN 3114982 AND 3115082
	Index Only Scan using k_3 on sbtest3  (cost=0.43..10.63 rows=110 width=4)
	  Index Cond: ((k >= 3114982) AND (k <= 3115082))

table 4 : explain SELECT k FROM sbtest4 WHERE k BETWEEN 3114982 AND 3115082
	Index Only Scan using k_4 on sbtest4  (cost=0.43..6.58 rows=107 width=4)
	  Index Cond: ((k >= 3114982) AND (k <= 3115082))

table 5 : explain SELECT k FROM sbtest5 WHERE k BETWEEN 3114982 AND 3115082
	Index Only Scan using k_5 on sbtest5  (cost=0.43..6.63 rows=110 width=4)
	  Index Cond: ((k >= 3114982) AND (k <= 3115082))

table 6 : explain SELECT k FROM sbtest6 WHERE k BETWEEN 3114982 AND 3115082
	Index Only Scan using k_6 on sbtest6  (cost=0.43..6.27 rows=92 width=4)
	  Index Cond: ((k >= 3114982) AND (k <= 3115082))

table 7 : explain SELECT k FROM sbtest7 WHERE k BETWEEN 3114982 AND 3115082
	Index Only Scan using k_7 on sbtest7  (cost=0.43..6.45 rows=101 width=4)
	  Index Cond: ((k >= 3114982) AND (k <= 3115082))

table 8 : explain SELECT k FROM sbtest8 WHERE k BETWEEN 3114982 AND 3115082
	Index Only Scan using k_8 on sbtest8  (cost=0.43..6.45 rows=101 width=4)
	  Index Cond: ((k >= 3114982) AND (k <= 3115082))

for range-covered
table 1 : explain SELECT k FROM sbtest1 WHERE k BETWEEN 1245304 AND 1245404
	Index Only Scan using k_1 on sbtest1  (cost=0.43..6.45 rows=101 width=4)
	  Index Cond: ((k >= 1245304) AND (k <= 1245404))

table 2 : explain SELECT k FROM sbtest2 WHERE k BETWEEN 1245304 AND 1245404
	Index Only Scan using k_2 on sbtest2  (cost=0.43..6.50 rows=103 width=4)
	  Index Cond: ((k >= 1245304) AND (k <= 1245404))

table 3 : explain SELECT k FROM sbtest3 WHERE k BETWEEN 1245304 AND 1245404
	Index Only Scan using k_3 on sbtest3  (cost=0.43..10.74 rows=115 width=4)
	  Index Cond: ((k >= 1245304) AND (k <= 1245404))

table 4 : explain SELECT k FROM sbtest4 WHERE k BETWEEN 1245304 AND 1245404
	Index Only Scan using k_4 on sbtest4  (cost=0.43..6.53 rows=105 width=4)
	  Index Cond: ((k >= 1245304) AND (k <= 1245404))

table 5 : explain SELECT k FROM sbtest5 WHERE k BETWEEN 1245304 AND 1245404
	Index Only Scan using k_5 on sbtest5  (cost=0.43..6.53 rows=105 width=4)
	  Index Cond: ((k >= 1245304) AND (k <= 1245404))

table 6 : explain SELECT k FROM sbtest6 WHERE k BETWEEN 1245304 AND 1245404
	Index Only Scan using k_6 on sbtest6  (cost=0.43..6.47 rows=102 width=4)
	  Index Cond: ((k >= 1245304) AND (k <= 1245404))

table 7 : explain SELECT k FROM sbtest7 WHERE k BETWEEN 1245304 AND 1245404
	Index Only Scan using k_7 on sbtest7  (cost=0.43..6.29 rows=93 width=4)
	  Index Cond: ((k >= 1245304) AND (k <= 1245404))

table 8 : explain SELECT k FROM sbtest8 WHERE k BETWEEN 1245304 AND 1245404
	Index Only Scan using k_8 on sbtest8  (cost=0.43..6.35 rows=96 width=4)
	  Index Cond: ((k >= 1245304) AND (k <= 1245404))

explain: for range-covered :: explain SELECT k FROM sbtest%d WHERE k BETWEEN 809523 AND 809623
explain: for range-covered :: explain SELECT k FROM sbtest%d WHERE k BETWEEN 3114982 AND 3115082
explain: for range-covered :: explain SELECT k FROM sbtest%d WHERE k BETWEEN 1245304 AND 1245404
for range-covered
table 1 : explain SELECT k FROM sbtest1 WHERE k BETWEEN 5691280 AND 5691380
	Index Only Scan using k_1 on sbtest1  (cost=0.43..6.35 rows=96 width=4)
	  Index Cond: ((k >= 5691280) AND (k <= 5691380))

table 2 : explain SELECT k FROM sbtest2 WHERE k BETWEEN 5691280 AND 5691380
	Index Only Scan using k_2 on sbtest2  (cost=0.43..6.32 rows=94 width=4)
	  Index Cond: ((k >= 5691280) AND (k <= 5691380))

table 3 : explain SELECT k FROM sbtest3 WHERE k BETWEEN 5691280 AND 5691380
	Index Only Scan using k_3 on sbtest3  (cost=0.43..10.44 rows=100 width=4)
	  Index Cond: ((k >= 5691280) AND (k <= 5691380))

table 4 : explain SELECT k FROM sbtest4 WHERE k BETWEEN 5691280 AND 5691380
	Index Only Scan using k_4 on sbtest4  (cost=0.43..6.51 rows=104 width=4)
	  Index Cond: ((k >= 5691280) AND (k <= 5691380))

table 5 : explain SELECT k FROM sbtest5 WHERE k BETWEEN 5691280 AND 5691380
	Index Only Scan using k_5 on sbtest5  (cost=0.43..6.21 rows=89 width=4)
	  Index Cond: ((k >= 5691280) AND (k <= 5691380))

table 6 : explain SELECT k FROM sbtest6 WHERE k BETWEEN 5691280 AND 5691380
	Index Only Scan using k_6 on sbtest6  (cost=0.43..6.42 rows=99 width=4)
	  Index Cond: ((k >= 5691280) AND (k <= 5691380))

table 7 : explain SELECT k FROM sbtest7 WHERE k BETWEEN 5691280 AND 5691380
	Index Only Scan using k_7 on sbtest7  (cost=0.43..6.47 rows=102 width=4)
	  Index Cond: ((k >= 5691280) AND (k <= 5691380))

table 8 : explain SELECT k FROM sbtest8 WHERE k BETWEEN 5691280 AND 5691380
	Index Only Scan using k_8 on sbtest8  (cost=0.43..6.43 rows=100 width=4)
	  Index Cond: ((k >= 5691280) AND (k <= 5691380))

for range-covered
table 1 : explain SELECT k FROM sbtest1 WHERE k BETWEEN 7191993 AND 7192093
	Index Only Scan using k_1 on sbtest1  (cost=0.43..6.97 rows=127 width=4)
	  Index Cond: ((k >= 7191993) AND (k <= 7192093))

table 2 : explain SELECT k FROM sbtest2 WHERE k BETWEEN 7191993 AND 7192093
	Index Only Scan using k_2 on sbtest2  (cost=0.43..6.53 rows=105 width=4)
	  Index Cond: ((k >= 7191993) AND (k <= 7192093))

table 3 : explain SELECT k FROM sbtest3 WHERE k BETWEEN 7191993 AND 7192093
	Index Only Scan using k_3 on sbtest3  (cost=0.43..10.29 rows=93 width=4)
	  Index Cond: ((k >= 7191993) AND (k <= 7192093))

table 4 : explain SELECT k FROM sbtest4 WHERE k BETWEEN 7191993 AND 7192093
	Index Only Scan using k_4 on sbtest4  (cost=0.43..6.51 rows=104 width=4)
	  Index Cond: ((k >= 7191993) AND (k <= 7192093))

table 5 : explain SELECT k FROM sbtest5 WHERE k BETWEEN 7191993 AND 7192093
	Index Only Scan using k_5 on sbtest5  (cost=0.43..6.63 rows=110 width=4)
	  Index Cond: ((k >= 7191993) AND (k <= 7192093))

table 6 : explain SELECT k FROM sbtest6 WHERE k BETWEEN 7191993 AND 7192093
	Index Only Scan using k_6 on sbtest6  (cost=0.43..6.51 rows=104 width=4)
	  Index Cond: ((k >= 7191993) AND (k <= 7192093))

table 7 : explain SELECT k FROM sbtest7 WHERE k BETWEEN 7191993 AND 7192093
	Index Only Scan using k_7 on sbtest7  (cost=0.43..6.35 rows=96 width=4)
	  Index Cond: ((k >= 7191993) AND (k <= 7192093))

table 8 : explain SELECT k FROM sbtest8 WHERE k BETWEEN 7191993 AND 7192093
	Index Only Scan using k_8 on sbtest8  (cost=0.43..6.58 rows=107 width=4)
	  Index Cond: ((k >= 7191993) AND (k <= 7192093))

explain: for range-covered :: explain SELECT k FROM sbtest%d WHERE k BETWEEN 5691280 AND 5691380
explain: for range-covered :: explain SELECT k FROM sbtest%d WHERE k BETWEEN 7191993 AND 7192093
for range-covered
table 1 : explain SELECT k FROM sbtest1 WHERE k BETWEEN 3114982 AND 3115082
	Index Only Scan using k_1 on sbtest1  (cost=0.43..6.35 rows=96 width=4)
	  Index Cond: ((k >= 3114982) AND (k <= 3115082))

table 2 : explain SELECT k FROM sbtest2 WHERE k BETWEEN 3114982 AND 3115082
	Index Only Scan using k_2 on sbtest2  (cost=0.43..6.59 rows=108 width=4)
	  Index Cond: ((k >= 3114982) AND (k <= 3115082))

table 3 : explain SELECT k FROM sbtest3 WHERE k BETWEEN 3114982 AND 3115082
	Index Only Scan using k_3 on sbtest3  (cost=0.43..10.63 rows=110 width=4)
	  Index Cond: ((k >= 3114982) AND (k <= 3115082))

table 4 : explain SELECT k FROM sbtest4 WHERE k BETWEEN 3114982 AND 3115082
	Index Only Scan using k_4 on sbtest4  (cost=0.43..6.58 rows=107 width=4)
	  Index Cond: ((k >= 3114982) AND (k <= 3115082))

table 5 : explain SELECT k FROM sbtest5 WHERE k BETWEEN 3114982 AND 3115082
	Index Only Scan using k_5 on sbtest5  (cost=0.43..6.63 rows=110 width=4)
	  Index Cond: ((k >= 3114982) AND (k <= 3115082))

table 6 : explain SELECT k FROM sbtest6 WHERE k BETWEEN 3114982 AND 3115082
	Index Only Scan using k_6 on sbtest6  (cost=0.43..6.27 rows=92 width=4)
	  Index Cond: ((k >= 3114982) AND (k <= 3115082))

table 7 : explain SELECT k FROM sbtest7 WHERE k BETWEEN 3114982 AND 3115082
	Index Only Scan using k_7 on sbtest7  (cost=0.43..6.45 rows=101 width=4)
	  Index Cond: ((k >= 3114982) AND (k <= 3115082))

table 8 : explain SELECT k FROM sbtest8 WHERE k BETWEEN 3114982 AND 3115082
	Index Only Scan using k_8 on sbtest8  (cost=0.43..6.45 rows=101 width=4)
	  Index Cond: ((k >= 3114982) AND (k <= 3115082))

for range-covered
table 1 : explain SELECT k FROM sbtest1 WHERE k BETWEEN 3004941 AND 3005041
	Index Only Scan using k_1 on sbtest1  (cost=0.43..6.58 rows=107 width=4)
	  Index Cond: ((k >= 3004941) AND (k <= 3005041))

table 2 : explain SELECT k FROM sbtest2 WHERE k BETWEEN 3004941 AND 3005041
	Index Only Scan using k_2 on sbtest2  (cost=0.43..6.45 rows=101 width=4)
	  Index Cond: ((k >= 3004941) AND (k <= 3005041))

table 3 : explain SELECT k FROM sbtest3 WHERE k BETWEEN 3004941 AND 3005041
	Index Only Scan using k_3 on sbtest3  (cost=0.43..10.56 rows=106 width=4)
	  Index Cond: ((k >= 3004941) AND (k <= 3005041))

table 4 : explain SELECT k FROM sbtest4 WHERE k BETWEEN 3004941 AND 3005041
	Index Only Scan using k_4 on sbtest4  (cost=0.43..6.56 rows=106 width=4)
	  Index Cond: ((k >= 3004941) AND (k <= 3005041))

table 5 : explain SELECT k FROM sbtest5 WHERE k BETWEEN 3004941 AND 3005041
	Index Only Scan using k_5 on sbtest5  (cost=0.43..6.56 rows=106 width=4)
	  Index Cond: ((k >= 3004941) AND (k <= 3005041))

table 6 : explain SELECT k FROM sbtest6 WHERE k BETWEEN 3004941 AND 3005041
	Index Only Scan using k_6 on sbtest6  (cost=0.43..6.45 rows=101 width=4)
	  Index Cond: ((k >= 3004941) AND (k <= 3005041))

table 7 : explain SELECT k FROM sbtest7 WHERE k BETWEEN 3004941 AND 3005041
	Index Only Scan using k_7 on sbtest7  (cost=0.43..6.42 rows=99 width=4)
	  Index Cond: ((k >= 3004941) AND (k <= 3005041))

table 8 : explain SELECT k FROM sbtest8 WHERE k BETWEEN 3004941 AND 3005041
	Index Only Scan using k_8 on sbtest8  (cost=0.43..6.53 rows=105 width=4)
	  Index Cond: ((k >= 3004941) AND (k <= 3005041))

for range-covered
table 1 : explain SELECT k FROM sbtest1 WHERE k BETWEEN 1245304 AND 1245404
	Index Only Scan using k_1 on sbtest1  (cost=0.43..6.45 rows=101 width=4)
	  Index Cond: ((k >= 1245304) AND (k <= 1245404))

table 2 : explain SELECT k FROM sbtest2 WHERE k BETWEEN 1245304 AND 1245404
	Index Only Scan using k_2 on sbtest2  (cost=0.43..6.50 rows=103 width=4)
	  Index Cond: ((k >= 1245304) AND (k <= 1245404))

table 3 : explain SELECT k FROM sbtest3 WHERE k BETWEEN 1245304 AND 1245404
	Index Only Scan using k_3 on sbtest3  (cost=0.43..10.74 rows=115 width=4)
	  Index Cond: ((k >= 1245304) AND (k <= 1245404))

table 4 : explain SELECT k FROM sbtest4 WHERE k BETWEEN 1245304 AND 1245404
	Index Only Scan using k_4 on sbtest4  (cost=0.43..6.53 rows=105 width=4)
	  Index Cond: ((k >= 1245304) AND (k <= 1245404))

table 5 : explain SELECT k FROM sbtest5 WHERE k BETWEEN 1245304 AND 1245404
	Index Only Scan using k_5 on sbtest5  (cost=0.43..6.53 rows=105 width=4)
	  Index Cond: ((k >= 1245304) AND (k <= 1245404))

table 6 : explain SELECT k FROM sbtest6 WHERE k BETWEEN 1245304 AND 1245404
	Index Only Scan using k_6 on sbtest6  (cost=0.43..6.47 rows=102 width=4)
	  Index Cond: ((k >= 1245304) AND (k <= 1245404))

table 7 : explain SELECT k FROM sbtest7 WHERE k BETWEEN 1245304 AND 1245404
	Index Only Scan using k_7 on sbtest7  (cost=0.43..6.29 rows=93 width=4)
	  Index Cond: ((k >= 1245304) AND (k <= 1245404))

table 8 : explain SELECT k FROM sbtest8 WHERE k BETWEEN 1245304 AND 1245404
	Index Only Scan using k_8 on sbtest8  (cost=0.43..6.35 rows=96 width=4)
	  Index Cond: ((k >= 1245304) AND (k <= 1245404))

explain: for range-covered :: explain SELECT k FROM sbtest%d WHERE k BETWEEN 3114982 AND 3115082
explain: for range-covered :: explain SELECT k FROM sbtest%d WHERE k BETWEEN 1245304 AND 1245404
for range-covered
table 1 : explain SELECT k FROM sbtest1 WHERE k BETWEEN 5691280 AND 5691380
	Index Only Scan using k_1 on sbtest1  (cost=0.43..6.35 rows=96 width=4)
	  Index Cond: ((k >= 5691280) AND (k <= 5691380))

table 2 : explain SELECT k FROM sbtest2 WHERE k BETWEEN 5691280 AND 5691380
	Index Only Scan using k_2 on sbtest2  (cost=0.43..6.32 rows=94 width=4)
	  Index Cond: ((k >= 5691280) AND (k <= 5691380))

table 3 : explain SELECT k FROM sbtest3 WHERE k BETWEEN 5691280 AND 5691380
	Index Only Scan using k_3 on sbtest3  (cost=0.43..10.44 rows=100 width=4)
	  Index Cond: ((k >= 5691280) AND (k <= 5691380))

table 4 : explain SELECT k FROM sbtest4 WHERE k BETWEEN 5691280 AND 5691380
	Index Only Scan using k_4 on sbtest4  (cost=0.43..6.51 rows=104 width=4)
	  Index Cond: ((k >= 5691280) AND (k <= 5691380))

table 5 : explain SELECT k FROM sbtest5 WHERE k BETWEEN 5691280 AND 5691380
	Index Only Scan using k_5 on sbtest5  (cost=0.43..6.21 rows=89 width=4)
	  Index Cond: ((k >= 5691280) AND (k <= 5691380))

table 6 : explain SELECT k FROM sbtest6 WHERE k BETWEEN 5691280 AND 5691380
	Index Only Scan using k_6 on sbtest6  (cost=0.43..6.42 rows=99 width=4)
	  Index Cond: ((k >= 5691280) AND (k <= 5691380))

table 7 : explain SELECT k FROM sbtest7 WHERE k BETWEEN 5691280 AND 5691380
	Index Only Scan using k_7 on sbtest7  (cost=0.43..6.47 rows=102 width=4)
	  Index Cond: ((k >= 5691280) AND (k <= 5691380))

table 8 : explain SELECT k FROM sbtest8 WHERE k BETWEEN 5691280 AND 5691380
	Index Only Scan using k_8 on sbtest8  (cost=0.43..6.43 rows=100 width=4)
	  Index Cond: ((k >= 5691280) AND (k <= 5691380))

for range-covered
table 1 : explain SELECT k FROM sbtest1 WHERE k BETWEEN 7191993 AND 7192093
	Index Only Scan using k_1 on sbtest1  (cost=0.43..6.97 rows=127 width=4)
	  Index Cond: ((k >= 7191993) AND (k <= 7192093))

table 2 : explain SELECT k FROM sbtest2 WHERE k BETWEEN 7191993 AND 7192093
	Index Only Scan using k_2 on sbtest2  (cost=0.43..6.53 rows=105 width=4)
	  Index Cond: ((k >= 7191993) AND (k <= 7192093))

table 3 : explain SELECT k FROM sbtest3 WHERE k BETWEEN 7191993 AND 7192093
	Index Only Scan using k_3 on sbtest3  (cost=0.43..10.29 rows=93 width=4)
	  Index Cond: ((k >= 7191993) AND (k <= 7192093))

table 4 : explain SELECT k FROM sbtest4 WHERE k BETWEEN 7191993 AND 7192093
	Index Only Scan using k_4 on sbtest4  (cost=0.43..6.51 rows=104 width=4)
	  Index Cond: ((k >= 7191993) AND (k <= 7192093))

table 5 : explain SELECT k FROM sbtest5 WHERE k BETWEEN 7191993 AND 7192093
	Index Only Scan using k_5 on sbtest5  (cost=0.43..6.63 rows=110 width=4)
	  Index Cond: ((k >= 7191993) AND (k <= 7192093))

table 6 : explain SELECT k FROM sbtest6 WHERE k BETWEEN 7191993 AND 7192093
	Index Only Scan using k_6 on sbtest6  (cost=0.43..6.51 rows=104 width=4)
	  Index Cond: ((k >= 7191993) AND (k <= 7192093))

table 7 : explain SELECT k FROM sbtest7 WHERE k BETWEEN 7191993 AND 7192093
	Index Only Scan using k_7 on sbtest7  (cost=0.43..6.35 rows=96 width=4)
	  Index Cond: ((k >= 7191993) AND (k <= 7192093))

table 8 : explain SELECT k FROM sbtest8 WHERE k BETWEEN 7191993 AND 7192093
	Index Only Scan using k_8 on sbtest8  (cost=0.43..6.58 rows=107 width=4)
	  Index Cond: ((k >= 7191993) AND (k <= 7192093))

for range-covered
table 1 : explain SELECT k FROM sbtest1 WHERE k BETWEEN 3122849 AND 3122949
	Index Only Scan using k_1 on sbtest1  (cost=0.43..6.35 rows=96 width=4)
	  Index Cond: ((k >= 3122849) AND (k <= 3122949))

table 2 : explain SELECT k FROM sbtest2 WHERE k BETWEEN 3122849 AND 3122949
	Index Only Scan using k_2 on sbtest2  (cost=0.43..6.59 rows=108 width=4)
	  Index Cond: ((k >= 3122849) AND (k <= 3122949))

table 3 : explain SELECT k FROM sbtest3 WHERE k BETWEEN 3122849 AND 3122949
	Index Only Scan using k_3 on sbtest3  (cost=0.43..10.63 rows=110 width=4)
	  Index Cond: ((k >= 3122849) AND (k <= 3122949))

table 4 : explain SELECT k FROM sbtest4 WHERE k BETWEEN 3122849 AND 3122949
	Index Only Scan using k_4 on sbtest4  (cost=0.43..6.58 rows=107 width=4)
	  Index Cond: ((k >= 3122849) AND (k <= 3122949))

table 5 : explain SELECT k FROM sbtest5 WHERE k BETWEEN 3122849 AND 3122949
	Index Only Scan using k_5 on sbtest5  (cost=0.43..6.63 rows=110 width=4)
	  Index Cond: ((k >= 3122849) AND (k <= 3122949))

table 6 : explain SELECT k FROM sbtest6 WHERE k BETWEEN 3122849 AND 3122949
	Index Only Scan using k_6 on sbtest6  (cost=0.43..6.27 rows=92 width=4)
	  Index Cond: ((k >= 3122849) AND (k <= 3122949))

table 7 : explain SELECT k FROM sbtest7 WHERE k BETWEEN 3122849 AND 3122949
	Index Only Scan using k_7 on sbtest7  (cost=0.43..6.45 rows=101 width=4)
	  Index Cond: ((k >= 3122849) AND (k <= 3122949))

table 8 : explain SELECT k FROM sbtest8 WHERE k BETWEEN 3122849 AND 3122949
	Index Only Scan using k_8 on sbtest8  (cost=0.43..6.45 rows=101 width=4)
	  Index Cond: ((k >= 3122849) AND (k <= 3122949))

explain: for range-covered :: explain SELECT k FROM sbtest%d WHERE k BETWEEN 7191993 AND 7192093
explain: for range-covered :: explain SELECT k FROM sbtest%d WHERE k BETWEEN 3122849 AND 3122949
for range-covered
table 1 : explain SELECT k FROM sbtest1 WHERE k BETWEEN 9162406 AND 9162506
	Index Only Scan using k_1 on sbtest1  (cost=0.43..6.37 rows=97 width=4)
	  Index Cond: ((k >= 9162406) AND (k <= 9162506))

table 2 : explain SELECT k FROM sbtest2 WHERE k BETWEEN 9162406 AND 9162506
	Index Only Scan using k_2 on sbtest2  (cost=0.43..6.37 rows=97 width=4)
	  Index Cond: ((k >= 9162406) AND (k <= 9162506))

table 3 : explain SELECT k FROM sbtest3 WHERE k BETWEEN 9162406 AND 9162506
	Index Only Scan using k_3 on sbtest3  (cost=0.43..10.40 rows=98 width=4)
	  Index Cond: ((k >= 9162406) AND (k <= 9162506))

table 4 : explain SELECT k FROM sbtest4 WHERE k BETWEEN 9162406 AND 9162506
	Index Only Scan using k_4 on sbtest4  (cost=0.43..6.40 rows=98 width=4)
	  Index Cond: ((k >= 9162406) AND (k <= 9162506))

table 5 : explain SELECT k FROM sbtest5 WHERE k BETWEEN 9162406 AND 9162506
	Index Only Scan using k_5 on sbtest5  (cost=0.43..6.42 rows=99 width=4)
	  Index Cond: ((k >= 9162406) AND (k <= 9162506))

table 6 : explain SELECT k FROM sbtest6 WHERE k BETWEEN 9162406 AND 9162506
	Index Only Scan using k_6 on sbtest6  (cost=0.43..6.32 rows=94 width=4)
	  Index Cond: ((k >= 9162406) AND (k <= 9162506))

table 7 : explain SELECT k FROM sbtest7 WHERE k BETWEEN 9162406 AND 9162506
	Index Only Scan using k_7 on sbtest7  (cost=0.43..6.50 rows=103 width=4)
	  Index Cond: ((k >= 9162406) AND (k <= 9162506))

table 8 : explain SELECT k FROM sbtest8 WHERE k BETWEEN 9162406 AND 9162506
	Index Only Scan using k_8 on sbtest8  (cost=0.43..6.17 rows=87 width=4)
	  Index Cond: ((k >= 9162406) AND (k <= 9162506))

explain: for range-covered :: explain SELECT k FROM sbtest%d WHERE k BETWEEN 5691280 AND 5691380
for range-covered
table 1 : explain SELECT k FROM sbtest1 WHERE k BETWEEN 3114982 AND 3115082
	Index Only Scan using k_1 on sbtest1  (cost=0.43..6.35 rows=96 width=4)
	  Index Cond: ((k >= 3114982) AND (k <= 3115082))

table 2 : explain SELECT k FROM sbtest2 WHERE k BETWEEN 3114982 AND 3115082
	Index Only Scan using k_2 on sbtest2  (cost=0.43..6.59 rows=108 width=4)
	  Index Cond: ((k >= 3114982) AND (k <= 3115082))

table 3 : explain SELECT k FROM sbtest3 WHERE k BETWEEN 3114982 AND 3115082
	Index Only Scan using k_3 on sbtest3  (cost=0.43..10.63 rows=110 width=4)
	  Index Cond: ((k >= 3114982) AND (k <= 3115082))

table 4 : explain SELECT k FROM sbtest4 WHERE k BETWEEN 3114982 AND 3115082
	Index Only Scan using k_4 on sbtest4  (cost=0.43..6.58 rows=107 width=4)
	  Index Cond: ((k >= 3114982) AND (k <= 3115082))

table 5 : explain SELECT k FROM sbtest5 WHERE k BETWEEN 3114982 AND 3115082
	Index Only Scan using k_5 on sbtest5  (cost=0.43..6.63 rows=110 width=4)
	  Index Cond: ((k >= 3114982) AND (k <= 3115082))

table 6 : explain SELECT k FROM sbtest6 WHERE k BETWEEN 3114982 AND 3115082
	Index Only Scan using k_6 on sbtest6  (cost=0.43..6.27 rows=92 width=4)
	  Index Cond: ((k >= 3114982) AND (k <= 3115082))

table 7 : explain SELECT k FROM sbtest7 WHERE k BETWEEN 3114982 AND 3115082
	Index Only Scan using k_7 on sbtest7  (cost=0.43..6.45 rows=101 width=4)
	  Index Cond: ((k >= 3114982) AND (k <= 3115082))

table 8 : explain SELECT k FROM sbtest8 WHERE k BETWEEN 3114982 AND 3115082
	Index Only Scan using k_8 on sbtest8  (cost=0.43..6.45 rows=101 width=4)
	  Index Cond: ((k >= 3114982) AND (k <= 3115082))

explain: for range-covered :: explain SELECT k FROM sbtest%d WHERE k BETWEEN 9162406 AND 9162506
for range-covered
table 1 : explain SELECT k FROM sbtest1 WHERE k BETWEEN 1245304 AND 1245404
	Index Only Scan using k_1 on sbtest1  (cost=0.43..6.45 rows=101 width=4)
	  Index Cond: ((k >= 1245304) AND (k <= 1245404))

table 2 : explain SELECT k FROM sbtest2 WHERE k BETWEEN 1245304 AND 1245404
	Index Only Scan using k_2 on sbtest2  (cost=0.43..6.50 rows=103 width=4)
	  Index Cond: ((k >= 1245304) AND (k <= 1245404))

table 3 : explain SELECT k FROM sbtest3 WHERE k BETWEEN 1245304 AND 1245404
	Index Only Scan using k_3 on sbtest3  (cost=0.43..10.74 rows=115 width=4)
	  Index Cond: ((k >= 1245304) AND (k <= 1245404))

table 4 : explain SELECT k FROM sbtest4 WHERE k BETWEEN 1245304 AND 1245404
	Index Only Scan using k_4 on sbtest4  (cost=0.43..6.53 rows=105 width=4)
	  Index Cond: ((k >= 1245304) AND (k <= 1245404))

table 5 : explain SELECT k FROM sbtest5 WHERE k BETWEEN 1245304 AND 1245404
	Index Only Scan using k_5 on sbtest5  (cost=0.43..6.53 rows=105 width=4)
	  Index Cond: ((k >= 1245304) AND (k <= 1245404))

table 6 : explain SELECT k FROM sbtest6 WHERE k BETWEEN 1245304 AND 1245404
	Index Only Scan using k_6 on sbtest6  (cost=0.43..6.47 rows=102 width=4)
	  Index Cond: ((k >= 1245304) AND (k <= 1245404))

table 7 : explain SELECT k FROM sbtest7 WHERE k BETWEEN 1245304 AND 1245404
	Index Only Scan using k_7 on sbtest7  (cost=0.43..6.29 rows=93 width=4)
	  Index Cond: ((k >= 1245304) AND (k <= 1245404))

table 8 : explain SELECT k FROM sbtest8 WHERE k BETWEEN 1245304 AND 1245404
	Index Only Scan using k_8 on sbtest8  (cost=0.43..6.35 rows=96 width=4)
	  Index Cond: ((k >= 1245304) AND (k <= 1245404))

explain: for range-covered :: explain SELECT k FROM sbtest%d WHERE k BETWEEN 3114982 AND 3115082
explain: for range-covered :: explain SELECT k FROM sbtest%d WHERE k BETWEEN 1245304 AND 1245404
for range-covered
table 1 : explain SELECT k FROM sbtest1 WHERE k BETWEEN 3114982 AND 3115082
	Index Only Scan using k_1 on sbtest1  (cost=0.43..6.35 rows=96 width=4)
	  Index Cond: ((k >= 3114982) AND (k <= 3115082))

table 2 : explain SELECT k FROM sbtest2 WHERE k BETWEEN 3114982 AND 3115082
	Index Only Scan using k_2 on sbtest2  (cost=0.43..6.59 rows=108 width=4)
	  Index Cond: ((k >= 3114982) AND (k <= 3115082))

table 3 : explain SELECT k FROM sbtest3 WHERE k BETWEEN 3114982 AND 3115082
	Index Only Scan using k_3 on sbtest3  (cost=0.43..10.63 rows=110 width=4)
	  Index Cond: ((k >= 3114982) AND (k <= 3115082))

table 4 : explain SELECT k FROM sbtest4 WHERE k BETWEEN 3114982 AND 3115082
	Index Only Scan using k_4 on sbtest4  (cost=0.43..6.58 rows=107 width=4)
	  Index Cond: ((k >= 3114982) AND (k <= 3115082))

table 5 : explain SELECT k FROM sbtest5 WHERE k BETWEEN 3114982 AND 3115082
	Index Only Scan using k_5 on sbtest5  (cost=0.43..6.63 rows=110 width=4)
	  Index Cond: ((k >= 3114982) AND (k <= 3115082))

table 6 : explain SELECT k FROM sbtest6 WHERE k BETWEEN 3114982 AND 3115082
	Index Only Scan using k_6 on sbtest6  (cost=0.43..6.27 rows=92 width=4)
	  Index Cond: ((k >= 3114982) AND (k <= 3115082))

table 7 : explain SELECT k FROM sbtest7 WHERE k BETWEEN 3114982 AND 3115082
	Index Only Scan using k_7 on sbtest7  (cost=0.43..6.45 rows=101 width=4)
	  Index Cond: ((k >= 3114982) AND (k <= 3115082))

table 8 : explain SELECT k FROM sbtest8 WHERE k BETWEEN 3114982 AND 3115082
	Index Only Scan using k_8 on sbtest8  (cost=0.43..6.45 rows=101 width=4)
	  Index Cond: ((k >= 3114982) AND (k <= 3115082))

for range-covered
table 1 : explain SELECT k FROM sbtest1 WHERE k BETWEEN 1245304 AND 1245404
	Index Only Scan using k_1 on sbtest1  (cost=0.43..6.45 rows=101 width=4)
	  Index Cond: ((k >= 1245304) AND (k <= 1245404))

table 2 : explain SELECT k FROM sbtest2 WHERE k BETWEEN 1245304 AND 1245404
	Index Only Scan using k_2 on sbtest2  (cost=0.43..6.50 rows=103 width=4)
	  Index Cond: ((k >= 1245304) AND (k <= 1245404))

table 3 : explain SELECT k FROM sbtest3 WHERE k BETWEEN 1245304 AND 1245404
	Index Only Scan using k_3 on sbtest3  (cost=0.43..10.74 rows=115 width=4)
	  Index Cond: ((k >= 1245304) AND (k <= 1245404))

table 4 : explain SELECT k FROM sbtest4 WHERE k BETWEEN 1245304 AND 1245404
	Index Only Scan using k_4 on sbtest4  (cost=0.43..6.53 rows=105 width=4)
	  Index Cond: ((k >= 1245304) AND (k <= 1245404))

table 5 : explain SELECT k FROM sbtest5 WHERE k BETWEEN 1245304 AND 1245404
	Index Only Scan using k_5 on sbtest5  (cost=0.43..6.53 rows=105 width=4)
	  Index Cond: ((k >= 1245304) AND (k <= 1245404))

table 6 : explain SELECT k FROM sbtest6 WHERE k BETWEEN 1245304 AND 1245404
	Index Only Scan using k_6 on sbtest6  (cost=0.43..6.47 rows=102 width=4)
	  Index Cond: ((k >= 1245304) AND (k <= 1245404))

table 7 : explain SELECT k FROM sbtest7 WHERE k BETWEEN 1245304 AND 1245404
	Index Only Scan using k_7 on sbtest7  (cost=0.43..6.29 rows=93 width=4)
	  Index Cond: ((k >= 1245304) AND (k <= 1245404))

table 8 : explain SELECT k FROM sbtest8 WHERE k BETWEEN 1245304 AND 1245404
	Index Only Scan using k_8 on sbtest8  (cost=0.43..6.35 rows=96 width=4)
	  Index Cond: ((k >= 1245304) AND (k <= 1245404))

explain: for range-covered :: explain SELECT k FROM sbtest%d WHERE k BETWEEN 3114982 AND 3115082
for range-covered
table 1 : explain SELECT k FROM sbtest1 WHERE k BETWEEN 9162406 AND 9162506
	Index Only Scan using k_1 on sbtest1  (cost=0.43..6.37 rows=97 width=4)
	  Index Cond: ((k >= 9162406) AND (k <= 9162506))

table 2 : explain SELECT k FROM sbtest2 WHERE k BETWEEN 9162406 AND 9162506
	Index Only Scan using k_2 on sbtest2  (cost=0.43..6.37 rows=97 width=4)
	  Index Cond: ((k >= 9162406) AND (k <= 9162506))

table 3 : explain SELECT k FROM sbtest3 WHERE k BETWEEN 9162406 AND 9162506
	Index Only Scan using k_3 on sbtest3  (cost=0.43..10.40 rows=98 width=4)
	  Index Cond: ((k >= 9162406) AND (k <= 9162506))

table 4 : explain SELECT k FROM sbtest4 WHERE k BETWEEN 9162406 AND 9162506
	Index Only Scan using k_4 on sbtest4  (cost=0.43..6.40 rows=98 width=4)
	  Index Cond: ((k >= 9162406) AND (k <= 9162506))

table 5 : explain SELECT k FROM sbtest5 WHERE k BETWEEN 9162406 AND 9162506
	Index Only Scan using k_5 on sbtest5  (cost=0.43..6.42 rows=99 width=4)
	  Index Cond: ((k >= 9162406) AND (k <= 9162506))

table 6 : explain SELECT k FROM sbtest6 WHERE k BETWEEN 9162406 AND 9162506
	Index Only Scan using k_6 on sbtest6  (cost=0.43..6.32 rows=94 width=4)
	  Index Cond: ((k >= 9162406) AND (k <= 9162506))

table 7 : explain SELECT k FROM sbtest7 WHERE k BETWEEN 9162406 AND 9162506
	Index Only Scan using k_7 on sbtest7  (cost=0.43..6.50 rows=103 width=4)
	  Index Cond: ((k >= 9162406) AND (k <= 9162506))

table 8 : explain SELECT k FROM sbtest8 WHERE k BETWEEN 9162406 AND 9162506
	Index Only Scan using k_8 on sbtest8  (cost=0.43..6.17 rows=87 width=4)
	  Index Cond: ((k >= 9162406) AND (k <= 9162506))

explain: for range-covered :: explain SELECT k FROM sbtest%d WHERE k BETWEEN 1245304 AND 1245404
explain: for range-covered :: explain SELECT k FROM sbtest%d WHERE k BETWEEN 9162406 AND 9162506
for range-covered
table 1 : explain SELECT k FROM sbtest1 WHERE k BETWEEN 3114982 AND 3115082
	Index Only Scan using k_1 on sbtest1  (cost=0.43..6.35 rows=96 width=4)
	  Index Cond: ((k >= 3114982) AND (k <= 3115082))

table 2 : explain SELECT k FROM sbtest2 WHERE k BETWEEN 3114982 AND 3115082
	Index Only Scan using k_2 on sbtest2  (cost=0.43..6.59 rows=108 width=4)
	  Index Cond: ((k >= 3114982) AND (k <= 3115082))

table 3 : explain SELECT k FROM sbtest3 WHERE k BETWEEN 3114982 AND 3115082
	Index Only Scan using k_3 on sbtest3  (cost=0.43..10.63 rows=110 width=4)
	  Index Cond: ((k >= 3114982) AND (k <= 3115082))

table 4 : explain SELECT k FROM sbtest4 WHERE k BETWEEN 3114982 AND 3115082
	Index Only Scan using k_4 on sbtest4  (cost=0.43..6.58 rows=107 width=4)
	  Index Cond: ((k >= 3114982) AND (k <= 3115082))

table 5 : explain SELECT k FROM sbtest5 WHERE k BETWEEN 3114982 AND 3115082
	Index Only Scan using k_5 on sbtest5  (cost=0.43..6.63 rows=110 width=4)
	  Index Cond: ((k >= 3114982) AND (k <= 3115082))

table 6 : explain SELECT k FROM sbtest6 WHERE k BETWEEN 3114982 AND 3115082
	Index Only Scan using k_6 on sbtest6  (cost=0.43..6.27 rows=92 width=4)
	  Index Cond: ((k >= 3114982) AND (k <= 3115082))

table 7 : explain SELECT k FROM sbtest7 WHERE k BETWEEN 3114982 AND 3115082
	Index Only Scan using k_7 on sbtest7  (cost=0.43..6.45 rows=101 width=4)
	  Index Cond: ((k >= 3114982) AND (k <= 3115082))

table 8 : explain SELECT k FROM sbtest8 WHERE k BETWEEN 3114982 AND 3115082
	Index Only Scan using k_8 on sbtest8  (cost=0.43..6.45 rows=101 width=4)
	  Index Cond: ((k >= 3114982) AND (k <= 3115082))

explain: for range-covered :: explain SELECT k FROM sbtest%d WHERE k BETWEEN 3114982 AND 3115082
for range-covered
table 1 : explain SELECT k FROM sbtest1 WHERE k BETWEEN 3122849 AND 3122949
	Index Only Scan using k_1 on sbtest1  (cost=0.43..6.35 rows=96 width=4)
	  Index Cond: ((k >= 3122849) AND (k <= 3122949))

table 2 : explain SELECT k FROM sbtest2 WHERE k BETWEEN 3122849 AND 3122949
	Index Only Scan using k_2 on sbtest2  (cost=0.43..6.59 rows=108 width=4)
	  Index Cond: ((k >= 3122849) AND (k <= 3122949))

table 3 : explain SELECT k FROM sbtest3 WHERE k BETWEEN 3122849 AND 3122949
	Index Only Scan using k_3 on sbtest3  (cost=0.43..10.63 rows=110 width=4)
	  Index Cond: ((k >= 3122849) AND (k <= 3122949))

table 4 : explain SELECT k FROM sbtest4 WHERE k BETWEEN 3122849 AND 3122949
	Index Only Scan using k_4 on sbtest4  (cost=0.43..6.58 rows=107 width=4)
	  Index Cond: ((k >= 3122849) AND (k <= 3122949))

table 5 : explain SELECT k FROM sbtest5 WHERE k BETWEEN 3122849 AND 3122949
	Index Only Scan using k_5 on sbtest5  (cost=0.43..6.63 rows=110 width=4)
	  Index Cond: ((k >= 3122849) AND (k <= 3122949))

table 6 : explain SELECT k FROM sbtest6 WHERE k BETWEEN 3122849 AND 3122949
	Index Only Scan using k_6 on sbtest6  (cost=0.43..6.27 rows=92 width=4)
	  Index Cond: ((k >= 3122849) AND (k <= 3122949))

table 7 : explain SELECT k FROM sbtest7 WHERE k BETWEEN 3122849 AND 3122949
	Index Only Scan using k_7 on sbtest7  (cost=0.43..6.45 rows=101 width=4)
	  Index Cond: ((k >= 3122849) AND (k <= 3122949))

table 8 : explain SELECT k FROM sbtest8 WHERE k BETWEEN 3122849 AND 3122949
	Index Only Scan using k_8 on sbtest8  (cost=0.43..6.45 rows=101 width=4)
	  Index Cond: ((k >= 3122849) AND (k <= 3122949))

for range-covered
table 1 : explain SELECT k FROM sbtest1 WHERE k BETWEEN 7191993 AND 7192093
	Index Only Scan using k_1 on sbtest1  (cost=0.43..6.97 rows=127 width=4)
	  Index Cond: ((k >= 7191993) AND (k <= 7192093))

table 2 : explain SELECT k FROM sbtest2 WHERE k BETWEEN 7191993 AND 7192093
	Index Only Scan using k_2 on sbtest2  (cost=0.43..6.53 rows=105 width=4)
	  Index Cond: ((k >= 7191993) AND (k <= 7192093))

table 3 : explain SELECT k FROM sbtest3 WHERE k BETWEEN 7191993 AND 7192093
	Index Only Scan using k_3 on sbtest3  (cost=0.43..10.29 rows=93 width=4)
	  Index Cond: ((k >= 7191993) AND (k <= 7192093))

table 4 : explain SELECT k FROM sbtest4 WHERE k BETWEEN 7191993 AND 7192093
	Index Only Scan using k_4 on sbtest4  (cost=0.43..6.51 rows=104 width=4)
	  Index Cond: ((k >= 7191993) AND (k <= 7192093))

table 5 : explain SELECT k FROM sbtest5 WHERE k BETWEEN 7191993 AND 7192093
	Index Only Scan using k_5 on sbtest5  (cost=0.43..6.63 rows=110 width=4)
	  Index Cond: ((k >= 7191993) AND (k <= 7192093))

table 6 : explain SELECT k FROM sbtest6 WHERE k BETWEEN 7191993 AND 7192093
	Index Only Scan using k_6 on sbtest6  (cost=0.43..6.51 rows=104 width=4)
	  Index Cond: ((k >= 7191993) AND (k <= 7192093))

table 7 : explain SELECT k FROM sbtest7 WHERE k BETWEEN 7191993 AND 7192093
	Index Only Scan using k_7 on sbtest7  (cost=0.43..6.35 rows=96 width=4)
	  Index Cond: ((k >= 7191993) AND (k <= 7192093))

table 8 : explain SELECT k FROM sbtest8 WHERE k BETWEEN 7191993 AND 7192093
	Index Only Scan using k_8 on sbtest8  (cost=0.43..6.58 rows=107 width=4)
	  Index Cond: ((k >= 7191993) AND (k <= 7192093))

for range-covered
table 1 : explain SELECT k FROM sbtest1 WHERE k BETWEEN 9162406 AND 9162506
	Index Only Scan using k_1 on sbtest1  (cost=0.43..6.37 rows=97 width=4)
	  Index Cond: ((k >= 9162406) AND (k <= 9162506))

table 2 : explain SELECT k FROM sbtest2 WHERE k BETWEEN 9162406 AND 9162506
	Index Only Scan using k_2 on sbtest2  (cost=0.43..6.37 rows=97 width=4)
	  Index Cond: ((k >= 9162406) AND (k <= 9162506))

table 3 : explain SELECT k FROM sbtest3 WHERE k BETWEEN 9162406 AND 9162506
	Index Only Scan using k_3 on sbtest3  (cost=0.43..10.40 rows=98 width=4)
	  Index Cond: ((k >= 9162406) AND (k <= 9162506))

table 4 : explain SELECT k FROM sbtest4 WHERE k BETWEEN 9162406 AND 9162506
	Index Only Scan using k_4 on sbtest4  (cost=0.43..6.40 rows=98 width=4)
	  Index Cond: ((k >= 9162406) AND (k <= 9162506))

table 5 : explain SELECT k FROM sbtest5 WHERE k BETWEEN 9162406 AND 9162506
	Index Only Scan using k_5 on sbtest5  (cost=0.43..6.42 rows=99 width=4)
	  Index Cond: ((k >= 9162406) AND (k <= 9162506))

table 6 : explain SELECT k FROM sbtest6 WHERE k BETWEEN 9162406 AND 9162506
	Index Only Scan using k_6 on sbtest6  (cost=0.43..6.32 rows=94 width=4)
	  Index Cond: ((k >= 9162406) AND (k <= 9162506))

table 7 : explain SELECT k FROM sbtest7 WHERE k BETWEEN 9162406 AND 9162506
	Index Only Scan using k_7 on sbtest7  (cost=0.43..6.50 rows=103 width=4)
	  Index Cond: ((k >= 9162406) AND (k <= 9162506))

table 8 : explain SELECT k FROM sbtest8 WHERE k BETWEEN 9162406 AND 9162506
	Index Only Scan using k_8 on sbtest8  (cost=0.43..6.17 rows=87 width=4)
	  Index Cond: ((k >= 9162406) AND (k <= 9162506))

for range-covered
table 1 : explain SELECT k FROM sbtest1 WHERE k BETWEEN 5691280 AND 5691380
	Index Only Scan using k_1 on sbtest1  (cost=0.43..6.35 rows=96 width=4)
	  Index Cond: ((k >= 5691280) AND (k <= 5691380))

table 2 : explain SELECT k FROM sbtest2 WHERE k BETWEEN 5691280 AND 5691380
	Index Only Scan using k_2 on sbtest2  (cost=0.43..6.32 rows=94 width=4)
	  Index Cond: ((k >= 5691280) AND (k <= 5691380))

table 3 : explain SELECT k FROM sbtest3 WHERE k BETWEEN 5691280 AND 5691380
	Index Only Scan using k_3 on sbtest3  (cost=0.43..10.44 rows=100 width=4)
	  Index Cond: ((k >= 5691280) AND (k <= 5691380))

table 4 : explain SELECT k FROM sbtest4 WHERE k BETWEEN 5691280 AND 5691380
	Index Only Scan using k_4 on sbtest4  (cost=0.43..6.51 rows=104 width=4)
	  Index Cond: ((k >= 5691280) AND (k <= 5691380))

table 5 : explain SELECT k FROM sbtest5 WHERE k BETWEEN 5691280 AND 5691380
	Index Only Scan using k_5 on sbtest5  (cost=0.43..6.21 rows=89 width=4)
	  Index Cond: ((k >= 5691280) AND (k <= 5691380))

table 6 : explain SELECT k FROM sbtest6 WHERE k BETWEEN 5691280 AND 5691380
	Index Only Scan using k_6 on sbtest6  (cost=0.43..6.42 rows=99 width=4)
	  Index Cond: ((k >= 5691280) AND (k <= 5691380))

table 7 : explain SELECT k FROM sbtest7 WHERE k BETWEEN 5691280 AND 5691380
	Index Only Scan using k_7 on sbtest7  (cost=0.43..6.47 rows=102 width=4)
	  Index Cond: ((k >= 5691280) AND (k <= 5691380))

table 8 : explain SELECT k FROM sbtest8 WHERE k BETWEEN 5691280 AND 5691380
	Index Only Scan using k_8 on sbtest8  (cost=0.43..6.43 rows=100 width=4)
	  Index Cond: ((k >= 5691280) AND (k <= 5691380))

explain: for range-covered :: explain SELECT k FROM sbtest%d WHERE k BETWEEN 9162406 AND 9162506
for range-covered
table 1 : explain SELECT k FROM sbtest1 WHERE k BETWEEN 3114982 AND 3115082
	Index Only Scan using k_1 on sbtest1  (cost=0.43..6.35 rows=96 width=4)
	  Index Cond: ((k >= 3114982) AND (k <= 3115082))

table 2 : explain SELECT k FROM sbtest2 WHERE k BETWEEN 3114982 AND 3115082
	Index Only Scan using k_2 on sbtest2  (cost=0.43..6.59 rows=108 width=4)
	  Index Cond: ((k >= 3114982) AND (k <= 3115082))

table 3 : explain SELECT k FROM sbtest3 WHERE k BETWEEN 3114982 AND 3115082
	Index Only Scan using k_3 on sbtest3  (cost=0.43..10.63 rows=110 width=4)
	  Index Cond: ((k >= 3114982) AND (k <= 3115082))

table 4 : explain SELECT k FROM sbtest4 WHERE k BETWEEN 3114982 AND 3115082
	Index Only Scan using k_4 on sbtest4  (cost=0.43..6.58 rows=107 width=4)
	  Index Cond: ((k >= 3114982) AND (k <= 3115082))

table 5 : explain SELECT k FROM sbtest5 WHERE k BETWEEN 3114982 AND 3115082
	Index Only Scan using k_5 on sbtest5  (cost=0.43..6.63 rows=110 width=4)
	  Index Cond: ((k >= 3114982) AND (k <= 3115082))

table 6 : explain SELECT k FROM sbtest6 WHERE k BETWEEN 3114982 AND 3115082
	Index Only Scan using k_6 on sbtest6  (cost=0.43..6.27 rows=92 width=4)
	  Index Cond: ((k >= 3114982) AND (k <= 3115082))

table 7 : explain SELECT k FROM sbtest7 WHERE k BETWEEN 3114982 AND 3115082
	Index Only Scan using k_7 on sbtest7  (cost=0.43..6.45 rows=101 width=4)
	  Index Cond: ((k >= 3114982) AND (k <= 3115082))

table 8 : explain SELECT k FROM sbtest8 WHERE k BETWEEN 3114982 AND 3115082
	Index Only Scan using k_8 on sbtest8  (cost=0.43..6.45 rows=101 width=4)
	  Index Cond: ((k >= 3114982) AND (k <= 3115082))

explain: for range-covered :: explain SELECT k FROM sbtest%d WHERE k BETWEEN 3114982 AND 3115082
for range-covered
table 1 : explain SELECT k FROM sbtest1 WHERE k BETWEEN 9162406 AND 9162506
	Index Only Scan using k_1 on sbtest1  (cost=0.43..6.37 rows=97 width=4)
	  Index Cond: ((k >= 9162406) AND (k <= 9162506))

table 2 : explain SELECT k FROM sbtest2 WHERE k BETWEEN 9162406 AND 9162506
	Index Only Scan using k_2 on sbtest2  (cost=0.43..6.37 rows=97 width=4)
	  Index Cond: ((k >= 9162406) AND (k <= 9162506))

table 3 : explain SELECT k FROM sbtest3 WHERE k BETWEEN 9162406 AND 9162506
	Index Only Scan using k_3 on sbtest3  (cost=0.43..10.40 rows=98 width=4)
	  Index Cond: ((k >= 9162406) AND (k <= 9162506))

table 4 : explain SELECT k FROM sbtest4 WHERE k BETWEEN 9162406 AND 9162506
	Index Only Scan using k_4 on sbtest4  (cost=0.43..6.40 rows=98 width=4)
	  Index Cond: ((k >= 9162406) AND (k <= 9162506))

table 5 : explain SELECT k FROM sbtest5 WHERE k BETWEEN 9162406 AND 9162506
	Index Only Scan using k_5 on sbtest5  (cost=0.43..6.42 rows=99 width=4)
	  Index Cond: ((k >= 9162406) AND (k <= 9162506))

table 6 : explain SELECT k FROM sbtest6 WHERE k BETWEEN 9162406 AND 9162506
	Index Only Scan using k_6 on sbtest6  (cost=0.43..6.32 rows=94 width=4)
	  Index Cond: ((k >= 9162406) AND (k <= 9162506))

table 7 : explain SELECT k FROM sbtest7 WHERE k BETWEEN 9162406 AND 9162506
	Index Only Scan using k_7 on sbtest7  (cost=0.43..6.50 rows=103 width=4)
	  Index Cond: ((k >= 9162406) AND (k <= 9162506))

table 8 : explain SELECT k FROM sbtest8 WHERE k BETWEEN 9162406 AND 9162506
	Index Only Scan using k_8 on sbtest8  (cost=0.43..6.17 rows=87 width=4)
	  Index Cond: ((k >= 9162406) AND (k <= 9162506))

for range-covered
table 1 : explain SELECT k FROM sbtest1 WHERE k BETWEEN 1245304 AND 1245404
	Index Only Scan using k_1 on sbtest1  (cost=0.43..6.45 rows=101 width=4)
	  Index Cond: ((k >= 1245304) AND (k <= 1245404))

table 2 : explain SELECT k FROM sbtest2 WHERE k BETWEEN 1245304 AND 1245404
	Index Only Scan using k_2 on sbtest2  (cost=0.43..6.50 rows=103 width=4)
	  Index Cond: ((k >= 1245304) AND (k <= 1245404))

table 3 : explain SELECT k FROM sbtest3 WHERE k BETWEEN 1245304 AND 1245404
	Index Only Scan using k_3 on sbtest3  (cost=0.43..10.74 rows=115 width=4)
	  Index Cond: ((k >= 1245304) AND (k <= 1245404))

table 4 : explain SELECT k FROM sbtest4 WHERE k BETWEEN 1245304 AND 1245404
	Index Only Scan using k_4 on sbtest4  (cost=0.43..6.53 rows=105 width=4)
	  Index Cond: ((k >= 1245304) AND (k <= 1245404))

table 5 : explain SELECT k FROM sbtest5 WHERE k BETWEEN 1245304 AND 1245404
	Index Only Scan using k_5 on sbtest5  (cost=0.43..6.53 rows=105 width=4)
	  Index Cond: ((k >= 1245304) AND (k <= 1245404))

table 6 : explain SELECT k FROM sbtest6 WHERE k BETWEEN 1245304 AND 1245404
	Index Only Scan using k_6 on sbtest6  (cost=0.43..6.47 rows=102 width=4)
	  Index Cond: ((k >= 1245304) AND (k <= 1245404))

table 7 : explain SELECT k FROM sbtest7 WHERE k BETWEEN 1245304 AND 1245404
	Index Only Scan using k_7 on sbtest7  (cost=0.43..6.29 rows=93 width=4)
	  Index Cond: ((k >= 1245304) AND (k <= 1245404))

table 8 : explain SELECT k FROM sbtest8 WHERE k BETWEEN 1245304 AND 1245404
	Index Only Scan using k_8 on sbtest8  (cost=0.43..6.35 rows=96 width=4)
	  Index Cond: ((k >= 1245304) AND (k <= 1245404))

explain: for range-covered :: explain SELECT k FROM sbtest%d WHERE k BETWEEN 1245304 AND 1245404
explain: for range-covered :: explain SELECT k FROM sbtest%d WHERE k BETWEEN 9162406 AND 9162506
for range-covered
table 1 : explain SELECT k FROM sbtest1 WHERE k BETWEEN 3114982 AND 3115082
	Index Only Scan using k_1 on sbtest1  (cost=0.43..6.35 rows=96 width=4)
	  Index Cond: ((k >= 3114982) AND (k <= 3115082))

table 2 : explain SELECT k FROM sbtest2 WHERE k BETWEEN 3114982 AND 3115082
	Index Only Scan using k_2 on sbtest2  (cost=0.43..6.59 rows=108 width=4)
	  Index Cond: ((k >= 3114982) AND (k <= 3115082))

table 3 : explain SELECT k FROM sbtest3 WHERE k BETWEEN 3114982 AND 3115082
	Index Only Scan using k_3 on sbtest3  (cost=0.43..10.63 rows=110 width=4)
	  Index Cond: ((k >= 3114982) AND (k <= 3115082))

table 4 : explain SELECT k FROM sbtest4 WHERE k BETWEEN 3114982 AND 3115082
	Index Only Scan using k_4 on sbtest4  (cost=0.43..6.58 rows=107 width=4)
	  Index Cond: ((k >= 3114982) AND (k <= 3115082))

table 5 : explain SELECT k FROM sbtest5 WHERE k BETWEEN 3114982 AND 3115082
	Index Only Scan using k_5 on sbtest5  (cost=0.43..6.63 rows=110 width=4)
	  Index Cond: ((k >= 3114982) AND (k <= 3115082))

table 6 : explain SELECT k FROM sbtest6 WHERE k BETWEEN 3114982 AND 3115082
	Index Only Scan using k_6 on sbtest6  (cost=0.43..6.27 rows=92 width=4)
	  Index Cond: ((k >= 3114982) AND (k <= 3115082))

table 7 : explain SELECT k FROM sbtest7 WHERE k BETWEEN 3114982 AND 3115082
	Index Only Scan using k_7 on sbtest7  (cost=0.43..6.45 rows=101 width=4)
	  Index Cond: ((k >= 3114982) AND (k <= 3115082))

table 8 : explain SELECT k FROM sbtest8 WHERE k BETWEEN 3114982 AND 3115082
	Index Only Scan using k_8 on sbtest8  (cost=0.43..6.45 rows=101 width=4)
	  Index Cond: ((k >= 3114982) AND (k <= 3115082))

explain: for range-covered :: explain SELECT k FROM sbtest%d WHERE k BETWEEN 3114982 AND 3115082
for range-covered
table 1 : explain SELECT k FROM sbtest1 WHERE k BETWEEN 809523 AND 809623
	Index Only Scan using k_1 on sbtest1  (cost=0.43..6.37 rows=97 width=4)
	  Index Cond: ((k >= 809523) AND (k <= 809623))

table 2 : explain SELECT k FROM sbtest2 WHERE k BETWEEN 809523 AND 809623
	Index Only Scan using k_2 on sbtest2  (cost=0.43..6.69 rows=113 width=4)
	  Index Cond: ((k >= 809523) AND (k <= 809623))

table 3 : explain SELECT k FROM sbtest3 WHERE k BETWEEN 809523 AND 809623
	Index Only Scan using k_3 on sbtest3  (cost=0.43..10.51 rows=104 width=4)
	  Index Cond: ((k >= 809523) AND (k <= 809623))

table 4 : explain SELECT k FROM sbtest4 WHERE k BETWEEN 809523 AND 809623
	Index Only Scan using k_4 on sbtest4  (cost=0.43..6.35 rows=96 width=4)
	  Index Cond: ((k >= 809523) AND (k <= 809623))

table 5 : explain SELECT k FROM sbtest5 WHERE k BETWEEN 809523 AND 809623
	Index Only Scan using k_5 on sbtest5  (cost=0.43..6.58 rows=107 width=4)
	  Index Cond: ((k >= 809523) AND (k <= 809623))

table 6 : explain SELECT k FROM sbtest6 WHERE k BETWEEN 809523 AND 809623
	Index Only Scan using k_6 on sbtest6  (cost=0.43..6.53 rows=105 width=4)
	  Index Cond: ((k >= 809523) AND (k <= 809623))

table 7 : explain SELECT k FROM sbtest7 WHERE k BETWEEN 809523 AND 809623
	Index Only Scan using k_7 on sbtest7  (cost=0.43..6.37 rows=97 width=4)
	  Index Cond: ((k >= 809523) AND (k <= 809623))

table 8 : explain SELECT k FROM sbtest8 WHERE k BETWEEN 809523 AND 809623
	Index Only Scan using k_8 on sbtest8  (cost=0.43..6.45 rows=101 width=4)
	  Index Cond: ((k >= 809523) AND (k <= 809623))

explain: for range-covered :: explain SELECT k FROM sbtest%d WHERE k BETWEEN 809523 AND 809623
for range-covered
table 1 : explain SELECT k FROM sbtest1 WHERE k BETWEEN 1245304 AND 1245404
	Index Only Scan using k_1 on sbtest1  (cost=0.43..6.45 rows=101 width=4)
	  Index Cond: ((k >= 1245304) AND (k <= 1245404))

table 2 : explain SELECT k FROM sbtest2 WHERE k BETWEEN 1245304 AND 1245404
	Index Only Scan using k_2 on sbtest2  (cost=0.43..6.50 rows=103 width=4)
	  Index Cond: ((k >= 1245304) AND (k <= 1245404))

table 3 : explain SELECT k FROM sbtest3 WHERE k BETWEEN 1245304 AND 1245404
	Index Only Scan using k_3 on sbtest3  (cost=0.43..10.74 rows=115 width=4)
	  Index Cond: ((k >= 1245304) AND (k <= 1245404))

table 4 : explain SELECT k FROM sbtest4 WHERE k BETWEEN 1245304 AND 1245404
	Index Only Scan using k_4 on sbtest4  (cost=0.43..6.53 rows=105 width=4)
	  Index Cond: ((k >= 1245304) AND (k <= 1245404))

table 5 : explain SELECT k FROM sbtest5 WHERE k BETWEEN 1245304 AND 1245404
	Index Only Scan using k_5 on sbtest5  (cost=0.43..6.53 rows=105 width=4)
	  Index Cond: ((k >= 1245304) AND (k <= 1245404))

table 6 : explain SELECT k FROM sbtest6 WHERE k BETWEEN 1245304 AND 1245404
	Index Only Scan using k_6 on sbtest6  (cost=0.43..6.47 rows=102 width=4)
	  Index Cond: ((k >= 1245304) AND (k <= 1245404))

table 7 : explain SELECT k FROM sbtest7 WHERE k BETWEEN 1245304 AND 1245404
	Index Only Scan using k_7 on sbtest7  (cost=0.43..6.29 rows=93 width=4)
	  Index Cond: ((k >= 1245304) AND (k <= 1245404))

table 8 : explain SELECT k FROM sbtest8 WHERE k BETWEEN 1245304 AND 1245404
	Index Only Scan using k_8 on sbtest8  (cost=0.43..6.35 rows=96 width=4)
	  Index Cond: ((k >= 1245304) AND (k <= 1245404))

explain: for range-covered :: explain SELECT k FROM sbtest%d WHERE k BETWEEN 1245304 AND 1245404
for range-covered
table 1 : explain SELECT k FROM sbtest1 WHERE k BETWEEN 1245304 AND 1245404
	Index Only Scan using k_1 on sbtest1  (cost=0.43..6.45 rows=101 width=4)
	  Index Cond: ((k >= 1245304) AND (k <= 1245404))

table 2 : explain SELECT k FROM sbtest2 WHERE k BETWEEN 1245304 AND 1245404
	Index Only Scan using k_2 on sbtest2  (cost=0.43..6.50 rows=103 width=4)
	  Index Cond: ((k >= 1245304) AND (k <= 1245404))

table 3 : explain SELECT k FROM sbtest3 WHERE k BETWEEN 1245304 AND 1245404
	Index Only Scan using k_3 on sbtest3  (cost=0.43..10.74 rows=115 width=4)
	  Index Cond: ((k >= 1245304) AND (k <= 1245404))

table 4 : explain SELECT k FROM sbtest4 WHERE k BETWEEN 1245304 AND 1245404
	Index Only Scan using k_4 on sbtest4  (cost=0.43..6.53 rows=105 width=4)
	  Index Cond: ((k >= 1245304) AND (k <= 1245404))

table 5 : explain SELECT k FROM sbtest5 WHERE k BETWEEN 1245304 AND 1245404
	Index Only Scan using k_5 on sbtest5  (cost=0.43..6.53 rows=105 width=4)
	  Index Cond: ((k >= 1245304) AND (k <= 1245404))

table 6 : explain SELECT k FROM sbtest6 WHERE k BETWEEN 1245304 AND 1245404
	Index Only Scan using k_6 on sbtest6  (cost=0.43..6.47 rows=102 width=4)
	  Index Cond: ((k >= 1245304) AND (k <= 1245404))

table 7 : explain SELECT k FROM sbtest7 WHERE k BETWEEN 1245304 AND 1245404
	Index Only Scan using k_7 on sbtest7  (cost=0.43..6.29 rows=93 width=4)
	  Index Cond: ((k >= 1245304) AND (k <= 1245404))

table 8 : explain SELECT k FROM sbtest8 WHERE k BETWEEN 1245304 AND 1245404
	Index Only Scan using k_8 on sbtest8  (cost=0.43..6.35 rows=96 width=4)
	  Index Cond: ((k >= 1245304) AND (k <= 1245404))

explain: for range-covered :: explain SELECT k FROM sbtest%d WHERE k BETWEEN 1245304 AND 1245404
for range-covered
table 1 : explain SELECT k FROM sbtest1 WHERE k BETWEEN 3114982 AND 3115082
	Index Only Scan using k_1 on sbtest1  (cost=0.43..6.35 rows=96 width=4)
	  Index Cond: ((k >= 3114982) AND (k <= 3115082))

table 2 : explain SELECT k FROM sbtest2 WHERE k BETWEEN 3114982 AND 3115082
	Index Only Scan using k_2 on sbtest2  (cost=0.43..6.59 rows=108 width=4)
	  Index Cond: ((k >= 3114982) AND (k <= 3115082))

table 3 : explain SELECT k FROM sbtest3 WHERE k BETWEEN 3114982 AND 3115082
	Index Only Scan using k_3 on sbtest3  (cost=0.43..10.63 rows=110 width=4)
	  Index Cond: ((k >= 3114982) AND (k <= 3115082))

table 4 : explain SELECT k FROM sbtest4 WHERE k BETWEEN 3114982 AND 3115082
	Index Only Scan using k_4 on sbtest4  (cost=0.43..6.58 rows=107 width=4)
	  Index Cond: ((k >= 3114982) AND (k <= 3115082))

table 5 : explain SELECT k FROM sbtest5 WHERE k BETWEEN 3114982 AND 3115082
	Index Only Scan using k_5 on sbtest5  (cost=0.43..6.63 rows=110 width=4)
	  Index Cond: ((k >= 3114982) AND (k <= 3115082))

table 6 : explain SELECT k FROM sbtest6 WHERE k BETWEEN 3114982 AND 3115082
	Index Only Scan using k_6 on sbtest6  (cost=0.43..6.27 rows=92 width=4)
	  Index Cond: ((k >= 3114982) AND (k <= 3115082))

table 7 : explain SELECT k FROM sbtest7 WHERE k BETWEEN 3114982 AND 3115082
	Index Only Scan using k_7 on sbtest7  (cost=0.43..6.45 rows=101 width=4)
	  Index Cond: ((k >= 3114982) AND (k <= 3115082))

table 8 : explain SELECT k FROM sbtest8 WHERE k BETWEEN 3114982 AND 3115082
	Index Only Scan using k_8 on sbtest8  (cost=0.43..6.45 rows=101 width=4)
	  Index Cond: ((k >= 3114982) AND (k <= 3115082))

for range-covered
table 1 : explain SELECT k FROM sbtest1 WHERE k BETWEEN 809523 AND 809623
	Index Only Scan using k_1 on sbtest1  (cost=0.43..6.37 rows=97 width=4)
	  Index Cond: ((k >= 809523) AND (k <= 809623))

table 2 : explain SELECT k FROM sbtest2 WHERE k BETWEEN 809523 AND 809623
	Index Only Scan using k_2 on sbtest2  (cost=0.43..6.69 rows=113 width=4)
	  Index Cond: ((k >= 809523) AND (k <= 809623))

table 3 : explain SELECT k FROM sbtest3 WHERE k BETWEEN 809523 AND 809623
	Index Only Scan using k_3 on sbtest3  (cost=0.43..10.51 rows=104 width=4)
	  Index Cond: ((k >= 809523) AND (k <= 809623))

table 4 : explain SELECT k FROM sbtest4 WHERE k BETWEEN 809523 AND 809623
	Index Only Scan using k_4 on sbtest4  (cost=0.43..6.35 rows=96 width=4)
	  Index Cond: ((k >= 809523) AND (k <= 809623))

table 5 : explain SELECT k FROM sbtest5 WHERE k BETWEEN 809523 AND 809623
	Index Only Scan using k_5 on sbtest5  (cost=0.43..6.58 rows=107 width=4)
	  Index Cond: ((k >= 809523) AND (k <= 809623))

table 6 : explain SELECT k FROM sbtest6 WHERE k BETWEEN 809523 AND 809623
	Index Only Scan using k_6 on sbtest6  (cost=0.43..6.53 rows=105 width=4)
	  Index Cond: ((k >= 809523) AND (k <= 809623))

table 7 : explain SELECT k FROM sbtest7 WHERE k BETWEEN 809523 AND 809623
	Index Only Scan using k_7 on sbtest7  (cost=0.43..6.37 rows=97 width=4)
	  Index Cond: ((k >= 809523) AND (k <= 809623))

table 8 : explain SELECT k FROM sbtest8 WHERE k BETWEEN 809523 AND 809623
	Index Only Scan using k_8 on sbtest8  (cost=0.43..6.45 rows=101 width=4)
	  Index Cond: ((k >= 809523) AND (k <= 809623))

explain: for range-covered :: explain SELECT k FROM sbtest%d WHERE k BETWEEN 809523 AND 809623
for range-covered
table 1 : explain SELECT k FROM sbtest1 WHERE k BETWEEN 809523 AND 809623
	Index Only Scan using k_1 on sbtest1  (cost=0.43..6.37 rows=97 width=4)
	  Index Cond: ((k >= 809523) AND (k <= 809623))

table 2 : explain SELECT k FROM sbtest2 WHERE k BETWEEN 809523 AND 809623
	Index Only Scan using k_2 on sbtest2  (cost=0.43..6.69 rows=113 width=4)
	  Index Cond: ((k >= 809523) AND (k <= 809623))

table 3 : explain SELECT k FROM sbtest3 WHERE k BETWEEN 809523 AND 809623
	Index Only Scan using k_3 on sbtest3  (cost=0.43..10.51 rows=104 width=4)
	  Index Cond: ((k >= 809523) AND (k <= 809623))

table 4 : explain SELECT k FROM sbtest4 WHERE k BETWEEN 809523 AND 809623
	Index Only Scan using k_4 on sbtest4  (cost=0.43..6.35 rows=96 width=4)
	  Index Cond: ((k >= 809523) AND (k <= 809623))

table 5 : explain SELECT k FROM sbtest5 WHERE k BETWEEN 809523 AND 809623
	Index Only Scan using k_5 on sbtest5  (cost=0.43..6.58 rows=107 width=4)
	  Index Cond: ((k >= 809523) AND (k <= 809623))

table 6 : explain SELECT k FROM sbtest6 WHERE k BETWEEN 809523 AND 809623
	Index Only Scan using k_6 on sbtest6  (cost=0.43..6.53 rows=105 width=4)
	  Index Cond: ((k >= 809523) AND (k <= 809623))

table 7 : explain SELECT k FROM sbtest7 WHERE k BETWEEN 809523 AND 809623
	Index Only Scan using k_7 on sbtest7  (cost=0.43..6.37 rows=97 width=4)
	  Index Cond: ((k >= 809523) AND (k <= 809623))

table 8 : explain SELECT k FROM sbtest8 WHERE k BETWEEN 809523 AND 809623
	Index Only Scan using k_8 on sbtest8  (cost=0.43..6.45 rows=101 width=4)
	  Index Cond: ((k >= 809523) AND (k <= 809623))

explain: for range-covered :: explain SELECT k FROM sbtest%d WHERE k BETWEEN 809523 AND 809623
explain: for range-covered :: explain SELECT k FROM sbtest%d WHERE k BETWEEN 7738565 AND 7738665
for range-covered
table 1 : explain SELECT k FROM sbtest1 WHERE k BETWEEN 809523 AND 809623
	Index Only Scan using k_1 on sbtest1  (cost=0.43..6.37 rows=97 width=4)
	  Index Cond: ((k >= 809523) AND (k <= 809623))

table 2 : explain SELECT k FROM sbtest2 WHERE k BETWEEN 809523 AND 809623
	Index Only Scan using k_2 on sbtest2  (cost=0.43..6.69 rows=113 width=4)
	  Index Cond: ((k >= 809523) AND (k <= 809623))

table 3 : explain SELECT k FROM sbtest3 WHERE k BETWEEN 809523 AND 809623
	Index Only Scan using k_3 on sbtest3  (cost=0.43..10.51 rows=104 width=4)
	  Index Cond: ((k >= 809523) AND (k <= 809623))

table 4 : explain SELECT k FROM sbtest4 WHERE k BETWEEN 809523 AND 809623
	Index Only Scan using k_4 on sbtest4  (cost=0.43..6.35 rows=96 width=4)
	  Index Cond: ((k >= 809523) AND (k <= 809623))

table 5 : explain SELECT k FROM sbtest5 WHERE k BETWEEN 809523 AND 809623
	Index Only Scan using k_5 on sbtest5  (cost=0.43..6.58 rows=107 width=4)
	  Index Cond: ((k >= 809523) AND (k <= 809623))

table 6 : explain SELECT k FROM sbtest6 WHERE k BETWEEN 809523 AND 809623
	Index Only Scan using k_6 on sbtest6  (cost=0.43..6.53 rows=105 width=4)
	  Index Cond: ((k >= 809523) AND (k <= 809623))

table 7 : explain SELECT k FROM sbtest7 WHERE k BETWEEN 809523 AND 809623
	Index Only Scan using k_7 on sbtest7  (cost=0.43..6.37 rows=97 width=4)
	  Index Cond: ((k >= 809523) AND (k <= 809623))

table 8 : explain SELECT k FROM sbtest8 WHERE k BETWEEN 809523 AND 809623
	Index Only Scan using k_8 on sbtest8  (cost=0.43..6.45 rows=101 width=4)
	  Index Cond: ((k >= 809523) AND (k <= 809623))

explain: for range-covered :: explain SELECT k FROM sbtest%d WHERE k BETWEEN 809523 AND 809623
explain: for range-covered :: explain SELECT k FROM sbtest%d WHERE k BETWEEN 7731426 AND 7731526
explain: for range-covered :: explain SELECT k FROM sbtest%d WHERE k BETWEEN 2150489 AND 2150589
for range-covered
table 1 : explain SELECT k FROM sbtest1 WHERE k BETWEEN 9162406 AND 9162506
	Index Only Scan using k_1 on sbtest1  (cost=0.43..6.37 rows=97 width=4)
	  Index Cond: ((k >= 9162406) AND (k <= 9162506))

table 2 : explain SELECT k FROM sbtest2 WHERE k BETWEEN 9162406 AND 9162506
	Index Only Scan using k_2 on sbtest2  (cost=0.43..6.37 rows=97 width=4)
	  Index Cond: ((k >= 9162406) AND (k <= 9162506))

table 3 : explain SELECT k FROM sbtest3 WHERE k BETWEEN 9162406 AND 9162506
	Index Only Scan using k_3 on sbtest3  (cost=0.43..10.40 rows=98 width=4)
	  Index Cond: ((k >= 9162406) AND (k <= 9162506))

table 4 : explain SELECT k FROM sbtest4 WHERE k BETWEEN 9162406 AND 9162506
	Index Only Scan using k_4 on sbtest4  (cost=0.43..6.40 rows=98 width=4)
	  Index Cond: ((k >= 9162406) AND (k <= 9162506))

table 5 : explain SELECT k FROM sbtest5 WHERE k BETWEEN 9162406 AND 9162506
	Index Only Scan using k_5 on sbtest5  (cost=0.43..6.42 rows=99 width=4)
	  Index Cond: ((k >= 9162406) AND (k <= 9162506))

table 6 : explain SELECT k FROM sbtest6 WHERE k BETWEEN 9162406 AND 9162506
	Index Only Scan using k_6 on sbtest6  (cost=0.43..6.32 rows=94 width=4)
	  Index Cond: ((k >= 9162406) AND (k <= 9162506))

table 7 : explain SELECT k FROM sbtest7 WHERE k BETWEEN 9162406 AND 9162506
	Index Only Scan using k_7 on sbtest7  (cost=0.43..6.50 rows=103 width=4)
	  Index Cond: ((k >= 9162406) AND (k <= 9162506))

table 8 : explain SELECT k FROM sbtest8 WHERE k BETWEEN 9162406 AND 9162506
	Index Only Scan using k_8 on sbtest8  (cost=0.43..6.17 rows=87 width=4)
	  Index Cond: ((k >= 9162406) AND (k <= 9162506))

explain: for range-covered :: explain SELECT k FROM sbtest%d WHERE k BETWEEN 9162406 AND 9162506
for range-covered
table 1 : explain SELECT k FROM sbtest1 WHERE k BETWEEN 1245304 AND 1245404
	Index Only Scan using k_1 on sbtest1  (cost=0.43..6.45 rows=101 width=4)
	  Index Cond: ((k >= 1245304) AND (k <= 1245404))

table 2 : explain SELECT k FROM sbtest2 WHERE k BETWEEN 1245304 AND 1245404
	Index Only Scan using k_2 on sbtest2  (cost=0.43..6.50 rows=103 width=4)
	  Index Cond: ((k >= 1245304) AND (k <= 1245404))

table 3 : explain SELECT k FROM sbtest3 WHERE k BETWEEN 1245304 AND 1245404
	Index Only Scan using k_3 on sbtest3  (cost=0.43..10.74 rows=115 width=4)
	  Index Cond: ((k >= 1245304) AND (k <= 1245404))

table 4 : explain SELECT k FROM sbtest4 WHERE k BETWEEN 1245304 AND 1245404
	Index Only Scan using k_4 on sbtest4  (cost=0.43..6.53 rows=105 width=4)
	  Index Cond: ((k >= 1245304) AND (k <= 1245404))

table 5 : explain SELECT k FROM sbtest5 WHERE k BETWEEN 1245304 AND 1245404
	Index Only Scan using k_5 on sbtest5  (cost=0.43..6.53 rows=105 width=4)
	  Index Cond: ((k >= 1245304) AND (k <= 1245404))

table 6 : explain SELECT k FROM sbtest6 WHERE k BETWEEN 1245304 AND 1245404
	Index Only Scan using k_6 on sbtest6  (cost=0.43..6.47 rows=102 width=4)
	  Index Cond: ((k >= 1245304) AND (k <= 1245404))

table 7 : explain SELECT k FROM sbtest7 WHERE k BETWEEN 1245304 AND 1245404
	Index Only Scan using k_7 on sbtest7  (cost=0.43..6.29 rows=93 width=4)
	  Index Cond: ((k >= 1245304) AND (k <= 1245404))

table 8 : explain SELECT k FROM sbtest8 WHERE k BETWEEN 1245304 AND 1245404
	Index Only Scan using k_8 on sbtest8  (cost=0.43..6.35 rows=96 width=4)
	  Index Cond: ((k >= 1245304) AND (k <= 1245404))

for range-covered
table 1 : explain SELECT k FROM sbtest1 WHERE k BETWEEN 9162406 AND 9162506
	Index Only Scan using k_1 on sbtest1  (cost=0.43..6.37 rows=97 width=4)
	  Index Cond: ((k >= 9162406) AND (k <= 9162506))

table 2 : explain SELECT k FROM sbtest2 WHERE k BETWEEN 9162406 AND 9162506
	Index Only Scan using k_2 on sbtest2  (cost=0.43..6.37 rows=97 width=4)
	  Index Cond: ((k >= 9162406) AND (k <= 9162506))

table 3 : explain SELECT k FROM sbtest3 WHERE k BETWEEN 9162406 AND 9162506
	Index Only Scan using k_3 on sbtest3  (cost=0.43..10.40 rows=98 width=4)
	  Index Cond: ((k >= 9162406) AND (k <= 9162506))

table 4 : explain SELECT k FROM sbtest4 WHERE k BETWEEN 9162406 AND 9162506
	Index Only Scan using k_4 on sbtest4  (cost=0.43..6.40 rows=98 width=4)
	  Index Cond: ((k >= 9162406) AND (k <= 9162506))

table 5 : explain SELECT k FROM sbtest5 WHERE k BETWEEN 9162406 AND 9162506
	Index Only Scan using k_5 on sbtest5  (cost=0.43..6.42 rows=99 width=4)
	  Index Cond: ((k >= 9162406) AND (k <= 9162506))

table 6 : explain SELECT k FROM sbtest6 WHERE k BETWEEN 9162406 AND 9162506
	Index Only Scan using k_6 on sbtest6  (cost=0.43..6.32 rows=94 width=4)
	  Index Cond: ((k >= 9162406) AND (k <= 9162506))

table 7 : explain SELECT k FROM sbtest7 WHERE k BETWEEN 9162406 AND 9162506
	Index Only Scan using k_7 on sbtest7  (cost=0.43..6.50 rows=103 width=4)
	  Index Cond: ((k >= 9162406) AND (k <= 9162506))

table 8 : explain SELECT k FROM sbtest8 WHERE k BETWEEN 9162406 AND 9162506
	Index Only Scan using k_8 on sbtest8  (cost=0.43..6.17 rows=87 width=4)
	  Index Cond: ((k >= 9162406) AND (k <= 9162506))

explain: for range-covered :: explain SELECT k FROM sbtest%d WHERE k BETWEEN 9162406 AND 9162506
for range-covered
table 1 : explain SELECT k FROM sbtest1 WHERE k BETWEEN 9162406 AND 9162506
	Index Only Scan using k_1 on sbtest1  (cost=0.43..6.37 rows=97 width=4)
	  Index Cond: ((k >= 9162406) AND (k <= 9162506))

table 2 : explain SELECT k FROM sbtest2 WHERE k BETWEEN 9162406 AND 9162506
	Index Only Scan using k_2 on sbtest2  (cost=0.43..6.37 rows=97 width=4)
	  Index Cond: ((k >= 9162406) AND (k <= 9162506))

table 3 : explain SELECT k FROM sbtest3 WHERE k BETWEEN 9162406 AND 9162506
	Index Only Scan using k_3 on sbtest3  (cost=0.43..10.40 rows=98 width=4)
	  Index Cond: ((k >= 9162406) AND (k <= 9162506))

table 4 : explain SELECT k FROM sbtest4 WHERE k BETWEEN 9162406 AND 9162506
	Index Only Scan using k_4 on sbtest4  (cost=0.43..6.40 rows=98 width=4)
	  Index Cond: ((k >= 9162406) AND (k <= 9162506))

table 5 : explain SELECT k FROM sbtest5 WHERE k BETWEEN 9162406 AND 9162506
	Index Only Scan using k_5 on sbtest5  (cost=0.43..6.42 rows=99 width=4)
	  Index Cond: ((k >= 9162406) AND (k <= 9162506))

table 6 : explain SELECT k FROM sbtest6 WHERE k BETWEEN 9162406 AND 9162506
	Index Only Scan using k_6 on sbtest6  (cost=0.43..6.32 rows=94 width=4)
	  Index Cond: ((k >= 9162406) AND (k <= 9162506))

table 7 : explain SELECT k FROM sbtest7 WHERE k BETWEEN 9162406 AND 9162506
	Index Only Scan using k_7 on sbtest7  (cost=0.43..6.50 rows=103 width=4)
	  Index Cond: ((k >= 9162406) AND (k <= 9162506))

table 8 : explain SELECT k FROM sbtest8 WHERE k BETWEEN 9162406 AND 9162506
	Index Only Scan using k_8 on sbtest8  (cost=0.43..6.17 rows=87 width=4)
	  Index Cond: ((k >= 9162406) AND (k <= 9162506))

explain: for range-covered :: explain SELECT k FROM sbtest%d WHERE k BETWEEN 9162406 AND 9162506
for range-covered
table 1 : explain SELECT k FROM sbtest1 WHERE k BETWEEN 809523 AND 809623
	Index Only Scan using k_1 on sbtest1  (cost=0.43..6.37 rows=97 width=4)
	  Index Cond: ((k >= 809523) AND (k <= 809623))

table 2 : explain SELECT k FROM sbtest2 WHERE k BETWEEN 809523 AND 809623
	Index Only Scan using k_2 on sbtest2  (cost=0.43..6.69 rows=113 width=4)
	  Index Cond: ((k >= 809523) AND (k <= 809623))

table 3 : explain SELECT k FROM sbtest3 WHERE k BETWEEN 809523 AND 809623
	Index Only Scan using k_3 on sbtest3  (cost=0.43..10.51 rows=104 width=4)
	  Index Cond: ((k >= 809523) AND (k <= 809623))

table 4 : explain SELECT k FROM sbtest4 WHERE k BETWEEN 809523 AND 809623
	Index Only Scan using k_4 on sbtest4  (cost=0.43..6.35 rows=96 width=4)
	  Index Cond: ((k >= 809523) AND (k <= 809623))

table 5 : explain SELECT k FROM sbtest5 WHERE k BETWEEN 809523 AND 809623
	Index Only Scan using k_5 on sbtest5  (cost=0.43..6.58 rows=107 width=4)
	  Index Cond: ((k >= 809523) AND (k <= 809623))

table 6 : explain SELECT k FROM sbtest6 WHERE k BETWEEN 809523 AND 809623
	Index Only Scan using k_6 on sbtest6  (cost=0.43..6.53 rows=105 width=4)
	  Index Cond: ((k >= 809523) AND (k <= 809623))

table 7 : explain SELECT k FROM sbtest7 WHERE k BETWEEN 809523 AND 809623
	Index Only Scan using k_7 on sbtest7  (cost=0.43..6.37 rows=97 width=4)
	  Index Cond: ((k >= 809523) AND (k <= 809623))

table 8 : explain SELECT k FROM sbtest8 WHERE k BETWEEN 809523 AND 809623
	Index Only Scan using k_8 on sbtest8  (cost=0.43..6.45 rows=101 width=4)
	  Index Cond: ((k >= 809523) AND (k <= 809623))

explain: for range-covered :: explain SELECT k FROM sbtest%d WHERE k BETWEEN 809523 AND 809623
for range-covered
table 1 : explain SELECT k FROM sbtest1 WHERE k BETWEEN 809523 AND 809623
	Index Only Scan using k_1 on sbtest1  (cost=0.43..6.37 rows=97 width=4)
	  Index Cond: ((k >= 809523) AND (k <= 809623))

table 2 : explain SELECT k FROM sbtest2 WHERE k BETWEEN 809523 AND 809623
	Index Only Scan using k_2 on sbtest2  (cost=0.43..6.69 rows=113 width=4)
	  Index Cond: ((k >= 809523) AND (k <= 809623))

table 3 : explain SELECT k FROM sbtest3 WHERE k BETWEEN 809523 AND 809623
	Index Only Scan using k_3 on sbtest3  (cost=0.43..10.51 rows=104 width=4)
	  Index Cond: ((k >= 809523) AND (k <= 809623))

table 4 : explain SELECT k FROM sbtest4 WHERE k BETWEEN 809523 AND 809623
	Index Only Scan using k_4 on sbtest4  (cost=0.43..6.35 rows=96 width=4)
	  Index Cond: ((k >= 809523) AND (k <= 809623))

table 5 : explain SELECT k FROM sbtest5 WHERE k BETWEEN 809523 AND 809623
	Index Only Scan using k_5 on sbtest5  (cost=0.43..6.58 rows=107 width=4)
	  Index Cond: ((k >= 809523) AND (k <= 809623))

table 6 : explain SELECT k FROM sbtest6 WHERE k BETWEEN 809523 AND 809623
	Index Only Scan using k_6 on sbtest6  (cost=0.43..6.53 rows=105 width=4)
	  Index Cond: ((k >= 809523) AND (k <= 809623))

table 7 : explain SELECT k FROM sbtest7 WHERE k BETWEEN 809523 AND 809623
	Index Only Scan using k_7 on sbtest7  (cost=0.43..6.37 rows=97 width=4)
	  Index Cond: ((k >= 809523) AND (k <= 809623))

table 8 : explain SELECT k FROM sbtest8 WHERE k BETWEEN 809523 AND 809623
	Index Only Scan using k_8 on sbtest8  (cost=0.43..6.45 rows=101 width=4)
	  Index Cond: ((k >= 809523) AND (k <= 809623))

explain: for range-covered :: explain SELECT k FROM sbtest%d WHERE k BETWEEN 809523 AND 809623
for range-covered
table 1 : explain SELECT k FROM sbtest1 WHERE k BETWEEN 809523 AND 809623
	Index Only Scan using k_1 on sbtest1  (cost=0.43..6.37 rows=97 width=4)
	  Index Cond: ((k >= 809523) AND (k <= 809623))

table 2 : explain SELECT k FROM sbtest2 WHERE k BETWEEN 809523 AND 809623
	Index Only Scan using k_2 on sbtest2  (cost=0.43..6.69 rows=113 width=4)
	  Index Cond: ((k >= 809523) AND (k <= 809623))

table 3 : explain SELECT k FROM sbtest3 WHERE k BETWEEN 809523 AND 809623
	Index Only Scan using k_3 on sbtest3  (cost=0.43..10.51 rows=104 width=4)
	  Index Cond: ((k >= 809523) AND (k <= 809623))

table 4 : explain SELECT k FROM sbtest4 WHERE k BETWEEN 809523 AND 809623
	Index Only Scan using k_4 on sbtest4  (cost=0.43..6.35 rows=96 width=4)
	  Index Cond: ((k >= 809523) AND (k <= 809623))

table 5 : explain SELECT k FROM sbtest5 WHERE k BETWEEN 809523 AND 809623
	Index Only Scan using k_5 on sbtest5  (cost=0.43..6.58 rows=107 width=4)
	  Index Cond: ((k >= 809523) AND (k <= 809623))

table 6 : explain SELECT k FROM sbtest6 WHERE k BETWEEN 809523 AND 809623
	Index Only Scan using k_6 on sbtest6  (cost=0.43..6.53 rows=105 width=4)
	  Index Cond: ((k >= 809523) AND (k <= 809623))

table 7 : explain SELECT k FROM sbtest7 WHERE k BETWEEN 809523 AND 809623
	Index Only Scan using k_7 on sbtest7  (cost=0.43..6.37 rows=97 width=4)
	  Index Cond: ((k >= 809523) AND (k <= 809623))

table 8 : explain SELECT k FROM sbtest8 WHERE k BETWEEN 809523 AND 809623
	Index Only Scan using k_8 on sbtest8  (cost=0.43..6.45 rows=101 width=4)
	  Index Cond: ((k >= 809523) AND (k <= 809623))

explain: for range-covered :: explain SELECT k FROM sbtest%d WHERE k BETWEEN 809523 AND 809623
explain: for range-covered :: explain SELECT k FROM sbtest%d WHERE k BETWEEN 6602857 AND 6602957
for range-covered
table 1 : explain SELECT k FROM sbtest1 WHERE k BETWEEN 9162406 AND 9162506
	Index Only Scan using k_1 on sbtest1  (cost=0.43..6.37 rows=97 width=4)
	  Index Cond: ((k >= 9162406) AND (k <= 9162506))

table 2 : explain SELECT k FROM sbtest2 WHERE k BETWEEN 9162406 AND 9162506
	Index Only Scan using k_2 on sbtest2  (cost=0.43..6.37 rows=97 width=4)
	  Index Cond: ((k >= 9162406) AND (k <= 9162506))

table 3 : explain SELECT k FROM sbtest3 WHERE k BETWEEN 9162406 AND 9162506
	Index Only Scan using k_3 on sbtest3  (cost=0.43..10.40 rows=98 width=4)
	  Index Cond: ((k >= 9162406) AND (k <= 9162506))

table 4 : explain SELECT k FROM sbtest4 WHERE k BETWEEN 9162406 AND 9162506
	Index Only Scan using k_4 on sbtest4  (cost=0.43..6.40 rows=98 width=4)
	  Index Cond: ((k >= 9162406) AND (k <= 9162506))

table 5 : explain SELECT k FROM sbtest5 WHERE k BETWEEN 9162406 AND 9162506
	Index Only Scan using k_5 on sbtest5  (cost=0.43..6.42 rows=99 width=4)
	  Index Cond: ((k >= 9162406) AND (k <= 9162506))

table 6 : explain SELECT k FROM sbtest6 WHERE k BETWEEN 9162406 AND 9162506
	Index Only Scan using k_6 on sbtest6  (cost=0.43..6.32 rows=94 width=4)
	  Index Cond: ((k >= 9162406) AND (k <= 9162506))

table 7 : explain SELECT k FROM sbtest7 WHERE k BETWEEN 9162406 AND 9162506
	Index Only Scan using k_7 on sbtest7  (cost=0.43..6.50 rows=103 width=4)
	  Index Cond: ((k >= 9162406) AND (k <= 9162506))

table 8 : explain SELECT k FROM sbtest8 WHERE k BETWEEN 9162406 AND 9162506
	Index Only Scan using k_8 on sbtest8  (cost=0.43..6.17 rows=87 width=4)
	  Index Cond: ((k >= 9162406) AND (k <= 9162506))

for range-covered
table 1 : explain SELECT k FROM sbtest1 WHERE k BETWEEN 7738565 AND 7738665
	Index Only Scan using k_1 on sbtest1  (cost=0.43..6.37 rows=97 width=4)
	  Index Cond: ((k >= 7738565) AND (k <= 7738665))

table 2 : explain SELECT k FROM sbtest2 WHERE k BETWEEN 7738565 AND 7738665
	Index Only Scan using k_2 on sbtest2  (cost=0.43..6.59 rows=108 width=4)
	  Index Cond: ((k >= 7738565) AND (k <= 7738665))

table 3 : explain SELECT k FROM sbtest3 WHERE k BETWEEN 7738565 AND 7738665
	Index Only Scan using k_3 on sbtest3  (cost=0.43..10.38 rows=97 width=4)
	  Index Cond: ((k >= 7738565) AND (k <= 7738665))

table 4 : explain SELECT k FROM sbtest4 WHERE k BETWEEN 7738565 AND 7738665
	Index Only Scan using k_4 on sbtest4  (cost=0.43..6.50 rows=103 width=4)
	  Index Cond: ((k >= 7738565) AND (k <= 7738665))

table 5 : explain SELECT k FROM sbtest5 WHERE k BETWEEN 7738565 AND 7738665
	Index Only Scan using k_5 on sbtest5  (cost=0.43..6.51 rows=104 width=4)
	  Index Cond: ((k >= 7738565) AND (k <= 7738665))

table 6 : explain SELECT k FROM sbtest6 WHERE k BETWEEN 7738565 AND 7738665
	Index Only Scan using k_6 on sbtest6  (cost=0.43..6.42 rows=99 width=4)
	  Index Cond: ((k >= 7738565) AND (k <= 7738665))

table 7 : explain SELECT k FROM sbtest7 WHERE k BETWEEN 7738565 AND 7738665
	Index Only Scan using k_7 on sbtest7  (cost=0.43..6.63 rows=110 width=4)
	  Index Cond: ((k >= 7738565) AND (k <= 7738665))

table 8 : explain SELECT k FROM sbtest8 WHERE k BETWEEN 7738565 AND 7738665
	Index Only Scan using k_8 on sbtest8  (cost=0.43..6.29 rows=93 width=4)
	  Index Cond: ((k >= 7738565) AND (k <= 7738665))

explain: for range-covered :: explain SELECT k FROM sbtest%d WHERE k BETWEEN 7738565 AND 7738665
explain: for range-covered :: explain SELECT k FROM sbtest%d WHERE k BETWEEN 2796017 AND 2796117
for range-covered
table 1 : explain SELECT k FROM sbtest1 WHERE k BETWEEN 7738565 AND 7738665
	Index Only Scan using k_1 on sbtest1  (cost=0.43..6.37 rows=97 width=4)
	  Index Cond: ((k >= 7738565) AND (k <= 7738665))

table 2 : explain SELECT k FROM sbtest2 WHERE k BETWEEN 7738565 AND 7738665
	Index Only Scan using k_2 on sbtest2  (cost=0.43..6.59 rows=108 width=4)
	  Index Cond: ((k >= 7738565) AND (k <= 7738665))

table 3 : explain SELECT k FROM sbtest3 WHERE k BETWEEN 7738565 AND 7738665
	Index Only Scan using k_3 on sbtest3  (cost=0.43..10.38 rows=97 width=4)
	  Index Cond: ((k >= 7738565) AND (k <= 7738665))

table 4 : explain SELECT k FROM sbtest4 WHERE k BETWEEN 7738565 AND 7738665
	Index Only Scan using k_4 on sbtest4  (cost=0.43..6.50 rows=103 width=4)
	  Index Cond: ((k >= 7738565) AND (k <= 7738665))

table 5 : explain SELECT k FROM sbtest5 WHERE k BETWEEN 7738565 AND 7738665
	Index Only Scan using k_5 on sbtest5  (cost=0.43..6.51 rows=104 width=4)
	  Index Cond: ((k >= 7738565) AND (k <= 7738665))

table 6 : explain SELECT k FROM sbtest6 WHERE k BETWEEN 7738565 AND 7738665
	Index Only Scan using k_6 on sbtest6  (cost=0.43..6.42 rows=99 width=4)
	  Index Cond: ((k >= 7738565) AND (k <= 7738665))

table 7 : explain SELECT k FROM sbtest7 WHERE k BETWEEN 7738565 AND 7738665
	Index Only Scan using k_7 on sbtest7  (cost=0.43..6.63 rows=110 width=4)
	  Index Cond: ((k >= 7738565) AND (k <= 7738665))

table 8 : explain SELECT k FROM sbtest8 WHERE k BETWEEN 7738565 AND 7738665
	Index Only Scan using k_8 on sbtest8  (cost=0.43..6.29 rows=93 width=4)
	  Index Cond: ((k >= 7738565) AND (k <= 7738665))

explain: for range-covered :: explain SELECT k FROM sbtest%d WHERE k BETWEEN 7738565 AND 7738665
for range-covered
table 1 : explain SELECT k FROM sbtest1 WHERE k BETWEEN 809523 AND 809623
	Index Only Scan using k_1 on sbtest1  (cost=0.43..6.37 rows=97 width=4)
	  Index Cond: ((k >= 809523) AND (k <= 809623))

table 2 : explain SELECT k FROM sbtest2 WHERE k BETWEEN 809523 AND 809623
	Index Only Scan using k_2 on sbtest2  (cost=0.43..6.69 rows=113 width=4)
	  Index Cond: ((k >= 809523) AND (k <= 809623))

table 3 : explain SELECT k FROM sbtest3 WHERE k BETWEEN 809523 AND 809623
	Index Only Scan using k_3 on sbtest3  (cost=0.43..10.51 rows=104 width=4)
	  Index Cond: ((k >= 809523) AND (k <= 809623))

table 4 : explain SELECT k FROM sbtest4 WHERE k BETWEEN 809523 AND 809623
	Index Only Scan using k_4 on sbtest4  (cost=0.43..6.35 rows=96 width=4)
	  Index Cond: ((k >= 809523) AND (k <= 809623))

table 5 : explain SELECT k FROM sbtest5 WHERE k BETWEEN 809523 AND 809623
	Index Only Scan using k_5 on sbtest5  (cost=0.43..6.58 rows=107 width=4)
	  Index Cond: ((k >= 809523) AND (k <= 809623))

table 6 : explain SELECT k FROM sbtest6 WHERE k BETWEEN 809523 AND 809623
	Index Only Scan using k_6 on sbtest6  (cost=0.43..6.53 rows=105 width=4)
	  Index Cond: ((k >= 809523) AND (k <= 809623))

table 7 : explain SELECT k FROM sbtest7 WHERE k BETWEEN 809523 AND 809623
	Index Only Scan using k_7 on sbtest7  (cost=0.43..6.37 rows=97 width=4)
	  Index Cond: ((k >= 809523) AND (k <= 809623))

table 8 : explain SELECT k FROM sbtest8 WHERE k BETWEEN 809523 AND 809623
	Index Only Scan using k_8 on sbtest8  (cost=0.43..6.45 rows=101 width=4)
	  Index Cond: ((k >= 809523) AND (k <= 809623))

for range-covered
table 1 : explain SELECT k FROM sbtest1 WHERE k BETWEEN 7731426 AND 7731526
	Index Only Scan using k_1 on sbtest1  (cost=0.43..6.37 rows=97 width=4)
	  Index Cond: ((k >= 7731426) AND (k <= 7731526))

table 2 : explain SELECT k FROM sbtest2 WHERE k BETWEEN 7731426 AND 7731526
	Index Only Scan using k_2 on sbtest2  (cost=0.43..6.59 rows=108 width=4)
	  Index Cond: ((k >= 7731426) AND (k <= 7731526))

table 3 : explain SELECT k FROM sbtest3 WHERE k BETWEEN 7731426 AND 7731526
	Index Only Scan using k_3 on sbtest3  (cost=0.43..10.38 rows=97 width=4)
	  Index Cond: ((k >= 7731426) AND (k <= 7731526))

table 4 : explain SELECT k FROM sbtest4 WHERE k BETWEEN 7731426 AND 7731526
	Index Only Scan using k_4 on sbtest4  (cost=0.43..6.50 rows=103 width=4)
	  Index Cond: ((k >= 7731426) AND (k <= 7731526))

table 5 : explain SELECT k FROM sbtest5 WHERE k BETWEEN 7731426 AND 7731526
	Index Only Scan using k_5 on sbtest5  (cost=0.43..6.51 rows=104 width=4)
	  Index Cond: ((k >= 7731426) AND (k <= 7731526))

table 6 : explain SELECT k FROM sbtest6 WHERE k BETWEEN 7731426 AND 7731526
	Index Only Scan using k_6 on sbtest6  (cost=0.43..6.42 rows=99 width=4)
	  Index Cond: ((k >= 7731426) AND (k <= 7731526))

table 7 : explain SELECT k FROM sbtest7 WHERE k BETWEEN 7731426 AND 7731526
	Index Only Scan using k_7 on sbtest7  (cost=0.43..6.63 rows=110 width=4)
	  Index Cond: ((k >= 7731426) AND (k <= 7731526))

table 8 : explain SELECT k FROM sbtest8 WHERE k BETWEEN 7731426 AND 7731526
	Index Only Scan using k_8 on sbtest8  (cost=0.43..6.29 rows=93 width=4)
	  Index Cond: ((k >= 7731426) AND (k <= 7731526))

for range-covered
table 1 : explain SELECT k FROM sbtest1 WHERE k BETWEEN 2150489 AND 2150589
	Index Only Scan using k_1 on sbtest1  (cost=0.43..6.24 rows=90 width=4)
	  Index Cond: ((k >= 2150489) AND (k <= 2150589))

table 2 : explain SELECT k FROM sbtest2 WHERE k BETWEEN 2150489 AND 2150589
	Index Only Scan using k_2 on sbtest2  (cost=0.43..6.40 rows=98 width=4)
	  Index Cond: ((k >= 2150489) AND (k <= 2150589))

table 3 : explain SELECT k FROM sbtest3 WHERE k BETWEEN 2150489 AND 2150589
	Index Only Scan using k_3 on sbtest3  (cost=0.43..10.68 rows=112 width=4)
	  Index Cond: ((k >= 2150489) AND (k <= 2150589))

table 4 : explain SELECT k FROM sbtest4 WHERE k BETWEEN 2150489 AND 2150589
	Index Only Scan using k_4 on sbtest4  (cost=0.43..6.33 rows=95 width=4)
	  Index Cond: ((k >= 2150489) AND (k <= 2150589))

table 5 : explain SELECT k FROM sbtest5 WHERE k BETWEEN 2150489 AND 2150589
	Index Only Scan using k_5 on sbtest5  (cost=0.43..6.53 rows=105 width=4)
	  Index Cond: ((k >= 2150489) AND (k <= 2150589))

table 6 : explain SELECT k FROM sbtest6 WHERE k BETWEEN 2150489 AND 2150589
	Index Only Scan using k_6 on sbtest6  (cost=0.43..6.47 rows=102 width=4)
	  Index Cond: ((k >= 2150489) AND (k <= 2150589))

table 7 : explain SELECT k FROM sbtest7 WHERE k BETWEEN 2150489 AND 2150589
	Index Only Scan using k_7 on sbtest7  (cost=0.43..6.58 rows=107 width=4)
	  Index Cond: ((k >= 2150489) AND (k <= 2150589))

table 8 : explain SELECT k FROM sbtest8 WHERE k BETWEEN 2150489 AND 2150589
	Index Only Scan using k_8 on sbtest8  (cost=0.43..6.74 rows=115 width=4)
	  Index Cond: ((k >= 2150489) AND (k <= 2150589))

explain: for range-covered :: explain SELECT k FROM sbtest%d WHERE k BETWEEN 7731426 AND 7731526
explain: for range-covered :: explain SELECT k FROM sbtest%d WHERE k BETWEEN 2150489 AND 2150589
for range-covered
table 1 : explain SELECT k FROM sbtest1 WHERE k BETWEEN 7738565 AND 7738665
	Index Only Scan using k_1 on sbtest1  (cost=0.43..6.37 rows=97 width=4)
	  Index Cond: ((k >= 7738565) AND (k <= 7738665))

table 2 : explain SELECT k FROM sbtest2 WHERE k BETWEEN 7738565 AND 7738665
	Index Only Scan using k_2 on sbtest2  (cost=0.43..6.59 rows=108 width=4)
	  Index Cond: ((k >= 7738565) AND (k <= 7738665))

table 3 : explain SELECT k FROM sbtest3 WHERE k BETWEEN 7738565 AND 7738665
	Index Only Scan using k_3 on sbtest3  (cost=0.43..10.38 rows=97 width=4)
	  Index Cond: ((k >= 7738565) AND (k <= 7738665))

table 4 : explain SELECT k FROM sbtest4 WHERE k BETWEEN 7738565 AND 7738665
	Index Only Scan using k_4 on sbtest4  (cost=0.43..6.50 rows=103 width=4)
	  Index Cond: ((k >= 7738565) AND (k <= 7738665))

table 5 : explain SELECT k FROM sbtest5 WHERE k BETWEEN 7738565 AND 7738665
	Index Only Scan using k_5 on sbtest5  (cost=0.43..6.51 rows=104 width=4)
	  Index Cond: ((k >= 7738565) AND (k <= 7738665))

table 6 : explain SELECT k FROM sbtest6 WHERE k BETWEEN 7738565 AND 7738665
	Index Only Scan using k_6 on sbtest6  (cost=0.43..6.42 rows=99 width=4)
	  Index Cond: ((k >= 7738565) AND (k <= 7738665))

table 7 : explain SELECT k FROM sbtest7 WHERE k BETWEEN 7738565 AND 7738665
	Index Only Scan using k_7 on sbtest7  (cost=0.43..6.63 rows=110 width=4)
	  Index Cond: ((k >= 7738565) AND (k <= 7738665))

table 8 : explain SELECT k FROM sbtest8 WHERE k BETWEEN 7738565 AND 7738665
	Index Only Scan using k_8 on sbtest8  (cost=0.43..6.29 rows=93 width=4)
	  Index Cond: ((k >= 7738565) AND (k <= 7738665))

explain: for range-covered :: explain SELECT k FROM sbtest%d WHERE k BETWEEN 7738565 AND 7738665
for range-covered
table 1 : explain SELECT k FROM sbtest1 WHERE k BETWEEN 2150489 AND 2150589
	Index Only Scan using k_1 on sbtest1  (cost=0.43..6.24 rows=90 width=4)
	  Index Cond: ((k >= 2150489) AND (k <= 2150589))

table 2 : explain SELECT k FROM sbtest2 WHERE k BETWEEN 2150489 AND 2150589
	Index Only Scan using k_2 on sbtest2  (cost=0.43..6.40 rows=98 width=4)
	  Index Cond: ((k >= 2150489) AND (k <= 2150589))

table 3 : explain SELECT k FROM sbtest3 WHERE k BETWEEN 2150489 AND 2150589
	Index Only Scan using k_3 on sbtest3  (cost=0.43..10.68 rows=112 width=4)
	  Index Cond: ((k >= 2150489) AND (k <= 2150589))

table 4 : explain SELECT k FROM sbtest4 WHERE k BETWEEN 2150489 AND 2150589
	Index Only Scan using k_4 on sbtest4  (cost=0.43..6.33 rows=95 width=4)
	  Index Cond: ((k >= 2150489) AND (k <= 2150589))

table 5 : explain SELECT k FROM sbtest5 WHERE k BETWEEN 2150489 AND 2150589
	Index Only Scan using k_5 on sbtest5  (cost=0.43..6.53 rows=105 width=4)
	  Index Cond: ((k >= 2150489) AND (k <= 2150589))

table 6 : explain SELECT k FROM sbtest6 WHERE k BETWEEN 2150489 AND 2150589
	Index Only Scan using k_6 on sbtest6  (cost=0.43..6.47 rows=102 width=4)
	  Index Cond: ((k >= 2150489) AND (k <= 2150589))

table 7 : explain SELECT k FROM sbtest7 WHERE k BETWEEN 2150489 AND 2150589
	Index Only Scan using k_7 on sbtest7  (cost=0.43..6.58 rows=107 width=4)
	  Index Cond: ((k >= 2150489) AND (k <= 2150589))

table 8 : explain SELECT k FROM sbtest8 WHERE k BETWEEN 2150489 AND 2150589
	Index Only Scan using k_8 on sbtest8  (cost=0.43..6.74 rows=115 width=4)
	  Index Cond: ((k >= 2150489) AND (k <= 2150589))

for range-covered
table 1 : explain SELECT k FROM sbtest1 WHERE k BETWEEN 7738565 AND 7738665
	Index Only Scan using k_1 on sbtest1  (cost=0.43..6.37 rows=97 width=4)
	  Index Cond: ((k >= 7738565) AND (k <= 7738665))

table 2 : explain SELECT k FROM sbtest2 WHERE k BETWEEN 7738565 AND 7738665
	Index Only Scan using k_2 on sbtest2  (cost=0.43..6.59 rows=108 width=4)
	  Index Cond: ((k >= 7738565) AND (k <= 7738665))

table 3 : explain SELECT k FROM sbtest3 WHERE k BETWEEN 7738565 AND 7738665
	Index Only Scan using k_3 on sbtest3  (cost=0.43..10.38 rows=97 width=4)
	  Index Cond: ((k >= 7738565) AND (k <= 7738665))

table 4 : explain SELECT k FROM sbtest4 WHERE k BETWEEN 7738565 AND 7738665
	Index Only Scan using k_4 on sbtest4  (cost=0.43..6.50 rows=103 width=4)
	  Index Cond: ((k >= 7738565) AND (k <= 7738665))

table 5 : explain SELECT k FROM sbtest5 WHERE k BETWEEN 7738565 AND 7738665
	Index Only Scan using k_5 on sbtest5  (cost=0.43..6.51 rows=104 width=4)
	  Index Cond: ((k >= 7738565) AND (k <= 7738665))

table 6 : explain SELECT k FROM sbtest6 WHERE k BETWEEN 7738565 AND 7738665
	Index Only Scan using k_6 on sbtest6  (cost=0.43..6.42 rows=99 width=4)
	  Index Cond: ((k >= 7738565) AND (k <= 7738665))

table 7 : explain SELECT k FROM sbtest7 WHERE k BETWEEN 7738565 AND 7738665
	Index Only Scan using k_7 on sbtest7  (cost=0.43..6.63 rows=110 width=4)
	  Index Cond: ((k >= 7738565) AND (k <= 7738665))

table 8 : explain SELECT k FROM sbtest8 WHERE k BETWEEN 7738565 AND 7738665
	Index Only Scan using k_8 on sbtest8  (cost=0.43..6.29 rows=93 width=4)
	  Index Cond: ((k >= 7738565) AND (k <= 7738665))
explain: for range-covered :: explain SELECT k FROM sbtest%d WHERE k BETWEEN 2150489 AND 2150589
for range-covered
table 1 : explain SELECT k FROM sbtest1 WHERE k BETWEEN 7731426 AND 7731526
	Index Only Scan using k_1 on sbtest1  (cost=0.43..6.37 rows=97 width=4)
	  Index Cond: ((k >= 7731426) AND (k <= 7731526))

table 2 : explain SELECT k FROM sbtest2 WHERE k BETWEEN 7731426 AND 7731526
	Index Only Scan using k_2 on sbtest2  (cost=0.43..6.59 rows=108 width=4)
	  Index Cond: ((k >= 7731426) AND (k <= 7731526))

table 3 : explain SELECT k FROM sbtest3 WHERE k BETWEEN 7731426 AND 7731526
	Index Only Scan using k_3 on sbtest3  (cost=0.43..10.38 rows=97 width=4)
	  Index Cond: ((k >= 7731426) AND (k <= 7731526))

table 4 : explain SELECT k FROM sbtest4 WHERE k BETWEEN 7731426 AND 7731526
	Index Only Scan using k_4 on sbtest4  (cost=0.43..6.50 rows=103 width=4)
	  Index Cond: ((k >= 7731426) AND (k <= 7731526))

table 5 : explain SELECT k FROM sbtest5 WHERE k BETWEEN 7731426 AND 7731526
	Index Only Scan using k_5 on sbtest5  (cost=0.43..6.51 rows=104 width=4)
	  Index Cond: ((k >= 7731426) AND (k <= 7731526))

table 6 : explain SELECT k FROM sbtest6 WHERE k BETWEEN 7731426 AND 7731526
	Index Only Scan using k_6 on sbtest6  (cost=0.43..6.42 rows=99 width=4)
	  Index Cond: ((k >= 7731426) AND (k <= 7731526))

table 7 : explain SELECT k FROM sbtest7 WHERE k BETWEEN 7731426 AND 7731526
	Index Only Scan using k_7 on sbtest7  (cost=0.43..6.63 rows=110 width=4)
	  Index Cond: ((k >= 7731426) AND (k <= 7731526))

table 8 : explain SELECT k FROM sbtest8 WHERE k BETWEEN 7731426 AND 7731526
	Index Only Scan using k_8 on sbtest8  (cost=0.43..6.29 rows=93 width=4)
	  Index Cond: ((k >= 7731426) AND (k <= 7731526))


explain: for range-covered :: explain SELECT k FROM sbtest%d WHERE k BETWEEN 7731426 AND 7731526
explain: for range-covered :: explain SELECT k FROM sbtest%d WHERE k BETWEEN 7738565 AND 7738665
for range-covered
table 1 : explain SELECT k FROM sbtest1 WHERE k BETWEEN 2150489 AND 2150589
	Index Only Scan using k_1 on sbtest1  (cost=0.43..6.24 rows=90 width=4)
	  Index Cond: ((k >= 2150489) AND (k <= 2150589))

table 2 : explain SELECT k FROM sbtest2 WHERE k BETWEEN 2150489 AND 2150589
	Index Only Scan using k_2 on sbtest2  (cost=0.43..6.40 rows=98 width=4)
	  Index Cond: ((k >= 2150489) AND (k <= 2150589))

table 3 : explain SELECT k FROM sbtest3 WHERE k BETWEEN 2150489 AND 2150589
	Index Only Scan using k_3 on sbtest3  (cost=0.43..10.68 rows=112 width=4)
	  Index Cond: ((k >= 2150489) AND (k <= 2150589))

table 4 : explain SELECT k FROM sbtest4 WHERE k BETWEEN 2150489 AND 2150589
	Index Only Scan using k_4 on sbtest4  (cost=0.43..6.33 rows=95 width=4)
	  Index Cond: ((k >= 2150489) AND (k <= 2150589))

table 5 : explain SELECT k FROM sbtest5 WHERE k BETWEEN 2150489 AND 2150589
	Index Only Scan using k_5 on sbtest5  (cost=0.43..6.53 rows=105 width=4)
	  Index Cond: ((k >= 2150489) AND (k <= 2150589))

table 6 : explain SELECT k FROM sbtest6 WHERE k BETWEEN 2150489 AND 2150589
	Index Only Scan using k_6 on sbtest6  (cost=0.43..6.47 rows=102 width=4)
	  Index Cond: ((k >= 2150489) AND (k <= 2150589))

table 7 : explain SELECT k FROM sbtest7 WHERE k BETWEEN 2150489 AND 2150589
	Index Only Scan using k_7 on sbtest7  (cost=0.43..6.58 rows=107 width=4)
	  Index Cond: ((k >= 2150489) AND (k <= 2150589))

table 8 : explain SELECT k FROM sbtest8 WHERE k BETWEEN 2150489 AND 2150589
	Index Only Scan using k_8 on sbtest8  (cost=0.43..6.74 rows=115 width=4)
	  Index Cond: ((k >= 2150489) AND (k <= 2150589))

explain: for range-covered :: explain SELECT k FROM sbtest%d WHERE k BETWEEN 2150489 AND 2150589
for range-covered
table 1 : explain SELECT k FROM sbtest1 WHERE k BETWEEN 7731426 AND 7731526
	Index Only Scan using k_1 on sbtest1  (cost=0.43..6.37 rows=97 width=4)
	  Index Cond: ((k >= 7731426) AND (k <= 7731526))

table 2 : explain SELECT k FROM sbtest2 WHERE k BETWEEN 7731426 AND 7731526
	Index Only Scan using k_2 on sbtest2  (cost=0.43..6.59 rows=108 width=4)
	  Index Cond: ((k >= 7731426) AND (k <= 7731526))

table 3 : explain SELECT k FROM sbtest3 WHERE k BETWEEN 7731426 AND 7731526
	Index Only Scan using k_3 on sbtest3  (cost=0.43..10.38 rows=97 width=4)
	  Index Cond: ((k >= 7731426) AND (k <= 7731526))

table 4 : explain SELECT k FROM sbtest4 WHERE k BETWEEN 7731426 AND 7731526
	Index Only Scan using k_4 on sbtest4  (cost=0.43..6.50 rows=103 width=4)
	  Index Cond: ((k >= 7731426) AND (k <= 7731526))

table 5 : explain SELECT k FROM sbtest5 WHERE k BETWEEN 7731426 AND 7731526
	Index Only Scan using k_5 on sbtest5  (cost=0.43..6.51 rows=104 width=4)
	  Index Cond: ((k >= 7731426) AND (k <= 7731526))

table 6 : explain SELECT k FROM sbtest6 WHERE k BETWEEN 7731426 AND 7731526
	Index Only Scan using k_6 on sbtest6  (cost=0.43..6.42 rows=99 width=4)
	  Index Cond: ((k >= 7731426) AND (k <= 7731526))

table 7 : explain SELECT k FROM sbtest7 WHERE k BETWEEN 7731426 AND 7731526
	Index Only Scan using k_7 on sbtest7  (cost=0.43..6.63 rows=110 width=4)
	  Index Cond: ((k >= 7731426) AND (k <= 7731526))

table 8 : explain SELECT k FROM sbtest8 WHERE k BETWEEN 7731426 AND 7731526
	Index Only Scan using k_8 on sbtest8  (cost=0.43..6.29 rows=93 width=4)
	  Index Cond: ((k >= 7731426) AND (k <= 7731526))

explain: for range-covered :: explain SELECT k FROM sbtest%d WHERE k BETWEEN 7731426 AND 7731526
explain: for range-covered :: explain SELECT k FROM sbtest%d WHERE k BETWEEN 6214403 AND 6214503
for range-covered
table 1 : explain SELECT k FROM sbtest1 WHERE k BETWEEN 2150489 AND 2150589
	Index Only Scan using k_1 on sbtest1  (cost=0.43..6.24 rows=90 width=4)
	  Index Cond: ((k >= 2150489) AND (k <= 2150589))

table 2 : explain SELECT k FROM sbtest2 WHERE k BETWEEN 2150489 AND 2150589
	Index Only Scan using k_2 on sbtest2  (cost=0.43..6.40 rows=98 width=4)
	  Index Cond: ((k >= 2150489) AND (k <= 2150589))

table 3 : explain SELECT k FROM sbtest3 WHERE k BETWEEN 2150489 AND 2150589
	Index Only Scan using k_3 on sbtest3  (cost=0.43..10.68 rows=112 width=4)
	  Index Cond: ((k >= 2150489) AND (k <= 2150589))

table 4 : explain SELECT k FROM sbtest4 WHERE k BETWEEN 2150489 AND 2150589
	Index Only Scan using k_4 on sbtest4  (cost=0.43..6.33 rows=95 width=4)
	  Index Cond: ((k >= 2150489) AND (k <= 2150589))

table 5 : explain SELECT k FROM sbtest5 WHERE k BETWEEN 2150489 AND 2150589
	Index Only Scan using k_5 on sbtest5  (cost=0.43..6.53 rows=105 width=4)
	  Index Cond: ((k >= 2150489) AND (k <= 2150589))

table 6 : explain SELECT k FROM sbtest6 WHERE k BETWEEN 2150489 AND 2150589
	Index Only Scan using k_6 on sbtest6  (cost=0.43..6.47 rows=102 width=4)
	  Index Cond: ((k >= 2150489) AND (k <= 2150589))

table 7 : explain SELECT k FROM sbtest7 WHERE k BETWEEN 2150489 AND 2150589
	Index Only Scan using k_7 on sbtest7  (cost=0.43..6.58 rows=107 width=4)
	  Index Cond: ((k >= 2150489) AND (k <= 2150589))

table 8 : explain SELECT k FROM sbtest8 WHERE k BETWEEN 2150489 AND 2150589
	Index Only Scan using k_8 on sbtest8  (cost=0.43..6.74 rows=115 width=4)
	  Index Cond: ((k >= 2150489) AND (k <= 2150589))

explain: for range-covered :: explain SELECT k FROM sbtest%d WHERE k BETWEEN 2150489 AND 2150589
for range-covered
table 1 : explain SELECT k FROM sbtest1 WHERE k BETWEEN 7731426 AND 7731526
	Index Only Scan using k_1 on sbtest1  (cost=0.43..6.37 rows=97 width=4)
	  Index Cond: ((k >= 7731426) AND (k <= 7731526))

table 2 : explain SELECT k FROM sbtest2 WHERE k BETWEEN 7731426 AND 7731526
	Index Only Scan using k_2 on sbtest2  (cost=0.43..6.59 rows=108 width=4)
	  Index Cond: ((k >= 7731426) AND (k <= 7731526))

table 3 : explain SELECT k FROM sbtest3 WHERE k BETWEEN 7731426 AND 7731526
	Index Only Scan using k_3 on sbtest3  (cost=0.43..10.38 rows=97 width=4)
	  Index Cond: ((k >= 7731426) AND (k <= 7731526))

table 4 : explain SELECT k FROM sbtest4 WHERE k BETWEEN 7731426 AND 7731526
	Index Only Scan using k_4 on sbtest4  (cost=0.43..6.50 rows=103 width=4)
	  Index Cond: ((k >= 7731426) AND (k <= 7731526))

table 5 : explain SELECT k FROM sbtest5 WHERE k BETWEEN 7731426 AND 7731526
	Index Only Scan using k_5 on sbtest5  (cost=0.43..6.51 rows=104 width=4)
	  Index Cond: ((k >= 7731426) AND (k <= 7731526))

table 6 : explain SELECT k FROM sbtest6 WHERE k BETWEEN 7731426 AND 7731526
	Index Only Scan using k_6 on sbtest6  (cost=0.43..6.42 rows=99 width=4)
	  Index Cond: ((k >= 7731426) AND (k <= 7731526))

table 7 : explain SELECT k FROM sbtest7 WHERE k BETWEEN 7731426 AND 7731526
	Index Only Scan using k_7 on sbtest7  (cost=0.43..6.63 rows=110 width=4)
	  Index Cond: ((k >= 7731426) AND (k <= 7731526))

table 8 : explain SELECT k FROM sbtest8 WHERE k BETWEEN 7731426 AND 7731526
	Index Only Scan using k_8 on sbtest8  (cost=0.43..6.29 rows=93 width=4)
	  Index Cond: ((k >= 7731426) AND (k <= 7731526))

explain: for range-covered :: explain SELECT k FROM sbtest%d WHERE k BETWEEN 7731426 AND 7731526
explain: for range-covered :: explain SELECT k FROM sbtest%d WHERE k BETWEEN 3579152 AND 3579252
for range-covered
table 1 : explain SELECT k FROM sbtest1 WHERE k BETWEEN 6602857 AND 6602957
	Index Only Scan using k_1 on sbtest1  (cost=0.43..6.59 rows=108 width=4)
	  Index Cond: ((k >= 6602857) AND (k <= 6602957))

table 2 : explain SELECT k FROM sbtest2 WHERE k BETWEEN 6602857 AND 6602957
	Index Only Scan using k_2 on sbtest2  (cost=0.43..6.42 rows=99 width=4)
	  Index Cond: ((k >= 6602857) AND (k <= 6602957))

table 3 : explain SELECT k FROM sbtest3 WHERE k BETWEEN 6602857 AND 6602957
	Index Only Scan using k_3 on sbtest3  (cost=0.43..10.51 rows=104 width=4)
	  Index Cond: ((k >= 6602857) AND (k <= 6602957))

table 4 : explain SELECT k FROM sbtest4 WHERE k BETWEEN 6602857 AND 6602957
	Index Only Scan using k_4 on sbtest4  (cost=0.43..6.81 rows=119 width=4)
	  Index Cond: ((k >= 6602857) AND (k <= 6602957))

table 5 : explain SELECT k FROM sbtest5 WHERE k BETWEEN 6602857 AND 6602957
	Index Only Scan using k_5 on sbtest5  (cost=0.43..6.61 rows=109 width=4)
	  Index Cond: ((k >= 6602857) AND (k <= 6602957))

table 6 : explain SELECT k FROM sbtest6 WHERE k BETWEEN 6602857 AND 6602957
	Index Only Scan using k_6 on sbtest6  (cost=0.43..6.56 rows=106 width=4)
	  Index Cond: ((k >= 6602857) AND (k <= 6602957))

table 7 : explain SELECT k FROM sbtest7 WHERE k BETWEEN 6602857 AND 6602957
	Index Only Scan using k_7 on sbtest7  (cost=0.43..6.32 rows=94 width=4)
	  Index Cond: ((k >= 6602857) AND (k <= 6602957))

table 8 : explain SELECT k FROM sbtest8 WHERE k BETWEEN 6602857 AND 6602957
	Index Only Scan using k_8 on sbtest8  (cost=0.43..6.51 rows=104 width=4)
	  Index Cond: ((k >= 6602857) AND (k <= 6602957))

explain: for range-covered :: explain SELECT k FROM sbtest%d WHERE k BETWEEN 6602857 AND 6602957
for range-covered
table 1 : explain SELECT k FROM sbtest1 WHERE k BETWEEN 7731426 AND 7731526
	Index Only Scan using k_1 on sbtest1  (cost=0.43..6.37 rows=97 width=4)
	  Index Cond: ((k >= 7731426) AND (k <= 7731526))

table 2 : explain SELECT k FROM sbtest2 WHERE k BETWEEN 7731426 AND 7731526
	Index Only Scan using k_2 on sbtest2  (cost=0.43..6.59 rows=108 width=4)
	  Index Cond: ((k >= 7731426) AND (k <= 7731526))

table 3 : explain SELECT k FROM sbtest3 WHERE k BETWEEN 7731426 AND 7731526
	Index Only Scan using k_3 on sbtest3  (cost=0.43..10.38 rows=97 width=4)
	  Index Cond: ((k >= 7731426) AND (k <= 7731526))

table 4 : explain SELECT k FROM sbtest4 WHERE k BETWEEN 7731426 AND 7731526
	Index Only Scan using k_4 on sbtest4  (cost=0.43..6.50 rows=103 width=4)
	  Index Cond: ((k >= 7731426) AND (k <= 7731526))

table 5 : explain SELECT k FROM sbtest5 WHERE k BETWEEN 7731426 AND 7731526
	Index Only Scan using k_5 on sbtest5  (cost=0.43..6.51 rows=104 width=4)
	  Index Cond: ((k >= 7731426) AND (k <= 7731526))

table 6 : explain SELECT k FROM sbtest6 WHERE k BETWEEN 7731426 AND 7731526
	Index Only Scan using k_6 on sbtest6  (cost=0.43..6.42 rows=99 width=4)
	  Index Cond: ((k >= 7731426) AND (k <= 7731526))

table 7 : explain SELECT k FROM sbtest7 WHERE k BETWEEN 7731426 AND 7731526
	Index Only Scan using k_7 on sbtest7  (cost=0.43..6.63 rows=110 width=4)
	  Index Cond: ((k >= 7731426) AND (k <= 7731526))

table 8 : explain SELECT k FROM sbtest8 WHERE k BETWEEN 7731426 AND 7731526
	Index Only Scan using k_8 on sbtest8  (cost=0.43..6.29 rows=93 width=4)
	  Index Cond: ((k >= 7731426) AND (k <= 7731526))

explain: for range-covered :: explain SELECT k FROM sbtest%d WHERE k BETWEEN 7731426 AND 7731526
for range-covered
table 1 : explain SELECT k FROM sbtest1 WHERE k BETWEEN 7738565 AND 7738665
	Index Only Scan using k_1 on sbtest1  (cost=0.43..6.37 rows=97 width=4)
	  Index Cond: ((k >= 7738565) AND (k <= 7738665))

table 2 : explain SELECT k FROM sbtest2 WHERE k BETWEEN 7738565 AND 7738665
	Index Only Scan using k_2 on sbtest2  (cost=0.43..6.59 rows=108 width=4)
	  Index Cond: ((k >= 7738565) AND (k <= 7738665))

table 3 : explain SELECT k FROM sbtest3 WHERE k BETWEEN 7738565 AND 7738665
	Index Only Scan using k_3 on sbtest3  (cost=0.43..10.38 rows=97 width=4)
	  Index Cond: ((k >= 7738565) AND (k <= 7738665))

table 4 : explain SELECT k FROM sbtest4 WHERE k BETWEEN 7738565 AND 7738665
	Index Only Scan using k_4 on sbtest4  (cost=0.43..6.50 rows=103 width=4)
	  Index Cond: ((k >= 7738565) AND (k <= 7738665))

table 5 : explain SELECT k FROM sbtest5 WHERE k BETWEEN 7738565 AND 7738665
	Index Only Scan using k_5 on sbtest5  (cost=0.43..6.51 rows=104 width=4)
	  Index Cond: ((k >= 7738565) AND (k <= 7738665))

table 6 : explain SELECT k FROM sbtest6 WHERE k BETWEEN 7738565 AND 7738665
	Index Only Scan using k_6 on sbtest6  (cost=0.43..6.42 rows=99 width=4)
	  Index Cond: ((k >= 7738565) AND (k <= 7738665))

table 7 : explain SELECT k FROM sbtest7 WHERE k BETWEEN 7738565 AND 7738665
	Index Only Scan using k_7 on sbtest7  (cost=0.43..6.63 rows=110 width=4)
	  Index Cond: ((k >= 7738565) AND (k <= 7738665))

table 8 : explain SELECT k FROM sbtest8 WHERE k BETWEEN 7738565 AND 7738665
	Index Only Scan using k_8 on sbtest8  (cost=0.43..6.29 rows=93 width=4)
	  Index Cond: ((k >= 7738565) AND (k <= 7738665))

explain: for range-covered :: explain SELECT k FROM sbtest%d WHERE k BETWEEN 7738565 AND 7738665
for range-covered
table 1 : explain SELECT k FROM sbtest1 WHERE k BETWEEN 7731426 AND 7731526
	Index Only Scan using k_1 on sbtest1  (cost=0.43..6.37 rows=97 width=4)
	  Index Cond: ((k >= 7731426) AND (k <= 7731526))

table 2 : explain SELECT k FROM sbtest2 WHERE k BETWEEN 7731426 AND 7731526
	Index Only Scan using k_2 on sbtest2  (cost=0.43..6.59 rows=108 width=4)
	  Index Cond: ((k >= 7731426) AND (k <= 7731526))

table 3 : explain SELECT k FROM sbtest3 WHERE k BETWEEN 7731426 AND 7731526
	Index Only Scan using k_3 on sbtest3  (cost=0.43..10.38 rows=97 width=4)
	  Index Cond: ((k >= 7731426) AND (k <= 7731526))

table 4 : explain SELECT k FROM sbtest4 WHERE k BETWEEN 7731426 AND 7731526
	Index Only Scan using k_4 on sbtest4  (cost=0.43..6.50 rows=103 width=4)
	  Index Cond: ((k >= 7731426) AND (k <= 7731526))

table 5 : explain SELECT k FROM sbtest5 WHERE k BETWEEN 7731426 AND 7731526
	Index Only Scan using k_5 on sbtest5  (cost=0.43..6.51 rows=104 width=4)
	  Index Cond: ((k >= 7731426) AND (k <= 7731526))

table 6 : explain SELECT k FROM sbtest6 WHERE k BETWEEN 7731426 AND 7731526
	Index Only Scan using k_6 on sbtest6  (cost=0.43..6.42 rows=99 width=4)
	  Index Cond: ((k >= 7731426) AND (k <= 7731526))

table 7 : explain SELECT k FROM sbtest7 WHERE k BETWEEN 7731426 AND 7731526
	Index Only Scan using k_7 on sbtest7  (cost=0.43..6.63 rows=110 width=4)
	  Index Cond: ((k >= 7731426) AND (k <= 7731526))

table 8 : explain SELECT k FROM sbtest8 WHERE k BETWEEN 7731426 AND 7731526
	Index Only Scan using k_8 on sbtest8  (cost=0.43..6.29 rows=93 width=4)
	  Index Cond: ((k >= 7731426) AND (k <= 7731526))

explain: for range-covered :: explain SELECT k FROM sbtest%d WHERE k BETWEEN 7731426 AND 7731526
for range-covered
table 1 : explain SELECT k FROM sbtest1 WHERE k BETWEEN 6602857 AND 6602957
	Index Only Scan using k_1 on sbtest1  (cost=0.43..6.59 rows=108 width=4)
	  Index Cond: ((k >= 6602857) AND (k <= 6602957))

table 2 : explain SELECT k FROM sbtest2 WHERE k BETWEEN 6602857 AND 6602957
	Index Only Scan using k_2 on sbtest2  (cost=0.43..6.42 rows=99 width=4)
	  Index Cond: ((k >= 6602857) AND (k <= 6602957))

table 3 : explain SELECT k FROM sbtest3 WHERE k BETWEEN 6602857 AND 6602957
	Index Only Scan using k_3 on sbtest3  (cost=0.43..10.51 rows=104 width=4)
	  Index Cond: ((k >= 6602857) AND (k <= 6602957))

table 4 : explain SELECT k FROM sbtest4 WHERE k BETWEEN 6602857 AND 6602957
	Index Only Scan using k_4 on sbtest4  (cost=0.43..6.81 rows=119 width=4)
	  Index Cond: ((k >= 6602857) AND (k <= 6602957))

table 5 : explain SELECT k FROM sbtest5 WHERE k BETWEEN 6602857 AND 6602957
	Index Only Scan using k_5 on sbtest5  (cost=0.43..6.61 rows=109 width=4)
	  Index Cond: ((k >= 6602857) AND (k <= 6602957))

table 6 : explain SELECT k FROM sbtest6 WHERE k BETWEEN 6602857 AND 6602957
	Index Only Scan using k_6 on sbtest6  (cost=0.43..6.56 rows=106 width=4)
	  Index Cond: ((k >= 6602857) AND (k <= 6602957))

table 7 : explain SELECT k FROM sbtest7 WHERE k BETWEEN 6602857 AND 6602957
	Index Only Scan using k_7 on sbtest7  (cost=0.43..6.32 rows=94 width=4)
	  Index Cond: ((k >= 6602857) AND (k <= 6602957))

table 8 : explain SELECT k FROM sbtest8 WHERE k BETWEEN 6602857 AND 6602957
	Index Only Scan using k_8 on sbtest8  (cost=0.43..6.51 rows=104 width=4)
	  Index Cond: ((k >= 6602857) AND (k <= 6602957))

for range-covered
table 1 : explain SELECT k FROM sbtest1 WHERE k BETWEEN 2150489 AND 2150589
	Index Only Scan using k_1 on sbtest1  (cost=0.43..6.24 rows=90 width=4)
	  Index Cond: ((k >= 2150489) AND (k <= 2150589))

table 2 : explain SELECT k FROM sbtest2 WHERE k BETWEEN 2150489 AND 2150589
	Index Only Scan using k_2 on sbtest2  (cost=0.43..6.40 rows=98 width=4)
	  Index Cond: ((k >= 2150489) AND (k <= 2150589))

table 3 : explain SELECT k FROM sbtest3 WHERE k BETWEEN 2150489 AND 2150589
	Index Only Scan using k_3 on sbtest3  (cost=0.43..10.68 rows=112 width=4)
	  Index Cond: ((k >= 2150489) AND (k <= 2150589))

table 4 : explain SELECT k FROM sbtest4 WHERE k BETWEEN 2150489 AND 2150589
	Index Only Scan using k_4 on sbtest4  (cost=0.43..6.33 rows=95 width=4)
	  Index Cond: ((k >= 2150489) AND (k <= 2150589))

table 5 : explain SELECT k FROM sbtest5 WHERE k BETWEEN 2150489 AND 2150589
	Index Only Scan using k_5 on sbtest5  (cost=0.43..6.53 rows=105 width=4)
	  Index Cond: ((k >= 2150489) AND (k <= 2150589))

table 6 : explain SELECT k FROM sbtest6 WHERE k BETWEEN 2150489 AND 2150589
	Index Only Scan using k_6 on sbtest6  (cost=0.43..6.47 rows=102 width=4)
	  Index Cond: ((k >= 2150489) AND (k <= 2150589))

table 7 : explain SELECT k FROM sbtest7 WHERE k BETWEEN 2150489 AND 2150589
	Index Only Scan using k_7 on sbtest7  (cost=0.43..6.58 rows=107 width=4)
	  Index Cond: ((k >= 2150489) AND (k <= 2150589))

table 8 : explain SELECT k FROM sbtest8 WHERE k BETWEEN 2150489 AND 2150589
	Index Only Scan using k_8 on sbtest8  (cost=0.43..6.74 rows=115 width=4)
	  Index Cond: ((k >= 2150489) AND (k <= 2150589))

explain: for range-covered :: explain SELECT k FROM sbtest%d WHERE k BETWEEN 6602857 AND 6602957
explain: for range-covered :: explain SELECT k FROM sbtest%d WHERE k BETWEEN 2150489 AND 2150589
for range-covered
table 1 : explain SELECT k FROM sbtest1 WHERE k BETWEEN 7731426 AND 7731526
	Index Only Scan using k_1 on sbtest1  (cost=0.43..6.37 rows=97 width=4)
	  Index Cond: ((k >= 7731426) AND (k <= 7731526))

table 2 : explain SELECT k FROM sbtest2 WHERE k BETWEEN 7731426 AND 7731526
	Index Only Scan using k_2 on sbtest2  (cost=0.43..6.59 rows=108 width=4)
	  Index Cond: ((k >= 7731426) AND (k <= 7731526))

table 3 : explain SELECT k FROM sbtest3 WHERE k BETWEEN 7731426 AND 7731526
	Index Only Scan using k_3 on sbtest3  (cost=0.43..10.38 rows=97 width=4)
	  Index Cond: ((k >= 7731426) AND (k <= 7731526))

table 4 : explain SELECT k FROM sbtest4 WHERE k BETWEEN 7731426 AND 7731526
	Index Only Scan using k_4 on sbtest4  (cost=0.43..6.50 rows=103 width=4)
	  Index Cond: ((k >= 7731426) AND (k <= 7731526))

table 5 : explain SELECT k FROM sbtest5 WHERE k BETWEEN 7731426 AND 7731526
	Index Only Scan using k_5 on sbtest5  (cost=0.43..6.51 rows=104 width=4)
	  Index Cond: ((k >= 7731426) AND (k <= 7731526))

table 6 : explain SELECT k FROM sbtest6 WHERE k BETWEEN 7731426 AND 7731526
	Index Only Scan using k_6 on sbtest6  (cost=0.43..6.42 rows=99 width=4)
	  Index Cond: ((k >= 7731426) AND (k <= 7731526))

table 7 : explain SELECT k FROM sbtest7 WHERE k BETWEEN 7731426 AND 7731526
	Index Only Scan using k_7 on sbtest7  (cost=0.43..6.63 rows=110 width=4)
	  Index Cond: ((k >= 7731426) AND (k <= 7731526))

table 8 : explain SELECT k FROM sbtest8 WHERE k BETWEEN 7731426 AND 7731526
	Index Only Scan using k_8 on sbtest8  (cost=0.43..6.29 rows=93 width=4)
	  Index Cond: ((k >= 7731426) AND (k <= 7731526))

for range-covered
table 1 : explain SELECT k FROM sbtest1 WHERE k BETWEEN 7738565 AND 7738665
	Index Only Scan using k_1 on sbtest1  (cost=0.43..6.37 rows=97 width=4)
	  Index Cond: ((k >= 7738565) AND (k <= 7738665))

table 2 : explain SELECT k FROM sbtest2 WHERE k BETWEEN 7738565 AND 7738665
	Index Only Scan using k_2 on sbtest2  (cost=0.43..6.59 rows=108 width=4)
	  Index Cond: ((k >= 7738565) AND (k <= 7738665))

table 3 : explain SELECT k FROM sbtest3 WHERE k BETWEEN 7738565 AND 7738665
	Index Only Scan using k_3 on sbtest3  (cost=0.43..10.38 rows=97 width=4)
	  Index Cond: ((k >= 7738565) AND (k <= 7738665))

table 4 : explain SELECT k FROM sbtest4 WHERE k BETWEEN 7738565 AND 7738665
	Index Only Scan using k_4 on sbtest4  (cost=0.43..6.50 rows=103 width=4)
	  Index Cond: ((k >= 7738565) AND (k <= 7738665))

table 5 : explain SELECT k FROM sbtest5 WHERE k BETWEEN 7738565 AND 7738665
	Index Only Scan using k_5 on sbtest5  (cost=0.43..6.51 rows=104 width=4)
	  Index Cond: ((k >= 7738565) AND (k <= 7738665))

table 6 : explain SELECT k FROM sbtest6 WHERE k BETWEEN 7738565 AND 7738665
	Index Only Scan using k_6 on sbtest6  (cost=0.43..6.42 rows=99 width=4)
	  Index Cond: ((k >= 7738565) AND (k <= 7738665))

table 7 : explain SELECT k FROM sbtest7 WHERE k BETWEEN 7738565 AND 7738665
	Index Only Scan using k_7 on sbtest7  (cost=0.43..6.63 rows=110 width=4)
	  Index Cond: ((k >= 7738565) AND (k <= 7738665))

table 8 : explain SELECT k FROM sbtest8 WHERE k BETWEEN 7738565 AND 7738665
	Index Only Scan using k_8 on sbtest8  (cost=0.43..6.29 rows=93 width=4)
	  Index Cond: ((k >= 7738565) AND (k <= 7738665))

explain: for range-covered :: explain SELECT k FROM sbtest%d WHERE k BETWEEN 7731426 AND 7731526
explain: for range-covered :: explain SELECT k FROM sbtest%d WHERE k BETWEEN 7738565 AND 7738665
for range-covered
table 1 : explain SELECT k FROM sbtest1 WHERE k BETWEEN 6602857 AND 6602957
	Index Only Scan using k_1 on sbtest1  (cost=0.43..6.59 rows=108 width=4)
	  Index Cond: ((k >= 6602857) AND (k <= 6602957))

table 2 : explain SELECT k FROM sbtest2 WHERE k BETWEEN 6602857 AND 6602957
	Index Only Scan using k_2 on sbtest2  (cost=0.43..6.42 rows=99 width=4)
	  Index Cond: ((k >= 6602857) AND (k <= 6602957))

table 3 : explain SELECT k FROM sbtest3 WHERE k BETWEEN 6602857 AND 6602957
	Index Only Scan using k_3 on sbtest3  (cost=0.43..10.51 rows=104 width=4)
	  Index Cond: ((k >= 6602857) AND (k <= 6602957))

table 4 : explain SELECT k FROM sbtest4 WHERE k BETWEEN 6602857 AND 6602957
	Index Only Scan using k_4 on sbtest4  (cost=0.43..6.81 rows=119 width=4)
	  Index Cond: ((k >= 6602857) AND (k <= 6602957))

table 5 : explain SELECT k FROM sbtest5 WHERE k BETWEEN 6602857 AND 6602957
	Index Only Scan using k_5 on sbtest5  (cost=0.43..6.61 rows=109 width=4)
	  Index Cond: ((k >= 6602857) AND (k <= 6602957))

table 6 : explain SELECT k FROM sbtest6 WHERE k BETWEEN 6602857 AND 6602957
	Index Only Scan using k_6 on sbtest6  (cost=0.43..6.56 rows=106 width=4)
	  Index Cond: ((k >= 6602857) AND (k <= 6602957))

table 7 : explain SELECT k FROM sbtest7 WHERE k BETWEEN 6602857 AND 6602957
	Index Only Scan using k_7 on sbtest7  (cost=0.43..6.32 rows=94 width=4)
	  Index Cond: ((k >= 6602857) AND (k <= 6602957))

table 8 : explain SELECT k FROM sbtest8 WHERE k BETWEEN 6602857 AND 6602957
	Index Only Scan using k_8 on sbtest8  (cost=0.43..6.51 rows=104 width=4)
	  Index Cond: ((k >= 6602857) AND (k <= 6602957))

explain: for range-covered :: explain SELECT k FROM sbtest%d WHERE k BETWEEN 6602857 AND 6602957
for range-covered
table 1 : explain SELECT k FROM sbtest1 WHERE k BETWEEN 2150489 AND 2150589
	Index Only Scan using k_1 on sbtest1  (cost=0.43..6.24 rows=90 width=4)
	  Index Cond: ((k >= 2150489) AND (k <= 2150589))

table 2 : explain SELECT k FROM sbtest2 WHERE k BETWEEN 2150489 AND 2150589
	Index Only Scan using k_2 on sbtest2  (cost=0.43..6.40 rows=98 width=4)
	  Index Cond: ((k >= 2150489) AND (k <= 2150589))

table 3 : explain SELECT k FROM sbtest3 WHERE k BETWEEN 2150489 AND 2150589
	Index Only Scan using k_3 on sbtest3  (cost=0.43..10.68 rows=112 width=4)
	  Index Cond: ((k >= 2150489) AND (k <= 2150589))

table 4 : explain SELECT k FROM sbtest4 WHERE k BETWEEN 2150489 AND 2150589
	Index Only Scan using k_4 on sbtest4  (cost=0.43..6.33 rows=95 width=4)
	  Index Cond: ((k >= 2150489) AND (k <= 2150589))

table 5 : explain SELECT k FROM sbtest5 WHERE k BETWEEN 2150489 AND 2150589
	Index Only Scan using k_5 on sbtest5  (cost=0.43..6.53 rows=105 width=4)
	  Index Cond: ((k >= 2150489) AND (k <= 2150589))

table 6 : explain SELECT k FROM sbtest6 WHERE k BETWEEN 2150489 AND 2150589
	Index Only Scan using k_6 on sbtest6  (cost=0.43..6.47 rows=102 width=4)
	  Index Cond: ((k >= 2150489) AND (k <= 2150589))

table 7 : explain SELECT k FROM sbtest7 WHERE k BETWEEN 2150489 AND 2150589
	Index Only Scan using k_7 on sbtest7  (cost=0.43..6.58 rows=107 width=4)
	  Index Cond: ((k >= 2150489) AND (k <= 2150589))

table 8 : explain SELECT k FROM sbtest8 WHERE k BETWEEN 2150489 AND 2150589
	Index Only Scan using k_8 on sbtest8  (cost=0.43..6.74 rows=115 width=4)
	  Index Cond: ((k >= 2150489) AND (k <= 2150589))

explain: for range-covered :: explain SELECT k FROM sbtest%d WHERE k BETWEEN 2150489 AND 2150589
for range-covered
table 1 : explain SELECT k FROM sbtest1 WHERE k BETWEEN 7738565 AND 7738665
	Index Only Scan using k_1 on sbtest1  (cost=0.43..6.37 rows=97 width=4)
	  Index Cond: ((k >= 7738565) AND (k <= 7738665))

table 2 : explain SELECT k FROM sbtest2 WHERE k BETWEEN 7738565 AND 7738665
	Index Only Scan using k_2 on sbtest2  (cost=0.43..6.59 rows=108 width=4)
	  Index Cond: ((k >= 7738565) AND (k <= 7738665))

table 3 : explain SELECT k FROM sbtest3 WHERE k BETWEEN 7738565 AND 7738665
	Index Only Scan using k_3 on sbtest3  (cost=0.43..10.38 rows=97 width=4)
	  Index Cond: ((k >= 7738565) AND (k <= 7738665))

table 4 : explain SELECT k FROM sbtest4 WHERE k BETWEEN 7738565 AND 7738665
	Index Only Scan using k_4 on sbtest4  (cost=0.43..6.50 rows=103 width=4)
	  Index Cond: ((k >= 7738565) AND (k <= 7738665))

table 5 : explain SELECT k FROM sbtest5 WHERE k BETWEEN 7738565 AND 7738665
	Index Only Scan using k_5 on sbtest5  (cost=0.43..6.51 rows=104 width=4)
	  Index Cond: ((k >= 7738565) AND (k <= 7738665))

table 6 : explain SELECT k FROM sbtest6 WHERE k BETWEEN 7738565 AND 7738665
	Index Only Scan using k_6 on sbtest6  (cost=0.43..6.42 rows=99 width=4)
	  Index Cond: ((k >= 7738565) AND (k <= 7738665))

table 7 : explain SELECT k FROM sbtest7 WHERE k BETWEEN 7738565 AND 7738665
	Index Only Scan using k_7 on sbtest7  (cost=0.43..6.63 rows=110 width=4)
	  Index Cond: ((k >= 7738565) AND (k <= 7738665))

table 8 : explain SELECT k FROM sbtest8 WHERE k BETWEEN 7738565 AND 7738665
	Index Only Scan using k_8 on sbtest8  (cost=0.43..6.29 rows=93 width=4)
	  Index Cond: ((k >= 7738565) AND (k <= 7738665))

explain: for range-covered :: explain SELECT k FROM sbtest%d WHERE k BETWEEN 7738565 AND 7738665
for range-covered
table 1 : explain SELECT k FROM sbtest1 WHERE k BETWEEN 6602857 AND 6602957
	Index Only Scan using k_1 on sbtest1  (cost=0.43..6.59 rows=108 width=4)
	  Index Cond: ((k >= 6602857) AND (k <= 6602957))

table 2 : explain SELECT k FROM sbtest2 WHERE k BETWEEN 6602857 AND 6602957
	Index Only Scan using k_2 on sbtest2  (cost=0.43..6.42 rows=99 width=4)
	  Index Cond: ((k >= 6602857) AND (k <= 6602957))

table 3 : explain SELECT k FROM sbtest3 WHERE k BETWEEN 6602857 AND 6602957
	Index Only Scan using k_3 on sbtest3  (cost=0.43..10.51 rows=104 width=4)
	  Index Cond: ((k >= 6602857) AND (k <= 6602957))

table 4 : explain SELECT k FROM sbtest4 WHERE k BETWEEN 6602857 AND 6602957
	Index Only Scan using k_4 on sbtest4  (cost=0.43..6.81 rows=119 width=4)
	  Index Cond: ((k >= 6602857) AND (k <= 6602957))

table 5 : explain SELECT k FROM sbtest5 WHERE k BETWEEN 6602857 AND 6602957
	Index Only Scan using k_5 on sbtest5  (cost=0.43..6.61 rows=109 width=4)
	  Index Cond: ((k >= 6602857) AND (k <= 6602957))

table 6 : explain SELECT k FROM sbtest6 WHERE k BETWEEN 6602857 AND 6602957
	Index Only Scan using k_6 on sbtest6  (cost=0.43..6.56 rows=106 width=4)
	  Index Cond: ((k >= 6602857) AND (k <= 6602957))

table 7 : explain SELECT k FROM sbtest7 WHERE k BETWEEN 6602857 AND 6602957
	Index Only Scan using k_7 on sbtest7  (cost=0.43..6.32 rows=94 width=4)
	  Index Cond: ((k >= 6602857) AND (k <= 6602957))

table 8 : explain SELECT k FROM sbtest8 WHERE k BETWEEN 6602857 AND 6602957
	Index Only Scan using k_8 on sbtest8  (cost=0.43..6.51 rows=104 width=4)
	  Index Cond: ((k >= 6602857) AND (k <= 6602957))

explain: for range-covered :: explain SELECT k FROM sbtest%d WHERE k BETWEEN 6602857 AND 6602957
for range-covered
table 1 : explain SELECT k FROM sbtest1 WHERE k BETWEEN 2796017 AND 2796117
	Index Only Scan using k_1 on sbtest1  (cost=0.43..6.51 rows=104 width=4)
	  Index Cond: ((k >= 2796017) AND (k <= 2796117))

table 2 : explain SELECT k FROM sbtest2 WHERE k BETWEEN 2796017 AND 2796117
	Index Only Scan using k_2 on sbtest2  (cost=0.43..6.45 rows=101 width=4)
	  Index Cond: ((k >= 2796017) AND (k <= 2796117))

table 3 : explain SELECT k FROM sbtest3 WHERE k BETWEEN 2796017 AND 2796117
	Index Only Scan using k_3 on sbtest3  (cost=0.43..10.62 rows=109 width=4)
	  Index Cond: ((k >= 2796017) AND (k <= 2796117))

table 4 : explain SELECT k FROM sbtest4 WHERE k BETWEEN 2796017 AND 2796117
	Index Only Scan using k_4 on sbtest4  (cost=0.43..6.47 rows=102 width=4)
	  Index Cond: ((k >= 2796017) AND (k <= 2796117))

table 5 : explain SELECT k FROM sbtest5 WHERE k BETWEEN 2796017 AND 2796117
	Index Only Scan using k_5 on sbtest5  (cost=0.43..6.43 rows=100 width=4)
	  Index Cond: ((k >= 2796017) AND (k <= 2796117))

table 6 : explain SELECT k FROM sbtest6 WHERE k BETWEEN 2796017 AND 2796117
	Index Only Scan using k_6 on sbtest6  (cost=0.43..6.24 rows=90 width=4)
	  Index Cond: ((k >= 2796017) AND (k <= 2796117))

table 7 : explain SELECT k FROM sbtest7 WHERE k BETWEEN 2796017 AND 2796117
	Index Only Scan using k_7 on sbtest7  (cost=0.43..6.33 rows=95 width=4)
	  Index Cond: ((k >= 2796017) AND (k <= 2796117))

table 8 : explain SELECT k FROM sbtest8 WHERE k BETWEEN 2796017 AND 2796117
	Index Only Scan using k_8 on sbtest8  (cost=0.43..6.43 rows=100 width=4)
	  Index Cond: ((k >= 2796017) AND (k <= 2796117))

for range-covered
table 1 : explain SELECT k FROM sbtest1 WHERE k BETWEEN 2150489 AND 2150589
	Index Only Scan using k_1 on sbtest1  (cost=0.43..6.24 rows=90 width=4)
	  Index Cond: ((k >= 2150489) AND (k <= 2150589))

table 2 : explain SELECT k FROM sbtest2 WHERE k BETWEEN 2150489 AND 2150589
	Index Only Scan using k_2 on sbtest2  (cost=0.43..6.40 rows=98 width=4)
	  Index Cond: ((k >= 2150489) AND (k <= 2150589))

table 3 : explain SELECT k FROM sbtest3 WHERE k BETWEEN 2150489 AND 2150589
	Index Only Scan using k_3 on sbtest3  (cost=0.43..10.68 rows=112 width=4)
	  Index Cond: ((k >= 2150489) AND (k <= 2150589))

table 4 : explain SELECT k FROM sbtest4 WHERE k BETWEEN 2150489 AND 2150589
	Index Only Scan using k_4 on sbtest4  (cost=0.43..6.33 rows=95 width=4)
	  Index Cond: ((k >= 2150489) AND (k <= 2150589))

table 5 : explain SELECT k FROM sbtest5 WHERE k BETWEEN 2150489 AND 2150589
	Index Only Scan using k_5 on sbtest5  (cost=0.43..6.53 rows=105 width=4)
	  Index Cond: ((k >= 2150489) AND (k <= 2150589))

table 6 : explain SELECT k FROM sbtest6 WHERE k BETWEEN 2150489 AND 2150589
	Index Only Scan using k_6 on sbtest6  (cost=0.43..6.47 rows=102 width=4)
	  Index Cond: ((k >= 2150489) AND (k <= 2150589))

table 7 : explain SELECT k FROM sbtest7 WHERE k BETWEEN 2150489 AND 2150589
	Index Only Scan using k_7 on sbtest7  (cost=0.43..6.58 rows=107 width=4)
	  Index Cond: ((k >= 2150489) AND (k <= 2150589))

table 8 : explain SELECT k FROM sbtest8 WHERE k BETWEEN 2150489 AND 2150589
	Index Only Scan using k_8 on sbtest8  (cost=0.43..6.74 rows=115 width=4)
	  Index Cond: ((k >= 2150489) AND (k <= 2150589))

explain: for range-covered :: explain SELECT k FROM sbtest%d WHERE k BETWEEN 2796017 AND 2796117
explain: for range-covered :: explain SELECT k FROM sbtest%d WHERE k BETWEEN 2150489 AND 2150589
explain: for range-covered :: explain SELECT k FROM sbtest%d WHERE k BETWEEN 3039473 AND 3039573
for range-covered
table 1 : explain SELECT k FROM sbtest1 WHERE k BETWEEN 6602857 AND 6602957
	Index Only Scan using k_1 on sbtest1  (cost=0.43..6.59 rows=108 width=4)
	  Index Cond: ((k >= 6602857) AND (k <= 6602957))

table 2 : explain SELECT k FROM sbtest2 WHERE k BETWEEN 6602857 AND 6602957
	Index Only Scan using k_2 on sbtest2  (cost=0.43..6.42 rows=99 width=4)
	  Index Cond: ((k >= 6602857) AND (k <= 6602957))

table 3 : explain SELECT k FROM sbtest3 WHERE k BETWEEN 6602857 AND 6602957
	Index Only Scan using k_3 on sbtest3  (cost=0.43..10.51 rows=104 width=4)
	  Index Cond: ((k >= 6602857) AND (k <= 6602957))

table 4 : explain SELECT k FROM sbtest4 WHERE k BETWEEN 6602857 AND 6602957
	Index Only Scan using k_4 on sbtest4  (cost=0.43..6.81 rows=119 width=4)
	  Index Cond: ((k >= 6602857) AND (k <= 6602957))

table 5 : explain SELECT k FROM sbtest5 WHERE k BETWEEN 6602857 AND 6602957
	Index Only Scan using k_5 on sbtest5  (cost=0.43..6.61 rows=109 width=4)
	  Index Cond: ((k >= 6602857) AND (k <= 6602957))

table 6 : explain SELECT k FROM sbtest6 WHERE k BETWEEN 6602857 AND 6602957
	Index Only Scan using k_6 on sbtest6  (cost=0.43..6.56 rows=106 width=4)
	  Index Cond: ((k >= 6602857) AND (k <= 6602957))

table 7 : explain SELECT k FROM sbtest7 WHERE k BETWEEN 6602857 AND 6602957
	Index Only Scan using k_7 on sbtest7  (cost=0.43..6.32 rows=94 width=4)
	  Index Cond: ((k >= 6602857) AND (k <= 6602957))

table 8 : explain SELECT k FROM sbtest8 WHERE k BETWEEN 6602857 AND 6602957
	Index Only Scan using k_8 on sbtest8  (cost=0.43..6.51 rows=104 width=4)
	  Index Cond: ((k >= 6602857) AND (k <= 6602957))

explain: for range-covered :: explain SELECT k FROM sbtest%d WHERE k BETWEEN 6602857 AND 6602957
explain: for range-covered :: explain SELECT k FROM sbtest%d WHERE k BETWEEN 7177719 AND 7177819
for range-covered
table 1 : explain SELECT k FROM sbtest1 WHERE k BETWEEN 2796017 AND 2796117
	Index Only Scan using k_1 on sbtest1  (cost=0.43..6.51 rows=104 width=4)
	  Index Cond: ((k >= 2796017) AND (k <= 2796117))

table 2 : explain SELECT k FROM sbtest2 WHERE k BETWEEN 2796017 AND 2796117
	Index Only Scan using k_2 on sbtest2  (cost=0.43..6.45 rows=101 width=4)
	  Index Cond: ((k >= 2796017) AND (k <= 2796117))

table 3 : explain SELECT k FROM sbtest3 WHERE k BETWEEN 2796017 AND 2796117
	Index Only Scan using k_3 on sbtest3  (cost=0.43..10.62 rows=109 width=4)
	  Index Cond: ((k >= 2796017) AND (k <= 2796117))

table 4 : explain SELECT k FROM sbtest4 WHERE k BETWEEN 2796017 AND 2796117
	Index Only Scan using k_4 on sbtest4  (cost=0.43..6.47 rows=102 width=4)
	  Index Cond: ((k >= 2796017) AND (k <= 2796117))

table 5 : explain SELECT k FROM sbtest5 WHERE k BETWEEN 2796017 AND 2796117
	Index Only Scan using k_5 on sbtest5  (cost=0.43..6.43 rows=100 width=4)
	  Index Cond: ((k >= 2796017) AND (k <= 2796117))

table 6 : explain SELECT k FROM sbtest6 WHERE k BETWEEN 2796017 AND 2796117
	Index Only Scan using k_6 on sbtest6  (cost=0.43..6.24 rows=90 width=4)
	  Index Cond: ((k >= 2796017) AND (k <= 2796117))

table 7 : explain SELECT k FROM sbtest7 WHERE k BETWEEN 2796017 AND 2796117
	Index Only Scan using k_7 on sbtest7  (cost=0.43..6.33 rows=95 width=4)
	  Index Cond: ((k >= 2796017) AND (k <= 2796117))

table 8 : explain SELECT k FROM sbtest8 WHERE k BETWEEN 2796017 AND 2796117
	Index Only Scan using k_8 on sbtest8  (cost=0.43..6.43 rows=100 width=4)
	  Index Cond: ((k >= 2796017) AND (k <= 2796117))

explain: for range-covered :: explain SELECT k FROM sbtest%d WHERE k BETWEEN 2796017 AND 2796117
for range-covered
table 1 : explain SELECT k FROM sbtest1 WHERE k BETWEEN 6602857 AND 6602957
	Index Only Scan using k_1 on sbtest1  (cost=0.43..6.59 rows=108 width=4)
	  Index Cond: ((k >= 6602857) AND (k <= 6602957))

table 2 : explain SELECT k FROM sbtest2 WHERE k BETWEEN 6602857 AND 6602957
	Index Only Scan using k_2 on sbtest2  (cost=0.43..6.42 rows=99 width=4)
	  Index Cond: ((k >= 6602857) AND (k <= 6602957))

table 3 : explain SELECT k FROM sbtest3 WHERE k BETWEEN 6602857 AND 6602957
	Index Only Scan using k_3 on sbtest3  (cost=0.43..10.51 rows=104 width=4)
	  Index Cond: ((k >= 6602857) AND (k <= 6602957))

table 4 : explain SELECT k FROM sbtest4 WHERE k BETWEEN 6602857 AND 6602957
	Index Only Scan using k_4 on sbtest4  (cost=0.43..6.81 rows=119 width=4)
	  Index Cond: ((k >= 6602857) AND (k <= 6602957))

table 5 : explain SELECT k FROM sbtest5 WHERE k BETWEEN 6602857 AND 6602957
	Index Only Scan using k_5 on sbtest5  (cost=0.43..6.61 rows=109 width=4)
	  Index Cond: ((k >= 6602857) AND (k <= 6602957))

table 6 : explain SELECT k FROM sbtest6 WHERE k BETWEEN 6602857 AND 6602957
	Index Only Scan using k_6 on sbtest6  (cost=0.43..6.56 rows=106 width=4)
	  Index Cond: ((k >= 6602857) AND (k <= 6602957))

table 7 : explain SELECT k FROM sbtest7 WHERE k BETWEEN 6602857 AND 6602957
	Index Only Scan using k_7 on sbtest7  (cost=0.43..6.32 rows=94 width=4)
	  Index Cond: ((k >= 6602857) AND (k <= 6602957))

table 8 : explain SELECT k FROM sbtest8 WHERE k BETWEEN 6602857 AND 6602957
	Index Only Scan using k_8 on sbtest8  (cost=0.43..6.51 rows=104 width=4)
	  Index Cond: ((k >= 6602857) AND (k <= 6602957))

explain: for range-covered :: explain SELECT k FROM sbtest%d WHERE k BETWEEN 6602857 AND 6602957
for range-covered
table 1 : explain SELECT k FROM sbtest1 WHERE k BETWEEN 2796017 AND 2796117
	Index Only Scan using k_1 on sbtest1  (cost=0.43..6.51 rows=104 width=4)
	  Index Cond: ((k >= 2796017) AND (k <= 2796117))

table 2 : explain SELECT k FROM sbtest2 WHERE k BETWEEN 2796017 AND 2796117
	Index Only Scan using k_2 on sbtest2  (cost=0.43..6.45 rows=101 width=4)
	  Index Cond: ((k >= 2796017) AND (k <= 2796117))

table 3 : explain SELECT k FROM sbtest3 WHERE k BETWEEN 2796017 AND 2796117
	Index Only Scan using k_3 on sbtest3  (cost=0.43..10.62 rows=109 width=4)
	  Index Cond: ((k >= 2796017) AND (k <= 2796117))

table 4 : explain SELECT k FROM sbtest4 WHERE k BETWEEN 2796017 AND 2796117
	Index Only Scan using k_4 on sbtest4  (cost=0.43..6.47 rows=102 width=4)
	  Index Cond: ((k >= 2796017) AND (k <= 2796117))

table 5 : explain SELECT k FROM sbtest5 WHERE k BETWEEN 2796017 AND 2796117
	Index Only Scan using k_5 on sbtest5  (cost=0.43..6.43 rows=100 width=4)
	  Index Cond: ((k >= 2796017) AND (k <= 2796117))

table 6 : explain SELECT k FROM sbtest6 WHERE k BETWEEN 2796017 AND 2796117
	Index Only Scan using k_6 on sbtest6  (cost=0.43..6.24 rows=90 width=4)
	  Index Cond: ((k >= 2796017) AND (k <= 2796117))

table 7 : explain SELECT k FROM sbtest7 WHERE k BETWEEN 2796017 AND 2796117
	Index Only Scan using k_7 on sbtest7  (cost=0.43..6.33 rows=95 width=4)
	  Index Cond: ((k >= 2796017) AND (k <= 2796117))

table 8 : explain SELECT k FROM sbtest8 WHERE k BETWEEN 2796017 AND 2796117
	Index Only Scan using k_8 on sbtest8  (cost=0.43..6.43 rows=100 width=4)
	  Index Cond: ((k >= 2796017) AND (k <= 2796117))

for range-covered
table 1 : explain SELECT k FROM sbtest1 WHERE k BETWEEN 3579152 AND 3579252
	Index Only Scan using k_1 on sbtest1  (cost=0.43..6.50 rows=103 width=4)
	  Index Cond: ((k >= 3579152) AND (k <= 3579252))

table 2 : explain SELECT k FROM sbtest2 WHERE k BETWEEN 3579152 AND 3579252
	Index Only Scan using k_2 on sbtest2  (cost=0.43..6.59 rows=108 width=4)
	  Index Cond: ((k >= 3579152) AND (k <= 3579252))

table 3 : explain SELECT k FROM sbtest3 WHERE k BETWEEN 3579152 AND 3579252
	Index Only Scan using k_3 on sbtest3  (cost=0.43..10.44 rows=100 width=4)
	  Index Cond: ((k >= 3579152) AND (k <= 3579252))

table 4 : explain SELECT k FROM sbtest4 WHERE k BETWEEN 3579152 AND 3579252
	Index Only Scan using k_4 on sbtest4  (cost=0.43..6.45 rows=101 width=4)
	  Index Cond: ((k >= 3579152) AND (k <= 3579252))

table 5 : explain SELECT k FROM sbtest5 WHERE k BETWEEN 3579152 AND 3579252
	Index Only Scan using k_5 on sbtest5  (cost=0.43..6.43 rows=100 width=4)
	  Index Cond: ((k >= 3579152) AND (k <= 3579252))

table 6 : explain SELECT k FROM sbtest6 WHERE k BETWEEN 3579152 AND 3579252
	Index Only Scan using k_6 on sbtest6  (cost=0.43..6.43 rows=100 width=4)
	  Index Cond: ((k >= 3579152) AND (k <= 3579252))

table 7 : explain SELECT k FROM sbtest7 WHERE k BETWEEN 3579152 AND 3579252
	Index Only Scan using k_7 on sbtest7  (cost=0.43..6.42 rows=99 width=4)
	  Index Cond: ((k >= 3579152) AND (k <= 3579252))

table 8 : explain SELECT k FROM sbtest8 WHERE k BETWEEN 3579152 AND 3579252
	Index Only Scan using k_8 on sbtest8  (cost=0.43..6.47 rows=102 width=4)
	  Index Cond: ((k >= 3579152) AND (k <= 3579252))

explain: for range-covered :: explain SELECT k FROM sbtest%d WHERE k BETWEEN 2796017 AND 2796117
explain: for range-covered :: explain SELECT k FROM sbtest%d WHERE k BETWEEN 3579152 AND 3579252
explain: for range-covered :: explain SELECT k FROM sbtest%d WHERE k BETWEEN 4289685 AND 4289785
for range-covered
table 1 : explain SELECT k FROM sbtest1 WHERE k BETWEEN 6602857 AND 6602957
	Index Only Scan using k_1 on sbtest1  (cost=0.43..6.59 rows=108 width=4)
	  Index Cond: ((k >= 6602857) AND (k <= 6602957))

table 2 : explain SELECT k FROM sbtest2 WHERE k BETWEEN 6602857 AND 6602957
	Index Only Scan using k_2 on sbtest2  (cost=0.43..6.42 rows=99 width=4)
	  Index Cond: ((k >= 6602857) AND (k <= 6602957))

table 3 : explain SELECT k FROM sbtest3 WHERE k BETWEEN 6602857 AND 6602957
	Index Only Scan using k_3 on sbtest3  (cost=0.43..10.51 rows=104 width=4)
	  Index Cond: ((k >= 6602857) AND (k <= 6602957))

table 4 : explain SELECT k FROM sbtest4 WHERE k BETWEEN 6602857 AND 6602957
	Index Only Scan using k_4 on sbtest4  (cost=0.43..6.81 rows=119 width=4)
	  Index Cond: ((k >= 6602857) AND (k <= 6602957))

table 5 : explain SELECT k FROM sbtest5 WHERE k BETWEEN 6602857 AND 6602957
	Index Only Scan using k_5 on sbtest5  (cost=0.43..6.61 rows=109 width=4)
	  Index Cond: ((k >= 6602857) AND (k <= 6602957))

table 6 : explain SELECT k FROM sbtest6 WHERE k BETWEEN 6602857 AND 6602957
	Index Only Scan using k_6 on sbtest6  (cost=0.43..6.56 rows=106 width=4)
	  Index Cond: ((k >= 6602857) AND (k <= 6602957))

table 7 : explain SELECT k FROM sbtest7 WHERE k BETWEEN 6602857 AND 6602957
	Index Only Scan using k_7 on sbtest7  (cost=0.43..6.32 rows=94 width=4)
	  Index Cond: ((k >= 6602857) AND (k <= 6602957))

table 8 : explain SELECT k FROM sbtest8 WHERE k BETWEEN 6602857 AND 6602957
	Index Only Scan using k_8 on sbtest8  (cost=0.43..6.51 rows=104 width=4)
	  Index Cond: ((k >= 6602857) AND (k <= 6602957))

explain: for range-covered :: explain SELECT k FROM sbtest%d WHERE k BETWEEN 6602857 AND 6602957
for range-covered
table 1 : explain SELECT k FROM sbtest1 WHERE k BETWEEN 2796017 AND 2796117
	Index Only Scan using k_1 on sbtest1  (cost=0.43..6.51 rows=104 width=4)
	  Index Cond: ((k >= 2796017) AND (k <= 2796117))

table 2 : explain SELECT k FROM sbtest2 WHERE k BETWEEN 2796017 AND 2796117
	Index Only Scan using k_2 on sbtest2  (cost=0.43..6.45 rows=101 width=4)
	  Index Cond: ((k >= 2796017) AND (k <= 2796117))

table 3 : explain SELECT k FROM sbtest3 WHERE k BETWEEN 2796017 AND 2796117
	Index Only Scan using k_3 on sbtest3  (cost=0.43..10.62 rows=109 width=4)
	  Index Cond: ((k >= 2796017) AND (k <= 2796117))

table 4 : explain SELECT k FROM sbtest4 WHERE k BETWEEN 2796017 AND 2796117
	Index Only Scan using k_4 on sbtest4  (cost=0.43..6.47 rows=102 width=4)
	  Index Cond: ((k >= 2796017) AND (k <= 2796117))

table 5 : explain SELECT k FROM sbtest5 WHERE k BETWEEN 2796017 AND 2796117
	Index Only Scan using k_5 on sbtest5  (cost=0.43..6.43 rows=100 width=4)
	  Index Cond: ((k >= 2796017) AND (k <= 2796117))

table 6 : explain SELECT k FROM sbtest6 WHERE k BETWEEN 2796017 AND 2796117
	Index Only Scan using k_6 on sbtest6  (cost=0.43..6.24 rows=90 width=4)
	  Index Cond: ((k >= 2796017) AND (k <= 2796117))

table 7 : explain SELECT k FROM sbtest7 WHERE k BETWEEN 2796017 AND 2796117
	Index Only Scan using k_7 on sbtest7  (cost=0.43..6.33 rows=95 width=4)
	  Index Cond: ((k >= 2796017) AND (k <= 2796117))

table 8 : explain SELECT k FROM sbtest8 WHERE k BETWEEN 2796017 AND 2796117
	Index Only Scan using k_8 on sbtest8  (cost=0.43..6.43 rows=100 width=4)
	  Index Cond: ((k >= 2796017) AND (k <= 2796117))

explain: for range-covered :: explain SELECT k FROM sbtest%d WHERE k BETWEEN 2796017 AND 2796117
for range-covered
table 1 : explain SELECT k FROM sbtest1 WHERE k BETWEEN 7731426 AND 7731526
	Index Only Scan using k_1 on sbtest1  (cost=0.43..6.37 rows=97 width=4)
	  Index Cond: ((k >= 7731426) AND (k <= 7731526))

table 2 : explain SELECT k FROM sbtest2 WHERE k BETWEEN 7731426 AND 7731526
	Index Only Scan using k_2 on sbtest2  (cost=0.43..6.59 rows=108 width=4)
	  Index Cond: ((k >= 7731426) AND (k <= 7731526))

table 3 : explain SELECT k FROM sbtest3 WHERE k BETWEEN 7731426 AND 7731526
	Index Only Scan using k_3 on sbtest3  (cost=0.43..10.38 rows=97 width=4)
	  Index Cond: ((k >= 7731426) AND (k <= 7731526))

table 4 : explain SELECT k FROM sbtest4 WHERE k BETWEEN 7731426 AND 7731526
	Index Only Scan using k_4 on sbtest4  (cost=0.43..6.50 rows=103 width=4)
	  Index Cond: ((k >= 7731426) AND (k <= 7731526))

table 5 : explain SELECT k FROM sbtest5 WHERE k BETWEEN 7731426 AND 7731526
	Index Only Scan using k_5 on sbtest5  (cost=0.43..6.51 rows=104 width=4)
	  Index Cond: ((k >= 7731426) AND (k <= 7731526))

table 6 : explain SELECT k FROM sbtest6 WHERE k BETWEEN 7731426 AND 7731526
	Index Only Scan using k_6 on sbtest6  (cost=0.43..6.42 rows=99 width=4)
	  Index Cond: ((k >= 7731426) AND (k <= 7731526))

table 7 : explain SELECT k FROM sbtest7 WHERE k BETWEEN 7731426 AND 7731526
	Index Only Scan using k_7 on sbtest7  (cost=0.43..6.63 rows=110 width=4)
	  Index Cond: ((k >= 7731426) AND (k <= 7731526))

table 8 : explain SELECT k FROM sbtest8 WHERE k BETWEEN 7731426 AND 7731526
	Index Only Scan using k_8 on sbtest8  (cost=0.43..6.29 rows=93 width=4)
	  Index Cond: ((k >= 7731426) AND (k <= 7731526))

for range-covered
table 1 : explain SELECT k FROM sbtest1 WHERE k BETWEEN 3579152 AND 3579252
	Index Only Scan using k_1 on sbtest1  (cost=0.43..6.50 rows=103 width=4)
	  Index Cond: ((k >= 3579152) AND (k <= 3579252))

table 2 : explain SELECT k FROM sbtest2 WHERE k BETWEEN 3579152 AND 3579252
	Index Only Scan using k_2 on sbtest2  (cost=0.43..6.59 rows=108 width=4)
	  Index Cond: ((k >= 3579152) AND (k <= 3579252))

table 3 : explain SELECT k FROM sbtest3 WHERE k BETWEEN 3579152 AND 3579252
	Index Only Scan using k_3 on sbtest3  (cost=0.43..10.44 rows=100 width=4)
	  Index Cond: ((k >= 3579152) AND (k <= 3579252))

table 4 : explain SELECT k FROM sbtest4 WHERE k BETWEEN 3579152 AND 3579252
	Index Only Scan using k_4 on sbtest4  (cost=0.43..6.45 rows=101 width=4)
	  Index Cond: ((k >= 3579152) AND (k <= 3579252))

table 5 : explain SELECT k FROM sbtest5 WHERE k BETWEEN 3579152 AND 3579252
	Index Only Scan using k_5 on sbtest5  (cost=0.43..6.43 rows=100 width=4)
	  Index Cond: ((k >= 3579152) AND (k <= 3579252))

table 6 : explain SELECT k FROM sbtest6 WHERE k BETWEEN 3579152 AND 3579252
	Index Only Scan using k_6 on sbtest6  (cost=0.43..6.43 rows=100 width=4)
	  Index Cond: ((k >= 3579152) AND (k <= 3579252))

table 7 : explain SELECT k FROM sbtest7 WHERE k BETWEEN 3579152 AND 3579252
	Index Only Scan using k_7 on sbtest7  (cost=0.43..6.42 rows=99 width=4)
	  Index Cond: ((k >= 3579152) AND (k <= 3579252))

table 8 : explain SELECT k FROM sbtest8 WHERE k BETWEEN 3579152 AND 3579252
	Index Only Scan using k_8 on sbtest8  (cost=0.43..6.47 rows=102 width=4)
	  Index Cond: ((k >= 3579152) AND (k <= 3579252))

explain: for range-covered :: explain SELECT k FROM sbtest%d WHERE k BETWEEN 3579152 AND 3579252
explain: for range-covered :: explain SELECT k FROM sbtest%d WHERE k BETWEEN 4885606 AND 4885706
for range-covered
table 1 : explain SELECT k FROM sbtest1 WHERE k BETWEEN 2796017 AND 2796117
	Index Only Scan using k_1 on sbtest1  (cost=0.43..6.51 rows=104 width=4)
	  Index Cond: ((k >= 2796017) AND (k <= 2796117))

table 2 : explain SELECT k FROM sbtest2 WHERE k BETWEEN 2796017 AND 2796117
	Index Only Scan using k_2 on sbtest2  (cost=0.43..6.45 rows=101 width=4)
	  Index Cond: ((k >= 2796017) AND (k <= 2796117))

table 3 : explain SELECT k FROM sbtest3 WHERE k BETWEEN 2796017 AND 2796117
	Index Only Scan using k_3 on sbtest3  (cost=0.43..10.62 rows=109 width=4)
	  Index Cond: ((k >= 2796017) AND (k <= 2796117))

table 4 : explain SELECT k FROM sbtest4 WHERE k BETWEEN 2796017 AND 2796117
	Index Only Scan using k_4 on sbtest4  (cost=0.43..6.47 rows=102 width=4)
	  Index Cond: ((k >= 2796017) AND (k <= 2796117))

table 5 : explain SELECT k FROM sbtest5 WHERE k BETWEEN 2796017 AND 2796117
	Index Only Scan using k_5 on sbtest5  (cost=0.43..6.43 rows=100 width=4)
	  Index Cond: ((k >= 2796017) AND (k <= 2796117))

table 6 : explain SELECT k FROM sbtest6 WHERE k BETWEEN 2796017 AND 2796117
	Index Only Scan using k_6 on sbtest6  (cost=0.43..6.24 rows=90 width=4)
	  Index Cond: ((k >= 2796017) AND (k <= 2796117))

table 7 : explain SELECT k FROM sbtest7 WHERE k BETWEEN 2796017 AND 2796117
	Index Only Scan using k_7 on sbtest7  (cost=0.43..6.33 rows=95 width=4)
	  Index Cond: ((k >= 2796017) AND (k <= 2796117))

table 8 : explain SELECT k FROM sbtest8 WHERE k BETWEEN 2796017 AND 2796117
	Index Only Scan using k_8 on sbtest8  (cost=0.43..6.43 rows=100 width=4)
	  Index Cond: ((k >= 2796017) AND (k <= 2796117))

explain: for range-covered :: explain SELECT k FROM sbtest%d WHERE k BETWEEN 2796017 AND 2796117
for range-covered
table 1 : explain SELECT k FROM sbtest1 WHERE k BETWEEN 7738565 AND 7738665
	Index Only Scan using k_1 on sbtest1  (cost=0.43..6.37 rows=97 width=4)
	  Index Cond: ((k >= 7738565) AND (k <= 7738665))

table 2 : explain SELECT k FROM sbtest2 WHERE k BETWEEN 7738565 AND 7738665
	Index Only Scan using k_2 on sbtest2  (cost=0.43..6.59 rows=108 width=4)
	  Index Cond: ((k >= 7738565) AND (k <= 7738665))

table 3 : explain SELECT k FROM sbtest3 WHERE k BETWEEN 7738565 AND 7738665
	Index Only Scan using k_3 on sbtest3  (cost=0.43..10.38 rows=97 width=4)
	  Index Cond: ((k >= 7738565) AND (k <= 7738665))

table 4 : explain SELECT k FROM sbtest4 WHERE k BETWEEN 7738565 AND 7738665
	Index Only Scan using k_4 on sbtest4  (cost=0.43..6.50 rows=103 width=4)
	  Index Cond: ((k >= 7738565) AND (k <= 7738665))

table 5 : explain SELECT k FROM sbtest5 WHERE k BETWEEN 7738565 AND 7738665
	Index Only Scan using k_5 on sbtest5  (cost=0.43..6.51 rows=104 width=4)
	  Index Cond: ((k >= 7738565) AND (k <= 7738665))

table 6 : explain SELECT k FROM sbtest6 WHERE k BETWEEN 7738565 AND 7738665
	Index Only Scan using k_6 on sbtest6  (cost=0.43..6.42 rows=99 width=4)
	  Index Cond: ((k >= 7738565) AND (k <= 7738665))

table 7 : explain SELECT k FROM sbtest7 WHERE k BETWEEN 7738565 AND 7738665
	Index Only Scan using k_7 on sbtest7  (cost=0.43..6.63 rows=110 width=4)
	  Index Cond: ((k >= 7738565) AND (k <= 7738665))

table 8 : explain SELECT k FROM sbtest8 WHERE k BETWEEN 7738565 AND 7738665
	Index Only Scan using k_8 on sbtest8  (cost=0.43..6.29 rows=93 width=4)
	  Index Cond: ((k >= 7738565) AND (k <= 7738665))

for range-covered
table 1 : explain SELECT k FROM sbtest1 WHERE k BETWEEN 3579152 AND 3579252
	Index Only Scan using k_1 on sbtest1  (cost=0.43..6.50 rows=103 width=4)
	  Index Cond: ((k >= 3579152) AND (k <= 3579252))

table 2 : explain SELECT k FROM sbtest2 WHERE k BETWEEN 3579152 AND 3579252
	Index Only Scan using k_2 on sbtest2  (cost=0.43..6.59 rows=108 width=4)
	  Index Cond: ((k >= 3579152) AND (k <= 3579252))

table 3 : explain SELECT k FROM sbtest3 WHERE k BETWEEN 3579152 AND 3579252
	Index Only Scan using k_3 on sbtest3  (cost=0.43..10.44 rows=100 width=4)
	  Index Cond: ((k >= 3579152) AND (k <= 3579252))

table 4 : explain SELECT k FROM sbtest4 WHERE k BETWEEN 3579152 AND 3579252
	Index Only Scan using k_4 on sbtest4  (cost=0.43..6.45 rows=101 width=4)
	  Index Cond: ((k >= 3579152) AND (k <= 3579252))

table 5 : explain SELECT k FROM sbtest5 WHERE k BETWEEN 3579152 AND 3579252
	Index Only Scan using k_5 on sbtest5  (cost=0.43..6.43 rows=100 width=4)
	  Index Cond: ((k >= 3579152) AND (k <= 3579252))

table 6 : explain SELECT k FROM sbtest6 WHERE k BETWEEN 3579152 AND 3579252
	Index Only Scan using k_6 on sbtest6  (cost=0.43..6.43 rows=100 width=4)
	  Index Cond: ((k >= 3579152) AND (k <= 3579252))

table 7 : explain SELECT k FROM sbtest7 WHERE k BETWEEN 3579152 AND 3579252
	Index Only Scan using k_7 on sbtest7  (cost=0.43..6.42 rows=99 width=4)
	  Index Cond: ((k >= 3579152) AND (k <= 3579252))

table 8 : explain SELECT k FROM sbtest8 WHERE k BETWEEN 3579152 AND 3579252
	Index Only Scan using k_8 on sbtest8  (cost=0.43..6.47 rows=102 width=4)
	  Index Cond: ((k >= 3579152) AND (k <= 3579252))

for range-covered
table 1 : explain SELECT k FROM sbtest1 WHERE k BETWEEN 2150489 AND 2150589
	Index Only Scan using k_1 on sbtest1  (cost=0.43..6.24 rows=90 width=4)
	  Index Cond: ((k >= 2150489) AND (k <= 2150589))

table 2 : explain SELECT k FROM sbtest2 WHERE k BETWEEN 2150489 AND 2150589
	Index Only Scan using k_2 on sbtest2  (cost=0.43..6.40 rows=98 width=4)
	  Index Cond: ((k >= 2150489) AND (k <= 2150589))

table 3 : explain SELECT k FROM sbtest3 WHERE k BETWEEN 2150489 AND 2150589
	Index Only Scan using k_3 on sbtest3  (cost=0.43..10.68 rows=112 width=4)
	  Index Cond: ((k >= 2150489) AND (k <= 2150589))

table 4 : explain SELECT k FROM sbtest4 WHERE k BETWEEN 2150489 AND 2150589
	Index Only Scan using k_4 on sbtest4  (cost=0.43..6.33 rows=95 width=4)
	  Index Cond: ((k >= 2150489) AND (k <= 2150589))

table 5 : explain SELECT k FROM sbtest5 WHERE k BETWEEN 2150489 AND 2150589
	Index Only Scan using k_5 on sbtest5  (cost=0.43..6.53 rows=105 width=4)
	  Index Cond: ((k >= 2150489) AND (k <= 2150589))

table 6 : explain SELECT k FROM sbtest6 WHERE k BETWEEN 2150489 AND 2150589
	Index Only Scan using k_6 on sbtest6  (cost=0.43..6.47 rows=102 width=4)
	  Index Cond: ((k >= 2150489) AND (k <= 2150589))

table 7 : explain SELECT k FROM sbtest7 WHERE k BETWEEN 2150489 AND 2150589
	Index Only Scan using k_7 on sbtest7  (cost=0.43..6.58 rows=107 width=4)
	  Index Cond: ((k >= 2150489) AND (k <= 2150589))

table 8 : explain SELECT k FROM sbtest8 WHERE k BETWEEN 2150489 AND 2150589
	Index Only Scan using k_8 on sbtest8  (cost=0.43..6.74 rows=115 width=4)
	  Index Cond: ((k >= 2150489) AND (k <= 2150589))

explain: for range-covered :: explain SELECT k FROM sbtest%d WHERE k BETWEEN 3579152 AND 3579252
explain: for range-covered :: explain SELECT k FROM sbtest%d WHERE k BETWEEN 3396318 AND 3396418
for range-covered
table 1 : explain SELECT k FROM sbtest1 WHERE k BETWEEN 3579152 AND 3579252
	Index Only Scan using k_1 on sbtest1  (cost=0.43..6.50 rows=103 width=4)
	  Index Cond: ((k >= 3579152) AND (k <= 3579252))

table 2 : explain SELECT k FROM sbtest2 WHERE k BETWEEN 3579152 AND 3579252
	Index Only Scan using k_2 on sbtest2  (cost=0.43..6.59 rows=108 width=4)
	  Index Cond: ((k >= 3579152) AND (k <= 3579252))

table 3 : explain SELECT k FROM sbtest3 WHERE k BETWEEN 3579152 AND 3579252
	Index Only Scan using k_3 on sbtest3  (cost=0.43..10.44 rows=100 width=4)
	  Index Cond: ((k >= 3579152) AND (k <= 3579252))

table 4 : explain SELECT k FROM sbtest4 WHERE k BETWEEN 3579152 AND 3579252
	Index Only Scan using k_4 on sbtest4  (cost=0.43..6.45 rows=101 width=4)
	  Index Cond: ((k >= 3579152) AND (k <= 3579252))

table 5 : explain SELECT k FROM sbtest5 WHERE k BETWEEN 3579152 AND 3579252
	Index Only Scan using k_5 on sbtest5  (cost=0.43..6.43 rows=100 width=4)
	  Index Cond: ((k >= 3579152) AND (k <= 3579252))

table 6 : explain SELECT k FROM sbtest6 WHERE k BETWEEN 3579152 AND 3579252
	Index Only Scan using k_6 on sbtest6  (cost=0.43..6.43 rows=100 width=4)
	  Index Cond: ((k >= 3579152) AND (k <= 3579252))

table 7 : explain SELECT k FROM sbtest7 WHERE k BETWEEN 3579152 AND 3579252
	Index Only Scan using k_7 on sbtest7  (cost=0.43..6.42 rows=99 width=4)
	  Index Cond: ((k >= 3579152) AND (k <= 3579252))

table 8 : explain SELECT k FROM sbtest8 WHERE k BETWEEN 3579152 AND 3579252
	Index Only Scan using k_8 on sbtest8  (cost=0.43..6.47 rows=102 width=4)
	  Index Cond: ((k >= 3579152) AND (k <= 3579252))

explain: for range-covered :: explain SELECT k FROM sbtest%d WHERE k BETWEEN 3579152 AND 3579252
for range-covered
table 1 : explain SELECT k FROM sbtest1 WHERE k BETWEEN 2796017 AND 2796117
	Index Only Scan using k_1 on sbtest1  (cost=0.43..6.51 rows=104 width=4)
	  Index Cond: ((k >= 2796017) AND (k <= 2796117))

table 2 : explain SELECT k FROM sbtest2 WHERE k BETWEEN 2796017 AND 2796117
	Index Only Scan using k_2 on sbtest2  (cost=0.43..6.45 rows=101 width=4)
	  Index Cond: ((k >= 2796017) AND (k <= 2796117))

table 3 : explain SELECT k FROM sbtest3 WHERE k BETWEEN 2796017 AND 2796117
	Index Only Scan using k_3 on sbtest3  (cost=0.43..10.62 rows=109 width=4)
	  Index Cond: ((k >= 2796017) AND (k <= 2796117))

table 4 : explain SELECT k FROM sbtest4 WHERE k BETWEEN 2796017 AND 2796117
	Index Only Scan using k_4 on sbtest4  (cost=0.43..6.47 rows=102 width=4)
	  Index Cond: ((k >= 2796017) AND (k <= 2796117))

table 5 : explain SELECT k FROM sbtest5 WHERE k BETWEEN 2796017 AND 2796117
	Index Only Scan using k_5 on sbtest5  (cost=0.43..6.43 rows=100 width=4)
	  Index Cond: ((k >= 2796017) AND (k <= 2796117))

table 6 : explain SELECT k FROM sbtest6 WHERE k BETWEEN 2796017 AND 2796117
	Index Only Scan using k_6 on sbtest6  (cost=0.43..6.24 rows=90 width=4)
	  Index Cond: ((k >= 2796017) AND (k <= 2796117))

table 7 : explain SELECT k FROM sbtest7 WHERE k BETWEEN 2796017 AND 2796117
	Index Only Scan using k_7 on sbtest7  (cost=0.43..6.33 rows=95 width=4)
	  Index Cond: ((k >= 2796017) AND (k <= 2796117))

table 8 : explain SELECT k FROM sbtest8 WHERE k BETWEEN 2796017 AND 2796117
	Index Only Scan using k_8 on sbtest8  (cost=0.43..6.43 rows=100 width=4)
	  Index Cond: ((k >= 2796017) AND (k <= 2796117))

for range-covered
table 1 : explain SELECT k FROM sbtest1 WHERE k BETWEEN 3039473 AND 3039573
	Index Only Scan using k_1 on sbtest1  (cost=0.43..6.35 rows=96 width=4)
	  Index Cond: ((k >= 3039473) AND (k <= 3039573))

table 2 : explain SELECT k FROM sbtest2 WHERE k BETWEEN 3039473 AND 3039573
	Index Only Scan using k_2 on sbtest2  (cost=0.43..6.45 rows=101 width=4)
	  Index Cond: ((k >= 3039473) AND (k <= 3039573))

table 3 : explain SELECT k FROM sbtest3 WHERE k BETWEEN 3039473 AND 3039573
	Index Only Scan using k_3 on sbtest3  (cost=0.43..10.56 rows=106 width=4)
	  Index Cond: ((k >= 3039473) AND (k <= 3039573))

table 4 : explain SELECT k FROM sbtest4 WHERE k BETWEEN 3039473 AND 3039573
	Index Only Scan using k_4 on sbtest4  (cost=0.43..6.56 rows=106 width=4)
	  Index Cond: ((k >= 3039473) AND (k <= 3039573))

table 5 : explain SELECT k FROM sbtest5 WHERE k BETWEEN 3039473 AND 3039573
	Index Only Scan using k_5 on sbtest5  (cost=0.43..6.63 rows=110 width=4)
	  Index Cond: ((k >= 3039473) AND (k <= 3039573))

table 6 : explain SELECT k FROM sbtest6 WHERE k BETWEEN 3039473 AND 3039573
	Index Only Scan using k_6 on sbtest6  (cost=0.43..6.45 rows=101 width=4)
	  Index Cond: ((k >= 3039473) AND (k <= 3039573))

table 7 : explain SELECT k FROM sbtest7 WHERE k BETWEEN 3039473 AND 3039573
	Index Only Scan using k_7 on sbtest7  (cost=0.43..6.42 rows=99 width=4)
	  Index Cond: ((k >= 3039473) AND (k <= 3039573))

table 8 : explain SELECT k FROM sbtest8 WHERE k BETWEEN 3039473 AND 3039573
	Index Only Scan using k_8 on sbtest8  (cost=0.43..6.53 rows=105 width=4)
	  Index Cond: ((k >= 3039473) AND (k <= 3039573))

explain: for range-covered :: explain SELECT k FROM sbtest%d WHERE k BETWEEN 3039473 AND 3039573
for range-covered
table 1 : explain SELECT k FROM sbtest1 WHERE k BETWEEN 6602857 AND 6602957
	Index Only Scan using k_1 on sbtest1  (cost=0.43..6.59 rows=108 width=4)
	  Index Cond: ((k >= 6602857) AND (k <= 6602957))

table 2 : explain SELECT k FROM sbtest2 WHERE k BETWEEN 6602857 AND 6602957
	Index Only Scan using k_2 on sbtest2  (cost=0.43..6.42 rows=99 width=4)
	  Index Cond: ((k >= 6602857) AND (k <= 6602957))

table 3 : explain SELECT k FROM sbtest3 WHERE k BETWEEN 6602857 AND 6602957
	Index Only Scan using k_3 on sbtest3  (cost=0.43..10.51 rows=104 width=4)
	  Index Cond: ((k >= 6602857) AND (k <= 6602957))

table 4 : explain SELECT k FROM sbtest4 WHERE k BETWEEN 6602857 AND 6602957
	Index Only Scan using k_4 on sbtest4  (cost=0.43..6.81 rows=119 width=4)
	  Index Cond: ((k >= 6602857) AND (k <= 6602957))

table 5 : explain SELECT k FROM sbtest5 WHERE k BETWEEN 6602857 AND 6602957
	Index Only Scan using k_5 on sbtest5  (cost=0.43..6.61 rows=109 width=4)
	  Index Cond: ((k >= 6602857) AND (k <= 6602957))

table 6 : explain SELECT k FROM sbtest6 WHERE k BETWEEN 6602857 AND 6602957
	Index Only Scan using k_6 on sbtest6  (cost=0.43..6.56 rows=106 width=4)
	  Index Cond: ((k >= 6602857) AND (k <= 6602957))

table 7 : explain SELECT k FROM sbtest7 WHERE k BETWEEN 6602857 AND 6602957
	Index Only Scan using k_7 on sbtest7  (cost=0.43..6.32 rows=94 width=4)
	  Index Cond: ((k >= 6602857) AND (k <= 6602957))

table 8 : explain SELECT k FROM sbtest8 WHERE k BETWEEN 6602857 AND 6602957
	Index Only Scan using k_8 on sbtest8  (cost=0.43..6.51 rows=104 width=4)
	  Index Cond: ((k >= 6602857) AND (k <= 6602957))

explain: for range-covered :: explain SELECT k FROM sbtest%d WHERE k BETWEEN 2796017 AND 2796117
for range-covered
table 1 : explain SELECT k FROM sbtest1 WHERE k BETWEEN 3579152 AND 3579252
	Index Only Scan using k_1 on sbtest1  (cost=0.43..6.50 rows=103 width=4)
	  Index Cond: ((k >= 3579152) AND (k <= 3579252))

table 2 : explain SELECT k FROM sbtest2 WHERE k BETWEEN 3579152 AND 3579252
	Index Only Scan using k_2 on sbtest2  (cost=0.43..6.59 rows=108 width=4)
	  Index Cond: ((k >= 3579152) AND (k <= 3579252))

table 3 : explain SELECT k FROM sbtest3 WHERE k BETWEEN 3579152 AND 3579252
	Index Only Scan using k_3 on sbtest3  (cost=0.43..10.44 rows=100 width=4)
	  Index Cond: ((k >= 3579152) AND (k <= 3579252))

table 4 : explain SELECT k FROM sbtest4 WHERE k BETWEEN 3579152 AND 3579252
	Index Only Scan using k_4 on sbtest4  (cost=0.43..6.45 rows=101 width=4)
	  Index Cond: ((k >= 3579152) AND (k <= 3579252))

table 5 : explain SELECT k FROM sbtest5 WHERE k BETWEEN 3579152 AND 3579252
	Index Only Scan using k_5 on sbtest5  (cost=0.43..6.43 rows=100 width=4)
	  Index Cond: ((k >= 3579152) AND (k <= 3579252))

table 6 : explain SELECT k FROM sbtest6 WHERE k BETWEEN 3579152 AND 3579252
	Index Only Scan using k_6 on sbtest6  (cost=0.43..6.43 rows=100 width=4)
	  Index Cond: ((k >= 3579152) AND (k <= 3579252))

table 7 : explain SELECT k FROM sbtest7 WHERE k BETWEEN 3579152 AND 3579252
	Index Only Scan using k_7 on sbtest7  (cost=0.43..6.42 rows=99 width=4)
	  Index Cond: ((k >= 3579152) AND (k <= 3579252))

table 8 : explain SELECT k FROM sbtest8 WHERE k BETWEEN 3579152 AND 3579252
	Index Only Scan using k_8 on sbtest8  (cost=0.43..6.47 rows=102 width=4)
	  Index Cond: ((k >= 3579152) AND (k <= 3579252))

for range-covered
table 1 : explain SELECT k FROM sbtest1 WHERE k BETWEEN 3039473 AND 3039573
	Index Only Scan using k_1 on sbtest1  (cost=0.43..6.35 rows=96 width=4)
	  Index Cond: ((k >= 3039473) AND (k <= 3039573))

table 2 : explain SELECT k FROM sbtest2 WHERE k BETWEEN 3039473 AND 3039573
	Index Only Scan using k_2 on sbtest2  (cost=0.43..6.45 rows=101 width=4)
	  Index Cond: ((k >= 3039473) AND (k <= 3039573))

table 3 : explain SELECT k FROM sbtest3 WHERE k BETWEEN 3039473 AND 3039573
	Index Only Scan using k_3 on sbtest3  (cost=0.43..10.56 rows=106 width=4)
	  Index Cond: ((k >= 3039473) AND (k <= 3039573))

table 4 : explain SELECT k FROM sbtest4 WHERE k BETWEEN 3039473 AND 3039573
	Index Only Scan using k_4 on sbtest4  (cost=0.43..6.56 rows=106 width=4)
	  Index Cond: ((k >= 3039473) AND (k <= 3039573))

table 5 : explain SELECT k FROM sbtest5 WHERE k BETWEEN 3039473 AND 3039573
	Index Only Scan using k_5 on sbtest5  (cost=0.43..6.63 rows=110 width=4)
	  Index Cond: ((k >= 3039473) AND (k <= 3039573))

table 6 : explain SELECT k FROM sbtest6 WHERE k BETWEEN 3039473 AND 3039573
	Index Only Scan using k_6 on sbtest6  (cost=0.43..6.45 rows=101 width=4)
	  Index Cond: ((k >= 3039473) AND (k <= 3039573))

table 7 : explain SELECT k FROM sbtest7 WHERE k BETWEEN 3039473 AND 3039573
	Index Only Scan using k_7 on sbtest7  (cost=0.43..6.42 rows=99 width=4)
	  Index Cond: ((k >= 3039473) AND (k <= 3039573))

table 8 : explain SELECT k FROM sbtest8 WHERE k BETWEEN 3039473 AND 3039573
	Index Only Scan using k_8 on sbtest8  (cost=0.43..6.53 rows=105 width=4)
	  Index Cond: ((k >= 3039473) AND (k <= 3039573))

explain: for range-covered :: explain SELECT k FROM sbtest%d WHERE k BETWEEN 3579152 AND 3579252
for range-covered
table 1 : explain SELECT k FROM sbtest1 WHERE k BETWEEN 6214403 AND 6214503
	Index Only Scan using k_1 on sbtest1  (cost=0.43..6.42 rows=99 width=4)
	  Index Cond: ((k >= 6214403) AND (k <= 6214503))

table 2 : explain SELECT k FROM sbtest2 WHERE k BETWEEN 6214403 AND 6214503
	Index Only Scan using k_2 on sbtest2  (cost=0.43..6.35 rows=96 width=4)
	  Index Cond: ((k >= 6214403) AND (k <= 6214503))

table 3 : explain SELECT k FROM sbtest3 WHERE k BETWEEN 6214403 AND 6214503
	Index Only Scan using k_3 on sbtest3  (cost=0.43..10.36 rows=96 width=4)
	  Index Cond: ((k >= 6214403) AND (k <= 6214503))

table 4 : explain SELECT k FROM sbtest4 WHERE k BETWEEN 6214403 AND 6214503
	Index Only Scan using k_4 on sbtest4  (cost=0.43..6.47 rows=102 width=4)
	  Index Cond: ((k >= 6214403) AND (k <= 6214503))

table 5 : explain SELECT k FROM sbtest5 WHERE k BETWEEN 6214403 AND 6214503
	Index Only Scan using k_5 on sbtest5  (cost=0.43..6.27 rows=92 width=4)
	  Index Cond: ((k >= 6214403) AND (k <= 6214503))

table 6 : explain SELECT k FROM sbtest6 WHERE k BETWEEN 6214403 AND 6214503
	Index Only Scan using k_6 on sbtest6  (cost=0.43..6.47 rows=102 width=4)
	  Index Cond: ((k >= 6214403) AND (k <= 6214503))

table 7 : explain SELECT k FROM sbtest7 WHERE k BETWEEN 6214403 AND 6214503
	Index Only Scan using k_7 on sbtest7  (cost=0.43..6.42 rows=99 width=4)
	  Index Cond: ((k >= 6214403) AND (k <= 6214503))

table 8 : explain SELECT k FROM sbtest8 WHERE k BETWEEN 6214403 AND 6214503
	Index Only Scan using k_8 on sbtest8  (cost=0.43..6.37 rows=97 width=4)
	  Index Cond: ((k >= 6214403) AND (k <= 6214503))

explain: for range-covered :: explain SELECT k FROM sbtest%d WHERE k BETWEEN 3039473 AND 3039573
for range-covered
table 1 : explain SELECT k FROM sbtest1 WHERE k BETWEEN 4885606 AND 4885706
	Index Only Scan using k_1 on sbtest1  (cost=0.43..6.37 rows=97 width=4)
	  Index Cond: ((k >= 4885606) AND (k <= 4885706))

table 2 : explain SELECT k FROM sbtest2 WHERE k BETWEEN 4885606 AND 4885706
	Index Only Scan using k_2 on sbtest2  (cost=0.43..6.50 rows=103 width=4)
	  Index Cond: ((k >= 4885606) AND (k <= 4885706))

table 3 : explain SELECT k FROM sbtest3 WHERE k BETWEEN 4885606 AND 4885706
	Index Only Scan using k_3 on sbtest3  (cost=0.43..10.58 rows=107 width=4)
	  Index Cond: ((k >= 4885606) AND (k <= 4885706))

table 4 : explain SELECT k FROM sbtest4 WHERE k BETWEEN 4885606 AND 4885706
	Index Only Scan using k_4 on sbtest4  (cost=0.43..6.42 rows=99 width=4)
	  Index Cond: ((k >= 4885606) AND (k <= 4885706))

table 5 : explain SELECT k FROM sbtest5 WHERE k BETWEEN 4885606 AND 4885706
	Index Only Scan using k_5 on sbtest5  (cost=0.43..6.53 rows=105 width=4)
	  Index Cond: ((k >= 4885606) AND (k <= 4885706))

table 6 : explain SELECT k FROM sbtest6 WHERE k BETWEEN 4885606 AND 4885706
	Index Only Scan using k_6 on sbtest6  (cost=0.43..6.45 rows=101 width=4)
	  Index Cond: ((k >= 4885606) AND (k <= 4885706))

table 7 : explain SELECT k FROM sbtest7 WHERE k BETWEEN 4885606 AND 4885706
	Index Only Scan using k_7 on sbtest7  (cost=0.43..6.40 rows=98 width=4)
	  Index Cond: ((k >= 4885606) AND (k <= 4885706))

table 8 : explain SELECT k FROM sbtest8 WHERE k BETWEEN 4885606 AND 4885706
	Index Only Scan using k_8 on sbtest8  (cost=0.43..6.43 rows=100 width=4)
	  Index Cond: ((k >= 4885606) AND (k <= 4885706))

explain: for range-covered :: explain SELECT k FROM sbtest%d WHERE k BETWEEN 4885606 AND 4885706
for range-covered
table 1 : explain SELECT k FROM sbtest1 WHERE k BETWEEN 4289685 AND 4289785
	Index Only Scan using k_1 on sbtest1  (cost=0.43..6.37 rows=97 width=4)
	  Index Cond: ((k >= 4289685) AND (k <= 4289785))

table 2 : explain SELECT k FROM sbtest2 WHERE k BETWEEN 4289685 AND 4289785
	Index Only Scan using k_2 on sbtest2  (cost=0.43..6.53 rows=105 width=4)
	  Index Cond: ((k >= 4289685) AND (k <= 4289785))

table 3 : explain SELECT k FROM sbtest3 WHERE k BETWEEN 4289685 AND 4289785
	Index Only Scan using k_3 on sbtest3  (cost=0.43..10.36 rows=96 width=4)
	  Index Cond: ((k >= 4289685) AND (k <= 4289785))

table 4 : explain SELECT k FROM sbtest4 WHERE k BETWEEN 4289685 AND 4289785
	Index Only Scan using k_4 on sbtest4  (cost=0.43..6.53 rows=105 width=4)
	  Index Cond: ((k >= 4289685) AND (k <= 4289785))

table 5 : explain SELECT k FROM sbtest5 WHERE k BETWEEN 4289685 AND 4289785
	Index Only Scan using k_5 on sbtest5  (cost=0.43..6.61 rows=109 width=4)
	  Index Cond: ((k >= 4289685) AND (k <= 4289785))

table 6 : explain SELECT k FROM sbtest6 WHERE k BETWEEN 4289685 AND 4289785
	Index Only Scan using k_6 on sbtest6  (cost=0.43..6.50 rows=103 width=4)
	  Index Cond: ((k >= 4289685) AND (k <= 4289785))

table 7 : explain SELECT k FROM sbtest7 WHERE k BETWEEN 4289685 AND 4289785
	Index Only Scan using k_7 on sbtest7  (cost=0.43..6.43 rows=100 width=4)
	  Index Cond: ((k >= 4289685) AND (k <= 4289785))

table 8 : explain SELECT k FROM sbtest8 WHERE k BETWEEN 4289685 AND 4289785
	Index Only Scan using k_8 on sbtest8  (cost=0.43..6.66 rows=111 width=4)
	  Index Cond: ((k >= 4289685) AND (k <= 4289785))

for range-covered
table 1 : explain SELECT k FROM sbtest1 WHERE k BETWEEN 2796017 AND 2796117
	Index Only Scan using k_1 on sbtest1  (cost=0.43..6.51 rows=104 width=4)
	  Index Cond: ((k >= 2796017) AND (k <= 2796117))

table 2 : explain SELECT k FROM sbtest2 WHERE k BETWEEN 2796017 AND 2796117
	Index Only Scan using k_2 on sbtest2  (cost=0.43..6.45 rows=101 width=4)
	  Index Cond: ((k >= 2796017) AND (k <= 2796117))

table 3 : explain SELECT k FROM sbtest3 WHERE k BETWEEN 2796017 AND 2796117
	Index Only Scan using k_3 on sbtest3  (cost=0.43..10.62 rows=109 width=4)
	  Index Cond: ((k >= 2796017) AND (k <= 2796117))

table 4 : explain SELECT k FROM sbtest4 WHERE k BETWEEN 2796017 AND 2796117
	Index Only Scan using k_4 on sbtest4  (cost=0.43..6.47 rows=102 width=4)
	  Index Cond: ((k >= 2796017) AND (k <= 2796117))

table 5 : explain SELECT k FROM sbtest5 WHERE k BETWEEN 2796017 AND 2796117
	Index Only Scan using k_5 on sbtest5  (cost=0.43..6.43 rows=100 width=4)
	  Index Cond: ((k >= 2796017) AND (k <= 2796117))

table 6 : explain SELECT k FROM sbtest6 WHERE k BETWEEN 2796017 AND 2796117
	Index Only Scan using k_6 on sbtest6  (cost=0.43..6.24 rows=90 width=4)
	  Index Cond: ((k >= 2796017) AND (k <= 2796117))

table 7 : explain SELECT k FROM sbtest7 WHERE k BETWEEN 2796017 AND 2796117
	Index Only Scan using k_7 on sbtest7  (cost=0.43..6.33 rows=95 width=4)
	  Index Cond: ((k >= 2796017) AND (k <= 2796117))

table 8 : explain SELECT k FROM sbtest8 WHERE k BETWEEN 2796017 AND 2796117
	Index Only Scan using k_8 on sbtest8  (cost=0.43..6.43 rows=100 width=4)
	  Index Cond: ((k >= 2796017) AND (k <= 2796117))

explain: for range-covered :: explain SELECT k FROM sbtest%d WHERE k BETWEEN 6214403 AND 6214503
explain: for range-covered :: explain SELECT k FROM sbtest%d WHERE k BETWEEN 2796017 AND 2796117
explain: for range-covered :: explain SELECT k FROM sbtest%d WHERE k BETWEEN 4289685 AND 4289785
for range-covered
table 1 : explain SELECT k FROM sbtest1 WHERE k BETWEEN 3396318 AND 3396418
	Index Only Scan using k_1 on sbtest1  (cost=0.43..6.58 rows=107 width=4)
	  Index Cond: ((k >= 3396318) AND (k <= 3396418))

table 2 : explain SELECT k FROM sbtest2 WHERE k BETWEEN 3396318 AND 3396418
	Index Only Scan using k_2 on sbtest2  (cost=0.43..6.40 rows=98 width=4)
	  Index Cond: ((k >= 3396318) AND (k <= 3396418))

table 3 : explain SELECT k FROM sbtest3 WHERE k BETWEEN 3396318 AND 3396418
	Index Only Scan using k_3 on sbtest3  (cost=0.43..10.51 rows=104 width=4)
	  Index Cond: ((k >= 3396318) AND (k <= 3396418))

table 4 : explain SELECT k FROM sbtest4 WHERE k BETWEEN 3396318 AND 3396418
	Index Only Scan using k_4 on sbtest4  (cost=0.43..6.45 rows=101 width=4)
	  Index Cond: ((k >= 3396318) AND (k <= 3396418))

table 5 : explain SELECT k FROM sbtest5 WHERE k BETWEEN 3396318 AND 3396418
	Index Only Scan using k_5 on sbtest5  (cost=0.43..6.43 rows=100 width=4)
	  Index Cond: ((k >= 3396318) AND (k <= 3396418))

table 6 : explain SELECT k FROM sbtest6 WHERE k BETWEEN 3396318 AND 3396418
	Index Only Scan using k_6 on sbtest6  (cost=0.43..6.32 rows=94 width=4)
	  Index Cond: ((k >= 3396318) AND (k <= 3396418))

table 7 : explain SELECT k FROM sbtest7 WHERE k BETWEEN 3396318 AND 3396418
	Index Only Scan using k_7 on sbtest7  (cost=0.43..6.61 rows=109 width=4)
	  Index Cond: ((k >= 3396318) AND (k <= 3396418))

table 8 : explain SELECT k FROM sbtest8 WHERE k BETWEEN 3396318 AND 3396418
	Index Only Scan using k_8 on sbtest8  (cost=0.43..6.56 rows=106 width=4)
	  Index Cond: ((k >= 3396318) AND (k <= 3396418))

for range-covered
table 1 : explain SELECT k FROM sbtest1 WHERE k BETWEEN 3579152 AND 3579252
	Index Only Scan using k_1 on sbtest1  (cost=0.43..6.50 rows=103 width=4)
	  Index Cond: ((k >= 3579152) AND (k <= 3579252))

table 2 : explain SELECT k FROM sbtest2 WHERE k BETWEEN 3579152 AND 3579252
	Index Only Scan using k_2 on sbtest2  (cost=0.43..6.59 rows=108 width=4)
	  Index Cond: ((k >= 3579152) AND (k <= 3579252))

table 3 : explain SELECT k FROM sbtest3 WHERE k BETWEEN 3579152 AND 3579252
	Index Only Scan using k_3 on sbtest3  (cost=0.43..10.44 rows=100 width=4)
	  Index Cond: ((k >= 3579152) AND (k <= 3579252))

table 4 : explain SELECT k FROM sbtest4 WHERE k BETWEEN 3579152 AND 3579252
	Index Only Scan using k_4 on sbtest4  (cost=0.43..6.45 rows=101 width=4)
	  Index Cond: ((k >= 3579152) AND (k <= 3579252))

table 5 : explain SELECT k FROM sbtest5 WHERE k BETWEEN 3579152 AND 3579252
	Index Only Scan using k_5 on sbtest5  (cost=0.43..6.43 rows=100 width=4)
	  Index Cond: ((k >= 3579152) AND (k <= 3579252))

table 6 : explain SELECT k FROM sbtest6 WHERE k BETWEEN 3579152 AND 3579252
	Index Only Scan using k_6 on sbtest6  (cost=0.43..6.43 rows=100 width=4)
	  Index Cond: ((k >= 3579152) AND (k <= 3579252))

table 7 : explain SELECT k FROM sbtest7 WHERE k BETWEEN 3579152 AND 3579252
	Index Only Scan using k_7 on sbtest7  (cost=0.43..6.42 rows=99 width=4)
	  Index Cond: ((k >= 3579152) AND (k <= 3579252))

table 8 : explain SELECT k FROM sbtest8 WHERE k BETWEEN 3579152 AND 3579252
	Index Only Scan using k_8 on sbtest8  (cost=0.43..6.47 rows=102 width=4)
	  Index Cond: ((k >= 3579152) AND (k <= 3579252))

explain: for range-covered :: explain SELECT k FROM sbtest%d WHERE k BETWEEN 3396318 AND 3396418
explain: for range-covered :: explain SELECT k FROM sbtest%d WHERE k BETWEEN 3579152 AND 3579252
for range-covered
table 1 : explain SELECT k FROM sbtest1 WHERE k BETWEEN 7177719 AND 7177819
	Index Only Scan using k_1 on sbtest1  (cost=0.43..6.74 rows=115 width=4)
	  Index Cond: ((k >= 7177719) AND (k <= 7177819))

table 2 : explain SELECT k FROM sbtest2 WHERE k BETWEEN 7177719 AND 7177819
	Index Only Scan using k_2 on sbtest2  (cost=0.43..6.53 rows=105 width=4)
	  Index Cond: ((k >= 7177719) AND (k <= 7177819))

table 3 : explain SELECT k FROM sbtest3 WHERE k BETWEEN 7177719 AND 7177819
	Index Only Scan using k_3 on sbtest3  (cost=0.43..10.29 rows=93 width=4)
	  Index Cond: ((k >= 7177719) AND (k <= 7177819))

table 4 : explain SELECT k FROM sbtest4 WHERE k BETWEEN 7177719 AND 7177819
	Index Only Scan using k_4 on sbtest4  (cost=0.43..6.37 rows=97 width=4)
	  Index Cond: ((k >= 7177719) AND (k <= 7177819))

table 5 : explain SELECT k FROM sbtest5 WHERE k BETWEEN 7177719 AND 7177819
	Index Only Scan using k_5 on sbtest5  (cost=0.43..6.45 rows=101 width=4)
	  Index Cond: ((k >= 7177719) AND (k <= 7177819))

table 6 : explain SELECT k FROM sbtest6 WHERE k BETWEEN 7177719 AND 7177819
	Index Only Scan using k_6 on sbtest6  (cost=0.43..6.51 rows=104 width=4)
	  Index Cond: ((k >= 7177719) AND (k <= 7177819))

table 7 : explain SELECT k FROM sbtest7 WHERE k BETWEEN 7177719 AND 7177819
	Index Only Scan using k_7 on sbtest7  (cost=0.43..6.35 rows=96 width=4)
	  Index Cond: ((k >= 7177719) AND (k <= 7177819))

table 8 : explain SELECT k FROM sbtest8 WHERE k BETWEEN 7177719 AND 7177819
	Index Only Scan using k_8 on sbtest8  (cost=0.43..6.58 rows=107 width=4)
	  Index Cond: ((k >= 7177719) AND (k <= 7177819))

for range-covered
table 1 : explain SELECT k FROM sbtest1 WHERE k BETWEEN 4885606 AND 4885706
	Index Only Scan using k_1 on sbtest1  (cost=0.43..6.37 rows=97 width=4)
	  Index Cond: ((k >= 4885606) AND (k <= 4885706))

table 2 : explain SELECT k FROM sbtest2 WHERE k BETWEEN 4885606 AND 4885706
	Index Only Scan using k_2 on sbtest2  (cost=0.43..6.50 rows=103 width=4)
	  Index Cond: ((k >= 4885606) AND (k <= 4885706))

table 3 : explain SELECT k FROM sbtest3 WHERE k BETWEEN 4885606 AND 4885706
	Index Only Scan using k_3 on sbtest3  (cost=0.43..10.58 rows=107 width=4)
	  Index Cond: ((k >= 4885606) AND (k <= 4885706))

table 4 : explain SELECT k FROM sbtest4 WHERE k BETWEEN 4885606 AND 4885706
	Index Only Scan using k_4 on sbtest4  (cost=0.43..6.42 rows=99 width=4)
	  Index Cond: ((k >= 4885606) AND (k <= 4885706))

table 5 : explain SELECT k FROM sbtest5 WHERE k BETWEEN 4885606 AND 4885706
	Index Only Scan using k_5 on sbtest5  (cost=0.43..6.53 rows=105 width=4)
	  Index Cond: ((k >= 4885606) AND (k <= 4885706))

table 6 : explain SELECT k FROM sbtest6 WHERE k BETWEEN 4885606 AND 4885706
	Index Only Scan using k_6 on sbtest6  (cost=0.43..6.45 rows=101 width=4)
	  Index Cond: ((k >= 4885606) AND (k <= 4885706))

table 7 : explain SELECT k FROM sbtest7 WHERE k BETWEEN 4885606 AND 4885706
	Index Only Scan using k_7 on sbtest7  (cost=0.43..6.40 rows=98 width=4)
	  Index Cond: ((k >= 4885606) AND (k <= 4885706))

table 8 : explain SELECT k FROM sbtest8 WHERE k BETWEEN 4885606 AND 4885706
	Index Only Scan using k_8 on sbtest8  (cost=0.43..6.43 rows=100 width=4)
	  Index Cond: ((k >= 4885606) AND (k <= 4885706))

explain: for range-covered :: explain SELECT k FROM sbtest%d WHERE k BETWEEN 7177719 AND 7177819
explain: for range-covered :: explain SELECT k FROM sbtest%d WHERE k BETWEEN 4885606 AND 4885706
for range-covered
table 1 : explain SELECT k FROM sbtest1 WHERE k BETWEEN 3039473 AND 3039573
	Index Only Scan using k_1 on sbtest1  (cost=0.43..6.35 rows=96 width=4)
	  Index Cond: ((k >= 3039473) AND (k <= 3039573))

table 2 : explain SELECT k FROM sbtest2 WHERE k BETWEEN 3039473 AND 3039573
	Index Only Scan using k_2 on sbtest2  (cost=0.43..6.45 rows=101 width=4)
	  Index Cond: ((k >= 3039473) AND (k <= 3039573))

table 3 : explain SELECT k FROM sbtest3 WHERE k BETWEEN 3039473 AND 3039573
	Index Only Scan using k_3 on sbtest3  (cost=0.43..10.56 rows=106 width=4)
	  Index Cond: ((k >= 3039473) AND (k <= 3039573))

table 4 : explain SELECT k FROM sbtest4 WHERE k BETWEEN 3039473 AND 3039573
	Index Only Scan using k_4 on sbtest4  (cost=0.43..6.56 rows=106 width=4)
	  Index Cond: ((k >= 3039473) AND (k <= 3039573))

table 5 : explain SELECT k FROM sbtest5 WHERE k BETWEEN 3039473 AND 3039573
	Index Only Scan using k_5 on sbtest5  (cost=0.43..6.63 rows=110 width=4)
	  Index Cond: ((k >= 3039473) AND (k <= 3039573))

table 6 : explain SELECT k FROM sbtest6 WHERE k BETWEEN 3039473 AND 3039573
	Index Only Scan using k_6 on sbtest6  (cost=0.43..6.45 rows=101 width=4)
	  Index Cond: ((k >= 3039473) AND (k <= 3039573))

table 7 : explain SELECT k FROM sbtest7 WHERE k BETWEEN 3039473 AND 3039573
	Index Only Scan using k_7 on sbtest7  (cost=0.43..6.42 rows=99 width=4)
	  Index Cond: ((k >= 3039473) AND (k <= 3039573))

table 8 : explain SELECT k FROM sbtest8 WHERE k BETWEEN 3039473 AND 3039573
	Index Only Scan using k_8 on sbtest8  (cost=0.43..6.53 rows=105 width=4)
	  Index Cond: ((k >= 3039473) AND (k <= 3039573))

explain: for range-covered :: explain SELECT k FROM sbtest%d WHERE k BETWEEN 3039473 AND 3039573
for range-covered
table 1 : explain SELECT k FROM sbtest1 WHERE k BETWEEN 2796017 AND 2796117
	Index Only Scan using k_1 on sbtest1  (cost=0.43..6.51 rows=104 width=4)
	  Index Cond: ((k >= 2796017) AND (k <= 2796117))

table 2 : explain SELECT k FROM sbtest2 WHERE k BETWEEN 2796017 AND 2796117
	Index Only Scan using k_2 on sbtest2  (cost=0.43..6.45 rows=101 width=4)
	  Index Cond: ((k >= 2796017) AND (k <= 2796117))

table 3 : explain SELECT k FROM sbtest3 WHERE k BETWEEN 2796017 AND 2796117
	Index Only Scan using k_3 on sbtest3  (cost=0.43..10.62 rows=109 width=4)
	  Index Cond: ((k >= 2796017) AND (k <= 2796117))

table 4 : explain SELECT k FROM sbtest4 WHERE k BETWEEN 2796017 AND 2796117
	Index Only Scan using k_4 on sbtest4  (cost=0.43..6.47 rows=102 width=4)
	  Index Cond: ((k >= 2796017) AND (k <= 2796117))

table 5 : explain SELECT k FROM sbtest5 WHERE k BETWEEN 2796017 AND 2796117
	Index Only Scan using k_5 on sbtest5  (cost=0.43..6.43 rows=100 width=4)
	  Index Cond: ((k >= 2796017) AND (k <= 2796117))

table 6 : explain SELECT k FROM sbtest6 WHERE k BETWEEN 2796017 AND 2796117
	Index Only Scan using k_6 on sbtest6  (cost=0.43..6.24 rows=90 width=4)
	  Index Cond: ((k >= 2796017) AND (k <= 2796117))

table 7 : explain SELECT k FROM sbtest7 WHERE k BETWEEN 2796017 AND 2796117
	Index Only Scan using k_7 on sbtest7  (cost=0.43..6.33 rows=95 width=4)
	  Index Cond: ((k >= 2796017) AND (k <= 2796117))

table 8 : explain SELECT k FROM sbtest8 WHERE k BETWEEN 2796017 AND 2796117
	Index Only Scan using k_8 on sbtest8  (cost=0.43..6.43 rows=100 width=4)
	  Index Cond: ((k >= 2796017) AND (k <= 2796117))

for range-covered
table 1 : explain SELECT k FROM sbtest1 WHERE k BETWEEN 3396318 AND 3396418
	Index Only Scan using k_1 on sbtest1  (cost=0.43..6.58 rows=107 width=4)
	  Index Cond: ((k >= 3396318) AND (k <= 3396418))

table 2 : explain SELECT k FROM sbtest2 WHERE k BETWEEN 3396318 AND 3396418
	Index Only Scan using k_2 on sbtest2  (cost=0.43..6.40 rows=98 width=4)
	  Index Cond: ((k >= 3396318) AND (k <= 3396418))

table 3 : explain SELECT k FROM sbtest3 WHERE k BETWEEN 3396318 AND 3396418
	Index Only Scan using k_3 on sbtest3  (cost=0.43..10.51 rows=104 width=4)
	  Index Cond: ((k >= 3396318) AND (k <= 3396418))

table 4 : explain SELECT k FROM sbtest4 WHERE k BETWEEN 3396318 AND 3396418
	Index Only Scan using k_4 on sbtest4  (cost=0.43..6.45 rows=101 width=4)
	  Index Cond: ((k >= 3396318) AND (k <= 3396418))

table 5 : explain SELECT k FROM sbtest5 WHERE k BETWEEN 3396318 AND 3396418
	Index Only Scan using k_5 on sbtest5  (cost=0.43..6.43 rows=100 width=4)
	  Index Cond: ((k >= 3396318) AND (k <= 3396418))

table 6 : explain SELECT k FROM sbtest6 WHERE k BETWEEN 3396318 AND 3396418
	Index Only Scan using k_6 on sbtest6  (cost=0.43..6.32 rows=94 width=4)
	  Index Cond: ((k >= 3396318) AND (k <= 3396418))

table 7 : explain SELECT k FROM sbtest7 WHERE k BETWEEN 3396318 AND 3396418
	Index Only Scan using k_7 on sbtest7  (cost=0.43..6.61 rows=109 width=4)
	  Index Cond: ((k >= 3396318) AND (k <= 3396418))

table 8 : explain SELECT k FROM sbtest8 WHERE k BETWEEN 3396318 AND 3396418
	Index Only Scan using k_8 on sbtest8  (cost=0.43..6.56 rows=106 width=4)
	  Index Cond: ((k >= 3396318) AND (k <= 3396418))

explain: for range-covered :: explain SELECT k FROM sbtest%d WHERE k BETWEEN 3396318 AND 3396418
for range-covered
table 1 : explain SELECT k FROM sbtest1 WHERE k BETWEEN 4885606 AND 4885706
	Index Only Scan using k_1 on sbtest1  (cost=0.43..6.37 rows=97 width=4)
	  Index Cond: ((k >= 4885606) AND (k <= 4885706))

table 2 : explain SELECT k FROM sbtest2 WHERE k BETWEEN 4885606 AND 4885706
	Index Only Scan using k_2 on sbtest2  (cost=0.43..6.50 rows=103 width=4)
	  Index Cond: ((k >= 4885606) AND (k <= 4885706))

table 3 : explain SELECT k FROM sbtest3 WHERE k BETWEEN 4885606 AND 4885706
	Index Only Scan using k_3 on sbtest3  (cost=0.43..10.58 rows=107 width=4)
	  Index Cond: ((k >= 4885606) AND (k <= 4885706))

table 4 : explain SELECT k FROM sbtest4 WHERE k BETWEEN 4885606 AND 4885706
	Index Only Scan using k_4 on sbtest4  (cost=0.43..6.42 rows=99 width=4)
	  Index Cond: ((k >= 4885606) AND (k <= 4885706))

table 5 : explain SELECT k FROM sbtest5 WHERE k BETWEEN 4885606 AND 4885706
	Index Only Scan using k_5 on sbtest5  (cost=0.43..6.53 rows=105 width=4)
	  Index Cond: ((k >= 4885606) AND (k <= 4885706))

table 6 : explain SELECT k FROM sbtest6 WHERE k BETWEEN 4885606 AND 4885706
	Index Only Scan using k_6 on sbtest6  (cost=0.43..6.45 rows=101 width=4)
	  Index Cond: ((k >= 4885606) AND (k <= 4885706))

table 7 : explain SELECT k FROM sbtest7 WHERE k BETWEEN 4885606 AND 4885706
	Index Only Scan using k_7 on sbtest7  (cost=0.43..6.40 rows=98 width=4)
	  Index Cond: ((k >= 4885606) AND (k <= 4885706))

table 8 : explain SELECT k FROM sbtest8 WHERE k BETWEEN 4885606 AND 4885706
	Index Only Scan using k_8 on sbtest8  (cost=0.43..6.43 rows=100 width=4)
	  Index Cond: ((k >= 4885606) AND (k <= 4885706))

explain: for range-covered :: explain SELECT k FROM sbtest%d WHERE k BETWEEN 4885606 AND 4885706
for range-covered
table 1 : explain SELECT k FROM sbtest1 WHERE k BETWEEN 7177719 AND 7177819
	Index Only Scan using k_1 on sbtest1  (cost=0.43..6.74 rows=115 width=4)
	  Index Cond: ((k >= 7177719) AND (k <= 7177819))

table 2 : explain SELECT k FROM sbtest2 WHERE k BETWEEN 7177719 AND 7177819
	Index Only Scan using k_2 on sbtest2  (cost=0.43..6.53 rows=105 width=4)
	  Index Cond: ((k >= 7177719) AND (k <= 7177819))

table 3 : explain SELECT k FROM sbtest3 WHERE k BETWEEN 7177719 AND 7177819
	Index Only Scan using k_3 on sbtest3  (cost=0.43..10.29 rows=93 width=4)
	  Index Cond: ((k >= 7177719) AND (k <= 7177819))

table 4 : explain SELECT k FROM sbtest4 WHERE k BETWEEN 7177719 AND 7177819
	Index Only Scan using k_4 on sbtest4  (cost=0.43..6.37 rows=97 width=4)
	  Index Cond: ((k >= 7177719) AND (k <= 7177819))

table 5 : explain SELECT k FROM sbtest5 WHERE k BETWEEN 7177719 AND 7177819
	Index Only Scan using k_5 on sbtest5  (cost=0.43..6.45 rows=101 width=4)
	  Index Cond: ((k >= 7177719) AND (k <= 7177819))

table 6 : explain SELECT k FROM sbtest6 WHERE k BETWEEN 7177719 AND 7177819
	Index Only Scan using k_6 on sbtest6  (cost=0.43..6.51 rows=104 width=4)
	  Index Cond: ((k >= 7177719) AND (k <= 7177819))

table 7 : explain SELECT k FROM sbtest7 WHERE k BETWEEN 7177719 AND 7177819
	Index Only Scan using k_7 on sbtest7  (cost=0.43..6.35 rows=96 width=4)
	  Index Cond: ((k >= 7177719) AND (k <= 7177819))

table 8 : explain SELECT k FROM sbtest8 WHERE k BETWEEN 7177719 AND 7177819
	Index Only Scan using k_8 on sbtest8  (cost=0.43..6.58 rows=107 width=4)
	  Index Cond: ((k >= 7177719) AND (k <= 7177819))

for range-covered
table 1 : explain SELECT k FROM sbtest1 WHERE k BETWEEN 3039473 AND 3039573
	Index Only Scan using k_1 on sbtest1  (cost=0.43..6.35 rows=96 width=4)
	  Index Cond: ((k >= 3039473) AND (k <= 3039573))

table 2 : explain SELECT k FROM sbtest2 WHERE k BETWEEN 3039473 AND 3039573
	Index Only Scan using k_2 on sbtest2  (cost=0.43..6.45 rows=101 width=4)
	  Index Cond: ((k >= 3039473) AND (k <= 3039573))

table 3 : explain SELECT k FROM sbtest3 WHERE k BETWEEN 3039473 AND 3039573
	Index Only Scan using k_3 on sbtest3  (cost=0.43..10.56 rows=106 width=4)
	  Index Cond: ((k >= 3039473) AND (k <= 3039573))

table 4 : explain SELECT k FROM sbtest4 WHERE k BETWEEN 3039473 AND 3039573
	Index Only Scan using k_4 on sbtest4  (cost=0.43..6.56 rows=106 width=4)
	  Index Cond: ((k >= 3039473) AND (k <= 3039573))

table 5 : explain SELECT k FROM sbtest5 WHERE k BETWEEN 3039473 AND 3039573
	Index Only Scan using k_5 on sbtest5  (cost=0.43..6.63 rows=110 width=4)
	  Index Cond: ((k >= 3039473) AND (k <= 3039573))

table 6 : explain SELECT k FROM sbtest6 WHERE k BETWEEN 3039473 AND 3039573
	Index Only Scan using k_6 on sbtest6  (cost=0.43..6.45 rows=101 width=4)
	  Index Cond: ((k >= 3039473) AND (k <= 3039573))

table 7 : explain SELECT k FROM sbtest7 WHERE k BETWEEN 3039473 AND 3039573
	Index Only Scan using k_7 on sbtest7  (cost=0.43..6.42 rows=99 width=4)
	  Index Cond: ((k >= 3039473) AND (k <= 3039573))

table 8 : explain SELECT k FROM sbtest8 WHERE k BETWEEN 3039473 AND 3039573
	Index Only Scan using k_8 on sbtest8  (cost=0.43..6.53 rows=105 width=4)
	  Index Cond: ((k >= 3039473) AND (k <= 3039573))

explain: for range-covered :: explain SELECT k FROM sbtest%d WHERE k BETWEEN 3039473 AND 3039573
for range-covered
table 1 : explain SELECT k FROM sbtest1 WHERE k BETWEEN 3396318 AND 3396418
	Index Only Scan using k_1 on sbtest1  (cost=0.43..6.58 rows=107 width=4)
	  Index Cond: ((k >= 3396318) AND (k <= 3396418))

table 2 : explain SELECT k FROM sbtest2 WHERE k BETWEEN 3396318 AND 3396418
	Index Only Scan using k_2 on sbtest2  (cost=0.43..6.40 rows=98 width=4)
	  Index Cond: ((k >= 3396318) AND (k <= 3396418))

table 3 : explain SELECT k FROM sbtest3 WHERE k BETWEEN 3396318 AND 3396418
	Index Only Scan using k_3 on sbtest3  (cost=0.43..10.51 rows=104 width=4)
	  Index Cond: ((k >= 3396318) AND (k <= 3396418))

table 4 : explain SELECT k FROM sbtest4 WHERE k BETWEEN 3396318 AND 3396418
	Index Only Scan using k_4 on sbtest4  (cost=0.43..6.45 rows=101 width=4)
	  Index Cond: ((k >= 3396318) AND (k <= 3396418))

table 5 : explain SELECT k FROM sbtest5 WHERE k BETWEEN 3396318 AND 3396418
	Index Only Scan using k_5 on sbtest5  (cost=0.43..6.43 rows=100 width=4)
	  Index Cond: ((k >= 3396318) AND (k <= 3396418))

table 6 : explain SELECT k FROM sbtest6 WHERE k BETWEEN 3396318 AND 3396418
	Index Only Scan using k_6 on sbtest6  (cost=0.43..6.32 rows=94 width=4)
	  Index Cond: ((k >= 3396318) AND (k <= 3396418))

table 7 : explain SELECT k FROM sbtest7 WHERE k BETWEEN 3396318 AND 3396418
	Index Only Scan using k_7 on sbtest7  (cost=0.43..6.61 rows=109 width=4)
	  Index Cond: ((k >= 3396318) AND (k <= 3396418))

table 8 : explain SELECT k FROM sbtest8 WHERE k BETWEEN 3396318 AND 3396418
	Index Only Scan using k_8 on sbtest8  (cost=0.43..6.56 rows=106 width=4)
	  Index Cond: ((k >= 3396318) AND (k <= 3396418))

explain: for range-covered :: explain SELECT k FROM sbtest%d WHERE k BETWEEN 3396318 AND 3396418
for range-covered
table 1 : explain SELECT k FROM sbtest1 WHERE k BETWEEN 3039473 AND 3039573
	Index Only Scan using k_1 on sbtest1  (cost=0.43..6.35 rows=96 width=4)
	  Index Cond: ((k >= 3039473) AND (k <= 3039573))

table 2 : explain SELECT k FROM sbtest2 WHERE k BETWEEN 3039473 AND 3039573
	Index Only Scan using k_2 on sbtest2  (cost=0.43..6.45 rows=101 width=4)
	  Index Cond: ((k >= 3039473) AND (k <= 3039573))

table 3 : explain SELECT k FROM sbtest3 WHERE k BETWEEN 3039473 AND 3039573
	Index Only Scan using k_3 on sbtest3  (cost=0.43..10.56 rows=106 width=4)
	  Index Cond: ((k >= 3039473) AND (k <= 3039573))

table 4 : explain SELECT k FROM sbtest4 WHERE k BETWEEN 3039473 AND 3039573
	Index Only Scan using k_4 on sbtest4  (cost=0.43..6.56 rows=106 width=4)
	  Index Cond: ((k >= 3039473) AND (k <= 3039573))

table 5 : explain SELECT k FROM sbtest5 WHERE k BETWEEN 3039473 AND 3039573
	Index Only Scan using k_5 on sbtest5  (cost=0.43..6.63 rows=110 width=4)
	  Index Cond: ((k >= 3039473) AND (k <= 3039573))

table 6 : explain SELECT k FROM sbtest6 WHERE k BETWEEN 3039473 AND 3039573
	Index Only Scan using k_6 on sbtest6  (cost=0.43..6.45 rows=101 width=4)
	  Index Cond: ((k >= 3039473) AND (k <= 3039573))

table 7 : explain SELECT k FROM sbtest7 WHERE k BETWEEN 3039473 AND 3039573
	Index Only Scan using k_7 on sbtest7  (cost=0.43..6.42 rows=99 width=4)
	  Index Cond: ((k >= 3039473) AND (k <= 3039573))

table 8 : explain SELECT k FROM sbtest8 WHERE k BETWEEN 3039473 AND 3039573
	Index Only Scan using k_8 on sbtest8  (cost=0.43..6.53 rows=105 width=4)
	  Index Cond: ((k >= 3039473) AND (k <= 3039573))

explain: for range-covered :: explain SELECT k FROM sbtest%d WHERE k BETWEEN 3039473 AND 3039573
for range-covered
table 1 : explain SELECT k FROM sbtest1 WHERE k BETWEEN 3579152 AND 3579252
	Index Only Scan using k_1 on sbtest1  (cost=0.43..6.50 rows=103 width=4)
	  Index Cond: ((k >= 3579152) AND (k <= 3579252))

table 2 : explain SELECT k FROM sbtest2 WHERE k BETWEEN 3579152 AND 3579252
	Index Only Scan using k_2 on sbtest2  (cost=0.43..6.59 rows=108 width=4)
	  Index Cond: ((k >= 3579152) AND (k <= 3579252))

table 3 : explain SELECT k FROM sbtest3 WHERE k BETWEEN 3579152 AND 3579252
	Index Only Scan using k_3 on sbtest3  (cost=0.43..10.44 rows=100 width=4)
	  Index Cond: ((k >= 3579152) AND (k <= 3579252))

table 4 : explain SELECT k FROM sbtest4 WHERE k BETWEEN 3579152 AND 3579252
	Index Only Scan using k_4 on sbtest4  (cost=0.43..6.45 rows=101 width=4)
	  Index Cond: ((k >= 3579152) AND (k <= 3579252))

table 5 : explain SELECT k FROM sbtest5 WHERE k BETWEEN 3579152 AND 3579252
	Index Only Scan using k_5 on sbtest5  (cost=0.43..6.43 rows=100 width=4)
	  Index Cond: ((k >= 3579152) AND (k <= 3579252))

table 6 : explain SELECT k FROM sbtest6 WHERE k BETWEEN 3579152 AND 3579252
	Index Only Scan using k_6 on sbtest6  (cost=0.43..6.43 rows=100 width=4)
	  Index Cond: ((k >= 3579152) AND (k <= 3579252))

table 7 : explain SELECT k FROM sbtest7 WHERE k BETWEEN 3579152 AND 3579252
	Index Only Scan using k_7 on sbtest7  (cost=0.43..6.42 rows=99 width=4)
	  Index Cond: ((k >= 3579152) AND (k <= 3579252))

table 8 : explain SELECT k FROM sbtest8 WHERE k BETWEEN 3579152 AND 3579252
	Index Only Scan using k_8 on sbtest8  (cost=0.43..6.47 rows=102 width=4)
	  Index Cond: ((k >= 3579152) AND (k <= 3579252))

explain: for range-covered :: explain SELECT k FROM sbtest%d WHERE k BETWEEN 3579152 AND 3579252
for range-covered
table 1 : explain SELECT k FROM sbtest1 WHERE k BETWEEN 3396318 AND 3396418
	Index Only Scan using k_1 on sbtest1  (cost=0.43..6.58 rows=107 width=4)
	  Index Cond: ((k >= 3396318) AND (k <= 3396418))

table 2 : explain SELECT k FROM sbtest2 WHERE k BETWEEN 3396318 AND 3396418
	Index Only Scan using k_2 on sbtest2  (cost=0.43..6.40 rows=98 width=4)
	  Index Cond: ((k >= 3396318) AND (k <= 3396418))

table 3 : explain SELECT k FROM sbtest3 WHERE k BETWEEN 3396318 AND 3396418
	Index Only Scan using k_3 on sbtest3  (cost=0.43..10.51 rows=104 width=4)
	  Index Cond: ((k >= 3396318) AND (k <= 3396418))

table 4 : explain SELECT k FROM sbtest4 WHERE k BETWEEN 3396318 AND 3396418
	Index Only Scan using k_4 on sbtest4  (cost=0.43..6.45 rows=101 width=4)
	  Index Cond: ((k >= 3396318) AND (k <= 3396418))

table 5 : explain SELECT k FROM sbtest5 WHERE k BETWEEN 3396318 AND 3396418
	Index Only Scan using k_5 on sbtest5  (cost=0.43..6.43 rows=100 width=4)
	  Index Cond: ((k >= 3396318) AND (k <= 3396418))

table 6 : explain SELECT k FROM sbtest6 WHERE k BETWEEN 3396318 AND 3396418
	Index Only Scan using k_6 on sbtest6  (cost=0.43..6.32 rows=94 width=4)
	  Index Cond: ((k >= 3396318) AND (k <= 3396418))

table 7 : explain SELECT k FROM sbtest7 WHERE k BETWEEN 3396318 AND 3396418
	Index Only Scan using k_7 on sbtest7  (cost=0.43..6.61 rows=109 width=4)
	  Index Cond: ((k >= 3396318) AND (k <= 3396418))

table 8 : explain SELECT k FROM sbtest8 WHERE k BETWEEN 3396318 AND 3396418
	Index Only Scan using k_8 on sbtest8  (cost=0.43..6.56 rows=106 width=4)
	  Index Cond: ((k >= 3396318) AND (k <= 3396418))

explain: for range-covered :: explain SELECT k FROM sbtest%d WHERE k BETWEEN 3396318 AND 3396418
explain: for range-covered :: explain SELECT k FROM sbtest%d WHERE k BETWEEN 7177719 AND 7177819
for range-covered
table 1 : explain SELECT k FROM sbtest1 WHERE k BETWEEN 4289685 AND 4289785
	Index Only Scan using k_1 on sbtest1  (cost=0.43..6.37 rows=97 width=4)
	  Index Cond: ((k >= 4289685) AND (k <= 4289785))

table 2 : explain SELECT k FROM sbtest2 WHERE k BETWEEN 4289685 AND 4289785
	Index Only Scan using k_2 on sbtest2  (cost=0.43..6.53 rows=105 width=4)
	  Index Cond: ((k >= 4289685) AND (k <= 4289785))

table 3 : explain SELECT k FROM sbtest3 WHERE k BETWEEN 4289685 AND 4289785
	Index Only Scan using k_3 on sbtest3  (cost=0.43..10.36 rows=96 width=4)
	  Index Cond: ((k >= 4289685) AND (k <= 4289785))

table 4 : explain SELECT k FROM sbtest4 WHERE k BETWEEN 4289685 AND 4289785
	Index Only Scan using k_4 on sbtest4  (cost=0.43..6.53 rows=105 width=4)
	  Index Cond: ((k >= 4289685) AND (k <= 4289785))

table 5 : explain SELECT k FROM sbtest5 WHERE k BETWEEN 4289685 AND 4289785
	Index Only Scan using k_5 on sbtest5  (cost=0.43..6.61 rows=109 width=4)
	  Index Cond: ((k >= 4289685) AND (k <= 4289785))

table 6 : explain SELECT k FROM sbtest6 WHERE k BETWEEN 4289685 AND 4289785
	Index Only Scan using k_6 on sbtest6  (cost=0.43..6.50 rows=103 width=4)
	  Index Cond: ((k >= 4289685) AND (k <= 4289785))

table 7 : explain SELECT k FROM sbtest7 WHERE k BETWEEN 4289685 AND 4289785
	Index Only Scan using k_7 on sbtest7  (cost=0.43..6.43 rows=100 width=4)
	  Index Cond: ((k >= 4289685) AND (k <= 4289785))

table 8 : explain SELECT k FROM sbtest8 WHERE k BETWEEN 4289685 AND 4289785
	Index Only Scan using k_8 on sbtest8  (cost=0.43..6.66 rows=111 width=4)
	  Index Cond: ((k >= 4289685) AND (k <= 4289785))

for range-covered
table 1 : explain SELECT k FROM sbtest1 WHERE k BETWEEN 3039473 AND 3039573
	Index Only Scan using k_1 on sbtest1  (cost=0.43..6.35 rows=96 width=4)
	  Index Cond: ((k >= 3039473) AND (k <= 3039573))

table 2 : explain SELECT k FROM sbtest2 WHERE k BETWEEN 3039473 AND 3039573
	Index Only Scan using k_2 on sbtest2  (cost=0.43..6.45 rows=101 width=4)
	  Index Cond: ((k >= 3039473) AND (k <= 3039573))

table 3 : explain SELECT k FROM sbtest3 WHERE k BETWEEN 3039473 AND 3039573
	Index Only Scan using k_3 on sbtest3  (cost=0.43..10.56 rows=106 width=4)
	  Index Cond: ((k >= 3039473) AND (k <= 3039573))

table 4 : explain SELECT k FROM sbtest4 WHERE k BETWEEN 3039473 AND 3039573
	Index Only Scan using k_4 on sbtest4  (cost=0.43..6.56 rows=106 width=4)
	  Index Cond: ((k >= 3039473) AND (k <= 3039573))

table 5 : explain SELECT k FROM sbtest5 WHERE k BETWEEN 3039473 AND 3039573
	Index Only Scan using k_5 on sbtest5  (cost=0.43..6.63 rows=110 width=4)
	  Index Cond: ((k >= 3039473) AND (k <= 3039573))

table 6 : explain SELECT k FROM sbtest6 WHERE k BETWEEN 3039473 AND 3039573
	Index Only Scan using k_6 on sbtest6  (cost=0.43..6.45 rows=101 width=4)
	  Index Cond: ((k >= 3039473) AND (k <= 3039573))

table 7 : explain SELECT k FROM sbtest7 WHERE k BETWEEN 3039473 AND 3039573
	Index Only Scan using k_7 on sbtest7  (cost=0.43..6.42 rows=99 width=4)
	  Index Cond: ((k >= 3039473) AND (k <= 3039573))

table 8 : explain SELECT k FROM sbtest8 WHERE k BETWEEN 3039473 AND 3039573
	Index Only Scan using k_8 on sbtest8  (cost=0.43..6.53 rows=105 width=4)
	  Index Cond: ((k >= 3039473) AND (k <= 3039573))

explain: for range-covered :: explain SELECT k FROM sbtest%d WHERE k BETWEEN 4289685 AND 4289785
explain: for range-covered :: explain SELECT k FROM sbtest%d WHERE k BETWEEN 3039473 AND 3039573
for range-covered
table 1 : explain SELECT k FROM sbtest1 WHERE k BETWEEN 3579152 AND 3579252
	Index Only Scan using k_1 on sbtest1  (cost=0.43..6.50 rows=103 width=4)
	  Index Cond: ((k >= 3579152) AND (k <= 3579252))

table 2 : explain SELECT k FROM sbtest2 WHERE k BETWEEN 3579152 AND 3579252
	Index Only Scan using k_2 on sbtest2  (cost=0.43..6.59 rows=108 width=4)
	  Index Cond: ((k >= 3579152) AND (k <= 3579252))

table 3 : explain SELECT k FROM sbtest3 WHERE k BETWEEN 3579152 AND 3579252
	Index Only Scan using k_3 on sbtest3  (cost=0.43..10.44 rows=100 width=4)
	  Index Cond: ((k >= 3579152) AND (k <= 3579252))

table 4 : explain SELECT k FROM sbtest4 WHERE k BETWEEN 3579152 AND 3579252
	Index Only Scan using k_4 on sbtest4  (cost=0.43..6.45 rows=101 width=4)
	  Index Cond: ((k >= 3579152) AND (k <= 3579252))

table 5 : explain SELECT k FROM sbtest5 WHERE k BETWEEN 3579152 AND 3579252
	Index Only Scan using k_5 on sbtest5  (cost=0.43..6.43 rows=100 width=4)
	  Index Cond: ((k >= 3579152) AND (k <= 3579252))

table 6 : explain SELECT k FROM sbtest6 WHERE k BETWEEN 3579152 AND 3579252
	Index Only Scan using k_6 on sbtest6  (cost=0.43..6.43 rows=100 width=4)
	  Index Cond: ((k >= 3579152) AND (k <= 3579252))

table 7 : explain SELECT k FROM sbtest7 WHERE k BETWEEN 3579152 AND 3579252
	Index Only Scan using k_7 on sbtest7  (cost=0.43..6.42 rows=99 width=4)
	  Index Cond: ((k >= 3579152) AND (k <= 3579252))

table 8 : explain SELECT k FROM sbtest8 WHERE k BETWEEN 3579152 AND 3579252
	Index Only Scan using k_8 on sbtest8  (cost=0.43..6.47 rows=102 width=4)
	  Index Cond: ((k >= 3579152) AND (k <= 3579252))

for range-covered
table 1 : explain SELECT k FROM sbtest1 WHERE k BETWEEN 4885606 AND 4885706
	Index Only Scan using k_1 on sbtest1  (cost=0.43..6.37 rows=97 width=4)
	  Index Cond: ((k >= 4885606) AND (k <= 4885706))

table 2 : explain SELECT k FROM sbtest2 WHERE k BETWEEN 4885606 AND 4885706
	Index Only Scan using k_2 on sbtest2  (cost=0.43..6.50 rows=103 width=4)
	  Index Cond: ((k >= 4885606) AND (k <= 4885706))

table 3 : explain SELECT k FROM sbtest3 WHERE k BETWEEN 4885606 AND 4885706
	Index Only Scan using k_3 on sbtest3  (cost=0.43..10.58 rows=107 width=4)
	  Index Cond: ((k >= 4885606) AND (k <= 4885706))

table 4 : explain SELECT k FROM sbtest4 WHERE k BETWEEN 4885606 AND 4885706
	Index Only Scan using k_4 on sbtest4  (cost=0.43..6.42 rows=99 width=4)
	  Index Cond: ((k >= 4885606) AND (k <= 4885706))

table 5 : explain SELECT k FROM sbtest5 WHERE k BETWEEN 4885606 AND 4885706
	Index Only Scan using k_5 on sbtest5  (cost=0.43..6.53 rows=105 width=4)
	  Index Cond: ((k >= 4885606) AND (k <= 4885706))

table 6 : explain SELECT k FROM sbtest6 WHERE k BETWEEN 4885606 AND 4885706
	Index Only Scan using k_6 on sbtest6  (cost=0.43..6.45 rows=101 width=4)
	  Index Cond: ((k >= 4885606) AND (k <= 4885706))

table 7 : explain SELECT k FROM sbtest7 WHERE k BETWEEN 4885606 AND 4885706
	Index Only Scan using k_7 on sbtest7  (cost=0.43..6.40 rows=98 width=4)
	  Index Cond: ((k >= 4885606) AND (k <= 4885706))

table 8 : explain SELECT k FROM sbtest8 WHERE k BETWEEN 4885606 AND 4885706
	Index Only Scan using k_8 on sbtest8  (cost=0.43..6.43 rows=100 width=4)
	  Index Cond: ((k >= 4885606) AND (k <= 4885706))

explain: for range-covered :: explain SELECT k FROM sbtest%d WHERE k BETWEEN 4885606 AND 4885706
for range-covered
table 1 : explain SELECT k FROM sbtest1 WHERE k BETWEEN 4289685 AND 4289785
	Index Only Scan using k_1 on sbtest1  (cost=0.43..6.37 rows=97 width=4)
	  Index Cond: ((k >= 4289685) AND (k <= 4289785))

table 2 : explain SELECT k FROM sbtest2 WHERE k BETWEEN 4289685 AND 4289785
	Index Only Scan using k_2 on sbtest2  (cost=0.43..6.53 rows=105 width=4)
	  Index Cond: ((k >= 4289685) AND (k <= 4289785))

table 3 : explain SELECT k FROM sbtest3 WHERE k BETWEEN 4289685 AND 4289785
	Index Only Scan using k_3 on sbtest3  (cost=0.43..10.36 rows=96 width=4)
	  Index Cond: ((k >= 4289685) AND (k <= 4289785))

table 4 : explain SELECT k FROM sbtest4 WHERE k BETWEEN 4289685 AND 4289785
	Index Only Scan using k_4 on sbtest4  (cost=0.43..6.53 rows=105 width=4)
	  Index Cond: ((k >= 4289685) AND (k <= 4289785))

table 5 : explain SELECT k FROM sbtest5 WHERE k BETWEEN 4289685 AND 4289785
	Index Only Scan using k_5 on sbtest5  (cost=0.43..6.61 rows=109 width=4)
	  Index Cond: ((k >= 4289685) AND (k <= 4289785))

table 6 : explain SELECT k FROM sbtest6 WHERE k BETWEEN 4289685 AND 4289785
	Index Only Scan using k_6 on sbtest6  (cost=0.43..6.50 rows=103 width=4)
	  Index Cond: ((k >= 4289685) AND (k <= 4289785))

table 7 : explain SELECT k FROM sbtest7 WHERE k BETWEEN 4289685 AND 4289785
	Index Only Scan using k_7 on sbtest7  (cost=0.43..6.43 rows=100 width=4)
	  Index Cond: ((k >= 4289685) AND (k <= 4289785))

table 8 : explain SELECT k FROM sbtest8 WHERE k BETWEEN 4289685 AND 4289785
	Index Only Scan using k_8 on sbtest8  (cost=0.43..6.66 rows=111 width=4)
	  Index Cond: ((k >= 4289685) AND (k <= 4289785))

for range-covered
table 1 : explain SELECT k FROM sbtest1 WHERE k BETWEEN 3039473 AND 3039573
	Index Only Scan using k_1 on sbtest1  (cost=0.43..6.35 rows=96 width=4)
	  Index Cond: ((k >= 3039473) AND (k <= 3039573))

table 2 : explain SELECT k FROM sbtest2 WHERE k BETWEEN 3039473 AND 3039573
	Index Only Scan using k_2 on sbtest2  (cost=0.43..6.45 rows=101 width=4)
	  Index Cond: ((k >= 3039473) AND (k <= 3039573))

table 3 : explain SELECT k FROM sbtest3 WHERE k BETWEEN 3039473 AND 3039573
	Index Only Scan using k_3 on sbtest3  (cost=0.43..10.56 rows=106 width=4)
	  Index Cond: ((k >= 3039473) AND (k <= 3039573))

table 4 : explain SELECT k FROM sbtest4 WHERE k BETWEEN 3039473 AND 3039573
	Index Only Scan using k_4 on sbtest4  (cost=0.43..6.56 rows=106 width=4)
	  Index Cond: ((k >= 3039473) AND (k <= 3039573))

table 5 : explain SELECT k FROM sbtest5 WHERE k BETWEEN 3039473 AND 3039573
	Index Only Scan using k_5 on sbtest5  (cost=0.43..6.63 rows=110 width=4)
	  Index Cond: ((k >= 3039473) AND (k <= 3039573))

table 6 : explain SELECT k FROM sbtest6 WHERE k BETWEEN 3039473 AND 3039573
	Index Only Scan using k_6 on sbtest6  (cost=0.43..6.45 rows=101 width=4)
	  Index Cond: ((k >= 3039473) AND (k <= 3039573))

table 7 : explain SELECT k FROM sbtest7 WHERE k BETWEEN 3039473 AND 3039573
	Index Only Scan using k_7 on sbtest7  (cost=0.43..6.42 rows=99 width=4)
	  Index Cond: ((k >= 3039473) AND (k <= 3039573))

table 8 : explain SELECT k FROM sbtest8 WHERE k BETWEEN 3039473 AND 3039573
	Index Only Scan using k_8 on sbtest8  (cost=0.43..6.53 rows=105 width=4)
	  Index Cond: ((k >= 3039473) AND (k <= 3039573))

explain: for range-covered :: explain SELECT k FROM sbtest%d WHERE k BETWEEN 4289685 AND 4289785
explain: for range-covered :: explain SELECT k FROM sbtest%d WHERE k BETWEEN 3039473 AND 3039573
explain: for range-covered :: explain SELECT k FROM sbtest%d WHERE k BETWEEN 4715003 AND 4715103
for range-covered
table 1 : explain SELECT k FROM sbtest1 WHERE k BETWEEN 4289685 AND 4289785
	Index Only Scan using k_1 on sbtest1  (cost=0.43..6.37 rows=97 width=4)
	  Index Cond: ((k >= 4289685) AND (k <= 4289785))

table 2 : explain SELECT k FROM sbtest2 WHERE k BETWEEN 4289685 AND 4289785
	Index Only Scan using k_2 on sbtest2  (cost=0.43..6.53 rows=105 width=4)
	  Index Cond: ((k >= 4289685) AND (k <= 4289785))

table 3 : explain SELECT k FROM sbtest3 WHERE k BETWEEN 4289685 AND 4289785
	Index Only Scan using k_3 on sbtest3  (cost=0.43..10.36 rows=96 width=4)
	  Index Cond: ((k >= 4289685) AND (k <= 4289785))

table 4 : explain SELECT k FROM sbtest4 WHERE k BETWEEN 4289685 AND 4289785
	Index Only Scan using k_4 on sbtest4  (cost=0.43..6.53 rows=105 width=4)
	  Index Cond: ((k >= 4289685) AND (k <= 4289785))

table 5 : explain SELECT k FROM sbtest5 WHERE k BETWEEN 4289685 AND 4289785
	Index Only Scan using k_5 on sbtest5  (cost=0.43..6.61 rows=109 width=4)
	  Index Cond: ((k >= 4289685) AND (k <= 4289785))

table 6 : explain SELECT k FROM sbtest6 WHERE k BETWEEN 4289685 AND 4289785
	Index Only Scan using k_6 on sbtest6  (cost=0.43..6.50 rows=103 width=4)
	  Index Cond: ((k >= 4289685) AND (k <= 4289785))

table 7 : explain SELECT k FROM sbtest7 WHERE k BETWEEN 4289685 AND 4289785
	Index Only Scan using k_7 on sbtest7  (cost=0.43..6.43 rows=100 width=4)
	  Index Cond: ((k >= 4289685) AND (k <= 4289785))

table 8 : explain SELECT k FROM sbtest8 WHERE k BETWEEN 4289685 AND 4289785
	Index Only Scan using k_8 on sbtest8  (cost=0.43..6.66 rows=111 width=4)
	  Index Cond: ((k >= 4289685) AND (k <= 4289785))

explain: for range-covered :: explain SELECT k FROM sbtest%d WHERE k BETWEEN 4289685 AND 4289785
for range-covered
table 1 : explain SELECT k FROM sbtest1 WHERE k BETWEEN 3396318 AND 3396418
	Index Only Scan using k_1 on sbtest1  (cost=0.43..6.58 rows=107 width=4)
	  Index Cond: ((k >= 3396318) AND (k <= 3396418))

table 2 : explain SELECT k FROM sbtest2 WHERE k BETWEEN 3396318 AND 3396418
	Index Only Scan using k_2 on sbtest2  (cost=0.43..6.40 rows=98 width=4)
	  Index Cond: ((k >= 3396318) AND (k <= 3396418))

table 3 : explain SELECT k FROM sbtest3 WHERE k BETWEEN 3396318 AND 3396418
	Index Only Scan using k_3 on sbtest3  (cost=0.43..10.51 rows=104 width=4)
	  Index Cond: ((k >= 3396318) AND (k <= 3396418))

table 4 : explain SELECT k FROM sbtest4 WHERE k BETWEEN 3396318 AND 3396418
	Index Only Scan using k_4 on sbtest4  (cost=0.43..6.45 rows=101 width=4)
	  Index Cond: ((k >= 3396318) AND (k <= 3396418))

table 5 : explain SELECT k FROM sbtest5 WHERE k BETWEEN 3396318 AND 3396418
	Index Only Scan using k_5 on sbtest5  (cost=0.43..6.43 rows=100 width=4)
	  Index Cond: ((k >= 3396318) AND (k <= 3396418))

table 6 : explain SELECT k FROM sbtest6 WHERE k BETWEEN 3396318 AND 3396418
	Index Only Scan using k_6 on sbtest6  (cost=0.43..6.32 rows=94 width=4)
	  Index Cond: ((k >= 3396318) AND (k <= 3396418))

table 7 : explain SELECT k FROM sbtest7 WHERE k BETWEEN 3396318 AND 3396418
	Index Only Scan using k_7 on sbtest7  (cost=0.43..6.61 rows=109 width=4)
	  Index Cond: ((k >= 3396318) AND (k <= 3396418))

table 8 : explain SELECT k FROM sbtest8 WHERE k BETWEEN 3396318 AND 3396418
	Index Only Scan using k_8 on sbtest8  (cost=0.43..6.56 rows=106 width=4)
	  Index Cond: ((k >= 3396318) AND (k <= 3396418))

for range-covered
table 1 : explain SELECT k FROM sbtest1 WHERE k BETWEEN 3039473 AND 3039573
	Index Only Scan using k_1 on sbtest1  (cost=0.43..6.35 rows=96 width=4)
	  Index Cond: ((k >= 3039473) AND (k <= 3039573))

table 2 : explain SELECT k FROM sbtest2 WHERE k BETWEEN 3039473 AND 3039573
	Index Only Scan using k_2 on sbtest2  (cost=0.43..6.45 rows=101 width=4)
	  Index Cond: ((k >= 3039473) AND (k <= 3039573))

table 3 : explain SELECT k FROM sbtest3 WHERE k BETWEEN 3039473 AND 3039573
	Index Only Scan using k_3 on sbtest3  (cost=0.43..10.56 rows=106 width=4)
	  Index Cond: ((k >= 3039473) AND (k <= 3039573))

table 4 : explain SELECT k FROM sbtest4 WHERE k BETWEEN 3039473 AND 3039573
	Index Only Scan using k_4 on sbtest4  (cost=0.43..6.56 rows=106 width=4)
	  Index Cond: ((k >= 3039473) AND (k <= 3039573))

table 5 : explain SELECT k FROM sbtest5 WHERE k BETWEEN 3039473 AND 3039573
	Index Only Scan using k_5 on sbtest5  (cost=0.43..6.63 rows=110 width=4)
	  Index Cond: ((k >= 3039473) AND (k <= 3039573))

table 6 : explain SELECT k FROM sbtest6 WHERE k BETWEEN 3039473 AND 3039573
	Index Only Scan using k_6 on sbtest6  (cost=0.43..6.45 rows=101 width=4)
	  Index Cond: ((k >= 3039473) AND (k <= 3039573))

table 7 : explain SELECT k FROM sbtest7 WHERE k BETWEEN 3039473 AND 3039573
	Index Only Scan using k_7 on sbtest7  (cost=0.43..6.42 rows=99 width=4)
	  Index Cond: ((k >= 3039473) AND (k <= 3039573))

table 8 : explain SELECT k FROM sbtest8 WHERE k BETWEEN 3039473 AND 3039573
	Index Only Scan using k_8 on sbtest8  (cost=0.43..6.53 rows=105 width=4)
	  Index Cond: ((k >= 3039473) AND (k <= 3039573))

explain: for range-covered :: explain SELECT k FROM sbtest%d WHERE k BETWEEN 3396318 AND 3396418
for range-covered
table 1 : explain SELECT k FROM sbtest1 WHERE k BETWEEN 7177719 AND 7177819
	Index Only Scan using k_1 on sbtest1  (cost=0.43..6.74 rows=115 width=4)
	  Index Cond: ((k >= 7177719) AND (k <= 7177819))

table 2 : explain SELECT k FROM sbtest2 WHERE k BETWEEN 7177719 AND 7177819
	Index Only Scan using k_2 on sbtest2  (cost=0.43..6.53 rows=105 width=4)
	  Index Cond: ((k >= 7177719) AND (k <= 7177819))

table 3 : explain SELECT k FROM sbtest3 WHERE k BETWEEN 7177719 AND 7177819
	Index Only Scan using k_3 on sbtest3  (cost=0.43..10.29 rows=93 width=4)
	  Index Cond: ((k >= 7177719) AND (k <= 7177819))

table 4 : explain SELECT k FROM sbtest4 WHERE k BETWEEN 7177719 AND 7177819
	Index Only Scan using k_4 on sbtest4  (cost=0.43..6.37 rows=97 width=4)
	  Index Cond: ((k >= 7177719) AND (k <= 7177819))

table 5 : explain SELECT k FROM sbtest5 WHERE k BETWEEN 7177719 AND 7177819
	Index Only Scan using k_5 on sbtest5  (cost=0.43..6.45 rows=101 width=4)
	  Index Cond: ((k >= 7177719) AND (k <= 7177819))

table 6 : explain SELECT k FROM sbtest6 WHERE k BETWEEN 7177719 AND 7177819
	Index Only Scan using k_6 on sbtest6  (cost=0.43..6.51 rows=104 width=4)
	  Index Cond: ((k >= 7177719) AND (k <= 7177819))

table 7 : explain SELECT k FROM sbtest7 WHERE k BETWEEN 7177719 AND 7177819
	Index Only Scan using k_7 on sbtest7  (cost=0.43..6.35 rows=96 width=4)
	  Index Cond: ((k >= 7177719) AND (k <= 7177819))

table 8 : explain SELECT k FROM sbtest8 WHERE k BETWEEN 7177719 AND 7177819
	Index Only Scan using k_8 on sbtest8  (cost=0.43..6.58 rows=107 width=4)
	  Index Cond: ((k >= 7177719) AND (k <= 7177819))

explain: for range-covered :: explain SELECT k FROM sbtest%d WHERE k BETWEEN 7177719 AND 7177819
for range-covered
table 1 : explain SELECT k FROM sbtest1 WHERE k BETWEEN 4289685 AND 4289785
	Index Only Scan using k_1 on sbtest1  (cost=0.43..6.37 rows=97 width=4)
	  Index Cond: ((k >= 4289685) AND (k <= 4289785))

table 2 : explain SELECT k FROM sbtest2 WHERE k BETWEEN 4289685 AND 4289785
	Index Only Scan using k_2 on sbtest2  (cost=0.43..6.53 rows=105 width=4)
	  Index Cond: ((k >= 4289685) AND (k <= 4289785))

table 3 : explain SELECT k FROM sbtest3 WHERE k BETWEEN 4289685 AND 4289785
	Index Only Scan using k_3 on sbtest3  (cost=0.43..10.36 rows=96 width=4)
	  Index Cond: ((k >= 4289685) AND (k <= 4289785))

table 4 : explain SELECT k FROM sbtest4 WHERE k BETWEEN 4289685 AND 4289785
	Index Only Scan using k_4 on sbtest4  (cost=0.43..6.53 rows=105 width=4)
	  Index Cond: ((k >= 4289685) AND (k <= 4289785))

table 5 : explain SELECT k FROM sbtest5 WHERE k BETWEEN 4289685 AND 4289785
	Index Only Scan using k_5 on sbtest5  (cost=0.43..6.61 rows=109 width=4)
	  Index Cond: ((k >= 4289685) AND (k <= 4289785))

table 6 : explain SELECT k FROM sbtest6 WHERE k BETWEEN 4289685 AND 4289785
	Index Only Scan using k_6 on sbtest6  (cost=0.43..6.50 rows=103 width=4)
	  Index Cond: ((k >= 4289685) AND (k <= 4289785))

table 7 : explain SELECT k FROM sbtest7 WHERE k BETWEEN 4289685 AND 4289785
	Index Only Scan using k_7 on sbtest7  (cost=0.43..6.43 rows=100 width=4)
	  Index Cond: ((k >= 4289685) AND (k <= 4289785))

table 8 : explain SELECT k FROM sbtest8 WHERE k BETWEEN 4289685 AND 4289785
	Index Only Scan using k_8 on sbtest8  (cost=0.43..6.66 rows=111 width=4)
	  Index Cond: ((k >= 4289685) AND (k <= 4289785))

for range-covered
table 1 : explain SELECT k FROM sbtest1 WHERE k BETWEEN 3396318 AND 3396418
	Index Only Scan using k_1 on sbtest1  (cost=0.43..6.58 rows=107 width=4)
	  Index Cond: ((k >= 3396318) AND (k <= 3396418))

table 2 : explain SELECT k FROM sbtest2 WHERE k BETWEEN 3396318 AND 3396418
	Index Only Scan using k_2 on sbtest2  (cost=0.43..6.40 rows=98 width=4)
	  Index Cond: ((k >= 3396318) AND (k <= 3396418))

table 3 : explain SELECT k FROM sbtest3 WHERE k BETWEEN 3396318 AND 3396418
	Index Only Scan using k_3 on sbtest3  (cost=0.43..10.51 rows=104 width=4)
	  Index Cond: ((k >= 3396318) AND (k <= 3396418))

table 4 : explain SELECT k FROM sbtest4 WHERE k BETWEEN 3396318 AND 3396418
	Index Only Scan using k_4 on sbtest4  (cost=0.43..6.45 rows=101 width=4)
	  Index Cond: ((k >= 3396318) AND (k <= 3396418))

table 5 : explain SELECT k FROM sbtest5 WHERE k BETWEEN 3396318 AND 3396418
	Index Only Scan using k_5 on sbtest5  (cost=0.43..6.43 rows=100 width=4)
	  Index Cond: ((k >= 3396318) AND (k <= 3396418))

table 6 : explain SELECT k FROM sbtest6 WHERE k BETWEEN 3396318 AND 3396418
	Index Only Scan using k_6 on sbtest6  (cost=0.43..6.32 rows=94 width=4)
	  Index Cond: ((k >= 3396318) AND (k <= 3396418))

table 7 : explain SELECT k FROM sbtest7 WHERE k BETWEEN 3396318 AND 3396418
	Index Only Scan using k_7 on sbtest7  (cost=0.43..6.61 rows=109 width=4)
	  Index Cond: ((k >= 3396318) AND (k <= 3396418))

table 8 : explain SELECT k FROM sbtest8 WHERE k BETWEEN 3396318 AND 3396418
	Index Only Scan using k_8 on sbtest8  (cost=0.43..6.56 rows=106 width=4)
	  Index Cond: ((k >= 3396318) AND (k <= 3396418))

explain: for range-covered :: explain SELECT k FROM sbtest%d WHERE k BETWEEN 4289685 AND 4289785
explain: for range-covered :: explain SELECT k FROM sbtest%d WHERE k BETWEEN 3396318 AND 3396418
for range-covered
table 1 : explain SELECT k FROM sbtest1 WHERE k BETWEEN 7177719 AND 7177819
	Index Only Scan using k_1 on sbtest1  (cost=0.43..6.74 rows=115 width=4)
	  Index Cond: ((k >= 7177719) AND (k <= 7177819))

table 2 : explain SELECT k FROM sbtest2 WHERE k BETWEEN 7177719 AND 7177819
	Index Only Scan using k_2 on sbtest2  (cost=0.43..6.53 rows=105 width=4)
	  Index Cond: ((k >= 7177719) AND (k <= 7177819))

table 3 : explain SELECT k FROM sbtest3 WHERE k BETWEEN 7177719 AND 7177819
	Index Only Scan using k_3 on sbtest3  (cost=0.43..10.29 rows=93 width=4)
	  Index Cond: ((k >= 7177719) AND (k <= 7177819))

table 4 : explain SELECT k FROM sbtest4 WHERE k BETWEEN 7177719 AND 7177819
	Index Only Scan using k_4 on sbtest4  (cost=0.43..6.37 rows=97 width=4)
	  Index Cond: ((k >= 7177719) AND (k <= 7177819))

table 5 : explain SELECT k FROM sbtest5 WHERE k BETWEEN 7177719 AND 7177819
	Index Only Scan using k_5 on sbtest5  (cost=0.43..6.45 rows=101 width=4)
	  Index Cond: ((k >= 7177719) AND (k <= 7177819))

table 6 : explain SELECT k FROM sbtest6 WHERE k BETWEEN 7177719 AND 7177819
	Index Only Scan using k_6 on sbtest6  (cost=0.43..6.51 rows=104 width=4)
	  Index Cond: ((k >= 7177719) AND (k <= 7177819))

table 7 : explain SELECT k FROM sbtest7 WHERE k BETWEEN 7177719 AND 7177819
	Index Only Scan using k_7 on sbtest7  (cost=0.43..6.35 rows=96 width=4)
	  Index Cond: ((k >= 7177719) AND (k <= 7177819))

table 8 : explain SELECT k FROM sbtest8 WHERE k BETWEEN 7177719 AND 7177819
	Index Only Scan using k_8 on sbtest8  (cost=0.43..6.58 rows=107 width=4)
	  Index Cond: ((k >= 7177719) AND (k <= 7177819))

for range-covered
table 1 : explain SELECT k FROM sbtest1 WHERE k BETWEEN 4885606 AND 4885706
	Index Only Scan using k_1 on sbtest1  (cost=0.43..6.37 rows=97 width=4)
	  Index Cond: ((k >= 4885606) AND (k <= 4885706))

table 2 : explain SELECT k FROM sbtest2 WHERE k BETWEEN 4885606 AND 4885706
	Index Only Scan using k_2 on sbtest2  (cost=0.43..6.50 rows=103 width=4)
	  Index Cond: ((k >= 4885606) AND (k <= 4885706))

table 3 : explain SELECT k FROM sbtest3 WHERE k BETWEEN 4885606 AND 4885706
	Index Only Scan using k_3 on sbtest3  (cost=0.43..10.58 rows=107 width=4)
	  Index Cond: ((k >= 4885606) AND (k <= 4885706))

table 4 : explain SELECT k FROM sbtest4 WHERE k BETWEEN 4885606 AND 4885706
	Index Only Scan using k_4 on sbtest4  (cost=0.43..6.42 rows=99 width=4)
	  Index Cond: ((k >= 4885606) AND (k <= 4885706))

table 5 : explain SELECT k FROM sbtest5 WHERE k BETWEEN 4885606 AND 4885706
	Index Only Scan using k_5 on sbtest5  (cost=0.43..6.53 rows=105 width=4)
	  Index Cond: ((k >= 4885606) AND (k <= 4885706))

table 6 : explain SELECT k FROM sbtest6 WHERE k BETWEEN 4885606 AND 4885706
	Index Only Scan using k_6 on sbtest6  (cost=0.43..6.45 rows=101 width=4)
	  Index Cond: ((k >= 4885606) AND (k <= 4885706))

table 7 : explain SELECT k FROM sbtest7 WHERE k BETWEEN 4885606 AND 4885706
	Index Only Scan using k_7 on sbtest7  (cost=0.43..6.40 rows=98 width=4)
	  Index Cond: ((k >= 4885606) AND (k <= 4885706))

table 8 : explain SELECT k FROM sbtest8 WHERE k BETWEEN 4885606 AND 4885706
	Index Only Scan using k_8 on sbtest8  (cost=0.43..6.43 rows=100 width=4)
	  Index Cond: ((k >= 4885606) AND (k <= 4885706))

explain: for range-covered :: explain SELECT k FROM sbtest%d WHERE k BETWEEN 7177719 AND 7177819
explain: for range-covered :: explain SELECT k FROM sbtest%d WHERE k BETWEEN 5712270 AND 5712370
explain: for range-covered :: explain SELECT k FROM sbtest%d WHERE k BETWEEN 6122583 AND 6122683
explain: for range-covered :: explain SELECT k FROM sbtest%d WHERE k BETWEEN 4885606 AND 4885706
for range-covered
table 1 : explain SELECT k FROM sbtest1 WHERE k BETWEEN 3396318 AND 3396418
	Index Only Scan using k_1 on sbtest1  (cost=0.43..6.58 rows=107 width=4)
	  Index Cond: ((k >= 3396318) AND (k <= 3396418))

table 2 : explain SELECT k FROM sbtest2 WHERE k BETWEEN 3396318 AND 3396418
	Index Only Scan using k_2 on sbtest2  (cost=0.43..6.40 rows=98 width=4)
	  Index Cond: ((k >= 3396318) AND (k <= 3396418))

table 3 : explain SELECT k FROM sbtest3 WHERE k BETWEEN 3396318 AND 3396418
	Index Only Scan using k_3 on sbtest3  (cost=0.43..10.51 rows=104 width=4)
	  Index Cond: ((k >= 3396318) AND (k <= 3396418))

table 4 : explain SELECT k FROM sbtest4 WHERE k BETWEEN 3396318 AND 3396418
	Index Only Scan using k_4 on sbtest4  (cost=0.43..6.45 rows=101 width=4)
	  Index Cond: ((k >= 3396318) AND (k <= 3396418))

table 5 : explain SELECT k FROM sbtest5 WHERE k BETWEEN 3396318 AND 3396418
	Index Only Scan using k_5 on sbtest5  (cost=0.43..6.43 rows=100 width=4)
	  Index Cond: ((k >= 3396318) AND (k <= 3396418))

table 6 : explain SELECT k FROM sbtest6 WHERE k BETWEEN 3396318 AND 3396418
	Index Only Scan using k_6 on sbtest6  (cost=0.43..6.32 rows=94 width=4)
	  Index Cond: ((k >= 3396318) AND (k <= 3396418))

table 7 : explain SELECT k FROM sbtest7 WHERE k BETWEEN 3396318 AND 3396418
	Index Only Scan using k_7 on sbtest7  (cost=0.43..6.61 rows=109 width=4)
	  Index Cond: ((k >= 3396318) AND (k <= 3396418))

table 8 : explain SELECT k FROM sbtest8 WHERE k BETWEEN 3396318 AND 3396418
	Index Only Scan using k_8 on sbtest8  (cost=0.43..6.56 rows=106 width=4)
	  Index Cond: ((k >= 3396318) AND (k <= 3396418))

explain: for range-covered :: explain SELECT k FROM sbtest%d WHERE k BETWEEN 3396318 AND 3396418
for range-covered
table 1 : explain SELECT k FROM sbtest1 WHERE k BETWEEN 7177719 AND 7177819
	Index Only Scan using k_1 on sbtest1  (cost=0.43..6.74 rows=115 width=4)
	  Index Cond: ((k >= 7177719) AND (k <= 7177819))

table 2 : explain SELECT k FROM sbtest2 WHERE k BETWEEN 7177719 AND 7177819
	Index Only Scan using k_2 on sbtest2  (cost=0.43..6.53 rows=105 width=4)
	  Index Cond: ((k >= 7177719) AND (k <= 7177819))

table 3 : explain SELECT k FROM sbtest3 WHERE k BETWEEN 7177719 AND 7177819
	Index Only Scan using k_3 on sbtest3  (cost=0.43..10.29 rows=93 width=4)
	  Index Cond: ((k >= 7177719) AND (k <= 7177819))

table 4 : explain SELECT k FROM sbtest4 WHERE k BETWEEN 7177719 AND 7177819
	Index Only Scan using k_4 on sbtest4  (cost=0.43..6.37 rows=97 width=4)
	  Index Cond: ((k >= 7177719) AND (k <= 7177819))

table 5 : explain SELECT k FROM sbtest5 WHERE k BETWEEN 7177719 AND 7177819
	Index Only Scan using k_5 on sbtest5  (cost=0.43..6.45 rows=101 width=4)
	  Index Cond: ((k >= 7177719) AND (k <= 7177819))

table 6 : explain SELECT k FROM sbtest6 WHERE k BETWEEN 7177719 AND 7177819
	Index Only Scan using k_6 on sbtest6  (cost=0.43..6.51 rows=104 width=4)
	  Index Cond: ((k >= 7177719) AND (k <= 7177819))

table 7 : explain SELECT k FROM sbtest7 WHERE k BETWEEN 7177719 AND 7177819
	Index Only Scan using k_7 on sbtest7  (cost=0.43..6.35 rows=96 width=4)
	  Index Cond: ((k >= 7177719) AND (k <= 7177819))

table 8 : explain SELECT k FROM sbtest8 WHERE k BETWEEN 7177719 AND 7177819
	Index Only Scan using k_8 on sbtest8  (cost=0.43..6.58 rows=107 width=4)
	  Index Cond: ((k >= 7177719) AND (k <= 7177819))

explain: for range-covered :: explain SELECT k FROM sbtest%d WHERE k BETWEEN 7177719 AND 7177819
for range-covered
table 1 : explain SELECT k FROM sbtest1 WHERE k BETWEEN 3396318 AND 3396418
	Index Only Scan using k_1 on sbtest1  (cost=0.43..6.58 rows=107 width=4)
	  Index Cond: ((k >= 3396318) AND (k <= 3396418))

table 2 : explain SELECT k FROM sbtest2 WHERE k BETWEEN 3396318 AND 3396418
	Index Only Scan using k_2 on sbtest2  (cost=0.43..6.40 rows=98 width=4)
	  Index Cond: ((k >= 3396318) AND (k <= 3396418))

table 3 : explain SELECT k FROM sbtest3 WHERE k BETWEEN 3396318 AND 3396418
	Index Only Scan using k_3 on sbtest3  (cost=0.43..10.51 rows=104 width=4)
	  Index Cond: ((k >= 3396318) AND (k <= 3396418))

table 4 : explain SELECT k FROM sbtest4 WHERE k BETWEEN 3396318 AND 3396418
	Index Only Scan using k_4 on sbtest4  (cost=0.43..6.45 rows=101 width=4)
	  Index Cond: ((k >= 3396318) AND (k <= 3396418))

table 5 : explain SELECT k FROM sbtest5 WHERE k BETWEEN 3396318 AND 3396418
	Index Only Scan using k_5 on sbtest5  (cost=0.43..6.43 rows=100 width=4)
	  Index Cond: ((k >= 3396318) AND (k <= 3396418))

table 6 : explain SELECT k FROM sbtest6 WHERE k BETWEEN 3396318 AND 3396418
	Index Only Scan using k_6 on sbtest6  (cost=0.43..6.32 rows=94 width=4)
	  Index Cond: ((k >= 3396318) AND (k <= 3396418))

table 7 : explain SELECT k FROM sbtest7 WHERE k BETWEEN 3396318 AND 3396418
	Index Only Scan using k_7 on sbtest7  (cost=0.43..6.61 rows=109 width=4)
	  Index Cond: ((k >= 3396318) AND (k <= 3396418))

table 8 : explain SELECT k FROM sbtest8 WHERE k BETWEEN 3396318 AND 3396418
	Index Only Scan using k_8 on sbtest8  (cost=0.43..6.56 rows=106 width=4)
	  Index Cond: ((k >= 3396318) AND (k <= 3396418))

for range-covered
table 1 : explain SELECT k FROM sbtest1 WHERE k BETWEEN 4289685 AND 4289785
	Index Only Scan using k_1 on sbtest1  (cost=0.43..6.37 rows=97 width=4)
	  Index Cond: ((k >= 4289685) AND (k <= 4289785))

table 2 : explain SELECT k FROM sbtest2 WHERE k BETWEEN 4289685 AND 4289785
	Index Only Scan using k_2 on sbtest2  (cost=0.43..6.53 rows=105 width=4)
	  Index Cond: ((k >= 4289685) AND (k <= 4289785))

table 3 : explain SELECT k FROM sbtest3 WHERE k BETWEEN 4289685 AND 4289785
	Index Only Scan using k_3 on sbtest3  (cost=0.43..10.36 rows=96 width=4)
	  Index Cond: ((k >= 4289685) AND (k <= 4289785))

table 4 : explain SELECT k FROM sbtest4 WHERE k BETWEEN 4289685 AND 4289785
	Index Only Scan using k_4 on sbtest4  (cost=0.43..6.53 rows=105 width=4)
	  Index Cond: ((k >= 4289685) AND (k <= 4289785))

table 5 : explain SELECT k FROM sbtest5 WHERE k BETWEEN 4289685 AND 4289785
	Index Only Scan using k_5 on sbtest5  (cost=0.43..6.61 rows=109 width=4)
	  Index Cond: ((k >= 4289685) AND (k <= 4289785))

table 6 : explain SELECT k FROM sbtest6 WHERE k BETWEEN 4289685 AND 4289785
	Index Only Scan using k_6 on sbtest6  (cost=0.43..6.50 rows=103 width=4)
	  Index Cond: ((k >= 4289685) AND (k <= 4289785))

table 7 : explain SELECT k FROM sbtest7 WHERE k BETWEEN 4289685 AND 4289785
	Index Only Scan using k_7 on sbtest7  (cost=0.43..6.43 rows=100 width=4)
	  Index Cond: ((k >= 4289685) AND (k <= 4289785))

table 8 : explain SELECT k FROM sbtest8 WHERE k BETWEEN 4289685 AND 4289785
	Index Only Scan using k_8 on sbtest8  (cost=0.43..6.66 rows=111 width=4)
	  Index Cond: ((k >= 4289685) AND (k <= 4289785))

for range-covered
table 1 : explain SELECT k FROM sbtest1 WHERE k BETWEEN 4885606 AND 4885706
	Index Only Scan using k_1 on sbtest1  (cost=0.43..6.37 rows=97 width=4)
	  Index Cond: ((k >= 4885606) AND (k <= 4885706))

table 2 : explain SELECT k FROM sbtest2 WHERE k BETWEEN 4885606 AND 4885706
	Index Only Scan using k_2 on sbtest2  (cost=0.43..6.50 rows=103 width=4)
	  Index Cond: ((k >= 4885606) AND (k <= 4885706))

table 3 : explain SELECT k FROM sbtest3 WHERE k BETWEEN 4885606 AND 4885706
	Index Only Scan using k_3 on sbtest3  (cost=0.43..10.58 rows=107 width=4)
	  Index Cond: ((k >= 4885606) AND (k <= 4885706))

table 4 : explain SELECT k FROM sbtest4 WHERE k BETWEEN 4885606 AND 4885706
	Index Only Scan using k_4 on sbtest4  (cost=0.43..6.42 rows=99 width=4)
	  Index Cond: ((k >= 4885606) AND (k <= 4885706))

table 5 : explain SELECT k FROM sbtest5 WHERE k BETWEEN 4885606 AND 4885706
	Index Only Scan using k_5 on sbtest5  (cost=0.43..6.53 rows=105 width=4)
	  Index Cond: ((k >= 4885606) AND (k <= 4885706))

table 6 : explain SELECT k FROM sbtest6 WHERE k BETWEEN 4885606 AND 4885706
	Index Only Scan using k_6 on sbtest6  (cost=0.43..6.45 rows=101 width=4)
	  Index Cond: ((k >= 4885606) AND (k <= 4885706))

table 7 : explain SELECT k FROM sbtest7 WHERE k BETWEEN 4885606 AND 4885706
	Index Only Scan using k_7 on sbtest7  (cost=0.43..6.40 rows=98 width=4)
	  Index Cond: ((k >= 4885606) AND (k <= 4885706))

table 8 : explain SELECT k FROM sbtest8 WHERE k BETWEEN 4885606 AND 4885706
	Index Only Scan using k_8 on sbtest8  (cost=0.43..6.43 rows=100 width=4)
	  Index Cond: ((k >= 4885606) AND (k <= 4885706))

for range-covered
table 1 : explain SELECT k FROM sbtest1 WHERE k BETWEEN 7177719 AND 7177819
	Index Only Scan using k_1 on sbtest1  (cost=0.43..6.74 rows=115 width=4)
	  Index Cond: ((k >= 7177719) AND (k <= 7177819))

table 2 : explain SELECT k FROM sbtest2 WHERE k BETWEEN 7177719 AND 7177819
	Index Only Scan using k_2 on sbtest2  (cost=0.43..6.53 rows=105 width=4)
	  Index Cond: ((k >= 7177719) AND (k <= 7177819))

table 3 : explain SELECT k FROM sbtest3 WHERE k BETWEEN 7177719 AND 7177819
	Index Only Scan using k_3 on sbtest3  (cost=0.43..10.29 rows=93 width=4)
	  Index Cond: ((k >= 7177719) AND (k <= 7177819))

table 4 : explain SELECT k FROM sbtest4 WHERE k BETWEEN 7177719 AND 7177819
	Index Only Scan using k_4 on sbtest4  (cost=0.43..6.37 rows=97 width=4)
	  Index Cond: ((k >= 7177719) AND (k <= 7177819))

table 5 : explain SELECT k FROM sbtest5 WHERE k BETWEEN 7177719 AND 7177819
	Index Only Scan using k_5 on sbtest5  (cost=0.43..6.45 rows=101 width=4)
	  Index Cond: ((k >= 7177719) AND (k <= 7177819))

table 6 : explain SELECT k FROM sbtest6 WHERE k BETWEEN 7177719 AND 7177819
	Index Only Scan using k_6 on sbtest6  (cost=0.43..6.51 rows=104 width=4)
	  Index Cond: ((k >= 7177719) AND (k <= 7177819))

table 7 : explain SELECT k FROM sbtest7 WHERE k BETWEEN 7177719 AND 7177819
	Index Only Scan using k_7 on sbtest7  (cost=0.43..6.35 rows=96 width=4)
	  Index Cond: ((k >= 7177719) AND (k <= 7177819))

table 8 : explain SELECT k FROM sbtest8 WHERE k BETWEEN 7177719 AND 7177819
	Index Only Scan using k_8 on sbtest8  (cost=0.43..6.58 rows=107 width=4)
	  Index Cond: ((k >= 7177719) AND (k <= 7177819))

explain: for range-covered :: explain SELECT k FROM sbtest%d WHERE k BETWEEN 4289685 AND 4289785
explain: for range-covered :: explain SELECT k FROM sbtest%d WHERE k BETWEEN 7177719 AND 7177819
for range-covered
table 1 : explain SELECT k FROM sbtest1 WHERE k BETWEEN 4715003 AND 4715103
	Index Only Scan using k_1 on sbtest1  (cost=0.43..6.32 rows=94 width=4)
	  Index Cond: ((k >= 4715003) AND (k <= 4715103))

table 2 : explain SELECT k FROM sbtest2 WHERE k BETWEEN 4715003 AND 4715103
	Index Only Scan using k_2 on sbtest2  (cost=0.43..6.27 rows=92 width=4)
	  Index Cond: ((k >= 4715003) AND (k <= 4715103))

table 3 : explain SELECT k FROM sbtest3 WHERE k BETWEEN 4715003 AND 4715103
	Index Only Scan using k_3 on sbtest3  (cost=0.43..10.51 rows=104 width=4)
	  Index Cond: ((k >= 4715003) AND (k <= 4715103))

table 4 : explain SELECT k FROM sbtest4 WHERE k BETWEEN 4715003 AND 4715103
	Index Only Scan using k_4 on sbtest4  (cost=0.43..6.35 rows=96 width=4)
	  Index Cond: ((k >= 4715003) AND (k <= 4715103))

table 5 : explain SELECT k FROM sbtest5 WHERE k BETWEEN 4715003 AND 4715103
	Index Only Scan using k_5 on sbtest5  (cost=0.43..6.53 rows=105 width=4)
	  Index Cond: ((k >= 4715003) AND (k <= 4715103))

table 6 : explain SELECT k FROM sbtest6 WHERE k BETWEEN 4715003 AND 4715103
	Index Only Scan using k_6 on sbtest6  (cost=0.43..6.74 rows=115 width=4)
	  Index Cond: ((k >= 4715003) AND (k <= 4715103))

table 7 : explain SELECT k FROM sbtest7 WHERE k BETWEEN 4715003 AND 4715103
	Index Only Scan using k_7 on sbtest7  (cost=0.43..6.56 rows=106 width=4)
	  Index Cond: ((k >= 4715003) AND (k <= 4715103))

table 8 : explain SELECT k FROM sbtest8 WHERE k BETWEEN 4715003 AND 4715103
	Index Only Scan using k_8 on sbtest8  (cost=0.43..6.37 rows=97 width=4)
	  Index Cond: ((k >= 4715003) AND (k <= 4715103))

explain: for range-covered :: explain SELECT k FROM sbtest%d WHERE k BETWEEN 4885606 AND 4885706
explain: for range-covered :: explain SELECT k FROM sbtest%d WHERE k BETWEEN 4715003 AND 4715103
explain: for range-covered :: explain SELECT k FROM sbtest%d WHERE k BETWEEN 5326980 AND 5327080
for range-covered
table 1 : explain SELECT k FROM sbtest1 WHERE k BETWEEN 6214403 AND 6214503
	Index Only Scan using k_1 on sbtest1  (cost=0.43..6.42 rows=99 width=4)
	  Index Cond: ((k >= 6214403) AND (k <= 6214503))

table 2 : explain SELECT k FROM sbtest2 WHERE k BETWEEN 6214403 AND 6214503
	Index Only Scan using k_2 on sbtest2  (cost=0.43..6.35 rows=96 width=4)
	  Index Cond: ((k >= 6214403) AND (k <= 6214503))

table 3 : explain SELECT k FROM sbtest3 WHERE k BETWEEN 6214403 AND 6214503
	Index Only Scan using k_3 on sbtest3  (cost=0.43..10.36 rows=96 width=4)
	  Index Cond: ((k >= 6214403) AND (k <= 6214503))

table 4 : explain SELECT k FROM sbtest4 WHERE k BETWEEN 6214403 AND 6214503
	Index Only Scan using k_4 on sbtest4  (cost=0.43..6.47 rows=102 width=4)
	  Index Cond: ((k >= 6214403) AND (k <= 6214503))

table 5 : explain SELECT k FROM sbtest5 WHERE k BETWEEN 6214403 AND 6214503
	Index Only Scan using k_5 on sbtest5  (cost=0.43..6.27 rows=92 width=4)
	  Index Cond: ((k >= 6214403) AND (k <= 6214503))

table 6 : explain SELECT k FROM sbtest6 WHERE k BETWEEN 6214403 AND 6214503
	Index Only Scan using k_6 on sbtest6  (cost=0.43..6.47 rows=102 width=4)
	  Index Cond: ((k >= 6214403) AND (k <= 6214503))

table 7 : explain SELECT k FROM sbtest7 WHERE k BETWEEN 6214403 AND 6214503
	Index Only Scan using k_7 on sbtest7  (cost=0.43..6.42 rows=99 width=4)
	  Index Cond: ((k >= 6214403) AND (k <= 6214503))

table 8 : explain SELECT k FROM sbtest8 WHERE k BETWEEN 6214403 AND 6214503
	Index Only Scan using k_8 on sbtest8  (cost=0.43..6.37 rows=97 width=4)
	  Index Cond: ((k >= 6214403) AND (k <= 6214503))

explain: for range-covered :: explain SELECT k FROM sbtest%d WHERE k BETWEEN 6214403 AND 6214503
for range-covered
table 1 : explain SELECT k FROM sbtest1 WHERE k BETWEEN 7177719 AND 7177819
	Index Only Scan using k_1 on sbtest1  (cost=0.43..6.74 rows=115 width=4)
	  Index Cond: ((k >= 7177719) AND (k <= 7177819))

table 2 : explain SELECT k FROM sbtest2 WHERE k BETWEEN 7177719 AND 7177819
	Index Only Scan using k_2 on sbtest2  (cost=0.43..6.53 rows=105 width=4)
	  Index Cond: ((k >= 7177719) AND (k <= 7177819))

table 3 : explain SELECT k FROM sbtest3 WHERE k BETWEEN 7177719 AND 7177819
	Index Only Scan using k_3 on sbtest3  (cost=0.43..10.29 rows=93 width=4)
	  Index Cond: ((k >= 7177719) AND (k <= 7177819))

table 4 : explain SELECT k FROM sbtest4 WHERE k BETWEEN 7177719 AND 7177819
	Index Only Scan using k_4 on sbtest4  (cost=0.43..6.37 rows=97 width=4)
	  Index Cond: ((k >= 7177719) AND (k <= 7177819))

table 5 : explain SELECT k FROM sbtest5 WHERE k BETWEEN 7177719 AND 7177819
	Index Only Scan using k_5 on sbtest5  (cost=0.43..6.45 rows=101 width=4)
	  Index Cond: ((k >= 7177719) AND (k <= 7177819))

table 6 : explain SELECT k FROM sbtest6 WHERE k BETWEEN 7177719 AND 7177819
	Index Only Scan using k_6 on sbtest6  (cost=0.43..6.51 rows=104 width=4)
	  Index Cond: ((k >= 7177719) AND (k <= 7177819))

table 7 : explain SELECT k FROM sbtest7 WHERE k BETWEEN 7177719 AND 7177819
	Index Only Scan using k_7 on sbtest7  (cost=0.43..6.35 rows=96 width=4)
	  Index Cond: ((k >= 7177719) AND (k <= 7177819))

table 8 : explain SELECT k FROM sbtest8 WHERE k BETWEEN 7177719 AND 7177819
	Index Only Scan using k_8 on sbtest8  (cost=0.43..6.58 rows=107 width=4)
	  Index Cond: ((k >= 7177719) AND (k <= 7177819))

explain: for range-covered :: explain SELECT k FROM sbtest%d WHERE k BETWEEN 7177719 AND 7177819
for range-covered
table 1 : explain SELECT k FROM sbtest1 WHERE k BETWEEN 5712270 AND 5712370
	Index Only Scan using k_1 on sbtest1  (cost=0.43..6.35 rows=96 width=4)
	  Index Cond: ((k >= 5712270) AND (k <= 5712370))

table 2 : explain SELECT k FROM sbtest2 WHERE k BETWEEN 5712270 AND 5712370
	Index Only Scan using k_2 on sbtest2  (cost=0.43..6.32 rows=94 width=4)
	  Index Cond: ((k >= 5712270) AND (k <= 5712370))

table 3 : explain SELECT k FROM sbtest3 WHERE k BETWEEN 5712270 AND 5712370
	Index Only Scan using k_3 on sbtest3  (cost=0.43..10.44 rows=100 width=4)
	  Index Cond: ((k >= 5712270) AND (k <= 5712370))

table 4 : explain SELECT k FROM sbtest4 WHERE k BETWEEN 5712270 AND 5712370
	Index Only Scan using k_4 on sbtest4  (cost=0.43..6.51 rows=104 width=4)
	  Index Cond: ((k >= 5712270) AND (k <= 5712370))

table 5 : explain SELECT k FROM sbtest5 WHERE k BETWEEN 5712270 AND 5712370
	Index Only Scan using k_5 on sbtest5  (cost=0.43..6.21 rows=89 width=4)
	  Index Cond: ((k >= 5712270) AND (k <= 5712370))

table 6 : explain SELECT k FROM sbtest6 WHERE k BETWEEN 5712270 AND 5712370
	Index Only Scan using k_6 on sbtest6  (cost=0.43..6.42 rows=99 width=4)
	  Index Cond: ((k >= 5712270) AND (k <= 5712370))

table 7 : explain SELECT k FROM sbtest7 WHERE k BETWEEN 5712270 AND 5712370
	Index Only Scan using k_7 on sbtest7  (cost=0.43..6.47 rows=102 width=4)
	  Index Cond: ((k >= 5712270) AND (k <= 5712370))

table 8 : explain SELECT k FROM sbtest8 WHERE k BETWEEN 5712270 AND 5712370
	Index Only Scan using k_8 on sbtest8  (cost=0.43..6.43 rows=100 width=4)
	  Index Cond: ((k >= 5712270) AND (k <= 5712370))

explain: for range-covered :: explain SELECT k FROM sbtest%d WHERE k BETWEEN 5712270 AND 5712370
for range-covered
table 1 : explain SELECT k FROM sbtest1 WHERE k BETWEEN 6122583 AND 6122683
	Index Only Scan using k_1 on sbtest1  (cost=0.43..6.42 rows=99 width=4)
	  Index Cond: ((k >= 6122583) AND (k <= 6122683))

table 2 : explain SELECT k FROM sbtest2 WHERE k BETWEEN 6122583 AND 6122683
	Index Only Scan using k_2 on sbtest2  (cost=0.43..6.47 rows=102 width=4)
	  Index Cond: ((k >= 6122583) AND (k <= 6122683))

table 3 : explain SELECT k FROM sbtest3 WHERE k BETWEEN 6122583 AND 6122683
	Index Only Scan using k_3 on sbtest3  (cost=0.43..10.40 rows=98 width=4)
	  Index Cond: ((k >= 6122583) AND (k <= 6122683))

table 4 : explain SELECT k FROM sbtest4 WHERE k BETWEEN 6122583 AND 6122683
	Index Only Scan using k_4 on sbtest4  (cost=0.43..6.47 rows=102 width=4)
	  Index Cond: ((k >= 6122583) AND (k <= 6122683))

table 5 : explain SELECT k FROM sbtest5 WHERE k BETWEEN 6122583 AND 6122683
	Index Only Scan using k_5 on sbtest5  (cost=0.43..6.58 rows=107 width=4)
	  Index Cond: ((k >= 6122583) AND (k <= 6122683))

table 6 : explain SELECT k FROM sbtest6 WHERE k BETWEEN 6122583 AND 6122683
	Index Only Scan using k_6 on sbtest6  (cost=0.43..6.37 rows=97 width=4)
	  Index Cond: ((k >= 6122583) AND (k <= 6122683))

table 7 : explain SELECT k FROM sbtest7 WHERE k BETWEEN 6122583 AND 6122683
	Index Only Scan using k_7 on sbtest7  (cost=0.43..6.42 rows=99 width=4)
	  Index Cond: ((k >= 6122583) AND (k <= 6122683))

table 8 : explain SELECT k FROM sbtest8 WHERE k BETWEEN 6122583 AND 6122683
	Index Only Scan using k_8 on sbtest8  (cost=0.43..6.58 rows=107 width=4)
	  Index Cond: ((k >= 6122583) AND (k <= 6122683))

explain: for range-covered :: explain SELECT k FROM sbtest%d WHERE k BETWEEN 6122583 AND 6122683
for range-covered
table 1 : explain SELECT k FROM sbtest1 WHERE k BETWEEN 4715003 AND 4715103
	Index Only Scan using k_1 on sbtest1  (cost=0.43..6.32 rows=94 width=4)
	  Index Cond: ((k >= 4715003) AND (k <= 4715103))

table 2 : explain SELECT k FROM sbtest2 WHERE k BETWEEN 4715003 AND 4715103
	Index Only Scan using k_2 on sbtest2  (cost=0.43..6.27 rows=92 width=4)
	  Index Cond: ((k >= 4715003) AND (k <= 4715103))

table 3 : explain SELECT k FROM sbtest3 WHERE k BETWEEN 4715003 AND 4715103
	Index Only Scan using k_3 on sbtest3  (cost=0.43..10.51 rows=104 width=4)
	  Index Cond: ((k >= 4715003) AND (k <= 4715103))

table 4 : explain SELECT k FROM sbtest4 WHERE k BETWEEN 4715003 AND 4715103
	Index Only Scan using k_4 on sbtest4  (cost=0.43..6.35 rows=96 width=4)
	  Index Cond: ((k >= 4715003) AND (k <= 4715103))

table 5 : explain SELECT k FROM sbtest5 WHERE k BETWEEN 4715003 AND 4715103
	Index Only Scan using k_5 on sbtest5  (cost=0.43..6.53 rows=105 width=4)
	  Index Cond: ((k >= 4715003) AND (k <= 4715103))

table 6 : explain SELECT k FROM sbtest6 WHERE k BETWEEN 4715003 AND 4715103
	Index Only Scan using k_6 on sbtest6  (cost=0.43..6.74 rows=115 width=4)
	  Index Cond: ((k >= 4715003) AND (k <= 4715103))

table 7 : explain SELECT k FROM sbtest7 WHERE k BETWEEN 4715003 AND 4715103
	Index Only Scan using k_7 on sbtest7  (cost=0.43..6.56 rows=106 width=4)
	  Index Cond: ((k >= 4715003) AND (k <= 4715103))

table 8 : explain SELECT k FROM sbtest8 WHERE k BETWEEN 4715003 AND 4715103
	Index Only Scan using k_8 on sbtest8  (cost=0.43..6.37 rows=97 width=4)
	  Index Cond: ((k >= 4715003) AND (k <= 4715103))

for range-covered
table 1 : explain SELECT k FROM sbtest1 WHERE k BETWEEN 4289685 AND 4289785
	Index Only Scan using k_1 on sbtest1  (cost=0.43..6.37 rows=97 width=4)
	  Index Cond: ((k >= 4289685) AND (k <= 4289785))

table 2 : explain SELECT k FROM sbtest2 WHERE k BETWEEN 4289685 AND 4289785
	Index Only Scan using k_2 on sbtest2  (cost=0.43..6.53 rows=105 width=4)
	  Index Cond: ((k >= 4289685) AND (k <= 4289785))

table 3 : explain SELECT k FROM sbtest3 WHERE k BETWEEN 4289685 AND 4289785
	Index Only Scan using k_3 on sbtest3  (cost=0.43..10.36 rows=96 width=4)
	  Index Cond: ((k >= 4289685) AND (k <= 4289785))

table 4 : explain SELECT k FROM sbtest4 WHERE k BETWEEN 4289685 AND 4289785
	Index Only Scan using k_4 on sbtest4  (cost=0.43..6.53 rows=105 width=4)
	  Index Cond: ((k >= 4289685) AND (k <= 4289785))

table 5 : explain SELECT k FROM sbtest5 WHERE k BETWEEN 4289685 AND 4289785
	Index Only Scan using k_5 on sbtest5  (cost=0.43..6.61 rows=109 width=4)
	  Index Cond: ((k >= 4289685) AND (k <= 4289785))

table 6 : explain SELECT k FROM sbtest6 WHERE k BETWEEN 4289685 AND 4289785
	Index Only Scan using k_6 on sbtest6  (cost=0.43..6.50 rows=103 width=4)
	  Index Cond: ((k >= 4289685) AND (k <= 4289785))

table 7 : explain SELECT k FROM sbtest7 WHERE k BETWEEN 4289685 AND 4289785
	Index Only Scan using k_7 on sbtest7  (cost=0.43..6.43 rows=100 width=4)
	  Index Cond: ((k >= 4289685) AND (k <= 4289785))

table 8 : explain SELECT k FROM sbtest8 WHERE k BETWEEN 4289685 AND 4289785
	Index Only Scan using k_8 on sbtest8  (cost=0.43..6.66 rows=111 width=4)
	  Index Cond: ((k >= 4289685) AND (k <= 4289785))

for range-covered
table 1 : explain SELECT k FROM sbtest1 WHERE k BETWEEN 6214403 AND 6214503
	Index Only Scan using k_1 on sbtest1  (cost=0.43..6.42 rows=99 width=4)
	  Index Cond: ((k >= 6214403) AND (k <= 6214503))

table 2 : explain SELECT k FROM sbtest2 WHERE k BETWEEN 6214403 AND 6214503
	Index Only Scan using k_2 on sbtest2  (cost=0.43..6.35 rows=96 width=4)
	  Index Cond: ((k >= 6214403) AND (k <= 6214503))

table 3 : explain SELECT k FROM sbtest3 WHERE k BETWEEN 6214403 AND 6214503
	Index Only Scan using k_3 on sbtest3  (cost=0.43..10.36 rows=96 width=4)
	  Index Cond: ((k >= 6214403) AND (k <= 6214503))

table 4 : explain SELECT k FROM sbtest4 WHERE k BETWEEN 6214403 AND 6214503
	Index Only Scan using k_4 on sbtest4  (cost=0.43..6.47 rows=102 width=4)
	  Index Cond: ((k >= 6214403) AND (k <= 6214503))

table 5 : explain SELECT k FROM sbtest5 WHERE k BETWEEN 6214403 AND 6214503
	Index Only Scan using k_5 on sbtest5  (cost=0.43..6.27 rows=92 width=4)
	  Index Cond: ((k >= 6214403) AND (k <= 6214503))

table 6 : explain SELECT k FROM sbtest6 WHERE k BETWEEN 6214403 AND 6214503
	Index Only Scan using k_6 on sbtest6  (cost=0.43..6.47 rows=102 width=4)
	  Index Cond: ((k >= 6214403) AND (k <= 6214503))

table 7 : explain SELECT k FROM sbtest7 WHERE k BETWEEN 6214403 AND 6214503
	Index Only Scan using k_7 on sbtest7  (cost=0.43..6.42 rows=99 width=4)
	  Index Cond: ((k >= 6214403) AND (k <= 6214503))

table 8 : explain SELECT k FROM sbtest8 WHERE k BETWEEN 6214403 AND 6214503
	Index Only Scan using k_8 on sbtest8  (cost=0.43..6.37 rows=97 width=4)
	  Index Cond: ((k >= 6214403) AND (k <= 6214503))

explain: for range-covered :: explain SELECT k FROM sbtest%d WHERE k BETWEEN 9523002 AND 9523102
explain: for range-covered :: explain SELECT k FROM sbtest%d WHERE k BETWEEN 6214403 AND 6214503
for range-covered
table 1 : explain SELECT k FROM sbtest1 WHERE k BETWEEN 4885606 AND 4885706
	Index Only Scan using k_1 on sbtest1  (cost=0.43..6.37 rows=97 width=4)
	  Index Cond: ((k >= 4885606) AND (k <= 4885706))

table 2 : explain SELECT k FROM sbtest2 WHERE k BETWEEN 4885606 AND 4885706
	Index Only Scan using k_2 on sbtest2  (cost=0.43..6.50 rows=103 width=4)
	  Index Cond: ((k >= 4885606) AND (k <= 4885706))

table 3 : explain SELECT k FROM sbtest3 WHERE k BETWEEN 4885606 AND 4885706
	Index Only Scan using k_3 on sbtest3  (cost=0.43..10.58 rows=107 width=4)
	  Index Cond: ((k >= 4885606) AND (k <= 4885706))

table 4 : explain SELECT k FROM sbtest4 WHERE k BETWEEN 4885606 AND 4885706
	Index Only Scan using k_4 on sbtest4  (cost=0.43..6.42 rows=99 width=4)
	  Index Cond: ((k >= 4885606) AND (k <= 4885706))

table 5 : explain SELECT k FROM sbtest5 WHERE k BETWEEN 4885606 AND 4885706
	Index Only Scan using k_5 on sbtest5  (cost=0.43..6.53 rows=105 width=4)
	  Index Cond: ((k >= 4885606) AND (k <= 4885706))

table 6 : explain SELECT k FROM sbtest6 WHERE k BETWEEN 4885606 AND 4885706
	Index Only Scan using k_6 on sbtest6  (cost=0.43..6.45 rows=101 width=4)
	  Index Cond: ((k >= 4885606) AND (k <= 4885706))

table 7 : explain SELECT k FROM sbtest7 WHERE k BETWEEN 4885606 AND 4885706
	Index Only Scan using k_7 on sbtest7  (cost=0.43..6.40 rows=98 width=4)
	  Index Cond: ((k >= 4885606) AND (k <= 4885706))

table 8 : explain SELECT k FROM sbtest8 WHERE k BETWEEN 4885606 AND 4885706
	Index Only Scan using k_8 on sbtest8  (cost=0.43..6.43 rows=100 width=4)
	  Index Cond: ((k >= 4885606) AND (k <= 4885706))

explain: for range-covered :: explain SELECT k FROM sbtest%d WHERE k BETWEEN 4289685 AND 4289785
explain: for range-covered :: explain SELECT k FROM sbtest%d WHERE k BETWEEN 4715003 AND 4715103
for range-covered
table 1 : explain SELECT k FROM sbtest1 WHERE k BETWEEN 7177719 AND 7177819
	Index Only Scan using k_1 on sbtest1  (cost=0.43..6.74 rows=115 width=4)
	  Index Cond: ((k >= 7177719) AND (k <= 7177819))

table 2 : explain SELECT k FROM sbtest2 WHERE k BETWEEN 7177719 AND 7177819
	Index Only Scan using k_2 on sbtest2  (cost=0.43..6.53 rows=105 width=4)
	  Index Cond: ((k >= 7177719) AND (k <= 7177819))

table 3 : explain SELECT k FROM sbtest3 WHERE k BETWEEN 7177719 AND 7177819
	Index Only Scan using k_3 on sbtest3  (cost=0.43..10.29 rows=93 width=4)
	  Index Cond: ((k >= 7177719) AND (k <= 7177819))

table 4 : explain SELECT k FROM sbtest4 WHERE k BETWEEN 7177719 AND 7177819
	Index Only Scan using k_4 on sbtest4  (cost=0.43..6.37 rows=97 width=4)
	  Index Cond: ((k >= 7177719) AND (k <= 7177819))

table 5 : explain SELECT k FROM sbtest5 WHERE k BETWEEN 7177719 AND 7177819
	Index Only Scan using k_5 on sbtest5  (cost=0.43..6.45 rows=101 width=4)
	  Index Cond: ((k >= 7177719) AND (k <= 7177819))

table 6 : explain SELECT k FROM sbtest6 WHERE k BETWEEN 7177719 AND 7177819
	Index Only Scan using k_6 on sbtest6  (cost=0.43..6.51 rows=104 width=4)
	  Index Cond: ((k >= 7177719) AND (k <= 7177819))

table 7 : explain SELECT k FROM sbtest7 WHERE k BETWEEN 7177719 AND 7177819
	Index Only Scan using k_7 on sbtest7  (cost=0.43..6.35 rows=96 width=4)
	  Index Cond: ((k >= 7177719) AND (k <= 7177819))

table 8 : explain SELECT k FROM sbtest8 WHERE k BETWEEN 7177719 AND 7177819
	Index Only Scan using k_8 on sbtest8  (cost=0.43..6.58 rows=107 width=4)
	  Index Cond: ((k >= 7177719) AND (k <= 7177819))

for range-covered
table 1 : explain SELECT k FROM sbtest1 WHERE k BETWEEN 5712270 AND 5712370
	Index Only Scan using k_1 on sbtest1  (cost=0.43..6.35 rows=96 width=4)
	  Index Cond: ((k >= 5712270) AND (k <= 5712370))

table 2 : explain SELECT k FROM sbtest2 WHERE k BETWEEN 5712270 AND 5712370
	Index Only Scan using k_2 on sbtest2  (cost=0.43..6.32 rows=94 width=4)
	  Index Cond: ((k >= 5712270) AND (k <= 5712370))

table 3 : explain SELECT k FROM sbtest3 WHERE k BETWEEN 5712270 AND 5712370
	Index Only Scan using k_3 on sbtest3  (cost=0.43..10.44 rows=100 width=4)
	  Index Cond: ((k >= 5712270) AND (k <= 5712370))

table 4 : explain SELECT k FROM sbtest4 WHERE k BETWEEN 5712270 AND 5712370
	Index Only Scan using k_4 on sbtest4  (cost=0.43..6.51 rows=104 width=4)
	  Index Cond: ((k >= 5712270) AND (k <= 5712370))

table 5 : explain SELECT k FROM sbtest5 WHERE k BETWEEN 5712270 AND 5712370
	Index Only Scan using k_5 on sbtest5  (cost=0.43..6.21 rows=89 width=4)
	  Index Cond: ((k >= 5712270) AND (k <= 5712370))

table 6 : explain SELECT k FROM sbtest6 WHERE k BETWEEN 5712270 AND 5712370
	Index Only Scan using k_6 on sbtest6  (cost=0.43..6.42 rows=99 width=4)
	  Index Cond: ((k >= 5712270) AND (k <= 5712370))

table 7 : explain SELECT k FROM sbtest7 WHERE k BETWEEN 5712270 AND 5712370
	Index Only Scan using k_7 on sbtest7  (cost=0.43..6.47 rows=102 width=4)
	  Index Cond: ((k >= 5712270) AND (k <= 5712370))

table 8 : explain SELECT k FROM sbtest8 WHERE k BETWEEN 5712270 AND 5712370
	Index Only Scan using k_8 on sbtest8  (cost=0.43..6.43 rows=100 width=4)
	  Index Cond: ((k >= 5712270) AND (k <= 5712370))

explain: for range-covered :: explain SELECT k FROM sbtest%d WHERE k BETWEEN 4885606 AND 4885706
explain: for range-covered :: explain SELECT k FROM sbtest%d WHERE k BETWEEN 5712270 AND 5712370
for range-covered
table 1 : explain SELECT k FROM sbtest1 WHERE k BETWEEN 6122583 AND 6122683
	Index Only Scan using k_1 on sbtest1  (cost=0.43..6.42 rows=99 width=4)
	  Index Cond: ((k >= 6122583) AND (k <= 6122683))

table 2 : explain SELECT k FROM sbtest2 WHERE k BETWEEN 6122583 AND 6122683
	Index Only Scan using k_2 on sbtest2  (cost=0.43..6.47 rows=102 width=4)
	  Index Cond: ((k >= 6122583) AND (k <= 6122683))

table 3 : explain SELECT k FROM sbtest3 WHERE k BETWEEN 6122583 AND 6122683
	Index Only Scan using k_3 on sbtest3  (cost=0.43..10.40 rows=98 width=4)
	  Index Cond: ((k >= 6122583) AND (k <= 6122683))

table 4 : explain SELECT k FROM sbtest4 WHERE k BETWEEN 6122583 AND 6122683
	Index Only Scan using k_4 on sbtest4  (cost=0.43..6.47 rows=102 width=4)
	  Index Cond: ((k >= 6122583) AND (k <= 6122683))

table 5 : explain SELECT k FROM sbtest5 WHERE k BETWEEN 6122583 AND 6122683
	Index Only Scan using k_5 on sbtest5  (cost=0.43..6.58 rows=107 width=4)
	  Index Cond: ((k >= 6122583) AND (k <= 6122683))

table 6 : explain SELECT k FROM sbtest6 WHERE k BETWEEN 6122583 AND 6122683
	Index Only Scan using k_6 on sbtest6  (cost=0.43..6.37 rows=97 width=4)
	  Index Cond: ((k >= 6122583) AND (k <= 6122683))

table 7 : explain SELECT k FROM sbtest7 WHERE k BETWEEN 6122583 AND 6122683
	Index Only Scan using k_7 on sbtest7  (cost=0.43..6.42 rows=99 width=4)
	  Index Cond: ((k >= 6122583) AND (k <= 6122683))

table 8 : explain SELECT k FROM sbtest8 WHERE k BETWEEN 6122583 AND 6122683
	Index Only Scan using k_8 on sbtest8  (cost=0.43..6.58 rows=107 width=4)
	  Index Cond: ((k >= 6122583) AND (k <= 6122683))

explain: for range-covered :: explain SELECT k FROM sbtest%d WHERE k BETWEEN 6122583 AND 6122683
for range-covered
table 1 : explain SELECT k FROM sbtest1 WHERE k BETWEEN 6214403 AND 6214503
	Index Only Scan using k_1 on sbtest1  (cost=0.43..6.42 rows=99 width=4)
	  Index Cond: ((k >= 6214403) AND (k <= 6214503))

table 2 : explain SELECT k FROM sbtest2 WHERE k BETWEEN 6214403 AND 6214503
	Index Only Scan using k_2 on sbtest2  (cost=0.43..6.35 rows=96 width=4)
	  Index Cond: ((k >= 6214403) AND (k <= 6214503))

table 3 : explain SELECT k FROM sbtest3 WHERE k BETWEEN 6214403 AND 6214503
	Index Only Scan using k_3 on sbtest3  (cost=0.43..10.36 rows=96 width=4)
	  Index Cond: ((k >= 6214403) AND (k <= 6214503))

table 4 : explain SELECT k FROM sbtest4 WHERE k BETWEEN 6214403 AND 6214503
	Index Only Scan using k_4 on sbtest4  (cost=0.43..6.47 rows=102 width=4)
	  Index Cond: ((k >= 6214403) AND (k <= 6214503))

table 5 : explain SELECT k FROM sbtest5 WHERE k BETWEEN 6214403 AND 6214503
	Index Only Scan using k_5 on sbtest5  (cost=0.43..6.27 rows=92 width=4)
	  Index Cond: ((k >= 6214403) AND (k <= 6214503))

table 6 : explain SELECT k FROM sbtest6 WHERE k BETWEEN 6214403 AND 6214503
	Index Only Scan using k_6 on sbtest6  (cost=0.43..6.47 rows=102 width=4)
	  Index Cond: ((k >= 6214403) AND (k <= 6214503))

table 7 : explain SELECT k FROM sbtest7 WHERE k BETWEEN 6214403 AND 6214503
	Index Only Scan using k_7 on sbtest7  (cost=0.43..6.42 rows=99 width=4)
	  Index Cond: ((k >= 6214403) AND (k <= 6214503))

table 8 : explain SELECT k FROM sbtest8 WHERE k BETWEEN 6214403 AND 6214503
	Index Only Scan using k_8 on sbtest8  (cost=0.43..6.37 rows=97 width=4)
	  Index Cond: ((k >= 6214403) AND (k <= 6214503))

explain: for range-covered :: explain SELECT k FROM sbtest%d WHERE k BETWEEN 6214403 AND 6214503
for range-covered
table 1 : explain SELECT k FROM sbtest1 WHERE k BETWEEN 5712270 AND 5712370
	Index Only Scan using k_1 on sbtest1  (cost=0.43..6.35 rows=96 width=4)
	  Index Cond: ((k >= 5712270) AND (k <= 5712370))

table 2 : explain SELECT k FROM sbtest2 WHERE k BETWEEN 5712270 AND 5712370
	Index Only Scan using k_2 on sbtest2  (cost=0.43..6.32 rows=94 width=4)
	  Index Cond: ((k >= 5712270) AND (k <= 5712370))

table 3 : explain SELECT k FROM sbtest3 WHERE k BETWEEN 5712270 AND 5712370
	Index Only Scan using k_3 on sbtest3  (cost=0.43..10.44 rows=100 width=4)
	  Index Cond: ((k >= 5712270) AND (k <= 5712370))

table 4 : explain SELECT k FROM sbtest4 WHERE k BETWEEN 5712270 AND 5712370
	Index Only Scan using k_4 on sbtest4  (cost=0.43..6.51 rows=104 width=4)
	  Index Cond: ((k >= 5712270) AND (k <= 5712370))

table 5 : explain SELECT k FROM sbtest5 WHERE k BETWEEN 5712270 AND 5712370
	Index Only Scan using k_5 on sbtest5  (cost=0.43..6.21 rows=89 width=4)
	  Index Cond: ((k >= 5712270) AND (k <= 5712370))

table 6 : explain SELECT k FROM sbtest6 WHERE k BETWEEN 5712270 AND 5712370
	Index Only Scan using k_6 on sbtest6  (cost=0.43..6.42 rows=99 width=4)
	  Index Cond: ((k >= 5712270) AND (k <= 5712370))

table 7 : explain SELECT k FROM sbtest7 WHERE k BETWEEN 5712270 AND 5712370
	Index Only Scan using k_7 on sbtest7  (cost=0.43..6.47 rows=102 width=4)
	  Index Cond: ((k >= 5712270) AND (k <= 5712370))

table 8 : explain SELECT k FROM sbtest8 WHERE k BETWEEN 5712270 AND 5712370
	Index Only Scan using k_8 on sbtest8  (cost=0.43..6.43 rows=100 width=4)
	  Index Cond: ((k >= 5712270) AND (k <= 5712370))

explain: for range-covered :: explain SELECT k FROM sbtest%d WHERE k BETWEEN 5712270 AND 5712370
for range-covered
table 1 : explain SELECT k FROM sbtest1 WHERE k BETWEEN 6122583 AND 6122683
	Index Only Scan using k_1 on sbtest1  (cost=0.43..6.42 rows=99 width=4)
	  Index Cond: ((k >= 6122583) AND (k <= 6122683))

table 2 : explain SELECT k FROM sbtest2 WHERE k BETWEEN 6122583 AND 6122683
	Index Only Scan using k_2 on sbtest2  (cost=0.43..6.47 rows=102 width=4)
	  Index Cond: ((k >= 6122583) AND (k <= 6122683))

table 3 : explain SELECT k FROM sbtest3 WHERE k BETWEEN 6122583 AND 6122683
	Index Only Scan using k_3 on sbtest3  (cost=0.43..10.40 rows=98 width=4)
	  Index Cond: ((k >= 6122583) AND (k <= 6122683))

table 4 : explain SELECT k FROM sbtest4 WHERE k BETWEEN 6122583 AND 6122683
	Index Only Scan using k_4 on sbtest4  (cost=0.43..6.47 rows=102 width=4)
	  Index Cond: ((k >= 6122583) AND (k <= 6122683))

table 5 : explain SELECT k FROM sbtest5 WHERE k BETWEEN 6122583 AND 6122683
	Index Only Scan using k_5 on sbtest5  (cost=0.43..6.58 rows=107 width=4)
	  Index Cond: ((k >= 6122583) AND (k <= 6122683))

table 6 : explain SELECT k FROM sbtest6 WHERE k BETWEEN 6122583 AND 6122683
	Index Only Scan using k_6 on sbtest6  (cost=0.43..6.37 rows=97 width=4)
	  Index Cond: ((k >= 6122583) AND (k <= 6122683))

table 7 : explain SELECT k FROM sbtest7 WHERE k BETWEEN 6122583 AND 6122683
	Index Only Scan using k_7 on sbtest7  (cost=0.43..6.42 rows=99 width=4)
	  Index Cond: ((k >= 6122583) AND (k <= 6122683))

table 8 : explain SELECT k FROM sbtest8 WHERE k BETWEEN 6122583 AND 6122683
	Index Only Scan using k_8 on sbtest8  (cost=0.43..6.58 rows=107 width=4)
	  Index Cond: ((k >= 6122583) AND (k <= 6122683))

explain: for range-covered :: explain SELECT k FROM sbtest%d WHERE k BETWEEN 6122583 AND 6122683
for range-covered
table 1 : explain SELECT k FROM sbtest1 WHERE k BETWEEN 5326980 AND 5327080
	Index Only Scan using k_1 on sbtest1  (cost=0.43..6.53 rows=105 width=4)
	  Index Cond: ((k >= 5326980) AND (k <= 5327080))

table 2 : explain SELECT k FROM sbtest2 WHERE k BETWEEN 5326980 AND 5327080
	Index Only Scan using k_2 on sbtest2  (cost=0.43..6.37 rows=97 width=4)
	  Index Cond: ((k >= 5326980) AND (k <= 5327080))

table 3 : explain SELECT k FROM sbtest3 WHERE k BETWEEN 5326980 AND 5327080
	Index Only Scan using k_3 on sbtest3  (cost=0.43..10.33 rows=95 width=4)
	  Index Cond: ((k >= 5326980) AND (k <= 5327080))

table 4 : explain SELECT k FROM sbtest4 WHERE k BETWEEN 5326980 AND 5327080
	Index Only Scan using k_4 on sbtest4  (cost=0.43..6.37 rows=97 width=4)
	  Index Cond: ((k >= 5326980) AND (k <= 5327080))

table 5 : explain SELECT k FROM sbtest5 WHERE k BETWEEN 5326980 AND 5327080
	Index Only Scan using k_5 on sbtest5  (cost=0.43..6.35 rows=96 width=4)
	  Index Cond: ((k >= 5326980) AND (k <= 5327080))

table 6 : explain SELECT k FROM sbtest6 WHERE k BETWEEN 5326980 AND 5327080
	Index Only Scan using k_6 on sbtest6  (cost=0.43..6.72 rows=114 width=4)
	  Index Cond: ((k >= 5326980) AND (k <= 5327080))

table 7 : explain SELECT k FROM sbtest7 WHERE k BETWEEN 5326980 AND 5327080
	Index Only Scan using k_7 on sbtest7  (cost=0.43..6.33 rows=95 width=4)
	  Index Cond: ((k >= 5326980) AND (k <= 5327080))

table 8 : explain SELECT k FROM sbtest8 WHERE k BETWEEN 5326980 AND 5327080
	Index Only Scan using k_8 on sbtest8  (cost=0.43..6.35 rows=96 width=4)
	  Index Cond: ((k >= 5326980) AND (k <= 5327080))

for range-covered
table 1 : explain SELECT k FROM sbtest1 WHERE k BETWEEN 6214403 AND 6214503
	Index Only Scan using k_1 on sbtest1  (cost=0.43..6.42 rows=99 width=4)
	  Index Cond: ((k >= 6214403) AND (k <= 6214503))

table 2 : explain SELECT k FROM sbtest2 WHERE k BETWEEN 6214403 AND 6214503
	Index Only Scan using k_2 on sbtest2  (cost=0.43..6.35 rows=96 width=4)
	  Index Cond: ((k >= 6214403) AND (k <= 6214503))

table 3 : explain SELECT k FROM sbtest3 WHERE k BETWEEN 6214403 AND 6214503
	Index Only Scan using k_3 on sbtest3  (cost=0.43..10.36 rows=96 width=4)
	  Index Cond: ((k >= 6214403) AND (k <= 6214503))

table 4 : explain SELECT k FROM sbtest4 WHERE k BETWEEN 6214403 AND 6214503
	Index Only Scan using k_4 on sbtest4  (cost=0.43..6.47 rows=102 width=4)
	  Index Cond: ((k >= 6214403) AND (k <= 6214503))

table 5 : explain SELECT k FROM sbtest5 WHERE k BETWEEN 6214403 AND 6214503
	Index Only Scan using k_5 on sbtest5  (cost=0.43..6.27 rows=92 width=4)
	  Index Cond: ((k >= 6214403) AND (k <= 6214503))

table 6 : explain SELECT k FROM sbtest6 WHERE k BETWEEN 6214403 AND 6214503
	Index Only Scan using k_6 on sbtest6  (cost=0.43..6.47 rows=102 width=4)
	  Index Cond: ((k >= 6214403) AND (k <= 6214503))

table 7 : explain SELECT k FROM sbtest7 WHERE k BETWEEN 6214403 AND 6214503
	Index Only Scan using k_7 on sbtest7  (cost=0.43..6.42 rows=99 width=4)
	  Index Cond: ((k >= 6214403) AND (k <= 6214503))

table 8 : explain SELECT k FROM sbtest8 WHERE k BETWEEN 6214403 AND 6214503
	Index Only Scan using k_8 on sbtest8  (cost=0.43..6.37 rows=97 width=4)
	  Index Cond: ((k >= 6214403) AND (k <= 6214503))

explain: for range-covered :: explain SELECT k FROM sbtest%d WHERE k BETWEEN 5326980 AND 5327080
for range-covered
table 1 : explain SELECT k FROM sbtest1 WHERE k BETWEEN 4715003 AND 4715103
	Index Only Scan using k_1 on sbtest1  (cost=0.43..6.32 rows=94 width=4)
	  Index Cond: ((k >= 4715003) AND (k <= 4715103))

table 2 : explain SELECT k FROM sbtest2 WHERE k BETWEEN 4715003 AND 4715103
	Index Only Scan using k_2 on sbtest2  (cost=0.43..6.27 rows=92 width=4)
	  Index Cond: ((k >= 4715003) AND (k <= 4715103))

table 3 : explain SELECT k FROM sbtest3 WHERE k BETWEEN 4715003 AND 4715103
	Index Only Scan using k_3 on sbtest3  (cost=0.43..10.51 rows=104 width=4)
	  Index Cond: ((k >= 4715003) AND (k <= 4715103))

table 4 : explain SELECT k FROM sbtest4 WHERE k BETWEEN 4715003 AND 4715103
	Index Only Scan using k_4 on sbtest4  (cost=0.43..6.35 rows=96 width=4)
	  Index Cond: ((k >= 4715003) AND (k <= 4715103))

table 5 : explain SELECT k FROM sbtest5 WHERE k BETWEEN 4715003 AND 4715103
	Index Only Scan using k_5 on sbtest5  (cost=0.43..6.53 rows=105 width=4)
	  Index Cond: ((k >= 4715003) AND (k <= 4715103))

table 6 : explain SELECT k FROM sbtest6 WHERE k BETWEEN 4715003 AND 4715103
	Index Only Scan using k_6 on sbtest6  (cost=0.43..6.74 rows=115 width=4)
	  Index Cond: ((k >= 4715003) AND (k <= 4715103))

table 7 : explain SELECT k FROM sbtest7 WHERE k BETWEEN 4715003 AND 4715103
	Index Only Scan using k_7 on sbtest7  (cost=0.43..6.56 rows=106 width=4)
	  Index Cond: ((k >= 4715003) AND (k <= 4715103))

table 8 : explain SELECT k FROM sbtest8 WHERE k BETWEEN 4715003 AND 4715103
	Index Only Scan using k_8 on sbtest8  (cost=0.43..6.37 rows=97 width=4)
	  Index Cond: ((k >= 4715003) AND (k <= 4715103))

for range-covered
table 1 : explain SELECT k FROM sbtest1 WHERE k BETWEEN 4289685 AND 4289785
	Index Only Scan using k_1 on sbtest1  (cost=0.43..6.37 rows=97 width=4)
	  Index Cond: ((k >= 4289685) AND (k <= 4289785))

table 2 : explain SELECT k FROM sbtest2 WHERE k BETWEEN 4289685 AND 4289785
	Index Only Scan using k_2 on sbtest2  (cost=0.43..6.53 rows=105 width=4)
	  Index Cond: ((k >= 4289685) AND (k <= 4289785))

table 3 : explain SELECT k FROM sbtest3 WHERE k BETWEEN 4289685 AND 4289785
	Index Only Scan using k_3 on sbtest3  (cost=0.43..10.36 rows=96 width=4)
	  Index Cond: ((k >= 4289685) AND (k <= 4289785))

table 4 : explain SELECT k FROM sbtest4 WHERE k BETWEEN 4289685 AND 4289785
	Index Only Scan using k_4 on sbtest4  (cost=0.43..6.53 rows=105 width=4)
	  Index Cond: ((k >= 4289685) AND (k <= 4289785))

table 5 : explain SELECT k FROM sbtest5 WHERE k BETWEEN 4289685 AND 4289785
	Index Only Scan using k_5 on sbtest5  (cost=0.43..6.61 rows=109 width=4)
	  Index Cond: ((k >= 4289685) AND (k <= 4289785))

table 6 : explain SELECT k FROM sbtest6 WHERE k BETWEEN 4289685 AND 4289785
	Index Only Scan using k_6 on sbtest6  (cost=0.43..6.50 rows=103 width=4)
	  Index Cond: ((k >= 4289685) AND (k <= 4289785))

table 7 : explain SELECT k FROM sbtest7 WHERE k BETWEEN 4289685 AND 4289785
	Index Only Scan using k_7 on sbtest7  (cost=0.43..6.43 rows=100 width=4)
	  Index Cond: ((k >= 4289685) AND (k <= 4289785))

table 8 : explain SELECT k FROM sbtest8 WHERE k BETWEEN 4289685 AND 4289785
	Index Only Scan using k_8 on sbtest8  (cost=0.43..6.66 rows=111 width=4)
	  Index Cond: ((k >= 4289685) AND (k <= 4289785))

explain: for range-covered :: explain SELECT k FROM sbtest%d WHERE k BETWEEN 6214403 AND 6214503
explain: for range-covered :: explain SELECT k FROM sbtest%d WHERE k BETWEEN 4715003 AND 4715103
for range-covered
table 1 : explain SELECT k FROM sbtest1 WHERE k BETWEEN 4885606 AND 4885706
	Index Only Scan using k_1 on sbtest1  (cost=0.43..6.37 rows=97 width=4)
	  Index Cond: ((k >= 4885606) AND (k <= 4885706))

table 2 : explain SELECT k FROM sbtest2 WHERE k BETWEEN 4885606 AND 4885706
	Index Only Scan using k_2 on sbtest2  (cost=0.43..6.50 rows=103 width=4)
	  Index Cond: ((k >= 4885606) AND (k <= 4885706))

table 3 : explain SELECT k FROM sbtest3 WHERE k BETWEEN 4885606 AND 4885706
	Index Only Scan using k_3 on sbtest3  (cost=0.43..10.58 rows=107 width=4)
	  Index Cond: ((k >= 4885606) AND (k <= 4885706))

table 4 : explain SELECT k FROM sbtest4 WHERE k BETWEEN 4885606 AND 4885706
	Index Only Scan using k_4 on sbtest4  (cost=0.43..6.42 rows=99 width=4)
	  Index Cond: ((k >= 4885606) AND (k <= 4885706))

table 5 : explain SELECT k FROM sbtest5 WHERE k BETWEEN 4885606 AND 4885706
	Index Only Scan using k_5 on sbtest5  (cost=0.43..6.53 rows=105 width=4)
	  Index Cond: ((k >= 4885606) AND (k <= 4885706))

table 6 : explain SELECT k FROM sbtest6 WHERE k BETWEEN 4885606 AND 4885706
	Index Only Scan using k_6 on sbtest6  (cost=0.43..6.45 rows=101 width=4)
	  Index Cond: ((k >= 4885606) AND (k <= 4885706))

table 7 : explain SELECT k FROM sbtest7 WHERE k BETWEEN 4885606 AND 4885706
	Index Only Scan using k_7 on sbtest7  (cost=0.43..6.40 rows=98 width=4)
	  Index Cond: ((k >= 4885606) AND (k <= 4885706))

table 8 : explain SELECT k FROM sbtest8 WHERE k BETWEEN 4885606 AND 4885706
	Index Only Scan using k_8 on sbtest8  (cost=0.43..6.43 rows=100 width=4)
	  Index Cond: ((k >= 4885606) AND (k <= 4885706))

for range-covered
table 1 : explain SELECT k FROM sbtest1 WHERE k BETWEEN 5712270 AND 5712370
	Index Only Scan using k_1 on sbtest1  (cost=0.43..6.35 rows=96 width=4)
	  Index Cond: ((k >= 5712270) AND (k <= 5712370))

table 2 : explain SELECT k FROM sbtest2 WHERE k BETWEEN 5712270 AND 5712370
	Index Only Scan using k_2 on sbtest2  (cost=0.43..6.32 rows=94 width=4)
	  Index Cond: ((k >= 5712270) AND (k <= 5712370))

table 3 : explain SELECT k FROM sbtest3 WHERE k BETWEEN 5712270 AND 5712370
	Index Only Scan using k_3 on sbtest3  (cost=0.43..10.44 rows=100 width=4)
	  Index Cond: ((k >= 5712270) AND (k <= 5712370))

table 4 : explain SELECT k FROM sbtest4 WHERE k BETWEEN 5712270 AND 5712370
	Index Only Scan using k_4 on sbtest4  (cost=0.43..6.51 rows=104 width=4)
	  Index Cond: ((k >= 5712270) AND (k <= 5712370))

table 5 : explain SELECT k FROM sbtest5 WHERE k BETWEEN 5712270 AND 5712370
	Index Only Scan using k_5 on sbtest5  (cost=0.43..6.21 rows=89 width=4)
	  Index Cond: ((k >= 5712270) AND (k <= 5712370))

table 6 : explain SELECT k FROM sbtest6 WHERE k BETWEEN 5712270 AND 5712370
	Index Only Scan using k_6 on sbtest6  (cost=0.43..6.42 rows=99 width=4)
	  Index Cond: ((k >= 5712270) AND (k <= 5712370))

table 7 : explain SELECT k FROM sbtest7 WHERE k BETWEEN 5712270 AND 5712370
	Index Only Scan using k_7 on sbtest7  (cost=0.43..6.47 rows=102 width=4)
	  Index Cond: ((k >= 5712270) AND (k <= 5712370))

table 8 : explain SELECT k FROM sbtest8 WHERE k BETWEEN 5712270 AND 5712370
	Index Only Scan using k_8 on sbtest8  (cost=0.43..6.43 rows=100 width=4)
	  Index Cond: ((k >= 5712270) AND (k <= 5712370))

explain: for range-covered :: explain SELECT k FROM sbtest%d WHERE k BETWEEN 5712270 AND 5712370
for range-covered
table 1 : explain SELECT k FROM sbtest1 WHERE k BETWEEN 6122583 AND 6122683
	Index Only Scan using k_1 on sbtest1  (cost=0.43..6.42 rows=99 width=4)
	  Index Cond: ((k >= 6122583) AND (k <= 6122683))

table 2 : explain SELECT k FROM sbtest2 WHERE k BETWEEN 6122583 AND 6122683
	Index Only Scan using k_2 on sbtest2  (cost=0.43..6.47 rows=102 width=4)
	  Index Cond: ((k >= 6122583) AND (k <= 6122683))

table 3 : explain SELECT k FROM sbtest3 WHERE k BETWEEN 6122583 AND 6122683
	Index Only Scan using k_3 on sbtest3  (cost=0.43..10.40 rows=98 width=4)
	  Index Cond: ((k >= 6122583) AND (k <= 6122683))

table 4 : explain SELECT k FROM sbtest4 WHERE k BETWEEN 6122583 AND 6122683
	Index Only Scan using k_4 on sbtest4  (cost=0.43..6.47 rows=102 width=4)
	  Index Cond: ((k >= 6122583) AND (k <= 6122683))

table 5 : explain SELECT k FROM sbtest5 WHERE k BETWEEN 6122583 AND 6122683
	Index Only Scan using k_5 on sbtest5  (cost=0.43..6.58 rows=107 width=4)
	  Index Cond: ((k >= 6122583) AND (k <= 6122683))

table 6 : explain SELECT k FROM sbtest6 WHERE k BETWEEN 6122583 AND 6122683
	Index Only Scan using k_6 on sbtest6  (cost=0.43..6.37 rows=97 width=4)
	  Index Cond: ((k >= 6122583) AND (k <= 6122683))

table 7 : explain SELECT k FROM sbtest7 WHERE k BETWEEN 6122583 AND 6122683
	Index Only Scan using k_7 on sbtest7  (cost=0.43..6.42 rows=99 width=4)
	  Index Cond: ((k >= 6122583) AND (k <= 6122683))

table 8 : explain SELECT k FROM sbtest8 WHERE k BETWEEN 6122583 AND 6122683
	Index Only Scan using k_8 on sbtest8  (cost=0.43..6.58 rows=107 width=4)
	  Index Cond: ((k >= 6122583) AND (k <= 6122683))

explain: for range-covered :: explain SELECT k FROM sbtest%d WHERE k BETWEEN 6122583 AND 6122683
explain: for range-covered :: explain SELECT k FROM sbtest%d WHERE k BETWEEN 8232422 AND 8232522
for range-covered
table 1 : explain SELECT k FROM sbtest1 WHERE k BETWEEN 9523002 AND 9523102
	Index Only Scan using k_1 on sbtest1  (cost=0.43..6.43 rows=100 width=4)
	  Index Cond: ((k >= 9523002) AND (k <= 9523102))

table 2 : explain SELECT k FROM sbtest2 WHERE k BETWEEN 9523002 AND 9523102
	Index Only Scan using k_2 on sbtest2  (cost=0.43..6.58 rows=107 width=4)
	  Index Cond: ((k >= 9523002) AND (k <= 9523102))

table 3 : explain SELECT k FROM sbtest3 WHERE k BETWEEN 9523002 AND 9523102
	Index Only Scan using k_3 on sbtest3  (cost=0.43..10.56 rows=106 width=4)
	  Index Cond: ((k >= 9523002) AND (k <= 9523102))

table 4 : explain SELECT k FROM sbtest4 WHERE k BETWEEN 9523002 AND 9523102
	Index Only Scan using k_4 on sbtest4  (cost=0.43..6.51 rows=104 width=4)
	  Index Cond: ((k >= 9523002) AND (k <= 9523102))

table 5 : explain SELECT k FROM sbtest5 WHERE k BETWEEN 9523002 AND 9523102
	Index Only Scan using k_5 on sbtest5  (cost=0.43..6.56 rows=106 width=4)
	  Index Cond: ((k >= 9523002) AND (k <= 9523102))

table 6 : explain SELECT k FROM sbtest6 WHERE k BETWEEN 9523002 AND 9523102
	Index Only Scan using k_6 on sbtest6  (cost=0.43..6.42 rows=99 width=4)
	  Index Cond: ((k >= 9523002) AND (k <= 9523102))

table 7 : explain SELECT k FROM sbtest7 WHERE k BETWEEN 9523002 AND 9523102
	Index Only Scan using k_7 on sbtest7  (cost=0.43..6.47 rows=102 width=4)
	  Index Cond: ((k >= 9523002) AND (k <= 9523102))

table 8 : explain SELECT k FROM sbtest8 WHERE k BETWEEN 9523002 AND 9523102
	Index Only Scan using k_8 on sbtest8  (cost=0.43..6.51 rows=104 width=4)
	  Index Cond: ((k >= 9523002) AND (k <= 9523102))

for range-covered
table 1 : explain SELECT k FROM sbtest1 WHERE k BETWEEN 5712270 AND 5712370
	Index Only Scan using k_1 on sbtest1  (cost=0.43..6.35 rows=96 width=4)
	  Index Cond: ((k >= 5712270) AND (k <= 5712370))

table 2 : explain SELECT k FROM sbtest2 WHERE k BETWEEN 5712270 AND 5712370
	Index Only Scan using k_2 on sbtest2  (cost=0.43..6.32 rows=94 width=4)
	  Index Cond: ((k >= 5712270) AND (k <= 5712370))

table 3 : explain SELECT k FROM sbtest3 WHERE k BETWEEN 5712270 AND 5712370
	Index Only Scan using k_3 on sbtest3  (cost=0.43..10.44 rows=100 width=4)
	  Index Cond: ((k >= 5712270) AND (k <= 5712370))

table 4 : explain SELECT k FROM sbtest4 WHERE k BETWEEN 5712270 AND 5712370
	Index Only Scan using k_4 on sbtest4  (cost=0.43..6.51 rows=104 width=4)
	  Index Cond: ((k >= 5712270) AND (k <= 5712370))

table 5 : explain SELECT k FROM sbtest5 WHERE k BETWEEN 5712270 AND 5712370
	Index Only Scan using k_5 on sbtest5  (cost=0.43..6.21 rows=89 width=4)
	  Index Cond: ((k >= 5712270) AND (k <= 5712370))

table 6 : explain SELECT k FROM sbtest6 WHERE k BETWEEN 5712270 AND 5712370
	Index Only Scan using k_6 on sbtest6  (cost=0.43..6.42 rows=99 width=4)
	  Index Cond: ((k >= 5712270) AND (k <= 5712370))

table 7 : explain SELECT k FROM sbtest7 WHERE k BETWEEN 5712270 AND 5712370
	Index Only Scan using k_7 on sbtest7  (cost=0.43..6.47 rows=102 width=4)
	  Index Cond: ((k >= 5712270) AND (k <= 5712370))

table 8 : explain SELECT k FROM sbtest8 WHERE k BETWEEN 5712270 AND 5712370
	Index Only Scan using k_8 on sbtest8  (cost=0.43..6.43 rows=100 width=4)
	  Index Cond: ((k >= 5712270) AND (k <= 5712370))

explain: for range-covered :: explain SELECT k FROM sbtest%d WHERE k BETWEEN 9523002 AND 9523102
explain: for range-covered :: explain SELECT k FROM sbtest%d WHERE k BETWEEN 5712270 AND 5712370
for range-covered
table 1 : explain SELECT k FROM sbtest1 WHERE k BETWEEN 6122583 AND 6122683
	Index Only Scan using k_1 on sbtest1  (cost=0.43..6.42 rows=99 width=4)
	  Index Cond: ((k >= 6122583) AND (k <= 6122683))

table 2 : explain SELECT k FROM sbtest2 WHERE k BETWEEN 6122583 AND 6122683
	Index Only Scan using k_2 on sbtest2  (cost=0.43..6.47 rows=102 width=4)
	  Index Cond: ((k >= 6122583) AND (k <= 6122683))

table 3 : explain SELECT k FROM sbtest3 WHERE k BETWEEN 6122583 AND 6122683
	Index Only Scan using k_3 on sbtest3  (cost=0.43..10.40 rows=98 width=4)
	  Index Cond: ((k >= 6122583) AND (k <= 6122683))

table 4 : explain SELECT k FROM sbtest4 WHERE k BETWEEN 6122583 AND 6122683
	Index Only Scan using k_4 on sbtest4  (cost=0.43..6.47 rows=102 width=4)
	  Index Cond: ((k >= 6122583) AND (k <= 6122683))

table 5 : explain SELECT k FROM sbtest5 WHERE k BETWEEN 6122583 AND 6122683
	Index Only Scan using k_5 on sbtest5  (cost=0.43..6.58 rows=107 width=4)
	  Index Cond: ((k >= 6122583) AND (k <= 6122683))

table 6 : explain SELECT k FROM sbtest6 WHERE k BETWEEN 6122583 AND 6122683
	Index Only Scan using k_6 on sbtest6  (cost=0.43..6.37 rows=97 width=4)
	  Index Cond: ((k >= 6122583) AND (k <= 6122683))

table 7 : explain SELECT k FROM sbtest7 WHERE k BETWEEN 6122583 AND 6122683
	Index Only Scan using k_7 on sbtest7  (cost=0.43..6.42 rows=99 width=4)
	  Index Cond: ((k >= 6122583) AND (k <= 6122683))

table 8 : explain SELECT k FROM sbtest8 WHERE k BETWEEN 6122583 AND 6122683
	Index Only Scan using k_8 on sbtest8  (cost=0.43..6.58 rows=107 width=4)
	  Index Cond: ((k >= 6122583) AND (k <= 6122683))

explain: for range-covered :: explain SELECT k FROM sbtest%d WHERE k BETWEEN 6122583 AND 6122683
explain: for range-covered :: explain SELECT k FROM sbtest%d WHERE k BETWEEN 5452440 AND 5452540
for range-covered
table 1 : explain SELECT k FROM sbtest1 WHERE k BETWEEN 6214403 AND 6214503
	Index Only Scan using k_1 on sbtest1  (cost=0.43..6.42 rows=99 width=4)
	  Index Cond: ((k >= 6214403) AND (k <= 6214503))

table 2 : explain SELECT k FROM sbtest2 WHERE k BETWEEN 6214403 AND 6214503
	Index Only Scan using k_2 on sbtest2  (cost=0.43..6.35 rows=96 width=4)
	  Index Cond: ((k >= 6214403) AND (k <= 6214503))

table 3 : explain SELECT k FROM sbtest3 WHERE k BETWEEN 6214403 AND 6214503
	Index Only Scan using k_3 on sbtest3  (cost=0.43..10.36 rows=96 width=4)
	  Index Cond: ((k >= 6214403) AND (k <= 6214503))

table 4 : explain SELECT k FROM sbtest4 WHERE k BETWEEN 6214403 AND 6214503
	Index Only Scan using k_4 on sbtest4  (cost=0.43..6.47 rows=102 width=4)
	  Index Cond: ((k >= 6214403) AND (k <= 6214503))

table 5 : explain SELECT k FROM sbtest5 WHERE k BETWEEN 6214403 AND 6214503
	Index Only Scan using k_5 on sbtest5  (cost=0.43..6.27 rows=92 width=4)
	  Index Cond: ((k >= 6214403) AND (k <= 6214503))

table 6 : explain SELECT k FROM sbtest6 WHERE k BETWEEN 6214403 AND 6214503
	Index Only Scan using k_6 on sbtest6  (cost=0.43..6.47 rows=102 width=4)
	  Index Cond: ((k >= 6214403) AND (k <= 6214503))

table 7 : explain SELECT k FROM sbtest7 WHERE k BETWEEN 6214403 AND 6214503
	Index Only Scan using k_7 on sbtest7  (cost=0.43..6.42 rows=99 width=4)
	  Index Cond: ((k >= 6214403) AND (k <= 6214503))

table 8 : explain SELECT k FROM sbtest8 WHERE k BETWEEN 6214403 AND 6214503
	Index Only Scan using k_8 on sbtest8  (cost=0.43..6.37 rows=97 width=4)
	  Index Cond: ((k >= 6214403) AND (k <= 6214503))

explain: for range-covered :: explain SELECT k FROM sbtest%d WHERE k BETWEEN 6214403 AND 6214503
for range-covered
table 1 : explain SELECT k FROM sbtest1 WHERE k BETWEEN 5712270 AND 5712370
	Index Only Scan using k_1 on sbtest1  (cost=0.43..6.35 rows=96 width=4)
	  Index Cond: ((k >= 5712270) AND (k <= 5712370))

table 2 : explain SELECT k FROM sbtest2 WHERE k BETWEEN 5712270 AND 5712370
	Index Only Scan using k_2 on sbtest2  (cost=0.43..6.32 rows=94 width=4)
	  Index Cond: ((k >= 5712270) AND (k <= 5712370))

table 3 : explain SELECT k FROM sbtest3 WHERE k BETWEEN 5712270 AND 5712370
	Index Only Scan using k_3 on sbtest3  (cost=0.43..10.44 rows=100 width=4)
	  Index Cond: ((k >= 5712270) AND (k <= 5712370))

table 4 : explain SELECT k FROM sbtest4 WHERE k BETWEEN 5712270 AND 5712370
	Index Only Scan using k_4 on sbtest4  (cost=0.43..6.51 rows=104 width=4)
	  Index Cond: ((k >= 5712270) AND (k <= 5712370))

table 5 : explain SELECT k FROM sbtest5 WHERE k BETWEEN 5712270 AND 5712370
	Index Only Scan using k_5 on sbtest5  (cost=0.43..6.21 rows=89 width=4)
	  Index Cond: ((k >= 5712270) AND (k <= 5712370))

table 6 : explain SELECT k FROM sbtest6 WHERE k BETWEEN 5712270 AND 5712370
	Index Only Scan using k_6 on sbtest6  (cost=0.43..6.42 rows=99 width=4)
	  Index Cond: ((k >= 5712270) AND (k <= 5712370))

table 7 : explain SELECT k FROM sbtest7 WHERE k BETWEEN 5712270 AND 5712370
	Index Only Scan using k_7 on sbtest7  (cost=0.43..6.47 rows=102 width=4)
	  Index Cond: ((k >= 5712270) AND (k <= 5712370))

table 8 : explain SELECT k FROM sbtest8 WHERE k BETWEEN 5712270 AND 5712370
	Index Only Scan using k_8 on sbtest8  (cost=0.43..6.43 rows=100 width=4)
	  Index Cond: ((k >= 5712270) AND (k <= 5712370))

for range-covered
table 1 : explain SELECT k FROM sbtest1 WHERE k BETWEEN 9523002 AND 9523102
	Index Only Scan using k_1 on sbtest1  (cost=0.43..6.43 rows=100 width=4)
	  Index Cond: ((k >= 9523002) AND (k <= 9523102))

table 2 : explain SELECT k FROM sbtest2 WHERE k BETWEEN 9523002 AND 9523102
	Index Only Scan using k_2 on sbtest2  (cost=0.43..6.58 rows=107 width=4)
	  Index Cond: ((k >= 9523002) AND (k <= 9523102))

table 3 : explain SELECT k FROM sbtest3 WHERE k BETWEEN 9523002 AND 9523102
	Index Only Scan using k_3 on sbtest3  (cost=0.43..10.56 rows=106 width=4)
	  Index Cond: ((k >= 9523002) AND (k <= 9523102))

table 4 : explain SELECT k FROM sbtest4 WHERE k BETWEEN 9523002 AND 9523102
	Index Only Scan using k_4 on sbtest4  (cost=0.43..6.51 rows=104 width=4)
	  Index Cond: ((k >= 9523002) AND (k <= 9523102))

table 5 : explain SELECT k FROM sbtest5 WHERE k BETWEEN 9523002 AND 9523102
	Index Only Scan using k_5 on sbtest5  (cost=0.43..6.56 rows=106 width=4)
	  Index Cond: ((k >= 9523002) AND (k <= 9523102))

table 6 : explain SELECT k FROM sbtest6 WHERE k BETWEEN 9523002 AND 9523102
	Index Only Scan using k_6 on sbtest6  (cost=0.43..6.42 rows=99 width=4)
	  Index Cond: ((k >= 9523002) AND (k <= 9523102))

table 7 : explain SELECT k FROM sbtest7 WHERE k BETWEEN 9523002 AND 9523102
	Index Only Scan using k_7 on sbtest7  (cost=0.43..6.47 rows=102 width=4)
	  Index Cond: ((k >= 9523002) AND (k <= 9523102))

table 8 : explain SELECT k FROM sbtest8 WHERE k BETWEEN 9523002 AND 9523102
	Index Only Scan using k_8 on sbtest8  (cost=0.43..6.51 rows=104 width=4)
	  Index Cond: ((k >= 9523002) AND (k <= 9523102))

explain: for range-covered :: explain SELECT k FROM sbtest%d WHERE k BETWEEN 5712270 AND 5712370
explain: for range-covered :: explain SELECT k FROM sbtest%d WHERE k BETWEEN 9523002 AND 9523102
for range-covered
table 1 : explain SELECT k FROM sbtest1 WHERE k BETWEEN 6122583 AND 6122683
	Index Only Scan using k_1 on sbtest1  (cost=0.43..6.42 rows=99 width=4)
	  Index Cond: ((k >= 6122583) AND (k <= 6122683))

table 2 : explain SELECT k FROM sbtest2 WHERE k BETWEEN 6122583 AND 6122683
	Index Only Scan using k_2 on sbtest2  (cost=0.43..6.47 rows=102 width=4)
	  Index Cond: ((k >= 6122583) AND (k <= 6122683))

table 3 : explain SELECT k FROM sbtest3 WHERE k BETWEEN 6122583 AND 6122683
	Index Only Scan using k_3 on sbtest3  (cost=0.43..10.40 rows=98 width=4)
	  Index Cond: ((k >= 6122583) AND (k <= 6122683))

table 4 : explain SELECT k FROM sbtest4 WHERE k BETWEEN 6122583 AND 6122683
	Index Only Scan using k_4 on sbtest4  (cost=0.43..6.47 rows=102 width=4)
	  Index Cond: ((k >= 6122583) AND (k <= 6122683))

table 5 : explain SELECT k FROM sbtest5 WHERE k BETWEEN 6122583 AND 6122683
	Index Only Scan using k_5 on sbtest5  (cost=0.43..6.58 rows=107 width=4)
	  Index Cond: ((k >= 6122583) AND (k <= 6122683))

table 6 : explain SELECT k FROM sbtest6 WHERE k BETWEEN 6122583 AND 6122683
	Index Only Scan using k_6 on sbtest6  (cost=0.43..6.37 rows=97 width=4)
	  Index Cond: ((k >= 6122583) AND (k <= 6122683))

table 7 : explain SELECT k FROM sbtest7 WHERE k BETWEEN 6122583 AND 6122683
	Index Only Scan using k_7 on sbtest7  (cost=0.43..6.42 rows=99 width=4)
	  Index Cond: ((k >= 6122583) AND (k <= 6122683))

table 8 : explain SELECT k FROM sbtest8 WHERE k BETWEEN 6122583 AND 6122683
	Index Only Scan using k_8 on sbtest8  (cost=0.43..6.58 rows=107 width=4)
	  Index Cond: ((k >= 6122583) AND (k <= 6122683))

explain: for range-covered :: explain SELECT k FROM sbtest%d WHERE k BETWEEN 6122583 AND 6122683
for range-covered
table 1 : explain SELECT k FROM sbtest1 WHERE k BETWEEN 4715003 AND 4715103
	Index Only Scan using k_1 on sbtest1  (cost=0.43..6.32 rows=94 width=4)
	  Index Cond: ((k >= 4715003) AND (k <= 4715103))

table 2 : explain SELECT k FROM sbtest2 WHERE k BETWEEN 4715003 AND 4715103
	Index Only Scan using k_2 on sbtest2  (cost=0.43..6.27 rows=92 width=4)
	  Index Cond: ((k >= 4715003) AND (k <= 4715103))

table 3 : explain SELECT k FROM sbtest3 WHERE k BETWEEN 4715003 AND 4715103
	Index Only Scan using k_3 on sbtest3  (cost=0.43..10.51 rows=104 width=4)
	  Index Cond: ((k >= 4715003) AND (k <= 4715103))

table 4 : explain SELECT k FROM sbtest4 WHERE k BETWEEN 4715003 AND 4715103
	Index Only Scan using k_4 on sbtest4  (cost=0.43..6.35 rows=96 width=4)
	  Index Cond: ((k >= 4715003) AND (k <= 4715103))

table 5 : explain SELECT k FROM sbtest5 WHERE k BETWEEN 4715003 AND 4715103
	Index Only Scan using k_5 on sbtest5  (cost=0.43..6.53 rows=105 width=4)
	  Index Cond: ((k >= 4715003) AND (k <= 4715103))

table 6 : explain SELECT k FROM sbtest6 WHERE k BETWEEN 4715003 AND 4715103
	Index Only Scan using k_6 on sbtest6  (cost=0.43..6.74 rows=115 width=4)
	  Index Cond: ((k >= 4715003) AND (k <= 4715103))

table 7 : explain SELECT k FROM sbtest7 WHERE k BETWEEN 4715003 AND 4715103
	Index Only Scan using k_7 on sbtest7  (cost=0.43..6.56 rows=106 width=4)
	  Index Cond: ((k >= 4715003) AND (k <= 4715103))

table 8 : explain SELECT k FROM sbtest8 WHERE k BETWEEN 4715003 AND 4715103
	Index Only Scan using k_8 on sbtest8  (cost=0.43..6.37 rows=97 width=4)
	  Index Cond: ((k >= 4715003) AND (k <= 4715103))

explain: for range-covered :: explain SELECT k FROM sbtest%d WHERE k BETWEEN 4715003 AND 4715103
for range-covered
table 1 : explain SELECT k FROM sbtest1 WHERE k BETWEEN 6214403 AND 6214503
	Index Only Scan using k_1 on sbtest1  (cost=0.43..6.42 rows=99 width=4)
	  Index Cond: ((k >= 6214403) AND (k <= 6214503))

table 2 : explain SELECT k FROM sbtest2 WHERE k BETWEEN 6214403 AND 6214503
	Index Only Scan using k_2 on sbtest2  (cost=0.43..6.35 rows=96 width=4)
	  Index Cond: ((k >= 6214403) AND (k <= 6214503))

table 3 : explain SELECT k FROM sbtest3 WHERE k BETWEEN 6214403 AND 6214503
	Index Only Scan using k_3 on sbtest3  (cost=0.43..10.36 rows=96 width=4)
	  Index Cond: ((k >= 6214403) AND (k <= 6214503))

table 4 : explain SELECT k FROM sbtest4 WHERE k BETWEEN 6214403 AND 6214503
	Index Only Scan using k_4 on sbtest4  (cost=0.43..6.47 rows=102 width=4)
	  Index Cond: ((k >= 6214403) AND (k <= 6214503))

table 5 : explain SELECT k FROM sbtest5 WHERE k BETWEEN 6214403 AND 6214503
	Index Only Scan using k_5 on sbtest5  (cost=0.43..6.27 rows=92 width=4)
	  Index Cond: ((k >= 6214403) AND (k <= 6214503))

table 6 : explain SELECT k FROM sbtest6 WHERE k BETWEEN 6214403 AND 6214503
	Index Only Scan using k_6 on sbtest6  (cost=0.43..6.47 rows=102 width=4)
	  Index Cond: ((k >= 6214403) AND (k <= 6214503))

table 7 : explain SELECT k FROM sbtest7 WHERE k BETWEEN 6214403 AND 6214503
	Index Only Scan using k_7 on sbtest7  (cost=0.43..6.42 rows=99 width=4)
	  Index Cond: ((k >= 6214403) AND (k <= 6214503))

table 8 : explain SELECT k FROM sbtest8 WHERE k BETWEEN 6214403 AND 6214503
	Index Only Scan using k_8 on sbtest8  (cost=0.43..6.37 rows=97 width=4)
	  Index Cond: ((k >= 6214403) AND (k <= 6214503))

explain: for range-covered :: explain SELECT k FROM sbtest%d WHERE k BETWEEN 6214403 AND 6214503
for range-covered
table 1 : explain SELECT k FROM sbtest1 WHERE k BETWEEN 5712270 AND 5712370
	Index Only Scan using k_1 on sbtest1  (cost=0.43..6.35 rows=96 width=4)
	  Index Cond: ((k >= 5712270) AND (k <= 5712370))

table 2 : explain SELECT k FROM sbtest2 WHERE k BETWEEN 5712270 AND 5712370
	Index Only Scan using k_2 on sbtest2  (cost=0.43..6.32 rows=94 width=4)
	  Index Cond: ((k >= 5712270) AND (k <= 5712370))

table 3 : explain SELECT k FROM sbtest3 WHERE k BETWEEN 5712270 AND 5712370
	Index Only Scan using k_3 on sbtest3  (cost=0.43..10.44 rows=100 width=4)
	  Index Cond: ((k >= 5712270) AND (k <= 5712370))

table 4 : explain SELECT k FROM sbtest4 WHERE k BETWEEN 5712270 AND 5712370
	Index Only Scan using k_4 on sbtest4  (cost=0.43..6.51 rows=104 width=4)
	  Index Cond: ((k >= 5712270) AND (k <= 5712370))

table 5 : explain SELECT k FROM sbtest5 WHERE k BETWEEN 5712270 AND 5712370
	Index Only Scan using k_5 on sbtest5  (cost=0.43..6.21 rows=89 width=4)
	  Index Cond: ((k >= 5712270) AND (k <= 5712370))

table 6 : explain SELECT k FROM sbtest6 WHERE k BETWEEN 5712270 AND 5712370
	Index Only Scan using k_6 on sbtest6  (cost=0.43..6.42 rows=99 width=4)
	  Index Cond: ((k >= 5712270) AND (k <= 5712370))

table 7 : explain SELECT k FROM sbtest7 WHERE k BETWEEN 5712270 AND 5712370
	Index Only Scan using k_7 on sbtest7  (cost=0.43..6.47 rows=102 width=4)
	  Index Cond: ((k >= 5712270) AND (k <= 5712370))

table 8 : explain SELECT k FROM sbtest8 WHERE k BETWEEN 5712270 AND 5712370
	Index Only Scan using k_8 on sbtest8  (cost=0.43..6.43 rows=100 width=4)
	  Index Cond: ((k >= 5712270) AND (k <= 5712370))

for range-covered
table 1 : explain SELECT k FROM sbtest1 WHERE k BETWEEN 9523002 AND 9523102
	Index Only Scan using k_1 on sbtest1  (cost=0.43..6.43 rows=100 width=4)
	  Index Cond: ((k >= 9523002) AND (k <= 9523102))

table 2 : explain SELECT k FROM sbtest2 WHERE k BETWEEN 9523002 AND 9523102
	Index Only Scan using k_2 on sbtest2  (cost=0.43..6.58 rows=107 width=4)
	  Index Cond: ((k >= 9523002) AND (k <= 9523102))

table 3 : explain SELECT k FROM sbtest3 WHERE k BETWEEN 9523002 AND 9523102
	Index Only Scan using k_3 on sbtest3  (cost=0.43..10.56 rows=106 width=4)
	  Index Cond: ((k >= 9523002) AND (k <= 9523102))

table 4 : explain SELECT k FROM sbtest4 WHERE k BETWEEN 9523002 AND 9523102
	Index Only Scan using k_4 on sbtest4  (cost=0.43..6.51 rows=104 width=4)
	  Index Cond: ((k >= 9523002) AND (k <= 9523102))

table 5 : explain SELECT k FROM sbtest5 WHERE k BETWEEN 9523002 AND 9523102
	Index Only Scan using k_5 on sbtest5  (cost=0.43..6.56 rows=106 width=4)
	  Index Cond: ((k >= 9523002) AND (k <= 9523102))

table 6 : explain SELECT k FROM sbtest6 WHERE k BETWEEN 9523002 AND 9523102
	Index Only Scan using k_6 on sbtest6  (cost=0.43..6.42 rows=99 width=4)
	  Index Cond: ((k >= 9523002) AND (k <= 9523102))

table 7 : explain SELECT k FROM sbtest7 WHERE k BETWEEN 9523002 AND 9523102
	Index Only Scan using k_7 on sbtest7  (cost=0.43..6.47 rows=102 width=4)
	  Index Cond: ((k >= 9523002) AND (k <= 9523102))

table 8 : explain SELECT k FROM sbtest8 WHERE k BETWEEN 9523002 AND 9523102
	Index Only Scan using k_8 on sbtest8  (cost=0.43..6.51 rows=104 width=4)
	  Index Cond: ((k >= 9523002) AND (k <= 9523102))

explain: for range-covered :: explain SELECT k FROM sbtest%d WHERE k BETWEEN 5712270 AND 5712370
explain: for range-covered :: explain SELECT k FROM sbtest%d WHERE k BETWEEN 9523002 AND 9523102
for range-covered
table 1 : explain SELECT k FROM sbtest1 WHERE k BETWEEN 6122583 AND 6122683
	Index Only Scan using k_1 on sbtest1  (cost=0.43..6.42 rows=99 width=4)
	  Index Cond: ((k >= 6122583) AND (k <= 6122683))

table 2 : explain SELECT k FROM sbtest2 WHERE k BETWEEN 6122583 AND 6122683
	Index Only Scan using k_2 on sbtest2  (cost=0.43..6.47 rows=102 width=4)
	  Index Cond: ((k >= 6122583) AND (k <= 6122683))

table 3 : explain SELECT k FROM sbtest3 WHERE k BETWEEN 6122583 AND 6122683
	Index Only Scan using k_3 on sbtest3  (cost=0.43..10.40 rows=98 width=4)
	  Index Cond: ((k >= 6122583) AND (k <= 6122683))

table 4 : explain SELECT k FROM sbtest4 WHERE k BETWEEN 6122583 AND 6122683
	Index Only Scan using k_4 on sbtest4  (cost=0.43..6.47 rows=102 width=4)
	  Index Cond: ((k >= 6122583) AND (k <= 6122683))

table 5 : explain SELECT k FROM sbtest5 WHERE k BETWEEN 6122583 AND 6122683
	Index Only Scan using k_5 on sbtest5  (cost=0.43..6.58 rows=107 width=4)
	  Index Cond: ((k >= 6122583) AND (k <= 6122683))

table 6 : explain SELECT k FROM sbtest6 WHERE k BETWEEN 6122583 AND 6122683
	Index Only Scan using k_6 on sbtest6  (cost=0.43..6.37 rows=97 width=4)
	  Index Cond: ((k >= 6122583) AND (k <= 6122683))

table 7 : explain SELECT k FROM sbtest7 WHERE k BETWEEN 6122583 AND 6122683
	Index Only Scan using k_7 on sbtest7  (cost=0.43..6.42 rows=99 width=4)
	  Index Cond: ((k >= 6122583) AND (k <= 6122683))

table 8 : explain SELECT k FROM sbtest8 WHERE k BETWEEN 6122583 AND 6122683
	Index Only Scan using k_8 on sbtest8  (cost=0.43..6.58 rows=107 width=4)
	  Index Cond: ((k >= 6122583) AND (k <= 6122683))

explain: for range-covered :: explain SELECT k FROM sbtest%d WHERE k BETWEEN 6122583 AND 6122683
for range-covered
table 1 : explain SELECT k FROM sbtest1 WHERE k BETWEEN 4715003 AND 4715103
	Index Only Scan using k_1 on sbtest1  (cost=0.43..6.32 rows=94 width=4)
	  Index Cond: ((k >= 4715003) AND (k <= 4715103))

table 2 : explain SELECT k FROM sbtest2 WHERE k BETWEEN 4715003 AND 4715103
	Index Only Scan using k_2 on sbtest2  (cost=0.43..6.27 rows=92 width=4)
	  Index Cond: ((k >= 4715003) AND (k <= 4715103))

table 3 : explain SELECT k FROM sbtest3 WHERE k BETWEEN 4715003 AND 4715103
	Index Only Scan using k_3 on sbtest3  (cost=0.43..10.51 rows=104 width=4)
	  Index Cond: ((k >= 4715003) AND (k <= 4715103))

table 4 : explain SELECT k FROM sbtest4 WHERE k BETWEEN 4715003 AND 4715103
	Index Only Scan using k_4 on sbtest4  (cost=0.43..6.35 rows=96 width=4)
	  Index Cond: ((k >= 4715003) AND (k <= 4715103))

table 5 : explain SELECT k FROM sbtest5 WHERE k BETWEEN 4715003 AND 4715103
	Index Only Scan using k_5 on sbtest5  (cost=0.43..6.53 rows=105 width=4)
	  Index Cond: ((k >= 4715003) AND (k <= 4715103))

table 6 : explain SELECT k FROM sbtest6 WHERE k BETWEEN 4715003 AND 4715103
	Index Only Scan using k_6 on sbtest6  (cost=0.43..6.74 rows=115 width=4)
	  Index Cond: ((k >= 4715003) AND (k <= 4715103))

table 7 : explain SELECT k FROM sbtest7 WHERE k BETWEEN 4715003 AND 4715103
	Index Only Scan using k_7 on sbtest7  (cost=0.43..6.56 rows=106 width=4)
	  Index Cond: ((k >= 4715003) AND (k <= 4715103))

table 8 : explain SELECT k FROM sbtest8 WHERE k BETWEEN 4715003 AND 4715103
	Index Only Scan using k_8 on sbtest8  (cost=0.43..6.37 rows=97 width=4)
	  Index Cond: ((k >= 4715003) AND (k <= 4715103))

for range-covered
table 1 : explain SELECT k FROM sbtest1 WHERE k BETWEEN 5326980 AND 5327080
	Index Only Scan using k_1 on sbtest1  (cost=0.43..6.53 rows=105 width=4)
	  Index Cond: ((k >= 5326980) AND (k <= 5327080))

table 2 : explain SELECT k FROM sbtest2 WHERE k BETWEEN 5326980 AND 5327080
	Index Only Scan using k_2 on sbtest2  (cost=0.43..6.37 rows=97 width=4)
	  Index Cond: ((k >= 5326980) AND (k <= 5327080))

table 3 : explain SELECT k FROM sbtest3 WHERE k BETWEEN 5326980 AND 5327080
	Index Only Scan using k_3 on sbtest3  (cost=0.43..10.33 rows=95 width=4)
	  Index Cond: ((k >= 5326980) AND (k <= 5327080))

table 4 : explain SELECT k FROM sbtest4 WHERE k BETWEEN 5326980 AND 5327080
	Index Only Scan using k_4 on sbtest4  (cost=0.43..6.37 rows=97 width=4)
	  Index Cond: ((k >= 5326980) AND (k <= 5327080))

table 5 : explain SELECT k FROM sbtest5 WHERE k BETWEEN 5326980 AND 5327080
	Index Only Scan using k_5 on sbtest5  (cost=0.43..6.35 rows=96 width=4)
	  Index Cond: ((k >= 5326980) AND (k <= 5327080))

table 6 : explain SELECT k FROM sbtest6 WHERE k BETWEEN 5326980 AND 5327080
	Index Only Scan using k_6 on sbtest6  (cost=0.43..6.72 rows=114 width=4)
	  Index Cond: ((k >= 5326980) AND (k <= 5327080))

table 7 : explain SELECT k FROM sbtest7 WHERE k BETWEEN 5326980 AND 5327080
	Index Only Scan using k_7 on sbtest7  (cost=0.43..6.33 rows=95 width=4)
	  Index Cond: ((k >= 5326980) AND (k <= 5327080))

table 8 : explain SELECT k FROM sbtest8 WHERE k BETWEEN 5326980 AND 5327080
	Index Only Scan using k_8 on sbtest8  (cost=0.43..6.35 rows=96 width=4)
	  Index Cond: ((k >= 5326980) AND (k <= 5327080))

explain: for range-covered :: explain SELECT k FROM sbtest%d WHERE k BETWEEN 4715003 AND 4715103
explain: for range-covered :: explain SELECT k FROM sbtest%d WHERE k BETWEEN 5326980 AND 5327080
for range-covered
table 1 : explain SELECT k FROM sbtest1 WHERE k BETWEEN 9523002 AND 9523102
	Index Only Scan using k_1 on sbtest1  (cost=0.43..6.43 rows=100 width=4)
	  Index Cond: ((k >= 9523002) AND (k <= 9523102))

table 2 : explain SELECT k FROM sbtest2 WHERE k BETWEEN 9523002 AND 9523102
	Index Only Scan using k_2 on sbtest2  (cost=0.43..6.58 rows=107 width=4)
	  Index Cond: ((k >= 9523002) AND (k <= 9523102))

table 3 : explain SELECT k FROM sbtest3 WHERE k BETWEEN 9523002 AND 9523102
	Index Only Scan using k_3 on sbtest3  (cost=0.43..10.56 rows=106 width=4)
	  Index Cond: ((k >= 9523002) AND (k <= 9523102))

table 4 : explain SELECT k FROM sbtest4 WHERE k BETWEEN 9523002 AND 9523102
	Index Only Scan using k_4 on sbtest4  (cost=0.43..6.51 rows=104 width=4)
	  Index Cond: ((k >= 9523002) AND (k <= 9523102))

table 5 : explain SELECT k FROM sbtest5 WHERE k BETWEEN 9523002 AND 9523102
	Index Only Scan using k_5 on sbtest5  (cost=0.43..6.56 rows=106 width=4)
	  Index Cond: ((k >= 9523002) AND (k <= 9523102))

table 6 : explain SELECT k FROM sbtest6 WHERE k BETWEEN 9523002 AND 9523102
	Index Only Scan using k_6 on sbtest6  (cost=0.43..6.42 rows=99 width=4)
	  Index Cond: ((k >= 9523002) AND (k <= 9523102))

table 7 : explain SELECT k FROM sbtest7 WHERE k BETWEEN 9523002 AND 9523102
	Index Only Scan using k_7 on sbtest7  (cost=0.43..6.47 rows=102 width=4)
	  Index Cond: ((k >= 9523002) AND (k <= 9523102))

table 8 : explain SELECT k FROM sbtest8 WHERE k BETWEEN 9523002 AND 9523102
	Index Only Scan using k_8 on sbtest8  (cost=0.43..6.51 rows=104 width=4)
	  Index Cond: ((k >= 9523002) AND (k <= 9523102))

for range-covered
table 1 : explain SELECT k FROM sbtest1 WHERE k BETWEEN 5712270 AND 5712370
	Index Only Scan using k_1 on sbtest1  (cost=0.43..6.35 rows=96 width=4)
	  Index Cond: ((k >= 5712270) AND (k <= 5712370))

table 2 : explain SELECT k FROM sbtest2 WHERE k BETWEEN 5712270 AND 5712370
	Index Only Scan using k_2 on sbtest2  (cost=0.43..6.32 rows=94 width=4)
	  Index Cond: ((k >= 5712270) AND (k <= 5712370))

table 3 : explain SELECT k FROM sbtest3 WHERE k BETWEEN 5712270 AND 5712370
	Index Only Scan using k_3 on sbtest3  (cost=0.43..10.44 rows=100 width=4)
	  Index Cond: ((k >= 5712270) AND (k <= 5712370))

table 4 : explain SELECT k FROM sbtest4 WHERE k BETWEEN 5712270 AND 5712370
	Index Only Scan using k_4 on sbtest4  (cost=0.43..6.51 rows=104 width=4)
	  Index Cond: ((k >= 5712270) AND (k <= 5712370))

table 5 : explain SELECT k FROM sbtest5 WHERE k BETWEEN 5712270 AND 5712370
	Index Only Scan using k_5 on sbtest5  (cost=0.43..6.21 rows=89 width=4)
	  Index Cond: ((k >= 5712270) AND (k <= 5712370))

table 6 : explain SELECT k FROM sbtest6 WHERE k BETWEEN 5712270 AND 5712370
	Index Only Scan using k_6 on sbtest6  (cost=0.43..6.42 rows=99 width=4)
	  Index Cond: ((k >= 5712270) AND (k <= 5712370))

table 7 : explain SELECT k FROM sbtest7 WHERE k BETWEEN 5712270 AND 5712370
	Index Only Scan using k_7 on sbtest7  (cost=0.43..6.47 rows=102 width=4)
	  Index Cond: ((k >= 5712270) AND (k <= 5712370))

table 8 : explain SELECT k FROM sbtest8 WHERE k BETWEEN 5712270 AND 5712370
	Index Only Scan using k_8 on sbtest8  (cost=0.43..6.43 rows=100 width=4)
	  Index Cond: ((k >= 5712270) AND (k <= 5712370))

for range-covered
table 1 : explain SELECT k FROM sbtest1 WHERE k BETWEEN 8232422 AND 8232522
	Index Only Scan using k_1 on sbtest1  (cost=0.43..6.51 rows=104 width=4)
	  Index Cond: ((k >= 8232422) AND (k <= 8232522))

table 2 : explain SELECT k FROM sbtest2 WHERE k BETWEEN 8232422 AND 8232522
	Index Only Scan using k_2 on sbtest2  (cost=0.43..6.42 rows=99 width=4)
	  Index Cond: ((k >= 8232422) AND (k <= 8232522))

table 3 : explain SELECT k FROM sbtest3 WHERE k BETWEEN 8232422 AND 8232522
	Index Only Scan using k_3 on sbtest3  (cost=0.43..10.60 rows=108 width=4)
	  Index Cond: ((k >= 8232422) AND (k <= 8232522))

table 4 : explain SELECT k FROM sbtest4 WHERE k BETWEEN 8232422 AND 8232522
	Index Only Scan using k_4 on sbtest4  (cost=0.43..6.47 rows=102 width=4)
	  Index Cond: ((k >= 8232422) AND (k <= 8232522))

table 5 : explain SELECT k FROM sbtest5 WHERE k BETWEEN 8232422 AND 8232522
	Index Only Scan using k_5 on sbtest5  (cost=0.43..6.51 rows=104 width=4)
	  Index Cond: ((k >= 8232422) AND (k <= 8232522))

table 6 : explain SELECT k FROM sbtest6 WHERE k BETWEEN 8232422 AND 8232522
	Index Only Scan using k_6 on sbtest6  (cost=0.43..6.43 rows=100 width=4)
	  Index Cond: ((k >= 8232422) AND (k <= 8232522))

table 7 : explain SELECT k FROM sbtest7 WHERE k BETWEEN 8232422 AND 8232522
	Index Only Scan using k_7 on sbtest7  (cost=0.43..6.51 rows=104 width=4)
	  Index Cond: ((k >= 8232422) AND (k <= 8232522))

table 8 : explain SELECT k FROM sbtest8 WHERE k BETWEEN 8232422 AND 8232522
	Index Only Scan using k_8 on sbtest8  (cost=0.43..6.69 rows=113 width=4)
	  Index Cond: ((k >= 8232422) AND (k <= 8232522))

explain: for range-covered :: explain SELECT k FROM sbtest%d WHERE k BETWEEN 9523002 AND 9523102
for range-covered
table 1 : explain SELECT k FROM sbtest1 WHERE k BETWEEN 6122583 AND 6122683
	Index Only Scan using k_1 on sbtest1  (cost=0.43..6.42 rows=99 width=4)
	  Index Cond: ((k >= 6122583) AND (k <= 6122683))

table 2 : explain SELECT k FROM sbtest2 WHERE k BETWEEN 6122583 AND 6122683
	Index Only Scan using k_2 on sbtest2  (cost=0.43..6.47 rows=102 width=4)
	  Index Cond: ((k >= 6122583) AND (k <= 6122683))

table 3 : explain SELECT k FROM sbtest3 WHERE k BETWEEN 6122583 AND 6122683
	Index Only Scan using k_3 on sbtest3  (cost=0.43..10.40 rows=98 width=4)
	  Index Cond: ((k >= 6122583) AND (k <= 6122683))

table 4 : explain SELECT k FROM sbtest4 WHERE k BETWEEN 6122583 AND 6122683
	Index Only Scan using k_4 on sbtest4  (cost=0.43..6.47 rows=102 width=4)
	  Index Cond: ((k >= 6122583) AND (k <= 6122683))

table 5 : explain SELECT k FROM sbtest5 WHERE k BETWEEN 6122583 AND 6122683
	Index Only Scan using k_5 on sbtest5  (cost=0.43..6.58 rows=107 width=4)
	  Index Cond: ((k >= 6122583) AND (k <= 6122683))

table 6 : explain SELECT k FROM sbtest6 WHERE k BETWEEN 6122583 AND 6122683
	Index Only Scan using k_6 on sbtest6  (cost=0.43..6.37 rows=97 width=4)
	  Index Cond: ((k >= 6122583) AND (k <= 6122683))

table 7 : explain SELECT k FROM sbtest7 WHERE k BETWEEN 6122583 AND 6122683
	Index Only Scan using k_7 on sbtest7  (cost=0.43..6.42 rows=99 width=4)
	  Index Cond: ((k >= 6122583) AND (k <= 6122683))

table 8 : explain SELECT k FROM sbtest8 WHERE k BETWEEN 6122583 AND 6122683
	Index Only Scan using k_8 on sbtest8  (cost=0.43..6.58 rows=107 width=4)
	  Index Cond: ((k >= 6122583) AND (k <= 6122683))

explain: for range-covered :: explain SELECT k FROM sbtest%d WHERE k BETWEEN 8232422 AND 8232522
for range-covered
table 1 : explain SELECT k FROM sbtest1 WHERE k BETWEEN 4715003 AND 4715103
	Index Only Scan using k_1 on sbtest1  (cost=0.43..6.32 rows=94 width=4)
	  Index Cond: ((k >= 4715003) AND (k <= 4715103))

table 2 : explain SELECT k FROM sbtest2 WHERE k BETWEEN 4715003 AND 4715103
	Index Only Scan using k_2 on sbtest2  (cost=0.43..6.27 rows=92 width=4)
	  Index Cond: ((k >= 4715003) AND (k <= 4715103))

table 3 : explain SELECT k FROM sbtest3 WHERE k BETWEEN 4715003 AND 4715103
	Index Only Scan using k_3 on sbtest3  (cost=0.43..10.51 rows=104 width=4)
	  Index Cond: ((k >= 4715003) AND (k <= 4715103))

table 4 : explain SELECT k FROM sbtest4 WHERE k BETWEEN 4715003 AND 4715103
	Index Only Scan using k_4 on sbtest4  (cost=0.43..6.35 rows=96 width=4)
	  Index Cond: ((k >= 4715003) AND (k <= 4715103))

table 5 : explain SELECT k FROM sbtest5 WHERE k BETWEEN 4715003 AND 4715103
	Index Only Scan using k_5 on sbtest5  (cost=0.43..6.53 rows=105 width=4)
	  Index Cond: ((k >= 4715003) AND (k <= 4715103))

table 6 : explain SELECT k FROM sbtest6 WHERE k BETWEEN 4715003 AND 4715103
	Index Only Scan using k_6 on sbtest6  (cost=0.43..6.74 rows=115 width=4)
	  Index Cond: ((k >= 4715003) AND (k <= 4715103))

table 7 : explain SELECT k FROM sbtest7 WHERE k BETWEEN 4715003 AND 4715103
	Index Only Scan using k_7 on sbtest7  (cost=0.43..6.56 rows=106 width=4)
	  Index Cond: ((k >= 4715003) AND (k <= 4715103))

table 8 : explain SELECT k FROM sbtest8 WHERE k BETWEEN 4715003 AND 4715103
	Index Only Scan using k_8 on sbtest8  (cost=0.43..6.37 rows=97 width=4)
	  Index Cond: ((k >= 4715003) AND (k <= 4715103))

for range-covered
table 1 : explain SELECT k FROM sbtest1 WHERE k BETWEEN 5326980 AND 5327080
	Index Only Scan using k_1 on sbtest1  (cost=0.43..6.53 rows=105 width=4)
	  Index Cond: ((k >= 5326980) AND (k <= 5327080))

table 2 : explain SELECT k FROM sbtest2 WHERE k BETWEEN 5326980 AND 5327080
	Index Only Scan using k_2 on sbtest2  (cost=0.43..6.37 rows=97 width=4)
	  Index Cond: ((k >= 5326980) AND (k <= 5327080))

table 3 : explain SELECT k FROM sbtest3 WHERE k BETWEEN 5326980 AND 5327080
	Index Only Scan using k_3 on sbtest3  (cost=0.43..10.33 rows=95 width=4)
	  Index Cond: ((k >= 5326980) AND (k <= 5327080))

table 4 : explain SELECT k FROM sbtest4 WHERE k BETWEEN 5326980 AND 5327080
	Index Only Scan using k_4 on sbtest4  (cost=0.43..6.37 rows=97 width=4)
	  Index Cond: ((k >= 5326980) AND (k <= 5327080))

table 5 : explain SELECT k FROM sbtest5 WHERE k BETWEEN 5326980 AND 5327080
	Index Only Scan using k_5 on sbtest5  (cost=0.43..6.35 rows=96 width=4)
	  Index Cond: ((k >= 5326980) AND (k <= 5327080))

table 6 : explain SELECT k FROM sbtest6 WHERE k BETWEEN 5326980 AND 5327080
	Index Only Scan using k_6 on sbtest6  (cost=0.43..6.72 rows=114 width=4)
	  Index Cond: ((k >= 5326980) AND (k <= 5327080))

table 7 : explain SELECT k FROM sbtest7 WHERE k BETWEEN 5326980 AND 5327080
	Index Only Scan using k_7 on sbtest7  (cost=0.43..6.33 rows=95 width=4)
	  Index Cond: ((k >= 5326980) AND (k <= 5327080))

table 8 : explain SELECT k FROM sbtest8 WHERE k BETWEEN 5326980 AND 5327080
	Index Only Scan using k_8 on sbtest8  (cost=0.43..6.35 rows=96 width=4)
	  Index Cond: ((k >= 5326980) AND (k <= 5327080))

explain: for range-covered :: explain SELECT k FROM sbtest%d WHERE k BETWEEN 4715003 AND 4715103
for range-covered
table 1 : explain SELECT k FROM sbtest1 WHERE k BETWEEN 6214403 AND 6214503
	Index Only Scan using k_1 on sbtest1  (cost=0.43..6.42 rows=99 width=4)
	  Index Cond: ((k >= 6214403) AND (k <= 6214503))

table 2 : explain SELECT k FROM sbtest2 WHERE k BETWEEN 6214403 AND 6214503
	Index Only Scan using k_2 on sbtest2  (cost=0.43..6.35 rows=96 width=4)
	  Index Cond: ((k >= 6214403) AND (k <= 6214503))

table 3 : explain SELECT k FROM sbtest3 WHERE k BETWEEN 6214403 AND 6214503
	Index Only Scan using k_3 on sbtest3  (cost=0.43..10.36 rows=96 width=4)
	  Index Cond: ((k >= 6214403) AND (k <= 6214503))

table 4 : explain SELECT k FROM sbtest4 WHERE k BETWEEN 6214403 AND 6214503
	Index Only Scan using k_4 on sbtest4  (cost=0.43..6.47 rows=102 width=4)
	  Index Cond: ((k >= 6214403) AND (k <= 6214503))

table 5 : explain SELECT k FROM sbtest5 WHERE k BETWEEN 6214403 AND 6214503
	Index Only Scan using k_5 on sbtest5  (cost=0.43..6.27 rows=92 width=4)
	  Index Cond: ((k >= 6214403) AND (k <= 6214503))

table 6 : explain SELECT k FROM sbtest6 WHERE k BETWEEN 6214403 AND 6214503
	Index Only Scan using k_6 on sbtest6  (cost=0.43..6.47 rows=102 width=4)
	  Index Cond: ((k >= 6214403) AND (k <= 6214503))

table 7 : explain SELECT k FROM sbtest7 WHERE k BETWEEN 6214403 AND 6214503
	Index Only Scan using k_7 on sbtest7  (cost=0.43..6.42 rows=99 width=4)
	  Index Cond: ((k >= 6214403) AND (k <= 6214503))

table 8 : explain SELECT k FROM sbtest8 WHERE k BETWEEN 6214403 AND 6214503
	Index Only Scan using k_8 on sbtest8  (cost=0.43..6.37 rows=97 width=4)
	  Index Cond: ((k >= 6214403) AND (k <= 6214503))

explain: for range-covered :: explain SELECT k FROM sbtest%d WHERE k BETWEEN 5326980 AND 5327080
for range-covered
table 1 : explain SELECT k FROM sbtest1 WHERE k BETWEEN 9523002 AND 9523102
	Index Only Scan using k_1 on sbtest1  (cost=0.43..6.43 rows=100 width=4)
	  Index Cond: ((k >= 9523002) AND (k <= 9523102))

table 2 : explain SELECT k FROM sbtest2 WHERE k BETWEEN 9523002 AND 9523102
	Index Only Scan using k_2 on sbtest2  (cost=0.43..6.58 rows=107 width=4)
	  Index Cond: ((k >= 9523002) AND (k <= 9523102))

table 3 : explain SELECT k FROM sbtest3 WHERE k BETWEEN 9523002 AND 9523102
	Index Only Scan using k_3 on sbtest3  (cost=0.43..10.56 rows=106 width=4)
	  Index Cond: ((k >= 9523002) AND (k <= 9523102))

table 4 : explain SELECT k FROM sbtest4 WHERE k BETWEEN 9523002 AND 9523102
	Index Only Scan using k_4 on sbtest4  (cost=0.43..6.51 rows=104 width=4)
	  Index Cond: ((k >= 9523002) AND (k <= 9523102))

table 5 : explain SELECT k FROM sbtest5 WHERE k BETWEEN 9523002 AND 9523102
	Index Only Scan using k_5 on sbtest5  (cost=0.43..6.56 rows=106 width=4)
	  Index Cond: ((k >= 9523002) AND (k <= 9523102))

table 6 : explain SELECT k FROM sbtest6 WHERE k BETWEEN 9523002 AND 9523102
	Index Only Scan using k_6 on sbtest6  (cost=0.43..6.42 rows=99 width=4)
	  Index Cond: ((k >= 9523002) AND (k <= 9523102))

table 7 : explain SELECT k FROM sbtest7 WHERE k BETWEEN 9523002 AND 9523102
	Index Only Scan using k_7 on sbtest7  (cost=0.43..6.47 rows=102 width=4)
	  Index Cond: ((k >= 9523002) AND (k <= 9523102))

table 8 : explain SELECT k FROM sbtest8 WHERE k BETWEEN 9523002 AND 9523102
	Index Only Scan using k_8 on sbtest8  (cost=0.43..6.51 rows=104 width=4)
	  Index Cond: ((k >= 9523002) AND (k <= 9523102))

explain: for range-covered :: explain SELECT k FROM sbtest%d WHERE k BETWEEN 9523002 AND 9523102
explain: for range-covered :: explain SELECT k FROM sbtest%d WHERE k BETWEEN 7166542 AND 7166642
for range-covered
table 1 : explain SELECT k FROM sbtest1 WHERE k BETWEEN 8232422 AND 8232522
	Index Only Scan using k_1 on sbtest1  (cost=0.43..6.51 rows=104 width=4)
	  Index Cond: ((k >= 8232422) AND (k <= 8232522))

table 2 : explain SELECT k FROM sbtest2 WHERE k BETWEEN 8232422 AND 8232522
	Index Only Scan using k_2 on sbtest2  (cost=0.43..6.42 rows=99 width=4)
	  Index Cond: ((k >= 8232422) AND (k <= 8232522))

table 3 : explain SELECT k FROM sbtest3 WHERE k BETWEEN 8232422 AND 8232522
	Index Only Scan using k_3 on sbtest3  (cost=0.43..10.60 rows=108 width=4)
	  Index Cond: ((k >= 8232422) AND (k <= 8232522))

table 4 : explain SELECT k FROM sbtest4 WHERE k BETWEEN 8232422 AND 8232522
	Index Only Scan using k_4 on sbtest4  (cost=0.43..6.47 rows=102 width=4)
	  Index Cond: ((k >= 8232422) AND (k <= 8232522))

table 5 : explain SELECT k FROM sbtest5 WHERE k BETWEEN 8232422 AND 8232522
	Index Only Scan using k_5 on sbtest5  (cost=0.43..6.51 rows=104 width=4)
	  Index Cond: ((k >= 8232422) AND (k <= 8232522))

table 6 : explain SELECT k FROM sbtest6 WHERE k BETWEEN 8232422 AND 8232522
	Index Only Scan using k_6 on sbtest6  (cost=0.43..6.43 rows=100 width=4)
	  Index Cond: ((k >= 8232422) AND (k <= 8232522))

table 7 : explain SELECT k FROM sbtest7 WHERE k BETWEEN 8232422 AND 8232522
	Index Only Scan using k_7 on sbtest7  (cost=0.43..6.51 rows=104 width=4)
	  Index Cond: ((k >= 8232422) AND (k <= 8232522))

table 8 : explain SELECT k FROM sbtest8 WHERE k BETWEEN 8232422 AND 8232522
	Index Only Scan using k_8 on sbtest8  (cost=0.43..6.69 rows=113 width=4)
	  Index Cond: ((k >= 8232422) AND (k <= 8232522))

explain: for range-covered :: explain SELECT k FROM sbtest%d WHERE k BETWEEN 8232422 AND 8232522
for range-covered
table 1 : explain SELECT k FROM sbtest1 WHERE k BETWEEN 5326980 AND 5327080
	Index Only Scan using k_1 on sbtest1  (cost=0.43..6.53 rows=105 width=4)
	  Index Cond: ((k >= 5326980) AND (k <= 5327080))

table 2 : explain SELECT k FROM sbtest2 WHERE k BETWEEN 5326980 AND 5327080
	Index Only Scan using k_2 on sbtest2  (cost=0.43..6.37 rows=97 width=4)
	  Index Cond: ((k >= 5326980) AND (k <= 5327080))

table 3 : explain SELECT k FROM sbtest3 WHERE k BETWEEN 5326980 AND 5327080
	Index Only Scan using k_3 on sbtest3  (cost=0.43..10.33 rows=95 width=4)
	  Index Cond: ((k >= 5326980) AND (k <= 5327080))

table 4 : explain SELECT k FROM sbtest4 WHERE k BETWEEN 5326980 AND 5327080
	Index Only Scan using k_4 on sbtest4  (cost=0.43..6.37 rows=97 width=4)
	  Index Cond: ((k >= 5326980) AND (k <= 5327080))

table 5 : explain SELECT k FROM sbtest5 WHERE k BETWEEN 5326980 AND 5327080
	Index Only Scan using k_5 on sbtest5  (cost=0.43..6.35 rows=96 width=4)
	  Index Cond: ((k >= 5326980) AND (k <= 5327080))

table 6 : explain SELECT k FROM sbtest6 WHERE k BETWEEN 5326980 AND 5327080
	Index Only Scan using k_6 on sbtest6  (cost=0.43..6.72 rows=114 width=4)
	  Index Cond: ((k >= 5326980) AND (k <= 5327080))

table 7 : explain SELECT k FROM sbtest7 WHERE k BETWEEN 5326980 AND 5327080
	Index Only Scan using k_7 on sbtest7  (cost=0.43..6.33 rows=95 width=4)
	  Index Cond: ((k >= 5326980) AND (k <= 5327080))

table 8 : explain SELECT k FROM sbtest8 WHERE k BETWEEN 5326980 AND 5327080
	Index Only Scan using k_8 on sbtest8  (cost=0.43..6.35 rows=96 width=4)
	  Index Cond: ((k >= 5326980) AND (k <= 5327080))

explain: for range-covered :: explain SELECT k FROM sbtest%d WHERE k BETWEEN 5326980 AND 5327080
explain: for range-covered :: explain SELECT k FROM sbtest%d WHERE k BETWEEN 4010669 AND 4010769
explain: for range-covered :: explain SELECT k FROM sbtest%d WHERE k BETWEEN 6529434 AND 6529534
for range-covered
table 1 : explain SELECT k FROM sbtest1 WHERE k BETWEEN 9523002 AND 9523102
	Index Only Scan using k_1 on sbtest1  (cost=0.43..6.43 rows=100 width=4)
	  Index Cond: ((k >= 9523002) AND (k <= 9523102))

table 2 : explain SELECT k FROM sbtest2 WHERE k BETWEEN 9523002 AND 9523102
	Index Only Scan using k_2 on sbtest2  (cost=0.43..6.58 rows=107 width=4)
	  Index Cond: ((k >= 9523002) AND (k <= 9523102))

table 3 : explain SELECT k FROM sbtest3 WHERE k BETWEEN 9523002 AND 9523102
	Index Only Scan using k_3 on sbtest3  (cost=0.43..10.56 rows=106 width=4)
	  Index Cond: ((k >= 9523002) AND (k <= 9523102))

table 4 : explain SELECT k FROM sbtest4 WHERE k BETWEEN 9523002 AND 9523102
	Index Only Scan using k_4 on sbtest4  (cost=0.43..6.51 rows=104 width=4)
	  Index Cond: ((k >= 9523002) AND (k <= 9523102))

table 5 : explain SELECT k FROM sbtest5 WHERE k BETWEEN 9523002 AND 9523102
	Index Only Scan using k_5 on sbtest5  (cost=0.43..6.56 rows=106 width=4)
	  Index Cond: ((k >= 9523002) AND (k <= 9523102))

table 6 : explain SELECT k FROM sbtest6 WHERE k BETWEEN 9523002 AND 9523102
	Index Only Scan using k_6 on sbtest6  (cost=0.43..6.42 rows=99 width=4)
	  Index Cond: ((k >= 9523002) AND (k <= 9523102))

table 7 : explain SELECT k FROM sbtest7 WHERE k BETWEEN 9523002 AND 9523102
	Index Only Scan using k_7 on sbtest7  (cost=0.43..6.47 rows=102 width=4)
	  Index Cond: ((k >= 9523002) AND (k <= 9523102))

table 8 : explain SELECT k FROM sbtest8 WHERE k BETWEEN 9523002 AND 9523102
	Index Only Scan using k_8 on sbtest8  (cost=0.43..6.51 rows=104 width=4)
	  Index Cond: ((k >= 9523002) AND (k <= 9523102))

explain: for range-covered :: explain SELECT k FROM sbtest%d WHERE k BETWEEN 9523002 AND 9523102
explain: for range-covered :: explain SELECT k FROM sbtest%d WHERE k BETWEEN 7155532 AND 7155632
for range-covered
table 1 : explain SELECT k FROM sbtest1 WHERE k BETWEEN 8232422 AND 8232522
	Index Only Scan using k_1 on sbtest1  (cost=0.43..6.51 rows=104 width=4)
	  Index Cond: ((k >= 8232422) AND (k <= 8232522))

table 2 : explain SELECT k FROM sbtest2 WHERE k BETWEEN 8232422 AND 8232522
	Index Only Scan using k_2 on sbtest2  (cost=0.43..6.42 rows=99 width=4)
	  Index Cond: ((k >= 8232422) AND (k <= 8232522))

table 3 : explain SELECT k FROM sbtest3 WHERE k BETWEEN 8232422 AND 8232522
	Index Only Scan using k_3 on sbtest3  (cost=0.43..10.60 rows=108 width=4)
	  Index Cond: ((k >= 8232422) AND (k <= 8232522))

table 4 : explain SELECT k FROM sbtest4 WHERE k BETWEEN 8232422 AND 8232522
	Index Only Scan using k_4 on sbtest4  (cost=0.43..6.47 rows=102 width=4)
	  Index Cond: ((k >= 8232422) AND (k <= 8232522))

table 5 : explain SELECT k FROM sbtest5 WHERE k BETWEEN 8232422 AND 8232522
	Index Only Scan using k_5 on sbtest5  (cost=0.43..6.51 rows=104 width=4)
	  Index Cond: ((k >= 8232422) AND (k <= 8232522))

table 6 : explain SELECT k FROM sbtest6 WHERE k BETWEEN 8232422 AND 8232522
	Index Only Scan using k_6 on sbtest6  (cost=0.43..6.43 rows=100 width=4)
	  Index Cond: ((k >= 8232422) AND (k <= 8232522))

table 7 : explain SELECT k FROM sbtest7 WHERE k BETWEEN 8232422 AND 8232522
	Index Only Scan using k_7 on sbtest7  (cost=0.43..6.51 rows=104 width=4)
	  Index Cond: ((k >= 8232422) AND (k <= 8232522))

table 8 : explain SELECT k FROM sbtest8 WHERE k BETWEEN 8232422 AND 8232522
	Index Only Scan using k_8 on sbtest8  (cost=0.43..6.69 rows=113 width=4)
	  Index Cond: ((k >= 8232422) AND (k <= 8232522))

explain: for range-covered :: explain SELECT k FROM sbtest%d WHERE k BETWEEN 8232422 AND 8232522
for range-covered
table 1 : explain SELECT k FROM sbtest1 WHERE k BETWEEN 5326980 AND 5327080
	Index Only Scan using k_1 on sbtest1  (cost=0.43..6.53 rows=105 width=4)
	  Index Cond: ((k >= 5326980) AND (k <= 5327080))

table 2 : explain SELECT k FROM sbtest2 WHERE k BETWEEN 5326980 AND 5327080
	Index Only Scan using k_2 on sbtest2  (cost=0.43..6.37 rows=97 width=4)
	  Index Cond: ((k >= 5326980) AND (k <= 5327080))

table 3 : explain SELECT k FROM sbtest3 WHERE k BETWEEN 5326980 AND 5327080
	Index Only Scan using k_3 on sbtest3  (cost=0.43..10.33 rows=95 width=4)
	  Index Cond: ((k >= 5326980) AND (k <= 5327080))

table 4 : explain SELECT k FROM sbtest4 WHERE k BETWEEN 5326980 AND 5327080
	Index Only Scan using k_4 on sbtest4  (cost=0.43..6.37 rows=97 width=4)
	  Index Cond: ((k >= 5326980) AND (k <= 5327080))

table 5 : explain SELECT k FROM sbtest5 WHERE k BETWEEN 5326980 AND 5327080
	Index Only Scan using k_5 on sbtest5  (cost=0.43..6.35 rows=96 width=4)
	  Index Cond: ((k >= 5326980) AND (k <= 5327080))

table 6 : explain SELECT k FROM sbtest6 WHERE k BETWEEN 5326980 AND 5327080
	Index Only Scan using k_6 on sbtest6  (cost=0.43..6.72 rows=114 width=4)
	  Index Cond: ((k >= 5326980) AND (k <= 5327080))

table 7 : explain SELECT k FROM sbtest7 WHERE k BETWEEN 5326980 AND 5327080
	Index Only Scan using k_7 on sbtest7  (cost=0.43..6.33 rows=95 width=4)
	  Index Cond: ((k >= 5326980) AND (k <= 5327080))

table 8 : explain SELECT k FROM sbtest8 WHERE k BETWEEN 5326980 AND 5327080
	Index Only Scan using k_8 on sbtest8  (cost=0.43..6.35 rows=96 width=4)
	  Index Cond: ((k >= 5326980) AND (k <= 5327080))

for range-covered
table 1 : explain SELECT k FROM sbtest1 WHERE k BETWEEN 4715003 AND 4715103
	Index Only Scan using k_1 on sbtest1  (cost=0.43..6.32 rows=94 width=4)
	  Index Cond: ((k >= 4715003) AND (k <= 4715103))

table 2 : explain SELECT k FROM sbtest2 WHERE k BETWEEN 4715003 AND 4715103
	Index Only Scan using k_2 on sbtest2  (cost=0.43..6.27 rows=92 width=4)
	  Index Cond: ((k >= 4715003) AND (k <= 4715103))

table 3 : explain SELECT k FROM sbtest3 WHERE k BETWEEN 4715003 AND 4715103
	Index Only Scan using k_3 on sbtest3  (cost=0.43..10.51 rows=104 width=4)
	  Index Cond: ((k >= 4715003) AND (k <= 4715103))

table 4 : explain SELECT k FROM sbtest4 WHERE k BETWEEN 4715003 AND 4715103
	Index Only Scan using k_4 on sbtest4  (cost=0.43..6.35 rows=96 width=4)
	  Index Cond: ((k >= 4715003) AND (k <= 4715103))

table 5 : explain SELECT k FROM sbtest5 WHERE k BETWEEN 4715003 AND 4715103
	Index Only Scan using k_5 on sbtest5  (cost=0.43..6.53 rows=105 width=4)
	  Index Cond: ((k >= 4715003) AND (k <= 4715103))

table 6 : explain SELECT k FROM sbtest6 WHERE k BETWEEN 4715003 AND 4715103
	Index Only Scan using k_6 on sbtest6  (cost=0.43..6.74 rows=115 width=4)
	  Index Cond: ((k >= 4715003) AND (k <= 4715103))

table 7 : explain SELECT k FROM sbtest7 WHERE k BETWEEN 4715003 AND 4715103
	Index Only Scan using k_7 on sbtest7  (cost=0.43..6.56 rows=106 width=4)
	  Index Cond: ((k >= 4715003) AND (k <= 4715103))

table 8 : explain SELECT k FROM sbtest8 WHERE k BETWEEN 4715003 AND 4715103
	Index Only Scan using k_8 on sbtest8  (cost=0.43..6.37 rows=97 width=4)
	  Index Cond: ((k >= 4715003) AND (k <= 4715103))

explain: for range-covered :: explain SELECT k FROM sbtest%d WHERE k BETWEEN 5326980 AND 5327080
for range-covered
table 1 : explain SELECT k FROM sbtest1 WHERE k BETWEEN 9523002 AND 9523102
	Index Only Scan using k_1 on sbtest1  (cost=0.43..6.43 rows=100 width=4)
	  Index Cond: ((k >= 9523002) AND (k <= 9523102))

table 2 : explain SELECT k FROM sbtest2 WHERE k BETWEEN 9523002 AND 9523102
	Index Only Scan using k_2 on sbtest2  (cost=0.43..6.58 rows=107 width=4)
	  Index Cond: ((k >= 9523002) AND (k <= 9523102))

table 3 : explain SELECT k FROM sbtest3 WHERE k BETWEEN 9523002 AND 9523102
	Index Only Scan using k_3 on sbtest3  (cost=0.43..10.56 rows=106 width=4)
	  Index Cond: ((k >= 9523002) AND (k <= 9523102))

table 4 : explain SELECT k FROM sbtest4 WHERE k BETWEEN 9523002 AND 9523102
	Index Only Scan using k_4 on sbtest4  (cost=0.43..6.51 rows=104 width=4)
	  Index Cond: ((k >= 9523002) AND (k <= 9523102))

table 5 : explain SELECT k FROM sbtest5 WHERE k BETWEEN 9523002 AND 9523102
	Index Only Scan using k_5 on sbtest5  (cost=0.43..6.56 rows=106 width=4)
	  Index Cond: ((k >= 9523002) AND (k <= 9523102))

table 6 : explain SELECT k FROM sbtest6 WHERE k BETWEEN 9523002 AND 9523102
	Index Only Scan using k_6 on sbtest6  (cost=0.43..6.42 rows=99 width=4)
	  Index Cond: ((k >= 9523002) AND (k <= 9523102))

table 7 : explain SELECT k FROM sbtest7 WHERE k BETWEEN 9523002 AND 9523102
	Index Only Scan using k_7 on sbtest7  (cost=0.43..6.47 rows=102 width=4)
	  Index Cond: ((k >= 9523002) AND (k <= 9523102))

table 8 : explain SELECT k FROM sbtest8 WHERE k BETWEEN 9523002 AND 9523102
	Index Only Scan using k_8 on sbtest8  (cost=0.43..6.51 rows=104 width=4)
	  Index Cond: ((k >= 9523002) AND (k <= 9523102))

explain: for range-covered :: explain SELECT k FROM sbtest%d WHERE k BETWEEN 9523002 AND 9523102
for range-covered
table 1 : explain SELECT k FROM sbtest1 WHERE k BETWEEN 8232422 AND 8232522
	Index Only Scan using k_1 on sbtest1  (cost=0.43..6.51 rows=104 width=4)
	  Index Cond: ((k >= 8232422) AND (k <= 8232522))

table 2 : explain SELECT k FROM sbtest2 WHERE k BETWEEN 8232422 AND 8232522
	Index Only Scan using k_2 on sbtest2  (cost=0.43..6.42 rows=99 width=4)
	  Index Cond: ((k >= 8232422) AND (k <= 8232522))

table 3 : explain SELECT k FROM sbtest3 WHERE k BETWEEN 8232422 AND 8232522
	Index Only Scan using k_3 on sbtest3  (cost=0.43..10.60 rows=108 width=4)
	  Index Cond: ((k >= 8232422) AND (k <= 8232522))

table 4 : explain SELECT k FROM sbtest4 WHERE k BETWEEN 8232422 AND 8232522
	Index Only Scan using k_4 on sbtest4  (cost=0.43..6.47 rows=102 width=4)
	  Index Cond: ((k >= 8232422) AND (k <= 8232522))

table 5 : explain SELECT k FROM sbtest5 WHERE k BETWEEN 8232422 AND 8232522
	Index Only Scan using k_5 on sbtest5  (cost=0.43..6.51 rows=104 width=4)
	  Index Cond: ((k >= 8232422) AND (k <= 8232522))

table 6 : explain SELECT k FROM sbtest6 WHERE k BETWEEN 8232422 AND 8232522
	Index Only Scan using k_6 on sbtest6  (cost=0.43..6.43 rows=100 width=4)
	  Index Cond: ((k >= 8232422) AND (k <= 8232522))

table 7 : explain SELECT k FROM sbtest7 WHERE k BETWEEN 8232422 AND 8232522
	Index Only Scan using k_7 on sbtest7  (cost=0.43..6.51 rows=104 width=4)
	  Index Cond: ((k >= 8232422) AND (k <= 8232522))

table 8 : explain SELECT k FROM sbtest8 WHERE k BETWEEN 8232422 AND 8232522
	Index Only Scan using k_8 on sbtest8  (cost=0.43..6.69 rows=113 width=4)
	  Index Cond: ((k >= 8232422) AND (k <= 8232522))

explain: for range-covered :: explain SELECT k FROM sbtest%d WHERE k BETWEEN 8232422 AND 8232522
explain: for range-covered :: explain SELECT k FROM sbtest%d WHERE k BETWEEN 4715003 AND 4715103
for range-covered
table 1 : explain SELECT k FROM sbtest1 WHERE k BETWEEN 5452440 AND 5452540
	Index Only Scan using k_1 on sbtest1  (cost=0.43..6.56 rows=106 width=4)
	  Index Cond: ((k >= 5452440) AND (k <= 5452540))

table 2 : explain SELECT k FROM sbtest2 WHERE k BETWEEN 5452440 AND 5452540
	Index Only Scan using k_2 on sbtest2  (cost=0.43..6.43 rows=100 width=4)
	  Index Cond: ((k >= 5452440) AND (k <= 5452540))

table 3 : explain SELECT k FROM sbtest3 WHERE k BETWEEN 5452440 AND 5452540
	Index Only Scan using k_3 on sbtest3  (cost=0.43..10.50 rows=103 width=4)
	  Index Cond: ((k >= 5452440) AND (k <= 5452540))

table 4 : explain SELECT k FROM sbtest4 WHERE k BETWEEN 5452440 AND 5452540
	Index Only Scan using k_4 on sbtest4  (cost=0.43..6.50 rows=103 width=4)
	  Index Cond: ((k >= 5452440) AND (k <= 5452540))

table 5 : explain SELECT k FROM sbtest5 WHERE k BETWEEN 5452440 AND 5452540
	Index Only Scan using k_5 on sbtest5  (cost=0.43..6.37 rows=97 width=4)
	  Index Cond: ((k >= 5452440) AND (k <= 5452540))

table 6 : explain SELECT k FROM sbtest6 WHERE k BETWEEN 5452440 AND 5452540
	Index Only Scan using k_6 on sbtest6  (cost=0.43..6.59 rows=108 width=4)
	  Index Cond: ((k >= 5452440) AND (k <= 5452540))

table 7 : explain SELECT k FROM sbtest7 WHERE k BETWEEN 5452440 AND 5452540
	Index Only Scan using k_7 on sbtest7  (cost=0.43..6.63 rows=110 width=4)
	  Index Cond: ((k >= 5452440) AND (k <= 5452540))

table 8 : explain SELECT k FROM sbtest8 WHERE k BETWEEN 5452440 AND 5452540
	Index Only Scan using k_8 on sbtest8  (cost=0.43..6.42 rows=99 width=4)
	  Index Cond: ((k >= 5452440) AND (k <= 5452540))

for range-covered
table 1 : explain SELECT k FROM sbtest1 WHERE k BETWEEN 5326980 AND 5327080
	Index Only Scan using k_1 on sbtest1  (cost=0.43..6.53 rows=105 width=4)
	  Index Cond: ((k >= 5326980) AND (k <= 5327080))

table 2 : explain SELECT k FROM sbtest2 WHERE k BETWEEN 5326980 AND 5327080
	Index Only Scan using k_2 on sbtest2  (cost=0.43..6.37 rows=97 width=4)
	  Index Cond: ((k >= 5326980) AND (k <= 5327080))

table 3 : explain SELECT k FROM sbtest3 WHERE k BETWEEN 5326980 AND 5327080
	Index Only Scan using k_3 on sbtest3  (cost=0.43..10.33 rows=95 width=4)
	  Index Cond: ((k >= 5326980) AND (k <= 5327080))

table 4 : explain SELECT k FROM sbtest4 WHERE k BETWEEN 5326980 AND 5327080
	Index Only Scan using k_4 on sbtest4  (cost=0.43..6.37 rows=97 width=4)
	  Index Cond: ((k >= 5326980) AND (k <= 5327080))

table 5 : explain SELECT k FROM sbtest5 WHERE k BETWEEN 5326980 AND 5327080
	Index Only Scan using k_5 on sbtest5  (cost=0.43..6.35 rows=96 width=4)
	  Index Cond: ((k >= 5326980) AND (k <= 5327080))

table 6 : explain SELECT k FROM sbtest6 WHERE k BETWEEN 5326980 AND 5327080
	Index Only Scan using k_6 on sbtest6  (cost=0.43..6.72 rows=114 width=4)
	  Index Cond: ((k >= 5326980) AND (k <= 5327080))

table 7 : explain SELECT k FROM sbtest7 WHERE k BETWEEN 5326980 AND 5327080
	Index Only Scan using k_7 on sbtest7  (cost=0.43..6.33 rows=95 width=4)
	  Index Cond: ((k >= 5326980) AND (k <= 5327080))

table 8 : explain SELECT k FROM sbtest8 WHERE k BETWEEN 5326980 AND 5327080
	Index Only Scan using k_8 on sbtest8  (cost=0.43..6.35 rows=96 width=4)
	  Index Cond: ((k >= 5326980) AND (k <= 5327080))

explain: for range-covered :: explain SELECT k FROM sbtest%d WHERE k BETWEEN 5452440 AND 5452540
explain: for range-covered :: explain SELECT k FROM sbtest%d WHERE k BETWEEN 5326980 AND 5327080
for range-covered
table 1 : explain SELECT k FROM sbtest1 WHERE k BETWEEN 9523002 AND 9523102
	Index Only Scan using k_1 on sbtest1  (cost=0.43..6.43 rows=100 width=4)
	  Index Cond: ((k >= 9523002) AND (k <= 9523102))

table 2 : explain SELECT k FROM sbtest2 WHERE k BETWEEN 9523002 AND 9523102
	Index Only Scan using k_2 on sbtest2  (cost=0.43..6.58 rows=107 width=4)
	  Index Cond: ((k >= 9523002) AND (k <= 9523102))

table 3 : explain SELECT k FROM sbtest3 WHERE k BETWEEN 9523002 AND 9523102
	Index Only Scan using k_3 on sbtest3  (cost=0.43..10.56 rows=106 width=4)
	  Index Cond: ((k >= 9523002) AND (k <= 9523102))

table 4 : explain SELECT k FROM sbtest4 WHERE k BETWEEN 9523002 AND 9523102
	Index Only Scan using k_4 on sbtest4  (cost=0.43..6.51 rows=104 width=4)
	  Index Cond: ((k >= 9523002) AND (k <= 9523102))

table 5 : explain SELECT k FROM sbtest5 WHERE k BETWEEN 9523002 AND 9523102
	Index Only Scan using k_5 on sbtest5  (cost=0.43..6.56 rows=106 width=4)
	  Index Cond: ((k >= 9523002) AND (k <= 9523102))

table 6 : explain SELECT k FROM sbtest6 WHERE k BETWEEN 9523002 AND 9523102
	Index Only Scan using k_6 on sbtest6  (cost=0.43..6.42 rows=99 width=4)
	  Index Cond: ((k >= 9523002) AND (k <= 9523102))

table 7 : explain SELECT k FROM sbtest7 WHERE k BETWEEN 9523002 AND 9523102
	Index Only Scan using k_7 on sbtest7  (cost=0.43..6.47 rows=102 width=4)
	  Index Cond: ((k >= 9523002) AND (k <= 9523102))

table 8 : explain SELECT k FROM sbtest8 WHERE k BETWEEN 9523002 AND 9523102
	Index Only Scan using k_8 on sbtest8  (cost=0.43..6.51 rows=104 width=4)
	  Index Cond: ((k >= 9523002) AND (k <= 9523102))

for range-covered
table 1 : explain SELECT k FROM sbtest1 WHERE k BETWEEN 8232422 AND 8232522
	Index Only Scan using k_1 on sbtest1  (cost=0.43..6.51 rows=104 width=4)
	  Index Cond: ((k >= 8232422) AND (k <= 8232522))

table 2 : explain SELECT k FROM sbtest2 WHERE k BETWEEN 8232422 AND 8232522
	Index Only Scan using k_2 on sbtest2  (cost=0.43..6.42 rows=99 width=4)
	  Index Cond: ((k >= 8232422) AND (k <= 8232522))

table 3 : explain SELECT k FROM sbtest3 WHERE k BETWEEN 8232422 AND 8232522
	Index Only Scan using k_3 on sbtest3  (cost=0.43..10.60 rows=108 width=4)
	  Index Cond: ((k >= 8232422) AND (k <= 8232522))

table 4 : explain SELECT k FROM sbtest4 WHERE k BETWEEN 8232422 AND 8232522
	Index Only Scan using k_4 on sbtest4  (cost=0.43..6.47 rows=102 width=4)
	  Index Cond: ((k >= 8232422) AND (k <= 8232522))

table 5 : explain SELECT k FROM sbtest5 WHERE k BETWEEN 8232422 AND 8232522
	Index Only Scan using k_5 on sbtest5  (cost=0.43..6.51 rows=104 width=4)
	  Index Cond: ((k >= 8232422) AND (k <= 8232522))

table 6 : explain SELECT k FROM sbtest6 WHERE k BETWEEN 8232422 AND 8232522
	Index Only Scan using k_6 on sbtest6  (cost=0.43..6.43 rows=100 width=4)
	  Index Cond: ((k >= 8232422) AND (k <= 8232522))

table 7 : explain SELECT k FROM sbtest7 WHERE k BETWEEN 8232422 AND 8232522
	Index Only Scan using k_7 on sbtest7  (cost=0.43..6.51 rows=104 width=4)
	  Index Cond: ((k >= 8232422) AND (k <= 8232522))

table 8 : explain SELECT k FROM sbtest8 WHERE k BETWEEN 8232422 AND 8232522
	Index Only Scan using k_8 on sbtest8  (cost=0.43..6.69 rows=113 width=4)
	  Index Cond: ((k >= 8232422) AND (k <= 8232522))

explain: for range-covered :: explain SELECT k FROM sbtest%d WHERE k BETWEEN 8232422 AND 8232522
for range-covered
table 1 : explain SELECT k FROM sbtest1 WHERE k BETWEEN 4715003 AND 4715103
	Index Only Scan using k_1 on sbtest1  (cost=0.43..6.32 rows=94 width=4)
	  Index Cond: ((k >= 4715003) AND (k <= 4715103))

table 2 : explain SELECT k FROM sbtest2 WHERE k BETWEEN 4715003 AND 4715103
	Index Only Scan using k_2 on sbtest2  (cost=0.43..6.27 rows=92 width=4)
	  Index Cond: ((k >= 4715003) AND (k <= 4715103))

table 3 : explain SELECT k FROM sbtest3 WHERE k BETWEEN 4715003 AND 4715103
	Index Only Scan using k_3 on sbtest3  (cost=0.43..10.51 rows=104 width=4)
	  Index Cond: ((k >= 4715003) AND (k <= 4715103))

table 4 : explain SELECT k FROM sbtest4 WHERE k BETWEEN 4715003 AND 4715103
	Index Only Scan using k_4 on sbtest4  (cost=0.43..6.35 rows=96 width=4)
	  Index Cond: ((k >= 4715003) AND (k <= 4715103))

table 5 : explain SELECT k FROM sbtest5 WHERE k BETWEEN 4715003 AND 4715103
	Index Only Scan using k_5 on sbtest5  (cost=0.43..6.53 rows=105 width=4)
	  Index Cond: ((k >= 4715003) AND (k <= 4715103))

table 6 : explain SELECT k FROM sbtest6 WHERE k BETWEEN 4715003 AND 4715103
	Index Only Scan using k_6 on sbtest6  (cost=0.43..6.74 rows=115 width=4)
	  Index Cond: ((k >= 4715003) AND (k <= 4715103))

table 7 : explain SELECT k FROM sbtest7 WHERE k BETWEEN 4715003 AND 4715103
	Index Only Scan using k_7 on sbtest7  (cost=0.43..6.56 rows=106 width=4)
	  Index Cond: ((k >= 4715003) AND (k <= 4715103))

table 8 : explain SELECT k FROM sbtest8 WHERE k BETWEEN 4715003 AND 4715103
	Index Only Scan using k_8 on sbtest8  (cost=0.43..6.37 rows=97 width=4)
	  Index Cond: ((k >= 4715003) AND (k <= 4715103))

for range-covered
table 1 : explain SELECT k FROM sbtest1 WHERE k BETWEEN 5326980 AND 5327080
	Index Only Scan using k_1 on sbtest1  (cost=0.43..6.53 rows=105 width=4)
	  Index Cond: ((k >= 5326980) AND (k <= 5327080))

table 2 : explain SELECT k FROM sbtest2 WHERE k BETWEEN 5326980 AND 5327080
	Index Only Scan using k_2 on sbtest2  (cost=0.43..6.37 rows=97 width=4)
	  Index Cond: ((k >= 5326980) AND (k <= 5327080))

table 3 : explain SELECT k FROM sbtest3 WHERE k BETWEEN 5326980 AND 5327080
	Index Only Scan using k_3 on sbtest3  (cost=0.43..10.33 rows=95 width=4)
	  Index Cond: ((k >= 5326980) AND (k <= 5327080))

table 4 : explain SELECT k FROM sbtest4 WHERE k BETWEEN 5326980 AND 5327080
	Index Only Scan using k_4 on sbtest4  (cost=0.43..6.37 rows=97 width=4)
	  Index Cond: ((k >= 5326980) AND (k <= 5327080))

table 5 : explain SELECT k FROM sbtest5 WHERE k BETWEEN 5326980 AND 5327080
	Index Only Scan using k_5 on sbtest5  (cost=0.43..6.35 rows=96 width=4)
	  Index Cond: ((k >= 5326980) AND (k <= 5327080))

table 6 : explain SELECT k FROM sbtest6 WHERE k BETWEEN 5326980 AND 5327080
	Index Only Scan using k_6 on sbtest6  (cost=0.43..6.72 rows=114 width=4)
	  Index Cond: ((k >= 5326980) AND (k <= 5327080))

table 7 : explain SELECT k FROM sbtest7 WHERE k BETWEEN 5326980 AND 5327080
	Index Only Scan using k_7 on sbtest7  (cost=0.43..6.33 rows=95 width=4)
	  Index Cond: ((k >= 5326980) AND (k <= 5327080))

table 8 : explain SELECT k FROM sbtest8 WHERE k BETWEEN 5326980 AND 5327080
	Index Only Scan using k_8 on sbtest8  (cost=0.43..6.35 rows=96 width=4)
	  Index Cond: ((k >= 5326980) AND (k <= 5327080))

for range-covered
table 1 : explain SELECT k FROM sbtest1 WHERE k BETWEEN 5452440 AND 5452540
	Index Only Scan using k_1 on sbtest1  (cost=0.43..6.56 rows=106 width=4)
	  Index Cond: ((k >= 5452440) AND (k <= 5452540))

table 2 : explain SELECT k FROM sbtest2 WHERE k BETWEEN 5452440 AND 5452540
	Index Only Scan using k_2 on sbtest2  (cost=0.43..6.43 rows=100 width=4)
	  Index Cond: ((k >= 5452440) AND (k <= 5452540))

table 3 : explain SELECT k FROM sbtest3 WHERE k BETWEEN 5452440 AND 5452540
	Index Only Scan using k_3 on sbtest3  (cost=0.43..10.50 rows=103 width=4)
	  Index Cond: ((k >= 5452440) AND (k <= 5452540))

table 4 : explain SELECT k FROM sbtest4 WHERE k BETWEEN 5452440 AND 5452540
	Index Only Scan using k_4 on sbtest4  (cost=0.43..6.50 rows=103 width=4)
	  Index Cond: ((k >= 5452440) AND (k <= 5452540))

table 5 : explain SELECT k FROM sbtest5 WHERE k BETWEEN 5452440 AND 5452540
	Index Only Scan using k_5 on sbtest5  (cost=0.43..6.37 rows=97 width=4)
	  Index Cond: ((k >= 5452440) AND (k <= 5452540))

table 6 : explain SELECT k FROM sbtest6 WHERE k BETWEEN 5452440 AND 5452540
	Index Only Scan using k_6 on sbtest6  (cost=0.43..6.59 rows=108 width=4)
	  Index Cond: ((k >= 5452440) AND (k <= 5452540))

table 7 : explain SELECT k FROM sbtest7 WHERE k BETWEEN 5452440 AND 5452540
	Index Only Scan using k_7 on sbtest7  (cost=0.43..6.63 rows=110 width=4)
	  Index Cond: ((k >= 5452440) AND (k <= 5452540))

table 8 : explain SELECT k FROM sbtest8 WHERE k BETWEEN 5452440 AND 5452540
	Index Only Scan using k_8 on sbtest8  (cost=0.43..6.42 rows=99 width=4)
	  Index Cond: ((k >= 5452440) AND (k <= 5452540))

explain: for range-covered :: explain SELECT k FROM sbtest%d WHERE k BETWEEN 5326980 AND 5327080
explain: for range-covered :: explain SELECT k FROM sbtest%d WHERE k BETWEEN 5452440 AND 5452540
for range-covered
table 1 : explain SELECT k FROM sbtest1 WHERE k BETWEEN 4010669 AND 4010769
	Index Only Scan using k_1 on sbtest1  (cost=0.43..6.47 rows=102 width=4)
	  Index Cond: ((k >= 4010669) AND (k <= 4010769))

table 2 : explain SELECT k FROM sbtest2 WHERE k BETWEEN 4010669 AND 4010769
	Index Only Scan using k_2 on sbtest2  (cost=0.43..6.43 rows=100 width=4)
	  Index Cond: ((k >= 4010669) AND (k <= 4010769))

table 3 : explain SELECT k FROM sbtest3 WHERE k BETWEEN 4010669 AND 4010769
	Index Only Scan using k_3 on sbtest3  (cost=0.43..10.50 rows=103 width=4)
	  Index Cond: ((k >= 4010669) AND (k <= 4010769))

table 4 : explain SELECT k FROM sbtest4 WHERE k BETWEEN 4010669 AND 4010769
	Index Only Scan using k_4 on sbtest4  (cost=0.43..6.63 rows=110 width=4)
	  Index Cond: ((k >= 4010669) AND (k <= 4010769))

table 5 : explain SELECT k FROM sbtest5 WHERE k BETWEEN 4010669 AND 4010769
	Index Only Scan using k_5 on sbtest5  (cost=0.43..6.29 rows=93 width=4)
	  Index Cond: ((k >= 4010669) AND (k <= 4010769))

table 6 : explain SELECT k FROM sbtest6 WHERE k BETWEEN 4010669 AND 4010769
	Index Only Scan using k_6 on sbtest6  (cost=0.43..6.59 rows=108 width=4)
	  Index Cond: ((k >= 4010669) AND (k <= 4010769))

table 7 : explain SELECT k FROM sbtest7 WHERE k BETWEEN 4010669 AND 4010769
	Index Only Scan using k_7 on sbtest7  (cost=0.43..6.40 rows=98 width=4)
	  Index Cond: ((k >= 4010669) AND (k <= 4010769))

table 8 : explain SELECT k FROM sbtest8 WHERE k BETWEEN 4010669 AND 4010769
	Index Only Scan using k_8 on sbtest8  (cost=0.43..6.42 rows=99 width=4)
	  Index Cond: ((k >= 4010669) AND (k <= 4010769))

explain: for range-covered :: explain SELECT k FROM sbtest%d WHERE k BETWEEN 4010669 AND 4010769
for range-covered
table 1 : explain SELECT k FROM sbtest1 WHERE k BETWEEN 8232422 AND 8232522
	Index Only Scan using k_1 on sbtest1  (cost=0.43..6.51 rows=104 width=4)
	  Index Cond: ((k >= 8232422) AND (k <= 8232522))

table 2 : explain SELECT k FROM sbtest2 WHERE k BETWEEN 8232422 AND 8232522
	Index Only Scan using k_2 on sbtest2  (cost=0.43..6.42 rows=99 width=4)
	  Index Cond: ((k >= 8232422) AND (k <= 8232522))

table 3 : explain SELECT k FROM sbtest3 WHERE k BETWEEN 8232422 AND 8232522
	Index Only Scan using k_3 on sbtest3  (cost=0.43..10.60 rows=108 width=4)
	  Index Cond: ((k >= 8232422) AND (k <= 8232522))

table 4 : explain SELECT k FROM sbtest4 WHERE k BETWEEN 8232422 AND 8232522
	Index Only Scan using k_4 on sbtest4  (cost=0.43..6.47 rows=102 width=4)
	  Index Cond: ((k >= 8232422) AND (k <= 8232522))

table 5 : explain SELECT k FROM sbtest5 WHERE k BETWEEN 8232422 AND 8232522
	Index Only Scan using k_5 on sbtest5  (cost=0.43..6.51 rows=104 width=4)
	  Index Cond: ((k >= 8232422) AND (k <= 8232522))

table 6 : explain SELECT k FROM sbtest6 WHERE k BETWEEN 8232422 AND 8232522
	Index Only Scan using k_6 on sbtest6  (cost=0.43..6.43 rows=100 width=4)
	  Index Cond: ((k >= 8232422) AND (k <= 8232522))

table 7 : explain SELECT k FROM sbtest7 WHERE k BETWEEN 8232422 AND 8232522
	Index Only Scan using k_7 on sbtest7  (cost=0.43..6.51 rows=104 width=4)
	  Index Cond: ((k >= 8232422) AND (k <= 8232522))

table 8 : explain SELECT k FROM sbtest8 WHERE k BETWEEN 8232422 AND 8232522
	Index Only Scan using k_8 on sbtest8  (cost=0.43..6.69 rows=113 width=4)
	  Index Cond: ((k >= 8232422) AND (k <= 8232522))

explain: for range-covered :: explain SELECT k FROM sbtest%d WHERE k BETWEEN 8232422 AND 8232522
for range-covered
table 1 : explain SELECT k FROM sbtest1 WHERE k BETWEEN 7155532 AND 7155632
	Index Only Scan using k_1 on sbtest1  (cost=0.43..6.74 rows=115 width=4)
	  Index Cond: ((k >= 7155532) AND (k <= 7155632))

table 2 : explain SELECT k FROM sbtest2 WHERE k BETWEEN 7155532 AND 7155632
	Index Only Scan using k_2 on sbtest2  (cost=0.43..6.67 rows=112 width=4)
	  Index Cond: ((k >= 7155532) AND (k <= 7155632))

table 3 : explain SELECT k FROM sbtest3 WHERE k BETWEEN 7155532 AND 7155632
	Index Only Scan using k_3 on sbtest3  (cost=0.43..10.29 rows=93 width=4)
	  Index Cond: ((k >= 7155532) AND (k <= 7155632))

table 4 : explain SELECT k FROM sbtest4 WHERE k BETWEEN 7155532 AND 7155632
	Index Only Scan using k_4 on sbtest4  (cost=0.43..6.37 rows=97 width=4)
	  Index Cond: ((k >= 7155532) AND (k <= 7155632))

table 5 : explain SELECT k FROM sbtest5 WHERE k BETWEEN 7155532 AND 7155632
	Index Only Scan using k_5 on sbtest5  (cost=0.43..6.45 rows=101 width=4)
	  Index Cond: ((k >= 7155532) AND (k <= 7155632))

table 6 : explain SELECT k FROM sbtest6 WHERE k BETWEEN 7155532 AND 7155632
	Index Only Scan using k_6 on sbtest6  (cost=0.43..6.51 rows=104 width=4)
	  Index Cond: ((k >= 7155532) AND (k <= 7155632))

table 7 : explain SELECT k FROM sbtest7 WHERE k BETWEEN 7155532 AND 7155632
	Index Only Scan using k_7 on sbtest7  (cost=0.43..6.35 rows=96 width=4)
	  Index Cond: ((k >= 7155532) AND (k <= 7155632))

table 8 : explain SELECT k FROM sbtest8 WHERE k BETWEEN 7155532 AND 7155632
	Index Only Scan using k_8 on sbtest8  (cost=0.43..6.58 rows=107 width=4)
	  Index Cond: ((k >= 7155532) AND (k <= 7155632))

explain: for range-covered :: explain SELECT k FROM sbtest%d WHERE k BETWEEN 7155532 AND 7155632
for range-covered
table 1 : explain SELECT k FROM sbtest1 WHERE k BETWEEN 5326980 AND 5327080
	Index Only Scan using k_1 on sbtest1  (cost=0.43..6.53 rows=105 width=4)
	  Index Cond: ((k >= 5326980) AND (k <= 5327080))

table 2 : explain SELECT k FROM sbtest2 WHERE k BETWEEN 5326980 AND 5327080
	Index Only Scan using k_2 on sbtest2  (cost=0.43..6.37 rows=97 width=4)
	  Index Cond: ((k >= 5326980) AND (k <= 5327080))

table 3 : explain SELECT k FROM sbtest3 WHERE k BETWEEN 5326980 AND 5327080
	Index Only Scan using k_3 on sbtest3  (cost=0.43..10.33 rows=95 width=4)
	  Index Cond: ((k >= 5326980) AND (k <= 5327080))

table 4 : explain SELECT k FROM sbtest4 WHERE k BETWEEN 5326980 AND 5327080
	Index Only Scan using k_4 on sbtest4  (cost=0.43..6.37 rows=97 width=4)
	  Index Cond: ((k >= 5326980) AND (k <= 5327080))

table 5 : explain SELECT k FROM sbtest5 WHERE k BETWEEN 5326980 AND 5327080
	Index Only Scan using k_5 on sbtest5  (cost=0.43..6.35 rows=96 width=4)
	  Index Cond: ((k >= 5326980) AND (k <= 5327080))

table 6 : explain SELECT k FROM sbtest6 WHERE k BETWEEN 5326980 AND 5327080
	Index Only Scan using k_6 on sbtest6  (cost=0.43..6.72 rows=114 width=4)
	  Index Cond: ((k >= 5326980) AND (k <= 5327080))

table 7 : explain SELECT k FROM sbtest7 WHERE k BETWEEN 5326980 AND 5327080
	Index Only Scan using k_7 on sbtest7  (cost=0.43..6.33 rows=95 width=4)
	  Index Cond: ((k >= 5326980) AND (k <= 5327080))

table 8 : explain SELECT k FROM sbtest8 WHERE k BETWEEN 5326980 AND 5327080
	Index Only Scan using k_8 on sbtest8  (cost=0.43..6.35 rows=96 width=4)
	  Index Cond: ((k >= 5326980) AND (k <= 5327080))

for range-covered
table 1 : explain SELECT k FROM sbtest1 WHERE k BETWEEN 5452440 AND 5452540
	Index Only Scan using k_1 on sbtest1  (cost=0.43..6.56 rows=106 width=4)
	  Index Cond: ((k >= 5452440) AND (k <= 5452540))

table 2 : explain SELECT k FROM sbtest2 WHERE k BETWEEN 5452440 AND 5452540
	Index Only Scan using k_2 on sbtest2  (cost=0.43..6.43 rows=100 width=4)
	  Index Cond: ((k >= 5452440) AND (k <= 5452540))

table 3 : explain SELECT k FROM sbtest3 WHERE k BETWEEN 5452440 AND 5452540
	Index Only Scan using k_3 on sbtest3  (cost=0.43..10.50 rows=103 width=4)
	  Index Cond: ((k >= 5452440) AND (k <= 5452540))

table 4 : explain SELECT k FROM sbtest4 WHERE k BETWEEN 5452440 AND 5452540
	Index Only Scan using k_4 on sbtest4  (cost=0.43..6.50 rows=103 width=4)
	  Index Cond: ((k >= 5452440) AND (k <= 5452540))

table 5 : explain SELECT k FROM sbtest5 WHERE k BETWEEN 5452440 AND 5452540
	Index Only Scan using k_5 on sbtest5  (cost=0.43..6.37 rows=97 width=4)
	  Index Cond: ((k >= 5452440) AND (k <= 5452540))

table 6 : explain SELECT k FROM sbtest6 WHERE k BETWEEN 5452440 AND 5452540
	Index Only Scan using k_6 on sbtest6  (cost=0.43..6.59 rows=108 width=4)
	  Index Cond: ((k >= 5452440) AND (k <= 5452540))

table 7 : explain SELECT k FROM sbtest7 WHERE k BETWEEN 5452440 AND 5452540
	Index Only Scan using k_7 on sbtest7  (cost=0.43..6.63 rows=110 width=4)
	  Index Cond: ((k >= 5452440) AND (k <= 5452540))

table 8 : explain SELECT k FROM sbtest8 WHERE k BETWEEN 5452440 AND 5452540
	Index Only Scan using k_8 on sbtest8  (cost=0.43..6.42 rows=99 width=4)
	  Index Cond: ((k >= 5452440) AND (k <= 5452540))

explain: for range-covered :: explain SELECT k FROM sbtest%d WHERE k BETWEEN 5452440 AND 5452540
for range-covered
table 1 : explain SELECT k FROM sbtest1 WHERE k BETWEEN 8232422 AND 8232522
	Index Only Scan using k_1 on sbtest1  (cost=0.43..6.51 rows=104 width=4)
	  Index Cond: ((k >= 8232422) AND (k <= 8232522))

table 2 : explain SELECT k FROM sbtest2 WHERE k BETWEEN 8232422 AND 8232522
	Index Only Scan using k_2 on sbtest2  (cost=0.43..6.42 rows=99 width=4)
	  Index Cond: ((k >= 8232422) AND (k <= 8232522))

table 3 : explain SELECT k FROM sbtest3 WHERE k BETWEEN 8232422 AND 8232522
	Index Only Scan using k_3 on sbtest3  (cost=0.43..10.60 rows=108 width=4)
	  Index Cond: ((k >= 8232422) AND (k <= 8232522))

table 4 : explain SELECT k FROM sbtest4 WHERE k BETWEEN 8232422 AND 8232522
	Index Only Scan using k_4 on sbtest4  (cost=0.43..6.47 rows=102 width=4)
	  Index Cond: ((k >= 8232422) AND (k <= 8232522))

table 5 : explain SELECT k FROM sbtest5 WHERE k BETWEEN 8232422 AND 8232522
	Index Only Scan using k_5 on sbtest5  (cost=0.43..6.51 rows=104 width=4)
	  Index Cond: ((k >= 8232422) AND (k <= 8232522))

table 6 : explain SELECT k FROM sbtest6 WHERE k BETWEEN 8232422 AND 8232522
	Index Only Scan using k_6 on sbtest6  (cost=0.43..6.43 rows=100 width=4)
	  Index Cond: ((k >= 8232422) AND (k <= 8232522))

table 7 : explain SELECT k FROM sbtest7 WHERE k BETWEEN 8232422 AND 8232522
	Index Only Scan using k_7 on sbtest7  (cost=0.43..6.51 rows=104 width=4)
	  Index Cond: ((k >= 8232422) AND (k <= 8232522))

table 8 : explain SELECT k FROM sbtest8 WHERE k BETWEEN 8232422 AND 8232522
	Index Only Scan using k_8 on sbtest8  (cost=0.43..6.69 rows=113 width=4)
	  Index Cond: ((k >= 8232422) AND (k <= 8232522))

explain: for range-covered :: explain SELECT k FROM sbtest%d WHERE k BETWEEN 8232422 AND 8232522
for range-covered
table 1 : explain SELECT k FROM sbtest1 WHERE k BETWEEN 4010669 AND 4010769
	Index Only Scan using k_1 on sbtest1  (cost=0.43..6.47 rows=102 width=4)
	  Index Cond: ((k >= 4010669) AND (k <= 4010769))

table 2 : explain SELECT k FROM sbtest2 WHERE k BETWEEN 4010669 AND 4010769
	Index Only Scan using k_2 on sbtest2  (cost=0.43..6.43 rows=100 width=4)
	  Index Cond: ((k >= 4010669) AND (k <= 4010769))

table 3 : explain SELECT k FROM sbtest3 WHERE k BETWEEN 4010669 AND 4010769
	Index Only Scan using k_3 on sbtest3  (cost=0.43..10.50 rows=103 width=4)
	  Index Cond: ((k >= 4010669) AND (k <= 4010769))

table 4 : explain SELECT k FROM sbtest4 WHERE k BETWEEN 4010669 AND 4010769
	Index Only Scan using k_4 on sbtest4  (cost=0.43..6.63 rows=110 width=4)
	  Index Cond: ((k >= 4010669) AND (k <= 4010769))

table 5 : explain SELECT k FROM sbtest5 WHERE k BETWEEN 4010669 AND 4010769
	Index Only Scan using k_5 on sbtest5  (cost=0.43..6.29 rows=93 width=4)
	  Index Cond: ((k >= 4010669) AND (k <= 4010769))

table 6 : explain SELECT k FROM sbtest6 WHERE k BETWEEN 4010669 AND 4010769
	Index Only Scan using k_6 on sbtest6  (cost=0.43..6.59 rows=108 width=4)
	  Index Cond: ((k >= 4010669) AND (k <= 4010769))

table 7 : explain SELECT k FROM sbtest7 WHERE k BETWEEN 4010669 AND 4010769
	Index Only Scan using k_7 on sbtest7  (cost=0.43..6.40 rows=98 width=4)
	  Index Cond: ((k >= 4010669) AND (k <= 4010769))

table 8 : explain SELECT k FROM sbtest8 WHERE k BETWEEN 4010669 AND 4010769
	Index Only Scan using k_8 on sbtest8  (cost=0.43..6.42 rows=99 width=4)
	  Index Cond: ((k >= 4010669) AND (k <= 4010769))

explain: for range-covered :: explain SELECT k FROM sbtest%d WHERE k BETWEEN 4010669 AND 4010769
for range-covered
table 1 : explain SELECT k FROM sbtest1 WHERE k BETWEEN 7155532 AND 7155632
	Index Only Scan using k_1 on sbtest1  (cost=0.43..6.74 rows=115 width=4)
	  Index Cond: ((k >= 7155532) AND (k <= 7155632))

table 2 : explain SELECT k FROM sbtest2 WHERE k BETWEEN 7155532 AND 7155632
	Index Only Scan using k_2 on sbtest2  (cost=0.43..6.67 rows=112 width=4)
	  Index Cond: ((k >= 7155532) AND (k <= 7155632))

table 3 : explain SELECT k FROM sbtest3 WHERE k BETWEEN 7155532 AND 7155632
	Index Only Scan using k_3 on sbtest3  (cost=0.43..10.29 rows=93 width=4)
	  Index Cond: ((k >= 7155532) AND (k <= 7155632))

table 4 : explain SELECT k FROM sbtest4 WHERE k BETWEEN 7155532 AND 7155632
	Index Only Scan using k_4 on sbtest4  (cost=0.43..6.37 rows=97 width=4)
	  Index Cond: ((k >= 7155532) AND (k <= 7155632))

table 5 : explain SELECT k FROM sbtest5 WHERE k BETWEEN 7155532 AND 7155632
	Index Only Scan using k_5 on sbtest5  (cost=0.43..6.45 rows=101 width=4)
	  Index Cond: ((k >= 7155532) AND (k <= 7155632))

table 6 : explain SELECT k FROM sbtest6 WHERE k BETWEEN 7155532 AND 7155632
	Index Only Scan using k_6 on sbtest6  (cost=0.43..6.51 rows=104 width=4)
	  Index Cond: ((k >= 7155532) AND (k <= 7155632))

table 7 : explain SELECT k FROM sbtest7 WHERE k BETWEEN 7155532 AND 7155632
	Index Only Scan using k_7 on sbtest7  (cost=0.43..6.35 rows=96 width=4)
	  Index Cond: ((k >= 7155532) AND (k <= 7155632))

table 8 : explain SELECT k FROM sbtest8 WHERE k BETWEEN 7155532 AND 7155632
	Index Only Scan using k_8 on sbtest8  (cost=0.43..6.58 rows=107 width=4)
	  Index Cond: ((k >= 7155532) AND (k <= 7155632))

explain: for range-covered :: explain SELECT k FROM sbtest%d WHERE k BETWEEN 7155532 AND 7155632
for range-covered
table 1 : explain SELECT k FROM sbtest1 WHERE k BETWEEN 5452440 AND 5452540
	Index Only Scan using k_1 on sbtest1  (cost=0.43..6.56 rows=106 width=4)
	  Index Cond: ((k >= 5452440) AND (k <= 5452540))

table 2 : explain SELECT k FROM sbtest2 WHERE k BETWEEN 5452440 AND 5452540
	Index Only Scan using k_2 on sbtest2  (cost=0.43..6.43 rows=100 width=4)
	  Index Cond: ((k >= 5452440) AND (k <= 5452540))

table 3 : explain SELECT k FROM sbtest3 WHERE k BETWEEN 5452440 AND 5452540
	Index Only Scan using k_3 on sbtest3  (cost=0.43..10.50 rows=103 width=4)
	  Index Cond: ((k >= 5452440) AND (k <= 5452540))

table 4 : explain SELECT k FROM sbtest4 WHERE k BETWEEN 5452440 AND 5452540
	Index Only Scan using k_4 on sbtest4  (cost=0.43..6.50 rows=103 width=4)
	  Index Cond: ((k >= 5452440) AND (k <= 5452540))

table 5 : explain SELECT k FROM sbtest5 WHERE k BETWEEN 5452440 AND 5452540
	Index Only Scan using k_5 on sbtest5  (cost=0.43..6.37 rows=97 width=4)
	  Index Cond: ((k >= 5452440) AND (k <= 5452540))

table 6 : explain SELECT k FROM sbtest6 WHERE k BETWEEN 5452440 AND 5452540
	Index Only Scan using k_6 on sbtest6  (cost=0.43..6.59 rows=108 width=4)
	  Index Cond: ((k >= 5452440) AND (k <= 5452540))

table 7 : explain SELECT k FROM sbtest7 WHERE k BETWEEN 5452440 AND 5452540
	Index Only Scan using k_7 on sbtest7  (cost=0.43..6.63 rows=110 width=4)
	  Index Cond: ((k >= 5452440) AND (k <= 5452540))

table 8 : explain SELECT k FROM sbtest8 WHERE k BETWEEN 5452440 AND 5452540
	Index Only Scan using k_8 on sbtest8  (cost=0.43..6.42 rows=99 width=4)
	  Index Cond: ((k >= 5452440) AND (k <= 5452540))

for range-covered
table 1 : explain SELECT k FROM sbtest1 WHERE k BETWEEN 7166542 AND 7166642
	Index Only Scan using k_1 on sbtest1  (cost=0.43..6.74 rows=115 width=4)
	  Index Cond: ((k >= 7166542) AND (k <= 7166642))

table 2 : explain SELECT k FROM sbtest2 WHERE k BETWEEN 7166542 AND 7166642
	Index Only Scan using k_2 on sbtest2  (cost=0.43..6.67 rows=112 width=4)
	  Index Cond: ((k >= 7166542) AND (k <= 7166642))

table 3 : explain SELECT k FROM sbtest3 WHERE k BETWEEN 7166542 AND 7166642
	Index Only Scan using k_3 on sbtest3  (cost=0.43..10.29 rows=93 width=4)
	  Index Cond: ((k >= 7166542) AND (k <= 7166642))

table 4 : explain SELECT k FROM sbtest4 WHERE k BETWEEN 7166542 AND 7166642
	Index Only Scan using k_4 on sbtest4  (cost=0.43..6.37 rows=97 width=4)
	  Index Cond: ((k >= 7166542) AND (k <= 7166642))

table 5 : explain SELECT k FROM sbtest5 WHERE k BETWEEN 7166542 AND 7166642
	Index Only Scan using k_5 on sbtest5  (cost=0.43..6.45 rows=101 width=4)
	  Index Cond: ((k >= 7166542) AND (k <= 7166642))

table 6 : explain SELECT k FROM sbtest6 WHERE k BETWEEN 7166542 AND 7166642
	Index Only Scan using k_6 on sbtest6  (cost=0.43..6.51 rows=104 width=4)
	  Index Cond: ((k >= 7166542) AND (k <= 7166642))

table 7 : explain SELECT k FROM sbtest7 WHERE k BETWEEN 7166542 AND 7166642
	Index Only Scan using k_7 on sbtest7  (cost=0.43..6.35 rows=96 width=4)
	  Index Cond: ((k >= 7166542) AND (k <= 7166642))

table 8 : explain SELECT k FROM sbtest8 WHERE k BETWEEN 7166542 AND 7166642
	Index Only Scan using k_8 on sbtest8  (cost=0.43..6.58 rows=107 width=4)
	  Index Cond: ((k >= 7166542) AND (k <= 7166642))

explain: for range-covered :: explain SELECT k FROM sbtest%d WHERE k BETWEEN 5452440 AND 5452540
for range-covered
table 1 : explain SELECT k FROM sbtest1 WHERE k BETWEEN 8232422 AND 8232522
	Index Only Scan using k_1 on sbtest1  (cost=0.43..6.51 rows=104 width=4)
	  Index Cond: ((k >= 8232422) AND (k <= 8232522))

table 2 : explain SELECT k FROM sbtest2 WHERE k BETWEEN 8232422 AND 8232522
	Index Only Scan using k_2 on sbtest2  (cost=0.43..6.42 rows=99 width=4)
	  Index Cond: ((k >= 8232422) AND (k <= 8232522))

table 3 : explain SELECT k FROM sbtest3 WHERE k BETWEEN 8232422 AND 8232522
	Index Only Scan using k_3 on sbtest3  (cost=0.43..10.60 rows=108 width=4)
	  Index Cond: ((k >= 8232422) AND (k <= 8232522))

table 4 : explain SELECT k FROM sbtest4 WHERE k BETWEEN 8232422 AND 8232522
	Index Only Scan using k_4 on sbtest4  (cost=0.43..6.47 rows=102 width=4)
	  Index Cond: ((k >= 8232422) AND (k <= 8232522))

table 5 : explain SELECT k FROM sbtest5 WHERE k BETWEEN 8232422 AND 8232522
	Index Only Scan using k_5 on sbtest5  (cost=0.43..6.51 rows=104 width=4)
	  Index Cond: ((k >= 8232422) AND (k <= 8232522))

table 6 : explain SELECT k FROM sbtest6 WHERE k BETWEEN 8232422 AND 8232522
	Index Only Scan using k_6 on sbtest6  (cost=0.43..6.43 rows=100 width=4)
	  Index Cond: ((k >= 8232422) AND (k <= 8232522))

table 7 : explain SELECT k FROM sbtest7 WHERE k BETWEEN 8232422 AND 8232522
	Index Only Scan using k_7 on sbtest7  (cost=0.43..6.51 rows=104 width=4)
	  Index Cond: ((k >= 8232422) AND (k <= 8232522))

table 8 : explain SELECT k FROM sbtest8 WHERE k BETWEEN 8232422 AND 8232522
	Index Only Scan using k_8 on sbtest8  (cost=0.43..6.69 rows=113 width=4)
	  Index Cond: ((k >= 8232422) AND (k <= 8232522))

for range-covered
table 1 : explain SELECT k FROM sbtest1 WHERE k BETWEEN 4010669 AND 4010769
	Index Only Scan using k_1 on sbtest1  (cost=0.43..6.47 rows=102 width=4)
	  Index Cond: ((k >= 4010669) AND (k <= 4010769))

table 2 : explain SELECT k FROM sbtest2 WHERE k BETWEEN 4010669 AND 4010769
	Index Only Scan using k_2 on sbtest2  (cost=0.43..6.43 rows=100 width=4)
	  Index Cond: ((k >= 4010669) AND (k <= 4010769))

table 3 : explain SELECT k FROM sbtest3 WHERE k BETWEEN 4010669 AND 4010769
	Index Only Scan using k_3 on sbtest3  (cost=0.43..10.50 rows=103 width=4)
	  Index Cond: ((k >= 4010669) AND (k <= 4010769))

table 4 : explain SELECT k FROM sbtest4 WHERE k BETWEEN 4010669 AND 4010769
	Index Only Scan using k_4 on sbtest4  (cost=0.43..6.63 rows=110 width=4)
	  Index Cond: ((k >= 4010669) AND (k <= 4010769))

table 5 : explain SELECT k FROM sbtest5 WHERE k BETWEEN 4010669 AND 4010769
	Index Only Scan using k_5 on sbtest5  (cost=0.43..6.29 rows=93 width=4)
	  Index Cond: ((k >= 4010669) AND (k <= 4010769))

table 6 : explain SELECT k FROM sbtest6 WHERE k BETWEEN 4010669 AND 4010769
	Index Only Scan using k_6 on sbtest6  (cost=0.43..6.59 rows=108 width=4)
	  Index Cond: ((k >= 4010669) AND (k <= 4010769))

table 7 : explain SELECT k FROM sbtest7 WHERE k BETWEEN 4010669 AND 4010769
	Index Only Scan using k_7 on sbtest7  (cost=0.43..6.40 rows=98 width=4)
	  Index Cond: ((k >= 4010669) AND (k <= 4010769))

table 8 : explain SELECT k FROM sbtest8 WHERE k BETWEEN 4010669 AND 4010769
	Index Only Scan using k_8 on sbtest8  (cost=0.43..6.42 rows=99 width=4)
	  Index Cond: ((k >= 4010669) AND (k <= 4010769))

explain: for range-covered :: explain SELECT k FROM sbtest%d WHERE k BETWEEN 4010669 AND 4010769explain: for range-covered :: explain SELECT k FROM sbtest%d WHERE k BETWEEN 7166542 AND 7166642

for range-covered
table 1 : explain SELECT k FROM sbtest1 WHERE k BETWEEN 7155532 AND 7155632
	Index Only Scan using k_1 on sbtest1  (cost=0.43..6.74 rows=115 width=4)
	  Index Cond: ((k >= 7155532) AND (k <= 7155632))

table 2 : explain SELECT k FROM sbtest2 WHERE k BETWEEN 7155532 AND 7155632
	Index Only Scan using k_2 on sbtest2  (cost=0.43..6.67 rows=112 width=4)
	  Index Cond: ((k >= 7155532) AND (k <= 7155632))

table 3 : explain SELECT k FROM sbtest3 WHERE k BETWEEN 7155532 AND 7155632
	Index Only Scan using k_3 on sbtest3  (cost=0.43..10.29 rows=93 width=4)
	  Index Cond: ((k >= 7155532) AND (k <= 7155632))

table 4 : explain SELECT k FROM sbtest4 WHERE k BETWEEN 7155532 AND 7155632
	Index Only Scan using k_4 on sbtest4  (cost=0.43..6.37 rows=97 width=4)
	  Index Cond: ((k >= 7155532) AND (k <= 7155632))

table 5 : explain SELECT k FROM sbtest5 WHERE k BETWEEN 7155532 AND 7155632
	Index Only Scan using k_5 on sbtest5  (cost=0.43..6.45 rows=101 width=4)
	  Index Cond: ((k >= 7155532) AND (k <= 7155632))

table 6 : explain SELECT k FROM sbtest6 WHERE k BETWEEN 7155532 AND 7155632
	Index Only Scan using k_6 on sbtest6  (cost=0.43..6.51 rows=104 width=4)
	  Index Cond: ((k >= 7155532) AND (k <= 7155632))

table 7 : explain SELECT k FROM sbtest7 WHERE k BETWEEN 7155532 AND 7155632
	Index Only Scan using k_7 on sbtest7  (cost=0.43..6.35 rows=96 width=4)
	  Index Cond: ((k >= 7155532) AND (k <= 7155632))

table 8 : explain SELECT k FROM sbtest8 WHERE k BETWEEN 7155532 AND 7155632
	Index Only Scan using k_8 on sbtest8  (cost=0.43..6.58 rows=107 width=4)
	  Index Cond: ((k >= 7155532) AND (k <= 7155632))

explain: for range-covered :: explain SELECT k FROM sbtest%d WHERE k BETWEEN 7155532 AND 7155632
for range-covered
table 1 : explain SELECT k FROM sbtest1 WHERE k BETWEEN 5452440 AND 5452540
	Index Only Scan using k_1 on sbtest1  (cost=0.43..6.56 rows=106 width=4)
	  Index Cond: ((k >= 5452440) AND (k <= 5452540))

table 2 : explain SELECT k FROM sbtest2 WHERE k BETWEEN 5452440 AND 5452540
	Index Only Scan using k_2 on sbtest2  (cost=0.43..6.43 rows=100 width=4)
	  Index Cond: ((k >= 5452440) AND (k <= 5452540))

table 3 : explain SELECT k FROM sbtest3 WHERE k BETWEEN 5452440 AND 5452540
	Index Only Scan using k_3 on sbtest3  (cost=0.43..10.50 rows=103 width=4)
	  Index Cond: ((k >= 5452440) AND (k <= 5452540))

table 4 : explain SELECT k FROM sbtest4 WHERE k BETWEEN 5452440 AND 5452540
	Index Only Scan using k_4 on sbtest4  (cost=0.43..6.50 rows=103 width=4)
	  Index Cond: ((k >= 5452440) AND (k <= 5452540))

table 5 : explain SELECT k FROM sbtest5 WHERE k BETWEEN 5452440 AND 5452540
	Index Only Scan using k_5 on sbtest5  (cost=0.43..6.37 rows=97 width=4)
	  Index Cond: ((k >= 5452440) AND (k <= 5452540))

table 6 : explain SELECT k FROM sbtest6 WHERE k BETWEEN 5452440 AND 5452540
	Index Only Scan using k_6 on sbtest6  (cost=0.43..6.59 rows=108 width=4)
	  Index Cond: ((k >= 5452440) AND (k <= 5452540))

table 7 : explain SELECT k FROM sbtest7 WHERE k BETWEEN 5452440 AND 5452540
	Index Only Scan using k_7 on sbtest7  (cost=0.43..6.63 rows=110 width=4)
	  Index Cond: ((k >= 5452440) AND (k <= 5452540))

table 8 : explain SELECT k FROM sbtest8 WHERE k BETWEEN 5452440 AND 5452540
	Index Only Scan using k_8 on sbtest8  (cost=0.43..6.42 rows=99 width=4)
	  Index Cond: ((k >= 5452440) AND (k <= 5452540))

explain: for range-covered :: explain SELECT k FROM sbtest%d WHERE k BETWEEN 5452440 AND 5452540
for range-covered
table 1 : explain SELECT k FROM sbtest1 WHERE k BETWEEN 4010669 AND 4010769
	Index Only Scan using k_1 on sbtest1  (cost=0.43..6.47 rows=102 width=4)
	  Index Cond: ((k >= 4010669) AND (k <= 4010769))

table 2 : explain SELECT k FROM sbtest2 WHERE k BETWEEN 4010669 AND 4010769
	Index Only Scan using k_2 on sbtest2  (cost=0.43..6.43 rows=100 width=4)
	  Index Cond: ((k >= 4010669) AND (k <= 4010769))

table 3 : explain SELECT k FROM sbtest3 WHERE k BETWEEN 4010669 AND 4010769
	Index Only Scan using k_3 on sbtest3  (cost=0.43..10.50 rows=103 width=4)
	  Index Cond: ((k >= 4010669) AND (k <= 4010769))

table 4 : explain SELECT k FROM sbtest4 WHERE k BETWEEN 4010669 AND 4010769
	Index Only Scan using k_4 on sbtest4  (cost=0.43..6.63 rows=110 width=4)
	  Index Cond: ((k >= 4010669) AND (k <= 4010769))

table 5 : explain SELECT k FROM sbtest5 WHERE k BETWEEN 4010669 AND 4010769
	Index Only Scan using k_5 on sbtest5  (cost=0.43..6.29 rows=93 width=4)
	  Index Cond: ((k >= 4010669) AND (k <= 4010769))

table 6 : explain SELECT k FROM sbtest6 WHERE k BETWEEN 4010669 AND 4010769
	Index Only Scan using k_6 on sbtest6  (cost=0.43..6.59 rows=108 width=4)
	  Index Cond: ((k >= 4010669) AND (k <= 4010769))

table 7 : explain SELECT k FROM sbtest7 WHERE k BETWEEN 4010669 AND 4010769
	Index Only Scan using k_7 on sbtest7  (cost=0.43..6.40 rows=98 width=4)
	  Index Cond: ((k >= 4010669) AND (k <= 4010769))

table 8 : explain SELECT k FROM sbtest8 WHERE k BETWEEN 4010669 AND 4010769
	Index Only Scan using k_8 on sbtest8  (cost=0.43..6.42 rows=99 width=4)
	  Index Cond: ((k >= 4010669) AND (k <= 4010769))

explain: for range-covered :: explain SELECT k FROM sbtest%d WHERE k BETWEEN 4010669 AND 4010769
for range-covered
table 1 : explain SELECT k FROM sbtest1 WHERE k BETWEEN 7155532 AND 7155632
	Index Only Scan using k_1 on sbtest1  (cost=0.43..6.74 rows=115 width=4)
	  Index Cond: ((k >= 7155532) AND (k <= 7155632))

table 2 : explain SELECT k FROM sbtest2 WHERE k BETWEEN 7155532 AND 7155632
	Index Only Scan using k_2 on sbtest2  (cost=0.43..6.67 rows=112 width=4)
	  Index Cond: ((k >= 7155532) AND (k <= 7155632))

table 3 : explain SELECT k FROM sbtest3 WHERE k BETWEEN 7155532 AND 7155632
	Index Only Scan using k_3 on sbtest3  (cost=0.43..10.29 rows=93 width=4)
	  Index Cond: ((k >= 7155532) AND (k <= 7155632))

table 4 : explain SELECT k FROM sbtest4 WHERE k BETWEEN 7155532 AND 7155632
	Index Only Scan using k_4 on sbtest4  (cost=0.43..6.37 rows=97 width=4)
	  Index Cond: ((k >= 7155532) AND (k <= 7155632))

table 5 : explain SELECT k FROM sbtest5 WHERE k BETWEEN 7155532 AND 7155632
	Index Only Scan using k_5 on sbtest5  (cost=0.43..6.45 rows=101 width=4)
	  Index Cond: ((k >= 7155532) AND (k <= 7155632))

table 6 : explain SELECT k FROM sbtest6 WHERE k BETWEEN 7155532 AND 7155632
	Index Only Scan using k_6 on sbtest6  (cost=0.43..6.51 rows=104 width=4)
	  Index Cond: ((k >= 7155532) AND (k <= 7155632))

table 7 : explain SELECT k FROM sbtest7 WHERE k BETWEEN 7155532 AND 7155632
	Index Only Scan using k_7 on sbtest7  (cost=0.43..6.35 rows=96 width=4)
	  Index Cond: ((k >= 7155532) AND (k <= 7155632))

table 8 : explain SELECT k FROM sbtest8 WHERE k BETWEEN 7155532 AND 7155632
	Index Only Scan using k_8 on sbtest8  (cost=0.43..6.58 rows=107 width=4)
	  Index Cond: ((k >= 7155532) AND (k <= 7155632))

explain: for range-covered :: explain SELECT k FROM sbtest%d WHERE k BETWEEN 7155532 AND 7155632
for range-covered
table 1 : explain SELECT k FROM sbtest1 WHERE k BETWEEN 5452440 AND 5452540
	Index Only Scan using k_1 on sbtest1  (cost=0.43..6.56 rows=106 width=4)
	  Index Cond: ((k >= 5452440) AND (k <= 5452540))

table 2 : explain SELECT k FROM sbtest2 WHERE k BETWEEN 5452440 AND 5452540
	Index Only Scan using k_2 on sbtest2  (cost=0.43..6.43 rows=100 width=4)
	  Index Cond: ((k >= 5452440) AND (k <= 5452540))

table 3 : explain SELECT k FROM sbtest3 WHERE k BETWEEN 5452440 AND 5452540
	Index Only Scan using k_3 on sbtest3  (cost=0.43..10.50 rows=103 width=4)
	  Index Cond: ((k >= 5452440) AND (k <= 5452540))

table 4 : explain SELECT k FROM sbtest4 WHERE k BETWEEN 5452440 AND 5452540
	Index Only Scan using k_4 on sbtest4  (cost=0.43..6.50 rows=103 width=4)
	  Index Cond: ((k >= 5452440) AND (k <= 5452540))

table 5 : explain SELECT k FROM sbtest5 WHERE k BETWEEN 5452440 AND 5452540
	Index Only Scan using k_5 on sbtest5  (cost=0.43..6.37 rows=97 width=4)
	  Index Cond: ((k >= 5452440) AND (k <= 5452540))

table 6 : explain SELECT k FROM sbtest6 WHERE k BETWEEN 5452440 AND 5452540
	Index Only Scan using k_6 on sbtest6  (cost=0.43..6.59 rows=108 width=4)
	  Index Cond: ((k >= 5452440) AND (k <= 5452540))

table 7 : explain SELECT k FROM sbtest7 WHERE k BETWEEN 5452440 AND 5452540
	Index Only Scan using k_7 on sbtest7  (cost=0.43..6.63 rows=110 width=4)
	  Index Cond: ((k >= 5452440) AND (k <= 5452540))

table 8 : explain SELECT k FROM sbtest8 WHERE k BETWEEN 5452440 AND 5452540
	Index Only Scan using k_8 on sbtest8  (cost=0.43..6.42 rows=99 width=4)
	  Index Cond: ((k >= 5452440) AND (k <= 5452540))

explain: for range-covered :: explain SELECT k FROM sbtest%d WHERE k BETWEEN 5452440 AND 5452540
for range-covered
table 1 : explain SELECT k FROM sbtest1 WHERE k BETWEEN 7166542 AND 7166642
	Index Only Scan using k_1 on sbtest1  (cost=0.43..6.74 rows=115 width=4)
	  Index Cond: ((k >= 7166542) AND (k <= 7166642))

table 2 : explain SELECT k FROM sbtest2 WHERE k BETWEEN 7166542 AND 7166642
	Index Only Scan using k_2 on sbtest2  (cost=0.43..6.67 rows=112 width=4)
	  Index Cond: ((k >= 7166542) AND (k <= 7166642))

table 3 : explain SELECT k FROM sbtest3 WHERE k BETWEEN 7166542 AND 7166642
	Index Only Scan using k_3 on sbtest3  (cost=0.43..10.29 rows=93 width=4)
	  Index Cond: ((k >= 7166542) AND (k <= 7166642))

table 4 : explain SELECT k FROM sbtest4 WHERE k BETWEEN 7166542 AND 7166642
	Index Only Scan using k_4 on sbtest4  (cost=0.43..6.37 rows=97 width=4)
	  Index Cond: ((k >= 7166542) AND (k <= 7166642))

table 5 : explain SELECT k FROM sbtest5 WHERE k BETWEEN 7166542 AND 7166642
	Index Only Scan using k_5 on sbtest5  (cost=0.43..6.45 rows=101 width=4)
	  Index Cond: ((k >= 7166542) AND (k <= 7166642))

table 6 : explain SELECT k FROM sbtest6 WHERE k BETWEEN 7166542 AND 7166642
	Index Only Scan using k_6 on sbtest6  (cost=0.43..6.51 rows=104 width=4)
	  Index Cond: ((k >= 7166542) AND (k <= 7166642))

table 7 : explain SELECT k FROM sbtest7 WHERE k BETWEEN 7166542 AND 7166642
	Index Only Scan using k_7 on sbtest7  (cost=0.43..6.35 rows=96 width=4)
	  Index Cond: ((k >= 7166542) AND (k <= 7166642))

table 8 : explain SELECT k FROM sbtest8 WHERE k BETWEEN 7166542 AND 7166642
	Index Only Scan using k_8 on sbtest8  (cost=0.43..6.58 rows=107 width=4)
	  Index Cond: ((k >= 7166542) AND (k <= 7166642))

for range-covered
table 1 : explain SELECT k FROM sbtest1 WHERE k BETWEEN 4010669 AND 4010769
	Index Only Scan using k_1 on sbtest1  (cost=0.43..6.47 rows=102 width=4)
	  Index Cond: ((k >= 4010669) AND (k <= 4010769))

table 2 : explain SELECT k FROM sbtest2 WHERE k BETWEEN 4010669 AND 4010769
	Index Only Scan using k_2 on sbtest2  (cost=0.43..6.43 rows=100 width=4)
	  Index Cond: ((k >= 4010669) AND (k <= 4010769))

table 3 : explain SELECT k FROM sbtest3 WHERE k BETWEEN 4010669 AND 4010769
	Index Only Scan using k_3 on sbtest3  (cost=0.43..10.50 rows=103 width=4)
	  Index Cond: ((k >= 4010669) AND (k <= 4010769))

table 4 : explain SELECT k FROM sbtest4 WHERE k BETWEEN 4010669 AND 4010769
	Index Only Scan using k_4 on sbtest4  (cost=0.43..6.63 rows=110 width=4)
	  Index Cond: ((k >= 4010669) AND (k <= 4010769))

table 5 : explain SELECT k FROM sbtest5 WHERE k BETWEEN 4010669 AND 4010769
	Index Only Scan using k_5 on sbtest5  (cost=0.43..6.29 rows=93 width=4)
	  Index Cond: ((k >= 4010669) AND (k <= 4010769))

table 6 : explain SELECT k FROM sbtest6 WHERE k BETWEEN 4010669 AND 4010769
	Index Only Scan using k_6 on sbtest6  (cost=0.43..6.59 rows=108 width=4)
	  Index Cond: ((k >= 4010669) AND (k <= 4010769))

table 7 : explain SELECT k FROM sbtest7 WHERE k BETWEEN 4010669 AND 4010769
	Index Only Scan using k_7 on sbtest7  (cost=0.43..6.40 rows=98 width=4)
	  Index Cond: ((k >= 4010669) AND (k <= 4010769))

table 8 : explain SELECT k FROM sbtest8 WHERE k BETWEEN 4010669 AND 4010769
	Index Only Scan using k_8 on sbtest8  (cost=0.43..6.42 rows=99 width=4)
	  Index Cond: ((k >= 4010669) AND (k <= 4010769))

explain: for range-covered :: explain SELECT k FROM sbtest%d WHERE k BETWEEN 7166542 AND 7166642
explain: for range-covered :: explain SELECT k FROM sbtest%d WHERE k BETWEEN 4010669 AND 4010769
for range-covered
table 1 : explain SELECT k FROM sbtest1 WHERE k BETWEEN 7155532 AND 7155632
	Index Only Scan using k_1 on sbtest1  (cost=0.43..6.74 rows=115 width=4)
	  Index Cond: ((k >= 7155532) AND (k <= 7155632))

table 2 : explain SELECT k FROM sbtest2 WHERE k BETWEEN 7155532 AND 7155632
	Index Only Scan using k_2 on sbtest2  (cost=0.43..6.67 rows=112 width=4)
	  Index Cond: ((k >= 7155532) AND (k <= 7155632))

table 3 : explain SELECT k FROM sbtest3 WHERE k BETWEEN 7155532 AND 7155632
	Index Only Scan using k_3 on sbtest3  (cost=0.43..10.29 rows=93 width=4)
	  Index Cond: ((k >= 7155532) AND (k <= 7155632))

table 4 : explain SELECT k FROM sbtest4 WHERE k BETWEEN 7155532 AND 7155632
	Index Only Scan using k_4 on sbtest4  (cost=0.43..6.37 rows=97 width=4)
	  Index Cond: ((k >= 7155532) AND (k <= 7155632))

table 5 : explain SELECT k FROM sbtest5 WHERE k BETWEEN 7155532 AND 7155632
	Index Only Scan using k_5 on sbtest5  (cost=0.43..6.45 rows=101 width=4)
	  Index Cond: ((k >= 7155532) AND (k <= 7155632))

table 6 : explain SELECT k FROM sbtest6 WHERE k BETWEEN 7155532 AND 7155632
	Index Only Scan using k_6 on sbtest6  (cost=0.43..6.51 rows=104 width=4)
	  Index Cond: ((k >= 7155532) AND (k <= 7155632))

table 7 : explain SELECT k FROM sbtest7 WHERE k BETWEEN 7155532 AND 7155632
	Index Only Scan using k_7 on sbtest7  (cost=0.43..6.35 rows=96 width=4)
	  Index Cond: ((k >= 7155532) AND (k <= 7155632))

table 8 : explain SELECT k FROM sbtest8 WHERE k BETWEEN 7155532 AND 7155632
	Index Only Scan using k_8 on sbtest8  (cost=0.43..6.58 rows=107 width=4)
	  Index Cond: ((k >= 7155532) AND (k <= 7155632))

explain: for range-covered :: explain SELECT k FROM sbtest%d WHERE k BETWEEN 7155532 AND 7155632
for range-covered
table 1 : explain SELECT k FROM sbtest1 WHERE k BETWEEN 6529434 AND 6529534
	Index Only Scan using k_1 on sbtest1  (cost=0.43..6.59 rows=108 width=4)
	  Index Cond: ((k >= 6529434) AND (k <= 6529534))

table 2 : explain SELECT k FROM sbtest2 WHERE k BETWEEN 6529434 AND 6529534
	Index Only Scan using k_2 on sbtest2  (cost=0.43..6.47 rows=102 width=4)
	  Index Cond: ((k >= 6529434) AND (k <= 6529534))

table 3 : explain SELECT k FROM sbtest3 WHERE k BETWEEN 6529434 AND 6529534
	Index Only Scan using k_3 on sbtest3  (cost=0.43..10.60 rows=108 width=4)
	  Index Cond: ((k >= 6529434) AND (k <= 6529534))

table 4 : explain SELECT k FROM sbtest4 WHERE k BETWEEN 6529434 AND 6529534
	Index Only Scan using k_4 on sbtest4  (cost=0.43..6.45 rows=101 width=4)
	  Index Cond: ((k >= 6529434) AND (k <= 6529534))

table 5 : explain SELECT k FROM sbtest5 WHERE k BETWEEN 6529434 AND 6529534
	Index Only Scan using k_5 on sbtest5  (cost=0.43..6.37 rows=97 width=4)
	  Index Cond: ((k >= 6529434) AND (k <= 6529534))

table 6 : explain SELECT k FROM sbtest6 WHERE k BETWEEN 6529434 AND 6529534
	Index Only Scan using k_6 on sbtest6  (cost=0.43..6.50 rows=103 width=4)
	  Index Cond: ((k >= 6529434) AND (k <= 6529534))

table 7 : explain SELECT k FROM sbtest7 WHERE k BETWEEN 6529434 AND 6529534
	Index Only Scan using k_7 on sbtest7  (cost=0.43..6.58 rows=107 width=4)
	  Index Cond: ((k >= 6529434) AND (k <= 6529534))

table 8 : explain SELECT k FROM sbtest8 WHERE k BETWEEN 6529434 AND 6529534
	Index Only Scan using k_8 on sbtest8  (cost=0.43..6.43 rows=100 width=4)
	  Index Cond: ((k >= 6529434) AND (k <= 6529534))

for range-covered
table 1 : explain SELECT k FROM sbtest1 WHERE k BETWEEN 5452440 AND 5452540
	Index Only Scan using k_1 on sbtest1  (cost=0.43..6.56 rows=106 width=4)
	  Index Cond: ((k >= 5452440) AND (k <= 5452540))

table 2 : explain SELECT k FROM sbtest2 WHERE k BETWEEN 5452440 AND 5452540
	Index Only Scan using k_2 on sbtest2  (cost=0.43..6.43 rows=100 width=4)
	  Index Cond: ((k >= 5452440) AND (k <= 5452540))

table 3 : explain SELECT k FROM sbtest3 WHERE k BETWEEN 5452440 AND 5452540
	Index Only Scan using k_3 on sbtest3  (cost=0.43..10.50 rows=103 width=4)
	  Index Cond: ((k >= 5452440) AND (k <= 5452540))

table 4 : explain SELECT k FROM sbtest4 WHERE k BETWEEN 5452440 AND 5452540
	Index Only Scan using k_4 on sbtest4  (cost=0.43..6.50 rows=103 width=4)
	  Index Cond: ((k >= 5452440) AND (k <= 5452540))

table 5 : explain SELECT k FROM sbtest5 WHERE k BETWEEN 5452440 AND 5452540
	Index Only Scan using k_5 on sbtest5  (cost=0.43..6.37 rows=97 width=4)
	  Index Cond: ((k >= 5452440) AND (k <= 5452540))

table 6 : explain SELECT k FROM sbtest6 WHERE k BETWEEN 5452440 AND 5452540
	Index Only Scan using k_6 on sbtest6  (cost=0.43..6.59 rows=108 width=4)
	  Index Cond: ((k >= 5452440) AND (k <= 5452540))

table 7 : explain SELECT k FROM sbtest7 WHERE k BETWEEN 5452440 AND 5452540
	Index Only Scan using k_7 on sbtest7  (cost=0.43..6.63 rows=110 width=4)
	  Index Cond: ((k >= 5452440) AND (k <= 5452540))

table 8 : explain SELECT k FROM sbtest8 WHERE k BETWEEN 5452440 AND 5452540
	Index Only Scan using k_8 on sbtest8  (cost=0.43..6.42 rows=99 width=4)
	  Index Cond: ((k >= 5452440) AND (k <= 5452540))

explain: for range-covered :: explain SELECT k FROM sbtest%d WHERE k BETWEEN 5452440 AND 5452540
explain: for range-covered :: explain SELECT k FROM sbtest%d WHERE k BETWEEN 6529434 AND 6529534
for range-covered
table 1 : explain SELECT k FROM sbtest1 WHERE k BETWEEN 4010669 AND 4010769
	Index Only Scan using k_1 on sbtest1  (cost=0.43..6.47 rows=102 width=4)
	  Index Cond: ((k >= 4010669) AND (k <= 4010769))

table 2 : explain SELECT k FROM sbtest2 WHERE k BETWEEN 4010669 AND 4010769
	Index Only Scan using k_2 on sbtest2  (cost=0.43..6.43 rows=100 width=4)
	  Index Cond: ((k >= 4010669) AND (k <= 4010769))

table 3 : explain SELECT k FROM sbtest3 WHERE k BETWEEN 4010669 AND 4010769
	Index Only Scan using k_3 on sbtest3  (cost=0.43..10.50 rows=103 width=4)
	  Index Cond: ((k >= 4010669) AND (k <= 4010769))

table 4 : explain SELECT k FROM sbtest4 WHERE k BETWEEN 4010669 AND 4010769
	Index Only Scan using k_4 on sbtest4  (cost=0.43..6.63 rows=110 width=4)
	  Index Cond: ((k >= 4010669) AND (k <= 4010769))

table 5 : explain SELECT k FROM sbtest5 WHERE k BETWEEN 4010669 AND 4010769
	Index Only Scan using k_5 on sbtest5  (cost=0.43..6.29 rows=93 width=4)
	  Index Cond: ((k >= 4010669) AND (k <= 4010769))

table 6 : explain SELECT k FROM sbtest6 WHERE k BETWEEN 4010669 AND 4010769
	Index Only Scan using k_6 on sbtest6  (cost=0.43..6.59 rows=108 width=4)
	  Index Cond: ((k >= 4010669) AND (k <= 4010769))

table 7 : explain SELECT k FROM sbtest7 WHERE k BETWEEN 4010669 AND 4010769
	Index Only Scan using k_7 on sbtest7  (cost=0.43..6.40 rows=98 width=4)
	  Index Cond: ((k >= 4010669) AND (k <= 4010769))

table 8 : explain SELECT k FROM sbtest8 WHERE k BETWEEN 4010669 AND 4010769
	Index Only Scan using k_8 on sbtest8  (cost=0.43..6.42 rows=99 width=4)
	  Index Cond: ((k >= 4010669) AND (k <= 4010769))

explain: for range-covered :: explain SELECT k FROM sbtest%d WHERE k BETWEEN 4010669 AND 4010769
for range-covered
table 1 : explain SELECT k FROM sbtest1 WHERE k BETWEEN 7155532 AND 7155632
	Index Only Scan using k_1 on sbtest1  (cost=0.43..6.74 rows=115 width=4)
	  Index Cond: ((k >= 7155532) AND (k <= 7155632))

table 2 : explain SELECT k FROM sbtest2 WHERE k BETWEEN 7155532 AND 7155632
	Index Only Scan using k_2 on sbtest2  (cost=0.43..6.67 rows=112 width=4)
	  Index Cond: ((k >= 7155532) AND (k <= 7155632))

table 3 : explain SELECT k FROM sbtest3 WHERE k BETWEEN 7155532 AND 7155632
	Index Only Scan using k_3 on sbtest3  (cost=0.43..10.29 rows=93 width=4)
	  Index Cond: ((k >= 7155532) AND (k <= 7155632))

table 4 : explain SELECT k FROM sbtest4 WHERE k BETWEEN 7155532 AND 7155632
	Index Only Scan using k_4 on sbtest4  (cost=0.43..6.37 rows=97 width=4)
	  Index Cond: ((k >= 7155532) AND (k <= 7155632))

table 5 : explain SELECT k FROM sbtest5 WHERE k BETWEEN 7155532 AND 7155632
	Index Only Scan using k_5 on sbtest5  (cost=0.43..6.45 rows=101 width=4)
	  Index Cond: ((k >= 7155532) AND (k <= 7155632))

table 6 : explain SELECT k FROM sbtest6 WHERE k BETWEEN 7155532 AND 7155632
	Index Only Scan using k_6 on sbtest6  (cost=0.43..6.51 rows=104 width=4)
	  Index Cond: ((k >= 7155532) AND (k <= 7155632))

table 7 : explain SELECT k FROM sbtest7 WHERE k BETWEEN 7155532 AND 7155632
	Index Only Scan using k_7 on sbtest7  (cost=0.43..6.35 rows=96 width=4)
	  Index Cond: ((k >= 7155532) AND (k <= 7155632))

table 8 : explain SELECT k FROM sbtest8 WHERE k BETWEEN 7155532 AND 7155632
	Index Only Scan using k_8 on sbtest8  (cost=0.43..6.58 rows=107 width=4)
	  Index Cond: ((k >= 7155532) AND (k <= 7155632))

explain: for range-covered :: explain SELECT k FROM sbtest%d WHERE k BETWEEN 7155532 AND 7155632
for range-covered
table 1 : explain SELECT k FROM sbtest1 WHERE k BETWEEN 5452440 AND 5452540
	Index Only Scan using k_1 on sbtest1  (cost=0.43..6.56 rows=106 width=4)
	  Index Cond: ((k >= 5452440) AND (k <= 5452540))

table 2 : explain SELECT k FROM sbtest2 WHERE k BETWEEN 5452440 AND 5452540
	Index Only Scan using k_2 on sbtest2  (cost=0.43..6.43 rows=100 width=4)
	  Index Cond: ((k >= 5452440) AND (k <= 5452540))

table 3 : explain SELECT k FROM sbtest3 WHERE k BETWEEN 5452440 AND 5452540
	Index Only Scan using k_3 on sbtest3  (cost=0.43..10.50 rows=103 width=4)
	  Index Cond: ((k >= 5452440) AND (k <= 5452540))

table 4 : explain SELECT k FROM sbtest4 WHERE k BETWEEN 5452440 AND 5452540
	Index Only Scan using k_4 on sbtest4  (cost=0.43..6.50 rows=103 width=4)
	  Index Cond: ((k >= 5452440) AND (k <= 5452540))

table 5 : explain SELECT k FROM sbtest5 WHERE k BETWEEN 5452440 AND 5452540
	Index Only Scan using k_5 on sbtest5  (cost=0.43..6.37 rows=97 width=4)
	  Index Cond: ((k >= 5452440) AND (k <= 5452540))

table 6 : explain SELECT k FROM sbtest6 WHERE k BETWEEN 5452440 AND 5452540
	Index Only Scan using k_6 on sbtest6  (cost=0.43..6.59 rows=108 width=4)
	  Index Cond: ((k >= 5452440) AND (k <= 5452540))

table 7 : explain SELECT k FROM sbtest7 WHERE k BETWEEN 5452440 AND 5452540
	Index Only Scan using k_7 on sbtest7  (cost=0.43..6.63 rows=110 width=4)
	  Index Cond: ((k >= 5452440) AND (k <= 5452540))

table 8 : explain SELECT k FROM sbtest8 WHERE k BETWEEN 5452440 AND 5452540
	Index Only Scan using k_8 on sbtest8  (cost=0.43..6.42 rows=99 width=4)
	  Index Cond: ((k >= 5452440) AND (k <= 5452540))

for range-covered
table 1 : explain SELECT k FROM sbtest1 WHERE k BETWEEN 7166542 AND 7166642
	Index Only Scan using k_1 on sbtest1  (cost=0.43..6.74 rows=115 width=4)
	  Index Cond: ((k >= 7166542) AND (k <= 7166642))

table 2 : explain SELECT k FROM sbtest2 WHERE k BETWEEN 7166542 AND 7166642
	Index Only Scan using k_2 on sbtest2  (cost=0.43..6.67 rows=112 width=4)
	  Index Cond: ((k >= 7166542) AND (k <= 7166642))

table 3 : explain SELECT k FROM sbtest3 WHERE k BETWEEN 7166542 AND 7166642
	Index Only Scan using k_3 on sbtest3  (cost=0.43..10.29 rows=93 width=4)
	  Index Cond: ((k >= 7166542) AND (k <= 7166642))

table 4 : explain SELECT k FROM sbtest4 WHERE k BETWEEN 7166542 AND 7166642
	Index Only Scan using k_4 on sbtest4  (cost=0.43..6.37 rows=97 width=4)
	  Index Cond: ((k >= 7166542) AND (k <= 7166642))

table 5 : explain SELECT k FROM sbtest5 WHERE k BETWEEN 7166542 AND 7166642
	Index Only Scan using k_5 on sbtest5  (cost=0.43..6.45 rows=101 width=4)
	  Index Cond: ((k >= 7166542) AND (k <= 7166642))

table 6 : explain SELECT k FROM sbtest6 WHERE k BETWEEN 7166542 AND 7166642
	Index Only Scan using k_6 on sbtest6  (cost=0.43..6.51 rows=104 width=4)
	  Index Cond: ((k >= 7166542) AND (k <= 7166642))

table 7 : explain SELECT k FROM sbtest7 WHERE k BETWEEN 7166542 AND 7166642
	Index Only Scan using k_7 on sbtest7  (cost=0.43..6.35 rows=96 width=4)
	  Index Cond: ((k >= 7166542) AND (k <= 7166642))

table 8 : explain SELECT k FROM sbtest8 WHERE k BETWEEN 7166542 AND 7166642
	Index Only Scan using k_8 on sbtest8  (cost=0.43..6.58 rows=107 width=4)
	  Index Cond: ((k >= 7166542) AND (k <= 7166642))

for range-covered
table 1 : explain SELECT k FROM sbtest1 WHERE k BETWEEN 4010669 AND 4010769
	Index Only Scan using k_1 on sbtest1  (cost=0.43..6.47 rows=102 width=4)
	  Index Cond: ((k >= 4010669) AND (k <= 4010769))

table 2 : explain SELECT k FROM sbtest2 WHERE k BETWEEN 4010669 AND 4010769
	Index Only Scan using k_2 on sbtest2  (cost=0.43..6.43 rows=100 width=4)
	  Index Cond: ((k >= 4010669) AND (k <= 4010769))

table 3 : explain SELECT k FROM sbtest3 WHERE k BETWEEN 4010669 AND 4010769
	Index Only Scan using k_3 on sbtest3  (cost=0.43..10.50 rows=103 width=4)
	  Index Cond: ((k >= 4010669) AND (k <= 4010769))

table 4 : explain SELECT k FROM sbtest4 WHERE k BETWEEN 4010669 AND 4010769
	Index Only Scan using k_4 on sbtest4  (cost=0.43..6.63 rows=110 width=4)
	  Index Cond: ((k >= 4010669) AND (k <= 4010769))

table 5 : explain SELECT k FROM sbtest5 WHERE k BETWEEN 4010669 AND 4010769
	Index Only Scan using k_5 on sbtest5  (cost=0.43..6.29 rows=93 width=4)
	  Index Cond: ((k >= 4010669) AND (k <= 4010769))

table 6 : explain SELECT k FROM sbtest6 WHERE k BETWEEN 4010669 AND 4010769
	Index Only Scan using k_6 on sbtest6  (cost=0.43..6.59 rows=108 width=4)
	  Index Cond: ((k >= 4010669) AND (k <= 4010769))

table 7 : explain SELECT k FROM sbtest7 WHERE k BETWEEN 4010669 AND 4010769
	Index Only Scan using k_7 on sbtest7  (cost=0.43..6.40 rows=98 width=4)
	  Index Cond: ((k >= 4010669) AND (k <= 4010769))

table 8 : explain SELECT k FROM sbtest8 WHERE k BETWEEN 4010669 AND 4010769
	Index Only Scan using k_8 on sbtest8  (cost=0.43..6.42 rows=99 width=4)
	  Index Cond: ((k >= 4010669) AND (k <= 4010769))

explain: for range-covered :: explain SELECT k FROM sbtest%d WHERE k BETWEEN 4010669 AND 4010769
explain: for range-covered :: explain SELECT k FROM sbtest%d WHERE k BETWEEN 3934420 AND 3934520
explain: for range-covered :: explain SELECT k FROM sbtest%d WHERE k BETWEEN 7166542 AND 7166642
for range-covered
table 1 : explain SELECT k FROM sbtest1 WHERE k BETWEEN 7155532 AND 7155632
	Index Only Scan using k_1 on sbtest1  (cost=0.43..6.74 rows=115 width=4)
	  Index Cond: ((k >= 7155532) AND (k <= 7155632))

table 2 : explain SELECT k FROM sbtest2 WHERE k BETWEEN 7155532 AND 7155632
	Index Only Scan using k_2 on sbtest2  (cost=0.43..6.67 rows=112 width=4)
	  Index Cond: ((k >= 7155532) AND (k <= 7155632))

table 3 : explain SELECT k FROM sbtest3 WHERE k BETWEEN 7155532 AND 7155632
	Index Only Scan using k_3 on sbtest3  (cost=0.43..10.29 rows=93 width=4)
	  Index Cond: ((k >= 7155532) AND (k <= 7155632))

table 4 : explain SELECT k FROM sbtest4 WHERE k BETWEEN 7155532 AND 7155632
	Index Only Scan using k_4 on sbtest4  (cost=0.43..6.37 rows=97 width=4)
	  Index Cond: ((k >= 7155532) AND (k <= 7155632))

table 5 : explain SELECT k FROM sbtest5 WHERE k BETWEEN 7155532 AND 7155632
	Index Only Scan using k_5 on sbtest5  (cost=0.43..6.45 rows=101 width=4)
	  Index Cond: ((k >= 7155532) AND (k <= 7155632))

table 6 : explain SELECT k FROM sbtest6 WHERE k BETWEEN 7155532 AND 7155632
	Index Only Scan using k_6 on sbtest6  (cost=0.43..6.51 rows=104 width=4)
	  Index Cond: ((k >= 7155532) AND (k <= 7155632))

table 7 : explain SELECT k FROM sbtest7 WHERE k BETWEEN 7155532 AND 7155632
	Index Only Scan using k_7 on sbtest7  (cost=0.43..6.35 rows=96 width=4)
	  Index Cond: ((k >= 7155532) AND (k <= 7155632))

table 8 : explain SELECT k FROM sbtest8 WHERE k BETWEEN 7155532 AND 7155632
	Index Only Scan using k_8 on sbtest8  (cost=0.43..6.58 rows=107 width=4)
	  Index Cond: ((k >= 7155532) AND (k <= 7155632))

explain: for range-covered :: explain SELECT k FROM sbtest%d WHERE k BETWEEN 7155532 AND 7155632
for range-covered
table 1 : explain SELECT k FROM sbtest1 WHERE k BETWEEN 6529434 AND 6529534
	Index Only Scan using k_1 on sbtest1  (cost=0.43..6.59 rows=108 width=4)
	  Index Cond: ((k >= 6529434) AND (k <= 6529534))

table 2 : explain SELECT k FROM sbtest2 WHERE k BETWEEN 6529434 AND 6529534
	Index Only Scan using k_2 on sbtest2  (cost=0.43..6.47 rows=102 width=4)
	  Index Cond: ((k >= 6529434) AND (k <= 6529534))

table 3 : explain SELECT k FROM sbtest3 WHERE k BETWEEN 6529434 AND 6529534
	Index Only Scan using k_3 on sbtest3  (cost=0.43..10.60 rows=108 width=4)
	  Index Cond: ((k >= 6529434) AND (k <= 6529534))

table 4 : explain SELECT k FROM sbtest4 WHERE k BETWEEN 6529434 AND 6529534
	Index Only Scan using k_4 on sbtest4  (cost=0.43..6.45 rows=101 width=4)
	  Index Cond: ((k >= 6529434) AND (k <= 6529534))

table 5 : explain SELECT k FROM sbtest5 WHERE k BETWEEN 6529434 AND 6529534
	Index Only Scan using k_5 on sbtest5  (cost=0.43..6.37 rows=97 width=4)
	  Index Cond: ((k >= 6529434) AND (k <= 6529534))

table 6 : explain SELECT k FROM sbtest6 WHERE k BETWEEN 6529434 AND 6529534
	Index Only Scan using k_6 on sbtest6  (cost=0.43..6.50 rows=103 width=4)
	  Index Cond: ((k >= 6529434) AND (k <= 6529534))

table 7 : explain SELECT k FROM sbtest7 WHERE k BETWEEN 6529434 AND 6529534
	Index Only Scan using k_7 on sbtest7  (cost=0.43..6.58 rows=107 width=4)
	  Index Cond: ((k >= 6529434) AND (k <= 6529534))

table 8 : explain SELECT k FROM sbtest8 WHERE k BETWEEN 6529434 AND 6529534
	Index Only Scan using k_8 on sbtest8  (cost=0.43..6.43 rows=100 width=4)
	  Index Cond: ((k >= 6529434) AND (k <= 6529534))

for range-covered
table 1 : explain SELECT k FROM sbtest1 WHERE k BETWEEN 4010669 AND 4010769
	Index Only Scan using k_1 on sbtest1  (cost=0.43..6.47 rows=102 width=4)
	  Index Cond: ((k >= 4010669) AND (k <= 4010769))

table 2 : explain SELECT k FROM sbtest2 WHERE k BETWEEN 4010669 AND 4010769
	Index Only Scan using k_2 on sbtest2  (cost=0.43..6.43 rows=100 width=4)
	  Index Cond: ((k >= 4010669) AND (k <= 4010769))

table 3 : explain SELECT k FROM sbtest3 WHERE k BETWEEN 4010669 AND 4010769
	Index Only Scan using k_3 on sbtest3  (cost=0.43..10.50 rows=103 width=4)
	  Index Cond: ((k >= 4010669) AND (k <= 4010769))

table 4 : explain SELECT k FROM sbtest4 WHERE k BETWEEN 4010669 AND 4010769
	Index Only Scan using k_4 on sbtest4  (cost=0.43..6.63 rows=110 width=4)
	  Index Cond: ((k >= 4010669) AND (k <= 4010769))

table 5 : explain SELECT k FROM sbtest5 WHERE k BETWEEN 4010669 AND 4010769
	Index Only Scan using k_5 on sbtest5  (cost=0.43..6.29 rows=93 width=4)
	  Index Cond: ((k >= 4010669) AND (k <= 4010769))

table 6 : explain SELECT k FROM sbtest6 WHERE k BETWEEN 4010669 AND 4010769
	Index Only Scan using k_6 on sbtest6  (cost=0.43..6.59 rows=108 width=4)
	  Index Cond: ((k >= 4010669) AND (k <= 4010769))

table 7 : explain SELECT k FROM sbtest7 WHERE k BETWEEN 4010669 AND 4010769
	Index Only Scan using k_7 on sbtest7  (cost=0.43..6.40 rows=98 width=4)
	  Index Cond: ((k >= 4010669) AND (k <= 4010769))

table 8 : explain SELECT k FROM sbtest8 WHERE k BETWEEN 4010669 AND 4010769
	Index Only Scan using k_8 on sbtest8  (cost=0.43..6.42 rows=99 width=4)
	  Index Cond: ((k >= 4010669) AND (k <= 4010769))

explain: for range-covered :: explain SELECT k FROM sbtest%d WHERE k BETWEEN 6529434 AND 6529534
for range-covered
table 1 : explain SELECT k FROM sbtest1 WHERE k BETWEEN 7155532 AND 7155632
	Index Only Scan using k_1 on sbtest1  (cost=0.43..6.74 rows=115 width=4)
	  Index Cond: ((k >= 7155532) AND (k <= 7155632))

table 2 : explain SELECT k FROM sbtest2 WHERE k BETWEEN 7155532 AND 7155632
	Index Only Scan using k_2 on sbtest2  (cost=0.43..6.67 rows=112 width=4)
	  Index Cond: ((k >= 7155532) AND (k <= 7155632))

table 3 : explain SELECT k FROM sbtest3 WHERE k BETWEEN 7155532 AND 7155632
	Index Only Scan using k_3 on sbtest3  (cost=0.43..10.29 rows=93 width=4)
	  Index Cond: ((k >= 7155532) AND (k <= 7155632))

table 4 : explain SELECT k FROM sbtest4 WHERE k BETWEEN 7155532 AND 7155632
	Index Only Scan using k_4 on sbtest4  (cost=0.43..6.37 rows=97 width=4)
	  Index Cond: ((k >= 7155532) AND (k <= 7155632))

table 5 : explain SELECT k FROM sbtest5 WHERE k BETWEEN 7155532 AND 7155632
	Index Only Scan using k_5 on sbtest5  (cost=0.43..6.45 rows=101 width=4)
	  Index Cond: ((k >= 7155532) AND (k <= 7155632))

table 6 : explain SELECT k FROM sbtest6 WHERE k BETWEEN 7155532 AND 7155632
	Index Only Scan using k_6 on sbtest6  (cost=0.43..6.51 rows=104 width=4)
	  Index Cond: ((k >= 7155532) AND (k <= 7155632))

table 7 : explain SELECT k FROM sbtest7 WHERE k BETWEEN 7155532 AND 7155632
	Index Only Scan using k_7 on sbtest7  (cost=0.43..6.35 rows=96 width=4)
	  Index Cond: ((k >= 7155532) AND (k <= 7155632))

table 8 : explain SELECT k FROM sbtest8 WHERE k BETWEEN 7155532 AND 7155632
	Index Only Scan using k_8 on sbtest8  (cost=0.43..6.58 rows=107 width=4)
	  Index Cond: ((k >= 7155532) AND (k <= 7155632))

for range-covered
table 1 : explain SELECT k FROM sbtest1 WHERE k BETWEEN 7166542 AND 7166642
	Index Only Scan using k_1 on sbtest1  (cost=0.43..6.74 rows=115 width=4)
	  Index Cond: ((k >= 7166542) AND (k <= 7166642))

table 2 : explain SELECT k FROM sbtest2 WHERE k BETWEEN 7166542 AND 7166642
	Index Only Scan using k_2 on sbtest2  (cost=0.43..6.67 rows=112 width=4)
	  Index Cond: ((k >= 7166542) AND (k <= 7166642))

table 3 : explain SELECT k FROM sbtest3 WHERE k BETWEEN 7166542 AND 7166642
	Index Only Scan using k_3 on sbtest3  (cost=0.43..10.29 rows=93 width=4)
	  Index Cond: ((k >= 7166542) AND (k <= 7166642))

table 4 : explain SELECT k FROM sbtest4 WHERE k BETWEEN 7166542 AND 7166642
	Index Only Scan using k_4 on sbtest4  (cost=0.43..6.37 rows=97 width=4)
	  Index Cond: ((k >= 7166542) AND (k <= 7166642))

table 5 : explain SELECT k FROM sbtest5 WHERE k BETWEEN 7166542 AND 7166642
	Index Only Scan using k_5 on sbtest5  (cost=0.43..6.45 rows=101 width=4)
	  Index Cond: ((k >= 7166542) AND (k <= 7166642))

table 6 : explain SELECT k FROM sbtest6 WHERE k BETWEEN 7166542 AND 7166642
	Index Only Scan using k_6 on sbtest6  (cost=0.43..6.51 rows=104 width=4)
	  Index Cond: ((k >= 7166542) AND (k <= 7166642))

table 7 : explain SELECT k FROM sbtest7 WHERE k BETWEEN 7166542 AND 7166642
	Index Only Scan using k_7 on sbtest7  (cost=0.43..6.35 rows=96 width=4)
	  Index Cond: ((k >= 7166542) AND (k <= 7166642))

table 8 : explain SELECT k FROM sbtest8 WHERE k BETWEEN 7166542 AND 7166642
	Index Only Scan using k_8 on sbtest8  (cost=0.43..6.58 rows=107 width=4)
	  Index Cond: ((k >= 7166542) AND (k <= 7166642))

explain: for range-covered :: explain SELECT k FROM sbtest%d WHERE k BETWEEN 7166542 AND 7166642
for range-covered
table 1 : explain SELECT k FROM sbtest1 WHERE k BETWEEN 6529434 AND 6529534
	Index Only Scan using k_1 on sbtest1  (cost=0.43..6.59 rows=108 width=4)
	  Index Cond: ((k >= 6529434) AND (k <= 6529534))

table 2 : explain SELECT k FROM sbtest2 WHERE k BETWEEN 6529434 AND 6529534
	Index Only Scan using k_2 on sbtest2  (cost=0.43..6.47 rows=102 width=4)
	  Index Cond: ((k >= 6529434) AND (k <= 6529534))

table 3 : explain SELECT k FROM sbtest3 WHERE k BETWEEN 6529434 AND 6529534
	Index Only Scan using k_3 on sbtest3  (cost=0.43..10.60 rows=108 width=4)
	  Index Cond: ((k >= 6529434) AND (k <= 6529534))

table 4 : explain SELECT k FROM sbtest4 WHERE k BETWEEN 6529434 AND 6529534
	Index Only Scan using k_4 on sbtest4  (cost=0.43..6.45 rows=101 width=4)
	  Index Cond: ((k >= 6529434) AND (k <= 6529534))

table 5 : explain SELECT k FROM sbtest5 WHERE k BETWEEN 6529434 AND 6529534
	Index Only Scan using k_5 on sbtest5  (cost=0.43..6.37 rows=97 width=4)
	  Index Cond: ((k >= 6529434) AND (k <= 6529534))

table 6 : explain SELECT k FROM sbtest6 WHERE k BETWEEN 6529434 AND 6529534
	Index Only Scan using k_6 on sbtest6  (cost=0.43..6.50 rows=103 width=4)
	  Index Cond: ((k >= 6529434) AND (k <= 6529534))

table 7 : explain SELECT k FROM sbtest7 WHERE k BETWEEN 6529434 AND 6529534
	Index Only Scan using k_7 on sbtest7  (cost=0.43..6.58 rows=107 width=4)
	  Index Cond: ((k >= 6529434) AND (k <= 6529534))

table 8 : explain SELECT k FROM sbtest8 WHERE k BETWEEN 6529434 AND 6529534
	Index Only Scan using k_8 on sbtest8  (cost=0.43..6.43 rows=100 width=4)
	  Index Cond: ((k >= 6529434) AND (k <= 6529534))

explain: for range-covered :: explain SELECT k FROM sbtest%d WHERE k BETWEEN 6529434 AND 6529534
explain: for range-covered :: explain SELECT k FROM sbtest%d WHERE k BETWEEN 2767686 AND 2767786
explain: for range-covered :: explain SELECT k FROM sbtest%d WHERE k BETWEEN 6825587 AND 6825687
for range-covered
table 1 : explain SELECT k FROM sbtest1 WHERE k BETWEEN 3934420 AND 3934520
	Index Only Scan using k_1 on sbtest1  (cost=0.43..6.47 rows=102 width=4)
	  Index Cond: ((k >= 3934420) AND (k <= 3934520))

table 2 : explain SELECT k FROM sbtest2 WHERE k BETWEEN 3934420 AND 3934520
	Index Only Scan using k_2 on sbtest2  (cost=0.43..6.56 rows=106 width=4)
	  Index Cond: ((k >= 3934420) AND (k <= 3934520))

table 3 : explain SELECT k FROM sbtest3 WHERE k BETWEEN 3934420 AND 3934520
	Index Only Scan using k_3 on sbtest3  (cost=0.43..10.36 rows=96 width=4)
	  Index Cond: ((k >= 3934420) AND (k <= 3934520))

table 4 : explain SELECT k FROM sbtest4 WHERE k BETWEEN 3934420 AND 3934520
	Index Only Scan using k_4 on sbtest4  (cost=0.43..6.66 rows=111 width=4)
	  Index Cond: ((k >= 3934420) AND (k <= 3934520))

table 5 : explain SELECT k FROM sbtest5 WHERE k BETWEEN 3934420 AND 3934520
	Index Only Scan using k_5 on sbtest5  (cost=0.43..6.37 rows=97 width=4)
	  Index Cond: ((k >= 3934420) AND (k <= 3934520))

table 6 : explain SELECT k FROM sbtest6 WHERE k BETWEEN 3934420 AND 3934520
	Index Only Scan using k_6 on sbtest6  (cost=0.43..6.42 rows=99 width=4)
	  Index Cond: ((k >= 3934420) AND (k <= 3934520))

table 7 : explain SELECT k FROM sbtest7 WHERE k BETWEEN 3934420 AND 3934520
	Index Only Scan using k_7 on sbtest7  (cost=0.43..6.42 rows=99 width=4)
	  Index Cond: ((k >= 3934420) AND (k <= 3934520))

table 8 : explain SELECT k FROM sbtest8 WHERE k BETWEEN 3934420 AND 3934520
	Index Only Scan using k_8 on sbtest8  (cost=0.43..6.35 rows=96 width=4)
	  Index Cond: ((k >= 3934420) AND (k <= 3934520))

explain: for range-covered :: explain SELECT k FROM sbtest%d WHERE k BETWEEN 3934420 AND 3934520
for range-covered
table 1 : explain SELECT k FROM sbtest1 WHERE k BETWEEN 7166542 AND 7166642
	Index Only Scan using k_1 on sbtest1  (cost=0.43..6.74 rows=115 width=4)
	  Index Cond: ((k >= 7166542) AND (k <= 7166642))

table 2 : explain SELECT k FROM sbtest2 WHERE k BETWEEN 7166542 AND 7166642
	Index Only Scan using k_2 on sbtest2  (cost=0.43..6.67 rows=112 width=4)
	  Index Cond: ((k >= 7166542) AND (k <= 7166642))

table 3 : explain SELECT k FROM sbtest3 WHERE k BETWEEN 7166542 AND 7166642
	Index Only Scan using k_3 on sbtest3  (cost=0.43..10.29 rows=93 width=4)
	  Index Cond: ((k >= 7166542) AND (k <= 7166642))

table 4 : explain SELECT k FROM sbtest4 WHERE k BETWEEN 7166542 AND 7166642
	Index Only Scan using k_4 on sbtest4  (cost=0.43..6.37 rows=97 width=4)
	  Index Cond: ((k >= 7166542) AND (k <= 7166642))

table 5 : explain SELECT k FROM sbtest5 WHERE k BETWEEN 7166542 AND 7166642
	Index Only Scan using k_5 on sbtest5  (cost=0.43..6.45 rows=101 width=4)
	  Index Cond: ((k >= 7166542) AND (k <= 7166642))

table 6 : explain SELECT k FROM sbtest6 WHERE k BETWEEN 7166542 AND 7166642
	Index Only Scan using k_6 on sbtest6  (cost=0.43..6.51 rows=104 width=4)
	  Index Cond: ((k >= 7166542) AND (k <= 7166642))

table 7 : explain SELECT k FROM sbtest7 WHERE k BETWEEN 7166542 AND 7166642
	Index Only Scan using k_7 on sbtest7  (cost=0.43..6.35 rows=96 width=4)
	  Index Cond: ((k >= 7166542) AND (k <= 7166642))

table 8 : explain SELECT k FROM sbtest8 WHERE k BETWEEN 7166542 AND 7166642
	Index Only Scan using k_8 on sbtest8  (cost=0.43..6.58 rows=107 width=4)
	  Index Cond: ((k >= 7166542) AND (k <= 7166642))

explain: for range-covered :: explain SELECT k FROM sbtest%d WHERE k BETWEEN 7166542 AND 7166642
for range-covered
table 1 : explain SELECT k FROM sbtest1 WHERE k BETWEEN 3934420 AND 3934520
	Index Only Scan using k_1 on sbtest1  (cost=0.43..6.47 rows=102 width=4)
	  Index Cond: ((k >= 3934420) AND (k <= 3934520))

table 2 : explain SELECT k FROM sbtest2 WHERE k BETWEEN 3934420 AND 3934520
	Index Only Scan using k_2 on sbtest2  (cost=0.43..6.56 rows=106 width=4)
	  Index Cond: ((k >= 3934420) AND (k <= 3934520))

table 3 : explain SELECT k FROM sbtest3 WHERE k BETWEEN 3934420 AND 3934520
	Index Only Scan using k_3 on sbtest3  (cost=0.43..10.36 rows=96 width=4)
	  Index Cond: ((k >= 3934420) AND (k <= 3934520))

table 4 : explain SELECT k FROM sbtest4 WHERE k BETWEEN 3934420 AND 3934520
	Index Only Scan using k_4 on sbtest4  (cost=0.43..6.66 rows=111 width=4)
	  Index Cond: ((k >= 3934420) AND (k <= 3934520))

table 5 : explain SELECT k FROM sbtest5 WHERE k BETWEEN 3934420 AND 3934520
	Index Only Scan using k_5 on sbtest5  (cost=0.43..6.37 rows=97 width=4)
	  Index Cond: ((k >= 3934420) AND (k <= 3934520))

table 6 : explain SELECT k FROM sbtest6 WHERE k BETWEEN 3934420 AND 3934520
	Index Only Scan using k_6 on sbtest6  (cost=0.43..6.42 rows=99 width=4)
	  Index Cond: ((k >= 3934420) AND (k <= 3934520))

table 7 : explain SELECT k FROM sbtest7 WHERE k BETWEEN 3934420 AND 3934520
	Index Only Scan using k_7 on sbtest7  (cost=0.43..6.42 rows=99 width=4)
	  Index Cond: ((k >= 3934420) AND (k <= 3934520))

table 8 : explain SELECT k FROM sbtest8 WHERE k BETWEEN 3934420 AND 3934520
	Index Only Scan using k_8 on sbtest8  (cost=0.43..6.35 rows=96 width=4)
	  Index Cond: ((k >= 3934420) AND (k <= 3934520))

explain: for range-covered :: explain SELECT k FROM sbtest%d WHERE k BETWEEN 3934420 AND 3934520
for range-covered
table 1 : explain SELECT k FROM sbtest1 WHERE k BETWEEN 6529434 AND 6529534
	Index Only Scan using k_1 on sbtest1  (cost=0.43..6.59 rows=108 width=4)
	  Index Cond: ((k >= 6529434) AND (k <= 6529534))

table 2 : explain SELECT k FROM sbtest2 WHERE k BETWEEN 6529434 AND 6529534
	Index Only Scan using k_2 on sbtest2  (cost=0.43..6.47 rows=102 width=4)
	  Index Cond: ((k >= 6529434) AND (k <= 6529534))

table 3 : explain SELECT k FROM sbtest3 WHERE k BETWEEN 6529434 AND 6529534
	Index Only Scan using k_3 on sbtest3  (cost=0.43..10.60 rows=108 width=4)
	  Index Cond: ((k >= 6529434) AND (k <= 6529534))

table 4 : explain SELECT k FROM sbtest4 WHERE k BETWEEN 6529434 AND 6529534
	Index Only Scan using k_4 on sbtest4  (cost=0.43..6.45 rows=101 width=4)
	  Index Cond: ((k >= 6529434) AND (k <= 6529534))

table 5 : explain SELECT k FROM sbtest5 WHERE k BETWEEN 6529434 AND 6529534
	Index Only Scan using k_5 on sbtest5  (cost=0.43..6.37 rows=97 width=4)
	  Index Cond: ((k >= 6529434) AND (k <= 6529534))

table 6 : explain SELECT k FROM sbtest6 WHERE k BETWEEN 6529434 AND 6529534
	Index Only Scan using k_6 on sbtest6  (cost=0.43..6.50 rows=103 width=4)
	  Index Cond: ((k >= 6529434) AND (k <= 6529534))

table 7 : explain SELECT k FROM sbtest7 WHERE k BETWEEN 6529434 AND 6529534
	Index Only Scan using k_7 on sbtest7  (cost=0.43..6.58 rows=107 width=4)
	  Index Cond: ((k >= 6529434) AND (k <= 6529534))

table 8 : explain SELECT k FROM sbtest8 WHERE k BETWEEN 6529434 AND 6529534
	Index Only Scan using k_8 on sbtest8  (cost=0.43..6.43 rows=100 width=4)
	  Index Cond: ((k >= 6529434) AND (k <= 6529534))

explain: for range-covered :: explain SELECT k FROM sbtest%d WHERE k BETWEEN 6529434 AND 6529534
for range-covered
table 1 : explain SELECT k FROM sbtest1 WHERE k BETWEEN 3934420 AND 3934520
	Index Only Scan using k_1 on sbtest1  (cost=0.43..6.47 rows=102 width=4)
	  Index Cond: ((k >= 3934420) AND (k <= 3934520))

table 2 : explain SELECT k FROM sbtest2 WHERE k BETWEEN 3934420 AND 3934520
	Index Only Scan using k_2 on sbtest2  (cost=0.43..6.56 rows=106 width=4)
	  Index Cond: ((k >= 3934420) AND (k <= 3934520))

table 3 : explain SELECT k FROM sbtest3 WHERE k BETWEEN 3934420 AND 3934520
	Index Only Scan using k_3 on sbtest3  (cost=0.43..10.36 rows=96 width=4)
	  Index Cond: ((k >= 3934420) AND (k <= 3934520))

table 4 : explain SELECT k FROM sbtest4 WHERE k BETWEEN 3934420 AND 3934520
	Index Only Scan using k_4 on sbtest4  (cost=0.43..6.66 rows=111 width=4)
	  Index Cond: ((k >= 3934420) AND (k <= 3934520))

table 5 : explain SELECT k FROM sbtest5 WHERE k BETWEEN 3934420 AND 3934520
	Index Only Scan using k_5 on sbtest5  (cost=0.43..6.37 rows=97 width=4)
	  Index Cond: ((k >= 3934420) AND (k <= 3934520))

table 6 : explain SELECT k FROM sbtest6 WHERE k BETWEEN 3934420 AND 3934520
	Index Only Scan using k_6 on sbtest6  (cost=0.43..6.42 rows=99 width=4)
	  Index Cond: ((k >= 3934420) AND (k <= 3934520))

table 7 : explain SELECT k FROM sbtest7 WHERE k BETWEEN 3934420 AND 3934520
	Index Only Scan using k_7 on sbtest7  (cost=0.43..6.42 rows=99 width=4)
	  Index Cond: ((k >= 3934420) AND (k <= 3934520))

table 8 : explain SELECT k FROM sbtest8 WHERE k BETWEEN 3934420 AND 3934520
	Index Only Scan using k_8 on sbtest8  (cost=0.43..6.35 rows=96 width=4)
	  Index Cond: ((k >= 3934420) AND (k <= 3934520))

explain: for range-covered :: explain SELECT k FROM sbtest%d WHERE k BETWEEN 3934420 AND 3934520
for range-covered
table 1 : explain SELECT k FROM sbtest1 WHERE k BETWEEN 7166542 AND 7166642
	Index Only Scan using k_1 on sbtest1  (cost=0.43..6.74 rows=115 width=4)
	  Index Cond: ((k >= 7166542) AND (k <= 7166642))

table 2 : explain SELECT k FROM sbtest2 WHERE k BETWEEN 7166542 AND 7166642
	Index Only Scan using k_2 on sbtest2  (cost=0.43..6.67 rows=112 width=4)
	  Index Cond: ((k >= 7166542) AND (k <= 7166642))

table 3 : explain SELECT k FROM sbtest3 WHERE k BETWEEN 7166542 AND 7166642
	Index Only Scan using k_3 on sbtest3  (cost=0.43..10.29 rows=93 width=4)
	  Index Cond: ((k >= 7166542) AND (k <= 7166642))

table 4 : explain SELECT k FROM sbtest4 WHERE k BETWEEN 7166542 AND 7166642
	Index Only Scan using k_4 on sbtest4  (cost=0.43..6.37 rows=97 width=4)
	  Index Cond: ((k >= 7166542) AND (k <= 7166642))

table 5 : explain SELECT k FROM sbtest5 WHERE k BETWEEN 7166542 AND 7166642
	Index Only Scan using k_5 on sbtest5  (cost=0.43..6.45 rows=101 width=4)
	  Index Cond: ((k >= 7166542) AND (k <= 7166642))

table 6 : explain SELECT k FROM sbtest6 WHERE k BETWEEN 7166542 AND 7166642
	Index Only Scan using k_6 on sbtest6  (cost=0.43..6.51 rows=104 width=4)
	  Index Cond: ((k >= 7166542) AND (k <= 7166642))

table 7 : explain SELECT k FROM sbtest7 WHERE k BETWEEN 7166542 AND 7166642
	Index Only Scan using k_7 on sbtest7  (cost=0.43..6.35 rows=96 width=4)
	  Index Cond: ((k >= 7166542) AND (k <= 7166642))

table 8 : explain SELECT k FROM sbtest8 WHERE k BETWEEN 7166542 AND 7166642
	Index Only Scan using k_8 on sbtest8  (cost=0.43..6.58 rows=107 width=4)
	  Index Cond: ((k >= 7166542) AND (k <= 7166642))

explain: for range-covered :: explain SELECT k FROM sbtest%d WHERE k BETWEEN 7166542 AND 7166642
for range-covered
table 1 : explain SELECT k FROM sbtest1 WHERE k BETWEEN 3934420 AND 3934520
	Index Only Scan using k_1 on sbtest1  (cost=0.43..6.47 rows=102 width=4)
	  Index Cond: ((k >= 3934420) AND (k <= 3934520))

table 2 : explain SELECT k FROM sbtest2 WHERE k BETWEEN 3934420 AND 3934520
	Index Only Scan using k_2 on sbtest2  (cost=0.43..6.56 rows=106 width=4)
	  Index Cond: ((k >= 3934420) AND (k <= 3934520))

table 3 : explain SELECT k FROM sbtest3 WHERE k BETWEEN 3934420 AND 3934520
	Index Only Scan using k_3 on sbtest3  (cost=0.43..10.36 rows=96 width=4)
	  Index Cond: ((k >= 3934420) AND (k <= 3934520))

table 4 : explain SELECT k FROM sbtest4 WHERE k BETWEEN 3934420 AND 3934520
	Index Only Scan using k_4 on sbtest4  (cost=0.43..6.66 rows=111 width=4)
	  Index Cond: ((k >= 3934420) AND (k <= 3934520))

table 5 : explain SELECT k FROM sbtest5 WHERE k BETWEEN 3934420 AND 3934520
	Index Only Scan using k_5 on sbtest5  (cost=0.43..6.37 rows=97 width=4)
	  Index Cond: ((k >= 3934420) AND (k <= 3934520))

table 6 : explain SELECT k FROM sbtest6 WHERE k BETWEEN 3934420 AND 3934520
	Index Only Scan using k_6 on sbtest6  (cost=0.43..6.42 rows=99 width=4)
	  Index Cond: ((k >= 3934420) AND (k <= 3934520))

table 7 : explain SELECT k FROM sbtest7 WHERE k BETWEEN 3934420 AND 3934520
	Index Only Scan using k_7 on sbtest7  (cost=0.43..6.42 rows=99 width=4)
	  Index Cond: ((k >= 3934420) AND (k <= 3934520))

table 8 : explain SELECT k FROM sbtest8 WHERE k BETWEEN 3934420 AND 3934520
	Index Only Scan using k_8 on sbtest8  (cost=0.43..6.35 rows=96 width=4)
	  Index Cond: ((k >= 3934420) AND (k <= 3934520))

explain: for range-covered :: explain SELECT k FROM sbtest%d WHERE k BETWEEN 3934420 AND 3934520
for range-covered
table 1 : explain SELECT k FROM sbtest1 WHERE k BETWEEN 2767686 AND 2767786
	Index Only Scan using k_1 on sbtest1  (cost=0.43..6.51 rows=104 width=4)
	  Index Cond: ((k >= 2767686) AND (k <= 2767786))

table 2 : explain SELECT k FROM sbtest2 WHERE k BETWEEN 2767686 AND 2767786
	Index Only Scan using k_2 on sbtest2  (cost=0.43..6.45 rows=101 width=4)
	  Index Cond: ((k >= 2767686) AND (k <= 2767786))

table 3 : explain SELECT k FROM sbtest3 WHERE k BETWEEN 2767686 AND 2767786
	Index Only Scan using k_3 on sbtest3  (cost=0.43..10.47 rows=102 width=4)
	  Index Cond: ((k >= 2767686) AND (k <= 2767786))

table 4 : explain SELECT k FROM sbtest4 WHERE k BETWEEN 2767686 AND 2767786
	Index Only Scan using k_4 on sbtest4  (cost=0.43..6.47 rows=102 width=4)
	  Index Cond: ((k >= 2767686) AND (k <= 2767786))

table 5 : explain SELECT k FROM sbtest5 WHERE k BETWEEN 2767686 AND 2767786
	Index Only Scan using k_5 on sbtest5  (cost=0.43..6.43 rows=100 width=4)
	  Index Cond: ((k >= 2767686) AND (k <= 2767786))

table 6 : explain SELECT k FROM sbtest6 WHERE k BETWEEN 2767686 AND 2767786
	Index Only Scan using k_6 on sbtest6  (cost=0.43..6.24 rows=90 width=4)
	  Index Cond: ((k >= 2767686) AND (k <= 2767786))

table 7 : explain SELECT k FROM sbtest7 WHERE k BETWEEN 2767686 AND 2767786
	Index Only Scan using k_7 on sbtest7  (cost=0.43..6.33 rows=95 width=4)
	  Index Cond: ((k >= 2767686) AND (k <= 2767786))

table 8 : explain SELECT k FROM sbtest8 WHERE k BETWEEN 2767686 AND 2767786
	Index Only Scan using k_8 on sbtest8  (cost=0.43..6.37 rows=97 width=4)
	  Index Cond: ((k >= 2767686) AND (k <= 2767786))

for range-covered
table 1 : explain SELECT k FROM sbtest1 WHERE k BETWEEN 6825587 AND 6825687
	Index Only Scan using k_1 on sbtest1  (cost=0.43..6.58 rows=107 width=4)
	  Index Cond: ((k >= 6825587) AND (k <= 6825687))

table 2 : explain SELECT k FROM sbtest2 WHERE k BETWEEN 6825587 AND 6825687
	Index Only Scan using k_2 on sbtest2  (cost=0.43..6.58 rows=107 width=4)
	  Index Cond: ((k >= 6825587) AND (k <= 6825687))

table 3 : explain SELECT k FROM sbtest3 WHERE k BETWEEN 6825587 AND 6825687
	Index Only Scan using k_3 on sbtest3  (cost=0.43..10.46 rows=101 width=4)
	  Index Cond: ((k >= 6825587) AND (k <= 6825687))

table 4 : explain SELECT k FROM sbtest4 WHERE k BETWEEN 6825587 AND 6825687
	Index Only Scan using k_4 on sbtest4  (cost=0.43..6.61 rows=109 width=4)
	  Index Cond: ((k >= 6825587) AND (k <= 6825687))

table 5 : explain SELECT k FROM sbtest5 WHERE k BETWEEN 6825587 AND 6825687
	Index Only Scan using k_5 on sbtest5  (cost=0.43..6.51 rows=104 width=4)
	  Index Cond: ((k >= 6825587) AND (k <= 6825687))

table 6 : explain SELECT k FROM sbtest6 WHERE k BETWEEN 6825587 AND 6825687
	Index Only Scan using k_6 on sbtest6  (cost=0.43..6.47 rows=102 width=4)
	  Index Cond: ((k >= 6825587) AND (k <= 6825687))

table 7 : explain SELECT k FROM sbtest7 WHERE k BETWEEN 6825587 AND 6825687
	Index Only Scan using k_7 on sbtest7  (cost=0.43..6.69 rows=113 width=4)
	  Index Cond: ((k >= 6825587) AND (k <= 6825687))

table 8 : explain SELECT k FROM sbtest8 WHERE k BETWEEN 6825587 AND 6825687
	Index Only Scan using k_8 on sbtest8  (cost=0.43..6.59 rows=108 width=4)
	  Index Cond: ((k >= 6825587) AND (k <= 6825687))

explain: for range-covered :: explain SELECT k FROM sbtest%d WHERE k BETWEEN 2767686 AND 2767786
explain: for range-covered :: explain SELECT k FROM sbtest%d WHERE k BETWEEN 6825587 AND 6825687
for range-covered
table 1 : explain SELECT k FROM sbtest1 WHERE k BETWEEN 6529434 AND 6529534
	Index Only Scan using k_1 on sbtest1  (cost=0.43..6.59 rows=108 width=4)
	  Index Cond: ((k >= 6529434) AND (k <= 6529534))

table 2 : explain SELECT k FROM sbtest2 WHERE k BETWEEN 6529434 AND 6529534
	Index Only Scan using k_2 on sbtest2  (cost=0.43..6.47 rows=102 width=4)
	  Index Cond: ((k >= 6529434) AND (k <= 6529534))

table 3 : explain SELECT k FROM sbtest3 WHERE k BETWEEN 6529434 AND 6529534
	Index Only Scan using k_3 on sbtest3  (cost=0.43..10.60 rows=108 width=4)
	  Index Cond: ((k >= 6529434) AND (k <= 6529534))

table 4 : explain SELECT k FROM sbtest4 WHERE k BETWEEN 6529434 AND 6529534
	Index Only Scan using k_4 on sbtest4  (cost=0.43..6.45 rows=101 width=4)
	  Index Cond: ((k >= 6529434) AND (k <= 6529534))

table 5 : explain SELECT k FROM sbtest5 WHERE k BETWEEN 6529434 AND 6529534
	Index Only Scan using k_5 on sbtest5  (cost=0.43..6.37 rows=97 width=4)
	  Index Cond: ((k >= 6529434) AND (k <= 6529534))

table 6 : explain SELECT k FROM sbtest6 WHERE k BETWEEN 6529434 AND 6529534
	Index Only Scan using k_6 on sbtest6  (cost=0.43..6.50 rows=103 width=4)
	  Index Cond: ((k >= 6529434) AND (k <= 6529534))

table 7 : explain SELECT k FROM sbtest7 WHERE k BETWEEN 6529434 AND 6529534
	Index Only Scan using k_7 on sbtest7  (cost=0.43..6.58 rows=107 width=4)
	  Index Cond: ((k >= 6529434) AND (k <= 6529534))

table 8 : explain SELECT k FROM sbtest8 WHERE k BETWEEN 6529434 AND 6529534
	Index Only Scan using k_8 on sbtest8  (cost=0.43..6.43 rows=100 width=4)
	  Index Cond: ((k >= 6529434) AND (k <= 6529534))

explain: for range-covered :: explain SELECT k FROM sbtest%d WHERE k BETWEEN 6529434 AND 6529534
for range-covered
table 1 : explain SELECT k FROM sbtest1 WHERE k BETWEEN 3934420 AND 3934520
	Index Only Scan using k_1 on sbtest1  (cost=0.43..6.47 rows=102 width=4)
	  Index Cond: ((k >= 3934420) AND (k <= 3934520))

table 2 : explain SELECT k FROM sbtest2 WHERE k BETWEEN 3934420 AND 3934520
	Index Only Scan using k_2 on sbtest2  (cost=0.43..6.56 rows=106 width=4)
	  Index Cond: ((k >= 3934420) AND (k <= 3934520))

table 3 : explain SELECT k FROM sbtest3 WHERE k BETWEEN 3934420 AND 3934520
	Index Only Scan using k_3 on sbtest3  (cost=0.43..10.36 rows=96 width=4)
	  Index Cond: ((k >= 3934420) AND (k <= 3934520))

table 4 : explain SELECT k FROM sbtest4 WHERE k BETWEEN 3934420 AND 3934520
	Index Only Scan using k_4 on sbtest4  (cost=0.43..6.66 rows=111 width=4)
	  Index Cond: ((k >= 3934420) AND (k <= 3934520))

table 5 : explain SELECT k FROM sbtest5 WHERE k BETWEEN 3934420 AND 3934520
	Index Only Scan using k_5 on sbtest5  (cost=0.43..6.37 rows=97 width=4)
	  Index Cond: ((k >= 3934420) AND (k <= 3934520))

table 6 : explain SELECT k FROM sbtest6 WHERE k BETWEEN 3934420 AND 3934520
	Index Only Scan using k_6 on sbtest6  (cost=0.43..6.42 rows=99 width=4)
	  Index Cond: ((k >= 3934420) AND (k <= 3934520))

table 7 : explain SELECT k FROM sbtest7 WHERE k BETWEEN 3934420 AND 3934520
	Index Only Scan using k_7 on sbtest7  (cost=0.43..6.42 rows=99 width=4)
	  Index Cond: ((k >= 3934420) AND (k <= 3934520))

table 8 : explain SELECT k FROM sbtest8 WHERE k BETWEEN 3934420 AND 3934520
	Index Only Scan using k_8 on sbtest8  (cost=0.43..6.35 rows=96 width=4)
	  Index Cond: ((k >= 3934420) AND (k <= 3934520))

explain: for range-covered :: explain SELECT k FROM sbtest%d WHERE k BETWEEN 3934420 AND 3934520
explain: for range-covered :: explain SELECT k FROM sbtest%d WHERE k BETWEEN 5378992 AND 5379092
for range-covered
table 1 : explain SELECT k FROM sbtest1 WHERE k BETWEEN 2767686 AND 2767786
	Index Only Scan using k_1 on sbtest1  (cost=0.43..6.51 rows=104 width=4)
	  Index Cond: ((k >= 2767686) AND (k <= 2767786))

table 2 : explain SELECT k FROM sbtest2 WHERE k BETWEEN 2767686 AND 2767786
	Index Only Scan using k_2 on sbtest2  (cost=0.43..6.45 rows=101 width=4)
	  Index Cond: ((k >= 2767686) AND (k <= 2767786))

table 3 : explain SELECT k FROM sbtest3 WHERE k BETWEEN 2767686 AND 2767786
	Index Only Scan using k_3 on sbtest3  (cost=0.43..10.47 rows=102 width=4)
	  Index Cond: ((k >= 2767686) AND (k <= 2767786))

table 4 : explain SELECT k FROM sbtest4 WHERE k BETWEEN 2767686 AND 2767786
	Index Only Scan using k_4 on sbtest4  (cost=0.43..6.47 rows=102 width=4)
	  Index Cond: ((k >= 2767686) AND (k <= 2767786))

table 5 : explain SELECT k FROM sbtest5 WHERE k BETWEEN 2767686 AND 2767786
	Index Only Scan using k_5 on sbtest5  (cost=0.43..6.43 rows=100 width=4)
	  Index Cond: ((k >= 2767686) AND (k <= 2767786))

table 6 : explain SELECT k FROM sbtest6 WHERE k BETWEEN 2767686 AND 2767786
	Index Only Scan using k_6 on sbtest6  (cost=0.43..6.24 rows=90 width=4)
	  Index Cond: ((k >= 2767686) AND (k <= 2767786))

table 7 : explain SELECT k FROM sbtest7 WHERE k BETWEEN 2767686 AND 2767786
	Index Only Scan using k_7 on sbtest7  (cost=0.43..6.33 rows=95 width=4)
	  Index Cond: ((k >= 2767686) AND (k <= 2767786))

table 8 : explain SELECT k FROM sbtest8 WHERE k BETWEEN 2767686 AND 2767786
	Index Only Scan using k_8 on sbtest8  (cost=0.43..6.37 rows=97 width=4)
	  Index Cond: ((k >= 2767686) AND (k <= 2767786))

for range-covered
table 1 : explain SELECT k FROM sbtest1 WHERE k BETWEEN 6825587 AND 6825687
	Index Only Scan using k_1 on sbtest1  (cost=0.43..6.58 rows=107 width=4)
	  Index Cond: ((k >= 6825587) AND (k <= 6825687))

table 2 : explain SELECT k FROM sbtest2 WHERE k BETWEEN 6825587 AND 6825687
	Index Only Scan using k_2 on sbtest2  (cost=0.43..6.58 rows=107 width=4)
	  Index Cond: ((k >= 6825587) AND (k <= 6825687))

table 3 : explain SELECT k FROM sbtest3 WHERE k BETWEEN 6825587 AND 6825687
	Index Only Scan using k_3 on sbtest3  (cost=0.43..10.46 rows=101 width=4)
	  Index Cond: ((k >= 6825587) AND (k <= 6825687))

table 4 : explain SELECT k FROM sbtest4 WHERE k BETWEEN 6825587 AND 6825687
	Index Only Scan using k_4 on sbtest4  (cost=0.43..6.61 rows=109 width=4)
	  Index Cond: ((k >= 6825587) AND (k <= 6825687))

table 5 : explain SELECT k FROM sbtest5 WHERE k BETWEEN 6825587 AND 6825687
	Index Only Scan using k_5 on sbtest5  (cost=0.43..6.51 rows=104 width=4)
	  Index Cond: ((k >= 6825587) AND (k <= 6825687))

table 6 : explain SELECT k FROM sbtest6 WHERE k BETWEEN 6825587 AND 6825687
	Index Only Scan using k_6 on sbtest6  (cost=0.43..6.47 rows=102 width=4)
	  Index Cond: ((k >= 6825587) AND (k <= 6825687))

table 7 : explain SELECT k FROM sbtest7 WHERE k BETWEEN 6825587 AND 6825687
	Index Only Scan using k_7 on sbtest7  (cost=0.43..6.69 rows=113 width=4)
	  Index Cond: ((k >= 6825587) AND (k <= 6825687))

table 8 : explain SELECT k FROM sbtest8 WHERE k BETWEEN 6825587 AND 6825687
	Index Only Scan using k_8 on sbtest8  (cost=0.43..6.59 rows=108 width=4)
	  Index Cond: ((k >= 6825587) AND (k <= 6825687))

explain: for range-covered :: explain SELECT k FROM sbtest%d WHERE k BETWEEN 2767686 AND 2767786
explain: for range-covered :: explain SELECT k FROM sbtest%d WHERE k BETWEEN 6825587 AND 6825687
for range-covered
table 1 : explain SELECT k FROM sbtest1 WHERE k BETWEEN 7166542 AND 7166642
	Index Only Scan using k_1 on sbtest1  (cost=0.43..6.74 rows=115 width=4)
	  Index Cond: ((k >= 7166542) AND (k <= 7166642))

table 2 : explain SELECT k FROM sbtest2 WHERE k BETWEEN 7166542 AND 7166642
	Index Only Scan using k_2 on sbtest2  (cost=0.43..6.67 rows=112 width=4)
	  Index Cond: ((k >= 7166542) AND (k <= 7166642))

table 3 : explain SELECT k FROM sbtest3 WHERE k BETWEEN 7166542 AND 7166642
	Index Only Scan using k_3 on sbtest3  (cost=0.43..10.29 rows=93 width=4)
	  Index Cond: ((k >= 7166542) AND (k <= 7166642))

table 4 : explain SELECT k FROM sbtest4 WHERE k BETWEEN 7166542 AND 7166642
	Index Only Scan using k_4 on sbtest4  (cost=0.43..6.37 rows=97 width=4)
	  Index Cond: ((k >= 7166542) AND (k <= 7166642))

table 5 : explain SELECT k FROM sbtest5 WHERE k BETWEEN 7166542 AND 7166642
	Index Only Scan using k_5 on sbtest5  (cost=0.43..6.45 rows=101 width=4)
	  Index Cond: ((k >= 7166542) AND (k <= 7166642))

table 6 : explain SELECT k FROM sbtest6 WHERE k BETWEEN 7166542 AND 7166642
	Index Only Scan using k_6 on sbtest6  (cost=0.43..6.51 rows=104 width=4)
	  Index Cond: ((k >= 7166542) AND (k <= 7166642))

table 7 : explain SELECT k FROM sbtest7 WHERE k BETWEEN 7166542 AND 7166642
	Index Only Scan using k_7 on sbtest7  (cost=0.43..6.35 rows=96 width=4)
	  Index Cond: ((k >= 7166542) AND (k <= 7166642))

table 8 : explain SELECT k FROM sbtest8 WHERE k BETWEEN 7166542 AND 7166642
	Index Only Scan using k_8 on sbtest8  (cost=0.43..6.58 rows=107 width=4)
	  Index Cond: ((k >= 7166542) AND (k <= 7166642))

explain: for range-covered :: explain SELECT k FROM sbtest%d WHERE k BETWEEN 7166542 AND 7166642
for range-covered
table 1 : explain SELECT k FROM sbtest1 WHERE k BETWEEN 3934420 AND 3934520
	Index Only Scan using k_1 on sbtest1  (cost=0.43..6.47 rows=102 width=4)
	  Index Cond: ((k >= 3934420) AND (k <= 3934520))

table 2 : explain SELECT k FROM sbtest2 WHERE k BETWEEN 3934420 AND 3934520
	Index Only Scan using k_2 on sbtest2  (cost=0.43..6.56 rows=106 width=4)
	  Index Cond: ((k >= 3934420) AND (k <= 3934520))

table 3 : explain SELECT k FROM sbtest3 WHERE k BETWEEN 3934420 AND 3934520
	Index Only Scan using k_3 on sbtest3  (cost=0.43..10.36 rows=96 width=4)
	  Index Cond: ((k >= 3934420) AND (k <= 3934520))

table 4 : explain SELECT k FROM sbtest4 WHERE k BETWEEN 3934420 AND 3934520
	Index Only Scan using k_4 on sbtest4  (cost=0.43..6.66 rows=111 width=4)
	  Index Cond: ((k >= 3934420) AND (k <= 3934520))

table 5 : explain SELECT k FROM sbtest5 WHERE k BETWEEN 3934420 AND 3934520
	Index Only Scan using k_5 on sbtest5  (cost=0.43..6.37 rows=97 width=4)
	  Index Cond: ((k >= 3934420) AND (k <= 3934520))

table 6 : explain SELECT k FROM sbtest6 WHERE k BETWEEN 3934420 AND 3934520
	Index Only Scan using k_6 on sbtest6  (cost=0.43..6.42 rows=99 width=4)
	  Index Cond: ((k >= 3934420) AND (k <= 3934520))

table 7 : explain SELECT k FROM sbtest7 WHERE k BETWEEN 3934420 AND 3934520
	Index Only Scan using k_7 on sbtest7  (cost=0.43..6.42 rows=99 width=4)
	  Index Cond: ((k >= 3934420) AND (k <= 3934520))

table 8 : explain SELECT k FROM sbtest8 WHERE k BETWEEN 3934420 AND 3934520
	Index Only Scan using k_8 on sbtest8  (cost=0.43..6.35 rows=96 width=4)
	  Index Cond: ((k >= 3934420) AND (k <= 3934520))

explain: for range-covered :: explain SELECT k FROM sbtest%d WHERE k BETWEEN 3934420 AND 3934520
for range-covered
table 1 : explain SELECT k FROM sbtest1 WHERE k BETWEEN 2767686 AND 2767786
	Index Only Scan using k_1 on sbtest1  (cost=0.43..6.51 rows=104 width=4)
	  Index Cond: ((k >= 2767686) AND (k <= 2767786))

table 2 : explain SELECT k FROM sbtest2 WHERE k BETWEEN 2767686 AND 2767786
	Index Only Scan using k_2 on sbtest2  (cost=0.43..6.45 rows=101 width=4)
	  Index Cond: ((k >= 2767686) AND (k <= 2767786))

table 3 : explain SELECT k FROM sbtest3 WHERE k BETWEEN 2767686 AND 2767786
	Index Only Scan using k_3 on sbtest3  (cost=0.43..10.47 rows=102 width=4)
	  Index Cond: ((k >= 2767686) AND (k <= 2767786))

table 4 : explain SELECT k FROM sbtest4 WHERE k BETWEEN 2767686 AND 2767786
	Index Only Scan using k_4 on sbtest4  (cost=0.43..6.47 rows=102 width=4)
	  Index Cond: ((k >= 2767686) AND (k <= 2767786))

table 5 : explain SELECT k FROM sbtest5 WHERE k BETWEEN 2767686 AND 2767786
	Index Only Scan using k_5 on sbtest5  (cost=0.43..6.43 rows=100 width=4)
	  Index Cond: ((k >= 2767686) AND (k <= 2767786))

table 6 : explain SELECT k FROM sbtest6 WHERE k BETWEEN 2767686 AND 2767786
	Index Only Scan using k_6 on sbtest6  (cost=0.43..6.24 rows=90 width=4)
	  Index Cond: ((k >= 2767686) AND (k <= 2767786))

table 7 : explain SELECT k FROM sbtest7 WHERE k BETWEEN 2767686 AND 2767786
	Index Only Scan using k_7 on sbtest7  (cost=0.43..6.33 rows=95 width=4)
	  Index Cond: ((k >= 2767686) AND (k <= 2767786))

table 8 : explain SELECT k FROM sbtest8 WHERE k BETWEEN 2767686 AND 2767786
	Index Only Scan using k_8 on sbtest8  (cost=0.43..6.37 rows=97 width=4)
	  Index Cond: ((k >= 2767686) AND (k <= 2767786))

for range-covered
table 1 : explain SELECT k FROM sbtest1 WHERE k BETWEEN 6825587 AND 6825687
	Index Only Scan using k_1 on sbtest1  (cost=0.43..6.58 rows=107 width=4)
	  Index Cond: ((k >= 6825587) AND (k <= 6825687))

table 2 : explain SELECT k FROM sbtest2 WHERE k BETWEEN 6825587 AND 6825687
	Index Only Scan using k_2 on sbtest2  (cost=0.43..6.58 rows=107 width=4)
	  Index Cond: ((k >= 6825587) AND (k <= 6825687))

table 3 : explain SELECT k FROM sbtest3 WHERE k BETWEEN 6825587 AND 6825687
	Index Only Scan using k_3 on sbtest3  (cost=0.43..10.46 rows=101 width=4)
	  Index Cond: ((k >= 6825587) AND (k <= 6825687))

table 4 : explain SELECT k FROM sbtest4 WHERE k BETWEEN 6825587 AND 6825687
	Index Only Scan using k_4 on sbtest4  (cost=0.43..6.61 rows=109 width=4)
	  Index Cond: ((k >= 6825587) AND (k <= 6825687))

table 5 : explain SELECT k FROM sbtest5 WHERE k BETWEEN 6825587 AND 6825687
	Index Only Scan using k_5 on sbtest5  (cost=0.43..6.51 rows=104 width=4)
	  Index Cond: ((k >= 6825587) AND (k <= 6825687))

table 6 : explain SELECT k FROM sbtest6 WHERE k BETWEEN 6825587 AND 6825687
	Index Only Scan using k_6 on sbtest6  (cost=0.43..6.47 rows=102 width=4)
	  Index Cond: ((k >= 6825587) AND (k <= 6825687))

table 7 : explain SELECT k FROM sbtest7 WHERE k BETWEEN 6825587 AND 6825687
	Index Only Scan using k_7 on sbtest7  (cost=0.43..6.69 rows=113 width=4)
	  Index Cond: ((k >= 6825587) AND (k <= 6825687))

table 8 : explain SELECT k FROM sbtest8 WHERE k BETWEEN 6825587 AND 6825687
	Index Only Scan using k_8 on sbtest8  (cost=0.43..6.59 rows=108 width=4)
	  Index Cond: ((k >= 6825587) AND (k <= 6825687))

explain: for range-covered :: explain SELECT k FROM sbtest%d WHERE k BETWEEN 2767686 AND 2767786
explain: for range-covered :: explain SELECT k FROM sbtest%d WHERE k BETWEEN 6825587 AND 6825687
for range-covered
table 1 : explain SELECT k FROM sbtest1 WHERE k BETWEEN 6529434 AND 6529534
	Index Only Scan using k_1 on sbtest1  (cost=0.43..6.59 rows=108 width=4)
	  Index Cond: ((k >= 6529434) AND (k <= 6529534))

table 2 : explain SELECT k FROM sbtest2 WHERE k BETWEEN 6529434 AND 6529534
	Index Only Scan using k_2 on sbtest2  (cost=0.43..6.47 rows=102 width=4)
	  Index Cond: ((k >= 6529434) AND (k <= 6529534))

table 3 : explain SELECT k FROM sbtest3 WHERE k BETWEEN 6529434 AND 6529534
	Index Only Scan using k_3 on sbtest3  (cost=0.43..10.60 rows=108 width=4)
	  Index Cond: ((k >= 6529434) AND (k <= 6529534))

table 4 : explain SELECT k FROM sbtest4 WHERE k BETWEEN 6529434 AND 6529534
	Index Only Scan using k_4 on sbtest4  (cost=0.43..6.45 rows=101 width=4)
	  Index Cond: ((k >= 6529434) AND (k <= 6529534))

table 5 : explain SELECT k FROM sbtest5 WHERE k BETWEEN 6529434 AND 6529534
	Index Only Scan using k_5 on sbtest5  (cost=0.43..6.37 rows=97 width=4)
	  Index Cond: ((k >= 6529434) AND (k <= 6529534))

table 6 : explain SELECT k FROM sbtest6 WHERE k BETWEEN 6529434 AND 6529534
	Index Only Scan using k_6 on sbtest6  (cost=0.43..6.50 rows=103 width=4)
	  Index Cond: ((k >= 6529434) AND (k <= 6529534))

table 7 : explain SELECT k FROM sbtest7 WHERE k BETWEEN 6529434 AND 6529534
	Index Only Scan using k_7 on sbtest7  (cost=0.43..6.58 rows=107 width=4)
	  Index Cond: ((k >= 6529434) AND (k <= 6529534))

table 8 : explain SELECT k FROM sbtest8 WHERE k BETWEEN 6529434 AND 6529534
	Index Only Scan using k_8 on sbtest8  (cost=0.43..6.43 rows=100 width=4)
	  Index Cond: ((k >= 6529434) AND (k <= 6529534))

explain: for range-covered :: explain SELECT k FROM sbtest%d WHERE k BETWEEN 6529434 AND 6529534
for range-covered
table 1 : explain SELECT k FROM sbtest1 WHERE k BETWEEN 3934420 AND 3934520
	Index Only Scan using k_1 on sbtest1  (cost=0.43..6.47 rows=102 width=4)
	  Index Cond: ((k >= 3934420) AND (k <= 3934520))

table 2 : explain SELECT k FROM sbtest2 WHERE k BETWEEN 3934420 AND 3934520
	Index Only Scan using k_2 on sbtest2  (cost=0.43..6.56 rows=106 width=4)
	  Index Cond: ((k >= 3934420) AND (k <= 3934520))

table 3 : explain SELECT k FROM sbtest3 WHERE k BETWEEN 3934420 AND 3934520
	Index Only Scan using k_3 on sbtest3  (cost=0.43..10.36 rows=96 width=4)
	  Index Cond: ((k >= 3934420) AND (k <= 3934520))

table 4 : explain SELECT k FROM sbtest4 WHERE k BETWEEN 3934420 AND 3934520
	Index Only Scan using k_4 on sbtest4  (cost=0.43..6.66 rows=111 width=4)
	  Index Cond: ((k >= 3934420) AND (k <= 3934520))

table 5 : explain SELECT k FROM sbtest5 WHERE k BETWEEN 3934420 AND 3934520
	Index Only Scan using k_5 on sbtest5  (cost=0.43..6.37 rows=97 width=4)
	  Index Cond: ((k >= 3934420) AND (k <= 3934520))

table 6 : explain SELECT k FROM sbtest6 WHERE k BETWEEN 3934420 AND 3934520
	Index Only Scan using k_6 on sbtest6  (cost=0.43..6.42 rows=99 width=4)
	  Index Cond: ((k >= 3934420) AND (k <= 3934520))

table 7 : explain SELECT k FROM sbtest7 WHERE k BETWEEN 3934420 AND 3934520
	Index Only Scan using k_7 on sbtest7  (cost=0.43..6.42 rows=99 width=4)
	  Index Cond: ((k >= 3934420) AND (k <= 3934520))

table 8 : explain SELECT k FROM sbtest8 WHERE k BETWEEN 3934420 AND 3934520
	Index Only Scan using k_8 on sbtest8  (cost=0.43..6.35 rows=96 width=4)
	  Index Cond: ((k >= 3934420) AND (k <= 3934520))

explain: for range-covered :: explain SELECT k FROM sbtest%d WHERE k BETWEEN 3934420 AND 3934520
for range-covered
table 1 : explain SELECT k FROM sbtest1 WHERE k BETWEEN 2767686 AND 2767786
	Index Only Scan using k_1 on sbtest1  (cost=0.43..6.51 rows=104 width=4)
	  Index Cond: ((k >= 2767686) AND (k <= 2767786))

table 2 : explain SELECT k FROM sbtest2 WHERE k BETWEEN 2767686 AND 2767786
	Index Only Scan using k_2 on sbtest2  (cost=0.43..6.45 rows=101 width=4)
	  Index Cond: ((k >= 2767686) AND (k <= 2767786))

table 3 : explain SELECT k FROM sbtest3 WHERE k BETWEEN 2767686 AND 2767786
	Index Only Scan using k_3 on sbtest3  (cost=0.43..10.47 rows=102 width=4)
	  Index Cond: ((k >= 2767686) AND (k <= 2767786))

table 4 : explain SELECT k FROM sbtest4 WHERE k BETWEEN 2767686 AND 2767786
	Index Only Scan using k_4 on sbtest4  (cost=0.43..6.47 rows=102 width=4)
	  Index Cond: ((k >= 2767686) AND (k <= 2767786))

table 5 : explain SELECT k FROM sbtest5 WHERE k BETWEEN 2767686 AND 2767786
	Index Only Scan using k_5 on sbtest5  (cost=0.43..6.43 rows=100 width=4)
	  Index Cond: ((k >= 2767686) AND (k <= 2767786))

table 6 : explain SELECT k FROM sbtest6 WHERE k BETWEEN 2767686 AND 2767786
	Index Only Scan using k_6 on sbtest6  (cost=0.43..6.24 rows=90 width=4)
	  Index Cond: ((k >= 2767686) AND (k <= 2767786))

table 7 : explain SELECT k FROM sbtest7 WHERE k BETWEEN 2767686 AND 2767786
	Index Only Scan using k_7 on sbtest7  (cost=0.43..6.33 rows=95 width=4)
	  Index Cond: ((k >= 2767686) AND (k <= 2767786))

table 8 : explain SELECT k FROM sbtest8 WHERE k BETWEEN 2767686 AND 2767786
	Index Only Scan using k_8 on sbtest8  (cost=0.43..6.37 rows=97 width=4)
	  Index Cond: ((k >= 2767686) AND (k <= 2767786))

for range-covered
table 1 : explain SELECT k FROM sbtest1 WHERE k BETWEEN 6825587 AND 6825687
	Index Only Scan using k_1 on sbtest1  (cost=0.43..6.58 rows=107 width=4)
	  Index Cond: ((k >= 6825587) AND (k <= 6825687))

table 2 : explain SELECT k FROM sbtest2 WHERE k BETWEEN 6825587 AND 6825687
	Index Only Scan using k_2 on sbtest2  (cost=0.43..6.58 rows=107 width=4)
	  Index Cond: ((k >= 6825587) AND (k <= 6825687))

table 3 : explain SELECT k FROM sbtest3 WHERE k BETWEEN 6825587 AND 6825687
	Index Only Scan using k_3 on sbtest3  (cost=0.43..10.46 rows=101 width=4)
	  Index Cond: ((k >= 6825587) AND (k <= 6825687))

table 4 : explain SELECT k FROM sbtest4 WHERE k BETWEEN 6825587 AND 6825687
	Index Only Scan using k_4 on sbtest4  (cost=0.43..6.61 rows=109 width=4)
	  Index Cond: ((k >= 6825587) AND (k <= 6825687))

table 5 : explain SELECT k FROM sbtest5 WHERE k BETWEEN 6825587 AND 6825687
	Index Only Scan using k_5 on sbtest5  (cost=0.43..6.51 rows=104 width=4)
	  Index Cond: ((k >= 6825587) AND (k <= 6825687))

table 6 : explain SELECT k FROM sbtest6 WHERE k BETWEEN 6825587 AND 6825687
	Index Only Scan using k_6 on sbtest6  (cost=0.43..6.47 rows=102 width=4)
	  Index Cond: ((k >= 6825587) AND (k <= 6825687))

table 7 : explain SELECT k FROM sbtest7 WHERE k BETWEEN 6825587 AND 6825687
	Index Only Scan using k_7 on sbtest7  (cost=0.43..6.69 rows=113 width=4)
	  Index Cond: ((k >= 6825587) AND (k <= 6825687))

table 8 : explain SELECT k FROM sbtest8 WHERE k BETWEEN 6825587 AND 6825687
	Index Only Scan using k_8 on sbtest8  (cost=0.43..6.59 rows=108 width=4)
	  Index Cond: ((k >= 6825587) AND (k <= 6825687))

explain: for range-covered :: explain SELECT k FROM sbtest%d WHERE k BETWEEN 2767686 AND 2767786
explain: for range-covered :: explain SELECT k FROM sbtest%d WHERE k BETWEEN 6825587 AND 6825687
for range-covered
table 1 : explain SELECT k FROM sbtest1 WHERE k BETWEEN 7166542 AND 7166642
	Index Only Scan using k_1 on sbtest1  (cost=0.43..6.74 rows=115 width=4)
	  Index Cond: ((k >= 7166542) AND (k <= 7166642))

table 2 : explain SELECT k FROM sbtest2 WHERE k BETWEEN 7166542 AND 7166642
	Index Only Scan using k_2 on sbtest2  (cost=0.43..6.67 rows=112 width=4)
	  Index Cond: ((k >= 7166542) AND (k <= 7166642))

table 3 : explain SELECT k FROM sbtest3 WHERE k BETWEEN 7166542 AND 7166642
	Index Only Scan using k_3 on sbtest3  (cost=0.43..10.29 rows=93 width=4)
	  Index Cond: ((k >= 7166542) AND (k <= 7166642))

table 4 : explain SELECT k FROM sbtest4 WHERE k BETWEEN 7166542 AND 7166642
	Index Only Scan using k_4 on sbtest4  (cost=0.43..6.37 rows=97 width=4)
	  Index Cond: ((k >= 7166542) AND (k <= 7166642))

table 5 : explain SELECT k FROM sbtest5 WHERE k BETWEEN 7166542 AND 7166642
	Index Only Scan using k_5 on sbtest5  (cost=0.43..6.45 rows=101 width=4)
	  Index Cond: ((k >= 7166542) AND (k <= 7166642))

table 6 : explain SELECT k FROM sbtest6 WHERE k BETWEEN 7166542 AND 7166642
	Index Only Scan using k_6 on sbtest6  (cost=0.43..6.51 rows=104 width=4)
	  Index Cond: ((k >= 7166542) AND (k <= 7166642))

table 7 : explain SELECT k FROM sbtest7 WHERE k BETWEEN 7166542 AND 7166642
	Index Only Scan using k_7 on sbtest7  (cost=0.43..6.35 rows=96 width=4)
	  Index Cond: ((k >= 7166542) AND (k <= 7166642))

table 8 : explain SELECT k FROM sbtest8 WHERE k BETWEEN 7166542 AND 7166642
	Index Only Scan using k_8 on sbtest8  (cost=0.43..6.58 rows=107 width=4)
	  Index Cond: ((k >= 7166542) AND (k <= 7166642))

for range-covered
table 1 : explain SELECT k FROM sbtest1 WHERE k BETWEEN 3934420 AND 3934520
	Index Only Scan using k_1 on sbtest1  (cost=0.43..6.47 rows=102 width=4)
	  Index Cond: ((k >= 3934420) AND (k <= 3934520))

table 2 : explain SELECT k FROM sbtest2 WHERE k BETWEEN 3934420 AND 3934520
	Index Only Scan using k_2 on sbtest2  (cost=0.43..6.56 rows=106 width=4)
	  Index Cond: ((k >= 3934420) AND (k <= 3934520))

table 3 : explain SELECT k FROM sbtest3 WHERE k BETWEEN 3934420 AND 3934520
	Index Only Scan using k_3 on sbtest3  (cost=0.43..10.36 rows=96 width=4)
	  Index Cond: ((k >= 3934420) AND (k <= 3934520))

table 4 : explain SELECT k FROM sbtest4 WHERE k BETWEEN 3934420 AND 3934520
	Index Only Scan using k_4 on sbtest4  (cost=0.43..6.66 rows=111 width=4)
	  Index Cond: ((k >= 3934420) AND (k <= 3934520))

table 5 : explain SELECT k FROM sbtest5 WHERE k BETWEEN 3934420 AND 3934520
	Index Only Scan using k_5 on sbtest5  (cost=0.43..6.37 rows=97 width=4)
	  Index Cond: ((k >= 3934420) AND (k <= 3934520))

table 6 : explain SELECT k FROM sbtest6 WHERE k BETWEEN 3934420 AND 3934520
	Index Only Scan using k_6 on sbtest6  (cost=0.43..6.42 rows=99 width=4)
	  Index Cond: ((k >= 3934420) AND (k <= 3934520))

table 7 : explain SELECT k FROM sbtest7 WHERE k BETWEEN 3934420 AND 3934520
	Index Only Scan using k_7 on sbtest7  (cost=0.43..6.42 rows=99 width=4)
	  Index Cond: ((k >= 3934420) AND (k <= 3934520))

table 8 : explain SELECT k FROM sbtest8 WHERE k BETWEEN 3934420 AND 3934520
	Index Only Scan using k_8 on sbtest8  (cost=0.43..6.35 rows=96 width=4)
	  Index Cond: ((k >= 3934420) AND (k <= 3934520))

for range-covered
table 1 : explain SELECT k FROM sbtest1 WHERE k BETWEEN 2767686 AND 2767786
	Index Only Scan using k_1 on sbtest1  (cost=0.43..6.51 rows=104 width=4)
	  Index Cond: ((k >= 2767686) AND (k <= 2767786))

table 2 : explain SELECT k FROM sbtest2 WHERE k BETWEEN 2767686 AND 2767786
	Index Only Scan using k_2 on sbtest2  (cost=0.43..6.45 rows=101 width=4)
	  Index Cond: ((k >= 2767686) AND (k <= 2767786))

table 3 : explain SELECT k FROM sbtest3 WHERE k BETWEEN 2767686 AND 2767786
	Index Only Scan using k_3 on sbtest3  (cost=0.43..10.47 rows=102 width=4)
	  Index Cond: ((k >= 2767686) AND (k <= 2767786))

table 4 : explain SELECT k FROM sbtest4 WHERE k BETWEEN 2767686 AND 2767786
	Index Only Scan using k_4 on sbtest4  (cost=0.43..6.47 rows=102 width=4)
	  Index Cond: ((k >= 2767686) AND (k <= 2767786))

table 5 : explain SELECT k FROM sbtest5 WHERE k BETWEEN 2767686 AND 2767786
	Index Only Scan using k_5 on sbtest5  (cost=0.43..6.43 rows=100 width=4)
	  Index Cond: ((k >= 2767686) AND (k <= 2767786))

table 6 : explain SELECT k FROM sbtest6 WHERE k BETWEEN 2767686 AND 2767786
	Index Only Scan using k_6 on sbtest6  (cost=0.43..6.24 rows=90 width=4)
	  Index Cond: ((k >= 2767686) AND (k <= 2767786))

table 7 : explain SELECT k FROM sbtest7 WHERE k BETWEEN 2767686 AND 2767786
	Index Only Scan using k_7 on sbtest7  (cost=0.43..6.33 rows=95 width=4)
	  Index Cond: ((k >= 2767686) AND (k <= 2767786))

table 8 : explain SELECT k FROM sbtest8 WHERE k BETWEEN 2767686 AND 2767786
	Index Only Scan using k_8 on sbtest8  (cost=0.43..6.37 rows=97 width=4)
	  Index Cond: ((k >= 2767686) AND (k <= 2767786))

explain: for range-covered :: explain SELECT k FROM sbtest%d WHERE k BETWEEN 2767686 AND 2767786
for range-covered
table 1 : explain SELECT k FROM sbtest1 WHERE k BETWEEN 5378992 AND 5379092
	Index Only Scan using k_1 on sbtest1  (cost=0.43..6.67 rows=112 width=4)
	  Index Cond: ((k >= 5378992) AND (k <= 5379092))

table 2 : explain SELECT k FROM sbtest2 WHERE k BETWEEN 5378992 AND 5379092
	Index Only Scan using k_2 on sbtest2  (cost=0.43..6.43 rows=100 width=4)
	  Index Cond: ((k >= 5378992) AND (k <= 5379092))

table 3 : explain SELECT k FROM sbtest3 WHERE k BETWEEN 5378992 AND 5379092
	Index Only Scan using k_3 on sbtest3  (cost=0.43..10.33 rows=95 width=4)
	  Index Cond: ((k >= 5378992) AND (k <= 5379092))

table 4 : explain SELECT k FROM sbtest4 WHERE k BETWEEN 5378992 AND 5379092
	Index Only Scan using k_4 on sbtest4  (cost=0.43..6.37 rows=97 width=4)
	  Index Cond: ((k >= 5378992) AND (k <= 5379092))

table 5 : explain SELECT k FROM sbtest5 WHERE k BETWEEN 5378992 AND 5379092
	Index Only Scan using k_5 on sbtest5  (cost=0.43..6.45 rows=101 width=4)
	  Index Cond: ((k >= 5378992) AND (k <= 5379092))

table 6 : explain SELECT k FROM sbtest6 WHERE k BETWEEN 5378992 AND 5379092
	Index Only Scan using k_6 on sbtest6  (cost=0.43..6.59 rows=108 width=4)
	  Index Cond: ((k >= 5378992) AND (k <= 5379092))

table 7 : explain SELECT k FROM sbtest7 WHERE k BETWEEN 5378992 AND 5379092
	Index Only Scan using k_7 on sbtest7  (cost=0.43..6.63 rows=110 width=4)
	  Index Cond: ((k >= 5378992) AND (k <= 5379092))

table 8 : explain SELECT k FROM sbtest8 WHERE k BETWEEN 5378992 AND 5379092
	Index Only Scan using k_8 on sbtest8  (cost=0.43..6.35 rows=96 width=4)
	  Index Cond: ((k >= 5378992) AND (k <= 5379092))

for range-covered
table 1 : explain SELECT k FROM sbtest1 WHERE k BETWEEN 6825587 AND 6825687
	Index Only Scan using k_1 on sbtest1  (cost=0.43..6.58 rows=107 width=4)
	  Index Cond: ((k >= 6825587) AND (k <= 6825687))

table 2 : explain SELECT k FROM sbtest2 WHERE k BETWEEN 6825587 AND 6825687
	Index Only Scan using k_2 on sbtest2  (cost=0.43..6.58 rows=107 width=4)
	  Index Cond: ((k >= 6825587) AND (k <= 6825687))

table 3 : explain SELECT k FROM sbtest3 WHERE k BETWEEN 6825587 AND 6825687
	Index Only Scan using k_3 on sbtest3  (cost=0.43..10.46 rows=101 width=4)
	  Index Cond: ((k >= 6825587) AND (k <= 6825687))

table 4 : explain SELECT k FROM sbtest4 WHERE k BETWEEN 6825587 AND 6825687
	Index Only Scan using k_4 on sbtest4  (cost=0.43..6.61 rows=109 width=4)
	  Index Cond: ((k >= 6825587) AND (k <= 6825687))

table 5 : explain SELECT k FROM sbtest5 WHERE k BETWEEN 6825587 AND 6825687
	Index Only Scan using k_5 on sbtest5  (cost=0.43..6.51 rows=104 width=4)
	  Index Cond: ((k >= 6825587) AND (k <= 6825687))

table 6 : explain SELECT k FROM sbtest6 WHERE k BETWEEN 6825587 AND 6825687
	Index Only Scan using k_6 on sbtest6  (cost=0.43..6.47 rows=102 width=4)
	  Index Cond: ((k >= 6825587) AND (k <= 6825687))

table 7 : explain SELECT k FROM sbtest7 WHERE k BETWEEN 6825587 AND 6825687
	Index Only Scan using k_7 on sbtest7  (cost=0.43..6.69 rows=113 width=4)
	  Index Cond: ((k >= 6825587) AND (k <= 6825687))

table 8 : explain SELECT k FROM sbtest8 WHERE k BETWEEN 6825587 AND 6825687
	Index Only Scan using k_8 on sbtest8  (cost=0.43..6.59 rows=108 width=4)
	  Index Cond: ((k >= 6825587) AND (k <= 6825687))

for range-covered
table 1 : explain SELECT k FROM sbtest1 WHERE k BETWEEN 6529434 AND 6529534
	Index Only Scan using k_1 on sbtest1  (cost=0.43..6.59 rows=108 width=4)
	  Index Cond: ((k >= 6529434) AND (k <= 6529534))

table 2 : explain SELECT k FROM sbtest2 WHERE k BETWEEN 6529434 AND 6529534
	Index Only Scan using k_2 on sbtest2  (cost=0.43..6.47 rows=102 width=4)
	  Index Cond: ((k >= 6529434) AND (k <= 6529534))

table 3 : explain SELECT k FROM sbtest3 WHERE k BETWEEN 6529434 AND 6529534
	Index Only Scan using k_3 on sbtest3  (cost=0.43..10.60 rows=108 width=4)
	  Index Cond: ((k >= 6529434) AND (k <= 6529534))

table 4 : explain SELECT k FROM sbtest4 WHERE k BETWEEN 6529434 AND 6529534
	Index Only Scan using k_4 on sbtest4  (cost=0.43..6.45 rows=101 width=4)
	  Index Cond: ((k >= 6529434) AND (k <= 6529534))

table 5 : explain SELECT k FROM sbtest5 WHERE k BETWEEN 6529434 AND 6529534
	Index Only Scan using k_5 on sbtest5  (cost=0.43..6.37 rows=97 width=4)
	  Index Cond: ((k >= 6529434) AND (k <= 6529534))

table 6 : explain SELECT k FROM sbtest6 WHERE k BETWEEN 6529434 AND 6529534
	Index Only Scan using k_6 on sbtest6  (cost=0.43..6.50 rows=103 width=4)
	  Index Cond: ((k >= 6529434) AND (k <= 6529534))

table 7 : explain SELECT k FROM sbtest7 WHERE k BETWEEN 6529434 AND 6529534
	Index Only Scan using k_7 on sbtest7  (cost=0.43..6.58 rows=107 width=4)
	  Index Cond: ((k >= 6529434) AND (k <= 6529534))

table 8 : explain SELECT k FROM sbtest8 WHERE k BETWEEN 6529434 AND 6529534
	Index Only Scan using k_8 on sbtest8  (cost=0.43..6.43 rows=100 width=4)
	  Index Cond: ((k >= 6529434) AND (k <= 6529534))

explain: for range-covered :: explain SELECT k FROM sbtest%d WHERE k BETWEEN 5378992 AND 5379092
explain: for range-covered :: explain SELECT k FROM sbtest%d WHERE k BETWEEN 6825587 AND 6825687
explain: for range-covered :: explain SELECT k FROM sbtest%d WHERE k BETWEEN 6529434 AND 6529534
for range-covered
table 1 : explain SELECT k FROM sbtest1 WHERE k BETWEEN 2767686 AND 2767786
	Index Only Scan using k_1 on sbtest1  (cost=0.43..6.51 rows=104 width=4)
	  Index Cond: ((k >= 2767686) AND (k <= 2767786))

table 2 : explain SELECT k FROM sbtest2 WHERE k BETWEEN 2767686 AND 2767786
	Index Only Scan using k_2 on sbtest2  (cost=0.43..6.45 rows=101 width=4)
	  Index Cond: ((k >= 2767686) AND (k <= 2767786))

table 3 : explain SELECT k FROM sbtest3 WHERE k BETWEEN 2767686 AND 2767786
	Index Only Scan using k_3 on sbtest3  (cost=0.43..10.47 rows=102 width=4)
	  Index Cond: ((k >= 2767686) AND (k <= 2767786))

table 4 : explain SELECT k FROM sbtest4 WHERE k BETWEEN 2767686 AND 2767786
	Index Only Scan using k_4 on sbtest4  (cost=0.43..6.47 rows=102 width=4)
	  Index Cond: ((k >= 2767686) AND (k <= 2767786))

table 5 : explain SELECT k FROM sbtest5 WHERE k BETWEEN 2767686 AND 2767786
	Index Only Scan using k_5 on sbtest5  (cost=0.43..6.43 rows=100 width=4)
	  Index Cond: ((k >= 2767686) AND (k <= 2767786))

table 6 : explain SELECT k FROM sbtest6 WHERE k BETWEEN 2767686 AND 2767786
	Index Only Scan using k_6 on sbtest6  (cost=0.43..6.24 rows=90 width=4)
	  Index Cond: ((k >= 2767686) AND (k <= 2767786))

table 7 : explain SELECT k FROM sbtest7 WHERE k BETWEEN 2767686 AND 2767786
	Index Only Scan using k_7 on sbtest7  (cost=0.43..6.33 rows=95 width=4)
	  Index Cond: ((k >= 2767686) AND (k <= 2767786))

table 8 : explain SELECT k FROM sbtest8 WHERE k BETWEEN 2767686 AND 2767786
	Index Only Scan using k_8 on sbtest8  (cost=0.43..6.37 rows=97 width=4)
	  Index Cond: ((k >= 2767686) AND (k <= 2767786))

explain: for range-covered :: explain SELECT k FROM sbtest%d WHERE k BETWEEN 2767686 AND 2767786
for range-covered
table 1 : explain SELECT k FROM sbtest1 WHERE k BETWEEN 6825587 AND 6825687
	Index Only Scan using k_1 on sbtest1  (cost=0.43..6.58 rows=107 width=4)
	  Index Cond: ((k >= 6825587) AND (k <= 6825687))

table 2 : explain SELECT k FROM sbtest2 WHERE k BETWEEN 6825587 AND 6825687
	Index Only Scan using k_2 on sbtest2  (cost=0.43..6.58 rows=107 width=4)
	  Index Cond: ((k >= 6825587) AND (k <= 6825687))

table 3 : explain SELECT k FROM sbtest3 WHERE k BETWEEN 6825587 AND 6825687
	Index Only Scan using k_3 on sbtest3  (cost=0.43..10.46 rows=101 width=4)
	  Index Cond: ((k >= 6825587) AND (k <= 6825687))

table 4 : explain SELECT k FROM sbtest4 WHERE k BETWEEN 6825587 AND 6825687
	Index Only Scan using k_4 on sbtest4  (cost=0.43..6.61 rows=109 width=4)
	  Index Cond: ((k >= 6825587) AND (k <= 6825687))

table 5 : explain SELECT k FROM sbtest5 WHERE k BETWEEN 6825587 AND 6825687
	Index Only Scan using k_5 on sbtest5  (cost=0.43..6.51 rows=104 width=4)
	  Index Cond: ((k >= 6825587) AND (k <= 6825687))

table 6 : explain SELECT k FROM sbtest6 WHERE k BETWEEN 6825587 AND 6825687
	Index Only Scan using k_6 on sbtest6  (cost=0.43..6.47 rows=102 width=4)
	  Index Cond: ((k >= 6825587) AND (k <= 6825687))

table 7 : explain SELECT k FROM sbtest7 WHERE k BETWEEN 6825587 AND 6825687
	Index Only Scan using k_7 on sbtest7  (cost=0.43..6.69 rows=113 width=4)
	  Index Cond: ((k >= 6825587) AND (k <= 6825687))

table 8 : explain SELECT k FROM sbtest8 WHERE k BETWEEN 6825587 AND 6825687
	Index Only Scan using k_8 on sbtest8  (cost=0.43..6.59 rows=108 width=4)
	  Index Cond: ((k >= 6825587) AND (k <= 6825687))

for range-covered
table 1 : explain SELECT k FROM sbtest1 WHERE k BETWEEN 6529434 AND 6529534
	Index Only Scan using k_1 on sbtest1  (cost=0.43..6.59 rows=108 width=4)
	  Index Cond: ((k >= 6529434) AND (k <= 6529534))

table 2 : explain SELECT k FROM sbtest2 WHERE k BETWEEN 6529434 AND 6529534
	Index Only Scan using k_2 on sbtest2  (cost=0.43..6.47 rows=102 width=4)
	  Index Cond: ((k >= 6529434) AND (k <= 6529534))

table 3 : explain SELECT k FROM sbtest3 WHERE k BETWEEN 6529434 AND 6529534
	Index Only Scan using k_3 on sbtest3  (cost=0.43..10.60 rows=108 width=4)
	  Index Cond: ((k >= 6529434) AND (k <= 6529534))

table 4 : explain SELECT k FROM sbtest4 WHERE k BETWEEN 6529434 AND 6529534
	Index Only Scan using k_4 on sbtest4  (cost=0.43..6.45 rows=101 width=4)
	  Index Cond: ((k >= 6529434) AND (k <= 6529534))

table 5 : explain SELECT k FROM sbtest5 WHERE k BETWEEN 6529434 AND 6529534
	Index Only Scan using k_5 on sbtest5  (cost=0.43..6.37 rows=97 width=4)
	  Index Cond: ((k >= 6529434) AND (k <= 6529534))

table 6 : explain SELECT k FROM sbtest6 WHERE k BETWEEN 6529434 AND 6529534
	Index Only Scan using k_6 on sbtest6  (cost=0.43..6.50 rows=103 width=4)
	  Index Cond: ((k >= 6529434) AND (k <= 6529534))

table 7 : explain SELECT k FROM sbtest7 WHERE k BETWEEN 6529434 AND 6529534
	Index Only Scan using k_7 on sbtest7  (cost=0.43..6.58 rows=107 width=4)
	  Index Cond: ((k >= 6529434) AND (k <= 6529534))

table 8 : explain SELECT k FROM sbtest8 WHERE k BETWEEN 6529434 AND 6529534
	Index Only Scan using k_8 on sbtest8  (cost=0.43..6.43 rows=100 width=4)
	  Index Cond: ((k >= 6529434) AND (k <= 6529534))

for range-covered
table 1 : explain SELECT k FROM sbtest1 WHERE k BETWEEN 5378992 AND 5379092
	Index Only Scan using k_1 on sbtest1  (cost=0.43..6.67 rows=112 width=4)
	  Index Cond: ((k >= 5378992) AND (k <= 5379092))

table 2 : explain SELECT k FROM sbtest2 WHERE k BETWEEN 5378992 AND 5379092
	Index Only Scan using k_2 on sbtest2  (cost=0.43..6.43 rows=100 width=4)
	  Index Cond: ((k >= 5378992) AND (k <= 5379092))

table 3 : explain SELECT k FROM sbtest3 WHERE k BETWEEN 5378992 AND 5379092
	Index Only Scan using k_3 on sbtest3  (cost=0.43..10.33 rows=95 width=4)
	  Index Cond: ((k >= 5378992) AND (k <= 5379092))

table 4 : explain SELECT k FROM sbtest4 WHERE k BETWEEN 5378992 AND 5379092
	Index Only Scan using k_4 on sbtest4  (cost=0.43..6.37 rows=97 width=4)
	  Index Cond: ((k >= 5378992) AND (k <= 5379092))

table 5 : explain SELECT k FROM sbtest5 WHERE k BETWEEN 5378992 AND 5379092
	Index Only Scan using k_5 on sbtest5  (cost=0.43..6.45 rows=101 width=4)
	  Index Cond: ((k >= 5378992) AND (k <= 5379092))

table 6 : explain SELECT k FROM sbtest6 WHERE k BETWEEN 5378992 AND 5379092
	Index Only Scan using k_6 on sbtest6  (cost=0.43..6.59 rows=108 width=4)
	  Index Cond: ((k >= 5378992) AND (k <= 5379092))

table 7 : explain SELECT k FROM sbtest7 WHERE k BETWEEN 5378992 AND 5379092
	Index Only Scan using k_7 on sbtest7  (cost=0.43..6.63 rows=110 width=4)
	  Index Cond: ((k >= 5378992) AND (k <= 5379092))

table 8 : explain SELECT k FROM sbtest8 WHERE k BETWEEN 5378992 AND 5379092
	Index Only Scan using k_8 on sbtest8  (cost=0.43..6.35 rows=96 width=4)
	  Index Cond: ((k >= 5378992) AND (k <= 5379092))

explain: for range-covered :: explain SELECT k FROM sbtest%d WHERE k BETWEEN 6825587 AND 6825687
explain: for range-covered :: explain SELECT k FROM sbtest%d WHERE k BETWEEN 5378992 AND 5379092
for range-covered
table 1 : explain SELECT k FROM sbtest1 WHERE k BETWEEN 2767686 AND 2767786
	Index Only Scan using k_1 on sbtest1  (cost=0.43..6.51 rows=104 width=4)
	  Index Cond: ((k >= 2767686) AND (k <= 2767786))

table 2 : explain SELECT k FROM sbtest2 WHERE k BETWEEN 2767686 AND 2767786
	Index Only Scan using k_2 on sbtest2  (cost=0.43..6.45 rows=101 width=4)
	  Index Cond: ((k >= 2767686) AND (k <= 2767786))

table 3 : explain SELECT k FROM sbtest3 WHERE k BETWEEN 2767686 AND 2767786
	Index Only Scan using k_3 on sbtest3  (cost=0.43..10.47 rows=102 width=4)
	  Index Cond: ((k >= 2767686) AND (k <= 2767786))

table 4 : explain SELECT k FROM sbtest4 WHERE k BETWEEN 2767686 AND 2767786
	Index Only Scan using k_4 on sbtest4  (cost=0.43..6.47 rows=102 width=4)
	  Index Cond: ((k >= 2767686) AND (k <= 2767786))

table 5 : explain SELECT k FROM sbtest5 WHERE k BETWEEN 2767686 AND 2767786
	Index Only Scan using k_5 on sbtest5  (cost=0.43..6.43 rows=100 width=4)
	  Index Cond: ((k >= 2767686) AND (k <= 2767786))

table 6 : explain SELECT k FROM sbtest6 WHERE k BETWEEN 2767686 AND 2767786
	Index Only Scan using k_6 on sbtest6  (cost=0.43..6.24 rows=90 width=4)
	  Index Cond: ((k >= 2767686) AND (k <= 2767786))

table 7 : explain SELECT k FROM sbtest7 WHERE k BETWEEN 2767686 AND 2767786
	Index Only Scan using k_7 on sbtest7  (cost=0.43..6.33 rows=95 width=4)
	  Index Cond: ((k >= 2767686) AND (k <= 2767786))

table 8 : explain SELECT k FROM sbtest8 WHERE k BETWEEN 2767686 AND 2767786
	Index Only Scan using k_8 on sbtest8  (cost=0.43..6.37 rows=97 width=4)
	  Index Cond: ((k >= 2767686) AND (k <= 2767786))

explain: for range-covered :: explain SELECT k FROM sbtest%d WHERE k BETWEEN 2767686 AND 2767786
for range-covered
table 1 : explain SELECT k FROM sbtest1 WHERE k BETWEEN 6825587 AND 6825687
	Index Only Scan using k_1 on sbtest1  (cost=0.43..6.58 rows=107 width=4)
	  Index Cond: ((k >= 6825587) AND (k <= 6825687))

table 2 : explain SELECT k FROM sbtest2 WHERE k BETWEEN 6825587 AND 6825687
	Index Only Scan using k_2 on sbtest2  (cost=0.43..6.58 rows=107 width=4)
	  Index Cond: ((k >= 6825587) AND (k <= 6825687))

table 3 : explain SELECT k FROM sbtest3 WHERE k BETWEEN 6825587 AND 6825687
	Index Only Scan using k_3 on sbtest3  (cost=0.43..10.46 rows=101 width=4)
	  Index Cond: ((k >= 6825587) AND (k <= 6825687))

table 4 : explain SELECT k FROM sbtest4 WHERE k BETWEEN 6825587 AND 6825687
	Index Only Scan using k_4 on sbtest4  (cost=0.43..6.61 rows=109 width=4)
	  Index Cond: ((k >= 6825587) AND (k <= 6825687))

table 5 : explain SELECT k FROM sbtest5 WHERE k BETWEEN 6825587 AND 6825687
	Index Only Scan using k_5 on sbtest5  (cost=0.43..6.51 rows=104 width=4)
	  Index Cond: ((k >= 6825587) AND (k <= 6825687))

table 6 : explain SELECT k FROM sbtest6 WHERE k BETWEEN 6825587 AND 6825687
	Index Only Scan using k_6 on sbtest6  (cost=0.43..6.47 rows=102 width=4)
	  Index Cond: ((k >= 6825587) AND (k <= 6825687))

table 7 : explain SELECT k FROM sbtest7 WHERE k BETWEEN 6825587 AND 6825687
	Index Only Scan using k_7 on sbtest7  (cost=0.43..6.69 rows=113 width=4)
	  Index Cond: ((k >= 6825587) AND (k <= 6825687))

table 8 : explain SELECT k FROM sbtest8 WHERE k BETWEEN 6825587 AND 6825687
	Index Only Scan using k_8 on sbtest8  (cost=0.43..6.59 rows=108 width=4)
	  Index Cond: ((k >= 6825587) AND (k <= 6825687))

explain: for range-covered :: explain SELECT k FROM sbtest%d WHERE k BETWEEN 6825587 AND 6825687
for range-covered
table 1 : explain SELECT k FROM sbtest1 WHERE k BETWEEN 5378992 AND 5379092
	Index Only Scan using k_1 on sbtest1  (cost=0.43..6.67 rows=112 width=4)
	  Index Cond: ((k >= 5378992) AND (k <= 5379092))

table 2 : explain SELECT k FROM sbtest2 WHERE k BETWEEN 5378992 AND 5379092
	Index Only Scan using k_2 on sbtest2  (cost=0.43..6.43 rows=100 width=4)
	  Index Cond: ((k >= 5378992) AND (k <= 5379092))

table 3 : explain SELECT k FROM sbtest3 WHERE k BETWEEN 5378992 AND 5379092
	Index Only Scan using k_3 on sbtest3  (cost=0.43..10.33 rows=95 width=4)
	  Index Cond: ((k >= 5378992) AND (k <= 5379092))

table 4 : explain SELECT k FROM sbtest4 WHERE k BETWEEN 5378992 AND 5379092
	Index Only Scan using k_4 on sbtest4  (cost=0.43..6.37 rows=97 width=4)
	  Index Cond: ((k >= 5378992) AND (k <= 5379092))

table 5 : explain SELECT k FROM sbtest5 WHERE k BETWEEN 5378992 AND 5379092
	Index Only Scan using k_5 on sbtest5  (cost=0.43..6.45 rows=101 width=4)
	  Index Cond: ((k >= 5378992) AND (k <= 5379092))

table 6 : explain SELECT k FROM sbtest6 WHERE k BETWEEN 5378992 AND 5379092
	Index Only Scan using k_6 on sbtest6  (cost=0.43..6.59 rows=108 width=4)
	  Index Cond: ((k >= 5378992) AND (k <= 5379092))

table 7 : explain SELECT k FROM sbtest7 WHERE k BETWEEN 5378992 AND 5379092
	Index Only Scan using k_7 on sbtest7  (cost=0.43..6.63 rows=110 width=4)
	  Index Cond: ((k >= 5378992) AND (k <= 5379092))

table 8 : explain SELECT k FROM sbtest8 WHERE k BETWEEN 5378992 AND 5379092
	Index Only Scan using k_8 on sbtest8  (cost=0.43..6.35 rows=96 width=4)
	  Index Cond: ((k >= 5378992) AND (k <= 5379092))

explain: for range-covered :: explain SELECT k FROM sbtest%d WHERE k BETWEEN 5378992 AND 5379092
for range-covered
table 1 : explain SELECT k FROM sbtest1 WHERE k BETWEEN 2767686 AND 2767786
	Index Only Scan using k_1 on sbtest1  (cost=0.43..6.51 rows=104 width=4)
	  Index Cond: ((k >= 2767686) AND (k <= 2767786))

table 2 : explain SELECT k FROM sbtest2 WHERE k BETWEEN 2767686 AND 2767786
	Index Only Scan using k_2 on sbtest2  (cost=0.43..6.45 rows=101 width=4)
	  Index Cond: ((k >= 2767686) AND (k <= 2767786))

table 3 : explain SELECT k FROM sbtest3 WHERE k BETWEEN 2767686 AND 2767786
	Index Only Scan using k_3 on sbtest3  (cost=0.43..10.47 rows=102 width=4)
	  Index Cond: ((k >= 2767686) AND (k <= 2767786))

table 4 : explain SELECT k FROM sbtest4 WHERE k BETWEEN 2767686 AND 2767786
	Index Only Scan using k_4 on sbtest4  (cost=0.43..6.47 rows=102 width=4)
	  Index Cond: ((k >= 2767686) AND (k <= 2767786))

table 5 : explain SELECT k FROM sbtest5 WHERE k BETWEEN 2767686 AND 2767786
	Index Only Scan using k_5 on sbtest5  (cost=0.43..6.43 rows=100 width=4)
	  Index Cond: ((k >= 2767686) AND (k <= 2767786))

table 6 : explain SELECT k FROM sbtest6 WHERE k BETWEEN 2767686 AND 2767786
	Index Only Scan using k_6 on sbtest6  (cost=0.43..6.24 rows=90 width=4)
	  Index Cond: ((k >= 2767686) AND (k <= 2767786))

table 7 : explain SELECT k FROM sbtest7 WHERE k BETWEEN 2767686 AND 2767786
	Index Only Scan using k_7 on sbtest7  (cost=0.43..6.33 rows=95 width=4)
	  Index Cond: ((k >= 2767686) AND (k <= 2767786))

table 8 : explain SELECT k FROM sbtest8 WHERE k BETWEEN 2767686 AND 2767786
	Index Only Scan using k_8 on sbtest8  (cost=0.43..6.37 rows=97 width=4)
	  Index Cond: ((k >= 2767686) AND (k <= 2767786))

for range-covered
table 1 : explain SELECT k FROM sbtest1 WHERE k BETWEEN 6825587 AND 6825687
	Index Only Scan using k_1 on sbtest1  (cost=0.43..6.58 rows=107 width=4)
	  Index Cond: ((k >= 6825587) AND (k <= 6825687))

table 2 : explain SELECT k FROM sbtest2 WHERE k BETWEEN 6825587 AND 6825687
	Index Only Scan using k_2 on sbtest2  (cost=0.43..6.58 rows=107 width=4)
	  Index Cond: ((k >= 6825587) AND (k <= 6825687))

table 3 : explain SELECT k FROM sbtest3 WHERE k BETWEEN 6825587 AND 6825687
	Index Only Scan using k_3 on sbtest3  (cost=0.43..10.46 rows=101 width=4)
	  Index Cond: ((k >= 6825587) AND (k <= 6825687))

table 4 : explain SELECT k FROM sbtest4 WHERE k BETWEEN 6825587 AND 6825687
	Index Only Scan using k_4 on sbtest4  (cost=0.43..6.61 rows=109 width=4)
	  Index Cond: ((k >= 6825587) AND (k <= 6825687))

table 5 : explain SELECT k FROM sbtest5 WHERE k BETWEEN 6825587 AND 6825687
	Index Only Scan using k_5 on sbtest5  (cost=0.43..6.51 rows=104 width=4)
	  Index Cond: ((k >= 6825587) AND (k <= 6825687))

table 6 : explain SELECT k FROM sbtest6 WHERE k BETWEEN 6825587 AND 6825687
	Index Only Scan using k_6 on sbtest6  (cost=0.43..6.47 rows=102 width=4)
	  Index Cond: ((k >= 6825587) AND (k <= 6825687))

table 7 : explain SELECT k FROM sbtest7 WHERE k BETWEEN 6825587 AND 6825687
	Index Only Scan using k_7 on sbtest7  (cost=0.43..6.69 rows=113 width=4)
	  Index Cond: ((k >= 6825587) AND (k <= 6825687))

table 8 : explain SELECT k FROM sbtest8 WHERE k BETWEEN 6825587 AND 6825687
	Index Only Scan using k_8 on sbtest8  (cost=0.43..6.59 rows=108 width=4)
	  Index Cond: ((k >= 6825587) AND (k <= 6825687))

for range-covered
table 1 : explain SELECT k FROM sbtest1 WHERE k BETWEEN 5378992 AND 5379092
	Index Only Scan using k_1 on sbtest1  (cost=0.43..6.67 rows=112 width=4)
	  Index Cond: ((k >= 5378992) AND (k <= 5379092))

table 2 : explain SELECT k FROM sbtest2 WHERE k BETWEEN 5378992 AND 5379092
	Index Only Scan using k_2 on sbtest2  (cost=0.43..6.43 rows=100 width=4)
	  Index Cond: ((k >= 5378992) AND (k <= 5379092))

table 3 : explain SELECT k FROM sbtest3 WHERE k BETWEEN 5378992 AND 5379092
	Index Only Scan using k_3 on sbtest3  (cost=0.43..10.33 rows=95 width=4)
	  Index Cond: ((k >= 5378992) AND (k <= 5379092))

table 4 : explain SELECT k FROM sbtest4 WHERE k BETWEEN 5378992 AND 5379092
	Index Only Scan using k_4 on sbtest4  (cost=0.43..6.37 rows=97 width=4)
	  Index Cond: ((k >= 5378992) AND (k <= 5379092))

table 5 : explain SELECT k FROM sbtest5 WHERE k BETWEEN 5378992 AND 5379092
	Index Only Scan using k_5 on sbtest5  (cost=0.43..6.45 rows=101 width=4)
	  Index Cond: ((k >= 5378992) AND (k <= 5379092))

table 6 : explain SELECT k FROM sbtest6 WHERE k BETWEEN 5378992 AND 5379092
	Index Only Scan using k_6 on sbtest6  (cost=0.43..6.59 rows=108 width=4)
	  Index Cond: ((k >= 5378992) AND (k <= 5379092))

table 7 : explain SELECT k FROM sbtest7 WHERE k BETWEEN 5378992 AND 5379092
	Index Only Scan using k_7 on sbtest7  (cost=0.43..6.63 rows=110 width=4)
	  Index Cond: ((k >= 5378992) AND (k <= 5379092))

table 8 : explain SELECT k FROM sbtest8 WHERE k BETWEEN 5378992 AND 5379092
	Index Only Scan using k_8 on sbtest8  (cost=0.43..6.35 rows=96 width=4)
	  Index Cond: ((k >= 5378992) AND (k <= 5379092))

explain: for range-covered :: explain SELECT k FROM sbtest%d WHERE k BETWEEN 5378992 AND 5379092
for range-covered
table 1 : explain SELECT k FROM sbtest1 WHERE k BETWEEN 5378992 AND 5379092
	Index Only Scan using k_1 on sbtest1  (cost=0.43..6.67 rows=112 width=4)
	  Index Cond: ((k >= 5378992) AND (k <= 5379092))

table 2 : explain SELECT k FROM sbtest2 WHERE k BETWEEN 5378992 AND 5379092
	Index Only Scan using k_2 on sbtest2  (cost=0.43..6.43 rows=100 width=4)
	  Index Cond: ((k >= 5378992) AND (k <= 5379092))

table 3 : explain SELECT k FROM sbtest3 WHERE k BETWEEN 5378992 AND 5379092
	Index Only Scan using k_3 on sbtest3  (cost=0.43..10.33 rows=95 width=4)
	  Index Cond: ((k >= 5378992) AND (k <= 5379092))

table 4 : explain SELECT k FROM sbtest4 WHERE k BETWEEN 5378992 AND 5379092
	Index Only Scan using k_4 on sbtest4  (cost=0.43..6.37 rows=97 width=4)
	  Index Cond: ((k >= 5378992) AND (k <= 5379092))

table 5 : explain SELECT k FROM sbtest5 WHERE k BETWEEN 5378992 AND 5379092
	Index Only Scan using k_5 on sbtest5  (cost=0.43..6.45 rows=101 width=4)
	  Index Cond: ((k >= 5378992) AND (k <= 5379092))

table 6 : explain SELECT k FROM sbtest6 WHERE k BETWEEN 5378992 AND 5379092
	Index Only Scan using k_6 on sbtest6  (cost=0.43..6.59 rows=108 width=4)
	  Index Cond: ((k >= 5378992) AND (k <= 5379092))

table 7 : explain SELECT k FROM sbtest7 WHERE k BETWEEN 5378992 AND 5379092
	Index Only Scan using k_7 on sbtest7  (cost=0.43..6.63 rows=110 width=4)
	  Index Cond: ((k >= 5378992) AND (k <= 5379092))

table 8 : explain SELECT k FROM sbtest8 WHERE k BETWEEN 5378992 AND 5379092
	Index Only Scan using k_8 on sbtest8  (cost=0.43..6.35 rows=96 width=4)
	  Index Cond: ((k >= 5378992) AND (k <= 5379092))

explain: for range-covered :: explain SELECT k FROM sbtest%d WHERE k BETWEEN 5378992 AND 5379092
for range-covered
table 1 : explain SELECT k FROM sbtest1 WHERE k BETWEEN 5378992 AND 5379092
	Index Only Scan using k_1 on sbtest1  (cost=0.43..6.67 rows=112 width=4)
	  Index Cond: ((k >= 5378992) AND (k <= 5379092))

table 2 : explain SELECT k FROM sbtest2 WHERE k BETWEEN 5378992 AND 5379092
	Index Only Scan using k_2 on sbtest2  (cost=0.43..6.43 rows=100 width=4)
	  Index Cond: ((k >= 5378992) AND (k <= 5379092))

table 3 : explain SELECT k FROM sbtest3 WHERE k BETWEEN 5378992 AND 5379092
	Index Only Scan using k_3 on sbtest3  (cost=0.43..10.33 rows=95 width=4)
	  Index Cond: ((k >= 5378992) AND (k <= 5379092))

table 4 : explain SELECT k FROM sbtest4 WHERE k BETWEEN 5378992 AND 5379092
	Index Only Scan using k_4 on sbtest4  (cost=0.43..6.37 rows=97 width=4)
	  Index Cond: ((k >= 5378992) AND (k <= 5379092))

table 5 : explain SELECT k FROM sbtest5 WHERE k BETWEEN 5378992 AND 5379092
	Index Only Scan using k_5 on sbtest5  (cost=0.43..6.45 rows=101 width=4)
	  Index Cond: ((k >= 5378992) AND (k <= 5379092))

table 6 : explain SELECT k FROM sbtest6 WHERE k BETWEEN 5378992 AND 5379092
	Index Only Scan using k_6 on sbtest6  (cost=0.43..6.59 rows=108 width=4)
	  Index Cond: ((k >= 5378992) AND (k <= 5379092))

table 7 : explain SELECT k FROM sbtest7 WHERE k BETWEEN 5378992 AND 5379092
	Index Only Scan using k_7 on sbtest7  (cost=0.43..6.63 rows=110 width=4)
	  Index Cond: ((k >= 5378992) AND (k <= 5379092))

table 8 : explain SELECT k FROM sbtest8 WHERE k BETWEEN 5378992 AND 5379092
	Index Only Scan using k_8 on sbtest8  (cost=0.43..6.35 rows=96 width=4)
	  Index Cond: ((k >= 5378992) AND (k <= 5379092))

explain: for range-covered :: explain SELECT k FROM sbtest%d WHERE k BETWEEN 5378992 AND 5379092
for range-covered
table 1 : explain SELECT k FROM sbtest1 WHERE k BETWEEN 5378992 AND 5379092
	Index Only Scan using k_1 on sbtest1  (cost=0.43..6.67 rows=112 width=4)
	  Index Cond: ((k >= 5378992) AND (k <= 5379092))

table 2 : explain SELECT k FROM sbtest2 WHERE k BETWEEN 5378992 AND 5379092
	Index Only Scan using k_2 on sbtest2  (cost=0.43..6.43 rows=100 width=4)
	  Index Cond: ((k >= 5378992) AND (k <= 5379092))

table 3 : explain SELECT k FROM sbtest3 WHERE k BETWEEN 5378992 AND 5379092
	Index Only Scan using k_3 on sbtest3  (cost=0.43..10.33 rows=95 width=4)
	  Index Cond: ((k >= 5378992) AND (k <= 5379092))

table 4 : explain SELECT k FROM sbtest4 WHERE k BETWEEN 5378992 AND 5379092
	Index Only Scan using k_4 on sbtest4  (cost=0.43..6.37 rows=97 width=4)
	  Index Cond: ((k >= 5378992) AND (k <= 5379092))

table 5 : explain SELECT k FROM sbtest5 WHERE k BETWEEN 5378992 AND 5379092
	Index Only Scan using k_5 on sbtest5  (cost=0.43..6.45 rows=101 width=4)
	  Index Cond: ((k >= 5378992) AND (k <= 5379092))

table 6 : explain SELECT k FROM sbtest6 WHERE k BETWEEN 5378992 AND 5379092
	Index Only Scan using k_6 on sbtest6  (cost=0.43..6.59 rows=108 width=4)
	  Index Cond: ((k >= 5378992) AND (k <= 5379092))

table 7 : explain SELECT k FROM sbtest7 WHERE k BETWEEN 5378992 AND 5379092
	Index Only Scan using k_7 on sbtest7  (cost=0.43..6.63 rows=110 width=4)
	  Index Cond: ((k >= 5378992) AND (k <= 5379092))

table 8 : explain SELECT k FROM sbtest8 WHERE k BETWEEN 5378992 AND 5379092
	Index Only Scan using k_8 on sbtest8  (cost=0.43..6.35 rows=96 width=4)
	  Index Cond: ((k >= 5378992) AND (k <= 5379092))

explain: for range-covered :: explain SELECT k FROM sbtest%d WHERE k BETWEEN 5378992 AND 5379092
for range-covered
table 1 : explain SELECT k FROM sbtest1 WHERE k BETWEEN 5378992 AND 5379092
	Index Only Scan using k_1 on sbtest1  (cost=0.43..6.67 rows=112 width=4)
	  Index Cond: ((k >= 5378992) AND (k <= 5379092))

table 2 : explain SELECT k FROM sbtest2 WHERE k BETWEEN 5378992 AND 5379092
	Index Only Scan using k_2 on sbtest2  (cost=0.43..6.43 rows=100 width=4)
	  Index Cond: ((k >= 5378992) AND (k <= 5379092))

table 3 : explain SELECT k FROM sbtest3 WHERE k BETWEEN 5378992 AND 5379092
	Index Only Scan using k_3 on sbtest3  (cost=0.43..10.33 rows=95 width=4)
	  Index Cond: ((k >= 5378992) AND (k <= 5379092))

table 4 : explain SELECT k FROM sbtest4 WHERE k BETWEEN 5378992 AND 5379092
	Index Only Scan using k_4 on sbtest4  (cost=0.43..6.37 rows=97 width=4)
	  Index Cond: ((k >= 5378992) AND (k <= 5379092))

table 5 : explain SELECT k FROM sbtest5 WHERE k BETWEEN 5378992 AND 5379092
	Index Only Scan using k_5 on sbtest5  (cost=0.43..6.45 rows=101 width=4)
	  Index Cond: ((k >= 5378992) AND (k <= 5379092))

table 6 : explain SELECT k FROM sbtest6 WHERE k BETWEEN 5378992 AND 5379092
	Index Only Scan using k_6 on sbtest6  (cost=0.43..6.59 rows=108 width=4)
	  Index Cond: ((k >= 5378992) AND (k <= 5379092))

table 7 : explain SELECT k FROM sbtest7 WHERE k BETWEEN 5378992 AND 5379092
	Index Only Scan using k_7 on sbtest7  (cost=0.43..6.63 rows=110 width=4)
	  Index Cond: ((k >= 5378992) AND (k <= 5379092))

table 8 : explain SELECT k FROM sbtest8 WHERE k BETWEEN 5378992 AND 5379092
	Index Only Scan using k_8 on sbtest8  (cost=0.43..6.35 rows=96 width=4)
	  Index Cond: ((k >= 5378992) AND (k <= 5379092))

Threads started!

Warming up for 5 seconds...

SQL statistics:
    queries performed:
        read:                            252342138
        write:                           0
        other:                           0
        total:                           252342138
    transactions:                        252342138 (400536.90 per sec.)
    queries:                             252342138 (400536.90 per sec.)
    ignored errors:                      0      (0.00 per sec.)
    reconnects:                          0      (0.00 per sec.)

Throughput:
    events/s (eps):                      400536.8961
    time elapsed:                        630.0099s
    total number of events:              252342138

Latency (ms):
         min:                                    0.06
         avg:                                    0.10
         max:                                   16.12
         95th percentile:                        0.11
         sum:                             25118377.45

Threads fairness:
    events (avg/stddev):           6308547.8250/27810.57
    execution time (avg/stddev):   627.9594/0.07

