LUA_PATH=/home/mdcallag/git/mytools/bench/sysbench.lua/lua/?.lua /home/mdcallag/git/mytools/bench/sysbench.lua/lua/sysbench --db-driver=pgsql --range-size=10 --table-size=10000000 --tables=8 --threads=40 --events=0 --warmup-time=5 --time=630 --pgsql_conn_id=true /home/mdcallag/git/mytools/bench/sysbench.lua/lua/oltp_read_only.lua run --pgsql-user=root --pgsql-password=pw --pgsql-host=127.0.0.1 --pgsql-db=ib --rand-type=uniform
48 CPUs
sysbench 1.1.0-9072687 (using bundled LuaJIT 2.1.0-beta3)

Running the test with following options:
Number of threads: 40
Warmup time: 5s
Initializing random number generator from current time


Initializing worker threads...

explain: for point_selects :: explain SELECT c FROM sbtest%u WHERE id=%u
explain: for point_selects :: explain SELECT c FROM sbtest%u WHERE id=%u
explain: for point_selects :: explain SELECT c FROM sbtest%u WHERE id=%u
explain: for point_selects :: explain SELECT c FROM sbtest%u WHERE id=%u
explain: for point_selects :: explain SELECT c FROM sbtest%u WHERE id=%u
explain: for point_selects :: explain SELECT c FROM sbtest%u WHERE id=%u
explain: for point_selects :: explain SELECT c FROM sbtest%u WHERE id=%u
explain: for point_selects :: explain SELECT c FROM sbtest%u WHERE id=%u
explain: for point_selects :: explain SELECT c FROM sbtest%u WHERE id=%u
explain: for point_selects :: explain SELECT c FROM sbtest%u WHERE id=%u
explain: for point_selects :: explain SELECT c FROM sbtest%u WHERE id=%u
explain: for point_selects :: explain SELECT c FROM sbtest%u WHERE id=%u
explain: for point_selects :: explain SELECT c FROM sbtest%u WHERE id=%u
explain: for point_selects :: explain SELECT c FROM sbtest%u WHERE id=%uexplain: for point_selects :: explain SELECT c FROM sbtest%u WHERE id=%u
explain: for point_selects :: explain SELECT c FROM sbtest%u WHERE id=%u
explain: for point_selects :: explain SELECT c FROM sbtest%u WHERE id=%u
explain: for point_selects :: explain SELECT c FROM sbtest%u WHERE id=%u

explain: for point_selects :: explain SELECT c FROM sbtest%u WHERE id=%u
explain: for point_selects :: explain SELECT c FROM sbtest%u WHERE id=%u
explain: for point_selects :: explain SELECT c FROM sbtest%u WHERE id=%u
explain: for point_selects :: explain SELECT c FROM sbtest%u WHERE id=%u
explain: for point_selects :: explain SELECT c FROM sbtest%u WHERE id=%u
for point_selects
table 1 : explain SELECT c FROM sbtest1 WHERE id=8866032
	Index Scan using sbtest1_pkey on sbtest1  (cost=0.43..8.45 rows=1 width=121)
	  Index Cond: (id = 8866032)

table 2 : explain SELECT c FROM sbtest2 WHERE id=7117589
	Index Scan using sbtest2_pkey on sbtest2  (cost=0.43..8.45 rows=1 width=121)
	  Index Cond: (id = 7117589)

table 3 : explain SELECT c FROM sbtest3 WHERE id=1816512
	Index Scan using sbtest3_pkey on sbtest3  (cost=0.43..8.45 rows=1 width=121)
	  Index Cond: (id = 1816512)

table 4 : explain SELECT c FROM sbtest4 WHERE id=7227394
	Index Scan using sbtest4_pkey on sbtest4  (cost=0.43..8.45 rows=1 width=121)
	  Index Cond: (id = 7227394)

table 5 : explain SELECT c FROM sbtest5 WHERE id=2495975
	Index Scan using sbtest5_pkey on sbtest5  (cost=0.43..8.45 rows=1 width=121)
	  Index Cond: (id = 2495975)

table 6 : explain SELECT c FROM sbtest6 WHERE id=1159931
	Index Scan using sbtest6_pkey on sbtest6  (cost=0.43..8.45 rows=1 width=121)
	  Index Cond: (id = 1159931)

table 7 : explain SELECT c FROM sbtest7 WHERE id=2718525
	Index Scan using sbtest7_pkey on sbtest7  (cost=0.43..8.45 rows=1 width=121)
	  Index Cond: (id = 2718525)

table 8 : explain SELECT c FROM sbtest8 WHERE id=9481121
	Index Scan using sbtest8_pkey on sbtest8  (cost=0.43..8.45 rows=1 width=121)
	  Index Cond: (id = 9481121)

for point_selects
table 1 : explain SELECT c FROM sbtest1 WHERE id=3380756
	Index Scan using sbtest1_pkey on sbtest1  (cost=0.43..8.45 rows=1 width=121)
	  Index Cond: (id = 3380756)

table 2 : explain SELECT c FROM sbtest2 WHERE id=8787631
	Index Scan using sbtest2_pkey on sbtest2  (cost=0.43..8.45 rows=1 width=121)
	  Index Cond: (id = 8787631)

table 3 : explain SELECT c FROM sbtest3 WHERE id=1768687
	Index Scan using sbtest3_pkey on sbtest3  (cost=0.43..8.45 rows=1 width=121)
	  Index Cond: (id = 1768687)

table 4 : explain SELECT c FROM sbtest4 WHERE id=2415231
	Index Scan using sbtest4_pkey on sbtest4  (cost=0.43..8.45 rows=1 width=121)
	  Index Cond: (id = 2415231)

table 5 : explain SELECT c FROM sbtest5 WHERE id=5477953
	Index Scan using sbtest5_pkey on sbtest5  (cost=0.43..8.45 rows=1 width=121)
	  Index Cond: (id = 5477953)

table 6 : explain SELECT c FROM sbtest6 WHERE id=5043243
	Index Scan using sbtest6_pkey on sbtest6  (cost=0.43..8.45 rows=1 width=121)
	  Index Cond: (id = 5043243)

table 7 : explain SELECT c FROM sbtest7 WHERE id=1396669
	Index Scan using sbtest7_pkey on sbtest7  (cost=0.43..8.45 rows=1 width=121)
	  Index Cond: (id = 1396669)

table 8 : explain SELECT c FROM sbtest8 WHERE id=1050636
	Index Scan using sbtest8_pkey on sbtest8  (cost=0.43..8.45 rows=1 width=121)
	  Index Cond: (id = 1050636)

explain: for point_selects :: explain SELECT c FROM sbtest%u WHERE id=%u
explain: for point_selects :: explain SELECT c FROM sbtest%u WHERE id=%u
explain: for point_selects :: explain SELECT c FROM sbtest%u WHERE id=%u
explain: for point_selects :: explain SELECT c FROM sbtest%u WHERE id=%u
explain: for point_selects :: explain SELECT c FROM sbtest%u WHERE id=%u
explain: for point_selects :: explain SELECT c FROM sbtest%u WHERE id=%u
explain: for point_selects :: explain SELECT c FROM sbtest%u WHERE id=%u
for point_selects
table 1 : explain SELECT c FROM sbtest1 WHERE id=5207521
	Index Scan using sbtest1_pkey on sbtest1  (cost=0.43..8.45 rows=1 width=121)
	  Index Cond: (id = 5207521)

table 2 : explain SELECT c FROM sbtest2 WHERE id=8878326
	Index Scan using sbtest2_pkey on sbtest2  (cost=0.43..8.45 rows=1 width=121)
	  Index Cond: (id = 8878326)

table 3 : explain SELECT c FROM sbtest3 WHERE id=6203951
	Index Scan using sbtest3_pkey on sbtest3  (cost=0.43..8.45 rows=1 width=121)
	  Index Cond: (id = 6203951)

table 4 : explain SELECT c FROM sbtest4 WHERE id=4989713
	Index Scan using sbtest4_pkey on sbtest4  (cost=0.43..8.45 rows=1 width=121)
	  Index Cond: (id = 4989713)

table 5 : explain SELECT c FROM sbtest5 WHERE id=4426815
	Index Scan using sbtest5_pkey on sbtest5  (cost=0.43..8.45 rows=1 width=121)
	  Index Cond: (id = 4426815)

table 6 : explain SELECT c FROM sbtest6 WHERE id=4878174
	Index Scan using sbtest6_pkey on sbtest6  (cost=0.43..8.45 rows=1 width=121)
	  Index Cond: (id = 4878174)

table 7 : explain SELECT c FROM sbtest7 WHERE id=1415280
	Index Scan using sbtest7_pkey on sbtest7  (cost=0.43..8.45 rows=1 width=121)
	  Index Cond: (id = 1415280)

table 8 : explain SELECT c FROM sbtest8 WHERE id=3546881
	Index Scan using sbtest8_pkey on sbtest8  (cost=0.43..8.45 rows=1 width=121)
	  Index Cond: (id = 3546881)

for point_selects
table 1 : explain SELECT c FROM sbtest1 WHERE id=8541050
	Index Scan using sbtest1_pkey on sbtest1  (cost=0.43..8.45 rows=1 width=121)
	  Index Cond: (id = 8541050)

table 2 : explain SELECT c FROM sbtest2 WHERE id=9184985
	Index Scan using sbtest2_pkey on sbtest2  (cost=0.43..8.45 rows=1 width=121)
	  Index Cond: (id = 9184985)

table 3 : explain SELECT c FROM sbtest3 WHERE id=3548064
	Index Scan using sbtest3_pkey on sbtest3  (cost=0.43..8.45 rows=1 width=121)
	  Index Cond: (id = 3548064)

table 4 : explain SELECT c FROM sbtest4 WHERE id=9519887
	Index Scan using sbtest4_pkey on sbtest4  (cost=0.43..8.45 rows=1 width=121)
	  Index Cond: (id = 9519887)

table 5 : explain SELECT c FROM sbtest5 WHERE id=543426
	Index Scan using sbtest5_pkey on sbtest5  (cost=0.43..8.45 rows=1 width=121)
	  Index Cond: (id = 543426)

table 6 : explain SELECT c FROM sbtest6 WHERE id=1180543
	Index Scan using sbtest6_pkey on sbtest6  (cost=0.43..8.45 rows=1 width=121)
	  Index Cond: (id = 1180543)

table 7 : explain SELECT c FROM sbtest7 WHERE id=203808
	Index Scan using sbtest7_pkey on sbtest7  (cost=0.43..8.45 rows=1 width=121)
	  Index Cond: (id = 203808)

table 8 : explain SELECT c FROM sbtest8 WHERE id=2977543
	Index Scan using sbtest8_pkey on sbtest8  (cost=0.43..8.45 rows=1 width=121)
	  Index Cond: (id = 2977543)

for point_selects
table 1 : explain SELECT c FROM sbtest1 WHERE id=3106187
	Index Scan using sbtest1_pkey on sbtest1  (cost=0.43..8.45 rows=1 width=121)
	  Index Cond: (id = 3106187)

table 2 : explain SELECT c FROM sbtest2 WHERE id=6275928
	Index Scan using sbtest2_pkey on sbtest2  (cost=0.43..8.45 rows=1 width=121)
	  Index Cond: (id = 6275928)

table 3 : explain SELECT c FROM sbtest3 WHERE id=7253836
	Index Scan using sbtest3_pkey on sbtest3  (cost=0.43..8.45 rows=1 width=121)
	  Index Cond: (id = 7253836)

table 4 : explain SELECT c FROM sbtest4 WHERE id=718267
	Index Scan using sbtest4_pkey on sbtest4  (cost=0.43..8.45 rows=1 width=121)
	  Index Cond: (id = 718267)

table 5 : explain SELECT c FROM sbtest5 WHERE id=6605804
	Index Scan using sbtest5_pkey on sbtest5  (cost=0.43..8.45 rows=1 width=121)
	  Index Cond: (id = 6605804)

table 6 : explain SELECT c FROM sbtest6 WHERE id=9076021
	Index Scan using sbtest6_pkey on sbtest6  (cost=0.43..8.45 rows=1 width=121)
	  Index Cond: (id = 9076021)

table 7 : explain SELECT c FROM sbtest7 WHERE id=8384541
	Index Scan using sbtest7_pkey on sbtest7  (cost=0.43..8.45 rows=1 width=121)
	  Index Cond: (id = 8384541)

table 8 : explain SELECT c FROM sbtest8 WHERE id=5024804
	Index Scan using sbtest8_pkey on sbtest8  (cost=0.43..8.45 rows=1 width=121)
	  Index Cond: (id = 5024804)

for point_selects
table 1 : explain SELECT c FROM sbtest1 WHERE id=7019774
	Index Scan using sbtest1_pkey on sbtest1  (cost=0.43..8.45 rows=1 width=121)
	  Index Cond: (id = 7019774)

table 2 : explain SELECT c FROM sbtest2 WHERE id=6666179
	Index Scan using sbtest2_pkey on sbtest2  (cost=0.43..8.45 rows=1 width=121)
	  Index Cond: (id = 6666179)

table 3 : explain SELECT c FROM sbtest3 WHERE id=8267774
	Index Scan using sbtest3_pkey on sbtest3  (cost=0.43..8.45 rows=1 width=121)
	  Index Cond: (id = 8267774)

table 4 : explain SELECT c FROM sbtest4 WHERE id=9312390
	Index Scan using sbtest4_pkey on sbtest4  (cost=0.43..8.45 rows=1 width=121)
	  Index Cond: (id = 9312390)

table 5 : explain SELECT c FROM sbtest5 WHERE id=6129150
	Index Scan using sbtest5_pkey on sbtest5  (cost=0.43..8.45 rows=1 width=121)
	  Index Cond: (id = 6129150)

table 6 : explain SELECT c FROM sbtest6 WHERE id=2309868
	Index Scan using sbtest6_pkey on sbtest6  (cost=0.43..8.45 rows=1 width=121)
	  Index Cond: (id = 2309868)

table 7 : explain SELECT c FROM sbtest7 WHERE id=3724158
	Index Scan using sbtest7_pkey on sbtest7  (cost=0.43..8.45 rows=1 width=121)
	  Index Cond: (id = 3724158)

table 8 : explain SELECT c FROM sbtest8 WHERE id=212270
	Index Scan using sbtest8_pkey on sbtest8  (cost=0.43..8.45 rows=1 width=121)
	  Index Cond: (id = 212270)

for point_selects
table 1 : explain SELECT c FROM sbtest1 WHERE id=8621340
	Index Scan using sbtest1_pkey on sbtest1  (cost=0.43..8.45 rows=1 width=121)
	  Index Cond: (id = 8621340)

table 2 : explain SELECT c FROM sbtest2 WHERE id=4361630
	Index Scan using sbtest2_pkey on sbtest2  (cost=0.43..8.45 rows=1 width=121)
	  Index Cond: (id = 4361630)

table 3 : explain SELECT c FROM sbtest3 WHERE id=2260966
	Index Scan using sbtest3_pkey on sbtest3  (cost=0.43..8.45 rows=1 width=121)
	  Index Cond: (id = 2260966)

table 4 : explain SELECT c FROM sbtest4 WHERE id=1711810
	Index Scan using sbtest4_pkey on sbtest4  (cost=0.43..8.45 rows=1 width=121)
	  Index Cond: (id = 1711810)

table 5 : explain SELECT c FROM sbtest5 WHERE id=9509276
	Index Scan using sbtest5_pkey on sbtest5  (cost=0.43..8.45 rows=1 width=121)
	  Index Cond: (id = 9509276)

table 6 : explain SELECT c FROM sbtest6 WHERE id=6132768
	Index Scan using sbtest6_pkey on sbtest6  (cost=0.43..8.45 rows=1 width=121)
	  Index Cond: (id = 6132768)

table 7 : explain SELECT c FROM sbtest7 WHERE id=8120001
	Index Scan using sbtest7_pkey on sbtest7  (cost=0.43..8.45 rows=1 width=121)
	  Index Cond: (id = 8120001)

table 8 : explain SELECT c FROM sbtest8 WHERE id=6111575
	Index Scan using sbtest8_pkey on sbtest8  (cost=0.43..8.45 rows=1 width=121)
	  Index Cond: (id = 6111575)
for point_selects
table 1 : explain SELECT c FROM sbtest1 WHERE id=9071383
	Index Scan using sbtest1_pkey on sbtest1  (cost=0.43..8.45 rows=1 width=121)
	  Index Cond: (id = 9071383)

table 2 : explain SELECT c FROM sbtest2 WHERE id=9931052
	Index Scan using sbtest2_pkey on sbtest2  (cost=0.43..8.45 rows=1 width=121)
	  Index Cond: (id = 9931052)

table 3 : explain SELECT c FROM sbtest3 WHERE id=7339585
	Index Scan using sbtest3_pkey on sbtest3  (cost=0.43..8.45 rows=1 width=121)
	  Index Cond: (id = 7339585)

table 4 : explain SELECT c FROM sbtest4 WHERE id=9149637
	Index Scan using sbtest4_pkey on sbtest4  (cost=0.43..8.45 rows=1 width=121)
	  Index Cond: (id = 9149637)

table 5 : explain SELECT c FROM sbtest5 WHERE id=1501161
	Index Scan using sbtest5_pkey on sbtest5  (cost=0.43..8.45 rows=1 width=121)
	  Index Cond: (id = 1501161)

table 6 : explain SELECT c FROM sbtest6 WHERE id=361022
	Index Scan using sbtest6_pkey on sbtest6  (cost=0.43..8.45 rows=1 width=121)
	  Index Cond: (id = 361022)

table 7 : explain SELECT c FROM sbtest7 WHERE id=5173482
	Index Scan using sbtest7_pkey on sbtest7  (cost=0.43..8.45 rows=1 width=121)
	  Index Cond: (id = 5173482)

table 8 : explain SELECT c FROM sbtest8 WHERE id=8489884
	Index Scan using sbtest8_pkey on sbtest8  (cost=0.43..8.45 rows=1 width=121)
	  Index Cond: (id = 8489884)


for point_selects
table 1 : explain SELECT c FROM sbtest1 WHERE id=403229
	Index Scan using sbtest1_pkey on sbtest1  (cost=0.43..8.45 rows=1 width=121)
	  Index Cond: (id = 403229)

table 2 : explain SELECT c FROM sbtest2 WHERE id=919684
	Index Scan using sbtest2_pkey on sbtest2  (cost=0.43..8.45 rows=1 width=121)
	  Index Cond: (id = 919684)

table 3 : explain SELECT c FROM sbtest3 WHERE id=2959697
	Index Scan using sbtest3_pkey on sbtest3  (cost=0.43..8.45 rows=1 width=121)
	  Index Cond: (id = 2959697)

table 4 : explain SELECT c FROM sbtest4 WHERE id=3258597
	Index Scan using sbtest4_pkey on sbtest4  (cost=0.43..8.45 rows=1 width=121)
	  Index Cond: (id = 3258597)

table 5 : explain SELECT c FROM sbtest5 WHERE id=3112467
	Index Scan using sbtest5_pkey on sbtest5  (cost=0.43..8.45 rows=1 width=121)
	  Index Cond: (id = 3112467)

table 6 : explain SELECT c FROM sbtest6 WHERE id=3517296
	Index Scan using sbtest6_pkey on sbtest6  (cost=0.43..8.45 rows=1 width=121)
	  Index Cond: (id = 3517296)

table 7 : explain SELECT c FROM sbtest7 WHERE id=4933971
	Index Scan using sbtest7_pkey on sbtest7  (cost=0.43..8.45 rows=1 width=121)
	  Index Cond: (id = 4933971)

table 8 : explain SELECT c FROM sbtest8 WHERE id=8256429
	Index Scan using sbtest8_pkey on sbtest8  (cost=0.43..8.45 rows=1 width=121)
	  Index Cond: (id = 8256429)

explain: for point_selects :: explain SELECT c FROM sbtest%u WHERE id=%u
for: simple_ranges
table 1 : explain SELECT c FROM sbtest1 WHERE id BETWEEN 8602299 AND 8602308
	Index Scan using sbtest1_pkey on sbtest1  (cost=0.43..40.18 rows=9 width=121)
	  Index Cond: ((id >= 8602299) AND (id <= 8602308))

table 2 : explain SELECT c FROM sbtest2 WHERE id BETWEEN 1804456 AND 1804465
	Index Scan using sbtest2_pkey on sbtest2  (cost=0.43..44.04 rows=10 width=121)
	  Index Cond: ((id >= 1804456) AND (id <= 1804465))

table 3 : explain SELECT c FROM sbtest3 WHERE id BETWEEN 7273438 AND 7273447
	Index Scan using sbtest3_pkey on sbtest3  (cost=0.43..44.11 rows=10 width=121)
	  Index Cond: ((id >= 7273438) AND (id <= 7273447))

table 4 : explain SELECT c FROM sbtest4 WHERE id BETWEEN 3021621 AND 3021630
	Index Scan using sbtest4_pkey on sbtest4  (cost=0.43..44.11 rows=10 width=121)
	  Index Cond: ((id >= 3021621) AND (id <= 3021630))

table 5 : explain SELECT c FROM sbtest5 WHERE id BETWEEN 7801910 AND 7801919
	Index Scan using sbtest5_pkey on sbtest5  (cost=0.43..40.08 rows=9 width=121)
	  Index Cond: ((id >= 7801910) AND (id <= 7801919))

table 6 : explain SELECT c FROM sbtest6 WHERE id BETWEEN 8403727 AND 8403736
	Index Scan using sbtest6_pkey on sbtest6  (cost=0.43..47.98 rows=11 width=121)
	  Index Cond: ((id >= 8403727) AND (id <= 8403736))

table 7 : explain SELECT c FROM sbtest7 WHERE id BETWEEN 1320021 AND 1320030
	Index Scan using sbtest7_pkey on sbtest7  (cost=0.43..44.00 rows=10 width=121)
	  Index Cond: ((id >= 1320021) AND (id <= 1320030))

table 8 : explain SELECT c FROM sbtest8 WHERE id BETWEEN 4343993 AND 4344002
	Index Scan using sbtest8_pkey on sbtest8  (cost=0.43..52.00 rows=12 width=121)
	  Index Cond: ((id >= 4343993) AND (id <= 4344002))

for point_selects
table 1 : explain SELECT c FROM sbtest1 WHERE id=6695737
	Index Scan using sbtest1_pkey on sbtest1  (cost=0.43..8.45 rows=1 width=121)
	  Index Cond: (id = 6695737)

table 2 : explain SELECT c FROM sbtest2 WHERE id=5570664
	Index Scan using sbtest2_pkey on sbtest2  (cost=0.43..8.45 rows=1 width=121)
	  Index Cond: (id = 5570664)

table 3 : explain SELECT c FROM sbtest3 WHERE id=1376316
	Index Scan using sbtest3_pkey on sbtest3  (cost=0.43..8.45 rows=1 width=121)
	  Index Cond: (id = 1376316)

table 4 : explain SELECT c FROM sbtest4 WHERE id=1866935
	Index Scan using sbtest4_pkey on sbtest4  (cost=0.43..8.45 rows=1 width=121)
	  Index Cond: (id = 1866935)

table 5 : explain SELECT c FROM sbtest5 WHERE id=6822922
	Index Scan using sbtest5_pkey on sbtest5  (cost=0.43..8.45 rows=1 width=121)
	  Index Cond: (id = 6822922)

table 6 : explain SELECT c FROM sbtest6 WHERE id=4619431
	Index Scan using sbtest6_pkey on sbtest6  (cost=0.43..8.45 rows=1 width=121)
	  Index Cond: (id = 4619431)

table 7 : explain SELECT c FROM sbtest7 WHERE id=6269788
	Index Scan using sbtest7_pkey on sbtest7  (cost=0.43..8.45 rows=1 width=121)
	  Index Cond: (id = 6269788)

table 8 : explain SELECT c FROM sbtest8 WHERE id=2963973
	Index Scan using sbtest8_pkey on sbtest8  (cost=0.43..8.45 rows=1 width=121)
	  Index Cond: (id = 2963973)

for: simple_ranges
table 1 : explain SELECT c FROM sbtest1 WHERE id BETWEEN 1783626 AND 1783635
	Index Scan using sbtest1_pkey on sbtest1  (cost=0.43..48.11 rows=11 width=121)
	  Index Cond: ((id >= 1783626) AND (id <= 1783635))

table 2 : explain SELECT c FROM sbtest2 WHERE id BETWEEN 5271021 AND 5271030
	Index Scan using sbtest2_pkey on sbtest2  (cost=0.43..44.04 rows=10 width=121)
	  Index Cond: ((id >= 5271021) AND (id <= 5271030))

table 3 : explain SELECT c FROM sbtest3 WHERE id BETWEEN 6822148 AND 6822157
	Index Scan using sbtest3_pkey on sbtest3  (cost=0.43..44.11 rows=10 width=121)
	  Index Cond: ((id >= 6822148) AND (id <= 6822157))

table 4 : explain SELECT c FROM sbtest4 WHERE id BETWEEN 1980388 AND 1980397
	Index Scan using sbtest4_pkey on sbtest4  (cost=0.43..44.11 rows=10 width=121)
	  Index Cond: ((id >= 1980388) AND (id <= 1980397))

table 5 : explain SELECT c FROM sbtest5 WHERE id BETWEEN 93099 AND 93108
	Index Scan using sbtest5_pkey on sbtest5  (cost=0.43..44.04 rows=10 width=121)
	  Index Cond: ((id >= 93099) AND (id <= 93108))

table 6 : explain SELECT c FROM sbtest6 WHERE id BETWEEN 2850816 AND 2850825
	Index Scan using sbtest6_pkey on sbtest6  (cost=0.43..40.08 rows=9 width=121)
	  Index Cond: ((id >= 2850816) AND (id <= 2850825))

table 7 : explain SELECT c FROM sbtest7 WHERE id BETWEEN 5174735 AND 5174744
	Index Scan using sbtest7_pkey on sbtest7  (cost=0.43..44.00 rows=10 width=121)
	  Index Cond: ((id >= 5174735) AND (id <= 5174744))

table 8 : explain SELECT c FROM sbtest8 WHERE id BETWEEN 6103700 AND 6103709
	Index Scan using sbtest8_pkey on sbtest8  (cost=0.43..48.04 rows=11 width=121)
	  Index Cond: ((id >= 6103700) AND (id <= 6103709))

explain: for point_selects :: explain SELECT c FROM sbtest%u WHERE id=%u
for point_selects
table 1 : explain SELECT c FROM sbtest1 WHERE id=6207541
	Index Scan using sbtest1_pkey on sbtest1  (cost=0.43..8.45 rows=1 width=121)
	  Index Cond: (id = 6207541)

table 2 : explain SELECT c FROM sbtest2 WHERE id=2317343
	Index Scan using sbtest2_pkey on sbtest2  (cost=0.43..8.45 rows=1 width=121)
	  Index Cond: (id = 2317343)

table 3 : explain SELECT c FROM sbtest3 WHERE id=5056074
	Index Scan using sbtest3_pkey on sbtest3  (cost=0.43..8.45 rows=1 width=121)
	  Index Cond: (id = 5056074)

table 4 : explain SELECT c FROM sbtest4 WHERE id=1706467
	Index Scan using sbtest4_pkey on sbtest4  (cost=0.43..8.45 rows=1 width=121)
	  Index Cond: (id = 1706467)

table 5 : explain SELECT c FROM sbtest5 WHERE id=2879663
	Index Scan using sbtest5_pkey on sbtest5  (cost=0.43..8.45 rows=1 width=121)
	  Index Cond: (id = 2879663)

table 6 : explain SELECT c FROM sbtest6 WHERE id=851330
	Index Scan using sbtest6_pkey on sbtest6  (cost=0.43..8.45 rows=1 width=121)
	  Index Cond: (id = 851330)

table 7 : explain SELECT c FROM sbtest7 WHERE id=4334328
	Index Scan using sbtest7_pkey on sbtest7  (cost=0.43..8.45 rows=1 width=121)
	  Index Cond: (id = 4334328)

table 8 : explain SELECT c FROM sbtest8 WHERE id=8405086
	Index Scan using sbtest8_pkey on sbtest8  (cost=0.43..8.45 rows=1 width=121)
	  Index Cond: (id = 8405086)

for point_selects
table 1 : explain SELECT c FROM sbtest1 WHERE id=6637423
	Index Scan using sbtest1_pkey on sbtest1  (cost=0.43..8.45 rows=1 width=121)
	  Index Cond: (id = 6637423)

table 2 : explain SELECT c FROM sbtest2 WHERE id=7925993
	Index Scan using sbtest2_pkey on sbtest2  (cost=0.43..8.45 rows=1 width=121)
	  Index Cond: (id = 7925993)

table 3 : explain SELECT c FROM sbtest3 WHERE id=4431909
	Index Scan using sbtest3_pkey on sbtest3  (cost=0.43..8.45 rows=1 width=121)
	  Index Cond: (id = 4431909)

table 4 : explain SELECT c FROM sbtest4 WHERE id=5412421
	Index Scan using sbtest4_pkey on sbtest4  (cost=0.43..8.45 rows=1 width=121)
	  Index Cond: (id = 5412421)

table 5 : explain SELECT c FROM sbtest5 WHERE id=3887253
	Index Scan using sbtest5_pkey on sbtest5  (cost=0.43..8.45 rows=1 width=121)
	  Index Cond: (id = 3887253)

table 6 : explain SELECT c FROM sbtest6 WHERE id=4101080
	Index Scan using sbtest6_pkey on sbtest6  (cost=0.43..8.45 rows=1 width=121)
	  Index Cond: (id = 4101080)

table 7 : explain SELECT c FROM sbtest7 WHERE id=613619
	Index Scan using sbtest7_pkey on sbtest7  (cost=0.43..8.45 rows=1 width=121)
	  Index Cond: (id = 613619)

table 8 : explain SELECT c FROM sbtest8 WHERE id=4349824
	Index Scan using sbtest8_pkey on sbtest8  (cost=0.43..8.45 rows=1 width=121)
	  Index Cond: (id = 4349824)

for point_selects
table 1 : explain SELECT c FROM sbtest1 WHERE id=4992598
	Index Scan using sbtest1_pkey on sbtest1  (cost=0.43..8.45 rows=1 width=121)
	  Index Cond: (id = 4992598)

table 2 : explain SELECT c FROM sbtest2 WHERE id=2301455
	Index Scan using sbtest2_pkey on sbtest2  (cost=0.43..8.45 rows=1 width=121)
	  Index Cond: (id = 2301455)

table 3 : explain SELECT c FROM sbtest3 WHERE id=6108688
	Index Scan using sbtest3_pkey on sbtest3  (cost=0.43..8.45 rows=1 width=121)
	  Index Cond: (id = 6108688)

table 4 : explain SELECT c FROM sbtest4 WHERE id=3571947
	Index Scan using sbtest4_pkey on sbtest4  (cost=0.43..8.45 rows=1 width=121)
	  Index Cond: (id = 3571947)

table 5 : explain SELECT c FROM sbtest5 WHERE id=9696665
	Index Scan using sbtest5_pkey on sbtest5  (cost=0.43..8.45 rows=1 width=121)
	  Index Cond: (id = 9696665)

table 6 : explain SELECT c FROM sbtest6 WHERE id=9022752
	Index Scan using sbtest6_pkey on sbtest6  (cost=0.43..8.45 rows=1 width=121)
	  Index Cond: (id = 9022752)

table 7 : explain SELECT c FROM sbtest7 WHERE id=3165947
	Index Scan using sbtest7_pkey on sbtest7  (cost=0.43..8.45 rows=1 width=121)
	  Index Cond: (id = 3165947)

table 8 : explain SELECT c FROM sbtest8 WHERE id=6337677
	Index Scan using sbtest8_pkey on sbtest8  (cost=0.43..8.45 rows=1 width=121)
	  Index Cond: (id = 6337677)

for point_selects
table 1 : explain SELECT c FROM sbtest1 WHERE id=6802756
	Index Scan using sbtest1_pkey on sbtest1  (cost=0.43..8.45 rows=1 width=121)
	  Index Cond: (id = 6802756)

table 2 : explain SELECT c FROM sbtest2 WHERE id=6611920
	Index Scan using sbtest2_pkey on sbtest2  (cost=0.43..8.45 rows=1 width=121)
	  Index Cond: (id = 6611920)

table 3 : explain SELECT c FROM sbtest3 WHERE id=1698156
	Index Scan using sbtest3_pkey on sbtest3  (cost=0.43..8.45 rows=1 width=121)
	  Index Cond: (id = 1698156)

table 4 : explain SELECT c FROM sbtest4 WHERE id=7366326
	Index Scan using sbtest4_pkey on sbtest4  (cost=0.43..8.45 rows=1 width=121)
	  Index Cond: (id = 7366326)

table 5 : explain SELECT c FROM sbtest5 WHERE id=234208
	Index Scan using sbtest5_pkey on sbtest5  (cost=0.43..8.45 rows=1 width=121)
	  Index Cond: (id = 234208)

table 6 : explain SELECT c FROM sbtest6 WHERE id=710537
	Index Scan using sbtest6_pkey on sbtest6  (cost=0.43..8.45 rows=1 width=121)
	  Index Cond: (id = 710537)

table 7 : explain SELECT c FROM sbtest7 WHERE id=3714114
	Index Scan using sbtest7_pkey on sbtest7  (cost=0.43..8.45 rows=1 width=121)
	  Index Cond: (id = 3714114)

table 8 : explain SELECT c FROM sbtest8 WHERE id=3985360
	Index Scan using sbtest8_pkey on sbtest8  (cost=0.43..8.45 rows=1 width=121)
	  Index Cond: (id = 3985360)

for point_selects
table 1 : explain SELECT c FROM sbtest1 WHERE id=7734140
	Index Scan using sbtest1_pkey on sbtest1  (cost=0.43..8.45 rows=1 width=121)
	  Index Cond: (id = 7734140)

table 2 : explain SELECT c FROM sbtest2 WHERE id=9290823
	Index Scan using sbtest2_pkey on sbtest2  (cost=0.43..8.45 rows=1 width=121)
	  Index Cond: (id = 9290823)

table 3 : explain SELECT c FROM sbtest3 WHERE id=5852617
	Index Scan using sbtest3_pkey on sbtest3  (cost=0.43..8.45 rows=1 width=121)
	  Index Cond: (id = 5852617)

table 4 : explain SELECT c FROM sbtest4 WHERE id=4473718
	Index Scan using sbtest4_pkey on sbtest4  (cost=0.43..8.45 rows=1 width=121)
	  Index Cond: (id = 4473718)

table 5 : explain SELECT c FROM sbtest5 WHERE id=8102450
	Index Scan using sbtest5_pkey on sbtest5  (cost=0.43..8.45 rows=1 width=121)
	  Index Cond: (id = 8102450)

table 6 : explain SELECT c FROM sbtest6 WHERE id=9855001
	Index Scan using sbtest6_pkey on sbtest6  (cost=0.43..8.45 rows=1 width=121)
	  Index Cond: (id = 9855001)

table 7 : explain SELECT c FROM sbtest7 WHERE id=1078333
	Index Scan using sbtest7_pkey on sbtest7  (cost=0.43..8.45 rows=1 width=121)
	  Index Cond: (id = 1078333)

table 8 : explain SELECT c FROM sbtest8 WHERE id=4487282
	Index Scan using sbtest8_pkey on sbtest8  (cost=0.43..8.45 rows=1 width=121)
	  Index Cond: (id = 4487282)

for point_selects
table 1 : explain SELECT c FROM sbtest1 WHERE id=5366299
	Index Scan using sbtest1_pkey on sbtest1  (cost=0.43..8.45 rows=1 width=121)
	  Index Cond: (id = 5366299)

table 2 : explain SELECT c FROM sbtest2 WHERE id=7497264
	Index Scan using sbtest2_pkey on sbtest2  (cost=0.43..8.45 rows=1 width=121)
	  Index Cond: (id = 7497264)

table 3 : explain SELECT c FROM sbtest3 WHERE id=2768101
	Index Scan using sbtest3_pkey on sbtest3  (cost=0.43..8.45 rows=1 width=121)
	  Index Cond: (id = 2768101)

table 4 : explain SELECT c FROM sbtest4 WHERE id=7542986
	Index Scan using sbtest4_pkey on sbtest4  (cost=0.43..8.45 rows=1 width=121)
	  Index Cond: (id = 7542986)

table 5 : explain SELECT c FROM sbtest5 WHERE id=7640418
	Index Scan using sbtest5_pkey on sbtest5  (cost=0.43..8.45 rows=1 width=121)
	  Index Cond: (id = 7640418)

table 6 : explain SELECT c FROM sbtest6 WHERE id=7495777
	Index Scan using sbtest6_pkey on sbtest6  (cost=0.43..8.45 rows=1 width=121)
	  Index Cond: (id = 7495777)

table 7 : explain SELECT c FROM sbtest7 WHERE id=2179851
	Index Scan using sbtest7_pkey on sbtest7  (cost=0.43..8.45 rows=1 width=121)
	  Index Cond: (id = 2179851)

table 8 : explain SELECT c FROM sbtest8 WHERE id=6698747
	Index Scan using sbtest8_pkey on sbtest8  (cost=0.43..8.45 rows=1 width=121)
	  Index Cond: (id = 6698747)

explain: for point_selects :: explain SELECT c FROM sbtest%u WHERE id=%u
for point_selects
table 1 : explain SELECT c FROM sbtest1 WHERE id=6843788
	Index Scan using sbtest1_pkey on sbtest1  (cost=0.43..8.45 rows=1 width=121)
	  Index Cond: (id = 6843788)

table 2 : explain SELECT c FROM sbtest2 WHERE id=2819429
	Index Scan using sbtest2_pkey on sbtest2  (cost=0.43..8.45 rows=1 width=121)
	  Index Cond: (id = 2819429)

table 3 : explain SELECT c FROM sbtest3 WHERE id=722536
	Index Scan using sbtest3_pkey on sbtest3  (cost=0.43..8.45 rows=1 width=121)
	  Index Cond: (id = 722536)

table 4 : explain SELECT c FROM sbtest4 WHERE id=1610721
	Index Scan using sbtest4_pkey on sbtest4  (cost=0.43..8.45 rows=1 width=121)
	  Index Cond: (id = 1610721)

table 5 : explain SELECT c FROM sbtest5 WHERE id=7670426
	Index Scan using sbtest5_pkey on sbtest5  (cost=0.43..8.45 rows=1 width=121)
	  Index Cond: (id = 7670426)

table 6 : explain SELECT c FROM sbtest6 WHERE id=2153398
	Index Scan using sbtest6_pkey on sbtest6  (cost=0.43..8.45 rows=1 width=121)
	  Index Cond: (id = 2153398)

table 7 : explain SELECT c FROM sbtest7 WHERE id=2214773
	Index Scan using sbtest7_pkey on sbtest7  (cost=0.43..8.45 rows=1 width=121)
	  Index Cond: (id = 2214773)

table 8 : explain SELECT c FROM sbtest8 WHERE id=1114004
	Index Scan using sbtest8_pkey on sbtest8  (cost=0.43..8.45 rows=1 width=121)
	  Index Cond: (id = 1114004)

explain: for point_selects :: explain SELECT c FROM sbtest%u WHERE id=%u
for: simple_ranges
table 1 : explain SELECT c FROM sbtest1 WHERE id BETWEEN 9582173 AND 9582182
	Index Scan using sbtest1_pkey on sbtest1  (cost=0.43..44.14 rows=10 width=121)
	  Index Cond: ((id >= 9582173) AND (id <= 9582182))

table 2 : explain SELECT c FROM sbtest2 WHERE id BETWEEN 6709633 AND 6709642
	Index Scan using sbtest2_pkey on sbtest2  (cost=0.43..44.04 rows=10 width=121)
	  Index Cond: ((id >= 6709633) AND (id <= 6709642))

table 3 : explain SELECT c FROM sbtest3 WHERE id BETWEEN 1321461 AND 1321470
	Index Scan using sbtest3_pkey on sbtest3  (cost=0.43..44.11 rows=10 width=121)
	  Index Cond: ((id >= 1321461) AND (id <= 1321470))

table 4 : explain SELECT c FROM sbtest4 WHERE id BETWEEN 9324465 AND 9324474
	Index Scan using sbtest4_pkey on sbtest4  (cost=0.43..48.07 rows=11 width=121)
	  Index Cond: ((id >= 9324465) AND (id <= 9324474))

table 5 : explain SELECT c FROM sbtest5 WHERE id BETWEEN 6092022 AND 6092031
	Index Scan using sbtest5_pkey on sbtest5  (cost=0.43..40.08 rows=9 width=121)
	  Index Cond: ((id >= 6092022) AND (id <= 6092031))

table 6 : explain SELECT c FROM sbtest6 WHERE id BETWEEN 7971938 AND 7971947
	Index Scan using sbtest6_pkey on sbtest6  (cost=0.43..44.03 rows=10 width=121)
	  Index Cond: ((id >= 7971938) AND (id <= 7971947))

table 7 : explain SELECT c FROM sbtest7 WHERE id BETWEEN 2182435 AND 2182444
	Index Scan using sbtest7_pkey on sbtest7  (cost=0.43..47.95 rows=11 width=121)
	  Index Cond: ((id >= 2182435) AND (id <= 2182444))

table 8 : explain SELECT c FROM sbtest8 WHERE id BETWEEN 6446383 AND 6446392
	Index Scan using sbtest8_pkey on sbtest8  (cost=0.43..44.09 rows=10 width=121)
	  Index Cond: ((id >= 6446383) AND (id <= 6446392))

explain: for point_selects :: explain SELECT c FROM sbtest%u WHERE id=%u
for point_selects
table 1 : explain SELECT c FROM sbtest1 WHERE id=770679
	Index Scan using sbtest1_pkey on sbtest1  (cost=0.43..8.45 rows=1 width=121)
	  Index Cond: (id = 770679)

table 2 : explain SELECT c FROM sbtest2 WHERE id=5812902
	Index Scan using sbtest2_pkey on sbtest2  (cost=0.43..8.45 rows=1 width=121)
	  Index Cond: (id = 5812902)

table 3 : explain SELECT c FROM sbtest3 WHERE id=6407211
	Index Scan using sbtest3_pkey on sbtest3  (cost=0.43..8.45 rows=1 width=121)
	  Index Cond: (id = 6407211)

table 4 : explain SELECT c FROM sbtest4 WHERE id=9931117
	Index Scan using sbtest4_pkey on sbtest4  (cost=0.43..8.45 rows=1 width=121)
	  Index Cond: (id = 9931117)

table 5 : explain SELECT c FROM sbtest5 WHERE id=7862671
	Index Scan using sbtest5_pkey on sbtest5  (cost=0.43..8.45 rows=1 width=121)
	  Index Cond: (id = 7862671)

table 6 : explain SELECT c FROM sbtest6 WHERE id=9211883
	Index Scan using sbtest6_pkey on sbtest6  (cost=0.43..8.45 rows=1 width=121)
	  Index Cond: (id = 9211883)

table 7 : explain SELECT c FROM sbtest7 WHERE id=5779201
	Index Scan using sbtest7_pkey on sbtest7  (cost=0.43..8.45 rows=1 width=121)
	  Index Cond: (id = 5779201)

table 8 : explain SELECT c FROM sbtest8 WHERE id=5953955
	Index Scan using sbtest8_pkey on sbtest8  (cost=0.43..8.45 rows=1 width=121)
	  Index Cond: (id = 5953955)

for: simple_ranges
table 1 : explain SELECT c FROM sbtest1 WHERE id BETWEEN 6532247 AND 6532256
	Index Scan using sbtest1_pkey on sbtest1  (cost=0.43..48.11 rows=11 width=121)
	  Index Cond: ((id >= 6532247) AND (id <= 6532256))

table 2 : explain SELECT c FROM sbtest2 WHERE id BETWEEN 5614739 AND 5614748
	Index Scan using sbtest2_pkey on sbtest2  (cost=0.43..44.04 rows=10 width=121)
	  Index Cond: ((id >= 5614739) AND (id <= 5614748))

table 3 : explain SELECT c FROM sbtest3 WHERE id BETWEEN 4450927 AND 4450936
	Index Scan using sbtest3_pkey on sbtest3  (cost=0.43..44.11 rows=10 width=121)
	  Index Cond: ((id >= 4450927) AND (id <= 4450936))

table 4 : explain SELECT c FROM sbtest4 WHERE id BETWEEN 7970302 AND 7970311
	Index Scan using sbtest4_pkey on sbtest4  (cost=0.43..44.11 rows=10 width=121)
	  Index Cond: ((id >= 7970302) AND (id <= 7970311))

table 5 : explain SELECT c FROM sbtest5 WHERE id BETWEEN 1437164 AND 1437173
	Index Scan using sbtest5_pkey on sbtest5  (cost=0.43..44.04 rows=10 width=121)
	  Index Cond: ((id >= 1437164) AND (id <= 1437173))

table 6 : explain SELECT c FROM sbtest6 WHERE id BETWEEN 5964536 AND 5964545
	Index Scan using sbtest6_pkey on sbtest6  (cost=0.43..44.03 rows=10 width=121)
	  Index Cond: ((id >= 5964536) AND (id <= 5964545))

table 7 : explain SELECT c FROM sbtest7 WHERE id BETWEEN 7056768 AND 7056777
	Index Scan using sbtest7_pkey on sbtest7  (cost=0.43..47.95 rows=11 width=121)
	  Index Cond: ((id >= 7056768) AND (id <= 7056777))

table 8 : explain SELECT c FROM sbtest8 WHERE id BETWEEN 3389324 AND 3389333
	Index Scan using sbtest8_pkey on sbtest8  (cost=0.43..44.09 rows=10 width=121)
	  Index Cond: ((id >= 3389324) AND (id <= 3389333))

explain: for point_selects :: explain SELECT c FROM sbtest%u WHERE id=%u
for point_selects
table 1 : explain SELECT c FROM sbtest1 WHERE id=1833793
	Index Scan using sbtest1_pkey on sbtest1  (cost=0.43..8.45 rows=1 width=121)
	  Index Cond: (id = 1833793)

table 2 : explain SELECT c FROM sbtest2 WHERE id=9116505
	Index Scan using sbtest2_pkey on sbtest2  (cost=0.43..8.45 rows=1 width=121)
	  Index Cond: (id = 9116505)

table 3 : explain SELECT c FROM sbtest3 WHERE id=7501757
	Index Scan using sbtest3_pkey on sbtest3  (cost=0.43..8.45 rows=1 width=121)
	  Index Cond: (id = 7501757)

table 4 : explain SELECT c FROM sbtest4 WHERE id=5561484
	Index Scan using sbtest4_pkey on sbtest4  (cost=0.43..8.45 rows=1 width=121)
	  Index Cond: (id = 5561484)

table 5 : explain SELECT c FROM sbtest5 WHERE id=2330336
	Index Scan using sbtest5_pkey on sbtest5  (cost=0.43..8.45 rows=1 width=121)
	  Index Cond: (id = 2330336)

table 6 : explain SELECT c FROM sbtest6 WHERE id=8111562
	Index Scan using sbtest6_pkey on sbtest6  (cost=0.43..8.45 rows=1 width=121)
	  Index Cond: (id = 8111562)

table 7 : explain SELECT c FROM sbtest7 WHERE id=2485563
	Index Scan using sbtest7_pkey on sbtest7  (cost=0.43..8.45 rows=1 width=121)
	  Index Cond: (id = 2485563)

table 8 : explain SELECT c FROM sbtest8 WHERE id=5076654
	Index Scan using sbtest8_pkey on sbtest8  (cost=0.43..8.45 rows=1 width=121)
	  Index Cond: (id = 5076654)

for point_selects
table 1 : explain SELECT c FROM sbtest1 WHERE id=52875
	Index Scan using sbtest1_pkey on sbtest1  (cost=0.43..8.45 rows=1 width=121)
	  Index Cond: (id = 52875)

table 2 : explain SELECT c FROM sbtest2 WHERE id=9812340
	Index Scan using sbtest2_pkey on sbtest2  (cost=0.43..8.45 rows=1 width=121)
	  Index Cond: (id = 9812340)

table 3 : explain SELECT c FROM sbtest3 WHERE id=4883355
	Index Scan using sbtest3_pkey on sbtest3  (cost=0.43..8.45 rows=1 width=121)
	  Index Cond: (id = 4883355)

table 4 : explain SELECT c FROM sbtest4 WHERE id=1985811
	Index Scan using sbtest4_pkey on sbtest4  (cost=0.43..8.45 rows=1 width=121)
	  Index Cond: (id = 1985811)

table 5 : explain SELECT c FROM sbtest5 WHERE id=536442
	Index Scan using sbtest5_pkey on sbtest5  (cost=0.43..8.45 rows=1 width=121)
	  Index Cond: (id = 536442)

table 6 : explain SELECT c FROM sbtest6 WHERE id=1870287
	Index Scan using sbtest6_pkey on sbtest6  (cost=0.43..8.45 rows=1 width=121)
	  Index Cond: (id = 1870287)

table 7 : explain SELECT c FROM sbtest7 WHERE id=5309180
	Index Scan using sbtest7_pkey on sbtest7  (cost=0.43..8.45 rows=1 width=121)
	  Index Cond: (id = 5309180)

table 8 : explain SELECT c FROM sbtest8 WHERE id=2263402
	Index Scan using sbtest8_pkey on sbtest8  (cost=0.43..8.45 rows=1 width=121)
	  Index Cond: (id = 2263402)

explain: for point_selects :: explain SELECT c FROM sbtest%u WHERE id=%u
for: simple_ranges
table 1 : explain SELECT c FROM sbtest1 WHERE id BETWEEN 1717354 AND 1717363
	Index Scan using sbtest1_pkey on sbtest1  (cost=0.43..48.11 rows=11 width=121)
	  Index Cond: ((id >= 1717354) AND (id <= 1717363))

table 2 : explain SELECT c FROM sbtest2 WHERE id BETWEEN 4513180 AND 4513189
	Index Scan using sbtest2_pkey on sbtest2  (cost=0.43..44.04 rows=10 width=121)
	  Index Cond: ((id >= 4513180) AND (id <= 4513189))

table 3 : explain SELECT c FROM sbtest3 WHERE id BETWEEN 3672038 AND 3672047
	Index Scan using sbtest3_pkey on sbtest3  (cost=0.43..44.11 rows=10 width=121)
	  Index Cond: ((id >= 3672038) AND (id <= 3672047))

table 4 : explain SELECT c FROM sbtest4 WHERE id BETWEEN 9900837 AND 9900846
	Index Scan using sbtest4_pkey on sbtest4  (cost=0.43..44.11 rows=10 width=121)
	  Index Cond: ((id >= 9900837) AND (id <= 9900846))

table 5 : explain SELECT c FROM sbtest5 WHERE id BETWEEN 8774514 AND 8774523
	Index Scan using sbtest5_pkey on sbtest5  (cost=0.43..44.04 rows=10 width=121)
	  Index Cond: ((id >= 8774514) AND (id <= 8774523))

table 6 : explain SELECT c FROM sbtest6 WHERE id BETWEEN 6181211 AND 6181220
	Index Scan using sbtest6_pkey on sbtest6  (cost=0.43..44.03 rows=10 width=121)
	  Index Cond: ((id >= 6181211) AND (id <= 6181220))

table 7 : explain SELECT c FROM sbtest7 WHERE id BETWEEN 2365701 AND 2365710
	Index Scan using sbtest7_pkey on sbtest7  (cost=0.43..44.00 rows=10 width=121)
	  Index Cond: ((id >= 2365701) AND (id <= 2365710))

table 8 : explain SELECT c FROM sbtest8 WHERE id BETWEEN 7320275 AND 7320284
	Index Scan using sbtest8_pkey on sbtest8  (cost=0.43..44.09 rows=10 width=121)
	  Index Cond: ((id >= 7320275) AND (id <= 7320284))

for point_selects
table 1 : explain SELECT c FROM sbtest1 WHERE id=2545060
	Index Scan using sbtest1_pkey on sbtest1  (cost=0.43..8.45 rows=1 width=121)
	  Index Cond: (id = 2545060)

table 2 : explain SELECT c FROM sbtest2 WHERE id=6341902
	Index Scan using sbtest2_pkey on sbtest2  (cost=0.43..8.45 rows=1 width=121)
	  Index Cond: (id = 6341902)

table 3 : explain SELECT c FROM sbtest3 WHERE id=792825
	Index Scan using sbtest3_pkey on sbtest3  (cost=0.43..8.45 rows=1 width=121)
	  Index Cond: (id = 792825)

table 4 : explain SELECT c FROM sbtest4 WHERE id=9921100
	Index Scan using sbtest4_pkey on sbtest4  (cost=0.43..8.45 rows=1 width=121)
	  Index Cond: (id = 9921100)

table 5 : explain SELECT c FROM sbtest5 WHERE id=7106606
	Index Scan using sbtest5_pkey on sbtest5  (cost=0.43..8.45 rows=1 width=121)
	  Index Cond: (id = 7106606)

table 6 : explain SELECT c FROM sbtest6 WHERE id=9195780
	Index Scan using sbtest6_pkey on sbtest6  (cost=0.43..8.45 rows=1 width=121)
	  Index Cond: (id = 9195780)

table 7 : explain SELECT c FROM sbtest7 WHERE id=8973765
	Index Scan using sbtest7_pkey on sbtest7  (cost=0.43..8.45 rows=1 width=121)
	  Index Cond: (id = 8973765)

table 8 : explain SELECT c FROM sbtest8 WHERE id=2326173
	Index Scan using sbtest8_pkey on sbtest8  (cost=0.43..8.45 rows=1 width=121)
	  Index Cond: (id = 2326173)

explain: for point_selects :: explain SELECT c FROM sbtest%u WHERE id=%u
for point_selects
table 1 : explain SELECT c FROM sbtest1 WHERE id=4018052
	Index Scan using sbtest1_pkey on sbtest1  (cost=0.43..8.45 rows=1 width=121)
	  Index Cond: (id = 4018052)

table 2 : explain SELECT c FROM sbtest2 WHERE id=8186538
	Index Scan using sbtest2_pkey on sbtest2  (cost=0.43..8.45 rows=1 width=121)
	  Index Cond: (id = 8186538)

table 3 : explain SELECT c FROM sbtest3 WHERE id=551561
	Index Scan using sbtest3_pkey on sbtest3  (cost=0.43..8.45 rows=1 width=121)
	  Index Cond: (id = 551561)

table 4 : explain SELECT c FROM sbtest4 WHERE id=9220832
	Index Scan using sbtest4_pkey on sbtest4  (cost=0.43..8.45 rows=1 width=121)
	  Index Cond: (id = 9220832)

table 5 : explain SELECT c FROM sbtest5 WHERE id=3183409
	Index Scan using sbtest5_pkey on sbtest5  (cost=0.43..8.45 rows=1 width=121)
	  Index Cond: (id = 3183409)

table 6 : explain SELECT c FROM sbtest6 WHERE id=9648739
	Index Scan using sbtest6_pkey on sbtest6  (cost=0.43..8.45 rows=1 width=121)
	  Index Cond: (id = 9648739)

table 7 : explain SELECT c FROM sbtest7 WHERE id=7485852
	Index Scan using sbtest7_pkey on sbtest7  (cost=0.43..8.45 rows=1 width=121)
	  Index Cond: (id = 7485852)

table 8 : explain SELECT c FROM sbtest8 WHERE id=3946418
	Index Scan using sbtest8_pkey on sbtest8  (cost=0.43..8.45 rows=1 width=121)
	  Index Cond: (id = 3946418)

for: simple_ranges
table 1 : explain SELECT c FROM sbtest1 WHERE id BETWEEN 6366891 AND 6366900
	Index Scan using sbtest1_pkey on sbtest1  (cost=0.43..40.18 rows=9 width=121)
	  Index Cond: ((id >= 6366891) AND (id <= 6366900))

table 2 : explain SELECT c FROM sbtest2 WHERE id BETWEEN 49046 AND 49055
	Index Scan using sbtest2_pkey on sbtest2  (cost=0.43..44.04 rows=10 width=121)
	  Index Cond: ((id >= 49046) AND (id <= 49055))

table 3 : explain SELECT c FROM sbtest3 WHERE id BETWEEN 8656982 AND 8656991
	Index Scan using sbtest3_pkey on sbtest3  (cost=0.43..48.07 rows=11 width=121)
	  Index Cond: ((id >= 8656982) AND (id <= 8656991))

table 4 : explain SELECT c FROM sbtest4 WHERE id BETWEEN 316299 AND 316308
	Index Scan using sbtest4_pkey on sbtest4  (cost=0.43..40.15 rows=9 width=121)
	  Index Cond: ((id >= 316299) AND (id <= 316308))

table 5 : explain SELECT c FROM sbtest5 WHERE id BETWEEN 6204790 AND 6204799
	Index Scan using sbtest5_pkey on sbtest5  (cost=0.43..47.99 rows=11 width=121)
	  Index Cond: ((id >= 6204790) AND (id <= 6204799))

table 6 : explain SELECT c FROM sbtest6 WHERE id BETWEEN 137348 AND 137357
	Index Scan using sbtest6_pkey on sbtest6  (cost=0.43..40.08 rows=9 width=121)
	  Index Cond: ((id >= 137348) AND (id <= 137357))

table 7 : explain SELECT c FROM sbtest7 WHERE id BETWEEN 4792732 AND 4792741
	Index Scan using sbtest7_pkey on sbtest7  (cost=0.43..44.00 rows=10 width=121)
	  Index Cond: ((id >= 4792732) AND (id <= 4792741))

table 8 : explain SELECT c FROM sbtest8 WHERE id BETWEEN 3401148 AND 3401157
	Index Scan using sbtest8_pkey on sbtest8  (cost=0.43..44.09 rows=10 width=121)
	  Index Cond: ((id >= 3401148) AND (id <= 3401157))

for point_selects
table 1 : explain SELECT c FROM sbtest1 WHERE id=4626059
	Index Scan using sbtest1_pkey on sbtest1  (cost=0.43..8.45 rows=1 width=121)
	  Index Cond: (id = 4626059)

table 2 : explain SELECT c FROM sbtest2 WHERE id=2492375
	Index Scan using sbtest2_pkey on sbtest2  (cost=0.43..8.45 rows=1 width=121)
	  Index Cond: (id = 2492375)

table 3 : explain SELECT c FROM sbtest3 WHERE id=2338864
	Index Scan using sbtest3_pkey on sbtest3  (cost=0.43..8.45 rows=1 width=121)
	  Index Cond: (id = 2338864)

table 4 : explain SELECT c FROM sbtest4 WHERE id=7408775
	Index Scan using sbtest4_pkey on sbtest4  (cost=0.43..8.45 rows=1 width=121)
	  Index Cond: (id = 7408775)

table 5 : explain SELECT c FROM sbtest5 WHERE id=7684297
	Index Scan using sbtest5_pkey on sbtest5  (cost=0.43..8.45 rows=1 width=121)
	  Index Cond: (id = 7684297)

table 6 : explain SELECT c FROM sbtest6 WHERE id=3354285
	Index Scan using sbtest6_pkey on sbtest6  (cost=0.43..8.45 rows=1 width=121)
	  Index Cond: (id = 3354285)

table 7 : explain SELECT c FROM sbtest7 WHERE id=4960348
	Index Scan using sbtest7_pkey on sbtest7  (cost=0.43..8.45 rows=1 width=121)
	  Index Cond: (id = 4960348)

table 8 : explain SELECT c FROM sbtest8 WHERE id=6622493
	Index Scan using sbtest8_pkey on sbtest8  (cost=0.43..8.45 rows=1 width=121)
	  Index Cond: (id = 6622493)
for: simple_ranges
table 1 : explain SELECT c FROM sbtest1 WHERE id BETWEEN 9094213 AND 9094222
	Index Scan using sbtest1_pkey on sbtest1  (cost=0.43..44.14 rows=10 width=121)
	  Index Cond: ((id >= 9094213) AND (id <= 9094222))

table 2 : explain SELECT c FROM sbtest2 WHERE id BETWEEN 8674599 AND 8674608
	Index Scan using sbtest2_pkey on sbtest2  (cost=0.43..40.08 rows=9 width=121)
	  Index Cond: ((id >= 8674599) AND (id <= 8674608))

table 3 : explain SELECT c FROM sbtest3 WHERE id BETWEEN 1645568 AND 1645577
	Index Scan using sbtest3_pkey on sbtest3  (cost=0.43..40.15 rows=9 width=121)
	  Index Cond: ((id >= 1645568) AND (id <= 1645577))

table 4 : explain SELECT c FROM sbtest4 WHERE id BETWEEN 7544991 AND 7545000
	Index Scan using sbtest4_pkey on sbtest4  (cost=0.43..44.11 rows=10 width=121)
	  Index Cond: ((id >= 7544991) AND (id <= 7545000))

table 5 : explain SELECT c FROM sbtest5 WHERE id BETWEEN 905276 AND 905285
	Index Scan using sbtest5_pkey on sbtest5  (cost=0.43..44.04 rows=10 width=121)
	  Index Cond: ((id >= 905276) AND (id <= 905285))

table 6 : explain SELECT c FROM sbtest6 WHERE id BETWEEN 9579557 AND 9579566
	Index Scan using sbtest6_pkey on sbtest6  (cost=0.43..44.03 rows=10 width=121)
	  Index Cond: ((id >= 9579557) AND (id <= 9579566))

table 7 : explain SELECT c FROM sbtest7 WHERE id BETWEEN 7606660 AND 7606669
	Index Scan using sbtest7_pkey on sbtest7  (cost=0.43..40.05 rows=9 width=121)
	  Index Cond: ((id >= 7606660) AND (id <= 7606669))

table 8 : explain SELECT c FROM sbtest8 WHERE id BETWEEN 7846806 AND 7846815
	Index Scan using sbtest8_pkey on sbtest8  (cost=0.43..44.09 rows=10 width=121)
	  Index Cond: ((id >= 7846806) AND (id <= 7846815))

explain: for point_selects :: explain SELECT c FROM sbtest%u WHERE id=%u
for point_selects
table 1 : explain SELECT c FROM sbtest1 WHERE id=983486
	Index Scan using sbtest1_pkey on sbtest1  (cost=0.43..8.45 rows=1 width=121)
	  Index Cond: (id = 983486)

table 2 : explain SELECT c FROM sbtest2 WHERE id=4736839
	Index Scan using sbtest2_pkey on sbtest2  (cost=0.43..8.45 rows=1 width=121)
	  Index Cond: (id = 4736839)

table 3 : explain SELECT c FROM sbtest3 WHERE id=7479945
	Index Scan using sbtest3_pkey on sbtest3  (cost=0.43..8.45 rows=1 width=121)
	  Index Cond: (id = 7479945)

table 4 : explain SELECT c FROM sbtest4 WHERE id=7237773
	Index Scan using sbtest4_pkey on sbtest4  (cost=0.43..8.45 rows=1 width=121)
	  Index Cond: (id = 7237773)

table 5 : explain SELECT c FROM sbtest5 WHERE id=6127471
	Index Scan using sbtest5_pkey on sbtest5  (cost=0.43..8.45 rows=1 width=121)
	  Index Cond: (id = 6127471)

table 6 : explain SELECT c FROM sbtest6 WHERE id=5348858
	Index Scan using sbtest6_pkey on sbtest6  (cost=0.43..8.45 rows=1 width=121)
	  Index Cond: (id = 5348858)

table 7 : explain SELECT c FROM sbtest7 WHERE id=5605385
	Index Scan using sbtest7_pkey on sbtest7  (cost=0.43..8.45 rows=1 width=121)
	  Index Cond: (id = 5605385)

table 8 : explain SELECT c FROM sbtest8 WHERE id=4576446
	Index Scan using sbtest8_pkey on sbtest8  (cost=0.43..8.45 rows=1 width=121)
	  Index Cond: (id = 4576446)

for point_selects
table 1 : explain SELECT c FROM sbtest1 WHERE id=3907197
	Index Scan using sbtest1_pkey on sbtest1  (cost=0.43..8.45 rows=1 width=121)
	  Index Cond: (id = 3907197)

table 2 : explain SELECT c FROM sbtest2 WHERE id=870080
	Index Scan using sbtest2_pkey on sbtest2  (cost=0.43..8.45 rows=1 width=121)
	  Index Cond: (id = 870080)

table 3 : explain SELECT c FROM sbtest3 WHERE id=1450872
	Index Scan using sbtest3_pkey on sbtest3  (cost=0.43..8.45 rows=1 width=121)
	  Index Cond: (id = 1450872)

table 4 : explain SELECT c FROM sbtest4 WHERE id=8490298
	Index Scan using sbtest4_pkey on sbtest4  (cost=0.43..8.45 rows=1 width=121)
	  Index Cond: (id = 8490298)

table 5 : explain SELECT c FROM sbtest5 WHERE id=36440
	Index Scan using sbtest5_pkey on sbtest5  (cost=0.43..8.45 rows=1 width=121)
	  Index Cond: (id = 36440)

table 6 : explain SELECT c FROM sbtest6 WHERE id=9023632
	Index Scan using sbtest6_pkey on sbtest6  (cost=0.43..8.45 rows=1 width=121)
	  Index Cond: (id = 9023632)

table 7 : explain SELECT c FROM sbtest7 WHERE id=6768859
	Index Scan using sbtest7_pkey on sbtest7  (cost=0.43..8.45 rows=1 width=121)
	  Index Cond: (id = 6768859)

table 8 : explain SELECT c FROM sbtest8 WHERE id=8400343
	Index Scan using sbtest8_pkey on sbtest8  (cost=0.43..8.45 rows=1 width=121)
	  Index Cond: (id = 8400343)


for point_selects
table 1 : explain SELECT c FROM sbtest1 WHERE id=9261294
	Index Scan using sbtest1_pkey on sbtest1  (cost=0.43..8.45 rows=1 width=121)
	  Index Cond: (id = 9261294)

table 2 : explain SELECT c FROM sbtest2 WHERE id=7661782
	Index Scan using sbtest2_pkey on sbtest2  (cost=0.43..8.45 rows=1 width=121)
	  Index Cond: (id = 7661782)

table 3 : explain SELECT c FROM sbtest3 WHERE id=8869660
	Index Scan using sbtest3_pkey on sbtest3  (cost=0.43..8.45 rows=1 width=121)
	  Index Cond: (id = 8869660)

table 4 : explain SELECT c FROM sbtest4 WHERE id=951244
	Index Scan using sbtest4_pkey on sbtest4  (cost=0.43..8.45 rows=1 width=121)
	  Index Cond: (id = 951244)

table 5 : explain SELECT c FROM sbtest5 WHERE id=3298531
	Index Scan using sbtest5_pkey on sbtest5  (cost=0.43..8.45 rows=1 width=121)
	  Index Cond: (id = 3298531)

table 6 : explain SELECT c FROM sbtest6 WHERE id=9811259
	Index Scan using sbtest6_pkey on sbtest6  (cost=0.43..8.45 rows=1 width=121)
	  Index Cond: (id = 9811259)

table 7 : explain SELECT c FROM sbtest7 WHERE id=2059265
	Index Scan using sbtest7_pkey on sbtest7  (cost=0.43..8.45 rows=1 width=121)
	  Index Cond: (id = 2059265)

table 8 : explain SELECT c FROM sbtest8 WHERE id=9738279
	Index Scan using sbtest8_pkey on sbtest8  (cost=0.43..8.45 rows=1 width=121)
	  Index Cond: (id = 9738279)

for: simple_ranges
table 1 : explain SELECT c FROM sbtest1 WHERE id BETWEEN 111286 AND 111295
	Index Scan using sbtest1_pkey on sbtest1  (cost=0.43..40.18 rows=9 width=121)
	  Index Cond: ((id >= 111286) AND (id <= 111295))

table 2 : explain SELECT c FROM sbtest2 WHERE id BETWEEN 8360585 AND 8360594
	Index Scan using sbtest2_pkey on sbtest2  (cost=0.43..44.04 rows=10 width=121)
	  Index Cond: ((id >= 8360585) AND (id <= 8360594))

table 3 : explain SELECT c FROM sbtest3 WHERE id BETWEEN 8168815 AND 8168824
	Index Scan using sbtest3_pkey on sbtest3  (cost=0.43..40.15 rows=9 width=121)
	  Index Cond: ((id >= 8168815) AND (id <= 8168824))

table 4 : explain SELECT c FROM sbtest4 WHERE id BETWEEN 1412393 AND 1412402
	Index Scan using sbtest4_pkey on sbtest4  (cost=0.43..44.11 rows=10 width=121)
	  Index Cond: ((id >= 1412393) AND (id <= 1412402))

table 5 : explain SELECT c FROM sbtest5 WHERE id BETWEEN 92399 AND 92408
	Index Scan using sbtest5_pkey on sbtest5  (cost=0.43..44.04 rows=10 width=121)
	  Index Cond: ((id >= 92399) AND (id <= 92408))

table 6 : explain SELECT c FROM sbtest6 WHERE id BETWEEN 2086751 AND 2086760
	Index Scan using sbtest6_pkey on sbtest6  (cost=0.43..44.03 rows=10 width=121)
	  Index Cond: ((id >= 2086751) AND (id <= 2086760))

table 7 : explain SELECT c FROM sbtest7 WHERE id BETWEEN 5613939 AND 5613948
	Index Scan using sbtest7_pkey on sbtest7  (cost=0.43..47.95 rows=11 width=121)
	  Index Cond: ((id >= 5613939) AND (id <= 5613948))

table 8 : explain SELECT c FROM sbtest8 WHERE id BETWEEN 6981611 AND 6981620
	Index Scan using sbtest8_pkey on sbtest8  (cost=0.43..44.09 rows=10 width=121)
	  Index Cond: ((id >= 6981611) AND (id <= 6981620))

explain: for point_selects :: explain SELECT c FROM sbtest%u WHERE id=%u
for: simple_ranges
table 1 : explain SELECT c FROM sbtest1 WHERE id BETWEEN 188388 AND 188397
	Index Scan using sbtest1_pkey on sbtest1  (cost=0.43..40.18 rows=9 width=121)
	  Index Cond: ((id >= 188388) AND (id <= 188397))

table 2 : explain SELECT c FROM sbtest2 WHERE id BETWEEN 989226 AND 989235
	Index Scan using sbtest2_pkey on sbtest2  (cost=0.43..44.04 rows=10 width=121)
	  Index Cond: ((id >= 989226) AND (id <= 989235))

table 3 : explain SELECT c FROM sbtest3 WHERE id BETWEEN 1810362 AND 1810371
	Index Scan using sbtest3_pkey on sbtest3  (cost=0.43..44.11 rows=10 width=121)
	  Index Cond: ((id >= 1810362) AND (id <= 1810371))

table 4 : explain SELECT c FROM sbtest4 WHERE id BETWEEN 2218177 AND 2218186
	Index Scan using sbtest4_pkey on sbtest4  (cost=0.43..44.11 rows=10 width=121)
	  Index Cond: ((id >= 2218177) AND (id <= 2218186))

table 5 : explain SELECT c FROM sbtest5 WHERE id BETWEEN 7016067 AND 7016076
	Index Scan using sbtest5_pkey on sbtest5  (cost=0.43..40.08 rows=9 width=121)
	  Index Cond: ((id >= 7016067) AND (id <= 7016076))

table 6 : explain SELECT c FROM sbtest6 WHERE id BETWEEN 1139497 AND 1139506
	Index Scan using sbtest6_pkey on sbtest6  (cost=0.43..44.03 rows=10 width=121)
	  Index Cond: ((id >= 1139497) AND (id <= 1139506))

table 7 : explain SELECT c FROM sbtest7 WHERE id BETWEEN 4766073 AND 4766082
	Index Scan using sbtest7_pkey on sbtest7  (cost=0.43..44.00 rows=10 width=121)
	  Index Cond: ((id >= 4766073) AND (id <= 4766082))

table 8 : explain SELECT c FROM sbtest8 WHERE id BETWEEN 8432865 AND 8432874
	Index Scan using sbtest8_pkey on sbtest8  (cost=0.43..44.09 rows=10 width=121)
	  Index Cond: ((id >= 8432865) AND (id <= 8432874))
for point_selects
table 1 : explain SELECT c FROM sbtest1 WHERE id=4310060
	Index Scan using sbtest1_pkey on sbtest1  (cost=0.43..8.45 rows=1 width=121)
	  Index Cond: (id = 4310060)

table 2 : explain SELECT c FROM sbtest2 WHERE id=8723812
	Index Scan using sbtest2_pkey on sbtest2  (cost=0.43..8.45 rows=1 width=121)
	  Index Cond: (id = 8723812)

table 3 : explain SELECT c FROM sbtest3 WHERE id=4564879
	Index Scan using sbtest3_pkey on sbtest3  (cost=0.43..8.45 rows=1 width=121)
	  Index Cond: (id = 4564879)

table 4 : explain SELECT c FROM sbtest4 WHERE id=8980324
	Index Scan using sbtest4_pkey on sbtest4  (cost=0.43..8.45 rows=1 width=121)
	  Index Cond: (id = 8980324)

table 5 : explain SELECT c FROM sbtest5 WHERE id=1173212
	Index Scan using sbtest5_pkey on sbtest5  (cost=0.43..8.45 rows=1 width=121)
	  Index Cond: (id = 1173212)

table 6 : explain SELECT c FROM sbtest6 WHERE id=9199579
	Index Scan using sbtest6_pkey on sbtest6  (cost=0.43..8.45 rows=1 width=121)
	  Index Cond: (id = 9199579)

table 7 : explain SELECT c FROM sbtest7 WHERE id=3405589
	Index Scan using sbtest7_pkey on sbtest7  (cost=0.43..8.45 rows=1 width=121)
	  Index Cond: (id = 3405589)

table 8 : explain SELECT c FROM sbtest8 WHERE id=6526748
	Index Scan using sbtest8_pkey on sbtest8  (cost=0.43..8.45 rows=1 width=121)
	  Index Cond: (id = 6526748)


for: simple_ranges
table 1 : explain SELECT c FROM sbtest1 WHERE id BETWEEN 802667 AND 802676
	Index Scan using sbtest1_pkey on sbtest1  (cost=0.43..44.14 rows=10 width=121)
	  Index Cond: ((id >= 802667) AND (id <= 802676))

table 2 : explain SELECT c FROM sbtest2 WHERE id BETWEEN 5908728 AND 5908737
	Index Scan using sbtest2_pkey on sbtest2  (cost=0.43..40.08 rows=9 width=121)
	  Index Cond: ((id >= 5908728) AND (id <= 5908737))

table 3 : explain SELECT c FROM sbtest3 WHERE id BETWEEN 3809262 AND 3809271
	Index Scan using sbtest3_pkey on sbtest3  (cost=0.43..44.11 rows=10 width=121)
	  Index Cond: ((id >= 3809262) AND (id <= 3809271))

table 4 : explain SELECT c FROM sbtest4 WHERE id BETWEEN 6885843 AND 6885852
	Index Scan using sbtest4_pkey on sbtest4  (cost=0.43..48.07 rows=11 width=121)
	  Index Cond: ((id >= 6885843) AND (id <= 6885852))

table 5 : explain SELECT c FROM sbtest5 WHERE id BETWEEN 1997572 AND 1997581
	Index Scan using sbtest5_pkey on sbtest5  (cost=0.43..44.04 rows=10 width=121)
	  Index Cond: ((id >= 1997572) AND (id <= 1997581))

table 6 : explain SELECT c FROM sbtest6 WHERE id BETWEEN 8573819 AND 8573828
	Index Scan using sbtest6_pkey on sbtest6  (cost=0.43..44.03 rows=10 width=121)
	  Index Cond: ((id >= 8573819) AND (id <= 8573828))

table 7 : explain SELECT c FROM sbtest7 WHERE id BETWEEN 2207344 AND 2207353
	Index Scan using sbtest7_pkey on sbtest7  (cost=0.43..44.00 rows=10 width=121)
	  Index Cond: ((id >= 2207344) AND (id <= 2207353))

table 8 : explain SELECT c FROM sbtest8 WHERE id BETWEEN 8001846 AND 8001855
	Index Scan using sbtest8_pkey on sbtest8  (cost=0.43..48.04 rows=11 width=121)
	  Index Cond: ((id >= 8001846) AND (id <= 8001855))

for: simple_ranges
table 1 : explain SELECT c FROM sbtest1 WHERE id BETWEEN 5143098 AND 5143107
	Index Scan using sbtest1_pkey on sbtest1  (cost=0.43..44.14 rows=10 width=121)
	  Index Cond: ((id >= 5143098) AND (id <= 5143107))

table 2 : explain SELECT c FROM sbtest2 WHERE id BETWEEN 9514726 AND 9514735
	Index Scan using sbtest2_pkey on sbtest2  (cost=0.43..44.04 rows=10 width=121)
	  Index Cond: ((id >= 9514726) AND (id <= 9514735))

table 3 : explain SELECT c FROM sbtest3 WHERE id BETWEEN 5828016 AND 5828025
	Index Scan using sbtest3_pkey on sbtest3  (cost=0.43..44.11 rows=10 width=121)
	  Index Cond: ((id >= 5828016) AND (id <= 5828025))

table 4 : explain SELECT c FROM sbtest4 WHERE id BETWEEN 6814857 AND 6814866
	Index Scan using sbtest4_pkey on sbtest4  (cost=0.43..48.07 rows=11 width=121)
	  Index Cond: ((id >= 6814857) AND (id <= 6814866))

table 5 : explain SELECT c FROM sbtest5 WHERE id BETWEEN 533879 AND 533888
	Index Scan using sbtest5_pkey on sbtest5  (cost=0.43..44.04 rows=10 width=121)
	  Index Cond: ((id >= 533879) AND (id <= 533888))

table 6 : explain SELECT c FROM sbtest6 WHERE id BETWEEN 3190950 AND 3190959
	Index Scan using sbtest6_pkey on sbtest6  (cost=0.43..44.03 rows=10 width=121)
	  Index Cond: ((id >= 3190950) AND (id <= 3190959))

table 7 : explain SELECT c FROM sbtest7 WHERE id BETWEEN 5659571 AND 5659580
	Index Scan using sbtest7_pkey on sbtest7  (cost=0.43..47.95 rows=11 width=121)
	  Index Cond: ((id >= 5659571) AND (id <= 5659580))

table 8 : explain SELECT c FROM sbtest8 WHERE id BETWEEN 2458783 AND 2458792
	Index Scan using sbtest8_pkey on sbtest8  (cost=0.43..44.09 rows=10 width=121)
	  Index Cond: ((id >= 2458783) AND (id <= 2458792))

for: simple_ranges
table 1 : explain SELECT c FROM sbtest1 WHERE id BETWEEN 583996 AND 584005
	Index Scan using sbtest1_pkey on sbtest1  (cost=0.43..44.14 rows=10 width=121)
	  Index Cond: ((id >= 583996) AND (id <= 584005))

table 2 : explain SELECT c FROM sbtest2 WHERE id BETWEEN 538721 AND 538730
	Index Scan using sbtest2_pkey on sbtest2  (cost=0.43..44.04 rows=10 width=121)
	  Index Cond: ((id >= 538721) AND (id <= 538730))

table 3 : explain SELECT c FROM sbtest3 WHERE id BETWEEN 4588314 AND 4588323
	Index Scan using sbtest3_pkey on sbtest3  (cost=0.43..40.15 rows=9 width=121)
	  Index Cond: ((id >= 4588314) AND (id <= 4588323))

table 4 : explain SELECT c FROM sbtest4 WHERE id BETWEEN 6039336 AND 6039345
	Index Scan using sbtest4_pkey on sbtest4  (cost=0.43..44.11 rows=10 width=121)
	  Index Cond: ((id >= 6039336) AND (id <= 6039345))

table 5 : explain SELECT c FROM sbtest5 WHERE id BETWEEN 2905065 AND 2905074
	Index Scan using sbtest5_pkey on sbtest5  (cost=0.43..40.08 rows=9 width=121)
	  Index Cond: ((id >= 2905065) AND (id <= 2905074))

table 6 : explain SELECT c FROM sbtest6 WHERE id BETWEEN 9846331 AND 9846340
	Index Scan using sbtest6_pkey on sbtest6  (cost=0.43..40.08 rows=9 width=121)
	  Index Cond: ((id >= 9846331) AND (id <= 9846340))

table 7 : explain SELECT c FROM sbtest7 WHERE id BETWEEN 8043312 AND 8043321
	Index Scan using sbtest7_pkey on sbtest7  (cost=0.43..40.05 rows=9 width=121)
	  Index Cond: ((id >= 8043312) AND (id <= 8043321))

table 8 : explain SELECT c FROM sbtest8 WHERE id BETWEEN 7265850 AND 7265859
	Index Scan using sbtest8_pkey on sbtest8  (cost=0.43..44.09 rows=10 width=121)
	  Index Cond: ((id >= 7265850) AND (id <= 7265859))

for: sum_ranges
table 1 : explain SELECT SUM(k) FROM sbtest1 WHERE id BETWEEN 6258091 AND 6258100
	Aggregate  (cost=40.20..40.21 rows=1 width=8)
	  ->  Index Scan using sbtest1_pkey on sbtest1  (cost=0.43..40.18 rows=9 width=4)
	        Index Cond: ((id >= 6258091) AND (id <= 6258100))

table 2 : explain SELECT SUM(k) FROM sbtest2 WHERE id BETWEEN 861524 AND 861533
	Aggregate  (cost=44.06..44.07 rows=1 width=8)
	  ->  Index Scan using sbtest2_pkey on sbtest2  (cost=0.43..44.04 rows=10 width=4)
	        Index Cond: ((id >= 861524) AND (id <= 861533))

table 3 : explain SELECT SUM(k) FROM sbtest3 WHERE id BETWEEN 7859791 AND 7859800
	Aggregate  (cost=44.13..44.14 rows=1 width=8)
	  ->  Index Scan using sbtest3_pkey on sbtest3  (cost=0.43..44.11 rows=10 width=4)
	        Index Cond: ((id >= 7859791) AND (id <= 7859800))

table 4 : explain SELECT SUM(k) FROM sbtest4 WHERE id BETWEEN 8262806 AND 8262815
	Aggregate  (cost=48.10..48.11 rows=1 width=8)
	  ->  Index Scan using sbtest4_pkey on sbtest4  (cost=0.43..48.07 rows=11 width=4)
	        Index Cond: ((id >= 8262806) AND (id <= 8262815))

table 5 : explain SELECT SUM(k) FROM sbtest5 WHERE id BETWEEN 1693030 AND 1693039
	Aggregate  (cost=44.06..44.07 rows=1 width=8)
	  ->  Index Scan using sbtest5_pkey on sbtest5  (cost=0.43..44.04 rows=10 width=4)
	        Index Cond: ((id >= 1693030) AND (id <= 1693039))

table 6 : explain SELECT SUM(k) FROM sbtest6 WHERE id BETWEEN 1504768 AND 1504777
	Aggregate  (cost=40.10..40.11 rows=1 width=8)
	  ->  Index Scan using sbtest6_pkey on sbtest6  (cost=0.43..40.08 rows=9 width=4)
	        Index Cond: ((id >= 1504768) AND (id <= 1504777))

table 7 : explain SELECT SUM(k) FROM sbtest7 WHERE id BETWEEN 6652989 AND 6652998
	Aggregate  (cost=44.02..44.03 rows=1 width=8)
	  ->  Index Scan using sbtest7_pkey on sbtest7  (cost=0.43..44.00 rows=10 width=4)
	        Index Cond: ((id >= 6652989) AND (id <= 6652998))

table 8 : explain SELECT SUM(k) FROM sbtest8 WHERE id BETWEEN 2183987 AND 2183996
	Aggregate  (cost=48.07..48.08 rows=1 width=8)
	  ->  Index Scan using sbtest8_pkey on sbtest8  (cost=0.43..48.04 rows=11 width=4)
	        Index Cond: ((id >= 2183987) AND (id <= 2183996))

for point_selects
table 1 : explain SELECT c FROM sbtest1 WHERE id=4004784
	Index Scan using sbtest1_pkey on sbtest1  (cost=0.43..8.45 rows=1 width=121)
	  Index Cond: (id = 4004784)

table 2 : explain SELECT c FROM sbtest2 WHERE id=4447208
	Index Scan using sbtest2_pkey on sbtest2  (cost=0.43..8.45 rows=1 width=121)
	  Index Cond: (id = 4447208)

table 3 : explain SELECT c FROM sbtest3 WHERE id=6027646
	Index Scan using sbtest3_pkey on sbtest3  (cost=0.43..8.45 rows=1 width=121)
	  Index Cond: (id = 6027646)

table 4 : explain SELECT c FROM sbtest4 WHERE id=5510230
	Index Scan using sbtest4_pkey on sbtest4  (cost=0.43..8.45 rows=1 width=121)
	  Index Cond: (id = 5510230)

table 5 : explain SELECT c FROM sbtest5 WHERE id=6034763
	Index Scan using sbtest5_pkey on sbtest5  (cost=0.43..8.45 rows=1 width=121)
	  Index Cond: (id = 6034763)

table 6 : explain SELECT c FROM sbtest6 WHERE id=7760168
	Index Scan using sbtest6_pkey on sbtest6  (cost=0.43..8.45 rows=1 width=121)
	  Index Cond: (id = 7760168)

table 7 : explain SELECT c FROM sbtest7 WHERE id=3589961
	Index Scan using sbtest7_pkey on sbtest7  (cost=0.43..8.45 rows=1 width=121)
	  Index Cond: (id = 3589961)

table 8 : explain SELECT c FROM sbtest8 WHERE id=8294957
	Index Scan using sbtest8_pkey on sbtest8  (cost=0.43..8.45 rows=1 width=121)
	  Index Cond: (id = 8294957)

for: sum_ranges
table 1 : explain SELECT SUM(k) FROM sbtest1 WHERE id BETWEEN 8967825 AND 8967834
	Aggregate  (cost=44.17..44.18 rows=1 width=8)
	  ->  Index Scan using sbtest1_pkey on sbtest1  (cost=0.43..44.14 rows=10 width=4)
	        Index Cond: ((id >= 8967825) AND (id <= 8967834))

table 2 : explain SELECT SUM(k) FROM sbtest2 WHERE id BETWEEN 8192773 AND 8192782
	Aggregate  (cost=48.02..48.03 rows=1 width=8)
	  ->  Index Scan using sbtest2_pkey on sbtest2  (cost=0.43..47.99 rows=11 width=4)
	        Index Cond: ((id >= 8192773) AND (id <= 8192782))

table 3 : explain SELECT SUM(k) FROM sbtest3 WHERE id BETWEEN 4543229 AND 4543238
	Aggregate  (cost=40.17..40.18 rows=1 width=8)
	  ->  Index Scan using sbtest3_pkey on sbtest3  (cost=0.43..40.15 rows=9 width=4)
	        Index Cond: ((id >= 4543229) AND (id <= 4543238))

table 4 : explain SELECT SUM(k) FROM sbtest4 WHERE id BETWEEN 8873834 AND 8873843
	Aggregate  (cost=44.13..44.14 rows=1 width=8)
	  ->  Index Scan using sbtest4_pkey on sbtest4  (cost=0.43..44.11 rows=10 width=4)
	        Index Cond: ((id >= 8873834) AND (id <= 8873843))

table 5 : explain SELECT SUM(k) FROM sbtest5 WHERE id BETWEEN 1022039 AND 1022048
	Aggregate  (cost=44.06..44.07 rows=1 width=8)
	  ->  Index Scan using sbtest5_pkey on sbtest5  (cost=0.43..44.04 rows=10 width=4)
	        Index Cond: ((id >= 1022039) AND (id <= 1022048))

table 6 : explain SELECT SUM(k) FROM sbtest6 WHERE id BETWEEN 6712028 AND 6712037
	Aggregate  (cost=48.01..48.02 rows=1 width=8)
	  ->  Index Scan using sbtest6_pkey on sbtest6  (cost=0.43..47.98 rows=11 width=4)
	        Index Cond: ((id >= 6712028) AND (id <= 6712037))

table 7 : explain SELECT SUM(k) FROM sbtest7 WHERE id BETWEEN 6103613 AND 6103622
	Aggregate  (cost=44.02..44.03 rows=1 width=8)
	  ->  Index Scan using sbtest7_pkey on sbtest7  (cost=0.43..44.00 rows=10 width=4)
	        Index Cond: ((id >= 6103613) AND (id <= 6103622))

table 8 : explain SELECT SUM(k) FROM sbtest8 WHERE id BETWEEN 1612680 AND 1612689
	Aggregate  (cost=44.11..44.12 rows=1 width=8)
	  ->  Index Scan using sbtest8_pkey on sbtest8  (cost=0.43..44.09 rows=10 width=4)
	        Index Cond: ((id >= 1612680) AND (id <= 1612689))

for point_selects
table 1 : explain SELECT c FROM sbtest1 WHERE id=5718140
	Index Scan using sbtest1_pkey on sbtest1  (cost=0.43..8.45 rows=1 width=121)
	  Index Cond: (id = 5718140)

table 2 : explain SELECT c FROM sbtest2 WHERE id=2027294
	Index Scan using sbtest2_pkey on sbtest2  (cost=0.43..8.45 rows=1 width=121)
	  Index Cond: (id = 2027294)

table 3 : explain SELECT c FROM sbtest3 WHERE id=9510262
	Index Scan using sbtest3_pkey on sbtest3  (cost=0.43..8.45 rows=1 width=121)
	  Index Cond: (id = 9510262)

table 4 : explain SELECT c FROM sbtest4 WHERE id=8680537
	Index Scan using sbtest4_pkey on sbtest4  (cost=0.43..8.45 rows=1 width=121)
	  Index Cond: (id = 8680537)

table 5 : explain SELECT c FROM sbtest5 WHERE id=7076405
	Index Scan using sbtest5_pkey on sbtest5  (cost=0.43..8.45 rows=1 width=121)
	  Index Cond: (id = 7076405)

table 6 : explain SELECT c FROM sbtest6 WHERE id=977851
	Index Scan using sbtest6_pkey on sbtest6  (cost=0.43..8.45 rows=1 width=121)
	  Index Cond: (id = 977851)

table 7 : explain SELECT c FROM sbtest7 WHERE id=8127037
	Index Scan using sbtest7_pkey on sbtest7  (cost=0.43..8.45 rows=1 width=121)
	  Index Cond: (id = 8127037)

table 8 : explain SELECT c FROM sbtest8 WHERE id=7844066
	Index Scan using sbtest8_pkey on sbtest8  (cost=0.43..8.45 rows=1 width=121)
	  Index Cond: (id = 7844066)

for: simple_ranges
table 1 : explain SELECT c FROM sbtest1 WHERE id BETWEEN 9579706 AND 9579715
	Index Scan using sbtest1_pkey on sbtest1  (cost=0.43..44.14 rows=10 width=121)
	  Index Cond: ((id >= 9579706) AND (id <= 9579715))

table 2 : explain SELECT c FROM sbtest2 WHERE id BETWEEN 6796797 AND 6796806
	Index Scan using sbtest2_pkey on sbtest2  (cost=0.43..44.04 rows=10 width=121)
	  Index Cond: ((id >= 6796797) AND (id <= 6796806))

table 3 : explain SELECT c FROM sbtest3 WHERE id BETWEEN 8124742 AND 8124751
	Index Scan using sbtest3_pkey on sbtest3  (cost=0.43..40.15 rows=9 width=121)
	  Index Cond: ((id >= 8124742) AND (id <= 8124751))

table 4 : explain SELECT c FROM sbtest4 WHERE id BETWEEN 2149244 AND 2149253
	Index Scan using sbtest4_pkey on sbtest4  (cost=0.43..44.11 rows=10 width=121)
	  Index Cond: ((id >= 2149244) AND (id <= 2149253))

table 5 : explain SELECT c FROM sbtest5 WHERE id BETWEEN 3503340 AND 3503349
	Index Scan using sbtest5_pkey on sbtest5  (cost=0.43..44.04 rows=10 width=121)
	  Index Cond: ((id >= 3503340) AND (id <= 3503349))

table 6 : explain SELECT c FROM sbtest6 WHERE id BETWEEN 6270802 AND 6270811
	Index Scan using sbtest6_pkey on sbtest6  (cost=0.43..47.98 rows=11 width=121)
	  Index Cond: ((id >= 6270802) AND (id <= 6270811))

table 7 : explain SELECT c FROM sbtest7 WHERE id BETWEEN 9311197 AND 9311206
	Index Scan using sbtest7_pkey on sbtest7  (cost=0.43..44.00 rows=10 width=121)
	  Index Cond: ((id >= 9311197) AND (id <= 9311206))

table 8 : explain SELECT c FROM sbtest8 WHERE id BETWEEN 7937770 AND 7937779
	Index Scan using sbtest8_pkey on sbtest8  (cost=0.43..44.09 rows=10 width=121)
	  Index Cond: ((id >= 7937770) AND (id <= 7937779))

for: simple_ranges
table 1 : explain SELECT c FROM sbtest1 WHERE id BETWEEN 5016262 AND 5016271
	Index Scan using sbtest1_pkey on sbtest1  (cost=0.43..44.14 rows=10 width=121)
	  Index Cond: ((id >= 5016262) AND (id <= 5016271))

table 2 : explain SELECT c FROM sbtest2 WHERE id BETWEEN 8027618 AND 8027627
	Index Scan using sbtest2_pkey on sbtest2  (cost=0.43..44.04 rows=10 width=121)
	  Index Cond: ((id >= 8027618) AND (id <= 8027627))

table 3 : explain SELECT c FROM sbtest3 WHERE id BETWEEN 3781304 AND 3781313
	Index Scan using sbtest3_pkey on sbtest3  (cost=0.43..44.11 rows=10 width=121)
	  Index Cond: ((id >= 3781304) AND (id <= 3781313))

table 4 : explain SELECT c FROM sbtest4 WHERE id BETWEEN 1023463 AND 1023472
	Index Scan using sbtest4_pkey on sbtest4  (cost=0.43..44.11 rows=10 width=121)
	  Index Cond: ((id >= 1023463) AND (id <= 1023472))

table 5 : explain SELECT c FROM sbtest5 WHERE id BETWEEN 401100 AND 401109
	Index Scan using sbtest5_pkey on sbtest5  (cost=0.43..44.04 rows=10 width=121)
	  Index Cond: ((id >= 401100) AND (id <= 401109))

table 6 : explain SELECT c FROM sbtest6 WHERE id BETWEEN 5630580 AND 5630589
	Index Scan using sbtest6_pkey on sbtest6  (cost=0.43..47.98 rows=11 width=121)
	  Index Cond: ((id >= 5630580) AND (id <= 5630589))

table 7 : explain SELECT c FROM sbtest7 WHERE id BETWEEN 8940483 AND 8940492
	Index Scan using sbtest7_pkey on sbtest7  (cost=0.43..47.95 rows=11 width=121)
	  Index Cond: ((id >= 8940483) AND (id <= 8940492))

table 8 : explain SELECT c FROM sbtest8 WHERE id BETWEEN 6307574 AND 6307583
	Index Scan using sbtest8_pkey on sbtest8  (cost=0.43..44.09 rows=10 width=121)
	  Index Cond: ((id >= 6307574) AND (id <= 6307583))

for: simple_ranges
table 1 : explain SELECT c FROM sbtest1 WHERE id BETWEEN 1795701 AND 1795710
	Index Scan using sbtest1_pkey on sbtest1  (cost=0.43..48.11 rows=11 width=121)
	  Index Cond: ((id >= 1795701) AND (id <= 1795710))

table 2 : explain SELECT c FROM sbtest2 WHERE id BETWEEN 226443 AND 226452
	Index Scan using sbtest2_pkey on sbtest2  (cost=0.43..44.04 rows=10 width=121)
	  Index Cond: ((id >= 226443) AND (id <= 226452))

table 3 : explain SELECT c FROM sbtest3 WHERE id BETWEEN 1858888 AND 1858897
	Index Scan using sbtest3_pkey on sbtest3  (cost=0.43..44.11 rows=10 width=121)
	  Index Cond: ((id >= 1858888) AND (id <= 1858897))

table 4 : explain SELECT c FROM sbtest4 WHERE id BETWEEN 3082455 AND 3082464
	Index Scan using sbtest4_pkey on sbtest4  (cost=0.43..48.07 rows=11 width=121)
	  Index Cond: ((id >= 3082455) AND (id <= 3082464))

table 5 : explain SELECT c FROM sbtest5 WHERE id BETWEEN 2129978 AND 2129987
	Index Scan using sbtest5_pkey on sbtest5  (cost=0.43..40.08 rows=9 width=121)
	  Index Cond: ((id >= 2129978) AND (id <= 2129987))

table 6 : explain SELECT c FROM sbtest6 WHERE id BETWEEN 1823387 AND 1823396
	Index Scan using sbtest6_pkey on sbtest6  (cost=0.43..40.08 rows=9 width=121)
	  Index Cond: ((id >= 1823387) AND (id <= 1823396))

table 7 : explain SELECT c FROM sbtest7 WHERE id BETWEEN 3361979 AND 3361988
	Index Scan using sbtest7_pkey on sbtest7  (cost=0.43..47.95 rows=11 width=121)
	  Index Cond: ((id >= 3361979) AND (id <= 3361988))

table 8 : explain SELECT c FROM sbtest8 WHERE id BETWEEN 5492120 AND 5492129
	Index Scan using sbtest8_pkey on sbtest8  (cost=0.43..40.13 rows=9 width=121)
	  Index Cond: ((id >= 5492120) AND (id <= 5492129))

for: simple_ranges
table 1 : explain SELECT c FROM sbtest1 WHERE id BETWEEN 6402374 AND 6402383
	Index Scan using sbtest1_pkey on sbtest1  (cost=0.43..40.18 rows=9 width=121)
	  Index Cond: ((id >= 6402374) AND (id <= 6402383))

table 2 : explain SELECT c FROM sbtest2 WHERE id BETWEEN 2153993 AND 2154002
	Index Scan using sbtest2_pkey on sbtest2  (cost=0.43..44.04 rows=10 width=121)
	  Index Cond: ((id >= 2153993) AND (id <= 2154002))

table 3 : explain SELECT c FROM sbtest3 WHERE id BETWEEN 6885023 AND 6885032
	Index Scan using sbtest3_pkey on sbtest3  (cost=0.43..44.11 rows=10 width=121)
	  Index Cond: ((id >= 6885023) AND (id <= 6885032))

table 4 : explain SELECT c FROM sbtest4 WHERE id BETWEEN 9693413 AND 9693422
	Index Scan using sbtest4_pkey on sbtest4  (cost=0.43..44.11 rows=10 width=121)
	  Index Cond: ((id >= 9693413) AND (id <= 9693422))

table 5 : explain SELECT c FROM sbtest5 WHERE id BETWEEN 8423308 AND 8423317
	Index Scan using sbtest5_pkey on sbtest5  (cost=0.43..44.04 rows=10 width=121)
	  Index Cond: ((id >= 8423308) AND (id <= 8423317))

table 6 : explain SELECT c FROM sbtest6 WHERE id BETWEEN 6045932 AND 6045941
	Index Scan using sbtest6_pkey on sbtest6  (cost=0.43..44.03 rows=10 width=121)
	  Index Cond: ((id >= 6045932) AND (id <= 6045941))

table 7 : explain SELECT c FROM sbtest7 WHERE id BETWEEN 3507635 AND 3507644
	Index Scan using sbtest7_pkey on sbtest7  (cost=0.43..40.05 rows=9 width=121)
	  Index Cond: ((id >= 3507635) AND (id <= 3507644))

table 8 : explain SELECT c FROM sbtest8 WHERE id BETWEEN 6626350 AND 6626359
	Index Scan using sbtest8_pkey on sbtest8  (cost=0.43..48.04 rows=11 width=121)
	  Index Cond: ((id >= 6626350) AND (id <= 6626359))

for: simple_ranges
table 1 : explain SELECT c FROM sbtest1 WHERE id BETWEEN 2619166 AND 2619175
	Index Scan using sbtest1_pkey on sbtest1  (cost=0.43..44.14 rows=10 width=121)
	  Index Cond: ((id >= 2619166) AND (id <= 2619175))

table 2 : explain SELECT c FROM sbtest2 WHERE id BETWEEN 5168445 AND 5168454
	Index Scan using sbtest2_pkey on sbtest2  (cost=0.43..44.04 rows=10 width=121)
	  Index Cond: ((id >= 5168445) AND (id <= 5168454))

table 3 : explain SELECT c FROM sbtest3 WHERE id BETWEEN 5600178 AND 5600187
	Index Scan using sbtest3_pkey on sbtest3  (cost=0.43..44.11 rows=10 width=121)
	  Index Cond: ((id >= 5600178) AND (id <= 5600187))

table 4 : explain SELECT c FROM sbtest4 WHERE id BETWEEN 8917077 AND 8917086
	Index Scan using sbtest4_pkey on sbtest4  (cost=0.43..48.07 rows=11 width=121)
	  Index Cond: ((id >= 8917077) AND (id <= 8917086))

table 5 : explain SELECT c FROM sbtest5 WHERE id BETWEEN 4397664 AND 4397673
	Index Scan using sbtest5_pkey on sbtest5  (cost=0.43..44.04 rows=10 width=121)
	  Index Cond: ((id >= 4397664) AND (id <= 4397673))

table 6 : explain SELECT c FROM sbtest6 WHERE id BETWEEN 596636 AND 596645
	Index Scan using sbtest6_pkey on sbtest6  (cost=0.43..44.03 rows=10 width=121)
	  Index Cond: ((id >= 596636) AND (id <= 596645))

table 7 : explain SELECT c FROM sbtest7 WHERE id BETWEEN 7134611 AND 7134620
	Index Scan using sbtest7_pkey on sbtest7  (cost=0.43..47.95 rows=11 width=121)
	  Index Cond: ((id >= 7134611) AND (id <= 7134620))

table 8 : explain SELECT c FROM sbtest8 WHERE id BETWEEN 3558165 AND 3558174
	Index Scan using sbtest8_pkey on sbtest8  (cost=0.43..44.09 rows=10 width=121)
	  Index Cond: ((id >= 3558165) AND (id <= 3558174))

for: simple_ranges
table 1 : explain SELECT c FROM sbtest1 WHERE id BETWEEN 9893836 AND 9893845
	Index Scan using sbtest1_pkey on sbtest1  (cost=0.43..44.14 rows=10 width=121)
	  Index Cond: ((id >= 9893836) AND (id <= 9893845))

table 2 : explain SELECT c FROM sbtest2 WHERE id BETWEEN 8227464 AND 8227473
	Index Scan using sbtest2_pkey on sbtest2  (cost=0.43..44.04 rows=10 width=121)
	  Index Cond: ((id >= 8227464) AND (id <= 8227473))

table 3 : explain SELECT c FROM sbtest3 WHERE id BETWEEN 3168249 AND 3168258
	Index Scan using sbtest3_pkey on sbtest3  (cost=0.43..44.11 rows=10 width=121)
	  Index Cond: ((id >= 3168249) AND (id <= 3168258))

table 4 : explain SELECT c FROM sbtest4 WHERE id BETWEEN 3453180 AND 3453189
	Index Scan using sbtest4_pkey on sbtest4  (cost=0.43..44.11 rows=10 width=121)
	  Index Cond: ((id >= 3453180) AND (id <= 3453189))

table 5 : explain SELECT c FROM sbtest5 WHERE id BETWEEN 4008828 AND 4008837
	Index Scan using sbtest5_pkey on sbtest5  (cost=0.43..44.04 rows=10 width=121)
	  Index Cond: ((id >= 4008828) AND (id <= 4008837))

table 6 : explain SELECT c FROM sbtest6 WHERE id BETWEEN 2608454 AND 2608463
	Index Scan using sbtest6_pkey on sbtest6  (cost=0.43..44.03 rows=10 width=121)
	  Index Cond: ((id >= 2608454) AND (id <= 2608463))

table 7 : explain SELECT c FROM sbtest7 WHERE id BETWEEN 7262831 AND 7262840
	Index Scan using sbtest7_pkey on sbtest7  (cost=0.43..44.00 rows=10 width=121)
	  Index Cond: ((id >= 7262831) AND (id <= 7262840))

table 8 : explain SELECT c FROM sbtest8 WHERE id BETWEEN 937858 AND 937867
	Index Scan using sbtest8_pkey on sbtest8  (cost=0.43..44.09 rows=10 width=121)
	  Index Cond: ((id >= 937858) AND (id <= 937867))

for: simple_ranges
table 1 : explain SELECT c FROM sbtest1 WHERE id BETWEEN 4132989 AND 4132998
	Index Scan using sbtest1_pkey on sbtest1  (cost=0.43..44.14 rows=10 width=121)
	  Index Cond: ((id >= 4132989) AND (id <= 4132998))

table 2 : explain SELECT c FROM sbtest2 WHERE id BETWEEN 5488589 AND 5488598
	Index Scan using sbtest2_pkey on sbtest2  (cost=0.43..44.04 rows=10 width=121)
	  Index Cond: ((id >= 5488589) AND (id <= 5488598))

table 3 : explain SELECT c FROM sbtest3 WHERE id BETWEEN 613703 AND 613712
	Index Scan using sbtest3_pkey on sbtest3  (cost=0.43..44.11 rows=10 width=121)
	  Index Cond: ((id >= 613703) AND (id <= 613712))

table 4 : explain SELECT c FROM sbtest4 WHERE id BETWEEN 5122924 AND 5122933
	Index Scan using sbtest4_pkey on sbtest4  (cost=0.43..44.11 rows=10 width=121)
	  Index Cond: ((id >= 5122924) AND (id <= 5122933))

table 5 : explain SELECT c FROM sbtest5 WHERE id BETWEEN 1733140 AND 1733149
	Index Scan using sbtest5_pkey on sbtest5  (cost=0.43..44.04 rows=10 width=121)
	  Index Cond: ((id >= 1733140) AND (id <= 1733149))

table 6 : explain SELECT c FROM sbtest6 WHERE id BETWEEN 6551865 AND 6551874
	Index Scan using sbtest6_pkey on sbtest6  (cost=0.43..44.03 rows=10 width=121)
	  Index Cond: ((id >= 6551865) AND (id <= 6551874))

table 7 : explain SELECT c FROM sbtest7 WHERE id BETWEEN 9283852 AND 9283861
	Index Scan using sbtest7_pkey on sbtest7  (cost=0.43..44.00 rows=10 width=121)
	  Index Cond: ((id >= 9283852) AND (id <= 9283861))

table 8 : explain SELECT c FROM sbtest8 WHERE id BETWEEN 346913 AND 346922
	Index Scan using sbtest8_pkey on sbtest8  (cost=0.43..48.04 rows=11 width=121)
	  Index Cond: ((id >= 346913) AND (id <= 346922))

for point_selects
table 1 : explain SELECT c FROM sbtest1 WHERE id=543805
	Index Scan using sbtest1_pkey on sbtest1  (cost=0.43..8.45 rows=1 width=121)
	  Index Cond: (id = 543805)

table 2 : explain SELECT c FROM sbtest2 WHERE id=6842657
	Index Scan using sbtest2_pkey on sbtest2  (cost=0.43..8.45 rows=1 width=121)
	  Index Cond: (id = 6842657)

table 3 : explain SELECT c FROM sbtest3 WHERE id=2373154
	Index Scan using sbtest3_pkey on sbtest3  (cost=0.43..8.45 rows=1 width=121)
	  Index Cond: (id = 2373154)

table 4 : explain SELECT c FROM sbtest4 WHERE id=7647402
	Index Scan using sbtest4_pkey on sbtest4  (cost=0.43..8.45 rows=1 width=121)
	  Index Cond: (id = 7647402)

table 5 : explain SELECT c FROM sbtest5 WHERE id=6622493
	Index Scan using sbtest5_pkey on sbtest5  (cost=0.43..8.45 rows=1 width=121)
	  Index Cond: (id = 6622493)

table 6 : explain SELECT c FROM sbtest6 WHERE id=5410326
	Index Scan using sbtest6_pkey on sbtest6  (cost=0.43..8.45 rows=1 width=121)
	  Index Cond: (id = 5410326)

table 7 : explain SELECT c FROM sbtest7 WHERE id=9915024
	Index Scan using sbtest7_pkey on sbtest7  (cost=0.43..8.45 rows=1 width=121)
	  Index Cond: (id = 9915024)

table 8 : explain SELECT c FROM sbtest8 WHERE id=2819294
	Index Scan using sbtest8_pkey on sbtest8  (cost=0.43..8.45 rows=1 width=121)
	  Index Cond: (id = 2819294)

for: simple_ranges
table 1 : explain SELECT c FROM sbtest1 WHERE id BETWEEN 6479376 AND 6479385
	Index Scan using sbtest1_pkey on sbtest1  (cost=0.43..44.14 rows=10 width=121)
	  Index Cond: ((id >= 6479376) AND (id <= 6479385))

table 2 : explain SELECT c FROM sbtest2 WHERE id BETWEEN 7926475 AND 7926484
	Index Scan using sbtest2_pkey on sbtest2  (cost=0.43..47.99 rows=11 width=121)
	  Index Cond: ((id >= 7926475) AND (id <= 7926484))

table 3 : explain SELECT c FROM sbtest3 WHERE id BETWEEN 2045315 AND 2045324
	Index Scan using sbtest3_pkey on sbtest3  (cost=0.43..48.07 rows=11 width=121)
	  Index Cond: ((id >= 2045315) AND (id <= 2045324))

table 4 : explain SELECT c FROM sbtest4 WHERE id BETWEEN 4695795 AND 4695804
	Index Scan using sbtest4_pkey on sbtest4  (cost=0.43..44.11 rows=10 width=121)
	  Index Cond: ((id >= 4695795) AND (id <= 4695804))

table 5 : explain SELECT c FROM sbtest5 WHERE id BETWEEN 1257544 AND 1257553
	Index Scan using sbtest5_pkey on sbtest5  (cost=0.43..40.08 rows=9 width=121)
	  Index Cond: ((id >= 1257544) AND (id <= 1257553))

table 6 : explain SELECT c FROM sbtest6 WHERE id BETWEEN 4887088 AND 4887097
	Index Scan using sbtest6_pkey on sbtest6  (cost=0.43..44.03 rows=10 width=121)
	  Index Cond: ((id >= 4887088) AND (id <= 4887097))

table 7 : explain SELECT c FROM sbtest7 WHERE id BETWEEN 4746903 AND 4746912
	Index Scan using sbtest7_pkey on sbtest7  (cost=0.43..44.00 rows=10 width=121)
	  Index Cond: ((id >= 4746903) AND (id <= 4746912))

table 8 : explain SELECT c FROM sbtest8 WHERE id BETWEEN 6419097 AND 6419106
	Index Scan using sbtest8_pkey on sbtest8  (cost=0.43..44.09 rows=10 width=121)
	  Index Cond: ((id >= 6419097) AND (id <= 6419106))

for: sum_ranges
table 1 : explain SELECT SUM(k) FROM sbtest1 WHERE id BETWEEN 7248435 AND 7248444
	Aggregate  (cost=44.17..44.18 rows=1 width=8)
	  ->  Index Scan using sbtest1_pkey on sbtest1  (cost=0.43..44.14 rows=10 width=4)
	        Index Cond: ((id >= 7248435) AND (id <= 7248444))

table 2 : explain SELECT SUM(k) FROM sbtest2 WHERE id BETWEEN 303207 AND 303216
	Aggregate  (cost=44.06..44.07 rows=1 width=8)
	  ->  Index Scan using sbtest2_pkey on sbtest2  (cost=0.43..44.04 rows=10 width=4)
	        Index Cond: ((id >= 303207) AND (id <= 303216))

table 3 : explain SELECT SUM(k) FROM sbtest3 WHERE id BETWEEN 8409303 AND 8409312
	Aggregate  (cost=44.13..44.14 rows=1 width=8)
	  ->  Index Scan using sbtest3_pkey on sbtest3  (cost=0.43..44.11 rows=10 width=4)
	        Index Cond: ((id >= 8409303) AND (id <= 8409312))

table 4 : explain SELECT SUM(k) FROM sbtest4 WHERE id BETWEEN 4977271 AND 4977280
	Aggregate  (cost=44.13..44.14 rows=1 width=8)
	  ->  Index Scan using sbtest4_pkey on sbtest4  (cost=0.43..44.11 rows=10 width=4)
	        Index Cond: ((id >= 4977271) AND (id <= 4977280))

table 5 : explain SELECT SUM(k) FROM sbtest5 WHERE id BETWEEN 2145166 AND 2145175
	Aggregate  (cost=40.11..40.12 rows=1 width=8)
	  ->  Index Scan using sbtest5_pkey on sbtest5  (cost=0.43..40.08 rows=9 width=4)
	        Index Cond: ((id >= 2145166) AND (id <= 2145175))

table 6 : explain SELECT SUM(k) FROM sbtest6 WHERE id BETWEEN 7192479 AND 7192488
	Aggregate  (cost=44.05..44.06 rows=1 width=8)
	  ->  Index Scan using sbtest6_pkey on sbtest6  (cost=0.43..44.03 rows=10 width=4)
	        Index Cond: ((id >= 7192479) AND (id <= 7192488))

table 7 : explain SELECT SUM(k) FROM sbtest7 WHERE id BETWEEN 5197989 AND 5197998
	Aggregate  (cost=44.02..44.03 rows=1 width=8)
	  ->  Index Scan using sbtest7_pkey on sbtest7  (cost=0.43..44.00 rows=10 width=4)
	        Index Cond: ((id >= 5197989) AND (id <= 5197998))

table 8 : explain SELECT SUM(k) FROM sbtest8 WHERE id BETWEEN 7165677 AND 7165686
	Aggregate  (cost=48.07..48.08 rows=1 width=8)
	  ->  Index Scan using sbtest8_pkey on sbtest8  (cost=0.43..48.04 rows=11 width=4)
	        Index Cond: ((id >= 7165677) AND (id <= 7165686))

for point_selects
table 1 : explain SELECT c FROM sbtest1 WHERE id=6051104
	Index Scan using sbtest1_pkey on sbtest1  (cost=0.43..8.45 rows=1 width=121)
	  Index Cond: (id = 6051104)

table 2 : explain SELECT c FROM sbtest2 WHERE id=9199348
	Index Scan using sbtest2_pkey on sbtest2  (cost=0.43..8.45 rows=1 width=121)
	  Index Cond: (id = 9199348)

table 3 : explain SELECT c FROM sbtest3 WHERE id=2077734
	Index Scan using sbtest3_pkey on sbtest3  (cost=0.43..8.45 rows=1 width=121)
	  Index Cond: (id = 2077734)

table 4 : explain SELECT c FROM sbtest4 WHERE id=8091404
	Index Scan using sbtest4_pkey on sbtest4  (cost=0.43..8.45 rows=1 width=121)
	  Index Cond: (id = 8091404)

table 5 : explain SELECT c FROM sbtest5 WHERE id=6619024
	Index Scan using sbtest5_pkey on sbtest5  (cost=0.43..8.45 rows=1 width=121)
	  Index Cond: (id = 6619024)

table 6 : explain SELECT c FROM sbtest6 WHERE id=9763984
	Index Scan using sbtest6_pkey on sbtest6  (cost=0.43..8.45 rows=1 width=121)
	  Index Cond: (id = 9763984)

table 7 : explain SELECT c FROM sbtest7 WHERE id=7164337
	Index Scan using sbtest7_pkey on sbtest7  (cost=0.43..8.45 rows=1 width=121)
	  Index Cond: (id = 7164337)

table 8 : explain SELECT c FROM sbtest8 WHERE id=7832237
	Index Scan using sbtest8_pkey on sbtest8  (cost=0.43..8.45 rows=1 width=121)
	  Index Cond: (id = 7832237)

for point_selects
table 1 : explain SELECT c FROM sbtest1 WHERE id=8434272
	Index Scan using sbtest1_pkey on sbtest1  (cost=0.43..8.45 rows=1 width=121)
	  Index Cond: (id = 8434272)

table 2 : explain SELECT c FROM sbtest2 WHERE id=663144
	Index Scan using sbtest2_pkey on sbtest2  (cost=0.43..8.45 rows=1 width=121)
	  Index Cond: (id = 663144)

table 3 : explain SELECT c FROM sbtest3 WHERE id=3939830
	Index Scan using sbtest3_pkey on sbtest3  (cost=0.43..8.45 rows=1 width=121)
	  Index Cond: (id = 3939830)

table 4 : explain SELECT c FROM sbtest4 WHERE id=7089891
	Index Scan using sbtest4_pkey on sbtest4  (cost=0.43..8.45 rows=1 width=121)
	  Index Cond: (id = 7089891)

table 5 : explain SELECT c FROM sbtest5 WHERE id=2012449
	Index Scan using sbtest5_pkey on sbtest5  (cost=0.43..8.45 rows=1 width=121)
	  Index Cond: (id = 2012449)

table 6 : explain SELECT c FROM sbtest6 WHERE id=3979749
	Index Scan using sbtest6_pkey on sbtest6  (cost=0.43..8.45 rows=1 width=121)
	  Index Cond: (id = 3979749)

table 7 : explain SELECT c FROM sbtest7 WHERE id=420306
	Index Scan using sbtest7_pkey on sbtest7  (cost=0.43..8.45 rows=1 width=121)
	  Index Cond: (id = 420306)

table 8 : explain SELECT c FROM sbtest8 WHERE id=610339
	Index Scan using sbtest8_pkey on sbtest8  (cost=0.43..8.45 rows=1 width=121)
	  Index Cond: (id = 610339)

for: sum_ranges
table 1 : explain SELECT SUM(k) FROM sbtest1 WHERE id BETWEEN 5676006 AND 5676015
	Aggregate  (cost=44.17..44.18 rows=1 width=8)
	  ->  Index Scan using sbtest1_pkey on sbtest1  (cost=0.43..44.14 rows=10 width=4)
	        Index Cond: ((id >= 5676006) AND (id <= 5676015))

table 2 : explain SELECT SUM(k) FROM sbtest2 WHERE id BETWEEN 4312436 AND 4312445
	Aggregate  (cost=40.11..40.12 rows=1 width=8)
	  ->  Index Scan using sbtest2_pkey on sbtest2  (cost=0.43..40.08 rows=9 width=4)
	        Index Cond: ((id >= 4312436) AND (id <= 4312445))

table 3 : explain SELECT SUM(k) FROM sbtest3 WHERE id BETWEEN 1003785 AND 1003794
	Aggregate  (cost=40.17..40.18 rows=1 width=8)
	  ->  Index Scan using sbtest3_pkey on sbtest3  (cost=0.43..40.15 rows=9 width=4)
	        Index Cond: ((id >= 1003785) AND (id <= 1003794))

table 4 : explain SELECT SUM(k) FROM sbtest4 WHERE id BETWEEN 1692330 AND 1692339
	Aggregate  (cost=44.13..44.14 rows=1 width=8)
	  ->  Index Scan using sbtest4_pkey on sbtest4  (cost=0.43..44.11 rows=10 width=4)
	        Index Cond: ((id >= 1692330) AND (id <= 1692339))

table 5 : explain SELECT SUM(k) FROM sbtest5 WHERE id BETWEEN 7642340 AND 7642349
	Aggregate  (cost=44.06..44.07 rows=1 width=8)
	  ->  Index Scan using sbtest5_pkey on sbtest5  (cost=0.43..44.04 rows=10 width=4)
	        Index Cond: ((id >= 7642340) AND (id <= 7642349))

table 6 : explain SELECT SUM(k) FROM sbtest6 WHERE id BETWEEN 1167400 AND 1167409
	Aggregate  (cost=44.05..44.06 rows=1 width=8)
	  ->  Index Scan using sbtest6_pkey on sbtest6  (cost=0.43..44.03 rows=10 width=4)
	        Index Cond: ((id >= 1167400) AND (id <= 1167409))

table 7 : explain SELECT SUM(k) FROM sbtest7 WHERE id BETWEEN 8358023 AND 8358032
	Aggregate  (cost=44.02..44.03 rows=1 width=8)
	  ->  Index Scan using sbtest7_pkey on sbtest7  (cost=0.43..44.00 rows=10 width=4)
	        Index Cond: ((id >= 8358023) AND (id <= 8358032))

table 8 : explain SELECT SUM(k) FROM sbtest8 WHERE id BETWEEN 6470926 AND 6470935
	Aggregate  (cost=44.11..44.12 rows=1 width=8)
	  ->  Index Scan using sbtest8_pkey on sbtest8  (cost=0.43..44.09 rows=10 width=4)
	        Index Cond: ((id >= 6470926) AND (id <= 6470935))

for: simple_ranges
table 1 : explain SELECT c FROM sbtest1 WHERE id BETWEEN 7194855 AND 7194864
	Index Scan using sbtest1_pkey on sbtest1  (cost=0.43..44.14 rows=10 width=121)
	  Index Cond: ((id >= 7194855) AND (id <= 7194864))

table 2 : explain SELECT c FROM sbtest2 WHERE id BETWEEN 4446385 AND 4446394
	Index Scan using sbtest2_pkey on sbtest2  (cost=0.43..44.04 rows=10 width=121)
	  Index Cond: ((id >= 4446385) AND (id <= 4446394))

table 3 : explain SELECT c FROM sbtest3 WHERE id BETWEEN 1043973 AND 1043982
	Index Scan using sbtest3_pkey on sbtest3  (cost=0.43..44.11 rows=10 width=121)
	  Index Cond: ((id >= 1043973) AND (id <= 1043982))

table 4 : explain SELECT c FROM sbtest4 WHERE id BETWEEN 2584639 AND 2584648
	Index Scan using sbtest4_pkey on sbtest4  (cost=0.43..44.11 rows=10 width=121)
	  Index Cond: ((id >= 2584639) AND (id <= 2584648))

table 5 : explain SELECT c FROM sbtest5 WHERE id BETWEEN 5088036 AND 5088045
	Index Scan using sbtest5_pkey on sbtest5  (cost=0.43..44.04 rows=10 width=121)
	  Index Cond: ((id >= 5088036) AND (id <= 5088045))

table 6 : explain SELECT c FROM sbtest6 WHERE id BETWEEN 4749231 AND 4749240
	Index Scan using sbtest6_pkey on sbtest6  (cost=0.43..40.08 rows=9 width=121)
	  Index Cond: ((id >= 4749231) AND (id <= 4749240))

table 7 : explain SELECT c FROM sbtest7 WHERE id BETWEEN 3617234 AND 3617243
	Index Scan using sbtest7_pkey on sbtest7  (cost=0.43..44.00 rows=10 width=121)
	  Index Cond: ((id >= 3617234) AND (id <= 3617243))

table 8 : explain SELECT c FROM sbtest8 WHERE id BETWEEN 6605953 AND 6605962
	Index Scan using sbtest8_pkey on sbtest8  (cost=0.43..48.04 rows=11 width=121)
	  Index Cond: ((id >= 6605953) AND (id <= 6605962))

for: simple_ranges
table 1 : explain SELECT c FROM sbtest1 WHERE id BETWEEN 2791054 AND 2791063
	Index Scan using sbtest1_pkey on sbtest1  (cost=0.43..44.14 rows=10 width=121)
	  Index Cond: ((id >= 2791054) AND (id <= 2791063))

table 2 : explain SELECT c FROM sbtest2 WHERE id BETWEEN 500846 AND 500855
	Index Scan using sbtest2_pkey on sbtest2  (cost=0.43..44.04 rows=10 width=121)
	  Index Cond: ((id >= 500846) AND (id <= 500855))

table 3 : explain SELECT c FROM sbtest3 WHERE id BETWEEN 1885677 AND 1885686
	Index Scan using sbtest3_pkey on sbtest3  (cost=0.43..44.11 rows=10 width=121)
	  Index Cond: ((id >= 1885677) AND (id <= 1885686))

table 4 : explain SELECT c FROM sbtest4 WHERE id BETWEEN 3711653 AND 3711662
	Index Scan using sbtest4_pkey on sbtest4  (cost=0.43..44.11 rows=10 width=121)
	  Index Cond: ((id >= 3711653) AND (id <= 3711662))

table 5 : explain SELECT c FROM sbtest5 WHERE id BETWEEN 3608959 AND 3608968
	Index Scan using sbtest5_pkey on sbtest5  (cost=0.43..44.04 rows=10 width=121)
	  Index Cond: ((id >= 3608959) AND (id <= 3608968))

table 6 : explain SELECT c FROM sbtest6 WHERE id BETWEEN 8527085 AND 8527094
	Index Scan using sbtest6_pkey on sbtest6  (cost=0.43..44.03 rows=10 width=121)
	  Index Cond: ((id >= 8527085) AND (id <= 8527094))

table 7 : explain SELECT c FROM sbtest7 WHERE id BETWEEN 9844045 AND 9844054
	Index Scan using sbtest7_pkey on sbtest7  (cost=0.43..44.00 rows=10 width=121)
	  Index Cond: ((id >= 9844045) AND (id <= 9844054))

table 8 : explain SELECT c FROM sbtest8 WHERE id BETWEEN 3782457 AND 3782466
	Index Scan using sbtest8_pkey on sbtest8  (cost=0.43..44.09 rows=10 width=121)
	  Index Cond: ((id >= 3782457) AND (id <= 3782466))

for: sum_ranges
table 1 : explain SELECT SUM(k) FROM sbtest1 WHERE id BETWEEN 9839869 AND 9839878
	Aggregate  (cost=44.17..44.18 rows=1 width=8)
	  ->  Index Scan using sbtest1_pkey on sbtest1  (cost=0.43..44.14 rows=10 width=4)
	        Index Cond: ((id >= 9839869) AND (id <= 9839878))

table 2 : explain SELECT SUM(k) FROM sbtest2 WHERE id BETWEEN 4632051 AND 4632060
	Aggregate  (cost=44.06..44.07 rows=1 width=8)
	  ->  Index Scan using sbtest2_pkey on sbtest2  (cost=0.43..44.04 rows=10 width=4)
	        Index Cond: ((id >= 4632051) AND (id <= 4632060))

table 3 : explain SELECT SUM(k) FROM sbtest3 WHERE id BETWEEN 1647112 AND 1647121
	Aggregate  (cost=40.17..40.18 rows=1 width=8)
	  ->  Index Scan using sbtest3_pkey on sbtest3  (cost=0.43..40.15 rows=9 width=4)
	        Index Cond: ((id >= 1647112) AND (id <= 1647121))

table 4 : explain SELECT SUM(k) FROM sbtest4 WHERE id BETWEEN 6929276 AND 6929285
	Aggregate  (cost=44.13..44.14 rows=1 width=8)
	  ->  Index Scan using sbtest4_pkey on sbtest4  (cost=0.43..44.11 rows=10 width=4)
	        Index Cond: ((id >= 6929276) AND (id <= 6929285))

table 5 : explain SELECT SUM(k) FROM sbtest5 WHERE id BETWEEN 167262 AND 167271
	Aggregate  (cost=44.06..44.07 rows=1 width=8)
	  ->  Index Scan using sbtest5_pkey on sbtest5  (cost=0.43..44.04 rows=10 width=4)
	        Index Cond: ((id >= 167262) AND (id <= 167271))

table 6 : explain SELECT SUM(k) FROM sbtest6 WHERE id BETWEEN 5161388 AND 5161397
	Aggregate  (cost=40.10..40.11 rows=1 width=8)
	  ->  Index Scan using sbtest6_pkey on sbtest6  (cost=0.43..40.08 rows=9 width=4)
	        Index Cond: ((id >= 5161388) AND (id <= 5161397))

table 7 : explain SELECT SUM(k) FROM sbtest7 WHERE id BETWEEN 6432206 AND 6432215
	Aggregate  (cost=44.02..44.03 rows=1 width=8)
	  ->  Index Scan using sbtest7_pkey on sbtest7  (cost=0.43..44.00 rows=10 width=4)
	        Index Cond: ((id >= 6432206) AND (id <= 6432215))

table 8 : explain SELECT SUM(k) FROM sbtest8 WHERE id BETWEEN 3915816 AND 3915825
	Aggregate  (cost=44.11..44.12 rows=1 width=8)
	  ->  Index Scan using sbtest8_pkey on sbtest8  (cost=0.43..44.09 rows=10 width=4)
	        Index Cond: ((id >= 3915816) AND (id <= 3915825))

for point_selects
table 1 : explain SELECT c FROM sbtest1 WHERE id=616158
	Index Scan using sbtest1_pkey on sbtest1  (cost=0.43..8.45 rows=1 width=121)
	  Index Cond: (id = 616158)

table 2 : explain SELECT c FROM sbtest2 WHERE id=1480012
	Index Scan using sbtest2_pkey on sbtest2  (cost=0.43..8.45 rows=1 width=121)
	  Index Cond: (id = 1480012)

table 3 : explain SELECT c FROM sbtest3 WHERE id=2496122
	Index Scan using sbtest3_pkey on sbtest3  (cost=0.43..8.45 rows=1 width=121)
	  Index Cond: (id = 2496122)

table 4 : explain SELECT c FROM sbtest4 WHERE id=4132392
	Index Scan using sbtest4_pkey on sbtest4  (cost=0.43..8.45 rows=1 width=121)
	  Index Cond: (id = 4132392)

table 5 : explain SELECT c FROM sbtest5 WHERE id=4294207
	Index Scan using sbtest5_pkey on sbtest5  (cost=0.43..8.45 rows=1 width=121)
	  Index Cond: (id = 4294207)

table 6 : explain SELECT c FROM sbtest6 WHERE id=7540708
	Index Scan using sbtest6_pkey on sbtest6  (cost=0.43..8.45 rows=1 width=121)
	  Index Cond: (id = 7540708)

table 7 : explain SELECT c FROM sbtest7 WHERE id=503358
	Index Scan using sbtest7_pkey on sbtest7  (cost=0.43..8.45 rows=1 width=121)
	  Index Cond: (id = 503358)

table 8 : explain SELECT c FROM sbtest8 WHERE id=2918792
	Index Scan using sbtest8_pkey on sbtest8  (cost=0.43..8.45 rows=1 width=121)
	  Index Cond: (id = 2918792)

for: sum_ranges
table 1 : explain SELECT SUM(k) FROM sbtest1 WHERE id BETWEEN 7111655 AND 7111664
	Aggregate  (cost=44.17..44.18 rows=1 width=8)
	  ->  Index Scan using sbtest1_pkey on sbtest1  (cost=0.43..44.14 rows=10 width=4)
	        Index Cond: ((id >= 7111655) AND (id <= 7111664))

table 2 : explain SELECT SUM(k) FROM sbtest2 WHERE id BETWEEN 8388932 AND 8388941
	Aggregate  (cost=44.06..44.07 rows=1 width=8)
	  ->  Index Scan using sbtest2_pkey on sbtest2  (cost=0.43..44.04 rows=10 width=4)
	        Index Cond: ((id >= 8388932) AND (id <= 8388941))

table 3 : explain SELECT SUM(k) FROM sbtest3 WHERE id BETWEEN 4558734 AND 4558743
	Aggregate  (cost=40.17..40.18 rows=1 width=8)
	  ->  Index Scan using sbtest3_pkey on sbtest3  (cost=0.43..40.15 rows=9 width=4)
	        Index Cond: ((id >= 4558734) AND (id <= 4558743))

table 4 : explain SELECT SUM(k) FROM sbtest4 WHERE id BETWEEN 8456199 AND 8456208
	Aggregate  (cost=48.10..48.11 rows=1 width=8)
	  ->  Index Scan using sbtest4_pkey on sbtest4  (cost=0.43..48.07 rows=11 width=4)
	        Index Cond: ((id >= 8456199) AND (id <= 8456208))

table 5 : explain SELECT SUM(k) FROM sbtest5 WHERE id BETWEEN 5782131 AND 5782140
	Aggregate  (cost=40.11..40.12 rows=1 width=8)
	  ->  Index Scan using sbtest5_pkey on sbtest5  (cost=0.43..40.08 rows=9 width=4)
	        Index Cond: ((id >= 5782131) AND (id <= 5782140))

table 6 : explain SELECT SUM(k) FROM sbtest6 WHERE id BETWEEN 7492533 AND 7492542
	Aggregate  (cost=44.05..44.06 rows=1 width=8)
	  ->  Index Scan using sbtest6_pkey on sbtest6  (cost=0.43..44.03 rows=10 width=4)
	        Index Cond: ((id >= 7492533) AND (id <= 7492542))

table 7 : explain SELECT SUM(k) FROM sbtest7 WHERE id BETWEEN 6502883 AND 6502892
	Aggregate  (cost=44.02..44.03 rows=1 width=8)
	  ->  Index Scan using sbtest7_pkey on sbtest7  (cost=0.43..44.00 rows=10 width=4)
	        Index Cond: ((id >= 6502883) AND (id <= 6502892))

table 8 : explain SELECT SUM(k) FROM sbtest8 WHERE id BETWEEN 627171 AND 627180
	Aggregate  (cost=48.07..48.08 rows=1 width=8)
	  ->  Index Scan using sbtest8_pkey on sbtest8  (cost=0.43..48.04 rows=11 width=4)
	        Index Cond: ((id >= 627171) AND (id <= 627180))

for: simple_ranges
table 1 : explain SELECT c FROM sbtest1 WHERE id BETWEEN 2104033 AND 2104042
	Index Scan using sbtest1_pkey on sbtest1  (cost=0.43..44.14 rows=10 width=121)
	  Index Cond: ((id >= 2104033) AND (id <= 2104042))

table 2 : explain SELECT c FROM sbtest2 WHERE id BETWEEN 1904247 AND 1904256
	Index Scan using sbtest2_pkey on sbtest2  (cost=0.43..47.99 rows=11 width=121)
	  Index Cond: ((id >= 1904247) AND (id <= 1904256))

table 3 : explain SELECT c FROM sbtest3 WHERE id BETWEEN 8325342 AND 8325351
	Index Scan using sbtest3_pkey on sbtest3  (cost=0.43..44.11 rows=10 width=121)
	  Index Cond: ((id >= 8325342) AND (id <= 8325351))

table 4 : explain SELECT c FROM sbtest4 WHERE id BETWEEN 2001738 AND 2001747
	Index Scan using sbtest4_pkey on sbtest4  (cost=0.43..44.11 rows=10 width=121)
	  Index Cond: ((id >= 2001738) AND (id <= 2001747))

table 5 : explain SELECT c FROM sbtest5 WHERE id BETWEEN 9049611 AND 9049620
	Index Scan using sbtest5_pkey on sbtest5  (cost=0.43..47.99 rows=11 width=121)
	  Index Cond: ((id >= 9049611) AND (id <= 9049620))

table 6 : explain SELECT c FROM sbtest6 WHERE id BETWEEN 1124789 AND 1124798
	Index Scan using sbtest6_pkey on sbtest6  (cost=0.43..44.03 rows=10 width=121)
	  Index Cond: ((id >= 1124789) AND (id <= 1124798))

table 7 : explain SELECT c FROM sbtest7 WHERE id BETWEEN 624181 AND 624190
	Index Scan using sbtest7_pkey on sbtest7  (cost=0.43..44.00 rows=10 width=121)
	  Index Cond: ((id >= 624181) AND (id <= 624190))

table 8 : explain SELECT c FROM sbtest8 WHERE id BETWEEN 2836988 AND 2836997
	Index Scan using sbtest8_pkey on sbtest8  (cost=0.43..44.09 rows=10 width=121)
	  Index Cond: ((id >= 2836988) AND (id <= 2836997))

for: sum_ranges
table 1 : explain SELECT SUM(k) FROM sbtest1 WHERE id BETWEEN 1142937 AND 1142946
	Aggregate  (cost=40.20..40.21 rows=1 width=8)
	  ->  Index Scan using sbtest1_pkey on sbtest1  (cost=0.43..40.18 rows=9 width=4)
	        Index Cond: ((id >= 1142937) AND (id <= 1142946))

table 2 : explain SELECT SUM(k) FROM sbtest2 WHERE id BETWEEN 2534720 AND 2534729
	Aggregate  (cost=44.06..44.07 rows=1 width=8)
	  ->  Index Scan using sbtest2_pkey on sbtest2  (cost=0.43..44.04 rows=10 width=4)
	        Index Cond: ((id >= 2534720) AND (id <= 2534729))

table 3 : explain SELECT SUM(k) FROM sbtest3 WHERE id BETWEEN 9296382 AND 9296391
	Aggregate  (cost=48.10..48.11 rows=1 width=8)
	  ->  Index Scan using sbtest3_pkey on sbtest3  (cost=0.43..48.07 rows=11 width=4)
	        Index Cond: ((id >= 9296382) AND (id <= 9296391))

table 4 : explain SELECT SUM(k) FROM sbtest4 WHERE id BETWEEN 933527 AND 933536
	Aggregate  (cost=44.13..44.14 rows=1 width=8)
	  ->  Index Scan using sbtest4_pkey on sbtest4  (cost=0.43..44.11 rows=10 width=4)
	        Index Cond: ((id >= 933527) AND (id <= 933536))

table 5 : explain SELECT SUM(k) FROM sbtest5 WHERE id BETWEEN 320015 AND 320024
	Aggregate  (cost=44.06..44.07 rows=1 width=8)
	  ->  Index Scan using sbtest5_pkey on sbtest5  (cost=0.43..44.04 rows=10 width=4)
	        Index Cond: ((id >= 320015) AND (id <= 320024))

table 6 : explain SELECT SUM(k) FROM sbtest6 WHERE id BETWEEN 4937029 AND 4937038
	Aggregate  (cost=44.05..44.06 rows=1 width=8)
	  ->  Index Scan using sbtest6_pkey on sbtest6  (cost=0.43..44.03 rows=10 width=4)
	        Index Cond: ((id >= 4937029) AND (id <= 4937038))

table 7 : explain SELECT SUM(k) FROM sbtest7 WHERE id BETWEEN 9093326 AND 9093335
	Aggregate  (cost=47.97..47.98 rows=1 width=8)
	  ->  Index Scan using sbtest7_pkey on sbtest7  (cost=0.43..47.95 rows=11 width=4)
	        Index Cond: ((id >= 9093326) AND (id <= 9093335))

table 8 : explain SELECT SUM(k) FROM sbtest8 WHERE id BETWEEN 6857858 AND 6857867
	Aggregate  (cost=48.07..48.08 rows=1 width=8)
	  ->  Index Scan using sbtest8_pkey on sbtest8  (cost=0.43..48.04 rows=11 width=4)
	        Index Cond: ((id >= 6857858) AND (id <= 6857867))

for: simple_ranges
table 1 : explain SELECT c FROM sbtest1 WHERE id BETWEEN 9148110 AND 9148119
	Index Scan using sbtest1_pkey on sbtest1  (cost=0.43..44.14 rows=10 width=121)
	  Index Cond: ((id >= 9148110) AND (id <= 9148119))

table 2 : explain SELECT c FROM sbtest2 WHERE id BETWEEN 5789093 AND 5789102
	Index Scan using sbtest2_pkey on sbtest2  (cost=0.43..44.04 rows=10 width=121)
	  Index Cond: ((id >= 5789093) AND (id <= 5789102))

table 3 : explain SELECT c FROM sbtest3 WHERE id BETWEEN 5950292 AND 5950301
	Index Scan using sbtest3_pkey on sbtest3  (cost=0.43..48.07 rows=11 width=121)
	  Index Cond: ((id >= 5950292) AND (id <= 5950301))

table 4 : explain SELECT c FROM sbtest4 WHERE id BETWEEN 6740003 AND 6740012
	Index Scan using sbtest4_pkey on sbtest4  (cost=0.43..44.11 rows=10 width=121)
	  Index Cond: ((id >= 6740003) AND (id <= 6740012))

table 5 : explain SELECT c FROM sbtest5 WHERE id BETWEEN 3757950 AND 3757959
	Index Scan using sbtest5_pkey on sbtest5  (cost=0.43..47.99 rows=11 width=121)
	  Index Cond: ((id >= 3757950) AND (id <= 3757959))

table 6 : explain SELECT c FROM sbtest6 WHERE id BETWEEN 3847641 AND 3847650
	Index Scan using sbtest6_pkey on sbtest6  (cost=0.43..40.08 rows=9 width=121)
	  Index Cond: ((id >= 3847641) AND (id <= 3847650))

table 7 : explain SELECT c FROM sbtest7 WHERE id BETWEEN 7462831 AND 7462840
	Index Scan using sbtest7_pkey on sbtest7  (cost=0.43..47.95 rows=11 width=121)
	  Index Cond: ((id >= 7462831) AND (id <= 7462840))

table 8 : explain SELECT c FROM sbtest8 WHERE id BETWEEN 435595 AND 435604
	Index Scan using sbtest8_pkey on sbtest8  (cost=0.43..40.13 rows=9 width=121)
	  Index Cond: ((id >= 435595) AND (id <= 435604))

for: simple_ranges
table 1 : explain SELECT c FROM sbtest1 WHERE id BETWEEN 264499 AND 264508
	Index Scan using sbtest1_pkey on sbtest1  (cost=0.43..48.11 rows=11 width=121)
	  Index Cond: ((id >= 264499) AND (id <= 264508))

table 2 : explain SELECT c FROM sbtest2 WHERE id BETWEEN 947474 AND 947483
	Index Scan using sbtest2_pkey on sbtest2  (cost=0.43..44.04 rows=10 width=121)
	  Index Cond: ((id >= 947474) AND (id <= 947483))

table 3 : explain SELECT c FROM sbtest3 WHERE id BETWEEN 6508735 AND 6508744
	Index Scan using sbtest3_pkey on sbtest3  (cost=0.43..44.11 rows=10 width=121)
	  Index Cond: ((id >= 6508735) AND (id <= 6508744))

table 4 : explain SELECT c FROM sbtest4 WHERE id BETWEEN 8917148 AND 8917157
	Index Scan using sbtest4_pkey on sbtest4  (cost=0.43..48.07 rows=11 width=121)
	  Index Cond: ((id >= 8917148) AND (id <= 8917157))

table 5 : explain SELECT c FROM sbtest5 WHERE id BETWEEN 2467211 AND 2467220
	Index Scan using sbtest5_pkey on sbtest5  (cost=0.43..44.04 rows=10 width=121)
	  Index Cond: ((id >= 2467211) AND (id <= 2467220))

table 6 : explain SELECT c FROM sbtest6 WHERE id BETWEEN 4564696 AND 4564705
	Index Scan using sbtest6_pkey on sbtest6  (cost=0.43..44.03 rows=10 width=121)
	  Index Cond: ((id >= 4564696) AND (id <= 4564705))

table 7 : explain SELECT c FROM sbtest7 WHERE id BETWEEN 4748029 AND 4748038
	Index Scan using sbtest7_pkey on sbtest7  (cost=0.43..44.00 rows=10 width=121)
	  Index Cond: ((id >= 4748029) AND (id <= 4748038))

table 8 : explain SELECT c FROM sbtest8 WHERE id BETWEEN 5036611 AND 5036620
	Index Scan using sbtest8_pkey on sbtest8  (cost=0.43..44.09 rows=10 width=121)
	  Index Cond: ((id >= 5036611) AND (id <= 5036620))

for point_selects
table 1 : explain SELECT c FROM sbtest1 WHERE id=3035345
	Index Scan using sbtest1_pkey on sbtest1  (cost=0.43..8.45 rows=1 width=121)
	  Index Cond: (id = 3035345)

table 2 : explain SELECT c FROM sbtest2 WHERE id=763390
	Index Scan using sbtest2_pkey on sbtest2  (cost=0.43..8.45 rows=1 width=121)
	  Index Cond: (id = 763390)

table 3 : explain SELECT c FROM sbtest3 WHERE id=7908717
	Index Scan using sbtest3_pkey on sbtest3  (cost=0.43..8.45 rows=1 width=121)
	  Index Cond: (id = 7908717)

table 4 : explain SELECT c FROM sbtest4 WHERE id=3117054
	Index Scan using sbtest4_pkey on sbtest4  (cost=0.43..8.45 rows=1 width=121)
	  Index Cond: (id = 3117054)

table 5 : explain SELECT c FROM sbtest5 WHERE id=3181487
	Index Scan using sbtest5_pkey on sbtest5  (cost=0.43..8.45 rows=1 width=121)
	  Index Cond: (id = 3181487)

table 6 : explain SELECT c FROM sbtest6 WHERE id=2584523
	Index Scan using sbtest6_pkey on sbtest6  (cost=0.43..8.45 rows=1 width=121)
	  Index Cond: (id = 2584523)

table 7 : explain SELECT c FROM sbtest7 WHERE id=4602993
	Index Scan using sbtest7_pkey on sbtest7  (cost=0.43..8.45 rows=1 width=121)
	  Index Cond: (id = 4602993)

table 8 : explain SELECT c FROM sbtest8 WHERE id=5583772
	Index Scan using sbtest8_pkey on sbtest8  (cost=0.43..8.45 rows=1 width=121)
	  Index Cond: (id = 5583772)

for: simple_ranges
table 1 : explain SELECT c FROM sbtest1 WHERE id BETWEEN 3163263 AND 3163272
	Index Scan using sbtest1_pkey on sbtest1  (cost=0.43..40.18 rows=9 width=121)
	  Index Cond: ((id >= 3163263) AND (id <= 3163272))

table 2 : explain SELECT c FROM sbtest2 WHERE id BETWEEN 8354950 AND 8354959
	Index Scan using sbtest2_pkey on sbtest2  (cost=0.43..44.04 rows=10 width=121)
	  Index Cond: ((id >= 8354950) AND (id <= 8354959))

table 3 : explain SELECT c FROM sbtest3 WHERE id BETWEEN 1103477 AND 1103486
	Index Scan using sbtest3_pkey on sbtest3  (cost=0.43..44.11 rows=10 width=121)
	  Index Cond: ((id >= 1103477) AND (id <= 1103486))

table 4 : explain SELECT c FROM sbtest4 WHERE id BETWEEN 715451 AND 715460
	Index Scan using sbtest4_pkey on sbtest4  (cost=0.43..44.11 rows=10 width=121)
	  Index Cond: ((id >= 715451) AND (id <= 715460))

table 5 : explain SELECT c FROM sbtest5 WHERE id BETWEEN 1914459 AND 1914468
	Index Scan using sbtest5_pkey on sbtest5  (cost=0.43..44.04 rows=10 width=121)
	  Index Cond: ((id >= 1914459) AND (id <= 1914468))

table 6 : explain SELECT c FROM sbtest6 WHERE id BETWEEN 9252538 AND 9252547
	Index Scan using sbtest6_pkey on sbtest6  (cost=0.43..47.98 rows=11 width=121)
	  Index Cond: ((id >= 9252538) AND (id <= 9252547))

table 7 : explain SELECT c FROM sbtest7 WHERE id BETWEEN 165248 AND 165257
	Index Scan using sbtest7_pkey on sbtest7  (cost=0.43..44.00 rows=10 width=121)
	  Index Cond: ((id >= 165248) AND (id <= 165257))

table 8 : explain SELECT c FROM sbtest8 WHERE id BETWEEN 621539 AND 621548
	Index Scan using sbtest8_pkey on sbtest8  (cost=0.43..48.04 rows=11 width=121)
	  Index Cond: ((id >= 621539) AND (id <= 621548))

for point_selects
table 1 : explain SELECT c FROM sbtest1 WHERE id=9404208
	Index Scan using sbtest1_pkey on sbtest1  (cost=0.43..8.45 rows=1 width=121)
	  Index Cond: (id = 9404208)

table 2 : explain SELECT c FROM sbtest2 WHERE id=9617876
	Index Scan using sbtest2_pkey on sbtest2  (cost=0.43..8.45 rows=1 width=121)
	  Index Cond: (id = 9617876)

table 3 : explain SELECT c FROM sbtest3 WHERE id=9189142
	Index Scan using sbtest3_pkey on sbtest3  (cost=0.43..8.45 rows=1 width=121)
	  Index Cond: (id = 9189142)

table 4 : explain SELECT c FROM sbtest4 WHERE id=6963668
	Index Scan using sbtest4_pkey on sbtest4  (cost=0.43..8.45 rows=1 width=121)
	  Index Cond: (id = 6963668)

table 5 : explain SELECT c FROM sbtest5 WHERE id=5608723
	Index Scan using sbtest5_pkey on sbtest5  (cost=0.43..8.45 rows=1 width=121)
	  Index Cond: (id = 5608723)

table 6 : explain SELECT c FROM sbtest6 WHERE id=5614320
	Index Scan using sbtest6_pkey on sbtest6  (cost=0.43..8.45 rows=1 width=121)
	  Index Cond: (id = 5614320)

table 7 : explain SELECT c FROM sbtest7 WHERE id=1270446
	Index Scan using sbtest7_pkey on sbtest7  (cost=0.43..8.45 rows=1 width=121)
	  Index Cond: (id = 1270446)

table 8 : explain SELECT c FROM sbtest8 WHERE id=6724803
	Index Scan using sbtest8_pkey on sbtest8  (cost=0.43..8.45 rows=1 width=121)
	  Index Cond: (id = 6724803)

for: simple_ranges
table 1 : explain SELECT c FROM sbtest1 WHERE id BETWEEN 2026051 AND 2026060
	Index Scan using sbtest1_pkey on sbtest1  (cost=0.43..44.14 rows=10 width=121)
	  Index Cond: ((id >= 2026051) AND (id <= 2026060))

table 2 : explain SELECT c FROM sbtest2 WHERE id BETWEEN 6599910 AND 6599919
	Index Scan using sbtest2_pkey on sbtest2  (cost=0.43..47.99 rows=11 width=121)
	  Index Cond: ((id >= 6599910) AND (id <= 6599919))

table 3 : explain SELECT c FROM sbtest3 WHERE id BETWEEN 1119816 AND 1119825
	Index Scan using sbtest3_pkey on sbtest3  (cost=0.43..44.11 rows=10 width=121)
	  Index Cond: ((id >= 1119816) AND (id <= 1119825))

table 4 : explain SELECT c FROM sbtest4 WHERE id BETWEEN 551681 AND 551690
	Index Scan using sbtest4_pkey on sbtest4  (cost=0.43..44.11 rows=10 width=121)
	  Index Cond: ((id >= 551681) AND (id <= 551690))

table 5 : explain SELECT c FROM sbtest5 WHERE id BETWEEN 98492 AND 98501
	Index Scan using sbtest5_pkey on sbtest5  (cost=0.43..44.04 rows=10 width=121)
	  Index Cond: ((id >= 98492) AND (id <= 98501))

table 6 : explain SELECT c FROM sbtest6 WHERE id BETWEEN 7884809 AND 7884818
	Index Scan using sbtest6_pkey on sbtest6  (cost=0.43..44.03 rows=10 width=121)
	  Index Cond: ((id >= 7884809) AND (id <= 7884818))

table 7 : explain SELECT c FROM sbtest7 WHERE id BETWEEN 2326484 AND 2326493
	Index Scan using sbtest7_pkey on sbtest7  (cost=0.43..44.00 rows=10 width=121)
	  Index Cond: ((id >= 2326484) AND (id <= 2326493))

table 8 : explain SELECT c FROM sbtest8 WHERE id BETWEEN 5424642 AND 5424651
	Index Scan using sbtest8_pkey on sbtest8  (cost=0.43..40.13 rows=9 width=121)
	  Index Cond: ((id >= 5424642) AND (id <= 5424651))

for: sum_ranges
table 1 : explain SELECT SUM(k) FROM sbtest1 WHERE id BETWEEN 3456935 AND 3456944
	Aggregate  (cost=44.17..44.18 rows=1 width=8)
	  ->  Index Scan using sbtest1_pkey on sbtest1  (cost=0.43..44.14 rows=10 width=4)
	        Index Cond: ((id >= 3456935) AND (id <= 3456944))

table 2 : explain SELECT SUM(k) FROM sbtest2 WHERE id BETWEEN 3479961 AND 3479970
	Aggregate  (cost=44.06..44.07 rows=1 width=8)
	  ->  Index Scan using sbtest2_pkey on sbtest2  (cost=0.43..44.04 rows=10 width=4)
	        Index Cond: ((id >= 3479961) AND (id <= 3479970))

table 3 : explain SELECT SUM(k) FROM sbtest3 WHERE id BETWEEN 5193658 AND 5193667
	Aggregate  (cost=44.13..44.14 rows=1 width=8)
	  ->  Index Scan using sbtest3_pkey on sbtest3  (cost=0.43..44.11 rows=10 width=4)
	        Index Cond: ((id >= 5193658) AND (id <= 5193667))

table 4 : explain SELECT SUM(k) FROM sbtest4 WHERE id BETWEEN 2600308 AND 2600317
	Aggregate  (cost=44.13..44.14 rows=1 width=8)
	  ->  Index Scan using sbtest4_pkey on sbtest4  (cost=0.43..44.11 rows=10 width=4)
	        Index Cond: ((id >= 2600308) AND (id <= 2600317))

table 5 : explain SELECT SUM(k) FROM sbtest5 WHERE id BETWEEN 7085867 AND 7085876
	Aggregate  (cost=40.11..40.12 rows=1 width=8)
	  ->  Index Scan using sbtest5_pkey on sbtest5  (cost=0.43..40.08 rows=9 width=4)
	        Index Cond: ((id >= 7085867) AND (id <= 7085876))

table 6 : explain SELECT SUM(k) FROM sbtest6 WHERE id BETWEEN 6506146 AND 6506155
	Aggregate  (cost=48.01..48.02 rows=1 width=8)
	  ->  Index Scan using sbtest6_pkey on sbtest6  (cost=0.43..47.98 rows=11 width=4)
	        Index Cond: ((id >= 6506146) AND (id <= 6506155))

table 7 : explain SELECT SUM(k) FROM sbtest7 WHERE id BETWEEN 1562073 AND 1562082
	Aggregate  (cost=40.07..40.08 rows=1 width=8)
	  ->  Index Scan using sbtest7_pkey on sbtest7  (cost=0.43..40.05 rows=9 width=4)
	        Index Cond: ((id >= 1562073) AND (id <= 1562082))

table 8 : explain SELECT SUM(k) FROM sbtest8 WHERE id BETWEEN 1434327 AND 1434336
	Aggregate  (cost=44.11..44.12 rows=1 width=8)
	  ->  Index Scan using sbtest8_pkey on sbtest8  (cost=0.43..44.09 rows=10 width=4)
	        Index Cond: ((id >= 1434327) AND (id <= 1434336))

for point_selects
table 1 : explain SELECT c FROM sbtest1 WHERE id=3849844
	Index Scan using sbtest1_pkey on sbtest1  (cost=0.43..8.45 rows=1 width=121)
	  Index Cond: (id = 3849844)

table 2 : explain SELECT c FROM sbtest2 WHERE id=2143237
	Index Scan using sbtest2_pkey on sbtest2  (cost=0.43..8.45 rows=1 width=121)
	  Index Cond: (id = 2143237)

table 3 : explain SELECT c FROM sbtest3 WHERE id=8774983
	Index Scan using sbtest3_pkey on sbtest3  (cost=0.43..8.45 rows=1 width=121)
	  Index Cond: (id = 8774983)

table 4 : explain SELECT c FROM sbtest4 WHERE id=8944365
	Index Scan using sbtest4_pkey on sbtest4  (cost=0.43..8.45 rows=1 width=121)
	  Index Cond: (id = 8944365)

table 5 : explain SELECT c FROM sbtest5 WHERE id=3156258
	Index Scan using sbtest5_pkey on sbtest5  (cost=0.43..8.45 rows=1 width=121)
	  Index Cond: (id = 3156258)

table 6 : explain SELECT c FROM sbtest6 WHERE id=5507519
	Index Scan using sbtest6_pkey on sbtest6  (cost=0.43..8.45 rows=1 width=121)
	  Index Cond: (id = 5507519)

table 7 : explain SELECT c FROM sbtest7 WHERE id=1490511
	Index Scan using sbtest7_pkey on sbtest7  (cost=0.43..8.45 rows=1 width=121)
	  Index Cond: (id = 1490511)

table 8 : explain SELECT c FROM sbtest8 WHERE id=2821947
	Index Scan using sbtest8_pkey on sbtest8  (cost=0.43..8.45 rows=1 width=121)
	  Index Cond: (id = 2821947)

for: simple_ranges
table 1 : explain SELECT c FROM sbtest1 WHERE id BETWEEN 7556618 AND 7556627
	Index Scan using sbtest1_pkey on sbtest1  (cost=0.43..44.14 rows=10 width=121)
	  Index Cond: ((id >= 7556618) AND (id <= 7556627))

table 2 : explain SELECT c FROM sbtest2 WHERE id BETWEEN 7042691 AND 7042700
	Index Scan using sbtest2_pkey on sbtest2  (cost=0.43..44.04 rows=10 width=121)
	  Index Cond: ((id >= 7042691) AND (id <= 7042700))

table 3 : explain SELECT c FROM sbtest3 WHERE id BETWEEN 7709604 AND 7709613
	Index Scan using sbtest3_pkey on sbtest3  (cost=0.43..44.11 rows=10 width=121)
	  Index Cond: ((id >= 7709604) AND (id <= 7709613))

table 4 : explain SELECT c FROM sbtest4 WHERE id BETWEEN 7243969 AND 7243978
	Index Scan using sbtest4_pkey on sbtest4  (cost=0.43..40.15 rows=9 width=121)
	  Index Cond: ((id >= 7243969) AND (id <= 7243978))

table 5 : explain SELECT c FROM sbtest5 WHERE id BETWEEN 7262256 AND 7262265
	Index Scan using sbtest5_pkey on sbtest5  (cost=0.43..44.04 rows=10 width=121)
	  Index Cond: ((id >= 7262256) AND (id <= 7262265))

table 6 : explain SELECT c FROM sbtest6 WHERE id BETWEEN 286043 AND 286052
	Index Scan using sbtest6_pkey on sbtest6  (cost=0.43..44.03 rows=10 width=121)
	  Index Cond: ((id >= 286043) AND (id <= 286052))

table 7 : explain SELECT c FROM sbtest7 WHERE id BETWEEN 9835952 AND 9835961
	Index Scan using sbtest7_pkey on sbtest7  (cost=0.43..44.00 rows=10 width=121)
	  Index Cond: ((id >= 9835952) AND (id <= 9835961))

table 8 : explain SELECT c FROM sbtest8 WHERE id BETWEEN 6090430 AND 6090439
	Index Scan using sbtest8_pkey on sbtest8  (cost=0.43..48.04 rows=11 width=121)
	  Index Cond: ((id >= 6090430) AND (id <= 6090439))

for: order_ranges
table 1 : explain SELECT c FROM sbtest1 WHERE id BETWEEN 8065306 AND 8065315 ORDER BY c
	Sort  (cost=44.31..44.33 rows=10 width=121)
	  Sort Key: c
	  ->  Index Scan using sbtest1_pkey on sbtest1  (cost=0.43..44.14 rows=10 width=121)
	        Index Cond: ((id >= 8065306) AND (id <= 8065315))

table 2 : explain SELECT c FROM sbtest2 WHERE id BETWEEN 3623738 AND 3623747 ORDER BY c
	Sort  (cost=40.23..40.25 rows=9 width=121)
	  Sort Key: c
	  ->  Index Scan using sbtest2_pkey on sbtest2  (cost=0.43..40.08 rows=9 width=121)
	        Index Cond: ((id >= 3623738) AND (id <= 3623747))

table 3 : explain SELECT c FROM sbtest3 WHERE id BETWEEN 9711388 AND 9711397 ORDER BY c
	Sort  (cost=44.28..44.30 rows=10 width=121)
	  Sort Key: c
	  ->  Index Scan using sbtest3_pkey on sbtest3  (cost=0.43..44.11 rows=10 width=121)
	        Index Cond: ((id >= 9711388) AND (id <= 9711397))

table 4 : explain SELECT c FROM sbtest4 WHERE id BETWEEN 4535098 AND 4535107 ORDER BY c
	Sort  (cost=44.27..44.30 rows=10 width=121)
	  Sort Key: c
	  ->  Index Scan using sbtest4_pkey on sbtest4  (cost=0.43..44.11 rows=10 width=121)
	        Index Cond: ((id >= 4535098) AND (id <= 4535107))

table 5 : explain SELECT c FROM sbtest5 WHERE id BETWEEN 1368566 AND 1368575 ORDER BY c
	Sort  (cost=48.18..48.21 rows=11 width=121)
	  Sort Key: c
	  ->  Index Scan using sbtest5_pkey on sbtest5  (cost=0.43..47.99 rows=11 width=121)
	        Index Cond: ((id >= 1368566) AND (id <= 1368575))

table 6 : explain SELECT c FROM sbtest6 WHERE id BETWEEN 2429825 AND 2429834 ORDER BY c
	Sort  (cost=44.19..44.22 rows=10 width=121)
	  Sort Key: c
	  ->  Index Scan using sbtest6_pkey on sbtest6  (cost=0.43..44.03 rows=10 width=121)
	        Index Cond: ((id >= 2429825) AND (id <= 2429834))

table 7 : explain SELECT c FROM sbtest7 WHERE id BETWEEN 1832217 AND 1832226 ORDER BY c
	Sort  (cost=44.16..44.19 rows=10 width=121)
	  Sort Key: c
	  ->  Index Scan using sbtest7_pkey on sbtest7  (cost=0.43..44.00 rows=10 width=121)
	        Index Cond: ((id >= 1832217) AND (id <= 1832226))

table 8 : explain SELECT c FROM sbtest8 WHERE id BETWEEN 5561927 AND 5561936 ORDER BY c
	Sort  (cost=44.25..44.28 rows=10 width=121)
	  Sort Key: c
	  ->  Index Scan using sbtest8_pkey on sbtest8  (cost=0.43..44.09 rows=10 width=121)
	        Index Cond: ((id >= 5561927) AND (id <= 5561936))

for point_selects
table 1 : explain SELECT c FROM sbtest1 WHERE id=2742298
	Index Scan using sbtest1_pkey on sbtest1  (cost=0.43..8.45 rows=1 width=121)
	  Index Cond: (id = 2742298)

table 2 : explain SELECT c FROM sbtest2 WHERE id=9809253
	Index Scan using sbtest2_pkey on sbtest2  (cost=0.43..8.45 rows=1 width=121)
	  Index Cond: (id = 9809253)

table 3 : explain SELECT c FROM sbtest3 WHERE id=6283041
	Index Scan using sbtest3_pkey on sbtest3  (cost=0.43..8.45 rows=1 width=121)
	  Index Cond: (id = 6283041)

table 4 : explain SELECT c FROM sbtest4 WHERE id=7829096
	Index Scan using sbtest4_pkey on sbtest4  (cost=0.43..8.45 rows=1 width=121)
	  Index Cond: (id = 7829096)

table 5 : explain SELECT c FROM sbtest5 WHERE id=645250
	Index Scan using sbtest5_pkey on sbtest5  (cost=0.43..8.45 rows=1 width=121)
	  Index Cond: (id = 645250)

table 6 : explain SELECT c FROM sbtest6 WHERE id=175342
	Index Scan using sbtest6_pkey on sbtest6  (cost=0.43..8.45 rows=1 width=121)
	  Index Cond: (id = 175342)

table 7 : explain SELECT c FROM sbtest7 WHERE id=7892701
	Index Scan using sbtest7_pkey on sbtest7  (cost=0.43..8.45 rows=1 width=121)
	  Index Cond: (id = 7892701)

table 8 : explain SELECT c FROM sbtest8 WHERE id=7596485
	Index Scan using sbtest8_pkey on sbtest8  (cost=0.43..8.45 rows=1 width=121)
	  Index Cond: (id = 7596485)

for: sum_ranges
table 1 : explain SELECT SUM(k) FROM sbtest1 WHERE id BETWEEN 8683871 AND 8683880
	Aggregate  (cost=40.20..40.21 rows=1 width=8)
	  ->  Index Scan using sbtest1_pkey on sbtest1  (cost=0.43..40.18 rows=9 width=4)
	        Index Cond: ((id >= 8683871) AND (id <= 8683880))

table 2 : explain SELECT SUM(k) FROM sbtest2 WHERE id BETWEEN 9762577 AND 9762586
	Aggregate  (cost=48.02..48.03 rows=1 width=8)
	  ->  Index Scan using sbtest2_pkey on sbtest2  (cost=0.43..47.99 rows=11 width=4)
	        Index Cond: ((id >= 9762577) AND (id <= 9762586))

table 3 : explain SELECT SUM(k) FROM sbtest3 WHERE id BETWEEN 4740097 AND 4740106
	Aggregate  (cost=44.13..44.14 rows=1 width=8)
	  ->  Index Scan using sbtest3_pkey on sbtest3  (cost=0.43..44.11 rows=10 width=4)
	        Index Cond: ((id >= 4740097) AND (id <= 4740106))

table 4 : explain SELECT SUM(k) FROM sbtest4 WHERE id BETWEEN 9259505 AND 9259514
	Aggregate  (cost=40.17..40.18 rows=1 width=8)
	  ->  Index Scan using sbtest4_pkey on sbtest4  (cost=0.43..40.15 rows=9 width=4)
	        Index Cond: ((id >= 9259505) AND (id <= 9259514))

table 5 : explain SELECT SUM(k) FROM sbtest5 WHERE id BETWEEN 5707243 AND 5707252
	Aggregate  (cost=40.11..40.12 rows=1 width=8)
	  ->  Index Scan using sbtest5_pkey on sbtest5  (cost=0.43..40.08 rows=9 width=4)
	        Index Cond: ((id >= 5707243) AND (id <= 5707252))

table 6 : explain SELECT SUM(k) FROM sbtest6 WHERE id BETWEEN 9751232 AND 9751241
	Aggregate  (cost=44.05..44.06 rows=1 width=8)
	  ->  Index Scan using sbtest6_pkey on sbtest6  (cost=0.43..44.03 rows=10 width=4)
	        Index Cond: ((id >= 9751232) AND (id <= 9751241))

table 7 : explain SELECT SUM(k) FROM sbtest7 WHERE id BETWEEN 1876042 AND 1876051
	Aggregate  (cost=44.02..44.03 rows=1 width=8)
	  ->  Index Scan using sbtest7_pkey on sbtest7  (cost=0.43..44.00 rows=10 width=4)
	        Index Cond: ((id >= 1876042) AND (id <= 1876051))

table 8 : explain SELECT SUM(k) FROM sbtest8 WHERE id BETWEEN 7971730 AND 7971739
	Aggregate  (cost=44.11..44.12 rows=1 width=8)
	  ->  Index Scan using sbtest8_pkey on sbtest8  (cost=0.43..44.09 rows=10 width=4)
	        Index Cond: ((id >= 7971730) AND (id <= 7971739))

for point_selects
table 1 : explain SELECT c FROM sbtest1 WHERE id=4860513
	Index Scan using sbtest1_pkey on sbtest1  (cost=0.43..8.45 rows=1 width=121)
	  Index Cond: (id = 4860513)

table 2 : explain SELECT c FROM sbtest2 WHERE id=5411528
	Index Scan using sbtest2_pkey on sbtest2  (cost=0.43..8.45 rows=1 width=121)
	  Index Cond: (id = 5411528)

table 3 : explain SELECT c FROM sbtest3 WHERE id=4615811
	Index Scan using sbtest3_pkey on sbtest3  (cost=0.43..8.45 rows=1 width=121)
	  Index Cond: (id = 4615811)

table 4 : explain SELECT c FROM sbtest4 WHERE id=3276369
	Index Scan using sbtest4_pkey on sbtest4  (cost=0.43..8.45 rows=1 width=121)
	  Index Cond: (id = 3276369)

table 5 : explain SELECT c FROM sbtest5 WHERE id=4524066
	Index Scan using sbtest5_pkey on sbtest5  (cost=0.43..8.45 rows=1 width=121)
	  Index Cond: (id = 4524066)

table 6 : explain SELECT c FROM sbtest6 WHERE id=1040137
	Index Scan using sbtest6_pkey on sbtest6  (cost=0.43..8.45 rows=1 width=121)
	  Index Cond: (id = 1040137)

table 7 : explain SELECT c FROM sbtest7 WHERE id=8041559
	Index Scan using sbtest7_pkey on sbtest7  (cost=0.43..8.45 rows=1 width=121)
	  Index Cond: (id = 8041559)

table 8 : explain SELECT c FROM sbtest8 WHERE id=966341
	Index Scan using sbtest8_pkey on sbtest8  (cost=0.43..8.45 rows=1 width=121)
	  Index Cond: (id = 966341)

for: simple_ranges
table 1 : explain SELECT c FROM sbtest1 WHERE id BETWEEN 7972570 AND 7972579
	Index Scan using sbtest1_pkey on sbtest1  (cost=0.43..44.14 rows=10 width=121)
	  Index Cond: ((id >= 7972570) AND (id <= 7972579))

table 2 : explain SELECT c FROM sbtest2 WHERE id BETWEEN 2504061 AND 2504070
	Index Scan using sbtest2_pkey on sbtest2  (cost=0.43..44.04 rows=10 width=121)
	  Index Cond: ((id >= 2504061) AND (id <= 2504070))

table 3 : explain SELECT c FROM sbtest3 WHERE id BETWEEN 9769297 AND 9769306
	Index Scan using sbtest3_pkey on sbtest3  (cost=0.43..44.11 rows=10 width=121)
	  Index Cond: ((id >= 9769297) AND (id <= 9769306))

table 4 : explain SELECT c FROM sbtest4 WHERE id BETWEEN 9697699 AND 9697708
	Index Scan using sbtest4_pkey on sbtest4  (cost=0.43..44.11 rows=10 width=121)
	  Index Cond: ((id >= 9697699) AND (id <= 9697708))

table 5 : explain SELECT c FROM sbtest5 WHERE id BETWEEN 7646394 AND 7646403
	Index Scan using sbtest5_pkey on sbtest5  (cost=0.43..44.04 rows=10 width=121)
	  Index Cond: ((id >= 7646394) AND (id <= 7646403))

table 6 : explain SELECT c FROM sbtest6 WHERE id BETWEEN 5435037 AND 5435046
	Index Scan using sbtest6_pkey on sbtest6  (cost=0.43..44.03 rows=10 width=121)
	  Index Cond: ((id >= 5435037) AND (id <= 5435046))

table 7 : explain SELECT c FROM sbtest7 WHERE id BETWEEN 5233340 AND 5233349
	Index Scan using sbtest7_pkey on sbtest7  (cost=0.43..51.90 rows=12 width=121)
	  Index Cond: ((id >= 5233340) AND (id <= 5233349))

table 8 : explain SELECT c FROM sbtest8 WHERE id BETWEEN 2296729 AND 2296738
	Index Scan using sbtest8_pkey on sbtest8  (cost=0.43..44.09 rows=10 width=121)
	  Index Cond: ((id >= 2296729) AND (id <= 2296738))

for: order_ranges
table 1 : explain SELECT c FROM sbtest1 WHERE id BETWEEN 4461411 AND 4461420 ORDER BY c
	Sort  (cost=40.32..40.34 rows=9 width=121)
	  Sort Key: c
	  ->  Index Scan using sbtest1_pkey on sbtest1  (cost=0.43..40.18 rows=9 width=121)
	        Index Cond: ((id >= 4461411) AND (id <= 4461420))

table 2 : explain SELECT c FROM sbtest2 WHERE id BETWEEN 1159463 AND 1159472 ORDER BY c
	Sort  (cost=44.20..44.23 rows=10 width=121)
	  Sort Key: c
	  ->  Index Scan using sbtest2_pkey on sbtest2  (cost=0.43..44.04 rows=10 width=121)
	        Index Cond: ((id >= 1159463) AND (id <= 1159472))

table 3 : explain SELECT c FROM sbtest3 WHERE id BETWEEN 8358041 AND 8358050 ORDER BY c
	Sort  (cost=44.28..44.30 rows=10 width=121)
	  Sort Key: c
	  ->  Index Scan using sbtest3_pkey on sbtest3  (cost=0.43..44.11 rows=10 width=121)
	        Index Cond: ((id >= 8358041) AND (id <= 8358050))

table 4 : explain SELECT c FROM sbtest4 WHERE id BETWEEN 9246514 AND 9246523 ORDER BY c
	Sort  (cost=40.29..40.31 rows=9 width=121)
	  Sort Key: c
	  ->  Index Scan using sbtest4_pkey on sbtest4  (cost=0.43..40.15 rows=9 width=121)
	        Index Cond: ((id >= 9246514) AND (id <= 9246523))

table 5 : explain SELECT c FROM sbtest5 WHERE id BETWEEN 4994799 AND 4994808 ORDER BY c
	Sort  (cost=44.20..44.23 rows=10 width=121)
	  Sort Key: c
	  ->  Index Scan using sbtest5_pkey on sbtest5  (cost=0.43..44.04 rows=10 width=121)
	        Index Cond: ((id >= 4994799) AND (id <= 4994808))

table 6 : explain SELECT c FROM sbtest6 WHERE id BETWEEN 824848 AND 824857 ORDER BY c
	Sort  (cost=44.19..44.22 rows=10 width=121)
	  Sort Key: c
	  ->  Index Scan using sbtest6_pkey on sbtest6  (cost=0.43..44.03 rows=10 width=121)
	        Index Cond: ((id >= 824848) AND (id <= 824857))

table 7 : explain SELECT c FROM sbtest7 WHERE id BETWEEN 7244572 AND 7244581 ORDER BY c
	Sort  (cost=44.16..44.19 rows=10 width=121)
	  Sort Key: c
	  ->  Index Scan using sbtest7_pkey on sbtest7  (cost=0.43..44.00 rows=10 width=121)
	        Index Cond: ((id >= 7244572) AND (id <= 7244581))

table 8 : explain SELECT c FROM sbtest8 WHERE id BETWEEN 8935721 AND 8935730 ORDER BY c
	Sort  (cost=44.25..44.28 rows=10 width=121)
	  Sort Key: c
	  ->  Index Scan using sbtest8_pkey on sbtest8  (cost=0.43..44.09 rows=10 width=121)
	        Index Cond: ((id >= 8935721) AND (id <= 8935730))

for: sum_ranges
table 1 : explain SELECT SUM(k) FROM sbtest1 WHERE id BETWEEN 168205 AND 168214
	Aggregate  (cost=40.20..40.21 rows=1 width=8)
	  ->  Index Scan using sbtest1_pkey on sbtest1  (cost=0.43..40.18 rows=9 width=4)
	        Index Cond: ((id >= 168205) AND (id <= 168214))

table 2 : explain SELECT SUM(k) FROM sbtest2 WHERE id BETWEEN 5823513 AND 5823522
	Aggregate  (cost=40.11..40.12 rows=1 width=8)
	  ->  Index Scan using sbtest2_pkey on sbtest2  (cost=0.43..40.08 rows=9 width=4)
	        Index Cond: ((id >= 5823513) AND (id <= 5823522))

table 3 : explain SELECT SUM(k) FROM sbtest3 WHERE id BETWEEN 3557813 AND 3557822
	Aggregate  (cost=44.13..44.14 rows=1 width=8)
	  ->  Index Scan using sbtest3_pkey on sbtest3  (cost=0.43..44.11 rows=10 width=4)
	        Index Cond: ((id >= 3557813) AND (id <= 3557822))

table 4 : explain SELECT SUM(k) FROM sbtest4 WHERE id BETWEEN 6637799 AND 6637808
	Aggregate  (cost=48.10..48.11 rows=1 width=8)
	  ->  Index Scan using sbtest4_pkey on sbtest4  (cost=0.43..48.07 rows=11 width=4)
	        Index Cond: ((id >= 6637799) AND (id <= 6637808))

table 5 : explain SELECT SUM(k) FROM sbtest5 WHERE id BETWEEN 6957437 AND 6957446
	Aggregate  (cost=44.06..44.07 rows=1 width=8)
	  ->  Index Scan using sbtest5_pkey on sbtest5  (cost=0.43..44.04 rows=10 width=4)
	        Index Cond: ((id >= 6957437) AND (id <= 6957446))

table 6 : explain SELECT SUM(k) FROM sbtest6 WHERE id BETWEEN 277760 AND 277769
	Aggregate  (cost=44.05..44.06 rows=1 width=8)
	  ->  Index Scan using sbtest6_pkey on sbtest6  (cost=0.43..44.03 rows=10 width=4)
	        Index Cond: ((id >= 277760) AND (id <= 277769))

table 7 : explain SELECT SUM(k) FROM sbtest7 WHERE id BETWEEN 593854 AND 593863
	Aggregate  (cost=44.02..44.03 rows=1 width=8)
	  ->  Index Scan using sbtest7_pkey on sbtest7  (cost=0.43..44.00 rows=10 width=4)
	        Index Cond: ((id >= 593854) AND (id <= 593863))

table 8 : explain SELECT SUM(k) FROM sbtest8 WHERE id BETWEEN 3910272 AND 3910281
	Aggregate  (cost=44.11..44.12 rows=1 width=8)
	  ->  Index Scan using sbtest8_pkey on sbtest8  (cost=0.43..44.09 rows=10 width=4)
	        Index Cond: ((id >= 3910272) AND (id <= 3910281))

for: simple_ranges
table 1 : explain SELECT c FROM sbtest1 WHERE id BETWEEN 585803 AND 585812
	Index Scan using sbtest1_pkey on sbtest1  (cost=0.43..44.14 rows=10 width=121)
	  Index Cond: ((id >= 585803) AND (id <= 585812))

table 2 : explain SELECT c FROM sbtest2 WHERE id BETWEEN 3349568 AND 3349577
	Index Scan using sbtest2_pkey on sbtest2  (cost=0.43..47.99 rows=11 width=121)
	  Index Cond: ((id >= 3349568) AND (id <= 3349577))

table 3 : explain SELECT c FROM sbtest3 WHERE id BETWEEN 8887362 AND 8887371
	Index Scan using sbtest3_pkey on sbtest3  (cost=0.43..48.07 rows=11 width=121)
	  Index Cond: ((id >= 8887362) AND (id <= 8887371))

table 4 : explain SELECT c FROM sbtest4 WHERE id BETWEEN 1361570 AND 1361579
	Index Scan using sbtest4_pkey on sbtest4  (cost=0.43..44.11 rows=10 width=121)
	  Index Cond: ((id >= 1361570) AND (id <= 1361579))

table 5 : explain SELECT c FROM sbtest5 WHERE id BETWEEN 6182909 AND 6182918
	Index Scan using sbtest5_pkey on sbtest5  (cost=0.43..44.04 rows=10 width=121)
	  Index Cond: ((id >= 6182909) AND (id <= 6182918))

table 6 : explain SELECT c FROM sbtest6 WHERE id BETWEEN 7594047 AND 7594056
	Index Scan using sbtest6_pkey on sbtest6  (cost=0.43..44.03 rows=10 width=121)
	  Index Cond: ((id >= 7594047) AND (id <= 7594056))

table 7 : explain SELECT c FROM sbtest7 WHERE id BETWEEN 8652400 AND 8652409
	Index Scan using sbtest7_pkey on sbtest7  (cost=0.43..40.05 rows=9 width=121)
	  Index Cond: ((id >= 8652400) AND (id <= 8652409))

table 8 : explain SELECT c FROM sbtest8 WHERE id BETWEEN 7095578 AND 7095587
	Index Scan using sbtest8_pkey on sbtest8  (cost=0.43..48.04 rows=11 width=121)
	  Index Cond: ((id >= 7095578) AND (id <= 7095587))

for: sum_ranges
table 1 : explain SELECT SUM(k) FROM sbtest1 WHERE id BETWEEN 1348937 AND 1348946
	Aggregate  (cost=48.13..48.14 rows=1 width=8)
	  ->  Index Scan using sbtest1_pkey on sbtest1  (cost=0.43..48.11 rows=11 width=4)
	        Index Cond: ((id >= 1348937) AND (id <= 1348946))

table 2 : explain SELECT SUM(k) FROM sbtest2 WHERE id BETWEEN 3820863 AND 3820872
	Aggregate  (cost=48.02..48.03 rows=1 width=8)
	  ->  Index Scan using sbtest2_pkey on sbtest2  (cost=0.43..47.99 rows=11 width=4)
	        Index Cond: ((id >= 3820863) AND (id <= 3820872))

table 3 : explain SELECT SUM(k) FROM sbtest3 WHERE id BETWEEN 6217317 AND 6217326
	Aggregate  (cost=40.17..40.18 rows=1 width=8)
	  ->  Index Scan using sbtest3_pkey on sbtest3  (cost=0.43..40.15 rows=9 width=4)
	        Index Cond: ((id >= 6217317) AND (id <= 6217326))

table 4 : explain SELECT SUM(k) FROM sbtest4 WHERE id BETWEEN 9754568 AND 9754577
	Aggregate  (cost=44.13..44.14 rows=1 width=8)
	  ->  Index Scan using sbtest4_pkey on sbtest4  (cost=0.43..44.11 rows=10 width=4)
	        Index Cond: ((id >= 9754568) AND (id <= 9754577))

table 5 : explain SELECT SUM(k) FROM sbtest5 WHERE id BETWEEN 2075285 AND 2075294
	Aggregate  (cost=40.11..40.12 rows=1 width=8)
	  ->  Index Scan using sbtest5_pkey on sbtest5  (cost=0.43..40.08 rows=9 width=4)
	        Index Cond: ((id >= 2075285) AND (id <= 2075294))

table 6 : explain SELECT SUM(k) FROM sbtest6 WHERE id BETWEEN 1237395 AND 1237404
	Aggregate  (cost=44.05..44.06 rows=1 width=8)
	  ->  Index Scan using sbtest6_pkey on sbtest6  (cost=0.43..44.03 rows=10 width=4)
	        Index Cond: ((id >= 1237395) AND (id <= 1237404))

table 7 : explain SELECT SUM(k) FROM sbtest7 WHERE id BETWEEN 5293023 AND 5293032
	Aggregate  (cost=51.93..51.94 rows=1 width=8)
	  ->  Index Scan using sbtest7_pkey on sbtest7  (cost=0.43..51.90 rows=12 width=4)
	        Index Cond: ((id >= 5293023) AND (id <= 5293032))

table 8 : explain SELECT SUM(k) FROM sbtest8 WHERE id BETWEEN 9144358 AND 9144367
	Aggregate  (cost=44.11..44.12 rows=1 width=8)
	  ->  Index Scan using sbtest8_pkey on sbtest8  (cost=0.43..44.09 rows=10 width=4)
	        Index Cond: ((id >= 9144358) AND (id <= 9144367))

for: sum_ranges
table 1 : explain SELECT SUM(k) FROM sbtest1 WHERE id BETWEEN 3343311 AND 3343320
	Aggregate  (cost=44.17..44.18 rows=1 width=8)
	  ->  Index Scan using sbtest1_pkey on sbtest1  (cost=0.43..44.14 rows=10 width=4)
	        Index Cond: ((id >= 3343311) AND (id <= 3343320))

table 2 : explain SELECT SUM(k) FROM sbtest2 WHERE id BETWEEN 8997819 AND 8997828
	Aggregate  (cost=44.06..44.07 rows=1 width=8)
	  ->  Index Scan using sbtest2_pkey on sbtest2  (cost=0.43..44.04 rows=10 width=4)
	        Index Cond: ((id >= 8997819) AND (id <= 8997828))

table 3 : explain SELECT SUM(k) FROM sbtest3 WHERE id BETWEEN 5853570 AND 5853579
	Aggregate  (cost=44.13..44.14 rows=1 width=8)
	  ->  Index Scan using sbtest3_pkey on sbtest3  (cost=0.43..44.11 rows=10 width=4)
	        Index Cond: ((id >= 5853570) AND (id <= 5853579))

table 4 : explain SELECT SUM(k) FROM sbtest4 WHERE id BETWEEN 3842641 AND 3842650
	Aggregate  (cost=44.13..44.14 rows=1 width=8)
	  ->  Index Scan using sbtest4_pkey on sbtest4  (cost=0.43..44.11 rows=10 width=4)
	        Index Cond: ((id >= 3842641) AND (id <= 3842650))

table 5 : explain SELECT SUM(k) FROM sbtest5 WHERE id BETWEEN 1058482 AND 1058491
	Aggregate  (cost=44.06..44.07 rows=1 width=8)
	  ->  Index Scan using sbtest5_pkey on sbtest5  (cost=0.43..44.04 rows=10 width=4)
	        Index Cond: ((id >= 1058482) AND (id <= 1058491))

table 6 : explain SELECT SUM(k) FROM sbtest6 WHERE id BETWEEN 8101825 AND 8101834
	Aggregate  (cost=44.05..44.06 rows=1 width=8)
	  ->  Index Scan using sbtest6_pkey on sbtest6  (cost=0.43..44.03 rows=10 width=4)
	        Index Cond: ((id >= 8101825) AND (id <= 8101834))

table 7 : explain SELECT SUM(k) FROM sbtest7 WHERE id BETWEEN 7459864 AND 7459873
	Aggregate  (cost=47.97..47.98 rows=1 width=8)
	  ->  Index Scan using sbtest7_pkey on sbtest7  (cost=0.43..47.95 rows=11 width=4)
	        Index Cond: ((id >= 7459864) AND (id <= 7459873))

table 8 : explain SELECT SUM(k) FROM sbtest8 WHERE id BETWEEN 6082888 AND 6082897
	Aggregate  (cost=48.07..48.08 rows=1 width=8)
	  ->  Index Scan using sbtest8_pkey on sbtest8  (cost=0.43..48.04 rows=11 width=4)
	        Index Cond: ((id >= 6082888) AND (id <= 6082897))

for: sum_ranges
table 1 : explain SELECT SUM(k) FROM sbtest1 WHERE id BETWEEN 637369 AND 637378
	Aggregate  (cost=44.17..44.18 rows=1 width=8)
	  ->  Index Scan using sbtest1_pkey on sbtest1  (cost=0.43..44.14 rows=10 width=4)
	        Index Cond: ((id >= 637369) AND (id <= 637378))

table 2 : explain SELECT SUM(k) FROM sbtest2 WHERE id BETWEEN 7873718 AND 7873727
	Aggregate  (cost=44.06..44.07 rows=1 width=8)
	  ->  Index Scan using sbtest2_pkey on sbtest2  (cost=0.43..44.04 rows=10 width=4)
	        Index Cond: ((id >= 7873718) AND (id <= 7873727))

table 3 : explain SELECT SUM(k) FROM sbtest3 WHERE id BETWEEN 7674788 AND 7674797
	Aggregate  (cost=44.13..44.14 rows=1 width=8)
	  ->  Index Scan using sbtest3_pkey on sbtest3  (cost=0.43..44.11 rows=10 width=4)
	        Index Cond: ((id >= 7674788) AND (id <= 7674797))

table 4 : explain SELECT SUM(k) FROM sbtest4 WHERE id BETWEEN 5657299 AND 5657308
	Aggregate  (cost=48.10..48.11 rows=1 width=8)
	  ->  Index Scan using sbtest4_pkey on sbtest4  (cost=0.43..48.07 rows=11 width=4)
	        Index Cond: ((id >= 5657299) AND (id <= 5657308))

table 5 : explain SELECT SUM(k) FROM sbtest5 WHERE id BETWEEN 5994235 AND 5994244
	Aggregate  (cost=40.11..40.12 rows=1 width=8)
	  ->  Index Scan using sbtest5_pkey on sbtest5  (cost=0.43..40.08 rows=9 width=4)
	        Index Cond: ((id >= 5994235) AND (id <= 5994244))

table 6 : explain SELECT SUM(k) FROM sbtest6 WHERE id BETWEEN 2114191 AND 2114200
	Aggregate  (cost=44.05..44.06 rows=1 width=8)
	  ->  Index Scan using sbtest6_pkey on sbtest6  (cost=0.43..44.03 rows=10 width=4)
	        Index Cond: ((id >= 2114191) AND (id <= 2114200))

table 7 : explain SELECT SUM(k) FROM sbtest7 WHERE id BETWEEN 8712334 AND 8712343
	Aggregate  (cost=40.07..40.08 rows=1 width=8)
	  ->  Index Scan using sbtest7_pkey on sbtest7  (cost=0.43..40.05 rows=9 width=4)
	        Index Cond: ((id >= 8712334) AND (id <= 8712343))

table 8 : explain SELECT SUM(k) FROM sbtest8 WHERE id BETWEEN 9526007 AND 9526016
	Aggregate  (cost=44.11..44.12 rows=1 width=8)
	  ->  Index Scan using sbtest8_pkey on sbtest8  (cost=0.43..44.09 rows=10 width=4)
	        Index Cond: ((id >= 9526007) AND (id <= 9526016))

for: sum_ranges
table 1 : explain SELECT SUM(k) FROM sbtest1 WHERE id BETWEEN 3603609 AND 3603618
	Aggregate  (cost=40.20..40.21 rows=1 width=8)
	  ->  Index Scan using sbtest1_pkey on sbtest1  (cost=0.43..40.18 rows=9 width=4)
	        Index Cond: ((id >= 3603609) AND (id <= 3603618))

table 2 : explain SELECT SUM(k) FROM sbtest2 WHERE id BETWEEN 4903828 AND 4903837
	Aggregate  (cost=40.11..40.12 rows=1 width=8)
	  ->  Index Scan using sbtest2_pkey on sbtest2  (cost=0.43..40.08 rows=9 width=4)
	        Index Cond: ((id >= 4903828) AND (id <= 4903837))

table 3 : explain SELECT SUM(k) FROM sbtest3 WHERE id BETWEEN 4278006 AND 4278015
	Aggregate  (cost=44.13..44.14 rows=1 width=8)
	  ->  Index Scan using sbtest3_pkey on sbtest3  (cost=0.43..44.11 rows=10 width=4)
	        Index Cond: ((id >= 4278006) AND (id <= 4278015))

table 4 : explain SELECT SUM(k) FROM sbtest4 WHERE id BETWEEN 801131 AND 801140
	Aggregate  (cost=44.13..44.14 rows=1 width=8)
	  ->  Index Scan using sbtest4_pkey on sbtest4  (cost=0.43..44.11 rows=10 width=4)
	        Index Cond: ((id >= 801131) AND (id <= 801140))

table 5 : explain SELECT SUM(k) FROM sbtest5 WHERE id BETWEEN 5931559 AND 5931568
	Aggregate  (cost=48.02..48.03 rows=1 width=8)
	  ->  Index Scan using sbtest5_pkey on sbtest5  (cost=0.43..47.99 rows=11 width=4)
	        Index Cond: ((id >= 5931559) AND (id <= 5931568))

table 6 : explain SELECT SUM(k) FROM sbtest6 WHERE id BETWEEN 9191533 AND 9191542
	Aggregate  (cost=44.05..44.06 rows=1 width=8)
	  ->  Index Scan using sbtest6_pkey on sbtest6  (cost=0.43..44.03 rows=10 width=4)
	        Index Cond: ((id >= 9191533) AND (id <= 9191542))

table 7 : explain SELECT SUM(k) FROM sbtest7 WHERE id BETWEEN 8626888 AND 8626897
	Aggregate  (cost=40.07..40.08 rows=1 width=8)
	  ->  Index Scan using sbtest7_pkey on sbtest7  (cost=0.43..40.05 rows=9 width=4)
	        Index Cond: ((id >= 8626888) AND (id <= 8626897))

table 8 : explain SELECT SUM(k) FROM sbtest8 WHERE id BETWEEN 3176067 AND 3176076
	Aggregate  (cost=40.15..40.16 rows=1 width=8)
	  ->  Index Scan using sbtest8_pkey on sbtest8  (cost=0.43..40.13 rows=9 width=4)
	        Index Cond: ((id >= 3176067) AND (id <= 3176076))

for: sum_ranges
table 1 : explain SELECT SUM(k) FROM sbtest1 WHERE id BETWEEN 6536864 AND 6536873
	Aggregate  (cost=48.13..48.14 rows=1 width=8)
	  ->  Index Scan using sbtest1_pkey on sbtest1  (cost=0.43..48.11 rows=11 width=4)
	        Index Cond: ((id >= 6536864) AND (id <= 6536873))

table 2 : explain SELECT SUM(k) FROM sbtest2 WHERE id BETWEEN 1849449 AND 1849458
	Aggregate  (cost=44.06..44.07 rows=1 width=8)
	  ->  Index Scan using sbtest2_pkey on sbtest2  (cost=0.43..44.04 rows=10 width=4)
	        Index Cond: ((id >= 1849449) AND (id <= 1849458))

table 3 : explain SELECT SUM(k) FROM sbtest3 WHERE id BETWEEN 6329900 AND 6329909
	Aggregate  (cost=48.10..48.11 rows=1 width=8)
	  ->  Index Scan using sbtest3_pkey on sbtest3  (cost=0.43..48.07 rows=11 width=4)
	        Index Cond: ((id >= 6329900) AND (id <= 6329909))

table 4 : explain SELECT SUM(k) FROM sbtest4 WHERE id BETWEEN 1914053 AND 1914062
	Aggregate  (cost=44.13..44.14 rows=1 width=8)
	  ->  Index Scan using sbtest4_pkey on sbtest4  (cost=0.43..44.11 rows=10 width=4)
	        Index Cond: ((id >= 1914053) AND (id <= 1914062))

table 5 : explain SELECT SUM(k) FROM sbtest5 WHERE id BETWEEN 6341018 AND 6341027
	Aggregate  (cost=48.02..48.03 rows=1 width=8)
	  ->  Index Scan using sbtest5_pkey on sbtest5  (cost=0.43..47.99 rows=11 width=4)
	        Index Cond: ((id >= 6341018) AND (id <= 6341027))

table 6 : explain SELECT SUM(k) FROM sbtest6 WHERE id BETWEEN 4695170 AND 4695179
	Aggregate  (cost=40.10..40.11 rows=1 width=8)
	  ->  Index Scan using sbtest6_pkey on sbtest6  (cost=0.43..40.08 rows=9 width=4)
	        Index Cond: ((id >= 4695170) AND (id <= 4695179))

table 7 : explain SELECT SUM(k) FROM sbtest7 WHERE id BETWEEN 4546287 AND 4546296
	Aggregate  (cost=40.07..40.08 rows=1 width=8)
	  ->  Index Scan using sbtest7_pkey on sbtest7  (cost=0.43..40.05 rows=9 width=4)
	        Index Cond: ((id >= 4546287) AND (id <= 4546296))

table 8 : explain SELECT SUM(k) FROM sbtest8 WHERE id BETWEEN 106188 AND 106197
	Aggregate  (cost=40.15..40.16 rows=1 width=8)
	  ->  Index Scan using sbtest8_pkey on sbtest8  (cost=0.43..40.13 rows=9 width=4)
	        Index Cond: ((id >= 106188) AND (id <= 106197))

for: sum_ranges
table 1 : explain SELECT SUM(k) FROM sbtest1 WHERE id BETWEEN 2695602 AND 2695611
	Aggregate  (cost=40.20..40.21 rows=1 width=8)
	  ->  Index Scan using sbtest1_pkey on sbtest1  (cost=0.43..40.18 rows=9 width=4)
	        Index Cond: ((id >= 2695602) AND (id <= 2695611))

table 2 : explain SELECT SUM(k) FROM sbtest2 WHERE id BETWEEN 4875862 AND 4875871
	Aggregate  (cost=40.11..40.12 rows=1 width=8)
	  ->  Index Scan using sbtest2_pkey on sbtest2  (cost=0.43..40.08 rows=9 width=4)
	        Index Cond: ((id >= 4875862) AND (id <= 4875871))

table 3 : explain SELECT SUM(k) FROM sbtest3 WHERE id BETWEEN 6503000 AND 6503009
	Aggregate  (cost=44.13..44.14 rows=1 width=8)
	  ->  Index Scan using sbtest3_pkey on sbtest3  (cost=0.43..44.11 rows=10 width=4)
	        Index Cond: ((id >= 6503000) AND (id <= 6503009))

table 4 : explain SELECT SUM(k) FROM sbtest4 WHERE id BETWEEN 7856545 AND 7856554
	Aggregate  (cost=40.17..40.18 rows=1 width=8)
	  ->  Index Scan using sbtest4_pkey on sbtest4  (cost=0.43..40.15 rows=9 width=4)
	        Index Cond: ((id >= 7856545) AND (id <= 7856554))

table 5 : explain SELECT SUM(k) FROM sbtest5 WHERE id BETWEEN 6048726 AND 6048735
	Aggregate  (cost=40.11..40.12 rows=1 width=8)
	  ->  Index Scan using sbtest5_pkey on sbtest5  (cost=0.43..40.08 rows=9 width=4)
	        Index Cond: ((id >= 6048726) AND (id <= 6048735))

table 6 : explain SELECT SUM(k) FROM sbtest6 WHERE id BETWEEN 5469106 AND 5469115
	Aggregate  (cost=44.05..44.06 rows=1 width=8)
	  ->  Index Scan using sbtest6_pkey on sbtest6  (cost=0.43..44.03 rows=10 width=4)
	        Index Cond: ((id >= 5469106) AND (id <= 5469115))

table 7 : explain SELECT SUM(k) FROM sbtest7 WHERE id BETWEEN 4176556 AND 4176565
	Aggregate  (cost=44.02..44.03 rows=1 width=8)
	  ->  Index Scan using sbtest7_pkey on sbtest7  (cost=0.43..44.00 rows=10 width=4)
	        Index Cond: ((id >= 4176556) AND (id <= 4176565))

table 8 : explain SELECT SUM(k) FROM sbtest8 WHERE id BETWEEN 2643090 AND 2643099
	Aggregate  (cost=40.15..40.16 rows=1 width=8)
	  ->  Index Scan using sbtest8_pkey on sbtest8  (cost=0.43..40.13 rows=9 width=4)
	        Index Cond: ((id >= 2643090) AND (id <= 2643099))

for: sum_ranges
table 1 : explain SELECT SUM(k) FROM sbtest1 WHERE id BETWEEN 7565954 AND 7565963
	Aggregate  (cost=44.17..44.18 rows=1 width=8)
	  ->  Index Scan using sbtest1_pkey on sbtest1  (cost=0.43..44.14 rows=10 width=4)
	        Index Cond: ((id >= 7565954) AND (id <= 7565963))

table 2 : explain SELECT SUM(k) FROM sbtest2 WHERE id BETWEEN 7133249 AND 7133258
	Aggregate  (cost=40.11..40.12 rows=1 width=8)
	  ->  Index Scan using sbtest2_pkey on sbtest2  (cost=0.43..40.08 rows=9 width=4)
	        Index Cond: ((id >= 7133249) AND (id <= 7133258))

table 3 : explain SELECT SUM(k) FROM sbtest3 WHERE id BETWEEN 7004507 AND 7004516
	Aggregate  (cost=40.17..40.18 rows=1 width=8)
	  ->  Index Scan using sbtest3_pkey on sbtest3  (cost=0.43..40.15 rows=9 width=4)
	        Index Cond: ((id >= 7004507) AND (id <= 7004516))

table 4 : explain SELECT SUM(k) FROM sbtest4 WHERE id BETWEEN 5339865 AND 5339874
	Aggregate  (cost=48.10..48.11 rows=1 width=8)
	  ->  Index Scan using sbtest4_pkey on sbtest4  (cost=0.43..48.07 rows=11 width=4)
	        Index Cond: ((id >= 5339865) AND (id <= 5339874))

table 5 : explain SELECT SUM(k) FROM sbtest5 WHERE id BETWEEN 8954794 AND 8954803
	Aggregate  (cost=44.06..44.07 rows=1 width=8)
	  ->  Index Scan using sbtest5_pkey on sbtest5  (cost=0.43..44.04 rows=10 width=4)
	        Index Cond: ((id >= 8954794) AND (id <= 8954803))

table 6 : explain SELECT SUM(k) FROM sbtest6 WHERE id BETWEEN 7554983 AND 7554992
	Aggregate  (cost=44.05..44.06 rows=1 width=8)
	  ->  Index Scan using sbtest6_pkey on sbtest6  (cost=0.43..44.03 rows=10 width=4)
	        Index Cond: ((id >= 7554983) AND (id <= 7554992))

table 7 : explain SELECT SUM(k) FROM sbtest7 WHERE id BETWEEN 6567178 AND 6567187
	Aggregate  (cost=44.02..44.03 rows=1 width=8)
	  ->  Index Scan using sbtest7_pkey on sbtest7  (cost=0.43..44.00 rows=10 width=4)
	        Index Cond: ((id >= 6567178) AND (id <= 6567187))

table 8 : explain SELECT SUM(k) FROM sbtest8 WHERE id BETWEEN 2634370 AND 2634379
	Aggregate  (cost=40.15..40.16 rows=1 width=8)
	  ->  Index Scan using sbtest8_pkey on sbtest8  (cost=0.43..40.13 rows=9 width=4)
	        Index Cond: ((id >= 2634370) AND (id <= 2634379))

for point_selects
table 1 : explain SELECT c FROM sbtest1 WHERE id=424847
	Index Scan using sbtest1_pkey on sbtest1  (cost=0.43..8.45 rows=1 width=121)
	  Index Cond: (id = 424847)

table 2 : explain SELECT c FROM sbtest2 WHERE id=7266702
	Index Scan using sbtest2_pkey on sbtest2  (cost=0.43..8.45 rows=1 width=121)
	  Index Cond: (id = 7266702)

table 3 : explain SELECT c FROM sbtest3 WHERE id=9889620
	Index Scan using sbtest3_pkey on sbtest3  (cost=0.43..8.45 rows=1 width=121)
	  Index Cond: (id = 9889620)

table 4 : explain SELECT c FROM sbtest4 WHERE id=636464
	Index Scan using sbtest4_pkey on sbtest4  (cost=0.43..8.45 rows=1 width=121)
	  Index Cond: (id = 636464)

table 5 : explain SELECT c FROM sbtest5 WHERE id=5910039
	Index Scan using sbtest5_pkey on sbtest5  (cost=0.43..8.45 rows=1 width=121)
	  Index Cond: (id = 5910039)

table 6 : explain SELECT c FROM sbtest6 WHERE id=72431
	Index Scan using sbtest6_pkey on sbtest6  (cost=0.43..8.45 rows=1 width=121)
	  Index Cond: (id = 72431)

table 7 : explain SELECT c FROM sbtest7 WHERE id=3930991
	Index Scan using sbtest7_pkey on sbtest7  (cost=0.43..8.45 rows=1 width=121)
	  Index Cond: (id = 3930991)

table 8 : explain SELECT c FROM sbtest8 WHERE id=9466924
	Index Scan using sbtest8_pkey on sbtest8  (cost=0.43..8.45 rows=1 width=121)
	  Index Cond: (id = 9466924)

for: sum_ranges
table 1 : explain SELECT SUM(k) FROM sbtest1 WHERE id BETWEEN 7193286 AND 7193295
	Aggregate  (cost=44.17..44.18 rows=1 width=8)
	  ->  Index Scan using sbtest1_pkey on sbtest1  (cost=0.43..44.14 rows=10 width=4)
	        Index Cond: ((id >= 7193286) AND (id <= 7193295))

table 2 : explain SELECT SUM(k) FROM sbtest2 WHERE id BETWEEN 7669346 AND 7669355
	Aggregate  (cost=44.06..44.07 rows=1 width=8)
	  ->  Index Scan using sbtest2_pkey on sbtest2  (cost=0.43..44.04 rows=10 width=4)
	        Index Cond: ((id >= 7669346) AND (id <= 7669355))

table 3 : explain SELECT SUM(k) FROM sbtest3 WHERE id BETWEEN 3194058 AND 3194067
	Aggregate  (cost=44.13..44.14 rows=1 width=8)
	  ->  Index Scan using sbtest3_pkey on sbtest3  (cost=0.43..44.11 rows=10 width=4)
	        Index Cond: ((id >= 3194058) AND (id <= 3194067))

table 4 : explain SELECT SUM(k) FROM sbtest4 WHERE id BETWEEN 4268873 AND 4268882
	Aggregate  (cost=44.13..44.14 rows=1 width=8)
	  ->  Index Scan using sbtest4_pkey on sbtest4  (cost=0.43..44.11 rows=10 width=4)
	        Index Cond: ((id >= 4268873) AND (id <= 4268882))

table 5 : explain SELECT SUM(k) FROM sbtest5 WHERE id BETWEEN 2555518 AND 2555527
	Aggregate  (cost=44.06..44.07 rows=1 width=8)
	  ->  Index Scan using sbtest5_pkey on sbtest5  (cost=0.43..44.04 rows=10 width=4)
	        Index Cond: ((id >= 2555518) AND (id <= 2555527))

table 6 : explain SELECT SUM(k) FROM sbtest6 WHERE id BETWEEN 1566834 AND 1566843
	Aggregate  (cost=44.05..44.06 rows=1 width=8)
	  ->  Index Scan using sbtest6_pkey on sbtest6  (cost=0.43..44.03 rows=10 width=4)
	        Index Cond: ((id >= 1566834) AND (id <= 1566843))

table 7 : explain SELECT SUM(k) FROM sbtest7 WHERE id BETWEEN 9081350 AND 9081359
	Aggregate  (cost=47.97..47.98 rows=1 width=8)
	  ->  Index Scan using sbtest7_pkey on sbtest7  (cost=0.43..47.95 rows=11 width=4)
	        Index Cond: ((id >= 9081350) AND (id <= 9081359))

table 8 : explain SELECT SUM(k) FROM sbtest8 WHERE id BETWEEN 3158159 AND 3158168
	Aggregate  (cost=40.15..40.16 rows=1 width=8)
	  ->  Index Scan using sbtest8_pkey on sbtest8  (cost=0.43..40.13 rows=9 width=4)
	        Index Cond: ((id >= 3158159) AND (id <= 3158168))

for: order_ranges
table 1 : explain SELECT c FROM sbtest1 WHERE id BETWEEN 8759612 AND 8759621 ORDER BY c
	Sort  (cost=44.31..44.33 rows=10 width=121)
	  Sort Key: c
	  ->  Index Scan using sbtest1_pkey on sbtest1  (cost=0.43..44.14 rows=10 width=121)
	        Index Cond: ((id >= 8759612) AND (id <= 8759621))

table 2 : explain SELECT c FROM sbtest2 WHERE id BETWEEN 2763222 AND 2763231 ORDER BY c
	Sort  (cost=44.20..44.23 rows=10 width=121)
	  Sort Key: c
	  ->  Index Scan using sbtest2_pkey on sbtest2  (cost=0.43..44.04 rows=10 width=121)
	        Index Cond: ((id >= 2763222) AND (id <= 2763231))

table 3 : explain SELECT c FROM sbtest3 WHERE id BETWEEN 9471872 AND 9471881 ORDER BY c
	Sort  (cost=44.28..44.30 rows=10 width=121)
	  Sort Key: c
	  ->  Index Scan using sbtest3_pkey on sbtest3  (cost=0.43..44.11 rows=10 width=121)
	        Index Cond: ((id >= 9471872) AND (id <= 9471881))

table 4 : explain SELECT c FROM sbtest4 WHERE id BETWEEN 7330380 AND 7330389 ORDER BY c
	Sort  (cost=40.29..40.31 rows=9 width=121)
	  Sort Key: c
	  ->  Index Scan using sbtest4_pkey on sbtest4  (cost=0.43..40.15 rows=9 width=121)
	        Index Cond: ((id >= 7330380) AND (id <= 7330389))

table 5 : explain SELECT c FROM sbtest5 WHERE id BETWEEN 3218679 AND 3218688 ORDER BY c
	Sort  (cost=40.23..40.25 rows=9 width=121)
	  Sort Key: c
	  ->  Index Scan using sbtest5_pkey on sbtest5  (cost=0.43..40.08 rows=9 width=121)
	        Index Cond: ((id >= 3218679) AND (id <= 3218688))

table 6 : explain SELECT c FROM sbtest6 WHERE id BETWEEN 2428192 AND 2428201 ORDER BY c
	Sort  (cost=44.19..44.22 rows=10 width=121)
	  Sort Key: c
	  ->  Index Scan using sbtest6_pkey on sbtest6  (cost=0.43..44.03 rows=10 width=121)
	        Index Cond: ((id >= 2428192) AND (id <= 2428201))

table 7 : explain SELECT c FROM sbtest7 WHERE id BETWEEN 1689340 AND 1689349 ORDER BY c
	Sort  (cost=44.16..44.19 rows=10 width=121)
	  Sort Key: c
	  ->  Index Scan using sbtest7_pkey on sbtest7  (cost=0.43..44.00 rows=10 width=121)
	        Index Cond: ((id >= 1689340) AND (id <= 1689349))

table 8 : explain SELECT c FROM sbtest8 WHERE id BETWEEN 268111 AND 268120 ORDER BY c
	Sort  (cost=44.25..44.28 rows=10 width=121)
	  Sort Key: c
	  ->  Index Scan using sbtest8_pkey on sbtest8  (cost=0.43..44.09 rows=10 width=121)
	        Index Cond: ((id >= 268111) AND (id <= 268120))

for: sum_ranges
table 1 : explain SELECT SUM(k) FROM sbtest1 WHERE id BETWEEN 951327 AND 951336
	Aggregate  (cost=44.17..44.18 rows=1 width=8)
	  ->  Index Scan using sbtest1_pkey on sbtest1  (cost=0.43..44.14 rows=10 width=4)
	        Index Cond: ((id >= 951327) AND (id <= 951336))

table 2 : explain SELECT SUM(k) FROM sbtest2 WHERE id BETWEEN 3114712 AND 3114721
	Aggregate  (cost=44.06..44.07 rows=1 width=8)
	  ->  Index Scan using sbtest2_pkey on sbtest2  (cost=0.43..44.04 rows=10 width=4)
	        Index Cond: ((id >= 3114712) AND (id <= 3114721))

table 3 : explain SELECT SUM(k) FROM sbtest3 WHERE id BETWEEN 7745826 AND 7745835
	Aggregate  (cost=48.10..48.11 rows=1 width=8)
	  ->  Index Scan using sbtest3_pkey on sbtest3  (cost=0.43..48.07 rows=11 width=4)
	        Index Cond: ((id >= 7745826) AND (id <= 7745835))

table 4 : explain SELECT SUM(k) FROM sbtest4 WHERE id BETWEEN 2790980 AND 2790989
	Aggregate  (cost=44.13..44.14 rows=1 width=8)
	  ->  Index Scan using sbtest4_pkey on sbtest4  (cost=0.43..44.11 rows=10 width=4)
	        Index Cond: ((id >= 2790980) AND (id <= 2790989))

table 5 : explain SELECT SUM(k) FROM sbtest5 WHERE id BETWEEN 6908204 AND 6908213
	Aggregate  (cost=44.06..44.07 rows=1 width=8)
	  ->  Index Scan using sbtest5_pkey on sbtest5  (cost=0.43..44.04 rows=10 width=4)
	        Index Cond: ((id >= 6908204) AND (id <= 6908213))

table 6 : explain SELECT SUM(k) FROM sbtest6 WHERE id BETWEEN 273481 AND 273490
	Aggregate  (cost=44.05..44.06 rows=1 width=8)
	  ->  Index Scan using sbtest6_pkey on sbtest6  (cost=0.43..44.03 rows=10 width=4)
	        Index Cond: ((id >= 273481) AND (id <= 273490))

table 7 : explain SELECT SUM(k) FROM sbtest7 WHERE id BETWEEN 5573284 AND 5573293
	Aggregate  (cost=44.02..44.03 rows=1 width=8)
	  ->  Index Scan using sbtest7_pkey on sbtest7  (cost=0.43..44.00 rows=10 width=4)
	        Index Cond: ((id >= 5573284) AND (id <= 5573293))

table 8 : explain SELECT SUM(k) FROM sbtest8 WHERE id BETWEEN 5527230 AND 5527239
	Aggregate  (cost=44.11..44.12 rows=1 width=8)
	  ->  Index Scan using sbtest8_pkey on sbtest8  (cost=0.43..44.09 rows=10 width=4)
	        Index Cond: ((id >= 5527230) AND (id <= 5527239))

for: simple_ranges
table 1 : explain SELECT c FROM sbtest1 WHERE id BETWEEN 9935403 AND 9935412
	Index Scan using sbtest1_pkey on sbtest1  (cost=0.43..48.11 rows=11 width=121)
	  Index Cond: ((id >= 9935403) AND (id <= 9935412))

table 2 : explain SELECT c FROM sbtest2 WHERE id BETWEEN 9273696 AND 9273705
	Index Scan using sbtest2_pkey on sbtest2  (cost=0.43..47.99 rows=11 width=121)
	  Index Cond: ((id >= 9273696) AND (id <= 9273705))

table 3 : explain SELECT c FROM sbtest3 WHERE id BETWEEN 8185596 AND 8185605
	Index Scan using sbtest3_pkey on sbtest3  (cost=0.43..40.15 rows=9 width=121)
	  Index Cond: ((id >= 8185596) AND (id <= 8185605))

table 4 : explain SELECT c FROM sbtest4 WHERE id BETWEEN 3137990 AND 3137999
	Index Scan using sbtest4_pkey on sbtest4  (cost=0.43..44.11 rows=10 width=121)
	  Index Cond: ((id >= 3137990) AND (id <= 3137999))

table 5 : explain SELECT c FROM sbtest5 WHERE id BETWEEN 3239706 AND 3239715
	Index Scan using sbtest5_pkey on sbtest5  (cost=0.43..40.08 rows=9 width=121)
	  Index Cond: ((id >= 3239706) AND (id <= 3239715))

table 6 : explain SELECT c FROM sbtest6 WHERE id BETWEEN 2895785 AND 2895794
	Index Scan using sbtest6_pkey on sbtest6  (cost=0.43..40.08 rows=9 width=121)
	  Index Cond: ((id >= 2895785) AND (id <= 2895794))

table 7 : explain SELECT c FROM sbtest7 WHERE id BETWEEN 9620380 AND 9620389
	Index Scan using sbtest7_pkey on sbtest7  (cost=0.43..47.95 rows=11 width=121)
	  Index Cond: ((id >= 9620380) AND (id <= 9620389))

table 8 : explain SELECT c FROM sbtest8 WHERE id BETWEEN 2943126 AND 2943135
	Index Scan using sbtest8_pkey on sbtest8  (cost=0.43..44.09 rows=10 width=121)
	  Index Cond: ((id >= 2943126) AND (id <= 2943135))

for: simple_ranges
table 1 : explain SELECT c FROM sbtest1 WHERE id BETWEEN 8497672 AND 8497681
	Index Scan using sbtest1_pkey on sbtest1  (cost=0.43..44.14 rows=10 width=121)
	  Index Cond: ((id >= 8497672) AND (id <= 8497681))

table 2 : explain SELECT c FROM sbtest2 WHERE id BETWEEN 9813063 AND 9813072
	Index Scan using sbtest2_pkey on sbtest2  (cost=0.43..40.08 rows=9 width=121)
	  Index Cond: ((id >= 9813063) AND (id <= 9813072))

table 3 : explain SELECT c FROM sbtest3 WHERE id BETWEEN 9218535 AND 9218544
	Index Scan using sbtest3_pkey on sbtest3  (cost=0.43..48.07 rows=11 width=121)
	  Index Cond: ((id >= 9218535) AND (id <= 9218544))

table 4 : explain SELECT c FROM sbtest4 WHERE id BETWEEN 5107688 AND 5107697
	Index Scan using sbtest4_pkey on sbtest4  (cost=0.43..44.11 rows=10 width=121)
	  Index Cond: ((id >= 5107688) AND (id <= 5107697))

table 5 : explain SELECT c FROM sbtest5 WHERE id BETWEEN 7378629 AND 7378638
	Index Scan using sbtest5_pkey on sbtest5  (cost=0.43..44.04 rows=10 width=121)
	  Index Cond: ((id >= 7378629) AND (id <= 7378638))

table 6 : explain SELECT c FROM sbtest6 WHERE id BETWEEN 965933 AND 965942
	Index Scan using sbtest6_pkey on sbtest6  (cost=0.43..44.03 rows=10 width=121)
	  Index Cond: ((id >= 965933) AND (id <= 965942))

table 7 : explain SELECT c FROM sbtest7 WHERE id BETWEEN 5973527 AND 5973536
	Index Scan using sbtest7_pkey on sbtest7  (cost=0.43..44.00 rows=10 width=121)
	  Index Cond: ((id >= 5973527) AND (id <= 5973536))

table 8 : explain SELECT c FROM sbtest8 WHERE id BETWEEN 5546555 AND 5546564
	Index Scan using sbtest8_pkey on sbtest8  (cost=0.43..44.09 rows=10 width=121)
	  Index Cond: ((id >= 5546555) AND (id <= 5546564))

for: order_ranges
table 1 : explain SELECT c FROM sbtest1 WHERE id BETWEEN 8303695 AND 8303704 ORDER BY c
	Sort  (cost=48.30..48.32 rows=11 width=121)
	  Sort Key: c
	  ->  Index Scan using sbtest1_pkey on sbtest1  (cost=0.43..48.11 rows=11 width=121)
	        Index Cond: ((id >= 8303695) AND (id <= 8303704))

table 2 : explain SELECT c FROM sbtest2 WHERE id BETWEEN 2993575 AND 2993584 ORDER BY c
	Sort  (cost=44.20..44.23 rows=10 width=121)
	  Sort Key: c
	  ->  Index Scan using sbtest2_pkey on sbtest2  (cost=0.43..44.04 rows=10 width=121)
	        Index Cond: ((id >= 2993575) AND (id <= 2993584))

table 3 : explain SELECT c FROM sbtest3 WHERE id BETWEEN 1334839 AND 1334848 ORDER BY c
	Sort  (cost=44.28..44.30 rows=10 width=121)
	  Sort Key: c
	  ->  Index Scan using sbtest3_pkey on sbtest3  (cost=0.43..44.11 rows=10 width=121)
	        Index Cond: ((id >= 1334839) AND (id <= 1334848))

table 4 : explain SELECT c FROM sbtest4 WHERE id BETWEEN 8468694 AND 8468703 ORDER BY c
	Sort  (cost=48.26..48.29 rows=11 width=121)
	  Sort Key: c
	  ->  Index Scan using sbtest4_pkey on sbtest4  (cost=0.43..48.07 rows=11 width=121)
	        Index Cond: ((id >= 8468694) AND (id <= 8468703))

table 5 : explain SELECT c FROM sbtest5 WHERE id BETWEEN 9914141 AND 9914150 ORDER BY c
	Sort  (cost=44.20..44.23 rows=10 width=121)
	  Sort Key: c
	  ->  Index Scan using sbtest5_pkey on sbtest5  (cost=0.43..44.04 rows=10 width=121)
	        Index Cond: ((id >= 9914141) AND (id <= 9914150))

table 6 : explain SELECT c FROM sbtest6 WHERE id BETWEEN 3410382 AND 3410391 ORDER BY c
	Sort  (cost=44.19..44.22 rows=10 width=121)
	  Sort Key: c
	  ->  Index Scan using sbtest6_pkey on sbtest6  (cost=0.43..44.03 rows=10 width=121)
	        Index Cond: ((id >= 3410382) AND (id <= 3410391))

table 7 : explain SELECT c FROM sbtest7 WHERE id BETWEEN 2573852 AND 2573861 ORDER BY c
	Sort  (cost=48.14..48.16 rows=11 width=121)
	  Sort Key: c
	  ->  Index Scan using sbtest7_pkey on sbtest7  (cost=0.43..47.95 rows=11 width=121)
	        Index Cond: ((id >= 2573852) AND (id <= 2573861))

table 8 : explain SELECT c FROM sbtest8 WHERE id BETWEEN 4253637 AND 4253646 ORDER BY c
	Sort  (cost=48.23..48.26 rows=11 width=121)
	  Sort Key: c
	  ->  Index Scan using sbtest8_pkey on sbtest8  (cost=0.43..48.04 rows=11 width=121)
	        Index Cond: ((id >= 4253637) AND (id <= 4253646))

for: simple_ranges
table 1 : explain SELECT c FROM sbtest1 WHERE id BETWEEN 5943728 AND 5943737
	Index Scan using sbtest1_pkey on sbtest1  (cost=0.43..44.14 rows=10 width=121)
	  Index Cond: ((id >= 5943728) AND (id <= 5943737))

table 2 : explain SELECT c FROM sbtest2 WHERE id BETWEEN 9105263 AND 9105272
	Index Scan using sbtest2_pkey on sbtest2  (cost=0.43..44.04 rows=10 width=121)
	  Index Cond: ((id >= 9105263) AND (id <= 9105272))

table 3 : explain SELECT c FROM sbtest3 WHERE id BETWEEN 6746578 AND 6746587
	Index Scan using sbtest3_pkey on sbtest3  (cost=0.43..44.11 rows=10 width=121)
	  Index Cond: ((id >= 6746578) AND (id <= 6746587))

table 4 : explain SELECT c FROM sbtest4 WHERE id BETWEEN 1330335 AND 1330344
	Index Scan using sbtest4_pkey on sbtest4  (cost=0.43..44.11 rows=10 width=121)
	  Index Cond: ((id >= 1330335) AND (id <= 1330344))

table 5 : explain SELECT c FROM sbtest5 WHERE id BETWEEN 4391005 AND 4391014
	Index Scan using sbtest5_pkey on sbtest5  (cost=0.43..44.04 rows=10 width=121)
	  Index Cond: ((id >= 4391005) AND (id <= 4391014))

table 6 : explain SELECT c FROM sbtest6 WHERE id BETWEEN 2006442 AND 2006451
	Index Scan using sbtest6_pkey on sbtest6  (cost=0.43..40.08 rows=9 width=121)
	  Index Cond: ((id >= 2006442) AND (id <= 2006451))

table 7 : explain SELECT c FROM sbtest7 WHERE id BETWEEN 8974482 AND 8974491
	Index Scan using sbtest7_pkey on sbtest7  (cost=0.43..47.95 rows=11 width=121)
	  Index Cond: ((id >= 8974482) AND (id <= 8974491))

table 8 : explain SELECT c FROM sbtest8 WHERE id BETWEEN 9882958 AND 9882967
	Index Scan using sbtest8_pkey on sbtest8  (cost=0.43..44.09 rows=10 width=121)
	  Index Cond: ((id >= 9882958) AND (id <= 9882967))

for: order_ranges
table 1 : explain SELECT c FROM sbtest1 WHERE id BETWEEN 9406778 AND 9406787 ORDER BY c
	Sort  (cost=44.31..44.33 rows=10 width=121)
	  Sort Key: c
	  ->  Index Scan using sbtest1_pkey on sbtest1  (cost=0.43..44.14 rows=10 width=121)
	        Index Cond: ((id >= 9406778) AND (id <= 9406787))

table 2 : explain SELECT c FROM sbtest2 WHERE id BETWEEN 8708003 AND 8708012 ORDER BY c
	Sort  (cost=40.23..40.25 rows=9 width=121)
	  Sort Key: c
	  ->  Index Scan using sbtest2_pkey on sbtest2  (cost=0.43..40.08 rows=9 width=121)
	        Index Cond: ((id >= 8708003) AND (id <= 8708012))

table 3 : explain SELECT c FROM sbtest3 WHERE id BETWEEN 7476321 AND 7476330 ORDER BY c
	Sort  (cost=44.28..44.30 rows=10 width=121)
	  Sort Key: c
	  ->  Index Scan using sbtest3_pkey on sbtest3  (cost=0.43..44.11 rows=10 width=121)
	        Index Cond: ((id >= 7476321) AND (id <= 7476330))

table 4 : explain SELECT c FROM sbtest4 WHERE id BETWEEN 5041260 AND 5041269 ORDER BY c
	Sort  (cost=44.27..44.30 rows=10 width=121)
	  Sort Key: c
	  ->  Index Scan using sbtest4_pkey on sbtest4  (cost=0.43..44.11 rows=10 width=121)
	        Index Cond: ((id >= 5041260) AND (id <= 5041269))

table 5 : explain SELECT c FROM sbtest5 WHERE id BETWEEN 868968 AND 868977 ORDER BY c
	Sort  (cost=44.20..44.23 rows=10 width=121)
	  Sort Key: c
	  ->  Index Scan using sbtest5_pkey on sbtest5  (cost=0.43..44.04 rows=10 width=121)
	        Index Cond: ((id >= 868968) AND (id <= 868977))

table 6 : explain SELECT c FROM sbtest6 WHERE id BETWEEN 715571 AND 715580 ORDER BY c
	Sort  (cost=44.19..44.22 rows=10 width=121)
	  Sort Key: c
	  ->  Index Scan using sbtest6_pkey on sbtest6  (cost=0.43..44.03 rows=10 width=121)
	        Index Cond: ((id >= 715571) AND (id <= 715580))

table 7 : explain SELECT c FROM sbtest7 WHERE id BETWEEN 9267470 AND 9267479 ORDER BY c
	Sort  (cost=44.16..44.19 rows=10 width=121)
	  Sort Key: c
	  ->  Index Scan using sbtest7_pkey on sbtest7  (cost=0.43..44.00 rows=10 width=121)
	        Index Cond: ((id >= 9267470) AND (id <= 9267479))

table 8 : explain SELECT c FROM sbtest8 WHERE id BETWEEN 8090284 AND 8090293 ORDER BY c
	Sort  (cost=44.25..44.28 rows=10 width=121)
	  Sort Key: c
	  ->  Index Scan using sbtest8_pkey on sbtest8  (cost=0.43..44.09 rows=10 width=121)
	        Index Cond: ((id >= 8090284) AND (id <= 8090293))

for: simple_ranges
table 1 : explain SELECT c FROM sbtest1 WHERE id BETWEEN 1950201 AND 1950210
	Index Scan using sbtest1_pkey on sbtest1  (cost=0.43..48.11 rows=11 width=121)
	  Index Cond: ((id >= 1950201) AND (id <= 1950210))

table 2 : explain SELECT c FROM sbtest2 WHERE id BETWEEN 7242131 AND 7242140
	Index Scan using sbtest2_pkey on sbtest2  (cost=0.43..40.08 rows=9 width=121)
	  Index Cond: ((id >= 7242131) AND (id <= 7242140))

table 3 : explain SELECT c FROM sbtest3 WHERE id BETWEEN 3549234 AND 3549243
	Index Scan using sbtest3_pkey on sbtest3  (cost=0.43..44.11 rows=10 width=121)
	  Index Cond: ((id >= 3549234) AND (id <= 3549243))

table 4 : explain SELECT c FROM sbtest4 WHERE id BETWEEN 8162502 AND 8162511
	Index Scan using sbtest4_pkey on sbtest4  (cost=0.43..44.11 rows=10 width=121)
	  Index Cond: ((id >= 8162502) AND (id <= 8162511))

table 5 : explain SELECT c FROM sbtest5 WHERE id BETWEEN 5156766 AND 5156775
	Index Scan using sbtest5_pkey on sbtest5  (cost=0.43..47.99 rows=11 width=121)
	  Index Cond: ((id >= 5156766) AND (id <= 5156775))

table 6 : explain SELECT c FROM sbtest6 WHERE id BETWEEN 5038793 AND 5038802
	Index Scan using sbtest6_pkey on sbtest6  (cost=0.43..40.08 rows=9 width=121)
	  Index Cond: ((id >= 5038793) AND (id <= 5038802))

table 7 : explain SELECT c FROM sbtest7 WHERE id BETWEEN 6182689 AND 6182698
	Index Scan using sbtest7_pkey on sbtest7  (cost=0.43..47.95 rows=11 width=121)
	  Index Cond: ((id >= 6182689) AND (id <= 6182698))

table 8 : explain SELECT c FROM sbtest8 WHERE id BETWEEN 6248013 AND 6248022
	Index Scan using sbtest8_pkey on sbtest8  (cost=0.43..40.13 rows=9 width=121)
	  Index Cond: ((id >= 6248013) AND (id <= 6248022))

for: order_ranges
table 1 : explain SELECT c FROM sbtest1 WHERE id BETWEEN 9062055 AND 9062064 ORDER BY c
	Sort  (cost=40.32..40.34 rows=9 width=121)
	  Sort Key: c
	  ->  Index Scan using sbtest1_pkey on sbtest1  (cost=0.43..40.18 rows=9 width=121)
	        Index Cond: ((id >= 9062055) AND (id <= 9062064))

table 2 : explain SELECT c FROM sbtest2 WHERE id BETWEEN 7094476 AND 7094485 ORDER BY c
	Sort  (cost=44.20..44.23 rows=10 width=121)
	  Sort Key: c
	  ->  Index Scan using sbtest2_pkey on sbtest2  (cost=0.43..44.04 rows=10 width=121)
	        Index Cond: ((id >= 7094476) AND (id <= 7094485))

table 3 : explain SELECT c FROM sbtest3 WHERE id BETWEEN 9772618 AND 9772627 ORDER BY c
	Sort  (cost=44.28..44.30 rows=10 width=121)
	  Sort Key: c
	  ->  Index Scan using sbtest3_pkey on sbtest3  (cost=0.43..44.11 rows=10 width=121)
	        Index Cond: ((id >= 9772618) AND (id <= 9772627))

table 4 : explain SELECT c FROM sbtest4 WHERE id BETWEEN 4706452 AND 4706461 ORDER BY c
	Sort  (cost=44.27..44.30 rows=10 width=121)
	  Sort Key: c
	  ->  Index Scan using sbtest4_pkey on sbtest4  (cost=0.43..44.11 rows=10 width=121)
	        Index Cond: ((id >= 4706452) AND (id <= 4706461))

table 5 : explain SELECT c FROM sbtest5 WHERE id BETWEEN 2020844 AND 2020853 ORDER BY c
	Sort  (cost=40.23..40.25 rows=9 width=121)
	  Sort Key: c
	  ->  Index Scan using sbtest5_pkey on sbtest5  (cost=0.43..40.08 rows=9 width=121)
	        Index Cond: ((id >= 2020844) AND (id <= 2020853))

table 6 : explain SELECT c FROM sbtest6 WHERE id BETWEEN 6414656 AND 6414665 ORDER BY c
	Sort  (cost=44.19..44.22 rows=10 width=121)
	  Sort Key: c
	  ->  Index Scan using sbtest6_pkey on sbtest6  (cost=0.43..44.03 rows=10 width=121)
	        Index Cond: ((id >= 6414656) AND (id <= 6414665))

table 7 : explain SELECT c FROM sbtest7 WHERE id BETWEEN 2408998 AND 2409007 ORDER BY c
	Sort  (cost=44.16..44.19 rows=10 width=121)
	  Sort Key: c
	  ->  Index Scan using sbtest7_pkey on sbtest7  (cost=0.43..44.00 rows=10 width=121)
	        Index Cond: ((id >= 2408998) AND (id <= 2409007))

table 8 : explain SELECT c FROM sbtest8 WHERE id BETWEEN 6681903 AND 6681912 ORDER BY c
	Sort  (cost=48.23..48.26 rows=11 width=121)
	  Sort Key: c
	  ->  Index Scan using sbtest8_pkey on sbtest8  (cost=0.43..48.04 rows=11 width=121)
	        Index Cond: ((id >= 6681903) AND (id <= 6681912))

for: sum_ranges
table 1 : explain SELECT SUM(k) FROM sbtest1 WHERE id BETWEEN 534080 AND 534089
	Aggregate  (cost=44.17..44.18 rows=1 width=8)
	  ->  Index Scan using sbtest1_pkey on sbtest1  (cost=0.43..44.14 rows=10 width=4)
	        Index Cond: ((id >= 534080) AND (id <= 534089))

table 2 : explain SELECT SUM(k) FROM sbtest2 WHERE id BETWEEN 6634543 AND 6634552
	Aggregate  (cost=44.06..44.07 rows=1 width=8)
	  ->  Index Scan using sbtest2_pkey on sbtest2  (cost=0.43..44.04 rows=10 width=4)
	        Index Cond: ((id >= 6634543) AND (id <= 6634552))

table 3 : explain SELECT SUM(k) FROM sbtest3 WHERE id BETWEEN 6480202 AND 6480211
	Aggregate  (cost=44.13..44.14 rows=1 width=8)
	  ->  Index Scan using sbtest3_pkey on sbtest3  (cost=0.43..44.11 rows=10 width=4)
	        Index Cond: ((id >= 6480202) AND (id <= 6480211))

table 4 : explain SELECT SUM(k) FROM sbtest4 WHERE id BETWEEN 2652647 AND 2652656
	Aggregate  (cost=44.13..44.14 rows=1 width=8)
	  ->  Index Scan using sbtest4_pkey on sbtest4  (cost=0.43..44.11 rows=10 width=4)
	        Index Cond: ((id >= 2652647) AND (id <= 2652656))

table 5 : explain SELECT SUM(k) FROM sbtest5 WHERE id BETWEEN 7988755 AND 7988764
	Aggregate  (cost=44.06..44.07 rows=1 width=8)
	  ->  Index Scan using sbtest5_pkey on sbtest5  (cost=0.43..44.04 rows=10 width=4)
	        Index Cond: ((id >= 7988755) AND (id <= 7988764))

table 6 : explain SELECT SUM(k) FROM sbtest6 WHERE id BETWEEN 4371276 AND 4371285
	Aggregate  (cost=44.05..44.06 rows=1 width=8)
	  ->  Index Scan using sbtest6_pkey on sbtest6  (cost=0.43..44.03 rows=10 width=4)
	        Index Cond: ((id >= 4371276) AND (id <= 4371285))

table 7 : explain SELECT SUM(k) FROM sbtest7 WHERE id BETWEEN 7906152 AND 7906161
	Aggregate  (cost=44.02..44.03 rows=1 width=8)
	  ->  Index Scan using sbtest7_pkey on sbtest7  (cost=0.43..44.00 rows=10 width=4)
	        Index Cond: ((id >= 7906152) AND (id <= 7906161))

table 8 : explain SELECT SUM(k) FROM sbtest8 WHERE id BETWEEN 6623646 AND 6623655
	Aggregate  (cost=48.07..48.08 rows=1 width=8)
	  ->  Index Scan using sbtest8_pkey on sbtest8  (cost=0.43..48.04 rows=11 width=4)
	        Index Cond: ((id >= 6623646) AND (id <= 6623655))

for: simple_ranges
table 1 : explain SELECT c FROM sbtest1 WHERE id BETWEEN 9066707 AND 9066716
	Index Scan using sbtest1_pkey on sbtest1  (cost=0.43..40.18 rows=9 width=121)
	  Index Cond: ((id >= 9066707) AND (id <= 9066716))

table 2 : explain SELECT c FROM sbtest2 WHERE id BETWEEN 8499611 AND 8499620
	Index Scan using sbtest2_pkey on sbtest2  (cost=0.43..40.08 rows=9 width=121)
	  Index Cond: ((id >= 8499611) AND (id <= 8499620))

table 3 : explain SELECT c FROM sbtest3 WHERE id BETWEEN 1820383 AND 1820392
	Index Scan using sbtest3_pkey on sbtest3  (cost=0.43..44.11 rows=10 width=121)
	  Index Cond: ((id >= 1820383) AND (id <= 1820392))

table 4 : explain SELECT c FROM sbtest4 WHERE id BETWEEN 3818194 AND 3818203
	Index Scan using sbtest4_pkey on sbtest4  (cost=0.43..44.11 rows=10 width=121)
	  Index Cond: ((id >= 3818194) AND (id <= 3818203))

table 5 : explain SELECT c FROM sbtest5 WHERE id BETWEEN 5294885 AND 5294894
	Index Scan using sbtest5_pkey on sbtest5  (cost=0.43..44.04 rows=10 width=121)
	  Index Cond: ((id >= 5294885) AND (id <= 5294894))

table 6 : explain SELECT c FROM sbtest6 WHERE id BETWEEN 9713619 AND 9713628
	Index Scan using sbtest6_pkey on sbtest6  (cost=0.43..44.03 rows=10 width=121)
	  Index Cond: ((id >= 9713619) AND (id <= 9713628))

table 7 : explain SELECT c FROM sbtest7 WHERE id BETWEEN 5340240 AND 5340249
	Index Scan using sbtest7_pkey on sbtest7  (cost=0.43..44.00 rows=10 width=121)
	  Index Cond: ((id >= 5340240) AND (id <= 5340249))

table 8 : explain SELECT c FROM sbtest8 WHERE id BETWEEN 3264354 AND 3264363
	Index Scan using sbtest8_pkey on sbtest8  (cost=0.43..40.13 rows=9 width=121)
	  Index Cond: ((id >= 3264354) AND (id <= 3264363))
for: sum_ranges
table 1 : explain SELECT SUM(k) FROM sbtest1 WHERE id BETWEEN 7663005 AND 7663014
	Aggregate  (cost=48.13..48.14 rows=1 width=8)
	  ->  Index Scan using sbtest1_pkey on sbtest1  (cost=0.43..48.11 rows=11 width=4)
	        Index Cond: ((id >= 7663005) AND (id <= 7663014))

table 2 : explain SELECT SUM(k) FROM sbtest2 WHERE id BETWEEN 6956140 AND 6956149
	Aggregate  (cost=44.06..44.07 rows=1 width=8)
	  ->  Index Scan using sbtest2_pkey on sbtest2  (cost=0.43..44.04 rows=10 width=4)
	        Index Cond: ((id >= 6956140) AND (id <= 6956149))

table 3 : explain SELECT SUM(k) FROM sbtest3 WHERE id BETWEEN 7626831 AND 7626840
	Aggregate  (cost=44.13..44.14 rows=1 width=8)
	  ->  Index Scan using sbtest3_pkey on sbtest3  (cost=0.43..44.11 rows=10 width=4)
	        Index Cond: ((id >= 7626831) AND (id <= 7626840))

table 4 : explain SELECT SUM(k) FROM sbtest4 WHERE id BETWEEN 4533519 AND 4533528
	Aggregate  (cost=44.13..44.14 rows=1 width=8)
	  ->  Index Scan using sbtest4_pkey on sbtest4  (cost=0.43..44.11 rows=10 width=4)
	        Index Cond: ((id >= 4533519) AND (id <= 4533528))

table 5 : explain SELECT SUM(k) FROM sbtest5 WHERE id BETWEEN 9285104 AND 9285113
	Aggregate  (cost=40.11..40.12 rows=1 width=8)
	  ->  Index Scan using sbtest5_pkey on sbtest5  (cost=0.43..40.08 rows=9 width=4)
	        Index Cond: ((id >= 9285104) AND (id <= 9285113))

table 6 : explain SELECT SUM(k) FROM sbtest6 WHERE id BETWEEN 9102001 AND 9102010
	Aggregate  (cost=44.05..44.06 rows=1 width=8)
	  ->  Index Scan using sbtest6_pkey on sbtest6  (cost=0.43..44.03 rows=10 width=4)
	        Index Cond: ((id >= 9102001) AND (id <= 9102010))

table 7 : explain SELECT SUM(k) FROM sbtest7 WHERE id BETWEEN 6019474 AND 6019483
	Aggregate  (cost=44.02..44.03 rows=1 width=8)
	  ->  Index Scan using sbtest7_pkey on sbtest7  (cost=0.43..44.00 rows=10 width=4)
	        Index Cond: ((id >= 6019474) AND (id <= 6019483))

table 8 : explain SELECT SUM(k) FROM sbtest8 WHERE id BETWEEN 6105862 AND 6105871
	Aggregate  (cost=48.07..48.08 rows=1 width=8)
	  ->  Index Scan using sbtest8_pkey on sbtest8  (cost=0.43..48.04 rows=11 width=4)
	        Index Cond: ((id >= 6105862) AND (id <= 6105871))


for: sum_ranges
table 1 : explain SELECT SUM(k) FROM sbtest1 WHERE id BETWEEN 8278390 AND 8278399
	Aggregate  (cost=48.13..48.14 rows=1 width=8)
	  ->  Index Scan using sbtest1_pkey on sbtest1  (cost=0.43..48.11 rows=11 width=4)
	        Index Cond: ((id >= 8278390) AND (id <= 8278399))

table 2 : explain SELECT SUM(k) FROM sbtest2 WHERE id BETWEEN 7877671 AND 7877680
	Aggregate  (cost=44.06..44.07 rows=1 width=8)
	  ->  Index Scan using sbtest2_pkey on sbtest2  (cost=0.43..44.04 rows=10 width=4)
	        Index Cond: ((id >= 7877671) AND (id <= 7877680))

table 3 : explain SELECT SUM(k) FROM sbtest3 WHERE id BETWEEN 1116798 AND 1116807
	Aggregate  (cost=44.13..44.14 rows=1 width=8)
	  ->  Index Scan using sbtest3_pkey on sbtest3  (cost=0.43..44.11 rows=10 width=4)
	        Index Cond: ((id >= 1116798) AND (id <= 1116807))

table 4 : explain SELECT SUM(k) FROM sbtest4 WHERE id BETWEEN 389652 AND 389661
	Aggregate  (cost=44.13..44.14 rows=1 width=8)
	  ->  Index Scan using sbtest4_pkey on sbtest4  (cost=0.43..44.11 rows=10 width=4)
	        Index Cond: ((id >= 389652) AND (id <= 389661))

table 5 : explain SELECT SUM(k) FROM sbtest5 WHERE id BETWEEN 9336310 AND 9336319
	Aggregate  (cost=44.06..44.07 rows=1 width=8)
	  ->  Index Scan using sbtest5_pkey on sbtest5  (cost=0.43..44.04 rows=10 width=4)
	        Index Cond: ((id >= 9336310) AND (id <= 9336319))

table 6 : explain SELECT SUM(k) FROM sbtest6 WHERE id BETWEEN 5927295 AND 5927304
	Aggregate  (cost=48.01..48.02 rows=1 width=8)
	  ->  Index Scan using sbtest6_pkey on sbtest6  (cost=0.43..47.98 rows=11 width=4)
	        Index Cond: ((id >= 5927295) AND (id <= 5927304))

table 7 : explain SELECT SUM(k) FROM sbtest7 WHERE id BETWEEN 3689615 AND 3689624
	Aggregate  (cost=44.02..44.03 rows=1 width=8)
	  ->  Index Scan using sbtest7_pkey on sbtest7  (cost=0.43..44.00 rows=10 width=4)
	        Index Cond: ((id >= 3689615) AND (id <= 3689624))

table 8 : explain SELECT SUM(k) FROM sbtest8 WHERE id BETWEEN 3754300 AND 3754309
	Aggregate  (cost=44.11..44.12 rows=1 width=8)
	  ->  Index Scan using sbtest8_pkey on sbtest8  (cost=0.43..44.09 rows=10 width=4)
	        Index Cond: ((id >= 3754300) AND (id <= 3754309))

for: order_ranges
table 1 : explain SELECT c FROM sbtest1 WHERE id BETWEEN 1734047 AND 1734056 ORDER BY c
	Sort  (cost=48.30..48.32 rows=11 width=121)
	  Sort Key: c
	  ->  Index Scan using sbtest1_pkey on sbtest1  (cost=0.43..48.11 rows=11 width=121)
	        Index Cond: ((id >= 1734047) AND (id <= 1734056))

table 2 : explain SELECT c FROM sbtest2 WHERE id BETWEEN 838692 AND 838701 ORDER BY c
	Sort  (cost=44.20..44.23 rows=10 width=121)
	  Sort Key: c
	  ->  Index Scan using sbtest2_pkey on sbtest2  (cost=0.43..44.04 rows=10 width=121)
	        Index Cond: ((id >= 838692) AND (id <= 838701))

table 3 : explain SELECT c FROM sbtest3 WHERE id BETWEEN 7666185 AND 7666194 ORDER BY c
	Sort  (cost=44.28..44.30 rows=10 width=121)
	  Sort Key: c
	  ->  Index Scan using sbtest3_pkey on sbtest3  (cost=0.43..44.11 rows=10 width=121)
	        Index Cond: ((id >= 7666185) AND (id <= 7666194))

table 4 : explain SELECT c FROM sbtest4 WHERE id BETWEEN 7918788 AND 7918797 ORDER BY c
	Sort  (cost=40.29..40.31 rows=9 width=121)
	  Sort Key: c
	  ->  Index Scan using sbtest4_pkey on sbtest4  (cost=0.43..40.15 rows=9 width=121)
	        Index Cond: ((id >= 7918788) AND (id <= 7918797))

table 5 : explain SELECT c FROM sbtest5 WHERE id BETWEEN 1028639 AND 1028648 ORDER BY c
	Sort  (cost=44.20..44.23 rows=10 width=121)
	  Sort Key: c
	  ->  Index Scan using sbtest5_pkey on sbtest5  (cost=0.43..44.04 rows=10 width=121)
	        Index Cond: ((id >= 1028639) AND (id <= 1028648))

table 6 : explain SELECT c FROM sbtest6 WHERE id BETWEEN 7527383 AND 7527392 ORDER BY c
	Sort  (cost=44.19..44.22 rows=10 width=121)
	  Sort Key: c
	  ->  Index Scan using sbtest6_pkey on sbtest6  (cost=0.43..44.03 rows=10 width=121)
	        Index Cond: ((id >= 7527383) AND (id <= 7527392))

table 7 : explain SELECT c FROM sbtest7 WHERE id BETWEEN 9057466 AND 9057475 ORDER BY c
	Sort  (cost=48.14..48.16 rows=11 width=121)
	  Sort Key: c
	  ->  Index Scan using sbtest7_pkey on sbtest7  (cost=0.43..47.95 rows=11 width=121)
	        Index Cond: ((id >= 9057466) AND (id <= 9057475))

table 8 : explain SELECT c FROM sbtest8 WHERE id BETWEEN 5835545 AND 5835554 ORDER BY c
	Sort  (cost=44.25..44.28 rows=10 width=121)
	  Sort Key: c
	  ->  Index Scan using sbtest8_pkey on sbtest8  (cost=0.43..44.09 rows=10 width=121)
	        Index Cond: ((id >= 5835545) AND (id <= 5835554))

for: order_ranges
table 1 : explain SELECT c FROM sbtest1 WHERE id BETWEEN 6919622 AND 6919631 ORDER BY c
	Sort  (cost=44.31..44.33 rows=10 width=121)
	  Sort Key: c
	  ->  Index Scan using sbtest1_pkey on sbtest1  (cost=0.43..44.14 rows=10 width=121)
	        Index Cond: ((id >= 6919622) AND (id <= 6919631))

table 2 : explain SELECT c FROM sbtest2 WHERE id BETWEEN 1783529 AND 1783538 ORDER BY c
	Sort  (cost=44.20..44.23 rows=10 width=121)
	  Sort Key: c
	  ->  Index Scan using sbtest2_pkey on sbtest2  (cost=0.43..44.04 rows=10 width=121)
	        Index Cond: ((id >= 1783529) AND (id <= 1783538))

table 3 : explain SELECT c FROM sbtest3 WHERE id BETWEEN 9459576 AND 9459585 ORDER BY c
	Sort  (cost=44.28..44.30 rows=10 width=121)
	  Sort Key: c
	  ->  Index Scan using sbtest3_pkey on sbtest3  (cost=0.43..44.11 rows=10 width=121)
	        Index Cond: ((id >= 9459576) AND (id <= 9459585))

table 4 : explain SELECT c FROM sbtest4 WHERE id BETWEEN 222947 AND 222956 ORDER BY c
	Sort  (cost=40.29..40.31 rows=9 width=121)
	  Sort Key: c
	  ->  Index Scan using sbtest4_pkey on sbtest4  (cost=0.43..40.15 rows=9 width=121)
	        Index Cond: ((id >= 222947) AND (id <= 222956))

table 5 : explain SELECT c FROM sbtest5 WHERE id BETWEEN 6499492 AND 6499501 ORDER BY c
	Sort  (cost=44.20..44.23 rows=10 width=121)
	  Sort Key: c
	  ->  Index Scan using sbtest5_pkey on sbtest5  (cost=0.43..44.04 rows=10 width=121)
	        Index Cond: ((id >= 6499492) AND (id <= 6499501))

table 6 : explain SELECT c FROM sbtest6 WHERE id BETWEEN 4337456 AND 4337465 ORDER BY c
	Sort  (cost=48.17..48.20 rows=11 width=121)
	  Sort Key: c
	  ->  Index Scan using sbtest6_pkey on sbtest6  (cost=0.43..47.98 rows=11 width=121)
	        Index Cond: ((id >= 4337456) AND (id <= 4337465))

table 7 : explain SELECT c FROM sbtest7 WHERE id BETWEEN 3060056 AND 3060065 ORDER BY c
	Sort  (cost=44.16..44.19 rows=10 width=121)
	  Sort Key: c
	  ->  Index Scan using sbtest7_pkey on sbtest7  (cost=0.43..44.00 rows=10 width=121)
	        Index Cond: ((id >= 3060056) AND (id <= 3060065))

table 8 : explain SELECT c FROM sbtest8 WHERE id BETWEEN 446110 AND 446119 ORDER BY c
	Sort  (cost=40.27..40.29 rows=9 width=121)
	  Sort Key: c
	  ->  Index Scan using sbtest8_pkey on sbtest8  (cost=0.43..40.13 rows=9 width=121)
	        Index Cond: ((id >= 446110) AND (id <= 446119))

for: sum_ranges
table 1 : explain SELECT SUM(k) FROM sbtest1 WHERE id BETWEEN 9237142 AND 9237151
	Aggregate  (cost=40.20..40.21 rows=1 width=8)
	  ->  Index Scan using sbtest1_pkey on sbtest1  (cost=0.43..40.18 rows=9 width=4)
	        Index Cond: ((id >= 9237142) AND (id <= 9237151))

table 2 : explain SELECT SUM(k) FROM sbtest2 WHERE id BETWEEN 9300049 AND 9300058
	Aggregate  (cost=48.02..48.03 rows=1 width=8)
	  ->  Index Scan using sbtest2_pkey on sbtest2  (cost=0.43..47.99 rows=11 width=4)
	        Index Cond: ((id >= 9300049) AND (id <= 9300058))

table 3 : explain SELECT SUM(k) FROM sbtest3 WHERE id BETWEEN 6225464 AND 6225473
	Aggregate  (cost=40.17..40.18 rows=1 width=8)
	  ->  Index Scan using sbtest3_pkey on sbtest3  (cost=0.43..40.15 rows=9 width=4)
	        Index Cond: ((id >= 6225464) AND (id <= 6225473))

table 4 : explain SELECT SUM(k) FROM sbtest4 WHERE id BETWEEN 6230496 AND 6230505
	Aggregate  (cost=44.13..44.14 rows=1 width=8)
	  ->  Index Scan using sbtest4_pkey on sbtest4  (cost=0.43..44.11 rows=10 width=4)
	        Index Cond: ((id >= 6230496) AND (id <= 6230505))

table 5 : explain SELECT SUM(k) FROM sbtest5 WHERE id BETWEEN 519054 AND 519063
	Aggregate  (cost=44.06..44.07 rows=1 width=8)
	  ->  Index Scan using sbtest5_pkey on sbtest5  (cost=0.43..44.04 rows=10 width=4)
	        Index Cond: ((id >= 519054) AND (id <= 519063))

table 6 : explain SELECT SUM(k) FROM sbtest6 WHERE id BETWEEN 4018806 AND 4018815
	Aggregate  (cost=44.05..44.06 rows=1 width=8)
	  ->  Index Scan using sbtest6_pkey on sbtest6  (cost=0.43..44.03 rows=10 width=4)
	        Index Cond: ((id >= 4018806) AND (id <= 4018815))

table 7 : explain SELECT SUM(k) FROM sbtest7 WHERE id BETWEEN 5803004 AND 5803013
	Aggregate  (cost=44.02..44.03 rows=1 width=8)
	  ->  Index Scan using sbtest7_pkey on sbtest7  (cost=0.43..44.00 rows=10 width=4)
	        Index Cond: ((id >= 5803004) AND (id <= 5803013))

table 8 : explain SELECT SUM(k) FROM sbtest8 WHERE id BETWEEN 3138134 AND 3138143
	Aggregate  (cost=40.15..40.16 rows=1 width=8)
	  ->  Index Scan using sbtest8_pkey on sbtest8  (cost=0.43..40.13 rows=9 width=4)
	        Index Cond: ((id >= 3138134) AND (id <= 3138143))

for: simple_ranges
table 1 : explain SELECT c FROM sbtest1 WHERE id BETWEEN 876056 AND 876065
	Index Scan using sbtest1_pkey on sbtest1  (cost=0.43..48.11 rows=11 width=121)
	  Index Cond: ((id >= 876056) AND (id <= 876065))

table 2 : explain SELECT c FROM sbtest2 WHERE id BETWEEN 7573424 AND 7573433
	Index Scan using sbtest2_pkey on sbtest2  (cost=0.43..47.99 rows=11 width=121)
	  Index Cond: ((id >= 7573424) AND (id <= 7573433))

table 3 : explain SELECT c FROM sbtest3 WHERE id BETWEEN 444489 AND 444498
	Index Scan using sbtest3_pkey on sbtest3  (cost=0.43..44.11 rows=10 width=121)
	  Index Cond: ((id >= 444489) AND (id <= 444498))

table 4 : explain SELECT c FROM sbtest4 WHERE id BETWEEN 2505048 AND 2505057
	Index Scan using sbtest4_pkey on sbtest4  (cost=0.43..44.11 rows=10 width=121)
	  Index Cond: ((id >= 2505048) AND (id <= 2505057))

table 5 : explain SELECT c FROM sbtest5 WHERE id BETWEEN 9360220 AND 9360229
	Index Scan using sbtest5_pkey on sbtest5  (cost=0.43..44.04 rows=10 width=121)
	  Index Cond: ((id >= 9360220) AND (id <= 9360229))

table 6 : explain SELECT c FROM sbtest6 WHERE id BETWEEN 9665586 AND 9665595
	Index Scan using sbtest6_pkey on sbtest6  (cost=0.43..44.03 rows=10 width=121)
	  Index Cond: ((id >= 9665586) AND (id <= 9665595))

table 7 : explain SELECT c FROM sbtest7 WHERE id BETWEEN 7814463 AND 7814472
	Index Scan using sbtest7_pkey on sbtest7  (cost=0.43..44.00 rows=10 width=121)
	  Index Cond: ((id >= 7814463) AND (id <= 7814472))

table 8 : explain SELECT c FROM sbtest8 WHERE id BETWEEN 5435494 AND 5435503
	Index Scan using sbtest8_pkey on sbtest8  (cost=0.43..40.13 rows=9 width=121)
	  Index Cond: ((id >= 5435494) AND (id <= 5435503))

for: simple_ranges
table 1 : explain SELECT c FROM sbtest1 WHERE id BETWEEN 2351377 AND 2351386
	Index Scan using sbtest1_pkey on sbtest1  (cost=0.43..44.14 rows=10 width=121)
	  Index Cond: ((id >= 2351377) AND (id <= 2351386))

table 2 : explain SELECT c FROM sbtest2 WHERE id BETWEEN 9568162 AND 9568171
	Index Scan using sbtest2_pkey on sbtest2  (cost=0.43..44.04 rows=10 width=121)
	  Index Cond: ((id >= 9568162) AND (id <= 9568171))

table 3 : explain SELECT c FROM sbtest3 WHERE id BETWEEN 4918533 AND 4918542
	Index Scan using sbtest3_pkey on sbtest3  (cost=0.43..48.07 rows=11 width=121)
	  Index Cond: ((id >= 4918533) AND (id <= 4918542))

table 4 : explain SELECT c FROM sbtest4 WHERE id BETWEEN 1524278 AND 1524287
	Index Scan using sbtest4_pkey on sbtest4  (cost=0.43..44.11 rows=10 width=121)
	  Index Cond: ((id >= 1524278) AND (id <= 1524287))

table 5 : explain SELECT c FROM sbtest5 WHERE id BETWEEN 9879936 AND 9879945
	Index Scan using sbtest5_pkey on sbtest5  (cost=0.43..44.04 rows=10 width=121)
	  Index Cond: ((id >= 9879936) AND (id <= 9879945))

table 6 : explain SELECT c FROM sbtest6 WHERE id BETWEEN 7709474 AND 7709483
	Index Scan using sbtest6_pkey on sbtest6  (cost=0.43..47.98 rows=11 width=121)
	  Index Cond: ((id >= 7709474) AND (id <= 7709483))

table 7 : explain SELECT c FROM sbtest7 WHERE id BETWEEN 7930129 AND 7930138
	Index Scan using sbtest7_pkey on sbtest7  (cost=0.43..40.05 rows=9 width=121)
	  Index Cond: ((id >= 7930129) AND (id <= 7930138))

table 8 : explain SELECT c FROM sbtest8 WHERE id BETWEEN 3760313 AND 3760322
	Index Scan using sbtest8_pkey on sbtest8  (cost=0.43..44.09 rows=10 width=121)
	  Index Cond: ((id >= 3760313) AND (id <= 3760322))

for: sum_ranges
table 1 : explain SELECT SUM(k) FROM sbtest1 WHERE id BETWEEN 8084059 AND 8084068
	Aggregate  (cost=44.17..44.18 rows=1 width=8)
	  ->  Index Scan using sbtest1_pkey on sbtest1  (cost=0.43..44.14 rows=10 width=4)
	        Index Cond: ((id >= 8084059) AND (id <= 8084068))

table 2 : explain SELECT SUM(k) FROM sbtest2 WHERE id BETWEEN 422457 AND 422466
	Aggregate  (cost=44.06..44.07 rows=1 width=8)
	  ->  Index Scan using sbtest2_pkey on sbtest2  (cost=0.43..44.04 rows=10 width=4)
	        Index Cond: ((id >= 422457) AND (id <= 422466))

table 3 : explain SELECT SUM(k) FROM sbtest3 WHERE id BETWEEN 8319817 AND 8319826
	Aggregate  (cost=44.13..44.14 rows=1 width=8)
	  ->  Index Scan using sbtest3_pkey on sbtest3  (cost=0.43..44.11 rows=10 width=4)
	        Index Cond: ((id >= 8319817) AND (id <= 8319826))

table 4 : explain SELECT SUM(k) FROM sbtest4 WHERE id BETWEEN 1891117 AND 1891126
	Aggregate  (cost=44.13..44.14 rows=1 width=8)
	  ->  Index Scan using sbtest4_pkey on sbtest4  (cost=0.43..44.11 rows=10 width=4)
	        Index Cond: ((id >= 1891117) AND (id <= 1891126))

table 5 : explain SELECT SUM(k) FROM sbtest5 WHERE id BETWEEN 4036769 AND 4036778
	Aggregate  (cost=44.06..44.07 rows=1 width=8)
	  ->  Index Scan using sbtest5_pkey on sbtest5  (cost=0.43..44.04 rows=10 width=4)
	        Index Cond: ((id >= 4036769) AND (id <= 4036778))

table 6 : explain SELECT SUM(k) FROM sbtest6 WHERE id BETWEEN 9931871 AND 9931880
	Aggregate  (cost=44.05..44.06 rows=1 width=8)
	  ->  Index Scan using sbtest6_pkey on sbtest6  (cost=0.43..44.03 rows=10 width=4)
	        Index Cond: ((id >= 9931871) AND (id <= 9931880))

table 7 : explain SELECT SUM(k) FROM sbtest7 WHERE id BETWEEN 7745424 AND 7745433
	Aggregate  (cost=44.02..44.03 rows=1 width=8)
	  ->  Index Scan using sbtest7_pkey on sbtest7  (cost=0.43..44.00 rows=10 width=4)
	        Index Cond: ((id >= 7745424) AND (id <= 7745433))

table 8 : explain SELECT SUM(k) FROM sbtest8 WHERE id BETWEEN 2736721 AND 2736730
	Aggregate  (cost=44.11..44.12 rows=1 width=8)
	  ->  Index Scan using sbtest8_pkey on sbtest8  (cost=0.43..44.09 rows=10 width=4)
	        Index Cond: ((id >= 2736721) AND (id <= 2736730))

for: sum_ranges
table 1 : explain SELECT SUM(k) FROM sbtest1 WHERE id BETWEEN 6237537 AND 6237546
	Aggregate  (cost=40.20..40.21 rows=1 width=8)
	  ->  Index Scan using sbtest1_pkey on sbtest1  (cost=0.43..40.18 rows=9 width=4)
	        Index Cond: ((id >= 6237537) AND (id <= 6237546))

table 2 : explain SELECT SUM(k) FROM sbtest2 WHERE id BETWEEN 1769130 AND 1769139
	Aggregate  (cost=44.06..44.07 rows=1 width=8)
	  ->  Index Scan using sbtest2_pkey on sbtest2  (cost=0.43..44.04 rows=10 width=4)
	        Index Cond: ((id >= 1769130) AND (id <= 1769139))

table 3 : explain SELECT SUM(k) FROM sbtest3 WHERE id BETWEEN 8669585 AND 8669594
	Aggregate  (cost=48.10..48.11 rows=1 width=8)
	  ->  Index Scan using sbtest3_pkey on sbtest3  (cost=0.43..48.07 rows=11 width=4)
	        Index Cond: ((id >= 8669585) AND (id <= 8669594))

table 4 : explain SELECT SUM(k) FROM sbtest4 WHERE id BETWEEN 9082241 AND 9082250
	Aggregate  (cost=48.10..48.11 rows=1 width=8)
	  ->  Index Scan using sbtest4_pkey on sbtest4  (cost=0.43..48.07 rows=11 width=4)
	        Index Cond: ((id >= 9082241) AND (id <= 9082250))

table 5 : explain SELECT SUM(k) FROM sbtest5 WHERE id BETWEEN 860232 AND 860241
	Aggregate  (cost=44.06..44.07 rows=1 width=8)
	  ->  Index Scan using sbtest5_pkey on sbtest5  (cost=0.43..44.04 rows=10 width=4)
	        Index Cond: ((id >= 860232) AND (id <= 860241))

table 6 : explain SELECT SUM(k) FROM sbtest6 WHERE id BETWEEN 4051192 AND 4051201
	Aggregate  (cost=44.05..44.06 rows=1 width=8)
	  ->  Index Scan using sbtest6_pkey on sbtest6  (cost=0.43..44.03 rows=10 width=4)
	        Index Cond: ((id >= 4051192) AND (id <= 4051201))

table 7 : explain SELECT SUM(k) FROM sbtest7 WHERE id BETWEEN 3353882 AND 3353891
	Aggregate  (cost=47.97..47.98 rows=1 width=8)
	  ->  Index Scan using sbtest7_pkey on sbtest7  (cost=0.43..47.95 rows=11 width=4)
	        Index Cond: ((id >= 3353882) AND (id <= 3353891))

table 8 : explain SELECT SUM(k) FROM sbtest8 WHERE id BETWEEN 9263172 AND 9263181
	Aggregate  (cost=44.11..44.12 rows=1 width=8)
	  ->  Index Scan using sbtest8_pkey on sbtest8  (cost=0.43..44.09 rows=10 width=4)
	        Index Cond: ((id >= 9263172) AND (id <= 9263181))

for: sum_ranges
table 1 : explain SELECT SUM(k) FROM sbtest1 WHERE id BETWEEN 4173595 AND 4173604
	Aggregate  (cost=44.17..44.18 rows=1 width=8)
	  ->  Index Scan using sbtest1_pkey on sbtest1  (cost=0.43..44.14 rows=10 width=4)
	        Index Cond: ((id >= 4173595) AND (id <= 4173604))

table 2 : explain SELECT SUM(k) FROM sbtest2 WHERE id BETWEEN 2260710 AND 2260719
	Aggregate  (cost=44.06..44.07 rows=1 width=8)
	  ->  Index Scan using sbtest2_pkey on sbtest2  (cost=0.43..44.04 rows=10 width=4)
	        Index Cond: ((id >= 2260710) AND (id <= 2260719))

table 3 : explain SELECT SUM(k) FROM sbtest3 WHERE id BETWEEN 9730817 AND 9730826
	Aggregate  (cost=44.13..44.14 rows=1 width=8)
	  ->  Index Scan using sbtest3_pkey on sbtest3  (cost=0.43..44.11 rows=10 width=4)
	        Index Cond: ((id >= 9730817) AND (id <= 9730826))

table 4 : explain SELECT SUM(k) FROM sbtest4 WHERE id BETWEEN 7432281 AND 7432290
	Aggregate  (cost=40.17..40.18 rows=1 width=8)
	  ->  Index Scan using sbtest4_pkey on sbtest4  (cost=0.43..40.15 rows=9 width=4)
	        Index Cond: ((id >= 7432281) AND (id <= 7432290))

table 5 : explain SELECT SUM(k) FROM sbtest5 WHERE id BETWEEN 3069604 AND 3069613
	Aggregate  (cost=44.06..44.07 rows=1 width=8)
	  ->  Index Scan using sbtest5_pkey on sbtest5  (cost=0.43..44.04 rows=10 width=4)
	        Index Cond: ((id >= 3069604) AND (id <= 3069613))

table 6 : explain SELECT SUM(k) FROM sbtest6 WHERE id BETWEEN 3566596 AND 3566605
	Aggregate  (cost=40.10..40.11 rows=1 width=8)
	  ->  Index Scan using sbtest6_pkey on sbtest6  (cost=0.43..40.08 rows=9 width=4)
	        Index Cond: ((id >= 3566596) AND (id <= 3566605))

table 7 : explain SELECT SUM(k) FROM sbtest7 WHERE id BETWEEN 5097020 AND 5097029
	Aggregate  (cost=44.02..44.03 rows=1 width=8)
	  ->  Index Scan using sbtest7_pkey on sbtest7  (cost=0.43..44.00 rows=10 width=4)
	        Index Cond: ((id >= 5097020) AND (id <= 5097029))

table 8 : explain SELECT SUM(k) FROM sbtest8 WHERE id BETWEEN 8151248 AND 8151257
	Aggregate  (cost=44.11..44.12 rows=1 width=8)
	  ->  Index Scan using sbtest8_pkey on sbtest8  (cost=0.43..44.09 rows=10 width=4)
	        Index Cond: ((id >= 8151248) AND (id <= 8151257))

for: sum_ranges
table 1 : explain SELECT SUM(k) FROM sbtest1 WHERE id BETWEEN 8270671 AND 8270680
	Aggregate  (cost=48.13..48.14 rows=1 width=8)
	  ->  Index Scan using sbtest1_pkey on sbtest1  (cost=0.43..48.11 rows=11 width=4)
	        Index Cond: ((id >= 8270671) AND (id <= 8270680))

table 2 : explain SELECT SUM(k) FROM sbtest2 WHERE id BETWEEN 1747448 AND 1747457
	Aggregate  (cost=44.06..44.07 rows=1 width=8)
	  ->  Index Scan using sbtest2_pkey on sbtest2  (cost=0.43..44.04 rows=10 width=4)
	        Index Cond: ((id >= 1747448) AND (id <= 1747457))

table 3 : explain SELECT SUM(k) FROM sbtest3 WHERE id BETWEEN 9005032 AND 9005041
	Aggregate  (cost=40.17..40.18 rows=1 width=8)
	  ->  Index Scan using sbtest3_pkey on sbtest3  (cost=0.43..40.15 rows=9 width=4)
	        Index Cond: ((id >= 9005032) AND (id <= 9005041))

table 4 : explain SELECT SUM(k) FROM sbtest4 WHERE id BETWEEN 8368773 AND 8368782
	Aggregate  (cost=44.13..44.14 rows=1 width=8)
	  ->  Index Scan using sbtest4_pkey on sbtest4  (cost=0.43..44.11 rows=10 width=4)
	        Index Cond: ((id >= 8368773) AND (id <= 8368782))

table 5 : explain SELECT SUM(k) FROM sbtest5 WHERE id BETWEEN 9438827 AND 9438836
	Aggregate  (cost=44.06..44.07 rows=1 width=8)
	  ->  Index Scan using sbtest5_pkey on sbtest5  (cost=0.43..44.04 rows=10 width=4)
	        Index Cond: ((id >= 9438827) AND (id <= 9438836))

table 6 : explain SELECT SUM(k) FROM sbtest6 WHERE id BETWEEN 4100895 AND 4100904
	Aggregate  (cost=48.01..48.02 rows=1 width=8)
	  ->  Index Scan using sbtest6_pkey on sbtest6  (cost=0.43..47.98 rows=11 width=4)
	        Index Cond: ((id >= 4100895) AND (id <= 4100904))

table 7 : explain SELECT SUM(k) FROM sbtest7 WHERE id BETWEEN 6953175 AND 6953184
	Aggregate  (cost=47.97..47.98 rows=1 width=8)
	  ->  Index Scan using sbtest7_pkey on sbtest7  (cost=0.43..47.95 rows=11 width=4)
	        Index Cond: ((id >= 6953175) AND (id <= 6953184))

table 8 : explain SELECT SUM(k) FROM sbtest8 WHERE id BETWEEN 3810945 AND 3810954
	Aggregate  (cost=44.11..44.12 rows=1 width=8)
	  ->  Index Scan using sbtest8_pkey on sbtest8  (cost=0.43..44.09 rows=10 width=4)
	        Index Cond: ((id >= 3810945) AND (id <= 3810954))

for: sum_ranges
table 1 : explain SELECT SUM(k) FROM sbtest1 WHERE id BETWEEN 26193 AND 26202
	Aggregate  (cost=44.17..44.18 rows=1 width=8)
	  ->  Index Scan using sbtest1_pkey on sbtest1  (cost=0.43..44.14 rows=10 width=4)
	        Index Cond: ((id >= 26193) AND (id <= 26202))

table 2 : explain SELECT SUM(k) FROM sbtest2 WHERE id BETWEEN 9870023 AND 9870032
	Aggregate  (cost=40.11..40.12 rows=1 width=8)
	  ->  Index Scan using sbtest2_pkey on sbtest2  (cost=0.43..40.08 rows=9 width=4)
	        Index Cond: ((id >= 9870023) AND (id <= 9870032))

table 3 : explain SELECT SUM(k) FROM sbtest3 WHERE id BETWEEN 8509422 AND 8509431
	Aggregate  (cost=44.13..44.14 rows=1 width=8)
	  ->  Index Scan using sbtest3_pkey on sbtest3  (cost=0.43..44.11 rows=10 width=4)
	        Index Cond: ((id >= 8509422) AND (id <= 8509431))

table 4 : explain SELECT SUM(k) FROM sbtest4 WHERE id BETWEEN 6750517 AND 6750526
	Aggregate  (cost=44.13..44.14 rows=1 width=8)
	  ->  Index Scan using sbtest4_pkey on sbtest4  (cost=0.43..44.11 rows=10 width=4)
	        Index Cond: ((id >= 6750517) AND (id <= 6750526))

table 5 : explain SELECT SUM(k) FROM sbtest5 WHERE id BETWEEN 4603846 AND 4603855
	Aggregate  (cost=44.06..44.07 rows=1 width=8)
	  ->  Index Scan using sbtest5_pkey on sbtest5  (cost=0.43..44.04 rows=10 width=4)
	        Index Cond: ((id >= 4603846) AND (id <= 4603855))

table 6 : explain SELECT SUM(k) FROM sbtest6 WHERE id BETWEEN 1180531 AND 1180540
	Aggregate  (cost=44.05..44.06 rows=1 width=8)
	  ->  Index Scan using sbtest6_pkey on sbtest6  (cost=0.43..44.03 rows=10 width=4)
	        Index Cond: ((id >= 1180531) AND (id <= 1180540))

table 7 : explain SELECT SUM(k) FROM sbtest7 WHERE id BETWEEN 6618983 AND 6618992
	Aggregate  (cost=44.02..44.03 rows=1 width=8)
	  ->  Index Scan using sbtest7_pkey on sbtest7  (cost=0.43..44.00 rows=10 width=4)
	        Index Cond: ((id >= 6618983) AND (id <= 6618992))

table 8 : explain SELECT SUM(k) FROM sbtest8 WHERE id BETWEEN 6404175 AND 6404184
	Aggregate  (cost=44.11..44.12 rows=1 width=8)
	  ->  Index Scan using sbtest8_pkey on sbtest8  (cost=0.43..44.09 rows=10 width=4)
	        Index Cond: ((id >= 6404175) AND (id <= 6404184))

for: simple_ranges
table 1 : explain SELECT c FROM sbtest1 WHERE id BETWEEN 6130675 AND 6130684
	Index Scan using sbtest1_pkey on sbtest1  (cost=0.43..44.14 rows=10 width=121)
	  Index Cond: ((id >= 6130675) AND (id <= 6130684))

table 2 : explain SELECT c FROM sbtest2 WHERE id BETWEEN 3118626 AND 3118635
	Index Scan using sbtest2_pkey on sbtest2  (cost=0.43..44.04 rows=10 width=121)
	  Index Cond: ((id >= 3118626) AND (id <= 3118635))

table 3 : explain SELECT c FROM sbtest3 WHERE id BETWEEN 3535240 AND 3535249
	Index Scan using sbtest3_pkey on sbtest3  (cost=0.43..44.11 rows=10 width=121)
	  Index Cond: ((id >= 3535240) AND (id <= 3535249))

table 4 : explain SELECT c FROM sbtest4 WHERE id BETWEEN 8060848 AND 8060857
	Index Scan using sbtest4_pkey on sbtest4  (cost=0.43..44.11 rows=10 width=121)
	  Index Cond: ((id >= 8060848) AND (id <= 8060857))

table 5 : explain SELECT c FROM sbtest5 WHERE id BETWEEN 6744490 AND 6744499
	Index Scan using sbtest5_pkey on sbtest5  (cost=0.43..44.04 rows=10 width=121)
	  Index Cond: ((id >= 6744490) AND (id <= 6744499))

table 6 : explain SELECT c FROM sbtest6 WHERE id BETWEEN 8470465 AND 8470474
	Index Scan using sbtest6_pkey on sbtest6  (cost=0.43..47.98 rows=11 width=121)
	  Index Cond: ((id >= 8470465) AND (id <= 8470474))

table 7 : explain SELECT c FROM sbtest7 WHERE id BETWEEN 3309871 AND 3309880
	Index Scan using sbtest7_pkey on sbtest7  (cost=0.43..40.05 rows=9 width=121)
	  Index Cond: ((id >= 3309871) AND (id <= 3309880))

table 8 : explain SELECT c FROM sbtest8 WHERE id BETWEEN 7530811 AND 7530820
	Index Scan using sbtest8_pkey on sbtest8  (cost=0.43..44.09 rows=10 width=121)
	  Index Cond: ((id >= 7530811) AND (id <= 7530820))

for: sum_ranges
table 1 : explain SELECT SUM(k) FROM sbtest1 WHERE id BETWEEN 1143035 AND 1143044
	Aggregate  (cost=40.20..40.21 rows=1 width=8)
	  ->  Index Scan using sbtest1_pkey on sbtest1  (cost=0.43..40.18 rows=9 width=4)
	        Index Cond: ((id >= 1143035) AND (id <= 1143044))

table 2 : explain SELECT SUM(k) FROM sbtest2 WHERE id BETWEEN 2637574 AND 2637583
	Aggregate  (cost=44.06..44.07 rows=1 width=8)
	  ->  Index Scan using sbtest2_pkey on sbtest2  (cost=0.43..44.04 rows=10 width=4)
	        Index Cond: ((id >= 2637574) AND (id <= 2637583))

table 3 : explain SELECT SUM(k) FROM sbtest3 WHERE id BETWEEN 2538388 AND 2538397
	Aggregate  (cost=44.13..44.14 rows=1 width=8)
	  ->  Index Scan using sbtest3_pkey on sbtest3  (cost=0.43..44.11 rows=10 width=4)
	        Index Cond: ((id >= 2538388) AND (id <= 2538397))

table 4 : explain SELECT SUM(k) FROM sbtest4 WHERE id BETWEEN 3613468 AND 3613477
	Aggregate  (cost=48.10..48.11 rows=1 width=8)
	  ->  Index Scan using sbtest4_pkey on sbtest4  (cost=0.43..48.07 rows=11 width=4)
	        Index Cond: ((id >= 3613468) AND (id <= 3613477))

table 5 : explain SELECT SUM(k) FROM sbtest5 WHERE id BETWEEN 53789 AND 53798
	Aggregate  (cost=44.06..44.07 rows=1 width=8)
	  ->  Index Scan using sbtest5_pkey on sbtest5  (cost=0.43..44.04 rows=10 width=4)
	        Index Cond: ((id >= 53789) AND (id <= 53798))

table 6 : explain SELECT SUM(k) FROM sbtest6 WHERE id BETWEEN 1850769 AND 1850778
	Aggregate  (cost=40.10..40.11 rows=1 width=8)
	  ->  Index Scan using sbtest6_pkey on sbtest6  (cost=0.43..40.08 rows=9 width=4)
	        Index Cond: ((id >= 1850769) AND (id <= 1850778))

table 7 : explain SELECT SUM(k) FROM sbtest7 WHERE id BETWEEN 4225320 AND 4225329
	Aggregate  (cost=44.02..44.03 rows=1 width=8)
	  ->  Index Scan using sbtest7_pkey on sbtest7  (cost=0.43..44.00 rows=10 width=4)
	        Index Cond: ((id >= 4225320) AND (id <= 4225329))

table 8 : explain SELECT SUM(k) FROM sbtest8 WHERE id BETWEEN 179085 AND 179094
	Aggregate  (cost=40.15..40.16 rows=1 width=8)
	  ->  Index Scan using sbtest8_pkey on sbtest8  (cost=0.43..40.13 rows=9 width=4)
	        Index Cond: ((id >= 179085) AND (id <= 179094))

for: distinct_ranges
table 1 : explain SELECT DISTINCT c FROM sbtest1 WHERE id BETWEEN 2668529 AND 2668538 ORDER BY c
	Unique  (cost=44.31..44.36 rows=10 width=121)
	  ->  Sort  (cost=44.31..44.33 rows=10 width=121)
	        Sort Key: c
	        ->  Index Scan using sbtest1_pkey on sbtest1  (cost=0.43..44.14 rows=10 width=121)
	              Index Cond: ((id >= 2668529) AND (id <= 2668538))

table 2 : explain SELECT DISTINCT c FROM sbtest2 WHERE id BETWEEN 1072095 AND 1072104 ORDER BY c
	Unique  (cost=44.20..44.25 rows=10 width=121)
	  ->  Sort  (cost=44.20..44.23 rows=10 width=121)
	        Sort Key: c
	        ->  Index Scan using sbtest2_pkey on sbtest2  (cost=0.43..44.04 rows=10 width=121)
	              Index Cond: ((id >= 1072095) AND (id <= 1072104))

table 3 : explain SELECT DISTINCT c FROM sbtest3 WHERE id BETWEEN 2201668 AND 2201677 ORDER BY c
	Unique  (cost=40.29..40.34 rows=9 width=121)
	  ->  Sort  (cost=40.29..40.31 rows=9 width=121)
	        Sort Key: c
	        ->  Index Scan using sbtest3_pkey on sbtest3  (cost=0.43..40.15 rows=9 width=121)
	              Index Cond: ((id >= 2201668) AND (id <= 2201677))

table 4 : explain SELECT DISTINCT c FROM sbtest4 WHERE id BETWEEN 2848634 AND 2848643 ORDER BY c
	Unique  (cost=44.27..44.32 rows=10 width=121)
	  ->  Sort  (cost=44.27..44.30 rows=10 width=121)
	        Sort Key: c
	        ->  Index Scan using sbtest4_pkey on sbtest4  (cost=0.43..44.11 rows=10 width=121)
	              Index Cond: ((id >= 2848634) AND (id <= 2848643))

table 5 : explain SELECT DISTINCT c FROM sbtest5 WHERE id BETWEEN 1002319 AND 1002328 ORDER BY c
	Unique  (cost=44.20..44.25 rows=10 width=121)
	  ->  Sort  (cost=44.20..44.23 rows=10 width=121)
	        Sort Key: c
	        ->  Index Scan using sbtest5_pkey on sbtest5  (cost=0.43..44.04 rows=10 width=121)
	              Index Cond: ((id >= 1002319) AND (id <= 1002328))

table 6 : explain SELECT DISTINCT c FROM sbtest6 WHERE id BETWEEN 7615152 AND 7615161 ORDER BY c
	Unique  (cost=44.19..44.24 rows=10 width=121)
	  ->  Sort  (cost=44.19..44.22 rows=10 width=121)
	        Sort Key: c
	        ->  Index Scan using sbtest6_pkey on sbtest6  (cost=0.43..44.03 rows=10 width=121)
	              Index Cond: ((id >= 7615152) AND (id <= 7615161))

table 7 : explain SELECT DISTINCT c FROM sbtest7 WHERE id BETWEEN 9758813 AND 9758822 ORDER BY c
	Unique  (cost=48.14..48.19 rows=11 width=121)
	  ->  Sort  (cost=48.14..48.16 rows=11 width=121)
	        Sort Key: c
	        ->  Index Scan using sbtest7_pkey on sbtest7  (cost=0.43..47.95 rows=11 width=121)
	              Index Cond: ((id >= 9758813) AND (id <= 9758822))

table 8 : explain SELECT DISTINCT c FROM sbtest8 WHERE id BETWEEN 6960326 AND 6960335 ORDER BY c
	Unique  (cost=44.25..44.30 rows=10 width=121)
	  ->  Sort  (cost=44.25..44.28 rows=10 width=121)
	        Sort Key: c
	        ->  Index Scan using sbtest8_pkey on sbtest8  (cost=0.43..44.09 rows=10 width=121)
	              Index Cond: ((id >= 6960326) AND (id <= 6960335))

for: order_ranges
table 1 : explain SELECT c FROM sbtest1 WHERE id BETWEEN 8838779 AND 8838788 ORDER BY c
	Sort  (cost=40.32..40.34 rows=9 width=121)
	  Sort Key: c
	  ->  Index Scan using sbtest1_pkey on sbtest1  (cost=0.43..40.18 rows=9 width=121)
	        Index Cond: ((id >= 8838779) AND (id <= 8838788))

table 2 : explain SELECT c FROM sbtest2 WHERE id BETWEEN 5147183 AND 5147192 ORDER BY c
	Sort  (cost=44.20..44.23 rows=10 width=121)
	  Sort Key: c
	  ->  Index Scan using sbtest2_pkey on sbtest2  (cost=0.43..44.04 rows=10 width=121)
	        Index Cond: ((id >= 5147183) AND (id <= 5147192))

table 3 : explain SELECT c FROM sbtest3 WHERE id BETWEEN 4779932 AND 4779941 ORDER BY c
	Sort  (cost=44.28..44.30 rows=10 width=121)
	  Sort Key: c
	  ->  Index Scan using sbtest3_pkey on sbtest3  (cost=0.43..44.11 rows=10 width=121)
	        Index Cond: ((id >= 4779932) AND (id <= 4779941))

table 4 : explain SELECT c FROM sbtest4 WHERE id BETWEEN 724822 AND 724831 ORDER BY c
	Sort  (cost=44.27..44.30 rows=10 width=121)
	  Sort Key: c
	  ->  Index Scan using sbtest4_pkey on sbtest4  (cost=0.43..44.11 rows=10 width=121)
	        Index Cond: ((id >= 724822) AND (id <= 724831))

table 5 : explain SELECT c FROM sbtest5 WHERE id BETWEEN 8796991 AND 8797000 ORDER BY c
	Sort  (cost=44.20..44.23 rows=10 width=121)
	  Sort Key: c
	  ->  Index Scan using sbtest5_pkey on sbtest5  (cost=0.43..44.04 rows=10 width=121)
	        Index Cond: ((id >= 8796991) AND (id <= 8797000))

table 6 : explain SELECT c FROM sbtest6 WHERE id BETWEEN 5432967 AND 5432976 ORDER BY c
	Sort  (cost=44.19..44.22 rows=10 width=121)
	  Sort Key: c
	  ->  Index Scan using sbtest6_pkey on sbtest6  (cost=0.43..44.03 rows=10 width=121)
	        Index Cond: ((id >= 5432967) AND (id <= 5432976))

table 7 : explain SELECT c FROM sbtest7 WHERE id BETWEEN 9507237 AND 9507246 ORDER BY c
	Sort  (cost=44.16..44.19 rows=10 width=121)
	  Sort Key: c
	  ->  Index Scan using sbtest7_pkey on sbtest7  (cost=0.43..44.00 rows=10 width=121)
	        Index Cond: ((id >= 9507237) AND (id <= 9507246))

table 8 : explain SELECT c FROM sbtest8 WHERE id BETWEEN 4221232 AND 4221241 ORDER BY c
	Sort  (cost=48.23..48.26 rows=11 width=121)
	  Sort Key: c
	  ->  Index Scan using sbtest8_pkey on sbtest8  (cost=0.43..48.04 rows=11 width=121)
	        Index Cond: ((id >= 4221232) AND (id <= 4221241))

for: order_ranges
table 1 : explain SELECT c FROM sbtest1 WHERE id BETWEEN 505561 AND 505570 ORDER BY c
	Sort  (cost=44.31..44.33 rows=10 width=121)
	  Sort Key: c
	  ->  Index Scan using sbtest1_pkey on sbtest1  (cost=0.43..44.14 rows=10 width=121)
	        Index Cond: ((id >= 505561) AND (id <= 505570))

table 2 : explain SELECT c FROM sbtest2 WHERE id BETWEEN 574143 AND 574152 ORDER BY c
	Sort  (cost=44.20..44.23 rows=10 width=121)
	  Sort Key: c
	  ->  Index Scan using sbtest2_pkey on sbtest2  (cost=0.43..44.04 rows=10 width=121)
	        Index Cond: ((id >= 574143) AND (id <= 574152))

table 3 : explain SELECT c FROM sbtest3 WHERE id BETWEEN 1596252 AND 1596261 ORDER BY c
	Sort  (cost=44.28..44.30 rows=10 width=121)
	  Sort Key: c
	  ->  Index Scan using sbtest3_pkey on sbtest3  (cost=0.43..44.11 rows=10 width=121)
	        Index Cond: ((id >= 1596252) AND (id <= 1596261))

table 4 : explain SELECT c FROM sbtest4 WHERE id BETWEEN 1078136 AND 1078145 ORDER BY c
	Sort  (cost=44.27..44.30 rows=10 width=121)
	  Sort Key: c
	  ->  Index Scan using sbtest4_pkey on sbtest4  (cost=0.43..44.11 rows=10 width=121)
	        Index Cond: ((id >= 1078136) AND (id <= 1078145))

table 5 : explain SELECT c FROM sbtest5 WHERE id BETWEEN 6039974 AND 6039983 ORDER BY c
	Sort  (cost=40.23..40.25 rows=9 width=121)
	  Sort Key: c
	  ->  Index Scan using sbtest5_pkey on sbtest5  (cost=0.43..40.08 rows=9 width=121)
	        Index Cond: ((id >= 6039974) AND (id <= 6039983))

table 6 : explain SELECT c FROM sbtest6 WHERE id BETWEEN 6724692 AND 6724701 ORDER BY c
	Sort  (cost=48.17..48.20 rows=11 width=121)
	  Sort Key: c
	  ->  Index Scan using sbtest6_pkey on sbtest6  (cost=0.43..47.98 rows=11 width=121)
	        Index Cond: ((id >= 6724692) AND (id <= 6724701))

table 7 : explain SELECT c FROM sbtest7 WHERE id BETWEEN 2161296 AND 2161305 ORDER BY c
	Sort  (cost=48.14..48.16 rows=11 width=121)
	  Sort Key: c
	  ->  Index Scan using sbtest7_pkey on sbtest7  (cost=0.43..47.95 rows=11 width=121)
	        Index Cond: ((id >= 2161296) AND (id <= 2161305))

table 8 : explain SELECT c FROM sbtest8 WHERE id BETWEEN 2658980 AND 2658989 ORDER BY c
	Sort  (cost=40.27..40.29 rows=9 width=121)
	  Sort Key: c
	  ->  Index Scan using sbtest8_pkey on sbtest8  (cost=0.43..40.13 rows=9 width=121)
	        Index Cond: ((id >= 2658980) AND (id <= 2658989))

for: simple_ranges
table 1 : explain SELECT c FROM sbtest1 WHERE id BETWEEN 7114301 AND 7114310
	Index Scan using sbtest1_pkey on sbtest1  (cost=0.43..44.14 rows=10 width=121)
	  Index Cond: ((id >= 7114301) AND (id <= 7114310))

table 2 : explain SELECT c FROM sbtest2 WHERE id BETWEEN 5046751 AND 5046760
	Index Scan using sbtest2_pkey on sbtest2  (cost=0.43..44.04 rows=10 width=121)
	  Index Cond: ((id >= 5046751) AND (id <= 5046760))

table 3 : explain SELECT c FROM sbtest3 WHERE id BETWEEN 3692501 AND 3692510
	Index Scan using sbtest3_pkey on sbtest3  (cost=0.43..44.11 rows=10 width=121)
	  Index Cond: ((id >= 3692501) AND (id <= 3692510))

table 4 : explain SELECT c FROM sbtest4 WHERE id BETWEEN 9382845 AND 9382854
	Index Scan using sbtest4_pkey on sbtest4  (cost=0.43..48.07 rows=11 width=121)
	  Index Cond: ((id >= 9382845) AND (id <= 9382854))

table 5 : explain SELECT c FROM sbtest5 WHERE id BETWEEN 267514 AND 267523
	Index Scan using sbtest5_pkey on sbtest5  (cost=0.43..44.04 rows=10 width=121)
	  Index Cond: ((id >= 267514) AND (id <= 267523))

table 6 : explain SELECT c FROM sbtest6 WHERE id BETWEEN 5617413 AND 5617422
	Index Scan using sbtest6_pkey on sbtest6  (cost=0.43..47.98 rows=11 width=121)
	  Index Cond: ((id >= 5617413) AND (id <= 5617422))

table 7 : explain SELECT c FROM sbtest7 WHERE id BETWEEN 1515150 AND 1515159
	Index Scan using sbtest7_pkey on sbtest7  (cost=0.43..40.05 rows=9 width=121)
	  Index Cond: ((id >= 1515150) AND (id <= 1515159))

table 8 : explain SELECT c FROM sbtest8 WHERE id BETWEEN 7846840 AND 7846849
	Index Scan using sbtest8_pkey on sbtest8  (cost=0.43..44.09 rows=10 width=121)
	  Index Cond: ((id >= 7846840) AND (id <= 7846849))

for: order_ranges
table 1 : explain SELECT c FROM sbtest1 WHERE id BETWEEN 6661495 AND 6661504 ORDER BY c
	Sort  (cost=48.30..48.32 rows=11 width=121)
	  Sort Key: c
	  ->  Index Scan using sbtest1_pkey on sbtest1  (cost=0.43..48.11 rows=11 width=121)
	        Index Cond: ((id >= 6661495) AND (id <= 6661504))

table 2 : explain SELECT c FROM sbtest2 WHERE id BETWEEN 9963226 AND 9963235 ORDER BY c
	Sort  (cost=44.20..44.23 rows=10 width=121)
	  Sort Key: c
	  ->  Index Scan using sbtest2_pkey on sbtest2  (cost=0.43..44.04 rows=10 width=121)
	        Index Cond: ((id >= 9963226) AND (id <= 9963235))

table 3 : explain SELECT c FROM sbtest3 WHERE id BETWEEN 478829 AND 478838 ORDER BY c
	Sort  (cost=44.28..44.30 rows=10 width=121)
	  Sort Key: c
	  ->  Index Scan using sbtest3_pkey on sbtest3  (cost=0.43..44.11 rows=10 width=121)
	        Index Cond: ((id >= 478829) AND (id <= 478838))

table 4 : explain SELECT c FROM sbtest4 WHERE id BETWEEN 4355661 AND 4355670 ORDER BY c
	Sort  (cost=44.27..44.30 rows=10 width=121)
	  Sort Key: c
	  ->  Index Scan using sbtest4_pkey on sbtest4  (cost=0.43..44.11 rows=10 width=121)
	        Index Cond: ((id >= 4355661) AND (id <= 4355670))

table 5 : explain SELECT c FROM sbtest5 WHERE id BETWEEN 1525553 AND 1525562 ORDER BY c
	Sort  (cost=44.20..44.23 rows=10 width=121)
	  Sort Key: c
	  ->  Index Scan using sbtest5_pkey on sbtest5  (cost=0.43..44.04 rows=10 width=121)
	        Index Cond: ((id >= 1525553) AND (id <= 1525562))

table 6 : explain SELECT c FROM sbtest6 WHERE id BETWEEN 5819651 AND 5819660 ORDER BY c
	Sort  (cost=48.17..48.20 rows=11 width=121)
	  Sort Key: c
	  ->  Index Scan using sbtest6_pkey on sbtest6  (cost=0.43..47.98 rows=11 width=121)
	        Index Cond: ((id >= 5819651) AND (id <= 5819660))

table 7 : explain SELECT c FROM sbtest7 WHERE id BETWEEN 7955323 AND 7955332 ORDER BY c
	Sort  (cost=40.19..40.21 rows=9 width=121)
	  Sort Key: c
	  ->  Index Scan using sbtest7_pkey on sbtest7  (cost=0.43..40.05 rows=9 width=121)
	        Index Cond: ((id >= 7955323) AND (id <= 7955332))

table 8 : explain SELECT c FROM sbtest8 WHERE id BETWEEN 6814953 AND 6814962 ORDER BY c
	Sort  (cost=48.23..48.26 rows=11 width=121)
	  Sort Key: c
	  ->  Index Scan using sbtest8_pkey on sbtest8  (cost=0.43..48.04 rows=11 width=121)
	        Index Cond: ((id >= 6814953) AND (id <= 6814962))

for: order_ranges
table 1 : explain SELECT c FROM sbtest1 WHERE id BETWEEN 6190729 AND 6190738 ORDER BY c
	Sort  (cost=44.31..44.33 rows=10 width=121)
	  Sort Key: c
	  ->  Index Scan using sbtest1_pkey on sbtest1  (cost=0.43..44.14 rows=10 width=121)
	        Index Cond: ((id >= 6190729) AND (id <= 6190738))

table 2 : explain SELECT c FROM sbtest2 WHERE id BETWEEN 7209137 AND 7209146 ORDER BY c
	Sort  (cost=40.23..40.25 rows=9 width=121)
	  Sort Key: c
	  ->  Index Scan using sbtest2_pkey on sbtest2  (cost=0.43..40.08 rows=9 width=121)
	        Index Cond: ((id >= 7209137) AND (id <= 7209146))

table 3 : explain SELECT c FROM sbtest3 WHERE id BETWEEN 9487720 AND 9487729 ORDER BY c
	Sort  (cost=44.28..44.30 rows=10 width=121)
	  Sort Key: c
	  ->  Index Scan using sbtest3_pkey on sbtest3  (cost=0.43..44.11 rows=10 width=121)
	        Index Cond: ((id >= 9487720) AND (id <= 9487729))

table 4 : explain SELECT c FROM sbtest4 WHERE id BETWEEN 1199822 AND 1199831 ORDER BY c
	Sort  (cost=48.26..48.29 rows=11 width=121)
	  Sort Key: c
	  ->  Index Scan using sbtest4_pkey on sbtest4  (cost=0.43..48.07 rows=11 width=121)
	        Index Cond: ((id >= 1199822) AND (id <= 1199831))

table 5 : explain SELECT c FROM sbtest5 WHERE id BETWEEN 9692995 AND 9693004 ORDER BY c
	Sort  (cost=44.20..44.23 rows=10 width=121)
	  Sort Key: c
	  ->  Index Scan using sbtest5_pkey on sbtest5  (cost=0.43..44.04 rows=10 width=121)
	        Index Cond: ((id >= 9692995) AND (id <= 9693004))

table 6 : explain SELECT c FROM sbtest6 WHERE id BETWEEN 3555260 AND 3555269 ORDER BY c
	Sort  (cost=40.22..40.24 rows=9 width=121)
	  Sort Key: c
	  ->  Index Scan using sbtest6_pkey on sbtest6  (cost=0.43..40.08 rows=9 width=121)
	        Index Cond: ((id >= 3555260) AND (id <= 3555269))

table 7 : explain SELECT c FROM sbtest7 WHERE id BETWEEN 5556968 AND 5556977 ORDER BY c
	Sort  (cost=44.16..44.19 rows=10 width=121)
	  Sort Key: c
	  ->  Index Scan using sbtest7_pkey on sbtest7  (cost=0.43..44.00 rows=10 width=121)
	        Index Cond: ((id >= 5556968) AND (id <= 5556977))

table 8 : explain SELECT c FROM sbtest8 WHERE id BETWEEN 5325564 AND 5325573 ORDER BY c
	Sort  (cost=44.25..44.28 rows=10 width=121)
	  Sort Key: c
	  ->  Index Scan using sbtest8_pkey on sbtest8  (cost=0.43..44.09 rows=10 width=121)
	        Index Cond: ((id >= 5325564) AND (id <= 5325573))

for: order_ranges
table 1 : explain SELECT c FROM sbtest1 WHERE id BETWEEN 9117348 AND 9117357 ORDER BY c
	Sort  (cost=44.31..44.33 rows=10 width=121)
	  Sort Key: c
	  ->  Index Scan using sbtest1_pkey on sbtest1  (cost=0.43..44.14 rows=10 width=121)
	        Index Cond: ((id >= 9117348) AND (id <= 9117357))

table 2 : explain SELECT c FROM sbtest2 WHERE id BETWEEN 3016883 AND 3016892 ORDER BY c
	Sort  (cost=44.20..44.23 rows=10 width=121)
	  Sort Key: c
	  ->  Index Scan using sbtest2_pkey on sbtest2  (cost=0.43..44.04 rows=10 width=121)
	        Index Cond: ((id >= 3016883) AND (id <= 3016892))

table 3 : explain SELECT c FROM sbtest3 WHERE id BETWEEN 7959051 AND 7959060 ORDER BY c
	Sort  (cost=40.29..40.31 rows=9 width=121)
	  Sort Key: c
	  ->  Index Scan using sbtest3_pkey on sbtest3  (cost=0.43..40.15 rows=9 width=121)
	        Index Cond: ((id >= 7959051) AND (id <= 7959060))

table 4 : explain SELECT c FROM sbtest4 WHERE id BETWEEN 4352957 AND 4352966 ORDER BY c
	Sort  (cost=44.27..44.30 rows=10 width=121)
	  Sort Key: c
	  ->  Index Scan using sbtest4_pkey on sbtest4  (cost=0.43..44.11 rows=10 width=121)
	        Index Cond: ((id >= 4352957) AND (id <= 4352966))

table 5 : explain SELECT c FROM sbtest5 WHERE id BETWEEN 2482715 AND 2482724 ORDER BY c
	Sort  (cost=44.20..44.23 rows=10 width=121)
	  Sort Key: c
	  ->  Index Scan using sbtest5_pkey on sbtest5  (cost=0.43..44.04 rows=10 width=121)
	        Index Cond: ((id >= 2482715) AND (id <= 2482724))

table 6 : explain SELECT c FROM sbtest6 WHERE id BETWEEN 9253014 AND 9253023 ORDER BY c
	Sort  (cost=48.17..48.20 rows=11 width=121)
	  Sort Key: c
	  ->  Index Scan using sbtest6_pkey on sbtest6  (cost=0.43..47.98 rows=11 width=121)
	        Index Cond: ((id >= 9253014) AND (id <= 9253023))

table 7 : explain SELECT c FROM sbtest7 WHERE id BETWEEN 5765999 AND 5766008 ORDER BY c
	Sort  (cost=44.16..44.19 rows=10 width=121)
	  Sort Key: c
	  ->  Index Scan using sbtest7_pkey on sbtest7  (cost=0.43..44.00 rows=10 width=121)
	        Index Cond: ((id >= 5765999) AND (id <= 5766008))

table 8 : explain SELECT c FROM sbtest8 WHERE id BETWEEN 9685075 AND 9685084 ORDER BY c
	Sort  (cost=44.25..44.28 rows=10 width=121)
	  Sort Key: c
	  ->  Index Scan using sbtest8_pkey on sbtest8  (cost=0.43..44.09 rows=10 width=121)
	        Index Cond: ((id >= 9685075) AND (id <= 9685084))

for point_selects
table 1 : explain SELECT c FROM sbtest1 WHERE id=2641195
	Index Scan using sbtest1_pkey on sbtest1  (cost=0.43..8.45 rows=1 width=121)
	  Index Cond: (id = 2641195)

table 2 : explain SELECT c FROM sbtest2 WHERE id=3352554
	Index Scan using sbtest2_pkey on sbtest2  (cost=0.43..8.45 rows=1 width=121)
	  Index Cond: (id = 3352554)

table 3 : explain SELECT c FROM sbtest3 WHERE id=1945161
	Index Scan using sbtest3_pkey on sbtest3  (cost=0.43..8.45 rows=1 width=121)
	  Index Cond: (id = 1945161)

table 4 : explain SELECT c FROM sbtest4 WHERE id=574353
	Index Scan using sbtest4_pkey on sbtest4  (cost=0.43..8.45 rows=1 width=121)
	  Index Cond: (id = 574353)

table 5 : explain SELECT c FROM sbtest5 WHERE id=8173717
	Index Scan using sbtest5_pkey on sbtest5  (cost=0.43..8.45 rows=1 width=121)
	  Index Cond: (id = 8173717)

table 6 : explain SELECT c FROM sbtest6 WHERE id=8591280
	Index Scan using sbtest6_pkey on sbtest6  (cost=0.43..8.45 rows=1 width=121)
	  Index Cond: (id = 8591280)

table 7 : explain SELECT c FROM sbtest7 WHERE id=9416267
	Index Scan using sbtest7_pkey on sbtest7  (cost=0.43..8.45 rows=1 width=121)
	  Index Cond: (id = 9416267)

table 8 : explain SELECT c FROM sbtest8 WHERE id=4774744
	Index Scan using sbtest8_pkey on sbtest8  (cost=0.43..8.45 rows=1 width=121)
	  Index Cond: (id = 4774744)

for: order_ranges
table 1 : explain SELECT c FROM sbtest1 WHERE id BETWEEN 3969151 AND 3969160 ORDER BY c
	Sort  (cost=44.31..44.33 rows=10 width=121)
	  Sort Key: c
	  ->  Index Scan using sbtest1_pkey on sbtest1  (cost=0.43..44.14 rows=10 width=121)
	        Index Cond: ((id >= 3969151) AND (id <= 3969160))

table 2 : explain SELECT c FROM sbtest2 WHERE id BETWEEN 4872756 AND 4872765 ORDER BY c
	Sort  (cost=40.23..40.25 rows=9 width=121)
	  Sort Key: c
	  ->  Index Scan using sbtest2_pkey on sbtest2  (cost=0.43..40.08 rows=9 width=121)
	        Index Cond: ((id >= 4872756) AND (id <= 4872765))

table 3 : explain SELECT c FROM sbtest3 WHERE id BETWEEN 2077096 AND 2077105 ORDER BY c
	Sort  (cost=48.26..48.29 rows=11 width=121)
	  Sort Key: c
	  ->  Index Scan using sbtest3_pkey on sbtest3  (cost=0.43..48.07 rows=11 width=121)
	        Index Cond: ((id >= 2077096) AND (id <= 2077105))

table 4 : explain SELECT c FROM sbtest4 WHERE id BETWEEN 8482143 AND 8482152 ORDER BY c
	Sort  (cost=48.26..48.29 rows=11 width=121)
	  Sort Key: c
	  ->  Index Scan using sbtest4_pkey on sbtest4  (cost=0.43..48.07 rows=11 width=121)
	        Index Cond: ((id >= 8482143) AND (id <= 8482152))

table 5 : explain SELECT c FROM sbtest5 WHERE id BETWEEN 2504763 AND 2504772 ORDER BY c
	Sort  (cost=44.20..44.23 rows=10 width=121)
	  Sort Key: c
	  ->  Index Scan using sbtest5_pkey on sbtest5  (cost=0.43..44.04 rows=10 width=121)
	        Index Cond: ((id >= 2504763) AND (id <= 2504772))

table 6 : explain SELECT c FROM sbtest6 WHERE id BETWEEN 4448427 AND 4448436 ORDER BY c
	Sort  (cost=44.19..44.22 rows=10 width=121)
	  Sort Key: c
	  ->  Index Scan using sbtest6_pkey on sbtest6  (cost=0.43..44.03 rows=10 width=121)
	        Index Cond: ((id >= 4448427) AND (id <= 4448436))

table 7 : explain SELECT c FROM sbtest7 WHERE id BETWEEN 1648732 AND 1648741 ORDER BY c
	Sort  (cost=44.16..44.19 rows=10 width=121)
	  Sort Key: c
	  ->  Index Scan using sbtest7_pkey on sbtest7  (cost=0.43..44.00 rows=10 width=121)
	        Index Cond: ((id >= 1648732) AND (id <= 1648741))

table 8 : explain SELECT c FROM sbtest8 WHERE id BETWEEN 7766469 AND 7766478 ORDER BY c
	Sort  (cost=48.23..48.26 rows=11 width=121)
	  Sort Key: c
	  ->  Index Scan using sbtest8_pkey on sbtest8  (cost=0.43..48.04 rows=11 width=121)
	        Index Cond: ((id >= 7766469) AND (id <= 7766478))

for: distinct_ranges
table 1 : explain SELECT DISTINCT c FROM sbtest1 WHERE id BETWEEN 2021617 AND 2021626 ORDER BY c
	Unique  (cost=44.31..44.36 rows=10 width=121)
	  ->  Sort  (cost=44.31..44.33 rows=10 width=121)
	        Sort Key: c
	        ->  Index Scan using sbtest1_pkey on sbtest1  (cost=0.43..44.14 rows=10 width=121)
	              Index Cond: ((id >= 2021617) AND (id <= 2021626))

table 2 : explain SELECT DISTINCT c FROM sbtest2 WHERE id BETWEEN 1520632 AND 1520641 ORDER BY c
	Unique  (cost=44.20..44.25 rows=10 width=121)
	  ->  Sort  (cost=44.20..44.23 rows=10 width=121)
	        Sort Key: c
	        ->  Index Scan using sbtest2_pkey on sbtest2  (cost=0.43..44.04 rows=10 width=121)
	              Index Cond: ((id >= 1520632) AND (id <= 1520641))

table 3 : explain SELECT DISTINCT c FROM sbtest3 WHERE id BETWEEN 4196767 AND 4196776 ORDER BY c
	Unique  (cost=44.28..44.33 rows=10 width=121)
	  ->  Sort  (cost=44.28..44.30 rows=10 width=121)
	        Sort Key: c
	        ->  Index Scan using sbtest3_pkey on sbtest3  (cost=0.43..44.11 rows=10 width=121)
	              Index Cond: ((id >= 4196767) AND (id <= 4196776))

table 4 : explain SELECT DISTINCT c FROM sbtest4 WHERE id BETWEEN 6608037 AND 6608046 ORDER BY c
	Unique  (cost=48.26..48.31 rows=11 width=121)
	  ->  Sort  (cost=48.26..48.29 rows=11 width=121)
	        Sort Key: c
	        ->  Index Scan using sbtest4_pkey on sbtest4  (cost=0.43..48.07 rows=11 width=121)
	              Index Cond: ((id >= 6608037) AND (id <= 6608046))

table 5 : explain SELECT DISTINCT c FROM sbtest5 WHERE id BETWEEN 1341462 AND 1341471 ORDER BY c
	Unique  (cost=48.18..48.24 rows=11 width=121)
	  ->  Sort  (cost=48.18..48.21 rows=11 width=121)
	        Sort Key: c
	        ->  Index Scan using sbtest5_pkey on sbtest5  (cost=0.43..47.99 rows=11 width=121)
	              Index Cond: ((id >= 1341462) AND (id <= 1341471))

table 6 : explain SELECT DISTINCT c FROM sbtest6 WHERE id BETWEEN 6076893 AND 6076902 ORDER BY c
	Unique  (cost=44.19..44.24 rows=10 width=121)
	  ->  Sort  (cost=44.19..44.22 rows=10 width=121)
	        Sort Key: c
	        ->  Index Scan using sbtest6_pkey on sbtest6  (cost=0.43..44.03 rows=10 width=121)
	              Index Cond: ((id >= 6076893) AND (id <= 6076902))

table 7 : explain SELECT DISTINCT c FROM sbtest7 WHERE id BETWEEN 1546066 AND 1546075 ORDER BY c
	Unique  (cost=40.19..40.24 rows=9 width=121)
	  ->  Sort  (cost=40.19..40.21 rows=9 width=121)
	        Sort Key: c
	        ->  Index Scan using sbtest7_pkey on sbtest7  (cost=0.43..40.05 rows=9 width=121)
	              Index Cond: ((id >= 1546066) AND (id <= 1546075))

table 8 : explain SELECT DISTINCT c FROM sbtest8 WHERE id BETWEEN 4936418 AND 4936427 ORDER BY c
	Unique  (cost=44.25..44.30 rows=10 width=121)
	  ->  Sort  (cost=44.25..44.28 rows=10 width=121)
	        Sort Key: c
	        ->  Index Scan using sbtest8_pkey on sbtest8  (cost=0.43..44.09 rows=10 width=121)
	              Index Cond: ((id >= 4936418) AND (id <= 4936427))

for: order_ranges
table 1 : explain SELECT c FROM sbtest1 WHERE id BETWEEN 7598750 AND 7598759 ORDER BY c
	Sort  (cost=48.30..48.32 rows=11 width=121)
	  Sort Key: c
	  ->  Index Scan using sbtest1_pkey on sbtest1  (cost=0.43..48.11 rows=11 width=121)
	        Index Cond: ((id >= 7598750) AND (id <= 7598759))

table 2 : explain SELECT c FROM sbtest2 WHERE id BETWEEN 8288703 AND 8288712 ORDER BY c
	Sort  (cost=44.20..44.23 rows=10 width=121)
	  Sort Key: c
	  ->  Index Scan using sbtest2_pkey on sbtest2  (cost=0.43..44.04 rows=10 width=121)
	        Index Cond: ((id >= 8288703) AND (id <= 8288712))

table 3 : explain SELECT c FROM sbtest3 WHERE id BETWEEN 3806895 AND 3806904 ORDER BY c
	Sort  (cost=44.28..44.30 rows=10 width=121)
	  Sort Key: c
	  ->  Index Scan using sbtest3_pkey on sbtest3  (cost=0.43..44.11 rows=10 width=121)
	        Index Cond: ((id >= 3806895) AND (id <= 3806904))

table 4 : explain SELECT c FROM sbtest4 WHERE id BETWEEN 7933397 AND 7933406 ORDER BY c
	Sort  (cost=40.29..40.31 rows=9 width=121)
	  Sort Key: c
	  ->  Index Scan using sbtest4_pkey on sbtest4  (cost=0.43..40.15 rows=9 width=121)
	        Index Cond: ((id >= 7933397) AND (id <= 7933406))

table 5 : explain SELECT c FROM sbtest5 WHERE id BETWEEN 7582467 AND 7582476 ORDER BY c
	Sort  (cost=40.23..40.25 rows=9 width=121)
	  Sort Key: c
	  ->  Index Scan using sbtest5_pkey on sbtest5  (cost=0.43..40.08 rows=9 width=121)
	        Index Cond: ((id >= 7582467) AND (id <= 7582476))

table 6 : explain SELECT c FROM sbtest6 WHERE id BETWEEN 9513505 AND 9513514 ORDER BY c
	Sort  (cost=44.19..44.22 rows=10 width=121)
	  Sort Key: c
	  ->  Index Scan using sbtest6_pkey on sbtest6  (cost=0.43..44.03 rows=10 width=121)
	        Index Cond: ((id >= 9513505) AND (id <= 9513514))

table 7 : explain SELECT c FROM sbtest7 WHERE id BETWEEN 4144441 AND 4144450 ORDER BY c
	Sort  (cost=44.16..44.19 rows=10 width=121)
	  Sort Key: c
	  ->  Index Scan using sbtest7_pkey on sbtest7  (cost=0.43..44.00 rows=10 width=121)
	        Index Cond: ((id >= 4144441) AND (id <= 4144450))

table 8 : explain SELECT c FROM sbtest8 WHERE id BETWEEN 9678503 AND 9678512 ORDER BY c
	Sort  (cost=44.25..44.28 rows=10 width=121)
	  Sort Key: c
	  ->  Index Scan using sbtest8_pkey on sbtest8  (cost=0.43..44.09 rows=10 width=121)
	        Index Cond: ((id >= 9678503) AND (id <= 9678512))

for: order_ranges
table 1 : explain SELECT c FROM sbtest1 WHERE id BETWEEN 4931123 AND 4931132 ORDER BY c
	Sort  (cost=44.31..44.33 rows=10 width=121)
	  Sort Key: c
	  ->  Index Scan using sbtest1_pkey on sbtest1  (cost=0.43..44.14 rows=10 width=121)
	        Index Cond: ((id >= 4931123) AND (id <= 4931132))

table 2 : explain SELECT c FROM sbtest2 WHERE id BETWEEN 5583869 AND 5583878 ORDER BY c
	Sort  (cost=48.18..48.21 rows=11 width=121)
	  Sort Key: c
	  ->  Index Scan using sbtest2_pkey on sbtest2  (cost=0.43..47.99 rows=11 width=121)
	        Index Cond: ((id >= 5583869) AND (id <= 5583878))

table 3 : explain SELECT c FROM sbtest3 WHERE id BETWEEN 2753482 AND 2753491 ORDER BY c
	Sort  (cost=44.28..44.30 rows=10 width=121)
	  Sort Key: c
	  ->  Index Scan using sbtest3_pkey on sbtest3  (cost=0.43..44.11 rows=10 width=121)
	        Index Cond: ((id >= 2753482) AND (id <= 2753491))

table 4 : explain SELECT c FROM sbtest4 WHERE id BETWEEN 4569881 AND 4569890 ORDER BY c
	Sort  (cost=44.27..44.30 rows=10 width=121)
	  Sort Key: c
	  ->  Index Scan using sbtest4_pkey on sbtest4  (cost=0.43..44.11 rows=10 width=121)
	        Index Cond: ((id >= 4569881) AND (id <= 4569890))

table 5 : explain SELECT c FROM sbtest5 WHERE id BETWEEN 7321297 AND 7321306 ORDER BY c
	Sort  (cost=44.20..44.23 rows=10 width=121)
	  Sort Key: c
	  ->  Index Scan using sbtest5_pkey on sbtest5  (cost=0.43..44.04 rows=10 width=121)
	        Index Cond: ((id >= 7321297) AND (id <= 7321306))

table 6 : explain SELECT c FROM sbtest6 WHERE id BETWEEN 8149541 AND 8149550 ORDER BY c
	Sort  (cost=48.17..48.20 rows=11 width=121)
	  Sort Key: c
	  ->  Index Scan using sbtest6_pkey on sbtest6  (cost=0.43..47.98 rows=11 width=121)
	        Index Cond: ((id >= 8149541) AND (id <= 8149550))

table 7 : explain SELECT c FROM sbtest7 WHERE id BETWEEN 5995535 AND 5995544 ORDER BY c
	Sort  (cost=44.16..44.19 rows=10 width=121)
	  Sort Key: c
	  ->  Index Scan using sbtest7_pkey on sbtest7  (cost=0.43..44.00 rows=10 width=121)
	        Index Cond: ((id >= 5995535) AND (id <= 5995544))

table 8 : explain SELECT c FROM sbtest8 WHERE id BETWEEN 8168116 AND 8168125 ORDER BY c
	Sort  (cost=44.25..44.28 rows=10 width=121)
	  Sort Key: c
	  ->  Index Scan using sbtest8_pkey on sbtest8  (cost=0.43..44.09 rows=10 width=121)
	        Index Cond: ((id >= 8168116) AND (id <= 8168125))

for: order_ranges
table 1 : explain SELECT c FROM sbtest1 WHERE id BETWEEN 3456446 AND 3456455 ORDER BY c
	Sort  (cost=44.31..44.33 rows=10 width=121)
	  Sort Key: c
	  ->  Index Scan using sbtest1_pkey on sbtest1  (cost=0.43..44.14 rows=10 width=121)
	        Index Cond: ((id >= 3456446) AND (id <= 3456455))

table 2 : explain SELECT c FROM sbtest2 WHERE id BETWEEN 6696464 AND 6696473 ORDER BY c
	Sort  (cost=44.20..44.23 rows=10 width=121)
	  Sort Key: c
	  ->  Index Scan using sbtest2_pkey on sbtest2  (cost=0.43..44.04 rows=10 width=121)
	        Index Cond: ((id >= 6696464) AND (id <= 6696473))

table 3 : explain SELECT c FROM sbtest3 WHERE id BETWEEN 1117421 AND 1117430 ORDER BY c
	Sort  (cost=44.28..44.30 rows=10 width=121)
	  Sort Key: c
	  ->  Index Scan using sbtest3_pkey on sbtest3  (cost=0.43..44.11 rows=10 width=121)
	        Index Cond: ((id >= 1117421) AND (id <= 1117430))

table 4 : explain SELECT c FROM sbtest4 WHERE id BETWEEN 1118660 AND 1118669 ORDER BY c
	Sort  (cost=44.27..44.30 rows=10 width=121)
	  Sort Key: c
	  ->  Index Scan using sbtest4_pkey on sbtest4  (cost=0.43..44.11 rows=10 width=121)
	        Index Cond: ((id >= 1118660) AND (id <= 1118669))

table 5 : explain SELECT c FROM sbtest5 WHERE id BETWEEN 8221655 AND 8221664 ORDER BY c
	Sort  (cost=44.20..44.23 rows=10 width=121)
	  Sort Key: c
	  ->  Index Scan using sbtest5_pkey on sbtest5  (cost=0.43..44.04 rows=10 width=121)
	        Index Cond: ((id >= 8221655) AND (id <= 8221664))

table 6 : explain SELECT c FROM sbtest6 WHERE id BETWEEN 742295 AND 742304 ORDER BY c
	Sort  (cost=44.19..44.22 rows=10 width=121)
	  Sort Key: c
	  ->  Index Scan using sbtest6_pkey on sbtest6  (cost=0.43..44.03 rows=10 width=121)
	        Index Cond: ((id >= 742295) AND (id <= 742304))

table 7 : explain SELECT c FROM sbtest7 WHERE id BETWEEN 3893654 AND 3893663 ORDER BY c
	Sort  (cost=40.19..40.21 rows=9 width=121)
	  Sort Key: c
	  ->  Index Scan using sbtest7_pkey on sbtest7  (cost=0.43..40.05 rows=9 width=121)
	        Index Cond: ((id >= 3893654) AND (id <= 3893663))

table 8 : explain SELECT c FROM sbtest8 WHERE id BETWEEN 162266 AND 162275 ORDER BY c
	Sort  (cost=40.27..40.29 rows=9 width=121)
	  Sort Key: c
	  ->  Index Scan using sbtest8_pkey on sbtest8  (cost=0.43..40.13 rows=9 width=121)
	        Index Cond: ((id >= 162266) AND (id <= 162275))
for: order_ranges
table 1 : explain SELECT c FROM sbtest1 WHERE id BETWEEN 3530093 AND 3530102 ORDER BY c
	Sort  (cost=40.32..40.34 rows=9 width=121)
	  Sort Key: c
	  ->  Index Scan using sbtest1_pkey on sbtest1  (cost=0.43..40.18 rows=9 width=121)
	        Index Cond: ((id >= 3530093) AND (id <= 3530102))

table 2 : explain SELECT c FROM sbtest2 WHERE id BETWEEN 7971187 AND 7971196 ORDER BY c
	Sort  (cost=48.18..48.21 rows=11 width=121)
	  Sort Key: c
	  ->  Index Scan using sbtest2_pkey on sbtest2  (cost=0.43..47.99 rows=11 width=121)
	        Index Cond: ((id >= 7971187) AND (id <= 7971196))

table 3 : explain SELECT c FROM sbtest3 WHERE id BETWEEN 9378759 AND 9378768 ORDER BY c
	Sort  (cost=48.26..48.29 rows=11 width=121)
	  Sort Key: c
	  ->  Index Scan using sbtest3_pkey on sbtest3  (cost=0.43..48.07 rows=11 width=121)
	        Index Cond: ((id >= 9378759) AND (id <= 9378768))

table 4 : explain SELECT c FROM sbtest4 WHERE id BETWEEN 8493008 AND 8493017 ORDER BY c
	Sort  (cost=48.26..48.29 rows=11 width=121)
	  Sort Key: c
	  ->  Index Scan using sbtest4_pkey on sbtest4  (cost=0.43..48.07 rows=11 width=121)
	        Index Cond: ((id >= 8493008) AND (id <= 8493017))

table 5 : explain SELECT c FROM sbtest5 WHERE id BETWEEN 7313130 AND 7313139 ORDER BY c
	Sort  (cost=44.20..44.23 rows=10 width=121)
	  Sort Key: c
	  ->  Index Scan using sbtest5_pkey on sbtest5  (cost=0.43..44.04 rows=10 width=121)
	        Index Cond: ((id >= 7313130) AND (id <= 7313139))

table 6 : explain SELECT c FROM sbtest6 WHERE id BETWEEN 9972056 AND 9972065 ORDER BY c
	Sort  (cost=44.19..44.22 rows=10 width=121)
	  Sort Key: c
	  ->  Index Scan using sbtest6_pkey on sbtest6  (cost=0.43..44.03 rows=10 width=121)
	        Index Cond: ((id >= 9972056) AND (id <= 9972065))

table 7 : explain SELECT c FROM sbtest7 WHERE id BETWEEN 2817594 AND 2817603 ORDER BY c
	Sort  (cost=44.16..44.19 rows=10 width=121)
	  Sort Key: c
	  ->  Index Scan using sbtest7_pkey on sbtest7  (cost=0.43..44.00 rows=10 width=121)
	        Index Cond: ((id >= 2817594) AND (id <= 2817603))

table 8 : explain SELECT c FROM sbtest8 WHERE id BETWEEN 3031319 AND 3031328 ORDER BY c
	Sort  (cost=44.25..44.28 rows=10 width=121)
	  Sort Key: c
	  ->  Index Scan using sbtest8_pkey on sbtest8  (cost=0.43..44.09 rows=10 width=121)
	        Index Cond: ((id >= 3031319) AND (id <= 3031328))
for: distinct_ranges
table 1 : explain SELECT DISTINCT c FROM sbtest1 WHERE id BETWEEN 5718270 AND 5718279 ORDER BY c
	Unique  (cost=44.31..44.36 rows=10 width=121)
	  ->  Sort  (cost=44.31..44.33 rows=10 width=121)
	        Sort Key: c
	        ->  Index Scan using sbtest1_pkey on sbtest1  (cost=0.43..44.14 rows=10 width=121)
	              Index Cond: ((id >= 5718270) AND (id <= 5718279))

table 2 : explain SELECT DISTINCT c FROM sbtest2 WHERE id BETWEEN 7034732 AND 7034741 ORDER BY c
	Unique  (cost=44.20..44.25 rows=10 width=121)
	  ->  Sort  (cost=44.20..44.23 rows=10 width=121)
	        Sort Key: c
	        ->  Index Scan using sbtest2_pkey on sbtest2  (cost=0.43..44.04 rows=10 width=121)
	              Index Cond: ((id >= 7034732) AND (id <= 7034741))

table 3 : explain SELECT DISTINCT c FROM sbtest3 WHERE id BETWEEN 3753121 AND 3753130 ORDER BY c
	Unique  (cost=44.28..44.33 rows=10 width=121)
	  ->  Sort  (cost=44.28..44.30 rows=10 width=121)
	        Sort Key: c
	        ->  Index Scan using sbtest3_pkey on sbtest3  (cost=0.43..44.11 rows=10 width=121)
	              Index Cond: ((id >= 3753121) AND (id <= 3753130))

table 4 : explain SELECT DISTINCT c FROM sbtest4 WHERE id BETWEEN 2132406 AND 2132415 ORDER BY c
	Unique  (cost=44.27..44.32 rows=10 width=121)
	  ->  Sort  (cost=44.27..44.30 rows=10 width=121)
	        Sort Key: c
	        ->  Index Scan using sbtest4_pkey on sbtest4  (cost=0.43..44.11 rows=10 width=121)
	              Index Cond: ((id >= 2132406) AND (id <= 2132415))

table 5 : explain SELECT DISTINCT c FROM sbtest5 WHERE id BETWEEN 8471765 AND 8471774 ORDER BY c
	Unique  (cost=44.20..44.25 rows=10 width=121)
	  ->  Sort  (cost=44.20..44.23 rows=10 width=121)
	        Sort Key: c
	        ->  Index Scan using sbtest5_pkey on sbtest5  (cost=0.43..44.04 rows=10 width=121)
	              Index Cond: ((id >= 8471765) AND (id <= 8471774))

table 6 : explain SELECT DISTINCT c FROM sbtest6 WHERE id BETWEEN 817282 AND 817291 ORDER BY c
	Unique  (cost=44.19..44.24 rows=10 width=121)
	  ->  Sort  (cost=44.19..44.22 rows=10 width=121)
	        Sort Key: c
	        ->  Index Scan using sbtest6_pkey on sbtest6  (cost=0.43..44.03 rows=10 width=121)
	              Index Cond: ((id >= 817282) AND (id <= 817291))

table 7 : explain SELECT DISTINCT c FROM sbtest7 WHERE id BETWEEN 8177440 AND 8177449 ORDER BY c
	Unique  (cost=44.16..44.21 rows=10 width=121)
	  ->  Sort  (cost=44.16..44.19 rows=10 width=121)
	        Sort Key: c
	        ->  Index Scan using sbtest7_pkey on sbtest7  (cost=0.43..44.00 rows=10 width=121)
	              Index Cond: ((id >= 8177440) AND (id <= 8177449))

table 8 : explain SELECT DISTINCT c FROM sbtest8 WHERE id BETWEEN 5573627 AND 5573636 ORDER BY c
	Unique  (cost=44.25..44.30 rows=10 width=121)
	  ->  Sort  (cost=44.25..44.28 rows=10 width=121)
	        Sort Key: c
	        ->  Index Scan using sbtest8_pkey on sbtest8  (cost=0.43..44.09 rows=10 width=121)
	              Index Cond: ((id >= 5573627) AND (id <= 5573636))



for: sum_ranges
table 1 : explain SELECT SUM(k) FROM sbtest1 WHERE id BETWEEN 8332455 AND 8332464
	Aggregate  (cost=48.13..48.14 rows=1 width=8)
	  ->  Index Scan using sbtest1_pkey on sbtest1  (cost=0.43..48.11 rows=11 width=4)
	        Index Cond: ((id >= 8332455) AND (id <= 8332464))

table 2 : explain SELECT SUM(k) FROM sbtest2 WHERE id BETWEEN 1385623 AND 1385632
	Aggregate  (cost=44.06..44.07 rows=1 width=8)
	  ->  Index Scan using sbtest2_pkey on sbtest2  (cost=0.43..44.04 rows=10 width=4)
	        Index Cond: ((id >= 1385623) AND (id <= 1385632))

table 3 : explain SELECT SUM(k) FROM sbtest3 WHERE id BETWEEN 5843414 AND 5843423
	Aggregate  (cost=44.13..44.14 rows=1 width=8)
	  ->  Index Scan using sbtest3_pkey on sbtest3  (cost=0.43..44.11 rows=10 width=4)
	        Index Cond: ((id >= 5843414) AND (id <= 5843423))

table 4 : explain SELECT SUM(k) FROM sbtest4 WHERE id BETWEEN 1655441 AND 1655450
	Aggregate  (cost=44.13..44.14 rows=1 width=8)
	  ->  Index Scan using sbtest4_pkey on sbtest4  (cost=0.43..44.11 rows=10 width=4)
	        Index Cond: ((id >= 1655441) AND (id <= 1655450))

table 5 : explain SELECT SUM(k) FROM sbtest5 WHERE id BETWEEN 1312074 AND 1312083
	Aggregate  (cost=40.11..40.12 rows=1 width=8)
	  ->  Index Scan using sbtest5_pkey on sbtest5  (cost=0.43..40.08 rows=9 width=4)
	        Index Cond: ((id >= 1312074) AND (id <= 1312083))

table 6 : explain SELECT SUM(k) FROM sbtest6 WHERE id BETWEEN 9915936 AND 9915945
	Aggregate  (cost=44.05..44.06 rows=1 width=8)
	  ->  Index Scan using sbtest6_pkey on sbtest6  (cost=0.43..44.03 rows=10 width=4)
	        Index Cond: ((id >= 9915936) AND (id <= 9915945))

table 7 : explain SELECT SUM(k) FROM sbtest7 WHERE id BETWEEN 6820466 AND 6820475
	Aggregate  (cost=44.02..44.03 rows=1 width=8)
	  ->  Index Scan using sbtest7_pkey on sbtest7  (cost=0.43..44.00 rows=10 width=4)
	        Index Cond: ((id >= 6820466) AND (id <= 6820475))

table 8 : explain SELECT SUM(k) FROM sbtest8 WHERE id BETWEEN 3688008 AND 3688017
	Aggregate  (cost=48.07..48.08 rows=1 width=8)
	  ->  Index Scan using sbtest8_pkey on sbtest8  (cost=0.43..48.04 rows=11 width=4)
	        Index Cond: ((id >= 3688008) AND (id <= 3688017))

for: sum_ranges
table 1 : explain SELECT SUM(k) FROM sbtest1 WHERE id BETWEEN 2352683 AND 2352692
	Aggregate  (cost=44.17..44.18 rows=1 width=8)
	  ->  Index Scan using sbtest1_pkey on sbtest1  (cost=0.43..44.14 rows=10 width=4)
	        Index Cond: ((id >= 2352683) AND (id <= 2352692))

table 2 : explain SELECT SUM(k) FROM sbtest2 WHERE id BETWEEN 3787513 AND 3787522
	Aggregate  (cost=48.02..48.03 rows=1 width=8)
	  ->  Index Scan using sbtest2_pkey on sbtest2  (cost=0.43..47.99 rows=11 width=4)
	        Index Cond: ((id >= 3787513) AND (id <= 3787522))

table 3 : explain SELECT SUM(k) FROM sbtest3 WHERE id BETWEEN 428815 AND 428824
	Aggregate  (cost=44.13..44.14 rows=1 width=8)
	  ->  Index Scan using sbtest3_pkey on sbtest3  (cost=0.43..44.11 rows=10 width=4)
	        Index Cond: ((id >= 428815) AND (id <= 428824))

table 4 : explain SELECT SUM(k) FROM sbtest4 WHERE id BETWEEN 4179575 AND 4179584
	Aggregate  (cost=44.13..44.14 rows=1 width=8)
	  ->  Index Scan using sbtest4_pkey on sbtest4  (cost=0.43..44.11 rows=10 width=4)
	        Index Cond: ((id >= 4179575) AND (id <= 4179584))

table 5 : explain SELECT SUM(k) FROM sbtest5 WHERE id BETWEEN 8887529 AND 8887538
	Aggregate  (cost=44.06..44.07 rows=1 width=8)
	  ->  Index Scan using sbtest5_pkey on sbtest5  (cost=0.43..44.04 rows=10 width=4)
	        Index Cond: ((id >= 8887529) AND (id <= 8887538))

table 6 : explain SELECT SUM(k) FROM sbtest6 WHERE id BETWEEN 9513901 AND 9513910
	Aggregate  (cost=44.05..44.06 rows=1 width=8)
	  ->  Index Scan using sbtest6_pkey on sbtest6  (cost=0.43..44.03 rows=10 width=4)
	        Index Cond: ((id >= 9513901) AND (id <= 9513910))

table 7 : explain SELECT SUM(k) FROM sbtest7 WHERE id BETWEEN 6574437 AND 6574446
	Aggregate  (cost=44.02..44.03 rows=1 width=8)
	  ->  Index Scan using sbtest7_pkey on sbtest7  (cost=0.43..44.00 rows=10 width=4)
	        Index Cond: ((id >= 6574437) AND (id <= 6574446))

table 8 : explain SELECT SUM(k) FROM sbtest8 WHERE id BETWEEN 6470958 AND 6470967
	Aggregate  (cost=44.11..44.12 rows=1 width=8)
	  ->  Index Scan using sbtest8_pkey on sbtest8  (cost=0.43..44.09 rows=10 width=4)
	        Index Cond: ((id >= 6470958) AND (id <= 6470967))

for: order_ranges
table 1 : explain SELECT c FROM sbtest1 WHERE id BETWEEN 8476236 AND 8476245 ORDER BY c
	Sort  (cost=44.31..44.33 rows=10 width=121)
	  Sort Key: c
	  ->  Index Scan using sbtest1_pkey on sbtest1  (cost=0.43..44.14 rows=10 width=121)
	        Index Cond: ((id >= 8476236) AND (id <= 8476245))

table 2 : explain SELECT c FROM sbtest2 WHERE id BETWEEN 6570218 AND 6570227 ORDER BY c
	Sort  (cost=48.18..48.21 rows=11 width=121)
	  Sort Key: c
	  ->  Index Scan using sbtest2_pkey on sbtest2  (cost=0.43..47.99 rows=11 width=121)
	        Index Cond: ((id >= 6570218) AND (id <= 6570227))

table 3 : explain SELECT c FROM sbtest3 WHERE id BETWEEN 5216992 AND 5217001 ORDER BY c
	Sort  (cost=44.28..44.30 rows=10 width=121)
	  Sort Key: c
	  ->  Index Scan using sbtest3_pkey on sbtest3  (cost=0.43..44.11 rows=10 width=121)
	        Index Cond: ((id >= 5216992) AND (id <= 5217001))

table 4 : explain SELECT c FROM sbtest4 WHERE id BETWEEN 6393901 AND 6393910 ORDER BY c
	Sort  (cost=48.26..48.29 rows=11 width=121)
	  Sort Key: c
	  ->  Index Scan using sbtest4_pkey on sbtest4  (cost=0.43..48.07 rows=11 width=121)
	        Index Cond: ((id >= 6393901) AND (id <= 6393910))

table 5 : explain SELECT c FROM sbtest5 WHERE id BETWEEN 3549350 AND 3549359 ORDER BY c
	Sort  (cost=44.20..44.23 rows=10 width=121)
	  Sort Key: c
	  ->  Index Scan using sbtest5_pkey on sbtest5  (cost=0.43..44.04 rows=10 width=121)
	        Index Cond: ((id >= 3549350) AND (id <= 3549359))

table 6 : explain SELECT c FROM sbtest6 WHERE id BETWEEN 7077464 AND 7077473 ORDER BY c
	Sort  (cost=44.19..44.22 rows=10 width=121)
	  Sort Key: c
	  ->  Index Scan using sbtest6_pkey on sbtest6  (cost=0.43..44.03 rows=10 width=121)
	        Index Cond: ((id >= 7077464) AND (id <= 7077473))

table 7 : explain SELECT c FROM sbtest7 WHERE id BETWEEN 2063318 AND 2063327 ORDER BY c
	Sort  (cost=48.14..48.16 rows=11 width=121)
	  Sort Key: c
	  ->  Index Scan using sbtest7_pkey on sbtest7  (cost=0.43..47.95 rows=11 width=121)
	        Index Cond: ((id >= 2063318) AND (id <= 2063327))

table 8 : explain SELECT c FROM sbtest8 WHERE id BETWEEN 875610 AND 875619 ORDER BY c
	Sort  (cost=44.25..44.28 rows=10 width=121)
	  Sort Key: c
	  ->  Index Scan using sbtest8_pkey on sbtest8  (cost=0.43..44.09 rows=10 width=121)
	        Index Cond: ((id >= 875610) AND (id <= 875619))

for: sum_ranges
table 1 : explain SELECT SUM(k) FROM sbtest1 WHERE id BETWEEN 1592975 AND 1592984
	Aggregate  (cost=44.17..44.18 rows=1 width=8)
	  ->  Index Scan using sbtest1_pkey on sbtest1  (cost=0.43..44.14 rows=10 width=4)
	        Index Cond: ((id >= 1592975) AND (id <= 1592984))

table 2 : explain SELECT SUM(k) FROM sbtest2 WHERE id BETWEEN 1493 AND 1502
	Aggregate  (cost=44.06..44.07 rows=1 width=8)
	  ->  Index Scan using sbtest2_pkey on sbtest2  (cost=0.43..44.04 rows=10 width=4)
	        Index Cond: ((id >= 1493) AND (id <= 1502))

table 3 : explain SELECT SUM(k) FROM sbtest3 WHERE id BETWEEN 3303787 AND 3303796
	Aggregate  (cost=40.17..40.18 rows=1 width=8)
	  ->  Index Scan using sbtest3_pkey on sbtest3  (cost=0.43..40.15 rows=9 width=4)
	        Index Cond: ((id >= 3303787) AND (id <= 3303796))

table 4 : explain SELECT SUM(k) FROM sbtest4 WHERE id BETWEEN 7356267 AND 7356276
	Aggregate  (cost=40.17..40.18 rows=1 width=8)
	  ->  Index Scan using sbtest4_pkey on sbtest4  (cost=0.43..40.15 rows=9 width=4)
	        Index Cond: ((id >= 7356267) AND (id <= 7356276))

table 5 : explain SELECT SUM(k) FROM sbtest5 WHERE id BETWEEN 9310684 AND 9310693
	Aggregate  (cost=44.06..44.07 rows=1 width=8)
	  ->  Index Scan using sbtest5_pkey on sbtest5  (cost=0.43..44.04 rows=10 width=4)
	        Index Cond: ((id >= 9310684) AND (id <= 9310693))

table 6 : explain SELECT SUM(k) FROM sbtest6 WHERE id BETWEEN 3014947 AND 3014956
	Aggregate  (cost=48.01..48.02 rows=1 width=8)
	  ->  Index Scan using sbtest6_pkey on sbtest6  (cost=0.43..47.98 rows=11 width=4)
	        Index Cond: ((id >= 3014947) AND (id <= 3014956))

table 7 : explain SELECT SUM(k) FROM sbtest7 WHERE id BETWEEN 3404961 AND 3404970
	Aggregate  (cost=47.97..47.98 rows=1 width=8)
	  ->  Index Scan using sbtest7_pkey on sbtest7  (cost=0.43..47.95 rows=11 width=4)
	        Index Cond: ((id >= 3404961) AND (id <= 3404970))

table 8 : explain SELECT SUM(k) FROM sbtest8 WHERE id BETWEEN 7734001 AND 7734010
	Aggregate  (cost=48.07..48.08 rows=1 width=8)
	  ->  Index Scan using sbtest8_pkey on sbtest8  (cost=0.43..48.04 rows=11 width=4)
	        Index Cond: ((id >= 7734001) AND (id <= 7734010))

for: sum_ranges
table 1 : explain SELECT SUM(k) FROM sbtest1 WHERE id BETWEEN 6600145 AND 6600154
	Aggregate  (cost=48.13..48.14 rows=1 width=8)
	  ->  Index Scan using sbtest1_pkey on sbtest1  (cost=0.43..48.11 rows=11 width=4)
	        Index Cond: ((id >= 6600145) AND (id <= 6600154))

table 2 : explain SELECT SUM(k) FROM sbtest2 WHERE id BETWEEN 7083773 AND 7083782
	Aggregate  (cost=44.06..44.07 rows=1 width=8)
	  ->  Index Scan using sbtest2_pkey on sbtest2  (cost=0.43..44.04 rows=10 width=4)
	        Index Cond: ((id >= 7083773) AND (id <= 7083782))

table 3 : explain SELECT SUM(k) FROM sbtest3 WHERE id BETWEEN 5773463 AND 5773472
	Aggregate  (cost=40.17..40.18 rows=1 width=8)
	  ->  Index Scan using sbtest3_pkey on sbtest3  (cost=0.43..40.15 rows=9 width=4)
	        Index Cond: ((id >= 5773463) AND (id <= 5773472))

table 4 : explain SELECT SUM(k) FROM sbtest4 WHERE id BETWEEN 6387139 AND 6387148
	Aggregate  (cost=48.10..48.11 rows=1 width=8)
	  ->  Index Scan using sbtest4_pkey on sbtest4  (cost=0.43..48.07 rows=11 width=4)
	        Index Cond: ((id >= 6387139) AND (id <= 6387148))

table 5 : explain SELECT SUM(k) FROM sbtest5 WHERE id BETWEEN 941200 AND 941209
	Aggregate  (cost=44.06..44.07 rows=1 width=8)
	  ->  Index Scan using sbtest5_pkey on sbtest5  (cost=0.43..44.04 rows=10 width=4)
	        Index Cond: ((id >= 941200) AND (id <= 941209))

table 6 : explain SELECT SUM(k) FROM sbtest6 WHERE id BETWEEN 3628313 AND 3628322
	Aggregate  (cost=40.10..40.11 rows=1 width=8)
	  ->  Index Scan using sbtest6_pkey on sbtest6  (cost=0.43..40.08 rows=9 width=4)
	        Index Cond: ((id >= 3628313) AND (id <= 3628322))

table 7 : explain SELECT SUM(k) FROM sbtest7 WHERE id BETWEEN 3184422 AND 3184431
	Aggregate  (cost=44.02..44.03 rows=1 width=8)
	  ->  Index Scan using sbtest7_pkey on sbtest7  (cost=0.43..44.00 rows=10 width=4)
	        Index Cond: ((id >= 3184422) AND (id <= 3184431))

table 8 : explain SELECT SUM(k) FROM sbtest8 WHERE id BETWEEN 6077290 AND 6077299
	Aggregate  (cost=48.07..48.08 rows=1 width=8)
	  ->  Index Scan using sbtest8_pkey on sbtest8  (cost=0.43..48.04 rows=11 width=4)
	        Index Cond: ((id >= 6077290) AND (id <= 6077299))

for: sum_ranges
table 1 : explain SELECT SUM(k) FROM sbtest1 WHERE id BETWEEN 3085536 AND 3085545
	Aggregate  (cost=44.17..44.18 rows=1 width=8)
	  ->  Index Scan using sbtest1_pkey on sbtest1  (cost=0.43..44.14 rows=10 width=4)
	        Index Cond: ((id >= 3085536) AND (id <= 3085545))

table 2 : explain SELECT SUM(k) FROM sbtest2 WHERE id BETWEEN 7550828 AND 7550837
	Aggregate  (cost=48.02..48.03 rows=1 width=8)
	  ->  Index Scan using sbtest2_pkey on sbtest2  (cost=0.43..47.99 rows=11 width=4)
	        Index Cond: ((id >= 7550828) AND (id <= 7550837))

table 3 : explain SELECT SUM(k) FROM sbtest3 WHERE id BETWEEN 5298971 AND 5298980
	Aggregate  (cost=44.13..44.14 rows=1 width=8)
	  ->  Index Scan using sbtest3_pkey on sbtest3  (cost=0.43..44.11 rows=10 width=4)
	        Index Cond: ((id >= 5298971) AND (id <= 5298980))

table 4 : explain SELECT SUM(k) FROM sbtest4 WHERE id BETWEEN 7104124 AND 7104133
	Aggregate  (cost=44.13..44.14 rows=1 width=8)
	  ->  Index Scan using sbtest4_pkey on sbtest4  (cost=0.43..44.11 rows=10 width=4)
	        Index Cond: ((id >= 7104124) AND (id <= 7104133))

table 5 : explain SELECT SUM(k) FROM sbtest5 WHERE id BETWEEN 1370894 AND 1370903
	Aggregate  (cost=48.02..48.03 rows=1 width=8)
	  ->  Index Scan using sbtest5_pkey on sbtest5  (cost=0.43..47.99 rows=11 width=4)
	        Index Cond: ((id >= 1370894) AND (id <= 1370903))

table 6 : explain SELECT SUM(k) FROM sbtest6 WHERE id BETWEEN 2963097 AND 2963106
	Aggregate  (cost=48.01..48.02 rows=1 width=8)
	  ->  Index Scan using sbtest6_pkey on sbtest6  (cost=0.43..47.98 rows=11 width=4)
	        Index Cond: ((id >= 2963097) AND (id <= 2963106))

table 7 : explain SELECT SUM(k) FROM sbtest7 WHERE id BETWEEN 1598897 AND 1598906
	Aggregate  (cost=40.07..40.08 rows=1 width=8)
	  ->  Index Scan using sbtest7_pkey on sbtest7  (cost=0.43..40.05 rows=9 width=4)
	        Index Cond: ((id >= 1598897) AND (id <= 1598906))

table 8 : explain SELECT SUM(k) FROM sbtest8 WHERE id BETWEEN 4966354 AND 4966363
	Aggregate  (cost=44.11..44.12 rows=1 width=8)
	  ->  Index Scan using sbtest8_pkey on sbtest8  (cost=0.43..44.09 rows=10 width=4)
	        Index Cond: ((id >= 4966354) AND (id <= 4966363))
for: distinct_ranges
table 1 : explain SELECT DISTINCT c FROM sbtest1 WHERE id BETWEEN 6098019 AND 6098028 ORDER BY c
	Unique  (cost=40.32..40.36 rows=9 width=121)
	  ->  Sort  (cost=40.32..40.34 rows=9 width=121)
	        Sort Key: c
	        ->  Index Scan using sbtest1_pkey on sbtest1  (cost=0.43..40.18 rows=9 width=121)
	              Index Cond: ((id >= 6098019) AND (id <= 6098028))

table 2 : explain SELECT DISTINCT c FROM sbtest2 WHERE id BETWEEN 3757745 AND 3757754 ORDER BY c
	Unique  (cost=44.20..44.25 rows=10 width=121)
	  ->  Sort  (cost=44.20..44.23 rows=10 width=121)
	        Sort Key: c
	        ->  Index Scan using sbtest2_pkey on sbtest2  (cost=0.43..44.04 rows=10 width=121)
	              Index Cond: ((id >= 3757745) AND (id <= 3757754))

table 3 : explain SELECT DISTINCT c FROM sbtest3 WHERE id BETWEEN 8750408 AND 8750417 ORDER BY c
	Unique  (cost=44.28..44.33 rows=10 width=121)
	  ->  Sort  (cost=44.28..44.30 rows=10 width=121)
	        Sort Key: c
	        ->  Index Scan using sbtest3_pkey on sbtest3  (cost=0.43..44.11 rows=10 width=121)
	              Index Cond: ((id >= 8750408) AND (id <= 8750417))

table 4 : explain SELECT DISTINCT c FROM sbtest4 WHERE id BETWEEN 3029538 AND 3029547 ORDER BY c
	Unique  (cost=44.27..44.32 rows=10 width=121)
	  ->  Sort  (cost=44.27..44.30 rows=10 width=121)
	        Sort Key: c
	        ->  Index Scan using sbtest4_pkey on sbtest4  (cost=0.43..44.11 rows=10 width=121)
	              Index Cond: ((id >= 3029538) AND (id <= 3029547))

table 5 : explain SELECT DISTINCT c FROM sbtest5 WHERE id BETWEEN 9848958 AND 9848967 ORDER BY c
	Unique  (cost=44.20..44.25 rows=10 width=121)
	  ->  Sort  (cost=44.20..44.23 rows=10 width=121)
	        Sort Key: c
	        ->  Index Scan using sbtest5_pkey on sbtest5  (cost=0.43..44.04 rows=10 width=121)
	              Index Cond: ((id >= 9848958) AND (id <= 9848967))

table 6 : explain SELECT DISTINCT c FROM sbtest6 WHERE id BETWEEN 5494237 AND 5494246 ORDER BY c
	Unique  (cost=44.19..44.24 rows=10 width=121)
	  ->  Sort  (cost=44.19..44.22 rows=10 width=121)
	        Sort Key: c
	        ->  Index Scan using sbtest6_pkey on sbtest6  (cost=0.43..44.03 rows=10 width=121)
	              Index Cond: ((id >= 5494237) AND (id <= 5494246))

table 7 : explain SELECT DISTINCT c FROM sbtest7 WHERE id BETWEEN 6833517 AND 6833526 ORDER BY c
	Unique  (cost=44.16..44.21 rows=10 width=121)
	  ->  Sort  (cost=44.16..44.19 rows=10 width=121)
	        Sort Key: c
	        ->  Index Scan using sbtest7_pkey on sbtest7  (cost=0.43..44.00 rows=10 width=121)
	              Index Cond: ((id >= 6833517) AND (id <= 6833526))

table 8 : explain SELECT DISTINCT c FROM sbtest8 WHERE id BETWEEN 7700731 AND 7700740 ORDER BY c
	Unique  (cost=48.23..48.29 rows=11 width=121)
	  ->  Sort  (cost=48.23..48.26 rows=11 width=121)
	        Sort Key: c
	        ->  Index Scan using sbtest8_pkey on sbtest8  (cost=0.43..48.04 rows=11 width=121)
	              Index Cond: ((id >= 7700731) AND (id <= 7700740))


for: distinct_ranges
table 1 : explain SELECT DISTINCT c FROM sbtest1 WHERE id BETWEEN 1418724 AND 1418733 ORDER BY c
	Unique  (cost=40.32..40.36 rows=9 width=121)
	  ->  Sort  (cost=40.32..40.34 rows=9 width=121)
	        Sort Key: c
	        ->  Index Scan using sbtest1_pkey on sbtest1  (cost=0.43..40.18 rows=9 width=121)
	              Index Cond: ((id >= 1418724) AND (id <= 1418733))

table 2 : explain SELECT DISTINCT c FROM sbtest2 WHERE id BETWEEN 5713097 AND 5713106 ORDER BY c
	Unique  (cost=44.20..44.25 rows=10 width=121)
	  ->  Sort  (cost=44.20..44.23 rows=10 width=121)
	        Sort Key: c
	        ->  Index Scan using sbtest2_pkey on sbtest2  (cost=0.43..44.04 rows=10 width=121)
	              Index Cond: ((id >= 5713097) AND (id <= 5713106))

table 3 : explain SELECT DISTINCT c FROM sbtest3 WHERE id BETWEEN 2599756 AND 2599765 ORDER BY c
	Unique  (cost=44.28..44.33 rows=10 width=121)
	  ->  Sort  (cost=44.28..44.30 rows=10 width=121)
	        Sort Key: c
	        ->  Index Scan using sbtest3_pkey on sbtest3  (cost=0.43..44.11 rows=10 width=121)
	              Index Cond: ((id >= 2599756) AND (id <= 2599765))

table 4 : explain SELECT DISTINCT c FROM sbtest4 WHERE id BETWEEN 789948 AND 789957 ORDER BY c
	Unique  (cost=44.27..44.32 rows=10 width=121)
	  ->  Sort  (cost=44.27..44.30 rows=10 width=121)
	        Sort Key: c
	        ->  Index Scan using sbtest4_pkey on sbtest4  (cost=0.43..44.11 rows=10 width=121)
	              Index Cond: ((id >= 789948) AND (id <= 789957))

table 5 : explain SELECT DISTINCT c FROM sbtest5 WHERE id BETWEEN 5776650 AND 5776659 ORDER BY c
	Unique  (cost=40.23..40.27 rows=9 width=121)
	  ->  Sort  (cost=40.23..40.25 rows=9 width=121)
	        Sort Key: c
	        ->  Index Scan using sbtest5_pkey on sbtest5  (cost=0.43..40.08 rows=9 width=121)
	              Index Cond: ((id >= 5776650) AND (id <= 5776659))

table 6 : explain SELECT DISTINCT c FROM sbtest6 WHERE id BETWEEN 6417201 AND 6417210 ORDER BY c
	Unique  (cost=44.19..44.24 rows=10 width=121)
	  ->  Sort  (cost=44.19..44.22 rows=10 width=121)
	        Sort Key: c
	        ->  Index Scan using sbtest6_pkey on sbtest6  (cost=0.43..44.03 rows=10 width=121)
	              Index Cond: ((id >= 6417201) AND (id <= 6417210))

table 7 : explain SELECT DISTINCT c FROM sbtest7 WHERE id BETWEEN 7699900 AND 7699909 ORDER BY c
	Unique  (cost=40.19..40.24 rows=9 width=121)
	  ->  Sort  (cost=40.19..40.21 rows=9 width=121)
	        Sort Key: c
	        ->  Index Scan using sbtest7_pkey on sbtest7  (cost=0.43..40.05 rows=9 width=121)
	              Index Cond: ((id >= 7699900) AND (id <= 7699909))

table 8 : explain SELECT DISTINCT c FROM sbtest8 WHERE id BETWEEN 5117105 AND 5117114 ORDER BY c
	Unique  (cost=44.25..44.30 rows=10 width=121)
	  ->  Sort  (cost=44.25..44.28 rows=10 width=121)
	        Sort Key: c
	        ->  Index Scan using sbtest8_pkey on sbtest8  (cost=0.43..44.09 rows=10 width=121)
	              Index Cond: ((id >= 5117105) AND (id <= 5117114))

for: order_ranges
table 1 : explain SELECT c FROM sbtest1 WHERE id BETWEEN 9123952 AND 9123961 ORDER BY c
	Sort  (cost=44.31..44.33 rows=10 width=121)
	  Sort Key: c
	  ->  Index Scan using sbtest1_pkey on sbtest1  (cost=0.43..44.14 rows=10 width=121)
	        Index Cond: ((id >= 9123952) AND (id <= 9123961))

table 2 : explain SELECT c FROM sbtest2 WHERE id BETWEEN 7921079 AND 7921088 ORDER BY c
	Sort  (cost=48.18..48.21 rows=11 width=121)
	  Sort Key: c
	  ->  Index Scan using sbtest2_pkey on sbtest2  (cost=0.43..47.99 rows=11 width=121)
	        Index Cond: ((id >= 7921079) AND (id <= 7921088))

table 3 : explain SELECT c FROM sbtest3 WHERE id BETWEEN 9951920 AND 9951929 ORDER BY c
	Sort  (cost=40.29..40.31 rows=9 width=121)
	  Sort Key: c
	  ->  Index Scan using sbtest3_pkey on sbtest3  (cost=0.43..40.15 rows=9 width=121)
	        Index Cond: ((id >= 9951920) AND (id <= 9951929))

table 4 : explain SELECT c FROM sbtest4 WHERE id BETWEEN 5864166 AND 5864175 ORDER BY c
	Sort  (cost=44.27..44.30 rows=10 width=121)
	  Sort Key: c
	  ->  Index Scan using sbtest4_pkey on sbtest4  (cost=0.43..44.11 rows=10 width=121)
	        Index Cond: ((id >= 5864166) AND (id <= 5864175))

table 5 : explain SELECT c FROM sbtest5 WHERE id BETWEEN 7284257 AND 7284266 ORDER BY c
	Sort  (cost=44.20..44.23 rows=10 width=121)
	  Sort Key: c
	  ->  Index Scan using sbtest5_pkey on sbtest5  (cost=0.43..44.04 rows=10 width=121)
	        Index Cond: ((id >= 7284257) AND (id <= 7284266))

table 6 : explain SELECT c FROM sbtest6 WHERE id BETWEEN 1339539 AND 1339548 ORDER BY c
	Sort  (cost=44.19..44.22 rows=10 width=121)
	  Sort Key: c
	  ->  Index Scan using sbtest6_pkey on sbtest6  (cost=0.43..44.03 rows=10 width=121)
	        Index Cond: ((id >= 1339539) AND (id <= 1339548))

table 7 : explain SELECT c FROM sbtest7 WHERE id BETWEEN 3784648 AND 3784657 ORDER BY c
	Sort  (cost=44.16..44.19 rows=10 width=121)
	  Sort Key: c
	  ->  Index Scan using sbtest7_pkey on sbtest7  (cost=0.43..44.00 rows=10 width=121)
	        Index Cond: ((id >= 3784648) AND (id <= 3784657))

table 8 : explain SELECT c FROM sbtest8 WHERE id BETWEEN 6558493 AND 6558502 ORDER BY c
	Sort  (cost=44.25..44.28 rows=10 width=121)
	  Sort Key: c
	  ->  Index Scan using sbtest8_pkey on sbtest8  (cost=0.43..44.09 rows=10 width=121)
	        Index Cond: ((id >= 6558493) AND (id <= 6558502))

for: order_ranges
table 1 : explain SELECT c FROM sbtest1 WHERE id BETWEEN 3412543 AND 3412552 ORDER BY c
	Sort  (cost=44.31..44.33 rows=10 width=121)
	  Sort Key: c
	  ->  Index Scan using sbtest1_pkey on sbtest1  (cost=0.43..44.14 rows=10 width=121)
	        Index Cond: ((id >= 3412543) AND (id <= 3412552))

table 2 : explain SELECT c FROM sbtest2 WHERE id BETWEEN 7888426 AND 7888435 ORDER BY c
	Sort  (cost=44.20..44.23 rows=10 width=121)
	  Sort Key: c
	  ->  Index Scan using sbtest2_pkey on sbtest2  (cost=0.43..44.04 rows=10 width=121)
	        Index Cond: ((id >= 7888426) AND (id <= 7888435))

table 3 : explain SELECT c FROM sbtest3 WHERE id BETWEEN 9127626 AND 9127635 ORDER BY c
	Sort  (cost=44.28..44.30 rows=10 width=121)
	  Sort Key: c
	  ->  Index Scan using sbtest3_pkey on sbtest3  (cost=0.43..44.11 rows=10 width=121)
	        Index Cond: ((id >= 9127626) AND (id <= 9127635))

table 4 : explain SELECT c FROM sbtest4 WHERE id BETWEEN 9401090 AND 9401099 ORDER BY c
	Sort  (cost=44.27..44.30 rows=10 width=121)
	  Sort Key: c
	  ->  Index Scan using sbtest4_pkey on sbtest4  (cost=0.43..44.11 rows=10 width=121)
	        Index Cond: ((id >= 9401090) AND (id <= 9401099))

table 5 : explain SELECT c FROM sbtest5 WHERE id BETWEEN 307532 AND 307541 ORDER BY c
	Sort  (cost=44.20..44.23 rows=10 width=121)
	  Sort Key: c
	  ->  Index Scan using sbtest5_pkey on sbtest5  (cost=0.43..44.04 rows=10 width=121)
	        Index Cond: ((id >= 307532) AND (id <= 307541))

table 6 : explain SELECT c FROM sbtest6 WHERE id BETWEEN 8722565 AND 8722574 ORDER BY c
	Sort  (cost=48.17..48.20 rows=11 width=121)
	  Sort Key: c
	  ->  Index Scan using sbtest6_pkey on sbtest6  (cost=0.43..47.98 rows=11 width=121)
	        Index Cond: ((id >= 8722565) AND (id <= 8722574))

table 7 : explain SELECT c FROM sbtest7 WHERE id BETWEEN 7882993 AND 7883002 ORDER BY c
	Sort  (cost=44.16..44.19 rows=10 width=121)
	  Sort Key: c
	  ->  Index Scan using sbtest7_pkey on sbtest7  (cost=0.43..44.00 rows=10 width=121)
	        Index Cond: ((id >= 7882993) AND (id <= 7883002))

table 8 : explain SELECT c FROM sbtest8 WHERE id BETWEEN 8284736 AND 8284745 ORDER BY c
	Sort  (cost=44.25..44.28 rows=10 width=121)
	  Sort Key: c
	  ->  Index Scan using sbtest8_pkey on sbtest8  (cost=0.43..44.09 rows=10 width=121)
	        Index Cond: ((id >= 8284736) AND (id <= 8284745))

for: sum_ranges
table 1 : explain SELECT SUM(k) FROM sbtest1 WHERE id BETWEEN 6707765 AND 6707774
	Aggregate  (cost=44.17..44.18 rows=1 width=8)
	  ->  Index Scan using sbtest1_pkey on sbtest1  (cost=0.43..44.14 rows=10 width=4)
	        Index Cond: ((id >= 6707765) AND (id <= 6707774))

table 2 : explain SELECT SUM(k) FROM sbtest2 WHERE id BETWEEN 8486492 AND 8486501
	Aggregate  (cost=40.11..40.12 rows=1 width=8)
	  ->  Index Scan using sbtest2_pkey on sbtest2  (cost=0.43..40.08 rows=9 width=4)
	        Index Cond: ((id >= 8486492) AND (id <= 8486501))

table 3 : explain SELECT SUM(k) FROM sbtest3 WHERE id BETWEEN 4939517 AND 4939526
	Aggregate  (cost=48.10..48.11 rows=1 width=8)
	  ->  Index Scan using sbtest3_pkey on sbtest3  (cost=0.43..48.07 rows=11 width=4)
	        Index Cond: ((id >= 4939517) AND (id <= 4939526))

table 4 : explain SELECT SUM(k) FROM sbtest4 WHERE id BETWEEN 1047206 AND 1047215
	Aggregate  (cost=44.13..44.14 rows=1 width=8)
	  ->  Index Scan using sbtest4_pkey on sbtest4  (cost=0.43..44.11 rows=10 width=4)
	        Index Cond: ((id >= 1047206) AND (id <= 1047215))

table 5 : explain SELECT SUM(k) FROM sbtest5 WHERE id BETWEEN 6924385 AND 6924394
	Aggregate  (cost=44.06..44.07 rows=1 width=8)
	  ->  Index Scan using sbtest5_pkey on sbtest5  (cost=0.43..44.04 rows=10 width=4)
	        Index Cond: ((id >= 6924385) AND (id <= 6924394))

table 6 : explain SELECT SUM(k) FROM sbtest6 WHERE id BETWEEN 1221314 AND 1221323
	Aggregate  (cost=44.05..44.06 rows=1 width=8)
	  ->  Index Scan using sbtest6_pkey on sbtest6  (cost=0.43..44.03 rows=10 width=4)
	        Index Cond: ((id >= 1221314) AND (id <= 1221323))

table 7 : explain SELECT SUM(k) FROM sbtest7 WHERE id BETWEEN 4208332 AND 4208341
	Aggregate  (cost=44.02..44.03 rows=1 width=8)
	  ->  Index Scan using sbtest7_pkey on sbtest7  (cost=0.43..44.00 rows=10 width=4)
	        Index Cond: ((id >= 4208332) AND (id <= 4208341))

table 8 : explain SELECT SUM(k) FROM sbtest8 WHERE id BETWEEN 9446966 AND 9446975
	Aggregate  (cost=44.11..44.12 rows=1 width=8)
	  ->  Index Scan using sbtest8_pkey on sbtest8  (cost=0.43..44.09 rows=10 width=4)
	        Index Cond: ((id >= 9446966) AND (id <= 9446975))

for: sum_ranges
table 1 : explain SELECT SUM(k) FROM sbtest1 WHERE id BETWEEN 9461076 AND 9461085
	Aggregate  (cost=44.17..44.18 rows=1 width=8)
	  ->  Index Scan using sbtest1_pkey on sbtest1  (cost=0.43..44.14 rows=10 width=4)
	        Index Cond: ((id >= 9461076) AND (id <= 9461085))

table 2 : explain SELECT SUM(k) FROM sbtest2 WHERE id BETWEEN 1484400 AND 1484409
	Aggregate  (cost=48.02..48.03 rows=1 width=8)
	  ->  Index Scan using sbtest2_pkey on sbtest2  (cost=0.43..47.99 rows=11 width=4)
	        Index Cond: ((id >= 1484400) AND (id <= 1484409))

table 3 : explain SELECT SUM(k) FROM sbtest3 WHERE id BETWEEN 9380625 AND 9380634
	Aggregate  (cost=48.10..48.11 rows=1 width=8)
	  ->  Index Scan using sbtest3_pkey on sbtest3  (cost=0.43..48.07 rows=11 width=4)
	        Index Cond: ((id >= 9380625) AND (id <= 9380634))

table 4 : explain SELECT SUM(k) FROM sbtest4 WHERE id BETWEEN 2403830 AND 2403839
	Aggregate  (cost=44.13..44.14 rows=1 width=8)
	  ->  Index Scan using sbtest4_pkey on sbtest4  (cost=0.43..44.11 rows=10 width=4)
	        Index Cond: ((id >= 2403830) AND (id <= 2403839))

table 5 : explain SELECT SUM(k) FROM sbtest5 WHERE id BETWEEN 1660354 AND 1660363
	Aggregate  (cost=44.06..44.07 rows=1 width=8)
	  ->  Index Scan using sbtest5_pkey on sbtest5  (cost=0.43..44.04 rows=10 width=4)
	        Index Cond: ((id >= 1660354) AND (id <= 1660363))

table 6 : explain SELECT SUM(k) FROM sbtest6 WHERE id BETWEEN 5813706 AND 5813715
	Aggregate  (cost=48.01..48.02 rows=1 width=8)
	  ->  Index Scan using sbtest6_pkey on sbtest6  (cost=0.43..47.98 rows=11 width=4)
	        Index Cond: ((id >= 5813706) AND (id <= 5813715))

table 7 : explain SELECT SUM(k) FROM sbtest7 WHERE id BETWEEN 1866388 AND 1866397
	Aggregate  (cost=44.02..44.03 rows=1 width=8)
	  ->  Index Scan using sbtest7_pkey on sbtest7  (cost=0.43..44.00 rows=10 width=4)
	        Index Cond: ((id >= 1866388) AND (id <= 1866397))

table 8 : explain SELECT SUM(k) FROM sbtest8 WHERE id BETWEEN 5252762 AND 5252771
	Aggregate  (cost=44.11..44.12 rows=1 width=8)
	  ->  Index Scan using sbtest8_pkey on sbtest8  (cost=0.43..44.09 rows=10 width=4)
	        Index Cond: ((id >= 5252762) AND (id <= 5252771))

for: sum_ranges
table 1 : explain SELECT SUM(k) FROM sbtest1 WHERE id BETWEEN 4710005 AND 4710014
	Aggregate  (cost=44.17..44.18 rows=1 width=8)
	  ->  Index Scan using sbtest1_pkey on sbtest1  (cost=0.43..44.14 rows=10 width=4)
	        Index Cond: ((id >= 4710005) AND (id <= 4710014))

table 2 : explain SELECT SUM(k) FROM sbtest2 WHERE id BETWEEN 8280098 AND 8280107
	Aggregate  (cost=44.06..44.07 rows=1 width=8)
	  ->  Index Scan using sbtest2_pkey on sbtest2  (cost=0.43..44.04 rows=10 width=4)
	        Index Cond: ((id >= 8280098) AND (id <= 8280107))

table 3 : explain SELECT SUM(k) FROM sbtest3 WHERE id BETWEEN 6758746 AND 6758755
	Aggregate  (cost=44.13..44.14 rows=1 width=8)
	  ->  Index Scan using sbtest3_pkey on sbtest3  (cost=0.43..44.11 rows=10 width=4)
	        Index Cond: ((id >= 6758746) AND (id <= 6758755))

table 4 : explain SELECT SUM(k) FROM sbtest4 WHERE id BETWEEN 9676237 AND 9676246
	Aggregate  (cost=44.13..44.14 rows=1 width=8)
	  ->  Index Scan using sbtest4_pkey on sbtest4  (cost=0.43..44.11 rows=10 width=4)
	        Index Cond: ((id >= 9676237) AND (id <= 9676246))

table 5 : explain SELECT SUM(k) FROM sbtest5 WHERE id BETWEEN 5063291 AND 5063300
	Aggregate  (cost=44.06..44.07 rows=1 width=8)
	  ->  Index Scan using sbtest5_pkey on sbtest5  (cost=0.43..44.04 rows=10 width=4)
	        Index Cond: ((id >= 5063291) AND (id <= 5063300))

table 6 : explain SELECT SUM(k) FROM sbtest6 WHERE id BETWEEN 2711641 AND 2711650
	Aggregate  (cost=44.05..44.06 rows=1 width=8)
	  ->  Index Scan using sbtest6_pkey on sbtest6  (cost=0.43..44.03 rows=10 width=4)
	        Index Cond: ((id >= 2711641) AND (id <= 2711650))

table 7 : explain SELECT SUM(k) FROM sbtest7 WHERE id BETWEEN 5119672 AND 5119681
	Aggregate  (cost=44.02..44.03 rows=1 width=8)
	  ->  Index Scan using sbtest7_pkey on sbtest7  (cost=0.43..44.00 rows=10 width=4)
	        Index Cond: ((id >= 5119672) AND (id <= 5119681))

table 8 : explain SELECT SUM(k) FROM sbtest8 WHERE id BETWEEN 5235526 AND 5235535
	Aggregate  (cost=44.11..44.12 rows=1 width=8)
	  ->  Index Scan using sbtest8_pkey on sbtest8  (cost=0.43..44.09 rows=10 width=4)
	        Index Cond: ((id >= 5235526) AND (id <= 5235535))

for: order_ranges
table 1 : explain SELECT c FROM sbtest1 WHERE id BETWEEN 8546729 AND 8546738 ORDER BY c
	Sort  (cost=44.31..44.33 rows=10 width=121)
	  Sort Key: c
	  ->  Index Scan using sbtest1_pkey on sbtest1  (cost=0.43..44.14 rows=10 width=121)
	        Index Cond: ((id >= 8546729) AND (id <= 8546738))

table 2 : explain SELECT c FROM sbtest2 WHERE id BETWEEN 1002672 AND 1002681 ORDER BY c
	Sort  (cost=44.20..44.23 rows=10 width=121)
	  Sort Key: c
	  ->  Index Scan using sbtest2_pkey on sbtest2  (cost=0.43..44.04 rows=10 width=121)
	        Index Cond: ((id >= 1002672) AND (id <= 1002681))

table 3 : explain SELECT c FROM sbtest3 WHERE id BETWEEN 4309508 AND 4309517 ORDER BY c
	Sort  (cost=48.26..48.29 rows=11 width=121)
	  Sort Key: c
	  ->  Index Scan using sbtest3_pkey on sbtest3  (cost=0.43..48.07 rows=11 width=121)
	        Index Cond: ((id >= 4309508) AND (id <= 4309517))

table 4 : explain SELECT c FROM sbtest4 WHERE id BETWEEN 5641220 AND 5641229 ORDER BY c
	Sort  (cost=48.26..48.29 rows=11 width=121)
	  Sort Key: c
	  ->  Index Scan using sbtest4_pkey on sbtest4  (cost=0.43..48.07 rows=11 width=121)
	        Index Cond: ((id >= 5641220) AND (id <= 5641229))

table 5 : explain SELECT c FROM sbtest5 WHERE id BETWEEN 9232295 AND 9232304 ORDER BY c
	Sort  (cost=40.23..40.25 rows=9 width=121)
	  Sort Key: c
	  ->  Index Scan using sbtest5_pkey on sbtest5  (cost=0.43..40.08 rows=9 width=121)
	        Index Cond: ((id >= 9232295) AND (id <= 9232304))

table 6 : explain SELECT c FROM sbtest6 WHERE id BETWEEN 8345392 AND 8345401 ORDER BY c
	Sort  (cost=48.17..48.20 rows=11 width=121)
	  Sort Key: c
	  ->  Index Scan using sbtest6_pkey on sbtest6  (cost=0.43..47.98 rows=11 width=121)
	        Index Cond: ((id >= 8345392) AND (id <= 8345401))

table 7 : explain SELECT c FROM sbtest7 WHERE id BETWEEN 9612789 AND 9612798 ORDER BY c
	Sort  (cost=44.16..44.19 rows=10 width=121)
	  Sort Key: c
	  ->  Index Scan using sbtest7_pkey on sbtest7  (cost=0.43..44.00 rows=10 width=121)
	        Index Cond: ((id >= 9612789) AND (id <= 9612798))

table 8 : explain SELECT c FROM sbtest8 WHERE id BETWEEN 3889353 AND 3889362 ORDER BY c
	Sort  (cost=52.22..52.25 rows=12 width=121)
	  Sort Key: c
	  ->  Index Scan using sbtest8_pkey on sbtest8  (cost=0.43..52.00 rows=12 width=121)
	        Index Cond: ((id >= 3889353) AND (id <= 3889362))

for: distinct_ranges
table 1 : explain SELECT DISTINCT c FROM sbtest1 WHERE id BETWEEN 5743704 AND 5743713 ORDER BY c
	Unique  (cost=44.31..44.36 rows=10 width=121)
	  ->  Sort  (cost=44.31..44.33 rows=10 width=121)
	        Sort Key: c
	        ->  Index Scan using sbtest1_pkey on sbtest1  (cost=0.43..44.14 rows=10 width=121)
	              Index Cond: ((id >= 5743704) AND (id <= 5743713))

table 2 : explain SELECT DISTINCT c FROM sbtest2 WHERE id BETWEEN 3457836 AND 3457845 ORDER BY c
	Unique  (cost=44.20..44.25 rows=10 width=121)
	  ->  Sort  (cost=44.20..44.23 rows=10 width=121)
	        Sort Key: c
	        ->  Index Scan using sbtest2_pkey on sbtest2  (cost=0.43..44.04 rows=10 width=121)
	              Index Cond: ((id >= 3457836) AND (id <= 3457845))

table 3 : explain SELECT DISTINCT c FROM sbtest3 WHERE id BETWEEN 1034536 AND 1034545 ORDER BY c
	Unique  (cost=44.28..44.33 rows=10 width=121)
	  ->  Sort  (cost=44.28..44.30 rows=10 width=121)
	        Sort Key: c
	        ->  Index Scan using sbtest3_pkey on sbtest3  (cost=0.43..44.11 rows=10 width=121)
	              Index Cond: ((id >= 1034536) AND (id <= 1034545))

table 4 : explain SELECT DISTINCT c FROM sbtest4 WHERE id BETWEEN 7279273 AND 7279282 ORDER BY c
	Unique  (cost=40.29..40.33 rows=9 width=121)
	  ->  Sort  (cost=40.29..40.31 rows=9 width=121)
	        Sort Key: c
	        ->  Index Scan using sbtest4_pkey on sbtest4  (cost=0.43..40.15 rows=9 width=121)
	              Index Cond: ((id >= 7279273) AND (id <= 7279282))

table 5 : explain SELECT DISTINCT c FROM sbtest5 WHERE id BETWEEN 2827775 AND 2827784 ORDER BY c
	Unique  (cost=40.23..40.27 rows=9 width=121)
	  ->  Sort  (cost=40.23..40.25 rows=9 width=121)
	        Sort Key: c
	        ->  Index Scan using sbtest5_pkey on sbtest5  (cost=0.43..40.08 rows=9 width=121)
	              Index Cond: ((id >= 2827775) AND (id <= 2827784))

table 6 : explain SELECT DISTINCT c FROM sbtest6 WHERE id BETWEEN 2198898 AND 2198907 ORDER BY c
	Unique  (cost=44.19..44.24 rows=10 width=121)
	  ->  Sort  (cost=44.19..44.22 rows=10 width=121)
	        Sort Key: c
	        ->  Index Scan using sbtest6_pkey on sbtest6  (cost=0.43..44.03 rows=10 width=121)
	              Index Cond: ((id >= 2198898) AND (id <= 2198907))

table 7 : explain SELECT DISTINCT c FROM sbtest7 WHERE id BETWEEN 2232211 AND 2232220 ORDER BY c
	Unique  (cost=44.16..44.21 rows=10 width=121)
	  ->  Sort  (cost=44.16..44.19 rows=10 width=121)
	        Sort Key: c
	        ->  Index Scan using sbtest7_pkey on sbtest7  (cost=0.43..44.00 rows=10 width=121)
	              Index Cond: ((id >= 2232211) AND (id <= 2232220))

table 8 : explain SELECT DISTINCT c FROM sbtest8 WHERE id BETWEEN 3064203 AND 3064212 ORDER BY c
	Unique  (cost=44.25..44.30 rows=10 width=121)
	  ->  Sort  (cost=44.25..44.28 rows=10 width=121)
	        Sort Key: c
	        ->  Index Scan using sbtest8_pkey on sbtest8  (cost=0.43..44.09 rows=10 width=121)
	              Index Cond: ((id >= 3064203) AND (id <= 3064212))

for: order_ranges
table 1 : explain SELECT c FROM sbtest1 WHERE id BETWEEN 2079588 AND 2079597 ORDER BY c
	Sort  (cost=44.31..44.33 rows=10 width=121)
	  Sort Key: c
	  ->  Index Scan using sbtest1_pkey on sbtest1  (cost=0.43..44.14 rows=10 width=121)
	        Index Cond: ((id >= 2079588) AND (id <= 2079597))

table 2 : explain SELECT c FROM sbtest2 WHERE id BETWEEN 8185269 AND 8185278 ORDER BY c
	Sort  (cost=48.18..48.21 rows=11 width=121)
	  Sort Key: c
	  ->  Index Scan using sbtest2_pkey on sbtest2  (cost=0.43..47.99 rows=11 width=121)
	        Index Cond: ((id >= 8185269) AND (id <= 8185278))

table 3 : explain SELECT c FROM sbtest3 WHERE id BETWEEN 2614533 AND 2614542 ORDER BY c
	Sort  (cost=44.28..44.30 rows=10 width=121)
	  Sort Key: c
	  ->  Index Scan using sbtest3_pkey on sbtest3  (cost=0.43..44.11 rows=10 width=121)
	        Index Cond: ((id >= 2614533) AND (id <= 2614542))

table 4 : explain SELECT c FROM sbtest4 WHERE id BETWEEN 7986725 AND 7986734 ORDER BY c
	Sort  (cost=44.27..44.30 rows=10 width=121)
	  Sort Key: c
	  ->  Index Scan using sbtest4_pkey on sbtest4  (cost=0.43..44.11 rows=10 width=121)
	        Index Cond: ((id >= 7986725) AND (id <= 7986734))

table 5 : explain SELECT c FROM sbtest5 WHERE id BETWEEN 195987 AND 195996 ORDER BY c
	Sort  (cost=44.20..44.23 rows=10 width=121)
	  Sort Key: c
	  ->  Index Scan using sbtest5_pkey on sbtest5  (cost=0.43..44.04 rows=10 width=121)
	        Index Cond: ((id >= 195987) AND (id <= 195996))

table 6 : explain SELECT c FROM sbtest6 WHERE id BETWEEN 2795005 AND 2795014 ORDER BY c
	Sort  (cost=44.19..44.22 rows=10 width=121)
	  Sort Key: c
	  ->  Index Scan using sbtest6_pkey on sbtest6  (cost=0.43..44.03 rows=10 width=121)
	        Index Cond: ((id >= 2795005) AND (id <= 2795014))

table 7 : explain SELECT c FROM sbtest7 WHERE id BETWEEN 8633790 AND 8633799 ORDER BY c
	Sort  (cost=40.19..40.21 rows=9 width=121)
	  Sort Key: c
	  ->  Index Scan using sbtest7_pkey on sbtest7  (cost=0.43..40.05 rows=9 width=121)
	        Index Cond: ((id >= 8633790) AND (id <= 8633799))

table 8 : explain SELECT c FROM sbtest8 WHERE id BETWEEN 223646 AND 223655 ORDER BY c
	Sort  (cost=44.25..44.28 rows=10 width=121)
	  Sort Key: c
	  ->  Index Scan using sbtest8_pkey on sbtest8  (cost=0.43..44.09 rows=10 width=121)
	        Index Cond: ((id >= 223646) AND (id <= 223655))

for: order_ranges
table 1 : explain SELECT c FROM sbtest1 WHERE id BETWEEN 5890022 AND 5890031 ORDER BY c
	Sort  (cost=44.31..44.33 rows=10 width=121)
	  Sort Key: c
	  ->  Index Scan using sbtest1_pkey on sbtest1  (cost=0.43..44.14 rows=10 width=121)
	        Index Cond: ((id >= 5890022) AND (id <= 5890031))

table 2 : explain SELECT c FROM sbtest2 WHERE id BETWEEN 2549702 AND 2549711 ORDER BY c
	Sort  (cost=44.20..44.23 rows=10 width=121)
	  Sort Key: c
	  ->  Index Scan using sbtest2_pkey on sbtest2  (cost=0.43..44.04 rows=10 width=121)
	        Index Cond: ((id >= 2549702) AND (id <= 2549711))

table 3 : explain SELECT c FROM sbtest3 WHERE id BETWEEN 7704095 AND 7704104 ORDER BY c
	Sort  (cost=44.28..44.30 rows=10 width=121)
	  Sort Key: c
	  ->  Index Scan using sbtest3_pkey on sbtest3  (cost=0.43..44.11 rows=10 width=121)
	        Index Cond: ((id >= 7704095) AND (id <= 7704104))

table 4 : explain SELECT c FROM sbtest4 WHERE id BETWEEN 6771651 AND 6771660 ORDER BY c
	Sort  (cost=44.27..44.30 rows=10 width=121)
	  Sort Key: c
	  ->  Index Scan using sbtest4_pkey on sbtest4  (cost=0.43..44.11 rows=10 width=121)
	        Index Cond: ((id >= 6771651) AND (id <= 6771660))

table 5 : explain SELECT c FROM sbtest5 WHERE id BETWEEN 4260580 AND 4260589 ORDER BY c
	Sort  (cost=44.20..44.23 rows=10 width=121)
	  Sort Key: c
	  ->  Index Scan using sbtest5_pkey on sbtest5  (cost=0.43..44.04 rows=10 width=121)
	        Index Cond: ((id >= 4260580) AND (id <= 4260589))

table 6 : explain SELECT c FROM sbtest6 WHERE id BETWEEN 4914853 AND 4914862 ORDER BY c
	Sort  (cost=44.19..44.22 rows=10 width=121)
	  Sort Key: c
	  ->  Index Scan using sbtest6_pkey on sbtest6  (cost=0.43..44.03 rows=10 width=121)
	        Index Cond: ((id >= 4914853) AND (id <= 4914862))

table 7 : explain SELECT c FROM sbtest7 WHERE id BETWEEN 5235574 AND 5235583 ORDER BY c
	Sort  (cost=52.11..52.14 rows=12 width=121)
	  Sort Key: c
	  ->  Index Scan using sbtest7_pkey on sbtest7  (cost=0.43..51.90 rows=12 width=121)
	        Index Cond: ((id >= 5235574) AND (id <= 5235583))

table 8 : explain SELECT c FROM sbtest8 WHERE id BETWEEN 4772908 AND 4772917 ORDER BY c
	Sort  (cost=44.25..44.28 rows=10 width=121)
	  Sort Key: c
	  ->  Index Scan using sbtest8_pkey on sbtest8  (cost=0.43..44.09 rows=10 width=121)
	        Index Cond: ((id >= 4772908) AND (id <= 4772917))

for: order_ranges
table 1 : explain SELECT c FROM sbtest1 WHERE id BETWEEN 262722 AND 262731 ORDER BY c
	Sort  (cost=48.30..48.32 rows=11 width=121)
	  Sort Key: c
	  ->  Index Scan using sbtest1_pkey on sbtest1  (cost=0.43..48.11 rows=11 width=121)
	        Index Cond: ((id >= 262722) AND (id <= 262731))

table 2 : explain SELECT c FROM sbtest2 WHERE id BETWEEN 4885388 AND 4885397 ORDER BY c
	Sort  (cost=40.23..40.25 rows=9 width=121)
	  Sort Key: c
	  ->  Index Scan using sbtest2_pkey on sbtest2  (cost=0.43..40.08 rows=9 width=121)
	        Index Cond: ((id >= 4885388) AND (id <= 4885397))

table 3 : explain SELECT c FROM sbtest3 WHERE id BETWEEN 1322479 AND 1322488 ORDER BY c
	Sort  (cost=44.28..44.30 rows=10 width=121)
	  Sort Key: c
	  ->  Index Scan using sbtest3_pkey on sbtest3  (cost=0.43..44.11 rows=10 width=121)
	        Index Cond: ((id >= 1322479) AND (id <= 1322488))

table 4 : explain SELECT c FROM sbtest4 WHERE id BETWEEN 5470752 AND 5470761 ORDER BY c
	Sort  (cost=44.27..44.30 rows=10 width=121)
	  Sort Key: c
	  ->  Index Scan using sbtest4_pkey on sbtest4  (cost=0.43..44.11 rows=10 width=121)
	        Index Cond: ((id >= 5470752) AND (id <= 5470761))

table 5 : explain SELECT c FROM sbtest5 WHERE id BETWEEN 9592224 AND 9592233 ORDER BY c
	Sort  (cost=44.20..44.23 rows=10 width=121)
	  Sort Key: c
	  ->  Index Scan using sbtest5_pkey on sbtest5  (cost=0.43..44.04 rows=10 width=121)
	        Index Cond: ((id >= 9592224) AND (id <= 9592233))

table 6 : explain SELECT c FROM sbtest6 WHERE id BETWEEN 6490505 AND 6490514 ORDER BY c
	Sort  (cost=48.17..48.20 rows=11 width=121)
	  Sort Key: c
	  ->  Index Scan using sbtest6_pkey on sbtest6  (cost=0.43..47.98 rows=11 width=121)
	        Index Cond: ((id >= 6490505) AND (id <= 6490514))

table 7 : explain SELECT c FROM sbtest7 WHERE id BETWEEN 3497599 AND 3497608 ORDER BY c
	Sort  (cost=40.19..40.21 rows=9 width=121)
	  Sort Key: c
	  ->  Index Scan using sbtest7_pkey on sbtest7  (cost=0.43..40.05 rows=9 width=121)
	        Index Cond: ((id >= 3497599) AND (id <= 3497608))

table 8 : explain SELECT c FROM sbtest8 WHERE id BETWEEN 7465333 AND 7465342 ORDER BY c
	Sort  (cost=44.25..44.28 rows=10 width=121)
	  Sort Key: c
	  ->  Index Scan using sbtest8_pkey on sbtest8  (cost=0.43..44.09 rows=10 width=121)
	        Index Cond: ((id >= 7465333) AND (id <= 7465342))

for: sum_ranges
table 1 : explain SELECT SUM(k) FROM sbtest1 WHERE id BETWEEN 7641570 AND 7641579
	Aggregate  (cost=48.13..48.14 rows=1 width=8)
	  ->  Index Scan using sbtest1_pkey on sbtest1  (cost=0.43..48.11 rows=11 width=4)
	        Index Cond: ((id >= 7641570) AND (id <= 7641579))

table 2 : explain SELECT SUM(k) FROM sbtest2 WHERE id BETWEEN 67148 AND 67157
	Aggregate  (cost=44.06..44.07 rows=1 width=8)
	  ->  Index Scan using sbtest2_pkey on sbtest2  (cost=0.43..44.04 rows=10 width=4)
	        Index Cond: ((id >= 67148) AND (id <= 67157))

table 3 : explain SELECT SUM(k) FROM sbtest3 WHERE id BETWEEN 7231057 AND 7231066
	Aggregate  (cost=44.13..44.14 rows=1 width=8)
	  ->  Index Scan using sbtest3_pkey on sbtest3  (cost=0.43..44.11 rows=10 width=4)
	        Index Cond: ((id >= 7231057) AND (id <= 7231066))

table 4 : explain SELECT SUM(k) FROM sbtest4 WHERE id BETWEEN 9169853 AND 9169862
	Aggregate  (cost=44.13..44.14 rows=1 width=8)
	  ->  Index Scan using sbtest4_pkey on sbtest4  (cost=0.43..44.11 rows=10 width=4)
	        Index Cond: ((id >= 9169853) AND (id <= 9169862))

table 5 : explain SELECT SUM(k) FROM sbtest5 WHERE id BETWEEN 9037393 AND 9037402
	Aggregate  (cost=48.02..48.03 rows=1 width=8)
	  ->  Index Scan using sbtest5_pkey on sbtest5  (cost=0.43..47.99 rows=11 width=4)
	        Index Cond: ((id >= 9037393) AND (id <= 9037402))

table 6 : explain SELECT SUM(k) FROM sbtest6 WHERE id BETWEEN 5179106 AND 5179115
	Aggregate  (cost=44.05..44.06 rows=1 width=8)
	  ->  Index Scan using sbtest6_pkey on sbtest6  (cost=0.43..44.03 rows=10 width=4)
	        Index Cond: ((id >= 5179106) AND (id <= 5179115))

table 7 : explain SELECT SUM(k) FROM sbtest7 WHERE id BETWEEN 6415812 AND 6415821
	Aggregate  (cost=44.02..44.03 rows=1 width=8)
	  ->  Index Scan using sbtest7_pkey on sbtest7  (cost=0.43..44.00 rows=10 width=4)
	        Index Cond: ((id >= 6415812) AND (id <= 6415821))

table 8 : explain SELECT SUM(k) FROM sbtest8 WHERE id BETWEEN 7416498 AND 7416507
	Aggregate  (cost=44.11..44.12 rows=1 width=8)
	  ->  Index Scan using sbtest8_pkey on sbtest8  (cost=0.43..44.09 rows=10 width=4)
	        Index Cond: ((id >= 7416498) AND (id <= 7416507))

for: order_ranges
table 1 : explain SELECT c FROM sbtest1 WHERE id BETWEEN 2472662 AND 2472671 ORDER BY c
	Sort  (cost=44.31..44.33 rows=10 width=121)
	  Sort Key: c
	  ->  Index Scan using sbtest1_pkey on sbtest1  (cost=0.43..44.14 rows=10 width=121)
	        Index Cond: ((id >= 2472662) AND (id <= 2472671))

table 2 : explain SELECT c FROM sbtest2 WHERE id BETWEEN 280923 AND 280932 ORDER BY c
	Sort  (cost=44.20..44.23 rows=10 width=121)
	  Sort Key: c
	  ->  Index Scan using sbtest2_pkey on sbtest2  (cost=0.43..44.04 rows=10 width=121)
	        Index Cond: ((id >= 280923) AND (id <= 280932))

table 3 : explain SELECT c FROM sbtest3 WHERE id BETWEEN 7012589 AND 7012598 ORDER BY c
	Sort  (cost=40.29..40.31 rows=9 width=121)
	  Sort Key: c
	  ->  Index Scan using sbtest3_pkey on sbtest3  (cost=0.43..40.15 rows=9 width=121)
	        Index Cond: ((id >= 7012589) AND (id <= 7012598))

table 4 : explain SELECT c FROM sbtest4 WHERE id BETWEEN 9671616 AND 9671625 ORDER BY c
	Sort  (cost=44.27..44.30 rows=10 width=121)
	  Sort Key: c
	  ->  Index Scan using sbtest4_pkey on sbtest4  (cost=0.43..44.11 rows=10 width=121)
	        Index Cond: ((id >= 9671616) AND (id <= 9671625))

table 5 : explain SELECT c FROM sbtest5 WHERE id BETWEEN 1063338 AND 1063347 ORDER BY c
	Sort  (cost=44.20..44.23 rows=10 width=121)
	  Sort Key: c
	  ->  Index Scan using sbtest5_pkey on sbtest5  (cost=0.43..44.04 rows=10 width=121)
	        Index Cond: ((id >= 1063338) AND (id <= 1063347))

table 6 : explain SELECT c FROM sbtest6 WHERE id BETWEEN 3327638 AND 3327647 ORDER BY c
	Sort  (cost=40.22..40.24 rows=9 width=121)
	  Sort Key: c
	  ->  Index Scan using sbtest6_pkey on sbtest6  (cost=0.43..40.08 rows=9 width=121)
	        Index Cond: ((id >= 3327638) AND (id <= 3327647))

table 7 : explain SELECT c FROM sbtest7 WHERE id BETWEEN 5787374 AND 5787383 ORDER BY c
	Sort  (cost=44.16..44.19 rows=10 width=121)
	  Sort Key: c
	  ->  Index Scan using sbtest7_pkey on sbtest7  (cost=0.43..44.00 rows=10 width=121)
	        Index Cond: ((id >= 5787374) AND (id <= 5787383))

table 8 : explain SELECT c FROM sbtest8 WHERE id BETWEEN 2899587 AND 2899596 ORDER BY c
	Sort  (cost=44.25..44.28 rows=10 width=121)
	  Sort Key: c
	  ->  Index Scan using sbtest8_pkey on sbtest8  (cost=0.43..44.09 rows=10 width=121)
	        Index Cond: ((id >= 2899587) AND (id <= 2899596))

for: distinct_ranges
table 1 : explain SELECT DISTINCT c FROM sbtest1 WHERE id BETWEEN 6191396 AND 6191405 ORDER BY c
	Unique  (cost=44.31..44.36 rows=10 width=121)
	  ->  Sort  (cost=44.31..44.33 rows=10 width=121)
	        Sort Key: c
	        ->  Index Scan using sbtest1_pkey on sbtest1  (cost=0.43..44.14 rows=10 width=121)
	              Index Cond: ((id >= 6191396) AND (id <= 6191405))

table 2 : explain SELECT DISTINCT c FROM sbtest2 WHERE id BETWEEN 6136448 AND 6136457 ORDER BY c
	Unique  (cost=48.18..48.24 rows=11 width=121)
	  ->  Sort  (cost=48.18..48.21 rows=11 width=121)
	        Sort Key: c
	        ->  Index Scan using sbtest2_pkey on sbtest2  (cost=0.43..47.99 rows=11 width=121)
	              Index Cond: ((id >= 6136448) AND (id <= 6136457))

table 3 : explain SELECT DISTINCT c FROM sbtest3 WHERE id BETWEEN 699876 AND 699885 ORDER BY c
	Unique  (cost=44.28..44.33 rows=10 width=121)
	  ->  Sort  (cost=44.28..44.30 rows=10 width=121)
	        Sort Key: c
	        ->  Index Scan using sbtest3_pkey on sbtest3  (cost=0.43..44.11 rows=10 width=121)
	              Index Cond: ((id >= 699876) AND (id <= 699885))

table 4 : explain SELECT DISTINCT c FROM sbtest4 WHERE id BETWEEN 2729739 AND 2729748 ORDER BY c
	Unique  (cost=44.27..44.32 rows=10 width=121)
	  ->  Sort  (cost=44.27..44.30 rows=10 width=121)
	        Sort Key: c
	        ->  Index Scan using sbtest4_pkey on sbtest4  (cost=0.43..44.11 rows=10 width=121)
	              Index Cond: ((id >= 2729739) AND (id <= 2729748))

table 5 : explain SELECT DISTINCT c FROM sbtest5 WHERE id BETWEEN 1580708 AND 1580717 ORDER BY c
	Unique  (cost=44.20..44.25 rows=10 width=121)
	  ->  Sort  (cost=44.20..44.23 rows=10 width=121)
	        Sort Key: c
	        ->  Index Scan using sbtest5_pkey on sbtest5  (cost=0.43..44.04 rows=10 width=121)
	              Index Cond: ((id >= 1580708) AND (id <= 1580717))

table 6 : explain SELECT DISTINCT c FROM sbtest6 WHERE id BETWEEN 1205429 AND 1205438 ORDER BY c
	Unique  (cost=44.19..44.24 rows=10 width=121)
	  ->  Sort  (cost=44.19..44.22 rows=10 width=121)
	        Sort Key: c
	        ->  Index Scan using sbtest6_pkey on sbtest6  (cost=0.43..44.03 rows=10 width=121)
	              Index Cond: ((id >= 1205429) AND (id <= 1205438))

table 7 : explain SELECT DISTINCT c FROM sbtest7 WHERE id BETWEEN 1933170 AND 1933179 ORDER BY c
	Unique  (cost=44.16..44.21 rows=10 width=121)
	  ->  Sort  (cost=44.16..44.19 rows=10 width=121)
	        Sort Key: c
	        ->  Index Scan using sbtest7_pkey on sbtest7  (cost=0.43..44.00 rows=10 width=121)
	              Index Cond: ((id >= 1933170) AND (id <= 1933179))

table 8 : explain SELECT DISTINCT c FROM sbtest8 WHERE id BETWEEN 7705741 AND 7705750 ORDER BY c
	Unique  (cost=48.23..48.29 rows=11 width=121)
	  ->  Sort  (cost=48.23..48.26 rows=11 width=121)
	        Sort Key: c
	        ->  Index Scan using sbtest8_pkey on sbtest8  (cost=0.43..48.04 rows=11 width=121)
	              Index Cond: ((id >= 7705741) AND (id <= 7705750))

for: order_ranges
table 1 : explain SELECT c FROM sbtest1 WHERE id BETWEEN 7602082 AND 7602091 ORDER BY c
	Sort  (cost=48.30..48.32 rows=11 width=121)
	  Sort Key: c
	  ->  Index Scan using sbtest1_pkey on sbtest1  (cost=0.43..48.11 rows=11 width=121)
	        Index Cond: ((id >= 7602082) AND (id <= 7602091))

table 2 : explain SELECT c FROM sbtest2 WHERE id BETWEEN 7747654 AND 7747663 ORDER BY c
	Sort  (cost=44.20..44.23 rows=10 width=121)
	  Sort Key: c
	  ->  Index Scan using sbtest2_pkey on sbtest2  (cost=0.43..44.04 rows=10 width=121)
	        Index Cond: ((id >= 7747654) AND (id <= 7747663))

table 3 : explain SELECT c FROM sbtest3 WHERE id BETWEEN 2885299 AND 2885308 ORDER BY c
	Sort  (cost=44.28..44.30 rows=10 width=121)
	  Sort Key: c
	  ->  Index Scan using sbtest3_pkey on sbtest3  (cost=0.43..44.11 rows=10 width=121)
	        Index Cond: ((id >= 2885299) AND (id <= 2885308))

table 4 : explain SELECT c FROM sbtest4 WHERE id BETWEEN 8057386 AND 8057395 ORDER BY c
	Sort  (cost=44.27..44.30 rows=10 width=121)
	  Sort Key: c
	  ->  Index Scan using sbtest4_pkey on sbtest4  (cost=0.43..44.11 rows=10 width=121)
	        Index Cond: ((id >= 8057386) AND (id <= 8057395))

table 5 : explain SELECT c FROM sbtest5 WHERE id BETWEEN 2987239 AND 2987248 ORDER BY c
	Sort  (cost=44.20..44.23 rows=10 width=121)
	  Sort Key: c
	  ->  Index Scan using sbtest5_pkey on sbtest5  (cost=0.43..44.04 rows=10 width=121)
	        Index Cond: ((id >= 2987239) AND (id <= 2987248))

table 6 : explain SELECT c FROM sbtest6 WHERE id BETWEEN 3429277 AND 3429286 ORDER BY c
	Sort  (cost=44.19..44.22 rows=10 width=121)
	  Sort Key: c
	  ->  Index Scan using sbtest6_pkey on sbtest6  (cost=0.43..44.03 rows=10 width=121)
	        Index Cond: ((id >= 3429277) AND (id <= 3429286))

table 7 : explain SELECT c FROM sbtest7 WHERE id BETWEEN 8261041 AND 8261050 ORDER BY c
	Sort  (cost=44.16..44.19 rows=10 width=121)
	  Sort Key: c
	  ->  Index Scan using sbtest7_pkey on sbtest7  (cost=0.43..44.00 rows=10 width=121)
	        Index Cond: ((id >= 8261041) AND (id <= 8261050))

table 8 : explain SELECT c FROM sbtest8 WHERE id BETWEEN 4049788 AND 4049797 ORDER BY c
	Sort  (cost=44.25..44.28 rows=10 width=121)
	  Sort Key: c
	  ->  Index Scan using sbtest8_pkey on sbtest8  (cost=0.43..44.09 rows=10 width=121)
	        Index Cond: ((id >= 4049788) AND (id <= 4049797))

for: order_ranges
table 1 : explain SELECT c FROM sbtest1 WHERE id BETWEEN 7131905 AND 7131914 ORDER BY c
	Sort  (cost=44.31..44.33 rows=10 width=121)
	  Sort Key: c
	  ->  Index Scan using sbtest1_pkey on sbtest1  (cost=0.43..44.14 rows=10 width=121)
	        Index Cond: ((id >= 7131905) AND (id <= 7131914))

table 2 : explain SELECT c FROM sbtest2 WHERE id BETWEEN 2980301 AND 2980310 ORDER BY c
	Sort  (cost=40.23..40.25 rows=9 width=121)
	  Sort Key: c
	  ->  Index Scan using sbtest2_pkey on sbtest2  (cost=0.43..40.08 rows=9 width=121)
	        Index Cond: ((id >= 2980301) AND (id <= 2980310))

table 3 : explain SELECT c FROM sbtest3 WHERE id BETWEEN 9980848 AND 9980857 ORDER BY c
	Sort  (cost=40.29..40.31 rows=9 width=121)
	  Sort Key: c
	  ->  Index Scan using sbtest3_pkey on sbtest3  (cost=0.43..40.15 rows=9 width=121)
	        Index Cond: ((id >= 9980848) AND (id <= 9980857))

table 4 : explain SELECT c FROM sbtest4 WHERE id BETWEEN 7913899 AND 7913908 ORDER BY c
	Sort  (cost=40.29..40.31 rows=9 width=121)
	  Sort Key: c
	  ->  Index Scan using sbtest4_pkey on sbtest4  (cost=0.43..40.15 rows=9 width=121)
	        Index Cond: ((id >= 7913899) AND (id <= 7913908))

table 5 : explain SELECT c FROM sbtest5 WHERE id BETWEEN 5822866 AND 5822875 ORDER BY c
	Sort  (cost=48.18..48.21 rows=11 width=121)
	  Sort Key: c
	  ->  Index Scan using sbtest5_pkey on sbtest5  (cost=0.43..47.99 rows=11 width=121)
	        Index Cond: ((id >= 5822866) AND (id <= 5822875))

table 6 : explain SELECT c FROM sbtest6 WHERE id BETWEEN 1140305 AND 1140314 ORDER BY c
	Sort  (cost=44.19..44.22 rows=10 width=121)
	  Sort Key: c
	  ->  Index Scan using sbtest6_pkey on sbtest6  (cost=0.43..44.03 rows=10 width=121)
	        Index Cond: ((id >= 1140305) AND (id <= 1140314))

table 7 : explain SELECT c FROM sbtest7 WHERE id BETWEEN 7390986 AND 7390995 ORDER BY c
	Sort  (cost=40.19..40.21 rows=9 width=121)
	  Sort Key: c
	  ->  Index Scan using sbtest7_pkey on sbtest7  (cost=0.43..40.05 rows=9 width=121)
	        Index Cond: ((id >= 7390986) AND (id <= 7390995))

table 8 : explain SELECT c FROM sbtest8 WHERE id BETWEEN 6957859 AND 6957868 ORDER BY c
	Sort  (cost=44.25..44.28 rows=10 width=121)
	  Sort Key: c
	  ->  Index Scan using sbtest8_pkey on sbtest8  (cost=0.43..44.09 rows=10 width=121)
	        Index Cond: ((id >= 6957859) AND (id <= 6957868))

for: sum_ranges
table 1 : explain SELECT SUM(k) FROM sbtest1 WHERE id BETWEEN 7869517 AND 7869526
	Aggregate  (cost=44.17..44.18 rows=1 width=8)
	  ->  Index Scan using sbtest1_pkey on sbtest1  (cost=0.43..44.14 rows=10 width=4)
	        Index Cond: ((id >= 7869517) AND (id <= 7869526))

table 2 : explain SELECT SUM(k) FROM sbtest2 WHERE id BETWEEN 4885910 AND 4885919
	Aggregate  (cost=40.11..40.12 rows=1 width=8)
	  ->  Index Scan using sbtest2_pkey on sbtest2  (cost=0.43..40.08 rows=9 width=4)
	        Index Cond: ((id >= 4885910) AND (id <= 4885919))

table 3 : explain SELECT SUM(k) FROM sbtest3 WHERE id BETWEEN 5510049 AND 5510058
	Aggregate  (cost=44.13..44.14 rows=1 width=8)
	  ->  Index Scan using sbtest3_pkey on sbtest3  (cost=0.43..44.11 rows=10 width=4)
	        Index Cond: ((id >= 5510049) AND (id <= 5510058))

table 4 : explain SELECT SUM(k) FROM sbtest4 WHERE id BETWEEN 1241724 AND 1241733
	Aggregate  (cost=40.17..40.18 rows=1 width=8)
	  ->  Index Scan using sbtest4_pkey on sbtest4  (cost=0.43..40.15 rows=9 width=4)
	        Index Cond: ((id >= 1241724) AND (id <= 1241733))

table 5 : explain SELECT SUM(k) FROM sbtest5 WHERE id BETWEEN 4452995 AND 4453004
	Aggregate  (cost=44.06..44.07 rows=1 width=8)
	  ->  Index Scan using sbtest5_pkey on sbtest5  (cost=0.43..44.04 rows=10 width=4)
	        Index Cond: ((id >= 4452995) AND (id <= 4453004))

table 6 : explain SELECT SUM(k) FROM sbtest6 WHERE id BETWEEN 9513928 AND 9513937
	Aggregate  (cost=44.05..44.06 rows=1 width=8)
	  ->  Index Scan using sbtest6_pkey on sbtest6  (cost=0.43..44.03 rows=10 width=4)
	        Index Cond: ((id >= 9513928) AND (id <= 9513937))

table 7 : explain SELECT SUM(k) FROM sbtest7 WHERE id BETWEEN 9614536 AND 9614545
	Aggregate  (cost=44.02..44.03 rows=1 width=8)
	  ->  Index Scan using sbtest7_pkey on sbtest7  (cost=0.43..44.00 rows=10 width=4)
	        Index Cond: ((id >= 9614536) AND (id <= 9614545))

table 8 : explain SELECT SUM(k) FROM sbtest8 WHERE id BETWEEN 8781978 AND 8781987
	Aggregate  (cost=44.11..44.12 rows=1 width=8)
	  ->  Index Scan using sbtest8_pkey on sbtest8  (cost=0.43..44.09 rows=10 width=4)
	        Index Cond: ((id >= 8781978) AND (id <= 8781987))

for: distinct_ranges
table 1 : explain SELECT DISTINCT c FROM sbtest1 WHERE id BETWEEN 8830291 AND 8830300 ORDER BY c
	Unique  (cost=40.32..40.36 rows=9 width=121)
	  ->  Sort  (cost=40.32..40.34 rows=9 width=121)
	        Sort Key: c
	        ->  Index Scan using sbtest1_pkey on sbtest1  (cost=0.43..40.18 rows=9 width=121)
	              Index Cond: ((id >= 8830291) AND (id <= 8830300))

table 2 : explain SELECT DISTINCT c FROM sbtest2 WHERE id BETWEEN 5481316 AND 5481325 ORDER BY c
	Unique  (cost=44.20..44.25 rows=10 width=121)
	  ->  Sort  (cost=44.20..44.23 rows=10 width=121)
	        Sort Key: c
	        ->  Index Scan using sbtest2_pkey on sbtest2  (cost=0.43..44.04 rows=10 width=121)
	              Index Cond: ((id >= 5481316) AND (id <= 5481325))

table 3 : explain SELECT DISTINCT c FROM sbtest3 WHERE id BETWEEN 418236 AND 418245 ORDER BY c
	Unique  (cost=44.28..44.33 rows=10 width=121)
	  ->  Sort  (cost=44.28..44.30 rows=10 width=121)
	        Sort Key: c
	        ->  Index Scan using sbtest3_pkey on sbtest3  (cost=0.43..44.11 rows=10 width=121)
	              Index Cond: ((id >= 418236) AND (id <= 418245))

table 4 : explain SELECT DISTINCT c FROM sbtest4 WHERE id BETWEEN 7911716 AND 7911725 ORDER BY c
	Unique  (cost=40.29..40.33 rows=9 width=121)
	  ->  Sort  (cost=40.29..40.31 rows=9 width=121)
	        Sort Key: c
	        ->  Index Scan using sbtest4_pkey on sbtest4  (cost=0.43..40.15 rows=9 width=121)
	              Index Cond: ((id >= 7911716) AND (id <= 7911725))

table 5 : explain SELECT DISTINCT c FROM sbtest5 WHERE id BETWEEN 4292859 AND 4292868 ORDER BY c
	Unique  (cost=44.20..44.25 rows=10 width=121)
	  ->  Sort  (cost=44.20..44.23 rows=10 width=121)
	        Sort Key: c
	        ->  Index Scan using sbtest5_pkey on sbtest5  (cost=0.43..44.04 rows=10 width=121)
	              Index Cond: ((id >= 4292859) AND (id <= 4292868))

table 6 : explain SELECT DISTINCT c FROM sbtest6 WHERE id BETWEEN 6002542 AND 6002551 ORDER BY c
	Unique  (cost=44.19..44.24 rows=10 width=121)
	  ->  Sort  (cost=44.19..44.22 rows=10 width=121)
	        Sort Key: c
	        ->  Index Scan using sbtest6_pkey on sbtest6  (cost=0.43..44.03 rows=10 width=121)
	              Index Cond: ((id >= 6002542) AND (id <= 6002551))

table 7 : explain SELECT DISTINCT c FROM sbtest7 WHERE id BETWEEN 6183456 AND 6183465 ORDER BY c
	Unique  (cost=48.14..48.19 rows=11 width=121)
	  ->  Sort  (cost=48.14..48.16 rows=11 width=121)
	        Sort Key: c
	        ->  Index Scan using sbtest7_pkey on sbtest7  (cost=0.43..47.95 rows=11 width=121)
	              Index Cond: ((id >= 6183456) AND (id <= 6183465))

table 8 : explain SELECT DISTINCT c FROM sbtest8 WHERE id BETWEEN 5619360 AND 5619369 ORDER BY c
	Unique  (cost=44.25..44.30 rows=10 width=121)
	  ->  Sort  (cost=44.25..44.28 rows=10 width=121)
	        Sort Key: c
	        ->  Index Scan using sbtest8_pkey on sbtest8  (cost=0.43..44.09 rows=10 width=121)
	              Index Cond: ((id >= 5619360) AND (id <= 5619369))

for: order_ranges
table 1 : explain SELECT c FROM sbtest1 WHERE id BETWEEN 7966643 AND 7966652 ORDER BY c
	Sort  (cost=44.31..44.33 rows=10 width=121)
	  Sort Key: c
	  ->  Index Scan using sbtest1_pkey on sbtest1  (cost=0.43..44.14 rows=10 width=121)
	        Index Cond: ((id >= 7966643) AND (id <= 7966652))

table 2 : explain SELECT c FROM sbtest2 WHERE id BETWEEN 2532775 AND 2532784 ORDER BY c
	Sort  (cost=44.20..44.23 rows=10 width=121)
	  Sort Key: c
	  ->  Index Scan using sbtest2_pkey on sbtest2  (cost=0.43..44.04 rows=10 width=121)
	        Index Cond: ((id >= 2532775) AND (id <= 2532784))

table 3 : explain SELECT c FROM sbtest3 WHERE id BETWEEN 7124019 AND 7124028 ORDER BY c
	Sort  (cost=44.28..44.30 rows=10 width=121)
	  Sort Key: c
	  ->  Index Scan using sbtest3_pkey on sbtest3  (cost=0.43..44.11 rows=10 width=121)
	        Index Cond: ((id >= 7124019) AND (id <= 7124028))

table 4 : explain SELECT c FROM sbtest4 WHERE id BETWEEN 8108560 AND 8108569 ORDER BY c
	Sort  (cost=44.27..44.30 rows=10 width=121)
	  Sort Key: c
	  ->  Index Scan using sbtest4_pkey on sbtest4  (cost=0.43..44.11 rows=10 width=121)
	        Index Cond: ((id >= 8108560) AND (id <= 8108569))

table 5 : explain SELECT c FROM sbtest5 WHERE id BETWEEN 4050934 AND 4050943 ORDER BY c
	Sort  (cost=44.20..44.23 rows=10 width=121)
	  Sort Key: c
	  ->  Index Scan using sbtest5_pkey on sbtest5  (cost=0.43..44.04 rows=10 width=121)
	        Index Cond: ((id >= 4050934) AND (id <= 4050943))

table 6 : explain SELECT c FROM sbtest6 WHERE id BETWEEN 977404 AND 977413 ORDER BY c
	Sort  (cost=44.19..44.22 rows=10 width=121)
	  Sort Key: c
	  ->  Index Scan using sbtest6_pkey on sbtest6  (cost=0.43..44.03 rows=10 width=121)
	        Index Cond: ((id >= 977404) AND (id <= 977413))

table 7 : explain SELECT c FROM sbtest7 WHERE id BETWEEN 8127003 AND 8127012 ORDER BY c
	Sort  (cost=44.16..44.19 rows=10 width=121)
	  Sort Key: c
	  ->  Index Scan using sbtest7_pkey on sbtest7  (cost=0.43..44.00 rows=10 width=121)
	        Index Cond: ((id >= 8127003) AND (id <= 8127012))

table 8 : explain SELECT c FROM sbtest8 WHERE id BETWEEN 8032213 AND 8032222 ORDER BY c
	Sort  (cost=48.23..48.26 rows=11 width=121)
	  Sort Key: c
	  ->  Index Scan using sbtest8_pkey on sbtest8  (cost=0.43..48.04 rows=11 width=121)
	        Index Cond: ((id >= 8032213) AND (id <= 8032222))

for: distinct_ranges
table 1 : explain SELECT DISTINCT c FROM sbtest1 WHERE id BETWEEN 4566985 AND 4566994 ORDER BY c
	Unique  (cost=44.31..44.36 rows=10 width=121)
	  ->  Sort  (cost=44.31..44.33 rows=10 width=121)
	        Sort Key: c
	        ->  Index Scan using sbtest1_pkey on sbtest1  (cost=0.43..44.14 rows=10 width=121)
	              Index Cond: ((id >= 4566985) AND (id <= 4566994))

table 2 : explain SELECT DISTINCT c FROM sbtest2 WHERE id BETWEEN 6027180 AND 6027189 ORDER BY c
	Unique  (cost=44.20..44.25 rows=10 width=121)
	  ->  Sort  (cost=44.20..44.23 rows=10 width=121)
	        Sort Key: c
	        ->  Index Scan using sbtest2_pkey on sbtest2  (cost=0.43..44.04 rows=10 width=121)
	              Index Cond: ((id >= 6027180) AND (id <= 6027189))

table 3 : explain SELECT DISTINCT c FROM sbtest3 WHERE id BETWEEN 8152879 AND 8152888 ORDER BY c
	Unique  (cost=40.29..40.34 rows=9 width=121)
	  ->  Sort  (cost=40.29..40.31 rows=9 width=121)
	        Sort Key: c
	        ->  Index Scan using sbtest3_pkey on sbtest3  (cost=0.43..40.15 rows=9 width=121)
	              Index Cond: ((id >= 8152879) AND (id <= 8152888))

table 4 : explain SELECT DISTINCT c FROM sbtest4 WHERE id BETWEEN 9933765 AND 9933774 ORDER BY c
	Unique  (cost=44.27..44.32 rows=10 width=121)
	  ->  Sort  (cost=44.27..44.30 rows=10 width=121)
	        Sort Key: c
	        ->  Index Scan using sbtest4_pkey on sbtest4  (cost=0.43..44.11 rows=10 width=121)
	              Index Cond: ((id >= 9933765) AND (id <= 9933774))

table 5 : explain SELECT DISTINCT c FROM sbtest5 WHERE id BETWEEN 1102483 AND 1102492 ORDER BY c
	Unique  (cost=40.23..40.27 rows=9 width=121)
	  ->  Sort  (cost=40.23..40.25 rows=9 width=121)
	        Sort Key: c
	        ->  Index Scan using sbtest5_pkey on sbtest5  (cost=0.43..40.08 rows=9 width=121)
	              Index Cond: ((id >= 1102483) AND (id <= 1102492))

table 6 : explain SELECT DISTINCT c FROM sbtest6 WHERE id BETWEEN 1698916 AND 1698925 ORDER BY c
	Unique  (cost=48.17..48.23 rows=11 width=121)
	  ->  Sort  (cost=48.17..48.20 rows=11 width=121)
	        Sort Key: c
	        ->  Index Scan using sbtest6_pkey on sbtest6  (cost=0.43..47.98 rows=11 width=121)
	              Index Cond: ((id >= 1698916) AND (id <= 1698925))

table 7 : explain SELECT DISTINCT c FROM sbtest7 WHERE id BETWEEN 2751068 AND 2751077 ORDER BY c
	Unique  (cost=44.16..44.21 rows=10 width=121)
	  ->  Sort  (cost=44.16..44.19 rows=10 width=121)
	        Sort Key: c
	        ->  Index Scan using sbtest7_pkey on sbtest7  (cost=0.43..44.00 rows=10 width=121)
	              Index Cond: ((id >= 2751068) AND (id <= 2751077))

table 8 : explain SELECT DISTINCT c FROM sbtest8 WHERE id BETWEEN 7586735 AND 7586744 ORDER BY c
	Unique  (cost=44.25..44.30 rows=10 width=121)
	  ->  Sort  (cost=44.25..44.28 rows=10 width=121)
	        Sort Key: c
	        ->  Index Scan using sbtest8_pkey on sbtest8  (cost=0.43..44.09 rows=10 width=121)
	              Index Cond: ((id >= 7586735) AND (id <= 7586744))

for: simple_ranges
table 1 : explain SELECT c FROM sbtest1 WHERE id BETWEEN 5717721 AND 5717730
	Index Scan using sbtest1_pkey on sbtest1  (cost=0.43..44.14 rows=10 width=121)
	  Index Cond: ((id >= 5717721) AND (id <= 5717730))

table 2 : explain SELECT c FROM sbtest2 WHERE id BETWEEN 7843900 AND 7843909
	Index Scan using sbtest2_pkey on sbtest2  (cost=0.43..44.04 rows=10 width=121)
	  Index Cond: ((id >= 7843900) AND (id <= 7843909))

table 3 : explain SELECT c FROM sbtest3 WHERE id BETWEEN 4373834 AND 4373843
	Index Scan using sbtest3_pkey on sbtest3  (cost=0.43..48.07 rows=11 width=121)
	  Index Cond: ((id >= 4373834) AND (id <= 4373843))

table 4 : explain SELECT c FROM sbtest4 WHERE id BETWEEN 9922626 AND 9922635
	Index Scan using sbtest4_pkey on sbtest4  (cost=0.43..44.11 rows=10 width=121)
	  Index Cond: ((id >= 9922626) AND (id <= 9922635))

table 5 : explain SELECT c FROM sbtest5 WHERE id BETWEEN 8116619 AND 8116628
	Index Scan using sbtest5_pkey on sbtest5  (cost=0.43..44.04 rows=10 width=121)
	  Index Cond: ((id >= 8116619) AND (id <= 8116628))

table 6 : explain SELECT c FROM sbtest6 WHERE id BETWEEN 7960966 AND 7960975
	Index Scan using sbtest6_pkey on sbtest6  (cost=0.43..44.03 rows=10 width=121)
	  Index Cond: ((id >= 7960966) AND (id <= 7960975))

table 7 : explain SELECT c FROM sbtest7 WHERE id BETWEEN 5327028 AND 5327037
	Index Scan using sbtest7_pkey on sbtest7  (cost=0.43..44.00 rows=10 width=121)
	  Index Cond: ((id >= 5327028) AND (id <= 5327037))

table 8 : explain SELECT c FROM sbtest8 WHERE id BETWEEN 4964163 AND 4964172
	Index Scan using sbtest8_pkey on sbtest8  (cost=0.43..44.09 rows=10 width=121)
	  Index Cond: ((id >= 4964163) AND (id <= 4964172))

for: distinct_ranges
table 1 : explain SELECT DISTINCT c FROM sbtest1 WHERE id BETWEEN 1537688 AND 1537697 ORDER BY c
	Unique  (cost=44.31..44.36 rows=10 width=121)
	  ->  Sort  (cost=44.31..44.33 rows=10 width=121)
	        Sort Key: c
	        ->  Index Scan using sbtest1_pkey on sbtest1  (cost=0.43..44.14 rows=10 width=121)
	              Index Cond: ((id >= 1537688) AND (id <= 1537697))

table 2 : explain SELECT DISTINCT c FROM sbtest2 WHERE id BETWEEN 6739686 AND 6739695 ORDER BY c
	Unique  (cost=44.20..44.25 rows=10 width=121)
	  ->  Sort  (cost=44.20..44.23 rows=10 width=121)
	        Sort Key: c
	        ->  Index Scan using sbtest2_pkey on sbtest2  (cost=0.43..44.04 rows=10 width=121)
	              Index Cond: ((id >= 6739686) AND (id <= 6739695))

table 3 : explain SELECT DISTINCT c FROM sbtest3 WHERE id BETWEEN 6425256 AND 6425265 ORDER BY c
	Unique  (cost=44.28..44.33 rows=10 width=121)
	  ->  Sort  (cost=44.28..44.30 rows=10 width=121)
	        Sort Key: c
	        ->  Index Scan using sbtest3_pkey on sbtest3  (cost=0.43..44.11 rows=10 width=121)
	              Index Cond: ((id >= 6425256) AND (id <= 6425265))

table 4 : explain SELECT DISTINCT c FROM sbtest4 WHERE id BETWEEN 8728394 AND 8728403 ORDER BY c
	Unique  (cost=48.26..48.31 rows=11 width=121)
	  ->  Sort  (cost=48.26..48.29 rows=11 width=121)
	        Sort Key: c
	        ->  Index Scan using sbtest4_pkey on sbtest4  (cost=0.43..48.07 rows=11 width=121)
	              Index Cond: ((id >= 8728394) AND (id <= 8728403))

table 5 : explain SELECT DISTINCT c FROM sbtest5 WHERE id BETWEEN 2839881 AND 2839890 ORDER BY c
	Unique  (cost=40.23..40.27 rows=9 width=121)
	  ->  Sort  (cost=40.23..40.25 rows=9 width=121)
	        Sort Key: c
	        ->  Index Scan using sbtest5_pkey on sbtest5  (cost=0.43..40.08 rows=9 width=121)
	              Index Cond: ((id >= 2839881) AND (id <= 2839890))

table 6 : explain SELECT DISTINCT c FROM sbtest6 WHERE id BETWEEN 7125306 AND 7125315 ORDER BY c
	Unique  (cost=44.19..44.24 rows=10 width=121)
	  ->  Sort  (cost=44.19..44.22 rows=10 width=121)
	        Sort Key: c
	        ->  Index Scan using sbtest6_pkey on sbtest6  (cost=0.43..44.03 rows=10 width=121)
	              Index Cond: ((id >= 7125306) AND (id <= 7125315))

table 7 : explain SELECT DISTINCT c FROM sbtest7 WHERE id BETWEEN 1095318 AND 1095327 ORDER BY c
	Unique  (cost=44.16..44.21 rows=10 width=121)
	  ->  Sort  (cost=44.16..44.19 rows=10 width=121)
	        Sort Key: c
	        ->  Index Scan using sbtest7_pkey on sbtest7  (cost=0.43..44.00 rows=10 width=121)
	              Index Cond: ((id >= 1095318) AND (id <= 1095327))

table 8 : explain SELECT DISTINCT c FROM sbtest8 WHERE id BETWEEN 8417439 AND 8417448 ORDER BY c
	Unique  (cost=44.25..44.30 rows=10 width=121)
	  ->  Sort  (cost=44.25..44.28 rows=10 width=121)
	        Sort Key: c
	        ->  Index Scan using sbtest8_pkey on sbtest8  (cost=0.43..44.09 rows=10 width=121)
	              Index Cond: ((id >= 8417439) AND (id <= 8417448))

for: distinct_ranges
table 1 : explain SELECT DISTINCT c FROM sbtest1 WHERE id BETWEEN 6054555 AND 6054564 ORDER BY c
	Unique  (cost=40.32..40.36 rows=9 width=121)
	  ->  Sort  (cost=40.32..40.34 rows=9 width=121)
	        Sort Key: c
	        ->  Index Scan using sbtest1_pkey on sbtest1  (cost=0.43..40.18 rows=9 width=121)
	              Index Cond: ((id >= 6054555) AND (id <= 6054564))

table 2 : explain SELECT DISTINCT c FROM sbtest2 WHERE id BETWEEN 7987327 AND 7987336 ORDER BY c
	Unique  (cost=48.18..48.24 rows=11 width=121)
	  ->  Sort  (cost=48.18..48.21 rows=11 width=121)
	        Sort Key: c
	        ->  Index Scan using sbtest2_pkey on sbtest2  (cost=0.43..47.99 rows=11 width=121)
	              Index Cond: ((id >= 7987327) AND (id <= 7987336))

table 3 : explain SELECT DISTINCT c FROM sbtest3 WHERE id BETWEEN 2770068 AND 2770077 ORDER BY c
	Unique  (cost=44.28..44.33 rows=10 width=121)
	  ->  Sort  (cost=44.28..44.30 rows=10 width=121)
	        Sort Key: c
	        ->  Index Scan using sbtest3_pkey on sbtest3  (cost=0.43..44.11 rows=10 width=121)
	              Index Cond: ((id >= 2770068) AND (id <= 2770077))

table 4 : explain SELECT DISTINCT c FROM sbtest4 WHERE id BETWEEN 7681868 AND 7681877 ORDER BY c
	Unique  (cost=44.27..44.32 rows=10 width=121)
	  ->  Sort  (cost=44.27..44.30 rows=10 width=121)
	        Sort Key: c
	        ->  Index Scan using sbtest4_pkey on sbtest4  (cost=0.43..44.11 rows=10 width=121)
	              Index Cond: ((id >= 7681868) AND (id <= 7681877))

table 5 : explain SELECT DISTINCT c FROM sbtest5 WHERE id BETWEEN 8289135 AND 8289144 ORDER BY c
	Unique  (cost=44.20..44.25 rows=10 width=121)
	  ->  Sort  (cost=44.20..44.23 rows=10 width=121)
	        Sort Key: c
	        ->  Index Scan using sbtest5_pkey on sbtest5  (cost=0.43..44.04 rows=10 width=121)
	              Index Cond: ((id >= 8289135) AND (id <= 8289144))

table 6 : explain SELECT DISTINCT c FROM sbtest6 WHERE id BETWEEN 3969963 AND 3969972 ORDER BY c
	Unique  (cost=44.19..44.24 rows=10 width=121)
	  ->  Sort  (cost=44.19..44.22 rows=10 width=121)
	        Sort Key: c
	        ->  Index Scan using sbtest6_pkey on sbtest6  (cost=0.43..44.03 rows=10 width=121)
	              Index Cond: ((id >= 3969963) AND (id <= 3969972))

table 7 : explain SELECT DISTINCT c FROM sbtest7 WHERE id BETWEEN 7309865 AND 7309874 ORDER BY c
	Unique  (cost=40.19..40.24 rows=9 width=121)
	  ->  Sort  (cost=40.19..40.21 rows=9 width=121)
	        Sort Key: c
	        ->  Index Scan using sbtest7_pkey on sbtest7  (cost=0.43..40.05 rows=9 width=121)
	              Index Cond: ((id >= 7309865) AND (id <= 7309874))

table 8 : explain SELECT DISTINCT c FROM sbtest8 WHERE id BETWEEN 1500010 AND 1500019 ORDER BY c
	Unique  (cost=44.25..44.30 rows=10 width=121)
	  ->  Sort  (cost=44.25..44.28 rows=10 width=121)
	        Sort Key: c
	        ->  Index Scan using sbtest8_pkey on sbtest8  (cost=0.43..44.09 rows=10 width=121)
	              Index Cond: ((id >= 1500010) AND (id <= 1500019))

for: distinct_ranges
table 1 : explain SELECT DISTINCT c FROM sbtest1 WHERE id BETWEEN 5699006 AND 5699015 ORDER BY c
	Unique  (cost=44.31..44.36 rows=10 width=121)
	  ->  Sort  (cost=44.31..44.33 rows=10 width=121)
	        Sort Key: c
	        ->  Index Scan using sbtest1_pkey on sbtest1  (cost=0.43..44.14 rows=10 width=121)
	              Index Cond: ((id >= 5699006) AND (id <= 5699015))

table 2 : explain SELECT DISTINCT c FROM sbtest2 WHERE id BETWEEN 8482403 AND 8482412 ORDER BY c
	Unique  (cost=40.23..40.27 rows=9 width=121)
	  ->  Sort  (cost=40.23..40.25 rows=9 width=121)
	        Sort Key: c
	        ->  Index Scan using sbtest2_pkey on sbtest2  (cost=0.43..40.08 rows=9 width=121)
	              Index Cond: ((id >= 8482403) AND (id <= 8482412))

table 3 : explain SELECT DISTINCT c FROM sbtest3 WHERE id BETWEEN 9051166 AND 9051175 ORDER BY c
	Unique  (cost=40.29..40.34 rows=9 width=121)
	  ->  Sort  (cost=40.29..40.31 rows=9 width=121)
	        Sort Key: c
	        ->  Index Scan using sbtest3_pkey on sbtest3  (cost=0.43..40.15 rows=9 width=121)
	              Index Cond: ((id >= 9051166) AND (id <= 9051175))

table 4 : explain SELECT DISTINCT c FROM sbtest4 WHERE id BETWEEN 2649218 AND 2649227 ORDER BY c
	Unique  (cost=44.27..44.32 rows=10 width=121)
	  ->  Sort  (cost=44.27..44.30 rows=10 width=121)
	        Sort Key: c
	        ->  Index Scan using sbtest4_pkey on sbtest4  (cost=0.43..44.11 rows=10 width=121)
	              Index Cond: ((id >= 2649218) AND (id <= 2649227))

table 5 : explain SELECT DISTINCT c FROM sbtest5 WHERE id BETWEEN 3492457 AND 3492466 ORDER BY c
	Unique  (cost=44.20..44.25 rows=10 width=121)
	  ->  Sort  (cost=44.20..44.23 rows=10 width=121)
	        Sort Key: c
	        ->  Index Scan using sbtest5_pkey on sbtest5  (cost=0.43..44.04 rows=10 width=121)
	              Index Cond: ((id >= 3492457) AND (id <= 3492466))

table 6 : explain SELECT DISTINCT c FROM sbtest6 WHERE id BETWEEN 7240207 AND 7240216 ORDER BY c
	Unique  (cost=44.19..44.24 rows=10 width=121)
	  ->  Sort  (cost=44.19..44.22 rows=10 width=121)
	        Sort Key: c
	        ->  Index Scan using sbtest6_pkey on sbtest6  (cost=0.43..44.03 rows=10 width=121)
	              Index Cond: ((id >= 7240207) AND (id <= 7240216))

table 7 : explain SELECT DISTINCT c FROM sbtest7 WHERE id BETWEEN 3347002 AND 3347011 ORDER BY c
	Unique  (cost=48.14..48.19 rows=11 width=121)
	  ->  Sort  (cost=48.14..48.16 rows=11 width=121)
	        Sort Key: c
	        ->  Index Scan using sbtest7_pkey on sbtest7  (cost=0.43..47.95 rows=11 width=121)
	              Index Cond: ((id >= 3347002) AND (id <= 3347011))

table 8 : explain SELECT DISTINCT c FROM sbtest8 WHERE id BETWEEN 5135513 AND 5135522 ORDER BY c
	Unique  (cost=44.25..44.30 rows=10 width=121)
	  ->  Sort  (cost=44.25..44.28 rows=10 width=121)
	        Sort Key: c
	        ->  Index Scan using sbtest8_pkey on sbtest8  (cost=0.43..44.09 rows=10 width=121)
	              Index Cond: ((id >= 5135513) AND (id <= 5135522))

for: order_ranges
table 1 : explain SELECT c FROM sbtest1 WHERE id BETWEEN 542937 AND 542946 ORDER BY c
	Sort  (cost=44.31..44.33 rows=10 width=121)
	  Sort Key: c
	  ->  Index Scan using sbtest1_pkey on sbtest1  (cost=0.43..44.14 rows=10 width=121)
	        Index Cond: ((id >= 542937) AND (id <= 542946))

table 2 : explain SELECT c FROM sbtest2 WHERE id BETWEEN 7329605 AND 7329614 ORDER BY c
	Sort  (cost=40.23..40.25 rows=9 width=121)
	  Sort Key: c
	  ->  Index Scan using sbtest2_pkey on sbtest2  (cost=0.43..40.08 rows=9 width=121)
	        Index Cond: ((id >= 7329605) AND (id <= 7329614))

table 3 : explain SELECT c FROM sbtest3 WHERE id BETWEEN 9666884 AND 9666893 ORDER BY c
	Sort  (cost=44.28..44.30 rows=10 width=121)
	  Sort Key: c
	  ->  Index Scan using sbtest3_pkey on sbtest3  (cost=0.43..44.11 rows=10 width=121)
	        Index Cond: ((id >= 9666884) AND (id <= 9666893))

table 4 : explain SELECT c FROM sbtest4 WHERE id BETWEEN 2688009 AND 2688018 ORDER BY c
	Sort  (cost=44.27..44.30 rows=10 width=121)
	  Sort Key: c
	  ->  Index Scan using sbtest4_pkey on sbtest4  (cost=0.43..44.11 rows=10 width=121)
	        Index Cond: ((id >= 2688009) AND (id <= 2688018))

table 5 : explain SELECT c FROM sbtest5 WHERE id BETWEEN 8154443 AND 8154452 ORDER BY c
	Sort  (cost=44.20..44.23 rows=10 width=121)
	  Sort Key: c
	  ->  Index Scan using sbtest5_pkey on sbtest5  (cost=0.43..44.04 rows=10 width=121)
	        Index Cond: ((id >= 8154443) AND (id <= 8154452))

table 6 : explain SELECT c FROM sbtest6 WHERE id BETWEEN 7067450 AND 7067459 ORDER BY c
	Sort  (cost=44.19..44.22 rows=10 width=121)
	  Sort Key: c
	  ->  Index Scan using sbtest6_pkey on sbtest6  (cost=0.43..44.03 rows=10 width=121)
	        Index Cond: ((id >= 7067450) AND (id <= 7067459))

table 7 : explain SELECT c FROM sbtest7 WHERE id BETWEEN 7378651 AND 7378660 ORDER BY c
	Sort  (cost=40.19..40.21 rows=9 width=121)
	  Sort Key: c
	  ->  Index Scan using sbtest7_pkey on sbtest7  (cost=0.43..40.05 rows=9 width=121)
	        Index Cond: ((id >= 7378651) AND (id <= 7378660))

table 8 : explain SELECT c FROM sbtest8 WHERE id BETWEEN 5482987 AND 5482996 ORDER BY c
	Sort  (cost=40.27..40.29 rows=9 width=121)
	  Sort Key: c
	  ->  Index Scan using sbtest8_pkey on sbtest8  (cost=0.43..40.13 rows=9 width=121)
	        Index Cond: ((id >= 5482987) AND (id <= 5482996))

for: order_ranges
table 1 : explain SELECT c FROM sbtest1 WHERE id BETWEEN 6837809 AND 6837818 ORDER BY c
	Sort  (cost=44.31..44.33 rows=10 width=121)
	  Sort Key: c
	  ->  Index Scan using sbtest1_pkey on sbtest1  (cost=0.43..44.14 rows=10 width=121)
	        Index Cond: ((id >= 6837809) AND (id <= 6837818))

table 2 : explain SELECT c FROM sbtest2 WHERE id BETWEEN 7465434 AND 7465443 ORDER BY c
	Sort  (cost=44.20..44.23 rows=10 width=121)
	  Sort Key: c
	  ->  Index Scan using sbtest2_pkey on sbtest2  (cost=0.43..44.04 rows=10 width=121)
	        Index Cond: ((id >= 7465434) AND (id <= 7465443))

table 3 : explain SELECT c FROM sbtest3 WHERE id BETWEEN 2721497 AND 2721506 ORDER BY c
	Sort  (cost=40.29..40.31 rows=9 width=121)
	  Sort Key: c
	  ->  Index Scan using sbtest3_pkey on sbtest3  (cost=0.43..40.15 rows=9 width=121)
	        Index Cond: ((id >= 2721497) AND (id <= 2721506))

table 4 : explain SELECT c FROM sbtest4 WHERE id BETWEEN 6010120 AND 6010129 ORDER BY c
	Sort  (cost=44.27..44.30 rows=10 width=121)
	  Sort Key: c
	  ->  Index Scan using sbtest4_pkey on sbtest4  (cost=0.43..44.11 rows=10 width=121)
	        Index Cond: ((id >= 6010120) AND (id <= 6010129))

table 5 : explain SELECT c FROM sbtest5 WHERE id BETWEEN 4872276 AND 4872285 ORDER BY c
	Sort  (cost=44.20..44.23 rows=10 width=121)
	  Sort Key: c
	  ->  Index Scan using sbtest5_pkey on sbtest5  (cost=0.43..44.04 rows=10 width=121)
	        Index Cond: ((id >= 4872276) AND (id <= 4872285))

table 6 : explain SELECT c FROM sbtest6 WHERE id BETWEEN 4837036 AND 4837045 ORDER BY c
	Sort  (cost=44.19..44.22 rows=10 width=121)
	  Sort Key: c
	  ->  Index Scan using sbtest6_pkey on sbtest6  (cost=0.43..44.03 rows=10 width=121)
	        Index Cond: ((id >= 4837036) AND (id <= 4837045))

table 7 : explain SELECT c FROM sbtest7 WHERE id BETWEEN 7519743 AND 7519752 ORDER BY c
	Sort  (cost=44.16..44.19 rows=10 width=121)
	  Sort Key: c
	  ->  Index Scan using sbtest7_pkey on sbtest7  (cost=0.43..44.00 rows=10 width=121)
	        Index Cond: ((id >= 7519743) AND (id <= 7519752))

table 8 : explain SELECT c FROM sbtest8 WHERE id BETWEEN 5220538 AND 5220547 ORDER BY c
	Sort  (cost=44.25..44.28 rows=10 width=121)
	  Sort Key: c
	  ->  Index Scan using sbtest8_pkey on sbtest8  (cost=0.43..44.09 rows=10 width=121)
	        Index Cond: ((id >= 5220538) AND (id <= 5220547))

for: distinct_ranges
table 1 : explain SELECT DISTINCT c FROM sbtest1 WHERE id BETWEEN 2302995 AND 2303004 ORDER BY c
	Unique  (cost=44.31..44.36 rows=10 width=121)
	  ->  Sort  (cost=44.31..44.33 rows=10 width=121)
	        Sort Key: c
	        ->  Index Scan using sbtest1_pkey on sbtest1  (cost=0.43..44.14 rows=10 width=121)
	              Index Cond: ((id >= 2302995) AND (id <= 2303004))

table 2 : explain SELECT DISTINCT c FROM sbtest2 WHERE id BETWEEN 4655207 AND 4655216 ORDER BY c
	Unique  (cost=44.20..44.25 rows=10 width=121)
	  ->  Sort  (cost=44.20..44.23 rows=10 width=121)
	        Sort Key: c
	        ->  Index Scan using sbtest2_pkey on sbtest2  (cost=0.43..44.04 rows=10 width=121)
	              Index Cond: ((id >= 4655207) AND (id <= 4655216))

table 3 : explain SELECT DISTINCT c FROM sbtest3 WHERE id BETWEEN 9098999 AND 9099008 ORDER BY c
	Unique  (cost=44.28..44.33 rows=10 width=121)
	  ->  Sort  (cost=44.28..44.30 rows=10 width=121)
	        Sort Key: c
	        ->  Index Scan using sbtest3_pkey on sbtest3  (cost=0.43..44.11 rows=10 width=121)
	              Index Cond: ((id >= 9098999) AND (id <= 9099008))

table 4 : explain SELECT DISTINCT c FROM sbtest4 WHERE id BETWEEN 9379976 AND 9379985 ORDER BY c
	Unique  (cost=48.26..48.31 rows=11 width=121)
	  ->  Sort  (cost=48.26..48.29 rows=11 width=121)
	        Sort Key: c
	        ->  Index Scan using sbtest4_pkey on sbtest4  (cost=0.43..48.07 rows=11 width=121)
	              Index Cond: ((id >= 9379976) AND (id <= 9379985))

table 5 : explain SELECT DISTINCT c FROM sbtest5 WHERE id BETWEEN 5068376 AND 5068385 ORDER BY c
	Unique  (cost=44.20..44.25 rows=10 width=121)
	  ->  Sort  (cost=44.20..44.23 rows=10 width=121)
	        Sort Key: c
	        ->  Index Scan using sbtest5_pkey on sbtest5  (cost=0.43..44.04 rows=10 width=121)
	              Index Cond: ((id >= 5068376) AND (id <= 5068385))

table 6 : explain SELECT DISTINCT c FROM sbtest6 WHERE id BETWEEN 4168834 AND 4168843 ORDER BY c
	Unique  (cost=44.19..44.24 rows=10 width=121)
	  ->  Sort  (cost=44.19..44.22 rows=10 width=121)
	        Sort Key: c
	        ->  Index Scan using sbtest6_pkey on sbtest6  (cost=0.43..44.03 rows=10 width=121)
	              Index Cond: ((id >= 4168834) AND (id <= 4168843))

table 7 : explain SELECT DISTINCT c FROM sbtest7 WHERE id BETWEEN 4884177 AND 4884186 ORDER BY c
	Unique  (cost=40.19..40.24 rows=9 width=121)
	  ->  Sort  (cost=40.19..40.21 rows=9 width=121)
	        Sort Key: c
	        ->  Index Scan using sbtest7_pkey on sbtest7  (cost=0.43..40.05 rows=9 width=121)
	              Index Cond: ((id >= 4884177) AND (id <= 4884186))

table 8 : explain SELECT DISTINCT c FROM sbtest8 WHERE id BETWEEN 5783717 AND 5783726 ORDER BY c
	Unique  (cost=40.27..40.31 rows=9 width=121)
	  ->  Sort  (cost=40.27..40.29 rows=9 width=121)
	        Sort Key: c
	        ->  Index Scan using sbtest8_pkey on sbtest8  (cost=0.43..40.13 rows=9 width=121)
	              Index Cond: ((id >= 5783717) AND (id <= 5783726))

for: distinct_ranges
table 1 : explain SELECT DISTINCT c FROM sbtest1 WHERE id BETWEEN 5346008 AND 5346017 ORDER BY c
	Unique  (cost=48.30..48.35 rows=11 width=121)
	  ->  Sort  (cost=48.30..48.32 rows=11 width=121)
	        Sort Key: c
	        ->  Index Scan using sbtest1_pkey on sbtest1  (cost=0.43..48.11 rows=11 width=121)
	              Index Cond: ((id >= 5346008) AND (id <= 5346017))

table 2 : explain SELECT DISTINCT c FROM sbtest2 WHERE id BETWEEN 3094485 AND 3094494 ORDER BY c
	Unique  (cost=44.20..44.25 rows=10 width=121)
	  ->  Sort  (cost=44.20..44.23 rows=10 width=121)
	        Sort Key: c
	        ->  Index Scan using sbtest2_pkey on sbtest2  (cost=0.43..44.04 rows=10 width=121)
	              Index Cond: ((id >= 3094485) AND (id <= 3094494))

table 3 : explain SELECT DISTINCT c FROM sbtest3 WHERE id BETWEEN 798808 AND 798817 ORDER BY c
	Unique  (cost=48.26..48.32 rows=11 width=121)
	  ->  Sort  (cost=48.26..48.29 rows=11 width=121)
	        Sort Key: c
	        ->  Index Scan using sbtest3_pkey on sbtest3  (cost=0.43..48.07 rows=11 width=121)
	              Index Cond: ((id >= 798808) AND (id <= 798817))

table 4 : explain SELECT DISTINCT c FROM sbtest4 WHERE id BETWEEN 2647430 AND 2647439 ORDER BY c
	Unique  (cost=44.27..44.32 rows=10 width=121)
	  ->  Sort  (cost=44.27..44.30 rows=10 width=121)
	        Sort Key: c
	        ->  Index Scan using sbtest4_pkey on sbtest4  (cost=0.43..44.11 rows=10 width=121)
	              Index Cond: ((id >= 2647430) AND (id <= 2647439))

table 5 : explain SELECT DISTINCT c FROM sbtest5 WHERE id BETWEEN 6979398 AND 6979407 ORDER BY c
	Unique  (cost=44.20..44.25 rows=10 width=121)
	  ->  Sort  (cost=44.20..44.23 rows=10 width=121)
	        Sort Key: c
	        ->  Index Scan using sbtest5_pkey on sbtest5  (cost=0.43..44.04 rows=10 width=121)
	              Index Cond: ((id >= 6979398) AND (id <= 6979407))

table 6 : explain SELECT DISTINCT c FROM sbtest6 WHERE id BETWEEN 7575136 AND 7575145 ORDER BY c
	Unique  (cost=44.19..44.24 rows=10 width=121)
	  ->  Sort  (cost=44.19..44.22 rows=10 width=121)
	        Sort Key: c
	        ->  Index Scan using sbtest6_pkey on sbtest6  (cost=0.43..44.03 rows=10 width=121)
	              Index Cond: ((id >= 7575136) AND (id <= 7575145))

table 7 : explain SELECT DISTINCT c FROM sbtest7 WHERE id BETWEEN 2385037 AND 2385046 ORDER BY c
	Unique  (cost=44.16..44.21 rows=10 width=121)
	  ->  Sort  (cost=44.16..44.19 rows=10 width=121)
	        Sort Key: c
	        ->  Index Scan using sbtest7_pkey on sbtest7  (cost=0.43..44.00 rows=10 width=121)
	              Index Cond: ((id >= 2385037) AND (id <= 2385046))

table 8 : explain SELECT DISTINCT c FROM sbtest8 WHERE id BETWEEN 8188223 AND 8188232 ORDER BY c
	Unique  (cost=40.27..40.31 rows=9 width=121)
	  ->  Sort  (cost=40.27..40.29 rows=9 width=121)
	        Sort Key: c
	        ->  Index Scan using sbtest8_pkey on sbtest8  (cost=0.43..40.13 rows=9 width=121)
	              Index Cond: ((id >= 8188223) AND (id <= 8188232))

for: distinct_ranges
table 1 : explain SELECT DISTINCT c FROM sbtest1 WHERE id BETWEEN 4862630 AND 4862639 ORDER BY c
	Unique  (cost=44.31..44.36 rows=10 width=121)
	  ->  Sort  (cost=44.31..44.33 rows=10 width=121)
	        Sort Key: c
	        ->  Index Scan using sbtest1_pkey on sbtest1  (cost=0.43..44.14 rows=10 width=121)
	              Index Cond: ((id >= 4862630) AND (id <= 4862639))

table 2 : explain SELECT DISTINCT c FROM sbtest2 WHERE id BETWEEN 8047298 AND 8047307 ORDER BY c
	Unique  (cost=44.20..44.25 rows=10 width=121)
	  ->  Sort  (cost=44.20..44.23 rows=10 width=121)
	        Sort Key: c
	        ->  Index Scan using sbtest2_pkey on sbtest2  (cost=0.43..44.04 rows=10 width=121)
	              Index Cond: ((id >= 8047298) AND (id <= 8047307))

table 3 : explain SELECT DISTINCT c FROM sbtest3 WHERE id BETWEEN 5292607 AND 5292616 ORDER BY c
	Unique  (cost=44.28..44.33 rows=10 width=121)
	  ->  Sort  (cost=44.28..44.30 rows=10 width=121)
	        Sort Key: c
	        ->  Index Scan using sbtest3_pkey on sbtest3  (cost=0.43..44.11 rows=10 width=121)
	              Index Cond: ((id >= 5292607) AND (id <= 5292616))

table 4 : explain SELECT DISTINCT c FROM sbtest4 WHERE id BETWEEN 568611 AND 568620 ORDER BY c
	Unique  (cost=44.27..44.32 rows=10 width=121)
	  ->  Sort  (cost=44.27..44.30 rows=10 width=121)
	        Sort Key: c
	        ->  Index Scan using sbtest4_pkey on sbtest4  (cost=0.43..44.11 rows=10 width=121)
	              Index Cond: ((id >= 568611) AND (id <= 568620))

table 5 : explain SELECT DISTINCT c FROM sbtest5 WHERE id BETWEEN 4150500 AND 4150509 ORDER BY c
	Unique  (cost=44.20..44.25 rows=10 width=121)
	  ->  Sort  (cost=44.20..44.23 rows=10 width=121)
	        Sort Key: c
	        ->  Index Scan using sbtest5_pkey on sbtest5  (cost=0.43..44.04 rows=10 width=121)
	              Index Cond: ((id >= 4150500) AND (id <= 4150509))

table 6 : explain SELECT DISTINCT c FROM sbtest6 WHERE id BETWEEN 9381721 AND 9381730 ORDER BY c
	Unique  (cost=40.22..40.26 rows=9 width=121)
	  ->  Sort  (cost=40.22..40.24 rows=9 width=121)
	        Sort Key: c
	        ->  Index Scan using sbtest6_pkey on sbtest6  (cost=0.43..40.08 rows=9 width=121)
	              Index Cond: ((id >= 9381721) AND (id <= 9381730))

table 7 : explain SELECT DISTINCT c FROM sbtest7 WHERE id BETWEEN 860353 AND 860362 ORDER BY c
	Unique  (cost=44.16..44.21 rows=10 width=121)
	  ->  Sort  (cost=44.16..44.19 rows=10 width=121)
	        Sort Key: c
	        ->  Index Scan using sbtest7_pkey on sbtest7  (cost=0.43..44.00 rows=10 width=121)
	              Index Cond: ((id >= 860353) AND (id <= 860362))

table 8 : explain SELECT DISTINCT c FROM sbtest8 WHERE id BETWEEN 2987722 AND 2987731 ORDER BY c
	Unique  (cost=44.25..44.30 rows=10 width=121)
	  ->  Sort  (cost=44.25..44.28 rows=10 width=121)
	        Sort Key: c
	        ->  Index Scan using sbtest8_pkey on sbtest8  (cost=0.43..44.09 rows=10 width=121)
	              Index Cond: ((id >= 2987722) AND (id <= 2987731))

for: distinct_ranges
table 1 : explain SELECT DISTINCT c FROM sbtest1 WHERE id BETWEEN 2079800 AND 2079809 ORDER BY c
	Unique  (cost=44.31..44.36 rows=10 width=121)
	  ->  Sort  (cost=44.31..44.33 rows=10 width=121)
	        Sort Key: c
	        ->  Index Scan using sbtest1_pkey on sbtest1  (cost=0.43..44.14 rows=10 width=121)
	              Index Cond: ((id >= 2079800) AND (id <= 2079809))

table 2 : explain SELECT DISTINCT c FROM sbtest2 WHERE id BETWEEN 9200666 AND 9200675 ORDER BY c
	Unique  (cost=44.20..44.25 rows=10 width=121)
	  ->  Sort  (cost=44.20..44.23 rows=10 width=121)
	        Sort Key: c
	        ->  Index Scan using sbtest2_pkey on sbtest2  (cost=0.43..44.04 rows=10 width=121)
	              Index Cond: ((id >= 9200666) AND (id <= 9200675))

table 3 : explain SELECT DISTINCT c FROM sbtest3 WHERE id BETWEEN 6604198 AND 6604207 ORDER BY c
	Unique  (cost=44.28..44.33 rows=10 width=121)
	  ->  Sort  (cost=44.28..44.30 rows=10 width=121)
	        Sort Key: c
	        ->  Index Scan using sbtest3_pkey on sbtest3  (cost=0.43..44.11 rows=10 width=121)
	              Index Cond: ((id >= 6604198) AND (id <= 6604207))

table 4 : explain SELECT DISTINCT c FROM sbtest4 WHERE id BETWEEN 3109130 AND 3109139 ORDER BY c
	Unique  (cost=48.26..48.31 rows=11 width=121)
	  ->  Sort  (cost=48.26..48.29 rows=11 width=121)
	        Sort Key: c
	        ->  Index Scan using sbtest4_pkey on sbtest4  (cost=0.43..48.07 rows=11 width=121)
	              Index Cond: ((id >= 3109130) AND (id <= 3109139))

table 5 : explain SELECT DISTINCT c FROM sbtest5 WHERE id BETWEEN 710820 AND 710829 ORDER BY c
	Unique  (cost=44.20..44.25 rows=10 width=121)
	  ->  Sort  (cost=44.20..44.23 rows=10 width=121)
	        Sort Key: c
	        ->  Index Scan using sbtest5_pkey on sbtest5  (cost=0.43..44.04 rows=10 width=121)
	              Index Cond: ((id >= 710820) AND (id <= 710829))

table 6 : explain SELECT DISTINCT c FROM sbtest6 WHERE id BETWEEN 2224214 AND 2224223 ORDER BY c
	Unique  (cost=44.19..44.24 rows=10 width=121)
	  ->  Sort  (cost=44.19..44.22 rows=10 width=121)
	        Sort Key: c
	        ->  Index Scan using sbtest6_pkey on sbtest6  (cost=0.43..44.03 rows=10 width=121)
	              Index Cond: ((id >= 2224214) AND (id <= 2224223))

table 7 : explain SELECT DISTINCT c FROM sbtest7 WHERE id BETWEEN 4133160 AND 4133169 ORDER BY c
	Unique  (cost=44.16..44.21 rows=10 width=121)
	  ->  Sort  (cost=44.16..44.19 rows=10 width=121)
	        Sort Key: c
	        ->  Index Scan using sbtest7_pkey on sbtest7  (cost=0.43..44.00 rows=10 width=121)
	              Index Cond: ((id >= 4133160) AND (id <= 4133169))

table 8 : explain SELECT DISTINCT c FROM sbtest8 WHERE id BETWEEN 7550027 AND 7550036 ORDER BY c
	Unique  (cost=44.25..44.30 rows=10 width=121)
	  ->  Sort  (cost=44.25..44.28 rows=10 width=121)
	        Sort Key: c
	        ->  Index Scan using sbtest8_pkey on sbtest8  (cost=0.43..44.09 rows=10 width=121)
	              Index Cond: ((id >= 7550027) AND (id <= 7550036))

for: distinct_ranges
table 1 : explain SELECT DISTINCT c FROM sbtest1 WHERE id BETWEEN 4915051 AND 4915060 ORDER BY c
	Unique  (cost=44.31..44.36 rows=10 width=121)
	  ->  Sort  (cost=44.31..44.33 rows=10 width=121)
	        Sort Key: c
	        ->  Index Scan using sbtest1_pkey on sbtest1  (cost=0.43..44.14 rows=10 width=121)
	              Index Cond: ((id >= 4915051) AND (id <= 4915060))

table 2 : explain SELECT DISTINCT c FROM sbtest2 WHERE id BETWEEN 4108585 AND 4108594 ORDER BY c
	Unique  (cost=44.20..44.25 rows=10 width=121)
	  ->  Sort  (cost=44.20..44.23 rows=10 width=121)
	        Sort Key: c
	        ->  Index Scan using sbtest2_pkey on sbtest2  (cost=0.43..44.04 rows=10 width=121)
	              Index Cond: ((id >= 4108585) AND (id <= 4108594))

table 3 : explain SELECT DISTINCT c FROM sbtest3 WHERE id BETWEEN 4201965 AND 4201974 ORDER BY c
	Unique  (cost=44.28..44.33 rows=10 width=121)
	  ->  Sort  (cost=44.28..44.30 rows=10 width=121)
	        Sort Key: c
	        ->  Index Scan using sbtest3_pkey on sbtest3  (cost=0.43..44.11 rows=10 width=121)
	              Index Cond: ((id >= 4201965) AND (id <= 4201974))

table 4 : explain SELECT DISTINCT c FROM sbtest4 WHERE id BETWEEN 5611090 AND 5611099 ORDER BY c
	Unique  (cost=40.29..40.33 rows=9 width=121)
	  ->  Sort  (cost=40.29..40.31 rows=9 width=121)
	        Sort Key: c
	        ->  Index Scan using sbtest4_pkey on sbtest4  (cost=0.43..40.15 rows=9 width=121)
	              Index Cond: ((id >= 5611090) AND (id <= 5611099))

table 5 : explain SELECT DISTINCT c FROM sbtest5 WHERE id BETWEEN 1843624 AND 1843633 ORDER BY c
	Unique  (cost=44.20..44.25 rows=10 width=121)
	  ->  Sort  (cost=44.20..44.23 rows=10 width=121)
	        Sort Key: c
	        ->  Index Scan using sbtest5_pkey on sbtest5  (cost=0.43..44.04 rows=10 width=121)
	              Index Cond: ((id >= 1843624) AND (id <= 1843633))

table 6 : explain SELECT DISTINCT c FROM sbtest6 WHERE id BETWEEN 922596 AND 922605 ORDER BY c
	Unique  (cost=44.19..44.24 rows=10 width=121)
	  ->  Sort  (cost=44.19..44.22 rows=10 width=121)
	        Sort Key: c
	        ->  Index Scan using sbtest6_pkey on sbtest6  (cost=0.43..44.03 rows=10 width=121)
	              Index Cond: ((id >= 922596) AND (id <= 922605))

table 7 : explain SELECT DISTINCT c FROM sbtest7 WHERE id BETWEEN 754542 AND 754551 ORDER BY c
	Unique  (cost=44.16..44.21 rows=10 width=121)
	  ->  Sort  (cost=44.16..44.19 rows=10 width=121)
	        Sort Key: c
	        ->  Index Scan using sbtest7_pkey on sbtest7  (cost=0.43..44.00 rows=10 width=121)
	              Index Cond: ((id >= 754542) AND (id <= 754551))

table 8 : explain SELECT DISTINCT c FROM sbtest8 WHERE id BETWEEN 5509396 AND 5509405 ORDER BY c
	Unique  (cost=44.25..44.30 rows=10 width=121)
	  ->  Sort  (cost=44.25..44.28 rows=10 width=121)
	        Sort Key: c
	        ->  Index Scan using sbtest8_pkey on sbtest8  (cost=0.43..44.09 rows=10 width=121)
	              Index Cond: ((id >= 5509396) AND (id <= 5509405))

for: order_ranges
table 1 : explain SELECT c FROM sbtest1 WHERE id BETWEEN 1596612 AND 1596621 ORDER BY c
	Sort  (cost=44.31..44.33 rows=10 width=121)
	  Sort Key: c
	  ->  Index Scan using sbtest1_pkey on sbtest1  (cost=0.43..44.14 rows=10 width=121)
	        Index Cond: ((id >= 1596612) AND (id <= 1596621))

table 2 : explain SELECT c FROM sbtest2 WHERE id BETWEEN 1077524 AND 1077533 ORDER BY c
	Sort  (cost=44.20..44.23 rows=10 width=121)
	  Sort Key: c
	  ->  Index Scan using sbtest2_pkey on sbtest2  (cost=0.43..44.04 rows=10 width=121)
	        Index Cond: ((id >= 1077524) AND (id <= 1077533))

table 3 : explain SELECT c FROM sbtest3 WHERE id BETWEEN 7443072 AND 7443081 ORDER BY c
	Sort  (cost=44.28..44.30 rows=10 width=121)
	  Sort Key: c
	  ->  Index Scan using sbtest3_pkey on sbtest3  (cost=0.43..44.11 rows=10 width=121)
	        Index Cond: ((id >= 7443072) AND (id <= 7443081))

table 4 : explain SELECT c FROM sbtest4 WHERE id BETWEEN 9497878 AND 9497887 ORDER BY c
	Sort  (cost=44.27..44.30 rows=10 width=121)
	  Sort Key: c
	  ->  Index Scan using sbtest4_pkey on sbtest4  (cost=0.43..44.11 rows=10 width=121)
	        Index Cond: ((id >= 9497878) AND (id <= 9497887))

table 5 : explain SELECT c FROM sbtest5 WHERE id BETWEEN 9780094 AND 9780103 ORDER BY c
	Sort  (cost=44.20..44.23 rows=10 width=121)
	  Sort Key: c
	  ->  Index Scan using sbtest5_pkey on sbtest5  (cost=0.43..44.04 rows=10 width=121)
	        Index Cond: ((id >= 9780094) AND (id <= 9780103))

table 6 : explain SELECT c FROM sbtest6 WHERE id BETWEEN 3343392 AND 3343401 ORDER BY c
	Sort  (cost=44.19..44.22 rows=10 width=121)
	  Sort Key: c
	  ->  Index Scan using sbtest6_pkey on sbtest6  (cost=0.43..44.03 rows=10 width=121)
	        Index Cond: ((id >= 3343392) AND (id <= 3343401))

table 7 : explain SELECT c FROM sbtest7 WHERE id BETWEEN 216004 AND 216013 ORDER BY c
	Sort  (cost=48.14..48.16 rows=11 width=121)
	  Sort Key: c
	  ->  Index Scan using sbtest7_pkey on sbtest7  (cost=0.43..47.95 rows=11 width=121)
	        Index Cond: ((id >= 216004) AND (id <= 216013))

table 8 : explain SELECT c FROM sbtest8 WHERE id BETWEEN 4016519 AND 4016528 ORDER BY c
	Sort  (cost=44.25..44.28 rows=10 width=121)
	  Sort Key: c
	  ->  Index Scan using sbtest8_pkey on sbtest8  (cost=0.43..44.09 rows=10 width=121)
	        Index Cond: ((id >= 4016519) AND (id <= 4016528))

for: order_ranges
table 1 : explain SELECT c FROM sbtest1 WHERE id BETWEEN 3639776 AND 3639785 ORDER BY c
	Sort  (cost=44.31..44.33 rows=10 width=121)
	  Sort Key: c
	  ->  Index Scan using sbtest1_pkey on sbtest1  (cost=0.43..44.14 rows=10 width=121)
	        Index Cond: ((id >= 3639776) AND (id <= 3639785))

table 2 : explain SELECT c FROM sbtest2 WHERE id BETWEEN 5238210 AND 5238219 ORDER BY c
	Sort  (cost=44.20..44.23 rows=10 width=121)
	  Sort Key: c
	  ->  Index Scan using sbtest2_pkey on sbtest2  (cost=0.43..44.04 rows=10 width=121)
	        Index Cond: ((id >= 5238210) AND (id <= 5238219))

table 3 : explain SELECT c FROM sbtest3 WHERE id BETWEEN 8283571 AND 8283580 ORDER BY c
	Sort  (cost=48.26..48.29 rows=11 width=121)
	  Sort Key: c
	  ->  Index Scan using sbtest3_pkey on sbtest3  (cost=0.43..48.07 rows=11 width=121)
	        Index Cond: ((id >= 8283571) AND (id <= 8283580))

table 4 : explain SELECT c FROM sbtest4 WHERE id BETWEEN 363876 AND 363885 ORDER BY c
	Sort  (cost=44.27..44.30 rows=10 width=121)
	  Sort Key: c
	  ->  Index Scan using sbtest4_pkey on sbtest4  (cost=0.43..44.11 rows=10 width=121)
	        Index Cond: ((id >= 363876) AND (id <= 363885))

table 5 : explain SELECT c FROM sbtest5 WHERE id BETWEEN 1909469 AND 1909478 ORDER BY c
	Sort  (cost=44.20..44.23 rows=10 width=121)
	  Sort Key: c
	  ->  Index Scan using sbtest5_pkey on sbtest5  (cost=0.43..44.04 rows=10 width=121)
	        Index Cond: ((id >= 1909469) AND (id <= 1909478))

table 6 : explain SELECT c FROM sbtest6 WHERE id BETWEEN 2746331 AND 2746340 ORDER BY c
	Sort  (cost=44.19..44.22 rows=10 width=121)
	  Sort Key: c
	  ->  Index Scan using sbtest6_pkey on sbtest6  (cost=0.43..44.03 rows=10 width=121)
	        Index Cond: ((id >= 2746331) AND (id <= 2746340))

table 7 : explain SELECT c FROM sbtest7 WHERE id BETWEEN 2218202 AND 2218211 ORDER BY c
	Sort  (cost=44.16..44.19 rows=10 width=121)
	  Sort Key: c
	  ->  Index Scan using sbtest7_pkey on sbtest7  (cost=0.43..44.00 rows=10 width=121)
	        Index Cond: ((id >= 2218202) AND (id <= 2218211))

table 8 : explain SELECT c FROM sbtest8 WHERE id BETWEEN 465097 AND 465106 ORDER BY c
	Sort  (cost=40.27..40.29 rows=9 width=121)
	  Sort Key: c
	  ->  Index Scan using sbtest8_pkey on sbtest8  (cost=0.43..40.13 rows=9 width=121)
	        Index Cond: ((id >= 465097) AND (id <= 465106))
for: order_ranges
table 1 : explain SELECT c FROM sbtest1 WHERE id BETWEEN 3305846 AND 3305855 ORDER BY c
	Sort  (cost=44.31..44.33 rows=10 width=121)
	  Sort Key: c
	  ->  Index Scan using sbtest1_pkey on sbtest1  (cost=0.43..44.14 rows=10 width=121)
	        Index Cond: ((id >= 3305846) AND (id <= 3305855))

table 2 : explain SELECT c FROM sbtest2 WHERE id BETWEEN 9368293 AND 9368302 ORDER BY c
	Sort  (cost=44.20..44.23 rows=10 width=121)
	  Sort Key: c
	  ->  Index Scan using sbtest2_pkey on sbtest2  (cost=0.43..44.04 rows=10 width=121)
	        Index Cond: ((id >= 9368293) AND (id <= 9368302))

table 3 : explain SELECT c FROM sbtest3 WHERE id BETWEEN 3960521 AND 3960530 ORDER BY c
	Sort  (cost=44.28..44.30 rows=10 width=121)
	  Sort Key: c
	  ->  Index Scan using sbtest3_pkey on sbtest3  (cost=0.43..44.11 rows=10 width=121)
	        Index Cond: ((id >= 3960521) AND (id <= 3960530))

table 4 : explain SELECT c FROM sbtest4 WHERE id BETWEEN 8540498 AND 8540507 ORDER BY c
	Sort  (cost=44.27..44.30 rows=10 width=121)
	  Sort Key: c
	  ->  Index Scan using sbtest4_pkey on sbtest4  (cost=0.43..44.11 rows=10 width=121)
	        Index Cond: ((id >= 8540498) AND (id <= 8540507))

table 5 : explain SELECT c FROM sbtest5 WHERE id BETWEEN 9609344 AND 9609353 ORDER BY c
	Sort  (cost=44.20..44.23 rows=10 width=121)
	  Sort Key: c
	  ->  Index Scan using sbtest5_pkey on sbtest5  (cost=0.43..44.04 rows=10 width=121)
	        Index Cond: ((id >= 9609344) AND (id <= 9609353))

table 6 : explain SELECT c FROM sbtest6 WHERE id BETWEEN 2773380 AND 2773389 ORDER BY c
	Sort  (cost=44.19..44.22 rows=10 width=121)
	  Sort Key: c
	  ->  Index Scan using sbtest6_pkey on sbtest6  (cost=0.43..44.03 rows=10 width=121)
	        Index Cond: ((id >= 2773380) AND (id <= 2773389))

table 7 : explain SELECT c FROM sbtest7 WHERE id BETWEEN 6568001 AND 6568010 ORDER BY c
	Sort  (cost=44.16..44.19 rows=10 width=121)
	  Sort Key: c
	  ->  Index Scan using sbtest7_pkey on sbtest7  (cost=0.43..44.00 rows=10 width=121)
	        Index Cond: ((id >= 6568001) AND (id <= 6568010))

table 8 : explain SELECT c FROM sbtest8 WHERE id BETWEEN 3465826 AND 3465835 ORDER BY c
	Sort  (cost=48.23..48.26 rows=11 width=121)
	  Sort Key: c
	  ->  Index Scan using sbtest8_pkey on sbtest8  (cost=0.43..48.04 rows=11 width=121)
	        Index Cond: ((id >= 3465826) AND (id <= 3465835))


for: order_ranges
table 1 : explain SELECT c FROM sbtest1 WHERE id BETWEEN 1412435 AND 1412444 ORDER BY c
	Sort  (cost=40.32..40.34 rows=9 width=121)
	  Sort Key: c
	  ->  Index Scan using sbtest1_pkey on sbtest1  (cost=0.43..40.18 rows=9 width=121)
	        Index Cond: ((id >= 1412435) AND (id <= 1412444))

table 2 : explain SELECT c FROM sbtest2 WHERE id BETWEEN 6805033 AND 6805042 ORDER BY c
	Sort  (cost=44.20..44.23 rows=10 width=121)
	  Sort Key: c
	  ->  Index Scan using sbtest2_pkey on sbtest2  (cost=0.43..44.04 rows=10 width=121)
	        Index Cond: ((id >= 6805033) AND (id <= 6805042))

table 3 : explain SELECT c FROM sbtest3 WHERE id BETWEEN 3293117 AND 3293126 ORDER BY c
	Sort  (cost=40.29..40.31 rows=9 width=121)
	  Sort Key: c
	  ->  Index Scan using sbtest3_pkey on sbtest3  (cost=0.43..40.15 rows=9 width=121)
	        Index Cond: ((id >= 3293117) AND (id <= 3293126))

table 4 : explain SELECT c FROM sbtest4 WHERE id BETWEEN 7915510 AND 7915519 ORDER BY c
	Sort  (cost=40.29..40.31 rows=9 width=121)
	  Sort Key: c
	  ->  Index Scan using sbtest4_pkey on sbtest4  (cost=0.43..40.15 rows=9 width=121)
	        Index Cond: ((id >= 7915510) AND (id <= 7915519))

table 5 : explain SELECT c FROM sbtest5 WHERE id BETWEEN 70149 AND 70158 ORDER BY c
	Sort  (cost=44.20..44.23 rows=10 width=121)
	  Sort Key: c
	  ->  Index Scan using sbtest5_pkey on sbtest5  (cost=0.43..44.04 rows=10 width=121)
	        Index Cond: ((id >= 70149) AND (id <= 70158))

table 6 : explain SELECT c FROM sbtest6 WHERE id BETWEEN 1632133 AND 1632142 ORDER BY c
	Sort  (cost=48.17..48.20 rows=11 width=121)
	  Sort Key: c
	  ->  Index Scan using sbtest6_pkey on sbtest6  (cost=0.43..47.98 rows=11 width=121)
	        Index Cond: ((id >= 1632133) AND (id <= 1632142))

table 7 : explain SELECT c FROM sbtest7 WHERE id BETWEEN 2021673 AND 2021682 ORDER BY c
	Sort  (cost=44.16..44.19 rows=10 width=121)
	  Sort Key: c
	  ->  Index Scan using sbtest7_pkey on sbtest7  (cost=0.43..44.00 rows=10 width=121)
	        Index Cond: ((id >= 2021673) AND (id <= 2021682))

table 8 : explain SELECT c FROM sbtest8 WHERE id BETWEEN 7654809 AND 7654818 ORDER BY c
	Sort  (cost=44.25..44.28 rows=10 width=121)
	  Sort Key: c
	  ->  Index Scan using sbtest8_pkey on sbtest8  (cost=0.43..44.09 rows=10 width=121)
	        Index Cond: ((id >= 7654809) AND (id <= 7654818))

for: distinct_ranges
table 1 : explain SELECT DISTINCT c FROM sbtest1 WHERE id BETWEEN 8914277 AND 8914286 ORDER BY c
	Unique  (cost=44.31..44.36 rows=10 width=121)
	  ->  Sort  (cost=44.31..44.33 rows=10 width=121)
	        Sort Key: c
	        ->  Index Scan using sbtest1_pkey on sbtest1  (cost=0.43..44.14 rows=10 width=121)
	              Index Cond: ((id >= 8914277) AND (id <= 8914286))

table 2 : explain SELECT DISTINCT c FROM sbtest2 WHERE id BETWEEN 4452552 AND 4452561 ORDER BY c
	Unique  (cost=44.20..44.25 rows=10 width=121)
	  ->  Sort  (cost=44.20..44.23 rows=10 width=121)
	        Sort Key: c
	        ->  Index Scan using sbtest2_pkey on sbtest2  (cost=0.43..44.04 rows=10 width=121)
	              Index Cond: ((id >= 4452552) AND (id <= 4452561))

table 3 : explain SELECT DISTINCT c FROM sbtest3 WHERE id BETWEEN 1164969 AND 1164978 ORDER BY c
	Unique  (cost=48.26..48.32 rows=11 width=121)
	  ->  Sort  (cost=48.26..48.29 rows=11 width=121)
	        Sort Key: c
	        ->  Index Scan using sbtest3_pkey on sbtest3  (cost=0.43..48.07 rows=11 width=121)
	              Index Cond: ((id >= 1164969) AND (id <= 1164978))

table 4 : explain SELECT DISTINCT c FROM sbtest4 WHERE id BETWEEN 1352991 AND 1353000 ORDER BY c
	Unique  (cost=44.27..44.32 rows=10 width=121)
	  ->  Sort  (cost=44.27..44.30 rows=10 width=121)
	        Sort Key: c
	        ->  Index Scan using sbtest4_pkey on sbtest4  (cost=0.43..44.11 rows=10 width=121)
	              Index Cond: ((id >= 1352991) AND (id <= 1353000))

table 5 : explain SELECT DISTINCT c FROM sbtest5 WHERE id BETWEEN 5294508 AND 5294517 ORDER BY c
	Unique  (cost=44.20..44.25 rows=10 width=121)
	  ->  Sort  (cost=44.20..44.23 rows=10 width=121)
	        Sort Key: c
	        ->  Index Scan using sbtest5_pkey on sbtest5  (cost=0.43..44.04 rows=10 width=121)
	              Index Cond: ((id >= 5294508) AND (id <= 5294517))

table 6 : explain SELECT DISTINCT c FROM sbtest6 WHERE id BETWEEN 8671482 AND 8671491 ORDER BY c
	Unique  (cost=40.22..40.26 rows=9 width=121)
	  ->  Sort  (cost=40.22..40.24 rows=9 width=121)
	        Sort Key: c
	        ->  Index Scan using sbtest6_pkey on sbtest6  (cost=0.43..40.08 rows=9 width=121)
	              Index Cond: ((id >= 8671482) AND (id <= 8671491))

table 7 : explain SELECT DISTINCT c FROM sbtest7 WHERE id BETWEEN 7597448 AND 7597457 ORDER BY c
	Unique  (cost=40.19..40.24 rows=9 width=121)
	  ->  Sort  (cost=40.19..40.21 rows=9 width=121)
	        Sort Key: c
	        ->  Index Scan using sbtest7_pkey on sbtest7  (cost=0.43..40.05 rows=9 width=121)
	              Index Cond: ((id >= 7597448) AND (id <= 7597457))

table 8 : explain SELECT DISTINCT c FROM sbtest8 WHERE id BETWEEN 2578056 AND 2578065 ORDER BY c
	Unique  (cost=44.25..44.30 rows=10 width=121)
	  ->  Sort  (cost=44.25..44.28 rows=10 width=121)
	        Sort Key: c
	        ->  Index Scan using sbtest8_pkey on sbtest8  (cost=0.43..44.09 rows=10 width=121)
	              Index Cond: ((id >= 2578056) AND (id <= 2578065))

for: distinct_ranges
table 1 : explain SELECT DISTINCT c FROM sbtest1 WHERE id BETWEEN 9937199 AND 9937208 ORDER BY c
	Unique  (cost=48.30..48.35 rows=11 width=121)
	  ->  Sort  (cost=48.30..48.32 rows=11 width=121)
	        Sort Key: c
	        ->  Index Scan using sbtest1_pkey on sbtest1  (cost=0.43..48.11 rows=11 width=121)
	              Index Cond: ((id >= 9937199) AND (id <= 9937208))

table 2 : explain SELECT DISTINCT c FROM sbtest2 WHERE id BETWEEN 9385526 AND 9385535 ORDER BY c
	Unique  (cost=44.20..44.25 rows=10 width=121)
	  ->  Sort  (cost=44.20..44.23 rows=10 width=121)
	        Sort Key: c
	        ->  Index Scan using sbtest2_pkey on sbtest2  (cost=0.43..44.04 rows=10 width=121)
	              Index Cond: ((id >= 9385526) AND (id <= 9385535))

table 3 : explain SELECT DISTINCT c FROM sbtest3 WHERE id BETWEEN 3902949 AND 3902958 ORDER BY c
	Unique  (cost=44.28..44.33 rows=10 width=121)
	  ->  Sort  (cost=44.28..44.30 rows=10 width=121)
	        Sort Key: c
	        ->  Index Scan using sbtest3_pkey on sbtest3  (cost=0.43..44.11 rows=10 width=121)
	              Index Cond: ((id >= 3902949) AND (id <= 3902958))

table 4 : explain SELECT DISTINCT c FROM sbtest4 WHERE id BETWEEN 14368 AND 14377 ORDER BY c
	Unique  (cost=40.29..40.33 rows=9 width=121)
	  ->  Sort  (cost=40.29..40.31 rows=9 width=121)
	        Sort Key: c
	        ->  Index Scan using sbtest4_pkey on sbtest4  (cost=0.43..40.15 rows=9 width=121)
	              Index Cond: ((id >= 14368) AND (id <= 14377))

table 5 : explain SELECT DISTINCT c FROM sbtest5 WHERE id BETWEEN 3450756 AND 3450765 ORDER BY c
	Unique  (cost=40.23..40.27 rows=9 width=121)
	  ->  Sort  (cost=40.23..40.25 rows=9 width=121)
	        Sort Key: c
	        ->  Index Scan using sbtest5_pkey on sbtest5  (cost=0.43..40.08 rows=9 width=121)
	              Index Cond: ((id >= 3450756) AND (id <= 3450765))

table 6 : explain SELECT DISTINCT c FROM sbtest6 WHERE id BETWEEN 5899896 AND 5899905 ORDER BY c
	Unique  (cost=48.17..48.23 rows=11 width=121)
	  ->  Sort  (cost=48.17..48.20 rows=11 width=121)
	        Sort Key: c
	        ->  Index Scan using sbtest6_pkey on sbtest6  (cost=0.43..47.98 rows=11 width=121)
	              Index Cond: ((id >= 5899896) AND (id <= 5899905))

table 7 : explain SELECT DISTINCT c FROM sbtest7 WHERE id BETWEEN 8998414 AND 8998423 ORDER BY c
	Unique  (cost=48.14..48.19 rows=11 width=121)
	  ->  Sort  (cost=48.14..48.16 rows=11 width=121)
	        Sort Key: c
	        ->  Index Scan using sbtest7_pkey on sbtest7  (cost=0.43..47.95 rows=11 width=121)
	              Index Cond: ((id >= 8998414) AND (id <= 8998423))

table 8 : explain SELECT DISTINCT c FROM sbtest8 WHERE id BETWEEN 1322140 AND 1322149 ORDER BY c
	Unique  (cost=40.27..40.31 rows=9 width=121)
	  ->  Sort  (cost=40.27..40.29 rows=9 width=121)
	        Sort Key: c
	        ->  Index Scan using sbtest8_pkey on sbtest8  (cost=0.43..40.13 rows=9 width=121)
	              Index Cond: ((id >= 1322140) AND (id <= 1322149))

for: distinct_ranges
table 1 : explain SELECT DISTINCT c FROM sbtest1 WHERE id BETWEEN 2754960 AND 2754969 ORDER BY c
	Unique  (cost=40.32..40.36 rows=9 width=121)
	  ->  Sort  (cost=40.32..40.34 rows=9 width=121)
	        Sort Key: c
	        ->  Index Scan using sbtest1_pkey on sbtest1  (cost=0.43..40.18 rows=9 width=121)
	              Index Cond: ((id >= 2754960) AND (id <= 2754969))

table 2 : explain SELECT DISTINCT c FROM sbtest2 WHERE id BETWEEN 9305474 AND 9305483 ORDER BY c
	Unique  (cost=48.18..48.24 rows=11 width=121)
	  ->  Sort  (cost=48.18..48.21 rows=11 width=121)
	        Sort Key: c
	        ->  Index Scan using sbtest2_pkey on sbtest2  (cost=0.43..47.99 rows=11 width=121)
	              Index Cond: ((id >= 9305474) AND (id <= 9305483))

table 3 : explain SELECT DISTINCT c FROM sbtest3 WHERE id BETWEEN 9301065 AND 9301074 ORDER BY c
	Unique  (cost=48.26..48.32 rows=11 width=121)
	  ->  Sort  (cost=48.26..48.29 rows=11 width=121)
	        Sort Key: c
	        ->  Index Scan using sbtest3_pkey on sbtest3  (cost=0.43..48.07 rows=11 width=121)
	              Index Cond: ((id >= 9301065) AND (id <= 9301074))

table 4 : explain SELECT DISTINCT c FROM sbtest4 WHERE id BETWEEN 8275321 AND 8275330 ORDER BY c
	Unique  (cost=48.26..48.31 rows=11 width=121)
	  ->  Sort  (cost=48.26..48.29 rows=11 width=121)
	        Sort Key: c
	        ->  Index Scan using sbtest4_pkey on sbtest4  (cost=0.43..48.07 rows=11 width=121)
	              Index Cond: ((id >= 8275321) AND (id <= 8275330))

table 5 : explain SELECT DISTINCT c FROM sbtest5 WHERE id BETWEEN 6265129 AND 6265138 ORDER BY c
	Unique  (cost=48.18..48.24 rows=11 width=121)
	  ->  Sort  (cost=48.18..48.21 rows=11 width=121)
	        Sort Key: c
	        ->  Index Scan using sbtest5_pkey on sbtest5  (cost=0.43..47.99 rows=11 width=121)
	              Index Cond: ((id >= 6265129) AND (id <= 6265138))

table 6 : explain SELECT DISTINCT c FROM sbtest6 WHERE id BETWEEN 8883449 AND 8883458 ORDER BY c
	Unique  (cost=44.19..44.24 rows=10 width=121)
	  ->  Sort  (cost=44.19..44.22 rows=10 width=121)
	        Sort Key: c
	        ->  Index Scan using sbtest6_pkey on sbtest6  (cost=0.43..44.03 rows=10 width=121)
	              Index Cond: ((id >= 8883449) AND (id <= 8883458))

table 7 : explain SELECT DISTINCT c FROM sbtest7 WHERE id BETWEEN 4139600 AND 4139609 ORDER BY c
	Unique  (cost=44.16..44.21 rows=10 width=121)
	  ->  Sort  (cost=44.16..44.19 rows=10 width=121)
	        Sort Key: c
	        ->  Index Scan using sbtest7_pkey on sbtest7  (cost=0.43..44.00 rows=10 width=121)
	              Index Cond: ((id >= 4139600) AND (id <= 4139609))

table 8 : explain SELECT DISTINCT c FROM sbtest8 WHERE id BETWEEN 6730841 AND 6730850 ORDER BY c
	Unique  (cost=44.25..44.30 rows=10 width=121)
	  ->  Sort  (cost=44.25..44.28 rows=10 width=121)
	        Sort Key: c
	        ->  Index Scan using sbtest8_pkey on sbtest8  (cost=0.43..44.09 rows=10 width=121)
	              Index Cond: ((id >= 6730841) AND (id <= 6730850))

for: distinct_ranges
table 1 : explain SELECT DISTINCT c FROM sbtest1 WHERE id BETWEEN 4262445 AND 4262454 ORDER BY c
	Unique  (cost=44.31..44.36 rows=10 width=121)
	  ->  Sort  (cost=44.31..44.33 rows=10 width=121)
	        Sort Key: c
	        ->  Index Scan using sbtest1_pkey on sbtest1  (cost=0.43..44.14 rows=10 width=121)
	              Index Cond: ((id >= 4262445) AND (id <= 4262454))

table 2 : explain SELECT DISTINCT c FROM sbtest2 WHERE id BETWEEN 2251402 AND 2251411 ORDER BY c
	Unique  (cost=44.20..44.25 rows=10 width=121)
	  ->  Sort  (cost=44.20..44.23 rows=10 width=121)
	        Sort Key: c
	        ->  Index Scan using sbtest2_pkey on sbtest2  (cost=0.43..44.04 rows=10 width=121)
	              Index Cond: ((id >= 2251402) AND (id <= 2251411))

table 3 : explain SELECT DISTINCT c FROM sbtest3 WHERE id BETWEEN 6507047 AND 6507056 ORDER BY c
	Unique  (cost=44.28..44.33 rows=10 width=121)
	  ->  Sort  (cost=44.28..44.30 rows=10 width=121)
	        Sort Key: c
	        ->  Index Scan using sbtest3_pkey on sbtest3  (cost=0.43..44.11 rows=10 width=121)
	              Index Cond: ((id >= 6507047) AND (id <= 6507056))

table 4 : explain SELECT DISTINCT c FROM sbtest4 WHERE id BETWEEN 8657828 AND 8657837 ORDER BY c
	Unique  (cost=44.27..44.32 rows=10 width=121)
	  ->  Sort  (cost=44.27..44.30 rows=10 width=121)
	        Sort Key: c
	        ->  Index Scan using sbtest4_pkey on sbtest4  (cost=0.43..44.11 rows=10 width=121)
	              Index Cond: ((id >= 8657828) AND (id <= 8657837))

table 5 : explain SELECT DISTINCT c FROM sbtest5 WHERE id BETWEEN 3307967 AND 3307976 ORDER BY c
	Unique  (cost=40.23..40.27 rows=9 width=121)
	  ->  Sort  (cost=40.23..40.25 rows=9 width=121)
	        Sort Key: c
	        ->  Index Scan using sbtest5_pkey on sbtest5  (cost=0.43..40.08 rows=9 width=121)
	              Index Cond: ((id >= 3307967) AND (id <= 3307976))

table 6 : explain SELECT DISTINCT c FROM sbtest6 WHERE id BETWEEN 2890980 AND 2890989 ORDER BY c
	Unique  (cost=40.22..40.26 rows=9 width=121)
	  ->  Sort  (cost=40.22..40.24 rows=9 width=121)
	        Sort Key: c
	        ->  Index Scan using sbtest6_pkey on sbtest6  (cost=0.43..40.08 rows=9 width=121)
	              Index Cond: ((id >= 2890980) AND (id <= 2890989))

table 7 : explain SELECT DISTINCT c FROM sbtest7 WHERE id BETWEEN 3326230 AND 3326239 ORDER BY c
	Unique  (cost=48.14..48.19 rows=11 width=121)
	  ->  Sort  (cost=48.14..48.16 rows=11 width=121)
	        Sort Key: c
	        ->  Index Scan using sbtest7_pkey on sbtest7  (cost=0.43..47.95 rows=11 width=121)
	              Index Cond: ((id >= 3326230) AND (id <= 3326239))

table 8 : explain SELECT DISTINCT c FROM sbtest8 WHERE id BETWEEN 9989336 AND 9989345 ORDER BY c
	Unique  (cost=44.25..44.30 rows=10 width=121)
	  ->  Sort  (cost=44.25..44.28 rows=10 width=121)
	        Sort Key: c
	        ->  Index Scan using sbtest8_pkey on sbtest8  (cost=0.43..44.09 rows=10 width=121)
	              Index Cond: ((id >= 9989336) AND (id <= 9989345))
for: distinct_ranges
table 1 : explain SELECT DISTINCT c FROM sbtest1 WHERE id BETWEEN 2421659 AND 2421668 ORDER BY c
	Unique  (cost=44.31..44.36 rows=10 width=121)
	  ->  Sort  (cost=44.31..44.33 rows=10 width=121)
	        Sort Key: c
	        ->  Index Scan using sbtest1_pkey on sbtest1  (cost=0.43..44.14 rows=10 width=121)
	              Index Cond: ((id >= 2421659) AND (id <= 2421668))

table 2 : explain SELECT DISTINCT c FROM sbtest2 WHERE id BETWEEN 3255506 AND 3255515 ORDER BY c
	Unique  (cost=44.20..44.25 rows=10 width=121)
	  ->  Sort  (cost=44.20..44.23 rows=10 width=121)
	        Sort Key: c
	        ->  Index Scan using sbtest2_pkey on sbtest2  (cost=0.43..44.04 rows=10 width=121)
	              Index Cond: ((id >= 3255506) AND (id <= 3255515))

table 3 : explain SELECT DISTINCT c FROM sbtest3 WHERE id BETWEEN 4307474 AND 4307483 ORDER BY c
	Unique  (cost=48.26..48.32 rows=11 width=121)
	  ->  Sort  (cost=48.26..48.29 rows=11 width=121)
	        Sort Key: c
	        ->  Index Scan using sbtest3_pkey on sbtest3  (cost=0.43..48.07 rows=11 width=121)
	              Index Cond: ((id >= 4307474) AND (id <= 4307483))

table 4 : explain SELECT DISTINCT c FROM sbtest4 WHERE id BETWEEN 7159520 AND 7159529 ORDER BY c
	Unique  (cost=44.27..44.32 rows=10 width=121)
	  ->  Sort  (cost=44.27..44.30 rows=10 width=121)
	        Sort Key: c
	        ->  Index Scan using sbtest4_pkey on sbtest4  (cost=0.43..44.11 rows=10 width=121)
	              Index Cond: ((id >= 7159520) AND (id <= 7159529))

table 5 : explain SELECT DISTINCT c FROM sbtest5 WHERE id BETWEEN 311125 AND 311134 ORDER BY c
	Unique  (cost=44.20..44.25 rows=10 width=121)
	  ->  Sort  (cost=44.20..44.23 rows=10 width=121)
	        Sort Key: c
	        ->  Index Scan using sbtest5_pkey on sbtest5  (cost=0.43..44.04 rows=10 width=121)
	              Index Cond: ((id >= 311125) AND (id <= 311134))

table 6 : explain SELECT DISTINCT c FROM sbtest6 WHERE id BETWEEN 7280181 AND 7280190 ORDER BY c
	Unique  (cost=44.19..44.24 rows=10 width=121)
	  ->  Sort  (cost=44.19..44.22 rows=10 width=121)
	        Sort Key: c
	        ->  Index Scan using sbtest6_pkey on sbtest6  (cost=0.43..44.03 rows=10 width=121)
	              Index Cond: ((id >= 7280181) AND (id <= 7280190))

table 7 : explain SELECT DISTINCT c FROM sbtest7 WHERE id BETWEEN 6337572 AND 6337581 ORDER BY c
	Unique  (cost=40.19..40.24 rows=9 width=121)
	  ->  Sort  (cost=40.19..40.21 rows=9 width=121)
	        Sort Key: c
	        ->  Index Scan using sbtest7_pkey on sbtest7  (cost=0.43..40.05 rows=9 width=121)
	              Index Cond: ((id >= 6337572) AND (id <= 6337581))

table 8 : explain SELECT DISTINCT c FROM sbtest8 WHERE id BETWEEN 2479542 AND 2479551 ORDER BY c
	Unique  (cost=44.25..44.30 rows=10 width=121)
	  ->  Sort  (cost=44.25..44.28 rows=10 width=121)
	        Sort Key: c
	        ->  Index Scan using sbtest8_pkey on sbtest8  (cost=0.43..44.09 rows=10 width=121)
	              Index Cond: ((id >= 2479542) AND (id <= 2479551))

for: order_ranges
table 1 : explain SELECT c FROM sbtest1 WHERE id BETWEEN 889733 AND 889742 ORDER BY c
	Sort  (cost=48.30..48.32 rows=11 width=121)
	  Sort Key: c
	  ->  Index Scan using sbtest1_pkey on sbtest1  (cost=0.43..48.11 rows=11 width=121)
	        Index Cond: ((id >= 889733) AND (id <= 889742))

table 2 : explain SELECT c FROM sbtest2 WHERE id BETWEEN 1180558 AND 1180567 ORDER BY c
	Sort  (cost=44.20..44.23 rows=10 width=121)
	  Sort Key: c
	  ->  Index Scan using sbtest2_pkey on sbtest2  (cost=0.43..44.04 rows=10 width=121)
	        Index Cond: ((id >= 1180558) AND (id <= 1180567))

table 3 : explain SELECT c FROM sbtest3 WHERE id BETWEEN 7757682 AND 7757691 ORDER BY c
	Sort  (cost=48.26..48.29 rows=11 width=121)
	  Sort Key: c
	  ->  Index Scan using sbtest3_pkey on sbtest3  (cost=0.43..48.07 rows=11 width=121)
	        Index Cond: ((id >= 7757682) AND (id <= 7757691))

table 4 : explain SELECT c FROM sbtest4 WHERE id BETWEEN 9925879 AND 9925888 ORDER BY c
	Sort  (cost=44.27..44.30 rows=10 width=121)
	  Sort Key: c
	  ->  Index Scan using sbtest4_pkey on sbtest4  (cost=0.43..44.11 rows=10 width=121)
	        Index Cond: ((id >= 9925879) AND (id <= 9925888))

table 5 : explain SELECT c FROM sbtest5 WHERE id BETWEEN 5092604 AND 5092613 ORDER BY c
	Sort  (cost=44.20..44.23 rows=10 width=121)
	  Sort Key: c
	  ->  Index Scan using sbtest5_pkey on sbtest5  (cost=0.43..44.04 rows=10 width=121)
	        Index Cond: ((id >= 5092604) AND (id <= 5092613))

table 6 : explain SELECT c FROM sbtest6 WHERE id BETWEEN 2448804 AND 2448813 ORDER BY c
	Sort  (cost=44.19..44.22 rows=10 width=121)
	  Sort Key: c
	  ->  Index Scan using sbtest6_pkey on sbtest6  (cost=0.43..44.03 rows=10 width=121)
	        Index Cond: ((id >= 2448804) AND (id <= 2448813))

table 7 : explain SELECT c FROM sbtest7 WHERE id BETWEEN 6524711 AND 6524720 ORDER BY c
	Sort  (cost=44.16..44.19 rows=10 width=121)
	  Sort Key: c
	  ->  Index Scan using sbtest7_pkey on sbtest7  (cost=0.43..44.00 rows=10 width=121)
	        Index Cond: ((id >= 6524711) AND (id <= 6524720))

table 8 : explain SELECT c FROM sbtest8 WHERE id BETWEEN 6422851 AND 6422860 ORDER BY c
	Sort  (cost=44.25..44.28 rows=10 width=121)
	  Sort Key: c
	  ->  Index Scan using sbtest8_pkey on sbtest8  (cost=0.43..44.09 rows=10 width=121)
	        Index Cond: ((id >= 6422851) AND (id <= 6422860))


for: order_ranges
table 1 : explain SELECT c FROM sbtest1 WHERE id BETWEEN 6741317 AND 6741326 ORDER BY c
	Sort  (cost=44.31..44.33 rows=10 width=121)
	  Sort Key: c
	  ->  Index Scan using sbtest1_pkey on sbtest1  (cost=0.43..44.14 rows=10 width=121)
	        Index Cond: ((id >= 6741317) AND (id <= 6741326))

table 2 : explain SELECT c FROM sbtest2 WHERE id BETWEEN 4801334 AND 4801343 ORDER BY c
	Sort  (cost=40.23..40.25 rows=9 width=121)
	  Sort Key: c
	  ->  Index Scan using sbtest2_pkey on sbtest2  (cost=0.43..40.08 rows=9 width=121)
	        Index Cond: ((id >= 4801334) AND (id <= 4801343))

table 3 : explain SELECT c FROM sbtest3 WHERE id BETWEEN 9064683 AND 9064692 ORDER BY c
	Sort  (cost=40.29..40.31 rows=9 width=121)
	  Sort Key: c
	  ->  Index Scan using sbtest3_pkey on sbtest3  (cost=0.43..40.15 rows=9 width=121)
	        Index Cond: ((id >= 9064683) AND (id <= 9064692))

table 4 : explain SELECT c FROM sbtest4 WHERE id BETWEEN 8603738 AND 8603747 ORDER BY c
	Sort  (cost=44.27..44.30 rows=10 width=121)
	  Sort Key: c
	  ->  Index Scan using sbtest4_pkey on sbtest4  (cost=0.43..44.11 rows=10 width=121)
	        Index Cond: ((id >= 8603738) AND (id <= 8603747))

table 5 : explain SELECT c FROM sbtest5 WHERE id BETWEEN 8480603 AND 8480612 ORDER BY c
	Sort  (cost=44.20..44.23 rows=10 width=121)
	  Sort Key: c
	  ->  Index Scan using sbtest5_pkey on sbtest5  (cost=0.43..44.04 rows=10 width=121)
	        Index Cond: ((id >= 8480603) AND (id <= 8480612))

table 6 : explain SELECT c FROM sbtest6 WHERE id BETWEEN 724410 AND 724419 ORDER BY c
	Sort  (cost=44.19..44.22 rows=10 width=121)
	  Sort Key: c
	  ->  Index Scan using sbtest6_pkey on sbtest6  (cost=0.43..44.03 rows=10 width=121)
	        Index Cond: ((id >= 724410) AND (id <= 724419))

table 7 : explain SELECT c FROM sbtest7 WHERE id BETWEEN 5722324 AND 5722333 ORDER BY c
	Sort  (cost=44.16..44.19 rows=10 width=121)
	  Sort Key: c
	  ->  Index Scan using sbtest7_pkey on sbtest7  (cost=0.43..44.00 rows=10 width=121)
	        Index Cond: ((id >= 5722324) AND (id <= 5722333))

table 8 : explain SELECT c FROM sbtest8 WHERE id BETWEEN 4529350 AND 4529359 ORDER BY c
	Sort  (cost=44.25..44.28 rows=10 width=121)
	  Sort Key: c
	  ->  Index Scan using sbtest8_pkey on sbtest8  (cost=0.43..44.09 rows=10 width=121)
	        Index Cond: ((id >= 4529350) AND (id <= 4529359))

for: distinct_ranges
table 1 : explain SELECT DISTINCT c FROM sbtest1 WHERE id BETWEEN 2800716 AND 2800725 ORDER BY c
	Unique  (cost=44.31..44.36 rows=10 width=121)
	  ->  Sort  (cost=44.31..44.33 rows=10 width=121)
	        Sort Key: c
	        ->  Index Scan using sbtest1_pkey on sbtest1  (cost=0.43..44.14 rows=10 width=121)
	              Index Cond: ((id >= 2800716) AND (id <= 2800725))

table 2 : explain SELECT DISTINCT c FROM sbtest2 WHERE id BETWEEN 827137 AND 827146 ORDER BY c
	Unique  (cost=44.20..44.25 rows=10 width=121)
	  ->  Sort  (cost=44.20..44.23 rows=10 width=121)
	        Sort Key: c
	        ->  Index Scan using sbtest2_pkey on sbtest2  (cost=0.43..44.04 rows=10 width=121)
	              Index Cond: ((id >= 827137) AND (id <= 827146))

table 3 : explain SELECT DISTINCT c FROM sbtest3 WHERE id BETWEEN 2338573 AND 2338582 ORDER BY c
	Unique  (cost=44.28..44.33 rows=10 width=121)
	  ->  Sort  (cost=44.28..44.30 rows=10 width=121)
	        Sort Key: c
	        ->  Index Scan using sbtest3_pkey on sbtest3  (cost=0.43..44.11 rows=10 width=121)
	              Index Cond: ((id >= 2338573) AND (id <= 2338582))

table 4 : explain SELECT DISTINCT c FROM sbtest4 WHERE id BETWEEN 4733386 AND 4733395 ORDER BY c
	Unique  (cost=44.27..44.32 rows=10 width=121)
	  ->  Sort  (cost=44.27..44.30 rows=10 width=121)
	        Sort Key: c
	        ->  Index Scan using sbtest4_pkey on sbtest4  (cost=0.43..44.11 rows=10 width=121)
	              Index Cond: ((id >= 4733386) AND (id <= 4733395))

table 5 : explain SELECT DISTINCT c FROM sbtest5 WHERE id BETWEEN 8477004 AND 8477013 ORDER BY c
	Unique  (cost=44.20..44.25 rows=10 width=121)
	  ->  Sort  (cost=44.20..44.23 rows=10 width=121)
	        Sort Key: c
	        ->  Index Scan using sbtest5_pkey on sbtest5  (cost=0.43..44.04 rows=10 width=121)
	              Index Cond: ((id >= 8477004) AND (id <= 8477013))

table 6 : explain SELECT DISTINCT c FROM sbtest6 WHERE id BETWEEN 5374587 AND 5374596 ORDER BY c
	Unique  (cost=44.19..44.24 rows=10 width=121)
	  ->  Sort  (cost=44.19..44.22 rows=10 width=121)
	        Sort Key: c
	        ->  Index Scan using sbtest6_pkey on sbtest6  (cost=0.43..44.03 rows=10 width=121)
	              Index Cond: ((id >= 5374587) AND (id <= 5374596))

table 7 : explain SELECT DISTINCT c FROM sbtest7 WHERE id BETWEEN 9108246 AND 9108255 ORDER BY c
	Unique  (cost=48.14..48.19 rows=11 width=121)
	  ->  Sort  (cost=48.14..48.16 rows=11 width=121)
	        Sort Key: c
	        ->  Index Scan using sbtest7_pkey on sbtest7  (cost=0.43..47.95 rows=11 width=121)
	              Index Cond: ((id >= 9108246) AND (id <= 9108255))

table 8 : explain SELECT DISTINCT c FROM sbtest8 WHERE id BETWEEN 8721525 AND 8721534 ORDER BY c
	Unique  (cost=48.23..48.29 rows=11 width=121)
	  ->  Sort  (cost=48.23..48.26 rows=11 width=121)
	        Sort Key: c
	        ->  Index Scan using sbtest8_pkey on sbtest8  (cost=0.43..48.04 rows=11 width=121)
	              Index Cond: ((id >= 8721525) AND (id <= 8721534))

for: distinct_ranges
table 1 : explain SELECT DISTINCT c FROM sbtest1 WHERE id BETWEEN 5275020 AND 5275029 ORDER BY c
	Unique  (cost=40.32..40.36 rows=9 width=121)
	  ->  Sort  (cost=40.32..40.34 rows=9 width=121)
	        Sort Key: c
	        ->  Index Scan using sbtest1_pkey on sbtest1  (cost=0.43..40.18 rows=9 width=121)
	              Index Cond: ((id >= 5275020) AND (id <= 5275029))

table 2 : explain SELECT DISTINCT c FROM sbtest2 WHERE id BETWEEN 6711240 AND 6711249 ORDER BY c
	Unique  (cost=44.20..44.25 rows=10 width=121)
	  ->  Sort  (cost=44.20..44.23 rows=10 width=121)
	        Sort Key: c
	        ->  Index Scan using sbtest2_pkey on sbtest2  (cost=0.43..44.04 rows=10 width=121)
	              Index Cond: ((id >= 6711240) AND (id <= 6711249))

table 3 : explain SELECT DISTINCT c FROM sbtest3 WHERE id BETWEEN 9333533 AND 9333542 ORDER BY c
	Unique  (cost=48.26..48.32 rows=11 width=121)
	  ->  Sort  (cost=48.26..48.29 rows=11 width=121)
	        Sort Key: c
	        ->  Index Scan using sbtest3_pkey on sbtest3  (cost=0.43..48.07 rows=11 width=121)
	              Index Cond: ((id >= 9333533) AND (id <= 9333542))

table 4 : explain SELECT DISTINCT c FROM sbtest4 WHERE id BETWEEN 9439776 AND 9439785 ORDER BY c
	Unique  (cost=44.27..44.32 rows=10 width=121)
	  ->  Sort  (cost=44.27..44.30 rows=10 width=121)
	        Sort Key: c
	        ->  Index Scan using sbtest4_pkey on sbtest4  (cost=0.43..44.11 rows=10 width=121)
	              Index Cond: ((id >= 9439776) AND (id <= 9439785))

table 5 : explain SELECT DISTINCT c FROM sbtest5 WHERE id BETWEEN 9788650 AND 9788659 ORDER BY c
	Unique  (cost=44.20..44.25 rows=10 width=121)
	  ->  Sort  (cost=44.20..44.23 rows=10 width=121)
	        Sort Key: c
	        ->  Index Scan using sbtest5_pkey on sbtest5  (cost=0.43..44.04 rows=10 width=121)
	              Index Cond: ((id >= 9788650) AND (id <= 9788659))

table 6 : explain SELECT DISTINCT c FROM sbtest6 WHERE id BETWEEN 2045043 AND 2045052 ORDER BY c
	Unique  (cost=44.19..44.24 rows=10 width=121)
	  ->  Sort  (cost=44.19..44.22 rows=10 width=121)
	        Sort Key: c
	        ->  Index Scan using sbtest6_pkey on sbtest6  (cost=0.43..44.03 rows=10 width=121)
	              Index Cond: ((id >= 2045043) AND (id <= 2045052))

table 7 : explain SELECT DISTINCT c FROM sbtest7 WHERE id BETWEEN 1620913 AND 1620922 ORDER BY c
	Unique  (cost=44.16..44.21 rows=10 width=121)
	  ->  Sort  (cost=44.16..44.19 rows=10 width=121)
	        Sort Key: c
	        ->  Index Scan using sbtest7_pkey on sbtest7  (cost=0.43..44.00 rows=10 width=121)
	              Index Cond: ((id >= 1620913) AND (id <= 1620922))

table 8 : explain SELECT DISTINCT c FROM sbtest8 WHERE id BETWEEN 4101467 AND 4101476 ORDER BY c
	Unique  (cost=40.27..40.31 rows=9 width=121)
	  ->  Sort  (cost=40.27..40.29 rows=9 width=121)
	        Sort Key: c
	        ->  Index Scan using sbtest8_pkey on sbtest8  (cost=0.43..40.13 rows=9 width=121)
	              Index Cond: ((id >= 4101467) AND (id <= 4101476))

for: distinct_ranges
table 1 : explain SELECT DISTINCT c FROM sbtest1 WHERE id BETWEEN 5594030 AND 5594039 ORDER BY c
	Unique  (cost=44.31..44.36 rows=10 width=121)
	  ->  Sort  (cost=44.31..44.33 rows=10 width=121)
	        Sort Key: c
	        ->  Index Scan using sbtest1_pkey on sbtest1  (cost=0.43..44.14 rows=10 width=121)
	              Index Cond: ((id >= 5594030) AND (id <= 5594039))

table 2 : explain SELECT DISTINCT c FROM sbtest2 WHERE id BETWEEN 6927175 AND 6927184 ORDER BY c
	Unique  (cost=44.20..44.25 rows=10 width=121)
	  ->  Sort  (cost=44.20..44.23 rows=10 width=121)
	        Sort Key: c
	        ->  Index Scan using sbtest2_pkey on sbtest2  (cost=0.43..44.04 rows=10 width=121)
	              Index Cond: ((id >= 6927175) AND (id <= 6927184))

table 3 : explain SELECT DISTINCT c FROM sbtest3 WHERE id BETWEEN 5729217 AND 5729226 ORDER BY c
	Unique  (cost=40.29..40.34 rows=9 width=121)
	  ->  Sort  (cost=40.29..40.31 rows=9 width=121)
	        Sort Key: c
	        ->  Index Scan using sbtest3_pkey on sbtest3  (cost=0.43..40.15 rows=9 width=121)
	              Index Cond: ((id >= 5729217) AND (id <= 5729226))

table 4 : explain SELECT DISTINCT c FROM sbtest4 WHERE id BETWEEN 7727873 AND 7727882 ORDER BY c
	Unique  (cost=40.29..40.33 rows=9 width=121)
	  ->  Sort  (cost=40.29..40.31 rows=9 width=121)
	        Sort Key: c
	        ->  Index Scan using sbtest4_pkey on sbtest4  (cost=0.43..40.15 rows=9 width=121)
	              Index Cond: ((id >= 7727873) AND (id <= 7727882))

table 5 : explain SELECT DISTINCT c FROM sbtest5 WHERE id BETWEEN 7936798 AND 7936807 ORDER BY c
	Unique  (cost=44.20..44.25 rows=10 width=121)
	  ->  Sort  (cost=44.20..44.23 rows=10 width=121)
	        Sort Key: c
	        ->  Index Scan using sbtest5_pkey on sbtest5  (cost=0.43..44.04 rows=10 width=121)
	              Index Cond: ((id >= 7936798) AND (id <= 7936807))

table 6 : explain SELECT DISTINCT c FROM sbtest6 WHERE id BETWEEN 1807622 AND 1807631 ORDER BY c
	Unique  (cost=44.19..44.24 rows=10 width=121)
	  ->  Sort  (cost=44.19..44.22 rows=10 width=121)
	        Sort Key: c
	        ->  Index Scan using sbtest6_pkey on sbtest6  (cost=0.43..44.03 rows=10 width=121)
	              Index Cond: ((id >= 1807622) AND (id <= 1807631))

table 7 : explain SELECT DISTINCT c FROM sbtest7 WHERE id BETWEEN 3067264 AND 3067273 ORDER BY c
	Unique  (cost=44.16..44.21 rows=10 width=121)
	  ->  Sort  (cost=44.16..44.19 rows=10 width=121)
	        Sort Key: c
	        ->  Index Scan using sbtest7_pkey on sbtest7  (cost=0.43..44.00 rows=10 width=121)
	              Index Cond: ((id >= 3067264) AND (id <= 3067273))

table 8 : explain SELECT DISTINCT c FROM sbtest8 WHERE id BETWEEN 471735 AND 471744 ORDER BY c
	Unique  (cost=40.27..40.31 rows=9 width=121)
	  ->  Sort  (cost=40.27..40.29 rows=9 width=121)
	        Sort Key: c
	        ->  Index Scan using sbtest8_pkey on sbtest8  (cost=0.43..40.13 rows=9 width=121)
	              Index Cond: ((id >= 471735) AND (id <= 471744))

for: order_ranges
table 1 : explain SELECT c FROM sbtest1 WHERE id BETWEEN 1475936 AND 1475945 ORDER BY c
	Sort  (cost=40.32..40.34 rows=9 width=121)
	  Sort Key: c
	  ->  Index Scan using sbtest1_pkey on sbtest1  (cost=0.43..40.18 rows=9 width=121)
	        Index Cond: ((id >= 1475936) AND (id <= 1475945))

table 2 : explain SELECT c FROM sbtest2 WHERE id BETWEEN 2731066 AND 2731075 ORDER BY c
	Sort  (cost=44.20..44.23 rows=10 width=121)
	  Sort Key: c
	  ->  Index Scan using sbtest2_pkey on sbtest2  (cost=0.43..44.04 rows=10 width=121)
	        Index Cond: ((id >= 2731066) AND (id <= 2731075))

table 3 : explain SELECT c FROM sbtest3 WHERE id BETWEEN 7418728 AND 7418737 ORDER BY c
	Sort  (cost=44.28..44.30 rows=10 width=121)
	  Sort Key: c
	  ->  Index Scan using sbtest3_pkey on sbtest3  (cost=0.43..44.11 rows=10 width=121)
	        Index Cond: ((id >= 7418728) AND (id <= 7418737))

table 4 : explain SELECT c FROM sbtest4 WHERE id BETWEEN 4797744 AND 4797753 ORDER BY c
	Sort  (cost=44.27..44.30 rows=10 width=121)
	  Sort Key: c
	  ->  Index Scan using sbtest4_pkey on sbtest4  (cost=0.43..44.11 rows=10 width=121)
	        Index Cond: ((id >= 4797744) AND (id <= 4797753))

table 5 : explain SELECT c FROM sbtest5 WHERE id BETWEEN 9200516 AND 9200525 ORDER BY c
	Sort  (cost=40.23..40.25 rows=9 width=121)
	  Sort Key: c
	  ->  Index Scan using sbtest5_pkey on sbtest5  (cost=0.43..40.08 rows=9 width=121)
	        Index Cond: ((id >= 9200516) AND (id <= 9200525))

table 6 : explain SELECT c FROM sbtest6 WHERE id BETWEEN 8400919 AND 8400928 ORDER BY c
	Sort  (cost=48.17..48.20 rows=11 width=121)
	  Sort Key: c
	  ->  Index Scan using sbtest6_pkey on sbtest6  (cost=0.43..47.98 rows=11 width=121)
	        Index Cond: ((id >= 8400919) AND (id <= 8400928))

table 7 : explain SELECT c FROM sbtest7 WHERE id BETWEEN 9940576 AND 9940585 ORDER BY c
	Sort  (cost=44.16..44.19 rows=10 width=121)
	  Sort Key: c
	  ->  Index Scan using sbtest7_pkey on sbtest7  (cost=0.43..44.00 rows=10 width=121)
	        Index Cond: ((id >= 9940576) AND (id <= 9940585))

table 8 : explain SELECT c FROM sbtest8 WHERE id BETWEEN 7864562 AND 7864571 ORDER BY c
	Sort  (cost=44.25..44.28 rows=10 width=121)
	  Sort Key: c
	  ->  Index Scan using sbtest8_pkey on sbtest8  (cost=0.43..44.09 rows=10 width=121)
	        Index Cond: ((id >= 7864562) AND (id <= 7864571))

for: distinct_ranges
table 1 : explain SELECT DISTINCT c FROM sbtest1 WHERE id BETWEEN 5157790 AND 5157799 ORDER BY c
	Unique  (cost=44.31..44.36 rows=10 width=121)
	  ->  Sort  (cost=44.31..44.33 rows=10 width=121)
	        Sort Key: c
	        ->  Index Scan using sbtest1_pkey on sbtest1  (cost=0.43..44.14 rows=10 width=121)
	              Index Cond: ((id >= 5157790) AND (id <= 5157799))

table 2 : explain SELECT DISTINCT c FROM sbtest2 WHERE id BETWEEN 2123807 AND 2123816 ORDER BY c
	Unique  (cost=44.20..44.25 rows=10 width=121)
	  ->  Sort  (cost=44.20..44.23 rows=10 width=121)
	        Sort Key: c
	        ->  Index Scan using sbtest2_pkey on sbtest2  (cost=0.43..44.04 rows=10 width=121)
	              Index Cond: ((id >= 2123807) AND (id <= 2123816))

table 3 : explain SELECT DISTINCT c FROM sbtest3 WHERE id BETWEEN 3722796 AND 3722805 ORDER BY c
	Unique  (cost=44.28..44.33 rows=10 width=121)
	  ->  Sort  (cost=44.28..44.30 rows=10 width=121)
	        Sort Key: c
	        ->  Index Scan using sbtest3_pkey on sbtest3  (cost=0.43..44.11 rows=10 width=121)
	              Index Cond: ((id >= 3722796) AND (id <= 3722805))

table 4 : explain SELECT DISTINCT c FROM sbtest4 WHERE id BETWEEN 4446595 AND 4446604 ORDER BY c
	Unique  (cost=44.27..44.32 rows=10 width=121)
	  ->  Sort  (cost=44.27..44.30 rows=10 width=121)
	        Sort Key: c
	        ->  Index Scan using sbtest4_pkey on sbtest4  (cost=0.43..44.11 rows=10 width=121)
	              Index Cond: ((id >= 4446595) AND (id <= 4446604))

table 5 : explain SELECT DISTINCT c FROM sbtest5 WHERE id BETWEEN 3875724 AND 3875733 ORDER BY c
	Unique  (cost=44.20..44.25 rows=10 width=121)
	  ->  Sort  (cost=44.20..44.23 rows=10 width=121)
	        Sort Key: c
	        ->  Index Scan using sbtest5_pkey on sbtest5  (cost=0.43..44.04 rows=10 width=121)
	              Index Cond: ((id >= 3875724) AND (id <= 3875733))

table 6 : explain SELECT DISTINCT c FROM sbtest6 WHERE id BETWEEN 2645124 AND 2645133 ORDER BY c
	Unique  (cost=44.19..44.24 rows=10 width=121)
	  ->  Sort  (cost=44.19..44.22 rows=10 width=121)
	        Sort Key: c
	        ->  Index Scan using sbtest6_pkey on sbtest6  (cost=0.43..44.03 rows=10 width=121)
	              Index Cond: ((id >= 2645124) AND (id <= 2645133))

table 7 : explain SELECT DISTINCT c FROM sbtest7 WHERE id BETWEEN 8395623 AND 8395632 ORDER BY c
	Unique  (cost=44.16..44.21 rows=10 width=121)
	  ->  Sort  (cost=44.16..44.19 rows=10 width=121)
	        Sort Key: c
	        ->  Index Scan using sbtest7_pkey on sbtest7  (cost=0.43..44.00 rows=10 width=121)
	              Index Cond: ((id >= 8395623) AND (id <= 8395632))

table 8 : explain SELECT DISTINCT c FROM sbtest8 WHERE id BETWEEN 7890163 AND 7890172 ORDER BY c
	Unique  (cost=44.25..44.30 rows=10 width=121)
	  ->  Sort  (cost=44.25..44.28 rows=10 width=121)
	        Sort Key: c
	        ->  Index Scan using sbtest8_pkey on sbtest8  (cost=0.43..44.09 rows=10 width=121)
	              Index Cond: ((id >= 7890163) AND (id <= 7890172))

for: distinct_ranges
table 1 : explain SELECT DISTINCT c FROM sbtest1 WHERE id BETWEEN 27591 AND 27600 ORDER BY c
	Unique  (cost=44.31..44.36 rows=10 width=121)
	  ->  Sort  (cost=44.31..44.33 rows=10 width=121)
	        Sort Key: c
	        ->  Index Scan using sbtest1_pkey on sbtest1  (cost=0.43..44.14 rows=10 width=121)
	              Index Cond: ((id >= 27591) AND (id <= 27600))

table 2 : explain SELECT DISTINCT c FROM sbtest2 WHERE id BETWEEN 7436124 AND 7436133 ORDER BY c
	Unique  (cost=44.20..44.25 rows=10 width=121)
	  ->  Sort  (cost=44.20..44.23 rows=10 width=121)
	        Sort Key: c
	        ->  Index Scan using sbtest2_pkey on sbtest2  (cost=0.43..44.04 rows=10 width=121)
	              Index Cond: ((id >= 7436124) AND (id <= 7436133))

table 3 : explain SELECT DISTINCT c FROM sbtest3 WHERE id BETWEEN 7273484 AND 7273493 ORDER BY c
	Unique  (cost=44.28..44.33 rows=10 width=121)
	  ->  Sort  (cost=44.28..44.30 rows=10 width=121)
	        Sort Key: c
	        ->  Index Scan using sbtest3_pkey on sbtest3  (cost=0.43..44.11 rows=10 width=121)
	              Index Cond: ((id >= 7273484) AND (id <= 7273493))

table 4 : explain SELECT DISTINCT c FROM sbtest4 WHERE id BETWEEN 476296 AND 476305 ORDER BY c
	Unique  (cost=40.29..40.33 rows=9 width=121)
	  ->  Sort  (cost=40.29..40.31 rows=9 width=121)
	        Sort Key: c
	        ->  Index Scan using sbtest4_pkey on sbtest4  (cost=0.43..40.15 rows=9 width=121)
	              Index Cond: ((id >= 476296) AND (id <= 476305))

table 5 : explain SELECT DISTINCT c FROM sbtest5 WHERE id BETWEEN 2321634 AND 2321643 ORDER BY c
	Unique  (cost=44.20..44.25 rows=10 width=121)
	  ->  Sort  (cost=44.20..44.23 rows=10 width=121)
	        Sort Key: c
	        ->  Index Scan using sbtest5_pkey on sbtest5  (cost=0.43..44.04 rows=10 width=121)
	              Index Cond: ((id >= 2321634) AND (id <= 2321643))

table 6 : explain SELECT DISTINCT c FROM sbtest6 WHERE id BETWEEN 1167110 AND 1167119 ORDER BY c
	Unique  (cost=44.19..44.24 rows=10 width=121)
	  ->  Sort  (cost=44.19..44.22 rows=10 width=121)
	        Sort Key: c
	        ->  Index Scan using sbtest6_pkey on sbtest6  (cost=0.43..44.03 rows=10 width=121)
	              Index Cond: ((id >= 1167110) AND (id <= 1167119))

table 7 : explain SELECT DISTINCT c FROM sbtest7 WHERE id BETWEEN 7879553 AND 7879562 ORDER BY c
	Unique  (cost=44.16..44.21 rows=10 width=121)
	  ->  Sort  (cost=44.16..44.19 rows=10 width=121)
	        Sort Key: c
	        ->  Index Scan using sbtest7_pkey on sbtest7  (cost=0.43..44.00 rows=10 width=121)
	              Index Cond: ((id >= 7879553) AND (id <= 7879562))

table 8 : explain SELECT DISTINCT c FROM sbtest8 WHERE id BETWEEN 9347542 AND 9347551 ORDER BY c
	Unique  (cost=40.27..40.31 rows=9 width=121)
	  ->  Sort  (cost=40.27..40.29 rows=9 width=121)
	        Sort Key: c
	        ->  Index Scan using sbtest8_pkey on sbtest8  (cost=0.43..40.13 rows=9 width=121)
	              Index Cond: ((id >= 9347542) AND (id <= 9347551))

for: order_ranges
table 1 : explain SELECT c FROM sbtest1 WHERE id BETWEEN 6760950 AND 6760959 ORDER BY c
	Sort  (cost=44.31..44.33 rows=10 width=121)
	  Sort Key: c
	  ->  Index Scan using sbtest1_pkey on sbtest1  (cost=0.43..44.14 rows=10 width=121)
	        Index Cond: ((id >= 6760950) AND (id <= 6760959))

table 2 : explain SELECT c FROM sbtest2 WHERE id BETWEEN 6260364 AND 6260373 ORDER BY c
	Sort  (cost=44.20..44.23 rows=10 width=121)
	  Sort Key: c
	  ->  Index Scan using sbtest2_pkey on sbtest2  (cost=0.43..44.04 rows=10 width=121)
	        Index Cond: ((id >= 6260364) AND (id <= 6260373))

table 3 : explain SELECT c FROM sbtest3 WHERE id BETWEEN 7124357 AND 7124366 ORDER BY c
	Sort  (cost=44.28..44.30 rows=10 width=121)
	  Sort Key: c
	  ->  Index Scan using sbtest3_pkey on sbtest3  (cost=0.43..44.11 rows=10 width=121)
	        Index Cond: ((id >= 7124357) AND (id <= 7124366))

table 4 : explain SELECT c FROM sbtest4 WHERE id BETWEEN 5921372 AND 5921381 ORDER BY c
	Sort  (cost=44.27..44.30 rows=10 width=121)
	  Sort Key: c
	  ->  Index Scan using sbtest4_pkey on sbtest4  (cost=0.43..44.11 rows=10 width=121)
	        Index Cond: ((id >= 5921372) AND (id <= 5921381))

table 5 : explain SELECT c FROM sbtest5 WHERE id BETWEEN 4863272 AND 4863281 ORDER BY c
	Sort  (cost=44.20..44.23 rows=10 width=121)
	  Sort Key: c
	  ->  Index Scan using sbtest5_pkey on sbtest5  (cost=0.43..44.04 rows=10 width=121)
	        Index Cond: ((id >= 4863272) AND (id <= 4863281))

table 6 : explain SELECT c FROM sbtest6 WHERE id BETWEEN 6981523 AND 6981532 ORDER BY c
	Sort  (cost=40.22..40.24 rows=9 width=121)
	  Sort Key: c
	  ->  Index Scan using sbtest6_pkey on sbtest6  (cost=0.43..40.08 rows=9 width=121)
	        Index Cond: ((id >= 6981523) AND (id <= 6981532))

table 7 : explain SELECT c FROM sbtest7 WHERE id BETWEEN 2837401 AND 2837410 ORDER BY c
	Sort  (cost=44.16..44.19 rows=10 width=121)
	  Sort Key: c
	  ->  Index Scan using sbtest7_pkey on sbtest7  (cost=0.43..44.00 rows=10 width=121)
	        Index Cond: ((id >= 2837401) AND (id <= 2837410))

table 8 : explain SELECT c FROM sbtest8 WHERE id BETWEEN 9443731 AND 9443740 ORDER BY c
	Sort  (cost=44.25..44.28 rows=10 width=121)
	  Sort Key: c
	  ->  Index Scan using sbtest8_pkey on sbtest8  (cost=0.43..44.09 rows=10 width=121)
	        Index Cond: ((id >= 9443731) AND (id <= 9443740))

for: distinct_ranges
table 1 : explain SELECT DISTINCT c FROM sbtest1 WHERE id BETWEEN 772780 AND 772789 ORDER BY c
	Unique  (cost=44.31..44.36 rows=10 width=121)
	  ->  Sort  (cost=44.31..44.33 rows=10 width=121)
	        Sort Key: c
	        ->  Index Scan using sbtest1_pkey on sbtest1  (cost=0.43..44.14 rows=10 width=121)
	              Index Cond: ((id >= 772780) AND (id <= 772789))

table 2 : explain SELECT DISTINCT c FROM sbtest2 WHERE id BETWEEN 7151659 AND 7151668 ORDER BY c
	Unique  (cost=40.23..40.27 rows=9 width=121)
	  ->  Sort  (cost=40.23..40.25 rows=9 width=121)
	        Sort Key: c
	        ->  Index Scan using sbtest2_pkey on sbtest2  (cost=0.43..40.08 rows=9 width=121)
	              Index Cond: ((id >= 7151659) AND (id <= 7151668))

table 3 : explain SELECT DISTINCT c FROM sbtest3 WHERE id BETWEEN 805132 AND 805141 ORDER BY c
	Unique  (cost=40.29..40.34 rows=9 width=121)
	  ->  Sort  (cost=40.29..40.31 rows=9 width=121)
	        Sort Key: c
	        ->  Index Scan using sbtest3_pkey on sbtest3  (cost=0.43..40.15 rows=9 width=121)
	              Index Cond: ((id >= 805132) AND (id <= 805141))

table 4 : explain SELECT DISTINCT c FROM sbtest4 WHERE id BETWEEN 2715998 AND 2716007 ORDER BY c
	Unique  (cost=44.27..44.32 rows=10 width=121)
	  ->  Sort  (cost=44.27..44.30 rows=10 width=121)
	        Sort Key: c
	        ->  Index Scan using sbtest4_pkey on sbtest4  (cost=0.43..44.11 rows=10 width=121)
	              Index Cond: ((id >= 2715998) AND (id <= 2716007))

table 5 : explain SELECT DISTINCT c FROM sbtest5 WHERE id BETWEEN 3133531 AND 3133540 ORDER BY c
	Unique  (cost=40.23..40.27 rows=9 width=121)
	  ->  Sort  (cost=40.23..40.25 rows=9 width=121)
	        Sort Key: c
	        ->  Index Scan using sbtest5_pkey on sbtest5  (cost=0.43..40.08 rows=9 width=121)
	              Index Cond: ((id >= 3133531) AND (id <= 3133540))

table 6 : explain SELECT DISTINCT c FROM sbtest6 WHERE id BETWEEN 6085303 AND 6085312 ORDER BY c
	Unique  (cost=44.19..44.24 rows=10 width=121)
	  ->  Sort  (cost=44.19..44.22 rows=10 width=121)
	        Sort Key: c
	        ->  Index Scan using sbtest6_pkey on sbtest6  (cost=0.43..44.03 rows=10 width=121)
	              Index Cond: ((id >= 6085303) AND (id <= 6085312))

table 7 : explain SELECT DISTINCT c FROM sbtest7 WHERE id BETWEEN 7445046 AND 7445055 ORDER BY c
	Unique  (cost=48.14..48.19 rows=11 width=121)
	  ->  Sort  (cost=48.14..48.16 rows=11 width=121)
	        Sort Key: c
	        ->  Index Scan using sbtest7_pkey on sbtest7  (cost=0.43..47.95 rows=11 width=121)
	              Index Cond: ((id >= 7445046) AND (id <= 7445055))

table 8 : explain SELECT DISTINCT c FROM sbtest8 WHERE id BETWEEN 625892 AND 625901 ORDER BY c
	Unique  (cost=48.23..48.29 rows=11 width=121)
	  ->  Sort  (cost=48.23..48.26 rows=11 width=121)
	        Sort Key: c
	        ->  Index Scan using sbtest8_pkey on sbtest8  (cost=0.43..48.04 rows=11 width=121)
	              Index Cond: ((id >= 625892) AND (id <= 625901))

for: sum_ranges
table 1 : explain SELECT SUM(k) FROM sbtest1 WHERE id BETWEEN 3240674 AND 3240683
	Aggregate  (cost=40.20..40.21 rows=1 width=8)
	  ->  Index Scan using sbtest1_pkey on sbtest1  (cost=0.43..40.18 rows=9 width=4)
	        Index Cond: ((id >= 3240674) AND (id <= 3240683))

table 2 : explain SELECT SUM(k) FROM sbtest2 WHERE id BETWEEN 5962417 AND 5962426
	Aggregate  (cost=48.02..48.03 rows=1 width=8)
	  ->  Index Scan using sbtest2_pkey on sbtest2  (cost=0.43..47.99 rows=11 width=4)
	        Index Cond: ((id >= 5962417) AND (id <= 5962426))

table 3 : explain SELECT SUM(k) FROM sbtest3 WHERE id BETWEEN 4609623 AND 4609632
	Aggregate  (cost=40.17..40.18 rows=1 width=8)
	  ->  Index Scan using sbtest3_pkey on sbtest3  (cost=0.43..40.15 rows=9 width=4)
	        Index Cond: ((id >= 4609623) AND (id <= 4609632))

table 4 : explain SELECT SUM(k) FROM sbtest4 WHERE id BETWEEN 3858141 AND 3858150
	Aggregate  (cost=44.13..44.14 rows=1 width=8)
	  ->  Index Scan using sbtest4_pkey on sbtest4  (cost=0.43..44.11 rows=10 width=4)
	        Index Cond: ((id >= 3858141) AND (id <= 3858150))

table 5 : explain SELECT SUM(k) FROM sbtest5 WHERE id BETWEEN 2492705 AND 2492714
	Aggregate  (cost=44.06..44.07 rows=1 width=8)
	  ->  Index Scan using sbtest5_pkey on sbtest5  (cost=0.43..44.04 rows=10 width=4)
	        Index Cond: ((id >= 2492705) AND (id <= 2492714))

table 6 : explain SELECT SUM(k) FROM sbtest6 WHERE id BETWEEN 4279135 AND 4279144
	Aggregate  (cost=48.01..48.02 rows=1 width=8)
	  ->  Index Scan using sbtest6_pkey on sbtest6  (cost=0.43..47.98 rows=11 width=4)
	        Index Cond: ((id >= 4279135) AND (id <= 4279144))

table 7 : explain SELECT SUM(k) FROM sbtest7 WHERE id BETWEEN 3754820 AND 3754829
	Aggregate  (cost=44.02..44.03 rows=1 width=8)
	  ->  Index Scan using sbtest7_pkey on sbtest7  (cost=0.43..44.00 rows=10 width=4)
	        Index Cond: ((id >= 3754820) AND (id <= 3754829))

table 8 : explain SELECT SUM(k) FROM sbtest8 WHERE id BETWEEN 9681111 AND 9681120
	Aggregate  (cost=44.11..44.12 rows=1 width=8)
	  ->  Index Scan using sbtest8_pkey on sbtest8  (cost=0.43..44.09 rows=10 width=4)
	        Index Cond: ((id >= 9681111) AND (id <= 9681120))

for: distinct_ranges
table 1 : explain SELECT DISTINCT c FROM sbtest1 WHERE id BETWEEN 1460899 AND 1460908 ORDER BY c
	Unique  (cost=40.32..40.36 rows=9 width=121)
	  ->  Sort  (cost=40.32..40.34 rows=9 width=121)
	        Sort Key: c
	        ->  Index Scan using sbtest1_pkey on sbtest1  (cost=0.43..40.18 rows=9 width=121)
	              Index Cond: ((id >= 1460899) AND (id <= 1460908))

table 2 : explain SELECT DISTINCT c FROM sbtest2 WHERE id BETWEEN 2230333 AND 2230342 ORDER BY c
	Unique  (cost=44.20..44.25 rows=10 width=121)
	  ->  Sort  (cost=44.20..44.23 rows=10 width=121)
	        Sort Key: c
	        ->  Index Scan using sbtest2_pkey on sbtest2  (cost=0.43..44.04 rows=10 width=121)
	              Index Cond: ((id >= 2230333) AND (id <= 2230342))

table 3 : explain SELECT DISTINCT c FROM sbtest3 WHERE id BETWEEN 46552 AND 46561 ORDER BY c
	Unique  (cost=44.28..44.33 rows=10 width=121)
	  ->  Sort  (cost=44.28..44.30 rows=10 width=121)
	        Sort Key: c
	        ->  Index Scan using sbtest3_pkey on sbtest3  (cost=0.43..44.11 rows=10 width=121)
	              Index Cond: ((id >= 46552) AND (id <= 46561))

table 4 : explain SELECT DISTINCT c FROM sbtest4 WHERE id BETWEEN 7783179 AND 7783188 ORDER BY c
	Unique  (cost=40.29..40.33 rows=9 width=121)
	  ->  Sort  (cost=40.29..40.31 rows=9 width=121)
	        Sort Key: c
	        ->  Index Scan using sbtest4_pkey on sbtest4  (cost=0.43..40.15 rows=9 width=121)
	              Index Cond: ((id >= 7783179) AND (id <= 7783188))

table 5 : explain SELECT DISTINCT c FROM sbtest5 WHERE id BETWEEN 165944 AND 165953 ORDER BY c
	Unique  (cost=44.20..44.25 rows=10 width=121)
	  ->  Sort  (cost=44.20..44.23 rows=10 width=121)
	        Sort Key: c
	        ->  Index Scan using sbtest5_pkey on sbtest5  (cost=0.43..44.04 rows=10 width=121)
	              Index Cond: ((id >= 165944) AND (id <= 165953))

table 6 : explain SELECT DISTINCT c FROM sbtest6 WHERE id BETWEEN 7080856 AND 7080865 ORDER BY c
	Unique  (cost=44.19..44.24 rows=10 width=121)
	  ->  Sort  (cost=44.19..44.22 rows=10 width=121)
	        Sort Key: c
	        ->  Index Scan using sbtest6_pkey on sbtest6  (cost=0.43..44.03 rows=10 width=121)
	              Index Cond: ((id >= 7080856) AND (id <= 7080865))

table 7 : explain SELECT DISTINCT c FROM sbtest7 WHERE id BETWEEN 6903797 AND 6903806 ORDER BY c
	Unique  (cost=44.16..44.21 rows=10 width=121)
	  ->  Sort  (cost=44.16..44.19 rows=10 width=121)
	        Sort Key: c
	        ->  Index Scan using sbtest7_pkey on sbtest7  (cost=0.43..44.00 rows=10 width=121)
	              Index Cond: ((id >= 6903797) AND (id <= 6903806))

table 8 : explain SELECT DISTINCT c FROM sbtest8 WHERE id BETWEEN 7725102 AND 7725111 ORDER BY c
	Unique  (cost=48.23..48.29 rows=11 width=121)
	  ->  Sort  (cost=48.23..48.26 rows=11 width=121)
	        Sort Key: c
	        ->  Index Scan using sbtest8_pkey on sbtest8  (cost=0.43..48.04 rows=11 width=121)
	              Index Cond: ((id >= 7725102) AND (id <= 7725111))

for: distinct_ranges
table 1 : explain SELECT DISTINCT c FROM sbtest1 WHERE id BETWEEN 1521655 AND 1521664 ORDER BY c
	Unique  (cost=44.31..44.36 rows=10 width=121)
	  ->  Sort  (cost=44.31..44.33 rows=10 width=121)
	        Sort Key: c
	        ->  Index Scan using sbtest1_pkey on sbtest1  (cost=0.43..44.14 rows=10 width=121)
	              Index Cond: ((id >= 1521655) AND (id <= 1521664))

table 2 : explain SELECT DISTINCT c FROM sbtest2 WHERE id BETWEEN 115670 AND 115679 ORDER BY c
	Unique  (cost=44.20..44.25 rows=10 width=121)
	  ->  Sort  (cost=44.20..44.23 rows=10 width=121)
	        Sort Key: c
	        ->  Index Scan using sbtest2_pkey on sbtest2  (cost=0.43..44.04 rows=10 width=121)
	              Index Cond: ((id >= 115670) AND (id <= 115679))

table 3 : explain SELECT DISTINCT c FROM sbtest3 WHERE id BETWEEN 8562631 AND 8562640 ORDER BY c
	Unique  (cost=44.28..44.33 rows=10 width=121)
	  ->  Sort  (cost=44.28..44.30 rows=10 width=121)
	        Sort Key: c
	        ->  Index Scan using sbtest3_pkey on sbtest3  (cost=0.43..44.11 rows=10 width=121)
	              Index Cond: ((id >= 8562631) AND (id <= 8562640))

table 4 : explain SELECT DISTINCT c FROM sbtest4 WHERE id BETWEEN 9159447 AND 9159456 ORDER BY c
	Unique  (cost=44.27..44.32 rows=10 width=121)
	  ->  Sort  (cost=44.27..44.30 rows=10 width=121)
	        Sort Key: c
	        ->  Index Scan using sbtest4_pkey on sbtest4  (cost=0.43..44.11 rows=10 width=121)
	              Index Cond: ((id >= 9159447) AND (id <= 9159456))

table 5 : explain SELECT DISTINCT c FROM sbtest5 WHERE id BETWEEN 3611199 AND 3611208 ORDER BY c
	Unique  (cost=44.20..44.25 rows=10 width=121)
	  ->  Sort  (cost=44.20..44.23 rows=10 width=121)
	        Sort Key: c
	        ->  Index Scan using sbtest5_pkey on sbtest5  (cost=0.43..44.04 rows=10 width=121)
	              Index Cond: ((id >= 3611199) AND (id <= 3611208))

table 6 : explain SELECT DISTINCT c FROM sbtest6 WHERE id BETWEEN 2589176 AND 2589185 ORDER BY c
	Unique  (cost=44.19..44.24 rows=10 width=121)
	  ->  Sort  (cost=44.19..44.22 rows=10 width=121)
	        Sort Key: c
	        ->  Index Scan using sbtest6_pkey on sbtest6  (cost=0.43..44.03 rows=10 width=121)
	              Index Cond: ((id >= 2589176) AND (id <= 2589185))

table 7 : explain SELECT DISTINCT c FROM sbtest7 WHERE id BETWEEN 8843868 AND 8843877 ORDER BY c
	Unique  (cost=44.16..44.21 rows=10 width=121)
	  ->  Sort  (cost=44.16..44.19 rows=10 width=121)
	        Sort Key: c
	        ->  Index Scan using sbtest7_pkey on sbtest7  (cost=0.43..44.00 rows=10 width=121)
	              Index Cond: ((id >= 8843868) AND (id <= 8843877))

table 8 : explain SELECT DISTINCT c FROM sbtest8 WHERE id BETWEEN 1861427 AND 1861436 ORDER BY c
	Unique  (cost=48.23..48.29 rows=11 width=121)
	  ->  Sort  (cost=48.23..48.26 rows=11 width=121)
	        Sort Key: c
	        ->  Index Scan using sbtest8_pkey on sbtest8  (cost=0.43..48.04 rows=11 width=121)
	              Index Cond: ((id >= 1861427) AND (id <= 1861436))

for: distinct_ranges
table 1 : explain SELECT DISTINCT c FROM sbtest1 WHERE id BETWEEN 8056022 AND 8056031 ORDER BY c
	Unique  (cost=44.31..44.36 rows=10 width=121)
	  ->  Sort  (cost=44.31..44.33 rows=10 width=121)
	        Sort Key: c
	        ->  Index Scan using sbtest1_pkey on sbtest1  (cost=0.43..44.14 rows=10 width=121)
	              Index Cond: ((id >= 8056022) AND (id <= 8056031))

table 2 : explain SELECT DISTINCT c FROM sbtest2 WHERE id BETWEEN 8264046 AND 8264055 ORDER BY c
	Unique  (cost=44.20..44.25 rows=10 width=121)
	  ->  Sort  (cost=44.20..44.23 rows=10 width=121)
	        Sort Key: c
	        ->  Index Scan using sbtest2_pkey on sbtest2  (cost=0.43..44.04 rows=10 width=121)
	              Index Cond: ((id >= 8264046) AND (id <= 8264055))

table 3 : explain SELECT DISTINCT c FROM sbtest3 WHERE id BETWEEN 8990435 AND 8990444 ORDER BY c
	Unique  (cost=40.29..40.34 rows=9 width=121)
	  ->  Sort  (cost=40.29..40.31 rows=9 width=121)
	        Sort Key: c
	        ->  Index Scan using sbtest3_pkey on sbtest3  (cost=0.43..40.15 rows=9 width=121)
	              Index Cond: ((id >= 8990435) AND (id <= 8990444))

table 4 : explain SELECT DISTINCT c FROM sbtest4 WHERE id BETWEEN 9142494 AND 9142503 ORDER BY c
	Unique  (cost=44.27..44.32 rows=10 width=121)
	  ->  Sort  (cost=44.27..44.30 rows=10 width=121)
	        Sort Key: c
	        ->  Index Scan using sbtest4_pkey on sbtest4  (cost=0.43..44.11 rows=10 width=121)
	              Index Cond: ((id >= 9142494) AND (id <= 9142503))

table 5 : explain SELECT DISTINCT c FROM sbtest5 WHERE id BETWEEN 941123 AND 941132 ORDER BY c
	Unique  (cost=44.20..44.25 rows=10 width=121)
	  ->  Sort  (cost=44.20..44.23 rows=10 width=121)
	        Sort Key: c
	        ->  Index Scan using sbtest5_pkey on sbtest5  (cost=0.43..44.04 rows=10 width=121)
	              Index Cond: ((id >= 941123) AND (id <= 941132))

table 6 : explain SELECT DISTINCT c FROM sbtest6 WHERE id BETWEEN 5653981 AND 5653990 ORDER BY c
	Unique  (cost=48.17..48.23 rows=11 width=121)
	  ->  Sort  (cost=48.17..48.20 rows=11 width=121)
	        Sort Key: c
	        ->  Index Scan using sbtest6_pkey on sbtest6  (cost=0.43..47.98 rows=11 width=121)
	              Index Cond: ((id >= 5653981) AND (id <= 5653990))

table 7 : explain SELECT DISTINCT c FROM sbtest7 WHERE id BETWEEN 5381886 AND 5381895 ORDER BY c
	Unique  (cost=44.16..44.21 rows=10 width=121)
	  ->  Sort  (cost=44.16..44.19 rows=10 width=121)
	        Sort Key: c
	        ->  Index Scan using sbtest7_pkey on sbtest7  (cost=0.43..44.00 rows=10 width=121)
	              Index Cond: ((id >= 5381886) AND (id <= 5381895))

table 8 : explain SELECT DISTINCT c FROM sbtest8 WHERE id BETWEEN 3286728 AND 3286737 ORDER BY c
	Unique  (cost=40.27..40.31 rows=9 width=121)
	  ->  Sort  (cost=40.27..40.29 rows=9 width=121)
	        Sort Key: c
	        ->  Index Scan using sbtest8_pkey on sbtest8  (cost=0.43..40.13 rows=9 width=121)
	              Index Cond: ((id >= 3286728) AND (id <= 3286737))

for: distinct_ranges
table 1 : explain SELECT DISTINCT c FROM sbtest1 WHERE id BETWEEN 6348268 AND 6348277 ORDER BY c
	Unique  (cost=40.32..40.36 rows=9 width=121)
	  ->  Sort  (cost=40.32..40.34 rows=9 width=121)
	        Sort Key: c
	        ->  Index Scan using sbtest1_pkey on sbtest1  (cost=0.43..40.18 rows=9 width=121)
	              Index Cond: ((id >= 6348268) AND (id <= 6348277))

table 2 : explain SELECT DISTINCT c FROM sbtest2 WHERE id BETWEEN 2266620 AND 2266629 ORDER BY c
	Unique  (cost=44.20..44.25 rows=10 width=121)
	  ->  Sort  (cost=44.20..44.23 rows=10 width=121)
	        Sort Key: c
	        ->  Index Scan using sbtest2_pkey on sbtest2  (cost=0.43..44.04 rows=10 width=121)
	              Index Cond: ((id >= 2266620) AND (id <= 2266629))

table 3 : explain SELECT DISTINCT c FROM sbtest3 WHERE id BETWEEN 7618119 AND 7618128 ORDER BY c
	Unique  (cost=44.28..44.33 rows=10 width=121)
	  ->  Sort  (cost=44.28..44.30 rows=10 width=121)
	        Sort Key: c
	        ->  Index Scan using sbtest3_pkey on sbtest3  (cost=0.43..44.11 rows=10 width=121)
	              Index Cond: ((id >= 7618119) AND (id <= 7618128))

table 4 : explain SELECT DISTINCT c FROM sbtest4 WHERE id BETWEEN 6977197 AND 6977206 ORDER BY c
	Unique  (cost=44.27..44.32 rows=10 width=121)
	  ->  Sort  (cost=44.27..44.30 rows=10 width=121)
	        Sort Key: c
	        ->  Index Scan using sbtest4_pkey on sbtest4  (cost=0.43..44.11 rows=10 width=121)
	              Index Cond: ((id >= 6977197) AND (id <= 6977206))

table 5 : explain SELECT DISTINCT c FROM sbtest5 WHERE id BETWEEN 2571247 AND 2571256 ORDER BY c
	Unique  (cost=44.20..44.25 rows=10 width=121)
	  ->  Sort  (cost=44.20..44.23 rows=10 width=121)
	        Sort Key: c
	        ->  Index Scan using sbtest5_pkey on sbtest5  (cost=0.43..44.04 rows=10 width=121)
	              Index Cond: ((id >= 2571247) AND (id <= 2571256))

table 6 : explain SELECT DISTINCT c FROM sbtest6 WHERE id BETWEEN 6735062 AND 6735071 ORDER BY c
	Unique  (cost=48.17..48.23 rows=11 width=121)
	  ->  Sort  (cost=48.17..48.20 rows=11 width=121)
	        Sort Key: c
	        ->  Index Scan using sbtest6_pkey on sbtest6  (cost=0.43..47.98 rows=11 width=121)
	              Index Cond: ((id >= 6735062) AND (id <= 6735071))

table 7 : explain SELECT DISTINCT c FROM sbtest7 WHERE id BETWEEN 5549780 AND 5549789 ORDER BY c
	Unique  (cost=44.16..44.21 rows=10 width=121)
	  ->  Sort  (cost=44.16..44.19 rows=10 width=121)
	        Sort Key: c
	        ->  Index Scan using sbtest7_pkey on sbtest7  (cost=0.43..44.00 rows=10 width=121)
	              Index Cond: ((id >= 5549780) AND (id <= 5549789))

table 8 : explain SELECT DISTINCT c FROM sbtest8 WHERE id BETWEEN 1813432 AND 1813441 ORDER BY c
	Unique  (cost=48.23..48.29 rows=11 width=121)
	  ->  Sort  (cost=48.23..48.26 rows=11 width=121)
	        Sort Key: c
	        ->  Index Scan using sbtest8_pkey on sbtest8  (cost=0.43..48.04 rows=11 width=121)
	              Index Cond: ((id >= 1813432) AND (id <= 1813441))

for: distinct_ranges
table 1 : explain SELECT DISTINCT c FROM sbtest1 WHERE id BETWEEN 6262515 AND 6262524 ORDER BY c
	Unique  (cost=40.32..40.36 rows=9 width=121)
	  ->  Sort  (cost=40.32..40.34 rows=9 width=121)
	        Sort Key: c
	        ->  Index Scan using sbtest1_pkey on sbtest1  (cost=0.43..40.18 rows=9 width=121)
	              Index Cond: ((id >= 6262515) AND (id <= 6262524))

table 2 : explain SELECT DISTINCT c FROM sbtest2 WHERE id BETWEEN 5972443 AND 5972452 ORDER BY c
	Unique  (cost=48.18..48.24 rows=11 width=121)
	  ->  Sort  (cost=48.18..48.21 rows=11 width=121)
	        Sort Key: c
	        ->  Index Scan using sbtest2_pkey on sbtest2  (cost=0.43..47.99 rows=11 width=121)
	              Index Cond: ((id >= 5972443) AND (id <= 5972452))

table 3 : explain SELECT DISTINCT c FROM sbtest3 WHERE id BETWEEN 2246374 AND 2246383 ORDER BY c
	Unique  (cost=48.26..48.32 rows=11 width=121)
	  ->  Sort  (cost=48.26..48.29 rows=11 width=121)
	        Sort Key: c
	        ->  Index Scan using sbtest3_pkey on sbtest3  (cost=0.43..48.07 rows=11 width=121)
	              Index Cond: ((id >= 2246374) AND (id <= 2246383))

table 4 : explain SELECT DISTINCT c FROM sbtest4 WHERE id BETWEEN 3366632 AND 3366641 ORDER BY c
	Unique  (cost=44.27..44.32 rows=10 width=121)
	  ->  Sort  (cost=44.27..44.30 rows=10 width=121)
	        Sort Key: c
	        ->  Index Scan using sbtest4_pkey on sbtest4  (cost=0.43..44.11 rows=10 width=121)
	              Index Cond: ((id >= 3366632) AND (id <= 3366641))

table 5 : explain SELECT DISTINCT c FROM sbtest5 WHERE id BETWEEN 8244728 AND 8244737 ORDER BY c
	Unique  (cost=44.20..44.25 rows=10 width=121)
	  ->  Sort  (cost=44.20..44.23 rows=10 width=121)
	        Sort Key: c
	        ->  Index Scan using sbtest5_pkey on sbtest5  (cost=0.43..44.04 rows=10 width=121)
	              Index Cond: ((id >= 8244728) AND (id <= 8244737))

table 6 : explain SELECT DISTINCT c FROM sbtest6 WHERE id BETWEEN 6376576 AND 6376585 ORDER BY c
	Unique  (cost=44.19..44.24 rows=10 width=121)
	  ->  Sort  (cost=44.19..44.22 rows=10 width=121)
	        Sort Key: c
	        ->  Index Scan using sbtest6_pkey on sbtest6  (cost=0.43..44.03 rows=10 width=121)
	              Index Cond: ((id >= 6376576) AND (id <= 6376585))

table 7 : explain SELECT DISTINCT c FROM sbtest7 WHERE id BETWEEN 1305632 AND 1305641 ORDER BY c
	Unique  (cost=44.16..44.21 rows=10 width=121)
	  ->  Sort  (cost=44.16..44.19 rows=10 width=121)
	        Sort Key: c
	        ->  Index Scan using sbtest7_pkey on sbtest7  (cost=0.43..44.00 rows=10 width=121)
	              Index Cond: ((id >= 1305632) AND (id <= 1305641))

table 8 : explain SELECT DISTINCT c FROM sbtest8 WHERE id BETWEEN 7049927 AND 7049936 ORDER BY c
	Unique  (cost=44.25..44.30 rows=10 width=121)
	  ->  Sort  (cost=44.25..44.28 rows=10 width=121)
	        Sort Key: c
	        ->  Index Scan using sbtest8_pkey on sbtest8  (cost=0.43..44.09 rows=10 width=121)
	              Index Cond: ((id >= 7049927) AND (id <= 7049936))

for: distinct_ranges
table 1 : explain SELECT DISTINCT c FROM sbtest1 WHERE id BETWEEN 5359384 AND 5359393 ORDER BY c
	Unique  (cost=48.30..48.35 rows=11 width=121)
	  ->  Sort  (cost=48.30..48.32 rows=11 width=121)
	        Sort Key: c
	        ->  Index Scan using sbtest1_pkey on sbtest1  (cost=0.43..48.11 rows=11 width=121)
	              Index Cond: ((id >= 5359384) AND (id <= 5359393))

table 2 : explain SELECT DISTINCT c FROM sbtest2 WHERE id BETWEEN 9580398 AND 9580407 ORDER BY c
	Unique  (cost=44.20..44.25 rows=10 width=121)
	  ->  Sort  (cost=44.20..44.23 rows=10 width=121)
	        Sort Key: c
	        ->  Index Scan using sbtest2_pkey on sbtest2  (cost=0.43..44.04 rows=10 width=121)
	              Index Cond: ((id >= 9580398) AND (id <= 9580407))

table 3 : explain SELECT DISTINCT c FROM sbtest3 WHERE id BETWEEN 4063358 AND 4063367 ORDER BY c
	Unique  (cost=44.28..44.33 rows=10 width=121)
	  ->  Sort  (cost=44.28..44.30 rows=10 width=121)
	        Sort Key: c
	        ->  Index Scan using sbtest3_pkey on sbtest3  (cost=0.43..44.11 rows=10 width=121)
	              Index Cond: ((id >= 4063358) AND (id <= 4063367))

table 4 : explain SELECT DISTINCT c FROM sbtest4 WHERE id BETWEEN 6467429 AND 6467438 ORDER BY c
	Unique  (cost=48.26..48.31 rows=11 width=121)
	  ->  Sort  (cost=48.26..48.29 rows=11 width=121)
	        Sort Key: c
	        ->  Index Scan using sbtest4_pkey on sbtest4  (cost=0.43..48.07 rows=11 width=121)
	              Index Cond: ((id >= 6467429) AND (id <= 6467438))

table 5 : explain SELECT DISTINCT c FROM sbtest5 WHERE id BETWEEN 1519350 AND 1519359 ORDER BY c
	Unique  (cost=44.20..44.25 rows=10 width=121)
	  ->  Sort  (cost=44.20..44.23 rows=10 width=121)
	        Sort Key: c
	        ->  Index Scan using sbtest5_pkey on sbtest5  (cost=0.43..44.04 rows=10 width=121)
	              Index Cond: ((id >= 1519350) AND (id <= 1519359))

table 6 : explain SELECT DISTINCT c FROM sbtest6 WHERE id BETWEEN 6438512 AND 6438521 ORDER BY c
	Unique  (cost=44.19..44.24 rows=10 width=121)
	  ->  Sort  (cost=44.19..44.22 rows=10 width=121)
	        Sort Key: c
	        ->  Index Scan using sbtest6_pkey on sbtest6  (cost=0.43..44.03 rows=10 width=121)
	              Index Cond: ((id >= 6438512) AND (id <= 6438521))

table 7 : explain SELECT DISTINCT c FROM sbtest7 WHERE id BETWEEN 9851473 AND 9851482 ORDER BY c
	Unique  (cost=44.16..44.21 rows=10 width=121)
	  ->  Sort  (cost=44.16..44.19 rows=10 width=121)
	        Sort Key: c
	        ->  Index Scan using sbtest7_pkey on sbtest7  (cost=0.43..44.00 rows=10 width=121)
	              Index Cond: ((id >= 9851473) AND (id <= 9851482))

table 8 : explain SELECT DISTINCT c FROM sbtest8 WHERE id BETWEEN 4167117 AND 4167126 ORDER BY c
	Unique  (cost=40.27..40.31 rows=9 width=121)
	  ->  Sort  (cost=40.27..40.29 rows=9 width=121)
	        Sort Key: c
	        ->  Index Scan using sbtest8_pkey on sbtest8  (cost=0.43..40.13 rows=9 width=121)
	              Index Cond: ((id >= 4167117) AND (id <= 4167126))

for: distinct_ranges
table 1 : explain SELECT DISTINCT c FROM sbtest1 WHERE id BETWEEN 4009246 AND 4009255 ORDER BY c
	Unique  (cost=48.30..48.35 rows=11 width=121)
	  ->  Sort  (cost=48.30..48.32 rows=11 width=121)
	        Sort Key: c
	        ->  Index Scan using sbtest1_pkey on sbtest1  (cost=0.43..48.11 rows=11 width=121)
	              Index Cond: ((id >= 4009246) AND (id <= 4009255))

table 2 : explain SELECT DISTINCT c FROM sbtest2 WHERE id BETWEEN 5056972 AND 5056981 ORDER BY c
	Unique  (cost=44.20..44.25 rows=10 width=121)
	  ->  Sort  (cost=44.20..44.23 rows=10 width=121)
	        Sort Key: c
	        ->  Index Scan using sbtest2_pkey on sbtest2  (cost=0.43..44.04 rows=10 width=121)
	              Index Cond: ((id >= 5056972) AND (id <= 5056981))

table 3 : explain SELECT DISTINCT c FROM sbtest3 WHERE id BETWEEN 2883446 AND 2883455 ORDER BY c
	Unique  (cost=44.28..44.33 rows=10 width=121)
	  ->  Sort  (cost=44.28..44.30 rows=10 width=121)
	        Sort Key: c
	        ->  Index Scan using sbtest3_pkey on sbtest3  (cost=0.43..44.11 rows=10 width=121)
	              Index Cond: ((id >= 2883446) AND (id <= 2883455))

table 4 : explain SELECT DISTINCT c FROM sbtest4 WHERE id BETWEEN 3015147 AND 3015156 ORDER BY c
	Unique  (cost=44.27..44.32 rows=10 width=121)
	  ->  Sort  (cost=44.27..44.30 rows=10 width=121)
	        Sort Key: c
	        ->  Index Scan using sbtest4_pkey on sbtest4  (cost=0.43..44.11 rows=10 width=121)
	              Index Cond: ((id >= 3015147) AND (id <= 3015156))

table 5 : explain SELECT DISTINCT c FROM sbtest5 WHERE id BETWEEN 9188597 AND 9188606 ORDER BY c
	Unique  (cost=44.20..44.25 rows=10 width=121)
	  ->  Sort  (cost=44.20..44.23 rows=10 width=121)
	        Sort Key: c
	        ->  Index Scan using sbtest5_pkey on sbtest5  (cost=0.43..44.04 rows=10 width=121)
	              Index Cond: ((id >= 9188597) AND (id <= 9188606))

table 6 : explain SELECT DISTINCT c FROM sbtest6 WHERE id BETWEEN 9715612 AND 9715621 ORDER BY c
	Unique  (cost=44.19..44.24 rows=10 width=121)
	  ->  Sort  (cost=44.19..44.22 rows=10 width=121)
	        Sort Key: c
	        ->  Index Scan using sbtest6_pkey on sbtest6  (cost=0.43..44.03 rows=10 width=121)
	              Index Cond: ((id >= 9715612) AND (id <= 9715621))

table 7 : explain SELECT DISTINCT c FROM sbtest7 WHERE id BETWEEN 8976415 AND 8976424 ORDER BY c
	Unique  (cost=48.14..48.19 rows=11 width=121)
	  ->  Sort  (cost=48.14..48.16 rows=11 width=121)
	        Sort Key: c
	        ->  Index Scan using sbtest7_pkey on sbtest7  (cost=0.43..47.95 rows=11 width=121)
	              Index Cond: ((id >= 8976415) AND (id <= 8976424))

table 8 : explain SELECT DISTINCT c FROM sbtest8 WHERE id BETWEEN 3832254 AND 3832263 ORDER BY c
	Unique  (cost=52.22..52.28 rows=12 width=121)
	  ->  Sort  (cost=52.22..52.25 rows=12 width=121)
	        Sort Key: c
	        ->  Index Scan using sbtest8_pkey on sbtest8  (cost=0.43..52.00 rows=12 width=121)
	              Index Cond: ((id >= 3832254) AND (id <= 3832263))

for: distinct_ranges
table 1 : explain SELECT DISTINCT c FROM sbtest1 WHERE id BETWEEN 4688066 AND 4688075 ORDER BY c
	Unique  (cost=44.31..44.36 rows=10 width=121)
	  ->  Sort  (cost=44.31..44.33 rows=10 width=121)
	        Sort Key: c
	        ->  Index Scan using sbtest1_pkey on sbtest1  (cost=0.43..44.14 rows=10 width=121)
	              Index Cond: ((id >= 4688066) AND (id <= 4688075))

table 2 : explain SELECT DISTINCT c FROM sbtest2 WHERE id BETWEEN 6559218 AND 6559227 ORDER BY c
	Unique  (cost=48.18..48.24 rows=11 width=121)
	  ->  Sort  (cost=48.18..48.21 rows=11 width=121)
	        Sort Key: c
	        ->  Index Scan using sbtest2_pkey on sbtest2  (cost=0.43..47.99 rows=11 width=121)
	              Index Cond: ((id >= 6559218) AND (id <= 6559227))

table 3 : explain SELECT DISTINCT c FROM sbtest3 WHERE id BETWEEN 2393127 AND 2393136 ORDER BY c
	Unique  (cost=44.28..44.33 rows=10 width=121)
	  ->  Sort  (cost=44.28..44.30 rows=10 width=121)
	        Sort Key: c
	        ->  Index Scan using sbtest3_pkey on sbtest3  (cost=0.43..44.11 rows=10 width=121)
	              Index Cond: ((id >= 2393127) AND (id <= 2393136))

table 4 : explain SELECT DISTINCT c FROM sbtest4 WHERE id BETWEEN 241425 AND 241434 ORDER BY c
	Unique  (cost=40.29..40.33 rows=9 width=121)
	  ->  Sort  (cost=40.29..40.31 rows=9 width=121)
	        Sort Key: c
	        ->  Index Scan using sbtest4_pkey on sbtest4  (cost=0.43..40.15 rows=9 width=121)
	              Index Cond: ((id >= 241425) AND (id <= 241434))

table 5 : explain SELECT DISTINCT c FROM sbtest5 WHERE id BETWEEN 8092347 AND 8092356 ORDER BY c
	Unique  (cost=44.20..44.25 rows=10 width=121)
	  ->  Sort  (cost=44.20..44.23 rows=10 width=121)
	        Sort Key: c
	        ->  Index Scan using sbtest5_pkey on sbtest5  (cost=0.43..44.04 rows=10 width=121)
	              Index Cond: ((id >= 8092347) AND (id <= 8092356))

table 6 : explain SELECT DISTINCT c FROM sbtest6 WHERE id BETWEEN 6835862 AND 6835871 ORDER BY c
	Unique  (cost=44.19..44.24 rows=10 width=121)
	  ->  Sort  (cost=44.19..44.22 rows=10 width=121)
	        Sort Key: c
	        ->  Index Scan using sbtest6_pkey on sbtest6  (cost=0.43..44.03 rows=10 width=121)
	              Index Cond: ((id >= 6835862) AND (id <= 6835871))

table 7 : explain SELECT DISTINCT c FROM sbtest7 WHERE id BETWEEN 4248099 AND 4248108 ORDER BY c
	Unique  (cost=44.16..44.21 rows=10 width=121)
	  ->  Sort  (cost=44.16..44.19 rows=10 width=121)
	        Sort Key: c
	        ->  Index Scan using sbtest7_pkey on sbtest7  (cost=0.43..44.00 rows=10 width=121)
	              Index Cond: ((id >= 4248099) AND (id <= 4248108))

table 8 : explain SELECT DISTINCT c FROM sbtest8 WHERE id BETWEEN 8415365 AND 8415374 ORDER BY c
	Unique  (cost=44.25..44.30 rows=10 width=121)
	  ->  Sort  (cost=44.25..44.28 rows=10 width=121)
	        Sort Key: c
	        ->  Index Scan using sbtest8_pkey on sbtest8  (cost=0.43..44.09 rows=10 width=121)
	              Index Cond: ((id >= 8415365) AND (id <= 8415374))

for: distinct_ranges
table 1 : explain SELECT DISTINCT c FROM sbtest1 WHERE id BETWEEN 7467350 AND 7467359 ORDER BY c
	Unique  (cost=44.31..44.36 rows=10 width=121)
	  ->  Sort  (cost=44.31..44.33 rows=10 width=121)
	        Sort Key: c
	        ->  Index Scan using sbtest1_pkey on sbtest1  (cost=0.43..44.14 rows=10 width=121)
	              Index Cond: ((id >= 7467350) AND (id <= 7467359))

table 2 : explain SELECT DISTINCT c FROM sbtest2 WHERE id BETWEEN 9862903 AND 9862912 ORDER BY c
	Unique  (cost=40.23..40.27 rows=9 width=121)
	  ->  Sort  (cost=40.23..40.25 rows=9 width=121)
	        Sort Key: c
	        ->  Index Scan using sbtest2_pkey on sbtest2  (cost=0.43..40.08 rows=9 width=121)
	              Index Cond: ((id >= 9862903) AND (id <= 9862912))

table 3 : explain SELECT DISTINCT c FROM sbtest3 WHERE id BETWEEN 6877536 AND 6877545 ORDER BY c
	Unique  (cost=44.28..44.33 rows=10 width=121)
	  ->  Sort  (cost=44.28..44.30 rows=10 width=121)
	        Sort Key: c
	        ->  Index Scan using sbtest3_pkey on sbtest3  (cost=0.43..44.11 rows=10 width=121)
	              Index Cond: ((id >= 6877536) AND (id <= 6877545))

table 4 : explain SELECT DISTINCT c FROM sbtest4 WHERE id BETWEEN 5399340 AND 5399349 ORDER BY c
	Unique  (cost=48.26..48.31 rows=11 width=121)
	  ->  Sort  (cost=48.26..48.29 rows=11 width=121)
	        Sort Key: c
	        ->  Index Scan using sbtest4_pkey on sbtest4  (cost=0.43..48.07 rows=11 width=121)
	              Index Cond: ((id >= 5399340) AND (id <= 5399349))

table 5 : explain SELECT DISTINCT c FROM sbtest5 WHERE id BETWEEN 1188772 AND 1188781 ORDER BY c
	Unique  (cost=40.23..40.27 rows=9 width=121)
	  ->  Sort  (cost=40.23..40.25 rows=9 width=121)
	        Sort Key: c
	        ->  Index Scan using sbtest5_pkey on sbtest5  (cost=0.43..40.08 rows=9 width=121)
	              Index Cond: ((id >= 1188772) AND (id <= 1188781))

table 6 : explain SELECT DISTINCT c FROM sbtest6 WHERE id BETWEEN 6947618 AND 6947627 ORDER BY c
	Unique  (cost=40.22..40.26 rows=9 width=121)
	  ->  Sort  (cost=40.22..40.24 rows=9 width=121)
	        Sort Key: c
	        ->  Index Scan using sbtest6_pkey on sbtest6  (cost=0.43..40.08 rows=9 width=121)
	              Index Cond: ((id >= 6947618) AND (id <= 6947627))

table 7 : explain SELECT DISTINCT c FROM sbtest7 WHERE id BETWEEN 3055833 AND 3055842 ORDER BY c
	Unique  (cost=44.16..44.21 rows=10 width=121)
	  ->  Sort  (cost=44.16..44.19 rows=10 width=121)
	        Sort Key: c
	        ->  Index Scan using sbtest7_pkey on sbtest7  (cost=0.43..44.00 rows=10 width=121)
	              Index Cond: ((id >= 3055833) AND (id <= 3055842))

table 8 : explain SELECT DISTINCT c FROM sbtest8 WHERE id BETWEEN 148512 AND 148521 ORDER BY c
	Unique  (cost=40.27..40.31 rows=9 width=121)
	  ->  Sort  (cost=40.27..40.29 rows=9 width=121)
	        Sort Key: c
	        ->  Index Scan using sbtest8_pkey on sbtest8  (cost=0.43..40.13 rows=9 width=121)
	              Index Cond: ((id >= 148512) AND (id <= 148521))

for: distinct_ranges
table 1 : explain SELECT DISTINCT c FROM sbtest1 WHERE id BETWEEN 2244122 AND 2244131 ORDER BY c
	Unique  (cost=44.31..44.36 rows=10 width=121)
	  ->  Sort  (cost=44.31..44.33 rows=10 width=121)
	        Sort Key: c
	        ->  Index Scan using sbtest1_pkey on sbtest1  (cost=0.43..44.14 rows=10 width=121)
	              Index Cond: ((id >= 2244122) AND (id <= 2244131))

table 2 : explain SELECT DISTINCT c FROM sbtest2 WHERE id BETWEEN 6032138 AND 6032147 ORDER BY c
	Unique  (cost=44.20..44.25 rows=10 width=121)
	  ->  Sort  (cost=44.20..44.23 rows=10 width=121)
	        Sort Key: c
	        ->  Index Scan using sbtest2_pkey on sbtest2  (cost=0.43..44.04 rows=10 width=121)
	              Index Cond: ((id >= 6032138) AND (id <= 6032147))

table 3 : explain SELECT DISTINCT c FROM sbtest3 WHERE id BETWEEN 5848228 AND 5848237 ORDER BY c
	Unique  (cost=44.28..44.33 rows=10 width=121)
	  ->  Sort  (cost=44.28..44.30 rows=10 width=121)
	        Sort Key: c
	        ->  Index Scan using sbtest3_pkey on sbtest3  (cost=0.43..44.11 rows=10 width=121)
	              Index Cond: ((id >= 5848228) AND (id <= 5848237))

table 4 : explain SELECT DISTINCT c FROM sbtest4 WHERE id BETWEEN 5472115 AND 5472124 ORDER BY c
	Unique  (cost=44.27..44.32 rows=10 width=121)
	  ->  Sort  (cost=44.27..44.30 rows=10 width=121)
	        Sort Key: c
	        ->  Index Scan using sbtest4_pkey on sbtest4  (cost=0.43..44.11 rows=10 width=121)
	              Index Cond: ((id >= 5472115) AND (id <= 5472124))

table 5 : explain SELECT DISTINCT c FROM sbtest5 WHERE id BETWEEN 2776973 AND 2776982 ORDER BY c
	Unique  (cost=44.20..44.25 rows=10 width=121)
	  ->  Sort  (cost=44.20..44.23 rows=10 width=121)
	        Sort Key: c
	        ->  Index Scan using sbtest5_pkey on sbtest5  (cost=0.43..44.04 rows=10 width=121)
	              Index Cond: ((id >= 2776973) AND (id <= 2776982))

table 6 : explain SELECT DISTINCT c FROM sbtest6 WHERE id BETWEEN 2631433 AND 2631442 ORDER BY c
	Unique  (cost=44.19..44.24 rows=10 width=121)
	  ->  Sort  (cost=44.19..44.22 rows=10 width=121)
	        Sort Key: c
	        ->  Index Scan using sbtest6_pkey on sbtest6  (cost=0.43..44.03 rows=10 width=121)
	              Index Cond: ((id >= 2631433) AND (id <= 2631442))

table 7 : explain SELECT DISTINCT c FROM sbtest7 WHERE id BETWEEN 8244915 AND 8244924 ORDER BY c
	Unique  (cost=44.16..44.21 rows=10 width=121)
	  ->  Sort  (cost=44.16..44.19 rows=10 width=121)
	        Sort Key: c
	        ->  Index Scan using sbtest7_pkey on sbtest7  (cost=0.43..44.00 rows=10 width=121)
	              Index Cond: ((id >= 8244915) AND (id <= 8244924))

table 8 : explain SELECT DISTINCT c FROM sbtest8 WHERE id BETWEEN 1110233 AND 1110242 ORDER BY c
	Unique  (cost=40.27..40.31 rows=9 width=121)
	  ->  Sort  (cost=40.27..40.29 rows=9 width=121)
	        Sort Key: c
	        ->  Index Scan using sbtest8_pkey on sbtest8  (cost=0.43..40.13 rows=9 width=121)
	              Index Cond: ((id >= 1110233) AND (id <= 1110242))

for: distinct_ranges
table 1 : explain SELECT DISTINCT c FROM sbtest1 WHERE id BETWEEN 2123213 AND 2123222 ORDER BY c
	Unique  (cost=44.31..44.36 rows=10 width=121)
	  ->  Sort  (cost=44.31..44.33 rows=10 width=121)
	        Sort Key: c
	        ->  Index Scan using sbtest1_pkey on sbtest1  (cost=0.43..44.14 rows=10 width=121)
	              Index Cond: ((id >= 2123213) AND (id <= 2123222))

table 2 : explain SELECT DISTINCT c FROM sbtest2 WHERE id BETWEEN 6614528 AND 6614537 ORDER BY c
	Unique  (cost=44.20..44.25 rows=10 width=121)
	  ->  Sort  (cost=44.20..44.23 rows=10 width=121)
	        Sort Key: c
	        ->  Index Scan using sbtest2_pkey on sbtest2  (cost=0.43..44.04 rows=10 width=121)
	              Index Cond: ((id >= 6614528) AND (id <= 6614537))

table 3 : explain SELECT DISTINCT c FROM sbtest3 WHERE id BETWEEN 6267907 AND 6267916 ORDER BY c
	Unique  (cost=40.29..40.34 rows=9 width=121)
	  ->  Sort  (cost=40.29..40.31 rows=9 width=121)
	        Sort Key: c
	        ->  Index Scan using sbtest3_pkey on sbtest3  (cost=0.43..40.15 rows=9 width=121)
	              Index Cond: ((id >= 6267907) AND (id <= 6267916))

table 4 : explain SELECT DISTINCT c FROM sbtest4 WHERE id BETWEEN 2121937 AND 2121946 ORDER BY c
	Unique  (cost=44.27..44.32 rows=10 width=121)
	  ->  Sort  (cost=44.27..44.30 rows=10 width=121)
	        Sort Key: c
	        ->  Index Scan using sbtest4_pkey on sbtest4  (cost=0.43..44.11 rows=10 width=121)
	              Index Cond: ((id >= 2121937) AND (id <= 2121946))

table 5 : explain SELECT DISTINCT c FROM sbtest5 WHERE id BETWEEN 557981 AND 557990 ORDER BY c
	Unique  (cost=44.20..44.25 rows=10 width=121)
	  ->  Sort  (cost=44.20..44.23 rows=10 width=121)
	        Sort Key: c
	        ->  Index Scan using sbtest5_pkey on sbtest5  (cost=0.43..44.04 rows=10 width=121)
	              Index Cond: ((id >= 557981) AND (id <= 557990))

table 6 : explain SELECT DISTINCT c FROM sbtest6 WHERE id BETWEEN 3721570 AND 3721579 ORDER BY c
	Unique  (cost=44.19..44.24 rows=10 width=121)
	  ->  Sort  (cost=44.19..44.22 rows=10 width=121)
	        Sort Key: c
	        ->  Index Scan using sbtest6_pkey on sbtest6  (cost=0.43..44.03 rows=10 width=121)
	              Index Cond: ((id >= 3721570) AND (id <= 3721579))

table 7 : explain SELECT DISTINCT c FROM sbtest7 WHERE id BETWEEN 7252347 AND 7252356 ORDER BY c
	Unique  (cost=44.16..44.21 rows=10 width=121)
	  ->  Sort  (cost=44.16..44.19 rows=10 width=121)
	        Sort Key: c
	        ->  Index Scan using sbtest7_pkey on sbtest7  (cost=0.43..44.00 rows=10 width=121)
	              Index Cond: ((id >= 7252347) AND (id <= 7252356))

table 8 : explain SELECT DISTINCT c FROM sbtest8 WHERE id BETWEEN 1726135 AND 1726144 ORDER BY c
	Unique  (cost=44.25..44.30 rows=10 width=121)
	  ->  Sort  (cost=44.25..44.28 rows=10 width=121)
	        Sort Key: c
	        ->  Index Scan using sbtest8_pkey on sbtest8  (cost=0.43..44.09 rows=10 width=121)
	              Index Cond: ((id >= 1726135) AND (id <= 1726144))

for: order_ranges
table 1 : explain SELECT c FROM sbtest1 WHERE id BETWEEN 5209623 AND 5209632 ORDER BY c
	Sort  (cost=40.32..40.34 rows=9 width=121)
	  Sort Key: c
	  ->  Index Scan using sbtest1_pkey on sbtest1  (cost=0.43..40.18 rows=9 width=121)
	        Index Cond: ((id >= 5209623) AND (id <= 5209632))

table 2 : explain SELECT c FROM sbtest2 WHERE id BETWEEN 2012449 AND 2012458 ORDER BY c
	Sort  (cost=44.20..44.23 rows=10 width=121)
	  Sort Key: c
	  ->  Index Scan using sbtest2_pkey on sbtest2  (cost=0.43..44.04 rows=10 width=121)
	        Index Cond: ((id >= 2012449) AND (id <= 2012458))

table 3 : explain SELECT c FROM sbtest3 WHERE id BETWEEN 9964333 AND 9964342 ORDER BY c
	Sort  (cost=40.29..40.31 rows=9 width=121)
	  Sort Key: c
	  ->  Index Scan using sbtest3_pkey on sbtest3  (cost=0.43..40.15 rows=9 width=121)
	        Index Cond: ((id >= 9964333) AND (id <= 9964342))

table 4 : explain SELECT c FROM sbtest4 WHERE id BETWEEN 4057708 AND 4057717 ORDER BY c
	Sort  (cost=44.27..44.30 rows=10 width=121)
	  Sort Key: c
	  ->  Index Scan using sbtest4_pkey on sbtest4  (cost=0.43..44.11 rows=10 width=121)
	        Index Cond: ((id >= 4057708) AND (id <= 4057717))

table 5 : explain SELECT c FROM sbtest5 WHERE id BETWEEN 7186643 AND 7186652 ORDER BY c
	Sort  (cost=40.23..40.25 rows=9 width=121)
	  Sort Key: c
	  ->  Index Scan using sbtest5_pkey on sbtest5  (cost=0.43..40.08 rows=9 width=121)
	        Index Cond: ((id >= 7186643) AND (id <= 7186652))

table 6 : explain SELECT c FROM sbtest6 WHERE id BETWEEN 602772 AND 602781 ORDER BY c
	Sort  (cost=44.19..44.22 rows=10 width=121)
	  Sort Key: c
	  ->  Index Scan using sbtest6_pkey on sbtest6  (cost=0.43..44.03 rows=10 width=121)
	        Index Cond: ((id >= 602772) AND (id <= 602781))

table 7 : explain SELECT c FROM sbtest7 WHERE id BETWEEN 2742809 AND 2742818 ORDER BY c
	Sort  (cost=44.16..44.19 rows=10 width=121)
	  Sort Key: c
	  ->  Index Scan using sbtest7_pkey on sbtest7  (cost=0.43..44.00 rows=10 width=121)
	        Index Cond: ((id >= 2742809) AND (id <= 2742818))

table 8 : explain SELECT c FROM sbtest8 WHERE id BETWEEN 2901689 AND 2901698 ORDER BY c
	Sort  (cost=44.25..44.28 rows=10 width=121)
	  Sort Key: c
	  ->  Index Scan using sbtest8_pkey on sbtest8  (cost=0.43..44.09 rows=10 width=121)
	        Index Cond: ((id >= 2901689) AND (id <= 2901698))

for: distinct_ranges
table 1 : explain SELECT DISTINCT c FROM sbtest1 WHERE id BETWEEN 8763628 AND 8763637 ORDER BY c
	Unique  (cost=44.31..44.36 rows=10 width=121)
	  ->  Sort  (cost=44.31..44.33 rows=10 width=121)
	        Sort Key: c
	        ->  Index Scan using sbtest1_pkey on sbtest1  (cost=0.43..44.14 rows=10 width=121)
	              Index Cond: ((id >= 8763628) AND (id <= 8763637))

table 2 : explain SELECT DISTINCT c FROM sbtest2 WHERE id BETWEEN 9259696 AND 9259705 ORDER BY c
	Unique  (cost=48.18..48.24 rows=11 width=121)
	  ->  Sort  (cost=48.18..48.21 rows=11 width=121)
	        Sort Key: c
	        ->  Index Scan using sbtest2_pkey on sbtest2  (cost=0.43..47.99 rows=11 width=121)
	              Index Cond: ((id >= 9259696) AND (id <= 9259705))

table 3 : explain SELECT DISTINCT c FROM sbtest3 WHERE id BETWEEN 8457794 AND 8457803 ORDER BY c
	Unique  (cost=44.28..44.33 rows=10 width=121)
	  ->  Sort  (cost=44.28..44.30 rows=10 width=121)
	        Sort Key: c
	        ->  Index Scan using sbtest3_pkey on sbtest3  (cost=0.43..44.11 rows=10 width=121)
	              Index Cond: ((id >= 8457794) AND (id <= 8457803))

table 4 : explain SELECT DISTINCT c FROM sbtest4 WHERE id BETWEEN 8052112 AND 8052121 ORDER BY c
	Unique  (cost=44.27..44.32 rows=10 width=121)
	  ->  Sort  (cost=44.27..44.30 rows=10 width=121)
	        Sort Key: c
	        ->  Index Scan using sbtest4_pkey on sbtest4  (cost=0.43..44.11 rows=10 width=121)
	              Index Cond: ((id >= 8052112) AND (id <= 8052121))

table 5 : explain SELECT DISTINCT c FROM sbtest5 WHERE id BETWEEN 9003361 AND 9003370 ORDER BY c
	Unique  (cost=48.18..48.24 rows=11 width=121)
	  ->  Sort  (cost=48.18..48.21 rows=11 width=121)
	        Sort Key: c
	        ->  Index Scan using sbtest5_pkey on sbtest5  (cost=0.43..47.99 rows=11 width=121)
	              Index Cond: ((id >= 9003361) AND (id <= 9003370))

table 6 : explain SELECT DISTINCT c FROM sbtest6 WHERE id BETWEEN 3949831 AND 3949840 ORDER BY c
	Unique  (cost=44.19..44.24 rows=10 width=121)
	  ->  Sort  (cost=44.19..44.22 rows=10 width=121)
	        Sort Key: c
	        ->  Index Scan using sbtest6_pkey on sbtest6  (cost=0.43..44.03 rows=10 width=121)
	              Index Cond: ((id >= 3949831) AND (id <= 3949840))

table 7 : explain SELECT DISTINCT c FROM sbtest7 WHERE id BETWEEN 4740660 AND 4740669 ORDER BY c
	Unique  (cost=44.16..44.21 rows=10 width=121)
	  ->  Sort  (cost=44.16..44.19 rows=10 width=121)
	        Sort Key: c
	        ->  Index Scan using sbtest7_pkey on sbtest7  (cost=0.43..44.00 rows=10 width=121)
	              Index Cond: ((id >= 4740660) AND (id <= 4740669))

table 8 : explain SELECT DISTINCT c FROM sbtest8 WHERE id BETWEEN 3424171 AND 3424180 ORDER BY c
	Unique  (cost=44.25..44.30 rows=10 width=121)
	  ->  Sort  (cost=44.25..44.28 rows=10 width=121)
	        Sort Key: c
	        ->  Index Scan using sbtest8_pkey on sbtest8  (cost=0.43..44.09 rows=10 width=121)
	              Index Cond: ((id >= 3424171) AND (id <= 3424180))

Threads started!

Warming up for 5 seconds...

SQL statistics:
    queries performed:
        read:                            465497599
        write:                           0
        other:                           66499665
        total:                           531997264
    transactions:                        33249852 (52776.90 per sec.)
    queries:                             531997264 (844429.75 per sec.)
    ignored errors:                      0      (0.00 per sec.)
    reconnects:                          0      (0.00 per sec.)

Throughput:
    events/s (eps):                      52776.8957
    time elapsed:                        630.0079s
    total number of events:              33249852

Latency (ms):
         min:                                    0.67
         avg:                                    0.76
         max:                                   16.86
         95th percentile:                        0.83
         sum:                             25169571.86

Threads fairness:
    events (avg/stddev):           831245.3250/6742.90
    execution time (avg/stddev):   629.2393/0.01

