LUA_PATH=/home/mdcallag/git/mytools/bench/sysbench.lua/lua/?.lua /home/mdcallag/git/mytools/bench/sysbench.lua/lua/sysbench --db-driver=pgsql --range-size=10000 --table-size=10000000 --tables=8 --threads=40 --events=0 --warmup-time=5 --time=630 --pgsql_conn_id=true /home/mdcallag/git/mytools/bench/sysbench.lua/lua/oltp_read_only.lua run --pgsql-user=root --pgsql-password=pw --pgsql-host=127.0.0.1 --pgsql-db=ib --rand-type=uniform
48 CPUs
sysbench 1.1.0-9072687 (using bundled LuaJIT 2.1.0-beta3)

Running the test with following options:
Number of threads: 40
Warmup time: 5s
Initializing random number generator from current time


Initializing worker threads...

explain: for point_selects :: explain SELECT c FROM sbtest%u WHERE id=%u
explain: for point_selects :: explain SELECT c FROM sbtest%u WHERE id=%u
explain: for point_selects :: explain SELECT c FROM sbtest%u WHERE id=%u
for point_selects
table 1 : explain SELECT c FROM sbtest1 WHERE id=2868462
	Index Scan using sbtest1_pkey on sbtest1  (cost=0.43..8.45 rows=1 width=121)
	  Index Cond: (id = 2868462)

table 2 : explain SELECT c FROM sbtest2 WHERE id=8205039
	Index Scan using sbtest2_pkey on sbtest2  (cost=0.43..8.45 rows=1 width=121)
	  Index Cond: (id = 8205039)

table 3 : explain SELECT c FROM sbtest3 WHERE id=7812806
	Index Scan using sbtest3_pkey on sbtest3  (cost=0.43..8.45 rows=1 width=121)
	  Index Cond: (id = 7812806)

table 4 : explain SELECT c FROM sbtest4 WHERE id=908268
	Index Scan using sbtest4_pkey on sbtest4  (cost=0.43..8.45 rows=1 width=121)
	  Index Cond: (id = 908268)

table 5 : explain SELECT c FROM sbtest5 WHERE id=1662868
	Index Scan using sbtest5_pkey on sbtest5  (cost=0.43..8.45 rows=1 width=121)
	  Index Cond: (id = 1662868)

table 6 : explain SELECT c FROM sbtest6 WHERE id=4545799
	Index Scan using sbtest6_pkey on sbtest6  (cost=0.43..8.45 rows=1 width=121)
	  Index Cond: (id = 4545799)

table 7 : explain SELECT c FROM sbtest7 WHERE id=720404
	Index Scan using sbtest7_pkey on sbtest7  (cost=0.43..8.45 rows=1 width=121)
	  Index Cond: (id = 720404)

table 8 : explain SELECT c FROM sbtest8 WHERE id=5845222
	Index Scan using sbtest8_pkey on sbtest8  (cost=0.43..8.45 rows=1 width=121)
	  Index Cond: (id = 5845222)

for point_selects
table 1 : explain SELECT c FROM sbtest1 WHERE id=7944290
	Index Scan using sbtest1_pkey on sbtest1  (cost=0.43..8.45 rows=1 width=121)
	  Index Cond: (id = 7944290)

table 2 : explain SELECT c FROM sbtest2 WHERE id=4855236
	Index Scan using sbtest2_pkey on sbtest2  (cost=0.43..8.45 rows=1 width=121)
	  Index Cond: (id = 4855236)

table 3 : explain SELECT c FROM sbtest3 WHERE id=4132874
	Index Scan using sbtest3_pkey on sbtest3  (cost=0.43..8.45 rows=1 width=121)
	  Index Cond: (id = 4132874)

table 4 : explain SELECT c FROM sbtest4 WHERE id=5593884
	Index Scan using sbtest4_pkey on sbtest4  (cost=0.43..8.45 rows=1 width=121)
	  Index Cond: (id = 5593884)

table 5 : explain SELECT c FROM sbtest5 WHERE id=7204545
	Index Scan using sbtest5_pkey on sbtest5  (cost=0.43..8.45 rows=1 width=121)
	  Index Cond: (id = 7204545)

table 6 : explain SELECT c FROM sbtest6 WHERE id=8668471
	Index Scan using sbtest6_pkey on sbtest6  (cost=0.43..8.45 rows=1 width=121)
	  Index Cond: (id = 8668471)

table 7 : explain SELECT c FROM sbtest7 WHERE id=3463185
	Index Scan using sbtest7_pkey on sbtest7  (cost=0.43..8.45 rows=1 width=121)
	  Index Cond: (id = 3463185)

table 8 : explain SELECT c FROM sbtest8 WHERE id=9803385
	Index Scan using sbtest8_pkey on sbtest8  (cost=0.43..8.45 rows=1 width=121)
	  Index Cond: (id = 9803385)

for: simple_ranges
table 1 : explain SELECT c FROM sbtest1 WHERE id BETWEEN 8318081 AND 8328080
	Bitmap Heap Scan on sbtest1  (cost=230.04..36454.64 rows=10693 width=121)
	  Recheck Cond: ((id >= 8318081) AND (id <= 8328080))
	  ->  Bitmap Index Scan on sbtest1_pkey  (cost=0.00..227.37 rows=10693 width=0)
	        Index Cond: ((id >= 8318081) AND (id <= 8328080))

table 2 : explain SELECT c FROM sbtest2 WHERE id BETWEEN 4936363 AND 4946362
	Bitmap Heap Scan on sbtest2  (cost=221.01..34979.02 rows=10202 width=121)
	  Recheck Cond: ((id >= 4936363) AND (id <= 4946362))
	  ->  Bitmap Index Scan on sbtest2_pkey  (cost=0.00..218.45 rows=10202 width=0)
	        Index Cond: ((id >= 4936363) AND (id <= 4946362))

table 3 : explain SELECT c FROM sbtest3 WHERE id BETWEEN 1095970 AND 1105969
	Bitmap Heap Scan on sbtest3  (cost=213.30..33856.33 rows=9840 width=121)
	  Recheck Cond: ((id >= 1095970) AND (id <= 1105969))
	  ->  Bitmap Index Scan on sbtest3_pkey  (cost=0.00..210.84 rows=9840 width=0)
	        Index Cond: ((id >= 1095970) AND (id <= 1105969))

table 4 : explain SELECT c FROM sbtest4 WHERE id BETWEEN 557052 AND 567051
	Bitmap Heap Scan on sbtest4  (cost=214.33..34198.94 rows=9941 width=121)
	  Recheck Cond: ((id >= 557052) AND (id <= 567051))
	  ->  Bitmap Index Scan on sbtest4_pkey  (cost=0.00..211.84 rows=9941 width=0)
	        Index Cond: ((id >= 557052) AND (id <= 567051))

table 5 : explain SELECT c FROM sbtest5 WHERE id BETWEEN 7189775 AND 7199774
	Bitmap Heap Scan on sbtest5  (cost=198.30..31745.15 rows=9158 width=121)
	  Recheck Cond: ((id >= 7189775) AND (id <= 7199774))
	  ->  Bitmap Index Scan on sbtest5_pkey  (cost=0.00..196.01 rows=9158 width=0)
	        Index Cond: ((id >= 7189775) AND (id <= 7199774))

table 6 : explain SELECT c FROM sbtest6 WHERE id BETWEEN 9323333 AND 9333332
	Bitmap Heap Scan on sbtest6  (cost=192.84..31311.11 rows=9015 width=121)
	  Recheck Cond: ((id >= 9323333) AND (id <= 9333332))
	  ->  Bitmap Index Scan on sbtest6_pkey  (cost=0.00..190.59 rows=9015 width=0)
	        Index Cond: ((id >= 9323333) AND (id <= 9333332))

table 7 : explain SELECT c FROM sbtest7 WHERE id BETWEEN 1474903 AND 1484902
	Bitmap Heap Scan on sbtest7  (cost=206.61..33089.85 rows=9578 width=121)
	  Recheck Cond: ((id >= 1474903) AND (id <= 1484902))
	  ->  Bitmap Index Scan on sbtest7_pkey  (cost=0.00..204.22 rows=9578 width=0)
	        Index Cond: ((id >= 1474903) AND (id <= 1484902))

table 8 : explain SELECT c FROM sbtest8 WHERE id BETWEEN 3768355 AND 3778354
	Bitmap Heap Scan on sbtest8  (cost=220.83..34993.39 rows=10185 width=121)
	  Recheck Cond: ((id >= 3768355) AND (id <= 3778354))
	  ->  Bitmap Index Scan on sbtest8_pkey  (cost=0.00..218.29 rows=10185 width=0)
	        Index Cond: ((id >= 3768355) AND (id <= 3778354))

for: simple_ranges
table 1 : explain SELECT c FROM sbtest1 WHERE id BETWEEN 2365113 AND 2375112
	Bitmap Heap Scan on sbtest1  (cost=223.59..35715.75 rows=10454 width=121)
	  Recheck Cond: ((id >= 2365113) AND (id <= 2375112))
	  ->  Bitmap Index Scan on sbtest1_pkey  (cost=0.00..220.98 rows=10454 width=0)
	        Index Cond: ((id >= 2365113) AND (id <= 2375112))

table 2 : explain SELECT c FROM sbtest2 WHERE id BETWEEN 5134660 AND 5144659
	Bitmap Heap Scan on sbtest2  (cost=221.91..35250.94 rows=10290 width=121)
	  Recheck Cond: ((id >= 5134660) AND (id <= 5144659))
	  ->  Bitmap Index Scan on sbtest2_pkey  (cost=0.00..219.34 rows=10290 width=0)
	        Index Cond: ((id >= 5134660) AND (id <= 5144659))

table 3 : explain SELECT c FROM sbtest3 WHERE id BETWEEN 9050273 AND 9060272
	Bitmap Heap Scan on sbtest3  (cost=199.24..31998.67 rows=9249 width=121)
	  Recheck Cond: ((id >= 9050273) AND (id <= 9060272))
	  ->  Bitmap Index Scan on sbtest3_pkey  (cost=0.00..196.93 rows=9249 width=0)
	        Index Cond: ((id >= 9050273) AND (id <= 9060272))

table 4 : explain SELECT c FROM sbtest4 WHERE id BETWEEN 277385 AND 287384
	Bitmap Heap Scan on sbtest4  (cost=200.47..32403.09 rows=9369 width=121)
	  Recheck Cond: ((id >= 277385) AND (id <= 287384))
	  ->  Bitmap Index Scan on sbtest4_pkey  (cost=0.00..198.12 rows=9369 width=0)
	        Index Cond: ((id >= 277385) AND (id <= 287384))

table 5 : explain SELECT c FROM sbtest5 WHERE id BETWEEN 2409798 AND 2419797
	Bitmap Heap Scan on sbtest5  (cost=216.20..34771.70 rows=10123 width=121)
	  Recheck Cond: ((id >= 2409798) AND (id <= 2419797))
	  ->  Bitmap Index Scan on sbtest5_pkey  (cost=0.00..213.67 rows=10123 width=0)
	        Index Cond: ((id >= 2409798) AND (id <= 2419797))

table 6 : explain SELECT c FROM sbtest6 WHERE id BETWEEN 286169 AND 296168
	Bitmap Heap Scan on sbtest6  (cost=221.86..35304.81 rows=10285 width=121)
	  Recheck Cond: ((id >= 286169) AND (id <= 296168))
	  ->  Bitmap Index Scan on sbtest6_pkey  (cost=0.00..219.29 rows=10285 width=0)
	        Index Cond: ((id >= 286169) AND (id <= 296168))

table 7 : explain SELECT c FROM sbtest7 WHERE id BETWEEN 7505835 AND 7515834
	Bitmap Heap Scan on sbtest7  (cost=221.10..35072.40 rows=10211 width=121)
	  Recheck Cond: ((id >= 7505835) AND (id <= 7515834))
	  ->  Bitmap Index Scan on sbtest7_pkey  (cost=0.00..218.55 rows=10211 width=0)
	        Index Cond: ((id >= 7505835) AND (id <= 7515834))

table 8 : explain SELECT c FROM sbtest8 WHERE id BETWEEN 4126857 AND 4136856
	Bitmap Heap Scan on sbtest8  (cost=205.12..32637.78 rows=9433 width=121)
	  Recheck Cond: ((id >= 4126857) AND (id <= 4136856))
	  ->  Bitmap Index Scan on sbtest8_pkey  (cost=0.00..202.76 rows=9433 width=0)
	        Index Cond: ((id >= 4126857) AND (id <= 4136856))

for point_selects
table 1 : explain SELECT c FROM sbtest1 WHERE id=278884
	Index Scan using sbtest1_pkey on sbtest1  (cost=0.43..8.45 rows=1 width=121)
	  Index Cond: (id = 278884)

table 2 : explain SELECT c FROM sbtest2 WHERE id=7143493
	Index Scan using sbtest2_pkey on sbtest2  (cost=0.43..8.45 rows=1 width=121)
	  Index Cond: (id = 7143493)

table 3 : explain SELECT c FROM sbtest3 WHERE id=1172865
	Index Scan using sbtest3_pkey on sbtest3  (cost=0.43..8.45 rows=1 width=121)
	  Index Cond: (id = 1172865)

table 4 : explain SELECT c FROM sbtest4 WHERE id=2235379
	Index Scan using sbtest4_pkey on sbtest4  (cost=0.43..8.45 rows=1 width=121)
	  Index Cond: (id = 2235379)

table 5 : explain SELECT c FROM sbtest5 WHERE id=4020586
	Index Scan using sbtest5_pkey on sbtest5  (cost=0.43..8.45 rows=1 width=121)
	  Index Cond: (id = 4020586)

table 6 : explain SELECT c FROM sbtest6 WHERE id=3461100
	Index Scan using sbtest6_pkey on sbtest6  (cost=0.43..8.45 rows=1 width=121)
	  Index Cond: (id = 3461100)

table 7 : explain SELECT c FROM sbtest7 WHERE id=253122
	Index Scan using sbtest7_pkey on sbtest7  (cost=0.43..8.45 rows=1 width=121)
	  Index Cond: (id = 253122)

table 8 : explain SELECT c FROM sbtest8 WHERE id=812047
	Index Scan using sbtest8_pkey on sbtest8  (cost=0.43..8.45 rows=1 width=121)
	  Index Cond: (id = 812047)

explain: for point_selects :: explain SELECT c FROM sbtest%u WHERE id=%u
explain: for point_selects :: explain SELECT c FROM sbtest%u WHERE id=%u
explain: for point_selects :: explain SELECT c FROM sbtest%u WHERE id=%u
for point_selects
table 1 : explain SELECT c FROM sbtest1 WHERE id=35314
	Index Scan using sbtest1_pkey on sbtest1  (cost=0.43..8.45 rows=1 width=121)
	  Index Cond: (id = 35314)

table 2 : explain SELECT c FROM sbtest2 WHERE id=6444873
	Index Scan using sbtest2_pkey on sbtest2  (cost=0.43..8.45 rows=1 width=121)
	  Index Cond: (id = 6444873)

table 3 : explain SELECT c FROM sbtest3 WHERE id=6598284
	Index Scan using sbtest3_pkey on sbtest3  (cost=0.43..8.45 rows=1 width=121)
	  Index Cond: (id = 6598284)

table 4 : explain SELECT c FROM sbtest4 WHERE id=8393078
	Index Scan using sbtest4_pkey on sbtest4  (cost=0.43..8.45 rows=1 width=121)
	  Index Cond: (id = 8393078)

table 5 : explain SELECT c FROM sbtest5 WHERE id=555923
	Index Scan using sbtest5_pkey on sbtest5  (cost=0.43..8.45 rows=1 width=121)
	  Index Cond: (id = 555923)

table 6 : explain SELECT c FROM sbtest6 WHERE id=1398450
	Index Scan using sbtest6_pkey on sbtest6  (cost=0.43..8.45 rows=1 width=121)
	  Index Cond: (id = 1398450)

table 7 : explain SELECT c FROM sbtest7 WHERE id=6889189
	Index Scan using sbtest7_pkey on sbtest7  (cost=0.43..8.45 rows=1 width=121)
	  Index Cond: (id = 6889189)

table 8 : explain SELECT c FROM sbtest8 WHERE id=7501372
	Index Scan using sbtest8_pkey on sbtest8  (cost=0.43..8.45 rows=1 width=121)
	  Index Cond: (id = 7501372)

explain: for point_selects :: explain SELECT c FROM sbtest%u WHERE id=%u
for: simple_ranges
table 1 : explain SELECT c FROM sbtest1 WHERE id BETWEEN 8069112 AND 8079111
	Bitmap Heap Scan on sbtest1  (cost=214.84..34283.44 rows=9991 width=121)
	  Recheck Cond: ((id >= 8069112) AND (id <= 8079111))
	  ->  Bitmap Index Scan on sbtest1_pkey  (cost=0.00..212.34 rows=9991 width=0)
	        Index Cond: ((id >= 8069112) AND (id <= 8079111))

table 2 : explain SELECT c FROM sbtest2 WHERE id BETWEEN 7393181 AND 7403180
	Bitmap Heap Scan on sbtest2  (cost=198.18..31670.72 rows=9146 width=121)
	  Recheck Cond: ((id >= 7393181) AND (id <= 7403180))
	  ->  Bitmap Index Scan on sbtest2_pkey  (cost=0.00..195.90 rows=9146 width=0)
	        Index Cond: ((id >= 7393181) AND (id <= 7403180))

table 3 : explain SELECT c FROM sbtest3 WHERE id BETWEEN 7728495 AND 7738494
	Bitmap Heap Scan on sbtest3  (cost=229.58..36363.43 rows=10648 width=121)
	  Recheck Cond: ((id >= 7728495) AND (id <= 7738494))
	  ->  Bitmap Index Scan on sbtest3_pkey  (cost=0.00..226.92 rows=10648 width=0)
	        Index Cond: ((id >= 7728495) AND (id <= 7738494))

table 4 : explain SELECT c FROM sbtest4 WHERE id BETWEEN 9375917 AND 9385916
	Bitmap Heap Scan on sbtest4  (cost=245.92..38895.06 rows=11462 width=121)
	  Recheck Cond: ((id >= 9375917) AND (id <= 9385916))
	  ->  Bitmap Index Scan on sbtest4_pkey  (cost=0.00..243.06 rows=11462 width=0)
	        Index Cond: ((id >= 9375917) AND (id <= 9385916))

table 5 : explain SELECT c FROM sbtest5 WHERE id BETWEEN 2171145 AND 2181144
	Bitmap Heap Scan on sbtest5  (cost=200.34..32371.25 rows=9357 width=121)
	  Recheck Cond: ((id >= 2171145) AND (id <= 2181144))
	  ->  Bitmap Index Scan on sbtest5_pkey  (cost=0.00..198.00 rows=9357 width=0)
	        Index Cond: ((id >= 2171145) AND (id <= 2181144))

table 6 : explain SELECT c FROM sbtest6 WHERE id BETWEEN 3998850 AND 4008849
	Bitmap Heap Scan on sbtest6  (cost=221.55..35211.82 rows=10255 width=121)
	  Recheck Cond: ((id >= 3998850) AND (id <= 4008849))
	  ->  Bitmap Index Scan on sbtest6_pkey  (cost=0.00..218.99 rows=10255 width=0)
	        Index Cond: ((id >= 3998850) AND (id <= 4008849))

table 7 : explain SELECT c FROM sbtest7 WHERE id BETWEEN 8059958 AND 8069957
	Bitmap Heap Scan on sbtest7  (cost=199.39..32100.81 rows=9264 width=121)
	  Recheck Cond: ((id >= 8059958) AND (id <= 8069957))
	  ->  Bitmap Index Scan on sbtest7_pkey  (cost=0.00..197.07 rows=9264 width=0)
	        Index Cond: ((id >= 8059958) AND (id <= 8069957))

table 8 : explain SELECT c FROM sbtest8 WHERE id BETWEEN 8710165 AND 8720164
	Bitmap Heap Scan on sbtest8  (cost=244.84..38613.22 rows=11357 width=121)
	  Recheck Cond: ((id >= 8710165) AND (id <= 8720164))
	  ->  Bitmap Index Scan on sbtest8_pkey  (cost=0.00..242.00 rows=11357 width=0)
	        Index Cond: ((id >= 8710165) AND (id <= 8720164))

for: simple_ranges
table 1 : explain SELECT c FROM sbtest1 WHERE id BETWEEN 1349586 AND 1359585
	Bitmap Heap Scan on sbtest1  (cost=236.89..37308.57 rows=10971 width=121)
	  Recheck Cond: ((id >= 1349586) AND (id <= 1359585))
	  ->  Bitmap Index Scan on sbtest1_pkey  (cost=0.00..234.15 rows=10971 width=0)
	        Index Cond: ((id >= 1349586) AND (id <= 1359585))

table 2 : explain SELECT c FROM sbtest2 WHERE id BETWEEN 4698220 AND 4708219
	Bitmap Heap Scan on sbtest2  (cost=193.70..31520.68 rows=9099 width=121)
	  Recheck Cond: ((id >= 4698220) AND (id <= 4708219))
	  ->  Bitmap Index Scan on sbtest2_pkey  (cost=0.00..191.43 rows=9099 width=0)
	        Index Cond: ((id >= 4698220) AND (id <= 4708219))

table 3 : explain SELECT c FROM sbtest3 WHERE id BETWEEN 745471 AND 755470
	Bitmap Heap Scan on sbtest3  (cost=247.05..39192.63 rows=11572 width=121)
	  Recheck Cond: ((id >= 745471) AND (id <= 755470))
	  ->  Bitmap Index Scan on sbtest3_pkey  (cost=0.00..244.16 rows=11572 width=0)
	        Index Cond: ((id >= 745471) AND (id <= 755470))

table 4 : explain SELECT c FROM sbtest4 WHERE id BETWEEN 1406525 AND 1416524
	Bitmap Heap Scan on sbtest4  (cost=222.70..35524.27 rows=10367 width=121)
	  Recheck Cond: ((id >= 1406525) AND (id <= 1416524))
	  ->  Bitmap Index Scan on sbtest4_pkey  (cost=0.00..220.11 rows=10367 width=0)
	        Index Cond: ((id >= 1406525) AND (id <= 1416524))

table 5 : explain SELECT c FROM sbtest5 WHERE id BETWEEN 8714658 AND 8724657
	Bitmap Heap Scan on sbtest5  (cost=222.86..35579.87 rows=10383 width=121)
	  Recheck Cond: ((id >= 8714658) AND (id <= 8724657))
	  ->  Bitmap Index Scan on sbtest5_pkey  (cost=0.00..220.26 rows=10383 width=0)
	        Index Cond: ((id >= 8714658) AND (id <= 8724657))

table 6 : explain SELECT c FROM sbtest6 WHERE id BETWEEN 7367543 AND 7377542
	Bitmap Heap Scan on sbtest6  (cost=221.13..35083.51 rows=10214 width=121)
	  Recheck Cond: ((id >= 7367543) AND (id <= 7377542))
	  ->  Bitmap Index Scan on sbtest6_pkey  (cost=0.00..218.57 rows=10214 width=0)
	        Index Cond: ((id >= 7367543) AND (id <= 7377542))

table 7 : explain SELECT c FROM sbtest7 WHERE id BETWEEN 5612263 AND 5622262
	Bitmap Heap Scan on sbtest7  (cost=223.26..35726.10 rows=10422 width=121)
	  Recheck Cond: ((id >= 5612263) AND (id <= 5622262))
	  ->  Bitmap Index Scan on sbtest7_pkey  (cost=0.00..220.66 rows=10422 width=0)
	        Index Cond: ((id >= 5612263) AND (id <= 5622262))

table 8 : explain SELECT c FROM sbtest8 WHERE id BETWEEN 3098179 AND 3108178
	Bitmap Heap Scan on sbtest8  (cost=222.02..35352.63 rows=10301 width=121)
	  Recheck Cond: ((id >= 3098179) AND (id <= 3108178))
	  ->  Bitmap Index Scan on sbtest8_pkey  (cost=0.00..219.44 rows=10301 width=0)
	        Index Cond: ((id >= 3098179) AND (id <= 3108178))

for point_selects
table 1 : explain SELECT c FROM sbtest1 WHERE id=9580682
	Index Scan using sbtest1_pkey on sbtest1  (cost=0.43..8.45 rows=1 width=121)
	  Index Cond: (id = 9580682)

table 2 : explain SELECT c FROM sbtest2 WHERE id=8807136
	Index Scan using sbtest2_pkey on sbtest2  (cost=0.43..8.45 rows=1 width=121)
	  Index Cond: (id = 8807136)

table 3 : explain SELECT c FROM sbtest3 WHERE id=1112238
	Index Scan using sbtest3_pkey on sbtest3  (cost=0.43..8.45 rows=1 width=121)
	  Index Cond: (id = 1112238)

table 4 : explain SELECT c FROM sbtest4 WHERE id=3563150
	Index Scan using sbtest4_pkey on sbtest4  (cost=0.43..8.45 rows=1 width=121)
	  Index Cond: (id = 3563150)

table 5 : explain SELECT c FROM sbtest5 WHERE id=8787027
	Index Scan using sbtest5_pkey on sbtest5  (cost=0.43..8.45 rows=1 width=121)
	  Index Cond: (id = 8787027)

table 6 : explain SELECT c FROM sbtest6 WHERE id=5622182
	Index Scan using sbtest6_pkey on sbtest6  (cost=0.43..8.45 rows=1 width=121)
	  Index Cond: (id = 5622182)

table 7 : explain SELECT c FROM sbtest7 WHERE id=8986223
	Index Scan using sbtest7_pkey on sbtest7  (cost=0.43..8.45 rows=1 width=121)
	  Index Cond: (id = 8986223)

table 8 : explain SELECT c FROM sbtest8 WHERE id=1892463
	Index Scan using sbtest8_pkey on sbtest8  (cost=0.43..8.45 rows=1 width=121)
	  Index Cond: (id = 1892463)

explain: for point_selects :: explain SELECT c FROM sbtest%u WHERE id=%u
for point_selects
table 1 : explain SELECT c FROM sbtest1 WHERE id=120315
	Index Scan using sbtest1_pkey on sbtest1  (cost=0.43..8.45 rows=1 width=121)
	  Index Cond: (id = 120315)

table 2 : explain SELECT c FROM sbtest2 WHERE id=5708272
	Index Scan using sbtest2_pkey on sbtest2  (cost=0.43..8.45 rows=1 width=121)
	  Index Cond: (id = 5708272)

table 3 : explain SELECT c FROM sbtest3 WHERE id=1924823
	Index Scan using sbtest3_pkey on sbtest3  (cost=0.43..8.45 rows=1 width=121)
	  Index Cond: (id = 1924823)

table 4 : explain SELECT c FROM sbtest4 WHERE id=9694500
	Index Scan using sbtest4_pkey on sbtest4  (cost=0.43..8.45 rows=1 width=121)
	  Index Cond: (id = 9694500)

table 5 : explain SELECT c FROM sbtest5 WHERE id=2060804
	Index Scan using sbtest5_pkey on sbtest5  (cost=0.43..8.45 rows=1 width=121)
	  Index Cond: (id = 2060804)

table 6 : explain SELECT c FROM sbtest6 WHERE id=1995033
	Index Scan using sbtest6_pkey on sbtest6  (cost=0.43..8.45 rows=1 width=121)
	  Index Cond: (id = 1995033)

table 7 : explain SELECT c FROM sbtest7 WHERE id=373016
	Index Scan using sbtest7_pkey on sbtest7  (cost=0.43..8.45 rows=1 width=121)
	  Index Cond: (id = 373016)

table 8 : explain SELECT c FROM sbtest8 WHERE id=2721834
	Index Scan using sbtest8_pkey on sbtest8  (cost=0.43..8.45 rows=1 width=121)
	  Index Cond: (id = 2721834)

for: simple_ranges
table 1 : explain SELECT c FROM sbtest1 WHERE id BETWEEN 2631377 AND 2641376
	Bitmap Heap Scan on sbtest1  (cost=208.22..33483.44 rows=9735 width=121)
	  Recheck Cond: ((id >= 2631377) AND (id <= 2641376))
	  ->  Bitmap Index Scan on sbtest1_pkey  (cost=0.00..205.79 rows=9735 width=0)
	        Index Cond: ((id >= 2631377) AND (id <= 2641376))

table 2 : explain SELECT c FROM sbtest2 WHERE id BETWEEN 1458213 AND 1468212
	Bitmap Heap Scan on sbtest2  (cost=230.65..36680.10 rows=10753 width=121)
	  Recheck Cond: ((id >= 1458213) AND (id <= 1468212))
	  ->  Bitmap Index Scan on sbtest2_pkey  (cost=0.00..227.97 rows=10753 width=0)
	        Index Cond: ((id >= 1458213) AND (id <= 1468212))

table 3 : explain SELECT c FROM sbtest3 WHERE id BETWEEN 479808 AND 489807
	Bitmap Heap Scan on sbtest3  (cost=207.43..33285.67 rows=9658 width=121)
	  Recheck Cond: ((id >= 479808) AND (id <= 489807))
	  ->  Bitmap Index Scan on sbtest3_pkey  (cost=0.00..205.01 rows=9658 width=0)
	        Index Cond: ((id >= 479808) AND (id <= 489807))

table 4 : explain SELECT c FROM sbtest4 WHERE id BETWEEN 6869272 AND 6879271
	Bitmap Heap Scan on sbtest4  (cost=237.80..37663.25 rows=11060 width=121)
	  Recheck Cond: ((id >= 6869272) AND (id <= 6879271))
	  ->  Bitmap Index Scan on sbtest4_pkey  (cost=0.00..235.04 rows=11060 width=0)
	        Index Cond: ((id >= 6869272) AND (id <= 6879271))

table 5 : explain SELECT c FROM sbtest5 WHERE id BETWEEN 7250856 AND 7260855
	Bitmap Heap Scan on sbtest5  (cost=220.86..34974.60 rows=10188 width=121)
	  Recheck Cond: ((id >= 7250856) AND (id <= 7260855))
	  ->  Bitmap Index Scan on sbtest5_pkey  (cost=0.00..218.31 rows=10188 width=0)
	        Index Cond: ((id >= 7250856) AND (id <= 7260855))

table 6 : explain SELECT c FROM sbtest6 WHERE id BETWEEN 9567068 AND 9577067
	Bitmap Heap Scan on sbtest6  (cost=216.07..34758.46 rows=10111 width=121)
	  Recheck Cond: ((id >= 9567068) AND (id <= 9577067))
	  ->  Bitmap Index Scan on sbtest6_pkey  (cost=0.00..213.55 rows=10111 width=0)
	        Index Cond: ((id >= 9567068) AND (id <= 9577067))

table 7 : explain SELECT c FROM sbtest7 WHERE id BETWEEN 8144692 AND 8154691
	Bitmap Heap Scan on sbtest7  (cost=216.03..34744.14 rows=10107 width=121)
	  Recheck Cond: ((id >= 8144692) AND (id <= 8154691))
	  ->  Bitmap Index Scan on sbtest7_pkey  (cost=0.00..213.50 rows=10107 width=0)
	        Index Cond: ((id >= 8144692) AND (id <= 8154691))

table 8 : explain SELECT c FROM sbtest8 WHERE id BETWEEN 6998559 AND 7008558
	Bitmap Heap Scan on sbtest8  (cost=214.78..34365.94 rows=9985 width=121)
	  Recheck Cond: ((id >= 6998559) AND (id <= 7008558))
	  ->  Bitmap Index Scan on sbtest8_pkey  (cost=0.00..212.29 rows=9985 width=0)
	        Index Cond: ((id >= 6998559) AND (id <= 7008558))

for: simple_ranges
table 1 : explain SELECT c FROM sbtest1 WHERE id BETWEEN 8952013 AND 8962012
	Bitmap Heap Scan on sbtest1  (cost=224.19..35897.29 rows=10513 width=121)
	  Recheck Cond: ((id >= 8952013) AND (id <= 8962012))
	  ->  Bitmap Index Scan on sbtest1_pkey  (cost=0.00..221.56 rows=10513 width=0)
	        Index Cond: ((id >= 8952013) AND (id <= 8962012))

table 2 : explain SELECT c FROM sbtest2 WHERE id BETWEEN 9712851 AND 9722850
	Bitmap Heap Scan on sbtest2  (cost=245.49..38724.18 rows=11420 width=121)
	  Recheck Cond: ((id >= 9712851) AND (id <= 9722850))
	  ->  Bitmap Index Scan on sbtest2_pkey  (cost=0.00..242.63 rows=11420 width=0)
	        Index Cond: ((id >= 9712851) AND (id <= 9722850))

table 3 : explain SELECT c FROM sbtest3 WHERE id BETWEEN 4881883 AND 4891882
	Bitmap Heap Scan on sbtest3  (cost=229.83..36439.84 rows=10673 width=121)
	  Recheck Cond: ((id >= 4881883) AND (id <= 4891882))
	  ->  Bitmap Index Scan on sbtest3_pkey  (cost=0.00..227.17 rows=10673 width=0)
	        Index Cond: ((id >= 4881883) AND (id <= 4891882))

table 4 : explain SELECT c FROM sbtest4 WHERE id BETWEEN 715255 AND 725254
	Bitmap Heap Scan on sbtest4  (cost=223.66..35815.18 rows=10461 width=121)
	  Recheck Cond: ((id >= 715255) AND (id <= 725254))
	  ->  Bitmap Index Scan on sbtest4_pkey  (cost=0.00..221.05 rows=10461 width=0)
	        Index Cond: ((id >= 715255) AND (id <= 725254))

table 5 : explain SELECT c FROM sbtest5 WHERE id BETWEEN 2282863 AND 2292862
	Bitmap Heap Scan on sbtest5  (cost=214.98..34399.21 rows=10004 width=121)
	  Recheck Cond: ((id >= 2282863) AND (id <= 2292862))
	  ->  Bitmap Index Scan on sbtest5_pkey  (cost=0.00..212.48 rows=10004 width=0)
	        Index Cond: ((id >= 2282863) AND (id <= 2292862))

table 6 : explain SELECT c FROM sbtest6 WHERE id BETWEEN 2876983 AND 2886982
	Bitmap Heap Scan on sbtest6  (cost=200.52..32446.05 rows=9374 width=121)
	  Recheck Cond: ((id >= 2876983) AND (id <= 2886982))
	  ->  Bitmap Index Scan on sbtest6_pkey  (cost=0.00..198.18 rows=9374 width=0)
	        Index Cond: ((id >= 2876983) AND (id <= 2886982))

table 7 : explain SELECT c FROM sbtest7 WHERE id BETWEEN 1281718 AND 1291717
	Bitmap Heap Scan on sbtest7  (cost=200.40..32409.05 rows=9362 width=121)
	  Recheck Cond: ((id >= 1281718) AND (id <= 1291717))
	  ->  Bitmap Index Scan on sbtest7_pkey  (cost=0.00..198.06 rows=9362 width=0)
	        Index Cond: ((id >= 1281718) AND (id <= 1291717))

table 8 : explain SELECT c FROM sbtest8 WHERE id BETWEEN 9368906 AND 9378905
	Bitmap Heap Scan on sbtest8  (cost=183.87..29767.89 rows=8530 width=121)
	  Recheck Cond: ((id >= 9368906) AND (id <= 9378905))
	  ->  Bitmap Index Scan on sbtest8_pkey  (cost=0.00..181.74 rows=8530 width=0)
	        Index Cond: ((id >= 9368906) AND (id <= 9378905))

explain: for point_selects :: explain SELECT c FROM sbtest%u WHERE id=%u
explain: for point_selects :: explain SELECT c FROM sbtest%u WHERE id=%u
explain: for point_selects :: explain SELECT c FROM sbtest%u WHERE id=%u
for: sum_ranges
table 1 : explain SELECT SUM(k) FROM sbtest1 WHERE id BETWEEN 5064646 AND 5074645
	Aggregate  (cost=35961.79..35961.80 rows=1 width=8)
	  ->  Bitmap Heap Scan on sbtest1  (cost=224.32..35935.48 rows=10525 width=4)
	        Recheck Cond: ((id >= 5064646) AND (id <= 5074645))
	        ->  Bitmap Index Scan on sbtest1_pkey  (cost=0.00..221.69 rows=10525 width=0)
	              Index Cond: ((id >= 5064646) AND (id <= 5074645))

table 2 : explain SELECT SUM(k) FROM sbtest2 WHERE id BETWEEN 2261099 AND 2271098
	Aggregate  (cost=33873.58..33873.59 rows=1 width=8)
	  ->  Bitmap Heap Scan on sbtest2  (cost=213.28..33848.98 rows=9839 width=4)
	        Recheck Cond: ((id >= 2261099) AND (id <= 2271098))
	        ->  Bitmap Index Scan on sbtest2_pkey  (cost=0.00..210.82 rows=9839 width=0)
	              Index Cond: ((id >= 2261099) AND (id <= 2271098))

table 3 : explain SELECT SUM(k) FROM sbtest3 WHERE id BETWEEN 202049 AND 212048
	Aggregate  (cost=32633.90..32633.91 rows=1 width=8)
	  ->  Bitmap Heap Scan on sbtest3  (cost=201.23..32610.29 rows=9443 width=4)
	        Recheck Cond: ((id >= 202049) AND (id <= 212048))
	        ->  Bitmap Index Scan on sbtest3_pkey  (cost=0.00..198.87 rows=9443 width=0)
	              Index Cond: ((id >= 202049) AND (id <= 212048))

table 4 : explain SELECT SUM(k) FROM sbtest4 WHERE id BETWEEN 3256442 AND 3266441
	Aggregate  (cost=31210.48..31210.49 rows=1 width=8)
	  ->  Bitmap Heap Scan on sbtest4  (cost=192.52..31188.02 rows=8984 width=4)
	        Recheck Cond: ((id >= 3256442) AND (id <= 3266441))
	        ->  Bitmap Index Scan on sbtest4_pkey  (cost=0.00..190.28 rows=8984 width=0)
	              Index Cond: ((id >= 3256442) AND (id <= 3266441))

table 5 : explain SELECT SUM(k) FROM sbtest5 WHERE id BETWEEN 8756093 AND 8766092
	Aggregate  (cost=35605.82..35605.83 rows=1 width=8)
	  ->  Bitmap Heap Scan on sbtest5  (cost=222.86..35579.87 rows=10383 width=4)
	        Recheck Cond: ((id >= 8756093) AND (id <= 8766092))
	        ->  Bitmap Index Scan on sbtest5_pkey  (cost=0.00..220.26 rows=10383 width=0)
	              Index Cond: ((id >= 8756093) AND (id <= 8766092))

table 6 : explain SELECT SUM(k) FROM sbtest6 WHERE id BETWEEN 4541325 AND 4551324
	Aggregate  (cost=34097.95..34097.96 rows=1 width=8)
	  ->  Bitmap Heap Scan on sbtest6  (cost=213.82..34073.22 rows=9891 width=4)
	        Recheck Cond: ((id >= 4541325) AND (id <= 4551324))
	        ->  Bitmap Index Scan on sbtest6_pkey  (cost=0.00..211.34 rows=9891 width=0)
	              Index Cond: ((id >= 4541325) AND (id <= 4551324))

table 7 : explain SELECT SUM(k) FROM sbtest7 WHERE id BETWEEN 2728754 AND 2738753
	Aggregate  (cost=33476.00..33476.01 rows=1 width=8)
	  ->  Bitmap Heap Scan on sbtest7  (cost=207.79..33451.77 rows=9693 width=4)
	        Recheck Cond: ((id >= 2728754) AND (id <= 2738753))
	        ->  Bitmap Index Scan on sbtest7_pkey  (cost=0.00..205.37 rows=9693 width=0)
	              Index Cond: ((id >= 2728754) AND (id <= 2738753))

table 8 : explain SELECT SUM(k) FROM sbtest8 WHERE id BETWEEN 6732707 AND 6742706
	Aggregate  (cost=34023.52..34023.53 rows=1 width=8)
	  ->  Bitmap Heap Scan on sbtest8  (cost=213.57..33998.85 rows=9867 width=4)
	        Recheck Cond: ((id >= 6732707) AND (id <= 6742706))
	        ->  Bitmap Index Scan on sbtest8_pkey  (cost=0.00..211.11 rows=9867 width=0)
	              Index Cond: ((id >= 6732707) AND (id <= 6742706))

for: sum_ranges
table 1 : explain SELECT SUM(k) FROM sbtest1 WHERE id BETWEEN 1024381 AND 1034380
	Aggregate  (cost=32766.61..32766.62 rows=1 width=8)
	  ->  Bitmap Heap Scan on sbtest1  (cost=205.78..32742.86 rows=9497 width=4)
	        Recheck Cond: ((id >= 1024381) AND (id <= 1034380))
	        ->  Bitmap Index Scan on sbtest1_pkey  (cost=0.00..203.41 rows=9497 width=0)
	              Index Cond: ((id >= 1024381) AND (id <= 1034380))

table 2 : explain SELECT SUM(k) FROM sbtest2 WHERE id BETWEEN 6517965 AND 6527964
	Aggregate  (cost=36754.69..36754.70 rows=1 width=8)
	  ->  Bitmap Heap Scan on sbtest2  (cost=230.81..36727.77 rows=10768 width=4)
	        Recheck Cond: ((id >= 6517965) AND (id <= 6527964))
	        ->  Bitmap Index Scan on sbtest2_pkey  (cost=0.00..228.12 rows=10768 width=0)
	              Index Cond: ((id >= 6517965) AND (id <= 6527964))

table 3 : explain SELECT SUM(k) FROM sbtest3 WHERE id BETWEEN 5131640 AND 5141639
	Aggregate  (cost=34790.10..34790.11 rows=1 width=8)
	  ->  Bitmap Heap Scan on sbtest3  (cost=216.29..34764.77 rows=10132 width=4)
	        Recheck Cond: ((id >= 5131640) AND (id <= 5141639))
	        ->  Bitmap Index Scan on sbtest3_pkey  (cost=0.00..213.75 rows=10132 width=0)
	              Index Cond: ((id >= 5131640) AND (id <= 5141639))

table 4 : explain SELECT SUM(k) FROM sbtest4 WHERE id BETWEEN 2378725 AND 2388724
	Aggregate  (cost=34391.06..34391.07 rows=1 width=8)
	  ->  Bitmap Heap Scan on sbtest4  (cost=214.87..34366.07 rows=9994 width=4)
	        Recheck Cond: ((id >= 2378725) AND (id <= 2388724))
	        ->  Bitmap Index Scan on sbtest4_pkey  (cost=0.00..212.38 rows=9994 width=0)
	              Index Cond: ((id >= 2378725) AND (id <= 2388724))

table 5 : explain SELECT SUM(k) FROM sbtest5 WHERE id BETWEEN 5855164 AND 5865163
	Aggregate  (cost=38815.06..38815.07 rows=1 width=8)
	  ->  Bitmap Heap Scan on sbtest5  (cost=245.54..38786.50 rows=11425 width=4)
	        Recheck Cond: ((id >= 5855164) AND (id <= 5865163))
	        ->  Bitmap Index Scan on sbtest5_pkey  (cost=0.00..242.69 rows=11425 width=0)
	              Index Cond: ((id >= 5855164) AND (id <= 5865163))

table 6 : explain SELECT SUM(k) FROM sbtest6 WHERE id BETWEEN 7800878 AND 7810877
	Aggregate  (cost=32726.45..32726.46 rows=1 width=8)
	  ->  Bitmap Heap Scan on sbtest6  (cost=205.34..32702.82 rows=9454 width=4)
	        Recheck Cond: ((id >= 7800878) AND (id <= 7810877))
	        ->  Bitmap Index Scan on sbtest6_pkey  (cost=0.00..202.98 rows=9454 width=0)
	              Index Cond: ((id >= 7800878) AND (id <= 7810877))

table 7 : explain SELECT SUM(k) FROM sbtest7 WHERE id BETWEEN 3059690 AND 3069689
	Aggregate  (cost=32916.30..32916.31 rows=1 width=8)
	  ->  Bitmap Heap Scan on sbtest7  (cost=205.96..32892.51 rows=9515 width=4)
	        Recheck Cond: ((id >= 3059690) AND (id <= 3069689))
	        ->  Bitmap Index Scan on sbtest7_pkey  (cost=0.00..203.59 rows=9515 width=0)
	              Index Cond: ((id >= 3059690) AND (id <= 3069689))

table 8 : explain SELECT SUM(k) FROM sbtest8 WHERE id BETWEEN 1183404 AND 1193403
	Aggregate  (cost=37437.52..37437.53 rows=1 width=8)
	  ->  Bitmap Heap Scan on sbtest8  (cost=236.83..37410.10 rows=10965 width=4)
	        Recheck Cond: ((id >= 1183404) AND (id <= 1193403))
	        ->  Bitmap Index Scan on sbtest8_pkey  (cost=0.00..234.09 rows=10965 width=0)
	              Index Cond: ((id >= 1183404) AND (id <= 1193403))

for point_selects
table 1 : explain SELECT c FROM sbtest1 WHERE id=7185016
	Index Scan using sbtest1_pkey on sbtest1  (cost=0.43..8.45 rows=1 width=121)
	  Index Cond: (id = 7185016)

table 2 : explain SELECT c FROM sbtest2 WHERE id=5000474
	Index Scan using sbtest2_pkey on sbtest2  (cost=0.43..8.45 rows=1 width=121)
	  Index Cond: (id = 5000474)

table 3 : explain SELECT c FROM sbtest3 WHERE id=1450732
	Index Scan using sbtest3_pkey on sbtest3  (cost=0.43..8.45 rows=1 width=121)
	  Index Cond: (id = 1450732)

table 4 : explain SELECT c FROM sbtest4 WHERE id=3619583
	Index Scan using sbtest4_pkey on sbtest4  (cost=0.43..8.45 rows=1 width=121)
	  Index Cond: (id = 3619583)

table 5 : explain SELECT c FROM sbtest5 WHERE id=7339346
	Index Scan using sbtest5_pkey on sbtest5  (cost=0.43..8.45 rows=1 width=121)
	  Index Cond: (id = 7339346)

table 6 : explain SELECT c FROM sbtest6 WHERE id=1483823
	Index Scan using sbtest6_pkey on sbtest6  (cost=0.43..8.45 rows=1 width=121)
	  Index Cond: (id = 1483823)

table 7 : explain SELECT c FROM sbtest7 WHERE id=2540199
	Index Scan using sbtest7_pkey on sbtest7  (cost=0.43..8.45 rows=1 width=121)
	  Index Cond: (id = 2540199)

table 8 : explain SELECT c FROM sbtest8 WHERE id=5362579
	Index Scan using sbtest8_pkey on sbtest8  (cost=0.43..8.45 rows=1 width=121)
	  Index Cond: (id = 5362579)

for: sum_ranges
table 1 : explain SELECT SUM(k) FROM sbtest1 WHERE id BETWEEN 9827768 AND 9837767
	Aggregate  (cost=32808.57..32808.58 rows=1 width=8)
	  ->  Bitmap Heap Scan on sbtest1  (cost=205.92..32784.80 rows=9511 width=4)
	        Recheck Cond: ((id >= 9827768) AND (id <= 9837767))
	        ->  Bitmap Index Scan on sbtest1_pkey  (cost=0.00..203.55 rows=9511 width=0)
	              Index Cond: ((id >= 9827768) AND (id <= 9837767))

table 2 : explain SELECT SUM(k) FROM sbtest2 WHERE id BETWEEN 7582478 AND 7592477
	Aggregate  (cost=37619.35..37619.36 rows=1 width=8)
	  ->  Bitmap Heap Scan on sbtest2  (cost=237.69..37591.73 rows=11049 width=4)
	        Recheck Cond: ((id >= 7582478) AND (id <= 7592477))
	        ->  Bitmap Index Scan on sbtest2_pkey  (cost=0.00..234.93 rows=11049 width=0)
	              Index Cond: ((id >= 7582478) AND (id <= 7592477))

table 3 : explain SELECT SUM(k) FROM sbtest3 WHERE id BETWEEN 9045864 AND 9055863
	Aggregate  (cost=32021.79..32021.80 rows=1 width=8)
	  ->  Bitmap Heap Scan on sbtest3  (cost=199.24..31998.67 rows=9249 width=4)
	        Recheck Cond: ((id >= 9045864) AND (id <= 9055863))
	        ->  Bitmap Index Scan on sbtest3_pkey  (cost=0.00..196.93 rows=9249 width=0)
	              Index Cond: ((id >= 9045864) AND (id <= 9055863))

table 4 : explain SELECT SUM(k) FROM sbtest4 WHERE id BETWEEN 2784189 AND 2794188
	Aggregate  (cost=34943.61..34943.62 rows=1 width=8)
	  ->  Bitmap Heap Scan on sbtest4  (cost=216.70..34918.18 rows=10172 width=4)
	        Recheck Cond: ((id >= 2784189) AND (id <= 2794188))
	        ->  Bitmap Index Scan on sbtest4_pkey  (cost=0.00..214.16 rows=10172 width=0)
	              Index Cond: ((id >= 2784189) AND (id <= 2794188))

table 5 : explain SELECT SUM(k) FROM sbtest5 WHERE id BETWEEN 7739525 AND 7749524
	Aggregate  (cost=32495.14..32495.15 rows=1 width=8)
	  ->  Bitmap Heap Scan on sbtest5  (cost=200.67..32471.67 rows=9389 width=4)
	        Recheck Cond: ((id >= 7739525) AND (id <= 7749524))
	        ->  Bitmap Index Scan on sbtest5_pkey  (cost=0.00..198.32 rows=9389 width=0)
	              Index Cond: ((id >= 7739525) AND (id <= 7749524))

table 6 : explain SELECT SUM(k) FROM sbtest6 WHERE id BETWEEN 7748694 AND 7758693
	Aggregate  (cost=32726.45..32726.46 rows=1 width=8)
	  ->  Bitmap Heap Scan on sbtest6  (cost=205.34..32702.82 rows=9454 width=4)
	        Recheck Cond: ((id >= 7748694) AND (id <= 7758693))
	        ->  Bitmap Index Scan on sbtest6_pkey  (cost=0.00..202.98 rows=9454 width=0)
	              Index Cond: ((id >= 7748694) AND (id <= 7758693))

table 7 : explain SELECT SUM(k) FROM sbtest7 WHERE id BETWEEN 5696796 AND 5706795
	Aggregate  (cost=36248.91..36248.92 rows=1 width=8)
	  ->  Bitmap Heap Scan on sbtest7  (cost=228.89..36222.46 rows=10581 width=4)
	        Recheck Cond: ((id >= 5696796) AND (id <= 5706795))
	        ->  Bitmap Index Scan on sbtest7_pkey  (cost=0.00..226.25 rows=10581 width=0)
	              Index Cond: ((id >= 5696796) AND (id <= 5706795))

table 8 : explain SELECT SUM(k) FROM sbtest8 WHERE id BETWEEN 9788614 AND 9798613
	Aggregate  (cost=31431.94..31431.95 rows=1 width=8)
	  ->  Bitmap Heap Scan on sbtest8  (cost=197.15..31409.33 rows=9045 width=4)
	        Recheck Cond: ((id >= 9788614) AND (id <= 9798613))
	        ->  Bitmap Index Scan on sbtest8_pkey  (cost=0.00..194.88 rows=9045 width=0)
	              Index Cond: ((id >= 9788614) AND (id <= 9798613))

for point_selects
table 1 : explain SELECT c FROM sbtest1 WHERE id=5857018
	Index Scan using sbtest1_pkey on sbtest1  (cost=0.43..8.45 rows=1 width=121)
	  Index Cond: (id = 5857018)

table 2 : explain SELECT c FROM sbtest2 WHERE id=5547292
	Index Scan using sbtest2_pkey on sbtest2  (cost=0.43..8.45 rows=1 width=121)
	  Index Cond: (id = 5547292)

table 3 : explain SELECT c FROM sbtest3 WHERE id=4993727
	Index Scan using sbtest3_pkey on sbtest3  (cost=0.43..8.45 rows=1 width=121)
	  Index Cond: (id = 4993727)

table 4 : explain SELECT c FROM sbtest4 WHERE id=9146020
	Index Scan using sbtest4_pkey on sbtest4  (cost=0.43..8.45 rows=1 width=121)
	  Index Cond: (id = 9146020)

table 5 : explain SELECT c FROM sbtest5 WHERE id=7228722
	Index Scan using sbtest5_pkey on sbtest5  (cost=0.43..8.45 rows=1 width=121)
	  Index Cond: (id = 7228722)

table 6 : explain SELECT c FROM sbtest6 WHERE id=5502925
	Index Scan using sbtest6_pkey on sbtest6  (cost=0.43..8.45 rows=1 width=121)
	  Index Cond: (id = 5502925)

table 7 : explain SELECT c FROM sbtest7 WHERE id=17871
	Index Scan using sbtest7_pkey on sbtest7  (cost=0.43..8.45 rows=1 width=121)
	  Index Cond: (id = 17871)

table 8 : explain SELECT c FROM sbtest8 WHERE id=7313500
	Index Scan using sbtest8_pkey on sbtest8  (cost=0.43..8.45 rows=1 width=121)
	  Index Cond: (id = 7313500)

for: sum_ranges
table 1 : explain SELECT SUM(k) FROM sbtest1 WHERE id BETWEEN 4760013 AND 4770012
	Aggregate  (cost=34901.02..34901.03 rows=1 width=8)
	  ->  Bitmap Heap Scan on sbtest1  (cost=216.80..34875.56 rows=10182 width=4)
	        Recheck Cond: ((id >= 4760013) AND (id <= 4770012))
	        ->  Bitmap Index Scan on sbtest1_pkey  (cost=0.00..214.25 rows=10182 width=0)
	              Index Cond: ((id >= 4760013) AND (id <= 4770012))

table 2 : explain SELECT SUM(k) FROM sbtest2 WHERE id BETWEEN 3198287 AND 3208286
	Aggregate  (cost=35944.55..35944.56 rows=1 width=8)
	  ->  Bitmap Heap Scan on sbtest2  (cost=224.12..35918.29 rows=10506 width=4)
	        Recheck Cond: ((id >= 3198287) AND (id <= 3208286))
	        ->  Bitmap Index Scan on sbtest2_pkey  (cost=0.00..221.50 rows=10506 width=0)
	              Index Cond: ((id >= 3198287) AND (id <= 3208286))

table 3 : explain SELECT SUM(k) FROM sbtest3 WHERE id BETWEEN 8537818 AND 8547817
	Aggregate  (cost=35476.24..35476.25 rows=1 width=8)
	  ->  Bitmap Heap Scan on sbtest3  (cost=222.55..35450.36 rows=10353 width=4)
	        Recheck Cond: ((id >= 8537818) AND (id <= 8547817))
	        ->  Bitmap Index Scan on sbtest3_pkey  (cost=0.00..219.97 rows=10353 width=0)
	              Index Cond: ((id >= 8537818) AND (id <= 8547817))

table 4 : explain SELECT SUM(k) FROM sbtest4 WHERE id BETWEEN 3180504 AND 3190503
	Aggregate  (cost=35293.95..35293.96 rows=1 width=8)
	  ->  Bitmap Heap Scan on sbtest4  (cost=221.85..35268.24 rows=10284 width=4)
	        Recheck Cond: ((id >= 3180504) AND (id <= 3190503))
	        ->  Bitmap Index Scan on sbtest4_pkey  (cost=0.00..219.28 rows=10284 width=0)
	              Index Cond: ((id >= 3180504) AND (id <= 3190503))

table 5 : explain SELECT SUM(k) FROM sbtest5 WHERE id BETWEEN 5797262 AND 5807261
	Aggregate  (cost=31363.90..31363.91 rows=1 width=8)
	  ->  Bitmap Heap Scan on sbtest5  (cost=193.01..31341.32 rows=9032 width=4)
	        Recheck Cond: ((id >= 5797262) AND (id <= 5807261))
	        ->  Bitmap Index Scan on sbtest5_pkey  (cost=0.00..190.75 rows=9032 width=0)
	              Index Cond: ((id >= 5797262) AND (id <= 5807261))

table 6 : explain SELECT SUM(k) FROM sbtest6 WHERE id BETWEEN 2992160 AND 3002159
	Aggregate  (cost=37367.82..37367.83 rows=1 width=8)
	  ->  Bitmap Heap Scan on sbtest6  (cost=236.60..37340.46 rows=10943 width=4)
	        Recheck Cond: ((id >= 2992160) AND (id <= 3002159))
	        ->  Bitmap Index Scan on sbtest6_pkey  (cost=0.00..233.87 rows=10943 width=0)
	              Index Cond: ((id >= 2992160) AND (id <= 3002159))

table 7 : explain SELECT SUM(k) FROM sbtest7 WHERE id BETWEEN 6471707 AND 6481706
	Aggregate  (cost=35790.57..35790.58 rows=1 width=8)
	  ->  Bitmap Heap Scan on sbtest7  (cost=223.38..35764.49 rows=10434 width=4)
	        Recheck Cond: ((id >= 6471707) AND (id <= 6481706))
	        ->  Bitmap Index Scan on sbtest7_pkey  (cost=0.00..220.78 rows=10434 width=0)
	              Index Cond: ((id >= 6471707) AND (id <= 6481706))

table 8 : explain SELECT SUM(k) FROM sbtest8 WHERE id BETWEEN 3000373 AND 3010372
	Aggregate  (cost=33313.04..33313.05 rows=1 width=8)
	  ->  Bitmap Heap Scan on sbtest8  (cost=211.25..33288.94 rows=9640 width=4)
	        Recheck Cond: ((id >= 3000373) AND (id <= 3010372))
	        ->  Bitmap Index Scan on sbtest8_pkey  (cost=0.00..208.84 rows=9640 width=0)
	              Index Cond: ((id >= 3000373) AND (id <= 3010372))

for: sum_ranges
table 1 : explain SELECT SUM(k) FROM sbtest1 WHERE id BETWEEN 2187193 AND 2197192
	Aggregate  (cost=35304.64..35304.65 rows=1 width=8)
	  ->  Bitmap Heap Scan on sbtest1  (cost=222.13..35278.86 rows=10312 width=4)
	        Recheck Cond: ((id >= 2187193) AND (id <= 2197192))
	        ->  Bitmap Index Scan on sbtest1_pkey  (cost=0.00..219.56 rows=10312 width=0)
	              Index Cond: ((id >= 2187193) AND (id <= 2197192))

table 2 : explain SELECT SUM(k) FROM sbtest2 WHERE id BETWEEN 7932831 AND 7942830
	Aggregate  (cost=37768.33..37768.34 rows=1 width=8)
	  ->  Bitmap Heap Scan on sbtest2  (cost=238.19..37740.58 rows=11098 width=4)
	        Recheck Cond: ((id >= 7932831) AND (id <= 7942830))
	        ->  Bitmap Index Scan on sbtest2_pkey  (cost=0.00..235.42 rows=11098 width=0)
	              Index Cond: ((id >= 7932831) AND (id <= 7942830))

table 3 : explain SELECT SUM(k) FROM sbtest3 WHERE id BETWEEN 7942418 AND 7952417
	Aggregate  (cost=31905.00..31905.01 rows=1 width=8)
	  ->  Bitmap Heap Scan on sbtest3  (cost=198.85..31881.97 rows=9211 width=4)
	        Recheck Cond: ((id >= 7942418) AND (id <= 7952417))
	        ->  Bitmap Index Scan on sbtest3_pkey  (cost=0.00..196.55 rows=9211 width=0)
	              Index Cond: ((id >= 7942418) AND (id <= 7952417))

table 4 : explain SELECT SUM(k) FROM sbtest4 WHERE id BETWEEN 5686714 AND 5696713
	Aggregate  (cost=38730.92..38730.93 rows=1 width=8)
	  ->  Bitmap Heap Scan on sbtest4  (cost=245.27..38702.42 rows=11399 width=4)
	        Recheck Cond: ((id >= 5686714) AND (id <= 5696713))
	        ->  Bitmap Index Scan on sbtest4_pkey  (cost=0.00..242.43 rows=11399 width=0)
	              Index Cond: ((id >= 5686714) AND (id <= 5696713))

table 5 : explain SELECT SUM(k) FROM sbtest5 WHERE id BETWEEN 1879450 AND 1889449
	Aggregate  (cost=35368.80..35368.81 rows=1 width=8)
	  ->  Bitmap Heap Scan on sbtest5  (cost=222.07..35343.04 rows=10306 width=4)
	        Recheck Cond: ((id >= 1879450) AND (id <= 1889449))
	        ->  Bitmap Index Scan on sbtest5_pkey  (cost=0.00..219.50 rows=10306 width=0)
	              Index Cond: ((id >= 1879450) AND (id <= 1889449))

table 6 : explain SELECT SUM(k) FROM sbtest6 WHERE id BETWEEN 8440150 AND 8450149
	Aggregate  (cost=38076.68..38076.69 rows=1 width=8)
	  ->  Bitmap Heap Scan on sbtest6  (cost=238.97..38048.74 rows=11174 width=4)
	        Recheck Cond: ((id >= 8440150) AND (id <= 8450149))
	        ->  Bitmap Index Scan on sbtest6_pkey  (cost=0.00..236.18 rows=11174 width=0)
	              Index Cond: ((id >= 8440150) AND (id <= 8450149))

table 7 : explain SELECT SUM(k) FROM sbtest7 WHERE id BETWEEN 1630841 AND 1640840
	Aggregate  (cost=33696.46..33696.47 rows=1 width=8)
	  ->  Bitmap Heap Scan on sbtest7  (cost=212.51..33672.05 rows=9763 width=4)
	        Recheck Cond: ((id >= 1630841) AND (id <= 1640840))
	        ->  Bitmap Index Scan on sbtest7_pkey  (cost=0.00..210.06 rows=9763 width=0)
	              Index Cond: ((id >= 1630841) AND (id <= 1640840))

table 8 : explain SELECT SUM(k) FROM sbtest8 WHERE id BETWEEN 2682183 AND 2692182
	Aggregate  (cost=32693.80..32693.81 rows=1 width=8)
	  ->  Bitmap Heap Scan on sbtest8  (cost=205.24..32670.19 rows=9444 width=4)
	        Recheck Cond: ((id >= 2682183) AND (id <= 2692182))
	        ->  Bitmap Index Scan on sbtest8_pkey  (cost=0.00..202.88 rows=9444 width=0)
	              Index Cond: ((id >= 2682183) AND (id <= 2692182))

explain: for point_selects :: explain SELECT c FROM sbtest%u WHERE id=%u
explain: for point_selects :: explain SELECT c FROM sbtest%u WHERE id=%u
for: simple_ranges
table 1 : explain SELECT c FROM sbtest1 WHERE id BETWEEN 9268672 AND 9278671
	Bitmap Heap Scan on sbtest1  (cost=200.40..32316.06 rows=9362 width=121)
	  Recheck Cond: ((id >= 9268672) AND (id <= 9278671))
	  ->  Bitmap Index Scan on sbtest1_pkey  (cost=0.00..198.06 rows=9362 width=0)
	        Index Cond: ((id >= 9268672) AND (id <= 9278671))

table 2 : explain SELECT c FROM sbtest2 WHERE id BETWEEN 2014962 AND 2024961
	Bitmap Heap Scan on sbtest2  (cost=213.34..33865.05 rows=9844 width=121)
	  Recheck Cond: ((id >= 2014962) AND (id <= 2024961))
	  ->  Bitmap Index Scan on sbtest2_pkey  (cost=0.00..210.88 rows=9844 width=0)
	        Index Cond: ((id >= 2014962) AND (id <= 2024961))

table 3 : explain SELECT c FROM sbtest3 WHERE id BETWEEN 1225228 AND 1235227
	Bitmap Heap Scan on sbtest3  (cost=247.76..39400.38 rows=11641 width=121)
	  Recheck Cond: ((id >= 1225228) AND (id <= 1235227))
	  ->  Bitmap Index Scan on sbtest3_pkey  (cost=0.00..244.84 rows=11641 width=0)
	        Index Cond: ((id >= 1225228) AND (id <= 1235227))

table 4 : explain SELECT c FROM sbtest4 WHERE id BETWEEN 5024235 AND 5034234
	Bitmap Heap Scan on sbtest4  (cost=216.92..34985.51 rows=10194 width=121)
	  Recheck Cond: ((id >= 5024235) AND (id <= 5034234))
	  ->  Bitmap Index Scan on sbtest4_pkey  (cost=0.00..214.38 rows=10194 width=0)
	        Index Cond: ((id >= 5024235) AND (id <= 5034234))

table 5 : explain SELECT c FROM sbtest5 WHERE id BETWEEN 2622971 AND 2632970
	Bitmap Heap Scan on sbtest5  (cost=237.95..37715.69 rows=11075 width=121)
	  Recheck Cond: ((id >= 2622971) AND (id <= 2632970))
	  ->  Bitmap Index Scan on sbtest5_pkey  (cost=0.00..235.19 rows=11075 width=0)
	        Index Cond: ((id >= 2622971) AND (id <= 2632970))

table 6 : explain SELECT c FROM sbtest6 WHERE id BETWEEN 7839750 AND 7849749
	Bitmap Heap Scan on sbtest6  (cost=207.20..33272.26 rows=9636 width=121)
	  Recheck Cond: ((id >= 7839750) AND (id <= 7849749))
	  ->  Bitmap Index Scan on sbtest6_pkey  (cost=0.00..204.80 rows=9636 width=0)
	        Index Cond: ((id >= 7839750) AND (id <= 7849749))

table 7 : explain SELECT c FROM sbtest7 WHERE id BETWEEN 8260873 AND 8270872
	Bitmap Heap Scan on sbtest7  (cost=222.82..35591.66 rows=10379 width=121)
	  Recheck Cond: ((id >= 8260873) AND (id <= 8270872))
	  ->  Bitmap Index Scan on sbtest7_pkey  (cost=0.00..220.23 rows=10379 width=0)
	        Index Cond: ((id >= 8260873) AND (id <= 8270872))

table 8 : explain SELECT c FROM sbtest8 WHERE id BETWEEN 8670167 AND 8680166
	Bitmap Heap Scan on sbtest8  (cost=244.84..38613.22 rows=11357 width=121)
	  Recheck Cond: ((id >= 8670167) AND (id <= 8680166))
	  ->  Bitmap Index Scan on sbtest8_pkey  (cost=0.00..242.00 rows=11357 width=0)
	        Index Cond: ((id >= 8670167) AND (id <= 8680166))

for: order_ranges
table 1 : explain SELECT c FROM sbtest1 WHERE id BETWEEN 7499638 AND 7509637 ORDER BY c
	Sort  (cost=35252.08..35277.29 rows=10087 width=121)
	  Sort Key: c
	  ->  Bitmap Heap Scan on sbtest1  (cost=215.83..34581.28 rows=10087 width=121)
	        Recheck Cond: ((id >= 7499638) AND (id <= 7509637))
	        ->  Bitmap Index Scan on sbtest1_pkey  (cost=0.00..213.31 rows=10087 width=0)
	              Index Cond: ((id >= 7499638) AND (id <= 7509637))

table 2 : explain SELECT c FROM sbtest2 WHERE id BETWEEN 3159116 AND 3169115 ORDER BY c
	Sort  (cost=35165.56..35190.68 rows=10048 width=121)
	  Sort Key: c
	  ->  Bitmap Heap Scan on sbtest2  (cost=215.43..34497.64 rows=10048 width=121)
	        Recheck Cond: ((id >= 3159116) AND (id <= 3169115))
	        ->  Bitmap Index Scan on sbtest2_pkey  (cost=0.00..212.92 rows=10048 width=0)
	              Index Cond: ((id >= 3159116) AND (id <= 3169115))

table 3 : explain SELECT c FROM sbtest3 WHERE id BETWEEN 7360479 AND 7370478 ORDER BY c
	Sort  (cost=35228.87..35254.03 rows=10066 width=121)
	  Sort Key: c
	  ->  Bitmap Heap Scan on sbtest3  (cost=215.61..34559.62 rows=10066 width=121)
	        Recheck Cond: ((id >= 7360479) AND (id <= 7370478))
	        ->  Bitmap Index Scan on sbtest3_pkey  (cost=0.00..213.09 rows=10066 width=0)
	              Index Cond: ((id >= 7360479) AND (id <= 7370478))

table 4 : explain SELECT c FROM sbtest4 WHERE id BETWEEN 8166879 AND 8176878 ORDER BY c
	Sort  (cost=33319.29..33342.94 rows=9462 width=121)
	  Sort Key: c
	  ->  Bitmap Heap Scan on sbtest4  (cost=201.42..32694.42 rows=9462 width=121)
	        Recheck Cond: ((id >= 8166879) AND (id <= 8176878))
	        ->  Bitmap Index Scan on sbtest4_pkey  (cost=0.00..199.06 rows=9462 width=0)
	              Index Cond: ((id >= 8166879) AND (id <= 8176878))

table 5 : explain SELECT c FROM sbtest5 WHERE id BETWEEN 2608062 AND 2618061 ORDER BY c
	Sort  (cost=36554.04..36580.22 rows=10472 width=121)
	  Sort Key: c
	  ->  Bitmap Heap Scan on sbtest5  (cost=223.77..35854.81 rows=10472 width=121)
	        Recheck Cond: ((id >= 2608062) AND (id <= 2618061))
	        ->  Bitmap Index Scan on sbtest5_pkey  (cost=0.00..221.16 rows=10472 width=0)
	              Index Cond: ((id >= 2608062) AND (id <= 2618061))

table 6 : explain SELECT c FROM sbtest6 WHERE id BETWEEN 1418866 AND 1428865 ORDER BY c
	Sort  (cost=33217.01..33240.56 rows=9421 width=121)
	  Sort Key: c
	  ->  Bitmap Heap Scan on sbtest6  (cost=201.00..32595.15 rows=9421 width=121)
	        Recheck Cond: ((id >= 1418866) AND (id <= 1428865))
	        ->  Bitmap Index Scan on sbtest6_pkey  (cost=0.00..198.65 rows=9421 width=0)
	              Index Cond: ((id >= 1418866) AND (id <= 1428865))

table 7 : explain SELECT c FROM sbtest7 WHERE id BETWEEN 9783969 AND 9793968 ORDER BY c
	Sort  (cost=37037.66..37064.19 rows=10615 width=121)
	  Sort Key: c
	  ->  Bitmap Heap Scan on sbtest7  (cost=229.24..36327.84 rows=10615 width=121)
	        Recheck Cond: ((id >= 9783969) AND (id <= 9793968))
	        ->  Bitmap Index Scan on sbtest7_pkey  (cost=0.00..226.59 rows=10615 width=0)
	              Index Cond: ((id >= 9783969) AND (id <= 9793968))

table 8 : explain SELECT c FROM sbtest8 WHERE id BETWEEN 332923 AND 342922 ORDER BY c
	Sort  (cost=38331.55..38359.11 rows=11025 width=121)
	  Sort Key: c
	  ->  Bitmap Heap Scan on sbtest8  (cost=237.44..37591.30 rows=11025 width=121)
	        Recheck Cond: ((id >= 332923) AND (id <= 342922))
	        ->  Bitmap Index Scan on sbtest8_pkey  (cost=0.00..234.69 rows=11025 width=0)
	              Index Cond: ((id >= 332923) AND (id <= 342922))

for: order_ranges
table 1 : explain SELECT c FROM sbtest1 WHERE id BETWEEN 3863453 AND 3873452 ORDER BY c
	Sort  (cost=37440.15..37467.09 rows=10779 width=121)
	  Sort Key: c
	  ->  Bitmap Heap Scan on sbtest1  (cost=230.92..36718.17 rows=10779 width=121)
	        Recheck Cond: ((id >= 3863453) AND (id <= 3873452))
	        ->  Bitmap Index Scan on sbtest1_pkey  (cost=0.00..228.23 rows=10779 width=0)
	              Index Cond: ((id >= 3863453) AND (id <= 3873452))

table 2 : explain SELECT c FROM sbtest2 WHERE id BETWEEN 7770344 AND 7780343 ORDER BY c
	Sort  (cost=36162.47..36188.37 rows=10361 width=121)
	  Sort Key: c
	  ->  Bitmap Heap Scan on sbtest2  (cost=222.64..35471.45 rows=10361 width=121)
	        Recheck Cond: ((id >= 7770344) AND (id <= 7780343))
	        ->  Bitmap Index Scan on sbtest2_pkey  (cost=0.00..220.05 rows=10361 width=0)
	              Index Cond: ((id >= 7770344) AND (id <= 7780343))

table 3 : explain SELECT c FROM sbtest3 WHERE id BETWEEN 5575965 AND 5585964 ORDER BY c
	Sort  (cost=33634.41..33658.33 rows=9567 width=121)
	  Sort Key: c
	  ->  Bitmap Heap Scan on sbtest3  (cost=206.50..33001.85 rows=9567 width=121)
	        Recheck Cond: ((id >= 5575965) AND (id <= 5585964))
	        ->  Bitmap Index Scan on sbtest3_pkey  (cost=0.00..204.11 rows=9567 width=0)
	              Index Cond: ((id >= 5575965) AND (id <= 5585964))

table 4 : explain SELECT c FROM sbtest4 WHERE id BETWEEN 5878199 AND 5888198 ORDER BY c
	Sort  (cost=34737.18..34761.94 rows=9903 width=121)
	  Sort Key: c
	  ->  Bitmap Heap Scan on sbtest4  (cost=213.94..34079.94 rows=9903 width=121)
	        Recheck Cond: ((id >= 5878199) AND (id <= 5888198))
	        ->  Bitmap Index Scan on sbtest4_pkey  (cost=0.00..211.47 rows=9903 width=0)
	              Index Cond: ((id >= 5878199) AND (id <= 5888198))

table 5 : explain SELECT c FROM sbtest5 WHERE id BETWEEN 1927109 AND 1937108 ORDER BY c
	Sort  (cost=34510.59..34535.16 rows=9830 width=121)
	  Sort Key: c
	  ->  Bitmap Heap Scan on sbtest5  (cost=213.19..33858.71 rows=9830 width=121)
	        Recheck Cond: ((id >= 1927109) AND (id <= 1937108))
	        ->  Bitmap Index Scan on sbtest5_pkey  (cost=0.00..210.74 rows=9830 width=0)
	              Index Cond: ((id >= 1927109) AND (id <= 1937108))

table 6 : explain SELECT c FROM sbtest6 WHERE id BETWEEN 350562 AND 360561 ORDER BY c
	Sort  (cost=32722.44..32745.61 rows=9267 width=121)
	  Sort Key: c
	  ->  Bitmap Heap Scan on sbtest6  (cost=199.42..32111.84 rows=9267 width=121)
	        Recheck Cond: ((id >= 350562) AND (id <= 360561))
	        ->  Bitmap Index Scan on sbtest6_pkey  (cost=0.00..197.11 rows=9267 width=0)
	              Index Cond: ((id >= 350562) AND (id <= 360561))

table 7 : explain SELECT c FROM sbtest7 WHERE id BETWEEN 2084553 AND 2094552 ORDER BY c
	Sort  (cost=37498.27..37525.17 rows=10761 width=121)
	  Sort Key: c
	  ->  Bitmap Heap Scan on sbtest7  (cost=230.74..36777.63 rows=10761 width=121)
	        Recheck Cond: ((id >= 2084553) AND (id <= 2094552))
	        ->  Bitmap Index Scan on sbtest7_pkey  (cost=0.00..228.05 rows=10761 width=0)
	              Index Cond: ((id >= 2084553) AND (id <= 2094552))

table 8 : explain SELECT c FROM sbtest8 WHERE id BETWEEN 3722863 AND 3732862 ORDER BY c
	Sort  (cost=35671.41..35696.87 rows=10185 width=121)
	  Sort Key: c
	  ->  Bitmap Heap Scan on sbtest8  (cost=220.83..34993.39 rows=10185 width=121)
	        Recheck Cond: ((id >= 3722863) AND (id <= 3732862))
	        ->  Bitmap Index Scan on sbtest8_pkey  (cost=0.00..218.29 rows=10185 width=0)
	              Index Cond: ((id >= 3722863) AND (id <= 3732862))

for: order_ranges
table 1 : explain SELECT c FROM sbtest1 WHERE id BETWEEN 5868530 AND 5878529 ORDER BY c
	Sort  (cost=34444.04..34468.63 rows=9834 width=121)
	  Sort Key: c
	  ->  Bitmap Heap Scan on sbtest1  (cost=209.23..33791.87 rows=9834 width=121)
	        Recheck Cond: ((id >= 5868530) AND (id <= 5878529))
	        ->  Bitmap Index Scan on sbtest1_pkey  (cost=0.00..206.78 rows=9834 width=0)
	              Index Cond: ((id >= 5868530) AND (id <= 5878529))

table 2 : explain SELECT c FROM sbtest2 WHERE id BETWEEN 4068585 AND 4078584 ORDER BY c
	Sort  (cost=35224.69..35249.86 rows=10067 width=121)
	  Sort Key: c
	  ->  Bitmap Heap Scan on sbtest2  (cost=215.62..34555.37 rows=10067 width=121)
	        Recheck Cond: ((id >= 4068585) AND (id <= 4078584))
	        ->  Bitmap Index Scan on sbtest2_pkey  (cost=0.00..213.11 rows=10067 width=0)
	              Index Cond: ((id >= 4068585) AND (id <= 4078584))

table 3 : explain SELECT c FROM sbtest3 WHERE id BETWEEN 424088 AND 434087 ORDER BY c
	Sort  (cost=33924.91..33949.05 rows=9658 width=121)
	  Sort Key: c
	  ->  Bitmap Heap Scan on sbtest3  (cost=207.43..33285.67 rows=9658 width=121)
	        Recheck Cond: ((id >= 424088) AND (id <= 434087))
	        ->  Bitmap Index Scan on sbtest3_pkey  (cost=0.00..205.01 rows=9658 width=0)
	              Index Cond: ((id >= 424088) AND (id <= 434087))

table 4 : explain SELECT c FROM sbtest4 WHERE id BETWEEN 3272426 AND 3282425 ORDER BY c
	Sort  (cost=31777.96..31800.42 rows=8984 width=121)
	  Sort Key: c
	  ->  Bitmap Heap Scan on sbtest4  (cost=192.52..31188.02 rows=8984 width=121)
	        Recheck Cond: ((id >= 3272426) AND (id <= 3282425))
	        ->  Bitmap Index Scan on sbtest4_pkey  (cost=0.00..190.28 rows=8984 width=0)
	              Index Cond: ((id >= 3272426) AND (id <= 3282425))

table 5 : explain SELECT c FROM sbtest5 WHERE id BETWEEN 5456195 AND 5466194 ORDER BY c
	Sort  (cost=34094.20..34118.45 rows=9701 width=121)
	  Sort Key: c
	  ->  Bitmap Heap Scan on sbtest5  (cost=207.87..33451.81 rows=9701 width=121)
	        Recheck Cond: ((id >= 5456195) AND (id <= 5466194))
	        ->  Bitmap Index Scan on sbtest5_pkey  (cost=0.00..205.44 rows=9701 width=0)
	              Index Cond: ((id >= 5456195) AND (id <= 5466194))

table 6 : explain SELECT c FROM sbtest6 WHERE id BETWEEN 9836289 AND 9846288 ORDER BY c
	Sort  (cost=32323.55..32346.41 rows=9144 width=121)
	  Sort Key: c
	  ->  Bitmap Heap Scan on sbtest6  (cost=198.16..31721.94 rows=9144 width=121)
	        Recheck Cond: ((id >= 9836289) AND (id <= 9846288))
	        ->  Bitmap Index Scan on sbtest6_pkey  (cost=0.00..195.88 rows=9144 width=0)
	              Index Cond: ((id >= 9836289) AND (id <= 9846288))

table 7 : explain SELECT c FROM sbtest7 WHERE id BETWEEN 3836492 AND 3846491 ORDER BY c
	Sort  (cost=38596.90..38624.68 rows=11110 width=121)
	  Sort Key: c
	  ->  Bitmap Heap Scan on sbtest7  (cost=238.31..37850.33 rows=11110 width=121)
	        Recheck Cond: ((id >= 3836492) AND (id <= 3846491))
	        ->  Bitmap Index Scan on sbtest7_pkey  (cost=0.00..235.54 rows=11110 width=0)
	              Index Cond: ((id >= 3836492) AND (id <= 3846491))

table 8 : explain SELECT c FROM sbtest8 WHERE id BETWEEN 6216145 AND 6226144 ORDER BY c
	Sort  (cost=33273.87..33297.47 rows=9438 width=121)
	  Sort Key: c
	  ->  Bitmap Heap Scan on sbtest8  (cost=205.17..32650.76 rows=9438 width=121)
	        Recheck Cond: ((id >= 6216145) AND (id <= 6226144))
	        ->  Bitmap Index Scan on sbtest8_pkey  (cost=0.00..202.81 rows=9438 width=0)
	              Index Cond: ((id >= 6216145) AND (id <= 6226144))

for: order_ranges
table 1 : explain SELECT c FROM sbtest1 WHERE id BETWEEN 7508359 AND 7518358 ORDER BY c
	Sort  (cost=35252.08..35277.29 rows=10087 width=121)
	  Sort Key: c
	  ->  Bitmap Heap Scan on sbtest1  (cost=215.83..34581.28 rows=10087 width=121)
	        Recheck Cond: ((id >= 7508359) AND (id <= 7518358))
	        ->  Bitmap Index Scan on sbtest1_pkey  (cost=0.00..213.31 rows=10087 width=0)
	              Index Cond: ((id >= 7508359) AND (id <= 7518358))

table 2 : explain SELECT c FROM sbtest2 WHERE id BETWEEN 7837211 AND 7847210 ORDER BY c
	Sort  (cost=35995.67..36021.45 rows=10309 width=121)
	  Sort Key: c
	  ->  Bitmap Heap Scan on sbtest2  (cost=222.10..35308.49 rows=10309 width=121)
	        Recheck Cond: ((id >= 7837211) AND (id <= 7847210))
	        ->  Bitmap Index Scan on sbtest2_pkey  (cost=0.00..219.53 rows=10309 width=0)
	              Index Cond: ((id >= 7837211) AND (id <= 7847210))

table 3 : explain SELECT c FROM sbtest3 WHERE id BETWEEN 8948593 AND 8958592 ORDER BY c
	Sort  (cost=35248.54..35273.72 rows=10072 width=121)
	  Sort Key: c
	  ->  Bitmap Heap Scan on sbtest3  (cost=215.67..34578.85 rows=10072 width=121)
	        Recheck Cond: ((id >= 8948593) AND (id <= 8958592))
	        ->  Bitmap Index Scan on sbtest3_pkey  (cost=0.00..213.16 rows=10072 width=0)
	              Index Cond: ((id >= 8948593) AND (id <= 8958592))

table 4 : explain SELECT c FROM sbtest4 WHERE id BETWEEN 4995322 AND 5005321 ORDER BY c
	Sort  (cost=36490.72..36516.86 rows=10454 width=121)
	  Sort Key: c
	  ->  Bitmap Heap Scan on sbtest4  (cost=223.59..35792.82 rows=10454 width=121)
	        Recheck Cond: ((id >= 4995322) AND (id <= 5005321))
	        ->  Bitmap Index Scan on sbtest4_pkey  (cost=0.00..220.98 rows=10454 width=0)
	              Index Cond: ((id >= 4995322) AND (id <= 5005321))

table 5 : explain SELECT c FROM sbtest5 WHERE id BETWEEN 417932 AND 427931 ORDER BY c
	Sort  (cost=39491.77..39520.28 rows=11404 width=121)
	  Sort Key: c
	  ->  Bitmap Heap Scan on sbtest5  (cost=245.33..38723.30 rows=11404 width=121)
	        Recheck Cond: ((id >= 417932) AND (id <= 427931))
	        ->  Bitmap Index Scan on sbtest5_pkey  (cost=0.00..242.48 rows=11404 width=0)
	              Index Cond: ((id >= 417932) AND (id <= 427931))

table 6 : explain SELECT c FROM sbtest6 WHERE id BETWEEN 4255932 AND 4265931 ORDER BY c
	Sort  (cost=37597.79..37624.77 rows=10792 width=121)
	  Sort Key: c
	  ->  Bitmap Heap Scan on sbtest6  (cost=231.05..36874.85 rows=10792 width=121)
	        Recheck Cond: ((id >= 4255932) AND (id <= 4265931))
	        ->  Bitmap Index Scan on sbtest6_pkey  (cost=0.00..228.36 rows=10792 width=0)
	              Index Cond: ((id >= 4255932) AND (id <= 4265931))

table 7 : explain SELECT c FROM sbtest7 WHERE id BETWEEN 3758442 AND 3768441 ORDER BY c
	Sort  (cost=34451.03..34475.54 rows=9804 width=121)
	  Sort Key: c
	  ->  Bitmap Heap Scan on sbtest7  (cost=212.93..33801.06 rows=9804 width=121)
	        Recheck Cond: ((id >= 3758442) AND (id <= 3768441))
	        ->  Bitmap Index Scan on sbtest7_pkey  (cost=0.00..210.48 rows=9804 width=0)
	              Index Cond: ((id >= 3758442) AND (id <= 3768441))

table 8 : explain SELECT c FROM sbtest8 WHERE id BETWEEN 9204270 AND 9214269 ORDER BY c
	Sort  (cost=33350.04..33373.69 rows=9461 width=121)
	  Sort Key: c
	  ->  Bitmap Heap Scan on sbtest8  (cost=205.41..32725.25 rows=9461 width=121)
	        Recheck Cond: ((id >= 9204270) AND (id <= 9214269))
	        ->  Bitmap Index Scan on sbtest8_pkey  (cost=0.00..203.05 rows=9461 width=0)
	              Index Cond: ((id >= 9204270) AND (id <= 9214269))

for: order_ranges
table 1 : explain SELECT c FROM sbtest1 WHERE id BETWEEN 3670630 AND 3680629 ORDER BY c
	Sort  (cost=35340.55..35365.83 rows=10115 width=121)
	  Sort Key: c
	  ->  Bitmap Heap Scan on sbtest1  (cost=216.11..34667.69 rows=10115 width=121)
	        Recheck Cond: ((id >= 3670630) AND (id <= 3680629))
	        ->  Bitmap Index Scan on sbtest1_pkey  (cost=0.00..213.59 rows=10115 width=0)
	              Index Cond: ((id >= 3670630) AND (id <= 3680629))

table 2 : explain SELECT c FROM sbtest2 WHERE id BETWEEN 2278401 AND 2288400 ORDER BY c
	Sort  (cost=37761.33..37788.50 rows=10868 width=121)
	  Sort Key: c
	  ->  Bitmap Heap Scan on sbtest2  (cost=231.83..37032.75 rows=10868 width=121)
	        Recheck Cond: ((id >= 2278401) AND (id <= 2288400))
	        ->  Bitmap Index Scan on sbtest2_pkey  (cost=0.00..229.12 rows=10868 width=0)
	              Index Cond: ((id >= 2278401) AND (id <= 2288400))

table 3 : explain SELECT c FROM sbtest3 WHERE id BETWEEN 3774307 AND 3784306 ORDER BY c
	Sort  (cost=36333.76..36359.79 rows=10414 width=121)
	  Sort Key: c
	  ->  Bitmap Heap Scan on sbtest3  (cost=223.18..35638.82 rows=10414 width=121)
	        Recheck Cond: ((id >= 3774307) AND (id <= 3784306))
	        ->  Bitmap Index Scan on sbtest3_pkey  (cost=0.00..220.57 rows=10414 width=0)
	              Index Cond: ((id >= 3774307) AND (id <= 3784306))

table 4 : explain SELECT c FROM sbtest4 WHERE id BETWEEN 7464306 AND 7474305 ORDER BY c
	Sort  (cost=32586.63..32609.71 rows=9234 width=121)
	  Sort Key: c
	  ->  Bitmap Heap Scan on sbtest4  (cost=199.08..31978.44 rows=9234 width=121)
	        Recheck Cond: ((id >= 7464306) AND (id <= 7474305))
	        ->  Bitmap Index Scan on sbtest4_pkey  (cost=0.00..196.78 rows=9234 width=0)
	              Index Cond: ((id >= 7464306) AND (id <= 7474305))

table 5 : explain SELECT c FROM sbtest5 WHERE id BETWEEN 9855575 AND 9865574 ORDER BY c
	Sort  (cost=36813.14..36839.53 rows=10553 width=121)
	  Sort Key: c
	  ->  Bitmap Heap Scan on sbtest5  (cost=228.60..36107.92 rows=10553 width=121)
	        Recheck Cond: ((id >= 9855575) AND (id <= 9865574))
	        ->  Bitmap Index Scan on sbtest5_pkey  (cost=0.00..225.97 rows=10553 width=0)
	              Index Cond: ((id >= 9855575) AND (id <= 9865574))

table 6 : explain SELECT c FROM sbtest6 WHERE id BETWEEN 6206237 AND 6216236 ORDER BY c
	Sort  (cost=34884.46..34909.31 rows=9939 width=121)
	  Sort Key: c
	  ->  Bitmap Heap Scan on sbtest6  (cost=214.31..34224.57 rows=9939 width=121)
	        Recheck Cond: ((id >= 6206237) AND (id <= 6216236))
	        ->  Bitmap Index Scan on sbtest6_pkey  (cost=0.00..211.82 rows=9939 width=0)
	              Index Cond: ((id >= 6206237) AND (id <= 6216236))

table 7 : explain SELECT c FROM sbtest7 WHERE id BETWEEN 60257 AND 70256 ORDER BY c
	Sort  (cost=34176.21..34200.50 rows=9719 width=121)
	  Sort Key: c
	  ->  Bitmap Heap Scan on sbtest7  (cost=208.05..33532.49 rows=9719 width=121)
	        Recheck Cond: ((id >= 60257) AND (id <= 70256))
	        ->  Bitmap Index Scan on sbtest7_pkey  (cost=0.00..205.62 rows=9719 width=0)
	              Index Cond: ((id >= 60257) AND (id <= 70256))

table 8 : explain SELECT c FROM sbtest8 WHERE id BETWEEN 7323268 AND 7333267 ORDER BY c
	Sort  (cost=34075.59..34099.81 rows=9686 width=121)
	  Sort Key: c
	  ->  Bitmap Heap Scan on sbtest8  (cost=211.72..33434.30 rows=9686 width=121)
	        Recheck Cond: ((id >= 7323268) AND (id <= 7333267))
	        ->  Bitmap Index Scan on sbtest8_pkey  (cost=0.00..209.30 rows=9686 width=0)
	              Index Cond: ((id >= 7323268) AND (id <= 7333267))

for: distinct_ranges
table 1 : explain SELECT DISTINCT c FROM sbtest1 WHERE id BETWEEN 7785503 AND 7795502 ORDER BY c
	Unique  (cost=32218.54..32264.23 rows=9139 width=121)
	  ->  Sort  (cost=32218.54..32241.38 rows=9139 width=121)
	        Sort Key: c
	        ->  Bitmap Heap Scan on sbtest1  (cost=198.11..31617.29 rows=9139 width=121)
	              Recheck Cond: ((id >= 7785503) AND (id <= 7795502))
	              ->  Bitmap Index Scan on sbtest1_pkey  (cost=0.00..195.82 rows=9139 width=0)
	                    Index Cond: ((id >= 7785503) AND (id <= 7795502))

table 2 : explain SELECT DISTINCT c FROM sbtest2 WHERE id BETWEEN 9275883 AND 9285882 ORDER BY c
	Unique  (cost=37194.96..37248.40 rows=10688 width=121)
	  ->  Sort  (cost=37194.96..37221.68 rows=10688 width=121)
	        Sort Key: c
	        ->  Bitmap Heap Scan on sbtest2  (cost=229.99..36479.73 rows=10688 width=121)
	              Recheck Cond: ((id >= 9275883) AND (id <= 9285882))
	              ->  Bitmap Index Scan on sbtest2_pkey  (cost=0.00..227.31 rows=10688 width=0)
	                    Index Cond: ((id >= 9275883) AND (id <= 9285882))

table 3 : explain SELECT DISTINCT c FROM sbtest3 WHERE id BETWEEN 7271554 AND 7281553 ORDER BY c
	Unique  (cost=34880.69..34930.48 rows=9957 width=121)
	  ->  Sort  (cost=34880.69..34905.58 rows=9957 width=121)
	        Sort Key: c
	        ->  Bitmap Heap Scan on sbtest3  (cost=214.49..34219.47 rows=9957 width=121)
	              Recheck Cond: ((id >= 7271554) AND (id <= 7281553))
	              ->  Bitmap Index Scan on sbtest3_pkey  (cost=0.00..212.00 rows=9957 width=0)
	                    Index Cond: ((id >= 7271554) AND (id <= 7281553))

table 4 : explain SELECT DISTINCT c FROM sbtest4 WHERE id BETWEEN 3913137 AND 3923136 ORDER BY c
	Unique  (cost=35352.27..35402.75 rows=10096 width=121)
	  ->  Sort  (cost=35352.27..35377.51 rows=10096 width=121)
	        Sort Key: c
	        ->  Bitmap Heap Scan on sbtest4  (cost=215.92..34680.81 rows=10096 width=121)
	              Recheck Cond: ((id >= 3913137) AND (id <= 3923136))
	              ->  Bitmap Index Scan on sbtest4_pkey  (cost=0.00..213.40 rows=10096 width=0)
	                    Index Cond: ((id >= 3913137) AND (id <= 3923136))

table 5 : explain SELECT DISTINCT c FROM sbtest5 WHERE id BETWEEN 5768607 AND 5778606 ORDER BY c
	Unique  (cost=31934.76..31979.92 rows=9032 width=121)
	  ->  Sort  (cost=31934.76..31957.34 rows=9032 width=121)
	        Sort Key: c
	        ->  Bitmap Heap Scan on sbtest5  (cost=193.01..31341.32 rows=9032 width=121)
	              Recheck Cond: ((id >= 5768607) AND (id <= 5778606))
	              ->  Bitmap Index Scan on sbtest5_pkey  (cost=0.00..190.75 rows=9032 width=0)
	                    Index Cond: ((id >= 5768607) AND (id <= 5778606))

table 6 : explain SELECT DISTINCT c FROM sbtest6 WHERE id BETWEEN 8041859 AND 8051858 ORDER BY c
	Unique  (cost=34706.42..34755.84 rows=9883 width=121)
	  ->  Sort  (cost=34706.42..34731.13 rows=9883 width=121)
	        Sort Key: c
	        ->  Bitmap Heap Scan on sbtest6  (cost=213.74..34050.65 rows=9883 width=121)
	              Recheck Cond: ((id >= 8041859) AND (id <= 8051858))
	              ->  Bitmap Index Scan on sbtest6_pkey  (cost=0.00..211.26 rows=9883 width=0)
	                    Index Cond: ((id >= 8041859) AND (id <= 8051858))

table 7 : explain SELECT DISTINCT c FROM sbtest7 WHERE id BETWEEN 3161007 AND 3171006 ORDER BY c
	Unique  (cost=35212.43..35262.65 rows=10043 width=121)
	  ->  Sort  (cost=35212.43..35237.54 rows=10043 width=121)
	        Sort Key: c
	        ->  Bitmap Heap Scan on sbtest7  (cost=215.38..34544.88 rows=10043 width=121)
	              Recheck Cond: ((id >= 3161007) AND (id <= 3171006))
	              ->  Bitmap Index Scan on sbtest7_pkey  (cost=0.00..212.87 rows=10043 width=0)
	                    Index Cond: ((id >= 3161007) AND (id <= 3171006))

table 8 : explain SELECT DISTINCT c FROM sbtest8 WHERE id BETWEEN 6980220 AND 6990219 ORDER BY c
	Unique  (cost=35375.51..35425.97 rows=10092 width=121)
	  ->  Sort  (cost=35375.51..35400.74 rows=10092 width=121)
	        Sort Key: c
	        ->  Bitmap Heap Scan on sbtest8  (cost=219.88..34704.35 rows=10092 width=121)
	              Recheck Cond: ((id >= 6980220) AND (id <= 6990219))
	              ->  Bitmap Index Scan on sbtest8_pkey  (cost=0.00..217.36 rows=10092 width=0)
	                    Index Cond: ((id >= 6980220) AND (id <= 6990219))

for: sum_ranges
table 1 : explain SELECT SUM(k) FROM sbtest1 WHERE id BETWEEN 9317704 AND 9327703
	Aggregate  (cost=37122.77..37122.78 rows=1 width=8)
	  ->  Bitmap Heap Scan on sbtest1  (cost=232.18..37095.51 rows=10902 width=4)
	        Recheck Cond: ((id >= 9317704) AND (id <= 9327703))
	        ->  Bitmap Index Scan on sbtest1_pkey  (cost=0.00..229.45 rows=10902 width=0)
	              Index Cond: ((id >= 9317704) AND (id <= 9327703))

table 2 : explain SELECT SUM(k) FROM sbtest2 WHERE id BETWEEN 4060880 AND 4070879
	Aggregate  (cost=34522.76..34522.77 rows=1 width=8)
	  ->  Bitmap Heap Scan on sbtest2  (cost=215.43..34497.64 rows=10048 width=4)
	        Recheck Cond: ((id >= 4060880) AND (id <= 4070879))
	        ->  Bitmap Index Scan on sbtest2_pkey  (cost=0.00..212.92 rows=10048 width=0)
	              Index Cond: ((id >= 4060880) AND (id <= 4070879))

table 3 : explain SELECT SUM(k) FROM sbtest3 WHERE id BETWEEN 5128160 AND 5138159
	Aggregate  (cost=34790.10..34790.11 rows=1 width=8)
	  ->  Bitmap Heap Scan on sbtest3  (cost=216.29..34764.77 rows=10132 width=4)
	        Recheck Cond: ((id >= 5128160) AND (id <= 5138159))
	        ->  Bitmap Index Scan on sbtest3_pkey  (cost=0.00..213.75 rows=10132 width=0)
	              Index Cond: ((id >= 5128160) AND (id <= 5138159))

table 4 : explain SELECT SUM(k) FROM sbtest4 WHERE id BETWEEN 2535521 AND 2545520
	Aggregate  (cost=32984.17..32984.18 rows=1 width=8)
	  ->  Bitmap Heap Scan on sbtest4  (cost=206.27..32960.30 rows=9545 width=4)
	        Recheck Cond: ((id >= 2535521) AND (id <= 2545520))
	        ->  Bitmap Index Scan on sbtest4_pkey  (cost=0.00..203.88 rows=9545 width=0)
	              Index Cond: ((id >= 2535521) AND (id <= 2545520))

table 5 : explain SELECT SUM(k) FROM sbtest5 WHERE id BETWEEN 9105139 AND 9115138
	Aggregate  (cost=32962.21..32962.22 rows=1 width=8)
	  ->  Bitmap Heap Scan on sbtest5  (cost=206.19..32938.37 rows=9537 width=4)
	        Recheck Cond: ((id >= 9105139) AND (id <= 9115138))
	        ->  Bitmap Index Scan on sbtest5_pkey  (cost=0.00..203.81 rows=9537 width=0)
	              Index Cond: ((id >= 9105139) AND (id <= 9115138))

table 6 : explain SELECT SUM(k) FROM sbtest6 WHERE id BETWEEN 1878023 AND 1888022
	Aggregate  (cost=31261.91..31261.92 rows=1 width=8)
	  ->  Bitmap Heap Scan on sbtest6  (cost=192.60..31239.43 rows=8992 width=4)
	        Recheck Cond: ((id >= 1878023) AND (id <= 1888022))
	        ->  Bitmap Index Scan on sbtest6_pkey  (cost=0.00..190.36 rows=8992 width=0)
	              Index Cond: ((id >= 1878023) AND (id <= 1888022))

table 7 : explain SELECT SUM(k) FROM sbtest7 WHERE id BETWEEN 7149614 AND 7159613
	Aggregate  (cost=36536.48..36536.49 rows=1 width=8)
	  ->  Bitmap Heap Scan on sbtest7  (cost=229.85..36509.79 rows=10675 width=4)
	        Recheck Cond: ((id >= 7149614) AND (id <= 7159613))
	        ->  Bitmap Index Scan on sbtest7_pkey  (cost=0.00..227.19 rows=10675 width=0)
	              Index Cond: ((id >= 7149614) AND (id <= 7159613))

table 8 : explain SELECT SUM(k) FROM sbtest8 WHERE id BETWEEN 2212541 AND 2222540
	Aggregate  (cost=33490.85..33490.86 rows=1 width=8)
	  ->  Bitmap Heap Scan on sbtest8  (cost=211.83..33466.61 rows=9697 width=4)
	        Recheck Cond: ((id >= 2212541) AND (id <= 2222540))
	        ->  Bitmap Index Scan on sbtest8_pkey  (cost=0.00..209.41 rows=9697 width=0)
	              Index Cond: ((id >= 2212541) AND (id <= 2222540))

explain: for point_selects :: explain SELECT c FROM sbtest%u WHERE id=%u
for: distinct_ranges
table 1 : explain SELECT DISTINCT c FROM sbtest1 WHERE id BETWEEN 8238182 AND 8248181 ORDER BY c
	Unique  (cost=37033.51..37086.75 rows=10649 width=121)
	  ->  Sort  (cost=37033.51..37060.13 rows=10649 width=121)
	        Sort Key: c
	        ->  Bitmap Heap Scan on sbtest1  (cost=229.59..36321.17 rows=10649 width=121)
	              Recheck Cond: ((id >= 8238182) AND (id <= 8248181))
	              ->  Bitmap Index Scan on sbtest1_pkey  (cost=0.00..226.93 rows=10649 width=0)
	                    Index Cond: ((id >= 8238182) AND (id <= 8248181))

table 2 : explain SELECT DISTINCT c FROM sbtest2 WHERE id BETWEEN 5523996 AND 5533995 ORDER BY c
	Unique  (cost=37292.69..37346.29 rows=10719 width=121)
	  ->  Sort  (cost=37292.69..37319.49 rows=10719 width=121)
	        Sort Key: c
	        ->  Bitmap Heap Scan on sbtest2  (cost=230.30..36575.17 rows=10719 width=121)
	              Recheck Cond: ((id >= 5523996) AND (id <= 5533995))
	              ->  Bitmap Index Scan on sbtest2_pkey  (cost=0.00..227.62 rows=10719 width=0)
	                    Index Cond: ((id >= 5523996) AND (id <= 5533995))

table 3 : explain SELECT DISTINCT c FROM sbtest3 WHERE id BETWEEN 149729 AND 159728 ORDER BY c
	Unique  (cost=33763.26..33811.30 rows=9608 width=121)
	  ->  Sort  (cost=33763.26..33787.28 rows=9608 width=121)
	        Sort Key: c
	        ->  Bitmap Heap Scan on sbtest3  (cost=206.92..33127.69 rows=9608 width=121)
	              Recheck Cond: ((id >= 149729) AND (id <= 159728))
	              ->  Bitmap Index Scan on sbtest3_pkey  (cost=0.00..204.51 rows=9608 width=0)
	                    Index Cond: ((id >= 149729) AND (id <= 159728))

table 4 : explain SELECT DISTINCT c FROM sbtest4 WHERE id BETWEEN 3355002 AND 3365001 ORDER BY c
	Unique  (cost=34176.02..34224.66 rows=9728 width=121)
	  ->  Sort  (cost=34176.02..34200.34 rows=9728 width=121)
	        Sort Key: c
	        ->  Bitmap Heap Scan on sbtest4  (cost=208.15..33531.64 rows=9728 width=121)
	              Recheck Cond: ((id >= 3355002) AND (id <= 3365001))
	              ->  Bitmap Index Scan on sbtest4_pkey  (cost=0.00..205.72 rows=9728 width=0)
	                    Index Cond: ((id >= 3355002) AND (id <= 3365001))

table 5 : explain SELECT DISTINCT c FROM sbtest5 WHERE id BETWEEN 1232390 AND 1242389 ORDER BY c
	Unique  (cost=32640.11..32686.36 rows=9249 width=121)
	  ->  Sort  (cost=32640.11..32663.24 rows=9249 width=121)
	        Sort Key: c
	        ->  Bitmap Heap Scan on sbtest5  (cost=199.24..32030.83 rows=9249 width=121)
	              Recheck Cond: ((id >= 1232390) AND (id <= 1242389))
	              ->  Bitmap Index Scan on sbtest5_pkey  (cost=0.00..196.93 rows=9249 width=0)
	                    Index Cond: ((id >= 1232390) AND (id <= 1242389))

table 6 : explain SELECT DISTINCT c FROM sbtest6 WHERE id BETWEEN 5407521 AND 5417520 ORDER BY c
	Unique  (cost=35190.77..35240.94 rows=10035 width=121)
	  ->  Sort  (cost=35190.77..35215.86 rows=10035 width=121)
	        Sort Key: c
	        ->  Bitmap Heap Scan on sbtest6  (cost=215.29..34523.81 rows=10035 width=121)
	              Recheck Cond: ((id >= 5407521) AND (id <= 5417520))
	              ->  Bitmap Index Scan on sbtest6_pkey  (cost=0.00..212.79 rows=10035 width=0)
	                    Index Cond: ((id >= 5407521) AND (id <= 5417520))

table 7 : explain SELECT DISTINCT c FROM sbtest7 WHERE id BETWEEN 3313757 AND 3323756 ORDER BY c
	Unique  (cost=37812.24..37866.54 rows=10860 width=121)
	  ->  Sort  (cost=37812.24..37839.39 rows=10860 width=121)
	        Sort Key: c
	        ->  Bitmap Heap Scan on sbtest7  (cost=235.75..37084.25 rows=10860 width=121)
	              Recheck Cond: ((id >= 3313757) AND (id <= 3323756))
	              ->  Bitmap Index Scan on sbtest7_pkey  (cost=0.00..233.04 rows=10860 width=0)
	                    Index Cond: ((id >= 3313757) AND (id <= 3323756))

table 8 : explain SELECT DISTINCT c FROM sbtest8 WHERE id BETWEEN 3080122 AND 3090121 ORDER BY c
	Unique  (cost=36039.22..36090.72 rows=10301 width=121)
	  ->  Sort  (cost=36039.22..36064.97 rows=10301 width=121)
	        Sort Key: c
	        ->  Bitmap Heap Scan on sbtest8  (cost=222.02..35352.63 rows=10301 width=121)
	              Recheck Cond: ((id >= 3080122) AND (id <= 3090121))
	              ->  Bitmap Index Scan on sbtest8_pkey  (cost=0.00..219.44 rows=10301 width=0)
	                    Index Cond: ((id >= 3080122) AND (id <= 3090121))

for point_selects
table 1 : explain SELECT c FROM sbtest1 WHERE id=6776721
	Index Scan using sbtest1_pkey on sbtest1  (cost=0.43..8.45 rows=1 width=121)
	  Index Cond: (id = 6776721)

table 2 : explain SELECT c FROM sbtest2 WHERE id=6571704
	Index Scan using sbtest2_pkey on sbtest2  (cost=0.43..8.45 rows=1 width=121)
	  Index Cond: (id = 6571704)

table 3 : explain SELECT c FROM sbtest3 WHERE id=3634360
	Index Scan using sbtest3_pkey on sbtest3  (cost=0.43..8.45 rows=1 width=121)
	  Index Cond: (id = 3634360)

table 4 : explain SELECT c FROM sbtest4 WHERE id=1550128
	Index Scan using sbtest4_pkey on sbtest4  (cost=0.43..8.45 rows=1 width=121)
	  Index Cond: (id = 1550128)

table 5 : explain SELECT c FROM sbtest5 WHERE id=3777941
	Index Scan using sbtest5_pkey on sbtest5  (cost=0.43..8.45 rows=1 width=121)
	  Index Cond: (id = 3777941)

table 6 : explain SELECT c FROM sbtest6 WHERE id=1465074
	Index Scan using sbtest6_pkey on sbtest6  (cost=0.43..8.45 rows=1 width=121)
	  Index Cond: (id = 1465074)

table 7 : explain SELECT c FROM sbtest7 WHERE id=4763541
	Index Scan using sbtest7_pkey on sbtest7  (cost=0.43..8.45 rows=1 width=121)
	  Index Cond: (id = 4763541)

table 8 : explain SELECT c FROM sbtest8 WHERE id=8010854
	Index Scan using sbtest8_pkey on sbtest8  (cost=0.43..8.45 rows=1 width=121)
	  Index Cond: (id = 8010854)

explain: for point_selects :: explain SELECT c FROM sbtest%u WHERE id=%u
for: distinct_ranges
table 1 : explain SELECT DISTINCT c FROM sbtest1 WHERE id BETWEEN 5359223 AND 5369222 ORDER BY c
	Unique  (cost=37365.36..37419.14 rows=10755 width=121)
	  ->  Sort  (cost=37365.36..37392.25 rows=10755 width=121)
	        Sort Key: c
	        ->  Bitmap Heap Scan on sbtest1  (cost=230.67..36645.17 rows=10755 width=121)
	              Recheck Cond: ((id >= 5359223) AND (id <= 5369222))
	              ->  Bitmap Index Scan on sbtest1_pkey  (cost=0.00..227.99 rows=10755 width=0)
	                    Index Cond: ((id >= 5359223) AND (id <= 5369222))

table 2 : explain SELECT DISTINCT c FROM sbtest2 WHERE id BETWEEN 2025034 AND 2035033 ORDER BY c
	Unique  (cost=34517.96..34567.18 rows=9844 width=121)
	  ->  Sort  (cost=34517.96..34542.57 rows=9844 width=121)
	        Sort Key: c
	        ->  Bitmap Heap Scan on sbtest2  (cost=213.34..33865.05 rows=9844 width=121)
	              Recheck Cond: ((id >= 2025034) AND (id <= 2035033))
	              ->  Bitmap Index Scan on sbtest2_pkey  (cost=0.00..210.88 rows=9844 width=0)
	                    Index Cond: ((id >= 2025034) AND (id <= 2035033))

table 3 : explain SELECT DISTINCT c FROM sbtest3 WHERE id BETWEEN 616463 AND 626462 ORDER BY c
	Unique  (cost=34495.79..34544.97 rows=9836 width=121)
	  ->  Sort  (cost=34495.79..34520.38 rows=9836 width=121)
	        Sort Key: c
	        ->  Bitmap Heap Scan on sbtest3  (cost=213.25..33843.47 rows=9836 width=121)
	              Recheck Cond: ((id >= 616463) AND (id <= 626462))
	              ->  Bitmap Index Scan on sbtest3_pkey  (cost=0.00..210.80 rows=9836 width=0)
	                    Index Cond: ((id >= 616463) AND (id <= 626462))

table 4 : explain SELECT DISTINCT c FROM sbtest4 WHERE id BETWEEN 5764844 AND 5774843 ORDER BY c
	Unique  (cost=34281.59..34330.40 rows=9761 width=121)
	  ->  Sort  (cost=34281.59..34306.00 rows=9761 width=121)
	        Sort Key: c
	        ->  Bitmap Heap Scan on sbtest4  (cost=208.49..33634.79 rows=9761 width=121)
	              Recheck Cond: ((id >= 5764844) AND (id <= 5774843))
	              ->  Bitmap Index Scan on sbtest4_pkey  (cost=0.00..206.05 rows=9761 width=0)
	                    Index Cond: ((id >= 5764844) AND (id <= 5774843))

table 5 : explain SELECT DISTINCT c FROM sbtest5 WHERE id BETWEEN 1334634 AND 1344633 ORDER BY c
	Unique  (cost=37051.60..37104.74 rows=10628 width=121)
	  ->  Sort  (cost=37051.60..37078.17 rows=10628 width=121)
	        Sort Key: c
	        ->  Bitmap Heap Scan on sbtest5  (cost=229.37..36340.82 rows=10628 width=121)
	              Recheck Cond: ((id >= 1334634) AND (id <= 1344633))
	              ->  Bitmap Index Scan on sbtest5_pkey  (cost=0.00..226.72 rows=10628 width=0)
	                    Index Cond: ((id >= 1334634) AND (id <= 1344633))

table 6 : explain SELECT DISTINCT c FROM sbtest6 WHERE id BETWEEN 9013347 AND 9023346 ORDER BY c
	Unique  (cost=36622.98..36675.41 rows=10485 width=121)
	  ->  Sort  (cost=36622.98..36649.19 rows=10485 width=121)
	        Sort Key: c
	        ->  Bitmap Heap Scan on sbtest6  (cost=223.91..35922.79 rows=10485 width=121)
	              Recheck Cond: ((id >= 9013347) AND (id <= 9023346))
	              ->  Bitmap Index Scan on sbtest6_pkey  (cost=0.00..221.29 rows=10485 width=0)
	                    Index Cond: ((id >= 9013347) AND (id <= 9023346))

table 7 : explain SELECT DISTINCT c FROM sbtest7 WHERE id BETWEEN 7039967 AND 7049966 ORDER BY c
	Unique  (cost=37263.22..37316.65 rows=10687 width=121)
	  ->  Sort  (cost=37263.22..37289.93 rows=10687 width=121)
	        Sort Key: c
	        ->  Bitmap Heap Scan on sbtest7  (cost=229.98..36548.06 rows=10687 width=121)
	              Recheck Cond: ((id >= 7039967) AND (id <= 7049966))
	              ->  Bitmap Index Scan on sbtest7_pkey  (cost=0.00..227.31 rows=10687 width=0)
	                    Index Cond: ((id >= 7039967) AND (id <= 7049966))

table 8 : explain SELECT DISTINCT c FROM sbtest8 WHERE id BETWEEN 5751356 AND 5761355 ORDER BY c
	Unique  (cost=33171.07..33218.10 rows=9406 width=121)
	  ->  Sort  (cost=33171.07..33194.59 rows=9406 width=121)
	        Sort Key: c
	        ->  Bitmap Heap Scan on sbtest8  (cost=204.85..32550.31 rows=9406 width=121)
	              Recheck Cond: ((id >= 5751356) AND (id <= 5761355))
	              ->  Bitmap Index Scan on sbtest8_pkey  (cost=0.00..202.50 rows=9406 width=0)
	                    Index Cond: ((id >= 5751356) AND (id <= 5761355))

for: distinct_ranges
table 1 : explain SELECT DISTINCT c FROM sbtest1 WHERE id BETWEEN 1675874 AND 1685873 ORDER BY c
	Unique  (cost=32298.11..32343.93 rows=9164 width=121)
	  ->  Sort  (cost=32298.11..32321.02 rows=9164 width=121)
	        Sort Key: c
	        ->  Bitmap Heap Scan on sbtest1  (cost=198.37..31695.04 rows=9164 width=121)
	              Recheck Cond: ((id >= 1675874) AND (id <= 1685873))
	              ->  Bitmap Index Scan on sbtest1_pkey  (cost=0.00..196.07 rows=9164 width=0)
	                    Index Cond: ((id >= 1675874) AND (id <= 1685873))

table 2 : explain SELECT DISTINCT c FROM sbtest2 WHERE id BETWEEN 7157275 AND 7167274 ORDER BY c
	Unique  (cost=32942.07..32988.84 rows=9354 width=121)
	  ->  Sort  (cost=32942.07..32965.46 rows=9354 width=121)
	        Sort Key: c
	        ->  Bitmap Heap Scan on sbtest2  (cost=200.31..32325.11 rows=9354 width=121)
	              Recheck Cond: ((id >= 7157275) AND (id <= 7167274))
	              ->  Bitmap Index Scan on sbtest2_pkey  (cost=0.00..197.98 rows=9354 width=0)
	                    Index Cond: ((id >= 7157275) AND (id <= 7167274))

table 3 : explain SELECT DISTINCT c FROM sbtest3 WHERE id BETWEEN 1987755 AND 1997754 ORDER BY c
	Unique  (cost=36912.58..36965.56 rows=10596 width=121)
	  ->  Sort  (cost=36912.58..36939.07 rows=10596 width=121)
	        Sort Key: c
	        ->  Bitmap Heap Scan on sbtest3  (cost=229.04..36204.17 rows=10596 width=121)
	              Recheck Cond: ((id >= 1987755) AND (id <= 1997754))
	              ->  Bitmap Index Scan on sbtest3_pkey  (cost=0.00..226.40 rows=10596 width=0)
	                    Index Cond: ((id >= 1987755) AND (id <= 1997754))

table 4 : explain SELECT DISTINCT c FROM sbtest4 WHERE id BETWEEN 1937332 AND 1947331 ORDER BY c
	Unique  (cost=35398.22..35448.77 rows=10110 width=121)
	  ->  Sort  (cost=35398.22..35423.49 rows=10110 width=121)
	        Sort Key: c
	        ->  Bitmap Heap Scan on sbtest4  (cost=216.06..34725.73 rows=10110 width=121)
	              Recheck Cond: ((id >= 1937332) AND (id <= 1947331))
	              ->  Bitmap Index Scan on sbtest4_pkey  (cost=0.00..213.54 rows=10110 width=0)
	                    Index Cond: ((id >= 1937332) AND (id <= 1947331))

table 5 : explain SELECT DISTINCT c FROM sbtest5 WHERE id BETWEEN 887581 AND 897580 ORDER BY c
	Unique  (cost=35747.92..35799.01 rows=10217 width=121)
	  ->  Sort  (cost=35747.92..35773.47 rows=10217 width=121)
	        Sort Key: c
	        ->  Bitmap Heap Scan on sbtest5  (cost=221.16..35067.54 rows=10217 width=121)
	              Recheck Cond: ((id >= 887581) AND (id <= 897580))
	              ->  Bitmap Index Scan on sbtest5_pkey  (cost=0.00..218.61 rows=10217 width=0)
	                    Index Cond: ((id >= 887581) AND (id <= 897580))

table 6 : explain SELECT DISTINCT c FROM sbtest6 WHERE id BETWEEN 5073153 AND 5083152 ORDER BY c
	Unique  (cost=33177.25..33224.30 rows=9409 width=121)
	  ->  Sort  (cost=33177.25..33200.78 rows=9409 width=121)
	        Sort Key: c
	        ->  Bitmap Heap Scan on sbtest6  (cost=200.88..32556.27 rows=9409 width=121)
	              Recheck Cond: ((id >= 5073153) AND (id <= 5083152))
	              ->  Bitmap Index Scan on sbtest6_pkey  (cost=0.00..198.53 rows=9409 width=0)
	                    Index Cond: ((id >= 5073153) AND (id <= 5083152))

table 7 : explain SELECT DISTINCT c FROM sbtest7 WHERE id BETWEEN 2226732 AND 2236731 ORDER BY c
	Unique  (cost=35571.60..35622.37 rows=10154 width=121)
	  ->  Sort  (cost=35571.60..35596.99 rows=10154 width=121)
	        Sort Key: c
	        ->  Bitmap Heap Scan on sbtest7  (cost=220.51..34895.86 rows=10154 width=121)
	              Recheck Cond: ((id >= 2226732) AND (id <= 2236731))
	              ->  Bitmap Index Scan on sbtest7_pkey  (cost=0.00..217.98 rows=10154 width=0)
	                    Index Cond: ((id >= 2226732) AND (id <= 2236731))

table 8 : explain SELECT DISTINCT c FROM sbtest8 WHERE id BETWEEN 6342732 AND 6352731 ORDER BY c
	Unique  (cost=35240.64..35290.89 rows=10050 width=121)
	  ->  Sort  (cost=35240.64..35265.77 rows=10050 width=121)
	        Sort Key: c
	        ->  Bitmap Heap Scan on sbtest8  (cost=219.45..34572.57 rows=10050 width=121)
	              Recheck Cond: ((id >= 6342732) AND (id <= 6352731))
	              ->  Bitmap Index Scan on sbtest8_pkey  (cost=0.00..216.94 rows=10050 width=0)
	                    Index Cond: ((id >= 6342732) AND (id <= 6352731))

for: sum_ranges
table 1 : explain SELECT SUM(k) FROM sbtest1 WHERE id BETWEEN 5712743 AND 5722742
	Aggregate  (cost=33111.70..33111.71 rows=1 width=8)
	  ->  Bitmap Heap Scan on sbtest1  (cost=206.92..33087.68 rows=9608 width=4)
	        Recheck Cond: ((id >= 5712743) AND (id <= 5722742))
	        ->  Bitmap Index Scan on sbtest1_pkey  (cost=0.00..204.51 rows=9608 width=0)
	              Index Cond: ((id >= 5712743) AND (id <= 5722742))

table 2 : explain SELECT SUM(k) FROM sbtest2 WHERE id BETWEEN 1320837 AND 1330836
	Aggregate  (cost=34667.13..34667.14 rows=1 width=8)
	  ->  Bitmap Heap Scan on sbtest2  (cost=215.90..34641.90 rows=10094 width=4)
	        Recheck Cond: ((id >= 1320837) AND (id <= 1330836))
	        ->  Bitmap Index Scan on sbtest2_pkey  (cost=0.00..213.38 rows=10094 width=0)
	              Index Cond: ((id >= 1320837) AND (id <= 1330836))

table 3 : explain SELECT SUM(k) FROM sbtest3 WHERE id BETWEEN 2504855 AND 2514854
	Aggregate  (cost=34780.48..34780.49 rows=1 width=8)
	  ->  Bitmap Heap Scan on sbtest3  (cost=216.26..34755.16 rows=10129 width=4)
	        Recheck Cond: ((id >= 2504855) AND (id <= 2514854))
	        ->  Bitmap Index Scan on sbtest3_pkey  (cost=0.00..213.73 rows=10129 width=0)
	              Index Cond: ((id >= 2504855) AND (id <= 2514854))

table 4 : explain SELECT SUM(k) FROM sbtest4 WHERE id BETWEEN 7532902 AND 7542901
	Aggregate  (cost=35556.59..35556.60 rows=1 width=8)
	  ->  Bitmap Heap Scan on sbtest4  (cost=222.72..35530.67 rows=10369 width=4)
	        Recheck Cond: ((id >= 7532902) AND (id <= 7542901))
	        ->  Bitmap Index Scan on sbtest4_pkey  (cost=0.00..220.12 rows=10369 width=0)
	              Index Cond: ((id >= 7532902) AND (id <= 7542901))

table 5 : explain SELECT SUM(k) FROM sbtest5 WHERE id BETWEEN 6529220 AND 6539219
	Aggregate  (cost=34939.08..34939.09 rows=1 width=8)
	  ->  Bitmap Heap Scan on sbtest5  (cost=220.66..34913.66 rows=10168 width=4)
	        Recheck Cond: ((id >= 6529220) AND (id <= 6539219))
	        ->  Bitmap Index Scan on sbtest5_pkey  (cost=0.00..218.12 rows=10168 width=0)
	              Index Cond: ((id >= 6529220) AND (id <= 6539219))

table 6 : explain SELECT SUM(k) FROM sbtest6 WHERE id BETWEEN 4560567 AND 4570566
	Aggregate  (cost=35551.82..35551.83 rows=1 width=8)
	  ->  Bitmap Heap Scan on sbtest6  (cost=222.59..35525.93 rows=10357 width=4)
	        Recheck Cond: ((id >= 4560567) AND (id <= 4570566))
	        ->  Bitmap Index Scan on sbtest6_pkey  (cost=0.00..220.00 rows=10357 width=0)
	              Index Cond: ((id >= 4560567) AND (id <= 4570566))

table 7 : explain SELECT SUM(k) FROM sbtest7 WHERE id BETWEEN 5019417 AND 5029416
	Aggregate  (cost=35213.49..35213.50 rows=1 width=8)
	  ->  Bitmap Heap Scan on sbtest7  (cost=221.48..35187.87 rows=10248 width=4)
	        Recheck Cond: ((id >= 5019417) AND (id <= 5029416))
	        ->  Bitmap Index Scan on sbtest7_pkey  (cost=0.00..218.92 rows=10248 width=0)
	              Index Cond: ((id >= 5019417) AND (id <= 5029416))

table 8 : explain SELECT SUM(k) FROM sbtest8 WHERE id BETWEEN 79103 AND 89102
	Aggregate  (cost=31637.15..31637.16 rows=1 width=8)
	  ->  Bitmap Heap Scan on sbtest8  (cost=197.81..31614.37 rows=9110 width=4)
	        Recheck Cond: ((id >= 79103) AND (id <= 89102))
	        ->  Bitmap Index Scan on sbtest8_pkey  (cost=0.00..195.54 rows=9110 width=0)
	              Index Cond: ((id >= 79103) AND (id <= 89102))

for: distinct_ranges
table 1 : explain SELECT DISTINCT c FROM sbtest1 WHERE id BETWEEN 902258 AND 912257 ORDER BY c
	Unique  (cost=34006.46..34054.94 rows=9696 width=121)
	  ->  Sort  (cost=34006.46..34030.70 rows=9696 width=121)
	        Sort Key: c
	        ->  Bitmap Heap Scan on sbtest1  (cost=207.82..33364.43 rows=9696 width=121)
	              Recheck Cond: ((id >= 902258) AND (id <= 912257))
	              ->  Bitmap Index Scan on sbtest1_pkey  (cost=0.00..205.40 rows=9696 width=0)
	                    Index Cond: ((id >= 902258) AND (id <= 912257))

table 2 : explain SELECT DISTINCT c FROM sbtest2 WHERE id BETWEEN 2910604 AND 2920603 ORDER BY c
	Unique  (cost=33028.15..33075.06 rows=9381 width=121)
	  ->  Sort  (cost=33028.15..33051.61 rows=9381 width=121)
	        Sort Key: c
	        ->  Bitmap Heap Scan on sbtest2  (cost=200.59..32409.22 rows=9381 width=121)
	              Recheck Cond: ((id >= 2910604) AND (id <= 2920603))
	              ->  Bitmap Index Scan on sbtest2_pkey  (cost=0.00..198.25 rows=9381 width=0)
	                    Index Cond: ((id >= 2910604) AND (id <= 2920603))

table 3 : explain SELECT DISTINCT c FROM sbtest3 WHERE id BETWEEN 9411020 AND 9421019 ORDER BY c
	Unique  (cost=34089.85..34138.40 rows=9710 width=121)
	  ->  Sort  (cost=34089.85..34114.12 rows=9710 width=121)
	        Sort Key: c
	        ->  Bitmap Heap Scan on sbtest3  (cost=207.96..33446.79 rows=9710 width=121)
	              Recheck Cond: ((id >= 9411020) AND (id <= 9421019))
	              ->  Bitmap Index Scan on sbtest3_pkey  (cost=0.00..205.54 rows=9710 width=0)
	                    Index Cond: ((id >= 9411020) AND (id <= 9421019))

table 4 : explain SELECT DISTINCT c FROM sbtest4 WHERE id BETWEEN 9957409 AND 9967408 ORDER BY c
	Unique  (cost=35509.87..35560.60 rows=10145 width=121)
	  ->  Sort  (cost=35509.87..35535.23 rows=10145 width=121)
	        Sort Key: c
	        ->  Bitmap Heap Scan on sbtest4  (cost=216.42..34834.80 rows=10145 width=121)
	              Recheck Cond: ((id >= 9957409) AND (id <= 9967408))
	              ->  Bitmap Index Scan on sbtest4_pkey  (cost=0.00..213.88 rows=10145 width=0)
	                    Index Cond: ((id >= 9957409) AND (id <= 9967408))

table 5 : explain SELECT DISTINCT c FROM sbtest5 WHERE id BETWEEN 1434641 AND 1444640 ORDER BY c
	Unique  (cost=33955.53..34003.82 rows=9658 width=121)
	  ->  Sort  (cost=33955.53..33979.68 rows=9658 width=121)
	        Sort Key: c
	        ->  Bitmap Heap Scan on sbtest5  (cost=207.43..33316.29 rows=9658 width=121)
	              Recheck Cond: ((id >= 1434641) AND (id <= 1444640))
	              ->  Bitmap Index Scan on sbtest5_pkey  (cost=0.00..205.01 rows=9658 width=0)
	                    Index Cond: ((id >= 1434641) AND (id <= 1444640))

table 6 : explain SELECT DISTINCT c FROM sbtest6 WHERE id BETWEEN 7382096 AND 7392095 ORDER BY c
	Unique  (cost=35763.68..35814.75 rows=10214 width=121)
	  ->  Sort  (cost=35763.68..35789.21 rows=10214 width=121)
	        Sort Key: c
	        ->  Bitmap Heap Scan on sbtest6  (cost=221.13..35083.51 rows=10214 width=121)
	              Recheck Cond: ((id >= 7382096) AND (id <= 7392095))
	              ->  Bitmap Index Scan on sbtest6_pkey  (cost=0.00..218.57 rows=10214 width=0)
	                    Index Cond: ((id >= 7382096) AND (id <= 7392095))

table 7 : explain SELECT DISTINCT c FROM sbtest7 WHERE id BETWEEN 8689054 AND 8699053 ORDER BY c
	Unique  (cost=32751.11..32797.50 rows=9277 width=121)
	  ->  Sort  (cost=32751.11..32774.30 rows=9277 width=121)
	        Sort Key: c
	        ->  Bitmap Heap Scan on sbtest7  (cost=199.52..32139.78 rows=9277 width=121)
	              Recheck Cond: ((id >= 8689054) AND (id <= 8699053))
	              ->  Bitmap Index Scan on sbtest7_pkey  (cost=0.00..197.20 rows=9277 width=0)
	                    Index Cond: ((id >= 8689054) AND (id <= 8699053))

table 8 : explain SELECT DISTINCT c FROM sbtest8 WHERE id BETWEEN 2878204 AND 2888203 ORDER BY c
	Unique  (cost=35411.66..35462.17 rows=10103 width=121)
	  ->  Sort  (cost=35411.66..35436.91 rows=10103 width=121)
	        Sort Key: c
	        ->  Bitmap Heap Scan on sbtest8  (cost=219.99..34739.68 rows=10103 width=121)
	              Recheck Cond: ((id >= 2878204) AND (id <= 2888203))
	              ->  Bitmap Index Scan on sbtest8_pkey  (cost=0.00..217.47 rows=10103 width=0)
	                    Index Cond: ((id >= 2878204) AND (id <= 2888203))

for: order_ranges
table 1 : explain SELECT c FROM sbtest1 WHERE id BETWEEN 1601520 AND 1611519 ORDER BY c
	Sort  (cost=32298.11..32321.02 rows=9164 width=121)
	  Sort Key: c
	  ->  Bitmap Heap Scan on sbtest1  (cost=198.37..31695.04 rows=9164 width=121)
	        Recheck Cond: ((id >= 1601520) AND (id <= 1611519))
	        ->  Bitmap Index Scan on sbtest1_pkey  (cost=0.00..196.07 rows=9164 width=0)
	              Index Cond: ((id >= 1601520) AND (id <= 1611519))

table 2 : explain SELECT c FROM sbtest2 WHERE id BETWEEN 7544157 AND 7554156 ORDER BY c
	Sort  (cost=38333.76..38361.38 rows=11049 width=121)
	  Sort Key: c
	  ->  Bitmap Heap Scan on sbtest2  (cost=237.69..37591.73 rows=11049 width=121)
	        Recheck Cond: ((id >= 7544157) AND (id <= 7554156))
	        ->  Bitmap Index Scan on sbtest2_pkey  (cost=0.00..234.93 rows=11049 width=0)
	              Index Cond: ((id >= 7544157) AND (id <= 7554156))

table 3 : explain SELECT c FROM sbtest3 WHERE id BETWEEN 8099667 AND 8109666 ORDER BY c
	Sort  (cost=35885.42..35911.10 rows=10272 width=121)
	  Sort Key: c
	  ->  Bitmap Heap Scan on sbtest3  (cost=221.72..35200.98 rows=10272 width=121)
	        Recheck Cond: ((id >= 8099667) AND (id <= 8109666))
	        ->  Bitmap Index Scan on sbtest3_pkey  (cost=0.00..219.16 rows=10272 width=0)
	              Index Cond: ((id >= 8099667) AND (id <= 8109666))

table 4 : explain SELECT c FROM sbtest4 WHERE id BETWEEN 9140781 AND 9150780 ORDER BY c
	Sort  (cost=34202.39..34226.73 rows=9736 width=121)
	  Sort Key: c
	  ->  Bitmap Heap Scan on sbtest4  (cost=208.23..33557.43 rows=9736 width=121)
	        Recheck Cond: ((id >= 9140781) AND (id <= 9150780))
	        ->  Bitmap Index Scan on sbtest4_pkey  (cost=0.00..205.80 rows=9736 width=0)
	              Index Cond: ((id >= 9140781) AND (id <= 9150780))

table 5 : explain SELECT c FROM sbtest5 WHERE id BETWEEN 6659027 AND 6669026 ORDER BY c
	Sort  (cost=35123.04..35148.09 rows=10022 width=121)
	  Sort Key: c
	  ->  Bitmap Heap Scan on sbtest5  (cost=215.16..34457.03 rows=10022 width=121)
	        Recheck Cond: ((id >= 6659027) AND (id <= 6669026))
	        ->  Bitmap Index Scan on sbtest5_pkey  (cost=0.00..212.66 rows=10022 width=0)
	              Index Cond: ((id >= 6659027) AND (id <= 6669026))

table 6 : explain SELECT c FROM sbtest6 WHERE id BETWEEN 1248292 AND 1258291 ORDER BY c
	Sort  (cost=35819.56..35845.14 rows=10232 width=121)
	  Sort Key: c
	  ->  Bitmap Heap Scan on sbtest6  (cost=221.31..35138.07 rows=10232 width=121)
	        Recheck Cond: ((id >= 1248292) AND (id <= 1258291))
	        ->  Bitmap Index Scan on sbtest6_pkey  (cost=0.00..218.75 rows=10232 width=0)
	              Index Cond: ((id >= 1248292) AND (id <= 1258291))

table 7 : explain SELECT c FROM sbtest7 WHERE id BETWEEN 561974 AND 571973 ORDER BY c
	Sort  (cost=34764.39..34789.15 rows=9902 width=121)
	  Sort Key: c
	  ->  Bitmap Heap Scan on sbtest7  (cost=213.93..34107.22 rows=9902 width=121)
	        Recheck Cond: ((id >= 561974) AND (id <= 571973))
	        ->  Bitmap Index Scan on sbtest7_pkey  (cost=0.00..211.45 rows=9902 width=0)
	              Index Cond: ((id >= 561974) AND (id <= 571973))

table 8 : explain SELECT c FROM sbtest8 WHERE id BETWEEN 9938325 AND 9948324 ORDER BY c
	Sort  (cost=36318.74..36344.71 rows=10388 width=121)
	  Sort Key: c
	  ->  Bitmap Heap Scan on sbtest8  (cost=226.91..35625.73 rows=10388 width=121)
	        Recheck Cond: ((id >= 9938325) AND (id <= 9948324))
	        ->  Bitmap Index Scan on sbtest8_pkey  (cost=0.00..224.31 rows=10388 width=0)
	              Index Cond: ((id >= 9938325) AND (id <= 9948324))

for: simple_ranges
table 1 : explain SELECT c FROM sbtest1 WHERE id BETWEEN 1292535 AND 1302534
	Bitmap Heap Scan on sbtest1  (cost=238.98..37931.48 rows=11175 width=121)
	  Recheck Cond: ((id >= 1292535) AND (id <= 1302534))
	  ->  Bitmap Index Scan on sbtest1_pkey  (cost=0.00..236.19 rows=11175 width=0)
	        Index Cond: ((id >= 1292535) AND (id <= 1302534))

table 2 : explain SELECT c FROM sbtest2 WHERE id BETWEEN 8493171 AND 8503170
	Bitmap Heap Scan on sbtest2  (cost=191.90..30965.00 rows=8923 width=121)
	  Recheck Cond: ((id >= 8493171) AND (id <= 8503170))
	  ->  Bitmap Index Scan on sbtest2_pkey  (cost=0.00..189.67 rows=8923 width=0)
	        Index Cond: ((id >= 8493171) AND (id <= 8503170))

table 3 : explain SELECT c FROM sbtest3 WHERE id BETWEEN 7189856 AND 7199855
	Bitmap Heap Scan on sbtest3  (cost=215.63..34566.03 rows=10068 width=121)
	  Recheck Cond: ((id >= 7189856) AND (id <= 7199855))
	  ->  Bitmap Index Scan on sbtest3_pkey  (cost=0.00..213.12 rows=10068 width=0)
	        Index Cond: ((id >= 7189856) AND (id <= 7199855))

table 4 : explain SELECT c FROM sbtest4 WHERE id BETWEEN 4728993 AND 4738992
	Bitmap Heap Scan on sbtest4  (cost=207.04..33192.88 rows=9620 width=121)
	  Recheck Cond: ((id >= 4728993) AND (id <= 4738992))
	  ->  Bitmap Index Scan on sbtest4_pkey  (cost=0.00..204.63 rows=9620 width=0)
	        Index Cond: ((id >= 4728993) AND (id <= 4738992))

table 5 : explain SELECT c FROM sbtest5 WHERE id BETWEEN 5053221 AND 5063220
	Bitmap Heap Scan on sbtest5  (cost=223.46..35758.93 rows=10441 width=121)
	  Recheck Cond: ((id >= 5053221) AND (id <= 5063220))
	  ->  Bitmap Index Scan on sbtest5_pkey  (cost=0.00..220.84 rows=10441 width=0)
	        Index Cond: ((id >= 5053221) AND (id <= 5063220))

table 6 : explain SELECT c FROM sbtest6 WHERE id BETWEEN 8819289 AND 8829288
	Bitmap Heap Scan on sbtest6  (cost=213.55..33992.67 rows=9865 width=121)
	  Recheck Cond: ((id >= 8819289) AND (id <= 8829288))
	  ->  Bitmap Index Scan on sbtest6_pkey  (cost=0.00..211.09 rows=9865 width=0)
	        Index Cond: ((id >= 8819289) AND (id <= 8829288))

table 7 : explain SELECT c FROM sbtest7 WHERE id BETWEEN 9987565 AND 9997564
	Bitmap Heap Scan on sbtest7  (cost=214.87..34393.71 rows=9994 width=121)
	  Recheck Cond: ((id >= 9987565) AND (id <= 9997564))
	  ->  Bitmap Index Scan on sbtest7_pkey  (cost=0.00..212.38 rows=9994 width=0)
	        Index Cond: ((id >= 9987565) AND (id <= 9997564))

table 8 : explain SELECT c FROM sbtest8 WHERE id BETWEEN 4248400 AND 4258399
	Bitmap Heap Scan on sbtest8  (cost=235.08..36884.95 rows=10795 width=121)
	  Recheck Cond: ((id >= 4248400) AND (id <= 4258399))
	  ->  Bitmap Index Scan on sbtest8_pkey  (cost=0.00..232.38 rows=10795 width=0)
	        Index Cond: ((id >= 4248400) AND (id <= 4258399))

for: simple_ranges
table 1 : explain SELECT c FROM sbtest1 WHERE id BETWEEN 5693755 AND 5703754
	Bitmap Heap Scan on sbtest1  (cost=207.97..33409.48 rows=9711 width=121)
	  Recheck Cond: ((id >= 5693755) AND (id <= 5703754))
	  ->  Bitmap Index Scan on sbtest1_pkey  (cost=0.00..205.55 rows=9711 width=0)
	        Index Cond: ((id >= 5693755) AND (id <= 5703754))

table 2 : explain SELECT c FROM sbtest2 WHERE id BETWEEN 7441226 AND 7451225
	Bitmap Heap Scan on sbtest2  (cost=221.45..35110.23 rows=10245 width=121)
	  Recheck Cond: ((id >= 7441226) AND (id <= 7451225))
	  ->  Bitmap Index Scan on sbtest2_pkey  (cost=0.00..218.88 rows=10245 width=0)
	        Index Cond: ((id >= 7441226) AND (id <= 7451225))

table 3 : explain SELECT c FROM sbtest3 WHERE id BETWEEN 3246704 AND 3256703
	Bitmap Heap Scan on sbtest3  (cost=200.09..32260.98 rows=9332 width=121)
	  Recheck Cond: ((id >= 3246704) AND (id <= 3256703))
	  ->  Bitmap Index Scan on sbtest3_pkey  (cost=0.00..197.75 rows=9332 width=0)
	        Index Cond: ((id >= 3246704) AND (id <= 3256703))

table 4 : explain SELECT c FROM sbtest4 WHERE id BETWEEN 2567838 AND 2577837
	Bitmap Heap Scan on sbtest4  (cost=206.27..32960.30 rows=9545 width=121)
	  Recheck Cond: ((id >= 2567838) AND (id <= 2577837))
	  ->  Bitmap Index Scan on sbtest4_pkey  (cost=0.00..203.88 rows=9545 width=0)
	        Index Cond: ((id >= 2567838) AND (id <= 2577837))

table 5 : explain SELECT c FROM sbtest5 WHERE id BETWEEN 9039073 AND 9049072
	Bitmap Heap Scan on sbtest5  (cost=236.72..37347.46 rows=10955 width=121)
	  Recheck Cond: ((id >= 9039073) AND (id <= 9049072))
	  ->  Bitmap Index Scan on sbtest5_pkey  (cost=0.00..233.99 rows=10955 width=0)
	        Index Cond: ((id >= 9039073) AND (id <= 9049072))

table 6 : explain SELECT c FROM sbtest6 WHERE id BETWEEN 6632507 AND 6642506
	Bitmap Heap Scan on sbtest6  (cost=213.27..33908.87 rows=9838 width=121)
	  Recheck Cond: ((id >= 6632507) AND (id <= 6642506))
	  ->  Bitmap Index Scan on sbtest6_pkey  (cost=0.00..210.81 rows=9838 width=0)
	        Index Cond: ((id >= 6632507) AND (id <= 6642506))

table 7 : explain SELECT c FROM sbtest7 WHERE id BETWEEN 2201507 AND 2211506
	Bitmap Heap Scan on sbtest7  (cost=235.81..37103.35 rows=10866 width=121)
	  Recheck Cond: ((id >= 2201507) AND (id <= 2211506))
	  ->  Bitmap Index Scan on sbtest7_pkey  (cost=0.00..233.09 rows=10866 width=0)
	        Index Cond: ((id >= 2201507) AND (id <= 2211506))

table 8 : explain SELECT c FROM sbtest8 WHERE id BETWEEN 2995721 AND 3005720
	Bitmap Heap Scan on sbtest8  (cost=211.25..33288.94 rows=9640 width=121)
	  Recheck Cond: ((id >= 2995721) AND (id <= 3005720))
	  ->  Bitmap Index Scan on sbtest8_pkey  (cost=0.00..208.84 rows=9640 width=0)
	        Index Cond: ((id >= 2995721) AND (id <= 3005720))

for: distinct_ranges
table 1 : explain SELECT DISTINCT c FROM sbtest1 WHERE id BETWEEN 2802763 AND 2812762 ORDER BY c
	Unique  (cost=35170.13..35220.43 rows=10061 width=121)
	  ->  Sort  (cost=35170.13..35195.28 rows=10061 width=121)
	        Sort Key: c
	        ->  Bitmap Heap Scan on sbtest1  (cost=215.56..34501.25 rows=10061 width=121)
	              Recheck Cond: ((id >= 2802763) AND (id <= 2812762))
	              ->  Bitmap Index Scan on sbtest1_pkey  (cost=0.00..213.05 rows=10061 width=0)
	                    Index Cond: ((id >= 2802763) AND (id <= 2812762))

table 2 : explain SELECT DISTINCT c FROM sbtest2 WHERE id BETWEEN 8964224 AND 8974223 ORDER BY c
	Unique  (cost=35989.13..36040.67 rows=10307 width=121)
	  ->  Sort  (cost=35989.13..36014.90 rows=10307 width=121)
	        Sort Key: c
	        ->  Bitmap Heap Scan on sbtest2  (cost=222.08..35302.10 rows=10307 width=121)
	              Recheck Cond: ((id >= 8964224) AND (id <= 8974223))
	              ->  Bitmap Index Scan on sbtest2_pkey  (cost=0.00..219.50 rows=10307 width=0)
	                    Index Cond: ((id >= 8964224) AND (id <= 8974223))

table 3 : explain SELECT DISTINCT c FROM sbtest3 WHERE id BETWEEN 5997467 AND 6007466 ORDER BY c
	Unique  (cost=38312.73..38367.93 rows=11041 width=121)
	  ->  Sort  (cost=38312.73..38340.33 rows=11041 width=121)
	        Sort Key: c
	        ->  Bitmap Heap Scan on sbtest3  (cost=237.61..37571.29 rows=11041 width=121)
	              Recheck Cond: ((id >= 5997467) AND (id <= 6007466))
	              ->  Bitmap Index Scan on sbtest3_pkey  (cost=0.00..234.84 rows=11041 width=0)
	                    Index Cond: ((id >= 5997467) AND (id <= 6007466))

table 4 : explain SELECT DISTINCT c FROM sbtest4 WHERE id BETWEEN 4854039 AND 4864038 ORDER BY c
	Unique  (cost=33822.73..33870.82 rows=9618 width=121)
	  ->  Sort  (cost=33822.73..33846.78 rows=9618 width=121)
	        Sort Key: c
	        ->  Bitmap Heap Scan on sbtest4  (cost=207.02..33186.43 rows=9618 width=121)
	              Recheck Cond: ((id >= 4854039) AND (id <= 4864038))
	              ->  Bitmap Index Scan on sbtest4_pkey  (cost=0.00..204.62 rows=9618 width=0)
	                    Index Cond: ((id >= 4854039) AND (id <= 4864038))

table 5 : explain SELECT DISTINCT c FROM sbtest5 WHERE id BETWEEN 8765927 AND 8775926 ORDER BY c
	Unique  (cost=36272.51..36324.43 rows=10383 width=121)
	  ->  Sort  (cost=36272.51..36298.47 rows=10383 width=121)
	        Sort Key: c
	        ->  Bitmap Heap Scan on sbtest5  (cost=222.86..35579.87 rows=10383 width=121)
	              Recheck Cond: ((id >= 8765927) AND (id <= 8775926))
	              ->  Bitmap Index Scan on sbtest5_pkey  (cost=0.00..220.26 rows=10383 width=0)
	                    Index Cond: ((id >= 8765927) AND (id <= 8775926))

table 6 : explain SELECT DISTINCT c FROM sbtest6 WHERE id BETWEEN 6978591 AND 6988590 ORDER BY c
	Unique  (cost=31456.39..31500.78 rows=8877 width=121)
	  ->  Sort  (cost=31456.39..31478.59 rows=8877 width=121)
	        Sort Key: c
	        ->  Bitmap Heap Scan on sbtest6  (cost=191.42..30874.25 rows=8877 width=121)
	              Recheck Cond: ((id >= 6978591) AND (id <= 6988590))
	              ->  Bitmap Index Scan on sbtest6_pkey  (cost=0.00..189.20 rows=8877 width=0)
	                    Index Cond: ((id >= 6978591) AND (id <= 6988590))

table 7 : explain SELECT DISTINCT c FROM sbtest7 WHERE id BETWEEN 8859988 AND 8869987 ORDER BY c
	Unique  (cost=34268.71..34317.45 rows=9748 width=121)
	  ->  Sort  (cost=34268.71..34293.08 rows=9748 width=121)
	        Sort Key: c
	        ->  Bitmap Heap Scan on sbtest7  (cost=208.35..33622.86 rows=9748 width=121)
	              Recheck Cond: ((id >= 8859988) AND (id <= 8869987))
	              ->  Bitmap Index Scan on sbtest7_pkey  (cost=0.00..205.92 rows=9748 width=0)
	                    Index Cond: ((id >= 8859988) AND (id <= 8869987))

table 8 : explain SELECT DISTINCT c FROM sbtest8 WHERE id BETWEEN 9882734 AND 9892733 ORDER BY c
	Unique  (cost=33989.62..34037.92 rows=9659 width=121)
	  ->  Sort  (cost=33989.62..34013.77 rows=9659 width=121)
	        Sort Key: c
	        ->  Bitmap Heap Scan on sbtest8  (cost=211.44..33350.31 rows=9659 width=121)
	              Recheck Cond: ((id >= 9882734) AND (id <= 9892733))
	              ->  Bitmap Index Scan on sbtest8_pkey  (cost=0.00..209.03 rows=9659 width=0)
	                    Index Cond: ((id >= 9882734) AND (id <= 9892733))

for: order_ranges
table 1 : explain SELECT c FROM sbtest1 WHERE id BETWEEN 323140 AND 333139 ORDER BY c
	Sort  (cost=33825.40..33849.50 rows=9640 width=121)
	  Sort Key: c
	  ->  Bitmap Heap Scan on sbtest1  (cost=207.25..33187.48 rows=9640 width=121)
	        Recheck Cond: ((id >= 323140) AND (id <= 333139))
	        ->  Bitmap Index Scan on sbtest1_pkey  (cost=0.00..204.84 rows=9640 width=0)
	              Index Cond: ((id >= 323140) AND (id <= 333139))

table 2 : explain SELECT c FROM sbtest2 WHERE id BETWEEN 2497612 AND 2507611 ORDER BY c
	Sort  (cost=33233.27..33256.89 rows=9445 width=121)
	  Sort Key: c
	  ->  Bitmap Heap Scan on sbtest2  (cost=201.25..32609.65 rows=9445 width=121)
	        Recheck Cond: ((id >= 2497612) AND (id <= 2507611))
	        ->  Bitmap Index Scan on sbtest2_pkey  (cost=0.00..198.88 rows=9445 width=0)
	              Index Cond: ((id >= 2497612) AND (id <= 2507611))

table 3 : explain SELECT c FROM sbtest3 WHERE id BETWEEN 3034012 AND 3044011 ORDER BY c
	Sort  (cost=36435.09..36461.20 rows=10446 width=121)
	  Sort Key: c
	  ->  Bitmap Heap Scan on sbtest3  (cost=223.51..35737.78 rows=10446 width=121)
	        Recheck Cond: ((id >= 3034012) AND (id <= 3044011))
	        ->  Bitmap Index Scan on sbtest3_pkey  (cost=0.00..220.90 rows=10446 width=0)
	              Index Cond: ((id >= 3034012) AND (id <= 3044011))

table 4 : explain SELECT c FROM sbtest4 WHERE id BETWEEN 5518473 AND 5528472 ORDER BY c
	Sort  (cost=32871.91..32895.21 rows=9322 width=121)
	  Sort Key: c
	  ->  Bitmap Heap Scan on sbtest4  (cost=199.99..32257.29 rows=9322 width=121)
	        Recheck Cond: ((id >= 5518473) AND (id <= 5528472))
	        ->  Bitmap Index Scan on sbtest4_pkey  (cost=0.00..197.66 rows=9322 width=0)
	              Index Cond: ((id >= 5518473) AND (id <= 5528472))

table 5 : explain SELECT c FROM sbtest5 WHERE id BETWEEN 5586267 AND 5596266 ORDER BY c
	Sort  (cost=34866.33..34891.18 rows=9941 width=121)
	  Sort Key: c
	  ->  Bitmap Heap Scan on sbtest5  (cost=214.33..34206.29 rows=9941 width=121)
	        Recheck Cond: ((id >= 5586267) AND (id <= 5596266))
	        ->  Bitmap Index Scan on sbtest5_pkey  (cost=0.00..211.84 rows=9941 width=0)
	              Index Cond: ((id >= 5586267) AND (id <= 5596266))

table 6 : explain SELECT c FROM sbtest6 WHERE id BETWEEN 2734192 AND 2744191 ORDER BY c
	Sort  (cost=34042.12..34066.31 rows=9677 width=121)
	  Sort Key: c
	  ->  Bitmap Heap Scan on sbtest6  (cost=207.62..33401.49 rows=9677 width=121)
	        Recheck Cond: ((id >= 2734192) AND (id <= 2744191))
	        ->  Bitmap Index Scan on sbtest6_pkey  (cost=0.00..205.20 rows=9677 width=0)
	              Index Cond: ((id >= 2734192) AND (id <= 2744191))

table 7 : explain SELECT c FROM sbtest7 WHERE id BETWEEN 1677080 AND 1687079 ORDER BY c
	Sort  (cost=34319.00..34343.41 rows=9763 width=121)
	  Sort Key: c
	  ->  Bitmap Heap Scan on sbtest7  (cost=212.51..33672.05 rows=9763 width=121)
	        Recheck Cond: ((id >= 1677080) AND (id <= 1687079))
	        ->  Bitmap Index Scan on sbtest7_pkey  (cost=0.00..210.06 rows=9763 width=0)
	              Index Cond: ((id >= 1677080) AND (id <= 1687079))

table 8 : explain SELECT c FROM sbtest8 WHERE id BETWEEN 4854476 AND 4864475 ORDER BY c
	Sort  (cost=35829.13..35854.72 rows=10235 width=121)
	  Sort Key: c
	  ->  Bitmap Heap Scan on sbtest8  (cost=221.34..35147.42 rows=10235 width=121)
	        Recheck Cond: ((id >= 4854476) AND (id <= 4864475))
	        ->  Bitmap Index Scan on sbtest8_pkey  (cost=0.00..218.79 rows=10235 width=0)
	              Index Cond: ((id >= 4854476) AND (id <= 4864475))

for point_selects
table 1 : explain SELECT c FROM sbtest1 WHERE id=193955
	Index Scan using sbtest1_pkey on sbtest1  (cost=0.43..8.45 rows=1 width=121)
	  Index Cond: (id = 193955)

table 2 : explain SELECT c FROM sbtest2 WHERE id=8845269
	Index Scan using sbtest2_pkey on sbtest2  (cost=0.43..8.45 rows=1 width=121)
	  Index Cond: (id = 8845269)

table 3 : explain SELECT c FROM sbtest3 WHERE id=599609
	Index Scan using sbtest3_pkey on sbtest3  (cost=0.43..8.45 rows=1 width=121)
	  Index Cond: (id = 599609)

table 4 : explain SELECT c FROM sbtest4 WHERE id=9791521
	Index Scan using sbtest4_pkey on sbtest4  (cost=0.43..8.45 rows=1 width=121)
	  Index Cond: (id = 9791521)

table 5 : explain SELECT c FROM sbtest5 WHERE id=9427302
	Index Scan using sbtest5_pkey on sbtest5  (cost=0.43..8.45 rows=1 width=121)
	  Index Cond: (id = 9427302)

table 6 : explain SELECT c FROM sbtest6 WHERE id=3022454
	Index Scan using sbtest6_pkey on sbtest6  (cost=0.43..8.45 rows=1 width=121)
	  Index Cond: (id = 3022454)

table 7 : explain SELECT c FROM sbtest7 WHERE id=6295896
	Index Scan using sbtest7_pkey on sbtest7  (cost=0.43..8.45 rows=1 width=121)
	  Index Cond: (id = 6295896)

table 8 : explain SELECT c FROM sbtest8 WHERE id=7764066
	Index Scan using sbtest8_pkey on sbtest8  (cost=0.43..8.45 rows=1 width=121)
	  Index Cond: (id = 7764066)

for point_selects
table 1 : explain SELECT c FROM sbtest1 WHERE id=469995
	Index Scan using sbtest1_pkey on sbtest1  (cost=0.43..8.45 rows=1 width=121)
	  Index Cond: (id = 469995)

table 2 : explain SELECT c FROM sbtest2 WHERE id=5200489
	Index Scan using sbtest2_pkey on sbtest2  (cost=0.43..8.45 rows=1 width=121)
	  Index Cond: (id = 5200489)

table 3 : explain SELECT c FROM sbtest3 WHERE id=4556681
	Index Scan using sbtest3_pkey on sbtest3  (cost=0.43..8.45 rows=1 width=121)
	  Index Cond: (id = 4556681)

table 4 : explain SELECT c FROM sbtest4 WHERE id=2727811
	Index Scan using sbtest4_pkey on sbtest4  (cost=0.43..8.45 rows=1 width=121)
	  Index Cond: (id = 2727811)

table 5 : explain SELECT c FROM sbtest5 WHERE id=2066711
	Index Scan using sbtest5_pkey on sbtest5  (cost=0.43..8.45 rows=1 width=121)
	  Index Cond: (id = 2066711)

table 6 : explain SELECT c FROM sbtest6 WHERE id=4570825
	Index Scan using sbtest6_pkey on sbtest6  (cost=0.43..8.45 rows=1 width=121)
	  Index Cond: (id = 4570825)

table 7 : explain SELECT c FROM sbtest7 WHERE id=6371746
	Index Scan using sbtest7_pkey on sbtest7  (cost=0.43..8.45 rows=1 width=121)
	  Index Cond: (id = 6371746)

table 8 : explain SELECT c FROM sbtest8 WHERE id=6779422
	Index Scan using sbtest8_pkey on sbtest8  (cost=0.43..8.45 rows=1 width=121)
	  Index Cond: (id = 6779422)

for: sum_ranges
table 1 : explain SELECT SUM(k) FROM sbtest1 WHERE id BETWEEN 6118375 AND 6128374
	Aggregate  (cost=36025.51..36025.52 rows=1 width=8)
	  ->  Bitmap Heap Scan on sbtest1  (cost=224.53..35999.14 rows=10546 width=4)
	        Recheck Cond: ((id >= 6118375) AND (id <= 6128374))
	        ->  Bitmap Index Scan on sbtest1_pkey  (cost=0.00..221.90 rows=10546 width=0)
	              Index Cond: ((id >= 6118375) AND (id <= 6128374))

table 2 : explain SELECT SUM(k) FROM sbtest2 WHERE id BETWEEN 1509344 AND 1519343
	Aggregate  (cost=34849.90..34849.91 rows=1 width=8)
	  ->  Bitmap Heap Scan on sbtest2  (cost=216.50..34824.52 rows=10153 width=4)
	        Recheck Cond: ((id >= 1509344) AND (id <= 1519343))
	        ->  Bitmap Index Scan on sbtest2_pkey  (cost=0.00..213.97 rows=10153 width=0)
	              Index Cond: ((id >= 1509344) AND (id <= 1519343))

table 3 : explain SELECT SUM(k) FROM sbtest3 WHERE id BETWEEN 4903479 AND 4913478
	Aggregate  (cost=36975.71..36975.72 rows=1 width=8)
	  ->  Bitmap Heap Scan on sbtest3  (cost=231.53..36948.61 rows=10839 width=4)
	        Recheck Cond: ((id >= 4903479) AND (id <= 4913478))
	        ->  Bitmap Index Scan on sbtest3_pkey  (cost=0.00..228.82 rows=10839 width=0)
	              Index Cond: ((id >= 4903479) AND (id <= 4913478))

table 4 : explain SELECT SUM(k) FROM sbtest4 WHERE id BETWEEN 6859919 AND 6869918
	Aggregate  (cost=37690.90..37690.91 rows=1 width=8)
	  ->  Bitmap Heap Scan on sbtest4  (cost=237.80..37663.25 rows=11060 width=4)
	        Recheck Cond: ((id >= 6859919) AND (id <= 6869918))
	        ->  Bitmap Index Scan on sbtest4_pkey  (cost=0.00..235.04 rows=11060 width=0)
	              Index Cond: ((id >= 6859919) AND (id <= 6869918))

table 5 : explain SELECT SUM(k) FROM sbtest5 WHERE id BETWEEN 4974825 AND 4984824
	Aggregate  (cost=34453.15..34453.16 rows=1 width=8)
	  ->  Bitmap Heap Scan on sbtest5  (cost=215.07..34428.12 rows=10013 width=4)
	        Recheck Cond: ((id >= 4974825) AND (id <= 4984824))
	        ->  Bitmap Index Scan on sbtest5_pkey  (cost=0.00..212.56 rows=10013 width=0)
	              Index Cond: ((id >= 4974825) AND (id <= 4984824))

table 6 : explain SELECT SUM(k) FROM sbtest6 WHERE id BETWEEN 9603514 AND 9613513
	Aggregate  (cost=33664.77..33664.78 rows=1 width=8)
	  ->  Bitmap Heap Scan on sbtest6  (cost=208.40..33640.39 rows=9753 width=4)
	        Recheck Cond: ((id >= 9603514) AND (id <= 9613513))
	        ->  Bitmap Index Scan on sbtest6_pkey  (cost=0.00..205.97 rows=9753 width=0)
	              Index Cond: ((id >= 9603514) AND (id <= 9613513))

table 7 : explain SELECT SUM(k) FROM sbtest7 WHERE id BETWEEN 4563670 AND 4573669
	Aggregate  (cost=32682.99..32683.00 rows=1 width=8)
	  ->  Bitmap Heap Scan on sbtest7  (cost=205.21..32659.39 rows=9441 width=4)
	        Recheck Cond: ((id >= 4563670) AND (id <= 4573669))
	        ->  Bitmap Index Scan on sbtest7_pkey  (cost=0.00..202.84 rows=9441 width=0)
	              Index Cond: ((id >= 4563670) AND (id <= 4573669))

table 8 : explain SELECT SUM(k) FROM sbtest8 WHERE id BETWEEN 2584876 AND 2594875
	Aggregate  (cost=36157.48..36157.49 rows=1 width=8)
	  ->  Bitmap Heap Scan on sbtest8  (cost=228.58..36131.10 rows=10551 width=4)
	        Recheck Cond: ((id >= 2584876) AND (id <= 2594875))
	        ->  Bitmap Index Scan on sbtest8_pkey  (cost=0.00..225.94 rows=10551 width=0)
	              Index Cond: ((id >= 2584876) AND (id <= 2594875))

for: sum_ranges
table 1 : explain SELECT SUM(k) FROM sbtest1 WHERE id BETWEEN 825036 AND 835035
	Aggregate  (cost=36265.07..36265.08 rows=1 width=8)
	  ->  Bitmap Heap Scan on sbtest1  (cost=229.31..36238.52 rows=10622 width=4)
	        Recheck Cond: ((id >= 825036) AND (id <= 835035))
	        ->  Bitmap Index Scan on sbtest1_pkey  (cost=0.00..226.66 rows=10622 width=0)
	              Index Cond: ((id >= 825036) AND (id <= 835035))

table 2 : explain SELECT SUM(k) FROM sbtest2 WHERE id BETWEEN 5231043 AND 5241042
	Aggregate  (cost=32633.27..32633.28 rows=1 width=8)
	  ->  Bitmap Heap Scan on sbtest2  (cost=201.25..32609.65 rows=9445 width=4)
	        Recheck Cond: ((id >= 5231043) AND (id <= 5241042))
	        ->  Bitmap Index Scan on sbtest2_pkey  (cost=0.00..198.88 rows=9445 width=0)
	              Index Cond: ((id >= 5231043) AND (id <= 5241042))

table 3 : explain SELECT SUM(k) FROM sbtest3 WHERE id BETWEEN 4560483 AND 4570482
	Aggregate  (cost=32206.54..32206.55 rows=1 width=8)
	  ->  Bitmap Heap Scan on sbtest3  (cost=199.83..32183.28 rows=9307 width=4)
	        Recheck Cond: ((id >= 4560483) AND (id <= 4570482))
	        ->  Bitmap Index Scan on sbtest3_pkey  (cost=0.00..197.50 rows=9307 width=0)
	              Index Cond: ((id >= 4560483) AND (id <= 4570482))

table 4 : explain SELECT SUM(k) FROM sbtest4 WHERE id BETWEEN 2082927 AND 2092926
	Aggregate  (cost=34937.19..34937.20 rows=1 width=8)
	  ->  Bitmap Heap Scan on sbtest4  (cost=216.68..34911.77 rows=10170 width=4)
	        Recheck Cond: ((id >= 2082927) AND (id <= 2092926))
	        ->  Bitmap Index Scan on sbtest4_pkey  (cost=0.00..214.13 rows=10170 width=0)
	              Index Cond: ((id >= 2082927) AND (id <= 2092926))

table 5 : explain SELECT SUM(k) FROM sbtest5 WHERE id BETWEEN 3110265 AND 3120264
	Aggregate  (cost=35134.79..35134.80 rows=1 width=8)
	  ->  Bitmap Heap Scan on sbtest5  (cost=221.30..35109.22 rows=10231 width=4)
	        Recheck Cond: ((id >= 3110265) AND (id <= 3120264))
	        ->  Bitmap Index Scan on sbtest5_pkey  (cost=0.00..218.75 rows=10231 width=0)
	              Index Cond: ((id >= 3110265) AND (id <= 3120264))

table 6 : explain SELECT SUM(k) FROM sbtest6 WHERE id BETWEEN 5448787 AND 5458786
	Aggregate  (cost=34548.89..34548.90 rows=1 width=8)
	  ->  Bitmap Heap Scan on sbtest6  (cost=215.29..34523.81 rows=10035 width=4)
	        Recheck Cond: ((id >= 5448787) AND (id <= 5458786))
	        ->  Bitmap Index Scan on sbtest6_pkey  (cost=0.00..212.79 rows=10035 width=0)
	              Index Cond: ((id >= 5448787) AND (id <= 5458786))

table 7 : explain SELECT SUM(k) FROM sbtest7 WHERE id BETWEEN 2247301 AND 2257300
	Aggregate  (cost=34921.25..34921.26 rows=1 width=8)
	  ->  Bitmap Heap Scan on sbtest7  (cost=220.51..34895.86 rows=10154 width=4)
	        Recheck Cond: ((id >= 2247301) AND (id <= 2257300))
	        ->  Bitmap Index Scan on sbtest7_pkey  (cost=0.00..217.98 rows=10154 width=0)
	              Index Cond: ((id >= 2247301) AND (id <= 2257300))

table 8 : explain SELECT SUM(k) FROM sbtest8 WHERE id BETWEEN 1492313 AND 1502312
	Aggregate  (cost=35651.70..35651.71 rows=1 width=8)
	  ->  Bitmap Heap Scan on sbtest8  (cost=226.91..35625.73 rows=10388 width=4)
	        Recheck Cond: ((id >= 1492313) AND (id <= 1502312))
	        ->  Bitmap Index Scan on sbtest8_pkey  (cost=0.00..224.31 rows=10388 width=0)
	              Index Cond: ((id >= 1492313) AND (id <= 1502312))

explain: for point_selects :: explain SELECT c FROM sbtest%u WHERE id=%u
for: distinct_ranges
table 1 : explain SELECT DISTINCT c FROM sbtest1 WHERE id BETWEEN 9133538 AND 9143537 ORDER BY c
	Unique  (cost=34250.04..34298.91 rows=9773 width=121)
	  ->  Sort  (cost=34250.04..34274.47 rows=9773 width=121)
	        Sort Key: c
	        ->  Bitmap Heap Scan on sbtest1  (cost=208.61..33602.36 rows=9773 width=121)
	              Recheck Cond: ((id >= 9133538) AND (id <= 9143537))
	              ->  Bitmap Index Scan on sbtest1_pkey  (cost=0.00..206.17 rows=9773 width=0)
	                    Index Cond: ((id >= 9133538) AND (id <= 9143537))

table 2 : explain SELECT DISTINCT c FROM sbtest2 WHERE id BETWEEN 7658113 AND 7668112 ORDER BY c
	Unique  (cost=33405.82..33453.30 rows=9497 width=121)
	  ->  Sort  (cost=33405.82..33429.56 rows=9497 width=121)
	        Sort Key: c
	        ->  Bitmap Heap Scan on sbtest2  (cost=205.78..32778.39 rows=9497 width=121)
	              Recheck Cond: ((id >= 7658113) AND (id <= 7668112))
	              ->  Bitmap Index Scan on sbtest2_pkey  (cost=0.00..203.41 rows=9497 width=0)
	                    Index Cond: ((id >= 7658113) AND (id <= 7668112))

table 3 : explain SELECT DISTINCT c FROM sbtest3 WHERE id BETWEEN 8690725 AND 8700724 ORDER BY c
	Unique  (cost=36202.98..36254.84 rows=10373 width=121)
	  ->  Sort  (cost=36202.98..36228.91 rows=10373 width=121)
	        Sort Key: c
	        ->  Bitmap Heap Scan on sbtest3  (cost=222.76..35511.07 rows=10373 width=121)
	              Recheck Cond: ((id >= 8690725) AND (id <= 8700724))
	              ->  Bitmap Index Scan on sbtest3_pkey  (cost=0.00..220.17 rows=10373 width=0)
	                    Index Cond: ((id >= 8690725) AND (id <= 8700724))

table 4 : explain SELECT DISTINCT c FROM sbtest4 WHERE id BETWEEN 4871924 AND 4881923 ORDER BY c
	Unique  (cost=33822.73..33870.82 rows=9618 width=121)
	  ->  Sort  (cost=33822.73..33846.78 rows=9618 width=121)
	        Sort Key: c
	        ->  Bitmap Heap Scan on sbtest4  (cost=207.02..33186.43 rows=9618 width=121)
	              Recheck Cond: ((id >= 4871924) AND (id <= 4881923))
	              ->  Bitmap Index Scan on sbtest4_pkey  (cost=0.00..204.62 rows=9618 width=0)
	                    Index Cond: ((id >= 4871924) AND (id <= 4881923))

table 5 : explain SELECT DISTINCT c FROM sbtest5 WHERE id BETWEEN 9360258 AND 9370257 ORDER BY c
	Unique  (cost=35280.91..35331.27 rows=10072 width=121)
	  ->  Sort  (cost=35280.91..35306.09 rows=10072 width=121)
	        Sort Key: c
	        ->  Bitmap Heap Scan on sbtest5  (cost=215.67..34611.22 rows=10072 width=121)
	              Recheck Cond: ((id >= 9360258) AND (id <= 9370257))
	              ->  Bitmap Index Scan on sbtest5_pkey  (cost=0.00..213.16 rows=10072 width=0)
	                    Index Cond: ((id >= 9360258) AND (id <= 9370257))

table 6 : explain SELECT DISTINCT c FROM sbtest6 WHERE id BETWEEN 1564395 AND 1574394 ORDER BY c
	Unique  (cost=36118.25..36169.88 rows=10326 width=121)
	  ->  Sort  (cost=36118.25..36144.07 rows=10326 width=121)
	        Sort Key: c
	        ->  Bitmap Heap Scan on sbtest6  (cost=222.28..35429.82 rows=10326 width=121)
	              Recheck Cond: ((id >= 1564395) AND (id <= 1574394))
	              ->  Bitmap Index Scan on sbtest6_pkey  (cost=0.00..219.69 rows=10326 width=0)
	                    Index Cond: ((id >= 1564395) AND (id <= 1574394))

table 7 : explain SELECT DISTINCT c FROM sbtest7 WHERE id BETWEEN 9255180 AND 9265179 ORDER BY c
	Unique  (cost=34744.63..34794.11 rows=9896 width=121)
	  ->  Sort  (cost=34744.63..34769.37 rows=9896 width=121)
	        Sort Key: c
	        ->  Bitmap Heap Scan on sbtest7  (cost=213.87..34087.90 rows=9896 width=121)
	              Recheck Cond: ((id >= 9255180) AND (id <= 9265179))
	              ->  Bitmap Index Scan on sbtest7_pkey  (cost=0.00..211.40 rows=9896 width=0)
	                    Index Cond: ((id >= 9255180) AND (id <= 9265179))

table 8 : explain SELECT DISTINCT c FROM sbtest8 WHERE id BETWEEN 7649424 AND 7659423 ORDER BY c
	Unique  (cost=36482.63..36534.83 rows=10440 width=121)
	  ->  Sort  (cost=36482.63..36508.73 rows=10440 width=121)
	        Sort Key: c
	        ->  Bitmap Heap Scan on sbtest8  (cost=227.45..35785.77 rows=10440 width=121)
	              Recheck Cond: ((id >= 7649424) AND (id <= 7659423))
	              ->  Bitmap Index Scan on sbtest8_pkey  (cost=0.00..224.84 rows=10440 width=0)
	                    Index Cond: ((id >= 7649424) AND (id <= 7659423))

for: simple_ranges
table 1 : explain SELECT c FROM sbtest1 WHERE id BETWEEN 3261505 AND 3271504
	Bitmap Heap Scan on sbtest1  (cost=199.46..32031.62 rows=9271 width=121)
	  Recheck Cond: ((id >= 3261505) AND (id <= 3271504))
	  ->  Bitmap Index Scan on sbtest1_pkey  (cost=0.00..197.15 rows=9271 width=0)
	        Index Cond: ((id >= 3261505) AND (id <= 3271504))

table 2 : explain SELECT c FROM sbtest2 WHERE id BETWEEN 3541640 AND 3551639
	Bitmap Heap Scan on sbtest2  (cost=214.49..34215.26 rows=9957 width=121)
	  Recheck Cond: ((id >= 3541640) AND (id <= 3551639))
	  ->  Bitmap Index Scan on sbtest2_pkey  (cost=0.00..212.00 rows=9957 width=0)
	        Index Cond: ((id >= 3541640) AND (id <= 3551639))

table 3 : explain SELECT c FROM sbtest3 WHERE id BETWEEN 8948559 AND 8958558
	Bitmap Heap Scan on sbtest3  (cost=215.67..34578.85 rows=10072 width=121)
	  Recheck Cond: ((id >= 8948559) AND (id <= 8958558))
	  ->  Bitmap Index Scan on sbtest3_pkey  (cost=0.00..213.16 rows=10072 width=0)
	        Index Cond: ((id >= 8948559) AND (id <= 8958558))

table 4 : explain SELECT c FROM sbtest4 WHERE id BETWEEN 446032 AND 456031
	Bitmap Heap Scan on sbtest4  (cost=197.81..31588.80 rows=9110 width=121)
	  Recheck Cond: ((id >= 446032) AND (id <= 456031))
	  ->  Bitmap Index Scan on sbtest4_pkey  (cost=0.00..195.54 rows=9110 width=0)
	        Index Cond: ((id >= 446032) AND (id <= 456031))

table 5 : explain SELECT c FROM sbtest5 WHERE id BETWEEN 2337478 AND 2347477
	Bitmap Heap Scan on sbtest5  (cost=216.20..34771.70 rows=10123 width=121)
	  Recheck Cond: ((id >= 2337478) AND (id <= 2347477))
	  ->  Bitmap Index Scan on sbtest5_pkey  (cost=0.00..213.67 rows=10123 width=0)
	        Index Cond: ((id >= 2337478) AND (id <= 2347477))

table 6 : explain SELECT c FROM sbtest6 WHERE id BETWEEN 2677857 AND 2687856
	Bitmap Heap Scan on sbtest6  (cost=215.99..34735.95 rows=10103 width=121)
	  Recheck Cond: ((id >= 2677857) AND (id <= 2687856))
	  ->  Bitmap Index Scan on sbtest6_pkey  (cost=0.00..213.47 rows=10103 width=0)
	        Index Cond: ((id >= 2677857) AND (id <= 2687856))

table 7 : explain SELECT c FROM sbtest7 WHERE id BETWEEN 568056 AND 578055
	Bitmap Heap Scan on sbtest7  (cost=213.93..34107.22 rows=9902 width=121)
	  Recheck Cond: ((id >= 568056) AND (id <= 578055))
	  ->  Bitmap Index Scan on sbtest7_pkey  (cost=0.00..211.45 rows=9902 width=0)
	        Index Cond: ((id >= 568056) AND (id <= 578055))

table 8 : explain SELECT c FROM sbtest8 WHERE id BETWEEN 8089371 AND 8099370
	Bitmap Heap Scan on sbtest8  (cost=212.50..33669.97 rows=9762 width=121)
	  Recheck Cond: ((id >= 8089371) AND (id <= 8099370))
	  ->  Bitmap Index Scan on sbtest8_pkey  (cost=0.00..210.06 rows=9762 width=0)
	        Index Cond: ((id >= 8089371) AND (id <= 8099370))

for point_selects
table 1 : explain SELECT c FROM sbtest1 WHERE id=8331386
	Index Scan using sbtest1_pkey on sbtest1  (cost=0.43..8.45 rows=1 width=121)
	  Index Cond: (id = 8331386)

table 2 : explain SELECT c FROM sbtest2 WHERE id=6444838
	Index Scan using sbtest2_pkey on sbtest2  (cost=0.43..8.45 rows=1 width=121)
	  Index Cond: (id = 6444838)

table 3 : explain SELECT c FROM sbtest3 WHERE id=8113433
	Index Scan using sbtest3_pkey on sbtest3  (cost=0.43..8.45 rows=1 width=121)
	  Index Cond: (id = 8113433)

table 4 : explain SELECT c FROM sbtest4 WHERE id=2890674
	Index Scan using sbtest4_pkey on sbtest4  (cost=0.43..8.45 rows=1 width=121)
	  Index Cond: (id = 2890674)

table 5 : explain SELECT c FROM sbtest5 WHERE id=8097093
	Index Scan using sbtest5_pkey on sbtest5  (cost=0.43..8.45 rows=1 width=121)
	  Index Cond: (id = 8097093)

table 6 : explain SELECT c FROM sbtest6 WHERE id=997724
	Index Scan using sbtest6_pkey on sbtest6  (cost=0.43..8.45 rows=1 width=121)
	  Index Cond: (id = 997724)

table 7 : explain SELECT c FROM sbtest7 WHERE id=5735908
	Index Scan using sbtest7_pkey on sbtest7  (cost=0.43..8.45 rows=1 width=121)
	  Index Cond: (id = 5735908)

table 8 : explain SELECT c FROM sbtest8 WHERE id=350402
	Index Scan using sbtest8_pkey on sbtest8  (cost=0.43..8.45 rows=1 width=121)
	  Index Cond: (id = 350402)

for point_selects
table 1 : explain SELECT c FROM sbtest1 WHERE id=4352109
	Index Scan using sbtest1_pkey on sbtest1  (cost=0.43..8.45 rows=1 width=121)
	  Index Cond: (id = 4352109)

table 2 : explain SELECT c FROM sbtest2 WHERE id=7004330
	Index Scan using sbtest2_pkey on sbtest2  (cost=0.43..8.45 rows=1 width=121)
	  Index Cond: (id = 7004330)

table 3 : explain SELECT c FROM sbtest3 WHERE id=1803133
	Index Scan using sbtest3_pkey on sbtest3  (cost=0.43..8.45 rows=1 width=121)
	  Index Cond: (id = 1803133)

table 4 : explain SELECT c FROM sbtest4 WHERE id=2825133
	Index Scan using sbtest4_pkey on sbtest4  (cost=0.43..8.45 rows=1 width=121)
	  Index Cond: (id = 2825133)

table 5 : explain SELECT c FROM sbtest5 WHERE id=2837839
	Index Scan using sbtest5_pkey on sbtest5  (cost=0.43..8.45 rows=1 width=121)
	  Index Cond: (id = 2837839)

table 6 : explain SELECT c FROM sbtest6 WHERE id=6886767
	Index Scan using sbtest6_pkey on sbtest6  (cost=0.43..8.45 rows=1 width=121)
	  Index Cond: (id = 6886767)

table 7 : explain SELECT c FROM sbtest7 WHERE id=9112812
	Index Scan using sbtest7_pkey on sbtest7  (cost=0.43..8.45 rows=1 width=121)
	  Index Cond: (id = 9112812)

table 8 : explain SELECT c FROM sbtest8 WHERE id=9523835
	Index Scan using sbtest8_pkey on sbtest8  (cost=0.43..8.45 rows=1 width=121)
	  Index Cond: (id = 9523835)

for point_selects
table 1 : explain SELECT c FROM sbtest1 WHERE id=9168952
	Index Scan using sbtest1_pkey on sbtest1  (cost=0.43..8.45 rows=1 width=121)
	  Index Cond: (id = 9168952)

table 2 : explain SELECT c FROM sbtest2 WHERE id=9983079
	Index Scan using sbtest2_pkey on sbtest2  (cost=0.43..8.45 rows=1 width=121)
	  Index Cond: (id = 9983079)

table 3 : explain SELECT c FROM sbtest3 WHERE id=8738978
	Index Scan using sbtest3_pkey on sbtest3  (cost=0.43..8.45 rows=1 width=121)
	  Index Cond: (id = 8738978)

table 4 : explain SELECT c FROM sbtest4 WHERE id=8172831
	Index Scan using sbtest4_pkey on sbtest4  (cost=0.43..8.45 rows=1 width=121)
	  Index Cond: (id = 8172831)

table 5 : explain SELECT c FROM sbtest5 WHERE id=4940986
	Index Scan using sbtest5_pkey on sbtest5  (cost=0.43..8.45 rows=1 width=121)
	  Index Cond: (id = 4940986)

table 6 : explain SELECT c FROM sbtest6 WHERE id=2371013
	Index Scan using sbtest6_pkey on sbtest6  (cost=0.43..8.45 rows=1 width=121)
	  Index Cond: (id = 2371013)

table 7 : explain SELECT c FROM sbtest7 WHERE id=9834939
	Index Scan using sbtest7_pkey on sbtest7  (cost=0.43..8.45 rows=1 width=121)
	  Index Cond: (id = 9834939)

table 8 : explain SELECT c FROM sbtest8 WHERE id=942817
	Index Scan using sbtest8_pkey on sbtest8  (cost=0.43..8.45 rows=1 width=121)
	  Index Cond: (id = 942817)

for: order_ranges
table 1 : explain SELECT c FROM sbtest1 WHERE id BETWEEN 9312347 AND 9322346 ORDER BY c
	Sort  (cost=37826.62..37853.87 rows=10902 width=121)
	  Sort Key: c
	  ->  Bitmap Heap Scan on sbtest1  (cost=232.18..37095.51 rows=10902 width=121)
	        Recheck Cond: ((id >= 9312347) AND (id <= 9322346))
	        ->  Bitmap Index Scan on sbtest1_pkey  (cost=0.00..229.45 rows=10902 width=0)
	              Index Cond: ((id >= 9312347) AND (id <= 9322346))

table 2 : explain SELECT c FROM sbtest2 WHERE id BETWEEN 7460289 AND 7470288 ORDER BY c
	Sort  (cost=35792.68..35818.29 rows=10245 width=121)
	  Sort Key: c
	  ->  Bitmap Heap Scan on sbtest2  (cost=221.45..35110.23 rows=10245 width=121)
	        Recheck Cond: ((id >= 7460289) AND (id <= 7470288))
	        ->  Bitmap Index Scan on sbtest2_pkey  (cost=0.00..218.88 rows=10245 width=0)
	              Index Cond: ((id >= 7460289) AND (id <= 7470288))

table 3 : explain SELECT c FROM sbtest3 WHERE id BETWEEN 7068091 AND 7078090 ORDER BY c
	Sort  (cost=34297.48..34321.91 rows=9775 width=121)
	  Sort Key: c
	  ->  Bitmap Heap Scan on sbtest3  (cost=208.63..33649.64 rows=9775 width=121)
	        Recheck Cond: ((id >= 7068091) AND (id <= 7078090))
	        ->  Bitmap Index Scan on sbtest3_pkey  (cost=0.00..206.19 rows=9775 width=0)
	              Index Cond: ((id >= 7068091) AND (id <= 7078090))

table 4 : explain SELECT c FROM sbtest4 WHERE id BETWEEN 2542444 AND 2552443 ORDER BY c
	Sort  (cost=33591.25..33615.12 rows=9545 width=121)
	  Sort Key: c
	  ->  Bitmap Heap Scan on sbtest4  (cost=206.27..32960.30 rows=9545 width=121)
	        Recheck Cond: ((id >= 2542444) AND (id <= 2552443))
	        ->  Bitmap Index Scan on sbtest4_pkey  (cost=0.00..203.88 rows=9545 width=0)
	              Index Cond: ((id >= 2542444) AND (id <= 2552443))

table 5 : explain SELECT c FROM sbtest5 WHERE id BETWEEN 8108920 AND 8118919 ORDER BY c
	Sort  (cost=34361.44..34385.90 rows=9784 width=121)
	  Sort Key: c
	  ->  Bitmap Heap Scan on sbtest5  (cost=208.72..33712.95 rows=9784 width=121)
	        Recheck Cond: ((id >= 8108920) AND (id <= 8118919))
	        ->  Bitmap Index Scan on sbtest5_pkey  (cost=0.00..206.28 rows=9784 width=0)
	              Index Cond: ((id >= 8108920) AND (id <= 8118919))

table 6 : explain SELECT c FROM sbtest6 WHERE id BETWEEN 9134633 AND 9144632 ORDER BY c
	Sort  (cost=35730.86..35756.37 rows=10204 width=121)
	  Sort Key: c
	  ->  Bitmap Heap Scan on sbtest6  (cost=221.03..35051.43 rows=10204 width=121)
	        Recheck Cond: ((id >= 9134633) AND (id <= 9144632))
	        ->  Bitmap Index Scan on sbtest6_pkey  (cost=0.00..218.48 rows=10204 width=0)
	              Index Cond: ((id >= 9134633) AND (id <= 9144632))

table 7 : explain SELECT c FROM sbtest7 WHERE id BETWEEN 3924799 AND 3934798 ORDER BY c
	Sort  (cost=32784.29..32807.51 rows=9287 width=121)
	  Sort Key: c
	  ->  Bitmap Heap Scan on sbtest7  (cost=199.63..32172.23 rows=9287 width=121)
	        Recheck Cond: ((id >= 3924799) AND (id <= 3934798))
	        ->  Bitmap Index Scan on sbtest7_pkey  (cost=0.00..197.31 rows=9287 width=0)
	              Index Cond: ((id >= 3924799) AND (id <= 3934798))

table 8 : explain SELECT c FROM sbtest8 WHERE id BETWEEN 5056393 AND 5066392 ORDER BY c
	Sort  (cost=35122.15..35147.18 rows=10013 width=121)
	  Sort Key: c
	  ->  Bitmap Heap Scan on sbtest8  (cost=219.07..34456.81 rows=10013 width=121)
	        Recheck Cond: ((id >= 5056393) AND (id <= 5066392))
	        ->  Bitmap Index Scan on sbtest8_pkey  (cost=0.00..216.56 rows=10013 width=0)
	              Index Cond: ((id >= 5056393) AND (id <= 5066392))

for: simple_ranges
table 1 : explain SELECT c FROM sbtest1 WHERE id BETWEEN 7843135 AND 7853134
	Bitmap Heap Scan on sbtest1  (cost=213.86..33985.24 rows=9895 width=121)
	  Recheck Cond: ((id >= 7843135) AND (id <= 7853134))
	  ->  Bitmap Index Scan on sbtest1_pkey  (cost=0.00..211.38 rows=9895 width=0)
	        Index Cond: ((id >= 7843135) AND (id <= 7853134))

table 2 : explain SELECT c FROM sbtest2 WHERE id BETWEEN 442538 AND 452537
	Bitmap Heap Scan on sbtest2  (cost=208.05..33471.71 rows=9719 width=121)
	  Recheck Cond: ((id >= 442538) AND (id <= 452537))
	  ->  Bitmap Index Scan on sbtest2_pkey  (cost=0.00..205.62 rows=9719 width=0)
	        Index Cond: ((id >= 442538) AND (id <= 452537))

table 3 : explain SELECT c FROM sbtest3 WHERE id BETWEEN 893806 AND 903805
	Bitmap Heap Scan on sbtest3  (cost=190.85..30646.22 rows=8821 width=121)
	  Recheck Cond: ((id >= 893806) AND (id <= 903805))
	  ->  Bitmap Index Scan on sbtest3_pkey  (cost=0.00..188.65 rows=8821 width=0)
	        Index Cond: ((id >= 893806) AND (id <= 903805))

table 4 : explain SELECT c FROM sbtest4 WHERE id BETWEEN 398052 AND 408051
	Bitmap Heap Scan on sbtest4  (cost=222.45..35450.69 rows=10343 width=121)
	  Recheck Cond: ((id >= 398052) AND (id <= 408051))
	  ->  Bitmap Index Scan on sbtest4_pkey  (cost=0.00..219.87 rows=10343 width=0)
	        Index Cond: ((id >= 398052) AND (id <= 408051))

table 5 : explain SELECT c FROM sbtest5 WHERE id BETWEEN 7604960 AND 7614959
	Bitmap Heap Scan on sbtest5  (cost=205.69..32786.38 rows=9488 width=121)
	  Recheck Cond: ((id >= 7604960) AND (id <= 7614959))
	  ->  Bitmap Index Scan on sbtest5_pkey  (cost=0.00..203.31 rows=9488 width=0)
	        Index Cond: ((id >= 7604960) AND (id <= 7614959))

table 6 : explain SELECT c FROM sbtest6 WHERE id BETWEEN 3917926 AND 3927925
	Bitmap Heap Scan on sbtest6  (cost=207.16..33259.34 rows=9632 width=121)
	  Recheck Cond: ((id >= 3917926) AND (id <= 3927925))
	  ->  Bitmap Index Scan on sbtest6_pkey  (cost=0.00..204.75 rows=9632 width=0)
	        Index Cond: ((id >= 3917926) AND (id <= 3927925))

table 7 : explain SELECT c FROM sbtest7 WHERE id BETWEEN 1904804 AND 1914803
	Bitmap Heap Scan on sbtest7  (cost=213.85..34081.46 rows=9894 width=121)
	  Recheck Cond: ((id >= 1904804) AND (id <= 1914803))
	  ->  Bitmap Index Scan on sbtest7_pkey  (cost=0.00..211.38 rows=9894 width=0)
	        Index Cond: ((id >= 1904804) AND (id <= 1914803))

table 8 : explain SELECT c FROM sbtest8 WHERE id BETWEEN 1446456 AND 1456455
	Bitmap Heap Scan on sbtest8  (cost=226.91..35625.73 rows=10388 width=121)
	  Recheck Cond: ((id >= 1446456) AND (id <= 1456455))
	  ->  Bitmap Index Scan on sbtest8_pkey  (cost=0.00..224.31 rows=10388 width=0)
	        Index Cond: ((id >= 1446456) AND (id <= 1456455))

for: order_ranges
table 1 : explain SELECT c FROM sbtest1 WHERE id BETWEEN 4372728 AND 4382727 ORDER BY c
	Sort  (cost=34865.12..34890.03 rows=9965 width=121)
	  Sort Key: c
	  ->  Bitmap Heap Scan on sbtest1  (cost=214.58..34203.31 rows=9965 width=121)
	        Recheck Cond: ((id >= 4372728) AND (id <= 4382727))
	        ->  Bitmap Index Scan on sbtest1_pkey  (cost=0.00..212.09 rows=9965 width=0)
	              Index Cond: ((id >= 4372728) AND (id <= 4382727))

table 2 : explain SELECT c FROM sbtest2 WHERE id BETWEEN 3347961 AND 3357960 ORDER BY c
	Sort  (cost=36983.00..37009.55 rows=10620 width=121)
	  Sort Key: c
	  ->  Bitmap Heap Scan on sbtest2  (cost=229.29..36272.82 rows=10620 width=121)
	        Recheck Cond: ((id >= 3347961) AND (id <= 3357960))
	        ->  Bitmap Index Scan on sbtest2_pkey  (cost=0.00..226.63 rows=10620 width=0)
	              Index Cond: ((id >= 3347961) AND (id <= 3357960))

table 3 : explain SELECT c FROM sbtest3 WHERE id BETWEEN 8436912 AND 8446911 ORDER BY c
	Sort  (cost=36006.54..36032.32 rows=10310 width=121)
	  Sort Key: c
	  ->  Bitmap Heap Scan on sbtest3  (cost=222.11..35319.29 rows=10310 width=121)
	        Recheck Cond: ((id >= 8436912) AND (id <= 8446911))
	        ->  Bitmap Index Scan on sbtest3_pkey  (cost=0.00..219.54 rows=10310 width=0)
	              Index Cond: ((id >= 8436912) AND (id <= 8446911))

table 4 : explain SELECT c FROM sbtest4 WHERE id BETWEEN 8873196 AND 8883195 ORDER BY c
	Sort  (cost=35036.69..35061.68 rows=9997 width=121)
	  Sort Key: c
	  ->  Bitmap Heap Scan on sbtest4  (cost=214.90..34372.52 rows=9997 width=121)
	        Recheck Cond: ((id >= 8873196) AND (id <= 8883195))
	        ->  Bitmap Index Scan on sbtest4_pkey  (cost=0.00..212.41 rows=9997 width=0)
	              Index Cond: ((id >= 8873196) AND (id <= 8883195))

table 5 : explain SELECT c FROM sbtest5 WHERE id BETWEEN 8948864 AND 8958863 ORDER BY c
	Sort  (cost=34576.54..34601.17 rows=9851 width=121)
	  Sort Key: c
	  ->  Bitmap Heap Scan on sbtest5  (cost=213.41..33923.12 rows=9851 width=121)
	        Recheck Cond: ((id >= 8948864) AND (id <= 8958863))
	        ->  Bitmap Index Scan on sbtest5_pkey  (cost=0.00..210.94 rows=9851 width=0)
	              Index Cond: ((id >= 8948864) AND (id <= 8958863))

table 6 : explain SELECT c FROM sbtest6 WHERE id BETWEEN 1822557 AND 1832556 ORDER BY c
	Sort  (cost=31829.96..31852.44 rows=8992 width=121)
	  Sort Key: c
	  ->  Bitmap Heap Scan on sbtest6  (cost=192.60..31239.43 rows=8992 width=121)
	        Recheck Cond: ((id >= 1822557) AND (id <= 1832556))
	        ->  Bitmap Index Scan on sbtest6_pkey  (cost=0.00..190.36 rows=8992 width=0)
	              Index Cond: ((id >= 1822557) AND (id <= 1832556))

table 7 : explain SELECT c FROM sbtest7 WHERE id BETWEEN 8574237 AND 8584236 ORDER BY c
	Sort  (cost=32555.05..32578.09 rows=9216 width=121)
	  Sort Key: c
	  ->  Bitmap Heap Scan on sbtest7  (cost=198.90..31948.18 rows=9216 width=121)
	        Recheck Cond: ((id >= 8574237) AND (id <= 8584236))
	        ->  Bitmap Index Scan on sbtest7_pkey  (cost=0.00..196.59 rows=9216 width=0)
	              Index Cond: ((id >= 8574237) AND (id <= 8584236))

table 8 : explain SELECT c FROM sbtest8 WHERE id BETWEEN 627246 AND 637245 ORDER BY c
	Sort  (cost=36908.17..36934.61 rows=10574 width=121)
	  Sort Key: c
	  ->  Bitmap Heap Scan on sbtest8  (cost=228.82..36201.39 rows=10574 width=121)
	        Recheck Cond: ((id >= 627246) AND (id <= 637245))
	        ->  Bitmap Index Scan on sbtest8_pkey  (cost=0.00..226.18 rows=10574 width=0)
	              Index Cond: ((id >= 627246) AND (id <= 637245))

for: simple_ranges
table 1 : explain SELECT c FROM sbtest1 WHERE id BETWEEN 2967323 AND 2977322
	Bitmap Heap Scan on sbtest1  (cost=209.11..33756.53 rows=9822 width=121)
	  Recheck Cond: ((id >= 2967323) AND (id <= 2977322))
	  ->  Bitmap Index Scan on sbtest1_pkey  (cost=0.00..206.66 rows=9822 width=0)
	        Index Cond: ((id >= 2967323) AND (id <= 2977322))

table 2 : explain SELECT c FROM sbtest2 WHERE id BETWEEN 4719404 AND 4729403
	Bitmap Heap Scan on sbtest2  (cost=192.90..31273.88 rows=9021 width=121)
	  Recheck Cond: ((id >= 4719404) AND (id <= 4729403))
	  ->  Bitmap Index Scan on sbtest2_pkey  (cost=0.00..190.65 rows=9021 width=0)
	        Index Cond: ((id >= 4719404) AND (id <= 4729403))

table 3 : explain SELECT c FROM sbtest3 WHERE id BETWEEN 6682422 AND 6692421
	Bitmap Heap Scan on sbtest3  (cost=223.14..35626.05 rows=10410 width=121)
	  Recheck Cond: ((id >= 6682422) AND (id <= 6692421))
	  ->  Bitmap Index Scan on sbtest3_pkey  (cost=0.00..220.54 rows=10410 width=0)
	        Index Cond: ((id >= 6682422) AND (id <= 6692421))

table 4 : explain SELECT c FROM sbtest4 WHERE id BETWEEN 2793912 AND 2803911
	Bitmap Heap Scan on sbtest4  (cost=216.70..34918.18 rows=10172 width=121)
	  Recheck Cond: ((id >= 2793912) AND (id <= 2803911))
	  ->  Bitmap Index Scan on sbtest4_pkey  (cost=0.00..214.16 rows=10172 width=0)
	        Index Cond: ((id >= 2793912) AND (id <= 2803911))

table 5 : explain SELECT c FROM sbtest5 WHERE id BETWEEN 6065148 AND 6075147
	Bitmap Heap Scan on sbtest5  (cost=198.90..31926.99 rows=9216 width=121)
	  Recheck Cond: ((id >= 6065148) AND (id <= 6075147))
	  ->  Bitmap Index Scan on sbtest5_pkey  (cost=0.00..196.59 rows=9216 width=0)
	        Index Cond: ((id >= 6065148) AND (id <= 6075147))

table 6 : explain SELECT c FROM sbtest6 WHERE id BETWEEN 612113 AND 622112
	Bitmap Heap Scan on sbtest6  (cost=207.21..33275.49 rows=9637 width=121)
	  Recheck Cond: ((id >= 612113) AND (id <= 622112))
	  ->  Bitmap Index Scan on sbtest6_pkey  (cost=0.00..204.81 rows=9637 width=0)
	        Index Cond: ((id >= 612113) AND (id <= 622112))

table 7 : explain SELECT c FROM sbtest7 WHERE id BETWEEN 6765095 AND 6775094
	Bitmap Heap Scan on sbtest7  (cost=204.94..32578.38 rows=9415 width=121)
	  Recheck Cond: ((id >= 6765095) AND (id <= 6775094))
	  ->  Bitmap Index Scan on sbtest7_pkey  (cost=0.00..202.59 rows=9415 width=0)
	        Index Cond: ((id >= 6765095) AND (id <= 6775094))

table 8 : explain SELECT c FROM sbtest8 WHERE id BETWEEN 8824575 AND 8834574
	Bitmap Heap Scan on sbtest8  (cost=211.82..33463.38 rows=9696 width=121)
	  Recheck Cond: ((id >= 8824575) AND (id <= 8834574))
	  ->  Bitmap Index Scan on sbtest8_pkey  (cost=0.00..209.40 rows=9696 width=0)
	        Index Cond: ((id >= 8824575) AND (id <= 8834574))

for: sum_ranges
table 1 : explain SELECT SUM(k) FROM sbtest1 WHERE id BETWEEN 5649958 AND 5659957
	Aggregate  (cost=34334.07..34334.08 rows=1 width=8)
	  ->  Bitmap Heap Scan on sbtest1  (cost=214.92..34309.07 rows=9999 width=4)
	        Recheck Cond: ((id >= 5649958) AND (id <= 5659957))
	        ->  Bitmap Index Scan on sbtest1_pkey  (cost=0.00..212.43 rows=9999 width=0)
	              Index Cond: ((id >= 5649958) AND (id <= 5659957))

table 2 : explain SELECT SUM(k) FROM sbtest2 WHERE id BETWEEN 6985559 AND 6995558
	Aggregate  (cost=33418.67..33418.68 rows=1 width=8)
	  ->  Bitmap Heap Scan on sbtest2  (cost=207.81..33394.43 rows=9695 width=4)
	        Recheck Cond: ((id >= 6985559) AND (id <= 6995558))
	        ->  Bitmap Index Scan on sbtest2_pkey  (cost=0.00..205.38 rows=9695 width=0)
	              Index Cond: ((id >= 6985559) AND (id <= 6995558))

table 3 : explain SELECT SUM(k) FROM sbtest3 WHERE id BETWEEN 2659126 AND 2669125
	Aggregate  (cost=31160.16..31160.17 rows=1 width=8)
	  ->  Bitmap Heap Scan on sbtest3  (cost=192.44..31137.72 rows=8976 width=4)
	        Recheck Cond: ((id >= 2659126) AND (id <= 2669125))
	        ->  Bitmap Index Scan on sbtest3_pkey  (cost=0.00..190.19 rows=8976 width=0)
	              Index Cond: ((id >= 2659126) AND (id <= 2669125))

table 4 : explain SELECT SUM(k) FROM sbtest4 WHERE id BETWEEN 3208621 AND 3218620
	Aggregate  (cost=35293.95..35293.96 rows=1 width=8)
	  ->  Bitmap Heap Scan on sbtest4  (cost=221.85..35268.24 rows=10284 width=4)
	        Recheck Cond: ((id >= 3208621) AND (id <= 3218620))
	        ->  Bitmap Index Scan on sbtest4_pkey  (cost=0.00..219.28 rows=10284 width=0)
	              Index Cond: ((id >= 3208621) AND (id <= 3218620))

table 5 : explain SELECT SUM(k) FROM sbtest5 WHERE id BETWEEN 7472599 AND 7482598
	Aggregate  (cost=34408.11..34408.12 rows=1 width=8)
	  ->  Bitmap Heap Scan on sbtest5  (cost=214.91..34383.12 rows=9998 width=4)
	        Recheck Cond: ((id >= 7472599) AND (id <= 7482598))
	        ->  Bitmap Index Scan on sbtest5_pkey  (cost=0.00..212.42 rows=9998 width=0)
	              Index Cond: ((id >= 7472599) AND (id <= 7482598))

table 6 : explain SELECT SUM(k) FROM sbtest6 WHERE id BETWEEN 8910267 AND 8920266
	Aggregate  (cost=33616.33..33616.34 rows=1 width=8)
	  ->  Bitmap Heap Scan on sbtest6  (cost=208.25..33591.99 rows=9738 width=4)
	        Recheck Cond: ((id >= 8910267) AND (id <= 8920266))
	        ->  Bitmap Index Scan on sbtest6_pkey  (cost=0.00..205.81 rows=9738 width=0)
	              Index Cond: ((id >= 8910267) AND (id <= 8920266))

table 7 : explain SELECT SUM(k) FROM sbtest7 WHERE id BETWEEN 6164182 AND 6174181
	Aggregate  (cost=36928.92..36928.93 rows=1 width=8)
	  ->  Bitmap Heap Scan on sbtest7  (cost=231.16..36901.92 rows=10802 width=4)
	        Recheck Cond: ((id >= 6164182) AND (id <= 6174181))
	        ->  Bitmap Index Scan on sbtest7_pkey  (cost=0.00..228.45 rows=10802 width=0)
	              Index Cond: ((id >= 6164182) AND (id <= 6174181))

table 8 : explain SELECT SUM(k) FROM sbtest8 WHERE id BETWEEN 9530568 AND 9540567
	Aggregate  (cost=34800.33..34800.34 rows=1 width=8)
	  ->  Bitmap Heap Scan on sbtest8  (cost=220.11..34775.04 rows=10115 width=4)
	        Recheck Cond: ((id >= 9530568) AND (id <= 9540567))
	        ->  Bitmap Index Scan on sbtest8_pkey  (cost=0.00..217.59 rows=10115 width=0)
	              Index Cond: ((id >= 9530568) AND (id <= 9540567))

for: simple_ranges
table 1 : explain SELECT c FROM sbtest1 WHERE id BETWEEN 6813175 AND 6823174
	Bitmap Heap Scan on sbtest1  (cost=216.78..34869.17 rows=10180 width=121)
	  Recheck Cond: ((id >= 6813175) AND (id <= 6823174))
	  ->  Bitmap Index Scan on sbtest1_pkey  (cost=0.00..214.24 rows=10180 width=0)
	        Index Cond: ((id >= 6813175) AND (id <= 6823174))

table 2 : explain SELECT c FROM sbtest2 WHERE id BETWEEN 4925837 AND 4935836
	Bitmap Heap Scan on sbtest2  (cost=221.01..34979.02 rows=10202 width=121)
	  Recheck Cond: ((id >= 4925837) AND (id <= 4935836))
	  ->  Bitmap Index Scan on sbtest2_pkey  (cost=0.00..218.45 rows=10202 width=0)
	        Index Cond: ((id >= 4925837) AND (id <= 4935836))

table 3 : explain SELECT c FROM sbtest3 WHERE id BETWEEN 2033871 AND 2043870
	Bitmap Heap Scan on sbtest3  (cost=231.44..36923.18 rows=10830 width=121)
	  Recheck Cond: ((id >= 2033871) AND (id <= 2043870))
	  ->  Bitmap Index Scan on sbtest3_pkey  (cost=0.00..228.74 rows=10830 width=0)
	        Index Cond: ((id >= 2033871) AND (id <= 2043870))

table 4 : explain SELECT c FROM sbtest4 WHERE id BETWEEN 4127301 AND 4137300
	Bitmap Heap Scan on sbtest4  (cost=215.99..34703.27 rows=10103 width=121)
	  Recheck Cond: ((id >= 4127301) AND (id <= 4137300))
	  ->  Bitmap Index Scan on sbtest4_pkey  (cost=0.00..213.47 rows=10103 width=0)
	        Index Cond: ((id >= 4127301) AND (id <= 4137300))

table 5 : explain SELECT c FROM sbtest5 WHERE id BETWEEN 5367421 AND 5377420
	Bitmap Heap Scan on sbtest5  (cost=220.79..34955.34 rows=10181 width=121)
	  Recheck Cond: ((id >= 5367421) AND (id <= 5377420))
	  ->  Bitmap Index Scan on sbtest5_pkey  (cost=0.00..218.25 rows=10181 width=0)
	        Index Cond: ((id >= 5367421) AND (id <= 5377420))

table 6 : explain SELECT c FROM sbtest6 WHERE id BETWEEN 6272415 AND 6282414
	Bitmap Heap Scan on sbtest6  (cost=229.84..36511.36 rows=10674 width=121)
	  Recheck Cond: ((id >= 6272415) AND (id <= 6282414))
	  ->  Bitmap Index Scan on sbtest6_pkey  (cost=0.00..227.18 rows=10674 width=0)
	        Index Cond: ((id >= 6272415) AND (id <= 6282414))

table 7 : explain SELECT c FROM sbtest7 WHERE id BETWEEN 7563433 AND 7573432
	Bitmap Heap Scan on sbtest7  (cost=221.10..35072.40 rows=10211 width=121)
	  Recheck Cond: ((id >= 7563433) AND (id <= 7573432))
	  ->  Bitmap Index Scan on sbtest7_pkey  (cost=0.00..218.55 rows=10211 width=0)
	        Index Cond: ((id >= 7563433) AND (id <= 7573432))

table 8 : explain SELECT c FROM sbtest8 WHERE id BETWEEN 9486124 AND 9496123
	Bitmap Heap Scan on sbtest8  (cost=219.14..34479.32 rows=10020 width=121)
	  Recheck Cond: ((id >= 9486124) AND (id <= 9496123))
	  ->  Bitmap Index Scan on sbtest8_pkey  (cost=0.00..216.63 rows=10020 width=0)
	        Index Cond: ((id >= 9486124) AND (id <= 9496123))

for: distinct_ranges
table 1 : explain SELECT DISTINCT c FROM sbtest1 WHERE id BETWEEN 4551103 AND 4561102 ORDER BY c
	Unique  (cost=34615.65..34665.08 rows=9887 width=121)
	  ->  Sort  (cost=34615.65..34640.37 rows=9887 width=121)
	        Sort Key: c
	        ->  Bitmap Heap Scan on sbtest1  (cost=213.78..33959.58 rows=9887 width=121)
	              Recheck Cond: ((id >= 4551103) AND (id <= 4561102))
	              ->  Bitmap Index Scan on sbtest1_pkey  (cost=0.00..211.31 rows=9887 width=0)
	                    Index Cond: ((id >= 4551103) AND (id <= 4561102))

table 2 : explain SELECT DISTINCT c FROM sbtest2 WHERE id BETWEEN 9820718 AND 9830717 ORDER BY c
	Unique  (cost=32826.18..32872.77 rows=9318 width=121)
	  ->  Sort  (cost=32826.18..32849.48 rows=9318 width=121)
	        Sort Key: c
	        ->  Bitmap Heap Scan on sbtest2  (cost=199.94..32211.85 rows=9318 width=121)
	              Recheck Cond: ((id >= 9820718) AND (id <= 9830717))
	              ->  Bitmap Index Scan on sbtest2_pkey  (cost=0.00..197.62 rows=9318 width=0)
	                    Index Cond: ((id >= 9820718) AND (id <= 9830717))

table 3 : explain SELECT DISTINCT c FROM sbtest3 WHERE id BETWEEN 958698 AND 968697 ORDER BY c
	Unique  (cost=31833.51..31878.56 rows=9009 width=121)
	  ->  Sort  (cost=31833.51..31856.03 rows=9009 width=121)
	        Sort Key: c
	        ->  Bitmap Heap Scan on sbtest3  (cost=192.78..31241.75 rows=9009 width=121)
	              Recheck Cond: ((id >= 958698) AND (id <= 968697))
	              ->  Bitmap Index Scan on sbtest3_pkey  (cost=0.00..190.53 rows=9009 width=0)
	                    Index Cond: ((id >= 958698) AND (id <= 968697))

table 4 : explain SELECT DISTINCT c FROM sbtest4 WHERE id BETWEEN 2903871 AND 2913870 ORDER BY c
	Unique  (cost=33432.51..33479.99 rows=9496 width=121)
	  ->  Sort  (cost=33432.51..33456.25 rows=9496 width=121)
	        Sort Key: c
	        ->  Bitmap Heap Scan on sbtest4  (cost=205.77..32805.15 rows=9496 width=121)
	              Recheck Cond: ((id >= 2903871) AND (id <= 2913870))
	              ->  Bitmap Index Scan on sbtest4_pkey  (cost=0.00..203.40 rows=9496 width=0)
	                    Index Cond: ((id >= 2903871) AND (id <= 2913870))

table 5 : explain SELECT DISTINCT c FROM sbtest5 WHERE id BETWEEN 624515 AND 634514 ORDER BY c
	Unique  (cost=34596.30..34645.58 rows=9857 width=121)
	  ->  Sort  (cost=34596.30..34620.94 rows=9857 width=121)
	        Sort Key: c
	        ->  Bitmap Heap Scan on sbtest5  (cost=213.47..33942.44 rows=9857 width=121)
	              Recheck Cond: ((id >= 624515) AND (id <= 634514))
	              ->  Bitmap Index Scan on sbtest5_pkey  (cost=0.00..211.00 rows=9857 width=0)
	                    Index Cond: ((id >= 624515) AND (id <= 634514))

table 6 : explain SELECT DISTINCT c FROM sbtest6 WHERE id BETWEEN 1543320 AND 1553319 ORDER BY c
	Unique  (cost=36118.25..36169.88 rows=10326 width=121)
	  ->  Sort  (cost=36118.25..36144.07 rows=10326 width=121)
	        Sort Key: c
	        ->  Bitmap Heap Scan on sbtest6  (cost=222.28..35429.82 rows=10326 width=121)
	              Recheck Cond: ((id >= 1543320) AND (id <= 1553319))
	              ->  Bitmap Index Scan on sbtest6_pkey  (cost=0.00..219.69 rows=10326 width=0)
	                    Index Cond: ((id >= 1543320) AND (id <= 1553319))

table 7 : explain SELECT DISTINCT c FROM sbtest7 WHERE id BETWEEN 9702054 AND 9712053 ORDER BY c
	Unique  (cost=37530.97..37584.83 rows=10772 width=121)
	  ->  Sort  (cost=37530.97..37557.90 rows=10772 width=121)
	        Sort Key: c
	        ->  Bitmap Heap Scan on sbtest7  (cost=230.85..36809.52 rows=10772 width=121)
	              Recheck Cond: ((id >= 9702054) AND (id <= 9712053))
	              ->  Bitmap Index Scan on sbtest7_pkey  (cost=0.00..228.16 rows=10772 width=0)
	                    Index Cond: ((id >= 9702054) AND (id <= 9712053))

table 8 : explain SELECT DISTINCT c FROM sbtest8 WHERE id BETWEEN 5838490 AND 5848489 ORDER BY c
	Unique  (cost=36626.70..36679.13 rows=10485 width=121)
	  ->  Sort  (cost=36626.70..36652.91 rows=10485 width=121)
	        Sort Key: c
	        ->  Bitmap Heap Scan on sbtest8  (cost=227.91..35926.51 rows=10485 width=121)
	              Recheck Cond: ((id >= 5838490) AND (id <= 5848489))
	              ->  Bitmap Index Scan on sbtest8_pkey  (cost=0.00..225.29 rows=10485 width=0)
	                    Index Cond: ((id >= 5838490) AND (id <= 5848489))

explain: for point_selects :: explain SELECT c FROM sbtest%u WHERE id=%u
for: simple_ranges
table 1 : explain SELECT c FROM sbtest1 WHERE id BETWEEN 3886298 AND 3896297
	Bitmap Heap Scan on sbtest1  (cost=222.86..35498.98 rows=10383 width=121)
	  Recheck Cond: ((id >= 3886298) AND (id <= 3896297))
	  ->  Bitmap Index Scan on sbtest1_pkey  (cost=0.00..220.26 rows=10383 width=0)
	        Index Cond: ((id >= 3886298) AND (id <= 3896297))

table 2 : explain SELECT c FROM sbtest2 WHERE id BETWEEN 8838398 AND 8848397
	Bitmap Heap Scan on sbtest2  (cost=208.60..33635.90 rows=9772 width=121)
	  Recheck Cond: ((id >= 8838398) AND (id <= 8848397))
	  ->  Bitmap Index Scan on sbtest2_pkey  (cost=0.00..206.16 rows=9772 width=0)
	        Index Cond: ((id >= 8838398) AND (id <= 8848397))

table 3 : explain SELECT c FROM sbtest3 WHERE id BETWEEN 4899242 AND 4909241
	Bitmap Heap Scan on sbtest3  (cost=230.05..36503.49 rows=10694 width=121)
	  Recheck Cond: ((id >= 4899242) AND (id <= 4909241))
	  ->  Bitmap Index Scan on sbtest3_pkey  (cost=0.00..227.38 rows=10694 width=0)
	        Index Cond: ((id >= 4899242) AND (id <= 4909241))

table 4 : explain SELECT c FROM sbtest4 WHERE id BETWEEN 282820 AND 292819
	Bitmap Heap Scan on sbtest4  (cost=200.47..32403.09 rows=9369 width=121)
	  Recheck Cond: ((id >= 282820) AND (id <= 292819))
	  ->  Bitmap Index Scan on sbtest4_pkey  (cost=0.00..198.12 rows=9369 width=0)
	        Index Cond: ((id >= 282820) AND (id <= 292819))

table 5 : explain SELECT c FROM sbtest5 WHERE id BETWEEN 367092 AND 377091
	Bitmap Heap Scan on sbtest5  (cost=208.48..33635.62 rows=9760 width=121)
	  Recheck Cond: ((id >= 367092) AND (id <= 377091))
	  ->  Bitmap Index Scan on sbtest5_pkey  (cost=0.00..206.04 rows=9760 width=0)
	        Index Cond: ((id >= 367092) AND (id <= 377091))

table 6 : explain SELECT c FROM sbtest6 WHERE id BETWEEN 9674288 AND 9684287
	Bitmap Heap Scan on sbtest6  (cost=208.40..33640.39 rows=9753 width=121)
	  Recheck Cond: ((id >= 9674288) AND (id <= 9684287))
	  ->  Bitmap Index Scan on sbtest6_pkey  (cost=0.00..205.97 rows=9753 width=0)
	        Index Cond: ((id >= 9674288) AND (id <= 9684287))

table 7 : explain SELECT c FROM sbtest7 WHERE id BETWEEN 2804740 AND 2814739
	Bitmap Heap Scan on sbtest7  (cost=214.45..34265.00 rows=9953 width=121)
	  Recheck Cond: ((id >= 2804740) AND (id <= 2814739))
	  ->  Bitmap Index Scan on sbtest7_pkey  (cost=0.00..211.97 rows=9953 width=0)
	        Index Cond: ((id >= 2804740) AND (id <= 2814739))

table 8 : explain SELECT c FROM sbtest8 WHERE id BETWEEN 2847928 AND 2857927
	Bitmap Heap Scan on sbtest8  (cost=219.99..34739.68 rows=10103 width=121)
	  Recheck Cond: ((id >= 2847928) AND (id <= 2857927))
	  ->  Bitmap Index Scan on sbtest8_pkey  (cost=0.00..217.47 rows=10103 width=0)
	        Index Cond: ((id >= 2847928) AND (id <= 2857927))

explain: for point_selects :: explain SELECT c FROM sbtest%u WHERE id=%u
for point_selects
table 1 : explain SELECT c FROM sbtest1 WHERE id=3467027
	Index Scan using sbtest1_pkey on sbtest1  (cost=0.43..8.45 rows=1 width=121)
	  Index Cond: (id = 3467027)

table 2 : explain SELECT c FROM sbtest2 WHERE id=4079992
	Index Scan using sbtest2_pkey on sbtest2  (cost=0.43..8.45 rows=1 width=121)
	  Index Cond: (id = 4079992)

table 3 : explain SELECT c FROM sbtest3 WHERE id=9136519
	Index Scan using sbtest3_pkey on sbtest3  (cost=0.43..8.45 rows=1 width=121)
	  Index Cond: (id = 9136519)

table 4 : explain SELECT c FROM sbtest4 WHERE id=8052753
	Index Scan using sbtest4_pkey on sbtest4  (cost=0.43..8.45 rows=1 width=121)
	  Index Cond: (id = 8052753)

table 5 : explain SELECT c FROM sbtest5 WHERE id=8354032
	Index Scan using sbtest5_pkey on sbtest5  (cost=0.43..8.45 rows=1 width=121)
	  Index Cond: (id = 8354032)

table 6 : explain SELECT c FROM sbtest6 WHERE id=3746489
	Index Scan using sbtest6_pkey on sbtest6  (cost=0.43..8.45 rows=1 width=121)
	  Index Cond: (id = 3746489)

table 7 : explain SELECT c FROM sbtest7 WHERE id=5561900
	Index Scan using sbtest7_pkey on sbtest7  (cost=0.43..8.45 rows=1 width=121)
	  Index Cond: (id = 5561900)

table 8 : explain SELECT c FROM sbtest8 WHERE id=4692019
	Index Scan using sbtest8_pkey on sbtest8  (cost=0.43..8.45 rows=1 width=121)
	  Index Cond: (id = 4692019)

for: order_ranges
table 1 : explain SELECT c FROM sbtest1 WHERE id BETWEEN 4789594 AND 4799593 ORDER BY c
	Sort  (cost=35770.11..35795.74 rows=10250 width=121)
	  Sort Key: c
	  ->  Bitmap Heap Scan on sbtest1  (cost=221.50..35087.29 rows=10250 width=121)
	        Recheck Cond: ((id >= 4789594) AND (id <= 4799593))
	        ->  Bitmap Index Scan on sbtest1_pkey  (cost=0.00..218.94 rows=10250 width=0)
	              Index Cond: ((id >= 4789594) AND (id <= 4799593))

table 2 : explain SELECT c FROM sbtest2 WHERE id BETWEEN 3955789 AND 3965788 ORDER BY c
	Sort  (cost=34062.74..34087.00 rows=9703 width=121)
	  Sort Key: c
	  ->  Bitmap Heap Scan on sbtest2  (cost=207.89..33420.20 rows=9703 width=121)
	        Recheck Cond: ((id >= 3955789) AND (id <= 3965788))
	        ->  Bitmap Index Scan on sbtest2_pkey  (cost=0.00..205.47 rows=9703 width=0)
	              Index Cond: ((id >= 3955789) AND (id <= 3965788))

table 3 : explain SELECT c FROM sbtest3 WHERE id BETWEEN 8973584 AND 8983583 ORDER BY c
	Sort  (cost=35248.54..35273.72 rows=10072 width=121)
	  Sort Key: c
	  ->  Bitmap Heap Scan on sbtest3  (cost=215.67..34578.85 rows=10072 width=121)
	        Recheck Cond: ((id >= 8973584) AND (id <= 8983583))
	        ->  Bitmap Index Scan on sbtest3_pkey  (cost=0.00..213.16 rows=10072 width=0)
	              Index Cond: ((id >= 8973584) AND (id <= 8983583))

table 4 : explain SELECT c FROM sbtest4 WHERE id BETWEEN 6554230 AND 6564229 ORDER BY c
	Sort  (cost=33594.56..33618.42 rows=9546 width=121)
	  Sort Key: c
	  ->  Bitmap Heap Scan on sbtest4  (cost=206.28..32963.53 rows=9546 width=121)
	        Recheck Cond: ((id >= 6554230) AND (id <= 6564229))
	        ->  Bitmap Index Scan on sbtest4_pkey  (cost=0.00..203.90 rows=9546 width=0)
	              Index Cond: ((id >= 6554230) AND (id <= 6564229))

table 5 : explain SELECT c FROM sbtest5 WHERE id BETWEEN 361695 AND 371694 ORDER BY c
	Sort  (cost=34282.35..34306.75 rows=9760 width=121)
	  Sort Key: c
	  ->  Bitmap Heap Scan on sbtest5  (cost=208.48..33635.62 rows=9760 width=121)
	        Recheck Cond: ((id >= 361695) AND (id <= 371694))
	        ->  Bitmap Index Scan on sbtest5_pkey  (cost=0.00..206.04 rows=9760 width=0)
	              Index Cond: ((id >= 361695) AND (id <= 371694))

table 6 : explain SELECT c FROM sbtest6 WHERE id BETWEEN 195616 AND 205615 ORDER BY c
	Sort  (cost=31205.94..31227.94 rows=8800 width=121)
	  Sort Key: c
	  ->  Bitmap Heap Scan on sbtest6  (cost=190.63..30629.40 rows=8800 width=121)
	        Recheck Cond: ((id >= 195616) AND (id <= 205615))
	        ->  Bitmap Index Scan on sbtest6_pkey  (cost=0.00..188.44 rows=8800 width=0)
	              Index Cond: ((id >= 195616) AND (id <= 205615))

table 7 : explain SELECT c FROM sbtest7 WHERE id BETWEEN 5413039 AND 5423038 ORDER BY c
	Sort  (cost=35051.07..35076.05 rows=9992 width=121)
	  Sort Key: c
	  ->  Bitmap Heap Scan on sbtest7  (cost=214.85..34387.27 rows=9992 width=121)
	        Recheck Cond: ((id >= 5413039) AND (id <= 5423038))
	        ->  Bitmap Index Scan on sbtest7_pkey  (cost=0.00..212.36 rows=9992 width=0)
	              Index Cond: ((id >= 5413039) AND (id <= 5423038))

table 8 : explain SELECT c FROM sbtest8 WHERE id BETWEEN 8149456 AND 8159455 ORDER BY c
	Sort  (cost=34316.84..34341.25 rows=9762 width=121)
	  Sort Key: c
	  ->  Bitmap Heap Scan on sbtest8  (cost=212.50..33669.97 rows=9762 width=121)
	        Recheck Cond: ((id >= 8149456) AND (id <= 8159455))
	        ->  Bitmap Index Scan on sbtest8_pkey  (cost=0.00..210.06 rows=9762 width=0)
	              Index Cond: ((id >= 8149456) AND (id <= 8159455))

for: sum_ranges
table 1 : explain SELECT SUM(k) FROM sbtest1 WHERE id BETWEEN 9492461 AND 9502460
	Aggregate  (cost=33082.67..33082.68 rows=1 width=8)
	  ->  Bitmap Heap Scan on sbtest1  (cost=206.81..33058.68 rows=9598 width=4)
	        Recheck Cond: ((id >= 9492461) AND (id <= 9502460))
	        ->  Bitmap Index Scan on sbtest1_pkey  (cost=0.00..204.42 rows=9598 width=0)
	              Index Cond: ((id >= 9492461) AND (id <= 9502460))

table 2 : explain SELECT SUM(k) FROM sbtest2 WHERE id BETWEEN 1848461 AND 1858460
	Aggregate  (cost=35148.65..35148.66 rows=1 width=8)
	  ->  Bitmap Heap Scan on sbtest2  (cost=221.49..35123.02 rows=10249 width=4)
	        Recheck Cond: ((id >= 1848461) AND (id <= 1858460))
	        ->  Bitmap Index Scan on sbtest2_pkey  (cost=0.00..218.93 rows=10249 width=0)
	              Index Cond: ((id >= 1848461) AND (id <= 1858460))

table 3 : explain SELECT SUM(k) FROM sbtest3 WHERE id BETWEEN 8119365 AND 8129364
	Aggregate  (cost=31482.12..31482.13 rows=1 width=8)
	  ->  Bitmap Heap Scan on sbtest3  (cost=193.48..31459.42 rows=9078 width=4)
	        Recheck Cond: ((id >= 8119365) AND (id <= 8129364))
	        ->  Bitmap Index Scan on sbtest3_pkey  (cost=0.00..191.22 rows=9078 width=0)
	              Index Cond: ((id >= 8119365) AND (id <= 8129364))

table 4 : explain SELECT SUM(k) FROM sbtest4 WHERE id BETWEEN 3686571 AND 3696570
	Aggregate  (cost=34252.74..34252.75 rows=1 width=8)
	  ->  Bitmap Heap Scan on sbtest4  (cost=214.42..34227.87 rows=9950 width=4)
	        Recheck Cond: ((id >= 3686571) AND (id <= 3696570))
	        ->  Bitmap Index Scan on sbtest4_pkey  (cost=0.00..211.94 rows=9950 width=0)
	              Index Cond: ((id >= 3686571) AND (id <= 3696570))

table 5 : explain SELECT SUM(k) FROM sbtest5 WHERE id BETWEEN 977199 AND 987198
	Aggregate  (cost=34929.45..34929.46 rows=1 width=8)
	  ->  Bitmap Heap Scan on sbtest5  (cost=220.63..34904.04 rows=10165 width=4)
	        Recheck Cond: ((id >= 977199) AND (id <= 987198))
	        ->  Bitmap Index Scan on sbtest5_pkey  (cost=0.00..218.09 rows=10165 width=0)
	              Index Cond: ((id >= 977199) AND (id <= 987198))

table 6 : explain SELECT SUM(k) FROM sbtest6 WHERE id BETWEEN 7377066 AND 7387065
	Aggregate  (cost=35109.05..35109.06 rows=1 width=8)
	  ->  Bitmap Heap Scan on sbtest6  (cost=221.13..35083.51 rows=10214 width=4)
	        Recheck Cond: ((id >= 7377066) AND (id <= 7387065))
	        ->  Bitmap Index Scan on sbtest6_pkey  (cost=0.00..218.57 rows=10214 width=0)
	              Index Cond: ((id >= 7377066) AND (id <= 7387065))

table 7 : explain SELECT SUM(k) FROM sbtest7 WHERE id BETWEEN 5597141 AND 5607140
	Aggregate  (cost=32815.87..32815.88 rows=1 width=8)
	  ->  Bitmap Heap Scan on sbtest7  (cost=205.64..32792.16 rows=9483 width=4)
	        Recheck Cond: ((id >= 5597141) AND (id <= 5607140))
	        ->  Bitmap Index Scan on sbtest7_pkey  (cost=0.00..203.26 rows=9483 width=0)
	              Index Cond: ((id >= 5597141) AND (id <= 5607140))

table 8 : explain SELECT SUM(k) FROM sbtest8 WHERE id BETWEEN 4165572 AND 4175571
	Aggregate  (cost=32661.36..32661.37 rows=1 width=8)
	  ->  Bitmap Heap Scan on sbtest8  (cost=205.12..32637.78 rows=9433 width=4)
	        Recheck Cond: ((id >= 4165572) AND (id <= 4175571))
	        ->  Bitmap Index Scan on sbtest8_pkey  (cost=0.00..202.76 rows=9433 width=0)
	              Index Cond: ((id >= 4165572) AND (id <= 4175571))

for: distinct_ranges
table 1 : explain SELECT DISTINCT c FROM sbtest1 WHERE id BETWEEN 4985810 AND 4995809 ORDER BY c
	Unique  (cost=33591.31..33639.14 rows=9566 width=121)
	  ->  Sort  (cost=33591.31..33615.22 rows=9566 width=121)
	        Sort Key: c
	        ->  Bitmap Heap Scan on sbtest1  (cost=206.49..32958.82 rows=9566 width=121)
	              Recheck Cond: ((id >= 4985810) AND (id <= 4995809))
	              ->  Bitmap Index Scan on sbtest1_pkey  (cost=0.00..204.09 rows=9566 width=0)
	                    Index Cond: ((id >= 4985810) AND (id <= 4995809))

table 2 : explain SELECT DISTINCT c FROM sbtest2 WHERE id BETWEEN 4793554 AND 4803553 ORDER BY c
	Unique  (cost=31866.52..31911.62 rows=9021 width=121)
	  ->  Sort  (cost=31866.52..31889.07 rows=9021 width=121)
	        Sort Key: c
	        ->  Bitmap Heap Scan on sbtest2  (cost=192.90..31273.88 rows=9021 width=121)
	              Recheck Cond: ((id >= 4793554) AND (id <= 4803553))
	              ->  Bitmap Index Scan on sbtest2_pkey  (cost=0.00..190.65 rows=9021 width=0)
	                    Index Cond: ((id >= 4793554) AND (id <= 4803553))

table 3 : explain SELECT DISTINCT c FROM sbtest3 WHERE id BETWEEN 3234261 AND 3244260 ORDER BY c
	Unique  (cost=32876.33..32922.99 rows=9332 width=121)
	  ->  Sort  (cost=32876.33..32899.66 rows=9332 width=121)
	        Sort Key: c
	        ->  Bitmap Heap Scan on sbtest3  (cost=200.09..32260.98 rows=9332 width=121)
	              Recheck Cond: ((id >= 3234261) AND (id <= 3244260))
	              ->  Bitmap Index Scan on sbtest3_pkey  (cost=0.00..197.75 rows=9332 width=0)
	                    Index Cond: ((id >= 3234261) AND (id <= 3244260))

table 4 : explain SELECT DISTINCT c FROM sbtest4 WHERE id BETWEEN 5591238 AND 5601237 ORDER BY c
	Unique  (cost=32871.91..32918.52 rows=9322 width=121)
	  ->  Sort  (cost=32871.91..32895.21 rows=9322 width=121)
	        Sort Key: c
	        ->  Bitmap Heap Scan on sbtest4  (cost=199.99..32257.29 rows=9322 width=121)
	              Recheck Cond: ((id >= 5591238) AND (id <= 5601237))
	              ->  Bitmap Index Scan on sbtest4_pkey  (cost=0.00..197.66 rows=9322 width=0)
	                    Index Cond: ((id >= 5591238) AND (id <= 5601237))

table 5 : explain SELECT DISTINCT c FROM sbtest5 WHERE id BETWEEN 125841 AND 135840 ORDER BY c
	Unique  (cost=34757.67..34807.21 rows=9907 width=121)
	  ->  Sort  (cost=34757.67..34782.44 rows=9907 width=121)
	        Sort Key: c
	        ->  Bitmap Heap Scan on sbtest5  (cost=213.98..34100.13 rows=9907 width=121)
	              Recheck Cond: ((id >= 125841) AND (id <= 135840))
	              ->  Bitmap Index Scan on sbtest5_pkey  (cost=0.00..211.50 rows=9907 width=0)
	                    Index Cond: ((id >= 125841) AND (id <= 135840))

table 6 : explain SELECT DISTINCT c FROM sbtest6 WHERE id BETWEEN 7687291 AND 7697290 ORDER BY c
	Unique  (cost=40110.36..40168.32 rows=11592 width=121)
	  ->  Sort  (cost=40110.36..40139.34 rows=11592 width=121)
	        Sort Key: c
	        ->  Bitmap Heap Scan on sbtest6  (cost=247.25..39327.86 rows=11592 width=121)
	              Recheck Cond: ((id >= 7687291) AND (id <= 7697290))
	              ->  Bitmap Index Scan on sbtest6_pkey  (cost=0.00..244.36 rows=11592 width=0)
	                    Index Cond: ((id >= 7687291) AND (id <= 7697290))

table 7 : explain SELECT DISTINCT c FROM sbtest7 WHERE id BETWEEN 9946366 AND 9956365 ORDER BY c
	Unique  (cost=35057.65..35107.62 rows=9994 width=121)
	  ->  Sort  (cost=35057.65..35082.64 rows=9994 width=121)
	        Sort Key: c
	        ->  Bitmap Heap Scan on sbtest7  (cost=214.87..34393.71 rows=9994 width=121)
	              Recheck Cond: ((id >= 9946366) AND (id <= 9956365))
	              ->  Bitmap Index Scan on sbtest7_pkey  (cost=0.00..212.38 rows=9994 width=0)
	                    Index Cond: ((id >= 9946366) AND (id <= 9956365))

table 8 : explain SELECT DISTINCT c FROM sbtest8 WHERE id BETWEEN 9001890 AND 9011889 ORDER BY c
	Unique  (cost=35388.66..35439.14 rows=10096 width=121)
	  ->  Sort  (cost=35388.66..35413.90 rows=10096 width=121)
	        Sort Key: c
	        ->  Bitmap Heap Scan on sbtest8  (cost=219.92..34717.20 rows=10096 width=121)
	              Recheck Cond: ((id >= 9001890) AND (id <= 9011889))
	              ->  Bitmap Index Scan on sbtest8_pkey  (cost=0.00..217.40 rows=10096 width=0)
	                    Index Cond: ((id >= 9001890) AND (id <= 9011889))

for point_selects
table 1 : explain SELECT c FROM sbtest1 WHERE id=1012908
	Index Scan using sbtest1_pkey on sbtest1  (cost=0.43..8.45 rows=1 width=121)
	  Index Cond: (id = 1012908)

table 2 : explain SELECT c FROM sbtest2 WHERE id=9901431
	Index Scan using sbtest2_pkey on sbtest2  (cost=0.43..8.45 rows=1 width=121)
	  Index Cond: (id = 9901431)

table 3 : explain SELECT c FROM sbtest3 WHERE id=9961303
	Index Scan using sbtest3_pkey on sbtest3  (cost=0.43..8.45 rows=1 width=121)
	  Index Cond: (id = 9961303)

table 4 : explain SELECT c FROM sbtest4 WHERE id=4100583
	Index Scan using sbtest4_pkey on sbtest4  (cost=0.43..8.45 rows=1 width=121)
	  Index Cond: (id = 4100583)

table 5 : explain SELECT c FROM sbtest5 WHERE id=2955040
	Index Scan using sbtest5_pkey on sbtest5  (cost=0.43..8.45 rows=1 width=121)
	  Index Cond: (id = 2955040)

table 6 : explain SELECT c FROM sbtest6 WHERE id=3319057
	Index Scan using sbtest6_pkey on sbtest6  (cost=0.43..8.45 rows=1 width=121)
	  Index Cond: (id = 3319057)

table 7 : explain SELECT c FROM sbtest7 WHERE id=5857355
	Index Scan using sbtest7_pkey on sbtest7  (cost=0.43..8.45 rows=1 width=121)
	  Index Cond: (id = 5857355)

table 8 : explain SELECT c FROM sbtest8 WHERE id=6854842
	Index Scan using sbtest8_pkey on sbtest8  (cost=0.43..8.45 rows=1 width=121)
	  Index Cond: (id = 6854842)

for: sum_ranges
table 1 : explain SELECT SUM(k) FROM sbtest1 WHERE id BETWEEN 6505189 AND 6515188
	Aggregate  (cost=35958.61..35958.62 rows=1 width=8)
	  ->  Bitmap Heap Scan on sbtest1  (cost=224.31..35932.30 rows=10524 width=4)
	        Recheck Cond: ((id >= 6505189) AND (id <= 6515188))
	        ->  Bitmap Index Scan on sbtest1_pkey  (cost=0.00..221.68 rows=10524 width=0)
	              Index Cond: ((id >= 6505189) AND (id <= 6515188))

table 2 : explain SELECT SUM(k) FROM sbtest2 WHERE id BETWEEN 7821451 AND 7831450
	Aggregate  (cost=35334.27..35334.28 rows=1 width=8)
	  ->  Bitmap Heap Scan on sbtest2  (cost=222.10..35308.49 rows=10309 width=4)
	        Recheck Cond: ((id >= 7821451) AND (id <= 7831450))
	        ->  Bitmap Index Scan on sbtest2_pkey  (cost=0.00..219.53 rows=10309 width=0)
	              Index Cond: ((id >= 7821451) AND (id <= 7831450))

table 3 : explain SELECT SUM(k) FROM sbtest3 WHERE id BETWEEN 9503944 AND 9513943
	Aggregate  (cost=32760.81..32760.82 rows=1 width=8)
	  ->  Bitmap Heap Scan on sbtest3  (cost=205.64..32737.10 rows=9483 width=4)
	        Recheck Cond: ((id >= 9503944) AND (id <= 9513943))
	        ->  Bitmap Index Scan on sbtest3_pkey  (cost=0.00..203.26 rows=9483 width=0)
	              Index Cond: ((id >= 9503944) AND (id <= 9513943))

table 4 : explain SELECT SUM(k) FROM sbtest4 WHERE id BETWEEN 2280215 AND 2290214
	Aggregate  (cost=34445.74..34445.75 rows=1 width=8)
	  ->  Bitmap Heap Scan on sbtest4  (cost=215.06..34420.71 rows=10012 width=4)
	        Recheck Cond: ((id >= 2280215) AND (id <= 2290214))
	        ->  Bitmap Index Scan on sbtest4_pkey  (cost=0.00..212.56 rows=10012 width=0)
	              Index Cond: ((id >= 2280215) AND (id <= 2290214))

table 5 : explain SELECT SUM(k) FROM sbtest5 WHERE id BETWEEN 7894109 AND 7904108
	Aggregate  (cost=36539.69..36539.70 rows=1 width=8)
	  ->  Bitmap Heap Scan on sbtest5  (cost=229.95..36512.98 rows=10684 width=4)
	        Recheck Cond: ((id >= 7894109) AND (id <= 7904108))
	        ->  Bitmap Index Scan on sbtest5_pkey  (cost=0.00..227.28 rows=10684 width=0)
	              Index Cond: ((id >= 7894109) AND (id <= 7904108))

table 6 : explain SELECT SUM(k) FROM sbtest6 WHERE id BETWEEN 5083925 AND 5093924
	Aggregate  (cost=32579.79..32579.80 rows=1 width=8)
	  ->  Bitmap Heap Scan on sbtest6  (cost=200.88..32556.27 rows=9409 width=4)
	        Recheck Cond: ((id >= 5083925) AND (id <= 5093924))
	        ->  Bitmap Index Scan on sbtest6_pkey  (cost=0.00..198.53 rows=9409 width=0)
	              Index Cond: ((id >= 5083925) AND (id <= 5093924))

table 7 : explain SELECT SUM(k) FROM sbtest7 WHERE id BETWEEN 2742121 AND 2752120
	Aggregate  (cost=33476.00..33476.01 rows=1 width=8)
	  ->  Bitmap Heap Scan on sbtest7  (cost=207.79..33451.77 rows=9693 width=4)
	        Recheck Cond: ((id >= 2742121) AND (id <= 2752120))
	        ->  Bitmap Index Scan on sbtest7_pkey  (cost=0.00..205.37 rows=9693 width=0)
	              Index Cond: ((id >= 2742121) AND (id <= 2752120))

table 8 : explain SELECT SUM(k) FROM sbtest8 WHERE id BETWEEN 6989313 AND 6999312
	Aggregate  (cost=34390.90..34390.91 rows=1 width=8)
	  ->  Bitmap Heap Scan on sbtest8  (cost=214.78..34365.94 rows=9985 width=4)
	        Recheck Cond: ((id >= 6989313) AND (id <= 6999312))
	        ->  Bitmap Index Scan on sbtest8_pkey  (cost=0.00..212.29 rows=9985 width=0)
	              Index Cond: ((id >= 6989313) AND (id <= 6999312))

for: distinct_ranges
table 1 : explain SELECT DISTINCT c FROM sbtest1 WHERE id BETWEEN 6202235 AND 6212234 ORDER BY c
	Unique  (cost=33118.69..33165.79 rows=9420 width=121)
	  ->  Sort  (cost=33118.69..33142.24 rows=9420 width=121)
	        Sort Key: c
	        ->  Bitmap Heap Scan on sbtest1  (cost=200.99..32496.90 rows=9420 width=121)
	              Recheck Cond: ((id >= 6202235) AND (id <= 6212234))
	              ->  Bitmap Index Scan on sbtest1_pkey  (cost=0.00..198.63 rows=9420 width=0)
	                    Index Cond: ((id >= 6202235) AND (id <= 6212234))

table 2 : explain SELECT DISTINCT c FROM sbtest2 WHERE id BETWEEN 1893870 AND 1903869 ORDER BY c
	Unique  (cost=36878.64..36931.57 rows=10587 width=121)
	  ->  Sort  (cost=36878.64..36905.11 rows=10587 width=121)
	        Sort Key: c
	        ->  Bitmap Heap Scan on sbtest2  (cost=228.95..36170.90 rows=10587 width=121)
	              Recheck Cond: ((id >= 1893870) AND (id <= 1903869))
	              ->  Bitmap Index Scan on sbtest2_pkey  (cost=0.00..226.31 rows=10587 width=0)
	                    Index Cond: ((id >= 1893870) AND (id <= 1903869))

table 3 : explain SELECT DISTINCT c FROM sbtest3 WHERE id BETWEEN 6035543 AND 6045542 ORDER BY c
	Unique  (cost=36058.96..36110.60 rows=10327 width=121)
	  ->  Sort  (cost=36058.96..36084.78 rows=10327 width=121)
	        Sort Key: c
	        ->  Bitmap Heap Scan on sbtest3  (cost=222.29..35370.45 rows=10327 width=121)
	              Recheck Cond: ((id >= 6035543) AND (id <= 6045542))
	              ->  Bitmap Index Scan on sbtest3_pkey  (cost=0.00..219.70 rows=10327 width=0)
	                    Index Cond: ((id >= 6035543) AND (id <= 6045542))

table 4 : explain SELECT DISTINCT c FROM sbtest4 WHERE id BETWEEN 3351362 AND 3361361 ORDER BY c
	Unique  (cost=34176.02..34224.66 rows=9728 width=121)
	  ->  Sort  (cost=34176.02..34200.34 rows=9728 width=121)
	        Sort Key: c
	        ->  Bitmap Heap Scan on sbtest4  (cost=208.15..33531.64 rows=9728 width=121)
	              Recheck Cond: ((id >= 3351362) AND (id <= 3361361))
	              ->  Bitmap Index Scan on sbtest4_pkey  (cost=0.00..205.72 rows=9728 width=0)
	                    Index Cond: ((id >= 3351362) AND (id <= 3361361))

table 5 : explain SELECT DISTINCT c FROM sbtest5 WHERE id BETWEEN 9736466 AND 9746465 ORDER BY c
	Unique  (cost=34793.96..34843.55 rows=9919 width=121)
	  ->  Sort  (cost=34793.96..34818.76 rows=9919 width=121)
	        Sort Key: c
	        ->  Bitmap Heap Scan on sbtest5  (cost=214.10..34135.54 rows=9919 width=121)
	              Recheck Cond: ((id >= 9736466) AND (id <= 9746465))
	              ->  Bitmap Index Scan on sbtest5_pkey  (cost=0.00..211.62 rows=9919 width=0)
	                    Index Cond: ((id >= 9736466) AND (id <= 9746465))

table 6 : explain SELECT DISTINCT c FROM sbtest6 WHERE id BETWEEN 7700311 AND 7710310 ORDER BY c
	Unique  (cost=40110.36..40168.32 rows=11592 width=121)
	  ->  Sort  (cost=40110.36..40139.34 rows=11592 width=121)
	        Sort Key: c
	        ->  Bitmap Heap Scan on sbtest6  (cost=247.25..39327.86 rows=11592 width=121)
	              Recheck Cond: ((id >= 7700311) AND (id <= 7710310))
	              ->  Bitmap Index Scan on sbtest6_pkey  (cost=0.00..244.36 rows=11592 width=0)
	                    Index Cond: ((id >= 7700311) AND (id <= 7710310))

table 7 : explain SELECT DISTINCT c FROM sbtest7 WHERE id BETWEEN 2178331 AND 2188330 ORDER BY c
	Unique  (cost=39694.34..39751.63 rows=11459 width=121)
	  ->  Sort  (cost=39694.34..39722.99 rows=11459 width=121)
	        Sort Key: c
	        ->  Bitmap Heap Scan on sbtest7  (cost=245.89..38921.76 rows=11459 width=121)
	              Recheck Cond: ((id >= 2178331) AND (id <= 2188330))
	              ->  Bitmap Index Scan on sbtest7_pkey  (cost=0.00..243.03 rows=11459 width=0)
	                    Index Cond: ((id >= 2178331) AND (id <= 2188330))

table 8 : explain SELECT DISTINCT c FROM sbtest8 WHERE id BETWEEN 3052342 AND 3062341 ORDER BY c
	Unique  (cost=36039.22..36090.72 rows=10301 width=121)
	  ->  Sort  (cost=36039.22..36064.97 rows=10301 width=121)
	        Sort Key: c
	        ->  Bitmap Heap Scan on sbtest8  (cost=222.02..35352.63 rows=10301 width=121)
	              Recheck Cond: ((id >= 3052342) AND (id <= 3062341))
	              ->  Bitmap Index Scan on sbtest8_pkey  (cost=0.00..219.44 rows=10301 width=0)
	                    Index Cond: ((id >= 3052342) AND (id <= 3062341))

explain: for point_selects :: explain SELECT c FROM sbtest%u WHERE id=%u
for: simple_ranges
table 1 : explain SELECT c FROM sbtest1 WHERE id BETWEEN 9941193 AND 9951192
	Bitmap Heap Scan on sbtest1  (cost=238.61..37820.93 rows=11139 width=121)
	  Recheck Cond: ((id >= 9941193) AND (id <= 9951192))
	  ->  Bitmap Index Scan on sbtest1_pkey  (cost=0.00..235.82 rows=11139 width=0)
	        Index Cond: ((id >= 9941193) AND (id <= 9951192))

table 2 : explain SELECT c FROM sbtest2 WHERE id BETWEEN 4654833 AND 4664832
	Bitmap Heap Scan on sbtest2  (cost=209.06..33777.44 rows=9817 width=121)
	  Recheck Cond: ((id >= 4654833) AND (id <= 4664832))
	  ->  Bitmap Index Scan on sbtest2_pkey  (cost=0.00..206.61 rows=9817 width=0)
	        Index Cond: ((id >= 4654833) AND (id <= 4664832))

table 3 : explain SELECT c FROM sbtest3 WHERE id BETWEEN 1623998 AND 1633997
	Bitmap Heap Scan on sbtest3  (cost=199.15..31972.73 rows=9240 width=121)
	  Recheck Cond: ((id >= 1623998) AND (id <= 1633997))
	  ->  Bitmap Index Scan on sbtest3_pkey  (cost=0.00..196.84 rows=9240 width=0)
	        Index Cond: ((id >= 1623998) AND (id <= 1633997))

table 4 : explain SELECT c FROM sbtest4 WHERE id BETWEEN 5858994 AND 5868993
	Bitmap Heap Scan on sbtest4  (cost=213.94..34079.94 rows=9903 width=121)
	  Recheck Cond: ((id >= 5858994) AND (id <= 5868993))
	  ->  Bitmap Index Scan on sbtest4_pkey  (cost=0.00..211.47 rows=9903 width=0)
	        Index Cond: ((id >= 5858994) AND (id <= 5868993))

table 5 : explain SELECT c FROM sbtest5 WHERE id BETWEEN 6074218 AND 6084217
	Bitmap Heap Scan on sbtest5  (cost=198.90..31926.99 rows=9216 width=121)
	  Recheck Cond: ((id >= 6074218) AND (id <= 6084217))
	  ->  Bitmap Index Scan on sbtest5_pkey  (cost=0.00..196.59 rows=9216 width=0)
	        Index Cond: ((id >= 6074218) AND (id <= 6084217))

table 6 : explain SELECT c FROM sbtest6 WHERE id BETWEEN 4137660 AND 4147659
	Bitmap Heap Scan on sbtest6  (cost=229.42..36383.71 rows=10633 width=121)
	  Recheck Cond: ((id >= 4137660) AND (id <= 4147659))
	  ->  Bitmap Index Scan on sbtest6_pkey  (cost=0.00..226.76 rows=10633 width=0)
	        Index Cond: ((id >= 4137660) AND (id <= 4147659))

table 7 : explain SELECT c FROM sbtest7 WHERE id BETWEEN 8289209 AND 8299208
	Bitmap Heap Scan on sbtest7  (cost=222.82..35591.66 rows=10379 width=121)
	  Recheck Cond: ((id >= 8289209) AND (id <= 8299208))
	  ->  Bitmap Index Scan on sbtest7_pkey  (cost=0.00..220.23 rows=10379 width=0)
	        Index Cond: ((id >= 8289209) AND (id <= 8299208))

table 8 : explain SELECT c FROM sbtest8 WHERE id BETWEEN 9894622 AND 9904621
	Bitmap Heap Scan on sbtest8  (cost=212.15..33563.47 rows=9728 width=121)
	  Recheck Cond: ((id >= 9894622) AND (id <= 9904621))
	  ->  Bitmap Index Scan on sbtest8_pkey  (cost=0.00..209.72 rows=9728 width=0)
	        Index Cond: ((id >= 9894622) AND (id <= 9904621))

for point_selects
table 1 : explain SELECT c FROM sbtest1 WHERE id=2949950
	Index Scan using sbtest1_pkey on sbtest1  (cost=0.43..8.45 rows=1 width=121)
	  Index Cond: (id = 2949950)

table 2 : explain SELECT c FROM sbtest2 WHERE id=878438
	Index Scan using sbtest2_pkey on sbtest2  (cost=0.43..8.45 rows=1 width=121)
	  Index Cond: (id = 878438)

table 3 : explain SELECT c FROM sbtest3 WHERE id=8349790
	Index Scan using sbtest3_pkey on sbtest3  (cost=0.43..8.45 rows=1 width=121)
	  Index Cond: (id = 8349790)

table 4 : explain SELECT c FROM sbtest4 WHERE id=6174224
	Index Scan using sbtest4_pkey on sbtest4  (cost=0.43..8.45 rows=1 width=121)
	  Index Cond: (id = 6174224)

table 5 : explain SELECT c FROM sbtest5 WHERE id=5871848
	Index Scan using sbtest5_pkey on sbtest5  (cost=0.43..8.45 rows=1 width=121)
	  Index Cond: (id = 5871848)

table 6 : explain SELECT c FROM sbtest6 WHERE id=9158053
	Index Scan using sbtest6_pkey on sbtest6  (cost=0.43..8.45 rows=1 width=121)
	  Index Cond: (id = 9158053)

table 7 : explain SELECT c FROM sbtest7 WHERE id=1058091
	Index Scan using sbtest7_pkey on sbtest7  (cost=0.43..8.45 rows=1 width=121)
	  Index Cond: (id = 1058091)

table 8 : explain SELECT c FROM sbtest8 WHERE id=8901049
	Index Scan using sbtest8_pkey on sbtest8  (cost=0.43..8.45 rows=1 width=121)
	  Index Cond: (id = 8901049)

explain: for point_selects :: explain SELECT c FROM sbtest%u WHERE id=%u
for: simple_ranges
table 1 : explain SELECT c FROM sbtest1 WHERE id BETWEEN 4694349 AND 4704348
	Bitmap Heap Scan on sbtest1  (cost=216.37..34744.47 rows=10140 width=121)
	  Recheck Cond: ((id >= 4694349) AND (id <= 4704348))
	  ->  Bitmap Index Scan on sbtest1_pkey  (cost=0.00..213.84 rows=10140 width=0)
	        Index Cond: ((id >= 4694349) AND (id <= 4704348))

table 2 : explain SELECT c FROM sbtest2 WHERE id BETWEEN 4751188 AND 4761187
	Bitmap Heap Scan on sbtest2  (cost=192.90..31273.88 rows=9021 width=121)
	  Recheck Cond: ((id >= 4751188) AND (id <= 4761187))
	  ->  Bitmap Index Scan on sbtest2_pkey  (cost=0.00..190.65 rows=9021 width=0)
	        Index Cond: ((id >= 4751188) AND (id <= 4761187))

table 3 : explain SELECT c FROM sbtest3 WHERE id BETWEEN 3909205 AND 3919204
	Bitmap Heap Scan on sbtest3  (cost=223.77..35817.57 rows=10472 width=121)
	  Recheck Cond: ((id >= 3909205) AND (id <= 3919204))
	  ->  Bitmap Index Scan on sbtest3_pkey  (cost=0.00..221.16 rows=10472 width=0)
	        Index Cond: ((id >= 3909205) AND (id <= 3919204))

table 4 : explain SELECT c FROM sbtest4 WHERE id BETWEEN 8668862 AND 8678861
	Bitmap Heap Scan on sbtest4  (cost=208.85..33747.56 rows=9797 width=121)
	  Recheck Cond: ((id >= 8668862) AND (id <= 8678861))
	  ->  Bitmap Index Scan on sbtest4_pkey  (cost=0.00..206.41 rows=9797 width=0)
	        Index Cond: ((id >= 8668862) AND (id <= 8678861))

table 5 : explain SELECT c FROM sbtest5 WHERE id BETWEEN 6094581 AND 6104580
	Bitmap Heap Scan on sbtest5  (cost=205.33..32676.38 rows=9453 width=121)
	  Recheck Cond: ((id >= 6094581) AND (id <= 6104580))
	  ->  Bitmap Index Scan on sbtest5_pkey  (cost=0.00..202.97 rows=9453 width=0)
	        Index Cond: ((id >= 6094581) AND (id <= 6104580))

table 6 : explain SELECT c FROM sbtest6 WHERE id BETWEEN 2831346 AND 2841345
	Bitmap Heap Scan on sbtest6  (cost=200.52..32446.05 rows=9374 width=121)
	  Recheck Cond: ((id >= 2831346) AND (id <= 2841345))
	  ->  Bitmap Index Scan on sbtest6_pkey  (cost=0.00..198.18 rows=9374 width=0)
	        Index Cond: ((id >= 2831346) AND (id <= 2841345))

table 7 : explain SELECT c FROM sbtest7 WHERE id BETWEEN 4304090 AND 4314089
	Bitmap Heap Scan on sbtest7  (cost=212.91..33794.61 rows=9802 width=121)
	  Recheck Cond: ((id >= 4304090) AND (id <= 4314089))
	  ->  Bitmap Index Scan on sbtest7_pkey  (cost=0.00..210.45 rows=9802 width=0)
	        Index Cond: ((id >= 4304090) AND (id <= 4314089))

table 8 : explain SELECT c FROM sbtest8 WHERE id BETWEEN 3303576 AND 3313575
	Bitmap Heap Scan on sbtest8  (cost=204.67..32498.43 rows=9389 width=121)
	  Recheck Cond: ((id >= 3303576) AND (id <= 3313575))
	  ->  Bitmap Index Scan on sbtest8_pkey  (cost=0.00..202.32 rows=9389 width=0)
	        Index Cond: ((id >= 3303576) AND (id <= 3313575))

for: sum_ranges
table 1 : explain SELECT SUM(k) FROM sbtest1 WHERE id BETWEEN 1968038 AND 1978037
	Aggregate  (cost=38446.56..38446.57 rows=1 width=8)
	  ->  Bitmap Heap Scan on sbtest1  (cost=244.61..38418.23 rows=11334 width=4)
	        Recheck Cond: ((id >= 1968038) AND (id <= 1978037))
	        ->  Bitmap Index Scan on sbtest1_pkey  (cost=0.00..241.78 rows=11334 width=0)
	              Index Cond: ((id >= 1968038) AND (id <= 1978037))

table 2 : explain SELECT SUM(k) FROM sbtest2 WHERE id BETWEEN 8545030 AND 8555029
	Aggregate  (cost=32536.22..32536.23 rows=1 width=8)
	  ->  Bitmap Heap Scan on sbtest2  (cost=200.93..32512.69 rows=9414 width=4)
	        Recheck Cond: ((id >= 8545030) AND (id <= 8555029))
	        ->  Bitmap Index Scan on sbtest2_pkey  (cost=0.00..198.57 rows=9414 width=0)
	              Index Cond: ((id >= 8545030) AND (id <= 8555029))

table 3 : explain SELECT SUM(k) FROM sbtest3 WHERE id BETWEEN 2090841 AND 2100840
	Aggregate  (cost=36950.25..36950.26 rows=1 width=8)
	  ->  Bitmap Heap Scan on sbtest3  (cost=231.44..36923.18 rows=10830 width=4)
	        Recheck Cond: ((id >= 2090841) AND (id <= 2100840))
	        ->  Bitmap Index Scan on sbtest3_pkey  (cost=0.00..228.74 rows=10830 width=0)
	              Index Cond: ((id >= 2090841) AND (id <= 2100840))

table 4 : explain SELECT SUM(k) FROM sbtest4 WHERE id BETWEEN 1770291 AND 1780290
	Aggregate  (cost=30783.40..30783.41 rows=1 width=8)
	  ->  Bitmap Heap Scan on sbtest4  (cost=191.15..30761.28 rows=8850 width=4)
	        Recheck Cond: ((id >= 1770291) AND (id <= 1780290))
	        ->  Bitmap Index Scan on sbtest4_pkey  (cost=0.00..188.94 rows=8850 width=0)
	              Index Cond: ((id >= 1770291) AND (id <= 1780290))

table 5 : explain SELECT SUM(k) FROM sbtest5 WHERE id BETWEEN 8565481 AND 8575480
	Aggregate  (cost=37784.63..37784.64 rows=1 width=8)
	  ->  Bitmap Heap Scan on sbtest5  (cost=238.09..37756.91 rows=11088 width=4)
	        Recheck Cond: ((id >= 8565481) AND (id <= 8575480))
	        ->  Bitmap Index Scan on sbtest5_pkey  (cost=0.00..235.31 rows=11088 width=0)
	              Index Cond: ((id >= 8565481) AND (id <= 8575480))

table 6 : explain SELECT SUM(k) FROM sbtest6 WHERE id BETWEEN 6608164 AND 6618163
	Aggregate  (cost=33933.46..33933.47 rows=1 width=8)
	  ->  Bitmap Heap Scan on sbtest6  (cost=213.27..33908.87 rows=9838 width=4)
	        Recheck Cond: ((id >= 6608164) AND (id <= 6618163))
	        ->  Bitmap Index Scan on sbtest6_pkey  (cost=0.00..210.81 rows=9838 width=0)
	              Index Cond: ((id >= 6608164) AND (id <= 6618163))

table 7 : explain SELECT SUM(k) FROM sbtest7 WHERE id BETWEEN 6112916 AND 6122915
	Aggregate  (cost=36928.92..36928.93 rows=1 width=8)
	  ->  Bitmap Heap Scan on sbtest7  (cost=231.16..36901.92 rows=10802 width=4)
	        Recheck Cond: ((id >= 6112916) AND (id <= 6122915))
	        ->  Bitmap Index Scan on sbtest7_pkey  (cost=0.00..228.45 rows=10802 width=0)
	              Index Cond: ((id >= 6112916) AND (id <= 6122915))

table 8 : explain SELECT SUM(k) FROM sbtest8 WHERE id BETWEEN 877458 AND 887457
	Aggregate  (cost=35102.36..35102.37 rows=1 width=8)
	  ->  Bitmap Heap Scan on sbtest8  (cost=221.11..35076.83 rows=10212 width=4)
	        Recheck Cond: ((id >= 877458) AND (id <= 887457))
	        ->  Bitmap Index Scan on sbtest8_pkey  (cost=0.00..218.56 rows=10212 width=0)
	              Index Cond: ((id >= 877458) AND (id <= 887457))

for: order_ranges
table 1 : explain SELECT c FROM sbtest1 WHERE id BETWEEN 4589664 AND 4599663 ORDER BY c
	Sort  (cost=33920.93..33945.11 rows=9670 width=121)
	  Sort Key: c
	  ->  Bitmap Heap Scan on sbtest1  (cost=207.55..33280.81 rows=9670 width=121)
	        Recheck Cond: ((id >= 4589664) AND (id <= 4599663))
	        ->  Bitmap Index Scan on sbtest1_pkey  (cost=0.00..205.13 rows=9670 width=0)
	              Index Cond: ((id >= 4589664) AND (id <= 4599663))

table 2 : explain SELECT c FROM sbtest2 WHERE id BETWEEN 1041727 AND 1051726 ORDER BY c
	Sort  (cost=34405.34..34429.86 rows=9810 width=121)
	  Sort Key: c
	  ->  Bitmap Heap Scan on sbtest2  (cost=208.99..33754.93 rows=9810 width=121)
	        Recheck Cond: ((id >= 1041727) AND (id <= 1051726))
	        ->  Bitmap Index Scan on sbtest2_pkey  (cost=0.00..206.54 rows=9810 width=0)
	              Index Cond: ((id >= 1041727) AND (id <= 1051726))

table 3 : explain SELECT c FROM sbtest3 WHERE id BETWEEN 480253 AND 490252 ORDER BY c
	Sort  (cost=33924.91..33949.05 rows=9658 width=121)
	  Sort Key: c
	  ->  Bitmap Heap Scan on sbtest3  (cost=207.43..33285.67 rows=9658 width=121)
	        Recheck Cond: ((id >= 480253) AND (id <= 490252))
	        ->  Bitmap Index Scan on sbtest3_pkey  (cost=0.00..205.01 rows=9658 width=0)
	              Index Cond: ((id >= 480253) AND (id <= 490252))

table 4 : explain SELECT c FROM sbtest4 WHERE id BETWEEN 7256328 AND 7266327 ORDER BY c
	Sort  (cost=32915.07..32938.41 rows=9336 width=121)
	  Sort Key: c
	  ->  Bitmap Heap Scan on sbtest4  (cost=200.13..32299.43 rows=9336 width=121)
	        Recheck Cond: ((id >= 7256328) AND (id <= 7266327))
	        ->  Bitmap Index Scan on sbtest4_pkey  (cost=0.00..197.80 rows=9336 width=0)
	              Index Cond: ((id >= 7256328) AND (id <= 7266327))

table 5 : explain SELECT c FROM sbtest5 WHERE id BETWEEN 7615083 AND 7625082 ORDER BY c
	Sort  (cost=34166.86..34191.17 rows=9724 width=121)
	  Sort Key: c
	  ->  Bitmap Heap Scan on sbtest5  (cost=208.11..33522.77 rows=9724 width=121)
	        Recheck Cond: ((id >= 7615083) AND (id <= 7625082))
	        ->  Bitmap Index Scan on sbtest5_pkey  (cost=0.00..205.68 rows=9724 width=0)
	              Index Cond: ((id >= 7615083) AND (id <= 7625082))

table 6 : explain SELECT c FROM sbtest6 WHERE id BETWEEN 6653998 AND 6663997 ORDER BY c
	Sort  (cost=37699.01..37726.08 rows=10825 width=121)
	  Sort Key: c
	  ->  Bitmap Heap Scan on sbtest6  (cost=231.39..36973.63 rows=10825 width=121)
	        Recheck Cond: ((id >= 6653998) AND (id <= 6663997))
	        ->  Bitmap Index Scan on sbtest6_pkey  (cost=0.00..228.69 rows=10825 width=0)
	              Index Cond: ((id >= 6653998) AND (id <= 6663997))

table 7 : explain SELECT c FROM sbtest7 WHERE id BETWEEN 8532515 AND 8542514 ORDER BY c
	Sort  (cost=32555.05..32578.09 rows=9216 width=121)
	  Sort Key: c
	  ->  Bitmap Heap Scan on sbtest7  (cost=198.90..31948.18 rows=9216 width=121)
	        Recheck Cond: ((id >= 8532515) AND (id <= 8542514))
	        ->  Bitmap Index Scan on sbtest7_pkey  (cost=0.00..196.59 rows=9216 width=0)
	              Index Cond: ((id >= 8532515) AND (id <= 8542514))

table 8 : explain SELECT c FROM sbtest8 WHERE id BETWEEN 4530169 AND 4540168 ORDER BY c
	Sort  (cost=34389.42..34413.88 rows=9784 width=121)
	  Sort Key: c
	  ->  Bitmap Heap Scan on sbtest8  (cost=212.72..33740.92 rows=9784 width=121)
	        Recheck Cond: ((id >= 4530169) AND (id <= 4540168))
	        ->  Bitmap Index Scan on sbtest8_pkey  (cost=0.00..210.28 rows=9784 width=0)
	              Index Cond: ((id >= 4530169) AND (id <= 4540168))

for: simple_ranges
table 1 : explain SELECT c FROM sbtest1 WHERE id BETWEEN 3129028 AND 3139027
	Bitmap Heap Scan on sbtest1  (cost=198.46..31724.18 rows=9173 width=121)
	  Recheck Cond: ((id >= 3129028) AND (id <= 3139027))
	  ->  Bitmap Index Scan on sbtest1_pkey  (cost=0.00..196.17 rows=9173 width=0)
	        Index Cond: ((id >= 3129028) AND (id <= 3139027))

table 2 : explain SELECT c FROM sbtest2 WHERE id BETWEEN 3631660 AND 3641659
	Bitmap Heap Scan on sbtest2  (cost=200.18..32283.06 rows=9341 width=121)
	  Recheck Cond: ((id >= 3631660) AND (id <= 3641659))
	  ->  Bitmap Index Scan on sbtest2_pkey  (cost=0.00..197.84 rows=9341 width=0)
	        Index Cond: ((id >= 3631660) AND (id <= 3641659))

table 3 : explain SELECT c FROM sbtest3 WHERE id BETWEEN 154842 AND 164841
	Bitmap Heap Scan on sbtest3  (cost=206.92..33127.69 rows=9608 width=121)
	  Recheck Cond: ((id >= 154842) AND (id <= 164841))
	  ->  Bitmap Index Scan on sbtest3_pkey  (cost=0.00..204.51 rows=9608 width=0)
	        Index Cond: ((id >= 154842) AND (id <= 164841))

table 4 : explain SELECT c FROM sbtest4 WHERE id BETWEEN 4551591 AND 4561590
	Bitmap Heap Scan on sbtest4  (cost=214.80..34343.58 rows=9987 width=121)
	  Recheck Cond: ((id >= 4551591) AND (id <= 4561590))
	  ->  Bitmap Index Scan on sbtest4_pkey  (cost=0.00..212.31 rows=9987 width=0)
	        Index Cond: ((id >= 4551591) AND (id <= 4561590))

table 5 : explain SELECT c FROM sbtest5 WHERE id BETWEEN 6733152 AND 6743151
	Bitmap Heap Scan on sbtest5  (cost=223.76..35851.61 rows=10471 width=121)
	  Recheck Cond: ((id >= 6733152) AND (id <= 6743151))
	  ->  Bitmap Index Scan on sbtest5_pkey  (cost=0.00..221.15 rows=10471 width=0)
	        Index Cond: ((id >= 6733152) AND (id <= 6743151))

table 6 : explain SELECT c FROM sbtest6 WHERE id BETWEEN 2960835 AND 2970834
	Bitmap Heap Scan on sbtest6  (cost=236.60..37340.46 rows=10943 width=121)
	  Recheck Cond: ((id >= 2960835) AND (id <= 2970834))
	  ->  Bitmap Index Scan on sbtest6_pkey  (cost=0.00..233.87 rows=10943 width=0)
	        Index Cond: ((id >= 2960835) AND (id <= 2970834))

table 7 : explain SELECT c FROM sbtest7 WHERE id BETWEEN 7305278 AND 7315277
	Bitmap Heap Scan on sbtest7  (cost=192.59..31234.94 rows=8991 width=121)
	  Recheck Cond: ((id >= 7305278) AND (id <= 7315277))
	  ->  Bitmap Index Scan on sbtest7_pkey  (cost=0.00..190.34 rows=8991 width=0)
	        Index Cond: ((id >= 7305278) AND (id <= 7315277))

table 8 : explain SELECT c FROM sbtest8 WHERE id BETWEEN 3114290 AND 3124289
	Bitmap Heap Scan on sbtest8  (cost=204.90..32566.51 rows=9411 width=121)
	  Recheck Cond: ((id >= 3114290) AND (id <= 3124289))
	  ->  Bitmap Index Scan on sbtest8_pkey  (cost=0.00..202.55 rows=9411 width=0)
	        Index Cond: ((id >= 3114290) AND (id <= 3124289))

explain: for point_selects :: explain SELECT c FROM sbtest%u WHERE id=%u
for: sum_ranges
table 1 : explain SELECT SUM(k) FROM sbtest1 WHERE id BETWEEN 7291724 AND 7301723
	Aggregate  (cost=33900.79..33900.80 rows=1 width=8)
	  ->  Bitmap Heap Scan on sbtest1  (cost=213.50..33876.14 rows=9860 width=4)
	        Recheck Cond: ((id >= 7291724) AND (id <= 7301723))
	        ->  Bitmap Index Scan on sbtest1_pkey  (cost=0.00..211.04 rows=9860 width=0)
	              Index Cond: ((id >= 7291724) AND (id <= 7301723))

table 2 : explain SELECT SUM(k) FROM sbtest2 WHERE id BETWEEN 3881366 AND 3891365
	Aggregate  (cost=33444.45..33444.46 rows=1 width=8)
	  ->  Bitmap Heap Scan on sbtest2  (cost=207.89..33420.20 rows=9703 width=4)
	        Recheck Cond: ((id >= 3881366) AND (id <= 3891365))
	        ->  Bitmap Index Scan on sbtest2_pkey  (cost=0.00..205.47 rows=9703 width=0)
	              Index Cond: ((id >= 3881366) AND (id <= 3891365))

table 3 : explain SELECT SUM(k) FROM sbtest3 WHERE id BETWEEN 668172 AND 678171
	Aggregate  (cost=33868.06..33868.07 rows=1 width=8)
	  ->  Bitmap Heap Scan on sbtest3  (cost=213.25..33843.47 rows=9836 width=4)
	        Recheck Cond: ((id >= 668172) AND (id <= 678171))
	        ->  Bitmap Index Scan on sbtest3_pkey  (cost=0.00..210.80 rows=9836 width=0)
	              Index Cond: ((id >= 668172) AND (id <= 678171))

table 4 : explain SELECT SUM(k) FROM sbtest4 WHERE id BETWEEN 4842656 AND 4852655
	Aggregate  (cost=33210.47..33210.48 rows=1 width=8)
	  ->  Bitmap Heap Scan on sbtest4  (cost=207.02..33186.43 rows=9618 width=4)
	        Recheck Cond: ((id >= 4842656) AND (id <= 4852655))
	        ->  Bitmap Index Scan on sbtest4_pkey  (cost=0.00..204.62 rows=9618 width=0)
	              Index Cond: ((id >= 4842656) AND (id <= 4852655))

table 5 : explain SELECT SUM(k) FROM sbtest5 WHERE id BETWEEN 3967807 AND 3977806
	Aggregate  (cost=33918.73..33918.74 rows=1 width=8)
	  ->  Bitmap Heap Scan on sbtest5  (cost=213.31..33894.13 rows=9841 width=4)
	        Recheck Cond: ((id >= 3967807) AND (id <= 3977806))
	        ->  Bitmap Index Scan on sbtest5_pkey  (cost=0.00..210.84 rows=9841 width=0)
	              Index Cond: ((id >= 3967807) AND (id <= 3977806))

table 6 : explain SELECT SUM(k) FROM sbtest6 WHERE id BETWEEN 6701555 AND 6711554
	Aggregate  (cost=37000.69..37000.70 rows=1 width=8)
	  ->  Bitmap Heap Scan on sbtest6  (cost=231.39..36973.63 rows=10825 width=4)
	        Recheck Cond: ((id >= 6701555) AND (id <= 6711554))
	        ->  Bitmap Index Scan on sbtest6_pkey  (cost=0.00..228.69 rows=10825 width=0)
	              Index Cond: ((id >= 6701555) AND (id <= 6711554))

table 7 : explain SELECT SUM(k) FROM sbtest7 WHERE id BETWEEN 9529404 AND 9539403
	Aggregate  (cost=33547.10..33547.11 rows=1 width=8)
	  ->  Bitmap Heap Scan on sbtest7  (cost=208.02..33522.81 rows=9716 width=4)
	        Recheck Cond: ((id >= 9529404) AND (id <= 9539403))
	        ->  Bitmap Index Scan on sbtest7_pkey  (cost=0.00..205.59 rows=9716 width=0)
	              Index Cond: ((id >= 9529404) AND (id <= 9539403))

table 8 : explain SELECT SUM(k) FROM sbtest8 WHERE id BETWEEN 5002276 AND 5012275
	Aggregate  (cost=34481.84..34481.85 rows=1 width=8)
	  ->  Bitmap Heap Scan on sbtest8  (cost=219.07..34456.81 rows=10013 width=4)
	        Recheck Cond: ((id >= 5002276) AND (id <= 5012275))
	        ->  Bitmap Index Scan on sbtest8_pkey  (cost=0.00..216.56 rows=10013 width=0)
	              Index Cond: ((id >= 5002276) AND (id <= 5012275))

for: sum_ranges
table 1 : explain SELECT SUM(k) FROM sbtest1 WHERE id BETWEEN 5354992 AND 5364991
	Aggregate  (cost=36672.06..36672.07 rows=1 width=8)
	  ->  Bitmap Heap Scan on sbtest1  (cost=230.67..36645.17 rows=10755 width=4)
	        Recheck Cond: ((id >= 5354992) AND (id <= 5364991))
	        ->  Bitmap Index Scan on sbtest1_pkey  (cost=0.00..227.99 rows=10755 width=0)
	              Index Cond: ((id >= 5354992) AND (id <= 5364991))

table 2 : explain SELECT SUM(k) FROM sbtest2 WHERE id BETWEEN 5961280 AND 5971279
	Aggregate  (cost=36414.09..36414.10 rows=1 width=8)
	  ->  Bitmap Heap Scan on sbtest2  (cost=229.68..36387.45 rows=10658 width=4)
	        Recheck Cond: ((id >= 5961280) AND (id <= 5971279))
	        ->  Bitmap Index Scan on sbtest2_pkey  (cost=0.00..227.01 rows=10658 width=0)
	              Index Cond: ((id >= 5961280) AND (id <= 5971279))

table 3 : explain SELECT SUM(k) FROM sbtest3 WHERE id BETWEEN 5005359 AND 5015358
	Aggregate  (cost=33900.23..33900.24 rows=1 width=8)
	  ->  Bitmap Heap Scan on sbtest3  (cost=213.36..33875.62 rows=9846 width=4)
	        Recheck Cond: ((id >= 5005359) AND (id <= 5015358))
	        ->  Bitmap Index Scan on sbtest3_pkey  (cost=0.00..210.90 rows=9846 width=0)
	              Index Cond: ((id >= 5005359) AND (id <= 5015358))

table 4 : explain SELECT SUM(k) FROM sbtest4 WHERE id BETWEEN 6016219 AND 6026218
	Aggregate  (cost=34596.82..34596.83 rows=1 width=8)
	  ->  Bitmap Heap Scan on sbtest4  (cost=215.56..34571.67 rows=10061 width=4)
	        Recheck Cond: ((id >= 6016219) AND (id <= 6026218))
	        ->  Bitmap Index Scan on sbtest4_pkey  (cost=0.00..213.05 rows=10061 width=0)
	              Index Cond: ((id >= 6016219) AND (id <= 6026218))

table 5 : explain SELECT SUM(k) FROM sbtest5 WHERE id BETWEEN 6625594 AND 6635593
	Aggregate  (cost=34482.09..34482.10 rows=1 width=8)
	  ->  Bitmap Heap Scan on sbtest5  (cost=215.16..34457.03 rows=10022 width=4)
	        Recheck Cond: ((id >= 6625594) AND (id <= 6635593))
	        ->  Bitmap Index Scan on sbtest5_pkey  (cost=0.00..212.66 rows=10022 width=0)
	              Index Cond: ((id >= 6625594) AND (id <= 6635593))

table 6 : explain SELECT SUM(k) FROM sbtest6 WHERE id BETWEEN 9027379 AND 9037378
	Aggregate  (cost=35949.00..35949.01 rows=1 width=8)
	  ->  Bitmap Heap Scan on sbtest6  (cost=223.91..35922.79 rows=10485 width=4)
	        Recheck Cond: ((id >= 9027379) AND (id <= 9037378))
	        ->  Bitmap Index Scan on sbtest6_pkey  (cost=0.00..221.29 rows=10485 width=0)
	              Index Cond: ((id >= 9027379) AND (id <= 9037378))

table 7 : explain SELECT SUM(k) FROM sbtest7 WHERE id BETWEEN 978920 AND 988919
	Aggregate  (cost=30914.81..30914.82 rows=1 width=8)
	  ->  Bitmap Heap Scan on sbtest7  (cost=191.49..30892.60 rows=8883 width=4)
	        Recheck Cond: ((id >= 978920) AND (id <= 988919))
	        ->  Bitmap Index Scan on sbtest7_pkey  (cost=0.00..189.26 rows=8883 width=0)
	              Index Cond: ((id >= 978920) AND (id <= 988919))

table 8 : explain SELECT SUM(k) FROM sbtest8 WHERE id BETWEEN 3331067 AND 3341066
	Aggregate  (cost=33351.83..33351.84 rows=1 width=8)
	  ->  Bitmap Heap Scan on sbtest8  (cost=211.37..33327.70 rows=9652 width=4)
	        Recheck Cond: ((id >= 3331067) AND (id <= 3341066))
	        ->  Bitmap Index Scan on sbtest8_pkey  (cost=0.00..208.95 rows=9652 width=0)
	              Index Cond: ((id >= 3331067) AND (id <= 3341066))

explain: for point_selects :: explain SELECT c FROM sbtest%u WHERE id=%u
explain: for point_selects :: explain SELECT c FROM sbtest%u WHERE id=%u
explain: for point_selects :: explain SELECT c FROM sbtest%u WHERE id=%u
for: sum_ranges
table 1 : explain SELECT SUM(k) FROM sbtest1 WHERE id BETWEEN 6985344 AND 6995343
	Aggregate  (cost=35875.76..35875.77 rows=1 width=8)
	  ->  Bitmap Heap Scan on sbtest1  (cost=224.03..35849.52 rows=10497 width=4)
	        Recheck Cond: ((id >= 6985344) AND (id <= 6995343))
	        ->  Bitmap Index Scan on sbtest1_pkey  (cost=0.00..221.41 rows=10497 width=0)
	              Index Cond: ((id >= 6985344) AND (id <= 6995343))

table 2 : explain SELECT SUM(k) FROM sbtest2 WHERE id BETWEEN 982963 AND 992962
	Aggregate  (cost=34509.92..34509.93 rows=1 width=8)
	  ->  Bitmap Heap Scan on sbtest2  (cost=215.39..34484.81 rows=10044 width=4)
	        Recheck Cond: ((id >= 982963) AND (id <= 992962))
	        ->  Bitmap Index Scan on sbtest2_pkey  (cost=0.00..212.88 rows=10044 width=0)
	              Index Cond: ((id >= 982963) AND (id <= 992962))

table 3 : explain SELECT SUM(k) FROM sbtest3 WHERE id BETWEEN 3193001 AND 3203000
	Aggregate  (cost=35473.04..35473.05 rows=1 width=8)
	  ->  Bitmap Heap Scan on sbtest3  (cost=222.54..35447.16 rows=10352 width=4)
	        Recheck Cond: ((id >= 3193001) AND (id <= 3203000))
	        ->  Bitmap Index Scan on sbtest3_pkey  (cost=0.00..219.95 rows=10352 width=0)
	              Index Cond: ((id >= 3193001) AND (id <= 3203000))

table 4 : explain SELECT SUM(k) FROM sbtest4 WHERE id BETWEEN 4769872 AND 4779871
	Aggregate  (cost=33216.93..33216.94 rows=1 width=8)
	  ->  Bitmap Heap Scan on sbtest4  (cost=207.04..33192.88 rows=9620 width=4)
	        Recheck Cond: ((id >= 4769872) AND (id <= 4779871))
	        ->  Bitmap Index Scan on sbtest4_pkey  (cost=0.00..204.63 rows=9620 width=0)
	              Index Cond: ((id >= 4769872) AND (id <= 4779871))

table 5 : explain SELECT SUM(k) FROM sbtest5 WHERE id BETWEEN 1955904 AND 1965903
	Aggregate  (cost=33883.29..33883.30 rows=1 width=8)
	  ->  Bitmap Heap Scan on sbtest5  (cost=213.19..33858.71 rows=9830 width=4)
	        Recheck Cond: ((id >= 1955904) AND (id <= 1965903))
	        ->  Bitmap Index Scan on sbtest5_pkey  (cost=0.00..210.74 rows=9830 width=0)
	              Index Cond: ((id >= 1955904) AND (id <= 1965903))

table 6 : explain SELECT SUM(k) FROM sbtest6 WHERE id BETWEEN 8864320 AND 8874319
	Aggregate  (cost=34017.33..34017.34 rows=1 width=8)
	  ->  Bitmap Heap Scan on sbtest6  (cost=213.55..33992.67 rows=9865 width=4)
	        Recheck Cond: ((id >= 8864320) AND (id <= 8874319))
	        ->  Bitmap Index Scan on sbtest6_pkey  (cost=0.00..211.09 rows=9865 width=0)
	              Index Cond: ((id >= 8864320) AND (id <= 8874319))

table 7 : explain SELECT SUM(k) FROM sbtest7 WHERE id BETWEEN 2335139 AND 2345138
	Aggregate  (cost=33288.51..33288.52 rows=1 width=8)
	  ->  Bitmap Heap Scan on sbtest7  (cost=207.18..33264.43 rows=9634 width=4)
	        Recheck Cond: ((id >= 2335139) AND (id <= 2345138))
	        ->  Bitmap Index Scan on sbtest7_pkey  (cost=0.00..204.78 rows=9634 width=0)
	              Index Cond: ((id >= 2335139) AND (id <= 2345138))

table 8 : explain SELECT SUM(k) FROM sbtest8 WHERE id BETWEEN 9059860 AND 9069859
	Aggregate  (cost=33633.00..33633.01 rows=1 width=8)
	  ->  Bitmap Heap Scan on sbtest8  (cost=212.29..33608.64 rows=9742 width=4)
	        Recheck Cond: ((id >= 9059860) AND (id <= 9069859))
	        ->  Bitmap Index Scan on sbtest8_pkey  (cost=0.00..209.86 rows=9742 width=0)
	              Index Cond: ((id >= 9059860) AND (id <= 9069859))

for: sum_ranges
table 1 : explain SELECT SUM(k) FROM sbtest1 WHERE id BETWEEN 1833773 AND 1843772
	Aggregate  (cost=35639.80..35639.81 rows=1 width=8)
	  ->  Bitmap Heap Scan on sbtest1  (cost=223.24..35613.75 rows=10420 width=4)
	        Recheck Cond: ((id >= 1833773) AND (id <= 1843772))
	        ->  Bitmap Index Scan on sbtest1_pkey  (cost=0.00..220.63 rows=10420 width=0)
	              Index Cond: ((id >= 1833773) AND (id <= 1843772))

table 2 : explain SELECT SUM(k) FROM sbtest2 WHERE id BETWEEN 6154998 AND 6164997
	Aggregate  (cost=36130.40..36130.41 rows=1 width=8)
	  ->  Bitmap Heap Scan on sbtest2  (cost=228.73..36103.98 rows=10565 width=4)
	        Recheck Cond: ((id >= 6154998) AND (id <= 6164997))
	        ->  Bitmap Index Scan on sbtest2_pkey  (cost=0.00..226.09 rows=10565 width=0)
	              Index Cond: ((id >= 6154998) AND (id <= 6164997))

table 3 : explain SELECT SUM(k) FROM sbtest3 WHERE id BETWEEN 384620 AND 394619
	Aggregate  (cost=33754.60..33754.61 rows=1 width=8)
	  ->  Bitmap Heap Scan on sbtest3  (cost=208.90..33730.10 rows=9801 width=4)
	        Recheck Cond: ((id >= 384620) AND (id <= 394619))
	        ->  Bitmap Index Scan on sbtest3_pkey  (cost=0.00..206.44 rows=9801 width=0)
	              Index Cond: ((id >= 384620) AND (id <= 394619))

table 4 : explain SELECT SUM(k) FROM sbtest4 WHERE id BETWEEN 5601914 AND 5611913
	Aggregate  (cost=32280.59..32280.60 rows=1 width=8)
	  ->  Bitmap Heap Scan on sbtest4  (cost=199.99..32257.29 rows=9322 width=4)
	        Recheck Cond: ((id >= 5601914) AND (id <= 5611913))
	        ->  Bitmap Index Scan on sbtest4_pkey  (cost=0.00..197.66 rows=9322 width=0)
	              Index Cond: ((id >= 5601914) AND (id <= 5611913))

table 5 : explain SELECT SUM(k) FROM sbtest5 WHERE id BETWEEN 4734634 AND 4744633
	Aggregate  (cost=37432.05..37432.06 rows=1 width=8)
	  ->  Bitmap Heap Scan on sbtest5  (cost=236.91..37404.62 rows=10973 width=4)
	        Recheck Cond: ((id >= 4734634) AND (id <= 4744633))
	        ->  Bitmap Index Scan on sbtest5_pkey  (cost=0.00..234.17 rows=10973 width=0)
	              Index Cond: ((id >= 4734634) AND (id <= 4744633))

table 6 : explain SELECT SUM(k) FROM sbtest6 WHERE id BETWEEN 5321611 AND 5331610
	Aggregate  (cost=32742.66..32742.67 rows=1 width=8)
	  ->  Bitmap Heap Scan on sbtest6  (cost=205.39..32719.01 rows=9459 width=4)
	        Recheck Cond: ((id >= 5321611) AND (id <= 5331610))
	        ->  Bitmap Index Scan on sbtest6_pkey  (cost=0.00..203.03 rows=9459 width=0)
	              Index Cond: ((id >= 5321611) AND (id <= 5331610))

table 7 : explain SELECT SUM(k) FROM sbtest7 WHERE id BETWEEN 9779739 AND 9789738
	Aggregate  (cost=36354.38..36354.39 rows=1 width=8)
	  ->  Bitmap Heap Scan on sbtest7  (cost=229.24..36327.84 rows=10615 width=4)
	        Recheck Cond: ((id >= 9779739) AND (id <= 9789738))
	        ->  Bitmap Index Scan on sbtest7_pkey  (cost=0.00..226.59 rows=10615 width=0)
	              Index Cond: ((id >= 9779739) AND (id <= 9789738))

table 8 : explain SELECT SUM(k) FROM sbtest8 WHERE id BETWEEN 5643707 AND 5653706
	Aggregate  (cost=32765.10..32765.11 rows=1 width=8)
	  ->  Bitmap Heap Scan on sbtest8  (cost=205.46..32741.43 rows=9466 width=4)
	        Recheck Cond: ((id >= 5643707) AND (id <= 5653706))
	        ->  Bitmap Index Scan on sbtest8_pkey  (cost=0.00..203.09 rows=9466 width=0)
	              Index Cond: ((id >= 5643707) AND (id <= 5653706))

for point_selects
table 1 : explain SELECT c FROM sbtest1 WHERE id=9990550
	Index Scan using sbtest1_pkey on sbtest1  (cost=0.43..8.45 rows=1 width=121)
	  Index Cond: (id = 9990550)

table 2 : explain SELECT c FROM sbtest2 WHERE id=4562584
	Index Scan using sbtest2_pkey on sbtest2  (cost=0.43..8.45 rows=1 width=121)
	  Index Cond: (id = 4562584)

table 3 : explain SELECT c FROM sbtest3 WHERE id=6651437
	Index Scan using sbtest3_pkey on sbtest3  (cost=0.43..8.45 rows=1 width=121)
	  Index Cond: (id = 6651437)

table 4 : explain SELECT c FROM sbtest4 WHERE id=9574631
	Index Scan using sbtest4_pkey on sbtest4  (cost=0.43..8.45 rows=1 width=121)
	  Index Cond: (id = 9574631)

table 5 : explain SELECT c FROM sbtest5 WHERE id=7501718
	Index Scan using sbtest5_pkey on sbtest5  (cost=0.43..8.45 rows=1 width=121)
	  Index Cond: (id = 7501718)

table 6 : explain SELECT c FROM sbtest6 WHERE id=8620772
	Index Scan using sbtest6_pkey on sbtest6  (cost=0.43..8.45 rows=1 width=121)
	  Index Cond: (id = 8620772)

table 7 : explain SELECT c FROM sbtest7 WHERE id=1879155
	Index Scan using sbtest7_pkey on sbtest7  (cost=0.43..8.45 rows=1 width=121)
	  Index Cond: (id = 1879155)

table 8 : explain SELECT c FROM sbtest8 WHERE id=6807286
	Index Scan using sbtest8_pkey on sbtest8  (cost=0.43..8.45 rows=1 width=121)
	  Index Cond: (id = 6807286)

for: distinct_ranges
table 1 : explain SELECT DISTINCT c FROM sbtest1 WHERE id BETWEEN 4911955 AND 4921954 ORDER BY c
	Unique  (cost=33465.99..33513.63 rows=9527 width=121)
	  ->  Sort  (cost=33465.99..33489.81 rows=9527 width=121)
	        Sort Key: c
	        ->  Bitmap Heap Scan on sbtest1  (cost=206.09..32836.36 rows=9527 width=121)
	              Recheck Cond: ((id >= 4911955) AND (id <= 4921954))
	              ->  Bitmap Index Scan on sbtest1_pkey  (cost=0.00..203.70 rows=9527 width=0)
	                    Index Cond: ((id >= 4911955) AND (id <= 4921954))

table 2 : explain SELECT DISTINCT c FROM sbtest2 WHERE id BETWEEN 2121640 AND 2131639 ORDER BY c
	Unique  (cost=35401.80..35452.41 rows=10122 width=121)
	  ->  Sort  (cost=35401.80..35427.10 rows=10122 width=121)
	        Sort Key: c
	        ->  Bitmap Heap Scan on sbtest2  (cost=216.19..34728.42 rows=10122 width=121)
	              Recheck Cond: ((id >= 2121640) AND (id <= 2131639))
	              ->  Bitmap Index Scan on sbtest2_pkey  (cost=0.00..213.66 rows=10122 width=0)
	                    Index Cond: ((id >= 2121640) AND (id <= 2131639))

table 3 : explain SELECT DISTINCT c FROM sbtest3 WHERE id BETWEEN 8696305 AND 8706304 ORDER BY c
	Unique  (cost=34330.39..34379.31 rows=9785 width=121)
	  ->  Sort  (cost=34330.39..34354.85 rows=9785 width=121)
	        Sort Key: c
	        ->  Bitmap Heap Scan on sbtest3  (cost=208.73..33681.82 rows=9785 width=121)
	              Recheck Cond: ((id >= 8696305) AND (id <= 8706304))
	              ->  Bitmap Index Scan on sbtest3_pkey  (cost=0.00..206.29 rows=9785 width=0)
	                    Index Cond: ((id >= 8696305) AND (id <= 8706304))

table 4 : explain SELECT DISTINCT c FROM sbtest4 WHERE id BETWEEN 2865708 AND 2875707 ORDER BY c
	Unique  (cost=33432.51..33479.99 rows=9496 width=121)
	  ->  Sort  (cost=33432.51..33456.25 rows=9496 width=121)
	        Sort Key: c
	        ->  Bitmap Heap Scan on sbtest4  (cost=205.77..32805.15 rows=9496 width=121)
	              Recheck Cond: ((id >= 2865708) AND (id <= 2875707))
	              ->  Bitmap Index Scan on sbtest4_pkey  (cost=0.00..203.40 rows=9496 width=0)
	                    Index Cond: ((id >= 2865708) AND (id <= 2875707))

table 5 : explain SELECT DISTINCT c FROM sbtest5 WHERE id BETWEEN 8360246 AND 8370245 ORDER BY c
	Unique  (cost=36495.10..36547.36 rows=10453 width=121)
	  ->  Sort  (cost=36495.10..36521.23 rows=10453 width=121)
	        Sort Key: c
	        ->  Bitmap Heap Scan on sbtest5  (cost=223.58..35797.28 rows=10453 width=121)
	              Recheck Cond: ((id >= 8360246) AND (id <= 8370245))
	              ->  Bitmap Index Scan on sbtest5_pkey  (cost=0.00..220.97 rows=10453 width=0)
	                    Index Cond: ((id >= 8360246) AND (id <= 8370245))

table 6 : explain SELECT DISTINCT c FROM sbtest6 WHERE id BETWEEN 9148433 AND 9158432 ORDER BY c
	Unique  (cost=35730.86..35781.88 rows=10204 width=121)
	  ->  Sort  (cost=35730.86..35756.37 rows=10204 width=121)
	        Sort Key: c
	        ->  Bitmap Heap Scan on sbtest6  (cost=221.03..35051.43 rows=10204 width=121)
	              Recheck Cond: ((id >= 9148433) AND (id <= 9158432))
	              ->  Bitmap Index Scan on sbtest6_pkey  (cost=0.00..218.48 rows=10204 width=0)
	                    Index Cond: ((id >= 9148433) AND (id <= 9158432))

table 7 : explain SELECT DISTINCT c FROM sbtest7 WHERE id BETWEEN 5376026 AND 5386025 ORDER BY c
	Unique  (cost=34027.53..34075.90 rows=9673 width=121)
	  ->  Sort  (cost=34027.53..34051.71 rows=9673 width=121)
	        Sort Key: c
	        ->  Bitmap Heap Scan on sbtest7  (cost=207.58..33387.19 rows=9673 width=121)
	              Recheck Cond: ((id >= 5376026) AND (id <= 5386025))
	              ->  Bitmap Index Scan on sbtest7_pkey  (cost=0.00..205.17 rows=9673 width=0)
	                    Index Cond: ((id >= 5376026) AND (id <= 5386025))

table 8 : explain SELECT DISTINCT c FROM sbtest8 WHERE id BETWEEN 704921 AND 714920 ORDER BY c
	Unique  (cost=35171.49..35221.63 rows=10028 width=121)
	  ->  Sort  (cost=35171.49..35196.56 rows=10028 width=121)
	        Sort Key: c
	        ->  Bitmap Heap Scan on sbtest8  (cost=219.22..34505.04 rows=10028 width=121)
	              Recheck Cond: ((id >= 704921) AND (id <= 714920))
	              ->  Bitmap Index Scan on sbtest8_pkey  (cost=0.00..216.72 rows=10028 width=0)
	                    Index Cond: ((id >= 704921) AND (id <= 714920))

for: order_ranges
table 1 : explain SELECT c FROM sbtest1 WHERE id BETWEEN 1434547 AND 1444546 ORDER BY c
	Sort  (cost=32569.66..32592.78 rows=9248 width=121)
	  Sort Key: c
	  ->  Bitmap Heap Scan on sbtest1  (cost=199.23..31960.45 rows=9248 width=121)
	        Recheck Cond: ((id >= 1434547) AND (id <= 1444546))
	        ->  Bitmap Index Scan on sbtest1_pkey  (cost=0.00..196.92 rows=9248 width=0)
	              Index Cond: ((id >= 1434547) AND (id <= 1444546))

table 2 : explain SELECT c FROM sbtest2 WHERE id BETWEEN 7613873 AND 7623872 ORDER BY c
	Sort  (cost=35920.36..35946.07 rows=10285 width=121)
	  Sort Key: c
	  ->  Bitmap Heap Scan on sbtest2  (cost=221.86..35234.96 rows=10285 width=121)
	        Recheck Cond: ((id >= 7613873) AND (id <= 7623872))
	        ->  Bitmap Index Scan on sbtest2_pkey  (cost=0.00..219.29 rows=10285 width=0)
	              Index Cond: ((id >= 7613873) AND (id <= 7623872))

table 3 : explain SELECT c FROM sbtest3 WHERE id BETWEEN 8908221 AND 8918220 ORDER BY c
	Sort  (cost=35248.54..35273.72 rows=10072 width=121)
	  Sort Key: c
	  ->  Bitmap Heap Scan on sbtest3  (cost=215.67..34578.85 rows=10072 width=121)
	        Recheck Cond: ((id >= 8908221) AND (id <= 8918220))
	        ->  Bitmap Index Scan on sbtest3_pkey  (cost=0.00..213.16 rows=10072 width=0)
	              Index Cond: ((id >= 8908221) AND (id <= 8918220))

table 4 : explain SELECT c FROM sbtest4 WHERE id BETWEEN 239056 AND 249055 ORDER BY c
	Sort  (cost=33021.15..33044.58 rows=9369 width=121)
	  Sort Key: c
	  ->  Bitmap Heap Scan on sbtest4  (cost=200.47..32403.09 rows=9369 width=121)
	        Recheck Cond: ((id >= 239056) AND (id <= 249055))
	        ->  Bitmap Index Scan on sbtest4_pkey  (cost=0.00..198.12 rows=9369 width=0)
	              Index Cond: ((id >= 239056) AND (id <= 249055))

table 5 : explain SELECT c FROM sbtest5 WHERE id BETWEEN 2276914 AND 2286913 ORDER BY c
	Sort  (cost=35063.89..35088.90 rows=10004 width=121)
	  Sort Key: c
	  ->  Bitmap Heap Scan on sbtest5  (cost=214.98..34399.21 rows=10004 width=121)
	        Recheck Cond: ((id >= 2276914) AND (id <= 2286913))
	        ->  Bitmap Index Scan on sbtest5_pkey  (cost=0.00..212.48 rows=10004 width=0)
	              Index Cond: ((id >= 2276914) AND (id <= 2286913))

table 6 : explain SELECT c FROM sbtest6 WHERE id BETWEEN 3931517 AND 3941516 ORDER BY c
	Sort  (cost=33896.67..33920.75 rows=9632 width=121)
	  Sort Key: c
	  ->  Bitmap Heap Scan on sbtest6  (cost=207.16..33259.34 rows=9632 width=121)
	        Recheck Cond: ((id >= 3931517) AND (id <= 3941516))
	        ->  Bitmap Index Scan on sbtest6_pkey  (cost=0.00..204.75 rows=9632 width=0)
	              Index Cond: ((id >= 3931517) AND (id <= 3941516))

table 7 : explain SELECT c FROM sbtest7 WHERE id BETWEEN 6669676 AND 6679675 ORDER BY c
	Sort  (cost=35278.18..35303.34 rows=10063 width=121)
	  Sort Key: c
	  ->  Bitmap Heap Scan on sbtest7  (cost=215.58..34609.16 rows=10063 width=121)
	        Recheck Cond: ((id >= 6669676) AND (id <= 6679675))
	        ->  Bitmap Index Scan on sbtest7_pkey  (cost=0.00..213.06 rows=10063 width=0)
	              Index Cond: ((id >= 6669676) AND (id <= 6679675))

table 8 : explain SELECT c FROM sbtest8 WHERE id BETWEEN 8031340 AND 8041339 ORDER BY c
	Sort  (cost=39203.05..39231.30 rows=11301 width=121)
	  Sort Key: c
	  ->  Bitmap Heap Scan on sbtest8  (cost=244.27..38442.26 rows=11301 width=121)
	        Recheck Cond: ((id >= 8031340) AND (id <= 8041339))
	        ->  Bitmap Index Scan on sbtest8_pkey  (cost=0.00..241.44 rows=11301 width=0)
	              Index Cond: ((id >= 8031340) AND (id <= 8041339))

for point_selects
table 1 : explain SELECT c FROM sbtest1 WHERE id=5553073
	Index Scan using sbtest1_pkey on sbtest1  (cost=0.43..8.45 rows=1 width=121)
	  Index Cond: (id = 5553073)

table 2 : explain SELECT c FROM sbtest2 WHERE id=4507873
	Index Scan using sbtest2_pkey on sbtest2  (cost=0.43..8.45 rows=1 width=121)
	  Index Cond: (id = 4507873)

table 3 : explain SELECT c FROM sbtest3 WHERE id=7381835
	Index Scan using sbtest3_pkey on sbtest3  (cost=0.43..8.45 rows=1 width=121)
	  Index Cond: (id = 7381835)

table 4 : explain SELECT c FROM sbtest4 WHERE id=1756309
	Index Scan using sbtest4_pkey on sbtest4  (cost=0.43..8.45 rows=1 width=121)
	  Index Cond: (id = 1756309)

table 5 : explain SELECT c FROM sbtest5 WHERE id=5469496
	Index Scan using sbtest5_pkey on sbtest5  (cost=0.43..8.45 rows=1 width=121)
	  Index Cond: (id = 5469496)

table 6 : explain SELECT c FROM sbtest6 WHERE id=9527435
	Index Scan using sbtest6_pkey on sbtest6  (cost=0.43..8.45 rows=1 width=121)
	  Index Cond: (id = 9527435)

table 7 : explain SELECT c FROM sbtest7 WHERE id=2471081
	Index Scan using sbtest7_pkey on sbtest7  (cost=0.43..8.45 rows=1 width=121)
	  Index Cond: (id = 2471081)

table 8 : explain SELECT c FROM sbtest8 WHERE id=9498158
	Index Scan using sbtest8_pkey on sbtest8  (cost=0.43..8.45 rows=1 width=121)
	  Index Cond: (id = 9498158)

for point_selects
table 1 : explain SELECT c FROM sbtest1 WHERE id=4143308
	Index Scan using sbtest1_pkey on sbtest1  (cost=0.43..8.45 rows=1 width=121)
	  Index Cond: (id = 4143308)

table 2 : explain SELECT c FROM sbtest2 WHERE id=6953260
	Index Scan using sbtest2_pkey on sbtest2  (cost=0.43..8.45 rows=1 width=121)
	  Index Cond: (id = 6953260)

table 3 : explain SELECT c FROM sbtest3 WHERE id=1130294
	Index Scan using sbtest3_pkey on sbtest3  (cost=0.43..8.45 rows=1 width=121)
	  Index Cond: (id = 1130294)

table 4 : explain SELECT c FROM sbtest4 WHERE id=2898787
	Index Scan using sbtest4_pkey on sbtest4  (cost=0.43..8.45 rows=1 width=121)
	  Index Cond: (id = 2898787)

table 5 : explain SELECT c FROM sbtest5 WHERE id=7400546
	Index Scan using sbtest5_pkey on sbtest5  (cost=0.43..8.45 rows=1 width=121)
	  Index Cond: (id = 7400546)

table 6 : explain SELECT c FROM sbtest6 WHERE id=906411
	Index Scan using sbtest6_pkey on sbtest6  (cost=0.43..8.45 rows=1 width=121)
	  Index Cond: (id = 906411)

table 7 : explain SELECT c FROM sbtest7 WHERE id=9049325
	Index Scan using sbtest7_pkey on sbtest7  (cost=0.43..8.45 rows=1 width=121)
	  Index Cond: (id = 9049325)

table 8 : explain SELECT c FROM sbtest8 WHERE id=7493946
	Index Scan using sbtest8_pkey on sbtest8  (cost=0.43..8.45 rows=1 width=121)
	  Index Cond: (id = 7493946)

for: order_ranges
table 1 : explain SELECT c FROM sbtest1 WHERE id BETWEEN 3818924 AND 3828923 ORDER BY c
	Sort  (cost=37440.15..37467.09 rows=10779 width=121)
	  Sort Key: c
	  ->  Bitmap Heap Scan on sbtest1  (cost=230.92..36718.17 rows=10779 width=121)
	        Recheck Cond: ((id >= 3818924) AND (id <= 3828923))
	        ->  Bitmap Index Scan on sbtest1_pkey  (cost=0.00..228.23 rows=10779 width=0)
	              Index Cond: ((id >= 3818924) AND (id <= 3828923))

table 2 : explain SELECT c FROM sbtest2 WHERE id BETWEEN 500543 AND 510542 ORDER BY c
	Sort  (cost=34283.51..34307.94 rows=9772 width=121)
	  Sort Key: c
	  ->  Bitmap Heap Scan on sbtest2  (cost=208.60..33635.90 rows=9772 width=121)
	        Recheck Cond: ((id >= 500543) AND (id <= 510542))
	        ->  Bitmap Index Scan on sbtest2_pkey  (cost=0.00..206.16 rows=9772 width=0)
	              Index Cond: ((id >= 500543) AND (id <= 510542))

table 3 : explain SELECT c FROM sbtest3 WHERE id BETWEEN 697054 AND 707053 ORDER BY c
	Sort  (cost=34495.79..34520.38 rows=9836 width=121)
	  Sort Key: c
	  ->  Bitmap Heap Scan on sbtest3  (cost=213.25..33843.47 rows=9836 width=121)
	        Recheck Cond: ((id >= 697054) AND (id <= 707053))
	        ->  Bitmap Index Scan on sbtest3_pkey  (cost=0.00..210.80 rows=9836 width=0)
	              Index Cond: ((id >= 697054) AND (id <= 707053))

table 4 : explain SELECT c FROM sbtest4 WHERE id BETWEEN 8737726 AND 8747725 ORDER BY c
	Sort  (cost=38454.78..38482.46 rows=11075 width=121)
	  Sort Key: c
	  ->  Bitmap Heap Scan on sbtest4  (cost=237.95..37710.81 rows=11075 width=121)
	        Recheck Cond: ((id >= 8737726) AND (id <= 8747725))
	        ->  Bitmap Index Scan on sbtest4_pkey  (cost=0.00..235.19 rows=11075 width=0)
	              Index Cond: ((id >= 8737726) AND (id <= 8747725))

table 5 : explain SELECT c FROM sbtest5 WHERE id BETWEEN 4196346 AND 4206345 ORDER BY c
	Sort  (cost=35550.24..35575.63 rows=10156 width=121)
	  Sort Key: c
	  ->  Bitmap Heap Scan on sbtest5  (cost=216.53..34874.36 rows=10156 width=121)
	        Recheck Cond: ((id >= 4196346) AND (id <= 4206345))
	        ->  Bitmap Index Scan on sbtest5_pkey  (cost=0.00..214.00 rows=10156 width=0)
	              Index Cond: ((id >= 4196346) AND (id <= 4206345))

table 6 : explain SELECT c FROM sbtest6 WHERE id BETWEEN 1243877 AND 1253876 ORDER BY c
	Sort  (cost=35819.56..35845.14 rows=10232 width=121)
	  Sort Key: c
	  ->  Bitmap Heap Scan on sbtest6  (cost=221.31..35138.07 rows=10232 width=121)
	        Recheck Cond: ((id >= 1243877) AND (id <= 1253876))
	        ->  Bitmap Index Scan on sbtest6_pkey  (cost=0.00..218.75 rows=10232 width=0)
	              Index Cond: ((id >= 1243877) AND (id <= 1253876))

table 7 : explain SELECT c FROM sbtest7 WHERE id BETWEEN 9214022 AND 9224021 ORDER BY c
	Sort  (cost=34859.98..34884.81 rows=9932 width=121)
	  Sort Key: c
	  ->  Bitmap Heap Scan on sbtest7  (cost=214.24..34200.61 rows=9932 width=121)
	        Recheck Cond: ((id >= 9214022) AND (id <= 9224021))
	        ->  Bitmap Index Scan on sbtest7_pkey  (cost=0.00..211.75 rows=9932 width=0)
	              Index Cond: ((id >= 9214022) AND (id <= 9224021))

table 8 : explain SELECT c FROM sbtest8 WHERE id BETWEEN 6932998 AND 6942997 ORDER BY c
	Sort  (cost=35414.94..35440.20 rows=10104 width=121)
	  Sort Key: c
	  ->  Bitmap Heap Scan on sbtest8  (cost=220.00..34742.89 rows=10104 width=121)
	        Recheck Cond: ((id >= 6932998) AND (id <= 6942997))
	        ->  Bitmap Index Scan on sbtest8_pkey  (cost=0.00..217.48 rows=10104 width=0)
	              Index Cond: ((id >= 6932998) AND (id <= 6942997))

for: order_ranges
table 1 : explain SELECT c FROM sbtest1 WHERE id BETWEEN 8252275 AND 8262274 ORDER BY c
	Sort  (cost=37033.51..37060.13 rows=10649 width=121)
	  Sort Key: c
	  ->  Bitmap Heap Scan on sbtest1  (cost=229.59..36321.17 rows=10649 width=121)
	        Recheck Cond: ((id >= 8252275) AND (id <= 8262274))
	        ->  Bitmap Index Scan on sbtest1_pkey  (cost=0.00..226.93 rows=10649 width=0)
	              Index Cond: ((id >= 8252275) AND (id <= 8262274))

table 2 : explain SELECT c FROM sbtest2 WHERE id BETWEEN 4525192 AND 4535191 ORDER BY c
	Sort  (cost=35224.69..35249.86 rows=10067 width=121)
	  Sort Key: c
	  ->  Bitmap Heap Scan on sbtest2  (cost=215.62..34555.37 rows=10067 width=121)
	        Recheck Cond: ((id >= 4525192) AND (id <= 4535191))
	        ->  Bitmap Index Scan on sbtest2_pkey  (cost=0.00..213.11 rows=10067 width=0)
	              Index Cond: ((id >= 4525192) AND (id <= 4535191))

table 3 : explain SELECT c FROM sbtest3 WHERE id BETWEEN 6530297 AND 6540296 ORDER BY c
	Sort  (cost=35672.48..35697.99 rows=10205 width=121)
	  Sort Key: c
	  ->  Bitmap Heap Scan on sbtest3  (cost=221.04..34992.98 rows=10205 width=121)
	        Recheck Cond: ((id >= 6530297) AND (id <= 6540296))
	        ->  Bitmap Index Scan on sbtest3_pkey  (cost=0.00..218.49 rows=10205 width=0)
	              Index Cond: ((id >= 6530297) AND (id <= 6540296))

table 4 : explain SELECT c FROM sbtest4 WHERE id BETWEEN 2422843 AND 2432842 ORDER BY c
	Sort  (cost=35316.06..35341.27 rows=10084 width=121)
	  Sort Key: c
	  ->  Bitmap Heap Scan on sbtest4  (cost=215.80..34645.49 rows=10084 width=121)
	        Recheck Cond: ((id >= 2422843) AND (id <= 2432842))
	        ->  Bitmap Index Scan on sbtest4_pkey  (cost=0.00..213.28 rows=10084 width=0)
	              Index Cond: ((id >= 2422843) AND (id <= 2432842))

table 5 : explain SELECT c FROM sbtest5 WHERE id BETWEEN 770677 AND 780676 ORDER BY c
	Sort  (cost=35448.43..35473.74 rows=10124 width=121)
	  Sort Key: c
	  ->  Bitmap Heap Scan on sbtest5  (cost=216.21..34774.90 rows=10124 width=121)
	        Recheck Cond: ((id >= 770677) AND (id <= 780676))
	        ->  Bitmap Index Scan on sbtest5_pkey  (cost=0.00..213.68 rows=10124 width=0)
	              Index Cond: ((id >= 770677) AND (id <= 780676))

table 6 : explain SELECT c FROM sbtest6 WHERE id BETWEEN 3508030 AND 3518029 ORDER BY c
	Sort  (cost=35157.88..35182.94 rows=10025 width=121)
	  Sort Key: c
	  ->  Bitmap Heap Scan on sbtest6  (cost=215.19..34491.65 rows=10025 width=121)
	        Recheck Cond: ((id >= 3508030) AND (id <= 3518029))
	        ->  Bitmap Index Scan on sbtest6_pkey  (cost=0.00..212.69 rows=10025 width=0)
	              Index Cond: ((id >= 3508030) AND (id <= 3518029))

table 7 : explain SELECT c FROM sbtest7 WHERE id BETWEEN 9558849 AND 9568848 ORDER BY c
	Sort  (cost=34166.30..34190.59 rows=9716 width=121)
	  Sort Key: c
	  ->  Bitmap Heap Scan on sbtest7  (cost=208.02..33522.81 rows=9716 width=121)
	        Recheck Cond: ((id >= 9558849) AND (id <= 9568848))
	        ->  Bitmap Index Scan on sbtest7_pkey  (cost=0.00..205.59 rows=9716 width=0)
	              Index Cond: ((id >= 9558849) AND (id <= 9568848))

table 8 : explain SELECT c FROM sbtest8 WHERE id BETWEEN 5559492 AND 5569491 ORDER BY c
	Sort  (cost=34871.04..34895.87 rows=9935 width=121)
	  Sort Key: c
	  ->  Bitmap Heap Scan on sbtest8  (cost=214.27..34211.44 rows=9935 width=121)
	        Recheck Cond: ((id >= 5559492) AND (id <= 5569491))
	        ->  Bitmap Index Scan on sbtest8_pkey  (cost=0.00..211.79 rows=9935 width=0)
	              Index Cond: ((id >= 5559492) AND (id <= 5569491))

for point_selects
table 1 : explain SELECT c FROM sbtest1 WHERE id=4522184
	Index Scan using sbtest1_pkey on sbtest1  (cost=0.43..8.45 rows=1 width=121)
	  Index Cond: (id = 4522184)

table 2 : explain SELECT c FROM sbtest2 WHERE id=9461436
	Index Scan using sbtest2_pkey on sbtest2  (cost=0.43..8.45 rows=1 width=121)
	  Index Cond: (id = 9461436)

table 3 : explain SELECT c FROM sbtest3 WHERE id=3110882
	Index Scan using sbtest3_pkey on sbtest3  (cost=0.43..8.45 rows=1 width=121)
	  Index Cond: (id = 3110882)

table 4 : explain SELECT c FROM sbtest4 WHERE id=6959628
	Index Scan using sbtest4_pkey on sbtest4  (cost=0.43..8.45 rows=1 width=121)
	  Index Cond: (id = 6959628)

table 5 : explain SELECT c FROM sbtest5 WHERE id=7066359
	Index Scan using sbtest5_pkey on sbtest5  (cost=0.43..8.45 rows=1 width=121)
	  Index Cond: (id = 7066359)

table 6 : explain SELECT c FROM sbtest6 WHERE id=4462888
	Index Scan using sbtest6_pkey on sbtest6  (cost=0.43..8.45 rows=1 width=121)
	  Index Cond: (id = 4462888)

table 7 : explain SELECT c FROM sbtest7 WHERE id=8663600
	Index Scan using sbtest7_pkey on sbtest7  (cost=0.43..8.45 rows=1 width=121)
	  Index Cond: (id = 8663600)

table 8 : explain SELECT c FROM sbtest8 WHERE id=5961772
	Index Scan using sbtest8_pkey on sbtest8  (cost=0.43..8.45 rows=1 width=121)
	  Index Cond: (id = 5961772)

for point_selects
table 1 : explain SELECT c FROM sbtest1 WHERE id=6826444
	Index Scan using sbtest1_pkey on sbtest1  (cost=0.43..8.45 rows=1 width=121)
	  Index Cond: (id = 6826444)

table 2 : explain SELECT c FROM sbtest2 WHERE id=2585273
	Index Scan using sbtest2_pkey on sbtest2  (cost=0.43..8.45 rows=1 width=121)
	  Index Cond: (id = 2585273)

table 3 : explain SELECT c FROM sbtest3 WHERE id=3612958
	Index Scan using sbtest3_pkey on sbtest3  (cost=0.43..8.45 rows=1 width=121)
	  Index Cond: (id = 3612958)

table 4 : explain SELECT c FROM sbtest4 WHERE id=7803447
	Index Scan using sbtest4_pkey on sbtest4  (cost=0.43..8.45 rows=1 width=121)
	  Index Cond: (id = 7803447)

table 5 : explain SELECT c FROM sbtest5 WHERE id=4820732
	Index Scan using sbtest5_pkey on sbtest5  (cost=0.43..8.45 rows=1 width=121)
	  Index Cond: (id = 4820732)

table 6 : explain SELECT c FROM sbtest6 WHERE id=1646990
	Index Scan using sbtest6_pkey on sbtest6  (cost=0.43..8.45 rows=1 width=121)
	  Index Cond: (id = 1646990)

table 7 : explain SELECT c FROM sbtest7 WHERE id=2168598
	Index Scan using sbtest7_pkey on sbtest7  (cost=0.43..8.45 rows=1 width=121)
	  Index Cond: (id = 2168598)

table 8 : explain SELECT c FROM sbtest8 WHERE id=30507
	Index Scan using sbtest8_pkey on sbtest8  (cost=0.43..8.45 rows=1 width=121)
	  Index Cond: (id = 30507)

for: order_ranges
table 1 : explain SELECT c FROM sbtest1 WHERE id BETWEEN 7003033 AND 7013032 ORDER BY c
	Sort  (cost=36716.87..36743.25 rows=10550 width=121)
	  Sort Key: c
	  ->  Bitmap Heap Scan on sbtest1  (cost=224.57..36011.87 rows=10550 width=121)
	        Recheck Cond: ((id >= 7003033) AND (id <= 7013032))
	        ->  Bitmap Index Scan on sbtest1_pkey  (cost=0.00..221.94 rows=10550 width=0)
	              Index Cond: ((id >= 7003033) AND (id <= 7013032))

table 2 : explain SELECT c FROM sbtest2 WHERE id BETWEEN 4165775 AND 4175774 ORDER BY c
	Sort  (cost=35565.79..35591.22 rows=10174 width=121)
	  Sort Key: c
	  ->  Bitmap Heap Scan on sbtest2  (cost=216.72..34888.58 rows=10174 width=121)
	        Recheck Cond: ((id >= 4165775) AND (id <= 4175774))
	        ->  Bitmap Index Scan on sbtest2_pkey  (cost=0.00..214.18 rows=10174 width=0)
	              Index Cond: ((id >= 4165775) AND (id <= 4175774))

table 3 : explain SELECT c FROM sbtest3 WHERE id BETWEEN 2820779 AND 2830778 ORDER BY c
	Sort  (cost=35150.14..35175.25 rows=10042 width=121)
	  Sort Key: c
	  ->  Bitmap Heap Scan on sbtest3  (cost=215.37..34482.66 rows=10042 width=121)
	        Recheck Cond: ((id >= 2820779) AND (id <= 2830778))
	        ->  Bitmap Index Scan on sbtest3_pkey  (cost=0.00..212.86 rows=10042 width=0)
	              Index Cond: ((id >= 2820779) AND (id <= 2830778))

table 4 : explain SELECT c FROM sbtest4 WHERE id BETWEEN 8565513 AND 8575512 ORDER BY c
	Sort  (cost=36277.89..36303.86 rows=10386 width=121)
	  Sort Key: c
	  ->  Bitmap Heap Scan on sbtest4  (cost=222.89..35585.02 rows=10386 width=121)
	        Recheck Cond: ((id >= 8565513) AND (id <= 8575512))
	        ->  Bitmap Index Scan on sbtest4_pkey  (cost=0.00..220.30 rows=10386 width=0)
	              Index Cond: ((id >= 8565513) AND (id <= 8575512))

table 5 : explain SELECT c FROM sbtest5 WHERE id BETWEEN 5703052 AND 5713051 ORDER BY c
	Sort  (cost=32613.58..32636.68 rows=9241 width=121)
	  Sort Key: c
	  ->  Bitmap Heap Scan on sbtest5  (cost=199.16..32004.88 rows=9241 width=121)
	        Recheck Cond: ((id >= 5703052) AND (id <= 5713051))
	        ->  Bitmap Index Scan on sbtest5_pkey  (cost=0.00..196.84 rows=9241 width=0)
	              Index Cond: ((id >= 5703052) AND (id <= 5713051))

table 6 : explain SELECT c FROM sbtest6 WHERE id BETWEEN 6863367 AND 6873366 ORDER BY c
	Sort  (cost=36842.99..36869.38 rows=10553 width=121)
	  Sort Key: c
	  ->  Bitmap Heap Scan on sbtest6  (cost=228.60..36137.77 rows=10553 width=121)
	        Recheck Cond: ((id >= 6863367) AND (id <= 6873366))
	        ->  Bitmap Index Scan on sbtest6_pkey  (cost=0.00..225.97 rows=10553 width=0)
	              Index Cond: ((id >= 6863367) AND (id <= 6873366))

table 7 : explain SELECT c FROM sbtest7 WHERE id BETWEEN 1174110 AND 1184109 ORDER BY c
	Sort  (cost=34325.60..34350.01 rows=9765 width=121)
	  Sort Key: c
	  ->  Bitmap Heap Scan on sbtest7  (cost=212.53..33678.50 rows=9765 width=121)
	        Recheck Cond: ((id >= 1174110) AND (id <= 1184109))
	        ->  Bitmap Index Scan on sbtest7_pkey  (cost=0.00..210.09 rows=9765 width=0)
	              Index Cond: ((id >= 1174110) AND (id <= 1184109))

table 8 : explain SELECT c FROM sbtest8 WHERE id BETWEEN 1469177 AND 1479176 ORDER BY c
	Sort  (cost=36318.74..36344.71 rows=10388 width=121)
	  Sort Key: c
	  ->  Bitmap Heap Scan on sbtest8  (cost=226.91..35625.73 rows=10388 width=121)
	        Recheck Cond: ((id >= 1469177) AND (id <= 1479176))
	        ->  Bitmap Index Scan on sbtest8_pkey  (cost=0.00..224.31 rows=10388 width=0)
	              Index Cond: ((id >= 1469177) AND (id <= 1479176))

for: order_ranges
table 1 : explain SELECT c FROM sbtest1 WHERE id BETWEEN 9412676 AND 9422675 ORDER BY c
	Sort  (cost=35753.77..35779.39 rows=10245 width=121)
	  Sort Key: c
	  ->  Bitmap Heap Scan on sbtest1  (cost=221.45..35071.32 rows=10245 width=121)
	        Recheck Cond: ((id >= 9412676) AND (id <= 9422675))
	        ->  Bitmap Index Scan on sbtest1_pkey  (cost=0.00..218.88 rows=10245 width=0)
	              Index Cond: ((id >= 9412676) AND (id <= 9422675))

table 2 : explain SELECT c FROM sbtest2 WHERE id BETWEEN 2276350 AND 2286349 ORDER BY c
	Sort  (cost=37761.33..37788.50 rows=10868 width=121)
	  Sort Key: c
	  ->  Bitmap Heap Scan on sbtest2  (cost=231.83..37032.75 rows=10868 width=121)
	        Recheck Cond: ((id >= 2276350) AND (id <= 2286349))
	        ->  Bitmap Index Scan on sbtest2_pkey  (cost=0.00..229.12 rows=10868 width=0)
	              Index Cond: ((id >= 2276350) AND (id <= 2286349))

table 3 : explain SELECT c FROM sbtest3 WHERE id BETWEEN 4034930 AND 4044929 ORDER BY c
	Sort  (cost=36634.37..36660.65 rows=10509 width=121)
	  Sort Key: c
	  ->  Bitmap Heap Scan on sbtest3  (cost=224.15..35932.41 rows=10509 width=121)
	        Recheck Cond: ((id >= 4034930) AND (id <= 4044929))
	        ->  Bitmap Index Scan on sbtest3_pkey  (cost=0.00..221.53 rows=10509 width=0)
	              Index Cond: ((id >= 4034930) AND (id <= 4044929))

table 4 : explain SELECT c FROM sbtest4 WHERE id BETWEEN 1184655 AND 1194654 ORDER BY c
	Sort  (cost=39166.05..39194.31 rows=11301 width=121)
	  Sort Key: c
	  ->  Bitmap Heap Scan on sbtest4  (cost=244.27..38405.26 rows=11301 width=121)
	        Recheck Cond: ((id >= 1184655) AND (id <= 1194654))
	        ->  Bitmap Index Scan on sbtest4_pkey  (cost=0.00..241.44 rows=11301 width=0)
	              Index Cond: ((id >= 1184655) AND (id <= 1194654))

table 5 : explain SELECT c FROM sbtest5 WHERE id BETWEEN 2582386 AND 2592385 ORDER BY c
	Sort  (cost=36554.04..36580.22 rows=10472 width=121)
	  Sort Key: c
	  ->  Bitmap Heap Scan on sbtest5  (cost=223.77..35854.81 rows=10472 width=121)
	        Recheck Cond: ((id >= 2582386) AND (id <= 2592385))
	        ->  Bitmap Index Scan on sbtest5_pkey  (cost=0.00..221.16 rows=10472 width=0)
	              Index Cond: ((id >= 2582386) AND (id <= 2592385))

table 6 : explain SELECT c FROM sbtest6 WHERE id BETWEEN 9228018 AND 9238017 ORDER BY c
	Sort  (cost=38152.79..38180.21 rows=10968 width=121)
	  Sort Key: c
	  ->  Bitmap Heap Scan on sbtest6  (cost=236.86..37416.79 rows=10968 width=121)
	        Recheck Cond: ((id >= 9228018) AND (id <= 9238017))
	        ->  Bitmap Index Scan on sbtest6_pkey  (cost=0.00..234.12 rows=10968 width=0)
	              Index Cond: ((id >= 9228018) AND (id <= 9238017))

table 7 : explain SELECT c FROM sbtest7 WHERE id BETWEEN 3644601 AND 3654600 ORDER BY c
	Sort  (cost=36726.91..36753.20 rows=10517 width=121)
	  Sort Key: c
	  ->  Bitmap Heap Scan on sbtest7  (cost=228.23..36024.35 rows=10517 width=121)
	        Recheck Cond: ((id >= 3644601) AND (id <= 3654600))
	        ->  Bitmap Index Scan on sbtest7_pkey  (cost=0.00..225.61 rows=10517 width=0)
	              Index Cond: ((id >= 3644601) AND (id <= 3654600))

table 8 : explain SELECT c FROM sbtest8 WHERE id BETWEEN 6981629 AND 6991628 ORDER BY c
	Sort  (cost=35319.64..35344.83 rows=10075 width=121)
	  Sort Key: c
	  ->  Bitmap Heap Scan on sbtest8  (cost=219.70..34649.73 rows=10075 width=121)
	        Recheck Cond: ((id >= 6981629) AND (id <= 6991628))
	        ->  Bitmap Index Scan on sbtest8_pkey  (cost=0.00..217.19 rows=10075 width=0)
	              Index Cond: ((id >= 6981629) AND (id <= 6991628))

for point_selects
table 1 : explain SELECT c FROM sbtest1 WHERE id=9194298
	Index Scan using sbtest1_pkey on sbtest1  (cost=0.43..8.45 rows=1 width=121)
	  Index Cond: (id = 9194298)

table 2 : explain SELECT c FROM sbtest2 WHERE id=6965373
	Index Scan using sbtest2_pkey on sbtest2  (cost=0.43..8.45 rows=1 width=121)
	  Index Cond: (id = 6965373)

table 3 : explain SELECT c FROM sbtest3 WHERE id=7754817
	Index Scan using sbtest3_pkey on sbtest3  (cost=0.43..8.45 rows=1 width=121)
	  Index Cond: (id = 7754817)

table 4 : explain SELECT c FROM sbtest4 WHERE id=4321156
	Index Scan using sbtest4_pkey on sbtest4  (cost=0.43..8.45 rows=1 width=121)
	  Index Cond: (id = 4321156)

table 5 : explain SELECT c FROM sbtest5 WHERE id=5561257
	Index Scan using sbtest5_pkey on sbtest5  (cost=0.43..8.45 rows=1 width=121)
	  Index Cond: (id = 5561257)

table 6 : explain SELECT c FROM sbtest6 WHERE id=8272980
	Index Scan using sbtest6_pkey on sbtest6  (cost=0.43..8.45 rows=1 width=121)
	  Index Cond: (id = 8272980)

table 7 : explain SELECT c FROM sbtest7 WHERE id=7939422
	Index Scan using sbtest7_pkey on sbtest7  (cost=0.43..8.45 rows=1 width=121)
	  Index Cond: (id = 7939422)

table 8 : explain SELECT c FROM sbtest8 WHERE id=6038421
	Index Scan using sbtest8_pkey on sbtest8  (cost=0.43..8.45 rows=1 width=121)
	  Index Cond: (id = 6038421)

explain: for point_selects :: explain SELECT c FROM sbtest%u WHERE id=%u
explain: for point_selects :: explain SELECT c FROM sbtest%u WHERE id=%u
for: simple_ranges
table 1 : explain SELECT c FROM sbtest1 WHERE id BETWEEN 2473882 AND 2483881
	Bitmap Heap Scan on sbtest1  (cost=216.07..34654.89 rows=10111 width=121)
	  Recheck Cond: ((id >= 2473882) AND (id <= 2483881))
	  ->  Bitmap Index Scan on sbtest1_pkey  (cost=0.00..213.55 rows=10111 width=0)
	        Index Cond: ((id >= 2473882) AND (id <= 2483881))

table 2 : explain SELECT c FROM sbtest2 WHERE id BETWEEN 6981278 AND 6991277
	Bitmap Heap Scan on sbtest2  (cost=207.81..33394.43 rows=9695 width=121)
	  Recheck Cond: ((id >= 6981278) AND (id <= 6991277))
	  ->  Bitmap Index Scan on sbtest2_pkey  (cost=0.00..205.38 rows=9695 width=0)
	        Index Cond: ((id >= 6981278) AND (id <= 6991277))

table 3 : explain SELECT c FROM sbtest3 WHERE id BETWEEN 6401365 AND 6411364
	Bitmap Heap Scan on sbtest3  (cost=228.80..36130.88 rows=10572 width=121)
	  Recheck Cond: ((id >= 6401365) AND (id <= 6411364))
	  ->  Bitmap Index Scan on sbtest3_pkey  (cost=0.00..226.16 rows=10572 width=0)
	        Index Cond: ((id >= 6401365) AND (id <= 6411364))

table 4 : explain SELECT c FROM sbtest4 WHERE id BETWEEN 8612922 AND 8622921
	Bitmap Heap Scan on sbtest4  (cost=222.89..35585.02 rows=10386 width=121)
	  Recheck Cond: ((id >= 8612922) AND (id <= 8622921))
	  ->  Bitmap Index Scan on sbtest4_pkey  (cost=0.00..220.30 rows=10386 width=0)
	        Index Cond: ((id >= 8612922) AND (id <= 8622921))

table 5 : explain SELECT c FROM sbtest5 WHERE id BETWEEN 8747254 AND 8757253
	Bitmap Heap Scan on sbtest5  (cost=222.86..35579.87 rows=10383 width=121)
	  Recheck Cond: ((id >= 8747254) AND (id <= 8757253))
	  ->  Bitmap Index Scan on sbtest5_pkey  (cost=0.00..220.26 rows=10383 width=0)
	        Index Cond: ((id >= 8747254) AND (id <= 8757253))

table 6 : explain SELECT c FROM sbtest6 WHERE id BETWEEN 9471836 AND 9481835
	Bitmap Heap Scan on sbtest6  (cost=237.63..37648.78 rows=11043 width=121)
	  Recheck Cond: ((id >= 9471836) AND (id <= 9481835))
	  ->  Bitmap Index Scan on sbtest6_pkey  (cost=0.00..234.87 rows=11043 width=0)
	        Index Cond: ((id >= 9471836) AND (id <= 9481835))

table 7 : explain SELECT c FROM sbtest7 WHERE id BETWEEN 1255351 AND 1265350
	Bitmap Heap Scan on sbtest7  (cost=200.40..32409.05 rows=9362 width=121)
	  Recheck Cond: ((id >= 1255351) AND (id <= 1265350))
	  ->  Bitmap Index Scan on sbtest7_pkey  (cost=0.00..198.06 rows=9362 width=0)
	        Index Cond: ((id >= 1255351) AND (id <= 1265350))

table 8 : explain SELECT c FROM sbtest8 WHERE id BETWEEN 5035545 AND 5045544
	Bitmap Heap Scan on sbtest8  (cost=219.07..34456.81 rows=10013 width=121)
	  Recheck Cond: ((id >= 5035545) AND (id <= 5045544))
	  ->  Bitmap Index Scan on sbtest8_pkey  (cost=0.00..216.56 rows=10013 width=0)
	        Index Cond: ((id >= 5035545) AND (id <= 5045544))

for: simple_ranges
table 1 : explain SELECT c FROM sbtest1 WHERE id BETWEEN 4944438 AND 4954437
	Bitmap Heap Scan on sbtest1  (cost=206.09..32836.36 rows=9527 width=121)
	  Recheck Cond: ((id >= 4944438) AND (id <= 4954437))
	  ->  Bitmap Index Scan on sbtest1_pkey  (cost=0.00..203.70 rows=9527 width=0)
	        Index Cond: ((id >= 4944438) AND (id <= 4954437))

table 2 : explain SELECT c FROM sbtest2 WHERE id BETWEEN 8785753 AND 8795752
	Bitmap Heap Scan on sbtest2  (cost=237.97..37677.25 rows=11077 width=121)
	  Recheck Cond: ((id >= 8785753) AND (id <= 8795752))
	  ->  Bitmap Index Scan on sbtest2_pkey  (cost=0.00..235.20 rows=11077 width=0)
	        Index Cond: ((id >= 8785753) AND (id <= 8795752))

table 3 : explain SELECT c FROM sbtest3 WHERE id BETWEEN 7387347 AND 7397346
	Bitmap Heap Scan on sbtest3  (cost=215.61..34559.62 rows=10066 width=121)
	  Recheck Cond: ((id >= 7387347) AND (id <= 7397346))
	  ->  Bitmap Index Scan on sbtest3_pkey  (cost=0.00..213.09 rows=10066 width=0)
	        Index Cond: ((id >= 7387347) AND (id <= 7397346))

table 4 : explain SELECT c FROM sbtest4 WHERE id BETWEEN 4389703 AND 4399702
	Bitmap Heap Scan on sbtest4  (cost=224.06..35936.56 rows=10500 width=121)
	  Recheck Cond: ((id >= 4389703) AND (id <= 4399702))
	  ->  Bitmap Index Scan on sbtest4_pkey  (cost=0.00..221.44 rows=10500 width=0)
	        Index Cond: ((id >= 4389703) AND (id <= 4399702))

table 5 : explain SELECT c FROM sbtest5 WHERE id BETWEEN 2517406 AND 2527405
	Bitmap Heap Scan on sbtest5  (cost=216.20..34771.70 rows=10123 width=121)
	  Recheck Cond: ((id >= 2517406) AND (id <= 2527405))
	  ->  Bitmap Index Scan on sbtest5_pkey  (cost=0.00..213.67 rows=10123 width=0)
	        Index Cond: ((id >= 2517406) AND (id <= 2527405))

table 6 : explain SELECT c FROM sbtest6 WHERE id BETWEEN 215574 AND 225573
	Bitmap Heap Scan on sbtest6  (cost=221.86..35304.81 rows=10285 width=121)
	  Recheck Cond: ((id >= 215574) AND (id <= 225573))
	  ->  Bitmap Index Scan on sbtest6_pkey  (cost=0.00..219.29 rows=10285 width=0)
	        Index Cond: ((id >= 215574) AND (id <= 225573))

table 7 : explain SELECT c FROM sbtest7 WHERE id BETWEEN 6895278 AND 6905277
	Bitmap Heap Scan on sbtest7  (cost=205.33..32698.25 rows=9453 width=121)
	  Recheck Cond: ((id >= 6895278) AND (id <= 6905277))
	  ->  Bitmap Index Scan on sbtest7_pkey  (cost=0.00..202.97 rows=9453 width=0)
	        Index Cond: ((id >= 6895278) AND (id <= 6905277))

table 8 : explain SELECT c FROM sbtest8 WHERE id BETWEEN 825655 AND 835654
	Bitmap Heap Scan on sbtest8  (cost=221.11..35076.83 rows=10212 width=121)
	  Recheck Cond: ((id >= 825655) AND (id <= 835654))
	  ->  Bitmap Index Scan on sbtest8_pkey  (cost=0.00..218.56 rows=10212 width=0)
	        Index Cond: ((id >= 825655) AND (id <= 835654))

for: distinct_ranges
table 1 : explain SELECT DISTINCT c FROM sbtest1 WHERE id BETWEEN 6320486 AND 6330485 ORDER BY c
	Unique  (cost=32138.94..32184.51 rows=9114 width=121)
	  ->  Sort  (cost=32138.94..32161.72 rows=9114 width=121)
	        Sort Key: c
	        ->  Bitmap Heap Scan on sbtest1  (cost=197.85..31539.52 rows=9114 width=121)
	              Recheck Cond: ((id >= 6320486) AND (id <= 6330485))
	              ->  Bitmap Index Scan on sbtest1_pkey  (cost=0.00..195.57 rows=9114 width=0)
	                    Index Cond: ((id >= 6320486) AND (id <= 6330485))

table 2 : explain SELECT DISTINCT c FROM sbtest2 WHERE id BETWEEN 2231390 AND 2241389 ORDER BY c
	Unique  (cost=34501.52..34550.71 rows=9839 width=121)
	  ->  Sort  (cost=34501.52..34526.11 rows=9839 width=121)
	        Sort Key: c
	        ->  Bitmap Heap Scan on sbtest2  (cost=213.28..33848.98 rows=9839 width=121)
	              Recheck Cond: ((id >= 2231390) AND (id <= 2241389))
	              ->  Bitmap Index Scan on sbtest2_pkey  (cost=0.00..210.82 rows=9839 width=0)
	                    Index Cond: ((id >= 2231390) AND (id <= 2241389))

table 3 : explain SELECT DISTINCT c FROM sbtest3 WHERE id BETWEEN 4484749 AND 4494748 ORDER BY c
	Unique  (cost=35386.44..35437.02 rows=10116 width=121)
	  ->  Sort  (cost=35386.44..35411.73 rows=10116 width=121)
	        Sort Key: c
	        ->  Bitmap Heap Scan on sbtest3  (cost=216.12..34713.51 rows=10116 width=121)
	              Recheck Cond: ((id >= 4484749) AND (id <= 4494748))
	              ->  Bitmap Index Scan on sbtest3_pkey  (cost=0.00..213.59 rows=10116 width=0)
	                    Index Cond: ((id >= 4484749) AND (id <= 4494748))

table 4 : explain SELECT DISTINCT c FROM sbtest4 WHERE id BETWEEN 7576901 AND 7586900 ORDER BY c
	Unique  (cost=36222.28..36274.12 rows=10369 width=121)
	  ->  Sort  (cost=36222.28..36248.20 rows=10369 width=121)
	        Sort Key: c
	        ->  Bitmap Heap Scan on sbtest4  (cost=222.72..35530.67 rows=10369 width=121)
	              Recheck Cond: ((id >= 7576901) AND (id <= 7586900))
	              ->  Bitmap Index Scan on sbtest4_pkey  (cost=0.00..220.12 rows=10369 width=0)
	                    Index Cond: ((id >= 7576901) AND (id <= 7586900))

table 5 : explain SELECT DISTINCT c FROM sbtest5 WHERE id BETWEEN 6106429 AND 6116428 ORDER BY c
	Unique  (cost=36144.78..36196.50 rows=10343 width=121)
	  ->  Sort  (cost=36144.78..36170.64 rows=10343 width=121)
	        Sort Key: c
	        ->  Bitmap Heap Scan on sbtest5  (cost=222.45..35455.09 rows=10343 width=121)
	              Recheck Cond: ((id >= 6106429) AND (id <= 6116428))
	              ->  Bitmap Index Scan on sbtest5_pkey  (cost=0.00..219.87 rows=10343 width=0)
	                    Index Cond: ((id >= 6106429) AND (id <= 6116428))

table 6 : explain SELECT DISTINCT c FROM sbtest6 WHERE id BETWEEN 2452871 AND 2462870 ORDER BY c
	Unique  (cost=33356.90..33404.22 rows=9463 width=121)
	  ->  Sort  (cost=33356.90..33380.56 rows=9463 width=121)
	        Sort Key: c
	        ->  Bitmap Heap Scan on sbtest6  (cost=205.43..32731.96 rows=9463 width=121)
	              Recheck Cond: ((id >= 2452871) AND (id <= 2462870))
	              ->  Bitmap Index Scan on sbtest6_pkey  (cost=0.00..203.06 rows=9463 width=0)
	                    Index Cond: ((id >= 2452871) AND (id <= 2462870))

table 7 : explain SELECT DISTINCT c FROM sbtest7 WHERE id BETWEEN 260322 AND 270321 ORDER BY c
	Unique  (cost=38470.02..38525.37 rows=11069 width=121)
	  ->  Sort  (cost=38470.02..38497.69 rows=11069 width=121)
	        Sort Key: c
	        ->  Bitmap Heap Scan on sbtest7  (cost=237.89..37726.50 rows=11069 width=121)
	              Recheck Cond: ((id >= 260322) AND (id <= 270321))
	              ->  Bitmap Index Scan on sbtest7_pkey  (cost=0.00..235.12 rows=11069 width=0)
	                    Index Cond: ((id >= 260322) AND (id <= 270321))

table 8 : explain SELECT DISTINCT c FROM sbtest8 WHERE id BETWEEN 6749558 AND 6759557 ORDER BY c
	Unique  (cost=34653.45..34702.79 rows=9867 width=121)
	  ->  Sort  (cost=34653.45..34678.12 rows=9867 width=121)
	        Sort Key: c
	        ->  Bitmap Heap Scan on sbtest8  (cost=213.57..33998.85 rows=9867 width=121)
	              Recheck Cond: ((id >= 6749558) AND (id <= 6759557))
	              ->  Bitmap Index Scan on sbtest8_pkey  (cost=0.00..211.11 rows=9867 width=0)
	                    Index Cond: ((id >= 6749558) AND (id <= 6759557))

explain: for point_selects :: explain SELECT c FROM sbtest%u WHERE id=%u
for: simple_ranges
table 1 : explain SELECT c FROM sbtest1 WHERE id BETWEEN 7899066 AND 7909065
	Bitmap Heap Scan on sbtest1  (cost=223.34..35642.45 rows=10430 width=121)
	  Recheck Cond: ((id >= 7899066) AND (id <= 7909065))
	  ->  Bitmap Index Scan on sbtest1_pkey  (cost=0.00..220.74 rows=10430 width=0)
	        Index Cond: ((id >= 7899066) AND (id <= 7909065))

table 2 : explain SELECT c FROM sbtest2 WHERE id BETWEEN 2734458 AND 2744457
	Bitmap Heap Scan on sbtest2  (cost=208.84..33709.91 rows=9796 width=121)
	  Recheck Cond: ((id >= 2734458) AND (id <= 2744457))
	  ->  Bitmap Index Scan on sbtest2_pkey  (cost=0.00..206.40 rows=9796 width=0)
	        Index Cond: ((id >= 2734458) AND (id <= 2744457))

table 3 : explain SELECT c FROM sbtest3 WHERE id BETWEEN 6143852 AND 6153851
	Bitmap Heap Scan on sbtest3  (cost=207.14..33198.62 rows=9630 width=121)
	  Recheck Cond: ((id >= 6143852) AND (id <= 6153851))
	  ->  Bitmap Index Scan on sbtest3_pkey  (cost=0.00..204.74 rows=9630 width=0)
	        Index Cond: ((id >= 6143852) AND (id <= 6153851))

table 4 : explain SELECT c FROM sbtest4 WHERE id BETWEEN 6501018 AND 6511017
	Bitmap Heap Scan on sbtest4  (cost=206.28..32963.53 rows=9546 width=121)
	  Recheck Cond: ((id >= 6501018) AND (id <= 6511017))
	  ->  Bitmap Index Scan on sbtest4_pkey  (cost=0.00..203.90 rows=9546 width=0)
	        Index Cond: ((id >= 6501018) AND (id <= 6511017))

table 5 : explain SELECT c FROM sbtest5 WHERE id BETWEEN 2398570 AND 2408569
	Bitmap Heap Scan on sbtest5  (cost=216.20..34771.70 rows=10123 width=121)
	  Recheck Cond: ((id >= 2398570) AND (id <= 2408569))
	  ->  Bitmap Index Scan on sbtest5_pkey  (cost=0.00..213.67 rows=10123 width=0)
	        Index Cond: ((id >= 2398570) AND (id <= 2408569))

table 6 : explain SELECT c FROM sbtest6 WHERE id BETWEEN 1513724 AND 1523723
	Bitmap Heap Scan on sbtest6  (cost=200.68..32497.91 rows=9390 width=121)
	  Recheck Cond: ((id >= 1513724) AND (id <= 1523723))
	  ->  Bitmap Index Scan on sbtest6_pkey  (cost=0.00..198.34 rows=9390 width=0)
	        Index Cond: ((id >= 1513724) AND (id <= 1523723))

table 7 : explain SELECT c FROM sbtest7 WHERE id BETWEEN 6248973 AND 6258972
	Bitmap Heap Scan on sbtest7  (cost=222.39..35463.53 rows=10337 width=121)
	  Recheck Cond: ((id >= 6248973) AND (id <= 6258972))
	  ->  Bitmap Index Scan on sbtest7_pkey  (cost=0.00..219.81 rows=10337 width=0)
	        Index Cond: ((id >= 6248973) AND (id <= 6258972))

table 8 : explain SELECT c FROM sbtest8 WHERE id BETWEEN 4018551 AND 4028550
	Bitmap Heap Scan on sbtest8  (cost=226.91..35625.73 rows=10388 width=121)
	  Recheck Cond: ((id >= 4018551) AND (id <= 4028550))
	  ->  Bitmap Index Scan on sbtest8_pkey  (cost=0.00..224.31 rows=10388 width=0)
	        Index Cond: ((id >= 4018551) AND (id <= 4028550))

for: simple_ranges
table 1 : explain SELECT c FROM sbtest1 WHERE id BETWEEN 6987295 AND 6997294
	Bitmap Heap Scan on sbtest1  (cost=224.15..35884.56 rows=10509 width=121)
	  Recheck Cond: ((id >= 6987295) AND (id <= 6997294))
	  ->  Bitmap Index Scan on sbtest1_pkey  (cost=0.00..221.53 rows=10509 width=0)
	        Index Cond: ((id >= 6987295) AND (id <= 6997294))

table 2 : explain SELECT c FROM sbtest2 WHERE id BETWEEN 4930476 AND 4940475
	Bitmap Heap Scan on sbtest2  (cost=221.01..34979.02 rows=10202 width=121)
	  Recheck Cond: ((id >= 4930476) AND (id <= 4940475))
	  ->  Bitmap Index Scan on sbtest2_pkey  (cost=0.00..218.45 rows=10202 width=0)
	        Index Cond: ((id >= 4930476) AND (id <= 4940475))

table 3 : explain SELECT c FROM sbtest3 WHERE id BETWEEN 4858512 AND 4868511
	Bitmap Heap Scan on sbtest3  (cost=229.83..36439.84 rows=10673 width=121)
	  Recheck Cond: ((id >= 4858512) AND (id <= 4868511))
	  ->  Bitmap Index Scan on sbtest3_pkey  (cost=0.00..227.17 rows=10673 width=0)
	        Index Cond: ((id >= 4858512) AND (id <= 4868511))

table 4 : explain SELECT c FROM sbtest4 WHERE id BETWEEN 9469906 AND 9479905
	Bitmap Heap Scan on sbtest4  (cost=213.71..34009.14 rows=9880 width=121)
	  Recheck Cond: ((id >= 9469906) AND (id <= 9479905))
	  ->  Bitmap Index Scan on sbtest4_pkey  (cost=0.00..211.24 rows=9880 width=0)
	        Index Cond: ((id >= 9469906) AND (id <= 9479905))

table 5 : explain SELECT c FROM sbtest5 WHERE id BETWEEN 5888891 AND 5898890
	Bitmap Heap Scan on sbtest5  (cost=245.54..38786.50 rows=11425 width=121)
	  Recheck Cond: ((id >= 5888891) AND (id <= 5898890))
	  ->  Bitmap Index Scan on sbtest5_pkey  (cost=0.00..242.69 rows=11425 width=0)
	        Index Cond: ((id >= 5888891) AND (id <= 5898890))

table 6 : explain SELECT c FROM sbtest6 WHERE id BETWEEN 2621548 AND 2631547
	Bitmap Heap Scan on sbtest6  (cost=221.40..35163.72 rows=10240 width=121)
	  Recheck Cond: ((id >= 2621548) AND (id <= 2631547))
	  ->  Bitmap Index Scan on sbtest6_pkey  (cost=0.00..218.84 rows=10240 width=0)
	        Index Cond: ((id >= 2621548) AND (id <= 2631547))

table 7 : explain SELECT c FROM sbtest7 WHERE id BETWEEN 6598507 AND 6608506
	Bitmap Heap Scan on sbtest7  (cost=216.08..34760.20 rows=10112 width=121)
	  Recheck Cond: ((id >= 6598507) AND (id <= 6608506))
	  ->  Bitmap Index Scan on sbtest7_pkey  (cost=0.00..213.56 rows=10112 width=0)
	        Index Cond: ((id >= 6598507) AND (id <= 6608506))

table 8 : explain SELECT c FROM sbtest8 WHERE id BETWEEN 7305263 AND 7315262
	Bitmap Heap Scan on sbtest8  (cost=211.72..33434.30 rows=9686 width=121)
	  Recheck Cond: ((id >= 7305263) AND (id <= 7315262))
	  ->  Bitmap Index Scan on sbtest8_pkey  (cost=0.00..209.30 rows=9686 width=0)
	        Index Cond: ((id >= 7305263) AND (id <= 7315262))

for: distinct_ranges
table 1 : explain SELECT DISTINCT c FROM sbtest1 WHERE id BETWEEN 4019320 AND 4029319 ORDER BY c
	Unique  (cost=37131.24..37184.64 rows=10681 width=121)
	  ->  Sort  (cost=37131.24..37157.94 rows=10681 width=121)
	        Sort Key: c
	        ->  Bitmap Heap Scan on sbtest1  (cost=229.92..36416.53 rows=10681 width=121)
	              Recheck Cond: ((id >= 4019320) AND (id <= 4029319))
	              ->  Bitmap Index Scan on sbtest1_pkey  (cost=0.00..227.25 rows=10681 width=0)
	                    Index Cond: ((id >= 4019320) AND (id <= 4029319))

table 2 : explain SELECT DISTINCT c FROM sbtest2 WHERE id BETWEEN 5500772 AND 5510771 ORDER BY c
	Unique  (cost=35717.31..35768.42 rows=10221 width=121)
	  ->  Sort  (cost=35717.31..35742.87 rows=10221 width=121)
	        Sort Key: c
	        ->  Bitmap Heap Scan on sbtest2  (cost=221.20..35036.63 rows=10221 width=121)
	              Recheck Cond: ((id >= 5500772) AND (id <= 5510771))
	              ->  Bitmap Index Scan on sbtest2_pkey  (cost=0.00..218.65 rows=10221 width=0)
	                    Index Cond: ((id >= 5500772) AND (id <= 5510771))

table 3 : explain SELECT DISTINCT c FROM sbtest3 WHERE id BETWEEN 4827906 AND 4837905 ORDER BY c
	Unique  (cost=37153.95..37207.31 rows=10673 width=121)
	  ->  Sort  (cost=37153.95..37180.63 rows=10673 width=121)
	        Sort Key: c
	        ->  Bitmap Heap Scan on sbtest3  (cost=229.83..36439.84 rows=10673 width=121)
	              Recheck Cond: ((id >= 4827906) AND (id <= 4837905))
	              ->  Bitmap Index Scan on sbtest3_pkey  (cost=0.00..227.17 rows=10673 width=0)
	                    Index Cond: ((id >= 4827906) AND (id <= 4837905))

table 4 : explain SELECT DISTINCT c FROM sbtest4 WHERE id BETWEEN 1848274 AND 1858273 ORDER BY c
	Unique  (cost=33997.74..34046.10 rows=9672 width=121)
	  ->  Sort  (cost=33997.74..34021.92 rows=9672 width=121)
	        Sort Key: c
	        ->  Bitmap Heap Scan on sbtest4  (cost=207.57..33357.47 rows=9672 width=121)
	              Recheck Cond: ((id >= 1848274) AND (id <= 1858273))
	              ->  Bitmap Index Scan on sbtest4_pkey  (cost=0.00..205.16 rows=9672 width=0)
	                    Index Cond: ((id >= 1848274) AND (id <= 1858273))

table 5 : explain SELECT DISTINCT c FROM sbtest5 WHERE id BETWEEN 8885939 AND 8895938 ORDER BY c
	Unique  (cost=33687.78..33735.65 rows=9574 width=121)
	  ->  Sort  (cost=33687.78..33711.72 rows=9574 width=121)
	        Sort Key: c
	        ->  Bitmap Heap Scan on sbtest5  (cost=206.57..33054.71 rows=9574 width=121)
	              Recheck Cond: ((id >= 8885939) AND (id <= 8895938))
	              ->  Bitmap Index Scan on sbtest5_pkey  (cost=0.00..204.18 rows=9574 width=0)
	                    Index Cond: ((id >= 8885939) AND (id <= 8895938))

table 6 : explain SELECT DISTINCT c FROM sbtest6 WHERE id BETWEEN 7004381 AND 7014380 ORDER BY c
	Unique  (cost=31456.39..31500.78 rows=8877 width=121)
	  ->  Sort  (cost=31456.39..31478.59 rows=8877 width=121)
	        Sort Key: c
	        ->  Bitmap Heap Scan on sbtest6  (cost=191.42..30874.25 rows=8877 width=121)
	              Recheck Cond: ((id >= 7004381) AND (id <= 7014380))
	              ->  Bitmap Index Scan on sbtest6_pkey  (cost=0.00..189.20 rows=8877 width=0)
	                    Index Cond: ((id >= 7004381) AND (id <= 7014380))

table 7 : explain SELECT DISTINCT c FROM sbtest7 WHERE id BETWEEN 5928808 AND 5938807 ORDER BY c
	Unique  (cost=35051.07..35101.03 rows=9992 width=121)
	  ->  Sort  (cost=35051.07..35076.05 rows=9992 width=121)
	        Sort Key: c
	        ->  Bitmap Heap Scan on sbtest7  (cost=214.85..34387.27 rows=9992 width=121)
	              Recheck Cond: ((id >= 5928808) AND (id <= 5938807))
	              ->  Bitmap Index Scan on sbtest7_pkey  (cost=0.00..212.36 rows=9992 width=0)
	                    Index Cond: ((id >= 5928808) AND (id <= 5938807))

table 8 : explain SELECT DISTINCT c FROM sbtest8 WHERE id BETWEEN 2232543 AND 2242542 ORDER BY c
	Unique  (cost=34108.71..34157.20 rows=9697 width=121)
	  ->  Sort  (cost=34108.71..34132.96 rows=9697 width=121)
	        Sort Key: c
	        ->  Bitmap Heap Scan on sbtest8  (cost=211.83..33466.61 rows=9697 width=121)
	              Recheck Cond: ((id >= 2232543) AND (id <= 2242542))
	              ->  Bitmap Index Scan on sbtest8_pkey  (cost=0.00..209.41 rows=9697 width=0)
	                    Index Cond: ((id >= 2232543) AND (id <= 2242542))

for: simple_ranges
table 1 : explain SELECT c FROM sbtest1 WHERE id BETWEEN 7775787 AND 7785786
	Bitmap Heap Scan on sbtest1  (cost=198.11..31617.29 rows=9139 width=121)
	  Recheck Cond: ((id >= 7775787) AND (id <= 7785786))
	  ->  Bitmap Index Scan on sbtest1_pkey  (cost=0.00..195.82 rows=9139 width=0)
	        Index Cond: ((id >= 7775787) AND (id <= 7785786))

table 2 : explain SELECT c FROM sbtest2 WHERE id BETWEEN 2621623 AND 2631622
	Bitmap Heap Scan on sbtest2  (cost=205.50..32691.20 rows=9470 width=121)
	  Recheck Cond: ((id >= 2621623) AND (id <= 2631622))
	  ->  Bitmap Index Scan on sbtest2_pkey  (cost=0.00..203.13 rows=9470 width=0)
	        Index Cond: ((id >= 2621623) AND (id <= 2631622))

table 3 : explain SELECT c FROM sbtest3 WHERE id BETWEEN 4454058 AND 4464057
	Bitmap Heap Scan on sbtest3  (cost=216.12..34713.51 rows=10116 width=121)
	  Recheck Cond: ((id >= 4454058) AND (id <= 4464057))
	  ->  Bitmap Index Scan on sbtest3_pkey  (cost=0.00..213.59 rows=10116 width=0)
	        Index Cond: ((id >= 4454058) AND (id <= 4464057))

table 4 : explain SELECT c FROM sbtest4 WHERE id BETWEEN 2765677 AND 2775676
	Bitmap Heap Scan on sbtest4  (cost=216.70..34918.18 rows=10172 width=121)
	  Recheck Cond: ((id >= 2765677) AND (id <= 2775676))
	  ->  Bitmap Index Scan on sbtest4_pkey  (cost=0.00..214.16 rows=10172 width=0)
	        Index Cond: ((id >= 2765677) AND (id <= 2775676))

table 5 : explain SELECT c FROM sbtest5 WHERE id BETWEEN 4972414 AND 4982413
	Bitmap Heap Scan on sbtest5  (cost=215.07..34428.12 rows=10013 width=121)
	  Recheck Cond: ((id >= 4972414) AND (id <= 4982413))
	  ->  Bitmap Index Scan on sbtest5_pkey  (cost=0.00..212.56 rows=10013 width=0)
	        Index Cond: ((id >= 4972414) AND (id <= 4982413))

table 6 : explain SELECT c FROM sbtest6 WHERE id BETWEEN 5335225 AND 5345224
	Bitmap Heap Scan on sbtest6  (cost=205.39..32719.01 rows=9459 width=121)
	  Recheck Cond: ((id >= 5335225) AND (id <= 5345224))
	  ->  Bitmap Index Scan on sbtest6_pkey  (cost=0.00..203.03 rows=9459 width=0)
	        Index Cond: ((id >= 5335225) AND (id <= 5345224))

table 7 : explain SELECT c FROM sbtest7 WHERE id BETWEEN 5009175 AND 5019174
	Bitmap Heap Scan on sbtest7  (cost=222.73..35566.03 rows=10370 width=121)
	  Recheck Cond: ((id >= 5009175) AND (id <= 5019174))
	  ->  Bitmap Index Scan on sbtest7_pkey  (cost=0.00..220.13 rows=10370 width=0)
	        Index Cond: ((id >= 5009175) AND (id <= 5019174))

table 8 : explain SELECT c FROM sbtest8 WHERE id BETWEEN 3013963 AND 3023962
	Bitmap Heap Scan on sbtest8  (cost=219.91..34713.98 rows=10095 width=121)
	  Recheck Cond: ((id >= 3013963) AND (id <= 3023962))
	  ->  Bitmap Index Scan on sbtest8_pkey  (cost=0.00..217.38 rows=10095 width=0)
	        Index Cond: ((id >= 3013963) AND (id <= 3023962))

for: order_ranges
table 1 : explain SELECT c FROM sbtest1 WHERE id BETWEEN 1805555 AND 1815554 ORDER BY c
	Sort  (cost=36309.13..36335.18 rows=10420 width=121)
	  Sort Key: c
	  ->  Bitmap Heap Scan on sbtest1  (cost=223.24..35613.75 rows=10420 width=121)
	        Recheck Cond: ((id >= 1805555) AND (id <= 1815554))
	        ->  Bitmap Index Scan on sbtest1_pkey  (cost=0.00..220.63 rows=10420 width=0)
	              Index Cond: ((id >= 1805555) AND (id <= 1815554))

table 2 : explain SELECT c FROM sbtest2 WHERE id BETWEEN 5326149 AND 5336148 ORDER BY c
	Sort  (cost=35398.52..35423.82 rows=10121 width=121)
	  Sort Key: c
	  ->  Bitmap Heap Scan on sbtest2  (cost=216.18..34725.22 rows=10121 width=121)
	        Recheck Cond: ((id >= 5326149) AND (id <= 5336148))
	        ->  Bitmap Index Scan on sbtest2_pkey  (cost=0.00..213.65 rows=10121 width=0)
	              Index Cond: ((id >= 5326149) AND (id <= 5336148))

table 3 : explain SELECT c FROM sbtest3 WHERE id BETWEEN 1007204 AND 1017203 ORDER BY c
	Sort  (cost=31833.51..31856.03 rows=9009 width=121)
	  Sort Key: c
	  ->  Bitmap Heap Scan on sbtest3  (cost=192.78..31241.75 rows=9009 width=121)
	        Recheck Cond: ((id >= 1007204) AND (id <= 1017203))
	        ->  Bitmap Index Scan on sbtest3_pkey  (cost=0.00..190.53 rows=9009 width=0)
	              Index Cond: ((id >= 1007204) AND (id <= 1017203))

table 4 : explain SELECT c FROM sbtest4 WHERE id BETWEEN 491972 AND 501971 ORDER BY c
	Sort  (cost=32187.93..32210.70 rows=9110 width=121)
	  Sort Key: c
	  ->  Bitmap Heap Scan on sbtest4  (cost=197.81..31588.80 rows=9110 width=121)
	        Recheck Cond: ((id >= 491972) AND (id <= 501971))
	        ->  Bitmap Index Scan on sbtest4_pkey  (cost=0.00..195.54 rows=9110 width=0)
	              Index Cond: ((id >= 491972) AND (id <= 501971))

table 5 : explain SELECT c FROM sbtest5 WHERE id BETWEEN 8013787 AND 8023786 ORDER BY c
	Sort  (cost=34721.47..34746.21 rows=9896 width=121)
	  Sort Key: c
	  ->  Bitmap Heap Scan on sbtest5  (cost=213.87..34064.74 rows=9896 width=121)
	        Recheck Cond: ((id >= 8013787) AND (id <= 8023786))
	        ->  Bitmap Index Scan on sbtest5_pkey  (cost=0.00..211.40 rows=9896 width=0)
	              Index Cond: ((id >= 8013787) AND (id <= 8023786))

table 6 : explain SELECT c FROM sbtest6 WHERE id BETWEEN 6042930 AND 6052929 ORDER BY c
	Sort  (cost=34439.24..34463.74 rows=9800 width=121)
	  Sort Key: c
	  ->  Bitmap Heap Scan on sbtest6  (cost=212.88..33789.57 rows=9800 width=121)
	        Recheck Cond: ((id >= 6042930) AND (id <= 6052929))
	        ->  Bitmap Index Scan on sbtest6_pkey  (cost=0.00..210.44 rows=9800 width=0)
	              Index Cond: ((id >= 6042930) AND (id <= 6052929))

table 7 : explain SELECT c FROM sbtest7 WHERE id BETWEEN 9387615 AND 9397614 ORDER BY c
	Sort  (cost=37080.21..37106.78 rows=10629 width=121)
	  Sort Key: c
	  ->  Bitmap Heap Scan on sbtest7  (cost=229.38..36369.36 rows=10629 width=121)
	        Recheck Cond: ((id >= 9387615) AND (id <= 9397614))
	        ->  Bitmap Index Scan on sbtest7_pkey  (cost=0.00..226.73 rows=10629 width=0)
	              Index Cond: ((id >= 9387615) AND (id <= 9397614))

table 8 : explain SELECT c FROM sbtest8 WHERE id BETWEEN 3942930 AND 3952929 ORDER BY c
	Sort  (cost=33873.19..33897.25 rows=9624 width=121)
	  Sort Key: c
	  ->  Bitmap Heap Scan on sbtest8  (cost=207.08..33236.44 rows=9624 width=121)
	        Recheck Cond: ((id >= 3942930) AND (id <= 3952929))
	        ->  Bitmap Index Scan on sbtest8_pkey  (cost=0.00..204.68 rows=9624 width=0)
	              Index Cond: ((id >= 3942930) AND (id <= 3952929))

explain: for point_selects :: explain SELECT c FROM sbtest%u WHERE id=%u
for: distinct_ranges
table 1 : explain SELECT DISTINCT c FROM sbtest1 WHERE id BETWEEN 4724329 AND 4734328 ORDER BY c
	Unique  (cost=35553.36..35604.27 rows=10182 width=121)
	  ->  Sort  (cost=35553.36..35578.82 rows=10182 width=121)
	        Sort Key: c
	        ->  Bitmap Heap Scan on sbtest1  (cost=216.80..34875.56 rows=10182 width=121)
	              Recheck Cond: ((id >= 4724329) AND (id <= 4734328))
	              ->  Bitmap Index Scan on sbtest1_pkey  (cost=0.00..214.25 rows=10182 width=0)
	                    Index Cond: ((id >= 4724329) AND (id <= 4734328))

table 2 : explain SELECT DISTINCT c FROM sbtest2 WHERE id BETWEEN 2296822 AND 2306821 ORDER BY c
	Unique  (cost=37761.33..37815.67 rows=10868 width=121)
	  ->  Sort  (cost=37761.33..37788.50 rows=10868 width=121)
	        Sort Key: c
	        ->  Bitmap Heap Scan on sbtest2  (cost=231.83..37032.75 rows=10868 width=121)
	              Recheck Cond: ((id >= 2296822) AND (id <= 2306821))
	              ->  Bitmap Index Scan on sbtest2_pkey  (cost=0.00..229.12 rows=10868 width=0)
	                    Index Cond: ((id >= 2296822) AND (id <= 2306821))

table 3 : explain SELECT DISTINCT c FROM sbtest3 WHERE id BETWEEN 9296593 AND 9306592 ORDER BY c
	Unique  (cost=37101.74..37155.02 rows=10656 width=121)
	  ->  Sort  (cost=37101.74..37128.38 rows=10656 width=121)
	        Sort Key: c
	        ->  Bitmap Heap Scan on sbtest3  (cost=229.66..36388.89 rows=10656 width=121)
	              Recheck Cond: ((id >= 9296593) AND (id <= 9306592))
	              ->  Bitmap Index Scan on sbtest3_pkey  (cost=0.00..227.00 rows=10656 width=0)
	                    Index Cond: ((id >= 9296593) AND (id <= 9306592))

table 4 : explain SELECT DISTINCT c FROM sbtest4 WHERE id BETWEEN 5464822 AND 5474821 ORDER BY c
	Unique  (cost=36376.10..36428.19 rows=10417 width=121)
	  ->  Sort  (cost=36376.10..36402.15 rows=10417 width=121)
	        Sort Key: c
	        ->  Bitmap Heap Scan on sbtest4  (cost=223.21..35680.94 rows=10417 width=121)
	              Recheck Cond: ((id >= 5464822) AND (id <= 5474821))
	              ->  Bitmap Index Scan on sbtest4_pkey  (cost=0.00..220.61 rows=10417 width=0)
	                    Index Cond: ((id >= 5464822) AND (id <= 5474821))

table 5 : explain SELECT DISTINCT c FROM sbtest5 WHERE id BETWEEN 1966276 AND 1976275 ORDER BY c
	Unique  (cost=34510.59..34559.74 rows=9830 width=121)
	  ->  Sort  (cost=34510.59..34535.16 rows=9830 width=121)
	        Sort Key: c
	        ->  Bitmap Heap Scan on sbtest5  (cost=213.19..33858.71 rows=9830 width=121)
	              Recheck Cond: ((id >= 1966276) AND (id <= 1976275))
	              ->  Bitmap Index Scan on sbtest5_pkey  (cost=0.00..210.74 rows=9830 width=0)
	                    Index Cond: ((id >= 1966276) AND (id <= 1976275))

table 6 : explain SELECT DISTINCT c FROM sbtest6 WHERE id BETWEEN 6683827 AND 6693826 ORDER BY c
	Unique  (cost=37699.01..37753.14 rows=10825 width=121)
	  ->  Sort  (cost=37699.01..37726.08 rows=10825 width=121)
	        Sort Key: c
	        ->  Bitmap Heap Scan on sbtest6  (cost=231.39..36973.63 rows=10825 width=121)
	              Recheck Cond: ((id >= 6683827) AND (id <= 6693826))
	              ->  Bitmap Index Scan on sbtest6_pkey  (cost=0.00..228.69 rows=10825 width=0)
	                    Index Cond: ((id >= 6683827) AND (id <= 6693826))

table 7 : explain SELECT DISTINCT c FROM sbtest7 WHERE id BETWEEN 5842051 AND 5852050 ORDER BY c
	Unique  (cost=34820.47..34870.07 rows=9920 width=121)
	  ->  Sort  (cost=34820.47..34845.27 rows=9920 width=121)
	        Sort Key: c
	        ->  Bitmap Heap Scan on sbtest7  (cost=214.11..34161.98 rows=9920 width=121)
	              Recheck Cond: ((id >= 5842051) AND (id <= 5852050))
	              ->  Bitmap Index Scan on sbtest7_pkey  (cost=0.00..211.63 rows=9920 width=0)
	                    Index Cond: ((id >= 5842051) AND (id <= 5852050))

table 8 : explain SELECT DISTINCT c FROM sbtest8 WHERE id BETWEEN 6807907 AND 6817906 ORDER BY c
	Unique  (cost=37572.16..37626.07 rows=10783 width=121)
	  ->  Sort  (cost=37572.16..37599.11 rows=10783 width=121)
	        Sort Key: c
	        ->  Bitmap Heap Scan on sbtest8  (cost=234.96..36849.89 rows=10783 width=121)
	              Recheck Cond: ((id >= 6807907) AND (id <= 6817906))
	              ->  Bitmap Index Scan on sbtest8_pkey  (cost=0.00..232.26 rows=10783 width=0)
	                    Index Cond: ((id >= 6807907) AND (id <= 6817906))

for: distinct_ranges
table 1 : explain SELECT DISTINCT c FROM sbtest1 WHERE id BETWEEN 2299565 AND 2309564 ORDER BY c
	Unique  (cost=36413.64..36465.91 rows=10454 width=121)
	  ->  Sort  (cost=36413.64..36439.78 rows=10454 width=121)
	        Sort Key: c
	        ->  Bitmap Heap Scan on sbtest1  (cost=223.59..35715.75 rows=10454 width=121)
	              Recheck Cond: ((id >= 2299565) AND (id <= 2309564))
	              ->  Bitmap Index Scan on sbtest1_pkey  (cost=0.00..220.98 rows=10454 width=0)
	                    Index Cond: ((id >= 2299565) AND (id <= 2309564))

table 2 : explain SELECT DISTINCT c FROM sbtest2 WHERE id BETWEEN 2272886 AND 2282885 ORDER BY c
	Unique  (cost=36943.91..36996.95 rows=10608 width=121)
	  ->  Sort  (cost=36943.91..36970.43 rows=10608 width=121)
	        Sort Key: c
	        ->  Bitmap Heap Scan on sbtest2  (cost=229.17..36234.61 rows=10608 width=121)
	              Recheck Cond: ((id >= 2272886) AND (id <= 2282885))
	              ->  Bitmap Index Scan on sbtest2_pkey  (cost=0.00..226.51 rows=10608 width=0)
	                    Index Cond: ((id >= 2272886) AND (id <= 2282885))

table 3 : explain SELECT DISTINCT c FROM sbtest3 WHERE id BETWEEN 8534641 AND 8544640 ORDER BY c
	Unique  (cost=36140.79..36192.55 rows=10353 width=121)
	  ->  Sort  (cost=36140.79..36166.67 rows=10353 width=121)
	        Sort Key: c
	        ->  Bitmap Heap Scan on sbtest3  (cost=222.55..35450.36 rows=10353 width=121)
	              Recheck Cond: ((id >= 8534641) AND (id <= 8544640))
	              ->  Bitmap Index Scan on sbtest3_pkey  (cost=0.00..219.97 rows=10353 width=0)
	                    Index Cond: ((id >= 8534641) AND (id <= 8544640))

table 4 : explain SELECT DISTINCT c FROM sbtest4 WHERE id BETWEEN 4931685 AND 4941684 ORDER BY c
	Unique  (cost=36490.72..36542.99 rows=10454 width=121)
	  ->  Sort  (cost=36490.72..36516.86 rows=10454 width=121)
	        Sort Key: c
	        ->  Bitmap Heap Scan on sbtest4  (cost=223.59..35792.82 rows=10454 width=121)
	              Recheck Cond: ((id >= 4931685) AND (id <= 4941684))
	              ->  Bitmap Index Scan on sbtest4_pkey  (cost=0.00..220.98 rows=10454 width=0)
	                    Index Cond: ((id >= 4931685) AND (id <= 4941684))

table 5 : explain SELECT DISTINCT c FROM sbtest5 WHERE id BETWEEN 448703 AND 458702 ORDER BY c
	Unique  (cost=39491.77..39548.79 rows=11404 width=121)
	  ->  Sort  (cost=39491.77..39520.28 rows=11404 width=121)
	        Sort Key: c
	        ->  Bitmap Heap Scan on sbtest5  (cost=245.33..38723.30 rows=11404 width=121)
	              Recheck Cond: ((id >= 448703) AND (id <= 458702))
	              ->  Bitmap Index Scan on sbtest5_pkey  (cost=0.00..242.48 rows=11404 width=0)
	                    Index Cond: ((id >= 448703) AND (id <= 458702))

table 6 : explain SELECT DISTINCT c FROM sbtest6 WHERE id BETWEEN 8998075 AND 9008074 ORDER BY c
	Unique  (cost=35714.45..35765.44 rows=10199 width=121)
	  ->  Sort  (cost=35714.45..35739.95 rows=10199 width=121)
	        Sort Key: c
	        ->  Bitmap Heap Scan on sbtest6  (cost=220.97..35035.39 rows=10199 width=121)
	              Recheck Cond: ((id >= 8998075) AND (id <= 9008074))
	              ->  Bitmap Index Scan on sbtest6_pkey  (cost=0.00..218.43 rows=10199 width=0)
	                    Index Cond: ((id >= 8998075) AND (id <= 9008074))

table 7 : explain SELECT DISTINCT c FROM sbtest7 WHERE id BETWEEN 1803028 AND 1813027 ORDER BY c
	Unique  (cost=31488.53..31532.96 rows=8887 width=121)
	  ->  Sort  (cost=31488.53..31510.74 rows=8887 width=121)
	        Sort Key: c
	        ->  Bitmap Heap Scan on sbtest7  (cost=191.53..30905.65 rows=8887 width=121)
	              Recheck Cond: ((id >= 1803028) AND (id <= 1813027))
	              ->  Bitmap Index Scan on sbtest7_pkey  (cost=0.00..189.31 rows=8887 width=0)
	                    Index Cond: ((id >= 1803028) AND (id <= 1813027))

table 8 : explain SELECT DISTINCT c FROM sbtest8 WHERE id BETWEEN 2259877 AND 2269876 ORDER BY c
	Unique  (cost=34108.71..34157.20 rows=9697 width=121)
	  ->  Sort  (cost=34108.71..34132.96 rows=9697 width=121)
	        Sort Key: c
	        ->  Bitmap Heap Scan on sbtest8  (cost=211.83..33466.61 rows=9697 width=121)
	              Recheck Cond: ((id >= 2259877) AND (id <= 2269876))
	              ->  Bitmap Index Scan on sbtest8_pkey  (cost=0.00..209.41 rows=9697 width=0)
	                    Index Cond: ((id >= 2259877) AND (id <= 2269876))

for: distinct_ranges
table 1 : explain SELECT DISTINCT c FROM sbtest1 WHERE id BETWEEN 1539575 AND 1549574 ORDER BY c
	Unique  (cost=36602.81..36655.38 rows=10514 width=121)
	  ->  Sort  (cost=36602.81..36629.09 rows=10514 width=121)
	        Sort Key: c
	        ->  Bitmap Heap Scan on sbtest1  (cost=224.20..35900.47 rows=10514 width=121)
	              Recheck Cond: ((id >= 1539575) AND (id <= 1549574))
	              ->  Bitmap Index Scan on sbtest1_pkey  (cost=0.00..221.57 rows=10514 width=0)
	                    Index Cond: ((id >= 1539575) AND (id <= 1549574))

table 2 : explain SELECT DISTINCT c FROM sbtest2 WHERE id BETWEEN 3079510 AND 3089509 ORDER BY c
	Unique  (cost=33868.15..33916.36 rows=9642 width=121)
	  ->  Sort  (cost=33868.15..33892.26 rows=9642 width=121)
	        Sort Key: c
	        ->  Bitmap Heap Scan on sbtest2  (cost=207.27..33230.09 rows=9642 width=121)
	              Recheck Cond: ((id >= 3079510) AND (id <= 3089509))
	              ->  Bitmap Index Scan on sbtest2_pkey  (cost=0.00..204.86 rows=9642 width=0)
	                    Index Cond: ((id >= 3079510) AND (id <= 3089509))

table 3 : explain SELECT DISTINCT c FROM sbtest3 WHERE id BETWEEN 2259058 AND 2269057 ORDER BY c
	Unique  (cost=36784.60..36837.39 rows=10557 width=121)
	  ->  Sort  (cost=36784.60..36811.00 rows=10557 width=121)
	        Sort Key: c
	        ->  Bitmap Heap Scan on sbtest3  (cost=224.64..36079.09 rows=10557 width=121)
	              Recheck Cond: ((id >= 2259058) AND (id <= 2269057))
	              ->  Bitmap Index Scan on sbtest3_pkey  (cost=0.00..222.00 rows=10557 width=0)
	                    Index Cond: ((id >= 2259058) AND (id <= 2269057))

table 4 : explain SELECT DISTINCT c FROM sbtest4 WHERE id BETWEEN 4987144 AND 4997143 ORDER BY c
	Unique  (cost=36490.72..36542.99 rows=10454 width=121)
	  ->  Sort  (cost=36490.72..36516.86 rows=10454 width=121)
	        Sort Key: c
	        ->  Bitmap Heap Scan on sbtest4  (cost=223.59..35792.82 rows=10454 width=121)
	              Recheck Cond: ((id >= 4987144) AND (id <= 4997143))
	              ->  Bitmap Index Scan on sbtest4_pkey  (cost=0.00..220.98 rows=10454 width=0)
	                    Index Cond: ((id >= 4987144) AND (id <= 4997143))

table 5 : explain SELECT DISTINCT c FROM sbtest5 WHERE id BETWEEN 982718 AND 992717 ORDER BY c
	Unique  (cost=34691.86..34741.29 rows=9887 width=121)
	  ->  Sort  (cost=34691.86..34716.57 rows=9887 width=121)
	        Sort Key: c
	        ->  Bitmap Heap Scan on sbtest5  (cost=213.78..34035.79 rows=9887 width=121)
	              Recheck Cond: ((id >= 982718) AND (id <= 992717))
	              ->  Bitmap Index Scan on sbtest5_pkey  (cost=0.00..211.31 rows=9887 width=0)
	                    Index Cond: ((id >= 982718) AND (id <= 992717))

table 6 : explain SELECT DISTINCT c FROM sbtest6 WHERE id BETWEEN 8400390 AND 8410389 ORDER BY c
	Unique  (cost=37927.95..37982.43 rows=10896 width=121)
	  ->  Sort  (cost=37927.95..37955.19 rows=10896 width=121)
	        Sort Key: c
	        ->  Bitmap Heap Scan on sbtest6  (cost=236.12..37197.29 rows=10896 width=121)
	              Recheck Cond: ((id >= 8400390) AND (id <= 8410389))
	              ->  Bitmap Index Scan on sbtest6_pkey  (cost=0.00..233.40 rows=10896 width=0)
	                    Index Cond: ((id >= 8400390) AND (id <= 8410389))

table 7 : explain SELECT DISTINCT c FROM sbtest7 WHERE id BETWEEN 8931441 AND 8941440 ORDER BY c
	Unique  (cost=36995.19..37048.20 rows=10602 width=121)
	  ->  Sort  (cost=36995.19..37021.70 rows=10602 width=121)
	        Sort Key: c
	        ->  Bitmap Heap Scan on sbtest7  (cost=229.11..36286.34 rows=10602 width=121)
	              Recheck Cond: ((id >= 8931441) AND (id <= 8941440))
	              ->  Bitmap Index Scan on sbtest7_pkey  (cost=0.00..226.45 rows=10602 width=0)
	                    Index Cond: ((id >= 8931441) AND (id <= 8941440))

table 8 : explain SELECT DISTINCT c FROM sbtest8 WHERE id BETWEEN 4202204 AND 4212203 ORDER BY c
	Unique  (cost=35717.46..35768.46 rows=10200 width=121)
	  ->  Sort  (cost=35717.46..35742.96 rows=10200 width=121)
	        Sort Key: c
	        ->  Bitmap Heap Scan on sbtest8  (cost=220.99..35038.33 rows=10200 width=121)
	              Recheck Cond: ((id >= 4202204) AND (id <= 4212203))
	              ->  Bitmap Index Scan on sbtest8_pkey  (cost=0.00..218.44 rows=10200 width=0)
	                    Index Cond: ((id >= 4202204) AND (id <= 4212203))

for: sum_ranges
table 1 : explain SELECT SUM(k) FROM sbtest1 WHERE id BETWEEN 1365429 AND 1375428
	Aggregate  (cost=37335.99..37336.00 rows=1 width=8)
	  ->  Bitmap Heap Scan on sbtest1  (cost=236.89..37308.57 rows=10971 width=4)
	        Recheck Cond: ((id >= 1365429) AND (id <= 1375428))
	        ->  Bitmap Index Scan on sbtest1_pkey  (cost=0.00..234.15 rows=10971 width=0)
	              Index Cond: ((id >= 1365429) AND (id <= 1375428))

table 2 : explain SELECT SUM(k) FROM sbtest2 WHERE id BETWEEN 2103486 AND 2113485
	Aggregate  (cost=34753.73..34753.74 rows=1 width=8)
	  ->  Bitmap Heap Scan on sbtest2  (cost=216.19..34728.42 rows=10122 width=4)
	        Recheck Cond: ((id >= 2103486) AND (id <= 2113485))
	        ->  Bitmap Index Scan on sbtest2_pkey  (cost=0.00..213.66 rows=10122 width=0)
	              Index Cond: ((id >= 2103486) AND (id <= 2113485))

table 3 : explain SELECT SUM(k) FROM sbtest3 WHERE id BETWEEN 2597788 AND 2607787
	Aggregate  (cost=35092.18..35092.19 rows=1 width=8)
	  ->  Bitmap Heap Scan on sbtest3  (cost=221.28..35066.61 rows=10229 width=4)
	        Recheck Cond: ((id >= 2597788) AND (id <= 2607787))
	        ->  Bitmap Index Scan on sbtest3_pkey  (cost=0.00..218.73 rows=10229 width=0)
	              Index Cond: ((id >= 2597788) AND (id <= 2607787))

table 4 : explain SELECT SUM(k) FROM sbtest4 WHERE id BETWEEN 5745143 AND 5755142
	Aggregate  (cost=33659.19..33659.20 rows=1 width=8)
	  ->  Bitmap Heap Scan on sbtest4  (cost=208.49..33634.79 rows=9761 width=4)
	        Recheck Cond: ((id >= 5745143) AND (id <= 5755142))
	        ->  Bitmap Index Scan on sbtest4_pkey  (cost=0.00..206.05 rows=9761 width=0)
	              Index Cond: ((id >= 5745143) AND (id <= 5755142))

table 5 : explain SELECT SUM(k) FROM sbtest5 WHERE id BETWEEN 5275451 AND 5285450
	Aggregate  (cost=35016.10..35016.11 rows=1 width=8)
	  ->  Bitmap Heap Scan on sbtest5  (cost=220.91..34990.62 rows=10193 width=4)
	        Recheck Cond: ((id >= 5275451) AND (id <= 5285450))
	        ->  Bitmap Index Scan on sbtest5_pkey  (cost=0.00..218.37 rows=10193 width=0)
	              Index Cond: ((id >= 5275451) AND (id <= 5285450))

table 6 : explain SELECT SUM(k) FROM sbtest6 WHERE id BETWEEN 8281332 AND 8291331
	Aggregate  (cost=33066.59..33066.60 rows=1 width=8)
	  ->  Bitmap Heap Scan on sbtest6  (cost=206.45..33042.68 rows=9562 width=4)
	        Recheck Cond: ((id >= 8281332) AND (id <= 8291331))
	        ->  Bitmap Index Scan on sbtest6_pkey  (cost=0.00..204.06 rows=9562 width=0)
	              Index Cond: ((id >= 8281332) AND (id <= 8291331))

table 7 : explain SELECT SUM(k) FROM sbtest7 WHERE id BETWEEN 7380839 AND 7390838
	Aggregate  (cost=31257.41..31257.42 rows=1 width=8)
	  ->  Bitmap Heap Scan on sbtest7  (cost=192.59..31234.94 rows=8991 width=4)
	        Recheck Cond: ((id >= 7380839) AND (id <= 7390838))
	        ->  Bitmap Index Scan on sbtest7_pkey  (cost=0.00..190.34 rows=8991 width=0)
	              Index Cond: ((id >= 7380839) AND (id <= 7390838))

table 8 : explain SELECT SUM(k) FROM sbtest8 WHERE id BETWEEN 2090778 AND 2100777
	Aggregate  (cost=32310.94..32310.95 rows=1 width=8)
	  ->  Bitmap Heap Scan on sbtest8  (cost=203.99..32287.63 rows=9322 width=4)
	        Recheck Cond: ((id >= 2090778) AND (id <= 2100777))
	        ->  Bitmap Index Scan on sbtest8_pkey  (cost=0.00..201.66 rows=9322 width=0)
	              Index Cond: ((id >= 2090778) AND (id <= 2100777))

for: sum_ranges
table 1 : explain SELECT SUM(k) FROM sbtest1 WHERE id BETWEEN 6075326 AND 6085325
	Aggregate  (cost=31928.53..31928.54 rows=1 width=8)
	  ->  Bitmap Heap Scan on sbtest1  (cost=199.05..31905.46 rows=9231 width=4)
	        Recheck Cond: ((id >= 6075326) AND (id <= 6085325))
	        ->  Bitmap Index Scan on sbtest1_pkey  (cost=0.00..196.75 rows=9231 width=0)
	              Index Cond: ((id >= 6075326) AND (id <= 6085325))

table 2 : explain SELECT SUM(k) FROM sbtest2 WHERE id BETWEEN 8394414 AND 8404413
	Aggregate  (cost=32649.43..32649.44 rows=1 width=8)
	  ->  Bitmap Heap Scan on sbtest2  (cost=201.30..32625.81 rows=9450 width=4)
	        Recheck Cond: ((id >= 8394414) AND (id <= 8404413))
	        ->  Bitmap Index Scan on sbtest2_pkey  (cost=0.00..198.94 rows=9450 width=0)
	              Index Cond: ((id >= 8394414) AND (id <= 8404413))

table 3 : explain SELECT SUM(k) FROM sbtest3 WHERE id BETWEEN 5209402 AND 5219401
	Aggregate  (cost=33396.90..33396.91 rows=1 width=8)
	  ->  Bitmap Heap Scan on sbtest3  (cost=207.72..33372.68 rows=9686 width=4)
	        Recheck Cond: ((id >= 5209402) AND (id <= 5219401))
	        ->  Bitmap Index Scan on sbtest3_pkey  (cost=0.00..205.30 rows=9686 width=0)
	              Index Cond: ((id >= 5209402) AND (id <= 5219401))

table 4 : explain SELECT SUM(k) FROM sbtest4 WHERE id BETWEEN 9843631 AND 9853630
	Aggregate  (cost=35014.20..35014.21 rows=1 width=8)
	  ->  Bitmap Heap Scan on sbtest4  (cost=216.93..34988.72 rows=10195 width=4)
	        Recheck Cond: ((id >= 9843631) AND (id <= 9853630))
	        ->  Bitmap Index Scan on sbtest4_pkey  (cost=0.00..214.38 rows=10195 width=0)
	              Index Cond: ((id >= 9843631) AND (id <= 9853630))

table 5 : explain SELECT SUM(k) FROM sbtest5 WHERE id BETWEEN 7713924 AND 7723923
	Aggregate  (cost=32495.14..32495.15 rows=1 width=8)
	  ->  Bitmap Heap Scan on sbtest5  (cost=200.67..32471.67 rows=9389 width=4)
	        Recheck Cond: ((id >= 7713924) AND (id <= 7723923))
	        ->  Bitmap Index Scan on sbtest5_pkey  (cost=0.00..198.32 rows=9389 width=0)
	              Index Cond: ((id >= 7713924) AND (id <= 7723923))

table 6 : explain SELECT SUM(k) FROM sbtest6 WHERE id BETWEEN 7838030 AND 7848029
	Aggregate  (cost=33296.35..33296.36 rows=1 width=8)
	  ->  Bitmap Heap Scan on sbtest6  (cost=207.20..33272.26 rows=9636 width=4)
	        Recheck Cond: ((id >= 7838030) AND (id <= 7848029))
	        ->  Bitmap Index Scan on sbtest6_pkey  (cost=0.00..204.80 rows=9636 width=0)
	              Index Cond: ((id >= 7838030) AND (id <= 7848029))

table 7 : explain SELECT SUM(k) FROM sbtest7 WHERE id BETWEEN 5482283 AND 5492282
	Aggregate  (cost=34412.25..34412.26 rows=1 width=8)
	  ->  Bitmap Heap Scan on sbtest7  (cost=214.85..34387.27 rows=9992 width=4)
	        Recheck Cond: ((id >= 5482283) AND (id <= 5492282))
	        ->  Bitmap Index Scan on sbtest7_pkey  (cost=0.00..212.36 rows=9992 width=0)
	              Index Cond: ((id >= 5482283) AND (id <= 5492282))

table 8 : explain SELECT SUM(k) FROM sbtest8 WHERE id BETWEEN 8711445 AND 8721444
	Aggregate  (cost=38641.62..38641.63 rows=1 width=8)
	  ->  Bitmap Heap Scan on sbtest8  (cost=244.84..38613.22 rows=11357 width=4)
	        Recheck Cond: ((id >= 8711445) AND (id <= 8721444))
	        ->  Bitmap Index Scan on sbtest8_pkey  (cost=0.00..242.00 rows=11357 width=0)
	              Index Cond: ((id >= 8711445) AND (id <= 8721444))

for: sum_ranges
table 1 : explain SELECT SUM(k) FROM sbtest1 WHERE id BETWEEN 1542827 AND 1552826
	Aggregate  (cost=35926.76..35926.77 rows=1 width=8)
	  ->  Bitmap Heap Scan on sbtest1  (cost=224.20..35900.47 rows=10514 width=4)
	        Recheck Cond: ((id >= 1542827) AND (id <= 1552826))
	        ->  Bitmap Index Scan on sbtest1_pkey  (cost=0.00..221.57 rows=10514 width=0)
	              Index Cond: ((id >= 1542827) AND (id <= 1552826))

table 2 : explain SELECT SUM(k) FROM sbtest2 WHERE id BETWEEN 4682150 AND 4692149
	Aggregate  (cost=33801.98..33801.99 rows=1 width=8)
	  ->  Bitmap Heap Scan on sbtest2  (cost=209.06..33777.44 rows=9817 width=4)
	        Recheck Cond: ((id >= 4682150) AND (id <= 4692149))
	        ->  Bitmap Index Scan on sbtest2_pkey  (cost=0.00..206.61 rows=9817 width=0)
	              Index Cond: ((id >= 4682150) AND (id <= 4692149))

table 3 : explain SELECT SUM(k) FROM sbtest3 WHERE id BETWEEN 9833167 AND 9843166
	Aggregate  (cost=35904.43..35904.44 rows=1 width=8)
	  ->  Bitmap Heap Scan on sbtest3  (cost=223.98..35878.20 rows=10492 width=4)
	        Recheck Cond: ((id >= 9833167) AND (id <= 9843166))
	        ->  Bitmap Index Scan on sbtest3_pkey  (cost=0.00..221.36 rows=10492 width=0)
	              Index Cond: ((id >= 9833167) AND (id <= 9843166))

table 4 : explain SELECT SUM(k) FROM sbtest4 WHERE id BETWEEN 1122207 AND 1132206
	Aggregate  (cost=38433.51..38433.52 rows=1 width=8)
	  ->  Bitmap Heap Scan on sbtest4  (cost=244.27..38405.26 rows=11301 width=4)
	        Recheck Cond: ((id >= 1122207) AND (id <= 1132206))
	        ->  Bitmap Index Scan on sbtest4_pkey  (cost=0.00..241.44 rows=11301 width=0)
	              Index Cond: ((id >= 1122207) AND (id <= 1132206))

table 5 : explain SELECT SUM(k) FROM sbtest5 WHERE id BETWEEN 846016 AND 856015
	Aggregate  (cost=35490.56..35490.57 rows=1 width=8)
	  ->  Bitmap Heap Scan on sbtest5  (cost=222.48..35464.69 rows=10346 width=4)
	        Recheck Cond: ((id >= 846016) AND (id <= 856015))
	        ->  Bitmap Index Scan on sbtest5_pkey  (cost=0.00..219.90 rows=10346 width=0)
	              Index Cond: ((id >= 846016) AND (id <= 856015))

table 6 : explain SELECT SUM(k) FROM sbtest6 WHERE id BETWEEN 7603061 AND 7613060
	Aggregate  (cost=34603.61..34603.62 rows=1 width=8)
	  ->  Bitmap Heap Scan on sbtest6  (cost=215.48..34578.48 rows=10053 width=4)
	        Recheck Cond: ((id >= 7603061) AND (id <= 7613060))
	        ->  Bitmap Index Scan on sbtest6_pkey  (cost=0.00..212.97 rows=10053 width=0)
	              Index Cond: ((id >= 7603061) AND (id <= 7613060))

table 7 : explain SELECT SUM(k) FROM sbtest7 WHERE id BETWEEN 3693679 AND 3703678
	Aggregate  (cost=35126.82..35126.83 rows=1 width=8)
	  ->  Bitmap Heap Scan on sbtest7  (cost=221.19..35101.27 rows=10220 width=4)
	        Recheck Cond: ((id >= 3693679) AND (id <= 3703678))
	        ->  Bitmap Index Scan on sbtest7_pkey  (cost=0.00..218.63 rows=10220 width=0)
	              Index Cond: ((id >= 3693679) AND (id <= 3703678))

table 8 : explain SELECT SUM(k) FROM sbtest8 WHERE id BETWEEN 2029119 AND 2039118
	Aggregate  (cost=32310.94..32310.95 rows=1 width=8)
	  ->  Bitmap Heap Scan on sbtest8  (cost=203.99..32287.63 rows=9322 width=4)
	        Recheck Cond: ((id >= 2029119) AND (id <= 2039118))
	        ->  Bitmap Index Scan on sbtest8_pkey  (cost=0.00..201.66 rows=9322 width=0)
	              Index Cond: ((id >= 2029119) AND (id <= 2039118))

for: simple_ranges
table 1 : explain SELECT c FROM sbtest1 WHERE id BETWEEN 6548005 AND 6558004
	Bitmap Heap Scan on sbtest1  (cost=228.99..36143.12 rows=10591 width=121)
	  Recheck Cond: ((id >= 6548005) AND (id <= 6558004))
	  ->  Bitmap Index Scan on sbtest1_pkey  (cost=0.00..226.34 rows=10591 width=0)
	        Index Cond: ((id >= 6548005) AND (id <= 6558004))

table 2 : explain SELECT c FROM sbtest2 WHERE id BETWEEN 4921443 AND 4931442
	Bitmap Heap Scan on sbtest2  (cost=221.01..34979.02 rows=10202 width=121)
	  Recheck Cond: ((id >= 4921443) AND (id <= 4931442))
	  ->  Bitmap Index Scan on sbtest2_pkey  (cost=0.00..218.45 rows=10202 width=0)
	        Index Cond: ((id >= 4921443) AND (id <= 4931442))

table 3 : explain SELECT c FROM sbtest3 WHERE id BETWEEN 3710008 AND 3720007
	Bitmap Heap Scan on sbtest3  (cost=208.11..33491.87 rows=9724 width=121)
	  Recheck Cond: ((id >= 3710008) AND (id <= 3720007))
	  ->  Bitmap Index Scan on sbtest3_pkey  (cost=0.00..205.68 rows=9724 width=0)
	        Index Cond: ((id >= 3710008) AND (id <= 3720007))

table 4 : explain SELECT c FROM sbtest4 WHERE id BETWEEN 8275668 AND 8285667
	Bitmap Heap Scan on sbtest4  (cost=228.77..36151.26 rows=10569 width=121)
	  Recheck Cond: ((id >= 8275668) AND (id <= 8285667))
	  ->  Bitmap Index Scan on sbtest4_pkey  (cost=0.00..226.12 rows=10569 width=0)
	        Index Cond: ((id >= 8275668) AND (id <= 8285667))

table 5 : explain SELECT c FROM sbtest5 WHERE id BETWEEN 6758982 AND 6768981
	Bitmap Heap Scan on sbtest5  (cost=223.76..35851.61 rows=10471 width=121)
	  Recheck Cond: ((id >= 6758982) AND (id <= 6768981))
	  ->  Bitmap Index Scan on sbtest5_pkey  (cost=0.00..221.15 rows=10471 width=0)
	        Index Cond: ((id >= 6758982) AND (id <= 6768981))

table 6 : explain SELECT c FROM sbtest6 WHERE id BETWEEN 7255785 AND 7265784
	Bitmap Heap Scan on sbtest6  (cost=214.96..34420.88 rows=10002 width=121)
	  Recheck Cond: ((id >= 7255785) AND (id <= 7265784))
	  ->  Bitmap Index Scan on sbtest6_pkey  (cost=0.00..212.45 rows=10002 width=0)
	        Index Cond: ((id >= 7255785) AND (id <= 7265784))

table 7 : explain SELECT c FROM sbtest7 WHERE id BETWEEN 3648703 AND 3658702
	Bitmap Heap Scan on sbtest7  (cost=228.23..36024.35 rows=10517 width=121)
	  Recheck Cond: ((id >= 3648703) AND (id <= 3658702))
	  ->  Bitmap Index Scan on sbtest7_pkey  (cost=0.00..225.61 rows=10517 width=0)
	        Index Cond: ((id >= 3648703) AND (id <= 3658702))

table 8 : explain SELECT c FROM sbtest8 WHERE id BETWEEN 209003 AND 219002
	Bitmap Heap Scan on sbtest8  (cost=203.54..32151.34 rows=9279 width=121)
	  Recheck Cond: ((id >= 209003) AND (id <= 219002))
	  ->  Bitmap Index Scan on sbtest8_pkey  (cost=0.00..201.23 rows=9279 width=0)
	        Index Cond: ((id >= 209003) AND (id <= 219002))

for: sum_ranges
table 1 : explain SELECT SUM(k) FROM sbtest1 WHERE id BETWEEN 1977318 AND 1987317
	Aggregate  (cost=36783.24..36783.25 rows=1 width=8)
	  ->  Bitmap Heap Scan on sbtest1  (cost=231.05..36756.26 rows=10792 width=4)
	        Recheck Cond: ((id >= 1977318) AND (id <= 1987317))
	        ->  Bitmap Index Scan on sbtest1_pkey  (cost=0.00..228.36 rows=10792 width=0)
	              Index Cond: ((id >= 1977318) AND (id <= 1987317))

table 2 : explain SELECT SUM(k) FROM sbtest2 WHERE id BETWEEN 7645082 AND 7655081
	Aggregate  (cost=32802.13..32802.14 rows=1 width=8)
	  ->  Bitmap Heap Scan on sbtest2  (cost=205.78..32778.39 rows=9497 width=4)
	        Recheck Cond: ((id >= 7645082) AND (id <= 7655081))
	        ->  Bitmap Index Scan on sbtest2_pkey  (cost=0.00..203.41 rows=9497 width=0)
	              Index Cond: ((id >= 7645082) AND (id <= 7655081))

table 3 : explain SELECT SUM(k) FROM sbtest3 WHERE id BETWEEN 9027071 AND 9037070
	Aggregate  (cost=32021.79..32021.80 rows=1 width=8)
	  ->  Bitmap Heap Scan on sbtest3  (cost=199.24..31998.67 rows=9249 width=4)
	        Recheck Cond: ((id >= 9027071) AND (id <= 9037070))
	        ->  Bitmap Index Scan on sbtest3_pkey  (cost=0.00..196.93 rows=9249 width=0)
	              Index Cond: ((id >= 9027071) AND (id <= 9037070))

table 4 : explain SELECT SUM(k) FROM sbtest4 WHERE id BETWEEN 2831009 AND 2841008
	Aggregate  (cost=33804.28..33804.29 rows=1 width=8)
	  ->  Bitmap Heap Scan on sbtest4  (cost=208.96..33779.76 rows=9807 width=4)
	        Recheck Cond: ((id >= 2831009) AND (id <= 2841008))
	        ->  Bitmap Index Scan on sbtest4_pkey  (cost=0.00..206.50 rows=9807 width=0)
	              Index Cond: ((id >= 2831009) AND (id <= 2841008))

table 5 : explain SELECT SUM(k) FROM sbtest5 WHERE id BETWEEN 1922729 AND 1932728
	Aggregate  (cost=33883.29..33883.30 rows=1 width=8)
	  ->  Bitmap Heap Scan on sbtest5  (cost=213.19..33858.71 rows=9830 width=4)
	        Recheck Cond: ((id >= 1922729) AND (id <= 1932728))
	        ->  Bitmap Index Scan on sbtest5_pkey  (cost=0.00..210.74 rows=9830 width=0)
	              Index Cond: ((id >= 1922729) AND (id <= 1932728))

table 6 : explain SELECT SUM(k) FROM sbtest6 WHERE id BETWEEN 1494283 AND 1504282
	Aggregate  (cost=32521.39..32521.40 rows=1 width=8)
	  ->  Bitmap Heap Scan on sbtest6  (cost=200.68..32497.91 rows=9390 width=4)
	        Recheck Cond: ((id >= 1494283) AND (id <= 1504282))
	        ->  Bitmap Index Scan on sbtest6_pkey  (cost=0.00..198.34 rows=9390 width=0)
	              Index Cond: ((id >= 1494283) AND (id <= 1504282))

table 7 : explain SELECT SUM(k) FROM sbtest7 WHERE id BETWEEN 6236238 AND 6246237
	Aggregate  (cost=35489.38..35489.39 rows=1 width=8)
	  ->  Bitmap Heap Scan on sbtest7  (cost=222.39..35463.53 rows=10337 width=4)
	        Recheck Cond: ((id >= 6236238) AND (id <= 6246237))
	        ->  Bitmap Index Scan on sbtest7_pkey  (cost=0.00..219.81 rows=10337 width=0)
	              Index Cond: ((id >= 6236238) AND (id <= 6246237))

table 8 : explain SELECT SUM(k) FROM sbtest8 WHERE id BETWEEN 5983422 AND 5993421
	Aggregate  (cost=34736.01..34736.02 rows=1 width=8)
	  ->  Bitmap Heap Scan on sbtest8  (cost=219.90..34710.77 rows=10094 width=4)
	        Recheck Cond: ((id >= 5983422) AND (id <= 5993421))
	        ->  Bitmap Index Scan on sbtest8_pkey  (cost=0.00..217.38 rows=10094 width=0)
	              Index Cond: ((id >= 5983422) AND (id <= 5993421))

for point_selects
table 1 : explain SELECT c FROM sbtest1 WHERE id=4990041
	Index Scan using sbtest1_pkey on sbtest1  (cost=0.43..8.45 rows=1 width=121)
	  Index Cond: (id = 4990041)

table 2 : explain SELECT c FROM sbtest2 WHERE id=7650491
	Index Scan using sbtest2_pkey on sbtest2  (cost=0.43..8.45 rows=1 width=121)
	  Index Cond: (id = 7650491)

table 3 : explain SELECT c FROM sbtest3 WHERE id=7711050
	Index Scan using sbtest3_pkey on sbtest3  (cost=0.43..8.45 rows=1 width=121)
	  Index Cond: (id = 7711050)

table 4 : explain SELECT c FROM sbtest4 WHERE id=6334002
	Index Scan using sbtest4_pkey on sbtest4  (cost=0.43..8.45 rows=1 width=121)
	  Index Cond: (id = 6334002)

table 5 : explain SELECT c FROM sbtest5 WHERE id=1508290
	Index Scan using sbtest5_pkey on sbtest5  (cost=0.43..8.45 rows=1 width=121)
	  Index Cond: (id = 1508290)

table 6 : explain SELECT c FROM sbtest6 WHERE id=3008305
	Index Scan using sbtest6_pkey on sbtest6  (cost=0.43..8.45 rows=1 width=121)
	  Index Cond: (id = 3008305)

table 7 : explain SELECT c FROM sbtest7 WHERE id=3066721
	Index Scan using sbtest7_pkey on sbtest7  (cost=0.43..8.45 rows=1 width=121)
	  Index Cond: (id = 3066721)

table 8 : explain SELECT c FROM sbtest8 WHERE id=9752817
	Index Scan using sbtest8_pkey on sbtest8  (cost=0.43..8.45 rows=1 width=121)
	  Index Cond: (id = 9752817)

for point_selects
table 1 : explain SELECT c FROM sbtest1 WHERE id=104303
	Index Scan using sbtest1_pkey on sbtest1  (cost=0.43..8.45 rows=1 width=121)
	  Index Cond: (id = 104303)

table 2 : explain SELECT c FROM sbtest2 WHERE id=4718935
	Index Scan using sbtest2_pkey on sbtest2  (cost=0.43..8.45 rows=1 width=121)
	  Index Cond: (id = 4718935)

table 3 : explain SELECT c FROM sbtest3 WHERE id=39348
	Index Scan using sbtest3_pkey on sbtest3  (cost=0.43..8.45 rows=1 width=121)
	  Index Cond: (id = 39348)

table 4 : explain SELECT c FROM sbtest4 WHERE id=2958086
	Index Scan using sbtest4_pkey on sbtest4  (cost=0.43..8.45 rows=1 width=121)
	  Index Cond: (id = 2958086)

table 5 : explain SELECT c FROM sbtest5 WHERE id=5853313
	Index Scan using sbtest5_pkey on sbtest5  (cost=0.43..8.45 rows=1 width=121)
	  Index Cond: (id = 5853313)

table 6 : explain SELECT c FROM sbtest6 WHERE id=179553
	Index Scan using sbtest6_pkey on sbtest6  (cost=0.43..8.45 rows=1 width=121)
	  Index Cond: (id = 179553)

table 7 : explain SELECT c FROM sbtest7 WHERE id=8252617
	Index Scan using sbtest7_pkey on sbtest7  (cost=0.43..8.45 rows=1 width=121)
	  Index Cond: (id = 8252617)

table 8 : explain SELECT c FROM sbtest8 WHERE id=5151307
	Index Scan using sbtest8_pkey on sbtest8  (cost=0.43..8.45 rows=1 width=121)
	  Index Cond: (id = 5151307)

for point_selects
table 1 : explain SELECT c FROM sbtest1 WHERE id=1094102
	Index Scan using sbtest1_pkey on sbtest1  (cost=0.43..8.45 rows=1 width=121)
	  Index Cond: (id = 1094102)

table 2 : explain SELECT c FROM sbtest2 WHERE id=8558849
	Index Scan using sbtest2_pkey on sbtest2  (cost=0.43..8.45 rows=1 width=121)
	  Index Cond: (id = 8558849)

table 3 : explain SELECT c FROM sbtest3 WHERE id=9154830
	Index Scan using sbtest3_pkey on sbtest3  (cost=0.43..8.45 rows=1 width=121)
	  Index Cond: (id = 9154830)

table 4 : explain SELECT c FROM sbtest4 WHERE id=2448088
	Index Scan using sbtest4_pkey on sbtest4  (cost=0.43..8.45 rows=1 width=121)
	  Index Cond: (id = 2448088)

table 5 : explain SELECT c FROM sbtest5 WHERE id=912230
	Index Scan using sbtest5_pkey on sbtest5  (cost=0.43..8.45 rows=1 width=121)
	  Index Cond: (id = 912230)

table 6 : explain SELECT c FROM sbtest6 WHERE id=6687585
	Index Scan using sbtest6_pkey on sbtest6  (cost=0.43..8.45 rows=1 width=121)
	  Index Cond: (id = 6687585)

table 7 : explain SELECT c FROM sbtest7 WHERE id=6941886
	Index Scan using sbtest7_pkey on sbtest7  (cost=0.43..8.45 rows=1 width=121)
	  Index Cond: (id = 6941886)

table 8 : explain SELECT c FROM sbtest8 WHERE id=8203205
	Index Scan using sbtest8_pkey on sbtest8  (cost=0.43..8.45 rows=1 width=121)
	  Index Cond: (id = 8203205)

for: sum_ranges
table 1 : explain SELECT SUM(k) FROM sbtest1 WHERE id BETWEEN 7084935 AND 7094934
	Aggregate  (cost=35205.60..35205.61 rows=1 width=8)
	  ->  Bitmap Heap Scan on sbtest1  (cost=221.81..35179.90 rows=10280 width=4)
	        Recheck Cond: ((id >= 7084935) AND (id <= 7094934))
	        ->  Bitmap Index Scan on sbtest1_pkey  (cost=0.00..219.24 rows=10280 width=0)
	              Index Cond: ((id >= 7084935) AND (id <= 7094934))

table 2 : explain SELECT SUM(k) FROM sbtest2 WHERE id BETWEEN 5098875 AND 5108874
	Aggregate  (cost=32773.05..32773.06 rows=1 width=8)
	  ->  Bitmap Heap Scan on sbtest2  (cost=205.69..32749.33 rows=9488 width=4)
	        Recheck Cond: ((id >= 5098875) AND (id <= 5108874))
	        ->  Bitmap Index Scan on sbtest2_pkey  (cost=0.00..203.31 rows=9488 width=0)
	              Index Cond: ((id >= 5098875) AND (id <= 5108874))

table 3 : explain SELECT SUM(k) FROM sbtest3 WHERE id BETWEEN 5313523 AND 5323522
	Aggregate  (cost=35802.22..35802.23 rows=1 width=8)
	  ->  Bitmap Heap Scan on sbtest3  (cost=223.63..35776.07 rows=10458 width=4)
	        Recheck Cond: ((id >= 5313523) AND (id <= 5323522))
	        ->  Bitmap Index Scan on sbtest3_pkey  (cost=0.00..221.01 rows=10458 width=0)
	              Index Cond: ((id >= 5313523) AND (id <= 5323522))

table 4 : explain SELECT SUM(k) FROM sbtest4 WHERE id BETWEEN 4212139 AND 4222138
	Aggregate  (cost=34824.86..34824.87 rows=1 width=8)
	  ->  Bitmap Heap Scan on sbtest4  (cost=216.31..34799.52 rows=10134 width=4)
	        Recheck Cond: ((id >= 4212139) AND (id <= 4222138))
	        ->  Bitmap Index Scan on sbtest4_pkey  (cost=0.00..213.78 rows=10134 width=0)
	              Index Cond: ((id >= 4212139) AND (id <= 4222138))

table 5 : explain SELECT SUM(k) FROM sbtest5 WHERE id BETWEEN 1104956 AND 1114955
	Aggregate  (cost=29995.04..29995.05 rows=1 width=8)
	  ->  Bitmap Heap Scan on sbtest5  (cost=184.60..29973.53 rows=8601 width=4)
	        Recheck Cond: ((id >= 1104956) AND (id <= 1114955))
	        ->  Bitmap Index Scan on sbtest5_pkey  (cost=0.00..182.44 rows=8601 width=0)
	              Index Cond: ((id >= 1104956) AND (id <= 1114955))

table 6 : explain SELECT SUM(k) FROM sbtest6 WHERE id BETWEEN 614398 AND 624397
	Aggregate  (cost=33186.36..33186.37 rows=1 width=8)
	  ->  Bitmap Heap Scan on sbtest6  (cost=206.85..33162.36 rows=9601 width=4)
	        Recheck Cond: ((id >= 614398) AND (id <= 624397))
	        ->  Bitmap Index Scan on sbtest6_pkey  (cost=0.00..204.44 rows=9601 width=0)
	              Index Cond: ((id >= 614398) AND (id <= 624397))

table 7 : explain SELECT SUM(k) FROM sbtest7 WHERE id BETWEEN 2305292 AND 2315291
	Aggregate  (cost=33307.91..33307.92 rows=1 width=8)
	  ->  Bitmap Heap Scan on sbtest7  (cost=207.25..33283.81 rows=9640 width=4)
	        Recheck Cond: ((id >= 2305292) AND (id <= 2315291))
	        ->  Bitmap Index Scan on sbtest7_pkey  (cost=0.00..204.84 rows=9640 width=0)
	              Index Cond: ((id >= 2305292) AND (id <= 2315291))

table 8 : explain SELECT SUM(k) FROM sbtest8 WHERE id BETWEEN 4957347 AND 4967346
	Aggregate  (cost=33445.59..33445.60 rows=1 width=8)
	  ->  Bitmap Heap Scan on sbtest8  (cost=211.68..33421.38 rows=9682 width=4)
	        Recheck Cond: ((id >= 4957347) AND (id <= 4967346))
	        ->  Bitmap Index Scan on sbtest8_pkey  (cost=0.00..209.25 rows=9682 width=0)
	              Index Cond: ((id >= 4957347) AND (id <= 4967346))

for point_selects
table 1 : explain SELECT c FROM sbtest1 WHERE id=9285565
	Index Scan using sbtest1_pkey on sbtest1  (cost=0.43..8.45 rows=1 width=121)
	  Index Cond: (id = 9285565)

table 2 : explain SELECT c FROM sbtest2 WHERE id=8157546
	Index Scan using sbtest2_pkey on sbtest2  (cost=0.43..8.45 rows=1 width=121)
	  Index Cond: (id = 8157546)

table 3 : explain SELECT c FROM sbtest3 WHERE id=8748901
	Index Scan using sbtest3_pkey on sbtest3  (cost=0.43..8.45 rows=1 width=121)
	  Index Cond: (id = 8748901)

table 4 : explain SELECT c FROM sbtest4 WHERE id=7741362
	Index Scan using sbtest4_pkey on sbtest4  (cost=0.43..8.45 rows=1 width=121)
	  Index Cond: (id = 7741362)

table 5 : explain SELECT c FROM sbtest5 WHERE id=5583581
	Index Scan using sbtest5_pkey on sbtest5  (cost=0.43..8.45 rows=1 width=121)
	  Index Cond: (id = 5583581)

table 6 : explain SELECT c FROM sbtest6 WHERE id=2021700
	Index Scan using sbtest6_pkey on sbtest6  (cost=0.43..8.45 rows=1 width=121)
	  Index Cond: (id = 2021700)

table 7 : explain SELECT c FROM sbtest7 WHERE id=4801541
	Index Scan using sbtest7_pkey on sbtest7  (cost=0.43..8.45 rows=1 width=121)
	  Index Cond: (id = 4801541)

table 8 : explain SELECT c FROM sbtest8 WHERE id=5057672
	Index Scan using sbtest8_pkey on sbtest8  (cost=0.43..8.45 rows=1 width=121)
	  Index Cond: (id = 5057672)

for: distinct_ranges
table 1 : explain SELECT DISTINCT c FROM sbtest1 WHERE id BETWEEN 1991752 AND 2001751 ORDER BY c
	Unique  (cost=34342.13..34391.14 rows=9802 width=121)
	  ->  Sort  (cost=34342.13..34366.64 rows=9802 width=121)
	        Sort Key: c
	        ->  Bitmap Heap Scan on sbtest1  (cost=208.91..33692.32 rows=9802 width=121)
	              Recheck Cond: ((id >= 1991752) AND (id <= 2001751))
	              ->  Bitmap Index Scan on sbtest1_pkey  (cost=0.00..206.45 rows=9802 width=0)
	                    Index Cond: ((id >= 1991752) AND (id <= 2001751))

table 2 : explain SELECT DISTINCT c FROM sbtest2 WHERE id BETWEEN 953639 AND 963638 ORDER BY c
	Unique  (cost=35152.44..35202.66 rows=10044 width=121)
	  ->  Sort  (cost=35152.44..35177.55 rows=10044 width=121)
	        Sort Key: c
	        ->  Bitmap Heap Scan on sbtest2  (cost=215.39..34484.81 rows=10044 width=121)
	              Recheck Cond: ((id >= 953639) AND (id <= 963638))
	              ->  Bitmap Index Scan on sbtest2_pkey  (cost=0.00..212.88 rows=10044 width=0)
	                    Index Cond: ((id >= 953639) AND (id <= 963638))

table 3 : explain SELECT DISTINCT c FROM sbtest3 WHERE id BETWEEN 3358692 AND 3368691 ORDER BY c
	Unique  (cost=37785.61..37839.98 rows=10874 width=121)
	  ->  Sort  (cost=37785.61..37812.80 rows=10874 width=121)
	        Sort Key: c
	        ->  Bitmap Heap Scan on sbtest3  (cost=231.89..37056.59 rows=10874 width=121)
	              Recheck Cond: ((id >= 3358692) AND (id <= 3368691))
	              ->  Bitmap Index Scan on sbtest3_pkey  (cost=0.00..229.18 rows=10874 width=0)
	                    Index Cond: ((id >= 3358692) AND (id <= 3368691))

table 4 : explain SELECT DISTINCT c FROM sbtest4 WHERE id BETWEEN 474983 AND 484982 ORDER BY c
	Unique  (cost=32187.93..32233.48 rows=9110 width=121)
	  ->  Sort  (cost=32187.93..32210.70 rows=9110 width=121)
	        Sort Key: c
	        ->  Bitmap Heap Scan on sbtest4  (cost=197.81..31588.80 rows=9110 width=121)
	              Recheck Cond: ((id >= 474983) AND (id <= 484982))
	              ->  Bitmap Index Scan on sbtest4_pkey  (cost=0.00..195.54 rows=9110 width=0)
	                    Index Cond: ((id >= 474983) AND (id <= 484982))

table 5 : explain SELECT DISTINCT c FROM sbtest5 WHERE id BETWEEN 6613500 AND 6623499 ORDER BY c
	Unique  (cost=35123.04..35173.15 rows=10022 width=121)
	  ->  Sort  (cost=35123.04..35148.09 rows=10022 width=121)
	        Sort Key: c
	        ->  Bitmap Heap Scan on sbtest5  (cost=215.16..34457.03 rows=10022 width=121)
	              Recheck Cond: ((id >= 6613500) AND (id <= 6623499))
	              ->  Bitmap Index Scan on sbtest5_pkey  (cost=0.00..212.66 rows=10022 width=0)
	                    Index Cond: ((id >= 6613500) AND (id <= 6623499))

table 6 : explain SELECT DISTINCT c FROM sbtest6 WHERE id BETWEEN 4607415 AND 4617414 ORDER BY c
	Unique  (cost=36216.65..36268.44 rows=10357 width=121)
	  ->  Sort  (cost=36216.65..36242.55 rows=10357 width=121)
	        Sort Key: c
	        ->  Bitmap Heap Scan on sbtest6  (cost=222.59..35525.93 rows=10357 width=121)
	              Recheck Cond: ((id >= 4607415) AND (id <= 4617414))
	              ->  Bitmap Index Scan on sbtest6_pkey  (cost=0.00..220.00 rows=10357 width=0)
	                    Index Cond: ((id >= 4607415) AND (id <= 4617414))

table 7 : explain SELECT DISTINCT c FROM sbtest7 WHERE id BETWEEN 1977056 AND 1987055 ORDER BY c
	Unique  (cost=35245.31..35295.57 rows=10053 width=121)
	  ->  Sort  (cost=35245.31..35270.44 rows=10053 width=121)
	        Sort Key: c
	        ->  Bitmap Heap Scan on sbtest7  (cost=215.48..34577.02 rows=10053 width=121)
	              Recheck Cond: ((id >= 1977056) AND (id <= 1987055))
	              ->  Bitmap Index Scan on sbtest7_pkey  (cost=0.00..212.97 rows=10053 width=0)
	                    Index Cond: ((id >= 1977056) AND (id <= 1987055))

table 8 : explain SELECT DISTINCT c FROM sbtest8 WHERE id BETWEEN 2685912 AND 2695911 ORDER BY c
	Unique  (cost=33293.74..33340.96 rows=9444 width=121)
	  ->  Sort  (cost=33293.74..33317.35 rows=9444 width=121)
	        Sort Key: c
	        ->  Bitmap Heap Scan on sbtest8  (cost=205.24..32670.19 rows=9444 width=121)
	              Recheck Cond: ((id >= 2685912) AND (id <= 2695911))
	              ->  Bitmap Index Scan on sbtest8_pkey  (cost=0.00..202.88 rows=9444 width=0)
	                    Index Cond: ((id >= 2685912) AND (id <= 2695911))

explain: for point_selects :: explain SELECT c FROM sbtest%u WHERE id=%u
for point_selects
table 1 : explain SELECT c FROM sbtest1 WHERE id=1283107
	Index Scan using sbtest1_pkey on sbtest1  (cost=0.43..8.45 rows=1 width=121)
	  Index Cond: (id = 1283107)

table 2 : explain SELECT c FROM sbtest2 WHERE id=8736519
	Index Scan using sbtest2_pkey on sbtest2  (cost=0.43..8.45 rows=1 width=121)
	  Index Cond: (id = 8736519)

table 3 : explain SELECT c FROM sbtest3 WHERE id=475887
	Index Scan using sbtest3_pkey on sbtest3  (cost=0.43..8.45 rows=1 width=121)
	  Index Cond: (id = 475887)

table 4 : explain SELECT c FROM sbtest4 WHERE id=3610783
	Index Scan using sbtest4_pkey on sbtest4  (cost=0.43..8.45 rows=1 width=121)
	  Index Cond: (id = 3610783)

table 5 : explain SELECT c FROM sbtest5 WHERE id=2520082
	Index Scan using sbtest5_pkey on sbtest5  (cost=0.43..8.45 rows=1 width=121)
	  Index Cond: (id = 2520082)

table 6 : explain SELECT c FROM sbtest6 WHERE id=2254521
	Index Scan using sbtest6_pkey on sbtest6  (cost=0.43..8.45 rows=1 width=121)
	  Index Cond: (id = 2254521)

table 7 : explain SELECT c FROM sbtest7 WHERE id=6356498
	Index Scan using sbtest7_pkey on sbtest7  (cost=0.43..8.45 rows=1 width=121)
	  Index Cond: (id = 6356498)

table 8 : explain SELECT c FROM sbtest8 WHERE id=92229
	Index Scan using sbtest8_pkey on sbtest8  (cost=0.43..8.45 rows=1 width=121)
	  Index Cond: (id = 92229)

for: simple_ranges
table 1 : explain SELECT c FROM sbtest1 WHERE id BETWEEN 4044700 AND 4054699
	Bitmap Heap Scan on sbtest1  (cost=229.92..36416.53 rows=10681 width=121)
	  Recheck Cond: ((id >= 4044700) AND (id <= 4054699))
	  ->  Bitmap Index Scan on sbtest1_pkey  (cost=0.00..227.25 rows=10681 width=0)
	        Index Cond: ((id >= 4044700) AND (id <= 4054699))

table 2 : explain SELECT c FROM sbtest2 WHERE id BETWEEN 4175487 AND 4185486
	Bitmap Heap Scan on sbtest2  (cost=193.27..31387.57 rows=9057 width=121)
	  Recheck Cond: ((id >= 4175487) AND (id <= 4185486))
	  ->  Bitmap Index Scan on sbtest2_pkey  (cost=0.00..191.00 rows=9057 width=0)
	        Index Cond: ((id >= 4175487) AND (id <= 4185486))

table 3 : explain SELECT c FROM sbtest3 WHERE id BETWEEN 9052205 AND 9062204
	Bitmap Heap Scan on sbtest3  (cost=199.24..31998.67 rows=9249 width=121)
	  Recheck Cond: ((id >= 9052205) AND (id <= 9062204))
	  ->  Bitmap Index Scan on sbtest3_pkey  (cost=0.00..196.93 rows=9249 width=0)
	        Index Cond: ((id >= 9052205) AND (id <= 9062204))

table 4 : explain SELECT c FROM sbtest4 WHERE id BETWEEN 8350129 AND 8360128
	Bitmap Heap Scan on sbtest4  (cost=208.33..33586.46 rows=9746 width=121)
	  Recheck Cond: ((id >= 8350129) AND (id <= 8360128))
	  ->  Bitmap Index Scan on sbtest4_pkey  (cost=0.00..205.90 rows=9746 width=0)
	        Index Cond: ((id >= 8350129) AND (id <= 8360128))

table 5 : explain SELECT c FROM sbtest5 WHERE id BETWEEN 7758420 AND 7768419
	Bitmap Heap Scan on sbtest5  (cost=200.67..32471.67 rows=9389 width=121)
	  Recheck Cond: ((id >= 7758420) AND (id <= 7768419))
	  ->  Bitmap Index Scan on sbtest5_pkey  (cost=0.00..198.32 rows=9389 width=0)
	        Index Cond: ((id >= 7758420) AND (id <= 7768419))

table 6 : explain SELECT c FROM sbtest6 WHERE id BETWEEN 7284279 AND 7294278
	Bitmap Heap Scan on sbtest6  (cost=214.96..34420.88 rows=10002 width=121)
	  Recheck Cond: ((id >= 7284279) AND (id <= 7294278))
	  ->  Bitmap Index Scan on sbtest6_pkey  (cost=0.00..212.45 rows=10002 width=0)
	        Index Cond: ((id >= 7284279) AND (id <= 7294278))

table 7 : explain SELECT c FROM sbtest7 WHERE id BETWEEN 5443111 AND 5453110
	Bitmap Heap Scan on sbtest7  (cost=214.85..34387.27 rows=9992 width=121)
	  Recheck Cond: ((id >= 5443111) AND (id <= 5453110))
	  ->  Bitmap Index Scan on sbtest7_pkey  (cost=0.00..212.36 rows=9992 width=0)
	        Index Cond: ((id >= 5443111) AND (id <= 5453110))

table 8 : explain SELECT c FROM sbtest8 WHERE id BETWEEN 6365649 AND 6375648
	Bitmap Heap Scan on sbtest8  (cost=219.45..34572.57 rows=10050 width=121)
	  Recheck Cond: ((id >= 6365649) AND (id <= 6375648))
	  ->  Bitmap Index Scan on sbtest8_pkey  (cost=0.00..216.94 rows=10050 width=0)
	        Index Cond: ((id >= 6365649) AND (id <= 6375648))

for: simple_ranges
table 1 : explain SELECT c FROM sbtest1 WHERE id BETWEEN 6213893 AND 6223892
	Bitmap Heap Scan on sbtest1  (cost=200.99..32496.90 rows=9420 width=121)
	  Recheck Cond: ((id >= 6213893) AND (id <= 6223892))
	  ->  Bitmap Index Scan on sbtest1_pkey  (cost=0.00..198.63 rows=9420 width=0)
	        Index Cond: ((id >= 6213893) AND (id <= 6223892))

table 2 : explain SELECT c FROM sbtest2 WHERE id BETWEEN 1559348 AND 1569347
	Bitmap Heap Scan on sbtest2  (cost=216.50..34824.52 rows=10153 width=121)
	  Recheck Cond: ((id >= 1559348) AND (id <= 1569347))
	  ->  Bitmap Index Scan on sbtest2_pkey  (cost=0.00..213.97 rows=10153 width=0)
	        Index Cond: ((id >= 1559348) AND (id <= 1569347))

table 3 : explain SELECT c FROM sbtest3 WHERE id BETWEEN 5573976 AND 5583975
	Bitmap Heap Scan on sbtest3  (cost=206.50..33001.85 rows=9567 width=121)
	  Recheck Cond: ((id >= 5573976) AND (id <= 5583975))
	  ->  Bitmap Index Scan on sbtest3_pkey  (cost=0.00..204.11 rows=9567 width=0)
	        Index Cond: ((id >= 5573976) AND (id <= 5583975))

table 4 : explain SELECT c FROM sbtest4 WHERE id BETWEEN 8711956 AND 8721955
	Bitmap Heap Scan on sbtest4  (cost=208.85..33747.56 rows=9797 width=121)
	  Recheck Cond: ((id >= 8711956) AND (id <= 8721955))
	  ->  Bitmap Index Scan on sbtest4_pkey  (cost=0.00..206.41 rows=9797 width=0)
	        Index Cond: ((id >= 8711956) AND (id <= 8721955))

table 5 : explain SELECT c FROM sbtest5 WHERE id BETWEEN 2537101 AND 2547100
	Bitmap Heap Scan on sbtest5  (cost=223.77..35854.81 rows=10472 width=121)
	  Recheck Cond: ((id >= 2537101) AND (id <= 2547100))
	  ->  Bitmap Index Scan on sbtest5_pkey  (cost=0.00..221.16 rows=10472 width=0)
	        Index Cond: ((id >= 2537101) AND (id <= 2547100))

table 6 : explain SELECT c FROM sbtest6 WHERE id BETWEEN 6216785 AND 6226784
	Bitmap Heap Scan on sbtest6  (cost=214.31..34224.57 rows=9939 width=121)
	  Recheck Cond: ((id >= 6216785) AND (id <= 6226784))
	  ->  Bitmap Index Scan on sbtest6_pkey  (cost=0.00..211.82 rows=9939 width=0)
	        Index Cond: ((id >= 6216785) AND (id <= 6226784))

table 7 : explain SELECT c FROM sbtest7 WHERE id BETWEEN 7037841 AND 7047840
	Bitmap Heap Scan on sbtest7  (cost=229.98..36548.06 rows=10687 width=121)
	  Recheck Cond: ((id >= 7037841) AND (id <= 7047840))
	  ->  Bitmap Index Scan on sbtest7_pkey  (cost=0.00..227.31 rows=10687 width=0)
	        Index Cond: ((id >= 7037841) AND (id <= 7047840))

table 8 : explain SELECT c FROM sbtest8 WHERE id BETWEEN 7220180 AND 7230179
	Bitmap Heap Scan on sbtest8  (cost=207.02..33217.06 rows=9618 width=121)
	  Recheck Cond: ((id >= 7220180) AND (id <= 7230179))
	  ->  Bitmap Index Scan on sbtest8_pkey  (cost=0.00..204.62 rows=9618 width=0)
	        Index Cond: ((id >= 7220180) AND (id <= 7230179))

for: simple_ranges
table 1 : explain SELECT c FROM sbtest1 WHERE id BETWEEN 2258606 AND 2268605
	Bitmap Heap Scan on sbtest1  (cost=222.13..35278.86 rows=10312 width=121)
	  Recheck Cond: ((id >= 2258606) AND (id <= 2268605))
	  ->  Bitmap Index Scan on sbtest1_pkey  (cost=0.00..219.56 rows=10312 width=0)
	        Index Cond: ((id >= 2258606) AND (id <= 2268605))

table 2 : explain SELECT c FROM sbtest2 WHERE id BETWEEN 6934031 AND 6944030
	Bitmap Heap Scan on sbtest2  (cost=207.81..33394.43 rows=9695 width=121)
	  Recheck Cond: ((id >= 6934031) AND (id <= 6944030))
	  ->  Bitmap Index Scan on sbtest2_pkey  (cost=0.00..205.38 rows=9695 width=0)
	        Index Cond: ((id >= 6934031) AND (id <= 6944030))

table 3 : explain SELECT c FROM sbtest3 WHERE id BETWEEN 9925551 AND 9935550
	Bitmap Heap Scan on sbtest3  (cost=185.76..30306.38 rows=8715 width=121)
	  Recheck Cond: ((id >= 9925551) AND (id <= 9935550))
	  ->  Bitmap Index Scan on sbtest3_pkey  (cost=0.00..183.59 rows=8715 width=0)
	        Index Cond: ((id >= 9925551) AND (id <= 9935550))

table 4 : explain SELECT c FROM sbtest4 WHERE id BETWEEN 7103003 AND 7113002
	Bitmap Heap Scan on sbtest4  (cost=206.40..32999.09 rows=9558 width=121)
	  Recheck Cond: ((id >= 7103003) AND (id <= 7113002))
	  ->  Bitmap Index Scan on sbtest4_pkey  (cost=0.00..204.01 rows=9558 width=0)
	        Index Cond: ((id >= 7103003) AND (id <= 7113002))

table 5 : explain SELECT c FROM sbtest5 WHERE id BETWEEN 9421123 AND 9431122
	Bitmap Heap Scan on sbtest5  (cost=205.34..32679.62 rows=9454 width=121)
	  Recheck Cond: ((id >= 9421123) AND (id <= 9431122))
	  ->  Bitmap Index Scan on sbtest5_pkey  (cost=0.00..202.98 rows=9454 width=0)
	        Index Cond: ((id >= 9421123) AND (id <= 9431122))

table 6 : explain SELECT c FROM sbtest6 WHERE id BETWEEN 4314420 AND 4324419
	Bitmap Heap Scan on sbtest6  (cost=231.05..36874.85 rows=10792 width=121)
	  Recheck Cond: ((id >= 4314420) AND (id <= 4324419))
	  ->  Bitmap Index Scan on sbtest6_pkey  (cost=0.00..228.36 rows=10792 width=0)
	        Index Cond: ((id >= 4314420) AND (id <= 4324419))

table 7 : explain SELECT c FROM sbtest7 WHERE id BETWEEN 3574819 AND 3584818
	Bitmap Heap Scan on sbtest7  (cost=237.76..37685.23 rows=11056 width=121)
	  Recheck Cond: ((id >= 3574819) AND (id <= 3584818))
	  ->  Bitmap Index Scan on sbtest7_pkey  (cost=0.00..235.00 rows=11056 width=0)
	        Index Cond: ((id >= 3574819) AND (id <= 3584818))

table 8 : explain SELECT c FROM sbtest8 WHERE id BETWEEN 5340046 AND 5350045
	Bitmap Heap Scan on sbtest8  (cost=219.46..34575.79 rows=10051 width=121)
	  Recheck Cond: ((id >= 5340046) AND (id <= 5350045))
	  ->  Bitmap Index Scan on sbtest8_pkey  (cost=0.00..216.94 rows=10051 width=0)
	        Index Cond: ((id >= 5340046) AND (id <= 5350045))

for: order_ranges
table 1 : explain SELECT c FROM sbtest1 WHERE id BETWEEN 6683146 AND 6693145 ORDER BY c
	Sort  (cost=37101.88..37128.56 rows=10671 width=121)
	  Sort Key: c
	  ->  Bitmap Heap Scan on sbtest1  (cost=229.81..36387.92 rows=10671 width=121)
	        Recheck Cond: ((id >= 6683146) AND (id <= 6693145))
	        ->  Bitmap Index Scan on sbtest1_pkey  (cost=0.00..227.15 rows=10671 width=0)
	              Index Cond: ((id >= 6683146) AND (id <= 6693145))

table 2 : explain SELECT c FROM sbtest2 WHERE id BETWEEN 5552206 AND 5562205 ORDER BY c
	Sort  (cost=37292.69..37319.49 rows=10719 width=121)
	  Sort Key: c
	  ->  Bitmap Heap Scan on sbtest2  (cost=230.30..36575.17 rows=10719 width=121)
	        Recheck Cond: ((id >= 5552206) AND (id <= 5562205))
	        ->  Bitmap Index Scan on sbtest2_pkey  (cost=0.00..227.62 rows=10719 width=0)
	              Index Cond: ((id >= 5552206) AND (id <= 5562205))

table 3 : explain SELECT c FROM sbtest3 WHERE id BETWEEN 6468033 AND 6478032 ORDER BY c
	Sort  (cost=34241.42..34265.81 rows=9757 width=121)
	  Sort Key: c
	  ->  Bitmap Heap Scan on sbtest3  (cost=208.44..33594.91 rows=9757 width=121)
	        Recheck Cond: ((id >= 6468033) AND (id <= 6478032))
	        ->  Bitmap Index Scan on sbtest3_pkey  (cost=0.00..206.00 rows=9757 width=0)
	              Index Cond: ((id >= 6468033) AND (id <= 6478032))

table 4 : explain SELECT c FROM sbtest4 WHERE id BETWEEN 3542477 AND 3552476 ORDER BY c
	Sort  (cost=36834.72..36861.12 rows=10561 width=121)
	  Sort Key: c
	  ->  Bitmap Heap Scan on sbtest4  (cost=228.69..36128.90 rows=10561 width=121)
	        Recheck Cond: ((id >= 3542477) AND (id <= 3552476))
	        ->  Bitmap Index Scan on sbtest4_pkey  (cost=0.00..226.05 rows=10561 width=0)
	              Index Cond: ((id >= 3542477) AND (id <= 3552476))

table 5 : explain SELECT c FROM sbtest5 WHERE id BETWEEN 8354384 AND 8364383 ORDER BY c
	Sort  (cost=36495.10..36521.23 rows=10453 width=121)
	  Sort Key: c
	  ->  Bitmap Heap Scan on sbtest5  (cost=223.58..35797.28 rows=10453 width=121)
	        Recheck Cond: ((id >= 8354384) AND (id <= 8364383))
	        ->  Bitmap Index Scan on sbtest5_pkey  (cost=0.00..220.97 rows=10453 width=0)
	              Index Cond: ((id >= 8354384) AND (id <= 8364383))

table 6 : explain SELECT c FROM sbtest6 WHERE id BETWEEN 2043408 AND 2053407 ORDER BY c
	Sort  (cost=35039.36..35064.33 rows=9988 width=121)
	  Sort Key: c
	  ->  Bitmap Heap Scan on sbtest6  (cost=214.81..34375.85 rows=9988 width=121)
	        Recheck Cond: ((id >= 2043408) AND (id <= 2053407))
	        ->  Bitmap Index Scan on sbtest6_pkey  (cost=0.00..212.31 rows=9988 width=0)
	              Index Cond: ((id >= 2043408) AND (id <= 2053407))

table 7 : explain SELECT c FROM sbtest7 WHERE id BETWEEN 3077793 AND 3087792 ORDER BY c
	Sort  (cost=33521.26..33545.05 rows=9515 width=121)
	  Sort Key: c
	  ->  Bitmap Heap Scan on sbtest7  (cost=205.96..32892.51 rows=9515 width=121)
	        Recheck Cond: ((id >= 3077793) AND (id <= 3087792))
	        ->  Bitmap Index Scan on sbtest7_pkey  (cost=0.00..203.59 rows=9515 width=0)
	              Index Cond: ((id >= 3077793) AND (id <= 3087792))

table 8 : explain SELECT c FROM sbtest8 WHERE id BETWEEN 4281438 AND 4291437 ORDER BY c
	Sort  (cost=37608.11..37635.10 rows=10795 width=121)
	  Sort Key: c
	  ->  Bitmap Heap Scan on sbtest8  (cost=235.08..36884.95 rows=10795 width=121)
	        Recheck Cond: ((id >= 4281438) AND (id <= 4291437))
	        ->  Bitmap Index Scan on sbtest8_pkey  (cost=0.00..232.38 rows=10795 width=0)
	              Index Cond: ((id >= 4281438) AND (id <= 4291437))

for: simple_ranges
table 1 : explain SELECT c FROM sbtest1 WHERE id BETWEEN 2853665 AND 2863664
	Bitmap Heap Scan on sbtest1  (cost=215.56..34501.25 rows=10061 width=121)
	  Recheck Cond: ((id >= 2853665) AND (id <= 2863664))
	  ->  Bitmap Index Scan on sbtest1_pkey  (cost=0.00..213.05 rows=10061 width=0)
	        Index Cond: ((id >= 2853665) AND (id <= 2863664))

table 2 : explain SELECT c FROM sbtest2 WHERE id BETWEEN 3896801 AND 3906800
	Bitmap Heap Scan on sbtest2  (cost=207.89..33420.20 rows=9703 width=121)
	  Recheck Cond: ((id >= 3896801) AND (id <= 3906800))
	  ->  Bitmap Index Scan on sbtest2_pkey  (cost=0.00..205.47 rows=9703 width=0)
	        Index Cond: ((id >= 3896801) AND (id <= 3906800))

table 3 : explain SELECT c FROM sbtest3 WHERE id BETWEEN 9125981 AND 9135980
	Bitmap Heap Scan on sbtest3  (cost=209.19..33820.18 rows=9830 width=121)
	  Recheck Cond: ((id >= 9125981) AND (id <= 9135980))
	  ->  Bitmap Index Scan on sbtest3_pkey  (cost=0.00..206.74 rows=9830 width=0)
	        Index Cond: ((id >= 9125981) AND (id <= 9135980))

table 4 : explain SELECT c FROM sbtest4 WHERE id BETWEEN 1670583 AND 1680582
	Bitmap Heap Scan on sbtest4  (cost=214.54..34263.22 rows=9961 width=121)
	  Recheck Cond: ((id >= 1670583) AND (id <= 1680582))
	  ->  Bitmap Index Scan on sbtest4_pkey  (cost=0.00..212.05 rows=9961 width=0)
	        Index Cond: ((id >= 1670583) AND (id <= 1680582))

table 5 : explain SELECT c FROM sbtest5 WHERE id BETWEEN 9141133 AND 9151132
	Bitmap Heap Scan on sbtest5  (cost=206.19..32938.37 rows=9537 width=121)
	  Recheck Cond: ((id >= 9141133) AND (id <= 9151132))
	  ->  Bitmap Index Scan on sbtest5_pkey  (cost=0.00..203.81 rows=9537 width=0)
	        Index Cond: ((id >= 9141133) AND (id <= 9151132))

table 6 : explain SELECT c FROM sbtest6 WHERE id BETWEEN 667938 AND 677937
	Bitmap Heap Scan on sbtest6  (cost=206.74..33133.24 rows=9591 width=121)
	  Recheck Cond: ((id >= 667938) AND (id <= 677937))
	  ->  Bitmap Index Scan on sbtest6_pkey  (cost=0.00..204.34 rows=9591 width=0)
	        Index Cond: ((id >= 667938) AND (id <= 677937))

table 7 : explain SELECT c FROM sbtest7 WHERE id BETWEEN 1245268 AND 1255267
	Bitmap Heap Scan on sbtest7  (cost=200.40..32409.05 rows=9362 width=121)
	  Recheck Cond: ((id >= 1245268) AND (id <= 1255267))
	  ->  Bitmap Index Scan on sbtest7_pkey  (cost=0.00..198.06 rows=9362 width=0)
	        Index Cond: ((id >= 1245268) AND (id <= 1255267))

table 8 : explain SELECT c FROM sbtest8 WHERE id BETWEEN 6345784 AND 6355783
	Bitmap Heap Scan on sbtest8  (cost=219.45..34572.57 rows=10050 width=121)
	  Recheck Cond: ((id >= 6345784) AND (id <= 6355783))
	  ->  Bitmap Index Scan on sbtest8_pkey  (cost=0.00..216.94 rows=10050 width=0)
	        Index Cond: ((id >= 6345784) AND (id <= 6355783))

for: order_ranges
table 1 : explain SELECT c FROM sbtest1 WHERE id BETWEEN 9615624 AND 9625623 ORDER BY c
	Sort  (cost=31902.73..31925.33 rows=9042 width=121)
	  Sort Key: c
	  ->  Bitmap Heap Scan on sbtest1  (cost=193.12..31308.56 rows=9042 width=121)
	        Recheck Cond: ((id >= 9615624) AND (id <= 9625623))
	        ->  Bitmap Index Scan on sbtest1_pkey  (cost=0.00..190.86 rows=9042 width=0)
	              Index Cond: ((id >= 9615624) AND (id <= 9625623))

table 2 : explain SELECT c FROM sbtest2 WHERE id BETWEEN 7390846 AND 7400845 ORDER BY c
	Sort  (cost=32272.48..32295.34 rows=9146 width=121)
	  Sort Key: c
	  ->  Bitmap Heap Scan on sbtest2  (cost=198.18..31670.72 rows=9146 width=121)
	        Recheck Cond: ((id >= 7390846) AND (id <= 7400845))
	        ->  Bitmap Index Scan on sbtest2_pkey  (cost=0.00..195.90 rows=9146 width=0)
	              Index Cond: ((id >= 7390846) AND (id <= 7400845))

table 3 : explain SELECT c FROM sbtest3 WHERE id BETWEEN 6072812 AND 6082811 ORDER BY c
	Sort  (cost=36058.96..36084.78 rows=10327 width=121)
	  Sort Key: c
	  ->  Bitmap Heap Scan on sbtest3  (cost=222.29..35370.45 rows=10327 width=121)
	        Recheck Cond: ((id >= 6072812) AND (id <= 6082811))
	        ->  Bitmap Index Scan on sbtest3_pkey  (cost=0.00..219.70 rows=10327 width=0)
	              Index Cond: ((id >= 6072812) AND (id <= 6082811))

table 4 : explain SELECT c FROM sbtest4 WHERE id BETWEEN 6620279 AND 6630278 ORDER BY c
	Sort  (cost=37265.76..37292.50 rows=10698 width=121)
	  Sort Key: c
	  ->  Bitmap Heap Scan on sbtest4  (cost=230.09..36549.79 rows=10698 width=121)
	        Recheck Cond: ((id >= 6620279) AND (id <= 6630278))
	        ->  Bitmap Index Scan on sbtest4_pkey  (cost=0.00..227.42 rows=10698 width=0)
	              Index Cond: ((id >= 6620279) AND (id <= 6630278))

table 5 : explain SELECT c FROM sbtest5 WHERE id BETWEEN 3636866 AND 3646865 ORDER BY c
	Sort  (cost=35435.30..35460.60 rows=10120 width=121)
	  Sort Key: c
	  ->  Bitmap Heap Scan on sbtest5  (cost=216.16..34762.07 rows=10120 width=121)
	        Recheck Cond: ((id >= 3636866) AND (id <= 3646865))
	        ->  Bitmap Index Scan on sbtest5_pkey  (cost=0.00..213.63 rows=10120 width=0)
	              Index Cond: ((id >= 3636866) AND (id <= 3646865))

table 6 : explain SELECT c FROM sbtest6 WHERE id BETWEEN 8436577 AND 8446576 ORDER BY c
	Sort  (cost=38800.08..38828.01 rows=11174 width=121)
	  Sort Key: c
	  ->  Bitmap Heap Scan on sbtest6  (cost=238.97..38048.74 rows=11174 width=121)
	        Recheck Cond: ((id >= 8436577) AND (id <= 8446576))
	        ->  Bitmap Index Scan on sbtest6_pkey  (cost=0.00..236.18 rows=11174 width=0)
	              Index Cond: ((id >= 8436577) AND (id <= 8446576))

table 7 : explain SELECT c FROM sbtest7 WHERE id BETWEEN 9078759 AND 9088758 ORDER BY c
	Sort  (cost=38014.29..38041.60 rows=10924 width=121)
	  Sort Key: c
	  ->  Bitmap Heap Scan on sbtest7  (cost=236.41..37281.55 rows=10924 width=121)
	        Recheck Cond: ((id >= 9078759) AND (id <= 9088758))
	        ->  Bitmap Index Scan on sbtest7_pkey  (cost=0.00..233.68 rows=10924 width=0)
	              Index Cond: ((id >= 9078759) AND (id <= 9088758))

table 8 : explain SELECT c FROM sbtest8 WHERE id BETWEEN 3298402 AND 3308401 ORDER BY c
	Sort  (cost=33117.96..33141.43 rows=9389 width=121)
	  Sort Key: c
	  ->  Bitmap Heap Scan on sbtest8  (cost=204.67..32498.43 rows=9389 width=121)
	        Recheck Cond: ((id >= 3298402) AND (id <= 3308401))
	        ->  Bitmap Index Scan on sbtest8_pkey  (cost=0.00..202.32 rows=9389 width=0)
	              Index Cond: ((id >= 3298402) AND (id <= 3308401))

explain: for point_selects :: explain SELECT c FROM sbtest%u WHERE id=%u
for: sum_ranges
table 1 : explain SELECT SUM(k) FROM sbtest1 WHERE id BETWEEN 4796275 AND 4806274
	Aggregate  (cost=35240.74..35240.75 rows=1 width=8)
	  ->  Bitmap Heap Scan on sbtest1  (cost=221.92..35215.01 rows=10291 width=4)
	        Recheck Cond: ((id >= 4796275) AND (id <= 4806274))
	        ->  Bitmap Index Scan on sbtest1_pkey  (cost=0.00..219.34 rows=10291 width=0)
	              Index Cond: ((id >= 4796275) AND (id <= 4806274))

table 2 : explain SELECT SUM(k) FROM sbtest2 WHERE id BETWEEN 2439381 AND 2449380
	Aggregate  (cost=35254.27..35254.28 rows=1 width=8)
	  ->  Bitmap Heap Scan on sbtest2  (cost=221.84..35228.56 rows=10283 width=4)
	        Recheck Cond: ((id >= 2439381) AND (id <= 2449380))
	        ->  Bitmap Index Scan on sbtest2_pkey  (cost=0.00..219.26 rows=10283 width=0)
	              Index Cond: ((id >= 2439381) AND (id <= 2449380))

table 3 : explain SELECT SUM(k) FROM sbtest3 WHERE id BETWEEN 4124318 AND 4134317
	Aggregate  (cost=35584.95..35584.96 rows=1 width=8)
	  ->  Bitmap Heap Scan on sbtest3  (cost=222.91..35558.98 rows=10388 width=4)
	        Recheck Cond: ((id >= 4124318) AND (id <= 4134317))
	        ->  Bitmap Index Scan on sbtest3_pkey  (cost=0.00..220.31 rows=10388 width=0)
	              Index Cond: ((id >= 4124318) AND (id <= 4134317))

table 4 : explain SELECT SUM(k) FROM sbtest4 WHERE id BETWEEN 5191762 AND 5201761
	Aggregate  (cost=34342.83..34342.84 rows=1 width=8)
	  ->  Bitmap Heap Scan on sbtest4  (cost=214.72..34317.88 rows=9979 width=4)
	        Recheck Cond: ((id >= 5191762) AND (id <= 5201761))
	        ->  Bitmap Index Scan on sbtest4_pkey  (cost=0.00..212.23 rows=9979 width=0)
	              Index Cond: ((id >= 5191762) AND (id <= 5201761))

table 5 : explain SELECT SUM(k) FROM sbtest5 WHERE id BETWEEN 6214931 AND 6224930
	Aggregate  (cost=37295.35..37295.36 rows=1 width=8)
	  ->  Bitmap Heap Scan on sbtest5  (cost=236.46..37268.03 rows=10929 width=4)
	        Recheck Cond: ((id >= 6214931) AND (id <= 6224930))
	        ->  Bitmap Index Scan on sbtest5_pkey  (cost=0.00..233.73 rows=10929 width=0)
	              Index Cond: ((id >= 6214931) AND (id <= 6224930))

table 6 : explain SELECT SUM(k) FROM sbtest6 WHERE id BETWEEN 458017 AND 468016
	Aggregate  (cost=35484.49..35484.50 rows=1 width=8)
	  ->  Bitmap Heap Scan on sbtest6  (cost=222.37..35458.65 rows=10335 width=4)
	        Recheck Cond: ((id >= 458017) AND (id <= 468016))
	        ->  Bitmap Index Scan on sbtest6_pkey  (cost=0.00..219.79 rows=10335 width=0)
	              Index Cond: ((id >= 458017) AND (id <= 468016))

table 7 : explain SELECT SUM(k) FROM sbtest7 WHERE id BETWEEN 5658954 AND 5668953
	Aggregate  (cost=36248.91..36248.92 rows=1 width=8)
	  ->  Bitmap Heap Scan on sbtest7  (cost=228.89..36222.46 rows=10581 width=4)
	        Recheck Cond: ((id >= 5658954) AND (id <= 5668953))
	        ->  Bitmap Index Scan on sbtest7_pkey  (cost=0.00..226.25 rows=10581 width=0)
	              Index Cond: ((id >= 5658954) AND (id <= 5668953))

table 8 : explain SELECT SUM(k) FROM sbtest8 WHERE id BETWEEN 9063953 AND 9073952
	Aggregate  (cost=33445.59..33445.60 rows=1 width=8)
	  ->  Bitmap Heap Scan on sbtest8  (cost=211.68..33421.38 rows=9682 width=4)
	        Recheck Cond: ((id >= 9063953) AND (id <= 9073952))
	        ->  Bitmap Index Scan on sbtest8_pkey  (cost=0.00..209.25 rows=9682 width=0)
	              Index Cond: ((id >= 9063953) AND (id <= 9073952))

for: order_ranges
table 1 : explain SELECT c FROM sbtest1 WHERE id BETWEEN 9901567 AND 9911566 ORDER BY c
	Sort  (cost=34105.22..34129.53 rows=9727 width=121)
	  Sort Key: c
	  ->  Bitmap Heap Scan on sbtest1  (cost=208.14..33460.91 rows=9727 width=121)
	        Recheck Cond: ((id >= 9901567) AND (id <= 9911566))
	        ->  Bitmap Index Scan on sbtest1_pkey  (cost=0.00..205.70 rows=9727 width=0)
	              Index Cond: ((id >= 9901567) AND (id <= 9911566))

table 2 : explain SELECT c FROM sbtest2 WHERE id BETWEEN 9697765 AND 9707764 ORDER BY c
	Sort  (cost=38418.12..38445.81 rows=11076 width=121)
	  Sort Key: c
	  ->  Bitmap Heap Scan on sbtest2  (cost=237.96..37674.08 rows=11076 width=121)
	        Recheck Cond: ((id >= 9697765) AND (id <= 9707764))
	        ->  Bitmap Index Scan on sbtest2_pkey  (cost=0.00..235.19 rows=11076 width=0)
	              Index Cond: ((id >= 9697765) AND (id <= 9707764))

table 3 : explain SELECT c FROM sbtest3 WHERE id BETWEEN 2828074 AND 2838073 ORDER BY c
	Sort  (cost=34126.08..34150.38 rows=9721 width=121)
	  Sort Key: c
	  ->  Bitmap Heap Scan on sbtest3  (cost=208.08..33482.21 rows=9721 width=121)
	        Recheck Cond: ((id >= 2828074) AND (id <= 2838073))
	        ->  Bitmap Index Scan on sbtest3_pkey  (cost=0.00..205.65 rows=9721 width=0)
	              Index Cond: ((id >= 2828074) AND (id <= 2838073))

table 4 : explain SELECT c FROM sbtest4 WHERE id BETWEEN 331171 AND 341170 ORDER BY c
	Sort  (cost=36140.38..36166.23 rows=10343 width=121)
	  Sort Key: c
	  ->  Bitmap Heap Scan on sbtest4  (cost=222.45..35450.69 rows=10343 width=121)
	        Recheck Cond: ((id >= 331171) AND (id <= 341170))
	        ->  Bitmap Index Scan on sbtest4_pkey  (cost=0.00..219.87 rows=10343 width=0)
	              Index Cond: ((id >= 331171) AND (id <= 341170))

table 5 : explain SELECT c FROM sbtest5 WHERE id BETWEEN 5282854 AND 5292853 ORDER BY c
	Sort  (cost=35669.24..35694.72 rows=10193 width=121)
	  Sort Key: c
	  ->  Bitmap Heap Scan on sbtest5  (cost=220.91..34990.62 rows=10193 width=121)
	        Recheck Cond: ((id >= 5282854) AND (id <= 5292853))
	        ->  Bitmap Index Scan on sbtest5_pkey  (cost=0.00..218.37 rows=10193 width=0)
	              Index Cond: ((id >= 5282854) AND (id <= 5292853))

table 6 : explain SELECT c FROM sbtest6 WHERE id BETWEEN 9972213 AND 9982212 ORDER BY c
	Sort  (cost=35711.07..35736.56 rows=10197 width=121)
	  Sort Key: c
	  ->  Bitmap Heap Scan on sbtest6  (cost=220.95..35032.16 rows=10197 width=121)
	        Recheck Cond: ((id >= 9972213) AND (id <= 9982212))
	        ->  Bitmap Index Scan on sbtest6_pkey  (cost=0.00..218.41 rows=10197 width=0)
	              Index Cond: ((id >= 9972213) AND (id <= 9982212))

table 7 : explain SELECT c FROM sbtest7 WHERE id BETWEEN 4624439 AND 4634438 ORDER BY c
	Sort  (cost=35163.01..35188.07 rows=10027 width=121)
	  Sort Key: c
	  ->  Bitmap Heap Scan on sbtest7  (cost=215.21..34496.63 rows=10027 width=121)
	        Recheck Cond: ((id >= 4624439) AND (id <= 4634438))
	        ->  Bitmap Index Scan on sbtest7_pkey  (cost=0.00..212.70 rows=10027 width=0)
	              Index Cond: ((id >= 4624439) AND (id <= 4634438))

table 8 : explain SELECT c FROM sbtest8 WHERE id BETWEEN 8862098 AND 8872097 ORDER BY c
	Sort  (cost=34722.74..34747.46 rows=9889 width=121)
	  Sort Key: c
	  ->  Bitmap Heap Scan on sbtest8  (cost=213.80..34066.52 rows=9889 width=121)
	        Recheck Cond: ((id >= 8862098) AND (id <= 8872097))
	        ->  Bitmap Index Scan on sbtest8_pkey  (cost=0.00..211.32 rows=9889 width=0)
	              Index Cond: ((id >= 8862098) AND (id <= 8872097))

for: simple_ranges
table 1 : explain SELECT c FROM sbtest1 WHERE id BETWEEN 9138294 AND 9148293
	Bitmap Heap Scan on sbtest1  (cost=208.61..33602.36 rows=9773 width=121)
	  Recheck Cond: ((id >= 9138294) AND (id <= 9148293))
	  ->  Bitmap Index Scan on sbtest1_pkey  (cost=0.00..206.17 rows=9773 width=0)
	        Index Cond: ((id >= 9138294) AND (id <= 9148293))

table 2 : explain SELECT c FROM sbtest2 WHERE id BETWEEN 939872 AND 949871
	Bitmap Heap Scan on sbtest2  (cost=215.39..34484.81 rows=10044 width=121)
	  Recheck Cond: ((id >= 939872) AND (id <= 949871))
	  ->  Bitmap Index Scan on sbtest2_pkey  (cost=0.00..212.88 rows=10044 width=0)
	        Index Cond: ((id >= 939872) AND (id <= 949871))

table 3 : explain SELECT c FROM sbtest3 WHERE id BETWEEN 9264809 AND 9274808
	Bitmap Heap Scan on sbtest3  (cost=230.13..36528.94 rows=10702 width=121)
	  Recheck Cond: ((id >= 9264809) AND (id <= 9274808))
	  ->  Bitmap Index Scan on sbtest3_pkey  (cost=0.00..227.45 rows=10702 width=0)
	        Index Cond: ((id >= 9264809) AND (id <= 9274808))

table 4 : explain SELECT c FROM sbtest4 WHERE id BETWEEN 4984689 AND 4994688
	Bitmap Heap Scan on sbtest4  (cost=223.59..35792.82 rows=10454 width=121)
	  Recheck Cond: ((id >= 4984689) AND (id <= 4994688))
	  ->  Bitmap Index Scan on sbtest4_pkey  (cost=0.00..220.98 rows=10454 width=0)
	        Index Cond: ((id >= 4984689) AND (id <= 4994688))

table 5 : explain SELECT c FROM sbtest5 WHERE id BETWEEN 5061899 AND 5071898
	Bitmap Heap Scan on sbtest5  (cost=223.46..35758.93 rows=10441 width=121)
	  Recheck Cond: ((id >= 5061899) AND (id <= 5071898))
	  ->  Bitmap Index Scan on sbtest5_pkey  (cost=0.00..220.84 rows=10441 width=0)
	        Index Cond: ((id >= 5061899) AND (id <= 5071898))

table 6 : explain SELECT c FROM sbtest6 WHERE id BETWEEN 2150577 AND 2160576
	Bitmap Heap Scan on sbtest6  (cost=208.04..33530.65 rows=9718 width=121)
	  Recheck Cond: ((id >= 2150577) AND (id <= 2160576))
	  ->  Bitmap Index Scan on sbtest6_pkey  (cost=0.00..205.62 rows=9718 width=0)
	        Index Cond: ((id >= 2150577) AND (id <= 2160576))

table 7 : explain SELECT c FROM sbtest7 WHERE id BETWEEN 6650091 AND 6660090
	Bitmap Heap Scan on sbtest7  (cost=215.58..34609.16 rows=10063 width=121)
	  Recheck Cond: ((id >= 6650091) AND (id <= 6660090))
	  ->  Bitmap Index Scan on sbtest7_pkey  (cost=0.00..213.06 rows=10063 width=0)
	        Index Cond: ((id >= 6650091) AND (id <= 6660090))

table 8 : explain SELECT c FROM sbtest8 WHERE id BETWEEN 9001369 AND 9011368
	Bitmap Heap Scan on sbtest8  (cost=219.92..34717.20 rows=10096 width=121)
	  Recheck Cond: ((id >= 9001369) AND (id <= 9011368))
	  ->  Bitmap Index Scan on sbtest8_pkey  (cost=0.00..217.40 rows=10096 width=0)
	        Index Cond: ((id >= 9001369) AND (id <= 9011368))

for: distinct_ranges
table 1 : explain SELECT DISTINCT c FROM sbtest1 WHERE id BETWEEN 1469805 AND 1479804 ORDER BY c
	Unique  (cost=32569.66..32615.90 rows=9248 width=121)
	  ->  Sort  (cost=32569.66..32592.78 rows=9248 width=121)
	        Sort Key: c
	        ->  Bitmap Heap Scan on sbtest1  (cost=199.23..31960.45 rows=9248 width=121)
	              Recheck Cond: ((id >= 1469805) AND (id <= 1479804))
	              ->  Bitmap Index Scan on sbtest1_pkey  (cost=0.00..196.92 rows=9248 width=0)
	                    Index Cond: ((id >= 1469805) AND (id <= 1479804))

table 2 : explain SELECT DISTINCT c FROM sbtest2 WHERE id BETWEEN 3631068 AND 3641067 ORDER BY c
	Unique  (cost=32899.07..32945.77 rows=9341 width=121)
	  ->  Sort  (cost=32899.07..32922.42 rows=9341 width=121)
	        Sort Key: c
	        ->  Bitmap Heap Scan on sbtest2  (cost=200.18..32283.06 rows=9341 width=121)
	              Recheck Cond: ((id >= 3631068) AND (id <= 3641067))
	              ->  Bitmap Index Scan on sbtest2_pkey  (cost=0.00..197.84 rows=9341 width=0)
	                    Index Cond: ((id >= 3631068) AND (id <= 3641067))

table 3 : explain SELECT DISTINCT c FROM sbtest3 WHERE id BETWEEN 4034042 AND 4044041 ORDER BY c
	Unique  (cost=36634.37..36686.92 rows=10509 width=121)
	  ->  Sort  (cost=36634.37..36660.65 rows=10509 width=121)
	        Sort Key: c
	        ->  Bitmap Heap Scan on sbtest3  (cost=224.15..35932.41 rows=10509 width=121)
	              Recheck Cond: ((id >= 4034042) AND (id <= 4044041))
	              ->  Bitmap Index Scan on sbtest3_pkey  (cost=0.00..221.53 rows=10509 width=0)
	                    Index Cond: ((id >= 4034042) AND (id <= 4044041))

table 4 : explain SELECT DISTINCT c FROM sbtest4 WHERE id BETWEEN 1240200 AND 1250199 ORDER BY c
	Unique  (cost=31827.96..31872.96 rows=9000 width=121)
	  ->  Sort  (cost=31827.96..31850.46 rows=9000 width=121)
	        Sort Key: c
	        ->  Bitmap Heap Scan on sbtest4  (cost=192.69..31236.85 rows=9000 width=121)
	              Recheck Cond: ((id >= 1240200) AND (id <= 1250199))
	              ->  Bitmap Index Scan on sbtest4_pkey  (cost=0.00..190.44 rows=9000 width=0)
	                    Index Cond: ((id >= 1240200) AND (id <= 1250199))

table 5 : explain SELECT DISTINCT c FROM sbtest5 WHERE id BETWEEN 1191966 AND 1201965 ORDER BY c
	Unique  (cost=30535.62..30578.63 rows=8601 width=121)
	  ->  Sort  (cost=30535.62..30557.12 rows=8601 width=121)
	        Sort Key: c
	        ->  Bitmap Heap Scan on sbtest5  (cost=184.60..29973.53 rows=8601 width=121)
	              Recheck Cond: ((id >= 1191966) AND (id <= 1201965))
	              ->  Bitmap Index Scan on sbtest5_pkey  (cost=0.00..182.44 rows=8601 width=0)
	                    Index Cond: ((id >= 1191966) AND (id <= 1201965))

table 6 : explain SELECT DISTINCT c FROM sbtest6 WHERE id BETWEEN 9750858 AND 9760857 ORDER BY c
	Unique  (cost=33952.84..34001.08 rows=9649 width=121)
	  ->  Sort  (cost=33952.84..33976.96 rows=9649 width=121)
	        Sort Key: c
	        ->  Bitmap Heap Scan on sbtest6  (cost=207.34..33314.26 rows=9649 width=121)
	              Recheck Cond: ((id >= 9750858) AND (id <= 9760857))
	              ->  Bitmap Index Scan on sbtest6_pkey  (cost=0.00..204.93 rows=9649 width=0)
	                    Index Cond: ((id >= 9750858) AND (id <= 9760857))

table 7 : explain SELECT DISTINCT c FROM sbtest7 WHERE id BETWEEN 8348642 AND 8358641 ORDER BY c
	Unique  (cost=35337.45..35387.86 rows=10082 width=121)
	  ->  Sort  (cost=35337.45..35362.65 rows=10082 width=121)
	        Sort Key: c
	        ->  Bitmap Heap Scan on sbtest7  (cost=215.78..34667.02 rows=10082 width=121)
	              Recheck Cond: ((id >= 8348642) AND (id <= 8358641))
	              ->  Bitmap Index Scan on sbtest7_pkey  (cost=0.00..213.25 rows=10082 width=0)
	                    Index Cond: ((id >= 8348642) AND (id <= 8358641))

table 8 : explain SELECT DISTINCT c FROM sbtest8 WHERE id BETWEEN 5832903 AND 5842902 ORDER BY c
	Unique  (cost=36626.70..36679.13 rows=10485 width=121)
	  ->  Sort  (cost=36626.70..36652.91 rows=10485 width=121)
	        Sort Key: c
	        ->  Bitmap Heap Scan on sbtest8  (cost=227.91..35926.51 rows=10485 width=121)
	              Recheck Cond: ((id >= 5832903) AND (id <= 5842902))
	              ->  Bitmap Index Scan on sbtest8_pkey  (cost=0.00..225.29 rows=10485 width=0)
	                    Index Cond: ((id >= 5832903) AND (id <= 5842902))

explain: for point_selects :: explain SELECT c FROM sbtest%u WHERE id=%u
for: sum_ranges
table 1 : explain SELECT SUM(k) FROM sbtest1 WHERE id BETWEEN 5224285 AND 5234284
	Aggregate  (cost=31928.53..31928.54 rows=1 width=8)
	  ->  Bitmap Heap Scan on sbtest1  (cost=199.05..31905.46 rows=9231 width=4)
	        Recheck Cond: ((id >= 5224285) AND (id <= 5234284))
	        ->  Bitmap Index Scan on sbtest1_pkey  (cost=0.00..196.75 rows=9231 width=0)
	              Index Cond: ((id >= 5224285) AND (id <= 5234284))

table 2 : explain SELECT SUM(k) FROM sbtest2 WHERE id BETWEEN 6104464 AND 6114463
	Aggregate  (cost=34503.51..34503.52 rows=1 width=8)
	  ->  Bitmap Heap Scan on sbtest2  (cost=215.37..34478.40 rows=10042 width=4)
	        Recheck Cond: ((id >= 6104464) AND (id <= 6114463))
	        ->  Bitmap Index Scan on sbtest2_pkey  (cost=0.00..212.86 rows=10042 width=0)
	              Index Cond: ((id >= 6104464) AND (id <= 6114463))

table 3 : explain SELECT SUM(k) FROM sbtest3 WHERE id BETWEEN 4948275 AND 4958274
	Aggregate  (cost=37513.25..37513.26 rows=1 width=8)
	  ->  Bitmap Heap Scan on sbtest3  (cost=237.32..37485.72 rows=11013 width=4)
	        Recheck Cond: ((id >= 4948275) AND (id <= 4958274))
	        ->  Bitmap Index Scan on sbtest3_pkey  (cost=0.00..234.56 rows=11013 width=0)
	              Index Cond: ((id >= 4948275) AND (id <= 4958274))

table 4 : explain SELECT SUM(k) FROM sbtest4 WHERE id BETWEEN 7123878 AND 7133877
	Aggregate  (cost=33022.99..33023.00 rows=1 width=8)
	  ->  Bitmap Heap Scan on sbtest4  (cost=206.40..32999.09 rows=9558 width=4)
	        Recheck Cond: ((id >= 7123878) AND (id <= 7133877))
	        ->  Bitmap Index Scan on sbtest4_pkey  (cost=0.00..204.01 rows=9558 width=0)
	              Index Cond: ((id >= 7123878) AND (id <= 7133877))

table 5 : explain SELECT SUM(k) FROM sbtest5 WHERE id BETWEEN 1879888 AND 1889887
	Aggregate  (cost=35368.80..35368.81 rows=1 width=8)
	  ->  Bitmap Heap Scan on sbtest5  (cost=222.07..35343.04 rows=10306 width=4)
	        Recheck Cond: ((id >= 1879888) AND (id <= 1889887))
	        ->  Bitmap Index Scan on sbtest5_pkey  (cost=0.00..219.50 rows=10306 width=0)
	              Index Cond: ((id >= 1879888) AND (id <= 1889887))

table 6 : explain SELECT SUM(k) FROM sbtest6 WHERE id BETWEEN 9958005 AND 9968004
	Aggregate  (cost=35057.65..35057.66 rows=1 width=8)
	  ->  Bitmap Heap Scan on sbtest6  (cost=220.95..35032.16 rows=10197 width=4)
	        Recheck Cond: ((id >= 9958005) AND (id <= 9968004))
	        ->  Bitmap Index Scan on sbtest6_pkey  (cost=0.00..218.41 rows=10197 width=0)
	              Index Cond: ((id >= 9958005) AND (id <= 9968004))

table 7 : explain SELECT SUM(k) FROM sbtest7 WHERE id BETWEEN 3287144 AND 3297143
	Aggregate  (cost=32644.07..32644.08 rows=1 width=8)
	  ->  Bitmap Heap Scan on sbtest7  (cost=205.07..32620.50 rows=9428 width=4)
	        Recheck Cond: ((id >= 3287144) AND (id <= 3297143))
	        ->  Bitmap Index Scan on sbtest7_pkey  (cost=0.00..202.72 rows=9428 width=0)
	              Index Cond: ((id >= 3287144) AND (id <= 3297143))

table 8 : explain SELECT SUM(k) FROM sbtest8 WHERE id BETWEEN 7841343 AND 7851342
	Aggregate  (cost=34954.59..34954.60 rows=1 width=8)
	  ->  Bitmap Heap Scan on sbtest8  (cost=220.62..34929.18 rows=10164 width=4)
	        Recheck Cond: ((id >= 7841343) AND (id <= 7851342))
	        ->  Bitmap Index Scan on sbtest8_pkey  (cost=0.00..218.07 rows=10164 width=0)
	              Index Cond: ((id >= 7841343) AND (id <= 7851342))

explain: for point_selects :: explain SELECT c FROM sbtest%u WHERE id=%u
for: sum_ranges
table 1 : explain SELECT SUM(k) FROM sbtest1 WHERE id BETWEEN 8256986 AND 8266985
	Aggregate  (cost=36347.80..36347.81 rows=1 width=8)
	  ->  Bitmap Heap Scan on sbtest1  (cost=229.59..36321.17 rows=10649 width=4)
	        Recheck Cond: ((id >= 8256986) AND (id <= 8266985))
	        ->  Bitmap Index Scan on sbtest1_pkey  (cost=0.00..226.93 rows=10649 width=0)
	              Index Cond: ((id >= 8256986) AND (id <= 8266985))

table 2 : explain SELECT SUM(k) FROM sbtest2 WHERE id BETWEEN 9241269 AND 9251268
	Aggregate  (cost=36506.45..36506.46 rows=1 width=8)
	  ->  Bitmap Heap Scan on sbtest2  (cost=229.99..36479.73 rows=10688 width=4)
	        Recheck Cond: ((id >= 9241269) AND (id <= 9251268))
	        ->  Bitmap Index Scan on sbtest2_pkey  (cost=0.00..227.31 rows=10688 width=0)
	              Index Cond: ((id >= 9241269) AND (id <= 9251268))

table 3 : explain SELECT SUM(k) FROM sbtest3 WHERE id BETWEEN 4220776 AND 4230775
	Aggregate  (cost=36054.42..36054.43 rows=1 width=8)
	  ->  Bitmap Heap Scan on sbtest3  (cost=224.47..36028.07 rows=10540 width=4)
	        Recheck Cond: ((id >= 4220776) AND (id <= 4230775))
	        ->  Bitmap Index Scan on sbtest3_pkey  (cost=0.00..221.84 rows=10540 width=0)
	              Index Cond: ((id >= 4220776) AND (id <= 4230775))

table 4 : explain SELECT SUM(k) FROM sbtest4 WHERE id BETWEEN 8604290 AND 8614289
	Aggregate  (cost=35610.99..35611.00 rows=1 width=8)
	  ->  Bitmap Heap Scan on sbtest4  (cost=222.89..35585.02 rows=10386 width=4)
	        Recheck Cond: ((id >= 8604290) AND (id <= 8614289))
	        ->  Bitmap Index Scan on sbtest4_pkey  (cost=0.00..220.30 rows=10386 width=0)
	              Index Cond: ((id >= 8604290) AND (id <= 8614289))

table 5 : explain SELECT SUM(k) FROM sbtest5 WHERE id BETWEEN 1384495 AND 1394494
	Aggregate  (cost=36367.39..36367.40 rows=1 width=8)
	  ->  Bitmap Heap Scan on sbtest5  (cost=229.37..36340.82 rows=10628 width=4)
	        Recheck Cond: ((id >= 1384495) AND (id <= 1394494))
	        ->  Bitmap Index Scan on sbtest5_pkey  (cost=0.00..226.72 rows=10628 width=0)
	              Index Cond: ((id >= 1384495) AND (id <= 1394494))

table 6 : explain SELECT SUM(k) FROM sbtest6 WHERE id BETWEEN 8756874 AND 8766873
	Aggregate  (cost=37415.55..37415.56 rows=1 width=8)
	  ->  Bitmap Heap Scan on sbtest6  (cost=236.75..37388.15 rows=10958 width=4)
	        Recheck Cond: ((id >= 8756874) AND (id <= 8766873))
	        ->  Bitmap Index Scan on sbtest6_pkey  (cost=0.00..234.01 rows=10958 width=0)
	              Index Cond: ((id >= 8756874) AND (id <= 8766873))

table 7 : explain SELECT SUM(k) FROM sbtest7 WHERE id BETWEEN 677900 AND 687899
	Aggregate  (cost=33938.50..33938.51 rows=1 width=8)
	  ->  Bitmap Heap Scan on sbtest7  (cost=213.30..33913.90 rows=9840 width=4)
	        Recheck Cond: ((id >= 677900) AND (id <= 687899))
	        ->  Bitmap Index Scan on sbtest7_pkey  (cost=0.00..210.84 rows=9840 width=0)
	              Index Cond: ((id >= 677900) AND (id <= 687899))

table 8 : explain SELECT SUM(k) FROM sbtest8 WHERE id BETWEEN 184965 AND 194964
	Aggregate  (cost=31965.77..31965.78 rows=1 width=8)
	  ->  Bitmap Heap Scan on sbtest8  (cost=198.88..31942.73 rows=9214 width=4)
	        Recheck Cond: ((id >= 184965) AND (id <= 194964))
	        ->  Bitmap Index Scan on sbtest8_pkey  (cost=0.00..196.57 rows=9214 width=0)
	              Index Cond: ((id >= 184965) AND (id <= 194964))

for: sum_ranges
table 1 : explain SELECT SUM(k) FROM sbtest1 WHERE id BETWEEN 5452016 AND 5462015
	Aggregate  (cost=33459.49..33459.50 rows=1 width=8)
	  ->  Bitmap Heap Scan on sbtest1  (cost=208.05..33435.19 rows=9719 width=4)
	        Recheck Cond: ((id >= 5452016) AND (id <= 5462015))
	        ->  Bitmap Index Scan on sbtest1_pkey  (cost=0.00..205.62 rows=9719 width=0)
	              Index Cond: ((id >= 5452016) AND (id <= 5462015))

table 2 : explain SELECT SUM(k) FROM sbtest2 WHERE id BETWEEN 5132569 AND 5142568
	Aggregate  (cost=35276.66..35276.67 rows=1 width=8)
	  ->  Bitmap Heap Scan on sbtest2  (cost=221.91..35250.94 rows=10290 width=4)
	        Recheck Cond: ((id >= 5132569) AND (id <= 5142568))
	        ->  Bitmap Index Scan on sbtest2_pkey  (cost=0.00..219.34 rows=10290 width=0)
	              Index Cond: ((id >= 5132569) AND (id <= 5142568))

table 3 : explain SELECT SUM(k) FROM sbtest3 WHERE id BETWEEN 9978488 AND 9988487
	Aggregate  (cost=30328.17..30328.18 rows=1 width=8)
	  ->  Bitmap Heap Scan on sbtest3  (cost=185.76..30306.38 rows=8715 width=4)
	        Recheck Cond: ((id >= 9978488) AND (id <= 9988487))
	        ->  Bitmap Index Scan on sbtest3_pkey  (cost=0.00..183.59 rows=8715 width=0)
	              Index Cond: ((id >= 9978488) AND (id <= 9988487))

table 4 : explain SELECT SUM(k) FROM sbtest4 WHERE id BETWEEN 8602931 AND 8612930
	Aggregate  (cost=35610.99..35611.00 rows=1 width=8)
	  ->  Bitmap Heap Scan on sbtest4  (cost=222.89..35585.02 rows=10386 width=4)
	        Recheck Cond: ((id >= 8602931) AND (id <= 8612930))
	        ->  Bitmap Index Scan on sbtest4_pkey  (cost=0.00..220.30 rows=10386 width=0)
	              Index Cond: ((id >= 8602931) AND (id <= 8612930))

table 5 : explain SELECT SUM(k) FROM sbtest5 WHERE id BETWEEN 7170497 AND 7180496
	Aggregate  (cost=31768.05..31768.06 rows=1 width=8)
	  ->  Bitmap Heap Scan on sbtest5  (cost=198.30..31745.15 rows=9158 width=4)
	        Recheck Cond: ((id >= 7170497) AND (id <= 7180496))
	        ->  Bitmap Index Scan on sbtest5_pkey  (cost=0.00..196.01 rows=9158 width=0)
	              Index Cond: ((id >= 7170497) AND (id <= 7180496))

table 6 : explain SELECT SUM(k) FROM sbtest6 WHERE id BETWEEN 935516 AND 945515
	Aggregate  (cost=35468.46..35468.47 rows=1 width=8)
	  ->  Bitmap Heap Scan on sbtest6  (cost=222.32..35442.63 rows=10330 width=4)
	        Recheck Cond: ((id >= 935516) AND (id <= 945515))
	        ->  Bitmap Index Scan on sbtest6_pkey  (cost=0.00..219.74 rows=10330 width=0)
	              Index Cond: ((id >= 935516) AND (id <= 945515))

table 7 : explain SELECT SUM(k) FROM sbtest7 WHERE id BETWEEN 8149560 AND 8159559
	Aggregate  (cost=34769.41..34769.42 rows=1 width=8)
	  ->  Bitmap Heap Scan on sbtest7  (cost=216.03..34744.14 rows=10107 width=4)
	        Recheck Cond: ((id >= 8149560) AND (id <= 8159559))
	        ->  Bitmap Index Scan on sbtest7_pkey  (cost=0.00..213.50 rows=10107 width=0)
	              Index Cond: ((id >= 8149560) AND (id <= 8159559))

table 8 : explain SELECT SUM(k) FROM sbtest8 WHERE id BETWEEN 7507691 AND 7517690
	Aggregate  (cost=33189.35..33189.36 rows=1 width=8)
	  ->  Bitmap Heap Scan on sbtest8  (cost=206.86..33165.35 rows=9602 width=4)
	        Recheck Cond: ((id >= 7507691) AND (id <= 7517690))
	        ->  Bitmap Index Scan on sbtest8_pkey  (cost=0.00..204.45 rows=9602 width=0)
	              Index Cond: ((id >= 7507691) AND (id <= 7517690))

for: sum_ranges
table 1 : explain SELECT SUM(k) FROM sbtest1 WHERE id BETWEEN 5492521 AND 5502520
	Aggregate  (cost=32982.73..32982.74 rows=1 width=8)
	  ->  Bitmap Heap Scan on sbtest1  (cost=206.49..32958.82 rows=9566 width=4)
	        Recheck Cond: ((id >= 5492521) AND (id <= 5502520))
	        ->  Bitmap Index Scan on sbtest1_pkey  (cost=0.00..204.09 rows=9566 width=0)
	              Index Cond: ((id >= 5492521) AND (id <= 5502520))

table 2 : explain SELECT SUM(k) FROM sbtest2 WHERE id BETWEEN 9928093 AND 9938092
	Aggregate  (cost=34291.58..34291.59 rows=1 width=8)
	  ->  Bitmap Heap Scan on sbtest2  (cost=214.67..34266.64 rows=9974 width=4)
	        Recheck Cond: ((id >= 9928093) AND (id <= 9938092))
	        ->  Bitmap Index Scan on sbtest2_pkey  (cost=0.00..212.18 rows=9974 width=0)
	              Index Cond: ((id >= 9928093) AND (id <= 9938092))

table 3 : explain SELECT SUM(k) FROM sbtest3 WHERE id BETWEEN 956997 AND 966996
	Aggregate  (cost=31264.27..31264.28 rows=1 width=8)
	  ->  Bitmap Heap Scan on sbtest3  (cost=192.78..31241.75 rows=9009 width=4)
	        Recheck Cond: ((id >= 956997) AND (id <= 966996))
	        ->  Bitmap Index Scan on sbtest3_pkey  (cost=0.00..190.53 rows=9009 width=0)
	              Index Cond: ((id >= 956997) AND (id <= 966996))

table 4 : explain SELECT SUM(k) FROM sbtest4 WHERE id BETWEEN 9556676 AND 9566675
	Aggregate  (cost=34104.70..34104.71 rows=1 width=8)
	  ->  Bitmap Heap Scan on sbtest4  (cost=213.94..34079.94 rows=9903 width=4)
	        Recheck Cond: ((id >= 9556676) AND (id <= 9566675))
	        ->  Bitmap Index Scan on sbtest4_pkey  (cost=0.00..211.47 rows=9903 width=0)
	              Index Cond: ((id >= 9556676) AND (id <= 9566675))

table 5 : explain SELECT SUM(k) FROM sbtest5 WHERE id BETWEEN 272432 AND 282431
	Aggregate  (cost=33672.92..33672.93 rows=1 width=8)
	  ->  Bitmap Heap Scan on sbtest5  (cost=208.52..33648.51 rows=9764 width=4)
	        Recheck Cond: ((id >= 272432) AND (id <= 282431))
	        ->  Bitmap Index Scan on sbtest5_pkey  (cost=0.00..206.07 rows=9764 width=0)
	              Index Cond: ((id >= 272432) AND (id <= 282431))

table 6 : explain SELECT SUM(k) FROM sbtest6 WHERE id BETWEEN 804021 AND 814020
	Aggregate  (cost=34964.52..34964.53 rows=1 width=8)
	  ->  Bitmap Heap Scan on sbtest6  (cost=220.66..34939.10 rows=10168 width=4)
	        Recheck Cond: ((id >= 804021) AND (id <= 814020))
	        ->  Bitmap Index Scan on sbtest6_pkey  (cost=0.00..218.12 rows=10168 width=0)
	              Index Cond: ((id >= 804021) AND (id <= 814020))

table 7 : explain SELECT SUM(k) FROM sbtest7 WHERE id BETWEEN 8435565 AND 8445564
	Aggregate  (cost=34863.42..34863.43 rows=1 width=8)
	  ->  Bitmap Heap Scan on sbtest7  (cost=220.33..34838.08 rows=10136 width=4)
	        Recheck Cond: ((id >= 8435565) AND (id <= 8445564))
	        ->  Bitmap Index Scan on sbtest7_pkey  (cost=0.00..217.80 rows=10136 width=0)
	              Index Cond: ((id >= 8435565) AND (id <= 8445564))

table 8 : explain SELECT SUM(k) FROM sbtest8 WHERE id BETWEEN 916054 AND 926053
	Aggregate  (cost=34649.16..34649.17 rows=1 width=8)
	  ->  Bitmap Heap Scan on sbtest8  (cost=219.61..34623.99 rows=10066 width=4)
	        Recheck Cond: ((id >= 916054) AND (id <= 926053))
	        ->  Bitmap Index Scan on sbtest8_pkey  (cost=0.00..217.09 rows=10066 width=0)
	              Index Cond: ((id >= 916054) AND (id <= 926053))

for: distinct_ranges
table 1 : explain SELECT DISTINCT c FROM sbtest1 WHERE id BETWEEN 2756716 AND 2766715 ORDER BY c
	Unique  (cost=32450.46..32496.52 rows=9211 width=121)
	  ->  Sort  (cost=32450.46..32473.49 rows=9211 width=121)
	        Sort Key: c
	        ->  Bitmap Heap Scan on sbtest1  (cost=198.85..31843.96 rows=9211 width=121)
	              Recheck Cond: ((id >= 2756716) AND (id <= 2766715))
	              ->  Bitmap Index Scan on sbtest1_pkey  (cost=0.00..196.55 rows=9211 width=0)
	                    Index Cond: ((id >= 2756716) AND (id <= 2766715))

table 2 : explain SELECT DISTINCT c FROM sbtest2 WHERE id BETWEEN 3931524 AND 3941523 ORDER BY c
	Unique  (cost=34062.74..34111.25 rows=9703 width=121)
	  ->  Sort  (cost=34062.74..34087.00 rows=9703 width=121)
	        Sort Key: c
	        ->  Bitmap Heap Scan on sbtest2  (cost=207.89..33420.20 rows=9703 width=121)
	              Recheck Cond: ((id >= 3931524) AND (id <= 3941523))
	              ->  Bitmap Index Scan on sbtest2_pkey  (cost=0.00..205.47 rows=9703 width=0)
	                    Index Cond: ((id >= 3931524) AND (id <= 3941523))

table 3 : explain SELECT DISTINCT c FROM sbtest3 WHERE id BETWEEN 2897223 AND 2907222 ORDER BY c
	Unique  (cost=34007.39..34055.81 rows=9684 width=121)
	  ->  Sort  (cost=34007.39..34031.60 rows=9684 width=121)
	        Sort Key: c
	        ->  Bitmap Heap Scan on sbtest3  (cost=207.70..33366.24 rows=9684 width=121)
	              Recheck Cond: ((id >= 2897223) AND (id <= 2907222))
	              ->  Bitmap Index Scan on sbtest3_pkey  (cost=0.00..205.28 rows=9684 width=0)
	                    Index Cond: ((id >= 2897223) AND (id <= 2907222))

table 4 : explain SELECT DISTINCT c FROM sbtest4 WHERE id BETWEEN 9641044 AND 9651043 ORDER BY c
	Unique  (cost=35256.97..35307.30 rows=10066 width=121)
	  ->  Sort  (cost=35256.97..35282.13 rows=10066 width=121)
	        Sort Key: c
	        ->  Bitmap Heap Scan on sbtest4  (cost=215.61..34587.72 rows=10066 width=121)
	              Recheck Cond: ((id >= 9641044) AND (id <= 9651043))
	              ->  Bitmap Index Scan on sbtest4_pkey  (cost=0.00..213.09 rows=10066 width=0)
	                    Index Cond: ((id >= 9641044) AND (id <= 9651043))

table 5 : explain SELECT DISTINCT c FROM sbtest5 WHERE id BETWEEN 6056152 AND 6066151 ORDER BY c
	Unique  (cost=32533.86..32579.94 rows=9216 width=121)
	  ->  Sort  (cost=32533.86..32556.90 rows=9216 width=121)
	        Sort Key: c
	        ->  Bitmap Heap Scan on sbtest5  (cost=198.90..31926.99 rows=9216 width=121)
	              Recheck Cond: ((id >= 6056152) AND (id <= 6066151))
	              ->  Bitmap Index Scan on sbtest5_pkey  (cost=0.00..196.59 rows=9216 width=0)
	                    Index Cond: ((id >= 6056152) AND (id <= 6066151))

table 6 : explain SELECT DISTINCT c FROM sbtest6 WHERE id BETWEEN 4719812 AND 4729811 ORDER BY c
	Unique  (cost=32023.24..32068.50 rows=9052 width=121)
	  ->  Sort  (cost=32023.24..32045.87 rows=9052 width=121)
	        Sort Key: c
	        ->  Bitmap Heap Scan on sbtest6  (cost=193.22..31428.34 rows=9052 width=121)
	              Recheck Cond: ((id >= 4719812) AND (id <= 4729811))
	              ->  Bitmap Index Scan on sbtest6_pkey  (cost=0.00..190.95 rows=9052 width=0)
	                    Index Cond: ((id >= 4719812) AND (id <= 4729811))

table 7 : explain SELECT DISTINCT c FROM sbtest7 WHERE id BETWEEN 4365421 AND 4375420 ORDER BY c
	Unique  (cost=35837.74..35888.93 rows=10238 width=121)
	  ->  Sort  (cost=35837.74..35863.34 rows=10238 width=121)
	        Sort Key: c
	        ->  Bitmap Heap Scan on sbtest7  (cost=221.37..35155.81 rows=10238 width=121)
	              Recheck Cond: ((id >= 4365421) AND (id <= 4375420))
	              ->  Bitmap Index Scan on sbtest7_pkey  (cost=0.00..218.81 rows=10238 width=0)
	                    Index Cond: ((id >= 4365421) AND (id <= 4375420))

table 8 : explain SELECT DISTINCT c FROM sbtest8 WHERE id BETWEEN 6051758 AND 6061757 ORDER BY c
	Unique  (cost=36970.35..37023.32 rows=10594 width=121)
	  ->  Sort  (cost=36970.35..36996.84 rows=10594 width=121)
	        Sort Key: c
	        ->  Bitmap Heap Scan on sbtest8  (cost=229.02..36262.09 rows=10594 width=121)
	              Recheck Cond: ((id >= 6051758) AND (id <= 6061757))
	              ->  Bitmap Index Scan on sbtest8_pkey  (cost=0.00..226.38 rows=10594 width=0)
	                    Index Cond: ((id >= 6051758) AND (id <= 6061757))

for: order_ranges
table 1 : explain SELECT c FROM sbtest1 WHERE id BETWEEN 7966270 AND 7976269 ORDER BY c
	Sort  (cost=36338.57..36364.65 rows=10430 width=121)
	  Sort Key: c
	  ->  Bitmap Heap Scan on sbtest1  (cost=223.34..35642.45 rows=10430 width=121)
	        Recheck Cond: ((id >= 7966270) AND (id <= 7976269))
	        ->  Bitmap Index Scan on sbtest1_pkey  (cost=0.00..220.74 rows=10430 width=0)
	              Index Cond: ((id >= 7966270) AND (id <= 7976269))

table 2 : explain SELECT c FROM sbtest2 WHERE id BETWEEN 6492726 AND 6502725 ORDER BY c
	Sort  (cost=37702.76..37729.88 rows=10849 width=121)
	  Sort Key: c
	  ->  Bitmap Heap Scan on sbtest2  (cost=231.64..36975.59 rows=10849 width=121)
	        Recheck Cond: ((id >= 6492726) AND (id <= 6502725))
	        ->  Bitmap Index Scan on sbtest2_pkey  (cost=0.00..228.93 rows=10849 width=0)
	              Index Cond: ((id >= 6492726) AND (id <= 6502725))

table 3 : explain SELECT c FROM sbtest3 WHERE id BETWEEN 2766966 AND 2776965 ORDER BY c
	Sort  (cost=35412.67..35437.98 rows=10124 width=121)
	  Sort Key: c
	  ->  Bitmap Heap Scan on sbtest3  (cost=216.21..34739.14 rows=10124 width=121)
	        Recheck Cond: ((id >= 2766966) AND (id <= 2776965))
	        ->  Bitmap Index Scan on sbtest3_pkey  (cost=0.00..213.68 rows=10124 width=0)
	              Index Cond: ((id >= 2766966) AND (id <= 2776965))

table 4 : explain SELECT c FROM sbtest4 WHERE id BETWEEN 4089771 AND 4099770 ORDER BY c
	Sort  (cost=35079.40..35104.43 rows=10010 width=121)
	  Sort Key: c
	  ->  Bitmap Heap Scan on sbtest4  (cost=215.04..34414.28 rows=10010 width=121)
	        Recheck Cond: ((id >= 4089771) AND (id <= 4099770))
	        ->  Bitmap Index Scan on sbtest4_pkey  (cost=0.00..212.54 rows=10010 width=0)
	              Index Cond: ((id >= 4089771) AND (id <= 4099770))

table 5 : explain SELECT c FROM sbtest5 WHERE id BETWEEN 302319 AND 312318 ORDER BY c
	Sort  (cost=34288.94..34313.34 rows=9762 width=121)
	  Sort Key: c
	  ->  Bitmap Heap Scan on sbtest5  (cost=208.50..33642.06 rows=9762 width=121)
	        Recheck Cond: ((id >= 302319) AND (id <= 312318))
	        ->  Bitmap Index Scan on sbtest5_pkey  (cost=0.00..206.06 rows=9762 width=0)
	              Index Cond: ((id >= 302319) AND (id <= 312318))

table 6 : explain SELECT c FROM sbtest6 WHERE id BETWEEN 4672214 AND 4682213 ORDER BY c
	Sort  (cost=32023.24..32045.87 rows=9052 width=121)
	  Sort Key: c
	  ->  Bitmap Heap Scan on sbtest6  (cost=193.22..31428.34 rows=9052 width=121)
	        Recheck Cond: ((id >= 4672214) AND (id <= 4682213))
	        ->  Bitmap Index Scan on sbtest6_pkey  (cost=0.00..190.95 rows=9052 width=0)
	              Index Cond: ((id >= 4672214) AND (id <= 4682213))

table 7 : explain SELECT c FROM sbtest7 WHERE id BETWEEN 3857983 AND 3867982 ORDER BY c
	Sort  (cost=38596.90..38624.68 rows=11110 width=121)
	  Sort Key: c
	  ->  Bitmap Heap Scan on sbtest7  (cost=238.31..37850.33 rows=11110 width=121)
	        Recheck Cond: ((id >= 3857983) AND (id <= 3867982))
	        ->  Bitmap Index Scan on sbtest7_pkey  (cost=0.00..235.54 rows=11110 width=0)
	              Index Cond: ((id >= 3857983) AND (id <= 3867982))

table 8 : explain SELECT c FROM sbtest8 WHERE id BETWEEN 9835345 AND 9845344 ORDER BY c
	Sort  (cost=33989.62..34013.77 rows=9659 width=121)
	  Sort Key: c
	  ->  Bitmap Heap Scan on sbtest8  (cost=211.44..33350.31 rows=9659 width=121)
	        Recheck Cond: ((id >= 9835345) AND (id <= 9845344))
	        ->  Bitmap Index Scan on sbtest8_pkey  (cost=0.00..209.03 rows=9659 width=0)
	              Index Cond: ((id >= 9835345) AND (id <= 9845344))

for: order_ranges
table 1 : explain SELECT c FROM sbtest1 WHERE id BETWEEN 6240603 AND 6250602 ORDER BY c
	Sort  (cost=33118.69..33142.24 rows=9420 width=121)
	  Sort Key: c
	  ->  Bitmap Heap Scan on sbtest1  (cost=200.99..32496.90 rows=9420 width=121)
	        Recheck Cond: ((id >= 6240603) AND (id <= 6250602))
	        ->  Bitmap Index Scan on sbtest1_pkey  (cost=0.00..198.63 rows=9420 width=0)
	              Index Cond: ((id >= 6240603) AND (id <= 6250602))

table 2 : explain SELECT c FROM sbtest2 WHERE id BETWEEN 5901298 AND 5911297 ORDER BY c
	Sort  (cost=31320.75..31342.88 rows=8852 width=121)
	  Sort Key: c
	  ->  Bitmap Heap Scan on sbtest2  (cost=191.17..30740.42 rows=8852 width=121)
	        Recheck Cond: ((id >= 5901298) AND (id <= 5911297))
	        ->  Bitmap Index Scan on sbtest2_pkey  (cost=0.00..188.95 rows=8852 width=0)
	              Index Cond: ((id >= 5901298) AND (id <= 5911297))

table 3 : explain SELECT c FROM sbtest3 WHERE id BETWEEN 8290680 AND 8300679 ORDER BY c
	Sort  (cost=38779.72..38807.70 rows=11190 width=121)
	  Sort Key: c
	  ->  Bitmap Heap Scan on sbtest3  (cost=239.13..38027.20 rows=11190 width=121)
	        Recheck Cond: ((id >= 8290680) AND (id <= 8300679))
	        ->  Bitmap Index Scan on sbtest3_pkey  (cost=0.00..236.34 rows=11190 width=0)
	              Index Cond: ((id >= 8290680) AND (id <= 8300679))

table 4 : explain SELECT c FROM sbtest4 WHERE id BETWEEN 4222462 AND 4232461 ORDER BY c
	Sort  (cost=34809.55..34834.36 rows=9925 width=121)
	  Sort Key: c
	  ->  Bitmap Heap Scan on sbtest4  (cost=214.17..34150.69 rows=9925 width=121)
	        Recheck Cond: ((id >= 4222462) AND (id <= 4232461))
	        ->  Bitmap Index Scan on sbtest4_pkey  (cost=0.00..211.69 rows=9925 width=0)
	              Index Cond: ((id >= 4222462) AND (id <= 4232461))

table 5 : explain SELECT c FROM sbtest5 WHERE id BETWEEN 3977442 AND 3987441 ORDER BY c
	Sort  (cost=34546.81..34571.41 rows=9841 width=121)
	  Sort Key: c
	  ->  Bitmap Heap Scan on sbtest5  (cost=213.31..33894.13 rows=9841 width=121)
	        Recheck Cond: ((id >= 3977442) AND (id <= 3987441))
	        ->  Bitmap Index Scan on sbtest5_pkey  (cost=0.00..210.84 rows=9841 width=0)
	              Index Cond: ((id >= 3977442) AND (id <= 3987441))

table 6 : explain SELECT c FROM sbtest6 WHERE id BETWEEN 6899765 AND 6909764 ORDER BY c
	Sort  (cost=36842.99..36869.38 rows=10553 width=121)
	  Sort Key: c
	  ->  Bitmap Heap Scan on sbtest6  (cost=228.60..36137.77 rows=10553 width=121)
	        Recheck Cond: ((id >= 6899765) AND (id <= 6909764))
	        ->  Bitmap Index Scan on sbtest6_pkey  (cost=0.00..225.97 rows=10553 width=0)
	              Index Cond: ((id >= 6899765) AND (id <= 6909764))

table 7 : explain SELECT c FROM sbtest7 WHERE id BETWEEN 6047966 AND 6057965 ORDER BY c
	Sort  (cost=35824.62..35850.21 rows=10234 width=121)
	  Sort Key: c
	  ->  Bitmap Heap Scan on sbtest7  (cost=221.33..35142.98 rows=10234 width=121)
	        Recheck Cond: ((id >= 6047966) AND (id <= 6057965))
	        ->  Bitmap Index Scan on sbtest7_pkey  (cost=0.00..218.78 rows=10234 width=0)
	              Index Cond: ((id >= 6047966) AND (id <= 6057965))

table 8 : explain SELECT c FROM sbtest8 WHERE id BETWEEN 4640204 AND 4650203 ORDER BY c
	Sort  (cost=35461.04..35486.34 rows=10119 width=121)
	  Sort Key: c
	  ->  Bitmap Heap Scan on sbtest8  (cost=220.15..34787.88 rows=10119 width=121)
	        Recheck Cond: ((id >= 4640204) AND (id <= 4650203))
	        ->  Bitmap Index Scan on sbtest8_pkey  (cost=0.00..217.62 rows=10119 width=0)
	              Index Cond: ((id >= 4640204) AND (id <= 4650203))

for: order_ranges
table 1 : explain SELECT c FROM sbtest1 WHERE id BETWEEN 4295318 AND 4305317 ORDER BY c
	Sort  (cost=35907.39..35933.13 rows=10293 width=121)
	  Sort Key: c
	  ->  Bitmap Heap Scan on sbtest1  (cost=221.94..35221.40 rows=10293 width=121)
	        Recheck Cond: ((id >= 4295318) AND (id <= 4305317))
	        ->  Bitmap Index Scan on sbtest1_pkey  (cost=0.00..219.37 rows=10293 width=0)
	              Index Cond: ((id >= 4295318) AND (id <= 4305317))

table 2 : explain SELECT c FROM sbtest2 WHERE id BETWEEN 6190032 AND 6200031 ORDER BY c
	Sort  (cost=36810.10..36836.51 rows=10565 width=121)
	  Sort Key: c
	  ->  Bitmap Heap Scan on sbtest2  (cost=228.73..36103.98 rows=10565 width=121)
	        Recheck Cond: ((id >= 6190032) AND (id <= 6200031))
	        ->  Bitmap Index Scan on sbtest2_pkey  (cost=0.00..226.09 rows=10565 width=0)
	              Index Cond: ((id >= 6190032) AND (id <= 6200031))

table 3 : explain SELECT c FROM sbtest3 WHERE id BETWEEN 7846654 AND 7856653 ORDER BY c
	Sort  (cost=34673.52..34698.25 rows=9892 width=121)
	  Sort Key: c
	  ->  Bitmap Heap Scan on sbtest3  (cost=213.83..34017.08 rows=9892 width=121)
	        Recheck Cond: ((id >= 7846654) AND (id <= 7856653))
	        ->  Bitmap Index Scan on sbtest3_pkey  (cost=0.00..211.36 rows=9892 width=0)
	              Index Cond: ((id >= 7846654) AND (id <= 7856653))

table 4 : explain SELECT c FROM sbtest4 WHERE id BETWEEN 9039907 AND 9049906 ORDER BY c
	Sort  (cost=36994.82..37021.35 rows=10612 width=121)
	  Sort Key: c
	  ->  Bitmap Heap Scan on sbtest4  (cost=229.21..36285.23 rows=10612 width=121)
	        Recheck Cond: ((id >= 9039907) AND (id <= 9049906))
	        ->  Bitmap Index Scan on sbtest4_pkey  (cost=0.00..226.56 rows=10612 width=0)
	              Index Cond: ((id >= 9039907) AND (id <= 9049906))

table 5 : explain SELECT c FROM sbtest5 WHERE id BETWEEN 1376298 AND 1386297 ORDER BY c
	Sort  (cost=37051.60..37078.17 rows=10628 width=121)
	  Sort Key: c
	  ->  Bitmap Heap Scan on sbtest5  (cost=229.37..36340.82 rows=10628 width=121)
	        Recheck Cond: ((id >= 1376298) AND (id <= 1386297))
	        ->  Bitmap Index Scan on sbtest5_pkey  (cost=0.00..226.72 rows=10628 width=0)
	              Index Cond: ((id >= 1376298) AND (id <= 1386297))

table 6 : explain SELECT c FROM sbtest6 WHERE id BETWEEN 9790653 AND 9800652 ORDER BY c
	Sort  (cost=32652.73..32675.84 rows=9246 width=121)
	  Sort Key: c
	  ->  Bitmap Heap Scan on sbtest6  (cost=199.21..32043.67 rows=9246 width=121)
	        Recheck Cond: ((id >= 9790653) AND (id <= 9800652))
	        ->  Bitmap Index Scan on sbtest6_pkey  (cost=0.00..196.90 rows=9246 width=0)
	              Index Cond: ((id >= 9790653) AND (id <= 9800652))

table 7 : explain SELECT c FROM sbtest7 WHERE id BETWEEN 8899043 AND 8909042 ORDER BY c
	Sort  (cost=34268.71..34293.08 rows=9748 width=121)
	  Sort Key: c
	  ->  Bitmap Heap Scan on sbtest7  (cost=208.35..33622.86 rows=9748 width=121)
	        Recheck Cond: ((id >= 8899043) AND (id <= 8909042))
	        ->  Bitmap Index Scan on sbtest7_pkey  (cost=0.00..205.92 rows=9748 width=0)
	              Index Cond: ((id >= 8899043) AND (id <= 8909042))

table 8 : explain SELECT c FROM sbtest8 WHERE id BETWEEN 8710638 AND 8720637 ORDER BY c
	Sort  (cost=39378.19..39406.58 rows=11357 width=121)
	  Sort Key: c
	  ->  Bitmap Heap Scan on sbtest8  (cost=244.84..38613.22 rows=11357 width=121)
	        Recheck Cond: ((id >= 8710638) AND (id <= 8720637))
	        ->  Bitmap Index Scan on sbtest8_pkey  (cost=0.00..242.00 rows=11357 width=0)
	              Index Cond: ((id >= 8710638) AND (id <= 8720637))

for point_selects
table 1 : explain SELECT c FROM sbtest1 WHERE id=2056363
	Index Scan using sbtest1_pkey on sbtest1  (cost=0.43..8.45 rows=1 width=121)
	  Index Cond: (id = 2056363)

table 2 : explain SELECT c FROM sbtest2 WHERE id=6118933
	Index Scan using sbtest2_pkey on sbtest2  (cost=0.43..8.45 rows=1 width=121)
	  Index Cond: (id = 6118933)

table 3 : explain SELECT c FROM sbtest3 WHERE id=6341905
	Index Scan using sbtest3_pkey on sbtest3  (cost=0.43..8.45 rows=1 width=121)
	  Index Cond: (id = 6341905)

table 4 : explain SELECT c FROM sbtest4 WHERE id=9681015
	Index Scan using sbtest4_pkey on sbtest4  (cost=0.43..8.45 rows=1 width=121)
	  Index Cond: (id = 9681015)

table 5 : explain SELECT c FROM sbtest5 WHERE id=433172
	Index Scan using sbtest5_pkey on sbtest5  (cost=0.43..8.45 rows=1 width=121)
	  Index Cond: (id = 433172)

table 6 : explain SELECT c FROM sbtest6 WHERE id=428047
	Index Scan using sbtest6_pkey on sbtest6  (cost=0.43..8.45 rows=1 width=121)
	  Index Cond: (id = 428047)

table 7 : explain SELECT c FROM sbtest7 WHERE id=2103835
	Index Scan using sbtest7_pkey on sbtest7  (cost=0.43..8.45 rows=1 width=121)
	  Index Cond: (id = 2103835)

table 8 : explain SELECT c FROM sbtest8 WHERE id=7080066
	Index Scan using sbtest8_pkey on sbtest8  (cost=0.43..8.45 rows=1 width=121)
	  Index Cond: (id = 7080066)

explain: for point_selects :: explain SELECT c FROM sbtest%u WHERE id=%u
for: distinct_ranges
table 1 : explain SELECT DISTINCT c FROM sbtest1 WHERE id BETWEEN 7105384 AND 7115383 ORDER BY c
	Unique  (cost=35288.18..35338.68 rows=10099 width=121)
	  ->  Sort  (cost=35288.18..35313.43 rows=10099 width=121)
	        Sort Key: c
	        ->  Bitmap Heap Scan on sbtest1  (cost=215.95..34616.50 rows=10099 width=121)
	              Recheck Cond: ((id >= 7105384) AND (id <= 7115383))
	              ->  Bitmap Index Scan on sbtest1_pkey  (cost=0.00..213.43 rows=10099 width=0)
	                    Index Cond: ((id >= 7105384) AND (id <= 7115383))

table 2 : explain SELECT DISTINCT c FROM sbtest2 WHERE id BETWEEN 1548675 AND 1558674 ORDER BY c
	Unique  (cost=35500.18..35550.95 rows=10153 width=121)
	  ->  Sort  (cost=35500.18..35525.57 rows=10153 width=121)
	        Sort Key: c
	        ->  Bitmap Heap Scan on sbtest2  (cost=216.50..34824.52 rows=10153 width=121)
	              Recheck Cond: ((id >= 1548675) AND (id <= 1558674))
	              ->  Bitmap Index Scan on sbtest2_pkey  (cost=0.00..213.97 rows=10153 width=0)
	                    Index Cond: ((id >= 1548675) AND (id <= 1558674))

table 3 : explain SELECT DISTINCT c FROM sbtest3 WHERE id BETWEEN 3247226 AND 3257225 ORDER BY c
	Unique  (cost=32876.33..32922.99 rows=9332 width=121)
	  ->  Sort  (cost=32876.33..32899.66 rows=9332 width=121)
	        Sort Key: c
	        ->  Bitmap Heap Scan on sbtest3  (cost=200.09..32260.98 rows=9332 width=121)
	              Recheck Cond: ((id >= 3247226) AND (id <= 3257225))
	              ->  Bitmap Index Scan on sbtest3_pkey  (cost=0.00..197.75 rows=9332 width=0)
	                    Index Cond: ((id >= 3247226) AND (id <= 3257225))

table 4 : explain SELECT DISTINCT c FROM sbtest4 WHERE id BETWEEN 2930644 AND 2940643 ORDER BY c
	Unique  (cost=33432.51..33479.99 rows=9496 width=121)
	  ->  Sort  (cost=33432.51..33456.25 rows=9496 width=121)
	        Sort Key: c
	        ->  Bitmap Heap Scan on sbtest4  (cost=205.77..32805.15 rows=9496 width=121)
	              Recheck Cond: ((id >= 2930644) AND (id <= 2940643))
	              ->  Bitmap Index Scan on sbtest4_pkey  (cost=0.00..203.40 rows=9496 width=0)
	                    Index Cond: ((id >= 2930644) AND (id <= 2940643))

table 5 : explain SELECT DISTINCT c FROM sbtest5 WHERE id BETWEEN 5100051 AND 5110050 ORDER BY c
	Unique  (cost=36455.87..36508.07 rows=10441 width=121)
	  ->  Sort  (cost=36455.87..36481.97 rows=10441 width=121)
	        Sort Key: c
	        ->  Bitmap Heap Scan on sbtest5  (cost=223.46..35758.93 rows=10441 width=121)
	              Recheck Cond: ((id >= 5100051) AND (id <= 5110050))
	              ->  Bitmap Index Scan on sbtest5_pkey  (cost=0.00..220.84 rows=10441 width=0)
	                    Index Cond: ((id >= 5100051) AND (id <= 5110050))

table 6 : explain SELECT DISTINCT c FROM sbtest6 WHERE id BETWEEN 195691 AND 205690 ORDER BY c
	Unique  (cost=31205.94..31249.94 rows=8800 width=121)
	  ->  Sort  (cost=31205.94..31227.94 rows=8800 width=121)
	        Sort Key: c
	        ->  Bitmap Heap Scan on sbtest6  (cost=190.63..30629.40 rows=8800 width=121)
	              Recheck Cond: ((id >= 195691) AND (id <= 205690))
	              ->  Bitmap Index Scan on sbtest6_pkey  (cost=0.00..188.44 rows=8800 width=0)
	                    Index Cond: ((id >= 195691) AND (id <= 205690))

table 7 : explain SELECT DISTINCT c FROM sbtest7 WHERE id BETWEEN 8098072 AND 8108071 ORDER BY c
	Unique  (cost=32711.19..32757.51 rows=9264 width=121)
	  ->  Sort  (cost=32711.19..32734.35 rows=9264 width=121)
	        Sort Key: c
	        ->  Bitmap Heap Scan on sbtest7  (cost=199.39..32100.81 rows=9264 width=121)
	              Recheck Cond: ((id >= 8098072) AND (id <= 8108071))
	              ->  Bitmap Index Scan on sbtest7_pkey  (cost=0.00..197.07 rows=9264 width=0)
	                    Index Cond: ((id >= 8098072) AND (id <= 8108071))

table 8 : explain SELECT DISTINCT c FROM sbtest8 WHERE id BETWEEN 3530466 AND 3540465 ORDER BY c
	Unique  (cost=34818.25..34867.84 rows=9918 width=121)
	  ->  Sort  (cost=34818.25..34843.05 rows=9918 width=121)
	        Sort Key: c
	        ->  Bitmap Heap Scan on sbtest8  (cost=214.09..34159.90 rows=9918 width=121)
	              Recheck Cond: ((id >= 3530466) AND (id <= 3540465))
	              ->  Bitmap Index Scan on sbtest8_pkey  (cost=0.00..211.62 rows=9918 width=0)
	                    Index Cond: ((id >= 3530466) AND (id <= 3540465))

explain: for point_selects :: explain SELECT c FROM sbtest%u WHERE id=%u
for: sum_ranges
table 1 : explain SELECT SUM(k) FROM sbtest1 WHERE id BETWEEN 9300381 AND 9310380
	Aggregate  (cost=36063.72..36063.73 rows=1 width=8)
	  ->  Bitmap Heap Scan on sbtest1  (cost=224.65..36037.32 rows=10558 width=4)
	        Recheck Cond: ((id >= 9300381) AND (id <= 9310380))
	        ->  Bitmap Index Scan on sbtest1_pkey  (cost=0.00..222.01 rows=10558 width=0)
	              Index Cond: ((id >= 9300381) AND (id <= 9310380))

table 2 : explain SELECT SUM(k) FROM sbtest2 WHERE id BETWEEN 422893 AND 432892
	Aggregate  (cost=33496.01..33496.02 rows=1 width=8)
	  ->  Bitmap Heap Scan on sbtest2  (cost=208.05..33471.71 rows=9719 width=4)
	        Recheck Cond: ((id >= 422893) AND (id <= 432892))
	        ->  Bitmap Index Scan on sbtest2_pkey  (cost=0.00..205.62 rows=9719 width=0)
	              Index Cond: ((id >= 422893) AND (id <= 432892))

table 3 : explain SELECT SUM(k) FROM sbtest3 WHERE id BETWEEN 6703711 AND 6713710
	Aggregate  (cost=35204.25..35204.26 rows=1 width=8)
	  ->  Bitmap Heap Scan on sbtest3  (cost=221.65..35178.59 rows=10265 width=4)
	        Recheck Cond: ((id >= 6703711) AND (id <= 6713710))
	        ->  Bitmap Index Scan on sbtest3_pkey  (cost=0.00..219.09 rows=10265 width=0)
	              Index Cond: ((id >= 6703711) AND (id <= 6713710))

table 4 : explain SELECT SUM(k) FROM sbtest4 WHERE id BETWEEN 4661123 AND 4671122
	Aggregate  (cost=36007.56..36007.57 rows=1 width=8)
	  ->  Bitmap Heap Scan on sbtest4  (cost=224.21..35981.28 rows=10515 width=4)
	        Recheck Cond: ((id >= 4661123) AND (id <= 4671122))
	        ->  Bitmap Index Scan on sbtest4_pkey  (cost=0.00..221.59 rows=10515 width=0)
	              Index Cond: ((id >= 4661123) AND (id <= 4671122))

table 5 : explain SELECT SUM(k) FROM sbtest5 WHERE id BETWEEN 1997206 AND 2007205
	Aggregate  (cost=33883.29..33883.30 rows=1 width=8)
	  ->  Bitmap Heap Scan on sbtest5  (cost=213.19..33858.71 rows=9830 width=4)
	        Recheck Cond: ((id >= 1997206) AND (id <= 2007205))
	        ->  Bitmap Index Scan on sbtest5_pkey  (cost=0.00..210.74 rows=9830 width=0)
	              Index Cond: ((id >= 1997206) AND (id <= 2007205))

table 6 : explain SELECT SUM(k) FROM sbtest6 WHERE id BETWEEN 5895081 AND 5905080
	Aggregate  (cost=36359.15..36359.16 rows=1 width=8)
	  ->  Bitmap Heap Scan on sbtest6  (cost=229.25..36332.61 rows=10616 width=4)
	        Recheck Cond: ((id >= 5895081) AND (id <= 5905080))
	        ->  Bitmap Index Scan on sbtest6_pkey  (cost=0.00..226.59 rows=10616 width=0)
	              Index Cond: ((id >= 5895081) AND (id <= 5905080))

table 7 : explain SELECT SUM(k) FROM sbtest7 WHERE id BETWEEN 8175499 AND 8185498
	Aggregate  (cost=34769.41..34769.42 rows=1 width=8)
	  ->  Bitmap Heap Scan on sbtest7  (cost=216.03..34744.14 rows=10107 width=4)
	        Recheck Cond: ((id >= 8175499) AND (id <= 8185498))
	        ->  Bitmap Index Scan on sbtest7_pkey  (cost=0.00..213.50 rows=10107 width=0)
	              Index Cond: ((id >= 8175499) AND (id <= 8185498))

table 8 : explain SELECT SUM(k) FROM sbtest8 WHERE id BETWEEN 9823027 AND 9833026
	Aggregate  (cost=33374.46..33374.47 rows=1 width=8)
	  ->  Bitmap Heap Scan on sbtest8  (cost=211.44..33350.31 rows=9659 width=4)
	        Recheck Cond: ((id >= 9823027) AND (id <= 9833026))
	        ->  Bitmap Index Scan on sbtest8_pkey  (cost=0.00..209.03 rows=9659 width=0)
	              Index Cond: ((id >= 9823027) AND (id <= 9833026))

for point_selects
table 1 : explain SELECT c FROM sbtest1 WHERE id=2477910
	Index Scan using sbtest1_pkey on sbtest1  (cost=0.43..8.45 rows=1 width=121)
	  Index Cond: (id = 2477910)

table 2 : explain SELECT c FROM sbtest2 WHERE id=5810699
	Index Scan using sbtest2_pkey on sbtest2  (cost=0.43..8.45 rows=1 width=121)
	  Index Cond: (id = 5810699)

table 3 : explain SELECT c FROM sbtest3 WHERE id=1814282
	Index Scan using sbtest3_pkey on sbtest3  (cost=0.43..8.45 rows=1 width=121)
	  Index Cond: (id = 1814282)

table 4 : explain SELECT c FROM sbtest4 WHERE id=534159
	Index Scan using sbtest4_pkey on sbtest4  (cost=0.43..8.45 rows=1 width=121)
	  Index Cond: (id = 534159)

table 5 : explain SELECT c FROM sbtest5 WHERE id=432065
	Index Scan using sbtest5_pkey on sbtest5  (cost=0.43..8.45 rows=1 width=121)
	  Index Cond: (id = 432065)

table 6 : explain SELECT c FROM sbtest6 WHERE id=4670609
	Index Scan using sbtest6_pkey on sbtest6  (cost=0.43..8.45 rows=1 width=121)
	  Index Cond: (id = 4670609)

table 7 : explain SELECT c FROM sbtest7 WHERE id=4979542
	Index Scan using sbtest7_pkey on sbtest7  (cost=0.43..8.45 rows=1 width=121)
	  Index Cond: (id = 4979542)

table 8 : explain SELECT c FROM sbtest8 WHERE id=757235
	Index Scan using sbtest8_pkey on sbtest8  (cost=0.43..8.45 rows=1 width=121)
	  Index Cond: (id = 757235)

for: order_ranges
table 1 : explain SELECT c FROM sbtest1 WHERE id BETWEEN 5855368 AND 5865367 ORDER BY c
	Sort  (cost=34444.04..34468.63 rows=9834 width=121)
	  Sort Key: c
	  ->  Bitmap Heap Scan on sbtest1  (cost=209.23..33791.87 rows=9834 width=121)
	        Recheck Cond: ((id >= 5855368) AND (id <= 5865367))
	        ->  Bitmap Index Scan on sbtest1_pkey  (cost=0.00..206.78 rows=9834 width=0)
	              Index Cond: ((id >= 5855368) AND (id <= 5865367))

table 2 : explain SELECT c FROM sbtest2 WHERE id BETWEEN 3380716 AND 3390715 ORDER BY c
	Sort  (cost=36397.93..36424.02 rows=10436 width=121)
	  Sort Key: c
	  ->  Bitmap Heap Scan on sbtest2  (cost=223.40..35701.36 rows=10436 width=121)
	        Recheck Cond: ((id >= 3380716) AND (id <= 3390715))
	        ->  Bitmap Index Scan on sbtest2_pkey  (cost=0.00..220.80 rows=10436 width=0)
	              Index Cond: ((id >= 3380716) AND (id <= 3390715))

table 3 : explain SELECT c FROM sbtest3 WHERE id BETWEEN 4282609 AND 4292608 ORDER BY c
	Sort  (cost=36732.33..36758.68 rows=10540 width=121)
	  Sort Key: c
	  ->  Bitmap Heap Scan on sbtest3  (cost=224.47..36028.07 rows=10540 width=121)
	        Recheck Cond: ((id >= 4282609) AND (id <= 4292608))
	        ->  Bitmap Index Scan on sbtest3_pkey  (cost=0.00..221.84 rows=10540 width=0)
	              Index Cond: ((id >= 4282609) AND (id <= 4292608))

table 4 : explain SELECT c FROM sbtest4 WHERE id BETWEEN 3755026 AND 3765025 ORDER BY c
	Sort  (cost=33405.96..33429.68 rows=9487 width=121)
	  Sort Key: c
	  ->  Bitmap Heap Scan on sbtest4  (cost=205.68..32779.26 rows=9487 width=121)
	        Recheck Cond: ((id >= 3755026) AND (id <= 3765025))
	        ->  Bitmap Index Scan on sbtest4_pkey  (cost=0.00..203.31 rows=9487 width=0)
	              Index Cond: ((id >= 3755026) AND (id <= 3765025))

table 5 : explain SELECT c FROM sbtest5 WHERE id BETWEEN 5126676 AND 5136675 ORDER BY c
	Sort  (cost=37048.34..37074.91 rows=10627 width=121)
	  Sort Key: c
	  ->  Bitmap Heap Scan on sbtest5  (cost=229.36..36337.64 rows=10627 width=121)
	        Recheck Cond: ((id >= 5126676) AND (id <= 5136675))
	        ->  Bitmap Index Scan on sbtest5_pkey  (cost=0.00..226.70 rows=10627 width=0)
	              Index Cond: ((id >= 5126676) AND (id <= 5136675))

table 6 : explain SELECT c FROM sbtest6 WHERE id BETWEEN 2948956 AND 2958955 ORDER BY c
	Sort  (cost=38074.61..38101.97 rows=10943 width=121)
	  Sort Key: c
	  ->  Bitmap Heap Scan on sbtest6  (cost=236.60..37340.46 rows=10943 width=121)
	        Recheck Cond: ((id >= 2948956) AND (id <= 2958955))
	        ->  Bitmap Index Scan on sbtest6_pkey  (cost=0.00..233.87 rows=10943 width=0)
	              Index Cond: ((id >= 2948956) AND (id <= 2958955))

table 7 : explain SELECT c FROM sbtest7 WHERE id BETWEEN 7154313 AND 7164312 ORDER BY c
	Sort  (cost=37224.05..37250.74 rows=10675 width=121)
	  Sort Key: c
	  ->  Bitmap Heap Scan on sbtest7  (cost=229.85..36509.79 rows=10675 width=121)
	        Recheck Cond: ((id >= 7154313) AND (id <= 7164312))
	        ->  Bitmap Index Scan on sbtest7_pkey  (cost=0.00..227.19 rows=10675 width=0)
	              Index Cond: ((id >= 7154313) AND (id <= 7164312))

table 8 : explain SELECT c FROM sbtest8 WHERE id BETWEEN 2995438 AND 3005437 ORDER BY c
	Sort  (cost=33926.85..33950.95 rows=9640 width=121)
	  Sort Key: c
	  ->  Bitmap Heap Scan on sbtest8  (cost=211.25..33288.94 rows=9640 width=121)
	        Recheck Cond: ((id >= 2995438) AND (id <= 3005437))
	        ->  Bitmap Index Scan on sbtest8_pkey  (cost=0.00..208.84 rows=9640 width=0)
	              Index Cond: ((id >= 2995438) AND (id <= 3005437))

for: order_ranges
table 1 : explain SELECT c FROM sbtest1 WHERE id BETWEEN 8527217 AND 8537216 ORDER BY c
	Sort  (cost=35612.31..35637.82 rows=10201 width=121)
	  Sort Key: c
	  ->  Bitmap Heap Scan on sbtest1  (cost=217.00..34933.11 rows=10201 width=121)
	        Recheck Cond: ((id >= 8527217) AND (id <= 8537216))
	        ->  Bitmap Index Scan on sbtest1_pkey  (cost=0.00..214.44 rows=10201 width=0)
	              Index Cond: ((id >= 8527217) AND (id <= 8537216))

table 2 : explain SELECT c FROM sbtest2 WHERE id BETWEEN 3049931 AND 3059930 ORDER BY c
	Sort  (cost=33868.15..33892.26 rows=9642 width=121)
	  Sort Key: c
	  ->  Bitmap Heap Scan on sbtest2  (cost=207.27..33230.09 rows=9642 width=121)
	        Recheck Cond: ((id >= 3049931) AND (id <= 3059930))
	        ->  Bitmap Index Scan on sbtest2_pkey  (cost=0.00..204.86 rows=9642 width=0)
	              Index Cond: ((id >= 3049931) AND (id <= 3059930))

table 3 : explain SELECT c FROM sbtest3 WHERE id BETWEEN 8051141 AND 8061140 ORDER BY c
	Sort  (cost=35885.42..35911.10 rows=10272 width=121)
	  Sort Key: c
	  ->  Bitmap Heap Scan on sbtest3  (cost=221.72..35200.98 rows=10272 width=121)
	        Recheck Cond: ((id >= 8051141) AND (id <= 8061140))
	        ->  Bitmap Index Scan on sbtest3_pkey  (cost=0.00..219.16 rows=10272 width=0)
	              Index Cond: ((id >= 8051141) AND (id <= 8061140))

table 4 : explain SELECT c FROM sbtest4 WHERE id BETWEEN 4362560 AND 4372559 ORDER BY c
	Sort  (cost=36637.86..36664.11 rows=10500 width=121)
	  Sort Key: c
	  ->  Bitmap Heap Scan on sbtest4  (cost=224.06..35936.56 rows=10500 width=121)
	        Recheck Cond: ((id >= 4362560) AND (id <= 4372559))
	        ->  Bitmap Index Scan on sbtest4_pkey  (cost=0.00..221.44 rows=10500 width=0)
	              Index Cond: ((id >= 4362560) AND (id <= 4372559))

table 5 : explain SELECT c FROM sbtest5 WHERE id BETWEEN 8330508 AND 8340507 ORDER BY c
	Sort  (cost=36495.10..36521.23 rows=10453 width=121)
	  Sort Key: c
	  ->  Bitmap Heap Scan on sbtest5  (cost=223.58..35797.28 rows=10453 width=121)
	        Recheck Cond: ((id >= 8330508) AND (id <= 8340507))
	        ->  Bitmap Index Scan on sbtest5_pkey  (cost=0.00..220.97 rows=10453 width=0)
	              Index Cond: ((id >= 8330508) AND (id <= 8340507))

table 6 : explain SELECT c FROM sbtest6 WHERE id BETWEEN 6991866 AND 7001865 ORDER BY c
	Sort  (cost=31456.39..31478.59 rows=8877 width=121)
	  Sort Key: c
	  ->  Bitmap Heap Scan on sbtest6  (cost=191.42..30874.25 rows=8877 width=121)
	        Recheck Cond: ((id >= 6991866) AND (id <= 7001865))
	        ->  Bitmap Index Scan on sbtest6_pkey  (cost=0.00..189.20 rows=8877 width=0)
	              Index Cond: ((id >= 6991866) AND (id <= 7001865))

table 7 : explain SELECT c FROM sbtest7 WHERE id BETWEEN 4697940 AND 4707939 ORDER BY c
	Sort  (cost=35163.01..35188.07 rows=10027 width=121)
	  Sort Key: c
	  ->  Bitmap Heap Scan on sbtest7  (cost=215.21..34496.63 rows=10027 width=121)
	        Recheck Cond: ((id >= 4697940) AND (id <= 4707939))
	        ->  Bitmap Index Scan on sbtest7_pkey  (cost=0.00..212.70 rows=10027 width=0)
	              Index Cond: ((id >= 4697940) AND (id <= 4707939))

table 8 : explain SELECT c FROM sbtest8 WHERE id BETWEEN 907972 AND 917971 ORDER BY c
	Sort  (cost=35312.97..35338.15 rows=10072 width=121)
	  Sort Key: c
	  ->  Bitmap Heap Scan on sbtest8  (cost=219.67..34643.27 rows=10072 width=121)
	        Recheck Cond: ((id >= 907972) AND (id <= 917971))
	        ->  Bitmap Index Scan on sbtest8_pkey  (cost=0.00..217.16 rows=10072 width=0)
	              Index Cond: ((id >= 907972) AND (id <= 917971))

for: distinct_ranges
table 1 : explain SELECT DISTINCT c FROM sbtest1 WHERE id BETWEEN 4667730 AND 4677729 ORDER BY c
	Unique  (cost=33789.09..33837.23 rows=9628 width=121)
	  ->  Sort  (cost=33789.09..33813.16 rows=9628 width=121)
	        Sort Key: c
	        ->  Bitmap Heap Scan on sbtest1  (cost=207.12..33152.06 rows=9628 width=121)
	              Recheck Cond: ((id >= 4667730) AND (id <= 4677729))
	              ->  Bitmap Index Scan on sbtest1_pkey  (cost=0.00..204.72 rows=9628 width=0)
	                    Index Cond: ((id >= 4667730) AND (id <= 4677729))

table 2 : explain SELECT DISTINCT c FROM sbtest2 WHERE id BETWEEN 8942058 AND 8952057 ORDER BY c
	Unique  (cost=35989.13..36040.67 rows=10307 width=121)
	  ->  Sort  (cost=35989.13..36014.90 rows=10307 width=121)
	        Sort Key: c
	        ->  Bitmap Heap Scan on sbtest2  (cost=222.08..35302.10 rows=10307 width=121)
	              Recheck Cond: ((id >= 8942058) AND (id <= 8952057))
	              ->  Bitmap Index Scan on sbtest2_pkey  (cost=0.00..219.50 rows=10307 width=0)
	                    Index Cond: ((id >= 8942058) AND (id <= 8952057))

table 3 : explain SELECT DISTINCT c FROM sbtest3 WHERE id BETWEEN 5242100 AND 5252099 ORDER BY c
	Unique  (cost=34013.98..34062.41 rows=9686 width=121)
	  ->  Sort  (cost=34013.98..34038.19 rows=9686 width=121)
	        Sort Key: c
	        ->  Bitmap Heap Scan on sbtest3  (cost=207.72..33372.68 rows=9686 width=121)
	              Recheck Cond: ((id >= 5242100) AND (id <= 5252099))
	              ->  Bitmap Index Scan on sbtest3_pkey  (cost=0.00..205.30 rows=9686 width=0)
	                    Index Cond: ((id >= 5242100) AND (id <= 5252099))

table 4 : explain SELECT DISTINCT c FROM sbtest4 WHERE id BETWEEN 7173315 AND 7183314 ORDER BY c
	Unique  (cost=33631.00..33678.79 rows=9558 width=121)
	  ->  Sort  (cost=33631.00..33654.89 rows=9558 width=121)
	        Sort Key: c
	        ->  Bitmap Heap Scan on sbtest4  (cost=206.40..32999.09 rows=9558 width=121)
	              Recheck Cond: ((id >= 7173315) AND (id <= 7183314))
	              ->  Bitmap Index Scan on sbtest4_pkey  (cost=0.00..204.01 rows=9558 width=0)
	                    Index Cond: ((id >= 7173315) AND (id <= 7183314))

table 5 : explain SELECT DISTINCT c FROM sbtest5 WHERE id BETWEEN 1889828 AND 1899827 ORDER BY c
	Unique  (cost=36029.99..36081.52 rows=10306 width=121)
	  ->  Sort  (cost=36029.99..36055.76 rows=10306 width=121)
	        Sort Key: c
	        ->  Bitmap Heap Scan on sbtest5  (cost=222.07..35343.04 rows=10306 width=121)
	              Recheck Cond: ((id >= 1889828) AND (id <= 1899827))
	              ->  Bitmap Index Scan on sbtest5_pkey  (cost=0.00..219.50 rows=10306 width=0)
	                    Index Cond: ((id >= 1889828) AND (id <= 1899827))

table 6 : explain SELECT DISTINCT c FROM sbtest6 WHERE id BETWEEN 1929500 AND 1939499 ORDER BY c
	Unique  (cost=32725.76..32772.10 rows=9268 width=121)
	  ->  Sort  (cost=32725.76..32748.93 rows=9268 width=121)
	        Sort Key: c
	        ->  Bitmap Heap Scan on sbtest6  (cost=199.43..32115.09 rows=9268 width=121)
	              Recheck Cond: ((id >= 1929500) AND (id <= 1939499))
	              ->  Bitmap Index Scan on sbtest6_pkey  (cost=0.00..197.12 rows=9268 width=0)
	                    Index Cond: ((id >= 1929500) AND (id <= 1939499))

table 7 : explain SELECT DISTINCT c FROM sbtest7 WHERE id BETWEEN 7790826 AND 7800825 ORDER BY c
	Unique  (cost=34612.75..34662.02 rows=9855 width=121)
	  ->  Sort  (cost=34612.75..34637.38 rows=9855 width=121)
	        Sort Key: c
	        ->  Bitmap Heap Scan on sbtest7  (cost=213.45..33959.03 rows=9855 width=121)
	              Recheck Cond: ((id >= 7790826) AND (id <= 7800825))
	              ->  Bitmap Index Scan on sbtest7_pkey  (cost=0.00..210.99 rows=9855 width=0)
	                    Index Cond: ((id >= 7790826) AND (id <= 7800825))

table 8 : explain SELECT DISTINCT c FROM sbtest8 WHERE id BETWEEN 6180075 AND 6190074 ORDER BY c
	Unique  (cost=37846.15..37900.50 rows=10870 width=121)
	  ->  Sort  (cost=37846.15..37873.32 rows=10870 width=121)
	        Sort Key: c
	        ->  Bitmap Heap Scan on sbtest8  (cost=235.85..37117.42 rows=10870 width=121)
	              Recheck Cond: ((id >= 6180075) AND (id <= 6190074))
	              ->  Bitmap Index Scan on sbtest8_pkey  (cost=0.00..233.13 rows=10870 width=0)
	                    Index Cond: ((id >= 6180075) AND (id <= 6190074))

for: distinct_ranges
table 1 : explain SELECT DISTINCT c FROM sbtest1 WHERE id BETWEEN 1833820 AND 1843819 ORDER BY c
	Unique  (cost=36309.13..36361.23 rows=10420 width=121)
	  ->  Sort  (cost=36309.13..36335.18 rows=10420 width=121)
	        Sort Key: c
	        ->  Bitmap Heap Scan on sbtest1  (cost=223.24..35613.75 rows=10420 width=121)
	              Recheck Cond: ((id >= 1833820) AND (id <= 1843819))
	              ->  Bitmap Index Scan on sbtest1_pkey  (cost=0.00..220.63 rows=10420 width=0)
	                    Index Cond: ((id >= 1833820) AND (id <= 1843819))

table 2 : explain SELECT DISTINCT c FROM sbtest2 WHERE id BETWEEN 8436008 AND 8446007 ORDER BY c
	Unique  (cost=31550.50..31595.12 rows=8923 width=121)
	  ->  Sort  (cost=31550.50..31572.81 rows=8923 width=121)
	        Sort Key: c
	        ->  Bitmap Heap Scan on sbtest2  (cost=191.90..30965.00 rows=8923 width=121)
	              Recheck Cond: ((id >= 8436008) AND (id <= 8446007))
	              ->  Bitmap Index Scan on sbtest2_pkey  (cost=0.00..189.67 rows=8923 width=0)
	                    Index Cond: ((id >= 8436008) AND (id <= 8446007))

table 3 : explain SELECT DISTINCT c FROM sbtest3 WHERE id BETWEEN 5057381 AND 5067380 ORDER BY c
	Unique  (cost=34528.67..34577.90 rows=9846 width=121)
	  ->  Sort  (cost=34528.67..34553.29 rows=9846 width=121)
	        Sort Key: c
	        ->  Bitmap Heap Scan on sbtest3  (cost=213.36..33875.62 rows=9846 width=121)
	              Recheck Cond: ((id >= 5057381) AND (id <= 5067380))
	              ->  Bitmap Index Scan on sbtest3_pkey  (cost=0.00..210.90 rows=9846 width=0)
	                    Index Cond: ((id >= 5057381) AND (id <= 5067380))

table 4 : explain SELECT DISTINCT c FROM sbtest4 WHERE id BETWEEN 2609124 AND 2619123 ORDER BY c
	Unique  (cost=33591.25..33638.98 rows=9545 width=121)
	  ->  Sort  (cost=33591.25..33615.12 rows=9545 width=121)
	        Sort Key: c
	        ->  Bitmap Heap Scan on sbtest4  (cost=206.27..32960.30 rows=9545 width=121)
	              Recheck Cond: ((id >= 2609124) AND (id <= 2619123))
	              ->  Bitmap Index Scan on sbtest4_pkey  (cost=0.00..203.88 rows=9545 width=0)
	                    Index Cond: ((id >= 2609124) AND (id <= 2619123))

table 5 : explain SELECT DISTINCT c FROM sbtest5 WHERE id BETWEEN 5299475 AND 5309474 ORDER BY c
	Unique  (cost=35662.68..35713.63 rows=10191 width=121)
	  ->  Sort  (cost=35662.68..35688.16 rows=10191 width=121)
	        Sort Key: c
	        ->  Bitmap Heap Scan on sbtest5  (cost=220.89..34984.21 rows=10191 width=121)
	              Recheck Cond: ((id >= 5299475) AND (id <= 5309474))
	              ->  Bitmap Index Scan on sbtest5_pkey  (cost=0.00..218.34 rows=10191 width=0)
	                    Index Cond: ((id >= 5299475) AND (id <= 5309474))

table 6 : explain SELECT DISTINCT c FROM sbtest6 WHERE id BETWEEN 6663491 AND 6673490 ORDER BY c
	Unique  (cost=37699.01..37753.14 rows=10825 width=121)
	  ->  Sort  (cost=37699.01..37726.08 rows=10825 width=121)
	        Sort Key: c
	        ->  Bitmap Heap Scan on sbtest6  (cost=231.39..36973.63 rows=10825 width=121)
	              Recheck Cond: ((id >= 6663491) AND (id <= 6673490))
	              ->  Bitmap Index Scan on sbtest6_pkey  (cost=0.00..228.69 rows=10825 width=0)
	                    Index Cond: ((id >= 6663491) AND (id <= 6673490))

table 7 : explain SELECT DISTINCT c FROM sbtest7 WHERE id BETWEEN 5536823 AND 5546822 ORDER BY c
	Unique  (cost=33418.57..33465.98 rows=9483 width=121)
	  ->  Sort  (cost=33418.57..33442.28 rows=9483 width=121)
	        Sort Key: c
	        ->  Bitmap Heap Scan on sbtest7  (cost=205.64..32792.16 rows=9483 width=121)
	              Recheck Cond: ((id >= 5536823) AND (id <= 5546822))
	              ->  Bitmap Index Scan on sbtest7_pkey  (cost=0.00..203.26 rows=9483 width=0)
	                    Index Cond: ((id >= 5536823) AND (id <= 5546822))

table 8 : explain SELECT DISTINCT c FROM sbtest8 WHERE id BETWEEN 8062758 AND 8072757 ORDER BY c
	Unique  (cost=36872.22..36925.04 rows=10563 width=121)
	  ->  Sort  (cost=36872.22..36898.63 rows=10563 width=121)
	        Sort Key: c
	        ->  Bitmap Heap Scan on sbtest8  (cost=228.71..36166.26 rows=10563 width=121)
	              Recheck Cond: ((id >= 8062758) AND (id <= 8072757))
	              ->  Bitmap Index Scan on sbtest8_pkey  (cost=0.00..226.06 rows=10563 width=0)
	                    Index Cond: ((id >= 8062758) AND (id <= 8072757))

for: order_ranges
table 1 : explain SELECT c FROM sbtest1 WHERE id BETWEEN 23481 AND 33480 ORDER BY c
	Sort  (cost=35491.23..35516.64 rows=10163 width=121)
	  Sort Key: c
	  ->  Bitmap Heap Scan on sbtest1  (cost=216.61..34814.83 rows=10163 width=121)
	        Recheck Cond: ((id >= 23481) AND (id <= 33480))
	        ->  Bitmap Index Scan on sbtest1_pkey  (cost=0.00..214.06 rows=10163 width=0)
	              Index Cond: ((id >= 23481) AND (id <= 33480))

table 2 : explain SELECT c FROM sbtest2 WHERE id BETWEEN 8030888 AND 8040887 ORDER BY c
	Sort  (cost=34332.86..34357.33 rows=9787 width=121)
	  Sort Key: c
	  ->  Bitmap Heap Scan on sbtest2  (cost=208.75..33684.15 rows=9787 width=121)
	        Recheck Cond: ((id >= 8030888) AND (id <= 8040887))
	        ->  Bitmap Index Scan on sbtest2_pkey  (cost=0.00..206.31 rows=9787 width=0)
	              Index Cond: ((id >= 8030888) AND (id <= 8040887))

table 3 : explain SELECT c FROM sbtest3 WHERE id BETWEEN 1179592 AND 1189591 ORDER BY c
	Sort  (cost=37486.28..37513.22 rows=10779 width=121)
	  Sort Key: c
	  ->  Bitmap Heap Scan on sbtest3  (cost=230.92..36764.30 rows=10779 width=121)
	        Recheck Cond: ((id >= 1179592) AND (id <= 1189591))
	        ->  Bitmap Index Scan on sbtest3_pkey  (cost=0.00..228.23 rows=10779 width=0)
	              Index Cond: ((id >= 1179592) AND (id <= 1189591))

table 4 : explain SELECT c FROM sbtest4 WHERE id BETWEEN 6321076 AND 6331075 ORDER BY c
	Sort  (cost=38204.50..38231.99 rows=10995 width=121)
	  Sort Key: c
	  ->  Bitmap Heap Scan on sbtest4  (cost=237.13..37466.49 rows=10995 width=121)
	        Recheck Cond: ((id >= 6321076) AND (id <= 6331075))
	        ->  Bitmap Index Scan on sbtest4_pkey  (cost=0.00..234.38 rows=10995 width=0)
	              Index Cond: ((id >= 6321076) AND (id <= 6331075))

table 5 : explain SELECT c FROM sbtest5 WHERE id BETWEEN 2097647 AND 2107646 ORDER BY c
	Sort  (cost=32567.04..32590.10 rows=9226 width=121)
	  Sort Key: c
	  ->  Bitmap Heap Scan on sbtest5  (cost=199.00..31959.44 rows=9226 width=121)
	        Recheck Cond: ((id >= 2097647) AND (id <= 2107646))
	        ->  Bitmap Index Scan on sbtest5_pkey  (cost=0.00..196.69 rows=9226 width=0)
	              Index Cond: ((id >= 2097647) AND (id <= 2107646))

table 6 : explain SELECT c FROM sbtest6 WHERE id BETWEEN 4226442 AND 4236441 ORDER BY c
	Sort  (cost=34554.74..34579.33 rows=9836 width=121)
	  Sort Key: c
	  ->  Bitmap Heap Scan on sbtest6  (cost=213.25..33902.42 rows=9836 width=121)
	        Recheck Cond: ((id >= 4226442) AND (id <= 4236441))
	        ->  Bitmap Index Scan on sbtest6_pkey  (cost=0.00..210.80 rows=9836 width=0)
	              Index Cond: ((id >= 4226442) AND (id <= 4236441))

table 7 : explain SELECT c FROM sbtest7 WHERE id BETWEEN 7767418 AND 7777417 ORDER BY c
	Sort  (cost=34612.75..34637.38 rows=9855 width=121)
	  Sort Key: c
	  ->  Bitmap Heap Scan on sbtest7  (cost=213.45..33959.03 rows=9855 width=121)
	        Recheck Cond: ((id >= 7767418) AND (id <= 7777417))
	        ->  Bitmap Index Scan on sbtest7_pkey  (cost=0.00..210.99 rows=9855 width=0)
	              Index Cond: ((id >= 7767418) AND (id <= 7777417))

table 8 : explain SELECT c FROM sbtest8 WHERE id BETWEEN 1629490 AND 1639489 ORDER BY c
	Sort  (cost=36111.43..36137.24 rows=10324 width=121)
	  Sort Key: c
	  ->  Bitmap Heap Scan on sbtest8  (cost=222.26..35423.14 rows=10324 width=121)
	        Recheck Cond: ((id >= 1629490) AND (id <= 1639489))
	        ->  Bitmap Index Scan on sbtest8_pkey  (cost=0.00..219.68 rows=10324 width=0)
	              Index Cond: ((id >= 1629490) AND (id <= 1639489))

for: simple_ranges
table 1 : explain SELECT c FROM sbtest1 WHERE id BETWEEN 1925745 AND 1935744
	Bitmap Heap Scan on sbtest1  (cost=244.61..38418.23 rows=11334 width=121)
	  Recheck Cond: ((id >= 1925745) AND (id <= 1935744))
	  ->  Bitmap Index Scan on sbtest1_pkey  (cost=0.00..241.78 rows=11334 width=0)
	        Index Cond: ((id >= 1925745) AND (id <= 1935744))

table 2 : explain SELECT c FROM sbtest2 WHERE id BETWEEN 8987495 AND 8997494
	Bitmap Heap Scan on sbtest2  (cost=222.08..35302.10 rows=10307 width=121)
	  Recheck Cond: ((id >= 8987495) AND (id <= 8997494))
	  ->  Bitmap Index Scan on sbtest2_pkey  (cost=0.00..219.50 rows=10307 width=0)
	        Index Cond: ((id >= 8987495) AND (id <= 8997494))

table 3 : explain SELECT c FROM sbtest3 WHERE id BETWEEN 1041106 AND 1051105
	Bitmap Heap Scan on sbtest3  (cost=213.30..33856.33 rows=9840 width=121)
	  Recheck Cond: ((id >= 1041106) AND (id <= 1051105))
	  ->  Bitmap Index Scan on sbtest3_pkey  (cost=0.00..210.84 rows=9840 width=0)
	        Index Cond: ((id >= 1041106) AND (id <= 1051105))

table 4 : explain SELECT c FROM sbtest4 WHERE id BETWEEN 9822301 AND 9832300
	Bitmap Heap Scan on sbtest4  (cost=216.93..34988.72 rows=10195 width=121)
	  Recheck Cond: ((id >= 9822301) AND (id <= 9832300))
	  ->  Bitmap Index Scan on sbtest4_pkey  (cost=0.00..214.38 rows=10195 width=0)
	        Index Cond: ((id >= 9822301) AND (id <= 9832300))

table 5 : explain SELECT c FROM sbtest5 WHERE id BETWEEN 7831655 AND 7841654
	Bitmap Heap Scan on sbtest5  (cost=229.95..36512.98 rows=10684 width=121)
	  Recheck Cond: ((id >= 7831655) AND (id <= 7841654))
	  ->  Bitmap Index Scan on sbtest5_pkey  (cost=0.00..227.28 rows=10684 width=0)
	        Index Cond: ((id >= 7831655) AND (id <= 7841654))

table 6 : explain SELECT c FROM sbtest6 WHERE id BETWEEN 8120300 AND 8130299
	Bitmap Heap Scan on sbtest6  (cost=216.27..34819.47 rows=10130 width=121)
	  Recheck Cond: ((id >= 8120300) AND (id <= 8130299))
	  ->  Bitmap Index Scan on sbtest6_pkey  (cost=0.00..213.74 rows=10130 width=0)
	        Index Cond: ((id >= 8120300) AND (id <= 8130299))

table 7 : explain SELECT c FROM sbtest7 WHERE id BETWEEN 8626462 AND 8636461
	Bitmap Heap Scan on sbtest7  (cost=199.52..32139.78 rows=9277 width=121)
	  Recheck Cond: ((id >= 8626462) AND (id <= 8636461))
	  ->  Bitmap Index Scan on sbtest7_pkey  (cost=0.00..197.20 rows=9277 width=0)
	        Index Cond: ((id >= 8626462) AND (id <= 8636461))

table 8 : explain SELECT c FROM sbtest8 WHERE id BETWEEN 2012402 AND 2022401
	Bitmap Heap Scan on sbtest8  (cost=203.99..32287.63 rows=9322 width=121)
	  Recheck Cond: ((id >= 2012402) AND (id <= 2022401))
	  ->  Bitmap Index Scan on sbtest8_pkey  (cost=0.00..201.66 rows=9322 width=0)
	        Index Cond: ((id >= 2012402) AND (id <= 2022401))

for: order_ranges
table 1 : explain SELECT c FROM sbtest1 WHERE id BETWEEN 295206 AND 305205 ORDER BY c
	Sort  (cost=34691.11..34715.89 rows=9910 width=121)
	  Sort Key: c
	  ->  Bitmap Heap Scan on sbtest1  (cost=214.01..34033.35 rows=9910 width=121)
	        Recheck Cond: ((id >= 295206) AND (id <= 305205))
	        ->  Bitmap Index Scan on sbtest1_pkey  (cost=0.00..211.54 rows=9910 width=0)
	              Index Cond: ((id >= 295206) AND (id <= 305205))

table 2 : explain SELECT c FROM sbtest2 WHERE id BETWEEN 6549772 AND 6559771 ORDER BY c
	Sort  (cost=37448.93..37475.85 rows=10768 width=121)
	  Sort Key: c
	  ->  Bitmap Heap Scan on sbtest2  (cost=230.81..36727.77 rows=10768 width=121)
	        Recheck Cond: ((id >= 6549772) AND (id <= 6559771))
	        ->  Bitmap Index Scan on sbtest2_pkey  (cost=0.00..228.12 rows=10768 width=0)
	              Index Cond: ((id >= 6549772) AND (id <= 6559771))

table 3 : explain SELECT c FROM sbtest3 WHERE id BETWEEN 2895443 AND 2905442 ORDER BY c
	Sort  (cost=34007.39..34031.60 rows=9684 width=121)
	  Sort Key: c
	  ->  Bitmap Heap Scan on sbtest3  (cost=207.70..33366.24 rows=9684 width=121)
	        Recheck Cond: ((id >= 2895443) AND (id <= 2905442))
	        ->  Bitmap Index Scan on sbtest3_pkey  (cost=0.00..205.28 rows=9684 width=0)
	              Index Cond: ((id >= 2895443) AND (id <= 2905442))

table 4 : explain SELECT c FROM sbtest4 WHERE id BETWEEN 1442707 AND 1452706 ORDER BY c
	Sort  (cost=35273.38..35298.56 rows=10071 width=121)
	  Sort Key: c
	  ->  Bitmap Heap Scan on sbtest4  (cost=215.66..34603.77 rows=10071 width=121)
	        Recheck Cond: ((id >= 1442707) AND (id <= 1452706))
	        ->  Bitmap Index Scan on sbtest4_pkey  (cost=0.00..213.15 rows=10071 width=0)
	              Index Cond: ((id >= 1442707) AND (id <= 1452706))

table 5 : explain SELECT c FROM sbtest5 WHERE id BETWEEN 4617074 AND 4627073 ORDER BY c
	Sort  (cost=36423.17..36449.25 rows=10431 width=121)
	  Sort Key: c
	  ->  Bitmap Heap Scan on sbtest5  (cost=223.35..35726.97 rows=10431 width=121)
	        Recheck Cond: ((id >= 4617074) AND (id <= 4627073))
	        ->  Bitmap Index Scan on sbtest5_pkey  (cost=0.00..220.75 rows=10431 width=0)
	              Index Cond: ((id >= 4617074) AND (id <= 4627073))

table 6 : explain SELECT c FROM sbtest6 WHERE id BETWEEN 2294113 AND 2304112 ORDER BY c
	Sort  (cost=37809.87..37837.02 rows=10860 width=121)
	  Sort Key: c
	  ->  Bitmap Heap Scan on sbtest6  (cost=231.75..37081.89 rows=10860 width=121)
	        Recheck Cond: ((id >= 2294113) AND (id <= 2304112))
	        ->  Bitmap Index Scan on sbtest6_pkey  (cost=0.00..229.04 rows=10860 width=0)
	              Index Cond: ((id >= 2294113) AND (id <= 2304112))

table 7 : explain SELECT c FROM sbtest7 WHERE id BETWEEN 9901222 AND 9911221 ORDER BY c
	Sort  (cost=35057.65..35082.64 rows=9994 width=121)
	  Sort Key: c
	  ->  Bitmap Heap Scan on sbtest7  (cost=214.87..34393.71 rows=9994 width=121)
	        Recheck Cond: ((id >= 9901222) AND (id <= 9911221))
	        ->  Bitmap Index Scan on sbtest7_pkey  (cost=0.00..212.38 rows=9994 width=0)
	              Index Cond: ((id >= 9901222) AND (id <= 9911221))

table 8 : explain SELECT c FROM sbtest8 WHERE id BETWEEN 9956146 AND 9966145 ORDER BY c
	Sort  (cost=36318.74..36344.71 rows=10388 width=121)
	  Sort Key: c
	  ->  Bitmap Heap Scan on sbtest8  (cost=226.91..35625.73 rows=10388 width=121)
	        Recheck Cond: ((id >= 9956146) AND (id <= 9966145))
	        ->  Bitmap Index Scan on sbtest8_pkey  (cost=0.00..224.31 rows=10388 width=0)
	              Index Cond: ((id >= 9956146) AND (id <= 9966145))

explain: for point_selects :: explain SELECT c FROM sbtest%u WHERE id=%u
for point_selects
table 1 : explain SELECT c FROM sbtest1 WHERE id=220874
	Index Scan using sbtest1_pkey on sbtest1  (cost=0.43..8.45 rows=1 width=121)
	  Index Cond: (id = 220874)

table 2 : explain SELECT c FROM sbtest2 WHERE id=1562186
	Index Scan using sbtest2_pkey on sbtest2  (cost=0.43..8.45 rows=1 width=121)
	  Index Cond: (id = 1562186)

table 3 : explain SELECT c FROM sbtest3 WHERE id=2328340
	Index Scan using sbtest3_pkey on sbtest3  (cost=0.43..8.45 rows=1 width=121)
	  Index Cond: (id = 2328340)

table 4 : explain SELECT c FROM sbtest4 WHERE id=9709403
	Index Scan using sbtest4_pkey on sbtest4  (cost=0.43..8.45 rows=1 width=121)
	  Index Cond: (id = 9709403)

table 5 : explain SELECT c FROM sbtest5 WHERE id=5497314
	Index Scan using sbtest5_pkey on sbtest5  (cost=0.43..8.45 rows=1 width=121)
	  Index Cond: (id = 5497314)

table 6 : explain SELECT c FROM sbtest6 WHERE id=2072252
	Index Scan using sbtest6_pkey on sbtest6  (cost=0.43..8.45 rows=1 width=121)
	  Index Cond: (id = 2072252)

table 7 : explain SELECT c FROM sbtest7 WHERE id=7932249
	Index Scan using sbtest7_pkey on sbtest7  (cost=0.43..8.45 rows=1 width=121)
	  Index Cond: (id = 7932249)

table 8 : explain SELECT c FROM sbtest8 WHERE id=2761291
	Index Scan using sbtest8_pkey on sbtest8  (cost=0.43..8.45 rows=1 width=121)
	  Index Cond: (id = 2761291)

for: distinct_ranges
table 1 : explain SELECT DISTINCT c FROM sbtest1 WHERE id BETWEEN 3308441 AND 3318440 ORDER BY c
	Unique  (cost=35566.54..35617.48 rows=10187 width=121)
	  ->  Sort  (cost=35566.54..35592.01 rows=10187 width=121)
	        Sort Key: c
	        ->  Bitmap Heap Scan on sbtest1  (cost=216.85..34888.37 rows=10187 width=121)
	              Recheck Cond: ((id >= 3308441) AND (id <= 3318440))
	              ->  Bitmap Index Scan on sbtest1_pkey  (cost=0.00..214.31 rows=10187 width=0)
	                    Index Cond: ((id >= 3308441) AND (id <= 3318440))

table 2 : explain SELECT DISTINCT c FROM sbtest2 WHERE id BETWEEN 701542 AND 711541 ORDER BY c
	Unique  (cost=34039.68..34088.16 rows=9696 width=121)
	  ->  Sort  (cost=34039.68..34063.92 rows=9696 width=121)
	        Sort Key: c
	        ->  Bitmap Heap Scan on sbtest2  (cost=207.82..33397.65 rows=9696 width=121)
	              Recheck Cond: ((id >= 701542) AND (id <= 711541))
	              ->  Bitmap Index Scan on sbtest2_pkey  (cost=0.00..205.40 rows=9696 width=0)
	                    Index Cond: ((id >= 701542) AND (id <= 711541))

table 3 : explain SELECT DISTINCT c FROM sbtest3 WHERE id BETWEEN 9966427 AND 9976426 ORDER BY c
	Unique  (cost=30876.75..30920.32 rows=8715 width=121)
	  ->  Sort  (cost=30876.75..30898.54 rows=8715 width=121)
	        Sort Key: c
	        ->  Bitmap Heap Scan on sbtest3  (cost=185.76..30306.38 rows=8715 width=121)
	              Recheck Cond: ((id >= 9966427) AND (id <= 9976426))
	              ->  Bitmap Index Scan on sbtest3_pkey  (cost=0.00..183.59 rows=8715 width=0)
	                    Index Cond: ((id >= 9966427) AND (id <= 9976426))

table 4 : explain SELECT DISTINCT c FROM sbtest4 WHERE id BETWEEN 7468490 AND 7478489 ORDER BY c
	Unique  (cost=32586.63..32632.80 rows=9234 width=121)
	  ->  Sort  (cost=32586.63..32609.71 rows=9234 width=121)
	        Sort Key: c
	        ->  Bitmap Heap Scan on sbtest4  (cost=199.08..31978.44 rows=9234 width=121)
	              Recheck Cond: ((id >= 7468490) AND (id <= 7478489))
	              ->  Bitmap Index Scan on sbtest4_pkey  (cost=0.00..196.78 rows=9234 width=0)
	                    Index Cond: ((id >= 7468490) AND (id <= 7478489))

table 5 : explain SELECT DISTINCT c FROM sbtest5 WHERE id BETWEEN 9916305 AND 9926304 ORDER BY c
	Unique  (cost=36416.63..36468.78 rows=10429 width=121)
	  ->  Sort  (cost=36416.63..36442.70 rows=10429 width=121)
	        Sort Key: c
	        ->  Bitmap Heap Scan on sbtest5  (cost=223.33..35720.58 rows=10429 width=121)
	              Recheck Cond: ((id >= 9916305) AND (id <= 9926304))
	              ->  Bitmap Index Scan on sbtest5_pkey  (cost=0.00..220.73 rows=10429 width=0)
	                    Index Cond: ((id >= 9916305) AND (id <= 9926304))

table 6 : explain SELECT DISTINCT c FROM sbtest6 WHERE id BETWEEN 698299 AND 708298 ORDER BY c
	Unique  (cost=33767.56..33815.52 rows=9591 width=121)
	  ->  Sort  (cost=33767.56..33791.54 rows=9591 width=121)
	        Sort Key: c
	        ->  Bitmap Heap Scan on sbtest6  (cost=206.74..33133.24 rows=9591 width=121)
	              Recheck Cond: ((id >= 698299) AND (id <= 708298))
	              ->  Bitmap Index Scan on sbtest6_pkey  (cost=0.00..204.34 rows=9591 width=0)
	                    Index Cond: ((id >= 698299) AND (id <= 708298))

table 7 : explain SELECT DISTINCT c FROM sbtest7 WHERE id BETWEEN 4292585 AND 4302584 ORDER BY c
	Unique  (cost=34361.88..34410.76 rows=9776 width=121)
	  ->  Sort  (cost=34361.88..34386.32 rows=9776 width=121)
	        Sort Key: c
	        ->  Bitmap Heap Scan on sbtest7  (cost=212.64..33713.98 rows=9776 width=121)
	              Recheck Cond: ((id >= 4292585) AND (id <= 4302584))
	              ->  Bitmap Index Scan on sbtest7_pkey  (cost=0.00..210.19 rows=9776 width=0)
	                    Index Cond: ((id >= 4292585) AND (id <= 4302584))

table 8 : explain SELECT DISTINCT c FROM sbtest8 WHERE id BETWEEN 7169610 AND 7179609 ORDER BY c
	Unique  (cost=38459.15..38514.47 rows=11064 width=121)
	  ->  Sort  (cost=38459.15..38486.81 rows=11064 width=121)
	        Sort Key: c
	        ->  Bitmap Heap Scan on sbtest8  (cost=241.84..37716.01 rows=11064 width=121)
	              Recheck Cond: ((id >= 7169610) AND (id <= 7179609))
	              ->  Bitmap Index Scan on sbtest8_pkey  (cost=0.00..239.07 rows=11064 width=0)
	                    Index Cond: ((id >= 7169610) AND (id <= 7179609))

for: simple_ranges
table 1 : explain SELECT c FROM sbtest1 WHERE id BETWEEN 142383 AND 152382
	Bitmap Heap Scan on sbtest1  (cost=200.13..32235.28 rows=9336 width=121)
	  Recheck Cond: ((id >= 142383) AND (id <= 152382))
	  ->  Bitmap Index Scan on sbtest1_pkey  (cost=0.00..197.80 rows=9336 width=0)
	        Index Cond: ((id >= 142383) AND (id <= 152382))

table 2 : explain SELECT c FROM sbtest2 WHERE id BETWEEN 7459590 AND 7469589
	Bitmap Heap Scan on sbtest2  (cost=221.45..35110.23 rows=10245 width=121)
	  Recheck Cond: ((id >= 7459590) AND (id <= 7469589))
	  ->  Bitmap Index Scan on sbtest2_pkey  (cost=0.00..218.88 rows=10245 width=0)
	        Index Cond: ((id >= 7459590) AND (id <= 7469589))

table 3 : explain SELECT c FROM sbtest3 WHERE id BETWEEN 8618125 AND 8628124
	Bitmap Heap Scan on sbtest3  (cost=230.59..36668.89 rows=10747 width=121)
	  Recheck Cond: ((id >= 8618125) AND (id <= 8628124))
	  ->  Bitmap Index Scan on sbtest3_pkey  (cost=0.00..227.91 rows=10747 width=0)
	        Index Cond: ((id >= 8618125) AND (id <= 8628124))

table 4 : explain SELECT c FROM sbtest4 WHERE id BETWEEN 5505501 AND 5515500
	Bitmap Heap Scan on sbtest4  (cost=215.01..34404.65 rows=10007 width=121)
	  Recheck Cond: ((id >= 5505501) AND (id <= 5515500))
	  ->  Bitmap Index Scan on sbtest4_pkey  (cost=0.00..212.50 rows=10007 width=0)
	        Index Cond: ((id >= 5505501) AND (id <= 5515500))

table 5 : explain SELECT c FROM sbtest5 WHERE id BETWEEN 7544551 AND 7554550
	Bitmap Heap Scan on sbtest5  (cost=199.73..32183.26 rows=9297 width=121)
	  Recheck Cond: ((id >= 7544551) AND (id <= 7554550))
	  ->  Bitmap Index Scan on sbtest5_pkey  (cost=0.00..197.41 rows=9297 width=0)
	        Index Cond: ((id >= 7544551) AND (id <= 7554550))

table 6 : explain SELECT c FROM sbtest6 WHERE id BETWEEN 9384213 AND 9394212
	Bitmap Heap Scan on sbtest6  (cost=192.84..31311.11 rows=9015 width=121)
	  Recheck Cond: ((id >= 9384213) AND (id <= 9394212))
	  ->  Bitmap Index Scan on sbtest6_pkey  (cost=0.00..190.59 rows=9015 width=0)
	        Index Cond: ((id >= 9384213) AND (id <= 9394212))

table 7 : explain SELECT c FROM sbtest7 WHERE id BETWEEN 4315858 AND 4325857
	Bitmap Heap Scan on sbtest7  (cost=221.37..35155.81 rows=10238 width=121)
	  Recheck Cond: ((id >= 4315858) AND (id <= 4325857))
	  ->  Bitmap Index Scan on sbtest7_pkey  (cost=0.00..218.81 rows=10238 width=0)
	        Index Cond: ((id >= 4315858) AND (id <= 4325857))

table 8 : explain SELECT c FROM sbtest8 WHERE id BETWEEN 6626168 AND 6636167
	Bitmap Heap Scan on sbtest8  (cost=235.49..37009.17 rows=10835 width=121)
	  Recheck Cond: ((id >= 6626168) AND (id <= 6636167))
	  ->  Bitmap Index Scan on sbtest8_pkey  (cost=0.00..232.79 rows=10835 width=0)
	        Index Cond: ((id >= 6626168) AND (id <= 6636167))

for: order_ranges
table 1 : explain SELECT c FROM sbtest1 WHERE id BETWEEN 9732305 AND 9742304 ORDER BY c
	Sort  (cost=35471.51..35496.90 rows=10156 width=121)
	  Sort Key: c
	  ->  Bitmap Heap Scan on sbtest1  (cost=216.53..34795.62 rows=10156 width=121)
	        Recheck Cond: ((id >= 9732305) AND (id <= 9742304))
	        ->  Bitmap Index Scan on sbtest1_pkey  (cost=0.00..214.00 rows=10156 width=0)
	              Index Cond: ((id >= 9732305) AND (id <= 9742304))

table 2 : explain SELECT c FROM sbtest2 WHERE id BETWEEN 5210096 AND 5220095 ORDER BY c
	Sort  (cost=35431.39..35456.72 rows=10132 width=121)
	  Sort Key: c
	  ->  Bitmap Heap Scan on sbtest2  (cost=216.29..34757.27 rows=10132 width=121)
	        Recheck Cond: ((id >= 5210096) AND (id <= 5220095))
	        ->  Bitmap Index Scan on sbtest2_pkey  (cost=0.00..213.75 rows=10132 width=0)
	              Index Cond: ((id >= 5210096) AND (id <= 5220095))

table 3 : explain SELECT c FROM sbtest3 WHERE id BETWEEN 4129950 AND 4139949 ORDER BY c
	Sort  (cost=36251.99..36277.96 rows=10388 width=121)
	  Sort Key: c
	  ->  Bitmap Heap Scan on sbtest3  (cost=222.91..35558.98 rows=10388 width=121)
	        Recheck Cond: ((id >= 4129950) AND (id <= 4139949))
	        ->  Bitmap Index Scan on sbtest3_pkey  (cost=0.00..220.31 rows=10388 width=0)
	              Index Cond: ((id >= 4129950) AND (id <= 4139949))

table 4 : explain SELECT c FROM sbtest4 WHERE id BETWEEN 9746179 AND 9756178 ORDER BY c
	Sort  (cost=34522.96..34547.55 rows=9835 width=121)
	  Sort Key: c
	  ->  Bitmap Heap Scan on sbtest4  (cost=213.24..33870.72 rows=9835 width=121)
	        Recheck Cond: ((id >= 9746179) AND (id <= 9756178))
	        ->  Bitmap Index Scan on sbtest4_pkey  (cost=0.00..210.79 rows=9835 width=0)
	              Index Cond: ((id >= 9746179) AND (id <= 9756178))

table 5 : explain SELECT c FROM sbtest5 WHERE id BETWEEN 1232943 AND 1242942 ORDER BY c
	Sort  (cost=32640.11..32663.24 rows=9249 width=121)
	  Sort Key: c
	  ->  Bitmap Heap Scan on sbtest5  (cost=199.24..32030.83 rows=9249 width=121)
	        Recheck Cond: ((id >= 1232943) AND (id <= 1242942))
	        ->  Bitmap Index Scan on sbtest5_pkey  (cost=0.00..196.93 rows=9249 width=0)
	              Index Cond: ((id >= 1232943) AND (id <= 1242942))

table 6 : explain SELECT c FROM sbtest6 WHERE id BETWEEN 8587227 AND 8597226 ORDER BY c
	Sort  (cost=36475.54..36501.64 rows=10438 width=121)
	  Sort Key: c
	  ->  Bitmap Heap Scan on sbtest6  (cost=223.42..35778.83 rows=10438 width=121)
	        Recheck Cond: ((id >= 8587227) AND (id <= 8597226))
	        ->  Bitmap Index Scan on sbtest6_pkey  (cost=0.00..220.81 rows=10438 width=0)
	              Index Cond: ((id >= 8587227) AND (id <= 8597226))

table 7 : explain SELECT c FROM sbtest7 WHERE id BETWEEN 3348760 AND 3358759 ORDER BY c
	Sort  (cost=37812.24..37839.39 rows=10860 width=121)
	  Sort Key: c
	  ->  Bitmap Heap Scan on sbtest7  (cost=235.75..37084.25 rows=10860 width=121)
	        Recheck Cond: ((id >= 3348760) AND (id <= 3358759))
	        ->  Bitmap Index Scan on sbtest7_pkey  (cost=0.00..233.04 rows=10860 width=0)
	              Index Cond: ((id >= 3348760) AND (id <= 3358759))

table 8 : explain SELECT c FROM sbtest8 WHERE id BETWEEN 8036446 AND 8046445 ORDER BY c
	Sort  (cost=39203.05..39231.30 rows=11301 width=121)
	  Sort Key: c
	  ->  Bitmap Heap Scan on sbtest8  (cost=244.27..38442.26 rows=11301 width=121)
	        Recheck Cond: ((id >= 8036446) AND (id <= 8046445))
	        ->  Bitmap Index Scan on sbtest8_pkey  (cost=0.00..241.44 rows=11301 width=0)
	              Index Cond: ((id >= 8036446) AND (id <= 8046445))

for: distinct_ranges
table 1 : explain SELECT DISTINCT c FROM sbtest1 WHERE id BETWEEN 228038 AND 238037 ORDER BY c
	Unique  (cost=37752.04..37806.44 rows=10879 width=121)
	  ->  Sort  (cost=37752.04..37779.24 rows=10879 width=121)
	        Sort Key: c
	        ->  Bitmap Heap Scan on sbtest1  (cost=231.94..37022.64 rows=10879 width=121)
	              Recheck Cond: ((id >= 228038) AND (id <= 238037))
	              ->  Bitmap Index Scan on sbtest1_pkey  (cost=0.00..229.23 rows=10879 width=0)
	                    Index Cond: ((id >= 228038) AND (id <= 238037))

table 2 : explain SELECT DISTINCT c FROM sbtest2 WHERE id BETWEEN 3445831 AND 3455830 ORDER BY c
	Unique  (cost=36290.07..36342.08 rows=10402 width=121)
	  ->  Sort  (cost=36290.07..36316.08 rows=10402 width=121)
	        Sort Key: c
	        ->  Bitmap Heap Scan on sbtest2  (cost=223.06..35596.02 rows=10402 width=121)
	              Recheck Cond: ((id >= 3445831) AND (id <= 3455830))
	              ->  Bitmap Index Scan on sbtest2_pkey  (cost=0.00..220.45 rows=10402 width=0)
	                    Index Cond: ((id >= 3445831) AND (id <= 3455830))

table 3 : explain SELECT DISTINCT c FROM sbtest3 WHERE id BETWEEN 7140932 AND 7150931 ORDER BY c
	Unique  (cost=35235.43..35285.77 rows=10068 width=121)
	  ->  Sort  (cost=35235.43..35260.60 rows=10068 width=121)
	        Sort Key: c
	        ->  Bitmap Heap Scan on sbtest3  (cost=215.63..34566.03 rows=10068 width=121)
	              Recheck Cond: ((id >= 7140932) AND (id <= 7150931))
	              ->  Bitmap Index Scan on sbtest3_pkey  (cost=0.00..213.12 rows=10068 width=0)
	                    Index Cond: ((id >= 7140932) AND (id <= 7150931))

table 4 : explain SELECT DISTINCT c FROM sbtest4 WHERE id BETWEEN 3838195 AND 3848194 ORDER BY c
	Unique  (cost=34311.25..34360.10 rows=9770 width=121)
	  ->  Sort  (cost=34311.25..34335.68 rows=9770 width=121)
	        Sort Key: c
	        ->  Bitmap Heap Scan on sbtest4  (cost=208.58..33663.79 rows=9770 width=121)
	              Recheck Cond: ((id >= 3838195) AND (id <= 3848194))
	              ->  Bitmap Index Scan on sbtest4_pkey  (cost=0.00..206.13 rows=9770 width=0)
	                    Index Cond: ((id >= 3838195) AND (id <= 3848194))

table 5 : explain SELECT DISTINCT c FROM sbtest5 WHERE id BETWEEN 6335021 AND 6345020 ORDER BY c
	Unique  (cost=36992.87..37045.92 rows=10610 width=121)
	  ->  Sort  (cost=36992.87..37019.40 rows=10610 width=121)
	        Sort Key: c
	        ->  Bitmap Heap Scan on sbtest5  (cost=229.19..36283.43 rows=10610 width=121)
	              Recheck Cond: ((id >= 6335021) AND (id <= 6345020))
	              ->  Bitmap Index Scan on sbtest5_pkey  (cost=0.00..226.54 rows=10610 width=0)
	                    Index Cond: ((id >= 6335021) AND (id <= 6345020))

table 6 : explain SELECT DISTINCT c FROM sbtest6 WHERE id BETWEEN 7615340 AND 7625339 ORDER BY c
	Unique  (cost=35246.77..35297.03 rows=10053 width=121)
	  ->  Sort  (cost=35246.77..35271.90 rows=10053 width=121)
	        Sort Key: c
	        ->  Bitmap Heap Scan on sbtest6  (cost=215.48..34578.48 rows=10053 width=121)
	              Recheck Cond: ((id >= 7615340) AND (id <= 7625339))
	              ->  Bitmap Index Scan on sbtest6_pkey  (cost=0.00..212.97 rows=10053 width=0)
	                    Index Cond: ((id >= 7615340) AND (id <= 7625339))

table 7 : explain SELECT DISTINCT c FROM sbtest7 WHERE id BETWEEN 5148882 AND 5158881 ORDER BY c
	Unique  (cost=34517.06..34566.19 rows=9825 width=121)
	  ->  Sort  (cost=34517.06..34541.63 rows=9825 width=121)
	        Sort Key: c
	        ->  Bitmap Heap Scan on sbtest7  (cost=213.14..33865.56 rows=9825 width=121)
	              Recheck Cond: ((id >= 5148882) AND (id <= 5158881))
	              ->  Bitmap Index Scan on sbtest7_pkey  (cost=0.00..210.69 rows=9825 width=0)
	                    Index Cond: ((id >= 5148882) AND (id <= 5158881))

table 8 : explain SELECT DISTINCT c FROM sbtest8 WHERE id BETWEEN 7006325 AND 7016324 ORDER BY c
	Unique  (cost=35029.22..35079.15 rows=9985 width=121)
	  ->  Sort  (cost=35029.22..35054.19 rows=9985 width=121)
	        Sort Key: c
	        ->  Bitmap Heap Scan on sbtest8  (cost=214.78..34365.94 rows=9985 width=121)
	              Recheck Cond: ((id >= 7006325) AND (id <= 7016324))
	              ->  Bitmap Index Scan on sbtest8_pkey  (cost=0.00..212.29 rows=9985 width=0)
	                    Index Cond: ((id >= 7006325) AND (id <= 7016324))

explain: for point_selects :: explain SELECT c FROM sbtest%u WHERE id=%u
for: distinct_ranges
table 1 : explain SELECT DISTINCT c FROM sbtest1 WHERE id BETWEEN 3923114 AND 3933113 ORDER BY c
	Unique  (cost=33845.15..33893.38 rows=9646 width=121)
	  ->  Sort  (cost=33845.15..33869.26 rows=9646 width=121)
	        Sort Key: c
	        ->  Bitmap Heap Scan on sbtest1  (cost=207.31..33206.79 rows=9646 width=121)
	              Recheck Cond: ((id >= 3923114) AND (id <= 3933113))
	              ->  Bitmap Index Scan on sbtest1_pkey  (cost=0.00..204.90 rows=9646 width=0)
	                    Index Cond: ((id >= 3923114) AND (id <= 3933113))

table 2 : explain SELECT DISTINCT c FROM sbtest2 WHERE id BETWEEN 86166 AND 96165 ORDER BY c
	Unique  (cost=34938.96..34988.84 rows=9977 width=121)
	  ->  Sort  (cost=34938.96..34963.90 rows=9977 width=121)
	        Sort Key: c
	        ->  Bitmap Heap Scan on sbtest2  (cost=214.70..34276.27 rows=9977 width=121)
	              Recheck Cond: ((id >= 86166) AND (id <= 96165))
	              ->  Bitmap Index Scan on sbtest2_pkey  (cost=0.00..212.20 rows=9977 width=0)
	                    Index Cond: ((id >= 86166) AND (id <= 96165))

table 3 : explain SELECT DISTINCT c FROM sbtest3 WHERE id BETWEEN 829111 AND 839110 ORDER BY c
	Unique  (cost=31224.30..31268.40 rows=8821 width=121)
	  ->  Sort  (cost=31224.30..31246.35 rows=8821 width=121)
	        Sort Key: c
	        ->  Bitmap Heap Scan on sbtest3  (cost=190.85..30646.22 rows=8821 width=121)
	              Recheck Cond: ((id >= 829111) AND (id <= 839110))
	              ->  Bitmap Index Scan on sbtest3_pkey  (cost=0.00..188.65 rows=8821 width=0)
	                    Index Cond: ((id >= 829111) AND (id <= 839110))

table 4 : explain SELECT DISTINCT c FROM sbtest4 WHERE id BETWEEN 2054045 AND 2064044 ORDER BY c
	Unique  (cost=35588.69..35639.54 rows=10170 width=121)
	  ->  Sort  (cost=35588.69..35614.11 rows=10170 width=121)
	        Sort Key: c
	        ->  Bitmap Heap Scan on sbtest4  (cost=216.68..34911.77 rows=10170 width=121)
	              Recheck Cond: ((id >= 2054045) AND (id <= 2064044))
	              ->  Bitmap Index Scan on sbtest4_pkey  (cost=0.00..214.13 rows=10170 width=0)
	                    Index Cond: ((id >= 2054045) AND (id <= 2064044))

table 5 : explain SELECT DISTINCT c FROM sbtest5 WHERE id BETWEEN 9297362 AND 9307361 ORDER BY c
	Unique  (cost=35172.42..35222.61 rows=10038 width=121)
	  ->  Sort  (cost=35172.42..35197.51 rows=10038 width=121)
	        Sort Key: c
	        ->  Bitmap Heap Scan on sbtest5  (cost=215.32..34505.23 rows=10038 width=121)
	              Recheck Cond: ((id >= 9297362) AND (id <= 9307361))
	              ->  Bitmap Index Scan on sbtest5_pkey  (cost=0.00..212.81 rows=10038 width=0)
	                    Index Cond: ((id >= 9297362) AND (id <= 9307361))

table 6 : explain SELECT DISTINCT c FROM sbtest6 WHERE id BETWEEN 8835758 AND 8845757 ORDER BY c
	Unique  (cost=34647.12..34696.44 rows=9865 width=121)
	  ->  Sort  (cost=34647.12..34671.78 rows=9865 width=121)
	        Sort Key: c
	        ->  Bitmap Heap Scan on sbtest6  (cost=213.55..33992.67 rows=9865 width=121)
	              Recheck Cond: ((id >= 8835758) AND (id <= 8845757))
	              ->  Bitmap Index Scan on sbtest6_pkey  (cost=0.00..211.09 rows=9865 width=0)
	                    Index Cond: ((id >= 8835758) AND (id <= 8845757))

table 7 : explain SELECT DISTINCT c FROM sbtest7 WHERE id BETWEEN 5770709 AND 5780708 ORDER BY c
	Unique  (cost=33372.22..33419.57 rows=9469 width=121)
	  ->  Sort  (cost=33372.22..33395.89 rows=9469 width=121)
	        Sort Key: c
	        ->  Bitmap Heap Scan on sbtest7  (cost=205.49..32746.84 rows=9469 width=121)
	              Recheck Cond: ((id >= 5770709) AND (id <= 5780708))
	              ->  Bitmap Index Scan on sbtest7_pkey  (cost=0.00..203.12 rows=9469 width=0)
	                    Index Cond: ((id >= 5770709) AND (id <= 5780708))

table 8 : explain SELECT DISTINCT c FROM sbtest8 WHERE id BETWEEN 3883778 AND 3893777 ORDER BY c
	Unique  (cost=41115.53..41175.10 rows=11913 width=121)
	  ->  Sort  (cost=41115.53..41145.32 rows=11913 width=121)
	        Sort Key: c
	        ->  Bitmap Heap Scan on sbtest8  (cost=258.54..40309.01 rows=11913 width=121)
	              Recheck Cond: ((id >= 3883778) AND (id <= 3893777))
	              ->  Bitmap Index Scan on sbtest8_pkey  (cost=0.00..255.56 rows=11913 width=0)
	                    Index Cond: ((id >= 3883778) AND (id <= 3893777))

for: distinct_ranges
table 1 : explain SELECT DISTINCT c FROM sbtest1 WHERE id BETWEEN 4661534 AND 4671533 ORDER BY c
	Unique  (cost=33789.09..33837.23 rows=9628 width=121)
	  ->  Sort  (cost=33789.09..33813.16 rows=9628 width=121)
	        Sort Key: c
	        ->  Bitmap Heap Scan on sbtest1  (cost=207.12..33152.06 rows=9628 width=121)
	              Recheck Cond: ((id >= 4661534) AND (id <= 4671533))
	              ->  Bitmap Index Scan on sbtest1_pkey  (cost=0.00..204.72 rows=9628 width=0)
	                    Index Cond: ((id >= 4661534) AND (id <= 4671533))

table 2 : explain SELECT DISTINCT c FROM sbtest2 WHERE id BETWEEN 937825 AND 947824 ORDER BY c
	Unique  (cost=35152.44..35202.66 rows=10044 width=121)
	  ->  Sort  (cost=35152.44..35177.55 rows=10044 width=121)
	        Sort Key: c
	        ->  Bitmap Heap Scan on sbtest2  (cost=215.39..34484.81 rows=10044 width=121)
	              Recheck Cond: ((id >= 937825) AND (id <= 947824))
	              ->  Bitmap Index Scan on sbtest2_pkey  (cost=0.00..212.88 rows=10044 width=0)
	                    Index Cond: ((id >= 937825) AND (id <= 947824))

table 3 : explain SELECT DISTINCT c FROM sbtest3 WHERE id BETWEEN 5233663 AND 5243662 ORDER BY c
	Unique  (cost=34013.98..34062.41 rows=9686 width=121)
	  ->  Sort  (cost=34013.98..34038.19 rows=9686 width=121)
	        Sort Key: c
	        ->  Bitmap Heap Scan on sbtest3  (cost=207.72..33372.68 rows=9686 width=121)
	              Recheck Cond: ((id >= 5233663) AND (id <= 5243662))
	              ->  Bitmap Index Scan on sbtest3_pkey  (cost=0.00..205.30 rows=9686 width=0)
	                    Index Cond: ((id >= 5233663) AND (id <= 5243662))

table 4 : explain SELECT DISTINCT c FROM sbtest4 WHERE id BETWEEN 7952508 AND 7962507 ORDER BY c
	Unique  (cost=35076.12..35126.16 rows=10009 width=121)
	  ->  Sort  (cost=35076.12..35101.14 rows=10009 width=121)
	        Sort Key: c
	        ->  Bitmap Heap Scan on sbtest4  (cost=215.03..34411.07 rows=10009 width=121)
	              Recheck Cond: ((id >= 7952508) AND (id <= 7962507))
	              ->  Bitmap Index Scan on sbtest4_pkey  (cost=0.00..212.53 rows=10009 width=0)
	                    Index Cond: ((id >= 7952508) AND (id <= 7962507))

table 5 : explain SELECT DISTINCT c FROM sbtest5 WHERE id BETWEEN 4147607 AND 4157606 ORDER BY c
	Unique  (cost=35550.24..35601.02 rows=10156 width=121)
	  ->  Sort  (cost=35550.24..35575.63 rows=10156 width=121)
	        Sort Key: c
	        ->  Bitmap Heap Scan on sbtest5  (cost=216.53..34874.36 rows=10156 width=121)
	              Recheck Cond: ((id >= 4147607) AND (id <= 4157606))
	              ->  Bitmap Index Scan on sbtest5_pkey  (cost=0.00..214.00 rows=10156 width=0)
	                    Index Cond: ((id >= 4147607) AND (id <= 4157606))

table 6 : explain SELECT DISTINCT c FROM sbtest6 WHERE id BETWEEN 8864565 AND 8874564 ORDER BY c
	Unique  (cost=34647.12..34696.44 rows=9865 width=121)
	  ->  Sort  (cost=34647.12..34671.78 rows=9865 width=121)
	        Sort Key: c
	        ->  Bitmap Heap Scan on sbtest6  (cost=213.55..33992.67 rows=9865 width=121)
	              Recheck Cond: ((id >= 8864565) AND (id <= 8874564))
	              ->  Bitmap Index Scan on sbtest6_pkey  (cost=0.00..211.09 rows=9865 width=0)
	                    Index Cond: ((id >= 8864565) AND (id <= 8874564))

table 7 : explain SELECT DISTINCT c FROM sbtest7 WHERE id BETWEEN 2146594 AND 2156593 ORDER BY c
	Unique  (cost=39694.34..39751.63 rows=11459 width=121)
	  ->  Sort  (cost=39694.34..39722.99 rows=11459 width=121)
	        Sort Key: c
	        ->  Bitmap Heap Scan on sbtest7  (cost=245.89..38921.76 rows=11459 width=121)
	              Recheck Cond: ((id >= 2146594) AND (id <= 2156593))
	              ->  Bitmap Index Scan on sbtest7_pkey  (cost=0.00..243.03 rows=11459 width=0)
	                    Index Cond: ((id >= 2146594) AND (id <= 2156593))

table 8 : explain SELECT DISTINCT c FROM sbtest8 WHERE id BETWEEN 7257065 AND 7267064 ORDER BY c
	Unique  (cost=33853.36..33901.45 rows=9618 width=121)
	  ->  Sort  (cost=33853.36..33877.40 rows=9618 width=121)
	        Sort Key: c
	        ->  Bitmap Heap Scan on sbtest8  (cost=207.02..33217.06 rows=9618 width=121)
	              Recheck Cond: ((id >= 7257065) AND (id <= 7267064))
	              ->  Bitmap Index Scan on sbtest8_pkey  (cost=0.00..204.62 rows=9618 width=0)
	                    Index Cond: ((id >= 7257065) AND (id <= 7267064))

for point_selects
table 1 : explain SELECT c FROM sbtest1 WHERE id=880876
	Index Scan using sbtest1_pkey on sbtest1  (cost=0.43..8.45 rows=1 width=121)
	  Index Cond: (id = 880876)

table 2 : explain SELECT c FROM sbtest2 WHERE id=6737650
	Index Scan using sbtest2_pkey on sbtest2  (cost=0.43..8.45 rows=1 width=121)
	  Index Cond: (id = 6737650)

table 3 : explain SELECT c FROM sbtest3 WHERE id=3279122
	Index Scan using sbtest3_pkey on sbtest3  (cost=0.43..8.45 rows=1 width=121)
	  Index Cond: (id = 3279122)

table 4 : explain SELECT c FROM sbtest4 WHERE id=9666335
	Index Scan using sbtest4_pkey on sbtest4  (cost=0.43..8.45 rows=1 width=121)
	  Index Cond: (id = 9666335)

table 5 : explain SELECT c FROM sbtest5 WHERE id=9486513
	Index Scan using sbtest5_pkey on sbtest5  (cost=0.43..8.45 rows=1 width=121)
	  Index Cond: (id = 9486513)

table 6 : explain SELECT c FROM sbtest6 WHERE id=6169822
	Index Scan using sbtest6_pkey on sbtest6  (cost=0.43..8.45 rows=1 width=121)
	  Index Cond: (id = 6169822)

table 7 : explain SELECT c FROM sbtest7 WHERE id=3054541
	Index Scan using sbtest7_pkey on sbtest7  (cost=0.43..8.45 rows=1 width=121)
	  Index Cond: (id = 3054541)

table 8 : explain SELECT c FROM sbtest8 WHERE id=3922567
	Index Scan using sbtest8_pkey on sbtest8  (cost=0.43..8.45 rows=1 width=121)
	  Index Cond: (id = 3922567)

for: distinct_ranges
table 1 : explain SELECT DISTINCT c FROM sbtest1 WHERE id BETWEEN 6324520 AND 6334519 ORDER BY c
	Unique  (cost=32138.94..32184.51 rows=9114 width=121)
	  ->  Sort  (cost=32138.94..32161.72 rows=9114 width=121)
	        Sort Key: c
	        ->  Bitmap Heap Scan on sbtest1  (cost=197.85..31539.52 rows=9114 width=121)
	              Recheck Cond: ((id >= 6324520) AND (id <= 6334519))
	              ->  Bitmap Index Scan on sbtest1_pkey  (cost=0.00..195.57 rows=9114 width=0)
	                    Index Cond: ((id >= 6324520) AND (id <= 6334519))

table 2 : explain SELECT DISTINCT c FROM sbtest2 WHERE id BETWEEN 4736686 AND 4746685 ORDER BY c
	Unique  (cost=31866.52..31911.62 rows=9021 width=121)
	  ->  Sort  (cost=31866.52..31889.07 rows=9021 width=121)
	        Sort Key: c
	        ->  Bitmap Heap Scan on sbtest2  (cost=192.90..31273.88 rows=9021 width=121)
	              Recheck Cond: ((id >= 4736686) AND (id <= 4746685))
	              ->  Bitmap Index Scan on sbtest2_pkey  (cost=0.00..190.65 rows=9021 width=0)
	                    Index Cond: ((id >= 4736686) AND (id <= 4746685))

table 3 : explain SELECT DISTINCT c FROM sbtest3 WHERE id BETWEEN 3537531 AND 3547530 ORDER BY c
	Unique  (cost=36274.86..36326.84 rows=10395 width=121)
	  ->  Sort  (cost=36274.86..36300.85 rows=10395 width=121)
	        Sort Key: c
	        ->  Bitmap Heap Scan on sbtest3  (cost=222.98..35581.33 rows=10395 width=121)
	              Recheck Cond: ((id >= 3537531) AND (id <= 3547530))
	              ->  Bitmap Index Scan on sbtest3_pkey  (cost=0.00..220.38 rows=10395 width=0)
	                    Index Cond: ((id >= 3537531) AND (id <= 3547530))

table 4 : explain SELECT DISTINCT c FROM sbtest4 WHERE id BETWEEN 8126647 AND 8136646 ORDER BY c
	Unique  (cost=35256.97..35307.30 rows=10066 width=121)
	  ->  Sort  (cost=35256.97..35282.13 rows=10066 width=121)
	        Sort Key: c
	        ->  Bitmap Heap Scan on sbtest4  (cost=215.61..34587.72 rows=10066 width=121)
	              Recheck Cond: ((id >= 8126647) AND (id <= 8136646))
	              ->  Bitmap Index Scan on sbtest4_pkey  (cost=0.00..213.09 rows=10066 width=0)
	                    Index Cond: ((id >= 8126647) AND (id <= 8136646))

table 5 : explain SELECT DISTINCT c FROM sbtest5 WHERE id BETWEEN 8763091 AND 8773090 ORDER BY c
	Unique  (cost=36272.51..36324.43 rows=10383 width=121)
	  ->  Sort  (cost=36272.51..36298.47 rows=10383 width=121)
	        Sort Key: c
	        ->  Bitmap Heap Scan on sbtest5  (cost=222.86..35579.87 rows=10383 width=121)
	              Recheck Cond: ((id >= 8763091) AND (id <= 8773090))
	              ->  Bitmap Index Scan on sbtest5_pkey  (cost=0.00..220.26 rows=10383 width=0)
	                    Index Cond: ((id >= 8763091) AND (id <= 8773090))

table 6 : explain SELECT DISTINCT c FROM sbtest6 WHERE id BETWEEN 4584526 AND 4594525 ORDER BY c
	Unique  (cost=36216.65..36268.44 rows=10357 width=121)
	  ->  Sort  (cost=36216.65..36242.55 rows=10357 width=121)
	        Sort Key: c
	        ->  Bitmap Heap Scan on sbtest6  (cost=222.59..35525.93 rows=10357 width=121)
	              Recheck Cond: ((id >= 4584526) AND (id <= 4594525))
	              ->  Bitmap Index Scan on sbtest6_pkey  (cost=0.00..220.00 rows=10357 width=0)
	                    Index Cond: ((id >= 4584526) AND (id <= 4594525))

table 7 : explain SELECT DISTINCT c FROM sbtest7 WHERE id BETWEEN 6583132 AND 6593131 ORDER BY c
	Unique  (cost=36392.17..36444.23 rows=10413 width=121)
	  ->  Sort  (cost=36392.17..36418.20 rows=10413 width=121)
	        Sort Key: c
	        ->  Bitmap Heap Scan on sbtest7  (cost=223.17..35697.30 rows=10413 width=121)
	              Recheck Cond: ((id >= 6583132) AND (id <= 6593131))
	              ->  Bitmap Index Scan on sbtest7_pkey  (cost=0.00..220.56 rows=10413 width=0)
	                    Index Cond: ((id >= 6583132) AND (id <= 6593131))

table 8 : explain SELECT DISTINCT c FROM sbtest8 WHERE id BETWEEN 9024886 AND 9034885 ORDER BY c
	Unique  (cost=35388.66..35439.14 rows=10096 width=121)
	  ->  Sort  (cost=35388.66..35413.90 rows=10096 width=121)
	        Sort Key: c
	        ->  Bitmap Heap Scan on sbtest8  (cost=219.92..34717.20 rows=10096 width=121)
	              Recheck Cond: ((id >= 9024886) AND (id <= 9034885))
	              ->  Bitmap Index Scan on sbtest8_pkey  (cost=0.00..217.40 rows=10096 width=0)
	                    Index Cond: ((id >= 9024886) AND (id <= 9034885))

for: simple_ranges
table 1 : explain SELECT c FROM sbtest1 WHERE id BETWEEN 9437565 AND 9447564
	Bitmap Heap Scan on sbtest1  (cost=221.45..35071.32 rows=10245 width=121)
	  Recheck Cond: ((id >= 9437565) AND (id <= 9447564))
	  ->  Bitmap Index Scan on sbtest1_pkey  (cost=0.00..218.88 rows=10245 width=0)
	        Index Cond: ((id >= 9437565) AND (id <= 9447564))

table 2 : explain SELECT c FROM sbtest2 WHERE id BETWEEN 4672436 AND 4682435
	Bitmap Heap Scan on sbtest2  (cost=209.06..33777.44 rows=9817 width=121)
	  Recheck Cond: ((id >= 4672436) AND (id <= 4682435))
	  ->  Bitmap Index Scan on sbtest2_pkey  (cost=0.00..206.61 rows=9817 width=0)
	        Index Cond: ((id >= 4672436) AND (id <= 4682435))

table 3 : explain SELECT c FROM sbtest3 WHERE id BETWEEN 7710068 AND 7720067
	Bitmap Heap Scan on sbtest3  (cost=222.20..35344.89 rows=10319 width=121)
	  Recheck Cond: ((id >= 7710068) AND (id <= 7720067))
	  ->  Bitmap Index Scan on sbtest3_pkey  (cost=0.00..219.62 rows=10319 width=0)
	        Index Cond: ((id >= 7710068) AND (id <= 7720067))

table 4 : explain SELECT c FROM sbtest4 WHERE id BETWEEN 4599828 AND 4609827
	Bitmap Heap Scan on sbtest4  (cost=214.80..34343.58 rows=9987 width=121)
	  Recheck Cond: ((id >= 4599828) AND (id <= 4609827))
	  ->  Bitmap Index Scan on sbtest4_pkey  (cost=0.00..212.31 rows=9987 width=0)
	        Index Cond: ((id >= 4599828) AND (id <= 4609827))

table 5 : explain SELECT c FROM sbtest5 WHERE id BETWEEN 3329851 AND 3339850
	Bitmap Heap Scan on sbtest5  (cost=184.84..30048.78 rows=8625 width=121)
	  Recheck Cond: ((id >= 3329851) AND (id <= 3339850))
	  ->  Bitmap Index Scan on sbtest5_pkey  (cost=0.00..182.69 rows=8625 width=0)
	        Index Cond: ((id >= 3329851) AND (id <= 3339850))

table 6 : explain SELECT c FROM sbtest6 WHERE id BETWEEN 525377 AND 535376
	Bitmap Heap Scan on sbtest6  (cost=208.37..33630.71 rows=9750 width=121)
	  Recheck Cond: ((id >= 525377) AND (id <= 535376))
	  ->  Bitmap Index Scan on sbtest6_pkey  (cost=0.00..205.94 rows=9750 width=0)
	        Index Cond: ((id >= 525377) AND (id <= 535376))

table 7 : explain SELECT c FROM sbtest7 WHERE id BETWEEN 4912476 AND 4922475
	Bitmap Heap Scan on sbtest7  (cost=199.91..32259.86 rows=9315 width=121)
	  Recheck Cond: ((id >= 4912476) AND (id <= 4922475))
	  ->  Bitmap Index Scan on sbtest7_pkey  (cost=0.00..197.59 rows=9315 width=0)
	        Index Cond: ((id >= 4912476) AND (id <= 4922475))

table 8 : explain SELECT c FROM sbtest8 WHERE id BETWEEN 2994836 AND 3004835
	Bitmap Heap Scan on sbtest8  (cost=211.25..33288.94 rows=9640 width=121)
	  Recheck Cond: ((id >= 2994836) AND (id <= 3004835))
	  ->  Bitmap Index Scan on sbtest8_pkey  (cost=0.00..208.84 rows=9640 width=0)
	        Index Cond: ((id >= 2994836) AND (id <= 3004835))

for: sum_ranges
table 1 : explain SELECT SUM(k) FROM sbtest1 WHERE id BETWEEN 2787658 AND 2797657
	Aggregate  (cost=34526.40..34526.41 rows=1 width=8)
	  ->  Bitmap Heap Scan on sbtest1  (cost=215.56..34501.25 rows=10061 width=4)
	        Recheck Cond: ((id >= 2787658) AND (id <= 2797657))
	        ->  Bitmap Index Scan on sbtest1_pkey  (cost=0.00..213.05 rows=10061 width=0)
	              Index Cond: ((id >= 2787658) AND (id <= 2797657))

table 2 : explain SELECT SUM(k) FROM sbtest2 WHERE id BETWEEN 5684344 AND 5694343
	Aggregate  (cost=33486.34..33486.35 rows=1 width=8)
	  ->  Bitmap Heap Scan on sbtest2  (cost=208.02..33462.05 rows=9716 width=4)
	        Recheck Cond: ((id >= 5684344) AND (id <= 5694343))
	        ->  Bitmap Index Scan on sbtest2_pkey  (cost=0.00..205.59 rows=9716 width=0)
	              Index Cond: ((id >= 5684344) AND (id <= 5694343))

table 3 : explain SELECT SUM(k) FROM sbtest3 WHERE id BETWEEN 3039534 AND 3049533
	Aggregate  (cost=35763.90..35763.91 rows=1 width=8)
	  ->  Bitmap Heap Scan on sbtest3  (cost=223.51..35737.78 rows=10446 width=4)
	        Recheck Cond: ((id >= 3039534) AND (id <= 3049533))
	        ->  Bitmap Index Scan on sbtest3_pkey  (cost=0.00..220.90 rows=10446 width=0)
	              Index Cond: ((id >= 3039534) AND (id <= 3049533))

table 4 : explain SELECT SUM(k) FROM sbtest4 WHERE id BETWEEN 9611093 AND 9621092
	Aggregate  (cost=34612.88..34612.89 rows=1 width=8)
	  ->  Bitmap Heap Scan on sbtest4  (cost=215.61..34587.72 rows=10066 width=4)
	        Recheck Cond: ((id >= 9611093) AND (id <= 9621092))
	        ->  Bitmap Index Scan on sbtest4_pkey  (cost=0.00..213.09 rows=10066 width=0)
	              Index Cond: ((id >= 9611093) AND (id <= 9621092))

table 5 : explain SELECT SUM(k) FROM sbtest5 WHERE id BETWEEN 8803354 AND 8813353
	Aggregate  (cost=32722.68..32722.69 rows=1 width=8)
	  ->  Bitmap Heap Scan on sbtest5  (cost=205.40..32699.03 rows=9460 width=4)
	        Recheck Cond: ((id >= 8803354) AND (id <= 8813353))
	        ->  Bitmap Index Scan on sbtest5_pkey  (cost=0.00..203.04 rows=9460 width=0)
	              Index Cond: ((id >= 8803354) AND (id <= 8813353))

table 6 : explain SELECT SUM(k) FROM sbtest6 WHERE id BETWEEN 2546729 AND 2556728
	Aggregate  (cost=35820.96..35820.97 rows=1 width=8)
	  ->  Bitmap Heap Scan on sbtest6  (cost=223.49..35794.85 rows=10444 width=4)
	        Recheck Cond: ((id >= 2546729) AND (id <= 2556728))
	        ->  Bitmap Index Scan on sbtest6_pkey  (cost=0.00..220.88 rows=10444 width=0)
	              Index Cond: ((id >= 2546729) AND (id <= 2556728))

table 7 : explain SELECT SUM(k) FROM sbtest7 WHERE id BETWEEN 8391370 AND 8401369
	Aggregate  (cost=34692.22..34692.23 rows=1 width=8)
	  ->  Bitmap Heap Scan on sbtest7  (cost=215.78..34667.02 rows=10082 width=4)
	        Recheck Cond: ((id >= 8391370) AND (id <= 8401369))
	        ->  Bitmap Index Scan on sbtest7_pkey  (cost=0.00..213.25 rows=10082 width=0)
	              Index Cond: ((id >= 8391370) AND (id <= 8401369))

table 8 : explain SELECT SUM(k) FROM sbtest8 WHERE id BETWEEN 2917804 AND 2927803
	Aggregate  (cost=33313.04..33313.05 rows=1 width=8)
	  ->  Bitmap Heap Scan on sbtest8  (cost=211.25..33288.94 rows=9640 width=4)
	        Recheck Cond: ((id >= 2917804) AND (id <= 2927803))
	        ->  Bitmap Index Scan on sbtest8_pkey  (cost=0.00..208.84 rows=9640 width=0)
	              Index Cond: ((id >= 2917804) AND (id <= 2927803))

for: distinct_ranges
table 1 : explain SELECT DISTINCT c FROM sbtest1 WHERE id BETWEEN 3194568 AND 3204567 ORDER BY c
	Unique  (cost=32625.97..32672.30 rows=9266 width=121)
	  ->  Sort  (cost=32625.97..32649.14 rows=9266 width=121)
	        Sort Key: c
	        ->  Bitmap Heap Scan on sbtest1  (cost=199.41..32015.45 rows=9266 width=121)
	              Recheck Cond: ((id >= 3194568) AND (id <= 3204567))
	              ->  Bitmap Index Scan on sbtest1_pkey  (cost=0.00..197.09 rows=9266 width=0)
	                    Index Cond: ((id >= 3194568) AND (id <= 3204567))

table 2 : explain SELECT DISTINCT c FROM sbtest2 WHERE id BETWEEN 5061240 AND 5071239 ORDER BY c
	Unique  (cost=33376.10..33423.54 rows=9488 width=121)
	  ->  Sort  (cost=33376.10..33399.82 rows=9488 width=121)
	        Sort Key: c
	        ->  Bitmap Heap Scan on sbtest2  (cost=205.69..32749.33 rows=9488 width=121)
	              Recheck Cond: ((id >= 5061240) AND (id <= 5071239))
	              ->  Bitmap Index Scan on sbtest2_pkey  (cost=0.00..203.31 rows=9488 width=0)
	                    Index Cond: ((id >= 5061240) AND (id <= 5071239))

table 3 : explain SELECT DISTINCT c FROM sbtest3 WHERE id BETWEEN 3726725 AND 3736724 ORDER BY c
	Unique  (cost=35415.94..35466.57 rows=10125 width=121)
	  ->  Sort  (cost=35415.94..35441.25 rows=10125 width=121)
	        Sort Key: c
	        ->  Bitmap Heap Scan on sbtest3  (cost=216.22..34742.34 rows=10125 width=121)
	              Recheck Cond: ((id >= 3726725) AND (id <= 3736724))
	              ->  Bitmap Index Scan on sbtest3_pkey  (cost=0.00..213.69 rows=10125 width=0)
	                    Index Cond: ((id >= 3726725) AND (id <= 3736724))

table 4 : explain SELECT DISTINCT c FROM sbtest4 WHERE id BETWEEN 1911777 AND 1921776 ORDER BY c
	Unique  (cost=33997.74..34046.10 rows=9672 width=121)
	  ->  Sort  (cost=33997.74..34021.92 rows=9672 width=121)
	        Sort Key: c
	        ->  Bitmap Heap Scan on sbtest4  (cost=207.57..33357.47 rows=9672 width=121)
	              Recheck Cond: ((id >= 1911777) AND (id <= 1921776))
	              ->  Bitmap Index Scan on sbtest4_pkey  (cost=0.00..205.16 rows=9672 width=0)
	                    Index Cond: ((id >= 1911777) AND (id <= 1921776))

table 5 : explain SELECT DISTINCT c FROM sbtest5 WHERE id BETWEEN 2789593 AND 2799592 ORDER BY c
	Unique  (cost=34579.84..34629.10 rows=9852 width=121)
	  ->  Sort  (cost=34579.84..34604.47 rows=9852 width=121)
	        Sort Key: c
	        ->  Bitmap Heap Scan on sbtest5  (cost=213.42..33926.34 rows=9852 width=121)
	              Recheck Cond: ((id >= 2789593) AND (id <= 2799592))
	              ->  Bitmap Index Scan on sbtest5_pkey  (cost=0.00..210.95 rows=9852 width=0)
	                    Index Cond: ((id >= 2789593) AND (id <= 2799592))

table 6 : explain SELECT DISTINCT c FROM sbtest6 WHERE id BETWEEN 7660313 AND 7670312 ORDER BY c
	Unique  (cost=40110.36..40168.32 rows=11592 width=121)
	  ->  Sort  (cost=40110.36..40139.34 rows=11592 width=121)
	        Sort Key: c
	        ->  Bitmap Heap Scan on sbtest6  (cost=247.25..39327.86 rows=11592 width=121)
	              Recheck Cond: ((id >= 7660313) AND (id <= 7670312))
	              ->  Bitmap Index Scan on sbtest6_pkey  (cost=0.00..244.36 rows=11592 width=0)
	                    Index Cond: ((id >= 7660313) AND (id <= 7670312))

table 7 : explain SELECT DISTINCT c FROM sbtest7 WHERE id BETWEEN 7171858 AND 7181857 ORDER BY c
	Unique  (cost=37224.05..37277.43 rows=10675 width=121)
	  ->  Sort  (cost=37224.05..37250.74 rows=10675 width=121)
	        Sort Key: c
	        ->  Bitmap Heap Scan on sbtest7  (cost=229.85..36509.79 rows=10675 width=121)
	              Recheck Cond: ((id >= 7171858) AND (id <= 7181857))
	              ->  Bitmap Index Scan on sbtest7_pkey  (cost=0.00..227.19 rows=10675 width=0)
	                    Index Cond: ((id >= 7171858) AND (id <= 7181857))

table 8 : explain SELECT DISTINCT c FROM sbtest8 WHERE id BETWEEN 5465895 AND 5475894 ORDER BY c
	Unique  (cost=33018.41..33065.20 rows=9358 width=121)
	  ->  Sort  (cost=33018.41..33041.81 rows=9358 width=121)
	        Sort Key: c
	        ->  Bitmap Heap Scan on sbtest8  (cost=204.35..32401.16 rows=9358 width=121)
	              Recheck Cond: ((id >= 5465895) AND (id <= 5475894))
	              ->  Bitmap Index Scan on sbtest8_pkey  (cost=0.00..202.01 rows=9358 width=0)
	                    Index Cond: ((id >= 5465895) AND (id <= 5475894))

for: sum_ranges
table 1 : explain SELECT SUM(k) FROM sbtest1 WHERE id BETWEEN 3444975 AND 3454974
	Aggregate  (cost=34074.17..34074.18 rows=1 width=8)
	  ->  Bitmap Heap Scan on sbtest1  (cost=214.06..34049.39 rows=9915 width=4)
	        Recheck Cond: ((id >= 3444975) AND (id <= 3454974))
	        ->  Bitmap Index Scan on sbtest1_pkey  (cost=0.00..211.59 rows=9915 width=0)
	              Index Cond: ((id >= 3444975) AND (id <= 3454974))

table 2 : explain SELECT SUM(k) FROM sbtest2 WHERE id BETWEEN 4437034 AND 4447033
	Aggregate  (cost=34201.61..34201.62 rows=1 width=8)
	  ->  Bitmap Heap Scan on sbtest2  (cost=214.37..34176.74 rows=9945 width=4)
	        Recheck Cond: ((id >= 4437034) AND (id <= 4447033))
	        ->  Bitmap Index Scan on sbtest2_pkey  (cost=0.00..211.88 rows=9945 width=0)
	              Index Cond: ((id >= 4437034) AND (id <= 4447033))

table 3 : explain SELECT SUM(k) FROM sbtest3 WHERE id BETWEEN 1217416 AND 1227415
	Aggregate  (cost=38530.46..38530.47 rows=1 width=8)
	  ->  Bitmap Heap Scan on sbtest3  (cost=244.72..38502.09 rows=11345 width=4)
	        Recheck Cond: ((id >= 1217416) AND (id <= 1227415))
	        ->  Bitmap Index Scan on sbtest3_pkey  (cost=0.00..241.88 rows=11345 width=0)
	              Index Cond: ((id >= 1217416) AND (id <= 1227415))

table 4 : explain SELECT SUM(k) FROM sbtest4 WHERE id BETWEEN 8579168 AND 8589167
	Aggregate  (cost=35610.99..35611.00 rows=1 width=8)
	  ->  Bitmap Heap Scan on sbtest4  (cost=222.89..35585.02 rows=10386 width=4)
	        Recheck Cond: ((id >= 8579168) AND (id <= 8589167))
	        ->  Bitmap Index Scan on sbtest4_pkey  (cost=0.00..220.30 rows=10386 width=0)
	              Index Cond: ((id >= 8579168) AND (id <= 8589167))

table 5 : explain SELECT SUM(k) FROM sbtest5 WHERE id BETWEEN 6680646 AND 6690645
	Aggregate  (cost=35448.90..35448.91 rows=1 width=8)
	  ->  Bitmap Heap Scan on sbtest5  (cost=222.34..35423.07 rows=10332 width=4)
	        Recheck Cond: ((id >= 6680646) AND (id <= 6690645))
	        ->  Bitmap Index Scan on sbtest5_pkey  (cost=0.00..219.75 rows=10332 width=0)
	              Index Cond: ((id >= 6680646) AND (id <= 6690645))

table 6 : explain SELECT SUM(k) FROM sbtest6 WHERE id BETWEEN 1213169 AND 1223168
	Aggregate  (cost=34478.07..34478.08 rows=1 width=8)
	  ->  Bitmap Heap Scan on sbtest6  (cost=215.06..34453.04 rows=10012 width=4)
	        Recheck Cond: ((id >= 1213169) AND (id <= 1223168))
	        ->  Bitmap Index Scan on sbtest6_pkey  (cost=0.00..212.56 rows=10012 width=0)
	              Index Cond: ((id >= 1213169) AND (id <= 1223168))

table 7 : explain SELECT SUM(k) FROM sbtest7 WHERE id BETWEEN 8859053 AND 8869052
	Aggregate  (cost=33647.23..33647.24 rows=1 width=8)
	  ->  Bitmap Heap Scan on sbtest7  (cost=208.35..33622.86 rows=9748 width=4)
	        Recheck Cond: ((id >= 8859053) AND (id <= 8869052))
	        ->  Bitmap Index Scan on sbtest7_pkey  (cost=0.00..205.92 rows=9748 width=0)
	              Index Cond: ((id >= 8859053) AND (id <= 8869052))

table 8 : explain SELECT SUM(k) FROM sbtest8 WHERE id BETWEEN 3295067 AND 3305066
	Aggregate  (cost=32521.91..32521.92 rows=1 width=8)
	  ->  Bitmap Heap Scan on sbtest8  (cost=204.67..32498.43 rows=9389 width=4)
	        Recheck Cond: ((id >= 3295067) AND (id <= 3305066))
	        ->  Bitmap Index Scan on sbtest8_pkey  (cost=0.00..202.32 rows=9389 width=0)
	              Index Cond: ((id >= 3295067) AND (id <= 3305066))

for point_selects
table 1 : explain SELECT c FROM sbtest1 WHERE id=4393908
	Index Scan using sbtest1_pkey on sbtest1  (cost=0.43..8.45 rows=1 width=121)
	  Index Cond: (id = 4393908)

table 2 : explain SELECT c FROM sbtest2 WHERE id=4071112
	Index Scan using sbtest2_pkey on sbtest2  (cost=0.43..8.45 rows=1 width=121)
	  Index Cond: (id = 4071112)

table 3 : explain SELECT c FROM sbtest3 WHERE id=1067246
	Index Scan using sbtest3_pkey on sbtest3  (cost=0.43..8.45 rows=1 width=121)
	  Index Cond: (id = 1067246)

table 4 : explain SELECT c FROM sbtest4 WHERE id=3681252
	Index Scan using sbtest4_pkey on sbtest4  (cost=0.43..8.45 rows=1 width=121)
	  Index Cond: (id = 3681252)

table 5 : explain SELECT c FROM sbtest5 WHERE id=8822020
	Index Scan using sbtest5_pkey on sbtest5  (cost=0.43..8.45 rows=1 width=121)
	  Index Cond: (id = 8822020)

table 6 : explain SELECT c FROM sbtest6 WHERE id=1557348
	Index Scan using sbtest6_pkey on sbtest6  (cost=0.43..8.45 rows=1 width=121)
	  Index Cond: (id = 1557348)

table 7 : explain SELECT c FROM sbtest7 WHERE id=4199607
	Index Scan using sbtest7_pkey on sbtest7  (cost=0.43..8.45 rows=1 width=121)
	  Index Cond: (id = 4199607)

table 8 : explain SELECT c FROM sbtest8 WHERE id=6370952
	Index Scan using sbtest8_pkey on sbtest8  (cost=0.43..8.45 rows=1 width=121)
	  Index Cond: (id = 6370952)

for point_selects
table 1 : explain SELECT c FROM sbtest1 WHERE id=7103328
	Index Scan using sbtest1_pkey on sbtest1  (cost=0.43..8.45 rows=1 width=121)
	  Index Cond: (id = 7103328)

table 2 : explain SELECT c FROM sbtest2 WHERE id=2801564
	Index Scan using sbtest2_pkey on sbtest2  (cost=0.43..8.45 rows=1 width=121)
	  Index Cond: (id = 2801564)

table 3 : explain SELECT c FROM sbtest3 WHERE id=9227533
	Index Scan using sbtest3_pkey on sbtest3  (cost=0.43..8.45 rows=1 width=121)
	  Index Cond: (id = 9227533)

table 4 : explain SELECT c FROM sbtest4 WHERE id=3411294
	Index Scan using sbtest4_pkey on sbtest4  (cost=0.43..8.45 rows=1 width=121)
	  Index Cond: (id = 3411294)

table 5 : explain SELECT c FROM sbtest5 WHERE id=9656635
	Index Scan using sbtest5_pkey on sbtest5  (cost=0.43..8.45 rows=1 width=121)
	  Index Cond: (id = 9656635)

table 6 : explain SELECT c FROM sbtest6 WHERE id=9704728
	Index Scan using sbtest6_pkey on sbtest6  (cost=0.43..8.45 rows=1 width=121)
	  Index Cond: (id = 9704728)

table 7 : explain SELECT c FROM sbtest7 WHERE id=9395049
	Index Scan using sbtest7_pkey on sbtest7  (cost=0.43..8.45 rows=1 width=121)
	  Index Cond: (id = 9395049)

table 8 : explain SELECT c FROM sbtest8 WHERE id=9490025
	Index Scan using sbtest8_pkey on sbtest8  (cost=0.43..8.45 rows=1 width=121)
	  Index Cond: (id = 9490025)

for: simple_ranges
table 1 : explain SELECT c FROM sbtest1 WHERE id BETWEEN 2854918 AND 2864917
	Bitmap Heap Scan on sbtest1  (cost=215.56..34501.25 rows=10061 width=121)
	  Recheck Cond: ((id >= 2854918) AND (id <= 2864917))
	  ->  Bitmap Index Scan on sbtest1_pkey  (cost=0.00..213.05 rows=10061 width=0)
	        Index Cond: ((id >= 2854918) AND (id <= 2864917))

table 2 : explain SELECT c FROM sbtest2 WHERE id BETWEEN 5959883 AND 5969882
	Bitmap Heap Scan on sbtest2  (cost=229.68..36387.45 rows=10658 width=121)
	  Recheck Cond: ((id >= 5959883) AND (id <= 5969882))
	  ->  Bitmap Index Scan on sbtest2_pkey  (cost=0.00..227.01 rows=10658 width=0)
	        Index Cond: ((id >= 5959883) AND (id <= 5969882))

table 3 : explain SELECT c FROM sbtest3 WHERE id BETWEEN 3732128 AND 3742127
	Bitmap Heap Scan on sbtest3  (cost=223.18..35638.82 rows=10414 width=121)
	  Recheck Cond: ((id >= 3732128) AND (id <= 3742127))
	  ->  Bitmap Index Scan on sbtest3_pkey  (cost=0.00..220.57 rows=10414 width=0)
	        Index Cond: ((id >= 3732128) AND (id <= 3742127))

table 4 : explain SELECT c FROM sbtest4 WHERE id BETWEEN 8863488 AND 8873487
	Bitmap Heap Scan on sbtest4  (cost=214.90..34372.52 rows=9997 width=121)
	  Recheck Cond: ((id >= 8863488) AND (id <= 8873487))
	  ->  Bitmap Index Scan on sbtest4_pkey  (cost=0.00..212.41 rows=9997 width=0)
	        Index Cond: ((id >= 8863488) AND (id <= 8873487))

table 5 : explain SELECT c FROM sbtest5 WHERE id BETWEEN 8447497 AND 8457496
	Bitmap Heap Scan on sbtest5  (cost=223.15..35666.22 rows=10411 width=121)
	  Recheck Cond: ((id >= 8447497) AND (id <= 8457496))
	  ->  Bitmap Index Scan on sbtest5_pkey  (cost=0.00..220.55 rows=10411 width=0)
	        Index Cond: ((id >= 8447497) AND (id <= 8457496))

table 6 : explain SELECT c FROM sbtest6 WHERE id BETWEEN 6920478 AND 6930477
	Bitmap Heap Scan on sbtest6  (cost=200.94..32575.71 rows=9415 width=121)
	  Recheck Cond: ((id >= 6920478) AND (id <= 6930477))
	  ->  Bitmap Index Scan on sbtest6_pkey  (cost=0.00..198.59 rows=9415 width=0)
	        Index Cond: ((id >= 6920478) AND (id <= 6930477))

table 7 : explain SELECT c FROM sbtest7 WHERE id BETWEEN 344759 AND 354758
	Bitmap Heap Scan on sbtest7  (cost=228.36..36059.53 rows=10529 width=121)
	  Recheck Cond: ((id >= 344759) AND (id <= 354758))
	  ->  Bitmap Index Scan on sbtest7_pkey  (cost=0.00..225.73 rows=10529 width=0)
	        Index Cond: ((id >= 344759) AND (id <= 354758))

table 8 : explain SELECT c FROM sbtest8 WHERE id BETWEEN 1461364 AND 1471363
	Bitmap Heap Scan on sbtest8  (cost=226.91..35625.73 rows=10388 width=121)
	  Recheck Cond: ((id >= 1461364) AND (id <= 1471363))
	  ->  Bitmap Index Scan on sbtest8_pkey  (cost=0.00..224.31 rows=10388 width=0)
	        Index Cond: ((id >= 1461364) AND (id <= 1471363))

for point_selects
table 1 : explain SELECT c FROM sbtest1 WHERE id=5853206
	Index Scan using sbtest1_pkey on sbtest1  (cost=0.43..8.45 rows=1 width=121)
	  Index Cond: (id = 5853206)

table 2 : explain SELECT c FROM sbtest2 WHERE id=7293341
	Index Scan using sbtest2_pkey on sbtest2  (cost=0.43..8.45 rows=1 width=121)
	  Index Cond: (id = 7293341)

table 3 : explain SELECT c FROM sbtest3 WHERE id=27405
	Index Scan using sbtest3_pkey on sbtest3  (cost=0.43..8.45 rows=1 width=121)
	  Index Cond: (id = 27405)

table 4 : explain SELECT c FROM sbtest4 WHERE id=358016
	Index Scan using sbtest4_pkey on sbtest4  (cost=0.43..8.45 rows=1 width=121)
	  Index Cond: (id = 358016)

table 5 : explain SELECT c FROM sbtest5 WHERE id=7983999
	Index Scan using sbtest5_pkey on sbtest5  (cost=0.43..8.45 rows=1 width=121)
	  Index Cond: (id = 7983999)

table 6 : explain SELECT c FROM sbtest6 WHERE id=1755142
	Index Scan using sbtest6_pkey on sbtest6  (cost=0.43..8.45 rows=1 width=121)
	  Index Cond: (id = 1755142)

table 7 : explain SELECT c FROM sbtest7 WHERE id=3001155
	Index Scan using sbtest7_pkey on sbtest7  (cost=0.43..8.45 rows=1 width=121)
	  Index Cond: (id = 3001155)

table 8 : explain SELECT c FROM sbtest8 WHERE id=646982
	Index Scan using sbtest8_pkey on sbtest8  (cost=0.43..8.45 rows=1 width=121)
	  Index Cond: (id = 646982)

explain: for point_selects :: explain SELECT c FROM sbtest%u WHERE id=%u
for: sum_ranges
table 1 : explain SELECT SUM(k) FROM sbtest1 WHERE id BETWEEN 3887694 AND 3897693
	Aggregate  (cost=35036.18..35036.19 rows=1 width=8)
	  ->  Bitmap Heap Scan on sbtest1  (cost=221.24..35010.61 rows=10225 width=4)
	        Recheck Cond: ((id >= 3887694) AND (id <= 3897693))
	        ->  Bitmap Index Scan on sbtest1_pkey  (cost=0.00..218.69 rows=10225 width=0)
	              Index Cond: ((id >= 3887694) AND (id <= 3897693))

table 2 : explain SELECT SUM(k) FROM sbtest2 WHERE id BETWEEN 6475243 AND 6485242
	Aggregate  (cost=37002.71..37002.72 rows=1 width=8)
	  ->  Bitmap Heap Scan on sbtest2  (cost=231.64..36975.59 rows=10849 width=4)
	        Recheck Cond: ((id >= 6475243) AND (id <= 6485242))
	        ->  Bitmap Index Scan on sbtest2_pkey  (cost=0.00..228.93 rows=10849 width=0)
	              Index Cond: ((id >= 6475243) AND (id <= 6485242))

table 3 : explain SELECT SUM(k) FROM sbtest3 WHERE id BETWEEN 6904124 AND 6914123
	Aggregate  (cost=33603.20..33603.21 rows=1 width=8)
	  ->  Bitmap Heap Scan on sbtest3  (cost=208.39..33578.82 rows=9752 width=4)
	        Recheck Cond: ((id >= 6904124) AND (id <= 6914123))
	        ->  Bitmap Index Scan on sbtest3_pkey  (cost=0.00..205.95 rows=9752 width=0)
	              Index Cond: ((id >= 6904124) AND (id <= 6914123))

table 4 : explain SELECT SUM(k) FROM sbtest4 WHERE id BETWEEN 6905413 AND 6915412
	Aggregate  (cost=33823.64..33823.65 rows=1 width=8)
	  ->  Bitmap Heap Scan on sbtest4  (cost=209.03..33799.11 rows=9814 width=4)
	        Recheck Cond: ((id >= 6905413) AND (id <= 6915412))
	        ->  Bitmap Index Scan on sbtest4_pkey  (cost=0.00..206.57 rows=9814 width=0)
	              Index Cond: ((id >= 6905413) AND (id <= 6915412))

table 5 : explain SELECT SUM(k) FROM sbtest5 WHERE id BETWEEN 5114527 AND 5124526
	Aggregate  (cost=36309.95..36309.96 rows=1 width=8)
	  ->  Bitmap Heap Scan on sbtest5  (cost=229.19..36283.43 rows=10610 width=4)
	        Recheck Cond: ((id >= 5114527) AND (id <= 5124526))
	        ->  Bitmap Index Scan on sbtest5_pkey  (cost=0.00..226.54 rows=10610 width=0)
	              Index Cond: ((id >= 5114527) AND (id <= 5124526))

table 6 : explain SELECT SUM(k) FROM sbtest6 WHERE id BETWEEN 3013941 AND 3023940
	Aggregate  (cost=37367.82..37367.83 rows=1 width=8)
	  ->  Bitmap Heap Scan on sbtest6  (cost=236.60..37340.46 rows=10943 width=4)
	        Recheck Cond: ((id >= 3013941) AND (id <= 3023940))
	        ->  Bitmap Index Scan on sbtest6_pkey  (cost=0.00..233.87 rows=10943 width=0)
	              Index Cond: ((id >= 3013941) AND (id <= 3023940))

table 7 : explain SELECT SUM(k) FROM sbtest7 WHERE id BETWEEN 7194345 AND 7204344
	Aggregate  (cost=35309.77..35309.78 rows=1 width=8)
	  ->  Bitmap Heap Scan on sbtest7  (cost=221.79..35284.07 rows=10279 width=4)
	        Recheck Cond: ((id >= 7194345) AND (id <= 7204344))
	        ->  Bitmap Index Scan on sbtest7_pkey  (cost=0.00..219.23 rows=10279 width=0)
	              Index Cond: ((id >= 7194345) AND (id <= 7204344))

table 8 : explain SELECT SUM(k) FROM sbtest8 WHERE id BETWEEN 9264435 AND 9274434
	Aggregate  (cost=31558.99..31559.00 rows=1 width=8)
	  ->  Bitmap Heap Scan on sbtest8  (cost=197.56..31536.28 rows=9085 width=4)
	        Recheck Cond: ((id >= 9264435) AND (id <= 9274434))
	        ->  Bitmap Index Scan on sbtest8_pkey  (cost=0.00..195.29 rows=9085 width=0)
	              Index Cond: ((id >= 9264435) AND (id <= 9274434))

for point_selects
table 1 : explain SELECT c FROM sbtest1 WHERE id=5443169
	Index Scan using sbtest1_pkey on sbtest1  (cost=0.43..8.45 rows=1 width=121)
	  Index Cond: (id = 5443169)

table 2 : explain SELECT c FROM sbtest2 WHERE id=7511227
	Index Scan using sbtest2_pkey on sbtest2  (cost=0.43..8.45 rows=1 width=121)
	  Index Cond: (id = 7511227)

table 3 : explain SELECT c FROM sbtest3 WHERE id=6855839
	Index Scan using sbtest3_pkey on sbtest3  (cost=0.43..8.45 rows=1 width=121)
	  Index Cond: (id = 6855839)

table 4 : explain SELECT c FROM sbtest4 WHERE id=8305088
	Index Scan using sbtest4_pkey on sbtest4  (cost=0.43..8.45 rows=1 width=121)
	  Index Cond: (id = 8305088)

table 5 : explain SELECT c FROM sbtest5 WHERE id=5538693
	Index Scan using sbtest5_pkey on sbtest5  (cost=0.43..8.45 rows=1 width=121)
	  Index Cond: (id = 5538693)

table 6 : explain SELECT c FROM sbtest6 WHERE id=9965531
	Index Scan using sbtest6_pkey on sbtest6  (cost=0.43..8.45 rows=1 width=121)
	  Index Cond: (id = 9965531)

table 7 : explain SELECT c FROM sbtest7 WHERE id=3677590
	Index Scan using sbtest7_pkey on sbtest7  (cost=0.43..8.45 rows=1 width=121)
	  Index Cond: (id = 3677590)

table 8 : explain SELECT c FROM sbtest8 WHERE id=6780125
	Index Scan using sbtest8_pkey on sbtest8  (cost=0.43..8.45 rows=1 width=121)
	  Index Cond: (id = 6780125)

for: simple_ranges
table 1 : explain SELECT c FROM sbtest1 WHERE id BETWEEN 360208 AND 370207
	Bitmap Heap Scan on sbtest1  (cost=207.25..33187.48 rows=9640 width=121)
	  Recheck Cond: ((id >= 360208) AND (id <= 370207))
	  ->  Bitmap Index Scan on sbtest1_pkey  (cost=0.00..204.84 rows=9640 width=0)
	        Index Cond: ((id >= 360208) AND (id <= 370207))

table 2 : explain SELECT c FROM sbtest2 WHERE id BETWEEN 2802719 AND 2812718
	Bitmap Heap Scan on sbtest2  (cost=201.25..32609.65 rows=9445 width=121)
	  Recheck Cond: ((id >= 2802719) AND (id <= 2812718))
	  ->  Bitmap Index Scan on sbtest2_pkey  (cost=0.00..198.88 rows=9445 width=0)
	        Index Cond: ((id >= 2802719) AND (id <= 2812718))

table 3 : explain SELECT c FROM sbtest3 WHERE id BETWEEN 7118436 AND 7128435
	Bitmap Heap Scan on sbtest3  (cost=208.83..33710.80 rows=9795 width=121)
	  Recheck Cond: ((id >= 7118436) AND (id <= 7128435))
	  ->  Bitmap Index Scan on sbtest3_pkey  (cost=0.00..206.38 rows=9795 width=0)
	        Index Cond: ((id >= 7118436) AND (id <= 7128435))

table 4 : explain SELECT c FROM sbtest4 WHERE id BETWEEN 9200934 AND 9210933
	Bitmap Heap Scan on sbtest4  (cost=205.66..32772.80 rows=9485 width=121)
	  Recheck Cond: ((id >= 9200934) AND (id <= 9210933))
	  ->  Bitmap Index Scan on sbtest4_pkey  (cost=0.00..203.29 rows=9485 width=0)
	        Index Cond: ((id >= 9200934) AND (id <= 9210933))

table 5 : explain SELECT c FROM sbtest5 WHERE id BETWEEN 4404183 AND 4414182
	Bitmap Heap Scan on sbtest5  (cost=223.92..35899.52 rows=10486 width=121)
	  Recheck Cond: ((id >= 4404183) AND (id <= 4414182))
	  ->  Bitmap Index Scan on sbtest5_pkey  (cost=0.00..221.30 rows=10486 width=0)
	        Index Cond: ((id >= 4404183) AND (id <= 4414182))

table 6 : explain SELECT c FROM sbtest6 WHERE id BETWEEN 2664756 AND 2674755
	Bitmap Heap Scan on sbtest6  (cost=215.99..34735.95 rows=10103 width=121)
	  Recheck Cond: ((id >= 2664756) AND (id <= 2674755))
	  ->  Bitmap Index Scan on sbtest6_pkey  (cost=0.00..213.47 rows=10103 width=0)
	        Index Cond: ((id >= 2664756) AND (id <= 2674755))

table 7 : explain SELECT c FROM sbtest7 WHERE id BETWEEN 607411 AND 617410
	Bitmap Heap Scan on sbtest7  (cost=221.72..35261.63 rows=10272 width=121)
	  Recheck Cond: ((id >= 607411) AND (id <= 617410))
	  ->  Bitmap Index Scan on sbtest7_pkey  (cost=0.00..219.16 rows=10272 width=0)
	        Index Cond: ((id >= 607411) AND (id <= 617410))

table 8 : explain SELECT c FROM sbtest8 WHERE id BETWEEN 4641327 AND 4651326
	Bitmap Heap Scan on sbtest8  (cost=220.15..34787.88 rows=10119 width=121)
	  Recheck Cond: ((id >= 4641327) AND (id <= 4651326))
	  ->  Bitmap Index Scan on sbtest8_pkey  (cost=0.00..217.62 rows=10119 width=0)
	        Index Cond: ((id >= 4641327) AND (id <= 4651326))

for: order_ranges
table 1 : explain SELECT c FROM sbtest1 WHERE id BETWEEN 2697091 AND 2707090 ORDER BY c
	Sort  (cost=32450.46..32473.49 rows=9211 width=121)
	  Sort Key: c
	  ->  Bitmap Heap Scan on sbtest1  (cost=198.85..31843.96 rows=9211 width=121)
	        Recheck Cond: ((id >= 2697091) AND (id <= 2707090))
	        ->  Bitmap Index Scan on sbtest1_pkey  (cost=0.00..196.55 rows=9211 width=0)
	              Index Cond: ((id >= 2697091) AND (id <= 2707090))

table 2 : explain SELECT c FROM sbtest2 WHERE id BETWEEN 6434957 AND 6444956 ORDER BY c
	Sort  (cost=37702.76..37729.88 rows=10849 width=121)
	  Sort Key: c
	  ->  Bitmap Heap Scan on sbtest2  (cost=231.64..36975.59 rows=10849 width=121)
	        Recheck Cond: ((id >= 6434957) AND (id <= 6444956))
	        ->  Bitmap Index Scan on sbtest2_pkey  (cost=0.00..228.93 rows=10849 width=0)
	              Index Cond: ((id >= 6434957) AND (id <= 6444956))

table 3 : explain SELECT c FROM sbtest3 WHERE id BETWEEN 8232700 AND 8242699 ORDER BY c
	Sort  (cost=38779.72..38807.70 rows=11190 width=121)
	  Sort Key: c
	  ->  Bitmap Heap Scan on sbtest3  (cost=239.13..38027.20 rows=11190 width=121)
	        Recheck Cond: ((id >= 8232700) AND (id <= 8242699))
	        ->  Bitmap Index Scan on sbtest3_pkey  (cost=0.00..236.34 rows=11190 width=0)
	              Index Cond: ((id >= 8232700) AND (id <= 8242699))

table 4 : explain SELECT c FROM sbtest4 WHERE id BETWEEN 6954961 AND 6964960 ORDER BY c
	Sort  (cost=34449.81..34474.34 rows=9814 width=121)
	  Sort Key: c
	  ->  Bitmap Heap Scan on sbtest4  (cost=209.03..33799.11 rows=9814 width=121)
	        Recheck Cond: ((id >= 6954961) AND (id <= 6964960))
	        ->  Bitmap Index Scan on sbtest4_pkey  (cost=0.00..206.57 rows=9814 width=0)
	              Index Cond: ((id >= 6954961) AND (id <= 6964960))

table 5 : explain SELECT c FROM sbtest5 WHERE id BETWEEN 3295732 AND 3305731 ORDER BY c
	Sort  (cost=30612.61..30634.17 rows=8625 width=121)
	  Sort Key: c
	  ->  Bitmap Heap Scan on sbtest5  (cost=184.84..30048.78 rows=8625 width=121)
	        Recheck Cond: ((id >= 3295732) AND (id <= 3305731))
	        ->  Bitmap Index Scan on sbtest5_pkey  (cost=0.00..182.69 rows=8625 width=0)
	              Index Cond: ((id >= 3295732) AND (id <= 3305731))

table 6 : explain SELECT c FROM sbtest6 WHERE id BETWEEN 7819370 AND 7829369 ORDER BY c
	Sort  (cost=33545.77..33569.57 rows=9522 width=121)
	  Sort Key: c
	  ->  Bitmap Heap Scan on sbtest6  (cost=206.04..32916.51 rows=9522 width=121)
	        Recheck Cond: ((id >= 7819370) AND (id <= 7829369))
	        ->  Bitmap Index Scan on sbtest6_pkey  (cost=0.00..203.66 rows=9522 width=0)
	              Index Cond: ((id >= 7819370) AND (id <= 7829369))

table 7 : explain SELECT c FROM sbtest7 WHERE id BETWEEN 9935782 AND 9945781 ORDER BY c
	Sort  (cost=35057.65..35082.64 rows=9994 width=121)
	  Sort Key: c
	  ->  Bitmap Heap Scan on sbtest7  (cost=214.87..34393.71 rows=9994 width=121)
	        Recheck Cond: ((id >= 9935782) AND (id <= 9945781))
	        ->  Bitmap Index Scan on sbtest7_pkey  (cost=0.00..212.38 rows=9994 width=0)
	              Index Cond: ((id >= 9935782) AND (id <= 9945781))

table 8 : explain SELECT c FROM sbtest8 WHERE id BETWEEN 2745834 AND 2755833 ORDER BY c
	Sort  (cost=34735.91..34760.65 rows=9893 width=121)
	  Sort Key: c
	  ->  Bitmap Heap Scan on sbtest8  (cost=213.84..34079.41 rows=9893 width=121)
	        Recheck Cond: ((id >= 2745834) AND (id <= 2755833))
	        ->  Bitmap Index Scan on sbtest8_pkey  (cost=0.00..211.37 rows=9893 width=0)
	              Index Cond: ((id >= 2745834) AND (id <= 2755833))

for: sum_ranges
table 1 : explain SELECT SUM(k) FROM sbtest1 WHERE id BETWEEN 2879646 AND 2889645
	Aggregate  (cost=33781.09..33781.10 rows=1 width=8)
	  ->  Bitmap Heap Scan on sbtest1  (cost=209.11..33756.53 rows=9822 width=4)
	        Recheck Cond: ((id >= 2879646) AND (id <= 2889645))
	        ->  Bitmap Index Scan on sbtest1_pkey  (cost=0.00..206.66 rows=9822 width=0)
	              Index Cond: ((id >= 2879646) AND (id <= 2889645))

table 2 : explain SELECT SUM(k) FROM sbtest2 WHERE id BETWEEN 6828566 AND 6838565
	Aggregate  (cost=35382.24..35382.25 rows=1 width=8)
	  ->  Bitmap Heap Scan on sbtest2  (cost=222.26..35356.43 rows=10324 width=4)
	        Recheck Cond: ((id >= 6828566) AND (id <= 6838565))
	        ->  Bitmap Index Scan on sbtest2_pkey  (cost=0.00..219.68 rows=10324 width=0)
	              Index Cond: ((id >= 6828566) AND (id <= 6838565))

table 3 : explain SELECT SUM(k) FROM sbtest3 WHERE id BETWEEN 7037327 AND 7047326
	Aggregate  (cost=33674.08..33674.09 rows=1 width=8)
	  ->  Bitmap Heap Scan on sbtest3  (cost=208.63..33649.64 rows=9775 width=4)
	        Recheck Cond: ((id >= 7037327) AND (id <= 7047326))
	        ->  Bitmap Index Scan on sbtest3_pkey  (cost=0.00..206.19 rows=9775 width=0)
	              Index Cond: ((id >= 7037327) AND (id <= 7047326))

table 4 : explain SELECT SUM(k) FROM sbtest4 WHERE id BETWEEN 8276001 AND 8286000
	Aggregate  (cost=36177.68..36177.69 rows=1 width=8)
	  ->  Bitmap Heap Scan on sbtest4  (cost=228.77..36151.26 rows=10569 width=4)
	        Recheck Cond: ((id >= 8276001) AND (id <= 8286000))
	        ->  Bitmap Index Scan on sbtest4_pkey  (cost=0.00..226.12 rows=10569 width=0)
	              Index Cond: ((id >= 8276001) AND (id <= 8286000))

table 5 : explain SELECT SUM(k) FROM sbtest5 WHERE id BETWEEN 6763920 AND 6773919
	Aggregate  (cost=35877.79..35877.80 rows=1 width=8)
	  ->  Bitmap Heap Scan on sbtest5  (cost=223.76..35851.61 rows=10471 width=4)
	        Recheck Cond: ((id >= 6763920) AND (id <= 6773919))
	        ->  Bitmap Index Scan on sbtest5_pkey  (cost=0.00..221.15 rows=10471 width=0)
	              Index Cond: ((id >= 6763920) AND (id <= 6773919))

table 6 : explain SELECT SUM(k) FROM sbtest6 WHERE id BETWEEN 3061684 AND 3071683
	Aggregate  (cost=33985.06..33985.07 rows=1 width=8)
	  ->  Bitmap Heap Scan on sbtest6  (cost=213.44..33960.42 rows=9854 width=4)
	        Recheck Cond: ((id >= 3061684) AND (id <= 3071683))
	        ->  Bitmap Index Scan on sbtest6_pkey  (cost=0.00..210.98 rows=9854 width=0)
	              Index Cond: ((id >= 3061684) AND (id <= 3071683))

table 7 : explain SELECT SUM(k) FROM sbtest7 WHERE id BETWEEN 3870235 AND 3880234
	Aggregate  (cost=37878.11..37878.12 rows=1 width=8)
	  ->  Bitmap Heap Scan on sbtest7  (cost=238.31..37850.33 rows=11110 width=4)
	        Recheck Cond: ((id >= 3870235) AND (id <= 3880234))
	        ->  Bitmap Index Scan on sbtest7_pkey  (cost=0.00..235.54 rows=11110 width=0)
	              Index Cond: ((id >= 3870235) AND (id <= 3880234))

table 8 : explain SELECT SUM(k) FROM sbtest8 WHERE id BETWEEN 6035103 AND 6045102
	Aggregate  (cost=36288.58..36288.59 rows=1 width=8)
	  ->  Bitmap Heap Scan on sbtest8  (cost=229.02..36262.09 rows=10594 width=4)
	        Recheck Cond: ((id >= 6035103) AND (id <= 6045102))
	        ->  Bitmap Index Scan on sbtest8_pkey  (cost=0.00..226.38 rows=10594 width=0)
	              Index Cond: ((id >= 6035103) AND (id <= 6045102))

for: simple_ranges
table 1 : explain SELECT c FROM sbtest1 WHERE id BETWEEN 9907606 AND 9917605
	Bitmap Heap Scan on sbtest1  (cost=230.21..36505.48 rows=10710 width=121)
	  Recheck Cond: ((id >= 9907606) AND (id <= 9917605))
	  ->  Bitmap Index Scan on sbtest1_pkey  (cost=0.00..227.54 rows=10710 width=0)
	        Index Cond: ((id >= 9907606) AND (id <= 9917605))

table 2 : explain SELECT c FROM sbtest2 WHERE id BETWEEN 9447155 AND 9457154
	Bitmap Heap Scan on sbtest2  (cost=222.50..35429.93 rows=10348 width=121)
	  Recheck Cond: ((id >= 9447155) AND (id <= 9457154))
	  ->  Bitmap Index Scan on sbtest2_pkey  (cost=0.00..219.92 rows=10348 width=0)
	        Index Cond: ((id >= 9447155) AND (id <= 9457154))

table 3 : explain SELECT c FROM sbtest3 WHERE id BETWEEN 4790300 AND 4800299
	Bitmap Heap Scan on sbtest3  (cost=208.23..33527.31 rows=9736 width=121)
	  Recheck Cond: ((id >= 4790300) AND (id <= 4800299))
	  ->  Bitmap Index Scan on sbtest3_pkey  (cost=0.00..205.80 rows=9736 width=0)
	        Index Cond: ((id >= 4790300) AND (id <= 4800299))

table 4 : explain SELECT c FROM sbtest4 WHERE id BETWEEN 8056256 AND 8066255
	Bitmap Heap Scan on sbtest4  (cost=216.07..34728.93 rows=10111 width=121)
	  Recheck Cond: ((id >= 8056256) AND (id <= 8066255))
	  ->  Bitmap Index Scan on sbtest4_pkey  (cost=0.00..213.55 rows=10111 width=0)
	        Index Cond: ((id >= 8056256) AND (id <= 8066255))

table 5 : explain SELECT c FROM sbtest5 WHERE id BETWEEN 1173280 AND 1183279
	Bitmap Heap Scan on sbtest5  (cost=184.60..29973.53 rows=8601 width=121)
	  Recheck Cond: ((id >= 1173280) AND (id <= 1183279))
	  ->  Bitmap Index Scan on sbtest5_pkey  (cost=0.00..182.44 rows=8601 width=0)
	        Index Cond: ((id >= 1173280) AND (id <= 1183279))

table 6 : explain SELECT c FROM sbtest6 WHERE id BETWEEN 9645691 AND 9655690
	Bitmap Heap Scan on sbtest6  (cost=208.40..33640.39 rows=9753 width=121)
	  Recheck Cond: ((id >= 9645691) AND (id <= 9655690))
	  ->  Bitmap Index Scan on sbtest6_pkey  (cost=0.00..205.97 rows=9753 width=0)
	        Index Cond: ((id >= 9645691) AND (id <= 9655690))

table 7 : explain SELECT c FROM sbtest7 WHERE id BETWEEN 6874900 AND 6884899
	Bitmap Heap Scan on sbtest7  (cost=205.33..32698.25 rows=9453 width=121)
	  Recheck Cond: ((id >= 6874900) AND (id <= 6884899))
	  ->  Bitmap Index Scan on sbtest7_pkey  (cost=0.00..202.97 rows=9453 width=0)
	        Index Cond: ((id >= 6874900) AND (id <= 6884899))

table 8 : explain SELECT c FROM sbtest8 WHERE id BETWEEN 5861363 AND 5871362
	Bitmap Heap Scan on sbtest8  (cost=227.91..35926.51 rows=10485 width=121)
	  Recheck Cond: ((id >= 5861363) AND (id <= 5871362))
	  ->  Bitmap Index Scan on sbtest8_pkey  (cost=0.00..225.29 rows=10485 width=0)
	        Index Cond: ((id >= 5861363) AND (id <= 5871362))

for: simple_ranges
table 1 : explain SELECT c FROM sbtest1 WHERE id BETWEEN 6394606 AND 6404605
	Bitmap Heap Scan on sbtest1  (cost=197.85..31539.52 rows=9114 width=121)
	  Recheck Cond: ((id >= 6394606) AND (id <= 6404605))
	  ->  Bitmap Index Scan on sbtest1_pkey  (cost=0.00..195.57 rows=9114 width=0)
	        Index Cond: ((id >= 6394606) AND (id <= 6404605))

table 2 : explain SELECT c FROM sbtest2 WHERE id BETWEEN 769699 AND 779698
	Bitmap Heap Scan on sbtest2  (cost=207.82..33397.65 rows=9696 width=121)
	  Recheck Cond: ((id >= 769699) AND (id <= 779698))
	  ->  Bitmap Index Scan on sbtest2_pkey  (cost=0.00..205.40 rows=9696 width=0)
	        Index Cond: ((id >= 769699) AND (id <= 779698))

table 3 : explain SELECT c FROM sbtest3 WHERE id BETWEEN 6150239 AND 6160238
	Bitmap Heap Scan on sbtest3  (cost=207.14..33198.62 rows=9630 width=121)
	  Recheck Cond: ((id >= 6150239) AND (id <= 6160238))
	  ->  Bitmap Index Scan on sbtest3_pkey  (cost=0.00..204.74 rows=9630 width=0)
	        Index Cond: ((id >= 6150239) AND (id <= 6160238))

table 4 : explain SELECT c FROM sbtest4 WHERE id BETWEEN 7398326 AND 7408325
	Bitmap Heap Scan on sbtest4  (cost=197.80..31585.55 rows=9109 width=121)
	  Recheck Cond: ((id >= 7398326) AND (id <= 7408325))
	  ->  Bitmap Index Scan on sbtest4_pkey  (cost=0.00..195.53 rows=9109 width=0)
	        Index Cond: ((id >= 7398326) AND (id <= 7408325))

table 5 : explain SELECT c FROM sbtest5 WHERE id BETWEEN 5725045 AND 5735044
	Bitmap Heap Scan on sbtest5  (cost=193.01..31341.32 rows=9032 width=121)
	  Recheck Cond: ((id >= 5725045) AND (id <= 5735044))
	  ->  Bitmap Index Scan on sbtest5_pkey  (cost=0.00..190.75 rows=9032 width=0)
	        Index Cond: ((id >= 5725045) AND (id <= 5735044))

table 6 : explain SELECT c FROM sbtest6 WHERE id BETWEEN 7011054 AND 7021053
	Bitmap Heap Scan on sbtest6  (cost=191.42..30874.25 rows=8877 width=121)
	  Recheck Cond: ((id >= 7011054) AND (id <= 7021053))
	  ->  Bitmap Index Scan on sbtest6_pkey  (cost=0.00..189.20 rows=8877 width=0)
	        Index Cond: ((id >= 7011054) AND (id <= 7021053))

table 7 : explain SELECT c FROM sbtest7 WHERE id BETWEEN 4712463 AND 4722462
	Bitmap Heap Scan on sbtest7  (cost=207.67..33413.02 rows=9681 width=121)
	  Recheck Cond: ((id >= 4712463) AND (id <= 4722462))
	  ->  Bitmap Index Scan on sbtest7_pkey  (cost=0.00..205.25 rows=9681 width=0)
	        Index Cond: ((id >= 4712463) AND (id <= 4722462))

table 8 : explain SELECT c FROM sbtest8 WHERE id BETWEEN 9363096 AND 9373095
	Bitmap Heap Scan on sbtest8  (cost=183.87..29767.89 rows=8530 width=121)
	  Recheck Cond: ((id >= 9363096) AND (id <= 9373095))
	  ->  Bitmap Index Scan on sbtest8_pkey  (cost=0.00..181.74 rows=8530 width=0)
	        Index Cond: ((id >= 9363096) AND (id <= 9373095))

explain: for point_selects :: explain SELECT c FROM sbtest%u WHERE id=%u
for: order_ranges
table 1 : explain SELECT c FROM sbtest1 WHERE id BETWEEN 3109440 AND 3119439 ORDER BY c
	Sort  (cost=32327.90..32350.84 rows=9173 width=121)
	  Sort Key: c
	  ->  Bitmap Heap Scan on sbtest1  (cost=198.46..31724.18 rows=9173 width=121)
	        Recheck Cond: ((id >= 3109440) AND (id <= 3119439))
	        ->  Bitmap Index Scan on sbtest1_pkey  (cost=0.00..196.17 rows=9173 width=0)
	              Index Cond: ((id >= 3109440) AND (id <= 3119439))

table 2 : explain SELECT c FROM sbtest2 WHERE id BETWEEN 8862415 AND 8872414 ORDER BY c
	Sort  (cost=34283.51..34307.94 rows=9772 width=121)
	  Sort Key: c
	  ->  Bitmap Heap Scan on sbtest2  (cost=208.60..33635.90 rows=9772 width=121)
	        Recheck Cond: ((id >= 8862415) AND (id <= 8872414))
	        ->  Bitmap Index Scan on sbtest2_pkey  (cost=0.00..206.16 rows=9772 width=0)
	              Index Cond: ((id >= 8862415) AND (id <= 8872414))

table 3 : explain SELECT c FROM sbtest3 WHERE id BETWEEN 7322206 AND 7332205 ORDER BY c
	Sort  (cost=35044.94..35069.96 rows=10008 width=121)
	  Sort Key: c
	  ->  Bitmap Heap Scan on sbtest3  (cost=215.02..34379.97 rows=10008 width=121)
	        Recheck Cond: ((id >= 7322206) AND (id <= 7332205))
	        ->  Bitmap Index Scan on sbtest3_pkey  (cost=0.00..212.51 rows=10008 width=0)
	              Index Cond: ((id >= 7322206) AND (id <= 7332205))

table 4 : explain SELECT c FROM sbtest4 WHERE id BETWEEN 5651952 AND 5661951 ORDER BY c
	Sort  (cost=39470.52..39499.02 rows=11399 width=121)
	  Sort Key: c
	  ->  Bitmap Heap Scan on sbtest4  (cost=245.27..38702.42 rows=11399 width=121)
	        Recheck Cond: ((id >= 5651952) AND (id <= 5661951))
	        ->  Bitmap Index Scan on sbtest4_pkey  (cost=0.00..242.43 rows=11399 width=0)
	              Index Cond: ((id >= 5651952) AND (id <= 5661951))

table 5 : explain SELECT c FROM sbtest5 WHERE id BETWEEN 5801868 AND 5811867 ORDER BY c
	Sort  (cost=31934.76..31957.34 rows=9032 width=121)
	  Sort Key: c
	  ->  Bitmap Heap Scan on sbtest5  (cost=193.01..31341.32 rows=9032 width=121)
	        Recheck Cond: ((id >= 5801868) AND (id <= 5811867))
	        ->  Bitmap Index Scan on sbtest5_pkey  (cost=0.00..190.75 rows=9032 width=0)
	              Index Cond: ((id >= 5801868) AND (id <= 5811867))

table 6 : explain SELECT c FROM sbtest6 WHERE id BETWEEN 8573312 AND 8583311 ORDER BY c
	Sort  (cost=36475.54..36501.64 rows=10438 width=121)
	  Sort Key: c
	  ->  Bitmap Heap Scan on sbtest6  (cost=223.42..35778.83 rows=10438 width=121)
	        Recheck Cond: ((id >= 8573312) AND (id <= 8583311))
	        ->  Bitmap Index Scan on sbtest6_pkey  (cost=0.00..220.81 rows=10438 width=0)
	              Index Cond: ((id >= 8573312) AND (id <= 8583311))

table 7 : explain SELECT c FROM sbtest7 WHERE id BETWEEN 1782559 AND 1792558 ORDER BY c
	Sort  (cost=31488.53..31510.74 rows=8887 width=121)
	  Sort Key: c
	  ->  Bitmap Heap Scan on sbtest7  (cost=191.53..30905.65 rows=8887 width=121)
	        Recheck Cond: ((id >= 1782559) AND (id <= 1792558))
	        ->  Bitmap Index Scan on sbtest7_pkey  (cost=0.00..189.31 rows=8887 width=0)
	              Index Cond: ((id >= 1782559) AND (id <= 1792558))

table 8 : explain SELECT c FROM sbtest8 WHERE id BETWEEN 1735088 AND 1745087 ORDER BY c
	Sort  (cost=34917.13..34942.00 rows=9949 width=121)
	  Sort Key: c
	  ->  Bitmap Heap Scan on sbtest8  (cost=214.41..34256.50 rows=9949 width=121)
	        Recheck Cond: ((id >= 1735088) AND (id <= 1745087))
	        ->  Bitmap Index Scan on sbtest8_pkey  (cost=0.00..211.93 rows=9949 width=0)
	              Index Cond: ((id >= 1735088) AND (id <= 1745087))

for: simple_ranges
table 1 : explain SELECT c FROM sbtest1 WHERE id BETWEEN 223228 AND 233227
	Bitmap Heap Scan on sbtest1  (cost=231.94..37022.64 rows=10879 width=121)
	  Recheck Cond: ((id >= 223228) AND (id <= 233227))
	  ->  Bitmap Index Scan on sbtest1_pkey  (cost=0.00..229.23 rows=10879 width=0)
	        Index Cond: ((id >= 223228) AND (id <= 233227))

table 2 : explain SELECT c FROM sbtest2 WHERE id BETWEEN 1831377 AND 1841376
	Bitmap Heap Scan on sbtest2  (cost=221.49..35123.02 rows=10249 width=121)
	  Recheck Cond: ((id >= 1831377) AND (id <= 1841376))
	  ->  Bitmap Index Scan on sbtest2_pkey  (cost=0.00..218.93 rows=10249 width=0)
	        Index Cond: ((id >= 1831377) AND (id <= 1841376))

table 3 : explain SELECT c FROM sbtest3 WHERE id BETWEEN 9492895 AND 9502894
	Bitmap Heap Scan on sbtest3  (cost=205.64..32737.10 rows=9483 width=121)
	  Recheck Cond: ((id >= 9492895) AND (id <= 9502894))
	  ->  Bitmap Index Scan on sbtest3_pkey  (cost=0.00..203.26 rows=9483 width=0)
	        Index Cond: ((id >= 9492895) AND (id <= 9502894))

table 4 : explain SELECT c FROM sbtest4 WHERE id BETWEEN 2213845 AND 2223844
	Bitmap Heap Scan on sbtest4  (cost=207.95..33473.59 rows=9709 width=121)
	  Recheck Cond: ((id >= 2213845) AND (id <= 2223844))
	  ->  Bitmap Index Scan on sbtest4_pkey  (cost=0.00..205.53 rows=9709 width=0)
	        Index Cond: ((id >= 2213845) AND (id <= 2223844))

table 5 : explain SELECT c FROM sbtest5 WHERE id BETWEEN 8014682 AND 8024681
	Bitmap Heap Scan on sbtest5  (cost=213.87..34064.74 rows=9896 width=121)
	  Recheck Cond: ((id >= 8014682) AND (id <= 8024681))
	  ->  Bitmap Index Scan on sbtest5_pkey  (cost=0.00..211.40 rows=9896 width=0)
	        Index Cond: ((id >= 8014682) AND (id <= 8024681))

table 6 : explain SELECT c FROM sbtest6 WHERE id BETWEEN 9681242 AND 9691241
	Bitmap Heap Scan on sbtest6  (cost=208.17..33566.17 rows=9730 width=121)
	  Recheck Cond: ((id >= 9681242) AND (id <= 9691241))
	  ->  Bitmap Index Scan on sbtest6_pkey  (cost=0.00..205.74 rows=9730 width=0)
	        Index Cond: ((id >= 9681242) AND (id <= 9691241))

table 7 : explain SELECT c FROM sbtest7 WHERE id BETWEEN 8888835 AND 8898834
	Bitmap Heap Scan on sbtest7  (cost=208.35..33622.86 rows=9748 width=121)
	  Recheck Cond: ((id >= 8888835) AND (id <= 8898834))
	  ->  Bitmap Index Scan on sbtest7_pkey  (cost=0.00..205.92 rows=9748 width=0)
	        Index Cond: ((id >= 8888835) AND (id <= 8898834))

table 8 : explain SELECT c FROM sbtest8 WHERE id BETWEEN 704813 AND 714812
	Bitmap Heap Scan on sbtest8  (cost=219.30..34530.76 rows=10036 width=121)
	  Recheck Cond: ((id >= 704813) AND (id <= 714812))
	  ->  Bitmap Index Scan on sbtest8_pkey  (cost=0.00..216.80 rows=10036 width=0)
	        Index Cond: ((id >= 704813) AND (id <= 714812))

for point_selects
table 1 : explain SELECT c FROM sbtest1 WHERE id=346816
	Index Scan using sbtest1_pkey on sbtest1  (cost=0.43..8.45 rows=1 width=121)
	  Index Cond: (id = 346816)

table 2 : explain SELECT c FROM sbtest2 WHERE id=2078497
	Index Scan using sbtest2_pkey on sbtest2  (cost=0.43..8.45 rows=1 width=121)
	  Index Cond: (id = 2078497)

table 3 : explain SELECT c FROM sbtest3 WHERE id=105861
	Index Scan using sbtest3_pkey on sbtest3  (cost=0.43..8.45 rows=1 width=121)
	  Index Cond: (id = 105861)

table 4 : explain SELECT c FROM sbtest4 WHERE id=7558977
	Index Scan using sbtest4_pkey on sbtest4  (cost=0.43..8.45 rows=1 width=121)
	  Index Cond: (id = 7558977)

table 5 : explain SELECT c FROM sbtest5 WHERE id=7423067
	Index Scan using sbtest5_pkey on sbtest5  (cost=0.43..8.45 rows=1 width=121)
	  Index Cond: (id = 7423067)

table 6 : explain SELECT c FROM sbtest6 WHERE id=1918527
	Index Scan using sbtest6_pkey on sbtest6  (cost=0.43..8.45 rows=1 width=121)
	  Index Cond: (id = 1918527)

table 7 : explain SELECT c FROM sbtest7 WHERE id=1028882
	Index Scan using sbtest7_pkey on sbtest7  (cost=0.43..8.45 rows=1 width=121)
	  Index Cond: (id = 1028882)

table 8 : explain SELECT c FROM sbtest8 WHERE id=2905154
	Index Scan using sbtest8_pkey on sbtest8  (cost=0.43..8.45 rows=1 width=121)
	  Index Cond: (id = 2905154)

for: distinct_ranges
table 1 : explain SELECT DISTINCT c FROM sbtest1 WHERE id BETWEEN 6073306 AND 6083305 ORDER BY c
	Unique  (cost=32513.42..32559.58 rows=9231 width=121)
	  ->  Sort  (cost=32513.42..32536.50 rows=9231 width=121)
	        Sort Key: c
	        ->  Bitmap Heap Scan on sbtest1  (cost=199.05..31905.46 rows=9231 width=121)
	              Recheck Cond: ((id >= 6073306) AND (id <= 6083305))
	              ->  Bitmap Index Scan on sbtest1_pkey  (cost=0.00..196.75 rows=9231 width=0)
	                    Index Cond: ((id >= 6073306) AND (id <= 6083305))

table 2 : explain SELECT DISTINCT c FROM sbtest2 WHERE id BETWEEN 3083040 AND 3093039 ORDER BY c
	Unique  (cost=33868.15..33916.36 rows=9642 width=121)
	  ->  Sort  (cost=33868.15..33892.26 rows=9642 width=121)
	        Sort Key: c
	        ->  Bitmap Heap Scan on sbtest2  (cost=207.27..33230.09 rows=9642 width=121)
	              Recheck Cond: ((id >= 3083040) AND (id <= 3093039))
	              ->  Bitmap Index Scan on sbtest2_pkey  (cost=0.00..204.86 rows=9642 width=0)
	                    Index Cond: ((id >= 3083040) AND (id <= 3093039))

table 3 : explain SELECT DISTINCT c FROM sbtest3 WHERE id BETWEEN 7188016 AND 7198015 ORDER BY c
	Unique  (cost=35235.43..35285.77 rows=10068 width=121)
	  ->  Sort  (cost=35235.43..35260.60 rows=10068 width=121)
	        Sort Key: c
	        ->  Bitmap Heap Scan on sbtest3  (cost=215.63..34566.03 rows=10068 width=121)
	              Recheck Cond: ((id >= 7188016) AND (id <= 7198015))
	              ->  Bitmap Index Scan on sbtest3_pkey  (cost=0.00..213.12 rows=10068 width=0)
	                    Index Cond: ((id >= 7188016) AND (id <= 7198015))

table 4 : explain SELECT DISTINCT c FROM sbtest4 WHERE id BETWEEN 2012961 AND 2022960 ORDER BY c
	Unique  (cost=35398.22..35448.77 rows=10110 width=121)
	  ->  Sort  (cost=35398.22..35423.49 rows=10110 width=121)
	        Sort Key: c
	        ->  Bitmap Heap Scan on sbtest4  (cost=216.06..34725.73 rows=10110 width=121)
	              Recheck Cond: ((id >= 2012961) AND (id <= 2022960))
	              ->  Bitmap Index Scan on sbtest4_pkey  (cost=0.00..213.54 rows=10110 width=0)
	                    Index Cond: ((id >= 2012961) AND (id <= 2022960))

table 5 : explain SELECT DISTINCT c FROM sbtest5 WHERE id BETWEEN 7132224 AND 7142223 ORDER BY c
	Unique  (cost=32347.79..32393.58 rows=9158 width=121)
	  ->  Sort  (cost=32347.79..32370.68 rows=9158 width=121)
	        Sort Key: c
	        ->  Bitmap Heap Scan on sbtest5  (cost=198.30..31745.15 rows=9158 width=121)
	              Recheck Cond: ((id >= 7132224) AND (id <= 7142223))
	              ->  Bitmap Index Scan on sbtest5_pkey  (cost=0.00..196.01 rows=9158 width=0)
	                    Index Cond: ((id >= 7132224) AND (id <= 7142223))

table 6 : explain SELECT DISTINCT c FROM sbtest6 WHERE id BETWEEN 6163189 AND 6173188 ORDER BY c
	Unique  (cost=34884.46..34934.16 rows=9939 width=121)
	  ->  Sort  (cost=34884.46..34909.31 rows=9939 width=121)
	        Sort Key: c
	        ->  Bitmap Heap Scan on sbtest6  (cost=214.31..34224.57 rows=9939 width=121)
	              Recheck Cond: ((id >= 6163189) AND (id <= 6173188))
	              ->  Bitmap Index Scan on sbtest6_pkey  (cost=0.00..211.82 rows=9939 width=0)
	                    Index Cond: ((id >= 6163189) AND (id <= 6173188))

table 7 : explain SELECT DISTINCT c FROM sbtest7 WHERE id BETWEEN 8365399 AND 8375398 ORDER BY c
	Unique  (cost=35337.45..35387.86 rows=10082 width=121)
	  ->  Sort  (cost=35337.45..35362.65 rows=10082 width=121)
	        Sort Key: c
	        ->  Bitmap Heap Scan on sbtest7  (cost=215.78..34667.02 rows=10082 width=121)
	              Recheck Cond: ((id >= 8365399) AND (id <= 8375398))
	              ->  Bitmap Index Scan on sbtest7_pkey  (cost=0.00..213.25 rows=10082 width=0)
	                    Index Cond: ((id >= 8365399) AND (id <= 8375398))

table 8 : explain SELECT DISTINCT c FROM sbtest8 WHERE id BETWEEN 3137514 AND 3147513 ORDER BY c
	Unique  (cost=33187.64..33234.70 rows=9411 width=121)
	  ->  Sort  (cost=33187.64..33211.17 rows=9411 width=121)
	        Sort Key: c
	        ->  Bitmap Heap Scan on sbtest8  (cost=204.90..32566.51 rows=9411 width=121)
	              Recheck Cond: ((id >= 3137514) AND (id <= 3147513))
	              ->  Bitmap Index Scan on sbtest8_pkey  (cost=0.00..202.55 rows=9411 width=0)
	                    Index Cond: ((id >= 3137514) AND (id <= 3147513))

for: sum_ranges
table 1 : explain SELECT SUM(k) FROM sbtest1 WHERE id BETWEEN 3058384 AND 3068383
	Aggregate  (cost=32675.45..32675.46 rows=1 width=8)
	  ->  Bitmap Heap Scan on sbtest1  (cost=201.49..32651.78 rows=9469 width=4)
	        Recheck Cond: ((id >= 3058384) AND (id <= 3068383))
	        ->  Bitmap Index Scan on sbtest1_pkey  (cost=0.00..199.12 rows=9469 width=0)
	              Index Cond: ((id >= 3058384) AND (id <= 3068383))

table 2 : explain SELECT SUM(k) FROM sbtest2 WHERE id BETWEEN 2709631 AND 2719630
	Aggregate  (cost=33734.40..33734.41 rows=1 width=8)
	  ->  Bitmap Heap Scan on sbtest2  (cost=208.84..33709.91 rows=9796 width=4)
	        Recheck Cond: ((id >= 2709631) AND (id <= 2719630))
	        ->  Bitmap Index Scan on sbtest2_pkey  (cost=0.00..206.40 rows=9796 width=0)
	              Index Cond: ((id >= 2709631) AND (id <= 2719630))

table 3 : explain SELECT SUM(k) FROM sbtest3 WHERE id BETWEEN 1526452 AND 1536451
	Aggregate  (cost=34668.22..34668.23 rows=1 width=8)
	  ->  Bitmap Heap Scan on sbtest3  (cost=215.89..34642.99 rows=10093 width=4)
	        Recheck Cond: ((id >= 1526452) AND (id <= 1536451))
	        ->  Bitmap Index Scan on sbtest3_pkey  (cost=0.00..213.37 rows=10093 width=0)
	              Index Cond: ((id >= 1526452) AND (id <= 1536451))

table 4 : explain SELECT SUM(k) FROM sbtest4 WHERE id BETWEEN 2409302 AND 2419301
	Aggregate  (cost=34391.06..34391.07 rows=1 width=8)
	  ->  Bitmap Heap Scan on sbtest4  (cost=214.87..34366.07 rows=9994 width=4)
	        Recheck Cond: ((id >= 2409302) AND (id <= 2419301))
	        ->  Bitmap Index Scan on sbtest4_pkey  (cost=0.00..212.38 rows=9994 width=0)
	              Index Cond: ((id >= 2409302) AND (id <= 2419301))

table 5 : explain SELECT SUM(k) FROM sbtest5 WHERE id BETWEEN 5519158 AND 5529157
	Aggregate  (cost=34231.14..34231.15 rows=1 width=8)
	  ->  Bitmap Heap Scan on sbtest5  (cost=214.33..34206.29 rows=9941 width=4)
	        Recheck Cond: ((id >= 5519158) AND (id <= 5529157))
	        ->  Bitmap Index Scan on sbtest5_pkey  (cost=0.00..211.84 rows=9941 width=0)
	              Index Cond: ((id >= 5519158) AND (id <= 5529157))

table 6 : explain SELECT SUM(k) FROM sbtest6 WHERE id BETWEEN 6592462 AND 6602461
	Aggregate  (cost=33933.46..33933.47 rows=1 width=8)
	  ->  Bitmap Heap Scan on sbtest6  (cost=213.27..33908.87 rows=9838 width=4)
	        Recheck Cond: ((id >= 6592462) AND (id <= 6602461))
	        ->  Bitmap Index Scan on sbtest6_pkey  (cost=0.00..210.81 rows=9838 width=0)
	              Index Cond: ((id >= 6592462) AND (id <= 6602461))

table 7 : explain SELECT SUM(k) FROM sbtest7 WHERE id BETWEEN 5047231 AND 5057230
	Aggregate  (cost=35133.24..35133.25 rows=1 width=8)
	  ->  Bitmap Heap Scan on sbtest7  (cost=221.21..35107.68 rows=10222 width=4)
	        Recheck Cond: ((id >= 5047231) AND (id <= 5057230))
	        ->  Bitmap Index Scan on sbtest7_pkey  (cost=0.00..218.66 rows=10222 width=0)
	              Index Cond: ((id >= 5047231) AND (id <= 5057230))

table 8 : explain SELECT SUM(k) FROM sbtest8 WHERE id BETWEEN 1988499 AND 1998498
	Aggregate  (cost=33888.02..33888.03 rows=1 width=8)
	  ->  Bitmap Heap Scan on sbtest8  (cost=213.12..33863.46 rows=9823 width=4)
	        Recheck Cond: ((id >= 1988499) AND (id <= 1998498))
	        ->  Bitmap Index Scan on sbtest8_pkey  (cost=0.00..210.67 rows=9823 width=0)
	              Index Cond: ((id >= 1988499) AND (id <= 1998498))

for: order_ranges
table 1 : explain SELECT c FROM sbtest1 WHERE id BETWEEN 5091217 AND 5101216 ORDER BY c
	Sort  (cost=35848.61..35874.30 rows=10275 width=121)
	  Sort Key: c
	  ->  Bitmap Heap Scan on sbtest1  (cost=221.75..35163.94 rows=10275 width=121)
	        Recheck Cond: ((id >= 5091217) AND (id <= 5101216))
	        ->  Bitmap Index Scan on sbtest1_pkey  (cost=0.00..219.19 rows=10275 width=0)
	              Index Cond: ((id >= 5091217) AND (id <= 5101216))

table 2 : explain SELECT c FROM sbtest2 WHERE id BETWEEN 4137863 AND 4147862 ORDER BY c
	Sort  (cost=36316.20..36342.22 rows=10410 width=121)
	  Sort Key: c
	  ->  Bitmap Heap Scan on sbtest2  (cost=223.14..35621.56 rows=10410 width=121)
	        Recheck Cond: ((id >= 4137863) AND (id <= 4147862))
	        ->  Bitmap Index Scan on sbtest2_pkey  (cost=0.00..220.54 rows=10410 width=0)
	              Index Cond: ((id >= 4137863) AND (id <= 4147862))

table 3 : explain SELECT c FROM sbtest3 WHERE id BETWEEN 8537471 AND 8547470 ORDER BY c
	Sort  (cost=36140.79..36166.67 rows=10353 width=121)
	  Sort Key: c
	  ->  Bitmap Heap Scan on sbtest3  (cost=222.55..35450.36 rows=10353 width=121)
	        Recheck Cond: ((id >= 8537471) AND (id <= 8547470))
	        ->  Bitmap Index Scan on sbtest3_pkey  (cost=0.00..219.97 rows=10353 width=0)
	              Index Cond: ((id >= 8537471) AND (id <= 8547470))

table 4 : explain SELECT c FROM sbtest4 WHERE id BETWEEN 5658816 AND 5668815 ORDER BY c
	Sort  (cost=39470.52..39499.02 rows=11399 width=121)
	  Sort Key: c
	  ->  Bitmap Heap Scan on sbtest4  (cost=245.27..38702.42 rows=11399 width=121)
	        Recheck Cond: ((id >= 5658816) AND (id <= 5668815))
	        ->  Bitmap Index Scan on sbtest4_pkey  (cost=0.00..242.43 rows=11399 width=0)
	              Index Cond: ((id >= 5658816) AND (id <= 5668815))

table 5 : explain SELECT c FROM sbtest5 WHERE id BETWEEN 3649787 AND 3659786 ORDER BY c
	Sort  (cost=35435.30..35460.60 rows=10120 width=121)
	  Sort Key: c
	  ->  Bitmap Heap Scan on sbtest5  (cost=216.16..34762.07 rows=10120 width=121)
	        Recheck Cond: ((id >= 3649787) AND (id <= 3659786))
	        ->  Bitmap Index Scan on sbtest5_pkey  (cost=0.00..213.63 rows=10120 width=0)
	              Index Cond: ((id >= 3649787) AND (id <= 3659786))

table 6 : explain SELECT c FROM sbtest6 WHERE id BETWEEN 2786532 AND 2796531 ORDER BY c
	Sort  (cost=34042.12..34066.31 rows=9677 width=121)
	  Sort Key: c
	  ->  Bitmap Heap Scan on sbtest6  (cost=207.62..33401.49 rows=9677 width=121)
	        Recheck Cond: ((id >= 2786532) AND (id <= 2796531))
	        ->  Bitmap Index Scan on sbtest6_pkey  (cost=0.00..205.20 rows=9677 width=0)
	              Index Cond: ((id >= 2786532) AND (id <= 2796531))

table 7 : explain SELECT c FROM sbtest7 WHERE id BETWEEN 8149099 AND 8159098 ORDER BY c
	Sort  (cost=35416.41..35441.68 rows=10107 width=121)
	  Sort Key: c
	  ->  Bitmap Heap Scan on sbtest7  (cost=216.03..34744.14 rows=10107 width=121)
	        Recheck Cond: ((id >= 8149099) AND (id <= 8159098))
	        ->  Bitmap Index Scan on sbtest7_pkey  (cost=0.00..213.50 rows=10107 width=0)
	              Index Cond: ((id >= 8149099) AND (id <= 8159098))

table 8 : explain SELECT c FROM sbtest8 WHERE id BETWEEN 3389833 AND 3399832 ORDER BY c
	Sort  (cost=33966.50..33990.63 rows=9652 width=121)
	  Sort Key: c
	  ->  Bitmap Heap Scan on sbtest8  (cost=211.37..33327.70 rows=9652 width=121)
	        Recheck Cond: ((id >= 3389833) AND (id <= 3399832))
	        ->  Bitmap Index Scan on sbtest8_pkey  (cost=0.00..208.95 rows=9652 width=0)
	              Index Cond: ((id >= 3389833) AND (id <= 3399832))

for: sum_ranges
table 1 : explain SELECT SUM(k) FROM sbtest1 WHERE id BETWEEN 7896695 AND 7906694
	Aggregate  (cost=35279.07..35279.08 rows=1 width=8)
	  ->  Bitmap Heap Scan on sbtest1  (cost=222.04..35253.31 rows=10303 width=4)
	        Recheck Cond: ((id >= 7896695) AND (id <= 7906694))
	        ->  Bitmap Index Scan on sbtest1_pkey  (cost=0.00..219.47 rows=10303 width=0)
	              Index Cond: ((id >= 7896695) AND (id <= 7906694))

table 2 : explain SELECT SUM(k) FROM sbtest2 WHERE id BETWEEN 3102127 AND 3112126
	Aggregate  (cost=34522.76..34522.77 rows=1 width=8)
	  ->  Bitmap Heap Scan on sbtest2  (cost=215.43..34497.64 rows=10048 width=4)
	        Recheck Cond: ((id >= 3102127) AND (id <= 3112126))
	        ->  Bitmap Index Scan on sbtest2_pkey  (cost=0.00..212.92 rows=10048 width=0)
	              Index Cond: ((id >= 3102127) AND (id <= 3112126))

table 3 : explain SELECT SUM(k) FROM sbtest3 WHERE id BETWEEN 4446184 AND 4456183
	Aggregate  (cost=34738.80..34738.81 rows=1 width=8)
	  ->  Bitmap Heap Scan on sbtest3  (cost=216.12..34713.51 rows=10116 width=4)
	        Recheck Cond: ((id >= 4446184) AND (id <= 4456183))
	        ->  Bitmap Index Scan on sbtest3_pkey  (cost=0.00..213.59 rows=10116 width=0)
	              Index Cond: ((id >= 4446184) AND (id <= 4456183))

table 4 : explain SELECT SUM(k) FROM sbtest4 WHERE id BETWEEN 6747025 AND 6757024
	Aggregate  (cost=33681.76..33681.77 rows=1 width=8)
	  ->  Bitmap Heap Scan on sbtest4  (cost=208.56..33657.34 rows=9768 width=4)
	        Recheck Cond: ((id >= 6747025) AND (id <= 6757024))
	        ->  Bitmap Index Scan on sbtest4_pkey  (cost=0.00..206.12 rows=9768 width=0)
	              Index Cond: ((id >= 6747025) AND (id <= 6757024))

table 5 : explain SELECT SUM(k) FROM sbtest5 WHERE id BETWEEN 4747796 AND 4757795
	Aggregate  (cost=37432.05..37432.06 rows=1 width=8)
	  ->  Bitmap Heap Scan on sbtest5  (cost=236.91..37404.62 rows=10973 width=4)
	        Recheck Cond: ((id >= 4747796) AND (id <= 4757795))
	        ->  Bitmap Index Scan on sbtest5_pkey  (cost=0.00..234.17 rows=10973 width=0)
	              Index Cond: ((id >= 4747796) AND (id <= 4757795))

table 6 : explain SELECT SUM(k) FROM sbtest6 WHERE id BETWEEN 6850669 AND 6860668
	Aggregate  (cost=36164.15..36164.16 rows=1 width=8)
	  ->  Bitmap Heap Scan on sbtest6  (cost=228.60..36137.77 rows=10553 width=4)
	        Recheck Cond: ((id >= 6850669) AND (id <= 6860668))
	        ->  Bitmap Index Scan on sbtest6_pkey  (cost=0.00..225.97 rows=10553 width=0)
	              Index Cond: ((id >= 6850669) AND (id <= 6860668))

table 7 : explain SELECT SUM(k) FROM sbtest7 WHERE id BETWEEN 4034153 AND 4044152
	Aggregate  (cost=32559.77..32559.78 rows=1 width=8)
	  ->  Bitmap Heap Scan on sbtest7  (cost=204.81..32536.26 rows=9402 width=4)
	        Recheck Cond: ((id >= 4034153) AND (id <= 4044152))
	        ->  Bitmap Index Scan on sbtest7_pkey  (cost=0.00..202.45 rows=9402 width=0)
	              Index Cond: ((id >= 4034153) AND (id <= 4044152))

table 8 : explain SELECT SUM(k) FROM sbtest8 WHERE id BETWEEN 4767792 AND 4777791
	Aggregate  (cost=33422.97..33422.98 rows=1 width=8)
	  ->  Bitmap Heap Scan on sbtest8  (cost=211.60..33398.78 rows=9675 width=4)
	        Recheck Cond: ((id >= 4767792) AND (id <= 4777791))
	        ->  Bitmap Index Scan on sbtest8_pkey  (cost=0.00..209.19 rows=9675 width=0)
	              Index Cond: ((id >= 4767792) AND (id <= 4777791))

for: distinct_ranges
table 1 : explain SELECT DISTINCT c FROM sbtest1 WHERE id BETWEEN 4303412 AND 4313411 ORDER BY c
	Unique  (cost=35907.39..35958.86 rows=10293 width=121)
	  ->  Sort  (cost=35907.39..35933.13 rows=10293 width=121)
	        Sort Key: c
	        ->  Bitmap Heap Scan on sbtest1  (cost=221.94..35221.40 rows=10293 width=121)
	              Recheck Cond: ((id >= 4303412) AND (id <= 4313411))
	              ->  Bitmap Index Scan on sbtest1_pkey  (cost=0.00..219.37 rows=10293 width=0)
	                    Index Cond: ((id >= 4303412) AND (id <= 4313411))

table 2 : explain SELECT DISTINCT c FROM sbtest2 WHERE id BETWEEN 8447770 AND 8457769 ORDER BY c
	Unique  (cost=31550.50..31595.12 rows=8923 width=121)
	  ->  Sort  (cost=31550.50..31572.81 rows=8923 width=121)
	        Sort Key: c
	        ->  Bitmap Heap Scan on sbtest2  (cost=191.90..30965.00 rows=8923 width=121)
	              Recheck Cond: ((id >= 8447770) AND (id <= 8457769))
	              ->  Bitmap Index Scan on sbtest2_pkey  (cost=0.00..189.67 rows=8923 width=0)
	                    Index Cond: ((id >= 8447770) AND (id <= 8457769))

table 3 : explain SELECT DISTINCT c FROM sbtest3 WHERE id BETWEEN 1860793 AND 1870792 ORDER BY c
	Unique  (cost=34083.26..34131.80 rows=9708 width=121)
	  ->  Sort  (cost=34083.26..34107.53 rows=9708 width=121)
	        Sort Key: c
	        ->  Bitmap Heap Scan on sbtest3  (cost=207.94..33440.35 rows=9708 width=121)
	              Recheck Cond: ((id >= 1860793) AND (id <= 1870792))
	              ->  Bitmap Index Scan on sbtest3_pkey  (cost=0.00..205.51 rows=9708 width=0)
	                    Index Cond: ((id >= 1860793) AND (id <= 1870792))

table 4 : explain SELECT DISTINCT c FROM sbtest4 WHERE id BETWEEN 3308791 AND 3318790 ORDER BY c
	Unique  (cost=31777.96..31822.88 rows=8984 width=121)
	  ->  Sort  (cost=31777.96..31800.42 rows=8984 width=121)
	        Sort Key: c
	        ->  Bitmap Heap Scan on sbtest4  (cost=192.52..31188.02 rows=8984 width=121)
	              Recheck Cond: ((id >= 3308791) AND (id <= 3318790))
	              ->  Bitmap Index Scan on sbtest4_pkey  (cost=0.00..190.28 rows=8984 width=0)
	                    Index Cond: ((id >= 3308791) AND (id <= 3318790))

table 5 : explain SELECT DISTINCT c FROM sbtest5 WHERE id BETWEEN 9646654 AND 9656653 ORDER BY c
	Unique  (cost=34517.17..34566.33 rows=9832 width=121)
	  ->  Sort  (cost=34517.17..34541.75 rows=9832 width=121)
	        Sort Key: c
	        ->  Bitmap Heap Scan on sbtest5  (cost=213.21..33865.15 rows=9832 width=121)
	              Recheck Cond: ((id >= 9646654) AND (id <= 9656653))
	              ->  Bitmap Index Scan on sbtest5_pkey  (cost=0.00..210.75 rows=9832 width=0)
	                    Index Cond: ((id >= 9646654) AND (id <= 9656653))

table 6 : explain SELECT DISTINCT c FROM sbtest6 WHERE id BETWEEN 9856868 AND 9866867 ORDER BY c
	Unique  (cost=32323.55..32369.27 rows=9144 width=121)
	  ->  Sort  (cost=32323.55..32346.41 rows=9144 width=121)
	        Sort Key: c
	        ->  Bitmap Heap Scan on sbtest6  (cost=198.16..31721.94 rows=9144 width=121)
	              Recheck Cond: ((id >= 9856868) AND (id <= 9866867))
	              ->  Bitmap Index Scan on sbtest6_pkey  (cost=0.00..195.88 rows=9144 width=0)
	                    Index Cond: ((id >= 9856868) AND (id <= 9866867))

table 7 : explain SELECT DISTINCT c FROM sbtest7 WHERE id BETWEEN 3158419 AND 3168418 ORDER BY c
	Unique  (cost=35212.43..35262.65 rows=10043 width=121)
	  ->  Sort  (cost=35212.43..35237.54 rows=10043 width=121)
	        Sort Key: c
	        ->  Bitmap Heap Scan on sbtest7  (cost=215.38..34544.88 rows=10043 width=121)
	              Recheck Cond: ((id >= 3158419) AND (id <= 3168418))
	              ->  Bitmap Index Scan on sbtest7_pkey  (cost=0.00..212.87 rows=10043 width=0)
	                    Index Cond: ((id >= 3158419) AND (id <= 3168418))

table 8 : explain SELECT DISTINCT c FROM sbtest8 WHERE id BETWEEN 3492133 AND 3502132 ORDER BY c
	Unique  (cost=37624.41..37678.41 rows=10800 width=121)
	  ->  Sort  (cost=37624.41..37651.41 rows=10800 width=121)
	        Sort Key: c
	        ->  Bitmap Heap Scan on sbtest8  (cost=235.13..36900.88 rows=10800 width=121)
	              Recheck Cond: ((id >= 3492133) AND (id <= 3502132))
	              ->  Bitmap Index Scan on sbtest8_pkey  (cost=0.00..232.44 rows=10800 width=0)
	                    Index Cond: ((id >= 3492133) AND (id <= 3502132))

for: simple_ranges
table 1 : explain SELECT c FROM sbtest1 WHERE id BETWEEN 5735520 AND 5745519
	Bitmap Heap Scan on sbtest1  (cost=206.92..33087.68 rows=9608 width=121)
	  Recheck Cond: ((id >= 5735520) AND (id <= 5745519))
	  ->  Bitmap Index Scan on sbtest1_pkey  (cost=0.00..204.51 rows=9608 width=0)
	        Index Cond: ((id >= 5735520) AND (id <= 5745519))

table 2 : explain SELECT c FROM sbtest2 WHERE id BETWEEN 6061111 AND 6071110
	Bitmap Heap Scan on sbtest2  (cost=215.37..34478.40 rows=10042 width=121)
	  Recheck Cond: ((id >= 6061111) AND (id <= 6071110))
	  ->  Bitmap Index Scan on sbtest2_pkey  (cost=0.00..212.86 rows=10042 width=0)
	        Index Cond: ((id >= 6061111) AND (id <= 6071110))

table 3 : explain SELECT c FROM sbtest3 WHERE id BETWEEN 7528587 AND 7538586
	Bitmap Heap Scan on sbtest3  (cost=244.90..38552.62 rows=11362 width=121)
	  Recheck Cond: ((id >= 7528587) AND (id <= 7538586))
	  ->  Bitmap Index Scan on sbtest3_pkey  (cost=0.00..242.06 rows=11362 width=0)
	        Index Cond: ((id >= 7528587) AND (id <= 7538586))

table 4 : explain SELECT c FROM sbtest4 WHERE id BETWEEN 8360002 AND 8370001
	Bitmap Heap Scan on sbtest4  (cost=208.33..33586.46 rows=9746 width=121)
	  Recheck Cond: ((id >= 8360002) AND (id <= 8370001))
	  ->  Bitmap Index Scan on sbtest4_pkey  (cost=0.00..205.90 rows=9746 width=0)
	        Index Cond: ((id >= 8360002) AND (id <= 8370001))

table 5 : explain SELECT c FROM sbtest5 WHERE id BETWEEN 3774354 AND 3784353
	Bitmap Heap Scan on sbtest5  (cost=229.05..36245.13 rows=10597 width=121)
	  Recheck Cond: ((id >= 3774354) AND (id <= 3784353))
	  ->  Bitmap Index Scan on sbtest5_pkey  (cost=0.00..226.41 rows=10597 width=0)
	        Index Cond: ((id >= 3774354) AND (id <= 3784353))

table 6 : explain SELECT c FROM sbtest6 WHERE id BETWEEN 6858767 AND 6868766
	Bitmap Heap Scan on sbtest6  (cost=228.60..36137.77 rows=10553 width=121)
	  Recheck Cond: ((id >= 6858767) AND (id <= 6868766))
	  ->  Bitmap Index Scan on sbtest6_pkey  (cost=0.00..225.97 rows=10553 width=0)
	        Index Cond: ((id >= 6858767) AND (id <= 6868766))

table 7 : explain SELECT c FROM sbtest7 WHERE id BETWEEN 8005264 AND 8015263
	Bitmap Heap Scan on sbtest7  (cost=200.64..32483.63 rows=9386 width=121)
	  Recheck Cond: ((id >= 8005264) AND (id <= 8015263))
	  ->  Bitmap Index Scan on sbtest7_pkey  (cost=0.00..198.30 rows=9386 width=0)
	        Index Cond: ((id >= 8005264) AND (id <= 8015263))

table 8 : explain SELECT c FROM sbtest8 WHERE id BETWEEN 4130300 AND 4140299
	Bitmap Heap Scan on sbtest8  (cost=205.12..32637.78 rows=9433 width=121)
	  Recheck Cond: ((id >= 4130300) AND (id <= 4140299))
	  ->  Bitmap Index Scan on sbtest8_pkey  (cost=0.00..202.76 rows=9433 width=0)
	        Index Cond: ((id >= 4130300) AND (id <= 4140299))

for: distinct_ranges
table 1 : explain SELECT DISTINCT c FROM sbtest1 WHERE id BETWEEN 4731320 AND 4741319 ORDER BY c
	Unique  (cost=35553.36..35604.27 rows=10182 width=121)
	  ->  Sort  (cost=35553.36..35578.82 rows=10182 width=121)
	        Sort Key: c
	        ->  Bitmap Heap Scan on sbtest1  (cost=216.80..34875.56 rows=10182 width=121)
	              Recheck Cond: ((id >= 4731320) AND (id <= 4741319))
	              ->  Bitmap Index Scan on sbtest1_pkey  (cost=0.00..214.25 rows=10182 width=0)
	                    Index Cond: ((id >= 4731320) AND (id <= 4741319))

table 2 : explain SELECT DISTINCT c FROM sbtest2 WHERE id BETWEEN 1995306 AND 2005305 ORDER BY c
	Unique  (cost=34517.96..34567.18 rows=9844 width=121)
	  ->  Sort  (cost=34517.96..34542.57 rows=9844 width=121)
	        Sort Key: c
	        ->  Bitmap Heap Scan on sbtest2  (cost=213.34..33865.05 rows=9844 width=121)
	              Recheck Cond: ((id >= 1995306) AND (id <= 2005305))
	              ->  Bitmap Index Scan on sbtest2_pkey  (cost=0.00..210.88 rows=9844 width=0)
	                    Index Cond: ((id >= 1995306) AND (id <= 2005305))

table 3 : explain SELECT DISTINCT c FROM sbtest3 WHERE id BETWEEN 3410486 AND 3420485 ORDER BY c
	Unique  (cost=37785.61..37839.98 rows=10874 width=121)
	  ->  Sort  (cost=37785.61..37812.80 rows=10874 width=121)
	        Sort Key: c
	        ->  Bitmap Heap Scan on sbtest3  (cost=231.89..37056.59 rows=10874 width=121)
	              Recheck Cond: ((id >= 3410486) AND (id <= 3420485))
	              ->  Bitmap Index Scan on sbtest3_pkey  (cost=0.00..229.18 rows=10874 width=0)
	                    Index Cond: ((id >= 3410486) AND (id <= 3420485))

table 4 : explain SELECT DISTINCT c FROM sbtest4 WHERE id BETWEEN 2784534 AND 2794533 ORDER BY c
	Unique  (cost=35595.24..35646.10 rows=10172 width=121)
	  ->  Sort  (cost=35595.24..35620.67 rows=10172 width=121)
	        Sort Key: c
	        ->  Bitmap Heap Scan on sbtest4  (cost=216.70..34918.18 rows=10172 width=121)
	              Recheck Cond: ((id >= 2784534) AND (id <= 2794533))
	              ->  Bitmap Index Scan on sbtest4_pkey  (cost=0.00..214.16 rows=10172 width=0)
	                    Index Cond: ((id >= 2784534) AND (id <= 2794533))

table 5 : explain SELECT DISTINCT c FROM sbtest5 WHERE id BETWEEN 7490144 AND 7500143 ORDER BY c
	Unique  (cost=35047.35..35097.34 rows=9998 width=121)
	  ->  Sort  (cost=35047.35..35072.35 rows=9998 width=121)
	        Sort Key: c
	        ->  Bitmap Heap Scan on sbtest5  (cost=214.91..34383.12 rows=9998 width=121)
	              Recheck Cond: ((id >= 7490144) AND (id <= 7500143))
	              ->  Bitmap Index Scan on sbtest5_pkey  (cost=0.00..212.42 rows=9998 width=0)
	                    Index Cond: ((id >= 7490144) AND (id <= 7500143))

table 6 : explain SELECT DISTINCT c FROM sbtest6 WHERE id BETWEEN 1541950 AND 1551949 ORDER BY c
	Unique  (cost=36118.25..36169.88 rows=10326 width=121)
	  ->  Sort  (cost=36118.25..36144.07 rows=10326 width=121)
	        Sort Key: c
	        ->  Bitmap Heap Scan on sbtest6  (cost=222.28..35429.82 rows=10326 width=121)
	              Recheck Cond: ((id >= 1541950) AND (id <= 1551949))
	              ->  Bitmap Index Scan on sbtest6_pkey  (cost=0.00..219.69 rows=10326 width=0)
	                    Index Cond: ((id >= 1541950) AND (id <= 1551949))

table 7 : explain SELECT DISTINCT c FROM sbtest7 WHERE id BETWEEN 2316854 AND 2326853 ORDER BY c
	Unique  (cost=33901.91..33950.08 rows=9634 width=121)
	  ->  Sort  (cost=33901.91..33925.99 rows=9634 width=121)
	        Sort Key: c
	        ->  Bitmap Heap Scan on sbtest7  (cost=207.18..33264.43 rows=9634 width=121)
	              Recheck Cond: ((id >= 2316854) AND (id <= 2326853))
	              ->  Bitmap Index Scan on sbtest7_pkey  (cost=0.00..204.78 rows=9634 width=0)
	                    Index Cond: ((id >= 2316854) AND (id <= 2326853))

table 8 : explain SELECT DISTINCT c FROM sbtest8 WHERE id BETWEEN 8630845 AND 8640844 ORDER BY c
	Unique  (cost=34478.56..34527.62 rows=9812 width=121)
	  ->  Sort  (cost=34478.56..34503.09 rows=9812 width=121)
	        Sort Key: c
	        ->  Bitmap Heap Scan on sbtest8  (cost=213.01..33828.00 rows=9812 width=121)
	              Recheck Cond: ((id >= 8630845) AND (id <= 8640844))
	              ->  Bitmap Index Scan on sbtest8_pkey  (cost=0.00..210.56 rows=9812 width=0)
	                    Index Cond: ((id >= 8630845) AND (id <= 8640844))

for point_selects
table 1 : explain SELECT c FROM sbtest1 WHERE id=6295407
	Index Scan using sbtest1_pkey on sbtest1  (cost=0.43..8.45 rows=1 width=121)
	  Index Cond: (id = 6295407)

table 2 : explain SELECT c FROM sbtest2 WHERE id=4497937
	Index Scan using sbtest2_pkey on sbtest2  (cost=0.43..8.45 rows=1 width=121)
	  Index Cond: (id = 4497937)

table 3 : explain SELECT c FROM sbtest3 WHERE id=5876776
	Index Scan using sbtest3_pkey on sbtest3  (cost=0.43..8.45 rows=1 width=121)
	  Index Cond: (id = 5876776)

table 4 : explain SELECT c FROM sbtest4 WHERE id=4532774
	Index Scan using sbtest4_pkey on sbtest4  (cost=0.43..8.45 rows=1 width=121)
	  Index Cond: (id = 4532774)

table 5 : explain SELECT c FROM sbtest5 WHERE id=4353369
	Index Scan using sbtest5_pkey on sbtest5  (cost=0.43..8.45 rows=1 width=121)
	  Index Cond: (id = 4353369)

table 6 : explain SELECT c FROM sbtest6 WHERE id=4749228
	Index Scan using sbtest6_pkey on sbtest6  (cost=0.43..8.45 rows=1 width=121)
	  Index Cond: (id = 4749228)

table 7 : explain SELECT c FROM sbtest7 WHERE id=798359
	Index Scan using sbtest7_pkey on sbtest7  (cost=0.43..8.45 rows=1 width=121)
	  Index Cond: (id = 798359)

table 8 : explain SELECT c FROM sbtest8 WHERE id=1883762
	Index Scan using sbtest8_pkey on sbtest8  (cost=0.43..8.45 rows=1 width=121)
	  Index Cond: (id = 1883762)

for: order_ranges
table 1 : explain SELECT c FROM sbtest1 WHERE id BETWEEN 3304236 AND 3314235 ORDER BY c
	Sort  (cost=35566.54..35592.01 rows=10187 width=121)
	  Sort Key: c
	  ->  Bitmap Heap Scan on sbtest1  (cost=216.85..34888.37 rows=10187 width=121)
	        Recheck Cond: ((id >= 3304236) AND (id <= 3314235))
	        ->  Bitmap Index Scan on sbtest1_pkey  (cost=0.00..214.31 rows=10187 width=0)
	              Index Cond: ((id >= 3304236) AND (id <= 3314235))

table 2 : explain SELECT c FROM sbtest2 WHERE id BETWEEN 74146 AND 84145 ORDER BY c
	Sort  (cost=34938.96..34963.90 rows=9977 width=121)
	  Sort Key: c
	  ->  Bitmap Heap Scan on sbtest2  (cost=214.70..34276.27 rows=9977 width=121)
	        Recheck Cond: ((id >= 74146) AND (id <= 84145))
	        ->  Bitmap Index Scan on sbtest2_pkey  (cost=0.00..212.20 rows=9977 width=0)
	              Index Cond: ((id >= 74146) AND (id <= 84145))

table 3 : explain SELECT c FROM sbtest3 WHERE id BETWEEN 142802 AND 152801 ORDER BY c
	Sort  (cost=33763.26..33787.28 rows=9608 width=121)
	  Sort Key: c
	  ->  Bitmap Heap Scan on sbtest3  (cost=206.92..33127.69 rows=9608 width=121)
	        Recheck Cond: ((id >= 142802) AND (id <= 152801))
	        ->  Bitmap Index Scan on sbtest3_pkey  (cost=0.00..204.51 rows=9608 width=0)
	              Index Cond: ((id >= 142802) AND (id <= 152801))

table 4 : explain SELECT c FROM sbtest4 WHERE id BETWEEN 1978592 AND 1988591 ORDER BY c
	Sort  (cost=35398.22..35423.49 rows=10110 width=121)
	  Sort Key: c
	  ->  Bitmap Heap Scan on sbtest4  (cost=216.06..34725.73 rows=10110 width=121)
	        Recheck Cond: ((id >= 1978592) AND (id <= 1988591))
	        ->  Bitmap Index Scan on sbtest4_pkey  (cost=0.00..213.54 rows=10110 width=0)
	              Index Cond: ((id >= 1978592) AND (id <= 1988591))

table 5 : explain SELECT c FROM sbtest5 WHERE id BETWEEN 6082894 AND 6092893 ORDER BY c
	Sort  (cost=32533.86..32556.90 rows=9216 width=121)
	  Sort Key: c
	  ->  Bitmap Heap Scan on sbtest5  (cost=198.90..31926.99 rows=9216 width=121)
	        Recheck Cond: ((id >= 6082894) AND (id <= 6092893))
	        ->  Bitmap Index Scan on sbtest5_pkey  (cost=0.00..196.59 rows=9216 width=0)
	              Index Cond: ((id >= 6082894) AND (id <= 6092893))

table 6 : explain SELECT c FROM sbtest6 WHERE id BETWEEN 4405298 AND 4415297 ORDER BY c
	Sort  (cost=33568.93..33592.75 rows=9529 width=121)
	  Sort Key: c
	  ->  Bitmap Heap Scan on sbtest6  (cost=206.11..32939.15 rows=9529 width=121)
	        Recheck Cond: ((id >= 4405298) AND (id <= 4415297))
	        ->  Bitmap Index Scan on sbtest6_pkey  (cost=0.00..203.73 rows=9529 width=0)
	              Index Cond: ((id >= 4405298) AND (id <= 4415297))

table 7 : explain SELECT c FROM sbtest7 WHERE id BETWEEN 2988746 AND 2998745 ORDER BY c
	Sort  (cost=36441.27..36467.34 rows=10428 width=121)
	  Sort Key: c
	  ->  Bitmap Heap Scan on sbtest7  (cost=223.32..35745.29 rows=10428 width=121)
	        Recheck Cond: ((id >= 2988746) AND (id <= 2998745))
	        ->  Bitmap Index Scan on sbtest7_pkey  (cost=0.00..220.72 rows=10428 width=0)
	              Index Cond: ((id >= 2988746) AND (id <= 2998745))

table 8 : explain SELECT c FROM sbtest8 WHERE id BETWEEN 1189179 AND 1199178 ORDER BY c
	Sort  (cost=38145.89..38173.30 rows=10965 width=121)
	  Sort Key: c
	  ->  Bitmap Heap Scan on sbtest8  (cost=236.83..37410.10 rows=10965 width=121)
	        Recheck Cond: ((id >= 1189179) AND (id <= 1199178))
	        ->  Bitmap Index Scan on sbtest8_pkey  (cost=0.00..234.09 rows=10965 width=0)
	              Index Cond: ((id >= 1189179) AND (id <= 1199178))

for: sum_ranges
table 1 : explain SELECT SUM(k) FROM sbtest1 WHERE id BETWEEN 3716921 AND 3726920
	Aggregate  (cost=36579.91..36579.92 rows=1 width=8)
	  ->  Bitmap Heap Scan on sbtest1  (cost=230.37..36553.10 rows=10725 width=4)
	        Recheck Cond: ((id >= 3716921) AND (id <= 3726920))
	        ->  Bitmap Index Scan on sbtest1_pkey  (cost=0.00..227.69 rows=10725 width=0)
	              Index Cond: ((id >= 3716921) AND (id <= 3726920))

table 2 : explain SELECT SUM(k) FROM sbtest2 WHERE id BETWEEN 7687197 AND 7697196
	Aggregate  (cost=32802.13..32802.14 rows=1 width=8)
	  ->  Bitmap Heap Scan on sbtest2  (cost=205.78..32778.39 rows=9497 width=4)
	        Recheck Cond: ((id >= 7687197) AND (id <= 7697196))
	        ->  Bitmap Index Scan on sbtest2_pkey  (cost=0.00..203.41 rows=9497 width=0)
	              Index Cond: ((id >= 7687197) AND (id <= 7697196))

table 3 : explain SELECT SUM(k) FROM sbtest3 WHERE id BETWEEN 631856 AND 641855
	Aggregate  (cost=33868.06..33868.07 rows=1 width=8)
	  ->  Bitmap Heap Scan on sbtest3  (cost=213.25..33843.47 rows=9836 width=4)
	        Recheck Cond: ((id >= 631856) AND (id <= 641855))
	        ->  Bitmap Index Scan on sbtest3_pkey  (cost=0.00..210.80 rows=9836 width=0)
	              Index Cond: ((id >= 631856) AND (id <= 641855))

table 4 : explain SELECT SUM(k) FROM sbtest4 WHERE id BETWEEN 6064886 AND 6074885
	Aggregate  (cost=34596.82..34596.83 rows=1 width=8)
	  ->  Bitmap Heap Scan on sbtest4  (cost=215.56..34571.67 rows=10061 width=4)
	        Recheck Cond: ((id >= 6064886) AND (id <= 6074885))
	        ->  Bitmap Index Scan on sbtest4_pkey  (cost=0.00..213.05 rows=10061 width=0)
	              Index Cond: ((id >= 6064886) AND (id <= 6074885))

table 5 : explain SELECT SUM(k) FROM sbtest5 WHERE id BETWEEN 5743395 AND 5753394
	Aggregate  (cost=31363.90..31363.91 rows=1 width=8)
	  ->  Bitmap Heap Scan on sbtest5  (cost=193.01..31341.32 rows=9032 width=4)
	        Recheck Cond: ((id >= 5743395) AND (id <= 5753394))
	        ->  Bitmap Index Scan on sbtest5_pkey  (cost=0.00..190.75 rows=9032 width=0)
	              Index Cond: ((id >= 5743395) AND (id <= 5753394))

table 6 : explain SELECT SUM(k) FROM sbtest6 WHERE id BETWEEN 289072 AND 299071
	Aggregate  (cost=35330.52..35330.53 rows=1 width=8)
	  ->  Bitmap Heap Scan on sbtest6  (cost=221.86..35304.81 rows=10285 width=4)
	        Recheck Cond: ((id >= 289072) AND (id <= 299071))
	        ->  Bitmap Index Scan on sbtest6_pkey  (cost=0.00..219.29 rows=10285 width=0)
	              Index Cond: ((id >= 289072) AND (id <= 299071))

table 7 : explain SELECT SUM(k) FROM sbtest7 WHERE id BETWEEN 9987901 AND 9997900
	Aggregate  (cost=34418.69..34418.70 rows=1 width=8)
	  ->  Bitmap Heap Scan on sbtest7  (cost=214.87..34393.71 rows=9994 width=4)
	        Recheck Cond: ((id >= 9987901) AND (id <= 9997900))
	        ->  Bitmap Index Scan on sbtest7_pkey  (cost=0.00..212.38 rows=9994 width=0)
	              Index Cond: ((id >= 9987901) AND (id <= 9997900))

table 8 : explain SELECT SUM(k) FROM sbtest8 WHERE id BETWEEN 9666558 AND 9676557
	Aggregate  (cost=34117.03..34117.04 rows=1 width=8)
	  ->  Bitmap Heap Scan on sbtest8  (cost=213.88..34092.29 rows=9897 width=4)
	        Recheck Cond: ((id >= 9666558) AND (id <= 9676557))
	        ->  Bitmap Index Scan on sbtest8_pkey  (cost=0.00..211.41 rows=9897 width=0)
	              Index Cond: ((id >= 9666558) AND (id <= 9676557))

explain: for point_selects :: explain SELECT c FROM sbtest%u WHERE id=%uexplain: for point_selects :: explain SELECT c FROM sbtest%u WHERE id=%u

for: order_ranges
table 1 : explain SELECT c FROM sbtest1 WHERE id BETWEEN 2319122 AND 2329121 ORDER BY c
	Sort  (cost=36413.64..36439.78 rows=10454 width=121)
	  Sort Key: c
	  ->  Bitmap Heap Scan on sbtest1  (cost=223.59..35715.75 rows=10454 width=121)
	        Recheck Cond: ((id >= 2319122) AND (id <= 2329121))
	        ->  Bitmap Index Scan on sbtest1_pkey  (cost=0.00..220.98 rows=10454 width=0)
	              Index Cond: ((id >= 2319122) AND (id <= 2329121))

table 2 : explain SELECT c FROM sbtest2 WHERE id BETWEEN 2046400 AND 2056399 ORDER BY c
	Sort  (cost=34517.96..34542.57 rows=9844 width=121)
	  Sort Key: c
	  ->  Bitmap Heap Scan on sbtest2  (cost=213.34..33865.05 rows=9844 width=121)
	        Recheck Cond: ((id >= 2046400) AND (id <= 2056399))
	        ->  Bitmap Index Scan on sbtest2_pkey  (cost=0.00..210.88 rows=9844 width=0)
	              Index Cond: ((id >= 2046400) AND (id <= 2056399))

table 3 : explain SELECT c FROM sbtest3 WHERE id BETWEEN 2211367 AND 2221366 ORDER BY c
	Sort  (cost=32272.78..32295.64 rows=9144 width=121)
	  Sort Key: c
	  ->  Bitmap Heap Scan on sbtest3  (cost=198.16..31671.17 rows=9144 width=121)
	        Recheck Cond: ((id >= 2211367) AND (id <= 2221366))
	        ->  Bitmap Index Scan on sbtest3_pkey  (cost=0.00..195.88 rows=9144 width=0)
	              Index Cond: ((id >= 2211367) AND (id <= 2221366))

table 4 : explain SELECT c FROM sbtest4 WHERE id BETWEEN 6236397 AND 6246396 ORDER BY c
	Sort  (cost=33445.73..33469.48 rows=9500 width=121)
	  Sort Key: c
	  ->  Bitmap Heap Scan on sbtest4  (cost=205.81..32818.08 rows=9500 width=121)
	        Recheck Cond: ((id >= 6236397) AND (id <= 6246396))
	        ->  Bitmap Index Scan on sbtest4_pkey  (cost=0.00..203.44 rows=9500 width=0)
	              Index Cond: ((id >= 6236397) AND (id <= 6246396))

table 5 : explain SELECT c FROM sbtest5 WHERE id BETWEEN 8555629 AND 8565628 ORDER BY c
	Sort  (cost=38501.84..38529.56 rows=11088 width=121)
	  Sort Key: c
	  ->  Bitmap Heap Scan on sbtest5  (cost=238.09..37756.91 rows=11088 width=121)
	        Recheck Cond: ((id >= 8555629) AND (id <= 8565628))
	        ->  Bitmap Index Scan on sbtest5_pkey  (cost=0.00..235.31 rows=11088 width=0)
	              Index Cond: ((id >= 8555629) AND (id <= 8565628))

table 6 : explain SELECT c FROM sbtest6 WHERE id BETWEEN 9380664 AND 9390663 ORDER BY c
	Sort  (cost=31903.31..31925.85 rows=9015 width=121)
	  Sort Key: c
	  ->  Bitmap Heap Scan on sbtest6  (cost=192.84..31311.11 rows=9015 width=121)
	        Recheck Cond: ((id >= 9380664) AND (id <= 9390663))
	        ->  Bitmap Index Scan on sbtest6_pkey  (cost=0.00..190.59 rows=9015 width=0)
	              Index Cond: ((id >= 9380664) AND (id <= 9390663))

table 7 : explain SELECT c FROM sbtest7 WHERE id BETWEEN 8746766 AND 8756765 ORDER BY c
	Sort  (cost=35495.97..35521.29 rows=10130 width=121)
	  Sort Key: c
	  ->  Bitmap Heap Scan on sbtest7  (cost=220.27..34822.00 rows=10130 width=121)
	        Recheck Cond: ((id >= 8746766) AND (id <= 8756765))
	        ->  Bitmap Index Scan on sbtest7_pkey  (cost=0.00..217.74 rows=10130 width=0)
	              Index Cond: ((id >= 8746766) AND (id <= 8756765))

table 8 : explain SELECT c FROM sbtest8 WHERE id BETWEEN 2607309 AND 2617308 ORDER BY c
	Sort  (cost=33293.74..33317.35 rows=9444 width=121)
	  Sort Key: c
	  ->  Bitmap Heap Scan on sbtest8  (cost=205.24..32670.19 rows=9444 width=121)
	        Recheck Cond: ((id >= 2607309) AND (id <= 2617308))
	        ->  Bitmap Index Scan on sbtest8_pkey  (cost=0.00..202.88 rows=9444 width=0)
	              Index Cond: ((id >= 2607309) AND (id <= 2617308))

for: sum_ranges
table 1 : explain SELECT SUM(k) FROM sbtest1 WHERE id BETWEEN 839102 AND 849101
	Aggregate  (cost=36265.07..36265.08 rows=1 width=8)
	  ->  Bitmap Heap Scan on sbtest1  (cost=229.31..36238.52 rows=10622 width=4)
	        Recheck Cond: ((id >= 839102) AND (id <= 849101))
	        ->  Bitmap Index Scan on sbtest1_pkey  (cost=0.00..226.66 rows=10622 width=0)
	              Index Cond: ((id >= 839102) AND (id <= 849101))

table 2 : explain SELECT SUM(k) FROM sbtest2 WHERE id BETWEEN 1476246 AND 1486245
	Aggregate  (cost=36525.55..36525.56 rows=1 width=8)
	  ->  Bitmap Heap Scan on sbtest2  (cost=230.05..36498.82 rows=10694 width=4)
	        Recheck Cond: ((id >= 1476246) AND (id <= 1486245))
	        ->  Bitmap Index Scan on sbtest2_pkey  (cost=0.00..227.38 rows=10694 width=0)
	              Index Cond: ((id >= 1476246) AND (id <= 1486245))

table 3 : explain SELECT SUM(k) FROM sbtest3 WHERE id BETWEEN 8627688 AND 8637687
	Aggregate  (cost=36695.76..36695.77 rows=1 width=8)
	  ->  Bitmap Heap Scan on sbtest3  (cost=230.59..36668.89 rows=10747 width=4)
	        Recheck Cond: ((id >= 8627688) AND (id <= 8637687))
	        ->  Bitmap Index Scan on sbtest3_pkey  (cost=0.00..227.91 rows=10747 width=0)
	              Index Cond: ((id >= 8627688) AND (id <= 8637687))

table 4 : explain SELECT SUM(k) FROM sbtest4 WHERE id BETWEEN 4654871 AND 4664870
	Aggregate  (cost=36007.56..36007.57 rows=1 width=8)
	  ->  Bitmap Heap Scan on sbtest4  (cost=224.21..35981.28 rows=10515 width=4)
	        Recheck Cond: ((id >= 4654871) AND (id <= 4664870))
	        ->  Bitmap Index Scan on sbtest4_pkey  (cost=0.00..221.59 rows=10515 width=0)
	              Index Cond: ((id >= 4654871) AND (id <= 4664870))

table 5 : explain SELECT SUM(k) FROM sbtest5 WHERE id BETWEEN 9672358 AND 9682357
	Aggregate  (cost=33889.73..33889.74 rows=1 width=8)
	  ->  Bitmap Heap Scan on sbtest5  (cost=213.21..33865.15 rows=9832 width=4)
	        Recheck Cond: ((id >= 9672358) AND (id <= 9682357))
	        ->  Bitmap Index Scan on sbtest5_pkey  (cost=0.00..210.75 rows=9832 width=0)
	              Index Cond: ((id >= 9672358) AND (id <= 9682357))

table 6 : explain SELECT SUM(k) FROM sbtest6 WHERE id BETWEEN 8596291 AND 8606290
	Aggregate  (cost=34049.57..34049.58 rows=1 width=8)
	  ->  Bitmap Heap Scan on sbtest6  (cost=213.65..34024.88 rows=9875 width=4)
	        Recheck Cond: ((id >= 8596291) AND (id <= 8606290))
	        ->  Bitmap Index Scan on sbtest6_pkey  (cost=0.00..211.19 rows=9875 width=0)
	              Index Cond: ((id >= 8596291) AND (id <= 8606290))

table 7 : explain SELECT SUM(k) FROM sbtest7 WHERE id BETWEEN 5427746 AND 5437745
	Aggregate  (cost=34412.25..34412.26 rows=1 width=8)
	  ->  Bitmap Heap Scan on sbtest7  (cost=214.85..34387.27 rows=9992 width=4)
	        Recheck Cond: ((id >= 5427746) AND (id <= 5437745))
	        ->  Bitmap Index Scan on sbtest7_pkey  (cost=0.00..212.36 rows=9992 width=0)
	              Index Cond: ((id >= 5427746) AND (id <= 5437745))

table 8 : explain SELECT SUM(k) FROM sbtest8 WHERE id BETWEEN 8344490 AND 8354489
	Aggregate  (cost=35311.00..35311.01 rows=1 width=8)
	  ->  Bitmap Heap Scan on sbtest8  (cost=221.79..35285.30 rows=10279 width=4)
	        Recheck Cond: ((id >= 8344490) AND (id <= 8354489))
	        ->  Bitmap Index Scan on sbtest8_pkey  (cost=0.00..219.23 rows=10279 width=0)
	              Index Cond: ((id >= 8344490) AND (id <= 8354489))

for: sum_ranges
table 1 : explain SELECT SUM(k) FROM sbtest1 WHERE id BETWEEN 900076 AND 910075
	Aggregate  (cost=33388.67..33388.68 rows=1 width=8)
	  ->  Bitmap Heap Scan on sbtest1  (cost=207.82..33364.43 rows=9696 width=4)
	        Recheck Cond: ((id >= 900076) AND (id <= 910075))
	        ->  Bitmap Index Scan on sbtest1_pkey  (cost=0.00..205.40 rows=9696 width=0)
	              Index Cond: ((id >= 900076) AND (id <= 910075))

table 2 : explain SELECT SUM(k) FROM sbtest2 WHERE id BETWEEN 134489 AND 144488
	Aggregate  (cost=33386.41..33386.42 rows=1 width=8)
	  ->  Bitmap Heap Scan on sbtest2  (cost=207.70..33362.20 rows=9684 width=4)
	        Recheck Cond: ((id >= 134489) AND (id <= 144488))
	        ->  Bitmap Index Scan on sbtest2_pkey  (cost=0.00..205.28 rows=9684 width=0)
	              Index Cond: ((id >= 134489) AND (id <= 144488))

table 3 : explain SELECT SUM(k) FROM sbtest3 WHERE id BETWEEN 3950082 AND 3960081
	Aggregate  (cost=35623.29..35623.30 rows=1 width=8)
	  ->  Bitmap Heap Scan on sbtest3  (cost=223.03..35597.29 rows=10400 width=4)
	        Recheck Cond: ((id >= 3950082) AND (id <= 3960081))
	        ->  Bitmap Index Scan on sbtest3_pkey  (cost=0.00..220.44 rows=10400 width=0)
	              Index Cond: ((id >= 3950082) AND (id <= 3960081))

table 4 : explain SELECT SUM(k) FROM sbtest4 WHERE id BETWEEN 8677900 AND 8687899
	Aggregate  (cost=33772.05..33772.06 rows=1 width=8)
	  ->  Bitmap Heap Scan on sbtest4  (cost=208.85..33747.56 rows=9797 width=4)
	        Recheck Cond: ((id >= 8677900) AND (id <= 8687899))
	        ->  Bitmap Index Scan on sbtest4_pkey  (cost=0.00..206.41 rows=9797 width=0)
	              Index Cond: ((id >= 8677900) AND (id <= 8687899))

table 5 : explain SELECT SUM(k) FROM sbtest5 WHERE id BETWEEN 9326631 AND 9336630
	Aggregate  (cost=34636.40..34636.41 rows=1 width=8)
	  ->  Bitmap Heap Scan on sbtest5  (cost=215.67..34611.22 rows=10072 width=4)
	        Recheck Cond: ((id >= 9326631) AND (id <= 9336630))
	        ->  Bitmap Index Scan on sbtest5_pkey  (cost=0.00..213.16 rows=10072 width=0)
	              Index Cond: ((id >= 9326631) AND (id <= 9336630))

table 6 : explain SELECT SUM(k) FROM sbtest6 WHERE id BETWEEN 3116740 AND 3126739
	Aggregate  (cost=33985.06..33985.07 rows=1 width=8)
	  ->  Bitmap Heap Scan on sbtest6  (cost=213.44..33960.42 rows=9854 width=4)
	        Recheck Cond: ((id >= 3116740) AND (id <= 3126739))
	        ->  Bitmap Index Scan on sbtest6_pkey  (cost=0.00..210.98 rows=9854 width=0)
	              Index Cond: ((id >= 3116740) AND (id <= 3126739))

table 7 : explain SELECT SUM(k) FROM sbtest7 WHERE id BETWEEN 6575105 AND 6585104
	Aggregate  (cost=35723.34..35723.35 rows=1 width=8)
	  ->  Bitmap Heap Scan on sbtest7  (cost=223.17..35697.30 rows=10413 width=4)
	        Recheck Cond: ((id >= 6575105) AND (id <= 6585104))
	        ->  Bitmap Index Scan on sbtest7_pkey  (cost=0.00..220.56 rows=10413 width=0)
	              Index Cond: ((id >= 6575105) AND (id <= 6585104))

table 8 : explain SELECT SUM(k) FROM sbtest8 WHERE id BETWEEN 2165669 AND 2175668
	Aggregate  (cost=36666.28..36666.29 rows=1 width=8)
	  ->  Bitmap Heap Scan on sbtest8  (cost=234.26..36639.50 rows=10715 width=4)
	        Recheck Cond: ((id >= 2165669) AND (id <= 2175668))
	        ->  Bitmap Index Scan on sbtest8_pkey  (cost=0.00..231.59 rows=10715 width=0)
	              Index Cond: ((id >= 2165669) AND (id <= 2175668))

for: order_ranges
table 1 : explain SELECT c FROM sbtest1 WHERE id BETWEEN 5463305 AND 5473304 ORDER BY c
	Sort  (cost=34078.91..34103.21 rows=9719 width=121)
	  Sort Key: c
	  ->  Bitmap Heap Scan on sbtest1  (cost=208.05..33435.19 rows=9719 width=121)
	        Recheck Cond: ((id >= 5463305) AND (id <= 5473304))
	        ->  Bitmap Index Scan on sbtest1_pkey  (cost=0.00..205.62 rows=9719 width=0)
	              Index Cond: ((id >= 5463305) AND (id <= 5473304))

table 2 : explain SELECT c FROM sbtest2 WHERE id BETWEEN 2474060 AND 2484059 ORDER BY c
	Sort  (cost=33233.27..33256.89 rows=9445 width=121)
	  Sort Key: c
	  ->  Bitmap Heap Scan on sbtest2  (cost=201.25..32609.65 rows=9445 width=121)
	        Recheck Cond: ((id >= 2474060) AND (id <= 2484059))
	        ->  Bitmap Index Scan on sbtest2_pkey  (cost=0.00..198.88 rows=9445 width=0)
	              Index Cond: ((id >= 2474060) AND (id <= 2484059))

table 3 : explain SELECT c FROM sbtest3 WHERE id BETWEEN 7862768 AND 7872767 ORDER BY c
	Sort  (cost=34673.52..34698.25 rows=9892 width=121)
	  Sort Key: c
	  ->  Bitmap Heap Scan on sbtest3  (cost=213.83..34017.08 rows=9892 width=121)
	        Recheck Cond: ((id >= 7862768) AND (id <= 7872767))
	        ->  Bitmap Index Scan on sbtest3_pkey  (cost=0.00..211.36 rows=9892 width=0)
	              Index Cond: ((id >= 7862768) AND (id <= 7872767))

table 4 : explain SELECT c FROM sbtest4 WHERE id BETWEEN 9228361 AND 9238360 ORDER BY c
	Sort  (cost=32918.39..32941.73 rows=9337 width=121)
	  Sort Key: c
	  ->  Bitmap Heap Scan on sbtest4  (cost=200.14..32302.67 rows=9337 width=121)
	        Recheck Cond: ((id >= 9228361) AND (id <= 9238360))
	        ->  Bitmap Index Scan on sbtest4_pkey  (cost=0.00..197.81 rows=9337 width=0)
	              Index Cond: ((id >= 9228361) AND (id <= 9238360))

table 5 : explain SELECT c FROM sbtest5 WHERE id BETWEEN 348471 AND 358470 ORDER BY c
	Sort  (cost=34282.35..34306.75 rows=9760 width=121)
	  Sort Key: c
	  ->  Bitmap Heap Scan on sbtest5  (cost=208.48..33635.62 rows=9760 width=121)
	        Recheck Cond: ((id >= 348471) AND (id <= 358470))
	        ->  Bitmap Index Scan on sbtest5_pkey  (cost=0.00..206.04 rows=9760 width=0)
	              Index Cond: ((id >= 348471) AND (id <= 358470))

table 6 : explain SELECT c FROM sbtest6 WHERE id BETWEEN 4587941 AND 4597940 ORDER BY c
	Sort  (cost=36216.65..36242.55 rows=10357 width=121)
	  Sort Key: c
	  ->  Bitmap Heap Scan on sbtest6  (cost=222.59..35525.93 rows=10357 width=121)
	        Recheck Cond: ((id >= 4587941) AND (id <= 4597940))
	        ->  Bitmap Index Scan on sbtest6_pkey  (cost=0.00..220.00 rows=10357 width=0)
	              Index Cond: ((id >= 4587941) AND (id <= 4597940))

table 7 : explain SELECT c FROM sbtest7 WHERE id BETWEEN 6772420 AND 6782419 ORDER BY c
	Sort  (cost=33199.81..33223.35 rows=9415 width=121)
	  Sort Key: c
	  ->  Bitmap Heap Scan on sbtest7  (cost=204.94..32578.38 rows=9415 width=121)
	        Recheck Cond: ((id >= 6772420) AND (id <= 6782419))
	        ->  Bitmap Index Scan on sbtest7_pkey  (cost=0.00..202.59 rows=9415 width=0)
	              Index Cond: ((id >= 6772420) AND (id <= 6782419))

table 8 : explain SELECT c FROM sbtest8 WHERE id BETWEEN 2696233 AND 2706232 ORDER BY c
	Sort  (cost=33293.74..33317.35 rows=9444 width=121)
	  Sort Key: c
	  ->  Bitmap Heap Scan on sbtest8  (cost=205.24..32670.19 rows=9444 width=121)
	        Recheck Cond: ((id >= 2696233) AND (id <= 2706232))
	        ->  Bitmap Index Scan on sbtest8_pkey  (cost=0.00..202.88 rows=9444 width=0)
	              Index Cond: ((id >= 2696233) AND (id <= 2706232))

for: simple_ranges
table 1 : explain SELECT c FROM sbtest1 WHERE id BETWEEN 5124943 AND 5134942
	Bitmap Heap Scan on sbtest1  (cost=221.75..35163.94 rows=10275 width=121)
	  Recheck Cond: ((id >= 5124943) AND (id <= 5134942))
	  ->  Bitmap Index Scan on sbtest1_pkey  (cost=0.00..219.19 rows=10275 width=0)
	        Index Cond: ((id >= 5124943) AND (id <= 5134942))

table 2 : explain SELECT c FROM sbtest2 WHERE id BETWEEN 5480220 AND 5490219
	Bitmap Heap Scan on sbtest2  (cost=221.20..35036.63 rows=10221 width=121)
	  Recheck Cond: ((id >= 5480220) AND (id <= 5490219))
	  ->  Bitmap Index Scan on sbtest2_pkey  (cost=0.00..218.65 rows=10221 width=0)
	        Index Cond: ((id >= 5480220) AND (id <= 5490219))

table 3 : explain SELECT c FROM sbtest3 WHERE id BETWEEN 1129849 AND 1139848
	Bitmap Heap Scan on sbtest3  (cost=230.92..36764.30 rows=10779 width=121)
	  Recheck Cond: ((id >= 1129849) AND (id <= 1139848))
	  ->  Bitmap Index Scan on sbtest3_pkey  (cost=0.00..228.23 rows=10779 width=0)
	        Index Cond: ((id >= 1129849) AND (id <= 1139848))

table 4 : explain SELECT c FROM sbtest4 WHERE id BETWEEN 3835100 AND 3845099
	Bitmap Heap Scan on sbtest4  (cost=206.64..33073.38 rows=9581 width=121)
	  Recheck Cond: ((id >= 3835100) AND (id <= 3845099))
	  ->  Bitmap Index Scan on sbtest4_pkey  (cost=0.00..204.25 rows=9581 width=0)
	        Index Cond: ((id >= 3835100) AND (id <= 3845099))

table 5 : explain SELECT c FROM sbtest5 WHERE id BETWEEN 2520754 AND 2530753
	Bitmap Heap Scan on sbtest5  (cost=220.68..34920.07 rows=10170 width=121)
	  Recheck Cond: ((id >= 2520754) AND (id <= 2530753))
	  ->  Bitmap Index Scan on sbtest5_pkey  (cost=0.00..218.13 rows=10170 width=0)
	        Index Cond: ((id >= 2520754) AND (id <= 2530753))

table 6 : explain SELECT c FROM sbtest6 WHERE id BETWEEN 7344614 AND 7354613
	Bitmap Heap Scan on sbtest6  (cost=221.13..35083.51 rows=10214 width=121)
	  Recheck Cond: ((id >= 7344614) AND (id <= 7354613))
	  ->  Bitmap Index Scan on sbtest6_pkey  (cost=0.00..218.57 rows=10214 width=0)
	        Index Cond: ((id >= 7344614) AND (id <= 7354613))

table 7 : explain SELECT c FROM sbtest7 WHERE id BETWEEN 1279718 AND 1289717
	Bitmap Heap Scan on sbtest7  (cost=200.40..32409.05 rows=9362 width=121)
	  Recheck Cond: ((id >= 1279718) AND (id <= 1289717))
	  ->  Bitmap Index Scan on sbtest7_pkey  (cost=0.00..198.06 rows=9362 width=0)
	        Index Cond: ((id >= 1279718) AND (id <= 1289717))

table 8 : explain SELECT c FROM sbtest8 WHERE id BETWEEN 3809575 AND 3819574
	Bitmap Heap Scan on sbtest8  (cost=234.75..36786.14 rows=10762 width=121)
	  Recheck Cond: ((id >= 3809575) AND (id <= 3819574))
	  ->  Bitmap Index Scan on sbtest8_pkey  (cost=0.00..232.06 rows=10762 width=0)
	        Index Cond: ((id >= 3809575) AND (id <= 3819574))

for: distinct_ranges
table 1 : explain SELECT DISTINCT c FROM sbtest1 WHERE id BETWEEN 4586726 AND 4596725 ORDER BY c
	Unique  (cost=34164.49..34213.22 rows=9746 width=121)
	  ->  Sort  (cost=34164.49..34188.86 rows=9746 width=121)
	        Sort Key: c
	        ->  Bitmap Heap Scan on sbtest1  (cost=208.33..33518.79 rows=9746 width=121)
	              Recheck Cond: ((id >= 4586726) AND (id <= 4596725))
	              ->  Bitmap Index Scan on sbtest1_pkey  (cost=0.00..205.90 rows=9746 width=0)
	                    Index Cond: ((id >= 4586726) AND (id <= 4596725))

table 2 : explain SELECT DISTINCT c FROM sbtest2 WHERE id BETWEEN 2923419 AND 2933418 ORDER BY c
	Unique  (cost=33028.15..33075.06 rows=9381 width=121)
	  ->  Sort  (cost=33028.15..33051.61 rows=9381 width=121)
	        Sort Key: c
	        ->  Bitmap Heap Scan on sbtest2  (cost=200.59..32409.22 rows=9381 width=121)
	              Recheck Cond: ((id >= 2923419) AND (id <= 2933418))
	              ->  Bitmap Index Scan on sbtest2_pkey  (cost=0.00..198.25 rows=9381 width=0)
	                    Index Cond: ((id >= 2923419) AND (id <= 2933418))

table 3 : explain SELECT DISTINCT c FROM sbtest3 WHERE id BETWEEN 9151105 AND 9161104 ORDER BY c
	Unique  (cost=34472.05..34521.20 rows=9830 width=121)
	  ->  Sort  (cost=34472.05..34496.63 rows=9830 width=121)
	        Sort Key: c
	        ->  Bitmap Heap Scan on sbtest3  (cost=209.19..33820.18 rows=9830 width=121)
	              Recheck Cond: ((id >= 9151105) AND (id <= 9161104))
	              ->  Bitmap Index Scan on sbtest3_pkey  (cost=0.00..206.74 rows=9830 width=0)
	                    Index Cond: ((id >= 9151105) AND (id <= 9161104))

table 4 : explain SELECT DISTINCT c FROM sbtest4 WHERE id BETWEEN 7274338 AND 7284337 ORDER BY c
	Unique  (cost=32915.07..32961.75 rows=9336 width=121)
	  ->  Sort  (cost=32915.07..32938.41 rows=9336 width=121)
	        Sort Key: c
	        ->  Bitmap Heap Scan on sbtest4  (cost=200.13..32299.43 rows=9336 width=121)
	              Recheck Cond: ((id >= 7274338) AND (id <= 7284337))
	              ->  Bitmap Index Scan on sbtest4_pkey  (cost=0.00..197.80 rows=9336 width=0)
	                    Index Cond: ((id >= 7274338) AND (id <= 7284337))

table 5 : explain SELECT DISTINCT c FROM sbtest5 WHERE id BETWEEN 1473577 AND 1483576 ORDER BY c
	Unique  (cost=33955.53..34003.82 rows=9658 width=121)
	  ->  Sort  (cost=33955.53..33979.68 rows=9658 width=121)
	        Sort Key: c
	        ->  Bitmap Heap Scan on sbtest5  (cost=207.43..33316.29 rows=9658 width=121)
	              Recheck Cond: ((id >= 1473577) AND (id <= 1483576))
	              ->  Bitmap Index Scan on sbtest5_pkey  (cost=0.00..205.01 rows=9658 width=0)
	                    Index Cond: ((id >= 1473577) AND (id <= 1483576))

table 6 : explain SELECT DISTINCT c FROM sbtest6 WHERE id BETWEEN 8881218 AND 8891217 ORDER BY c
	Unique  (cost=34647.12..34696.44 rows=9865 width=121)
	  ->  Sort  (cost=34647.12..34671.78 rows=9865 width=121)
	        Sort Key: c
	        ->  Bitmap Heap Scan on sbtest6  (cost=213.55..33992.67 rows=9865 width=121)
	              Recheck Cond: ((id >= 8881218) AND (id <= 8891217))
	              ->  Bitmap Index Scan on sbtest6_pkey  (cost=0.00..211.09 rows=9865 width=0)
	                    Index Cond: ((id >= 8881218) AND (id <= 8891217))

table 7 : explain SELECT DISTINCT c FROM sbtest7 WHERE id BETWEEN 8189531 AND 8199530 ORDER BY c
	Unique  (cost=35416.41..35466.94 rows=10107 width=121)
	  ->  Sort  (cost=35416.41..35441.68 rows=10107 width=121)
	        Sort Key: c
	        ->  Bitmap Heap Scan on sbtest7  (cost=216.03..34744.14 rows=10107 width=121)
	              Recheck Cond: ((id >= 8189531) AND (id <= 8199530))
	              ->  Bitmap Index Scan on sbtest7_pkey  (cost=0.00..213.50 rows=10107 width=0)
	                    Index Cond: ((id >= 8189531) AND (id <= 8199530))

table 8 : explain SELECT DISTINCT c FROM sbtest8 WHERE id BETWEEN 2603742 AND 2613741 ORDER BY c
	Unique  (cost=34521.52..34570.65 rows=9826 width=121)
	  ->  Sort  (cost=34521.52..34546.08 rows=9826 width=121)
	        Sort Key: c
	        ->  Bitmap Heap Scan on sbtest8  (cost=213.15..33869.93 rows=9826 width=121)
	              Recheck Cond: ((id >= 2603742) AND (id <= 2613741))
	              ->  Bitmap Index Scan on sbtest8_pkey  (cost=0.00..210.69 rows=9826 width=0)
	                    Index Cond: ((id >= 2603742) AND (id <= 2613741))

for: distinct_ranges
table 1 : explain SELECT DISTINCT c FROM sbtest1 WHERE id BETWEEN 2436464 AND 2446463 ORDER BY c
	Unique  (cost=33578.13..33625.94 rows=9562 width=121)
	  ->  Sort  (cost=33578.13..33602.04 rows=9562 width=121)
	        Sort Key: c
	        ->  Bitmap Heap Scan on sbtest1  (cost=206.45..32945.94 rows=9562 width=121)
	              Recheck Cond: ((id >= 2436464) AND (id <= 2446463))
	              ->  Bitmap Index Scan on sbtest1_pkey  (cost=0.00..204.06 rows=9562 width=0)
	                    Index Cond: ((id >= 2436464) AND (id <= 2446463))

table 2 : explain SELECT DISTINCT c FROM sbtest2 WHERE id BETWEEN 5920601 AND 5930600 ORDER BY c
	Unique  (cost=33319.96..33367.31 rows=9471 width=121)
	  ->  Sort  (cost=33319.96..33343.64 rows=9471 width=121)
	        Sort Key: c
	        ->  Bitmap Heap Scan on sbtest2  (cost=205.51..32694.43 rows=9471 width=121)
	              Recheck Cond: ((id >= 5920601) AND (id <= 5930600))
	              ->  Bitmap Index Scan on sbtest2_pkey  (cost=0.00..203.15 rows=9471 width=0)
	                    Index Cond: ((id >= 5920601) AND (id <= 5930600))

table 3 : explain SELECT DISTINCT c FROM sbtest3 WHERE id BETWEEN 196524 AND 206523 ORDER BY c
	Unique  (cost=33459.37..33506.94 rows=9513 width=121)
	  ->  Sort  (cost=33459.37..33483.16 rows=9513 width=121)
	        Sort Key: c
	        ->  Bitmap Heap Scan on sbtest3  (cost=205.94..32830.77 rows=9513 width=121)
	              Recheck Cond: ((id >= 196524) AND (id <= 206523))
	              ->  Bitmap Index Scan on sbtest3_pkey  (cost=0.00..203.56 rows=9513 width=0)
	                    Index Cond: ((id >= 196524) AND (id <= 206523))

table 4 : explain SELECT DISTINCT c FROM sbtest4 WHERE id BETWEEN 2585949 AND 2595948 ORDER BY c
	Unique  (cost=33591.25..33638.98 rows=9545 width=121)
	  ->  Sort  (cost=33591.25..33615.12 rows=9545 width=121)
	        Sort Key: c
	        ->  Bitmap Heap Scan on sbtest4  (cost=206.27..32960.30 rows=9545 width=121)
	              Recheck Cond: ((id >= 2585949) AND (id <= 2595948))
	              ->  Bitmap Index Scan on sbtest4_pkey  (cost=0.00..203.88 rows=9545 width=0)
	                    Index Cond: ((id >= 2585949) AND (id <= 2595948))

table 5 : explain SELECT DISTINCT c FROM sbtest5 WHERE id BETWEEN 9360437 AND 9370436 ORDER BY c
	Unique  (cost=35280.91..35331.27 rows=10072 width=121)
	  ->  Sort  (cost=35280.91..35306.09 rows=10072 width=121)
	        Sort Key: c
	        ->  Bitmap Heap Scan on sbtest5  (cost=215.67..34611.22 rows=10072 width=121)
	              Recheck Cond: ((id >= 9360437) AND (id <= 9370436))
	              ->  Bitmap Index Scan on sbtest5_pkey  (cost=0.00..213.16 rows=10072 width=0)
	                    Index Cond: ((id >= 9360437) AND (id <= 9370436))

table 6 : explain SELECT DISTINCT c FROM sbtest6 WHERE id BETWEEN 7426221 AND 7436220 ORDER BY c
	Unique  (cost=35473.73..35524.35 rows=10124 width=121)
	  ->  Sort  (cost=35473.73..35499.04 rows=10124 width=121)
	        Sort Key: c
	        ->  Bitmap Heap Scan on sbtest6  (cost=216.21..34800.21 rows=10124 width=121)
	              Recheck Cond: ((id >= 7426221) AND (id <= 7436220))
	              ->  Bitmap Index Scan on sbtest6_pkey  (cost=0.00..213.68 rows=10124 width=0)
	                    Index Cond: ((id >= 7426221) AND (id <= 7436220))

table 7 : explain SELECT DISTINCT c FROM sbtest7 WHERE id BETWEEN 2887682 AND 2897681 ORDER BY c
	Unique  (cost=35304.48..35354.83 rows=10071 width=121)
	  ->  Sort  (cost=35304.48..35329.66 rows=10071 width=121)
	        Sort Key: c
	        ->  Bitmap Heap Scan on sbtest7  (cost=215.66..34634.86 rows=10071 width=121)
	              Recheck Cond: ((id >= 2887682) AND (id <= 2897681))
	              ->  Bitmap Index Scan on sbtest7_pkey  (cost=0.00..213.15 rows=10071 width=0)
	                    Index Cond: ((id >= 2887682) AND (id <= 2897681))

table 8 : explain SELECT DISTINCT c FROM sbtest8 WHERE id BETWEEN 8661116 AND 8671115 ORDER BY c
	Unique  (cost=35164.91..35215.04 rows=10026 width=121)
	  ->  Sort  (cost=35164.91..35189.97 rows=10026 width=121)
	        Sort Key: c
	        ->  Bitmap Heap Scan on sbtest8  (cost=219.20..34498.61 rows=10026 width=121)
	              Recheck Cond: ((id >= 8661116) AND (id <= 8671115))
	              ->  Bitmap Index Scan on sbtest8_pkey  (cost=0.00..216.69 rows=10026 width=0)
	                    Index Cond: ((id >= 8661116) AND (id <= 8671115))

for: distinct_ranges
table 1 : explain SELECT DISTINCT c FROM sbtest1 WHERE id BETWEEN 4503530 AND 4513529 ORDER BY c
	Unique  (cost=34615.65..34665.08 rows=9887 width=121)
	  ->  Sort  (cost=34615.65..34640.37 rows=9887 width=121)
	        Sort Key: c
	        ->  Bitmap Heap Scan on sbtest1  (cost=213.78..33959.58 rows=9887 width=121)
	              Recheck Cond: ((id >= 4503530) AND (id <= 4513529))
	              ->  Bitmap Index Scan on sbtest1_pkey  (cost=0.00..211.31 rows=9887 width=0)
	                    Index Cond: ((id >= 4503530) AND (id <= 4513529))

table 2 : explain SELECT DISTINCT c FROM sbtest2 WHERE id BETWEEN 8916767 AND 8926766 ORDER BY c
	Unique  (cost=35815.59..35866.85 rows=10252 width=121)
	  ->  Sort  (cost=35815.59..35841.22 rows=10252 width=121)
	        Sort Key: c
	        ->  Bitmap Heap Scan on sbtest2  (cost=221.52..35132.62 rows=10252 width=121)
	              Recheck Cond: ((id >= 8916767) AND (id <= 8926766))
	              ->  Bitmap Index Scan on sbtest2_pkey  (cost=0.00..218.95 rows=10252 width=0)
	                    Index Cond: ((id >= 8916767) AND (id <= 8926766))

table 3 : explain SELECT DISTINCT c FROM sbtest3 WHERE id BETWEEN 4861421 AND 4871420 ORDER BY c
	Unique  (cost=37153.95..37207.31 rows=10673 width=121)
	  ->  Sort  (cost=37153.95..37180.63 rows=10673 width=121)
	        Sort Key: c
	        ->  Bitmap Heap Scan on sbtest3  (cost=229.83..36439.84 rows=10673 width=121)
	              Recheck Cond: ((id >= 4861421) AND (id <= 4871420))
	              ->  Bitmap Index Scan on sbtest3_pkey  (cost=0.00..227.17 rows=10673 width=0)
	                    Index Cond: ((id >= 4861421) AND (id <= 4871420))

table 4 : explain SELECT DISTINCT c FROM sbtest4 WHERE id BETWEEN 7071445 AND 7081444 ORDER BY c
	Unique  (cost=34001.04..34049.40 rows=9673 width=121)
	  ->  Sort  (cost=34001.04..34025.22 rows=9673 width=121)
	        Sort Key: c
	        ->  Bitmap Heap Scan on sbtest4  (cost=207.58..33360.70 rows=9673 width=121)
	              Recheck Cond: ((id >= 7071445) AND (id <= 7081444))
	              ->  Bitmap Index Scan on sbtest4_pkey  (cost=0.00..205.17 rows=9673 width=0)
	                    Index Cond: ((id >= 7071445) AND (id <= 7081444))

table 5 : explain SELECT DISTINCT c FROM sbtest5 WHERE id BETWEEN 3386274 AND 3396273 ORDER BY c
	Unique  (cost=32181.61..32227.15 rows=9107 width=121)
	  ->  Sort  (cost=32181.61..32204.38 rows=9107 width=121)
	        Sort Key: c
	        ->  Bitmap Heap Scan on sbtest5  (cost=197.78..31582.70 rows=9107 width=121)
	              Recheck Cond: ((id >= 3386274) AND (id <= 3396273))
	              ->  Bitmap Index Scan on sbtest5_pkey  (cost=0.00..195.50 rows=9107 width=0)
	                    Index Cond: ((id >= 3386274) AND (id <= 3396273))

table 6 : explain SELECT DISTINCT c FROM sbtest6 WHERE id BETWEEN 3222677 AND 3232676 ORDER BY c
	Unique  (cost=32812.14..32858.61 rows=9295 width=121)
	  ->  Sort  (cost=32812.14..32835.37 rows=9295 width=121)
	        Sort Key: c
	        ->  Bitmap Heap Scan on sbtest6  (cost=199.71..32199.49 rows=9295 width=121)
	              Recheck Cond: ((id >= 3222677) AND (id <= 3232676))
	              ->  Bitmap Index Scan on sbtest6_pkey  (cost=0.00..197.38 rows=9295 width=0)
	                    Index Cond: ((id >= 3222677) AND (id <= 3232676))

table 7 : explain SELECT DISTINCT c FROM sbtest7 WHERE id BETWEEN 5631854 AND 5641853 ORDER BY c
	Unique  (cost=36929.76..36982.66 rows=10581 width=121)
	  ->  Sort  (cost=36929.76..36956.21 rows=10581 width=121)
	        Sort Key: c
	        ->  Bitmap Heap Scan on sbtest7  (cost=228.89..36222.46 rows=10581 width=121)
	              Recheck Cond: ((id >= 5631854) AND (id <= 5641853))
	              ->  Bitmap Index Scan on sbtest7_pkey  (cost=0.00..226.25 rows=10581 width=0)
	                    Index Cond: ((id >= 5631854) AND (id <= 5641853))

table 8 : explain SELECT DISTINCT c FROM sbtest8 WHERE id BETWEEN 9512009 AND 9522008 ORDER BY c
	Unique  (cost=35447.90..35498.47 rows=10115 width=121)
	  ->  Sort  (cost=35447.90..35473.19 rows=10115 width=121)
	        Sort Key: c
	        ->  Bitmap Heap Scan on sbtest8  (cost=220.11..34775.04 rows=10115 width=121)
	              Recheck Cond: ((id >= 9512009) AND (id <= 9522008))
	              ->  Bitmap Index Scan on sbtest8_pkey  (cost=0.00..217.59 rows=10115 width=0)
	                    Index Cond: ((id >= 9512009) AND (id <= 9522008))

for: order_ranges
table 1 : explain SELECT c FROM sbtest1 WHERE id BETWEEN 4106351 AND 4116350 ORDER BY c
	Sort  (cost=36547.34..36573.58 rows=10496 width=121)
	  Sort Key: c
	  ->  Bitmap Heap Scan on sbtest1  (cost=224.02..35846.33 rows=10496 width=121)
	        Recheck Cond: ((id >= 4106351) AND (id <= 4116350))
	        ->  Bitmap Index Scan on sbtest1_pkey  (cost=0.00..221.40 rows=10496 width=0)
	              Index Cond: ((id >= 4106351) AND (id <= 4116350))

table 2 : explain SELECT c FROM sbtest2 WHERE id BETWEEN 8294098 AND 8304097 ORDER BY c
	Sort  (cost=35441.22..35466.55 rows=10135 width=121)
	  Sort Key: c
	  ->  Bitmap Heap Scan on sbtest2  (cost=216.32..34766.88 rows=10135 width=121)
	        Recheck Cond: ((id >= 8294098) AND (id <= 8304097))
	        ->  Bitmap Index Scan on sbtest2_pkey  (cost=0.00..213.79 rows=10135 width=0)
	              Index Cond: ((id >= 8294098) AND (id <= 8304097))

table 3 : explain SELECT c FROM sbtest3 WHERE id BETWEEN 9630748 AND 9640747 ORDER BY c
	Sort  (cost=35990.19..36015.95 rows=10305 width=121)
	  Sort Key: c
	  ->  Bitmap Heap Scan on sbtest3  (cost=222.06..35303.31 rows=10305 width=121)
	        Recheck Cond: ((id >= 9630748) AND (id <= 9640747))
	        ->  Bitmap Index Scan on sbtest3_pkey  (cost=0.00..219.49 rows=10305 width=0)
	              Index Cond: ((id >= 9630748) AND (id <= 9640747))

table 4 : explain SELECT c FROM sbtest4 WHERE id BETWEEN 7484084 AND 7494083 ORDER BY c
	Sort  (cost=32586.63..32609.71 rows=9234 width=121)
	  Sort Key: c
	  ->  Bitmap Heap Scan on sbtest4  (cost=199.08..31978.44 rows=9234 width=121)
	        Recheck Cond: ((id >= 7484084) AND (id <= 7494083))
	        ->  Bitmap Index Scan on sbtest4_pkey  (cost=0.00..196.78 rows=9234 width=0)
	              Index Cond: ((id >= 7484084) AND (id <= 7494083))

table 5 : explain SELECT c FROM sbtest5 WHERE id BETWEEN 7614687 AND 7624686 ORDER BY c
	Sort  (cost=34166.86..34191.17 rows=9724 width=121)
	  Sort Key: c
	  ->  Bitmap Heap Scan on sbtest5  (cost=208.11..33522.77 rows=9724 width=121)
	        Recheck Cond: ((id >= 7614687) AND (id <= 7624686))
	        ->  Bitmap Index Scan on sbtest5_pkey  (cost=0.00..205.68 rows=9724 width=0)
	              Index Cond: ((id >= 7614687) AND (id <= 7624686))

table 6 : explain SELECT c FROM sbtest6 WHERE id BETWEEN 3638171 AND 3648170 ORDER BY c
	Sort  (cost=33267.39..33290.98 rows=9435 width=121)
	  Sort Key: c
	  ->  Bitmap Heap Scan on sbtest6  (cost=205.14..32644.50 rows=9435 width=121)
	        Recheck Cond: ((id >= 3638171) AND (id <= 3648170))
	        ->  Bitmap Index Scan on sbtest6_pkey  (cost=0.00..202.79 rows=9435 width=0)
	              Index Cond: ((id >= 3638171) AND (id <= 3648170))

table 7 : explain SELECT c FROM sbtest7 WHERE id BETWEEN 2951040 AND 2961039 ORDER BY c
	Sort  (cost=36441.27..36467.34 rows=10428 width=121)
	  Sort Key: c
	  ->  Bitmap Heap Scan on sbtest7  (cost=223.32..35745.29 rows=10428 width=121)
	        Recheck Cond: ((id >= 2951040) AND (id <= 2961039))
	        ->  Bitmap Index Scan on sbtest7_pkey  (cost=0.00..220.72 rows=10428 width=0)
	              Index Cond: ((id >= 2951040) AND (id <= 2961039))

table 8 : explain SELECT c FROM sbtest8 WHERE id BETWEEN 4743652 AND 4753651 ORDER BY c
	Sort  (cost=34039.27..34063.45 rows=9675 width=121)
	  Sort Key: c
	  ->  Bitmap Heap Scan on sbtest8  (cost=211.60..33398.78 rows=9675 width=121)
	        Recheck Cond: ((id >= 4743652) AND (id <= 4753651))
	        ->  Bitmap Index Scan on sbtest8_pkey  (cost=0.00..209.19 rows=9675 width=0)
	              Index Cond: ((id >= 4743652) AND (id <= 4753651))

for: sum_ranges
table 1 : explain SELECT SUM(k) FROM sbtest1 WHERE id BETWEEN 52386 AND 62385
	Aggregate  (cost=34840.24..34840.25 rows=1 width=8)
	  ->  Bitmap Heap Scan on sbtest1  (cost=216.61..34814.83 rows=10163 width=4)
	        Recheck Cond: ((id >= 52386) AND (id <= 62385))
	        ->  Bitmap Index Scan on sbtest1_pkey  (cost=0.00..214.06 rows=10163 width=0)
	              Index Cond: ((id >= 52386) AND (id <= 62385))

table 2 : explain SELECT SUM(k) FROM sbtest2 WHERE id BETWEEN 8516886 AND 8526885
	Aggregate  (cost=32536.22..32536.23 rows=1 width=8)
	  ->  Bitmap Heap Scan on sbtest2  (cost=200.93..32512.69 rows=9414 width=4)
	        Recheck Cond: ((id >= 8516886) AND (id <= 8526885))
	        ->  Bitmap Index Scan on sbtest2_pkey  (cost=0.00..198.57 rows=9414 width=0)
	              Index Cond: ((id >= 8516886) AND (id <= 8526885))

table 3 : explain SELECT SUM(k) FROM sbtest3 WHERE id BETWEEN 2439602 AND 2449601
	Aggregate  (cost=34780.48..34780.49 rows=1 width=8)
	  ->  Bitmap Heap Scan on sbtest3  (cost=216.26..34755.16 rows=10129 width=4)
	        Recheck Cond: ((id >= 2439602) AND (id <= 2449601))
	        ->  Bitmap Index Scan on sbtest3_pkey  (cost=0.00..213.73 rows=10129 width=0)
	              Index Cond: ((id >= 2439602) AND (id <= 2449601))

table 4 : explain SELECT SUM(k) FROM sbtest4 WHERE id BETWEEN 6098149 AND 6108148
	Aggregate  (cost=34529.32..34529.33 rows=1 width=8)
	  ->  Bitmap Heap Scan on sbtest4  (cost=215.33..34504.23 rows=10039 width=4)
	        Recheck Cond: ((id >= 6098149) AND (id <= 6108148))
	        ->  Bitmap Index Scan on sbtest4_pkey  (cost=0.00..212.82 rows=10039 width=0)
	              Index Cond: ((id >= 6098149) AND (id <= 6108148))

table 5 : explain SELECT SUM(k) FROM sbtest5 WHERE id BETWEEN 1018059 AND 1028058
	Aggregate  (cost=32816.57..32816.58 rows=1 width=8)
	  ->  Bitmap Heap Scan on sbtest5  (cost=205.71..32792.85 rows=9490 width=4)
	        Recheck Cond: ((id >= 1018059) AND (id <= 1028058))
	        ->  Bitmap Index Scan on sbtest5_pkey  (cost=0.00..203.34 rows=9490 width=0)
	              Index Cond: ((id >= 1018059) AND (id <= 1028058))

table 6 : explain SELECT SUM(k) FROM sbtest6 WHERE id BETWEEN 2504365 AND 2514364
	Aggregate  (cost=32755.62..32755.63 rows=1 width=8)
	  ->  Bitmap Heap Scan on sbtest6  (cost=205.43..32731.96 rows=9463 width=4)
	        Recheck Cond: ((id >= 2504365) AND (id <= 2514364))
	        ->  Bitmap Index Scan on sbtest6_pkey  (cost=0.00..203.06 rows=9463 width=0)
	              Index Cond: ((id >= 2504365) AND (id <= 2514364))

table 7 : explain SELECT SUM(k) FROM sbtest7 WHERE id BETWEEN 2464200 AND 2474199
	Aggregate  (cost=32699.20..32699.21 rows=1 width=8)
	  ->  Bitmap Heap Scan on sbtest7  (cost=205.26..32675.58 rows=9446 width=4)
	        Recheck Cond: ((id >= 2464200) AND (id <= 2474199))
	        ->  Bitmap Index Scan on sbtest7_pkey  (cost=0.00..202.90 rows=9446 width=0)
	              Index Cond: ((id >= 2464200) AND (id <= 2474199))

table 8 : explain SELECT SUM(k) FROM sbtest8 WHERE id BETWEEN 6623934 AND 6633933
	Aggregate  (cost=37036.26..37036.27 rows=1 width=8)
	  ->  Bitmap Heap Scan on sbtest8  (cost=235.49..37009.17 rows=10835 width=4)
	        Recheck Cond: ((id >= 6623934) AND (id <= 6633933))
	        ->  Bitmap Index Scan on sbtest8_pkey  (cost=0.00..232.79 rows=10835 width=0)
	              Index Cond: ((id >= 6623934) AND (id <= 6633933))

for point_selects
table 1 : explain SELECT c FROM sbtest1 WHERE id=7954903
	Index Scan using sbtest1_pkey on sbtest1  (cost=0.43..8.45 rows=1 width=121)
	  Index Cond: (id = 7954903)

table 2 : explain SELECT c FROM sbtest2 WHERE id=693217
	Index Scan using sbtest2_pkey on sbtest2  (cost=0.43..8.45 rows=1 width=121)
	  Index Cond: (id = 693217)

table 3 : explain SELECT c FROM sbtest3 WHERE id=8701295
	Index Scan using sbtest3_pkey on sbtest3  (cost=0.43..8.45 rows=1 width=121)
	  Index Cond: (id = 8701295)

table 4 : explain SELECT c FROM sbtest4 WHERE id=1613460
	Index Scan using sbtest4_pkey on sbtest4  (cost=0.43..8.45 rows=1 width=121)
	  Index Cond: (id = 1613460)

table 5 : explain SELECT c FROM sbtest5 WHERE id=2536500
	Index Scan using sbtest5_pkey on sbtest5  (cost=0.43..8.45 rows=1 width=121)
	  Index Cond: (id = 2536500)

table 6 : explain SELECT c FROM sbtest6 WHERE id=6343351
	Index Scan using sbtest6_pkey on sbtest6  (cost=0.43..8.45 rows=1 width=121)
	  Index Cond: (id = 6343351)

table 7 : explain SELECT c FROM sbtest7 WHERE id=8156213
	Index Scan using sbtest7_pkey on sbtest7  (cost=0.43..8.45 rows=1 width=121)
	  Index Cond: (id = 8156213)

table 8 : explain SELECT c FROM sbtest8 WHERE id=9790055
	Index Scan using sbtest8_pkey on sbtest8  (cost=0.43..8.45 rows=1 width=121)
	  Index Cond: (id = 9790055)

for point_selects
table 1 : explain SELECT c FROM sbtest1 WHERE id=9079255
	Index Scan using sbtest1_pkey on sbtest1  (cost=0.43..8.45 rows=1 width=121)
	  Index Cond: (id = 9079255)

table 2 : explain SELECT c FROM sbtest2 WHERE id=304573
	Index Scan using sbtest2_pkey on sbtest2  (cost=0.43..8.45 rows=1 width=121)
	  Index Cond: (id = 304573)

table 3 : explain SELECT c FROM sbtest3 WHERE id=4427766
	Index Scan using sbtest3_pkey on sbtest3  (cost=0.43..8.45 rows=1 width=121)
	  Index Cond: (id = 4427766)

table 4 : explain SELECT c FROM sbtest4 WHERE id=5966208
	Index Scan using sbtest4_pkey on sbtest4  (cost=0.43..8.45 rows=1 width=121)
	  Index Cond: (id = 5966208)

table 5 : explain SELECT c FROM sbtest5 WHERE id=4143839
	Index Scan using sbtest5_pkey on sbtest5  (cost=0.43..8.45 rows=1 width=121)
	  Index Cond: (id = 4143839)

table 6 : explain SELECT c FROM sbtest6 WHERE id=2470407
	Index Scan using sbtest6_pkey on sbtest6  (cost=0.43..8.45 rows=1 width=121)
	  Index Cond: (id = 2470407)

table 7 : explain SELECT c FROM sbtest7 WHERE id=2632797
	Index Scan using sbtest7_pkey on sbtest7  (cost=0.43..8.45 rows=1 width=121)
	  Index Cond: (id = 2632797)

table 8 : explain SELECT c FROM sbtest8 WHERE id=7199014
	Index Scan using sbtest8_pkey on sbtest8  (cost=0.43..8.45 rows=1 width=121)
	  Index Cond: (id = 7199014)

for: order_ranges
table 1 : explain SELECT c FROM sbtest1 WHERE id BETWEEN 8396094 AND 8406093 ORDER BY c
	Sort  (cost=33492.36..33516.20 rows=9535 width=121)
	  Sort Key: c
	  ->  Bitmap Heap Scan on sbtest1  (cost=206.17..32862.14 rows=9535 width=121)
	        Recheck Cond: ((id >= 8396094) AND (id <= 8406093))
	        ->  Bitmap Index Scan on sbtest1_pkey  (cost=0.00..203.79 rows=9535 width=0)
	              Index Cond: ((id >= 8396094) AND (id <= 8406093))

table 2 : explain SELECT c FROM sbtest2 WHERE id BETWEEN 1378817 AND 1388816 ORDER BY c
	Sort  (cost=35313.21..35338.44 rows=10094 width=121)
	  Sort Key: c
	  ->  Bitmap Heap Scan on sbtest2  (cost=215.90..34641.90 rows=10094 width=121)
	        Recheck Cond: ((id >= 1378817) AND (id <= 1388816))
	        ->  Bitmap Index Scan on sbtest2_pkey  (cost=0.00..213.38 rows=10094 width=0)
	              Index Cond: ((id >= 1378817) AND (id <= 1388816))

table 3 : explain SELECT c FROM sbtest3 WHERE id BETWEEN 3099927 AND 3109926 ORDER BY c
	Sort  (cost=36435.09..36461.20 rows=10446 width=121)
	  Sort Key: c
	  ->  Bitmap Heap Scan on sbtest3  (cost=223.51..35737.78 rows=10446 width=121)
	        Recheck Cond: ((id >= 3099927) AND (id <= 3109926))
	        ->  Bitmap Index Scan on sbtest3_pkey  (cost=0.00..220.90 rows=10446 width=0)
	              Index Cond: ((id >= 3099927) AND (id <= 3109926))

table 4 : explain SELECT c FROM sbtest4 WHERE id BETWEEN 1761635 AND 1771634 ORDER BY c
	Sort  (cost=31341.46..31363.59 rows=8850 width=121)
	  Sort Key: c
	  ->  Bitmap Heap Scan on sbtest4  (cost=191.15..30761.28 rows=8850 width=121)
	        Recheck Cond: ((id >= 1761635) AND (id <= 1771634))
	        ->  Bitmap Index Scan on sbtest4_pkey  (cost=0.00..188.94 rows=8850 width=0)
	              Index Cond: ((id >= 1761635) AND (id <= 1771634))

table 5 : explain SELECT c FROM sbtest5 WHERE id BETWEEN 3984138 AND 3994137 ORDER BY c
	Sort  (cost=34546.81..34571.41 rows=9841 width=121)
	  Sort Key: c
	  ->  Bitmap Heap Scan on sbtest5  (cost=213.31..33894.13 rows=9841 width=121)
	        Recheck Cond: ((id >= 3984138) AND (id <= 3994137))
	        ->  Bitmap Index Scan on sbtest5_pkey  (cost=0.00..210.84 rows=9841 width=0)
	              Index Cond: ((id >= 3984138) AND (id <= 3994137))

table 6 : explain SELECT c FROM sbtest6 WHERE id BETWEEN 4070422 AND 4080421 ORDER BY c
	Sort  (cost=37094.86..37121.44 rows=10633 width=121)
	  Sort Key: c
	  ->  Bitmap Heap Scan on sbtest6  (cost=229.42..36383.71 rows=10633 width=121)
	        Recheck Cond: ((id >= 4070422) AND (id <= 4080421))
	        ->  Bitmap Index Scan on sbtest6_pkey  (cost=0.00..226.76 rows=10633 width=0)
	              Index Cond: ((id >= 4070422) AND (id <= 4080421))

table 7 : explain SELECT c FROM sbtest7 WHERE id BETWEEN 6721731 AND 6731730 ORDER BY c
	Sort  (cost=33199.81..33223.35 rows=9415 width=121)
	  Sort Key: c
	  ->  Bitmap Heap Scan on sbtest7  (cost=204.94..32578.38 rows=9415 width=121)
	        Recheck Cond: ((id >= 6721731) AND (id <= 6731730))
	        ->  Bitmap Index Scan on sbtest7_pkey  (cost=0.00..202.59 rows=9415 width=0)
	              Index Cond: ((id >= 6721731) AND (id <= 6731730))

table 8 : explain SELECT c FROM sbtest8 WHERE id BETWEEN 5062272 AND 5072271 ORDER BY c
	Sort  (cost=35122.15..35147.18 rows=10013 width=121)
	  Sort Key: c
	  ->  Bitmap Heap Scan on sbtest8  (cost=219.07..34456.81 rows=10013 width=121)
	        Recheck Cond: ((id >= 5062272) AND (id <= 5072271))
	        ->  Bitmap Index Scan on sbtest8_pkey  (cost=0.00..216.56 rows=10013 width=0)
	              Index Cond: ((id >= 5062272) AND (id <= 5072271))

for: order_ranges
table 1 : explain SELECT c FROM sbtest1 WHERE id BETWEEN 2050543 AND 2060542 ORDER BY c
	Sort  (cost=34342.13..34366.64 rows=9802 width=121)
	  Sort Key: c
	  ->  Bitmap Heap Scan on sbtest1  (cost=208.91..33692.32 rows=9802 width=121)
	        Recheck Cond: ((id >= 2050543) AND (id <= 2060542))
	        ->  Bitmap Index Scan on sbtest1_pkey  (cost=0.00..206.45 rows=9802 width=0)
	              Index Cond: ((id >= 2050543) AND (id <= 2060542))

table 2 : explain SELECT c FROM sbtest2 WHERE id BETWEEN 7720550 AND 7730549 ORDER BY c
	Sort  (cost=35172.12..35197.24 rows=10050 width=121)
	  Sort Key: c
	  ->  Bitmap Heap Scan on sbtest2  (cost=215.45..34504.05 rows=10050 width=121)
	        Recheck Cond: ((id >= 7720550) AND (id <= 7730549))
	        ->  Bitmap Index Scan on sbtest2_pkey  (cost=0.00..212.94 rows=10050 width=0)
	              Index Cond: ((id >= 7720550) AND (id <= 7730549))

table 3 : explain SELECT c FROM sbtest3 WHERE id BETWEEN 6460659 AND 6470658 ORDER BY c
	Sort  (cost=34241.42..34265.81 rows=9757 width=121)
	  Sort Key: c
	  ->  Bitmap Heap Scan on sbtest3  (cost=208.44..33594.91 rows=9757 width=121)
	        Recheck Cond: ((id >= 6460659) AND (id <= 6470658))
	        ->  Bitmap Index Scan on sbtest3_pkey  (cost=0.00..206.00 rows=9757 width=0)
	              Index Cond: ((id >= 6460659) AND (id <= 6470658))

table 4 : explain SELECT c FROM sbtest4 WHERE id BETWEEN 2768926 AND 2778925 ORDER BY c
	Sort  (cost=35595.24..35620.67 rows=10172 width=121)
	  Sort Key: c
	  ->  Bitmap Heap Scan on sbtest4  (cost=216.70..34918.18 rows=10172 width=121)
	        Recheck Cond: ((id >= 2768926) AND (id <= 2778925))
	        ->  Bitmap Index Scan on sbtest4_pkey  (cost=0.00..214.16 rows=10172 width=0)
	              Index Cond: ((id >= 2768926) AND (id <= 2778925))

table 5 : explain SELECT c FROM sbtest5 WHERE id BETWEEN 947597 AND 957596 ORDER BY c
	Sort  (cost=35580.59..35606.00 rows=10165 width=121)
	  Sort Key: c
	  ->  Bitmap Heap Scan on sbtest5  (cost=220.63..34904.04 rows=10165 width=121)
	        Recheck Cond: ((id >= 947597) AND (id <= 957596))
	        ->  Bitmap Index Scan on sbtest5_pkey  (cost=0.00..218.09 rows=10165 width=0)
	              Index Cond: ((id >= 947597) AND (id <= 957596))

table 6 : explain SELECT c FROM sbtest6 WHERE id BETWEEN 195858 AND 205857 ORDER BY c
	Sort  (cost=31205.94..31227.94 rows=8800 width=121)
	  Sort Key: c
	  ->  Bitmap Heap Scan on sbtest6  (cost=190.63..30629.40 rows=8800 width=121)
	        Recheck Cond: ((id >= 195858) AND (id <= 205857))
	        ->  Bitmap Index Scan on sbtest6_pkey  (cost=0.00..188.44 rows=8800 width=0)
	              Index Cond: ((id >= 195858) AND (id <= 205857))

table 7 : explain SELECT c FROM sbtest7 WHERE id BETWEEN 5183486 AND 5193485 ORDER BY c
	Sort  (cost=34517.06..34541.63 rows=9825 width=121)
	  Sort Key: c
	  ->  Bitmap Heap Scan on sbtest7  (cost=213.14..33865.56 rows=9825 width=121)
	        Recheck Cond: ((id >= 5183486) AND (id <= 5193485))
	        ->  Bitmap Index Scan on sbtest7_pkey  (cost=0.00..210.69 rows=9825 width=0)
	              Index Cond: ((id >= 5183486) AND (id <= 5193485))

table 8 : explain SELECT c FROM sbtest8 WHERE id BETWEEN 483715 AND 493714 ORDER BY c
	Sort  (cost=31980.42..32003.02 rows=9038 width=121)
	  Sort Key: c
	  ->  Bitmap Heap Scan on sbtest8  (cost=197.07..31386.54 rows=9038 width=121)
	        Recheck Cond: ((id >= 483715) AND (id <= 493714))
	        ->  Bitmap Index Scan on sbtest8_pkey  (cost=0.00..194.81 rows=9038 width=0)
	              Index Cond: ((id >= 483715) AND (id <= 493714))

for: simple_ranges
table 1 : explain SELECT c FROM sbtest1 WHERE id BETWEEN 174349 AND 184348
	Bitmap Heap Scan on sbtest1  (cost=200.13..32235.28 rows=9336 width=121)
	  Recheck Cond: ((id >= 174349) AND (id <= 184348))
	  ->  Bitmap Index Scan on sbtest1_pkey  (cost=0.00..197.80 rows=9336 width=0)
	        Index Cond: ((id >= 174349) AND (id <= 184348))

table 2 : explain SELECT c FROM sbtest2 WHERE id BETWEEN 8769758 AND 8779757
	Bitmap Heap Scan on sbtest2  (cost=237.97..37677.25 rows=11077 width=121)
	  Recheck Cond: ((id >= 8769758) AND (id <= 8779757))
	  ->  Bitmap Index Scan on sbtest2_pkey  (cost=0.00..235.20 rows=11077 width=0)
	        Index Cond: ((id >= 8769758) AND (id <= 8779757))

table 3 : explain SELECT c FROM sbtest3 WHERE id BETWEEN 6905677 AND 6915676
	Bitmap Heap Scan on sbtest3  (cost=208.39..33578.82 rows=9752 width=121)
	  Recheck Cond: ((id >= 6905677) AND (id <= 6915676))
	  ->  Bitmap Index Scan on sbtest3_pkey  (cost=0.00..205.95 rows=9752 width=0)
	        Index Cond: ((id >= 6905677) AND (id <= 6915676))

table 4 : explain SELECT c FROM sbtest4 WHERE id BETWEEN 1527051 AND 1537050
	Bitmap Heap Scan on sbtest4  (cost=222.17..35367.48 rows=10316 width=121)
	  Recheck Cond: ((id >= 1527051) AND (id <= 1537050))
	  ->  Bitmap Index Scan on sbtest4_pkey  (cost=0.00..219.59 rows=10316 width=0)
	        Index Cond: ((id >= 1527051) AND (id <= 1537050))

table 5 : explain SELECT c FROM sbtest5 WHERE id BETWEEN 2689733 AND 2699732
	Bitmap Heap Scan on sbtest5  (cost=239.25..38102.39 rows=11201 width=121)
	  Recheck Cond: ((id >= 2689733) AND (id <= 2699732))
	  ->  Bitmap Index Scan on sbtest5_pkey  (cost=0.00..236.44 rows=11201 width=0)
	        Index Cond: ((id >= 2689733) AND (id <= 2699732))

table 6 : explain SELECT c FROM sbtest6 WHERE id BETWEEN 6720977 AND 6730976
	Bitmap Heap Scan on sbtest6  (cost=231.39..36973.63 rows=10825 width=121)
	  Recheck Cond: ((id >= 6720977) AND (id <= 6730976))
	  ->  Bitmap Index Scan on sbtest6_pkey  (cost=0.00..228.69 rows=10825 width=0)
	        Index Cond: ((id >= 6720977) AND (id <= 6730976))

table 7 : explain SELECT c FROM sbtest7 WHERE id BETWEEN 554570 AND 564569
	Bitmap Heap Scan on sbtest7  (cost=213.93..34107.22 rows=9902 width=121)
	  Recheck Cond: ((id >= 554570) AND (id <= 564569))
	  ->  Bitmap Index Scan on sbtest7_pkey  (cost=0.00..211.45 rows=9902 width=0)
	        Index Cond: ((id >= 554570) AND (id <= 564569))

table 8 : explain SELECT c FROM sbtest8 WHERE id BETWEEN 9684874 AND 9694873
	Bitmap Heap Scan on sbtest8  (cost=205.17..32650.76 rows=9438 width=121)
	  Recheck Cond: ((id >= 9684874) AND (id <= 9694873))
	  ->  Bitmap Index Scan on sbtest8_pkey  (cost=0.00..202.81 rows=9438 width=0)
	        Index Cond: ((id >= 9684874) AND (id <= 9694873))

for: distinct_ranges
table 1 : explain SELECT DISTINCT c FROM sbtest1 WHERE id BETWEEN 6857105 AND 6867104 ORDER BY c
	Unique  (cost=35546.83..35597.73 rows=10180 width=121)
	  ->  Sort  (cost=35546.83..35572.28 rows=10180 width=121)
	        Sort Key: c
	        ->  Bitmap Heap Scan on sbtest1  (cost=216.78..34869.17 rows=10180 width=121)
	              Recheck Cond: ((id >= 6857105) AND (id <= 6867104))
	              ->  Bitmap Index Scan on sbtest1_pkey  (cost=0.00..214.24 rows=10180 width=0)
	                    Index Cond: ((id >= 6857105) AND (id <= 6867104))

table 2 : explain SELECT DISTINCT c FROM sbtest2 WHERE id BETWEEN 2944914 AND 2954913 ORDER BY c
	Unique  (cost=33028.15..33075.06 rows=9381 width=121)
	  ->  Sort  (cost=33028.15..33051.61 rows=9381 width=121)
	        Sort Key: c
	        ->  Bitmap Heap Scan on sbtest2  (cost=200.59..32409.22 rows=9381 width=121)
	              Recheck Cond: ((id >= 2944914) AND (id <= 2954913))
	              ->  Bitmap Index Scan on sbtest2_pkey  (cost=0.00..198.25 rows=9381 width=0)
	                    Index Cond: ((id >= 2944914) AND (id <= 2954913))

table 3 : explain SELECT DISTINCT c FROM sbtest3 WHERE id BETWEEN 890697 AND 900696 ORDER BY c
	Unique  (cost=31224.30..31268.40 rows=8821 width=121)
	  ->  Sort  (cost=31224.30..31246.35 rows=8821 width=121)
	        Sort Key: c
	        ->  Bitmap Heap Scan on sbtest3  (cost=190.85..30646.22 rows=8821 width=121)
	              Recheck Cond: ((id >= 890697) AND (id <= 900696))
	              ->  Bitmap Index Scan on sbtest3_pkey  (cost=0.00..188.65 rows=8821 width=0)
	                    Index Cond: ((id >= 890697) AND (id <= 900696))

table 4 : explain SELECT DISTINCT c FROM sbtest4 WHERE id BETWEEN 9303514 AND 9313513 ORDER BY c
	Unique  (cost=34017.53..34065.92 rows=9678 width=121)
	  ->  Sort  (cost=34017.53..34041.72 rows=9678 width=121)
	        Sort Key: c
	        ->  Bitmap Heap Scan on sbtest4  (cost=207.63..33376.82 rows=9678 width=121)
	              Recheck Cond: ((id >= 9303514) AND (id <= 9313513))
	              ->  Bitmap Index Scan on sbtest4_pkey  (cost=0.00..205.22 rows=9678 width=0)
	                    Index Cond: ((id >= 9303514) AND (id <= 9313513))

table 5 : explain SELECT DISTINCT c FROM sbtest5 WHERE id BETWEEN 1143505 AND 1153504 ORDER BY c
	Unique  (cost=30535.62..30578.63 rows=8601 width=121)
	  ->  Sort  (cost=30535.62..30557.12 rows=8601 width=121)
	        Sort Key: c
	        ->  Bitmap Heap Scan on sbtest5  (cost=184.60..29973.53 rows=8601 width=121)
	              Recheck Cond: ((id >= 1143505) AND (id <= 1153504))
	              ->  Bitmap Index Scan on sbtest5_pkey  (cost=0.00..182.44 rows=8601 width=0)
	                    Index Cond: ((id >= 1143505) AND (id <= 1153504))

table 6 : explain SELECT DISTINCT c FROM sbtest6 WHERE id BETWEEN 381544 AND 391543 ORDER BY c
	Unique  (cost=32722.44..32768.77 rows=9267 width=121)
	  ->  Sort  (cost=32722.44..32745.61 rows=9267 width=121)
	        Sort Key: c
	        ->  Bitmap Heap Scan on sbtest6  (cost=199.42..32111.84 rows=9267 width=121)
	              Recheck Cond: ((id >= 381544) AND (id <= 391543))
	              ->  Bitmap Index Scan on sbtest6_pkey  (cost=0.00..197.11 rows=9267 width=0)
	                    Index Cond: ((id >= 381544) AND (id <= 391543))

table 7 : explain SELECT DISTINCT c FROM sbtest7 WHERE id BETWEEN 9870831 AND 9880830 ORDER BY c
	Unique  (cost=35406.55..35457.07 rows=10104 width=121)
	  ->  Sort  (cost=35406.55..35431.81 rows=10104 width=121)
	        Sort Key: c
	        ->  Bitmap Heap Scan on sbtest7  (cost=216.00..34734.50 rows=10104 width=121)
	              Recheck Cond: ((id >= 9870831) AND (id <= 9880830))
	              ->  Bitmap Index Scan on sbtest7_pkey  (cost=0.00..213.48 rows=10104 width=0)
	                    Index Cond: ((id >= 9870831) AND (id <= 9880830))

table 8 : explain SELECT DISTINCT c FROM sbtest8 WHERE id BETWEEN 7235543 AND 7245542 ORDER BY c
	Unique  (cost=33853.36..33901.45 rows=9618 width=121)
	  ->  Sort  (cost=33853.36..33877.40 rows=9618 width=121)
	        Sort Key: c
	        ->  Bitmap Heap Scan on sbtest8  (cost=207.02..33217.06 rows=9618 width=121)
	              Recheck Cond: ((id >= 7235543) AND (id <= 7245542))
	              ->  Bitmap Index Scan on sbtest8_pkey  (cost=0.00..204.62 rows=9618 width=0)
	                    Index Cond: ((id >= 7235543) AND (id <= 7245542))

for: simple_ranges
table 1 : explain SELECT c FROM sbtest1 WHERE id BETWEEN 8205750 AND 8215749
	Bitmap Heap Scan on sbtest1  (cost=229.59..36321.17 rows=10649 width=121)
	  Recheck Cond: ((id >= 8205750) AND (id <= 8215749))
	  ->  Bitmap Index Scan on sbtest1_pkey  (cost=0.00..226.93 rows=10649 width=0)
	        Index Cond: ((id >= 8205750) AND (id <= 8215749))

table 2 : explain SELECT c FROM sbtest2 WHERE id BETWEEN 1532747 AND 1542746
	Bitmap Heap Scan on sbtest2  (cost=216.50..34824.52 rows=10153 width=121)
	  Recheck Cond: ((id >= 1532747) AND (id <= 1542746))
	  ->  Bitmap Index Scan on sbtest2_pkey  (cost=0.00..213.97 rows=10153 width=0)
	        Index Cond: ((id >= 1532747) AND (id <= 1542746))

table 3 : explain SELECT c FROM sbtest3 WHERE id BETWEEN 4914571 AND 4924570
	Bitmap Heap Scan on sbtest3  (cost=237.32..37485.72 rows=11013 width=121)
	  Recheck Cond: ((id >= 4914571) AND (id <= 4924570))
	  ->  Bitmap Index Scan on sbtest3_pkey  (cost=0.00..234.56 rows=11013 width=0)
	        Index Cond: ((id >= 4914571) AND (id <= 4924570))

table 4 : explain SELECT c FROM sbtest4 WHERE id BETWEEN 5600733 AND 5610732
	Bitmap Heap Scan on sbtest4  (cost=199.99..32257.29 rows=9322 width=121)
	  Recheck Cond: ((id >= 5600733) AND (id <= 5610732))
	  ->  Bitmap Index Scan on sbtest4_pkey  (cost=0.00..197.66 rows=9322 width=0)
	        Index Cond: ((id >= 5600733) AND (id <= 5610732))

table 5 : explain SELECT c FROM sbtest5 WHERE id BETWEEN 8375078 AND 8385077
	Bitmap Heap Scan on sbtest5  (cost=223.58..35797.28 rows=10453 width=121)
	  Recheck Cond: ((id >= 8375078) AND (id <= 8385077))
	  ->  Bitmap Index Scan on sbtest5_pkey  (cost=0.00..220.97 rows=10453 width=0)
	        Index Cond: ((id >= 8375078) AND (id <= 8385077))

table 6 : explain SELECT c FROM sbtest6 WHERE id BETWEEN 5978060 AND 5988059
	Bitmap Heap Scan on sbtest6  (cost=212.88..33789.57 rows=9800 width=121)
	  Recheck Cond: ((id >= 5978060) AND (id <= 5988059))
	  ->  Bitmap Index Scan on sbtest6_pkey  (cost=0.00..210.44 rows=9800 width=0)
	        Index Cond: ((id >= 5978060) AND (id <= 5988059))

table 7 : explain SELECT c FROM sbtest7 WHERE id BETWEEN 7147570 AND 7157569
	Bitmap Heap Scan on sbtest7  (cost=229.85..36509.79 rows=10675 width=121)
	  Recheck Cond: ((id >= 7147570) AND (id <= 7157569))
	  ->  Bitmap Index Scan on sbtest7_pkey  (cost=0.00..227.19 rows=10675 width=0)
	        Index Cond: ((id >= 7147570) AND (id <= 7157569))

table 8 : explain SELECT c FROM sbtest8 WHERE id BETWEEN 6789449 AND 6799448
	Bitmap Heap Scan on sbtest8  (cost=219.49..34585.43 rows=10054 width=121)
	  Recheck Cond: ((id >= 6789449) AND (id <= 6799448))
	  ->  Bitmap Index Scan on sbtest8_pkey  (cost=0.00..216.98 rows=10054 width=0)
	        Index Cond: ((id >= 6789449) AND (id <= 6799448))

for: order_ranges
table 1 : explain SELECT c FROM sbtest1 WHERE id BETWEEN 1538618 AND 1548617 ORDER BY c
	Sort  (cost=36602.81..36629.09 rows=10514 width=121)
	  Sort Key: c
	  ->  Bitmap Heap Scan on sbtest1  (cost=224.20..35900.47 rows=10514 width=121)
	        Recheck Cond: ((id >= 1538618) AND (id <= 1548617))
	        ->  Bitmap Index Scan on sbtest1_pkey  (cost=0.00..221.57 rows=10514 width=0)
	              Index Cond: ((id >= 1538618) AND (id <= 1548617))

table 2 : explain SELECT c FROM sbtest2 WHERE id BETWEEN 9346555 AND 9356554 ORDER BY c
	Sort  (cost=33696.51..33720.48 rows=9588 width=121)
	  Sort Key: c
	  ->  Bitmap Heap Scan on sbtest2  (cost=206.71..33062.41 rows=9588 width=121)
	        Recheck Cond: ((id >= 9346555) AND (id <= 9356554))
	        ->  Bitmap Index Scan on sbtest2_pkey  (cost=0.00..204.31 rows=9588 width=0)
	              Index Cond: ((id >= 9346555) AND (id <= 9356554))

table 3 : explain SELECT c FROM sbtest3 WHERE id BETWEEN 5737846 AND 5747845 ORDER BY c
	Sort  (cost=33081.61..33105.10 rows=9396 width=121)
	  Sort Key: c
	  ->  Bitmap Heap Scan on sbtest3  (cost=200.74..32461.58 rows=9396 width=121)
	        Recheck Cond: ((id >= 5737846) AND (id <= 5747845))
	        ->  Bitmap Index Scan on sbtest3_pkey  (cost=0.00..198.40 rows=9396 width=0)
	              Index Cond: ((id >= 5737846) AND (id <= 5747845))

table 4 : explain SELECT c FROM sbtest4 WHERE id BETWEEN 8441770 AND 8451769 ORDER BY c
	Sort  (cost=39311.86..39340.23 rows=11348 width=121)
	  Sort Key: c
	  ->  Bitmap Heap Scan on sbtest4  (cost=244.75..38547.56 rows=11348 width=121)
	        Recheck Cond: ((id >= 8441770) AND (id <= 8451769))
	        ->  Bitmap Index Scan on sbtest4_pkey  (cost=0.00..241.92 rows=11348 width=0)
	              Index Cond: ((id >= 8441770) AND (id <= 8451769))

table 5 : explain SELECT c FROM sbtest5 WHERE id BETWEEN 3213755 AND 3223754 ORDER BY c
	Sort  (cost=31844.85..31867.36 rows=9004 width=121)
	  Sort Key: c
	  ->  Bitmap Heap Scan on sbtest5  (cost=192.73..31253.46 rows=9004 width=121)
	        Recheck Cond: ((id >= 3213755) AND (id <= 3223754))
	        ->  Bitmap Index Scan on sbtest5_pkey  (cost=0.00..190.48 rows=9004 width=0)
	              Index Cond: ((id >= 3213755) AND (id <= 3223754))

table 6 : explain SELECT c FROM sbtest6 WHERE id BETWEEN 2411855 AND 2421854 ORDER BY c
	Sort  (cost=37940.97..37968.22 rows=10900 width=121)
	  Sort Key: c
	  ->  Bitmap Heap Scan on sbtest6  (cost=236.16..37210.01 rows=10900 width=121)
	        Recheck Cond: ((id >= 2411855) AND (id <= 2421854))
	        ->  Bitmap Index Scan on sbtest6_pkey  (cost=0.00..233.44 rows=10900 width=0)
	              Index Cond: ((id >= 2411855) AND (id <= 2421854))

table 7 : explain SELECT c FROM sbtest7 WHERE id BETWEEN 8608535 AND 8618534 ORDER BY c
	Sort  (cost=32555.05..32578.09 rows=9216 width=121)
	  Sort Key: c
	  ->  Bitmap Heap Scan on sbtest7  (cost=198.90..31948.18 rows=9216 width=121)
	        Recheck Cond: ((id >= 8608535) AND (id <= 8618534))
	        ->  Bitmap Index Scan on sbtest7_pkey  (cost=0.00..196.59 rows=9216 width=0)
	              Index Cond: ((id >= 8608535) AND (id <= 8618534))

table 8 : explain SELECT c FROM sbtest8 WHERE id BETWEEN 8350079 AND 8360078 ORDER BY c
	Sort  (cost=35970.27..35995.96 rows=10279 width=121)
	  Sort Key: c
	  ->  Bitmap Heap Scan on sbtest8  (cost=221.79..35285.30 rows=10279 width=121)
	        Recheck Cond: ((id >= 8350079) AND (id <= 8360078))
	        ->  Bitmap Index Scan on sbtest8_pkey  (cost=0.00..219.23 rows=10279 width=0)
	              Index Cond: ((id >= 8350079) AND (id <= 8360078))

for: sum_ranges
table 1 : explain SELECT SUM(k) FROM sbtest1 WHERE id BETWEEN 9660524 AND 9670523
	Aggregate  (cost=31331.17..31331.18 rows=1 width=8)
	  ->  Bitmap Heap Scan on sbtest1  (cost=193.12..31308.56 rows=9042 width=4)
	        Recheck Cond: ((id >= 9660524) AND (id <= 9670523))
	        ->  Bitmap Index Scan on sbtest1_pkey  (cost=0.00..190.86 rows=9042 width=0)
	              Index Cond: ((id >= 9660524) AND (id <= 9670523))

table 2 : explain SELECT SUM(k) FROM sbtest2 WHERE id BETWEEN 7789982 AND 7799981
	Aggregate  (cost=35497.35..35497.36 rows=1 width=8)
	  ->  Bitmap Heap Scan on sbtest2  (cost=222.64..35471.45 rows=10361 width=4)
	        Recheck Cond: ((id >= 7789982) AND (id <= 7799981))
	        ->  Bitmap Index Scan on sbtest2_pkey  (cost=0.00..220.05 rows=10361 width=0)
	              Index Cond: ((id >= 7789982) AND (id <= 7799981))

table 3 : explain SELECT SUM(k) FROM sbtest3 WHERE id BETWEEN 7409758 AND 7419757
	Aggregate  (cost=34584.78..34584.79 rows=1 width=8)
	  ->  Bitmap Heap Scan on sbtest3  (cost=215.61..34559.62 rows=10066 width=4)
	        Recheck Cond: ((id >= 7409758) AND (id <= 7419757))
	        ->  Bitmap Index Scan on sbtest3_pkey  (cost=0.00..213.09 rows=10066 width=0)
	              Index Cond: ((id >= 7409758) AND (id <= 7419757))

table 4 : explain SELECT SUM(k) FROM sbtest4 WHERE id BETWEEN 6258344 AND 6268343
	Aggregate  (cost=32841.83..32841.84 rows=1 width=8)
	  ->  Bitmap Heap Scan on sbtest4  (cost=205.81..32818.08 rows=9500 width=4)
	        Recheck Cond: ((id >= 6258344) AND (id <= 6268343))
	        ->  Bitmap Index Scan on sbtest4_pkey  (cost=0.00..203.44 rows=9500 width=0)
	              Index Cond: ((id >= 6258344) AND (id <= 6268343))

table 5 : explain SELECT SUM(k) FROM sbtest5 WHERE id BETWEEN 4831638 AND 4841637
	Aggregate  (cost=33175.63..33175.64 rows=1 width=8)
	  ->  Bitmap Heap Scan on sbtest5  (cost=206.89..33151.62 rows=9605 width=4)
	        Recheck Cond: ((id >= 4831638) AND (id <= 4841637))
	        ->  Bitmap Index Scan on sbtest5_pkey  (cost=0.00..204.49 rows=9605 width=0)
	              Index Cond: ((id >= 4831638) AND (id <= 4841637))

table 6 : explain SELECT SUM(k) FROM sbtest6 WHERE id BETWEEN 402793 AND 412792
	Aggregate  (cost=32135.01..32135.02 rows=1 width=8)
	  ->  Bitmap Heap Scan on sbtest6  (cost=199.42..32111.84 rows=9267 width=4)
	        Recheck Cond: ((id >= 402793) AND (id <= 412792))
	        ->  Bitmap Index Scan on sbtest6_pkey  (cost=0.00..197.11 rows=9267 width=0)
	              Index Cond: ((id >= 402793) AND (id <= 412792))

table 7 : explain SELECT SUM(k) FROM sbtest7 WHERE id BETWEEN 9682092 AND 9692091
	Aggregate  (cost=37362.98..37362.99 rows=1 width=8)
	  ->  Bitmap Heap Scan on sbtest7  (cost=236.59..37335.63 rows=10942 width=4)
	        Recheck Cond: ((id >= 9682092) AND (id <= 9692091))
	        ->  Bitmap Index Scan on sbtest7_pkey  (cost=0.00..233.86 rows=10942 width=0)
	              Index Cond: ((id >= 9682092) AND (id <= 9692091))

table 8 : explain SELECT SUM(k) FROM sbtest8 WHERE id BETWEEN 7188705 AND 7198704
	Aggregate  (cost=33241.10..33241.11 rows=1 width=8)
	  ->  Bitmap Heap Scan on sbtest8  (cost=207.02..33217.06 rows=9618 width=4)
	        Recheck Cond: ((id >= 7188705) AND (id <= 7198704))
	        ->  Bitmap Index Scan on sbtest8_pkey  (cost=0.00..204.62 rows=9618 width=0)
	              Index Cond: ((id >= 7188705) AND (id <= 7198704))

for: distinct_ranges
table 1 : explain SELECT DISTINCT c FROM sbtest1 WHERE id BETWEEN 4697705 AND 4707704 ORDER BY c
	Unique  (cost=35553.36..35604.27 rows=10182 width=121)
	  ->  Sort  (cost=35553.36..35578.82 rows=10182 width=121)
	        Sort Key: c
	        ->  Bitmap Heap Scan on sbtest1  (cost=216.80..34875.56 rows=10182 width=121)
	              Recheck Cond: ((id >= 4697705) AND (id <= 4707704))
	              ->  Bitmap Index Scan on sbtest1_pkey  (cost=0.00..214.25 rows=10182 width=0)
	                    Index Cond: ((id >= 4697705) AND (id <= 4707704))

table 2 : explain SELECT DISTINCT c FROM sbtest2 WHERE id BETWEEN 3670276 AND 3680275 ORDER BY c
	Unique  (cost=32899.07..32945.77 rows=9341 width=121)
	  ->  Sort  (cost=32899.07..32922.42 rows=9341 width=121)
	        Sort Key: c
	        ->  Bitmap Heap Scan on sbtest2  (cost=200.18..32283.06 rows=9341 width=121)
	              Recheck Cond: ((id >= 3670276) AND (id <= 3680275))
	              ->  Bitmap Index Scan on sbtest2_pkey  (cost=0.00..197.84 rows=9341 width=0)
	                    Index Cond: ((id >= 3670276) AND (id <= 3680275))

table 3 : explain SELECT DISTINCT c FROM sbtest3 WHERE id BETWEEN 9225152 AND 9235151 ORDER BY c
	Unique  (cost=37245.21..37298.72 rows=10702 width=121)
	  ->  Sort  (cost=37245.21..37271.96 rows=10702 width=121)
	        Sort Key: c
	        ->  Bitmap Heap Scan on sbtest3  (cost=230.13..36528.94 rows=10702 width=121)
	              Recheck Cond: ((id >= 9225152) AND (id <= 9235151))
	              ->  Bitmap Index Scan on sbtest3_pkey  (cost=0.00..227.45 rows=10702 width=0)
	                    Index Cond: ((id >= 9225152) AND (id <= 9235151))

table 4 : explain SELECT DISTINCT c FROM sbtest4 WHERE id BETWEEN 973845 AND 983844 ORDER BY c
	Unique  (cost=34532.84..34582.03 rows=9838 width=121)
	  ->  Sort  (cost=34532.84..34557.43 rows=9838 width=121)
	        Sort Key: c
	        ->  Bitmap Heap Scan on sbtest4  (cost=213.27..33880.37 rows=9838 width=121)
	              Recheck Cond: ((id >= 973845) AND (id <= 983844))
	              ->  Bitmap Index Scan on sbtest4_pkey  (cost=0.00..210.81 rows=9838 width=0)
	                    Index Cond: ((id >= 973845) AND (id <= 983844))

table 5 : explain SELECT DISTINCT c FROM sbtest5 WHERE id BETWEEN 6212941 AND 6222940 ORDER BY c
	Unique  (cost=38001.14..38055.79 rows=10929 width=121)
	  ->  Sort  (cost=38001.14..38028.46 rows=10929 width=121)
	        Sort Key: c
	        ->  Bitmap Heap Scan on sbtest5  (cost=236.46..37268.03 rows=10929 width=121)
	              Recheck Cond: ((id >= 6212941) AND (id <= 6222940))
	              ->  Bitmap Index Scan on sbtest5_pkey  (cost=0.00..233.73 rows=10929 width=0)
	                    Index Cond: ((id >= 6212941) AND (id <= 6222940))

table 6 : explain SELECT DISTINCT c FROM sbtest6 WHERE id BETWEEN 4941820 AND 4951819 ORDER BY c
	Unique  (cost=35220.46..35270.69 rows=10045 width=121)
	  ->  Sort  (cost=35220.46..35245.58 rows=10045 width=121)
	        Sort Key: c
	        ->  Bitmap Heap Scan on sbtest6  (cost=215.40..34552.76 rows=10045 width=121)
	              Recheck Cond: ((id >= 4941820) AND (id <= 4951819))
	              ->  Bitmap Index Scan on sbtest6_pkey  (cost=0.00..212.88 rows=10045 width=0)
	                    Index Cond: ((id >= 4941820) AND (id <= 4951819))

table 7 : explain SELECT DISTINCT c FROM sbtest7 WHERE id BETWEEN 1703081 AND 1713080 ORDER BY c
	Unique  (cost=34319.00..34367.81 rows=9763 width=121)
	  ->  Sort  (cost=34319.00..34343.41 rows=9763 width=121)
	        Sort Key: c
	        ->  Bitmap Heap Scan on sbtest7  (cost=212.51..33672.05 rows=9763 width=121)
	              Recheck Cond: ((id >= 1703081) AND (id <= 1713080))
	              ->  Bitmap Index Scan on sbtest7_pkey  (cost=0.00..210.06 rows=9763 width=0)
	                    Index Cond: ((id >= 1703081) AND (id <= 1713080))

table 8 : explain SELECT DISTINCT c FROM sbtest8 WHERE id BETWEEN 9480245 AND 9490244 ORDER BY c
	Unique  (cost=34610.51..34659.78 rows=9853 width=121)
	  ->  Sort  (cost=34610.51..34635.15 rows=9853 width=121)
	        Sort Key: c
	        ->  Bitmap Heap Scan on sbtest8  (cost=213.43..33956.95 rows=9853 width=121)
	              Recheck Cond: ((id >= 9480245) AND (id <= 9490244))
	              ->  Bitmap Index Scan on sbtest8_pkey  (cost=0.00..210.97 rows=9853 width=0)
	                    Index Cond: ((id >= 9480245) AND (id <= 9490244))

for: sum_ranges
table 1 : explain SELECT SUM(k) FROM sbtest1 WHERE id BETWEEN 105908 AND 115907
	Aggregate  (cost=32258.62..32258.63 rows=1 width=8)
	  ->  Bitmap Heap Scan on sbtest1  (cost=200.13..32235.28 rows=9336 width=4)
	        Recheck Cond: ((id >= 105908) AND (id <= 115907))
	        ->  Bitmap Index Scan on sbtest1_pkey  (cost=0.00..197.80 rows=9336 width=0)
	              Index Cond: ((id >= 105908) AND (id <= 115907))

table 2 : explain SELECT SUM(k) FROM sbtest2 WHERE id BETWEEN 525322 AND 535321
	Aggregate  (cost=33830.97..33830.98 rows=1 width=8)
	  ->  Bitmap Heap Scan on sbtest2  (cost=209.16..33806.40 rows=9827 width=4)
	        Recheck Cond: ((id >= 525322) AND (id <= 535321))
	        ->  Bitmap Index Scan on sbtest2_pkey  (cost=0.00..206.70 rows=9827 width=0)
	              Index Cond: ((id >= 525322) AND (id <= 535321))

table 3 : explain SELECT SUM(k) FROM sbtest3 WHERE id BETWEEN 6894088 AND 6904087
	Aggregate  (cost=33603.20..33603.21 rows=1 width=8)
	  ->  Bitmap Heap Scan on sbtest3  (cost=208.39..33578.82 rows=9752 width=4)
	        Recheck Cond: ((id >= 6894088) AND (id <= 6904087))
	        ->  Bitmap Index Scan on sbtest3_pkey  (cost=0.00..205.95 rows=9752 width=0)
	              Index Cond: ((id >= 6894088) AND (id <= 6904087))

table 4 : explain SELECT SUM(k) FROM sbtest4 WHERE id BETWEEN 9597654 AND 9607653
	Aggregate  (cost=34403.95..34403.96 rows=1 width=8)
	  ->  Bitmap Heap Scan on sbtest4  (cost=214.92..34378.95 rows=9999 width=4)
	        Recheck Cond: ((id >= 9597654) AND (id <= 9607653))
	        ->  Bitmap Index Scan on sbtest4_pkey  (cost=0.00..212.43 rows=9999 width=0)
	              Index Cond: ((id >= 9597654) AND (id <= 9607653))

table 5 : explain SELECT SUM(k) FROM sbtest5 WHERE id BETWEEN 7841992 AND 7851991
	Aggregate  (cost=36539.69..36539.70 rows=1 width=8)
	  ->  Bitmap Heap Scan on sbtest5  (cost=229.95..36512.98 rows=10684 width=4)
	        Recheck Cond: ((id >= 7841992) AND (id <= 7851991))
	        ->  Bitmap Index Scan on sbtest5_pkey  (cost=0.00..227.28 rows=10684 width=0)
	              Index Cond: ((id >= 7841992) AND (id <= 7851991))

table 6 : explain SELECT SUM(k) FROM sbtest6 WHERE id BETWEEN 7556086 AND 7566085
	Aggregate  (cost=34603.61..34603.62 rows=1 width=8)
	  ->  Bitmap Heap Scan on sbtest6  (cost=215.48..34578.48 rows=10053 width=4)
	        Recheck Cond: ((id >= 7556086) AND (id <= 7566085))
	        ->  Bitmap Index Scan on sbtest6_pkey  (cost=0.00..212.97 rows=10053 width=0)
	              Index Cond: ((id >= 7556086) AND (id <= 7566085))

table 7 : explain SELECT SUM(k) FROM sbtest7 WHERE id BETWEEN 9693838 AND 9703837
	Aggregate  (cost=37362.98..37362.99 rows=1 width=8)
	  ->  Bitmap Heap Scan on sbtest7  (cost=236.59..37335.63 rows=10942 width=4)
	        Recheck Cond: ((id >= 9693838) AND (id <= 9703837))
	        ->  Bitmap Index Scan on sbtest7_pkey  (cost=0.00..233.86 rows=10942 width=0)
	              Index Cond: ((id >= 9693838) AND (id <= 9703837))

table 8 : explain SELECT SUM(k) FROM sbtest8 WHERE id BETWEEN 3140521 AND 3150520
	Aggregate  (cost=32590.04..32590.05 rows=1 width=8)
	  ->  Bitmap Heap Scan on sbtest8  (cost=204.90..32566.51 rows=9411 width=4)
	        Recheck Cond: ((id >= 3140521) AND (id <= 3150520))
	        ->  Bitmap Index Scan on sbtest8_pkey  (cost=0.00..202.55 rows=9411 width=0)
	              Index Cond: ((id >= 3140521) AND (id <= 3150520))

for: distinct_ranges
table 1 : explain SELECT DISTINCT c FROM sbtest1 WHERE id BETWEEN 7650893 AND 7660892 ORDER BY c
	Unique  (cost=37202.74..37256.25 rows=10703 width=121)
	  ->  Sort  (cost=37202.74..37229.49 rows=10703 width=121)
	        Sort Key: c
	        ->  Bitmap Heap Scan on sbtest1  (cost=230.14..36486.40 rows=10703 width=121)
	              Recheck Cond: ((id >= 7650893) AND (id <= 7660892))
	              ->  Bitmap Index Scan on sbtest1_pkey  (cost=0.00..227.47 rows=10703 width=0)
	                    Index Cond: ((id >= 7650893) AND (id <= 7660892))

table 2 : explain SELECT DISTINCT c FROM sbtest2 WHERE id BETWEEN 4000623 AND 4010622 ORDER BY c
	Unique  (cost=35165.56..35215.80 rows=10048 width=121)
	  ->  Sort  (cost=35165.56..35190.68 rows=10048 width=121)
	        Sort Key: c
	        ->  Bitmap Heap Scan on sbtest2  (cost=215.43..34497.64 rows=10048 width=121)
	              Recheck Cond: ((id >= 4000623) AND (id <= 4010622))
	              ->  Bitmap Index Scan on sbtest2_pkey  (cost=0.00..212.92 rows=10048 width=0)
	                    Index Cond: ((id >= 4000623) AND (id <= 4010622))

table 3 : explain SELECT DISTINCT c FROM sbtest3 WHERE id BETWEEN 2872043 AND 2882042 ORDER BY c
	Unique  (cost=34007.39..34055.81 rows=9684 width=121)
	  ->  Sort  (cost=34007.39..34031.60 rows=9684 width=121)
	        Sort Key: c
	        ->  Bitmap Heap Scan on sbtest3  (cost=207.70..33366.24 rows=9684 width=121)
	              Recheck Cond: ((id >= 2872043) AND (id <= 2882042))
	              ->  Bitmap Index Scan on sbtest3_pkey  (cost=0.00..205.28 rows=9684 width=0)
	                    Index Cond: ((id >= 2872043) AND (id <= 2882042))

table 4 : explain SELECT DISTINCT c FROM sbtest4 WHERE id BETWEEN 7267625 AND 7277624 ORDER BY c
	Unique  (cost=32915.07..32961.75 rows=9336 width=121)
	  ->  Sort  (cost=32915.07..32938.41 rows=9336 width=121)
	        Sort Key: c
	        ->  Bitmap Heap Scan on sbtest4  (cost=200.13..32299.43 rows=9336 width=121)
	              Recheck Cond: ((id >= 7267625) AND (id <= 7277624))
	              ->  Bitmap Index Scan on sbtest4_pkey  (cost=0.00..197.80 rows=9336 width=0)
	                    Index Cond: ((id >= 7267625) AND (id <= 7277624))

table 5 : explain SELECT DISTINCT c FROM sbtest5 WHERE id BETWEEN 4528746 AND 4538745 ORDER BY c
	Unique  (cost=35590.43..35641.27 rows=10168 width=121)
	  ->  Sort  (cost=35590.43..35615.85 rows=10168 width=121)
	        Sort Key: c
	        ->  Bitmap Heap Scan on sbtest5  (cost=220.66..34913.66 rows=10168 width=121)
	              Recheck Cond: ((id >= 4528746) AND (id <= 4538745))
	              ->  Bitmap Index Scan on sbtest5_pkey  (cost=0.00..218.12 rows=10168 width=0)
	                    Index Cond: ((id >= 4528746) AND (id <= 4538745))

table 6 : explain SELECT DISTINCT c FROM sbtest6 WHERE id BETWEEN 1379178 AND 1389177 ORDER BY c
	Unique  (cost=34028.91..34077.28 rows=9673 width=121)
	  ->  Sort  (cost=34028.91..34053.09 rows=9673 width=121)
	        Sort Key: c
	        ->  Bitmap Heap Scan on sbtest6  (cost=207.58..33388.57 rows=9673 width=121)
	              Recheck Cond: ((id >= 1379178) AND (id <= 1389177))
	              ->  Bitmap Index Scan on sbtest6_pkey  (cost=0.00..205.17 rows=9673 width=0)
	                    Index Cond: ((id >= 1379178) AND (id <= 1389177))

table 7 : explain SELECT DISTINCT c FROM sbtest7 WHERE id BETWEEN 6691899 AND 6701898 ORDER BY c
	Unique  (cost=34731.45..34780.91 rows=9892 width=121)
	  ->  Sort  (cost=34731.45..34756.18 rows=9892 width=121)
	        Sort Key: c
	        ->  Bitmap Heap Scan on sbtest7  (cost=213.83..34075.02 rows=9892 width=121)
	              Recheck Cond: ((id >= 6691899) AND (id <= 6701898))
	              ->  Bitmap Index Scan on sbtest7_pkey  (cost=0.00..211.36 rows=9892 width=0)
	                    Index Cond: ((id >= 6691899) AND (id <= 6701898))

table 8 : explain SELECT DISTINCT c FROM sbtest8 WHERE id BETWEEN 9177546 AND 9187545 ORDER BY c
	Unique  (cost=33350.04..33397.34 rows=9461 width=121)
	  ->  Sort  (cost=33350.04..33373.69 rows=9461 width=121)
	        Sort Key: c
	        ->  Bitmap Heap Scan on sbtest8  (cost=205.41..32725.25 rows=9461 width=121)
	              Recheck Cond: ((id >= 9177546) AND (id <= 9187545))
	              ->  Bitmap Index Scan on sbtest8_pkey  (cost=0.00..203.05 rows=9461 width=0)
	                    Index Cond: ((id >= 9177546) AND (id <= 9187545))

for: distinct_ranges
table 1 : explain SELECT DISTINCT c FROM sbtest1 WHERE id BETWEEN 1979241 AND 1989240 ORDER BY c
	Unique  (cost=36553.85..36606.34 rows=10498 width=121)
	  ->  Sort  (cost=36553.85..36580.10 rows=10498 width=121)
	        Sort Key: c
	        ->  Bitmap Heap Scan on sbtest1  (cost=224.04..35852.70 rows=10498 width=121)
	              Recheck Cond: ((id >= 1979241) AND (id <= 1989240))
	              ->  Bitmap Index Scan on sbtest1_pkey  (cost=0.00..221.42 rows=10498 width=0)
	                    Index Cond: ((id >= 1979241) AND (id <= 1989240))

table 2 : explain SELECT DISTINCT c FROM sbtest2 WHERE id BETWEEN 670419 AND 680418 ORDER BY c
	Unique  (cost=36986.26..37039.36 rows=10621 width=121)
	  ->  Sort  (cost=36986.26..37012.81 rows=10621 width=121)
	        Sort Key: c
	        ->  Bitmap Heap Scan on sbtest2  (cost=229.30..36276.00 rows=10621 width=121)
	              Recheck Cond: ((id >= 670419) AND (id <= 680418))
	              ->  Bitmap Index Scan on sbtest2_pkey  (cost=0.00..226.65 rows=10621 width=0)
	                    Index Cond: ((id >= 670419) AND (id <= 680418))

table 3 : explain SELECT DISTINCT c FROM sbtest3 WHERE id BETWEEN 3546708 AND 3556707 ORDER BY c
	Unique  (cost=36274.86..36326.84 rows=10395 width=121)
	  ->  Sort  (cost=36274.86..36300.85 rows=10395 width=121)
	        Sort Key: c
	        ->  Bitmap Heap Scan on sbtest3  (cost=222.98..35581.33 rows=10395 width=121)
	              Recheck Cond: ((id >= 3546708) AND (id <= 3556707))
	              ->  Bitmap Index Scan on sbtest3_pkey  (cost=0.00..220.38 rows=10395 width=0)
	                    Index Cond: ((id >= 3546708) AND (id <= 3556707))

table 4 : explain SELECT DISTINCT c FROM sbtest4 WHERE id BETWEEN 3835183 AND 3845182 ORDER BY c
	Unique  (cost=33720.28..33768.21 rows=9586 width=121)
	  ->  Sort  (cost=33720.28..33744.24 rows=9586 width=121)
	        Sort Key: c
	        ->  Bitmap Heap Scan on sbtest4  (cost=206.69..33086.32 rows=9586 width=121)
	              Recheck Cond: ((id >= 3835183) AND (id <= 3845182))
	              ->  Bitmap Index Scan on sbtest4_pkey  (cost=0.00..204.30 rows=9586 width=0)
	                    Index Cond: ((id >= 3835183) AND (id <= 3845182))

table 5 : explain SELECT DISTINCT c FROM sbtest5 WHERE id BETWEEN 3481489 AND 3491488 ORDER BY c
	Unique  (cost=34734.64..34784.14 rows=9900 width=121)
	  ->  Sort  (cost=34734.64..34759.39 rows=9900 width=121)
	        Sort Key: c
	        ->  Bitmap Heap Scan on sbtest5  (cost=213.91..34077.61 rows=9900 width=121)
	              Recheck Cond: ((id >= 3481489) AND (id <= 3491488))
	              ->  Bitmap Index Scan on sbtest5_pkey  (cost=0.00..211.44 rows=9900 width=0)
	                    Index Cond: ((id >= 3481489) AND (id <= 3491488))

table 6 : explain SELECT DISTINCT c FROM sbtest6 WHERE id BETWEEN 4094514 AND 4104513 ORDER BY c
	Unique  (cost=37094.86..37148.02 rows=10633 width=121)
	  ->  Sort  (cost=37094.86..37121.44 rows=10633 width=121)
	        Sort Key: c
	        ->  Bitmap Heap Scan on sbtest6  (cost=229.42..36383.71 rows=10633 width=121)
	              Recheck Cond: ((id >= 4094514) AND (id <= 4104513))
	              ->  Bitmap Index Scan on sbtest6_pkey  (cost=0.00..226.76 rows=10633 width=0)
	                    Index Cond: ((id >= 4094514) AND (id <= 4104513))

table 7 : explain SELECT DISTINCT c FROM sbtest7 WHERE id BETWEEN 5322350 AND 5332349 ORDER BY c
	Unique  (cost=34027.53..34075.90 rows=9673 width=121)
	  ->  Sort  (cost=34027.53..34051.71 rows=9673 width=121)
	        Sort Key: c
	        ->  Bitmap Heap Scan on sbtest7  (cost=207.58..33387.19 rows=9673 width=121)
	              Recheck Cond: ((id >= 5322350) AND (id <= 5332349))
	              ->  Bitmap Index Scan on sbtest7_pkey  (cost=0.00..205.17 rows=9673 width=0)
	                    Index Cond: ((id >= 5322350) AND (id <= 5332349))

table 8 : explain SELECT DISTINCT c FROM sbtest8 WHERE id BETWEEN 6816323 AND 6826322 ORDER BY c
	Unique  (cost=37572.16..37626.07 rows=10783 width=121)
	  ->  Sort  (cost=37572.16..37599.11 rows=10783 width=121)
	        Sort Key: c
	        ->  Bitmap Heap Scan on sbtest8  (cost=234.96..36849.89 rows=10783 width=121)
	              Recheck Cond: ((id >= 6816323) AND (id <= 6826322))
	              ->  Bitmap Index Scan on sbtest8_pkey  (cost=0.00..232.26 rows=10783 width=0)
	                    Index Cond: ((id >= 6816323) AND (id <= 6826322))

for: order_ranges
table 1 : explain SELECT c FROM sbtest1 WHERE id BETWEEN 4127940 AND 4137939 ORDER BY c
	Sort  (cost=36547.34..36573.58 rows=10496 width=121)
	  Sort Key: c
	  ->  Bitmap Heap Scan on sbtest1  (cost=224.02..35846.33 rows=10496 width=121)
	        Recheck Cond: ((id >= 4127940) AND (id <= 4137939))
	        ->  Bitmap Index Scan on sbtest1_pkey  (cost=0.00..221.40 rows=10496 width=0)
	              Index Cond: ((id >= 4127940) AND (id <= 4137939))

table 2 : explain SELECT c FROM sbtest2 WHERE id BETWEEN 6719658 AND 6729657 ORDER BY c
	Sort  (cost=34984.91..35009.89 rows=9991 width=121)
	  Sort Key: c
	  ->  Bitmap Heap Scan on sbtest2  (cost=214.84..34321.19 rows=9991 width=121)
	        Recheck Cond: ((id >= 6719658) AND (id <= 6729657))
	        ->  Bitmap Index Scan on sbtest2_pkey  (cost=0.00..212.34 rows=9991 width=0)
	              Index Cond: ((id >= 6719658) AND (id <= 6729657))

table 3 : explain SELECT c FROM sbtest3 WHERE id BETWEEN 465234 AND 475233 ORDER BY c
	Sort  (cost=33924.91..33949.05 rows=9658 width=121)
	  Sort Key: c
	  ->  Bitmap Heap Scan on sbtest3  (cost=207.43..33285.67 rows=9658 width=121)
	        Recheck Cond: ((id >= 465234) AND (id <= 475233))
	        ->  Bitmap Index Scan on sbtest3_pkey  (cost=0.00..205.01 rows=9658 width=0)
	              Index Cond: ((id >= 465234) AND (id <= 475233))

table 4 : explain SELECT c FROM sbtest4 WHERE id BETWEEN 7706186 AND 7716185 ORDER BY c
	Sort  (cost=34694.31..34719.03 rows=9889 width=121)
	  Sort Key: c
	  ->  Bitmap Heap Scan on sbtest4  (cost=213.80..34038.10 rows=9889 width=121)
	        Recheck Cond: ((id >= 7706186) AND (id <= 7716185))
	        ->  Bitmap Index Scan on sbtest4_pkey  (cost=0.00..211.32 rows=9889 width=0)
	              Index Cond: ((id >= 7706186) AND (id <= 7716185))

table 5 : explain SELECT c FROM sbtest5 WHERE id BETWEEN 8252650 AND 8262649 ORDER BY c
	Sort  (cost=34001.73..34025.91 rows=9672 width=121)
	  Sort Key: c
	  ->  Bitmap Heap Scan on sbtest5  (cost=207.57..33361.46 rows=9672 width=121)
	        Recheck Cond: ((id >= 8252650) AND (id <= 8262649))
	        ->  Bitmap Index Scan on sbtest5_pkey  (cost=0.00..205.16 rows=9672 width=0)
	              Index Cond: ((id >= 8252650) AND (id <= 8262649))

table 6 : explain SELECT c FROM sbtest6 WHERE id BETWEEN 6273440 AND 6283439 ORDER BY c
	Sort  (cost=37225.55..37252.23 rows=10674 width=121)
	  Sort Key: c
	  ->  Bitmap Heap Scan on sbtest6  (cost=229.84..36511.36 rows=10674 width=121)
	        Recheck Cond: ((id >= 6273440) AND (id <= 6283439))
	        ->  Bitmap Index Scan on sbtest6_pkey  (cost=0.00..227.18 rows=10674 width=0)
	              Index Cond: ((id >= 6273440) AND (id <= 6283439))

table 7 : explain SELECT c FROM sbtest7 WHERE id BETWEEN 2505073 AND 2515072 ORDER BY c
	Sort  (cost=33325.77..33349.40 rows=9454 width=121)
	  Sort Key: c
	  ->  Bitmap Heap Scan on sbtest7  (cost=205.34..32701.49 rows=9454 width=121)
	        Recheck Cond: ((id >= 2505073) AND (id <= 2515072))
	        ->  Bitmap Index Scan on sbtest7_pkey  (cost=0.00..202.98 rows=9454 width=0)
	              Index Cond: ((id >= 2505073) AND (id <= 2515072))

table 8 : explain SELECT c FROM sbtest8 WHERE id BETWEEN 4552313 AND 4562312 ORDER BY c
	Sort  (cost=34389.42..34413.88 rows=9784 width=121)
	  Sort Key: c
	  ->  Bitmap Heap Scan on sbtest8  (cost=212.72..33740.92 rows=9784 width=121)
	        Recheck Cond: ((id >= 4552313) AND (id <= 4562312))
	        ->  Bitmap Index Scan on sbtest8_pkey  (cost=0.00..210.28 rows=9784 width=0)
	              Index Cond: ((id >= 4552313) AND (id <= 4562312))

for: order_ranges
table 1 : explain SELECT c FROM sbtest1 WHERE id BETWEEN 8301821 AND 8311820 ORDER BY c
	Sort  (cost=37170.24..37196.97 rows=10693 width=121)
	  Sort Key: c
	  ->  Bitmap Heap Scan on sbtest1  (cost=230.04..36454.64 rows=10693 width=121)
	        Recheck Cond: ((id >= 8301821) AND (id <= 8311820))
	        ->  Bitmap Index Scan on sbtest1_pkey  (cost=0.00..227.37 rows=10693 width=0)
	              Index Cond: ((id >= 8301821) AND (id <= 8311820))

table 2 : explain SELECT c FROM sbtest2 WHERE id BETWEEN 1164745 AND 1174744 ORDER BY c
	Sort  (cost=36231.18..36257.14 rows=10383 width=121)
	  Sort Key: c
	  ->  Bitmap Heap Scan on sbtest2  (cost=222.86..35538.53 rows=10383 width=121)
	        Recheck Cond: ((id >= 1164745) AND (id <= 1174744))
	        ->  Bitmap Index Scan on sbtest2_pkey  (cost=0.00..220.26 rows=10383 width=0)
	              Index Cond: ((id >= 1164745) AND (id <= 1174744))

table 3 : explain SELECT c FROM sbtest3 WHERE id BETWEEN 4907207 AND 4917206 ORDER BY c
	Sort  (cost=38075.64..38103.05 rows=10965 width=121)
	  Sort Key: c
	  ->  Bitmap Heap Scan on sbtest3  (cost=236.83..37339.85 rows=10965 width=121)
	        Recheck Cond: ((id >= 4907207) AND (id <= 4917206))
	        ->  Bitmap Index Scan on sbtest3_pkey  (cost=0.00..234.09 rows=10965 width=0)
	              Index Cond: ((id >= 4907207) AND (id <= 4917206))

table 4 : explain SELECT c FROM sbtest4 WHERE id BETWEEN 2404289 AND 2414288 ORDER BY c
	Sort  (cost=35030.02..35055.00 rows=9994 width=121)
	  Sort Key: c
	  ->  Bitmap Heap Scan on sbtest4  (cost=214.87..34366.07 rows=9994 width=121)
	        Recheck Cond: ((id >= 2404289) AND (id <= 2414288))
	        ->  Bitmap Index Scan on sbtest4_pkey  (cost=0.00..212.38 rows=9994 width=0)
	              Index Cond: ((id >= 2404289) AND (id <= 2414288))

table 5 : explain SELECT c FROM sbtest5 WHERE id BETWEEN 932495 AND 942494 ORDER BY c
	Sort  (cost=35580.59..35606.00 rows=10165 width=121)
	  Sort Key: c
	  ->  Bitmap Heap Scan on sbtest5  (cost=220.63..34904.04 rows=10165 width=121)
	        Recheck Cond: ((id >= 932495) AND (id <= 942494))
	        ->  Bitmap Index Scan on sbtest5_pkey  (cost=0.00..218.09 rows=10165 width=0)
	              Index Cond: ((id >= 932495) AND (id <= 942494))

table 6 : explain SELECT c FROM sbtest6 WHERE id BETWEEN 9047432 AND 9057431 ORDER BY c
	Sort  (cost=36622.98..36649.19 rows=10485 width=121)
	  Sort Key: c
	  ->  Bitmap Heap Scan on sbtest6  (cost=223.91..35922.79 rows=10485 width=121)
	        Recheck Cond: ((id >= 9047432) AND (id <= 9057431))
	        ->  Bitmap Index Scan on sbtest6_pkey  (cost=0.00..221.29 rows=10485 width=0)
	              Index Cond: ((id >= 9047432) AND (id <= 9057431))

table 7 : explain SELECT c FROM sbtest7 WHERE id BETWEEN 9403216 AND 9413215 ORDER BY c
	Sort  (cost=36779.32..36805.66 rows=10534 width=121)
	  Sort Key: c
	  ->  Bitmap Heap Scan on sbtest7  (cost=228.41..36075.50 rows=10534 width=121)
	        Recheck Cond: ((id >= 9403216) AND (id <= 9413215))
	        ->  Bitmap Index Scan on sbtest7_pkey  (cost=0.00..225.78 rows=10534 width=0)
	              Index Cond: ((id >= 9403216) AND (id <= 9413215))

table 8 : explain SELECT c FROM sbtest8 WHERE id BETWEEN 8482351 AND 8492350 ORDER BY c
	Sort  (cost=36796.95..36823.29 rows=10539 width=121)
	  Sort Key: c
	  ->  Bitmap Heap Scan on sbtest8  (cost=228.46..36092.76 rows=10539 width=121)
	        Recheck Cond: ((id >= 8482351) AND (id <= 8492350))
	        ->  Bitmap Index Scan on sbtest8_pkey  (cost=0.00..225.82 rows=10539 width=0)
	              Index Cond: ((id >= 8482351) AND (id <= 8492350))

for: distinct_ranges
table 1 : explain SELECT DISTINCT c FROM sbtest1 WHERE id BETWEEN 2201529 AND 2211528 ORDER BY c
	Unique  (cost=35966.26..36017.82 rows=10312 width=121)
	  ->  Sort  (cost=35966.26..35992.04 rows=10312 width=121)
	        Sort Key: c
	        ->  Bitmap Heap Scan on sbtest1  (cost=222.13..35278.86 rows=10312 width=121)
	              Recheck Cond: ((id >= 2201529) AND (id <= 2211528))
	              ->  Bitmap Index Scan on sbtest1_pkey  (cost=0.00..219.56 rows=10312 width=0)
	                    Index Cond: ((id >= 2201529) AND (id <= 2211528))

table 2 : explain SELECT DISTINCT c FROM sbtest2 WHERE id BETWEEN 6537735 AND 6547734 ORDER BY c
	Unique  (cost=37448.93..37502.77 rows=10768 width=121)
	  ->  Sort  (cost=37448.93..37475.85 rows=10768 width=121)
	        Sort Key: c
	        ->  Bitmap Heap Scan on sbtest2  (cost=230.81..36727.77 rows=10768 width=121)
	              Recheck Cond: ((id >= 6537735) AND (id <= 6547734))
	              ->  Bitmap Index Scan on sbtest2_pkey  (cost=0.00..228.12 rows=10768 width=0)
	                    Index Cond: ((id >= 6537735) AND (id <= 6547734))

table 3 : explain SELECT DISTINCT c FROM sbtest3 WHERE id BETWEEN 2163056 AND 2173055 ORDER BY c
	Unique  (cost=32272.78..32318.50 rows=9144 width=121)
	  ->  Sort  (cost=32272.78..32295.64 rows=9144 width=121)
	        Sort Key: c
	        ->  Bitmap Heap Scan on sbtest3  (cost=198.16..31671.17 rows=9144 width=121)
	              Recheck Cond: ((id >= 2163056) AND (id <= 2173055))
	              ->  Bitmap Index Scan on sbtest3_pkey  (cost=0.00..195.88 rows=9144 width=0)
	                    Index Cond: ((id >= 2163056) AND (id <= 2173055))

table 4 : explain SELECT DISTINCT c FROM sbtest4 WHERE id BETWEEN 7949878 AND 7959877 ORDER BY c
	Unique  (cost=35076.12..35126.16 rows=10009 width=121)
	  ->  Sort  (cost=35076.12..35101.14 rows=10009 width=121)
	        Sort Key: c
	        ->  Bitmap Heap Scan on sbtest4  (cost=215.03..34411.07 rows=10009 width=121)
	              Recheck Cond: ((id >= 7949878) AND (id <= 7959877))
	              ->  Bitmap Index Scan on sbtest4_pkey  (cost=0.00..212.53 rows=10009 width=0)
	                    Index Cond: ((id >= 7949878) AND (id <= 7959877))

table 5 : explain SELECT DISTINCT c FROM sbtest5 WHERE id BETWEEN 8070315 AND 8080314 ORDER BY c
	Unique  (cost=34721.47..34770.95 rows=9896 width=121)
	  ->  Sort  (cost=34721.47..34746.21 rows=9896 width=121)
	        Sort Key: c
	        ->  Bitmap Heap Scan on sbtest5  (cost=213.87..34064.74 rows=9896 width=121)
	              Recheck Cond: ((id >= 8070315) AND (id <= 8080314))
	              ->  Bitmap Index Scan on sbtest5_pkey  (cost=0.00..211.40 rows=9896 width=0)
	                    Index Cond: ((id >= 8070315) AND (id <= 8080314))

table 6 : explain SELECT DISTINCT c FROM sbtest6 WHERE id BETWEEN 5612417 AND 5622416 ORDER BY c
	Unique  (cost=38826.04..38881.95 rows=11182 width=121)
	  ->  Sort  (cost=38826.04..38853.99 rows=11182 width=121)
	        Sort Key: c
	        ->  Bitmap Heap Scan on sbtest6  (cost=239.05..38074.11 rows=11182 width=121)
	              Recheck Cond: ((id >= 5612417) AND (id <= 5622416))
	              ->  Bitmap Index Scan on sbtest6_pkey  (cost=0.00..236.25 rows=11182 width=0)
	                    Index Cond: ((id >= 5612417) AND (id <= 5622416))

table 7 : explain SELECT DISTINCT c FROM sbtest7 WHERE id BETWEEN 7451462 AND 7461461 ORDER BY c
	Unique  (cost=36982.13..37035.12 rows=10598 width=121)
	  ->  Sort  (cost=36982.13..37008.62 rows=10598 width=121)
	        Sort Key: c
	        ->  Bitmap Heap Scan on sbtest7  (cost=229.06..36273.57 rows=10598 width=121)
	              Recheck Cond: ((id >= 7451462) AND (id <= 7461461))
	              ->  Bitmap Index Scan on sbtest7_pkey  (cost=0.00..226.42 rows=10598 width=0)
	                    Index Cond: ((id >= 7451462) AND (id <= 7461461))

table 8 : explain SELECT DISTINCT c FROM sbtest8 WHERE id BETWEEN 7985190 AND 7995189 ORDER BY c
	Unique  (cost=39203.05..39259.56 rows=11301 width=121)
	  ->  Sort  (cost=39203.05..39231.30 rows=11301 width=121)
	        Sort Key: c
	        ->  Bitmap Heap Scan on sbtest8  (cost=244.27..38442.26 rows=11301 width=121)
	              Recheck Cond: ((id >= 7985190) AND (id <= 7995189))
	              ->  Bitmap Index Scan on sbtest8_pkey  (cost=0.00..241.44 rows=11301 width=0)
	                    Index Cond: ((id >= 7985190) AND (id <= 7995189))

for: distinct_ranges
table 1 : explain SELECT DISTINCT c FROM sbtest1 WHERE id BETWEEN 7433974 AND 7443973 ORDER BY c
	Unique  (cost=33307.54..33354.93 rows=9477 width=121)
	  ->  Sort  (cost=33307.54..33331.23 rows=9477 width=121)
	        Sort Key: c
	        ->  Bitmap Heap Scan on sbtest1  (cost=205.57..32681.58 rows=9477 width=121)
	              Recheck Cond: ((id >= 7433974) AND (id <= 7443973))
	              ->  Bitmap Index Scan on sbtest1_pkey  (cost=0.00..203.20 rows=9477 width=0)
	                    Index Cond: ((id >= 7433974) AND (id <= 7443973))

table 2 : explain SELECT DISTINCT c FROM sbtest2 WHERE id BETWEEN 9125689 AND 9135688 ORDER BY c
	Unique  (cost=35152.44..35202.66 rows=10044 width=121)
	  ->  Sort  (cost=35152.44..35177.55 rows=10044 width=121)
	        Sort Key: c
	        ->  Bitmap Heap Scan on sbtest2  (cost=215.39..34484.81 rows=10044 width=121)
	              Recheck Cond: ((id >= 9125689) AND (id <= 9135688))
	              ->  Bitmap Index Scan on sbtest2_pkey  (cost=0.00..212.88 rows=10044 width=0)
	                    Index Cond: ((id >= 9125689) AND (id <= 9135688))

table 3 : explain SELECT DISTINCT c FROM sbtest3 WHERE id BETWEEN 3443552 AND 3453551 ORDER BY c
	Unique  (cost=32776.94..32823.44 rows=9301 width=121)
	  ->  Sort  (cost=32776.94..32800.19 rows=9301 width=121)
	        Sort Key: c
	        ->  Bitmap Heap Scan on sbtest3  (cost=199.77..32163.85 rows=9301 width=121)
	              Recheck Cond: ((id >= 3443552) AND (id <= 3453551))
	              ->  Bitmap Index Scan on sbtest3_pkey  (cost=0.00..197.44 rows=9301 width=0)
	                    Index Cond: ((id >= 3443552) AND (id <= 3453551))

table 4 : explain SELECT DISTINCT c FROM sbtest4 WHERE id BETWEEN 4160643 AND 4170642 ORDER BY c
	Unique  (cost=35473.78..35524.45 rows=10134 width=121)
	  ->  Sort  (cost=35473.78..35499.12 rows=10134 width=121)
	        Sort Key: c
	        ->  Bitmap Heap Scan on sbtest4  (cost=216.31..34799.52 rows=10134 width=121)
	              Recheck Cond: ((id >= 4160643) AND (id <= 4170642))
	              ->  Bitmap Index Scan on sbtest4_pkey  (cost=0.00..213.78 rows=10134 width=0)
	                    Index Cond: ((id >= 4160643) AND (id <= 4170642))

table 5 : explain SELECT DISTINCT c FROM sbtest5 WHERE id BETWEEN 4682180 AND 4692179 ORDER BY c
	Unique  (cost=36904.66..36957.57 rows=10582 width=121)
	  ->  Sort  (cost=36904.66..36931.11 rows=10582 width=121)
	        Sort Key: c
	        ->  Bitmap Heap Scan on sbtest5  (cost=228.90..36197.29 rows=10582 width=121)
	              Recheck Cond: ((id >= 4682180) AND (id <= 4692179))
	              ->  Bitmap Index Scan on sbtest5_pkey  (cost=0.00..226.25 rows=10582 width=0)
	                    Index Cond: ((id >= 4682180) AND (id <= 4692179))

table 6 : explain SELECT DISTINCT c FROM sbtest6 WHERE id BETWEEN 6011708 AND 6021707 ORDER BY c
	Unique  (cost=34439.24..34488.24 rows=9800 width=121)
	  ->  Sort  (cost=34439.24..34463.74 rows=9800 width=121)
	        Sort Key: c
	        ->  Bitmap Heap Scan on sbtest6  (cost=212.88..33789.57 rows=9800 width=121)
	              Recheck Cond: ((id >= 6011708) AND (id <= 6021707))
	              ->  Bitmap Index Scan on sbtest6_pkey  (cost=0.00..210.44 rows=9800 width=0)
	                    Index Cond: ((id >= 6011708) AND (id <= 6021707))

table 7 : explain SELECT DISTINCT c FROM sbtest7 WHERE id BETWEEN 2280622 AND 2290621 ORDER BY c
	Unique  (cost=35571.60..35622.37 rows=10154 width=121)
	  ->  Sort  (cost=35571.60..35596.99 rows=10154 width=121)
	        Sort Key: c
	        ->  Bitmap Heap Scan on sbtest7  (cost=220.51..34895.86 rows=10154 width=121)
	              Recheck Cond: ((id >= 2280622) AND (id <= 2290621))
	              ->  Bitmap Index Scan on sbtest7_pkey  (cost=0.00..217.98 rows=10154 width=0)
	                    Index Cond: ((id >= 2280622) AND (id <= 2290621))

table 8 : explain SELECT DISTINCT c FROM sbtest8 WHERE id BETWEEN 4102228 AND 4112227 ORDER BY c
	Unique  (cost=33260.52..33307.69 rows=9433 width=121)
	  ->  Sort  (cost=33260.52..33284.11 rows=9433 width=121)
	        Sort Key: c
	        ->  Bitmap Heap Scan on sbtest8  (cost=205.12..32637.78 rows=9433 width=121)
	              Recheck Cond: ((id >= 4102228) AND (id <= 4112227))
	              ->  Bitmap Index Scan on sbtest8_pkey  (cost=0.00..202.76 rows=9433 width=0)
	                    Index Cond: ((id >= 4102228) AND (id <= 4112227))

Threads started!

Warming up for 5 seconds...

SQL statistics:
    queries performed:
        read:                            4029144
        write:                           0
        other:                           575620
        total:                           4604764
    transactions:                        287830 (456.81 per sec.)
    queries:                             4604764 (7308.13 per sec.)
    ignored errors:                      0      (0.00 per sec.)
    reconnects:                          0      (0.00 per sec.)

Throughput:
    events/s (eps):                      456.8095
    time elapsed:                        630.0877s
    total number of events:              287830

Latency (ms):
         min:                                   48.38
         avg:                                   87.56
         max:                                  102.20
         95th percentile:                       90.78
         sum:                             25203271.97

Threads fairness:
    events (avg/stddev):           7195.7500/18.13
    execution time (avg/stddev):   630.0818/0.04

