LUA_PATH=/home/mdcallag/git/mytools/bench/sysbench.lua/lua/?.lua /home/mdcallag/git/mytools/bench/sysbench.lua/lua/sysbench --db-driver=pgsql --range-size=1000 --table-size=10000000 --tables=8 --threads=40 --events=0 --warmup-time=5 --time=630 --pgsql_conn_id=true /home/mdcallag/git/mytools/bench/sysbench.lua/lua/oltp_read_only.lua run --pgsql-user=root --pgsql-password=pw --pgsql-host=127.0.0.1 --pgsql-db=ib --rand-type=uniform --simple-ranges=0 --sum-ranges=0 --order-ranges=0 --distinct-ranges=1
48 CPUs
sysbench 1.1.0-9072687 (using bundled LuaJIT 2.1.0-beta3)

Running the test with following options:
Number of threads: 40
Warmup time: 5s
Initializing random number generator from current time


Initializing worker threads...

explain: for point_selects :: explain SELECT c FROM sbtest%u WHERE id=%u
explain: for point_selects :: explain SELECT c FROM sbtest%u WHERE id=%u
explain: for point_selects :: explain SELECT c FROM sbtest%u WHERE id=%u
explain: for point_selects :: explain SELECT c FROM sbtest%u WHERE id=%u
explain: for point_selects :: explain SELECT c FROM sbtest%u WHERE id=%u
explain: for point_selects :: explain SELECT c FROM sbtest%u WHERE id=%u
explain: for point_selects :: explain SELECT c FROM sbtest%u WHERE id=%u
explain: for point_selects :: explain SELECT c FROM sbtest%u WHERE id=%u
for point_selects
table 1 : explain SELECT c FROM sbtest1 WHERE id=5176686
	Index Scan using sbtest1_pkey on sbtest1  (cost=0.43..8.45 rows=1 width=121)
	  Index Cond: (id = 5176686)

table 2 : explain SELECT c FROM sbtest2 WHERE id=2299339
	Index Scan using sbtest2_pkey on sbtest2  (cost=0.43..8.45 rows=1 width=121)
	  Index Cond: (id = 2299339)

table 3 : explain SELECT c FROM sbtest3 WHERE id=6903240
	Index Scan using sbtest3_pkey on sbtest3  (cost=0.43..8.45 rows=1 width=121)
	  Index Cond: (id = 6903240)

table 4 : explain SELECT c FROM sbtest4 WHERE id=6056463
	Index Scan using sbtest4_pkey on sbtest4  (cost=0.43..8.45 rows=1 width=121)
	  Index Cond: (id = 6056463)

table 5 : explain SELECT c FROM sbtest5 WHERE id=6778756
	Index Scan using sbtest5_pkey on sbtest5  (cost=0.43..8.45 rows=1 width=121)
	  Index Cond: (id = 6778756)

table 6 : explain SELECT c FROM sbtest6 WHERE id=8848500
	Index Scan using sbtest6_pkey on sbtest6  (cost=0.43..8.45 rows=1 width=121)
	  Index Cond: (id = 8848500)

table 7 : explain SELECT c FROM sbtest7 WHERE id=2408461
	Index Scan using sbtest7_pkey on sbtest7  (cost=0.43..8.45 rows=1 width=121)
	  Index Cond: (id = 2408461)

table 8 : explain SELECT c FROM sbtest8 WHERE id=5177176
	Index Scan using sbtest8_pkey on sbtest8  (cost=0.43..8.45 rows=1 width=121)
	  Index Cond: (id = 5177176)

explain: for point_selects :: explain SELECT c FROM sbtest%u WHERE id=%u
for point_selects
table 1 : explain SELECT c FROM sbtest1 WHERE id=7441606
	Index Scan using sbtest1_pkey on sbtest1  (cost=0.43..8.45 rows=1 width=121)
	  Index Cond: (id = 7441606)

table 2 : explain SELECT c FROM sbtest2 WHERE id=718540
	Index Scan using sbtest2_pkey on sbtest2  (cost=0.43..8.45 rows=1 width=121)
	  Index Cond: (id = 718540)

table 3 : explain SELECT c FROM sbtest3 WHERE id=2340288
	Index Scan using sbtest3_pkey on sbtest3  (cost=0.43..8.45 rows=1 width=121)
	  Index Cond: (id = 2340288)

table 4 : explain SELECT c FROM sbtest4 WHERE id=5559755
	Index Scan using sbtest4_pkey on sbtest4  (cost=0.43..8.45 rows=1 width=121)
	  Index Cond: (id = 5559755)

table 5 : explain SELECT c FROM sbtest5 WHERE id=6984560
	Index Scan using sbtest5_pkey on sbtest5  (cost=0.43..8.45 rows=1 width=121)
	  Index Cond: (id = 6984560)

table 6 : explain SELECT c FROM sbtest6 WHERE id=2843279
	Index Scan using sbtest6_pkey on sbtest6  (cost=0.43..8.45 rows=1 width=121)
	  Index Cond: (id = 2843279)

table 7 : explain SELECT c FROM sbtest7 WHERE id=491457
	Index Scan using sbtest7_pkey on sbtest7  (cost=0.43..8.45 rows=1 width=121)
	  Index Cond: (id = 491457)

table 8 : explain SELECT c FROM sbtest8 WHERE id=6508358
	Index Scan using sbtest8_pkey on sbtest8  (cost=0.43..8.45 rows=1 width=121)
	  Index Cond: (id = 6508358)

for point_selects
table 1 : explain SELECT c FROM sbtest1 WHERE id=6294244
	Index Scan using sbtest1_pkey on sbtest1  (cost=0.43..8.45 rows=1 width=121)
	  Index Cond: (id = 6294244)

table 2 : explain SELECT c FROM sbtest2 WHERE id=425564
	Index Scan using sbtest2_pkey on sbtest2  (cost=0.43..8.45 rows=1 width=121)
	  Index Cond: (id = 425564)

table 3 : explain SELECT c FROM sbtest3 WHERE id=1284541
	Index Scan using sbtest3_pkey on sbtest3  (cost=0.43..8.45 rows=1 width=121)
	  Index Cond: (id = 1284541)

table 4 : explain SELECT c FROM sbtest4 WHERE id=9502396
	Index Scan using sbtest4_pkey on sbtest4  (cost=0.43..8.45 rows=1 width=121)
	  Index Cond: (id = 9502396)

table 5 : explain SELECT c FROM sbtest5 WHERE id=7739762
	Index Scan using sbtest5_pkey on sbtest5  (cost=0.43..8.45 rows=1 width=121)
	  Index Cond: (id = 7739762)

table 6 : explain SELECT c FROM sbtest6 WHERE id=4342193
	Index Scan using sbtest6_pkey on sbtest6  (cost=0.43..8.45 rows=1 width=121)
	  Index Cond: (id = 4342193)

table 7 : explain SELECT c FROM sbtest7 WHERE id=7766400
	Index Scan using sbtest7_pkey on sbtest7  (cost=0.43..8.45 rows=1 width=121)
	  Index Cond: (id = 7766400)

table 8 : explain SELECT c FROM sbtest8 WHERE id=3383880
	Index Scan using sbtest8_pkey on sbtest8  (cost=0.43..8.45 rows=1 width=121)
	  Index Cond: (id = 3383880)

for point_selects
table 1 : explain SELECT c FROM sbtest1 WHERE id=4089092
	Index Scan using sbtest1_pkey on sbtest1  (cost=0.43..8.45 rows=1 width=121)
	  Index Cond: (id = 4089092)

table 2 : explain SELECT c FROM sbtest2 WHERE id=6809903
	Index Scan using sbtest2_pkey on sbtest2  (cost=0.43..8.45 rows=1 width=121)
	  Index Cond: (id = 6809903)

table 3 : explain SELECT c FROM sbtest3 WHERE id=3434070
	Index Scan using sbtest3_pkey on sbtest3  (cost=0.43..8.45 rows=1 width=121)
	  Index Cond: (id = 3434070)

table 4 : explain SELECT c FROM sbtest4 WHERE id=5265267
	Index Scan using sbtest4_pkey on sbtest4  (cost=0.43..8.45 rows=1 width=121)
	  Index Cond: (id = 5265267)

table 5 : explain SELECT c FROM sbtest5 WHERE id=1882613
	Index Scan using sbtest5_pkey on sbtest5  (cost=0.43..8.45 rows=1 width=121)
	  Index Cond: (id = 1882613)

table 6 : explain SELECT c FROM sbtest6 WHERE id=9254648
	Index Scan using sbtest6_pkey on sbtest6  (cost=0.43..8.45 rows=1 width=121)
	  Index Cond: (id = 9254648)

table 7 : explain SELECT c FROM sbtest7 WHERE id=4434555
	Index Scan using sbtest7_pkey on sbtest7  (cost=0.43..8.45 rows=1 width=121)
	  Index Cond: (id = 4434555)

table 8 : explain SELECT c FROM sbtest8 WHERE id=6500227
	Index Scan using sbtest8_pkey on sbtest8  (cost=0.43..8.45 rows=1 width=121)
	  Index Cond: (id = 6500227)

for: simple_ranges
table 1 : explain SELECT c FROM sbtest1 WHERE id BETWEEN 4485699 AND 4486698
	Bitmap Heap Scan on sbtest1  (cost=30.72..3883.84 rows=1003 width=121)
	  Recheck Cond: ((id >= 4485699) AND (id <= 4486698))
	  ->  Bitmap Index Scan on sbtest1_pkey  (cost=0.00..30.46 rows=1003 width=0)
	        Index Cond: ((id >= 4485699) AND (id <= 4486698))

table 2 : explain SELECT c FROM sbtest2 WHERE id BETWEEN 1518127 AND 1519126
	Bitmap Heap Scan on sbtest2  (cost=30.31..3731.71 rows=963 width=121)
	  Recheck Cond: ((id >= 1518127) AND (id <= 1519126))
	  ->  Bitmap Index Scan on sbtest2_pkey  (cost=0.00..30.07 rows=963 width=0)
	        Index Cond: ((id >= 1518127) AND (id <= 1519126))

table 3 : explain SELECT c FROM sbtest3 WHERE id BETWEEN 616996 AND 617995
	Bitmap Heap Scan on sbtest3  (cost=31.14..4043.61 rows=1044 width=121)
	  Recheck Cond: ((id >= 616996) AND (id <= 617995))
	  ->  Bitmap Index Scan on sbtest3_pkey  (cost=0.00..30.87 rows=1044 width=0)
	        Index Cond: ((id >= 616996) AND (id <= 617995))

table 4 : explain SELECT c FROM sbtest4 WHERE id BETWEEN 1535883 AND 1536882
	Bitmap Heap Scan on sbtest4  (cost=30.48..3800.71 rows=980 width=121)
	  Recheck Cond: ((id >= 1535883) AND (id <= 1536882))
	  ->  Bitmap Index Scan on sbtest4_pkey  (cost=0.00..30.23 rows=980 width=0)
	        Index Cond: ((id >= 1535883) AND (id <= 1536882))

table 5 : explain SELECT c FROM sbtest5 WHERE id BETWEEN 2252044 AND 2253043
	Bitmap Heap Scan on sbtest5  (cost=25.78..3535.50 rows=912 width=121)
	  Recheck Cond: ((id >= 2252044) AND (id <= 2253043))
	  ->  Bitmap Index Scan on sbtest5_pkey  (cost=0.00..25.55 rows=912 width=0)
	        Index Cond: ((id >= 2252044) AND (id <= 2253043))

table 6 : explain SELECT c FROM sbtest6 WHERE id BETWEEN 3565722 AND 3566721
	Bitmap Heap Scan on sbtest6  (cost=30.39..3763.91 rows=971 width=121)
	  Recheck Cond: ((id >= 3565722) AND (id <= 3566721))
	  ->  Bitmap Index Scan on sbtest6_pkey  (cost=0.00..30.14 rows=971 width=0)
	        Index Cond: ((id >= 3565722) AND (id <= 3566721))

table 7 : explain SELECT c FROM sbtest7 WHERE id BETWEEN 5332158 AND 5333157
	Bitmap Heap Scan on sbtest7  (cost=30.96..3979.88 rows=1027 width=121)
	  Recheck Cond: ((id >= 5332158) AND (id <= 5333157))
	  ->  Bitmap Index Scan on sbtest7_pkey  (cost=0.00..30.70 rows=1027 width=0)
	        Index Cond: ((id >= 5332158) AND (id <= 5333157))

table 8 : explain SELECT c FROM sbtest8 WHERE id BETWEEN 895664 AND 896663
	Bitmap Heap Scan on sbtest8  (cost=30.06..3640.99 rows=939 width=121)
	  Recheck Cond: ((id >= 895664) AND (id <= 896663))
	  ->  Bitmap Index Scan on sbtest8_pkey  (cost=0.00..29.82 rows=939 width=0)
	        Index Cond: ((id >= 895664) AND (id <= 896663))

for point_selects
table 1 : explain SELECT c FROM sbtest1 WHERE id=8712946
	Index Scan using sbtest1_pkey on sbtest1  (cost=0.43..8.45 rows=1 width=121)
	  Index Cond: (id = 8712946)

table 2 : explain SELECT c FROM sbtest2 WHERE id=3119776
	Index Scan using sbtest2_pkey on sbtest2  (cost=0.43..8.45 rows=1 width=121)
	  Index Cond: (id = 3119776)

table 3 : explain SELECT c FROM sbtest3 WHERE id=8954913
	Index Scan using sbtest3_pkey on sbtest3  (cost=0.43..8.45 rows=1 width=121)
	  Index Cond: (id = 8954913)

table 4 : explain SELECT c FROM sbtest4 WHERE id=7894943
	Index Scan using sbtest4_pkey on sbtest4  (cost=0.43..8.45 rows=1 width=121)
	  Index Cond: (id = 7894943)

table 5 : explain SELECT c FROM sbtest5 WHERE id=8135594
	Index Scan using sbtest5_pkey on sbtest5  (cost=0.43..8.45 rows=1 width=121)
	  Index Cond: (id = 8135594)

table 6 : explain SELECT c FROM sbtest6 WHERE id=1827288
	Index Scan using sbtest6_pkey on sbtest6  (cost=0.43..8.45 rows=1 width=121)
	  Index Cond: (id = 1827288)

table 7 : explain SELECT c FROM sbtest7 WHERE id=8101932
	Index Scan using sbtest7_pkey on sbtest7  (cost=0.43..8.45 rows=1 width=121)
	  Index Cond: (id = 8101932)

table 8 : explain SELECT c FROM sbtest8 WHERE id=9768722
	Index Scan using sbtest8_pkey on sbtest8  (cost=0.43..8.45 rows=1 width=121)
	  Index Cond: (id = 9768722)

for: simple_ranges
table 1 : explain SELECT c FROM sbtest1 WHERE id BETWEEN 235927 AND 236926
	Bitmap Heap Scan on sbtest1  (cost=30.86..3936.62 rows=1017 width=121)
	  Recheck Cond: ((id >= 235927) AND (id <= 236926))
	  ->  Bitmap Index Scan on sbtest1_pkey  (cost=0.00..30.61 rows=1017 width=0)
	        Index Cond: ((id >= 235927) AND (id <= 236926))

table 2 : explain SELECT c FROM sbtest2 WHERE id BETWEEN 4058046 AND 4059045
	Bitmap Heap Scan on sbtest2  (cost=30.85..3931.56 rows=1016 width=121)
	  Recheck Cond: ((id >= 4058046) AND (id <= 4059045))
	  ->  Bitmap Index Scan on sbtest2_pkey  (cost=0.00..30.59 rows=1016 width=0)
	        Index Cond: ((id >= 4058046) AND (id <= 4059045))

table 3 : explain SELECT c FROM sbtest3 WHERE id BETWEEN 7749363 AND 7750362
	Bitmap Heap Scan on sbtest3  (cost=31.38..4134.13 rows=1068 width=121)
	  Recheck Cond: ((id >= 7749363) AND (id <= 7750362))
	  ->  Bitmap Index Scan on sbtest3_pkey  (cost=0.00..31.11 rows=1068 width=0)
	        Index Cond: ((id >= 7749363) AND (id <= 7750362))

table 4 : explain SELECT c FROM sbtest4 WHERE id BETWEEN 5816674 AND 5817673
	Bitmap Heap Scan on sbtest4  (cost=31.14..4042.34 rows=1044 width=121)
	  Recheck Cond: ((id >= 5816674) AND (id <= 5817673))
	  ->  Bitmap Index Scan on sbtest4_pkey  (cost=0.00..30.87 rows=1044 width=0)
	        Index Cond: ((id >= 5816674) AND (id <= 5817673))

table 5 : explain SELECT c FROM sbtest5 WHERE id BETWEEN 3852118 AND 3853117
	Bitmap Heap Scan on sbtest5  (cost=30.52..3811.43 rows=984 width=121)
	  Recheck Cond: ((id >= 3852118) AND (id <= 3853117))
	  ->  Bitmap Index Scan on sbtest5_pkey  (cost=0.00..30.27 rows=984 width=0)
	        Index Cond: ((id >= 3852118) AND (id <= 3853117))

table 6 : explain SELECT c FROM sbtest6 WHERE id BETWEEN 2111711 AND 2112710
	Bitmap Heap Scan on sbtest6  (cost=30.65..3862.05 rows=997 width=121)
	  Recheck Cond: ((id >= 2111711) AND (id <= 2112710))
	  ->  Bitmap Index Scan on sbtest6_pkey  (cost=0.00..30.40 rows=997 width=0)
	        Index Cond: ((id >= 2111711) AND (id <= 2112710))

table 7 : explain SELECT c FROM sbtest7 WHERE id BETWEEN 4230400 AND 4231399
	Bitmap Heap Scan on sbtest7  (cost=31.40..4142.13 rows=1070 width=121)
	  Recheck Cond: ((id >= 4230400) AND (id <= 4231399))
	  ->  Bitmap Index Scan on sbtest7_pkey  (cost=0.00..31.14 rows=1070 width=0)
	        Index Cond: ((id >= 4230400) AND (id <= 4231399))

table 8 : explain SELECT c FROM sbtest8 WHERE id BETWEEN 421451 AND 422450
	Bitmap Heap Scan on sbtest8  (cost=31.07..4014.29 rows=1038 width=121)
	  Recheck Cond: ((id >= 421451) AND (id <= 422450))
	  ->  Bitmap Index Scan on sbtest8_pkey  (cost=0.00..30.82 rows=1038 width=0)
	        Index Cond: ((id >= 421451) AND (id <= 422450))

for: simple_ranges
table 1 : explain SELECT c FROM sbtest1 WHERE id BETWEEN 156106 AND 157105
	Bitmap Heap Scan on sbtest1  (cost=30.63..3853.67 rows=995 width=121)
	  Recheck Cond: ((id >= 156106) AND (id <= 157105))
	  ->  Bitmap Index Scan on sbtest1_pkey  (cost=0.00..30.39 rows=995 width=0)
	        Index Cond: ((id >= 156106) AND (id <= 157105))

table 2 : explain SELECT c FROM sbtest2 WHERE id BETWEEN 7346813 AND 7347812
	Bitmap Heap Scan on sbtest2  (cost=31.46..4157.37 rows=1076 width=121)
	  Recheck Cond: ((id >= 7346813) AND (id <= 7347812))
	  ->  Bitmap Index Scan on sbtest2_pkey  (cost=0.00..31.19 rows=1076 width=0)
	        Index Cond: ((id >= 7346813) AND (id <= 7347812))

table 3 : explain SELECT c FROM sbtest3 WHERE id BETWEEN 8468585 AND 8469584
	Bitmap Heap Scan on sbtest3  (cost=30.07..3650.52 rows=940 width=121)
	  Recheck Cond: ((id >= 8468585) AND (id <= 8469584))
	  ->  Bitmap Index Scan on sbtest3_pkey  (cost=0.00..29.83 rows=940 width=0)
	        Index Cond: ((id >= 8468585) AND (id <= 8469584))

table 4 : explain SELECT c FROM sbtest4 WHERE id BETWEEN 1990534 AND 1991533
	Bitmap Heap Scan on sbtest4  (cost=31.88..4317.33 rows=1117 width=121)
	  Recheck Cond: ((id >= 1990534) AND (id <= 1991533))
	  ->  Bitmap Index Scan on sbtest4_pkey  (cost=0.00..31.61 rows=1117 width=0)
	        Index Cond: ((id >= 1990534) AND (id <= 1991533))

table 5 : explain SELECT c FROM sbtest5 WHERE id BETWEEN 8679971 AND 8680970
	Bitmap Heap Scan on sbtest5  (cost=31.14..4037.54 rows=1044 width=121)
	  Recheck Cond: ((id >= 8679971) AND (id <= 8680970))
	  ->  Bitmap Index Scan on sbtest5_pkey  (cost=0.00..30.87 rows=1044 width=0)
	        Index Cond: ((id >= 8679971) AND (id <= 8680970))

table 6 : explain SELECT c FROM sbtest6 WHERE id BETWEEN 129257 AND 130256
	Bitmap Heap Scan on sbtest6  (cost=25.70..3506.61 rows=904 width=121)
	  Recheck Cond: ((id >= 129257) AND (id <= 130256))
	  ->  Bitmap Index Scan on sbtest6_pkey  (cost=0.00..25.47 rows=904 width=0)
	        Index Cond: ((id >= 129257) AND (id <= 130256))

table 7 : explain SELECT c FROM sbtest7 WHERE id BETWEEN 8413577 AND 8414576
	Bitmap Heap Scan on sbtest7  (cost=31.12..4036.50 rows=1042 width=121)
	  Recheck Cond: ((id >= 8413577) AND (id <= 8414576))
	  ->  Bitmap Index Scan on sbtest7_pkey  (cost=0.00..30.86 rows=1042 width=0)
	        Index Cond: ((id >= 8413577) AND (id <= 8414576))

table 8 : explain SELECT c FROM sbtest8 WHERE id BETWEEN 6267843 AND 6268842
	Bitmap Heap Scan on sbtest8  (cost=31.52..4176.05 rows=1081 width=121)
	  Recheck Cond: ((id >= 6267843) AND (id <= 6268842))
	  ->  Bitmap Index Scan on sbtest8_pkey  (cost=0.00..31.25 rows=1081 width=0)
	        Index Cond: ((id >= 6267843) AND (id <= 6268842))

for: simple_ranges
table 1 : explain SELECT c FROM sbtest1 WHERE id BETWEEN 4037128 AND 4038127
	Bitmap Heap Scan on sbtest1  (cost=30.58..3834.81 rows=990 width=121)
	  Recheck Cond: ((id >= 4037128) AND (id <= 4038127))
	  ->  Bitmap Index Scan on sbtest1_pkey  (cost=0.00..30.33 rows=990 width=0)
	        Index Cond: ((id >= 4037128) AND (id <= 4038127))

table 2 : explain SELECT c FROM sbtest2 WHERE id BETWEEN 1576561 AND 1577560
	Bitmap Heap Scan on sbtest2  (cost=30.31..3731.71 rows=963 width=121)
	  Recheck Cond: ((id >= 1576561) AND (id <= 1577560))
	  ->  Bitmap Index Scan on sbtest2_pkey  (cost=0.00..30.07 rows=963 width=0)
	        Index Cond: ((id >= 1576561) AND (id <= 1577560))

table 3 : explain SELECT c FROM sbtest3 WHERE id BETWEEN 3080850 AND 3081849
	Bitmap Heap Scan on sbtest3  (cost=31.01..3998.32 rows=1032 width=121)
	  Recheck Cond: ((id >= 3080850) AND (id <= 3081849))
	  ->  Bitmap Index Scan on sbtest3_pkey  (cost=0.00..30.75 rows=1032 width=0)
	        Index Cond: ((id >= 3080850) AND (id <= 3081849))

table 4 : explain SELECT c FROM sbtest4 WHERE id BETWEEN 7092759 AND 7093758
	Bitmap Heap Scan on sbtest4  (cost=30.44..3785.59 rows=976 width=121)
	  Recheck Cond: ((id >= 7092759) AND (id <= 7093758))
	  ->  Bitmap Index Scan on sbtest4_pkey  (cost=0.00..30.19 rows=976 width=0)
	        Index Cond: ((id >= 7092759) AND (id <= 7093758))

table 5 : explain SELECT c FROM sbtest5 WHERE id BETWEEN 4222812 AND 4223811
	Bitmap Heap Scan on sbtest5  (cost=31.45..4154.18 rows=1075 width=121)
	  Recheck Cond: ((id >= 4222812) AND (id <= 4223811))
	  ->  Bitmap Index Scan on sbtest5_pkey  (cost=0.00..31.18 rows=1075 width=0)
	        Index Cond: ((id >= 4222812) AND (id <= 4223811))

table 6 : explain SELECT c FROM sbtest6 WHERE id BETWEEN 8125446 AND 8126445
	Bitmap Heap Scan on sbtest6  (cost=25.62..3476.33 rows=896 width=121)
	  Recheck Cond: ((id >= 8125446) AND (id <= 8126445))
	  ->  Bitmap Index Scan on sbtest6_pkey  (cost=0.00..25.39 rows=896 width=0)
	        Index Cond: ((id >= 8125446) AND (id <= 8126445))

table 7 : explain SELECT c FROM sbtest7 WHERE id BETWEEN 4510753 AND 4511752
	Bitmap Heap Scan on sbtest7  (cost=30.56..3832.52 rows=988 width=121)
	  Recheck Cond: ((id >= 4510753) AND (id <= 4511752))
	  ->  Bitmap Index Scan on sbtest7_pkey  (cost=0.00..30.32 rows=988 width=0)
	        Index Cond: ((id >= 4510753) AND (id <= 4511752))

table 8 : explain SELECT c FROM sbtest8 WHERE id BETWEEN 5780800 AND 5781799
	Bitmap Heap Scan on sbtest8  (cost=30.79..3908.84 rows=1010 width=121)
	  Recheck Cond: ((id >= 5780800) AND (id <= 5781799))
	  ->  Bitmap Index Scan on sbtest8_pkey  (cost=0.00..30.54 rows=1010 width=0)
	        Index Cond: ((id >= 5780800) AND (id <= 5781799))

explain: for point_selects :: explain SELECT c FROM sbtest%u WHERE id=%u
for point_selects
table 1 : explain SELECT c FROM sbtest1 WHERE id=6319279
	Index Scan using sbtest1_pkey on sbtest1  (cost=0.43..8.45 rows=1 width=121)
	  Index Cond: (id = 6319279)

table 2 : explain SELECT c FROM sbtest2 WHERE id=1859012
	Index Scan using sbtest2_pkey on sbtest2  (cost=0.43..8.45 rows=1 width=121)
	  Index Cond: (id = 1859012)

table 3 : explain SELECT c FROM sbtest3 WHERE id=1974351
	Index Scan using sbtest3_pkey on sbtest3  (cost=0.43..8.45 rows=1 width=121)
	  Index Cond: (id = 1974351)

table 4 : explain SELECT c FROM sbtest4 WHERE id=7946751
	Index Scan using sbtest4_pkey on sbtest4  (cost=0.43..8.45 rows=1 width=121)
	  Index Cond: (id = 7946751)

table 5 : explain SELECT c FROM sbtest5 WHERE id=243214
	Index Scan using sbtest5_pkey on sbtest5  (cost=0.43..8.45 rows=1 width=121)
	  Index Cond: (id = 243214)

table 6 : explain SELECT c FROM sbtest6 WHERE id=3721370
	Index Scan using sbtest6_pkey on sbtest6  (cost=0.43..8.45 rows=1 width=121)
	  Index Cond: (id = 3721370)

table 7 : explain SELECT c FROM sbtest7 WHERE id=5555652
	Index Scan using sbtest7_pkey on sbtest7  (cost=0.43..8.45 rows=1 width=121)
	  Index Cond: (id = 5555652)

table 8 : explain SELECT c FROM sbtest8 WHERE id=8689236
	Index Scan using sbtest8_pkey on sbtest8  (cost=0.43..8.45 rows=1 width=121)
	  Index Cond: (id = 8689236)

for: simple_ranges
table 1 : explain SELECT c FROM sbtest1 WHERE id BETWEEN 8695492 AND 8696491
	Bitmap Heap Scan on sbtest1  (cost=30.49..3800.85 rows=981 width=121)
	  Recheck Cond: ((id >= 8695492) AND (id <= 8696491))
	  ->  Bitmap Index Scan on sbtest1_pkey  (cost=0.00..30.25 rows=981 width=0)
	        Index Cond: ((id >= 8695492) AND (id <= 8696491))

table 2 : explain SELECT c FROM sbtest2 WHERE id BETWEEN 90694 AND 91693
	Bitmap Heap Scan on sbtest2  (cost=31.12..4029.46 rows=1042 width=121)
	  Recheck Cond: ((id >= 90694) AND (id <= 91693))
	  ->  Bitmap Index Scan on sbtest2_pkey  (cost=0.00..30.86 rows=1042 width=0)
	        Index Cond: ((id >= 90694) AND (id <= 91693))

table 3 : explain SELECT c FROM sbtest3 WHERE id BETWEEN 665482 AND 666481
	Bitmap Heap Scan on sbtest3  (cost=31.14..4043.61 rows=1044 width=121)
	  Recheck Cond: ((id >= 665482) AND (id <= 666481))
	  ->  Bitmap Index Scan on sbtest3_pkey  (cost=0.00..30.87 rows=1044 width=0)
	        Index Cond: ((id >= 665482) AND (id <= 666481))

table 4 : explain SELECT c FROM sbtest4 WHERE id BETWEEN 9597263 AND 9598262
	Bitmap Heap Scan on sbtest4  (cost=30.80..3917.81 rows=1011 width=121)
	  Recheck Cond: ((id >= 9597263) AND (id <= 9598262))
	  ->  Bitmap Index Scan on sbtest4_pkey  (cost=0.00..30.54 rows=1011 width=0)
	        Index Cond: ((id >= 9597263) AND (id <= 9598262))

table 5 : explain SELECT c FROM sbtest5 WHERE id BETWEEN 8849794 AND 8850793
	Bitmap Heap Scan on sbtest5  (cost=30.91..3954.68 rows=1022 width=121)
	  Recheck Cond: ((id >= 8849794) AND (id <= 8850793))
	  ->  Bitmap Index Scan on sbtest5_pkey  (cost=0.00..30.65 rows=1022 width=0)
	        Index Cond: ((id >= 8849794) AND (id <= 8850793))

table 6 : explain SELECT c FROM sbtest6 WHERE id BETWEEN 3982193 AND 3983192
	Bitmap Heap Scan on sbtest6  (cost=30.66..3865.82 rows=998 width=121)
	  Recheck Cond: ((id >= 3982193) AND (id <= 3983192))
	  ->  Bitmap Index Scan on sbtest6_pkey  (cost=0.00..30.41 rows=998 width=0)
	        Index Cond: ((id >= 3982193) AND (id <= 3983192))

table 7 : explain SELECT c FROM sbtest7 WHERE id BETWEEN 954857 AND 955856
	Bitmap Heap Scan on sbtest7  (cost=31.09..4028.96 rows=1040 width=121)
	  Recheck Cond: ((id >= 954857) AND (id <= 955856))
	  ->  Bitmap Index Scan on sbtest7_pkey  (cost=0.00..30.83 rows=1040 width=0)
	        Index Cond: ((id >= 954857) AND (id <= 955856))

table 8 : explain SELECT c FROM sbtest8 WHERE id BETWEEN 681491 AND 682490
	Bitmap Heap Scan on sbtest8  (cost=30.25..3712.74 rows=958 width=121)
	  Recheck Cond: ((id >= 681491) AND (id <= 682490))
	  ->  Bitmap Index Scan on sbtest8_pkey  (cost=0.00..30.01 rows=958 width=0)
	        Index Cond: ((id >= 681491) AND (id <= 682490))

for point_selects
table 1 : explain SELECT c FROM sbtest1 WHERE id=8579167
	Index Scan using sbtest1_pkey on sbtest1  (cost=0.43..8.45 rows=1 width=121)
	  Index Cond: (id = 8579167)

table 2 : explain SELECT c FROM sbtest2 WHERE id=1997674
	Index Scan using sbtest2_pkey on sbtest2  (cost=0.43..8.45 rows=1 width=121)
	  Index Cond: (id = 1997674)

table 3 : explain SELECT c FROM sbtest3 WHERE id=3594931
	Index Scan using sbtest3_pkey on sbtest3  (cost=0.43..8.45 rows=1 width=121)
	  Index Cond: (id = 3594931)

table 4 : explain SELECT c FROM sbtest4 WHERE id=9719749
	Index Scan using sbtest4_pkey on sbtest4  (cost=0.43..8.45 rows=1 width=121)
	  Index Cond: (id = 9719749)

table 5 : explain SELECT c FROM sbtest5 WHERE id=492875
	Index Scan using sbtest5_pkey on sbtest5  (cost=0.43..8.45 rows=1 width=121)
	  Index Cond: (id = 492875)

table 6 : explain SELECT c FROM sbtest6 WHERE id=1423933
	Index Scan using sbtest6_pkey on sbtest6  (cost=0.43..8.45 rows=1 width=121)
	  Index Cond: (id = 1423933)

table 7 : explain SELECT c FROM sbtest7 WHERE id=8770059
	Index Scan using sbtest7_pkey on sbtest7  (cost=0.43..8.45 rows=1 width=121)
	  Index Cond: (id = 8770059)

table 8 : explain SELECT c FROM sbtest8 WHERE id=5019639
	Index Scan using sbtest8_pkey on sbtest8  (cost=0.43..8.45 rows=1 width=121)
	  Index Cond: (id = 5019639)

explain: for point_selects :: explain SELECT c FROM sbtest%u WHERE id=%u
for point_selects
table 1 : explain SELECT c FROM sbtest1 WHERE id=9530095
	Index Scan using sbtest1_pkey on sbtest1  (cost=0.43..8.45 rows=1 width=121)
	  Index Cond: (id = 9530095)

table 2 : explain SELECT c FROM sbtest2 WHERE id=4087062
	Index Scan using sbtest2_pkey on sbtest2  (cost=0.43..8.45 rows=1 width=121)
	  Index Cond: (id = 4087062)

table 3 : explain SELECT c FROM sbtest3 WHERE id=6200306
	Index Scan using sbtest3_pkey on sbtest3  (cost=0.43..8.45 rows=1 width=121)
	  Index Cond: (id = 6200306)

table 4 : explain SELECT c FROM sbtest4 WHERE id=1140931
	Index Scan using sbtest4_pkey on sbtest4  (cost=0.43..8.45 rows=1 width=121)
	  Index Cond: (id = 1140931)

table 5 : explain SELECT c FROM sbtest5 WHERE id=2379095
	Index Scan using sbtest5_pkey on sbtest5  (cost=0.43..8.45 rows=1 width=121)
	  Index Cond: (id = 2379095)

table 6 : explain SELECT c FROM sbtest6 WHERE id=4489918
	Index Scan using sbtest6_pkey on sbtest6  (cost=0.43..8.45 rows=1 width=121)
	  Index Cond: (id = 4489918)

table 7 : explain SELECT c FROM sbtest7 WHERE id=592341
	Index Scan using sbtest7_pkey on sbtest7  (cost=0.43..8.45 rows=1 width=121)
	  Index Cond: (id = 592341)

table 8 : explain SELECT c FROM sbtest8 WHERE id=1658102
	Index Scan using sbtest8_pkey on sbtest8  (cost=0.43..8.45 rows=1 width=121)
	  Index Cond: (id = 1658102)

for: sum_ranges
table 1 : explain SELECT SUM(k) FROM sbtest1 WHERE id BETWEEN 6100351 AND 6101350
	Aggregate  (cost=3991.95..3991.96 rows=1 width=8)
	  ->  Bitmap Heap Scan on sbtest1  (cost=31.00..3989.37 rows=1031 width=4)
	        Recheck Cond: ((id >= 6100351) AND (id <= 6101350))
	        ->  Bitmap Index Scan on sbtest1_pkey  (cost=0.00..30.75 rows=1031 width=0)
	              Index Cond: ((id >= 6100351) AND (id <= 6101350))

table 2 : explain SELECT SUM(k) FROM sbtest2 WHERE id BETWEEN 887293 AND 888292
	Aggregate  (cost=3582.94..3582.95 rows=1 width=8)
	  ->  Bitmap Heap Scan on sbtest2  (cost=29.90..3580.64 rows=923 width=4)
	        Recheck Cond: ((id >= 887293) AND (id <= 888292))
	        ->  Bitmap Index Scan on sbtest2_pkey  (cost=0.00..29.66 rows=923 width=0)
	              Index Cond: ((id >= 887293) AND (id <= 888292))

table 3 : explain SELECT SUM(k) FROM sbtest3 WHERE id BETWEEN 6590884 AND 6591883
	Aggregate  (cost=4178.30..4178.31 rows=1 width=8)
	  ->  Bitmap Heap Scan on sbtest3  (cost=31.49..4175.60 rows=1079 width=4)
	        Recheck Cond: ((id >= 6590884) AND (id <= 6591883))
	        ->  Bitmap Index Scan on sbtest3_pkey  (cost=0.00..31.22 rows=1079 width=0)
	              Index Cond: ((id >= 6590884) AND (id <= 6591883))

table 4 : explain SELECT SUM(k) FROM sbtest4 WHERE id BETWEEN 2390736 AND 2391735
	Aggregate  (cost=3833.41..3833.42 rows=1 width=8)
	  ->  Bitmap Heap Scan on sbtest4  (cost=30.56..3830.94 rows=988 width=4)
	        Recheck Cond: ((id >= 2390736) AND (id <= 2391735))
	        ->  Bitmap Index Scan on sbtest4_pkey  (cost=0.00..30.32 rows=988 width=0)
	              Index Cond: ((id >= 2390736) AND (id <= 2391735))

table 5 : explain SELECT SUM(k) FROM sbtest5 WHERE id BETWEEN 4223445 AND 4224444
	Aggregate  (cost=4156.86..4156.87 rows=1 width=8)
	  ->  Bitmap Heap Scan on sbtest5  (cost=31.45..4154.18 rows=1075 width=4)
	        Recheck Cond: ((id >= 4223445) AND (id <= 4224444))
	        ->  Bitmap Index Scan on sbtest5_pkey  (cost=0.00..31.18 rows=1075 width=0)
	              Index Cond: ((id >= 4223445) AND (id <= 4224444))

table 6 : explain SELECT SUM(k) FROM sbtest6 WHERE id BETWEEN 5806755 AND 5807754
	Aggregate  (cost=3890.97..3890.98 rows=1 width=8)
	  ->  Bitmap Heap Scan on sbtest6  (cost=30.73..3888.46 rows=1004 width=4)
	        Recheck Cond: ((id >= 5806755) AND (id <= 5807754))
	        ->  Bitmap Index Scan on sbtest6_pkey  (cost=0.00..30.47 rows=1004 width=0)
	              Index Cond: ((id >= 5806755) AND (id <= 5807754))

table 7 : explain SELECT SUM(k) FROM sbtest7 WHERE id BETWEEN 7050037 AND 7051036
	Aggregate  (cost=4205.40..4205.41 rows=1 width=8)
	  ->  Bitmap Heap Scan on sbtest7  (cost=35.56..4202.68 rows=1085 width=4)
	        Recheck Cond: ((id >= 7050037) AND (id <= 7051036))
	        ->  Bitmap Index Scan on sbtest7_pkey  (cost=0.00..35.29 rows=1085 width=0)
	              Index Cond: ((id >= 7050037) AND (id <= 7051036))

table 8 : explain SELECT SUM(k) FROM sbtest8 WHERE id BETWEEN 6045971 AND 6046970
	Aggregate  (cost=3688.69..3688.70 rows=1 width=8)
	  ->  Bitmap Heap Scan on sbtest8  (cost=30.18..3686.31 rows=951 width=4)
	        Recheck Cond: ((id >= 6045971) AND (id <= 6046970))
	        ->  Bitmap Index Scan on sbtest8_pkey  (cost=0.00..29.94 rows=951 width=0)
	              Index Cond: ((id >= 6045971) AND (id <= 6046970))

for point_selects
table 1 : explain SELECT c FROM sbtest1 WHERE id=9664851
	Index Scan using sbtest1_pkey on sbtest1  (cost=0.43..8.45 rows=1 width=121)
	  Index Cond: (id = 9664851)

table 2 : explain SELECT c FROM sbtest2 WHERE id=7075850
	Index Scan using sbtest2_pkey on sbtest2  (cost=0.43..8.45 rows=1 width=121)
	  Index Cond: (id = 7075850)

table 3 : explain SELECT c FROM sbtest3 WHERE id=4593326
	Index Scan using sbtest3_pkey on sbtest3  (cost=0.43..8.45 rows=1 width=121)
	  Index Cond: (id = 4593326)

table 4 : explain SELECT c FROM sbtest4 WHERE id=4534271
	Index Scan using sbtest4_pkey on sbtest4  (cost=0.43..8.45 rows=1 width=121)
	  Index Cond: (id = 4534271)

table 5 : explain SELECT c FROM sbtest5 WHERE id=6225761
	Index Scan using sbtest5_pkey on sbtest5  (cost=0.43..8.45 rows=1 width=121)
	  Index Cond: (id = 6225761)

table 6 : explain SELECT c FROM sbtest6 WHERE id=1759194
	Index Scan using sbtest6_pkey on sbtest6  (cost=0.43..8.45 rows=1 width=121)
	  Index Cond: (id = 1759194)

table 7 : explain SELECT c FROM sbtest7 WHERE id=2913798
	Index Scan using sbtest7_pkey on sbtest7  (cost=0.43..8.45 rows=1 width=121)
	  Index Cond: (id = 2913798)

table 8 : explain SELECT c FROM sbtest8 WHERE id=1501441
	Index Scan using sbtest8_pkey on sbtest8  (cost=0.43..8.45 rows=1 width=121)
	  Index Cond: (id = 1501441)

for: simple_ranges
table 1 : explain SELECT c FROM sbtest1 WHERE id BETWEEN 8823491 AND 8824490
	Bitmap Heap Scan on sbtest1  (cost=31.26..4083.52 rows=1056 width=121)
	  Recheck Cond: ((id >= 8823491) AND (id <= 8824490))
	  ->  Bitmap Index Scan on sbtest1_pkey  (cost=0.00..31.00 rows=1056 width=0)
	        Index Cond: ((id >= 8823491) AND (id <= 8824490))

table 2 : explain SELECT c FROM sbtest2 WHERE id BETWEEN 9479697 AND 9480696
	Bitmap Heap Scan on sbtest2  (cost=31.24..4074.62 rows=1054 width=121)
	  Recheck Cond: ((id >= 9479697) AND (id <= 9480696))
	  ->  Bitmap Index Scan on sbtest2_pkey  (cost=0.00..30.97 rows=1054 width=0)
	        Index Cond: ((id >= 9479697) AND (id <= 9480696))

table 3 : explain SELECT c FROM sbtest3 WHERE id BETWEEN 8553385 AND 8554384
	Bitmap Heap Scan on sbtest3  (cost=31.58..4205.75 rows=1087 width=121)
	  Recheck Cond: ((id >= 8553385) AND (id <= 8554384))
	  ->  Bitmap Index Scan on sbtest3_pkey  (cost=0.00..31.30 rows=1087 width=0)
	        Index Cond: ((id >= 8553385) AND (id <= 8554384))

table 4 : explain SELECT c FROM sbtest4 WHERE id BETWEEN 1219298 AND 1220297
	Bitmap Heap Scan on sbtest4  (cost=30.58..3838.50 rows=990 width=121)
	  Recheck Cond: ((id >= 1219298) AND (id <= 1220297))
	  ->  Bitmap Index Scan on sbtest4_pkey  (cost=0.00..30.33 rows=990 width=0)
	        Index Cond: ((id >= 1219298) AND (id <= 1220297))

table 5 : explain SELECT c FROM sbtest5 WHERE id BETWEEN 8854768 AND 8855767
	Bitmap Heap Scan on sbtest5  (cost=30.91..3954.68 rows=1022 width=121)
	  Recheck Cond: ((id >= 8854768) AND (id <= 8855767))
	  ->  Bitmap Index Scan on sbtest5_pkey  (cost=0.00..30.65 rows=1022 width=0)
	        Index Cond: ((id >= 8854768) AND (id <= 8855767))

table 6 : explain SELECT c FROM sbtest6 WHERE id BETWEEN 9124743 AND 9125742
	Bitmap Heap Scan on sbtest6  (cost=31.17..4050.54 rows=1047 width=121)
	  Recheck Cond: ((id >= 9124743) AND (id <= 9125742))
	  ->  Bitmap Index Scan on sbtest6_pkey  (cost=0.00..30.90 rows=1047 width=0)
	        Index Cond: ((id >= 9124743) AND (id <= 9125742))

table 7 : explain SELECT c FROM sbtest7 WHERE id BETWEEN 2922478 AND 2923477
	Bitmap Heap Scan on sbtest7  (cost=25.22..3332.15 rows=857 width=121)
	  Recheck Cond: ((id >= 2922478) AND (id <= 2923477))
	  ->  Bitmap Index Scan on sbtest7_pkey  (cost=0.00..25.00 rows=857 width=0)
	        Index Cond: ((id >= 2922478) AND (id <= 2923477))

table 8 : explain SELECT c FROM sbtest8 WHERE id BETWEEN 5981181 AND 5982180
	Bitmap Heap Scan on sbtest8  (cost=30.18..3686.31 rows=951 width=121)
	  Recheck Cond: ((id >= 5981181) AND (id <= 5982180))
	  ->  Bitmap Index Scan on sbtest8_pkey  (cost=0.00..29.94 rows=951 width=0)
	        Index Cond: ((id >= 5981181) AND (id <= 5982180))

for: simple_ranges
table 1 : explain SELECT c FROM sbtest1 WHERE id BETWEEN 925765 AND 926764
	Bitmap Heap Scan on sbtest1  (cost=30.60..3842.35 rows=992 width=121)
	  Recheck Cond: ((id >= 925765) AND (id <= 926764))
	  ->  Bitmap Index Scan on sbtest1_pkey  (cost=0.00..30.36 rows=992 width=0)
	        Index Cond: ((id >= 925765) AND (id <= 926764))

table 2 : explain SELECT c FROM sbtest2 WHERE id BETWEEN 8681921 AND 8682920
	Bitmap Heap Scan on sbtest2  (cost=30.19..3690.18 rows=952 width=121)
	  Recheck Cond: ((id >= 8681921) AND (id <= 8682920))
	  ->  Bitmap Index Scan on sbtest2_pkey  (cost=0.00..29.95 rows=952 width=0)
	        Index Cond: ((id >= 8681921) AND (id <= 8682920))

table 3 : explain SELECT c FROM sbtest3 WHERE id BETWEEN 9225178 AND 9226177
	Bitmap Heap Scan on sbtest3  (cost=30.48..3801.87 rows=980 width=121)
	  Recheck Cond: ((id >= 9225178) AND (id <= 9226177))
	  ->  Bitmap Index Scan on sbtest3_pkey  (cost=0.00..30.23 rows=980 width=0)
	        Index Cond: ((id >= 9225178) AND (id <= 9226177))

table 4 : explain SELECT c FROM sbtest4 WHERE id BETWEEN 8132275 AND 8133274
	Bitmap Heap Scan on sbtest4  (cost=30.47..3796.93 rows=979 width=121)
	  Recheck Cond: ((id >= 8132275) AND (id <= 8133274))
	  ->  Bitmap Index Scan on sbtest4_pkey  (cost=0.00..30.22 rows=979 width=0)
	        Index Cond: ((id >= 8132275) AND (id <= 8133274))

table 5 : explain SELECT c FROM sbtest5 WHERE id BETWEEN 4460319 AND 4461318
	Bitmap Heap Scan on sbtest5  (cost=30.39..3762.39 rows=971 width=121)
	  Recheck Cond: ((id >= 4460319) AND (id <= 4461318))
	  ->  Bitmap Index Scan on sbtest5_pkey  (cost=0.00..30.14 rows=971 width=0)
	        Index Cond: ((id >= 4460319) AND (id <= 4461318))

table 6 : explain SELECT c FROM sbtest6 WHERE id BETWEEN 2135567 AND 2136566
	Bitmap Heap Scan on sbtest6  (cost=30.65..3862.05 rows=997 width=121)
	  Recheck Cond: ((id >= 2135567) AND (id <= 2136566))
	  ->  Bitmap Index Scan on sbtest6_pkey  (cost=0.00..30.40 rows=997 width=0)
	        Index Cond: ((id >= 2135567) AND (id <= 2136566))

table 7 : explain SELECT c FROM sbtest7 WHERE id BETWEEN 7438112 AND 7439111
	Bitmap Heap Scan on sbtest7  (cost=35.79..4289.34 rows=1108 width=121)
	  Recheck Cond: ((id >= 7438112) AND (id <= 7439111))
	  ->  Bitmap Index Scan on sbtest7_pkey  (cost=0.00..35.52 rows=1108 width=0)
	        Index Cond: ((id >= 7438112) AND (id <= 7439111))

table 8 : explain SELECT c FROM sbtest8 WHERE id BETWEEN 6243402 AND 6244401
	Bitmap Heap Scan on sbtest8  (cost=31.67..4232.42 rows=1096 width=121)
	  Recheck Cond: ((id >= 6243402) AND (id <= 6244401))
	  ->  Bitmap Index Scan on sbtest8_pkey  (cost=0.00..31.39 rows=1096 width=0)
	        Index Cond: ((id >= 6243402) AND (id <= 6244401))

explain: for point_selects :: explain SELECT c FROM sbtest%u WHERE id=%u
for: simple_ranges
table 1 : explain SELECT c FROM sbtest1 WHERE id BETWEEN 5133010 AND 5134009
	Bitmap Heap Scan on sbtest1  (cost=25.81..3547.50 rows=915 width=121)
	  Recheck Cond: ((id >= 5133010) AND (id <= 5134009))
	  ->  Bitmap Index Scan on sbtest1_pkey  (cost=0.00..25.58 rows=915 width=0)
	        Index Cond: ((id >= 5133010) AND (id <= 5134009))

table 2 : explain SELECT c FROM sbtest2 WHERE id BETWEEN 9266515 AND 9267514
	Bitmap Heap Scan on sbtest2  (cost=25.80..3542.62 rows=914 width=121)
	  Recheck Cond: ((id >= 9266515) AND (id <= 9267514))
	  ->  Bitmap Index Scan on sbtest2_pkey  (cost=0.00..25.57 rows=914 width=0)
	        Index Cond: ((id >= 9266515) AND (id <= 9267514))

table 3 : explain SELECT c FROM sbtest3 WHERE id BETWEEN 2617352 AND 2618351
	Bitmap Heap Scan on sbtest3  (cost=30.66..3869.91 rows=998 width=121)
	  Recheck Cond: ((id >= 2617352) AND (id <= 2618351))
	  ->  Bitmap Index Scan on sbtest3_pkey  (cost=0.00..30.41 rows=998 width=0)
	        Index Cond: ((id >= 2617352) AND (id <= 2618351))

table 4 : explain SELECT c FROM sbtest4 WHERE id BETWEEN 4510705 AND 4511704
	Bitmap Heap Scan on sbtest4  (cost=31.55..4193.10 rows=1084 width=121)
	  Recheck Cond: ((id >= 4510705) AND (id <= 4511704))
	  ->  Bitmap Index Scan on sbtest4_pkey  (cost=0.00..31.27 rows=1084 width=0)
	        Index Cond: ((id >= 4510705) AND (id <= 4511704))

table 5 : explain SELECT c FROM sbtest5 WHERE id BETWEEN 2947512 AND 2948511
	Bitmap Heap Scan on sbtest5  (cost=31.07..4014.95 rows=1038 width=121)
	  Recheck Cond: ((id >= 2947512) AND (id <= 2948511))
	  ->  Bitmap Index Scan on sbtest5_pkey  (cost=0.00..30.82 rows=1038 width=0)
	        Index Cond: ((id >= 2947512) AND (id <= 2948511))

table 6 : explain SELECT c FROM sbtest6 WHERE id BETWEEN 6905039 AND 6906038
	Bitmap Heap Scan on sbtest6  (cost=31.08..4020.40 rows=1039 width=121)
	  Recheck Cond: ((id >= 6905039) AND (id <= 6906038))
	  ->  Bitmap Index Scan on sbtest6_pkey  (cost=0.00..30.82 rows=1039 width=0)
	        Index Cond: ((id >= 6905039) AND (id <= 6906038))

table 7 : explain SELECT c FROM sbtest7 WHERE id BETWEEN 3730231 AND 3731230
	Bitmap Heap Scan on sbtest7  (cost=30.29..3730.39 rows=961 width=121)
	  Recheck Cond: ((id >= 3730231) AND (id <= 3731230))
	  ->  Bitmap Index Scan on sbtest7_pkey  (cost=0.00..30.04 rows=961 width=0)
	        Index Cond: ((id >= 3730231) AND (id <= 3731230))

table 8 : explain SELECT c FROM sbtest8 WHERE id BETWEEN 3283163 AND 3284162
	Bitmap Heap Scan on sbtest8  (cost=30.79..3908.84 rows=1010 width=121)
	  Recheck Cond: ((id >= 3283163) AND (id <= 3284162))
	  ->  Bitmap Index Scan on sbtest8_pkey  (cost=0.00..30.54 rows=1010 width=0)
	        Index Cond: ((id >= 3283163) AND (id <= 3284162))

for: simple_ranges
table 1 : explain SELECT c FROM sbtest1 WHERE id BETWEEN 1909453 AND 1910452
	Bitmap Heap Scan on sbtest1  (cost=31.15..4042.11 rows=1045 width=121)
	  Recheck Cond: ((id >= 1909453) AND (id <= 1910452))
	  ->  Bitmap Index Scan on sbtest1_pkey  (cost=0.00..30.89 rows=1045 width=0)
	        Index Cond: ((id >= 1909453) AND (id <= 1910452))

table 2 : explain SELECT c FROM sbtest2 WHERE id BETWEEN 9083839 AND 9084838
	Bitmap Heap Scan on sbtest2  (cost=30.54..3818.48 rows=986 width=121)
	  Recheck Cond: ((id >= 9083839) AND (id <= 9084838))
	  ->  Bitmap Index Scan on sbtest2_pkey  (cost=0.00..30.29 rows=986 width=0)
	        Index Cond: ((id >= 9083839) AND (id <= 9084838))

table 3 : explain SELECT c FROM sbtest3 WHERE id BETWEEN 1730566 AND 1731565
	Bitmap Heap Scan on sbtest3  (cost=30.56..3832.11 rows=988 width=121)
	  Recheck Cond: ((id >= 1730566) AND (id <= 1731565))
	  ->  Bitmap Index Scan on sbtest3_pkey  (cost=0.00..30.32 rows=988 width=0)
	        Index Cond: ((id >= 1730566) AND (id <= 1731565))

table 4 : explain SELECT c FROM sbtest4 WHERE id BETWEEN 4234291 AND 4235290
	Bitmap Heap Scan on sbtest4  (cost=31.03..4004.61 rows=1034 width=121)
	  Recheck Cond: ((id >= 4234291) AND (id <= 4235290))
	  ->  Bitmap Index Scan on sbtest4_pkey  (cost=0.00..30.77 rows=1034 width=0)
	        Index Cond: ((id >= 4234291) AND (id <= 4235290))

table 5 : explain SELECT c FROM sbtest5 WHERE id BETWEEN 8568823 AND 8569822
	Bitmap Heap Scan on sbtest5  (cost=30.87..3939.61 rows=1018 width=121)
	  Recheck Cond: ((id >= 8568823) AND (id <= 8569822))
	  ->  Bitmap Index Scan on sbtest5_pkey  (cost=0.00..30.61 rows=1018 width=0)
	        Index Cond: ((id >= 8568823) AND (id <= 8569822))

table 6 : explain SELECT c FROM sbtest6 WHERE id BETWEEN 7788461 AND 7789460
	Bitmap Heap Scan on sbtest6  (cost=30.24..3711.03 rows=957 width=121)
	  Recheck Cond: ((id >= 7788461) AND (id <= 7789460))
	  ->  Bitmap Index Scan on sbtest6_pkey  (cost=0.00..30.00 rows=957 width=0)
	        Index Cond: ((id >= 7788461) AND (id <= 7789460))

table 7 : explain SELECT c FROM sbtest7 WHERE id BETWEEN 4860708 AND 4861707
	Bitmap Heap Scan on sbtest7  (cost=36.12..4409.80 rows=1140 width=121)
	  Recheck Cond: ((id >= 4860708) AND (id <= 4861707))
	  ->  Bitmap Index Scan on sbtest7_pkey  (cost=0.00..35.84 rows=1140 width=0)
	        Index Cond: ((id >= 4860708) AND (id <= 4861707))

table 8 : explain SELECT c FROM sbtest8 WHERE id BETWEEN 2223471 AND 2224470
	Bitmap Heap Scan on sbtest8  (cost=30.32..3735.38 rows=964 width=121)
	  Recheck Cond: ((id >= 2223471) AND (id <= 2224470))
	  ->  Bitmap Index Scan on sbtest8_pkey  (cost=0.00..30.07 rows=964 width=0)
	        Index Cond: ((id >= 2223471) AND (id <= 2224470))

explain: for point_selects :: explain SELECT c FROM sbtest%u WHERE id=%u
explain: for point_selects :: explain SELECT c FROM sbtest%u WHERE id=%u
for point_selects
table 1 : explain SELECT c FROM sbtest1 WHERE id=5073309
	Index Scan using sbtest1_pkey on sbtest1  (cost=0.43..8.45 rows=1 width=121)
	  Index Cond: (id = 5073309)

table 2 : explain SELECT c FROM sbtest2 WHERE id=8714412
	Index Scan using sbtest2_pkey on sbtest2  (cost=0.43..8.45 rows=1 width=121)
	  Index Cond: (id = 8714412)

table 3 : explain SELECT c FROM sbtest3 WHERE id=5008625
	Index Scan using sbtest3_pkey on sbtest3  (cost=0.43..8.45 rows=1 width=121)
	  Index Cond: (id = 5008625)

table 4 : explain SELECT c FROM sbtest4 WHERE id=8665699
	Index Scan using sbtest4_pkey on sbtest4  (cost=0.43..8.45 rows=1 width=121)
	  Index Cond: (id = 8665699)

table 5 : explain SELECT c FROM sbtest5 WHERE id=4474582
	Index Scan using sbtest5_pkey on sbtest5  (cost=0.43..8.45 rows=1 width=121)
	  Index Cond: (id = 4474582)

table 6 : explain SELECT c FROM sbtest6 WHERE id=1591708
	Index Scan using sbtest6_pkey on sbtest6  (cost=0.43..8.45 rows=1 width=121)
	  Index Cond: (id = 1591708)

table 7 : explain SELECT c FROM sbtest7 WHERE id=8662970
	Index Scan using sbtest7_pkey on sbtest7  (cost=0.43..8.45 rows=1 width=121)
	  Index Cond: (id = 8662970)

table 8 : explain SELECT c FROM sbtest8 WHERE id=152323
	Index Scan using sbtest8_pkey on sbtest8  (cost=0.43..8.45 rows=1 width=121)
	  Index Cond: (id = 152323)

explain: for point_selects :: explain SELECT c FROM sbtest%u WHERE id=%u
for point_selects
table 1 : explain SELECT c FROM sbtest1 WHERE id=1086809
	Index Scan using sbtest1_pkey on sbtest1  (cost=0.43..8.45 rows=1 width=121)
	  Index Cond: (id = 1086809)

table 2 : explain SELECT c FROM sbtest2 WHERE id=831873
	Index Scan using sbtest2_pkey on sbtest2  (cost=0.43..8.45 rows=1 width=121)
	  Index Cond: (id = 831873)

table 3 : explain SELECT c FROM sbtest3 WHERE id=4229990
	Index Scan using sbtest3_pkey on sbtest3  (cost=0.43..8.45 rows=1 width=121)
	  Index Cond: (id = 4229990)

table 4 : explain SELECT c FROM sbtest4 WHERE id=4182007
	Index Scan using sbtest4_pkey on sbtest4  (cost=0.43..8.45 rows=1 width=121)
	  Index Cond: (id = 4182007)

table 5 : explain SELECT c FROM sbtest5 WHERE id=8176361
	Index Scan using sbtest5_pkey on sbtest5  (cost=0.43..8.45 rows=1 width=121)
	  Index Cond: (id = 8176361)

table 6 : explain SELECT c FROM sbtest6 WHERE id=3528136
	Index Scan using sbtest6_pkey on sbtest6  (cost=0.43..8.45 rows=1 width=121)
	  Index Cond: (id = 3528136)

table 7 : explain SELECT c FROM sbtest7 WHERE id=1909590
	Index Scan using sbtest7_pkey on sbtest7  (cost=0.43..8.45 rows=1 width=121)
	  Index Cond: (id = 1909590)

table 8 : explain SELECT c FROM sbtest8 WHERE id=3322629
	Index Scan using sbtest8_pkey on sbtest8  (cost=0.43..8.45 rows=1 width=121)
	  Index Cond: (id = 3322629)

for: sum_ranges
table 1 : explain SELECT SUM(k) FROM sbtest1 WHERE id BETWEEN 7355235 AND 7356234
	Aggregate  (cost=3773.09..3773.10 rows=1 width=8)
	  ->  Bitmap Heap Scan on sbtest1  (cost=30.41..3770.66 rows=973 width=4)
	        Recheck Cond: ((id >= 7355235) AND (id <= 7356234))
	        ->  Bitmap Index Scan on sbtest1_pkey  (cost=0.00..30.16 rows=973 width=0)
	              Index Cond: ((id >= 7355235) AND (id <= 7356234))

table 2 : explain SELECT SUM(k) FROM sbtest2 WHERE id BETWEEN 2658546 AND 2659545
	Aggregate  (cost=3685.01..3685.02 rows=1 width=8)
	  ->  Bitmap Heap Scan on sbtest2  (cost=30.17..3682.63 rows=950 width=4)
	        Recheck Cond: ((id >= 2658546) AND (id <= 2659545))
	        ->  Bitmap Index Scan on sbtest2_pkey  (cost=0.00..29.93 rows=950 width=0)
	              Index Cond: ((id >= 2658546) AND (id <= 2659545))

table 3 : explain SELECT SUM(k) FROM sbtest3 WHERE id BETWEEN 3344218 AND 3345217
	Aggregate  (cost=3895.09..3895.10 rows=1 width=8)
	  ->  Bitmap Heap Scan on sbtest3  (cost=30.73..3892.58 rows=1004 width=4)
	        Recheck Cond: ((id >= 3344218) AND (id <= 3345217))
	        ->  Bitmap Index Scan on sbtest3_pkey  (cost=0.00..30.47 rows=1004 width=0)
	              Index Cond: ((id >= 3344218) AND (id <= 3345217))

table 4 : explain SELECT SUM(k) FROM sbtest4 WHERE id BETWEEN 9089250 AND 9090249
	Aggregate  (cost=3753.98..3753.99 rows=1 width=8)
	  ->  Bitmap Heap Scan on sbtest4  (cost=30.35..3751.57 rows=967 width=4)
	        Recheck Cond: ((id >= 9089250) AND (id <= 9090249))
	        ->  Bitmap Index Scan on sbtest4_pkey  (cost=0.00..30.11 rows=967 width=0)
	              Index Cond: ((id >= 9089250) AND (id <= 9090249))

table 5 : explain SELECT SUM(k) FROM sbtest5 WHERE id BETWEEN 8390440 AND 8391439
	Aggregate  (cost=3806.34..3806.35 rows=1 width=8)
	  ->  Bitmap Heap Scan on sbtest5  (cost=30.50..3803.89 rows=982 width=4)
	        Recheck Cond: ((id >= 8390440) AND (id <= 8391439))
	        ->  Bitmap Index Scan on sbtest5_pkey  (cost=0.00..30.25 rows=982 width=0)
	              Index Cond: ((id >= 8390440) AND (id <= 8391439))

table 6 : explain SELECT SUM(k) FROM sbtest6 WHERE id BETWEEN 1176196 AND 1177195
	Aggregate  (cost=3811.67..3811.68 rows=1 width=8)
	  ->  Bitmap Heap Scan on sbtest6  (cost=30.51..3809.22 rows=983 width=4)
	        Recheck Cond: ((id >= 1176196) AND (id <= 1177195))
	        ->  Bitmap Index Scan on sbtest6_pkey  (cost=0.00..30.26 rows=983 width=0)
	              Index Cond: ((id >= 1176196) AND (id <= 1177195))

table 7 : explain SELECT SUM(k) FROM sbtest7 WHERE id BETWEEN 400383 AND 401382
	Aggregate  (cost=4273.26..4273.27 rows=1 width=8)
	  ->  Bitmap Heap Scan on sbtest7  (cost=35.74..4270.51 rows=1103 width=4)
	        Recheck Cond: ((id >= 400383) AND (id <= 401382))
	        ->  Bitmap Index Scan on sbtest7_pkey  (cost=0.00..35.47 rows=1103 width=0)
	              Index Cond: ((id >= 400383) AND (id <= 401382))

table 8 : explain SELECT SUM(k) FROM sbtest8 WHERE id BETWEEN 4365370 AND 4366369
	Aggregate  (cost=3813.29..3813.30 rows=1 width=8)
	  ->  Bitmap Heap Scan on sbtest8  (cost=30.52..3810.83 rows=984 width=4)
	        Recheck Cond: ((id >= 4365370) AND (id <= 4366369))
	        ->  Bitmap Index Scan on sbtest8_pkey  (cost=0.00..30.27 rows=984 width=0)
	              Index Cond: ((id >= 4365370) AND (id <= 4366369))

for point_selects
table 1 : explain SELECT c FROM sbtest1 WHERE id=5785729
	Index Scan using sbtest1_pkey on sbtest1  (cost=0.43..8.45 rows=1 width=121)
	  Index Cond: (id = 5785729)

table 2 : explain SELECT c FROM sbtest2 WHERE id=2439421
	Index Scan using sbtest2_pkey on sbtest2  (cost=0.43..8.45 rows=1 width=121)
	  Index Cond: (id = 2439421)

table 3 : explain SELECT c FROM sbtest3 WHERE id=8206402
	Index Scan using sbtest3_pkey on sbtest3  (cost=0.43..8.45 rows=1 width=121)
	  Index Cond: (id = 8206402)

table 4 : explain SELECT c FROM sbtest4 WHERE id=6101628
	Index Scan using sbtest4_pkey on sbtest4  (cost=0.43..8.45 rows=1 width=121)
	  Index Cond: (id = 6101628)

table 5 : explain SELECT c FROM sbtest5 WHERE id=2118021
	Index Scan using sbtest5_pkey on sbtest5  (cost=0.43..8.45 rows=1 width=121)
	  Index Cond: (id = 2118021)

table 6 : explain SELECT c FROM sbtest6 WHERE id=7533753
	Index Scan using sbtest6_pkey on sbtest6  (cost=0.43..8.45 rows=1 width=121)
	  Index Cond: (id = 7533753)

table 7 : explain SELECT c FROM sbtest7 WHERE id=6637413
	Index Scan using sbtest7_pkey on sbtest7  (cost=0.43..8.45 rows=1 width=121)
	  Index Cond: (id = 6637413)

table 8 : explain SELECT c FROM sbtest8 WHERE id=7038739
	Index Scan using sbtest8_pkey on sbtest8  (cost=0.43..8.45 rows=1 width=121)
	  Index Cond: (id = 7038739)

for: order_ranges
table 1 : explain SELECT c FROM sbtest1 WHERE id BETWEEN 8378371 AND 8379370 ORDER BY c
	Sort  (cost=3515.71..3517.95 rows=895 width=121)
	  Sort Key: c
	  ->  Bitmap Heap Scan on sbtest1  (cost=25.61..3471.83 rows=895 width=121)
	        Recheck Cond: ((id >= 8378371) AND (id <= 8379370))
	        ->  Bitmap Index Scan on sbtest1_pkey  (cost=0.00..25.39 rows=895 width=0)
	              Index Cond: ((id >= 8378371) AND (id <= 8379370))

table 2 : explain SELECT c FROM sbtest2 WHERE id BETWEEN 5855486 AND 5856485 ORDER BY c
	Sort  (cost=3510.80..3513.04 rows=894 width=121)
	  Sort Key: c
	  ->  Bitmap Heap Scan on sbtest2  (cost=25.60..3466.98 rows=894 width=121)
	        Recheck Cond: ((id >= 5855486) AND (id <= 5856485))
	        ->  Bitmap Index Scan on sbtest2_pkey  (cost=0.00..25.37 rows=894 width=0)
	              Index Cond: ((id >= 5855486) AND (id <= 5856485))

table 3 : explain SELECT c FROM sbtest3 WHERE id BETWEEN 9006651 AND 9007650 ORDER BY c
	Sort  (cost=3873.58..3876.05 rows=986 width=121)
	  Sort Key: c
	  ->  Bitmap Heap Scan on sbtest3  (cost=30.54..3824.55 rows=986 width=121)
	        Recheck Cond: ((id >= 9006651) AND (id <= 9007650))
	        ->  Bitmap Index Scan on sbtest3_pkey  (cost=0.00..30.29 rows=986 width=0)
	              Index Cond: ((id >= 9006651) AND (id <= 9007650))

table 4 : explain SELECT c FROM sbtest4 WHERE id BETWEEN 6752889 AND 6753888 ORDER BY c
	Sort  (cost=3691.85..3694.20 rows=940 width=121)
	  Sort Key: c
	  ->  Bitmap Heap Scan on sbtest4  (cost=26.07..3645.43 rows=940 width=121)
	        Recheck Cond: ((id >= 6752889) AND (id <= 6753888))
	        ->  Bitmap Index Scan on sbtest4_pkey  (cost=0.00..25.83 rows=940 width=0)
	              Index Cond: ((id >= 6752889) AND (id <= 6753888))

table 5 : explain SELECT c FROM sbtest5 WHERE id BETWEEN 9769148 AND 9770147 ORDER BY c
	Sort  (cost=3887.15..3889.63 rows=991 width=121)
	  Sort Key: c
	  ->  Bitmap Heap Scan on sbtest5  (cost=30.59..3837.84 rows=991 width=121)
	        Recheck Cond: ((id >= 9769148) AND (id <= 9770147))
	        ->  Bitmap Index Scan on sbtest5_pkey  (cost=0.00..30.34 rows=991 width=0)
	              Index Cond: ((id >= 9769148) AND (id <= 9770147))

table 6 : explain SELECT c FROM sbtest6 WHERE id BETWEEN 8372748 AND 8373747 ORDER BY c
	Sort  (cost=3385.71..3387.86 rows=861 width=121)
	  Sort Key: c
	  ->  Bitmap Heap Scan on sbtest6  (cost=25.26..3343.73 rows=861 width=121)
	        Recheck Cond: ((id >= 8372748) AND (id <= 8373747))
	        ->  Bitmap Index Scan on sbtest6_pkey  (cost=0.00..25.04 rows=861 width=0)
	              Index Cond: ((id >= 8372748) AND (id <= 8373747))

table 7 : explain SELECT c FROM sbtest7 WHERE id BETWEEN 5415303 AND 5416302 ORDER BY c
	Sort  (cost=3647.34..3649.66 rows=927 width=121)
	  Sort Key: c
	  ->  Bitmap Heap Scan on sbtest7  (cost=29.94..3601.66 rows=927 width=121)
	        Recheck Cond: ((id >= 5415303) AND (id <= 5416302))
	        ->  Bitmap Index Scan on sbtest7_pkey  (cost=0.00..29.70 rows=927 width=0)
	              Index Cond: ((id >= 5415303) AND (id <= 5416302))

table 8 : explain SELECT c FROM sbtest8 WHERE id BETWEEN 9257159 AND 9258158 ORDER BY c
	Sort  (cost=3959.24..3961.77 rows=1010 width=121)
	  Sort Key: c
	  ->  Bitmap Heap Scan on sbtest8  (cost=30.79..3908.84 rows=1010 width=121)
	        Recheck Cond: ((id >= 9257159) AND (id <= 9258158))
	        ->  Bitmap Index Scan on sbtest8_pkey  (cost=0.00..30.54 rows=1010 width=0)
	              Index Cond: ((id >= 9257159) AND (id <= 9258158))

explain: for point_selects :: explain SELECT c FROM sbtest%u WHERE id=%u
for: sum_ranges
table 1 : explain SELECT SUM(k) FROM sbtest1 WHERE id BETWEEN 4584567 AND 4585566
	Aggregate  (cost=3712.64..3712.65 rows=1 width=8)
	  ->  Bitmap Heap Scan on sbtest1  (cost=30.24..3710.24 rows=957 width=4)
	        Recheck Cond: ((id >= 4584567) AND (id <= 4585566))
	        ->  Bitmap Index Scan on sbtest1_pkey  (cost=0.00..30.00 rows=957 width=0)
	              Index Cond: ((id >= 4584567) AND (id <= 4585566))

table 2 : explain SELECT SUM(k) FROM sbtest2 WHERE id BETWEEN 3538909 AND 3539908
	Aggregate  (cost=3817.17..3817.18 rows=1 width=8)
	  ->  Bitmap Heap Scan on sbtest2  (cost=30.53..3814.71 rows=985 width=4)
	        Recheck Cond: ((id >= 3538909) AND (id <= 3539908))
	        ->  Bitmap Index Scan on sbtest2_pkey  (cost=0.00..30.29 rows=985 width=0)
	              Index Cond: ((id >= 3538909) AND (id <= 3539908))

table 3 : explain SELECT SUM(k) FROM sbtest3 WHERE id BETWEEN 1437431 AND 1438430
	Aggregate  (cost=3948.01..3948.02 rows=1 width=8)
	  ->  Bitmap Heap Scan on sbtest3  (cost=30.87..3945.46 rows=1018 width=4)
	        Recheck Cond: ((id >= 1437431) AND (id <= 1438430))
	        ->  Bitmap Index Scan on sbtest3_pkey  (cost=0.00..30.61 rows=1018 width=0)
	              Index Cond: ((id >= 1437431) AND (id <= 1438430))

table 4 : explain SELECT SUM(k) FROM sbtest4 WHERE id BETWEEN 6113565 AND 6114564
	Aggregate  (cost=4010.97..4010.98 rows=1 width=8)
	  ->  Bitmap Heap Scan on sbtest4  (cost=31.04..4008.39 rows=1035 width=4)
	        Recheck Cond: ((id >= 6113565) AND (id <= 6114564))
	        ->  Bitmap Index Scan on sbtest4_pkey  (cost=0.00..30.79 rows=1035 width=0)
	              Index Cond: ((id >= 6113565) AND (id <= 6114564))

table 5 : explain SELECT SUM(k) FROM sbtest5 WHERE id BETWEEN 1466546 AND 1467545
	Aggregate  (cost=4205.78..4205.79 rows=1 width=8)
	  ->  Bitmap Heap Scan on sbtest5  (cost=31.59..4203.06 rows=1088 width=4)
	        Recheck Cond: ((id >= 1466546) AND (id <= 1467545))
	        ->  Bitmap Index Scan on sbtest5_pkey  (cost=0.00..31.32 rows=1088 width=0)
	              Index Cond: ((id >= 1466546) AND (id <= 1467545))

table 6 : explain SELECT SUM(k) FROM sbtest6 WHERE id BETWEEN 1643419 AND 1644418
	Aggregate  (cost=3717.20..3717.21 rows=1 width=8)
	  ->  Bitmap Heap Scan on sbtest6  (cost=30.25..3714.81 rows=958 width=4)
	        Recheck Cond: ((id >= 1643419) AND (id <= 1644418))
	        ->  Bitmap Index Scan on sbtest6_pkey  (cost=0.00..30.01 rows=958 width=0)
	              Index Cond: ((id >= 1643419) AND (id <= 1644418))

table 7 : explain SELECT SUM(k) FROM sbtest7 WHERE id BETWEEN 7039020 AND 7040019
	Aggregate  (cost=4205.40..4205.41 rows=1 width=8)
	  ->  Bitmap Heap Scan on sbtest7  (cost=35.56..4202.68 rows=1085 width=4)
	        Recheck Cond: ((id >= 7039020) AND (id <= 7040019))
	        ->  Bitmap Index Scan on sbtest7_pkey  (cost=0.00..35.29 rows=1085 width=0)
	              Index Cond: ((id >= 7039020) AND (id <= 7040019))

table 8 : explain SELECT SUM(k) FROM sbtest8 WHERE id BETWEEN 4785357 AND 4786356
	Aggregate  (cost=4043.25..4043.26 rows=1 width=8)
	  ->  Bitmap Heap Scan on sbtest8  (cost=31.15..4040.64 rows=1045 width=4)
	        Recheck Cond: ((id >= 4785357) AND (id <= 4786356))
	        ->  Bitmap Index Scan on sbtest8_pkey  (cost=0.00..30.89 rows=1045 width=0)
	              Index Cond: ((id >= 4785357) AND (id <= 4786356))

for: simple_ranges
table 1 : explain SELECT c FROM sbtest1 WHERE id BETWEEN 2602783 AND 2603782
	Bitmap Heap Scan on sbtest1  (cost=30.46..3789.53 rows=978 width=121)
	  Recheck Cond: ((id >= 2602783) AND (id <= 2603782))
	  ->  Bitmap Index Scan on sbtest1_pkey  (cost=0.00..30.21 rows=978 width=0)
	        Index Cond: ((id >= 2602783) AND (id <= 2603782))

table 2 : explain SELECT c FROM sbtest2 WHERE id BETWEEN 7091500 AND 7092499
	Bitmap Heap Scan on sbtest2  (cost=30.65..3859.95 rows=997 width=121)
	  Recheck Cond: ((id >= 7091500) AND (id <= 7092499))
	  ->  Bitmap Index Scan on sbtest2_pkey  (cost=0.00..30.40 rows=997 width=0)
	        Index Cond: ((id >= 7091500) AND (id <= 7092499))

table 3 : explain SELECT c FROM sbtest3 WHERE id BETWEEN 5398731 AND 5399730
	Bitmap Heap Scan on sbtest3  (cost=35.80..4292.62 rows=1109 width=121)
	  Recheck Cond: ((id >= 5398731) AND (id <= 5399730))
	  ->  Bitmap Index Scan on sbtest3_pkey  (cost=0.00..35.53 rows=1109 width=0)
	        Index Cond: ((id >= 5398731) AND (id <= 5399730))

table 4 : explain SELECT c FROM sbtest4 WHERE id BETWEEN 3527568 AND 3528567
	Bitmap Heap Scan on sbtest4  (cost=32.42..4509.11 rows=1169 width=121)
	  Recheck Cond: ((id >= 3527568) AND (id <= 3528567))
	  ->  Bitmap Index Scan on sbtest4_pkey  (cost=0.00..32.12 rows=1169 width=0)
	        Index Cond: ((id >= 3527568) AND (id <= 3528567))

table 5 : explain SELECT c FROM sbtest5 WHERE id BETWEEN 3303738 AND 3304737
	Bitmap Heap Scan on sbtest5  (cost=30.47..3792.57 rows=979 width=121)
	  Recheck Cond: ((id >= 3303738) AND (id <= 3304737))
	  ->  Bitmap Index Scan on sbtest5_pkey  (cost=0.00..30.22 rows=979 width=0)
	        Index Cond: ((id >= 3303738) AND (id <= 3304737))

table 6 : explain SELECT c FROM sbtest6 WHERE id BETWEEN 2375819 AND 2376818
	Bitmap Heap Scan on sbtest6  (cost=30.86..3937.48 rows=1017 width=121)
	  Recheck Cond: ((id >= 2375819) AND (id <= 2376818))
	  ->  Bitmap Index Scan on sbtest6_pkey  (cost=0.00..30.61 rows=1017 width=0)
	        Index Cond: ((id >= 2375819) AND (id <= 2376818))

table 7 : explain SELECT c FROM sbtest7 WHERE id BETWEEN 6405766 AND 6406765
	Bitmap Heap Scan on sbtest7  (cost=29.92..3594.08 rows=925 width=121)
	  Recheck Cond: ((id >= 6405766) AND (id <= 6406765))
	  ->  Bitmap Index Scan on sbtest7_pkey  (cost=0.00..29.68 rows=925 width=0)
	        Index Cond: ((id >= 6405766) AND (id <= 6406765))

table 8 : explain SELECT c FROM sbtest8 WHERE id BETWEEN 1795578 AND 1796577
	Bitmap Heap Scan on sbtest8  (cost=31.49..4168.53 rows=1079 width=121)
	  Recheck Cond: ((id >= 1795578) AND (id <= 1796577))
	  ->  Bitmap Index Scan on sbtest8_pkey  (cost=0.00..31.22 rows=1079 width=0)
	        Index Cond: ((id >= 1795578) AND (id <= 1796577))

for: simple_ranges
table 1 : explain SELECT c FROM sbtest1 WHERE id BETWEEN 3232301 AND 3233300
	Bitmap Heap Scan on sbtest1  (cost=30.30..3729.13 rows=962 width=121)
	  Recheck Cond: ((id >= 3232301) AND (id <= 3233300))
	  ->  Bitmap Index Scan on sbtest1_pkey  (cost=0.00..30.05 rows=962 width=0)
	        Index Cond: ((id >= 3232301) AND (id <= 3233300))

table 2 : explain SELECT c FROM sbtest2 WHERE id BETWEEN 6982692 AND 6983691
	Bitmap Heap Scan on sbtest2  (cost=30.87..3939.09 rows=1018 width=121)
	  Recheck Cond: ((id >= 6982692) AND (id <= 6983691))
	  ->  Bitmap Index Scan on sbtest2_pkey  (cost=0.00..30.61 rows=1018 width=0)
	        Index Cond: ((id >= 6982692) AND (id <= 6983691))

table 3 : explain SELECT c FROM sbtest3 WHERE id BETWEEN 5983394 AND 5984393
	Bitmap Heap Scan on sbtest3  (cost=30.96..3979.45 rows=1027 width=121)
	  Recheck Cond: ((id >= 5983394) AND (id <= 5984393))
	  ->  Bitmap Index Scan on sbtest3_pkey  (cost=0.00..30.70 rows=1027 width=0)
	        Index Cond: ((id >= 5983394) AND (id <= 5984393))

table 4 : explain SELECT c FROM sbtest4 WHERE id BETWEEN 8836742 AND 8837741
	Bitmap Heap Scan on sbtest4  (cost=30.23..3709.97 rows=956 width=121)
	  Recheck Cond: ((id >= 8836742) AND (id <= 8837741))
	  ->  Bitmap Index Scan on sbtest4_pkey  (cost=0.00..30.00 rows=956 width=0)
	        Index Cond: ((id >= 8836742) AND (id <= 8837741))

table 5 : explain SELECT c FROM sbtest5 WHERE id BETWEEN 2499037 AND 2500036
	Bitmap Heap Scan on sbtest5  (cost=26.12..3660.22 rows=945 width=121)
	  Recheck Cond: ((id >= 2499037) AND (id <= 2500036))
	  ->  Bitmap Index Scan on sbtest5_pkey  (cost=0.00..25.89 rows=945 width=0)
	        Index Cond: ((id >= 2499037) AND (id <= 2500036))

table 6 : explain SELECT c FROM sbtest6 WHERE id BETWEEN 4761270 AND 4762269
	Bitmap Heap Scan on sbtest6  (cost=30.29..3726.14 rows=961 width=121)
	  Recheck Cond: ((id >= 4761270) AND (id <= 4762269))
	  ->  Bitmap Index Scan on sbtest6_pkey  (cost=0.00..30.04 rows=961 width=0)
	        Index Cond: ((id >= 4761270) AND (id <= 4762269))

table 7 : explain SELECT c FROM sbtest7 WHERE id BETWEEN 9516469 AND 9517468
	Bitmap Heap Scan on sbtest7  (cost=35.64..4232.83 rows=1093 width=121)
	  Recheck Cond: ((id >= 9516469) AND (id <= 9517468))
	  ->  Bitmap Index Scan on sbtest7_pkey  (cost=0.00..35.37 rows=1093 width=0)
	        Index Cond: ((id >= 9516469) AND (id <= 9517468))

table 8 : explain SELECT c FROM sbtest8 WHERE id BETWEEN 9584361 AND 9585360
	Bitmap Heap Scan on sbtest8  (cost=31.19..4055.69 rows=1049 width=121)
	  Recheck Cond: ((id >= 9584361) AND (id <= 9585360))
	  ->  Bitmap Index Scan on sbtest8_pkey  (cost=0.00..30.93 rows=1049 width=0)
	        Index Cond: ((id >= 9584361) AND (id <= 9585360))

for: simple_ranges
table 1 : explain SELECT c FROM sbtest1 WHERE id BETWEEN 5209291 AND 5210290
	Bitmap Heap Scan on sbtest1  (cost=25.81..3547.50 rows=915 width=121)
	  Recheck Cond: ((id >= 5209291) AND (id <= 5210290))
	  ->  Bitmap Index Scan on sbtest1_pkey  (cost=0.00..25.58 rows=915 width=0)
	        Index Cond: ((id >= 5209291) AND (id <= 5210290))

table 2 : explain SELECT c FROM sbtest2 WHERE id BETWEEN 2504639 AND 2505638
	Bitmap Heap Scan on sbtest2  (cost=31.09..4021.93 rows=1040 width=121)
	  Recheck Cond: ((id >= 2504639) AND (id <= 2505638))
	  ->  Bitmap Index Scan on sbtest2_pkey  (cost=0.00..30.83 rows=1040 width=0)
	        Index Cond: ((id >= 2504639) AND (id <= 2505638))

table 3 : explain SELECT c FROM sbtest3 WHERE id BETWEEN 4184891 AND 4185890
	Bitmap Heap Scan on sbtest3  (cost=31.13..4039.84 rows=1043 width=121)
	  Recheck Cond: ((id >= 4184891) AND (id <= 4185890))
	  ->  Bitmap Index Scan on sbtest3_pkey  (cost=0.00..30.86 rows=1043 width=0)
	        Index Cond: ((id >= 4184891) AND (id <= 4185890))

table 4 : explain SELECT c FROM sbtest4 WHERE id BETWEEN 8089019 AND 8090018
	Bitmap Heap Scan on sbtest4  (cost=30.47..3796.93 rows=979 width=121)
	  Recheck Cond: ((id >= 8089019) AND (id <= 8090018))
	  ->  Bitmap Index Scan on sbtest4_pkey  (cost=0.00..30.22 rows=979 width=0)
	        Index Cond: ((id >= 8089019) AND (id <= 8090018))

table 5 : explain SELECT c FROM sbtest5 WHERE id BETWEEN 8338577 AND 8339576
	Bitmap Heap Scan on sbtest5  (cost=30.50..3803.89 rows=982 width=121)
	  Recheck Cond: ((id >= 8338577) AND (id <= 8339576))
	  ->  Bitmap Index Scan on sbtest5_pkey  (cost=0.00..30.25 rows=982 width=0)
	        Index Cond: ((id >= 8338577) AND (id <= 8339576))

table 6 : explain SELECT c FROM sbtest6 WHERE id BETWEEN 8680323 AND 8681322
	Bitmap Heap Scan on sbtest6  (cost=29.96..3605.19 rows=929 width=121)
	  Recheck Cond: ((id >= 8680323) AND (id <= 8681322))
	  ->  Bitmap Index Scan on sbtest6_pkey  (cost=0.00..29.72 rows=929 width=0)
	        Index Cond: ((id >= 8680323) AND (id <= 8681322))

table 7 : explain SELECT c FROM sbtest7 WHERE id BETWEEN 1767906 AND 1768905
	Bitmap Heap Scan on sbtest7  (cost=30.57..3836.30 rows=989 width=121)
	  Recheck Cond: ((id >= 1767906) AND (id <= 1768905))
	  ->  Bitmap Index Scan on sbtest7_pkey  (cost=0.00..30.32 rows=989 width=0)
	        Index Cond: ((id >= 1767906) AND (id <= 1768905))

table 8 : explain SELECT c FROM sbtest8 WHERE id BETWEEN 760020 AND 761019
	Bitmap Heap Scan on sbtest8  (cost=30.03..3629.66 rows=936 width=121)
	  Recheck Cond: ((id >= 760020) AND (id <= 761019))
	  ->  Bitmap Index Scan on sbtest8_pkey  (cost=0.00..29.79 rows=936 width=0)
	        Index Cond: ((id >= 760020) AND (id <= 761019))

explain: for point_selects :: explain SELECT c FROM sbtest%u WHERE id=%u
for: sum_ranges
table 1 : explain SELECT SUM(k) FROM sbtest1 WHERE id BETWEEN 4296959 AND 4297958
	Aggregate  (cost=3844.83..3844.84 rows=1 width=8)
	  ->  Bitmap Heap Scan on sbtest1  (cost=30.60..3842.35 rows=992 width=4)
	        Recheck Cond: ((id >= 4296959) AND (id <= 4297958))
	        ->  Bitmap Index Scan on sbtest1_pkey  (cost=0.00..30.36 rows=992 width=0)
	              Index Cond: ((id >= 4296959) AND (id <= 4297958))

table 2 : explain SELECT SUM(k) FROM sbtest2 WHERE id BETWEEN 4072390 AND 4073389
	Aggregate  (cost=3934.10..3934.11 rows=1 width=8)
	  ->  Bitmap Heap Scan on sbtest2  (cost=30.85..3931.56 rows=1016 width=4)
	        Recheck Cond: ((id >= 4072390) AND (id <= 4073389))
	        ->  Bitmap Index Scan on sbtest2_pkey  (cost=0.00..30.59 rows=1016 width=0)
	              Index Cond: ((id >= 4072390) AND (id <= 4073389))

table 3 : explain SELECT SUM(k) FROM sbtest3 WHERE id BETWEEN 2495130 AND 2496129
	Aggregate  (cost=3668.02..3668.03 rows=1 width=8)
	  ->  Bitmap Heap Scan on sbtest3  (cost=30.11..3665.66 rows=944 width=4)
	        Recheck Cond: ((id >= 2495130) AND (id <= 2496129))
	        ->  Bitmap Index Scan on sbtest3_pkey  (cost=0.00..29.87 rows=944 width=0)
	              Index Cond: ((id >= 2495130) AND (id <= 2496129))

table 4 : explain SELECT SUM(k) FROM sbtest4 WHERE id BETWEEN 7724455 AND 7725454
	Aggregate  (cost=4082.68..4082.69 rows=1 width=8)
	  ->  Bitmap Heap Scan on sbtest4  (cost=31.24..4080.04 rows=1054 width=4)
	        Recheck Cond: ((id >= 7724455) AND (id <= 7725454))
	        ->  Bitmap Index Scan on sbtest4_pkey  (cost=0.00..30.97 rows=1054 width=0)
	              Index Cond: ((id >= 7724455) AND (id <= 7725454))

table 5 : explain SELECT SUM(k) FROM sbtest5 WHERE id BETWEEN 6672254 AND 6673253
	Aggregate  (cost=4288.50..4288.51 rows=1 width=8)
	  ->  Bitmap Heap Scan on sbtest5  (cost=31.81..4285.73 rows=1110 width=4)
	        Recheck Cond: ((id >= 6672254) AND (id <= 6673253))
	        ->  Bitmap Index Scan on sbtest5_pkey  (cost=0.00..31.54 rows=1110 width=0)
	              Index Cond: ((id >= 6672254) AND (id <= 6673253))

table 6 : explain SELECT SUM(k) FROM sbtest6 WHERE id BETWEEN 2707575 AND 2708574
	Aggregate  (cost=3890.97..3890.98 rows=1 width=8)
	  ->  Bitmap Heap Scan on sbtest6  (cost=30.73..3888.46 rows=1004 width=4)
	        Recheck Cond: ((id >= 2707575) AND (id <= 2708574))
	        ->  Bitmap Index Scan on sbtest6_pkey  (cost=0.00..30.47 rows=1004 width=0)
	              Index Cond: ((id >= 2707575) AND (id <= 2708574))

table 7 : explain SELECT SUM(k) FROM sbtest7 WHERE id BETWEEN 5333552 AND 5334551
	Aggregate  (cost=3982.44..3982.45 rows=1 width=8)
	  ->  Bitmap Heap Scan on sbtest7  (cost=30.96..3979.88 rows=1027 width=4)
	        Recheck Cond: ((id >= 5333552) AND (id <= 5334551))
	        ->  Bitmap Index Scan on sbtest7_pkey  (cost=0.00..30.70 rows=1027 width=0)
	              Index Cond: ((id >= 5333552) AND (id <= 5334551))

table 8 : explain SELECT SUM(k) FROM sbtest8 WHERE id BETWEEN 590268 AND 591267
	Aggregate  (cost=3798.20..3798.21 rows=1 width=8)
	  ->  Bitmap Heap Scan on sbtest8  (cost=30.48..3795.75 rows=980 width=4)
	        Recheck Cond: ((id >= 590268) AND (id <= 591267))
	        ->  Bitmap Index Scan on sbtest8_pkey  (cost=0.00..30.23 rows=980 width=0)
	              Index Cond: ((id >= 590268) AND (id <= 591267))

for point_selects
table 1 : explain SELECT c FROM sbtest1 WHERE id=1679930
	Index Scan using sbtest1_pkey on sbtest1  (cost=0.43..8.45 rows=1 width=121)
	  Index Cond: (id = 1679930)

table 2 : explain SELECT c FROM sbtest2 WHERE id=4314966
	Index Scan using sbtest2_pkey on sbtest2  (cost=0.43..8.45 rows=1 width=121)
	  Index Cond: (id = 4314966)

table 3 : explain SELECT c FROM sbtest3 WHERE id=4245565
	Index Scan using sbtest3_pkey on sbtest3  (cost=0.43..8.45 rows=1 width=121)
	  Index Cond: (id = 4245565)

table 4 : explain SELECT c FROM sbtest4 WHERE id=4474130
	Index Scan using sbtest4_pkey on sbtest4  (cost=0.43..8.45 rows=1 width=121)
	  Index Cond: (id = 4474130)

table 5 : explain SELECT c FROM sbtest5 WHERE id=927488
	Index Scan using sbtest5_pkey on sbtest5  (cost=0.43..8.45 rows=1 width=121)
	  Index Cond: (id = 927488)

table 6 : explain SELECT c FROM sbtest6 WHERE id=8527057
	Index Scan using sbtest6_pkey on sbtest6  (cost=0.43..8.45 rows=1 width=121)
	  Index Cond: (id = 8527057)

table 7 : explain SELECT c FROM sbtest7 WHERE id=6586363
	Index Scan using sbtest7_pkey on sbtest7  (cost=0.43..8.45 rows=1 width=121)
	  Index Cond: (id = 6586363)

table 8 : explain SELECT c FROM sbtest8 WHERE id=294356
	Index Scan using sbtest8_pkey on sbtest8  (cost=0.43..8.45 rows=1 width=121)
	  Index Cond: (id = 294356)

for point_selects
table 1 : explain SELECT c FROM sbtest1 WHERE id=5135638
	Index Scan using sbtest1_pkey on sbtest1  (cost=0.43..8.45 rows=1 width=121)
	  Index Cond: (id = 5135638)

table 2 : explain SELECT c FROM sbtest2 WHERE id=5560064
	Index Scan using sbtest2_pkey on sbtest2  (cost=0.43..8.45 rows=1 width=121)
	  Index Cond: (id = 5560064)

table 3 : explain SELECT c FROM sbtest3 WHERE id=3467161
	Index Scan using sbtest3_pkey on sbtest3  (cost=0.43..8.45 rows=1 width=121)
	  Index Cond: (id = 3467161)

table 4 : explain SELECT c FROM sbtest4 WHERE id=6934954
	Index Scan using sbtest4_pkey on sbtest4  (cost=0.43..8.45 rows=1 width=121)
	  Index Cond: (id = 6934954)

table 5 : explain SELECT c FROM sbtest5 WHERE id=8748654
	Index Scan using sbtest5_pkey on sbtest5  (cost=0.43..8.45 rows=1 width=121)
	  Index Cond: (id = 8748654)

table 6 : explain SELECT c FROM sbtest6 WHERE id=1547301
	Index Scan using sbtest6_pkey on sbtest6  (cost=0.43..8.45 rows=1 width=121)
	  Index Cond: (id = 1547301)

table 7 : explain SELECT c FROM sbtest7 WHERE id=3108011
	Index Scan using sbtest7_pkey on sbtest7  (cost=0.43..8.45 rows=1 width=121)
	  Index Cond: (id = 3108011)

table 8 : explain SELECT c FROM sbtest8 WHERE id=2668845
	Index Scan using sbtest8_pkey on sbtest8  (cost=0.43..8.45 rows=1 width=121)
	  Index Cond: (id = 2668845)

for: sum_ranges
table 1 : explain SELECT SUM(k) FROM sbtest1 WHERE id BETWEEN 8811608 AND 8812607
	Aggregate  (cost=4010.80..4010.81 rows=1 width=8)
	  ->  Bitmap Heap Scan on sbtest1  (cost=31.05..4008.21 rows=1036 width=4)
	        Recheck Cond: ((id >= 8811608) AND (id <= 8812607))
	        ->  Bitmap Index Scan on sbtest1_pkey  (cost=0.00..30.79 rows=1036 width=0)
	              Index Cond: ((id >= 8811608) AND (id <= 8812607))

table 2 : explain SELECT SUM(k) FROM sbtest2 WHERE id BETWEEN 6814891 AND 6815890
	Aggregate  (cost=3794.52..3794.53 rows=1 width=8)
	  ->  Bitmap Heap Scan on sbtest2  (cost=30.47..3792.08 rows=979 width=4)
	        Recheck Cond: ((id >= 6814891) AND (id <= 6815890))
	        ->  Bitmap Index Scan on sbtest2_pkey  (cost=0.00..30.22 rows=979 width=0)
	              Index Cond: ((id >= 6814891) AND (id <= 6815890))

table 3 : explain SELECT SUM(k) FROM sbtest3 WHERE id BETWEEN 2179891 AND 2180890
	Aggregate  (cost=3929.11..3929.12 rows=1 width=8)
	  ->  Bitmap Heap Scan on sbtest3  (cost=30.82..3926.58 rows=1013 width=4)
	        Recheck Cond: ((id >= 2179891) AND (id <= 2180890))
	        ->  Bitmap Index Scan on sbtest3_pkey  (cost=0.00..30.57 rows=1013 width=0)
	              Index Cond: ((id >= 2179891) AND (id <= 2180890))

table 4 : explain SELECT SUM(k) FROM sbtest4 WHERE id BETWEEN 5609886 AND 5610885
	Aggregate  (cost=4338.95..4338.96 rows=1 width=8)
	  ->  Bitmap Heap Scan on sbtest4  (cost=31.94..4336.14 rows=1122 width=4)
	        Recheck Cond: ((id >= 5609886) AND (id <= 5610885))
	        ->  Bitmap Index Scan on sbtest4_pkey  (cost=0.00..31.65 rows=1122 width=0)
	              Index Cond: ((id >= 5609886) AND (id <= 5610885))

table 5 : explain SELECT SUM(k) FROM sbtest5 WHERE id BETWEEN 7576461 AND 7577460
	Aggregate  (cost=3972.32..3972.33 rows=1 width=8)
	  ->  Bitmap Heap Scan on sbtest5  (cost=30.95..3969.75 rows=1026 width=4)
	        Recheck Cond: ((id >= 7576461) AND (id <= 7577460))
	        ->  Bitmap Index Scan on sbtest5_pkey  (cost=0.00..30.69 rows=1026 width=0)
	              Index Cond: ((id >= 7576461) AND (id <= 7577460))

table 6 : explain SELECT SUM(k) FROM sbtest6 WHERE id BETWEEN 8127829 AND 8128828
	Aggregate  (cost=3478.57..3478.58 rows=1 width=8)
	  ->  Bitmap Heap Scan on sbtest6  (cost=25.62..3476.33 rows=896 width=4)
	        Recheck Cond: ((id >= 8127829) AND (id <= 8128828))
	        ->  Bitmap Index Scan on sbtest6_pkey  (cost=0.00..25.39 rows=896 width=0)
	              Index Cond: ((id >= 8127829) AND (id <= 8128828))

table 7 : explain SELECT SUM(k) FROM sbtest7 WHERE id BETWEEN 4902167 AND 4903166
	Aggregate  (cost=4220.48..4220.49 rows=1 width=8)
	  ->  Bitmap Heap Scan on sbtest7  (cost=35.60..4217.76 rows=1089 width=4)
	        Recheck Cond: ((id >= 4902167) AND (id <= 4903166))
	        ->  Bitmap Index Scan on sbtest7_pkey  (cost=0.00..35.33 rows=1089 width=0)
	              Index Cond: ((id >= 4902167) AND (id <= 4903166))

table 8 : explain SELECT SUM(k) FROM sbtest8 WHERE id BETWEEN 6140171 AND 6141170
	Aggregate  (cost=4171.23..4171.24 rows=1 width=8)
	  ->  Bitmap Heap Scan on sbtest8  (cost=31.49..4168.53 rows=1079 width=4)
	        Recheck Cond: ((id >= 6140171) AND (id <= 6141170))
	        ->  Bitmap Index Scan on sbtest8_pkey  (cost=0.00..31.22 rows=1079 width=0)
	              Index Cond: ((id >= 6140171) AND (id <= 6141170))

for point_selects
table 1 : explain SELECT c FROM sbtest1 WHERE id=1957438
	Index Scan using sbtest1_pkey on sbtest1  (cost=0.43..8.45 rows=1 width=121)
	  Index Cond: (id = 1957438)

table 2 : explain SELECT c FROM sbtest2 WHERE id=3239603
	Index Scan using sbtest2_pkey on sbtest2  (cost=0.43..8.45 rows=1 width=121)
	  Index Cond: (id = 3239603)

table 3 : explain SELECT c FROM sbtest3 WHERE id=7485929
	Index Scan using sbtest3_pkey on sbtest3  (cost=0.43..8.45 rows=1 width=121)
	  Index Cond: (id = 7485929)

table 4 : explain SELECT c FROM sbtest4 WHERE id=6825152
	Index Scan using sbtest4_pkey on sbtest4  (cost=0.43..8.45 rows=1 width=121)
	  Index Cond: (id = 6825152)

table 5 : explain SELECT c FROM sbtest5 WHERE id=8697883
	Index Scan using sbtest5_pkey on sbtest5  (cost=0.43..8.45 rows=1 width=121)
	  Index Cond: (id = 8697883)

table 6 : explain SELECT c FROM sbtest6 WHERE id=1712910
	Index Scan using sbtest6_pkey on sbtest6  (cost=0.43..8.45 rows=1 width=121)
	  Index Cond: (id = 1712910)

table 7 : explain SELECT c FROM sbtest7 WHERE id=357642
	Index Scan using sbtest7_pkey on sbtest7  (cost=0.43..8.45 rows=1 width=121)
	  Index Cond: (id = 357642)

table 8 : explain SELECT c FROM sbtest8 WHERE id=8752097
	Index Scan using sbtest8_pkey on sbtest8  (cost=0.43..8.45 rows=1 width=121)
	  Index Cond: (id = 8752097)

for: distinct_ranges
table 1 : explain SELECT DISTINCT c FROM sbtest1 WHERE id BETWEEN 8029334 AND 8030333 ORDER BY c
	Unique  (cost=3907.04..3912.02 rows=996 width=121)
	  ->  Sort  (cost=3907.04..3909.53 rows=996 width=121)
	        Sort Key: c
	        ->  Bitmap Heap Scan on sbtest1  (cost=30.64..3857.44 rows=996 width=121)
	              Recheck Cond: ((id >= 8029334) AND (id <= 8030333))
	              ->  Bitmap Index Scan on sbtest1_pkey  (cost=0.00..30.39 rows=996 width=0)
	                    Index Cond: ((id >= 8029334) AND (id <= 8030333))

table 2 : explain SELECT DISTINCT c FROM sbtest2 WHERE id BETWEEN 856845 AND 857844 ORDER BY c
	Unique  (cost=3626.10..3630.71 rows=923 width=121)
	  ->  Sort  (cost=3626.10..3628.40 rows=923 width=121)
	        Sort Key: c
	        ->  Bitmap Heap Scan on sbtest2  (cost=29.90..3580.64 rows=923 width=121)
	              Recheck Cond: ((id >= 856845) AND (id <= 857844))
	              ->  Bitmap Index Scan on sbtest2_pkey  (cost=0.00..29.66 rows=923 width=0)
	                    Index Cond: ((id >= 856845) AND (id <= 857844))

table 3 : explain SELECT DISTINCT c FROM sbtest3 WHERE id BETWEEN 2546271 AND 2547270 ORDER BY c
	Unique  (cost=3858.23..3863.14 rows=982 width=121)
	  ->  Sort  (cost=3858.23..3860.69 rows=982 width=121)
	        Sort Key: c
	        ->  Bitmap Heap Scan on sbtest3  (cost=30.50..3809.43 rows=982 width=121)
	              Recheck Cond: ((id >= 2546271) AND (id <= 2547270))
	              ->  Bitmap Index Scan on sbtest3_pkey  (cost=0.00..30.25 rows=982 width=0)
	                    Index Cond: ((id >= 2546271) AND (id <= 2547270))

table 4 : explain SELECT DISTINCT c FROM sbtest4 WHERE id BETWEEN 6908608 AND 6909607 ORDER BY c
	Unique  (cost=3699.69..3704.40 rows=941 width=121)
	  ->  Sort  (cost=3699.69..3702.05 rows=941 width=121)
	        Sort Key: c
	        ->  Bitmap Heap Scan on sbtest4  (cost=30.08..3653.22 rows=941 width=121)
	              Recheck Cond: ((id >= 6908608) AND (id <= 6909607))
	              ->  Bitmap Index Scan on sbtest4_pkey  (cost=0.00..29.84 rows=941 width=0)
	                    Index Cond: ((id >= 6908608) AND (id <= 6909607))

table 5 : explain SELECT DISTINCT c FROM sbtest5 WHERE id BETWEEN 9748213 AND 9749212 ORDER BY c
	Unique  (cost=3887.15..3892.11 rows=991 width=121)
	  ->  Sort  (cost=3887.15..3889.63 rows=991 width=121)
	        Sort Key: c
	        ->  Bitmap Heap Scan on sbtest5  (cost=30.59..3837.84 rows=991 width=121)
	              Recheck Cond: ((id >= 9748213) AND (id <= 9749212))
	              ->  Bitmap Index Scan on sbtest5_pkey  (cost=0.00..30.34 rows=991 width=0)
	                    Index Cond: ((id >= 9748213) AND (id <= 9749212))

table 6 : explain SELECT DISTINCT c FROM sbtest6 WHERE id BETWEEN 644775 AND 645774 ORDER BY c
	Unique  (cost=4060.98..4066.16 rows=1036 width=121)
	  ->  Sort  (cost=4060.98..4063.57 rows=1036 width=121)
	        Sort Key: c
	        ->  Bitmap Heap Scan on sbtest6  (cost=31.05..4009.10 rows=1036 width=121)
	              Recheck Cond: ((id >= 644775) AND (id <= 645774))
	              ->  Bitmap Index Scan on sbtest6_pkey  (cost=0.00..30.79 rows=1036 width=0)
	                    Index Cond: ((id >= 644775) AND (id <= 645774))

table 7 : explain SELECT DISTINCT c FROM sbtest7 WHERE id BETWEEN 3594106 AND 3595105 ORDER BY c
	Unique  (cost=3774.16..3778.96 rows=960 width=121)
	  ->  Sort  (cost=3774.16..3776.56 rows=960 width=121)
	        Sort Key: c
	        ->  Bitmap Heap Scan on sbtest7  (cost=30.27..3726.61 rows=960 width=121)
	              Recheck Cond: ((id >= 3594106) AND (id <= 3595105))
	              ->  Bitmap Index Scan on sbtest7_pkey  (cost=0.00..30.04 rows=960 width=0)
	                    Index Cond: ((id >= 3594106) AND (id <= 3595105))

table 8 : explain SELECT DISTINCT c FROM sbtest8 WHERE id BETWEEN 1357345 AND 1358344 ORDER BY c
	Unique  (cost=4119.79..4125.05 rows=1052 width=121)
	  ->  Sort  (cost=4119.79..4122.42 rows=1052 width=121)
	        Sort Key: c
	        ->  Bitmap Heap Scan on sbtest8  (cost=31.22..4066.98 rows=1052 width=121)
	              Recheck Cond: ((id >= 1357345) AND (id <= 1358344))
	              ->  Bitmap Index Scan on sbtest8_pkey  (cost=0.00..30.95 rows=1052 width=0)
	                    Index Cond: ((id >= 1357345) AND (id <= 1358344))

for point_selects
table 1 : explain SELECT c FROM sbtest1 WHERE id=7516580
	Index Scan using sbtest1_pkey on sbtest1  (cost=0.43..8.45 rows=1 width=121)
	  Index Cond: (id = 7516580)

table 2 : explain SELECT c FROM sbtest2 WHERE id=3494683
	Index Scan using sbtest2_pkey on sbtest2  (cost=0.43..8.45 rows=1 width=121)
	  Index Cond: (id = 3494683)

table 3 : explain SELECT c FROM sbtest3 WHERE id=7628517
	Index Scan using sbtest3_pkey on sbtest3  (cost=0.43..8.45 rows=1 width=121)
	  Index Cond: (id = 7628517)

table 4 : explain SELECT c FROM sbtest4 WHERE id=4808566
	Index Scan using sbtest4_pkey on sbtest4  (cost=0.43..8.45 rows=1 width=121)
	  Index Cond: (id = 4808566)

table 5 : explain SELECT c FROM sbtest5 WHERE id=4390402
	Index Scan using sbtest5_pkey on sbtest5  (cost=0.43..8.45 rows=1 width=121)
	  Index Cond: (id = 4390402)

table 6 : explain SELECT c FROM sbtest6 WHERE id=6830918
	Index Scan using sbtest6_pkey on sbtest6  (cost=0.43..8.45 rows=1 width=121)
	  Index Cond: (id = 6830918)

table 7 : explain SELECT c FROM sbtest7 WHERE id=3809340
	Index Scan using sbtest7_pkey on sbtest7  (cost=0.43..8.45 rows=1 width=121)
	  Index Cond: (id = 3809340)

table 8 : explain SELECT c FROM sbtest8 WHERE id=8375151
	Index Scan using sbtest8_pkey on sbtest8  (cost=0.43..8.45 rows=1 width=121)
	  Index Cond: (id = 8375151)

for: sum_ranges
table 1 : explain SELECT SUM(k) FROM sbtest1 WHERE id BETWEEN 1195570 AND 1196569
	Aggregate  (cost=3671.06..3671.07 rows=1 width=8)
	  ->  Bitmap Heap Scan on sbtest1  (cost=30.13..3668.69 rows=946 width=4)
	        Recheck Cond: ((id >= 1195570) AND (id <= 1196569))
	        ->  Bitmap Index Scan on sbtest1_pkey  (cost=0.00..29.89 rows=946 width=0)
	              Index Cond: ((id >= 1195570) AND (id <= 1196569))

table 2 : explain SELECT SUM(k) FROM sbtest2 WHERE id BETWEEN 7398870 AND 7399869
	Aggregate  (cost=3522.20..3522.21 rows=1 width=8)
	  ->  Bitmap Heap Scan on sbtest2  (cost=25.74..3519.93 rows=908 width=4)
	        Recheck Cond: ((id >= 7398870) AND (id <= 7399869))
	        ->  Bitmap Index Scan on sbtest2_pkey  (cost=0.00..25.51 rows=908 width=0)
	              Index Cond: ((id >= 7398870) AND (id <= 7399869))

table 3 : explain SELECT SUM(k) FROM sbtest3 WHERE id BETWEEN 7254528 AND 7255527
	Aggregate  (cost=3747.55..3747.56 rows=1 width=8)
	  ->  Bitmap Heap Scan on sbtest3  (cost=30.33..3745.14 rows=965 width=4)
	        Recheck Cond: ((id >= 7254528) AND (id <= 7255527))
	        ->  Bitmap Index Scan on sbtest3_pkey  (cost=0.00..30.08 rows=965 width=0)
	              Index Cond: ((id >= 7254528) AND (id <= 7255527))

table 4 : explain SELECT SUM(k) FROM sbtest4 WHERE id BETWEEN 4642430 AND 4643429
	Aggregate  (cost=4293.77..4293.78 rows=1 width=8)
	  ->  Bitmap Heap Scan on sbtest4  (cost=31.81..4290.99 rows=1110 width=4)
	        Recheck Cond: ((id >= 4642430) AND (id <= 4643429))
	        ->  Bitmap Index Scan on sbtest4_pkey  (cost=0.00..31.54 rows=1110 width=0)
	              Index Cond: ((id >= 4642430) AND (id <= 4643429))

table 5 : explain SELECT SUM(k) FROM sbtest5 WHERE id BETWEEN 9108352 AND 9109351
	Aggregate  (cost=3700.37..3700.38 rows=1 width=8)
	  ->  Bitmap Heap Scan on sbtest5  (cost=26.22..3697.99 rows=955 width=4)
	        Recheck Cond: ((id >= 9108352) AND (id <= 9109351))
	        ->  Bitmap Index Scan on sbtest5_pkey  (cost=0.00..25.98 rows=955 width=0)
	              Index Cond: ((id >= 9108352) AND (id <= 9109351))

table 6 : explain SELECT SUM(k) FROM sbtest6 WHERE id BETWEEN 8735884 AND 8736883
	Aggregate  (cost=3611.30..3611.31 rows=1 width=8)
	  ->  Bitmap Heap Scan on sbtest6  (cost=29.97..3608.98 rows=930 width=4)
	        Recheck Cond: ((id >= 8735884) AND (id <= 8736883))
	        ->  Bitmap Index Scan on sbtest6_pkey  (cost=0.00..29.73 rows=930 width=0)
	              Index Cond: ((id >= 8735884) AND (id <= 8736883))

table 7 : explain SELECT SUM(k) FROM sbtest7 WHERE id BETWEEN 6115060 AND 6116059
	Aggregate  (cost=3596.40..3596.41 rows=1 width=8)
	  ->  Bitmap Heap Scan on sbtest7  (cost=29.92..3594.08 rows=925 width=4)
	        Recheck Cond: ((id >= 6115060) AND (id <= 6116059))
	        ->  Bitmap Index Scan on sbtest7_pkey  (cost=0.00..29.68 rows=925 width=0)
	              Index Cond: ((id >= 6115060) AND (id <= 6116059))

table 8 : explain SELECT SUM(k) FROM sbtest8 WHERE id BETWEEN 8336681 AND 8337680
	Aggregate  (cost=3669.80..3669.81 rows=1 width=8)
	  ->  Bitmap Heap Scan on sbtest8  (cost=30.13..3667.43 rows=946 width=4)
	        Recheck Cond: ((id >= 8336681) AND (id <= 8337680))
	        ->  Bitmap Index Scan on sbtest8_pkey  (cost=0.00..29.89 rows=946 width=0)
	              Index Cond: ((id >= 8336681) AND (id <= 8337680))

for: order_ranges
table 1 : explain SELECT c FROM sbtest1 WHERE id BETWEEN 5011313 AND 5012312 ORDER BY c
	Sort  (cost=3979.77..3982.30 rows=1015 width=121)
	  Sort Key: c
	  ->  Bitmap Heap Scan on sbtest1  (cost=30.84..3929.08 rows=1015 width=121)
	        Recheck Cond: ((id >= 5011313) AND (id <= 5012312))
	        ->  Bitmap Index Scan on sbtest1_pkey  (cost=0.00..30.58 rows=1015 width=0)
	              Index Cond: ((id >= 5011313) AND (id <= 5012312))

table 2 : explain SELECT c FROM sbtest2 WHERE id BETWEEN 5253702 AND 5254701 ORDER BY c
	Sort  (cost=3748.78..3751.17 rows=955 width=121)
	  Sort Key: c
	  ->  Bitmap Heap Scan on sbtest2  (cost=30.22..3701.51 rows=955 width=121)
	        Recheck Cond: ((id >= 5253702) AND (id <= 5254701))
	        ->  Bitmap Index Scan on sbtest2_pkey  (cost=0.00..29.98 rows=955 width=0)
	              Index Cond: ((id >= 5253702) AND (id <= 5254701))

table 3 : explain SELECT c FROM sbtest3 WHERE id BETWEEN 7824470 AND 7825469 ORDER BY c
	Sort  (cost=4226.13..4228.83 rows=1078 width=121)
	  Sort Key: c
	  ->  Bitmap Heap Scan on sbtest3  (cost=31.48..4171.83 rows=1078 width=121)
	        Recheck Cond: ((id >= 7824470) AND (id <= 7825469))
	        ->  Bitmap Index Scan on sbtest3_pkey  (cost=0.00..31.21 rows=1078 width=0)
	              Index Cond: ((id >= 7824470) AND (id <= 7825469))

table 4 : explain SELECT c FROM sbtest4 WHERE id BETWEEN 1492415 AND 1493414 ORDER BY c
	Sort  (cost=3753.45..3755.84 rows=955 width=121)
	  Sort Key: c
	  ->  Bitmap Heap Scan on sbtest4  (cost=30.22..3706.19 rows=955 width=121)
	        Recheck Cond: ((id >= 1492415) AND (id <= 1493414))
	        ->  Bitmap Index Scan on sbtest4_pkey  (cost=0.00..29.98 rows=955 width=0)
	              Index Cond: ((id >= 1492415) AND (id <= 1493414))

table 5 : explain SELECT c FROM sbtest5 WHERE id BETWEEN 6522751 AND 6523750 ORDER BY c
	Sort  (cost=4101.35..4103.96 rows=1047 width=121)
	  Sort Key: c
	  ->  Bitmap Heap Scan on sbtest5  (cost=31.17..4048.83 rows=1047 width=121)
	        Recheck Cond: ((id >= 6522751) AND (id <= 6523750))
	        ->  Bitmap Index Scan on sbtest5_pkey  (cost=0.00..30.90 rows=1047 width=0)
	              Index Cond: ((id >= 6522751) AND (id <= 6523750))

table 6 : explain SELECT c FROM sbtest6 WHERE id BETWEEN 7967032 AND 7968031 ORDER BY c
	Sort  (cost=3950.00..3952.52 rows=1007 width=121)
	  Sort Key: c
	  ->  Bitmap Heap Scan on sbtest6  (cost=30.76..3899.77 rows=1007 width=121)
	        Recheck Cond: ((id >= 7967032) AND (id <= 7968031))
	        ->  Bitmap Index Scan on sbtest6_pkey  (cost=0.00..30.50 rows=1007 width=0)
	              Index Cond: ((id >= 7967032) AND (id <= 7968031))

table 7 : explain SELECT c FROM sbtest7 WHERE id BETWEEN 7017981 AND 7018980 ORDER BY c
	Sort  (cost=4257.39..4260.10 rows=1085 width=121)
	  Sort Key: c
	  ->  Bitmap Heap Scan on sbtest7  (cost=35.56..4202.68 rows=1085 width=121)
	        Recheck Cond: ((id >= 7017981) AND (id <= 7018980))
	        ->  Bitmap Index Scan on sbtest7_pkey  (cost=0.00..35.29 rows=1085 width=0)
	              Index Cond: ((id >= 7017981) AND (id <= 7018980))

table 8 : explain SELECT c FROM sbtest8 WHERE id BETWEEN 7969983 AND 7970982 ORDER BY c
	Sort  (cost=3487.67..3489.89 rows=888 width=121)
	  Sort Key: c
	  ->  Bitmap Heap Scan on sbtest8  (cost=25.54..3444.19 rows=888 width=121)
	        Recheck Cond: ((id >= 7969983) AND (id <= 7970982))
	        ->  Bitmap Index Scan on sbtest8_pkey  (cost=0.00..25.32 rows=888 width=0)
	              Index Cond: ((id >= 7969983) AND (id <= 7970982))

for: simple_ranges
table 1 : explain SELECT c FROM sbtest1 WHERE id BETWEEN 6647237 AND 6648236
	Bitmap Heap Scan on sbtest1  (cost=31.44..4151.26 rows=1074 width=121)
	  Recheck Cond: ((id >= 6647237) AND (id <= 6648236))
	  ->  Bitmap Index Scan on sbtest1_pkey  (cost=0.00..31.18 rows=1074 width=0)
	        Index Cond: ((id >= 6647237) AND (id <= 6648236))

table 2 : explain SELECT c FROM sbtest2 WHERE id BETWEEN 785193 AND 786192
	Bitmap Heap Scan on sbtest2  (cost=30.75..3893.88 rows=1006 width=121)
	  Recheck Cond: ((id >= 785193) AND (id <= 786192))
	  ->  Bitmap Index Scan on sbtest2_pkey  (cost=0.00..30.50 rows=1006 width=0)
	        Index Cond: ((id >= 785193) AND (id <= 786192))

table 3 : explain SELECT c FROM sbtest3 WHERE id BETWEEN 169601 AND 170600
	Bitmap Heap Scan on sbtest3  (cost=31.04..4009.64 rows=1035 width=121)
	  Recheck Cond: ((id >= 169601) AND (id <= 170600))
	  ->  Bitmap Index Scan on sbtest3_pkey  (cost=0.00..30.79 rows=1035 width=0)
	        Index Cond: ((id >= 169601) AND (id <= 170600))

table 4 : explain SELECT c FROM sbtest4 WHERE id BETWEEN 9120913 AND 9121912
	Bitmap Heap Scan on sbtest4  (cost=30.35..3751.57 rows=967 width=121)
	  Recheck Cond: ((id >= 9120913) AND (id <= 9121912))
	  ->  Bitmap Index Scan on sbtest4_pkey  (cost=0.00..30.11 rows=967 width=0)
	        Index Cond: ((id >= 9120913) AND (id <= 9121912))

table 5 : explain SELECT c FROM sbtest5 WHERE id BETWEEN 8811730 AND 8812729
	Bitmap Heap Scan on sbtest5  (cost=30.91..3954.68 rows=1022 width=121)
	  Recheck Cond: ((id >= 8811730) AND (id <= 8812729))
	  ->  Bitmap Index Scan on sbtest5_pkey  (cost=0.00..30.65 rows=1022 width=0)
	        Index Cond: ((id >= 8811730) AND (id <= 8812729))

table 6 : explain SELECT c FROM sbtest6 WHERE id BETWEEN 459883 AND 460882
	Bitmap Heap Scan on sbtest6  (cost=31.04..4005.33 rows=1035 width=121)
	  Recheck Cond: ((id >= 459883) AND (id <= 460882))
	  ->  Bitmap Index Scan on sbtest6_pkey  (cost=0.00..30.79 rows=1035 width=0)
	        Index Cond: ((id >= 459883) AND (id <= 460882))

table 7 : explain SELECT c FROM sbtest7 WHERE id BETWEEN 5077081 AND 5078080
	Bitmap Heap Scan on sbtest7  (cost=31.23..4078.01 rows=1053 width=121)
	  Recheck Cond: ((id >= 5077081) AND (id <= 5078080))
	  ->  Bitmap Index Scan on sbtest7_pkey  (cost=0.00..30.96 rows=1053 width=0)
	        Index Cond: ((id >= 5077081) AND (id <= 5078080))

table 8 : explain SELECT c FROM sbtest8 WHERE id BETWEEN 6058156 AND 6059155
	Bitmap Heap Scan on sbtest8  (cost=30.18..3686.31 rows=951 width=121)
	  Recheck Cond: ((id >= 6058156) AND (id <= 6059155))
	  ->  Bitmap Index Scan on sbtest8_pkey  (cost=0.00..29.94 rows=951 width=0)
	        Index Cond: ((id >= 6058156) AND (id <= 6059155))

for: simple_ranges
table 1 : explain SELECT c FROM sbtest1 WHERE id BETWEEN 3466787 AND 3467786
	Bitmap Heap Scan on sbtest1  (cost=31.04..4004.44 rows=1035 width=121)
	  Recheck Cond: ((id >= 3466787) AND (id <= 3467786))
	  ->  Bitmap Index Scan on sbtest1_pkey  (cost=0.00..30.79 rows=1035 width=0)
	        Index Cond: ((id >= 3466787) AND (id <= 3467786))

table 2 : explain SELECT c FROM sbtest2 WHERE id BETWEEN 3290225 AND 3291224
	Bitmap Heap Scan on sbtest2  (cost=30.93..3961.69 rows=1024 width=121)
	  Recheck Cond: ((id >= 3290225) AND (id <= 3291224))
	  ->  Bitmap Index Scan on sbtest2_pkey  (cost=0.00..30.68 rows=1024 width=0)
	        Index Cond: ((id >= 3290225) AND (id <= 3291224))

table 3 : explain SELECT c FROM sbtest3 WHERE id BETWEEN 1329487 AND 1330486
	Bitmap Heap Scan on sbtest3  (cost=29.68..3506.55 rows=902 width=121)
	  Recheck Cond: ((id >= 1329487) AND (id <= 1330486))
	  ->  Bitmap Index Scan on sbtest3_pkey  (cost=0.00..29.45 rows=902 width=0)
	        Index Cond: ((id >= 1329487) AND (id <= 1330486))

table 4 : explain SELECT c FROM sbtest4 WHERE id BETWEEN 55280 AND 56279
	Bitmap Heap Scan on sbtest4  (cost=30.87..3944.24 rows=1018 width=121)
	  Recheck Cond: ((id >= 55280) AND (id <= 56279))
	  ->  Bitmap Index Scan on sbtest4_pkey  (cost=0.00..30.61 rows=1018 width=0)
	        Index Cond: ((id >= 55280) AND (id <= 56279))

table 5 : explain SELECT c FROM sbtest5 WHERE id BETWEEN 5551656 AND 5552655
	Bitmap Heap Scan on sbtest5  (cost=30.72..3883.08 rows=1003 width=121)
	  Recheck Cond: ((id >= 5551656) AND (id <= 5552655))
	  ->  Bitmap Index Scan on sbtest5_pkey  (cost=0.00..30.46 rows=1003 width=0)
	        Index Cond: ((id >= 5551656) AND (id <= 5552655))

table 6 : explain SELECT c FROM sbtest6 WHERE id BETWEEN 7536887 AND 7537886
	Bitmap Heap Scan on sbtest6  (cost=30.39..3763.91 rows=971 width=121)
	  Recheck Cond: ((id >= 7536887) AND (id <= 7537886))
	  ->  Bitmap Index Scan on sbtest6_pkey  (cost=0.00..30.14 rows=971 width=0)
	        Index Cond: ((id >= 7536887) AND (id <= 7537886))

table 7 : explain SELECT c FROM sbtest7 WHERE id BETWEEN 1956173 AND 1957172
	Bitmap Heap Scan on sbtest7  (cost=29.62..3484.16 rows=896 width=121)
	  Recheck Cond: ((id >= 1956173) AND (id <= 1957172))
	  ->  Bitmap Index Scan on sbtest7_pkey  (cost=0.00..29.39 rows=896 width=0)
	        Index Cond: ((id >= 1956173) AND (id <= 1957172))

table 8 : explain SELECT c FROM sbtest8 WHERE id BETWEEN 8063421 AND 8064420
	Bitmap Heap Scan on sbtest8  (cost=31.23..4070.74 rows=1053 width=121)
	  Recheck Cond: ((id >= 8063421) AND (id <= 8064420))
	  ->  Bitmap Index Scan on sbtest8_pkey  (cost=0.00..30.96 rows=1053 width=0)
	        Index Cond: ((id >= 8063421) AND (id <= 8064420))

for point_selects
table 1 : explain SELECT c FROM sbtest1 WHERE id=8042536
	Index Scan using sbtest1_pkey on sbtest1  (cost=0.43..8.45 rows=1 width=121)
	  Index Cond: (id = 8042536)

table 2 : explain SELECT c FROM sbtest2 WHERE id=2898708
	Index Scan using sbtest2_pkey on sbtest2  (cost=0.43..8.45 rows=1 width=121)
	  Index Cond: (id = 2898708)

table 3 : explain SELECT c FROM sbtest3 WHERE id=5744909
	Index Scan using sbtest3_pkey on sbtest3  (cost=0.43..8.45 rows=1 width=121)
	  Index Cond: (id = 5744909)

table 4 : explain SELECT c FROM sbtest4 WHERE id=9838172
	Index Scan using sbtest4_pkey on sbtest4  (cost=0.43..8.45 rows=1 width=121)
	  Index Cond: (id = 9838172)

table 5 : explain SELECT c FROM sbtest5 WHERE id=613907
	Index Scan using sbtest5_pkey on sbtest5  (cost=0.43..8.45 rows=1 width=121)
	  Index Cond: (id = 613907)

table 6 : explain SELECT c FROM sbtest6 WHERE id=3394894
	Index Scan using sbtest6_pkey on sbtest6  (cost=0.43..8.45 rows=1 width=121)
	  Index Cond: (id = 3394894)

table 7 : explain SELECT c FROM sbtest7 WHERE id=1044757
	Index Scan using sbtest7_pkey on sbtest7  (cost=0.43..8.45 rows=1 width=121)
	  Index Cond: (id = 1044757)

table 8 : explain SELECT c FROM sbtest8 WHERE id=3066723
	Index Scan using sbtest8_pkey on sbtest8  (cost=0.43..8.45 rows=1 width=121)
	  Index Cond: (id = 3066723)

explain: for point_selects :: explain SELECT c FROM sbtest%u WHERE id=%u
for: sum_ranges
table 1 : explain SELECT SUM(k) FROM sbtest1 WHERE id BETWEEN 7363663 AND 7364662
	Aggregate  (cost=3773.09..3773.10 rows=1 width=8)
	  ->  Bitmap Heap Scan on sbtest1  (cost=30.41..3770.66 rows=973 width=4)
	        Recheck Cond: ((id >= 7363663) AND (id <= 7364662))
	        ->  Bitmap Index Scan on sbtest1_pkey  (cost=0.00..30.16 rows=973 width=0)
	              Index Cond: ((id >= 7363663) AND (id <= 7364662))

table 2 : explain SELECT SUM(k) FROM sbtest2 WHERE id BETWEEN 9473117 AND 9474116
	Aggregate  (cost=4077.26..4077.27 rows=1 width=8)
	  ->  Bitmap Heap Scan on sbtest2  (cost=31.24..4074.62 rows=1054 width=4)
	        Recheck Cond: ((id >= 9473117) AND (id <= 9474116))
	        ->  Bitmap Index Scan on sbtest2_pkey  (cost=0.00..30.97 rows=1054 width=0)
	              Index Cond: ((id >= 9473117) AND (id <= 9474116))

table 3 : explain SELECT SUM(k) FROM sbtest3 WHERE id BETWEEN 9702175 AND 9703174
	Aggregate  (cost=4212.24..4212.25 rows=1 width=8)
	  ->  Bitmap Heap Scan on sbtest3  (cost=31.59..4209.52 rows=1088 width=4)
	        Recheck Cond: ((id >= 9702175) AND (id <= 9703174))
	        ->  Bitmap Index Scan on sbtest3_pkey  (cost=0.00..31.32 rows=1088 width=0)
	              Index Cond: ((id >= 9702175) AND (id <= 9703174))

table 4 : explain SELECT SUM(k) FROM sbtest4 WHERE id BETWEEN 4795008 AND 4796007
	Aggregate  (cost=3946.78..3946.79 rows=1 width=8)
	  ->  Bitmap Heap Scan on sbtest4  (cost=30.87..3944.24 rows=1018 width=4)
	        Recheck Cond: ((id >= 4795008) AND (id <= 4796007))
	        ->  Bitmap Index Scan on sbtest4_pkey  (cost=0.00..30.61 rows=1018 width=0)
	              Index Cond: ((id >= 4795008) AND (id <= 4796007))

table 5 : explain SELECT SUM(k) FROM sbtest5 WHERE id BETWEEN 5322431 AND 5323430
	Aggregate  (cost=3753.48..3753.49 rows=1 width=8)
	  ->  Bitmap Heap Scan on sbtest5  (cost=30.36..3751.06 rows=968 width=4)
	        Recheck Cond: ((id >= 5322431) AND (id <= 5323430))
	        ->  Bitmap Index Scan on sbtest5_pkey  (cost=0.00..30.11 rows=968 width=0)
	              Index Cond: ((id >= 5322431) AND (id <= 5323430))

table 6 : explain SELECT SUM(k) FROM sbtest6 WHERE id BETWEEN 9740286 AND 9741285
	Aggregate  (cost=3860.77..3860.78 rows=1 width=8)
	  ->  Bitmap Heap Scan on sbtest6  (cost=30.64..3858.28 rows=996 width=4)
	        Recheck Cond: ((id >= 9740286) AND (id <= 9741285))
	        ->  Bitmap Index Scan on sbtest6_pkey  (cost=0.00..30.39 rows=996 width=0)
	              Index Cond: ((id >= 9740286) AND (id <= 9741285))

table 7 : explain SELECT SUM(k) FROM sbtest7 WHERE id BETWEEN 2078518 AND 2079517
	Aggregate  (cost=3626.72..3626.73 rows=1 width=8)
	  ->  Bitmap Heap Scan on sbtest7  (cost=30.00..3624.39 rows=933 width=4)
	        Recheck Cond: ((id >= 2078518) AND (id <= 2079517))
	        ->  Bitmap Index Scan on sbtest7_pkey  (cost=0.00..29.76 rows=933 width=0)
	              Index Cond: ((id >= 2078518) AND (id <= 2079517))

table 8 : explain SELECT SUM(k) FROM sbtest8 WHERE id BETWEEN 9317142 AND 9318141
	Aggregate  (cost=3533.46..3533.47 rows=1 width=8)
	  ->  Bitmap Heap Scan on sbtest8  (cost=25.77..3531.18 rows=911 width=4)
	        Recheck Cond: ((id >= 9317142) AND (id <= 9318141))
	        ->  Bitmap Index Scan on sbtest8_pkey  (cost=0.00..25.54 rows=911 width=0)
	              Index Cond: ((id >= 9317142) AND (id <= 9318141))

for: sum_ranges
table 1 : explain SELECT SUM(k) FROM sbtest1 WHERE id BETWEEN 494733 AND 495732
	Aggregate  (cost=3878.80..3878.81 rows=1 width=8)
	  ->  Bitmap Heap Scan on sbtest1  (cost=30.70..3876.30 rows=1001 width=4)
	        Recheck Cond: ((id >= 494733) AND (id <= 495732))
	        ->  Bitmap Index Scan on sbtest1_pkey  (cost=0.00..30.44 rows=1001 width=0)
	              Index Cond: ((id >= 494733) AND (id <= 495732))

table 2 : explain SELECT SUM(k) FROM sbtest2 WHERE id BETWEEN 8328851 AND 8329850
	Aggregate  (cost=3749.22..3749.23 rows=1 width=8)
	  ->  Bitmap Heap Scan on sbtest2  (cost=30.35..3746.80 rows=967 width=4)
	        Recheck Cond: ((id >= 8328851) AND (id <= 8329850))
	        ->  Bitmap Index Scan on sbtest2_pkey  (cost=0.00..30.11 rows=967 width=0)
	              Index Cond: ((id >= 8328851) AND (id <= 8329850))

table 3 : explain SELECT SUM(k) FROM sbtest3 WHERE id BETWEEN 7239538 AND 7240537
	Aggregate  (cost=3747.55..3747.56 rows=1 width=8)
	  ->  Bitmap Heap Scan on sbtest3  (cost=30.33..3745.14 rows=965 width=4)
	        Recheck Cond: ((id >= 7239538) AND (id <= 7240537))
	        ->  Bitmap Index Scan on sbtest3_pkey  (cost=0.00..30.08 rows=965 width=0)
	              Index Cond: ((id >= 7239538) AND (id <= 7240537))

table 4 : explain SELECT SUM(k) FROM sbtest4 WHERE id BETWEEN 2940294 AND 2941293
	Aggregate  (cost=4003.42..4003.43 rows=1 width=8)
	  ->  Bitmap Heap Scan on sbtest4  (cost=31.02..4000.84 rows=1033 width=4)
	        Recheck Cond: ((id >= 2940294) AND (id <= 2941293))
	        ->  Bitmap Index Scan on sbtest4_pkey  (cost=0.00..30.76 rows=1033 width=0)
	              Index Cond: ((id >= 2940294) AND (id <= 2941293))

table 5 : explain SELECT SUM(k) FROM sbtest5 WHERE id BETWEEN 6277786 AND 6278785
	Aggregate  (cost=4164.39..4164.40 rows=1 width=8)
	  ->  Bitmap Heap Scan on sbtest5  (cost=31.47..4161.70 rows=1077 width=4)
	        Recheck Cond: ((id >= 6277786) AND (id <= 6278785))
	        ->  Bitmap Index Scan on sbtest5_pkey  (cost=0.00..31.20 rows=1077 width=0)
	              Index Cond: ((id >= 6277786) AND (id <= 6278785))

table 6 : explain SELECT SUM(k) FROM sbtest6 WHERE id BETWEEN 244414 AND 245413
	Aggregate  (cost=3932.48..3932.49 rows=1 width=8)
	  ->  Bitmap Heap Scan on sbtest6  (cost=30.84..3929.94 rows=1015 width=4)
	        Recheck Cond: ((id >= 244414) AND (id <= 245413))
	        ->  Bitmap Index Scan on sbtest6_pkey  (cost=0.00..30.58 rows=1015 width=0)
	              Index Cond: ((id >= 244414) AND (id <= 245413))

table 7 : explain SELECT SUM(k) FROM sbtest7 WHERE id BETWEEN 570823 AND 571822
	Aggregate  (cost=3986.22..3986.23 rows=1 width=8)
	  ->  Bitmap Heap Scan on sbtest7  (cost=30.97..3983.65 rows=1028 width=4)
	        Recheck Cond: ((id >= 570823) AND (id <= 571822))
	        ->  Bitmap Index Scan on sbtest7_pkey  (cost=0.00..30.71 rows=1028 width=0)
	              Index Cond: ((id >= 570823) AND (id <= 571822))

table 8 : explain SELECT SUM(k) FROM sbtest8 WHERE id BETWEEN 6808970 AND 6809969
	Aggregate  (cost=3681.13..3681.14 rows=1 width=8)
	  ->  Bitmap Heap Scan on sbtest8  (cost=30.16..3678.76 rows=949 width=4)
	        Recheck Cond: ((id >= 6808970) AND (id <= 6809969))
	        ->  Bitmap Index Scan on sbtest8_pkey  (cost=0.00..29.93 rows=949 width=0)
	              Index Cond: ((id >= 6808970) AND (id <= 6809969))

for: simple_ranges
table 1 : explain SELECT c FROM sbtest1 WHERE id BETWEEN 6541979 AND 6542978
	Bitmap Heap Scan on sbtest1  (cost=31.72..4252.79 rows=1101 width=121)
	  Recheck Cond: ((id >= 6541979) AND (id <= 6542978))
	  ->  Bitmap Index Scan on sbtest1_pkey  (cost=0.00..31.44 rows=1101 width=0)
	        Index Cond: ((id >= 6541979) AND (id <= 6542978))

table 2 : explain SELECT c FROM sbtest2 WHERE id BETWEEN 5721495 AND 5722494
	Bitmap Heap Scan on sbtest2  (cost=30.17..3682.63 rows=950 width=121)
	  Recheck Cond: ((id >= 5721495) AND (id <= 5722494))
	  ->  Bitmap Index Scan on sbtest2_pkey  (cost=0.00..29.93 rows=950 width=0)
	        Index Cond: ((id >= 5721495) AND (id <= 5722494))

table 3 : explain SELECT c FROM sbtest3 WHERE id BETWEEN 6533085 AND 6534084
	Bitmap Heap Scan on sbtest3  (cost=31.49..4175.60 rows=1079 width=121)
	  Recheck Cond: ((id >= 6533085) AND (id <= 6534084))
	  ->  Bitmap Index Scan on sbtest3_pkey  (cost=0.00..31.22 rows=1079 width=0)
	        Index Cond: ((id >= 6533085) AND (id <= 6534084))

table 4 : explain SELECT c FROM sbtest4 WHERE id BETWEEN 953498 AND 954497
	Bitmap Heap Scan on sbtest4  (cost=30.36..3755.35 rows=968 width=121)
	  Recheck Cond: ((id >= 953498) AND (id <= 954497))
	  ->  Bitmap Index Scan on sbtest4_pkey  (cost=0.00..30.11 rows=968 width=0)
	        Index Cond: ((id >= 953498) AND (id <= 954497))

table 5 : explain SELECT c FROM sbtest5 WHERE id BETWEEN 6869002 AND 6870001
	Bitmap Heap Scan on sbtest5  (cost=30.38..3758.61 rows=970 width=121)
	  Recheck Cond: ((id >= 6869002) AND (id <= 6870001))
	  ->  Bitmap Index Scan on sbtest5_pkey  (cost=0.00..30.14 rows=970 width=0)
	        Index Cond: ((id >= 6869002) AND (id <= 6870001))

table 6 : explain SELECT c FROM sbtest6 WHERE id BETWEEN 3701977 AND 3702976
	Bitmap Heap Scan on sbtest6  (cost=25.75..3525.54 rows=909 width=121)
	  Recheck Cond: ((id >= 3701977) AND (id <= 3702976))
	  ->  Bitmap Index Scan on sbtest6_pkey  (cost=0.00..25.52 rows=909 width=0)
	        Index Cond: ((id >= 3701977) AND (id <= 3702976))

table 7 : explain SELECT c FROM sbtest7 WHERE id BETWEEN 5269931 AND 5270930
	Bitmap Heap Scan on sbtest7  (cost=30.96..3979.88 rows=1027 width=121)
	  Recheck Cond: ((id >= 5269931) AND (id <= 5270930))
	  ->  Bitmap Index Scan on sbtest7_pkey  (cost=0.00..30.70 rows=1027 width=0)
	        Index Cond: ((id >= 5269931) AND (id <= 5270930))

table 8 : explain SELECT c FROM sbtest8 WHERE id BETWEEN 2209329 AND 2210328
	Bitmap Heap Scan on sbtest8  (cost=30.32..3735.38 rows=964 width=121)
	  Recheck Cond: ((id >= 2209329) AND (id <= 2210328))
	  ->  Bitmap Index Scan on sbtest8_pkey  (cost=0.00..30.07 rows=964 width=0)
	        Index Cond: ((id >= 2209329) AND (id <= 2210328))

for: order_ranges
table 1 : explain SELECT c FROM sbtest1 WHERE id BETWEEN 4858835 AND 4859834 ORDER BY c
	Sort  (cost=3726.95..3729.33 rows=949 width=121)
	  Sort Key: c
	  ->  Bitmap Heap Scan on sbtest1  (cost=30.16..3680.03 rows=949 width=121)
	        Recheck Cond: ((id >= 4858835) AND (id <= 4859834))
	        ->  Bitmap Index Scan on sbtest1_pkey  (cost=0.00..29.93 rows=949 width=0)
	              Index Cond: ((id >= 4858835) AND (id <= 4859834))

table 2 : explain SELECT c FROM sbtest2 WHERE id BETWEEN 4595908 AND 4596907 ORDER BY c
	Sort  (cost=3618.42..3620.73 rows=921 width=121)
	  Sort Key: c
	  ->  Bitmap Heap Scan on sbtest2  (cost=29.88..3573.08 rows=921 width=121)
	        Recheck Cond: ((id >= 4595908) AND (id <= 4596907))
	        ->  Bitmap Index Scan on sbtest2_pkey  (cost=0.00..29.64 rows=921 width=0)
	              Index Cond: ((id >= 4595908) AND (id <= 4596907))

table 3 : explain SELECT c FROM sbtest3 WHERE id BETWEEN 1059693 AND 1060692 ORDER BY c
	Sort  (cost=4490.10..4492.96 rows=1146 width=121)
	  Sort Key: c
	  ->  Bitmap Heap Scan on sbtest3  (cost=36.18..4431.87 rows=1146 width=121)
	        Recheck Cond: ((id >= 1059693) AND (id <= 1060692))
	        ->  Bitmap Index Scan on sbtest3_pkey  (cost=0.00..35.90 rows=1146 width=0)
	              Index Cond: ((id >= 1059693) AND (id <= 1060692))

table 4 : explain SELECT c FROM sbtest4 WHERE id BETWEEN 1241491 AND 1242490 ORDER BY c
	Sort  (cost=3887.76..3890.23 rows=990 width=121)
	  Sort Key: c
	  ->  Bitmap Heap Scan on sbtest4  (cost=30.58..3838.50 rows=990 width=121)
	        Recheck Cond: ((id >= 1241491) AND (id <= 1242490))
	        ->  Bitmap Index Scan on sbtest4_pkey  (cost=0.00..30.33 rows=990 width=0)
	              Index Cond: ((id >= 1241491) AND (id <= 1242490))

table 5 : explain SELECT c FROM sbtest5 WHERE id BETWEEN 289936 AND 290935 ORDER BY c
	Sort  (cost=3979.00..3981.53 rows=1015 width=121)
	  Sort Key: c
	  ->  Bitmap Heap Scan on sbtest5  (cost=30.84..3928.31 rows=1015 width=121)
	        Recheck Cond: ((id >= 289936) AND (id <= 290935))
	        ->  Bitmap Index Scan on sbtest5_pkey  (cost=0.00..30.58 rows=1015 width=0)
	              Index Cond: ((id >= 289936) AND (id <= 290935))

table 6 : explain SELECT c FROM sbtest6 WHERE id BETWEEN 4312220 AND 4313219 ORDER BY c
	Sort  (cost=3589.41..3591.69 rows=914 width=121)
	  Sort Key: c
	  ->  Bitmap Heap Scan on sbtest6  (cost=25.80..3544.46 rows=914 width=121)
	        Recheck Cond: ((id >= 4312220) AND (id <= 4313219))
	        ->  Bitmap Index Scan on sbtest6_pkey  (cost=0.00..25.57 rows=914 width=0)
	              Index Cond: ((id >= 4312220) AND (id <= 4313219))

table 7 : explain SELECT c FROM sbtest7 WHERE id BETWEEN 9553778 AND 9554777 ORDER BY c
	Sort  (cost=4288.00..4290.73 rows=1093 width=121)
	  Sort Key: c
	  ->  Bitmap Heap Scan on sbtest7  (cost=35.64..4232.83 rows=1093 width=121)
	        Recheck Cond: ((id >= 9553778) AND (id <= 9554777))
	        ->  Bitmap Index Scan on sbtest7_pkey  (cost=0.00..35.37 rows=1093 width=0)
	              Index Cond: ((id >= 9553778) AND (id <= 9554777))

table 8 : explain SELECT c FROM sbtest8 WHERE id BETWEEN 5359780 AND 5360779 ORDER BY c
	Sort  (cost=3947.77..3950.28 rows=1007 width=121)
	  Sort Key: c
	  ->  Bitmap Heap Scan on sbtest8  (cost=30.76..3897.54 rows=1007 width=121)
	        Recheck Cond: ((id >= 5359780) AND (id <= 5360779))
	        ->  Bitmap Index Scan on sbtest8_pkey  (cost=0.00..30.50 rows=1007 width=0)
	              Index Cond: ((id >= 5359780) AND (id <= 5360779))

for: sum_ranges
table 1 : explain SELECT SUM(k) FROM sbtest1 WHERE id BETWEEN 3954685 AND 3955684
	Aggregate  (cost=3549.79..3549.80 rows=1 width=8)
	  ->  Bitmap Heap Scan on sbtest1  (cost=25.81..3547.50 rows=915 width=4)
	        Recheck Cond: ((id >= 3954685) AND (id <= 3955684))
	        ->  Bitmap Index Scan on sbtest1_pkey  (cost=0.00..25.58 rows=915 width=0)
	              Index Cond: ((id >= 3954685) AND (id <= 3955684))

table 2 : explain SELECT SUM(k) FROM sbtest2 WHERE id BETWEEN 4263527 AND 4264526
	Aggregate  (cost=3919.02..3919.03 rows=1 width=8)
	  ->  Bitmap Heap Scan on sbtest2  (cost=30.81..3916.49 rows=1012 width=4)
	        Recheck Cond: ((id >= 4263527) AND (id <= 4264526))
	        ->  Bitmap Index Scan on sbtest2_pkey  (cost=0.00..30.55 rows=1012 width=0)
	              Index Cond: ((id >= 4263527) AND (id <= 4264526))

table 3 : explain SELECT SUM(k) FROM sbtest3 WHERE id BETWEEN 8793173 AND 8794172
	Aggregate  (cost=3811.88..3811.89 rows=1 width=8)
	  ->  Bitmap Heap Scan on sbtest3  (cost=30.50..3809.43 rows=982 width=4)
	        Recheck Cond: ((id >= 8793173) AND (id <= 8794172))
	        ->  Bitmap Index Scan on sbtest3_pkey  (cost=0.00..30.25 rows=982 width=0)
	              Index Cond: ((id >= 8793173) AND (id <= 8794172))

table 4 : explain SELECT SUM(k) FROM sbtest4 WHERE id BETWEEN 2761115 AND 2762114
	Aggregate  (cost=3988.32..3988.33 rows=1 width=8)
	  ->  Bitmap Heap Scan on sbtest4  (cost=30.98..3985.75 rows=1029 width=4)
	        Recheck Cond: ((id >= 2761115) AND (id <= 2762114))
	        ->  Bitmap Index Scan on sbtest4_pkey  (cost=0.00..30.72 rows=1029 width=0)
	              Index Cond: ((id >= 2761115) AND (id <= 2762114))

table 5 : explain SELECT SUM(k) FROM sbtest5 WHERE id BETWEEN 4132819 AND 4133818
	Aggregate  (cost=3915.76..3915.77 rows=1 width=8)
	  ->  Bitmap Heap Scan on sbtest5  (cost=30.80..3913.24 rows=1011 width=4)
	        Recheck Cond: ((id >= 4132819) AND (id <= 4133818))
	        ->  Bitmap Index Scan on sbtest5_pkey  (cost=0.00..30.54 rows=1011 width=0)
	              Index Cond: ((id >= 4132819) AND (id <= 4133818))

table 6 : explain SELECT SUM(k) FROM sbtest6 WHERE id BETWEEN 1851619 AND 1852618
	Aggregate  (cost=3599.95..3599.96 rows=1 width=8)
	  ->  Bitmap Heap Scan on sbtest6  (cost=29.94..3597.63 rows=927 width=4)
	        Recheck Cond: ((id >= 1851619) AND (id <= 1852618))
	        ->  Bitmap Index Scan on sbtest6_pkey  (cost=0.00..29.70 rows=927 width=0)
	              Index Cond: ((id >= 1851619) AND (id <= 1852618))

table 7 : explain SELECT SUM(k) FROM sbtest7 WHERE id BETWEEN 9645570 AND 9646569
	Aggregate  (cost=3887.94..3887.95 rows=1 width=8)
	  ->  Bitmap Heap Scan on sbtest7  (cost=30.71..3885.44 rows=1002 width=4)
	        Recheck Cond: ((id >= 9645570) AND (id <= 9646569))
	        ->  Bitmap Index Scan on sbtest7_pkey  (cost=0.00..30.45 rows=1002 width=0)
	              Index Cond: ((id >= 9645570) AND (id <= 9646569))

table 8 : explain SELECT SUM(k) FROM sbtest8 WHERE id BETWEEN 3696312 AND 3697311
	Aggregate  (cost=3518.32..3518.33 rows=1 width=8)
	  ->  Bitmap Heap Scan on sbtest8  (cost=25.73..3516.06 rows=907 width=4)
	        Recheck Cond: ((id >= 3696312) AND (id <= 3697311))
	        ->  Bitmap Index Scan on sbtest8_pkey  (cost=0.00..25.50 rows=907 width=0)
	              Index Cond: ((id >= 3696312) AND (id <= 3697311))

for: order_ranges
table 1 : explain SELECT c FROM sbtest1 WHERE id BETWEEN 2119287 AND 2120286 ORDER BY c
	Sort  (cost=3937.67..3940.18 rows=1004 width=121)
	  Sort Key: c
	  ->  Bitmap Heap Scan on sbtest1  (cost=30.73..3887.61 rows=1004 width=121)
	        Recheck Cond: ((id >= 2119287) AND (id <= 2120286))
	        ->  Bitmap Index Scan on sbtest1_pkey  (cost=0.00..30.47 rows=1004 width=0)
	              Index Cond: ((id >= 2119287) AND (id <= 2120286))

table 2 : explain SELECT c FROM sbtest2 WHERE id BETWEEN 4996854 AND 4997853 ORDER BY c
	Sort  (cost=3947.87..3950.39 rows=1007 width=121)
	  Sort Key: c
	  ->  Bitmap Heap Scan on sbtest2  (cost=30.76..3897.64 rows=1007 width=121)
	        Recheck Cond: ((id >= 4996854) AND (id <= 4997853))
	        ->  Bitmap Index Scan on sbtest2_pkey  (cost=0.00..30.50 rows=1007 width=0)
	              Index Cond: ((id >= 4996854) AND (id <= 4997853))

table 3 : explain SELECT c FROM sbtest3 WHERE id BETWEEN 4810810 AND 4811809 ORDER BY c
	Sort  (cost=3635.44..3637.75 rows=924 width=121)
	  Sort Key: c
	  ->  Bitmap Heap Scan on sbtest3  (cost=29.91..3589.93 rows=924 width=121)
	        Recheck Cond: ((id >= 4810810) AND (id <= 4811809))
	        ->  Bitmap Index Scan on sbtest3_pkey  (cost=0.00..29.68 rows=924 width=0)
	              Index Cond: ((id >= 4810810) AND (id <= 4811809))

table 4 : explain SELECT c FROM sbtest4 WHERE id BETWEEN 2727397 AND 2728396 ORDER BY c
	Sort  (cost=4037.24..4039.81 rows=1029 width=121)
	  Sort Key: c
	  ->  Bitmap Heap Scan on sbtest4  (cost=30.98..3985.75 rows=1029 width=121)
	        Recheck Cond: ((id >= 2727397) AND (id <= 2728396))
	        ->  Bitmap Index Scan on sbtest4_pkey  (cost=0.00..30.72 rows=1029 width=0)
	              Index Cond: ((id >= 2727397) AND (id <= 2728396))

table 5 : explain SELECT c FROM sbtest5 WHERE id BETWEEN 8001950 AND 8002949 ORDER BY c
	Sort  (cost=3703.09..3705.45 rows=944 width=121)
	  Sort Key: c
	  ->  Bitmap Heap Scan on sbtest5  (cost=26.11..3656.44 rows=944 width=121)
	        Recheck Cond: ((id >= 8001950) AND (id <= 8002949))
	        ->  Bitmap Index Scan on sbtest5_pkey  (cost=0.00..25.87 rows=944 width=0)
	              Index Cond: ((id >= 8001950) AND (id <= 8002949))

table 6 : explain SELECT c FROM sbtest6 WHERE id BETWEEN 5402960 AND 5403959 ORDER BY c
	Sort  (cost=4103.05..4105.67 rows=1047 width=121)
	  Sort Key: c
	  ->  Bitmap Heap Scan on sbtest6  (cost=31.17..4050.54 rows=1047 width=121)
	        Recheck Cond: ((id >= 5402960) AND (id <= 5403959))
	        ->  Bitmap Index Scan on sbtest6_pkey  (cost=0.00..30.90 rows=1047 width=0)
	              Index Cond: ((id >= 5402960) AND (id <= 5403959))

table 7 : explain SELECT c FROM sbtest7 WHERE id BETWEEN 7472296 AND 7473295 ORDER BY c
	Sort  (cost=4138.53..4141.17 rows=1055 width=121)
	  Sort Key: c
	  ->  Bitmap Heap Scan on sbtest7  (cost=31.25..4085.56 rows=1055 width=121)
	        Recheck Cond: ((id >= 7472296) AND (id <= 7473295))
	        ->  Bitmap Index Scan on sbtest7_pkey  (cost=0.00..30.98 rows=1055 width=0)
	              Index Cond: ((id >= 7472296) AND (id <= 7473295))

table 8 : explain SELECT c FROM sbtest8 WHERE id BETWEEN 1947695 AND 1948694 ORDER BY c
	Sort  (cost=3721.86..3724.23 rows=948 width=121)
	  Sort Key: c
	  ->  Bitmap Heap Scan on sbtest8  (cost=30.15..3674.98 rows=948 width=121)
	        Recheck Cond: ((id >= 1947695) AND (id <= 1948694))
	        ->  Bitmap Index Scan on sbtest8_pkey  (cost=0.00..29.91 rows=948 width=0)
	              Index Cond: ((id >= 1947695) AND (id <= 1948694))

for: distinct_ranges
table 1 : explain SELECT DISTINCT c FROM sbtest1 WHERE id BETWEEN 6607187 AND 6608186 ORDER BY c
	Unique  (cost=4308.41..4313.92 rows=1101 width=121)
	  ->  Sort  (cost=4308.41..4311.16 rows=1101 width=121)
	        Sort Key: c
	        ->  Bitmap Heap Scan on sbtest1  (cost=31.72..4252.79 rows=1101 width=121)
	              Recheck Cond: ((id >= 6607187) AND (id <= 6608186))
	              ->  Bitmap Index Scan on sbtest1_pkey  (cost=0.00..31.44 rows=1101 width=0)
	                    Index Cond: ((id >= 6607187) AND (id <= 6608186))

table 2 : explain SELECT DISTINCT c FROM sbtest2 WHERE id BETWEEN 2457222 AND 2458221 ORDER BY c
	Unique  (cost=4074.05..4079.25 rows=1040 width=121)
	  ->  Sort  (cost=4074.05..4076.65 rows=1040 width=121)
	        Sort Key: c
	        ->  Bitmap Heap Scan on sbtest2  (cost=31.09..4021.93 rows=1040 width=121)
	              Recheck Cond: ((id >= 2457222) AND (id <= 2458221))
	              ->  Bitmap Index Scan on sbtest2_pkey  (cost=0.00..30.83 rows=1040 width=0)
	                    Index Cond: ((id >= 2457222) AND (id <= 2458221))

table 3 : explain SELECT DISTINCT c FROM sbtest3 WHERE id BETWEEN 1869454 AND 1870453 ORDER BY c
	Unique  (cost=4030.82..4035.95 rows=1027 width=121)
	  ->  Sort  (cost=4030.82..4033.38 rows=1027 width=121)
	        Sort Key: c
	        ->  Bitmap Heap Scan on sbtest3  (cost=30.96..3979.45 rows=1027 width=121)
	              Recheck Cond: ((id >= 1869454) AND (id <= 1870453))
	              ->  Bitmap Index Scan on sbtest3_pkey  (cost=0.00..30.70 rows=1027 width=0)
	                    Index Cond: ((id >= 1869454) AND (id <= 1870453))

table 4 : explain SELECT DISTINCT c FROM sbtest4 WHERE id BETWEEN 1410308 AND 1411307 ORDER BY c
	Unique  (cost=3753.45..3758.23 rows=955 width=121)
	  ->  Sort  (cost=3753.45..3755.84 rows=955 width=121)
	        Sort Key: c
	        ->  Bitmap Heap Scan on sbtest4  (cost=30.22..3706.19 rows=955 width=121)
	              Recheck Cond: ((id >= 1410308) AND (id <= 1411307))
	              ->  Bitmap Index Scan on sbtest4_pkey  (cost=0.00..29.98 rows=955 width=0)
	                    Index Cond: ((id >= 1410308) AND (id <= 1411307))

table 5 : explain SELECT DISTINCT c FROM sbtest5 WHERE id BETWEEN 8716193 AND 8717192 ORDER BY c
	Unique  (cost=3868.01..3872.94 rows=986 width=121)
	  ->  Sort  (cost=3868.01..3870.47 rows=986 width=121)
	        Sort Key: c
	        ->  Bitmap Heap Scan on sbtest5  (cost=30.54..3818.98 rows=986 width=121)
	              Recheck Cond: ((id >= 8716193) AND (id <= 8717192))
	              ->  Bitmap Index Scan on sbtest5_pkey  (cost=0.00..30.29 rows=986 width=0)
	                    Index Cond: ((id >= 8716193) AND (id <= 8717192))

table 6 : explain SELECT DISTINCT c FROM sbtest6 WHERE id BETWEEN 6757969 AND 6758968 ORDER BY c
	Unique  (cost=3789.09..3793.91 rows=965 width=121)
	  ->  Sort  (cost=3789.09..3791.50 rows=965 width=121)
	        Sort Key: c
	        ->  Bitmap Heap Scan on sbtest6  (cost=30.33..3741.25 rows=965 width=121)
	              Recheck Cond: ((id >= 6757969) AND (id <= 6758968))
	              ->  Bitmap Index Scan on sbtest6_pkey  (cost=0.00..30.08 rows=965 width=0)
	                    Index Cond: ((id >= 6757969) AND (id <= 6758968))

table 7 : explain SELECT DISTINCT c FROM sbtest7 WHERE id BETWEEN 1197941 AND 1198940 ORDER BY c
	Unique  (cost=3808.73..3813.57 rows=969 width=121)
	  ->  Sort  (cost=3808.73..3811.15 rows=969 width=121)
	        Sort Key: c
	        ->  Bitmap Heap Scan on sbtest7  (cost=30.37..3760.66 rows=969 width=121)
	              Recheck Cond: ((id >= 1197941) AND (id <= 1198940))
	              ->  Bitmap Index Scan on sbtest7_pkey  (cost=0.00..30.12 rows=969 width=0)
	                    Index Cond: ((id >= 1197941) AND (id <= 1198940))

table 8 : explain SELECT DISTINCT c FROM sbtest8 WHERE id BETWEEN 379797 AND 380796 ORDER BY c
	Unique  (cost=3909.51..3914.49 rows=997 width=121)
	  ->  Sort  (cost=3909.51..3912.00 rows=997 width=121)
	        Sort Key: c
	        ->  Bitmap Heap Scan on sbtest8  (cost=30.65..3859.85 rows=997 width=121)
	              Recheck Cond: ((id >= 379797) AND (id <= 380796))
	              ->  Bitmap Index Scan on sbtest8_pkey  (cost=0.00..30.40 rows=997 width=0)
	                    Index Cond: ((id >= 379797) AND (id <= 380796))

for: sum_ranges
table 1 : explain SELECT SUM(k) FROM sbtest1 WHERE id BETWEEN 1403684 AND 1404683
	Aggregate  (cost=3735.31..3735.32 rows=1 width=8)
	  ->  Bitmap Heap Scan on sbtest1  (cost=30.31..3732.90 rows=963 width=4)
	        Recheck Cond: ((id >= 1403684) AND (id <= 1404683))
	        ->  Bitmap Index Scan on sbtest1_pkey  (cost=0.00..30.07 rows=963 width=0)
	              Index Cond: ((id >= 1403684) AND (id <= 1404683))

table 2 : explain SELECT SUM(k) FROM sbtest2 WHERE id BETWEEN 742200 AND 743199
	Aggregate  (cost=3896.39..3896.40 rows=1 width=8)
	  ->  Bitmap Heap Scan on sbtest2  (cost=30.75..3893.88 rows=1006 width=4)
	        Recheck Cond: ((id >= 742200) AND (id <= 743199))
	        ->  Bitmap Index Scan on sbtest2_pkey  (cost=0.00..30.50 rows=1006 width=0)
	              Index Cond: ((id >= 742200) AND (id <= 743199))

table 3 : explain SELECT SUM(k) FROM sbtest3 WHERE id BETWEEN 8495152 AND 8496151
	Aggregate  (cost=3652.87..3652.88 rows=1 width=8)
	  ->  Bitmap Heap Scan on sbtest3  (cost=30.07..3650.52 rows=940 width=4)
	        Recheck Cond: ((id >= 8495152) AND (id <= 8496151))
	        ->  Bitmap Index Scan on sbtest3_pkey  (cost=0.00..29.83 rows=940 width=0)
	              Index Cond: ((id >= 8495152) AND (id <= 8496151))

table 4 : explain SELECT SUM(k) FROM sbtest4 WHERE id BETWEEN 4672734 AND 4673733
	Aggregate  (cost=3511.37..3511.38 rows=1 width=8)
	  ->  Bitmap Heap Scan on sbtest4  (cost=25.70..3509.11 rows=904 width=4)
	        Recheck Cond: ((id >= 4672734) AND (id <= 4673733))
	        ->  Bitmap Index Scan on sbtest4_pkey  (cost=0.00..25.47 rows=904 width=0)
	              Index Cond: ((id >= 4672734) AND (id <= 4673733))

table 5 : explain SELECT SUM(k) FROM sbtest5 WHERE id BETWEEN 2107162 AND 2108161
	Aggregate  (cost=3617.22..3617.23 rows=1 width=8)
	  ->  Bitmap Heap Scan on sbtest5  (cost=26.00..3614.88 rows=933 width=4)
	        Recheck Cond: ((id >= 2107162) AND (id <= 2108161))
	        ->  Bitmap Index Scan on sbtest5_pkey  (cost=0.00..25.76 rows=933 width=0)
	              Index Cond: ((id >= 2107162) AND (id <= 2108161))

table 6 : explain SELECT SUM(k) FROM sbtest6 WHERE id BETWEEN 982869 AND 983868
	Aggregate  (cost=3924.93..3924.94 rows=1 width=8)
	  ->  Bitmap Heap Scan on sbtest6  (cost=30.82..3922.40 rows=1013 width=4)
	        Recheck Cond: ((id >= 982869) AND (id <= 983868))
	        ->  Bitmap Index Scan on sbtest6_pkey  (cost=0.00..30.57 rows=1013 width=0)
	              Index Cond: ((id >= 982869) AND (id <= 983868))

table 7 : explain SELECT SUM(k) FROM sbtest7 WHERE id BETWEEN 9186644 AND 9187643
	Aggregate  (cost=3698.71..3698.72 rows=1 width=8)
	  ->  Bitmap Heap Scan on sbtest7  (cost=30.19..3696.33 rows=952 width=4)
	        Recheck Cond: ((id >= 9186644) AND (id <= 9187643))
	        ->  Bitmap Index Scan on sbtest7_pkey  (cost=0.00..29.95 rows=952 width=0)
	              Index Cond: ((id >= 9186644) AND (id <= 9187643))

table 8 : explain SELECT SUM(k) FROM sbtest8 WHERE id BETWEEN 8596956 AND 8597955
	Aggregate  (cost=4148.65..4148.66 rows=1 width=8)
	  ->  Bitmap Heap Scan on sbtest8  (cost=31.43..4145.97 rows=1073 width=4)
	        Recheck Cond: ((id >= 8596956) AND (id <= 8597955))
	        ->  Bitmap Index Scan on sbtest8_pkey  (cost=0.00..31.16 rows=1073 width=0)
	              Index Cond: ((id >= 8596956) AND (id <= 8597955))

explain: for point_selects :: explain SELECT c FROM sbtest%u WHERE id=%u
for: sum_ranges
table 1 : explain SELECT SUM(k) FROM sbtest1 WHERE id BETWEEN 5670308 AND 5671307
	Aggregate  (cost=3833.51..3833.52 rows=1 width=8)
	  ->  Bitmap Heap Scan on sbtest1  (cost=30.57..3831.03 rows=989 width=4)
	        Recheck Cond: ((id >= 5670308) AND (id <= 5671307))
	        ->  Bitmap Index Scan on sbtest1_pkey  (cost=0.00..30.32 rows=989 width=0)
	              Index Cond: ((id >= 5670308) AND (id <= 5671307))

table 2 : explain SELECT SUM(k) FROM sbtest2 WHERE id BETWEEN 783537 AND 784536
	Aggregate  (cost=3896.39..3896.40 rows=1 width=8)
	  ->  Bitmap Heap Scan on sbtest2  (cost=30.75..3893.88 rows=1006 width=4)
	        Recheck Cond: ((id >= 783537) AND (id <= 784536))
	        ->  Bitmap Index Scan on sbtest2_pkey  (cost=0.00..30.50 rows=1006 width=0)
	              Index Cond: ((id >= 783537) AND (id <= 784536))

table 3 : explain SELECT SUM(k) FROM sbtest3 WHERE id BETWEEN 2731666 AND 2732665
	Aggregate  (cost=3671.81..3671.82 rows=1 width=8)
	  ->  Bitmap Heap Scan on sbtest3  (cost=30.12..3669.45 rows=945 width=4)
	        Recheck Cond: ((id >= 2731666) AND (id <= 2732665))
	        ->  Bitmap Index Scan on sbtest3_pkey  (cost=0.00..29.89 rows=945 width=0)
	              Index Cond: ((id >= 2731666) AND (id <= 2732665))

table 4 : explain SELECT SUM(k) FROM sbtest4 WHERE id BETWEEN 1014011 AND 1015010
	Aggregate  (cost=3439.30..3439.31 rows=1 width=8)
	  ->  Bitmap Heap Scan on sbtest4  (cost=25.51..3437.09 rows=885 width=4)
	        Recheck Cond: ((id >= 1014011) AND (id <= 1015010))
	        ->  Bitmap Index Scan on sbtest4_pkey  (cost=0.00..25.29 rows=885 width=0)
	              Index Cond: ((id >= 1014011) AND (id <= 1015010))

table 5 : explain SELECT SUM(k) FROM sbtest5 WHERE id BETWEEN 2662620 AND 2663619
	Aggregate  (cost=4111.70..4111.71 rows=1 width=8)
	  ->  Bitmap Heap Scan on sbtest5  (cost=31.33..4109.04 rows=1063 width=4)
	        Recheck Cond: ((id >= 2662620) AND (id <= 2663619))
	        ->  Bitmap Index Scan on sbtest5_pkey  (cost=0.00..31.07 rows=1063 width=0)
	              Index Cond: ((id >= 2662620) AND (id <= 2663619))

table 6 : explain SELECT SUM(k) FROM sbtest6 WHERE id BETWEEN 5222923 AND 5223922
	Aggregate  (cost=3928.70..3928.71 rows=1 width=8)
	  ->  Bitmap Heap Scan on sbtest6  (cost=30.83..3926.17 rows=1014 width=4)
	        Recheck Cond: ((id >= 5222923) AND (id <= 5223922))
	        ->  Bitmap Index Scan on sbtest6_pkey  (cost=0.00..30.57 rows=1014 width=0)
	              Index Cond: ((id >= 5222923) AND (id <= 5223922))

table 7 : explain SELECT SUM(k) FROM sbtest7 WHERE id BETWEEN 7144708 AND 7145707
	Aggregate  (cost=4024.00..4024.01 rows=1 width=8)
	  ->  Bitmap Heap Scan on sbtest7  (cost=31.07..4021.41 rows=1038 width=4)
	        Recheck Cond: ((id >= 7144708) AND (id <= 7145707))
	        ->  Bitmap Index Scan on sbtest7_pkey  (cost=0.00..30.82 rows=1038 width=0)
	              Index Cond: ((id >= 7144708) AND (id <= 7145707))

table 8 : explain SELECT SUM(k) FROM sbtest8 WHERE id BETWEEN 1255128 AND 1256127
	Aggregate  (cost=3858.57..3858.58 rows=1 width=8)
	  ->  Bitmap Heap Scan on sbtest8  (cost=30.64..3856.08 rows=996 width=4)
	        Recheck Cond: ((id >= 1255128) AND (id <= 1256127))
	        ->  Bitmap Index Scan on sbtest8_pkey  (cost=0.00..30.39 rows=996 width=0)
	              Index Cond: ((id >= 1255128) AND (id <= 1256127))

explain: for point_selects :: explain SELECT c FROM sbtest%u WHERE id=%u
for point_selects
table 1 : explain SELECT c FROM sbtest1 WHERE id=7619205
	Index Scan using sbtest1_pkey on sbtest1  (cost=0.43..8.45 rows=1 width=121)
	  Index Cond: (id = 7619205)

table 2 : explain SELECT c FROM sbtest2 WHERE id=4133199
	Index Scan using sbtest2_pkey on sbtest2  (cost=0.43..8.45 rows=1 width=121)
	  Index Cond: (id = 4133199)

table 3 : explain SELECT c FROM sbtest3 WHERE id=8570111
	Index Scan using sbtest3_pkey on sbtest3  (cost=0.43..8.45 rows=1 width=121)
	  Index Cond: (id = 8570111)

table 4 : explain SELECT c FROM sbtest4 WHERE id=645365
	Index Scan using sbtest4_pkey on sbtest4  (cost=0.43..8.45 rows=1 width=121)
	  Index Cond: (id = 645365)

table 5 : explain SELECT c FROM sbtest5 WHERE id=4047824
	Index Scan using sbtest5_pkey on sbtest5  (cost=0.43..8.45 rows=1 width=121)
	  Index Cond: (id = 4047824)

table 6 : explain SELECT c FROM sbtest6 WHERE id=9897576
	Index Scan using sbtest6_pkey on sbtest6  (cost=0.43..8.45 rows=1 width=121)
	  Index Cond: (id = 9897576)

table 7 : explain SELECT c FROM sbtest7 WHERE id=3949
	Index Scan using sbtest7_pkey on sbtest7  (cost=0.43..8.45 rows=1 width=121)
	  Index Cond: (id = 3949)

table 8 : explain SELECT c FROM sbtest8 WHERE id=7688703
	Index Scan using sbtest8_pkey on sbtest8  (cost=0.43..8.45 rows=1 width=121)
	  Index Cond: (id = 7688703)

for: distinct_ranges
table 1 : explain SELECT DISTINCT c FROM sbtest1 WHERE id BETWEEN 2320840 AND 2321839 ORDER BY c
	Unique  (cost=3473.45..3477.87 rows=884 width=121)
	  ->  Sort  (cost=3473.45..3475.66 rows=884 width=121)
	        Sort Key: c
	        ->  Bitmap Heap Scan on sbtest1  (cost=25.50..3430.19 rows=884 width=121)
	              Recheck Cond: ((id >= 2320840) AND (id <= 2321839))
	              ->  Bitmap Index Scan on sbtest1_pkey  (cost=0.00..25.27 rows=884 width=0)
	                    Index Cond: ((id >= 2320840) AND (id <= 2321839))

table 2 : explain SELECT DISTINCT c FROM sbtest2 WHERE id BETWEEN 3922659 AND 3923658 ORDER BY c
	Unique  (cost=3687.45..3692.15 rows=939 width=121)
	  ->  Sort  (cost=3687.45..3689.80 rows=939 width=121)
	        Sort Key: c
	        ->  Bitmap Heap Scan on sbtest2  (cost=30.06..3641.09 rows=939 width=121)
	              Recheck Cond: ((id >= 3922659) AND (id <= 3923658))
	              ->  Bitmap Index Scan on sbtest2_pkey  (cost=0.00..29.82 rows=939 width=0)
	                    Index Cond: ((id >= 3922659) AND (id <= 3923658))

table 3 : explain SELECT DISTINCT c FROM sbtest3 WHERE id BETWEEN 6167094 AND 6168093 ORDER BY c
	Unique  (cost=4126.60..4131.86 rows=1052 width=121)
	  ->  Sort  (cost=4126.60..4129.23 rows=1052 width=121)
	        Sort Key: c
	        ->  Bitmap Heap Scan on sbtest3  (cost=31.22..4073.79 rows=1052 width=121)
	              Recheck Cond: ((id >= 6167094) AND (id <= 6168093))
	              ->  Bitmap Index Scan on sbtest3_pkey  (cost=0.00..30.95 rows=1052 width=0)
	                    Index Cond: ((id >= 6167094) AND (id <= 6168093))

table 4 : explain SELECT DISTINCT c FROM sbtest4 WHERE id BETWEEN 10345 AND 11344 ORDER BY c
	Unique  (cost=3995.09..4000.18 rows=1018 width=121)
	  ->  Sort  (cost=3995.09..3997.64 rows=1018 width=121)
	        Sort Key: c
	        ->  Bitmap Heap Scan on sbtest4  (cost=30.87..3944.24 rows=1018 width=121)
	              Recheck Cond: ((id >= 10345) AND (id <= 11344))
	              ->  Bitmap Index Scan on sbtest4_pkey  (cost=0.00..30.61 rows=1018 width=0)
	                    Index Cond: ((id >= 10345) AND (id <= 11344))

table 5 : explain SELECT DISTINCT c FROM sbtest5 WHERE id BETWEEN 1052352 AND 1053351 ORDER BY c
	Unique  (cost=3864.18..3869.11 rows=985 width=121)
	  ->  Sort  (cost=3864.18..3866.64 rows=985 width=121)
	        Sort Key: c
	        ->  Bitmap Heap Scan on sbtest5  (cost=30.53..3815.21 rows=985 width=121)
	              Recheck Cond: ((id >= 1052352) AND (id <= 1053351))
	              ->  Bitmap Index Scan on sbtest5_pkey  (cost=0.00..30.29 rows=985 width=0)
	                    Index Cond: ((id >= 1052352) AND (id <= 1053351))

table 6 : explain SELECT DISTINCT c FROM sbtest6 WHERE id BETWEEN 1635111 AND 1636110 ORDER BY c
	Unique  (cost=3762.25..3767.04 rows=958 width=121)
	  ->  Sort  (cost=3762.25..3764.64 rows=958 width=121)
	        Sort Key: c
	        ->  Bitmap Heap Scan on sbtest6  (cost=30.25..3714.81 rows=958 width=121)
	              Recheck Cond: ((id >= 1635111) AND (id <= 1636110))
	              ->  Bitmap Index Scan on sbtest6_pkey  (cost=0.00..30.01 rows=958 width=0)
	                    Index Cond: ((id >= 1635111) AND (id <= 1636110))

table 7 : explain SELECT DISTINCT c FROM sbtest7 WHERE id BETWEEN 8905102 AND 8906101 ORDER BY c
	Unique  (cost=4322.42..4327.93 rows=1102 width=121)
	  ->  Sort  (cost=4322.42..4325.18 rows=1102 width=121)
	        Sort Key: c
	        ->  Bitmap Heap Scan on sbtest7  (cost=35.73..4266.74 rows=1102 width=121)
	              Recheck Cond: ((id >= 8905102) AND (id <= 8906101))
	              ->  Bitmap Index Scan on sbtest7_pkey  (cost=0.00..35.45 rows=1102 width=0)
	                    Index Cond: ((id >= 8905102) AND (id <= 8906101))

table 8 : explain SELECT DISTINCT c FROM sbtest8 WHERE id BETWEEN 5526063 AND 5527062 ORDER BY c
	Unique  (cost=3844.44..3849.34 rows=980 width=121)
	  ->  Sort  (cost=3844.44..3846.89 rows=980 width=121)
	        Sort Key: c
	        ->  Bitmap Heap Scan on sbtest8  (cost=30.48..3795.75 rows=980 width=121)
	              Recheck Cond: ((id >= 5526063) AND (id <= 5527062))
	              ->  Bitmap Index Scan on sbtest8_pkey  (cost=0.00..30.23 rows=980 width=0)
	                    Index Cond: ((id >= 5526063) AND (id <= 5527062))

for: sum_ranges
table 1 : explain SELECT SUM(k) FROM sbtest1 WHERE id BETWEEN 4379891 AND 4380890
	Aggregate  (cost=3511.94..3511.95 rows=1 width=8)
	  ->  Bitmap Heap Scan on sbtest1  (cost=25.71..3509.67 rows=905 width=4)
	        Recheck Cond: ((id >= 4379891) AND (id <= 4380890))
	        ->  Bitmap Index Scan on sbtest1_pkey  (cost=0.00..25.48 rows=905 width=0)
	              Index Cond: ((id >= 4379891) AND (id <= 4380890))

table 2 : explain SELECT SUM(k) FROM sbtest2 WHERE id BETWEEN 1573856 AND 1574855
	Aggregate  (cost=3734.11..3734.12 rows=1 width=8)
	  ->  Bitmap Heap Scan on sbtest2  (cost=30.31..3731.71 rows=963 width=4)
	        Recheck Cond: ((id >= 1573856) AND (id <= 1574855))
	        ->  Bitmap Index Scan on sbtest2_pkey  (cost=0.00..30.07 rows=963 width=0)
	              Index Cond: ((id >= 1573856) AND (id <= 1574855))

table 3 : explain SELECT SUM(k) FROM sbtest3 WHERE id BETWEEN 5415640 AND 5416639
	Aggregate  (cost=3762.69..3762.70 rows=1 width=8)
	  ->  Bitmap Heap Scan on sbtest3  (cost=30.37..3760.27 rows=969 width=4)
	        Recheck Cond: ((id >= 5415640) AND (id <= 5416639))
	        ->  Bitmap Index Scan on sbtest3_pkey  (cost=0.00..30.12 rows=969 width=0)
	              Index Cond: ((id >= 5415640) AND (id <= 5416639))

table 4 : explain SELECT SUM(k) FROM sbtest4 WHERE id BETWEEN 614435 AND 615434
	Aggregate  (cost=4293.77..4293.78 rows=1 width=8)
	  ->  Bitmap Heap Scan on sbtest4  (cost=31.81..4290.99 rows=1110 width=4)
	        Recheck Cond: ((id >= 614435) AND (id <= 615434))
	        ->  Bitmap Index Scan on sbtest4_pkey  (cost=0.00..31.54 rows=1110 width=0)
	              Index Cond: ((id >= 614435) AND (id <= 615434))

table 5 : explain SELECT SUM(k) FROM sbtest5 WHERE id BETWEEN 3272030 AND 3273029
	Aggregate  (cost=3795.02..3795.03 rows=1 width=8)
	  ->  Bitmap Heap Scan on sbtest5  (cost=30.47..3792.57 rows=979 width=4)
	        Recheck Cond: ((id >= 3272030) AND (id <= 3273029))
	        ->  Bitmap Index Scan on sbtest5_pkey  (cost=0.00..30.22 rows=979 width=0)
	              Index Cond: ((id >= 3272030) AND (id <= 3273029))

table 6 : explain SELECT SUM(k) FROM sbtest6 WHERE id BETWEEN 6502899 AND 6503898
	Aggregate  (cost=3996.60..3996.61 rows=1 width=8)
	  ->  Bitmap Heap Scan on sbtest6  (cost=31.01..3994.02 rows=1032 width=4)
	        Recheck Cond: ((id >= 6502899) AND (id <= 6503898))
	        ->  Bitmap Index Scan on sbtest6_pkey  (cost=0.00..30.75 rows=1032 width=0)
	              Index Cond: ((id >= 6502899) AND (id <= 6503898))

table 7 : explain SELECT SUM(k) FROM sbtest7 WHERE id BETWEEN 5828425 AND 5829424
	Aggregate  (cost=3974.89..3974.90 rows=1 width=8)
	  ->  Bitmap Heap Scan on sbtest7  (cost=30.94..3972.33 rows=1025 width=4)
	        Recheck Cond: ((id >= 5828425) AND (id <= 5829424))
	        ->  Bitmap Index Scan on sbtest7_pkey  (cost=0.00..30.68 rows=1025 width=0)
	              Index Cond: ((id >= 5828425) AND (id <= 5829424))

table 8 : explain SELECT SUM(k) FROM sbtest8 WHERE id BETWEEN 1728657 AND 1729656
	Aggregate  (cost=4171.23..4171.24 rows=1 width=8)
	  ->  Bitmap Heap Scan on sbtest8  (cost=31.49..4168.53 rows=1079 width=4)
	        Recheck Cond: ((id >= 1728657) AND (id <= 1729656))
	        ->  Bitmap Index Scan on sbtest8_pkey  (cost=0.00..31.22 rows=1079 width=0)
	              Index Cond: ((id >= 1728657) AND (id <= 1729656))

for: simple_ranges
table 1 : explain SELECT c FROM sbtest1 WHERE id BETWEEN 6252569 AND 6253568
	Bitmap Heap Scan on sbtest1  (cost=30.74..3891.38 rows=1005 width=121)
	  Recheck Cond: ((id >= 6252569) AND (id <= 6253568))
	  ->  Bitmap Index Scan on sbtest1_pkey  (cost=0.00..30.48 rows=1005 width=0)
	        Index Cond: ((id >= 6252569) AND (id <= 6253568))

table 2 : explain SELECT c FROM sbtest2 WHERE id BETWEEN 1719454 AND 1720453
	Bitmap Heap Scan on sbtest2  (cost=30.62..3848.64 rows=994 width=121)
	  Recheck Cond: ((id >= 1719454) AND (id <= 1720453))
	  ->  Bitmap Index Scan on sbtest2_pkey  (cost=0.00..30.37 rows=994 width=0)
	        Index Cond: ((id >= 1719454) AND (id <= 1720453))

table 3 : explain SELECT c FROM sbtest3 WHERE id BETWEEN 1796297 AND 1797296
	Bitmap Heap Scan on sbtest3  (cost=30.56..3832.11 rows=988 width=121)
	  Recheck Cond: ((id >= 1796297) AND (id <= 1797296))
	  ->  Bitmap Index Scan on sbtest3_pkey  (cost=0.00..30.32 rows=988 width=0)
	        Index Cond: ((id >= 1796297) AND (id <= 1797296))

table 4 : explain SELECT c FROM sbtest4 WHERE id BETWEEN 3426682 AND 3427681
	Bitmap Heap Scan on sbtest4  (cost=30.63..3857.39 rows=995 width=121)
	  Recheck Cond: ((id >= 3426682) AND (id <= 3427681))
	  ->  Bitmap Index Scan on sbtest4_pkey  (cost=0.00..30.39 rows=995 width=0)
	        Index Cond: ((id >= 3426682) AND (id <= 3427681))

table 5 : explain SELECT c FROM sbtest5 WHERE id BETWEEN 7870054 AND 7871053
	Bitmap Heap Scan on sbtest5  (cost=30.43..3777.48 rows=975 width=121)
	  Recheck Cond: ((id >= 7870054) AND (id <= 7871053))
	  ->  Bitmap Index Scan on sbtest5_pkey  (cost=0.00..30.18 rows=975 width=0)
	        Index Cond: ((id >= 7870054) AND (id <= 7871053))

table 6 : explain SELECT c FROM sbtest6 WHERE id BETWEEN 9768269 AND 9769268
	Bitmap Heap Scan on sbtest6  (cost=30.64..3858.28 rows=996 width=121)
	  Recheck Cond: ((id >= 9768269) AND (id <= 9769268))
	  ->  Bitmap Index Scan on sbtest6_pkey  (cost=0.00..30.39 rows=996 width=0)
	        Index Cond: ((id >= 9768269) AND (id <= 9769268))

table 7 : explain SELECT c FROM sbtest7 WHERE id BETWEEN 4080333 AND 4081332
	Bitmap Heap Scan on sbtest7  (cost=29.89..3582.72 rows=922 width=121)
	  Recheck Cond: ((id >= 4080333) AND (id <= 4081332))
	  ->  Bitmap Index Scan on sbtest7_pkey  (cost=0.00..29.65 rows=922 width=0)
	        Index Cond: ((id >= 4080333) AND (id <= 4081332))

table 8 : explain SELECT c FROM sbtest8 WHERE id BETWEEN 1855126 AND 1856125
	Bitmap Heap Scan on sbtest8  (cost=25.48..3421.48 rows=882 width=121)
	  Recheck Cond: ((id >= 1855126) AND (id <= 1856125))
	  ->  Bitmap Index Scan on sbtest8_pkey  (cost=0.00..25.25 rows=882 width=0)
	        Index Cond: ((id >= 1855126) AND (id <= 1856125))

for: order_ranges
table 1 : explain SELECT c FROM sbtest1 WHERE id BETWEEN 2334706 AND 2335705 ORDER BY c
	Sort  (cost=3995.07..3997.62 rows=1019 width=121)
	  Sort Key: c
	  ->  Bitmap Heap Scan on sbtest1  (cost=30.88..3944.16 rows=1019 width=121)
	        Recheck Cond: ((id >= 2334706) AND (id <= 2335705))
	        ->  Bitmap Index Scan on sbtest1_pkey  (cost=0.00..30.62 rows=1019 width=0)
	              Index Cond: ((id >= 2334706) AND (id <= 2335705))

table 2 : explain SELECT c FROM sbtest2 WHERE id BETWEEN 8706890 AND 8707889 ORDER BY c
	Sort  (cost=3982.30..3984.84 rows=1016 width=121)
	  Sort Key: c
	  ->  Bitmap Heap Scan on sbtest2  (cost=30.85..3931.56 rows=1016 width=121)
	        Recheck Cond: ((id >= 8706890) AND (id <= 8707889))
	        ->  Bitmap Index Scan on sbtest2_pkey  (cost=0.00..30.59 rows=1016 width=0)
	              Index Cond: ((id >= 8706890) AND (id <= 8707889))

table 3 : explain SELECT c FROM sbtest3 WHERE id BETWEEN 2105273 AND 2106272 ORDER BY c
	Sort  (cost=3934.97..3937.47 rows=1002 width=121)
	  Sort Key: c
	  ->  Bitmap Heap Scan on sbtest3  (cost=30.71..3885.02 rows=1002 width=121)
	        Recheck Cond: ((id >= 2105273) AND (id <= 2106272))
	        ->  Bitmap Index Scan on sbtest3_pkey  (cost=0.00..30.45 rows=1002 width=0)
	              Index Cond: ((id >= 2105273) AND (id <= 2106272))

table 4 : explain SELECT c FROM sbtest4 WHERE id BETWEEN 3845013 AND 3846012 ORDER BY c
	Sort  (cost=3968.27..3970.79 rows=1011 width=121)
	  Sort Key: c
	  ->  Bitmap Heap Scan on sbtest4  (cost=30.80..3917.81 rows=1011 width=121)
	        Recheck Cond: ((id >= 3845013) AND (id <= 3846012))
	        ->  Bitmap Index Scan on sbtest4_pkey  (cost=0.00..30.54 rows=1011 width=0)
	              Index Cond: ((id >= 3845013) AND (id <= 3846012))

table 5 : explain SELECT c FROM sbtest5 WHERE id BETWEEN 4247600 AND 4248599 ORDER BY c
	Sort  (cost=4208.30..4210.99 rows=1075 width=121)
	  Sort Key: c
	  ->  Bitmap Heap Scan on sbtest5  (cost=31.45..4154.18 rows=1075 width=121)
	        Recheck Cond: ((id >= 4247600) AND (id <= 4248599))
	        ->  Bitmap Index Scan on sbtest5_pkey  (cost=0.00..31.18 rows=1075 width=0)
	              Index Cond: ((id >= 4247600) AND (id <= 4248599))

table 6 : explain SELECT c FROM sbtest6 WHERE id BETWEEN 4631873 AND 4632872 ORDER BY c
	Sort  (cost=3743.07..3745.46 rows=953 width=121)
	  Sort Key: c
	  ->  Bitmap Heap Scan on sbtest6  (cost=30.20..3695.92 rows=953 width=121)
	        Recheck Cond: ((id >= 4631873) AND (id <= 4632872))
	        ->  Bitmap Index Scan on sbtest6_pkey  (cost=0.00..29.96 rows=953 width=0)
	              Index Cond: ((id >= 4631873) AND (id <= 4632872))

table 7 : explain SELECT c FROM sbtest7 WHERE id BETWEEN 206220 AND 207219 ORDER BY c
	Sort  (cost=4096.40..4099.01 rows=1044 width=121)
	  Sort Key: c
	  ->  Bitmap Heap Scan on sbtest7  (cost=31.14..4044.05 rows=1044 width=121)
	        Recheck Cond: ((id >= 206220) AND (id <= 207219))
	        ->  Bitmap Index Scan on sbtest7_pkey  (cost=0.00..30.87 rows=1044 width=0)
	              Index Cond: ((id >= 206220) AND (id <= 207219))

table 8 : explain SELECT c FROM sbtest8 WHERE id BETWEEN 3982482 AND 3983481 ORDER BY c
	Sort  (cost=3767.84..3770.24 rows=960 width=121)
	  Sort Key: c
	  ->  Bitmap Heap Scan on sbtest8  (cost=30.27..3720.28 rows=960 width=121)
	        Recheck Cond: ((id >= 3982482) AND (id <= 3983481))
	        ->  Bitmap Index Scan on sbtest8_pkey  (cost=0.00..30.04 rows=960 width=0)
	              Index Cond: ((id >= 3982482) AND (id <= 3983481))

for: simple_ranges
table 1 : explain SELECT c FROM sbtest1 WHERE id BETWEEN 1903377 AND 1904376
	Bitmap Heap Scan on sbtest1  (cost=31.15..4042.11 rows=1045 width=121)
	  Recheck Cond: ((id >= 1903377) AND (id <= 1904376))
	  ->  Bitmap Index Scan on sbtest1_pkey  (cost=0.00..30.89 rows=1045 width=0)
	        Index Cond: ((id >= 1903377) AND (id <= 1904376))

table 2 : explain SELECT c FROM sbtest2 WHERE id BETWEEN 8346945 AND 8347944
	Bitmap Heap Scan on sbtest2  (cost=30.35..3746.80 rows=967 width=121)
	  Recheck Cond: ((id >= 8346945) AND (id <= 8347944))
	  ->  Bitmap Index Scan on sbtest2_pkey  (cost=0.00..30.11 rows=967 width=0)
	        Index Cond: ((id >= 8346945) AND (id <= 8347944))

table 3 : explain SELECT c FROM sbtest3 WHERE id BETWEEN 6345845 AND 6346844
	Bitmap Heap Scan on sbtest3  (cost=30.42..3779.18 rows=974 width=121)
	  Recheck Cond: ((id >= 6345845) AND (id <= 6346844))
	  ->  Bitmap Index Scan on sbtest3_pkey  (cost=0.00..30.18 rows=974 width=0)
	        Index Cond: ((id >= 6345845) AND (id <= 6346844))

table 4 : explain SELECT c FROM sbtest4 WHERE id BETWEEN 9615829 AND 9616828
	Bitmap Heap Scan on sbtest4  (cost=30.85..3936.69 rows=1016 width=121)
	  Recheck Cond: ((id >= 9615829) AND (id <= 9616828))
	  ->  Bitmap Index Scan on sbtest4_pkey  (cost=0.00..30.59 rows=1016 width=0)
	        Index Cond: ((id >= 9615829) AND (id <= 9616828))

table 5 : explain SELECT c FROM sbtest5 WHERE id BETWEEN 868189 AND 869188
	Bitmap Heap Scan on sbtest5  (cost=31.99..4345.84 rows=1127 width=121)
	  Recheck Cond: ((id >= 868189) AND (id <= 869188))
	  ->  Bitmap Index Scan on sbtest5_pkey  (cost=0.00..31.70 rows=1127 width=0)
	        Index Cond: ((id >= 868189) AND (id <= 869188))

table 6 : explain SELECT c FROM sbtest6 WHERE id BETWEEN 5646106 AND 5647105
	Bitmap Heap Scan on sbtest6  (cost=30.17..3684.58 rows=950 width=121)
	  Recheck Cond: ((id >= 5646106) AND (id <= 5647105))
	  ->  Bitmap Index Scan on sbtest6_pkey  (cost=0.00..29.93 rows=950 width=0)
	        Index Cond: ((id >= 5646106) AND (id <= 5647105))

table 7 : explain SELECT c FROM sbtest7 WHERE id BETWEEN 7490276 AND 7491275
	Bitmap Heap Scan on sbtest7  (cost=31.25..4085.56 rows=1055 width=121)
	  Recheck Cond: ((id >= 7490276) AND (id <= 7491275))
	  ->  Bitmap Index Scan on sbtest7_pkey  (cost=0.00..30.98 rows=1055 width=0)
	        Index Cond: ((id >= 7490276) AND (id <= 7491275))

table 8 : explain SELECT c FROM sbtest8 WHERE id BETWEEN 1655987 AND 1656986
	Bitmap Heap Scan on sbtest8  (cost=30.10..3656.10 rows=943 width=121)
	  Recheck Cond: ((id >= 1655987) AND (id <= 1656986))
	  ->  Bitmap Index Scan on sbtest8_pkey  (cost=0.00..29.86 rows=943 width=0)
	        Index Cond: ((id >= 1655987) AND (id <= 1656986))

for: distinct_ranges
table 1 : explain SELECT DISTINCT c FROM sbtest1 WHERE id BETWEEN 275280 AND 276279 ORDER BY c
	Unique  (cost=3987.42..3992.50 rows=1017 width=121)
	  ->  Sort  (cost=3987.42..3989.96 rows=1017 width=121)
	        Sort Key: c
	        ->  Bitmap Heap Scan on sbtest1  (cost=30.86..3936.62 rows=1017 width=121)
	              Recheck Cond: ((id >= 275280) AND (id <= 276279))
	              ->  Bitmap Index Scan on sbtest1_pkey  (cost=0.00..30.61 rows=1017 width=0)
	                    Index Cond: ((id >= 275280) AND (id <= 276279))

table 2 : explain SELECT DISTINCT c FROM sbtest2 WHERE id BETWEEN 5326875 AND 5327874 ORDER BY c
	Unique  (cost=4012.89..4018.01 rows=1024 width=121)
	  ->  Sort  (cost=4012.89..4015.45 rows=1024 width=121)
	        Sort Key: c
	        ->  Bitmap Heap Scan on sbtest2  (cost=30.93..3961.69 rows=1024 width=121)
	              Recheck Cond: ((id >= 5326875) AND (id <= 5327874))
	              ->  Bitmap Index Scan on sbtest2_pkey  (cost=0.00..30.68 rows=1024 width=0)
	                    Index Cond: ((id >= 5326875) AND (id <= 5327874))

table 3 : explain SELECT DISTINCT c FROM sbtest3 WHERE id BETWEEN 4619518 AND 4620517 ORDER BY c
	Unique  (cost=3558.52..3563.04 rows=904 width=121)
	  ->  Sort  (cost=3558.52..3560.78 rows=904 width=121)
	        Sort Key: c
	        ->  Bitmap Heap Scan on sbtest3  (cost=29.70..3514.14 rows=904 width=121)
	              Recheck Cond: ((id >= 4619518) AND (id <= 4620517))
	              ->  Bitmap Index Scan on sbtest3_pkey  (cost=0.00..29.47 rows=904 width=0)
	                    Index Cond: ((id >= 4619518) AND (id <= 4620517))

table 4 : explain SELECT DISTINCT c FROM sbtest4 WHERE id BETWEEN 7242050 AND 7243049 ORDER BY c
	Unique  (cost=3799.52..3804.35 rows=967 width=121)
	  ->  Sort  (cost=3799.52..3801.93 rows=967 width=121)
	        Sort Key: c
	        ->  Bitmap Heap Scan on sbtest4  (cost=30.35..3751.57 rows=967 width=121)
	              Recheck Cond: ((id >= 7242050) AND (id <= 7243049))
	              ->  Bitmap Index Scan on sbtest4_pkey  (cost=0.00..30.11 rows=967 width=0)
	                    Index Cond: ((id >= 7242050) AND (id <= 7243049))

table 5 : explain SELECT DISTINCT c FROM sbtest5 WHERE id BETWEEN 3574470 AND 3575469 ORDER BY c
	Unique  (cost=3971.34..3976.41 rows=1013 width=121)
	  ->  Sort  (cost=3971.34..3973.88 rows=1013 width=121)
	        Sort Key: c
	        ->  Bitmap Heap Scan on sbtest5  (cost=30.82..3920.77 rows=1013 width=121)
	              Recheck Cond: ((id >= 3574470) AND (id <= 3575469))
	              ->  Bitmap Index Scan on sbtest5_pkey  (cost=0.00..30.57 rows=1013 width=0)
	                    Index Cond: ((id >= 3574470) AND (id <= 3575469))

table 6 : explain SELECT DISTINCT c FROM sbtest6 WHERE id BETWEEN 6887527 AND 6888526 ORDER BY c
	Unique  (cost=3527.95..3532.44 rows=898 width=121)
	  ->  Sort  (cost=3527.95..3530.19 rows=898 width=121)
	        Sort Key: c
	        ->  Bitmap Heap Scan on sbtest6  (cost=25.64..3483.90 rows=898 width=121)
	              Recheck Cond: ((id >= 6887527) AND (id <= 6888526))
	              ->  Bitmap Index Scan on sbtest6_pkey  (cost=0.00..25.41 rows=898 width=0)
	                    Index Cond: ((id >= 6887527) AND (id <= 6888526))

table 7 : explain SELECT DISTINCT c FROM sbtest7 WHERE id BETWEEN 4963855 AND 4964854 ORDER BY c
	Unique  (cost=3897.02..3901.98 rows=992 width=121)
	  ->  Sort  (cost=3897.02..3899.50 rows=992 width=121)
	        Sort Key: c
	        ->  Bitmap Heap Scan on sbtest7  (cost=30.60..3847.64 rows=992 width=121)
	              Recheck Cond: ((id >= 4963855) AND (id <= 4964854))
	              ->  Bitmap Index Scan on sbtest7_pkey  (cost=0.00..30.36 rows=992 width=0)
	                    Index Cond: ((id >= 4963855) AND (id <= 4964854))

table 8 : explain SELECT DISTINCT c FROM sbtest8 WHERE id BETWEEN 1781351 AND 1782350 ORDER BY c
	Unique  (cost=4222.88..4228.28 rows=1079 width=121)
	  ->  Sort  (cost=4222.88..4225.58 rows=1079 width=121)
	        Sort Key: c
	        ->  Bitmap Heap Scan on sbtest8  (cost=31.49..4168.53 rows=1079 width=121)
	              Recheck Cond: ((id >= 1781351) AND (id <= 1782350))
	              ->  Bitmap Index Scan on sbtest8_pkey  (cost=0.00..31.22 rows=1079 width=0)
	                    Index Cond: ((id >= 1781351) AND (id <= 1782350))

for: order_ranges
table 1 : explain SELECT c FROM sbtest1 WHERE id BETWEEN 1042789 AND 1043788 ORDER BY c
	Sort  (cost=4029.50..4032.07 rows=1028 width=121)
	  Sort Key: c
	  ->  Bitmap Heap Scan on sbtest1  (cost=30.97..3978.07 rows=1028 width=121)
	        Recheck Cond: ((id >= 1042789) AND (id <= 1043788))
	        ->  Bitmap Index Scan on sbtest1_pkey  (cost=0.00..30.71 rows=1028 width=0)
	              Index Cond: ((id >= 1042789) AND (id <= 1043788))

table 2 : explain SELECT c FROM sbtest2 WHERE id BETWEEN 3511584 AND 3512583 ORDER BY c
	Sort  (cost=3863.68..3866.14 rows=985 width=121)
	  Sort Key: c
	  ->  Bitmap Heap Scan on sbtest2  (cost=30.53..3814.71 rows=985 width=121)
	        Recheck Cond: ((id >= 3511584) AND (id <= 3512583))
	        ->  Bitmap Index Scan on sbtest2_pkey  (cost=0.00..30.29 rows=985 width=0)
	              Index Cond: ((id >= 3511584) AND (id <= 3512583))

table 3 : explain SELECT c FROM sbtest3 WHERE id BETWEEN 731041 AND 732040 ORDER BY c
	Sort  (cost=3839.04..3841.49 rows=977 width=121)
	  Sort Key: c
	  ->  Bitmap Heap Scan on sbtest3  (cost=30.45..3790.52 rows=977 width=121)
	        Recheck Cond: ((id >= 731041) AND (id <= 732040))
	        ->  Bitmap Index Scan on sbtest3_pkey  (cost=0.00..30.20 rows=977 width=0)
	              Index Cond: ((id >= 731041) AND (id <= 732040))

table 4 : explain SELECT c FROM sbtest4 WHERE id BETWEEN 6674993 AND 6675992 ORDER BY c
	Sort  (cost=3968.27..3970.79 rows=1011 width=121)
	  Sort Key: c
	  ->  Bitmap Heap Scan on sbtest4  (cost=30.80..3917.81 rows=1011 width=121)
	        Recheck Cond: ((id >= 6674993) AND (id <= 6675992))
	        ->  Bitmap Index Scan on sbtest4_pkey  (cost=0.00..30.54 rows=1011 width=0)
	              Index Cond: ((id >= 6674993) AND (id <= 6675992))

table 5 : explain SELECT c FROM sbtest5 WHERE id BETWEEN 7958447 AND 7959446 ORDER BY c
	Sort  (cost=3752.92..3755.31 rows=957 width=121)
	  Sort Key: c
	  ->  Bitmap Heap Scan on sbtest5  (cost=26.24..3705.54 rows=957 width=121)
	        Recheck Cond: ((id >= 7958447) AND (id <= 7959446))
	        ->  Bitmap Index Scan on sbtest5_pkey  (cost=0.00..26.00 rows=957 width=0)
	              Index Cond: ((id >= 7958447) AND (id <= 7959446))

table 6 : explain SELECT c FROM sbtest6 WHERE id BETWEEN 6449633 AND 6450632 ORDER BY c
	Sort  (cost=3919.37..3921.86 rows=999 width=121)
	  Sort Key: c
	  ->  Bitmap Heap Scan on sbtest6  (cost=30.67..3869.59 rows=999 width=121)
	        Recheck Cond: ((id >= 6449633) AND (id <= 6450632))
	        ->  Bitmap Index Scan on sbtest6_pkey  (cost=0.00..30.43 rows=999 width=0)
	              Index Cond: ((id >= 6449633) AND (id <= 6450632))

table 7 : explain SELECT c FROM sbtest7 WHERE id BETWEEN 7719169 AND 7720168 ORDER BY c
	Sort  (cost=3589.66..3591.94 rows=912 width=121)
	  Sort Key: c
	  ->  Bitmap Heap Scan on sbtest7  (cost=29.78..3544.82 rows=912 width=121)
	        Recheck Cond: ((id >= 7719169) AND (id <= 7720168))
	        ->  Bitmap Index Scan on sbtest7_pkey  (cost=0.00..29.55 rows=912 width=0)
	              Index Cond: ((id >= 7719169) AND (id <= 7720168))

table 8 : explain SELECT c FROM sbtest8 WHERE id BETWEEN 6969343 AND 6970342 ORDER BY c
	Sort  (cost=3764.01..3766.40 rows=959 width=121)
	  Sort Key: c
	  ->  Bitmap Heap Scan on sbtest8  (cost=30.26..3716.51 rows=959 width=121)
	        Recheck Cond: ((id >= 6969343) AND (id <= 6970342))
	        ->  Bitmap Index Scan on sbtest8_pkey  (cost=0.00..30.02 rows=959 width=0)
	              Index Cond: ((id >= 6969343) AND (id <= 6970342))

for: order_ranges
table 1 : explain SELECT c FROM sbtest1 WHERE id BETWEEN 9840765 AND 9841764 ORDER BY c
	Sort  (cost=4163.30..4165.96 rows=1063 width=121)
	  Sort Key: c
	  ->  Bitmap Heap Scan on sbtest1  (cost=31.33..4109.87 rows=1063 width=121)
	        Recheck Cond: ((id >= 9840765) AND (id <= 9841764))
	        ->  Bitmap Index Scan on sbtest1_pkey  (cost=0.00..31.07 rows=1063 width=0)
	              Index Cond: ((id >= 9840765) AND (id <= 9841764))

table 2 : explain SELECT c FROM sbtest2 WHERE id BETWEEN 4455932 AND 4456931 ORDER BY c
	Sort  (cost=3813.90..3816.33 rows=972 width=121)
	  Sort Key: c
	  ->  Bitmap Heap Scan on sbtest2  (cost=30.40..3765.67 rows=972 width=121)
	        Recheck Cond: ((id >= 4455932) AND (id <= 4456931))
	        ->  Bitmap Index Scan on sbtest2_pkey  (cost=0.00..30.15 rows=972 width=0)
	              Index Cond: ((id >= 4455932) AND (id <= 4456931))

table 3 : explain SELECT c FROM sbtest3 WHERE id BETWEEN 6533083 AND 6534082 ORDER BY c
	Sort  (cost=4229.96..4232.66 rows=1079 width=121)
	  Sort Key: c
	  ->  Bitmap Heap Scan on sbtest3  (cost=31.49..4175.60 rows=1079 width=121)
	        Recheck Cond: ((id >= 6533083) AND (id <= 6534082))
	        ->  Bitmap Index Scan on sbtest3_pkey  (cost=0.00..31.22 rows=1079 width=0)
	              Index Cond: ((id >= 6533083) AND (id <= 6534082))

table 4 : explain SELECT c FROM sbtest4 WHERE id BETWEEN 145352 AND 146351 ORDER BY c
	Sort  (cost=3749.62..3752.00 rows=954 width=121)
	  Sort Key: c
	  ->  Bitmap Heap Scan on sbtest4  (cost=30.21..3702.40 rows=954 width=121)
	        Recheck Cond: ((id >= 145352) AND (id <= 146351))
	        ->  Bitmap Index Scan on sbtest4_pkey  (cost=0.00..29.97 rows=954 width=0)
	              Index Cond: ((id >= 145352) AND (id <= 146351))

table 5 : explain SELECT c FROM sbtest5 WHERE id BETWEEN 5075722 AND 5076721 ORDER BY c
	Sort  (cost=3910.12..3912.61 rows=997 width=121)
	  Sort Key: c
	  ->  Bitmap Heap Scan on sbtest5  (cost=30.65..3860.46 rows=997 width=121)
	        Recheck Cond: ((id >= 5075722) AND (id <= 5076721))
	        ->  Bitmap Index Scan on sbtest5_pkey  (cost=0.00..30.40 rows=997 width=0)
	              Index Cond: ((id >= 5075722) AND (id <= 5076721))

table 6 : explain SELECT c FROM sbtest6 WHERE id BETWEEN 131980 AND 132979 ORDER BY c
	Sort  (cost=3551.00..3553.26 rows=904 width=121)
	  Sort Key: c
	  ->  Bitmap Heap Scan on sbtest6  (cost=25.70..3506.61 rows=904 width=121)
	        Recheck Cond: ((id >= 131980) AND (id <= 132979))
	        ->  Bitmap Index Scan on sbtest6_pkey  (cost=0.00..25.47 rows=904 width=0)
	              Index Cond: ((id >= 131980) AND (id <= 132979))

table 7 : explain SELECT c FROM sbtest7 WHERE id BETWEEN 5203435 AND 5204434 ORDER BY c
	Sort  (cost=3689.63..3691.98 rows=938 width=121)
	  Sort Key: c
	  ->  Bitmap Heap Scan on sbtest7  (cost=30.05..3643.33 rows=938 width=121)
	        Recheck Cond: ((id >= 5203435) AND (id <= 5204434))
	        ->  Bitmap Index Scan on sbtest7_pkey  (cost=0.00..29.82 rows=938 width=0)
	              Index Cond: ((id >= 5203435) AND (id <= 5204434))

table 8 : explain SELECT c FROM sbtest8 WHERE id BETWEEN 7589434 AND 7590433 ORDER BY c
	Sort  (cost=3832.95..3835.39 rows=977 width=121)
	  Sort Key: c
	  ->  Bitmap Heap Scan on sbtest8  (cost=30.45..3784.43 rows=977 width=121)
	        Recheck Cond: ((id >= 7589434) AND (id <= 7590433))
	        ->  Bitmap Index Scan on sbtest8_pkey  (cost=0.00..30.20 rows=977 width=0)
	              Index Cond: ((id >= 7589434) AND (id <= 7590433))

for: sum_ranges
table 1 : explain SELECT SUM(k) FROM sbtest1 WHERE id BETWEEN 9810712 AND 9811711
	Aggregate  (cost=4112.52..4112.53 rows=1 width=8)
	  ->  Bitmap Heap Scan on sbtest1  (cost=31.33..4109.87 rows=1063 width=4)
	        Recheck Cond: ((id >= 9810712) AND (id <= 9811711))
	        ->  Bitmap Index Scan on sbtest1_pkey  (cost=0.00..31.07 rows=1063 width=0)
	              Index Cond: ((id >= 9810712) AND (id <= 9811711))

table 2 : explain SELECT SUM(k) FROM sbtest2 WHERE id BETWEEN 5895486 AND 5896485
	Aggregate  (cost=3469.21..3469.22 rows=1 width=8)
	  ->  Bitmap Heap Scan on sbtest2  (cost=25.60..3466.98 rows=894 width=4)
	        Recheck Cond: ((id >= 5895486) AND (id <= 5896485))
	        ->  Bitmap Index Scan on sbtest2_pkey  (cost=0.00..25.37 rows=894 width=0)
	              Index Cond: ((id >= 5895486) AND (id <= 5896485))

table 3 : explain SELECT SUM(k) FROM sbtest3 WHERE id BETWEEN 1086993 AND 1087992
	Aggregate  (cost=4434.73..4434.74 rows=1 width=8)
	  ->  Bitmap Heap Scan on sbtest3  (cost=36.18..4431.87 rows=1146 width=4)
	        Recheck Cond: ((id >= 1086993) AND (id <= 1087992))
	        ->  Bitmap Index Scan on sbtest3_pkey  (cost=0.00..35.90 rows=1146 width=0)
	              Index Cond: ((id >= 1086993) AND (id <= 1087992))

table 4 : explain SELECT SUM(k) FROM sbtest4 WHERE id BETWEEN 4574158 AND 4575157
	Aggregate  (cost=4293.77..4293.78 rows=1 width=8)
	  ->  Bitmap Heap Scan on sbtest4  (cost=31.81..4290.99 rows=1110 width=4)
	        Recheck Cond: ((id >= 4574158) AND (id <= 4575157))
	        ->  Bitmap Index Scan on sbtest4_pkey  (cost=0.00..31.54 rows=1110 width=0)
	              Index Cond: ((id >= 4574158) AND (id <= 4575157))

table 5 : explain SELECT SUM(k) FROM sbtest5 WHERE id BETWEEN 4285530 AND 4286529
	Aggregate  (cost=4156.86..4156.87 rows=1 width=8)
	  ->  Bitmap Heap Scan on sbtest5  (cost=31.45..4154.18 rows=1075 width=4)
	        Recheck Cond: ((id >= 4285530) AND (id <= 4286529))
	        ->  Bitmap Index Scan on sbtest5_pkey  (cost=0.00..31.18 rows=1075 width=0)
	              Index Cond: ((id >= 4285530) AND (id <= 4286529))

table 6 : explain SELECT SUM(k) FROM sbtest6 WHERE id BETWEEN 331510 AND 332509
	Aggregate  (cost=3894.74..3894.75 rows=1 width=8)
	  ->  Bitmap Heap Scan on sbtest6  (cost=30.74..3892.23 rows=1005 width=4)
	        Recheck Cond: ((id >= 331510) AND (id <= 332509))
	        ->  Bitmap Index Scan on sbtest6_pkey  (cost=0.00..30.48 rows=1005 width=0)
	              Index Cond: ((id >= 331510) AND (id <= 332509))

table 7 : explain SELECT SUM(k) FROM sbtest7 WHERE id BETWEEN 1259413 AND 1260412
	Aggregate  (cost=3763.09..3763.10 rows=1 width=8)
	  ->  Bitmap Heap Scan on sbtest7  (cost=30.37..3760.66 rows=969 width=4)
	        Recheck Cond: ((id >= 1259413) AND (id <= 1260412))
	        ->  Bitmap Index Scan on sbtest7_pkey  (cost=0.00..30.12 rows=969 width=0)
	              Index Cond: ((id >= 1259413) AND (id <= 1260412))

table 8 : explain SELECT SUM(k) FROM sbtest8 WHERE id BETWEEN 9512460 AND 9513459
	Aggregate  (cost=3575.29..3575.30 rows=1 width=8)
	  ->  Bitmap Heap Scan on sbtest8  (cost=29.88..3572.98 rows=921 width=4)
	        Recheck Cond: ((id >= 9512460) AND (id <= 9513459))
	        ->  Bitmap Index Scan on sbtest8_pkey  (cost=0.00..29.64 rows=921 width=0)
	              Index Cond: ((id >= 9512460) AND (id <= 9513459))

for: simple_ranges
table 1 : explain SELECT c FROM sbtest1 WHERE id BETWEEN 7293912 AND 7294911
	Bitmap Heap Scan on sbtest1  (cost=30.41..3770.66 rows=973 width=121)
	  Recheck Cond: ((id >= 7293912) AND (id <= 7294911))
	  ->  Bitmap Index Scan on sbtest1_pkey  (cost=0.00..30.16 rows=973 width=0)
	        Index Cond: ((id >= 7293912) AND (id <= 7294911))

table 2 : explain SELECT c FROM sbtest2 WHERE id BETWEEN 5708378 AND 5709377
	Bitmap Heap Scan on sbtest2  (cost=30.07..3644.87 rows=940 width=121)
	  Recheck Cond: ((id >= 5708378) AND (id <= 5709377))
	  ->  Bitmap Index Scan on sbtest2_pkey  (cost=0.00..29.83 rows=940 width=0)
	        Index Cond: ((id >= 5708378) AND (id <= 5709377))

table 3 : explain SELECT c FROM sbtest3 WHERE id BETWEEN 8832644 AND 8833643
	Bitmap Heap Scan on sbtest3  (cost=35.70..4254.96 rows=1099 width=121)
	  Recheck Cond: ((id >= 8832644) AND (id <= 8833643))
	  ->  Bitmap Index Scan on sbtest3_pkey  (cost=0.00..35.43 rows=1099 width=0)
	        Index Cond: ((id >= 8832644) AND (id <= 8833643))

table 4 : explain SELECT c FROM sbtest4 WHERE id BETWEEN 1982843 AND 1983842
	Bitmap Heap Scan on sbtest4  (cost=31.88..4317.33 rows=1117 width=121)
	  Recheck Cond: ((id >= 1982843) AND (id <= 1983842))
	  ->  Bitmap Index Scan on sbtest4_pkey  (cost=0.00..31.61 rows=1117 width=0)
	        Index Cond: ((id >= 1982843) AND (id <= 1983842))

table 5 : explain SELECT c FROM sbtest5 WHERE id BETWEEN 5437165 AND 5438164
	Bitmap Heap Scan on sbtest5  (cost=26.01..3618.66 rows=934 width=121)
	  Recheck Cond: ((id >= 5437165) AND (id <= 5438164))
	  ->  Bitmap Index Scan on sbtest5_pkey  (cost=0.00..25.77 rows=934 width=0)
	        Index Cond: ((id >= 5437165) AND (id <= 5438164))

table 6 : explain SELECT c FROM sbtest6 WHERE id BETWEEN 748651 AND 749650
	Bitmap Heap Scan on sbtest6  (cost=25.77..3533.10 rows=911 width=121)
	  Recheck Cond: ((id >= 748651) AND (id <= 749650))
	  ->  Bitmap Index Scan on sbtest6_pkey  (cost=0.00..25.54 rows=911 width=0)
	        Index Cond: ((id >= 748651) AND (id <= 749650))

table 7 : explain SELECT c FROM sbtest7 WHERE id BETWEEN 5180179 AND 5181178
	Bitmap Heap Scan on sbtest7  (cost=30.05..3643.33 rows=938 width=121)
	  Recheck Cond: ((id >= 5180179) AND (id <= 5181178))
	  ->  Bitmap Index Scan on sbtest7_pkey  (cost=0.00..29.82 rows=938 width=0)
	        Index Cond: ((id >= 5180179) AND (id <= 5181178))

table 8 : explain SELECT c FROM sbtest8 WHERE id BETWEEN 6563279 AND 6564278
	Bitmap Heap Scan on sbtest8  (cost=30.79..3908.84 rows=1010 width=121)
	  Recheck Cond: ((id >= 6563279) AND (id <= 6564278))
	  ->  Bitmap Index Scan on sbtest8_pkey  (cost=0.00..30.54 rows=1010 width=0)
	        Index Cond: ((id >= 6563279) AND (id <= 6564278))

explain: for point_selects :: explain SELECT c FROM sbtest%u WHERE id=%u
for: sum_ranges
table 1 : explain SELECT SUM(k) FROM sbtest1 WHERE id BETWEEN 5110961 AND 5111960
	Aggregate  (cost=4191.58..4191.59 rows=1 width=8)
	  ->  Bitmap Heap Scan on sbtest1  (cost=31.55..4188.87 rows=1084 width=4)
	        Recheck Cond: ((id >= 5110961) AND (id <= 5111960))
	        ->  Bitmap Index Scan on sbtest1_pkey  (cost=0.00..31.27 rows=1084 width=0)
	              Index Cond: ((id >= 5110961) AND (id <= 5111960))

table 2 : explain SELECT SUM(k) FROM sbtest2 WHERE id BETWEEN 8796301 AND 8797300
	Aggregate  (cost=3934.10..3934.11 rows=1 width=8)
	  ->  Bitmap Heap Scan on sbtest2  (cost=30.85..3931.56 rows=1016 width=4)
	        Recheck Cond: ((id >= 8796301) AND (id <= 8797300))
	        ->  Bitmap Index Scan on sbtest2_pkey  (cost=0.00..30.59 rows=1016 width=0)
	              Index Cond: ((id >= 8796301) AND (id <= 8797300))

table 3 : explain SELECT SUM(k) FROM sbtest3 WHERE id BETWEEN 2949388 AND 2950387
	Aggregate  (cost=3792.97..3792.98 rows=1 width=8)
	  ->  Bitmap Heap Scan on sbtest3  (cost=30.45..3790.52 rows=977 width=4)
	        Recheck Cond: ((id >= 2949388) AND (id <= 2950387))
	        ->  Bitmap Index Scan on sbtest3_pkey  (cost=0.00..30.20 rows=977 width=0)
	              Index Cond: ((id >= 2949388) AND (id <= 2950387))

table 4 : explain SELECT SUM(k) FROM sbtest4 WHERE id BETWEEN 7056505 AND 7057504
	Aggregate  (cost=3465.86..3465.87 rows=1 width=8)
	  ->  Bitmap Heap Scan on sbtest4  (cost=25.58..3463.63 rows=892 width=4)
	        Recheck Cond: ((id >= 7056505) AND (id <= 7057504))
	        ->  Bitmap Index Scan on sbtest4_pkey  (cost=0.00..25.36 rows=892 width=0)
	              Index Cond: ((id >= 7056505) AND (id <= 7057504))

table 5 : explain SELECT SUM(k) FROM sbtest5 WHERE id BETWEEN 4770642 AND 4771641
	Aggregate  (cost=4190.73..4190.74 rows=1 width=8)
	  ->  Bitmap Heap Scan on sbtest5  (cost=31.55..4188.02 rows=1084 width=4)
	        Recheck Cond: ((id >= 4770642) AND (id <= 4771641))
	        ->  Bitmap Index Scan on sbtest5_pkey  (cost=0.00..31.27 rows=1084 width=0)
	              Index Cond: ((id >= 4770642) AND (id <= 4771641))

table 6 : explain SELECT SUM(k) FROM sbtest6 WHERE id BETWEEN 7374489 AND 7375488
	Aggregate  (cost=3913.61..3913.62 rows=1 width=8)
	  ->  Bitmap Heap Scan on sbtest6  (cost=30.79..3911.09 rows=1010 width=4)
	        Recheck Cond: ((id >= 7374489) AND (id <= 7375488))
	        ->  Bitmap Index Scan on sbtest6_pkey  (cost=0.00..30.54 rows=1010 width=0)
	              Index Cond: ((id >= 7374489) AND (id <= 7375488))

table 7 : explain SELECT SUM(k) FROM sbtest7 WHERE id BETWEEN 669918 AND 670917
	Aggregate  (cost=3895.51..3895.52 rows=1 width=8)
	  ->  Bitmap Heap Scan on sbtest7  (cost=30.73..3893.00 rows=1004 width=4)
	        Recheck Cond: ((id >= 669918) AND (id <= 670917))
	        ->  Bitmap Index Scan on sbtest7_pkey  (cost=0.00..30.47 rows=1004 width=0)
	              Index Cond: ((id >= 669918) AND (id <= 670917))

table 8 : explain SELECT SUM(k) FROM sbtest8 WHERE id BETWEEN 2098508 AND 2099507
	Aggregate  (cost=3718.91..3718.92 rows=1 width=8)
	  ->  Bitmap Heap Scan on sbtest8  (cost=30.26..3716.51 rows=959 width=4)
	        Recheck Cond: ((id >= 2098508) AND (id <= 2099507))
	        ->  Bitmap Index Scan on sbtest8_pkey  (cost=0.00..30.02 rows=959 width=0)
	              Index Cond: ((id >= 2098508) AND (id <= 2099507))

for: order_ranges
table 1 : explain SELECT c FROM sbtest1 WHERE id BETWEEN 1035870 AND 1036869 ORDER BY c
	Sort  (cost=4029.50..4032.07 rows=1028 width=121)
	  Sort Key: c
	  ->  Bitmap Heap Scan on sbtest1  (cost=30.97..3978.07 rows=1028 width=121)
	        Recheck Cond: ((id >= 1035870) AND (id <= 1036869))
	        ->  Bitmap Index Scan on sbtest1_pkey  (cost=0.00..30.71 rows=1028 width=0)
	              Index Cond: ((id >= 1035870) AND (id <= 1036869))

table 2 : explain SELECT c FROM sbtest2 WHERE id BETWEEN 919007 AND 920006 ORDER BY c
	Sort  (cost=4264.98..4267.71 rows=1090 width=121)
	  Sort Key: c
	  ->  Bitmap Heap Scan on sbtest2  (cost=31.61..4209.99 rows=1090 width=121)
	        Recheck Cond: ((id >= 919007) AND (id <= 920006))
	        ->  Bitmap Index Scan on sbtest2_pkey  (cost=0.00..31.33 rows=1090 width=0)
	              Index Cond: ((id >= 919007) AND (id <= 920006))

table 3 : explain SELECT c FROM sbtest3 WHERE id BETWEEN 2158145 AND 2159144 ORDER BY c
	Sort  (cost=3977.15..3979.68 rows=1013 width=121)
	  Sort Key: c
	  ->  Bitmap Heap Scan on sbtest3  (cost=30.82..3926.58 rows=1013 width=121)
	        Recheck Cond: ((id >= 2158145) AND (id <= 2159144))
	        ->  Bitmap Index Scan on sbtest3_pkey  (cost=0.00..30.57 rows=1013 width=0)
	              Index Cond: ((id >= 2158145) AND (id <= 2159144))

table 4 : explain SELECT c FROM sbtest4 WHERE id BETWEEN 3254305 AND 3255304 ORDER BY c
	Sort  (cost=4186.54..4189.21 rows=1068 width=121)
	  Sort Key: c
	  ->  Bitmap Heap Scan on sbtest4  (cost=31.38..4132.82 rows=1068 width=121)
	        Recheck Cond: ((id >= 3254305) AND (id <= 3255304))
	        ->  Bitmap Index Scan on sbtest4_pkey  (cost=0.00..31.11 rows=1068 width=0)
	              Index Cond: ((id >= 3254305) AND (id <= 3255304))

table 5 : explain SELECT c FROM sbtest5 WHERE id BETWEEN 9680869 AND 9681868 ORDER BY c
	Sort  (cost=3741.42..3743.81 rows=954 width=121)
	  Sort Key: c
	  ->  Bitmap Heap Scan on sbtest5  (cost=26.21..3694.21 rows=954 width=121)
	        Recheck Cond: ((id >= 9680869) AND (id <= 9681868))
	        ->  Bitmap Index Scan on sbtest5_pkey  (cost=0.00..25.97 rows=954 width=0)
	              Index Cond: ((id >= 9680869) AND (id <= 9681868))

table 6 : explain SELECT c FROM sbtest6 WHERE id BETWEEN 205852 AND 206851 ORDER BY c
	Sort  (cost=3551.00..3553.26 rows=904 width=121)
	  Sort Key: c
	  ->  Bitmap Heap Scan on sbtest6  (cost=25.70..3506.61 rows=904 width=121)
	        Recheck Cond: ((id >= 205852) AND (id <= 206851))
	        ->  Bitmap Index Scan on sbtest6_pkey  (cost=0.00..25.47 rows=904 width=0)
	              Index Cond: ((id >= 205852) AND (id <= 206851))

table 7 : explain SELECT c FROM sbtest7 WHERE id BETWEEN 805286 AND 806285 ORDER BY c
	Sort  (cost=4192.14..4194.82 rows=1069 width=121)
	  Sort Key: c
	  ->  Bitmap Heap Scan on sbtest7  (cost=31.39..4138.36 rows=1069 width=121)
	        Recheck Cond: ((id >= 805286) AND (id <= 806285))
	        ->  Bitmap Index Scan on sbtest7_pkey  (cost=0.00..31.12 rows=1069 width=0)
	              Index Cond: ((id >= 805286) AND (id <= 806285))

table 8 : explain SELECT c FROM sbtest8 WHERE id BETWEEN 6521594 AND 6522593 ORDER BY c
	Sort  (cost=3959.24..3961.77 rows=1010 width=121)
	  Sort Key: c
	  ->  Bitmap Heap Scan on sbtest8  (cost=30.79..3908.84 rows=1010 width=121)
	        Recheck Cond: ((id >= 6521594) AND (id <= 6522593))
	        ->  Bitmap Index Scan on sbtest8_pkey  (cost=0.00..30.54 rows=1010 width=0)
	              Index Cond: ((id >= 6521594) AND (id <= 6522593))

for: order_ranges
table 1 : explain SELECT c FROM sbtest1 WHERE id BETWEEN 6613095 AND 6614094 ORDER BY c
	Sort  (cost=4205.32..4208.01 rows=1074 width=121)
	  Sort Key: c
	  ->  Bitmap Heap Scan on sbtest1  (cost=31.44..4151.26 rows=1074 width=121)
	        Recheck Cond: ((id >= 6613095) AND (id <= 6614094))
	        ->  Bitmap Index Scan on sbtest1_pkey  (cost=0.00..31.18 rows=1074 width=0)
	              Index Cond: ((id >= 6613095) AND (id <= 6614094))

table 2 : explain SELECT c FROM sbtest2 WHERE id BETWEEN 5591940 AND 5592939 ORDER BY c
	Sort  (cost=3775.60..3778.00 rows=962 width=121)
	  Sort Key: c
	  ->  Bitmap Heap Scan on sbtest2  (cost=30.30..3727.93 rows=962 width=121)
	        Recheck Cond: ((id >= 5591940) AND (id <= 5592939))
	        ->  Bitmap Index Scan on sbtest2_pkey  (cost=0.00..30.05 rows=962 width=0)
	              Index Cond: ((id >= 5591940) AND (id <= 5592939))

table 3 : explain SELECT c FROM sbtest3 WHERE id BETWEEN 6774680 AND 6775679 ORDER BY c
	Sort  (cost=4272.05..4274.77 rows=1090 width=121)
	  Sort Key: c
	  ->  Bitmap Heap Scan on sbtest3  (cost=31.61..4217.05 rows=1090 width=121)
	        Recheck Cond: ((id >= 6774680) AND (id <= 6775679))
	        ->  Bitmap Index Scan on sbtest3_pkey  (cost=0.00..31.33 rows=1090 width=0)
	              Index Cond: ((id >= 6774680) AND (id <= 6775679))

table 4 : explain SELECT c FROM sbtest4 WHERE id BETWEEN 9045846 AND 9046845 ORDER BY c
	Sort  (cost=4224.80..4227.49 rows=1078 width=121)
	  Sort Key: c
	  ->  Bitmap Heap Scan on sbtest4  (cost=31.48..4170.50 rows=1078 width=121)
	        Recheck Cond: ((id >= 9045846) AND (id <= 9046845))
	        ->  Bitmap Index Scan on sbtest4_pkey  (cost=0.00..31.21 rows=1078 width=0)
	              Index Cond: ((id >= 9045846) AND (id <= 9046845))

table 5 : explain SELECT c FROM sbtest5 WHERE id BETWEEN 5965943 AND 5966942 ORDER BY c
	Sort  (cost=4021.07..4023.63 rows=1026 width=121)
	  Sort Key: c
	  ->  Bitmap Heap Scan on sbtest5  (cost=30.95..3969.75 rows=1026 width=121)
	        Recheck Cond: ((id >= 5965943) AND (id <= 5966942))
	        ->  Bitmap Index Scan on sbtest5_pkey  (cost=0.00..30.69 rows=1026 width=0)
	              Index Cond: ((id >= 5965943) AND (id <= 5966942))

table 6 : explain SELECT c FROM sbtest6 WHERE id BETWEEN 4406702 AND 4407701 ORDER BY c
	Sort  (cost=3589.41..3591.69 rows=914 width=121)
	  Sort Key: c
	  ->  Bitmap Heap Scan on sbtest6  (cost=25.80..3544.46 rows=914 width=121)
	        Recheck Cond: ((id >= 4406702) AND (id <= 4407701))
	        ->  Bitmap Index Scan on sbtest6_pkey  (cost=0.00..25.57 rows=914 width=0)
	              Index Cond: ((id >= 4406702) AND (id <= 4407701))

table 7 : explain SELECT c FROM sbtest7 WHERE id BETWEEN 9823926 AND 9824925 ORDER BY c
	Sort  (cost=3766.48..3768.88 rows=958 width=121)
	  Sort Key: c
	  ->  Bitmap Heap Scan on sbtest7  (cost=30.25..3719.04 rows=958 width=121)
	        Recheck Cond: ((id >= 9823926) AND (id <= 9824925))
	        ->  Bitmap Index Scan on sbtest7_pkey  (cost=0.00..30.01 rows=958 width=0)
	              Index Cond: ((id >= 9823926) AND (id <= 9824925))

table 8 : explain SELECT c FROM sbtest8 WHERE id BETWEEN 257560 AND 258559 ORDER BY c
	Sort  (cost=3947.77..3950.28 rows=1007 width=121)
	  Sort Key: c
	  ->  Bitmap Heap Scan on sbtest8  (cost=30.76..3897.54 rows=1007 width=121)
	        Recheck Cond: ((id >= 257560) AND (id <= 258559))
	        ->  Bitmap Index Scan on sbtest8_pkey  (cost=0.00..30.50 rows=1007 width=0)
	              Index Cond: ((id >= 257560) AND (id <= 258559))

for: distinct_ranges
table 1 : explain SELECT DISTINCT c FROM sbtest1 WHERE id BETWEEN 5269327 AND 5270326 ORDER BY c
	Unique  (cost=3975.94..3981.01 rows=1014 width=121)
	  ->  Sort  (cost=3975.94..3978.47 rows=1014 width=121)
	        Sort Key: c
	        ->  Bitmap Heap Scan on sbtest1  (cost=30.83..3925.31 rows=1014 width=121)
	              Recheck Cond: ((id >= 5269327) AND (id <= 5270326))
	              ->  Bitmap Index Scan on sbtest1_pkey  (cost=0.00..30.57 rows=1014 width=0)
	                    Index Cond: ((id >= 5269327) AND (id <= 5270326))

table 2 : explain SELECT DISTINCT c FROM sbtest2 WHERE id BETWEEN 5413739 AND 5414738 ORDER BY c
	Unique  (cost=4012.89..4018.01 rows=1024 width=121)
	  ->  Sort  (cost=4012.89..4015.45 rows=1024 width=121)
	        Sort Key: c
	        ->  Bitmap Heap Scan on sbtest2  (cost=30.93..3961.69 rows=1024 width=121)
	              Recheck Cond: ((id >= 5413739) AND (id <= 5414738))
	              ->  Bitmap Index Scan on sbtest2_pkey  (cost=0.00..30.68 rows=1024 width=0)
	                    Index Cond: ((id >= 5413739) AND (id <= 5414738))

table 3 : explain SELECT DISTINCT c FROM sbtest3 WHERE id BETWEEN 202470 AND 203469 ORDER BY c
	Unique  (cost=3831.37..3836.24 rows=975 width=121)
	  ->  Sort  (cost=3831.37..3833.80 rows=975 width=121)
	        Sort Key: c
	        ->  Bitmap Heap Scan on sbtest3  (cost=30.43..3782.96 rows=975 width=121)
	              Recheck Cond: ((id >= 202470) AND (id <= 203469))
	              ->  Bitmap Index Scan on sbtest3_pkey  (cost=0.00..30.18 rows=975 width=0)
	                    Index Cond: ((id >= 202470) AND (id <= 203469))

table 4 : explain SELECT DISTINCT c FROM sbtest4 WHERE id BETWEEN 9626085 AND 9627084 ORDER BY c
	Unique  (cost=3987.43..3992.51 rows=1016 width=121)
	  ->  Sort  (cost=3987.43..3989.97 rows=1016 width=121)
	        Sort Key: c
	        ->  Bitmap Heap Scan on sbtest4  (cost=30.85..3936.69 rows=1016 width=121)
	              Recheck Cond: ((id >= 9626085) AND (id <= 9627084))
	              ->  Bitmap Index Scan on sbtest4_pkey  (cost=0.00..30.59 rows=1016 width=0)
	                    Index Cond: ((id >= 9626085) AND (id <= 9627084))

table 5 : explain SELECT DISTINCT c FROM sbtest5 WHERE id BETWEEN 6908622 AND 6909621 ORDER BY c
	Unique  (cost=3806.73..3811.58 rows=970 width=121)
	  ->  Sort  (cost=3806.73..3809.16 rows=970 width=121)
	        Sort Key: c
	        ->  Bitmap Heap Scan on sbtest5  (cost=30.38..3758.61 rows=970 width=121)
	              Recheck Cond: ((id >= 6908622) AND (id <= 6909621))
	              ->  Bitmap Index Scan on sbtest5_pkey  (cost=0.00..30.14 rows=970 width=0)
	                    Index Cond: ((id >= 6908622) AND (id <= 6909621))

table 6 : explain SELECT DISTINCT c FROM sbtest6 WHERE id BETWEEN 5490752 AND 5491751 ORDER BY c
	Unique  (cost=4103.05..4108.29 rows=1047 width=121)
	  ->  Sort  (cost=4103.05..4105.67 rows=1047 width=121)
	        Sort Key: c
	        ->  Bitmap Heap Scan on sbtest6  (cost=31.17..4050.54 rows=1047 width=121)
	              Recheck Cond: ((id >= 5490752) AND (id <= 5491751))
	              ->  Bitmap Index Scan on sbtest6_pkey  (cost=0.00..30.90 rows=1047 width=0)
	                    Index Cond: ((id >= 5490752) AND (id <= 5491751))

table 7 : explain SELECT DISTINCT c FROM sbtest7 WHERE id BETWEEN 8502378 AND 8503377 ORDER BY c
	Unique  (cost=3778.00..3782.81 rows=961 width=121)
	  ->  Sort  (cost=3778.00..3780.41 rows=961 width=121)
	        Sort Key: c
	        ->  Bitmap Heap Scan on sbtest7  (cost=30.29..3730.39 rows=961 width=121)
	              Recheck Cond: ((id >= 8502378) AND (id <= 8503377))
	              ->  Bitmap Index Scan on sbtest7_pkey  (cost=0.00..30.04 rows=961 width=0)
	                    Index Cond: ((id >= 8502378) AND (id <= 8503377))

table 8 : explain SELECT DISTINCT c FROM sbtest8 WHERE id BETWEEN 933889 AND 934888 ORDER BY c
	Unique  (cost=4054.83..4060.00 rows=1035 width=121)
	  ->  Sort  (cost=4054.83..4057.42 rows=1035 width=121)
	        Sort Key: c
	        ->  Bitmap Heap Scan on sbtest8  (cost=31.04..4003.00 rows=1035 width=121)
	              Recheck Cond: ((id >= 933889) AND (id <= 934888))
	              ->  Bitmap Index Scan on sbtest8_pkey  (cost=0.00..30.79 rows=1035 width=0)
	                    Index Cond: ((id >= 933889) AND (id <= 934888))

for: order_ranges
table 1 : explain SELECT c FROM sbtest1 WHERE id BETWEEN 6506502 AND 6507501 ORDER BY c
	Sort  (cost=4014.20..4016.76 rows=1024 width=121)
	  Sort Key: c
	  ->  Bitmap Heap Scan on sbtest1  (cost=30.93..3963.00 rows=1024 width=121)
	        Recheck Cond: ((id >= 6506502) AND (id <= 6507501))
	        ->  Bitmap Index Scan on sbtest1_pkey  (cost=0.00..30.68 rows=1024 width=0)
	              Index Cond: ((id >= 6506502) AND (id <= 6507501))

table 2 : explain SELECT c FROM sbtest2 WHERE id BETWEEN 989683 AND 990682 ORDER BY c
	Sort  (cost=4039.65..4042.23 rows=1031 width=121)
	  Sort Key: c
	  ->  Bitmap Heap Scan on sbtest2  (cost=31.00..3988.05 rows=1031 width=121)
	        Recheck Cond: ((id >= 989683) AND (id <= 990682))
	        ->  Bitmap Index Scan on sbtest2_pkey  (cost=0.00..30.75 rows=1031 width=0)
	              Index Cond: ((id >= 989683) AND (id <= 990682))

table 3 : explain SELECT c FROM sbtest3 WHERE id BETWEEN 5662310 AND 5663309 ORDER BY c
	Sort  (cost=4023.15..4025.71 rows=1025 width=121)
	  Sort Key: c
	  ->  Bitmap Heap Scan on sbtest3  (cost=30.94..3971.89 rows=1025 width=121)
	        Recheck Cond: ((id >= 5662310) AND (id <= 5663309))
	        ->  Bitmap Index Scan on sbtest3_pkey  (cost=0.00..30.68 rows=1025 width=0)
	              Index Cond: ((id >= 5662310) AND (id <= 5663309))

table 4 : explain SELECT c FROM sbtest4 WHERE id BETWEEN 8128278 AND 8129277 ORDER BY c
	Sort  (cost=3845.56..3848.01 rows=979 width=121)
	  Sort Key: c
	  ->  Bitmap Heap Scan on sbtest4  (cost=30.47..3796.93 rows=979 width=121)
	        Recheck Cond: ((id >= 8128278) AND (id <= 8129277))
	        ->  Bitmap Index Scan on sbtest4_pkey  (cost=0.00..30.22 rows=979 width=0)
	              Index Cond: ((id >= 8128278) AND (id <= 8129277))

table 5 : explain SELECT c FROM sbtest5 WHERE id BETWEEN 2080574 AND 2081573 ORDER BY c
	Sort  (cost=4196.85..4199.53 rows=1072 width=121)
	  Sort Key: c
	  ->  Bitmap Heap Scan on sbtest5  (cost=31.42..4142.89 rows=1072 width=121)
	        Recheck Cond: ((id >= 2080574) AND (id <= 2081573))
	        ->  Bitmap Index Scan on sbtest5_pkey  (cost=0.00..31.15 rows=1072 width=0)
	              Index Cond: ((id >= 2080574) AND (id <= 2081573))

table 6 : explain SELECT c FROM sbtest6 WHERE id BETWEEN 2446761 AND 2447760 ORDER BY c
	Sort  (cost=3846.58..3849.03 rows=980 width=121)
	  Sort Key: c
	  ->  Bitmap Heap Scan on sbtest6  (cost=30.48..3797.89 rows=980 width=121)
	        Recheck Cond: ((id >= 2446761) AND (id <= 2447760))
	        ->  Bitmap Index Scan on sbtest6_pkey  (cost=0.00..30.23 rows=980 width=0)
	              Index Cond: ((id >= 2446761) AND (id <= 2447760))

table 7 : explain SELECT c FROM sbtest7 WHERE id BETWEEN 8795201 AND 8796200 ORDER BY c
	Sort  (cost=3850.96..3853.41 rows=980 width=121)
	  Sort Key: c
	  ->  Bitmap Heap Scan on sbtest7  (cost=30.48..3802.27 rows=980 width=121)
	        Recheck Cond: ((id >= 8795201) AND (id <= 8796200))
	        ->  Bitmap Index Scan on sbtest7_pkey  (cost=0.00..30.23 rows=980 width=0)
	              Index Cond: ((id >= 8795201) AND (id <= 8796200))

table 8 : explain SELECT c FROM sbtest8 WHERE id BETWEEN 9847639 AND 9848638 ORDER BY c
	Sort  (cost=4276.31..4279.04 rows=1093 width=121)
	  Sort Key: c
	  ->  Bitmap Heap Scan on sbtest8  (cost=31.64..4221.15 rows=1093 width=121)
	        Recheck Cond: ((id >= 9847639) AND (id <= 9848638))
	        ->  Bitmap Index Scan on sbtest8_pkey  (cost=0.00..31.36 rows=1093 width=0)
	              Index Cond: ((id >= 9847639) AND (id <= 9848638))

for point_selects
table 1 : explain SELECT c FROM sbtest1 WHERE id=3255400
	Index Scan using sbtest1_pkey on sbtest1  (cost=0.43..8.45 rows=1 width=121)
	  Index Cond: (id = 3255400)

table 2 : explain SELECT c FROM sbtest2 WHERE id=4696399
	Index Scan using sbtest2_pkey on sbtest2  (cost=0.43..8.45 rows=1 width=121)
	  Index Cond: (id = 4696399)

table 3 : explain SELECT c FROM sbtest3 WHERE id=4454729
	Index Scan using sbtest3_pkey on sbtest3  (cost=0.43..8.45 rows=1 width=121)
	  Index Cond: (id = 4454729)

table 4 : explain SELECT c FROM sbtest4 WHERE id=5452338
	Index Scan using sbtest4_pkey on sbtest4  (cost=0.43..8.45 rows=1 width=121)
	  Index Cond: (id = 5452338)

table 5 : explain SELECT c FROM sbtest5 WHERE id=3269384
	Index Scan using sbtest5_pkey on sbtest5  (cost=0.43..8.45 rows=1 width=121)
	  Index Cond: (id = 3269384)

table 6 : explain SELECT c FROM sbtest6 WHERE id=8010087
	Index Scan using sbtest6_pkey on sbtest6  (cost=0.43..8.45 rows=1 width=121)
	  Index Cond: (id = 8010087)

table 7 : explain SELECT c FROM sbtest7 WHERE id=1902081
	Index Scan using sbtest7_pkey on sbtest7  (cost=0.43..8.45 rows=1 width=121)
	  Index Cond: (id = 1902081)

table 8 : explain SELECT c FROM sbtest8 WHERE id=4755312
	Index Scan using sbtest8_pkey on sbtest8  (cost=0.43..8.45 rows=1 width=121)
	  Index Cond: (id = 4755312)

for: distinct_ranges
table 1 : explain SELECT DISTINCT c FROM sbtest1 WHERE id BETWEEN 9944971 AND 9945970 ORDER BY c
	Unique  (cost=3964.46..3969.51 rows=1011 width=121)
	  ->  Sort  (cost=3964.46..3966.99 rows=1011 width=121)
	        Sort Key: c
	        ->  Bitmap Heap Scan on sbtest1  (cost=30.80..3914.00 rows=1011 width=121)
	              Recheck Cond: ((id >= 9944971) AND (id <= 9945970))
	              ->  Bitmap Index Scan on sbtest1_pkey  (cost=0.00..30.54 rows=1011 width=0)
	                    Index Cond: ((id >= 9944971) AND (id <= 9945970))

table 2 : explain SELECT DISTINCT c FROM sbtest2 WHERE id BETWEEN 9772061 AND 9773060 ORDER BY c
	Unique  (cost=3890.48..3895.44 rows=992 width=121)
	  ->  Sort  (cost=3890.48..3892.96 rows=992 width=121)
	        Sort Key: c
	        ->  Bitmap Heap Scan on sbtest2  (cost=30.60..3841.10 rows=992 width=121)
	              Recheck Cond: ((id >= 9772061) AND (id <= 9773060))
	              ->  Bitmap Index Scan on sbtest2_pkey  (cost=0.00..30.36 rows=992 width=0)
	                    Index Cond: ((id >= 9772061) AND (id <= 9773060))

table 3 : explain SELECT DISTINCT c FROM sbtest3 WHERE id BETWEEN 3853691 AND 3854690 ORDER BY c
	Unique  (cost=3735.36..3740.11 rows=950 width=121)
	  ->  Sort  (cost=3735.36..3737.74 rows=950 width=121)
	        Sort Key: c
	        ->  Bitmap Heap Scan on sbtest3  (cost=30.17..3688.38 rows=950 width=121)
	              Recheck Cond: ((id >= 3853691) AND (id <= 3854690))
	              ->  Bitmap Index Scan on sbtest3_pkey  (cost=0.00..29.93 rows=950 width=0)
	                    Index Cond: ((id >= 3853691) AND (id <= 3854690))

table 4 : explain SELECT DISTINCT c FROM sbtest4 WHERE id BETWEEN 2171333 AND 2172332 ORDER BY c
	Unique  (cost=3903.10..3908.07 rows=994 width=121)
	  ->  Sort  (cost=3903.10..3905.58 rows=994 width=121)
	        Sort Key: c
	        ->  Bitmap Heap Scan on sbtest4  (cost=30.62..3853.61 rows=994 width=121)
	              Recheck Cond: ((id >= 2171333) AND (id <= 2172332))
	              ->  Bitmap Index Scan on sbtest4_pkey  (cost=0.00..30.37 rows=994 width=0)
	                    Index Cond: ((id >= 2171333) AND (id <= 2172332))

table 5 : explain SELECT DISTINCT c FROM sbtest5 WHERE id BETWEEN 9224468 AND 9225467 ORDER BY c
	Unique  (cost=3994.30..3999.39 rows=1019 width=121)
	  ->  Sort  (cost=3994.30..3996.84 rows=1019 width=121)
	        Sort Key: c
	        ->  Bitmap Heap Scan on sbtest5  (cost=30.88..3943.38 rows=1019 width=121)
	              Recheck Cond: ((id >= 9224468) AND (id <= 9225467))
	              ->  Bitmap Index Scan on sbtest5_pkey  (cost=0.00..30.62 rows=1019 width=0)
	                    Index Cond: ((id >= 9224468) AND (id <= 9225467))

table 6 : explain SELECT DISTINCT c FROM sbtest6 WHERE id BETWEEN 7784421 AND 7785420 ORDER BY c
	Unique  (cost=3758.41..3763.20 rows=957 width=121)
	  ->  Sort  (cost=3758.41..3760.81 rows=957 width=121)
	        Sort Key: c
	        ->  Bitmap Heap Scan on sbtest6  (cost=30.24..3711.03 rows=957 width=121)
	              Recheck Cond: ((id >= 7784421) AND (id <= 7785420))
	              ->  Bitmap Index Scan on sbtest6_pkey  (cost=0.00..30.00 rows=957 width=0)
	                    Index Cond: ((id >= 7784421) AND (id <= 7785420))

table 7 : explain SELECT DISTINCT c FROM sbtest7 WHERE id BETWEEN 7111125 AND 7112124 ORDER BY c
	Unique  (cost=4073.41..4078.60 rows=1038 width=121)
	  ->  Sort  (cost=4073.41..4076.00 rows=1038 width=121)
	        Sort Key: c
	        ->  Bitmap Heap Scan on sbtest7  (cost=31.07..4021.41 rows=1038 width=121)
	              Recheck Cond: ((id >= 7111125) AND (id <= 7112124))
	              ->  Bitmap Index Scan on sbtest7_pkey  (cost=0.00..30.82 rows=1038 width=0)
	                    Index Cond: ((id >= 7111125) AND (id <= 7112124))

table 8 : explain SELECT DISTINCT c FROM sbtest8 WHERE id BETWEEN 9590224 AND 9591223 ORDER BY c
	Unique  (cost=4108.33..4113.57 rows=1049 width=121)
	  ->  Sort  (cost=4108.33..4110.95 rows=1049 width=121)
	        Sort Key: c
	        ->  Bitmap Heap Scan on sbtest8  (cost=31.19..4055.69 rows=1049 width=121)
	              Recheck Cond: ((id >= 9590224) AND (id <= 9591223))
	              ->  Bitmap Index Scan on sbtest8_pkey  (cost=0.00..30.93 rows=1049 width=0)
	                    Index Cond: ((id >= 9590224) AND (id <= 9591223))

explain: for point_selects :: explain SELECT c FROM sbtest%u WHERE id=%u
for: order_ranges
table 1 : explain SELECT c FROM sbtest1 WHERE id BETWEEN 2818610 AND 2819609 ORDER BY c
	Sort  (cost=4266.42..4269.15 rows=1090 width=121)
	  Sort Key: c
	  ->  Bitmap Heap Scan on sbtest1  (cost=31.61..4211.43 rows=1090 width=121)
	        Recheck Cond: ((id >= 2818610) AND (id <= 2819609))
	        ->  Bitmap Index Scan on sbtest1_pkey  (cost=0.00..31.33 rows=1090 width=0)
	              Index Cond: ((id >= 2818610) AND (id <= 2819609))

table 2 : explain SELECT c FROM sbtest2 WHERE id BETWEEN 876560 AND 877559 ORDER BY c
	Sort  (cost=3626.10..3628.40 rows=923 width=121)
	  Sort Key: c
	  ->  Bitmap Heap Scan on sbtest2  (cost=29.90..3580.64 rows=923 width=121)
	        Recheck Cond: ((id >= 876560) AND (id <= 877559))
	        ->  Bitmap Index Scan on sbtest2_pkey  (cost=0.00..29.66 rows=923 width=0)
	              Index Cond: ((id >= 876560) AND (id <= 877559))

table 3 : explain SELECT c FROM sbtest3 WHERE id BETWEEN 2657471 AND 2658470 ORDER BY c
	Sort  (cost=3919.62..3922.12 rows=998 width=121)
	  Sort Key: c
	  ->  Bitmap Heap Scan on sbtest3  (cost=30.66..3869.91 rows=998 width=121)
	        Recheck Cond: ((id >= 2657471) AND (id <= 2658470))
	        ->  Bitmap Index Scan on sbtest3_pkey  (cost=0.00..30.41 rows=998 width=0)
	              Index Cond: ((id >= 2657471) AND (id <= 2658470))

table 4 : explain SELECT c FROM sbtest4 WHERE id BETWEEN 4323288 AND 4324287 ORDER BY c
	Sort  (cost=3914.60..3917.09 rows=997 width=121)
	  Sort Key: c
	  ->  Bitmap Heap Scan on sbtest4  (cost=30.65..3864.94 rows=997 width=121)
	        Recheck Cond: ((id >= 4323288) AND (id <= 4324287))
	        ->  Bitmap Index Scan on sbtest4_pkey  (cost=0.00..30.40 rows=997 width=0)
	              Index Cond: ((id >= 4323288) AND (id <= 4324287))

table 5 : explain SELECT c FROM sbtest5 WHERE id BETWEEN 2136015 AND 2137014 ORDER BY c
	Sort  (cost=3660.91..3663.24 rows=933 width=121)
	  Sort Key: c
	  ->  Bitmap Heap Scan on sbtest5  (cost=26.00..3614.88 rows=933 width=121)
	        Recheck Cond: ((id >= 2136015) AND (id <= 2137014))
	        ->  Bitmap Index Scan on sbtest5_pkey  (cost=0.00..25.76 rows=933 width=0)
	              Index Cond: ((id >= 2136015) AND (id <= 2137014))

table 6 : explain SELECT c FROM sbtest6 WHERE id BETWEEN 4810888 AND 4811887 ORDER BY c
	Sort  (cost=3773.75..3776.15 rows=961 width=121)
	  Sort Key: c
	  ->  Bitmap Heap Scan on sbtest6  (cost=30.29..3726.14 rows=961 width=121)
	        Recheck Cond: ((id >= 4810888) AND (id <= 4811887))
	        ->  Bitmap Index Scan on sbtest6_pkey  (cost=0.00..30.04 rows=961 width=0)
	              Index Cond: ((id >= 4810888) AND (id <= 4811887))

table 7 : explain SELECT c FROM sbtest7 WHERE id BETWEEN 4922261 AND 4923260 ORDER BY c
	Sort  (cost=4272.69..4275.41 rows=1089 width=121)
	  Sort Key: c
	  ->  Bitmap Heap Scan on sbtest7  (cost=35.60..4217.76 rows=1089 width=121)
	        Recheck Cond: ((id >= 4922261) AND (id <= 4923260))
	        ->  Bitmap Index Scan on sbtest7_pkey  (cost=0.00..35.33 rows=1089 width=0)
	              Index Cond: ((id >= 4922261) AND (id <= 4923260))

table 8 : explain SELECT c FROM sbtest8 WHERE id BETWEEN 3610322 AND 3611321 ORDER BY c
	Sort  (cost=3767.84..3770.24 rows=960 width=121)
	  Sort Key: c
	  ->  Bitmap Heap Scan on sbtest8  (cost=30.27..3720.28 rows=960 width=121)
	        Recheck Cond: ((id >= 3610322) AND (id <= 3611321))
	        ->  Bitmap Index Scan on sbtest8_pkey  (cost=0.00..30.04 rows=960 width=0)
	              Index Cond: ((id >= 3610322) AND (id <= 3611321))

for: sum_ranges
table 1 : explain SELECT SUM(k) FROM sbtest1 WHERE id BETWEEN 6768754 AND 6769753
	Aggregate  (cost=3810.85..3810.86 rows=1 width=8)
	  ->  Bitmap Heap Scan on sbtest1  (cost=30.51..3808.40 rows=983 width=4)
	        Recheck Cond: ((id >= 6768754) AND (id <= 6769753))
	        ->  Bitmap Index Scan on sbtest1_pkey  (cost=0.00..30.26 rows=983 width=0)
	              Index Cond: ((id >= 6768754) AND (id <= 6769753))

table 2 : explain SELECT SUM(k) FROM sbtest2 WHERE id BETWEEN 2321196 AND 2322195
	Aggregate  (cost=3771.87..3771.88 rows=1 width=8)
	  ->  Bitmap Heap Scan on sbtest2  (cost=30.41..3769.44 rows=973 width=4)
	        Recheck Cond: ((id >= 2321196) AND (id <= 2322195))
	        ->  Bitmap Index Scan on sbtest2_pkey  (cost=0.00..30.16 rows=973 width=0)
	              Index Cond: ((id >= 2321196) AND (id <= 2322195))

table 3 : explain SELECT SUM(k) FROM sbtest3 WHERE id BETWEEN 5512244 AND 5513243
	Aggregate  (cost=3876.18..3876.19 rows=1 width=8)
	  ->  Bitmap Heap Scan on sbtest3  (cost=30.67..3873.69 rows=999 width=4)
	        Recheck Cond: ((id >= 5512244) AND (id <= 5513243))
	        ->  Bitmap Index Scan on sbtest3_pkey  (cost=0.00..30.43 rows=999 width=0)
	              Index Cond: ((id >= 5512244) AND (id <= 5513243))

table 4 : explain SELECT SUM(k) FROM sbtest4 WHERE id BETWEEN 7081799 AND 7082798
	Aggregate  (cost=3788.03..3788.04 rows=1 width=8)
	  ->  Bitmap Heap Scan on sbtest4  (cost=30.44..3785.59 rows=976 width=4)
	        Recheck Cond: ((id >= 7081799) AND (id <= 7082798))
	        ->  Bitmap Index Scan on sbtest4_pkey  (cost=0.00..30.19 rows=976 width=0)
	              Index Cond: ((id >= 7081799) AND (id <= 7082798))

table 5 : explain SELECT SUM(k) FROM sbtest5 WHERE id BETWEEN 738126 AND 739125
	Aggregate  (cost=4431.28..4431.29 rows=1 width=8)
	  ->  Bitmap Heap Scan on sbtest5  (cost=32.21..4428.41 rows=1149 width=4)
	        Recheck Cond: ((id >= 738126) AND (id <= 739125))
	        ->  Bitmap Index Scan on sbtest5_pkey  (cost=0.00..31.93 rows=1149 width=0)
	              Index Cond: ((id >= 738126) AND (id <= 739125))

table 6 : explain SELECT SUM(k) FROM sbtest6 WHERE id BETWEEN 8936330 AND 8937329
	Aggregate  (cost=3452.05..3452.06 rows=1 width=8)
	  ->  Bitmap Heap Scan on sbtest6  (cost=25.55..3449.82 rows=889 width=4)
	        Recheck Cond: ((id >= 8936330) AND (id <= 8937329))
	        ->  Bitmap Index Scan on sbtest6_pkey  (cost=0.00..25.32 rows=889 width=0)
	              Index Cond: ((id >= 8936330) AND (id <= 8937329))

table 7 : explain SELECT SUM(k) FROM sbtest7 WHERE id BETWEEN 5268061 AND 5269060
	Aggregate  (cost=3982.44..3982.45 rows=1 width=8)
	  ->  Bitmap Heap Scan on sbtest7  (cost=30.96..3979.88 rows=1027 width=4)
	        Recheck Cond: ((id >= 5268061) AND (id <= 5269060))
	        ->  Bitmap Index Scan on sbtest7_pkey  (cost=0.00..30.70 rows=1027 width=0)
	              Index Cond: ((id >= 5268061) AND (id <= 5269060))

table 8 : explain SELECT SUM(k) FROM sbtest8 WHERE id BETWEEN 3274515 AND 3275514
	Aggregate  (cost=4020.66..4020.67 rows=1 width=8)
	  ->  Bitmap Heap Scan on sbtest8  (cost=31.08..4018.06 rows=1039 width=4)
	        Recheck Cond: ((id >= 3274515) AND (id <= 3275514))
	        ->  Bitmap Index Scan on sbtest8_pkey  (cost=0.00..30.82 rows=1039 width=0)
	              Index Cond: ((id >= 3274515) AND (id <= 3275514))

for: simple_ranges
table 1 : explain SELECT c FROM sbtest1 WHERE id BETWEEN 4086102 AND 4087101
	Bitmap Heap Scan on sbtest1  (cost=30.58..3834.81 rows=990 width=121)
	  Recheck Cond: ((id >= 4086102) AND (id <= 4087101))
	  ->  Bitmap Index Scan on sbtest1_pkey  (cost=0.00..30.33 rows=990 width=0)
	        Index Cond: ((id >= 4086102) AND (id <= 4087101))

table 2 : explain SELECT c FROM sbtest2 WHERE id BETWEEN 8170719 AND 8171718
	Bitmap Heap Scan on sbtest2  (cost=31.92..4318.95 rows=1120 width=121)
	  Recheck Cond: ((id >= 8170719) AND (id <= 8171718))
	  ->  Bitmap Index Scan on sbtest2_pkey  (cost=0.00..31.64 rows=1120 width=0)
	        Index Cond: ((id >= 8170719) AND (id <= 8171718))

table 3 : explain SELECT c FROM sbtest3 WHERE id BETWEEN 668684 AND 669683
	Bitmap Heap Scan on sbtest3  (cost=31.14..4043.61 rows=1044 width=121)
	  Recheck Cond: ((id >= 668684) AND (id <= 669683))
	  ->  Bitmap Index Scan on sbtest3_pkey  (cost=0.00..30.87 rows=1044 width=0)
	        Index Cond: ((id >= 668684) AND (id <= 669683))

table 4 : explain SELECT c FROM sbtest4 WHERE id BETWEEN 9158362 AND 9159361
	Bitmap Heap Scan on sbtest4  (cost=30.35..3751.57 rows=967 width=121)
	  Recheck Cond: ((id >= 9158362) AND (id <= 9159361))
	  ->  Bitmap Index Scan on sbtest4_pkey  (cost=0.00..30.11 rows=967 width=0)
	        Index Cond: ((id >= 9158362) AND (id <= 9159361))

table 5 : explain SELECT c FROM sbtest5 WHERE id BETWEEN 5779647 AND 5780646
	Bitmap Heap Scan on sbtest5  (cost=30.75..3894.39 rows=1006 width=121)
	  Recheck Cond: ((id >= 5779647) AND (id <= 5780646))
	  ->  Bitmap Index Scan on sbtest5_pkey  (cost=0.00..30.50 rows=1006 width=0)
	        Index Cond: ((id >= 5779647) AND (id <= 5780646))

table 6 : explain SELECT c FROM sbtest6 WHERE id BETWEEN 9128258 AND 9129257
	Bitmap Heap Scan on sbtest6  (cost=31.17..4050.54 rows=1047 width=121)
	  Recheck Cond: ((id >= 9128258) AND (id <= 9129257))
	  ->  Bitmap Index Scan on sbtest6_pkey  (cost=0.00..30.90 rows=1047 width=0)
	        Index Cond: ((id >= 9128258) AND (id <= 9129257))

table 7 : explain SELECT c FROM sbtest7 WHERE id BETWEEN 1576176 AND 1577175
	Bitmap Heap Scan on sbtest7  (cost=30.83..3930.78 rows=1014 width=121)
	  Recheck Cond: ((id >= 1576176) AND (id <= 1577175))
	  ->  Bitmap Index Scan on sbtest7_pkey  (cost=0.00..30.57 rows=1014 width=0)
	        Index Cond: ((id >= 1576176) AND (id <= 1577175))

table 8 : explain SELECT c FROM sbtest8 WHERE id BETWEEN 9087105 AND 9088104
	Bitmap Heap Scan on sbtest8  (cost=30.12..3663.65 rows=945 width=121)
	  Recheck Cond: ((id >= 9087105) AND (id <= 9088104))
	  ->  Bitmap Index Scan on sbtest8_pkey  (cost=0.00..29.89 rows=945 width=0)
	        Index Cond: ((id >= 9087105) AND (id <= 9088104))

for: distinct_ranges
table 1 : explain SELECT DISTINCT c FROM sbtest1 WHERE id BETWEEN 8787155 AND 8788154 ORDER BY c
	Unique  (cost=4060.10..4065.28 rows=1036 width=121)
	  ->  Sort  (cost=4060.10..4062.69 rows=1036 width=121)
	        Sort Key: c
	        ->  Bitmap Heap Scan on sbtest1  (cost=31.05..4008.21 rows=1036 width=121)
	              Recheck Cond: ((id >= 8787155) AND (id <= 8788154))
	              ->  Bitmap Index Scan on sbtest1_pkey  (cost=0.00..30.79 rows=1036 width=0)
	                    Index Cond: ((id >= 8787155) AND (id <= 8788154))

table 2 : explain SELECT DISTINCT c FROM sbtest2 WHERE id BETWEEN 978833 AND 979832 ORDER BY c
	Unique  (cost=4264.98..4270.43 rows=1090 width=121)
	  ->  Sort  (cost=4264.98..4267.71 rows=1090 width=121)
	        Sort Key: c
	        ->  Bitmap Heap Scan on sbtest2  (cost=31.61..4209.99 rows=1090 width=121)
	              Recheck Cond: ((id >= 978833) AND (id <= 979832))
	              ->  Bitmap Index Scan on sbtest2_pkey  (cost=0.00..31.33 rows=1090 width=0)
	                    Index Cond: ((id >= 978833) AND (id <= 979832))

table 3 : explain SELECT DISTINCT c FROM sbtest3 WHERE id BETWEEN 247889 AND 248888 ORDER BY c
	Unique  (cost=3831.37..3836.24 rows=975 width=121)
	  ->  Sort  (cost=3831.37..3833.80 rows=975 width=121)
	        Sort Key: c
	        ->  Bitmap Heap Scan on sbtest3  (cost=30.43..3782.96 rows=975 width=121)
	              Recheck Cond: ((id >= 247889) AND (id <= 248888))
	              ->  Bitmap Index Scan on sbtest3_pkey  (cost=0.00..30.18 rows=975 width=0)
	                    Index Cond: ((id >= 247889) AND (id <= 248888))

table 4 : explain SELECT DISTINCT c FROM sbtest4 WHERE id BETWEEN 1146417 AND 1147416 ORDER BY c
	Unique  (cost=4029.57..4034.71 rows=1027 width=121)
	  ->  Sort  (cost=4029.57..4032.14 rows=1027 width=121)
	        Sort Key: c
	        ->  Bitmap Heap Scan on sbtest4  (cost=30.96..3978.20 rows=1027 width=121)
	              Recheck Cond: ((id >= 1146417) AND (id <= 1147416))
	              ->  Bitmap Index Scan on sbtest4_pkey  (cost=0.00..30.70 rows=1027 width=0)
	                    Index Cond: ((id >= 1146417) AND (id <= 1147416))

table 5 : explain SELECT DISTINCT c FROM sbtest5 WHERE id BETWEEN 1479524 AND 1480523 ORDER BY c
	Unique  (cost=4257.93..4263.37 rows=1088 width=121)
	  ->  Sort  (cost=4257.93..4260.65 rows=1088 width=121)
	        Sort Key: c
	        ->  Bitmap Heap Scan on sbtest5  (cost=31.59..4203.06 rows=1088 width=121)
	              Recheck Cond: ((id >= 1479524) AND (id <= 1480523))
	              ->  Bitmap Index Scan on sbtest5_pkey  (cost=0.00..31.32 rows=1088 width=0)
	                    Index Cond: ((id >= 1479524) AND (id <= 1480523))

table 6 : explain SELECT DISTINCT c FROM sbtest6 WHERE id BETWEEN 9255739 AND 9256738 ORDER BY c
	Unique  (cost=4087.76..4092.97 rows=1043 width=121)
	  ->  Sort  (cost=4087.76..4090.36 rows=1043 width=121)
	        Sort Key: c
	        ->  Bitmap Heap Scan on sbtest6  (cost=31.13..4035.47 rows=1043 width=121)
	              Recheck Cond: ((id >= 9255739) AND (id <= 9256738))
	              ->  Bitmap Index Scan on sbtest6_pkey  (cost=0.00..30.86 rows=1043 width=0)
	                    Index Cond: ((id >= 9255739) AND (id <= 9256738))

table 7 : explain SELECT DISTINCT c FROM sbtest7 WHERE id BETWEEN 8457358 AND 8458357 ORDER BY c
	Unique  (cost=4088.73..4093.94 rows=1042 width=121)
	  ->  Sort  (cost=4088.73..4091.34 rows=1042 width=121)
	        Sort Key: c
	        ->  Bitmap Heap Scan on sbtest7  (cost=31.12..4036.50 rows=1042 width=121)
	              Recheck Cond: ((id >= 8457358) AND (id <= 8458357))
	              ->  Bitmap Index Scan on sbtest7_pkey  (cost=0.00..30.86 rows=1042 width=0)
	                    Index Cond: ((id >= 8457358) AND (id <= 8458357))

table 8 : explain SELECT DISTINCT c FROM sbtest8 WHERE id BETWEEN 4687088 AND 4688087 ORDER BY c
	Unique  (cost=3767.84..3772.64 rows=960 width=121)
	  ->  Sort  (cost=3767.84..3770.24 rows=960 width=121)
	        Sort Key: c
	        ->  Bitmap Heap Scan on sbtest8  (cost=30.27..3720.28 rows=960 width=121)
	              Recheck Cond: ((id >= 4687088) AND (id <= 4688087))
	              ->  Bitmap Index Scan on sbtest8_pkey  (cost=0.00..30.04 rows=960 width=0)
	                    Index Cond: ((id >= 4687088) AND (id <= 4688087))

for: order_ranges
table 1 : explain SELECT c FROM sbtest1 WHERE id BETWEEN 5394716 AND 5395715 ORDER BY c
	Sort  (cost=4018.03..4020.59 rows=1025 width=121)
	  Sort Key: c
	  ->  Bitmap Heap Scan on sbtest1  (cost=30.94..3966.77 rows=1025 width=121)
	        Recheck Cond: ((id >= 5394716) AND (id <= 5395715))
	        ->  Bitmap Index Scan on sbtest1_pkey  (cost=0.00..30.68 rows=1025 width=0)
	              Index Cond: ((id >= 5394716) AND (id <= 5395715))

table 2 : explain SELECT c FROM sbtest2 WHERE id BETWEEN 563230 AND 564229 ORDER BY c
	Sort  (cost=4074.05..4076.65 rows=1040 width=121)
	  Sort Key: c
	  ->  Bitmap Heap Scan on sbtest2  (cost=31.09..4021.93 rows=1040 width=121)
	        Recheck Cond: ((id >= 563230) AND (id <= 564229))
	        ->  Bitmap Index Scan on sbtest2_pkey  (cost=0.00..30.83 rows=1040 width=0)
	              Index Cond: ((id >= 563230) AND (id <= 564229))

table 3 : explain SELECT c FROM sbtest3 WHERE id BETWEEN 8463505 AND 8464504 ORDER BY c
	Sort  (cost=3696.94..3699.29 rows=940 width=121)
	  Sort Key: c
	  ->  Bitmap Heap Scan on sbtest3  (cost=30.07..3650.52 rows=940 width=121)
	        Recheck Cond: ((id >= 8463505) AND (id <= 8464504))
	        ->  Bitmap Index Scan on sbtest3_pkey  (cost=0.00..29.83 rows=940 width=0)
	              Index Cond: ((id >= 8463505) AND (id <= 8464504))

table 4 : explain SELECT c FROM sbtest4 WHERE id BETWEEN 9364790 AND 9365789 ORDER BY c
	Sort  (cost=3784.17..3786.57 rows=963 width=121)
	  Sort Key: c
	  ->  Bitmap Heap Scan on sbtest4  (cost=30.31..3736.44 rows=963 width=121)
	        Recheck Cond: ((id >= 9364790) AND (id <= 9365789))
	        ->  Bitmap Index Scan on sbtest4_pkey  (cost=0.00..30.07 rows=963 width=0)
	              Index Cond: ((id >= 9364790) AND (id <= 9365789))

table 5 : explain SELECT c FROM sbtest5 WHERE id BETWEEN 3640972 AND 3641971 ORDER BY c
	Sort  (cost=4185.39..4188.07 rows=1069 width=121)
	  Sort Key: c
	  ->  Bitmap Heap Scan on sbtest5  (cost=31.39..4131.61 rows=1069 width=121)
	        Recheck Cond: ((id >= 3640972) AND (id <= 3641971))
	        ->  Bitmap Index Scan on sbtest5_pkey  (cost=0.00..31.12 rows=1069 width=0)
	              Index Cond: ((id >= 3640972) AND (id <= 3641971))

table 6 : explain SELECT c FROM sbtest6 WHERE id BETWEEN 7390927 AND 7391926 ORDER BY c
	Sort  (cost=3961.49..3964.01 rows=1010 width=121)
	  Sort Key: c
	  ->  Bitmap Heap Scan on sbtest6  (cost=30.79..3911.09 rows=1010 width=121)
	        Recheck Cond: ((id >= 7390927) AND (id <= 7391926))
	        ->  Bitmap Index Scan on sbtest6_pkey  (cost=0.00..30.54 rows=1010 width=0)
	              Index Cond: ((id >= 7390927) AND (id <= 7391926))

table 7 : explain SELECT c FROM sbtest7 WHERE id BETWEEN 2829161 AND 2830160 ORDER BY c
	Sort  (cost=3720.38..3722.74 rows=946 width=121)
	  Sort Key: c
	  ->  Bitmap Heap Scan on sbtest7  (cost=30.13..3673.62 rows=946 width=121)
	        Recheck Cond: ((id >= 2829161) AND (id <= 2830160))
	        ->  Bitmap Index Scan on sbtest7_pkey  (cost=0.00..29.89 rows=946 width=0)
	              Index Cond: ((id >= 2829161) AND (id <= 2830160))

table 8 : explain SELECT c FROM sbtest8 WHERE id BETWEEN 2837972 AND 2838971 ORDER BY c
	Sort  (cost=4245.78..4248.50 rows=1085 width=121)
	  Sort Key: c
	  ->  Bitmap Heap Scan on sbtest8  (cost=31.56..4191.08 rows=1085 width=121)
	        Recheck Cond: ((id >= 2837972) AND (id <= 2838971))
	        ->  Bitmap Index Scan on sbtest8_pkey  (cost=0.00..31.29 rows=1085 width=0)
	              Index Cond: ((id >= 2837972) AND (id <= 2838971))

for: order_ranges
table 1 : explain SELECT c FROM sbtest1 WHERE id BETWEEN 8026272 AND 8027271 ORDER BY c
	Sort  (cost=3907.04..3909.53 rows=996 width=121)
	  Sort Key: c
	  ->  Bitmap Heap Scan on sbtest1  (cost=30.64..3857.44 rows=996 width=121)
	        Recheck Cond: ((id >= 8026272) AND (id <= 8027271))
	        ->  Bitmap Index Scan on sbtest1_pkey  (cost=0.00..30.39 rows=996 width=0)
	              Index Cond: ((id >= 8026272) AND (id <= 8027271))

table 2 : explain SELECT c FROM sbtest2 WHERE id BETWEEN 1353890 AND 1354889 ORDER BY c
	Sort  (cost=3986.12..3988.66 rows=1017 width=121)
	  Sort Key: c
	  ->  Bitmap Heap Scan on sbtest2  (cost=30.86..3935.32 rows=1017 width=121)
	        Recheck Cond: ((id >= 1353890) AND (id <= 1354889))
	        ->  Bitmap Index Scan on sbtest2_pkey  (cost=0.00..30.61 rows=1017 width=0)
	              Index Cond: ((id >= 1353890) AND (id <= 1354889))

table 3 : explain SELECT c FROM sbtest3 WHERE id BETWEEN 8591401 AND 8592400 ORDER BY c
	Sort  (cost=3727.68..3730.05 rows=948 width=121)
	  Sort Key: c
	  ->  Bitmap Heap Scan on sbtest3  (cost=30.15..3680.81 rows=948 width=121)
	        Recheck Cond: ((id >= 8591401) AND (id <= 8592400))
	        ->  Bitmap Index Scan on sbtest3_pkey  (cost=0.00..29.91 rows=948 width=0)
	              Index Cond: ((id >= 8591401) AND (id <= 8592400))

table 4 : explain SELECT c FROM sbtest4 WHERE id BETWEEN 3778165 AND 3779164 ORDER BY c
	Sort  (cost=3968.27..3970.79 rows=1011 width=121)
	  Sort Key: c
	  ->  Bitmap Heap Scan on sbtest4  (cost=30.80..3917.81 rows=1011 width=121)
	        Recheck Cond: ((id >= 3778165) AND (id <= 3779164))
	        ->  Bitmap Index Scan on sbtest4_pkey  (cost=0.00..30.54 rows=1011 width=0)
	              Index Cond: ((id >= 3778165) AND (id <= 3779164))

table 5 : explain SELECT c FROM sbtest5 WHERE id BETWEEN 7405590 AND 7406589 ORDER BY c
	Sort  (cost=4143.38..4146.02 rows=1058 width=121)
	  Sort Key: c
	  ->  Bitmap Heap Scan on sbtest5  (cost=31.28..4090.23 rows=1058 width=121)
	        Recheck Cond: ((id >= 7405590) AND (id <= 7406589))
	        ->  Bitmap Index Scan on sbtest5_pkey  (cost=0.00..31.01 rows=1058 width=0)
	              Index Cond: ((id >= 7405590) AND (id <= 7406589))

table 6 : explain SELECT c FROM sbtest6 WHERE id BETWEEN 5842744 AND 5843743 ORDER BY c
	Sort  (cost=3938.51..3941.02 rows=1004 width=121)
	  Sort Key: c
	  ->  Bitmap Heap Scan on sbtest6  (cost=30.73..3888.46 rows=1004 width=121)
	        Recheck Cond: ((id >= 5842744) AND (id <= 5843743))
	        ->  Bitmap Index Scan on sbtest6_pkey  (cost=0.00..30.47 rows=1004 width=0)
	              Index Cond: ((id >= 5842744) AND (id <= 5843743))

table 7 : explain SELECT c FROM sbtest7 WHERE id BETWEEN 2076943 AND 2077942 ORDER BY c
	Sort  (cost=3670.41..3672.74 rows=933 width=121)
	  Sort Key: c
	  ->  Bitmap Heap Scan on sbtest7  (cost=30.00..3624.39 rows=933 width=121)
	        Recheck Cond: ((id >= 2076943) AND (id <= 2077942))
	        ->  Bitmap Index Scan on sbtest7_pkey  (cost=0.00..29.76 rows=933 width=0)
	              Index Cond: ((id >= 2076943) AND (id <= 2077942))

table 8 : explain SELECT c FROM sbtest8 WHERE id BETWEEN 2946239 AND 2947238 ORDER BY c
	Sort  (cost=4203.80..4206.48 rows=1074 width=121)
	  Sort Key: c
	  ->  Bitmap Heap Scan on sbtest8  (cost=31.44..4149.73 rows=1074 width=121)
	        Recheck Cond: ((id >= 2946239) AND (id <= 2947238))
	        ->  Bitmap Index Scan on sbtest8_pkey  (cost=0.00..31.18 rows=1074 width=0)
	              Index Cond: ((id >= 2946239) AND (id <= 2947238))

for point_selects
table 1 : explain SELECT c FROM sbtest1 WHERE id=7736819
	Index Scan using sbtest1_pkey on sbtest1  (cost=0.43..8.45 rows=1 width=121)
	  Index Cond: (id = 7736819)

table 2 : explain SELECT c FROM sbtest2 WHERE id=4052409
	Index Scan using sbtest2_pkey on sbtest2  (cost=0.43..8.45 rows=1 width=121)
	  Index Cond: (id = 4052409)

table 3 : explain SELECT c FROM sbtest3 WHERE id=3027686
	Index Scan using sbtest3_pkey on sbtest3  (cost=0.43..8.45 rows=1 width=121)
	  Index Cond: (id = 3027686)

table 4 : explain SELECT c FROM sbtest4 WHERE id=7532090
	Index Scan using sbtest4_pkey on sbtest4  (cost=0.43..8.45 rows=1 width=121)
	  Index Cond: (id = 7532090)

table 5 : explain SELECT c FROM sbtest5 WHERE id=3331148
	Index Scan using sbtest5_pkey on sbtest5  (cost=0.43..8.45 rows=1 width=121)
	  Index Cond: (id = 3331148)

table 6 : explain SELECT c FROM sbtest6 WHERE id=6975306
	Index Scan using sbtest6_pkey on sbtest6  (cost=0.43..8.45 rows=1 width=121)
	  Index Cond: (id = 6975306)

table 7 : explain SELECT c FROM sbtest7 WHERE id=3796633
	Index Scan using sbtest7_pkey on sbtest7  (cost=0.43..8.45 rows=1 width=121)
	  Index Cond: (id = 3796633)

table 8 : explain SELECT c FROM sbtest8 WHERE id=4931284
	Index Scan using sbtest8_pkey on sbtest8  (cost=0.43..8.45 rows=1 width=121)
	  Index Cond: (id = 4931284)

for: sum_ranges
table 1 : explain SELECT SUM(k) FROM sbtest1 WHERE id BETWEEN 6368437 AND 6369436
	Aggregate  (cost=3776.87..3776.88 rows=1 width=8)
	  ->  Bitmap Heap Scan on sbtest1  (cost=30.42..3774.43 rows=974 width=4)
	        Recheck Cond: ((id >= 6368437) AND (id <= 6369436))
	        ->  Bitmap Index Scan on sbtest1_pkey  (cost=0.00..30.18 rows=974 width=0)
	              Index Cond: ((id >= 6368437) AND (id <= 6369436))

table 2 : explain SELECT SUM(k) FROM sbtest2 WHERE id BETWEEN 6886198 AND 6887197
	Aggregate  (cost=4562.21..4562.22 rows=1 width=8)
	  ->  Bitmap Heap Scan on sbtest2  (cost=36.56..4559.25 rows=1183 width=4)
	        Recheck Cond: ((id >= 6886198) AND (id <= 6887197))
	        ->  Bitmap Index Scan on sbtest2_pkey  (cost=0.00..36.27 rows=1183 width=0)
	              Index Cond: ((id >= 6886198) AND (id <= 6887197))

table 3 : explain SELECT SUM(k) FROM sbtest3 WHERE id BETWEEN 5432198 AND 5433197
	Aggregate  (cost=3762.69..3762.70 rows=1 width=8)
	  ->  Bitmap Heap Scan on sbtest3  (cost=30.37..3760.27 rows=969 width=4)
	        Recheck Cond: ((id >= 5432198) AND (id <= 5433197))
	        ->  Bitmap Index Scan on sbtest3_pkey  (cost=0.00..30.12 rows=969 width=0)
	              Index Cond: ((id >= 5432198) AND (id <= 5433197))

table 4 : explain SELECT SUM(k) FROM sbtest4 WHERE id BETWEEN 2158035 AND 2159034
	Aggregate  (cost=3856.09..3856.10 rows=1 width=8)
	  ->  Bitmap Heap Scan on sbtest4  (cost=30.62..3853.61 rows=994 width=4)
	        Recheck Cond: ((id >= 2158035) AND (id <= 2159034))
	        ->  Bitmap Index Scan on sbtest4_pkey  (cost=0.00..30.37 rows=994 width=0)
	              Index Cond: ((id >= 2158035) AND (id <= 2159034))

table 5 : explain SELECT SUM(k) FROM sbtest5 WHERE id BETWEEN 864858 AND 865857
	Aggregate  (cost=4348.66..4348.67 rows=1 width=8)
	  ->  Bitmap Heap Scan on sbtest5  (cost=31.99..4345.84 rows=1127 width=4)
	        Recheck Cond: ((id >= 864858) AND (id <= 865857))
	        ->  Bitmap Index Scan on sbtest5_pkey  (cost=0.00..31.70 rows=1127 width=0)
	              Index Cond: ((id >= 864858) AND (id <= 865857))

table 6 : explain SELECT SUM(k) FROM sbtest6 WHERE id BETWEEN 8424130 AND 8425129
	Aggregate  (cost=3361.06..3361.07 rows=1 width=8)
	  ->  Bitmap Heap Scan on sbtest6  (cost=25.30..3358.90 rows=865 width=4)
	        Recheck Cond: ((id >= 8424130) AND (id <= 8425129))
	        ->  Bitmap Index Scan on sbtest6_pkey  (cost=0.00..25.08 rows=865 width=0)
	              Index Cond: ((id >= 8424130) AND (id <= 8425129))

table 7 : explain SELECT SUM(k) FROM sbtest7 WHERE id BETWEEN 880671 AND 881670
	Aggregate  (cost=4031.56..4031.57 rows=1 width=8)
	  ->  Bitmap Heap Scan on sbtest7  (cost=31.09..4028.96 rows=1040 width=4)
	        Recheck Cond: ((id >= 880671) AND (id <= 881670))
	        ->  Bitmap Index Scan on sbtest7_pkey  (cost=0.00..30.83 rows=1040 width=0)
	              Index Cond: ((id >= 880671) AND (id <= 881670))

table 8 : explain SELECT SUM(k) FROM sbtest8 WHERE id BETWEEN 389591 AND 390590
	Aggregate  (cost=3862.34..3862.35 rows=1 width=8)
	  ->  Bitmap Heap Scan on sbtest8  (cost=30.65..3859.85 rows=997 width=4)
	        Recheck Cond: ((id >= 389591) AND (id <= 390590))
	        ->  Bitmap Index Scan on sbtest8_pkey  (cost=0.00..30.40 rows=997 width=0)
	              Index Cond: ((id >= 389591) AND (id <= 390590))

for: order_ranges
table 1 : explain SELECT c FROM sbtest1 WHERE id BETWEEN 191368 AND 192367 ORDER BY c
	Sort  (cost=3903.21..3905.70 rows=995 width=121)
	  Sort Key: c
	  ->  Bitmap Heap Scan on sbtest1  (cost=30.63..3853.67 rows=995 width=121)
	        Recheck Cond: ((id >= 191368) AND (id <= 192367))
	        ->  Bitmap Index Scan on sbtest1_pkey  (cost=0.00..30.39 rows=995 width=0)
	              Index Cond: ((id >= 191368) AND (id <= 192367))

table 2 : explain SELECT c FROM sbtest2 WHERE id BETWEEN 4427046 AND 4428045 ORDER BY c
	Sort  (cost=3813.90..3816.33 rows=972 width=121)
	  Sort Key: c
	  ->  Bitmap Heap Scan on sbtest2  (cost=30.40..3765.67 rows=972 width=121)
	        Recheck Cond: ((id >= 4427046) AND (id <= 4428045))
	        ->  Bitmap Index Scan on sbtest2_pkey  (cost=0.00..30.15 rows=972 width=0)
	              Index Cond: ((id >= 4427046) AND (id <= 4428045))

table 3 : explain SELECT c FROM sbtest3 WHERE id BETWEEN 9063136 AND 9064135 ORDER BY c
	Sort  (cost=3873.58..3876.05 rows=986 width=121)
	  Sort Key: c
	  ->  Bitmap Heap Scan on sbtest3  (cost=30.54..3824.55 rows=986 width=121)
	        Recheck Cond: ((id >= 9063136) AND (id <= 9064135))
	        ->  Bitmap Index Scan on sbtest3_pkey  (cost=0.00..30.29 rows=986 width=0)
	              Index Cond: ((id >= 9063136) AND (id <= 9064135))

table 4 : explain SELECT c FROM sbtest4 WHERE id BETWEEN 7987579 AND 7988578 ORDER BY c
	Sort  (cost=4198.02..4200.70 rows=1071 width=121)
	  Sort Key: c
	  ->  Bitmap Heap Scan on sbtest4  (cost=31.41..4144.12 rows=1071 width=121)
	        Recheck Cond: ((id >= 7987579) AND (id <= 7988578))
	        ->  Bitmap Index Scan on sbtest4_pkey  (cost=0.00..31.14 rows=1071 width=0)
	              Index Cond: ((id >= 7987579) AND (id <= 7988578))

table 5 : explain SELECT c FROM sbtest5 WHERE id BETWEEN 6775762 AND 6776761 ORDER BY c
	Sort  (cost=3760.59..3762.98 rows=959 width=121)
	  Sort Key: c
	  ->  Bitmap Heap Scan on sbtest5  (cost=26.26..3713.09 rows=959 width=121)
	        Recheck Cond: ((id >= 6775762) AND (id <= 6776761))
	        ->  Bitmap Index Scan on sbtest5_pkey  (cost=0.00..26.02 rows=959 width=0)
	              Index Cond: ((id >= 6775762) AND (id <= 6776761))

table 6 : explain SELECT c FROM sbtest6 WHERE id BETWEEN 5771145 AND 5772144 ORDER BY c
	Sort  (cost=3858.08..3860.53 rows=983 width=121)
	  Sort Key: c
	  ->  Bitmap Heap Scan on sbtest6  (cost=30.51..3809.22 rows=983 width=121)
	        Recheck Cond: ((id >= 5771145) AND (id <= 5772144))
	        ->  Bitmap Index Scan on sbtest6_pkey  (cost=0.00..30.26 rows=983 width=0)
	              Index Cond: ((id >= 5771145) AND (id <= 5772144))

table 7 : explain SELECT c FROM sbtest7 WHERE id BETWEEN 5552169 AND 5553168 ORDER BY c
	Sort  (cost=3885.50..3887.98 rows=989 width=121)
	  Sort Key: c
	  ->  Bitmap Heap Scan on sbtest7  (cost=30.57..3836.30 rows=989 width=121)
	        Recheck Cond: ((id >= 5552169) AND (id <= 5553168))
	        ->  Bitmap Index Scan on sbtest7_pkey  (cost=0.00..30.32 rows=989 width=0)
	              Index Cond: ((id >= 5552169) AND (id <= 5553168))

table 8 : explain SELECT c FROM sbtest8 WHERE id BETWEEN 2114180 AND 2115179 ORDER BY c
	Sort  (cost=3764.01..3766.40 rows=959 width=121)
	  Sort Key: c
	  ->  Bitmap Heap Scan on sbtest8  (cost=30.26..3716.51 rows=959 width=121)
	        Recheck Cond: ((id >= 2114180) AND (id <= 2115179))
	        ->  Bitmap Index Scan on sbtest8_pkey  (cost=0.00..30.02 rows=959 width=0)
	              Index Cond: ((id >= 2114180) AND (id <= 2115179))

for: distinct_ranges
table 1 : explain SELECT DISTINCT c FROM sbtest1 WHERE id BETWEEN 2240714 AND 2241713 ORDER BY c
	Unique  (cost=3473.45..3477.87 rows=884 width=121)
	  ->  Sort  (cost=3473.45..3475.66 rows=884 width=121)
	        Sort Key: c
	        ->  Bitmap Heap Scan on sbtest1  (cost=25.50..3430.19 rows=884 width=121)
	              Recheck Cond: ((id >= 2240714) AND (id <= 2241713))
	              ->  Bitmap Index Scan on sbtest1_pkey  (cost=0.00..25.27 rows=884 width=0)
	                    Index Cond: ((id >= 2240714) AND (id <= 2241713))

table 2 : explain SELECT DISTINCT c FROM sbtest2 WHERE id BETWEEN 5032777 AND 5033776 ORDER BY c
	Unique  (cost=3932.57..3937.58 rows=1003 width=121)
	  ->  Sort  (cost=3932.57..3935.08 rows=1003 width=121)
	        Sort Key: c
	        ->  Bitmap Heap Scan on sbtest2  (cost=30.72..3882.57 rows=1003 width=121)
	              Recheck Cond: ((id >= 5032777) AND (id <= 5033776))
	              ->  Bitmap Index Scan on sbtest2_pkey  (cost=0.00..30.46 rows=1003 width=0)
	                    Index Cond: ((id >= 5032777) AND (id <= 5033776))

table 3 : explain SELECT DISTINCT c FROM sbtest3 WHERE id BETWEEN 7777416 AND 7778415 ORDER BY c
	Unique  (cost=4187.86..4193.20 rows=1068 width=121)
	  ->  Sort  (cost=4187.86..4190.53 rows=1068 width=121)
	        Sort Key: c
	        ->  Bitmap Heap Scan on sbtest3  (cost=31.38..4134.13 rows=1068 width=121)
	              Recheck Cond: ((id >= 7777416) AND (id <= 7778415))
	              ->  Bitmap Index Scan on sbtest3_pkey  (cost=0.00..31.11 rows=1068 width=0)
	                    Index Cond: ((id >= 7777416) AND (id <= 7778415))

table 4 : explain SELECT DISTINCT c FROM sbtest4 WHERE id BETWEEN 4882500 AND 4883499 ORDER BY c
	Unique  (cost=3722.74..3727.47 rows=947 width=121)
	  ->  Sort  (cost=3722.74..3725.10 rows=947 width=121)
	        Sort Key: c
	        ->  Bitmap Heap Scan on sbtest4  (cost=30.14..3675.92 rows=947 width=121)
	              Recheck Cond: ((id >= 4882500) AND (id <= 4883499))
	              ->  Bitmap Index Scan on sbtest4_pkey  (cost=0.00..29.90 rows=947 width=0)
	                    Index Cond: ((id >= 4882500) AND (id <= 4883499))

table 5 : explain SELECT DISTINCT c FROM sbtest5 WHERE id BETWEEN 5779925 AND 5780924 ORDER BY c
	Unique  (cost=3944.56..3949.59 rows=1006 width=121)
	  ->  Sort  (cost=3944.56..3947.08 rows=1006 width=121)
	        Sort Key: c
	        ->  Bitmap Heap Scan on sbtest5  (cost=30.75..3894.39 rows=1006 width=121)
	              Recheck Cond: ((id >= 5779925) AND (id <= 5780924))
	              ->  Bitmap Index Scan on sbtest5_pkey  (cost=0.00..30.50 rows=1006 width=0)
	                    Index Cond: ((id >= 5779925) AND (id <= 5780924))

table 6 : explain SELECT DISTINCT c FROM sbtest6 WHERE id BETWEEN 8322777 AND 8323776 ORDER BY c
	Unique  (cost=3385.71..3390.01 rows=861 width=121)
	  ->  Sort  (cost=3385.71..3387.86 rows=861 width=121)
	        Sort Key: c
	        ->  Bitmap Heap Scan on sbtest6  (cost=25.26..3343.73 rows=861 width=121)
	              Recheck Cond: ((id >= 8322777) AND (id <= 8323776))
	              ->  Bitmap Index Scan on sbtest6_pkey  (cost=0.00..25.04 rows=861 width=0)
	                    Index Cond: ((id >= 8322777) AND (id <= 8323776))

table 7 : explain SELECT DISTINCT c FROM sbtest7 WHERE id BETWEEN 8733609 AND 8734608 ORDER BY c
	Unique  (cost=3558.88..3563.40 rows=904 width=121)
	  ->  Sort  (cost=3558.88..3561.14 rows=904 width=121)
	        Sort Key: c
	        ->  Bitmap Heap Scan on sbtest7  (cost=29.70..3514.49 rows=904 width=121)
	              Recheck Cond: ((id >= 8733609) AND (id <= 8734608))
	              ->  Bitmap Index Scan on sbtest7_pkey  (cost=0.00..29.47 rows=904 width=0)
	                    Index Cond: ((id >= 8733609) AND (id <= 8734608))

table 8 : explain SELECT DISTINCT c FROM sbtest8 WHERE id BETWEEN 7874206 AND 7875205 ORDER BY c
	Unique  (cost=3460.79..3465.19 rows=881 width=121)
	  ->  Sort  (cost=3460.79..3462.99 rows=881 width=121)
	        Sort Key: c
	        ->  Bitmap Heap Scan on sbtest8  (cost=25.47..3417.69 rows=881 width=121)
	              Recheck Cond: ((id >= 7874206) AND (id <= 7875205))
	              ->  Bitmap Index Scan on sbtest8_pkey  (cost=0.00..25.25 rows=881 width=0)
	                    Index Cond: ((id >= 7874206) AND (id <= 7875205))

for: distinct_ranges
table 1 : explain SELECT DISTINCT c FROM sbtest1 WHERE id BETWEEN 691375 AND 692374 ORDER BY c
	Unique  (cost=4021.85..4026.98 rows=1026 width=121)
	  ->  Sort  (cost=4021.85..4024.42 rows=1026 width=121)
	        Sort Key: c
	        ->  Bitmap Heap Scan on sbtest1  (cost=30.95..3970.54 rows=1026 width=121)
	              Recheck Cond: ((id >= 691375) AND (id <= 692374))
	              ->  Bitmap Index Scan on sbtest1_pkey  (cost=0.00..30.69 rows=1026 width=0)
	                    Index Cond: ((id >= 691375) AND (id <= 692374))

table 2 : explain SELECT DISTINCT c FROM sbtest2 WHERE id BETWEEN 5902317 AND 5903316 ORDER BY c
	Unique  (cost=3510.80..3515.27 rows=894 width=121)
	  ->  Sort  (cost=3510.80..3513.04 rows=894 width=121)
	        Sort Key: c
	        ->  Bitmap Heap Scan on sbtest2  (cost=25.60..3466.98 rows=894 width=121)
	              Recheck Cond: ((id >= 5902317) AND (id <= 5903316))
	              ->  Bitmap Index Scan on sbtest2_pkey  (cost=0.00..25.37 rows=894 width=0)
	                    Index Cond: ((id >= 5902317) AND (id <= 5903316))

table 3 : explain SELECT DISTINCT c FROM sbtest3 WHERE id BETWEEN 8329222 AND 8330221 ORDER BY c
	Unique  (cost=3773.77..3778.57 rows=960 width=121)
	  ->  Sort  (cost=3773.77..3776.17 rows=960 width=121)
	        Sort Key: c
	        ->  Bitmap Heap Scan on sbtest3  (cost=30.27..3726.22 rows=960 width=121)
	              Recheck Cond: ((id >= 8329222) AND (id <= 8330221))
	              ->  Bitmap Index Scan on sbtest3_pkey  (cost=0.00..30.04 rows=960 width=0)
	                    Index Cond: ((id >= 8329222) AND (id <= 8330221))

table 4 : explain SELECT DISTINCT c FROM sbtest4 WHERE id BETWEEN 2149128 AND 2150127 ORDER BY c
	Unique  (cost=3903.10..3908.07 rows=994 width=121)
	  ->  Sort  (cost=3903.10..3905.58 rows=994 width=121)
	        Sort Key: c
	        ->  Bitmap Heap Scan on sbtest4  (cost=30.62..3853.61 rows=994 width=121)
	              Recheck Cond: ((id >= 2149128) AND (id <= 2150127))
	              ->  Bitmap Index Scan on sbtest4_pkey  (cost=0.00..30.37 rows=994 width=0)
	                    Index Cond: ((id >= 2149128) AND (id <= 2150127))

table 5 : explain SELECT DISTINCT c FROM sbtest5 WHERE id BETWEEN 1878862 AND 1879861 ORDER BY c
	Unique  (cost=3856.52..3861.44 rows=983 width=121)
	  ->  Sort  (cost=3856.52..3858.98 rows=983 width=121)
	        Sort Key: c
	        ->  Bitmap Heap Scan on sbtest5  (cost=30.51..3807.66 rows=983 width=121)
	              Recheck Cond: ((id >= 1878862) AND (id <= 1879861))
	              ->  Bitmap Index Scan on sbtest5_pkey  (cost=0.00..30.26 rows=983 width=0)
	                    Index Cond: ((id >= 1878862) AND (id <= 1879861))

table 6 : explain SELECT DISTINCT c FROM sbtest6 WHERE id BETWEEN 9499509 AND 9500508 ORDER BY c
	Unique  (cost=4492.59..4498.34 rows=1150 width=121)
	  ->  Sort  (cost=4492.59..4495.46 rows=1150 width=121)
	        Sort Key: c
	        ->  Bitmap Heap Scan on sbtest6  (cost=32.22..4434.13 rows=1150 width=121)
	              Recheck Cond: ((id >= 9499509) AND (id <= 9500508))
	              ->  Bitmap Index Scan on sbtest6_pkey  (cost=0.00..31.93 rows=1150 width=0)
	                    Index Cond: ((id >= 9499509) AND (id <= 9500508))

table 7 : explain SELECT DISTINCT c FROM sbtest7 WHERE id BETWEEN 7129643 AND 7130642 ORDER BY c
	Unique  (cost=4073.41..4078.60 rows=1038 width=121)
	  ->  Sort  (cost=4073.41..4076.00 rows=1038 width=121)
	        Sort Key: c
	        ->  Bitmap Heap Scan on sbtest7  (cost=31.07..4021.41 rows=1038 width=121)
	              Recheck Cond: ((id >= 7129643) AND (id <= 7130642))
	              ->  Bitmap Index Scan on sbtest7_pkey  (cost=0.00..30.82 rows=1038 width=0)
	                    Index Cond: ((id >= 7129643) AND (id <= 7130642))

table 8 : explain SELECT DISTINCT c FROM sbtest8 WHERE id BETWEEN 4239819 AND 4240818 ORDER BY c
	Unique  (cost=3407.00..3411.34 rows=867 width=121)
	  ->  Sort  (cost=3407.00..3409.17 rows=867 width=121)
	        Sort Key: c
	        ->  Bitmap Heap Scan on sbtest8  (cost=25.32..3364.69 rows=867 width=121)
	              Recheck Cond: ((id >= 4239819) AND (id <= 4240818))
	              ->  Bitmap Index Scan on sbtest8_pkey  (cost=0.00..25.11 rows=867 width=0)
	                    Index Cond: ((id >= 4239819) AND (id <= 4240818))

for: distinct_ranges
table 1 : explain SELECT DISTINCT c FROM sbtest1 WHERE id BETWEEN 8407352 AND 8408351 ORDER BY c
	Unique  (cost=3765.29..3770.09 rows=959 width=121)
	  ->  Sort  (cost=3765.29..3767.69 rows=959 width=121)
	        Sort Key: c
	        ->  Bitmap Heap Scan on sbtest1  (cost=30.26..3717.80 rows=959 width=121)
	              Recheck Cond: ((id >= 8407352) AND (id <= 8408351))
	              ->  Bitmap Index Scan on sbtest1_pkey  (cost=0.00..30.02 rows=959 width=0)
	                    Index Cond: ((id >= 8407352) AND (id <= 8408351))

table 2 : explain SELECT DISTINCT c FROM sbtest2 WHERE id BETWEEN 974109 AND 975108 ORDER BY c
	Unique  (cost=4264.98..4270.43 rows=1090 width=121)
	  ->  Sort  (cost=4264.98..4267.71 rows=1090 width=121)
	        Sort Key: c
	        ->  Bitmap Heap Scan on sbtest2  (cost=31.61..4209.99 rows=1090 width=121)
	              Recheck Cond: ((id >= 974109) AND (id <= 975108))
	              ->  Bitmap Index Scan on sbtest2_pkey  (cost=0.00..31.33 rows=1090 width=0)
	                    Index Cond: ((id >= 974109) AND (id <= 975108))

table 3 : explain SELECT DISTINCT c FROM sbtest3 WHERE id BETWEEN 2553500 AND 2554499 ORDER BY c
	Unique  (cost=3858.23..3863.14 rows=982 width=121)
	  ->  Sort  (cost=3858.23..3860.69 rows=982 width=121)
	        Sort Key: c
	        ->  Bitmap Heap Scan on sbtest3  (cost=30.50..3809.43 rows=982 width=121)
	              Recheck Cond: ((id >= 2553500) AND (id <= 2554499))
	              ->  Bitmap Index Scan on sbtest3_pkey  (cost=0.00..30.25 rows=982 width=0)
	                    Index Cond: ((id >= 2553500) AND (id <= 2554499))

table 4 : explain SELECT DISTINCT c FROM sbtest4 WHERE id BETWEEN 7347563 AND 7348562 ORDER BY c
	Unique  (cost=3538.11..3542.61 rows=900 width=121)
	  ->  Sort  (cost=3538.11..3540.36 rows=900 width=121)
	        Sort Key: c
	        ->  Bitmap Heap Scan on sbtest4  (cost=25.66..3493.95 rows=900 width=121)
	              Recheck Cond: ((id >= 7347563) AND (id <= 7348562))
	              ->  Bitmap Index Scan on sbtest4_pkey  (cost=0.00..25.43 rows=900 width=0)
	                    Index Cond: ((id >= 7347563) AND (id <= 7348562))

table 5 : explain SELECT DISTINCT c FROM sbtest5 WHERE id BETWEEN 1356381 AND 1357380 ORDER BY c
	Unique  (cost=3890.98..3895.94 rows=992 width=121)
	  ->  Sort  (cost=3890.98..3893.46 rows=992 width=121)
	        Sort Key: c
	        ->  Bitmap Heap Scan on sbtest5  (cost=30.60..3841.61 rows=992 width=121)
	              Recheck Cond: ((id >= 1356381) AND (id <= 1357380))
	              ->  Bitmap Index Scan on sbtest5_pkey  (cost=0.00..30.36 rows=992 width=0)
	                    Index Cond: ((id >= 1356381) AND (id <= 1357380))

table 6 : explain SELECT DISTINCT c FROM sbtest6 WHERE id BETWEEN 1640324 AND 1641323 ORDER BY c
	Unique  (cost=3762.25..3767.04 rows=958 width=121)
	  ->  Sort  (cost=3762.25..3764.64 rows=958 width=121)
	        Sort Key: c
	        ->  Bitmap Heap Scan on sbtest6  (cost=30.25..3714.81 rows=958 width=121)
	              Recheck Cond: ((id >= 1640324) AND (id <= 1641323))
	              ->  Bitmap Index Scan on sbtest6_pkey  (cost=0.00..30.01 rows=958 width=0)
	                    Index Cond: ((id >= 1640324) AND (id <= 1641323))

table 7 : explain SELECT DISTINCT c FROM sbtest7 WHERE id BETWEEN 1604550 AND 1605549 ORDER BY c
	Unique  (cost=3981.41..3986.48 rows=1014 width=121)
	  ->  Sort  (cost=3981.41..3983.94 rows=1014 width=121)
	        Sort Key: c
	        ->  Bitmap Heap Scan on sbtest7  (cost=30.83..3930.78 rows=1014 width=121)
	              Recheck Cond: ((id >= 1604550) AND (id <= 1605549))
	              ->  Bitmap Index Scan on sbtest7_pkey  (cost=0.00..30.57 rows=1014 width=0)
	                    Index Cond: ((id >= 1604550) AND (id <= 1605549))

table 8 : explain SELECT DISTINCT c FROM sbtest8 WHERE id BETWEEN 4021050 AND 4022049 ORDER BY c
	Unique  (cost=3955.42..3960.46 rows=1009 width=121)
	  ->  Sort  (cost=3955.42..3957.94 rows=1009 width=121)
	        Sort Key: c
	        ->  Bitmap Heap Scan on sbtest8  (cost=30.78..3905.07 rows=1009 width=121)
	              Recheck Cond: ((id >= 4021050) AND (id <= 4022049))
	              ->  Bitmap Index Scan on sbtest8_pkey  (cost=0.00..30.52 rows=1009 width=0)
	                    Index Cond: ((id >= 4021050) AND (id <= 4022049))

for: sum_ranges
table 1 : explain SELECT SUM(k) FROM sbtest1 WHERE id BETWEEN 6025576 AND 6026575
	Aggregate  (cost=3991.95..3991.96 rows=1 width=8)
	  ->  Bitmap Heap Scan on sbtest1  (cost=31.00..3989.37 rows=1031 width=4)
	        Recheck Cond: ((id >= 6025576) AND (id <= 6026575))
	        ->  Bitmap Index Scan on sbtest1_pkey  (cost=0.00..30.75 rows=1031 width=0)
	              Index Cond: ((id >= 6025576) AND (id <= 6026575))

table 2 : explain SELECT SUM(k) FROM sbtest2 WHERE id BETWEEN 4423190 AND 4424189
	Aggregate  (cost=3768.10..3768.11 rows=1 width=8)
	  ->  Bitmap Heap Scan on sbtest2  (cost=30.40..3765.67 rows=972 width=4)
	        Recheck Cond: ((id >= 4423190) AND (id <= 4424189))
	        ->  Bitmap Index Scan on sbtest2_pkey  (cost=0.00..30.15 rows=972 width=0)
	              Index Cond: ((id >= 4423190) AND (id <= 4424189))

table 3 : explain SELECT SUM(k) FROM sbtest3 WHERE id BETWEEN 5998199 AND 5999198
	Aggregate  (cost=3982.01..3982.02 rows=1 width=8)
	  ->  Bitmap Heap Scan on sbtest3  (cost=30.96..3979.45 rows=1027 width=4)
	        Recheck Cond: ((id >= 5998199) AND (id <= 5999198))
	        ->  Bitmap Index Scan on sbtest3_pkey  (cost=0.00..30.70 rows=1027 width=0)
	              Index Cond: ((id >= 5998199) AND (id <= 5999198))

table 4 : explain SELECT SUM(k) FROM sbtest4 WHERE id BETWEEN 4251587 AND 4252586
	Aggregate  (cost=4007.20..4007.21 rows=1 width=8)
	  ->  Bitmap Heap Scan on sbtest4  (cost=31.03..4004.61 rows=1034 width=4)
	        Recheck Cond: ((id >= 4251587) AND (id <= 4252586))
	        ->  Bitmap Index Scan on sbtest4_pkey  (cost=0.00..30.77 rows=1034 width=0)
	              Index Cond: ((id >= 4251587) AND (id <= 4252586))

table 5 : explain SELECT SUM(k) FROM sbtest5 WHERE id BETWEEN 3151883 AND 3152882
	Aggregate  (cost=3779.92..3779.93 rows=1 width=8)
	  ->  Bitmap Heap Scan on sbtest5  (cost=30.43..3777.48 rows=975 width=4)
	        Recheck Cond: ((id >= 3151883) AND (id <= 3152882))
	        ->  Bitmap Index Scan on sbtest5_pkey  (cost=0.00..30.18 rows=975 width=0)
	              Index Cond: ((id >= 3151883) AND (id <= 3152882))

table 6 : explain SELECT SUM(k) FROM sbtest6 WHERE id BETWEEN 4281841 AND 4282840
	Aggregate  (cost=4105.91..4105.92 rows=1 width=8)
	  ->  Bitmap Heap Scan on sbtest6  (cost=31.31..4103.26 rows=1061 width=4)
	        Recheck Cond: ((id >= 4281841) AND (id <= 4282840))
	        ->  Bitmap Index Scan on sbtest6_pkey  (cost=0.00..31.04 rows=1061 width=0)
	              Index Cond: ((id >= 4281841) AND (id <= 4282840))

table 7 : explain SELECT SUM(k) FROM sbtest7 WHERE id BETWEEN 6206486 AND 6207485
	Aggregate  (cost=4005.11..4005.12 rows=1 width=8)
	  ->  Bitmap Heap Scan on sbtest7  (cost=31.02..4002.53 rows=1033 width=4)
	        Recheck Cond: ((id >= 6206486) AND (id <= 6207485))
	        ->  Bitmap Index Scan on sbtest7_pkey  (cost=0.00..30.76 rows=1033 width=0)
	              Index Cond: ((id >= 6206486) AND (id <= 6207485))

table 8 : explain SELECT SUM(k) FROM sbtest8 WHERE id BETWEEN 785782 AND 786781
	Aggregate  (cost=3632.00..3632.01 rows=1 width=8)
	  ->  Bitmap Heap Scan on sbtest8  (cost=30.03..3629.66 rows=936 width=4)
	        Recheck Cond: ((id >= 785782) AND (id <= 786781))
	        ->  Bitmap Index Scan on sbtest8_pkey  (cost=0.00..29.79 rows=936 width=0)
	              Index Cond: ((id >= 785782) AND (id <= 786781))

for point_selects
table 1 : explain SELECT c FROM sbtest1 WHERE id=7175369
	Index Scan using sbtest1_pkey on sbtest1  (cost=0.43..8.45 rows=1 width=121)
	  Index Cond: (id = 7175369)

table 2 : explain SELECT c FROM sbtest2 WHERE id=9709033
	Index Scan using sbtest2_pkey on sbtest2  (cost=0.43..8.45 rows=1 width=121)
	  Index Cond: (id = 9709033)

table 3 : explain SELECT c FROM sbtest3 WHERE id=273132
	Index Scan using sbtest3_pkey on sbtest3  (cost=0.43..8.45 rows=1 width=121)
	  Index Cond: (id = 273132)

table 4 : explain SELECT c FROM sbtest4 WHERE id=1188634
	Index Scan using sbtest4_pkey on sbtest4  (cost=0.43..8.45 rows=1 width=121)
	  Index Cond: (id = 1188634)

table 5 : explain SELECT c FROM sbtest5 WHERE id=2467357
	Index Scan using sbtest5_pkey on sbtest5  (cost=0.43..8.45 rows=1 width=121)
	  Index Cond: (id = 2467357)

table 6 : explain SELECT c FROM sbtest6 WHERE id=5925044
	Index Scan using sbtest6_pkey on sbtest6  (cost=0.43..8.45 rows=1 width=121)
	  Index Cond: (id = 5925044)

table 7 : explain SELECT c FROM sbtest7 WHERE id=4672142
	Index Scan using sbtest7_pkey on sbtest7  (cost=0.43..8.45 rows=1 width=121)
	  Index Cond: (id = 4672142)

table 8 : explain SELECT c FROM sbtest8 WHERE id=4972547
	Index Scan using sbtest8_pkey on sbtest8  (cost=0.43..8.45 rows=1 width=121)
	  Index Cond: (id = 4972547)

for: order_ranges
table 1 : explain SELECT c FROM sbtest1 WHERE id BETWEEN 8395105 AND 8396104 ORDER BY c
	Sort  (cost=3515.71..3517.95 rows=895 width=121)
	  Sort Key: c
	  ->  Bitmap Heap Scan on sbtest1  (cost=25.61..3471.83 rows=895 width=121)
	        Recheck Cond: ((id >= 8395105) AND (id <= 8396104))
	        ->  Bitmap Index Scan on sbtest1_pkey  (cost=0.00..25.39 rows=895 width=0)
	              Index Cond: ((id >= 8395105) AND (id <= 8396104))

table 2 : explain SELECT c FROM sbtest2 WHERE id BETWEEN 5320570 AND 5321569 ORDER BY c
	Sort  (cost=4012.89..4015.45 rows=1024 width=121)
	  Sort Key: c
	  ->  Bitmap Heap Scan on sbtest2  (cost=30.93..3961.69 rows=1024 width=121)
	        Recheck Cond: ((id >= 5320570) AND (id <= 5321569))
	        ->  Bitmap Index Scan on sbtest2_pkey  (cost=0.00..30.68 rows=1024 width=0)
	              Index Cond: ((id >= 5320570) AND (id <= 5321569))

table 3 : explain SELECT c FROM sbtest3 WHERE id BETWEEN 8372242 AND 8373241 ORDER BY c
	Sort  (cost=3773.77..3776.17 rows=960 width=121)
	  Sort Key: c
	  ->  Bitmap Heap Scan on sbtest3  (cost=30.27..3726.22 rows=960 width=121)
	        Recheck Cond: ((id >= 8372242) AND (id <= 8373241))
	        ->  Bitmap Index Scan on sbtest3_pkey  (cost=0.00..30.04 rows=960 width=0)
	              Index Cond: ((id >= 8372242) AND (id <= 8373241))

table 4 : explain SELECT c FROM sbtest4 WHERE id BETWEEN 2508149 AND 2509148 ORDER BY c
	Sort  (cost=4331.85..4334.61 rows=1106 width=121)
	  Sort Key: c
	  ->  Bitmap Heap Scan on sbtest4  (cost=31.77..4275.94 rows=1106 width=121)
	        Recheck Cond: ((id >= 2508149) AND (id <= 2509148))
	        ->  Bitmap Index Scan on sbtest4_pkey  (cost=0.00..31.50 rows=1106 width=0)
	              Index Cond: ((id >= 2508149) AND (id <= 2509148))

table 5 : explain SELECT c FROM sbtest5 WHERE id BETWEEN 8502444 AND 8503443 ORDER BY c
	Sort  (cost=3990.47..3993.02 rows=1018 width=121)
	  Sort Key: c
	  ->  Bitmap Heap Scan on sbtest5  (cost=30.87..3939.61 rows=1018 width=121)
	        Recheck Cond: ((id >= 8502444) AND (id <= 8503443))
	        ->  Bitmap Index Scan on sbtest5_pkey  (cost=0.00..30.61 rows=1018 width=0)
	              Index Cond: ((id >= 8502444) AND (id <= 8503443))

table 6 : explain SELECT c FROM sbtest6 WHERE id BETWEEN 6845450 AND 6846449 ORDER BY c
	Sort  (cost=3527.95..3530.19 rows=898 width=121)
	  Sort Key: c
	  ->  Bitmap Heap Scan on sbtest6  (cost=25.64..3483.90 rows=898 width=121)
	        Recheck Cond: ((id >= 6845450) AND (id <= 6846449))
	        ->  Bitmap Index Scan on sbtest6_pkey  (cost=0.00..25.41 rows=898 width=0)
	              Index Cond: ((id >= 6845450) AND (id <= 6846449))

table 7 : explain SELECT c FROM sbtest7 WHERE id BETWEEN 6209118 AND 6210117 ORDER BY c
	Sort  (cost=4054.25..4056.83 rows=1033 width=121)
	  Sort Key: c
	  ->  Bitmap Heap Scan on sbtest7  (cost=31.02..4002.53 rows=1033 width=121)
	        Recheck Cond: ((id >= 6209118) AND (id <= 6210117))
	        ->  Bitmap Index Scan on sbtest7_pkey  (cost=0.00..30.76 rows=1033 width=0)
	              Index Cond: ((id >= 6209118) AND (id <= 6210117))

table 8 : explain SELECT c FROM sbtest8 WHERE id BETWEEN 1599637 AND 1600636 ORDER BY c
	Sort  (cost=3702.69..3705.05 rows=943 width=121)
	  Sort Key: c
	  ->  Bitmap Heap Scan on sbtest8  (cost=30.10..3656.10 rows=943 width=121)
	        Recheck Cond: ((id >= 1599637) AND (id <= 1600636))
	        ->  Bitmap Index Scan on sbtest8_pkey  (cost=0.00..29.86 rows=943 width=0)
	              Index Cond: ((id >= 1599637) AND (id <= 1600636))

for: simple_ranges
table 1 : explain SELECT c FROM sbtest1 WHERE id BETWEEN 3385187 AND 3386186
	Bitmap Heap Scan on sbtest1  (cost=30.33..3740.45 rows=965 width=121)
	  Recheck Cond: ((id >= 3385187) AND (id <= 3386186))
	  ->  Bitmap Index Scan on sbtest1_pkey  (cost=0.00..30.08 rows=965 width=0)
	        Index Cond: ((id >= 3385187) AND (id <= 3386186))

table 2 : explain SELECT c FROM sbtest2 WHERE id BETWEEN 3327276 AND 3328275
	Bitmap Heap Scan on sbtest2  (cost=30.90..3950.39 rows=1021 width=121)
	  Recheck Cond: ((id >= 3327276) AND (id <= 3328275))
	  ->  Bitmap Index Scan on sbtest2_pkey  (cost=0.00..30.64 rows=1021 width=0)
	        Index Cond: ((id >= 3327276) AND (id <= 3328275))

table 3 : explain SELECT c FROM sbtest3 WHERE id BETWEEN 8731349 AND 8732348
	Bitmap Heap Scan on sbtest3  (cost=30.50..3809.43 rows=982 width=121)
	  Recheck Cond: ((id >= 8731349) AND (id <= 8732348))
	  ->  Bitmap Index Scan on sbtest3_pkey  (cost=0.00..30.25 rows=982 width=0)
	        Index Cond: ((id >= 8731349) AND (id <= 8732348))

table 4 : explain SELECT c FROM sbtest4 WHERE id BETWEEN 1650251 AND 1651250
	Bitmap Heap Scan on sbtest4  (cost=30.77..3906.48 rows=1008 width=121)
	  Recheck Cond: ((id >= 1650251) AND (id <= 1651250))
	  ->  Bitmap Index Scan on sbtest4_pkey  (cost=0.00..30.51 rows=1008 width=0)
	        Index Cond: ((id >= 1650251) AND (id <= 1651250))

table 5 : explain SELECT c FROM sbtest5 WHERE id BETWEEN 9050465 AND 9051464
	Bitmap Heap Scan on sbtest5  (cost=31.23..4071.41 rows=1053 width=121)
	  Recheck Cond: ((id >= 9050465) AND (id <= 9051464))
	  ->  Bitmap Index Scan on sbtest5_pkey  (cost=0.00..30.96 rows=1053 width=0)
	        Index Cond: ((id >= 9050465) AND (id <= 9051464))

table 6 : explain SELECT c FROM sbtest6 WHERE id BETWEEN 1164350 AND 1165349
	Bitmap Heap Scan on sbtest6  (cost=30.51..3809.22 rows=983 width=121)
	  Recheck Cond: ((id >= 1164350) AND (id <= 1165349))
	  ->  Bitmap Index Scan on sbtest6_pkey  (cost=0.00..30.26 rows=983 width=0)
	        Index Cond: ((id >= 1164350) AND (id <= 1165349))

table 7 : explain SELECT c FROM sbtest7 WHERE id BETWEEN 4329515 AND 4330514
	Bitmap Heap Scan on sbtest7  (cost=29.89..3582.72 rows=922 width=121)
	  Recheck Cond: ((id >= 4329515) AND (id <= 4330514))
	  ->  Bitmap Index Scan on sbtest7_pkey  (cost=0.00..29.65 rows=922 width=0)
	        Index Cond: ((id >= 4329515) AND (id <= 4330514))

table 8 : explain SELECT c FROM sbtest8 WHERE id BETWEEN 6990668 AND 6991667
	Bitmap Heap Scan on sbtest8  (cost=30.45..3784.43 rows=977 width=121)
	  Recheck Cond: ((id >= 6990668) AND (id <= 6991667))
	  ->  Bitmap Index Scan on sbtest8_pkey  (cost=0.00..30.20 rows=977 width=0)
	        Index Cond: ((id >= 6990668) AND (id <= 6991667))

for: distinct_ranges
table 1 : explain SELECT DISTINCT c FROM sbtest1 WHERE id BETWEEN 83892 AND 84891 ORDER BY c
	Unique  (cost=3884.07..3889.02 rows=990 width=121)
	  ->  Sort  (cost=3884.07..3886.54 rows=990 width=121)
	        Sort Key: c
	        ->  Bitmap Heap Scan on sbtest1  (cost=30.58..3834.81 rows=990 width=121)
	              Recheck Cond: ((id >= 83892) AND (id <= 84891))
	              ->  Bitmap Index Scan on sbtest1_pkey  (cost=0.00..30.33 rows=990 width=0)
	                    Index Cond: ((id >= 83892) AND (id <= 84891))

table 2 : explain SELECT DISTINCT c FROM sbtest2 WHERE id BETWEEN 9226878 AND 9227877 ORDER BY c
	Unique  (cost=3587.57..3592.14 rows=914 width=121)
	  ->  Sort  (cost=3587.57..3589.85 rows=914 width=121)
	        Sort Key: c
	        ->  Bitmap Heap Scan on sbtest2  (cost=25.80..3542.62 rows=914 width=121)
	              Recheck Cond: ((id >= 9226878) AND (id <= 9227877))
	              ->  Bitmap Index Scan on sbtest2_pkey  (cost=0.00..25.57 rows=914 width=0)
	                    Index Cond: ((id >= 9226878) AND (id <= 9227877))

table 3 : explain SELECT DISTINCT c FROM sbtest3 WHERE id BETWEEN 3887998 AND 3888997 ORDER BY c
	Unique  (cost=3735.36..3740.11 rows=950 width=121)
	  ->  Sort  (cost=3735.36..3737.74 rows=950 width=121)
	        Sort Key: c
	        ->  Bitmap Heap Scan on sbtest3  (cost=30.17..3688.38 rows=950 width=121)
	              Recheck Cond: ((id >= 3887998) AND (id <= 3888997))
	              ->  Bitmap Index Scan on sbtest3_pkey  (cost=0.00..29.93 rows=950 width=0)
	                    Index Cond: ((id >= 3887998) AND (id <= 3888997))

table 4 : explain SELECT DISTINCT c FROM sbtest4 WHERE id BETWEEN 7674468 AND 7675467 ORDER BY c
	Unique  (cost=4132.96..4138.23 rows=1054 width=121)
	  ->  Sort  (cost=4132.96..4135.60 rows=1054 width=121)
	        Sort Key: c
	        ->  Bitmap Heap Scan on sbtest4  (cost=31.24..4080.04 rows=1054 width=121)
	              Recheck Cond: ((id >= 7674468) AND (id <= 7675467))
	              ->  Bitmap Index Scan on sbtest4_pkey  (cost=0.00..30.97 rows=1054 width=0)
	                    Index Cond: ((id >= 7674468) AND (id <= 7675467))

table 5 : explain SELECT DISTINCT c FROM sbtest5 WHERE id BETWEEN 7150702 AND 7151701 ORDER BY c
	Unique  (cost=4173.94..4179.27 rows=1066 width=121)
	  ->  Sort  (cost=4173.94..4176.60 rows=1066 width=121)
	        Sort Key: c
	        ->  Bitmap Heap Scan on sbtest5  (cost=31.36..4120.33 rows=1066 width=121)
	              Recheck Cond: ((id >= 7150702) AND (id <= 7151701))
	              ->  Bitmap Index Scan on sbtest5_pkey  (cost=0.00..31.09 rows=1066 width=0)
	                    Index Cond: ((id >= 7150702) AND (id <= 7151701))

table 6 : explain SELECT DISTINCT c FROM sbtest6 WHERE id BETWEEN 5782734 AND 5783733 ORDER BY c
	Unique  (cost=3858.08..3862.99 rows=983 width=121)
	  ->  Sort  (cost=3858.08..3860.53 rows=983 width=121)
	        Sort Key: c
	        ->  Bitmap Heap Scan on sbtest6  (cost=30.51..3809.22 rows=983 width=121)
	              Recheck Cond: ((id >= 5782734) AND (id <= 5783733))
	              ->  Bitmap Index Scan on sbtest6_pkey  (cost=0.00..30.26 rows=983 width=0)
	                    Index Cond: ((id >= 5782734) AND (id <= 5783733))

table 7 : explain SELECT DISTINCT c FROM sbtest7 WHERE id BETWEEN 5187404 AND 5188403 ORDER BY c
	Unique  (cost=3689.63..3694.32 rows=938 width=121)
	  ->  Sort  (cost=3689.63..3691.98 rows=938 width=121)
	        Sort Key: c
	        ->  Bitmap Heap Scan on sbtest7  (cost=30.05..3643.33 rows=938 width=121)
	              Recheck Cond: ((id >= 5187404) AND (id <= 5188403))
	              ->  Bitmap Index Scan on sbtest7_pkey  (cost=0.00..29.82 rows=938 width=0)
	                    Index Cond: ((id >= 5187404) AND (id <= 5188403))

table 8 : explain SELECT DISTINCT c FROM sbtest8 WHERE id BETWEEN 1935217 AND 1936216 ORDER BY c
	Unique  (cost=3721.86..3726.60 rows=948 width=121)
	  ->  Sort  (cost=3721.86..3724.23 rows=948 width=121)
	        Sort Key: c
	        ->  Bitmap Heap Scan on sbtest8  (cost=30.15..3674.98 rows=948 width=121)
	              Recheck Cond: ((id >= 1935217) AND (id <= 1936216))
	              ->  Bitmap Index Scan on sbtest8_pkey  (cost=0.00..29.91 rows=948 width=0)
	                    Index Cond: ((id >= 1935217) AND (id <= 1936216))

explain: for point_selects :: explain SELECT c FROM sbtest%u WHERE id=%u
for: order_ranges
table 1 : explain SELECT c FROM sbtest1 WHERE id BETWEEN 3591473 AND 3592472 ORDER BY c
	Sort  (cost=3926.18..3928.69 rows=1001 width=121)
	  Sort Key: c
	  ->  Bitmap Heap Scan on sbtest1  (cost=30.70..3876.30 rows=1001 width=121)
	        Recheck Cond: ((id >= 3591473) AND (id <= 3592472))
	        ->  Bitmap Index Scan on sbtest1_pkey  (cost=0.00..30.44 rows=1001 width=0)
	              Index Cond: ((id >= 3591473) AND (id <= 3592472))

table 2 : explain SELECT c FROM sbtest2 WHERE id BETWEEN 1479031 AND 1480030 ORDER BY c
	Sort  (cost=3737.28..3739.66 rows=952 width=121)
	  Sort Key: c
	  ->  Bitmap Heap Scan on sbtest2  (cost=30.19..3690.18 rows=952 width=121)
	        Recheck Cond: ((id >= 1479031) AND (id <= 1480030))
	        ->  Bitmap Index Scan on sbtest2_pkey  (cost=0.00..29.95 rows=952 width=0)
	              Index Cond: ((id >= 1479031) AND (id <= 1480030))

table 3 : explain SELECT c FROM sbtest3 WHERE id BETWEEN 3250516 AND 3251515 ORDER BY c
	Sort  (cost=4053.81..4056.39 rows=1033 width=121)
	  Sort Key: c
	  ->  Bitmap Heap Scan on sbtest3  (cost=31.02..4002.10 rows=1033 width=121)
	        Recheck Cond: ((id >= 3250516) AND (id <= 3251515))
	        ->  Bitmap Index Scan on sbtest3_pkey  (cost=0.00..30.76 rows=1033 width=0)
	              Index Cond: ((id >= 3250516) AND (id <= 3251515))

table 4 : explain SELECT c FROM sbtest4 WHERE id BETWEEN 783602 AND 784601 ORDER BY c
	Sort  (cost=4018.08..4020.64 rows=1024 width=121)
	  Sort Key: c
	  ->  Bitmap Heap Scan on sbtest4  (cost=30.93..3966.88 rows=1024 width=121)
	        Recheck Cond: ((id >= 783602) AND (id <= 784601))
	        ->  Bitmap Index Scan on sbtest4_pkey  (cost=0.00..30.68 rows=1024 width=0)
	              Index Cond: ((id >= 783602) AND (id <= 784601))

table 5 : explain SELECT c FROM sbtest5 WHERE id BETWEEN 5304508 AND 5305507 ORDER BY c
	Sort  (cost=3799.07..3801.49 rows=968 width=121)
	  Sort Key: c
	  ->  Bitmap Heap Scan on sbtest5  (cost=30.36..3751.06 rows=968 width=121)
	        Recheck Cond: ((id >= 5304508) AND (id <= 5305507))
	        ->  Bitmap Index Scan on sbtest5_pkey  (cost=0.00..30.11 rows=968 width=0)
	              Index Cond: ((id >= 5304508) AND (id <= 5305507))

table 6 : explain SELECT c FROM sbtest6 WHERE id BETWEEN 9239193 AND 9240192 ORDER BY c
	Sort  (cost=4087.76..4090.36 rows=1043 width=121)
	  Sort Key: c
	  ->  Bitmap Heap Scan on sbtest6  (cost=31.13..4035.47 rows=1043 width=121)
	        Recheck Cond: ((id >= 9239193) AND (id <= 9240192))
	        ->  Bitmap Index Scan on sbtest6_pkey  (cost=0.00..30.86 rows=1043 width=0)
	              Index Cond: ((id >= 9239193) AND (id <= 9240192))

table 7 : explain SELECT c FROM sbtest7 WHERE id BETWEEN 4247238 AND 4248237 ORDER BY c
	Sort  (cost=4195.97..4198.65 rows=1070 width=121)
	  Sort Key: c
	  ->  Bitmap Heap Scan on sbtest7  (cost=31.40..4142.13 rows=1070 width=121)
	        Recheck Cond: ((id >= 4247238) AND (id <= 4248237))
	        ->  Bitmap Index Scan on sbtest7_pkey  (cost=0.00..31.14 rows=1070 width=0)
	              Index Cond: ((id >= 4247238) AND (id <= 4248237))

table 8 : explain SELECT c FROM sbtest8 WHERE id BETWEEN 9489210 AND 9490209 ORDER BY c
	Sort  (cost=3618.33..3620.63 rows=921 width=121)
	  Sort Key: c
	  ->  Bitmap Heap Scan on sbtest8  (cost=29.88..3572.98 rows=921 width=121)
	        Recheck Cond: ((id >= 9489210) AND (id <= 9490209))
	        ->  Bitmap Index Scan on sbtest8_pkey  (cost=0.00..29.64 rows=921 width=0)
	              Index Cond: ((id >= 9489210) AND (id <= 9490209))

for: distinct_ranges
table 1 : explain SELECT DISTINCT c FROM sbtest1 WHERE id BETWEEN 6779895 AND 6780894 ORDER BY c
	Unique  (cost=3857.26..3862.17 rows=983 width=121)
	  ->  Sort  (cost=3857.26..3859.71 rows=983 width=121)
	        Sort Key: c
	        ->  Bitmap Heap Scan on sbtest1  (cost=30.51..3808.40 rows=983 width=121)
	              Recheck Cond: ((id >= 6779895) AND (id <= 6780894))
	              ->  Bitmap Index Scan on sbtest1_pkey  (cost=0.00..30.26 rows=983 width=0)
	                    Index Cond: ((id >= 6779895) AND (id <= 6780894))

table 2 : explain SELECT DISTINCT c FROM sbtest2 WHERE id BETWEEN 6928040 AND 6929039 ORDER BY c
	Unique  (cost=3989.95..3995.04 rows=1018 width=121)
	  ->  Sort  (cost=3989.95..3992.49 rows=1018 width=121)
	        Sort Key: c
	        ->  Bitmap Heap Scan on sbtest2  (cost=30.87..3939.09 rows=1018 width=121)
	              Recheck Cond: ((id >= 6928040) AND (id <= 6929039))
	              ->  Bitmap Index Scan on sbtest2_pkey  (cost=0.00..30.61 rows=1018 width=0)
	                    Index Cond: ((id >= 6928040) AND (id <= 6929039))

table 3 : explain SELECT DISTINCT c FROM sbtest3 WHERE id BETWEEN 3268644 AND 3269643 ORDER BY c
	Unique  (cost=4053.81..4058.98 rows=1033 width=121)
	  ->  Sort  (cost=4053.81..4056.39 rows=1033 width=121)
	        Sort Key: c
	        ->  Bitmap Heap Scan on sbtest3  (cost=31.02..4002.10 rows=1033 width=121)
	              Recheck Cond: ((id >= 3268644) AND (id <= 3269643))
	              ->  Bitmap Index Scan on sbtest3_pkey  (cost=0.00..30.76 rows=1033 width=0)
	                    Index Cond: ((id >= 3268644) AND (id <= 3269643))

table 4 : explain SELECT DISTINCT c FROM sbtest4 WHERE id BETWEEN 6848362 AND 6849361 ORDER BY c
	Unique  (cost=3699.69..3704.40 rows=941 width=121)
	  ->  Sort  (cost=3699.69..3702.05 rows=941 width=121)
	        Sort Key: c
	        ->  Bitmap Heap Scan on sbtest4  (cost=30.08..3653.22 rows=941 width=121)
	              Recheck Cond: ((id >= 6848362) AND (id <= 6849361))
	              ->  Bitmap Index Scan on sbtest4_pkey  (cost=0.00..29.84 rows=941 width=0)
	                    Index Cond: ((id >= 6848362) AND (id <= 6849361))

table 5 : explain SELECT DISTINCT c FROM sbtest5 WHERE id BETWEEN 3489693 AND 3490692 ORDER BY c
	Unique  (cost=3875.67..3880.61 rows=988 width=121)
	  ->  Sort  (cost=3875.67..3878.14 rows=988 width=121)
	        Sort Key: c
	        ->  Bitmap Heap Scan on sbtest5  (cost=30.56..3826.52 rows=988 width=121)
	              Recheck Cond: ((id >= 3489693) AND (id <= 3490692))
	              ->  Bitmap Index Scan on sbtest5_pkey  (cost=0.00..30.32 rows=988 width=0)
	                    Index Cond: ((id >= 3489693) AND (id <= 3490692))

table 6 : explain SELECT DISTINCT c FROM sbtest6 WHERE id BETWEEN 9987512 AND 9988511 ORDER BY c
	Unique  (cost=4278.84..4284.30 rows=1093 width=121)
	  ->  Sort  (cost=4278.84..4281.57 rows=1093 width=121)
	        Sort Key: c
	        ->  Bitmap Heap Scan on sbtest6  (cost=31.64..4223.67 rows=1093 width=121)
	              Recheck Cond: ((id >= 9987512) AND (id <= 9988511))
	              ->  Bitmap Index Scan on sbtest6_pkey  (cost=0.00..31.36 rows=1093 width=0)
	                    Index Cond: ((id >= 9987512) AND (id <= 9988511))

table 7 : explain SELECT DISTINCT c FROM sbtest7 WHERE id BETWEEN 4422621 AND 4423620 ORDER BY c
	Unique  (cost=4222.77..4228.15 rows=1077 width=121)
	  ->  Sort  (cost=4222.77..4225.46 rows=1077 width=121)
	        Sort Key: c
	        ->  Bitmap Heap Scan on sbtest7  (cost=31.47..4168.53 rows=1077 width=121)
	              Recheck Cond: ((id >= 4422621) AND (id <= 4423620))
	              ->  Bitmap Index Scan on sbtest7_pkey  (cost=0.00..31.20 rows=1077 width=0)
	                    Index Cond: ((id >= 4422621) AND (id <= 4423620))

table 8 : explain SELECT DISTINCT c FROM sbtest8 WHERE id BETWEEN 2705939 AND 2706938 ORDER BY c
	Unique  (cost=4016.60..4021.73 rows=1025 width=121)
	  ->  Sort  (cost=4016.60..4019.17 rows=1025 width=121)
	        Sort Key: c
	        ->  Bitmap Heap Scan on sbtest8  (cost=30.94..3965.35 rows=1025 width=121)
	              Recheck Cond: ((id >= 2705939) AND (id <= 2706938))
	              ->  Bitmap Index Scan on sbtest8_pkey  (cost=0.00..30.68 rows=1025 width=0)
	                    Index Cond: ((id >= 2705939) AND (id <= 2706938))

for: sum_ranges
table 1 : explain SELECT SUM(k) FROM sbtest1 WHERE id BETWEEN 6186125 AND 6187124
	Aggregate  (cost=3633.24..3633.25 rows=1 width=8)
	  ->  Bitmap Heap Scan on sbtest1  (cost=30.03..3630.90 rows=936 width=4)
	        Recheck Cond: ((id >= 6186125) AND (id <= 6187124))
	        ->  Bitmap Index Scan on sbtest1_pkey  (cost=0.00..29.79 rows=936 width=0)
	              Index Cond: ((id >= 6186125) AND (id <= 6187124))

table 2 : explain SELECT SUM(k) FROM sbtest2 WHERE id BETWEEN 3167894 AND 3168893
	Aggregate  (cost=3594.29..3594.30 rows=1 width=8)
	  ->  Bitmap Heap Scan on sbtest2  (cost=29.93..3591.97 rows=926 width=4)
	        Recheck Cond: ((id >= 3167894) AND (id <= 3168893))
	        ->  Bitmap Index Scan on sbtest2_pkey  (cost=0.00..29.69 rows=926 width=0)
	              Index Cond: ((id >= 3167894) AND (id <= 3168893))

table 3 : explain SELECT SUM(k) FROM sbtest3 WHERE id BETWEEN 6186317 AND 6187316
	Aggregate  (cost=4076.42..4076.43 rows=1 width=8)
	  ->  Bitmap Heap Scan on sbtest3  (cost=31.22..4073.79 rows=1052 width=4)
	        Recheck Cond: ((id >= 6186317) AND (id <= 6187316))
	        ->  Bitmap Index Scan on sbtest3_pkey  (cost=0.00..30.95 rows=1052 width=0)
	              Index Cond: ((id >= 6186317) AND (id <= 6187316))

table 4 : explain SELECT SUM(k) FROM sbtest4 WHERE id BETWEEN 6439632 AND 6440631
	Aggregate  (cost=3878.77..3878.78 rows=1 width=8)
	  ->  Bitmap Heap Scan on sbtest4  (cost=30.68..3876.27 rows=1000 width=4)
	        Recheck Cond: ((id >= 6439632) AND (id <= 6440631))
	        ->  Bitmap Index Scan on sbtest4_pkey  (cost=0.00..30.43 rows=1000 width=0)
	              Index Cond: ((id >= 6439632) AND (id <= 6440631))

table 5 : explain SELECT SUM(k) FROM sbtest5 WHERE id BETWEEN 9532715 AND 9533714
	Aggregate  (cost=4017.54..4017.55 rows=1 width=8)
	  ->  Bitmap Heap Scan on sbtest5  (cost=31.07..4014.95 rows=1038 width=4)
	        Recheck Cond: ((id >= 9532715) AND (id <= 9533714))
	        ->  Bitmap Index Scan on sbtest5_pkey  (cost=0.00..30.82 rows=1038 width=0)
	              Index Cond: ((id >= 9532715) AND (id <= 9533714))

table 6 : explain SELECT SUM(k) FROM sbtest6 WHERE id BETWEEN 2907508 AND 2908507
	Aggregate  (cost=3728.54..3728.55 rows=1 width=8)
	  ->  Bitmap Heap Scan on sbtest6  (cost=30.29..3726.14 rows=961 width=4)
	        Recheck Cond: ((id >= 2907508) AND (id <= 2908507))
	        ->  Bitmap Index Scan on sbtest6_pkey  (cost=0.00..30.04 rows=961 width=0)
	              Index Cond: ((id >= 2907508) AND (id <= 2908507))

table 7 : explain SELECT SUM(k) FROM sbtest7 WHERE id BETWEEN 4741462 AND 4742461
	Aggregate  (cost=3978.67..3978.68 rows=1 width=8)
	  ->  Bitmap Heap Scan on sbtest7  (cost=30.95..3976.10 rows=1026 width=4)
	        Recheck Cond: ((id >= 4741462) AND (id <= 4742461))
	        ->  Bitmap Index Scan on sbtest7_pkey  (cost=0.00..30.69 rows=1026 width=0)
	              Index Cond: ((id >= 4741462) AND (id <= 4742461))

table 8 : explain SELECT SUM(k) FROM sbtest8 WHERE id BETWEEN 8208401 AND 8209400
	Aggregate  (cost=3613.10..3613.11 rows=1 width=8)
	  ->  Bitmap Heap Scan on sbtest8  (cost=29.98..3610.77 rows=931 width=4)
	        Recheck Cond: ((id >= 8208401) AND (id <= 8209400))
	        ->  Bitmap Index Scan on sbtest8_pkey  (cost=0.00..29.75 rows=931 width=0)
	              Index Cond: ((id >= 8208401) AND (id <= 8209400))

for: distinct_ranges
table 1 : explain SELECT DISTINCT c FROM sbtest1 WHERE id BETWEEN 336759 AND 337758 ORDER BY c
	Unique  (cost=3903.21..3908.19 rows=995 width=121)
	  ->  Sort  (cost=3903.21..3905.70 rows=995 width=121)
	        Sort Key: c
	        ->  Bitmap Heap Scan on sbtest1  (cost=30.63..3853.67 rows=995 width=121)
	              Recheck Cond: ((id >= 336759) AND (id <= 337758))
	              ->  Bitmap Index Scan on sbtest1_pkey  (cost=0.00..30.39 rows=995 width=0)
	                    Index Cond: ((id >= 336759) AND (id <= 337758))

table 2 : explain SELECT DISTINCT c FROM sbtest2 WHERE id BETWEEN 8073038 AND 8074037 ORDER BY c
	Unique  (cost=4001.42..4006.52 rows=1021 width=121)
	  ->  Sort  (cost=4001.42..4003.97 rows=1021 width=121)
	        Sort Key: c
	        ->  Bitmap Heap Scan on sbtest2  (cost=30.90..3950.39 rows=1021 width=121)
	              Recheck Cond: ((id >= 8073038) AND (id <= 8074037))
	              ->  Bitmap Index Scan on sbtest2_pkey  (cost=0.00..30.64 rows=1021 width=0)
	                    Index Cond: ((id >= 8073038) AND (id <= 8074037))

table 3 : explain SELECT DISTINCT c FROM sbtest3 WHERE id BETWEEN 2970556 AND 2971555 ORDER BY c
	Unique  (cost=3839.04..3843.93 rows=977 width=121)
	  ->  Sort  (cost=3839.04..3841.49 rows=977 width=121)
	        Sort Key: c
	        ->  Bitmap Heap Scan on sbtest3  (cost=30.45..3790.52 rows=977 width=121)
	              Recheck Cond: ((id >= 2970556) AND (id <= 2971555))
	              ->  Bitmap Index Scan on sbtest3_pkey  (cost=0.00..30.20 rows=977 width=0)
	                    Index Cond: ((id >= 2970556) AND (id <= 2971555))

table 4 : explain SELECT DISTINCT c FROM sbtest4 WHERE id BETWEEN 7218640 AND 7219639 ORDER BY c
	Unique  (cost=3799.52..3804.35 rows=967 width=121)
	  ->  Sort  (cost=3799.52..3801.93 rows=967 width=121)
	        Sort Key: c
	        ->  Bitmap Heap Scan on sbtest4  (cost=30.35..3751.57 rows=967 width=121)
	              Recheck Cond: ((id >= 7218640) AND (id <= 7219639))
	              ->  Bitmap Index Scan on sbtest4_pkey  (cost=0.00..30.11 rows=967 width=0)
	                    Index Cond: ((id >= 7218640) AND (id <= 7219639))

table 5 : explain SELECT DISTINCT c FROM sbtest5 WHERE id BETWEEN 3745364 AND 3746363 ORDER BY c
	Unique  (cost=3799.07..3803.91 rows=968 width=121)
	  ->  Sort  (cost=3799.07..3801.49 rows=968 width=121)
	        Sort Key: c
	        ->  Bitmap Heap Scan on sbtest5  (cost=30.36..3751.06 rows=968 width=121)
	              Recheck Cond: ((id >= 3745364) AND (id <= 3746363))
	              ->  Bitmap Index Scan on sbtest5_pkey  (cost=0.00..30.11 rows=968 width=0)
	                    Index Cond: ((id >= 3745364) AND (id <= 3746363))

table 6 : explain SELECT DISTINCT c FROM sbtest6 WHERE id BETWEEN 8913072 AND 8914071 ORDER BY c
	Unique  (cost=3493.37..3497.81 rows=889 width=121)
	  ->  Sort  (cost=3493.37..3495.59 rows=889 width=121)
	        Sort Key: c
	        ->  Bitmap Heap Scan on sbtest6  (cost=25.55..3449.82 rows=889 width=121)
	              Recheck Cond: ((id >= 8913072) AND (id <= 8914071))
	              ->  Bitmap Index Scan on sbtest6_pkey  (cost=0.00..25.32 rows=889 width=0)
	                    Index Cond: ((id >= 8913072) AND (id <= 8914071))

table 7 : explain SELECT DISTINCT c FROM sbtest7 WHERE id BETWEEN 6557010 AND 6558009 ORDER BY c
	Unique  (cost=3774.16..3778.96 rows=960 width=121)
	  ->  Sort  (cost=3774.16..3776.56 rows=960 width=121)
	        Sort Key: c
	        ->  Bitmap Heap Scan on sbtest7  (cost=30.27..3726.61 rows=960 width=121)
	              Recheck Cond: ((id >= 6557010) AND (id <= 6558009))
	              ->  Bitmap Index Scan on sbtest7_pkey  (cost=0.00..30.04 rows=960 width=0)
	                    Index Cond: ((id >= 6557010) AND (id <= 6558009))

table 8 : explain SELECT DISTINCT c FROM sbtest8 WHERE id BETWEEN 7945646 AND 7946645 ORDER BY c
	Unique  (cost=3487.67..3492.11 rows=888 width=121)
	  ->  Sort  (cost=3487.67..3489.89 rows=888 width=121)
	        Sort Key: c
	        ->  Bitmap Heap Scan on sbtest8  (cost=25.54..3444.19 rows=888 width=121)
	              Recheck Cond: ((id >= 7945646) AND (id <= 7946645))
	              ->  Bitmap Index Scan on sbtest8_pkey  (cost=0.00..25.32 rows=888 width=0)
	                    Index Cond: ((id >= 7945646) AND (id <= 7946645))

for: simple_ranges
table 1 : explain SELECT c FROM sbtest1 WHERE id BETWEEN 2879882 AND 2880881
	Bitmap Heap Scan on sbtest1  (cost=31.61..4211.43 rows=1090 width=121)
	  Recheck Cond: ((id >= 2879882) AND (id <= 2880881))
	  ->  Bitmap Index Scan on sbtest1_pkey  (cost=0.00..31.33 rows=1090 width=0)
	        Index Cond: ((id >= 2879882) AND (id <= 2880881))

table 2 : explain SELECT c FROM sbtest2 WHERE id BETWEEN 7449091 AND 7450090
	Bitmap Heap Scan on sbtest2  (cost=25.74..3519.93 rows=908 width=121)
	  Recheck Cond: ((id >= 7449091) AND (id <= 7450090))
	  ->  Bitmap Index Scan on sbtest2_pkey  (cost=0.00..25.51 rows=908 width=0)
	        Index Cond: ((id >= 7449091) AND (id <= 7450090))

table 3 : explain SELECT c FROM sbtest3 WHERE id BETWEEN 1024893 AND 1025892
	Bitmap Heap Scan on sbtest3  (cost=36.18..4431.87 rows=1146 width=121)
	  Recheck Cond: ((id >= 1024893) AND (id <= 1025892))
	  ->  Bitmap Index Scan on sbtest3_pkey  (cost=0.00..35.90 rows=1146 width=0)
	        Index Cond: ((id >= 1024893) AND (id <= 1025892))

table 4 : explain SELECT c FROM sbtest4 WHERE id BETWEEN 562394 AND 563393
	Bitmap Heap Scan on sbtest4  (cost=31.80..4287.23 rows=1109 width=121)
	  Recheck Cond: ((id >= 562394) AND (id <= 563393))
	  ->  Bitmap Index Scan on sbtest4_pkey  (cost=0.00..31.52 rows=1109 width=0)
	        Index Cond: ((id >= 562394) AND (id <= 563393))

table 5 : explain SELECT c FROM sbtest5 WHERE id BETWEEN 6427947 AND 6428946
	Bitmap Heap Scan on sbtest5  (cost=30.94..3965.99 rows=1025 width=121)
	  Recheck Cond: ((id >= 6427947) AND (id <= 6428946))
	  ->  Bitmap Index Scan on sbtest5_pkey  (cost=0.00..30.68 rows=1025 width=0)
	        Index Cond: ((id >= 6427947) AND (id <= 6428946))

table 6 : explain SELECT c FROM sbtest6 WHERE id BETWEEN 3350167 AND 3351166
	Bitmap Heap Scan on sbtest6  (cost=31.01..3994.02 rows=1032 width=121)
	  Recheck Cond: ((id >= 3350167) AND (id <= 3351166))
	  ->  Bitmap Index Scan on sbtest6_pkey  (cost=0.00..30.75 rows=1032 width=0)
	        Index Cond: ((id >= 3350167) AND (id <= 3351166))

table 7 : explain SELECT c FROM sbtest7 WHERE id BETWEEN 7925853 AND 7926852
	Bitmap Heap Scan on sbtest7  (cost=30.77..3908.11 rows=1008 width=121)
	  Recheck Cond: ((id >= 7925853) AND (id <= 7926852))
	  ->  Bitmap Index Scan on sbtest7_pkey  (cost=0.00..30.51 rows=1008 width=0)
	        Index Cond: ((id >= 7925853) AND (id <= 7926852))

table 8 : explain SELECT c FROM sbtest8 WHERE id BETWEEN 1837137 AND 1838136
	Bitmap Heap Scan on sbtest8  (cost=25.48..3421.48 rows=882 width=121)
	  Recheck Cond: ((id >= 1837137) AND (id <= 1838136))
	  ->  Bitmap Index Scan on sbtest8_pkey  (cost=0.00..25.25 rows=882 width=0)
	        Index Cond: ((id >= 1837137) AND (id <= 1838136))

for: distinct_ranges
table 1 : explain SELECT DISTINCT c FROM sbtest1 WHERE id BETWEEN 3933442 AND 3934441 ORDER BY c
	Unique  (cost=3592.51..3597.09 rows=915 width=121)
	  ->  Sort  (cost=3592.51..3594.80 rows=915 width=121)
	        Sort Key: c
	        ->  Bitmap Heap Scan on sbtest1  (cost=25.81..3547.50 rows=915 width=121)
	              Recheck Cond: ((id >= 3933442) AND (id <= 3934441))
	              ->  Bitmap Index Scan on sbtest1_pkey  (cost=0.00..25.58 rows=915 width=0)
	                    Index Cond: ((id >= 3933442) AND (id <= 3934441))

table 2 : explain SELECT DISTINCT c FROM sbtest2 WHERE id BETWEEN 7229788 AND 7230787 ORDER BY c
	Unique  (cost=4345.09..4350.64 rows=1111 width=121)
	  ->  Sort  (cost=4345.09..4347.87 rows=1111 width=121)
	        Sort Key: c
	        ->  Bitmap Heap Scan on sbtest2  (cost=31.82..4288.89 rows=1111 width=121)
	              Recheck Cond: ((id >= 7229788) AND (id <= 7230787))
	              ->  Bitmap Index Scan on sbtest2_pkey  (cost=0.00..31.54 rows=1111 width=0)
	                    Index Cond: ((id >= 7229788) AND (id <= 7230787))

table 3 : explain SELECT DISTINCT c FROM sbtest3 WHERE id BETWEEN 3950630 AND 3951629 ORDER BY c
	Unique  (cost=3961.81..3966.86 rows=1009 width=121)
	  ->  Sort  (cost=3961.81..3964.33 rows=1009 width=121)
	        Sort Key: c
	        ->  Bitmap Heap Scan on sbtest3  (cost=30.78..3911.47 rows=1009 width=121)
	              Recheck Cond: ((id >= 3950630) AND (id <= 3951629))
	              ->  Bitmap Index Scan on sbtest3_pkey  (cost=0.00..30.52 rows=1009 width=0)
	                    Index Cond: ((id >= 3950630) AND (id <= 3951629))

table 4 : explain SELECT DISTINCT c FROM sbtest4 WHERE id BETWEEN 5044691 AND 5045690 ORDER BY c
	Unique  (cost=4041.07..4046.22 rows=1030 width=121)
	  ->  Sort  (cost=4041.07..4043.64 rows=1030 width=121)
	        Sort Key: c
	        ->  Bitmap Heap Scan on sbtest4  (cost=30.99..3989.52 rows=1030 width=121)
	              Recheck Cond: ((id >= 5044691) AND (id <= 5045690))
	              ->  Bitmap Index Scan on sbtest4_pkey  (cost=0.00..30.73 rows=1030 width=0)
	                    Index Cond: ((id >= 5044691) AND (id <= 5045690))

table 5 : explain SELECT DISTINCT c FROM sbtest5 WHERE id BETWEEN 7983999 AND 7984998 ORDER BY c
	Unique  (cost=3752.92..3757.71 rows=957 width=121)
	  ->  Sort  (cost=3752.92..3755.31 rows=957 width=121)
	        Sort Key: c
	        ->  Bitmap Heap Scan on sbtest5  (cost=26.24..3705.54 rows=957 width=121)
	              Recheck Cond: ((id >= 7983999) AND (id <= 7984998))
	              ->  Bitmap Index Scan on sbtest5_pkey  (cost=0.00..26.00 rows=957 width=0)
	                    Index Cond: ((id >= 7983999) AND (id <= 7984998))

table 6 : explain SELECT DISTINCT c FROM sbtest6 WHERE id BETWEEN 9276018 AND 9277017 ORDER BY c
	Unique  (cost=4087.76..4092.97 rows=1043 width=121)
	  ->  Sort  (cost=4087.76..4090.36 rows=1043 width=121)
	        Sort Key: c
	        ->  Bitmap Heap Scan on sbtest6  (cost=31.13..4035.47 rows=1043 width=121)
	              Recheck Cond: ((id >= 9276018) AND (id <= 9277017))
	              ->  Bitmap Index Scan on sbtest6_pkey  (cost=0.00..30.86 rows=1043 width=0)
	                    Index Cond: ((id >= 9276018) AND (id <= 9277017))

table 7 : explain SELECT DISTINCT c FROM sbtest7 WHERE id BETWEEN 7728186 AND 7729185 ORDER BY c
	Unique  (cost=3589.66..3594.22 rows=912 width=121)
	  ->  Sort  (cost=3589.66..3591.94 rows=912 width=121)
	        Sort Key: c
	        ->  Bitmap Heap Scan on sbtest7  (cost=29.78..3544.82 rows=912 width=121)
	              Recheck Cond: ((id >= 7728186) AND (id <= 7729185))
	              ->  Bitmap Index Scan on sbtest7_pkey  (cost=0.00..29.55 rows=912 width=0)
	                    Index Cond: ((id >= 7728186) AND (id <= 7729185))

table 8 : explain SELECT DISTINCT c FROM sbtest8 WHERE id BETWEEN 2436556 AND 2437555 ORDER BY c
	Unique  (cost=3552.94..3557.46 rows=905 width=121)
	  ->  Sort  (cost=3552.94..3555.20 rows=905 width=121)
	        Sort Key: c
	        ->  Bitmap Heap Scan on sbtest8  (cost=25.71..3508.49 rows=905 width=121)
	              Recheck Cond: ((id >= 2436556) AND (id <= 2437555))
	              ->  Bitmap Index Scan on sbtest8_pkey  (cost=0.00..25.48 rows=905 width=0)
	                    Index Cond: ((id >= 2436556) AND (id <= 2437555))

for: distinct_ranges
table 1 : explain SELECT DISTINCT c FROM sbtest1 WHERE id BETWEEN 3744897 AND 3745896 ORDER BY c
	Unique  (cost=4060.10..4065.28 rows=1036 width=121)
	  ->  Sort  (cost=4060.10..4062.69 rows=1036 width=121)
	        Sort Key: c
	        ->  Bitmap Heap Scan on sbtest1  (cost=31.05..4008.21 rows=1036 width=121)
	              Recheck Cond: ((id >= 3744897) AND (id <= 3745896))
	              ->  Bitmap Index Scan on sbtest1_pkey  (cost=0.00..30.79 rows=1036 width=0)
	                    Index Cond: ((id >= 3744897) AND (id <= 3745896))

table 2 : explain SELECT DISTINCT c FROM sbtest2 WHERE id BETWEEN 1091004 AND 1092003 ORDER BY c
	Unique  (cost=3537.68..3542.18 rows=901 width=121)
	  ->  Sort  (cost=3537.68..3539.93 rows=901 width=121)
	        Sort Key: c
	        ->  Bitmap Heap Scan on sbtest2  (cost=25.67..3493.46 rows=901 width=121)
	              Recheck Cond: ((id >= 1091004) AND (id <= 1092003))
	              ->  Bitmap Index Scan on sbtest2_pkey  (cost=0.00..25.44 rows=901 width=0)
	                    Index Cond: ((id >= 1091004) AND (id <= 1092003))

table 3 : explain SELECT DISTINCT c FROM sbtest3 WHERE id BETWEEN 6587765 AND 6588764 ORDER BY c
	Unique  (cost=4229.96..4235.35 rows=1079 width=121)
	  ->  Sort  (cost=4229.96..4232.66 rows=1079 width=121)
	        Sort Key: c
	        ->  Bitmap Heap Scan on sbtest3  (cost=31.49..4175.60 rows=1079 width=121)
	              Recheck Cond: ((id >= 6587765) AND (id <= 6588764))
	              ->  Bitmap Index Scan on sbtest3_pkey  (cost=0.00..31.22 rows=1079 width=0)
	                    Index Cond: ((id >= 6587765) AND (id <= 6588764))

table 4 : explain SELECT DISTINCT c FROM sbtest4 WHERE id BETWEEN 7773135 AND 7774134 ORDER BY c
	Unique  (cost=3826.38..3831.25 rows=974 width=121)
	  ->  Sort  (cost=3826.38..3828.81 rows=974 width=121)
	        Sort Key: c
	        ->  Bitmap Heap Scan on sbtest4  (cost=30.42..3778.03 rows=974 width=121)
	              Recheck Cond: ((id >= 7773135) AND (id <= 7774134))
	              ->  Bitmap Index Scan on sbtest4_pkey  (cost=0.00..30.18 rows=974 width=0)
	                    Index Cond: ((id >= 7773135) AND (id <= 7774134))

table 5 : explain SELECT DISTINCT c FROM sbtest5 WHERE id BETWEEN 3208780 AND 3209779 ORDER BY c
	Unique  (cost=3825.88..3830.76 rows=975 width=121)
	  ->  Sort  (cost=3825.88..3828.32 rows=975 width=121)
	        Sort Key: c
	        ->  Bitmap Heap Scan on sbtest5  (cost=30.43..3777.48 rows=975 width=121)
	              Recheck Cond: ((id >= 3208780) AND (id <= 3209779))
	              ->  Bitmap Index Scan on sbtest5_pkey  (cost=0.00..30.18 rows=975 width=0)
	                    Index Cond: ((id >= 3208780) AND (id <= 3209779))

table 6 : explain SELECT DISTINCT c FROM sbtest6 WHERE id BETWEEN 6653085 AND 6654084 ORDER BY c
	Unique  (cost=3585.57..3590.13 rows=913 width=121)
	  ->  Sort  (cost=3585.57..3587.85 rows=913 width=121)
	        Sort Key: c
	        ->  Bitmap Heap Scan on sbtest6  (cost=25.79..3540.67 rows=913 width=121)
	              Recheck Cond: ((id >= 6653085) AND (id <= 6654084))
	              ->  Bitmap Index Scan on sbtest6_pkey  (cost=0.00..25.57 rows=913 width=0)
	                    Index Cond: ((id >= 6653085) AND (id <= 6654084))

table 7 : explain SELECT DISTINCT c FROM sbtest7 WHERE id BETWEEN 6203427 AND 6204426 ORDER BY c
	Unique  (cost=4054.25..4059.41 rows=1033 width=121)
	  ->  Sort  (cost=4054.25..4056.83 rows=1033 width=121)
	        Sort Key: c
	        ->  Bitmap Heap Scan on sbtest7  (cost=31.02..4002.53 rows=1033 width=121)
	              Recheck Cond: ((id >= 6203427) AND (id <= 6204426))
	              ->  Bitmap Index Scan on sbtest7_pkey  (cost=0.00..30.76 rows=1033 width=0)
	                    Index Cond: ((id >= 6203427) AND (id <= 6204426))

table 8 : explain SELECT DISTINCT c FROM sbtest8 WHERE id BETWEEN 3435392 AND 3436391 ORDER BY c
	Unique  (cost=3748.68..3753.46 rows=955 width=121)
	  ->  Sort  (cost=3748.68..3751.07 rows=955 width=121)
	        Sort Key: c
	        ->  Bitmap Heap Scan on sbtest8  (cost=30.22..3701.41 rows=955 width=121)
	              Recheck Cond: ((id >= 3435392) AND (id <= 3436391))
	              ->  Bitmap Index Scan on sbtest8_pkey  (cost=0.00..29.98 rows=955 width=0)
	                    Index Cond: ((id >= 3435392) AND (id <= 3436391))

for: sum_ranges
table 1 : explain SELECT SUM(k) FROM sbtest1 WHERE id BETWEEN 3149149 AND 3150148
	Aggregate  (cost=3799.53..3799.54 rows=1 width=8)
	  ->  Bitmap Heap Scan on sbtest1  (cost=30.48..3797.08 rows=980 width=4)
	        Recheck Cond: ((id >= 3149149) AND (id <= 3150148))
	        ->  Bitmap Index Scan on sbtest1_pkey  (cost=0.00..30.23 rows=980 width=0)
	              Index Cond: ((id >= 3149149) AND (id <= 3150148))

table 2 : explain SELECT SUM(k) FROM sbtest2 WHERE id BETWEEN 4075542 AND 4076541
	Aggregate  (cost=3934.10..3934.11 rows=1 width=8)
	  ->  Bitmap Heap Scan on sbtest2  (cost=30.85..3931.56 rows=1016 width=4)
	        Recheck Cond: ((id >= 4075542) AND (id <= 4076541))
	        ->  Bitmap Index Scan on sbtest2_pkey  (cost=0.00..30.59 rows=1016 width=0)
	              Index Cond: ((id >= 4075542) AND (id <= 4076541))

table 3 : explain SELECT SUM(k) FROM sbtest3 WHERE id BETWEEN 4723224 AND 4724223
	Aggregate  (cost=3592.24..3592.25 rows=1 width=8)
	  ->  Bitmap Heap Scan on sbtest3  (cost=29.91..3589.93 rows=924 width=4)
	        Recheck Cond: ((id >= 4723224) AND (id <= 4724223))
	        ->  Bitmap Index Scan on sbtest3_pkey  (cost=0.00..29.68 rows=924 width=0)
	              Index Cond: ((id >= 4723224) AND (id <= 4724223))

table 4 : explain SELECT SUM(k) FROM sbtest4 WHERE id BETWEEN 7370472 AND 7371471
	Aggregate  (cost=3496.20..3496.21 rows=1 width=8)
	  ->  Bitmap Heap Scan on sbtest4  (cost=25.66..3493.95 rows=900 width=4)
	        Recheck Cond: ((id >= 7370472) AND (id <= 7371471))
	        ->  Bitmap Index Scan on sbtest4_pkey  (cost=0.00..25.43 rows=900 width=0)
	              Index Cond: ((id >= 7370472) AND (id <= 7371471))

table 5 : explain SELECT SUM(k) FROM sbtest5 WHERE id BETWEEN 8382035 AND 8383034
	Aggregate  (cost=3806.34..3806.35 rows=1 width=8)
	  ->  Bitmap Heap Scan on sbtest5  (cost=30.50..3803.89 rows=982 width=4)
	        Recheck Cond: ((id >= 8382035) AND (id <= 8383034))
	        ->  Bitmap Index Scan on sbtest5_pkey  (cost=0.00..30.25 rows=982 width=0)
	              Index Cond: ((id >= 8382035) AND (id <= 8383034))

table 6 : explain SELECT SUM(k) FROM sbtest6 WHERE id BETWEEN 9949946 AND 9950945
	Aggregate  (cost=4226.40..4226.41 rows=1 width=8)
	  ->  Bitmap Heap Scan on sbtest6  (cost=31.64..4223.67 rows=1093 width=4)
	        Recheck Cond: ((id >= 9949946) AND (id <= 9950945))
	        ->  Bitmap Index Scan on sbtest6_pkey  (cost=0.00..31.36 rows=1093 width=0)
	              Index Cond: ((id >= 9949946) AND (id <= 9950945))

table 7 : explain SELECT SUM(k) FROM sbtest7 WHERE id BETWEEN 6579025 AND 6580024
	Aggregate  (cost=3729.01..3729.02 rows=1 width=8)
	  ->  Bitmap Heap Scan on sbtest7  (cost=30.27..3726.61 rows=960 width=4)
	        Recheck Cond: ((id >= 6579025) AND (id <= 6580024))
	        ->  Bitmap Index Scan on sbtest7_pkey  (cost=0.00..30.04 rows=960 width=0)
	              Index Cond: ((id >= 6579025) AND (id <= 6580024))

table 8 : explain SELECT SUM(k) FROM sbtest8 WHERE id BETWEEN 1043217 AND 1044216
	Aggregate  (cost=3798.20..3798.21 rows=1 width=8)
	  ->  Bitmap Heap Scan on sbtest8  (cost=30.48..3795.75 rows=980 width=4)
	        Recheck Cond: ((id >= 1043217) AND (id <= 1044216))
	        ->  Bitmap Index Scan on sbtest8_pkey  (cost=0.00..30.23 rows=980 width=0)
	              Index Cond: ((id >= 1043217) AND (id <= 1044216))

explain: for point_selects :: explain SELECT c FROM sbtest%u WHERE id=%u
for: distinct_ranges
table 1 : explain SELECT DISTINCT c FROM sbtest1 WHERE id BETWEEN 60779 AND 61778 ORDER BY c
	Unique  (cost=3884.07..3889.02 rows=990 width=121)
	  ->  Sort  (cost=3884.07..3886.54 rows=990 width=121)
	        Sort Key: c
	        ->  Bitmap Heap Scan on sbtest1  (cost=30.58..3834.81 rows=990 width=121)
	              Recheck Cond: ((id >= 60779) AND (id <= 61778))
	              ->  Bitmap Index Scan on sbtest1_pkey  (cost=0.00..30.33 rows=990 width=0)
	                    Index Cond: ((id >= 60779) AND (id <= 61778))

table 2 : explain SELECT DISTINCT c FROM sbtest2 WHERE id BETWEEN 8752003 AND 8753002 ORDER BY c
	Unique  (cost=3982.30..3987.38 rows=1016 width=121)
	  ->  Sort  (cost=3982.30..3984.84 rows=1016 width=121)
	        Sort Key: c
	        ->  Bitmap Heap Scan on sbtest2  (cost=30.85..3931.56 rows=1016 width=121)
	              Recheck Cond: ((id >= 8752003) AND (id <= 8753002))
	              ->  Bitmap Index Scan on sbtest2_pkey  (cost=0.00..30.59 rows=1016 width=0)
	                    Index Cond: ((id >= 8752003) AND (id <= 8753002))

table 3 : explain SELECT DISTINCT c FROM sbtest3 WHERE id BETWEEN 4856399 AND 4857398 ORDER BY c
	Unique  (cost=4003.99..4009.09 rows=1020 width=121)
	  ->  Sort  (cost=4003.99..4006.54 rows=1020 width=121)
	        Sort Key: c
	        ->  Bitmap Heap Scan on sbtest3  (cost=30.89..3953.01 rows=1020 width=121)
	              Recheck Cond: ((id >= 4856399) AND (id <= 4857398))
	              ->  Bitmap Index Scan on sbtest3_pkey  (cost=0.00..30.64 rows=1020 width=0)
	                    Index Cond: ((id >= 4856399) AND (id <= 4857398))

table 4 : explain SELECT DISTINCT c FROM sbtest4 WHERE id BETWEEN 7434912 AND 7435911 ORDER BY c
	Unique  (cost=3741.94..3746.70 rows=952 width=121)
	  ->  Sort  (cost=3741.94..3744.32 rows=952 width=121)
	        Sort Key: c
	        ->  Bitmap Heap Scan on sbtest4  (cost=30.19..3694.84 rows=952 width=121)
	              Recheck Cond: ((id >= 7434912) AND (id <= 7435911))
	              ->  Bitmap Index Scan on sbtest4_pkey  (cost=0.00..29.95 rows=952 width=0)
	                    Index Cond: ((id >= 7434912) AND (id <= 7435911))

table 5 : explain SELECT DISTINCT c FROM sbtest5 WHERE id BETWEEN 1919858 AND 1920857 ORDER BY c
	Unique  (cost=4055.48..4060.65 rows=1035 width=121)
	  ->  Sort  (cost=4055.48..4058.07 rows=1035 width=121)
	        Sort Key: c
	        ->  Bitmap Heap Scan on sbtest5  (cost=31.04..4003.65 rows=1035 width=121)
	              Recheck Cond: ((id >= 1919858) AND (id <= 1920857))
	              ->  Bitmap Index Scan on sbtest5_pkey  (cost=0.00..30.79 rows=1035 width=0)
	                    Index Cond: ((id >= 1919858) AND (id <= 1920857))

table 6 : explain SELECT DISTINCT c FROM sbtest6 WHERE id BETWEEN 5933068 AND 5934067 ORDER BY c
	Unique  (cost=4064.81..4069.99 rows=1037 width=121)
	  ->  Sort  (cost=4064.81..4067.40 rows=1037 width=121)
	        Sort Key: c
	        ->  Bitmap Heap Scan on sbtest6  (cost=31.06..4012.86 rows=1037 width=121)
	              Recheck Cond: ((id >= 5933068) AND (id <= 5934067))
	              ->  Bitmap Index Scan on sbtest6_pkey  (cost=0.00..30.80 rows=1037 width=0)
	                    Index Cond: ((id >= 5933068) AND (id <= 5934067))

table 7 : explain SELECT DISTINCT c FROM sbtest7 WHERE id BETWEEN 6644614 AND 6645613 ORDER BY c
	Unique  (cost=3770.32..3775.12 rows=959 width=121)
	  ->  Sort  (cost=3770.32..3772.72 rows=959 width=121)
	        Sort Key: c
	        ->  Bitmap Heap Scan on sbtest7  (cost=30.26..3722.83 rows=959 width=121)
	              Recheck Cond: ((id >= 6644614) AND (id <= 6645613))
	              ->  Bitmap Index Scan on sbtest7_pkey  (cost=0.00..30.02 rows=959 width=0)
	                    Index Cond: ((id >= 6644614) AND (id <= 6645613))

table 8 : explain SELECT DISTINCT c FROM sbtest8 WHERE id BETWEEN 5232445 AND 5233444 ORDER BY c
	Unique  (cost=4348.86..4354.43 rows=1113 width=121)
	  ->  Sort  (cost=4348.86..4351.64 rows=1113 width=121)
	        Sort Key: c
	        ->  Bitmap Heap Scan on sbtest8  (cost=31.84..4292.54 rows=1113 width=121)
	              Recheck Cond: ((id >= 5232445) AND (id <= 5233444))
	              ->  Bitmap Index Scan on sbtest8_pkey  (cost=0.00..31.57 rows=1113 width=0)
	                    Index Cond: ((id >= 5232445) AND (id <= 5233444))

for: order_ranges
table 1 : explain SELECT c FROM sbtest1 WHERE id BETWEEN 7140040 AND 7141039 ORDER BY c
	Sort  (cost=4228.24..4230.94 rows=1080 width=121)
	  Sort Key: c
	  ->  Bitmap Heap Scan on sbtest1  (cost=31.50..4173.83 rows=1080 width=121)
	        Recheck Cond: ((id >= 7140040) AND (id <= 7141039))
	        ->  Bitmap Index Scan on sbtest1_pkey  (cost=0.00..31.23 rows=1080 width=0)
	              Index Cond: ((id >= 7140040) AND (id <= 7141039))

table 2 : explain SELECT c FROM sbtest2 WHERE id BETWEEN 2916261 AND 2917260 ORDER BY c
	Sort  (cost=3698.95..3701.31 rows=942 width=121)
	  Sort Key: c
	  ->  Bitmap Heap Scan on sbtest2  (cost=30.09..3652.42 rows=942 width=121)
	        Recheck Cond: ((id >= 2916261) AND (id <= 2917260))
	        ->  Bitmap Index Scan on sbtest2_pkey  (cost=0.00..29.86 rows=942 width=0)
	              Index Cond: ((id >= 2916261) AND (id <= 2917260))

table 3 : explain SELECT c FROM sbtest3 WHERE id BETWEEN 7649371 AND 7650370 ORDER BY c
	Sort  (cost=4210.82..4213.51 rows=1074 width=121)
	  Sort Key: c
	  ->  Bitmap Heap Scan on sbtest3  (cost=31.44..4156.75 rows=1074 width=121)
	        Recheck Cond: ((id >= 7649371) AND (id <= 7650370))
	        ->  Bitmap Index Scan on sbtest3_pkey  (cost=0.00..31.18 rows=1074 width=0)
	              Index Cond: ((id >= 7649371) AND (id <= 7650370))

table 4 : explain SELECT c FROM sbtest4 WHERE id BETWEEN 922695 AND 923694 ORDER BY c
	Sort  (cost=3803.36..3805.78 rows=968 width=121)
	  Sort Key: c
	  ->  Bitmap Heap Scan on sbtest4  (cost=30.36..3755.35 rows=968 width=121)
	        Recheck Cond: ((id >= 922695) AND (id <= 923694))
	        ->  Bitmap Index Scan on sbtest4_pkey  (cost=0.00..30.11 rows=968 width=0)
	              Index Cond: ((id >= 922695) AND (id <= 923694))

table 5 : explain SELECT c FROM sbtest5 WHERE id BETWEEN 8508304 AND 8509303 ORDER BY c
	Sort  (cost=3990.47..3993.02 rows=1018 width=121)
	  Sort Key: c
	  ->  Bitmap Heap Scan on sbtest5  (cost=30.87..3939.61 rows=1018 width=121)
	        Recheck Cond: ((id >= 8508304) AND (id <= 8509303))
	        ->  Bitmap Index Scan on sbtest5_pkey  (cost=0.00..30.61 rows=1018 width=0)
	              Index Cond: ((id >= 8508304) AND (id <= 8509303))

table 6 : explain SELECT c FROM sbtest6 WHERE id BETWEEN 8833884 AND 8834883 ORDER BY c
	Sort  (cost=3865.74..3868.20 rows=985 width=121)
	  Sort Key: c
	  ->  Bitmap Heap Scan on sbtest6  (cost=30.53..3816.76 rows=985 width=121)
	        Recheck Cond: ((id >= 8833884) AND (id <= 8834883))
	        ->  Bitmap Index Scan on sbtest6_pkey  (cost=0.00..30.29 rows=985 width=0)
	              Index Cond: ((id >= 8833884) AND (id <= 8834883))

table 7 : explain SELECT c FROM sbtest7 WHERE id BETWEEN 9653125 AND 9654124 ORDER BY c
	Sort  (cost=3935.38..3937.89 rows=1002 width=121)
	  Sort Key: c
	  ->  Bitmap Heap Scan on sbtest7  (cost=30.71..3885.44 rows=1002 width=121)
	        Recheck Cond: ((id >= 9653125) AND (id <= 9654124))
	        ->  Bitmap Index Scan on sbtest7_pkey  (cost=0.00..30.45 rows=1002 width=0)
	              Index Cond: ((id >= 9653125) AND (id <= 9654124))

table 8 : explain SELECT c FROM sbtest8 WHERE id BETWEEN 375922 AND 376921 ORDER BY c
	Sort  (cost=3909.51..3912.00 rows=997 width=121)
	  Sort Key: c
	  ->  Bitmap Heap Scan on sbtest8  (cost=30.65..3859.85 rows=997 width=121)
	        Recheck Cond: ((id >= 375922) AND (id <= 376921))
	        ->  Bitmap Index Scan on sbtest8_pkey  (cost=0.00..30.40 rows=997 width=0)
	              Index Cond: ((id >= 375922) AND (id <= 376921))

for: order_ranges
table 1 : explain SELECT c FROM sbtest1 WHERE id BETWEEN 2089362 AND 2090361 ORDER BY c
	Sort  (cost=3884.07..3886.54 rows=990 width=121)
	  Sort Key: c
	  ->  Bitmap Heap Scan on sbtest1  (cost=30.58..3834.81 rows=990 width=121)
	        Recheck Cond: ((id >= 2089362) AND (id <= 2090361))
	        ->  Bitmap Index Scan on sbtest1_pkey  (cost=0.00..30.33 rows=990 width=0)
	              Index Cond: ((id >= 2089362) AND (id <= 2090361))

table 2 : explain SELECT c FROM sbtest2 WHERE id BETWEEN 9003252 AND 9004251 ORDER BY c
	Sort  (cost=3867.51..3869.97 rows=986 width=121)
	  Sort Key: c
	  ->  Bitmap Heap Scan on sbtest2  (cost=30.54..3818.48 rows=986 width=121)
	        Recheck Cond: ((id >= 9003252) AND (id <= 9004251))
	        ->  Bitmap Index Scan on sbtest2_pkey  (cost=0.00..30.29 rows=986 width=0)
	              Index Cond: ((id >= 9003252) AND (id <= 9004251))

table 3 : explain SELECT c FROM sbtest3 WHERE id BETWEEN 5189180 AND 5190179 ORDER BY c
	Sort  (cost=4049.98..4052.56 rows=1032 width=121)
	  Sort Key: c
	  ->  Bitmap Heap Scan on sbtest3  (cost=31.01..3998.32 rows=1032 width=121)
	        Recheck Cond: ((id >= 5189180) AND (id <= 5190179))
	        ->  Bitmap Index Scan on sbtest3_pkey  (cost=0.00..30.75 rows=1032 width=0)
	              Index Cond: ((id >= 5189180) AND (id <= 5190179))

table 4 : explain SELECT c FROM sbtest4 WHERE id BETWEEN 7067167 AND 7068166 ORDER BY c
	Sort  (cost=3834.05..3836.49 rows=976 width=121)
	  Sort Key: c
	  ->  Bitmap Heap Scan on sbtest4  (cost=30.44..3785.59 rows=976 width=121)
	        Recheck Cond: ((id >= 7067167) AND (id <= 7068166))
	        ->  Bitmap Index Scan on sbtest4_pkey  (cost=0.00..30.19 rows=976 width=0)
	              Index Cond: ((id >= 7067167) AND (id <= 7068166))

table 5 : explain SELECT c FROM sbtest5 WHERE id BETWEEN 2128754 AND 2129753 ORDER BY c
	Sort  (cost=3660.91..3663.24 rows=933 width=121)
	  Sort Key: c
	  ->  Bitmap Heap Scan on sbtest5  (cost=26.00..3614.88 rows=933 width=121)
	        Recheck Cond: ((id >= 2128754) AND (id <= 2129753))
	        ->  Bitmap Index Scan on sbtest5_pkey  (cost=0.00..25.76 rows=933 width=0)
	              Index Cond: ((id >= 2128754) AND (id <= 2129753))

table 6 : explain SELECT c FROM sbtest6 WHERE id BETWEEN 9226530 AND 9227529 ORDER BY c
	Sort  (cost=4110.70..4113.32 rows=1049 width=121)
	  Sort Key: c
	  ->  Bitmap Heap Scan on sbtest6  (cost=31.19..4058.07 rows=1049 width=121)
	        Recheck Cond: ((id >= 9226530) AND (id <= 9227529))
	        ->  Bitmap Index Scan on sbtest6_pkey  (cost=0.00..30.93 rows=1049 width=0)
	              Index Cond: ((id >= 9226530) AND (id <= 9227529))

table 7 : explain SELECT c FROM sbtest7 WHERE id BETWEEN 274403 AND 275402 ORDER BY c
	Sort  (cost=4096.40..4099.01 rows=1044 width=121)
	  Sort Key: c
	  ->  Bitmap Heap Scan on sbtest7  (cost=31.14..4044.05 rows=1044 width=121)
	        Recheck Cond: ((id >= 274403) AND (id <= 275402))
	        ->  Bitmap Index Scan on sbtest7_pkey  (cost=0.00..30.87 rows=1044 width=0)
	              Index Cond: ((id >= 274403) AND (id <= 275402))

table 8 : explain SELECT c FROM sbtest8 WHERE id BETWEEN 7827741 AND 7828740 ORDER BY c
	Sort  (cost=3460.79..3462.99 rows=881 width=121)
	  Sort Key: c
	  ->  Bitmap Heap Scan on sbtest8  (cost=25.47..3417.69 rows=881 width=121)
	        Recheck Cond: ((id >= 7827741) AND (id <= 7828740))
	        ->  Bitmap Index Scan on sbtest8_pkey  (cost=0.00..25.25 rows=881 width=0)
	              Index Cond: ((id >= 7827741) AND (id <= 7828740))

explain: for point_selects :: explain SELECT c FROM sbtest%u WHERE id=%u
explain: for point_selects :: explain SELECT c FROM sbtest%u WHERE id=%u
for: sum_ranges
table 1 : explain SELECT SUM(k) FROM sbtest1 WHERE id BETWEEN 8798523 AND 8799522
	Aggregate  (cost=4010.80..4010.81 rows=1 width=8)
	  ->  Bitmap Heap Scan on sbtest1  (cost=31.05..4008.21 rows=1036 width=4)
	        Recheck Cond: ((id >= 8798523) AND (id <= 8799522))
	        ->  Bitmap Index Scan on sbtest1_pkey  (cost=0.00..30.79 rows=1036 width=0)
	              Index Cond: ((id >= 8798523) AND (id <= 8799522))

table 2 : explain SELECT SUM(k) FROM sbtest2 WHERE id BETWEEN 9132206 AND 9133205
	Aggregate  (cost=3907.70..3907.71 rows=1 width=8)
	  ->  Bitmap Heap Scan on sbtest2  (cost=30.78..3905.18 rows=1009 width=4)
	        Recheck Cond: ((id >= 9132206) AND (id <= 9133205))
	        ->  Bitmap Index Scan on sbtest2_pkey  (cost=0.00..30.52 rows=1009 width=0)
	              Index Cond: ((id >= 9132206) AND (id <= 9133205))

table 3 : explain SELECT SUM(k) FROM sbtest3 WHERE id BETWEEN 5592276 AND 5593275
	Aggregate  (cost=4065.10..4065.11 rows=1 width=8)
	  ->  Bitmap Heap Scan on sbtest3  (cost=31.19..4062.47 rows=1049 width=4)
	        Recheck Cond: ((id >= 5592276) AND (id <= 5593275))
	        ->  Bitmap Index Scan on sbtest3_pkey  (cost=0.00..30.93 rows=1049 width=0)
	              Index Cond: ((id >= 5592276) AND (id <= 5593275))

table 4 : explain SELECT SUM(k) FROM sbtest4 WHERE id BETWEEN 4755351 AND 4756350
	Aggregate  (cost=3511.37..3511.38 rows=1 width=8)
	  ->  Bitmap Heap Scan on sbtest4  (cost=25.70..3509.11 rows=904 width=4)
	        Recheck Cond: ((id >= 4755351) AND (id <= 4756350))
	        ->  Bitmap Index Scan on sbtest4_pkey  (cost=0.00..25.47 rows=904 width=0)
	              Index Cond: ((id >= 4755351) AND (id <= 4756350))

table 5 : explain SELECT SUM(k) FROM sbtest5 WHERE id BETWEEN 7389640 AND 7390639
	Aggregate  (cost=3556.70..3556.71 rows=1 width=8)
	  ->  Bitmap Heap Scan on sbtest5  (cost=25.83..3554.41 rows=917 width=4)
	        Recheck Cond: ((id >= 7389640) AND (id <= 7390639))
	        ->  Bitmap Index Scan on sbtest5_pkey  (cost=0.00..25.61 rows=917 width=0)
	              Index Cond: ((id >= 7389640) AND (id <= 7390639))

table 6 : explain SELECT SUM(k) FROM sbtest6 WHERE id BETWEEN 5075462 AND 5076461
	Aggregate  (cost=3690.74..3690.75 rows=1 width=8)
	  ->  Bitmap Heap Scan on sbtest6  (cost=30.18..3688.36 rows=951 width=4)
	        Recheck Cond: ((id >= 5075462) AND (id <= 5076461))
	        ->  Bitmap Index Scan on sbtest6_pkey  (cost=0.00..29.94 rows=951 width=0)
	              Index Cond: ((id >= 5075462) AND (id <= 5076461))

table 7 : explain SELECT SUM(k) FROM sbtest7 WHERE id BETWEEN 9616690 AND 9617689
	Aggregate  (cost=3887.94..3887.95 rows=1 width=8)
	  ->  Bitmap Heap Scan on sbtest7  (cost=30.71..3885.44 rows=1002 width=4)
	        Recheck Cond: ((id >= 9616690) AND (id <= 9617689))
	        ->  Bitmap Index Scan on sbtest7_pkey  (cost=0.00..30.45 rows=1002 width=0)
	              Index Cond: ((id >= 9616690) AND (id <= 9617689))

table 8 : explain SELECT SUM(k) FROM sbtest8 WHERE id BETWEEN 9244747 AND 9245746
	Aggregate  (cost=3911.37..3911.38 rows=1 width=8)
	  ->  Bitmap Heap Scan on sbtest8  (cost=30.79..3908.84 rows=1010 width=4)
	        Recheck Cond: ((id >= 9244747) AND (id <= 9245746))
	        ->  Bitmap Index Scan on sbtest8_pkey  (cost=0.00..30.54 rows=1010 width=0)
	              Index Cond: ((id >= 9244747) AND (id <= 9245746))

for point_selects
table 1 : explain SELECT c FROM sbtest1 WHERE id=7879847
	Index Scan using sbtest1_pkey on sbtest1  (cost=0.43..8.45 rows=1 width=121)
	  Index Cond: (id = 7879847)

table 2 : explain SELECT c FROM sbtest2 WHERE id=7840427
	Index Scan using sbtest2_pkey on sbtest2  (cost=0.43..8.45 rows=1 width=121)
	  Index Cond: (id = 7840427)

table 3 : explain SELECT c FROM sbtest3 WHERE id=6636916
	Index Scan using sbtest3_pkey on sbtest3  (cost=0.43..8.45 rows=1 width=121)
	  Index Cond: (id = 6636916)

table 4 : explain SELECT c FROM sbtest4 WHERE id=4825446
	Index Scan using sbtest4_pkey on sbtest4  (cost=0.43..8.45 rows=1 width=121)
	  Index Cond: (id = 4825446)

table 5 : explain SELECT c FROM sbtest5 WHERE id=6538292
	Index Scan using sbtest5_pkey on sbtest5  (cost=0.43..8.45 rows=1 width=121)
	  Index Cond: (id = 6538292)

table 6 : explain SELECT c FROM sbtest6 WHERE id=3848922
	Index Scan using sbtest6_pkey on sbtest6  (cost=0.43..8.45 rows=1 width=121)
	  Index Cond: (id = 3848922)

table 7 : explain SELECT c FROM sbtest7 WHERE id=7856817
	Index Scan using sbtest7_pkey on sbtest7  (cost=0.43..8.45 rows=1 width=121)
	  Index Cond: (id = 7856817)

table 8 : explain SELECT c FROM sbtest8 WHERE id=2487615
	Index Scan using sbtest8_pkey on sbtest8  (cost=0.43..8.45 rows=1 width=121)
	  Index Cond: (id = 2487615)

for: sum_ranges
table 1 : explain SELECT SUM(k) FROM sbtest1 WHERE id BETWEEN 5705679 AND 5706678
	Aggregate  (cost=3833.51..3833.52 rows=1 width=8)
	  ->  Bitmap Heap Scan on sbtest1  (cost=30.57..3831.03 rows=989 width=4)
	        Recheck Cond: ((id >= 5705679) AND (id <= 5706678))
	        ->  Bitmap Index Scan on sbtest1_pkey  (cost=0.00..30.32 rows=989 width=0)
	              Index Cond: ((id >= 5705679) AND (id <= 5706678))

table 2 : explain SELECT SUM(k) FROM sbtest2 WHERE id BETWEEN 1259469 AND 1260468
	Aggregate  (cost=3753.00..3753.01 rows=1 width=8)
	  ->  Bitmap Heap Scan on sbtest2  (cost=30.36..3750.58 rows=968 width=4)
	        Recheck Cond: ((id >= 1259469) AND (id <= 1260468))
	        ->  Bitmap Index Scan on sbtest2_pkey  (cost=0.00..30.11 rows=968 width=0)
	              Index Cond: ((id >= 1259469) AND (id <= 1260468))

table 3 : explain SELECT SUM(k) FROM sbtest3 WHERE id BETWEEN 3219251 AND 3220250
	Aggregate  (cost=3618.77..3618.78 rows=1 width=8)
	  ->  Bitmap Heap Scan on sbtest3  (cost=29.98..3616.44 rows=931 width=4)
	        Recheck Cond: ((id >= 3219251) AND (id <= 3220250))
	        ->  Bitmap Index Scan on sbtest3_pkey  (cost=0.00..29.75 rows=931 width=0)
	              Index Cond: ((id >= 3219251) AND (id <= 3220250))

table 4 : explain SELECT SUM(k) FROM sbtest4 WHERE id BETWEEN 9200058 AND 9201057
	Aggregate  (cost=3723.71..3723.72 rows=1 width=8)
	  ->  Bitmap Heap Scan on sbtest4  (cost=30.26..3721.31 rows=959 width=4)
	        Recheck Cond: ((id >= 9200058) AND (id <= 9201057))
	        ->  Bitmap Index Scan on sbtest4_pkey  (cost=0.00..30.02 rows=959 width=0)
	              Index Cond: ((id >= 9200058) AND (id <= 9201057))

table 5 : explain SELECT SUM(k) FROM sbtest5 WHERE id BETWEEN 9211250 AND 9212249
	Aggregate  (cost=3945.93..3945.94 rows=1 width=8)
	  ->  Bitmap Heap Scan on sbtest5  (cost=30.88..3943.38 rows=1019 width=4)
	        Recheck Cond: ((id >= 9211250) AND (id <= 9212249))
	        ->  Bitmap Index Scan on sbtest5_pkey  (cost=0.00..30.62 rows=1019 width=0)
	              Index Cond: ((id >= 9211250) AND (id <= 9212249))

table 6 : explain SELECT SUM(k) FROM sbtest6 WHERE id BETWEEN 7607884 AND 7608883
	Aggregate  (cost=3773.89..3773.90 rows=1 width=8)
	  ->  Bitmap Heap Scan on sbtest6  (cost=30.41..3771.46 rows=973 width=4)
	        Recheck Cond: ((id >= 7607884) AND (id <= 7608883))
	        ->  Bitmap Index Scan on sbtest6_pkey  (cost=0.00..30.16 rows=973 width=0)
	              Index Cond: ((id >= 7607884) AND (id <= 7608883))

table 7 : explain SELECT SUM(k) FROM sbtest7 WHERE id BETWEEN 2536282 AND 2537281
	Aggregate  (cost=3974.89..3974.90 rows=1 width=8)
	  ->  Bitmap Heap Scan on sbtest7  (cost=30.94..3972.33 rows=1025 width=4)
	        Recheck Cond: ((id >= 2536282) AND (id <= 2537281))
	        ->  Bitmap Index Scan on sbtest7_pkey  (cost=0.00..30.68 rows=1025 width=0)
	              Index Cond: ((id >= 2536282) AND (id <= 2537281))

table 8 : explain SELECT SUM(k) FROM sbtest8 WHERE id BETWEEN 6833265 AND 6834264
	Aggregate  (cost=3681.13..3681.14 rows=1 width=8)
	  ->  Bitmap Heap Scan on sbtest8  (cost=30.16..3678.76 rows=949 width=4)
	        Recheck Cond: ((id >= 6833265) AND (id <= 6834264))
	        ->  Bitmap Index Scan on sbtest8_pkey  (cost=0.00..29.93 rows=949 width=0)
	              Index Cond: ((id >= 6833265) AND (id <= 6834264))

for: order_ranges
table 1 : explain SELECT c FROM sbtest1 WHERE id BETWEEN 4150140 AND 4151139 ORDER BY c
	Sort  (cost=4025.68..4028.24 rows=1027 width=121)
	  Sort Key: c
	  ->  Bitmap Heap Scan on sbtest1  (cost=30.96..3974.30 rows=1027 width=121)
	        Recheck Cond: ((id >= 4150140) AND (id <= 4151139))
	        ->  Bitmap Index Scan on sbtest1_pkey  (cost=0.00..30.70 rows=1027 width=0)
	              Index Cond: ((id >= 4150140) AND (id <= 4151139))

table 2 : explain SELECT c FROM sbtest2 WHERE id BETWEEN 1515806 AND 1516805 ORDER BY c
	Sort  (cost=3779.43..3781.84 rows=963 width=121)
	  Sort Key: c
	  ->  Bitmap Heap Scan on sbtest2  (cost=30.31..3731.71 rows=963 width=121)
	        Recheck Cond: ((id >= 1515806) AND (id <= 1516805))
	        ->  Bitmap Index Scan on sbtest2_pkey  (cost=0.00..30.07 rows=963 width=0)
	              Index Cond: ((id >= 1515806) AND (id <= 1516805))

table 3 : explain SELECT c FROM sbtest3 WHERE id BETWEEN 8755693 AND 8756692 ORDER BY c
	Sort  (cost=3858.23..3860.69 rows=982 width=121)
	  Sort Key: c
	  ->  Bitmap Heap Scan on sbtest3  (cost=30.50..3809.43 rows=982 width=121)
	        Recheck Cond: ((id >= 8755693) AND (id <= 8756692))
	        ->  Bitmap Index Scan on sbtest3_pkey  (cost=0.00..30.25 rows=982 width=0)
	              Index Cond: ((id >= 8755693) AND (id <= 8756692))

table 4 : explain SELECT c FROM sbtest4 WHERE id BETWEEN 5698517 AND 5699516 ORDER BY c
	Sort  (cost=4155.93..4158.58 rows=1060 width=121)
	  Sort Key: c
	  ->  Bitmap Heap Scan on sbtest4  (cost=31.30..4102.66 rows=1060 width=121)
	        Recheck Cond: ((id >= 5698517) AND (id <= 5699516))
	        ->  Bitmap Index Scan on sbtest4_pkey  (cost=0.00..31.04 rows=1060 width=0)
	              Index Cond: ((id >= 5698517) AND (id <= 5699516))

table 5 : explain SELECT c FROM sbtest5 WHERE id BETWEEN 8331458 AND 8332457 ORDER BY c
	Sort  (cost=3852.69..3855.15 rows=982 width=121)
	  Sort Key: c
	  ->  Bitmap Heap Scan on sbtest5  (cost=30.50..3803.89 rows=982 width=121)
	        Recheck Cond: ((id >= 8331458) AND (id <= 8332457))
	        ->  Bitmap Index Scan on sbtest5_pkey  (cost=0.00..30.25 rows=982 width=0)
	              Index Cond: ((id >= 8331458) AND (id <= 8332457))

table 6 : explain SELECT c FROM sbtest6 WHERE id BETWEEN 914757 AND 915756 ORDER BY c
	Sort  (cost=3972.97..3975.50 rows=1013 width=121)
	  Sort Key: c
	  ->  Bitmap Heap Scan on sbtest6  (cost=30.82..3922.40 rows=1013 width=121)
	        Recheck Cond: ((id >= 914757) AND (id <= 915756))
	        ->  Bitmap Index Scan on sbtest6_pkey  (cost=0.00..30.57 rows=1013 width=0)
	              Index Cond: ((id >= 914757) AND (id <= 915756))

table 7 : explain SELECT c FROM sbtest7 WHERE id BETWEEN 4000474 AND 4001473 ORDER BY c
	Sort  (cost=4341.55..4344.31 rows=1107 width=121)
	  Sort Key: c
	  ->  Bitmap Heap Scan on sbtest7  (cost=35.78..4285.57 rows=1107 width=121)
	        Recheck Cond: ((id >= 4000474) AND (id <= 4001473))
	        ->  Bitmap Index Scan on sbtest7_pkey  (cost=0.00..35.51 rows=1107 width=0)
	              Index Cond: ((id >= 4000474) AND (id <= 4001473))

table 8 : explain SELECT c FROM sbtest8 WHERE id BETWEEN 3466523 AND 3467522 ORDER BY c
	Sort  (cost=3748.68..3751.07 rows=955 width=121)
	  Sort Key: c
	  ->  Bitmap Heap Scan on sbtest8  (cost=30.22..3701.41 rows=955 width=121)
	        Recheck Cond: ((id >= 3466523) AND (id <= 3467522))
	        ->  Bitmap Index Scan on sbtest8_pkey  (cost=0.00..29.98 rows=955 width=0)
	              Index Cond: ((id >= 3466523) AND (id <= 3467522))

for: distinct_ranges
table 1 : explain SELECT DISTINCT c FROM sbtest1 WHERE id BETWEEN 3739391 AND 3740390 ORDER BY c
	Unique  (cost=4060.10..4065.28 rows=1036 width=121)
	  ->  Sort  (cost=4060.10..4062.69 rows=1036 width=121)
	        Sort Key: c
	        ->  Bitmap Heap Scan on sbtest1  (cost=31.05..4008.21 rows=1036 width=121)
	              Recheck Cond: ((id >= 3739391) AND (id <= 3740390))
	              ->  Bitmap Index Scan on sbtest1_pkey  (cost=0.00..30.79 rows=1036 width=0)
	                    Index Cond: ((id >= 3739391) AND (id <= 3740390))

table 2 : explain SELECT DISTINCT c FROM sbtest2 WHERE id BETWEEN 4603061 AND 4604060 ORDER BY c
	Unique  (cost=3618.42..3623.03 rows=921 width=121)
	  ->  Sort  (cost=3618.42..3620.73 rows=921 width=121)
	        Sort Key: c
	        ->  Bitmap Heap Scan on sbtest2  (cost=29.88..3573.08 rows=921 width=121)
	              Recheck Cond: ((id >= 4603061) AND (id <= 4604060))
	              ->  Bitmap Index Scan on sbtest2_pkey  (cost=0.00..29.64 rows=921 width=0)
	                    Index Cond: ((id >= 4603061) AND (id <= 4604060))

table 3 : explain SELECT DISTINCT c FROM sbtest3 WHERE id BETWEEN 5279298 AND 5280297 ORDER BY c
	Unique  (cost=3865.91..3870.83 rows=984 width=121)
	  ->  Sort  (cost=3865.91..3868.37 rows=984 width=121)
	        Sort Key: c
	        ->  Bitmap Heap Scan on sbtest3  (cost=30.52..3816.99 rows=984 width=121)
	              Recheck Cond: ((id >= 5279298) AND (id <= 5280297))
	              ->  Bitmap Index Scan on sbtest3_pkey  (cost=0.00..30.27 rows=984 width=0)
	                    Index Cond: ((id >= 5279298) AND (id <= 5280297))

table 4 : explain SELECT DISTINCT c FROM sbtest4 WHERE id BETWEEN 7481548 AND 7482547 ORDER BY c
	Unique  (cost=3741.94..3746.70 rows=952 width=121)
	  ->  Sort  (cost=3741.94..3744.32 rows=952 width=121)
	        Sort Key: c
	        ->  Bitmap Heap Scan on sbtest4  (cost=30.19..3694.84 rows=952 width=121)
	              Recheck Cond: ((id >= 7481548) AND (id <= 7482547))
	              ->  Bitmap Index Scan on sbtest4_pkey  (cost=0.00..29.95 rows=952 width=0)
	                    Index Cond: ((id >= 7481548) AND (id <= 7482547))

table 5 : explain SELECT DISTINCT c FROM sbtest5 WHERE id BETWEEN 8303741 AND 8304740 ORDER BY c
	Unique  (cost=3852.69..3857.60 rows=982 width=121)
	  ->  Sort  (cost=3852.69..3855.15 rows=982 width=121)
	        Sort Key: c
	        ->  Bitmap Heap Scan on sbtest5  (cost=30.50..3803.89 rows=982 width=121)
	              Recheck Cond: ((id >= 8303741) AND (id <= 8304740))
	              ->  Bitmap Index Scan on sbtest5_pkey  (cost=0.00..30.25 rows=982 width=0)
	                    Index Cond: ((id >= 8303741) AND (id <= 8304740))

table 6 : explain SELECT DISTINCT c FROM sbtest6 WHERE id BETWEEN 8437008 AND 8438007 ORDER BY c
	Unique  (cost=3792.92..3797.75 rows=966 width=121)
	  ->  Sort  (cost=3792.92..3795.34 rows=966 width=121)
	        Sort Key: c
	        ->  Bitmap Heap Scan on sbtest6  (cost=30.34..3745.03 rows=966 width=121)
	              Recheck Cond: ((id >= 8437008) AND (id <= 8438007))
	              ->  Bitmap Index Scan on sbtest6_pkey  (cost=0.00..30.09 rows=966 width=0)
	                    Index Cond: ((id >= 8437008) AND (id <= 8438007))

table 7 : explain SELECT DISTINCT c FROM sbtest7 WHERE id BETWEEN 8418224 AND 8419223 ORDER BY c
	Unique  (cost=4088.73..4093.94 rows=1042 width=121)
	  ->  Sort  (cost=4088.73..4091.34 rows=1042 width=121)
	        Sort Key: c
	        ->  Bitmap Heap Scan on sbtest7  (cost=31.12..4036.50 rows=1042 width=121)
	              Recheck Cond: ((id >= 8418224) AND (id <= 8419223))
	              ->  Bitmap Index Scan on sbtest7_pkey  (cost=0.00..30.86 rows=1042 width=0)
	                    Index Cond: ((id >= 8418224) AND (id <= 8419223))

table 8 : explain SELECT DISTINCT c FROM sbtest8 WHERE id BETWEEN 2823308 AND 2824307 ORDER BY c
	Unique  (cost=4188.53..4193.88 rows=1070 width=121)
	  ->  Sort  (cost=4188.53..4191.20 rows=1070 width=121)
	        Sort Key: c
	        ->  Bitmap Heap Scan on sbtest8  (cost=31.40..4134.69 rows=1070 width=121)
	              Recheck Cond: ((id >= 2823308) AND (id <= 2824307))
	              ->  Bitmap Index Scan on sbtest8_pkey  (cost=0.00..31.14 rows=1070 width=0)
	                    Index Cond: ((id >= 2823308) AND (id <= 2824307))

for: simple_ranges
table 1 : explain SELECT c FROM sbtest1 WHERE id BETWEEN 6063927 AND 6064926
	Bitmap Heap Scan on sbtest1  (cost=31.00..3989.37 rows=1031 width=121)
	  Recheck Cond: ((id >= 6063927) AND (id <= 6064926))
	  ->  Bitmap Index Scan on sbtest1_pkey  (cost=0.00..30.75 rows=1031 width=0)
	        Index Cond: ((id >= 6063927) AND (id <= 6064926))

table 2 : explain SELECT c FROM sbtest2 WHERE id BETWEEN 3361320 AND 3362319
	Bitmap Heap Scan on sbtest2  (cost=30.90..3950.39 rows=1021 width=121)
	  Recheck Cond: ((id >= 3361320) AND (id <= 3362319))
	  ->  Bitmap Index Scan on sbtest2_pkey  (cost=0.00..30.64 rows=1021 width=0)
	        Index Cond: ((id >= 3361320) AND (id <= 3362319))

table 3 : explain SELECT c FROM sbtest3 WHERE id BETWEEN 1826529 AND 1827528
	Bitmap Heap Scan on sbtest3  (cost=30.96..3979.45 rows=1027 width=121)
	  Recheck Cond: ((id >= 1826529) AND (id <= 1827528))
	  ->  Bitmap Index Scan on sbtest3_pkey  (cost=0.00..30.70 rows=1027 width=0)
	        Index Cond: ((id >= 1826529) AND (id <= 1827528))

table 4 : explain SELECT c FROM sbtest4 WHERE id BETWEEN 6022680 AND 6023679
	Bitmap Heap Scan on sbtest4  (cost=30.20..3698.62 rows=953 width=121)
	  Recheck Cond: ((id >= 6022680) AND (id <= 6023679))
	  ->  Bitmap Index Scan on sbtest4_pkey  (cost=0.00..29.96 rows=953 width=0)
	        Index Cond: ((id >= 6022680) AND (id <= 6023679))

table 5 : explain SELECT c FROM sbtest5 WHERE id BETWEEN 1514001 AND 1515000
	Bitmap Heap Scan on sbtest5  (cost=30.50..3803.89 rows=982 width=121)
	  Recheck Cond: ((id >= 1514001) AND (id <= 1515000))
	  ->  Bitmap Index Scan on sbtest5_pkey  (cost=0.00..30.25 rows=982 width=0)
	        Index Cond: ((id >= 1514001) AND (id <= 1515000))

table 6 : explain SELECT c FROM sbtest6 WHERE id BETWEEN 8406739 AND 8407738
	Bitmap Heap Scan on sbtest6  (cost=25.26..3343.73 rows=861 width=121)
	  Recheck Cond: ((id >= 8406739) AND (id <= 8407738))
	  ->  Bitmap Index Scan on sbtest6_pkey  (cost=0.00..25.04 rows=861 width=0)
	        Index Cond: ((id >= 8406739) AND (id <= 8407738))

table 7 : explain SELECT c FROM sbtest7 WHERE id BETWEEN 8909587 AND 8910586
	Bitmap Heap Scan on sbtest7  (cost=35.73..4266.74 rows=1102 width=121)
	  Recheck Cond: ((id >= 8909587) AND (id <= 8910586))
	  ->  Bitmap Index Scan on sbtest7_pkey  (cost=0.00..35.45 rows=1102 width=0)
	        Index Cond: ((id >= 8909587) AND (id <= 8910586))

table 8 : explain SELECT c FROM sbtest8 WHERE id BETWEEN 4248799 AND 4249798
	Bitmap Heap Scan on sbtest8  (cost=25.32..3364.69 rows=867 width=121)
	  Recheck Cond: ((id >= 4248799) AND (id <= 4249798))
	  ->  Bitmap Index Scan on sbtest8_pkey  (cost=0.00..25.11 rows=867 width=0)
	        Index Cond: ((id >= 4248799) AND (id <= 4249798))

for: distinct_ranges
table 1 : explain SELECT DISTINCT c FROM sbtest1 WHERE id BETWEEN 3587996 AND 3588995 ORDER BY c
	Unique  (cost=3926.18..3931.19 rows=1001 width=121)
	  ->  Sort  (cost=3926.18..3928.69 rows=1001 width=121)
	        Sort Key: c
	        ->  Bitmap Heap Scan on sbtest1  (cost=30.70..3876.30 rows=1001 width=121)
	              Recheck Cond: ((id >= 3587996) AND (id <= 3588995))
	              ->  Bitmap Index Scan on sbtest1_pkey  (cost=0.00..30.44 rows=1001 width=0)
	                    Index Cond: ((id >= 3587996) AND (id <= 3588995))

table 2 : explain SELECT DISTINCT c FROM sbtest2 WHERE id BETWEEN 6013430 AND 6014429 ORDER BY c
	Unique  (cost=3468.56..3472.97 rows=883 width=121)
	  ->  Sort  (cost=3468.56..3470.77 rows=883 width=121)
	        Sort Key: c
	        ->  Bitmap Heap Scan on sbtest2  (cost=25.49..3425.35 rows=883 width=121)
	              Recheck Cond: ((id >= 6013430) AND (id <= 6014429))
	              ->  Bitmap Index Scan on sbtest2_pkey  (cost=0.00..25.26 rows=883 width=0)
	                    Index Cond: ((id >= 6013430) AND (id <= 6014429))

table 3 : explain SELECT DISTINCT c FROM sbtest3 WHERE id BETWEEN 9932029 AND 9933028 ORDER BY c
	Unique  (cost=3662.35..3667.01 rows=931 width=121)
	  ->  Sort  (cost=3662.35..3664.68 rows=931 width=121)
	        Sort Key: c
	        ->  Bitmap Heap Scan on sbtest3  (cost=29.98..3616.44 rows=931 width=121)
	              Recheck Cond: ((id >= 9932029) AND (id <= 9933028))
	              ->  Bitmap Index Scan on sbtest3_pkey  (cost=0.00..29.75 rows=931 width=0)
	                    Index Cond: ((id >= 9932029) AND (id <= 9933028))

table 4 : explain SELECT DISTINCT c FROM sbtest4 WHERE id BETWEEN 8978916 AND 8979915 ORDER BY c
	Unique  (cost=3753.45..3758.23 rows=955 width=121)
	  ->  Sort  (cost=3753.45..3755.84 rows=955 width=121)
	        Sort Key: c
	        ->  Bitmap Heap Scan on sbtest4  (cost=30.22..3706.19 rows=955 width=121)
	              Recheck Cond: ((id >= 8978916) AND (id <= 8979915))
	              ->  Bitmap Index Scan on sbtest4_pkey  (cost=0.00..29.98 rows=955 width=0)
	                    Index Cond: ((id >= 8978916) AND (id <= 8979915))

table 5 : explain SELECT DISTINCT c FROM sbtest5 WHERE id BETWEEN 1857531 AND 1858530 ORDER BY c
	Unique  (cost=3856.52..3861.44 rows=983 width=121)
	  ->  Sort  (cost=3856.52..3858.98 rows=983 width=121)
	        Sort Key: c
	        ->  Bitmap Heap Scan on sbtest5  (cost=30.51..3807.66 rows=983 width=121)
	              Recheck Cond: ((id >= 1857531) AND (id <= 1858530))
	              ->  Bitmap Index Scan on sbtest5_pkey  (cost=0.00..30.26 rows=983 width=0)
	                    Index Cond: ((id >= 1857531) AND (id <= 1858530))

table 6 : explain SELECT DISTINCT c FROM sbtest6 WHERE id BETWEEN 1780031 AND 1781030 ORDER BY c
	Unique  (cost=3735.40..3740.16 rows=951 width=121)
	  ->  Sort  (cost=3735.40..3737.78 rows=951 width=121)
	        Sort Key: c
	        ->  Bitmap Heap Scan on sbtest6  (cost=30.18..3688.36 rows=951 width=121)
	              Recheck Cond: ((id >= 1780031) AND (id <= 1781030))
	              ->  Bitmap Index Scan on sbtest6_pkey  (cost=0.00..29.94 rows=951 width=0)
	                    Index Cond: ((id >= 1780031) AND (id <= 1781030))

table 7 : explain SELECT DISTINCT c FROM sbtest7 WHERE id BETWEEN 751790 AND 752789 ORDER BY c
	Unique  (cost=3812.57..3817.42 rows=970 width=121)
	  ->  Sort  (cost=3812.57..3814.99 rows=970 width=121)
	        Sort Key: c
	        ->  Bitmap Heap Scan on sbtest7  (cost=30.38..3764.45 rows=970 width=121)
	              Recheck Cond: ((id >= 751790) AND (id <= 752789))
	              ->  Bitmap Index Scan on sbtest7_pkey  (cost=0.00..30.14 rows=970 width=0)
	                    Index Cond: ((id >= 751790) AND (id <= 752789))

table 8 : explain SELECT DISTINCT c FROM sbtest8 WHERE id BETWEEN 7472870 AND 7473869 ORDER BY c
	Unique  (cost=3729.52..3734.27 rows=950 width=121)
	  ->  Sort  (cost=3729.52..3731.90 rows=950 width=121)
	        Sort Key: c
	        ->  Bitmap Heap Scan on sbtest8  (cost=30.17..3682.53 rows=950 width=121)
	              Recheck Cond: ((id >= 7472870) AND (id <= 7473869))
	              ->  Bitmap Index Scan on sbtest8_pkey  (cost=0.00..29.93 rows=950 width=0)
	                    Index Cond: ((id >= 7472870) AND (id <= 7473869))

for point_selects
table 1 : explain SELECT c FROM sbtest1 WHERE id=8424569
	Index Scan using sbtest1_pkey on sbtest1  (cost=0.43..8.45 rows=1 width=121)
	  Index Cond: (id = 8424569)

table 2 : explain SELECT c FROM sbtest2 WHERE id=7076628
	Index Scan using sbtest2_pkey on sbtest2  (cost=0.43..8.45 rows=1 width=121)
	  Index Cond: (id = 7076628)

table 3 : explain SELECT c FROM sbtest3 WHERE id=8074227
	Index Scan using sbtest3_pkey on sbtest3  (cost=0.43..8.45 rows=1 width=121)
	  Index Cond: (id = 8074227)

table 4 : explain SELECT c FROM sbtest4 WHERE id=818417
	Index Scan using sbtest4_pkey on sbtest4  (cost=0.43..8.45 rows=1 width=121)
	  Index Cond: (id = 818417)

table 5 : explain SELECT c FROM sbtest5 WHERE id=873464
	Index Scan using sbtest5_pkey on sbtest5  (cost=0.43..8.45 rows=1 width=121)
	  Index Cond: (id = 873464)

table 6 : explain SELECT c FROM sbtest6 WHERE id=4789945
	Index Scan using sbtest6_pkey on sbtest6  (cost=0.43..8.45 rows=1 width=121)
	  Index Cond: (id = 4789945)

table 7 : explain SELECT c FROM sbtest7 WHERE id=8641137
	Index Scan using sbtest7_pkey on sbtest7  (cost=0.43..8.45 rows=1 width=121)
	  Index Cond: (id = 8641137)

table 8 : explain SELECT c FROM sbtest8 WHERE id=6295652
	Index Scan using sbtest8_pkey on sbtest8  (cost=0.43..8.45 rows=1 width=121)
	  Index Cond: (id = 6295652)

for: distinct_ranges
table 1 : explain SELECT DISTINCT c FROM sbtest1 WHERE id BETWEEN 5323381 AND 5324380 ORDER BY c
	Unique  (cost=3983.59..3988.67 rows=1016 width=121)
	  ->  Sort  (cost=3983.59..3986.13 rows=1016 width=121)
	        Sort Key: c
	        ->  Bitmap Heap Scan on sbtest1  (cost=30.85..3932.85 rows=1016 width=121)
	              Recheck Cond: ((id >= 5323381) AND (id <= 5324380))
	              ->  Bitmap Index Scan on sbtest1_pkey  (cost=0.00..30.59 rows=1016 width=0)
	                    Index Cond: ((id >= 5323381) AND (id <= 5324380))

table 2 : explain SELECT DISTINCT c FROM sbtest2 WHERE id BETWEEN 3187652 AND 3188651 ORDER BY c
	Unique  (cost=3637.60..3642.23 rows=926 width=121)
	  ->  Sort  (cost=3637.60..3639.92 rows=926 width=121)
	        Sort Key: c
	        ->  Bitmap Heap Scan on sbtest2  (cost=29.93..3591.97 rows=926 width=121)
	              Recheck Cond: ((id >= 3187652) AND (id <= 3188651))
	              ->  Bitmap Index Scan on sbtest2_pkey  (cost=0.00..29.69 rows=926 width=0)
	                    Index Cond: ((id >= 3187652) AND (id <= 3188651))

table 3 : explain SELECT DISTINCT c FROM sbtest3 WHERE id BETWEEN 4965503 AND 4966502 ORDER BY c
	Unique  (cost=4053.81..4058.98 rows=1033 width=121)
	  ->  Sort  (cost=4053.81..4056.39 rows=1033 width=121)
	        Sort Key: c
	        ->  Bitmap Heap Scan on sbtest3  (cost=31.02..4002.10 rows=1033 width=121)
	              Recheck Cond: ((id >= 4965503) AND (id <= 4966502))
	              ->  Bitmap Index Scan on sbtest3_pkey  (cost=0.00..30.76 rows=1033 width=0)
	                    Index Cond: ((id >= 4965503) AND (id <= 4966502))

table 4 : explain SELECT DISTINCT c FROM sbtest4 WHERE id BETWEEN 7060112 AND 7061111 ORDER BY c
	Unique  (cost=3507.34..3511.80 rows=892 width=121)
	  ->  Sort  (cost=3507.34..3509.57 rows=892 width=121)
	        Sort Key: c
	        ->  Bitmap Heap Scan on sbtest4  (cost=25.58..3463.63 rows=892 width=121)
	              Recheck Cond: ((id >= 7060112) AND (id <= 7061111))
	              ->  Bitmap Index Scan on sbtest4_pkey  (cost=0.00..25.36 rows=892 width=0)
	                    Index Cond: ((id >= 7060112) AND (id <= 7061111))

table 5 : explain SELECT DISTINCT c FROM sbtest5 WHERE id BETWEEN 712382 AND 713381 ORDER BY c
	Unique  (cost=4135.74..4141.02 rows=1056 width=121)
	  ->  Sort  (cost=4135.74..4138.38 rows=1056 width=121)
	        Sort Key: c
	        ->  Bitmap Heap Scan on sbtest5  (cost=31.26..4082.70 rows=1056 width=121)
	              Recheck Cond: ((id >= 712382) AND (id <= 713381))
	              ->  Bitmap Index Scan on sbtest5_pkey  (cost=0.00..31.00 rows=1056 width=0)
	                    Index Cond: ((id >= 712382) AND (id <= 713381))

table 6 : explain SELECT DISTINCT c FROM sbtest6 WHERE id BETWEEN 6285693 AND 6286692 ORDER BY c
	Unique  (cost=4068.63..4073.82 rows=1038 width=121)
	  ->  Sort  (cost=4068.63..4071.23 rows=1038 width=121)
	        Sort Key: c
	        ->  Bitmap Heap Scan on sbtest6  (cost=31.07..4016.63 rows=1038 width=121)
	              Recheck Cond: ((id >= 6285693) AND (id <= 6286692))
	              ->  Bitmap Index Scan on sbtest6_pkey  (cost=0.00..30.82 rows=1038 width=0)
	                    Index Cond: ((id >= 6285693) AND (id <= 6286692))

table 7 : explain SELECT DISTINCT c FROM sbtest7 WHERE id BETWEEN 7771322 AND 7772321 ORDER BY c
	Unique  (cost=4180.66..4185.99 rows=1066 width=121)
	  ->  Sort  (cost=4180.66..4183.32 rows=1066 width=121)
	        Sort Key: c
	        ->  Bitmap Heap Scan on sbtest7  (cost=31.36..4127.05 rows=1066 width=121)
	              Recheck Cond: ((id >= 7771322) AND (id <= 7772321))
	              ->  Bitmap Index Scan on sbtest7_pkey  (cost=0.00..31.09 rows=1066 width=0)
	                    Index Cond: ((id >= 7771322) AND (id <= 7772321))

table 8 : explain SELECT DISTINCT c FROM sbtest8 WHERE id BETWEEN 5303457 AND 5304456 ORDER BY c
	Unique  (cost=3947.77..3952.80 rows=1007 width=121)
	  ->  Sort  (cost=3947.77..3950.28 rows=1007 width=121)
	        Sort Key: c
	        ->  Bitmap Heap Scan on sbtest8  (cost=30.76..3897.54 rows=1007 width=121)
	              Recheck Cond: ((id >= 5303457) AND (id <= 5304456))
	              ->  Bitmap Index Scan on sbtest8_pkey  (cost=0.00..30.50 rows=1007 width=0)
	                    Index Cond: ((id >= 5303457) AND (id <= 5304456))

for: order_ranges
table 1 : explain SELECT c FROM sbtest1 WHERE id BETWEEN 4729983 AND 4730982 ORDER BY c
	Sort  (cost=4121.27..4123.90 rows=1052 width=121)
	  Sort Key: c
	  ->  Bitmap Heap Scan on sbtest1  (cost=31.22..4068.46 rows=1052 width=121)
	        Recheck Cond: ((id >= 4729983) AND (id <= 4730982))
	        ->  Bitmap Index Scan on sbtest1_pkey  (cost=0.00..30.95 rows=1052 width=0)
	              Index Cond: ((id >= 4729983) AND (id <= 4730982))

table 2 : explain SELECT c FROM sbtest2 WHERE id BETWEEN 9874878 AND 9875877 ORDER BY c
	Sort  (cost=3725.79..3728.16 rows=949 width=121)
	  Sort Key: c
	  ->  Bitmap Heap Scan on sbtest2  (cost=30.16..3678.86 rows=949 width=121)
	        Recheck Cond: ((id >= 9874878) AND (id <= 9875877))
	        ->  Bitmap Index Scan on sbtest2_pkey  (cost=0.00..29.93 rows=949 width=0)
	              Index Cond: ((id >= 9874878) AND (id <= 9875877))

table 3 : explain SELECT c FROM sbtest3 WHERE id BETWEEN 6875543 AND 6876542 ORDER BY c
	Sort  (cost=3819.85..3822.28 rows=972 width=121)
	  Sort Key: c
	  ->  Bitmap Heap Scan on sbtest3  (cost=30.40..3771.61 rows=972 width=121)
	        Recheck Cond: ((id >= 6875543) AND (id <= 6876542))
	        ->  Bitmap Index Scan on sbtest3_pkey  (cost=0.00..30.15 rows=972 width=0)
	              Index Cond: ((id >= 6875543) AND (id <= 6876542))

table 4 : explain SELECT c FROM sbtest4 WHERE id BETWEEN 4513354 AND 4514353 ORDER BY c
	Sort  (cost=4247.74..4250.45 rows=1084 width=121)
	  Sort Key: c
	  ->  Bitmap Heap Scan on sbtest4  (cost=31.55..4193.10 rows=1084 width=121)
	        Recheck Cond: ((id >= 4513354) AND (id <= 4514353))
	        ->  Bitmap Index Scan on sbtest4_pkey  (cost=0.00..31.27 rows=1084 width=0)
	              Index Cond: ((id >= 4513354) AND (id <= 4514353))

table 5 : explain SELECT c FROM sbtest5 WHERE id BETWEEN 5872685 AND 5873684 ORDER BY c
	Sort  (cost=3956.04..3958.56 rows=1009 width=121)
	  Sort Key: c
	  ->  Bitmap Heap Scan on sbtest5  (cost=30.78..3905.70 rows=1009 width=121)
	        Recheck Cond: ((id >= 5872685) AND (id <= 5873684))
	        ->  Bitmap Index Scan on sbtest5_pkey  (cost=0.00..30.52 rows=1009 width=0)
	              Index Cond: ((id >= 5872685) AND (id <= 5873684))

table 6 : explain SELECT c FROM sbtest6 WHERE id BETWEEN 1839296 AND 1840295 ORDER BY c
	Sort  (cost=3643.32..3645.63 rows=927 width=121)
	  Sort Key: c
	  ->  Bitmap Heap Scan on sbtest6  (cost=29.94..3597.63 rows=927 width=121)
	        Recheck Cond: ((id >= 1839296) AND (id <= 1840295))
	        ->  Bitmap Index Scan on sbtest6_pkey  (cost=0.00..29.70 rows=927 width=0)
	              Index Cond: ((id >= 1839296) AND (id <= 1840295))

table 7 : explain SELECT c FROM sbtest7 WHERE id BETWEEN 6068576 AND 6069575 ORDER BY c
	Sort  (cost=3639.65..3641.97 rows=925 width=121)
	  Sort Key: c
	  ->  Bitmap Heap Scan on sbtest7  (cost=29.92..3594.08 rows=925 width=121)
	        Recheck Cond: ((id >= 6068576) AND (id <= 6069575))
	        ->  Bitmap Index Scan on sbtest7_pkey  (cost=0.00..29.68 rows=925 width=0)
	              Index Cond: ((id >= 6068576) AND (id <= 6069575))

table 8 : explain SELECT c FROM sbtest8 WHERE id BETWEEN 4265948 AND 4266947 ORDER BY c
	Sort  (cost=3407.00..3409.17 rows=867 width=121)
	  Sort Key: c
	  ->  Bitmap Heap Scan on sbtest8  (cost=25.32..3364.69 rows=867 width=121)
	        Recheck Cond: ((id >= 4265948) AND (id <= 4266947))
	        ->  Bitmap Index Scan on sbtest8_pkey  (cost=0.00..25.11 rows=867 width=0)
	              Index Cond: ((id >= 4265948) AND (id <= 4266947))

explain: for point_selects :: explain SELECT c FROM sbtest%u WHERE id=%u
explain: for point_selects :: explain SELECT c FROM sbtest%u WHERE id=%u
for: order_ranges
table 1 : explain SELECT c FROM sbtest1 WHERE id BETWEEN 7520994 AND 7521993 ORDER BY c
	Sort  (cost=3692.44..3694.79 rows=940 width=121)
	  Sort Key: c
	  ->  Bitmap Heap Scan on sbtest1  (cost=30.07..3646.02 rows=940 width=121)
	        Recheck Cond: ((id >= 7520994) AND (id <= 7521993))
	        ->  Bitmap Index Scan on sbtest1_pkey  (cost=0.00..29.83 rows=940 width=0)
	              Index Cond: ((id >= 7520994) AND (id <= 7521993))

table 2 : explain SELECT c FROM sbtest2 WHERE id BETWEEN 6191528 AND 6192527 ORDER BY c
	Sort  (cost=4303.14..4305.89 rows=1100 width=121)
	  Sort Key: c
	  ->  Bitmap Heap Scan on sbtest2  (cost=31.71..4247.57 rows=1100 width=121)
	        Recheck Cond: ((id >= 6191528) AND (id <= 6192527))
	        ->  Bitmap Index Scan on sbtest2_pkey  (cost=0.00..31.43 rows=1100 width=0)
	              Index Cond: ((id >= 6191528) AND (id <= 6192527))

table 3 : explain SELECT c FROM sbtest3 WHERE id BETWEEN 6984033 AND 6985032 ORDER BY c
	Sort  (cost=4245.26..4247.97 rows=1083 width=121)
	  Sort Key: c
	  ->  Bitmap Heap Scan on sbtest3  (cost=31.54..4190.68 rows=1083 width=121)
	        Recheck Cond: ((id >= 6984033) AND (id <= 6985032))
	        ->  Bitmap Index Scan on sbtest3_pkey  (cost=0.00..31.26 rows=1083 width=0)
	              Index Cond: ((id >= 6984033) AND (id <= 6985032))

table 4 : explain SELECT c FROM sbtest4 WHERE id BETWEEN 239503 AND 240502 ORDER BY c
	Sort  (cost=3661.12..3663.45 rows=932 width=121)
	  Sort Key: c
	  ->  Bitmap Heap Scan on sbtest4  (cost=25.99..3615.15 rows=932 width=121)
	        Recheck Cond: ((id >= 239503) AND (id <= 240502))
	        ->  Bitmap Index Scan on sbtest4_pkey  (cost=0.00..25.75 rows=932 width=0)
	              Index Cond: ((id >= 239503) AND (id <= 240502))

table 5 : explain SELECT c FROM sbtest5 WHERE id BETWEEN 2334904 AND 2335903 ORDER BY c
	Sort  (cost=3683.92..3686.27 rows=939 width=121)
	  Sort Key: c
	  ->  Bitmap Heap Scan on sbtest5  (cost=26.06..3637.55 rows=939 width=121)
	        Recheck Cond: ((id >= 2334904) AND (id <= 2335903))
	        ->  Bitmap Index Scan on sbtest5_pkey  (cost=0.00..25.82 rows=939 width=0)
	              Index Cond: ((id >= 2334904) AND (id <= 2335903))

table 6 : explain SELECT c FROM sbtest6 WHERE id BETWEEN 8783127 AND 8784126 ORDER BY c
	Sort  (cost=3865.74..3868.20 rows=985 width=121)
	  Sort Key: c
	  ->  Bitmap Heap Scan on sbtest6  (cost=30.53..3816.76 rows=985 width=121)
	        Recheck Cond: ((id >= 8783127) AND (id <= 8784126))
	        ->  Bitmap Index Scan on sbtest6_pkey  (cost=0.00..30.29 rows=985 width=0)
	              Index Cond: ((id >= 8783127) AND (id <= 8784126))

table 7 : explain SELECT c FROM sbtest7 WHERE id BETWEEN 1053986 AND 1054985 ORDER BY c
	Sort  (cost=4119.38..4122.01 rows=1050 width=121)
	  Sort Key: c
	  ->  Bitmap Heap Scan on sbtest7  (cost=31.20..4066.69 rows=1050 width=121)
	        Recheck Cond: ((id >= 1053986) AND (id <= 1054985))
	        ->  Bitmap Index Scan on sbtest7_pkey  (cost=0.00..30.93 rows=1050 width=0)
	              Index Cond: ((id >= 1053986) AND (id <= 1054985))

table 8 : explain SELECT c FROM sbtest8 WHERE id BETWEEN 3042433 AND 3043432 ORDER BY c
	Sort  (cost=4104.51..4107.13 rows=1048 width=121)
	  Sort Key: c
	  ->  Bitmap Heap Scan on sbtest8  (cost=31.18..4051.93 rows=1048 width=121)
	        Recheck Cond: ((id >= 3042433) AND (id <= 3043432))
	        ->  Bitmap Index Scan on sbtest8_pkey  (cost=0.00..30.91 rows=1048 width=0)
	              Index Cond: ((id >= 3042433) AND (id <= 3043432))

for: sum_ranges
table 1 : explain SELECT SUM(k) FROM sbtest1 WHERE id BETWEEN 6154433 AND 6155432
	Aggregate  (cost=3633.24..3633.25 rows=1 width=8)
	  ->  Bitmap Heap Scan on sbtest1  (cost=30.03..3630.90 rows=936 width=4)
	        Recheck Cond: ((id >= 6154433) AND (id <= 6155432))
	        ->  Bitmap Index Scan on sbtest1_pkey  (cost=0.00..29.79 rows=936 width=0)
	              Index Cond: ((id >= 6154433) AND (id <= 6155432))

table 2 : explain SELECT SUM(k) FROM sbtest2 WHERE id BETWEEN 9783590 AND 9784589
	Aggregate  (cost=3843.58..3843.59 rows=1 width=8)
	  ->  Bitmap Heap Scan on sbtest2  (cost=30.60..3841.10 rows=992 width=4)
	        Recheck Cond: ((id >= 9783590) AND (id <= 9784589))
	        ->  Bitmap Index Scan on sbtest2_pkey  (cost=0.00..30.36 rows=992 width=0)
	              Index Cond: ((id >= 9783590) AND (id <= 9784589))

table 3 : explain SELECT SUM(k) FROM sbtest3 WHERE id BETWEEN 9886147 AND 9887146
	Aggregate  (cost=3705.90..3705.91 rows=1 width=8)
	  ->  Bitmap Heap Scan on sbtest3  (cost=30.21..3703.52 rows=954 width=4)
	        Recheck Cond: ((id >= 9886147) AND (id <= 9887146))
	        ->  Bitmap Index Scan on sbtest3_pkey  (cost=0.00..29.97 rows=954 width=0)
	              Index Cond: ((id >= 9886147) AND (id <= 9887146))

table 4 : explain SELECT SUM(k) FROM sbtest4 WHERE id BETWEEN 1986956 AND 1987955
	Aggregate  (cost=4320.12..4320.13 rows=1 width=8)
	  ->  Bitmap Heap Scan on sbtest4  (cost=31.88..4317.33 rows=1117 width=4)
	        Recheck Cond: ((id >= 1986956) AND (id <= 1987955))
	        ->  Bitmap Index Scan on sbtest4_pkey  (cost=0.00..31.61 rows=1117 width=0)
	              Index Cond: ((id >= 1986956) AND (id <= 1987955))

table 5 : explain SELECT SUM(k) FROM sbtest5 WHERE id BETWEEN 7213569 AND 7214568
	Aggregate  (cost=4013.77..4013.78 rows=1 width=8)
	  ->  Bitmap Heap Scan on sbtest5  (cost=31.06..4011.18 rows=1037 width=4)
	        Recheck Cond: ((id >= 7213569) AND (id <= 7214568))
	        ->  Bitmap Index Scan on sbtest5_pkey  (cost=0.00..30.80 rows=1037 width=0)
	              Index Cond: ((id >= 7213569) AND (id <= 7214568))

table 6 : explain SELECT SUM(k) FROM sbtest6 WHERE id BETWEEN 2844415 AND 2845414
	Aggregate  (cost=3755.00..3755.01 rows=1 width=8)
	  ->  Bitmap Heap Scan on sbtest6  (cost=30.36..3752.58 rows=968 width=4)
	        Recheck Cond: ((id >= 2844415) AND (id <= 2845414))
	        ->  Bitmap Index Scan on sbtest6_pkey  (cost=0.00..30.11 rows=968 width=0)
	              Index Cond: ((id >= 2844415) AND (id <= 2845414))

table 7 : explain SELECT SUM(k) FROM sbtest7 WHERE id BETWEEN 6142221 AND 6143220
	Aggregate  (cost=3596.40..3596.41 rows=1 width=8)
	  ->  Bitmap Heap Scan on sbtest7  (cost=29.92..3594.08 rows=925 width=4)
	        Recheck Cond: ((id >= 6142221) AND (id <= 6143220))
	        ->  Bitmap Index Scan on sbtest7_pkey  (cost=0.00..29.68 rows=925 width=0)
	              Index Cond: ((id >= 6142221) AND (id <= 6143220))

table 8 : explain SELECT SUM(k) FROM sbtest8 WHERE id BETWEEN 6905845 AND 6906844
	Aggregate  (cost=3718.91..3718.92 rows=1 width=8)
	  ->  Bitmap Heap Scan on sbtest8  (cost=30.26..3716.51 rows=959 width=4)
	        Recheck Cond: ((id >= 6905845) AND (id <= 6906844))
	        ->  Bitmap Index Scan on sbtest8_pkey  (cost=0.00..30.02 rows=959 width=0)
	              Index Cond: ((id >= 6905845) AND (id <= 6906844))

for point_selects
table 1 : explain SELECT c FROM sbtest1 WHERE id=4111888
	Index Scan using sbtest1_pkey on sbtest1  (cost=0.43..8.45 rows=1 width=121)
	  Index Cond: (id = 4111888)

table 2 : explain SELECT c FROM sbtest2 WHERE id=3232570
	Index Scan using sbtest2_pkey on sbtest2  (cost=0.43..8.45 rows=1 width=121)
	  Index Cond: (id = 3232570)

table 3 : explain SELECT c FROM sbtest3 WHERE id=7440253
	Index Scan using sbtest3_pkey on sbtest3  (cost=0.43..8.45 rows=1 width=121)
	  Index Cond: (id = 7440253)

table 4 : explain SELECT c FROM sbtest4 WHERE id=6845492
	Index Scan using sbtest4_pkey on sbtest4  (cost=0.43..8.45 rows=1 width=121)
	  Index Cond: (id = 6845492)

table 5 : explain SELECT c FROM sbtest5 WHERE id=2135795
	Index Scan using sbtest5_pkey on sbtest5  (cost=0.43..8.45 rows=1 width=121)
	  Index Cond: (id = 2135795)

table 6 : explain SELECT c FROM sbtest6 WHERE id=5982547
	Index Scan using sbtest6_pkey on sbtest6  (cost=0.43..8.45 rows=1 width=121)
	  Index Cond: (id = 5982547)

table 7 : explain SELECT c FROM sbtest7 WHERE id=2921386
	Index Scan using sbtest7_pkey on sbtest7  (cost=0.43..8.45 rows=1 width=121)
	  Index Cond: (id = 2921386)

table 8 : explain SELECT c FROM sbtest8 WHERE id=877418
	Index Scan using sbtest8_pkey on sbtest8  (cost=0.43..8.45 rows=1 width=121)
	  Index Cond: (id = 877418)

explain: for point_selects :: explain SELECT c FROM sbtest%u WHERE id=%u
for point_selects
table 1 : explain SELECT c FROM sbtest1 WHERE id=4992554
	Index Scan using sbtest1_pkey on sbtest1  (cost=0.43..8.45 rows=1 width=121)
	  Index Cond: (id = 4992554)

table 2 : explain SELECT c FROM sbtest2 WHERE id=5555079
	Index Scan using sbtest2_pkey on sbtest2  (cost=0.43..8.45 rows=1 width=121)
	  Index Cond: (id = 5555079)

table 3 : explain SELECT c FROM sbtest3 WHERE id=3084453
	Index Scan using sbtest3_pkey on sbtest3  (cost=0.43..8.45 rows=1 width=121)
	  Index Cond: (id = 3084453)

table 4 : explain SELECT c FROM sbtest4 WHERE id=3822388
	Index Scan using sbtest4_pkey on sbtest4  (cost=0.43..8.45 rows=1 width=121)
	  Index Cond: (id = 3822388)

table 5 : explain SELECT c FROM sbtest5 WHERE id=8987207
	Index Scan using sbtest5_pkey on sbtest5  (cost=0.43..8.45 rows=1 width=121)
	  Index Cond: (id = 8987207)

table 6 : explain SELECT c FROM sbtest6 WHERE id=5470127
	Index Scan using sbtest6_pkey on sbtest6  (cost=0.43..8.45 rows=1 width=121)
	  Index Cond: (id = 5470127)

table 7 : explain SELECT c FROM sbtest7 WHERE id=5767116
	Index Scan using sbtest7_pkey on sbtest7  (cost=0.43..8.45 rows=1 width=121)
	  Index Cond: (id = 5767116)

table 8 : explain SELECT c FROM sbtest8 WHERE id=1082994
	Index Scan using sbtest8_pkey on sbtest8  (cost=0.43..8.45 rows=1 width=121)
	  Index Cond: (id = 1082994)

for: distinct_ranges
table 1 : explain SELECT DISTINCT c FROM sbtest1 WHERE id BETWEEN 1962666 AND 1963665 ORDER BY c
	Unique  (cost=3956.80..3961.85 rows=1009 width=121)
	  ->  Sort  (cost=3956.80..3959.33 rows=1009 width=121)
	        Sort Key: c
	        ->  Bitmap Heap Scan on sbtest1  (cost=30.78..3906.46 rows=1009 width=121)
	              Recheck Cond: ((id >= 1962666) AND (id <= 1963665))
	              ->  Bitmap Index Scan on sbtest1_pkey  (cost=0.00..30.52 rows=1009 width=0)
	                    Index Cond: ((id >= 1962666) AND (id <= 1963665))

table 2 : explain SELECT DISTINCT c FROM sbtest2 WHERE id BETWEEN 1666988 AND 1667987 ORDER BY c
	Unique  (cost=3898.13..3903.10 rows=994 width=121)
	  ->  Sort  (cost=3898.13..3900.62 rows=994 width=121)
	        Sort Key: c
	        ->  Bitmap Heap Scan on sbtest2  (cost=30.62..3848.64 rows=994 width=121)
	              Recheck Cond: ((id >= 1666988) AND (id <= 1667987))
	              ->  Bitmap Index Scan on sbtest2_pkey  (cost=0.00..30.37 rows=994 width=0)
	                    Index Cond: ((id >= 1666988) AND (id <= 1667987))

table 3 : explain SELECT DISTINCT c FROM sbtest3 WHERE id BETWEEN 4762392 AND 4763391 ORDER BY c
	Unique  (cost=3635.44..3640.06 rows=924 width=121)
	  ->  Sort  (cost=3635.44..3637.75 rows=924 width=121)
	        Sort Key: c
	        ->  Bitmap Heap Scan on sbtest3  (cost=29.91..3589.93 rows=924 width=121)
	              Recheck Cond: ((id >= 4762392) AND (id <= 4763391))
	              ->  Bitmap Index Scan on sbtest3_pkey  (cost=0.00..29.68 rows=924 width=0)
	                    Index Cond: ((id >= 4762392) AND (id <= 4763391))

table 4 : explain SELECT DISTINCT c FROM sbtest4 WHERE id BETWEEN 3013311 AND 3014310 ORDER BY c
	Unique  (cost=3887.76..3892.71 rows=990 width=121)
	  ->  Sort  (cost=3887.76..3890.23 rows=990 width=121)
	        Sort Key: c
	        ->  Bitmap Heap Scan on sbtest4  (cost=30.58..3838.50 rows=990 width=121)
	              Recheck Cond: ((id >= 3013311) AND (id <= 3014310))
	              ->  Bitmap Index Scan on sbtest4_pkey  (cost=0.00..30.33 rows=990 width=0)
	                    Index Cond: ((id >= 3013311) AND (id <= 3014310))

table 5 : explain SELECT DISTINCT c FROM sbtest5 WHERE id BETWEEN 4917237 AND 4918236 ORDER BY c
	Unique  (cost=3902.46..3907.44 rows=995 width=121)
	  ->  Sort  (cost=3902.46..3904.95 rows=995 width=121)
	        Sort Key: c
	        ->  Bitmap Heap Scan on sbtest5  (cost=30.63..3852.92 rows=995 width=121)
	              Recheck Cond: ((id >= 4917237) AND (id <= 4918236))
	              ->  Bitmap Index Scan on sbtest5_pkey  (cost=0.00..30.39 rows=995 width=0)
	                    Index Cond: ((id >= 4917237) AND (id <= 4918236))

table 6 : explain SELECT DISTINCT c FROM sbtest6 WHERE id BETWEEN 5463520 AND 5464519 ORDER BY c
	Unique  (cost=4103.05..4108.29 rows=1047 width=121)
	  ->  Sort  (cost=4103.05..4105.67 rows=1047 width=121)
	        Sort Key: c
	        ->  Bitmap Heap Scan on sbtest6  (cost=31.17..4050.54 rows=1047 width=121)
	              Recheck Cond: ((id >= 5463520) AND (id <= 5464519))
	              ->  Bitmap Index Scan on sbtest6_pkey  (cost=0.00..30.90 rows=1047 width=0)
	                    Index Cond: ((id >= 5463520) AND (id <= 5464519))

table 7 : explain SELECT DISTINCT c FROM sbtest7 WHERE id BETWEEN 7978106 AND 7979105 ORDER BY c
	Unique  (cost=3989.08..3994.16 rows=1016 width=121)
	  ->  Sort  (cost=3989.08..3991.62 rows=1016 width=121)
	        Sort Key: c
	        ->  Bitmap Heap Scan on sbtest7  (cost=30.85..3938.33 rows=1016 width=121)
	              Recheck Cond: ((id >= 7978106) AND (id <= 7979105))
	              ->  Bitmap Index Scan on sbtest7_pkey  (cost=0.00..30.59 rows=1016 width=0)
	                    Index Cond: ((id >= 7978106) AND (id <= 7979105))

table 8 : explain SELECT DISTINCT c FROM sbtest8 WHERE id BETWEEN 5992932 AND 5993931 ORDER BY c
	Unique  (cost=3733.35..3738.11 rows=951 width=121)
	  ->  Sort  (cost=3733.35..3735.73 rows=951 width=121)
	        Sort Key: c
	        ->  Bitmap Heap Scan on sbtest8  (cost=30.18..3686.31 rows=951 width=121)
	              Recheck Cond: ((id >= 5992932) AND (id <= 5993931))
	              ->  Bitmap Index Scan on sbtest8_pkey  (cost=0.00..29.94 rows=951 width=0)
	                    Index Cond: ((id >= 5992932) AND (id <= 5993931))

explain: for point_selects :: explain SELECT c FROM sbtest%u WHERE id=%u
for: order_ranges
table 1 : explain SELECT c FROM sbtest1 WHERE id BETWEEN 5110298 AND 5111297 ORDER BY c
	Sort  (cost=4243.51..4246.22 rows=1084 width=121)
	  Sort Key: c
	  ->  Bitmap Heap Scan on sbtest1  (cost=31.55..4188.87 rows=1084 width=121)
	        Recheck Cond: ((id >= 5110298) AND (id <= 5111297))
	        ->  Bitmap Index Scan on sbtest1_pkey  (cost=0.00..31.27 rows=1084 width=0)
	              Index Cond: ((id >= 5110298) AND (id <= 5111297))

table 2 : explain SELECT c FROM sbtest2 WHERE id BETWEEN 5043220 AND 5044219 ORDER BY c
	Sort  (cost=3932.57..3935.08 rows=1003 width=121)
	  Sort Key: c
	  ->  Bitmap Heap Scan on sbtest2  (cost=30.72..3882.57 rows=1003 width=121)
	        Recheck Cond: ((id >= 5043220) AND (id <= 5044219))
	        ->  Bitmap Index Scan on sbtest2_pkey  (cost=0.00..30.46 rows=1003 width=0)
	              Index Cond: ((id >= 5043220) AND (id <= 5044219))

table 3 : explain SELECT c FROM sbtest3 WHERE id BETWEEN 2307164 AND 2308163 ORDER BY c
	Sort  (cost=4034.65..4037.22 rows=1028 width=121)
	  Sort Key: c
	  ->  Bitmap Heap Scan on sbtest3  (cost=30.97..3983.22 rows=1028 width=121)
	        Recheck Cond: ((id >= 2307164) AND (id <= 2308163))
	        ->  Bitmap Index Scan on sbtest3_pkey  (cost=0.00..30.71 rows=1028 width=0)
	              Index Cond: ((id >= 2307164) AND (id <= 2308163))

table 4 : explain SELECT c FROM sbtest4 WHERE id BETWEEN 7457067 AND 7458066 ORDER BY c
	Sort  (cost=3741.94..3744.32 rows=952 width=121)
	  Sort Key: c
	  ->  Bitmap Heap Scan on sbtest4  (cost=30.19..3694.84 rows=952 width=121)
	        Recheck Cond: ((id >= 7457067) AND (id <= 7458066))
	        ->  Bitmap Index Scan on sbtest4_pkey  (cost=0.00..29.95 rows=952 width=0)
	              Index Cond: ((id >= 7457067) AND (id <= 7458066))

table 5 : explain SELECT c FROM sbtest5 WHERE id BETWEEN 8947041 AND 8948040 ORDER BY c
	Sort  (cost=3841.20..3843.65 rows=979 width=121)
	  Sort Key: c
	  ->  Bitmap Heap Scan on sbtest5  (cost=30.47..3792.57 rows=979 width=121)
	        Recheck Cond: ((id >= 8947041) AND (id <= 8948040))
	        ->  Bitmap Index Scan on sbtest5_pkey  (cost=0.00..30.22 rows=979 width=0)
	              Index Cond: ((id >= 8947041) AND (id <= 8948040))

table 6 : explain SELECT c FROM sbtest6 WHERE id BETWEEN 7359174 AND 7360173 ORDER BY c
	Sort  (cost=3961.49..3964.01 rows=1010 width=121)
	  Sort Key: c
	  ->  Bitmap Heap Scan on sbtest6  (cost=30.79..3911.09 rows=1010 width=121)
	        Recheck Cond: ((id >= 7359174) AND (id <= 7360173))
	        ->  Bitmap Index Scan on sbtest6_pkey  (cost=0.00..30.54 rows=1010 width=0)
	              Index Cond: ((id >= 7359174) AND (id <= 7360173))

table 7 : explain SELECT c FROM sbtest7 WHERE id BETWEEN 609314 AND 610313 ORDER BY c
	Sort  (cost=3943.05..3945.56 rows=1004 width=121)
	  Sort Key: c
	  ->  Bitmap Heap Scan on sbtest7  (cost=30.73..3893.00 rows=1004 width=121)
	        Recheck Cond: ((id >= 609314) AND (id <= 610313))
	        ->  Bitmap Index Scan on sbtest7_pkey  (cost=0.00..30.47 rows=1004 width=0)
	              Index Cond: ((id >= 609314) AND (id <= 610313))

table 8 : explain SELECT c FROM sbtest8 WHERE id BETWEEN 2475179 AND 2476178 ORDER BY c
	Sort  (cost=3552.94..3555.20 rows=905 width=121)
	  Sort Key: c
	  ->  Bitmap Heap Scan on sbtest8  (cost=25.71..3508.49 rows=905 width=121)
	        Recheck Cond: ((id >= 2475179) AND (id <= 2476178))
	        ->  Bitmap Index Scan on sbtest8_pkey  (cost=0.00..25.48 rows=905 width=0)
	              Index Cond: ((id >= 2475179) AND (id <= 2476178))

for: simple_ranges
table 1 : explain SELECT c FROM sbtest1 WHERE id BETWEEN 7842408 AND 7843407
	Bitmap Heap Scan on sbtest1  (cost=31.08..4019.51 rows=1039 width=121)
	  Recheck Cond: ((id >= 7842408) AND (id <= 7843407))
	  ->  Bitmap Index Scan on sbtest1_pkey  (cost=0.00..30.82 rows=1039 width=0)
	        Index Cond: ((id >= 7842408) AND (id <= 7843407))

table 2 : explain SELECT c FROM sbtest2 WHERE id BETWEEN 751436 AND 752435
	Bitmap Heap Scan on sbtest2  (cost=30.75..3893.88 rows=1006 width=121)
	  Recheck Cond: ((id >= 751436) AND (id <= 752435))
	  ->  Bitmap Index Scan on sbtest2_pkey  (cost=0.00..30.50 rows=1006 width=0)
	        Index Cond: ((id >= 751436) AND (id <= 752435))

table 3 : explain SELECT c FROM sbtest3 WHERE id BETWEEN 614752 AND 615751
	Bitmap Heap Scan on sbtest3  (cost=31.14..4043.61 rows=1044 width=121)
	  Recheck Cond: ((id >= 614752) AND (id <= 615751))
	  ->  Bitmap Index Scan on sbtest3_pkey  (cost=0.00..30.87 rows=1044 width=0)
	        Index Cond: ((id >= 614752) AND (id <= 615751))

table 4 : explain SELECT c FROM sbtest4 WHERE id BETWEEN 8247339 AND 8248338
	Bitmap Heap Scan on sbtest4  (cost=30.75..3898.93 rows=1006 width=121)
	  Recheck Cond: ((id >= 8247339) AND (id <= 8248338))
	  ->  Bitmap Index Scan on sbtest4_pkey  (cost=0.00..30.50 rows=1006 width=0)
	        Index Cond: ((id >= 8247339) AND (id <= 8248338))

table 5 : explain SELECT c FROM sbtest5 WHERE id BETWEEN 7208172 AND 7209171
	Bitmap Heap Scan on sbtest5  (cost=31.06..4011.18 rows=1037 width=121)
	  Recheck Cond: ((id >= 7208172) AND (id <= 7209171))
	  ->  Bitmap Index Scan on sbtest5_pkey  (cost=0.00..30.80 rows=1037 width=0)
	        Index Cond: ((id >= 7208172) AND (id <= 7209171))

table 6 : explain SELECT c FROM sbtest6 WHERE id BETWEEN 6430208 AND 6431207
	Bitmap Heap Scan on sbtest6  (cost=30.67..3869.59 rows=999 width=121)
	  Recheck Cond: ((id >= 6430208) AND (id <= 6431207))
	  ->  Bitmap Index Scan on sbtest6_pkey  (cost=0.00..30.43 rows=999 width=0)
	        Index Cond: ((id >= 6430208) AND (id <= 6431207))

table 7 : explain SELECT c FROM sbtest7 WHERE id BETWEEN 9342515 AND 9343514
	Bitmap Heap Scan on sbtest7  (cost=29.85..3571.35 rows=919 width=121)
	  Recheck Cond: ((id >= 9342515) AND (id <= 9343514))
	  ->  Bitmap Index Scan on sbtest7_pkey  (cost=0.00..29.62 rows=919 width=0)
	        Index Cond: ((id >= 9342515) AND (id <= 9343514))

table 8 : explain SELECT c FROM sbtest8 WHERE id BETWEEN 7146006 AND 7147005
	Bitmap Heap Scan on sbtest8  (cost=31.05..4006.76 rows=1036 width=121)
	  Recheck Cond: ((id >= 7146006) AND (id <= 7147005))
	  ->  Bitmap Index Scan on sbtest8_pkey  (cost=0.00..30.79 rows=1036 width=0)
	        Index Cond: ((id >= 7146006) AND (id <= 7147005))

for: simple_ranges
table 1 : explain SELECT c FROM sbtest1 WHERE id BETWEEN 6750107 AND 6751106
	Bitmap Heap Scan on sbtest1  (cost=30.51..3808.40 rows=983 width=121)
	  Recheck Cond: ((id >= 6750107) AND (id <= 6751106))
	  ->  Bitmap Index Scan on sbtest1_pkey  (cost=0.00..30.26 rows=983 width=0)
	        Index Cond: ((id >= 6750107) AND (id <= 6751106))

table 2 : explain SELECT c FROM sbtest2 WHERE id BETWEEN 7103056 AND 7104055
	Bitmap Heap Scan on sbtest2  (cost=30.65..3859.95 rows=997 width=121)
	  Recheck Cond: ((id >= 7103056) AND (id <= 7104055))
	  ->  Bitmap Index Scan on sbtest2_pkey  (cost=0.00..30.40 rows=997 width=0)
	        Index Cond: ((id >= 7103056) AND (id <= 7104055))

table 3 : explain SELECT c FROM sbtest3 WHERE id BETWEEN 9901917 AND 9902916
	Bitmap Heap Scan on sbtest3  (cost=29.98..3616.44 rows=931 width=121)
	  Recheck Cond: ((id >= 9901917) AND (id <= 9902916))
	  ->  Bitmap Index Scan on sbtest3_pkey  (cost=0.00..29.75 rows=931 width=0)
	        Index Cond: ((id >= 9901917) AND (id <= 9902916))

table 4 : explain SELECT c FROM sbtest4 WHERE id BETWEEN 8218055 AND 8219054
	Bitmap Heap Scan on sbtest4  (cost=30.75..3898.93 rows=1006 width=121)
	  Recheck Cond: ((id >= 8218055) AND (id <= 8219054))
	  ->  Bitmap Index Scan on sbtest4_pkey  (cost=0.00..30.50 rows=1006 width=0)
	        Index Cond: ((id >= 8218055) AND (id <= 8219054))

table 5 : explain SELECT c FROM sbtest5 WHERE id BETWEEN 6438624 AND 6439623
	Bitmap Heap Scan on sbtest5  (cost=30.94..3965.99 rows=1025 width=121)
	  Recheck Cond: ((id >= 6438624) AND (id <= 6439623))
	  ->  Bitmap Index Scan on sbtest5_pkey  (cost=0.00..30.68 rows=1025 width=0)
	        Index Cond: ((id >= 6438624) AND (id <= 6439623))

table 6 : explain SELECT c FROM sbtest6 WHERE id BETWEEN 7653800 AND 7654799
	Bitmap Heap Scan on sbtest6  (cost=30.60..3843.18 rows=992 width=121)
	  Recheck Cond: ((id >= 7653800) AND (id <= 7654799))
	  ->  Bitmap Index Scan on sbtest6_pkey  (cost=0.00..30.36 rows=992 width=0)
	        Index Cond: ((id >= 7653800) AND (id <= 7654799))

table 7 : explain SELECT c FROM sbtest7 WHERE id BETWEEN 8408508 AND 8409507
	Bitmap Heap Scan on sbtest7  (cost=31.12..4036.50 rows=1042 width=121)
	  Recheck Cond: ((id >= 8408508) AND (id <= 8409507))
	  ->  Bitmap Index Scan on sbtest7_pkey  (cost=0.00..30.86 rows=1042 width=0)
	        Index Cond: ((id >= 8408508) AND (id <= 8409507))

table 8 : explain SELECT c FROM sbtest8 WHERE id BETWEEN 4747958 AND 4748957
	Bitmap Heap Scan on sbtest8  (cost=31.15..4040.64 rows=1045 width=121)
	  Recheck Cond: ((id >= 4747958) AND (id <= 4748957))
	  ->  Bitmap Index Scan on sbtest8_pkey  (cost=0.00..30.89 rows=1045 width=0)
	        Index Cond: ((id >= 4747958) AND (id <= 4748957))

for point_selects
table 1 : explain SELECT c FROM sbtest1 WHERE id=2796949
	Index Scan using sbtest1_pkey on sbtest1  (cost=0.43..8.45 rows=1 width=121)
	  Index Cond: (id = 2796949)

table 2 : explain SELECT c FROM sbtest2 WHERE id=6940311
	Index Scan using sbtest2_pkey on sbtest2  (cost=0.43..8.45 rows=1 width=121)
	  Index Cond: (id = 6940311)

table 3 : explain SELECT c FROM sbtest3 WHERE id=32077
	Index Scan using sbtest3_pkey on sbtest3  (cost=0.43..8.45 rows=1 width=121)
	  Index Cond: (id = 32077)

table 4 : explain SELECT c FROM sbtest4 WHERE id=8427437
	Index Scan using sbtest4_pkey on sbtest4  (cost=0.43..8.45 rows=1 width=121)
	  Index Cond: (id = 8427437)

table 5 : explain SELECT c FROM sbtest5 WHERE id=5304630
	Index Scan using sbtest5_pkey on sbtest5  (cost=0.43..8.45 rows=1 width=121)
	  Index Cond: (id = 5304630)

table 6 : explain SELECT c FROM sbtest6 WHERE id=5801767
	Index Scan using sbtest6_pkey on sbtest6  (cost=0.43..8.45 rows=1 width=121)
	  Index Cond: (id = 5801767)

table 7 : explain SELECT c FROM sbtest7 WHERE id=7144654
	Index Scan using sbtest7_pkey on sbtest7  (cost=0.43..8.45 rows=1 width=121)
	  Index Cond: (id = 7144654)

table 8 : explain SELECT c FROM sbtest8 WHERE id=9713494
	Index Scan using sbtest8_pkey on sbtest8  (cost=0.43..8.45 rows=1 width=121)
	  Index Cond: (id = 9713494)

for: distinct_ranges
table 1 : explain SELECT DISTINCT c FROM sbtest1 WHERE id BETWEEN 1120126 AND 1121125 ORDER BY c
	Unique  (cost=3715.45..3720.18 rows=946 width=121)
	  ->  Sort  (cost=3715.45..3717.82 rows=946 width=121)
	        Sort Key: c
	        ->  Bitmap Heap Scan on sbtest1  (cost=30.13..3668.69 rows=946 width=121)
	              Recheck Cond: ((id >= 1120126) AND (id <= 1121125))
	              ->  Bitmap Index Scan on sbtest1_pkey  (cost=0.00..29.89 rows=946 width=0)
	                    Index Cond: ((id >= 1120126) AND (id <= 1121125))

table 2 : explain SELECT DISTINCT c FROM sbtest2 WHERE id BETWEEN 5835803 AND 5836802 ORDER BY c
	Unique  (cost=3510.80..3515.27 rows=894 width=121)
	  ->  Sort  (cost=3510.80..3513.04 rows=894 width=121)
	        Sort Key: c
	        ->  Bitmap Heap Scan on sbtest2  (cost=25.60..3466.98 rows=894 width=121)
	              Recheck Cond: ((id >= 5835803) AND (id <= 5836802))
	              ->  Bitmap Index Scan on sbtest2_pkey  (cost=0.00..25.37 rows=894 width=0)
	                    Index Cond: ((id >= 5835803) AND (id <= 5836802))

table 3 : explain SELECT DISTINCT c FROM sbtest3 WHERE id BETWEEN 7606774 AND 7607773 ORDER BY c
	Unique  (cost=3581.60..3586.15 rows=910 width=121)
	  ->  Sort  (cost=3581.60..3583.88 rows=910 width=121)
	        Sort Key: c
	        ->  Bitmap Heap Scan on sbtest3  (cost=29.76..3536.88 rows=910 width=121)
	              Recheck Cond: ((id >= 7606774) AND (id <= 7607773))
	              ->  Bitmap Index Scan on sbtest3_pkey  (cost=0.00..29.54 rows=910 width=0)
	                    Index Cond: ((id >= 7606774) AND (id <= 7607773))

table 4 : explain SELECT DISTINCT c FROM sbtest4 WHERE id BETWEEN 2085339 AND 2086338 ORDER BY c
	Unique  (cost=3983.60..3988.67 rows=1015 width=121)
	  ->  Sort  (cost=3983.60..3986.13 rows=1015 width=121)
	        Sort Key: c
	        ->  Bitmap Heap Scan on sbtest4  (cost=30.84..3932.91 rows=1015 width=121)
	              Recheck Cond: ((id >= 2085339) AND (id <= 2086338))
	              ->  Bitmap Index Scan on sbtest4_pkey  (cost=0.00..30.58 rows=1015 width=0)
	                    Index Cond: ((id >= 2085339) AND (id <= 2086338))

table 5 : explain SELECT DISTINCT c FROM sbtest5 WHERE id BETWEEN 8932926 AND 8933925 ORDER BY c
	Unique  (cost=3841.20..3846.10 rows=979 width=121)
	  ->  Sort  (cost=3841.20..3843.65 rows=979 width=121)
	        Sort Key: c
	        ->  Bitmap Heap Scan on sbtest5  (cost=30.47..3792.57 rows=979 width=121)
	              Recheck Cond: ((id >= 8932926) AND (id <= 8933925))
	              ->  Bitmap Index Scan on sbtest5_pkey  (cost=0.00..30.22 rows=979 width=0)
	                    Index Cond: ((id >= 8932926) AND (id <= 8933925))

table 6 : explain SELECT DISTINCT c FROM sbtest6 WHERE id BETWEEN 9326426 AND 9327425 ORDER BY c
	Unique  (cost=4087.76..4092.97 rows=1043 width=121)
	  ->  Sort  (cost=4087.76..4090.36 rows=1043 width=121)
	        Sort Key: c
	        ->  Bitmap Heap Scan on sbtest6  (cost=31.13..4035.47 rows=1043 width=121)
	              Recheck Cond: ((id >= 9326426) AND (id <= 9327425))
	              ->  Bitmap Index Scan on sbtest6_pkey  (cost=0.00..30.86 rows=1043 width=0)
	                    Index Cond: ((id >= 9326426) AND (id <= 9327425))

table 7 : explain SELECT DISTINCT c FROM sbtest7 WHERE id BETWEEN 4659190 AND 4660189 ORDER BY c
	Unique  (cost=4000.58..4005.67 rows=1019 width=121)
	  ->  Sort  (cost=4000.58..4003.13 rows=1019 width=121)
	        Sort Key: c
	        ->  Bitmap Heap Scan on sbtest7  (cost=30.88..3949.67 rows=1019 width=121)
	              Recheck Cond: ((id >= 4659190) AND (id <= 4660189))
	              ->  Bitmap Index Scan on sbtest7_pkey  (cost=0.00..30.62 rows=1019 width=0)
	                    Index Cond: ((id >= 4659190) AND (id <= 4660189))

table 8 : explain SELECT DISTINCT c FROM sbtest8 WHERE id BETWEEN 7380934 AND 7381933 ORDER BY c
	Unique  (cost=3729.52..3734.27 rows=950 width=121)
	  ->  Sort  (cost=3729.52..3731.90 rows=950 width=121)
	        Sort Key: c
	        ->  Bitmap Heap Scan on sbtest8  (cost=30.17..3682.53 rows=950 width=121)
	              Recheck Cond: ((id >= 7380934) AND (id <= 7381933))
	              ->  Bitmap Index Scan on sbtest8_pkey  (cost=0.00..29.93 rows=950 width=0)
	                    Index Cond: ((id >= 7380934) AND (id <= 7381933))

for: distinct_ranges
table 1 : explain SELECT DISTINCT c FROM sbtest1 WHERE id BETWEEN 908982 AND 909981 ORDER BY c
	Unique  (cost=3891.72..3896.68 rows=992 width=121)
	  ->  Sort  (cost=3891.72..3894.20 rows=992 width=121)
	        Sort Key: c
	        ->  Bitmap Heap Scan on sbtest1  (cost=30.60..3842.35 rows=992 width=121)
	              Recheck Cond: ((id >= 908982) AND (id <= 909981))
	              ->  Bitmap Index Scan on sbtest1_pkey  (cost=0.00..30.36 rows=992 width=0)
	                    Index Cond: ((id >= 908982) AND (id <= 909981))

table 2 : explain SELECT DISTINCT c FROM sbtest2 WHERE id BETWEEN 8144435 AND 8145434 ORDER BY c
	Unique  (cost=4375.68..4381.28 rows=1120 width=121)
	  ->  Sort  (cost=4375.68..4378.48 rows=1120 width=121)
	        Sort Key: c
	        ->  Bitmap Heap Scan on sbtest2  (cost=31.92..4318.95 rows=1120 width=121)
	              Recheck Cond: ((id >= 8144435) AND (id <= 8145434))
	              ->  Bitmap Index Scan on sbtest2_pkey  (cost=0.00..31.64 rows=1120 width=0)
	                    Index Cond: ((id >= 8144435) AND (id <= 8145434))

table 3 : explain SELECT DISTINCT c FROM sbtest3 WHERE id BETWEEN 6958806 AND 6959805 ORDER BY c
	Unique  (cost=4245.26..4250.68 rows=1083 width=121)
	  ->  Sort  (cost=4245.26..4247.97 rows=1083 width=121)
	        Sort Key: c
	        ->  Bitmap Heap Scan on sbtest3  (cost=31.54..4190.68 rows=1083 width=121)
	              Recheck Cond: ((id >= 6958806) AND (id <= 6959805))
	              ->  Bitmap Index Scan on sbtest3_pkey  (cost=0.00..31.26 rows=1083 width=0)
	                    Index Cond: ((id >= 6958806) AND (id <= 6959805))

table 4 : explain SELECT DISTINCT c FROM sbtest4 WHERE id BETWEEN 8507001 AND 8508000 ORDER BY c
	Unique  (cost=3795.68..3800.51 rows=966 width=121)
	  ->  Sort  (cost=3795.68..3798.09 rows=966 width=121)
	        Sort Key: c
	        ->  Bitmap Heap Scan on sbtest4  (cost=30.34..3747.79 rows=966 width=121)
	              Recheck Cond: ((id >= 8507001) AND (id <= 8508000))
	              ->  Bitmap Index Scan on sbtest4_pkey  (cost=0.00..30.09 rows=966 width=0)
	                    Index Cond: ((id >= 8507001) AND (id <= 8508000))

table 5 : explain SELECT DISTINCT c FROM sbtest5 WHERE id BETWEEN 5251511 AND 5252510 ORDER BY c
	Unique  (cost=3799.07..3803.91 rows=968 width=121)
	  ->  Sort  (cost=3799.07..3801.49 rows=968 width=121)
	        Sort Key: c
	        ->  Bitmap Heap Scan on sbtest5  (cost=30.36..3751.06 rows=968 width=121)
	              Recheck Cond: ((id >= 5251511) AND (id <= 5252510))
	              ->  Bitmap Index Scan on sbtest5_pkey  (cost=0.00..30.11 rows=968 width=0)
	                    Index Cond: ((id >= 5251511) AND (id <= 5252510))

table 6 : explain SELECT DISTINCT c FROM sbtest6 WHERE id BETWEEN 9991537 AND 9992536 ORDER BY c
	Unique  (cost=4278.84..4284.30 rows=1093 width=121)
	  ->  Sort  (cost=4278.84..4281.57 rows=1093 width=121)
	        Sort Key: c
	        ->  Bitmap Heap Scan on sbtest6  (cost=31.64..4223.67 rows=1093 width=121)
	              Recheck Cond: ((id >= 9991537) AND (id <= 9992536))
	              ->  Bitmap Index Scan on sbtest6_pkey  (cost=0.00..31.36 rows=1093 width=0)
	                    Index Cond: ((id >= 9991537) AND (id <= 9992536))

table 7 : explain SELECT DISTINCT c FROM sbtest7 WHERE id BETWEEN 7981319 AND 7982318 ORDER BY c
	Unique  (cost=3989.08..3994.16 rows=1016 width=121)
	  ->  Sort  (cost=3989.08..3991.62 rows=1016 width=121)
	        Sort Key: c
	        ->  Bitmap Heap Scan on sbtest7  (cost=30.85..3938.33 rows=1016 width=121)
	              Recheck Cond: ((id >= 7981319) AND (id <= 7982318))
	              ->  Bitmap Index Scan on sbtest7_pkey  (cost=0.00..30.59 rows=1016 width=0)
	                    Index Cond: ((id >= 7981319) AND (id <= 7982318))

table 8 : explain SELECT DISTINCT c FROM sbtest8 WHERE id BETWEEN 7690073 AND 7691072 ORDER BY c
	Unique  (cost=3924.81..3929.82 rows=1001 width=121)
	  ->  Sort  (cost=3924.81..3927.31 rows=1001 width=121)
	        Sort Key: c
	        ->  Bitmap Heap Scan on sbtest8  (cost=30.70..3874.92 rows=1001 width=121)
	              Recheck Cond: ((id >= 7690073) AND (id <= 7691072))
	              ->  Bitmap Index Scan on sbtest8_pkey  (cost=0.00..30.44 rows=1001 width=0)
	                    Index Cond: ((id >= 7690073) AND (id <= 7691072))

for: simple_ranges
table 1 : explain SELECT c FROM sbtest1 WHERE id BETWEEN 3648385 AND 3649384
	Bitmap Heap Scan on sbtest1  (cost=30.74..3891.38 rows=1005 width=121)
	  Recheck Cond: ((id >= 3648385) AND (id <= 3649384))
	  ->  Bitmap Index Scan on sbtest1_pkey  (cost=0.00..30.48 rows=1005 width=0)
	        Index Cond: ((id >= 3648385) AND (id <= 3649384))

table 2 : explain SELECT c FROM sbtest2 WHERE id BETWEEN 1388365 AND 1389364
	Bitmap Heap Scan on sbtest2  (cost=30.86..3935.32 rows=1017 width=121)
	  Recheck Cond: ((id >= 1388365) AND (id <= 1389364))
	  ->  Bitmap Index Scan on sbtest2_pkey  (cost=0.00..30.61 rows=1017 width=0)
	        Index Cond: ((id >= 1388365) AND (id <= 1389364))

table 3 : explain SELECT c FROM sbtest3 WHERE id BETWEEN 850768 AND 851767
	Bitmap Heap Scan on sbtest3  (cost=31.35..4122.82 rows=1065 width=121)
	  Recheck Cond: ((id >= 850768) AND (id <= 851767))
	  ->  Bitmap Index Scan on sbtest3_pkey  (cost=0.00..31.08 rows=1065 width=0)
	        Index Cond: ((id >= 850768) AND (id <= 851767))

table 4 : explain SELECT c FROM sbtest4 WHERE id BETWEEN 4238774 AND 4239773
	Bitmap Heap Scan on sbtest4  (cost=31.03..4004.61 rows=1034 width=121)
	  Recheck Cond: ((id >= 4238774) AND (id <= 4239773))
	  ->  Bitmap Index Scan on sbtest4_pkey  (cost=0.00..30.77 rows=1034 width=0)
	        Index Cond: ((id >= 4238774) AND (id <= 4239773))

table 5 : explain SELECT c FROM sbtest5 WHERE id BETWEEN 7317089 AND 7318088
	Bitmap Heap Scan on sbtest5  (cost=25.83..3554.41 rows=917 width=121)
	  Recheck Cond: ((id >= 7317089) AND (id <= 7318088))
	  ->  Bitmap Index Scan on sbtest5_pkey  (cost=0.00..25.61 rows=917 width=0)
	        Index Cond: ((id >= 7317089) AND (id <= 7318088))

table 6 : explain SELECT c FROM sbtest6 WHERE id BETWEEN 3652694 AND 3653693
	Bitmap Heap Scan on sbtest6  (cost=31.04..4005.33 rows=1035 width=121)
	  Recheck Cond: ((id >= 3652694) AND (id <= 3653693))
	  ->  Bitmap Index Scan on sbtest6_pkey  (cost=0.00..30.79 rows=1035 width=0)
	        Index Cond: ((id >= 3652694) AND (id <= 3653693))

table 7 : explain SELECT c FROM sbtest7 WHERE id BETWEEN 8915504 AND 8916503
	Bitmap Heap Scan on sbtest7  (cost=35.73..4266.74 rows=1102 width=121)
	  Recheck Cond: ((id >= 8915504) AND (id <= 8916503))
	  ->  Bitmap Index Scan on sbtest7_pkey  (cost=0.00..35.45 rows=1102 width=0)
	        Index Cond: ((id >= 8915504) AND (id <= 8916503))

table 8 : explain SELECT c FROM sbtest8 WHERE id BETWEEN 8328591 AND 8329590
	Bitmap Heap Scan on sbtest8  (cost=30.13..3667.43 rows=946 width=121)
	  Recheck Cond: ((id >= 8328591) AND (id <= 8329590))
	  ->  Bitmap Index Scan on sbtest8_pkey  (cost=0.00..29.89 rows=946 width=0)
	        Index Cond: ((id >= 8328591) AND (id <= 8329590))

for point_selects
table 1 : explain SELECT c FROM sbtest1 WHERE id=512756
	Index Scan using sbtest1_pkey on sbtest1  (cost=0.43..8.45 rows=1 width=121)
	  Index Cond: (id = 512756)

table 2 : explain SELECT c FROM sbtest2 WHERE id=7110382
	Index Scan using sbtest2_pkey on sbtest2  (cost=0.43..8.45 rows=1 width=121)
	  Index Cond: (id = 7110382)

table 3 : explain SELECT c FROM sbtest3 WHERE id=1789507
	Index Scan using sbtest3_pkey on sbtest3  (cost=0.43..8.45 rows=1 width=121)
	  Index Cond: (id = 1789507)

table 4 : explain SELECT c FROM sbtest4 WHERE id=6879629
	Index Scan using sbtest4_pkey on sbtest4  (cost=0.43..8.45 rows=1 width=121)
	  Index Cond: (id = 6879629)

table 5 : explain SELECT c FROM sbtest5 WHERE id=1292767
	Index Scan using sbtest5_pkey on sbtest5  (cost=0.43..8.45 rows=1 width=121)
	  Index Cond: (id = 1292767)

table 6 : explain SELECT c FROM sbtest6 WHERE id=5033206
	Index Scan using sbtest6_pkey on sbtest6  (cost=0.43..8.45 rows=1 width=121)
	  Index Cond: (id = 5033206)

table 7 : explain SELECT c FROM sbtest7 WHERE id=3724488
	Index Scan using sbtest7_pkey on sbtest7  (cost=0.43..8.45 rows=1 width=121)
	  Index Cond: (id = 3724488)

table 8 : explain SELECT c FROM sbtest8 WHERE id=8048661
	Index Scan using sbtest8_pkey on sbtest8  (cost=0.43..8.45 rows=1 width=121)
	  Index Cond: (id = 8048661)

for: simple_ranges
table 1 : explain SELECT c FROM sbtest1 WHERE id BETWEEN 949868 AND 950867
	Bitmap Heap Scan on sbtest1  (cost=30.60..3842.35 rows=992 width=121)
	  Recheck Cond: ((id >= 949868) AND (id <= 950867))
	  ->  Bitmap Index Scan on sbtest1_pkey  (cost=0.00..30.36 rows=992 width=0)
	        Index Cond: ((id >= 949868) AND (id <= 950867))

table 2 : explain SELECT c FROM sbtest2 WHERE id BETWEEN 6792112 AND 6793111
	Bitmap Heap Scan on sbtest2  (cost=30.47..3792.08 rows=979 width=121)
	  Recheck Cond: ((id >= 6792112) AND (id <= 6793111))
	  ->  Bitmap Index Scan on sbtest2_pkey  (cost=0.00..30.22 rows=979 width=0)
	        Index Cond: ((id >= 6792112) AND (id <= 6793111))

table 3 : explain SELECT c FROM sbtest3 WHERE id BETWEEN 6943886 AND 6944885
	Bitmap Heap Scan on sbtest3  (cost=31.54..4190.68 rows=1083 width=121)
	  Recheck Cond: ((id >= 6943886) AND (id <= 6944885))
	  ->  Bitmap Index Scan on sbtest3_pkey  (cost=0.00..31.26 rows=1083 width=0)
	        Index Cond: ((id >= 6943886) AND (id <= 6944885))

table 4 : explain SELECT c FROM sbtest4 WHERE id BETWEEN 9668699 AND 9669698
	Bitmap Heap Scan on sbtest4  (cost=30.85..3936.69 rows=1016 width=121)
	  Recheck Cond: ((id >= 9668699) AND (id <= 9669698))
	  ->  Bitmap Index Scan on sbtest4_pkey  (cost=0.00..30.59 rows=1016 width=0)
	        Index Cond: ((id >= 9668699) AND (id <= 9669698))

table 5 : explain SELECT c FROM sbtest5 WHERE id BETWEEN 9306637 AND 9307636
	Bitmap Heap Scan on sbtest5  (cost=30.71..3879.31 rows=1002 width=121)
	  Recheck Cond: ((id >= 9306637) AND (id <= 9307636))
	  ->  Bitmap Index Scan on sbtest5_pkey  (cost=0.00..30.45 rows=1002 width=0)
	        Index Cond: ((id >= 9306637) AND (id <= 9307636))

table 6 : explain SELECT c FROM sbtest6 WHERE id BETWEEN 8915428 AND 8916427
	Bitmap Heap Scan on sbtest6  (cost=25.55..3449.82 rows=889 width=121)
	  Recheck Cond: ((id >= 8915428) AND (id <= 8916427))
	  ->  Bitmap Index Scan on sbtest6_pkey  (cost=0.00..25.32 rows=889 width=0)
	        Index Cond: ((id >= 8915428) AND (id <= 8916427))

table 7 : explain SELECT c FROM sbtest7 WHERE id BETWEEN 8517898 AND 8518897
	Bitmap Heap Scan on sbtest7  (cost=30.29..3730.39 rows=961 width=121)
	  Recheck Cond: ((id >= 8517898) AND (id <= 8518897))
	  ->  Bitmap Index Scan on sbtest7_pkey  (cost=0.00..30.04 rows=961 width=0)
	        Index Cond: ((id >= 8517898) AND (id <= 8518897))

table 8 : explain SELECT c FROM sbtest8 WHERE id BETWEEN 1151206 AND 1152205
	Bitmap Heap Scan on sbtest8  (cost=32.04..4363.87 rows=1132 width=121)
	  Recheck Cond: ((id >= 1151206) AND (id <= 1152205))
	  ->  Bitmap Index Scan on sbtest8_pkey  (cost=0.00..31.75 rows=1132 width=0)
	        Index Cond: ((id >= 1151206) AND (id <= 1152205))

for: sum_ranges
table 1 : explain SELECT SUM(k) FROM sbtest1 WHERE id BETWEEN 382434 AND 383433
	Aggregate  (cost=3856.16..3856.17 rows=1 width=8)
	  ->  Bitmap Heap Scan on sbtest1  (cost=30.63..3853.67 rows=995 width=4)
	        Recheck Cond: ((id >= 382434) AND (id <= 383433))
	        ->  Bitmap Index Scan on sbtest1_pkey  (cost=0.00..30.39 rows=995 width=0)
	              Index Cond: ((id >= 382434) AND (id <= 383433))

table 2 : explain SELECT SUM(k) FROM sbtest2 WHERE id BETWEEN 4854272 AND 4855271
	Aggregate  (cost=4092.32..4092.33 rows=1 width=8)
	  ->  Bitmap Heap Scan on sbtest2  (cost=31.28..4089.67 rows=1058 width=4)
	        Recheck Cond: ((id >= 4854272) AND (id <= 4855271))
	        ->  Bitmap Index Scan on sbtest2_pkey  (cost=0.00..31.01 rows=1058 width=0)
	              Index Cond: ((id >= 4854272) AND (id <= 4855271))

table 3 : explain SELECT SUM(k) FROM sbtest3 WHERE id BETWEEN 5995500 AND 5996499
	Aggregate  (cost=3982.01..3982.02 rows=1 width=8)
	  ->  Bitmap Heap Scan on sbtest3  (cost=30.96..3979.45 rows=1027 width=4)
	        Recheck Cond: ((id >= 5995500) AND (id <= 5996499))
	        ->  Bitmap Index Scan on sbtest3_pkey  (cost=0.00..30.70 rows=1027 width=0)
	              Index Cond: ((id >= 5995500) AND (id <= 5996499))

table 4 : explain SELECT SUM(k) FROM sbtest4 WHERE id BETWEEN 4386639 AND 4387638
	Aggregate  (cost=3632.63..3632.64 rows=1 width=8)
	  ->  Bitmap Heap Scan on sbtest4  (cost=26.03..3630.29 rows=936 width=4)
	        Recheck Cond: ((id >= 4386639) AND (id <= 4387638))
	        ->  Bitmap Index Scan on sbtest4_pkey  (cost=0.00..25.79 rows=936 width=0)
	              Index Cond: ((id >= 4386639) AND (id <= 4387638))

table 5 : explain SELECT SUM(k) FROM sbtest5 WHERE id BETWEEN 7819919 AND 7820918
	Aggregate  (cost=3779.92..3779.93 rows=1 width=8)
	  ->  Bitmap Heap Scan on sbtest5  (cost=30.43..3777.48 rows=975 width=4)
	        Recheck Cond: ((id >= 7819919) AND (id <= 7820918))
	        ->  Bitmap Index Scan on sbtest5_pkey  (cost=0.00..30.18 rows=975 width=0)
	              Index Cond: ((id >= 7819919) AND (id <= 7820918))

table 6 : explain SELECT SUM(k) FROM sbtest6 WHERE id BETWEEN 505082 AND 506081
	Aggregate  (cost=3917.38..3917.39 rows=1 width=8)
	  ->  Bitmap Heap Scan on sbtest6  (cost=30.80..3914.86 rows=1011 width=4)
	        Recheck Cond: ((id >= 505082) AND (id <= 506081))
	        ->  Bitmap Index Scan on sbtest6_pkey  (cost=0.00..30.54 rows=1011 width=0)
	              Index Cond: ((id >= 505082) AND (id <= 506081))

table 7 : explain SELECT SUM(k) FROM sbtest7 WHERE id BETWEEN 2869789 AND 2870788
	Aggregate  (cost=3675.98..3675.99 rows=1 width=8)
	  ->  Bitmap Heap Scan on sbtest7  (cost=30.13..3673.62 rows=946 width=4)
	        Recheck Cond: ((id >= 2869789) AND (id <= 2870788))
	        ->  Bitmap Index Scan on sbtest7_pkey  (cost=0.00..29.89 rows=946 width=0)
	              Index Cond: ((id >= 2869789) AND (id <= 2870788))

table 8 : explain SELECT SUM(k) FROM sbtest8 WHERE id BETWEEN 511255 AND 512254
	Aggregate  (cost=3798.20..3798.21 rows=1 width=8)
	  ->  Bitmap Heap Scan on sbtest8  (cost=30.48..3795.75 rows=980 width=4)
	        Recheck Cond: ((id >= 511255) AND (id <= 512254))
	        ->  Bitmap Index Scan on sbtest8_pkey  (cost=0.00..30.23 rows=980 width=0)
	              Index Cond: ((id >= 511255) AND (id <= 512254))

for: sum_ranges
table 1 : explain SELECT SUM(k) FROM sbtest1 WHERE id BETWEEN 1601825 AND 1602824
	Aggregate  (cost=3648.37..3648.38 rows=1 width=8)
	  ->  Bitmap Heap Scan on sbtest1  (cost=30.07..3646.02 rows=940 width=4)
	        Recheck Cond: ((id >= 1601825) AND (id <= 1602824))
	        ->  Bitmap Index Scan on sbtest1_pkey  (cost=0.00..29.83 rows=940 width=0)
	              Index Cond: ((id >= 1601825) AND (id <= 1602824))

table 2 : explain SELECT SUM(k) FROM sbtest2 WHERE id BETWEEN 5655311 AND 5656310
	Aggregate  (cost=3647.22..3647.23 rows=1 width=8)
	  ->  Bitmap Heap Scan on sbtest2  (cost=30.07..3644.87 rows=940 width=4)
	        Recheck Cond: ((id >= 5655311) AND (id <= 5656310))
	        ->  Bitmap Index Scan on sbtest2_pkey  (cost=0.00..29.83 rows=940 width=0)
	              Index Cond: ((id >= 5655311) AND (id <= 5656310))

table 3 : explain SELECT SUM(k) FROM sbtest3 WHERE id BETWEEN 2910253 AND 2911252
	Aggregate  (cost=3717.26..3717.27 rows=1 width=8)
	  ->  Bitmap Heap Scan on sbtest3  (cost=30.24..3714.87 rows=957 width=4)
	        Recheck Cond: ((id >= 2910253) AND (id <= 2911252))
	        ->  Bitmap Index Scan on sbtest3_pkey  (cost=0.00..30.00 rows=957 width=0)
	              Index Cond: ((id >= 2910253) AND (id <= 2911252))

table 4 : explain SELECT SUM(k) FROM sbtest4 WHERE id BETWEEN 9681461 AND 9682460
	Aggregate  (cost=3939.23..3939.24 rows=1 width=8)
	  ->  Bitmap Heap Scan on sbtest4  (cost=30.85..3936.69 rows=1016 width=4)
	        Recheck Cond: ((id >= 9681461) AND (id <= 9682460))
	        ->  Bitmap Index Scan on sbtest4_pkey  (cost=0.00..30.59 rows=1016 width=0)
	              Index Cond: ((id >= 9681461) AND (id <= 9682460))

table 5 : explain SELECT SUM(k) FROM sbtest5 WHERE id BETWEEN 7834492 AND 7835491
	Aggregate  (cost=3779.92..3779.93 rows=1 width=8)
	  ->  Bitmap Heap Scan on sbtest5  (cost=30.43..3777.48 rows=975 width=4)
	        Recheck Cond: ((id >= 7834492) AND (id <= 7835491))
	        ->  Bitmap Index Scan on sbtest5_pkey  (cost=0.00..30.18 rows=975 width=0)
	              Index Cond: ((id >= 7834492) AND (id <= 7835491))

table 6 : explain SELECT SUM(k) FROM sbtest6 WHERE id BETWEEN 1635550 AND 1636549
	Aggregate  (cost=3717.20..3717.21 rows=1 width=8)
	  ->  Bitmap Heap Scan on sbtest6  (cost=30.25..3714.81 rows=958 width=4)
	        Recheck Cond: ((id >= 1635550) AND (id <= 1636549))
	        ->  Bitmap Index Scan on sbtest6_pkey  (cost=0.00..30.01 rows=958 width=0)
	              Index Cond: ((id >= 1635550) AND (id <= 1636549))

table 7 : explain SELECT SUM(k) FROM sbtest7 WHERE id BETWEEN 3384213 AND 3385212
	Aggregate  (cost=3535.72..3535.73 rows=1 width=8)
	  ->  Bitmap Heap Scan on sbtest7  (cost=29.75..3533.45 rows=909 width=4)
	        Recheck Cond: ((id >= 3384213) AND (id <= 3385212))
	        ->  Bitmap Index Scan on sbtest7_pkey  (cost=0.00..29.52 rows=909 width=0)
	              Index Cond: ((id >= 3384213) AND (id <= 3385212))

table 8 : explain SELECT SUM(k) FROM sbtest8 WHERE id BETWEEN 657001 AND 658000
	Aggregate  (cost=3715.13..3715.14 rows=1 width=8)
	  ->  Bitmap Heap Scan on sbtest8  (cost=30.25..3712.74 rows=958 width=4)
	        Recheck Cond: ((id >= 657001) AND (id <= 658000))
	        ->  Bitmap Index Scan on sbtest8_pkey  (cost=0.00..30.01 rows=958 width=0)
	              Index Cond: ((id >= 657001) AND (id <= 658000))

for point_selects
table 1 : explain SELECT c FROM sbtest1 WHERE id=348746
	Index Scan using sbtest1_pkey on sbtest1  (cost=0.43..8.45 rows=1 width=121)
	  Index Cond: (id = 348746)

table 2 : explain SELECT c FROM sbtest2 WHERE id=2988807
	Index Scan using sbtest2_pkey on sbtest2  (cost=0.43..8.45 rows=1 width=121)
	  Index Cond: (id = 2988807)

table 3 : explain SELECT c FROM sbtest3 WHERE id=8876193
	Index Scan using sbtest3_pkey on sbtest3  (cost=0.43..8.45 rows=1 width=121)
	  Index Cond: (id = 8876193)

table 4 : explain SELECT c FROM sbtest4 WHERE id=2497522
	Index Scan using sbtest4_pkey on sbtest4  (cost=0.43..8.45 rows=1 width=121)
	  Index Cond: (id = 2497522)

table 5 : explain SELECT c FROM sbtest5 WHERE id=4204348
	Index Scan using sbtest5_pkey on sbtest5  (cost=0.43..8.45 rows=1 width=121)
	  Index Cond: (id = 4204348)

table 6 : explain SELECT c FROM sbtest6 WHERE id=2920655
	Index Scan using sbtest6_pkey on sbtest6  (cost=0.43..8.45 rows=1 width=121)
	  Index Cond: (id = 2920655)

table 7 : explain SELECT c FROM sbtest7 WHERE id=4862723
	Index Scan using sbtest7_pkey on sbtest7  (cost=0.43..8.45 rows=1 width=121)
	  Index Cond: (id = 4862723)

table 8 : explain SELECT c FROM sbtest8 WHERE id=8723263
	Index Scan using sbtest8_pkey on sbtest8  (cost=0.43..8.45 rows=1 width=121)
	  Index Cond: (id = 8723263)

for point_selects
table 1 : explain SELECT c FROM sbtest1 WHERE id=3135817
	Index Scan using sbtest1_pkey on sbtest1  (cost=0.43..8.45 rows=1 width=121)
	  Index Cond: (id = 3135817)

table 2 : explain SELECT c FROM sbtest2 WHERE id=673110
	Index Scan using sbtest2_pkey on sbtest2  (cost=0.43..8.45 rows=1 width=121)
	  Index Cond: (id = 673110)

table 3 : explain SELECT c FROM sbtest3 WHERE id=8095600
	Index Scan using sbtest3_pkey on sbtest3  (cost=0.43..8.45 rows=1 width=121)
	  Index Cond: (id = 8095600)

table 4 : explain SELECT c FROM sbtest4 WHERE id=993193
	Index Scan using sbtest4_pkey on sbtest4  (cost=0.43..8.45 rows=1 width=121)
	  Index Cond: (id = 993193)

table 5 : explain SELECT c FROM sbtest5 WHERE id=7008776
	Index Scan using sbtest5_pkey on sbtest5  (cost=0.43..8.45 rows=1 width=121)
	  Index Cond: (id = 7008776)

table 6 : explain SELECT c FROM sbtest6 WHERE id=2576354
	Index Scan using sbtest6_pkey on sbtest6  (cost=0.43..8.45 rows=1 width=121)
	  Index Cond: (id = 2576354)

table 7 : explain SELECT c FROM sbtest7 WHERE id=6093546
	Index Scan using sbtest7_pkey on sbtest7  (cost=0.43..8.45 rows=1 width=121)
	  Index Cond: (id = 6093546)

table 8 : explain SELECT c FROM sbtest8 WHERE id=7780566
	Index Scan using sbtest8_pkey on sbtest8  (cost=0.43..8.45 rows=1 width=121)
	  Index Cond: (id = 7780566)

for: sum_ranges
table 1 : explain SELECT SUM(k) FROM sbtest1 WHERE id BETWEEN 1588085 AND 1589084
	Aggregate  (cost=3648.37..3648.38 rows=1 width=8)
	  ->  Bitmap Heap Scan on sbtest1  (cost=30.07..3646.02 rows=940 width=4)
	        Recheck Cond: ((id >= 1588085) AND (id <= 1589084))
	        ->  Bitmap Index Scan on sbtest1_pkey  (cost=0.00..29.83 rows=940 width=0)
	              Index Cond: ((id >= 1588085) AND (id <= 1589084))

table 2 : explain SELECT SUM(k) FROM sbtest2 WHERE id BETWEEN 2074486 AND 2075485
	Aggregate  (cost=3518.42..3518.43 rows=1 width=8)
	  ->  Bitmap Heap Scan on sbtest2  (cost=25.73..3516.15 rows=907 width=4)
	        Recheck Cond: ((id >= 2074486) AND (id <= 2075485))
	        ->  Bitmap Index Scan on sbtest2_pkey  (cost=0.00..25.50 rows=907 width=0)
	              Index Cond: ((id >= 2074486) AND (id <= 2075485))

table 3 : explain SELECT SUM(k) FROM sbtest3 WHERE id BETWEEN 9380991 AND 9381990
	Aggregate  (cost=3561.91..3561.92 rows=1 width=8)
	  ->  Bitmap Heap Scan on sbtest3  (cost=29.82..3559.62 rows=916 width=4)
	        Recheck Cond: ((id >= 9380991) AND (id <= 9381990))
	        ->  Bitmap Index Scan on sbtest3_pkey  (cost=0.00..29.59 rows=916 width=0)
	              Index Cond: ((id >= 9380991) AND (id <= 9381990))

table 4 : explain SELECT SUM(k) FROM sbtest4 WHERE id BETWEEN 9033857 AND 9034856
	Aggregate  (cost=4173.19..4173.20 rows=1 width=8)
	  ->  Bitmap Heap Scan on sbtest4  (cost=31.48..4170.50 rows=1078 width=4)
	        Recheck Cond: ((id >= 9033857) AND (id <= 9034856))
	        ->  Bitmap Index Scan on sbtest4_pkey  (cost=0.00..31.21 rows=1078 width=0)
	              Index Cond: ((id >= 9033857) AND (id <= 9034856))

table 5 : explain SELECT SUM(k) FROM sbtest5 WHERE id BETWEEN 4591656 AND 4592655
	Aggregate  (cost=3605.87..3605.88 rows=1 width=8)
	  ->  Bitmap Heap Scan on sbtest5  (cost=25.97..3603.55 rows=930 width=4)
	        Recheck Cond: ((id >= 4591656) AND (id <= 4592655))
	        ->  Bitmap Index Scan on sbtest5_pkey  (cost=0.00..25.73 rows=930 width=0)
	              Index Cond: ((id >= 4591656) AND (id <= 4592655))

table 6 : explain SELECT SUM(k) FROM sbtest6 WHERE id BETWEEN 3159207 AND 3160206
	Aggregate  (cost=4072.00..4072.01 rows=1 width=8)
	  ->  Bitmap Heap Scan on sbtest6  (cost=31.22..4069.37 rows=1052 width=4)
	        Recheck Cond: ((id >= 3159207) AND (id <= 3160206))
	        ->  Bitmap Index Scan on sbtest6_pkey  (cost=0.00..30.95 rows=1052 width=0)
	              Index Cond: ((id >= 3159207) AND (id <= 3160206))

table 7 : explain SELECT SUM(k) FROM sbtest7 WHERE id BETWEEN 2180816 AND 2181815
	Aggregate  (cost=3910.63..3910.64 rows=1 width=8)
	  ->  Bitmap Heap Scan on sbtest7  (cost=30.77..3908.11 rows=1008 width=4)
	        Recheck Cond: ((id >= 2180816) AND (id <= 2181815))
	        ->  Bitmap Index Scan on sbtest7_pkey  (cost=0.00..30.51 rows=1008 width=0)
	              Index Cond: ((id >= 2180816) AND (id <= 2181815))

table 8 : explain SELECT SUM(k) FROM sbtest8 WHERE id BETWEEN 7529673 AND 7530672
	Aggregate  (cost=3971.68..3971.69 rows=1 width=8)
	  ->  Bitmap Heap Scan on sbtest8  (cost=30.95..3969.11 rows=1026 width=4)
	        Recheck Cond: ((id >= 7529673) AND (id <= 7530672))
	        ->  Bitmap Index Scan on sbtest8_pkey  (cost=0.00..30.69 rows=1026 width=0)
	              Index Cond: ((id >= 7529673) AND (id <= 7530672))

for: simple_ranges
table 1 : explain SELECT c FROM sbtest1 WHERE id BETWEEN 887957 AND 888956
	Bitmap Heap Scan on sbtest1  (cost=30.16..3680.03 rows=949 width=121)
	  Recheck Cond: ((id >= 887957) AND (id <= 888956))
	  ->  Bitmap Index Scan on sbtest1_pkey  (cost=0.00..29.93 rows=949 width=0)
	        Index Cond: ((id >= 887957) AND (id <= 888956))

table 2 : explain SELECT c FROM sbtest2 WHERE id BETWEEN 5692743 AND 5693742
	Bitmap Heap Scan on sbtest2  (cost=30.07..3644.87 rows=940 width=121)
	  Recheck Cond: ((id >= 5692743) AND (id <= 5693742))
	  ->  Bitmap Index Scan on sbtest2_pkey  (cost=0.00..29.83 rows=940 width=0)
	        Index Cond: ((id >= 5692743) AND (id <= 5693742))

table 3 : explain SELECT c FROM sbtest3 WHERE id BETWEEN 818709 AND 819708
	Bitmap Heap Scan on sbtest3  (cost=31.35..4122.82 rows=1065 width=121)
	  Recheck Cond: ((id >= 818709) AND (id <= 819708))
	  ->  Bitmap Index Scan on sbtest3_pkey  (cost=0.00..31.08 rows=1065 width=0)
	        Index Cond: ((id >= 818709) AND (id <= 819708))

table 4 : explain SELECT c FROM sbtest4 WHERE id BETWEEN 3357274 AND 3358273
	Bitmap Heap Scan on sbtest4  (cost=30.86..3940.46 rows=1017 width=121)
	  Recheck Cond: ((id >= 3357274) AND (id <= 3358273))
	  ->  Bitmap Index Scan on sbtest4_pkey  (cost=0.00..30.61 rows=1017 width=0)
	        Index Cond: ((id >= 3357274) AND (id <= 3358273))

table 5 : explain SELECT c FROM sbtest5 WHERE id BETWEEN 1770989 AND 1771988
	Bitmap Heap Scan on sbtest5  (cost=25.77..3531.72 rows=911 width=121)
	  Recheck Cond: ((id >= 1770989) AND (id <= 1771988))
	  ->  Bitmap Index Scan on sbtest5_pkey  (cost=0.00..25.54 rows=911 width=0)
	        Index Cond: ((id >= 1770989) AND (id <= 1771988))

table 6 : explain SELECT c FROM sbtest6 WHERE id BETWEEN 6504869 AND 6505868
	Bitmap Heap Scan on sbtest6  (cost=31.01..3994.02 rows=1032 width=121)
	  Recheck Cond: ((id >= 6504869) AND (id <= 6505868))
	  ->  Bitmap Index Scan on sbtest6_pkey  (cost=0.00..30.75 rows=1032 width=0)
	        Index Cond: ((id >= 6504869) AND (id <= 6505868))

table 7 : explain SELECT c FROM sbtest7 WHERE id BETWEEN 1524329 AND 1525328
	Bitmap Heap Scan on sbtest7  (cost=35.87..4319.47 rows=1116 width=121)
	  Recheck Cond: ((id >= 1524329) AND (id <= 1525328))
	  ->  Bitmap Index Scan on sbtest7_pkey  (cost=0.00..35.59 rows=1116 width=0)
	        Index Cond: ((id >= 1524329) AND (id <= 1525328))

table 8 : explain SELECT c FROM sbtest8 WHERE id BETWEEN 1863648 AND 1864647
	Bitmap Heap Scan on sbtest8  (cost=25.48..3421.48 rows=882 width=121)
	  Recheck Cond: ((id >= 1863648) AND (id <= 1864647))
	  ->  Bitmap Index Scan on sbtest8_pkey  (cost=0.00..25.25 rows=882 width=0)
	        Index Cond: ((id >= 1863648) AND (id <= 1864647))

for: simple_ranges
table 1 : explain SELECT c FROM sbtest1 WHERE id BETWEEN 6373274 AND 6374273
	Bitmap Heap Scan on sbtest1  (cost=30.42..3774.43 rows=974 width=121)
	  Recheck Cond: ((id >= 6373274) AND (id <= 6374273))
	  ->  Bitmap Index Scan on sbtest1_pkey  (cost=0.00..30.18 rows=974 width=0)
	        Index Cond: ((id >= 6373274) AND (id <= 6374273))

table 2 : explain SELECT c FROM sbtest2 WHERE id BETWEEN 6137695 AND 6138694
	Bitmap Heap Scan on sbtest2  (cost=30.89..3946.62 rows=1020 width=121)
	  Recheck Cond: ((id >= 6137695) AND (id <= 6138694))
	  ->  Bitmap Index Scan on sbtest2_pkey  (cost=0.00..30.64 rows=1020 width=0)
	        Index Cond: ((id >= 6137695) AND (id <= 6138694))

table 3 : explain SELECT c FROM sbtest3 WHERE id BETWEEN 7473583 AND 7474582
	Bitmap Heap Scan on sbtest3  (cost=30.21..3703.52 rows=954 width=121)
	  Recheck Cond: ((id >= 7473583) AND (id <= 7474582))
	  ->  Bitmap Index Scan on sbtest3_pkey  (cost=0.00..29.97 rows=954 width=0)
	        Index Cond: ((id >= 7473583) AND (id <= 7474582))

table 4 : explain SELECT c FROM sbtest4 WHERE id BETWEEN 6497077 AND 6498076
	Bitmap Heap Scan on sbtest4  (cost=30.68..3876.27 rows=1000 width=121)
	  Recheck Cond: ((id >= 6497077) AND (id <= 6498076))
	  ->  Bitmap Index Scan on sbtest4_pkey  (cost=0.00..30.43 rows=1000 width=0)
	        Index Cond: ((id >= 6497077) AND (id <= 6498076))

table 5 : explain SELECT c FROM sbtest5 WHERE id BETWEEN 4494486 AND 4495485
	Bitmap Heap Scan on sbtest5  (cost=30.39..3762.39 rows=971 width=121)
	  Recheck Cond: ((id >= 4494486) AND (id <= 4495485))
	  ->  Bitmap Index Scan on sbtest5_pkey  (cost=0.00..30.14 rows=971 width=0)
	        Index Cond: ((id >= 4494486) AND (id <= 4495485))

table 6 : explain SELECT c FROM sbtest6 WHERE id BETWEEN 8453924 AND 8454923
	Bitmap Heap Scan on sbtest6  (cost=30.34..3745.03 rows=966 width=121)
	  Recheck Cond: ((id >= 8453924) AND (id <= 8454923))
	  ->  Bitmap Index Scan on sbtest6_pkey  (cost=0.00..30.09 rows=966 width=0)
	        Index Cond: ((id >= 8453924) AND (id <= 8454923))

table 7 : explain SELECT c FROM sbtest7 WHERE id BETWEEN 8165707 AND 8166706
	Bitmap Heap Scan on sbtest7  (cost=29.71..3518.28 rows=905 width=121)
	  Recheck Cond: ((id >= 8165707) AND (id <= 8166706))
	  ->  Bitmap Index Scan on sbtest7_pkey  (cost=0.00..29.48 rows=905 width=0)
	        Index Cond: ((id >= 8165707) AND (id <= 8166706))

table 8 : explain SELECT c FROM sbtest8 WHERE id BETWEEN 2668220 AND 2669219
	Bitmap Heap Scan on sbtest8  (cost=30.94..3965.35 rows=1025 width=121)
	  Recheck Cond: ((id >= 2668220) AND (id <= 2669219))
	  ->  Bitmap Index Scan on sbtest8_pkey  (cost=0.00..30.68 rows=1025 width=0)
	        Index Cond: ((id >= 2668220) AND (id <= 2669219))

for: order_ranges
table 1 : explain SELECT c FROM sbtest1 WHERE id BETWEEN 6013394 AND 6014393 ORDER BY c
	Sort  (cost=3930.01..3932.52 rows=1002 width=121)
	  Sort Key: c
	  ->  Bitmap Heap Scan on sbtest1  (cost=30.71..3880.07 rows=1002 width=121)
	        Recheck Cond: ((id >= 6013394) AND (id <= 6014393))
	        ->  Bitmap Index Scan on sbtest1_pkey  (cost=0.00..30.45 rows=1002 width=0)
	              Index Cond: ((id >= 6013394) AND (id <= 6014393))

table 2 : explain SELECT c FROM sbtest2 WHERE id BETWEEN 6623839 AND 6624838 ORDER BY c
	Sort  (cost=3741.12..3743.50 rows=953 width=121)
	  Sort Key: c
	  ->  Bitmap Heap Scan on sbtest2  (cost=30.20..3693.96 rows=953 width=121)
	        Recheck Cond: ((id >= 6623839) AND (id <= 6624838))
	        ->  Bitmap Index Scan on sbtest2_pkey  (cost=0.00..29.96 rows=953 width=0)
	              Index Cond: ((id >= 6623839) AND (id <= 6624838))

table 3 : explain SELECT c FROM sbtest3 WHERE id BETWEEN 9454714 AND 9455713 ORDER BY c
	Sort  (cost=4295.00..4297.74 rows=1096 width=121)
	  Sort Key: c
	  ->  Bitmap Heap Scan on sbtest3  (cost=31.67..4239.66 rows=1096 width=121)
	        Recheck Cond: ((id >= 9454714) AND (id <= 9455713))
	        ->  Bitmap Index Scan on sbtest3_pkey  (cost=0.00..31.39 rows=1096 width=0)
	              Index Cond: ((id >= 9454714) AND (id <= 9455713))

table 4 : explain SELECT c FROM sbtest4 WHERE id BETWEEN 2946222 AND 2947221 ORDER BY c
	Sort  (cost=4052.56..4055.14 rows=1033 width=121)
	  Sort Key: c
	  ->  Bitmap Heap Scan on sbtest4  (cost=31.02..4000.84 rows=1033 width=121)
	        Recheck Cond: ((id >= 2946222) AND (id <= 2947221))
	        ->  Bitmap Index Scan on sbtest4_pkey  (cost=0.00..30.76 rows=1033 width=0)
	              Index Cond: ((id >= 2946222) AND (id <= 2947221))

table 5 : explain SELECT c FROM sbtest5 WHERE id BETWEEN 1048428 AND 1049427 ORDER BY c
	Sort  (cost=3864.18..3866.64 rows=985 width=121)
	  Sort Key: c
	  ->  Bitmap Heap Scan on sbtest5  (cost=30.53..3815.21 rows=985 width=121)
	        Recheck Cond: ((id >= 1048428) AND (id <= 1049427))
	        ->  Bitmap Index Scan on sbtest5_pkey  (cost=0.00..30.29 rows=985 width=0)
	              Index Cond: ((id >= 1048428) AND (id <= 1049427))

table 6 : explain SELECT c FROM sbtest6 WHERE id BETWEEN 6466874 AND 6467873 ORDER BY c
	Sort  (cost=3919.37..3921.86 rows=999 width=121)
	  Sort Key: c
	  ->  Bitmap Heap Scan on sbtest6  (cost=30.67..3869.59 rows=999 width=121)
	        Recheck Cond: ((id >= 6466874) AND (id <= 6467873))
	        ->  Bitmap Index Scan on sbtest6_pkey  (cost=0.00..30.43 rows=999 width=0)
	              Index Cond: ((id >= 6466874) AND (id <= 6467873))

table 7 : explain SELECT c FROM sbtest7 WHERE id BETWEEN 93323 AND 94322 ORDER BY c
	Sort  (cost=3893.18..3895.66 rows=991 width=121)
	  Sort Key: c
	  ->  Bitmap Heap Scan on sbtest7  (cost=30.59..3843.86 rows=991 width=121)
	        Recheck Cond: ((id >= 93323) AND (id <= 94322))
	        ->  Bitmap Index Scan on sbtest7_pkey  (cost=0.00..30.34 rows=991 width=0)
	              Index Cond: ((id >= 93323) AND (id <= 94322))

table 8 : explain SELECT c FROM sbtest8 WHERE id BETWEEN 8198004 AND 8199003 ORDER BY c
	Sort  (cost=3656.68..3659.01 rows=931 width=121)
	  Sort Key: c
	  ->  Bitmap Heap Scan on sbtest8  (cost=29.98..3610.77 rows=931 width=121)
	        Recheck Cond: ((id >= 8198004) AND (id <= 8199003))
	        ->  Bitmap Index Scan on sbtest8_pkey  (cost=0.00..29.75 rows=931 width=0)
	              Index Cond: ((id >= 8198004) AND (id <= 8199003))

for: simple_ranges
table 1 : explain SELECT c FROM sbtest1 WHERE id BETWEEN 3535679 AND 3536678
	Bitmap Heap Scan on sbtest1  (cost=30.70..3876.30 rows=1001 width=121)
	  Recheck Cond: ((id >= 3535679) AND (id <= 3536678))
	  ->  Bitmap Index Scan on sbtest1_pkey  (cost=0.00..30.44 rows=1001 width=0)
	        Index Cond: ((id >= 3535679) AND (id <= 3536678))

table 2 : explain SELECT c FROM sbtest2 WHERE id BETWEEN 6657685 AND 6658684
	Bitmap Heap Scan on sbtest2  (cost=30.20..3693.96 rows=953 width=121)
	  Recheck Cond: ((id >= 6657685) AND (id <= 6658684))
	  ->  Bitmap Index Scan on sbtest2_pkey  (cost=0.00..29.96 rows=953 width=0)
	        Index Cond: ((id >= 6657685) AND (id <= 6658684))

table 3 : explain SELECT c FROM sbtest3 WHERE id BETWEEN 8327254 AND 8328253
	Bitmap Heap Scan on sbtest3  (cost=30.27..3726.22 rows=960 width=121)
	  Recheck Cond: ((id >= 8327254) AND (id <= 8328253))
	  ->  Bitmap Index Scan on sbtest3_pkey  (cost=0.00..30.04 rows=960 width=0)
	        Index Cond: ((id >= 8327254) AND (id <= 8328253))

table 4 : explain SELECT c FROM sbtest4 WHERE id BETWEEN 4390754 AND 4391753
	Bitmap Heap Scan on sbtest4  (cost=26.03..3630.29 rows=936 width=121)
	  Recheck Cond: ((id >= 4390754) AND (id <= 4391753))
	  ->  Bitmap Index Scan on sbtest4_pkey  (cost=0.00..25.79 rows=936 width=0)
	        Index Cond: ((id >= 4390754) AND (id <= 4391753))

table 5 : explain SELECT c FROM sbtest5 WHERE id BETWEEN 5704375 AND 5705374
	Bitmap Heap Scan on sbtest5  (cost=30.95..3969.75 rows=1026 width=121)
	  Recheck Cond: ((id >= 5704375) AND (id <= 5705374))
	  ->  Bitmap Index Scan on sbtest5_pkey  (cost=0.00..30.69 rows=1026 width=0)
	        Index Cond: ((id >= 5704375) AND (id <= 5705374))

table 6 : explain SELECT c FROM sbtest6 WHERE id BETWEEN 2706576 AND 2707575
	Bitmap Heap Scan on sbtest6  (cost=30.73..3888.46 rows=1004 width=121)
	  Recheck Cond: ((id >= 2706576) AND (id <= 2707575))
	  ->  Bitmap Index Scan on sbtest6_pkey  (cost=0.00..30.47 rows=1004 width=0)
	        Index Cond: ((id >= 2706576) AND (id <= 2707575))

table 7 : explain SELECT c FROM sbtest7 WHERE id BETWEEN 2902183 AND 2903182
	Bitmap Heap Scan on sbtest7  (cost=25.22..3332.15 rows=857 width=121)
	  Recheck Cond: ((id >= 2902183) AND (id <= 2903182))
	  ->  Bitmap Index Scan on sbtest7_pkey  (cost=0.00..25.00 rows=857 width=0)
	        Index Cond: ((id >= 2902183) AND (id <= 2903182))

table 8 : explain SELECT c FROM sbtest8 WHERE id BETWEEN 5856194 AND 5857193
	Bitmap Heap Scan on sbtest8  (cost=30.99..3984.17 rows=1030 width=121)
	  Recheck Cond: ((id >= 5856194) AND (id <= 5857193))
	  ->  Bitmap Index Scan on sbtest8_pkey  (cost=0.00..30.73 rows=1030 width=0)
	        Index Cond: ((id >= 5856194) AND (id <= 5857193))

for: order_ranges
table 1 : explain SELECT c FROM sbtest1 WHERE id BETWEEN 5042415 AND 5043414 ORDER BY c
	Sort  (cost=4243.51..4246.22 rows=1084 width=121)
	  Sort Key: c
	  ->  Bitmap Heap Scan on sbtest1  (cost=31.55..4188.87 rows=1084 width=121)
	        Recheck Cond: ((id >= 5042415) AND (id <= 5043414))
	        ->  Bitmap Index Scan on sbtest1_pkey  (cost=0.00..31.27 rows=1084 width=0)
	              Index Cond: ((id >= 5042415) AND (id <= 5043414))

table 2 : explain SELECT c FROM sbtest2 WHERE id BETWEEN 8231391 AND 8232390 ORDER BY c
	Sort  (cost=3974.65..3977.18 rows=1014 width=121)
	  Sort Key: c
	  ->  Bitmap Heap Scan on sbtest2  (cost=30.83..3924.02 rows=1014 width=121)
	        Recheck Cond: ((id >= 8231391) AND (id <= 8232390))
	        ->  Bitmap Index Scan on sbtest2_pkey  (cost=0.00..30.57 rows=1014 width=0)
	              Index Cond: ((id >= 8231391) AND (id <= 8232390))

table 3 : explain SELECT c FROM sbtest3 WHERE id BETWEEN 3783263 AND 3784262 ORDER BY c
	Sort  (cost=4023.15..4025.71 rows=1025 width=121)
	  Sort Key: c
	  ->  Bitmap Heap Scan on sbtest3  (cost=30.94..3971.89 rows=1025 width=121)
	        Recheck Cond: ((id >= 3783263) AND (id <= 3784262))
	        ->  Bitmap Index Scan on sbtest3_pkey  (cost=0.00..30.68 rows=1025 width=0)
	              Index Cond: ((id >= 3783263) AND (id <= 3784262))

table 4 : explain SELECT c FROM sbtest4 WHERE id BETWEEN 9081653 AND 9082652 ORDER BY c
	Sort  (cost=4224.80..4227.49 rows=1078 width=121)
	  Sort Key: c
	  ->  Bitmap Heap Scan on sbtest4  (cost=31.48..4170.50 rows=1078 width=121)
	        Recheck Cond: ((id >= 9081653) AND (id <= 9082652))
	        ->  Bitmap Index Scan on sbtest4_pkey  (cost=0.00..31.21 rows=1078 width=0)
	              Index Cond: ((id >= 9081653) AND (id <= 9082652))

table 5 : explain SELECT c FROM sbtest5 WHERE id BETWEEN 6383202 AND 6384201 ORDER BY c
	Sort  (cost=4170.12..4172.78 rows=1065 width=121)
	  Sort Key: c
	  ->  Bitmap Heap Scan on sbtest5  (cost=31.35..4116.56 rows=1065 width=121)
	        Recheck Cond: ((id >= 6383202) AND (id <= 6384201))
	        ->  Bitmap Index Scan on sbtest5_pkey  (cost=0.00..31.08 rows=1065 width=0)
	              Index Cond: ((id >= 6383202) AND (id <= 6384201))

table 6 : explain SELECT c FROM sbtest6 WHERE id BETWEEN 5357868 AND 5358867 ORDER BY c
	Sort  (cost=4206.26..4208.95 rows=1074 width=121)
	  Sort Key: c
	  ->  Bitmap Heap Scan on sbtest6  (cost=31.44..4152.19 rows=1074 width=121)
	        Recheck Cond: ((id >= 5357868) AND (id <= 5358867))
	        ->  Bitmap Index Scan on sbtest6_pkey  (cost=0.00..31.18 rows=1074 width=0)
	              Index Cond: ((id >= 5357868) AND (id <= 5358867))

table 7 : explain SELECT c FROM sbtest7 WHERE id BETWEEN 9654333 AND 9655332 ORDER BY c
	Sort  (cost=3935.38..3937.89 rows=1002 width=121)
	  Sort Key: c
	  ->  Bitmap Heap Scan on sbtest7  (cost=30.71..3885.44 rows=1002 width=121)
	        Recheck Cond: ((id >= 9654333) AND (id <= 9655332))
	        ->  Bitmap Index Scan on sbtest7_pkey  (cost=0.00..30.45 rows=1002 width=0)
	              Index Cond: ((id >= 9654333) AND (id <= 9655332))

table 8 : explain SELECT c FROM sbtest8 WHERE id BETWEEN 2847080 AND 2848079 ORDER BY c
	Sort  (cost=4245.78..4248.50 rows=1085 width=121)
	  Sort Key: c
	  ->  Bitmap Heap Scan on sbtest8  (cost=31.56..4191.08 rows=1085 width=121)
	        Recheck Cond: ((id >= 2847080) AND (id <= 2848079))
	        ->  Bitmap Index Scan on sbtest8_pkey  (cost=0.00..31.29 rows=1085 width=0)
	              Index Cond: ((id >= 2847080) AND (id <= 2848079))

for point_selects
table 1 : explain SELECT c FROM sbtest1 WHERE id=7395631
	Index Scan using sbtest1_pkey on sbtest1  (cost=0.43..8.45 rows=1 width=121)
	  Index Cond: (id = 7395631)

table 2 : explain SELECT c FROM sbtest2 WHERE id=9691402
	Index Scan using sbtest2_pkey on sbtest2  (cost=0.43..8.45 rows=1 width=121)
	  Index Cond: (id = 9691402)

table 3 : explain SELECT c FROM sbtest3 WHERE id=2183715
	Index Scan using sbtest3_pkey on sbtest3  (cost=0.43..8.45 rows=1 width=121)
	  Index Cond: (id = 2183715)

table 4 : explain SELECT c FROM sbtest4 WHERE id=9999436
	Index Scan using sbtest4_pkey on sbtest4  (cost=0.43..8.45 rows=1 width=121)
	  Index Cond: (id = 9999436)

table 5 : explain SELECT c FROM sbtest5 WHERE id=8616140
	Index Scan using sbtest5_pkey on sbtest5  (cost=0.43..8.45 rows=1 width=121)
	  Index Cond: (id = 8616140)

table 6 : explain SELECT c FROM sbtest6 WHERE id=4114768
	Index Scan using sbtest6_pkey on sbtest6  (cost=0.43..8.45 rows=1 width=121)
	  Index Cond: (id = 4114768)

table 7 : explain SELECT c FROM sbtest7 WHERE id=6464660
	Index Scan using sbtest7_pkey on sbtest7  (cost=0.43..8.45 rows=1 width=121)
	  Index Cond: (id = 6464660)

table 8 : explain SELECT c FROM sbtest8 WHERE id=2275045
	Index Scan using sbtest8_pkey on sbtest8  (cost=0.43..8.45 rows=1 width=121)
	  Index Cond: (id = 2275045)

for: order_ranges
table 1 : explain SELECT c FROM sbtest1 WHERE id BETWEEN 544403 AND 545402 ORDER BY c
	Sort  (cost=3799.79..3802.21 rows=968 width=121)
	  Sort Key: c
	  ->  Bitmap Heap Scan on sbtest1  (cost=30.36..3751.78 rows=968 width=121)
	        Recheck Cond: ((id >= 544403) AND (id <= 545402))
	        ->  Bitmap Index Scan on sbtest1_pkey  (cost=0.00..30.11 rows=968 width=0)
	              Index Cond: ((id >= 544403) AND (id <= 545402))

table 2 : explain SELECT c FROM sbtest2 WHERE id BETWEEN 230918 AND 231917 ORDER BY c
	Sort  (cost=3491.60..3493.82 rows=889 width=121)
	  Sort Key: c
	  ->  Bitmap Heap Scan on sbtest2  (cost=25.55..3448.06 rows=889 width=121)
	        Recheck Cond: ((id >= 230918) AND (id <= 231917))
	        ->  Bitmap Index Scan on sbtest2_pkey  (cost=0.00..25.32 rows=889 width=0)
	              Index Cond: ((id >= 230918) AND (id <= 231917))

table 3 : explain SELECT c FROM sbtest3 WHERE id BETWEEN 8674682 AND 8675681 ORDER BY c
	Sort  (cost=3727.68..3730.05 rows=948 width=121)
	  Sort Key: c
	  ->  Bitmap Heap Scan on sbtest3  (cost=30.15..3680.81 rows=948 width=121)
	        Recheck Cond: ((id >= 8674682) AND (id <= 8675681))
	        ->  Bitmap Index Scan on sbtest3_pkey  (cost=0.00..29.91 rows=948 width=0)
	              Index Cond: ((id >= 8674682) AND (id <= 8675681))

table 4 : explain SELECT c FROM sbtest4 WHERE id BETWEEN 667887 AND 668886 ORDER BY c
	Sort  (cost=4347.14..4349.91 rows=1110 width=121)
	  Sort Key: c
	  ->  Bitmap Heap Scan on sbtest4  (cost=31.81..4290.99 rows=1110 width=121)
	        Recheck Cond: ((id >= 667887) AND (id <= 668886))
	        ->  Bitmap Index Scan on sbtest4_pkey  (cost=0.00..31.54 rows=1110 width=0)
	              Index Cond: ((id >= 667887) AND (id <= 668886))

table 5 : explain SELECT c FROM sbtest5 WHERE id BETWEEN 9053179 AND 9054178 ORDER BY c
	Sort  (cost=4124.27..4126.91 rows=1053 width=121)
	  Sort Key: c
	  ->  Bitmap Heap Scan on sbtest5  (cost=31.23..4071.41 rows=1053 width=121)
	        Recheck Cond: ((id >= 9053179) AND (id <= 9054178))
	        ->  Bitmap Index Scan on sbtest5_pkey  (cost=0.00..30.96 rows=1053 width=0)
	              Index Cond: ((id >= 9053179) AND (id <= 9054178))

table 6 : explain SELECT c FROM sbtest6 WHERE id BETWEEN 3331817 AND 3332816 ORDER BY c
	Sort  (cost=4045.68..4048.26 rows=1032 width=121)
	  Sort Key: c
	  ->  Bitmap Heap Scan on sbtest6  (cost=31.01..3994.02 rows=1032 width=121)
	        Recheck Cond: ((id >= 3331817) AND (id <= 3332816))
	        ->  Bitmap Index Scan on sbtest6_pkey  (cost=0.00..30.75 rows=1032 width=0)
	              Index Cond: ((id >= 3331817) AND (id <= 3332816))

table 7 : explain SELECT c FROM sbtest7 WHERE id BETWEEN 5613509 AND 5614508 ORDER BY c
	Sort  (cost=4054.25..4056.83 rows=1033 width=121)
	  Sort Key: c
	  ->  Bitmap Heap Scan on sbtest7  (cost=31.02..4002.53 rows=1033 width=121)
	        Recheck Cond: ((id >= 5613509) AND (id <= 5614508))
	        ->  Bitmap Index Scan on sbtest7_pkey  (cost=0.00..30.76 rows=1033 width=0)
	              Index Cond: ((id >= 5613509) AND (id <= 5614508))

table 8 : explain SELECT c FROM sbtest8 WHERE id BETWEEN 2206821 AND 2207820 ORDER BY c
	Sort  (cost=3783.16..3785.57 rows=964 width=121)
	  Sort Key: c
	  ->  Bitmap Heap Scan on sbtest8  (cost=30.32..3735.38 rows=964 width=121)
	        Recheck Cond: ((id >= 2206821) AND (id <= 2207820))
	        ->  Bitmap Index Scan on sbtest8_pkey  (cost=0.00..30.07 rows=964 width=0)
	              Index Cond: ((id >= 2206821) AND (id <= 2207820))

for: distinct_ranges
table 1 : explain SELECT DISTINCT c FROM sbtest1 WHERE id BETWEEN 566932 AND 567931 ORDER BY c
	Unique  (cost=3799.79..3804.63 rows=968 width=121)
	  ->  Sort  (cost=3799.79..3802.21 rows=968 width=121)
	        Sort Key: c
	        ->  Bitmap Heap Scan on sbtest1  (cost=30.36..3751.78 rows=968 width=121)
	              Recheck Cond: ((id >= 566932) AND (id <= 567931))
	              ->  Bitmap Index Scan on sbtest1_pkey  (cost=0.00..30.11 rows=968 width=0)
	                    Index Cond: ((id >= 566932) AND (id <= 567931))

table 2 : explain SELECT DISTINCT c FROM sbtest2 WHERE id BETWEEN 1768333 AND 1769332 ORDER BY c
	Unique  (cost=3898.13..3903.10 rows=994 width=121)
	  ->  Sort  (cost=3898.13..3900.62 rows=994 width=121)
	        Sort Key: c
	        ->  Bitmap Heap Scan on sbtest2  (cost=30.62..3848.64 rows=994 width=121)
	              Recheck Cond: ((id >= 1768333) AND (id <= 1769332))
	              ->  Bitmap Index Scan on sbtest2_pkey  (cost=0.00..30.37 rows=994 width=0)
	                    Index Cond: ((id >= 1768333) AND (id <= 1769332))

table 3 : explain SELECT DISTINCT c FROM sbtest3 WHERE id BETWEEN 6330102 AND 6331101 ORDER BY c
	Unique  (cost=3827.53..3832.40 rows=974 width=121)
	  ->  Sort  (cost=3827.53..3829.96 rows=974 width=121)
	        Sort Key: c
	        ->  Bitmap Heap Scan on sbtest3  (cost=30.42..3779.18 rows=974 width=121)
	              Recheck Cond: ((id >= 6330102) AND (id <= 6331101))
	              ->  Bitmap Index Scan on sbtest3_pkey  (cost=0.00..30.18 rows=974 width=0)
	                    Index Cond: ((id >= 6330102) AND (id <= 6331101))

table 4 : explain SELECT DISTINCT c FROM sbtest4 WHERE id BETWEEN 3641727 AND 3642726 ORDER BY c
	Unique  (cost=4125.31..4130.57 rows=1052 width=121)
	  ->  Sort  (cost=4125.31..4127.94 rows=1052 width=121)
	        Sort Key: c
	        ->  Bitmap Heap Scan on sbtest4  (cost=31.22..4072.50 rows=1052 width=121)
	              Recheck Cond: ((id >= 3641727) AND (id <= 3642726))
	              ->  Bitmap Index Scan on sbtest4_pkey  (cost=0.00..30.95 rows=1052 width=0)
	                    Index Cond: ((id >= 3641727) AND (id <= 3642726))

table 5 : explain SELECT DISTINCT c FROM sbtest5 WHERE id BETWEEN 4402684 AND 4403683 ORDER BY c
	Unique  (cost=3726.09..3730.84 rows=950 width=121)
	  ->  Sort  (cost=3726.09..3728.47 rows=950 width=121)
	        Sort Key: c
	        ->  Bitmap Heap Scan on sbtest5  (cost=26.17..3679.11 rows=950 width=121)
	              Recheck Cond: ((id >= 4402684) AND (id <= 4403683))
	              ->  Bitmap Index Scan on sbtest5_pkey  (cost=0.00..25.93 rows=950 width=0)
	                    Index Cond: ((id >= 4402684) AND (id <= 4403683))

table 6 : explain SELECT DISTINCT c FROM sbtest6 WHERE id BETWEEN 6773336 AND 6774335 ORDER BY c
	Unique  (cost=3789.09..3793.91 rows=965 width=121)
	  ->  Sort  (cost=3789.09..3791.50 rows=965 width=121)
	        Sort Key: c
	        ->  Bitmap Heap Scan on sbtest6  (cost=30.33..3741.25 rows=965 width=121)
	              Recheck Cond: ((id >= 6773336) AND (id <= 6774335))
	              ->  Bitmap Index Scan on sbtest6_pkey  (cost=0.00..30.08 rows=965 width=0)
	                    Index Cond: ((id >= 6773336) AND (id <= 6774335))

table 7 : explain SELECT DISTINCT c FROM sbtest7 WHERE id BETWEEN 7289450 AND 7290449 ORDER BY c
	Unique  (cost=4065.74..4070.92 rows=1036 width=121)
	  ->  Sort  (cost=4065.74..4068.33 rows=1036 width=121)
	        Sort Key: c
	        ->  Bitmap Heap Scan on sbtest7  (cost=31.05..4013.86 rows=1036 width=121)
	              Recheck Cond: ((id >= 7289450) AND (id <= 7290449))
	              ->  Bitmap Index Scan on sbtest7_pkey  (cost=0.00..30.79 rows=1036 width=0)
	                    Index Cond: ((id >= 7289450) AND (id <= 7290449))

table 8 : explain SELECT DISTINCT c FROM sbtest8 WHERE id BETWEEN 5322918 AND 5323917 ORDER BY c
	Unique  (cost=3947.77..3952.80 rows=1007 width=121)
	  ->  Sort  (cost=3947.77..3950.28 rows=1007 width=121)
	        Sort Key: c
	        ->  Bitmap Heap Scan on sbtest8  (cost=30.76..3897.54 rows=1007 width=121)
	              Recheck Cond: ((id >= 5322918) AND (id <= 5323917))
	              ->  Bitmap Index Scan on sbtest8_pkey  (cost=0.00..30.50 rows=1007 width=0)
	                    Index Cond: ((id >= 5322918) AND (id <= 5323917))

for: sum_ranges
table 1 : explain SELECT SUM(k) FROM sbtest1 WHERE id BETWEEN 4433378 AND 4434377
	Aggregate  (cost=3886.35..3886.36 rows=1 width=8)
	  ->  Bitmap Heap Scan on sbtest1  (cost=30.72..3883.84 rows=1003 width=4)
	        Recheck Cond: ((id >= 4433378) AND (id <= 4434377))
	        ->  Bitmap Index Scan on sbtest1_pkey  (cost=0.00..30.46 rows=1003 width=0)
	              Index Cond: ((id >= 4433378) AND (id <= 4434377))

table 2 : explain SELECT SUM(k) FROM sbtest2 WHERE id BETWEEN 7818160 AND 7819159
	Aggregate  (cost=3465.43..3465.44 rows=1 width=8)
	  ->  Bitmap Heap Scan on sbtest2  (cost=25.59..3463.19 rows=893 width=4)
	        Recheck Cond: ((id >= 7818160) AND (id <= 7819159))
	        ->  Bitmap Index Scan on sbtest2_pkey  (cost=0.00..25.36 rows=893 width=0)
	              Index Cond: ((id >= 7818160) AND (id <= 7819159))

table 3 : explain SELECT SUM(k) FROM sbtest3 WHERE id BETWEEN 2320212 AND 2321211
	Aggregate  (cost=3985.79..3985.80 rows=1 width=8)
	  ->  Bitmap Heap Scan on sbtest3  (cost=30.97..3983.22 rows=1028 width=4)
	        Recheck Cond: ((id >= 2320212) AND (id <= 2321211))
	        ->  Bitmap Index Scan on sbtest3_pkey  (cost=0.00..30.71 rows=1028 width=0)
	              Index Cond: ((id >= 2320212) AND (id <= 2321211))

table 4 : explain SELECT SUM(k) FROM sbtest4 WHERE id BETWEEN 7759110 AND 7760109
	Aggregate  (cost=4082.68..4082.69 rows=1 width=8)
	  ->  Bitmap Heap Scan on sbtest4  (cost=31.24..4080.04 rows=1054 width=4)
	        Recheck Cond: ((id >= 7759110) AND (id <= 7760109))
	        ->  Bitmap Index Scan on sbtest4_pkey  (cost=0.00..30.97 rows=1054 width=0)
	              Index Cond: ((id >= 7759110) AND (id <= 7760109))

table 5 : explain SELECT SUM(k) FROM sbtest5 WHERE id BETWEEN 7661811 AND 7662810
	Aggregate  (cost=3772.37..3772.38 rows=1 width=8)
	  ->  Bitmap Heap Scan on sbtest5  (cost=30.41..3769.93 rows=973 width=4)
	        Recheck Cond: ((id >= 7661811) AND (id <= 7662810))
	        ->  Bitmap Index Scan on sbtest5_pkey  (cost=0.00..30.16 rows=973 width=0)
	              Index Cond: ((id >= 7661811) AND (id <= 7662810))

table 6 : explain SELECT SUM(k) FROM sbtest6 WHERE id BETWEEN 9639309 AND 9640308
	Aggregate  (cost=3928.70..3928.71 rows=1 width=8)
	  ->  Bitmap Heap Scan on sbtest6  (cost=30.83..3926.17 rows=1014 width=4)
	        Recheck Cond: ((id >= 9639309) AND (id <= 9640308))
	        ->  Bitmap Index Scan on sbtest6_pkey  (cost=0.00..30.57 rows=1014 width=0)
	              Index Cond: ((id >= 9639309) AND (id <= 9640308))

table 7 : explain SELECT SUM(k) FROM sbtest7 WHERE id BETWEEN 2167838 AND 2168837
	Aggregate  (cost=3626.72..3626.73 rows=1 width=8)
	  ->  Bitmap Heap Scan on sbtest7  (cost=30.00..3624.39 rows=933 width=4)
	        Recheck Cond: ((id >= 2167838) AND (id <= 2168837))
	        ->  Bitmap Index Scan on sbtest7_pkey  (cost=0.00..29.76 rows=933 width=0)
	              Index Cond: ((id >= 2167838) AND (id <= 2168837))

table 8 : explain SELECT SUM(k) FROM sbtest8 WHERE id BETWEEN 3369187 AND 3370186
	Aggregate  (cost=3896.28..3896.29 rows=1 width=8)
	  ->  Bitmap Heap Scan on sbtest8  (cost=30.75..3893.77 rows=1006 width=4)
	        Recheck Cond: ((id >= 3369187) AND (id <= 3370186))
	        ->  Bitmap Index Scan on sbtest8_pkey  (cost=0.00..30.50 rows=1006 width=0)
	              Index Cond: ((id >= 3369187) AND (id <= 3370186))

for: sum_ranges
table 1 : explain SELECT SUM(k) FROM sbtest1 WHERE id BETWEEN 7273309 AND 7274308
	Aggregate  (cost=3950.48..3950.49 rows=1 width=8)
	  ->  Bitmap Heap Scan on sbtest1  (cost=30.89..3947.93 rows=1020 width=4)
	        Recheck Cond: ((id >= 7273309) AND (id <= 7274308))
	        ->  Bitmap Index Scan on sbtest1_pkey  (cost=0.00..30.64 rows=1020 width=0)
	              Index Cond: ((id >= 7273309) AND (id <= 7274308))

table 2 : explain SELECT SUM(k) FROM sbtest2 WHERE id BETWEEN 5835600 AND 5836599
	Aggregate  (cost=3469.21..3469.22 rows=1 width=8)
	  ->  Bitmap Heap Scan on sbtest2  (cost=25.60..3466.98 rows=894 width=4)
	        Recheck Cond: ((id >= 5835600) AND (id <= 5836599))
	        ->  Bitmap Index Scan on sbtest2_pkey  (cost=0.00..25.37 rows=894 width=0)
	              Index Cond: ((id >= 5835600) AND (id <= 5836599))

table 3 : explain SELECT SUM(k) FROM sbtest3 WHERE id BETWEEN 4949742 AND 4950741
	Aggregate  (cost=4004.68..4004.69 rows=1 width=8)
	  ->  Bitmap Heap Scan on sbtest3  (cost=31.02..4002.10 rows=1033 width=4)
	        Recheck Cond: ((id >= 4949742) AND (id <= 4950741))
	        ->  Bitmap Index Scan on sbtest3_pkey  (cost=0.00..30.76 rows=1033 width=0)
	              Index Cond: ((id >= 4949742) AND (id <= 4950741))

table 4 : explain SELECT SUM(k) FROM sbtest4 WHERE id BETWEEN 6074921 AND 6075920
	Aggregate  (cost=4010.97..4010.98 rows=1 width=8)
	  ->  Bitmap Heap Scan on sbtest4  (cost=31.04..4008.39 rows=1035 width=4)
	        Recheck Cond: ((id >= 6074921) AND (id <= 6075920))
	        ->  Bitmap Index Scan on sbtest4_pkey  (cost=0.00..30.79 rows=1035 width=0)
	              Index Cond: ((id >= 6074921) AND (id <= 6075920))

table 5 : explain SELECT SUM(k) FROM sbtest5 WHERE id BETWEEN 7238052 AND 7239051
	Aggregate  (cost=4013.77..4013.78 rows=1 width=8)
	  ->  Bitmap Heap Scan on sbtest5  (cost=31.06..4011.18 rows=1037 width=4)
	        Recheck Cond: ((id >= 7238052) AND (id <= 7239051))
	        ->  Bitmap Index Scan on sbtest5_pkey  (cost=0.00..30.80 rows=1037 width=0)
	              Index Cond: ((id >= 7238052) AND (id <= 7239051))

table 6 : explain SELECT SUM(k) FROM sbtest6 WHERE id BETWEEN 1848523 AND 1849522
	Aggregate  (cost=3599.95..3599.96 rows=1 width=8)
	  ->  Bitmap Heap Scan on sbtest6  (cost=29.94..3597.63 rows=927 width=4)
	        Recheck Cond: ((id >= 1848523) AND (id <= 1849522))
	        ->  Bitmap Index Scan on sbtest6_pkey  (cost=0.00..29.70 rows=927 width=0)
	              Index Cond: ((id >= 1848523) AND (id <= 1849522))

table 7 : explain SELECT SUM(k) FROM sbtest7 WHERE id BETWEEN 9758610 AND 9759609
	Aggregate  (cost=3490.19..3490.20 rows=1 width=8)
	  ->  Bitmap Heap Scan on sbtest7  (cost=29.63..3487.95 rows=897 width=4)
	        Recheck Cond: ((id >= 9758610) AND (id <= 9759609))
	        ->  Bitmap Index Scan on sbtest7_pkey  (cost=0.00..29.40 rows=897 width=0)
	              Index Cond: ((id >= 9758610) AND (id <= 9759609))

table 8 : explain SELECT SUM(k) FROM sbtest8 WHERE id BETWEEN 6171550 AND 6172549
	Aggregate  (cost=4171.23..4171.24 rows=1 width=8)
	  ->  Bitmap Heap Scan on sbtest8  (cost=31.49..4168.53 rows=1079 width=4)
	        Recheck Cond: ((id >= 6171550) AND (id <= 6172549))
	        ->  Bitmap Index Scan on sbtest8_pkey  (cost=0.00..31.22 rows=1079 width=0)
	              Index Cond: ((id >= 6171550) AND (id <= 6172549))

for: sum_ranges
table 1 : explain SELECT SUM(k) FROM sbtest1 WHERE id BETWEEN 9625754 AND 9626753
	Aggregate  (cost=3924.07..3924.08 rows=1 width=8)
	  ->  Bitmap Heap Scan on sbtest1  (cost=30.82..3921.54 rows=1013 width=4)
	        Recheck Cond: ((id >= 9625754) AND (id <= 9626753))
	        ->  Bitmap Index Scan on sbtest1_pkey  (cost=0.00..30.57 rows=1013 width=0)
	              Index Cond: ((id >= 9625754) AND (id <= 9626753))

table 2 : explain SELECT SUM(k) FROM sbtest2 WHERE id BETWEEN 8016771 AND 8017770
	Aggregate  (cost=3952.94..3952.95 rows=1 width=8)
	  ->  Bitmap Heap Scan on sbtest2  (cost=30.90..3950.39 rows=1021 width=4)
	        Recheck Cond: ((id >= 8016771) AND (id <= 8017770))
	        ->  Bitmap Index Scan on sbtest2_pkey  (cost=0.00..30.64 rows=1021 width=0)
	              Index Cond: ((id >= 8016771) AND (id <= 8017770))

table 3 : explain SELECT SUM(k) FROM sbtest3 WHERE id BETWEEN 7322478 AND 7323477
	Aggregate  (cost=4042.44..4042.45 rows=1 width=8)
	  ->  Bitmap Heap Scan on sbtest3  (cost=31.13..4039.84 rows=1043 width=4)
	        Recheck Cond: ((id >= 7322478) AND (id <= 7323477))
	        ->  Bitmap Index Scan on sbtest3_pkey  (cost=0.00..30.86 rows=1043 width=0)
	              Index Cond: ((id >= 7322478) AND (id <= 7323477))

table 4 : explain SELECT SUM(k) FROM sbtest4 WHERE id BETWEEN 992442 AND 993441
	Aggregate  (cost=3439.30..3439.31 rows=1 width=8)
	  ->  Bitmap Heap Scan on sbtest4  (cost=25.51..3437.09 rows=885 width=4)
	        Recheck Cond: ((id >= 992442) AND (id <= 993441))
	        ->  Bitmap Index Scan on sbtest4_pkey  (cost=0.00..25.29 rows=885 width=0)
	              Index Cond: ((id >= 992442) AND (id <= 993441))

table 5 : explain SELECT SUM(k) FROM sbtest5 WHERE id BETWEEN 9556638 AND 9557637
	Aggregate  (cost=4017.54..4017.55 rows=1 width=8)
	  ->  Bitmap Heap Scan on sbtest5  (cost=31.07..4014.95 rows=1038 width=4)
	        Recheck Cond: ((id >= 9556638) AND (id <= 9557637))
	        ->  Bitmap Index Scan on sbtest5_pkey  (cost=0.00..30.82 rows=1038 width=0)
	              Index Cond: ((id >= 9556638) AND (id <= 9557637))

table 6 : explain SELECT SUM(k) FROM sbtest6 WHERE id BETWEEN 1565548 AND 1566547
	Aggregate  (cost=4282.84..4282.85 rows=1 width=8)
	  ->  Bitmap Heap Scan on sbtest6  (cost=31.79..4280.07 rows=1108 width=4)
	        Recheck Cond: ((id >= 1565548) AND (id <= 1566547))
	        ->  Bitmap Index Scan on sbtest6_pkey  (cost=0.00..31.51 rows=1108 width=0)
	              Index Cond: ((id >= 1565548) AND (id <= 1566547))

table 7 : explain SELECT SUM(k) FROM sbtest7 WHERE id BETWEEN 3118888 AND 3119887
	Aggregate  (cost=3865.25..3865.26 rows=1 width=8)
	  ->  Bitmap Heap Scan on sbtest7  (cost=30.64..3862.76 rows=996 width=4)
	        Recheck Cond: ((id >= 3118888) AND (id <= 3119887))
	        ->  Bitmap Index Scan on sbtest7_pkey  (cost=0.00..30.39 rows=996 width=0)
	              Index Cond: ((id >= 3118888) AND (id <= 3119887))

table 8 : explain SELECT SUM(k) FROM sbtest8 WHERE id BETWEEN 3845280 AND 3846279
	Aggregate  (cost=3975.45..3975.46 rows=1 width=8)
	  ->  Bitmap Heap Scan on sbtest8  (cost=30.96..3972.88 rows=1027 width=4)
	        Recheck Cond: ((id >= 3845280) AND (id <= 3846279))
	        ->  Bitmap Index Scan on sbtest8_pkey  (cost=0.00..30.70 rows=1027 width=0)
	              Index Cond: ((id >= 3845280) AND (id <= 3846279))

for: sum_ranges
table 1 : explain SELECT SUM(k) FROM sbtest1 WHERE id BETWEEN 3903316 AND 3904315
	Aggregate  (cost=3549.79..3549.80 rows=1 width=8)
	  ->  Bitmap Heap Scan on sbtest1  (cost=25.81..3547.50 rows=915 width=4)
	        Recheck Cond: ((id >= 3903316) AND (id <= 3904315))
	        ->  Bitmap Index Scan on sbtest1_pkey  (cost=0.00..25.58 rows=915 width=0)
	              Index Cond: ((id >= 3903316) AND (id <= 3904315))

table 2 : explain SELECT SUM(k) FROM sbtest2 WHERE id BETWEEN 1465911 AND 1466910
	Aggregate  (cost=3692.56..3692.57 rows=1 width=8)
	  ->  Bitmap Heap Scan on sbtest2  (cost=30.19..3690.18 rows=952 width=4)
	        Recheck Cond: ((id >= 1465911) AND (id <= 1466910))
	        ->  Bitmap Index Scan on sbtest2_pkey  (cost=0.00..29.95 rows=952 width=0)
	              Index Cond: ((id >= 1465911) AND (id <= 1466910))

table 3 : explain SELECT SUM(k) FROM sbtest3 WHERE id BETWEEN 5553363 AND 5554362
	Aggregate  (cost=4065.10..4065.11 rows=1 width=8)
	  ->  Bitmap Heap Scan on sbtest3  (cost=31.19..4062.47 rows=1049 width=4)
	        Recheck Cond: ((id >= 5553363) AND (id <= 5554362))
	        ->  Bitmap Index Scan on sbtest3_pkey  (cost=0.00..30.93 rows=1049 width=0)
	              Index Cond: ((id >= 5553363) AND (id <= 5554362))

table 4 : explain SELECT SUM(k) FROM sbtest4 WHERE id BETWEEN 2938610 AND 2939609
	Aggregate  (cost=4003.42..4003.43 rows=1 width=8)
	  ->  Bitmap Heap Scan on sbtest4  (cost=31.02..4000.84 rows=1033 width=4)
	        Recheck Cond: ((id >= 2938610) AND (id <= 2939609))
	        ->  Bitmap Index Scan on sbtest4_pkey  (cost=0.00..30.76 rows=1033 width=0)
	              Index Cond: ((id >= 2938610) AND (id <= 2939609))

table 5 : explain SELECT SUM(k) FROM sbtest5 WHERE id BETWEEN 7590657 AND 7591656
	Aggregate  (cost=3772.37..3772.38 rows=1 width=8)
	  ->  Bitmap Heap Scan on sbtest5  (cost=30.41..3769.93 rows=973 width=4)
	        Recheck Cond: ((id >= 7590657) AND (id <= 7591656))
	        ->  Bitmap Index Scan on sbtest5_pkey  (cost=0.00..30.16 rows=973 width=0)
	              Index Cond: ((id >= 7590657) AND (id <= 7591656))

table 6 : explain SELECT SUM(k) FROM sbtest6 WHERE id BETWEEN 9290469 AND 9291468
	Aggregate  (cost=4038.08..4038.09 rows=1 width=8)
	  ->  Bitmap Heap Scan on sbtest6  (cost=31.13..4035.47 rows=1043 width=4)
	        Recheck Cond: ((id >= 9290469) AND (id <= 9291468))
	        ->  Bitmap Index Scan on sbtest6_pkey  (cost=0.00..30.86 rows=1043 width=0)
	              Index Cond: ((id >= 9290469) AND (id <= 9291468))

table 7 : explain SELECT SUM(k) FROM sbtest7 WHERE id BETWEEN 2835965 AND 2836964
	Aggregate  (cost=3675.98..3675.99 rows=1 width=8)
	  ->  Bitmap Heap Scan on sbtest7  (cost=30.13..3673.62 rows=946 width=4)
	        Recheck Cond: ((id >= 2835965) AND (id <= 2836964))
	        ->  Bitmap Index Scan on sbtest7_pkey  (cost=0.00..29.89 rows=946 width=0)
	              Index Cond: ((id >= 2835965) AND (id <= 2836964))

table 8 : explain SELECT SUM(k) FROM sbtest8 WHERE id BETWEEN 6294555 AND 6295554
	Aggregate  (cost=3990.52..3990.53 rows=1 width=8)
	  ->  Bitmap Heap Scan on sbtest8  (cost=31.00..3987.94 rows=1031 width=4)
	        Recheck Cond: ((id >= 6294555) AND (id <= 6295554))
	        ->  Bitmap Index Scan on sbtest8_pkey  (cost=0.00..30.75 rows=1031 width=0)
	              Index Cond: ((id >= 6294555) AND (id <= 6295554))

explain: for point_selects :: explain SELECT c FROM sbtest%u WHERE id=%u
for: distinct_ranges
table 1 : explain SELECT DISTINCT c FROM sbtest1 WHERE id BETWEEN 2656709 AND 2657708 ORDER BY c
	Unique  (cost=3937.67..3942.69 rows=1004 width=121)
	  ->  Sort  (cost=3937.67..3940.18 rows=1004 width=121)
	        Sort Key: c
	        ->  Bitmap Heap Scan on sbtest1  (cost=30.73..3887.61 rows=1004 width=121)
	              Recheck Cond: ((id >= 2656709) AND (id <= 2657708))
	              ->  Bitmap Index Scan on sbtest1_pkey  (cost=0.00..30.47 rows=1004 width=0)
	                    Index Cond: ((id >= 2656709) AND (id <= 2657708))

table 2 : explain SELECT DISTINCT c FROM sbtest2 WHERE id BETWEEN 6642063 AND 6643062 ORDER BY c
	Unique  (cost=3741.12..3745.88 rows=953 width=121)
	  ->  Sort  (cost=3741.12..3743.50 rows=953 width=121)
	        Sort Key: c
	        ->  Bitmap Heap Scan on sbtest2  (cost=30.20..3693.96 rows=953 width=121)
	              Recheck Cond: ((id >= 6642063) AND (id <= 6643062))
	              ->  Bitmap Index Scan on sbtest2_pkey  (cost=0.00..29.96 rows=953 width=0)
	                    Index Cond: ((id >= 6642063) AND (id <= 6643062))

table 3 : explain SELECT DISTINCT c FROM sbtest3 WHERE id BETWEEN 8739271 AND 8740270 ORDER BY c
	Unique  (cost=3858.23..3863.14 rows=982 width=121)
	  ->  Sort  (cost=3858.23..3860.69 rows=982 width=121)
	        Sort Key: c
	        ->  Bitmap Heap Scan on sbtest3  (cost=30.50..3809.43 rows=982 width=121)
	              Recheck Cond: ((id >= 8739271) AND (id <= 8740270))
	              ->  Bitmap Index Scan on sbtest3_pkey  (cost=0.00..30.25 rows=982 width=0)
	                    Index Cond: ((id >= 8739271) AND (id <= 8740270))

table 4 : explain SELECT DISTINCT c FROM sbtest4 WHERE id BETWEEN 1889147 AND 1890146 ORDER BY c
	Unique  (cost=3776.49..3781.29 rows=961 width=121)
	  ->  Sort  (cost=3776.49..3778.89 rows=961 width=121)
	        Sort Key: c
	        ->  Bitmap Heap Scan on sbtest4  (cost=30.29..3728.88 rows=961 width=121)
	              Recheck Cond: ((id >= 1889147) AND (id <= 1890146))
	              ->  Bitmap Index Scan on sbtest4_pkey  (cost=0.00..30.04 rows=961 width=0)
	                    Index Cond: ((id >= 1889147) AND (id <= 1890146))

table 5 : explain SELECT DISTINCT c FROM sbtest5 WHERE id BETWEEN 5859522 AND 5860521 ORDER BY c
	Unique  (cost=3956.04..3961.09 rows=1009 width=121)
	  ->  Sort  (cost=3956.04..3958.56 rows=1009 width=121)
	        Sort Key: c
	        ->  Bitmap Heap Scan on sbtest5  (cost=30.78..3905.70 rows=1009 width=121)
	              Recheck Cond: ((id >= 5859522) AND (id <= 5860521))
	              ->  Bitmap Index Scan on sbtest5_pkey  (cost=0.00..30.52 rows=1009 width=0)
	                    Index Cond: ((id >= 5859522) AND (id <= 5860521))

table 6 : explain SELECT DISTINCT c FROM sbtest6 WHERE id BETWEEN 9565818 AND 9566817 ORDER BY c
	Unique  (cost=3950.00..3955.03 rows=1007 width=121)
	  ->  Sort  (cost=3950.00..3952.52 rows=1007 width=121)
	        Sort Key: c
	        ->  Bitmap Heap Scan on sbtest6  (cost=30.76..3899.77 rows=1007 width=121)
	              Recheck Cond: ((id >= 9565818) AND (id <= 9566817))
	              ->  Bitmap Index Scan on sbtest6_pkey  (cost=0.00..30.50 rows=1007 width=0)
	                    Index Cond: ((id >= 9565818) AND (id <= 9566817))

table 7 : explain SELECT DISTINCT c FROM sbtest7 WHERE id BETWEEN 1344985 AND 1345984 ORDER BY c
	Unique  (cost=3820.25..3825.11 rows=972 width=121)
	  ->  Sort  (cost=3820.25..3822.68 rows=972 width=121)
	        Sort Key: c
	        ->  Bitmap Heap Scan on sbtest7  (cost=30.40..3772.01 rows=972 width=121)
	              Recheck Cond: ((id >= 1344985) AND (id <= 1345984))
	              ->  Bitmap Index Scan on sbtest7_pkey  (cost=0.00..30.15 rows=972 width=0)
	                    Index Cond: ((id >= 1344985) AND (id <= 1345984))

table 8 : explain SELECT DISTINCT c FROM sbtest8 WHERE id BETWEEN 9937640 AND 9938639 ORDER BY c
	Unique  (cost=4031.90..4037.04 rows=1029 width=121)
	  ->  Sort  (cost=4031.90..4034.47 rows=1029 width=121)
	        Sort Key: c
	        ->  Bitmap Heap Scan on sbtest8  (cost=30.98..3980.41 rows=1029 width=121)
	              Recheck Cond: ((id >= 9937640) AND (id <= 9938639))
	              ->  Bitmap Index Scan on sbtest8_pkey  (cost=0.00..30.72 rows=1029 width=0)
	                    Index Cond: ((id >= 9937640) AND (id <= 9938639))

explain: for point_selects :: explain SELECT c FROM sbtest%u WHERE id=%u
for: simple_ranges
table 1 : explain SELECT c FROM sbtest1 WHERE id BETWEEN 9311245 AND 9312244
	Bitmap Heap Scan on sbtest1  (cost=25.67..3494.54 rows=901 width=121)
	  Recheck Cond: ((id >= 9311245) AND (id <= 9312244))
	  ->  Bitmap Index Scan on sbtest1_pkey  (cost=0.00..25.44 rows=901 width=0)
	        Index Cond: ((id >= 9311245) AND (id <= 9312244))

table 2 : explain SELECT c FROM sbtest2 WHERE id BETWEEN 1310514 AND 1311513
	Bitmap Heap Scan on sbtest2  (cost=30.86..3935.32 rows=1017 width=121)
	  Recheck Cond: ((id >= 1310514) AND (id <= 1311513))
	  ->  Bitmap Index Scan on sbtest2_pkey  (cost=0.00..30.61 rows=1017 width=0)
	        Index Cond: ((id >= 1310514) AND (id <= 1311513))

table 3 : explain SELECT c FROM sbtest3 WHERE id BETWEEN 5805427 AND 5806426
	Bitmap Heap Scan on sbtest3  (cost=30.26..3722.44 rows=959 width=121)
	  Recheck Cond: ((id >= 5805427) AND (id <= 5806426))
	  ->  Bitmap Index Scan on sbtest3_pkey  (cost=0.00..30.02 rows=959 width=0)
	        Index Cond: ((id >= 5805427) AND (id <= 5806426))

table 4 : explain SELECT c FROM sbtest4 WHERE id BETWEEN 9535351 AND 9536350
	Bitmap Heap Scan on sbtest4  (cost=30.80..3917.81 rows=1011 width=121)
	  Recheck Cond: ((id >= 9535351) AND (id <= 9536350))
	  ->  Bitmap Index Scan on sbtest4_pkey  (cost=0.00..30.54 rows=1011 width=0)
	        Index Cond: ((id >= 9535351) AND (id <= 9536350))

table 5 : explain SELECT c FROM sbtest5 WHERE id BETWEEN 933472 AND 934471
	Bitmap Heap Scan on sbtest5  (cost=30.40..3766.16 rows=972 width=121)
	  Recheck Cond: ((id >= 933472) AND (id <= 934471))
	  ->  Bitmap Index Scan on sbtest5_pkey  (cost=0.00..30.15 rows=972 width=0)
	        Index Cond: ((id >= 933472) AND (id <= 934471))

table 6 : explain SELECT c FROM sbtest6 WHERE id BETWEEN 5324126 AND 5325125
	Bitmap Heap Scan on sbtest6  (cost=31.44..4152.19 rows=1074 width=121)
	  Recheck Cond: ((id >= 5324126) AND (id <= 5325125))
	  ->  Bitmap Index Scan on sbtest6_pkey  (cost=0.00..31.18 rows=1074 width=0)
	        Index Cond: ((id >= 5324126) AND (id <= 5325125))

table 7 : explain SELECT c FROM sbtest7 WHERE id BETWEEN 23919 AND 24918
	Bitmap Heap Scan on sbtest7  (cost=31.47..4168.53 rows=1077 width=121)
	  Recheck Cond: ((id >= 23919) AND (id <= 24918))
	  ->  Bitmap Index Scan on sbtest7_pkey  (cost=0.00..31.20 rows=1077 width=0)
	        Index Cond: ((id >= 23919) AND (id <= 24918))

table 8 : explain SELECT c FROM sbtest8 WHERE id BETWEEN 7673997 AND 7674996
	Bitmap Heap Scan on sbtest8  (cost=30.45..3784.43 rows=977 width=121)
	  Recheck Cond: ((id >= 7673997) AND (id <= 7674996))
	  ->  Bitmap Index Scan on sbtest8_pkey  (cost=0.00..30.20 rows=977 width=0)
	        Index Cond: ((id >= 7673997) AND (id <= 7674996))

for: order_ranges
table 1 : explain SELECT c FROM sbtest1 WHERE id BETWEEN 5206312 AND 5207311 ORDER BY c
	Sort  (cost=3592.51..3594.80 rows=915 width=121)
	  Sort Key: c
	  ->  Bitmap Heap Scan on sbtest1  (cost=25.81..3547.50 rows=915 width=121)
	        Recheck Cond: ((id >= 5206312) AND (id <= 5207311))
	        ->  Bitmap Index Scan on sbtest1_pkey  (cost=0.00..25.58 rows=915 width=0)
	              Index Cond: ((id >= 5206312) AND (id <= 5207311))

table 2 : explain SELECT c FROM sbtest2 WHERE id BETWEEN 112759 AND 113758 ORDER BY c
	Sort  (cost=4173.37..4176.04 rows=1066 width=121)
	  Sort Key: c
	  ->  Bitmap Heap Scan on sbtest2  (cost=31.36..4119.76 rows=1066 width=121)
	        Recheck Cond: ((id >= 112759) AND (id <= 113758))
	        ->  Bitmap Index Scan on sbtest2_pkey  (cost=0.00..31.09 rows=1066 width=0)
	              Index Cond: ((id >= 112759) AND (id <= 113758))

table 3 : explain SELECT c FROM sbtest3 WHERE id BETWEEN 7687947 AND 7688946 ORDER BY c
	Sort  (cost=4210.82..4213.51 rows=1074 width=121)
	  Sort Key: c
	  ->  Bitmap Heap Scan on sbtest3  (cost=31.44..4156.75 rows=1074 width=121)
	        Recheck Cond: ((id >= 7687947) AND (id <= 7688946))
	        ->  Bitmap Index Scan on sbtest3_pkey  (cost=0.00..31.18 rows=1074 width=0)
	              Index Cond: ((id >= 7687947) AND (id <= 7688946))

table 4 : explain SELECT c FROM sbtest4 WHERE id BETWEEN 282508 AND 283507 ORDER BY c
	Sort  (cost=3661.12..3663.45 rows=932 width=121)
	  Sort Key: c
	  ->  Bitmap Heap Scan on sbtest4  (cost=25.99..3615.15 rows=932 width=121)
	        Recheck Cond: ((id >= 282508) AND (id <= 283507))
	        ->  Bitmap Index Scan on sbtest4_pkey  (cost=0.00..25.75 rows=932 width=0)
	              Index Cond: ((id >= 282508) AND (id <= 283507))

table 5 : explain SELECT c FROM sbtest5 WHERE id BETWEEN 251969 AND 252968 ORDER BY c
	Sort  (cost=3979.00..3981.53 rows=1015 width=121)
	  Sort Key: c
	  ->  Bitmap Heap Scan on sbtest5  (cost=30.84..3928.31 rows=1015 width=121)
	        Recheck Cond: ((id >= 251969) AND (id <= 252968))
	        ->  Bitmap Index Scan on sbtest5_pkey  (cost=0.00..30.58 rows=1015 width=0)
	              Index Cond: ((id >= 251969) AND (id <= 252968))

table 6 : explain SELECT c FROM sbtest6 WHERE id BETWEEN 3454585 AND 3455584 ORDER BY c
	Sort  (cost=4210.08..4212.77 rows=1075 width=121)
	  Sort Key: c
	  ->  Bitmap Heap Scan on sbtest6  (cost=31.45..4155.95 rows=1075 width=121)
	        Recheck Cond: ((id >= 3454585) AND (id <= 3455584))
	        ->  Bitmap Index Scan on sbtest6_pkey  (cost=0.00..31.18 rows=1075 width=0)
	              Index Cond: ((id >= 3454585) AND (id <= 3455584))

table 7 : explain SELECT c FROM sbtest7 WHERE id BETWEEN 2350634 AND 2351633 ORDER BY c
	Sort  (cost=4440.94..4443.77 rows=1133 width=121)
	  Sort Key: c
	  ->  Bitmap Heap Scan on sbtest7  (cost=36.05..4383.46 rows=1133 width=121)
	        Recheck Cond: ((id >= 2350634) AND (id <= 2351633))
	        ->  Bitmap Index Scan on sbtest7_pkey  (cost=0.00..35.77 rows=1133 width=0)
	              Index Cond: ((id >= 2350634) AND (id <= 2351633))

table 8 : explain SELECT c FROM sbtest8 WHERE id BETWEEN 3622931 AND 3623930 ORDER BY c
	Sort  (cost=3767.84..3770.24 rows=960 width=121)
	  Sort Key: c
	  ->  Bitmap Heap Scan on sbtest8  (cost=30.27..3720.28 rows=960 width=121)
	        Recheck Cond: ((id >= 3622931) AND (id <= 3623930))
	        ->  Bitmap Index Scan on sbtest8_pkey  (cost=0.00..30.04 rows=960 width=0)
	              Index Cond: ((id >= 3622931) AND (id <= 3623930))

for: order_ranges
table 1 : explain SELECT c FROM sbtest1 WHERE id BETWEEN 5590644 AND 5591643 ORDER BY c
	Sort  (cost=4010.37..4012.93 rows=1023 width=121)
	  Sort Key: c
	  ->  Bitmap Heap Scan on sbtest1  (cost=30.92..3959.23 rows=1023 width=121)
	        Recheck Cond: ((id >= 5590644) AND (id <= 5591643))
	        ->  Bitmap Index Scan on sbtest1_pkey  (cost=0.00..30.66 rows=1023 width=0)
	              Index Cond: ((id >= 5590644) AND (id <= 5591643))

table 2 : explain SELECT c FROM sbtest2 WHERE id BETWEEN 5844126 AND 5845125 ORDER BY c
	Sort  (cost=3510.80..3513.04 rows=894 width=121)
	  Sort Key: c
	  ->  Bitmap Heap Scan on sbtest2  (cost=25.60..3466.98 rows=894 width=121)
	        Recheck Cond: ((id >= 5844126) AND (id <= 5845125))
	        ->  Bitmap Index Scan on sbtest2_pkey  (cost=0.00..25.37 rows=894 width=0)
	              Index Cond: ((id >= 5844126) AND (id <= 5845125))

table 3 : explain SELECT c FROM sbtest3 WHERE id BETWEEN 8054519 AND 8055518 ORDER BY c
	Sort  (cost=4000.15..4002.70 rows=1019 width=121)
	  Sort Key: c
	  ->  Bitmap Heap Scan on sbtest3  (cost=30.88..3949.24 rows=1019 width=121)
	        Recheck Cond: ((id >= 8054519) AND (id <= 8055518))
	        ->  Bitmap Index Scan on sbtest3_pkey  (cost=0.00..30.62 rows=1019 width=0)
	              Index Cond: ((id >= 8054519) AND (id <= 8055518))

table 4 : explain SELECT c FROM sbtest4 WHERE id BETWEEN 953307 AND 954306 ORDER BY c
	Sort  (cost=3803.36..3805.78 rows=968 width=121)
	  Sort Key: c
	  ->  Bitmap Heap Scan on sbtest4  (cost=30.36..3755.35 rows=968 width=121)
	        Recheck Cond: ((id >= 953307) AND (id <= 954306))
	        ->  Bitmap Index Scan on sbtest4_pkey  (cost=0.00..30.11 rows=968 width=0)
	              Index Cond: ((id >= 953307) AND (id <= 954306))

table 5 : explain SELECT c FROM sbtest5 WHERE id BETWEEN 1739252 AND 1740251 ORDER BY c
	Sort  (cost=3576.50..3578.78 rows=911 width=121)
	  Sort Key: c
	  ->  Bitmap Heap Scan on sbtest5  (cost=25.77..3531.72 rows=911 width=121)
	        Recheck Cond: ((id >= 1739252) AND (id <= 1740251))
	        ->  Bitmap Index Scan on sbtest5_pkey  (cost=0.00..25.54 rows=911 width=0)
	              Index Cond: ((id >= 1739252) AND (id <= 1740251))

table 6 : explain SELECT c FROM sbtest6 WHERE id BETWEEN 436693 AND 437692 ORDER BY c
	Sort  (cost=4057.16..4059.74 rows=1035 width=121)
	  Sort Key: c
	  ->  Bitmap Heap Scan on sbtest6  (cost=31.04..4005.33 rows=1035 width=121)
	        Recheck Cond: ((id >= 436693) AND (id <= 437692))
	        ->  Bitmap Index Scan on sbtest6_pkey  (cost=0.00..30.79 rows=1035 width=0)
	              Index Cond: ((id >= 436693) AND (id <= 437692))

table 7 : explain SELECT c FROM sbtest7 WHERE id BETWEEN 4593941 AND 4594940 ORDER BY c
	Sort  (cost=4000.58..4003.13 rows=1019 width=121)
	  Sort Key: c
	  ->  Bitmap Heap Scan on sbtest7  (cost=30.88..3949.67 rows=1019 width=121)
	        Recheck Cond: ((id >= 4593941) AND (id <= 4594940))
	        ->  Bitmap Index Scan on sbtest7_pkey  (cost=0.00..30.62 rows=1019 width=0)
	              Index Cond: ((id >= 4593941) AND (id <= 4594940))

table 8 : explain SELECT c FROM sbtest8 WHERE id BETWEEN 3704995 AND 3705994 ORDER BY c
	Sort  (cost=3560.61..3562.88 rows=907 width=121)
	  Sort Key: c
	  ->  Bitmap Heap Scan on sbtest8  (cost=25.73..3516.06 rows=907 width=121)
	        Recheck Cond: ((id >= 3704995) AND (id <= 3705994))
	        ->  Bitmap Index Scan on sbtest8_pkey  (cost=0.00..25.50 rows=907 width=0)
	              Index Cond: ((id >= 3704995) AND (id <= 3705994))

for: order_ranges
table 1 : explain SELECT c FROM sbtest1 WHERE id BETWEEN 9574587 AND 9575586 ORDER BY c
	Sort  (cost=3450.39..3452.59 rows=878 width=121)
	  Sort Key: c
	  ->  Bitmap Heap Scan on sbtest1  (cost=25.43..3407.47 rows=878 width=121)
	        Recheck Cond: ((id >= 9574587) AND (id <= 9575586))
	        ->  Bitmap Index Scan on sbtest1_pkey  (cost=0.00..25.21 rows=878 width=0)
	              Index Cond: ((id >= 9574587) AND (id <= 9575586))

table 2 : explain SELECT c FROM sbtest2 WHERE id BETWEEN 9781756 AND 9782755 ORDER BY c
	Sort  (cost=3890.48..3892.96 rows=992 width=121)
	  Sort Key: c
	  ->  Bitmap Heap Scan on sbtest2  (cost=30.60..3841.10 rows=992 width=121)
	        Recheck Cond: ((id >= 9781756) AND (id <= 9782755))
	        ->  Bitmap Index Scan on sbtest2_pkey  (cost=0.00..30.36 rows=992 width=0)
	              Index Cond: ((id >= 9781756) AND (id <= 9782755))

table 3 : explain SELECT c FROM sbtest3 WHERE id BETWEEN 6258614 AND 6259613 ORDER BY c
	Sort  (cost=3616.22..3618.51 rows=919 width=121)
	  Sort Key: c
	  ->  Bitmap Heap Scan on sbtest3  (cost=29.85..3570.98 rows=919 width=121)
	        Recheck Cond: ((id >= 6258614) AND (id <= 6259613))
	        ->  Bitmap Index Scan on sbtest3_pkey  (cost=0.00..29.62 rows=919 width=0)
	              Index Cond: ((id >= 6258614) AND (id <= 6259613))

table 4 : explain SELECT c FROM sbtest4 WHERE id BETWEEN 5527504 AND 5528503 ORDER BY c
	Sort  (cost=4350.96..4353.73 rows=1111 width=121)
	  Sort Key: c
	  ->  Bitmap Heap Scan on sbtest4  (cost=31.82..4294.75 rows=1111 width=121)
	        Recheck Cond: ((id >= 5527504) AND (id <= 5528503))
	        ->  Bitmap Index Scan on sbtest4_pkey  (cost=0.00..31.54 rows=1111 width=0)
	              Index Cond: ((id >= 5527504) AND (id <= 5528503))

table 5 : explain SELECT c FROM sbtest5 WHERE id BETWEEN 3139683 AND 3140682 ORDER BY c
	Sort  (cost=3825.88..3828.32 rows=975 width=121)
	  Sort Key: c
	  ->  Bitmap Heap Scan on sbtest5  (cost=30.43..3777.48 rows=975 width=121)
	        Recheck Cond: ((id >= 3139683) AND (id <= 3140682))
	        ->  Bitmap Index Scan on sbtest5_pkey  (cost=0.00..30.18 rows=975 width=0)
	              Index Cond: ((id >= 3139683) AND (id <= 3140682))

table 6 : explain SELECT c FROM sbtest6 WHERE id BETWEEN 8177696 AND 8178695 ORDER BY c
	Sort  (cost=3520.27..3522.51 rows=896 width=121)
	  Sort Key: c
	  ->  Bitmap Heap Scan on sbtest6  (cost=25.62..3476.33 rows=896 width=121)
	        Recheck Cond: ((id >= 8177696) AND (id <= 8178695))
	        ->  Bitmap Index Scan on sbtest6_pkey  (cost=0.00..25.39 rows=896 width=0)
	              Index Cond: ((id >= 8177696) AND (id <= 8178695))

table 7 : explain SELECT c FROM sbtest7 WHERE id BETWEEN 4115904 AND 4116903 ORDER BY c
	Sort  (cost=3628.12..3630.42 rows=922 width=121)
	  Sort Key: c
	  ->  Bitmap Heap Scan on sbtest7  (cost=29.89..3582.72 rows=922 width=121)
	        Recheck Cond: ((id >= 4115904) AND (id <= 4116903))
	        ->  Bitmap Index Scan on sbtest7_pkey  (cost=0.00..29.65 rows=922 width=0)
	              Index Cond: ((id >= 4115904) AND (id <= 4116903))

table 8 : explain SELECT c FROM sbtest8 WHERE id BETWEEN 8803959 AND 8804958 ORDER BY c
	Sort  (cost=4123.61..4126.24 rows=1053 width=121)
	  Sort Key: c
	  ->  Bitmap Heap Scan on sbtest8  (cost=31.23..4070.74 rows=1053 width=121)
	        Recheck Cond: ((id >= 8803959) AND (id <= 8804958))
	        ->  Bitmap Index Scan on sbtest8_pkey  (cost=0.00..30.96 rows=1053 width=0)
	              Index Cond: ((id >= 8803959) AND (id <= 8804958))

for: order_ranges
table 1 : explain SELECT c FROM sbtest1 WHERE id BETWEEN 9274358 AND 9275357 ORDER BY c
	Sort  (cost=4193.87..4196.54 rows=1071 width=121)
	  Sort Key: c
	  ->  Bitmap Heap Scan on sbtest1  (cost=31.41..4139.97 rows=1071 width=121)
	        Recheck Cond: ((id >= 9274358) AND (id <= 9275357))
	        ->  Bitmap Index Scan on sbtest1_pkey  (cost=0.00..31.14 rows=1071 width=0)
	              Index Cond: ((id >= 9274358) AND (id <= 9275357))

table 2 : explain SELECT c FROM sbtest2 WHERE id BETWEEN 1667504 AND 1668503 ORDER BY c
	Sort  (cost=3898.13..3900.62 rows=994 width=121)
	  Sort Key: c
	  ->  Bitmap Heap Scan on sbtest2  (cost=30.62..3848.64 rows=994 width=121)
	        Recheck Cond: ((id >= 1667504) AND (id <= 1668503))
	        ->  Bitmap Index Scan on sbtest2_pkey  (cost=0.00..30.37 rows=994 width=0)
	              Index Cond: ((id >= 1667504) AND (id <= 1668503))

table 3 : explain SELECT c FROM sbtest3 WHERE id BETWEEN 9361983 AND 9362982 ORDER BY c
	Sort  (cost=3604.68..3606.97 rows=916 width=121)
	  Sort Key: c
	  ->  Bitmap Heap Scan on sbtest3  (cost=29.82..3559.62 rows=916 width=121)
	        Recheck Cond: ((id >= 9361983) AND (id <= 9362982))
	        ->  Bitmap Index Scan on sbtest3_pkey  (cost=0.00..29.59 rows=916 width=0)
	              Index Cond: ((id >= 9361983) AND (id <= 9362982))

table 4 : explain SELECT c FROM sbtest4 WHERE id BETWEEN 2470085 AND 2471084 ORDER BY c
	Sort  (cost=3630.38..3632.69 rows=924 width=121)
	  Sort Key: c
	  ->  Bitmap Heap Scan on sbtest4  (cost=25.91..3584.87 rows=924 width=121)
	        Recheck Cond: ((id >= 2470085) AND (id <= 2471084))
	        ->  Bitmap Index Scan on sbtest4_pkey  (cost=0.00..25.68 rows=924 width=0)
	              Index Cond: ((id >= 2470085) AND (id <= 2471084))

table 5 : explain SELECT c FROM sbtest5 WHERE id BETWEEN 4849415 AND 4850414 ORDER BY c
	Sort  (cost=3902.46..3904.95 rows=995 width=121)
	  Sort Key: c
	  ->  Bitmap Heap Scan on sbtest5  (cost=30.63..3852.92 rows=995 width=121)
	        Recheck Cond: ((id >= 4849415) AND (id <= 4850414))
	        ->  Bitmap Index Scan on sbtest5_pkey  (cost=0.00..30.39 rows=995 width=0)
	              Index Cond: ((id >= 4849415) AND (id <= 4850414))

table 6 : explain SELECT c FROM sbtest6 WHERE id BETWEEN 1099327 AND 1100326 ORDER BY c
	Sort  (cost=3858.08..3860.53 rows=983 width=121)
	  Sort Key: c
	  ->  Bitmap Heap Scan on sbtest6  (cost=30.51..3809.22 rows=983 width=121)
	        Recheck Cond: ((id >= 1099327) AND (id <= 1100326))
	        ->  Bitmap Index Scan on sbtest6_pkey  (cost=0.00..30.26 rows=983 width=0)
	              Index Cond: ((id >= 1099327) AND (id <= 1100326))

table 7 : explain SELECT c FROM sbtest7 WHERE id BETWEEN 8986724 AND 8987723 ORDER BY c
	Sort  (cost=3701.16..3703.51 rows=941 width=121)
	  Sort Key: c
	  ->  Bitmap Heap Scan on sbtest7  (cost=30.08..3654.69 rows=941 width=121)
	        Recheck Cond: ((id >= 8986724) AND (id <= 8987723))
	        ->  Bitmap Index Scan on sbtest7_pkey  (cost=0.00..29.84 rows=941 width=0)
	              Index Cond: ((id >= 8986724) AND (id <= 8987723))

table 8 : explain SELECT c FROM sbtest8 WHERE id BETWEEN 6174268 AND 6175267 ORDER BY c
	Sort  (cost=4222.88..4225.58 rows=1079 width=121)
	  Sort Key: c
	  ->  Bitmap Heap Scan on sbtest8  (cost=31.49..4168.53 rows=1079 width=121)
	        Recheck Cond: ((id >= 6174268) AND (id <= 6175267))
	        ->  Bitmap Index Scan on sbtest8_pkey  (cost=0.00..31.22 rows=1079 width=0)
	              Index Cond: ((id >= 6174268) AND (id <= 6175267))

for: distinct_ranges
table 1 : explain SELECT DISTINCT c FROM sbtest1 WHERE id BETWEEN 9849695 AND 9850694 ORDER BY c
	Unique  (cost=4163.30..4168.62 rows=1063 width=121)
	  ->  Sort  (cost=4163.30..4165.96 rows=1063 width=121)
	        Sort Key: c
	        ->  Bitmap Heap Scan on sbtest1  (cost=31.33..4109.87 rows=1063 width=121)
	              Recheck Cond: ((id >= 9849695) AND (id <= 9850694))
	              ->  Bitmap Index Scan on sbtest1_pkey  (cost=0.00..31.07 rows=1063 width=0)
	                    Index Cond: ((id >= 9849695) AND (id <= 9850694))

table 2 : explain SELECT DISTINCT c FROM sbtest2 WHERE id BETWEEN 3167844 AND 3168843 ORDER BY c
	Unique  (cost=3637.60..3642.23 rows=926 width=121)
	  ->  Sort  (cost=3637.60..3639.92 rows=926 width=121)
	        Sort Key: c
	        ->  Bitmap Heap Scan on sbtest2  (cost=29.93..3591.97 rows=926 width=121)
	              Recheck Cond: ((id >= 3167844) AND (id <= 3168843))
	              ->  Bitmap Index Scan on sbtest2_pkey  (cost=0.00..29.69 rows=926 width=0)
	                    Index Cond: ((id >= 3167844) AND (id <= 3168843))

table 3 : explain SELECT DISTINCT c FROM sbtest3 WHERE id BETWEEN 7061771 AND 7062770 ORDER BY c
	Unique  (cost=3700.78..3705.49 rows=941 width=121)
	  ->  Sort  (cost=3700.78..3703.14 rows=941 width=121)
	        Sort Key: c
	        ->  Bitmap Heap Scan on sbtest3  (cost=30.08..3654.31 rows=941 width=121)
	              Recheck Cond: ((id >= 7061771) AND (id <= 7062770))
	              ->  Bitmap Index Scan on sbtest3_pkey  (cost=0.00..29.84 rows=941 width=0)
	                    Index Cond: ((id >= 7061771) AND (id <= 7062770))

table 4 : explain SELECT DISTINCT c FROM sbtest4 WHERE id BETWEEN 6778105 AND 6779104 ORDER BY c
	Unique  (cost=3691.85..3696.55 rows=940 width=121)
	  ->  Sort  (cost=3691.85..3694.20 rows=940 width=121)
	        Sort Key: c
	        ->  Bitmap Heap Scan on sbtest4  (cost=26.07..3645.43 rows=940 width=121)
	              Recheck Cond: ((id >= 6778105) AND (id <= 6779104))
	              ->  Bitmap Index Scan on sbtest4_pkey  (cost=0.00..25.83 rows=940 width=0)
	                    Index Cond: ((id >= 6778105) AND (id <= 6779104))

table 5 : explain SELECT DISTINCT c FROM sbtest5 WHERE id BETWEEN 684653 AND 685652 ORDER BY c
	Unique  (cost=4135.74..4141.02 rows=1056 width=121)
	  ->  Sort  (cost=4135.74..4138.38 rows=1056 width=121)
	        Sort Key: c
	        ->  Bitmap Heap Scan on sbtest5  (cost=31.26..4082.70 rows=1056 width=121)
	              Recheck Cond: ((id >= 684653) AND (id <= 685652))
	              ->  Bitmap Index Scan on sbtest5_pkey  (cost=0.00..31.00 rows=1056 width=0)
	                    Index Cond: ((id >= 684653) AND (id <= 685652))

table 6 : explain SELECT DISTINCT c FROM sbtest6 WHERE id BETWEEN 9908928 AND 9909927 ORDER BY c
	Unique  (cost=4278.84..4284.30 rows=1093 width=121)
	  ->  Sort  (cost=4278.84..4281.57 rows=1093 width=121)
	        Sort Key: c
	        ->  Bitmap Heap Scan on sbtest6  (cost=31.64..4223.67 rows=1093 width=121)
	              Recheck Cond: ((id >= 9908928) AND (id <= 9909927))
	              ->  Bitmap Index Scan on sbtest6_pkey  (cost=0.00..31.36 rows=1093 width=0)
	                    Index Cond: ((id >= 9908928) AND (id <= 9909927))

table 7 : explain SELECT DISTINCT c FROM sbtest7 WHERE id BETWEEN 1977321 AND 1978320 ORDER BY c
	Unique  (cost=4134.70..4139.97 rows=1054 width=121)
	  ->  Sort  (cost=4134.70..4137.34 rows=1054 width=121)
	        Sort Key: c
	        ->  Bitmap Heap Scan on sbtest7  (cost=31.24..4081.79 rows=1054 width=121)
	              Recheck Cond: ((id >= 1977321) AND (id <= 1978320))
	              ->  Bitmap Index Scan on sbtest7_pkey  (cost=0.00..30.97 rows=1054 width=0)
	                    Index Cond: ((id >= 1977321) AND (id <= 1978320))

table 8 : explain SELECT DISTINCT c FROM sbtest8 WHERE id BETWEEN 3585393 AND 3586392 ORDER BY c
	Unique  (cost=3767.84..3772.64 rows=960 width=121)
	  ->  Sort  (cost=3767.84..3770.24 rows=960 width=121)
	        Sort Key: c
	        ->  Bitmap Heap Scan on sbtest8  (cost=30.27..3720.28 rows=960 width=121)
	              Recheck Cond: ((id >= 3585393) AND (id <= 3586392))
	              ->  Bitmap Index Scan on sbtest8_pkey  (cost=0.00..30.04 rows=960 width=0)
	                    Index Cond: ((id >= 3585393) AND (id <= 3586392))

for: distinct_ranges
table 1 : explain SELECT DISTINCT c FROM sbtest1 WHERE id BETWEEN 8882023 AND 8883022 ORDER BY c
	Unique  (cost=4136.55..4141.83 rows=1056 width=121)
	  ->  Sort  (cost=4136.55..4139.19 rows=1056 width=121)
	        Sort Key: c
	        ->  Bitmap Heap Scan on sbtest1  (cost=31.26..4083.52 rows=1056 width=121)
	              Recheck Cond: ((id >= 8882023) AND (id <= 8883022))
	              ->  Bitmap Index Scan on sbtest1_pkey  (cost=0.00..31.00 rows=1056 width=0)
	                    Index Cond: ((id >= 8882023) AND (id <= 8883022))

table 2 : explain SELECT DISTINCT c FROM sbtest2 WHERE id BETWEEN 692213 AND 693212 ORDER BY c
	Unique  (cost=3944.05..3949.08 rows=1006 width=121)
	  ->  Sort  (cost=3944.05..3946.56 rows=1006 width=121)
	        Sort Key: c
	        ->  Bitmap Heap Scan on sbtest2  (cost=30.75..3893.88 rows=1006 width=121)
	              Recheck Cond: ((id >= 692213) AND (id <= 693212))
	              ->  Bitmap Index Scan on sbtest2_pkey  (cost=0.00..30.50 rows=1006 width=0)
	                    Index Cond: ((id >= 692213) AND (id <= 693212))

table 3 : explain SELECT DISTINCT c FROM sbtest3 WHERE id BETWEEN 2047403 AND 2048402 ORDER BY c
	Unique  (cost=3743.05..3747.81 rows=952 width=121)
	  ->  Sort  (cost=3743.05..3745.43 rows=952 width=121)
	        Sort Key: c
	        ->  Bitmap Heap Scan on sbtest3  (cost=30.19..3695.95 rows=952 width=121)
	              Recheck Cond: ((id >= 2047403) AND (id <= 2048402))
	              ->  Bitmap Index Scan on sbtest3_pkey  (cost=0.00..29.95 rows=952 width=0)
	                    Index Cond: ((id >= 2047403) AND (id <= 2048402))

table 4 : explain SELECT DISTINCT c FROM sbtest4 WHERE id BETWEEN 9354743 AND 9355742 ORDER BY c
	Unique  (cost=3784.17..3788.98 rows=963 width=121)
	  ->  Sort  (cost=3784.17..3786.57 rows=963 width=121)
	        Sort Key: c
	        ->  Bitmap Heap Scan on sbtest4  (cost=30.31..3736.44 rows=963 width=121)
	              Recheck Cond: ((id >= 9354743) AND (id <= 9355742))
	              ->  Bitmap Index Scan on sbtest4_pkey  (cost=0.00..30.07 rows=963 width=0)
	                    Index Cond: ((id >= 9354743) AND (id <= 9355742))

table 5 : explain SELECT DISTINCT c FROM sbtest5 WHERE id BETWEEN 708658 AND 709657 ORDER BY c
	Unique  (cost=4135.74..4141.02 rows=1056 width=121)
	  ->  Sort  (cost=4135.74..4138.38 rows=1056 width=121)
	        Sort Key: c
	        ->  Bitmap Heap Scan on sbtest5  (cost=31.26..4082.70 rows=1056 width=121)
	              Recheck Cond: ((id >= 708658) AND (id <= 709657))
	              ->  Bitmap Index Scan on sbtest5_pkey  (cost=0.00..31.00 rows=1056 width=0)
	                    Index Cond: ((id >= 708658) AND (id <= 709657))

table 6 : explain SELECT DISTINCT c FROM sbtest6 WHERE id BETWEEN 5015339 AND 5016338 ORDER BY c
	Unique  (cost=3735.40..3740.16 rows=951 width=121)
	  ->  Sort  (cost=3735.40..3737.78 rows=951 width=121)
	        Sort Key: c
	        ->  Bitmap Heap Scan on sbtest6  (cost=30.18..3688.36 rows=951 width=121)
	              Recheck Cond: ((id >= 5015339) AND (id <= 5016338))
	              ->  Bitmap Index Scan on sbtest6_pkey  (cost=0.00..29.94 rows=951 width=0)
	                    Index Cond: ((id >= 5015339) AND (id <= 5016338))

table 7 : explain SELECT DISTINCT c FROM sbtest7 WHERE id BETWEEN 1356768 AND 1357767 ORDER BY c
	Unique  (cost=3820.25..3825.11 rows=972 width=121)
	  ->  Sort  (cost=3820.25..3822.68 rows=972 width=121)
	        Sort Key: c
	        ->  Bitmap Heap Scan on sbtest7  (cost=30.40..3772.01 rows=972 width=121)
	              Recheck Cond: ((id >= 1356768) AND (id <= 1357767))
	              ->  Bitmap Index Scan on sbtest7_pkey  (cost=0.00..30.15 rows=972 width=0)
	                    Index Cond: ((id >= 1356768) AND (id <= 1357767))

table 8 : explain SELECT DISTINCT c FROM sbtest8 WHERE id BETWEEN 3017412 AND 3018411 ORDER BY c
	Unique  (cost=4104.51..4109.75 rows=1048 width=121)
	  ->  Sort  (cost=4104.51..4107.13 rows=1048 width=121)
	        Sort Key: c
	        ->  Bitmap Heap Scan on sbtest8  (cost=31.18..4051.93 rows=1048 width=121)
	              Recheck Cond: ((id >= 3017412) AND (id <= 3018411))
	              ->  Bitmap Index Scan on sbtest8_pkey  (cost=0.00..30.91 rows=1048 width=0)
	                    Index Cond: ((id >= 3017412) AND (id <= 3018411))

for: distinct_ranges
table 1 : explain SELECT DISTINCT c FROM sbtest1 WHERE id BETWEEN 5104690 AND 5105689 ORDER BY c
	Unique  (cost=4243.51..4248.93 rows=1084 width=121)
	  ->  Sort  (cost=4243.51..4246.22 rows=1084 width=121)
	        Sort Key: c
	        ->  Bitmap Heap Scan on sbtest1  (cost=31.55..4188.87 rows=1084 width=121)
	              Recheck Cond: ((id >= 5104690) AND (id <= 5105689))
	              ->  Bitmap Index Scan on sbtest1_pkey  (cost=0.00..31.27 rows=1084 width=0)
	                    Index Cond: ((id >= 5104690) AND (id <= 5105689))

table 2 : explain SELECT DISTINCT c FROM sbtest2 WHERE id BETWEEN 5109322 AND 5110321 ORDER BY c
	Unique  (cost=3932.57..3937.58 rows=1003 width=121)
	  ->  Sort  (cost=3932.57..3935.08 rows=1003 width=121)
	        Sort Key: c
	        ->  Bitmap Heap Scan on sbtest2  (cost=30.72..3882.57 rows=1003 width=121)
	              Recheck Cond: ((id >= 5109322) AND (id <= 5110321))
	              ->  Bitmap Index Scan on sbtest2_pkey  (cost=0.00..30.46 rows=1003 width=0)
	                    Index Cond: ((id >= 5109322) AND (id <= 5110321))

table 3 : explain SELECT DISTINCT c FROM sbtest3 WHERE id BETWEEN 8159362 AND 8160361 ORDER BY c
	Unique  (cost=4356.36..4361.91 rows=1111 width=121)
	  ->  Sort  (cost=4356.36..4359.13 rows=1111 width=121)
	        Sort Key: c
	        ->  Bitmap Heap Scan on sbtest3  (cost=35.82..4300.15 rows=1111 width=121)
	              Recheck Cond: ((id >= 8159362) AND (id <= 8160361))
	              ->  Bitmap Index Scan on sbtest3_pkey  (cost=0.00..35.55 rows=1111 width=0)
	                    Index Cond: ((id >= 8159362) AND (id <= 8160361))

table 4 : explain SELECT DISTINCT c FROM sbtest4 WHERE id BETWEEN 2154823 AND 2155822 ORDER BY c
	Unique  (cost=3903.10..3908.07 rows=994 width=121)
	  ->  Sort  (cost=3903.10..3905.58 rows=994 width=121)
	        Sort Key: c
	        ->  Bitmap Heap Scan on sbtest4  (cost=30.62..3853.61 rows=994 width=121)
	              Recheck Cond: ((id >= 2154823) AND (id <= 2155822))
	              ->  Bitmap Index Scan on sbtest4_pkey  (cost=0.00..30.37 rows=994 width=0)
	                    Index Cond: ((id >= 2154823) AND (id <= 2155822))

table 5 : explain SELECT DISTINCT c FROM sbtest5 WHERE id BETWEEN 3865993 AND 3866992 ORDER BY c
	Unique  (cost=3860.35..3865.27 rows=984 width=121)
	  ->  Sort  (cost=3860.35..3862.81 rows=984 width=121)
	        Sort Key: c
	        ->  Bitmap Heap Scan on sbtest5  (cost=30.52..3811.43 rows=984 width=121)
	              Recheck Cond: ((id >= 3865993) AND (id <= 3866992))
	              ->  Bitmap Index Scan on sbtest5_pkey  (cost=0.00..30.27 rows=984 width=0)
	                    Index Cond: ((id >= 3865993) AND (id <= 3866992))

table 6 : explain SELECT DISTINCT c FROM sbtest6 WHERE id BETWEEN 9923264 AND 9924263 ORDER BY c
	Unique  (cost=4278.84..4284.30 rows=1093 width=121)
	  ->  Sort  (cost=4278.84..4281.57 rows=1093 width=121)
	        Sort Key: c
	        ->  Bitmap Heap Scan on sbtest6  (cost=31.64..4223.67 rows=1093 width=121)
	              Recheck Cond: ((id >= 9923264) AND (id <= 9924263))
	              ->  Bitmap Index Scan on sbtest6_pkey  (cost=0.00..31.36 rows=1093 width=0)
	                    Index Cond: ((id >= 9923264) AND (id <= 9924263))

table 7 : explain SELECT DISTINCT c FROM sbtest7 WHERE id BETWEEN 5394596 AND 5395595 ORDER BY c
	Unique  (cost=3647.34..3651.98 rows=927 width=121)
	  ->  Sort  (cost=3647.34..3649.66 rows=927 width=121)
	        Sort Key: c
	        ->  Bitmap Heap Scan on sbtest7  (cost=29.94..3601.66 rows=927 width=121)
	              Recheck Cond: ((id >= 5394596) AND (id <= 5395595))
	              ->  Bitmap Index Scan on sbtest7_pkey  (cost=0.00..29.70 rows=927 width=0)
	                    Index Cond: ((id >= 5394596) AND (id <= 5395595))

table 8 : explain SELECT DISTINCT c FROM sbtest8 WHERE id BETWEEN 2943060 AND 2944059 ORDER BY c
	Unique  (cost=4203.80..4209.17 rows=1074 width=121)
	  ->  Sort  (cost=4203.80..4206.48 rows=1074 width=121)
	        Sort Key: c
	        ->  Bitmap Heap Scan on sbtest8  (cost=31.44..4149.73 rows=1074 width=121)
	              Recheck Cond: ((id >= 2943060) AND (id <= 2944059))
	              ->  Bitmap Index Scan on sbtest8_pkey  (cost=0.00..31.18 rows=1074 width=0)
	                    Index Cond: ((id >= 2943060) AND (id <= 2944059))

for: sum_ranges
table 1 : explain SELECT SUM(k) FROM sbtest1 WHERE id BETWEEN 3711737 AND 3712736
	Aggregate  (cost=4010.80..4010.81 rows=1 width=8)
	  ->  Bitmap Heap Scan on sbtest1  (cost=31.05..4008.21 rows=1036 width=4)
	        Recheck Cond: ((id >= 3711737) AND (id <= 3712736))
	        ->  Bitmap Index Scan on sbtest1_pkey  (cost=0.00..30.79 rows=1036 width=0)
	              Index Cond: ((id >= 3711737) AND (id <= 3712736))

table 2 : explain SELECT SUM(k) FROM sbtest2 WHERE id BETWEEN 9262051 AND 9263050
	Aggregate  (cost=3544.90..3544.91 rows=1 width=8)
	  ->  Bitmap Heap Scan on sbtest2  (cost=25.80..3542.62 rows=914 width=4)
	        Recheck Cond: ((id >= 9262051) AND (id <= 9263050))
	        ->  Bitmap Index Scan on sbtest2_pkey  (cost=0.00..25.57 rows=914 width=0)
	              Index Cond: ((id >= 9262051) AND (id <= 9263050))

table 3 : explain SELECT SUM(k) FROM sbtest3 WHERE id BETWEEN 1563139 AND 1564138
	Aggregate  (cost=4019.79..4019.80 rows=1 width=8)
	  ->  Bitmap Heap Scan on sbtest3  (cost=31.06..4017.19 rows=1037 width=4)
	        Recheck Cond: ((id >= 1563139) AND (id <= 1564138))
	        ->  Bitmap Index Scan on sbtest3_pkey  (cost=0.00..30.80 rows=1037 width=0)
	              Index Cond: ((id >= 1563139) AND (id <= 1564138))

table 4 : explain SELECT SUM(k) FROM sbtest4 WHERE id BETWEEN 9896262 AND 9897261
	Aggregate  (cost=3776.68..3776.69 rows=1 width=8)
	  ->  Bitmap Heap Scan on sbtest4  (cost=30.41..3774.25 rows=973 width=4)
	        Recheck Cond: ((id >= 9896262) AND (id <= 9897261))
	        ->  Bitmap Index Scan on sbtest4_pkey  (cost=0.00..30.16 rows=973 width=0)
	              Index Cond: ((id >= 9896262) AND (id <= 9897261))

table 5 : explain SELECT SUM(k) FROM sbtest5 WHERE id BETWEEN 1199283 AND 1200282
	Aggregate  (cost=3560.48..3560.49 rows=1 width=8)
	  ->  Bitmap Heap Scan on sbtest5  (cost=25.84..3558.19 rows=918 width=4)
	        Recheck Cond: ((id >= 1199283) AND (id <= 1200282))
	        ->  Bitmap Index Scan on sbtest5_pkey  (cost=0.00..25.61 rows=918 width=0)
	              Index Cond: ((id >= 1199283) AND (id <= 1200282))

table 6 : explain SELECT SUM(k) FROM sbtest6 WHERE id BETWEEN 7434628 AND 7435627
	Aggregate  (cost=4060.69..4060.70 rows=1 width=8)
	  ->  Bitmap Heap Scan on sbtest6  (cost=31.19..4058.07 rows=1049 width=4)
	        Recheck Cond: ((id >= 7434628) AND (id <= 7435627))
	        ->  Bitmap Index Scan on sbtest6_pkey  (cost=0.00..30.93 rows=1049 width=0)
	              Index Cond: ((id >= 7434628) AND (id <= 7435627))

table 7 : explain SELECT SUM(k) FROM sbtest7 WHERE id BETWEEN 613709 AND 614708
	Aggregate  (cost=3895.51..3895.52 rows=1 width=8)
	  ->  Bitmap Heap Scan on sbtest7  (cost=30.73..3893.00 rows=1004 width=4)
	        Recheck Cond: ((id >= 613709) AND (id <= 614708))
	        ->  Bitmap Index Scan on sbtest7_pkey  (cost=0.00..30.47 rows=1004 width=0)
	              Index Cond: ((id >= 613709) AND (id <= 614708))

table 8 : explain SELECT SUM(k) FROM sbtest8 WHERE id BETWEEN 431823 AND 432822
	Aggregate  (cost=4016.89..4016.90 rows=1 width=8)
	  ->  Bitmap Heap Scan on sbtest8  (cost=31.07..4014.29 rows=1038 width=4)
	        Recheck Cond: ((id >= 431823) AND (id <= 432822))
	        ->  Bitmap Index Scan on sbtest8_pkey  (cost=0.00..30.82 rows=1038 width=0)
	              Index Cond: ((id >= 431823) AND (id <= 432822))

for point_selects
table 1 : explain SELECT c FROM sbtest1 WHERE id=7562866
	Index Scan using sbtest1_pkey on sbtest1  (cost=0.43..8.45 rows=1 width=121)
	  Index Cond: (id = 7562866)

table 2 : explain SELECT c FROM sbtest2 WHERE id=9822394
	Index Scan using sbtest2_pkey on sbtest2  (cost=0.43..8.45 rows=1 width=121)
	  Index Cond: (id = 9822394)

table 3 : explain SELECT c FROM sbtest3 WHERE id=8066104
	Index Scan using sbtest3_pkey on sbtest3  (cost=0.43..8.45 rows=1 width=121)
	  Index Cond: (id = 8066104)

table 4 : explain SELECT c FROM sbtest4 WHERE id=2508918
	Index Scan using sbtest4_pkey on sbtest4  (cost=0.43..8.45 rows=1 width=121)
	  Index Cond: (id = 2508918)

table 5 : explain SELECT c FROM sbtest5 WHERE id=2535386
	Index Scan using sbtest5_pkey on sbtest5  (cost=0.43..8.45 rows=1 width=121)
	  Index Cond: (id = 2535386)

table 6 : explain SELECT c FROM sbtest6 WHERE id=3422601
	Index Scan using sbtest6_pkey on sbtest6  (cost=0.43..8.45 rows=1 width=121)
	  Index Cond: (id = 3422601)

table 7 : explain SELECT c FROM sbtest7 WHERE id=9423006
	Index Scan using sbtest7_pkey on sbtest7  (cost=0.43..8.45 rows=1 width=121)
	  Index Cond: (id = 9423006)

table 8 : explain SELECT c FROM sbtest8 WHERE id=7240452
	Index Scan using sbtest8_pkey on sbtest8  (cost=0.43..8.45 rows=1 width=121)
	  Index Cond: (id = 7240452)

explain: for point_selects :: explain SELECT c FROM sbtest%u WHERE id=%u
explain: for point_selects :: explain SELECT c FROM sbtest%u WHERE id=%u
for point_selects
table 1 : explain SELECT c FROM sbtest1 WHERE id=1366250
	Index Scan using sbtest1_pkey on sbtest1  (cost=0.43..8.45 rows=1 width=121)
	  Index Cond: (id = 1366250)

table 2 : explain SELECT c FROM sbtest2 WHERE id=215760
	Index Scan using sbtest2_pkey on sbtest2  (cost=0.43..8.45 rows=1 width=121)
	  Index Cond: (id = 215760)

table 3 : explain SELECT c FROM sbtest3 WHERE id=9269113
	Index Scan using sbtest3_pkey on sbtest3  (cost=0.43..8.45 rows=1 width=121)
	  Index Cond: (id = 9269113)

table 4 : explain SELECT c FROM sbtest4 WHERE id=7733393
	Index Scan using sbtest4_pkey on sbtest4  (cost=0.43..8.45 rows=1 width=121)
	  Index Cond: (id = 7733393)

table 5 : explain SELECT c FROM sbtest5 WHERE id=1641910
	Index Scan using sbtest5_pkey on sbtest5  (cost=0.43..8.45 rows=1 width=121)
	  Index Cond: (id = 1641910)

table 6 : explain SELECT c FROM sbtest6 WHERE id=6717988
	Index Scan using sbtest6_pkey on sbtest6  (cost=0.43..8.45 rows=1 width=121)
	  Index Cond: (id = 6717988)

table 7 : explain SELECT c FROM sbtest7 WHERE id=5182063
	Index Scan using sbtest7_pkey on sbtest7  (cost=0.43..8.45 rows=1 width=121)
	  Index Cond: (id = 5182063)

table 8 : explain SELECT c FROM sbtest8 WHERE id=2922768
	Index Scan using sbtest8_pkey on sbtest8  (cost=0.43..8.45 rows=1 width=121)
	  Index Cond: (id = 2922768)

for: distinct_ranges
table 1 : explain SELECT DISTINCT c FROM sbtest1 WHERE id BETWEEN 8450038 AND 8451037 ORDER BY c
	Unique  (cost=3765.29..3770.09 rows=959 width=121)
	  ->  Sort  (cost=3765.29..3767.69 rows=959 width=121)
	        Sort Key: c
	        ->  Bitmap Heap Scan on sbtest1  (cost=30.26..3717.80 rows=959 width=121)
	              Recheck Cond: ((id >= 8450038) AND (id <= 8451037))
	              ->  Bitmap Index Scan on sbtest1_pkey  (cost=0.00..30.02 rows=959 width=0)
	                    Index Cond: ((id >= 8450038) AND (id <= 8451037))

table 2 : explain SELECT DISTINCT c FROM sbtest2 WHERE id BETWEEN 7697687 AND 7698686 ORDER BY c
	Unique  (cost=4005.24..4010.35 rows=1022 width=121)
	  ->  Sort  (cost=4005.24..4007.80 rows=1022 width=121)
	        Sort Key: c
	        ->  Bitmap Heap Scan on sbtest2  (cost=30.91..3954.16 rows=1022 width=121)
	              Recheck Cond: ((id >= 7697687) AND (id <= 7698686))
	              ->  Bitmap Index Scan on sbtest2_pkey  (cost=0.00..30.65 rows=1022 width=0)
	                    Index Cond: ((id >= 7697687) AND (id <= 7698686))

table 3 : explain SELECT DISTINCT c FROM sbtest3 WHERE id BETWEEN 5790054 AND 5791053 ORDER BY c
	Unique  (cost=4026.98..4032.11 rows=1026 width=121)
	  ->  Sort  (cost=4026.98..4029.55 rows=1026 width=121)
	        Sort Key: c
	        ->  Bitmap Heap Scan on sbtest3  (cost=30.95..3975.67 rows=1026 width=121)
	              Recheck Cond: ((id >= 5790054) AND (id <= 5791053))
	              ->  Bitmap Index Scan on sbtest3_pkey  (cost=0.00..30.69 rows=1026 width=0)
	                    Index Cond: ((id >= 5790054) AND (id <= 5791053))

table 4 : explain SELECT DISTINCT c FROM sbtest4 WHERE id BETWEEN 461990 AND 462989 ORDER BY c
	Unique  (cost=4396.80..4402.42 rows=1123 width=121)
	  ->  Sort  (cost=4396.80..4399.61 rows=1123 width=121)
	        Sort Key: c
	        ->  Bitmap Heap Scan on sbtest4  (cost=31.95..4339.91 rows=1123 width=121)
	              Recheck Cond: ((id >= 461990) AND (id <= 462989))
	              ->  Bitmap Index Scan on sbtest4_pkey  (cost=0.00..31.66 rows=1123 width=0)
	                    Index Cond: ((id >= 461990) AND (id <= 462989))

table 5 : explain SELECT DISTINCT c FROM sbtest5 WHERE id BETWEEN 7254734 AND 7255733 ORDER BY c
	Unique  (cost=4063.12..4068.31 rows=1037 width=121)
	  ->  Sort  (cost=4063.12..4065.72 rows=1037 width=121)
	        Sort Key: c
	        ->  Bitmap Heap Scan on sbtest5  (cost=31.06..4011.18 rows=1037 width=121)
	              Recheck Cond: ((id >= 7254734) AND (id <= 7255733))
	              ->  Bitmap Index Scan on sbtest5_pkey  (cost=0.00..30.80 rows=1037 width=0)
	                    Index Cond: ((id >= 7254734) AND (id <= 7255733))

table 6 : explain SELECT DISTINCT c FROM sbtest6 WHERE id BETWEEN 3166180 AND 3167179 ORDER BY c
	Unique  (cost=4122.17..4127.43 rows=1052 width=121)
	  ->  Sort  (cost=4122.17..4124.80 rows=1052 width=121)
	        Sort Key: c
	        ->  Bitmap Heap Scan on sbtest6  (cost=31.22..4069.37 rows=1052 width=121)
	              Recheck Cond: ((id >= 3166180) AND (id <= 3167179))
	              ->  Bitmap Index Scan on sbtest6_pkey  (cost=0.00..30.95 rows=1052 width=0)
	                    Index Cond: ((id >= 3166180) AND (id <= 3167179))

table 7 : explain SELECT DISTINCT c FROM sbtest7 WHERE id BETWEEN 4707478 AND 4708477 ORDER BY c
	Unique  (cost=4027.42..4032.55 rows=1026 width=121)
	  ->  Sort  (cost=4027.42..4029.98 rows=1026 width=121)
	        Sort Key: c
	        ->  Bitmap Heap Scan on sbtest7  (cost=30.95..3976.10 rows=1026 width=121)
	              Recheck Cond: ((id >= 4707478) AND (id <= 4708477))
	              ->  Bitmap Index Scan on sbtest7_pkey  (cost=0.00..30.69 rows=1026 width=0)
	                    Index Cond: ((id >= 4707478) AND (id <= 4708477))

table 8 : explain SELECT DISTINCT c FROM sbtest8 WHERE id BETWEEN 8827397 AND 8828396 ORDER BY c
	Unique  (cost=3947.77..3952.80 rows=1007 width=121)
	  ->  Sort  (cost=3947.77..3950.28 rows=1007 width=121)
	        Sort Key: c
	        ->  Bitmap Heap Scan on sbtest8  (cost=30.76..3897.54 rows=1007 width=121)
	              Recheck Cond: ((id >= 8827397) AND (id <= 8828396))
	              ->  Bitmap Index Scan on sbtest8_pkey  (cost=0.00..30.50 rows=1007 width=0)
	                    Index Cond: ((id >= 8827397) AND (id <= 8828396))

for: order_ranges
table 1 : explain SELECT c FROM sbtest1 WHERE id BETWEEN 8926789 AND 8927788 ORDER BY c
	Sort  (cost=3891.72..3894.20 rows=992 width=121)
	  Sort Key: c
	  ->  Bitmap Heap Scan on sbtest1  (cost=30.60..3842.35 rows=992 width=121)
	        Recheck Cond: ((id >= 8926789) AND (id <= 8927788))
	        ->  Bitmap Index Scan on sbtest1_pkey  (cost=0.00..30.36 rows=992 width=0)
	              Index Cond: ((id >= 8926789) AND (id <= 8927788))

table 2 : explain SELECT c FROM sbtest2 WHERE id BETWEEN 8315578 AND 8316577 ORDER BY c
	Sort  (cost=3794.75..3797.17 rows=967 width=121)
	  Sort Key: c
	  ->  Bitmap Heap Scan on sbtest2  (cost=30.35..3746.80 rows=967 width=121)
	        Recheck Cond: ((id >= 8315578) AND (id <= 8316577))
	        ->  Bitmap Index Scan on sbtest2_pkey  (cost=0.00..30.11 rows=967 width=0)
	              Index Cond: ((id >= 8315578) AND (id <= 8316577))

table 3 : explain SELECT c FROM sbtest3 WHERE id BETWEEN 9310559 AND 9311558 ORDER BY c
	Sort  (cost=3604.68..3606.97 rows=916 width=121)
	  Sort Key: c
	  ->  Bitmap Heap Scan on sbtest3  (cost=29.82..3559.62 rows=916 width=121)
	        Recheck Cond: ((id >= 9310559) AND (id <= 9311558))
	        ->  Bitmap Index Scan on sbtest3_pkey  (cost=0.00..29.59 rows=916 width=0)
	              Index Cond: ((id >= 9310559) AND (id <= 9311558))

table 4 : explain SELECT c FROM sbtest4 WHERE id BETWEEN 734303 AND 735302 ORDER BY c
	Sort  (cost=4029.57..4032.14 rows=1027 width=121)
	  Sort Key: c
	  ->  Bitmap Heap Scan on sbtest4  (cost=30.96..3978.20 rows=1027 width=121)
	        Recheck Cond: ((id >= 734303) AND (id <= 735302))
	        ->  Bitmap Index Scan on sbtest4_pkey  (cost=0.00..30.70 rows=1027 width=0)
	              Index Cond: ((id >= 734303) AND (id <= 735302))

table 5 : explain SELECT c FROM sbtest5 WHERE id BETWEEN 1736560 AND 1737559 ORDER BY c
	Sort  (cost=3576.50..3578.78 rows=911 width=121)
	  Sort Key: c
	  ->  Bitmap Heap Scan on sbtest5  (cost=25.77..3531.72 rows=911 width=121)
	        Recheck Cond: ((id >= 1736560) AND (id <= 1737559))
	        ->  Bitmap Index Scan on sbtest5_pkey  (cost=0.00..25.54 rows=911 width=0)
	              Index Cond: ((id >= 1736560) AND (id <= 1737559))

table 6 : explain SELECT c FROM sbtest6 WHERE id BETWEEN 1140941 AND 1141940 ORDER BY c
	Sort  (cost=3858.08..3860.53 rows=983 width=121)
	  Sort Key: c
	  ->  Bitmap Heap Scan on sbtest6  (cost=30.51..3809.22 rows=983 width=121)
	        Recheck Cond: ((id >= 1140941) AND (id <= 1141940))
	        ->  Bitmap Index Scan on sbtest6_pkey  (cost=0.00..30.26 rows=983 width=0)
	              Index Cond: ((id >= 1140941) AND (id <= 1141940))

table 7 : explain SELECT c FROM sbtest7 WHERE id BETWEEN 1955954 AND 1956953 ORDER BY c
	Sort  (cost=3528.09..3530.33 rows=896 width=121)
	  Sort Key: c
	  ->  Bitmap Heap Scan on sbtest7  (cost=29.62..3484.16 rows=896 width=121)
	        Recheck Cond: ((id >= 1955954) AND (id <= 1956953))
	        ->  Bitmap Index Scan on sbtest7_pkey  (cost=0.00..29.39 rows=896 width=0)
	              Index Cond: ((id >= 1955954) AND (id <= 1956953))

table 8 : explain SELECT c FROM sbtest8 WHERE id BETWEEN 6557667 AND 6558666 ORDER BY c
	Sort  (cost=3959.24..3961.77 rows=1010 width=121)
	  Sort Key: c
	  ->  Bitmap Heap Scan on sbtest8  (cost=30.79..3908.84 rows=1010 width=121)
	        Recheck Cond: ((id >= 6557667) AND (id <= 6558666))
	        ->  Bitmap Index Scan on sbtest8_pkey  (cost=0.00..30.54 rows=1010 width=0)
	              Index Cond: ((id >= 6557667) AND (id <= 6558666))

for: simple_ranges
table 1 : explain SELECT c FROM sbtest1 WHERE id BETWEEN 8244092 AND 8245091
	Bitmap Heap Scan on sbtest1  (cost=30.91..3955.46 rows=1022 width=121)
	  Recheck Cond: ((id >= 8244092) AND (id <= 8245091))
	  ->  Bitmap Index Scan on sbtest1_pkey  (cost=0.00..30.65 rows=1022 width=0)
	        Index Cond: ((id >= 8244092) AND (id <= 8245091))

table 2 : explain SELECT c FROM sbtest2 WHERE id BETWEEN 9026904 AND 9027903
	Bitmap Heap Scan on sbtest2  (cost=30.54..3818.48 rows=986 width=121)
	  Recheck Cond: ((id >= 9026904) AND (id <= 9027903))
	  ->  Bitmap Index Scan on sbtest2_pkey  (cost=0.00..30.29 rows=986 width=0)
	        Index Cond: ((id >= 9026904) AND (id <= 9027903))

table 3 : explain SELECT c FROM sbtest3 WHERE id BETWEEN 5082697 AND 5083696
	Bitmap Heap Scan on sbtest3  (cost=30.83..3930.36 rows=1014 width=121)
	  Recheck Cond: ((id >= 5082697) AND (id <= 5083696))
	  ->  Bitmap Index Scan on sbtest3_pkey  (cost=0.00..30.57 rows=1014 width=0)
	        Index Cond: ((id >= 5082697) AND (id <= 5083696))

table 4 : explain SELECT c FROM sbtest4 WHERE id BETWEEN 8542014 AND 8543013
	Bitmap Heap Scan on sbtest4  (cost=30.34..3747.79 rows=966 width=121)
	  Recheck Cond: ((id >= 8542014) AND (id <= 8543013))
	  ->  Bitmap Index Scan on sbtest4_pkey  (cost=0.00..30.09 rows=966 width=0)
	        Index Cond: ((id >= 8542014) AND (id <= 8543013))

table 5 : explain SELECT c FROM sbtest5 WHERE id BETWEEN 8242247 AND 8243246
	Bitmap Heap Scan on sbtest5  (cost=31.05..4007.42 rows=1036 width=121)
	  Recheck Cond: ((id >= 8242247) AND (id <= 8243246))
	  ->  Bitmap Index Scan on sbtest5_pkey  (cost=0.00..30.79 rows=1036 width=0)
	        Index Cond: ((id >= 8242247) AND (id <= 8243246))

table 6 : explain SELECT c FROM sbtest6 WHERE id BETWEEN 8569093 AND 8570092
	Bitmap Heap Scan on sbtest6  (cost=30.61..3846.96 rows=993 width=121)
	  Recheck Cond: ((id >= 8569093) AND (id <= 8570092))
	  ->  Bitmap Index Scan on sbtest6_pkey  (cost=0.00..30.36 rows=993 width=0)
	        Index Cond: ((id >= 8569093) AND (id <= 8570092))

table 7 : explain SELECT c FROM sbtest7 WHERE id BETWEEN 535177 AND 536176
	Bitmap Heap Scan on sbtest7  (cost=30.97..3983.65 rows=1028 width=121)
	  Recheck Cond: ((id >= 535177) AND (id <= 536176))
	  ->  Bitmap Index Scan on sbtest7_pkey  (cost=0.00..30.71 rows=1028 width=0)
	        Index Cond: ((id >= 535177) AND (id <= 536176))

table 8 : explain SELECT c FROM sbtest8 WHERE id BETWEEN 1978749 AND 1979748
	Bitmap Heap Scan on sbtest8  (cost=30.15..3674.98 rows=948 width=121)
	  Recheck Cond: ((id >= 1978749) AND (id <= 1979748))
	  ->  Bitmap Index Scan on sbtest8_pkey  (cost=0.00..29.91 rows=948 width=0)
	        Index Cond: ((id >= 1978749) AND (id <= 1979748))

for: distinct_ranges
table 1 : explain SELECT DISTINCT c FROM sbtest1 WHERE id BETWEEN 3473843 AND 3474842 ORDER BY c
	Unique  (cost=4056.27..4061.45 rows=1035 width=121)
	  ->  Sort  (cost=4056.27..4058.86 rows=1035 width=121)
	        Sort Key: c
	        ->  Bitmap Heap Scan on sbtest1  (cost=31.04..4004.44 rows=1035 width=121)
	              Recheck Cond: ((id >= 3473843) AND (id <= 3474842))
	              ->  Bitmap Index Scan on sbtest1_pkey  (cost=0.00..30.79 rows=1035 width=0)
	                    Index Cond: ((id >= 3473843) AND (id <= 3474842))

table 2 : explain SELECT DISTINCT c FROM sbtest2 WHERE id BETWEEN 391111 AND 392110 ORDER BY c
	Unique  (cost=4005.24..4010.35 rows=1022 width=121)
	  ->  Sort  (cost=4005.24..4007.80 rows=1022 width=121)
	        Sort Key: c
	        ->  Bitmap Heap Scan on sbtest2  (cost=30.91..3954.16 rows=1022 width=121)
	              Recheck Cond: ((id >= 391111) AND (id <= 392110))
	              ->  Bitmap Index Scan on sbtest2_pkey  (cost=0.00..30.65 rows=1022 width=0)
	                    Index Cond: ((id >= 391111) AND (id <= 392110))

table 3 : explain SELECT DISTINCT c FROM sbtest3 WHERE id BETWEEN 1088830 AND 1089829 ORDER BY c
	Unique  (cost=4490.10..4495.83 rows=1146 width=121)
	  ->  Sort  (cost=4490.10..4492.96 rows=1146 width=121)
	        Sort Key: c
	        ->  Bitmap Heap Scan on sbtest3  (cost=36.18..4431.87 rows=1146 width=121)
	              Recheck Cond: ((id >= 1088830) AND (id <= 1089829))
	              ->  Bitmap Index Scan on sbtest3_pkey  (cost=0.00..35.90 rows=1146 width=0)
	                    Index Cond: ((id >= 1088830) AND (id <= 1089829))

table 4 : explain SELECT DISTINCT c FROM sbtest4 WHERE id BETWEEN 7727306 AND 7728305 ORDER BY c
	Unique  (cost=4132.96..4138.23 rows=1054 width=121)
	  ->  Sort  (cost=4132.96..4135.60 rows=1054 width=121)
	        Sort Key: c
	        ->  Bitmap Heap Scan on sbtest4  (cost=31.24..4080.04 rows=1054 width=121)
	              Recheck Cond: ((id >= 7727306) AND (id <= 7728305))
	              ->  Bitmap Index Scan on sbtest4_pkey  (cost=0.00..30.97 rows=1054 width=0)
	                    Index Cond: ((id >= 7727306) AND (id <= 7728305))

table 5 : explain SELECT DISTINCT c FROM sbtest5 WHERE id BETWEEN 2069063 AND 2070062 ORDER BY c
	Unique  (cost=4196.85..4202.21 rows=1072 width=121)
	  ->  Sort  (cost=4196.85..4199.53 rows=1072 width=121)
	        Sort Key: c
	        ->  Bitmap Heap Scan on sbtest5  (cost=31.42..4142.89 rows=1072 width=121)
	              Recheck Cond: ((id >= 2069063) AND (id <= 2070062))
	              ->  Bitmap Index Scan on sbtest5_pkey  (cost=0.00..31.15 rows=1072 width=0)
	                    Index Cond: ((id >= 2069063) AND (id <= 2070062))

table 6 : explain SELECT DISTINCT c FROM sbtest6 WHERE id BETWEEN 5732466 AND 5733465 ORDER BY c
	Unique  (cost=3858.08..3862.99 rows=983 width=121)
	  ->  Sort  (cost=3858.08..3860.53 rows=983 width=121)
	        Sort Key: c
	        ->  Bitmap Heap Scan on sbtest6  (cost=30.51..3809.22 rows=983 width=121)
	              Recheck Cond: ((id >= 5732466) AND (id <= 5733465))
	              ->  Bitmap Index Scan on sbtest6_pkey  (cost=0.00..30.26 rows=983 width=0)
	                    Index Cond: ((id >= 5732466) AND (id <= 5733465))

table 7 : explain SELECT DISTINCT c FROM sbtest7 WHERE id BETWEEN 1643120 AND 1644119 ORDER BY c
	Unique  (cost=3981.41..3986.48 rows=1014 width=121)
	  ->  Sort  (cost=3981.41..3983.94 rows=1014 width=121)
	        Sort Key: c
	        ->  Bitmap Heap Scan on sbtest7  (cost=30.83..3930.78 rows=1014 width=121)
	              Recheck Cond: ((id >= 1643120) AND (id <= 1644119))
	              ->  Bitmap Index Scan on sbtest7_pkey  (cost=0.00..30.57 rows=1014 width=0)
	                    Index Cond: ((id >= 1643120) AND (id <= 1644119))

table 8 : explain SELECT DISTINCT c FROM sbtest8 WHERE id BETWEEN 1306999 AND 1307998 ORDER BY c
	Unique  (cost=4119.79..4125.05 rows=1052 width=121)
	  ->  Sort  (cost=4119.79..4122.42 rows=1052 width=121)
	        Sort Key: c
	        ->  Bitmap Heap Scan on sbtest8  (cost=31.22..4066.98 rows=1052 width=121)
	              Recheck Cond: ((id >= 1306999) AND (id <= 1307998))
	              ->  Bitmap Index Scan on sbtest8_pkey  (cost=0.00..30.95 rows=1052 width=0)
	                    Index Cond: ((id >= 1306999) AND (id <= 1307998))

for: simple_ranges
table 1 : explain SELECT c FROM sbtest1 WHERE id BETWEEN 9308023 AND 9309022
	Bitmap Heap Scan on sbtest1  (cost=25.67..3494.54 rows=901 width=121)
	  Recheck Cond: ((id >= 9308023) AND (id <= 9309022))
	  ->  Bitmap Index Scan on sbtest1_pkey  (cost=0.00..25.44 rows=901 width=0)
	        Index Cond: ((id >= 9308023) AND (id <= 9309022))

table 2 : explain SELECT c FROM sbtest2 WHERE id BETWEEN 7618337 AND 7619336
	Bitmap Heap Scan on sbtest2  (cost=30.91..3954.16 rows=1022 width=121)
	  Recheck Cond: ((id >= 7618337) AND (id <= 7619336))
	  ->  Bitmap Index Scan on sbtest2_pkey  (cost=0.00..30.65 rows=1022 width=0)
	        Index Cond: ((id >= 7618337) AND (id <= 7619336))

table 3 : explain SELECT c FROM sbtest3 WHERE id BETWEEN 7946854 AND 7947853
	Bitmap Heap Scan on sbtest3  (cost=30.59..3843.45 rows=991 width=121)
	  Recheck Cond: ((id >= 7946854) AND (id <= 7947853))
	  ->  Bitmap Index Scan on sbtest3_pkey  (cost=0.00..30.34 rows=991 width=0)
	        Index Cond: ((id >= 7946854) AND (id <= 7947853))

table 4 : explain SELECT c FROM sbtest4 WHERE id BETWEEN 9809250 AND 9810249
	Bitmap Heap Scan on sbtest4  (cost=30.41..3774.25 rows=973 width=121)
	  Recheck Cond: ((id >= 9809250) AND (id <= 9810249))
	  ->  Bitmap Index Scan on sbtest4_pkey  (cost=0.00..30.16 rows=973 width=0)
	        Index Cond: ((id >= 9809250) AND (id <= 9810249))

table 5 : explain SELECT c FROM sbtest5 WHERE id BETWEEN 1387325 AND 1388324
	Bitmap Heap Scan on sbtest5  (cost=30.60..3841.61 rows=992 width=121)
	  Recheck Cond: ((id >= 1387325) AND (id <= 1388324))
	  ->  Bitmap Index Scan on sbtest5_pkey  (cost=0.00..30.36 rows=992 width=0)
	        Index Cond: ((id >= 1387325) AND (id <= 1388324))

table 6 : explain SELECT c FROM sbtest6 WHERE id BETWEEN 9058117 AND 9059116
	Bitmap Heap Scan on sbtest6  (cost=31.17..4050.54 rows=1047 width=121)
	  Recheck Cond: ((id >= 9058117) AND (id <= 9059116))
	  ->  Bitmap Index Scan on sbtest6_pkey  (cost=0.00..30.90 rows=1047 width=0)
	        Index Cond: ((id >= 9058117) AND (id <= 9059116))

table 7 : explain SELECT c FROM sbtest7 WHERE id BETWEEN 7773566 AND 7774565
	Bitmap Heap Scan on sbtest7  (cost=31.36..4127.05 rows=1066 width=121)
	  Recheck Cond: ((id >= 7773566) AND (id <= 7774565))
	  ->  Bitmap Index Scan on sbtest7_pkey  (cost=0.00..31.09 rows=1066 width=0)
	        Index Cond: ((id >= 7773566) AND (id <= 7774565))

table 8 : explain SELECT c FROM sbtest8 WHERE id BETWEEN 2110739 AND 2111738
	Bitmap Heap Scan on sbtest8  (cost=30.26..3716.51 rows=959 width=121)
	  Recheck Cond: ((id >= 2110739) AND (id <= 2111738))
	  ->  Bitmap Index Scan on sbtest8_pkey  (cost=0.00..30.02 rows=959 width=0)
	        Index Cond: ((id >= 2110739) AND (id <= 2111738))

explain: for point_selects :: explain SELECT c FROM sbtest%u WHERE id=%u
for: distinct_ranges
table 1 : explain SELECT DISTINCT c FROM sbtest1 WHERE id BETWEEN 8589916 AND 8590915 ORDER BY c
	Unique  (cost=3557.96..3562.49 rows=906 width=121)
	  ->  Sort  (cost=3557.96..3560.22 rows=906 width=121)
	        Sort Key: c
	        ->  Bitmap Heap Scan on sbtest1  (cost=25.72..3513.46 rows=906 width=121)
	              Recheck Cond: ((id >= 8589916) AND (id <= 8590915))
	              ->  Bitmap Index Scan on sbtest1_pkey  (cost=0.00..25.50 rows=906 width=0)
	                    Index Cond: ((id >= 8589916) AND (id <= 8590915))

table 2 : explain SELECT DISTINCT c FROM sbtest2 WHERE id BETWEEN 4679061 AND 4680060 ORDER BY c
	Unique  (cost=3702.79..3707.50 rows=943 width=121)
	  ->  Sort  (cost=3702.79..3705.15 rows=943 width=121)
	        Sort Key: c
	        ->  Bitmap Heap Scan on sbtest2  (cost=30.10..3656.20 rows=943 width=121)
	              Recheck Cond: ((id >= 4679061) AND (id <= 4680060))
	              ->  Bitmap Index Scan on sbtest2_pkey  (cost=0.00..29.86 rows=943 width=0)
	                    Index Cond: ((id >= 4679061) AND (id <= 4680060))

table 3 : explain SELECT DISTINCT c FROM sbtest3 WHERE id BETWEEN 9360789 AND 9361788 ORDER BY c
	Unique  (cost=3604.68..3609.26 rows=916 width=121)
	  ->  Sort  (cost=3604.68..3606.97 rows=916 width=121)
	        Sort Key: c
	        ->  Bitmap Heap Scan on sbtest3  (cost=29.82..3559.62 rows=916 width=121)
	              Recheck Cond: ((id >= 9360789) AND (id <= 9361788))
	              ->  Bitmap Index Scan on sbtest3_pkey  (cost=0.00..29.59 rows=916 width=0)
	                    Index Cond: ((id >= 9360789) AND (id <= 9361788))

table 4 : explain SELECT DISTINCT c FROM sbtest4 WHERE id BETWEEN 4295684 AND 4296683 ORDER BY c
	Unique  (cost=3914.60..3919.58 rows=997 width=121)
	  ->  Sort  (cost=3914.60..3917.09 rows=997 width=121)
	        Sort Key: c
	        ->  Bitmap Heap Scan on sbtest4  (cost=30.65..3864.94 rows=997 width=121)
	              Recheck Cond: ((id >= 4295684) AND (id <= 4296683))
	              ->  Bitmap Index Scan on sbtest4_pkey  (cost=0.00..30.40 rows=997 width=0)
	                    Index Cond: ((id >= 4295684) AND (id <= 4296683))

table 5 : explain SELECT DISTINCT c FROM sbtest5 WHERE id BETWEEN 639356 AND 640355 ORDER BY c
	Unique  (cost=4135.74..4141.02 rows=1056 width=121)
	  ->  Sort  (cost=4135.74..4138.38 rows=1056 width=121)
	        Sort Key: c
	        ->  Bitmap Heap Scan on sbtest5  (cost=31.26..4082.70 rows=1056 width=121)
	              Recheck Cond: ((id >= 639356) AND (id <= 640355))
	              ->  Bitmap Index Scan on sbtest5_pkey  (cost=0.00..31.00 rows=1056 width=0)
	                    Index Cond: ((id >= 639356) AND (id <= 640355))

table 6 : explain SELECT DISTINCT c FROM sbtest6 WHERE id BETWEEN 436973 AND 437972 ORDER BY c
	Unique  (cost=4057.16..4062.33 rows=1035 width=121)
	  ->  Sort  (cost=4057.16..4059.74 rows=1035 width=121)
	        Sort Key: c
	        ->  Bitmap Heap Scan on sbtest6  (cost=31.04..4005.33 rows=1035 width=121)
	              Recheck Cond: ((id >= 436973) AND (id <= 437972))
	              ->  Bitmap Index Scan on sbtest6_pkey  (cost=0.00..30.79 rows=1035 width=0)
	                    Index Cond: ((id >= 436973) AND (id <= 437972))

table 7 : explain SELECT DISTINCT c FROM sbtest7 WHERE id BETWEEN 1992239 AND 1993238 ORDER BY c
	Unique  (cost=4134.70..4139.97 rows=1054 width=121)
	  ->  Sort  (cost=4134.70..4137.34 rows=1054 width=121)
	        Sort Key: c
	        ->  Bitmap Heap Scan on sbtest7  (cost=31.24..4081.79 rows=1054 width=121)
	              Recheck Cond: ((id >= 1992239) AND (id <= 1993238))
	              ->  Bitmap Index Scan on sbtest7_pkey  (cost=0.00..30.97 rows=1054 width=0)
	                    Index Cond: ((id >= 1992239) AND (id <= 1993238))

table 8 : explain SELECT DISTINCT c FROM sbtest8 WHERE id BETWEEN 312868 AND 313867 ORDER BY c
	Unique  (cost=3909.51..3914.49 rows=997 width=121)
	  ->  Sort  (cost=3909.51..3912.00 rows=997 width=121)
	        Sort Key: c
	        ->  Bitmap Heap Scan on sbtest8  (cost=30.65..3859.85 rows=997 width=121)
	              Recheck Cond: ((id >= 312868) AND (id <= 313867))
	              ->  Bitmap Index Scan on sbtest8_pkey  (cost=0.00..30.40 rows=997 width=0)
	                    Index Cond: ((id >= 312868) AND (id <= 313867))

for: sum_ranges
table 1 : explain SELECT SUM(k) FROM sbtest1 WHERE id BETWEEN 8692739 AND 8693738
	Aggregate  (cost=3803.30..3803.31 rows=1 width=8)
	  ->  Bitmap Heap Scan on sbtest1  (cost=30.49..3800.85 rows=981 width=4)
	        Recheck Cond: ((id >= 8692739) AND (id <= 8693738))
	        ->  Bitmap Index Scan on sbtest1_pkey  (cost=0.00..30.25 rows=981 width=0)
	              Index Cond: ((id >= 8692739) AND (id <= 8693738))

table 2 : explain SELECT SUM(k) FROM sbtest2 WHERE id BETWEEN 8860753 AND 8861752
	Aggregate  (cost=4013.23..4013.24 rows=1 width=8)
	  ->  Bitmap Heap Scan on sbtest2  (cost=31.06..4010.64 rows=1037 width=4)
	        Recheck Cond: ((id >= 8860753) AND (id <= 8861752))
	        ->  Bitmap Index Scan on sbtest2_pkey  (cost=0.00..30.80 rows=1037 width=0)
	              Index Cond: ((id >= 8860753) AND (id <= 8861752))

table 3 : explain SELECT SUM(k) FROM sbtest3 WHERE id BETWEEN 1009971 AND 1010970
	Aggregate  (cost=4434.73..4434.74 rows=1 width=8)
	  ->  Bitmap Heap Scan on sbtest3  (cost=36.18..4431.87 rows=1146 width=4)
	        Recheck Cond: ((id >= 1009971) AND (id <= 1010970))
	        ->  Bitmap Index Scan on sbtest3_pkey  (cost=0.00..35.90 rows=1146 width=0)
	              Index Cond: ((id >= 1009971) AND (id <= 1010970))

table 4 : explain SELECT SUM(k) FROM sbtest4 WHERE id BETWEEN 584212 AND 585211
	Aggregate  (cost=4290.00..4290.01 rows=1 width=8)
	  ->  Bitmap Heap Scan on sbtest4  (cost=31.80..4287.23 rows=1109 width=4)
	        Recheck Cond: ((id >= 584212) AND (id <= 585211))
	        ->  Bitmap Index Scan on sbtest4_pkey  (cost=0.00..31.52 rows=1109 width=0)
	              Index Cond: ((id >= 584212) AND (id <= 585211))

table 5 : explain SELECT SUM(k) FROM sbtest5 WHERE id BETWEEN 6000278 AND 6001277
	Aggregate  (cost=3972.32..3972.33 rows=1 width=8)
	  ->  Bitmap Heap Scan on sbtest5  (cost=30.95..3969.75 rows=1026 width=4)
	        Recheck Cond: ((id >= 6000278) AND (id <= 6001277))
	        ->  Bitmap Index Scan on sbtest5_pkey  (cost=0.00..30.69 rows=1026 width=0)
	              Index Cond: ((id >= 6000278) AND (id <= 6001277))

table 6 : explain SELECT SUM(k) FROM sbtest6 WHERE id BETWEEN 9913677 AND 9914676
	Aggregate  (cost=4226.40..4226.41 rows=1 width=8)
	  ->  Bitmap Heap Scan on sbtest6  (cost=31.64..4223.67 rows=1093 width=4)
	        Recheck Cond: ((id >= 9913677) AND (id <= 9914676))
	        ->  Bitmap Index Scan on sbtest6_pkey  (cost=0.00..31.36 rows=1093 width=0)
	              Index Cond: ((id >= 9913677) AND (id <= 9914676))

table 7 : explain SELECT SUM(k) FROM sbtest7 WHERE id BETWEEN 4633717 AND 4634716
	Aggregate  (cost=3952.21..3952.22 rows=1 width=8)
	  ->  Bitmap Heap Scan on sbtest7  (cost=30.88..3949.67 rows=1019 width=4)
	        Recheck Cond: ((id >= 4633717) AND (id <= 4634716))
	        ->  Bitmap Index Scan on sbtest7_pkey  (cost=0.00..30.62 rows=1019 width=0)
	              Index Cond: ((id >= 4633717) AND (id <= 4634716))

table 8 : explain SELECT SUM(k) FROM sbtest8 WHERE id BETWEEN 7399553 AND 7400552
	Aggregate  (cost=3684.91..3684.92 rows=1 width=8)
	  ->  Bitmap Heap Scan on sbtest8  (cost=30.17..3682.53 rows=950 width=4)
	        Recheck Cond: ((id >= 7399553) AND (id <= 7400552))
	        ->  Bitmap Index Scan on sbtest8_pkey  (cost=0.00..29.93 rows=950 width=0)
	              Index Cond: ((id >= 7399553) AND (id <= 7400552))

for point_selects
table 1 : explain SELECT c FROM sbtest1 WHERE id=7917112
	Index Scan using sbtest1_pkey on sbtest1  (cost=0.43..8.45 rows=1 width=121)
	  Index Cond: (id = 7917112)

table 2 : explain SELECT c FROM sbtest2 WHERE id=6799618
	Index Scan using sbtest2_pkey on sbtest2  (cost=0.43..8.45 rows=1 width=121)
	  Index Cond: (id = 6799618)

table 3 : explain SELECT c FROM sbtest3 WHERE id=6396989
	Index Scan using sbtest3_pkey on sbtest3  (cost=0.43..8.45 rows=1 width=121)
	  Index Cond: (id = 6396989)

table 4 : explain SELECT c FROM sbtest4 WHERE id=7288010
	Index Scan using sbtest4_pkey on sbtest4  (cost=0.43..8.45 rows=1 width=121)
	  Index Cond: (id = 7288010)

table 5 : explain SELECT c FROM sbtest5 WHERE id=7843752
	Index Scan using sbtest5_pkey on sbtest5  (cost=0.43..8.45 rows=1 width=121)
	  Index Cond: (id = 7843752)

table 6 : explain SELECT c FROM sbtest6 WHERE id=7990408
	Index Scan using sbtest6_pkey on sbtest6  (cost=0.43..8.45 rows=1 width=121)
	  Index Cond: (id = 7990408)

table 7 : explain SELECT c FROM sbtest7 WHERE id=124661
	Index Scan using sbtest7_pkey on sbtest7  (cost=0.43..8.45 rows=1 width=121)
	  Index Cond: (id = 124661)

table 8 : explain SELECT c FROM sbtest8 WHERE id=7379399
	Index Scan using sbtest8_pkey on sbtest8  (cost=0.43..8.45 rows=1 width=121)
	  Index Cond: (id = 7379399)

for point_selects
table 1 : explain SELECT c FROM sbtest1 WHERE id=3287620
	Index Scan using sbtest1_pkey on sbtest1  (cost=0.43..8.45 rows=1 width=121)
	  Index Cond: (id = 3287620)

table 2 : explain SELECT c FROM sbtest2 WHERE id=9669686
	Index Scan using sbtest2_pkey on sbtest2  (cost=0.43..8.45 rows=1 width=121)
	  Index Cond: (id = 9669686)

table 3 : explain SELECT c FROM sbtest3 WHERE id=3844113
	Index Scan using sbtest3_pkey on sbtest3  (cost=0.43..8.45 rows=1 width=121)
	  Index Cond: (id = 3844113)

table 4 : explain SELECT c FROM sbtest4 WHERE id=9778693
	Index Scan using sbtest4_pkey on sbtest4  (cost=0.43..8.45 rows=1 width=121)
	  Index Cond: (id = 9778693)

table 5 : explain SELECT c FROM sbtest5 WHERE id=1657910
	Index Scan using sbtest5_pkey on sbtest5  (cost=0.43..8.45 rows=1 width=121)
	  Index Cond: (id = 1657910)

table 6 : explain SELECT c FROM sbtest6 WHERE id=9149838
	Index Scan using sbtest6_pkey on sbtest6  (cost=0.43..8.45 rows=1 width=121)
	  Index Cond: (id = 9149838)

table 7 : explain SELECT c FROM sbtest7 WHERE id=4260344
	Index Scan using sbtest7_pkey on sbtest7  (cost=0.43..8.45 rows=1 width=121)
	  Index Cond: (id = 4260344)

table 8 : explain SELECT c FROM sbtest8 WHERE id=1087668
	Index Scan using sbtest8_pkey on sbtest8  (cost=0.43..8.45 rows=1 width=121)
	  Index Cond: (id = 1087668)

explain: for point_selects :: explain SELECT c FROM sbtest%u WHERE id=%u
explain: for point_selects :: explain SELECT c FROM sbtest%u WHERE id=%u
for: sum_ranges
table 1 : explain SELECT SUM(k) FROM sbtest1 WHERE id BETWEEN 718687 AND 719686
	Aggregate  (cost=3814.63..3814.64 rows=1 width=8)
	  ->  Bitmap Heap Scan on sbtest1  (cost=30.52..3812.17 rows=984 width=4)
	        Recheck Cond: ((id >= 718687) AND (id <= 719686))
	        ->  Bitmap Index Scan on sbtest1_pkey  (cost=0.00..30.27 rows=984 width=0)
	              Index Cond: ((id >= 718687) AND (id <= 719686))

table 2 : explain SELECT SUM(k) FROM sbtest2 WHERE id BETWEEN 44721 AND 45720
	Aggregate  (cost=4032.07..4032.08 rows=1 width=8)
	  ->  Bitmap Heap Scan on sbtest2  (cost=31.12..4029.46 rows=1042 width=4)
	        Recheck Cond: ((id >= 44721) AND (id <= 45720))
	        ->  Bitmap Index Scan on sbtest2_pkey  (cost=0.00..30.86 rows=1042 width=0)
	              Index Cond: ((id >= 44721) AND (id <= 45720))

table 3 : explain SELECT SUM(k) FROM sbtest3 WHERE id BETWEEN 9838007 AND 9839006
	Aggregate  (cost=3705.90..3705.91 rows=1 width=8)
	  ->  Bitmap Heap Scan on sbtest3  (cost=30.21..3703.52 rows=954 width=4)
	        Recheck Cond: ((id >= 9838007) AND (id <= 9839006))
	        ->  Bitmap Index Scan on sbtest3_pkey  (cost=0.00..29.97 rows=954 width=0)
	              Index Cond: ((id >= 9838007) AND (id <= 9839006))

table 4 : explain SELECT SUM(k) FROM sbtest4 WHERE id BETWEEN 435127 AND 436126
	Aggregate  (cost=4342.71..4342.72 rows=1 width=8)
	  ->  Bitmap Heap Scan on sbtest4  (cost=31.95..4339.91 rows=1123 width=4)
	        Recheck Cond: ((id >= 435127) AND (id <= 436126))
	        ->  Bitmap Index Scan on sbtest4_pkey  (cost=0.00..31.66 rows=1123 width=0)
	              Index Cond: ((id >= 435127) AND (id <= 436126))

table 5 : explain SELECT SUM(k) FROM sbtest5 WHERE id BETWEEN 5510693 AND 5511692
	Aggregate  (cost=3621.00..3621.01 rows=1 width=8)
	  ->  Bitmap Heap Scan on sbtest5  (cost=26.01..3618.66 rows=934 width=4)
	        Recheck Cond: ((id >= 5510693) AND (id <= 5511692))
	        ->  Bitmap Index Scan on sbtest5_pkey  (cost=0.00..25.77 rows=934 width=0)
	              Index Cond: ((id >= 5510693) AND (id <= 5511692))

table 6 : explain SELECT SUM(k) FROM sbtest6 WHERE id BETWEEN 5598265 AND 5599264
	Aggregate  (cost=3686.96..3686.97 rows=1 width=8)
	  ->  Bitmap Heap Scan on sbtest6  (cost=30.17..3684.58 rows=950 width=4)
	        Recheck Cond: ((id >= 5598265) AND (id <= 5599264))
	        ->  Bitmap Index Scan on sbtest6_pkey  (cost=0.00..29.93 rows=950 width=0)
	              Index Cond: ((id >= 5598265) AND (id <= 5599264))

table 7 : explain SELECT SUM(k) FROM sbtest7 WHERE id BETWEEN 1964259 AND 1965258
	Aggregate  (cost=3486.40..3486.41 rows=1 width=8)
	  ->  Bitmap Heap Scan on sbtest7  (cost=29.62..3484.16 rows=896 width=4)
	        Recheck Cond: ((id >= 1964259) AND (id <= 1965258))
	        ->  Bitmap Index Scan on sbtest7_pkey  (cost=0.00..29.39 rows=896 width=0)
	              Index Cond: ((id >= 1964259) AND (id <= 1965258))

table 8 : explain SELECT SUM(k) FROM sbtest8 WHERE id BETWEEN 9429903 AND 9430902
	Aggregate  (cost=3575.29..3575.30 rows=1 width=8)
	  ->  Bitmap Heap Scan on sbtest8  (cost=29.88..3572.98 rows=921 width=4)
	        Recheck Cond: ((id >= 9429903) AND (id <= 9430902))
	        ->  Bitmap Index Scan on sbtest8_pkey  (cost=0.00..29.64 rows=921 width=0)
	              Index Cond: ((id >= 9429903) AND (id <= 9430902))

explain: for point_selects :: explain SELECT c FROM sbtest%u WHERE id=%u
for: simple_ranges
table 1 : explain SELECT c FROM sbtest1 WHERE id BETWEEN 6770165 AND 6771164
	Bitmap Heap Scan on sbtest1  (cost=30.51..3808.40 rows=983 width=121)
	  Recheck Cond: ((id >= 6770165) AND (id <= 6771164))
	  ->  Bitmap Index Scan on sbtest1_pkey  (cost=0.00..30.26 rows=983 width=0)
	        Index Cond: ((id >= 6770165) AND (id <= 6771164))

table 2 : explain SELECT c FROM sbtest2 WHERE id BETWEEN 2613292 AND 2614291
	Bitmap Heap Scan on sbtest2  (cost=30.19..3690.18 rows=952 width=121)
	  Recheck Cond: ((id >= 2613292) AND (id <= 2614291))
	  ->  Bitmap Index Scan on sbtest2_pkey  (cost=0.00..29.95 rows=952 width=0)
	        Index Cond: ((id >= 2613292) AND (id <= 2614291))

table 3 : explain SELECT c FROM sbtest3 WHERE id BETWEEN 408210 AND 409209
	Bitmap Heap Scan on sbtest3  (cost=30.62..3854.79 rows=994 width=121)
	  Recheck Cond: ((id >= 408210) AND (id <= 409209))
	  ->  Bitmap Index Scan on sbtest3_pkey  (cost=0.00..30.37 rows=994 width=0)
	        Index Cond: ((id >= 408210) AND (id <= 409209))

table 4 : explain SELECT c FROM sbtest4 WHERE id BETWEEN 6846581 AND 6847580
	Bitmap Heap Scan on sbtest4  (cost=26.07..3645.43 rows=940 width=121)
	  Recheck Cond: ((id >= 6846581) AND (id <= 6847580))
	  ->  Bitmap Index Scan on sbtest4_pkey  (cost=0.00..25.83 rows=940 width=0)
	        Index Cond: ((id >= 6846581) AND (id <= 6847580))

table 5 : explain SELECT c FROM sbtest5 WHERE id BETWEEN 9616429 AND 9617428
	Bitmap Heap Scan on sbtest5  (cost=26.21..3694.21 rows=954 width=121)
	  Recheck Cond: ((id >= 9616429) AND (id <= 9617428))
	  ->  Bitmap Index Scan on sbtest5_pkey  (cost=0.00..25.97 rows=954 width=0)
	        Index Cond: ((id >= 9616429) AND (id <= 9617428))

table 6 : explain SELECT c FROM sbtest6 WHERE id BETWEEN 9035737 AND 9036736
	Bitmap Heap Scan on sbtest6  (cost=31.25..4080.67 rows=1055 width=121)
	  Recheck Cond: ((id >= 9035737) AND (id <= 9036736))
	  ->  Bitmap Index Scan on sbtest6_pkey  (cost=0.00..30.98 rows=1055 width=0)
	        Index Cond: ((id >= 9035737) AND (id <= 9036736))

table 7 : explain SELECT c FROM sbtest7 WHERE id BETWEEN 9095736 AND 9096735
	Bitmap Heap Scan on sbtest7  (cost=31.24..4081.79 rows=1054 width=121)
	  Recheck Cond: ((id >= 9095736) AND (id <= 9096735))
	  ->  Bitmap Index Scan on sbtest7_pkey  (cost=0.00..30.97 rows=1054 width=0)
	        Index Cond: ((id >= 9095736) AND (id <= 9096735))

table 8 : explain SELECT c FROM sbtest8 WHERE id BETWEEN 9316696 AND 9317695
	Bitmap Heap Scan on sbtest8  (cost=25.77..3531.18 rows=911 width=121)
	  Recheck Cond: ((id >= 9316696) AND (id <= 9317695))
	  ->  Bitmap Index Scan on sbtest8_pkey  (cost=0.00..25.54 rows=911 width=0)
	        Index Cond: ((id >= 9316696) AND (id <= 9317695))

for: order_ranges
table 1 : explain SELECT c FROM sbtest1 WHERE id BETWEEN 6752833 AND 6753832 ORDER BY c
	Sort  (cost=3857.26..3859.71 rows=983 width=121)
	  Sort Key: c
	  ->  Bitmap Heap Scan on sbtest1  (cost=30.51..3808.40 rows=983 width=121)
	        Recheck Cond: ((id >= 6752833) AND (id <= 6753832))
	        ->  Bitmap Index Scan on sbtest1_pkey  (cost=0.00..30.26 rows=983 width=0)
	              Index Cond: ((id >= 6752833) AND (id <= 6753832))

table 2 : explain SELECT c FROM sbtest2 WHERE id BETWEEN 41038 AND 42037 ORDER BY c
	Sort  (cost=4081.69..4084.30 rows=1042 width=121)
	  Sort Key: c
	  ->  Bitmap Heap Scan on sbtest2  (cost=31.12..4029.46 rows=1042 width=121)
	        Recheck Cond: ((id >= 41038) AND (id <= 42037))
	        ->  Bitmap Index Scan on sbtest2_pkey  (cost=0.00..30.86 rows=1042 width=0)
	              Index Cond: ((id >= 41038) AND (id <= 42037))

table 3 : explain SELECT c FROM sbtest3 WHERE id BETWEEN 7331454 AND 7332453 ORDER BY c
	Sort  (cost=4092.12..4094.73 rows=1043 width=121)
	  Sort Key: c
	  ->  Bitmap Heap Scan on sbtest3  (cost=31.13..4039.84 rows=1043 width=121)
	        Recheck Cond: ((id >= 7331454) AND (id <= 7332453))
	        ->  Bitmap Index Scan on sbtest3_pkey  (cost=0.00..30.86 rows=1043 width=0)
	              Index Cond: ((id >= 7331454) AND (id <= 7332453))

table 4 : explain SELECT c FROM sbtest4 WHERE id BETWEEN 3580894 AND 3581893 ORDER BY c
	Sort  (cost=4125.31..4127.94 rows=1052 width=121)
	  Sort Key: c
	  ->  Bitmap Heap Scan on sbtest4  (cost=31.22..4072.50 rows=1052 width=121)
	        Recheck Cond: ((id >= 3580894) AND (id <= 3581893))
	        ->  Bitmap Index Scan on sbtest4_pkey  (cost=0.00..30.95 rows=1052 width=0)
	              Index Cond: ((id >= 3580894) AND (id <= 3581893))

table 5 : explain SELECT c FROM sbtest5 WHERE id BETWEEN 5405470 AND 5406469 ORDER BY c
	Sort  (cost=4330.43..4333.20 rows=1107 width=121)
	  Sort Key: c
	  ->  Bitmap Heap Scan on sbtest5  (cost=31.78..4274.46 rows=1107 width=121)
	        Recheck Cond: ((id >= 5405470) AND (id <= 5406469))
	        ->  Bitmap Index Scan on sbtest5_pkey  (cost=0.00..31.50 rows=1107 width=0)
	              Index Cond: ((id >= 5405470) AND (id <= 5406469))

table 6 : explain SELECT c FROM sbtest6 WHERE id BETWEEN 9618559 AND 9619558 ORDER BY c
	Sort  (cost=3976.80..3979.33 rows=1014 width=121)
	  Sort Key: c
	  ->  Bitmap Heap Scan on sbtest6  (cost=30.83..3926.17 rows=1014 width=121)
	        Recheck Cond: ((id >= 9618559) AND (id <= 9619558))
	        ->  Bitmap Index Scan on sbtest6_pkey  (cost=0.00..30.57 rows=1014 width=0)
	              Index Cond: ((id >= 9618559) AND (id <= 9619558))

table 7 : explain SELECT c FROM sbtest7 WHERE id BETWEEN 6175264 AND 6176263 ORDER BY c
	Sort  (cost=4054.25..4056.83 rows=1033 width=121)
	  Sort Key: c
	  ->  Bitmap Heap Scan on sbtest7  (cost=31.02..4002.53 rows=1033 width=121)
	        Recheck Cond: ((id >= 6175264) AND (id <= 6176263))
	        ->  Bitmap Index Scan on sbtest7_pkey  (cost=0.00..30.76 rows=1033 width=0)
	              Index Cond: ((id >= 6175264) AND (id <= 6176263))

table 8 : explain SELECT c FROM sbtest8 WHERE id BETWEEN 9507555 AND 9508554 ORDER BY c
	Sort  (cost=3618.33..3620.63 rows=921 width=121)
	  Sort Key: c
	  ->  Bitmap Heap Scan on sbtest8  (cost=29.88..3572.98 rows=921 width=121)
	        Recheck Cond: ((id >= 9507555) AND (id <= 9508554))
	        ->  Bitmap Index Scan on sbtest8_pkey  (cost=0.00..29.64 rows=921 width=0)
	              Index Cond: ((id >= 9507555) AND (id <= 9508554))

explain: for point_selects :: explain SELECT c FROM sbtest%u WHERE id=%u
explain: for point_selects :: explain SELECT c FROM sbtest%u WHERE id=%u
for: simple_ranges
table 1 : explain SELECT c FROM sbtest1 WHERE id BETWEEN 5836950 AND 5837949
	Bitmap Heap Scan on sbtest1  (cost=31.31..4102.34 rows=1061 width=121)
	  Recheck Cond: ((id >= 5836950) AND (id <= 5837949))
	  ->  Bitmap Index Scan on sbtest1_pkey  (cost=0.00..31.04 rows=1061 width=0)
	        Index Cond: ((id >= 5836950) AND (id <= 5837949))

table 2 : explain SELECT c FROM sbtest2 WHERE id BETWEEN 7716379 AND 7717378
	Bitmap Heap Scan on sbtest2  (cost=25.59..3463.19 rows=893 width=121)
	  Recheck Cond: ((id >= 7716379) AND (id <= 7717378))
	  ->  Bitmap Index Scan on sbtest2_pkey  (cost=0.00..25.36 rows=893 width=0)
	        Index Cond: ((id >= 7716379) AND (id <= 7717378))

table 3 : explain SELECT c FROM sbtest3 WHERE id BETWEEN 7653293 AND 7654292
	Bitmap Heap Scan on sbtest3  (cost=31.44..4156.75 rows=1074 width=121)
	  Recheck Cond: ((id >= 7653293) AND (id <= 7654292))
	  ->  Bitmap Index Scan on sbtest3_pkey  (cost=0.00..31.18 rows=1074 width=0)
	        Index Cond: ((id >= 7653293) AND (id <= 7654292))

table 4 : explain SELECT c FROM sbtest4 WHERE id BETWEEN 8080068 AND 8081067
	Bitmap Heap Scan on sbtest4  (cost=30.47..3796.93 rows=979 width=121)
	  Recheck Cond: ((id >= 8080068) AND (id <= 8081067))
	  ->  Bitmap Index Scan on sbtest4_pkey  (cost=0.00..30.22 rows=979 width=0)
	        Index Cond: ((id >= 8080068) AND (id <= 8081067))

table 5 : explain SELECT c FROM sbtest5 WHERE id BETWEEN 3876576 AND 3877575
	Bitmap Heap Scan on sbtest5  (cost=30.52..3811.43 rows=984 width=121)
	  Recheck Cond: ((id >= 3876576) AND (id <= 3877575))
	  ->  Bitmap Index Scan on sbtest5_pkey  (cost=0.00..30.27 rows=984 width=0)
	        Index Cond: ((id >= 3876576) AND (id <= 3877575))

table 6 : explain SELECT c FROM sbtest6 WHERE id BETWEEN 3918729 AND 3919728
	Bitmap Heap Scan on sbtest6  (cost=30.66..3865.82 rows=998 width=121)
	  Recheck Cond: ((id >= 3918729) AND (id <= 3919728))
	  ->  Bitmap Index Scan on sbtest6_pkey  (cost=0.00..30.41 rows=998 width=0)
	        Index Cond: ((id >= 3918729) AND (id <= 3919728))

table 7 : explain SELECT c FROM sbtest7 WHERE id BETWEEN 9530038 AND 9531037
	Bitmap Heap Scan on sbtest7  (cost=35.64..4232.83 rows=1093 width=121)
	  Recheck Cond: ((id >= 9530038) AND (id <= 9531037))
	  ->  Bitmap Index Scan on sbtest7_pkey  (cost=0.00..35.37 rows=1093 width=0)
	        Index Cond: ((id >= 9530038) AND (id <= 9531037))

table 8 : explain SELECT c FROM sbtest8 WHERE id BETWEEN 7471348 AND 7472347
	Bitmap Heap Scan on sbtest8  (cost=30.17..3682.53 rows=950 width=121)
	  Recheck Cond: ((id >= 7471348) AND (id <= 7472347))
	  ->  Bitmap Index Scan on sbtest8_pkey  (cost=0.00..29.93 rows=950 width=0)
	        Index Cond: ((id >= 7471348) AND (id <= 7472347))

for point_selects
table 1 : explain SELECT c FROM sbtest1 WHERE id=4782110
	Index Scan using sbtest1_pkey on sbtest1  (cost=0.43..8.45 rows=1 width=121)
	  Index Cond: (id = 4782110)

table 2 : explain SELECT c FROM sbtest2 WHERE id=1491313
	Index Scan using sbtest2_pkey on sbtest2  (cost=0.43..8.45 rows=1 width=121)
	  Index Cond: (id = 1491313)

table 3 : explain SELECT c FROM sbtest3 WHERE id=8482749
	Index Scan using sbtest3_pkey on sbtest3  (cost=0.43..8.45 rows=1 width=121)
	  Index Cond: (id = 8482749)

table 4 : explain SELECT c FROM sbtest4 WHERE id=9924168
	Index Scan using sbtest4_pkey on sbtest4  (cost=0.43..8.45 rows=1 width=121)
	  Index Cond: (id = 9924168)

table 5 : explain SELECT c FROM sbtest5 WHERE id=5118822
	Index Scan using sbtest5_pkey on sbtest5  (cost=0.43..8.45 rows=1 width=121)
	  Index Cond: (id = 5118822)

table 6 : explain SELECT c FROM sbtest6 WHERE id=5488884
	Index Scan using sbtest6_pkey on sbtest6  (cost=0.43..8.45 rows=1 width=121)
	  Index Cond: (id = 5488884)

table 7 : explain SELECT c FROM sbtest7 WHERE id=8932037
	Index Scan using sbtest7_pkey on sbtest7  (cost=0.43..8.45 rows=1 width=121)
	  Index Cond: (id = 8932037)

table 8 : explain SELECT c FROM sbtest8 WHERE id=962214
	Index Scan using sbtest8_pkey on sbtest8  (cost=0.43..8.45 rows=1 width=121)
	  Index Cond: (id = 962214)

for: order_ranges
table 1 : explain SELECT c FROM sbtest1 WHERE id BETWEEN 4591060 AND 4592059 ORDER BY c
	Sort  (cost=3757.63..3760.02 rows=957 width=121)
	  Sort Key: c
	  ->  Bitmap Heap Scan on sbtest1  (cost=30.24..3710.24 rows=957 width=121)
	        Recheck Cond: ((id >= 4591060) AND (id <= 4592059))
	        ->  Bitmap Index Scan on sbtest1_pkey  (cost=0.00..30.00 rows=957 width=0)
	              Index Cond: ((id >= 4591060) AND (id <= 4592059))

table 2 : explain SELECT c FROM sbtest2 WHERE id BETWEEN 3232947 AND 3233946 ORDER BY c
	Sort  (cost=4012.89..4015.45 rows=1024 width=121)
	  Sort Key: c
	  ->  Bitmap Heap Scan on sbtest2  (cost=30.93..3961.69 rows=1024 width=121)
	        Recheck Cond: ((id >= 3232947) AND (id <= 3233946))
	        ->  Bitmap Index Scan on sbtest2_pkey  (cost=0.00..30.68 rows=1024 width=0)
	              Index Cond: ((id >= 3232947) AND (id <= 3233946))

table 3 : explain SELECT c FROM sbtest3 WHERE id BETWEEN 7968385 AND 7969384 ORDER BY c
	Sort  (cost=3892.77..3895.25 rows=991 width=121)
	  Sort Key: c
	  ->  Bitmap Heap Scan on sbtest3  (cost=30.59..3843.45 rows=991 width=121)
	        Recheck Cond: ((id >= 7968385) AND (id <= 7969384))
	        ->  Bitmap Index Scan on sbtest3_pkey  (cost=0.00..30.34 rows=991 width=0)
	              Index Cond: ((id >= 7968385) AND (id <= 7969384))

table 4 : explain SELECT c FROM sbtest4 WHERE id BETWEEN 6416444 AND 6417443 ORDER BY c
	Sort  (cost=3941.44..3943.95 rows=1004 width=121)
	  Sort Key: c
	  ->  Bitmap Heap Scan on sbtest4  (cost=30.73..3891.38 rows=1004 width=121)
	        Recheck Cond: ((id >= 6416444) AND (id <= 6417443))
	        ->  Bitmap Index Scan on sbtest4_pkey  (cost=0.00..30.47 rows=1004 width=0)
	              Index Cond: ((id >= 6416444) AND (id <= 6417443))

table 5 : explain SELECT c FROM sbtest5 WHERE id BETWEEN 6564175 AND 6565174 ORDER BY c
	Sort  (cost=4101.35..4103.96 rows=1047 width=121)
	  Sort Key: c
	  ->  Bitmap Heap Scan on sbtest5  (cost=31.17..4048.83 rows=1047 width=121)
	        Recheck Cond: ((id >= 6564175) AND (id <= 6565174))
	        ->  Bitmap Index Scan on sbtest5_pkey  (cost=0.00..30.90 rows=1047 width=0)
	              Index Cond: ((id >= 6564175) AND (id <= 6565174))

table 6 : explain SELECT c FROM sbtest6 WHERE id BETWEEN 7766250 AND 7767249 ORDER BY c
	Sort  (cost=3758.41..3760.81 rows=957 width=121)
	  Sort Key: c
	  ->  Bitmap Heap Scan on sbtest6  (cost=30.24..3711.03 rows=957 width=121)
	        Recheck Cond: ((id >= 7766250) AND (id <= 7767249))
	        ->  Bitmap Index Scan on sbtest6_pkey  (cost=0.00..30.00 rows=957 width=0)
	              Index Cond: ((id >= 7766250) AND (id <= 7767249))

table 7 : explain SELECT c FROM sbtest7 WHERE id BETWEEN 3223889 AND 3224888 ORDER BY c
	Sort  (cost=3969.90..3972.43 rows=1011 width=121)
	  Sort Key: c
	  ->  Bitmap Heap Scan on sbtest7  (cost=30.80..3919.45 rows=1011 width=121)
	        Recheck Cond: ((id >= 3223889) AND (id <= 3224888))
	        ->  Bitmap Index Scan on sbtest7_pkey  (cost=0.00..30.54 rows=1011 width=0)
	              Index Cond: ((id >= 3223889) AND (id <= 3224888))

table 8 : explain SELECT c FROM sbtest8 WHERE id BETWEEN 6963712 AND 6964711 ORDER BY c
	Sort  (cost=3764.01..3766.40 rows=959 width=121)
	  Sort Key: c
	  ->  Bitmap Heap Scan on sbtest8  (cost=30.26..3716.51 rows=959 width=121)
	        Recheck Cond: ((id >= 6963712) AND (id <= 6964711))
	        ->  Bitmap Index Scan on sbtest8_pkey  (cost=0.00..30.02 rows=959 width=0)
	              Index Cond: ((id >= 6963712) AND (id <= 6964711))

for: distinct_ranges
table 1 : explain SELECT DISTINCT c FROM sbtest1 WHERE id BETWEEN 9260537 AND 9261536 ORDER BY c
	Unique  (cost=4193.87..4199.22 rows=1071 width=121)
	  ->  Sort  (cost=4193.87..4196.54 rows=1071 width=121)
	        Sort Key: c
	        ->  Bitmap Heap Scan on sbtest1  (cost=31.41..4139.97 rows=1071 width=121)
	              Recheck Cond: ((id >= 9260537) AND (id <= 9261536))
	              ->  Bitmap Index Scan on sbtest1_pkey  (cost=0.00..31.14 rows=1071 width=0)
	                    Index Cond: ((id >= 9260537) AND (id <= 9261536))

table 2 : explain SELECT DISTINCT c FROM sbtest2 WHERE id BETWEEN 3747820 AND 3748819 ORDER BY c
	Unique  (cost=3587.57..3592.14 rows=914 width=121)
	  ->  Sort  (cost=3587.57..3589.85 rows=914 width=121)
	        Sort Key: c
	        ->  Bitmap Heap Scan on sbtest2  (cost=25.80..3542.62 rows=914 width=121)
	              Recheck Cond: ((id >= 3747820) AND (id <= 3748819))
	              ->  Bitmap Index Scan on sbtest2_pkey  (cost=0.00..25.57 rows=914 width=0)
	                    Index Cond: ((id >= 3747820) AND (id <= 3748819))

table 3 : explain SELECT DISTINCT c FROM sbtest3 WHERE id BETWEEN 4224995 AND 4225994 ORDER BY c
	Unique  (cost=4095.95..4101.17 rows=1044 width=121)
	  ->  Sort  (cost=4095.95..4098.56 rows=1044 width=121)
	        Sort Key: c
	        ->  Bitmap Heap Scan on sbtest3  (cost=31.14..4043.61 rows=1044 width=121)
	              Recheck Cond: ((id >= 4224995) AND (id <= 4225994))
	              ->  Bitmap Index Scan on sbtest3_pkey  (cost=0.00..30.87 rows=1044 width=0)
	                    Index Cond: ((id >= 4224995) AND (id <= 4225994))

table 4 : explain SELECT DISTINCT c FROM sbtest4 WHERE id BETWEEN 6199387 AND 6200386 ORDER BY c
	Unique  (cost=3784.17..3788.98 rows=963 width=121)
	  ->  Sort  (cost=3784.17..3786.57 rows=963 width=121)
	        Sort Key: c
	        ->  Bitmap Heap Scan on sbtest4  (cost=30.31..3736.44 rows=963 width=121)
	              Recheck Cond: ((id >= 6199387) AND (id <= 6200386))
	              ->  Bitmap Index Scan on sbtest4_pkey  (cost=0.00..30.07 rows=963 width=0)
	                    Index Cond: ((id >= 6199387) AND (id <= 6200386))

table 5 : explain SELECT DISTINCT c FROM sbtest5 WHERE id BETWEEN 9222967 AND 9223966 ORDER BY c
	Unique  (cost=3994.30..3999.39 rows=1019 width=121)
	  ->  Sort  (cost=3994.30..3996.84 rows=1019 width=121)
	        Sort Key: c
	        ->  Bitmap Heap Scan on sbtest5  (cost=30.88..3943.38 rows=1019 width=121)
	              Recheck Cond: ((id >= 9222967) AND (id <= 9223966))
	              ->  Bitmap Index Scan on sbtest5_pkey  (cost=0.00..30.62 rows=1019 width=0)
	                    Index Cond: ((id >= 9222967) AND (id <= 9223966))

table 6 : explain SELECT DISTINCT c FROM sbtest6 WHERE id BETWEEN 9466114 AND 9467113 ORDER BY c
	Unique  (cost=4492.59..4498.34 rows=1150 width=121)
	  ->  Sort  (cost=4492.59..4495.46 rows=1150 width=121)
	        Sort Key: c
	        ->  Bitmap Heap Scan on sbtest6  (cost=32.22..4434.13 rows=1150 width=121)
	              Recheck Cond: ((id >= 9466114) AND (id <= 9467113))
	              ->  Bitmap Index Scan on sbtest6_pkey  (cost=0.00..31.93 rows=1150 width=0)
	                    Index Cond: ((id >= 9466114) AND (id <= 9467113))

table 7 : explain SELECT DISTINCT c FROM sbtest7 WHERE id BETWEEN 5838834 AND 5839833 ORDER BY c
	Unique  (cost=4023.58..4028.71 rows=1025 width=121)
	  ->  Sort  (cost=4023.58..4026.14 rows=1025 width=121)
	        Sort Key: c
	        ->  Bitmap Heap Scan on sbtest7  (cost=30.94..3972.33 rows=1025 width=121)
	              Recheck Cond: ((id >= 5838834) AND (id <= 5839833))
	              ->  Bitmap Index Scan on sbtest7_pkey  (cost=0.00..30.68 rows=1025 width=0)
	                    Index Cond: ((id >= 5838834) AND (id <= 5839833))

table 8 : explain SELECT DISTINCT c FROM sbtest8 WHERE id BETWEEN 7949674 AND 7950673 ORDER BY c
	Unique  (cost=3487.67..3492.11 rows=888 width=121)
	  ->  Sort  (cost=3487.67..3489.89 rows=888 width=121)
	        Sort Key: c
	        ->  Bitmap Heap Scan on sbtest8  (cost=25.54..3444.19 rows=888 width=121)
	              Recheck Cond: ((id >= 7949674) AND (id <= 7950673))
	              ->  Bitmap Index Scan on sbtest8_pkey  (cost=0.00..25.32 rows=888 width=0)
	                    Index Cond: ((id >= 7949674) AND (id <= 7950673))

for: sum_ranges
table 1 : explain SELECT SUM(k) FROM sbtest1 WHERE id BETWEEN 4844352 AND 4845351
	Aggregate  (cost=3682.40..3682.41 rows=1 width=8)
	  ->  Bitmap Heap Scan on sbtest1  (cost=30.16..3680.03 rows=949 width=4)
	        Recheck Cond: ((id >= 4844352) AND (id <= 4845351))
	        ->  Bitmap Index Scan on sbtest1_pkey  (cost=0.00..29.93 rows=949 width=0)
	              Index Cond: ((id >= 4844352) AND (id <= 4845351))

table 2 : explain SELECT SUM(k) FROM sbtest2 WHERE id BETWEEN 5830219 AND 5831218
	Aggregate  (cost=3469.21..3469.22 rows=1 width=8)
	  ->  Bitmap Heap Scan on sbtest2  (cost=25.60..3466.98 rows=894 width=4)
	        Recheck Cond: ((id >= 5830219) AND (id <= 5831218))
	        ->  Bitmap Index Scan on sbtest2_pkey  (cost=0.00..25.37 rows=894 width=0)
	              Index Cond: ((id >= 5830219) AND (id <= 5831218))

table 3 : explain SELECT SUM(k) FROM sbtest3 WHERE id BETWEEN 5281434 AND 5282433
	Aggregate  (cost=3819.45..3819.46 rows=1 width=8)
	  ->  Bitmap Heap Scan on sbtest3  (cost=30.52..3816.99 rows=984 width=4)
	        Recheck Cond: ((id >= 5281434) AND (id <= 5282433))
	        ->  Bitmap Index Scan on sbtest3_pkey  (cost=0.00..30.27 rows=984 width=0)
	              Index Cond: ((id >= 5281434) AND (id <= 5282433))

table 4 : explain SELECT SUM(k) FROM sbtest4 WHERE id BETWEEN 5892491 AND 5893490
	Aggregate  (cost=4271.17..4271.18 rows=1 width=8)
	  ->  Bitmap Heap Scan on sbtest4  (cost=31.75..4268.41 rows=1104 width=4)
	        Recheck Cond: ((id >= 5892491) AND (id <= 5893490))
	        ->  Bitmap Index Scan on sbtest4_pkey  (cost=0.00..31.47 rows=1104 width=0)
	              Index Cond: ((id >= 5892491) AND (id <= 5893490))

table 5 : explain SELECT SUM(k) FROM sbtest5 WHERE id BETWEEN 9769663 AND 9770662
	Aggregate  (cost=3840.31..3840.32 rows=1 width=8)
	  ->  Bitmap Heap Scan on sbtest5  (cost=30.59..3837.84 rows=991 width=4)
	        Recheck Cond: ((id >= 9769663) AND (id <= 9770662))
	        ->  Bitmap Index Scan on sbtest5_pkey  (cost=0.00..30.34 rows=991 width=0)
	              Index Cond: ((id >= 9769663) AND (id <= 9770662))

table 6 : explain SELECT SUM(k) FROM sbtest6 WHERE id BETWEEN 1145029 AND 1146028
	Aggregate  (cost=3811.67..3811.68 rows=1 width=8)
	  ->  Bitmap Heap Scan on sbtest6  (cost=30.51..3809.22 rows=983 width=4)
	        Recheck Cond: ((id >= 1145029) AND (id <= 1146028))
	        ->  Bitmap Index Scan on sbtest6_pkey  (cost=0.00..30.26 rows=983 width=0)
	              Index Cond: ((id >= 1145029) AND (id <= 1146028))

table 7 : explain SELECT SUM(k) FROM sbtest7 WHERE id BETWEEN 5305590 AND 5306589
	Aggregate  (cost=3982.44..3982.45 rows=1 width=8)
	  ->  Bitmap Heap Scan on sbtest7  (cost=30.96..3979.88 rows=1027 width=4)
	        Recheck Cond: ((id >= 5305590) AND (id <= 5306589))
	        ->  Bitmap Index Scan on sbtest7_pkey  (cost=0.00..30.70 rows=1027 width=0)
	              Index Cond: ((id >= 5305590) AND (id <= 5306589))

table 8 : explain SELECT SUM(k) FROM sbtest8 WHERE id BETWEEN 1565874 AND 1566873
	Aggregate  (cost=3801.97..3801.98 rows=1 width=8)
	  ->  Bitmap Heap Scan on sbtest8  (cost=30.49..3799.52 rows=981 width=4)
	        Recheck Cond: ((id >= 1565874) AND (id <= 1566873))
	        ->  Bitmap Index Scan on sbtest8_pkey  (cost=0.00..30.25 rows=981 width=0)
	              Index Cond: ((id >= 1565874) AND (id <= 1566873))

for point_selects
table 1 : explain SELECT c FROM sbtest1 WHERE id=5486343
	Index Scan using sbtest1_pkey on sbtest1  (cost=0.43..8.45 rows=1 width=121)
	  Index Cond: (id = 5486343)

table 2 : explain SELECT c FROM sbtest2 WHERE id=8771090
	Index Scan using sbtest2_pkey on sbtest2  (cost=0.43..8.45 rows=1 width=121)
	  Index Cond: (id = 8771090)

table 3 : explain SELECT c FROM sbtest3 WHERE id=7254791
	Index Scan using sbtest3_pkey on sbtest3  (cost=0.43..8.45 rows=1 width=121)
	  Index Cond: (id = 7254791)

table 4 : explain SELECT c FROM sbtest4 WHERE id=2896753
	Index Scan using sbtest4_pkey on sbtest4  (cost=0.43..8.45 rows=1 width=121)
	  Index Cond: (id = 2896753)

table 5 : explain SELECT c FROM sbtest5 WHERE id=4090017
	Index Scan using sbtest5_pkey on sbtest5  (cost=0.43..8.45 rows=1 width=121)
	  Index Cond: (id = 4090017)

table 6 : explain SELECT c FROM sbtest6 WHERE id=7811766
	Index Scan using sbtest6_pkey on sbtest6  (cost=0.43..8.45 rows=1 width=121)
	  Index Cond: (id = 7811766)

table 7 : explain SELECT c FROM sbtest7 WHERE id=9901785
	Index Scan using sbtest7_pkey on sbtest7  (cost=0.43..8.45 rows=1 width=121)
	  Index Cond: (id = 9901785)

table 8 : explain SELECT c FROM sbtest8 WHERE id=1201602
	Index Scan using sbtest8_pkey on sbtest8  (cost=0.43..8.45 rows=1 width=121)
	  Index Cond: (id = 1201602)

for: simple_ranges
table 1 : explain SELECT c FROM sbtest1 WHERE id BETWEEN 72074 AND 73073
	Bitmap Heap Scan on sbtest1  (cost=30.58..3834.81 rows=990 width=121)
	  Recheck Cond: ((id >= 72074) AND (id <= 73073))
	  ->  Bitmap Index Scan on sbtest1_pkey  (cost=0.00..30.33 rows=990 width=0)
	        Index Cond: ((id >= 72074) AND (id <= 73073))

table 2 : explain SELECT c FROM sbtest2 WHERE id BETWEEN 9840737 AND 9841736
	Bitmap Heap Scan on sbtest2  (cost=30.16..3678.86 rows=949 width=121)
	  Recheck Cond: ((id >= 9840737) AND (id <= 9841736))
	  ->  Bitmap Index Scan on sbtest2_pkey  (cost=0.00..29.93 rows=949 width=0)
	        Index Cond: ((id >= 9840737) AND (id <= 9841736))

table 3 : explain SELECT c FROM sbtest3 WHERE id BETWEEN 4031545 AND 4032544
	Bitmap Heap Scan on sbtest3  (cost=35.70..4254.96 rows=1099 width=121)
	  Recheck Cond: ((id >= 4031545) AND (id <= 4032544))
	  ->  Bitmap Index Scan on sbtest3_pkey  (cost=0.00..35.43 rows=1099 width=0)
	        Index Cond: ((id >= 4031545) AND (id <= 4032544))

table 4 : explain SELECT c FROM sbtest4 WHERE id BETWEEN 6706492 AND 6707491
	Bitmap Heap Scan on sbtest4  (cost=30.80..3917.81 rows=1011 width=121)
	  Recheck Cond: ((id >= 6706492) AND (id <= 6707491))
	  ->  Bitmap Index Scan on sbtest4_pkey  (cost=0.00..30.54 rows=1011 width=0)
	        Index Cond: ((id >= 6706492) AND (id <= 6707491))

table 5 : explain SELECT c FROM sbtest5 WHERE id BETWEEN 3052684 AND 3053683
	Bitmap Heap Scan on sbtest5  (cost=30.93..3962.22 rows=1024 width=121)
	  Recheck Cond: ((id >= 3052684) AND (id <= 3053683))
	  ->  Bitmap Index Scan on sbtest5_pkey  (cost=0.00..30.68 rows=1024 width=0)
	        Index Cond: ((id >= 3052684) AND (id <= 3053683))

table 6 : explain SELECT c FROM sbtest6 WHERE id BETWEEN 5188826 AND 5189825
	Bitmap Heap Scan on sbtest6  (cost=30.41..3771.46 rows=973 width=121)
	  Recheck Cond: ((id >= 5188826) AND (id <= 5189825))
	  ->  Bitmap Index Scan on sbtest6_pkey  (cost=0.00..30.16 rows=973 width=0)
	        Index Cond: ((id >= 5188826) AND (id <= 5189825))

table 7 : explain SELECT c FROM sbtest7 WHERE id BETWEEN 9596276 AND 9597275
	Bitmap Heap Scan on sbtest7  (cost=30.71..3885.44 rows=1002 width=121)
	  Recheck Cond: ((id >= 9596276) AND (id <= 9597275))
	  ->  Bitmap Index Scan on sbtest7_pkey  (cost=0.00..30.45 rows=1002 width=0)
	        Index Cond: ((id >= 9596276) AND (id <= 9597275))

table 8 : explain SELECT c FROM sbtest8 WHERE id BETWEEN 8243470 AND 8244469
	Bitmap Heap Scan on sbtest8  (cost=30.61..3844.77 rows=993 width=121)
	  Recheck Cond: ((id >= 8243470) AND (id <= 8244469))
	  ->  Bitmap Index Scan on sbtest8_pkey  (cost=0.00..30.36 rows=993 width=0)
	        Index Cond: ((id >= 8243470) AND (id <= 8244469))

for point_selects
table 1 : explain SELECT c FROM sbtest1 WHERE id=6758983
	Index Scan using sbtest1_pkey on sbtest1  (cost=0.43..8.45 rows=1 width=121)
	  Index Cond: (id = 6758983)

table 2 : explain SELECT c FROM sbtest2 WHERE id=4093550
	Index Scan using sbtest2_pkey on sbtest2  (cost=0.43..8.45 rows=1 width=121)
	  Index Cond: (id = 4093550)

table 3 : explain SELECT c FROM sbtest3 WHERE id=5141099
	Index Scan using sbtest3_pkey on sbtest3  (cost=0.43..8.45 rows=1 width=121)
	  Index Cond: (id = 5141099)

table 4 : explain SELECT c FROM sbtest4 WHERE id=612364
	Index Scan using sbtest4_pkey on sbtest4  (cost=0.43..8.45 rows=1 width=121)
	  Index Cond: (id = 612364)

table 5 : explain SELECT c FROM sbtest5 WHERE id=9603460
	Index Scan using sbtest5_pkey on sbtest5  (cost=0.43..8.45 rows=1 width=121)
	  Index Cond: (id = 9603460)

table 6 : explain SELECT c FROM sbtest6 WHERE id=9117462
	Index Scan using sbtest6_pkey on sbtest6  (cost=0.43..8.45 rows=1 width=121)
	  Index Cond: (id = 9117462)

table 7 : explain SELECT c FROM sbtest7 WHERE id=5021379
	Index Scan using sbtest7_pkey on sbtest7  (cost=0.43..8.45 rows=1 width=121)
	  Index Cond: (id = 5021379)

table 8 : explain SELECT c FROM sbtest8 WHERE id=8546309
	Index Scan using sbtest8_pkey on sbtest8  (cost=0.43..8.45 rows=1 width=121)
	  Index Cond: (id = 8546309)

for point_selects
table 1 : explain SELECT c FROM sbtest1 WHERE id=5661409
	Index Scan using sbtest1_pkey on sbtest1  (cost=0.43..8.45 rows=1 width=121)
	  Index Cond: (id = 5661409)

table 2 : explain SELECT c FROM sbtest2 WHERE id=168797
	Index Scan using sbtest2_pkey on sbtest2  (cost=0.43..8.45 rows=1 width=121)
	  Index Cond: (id = 168797)

table 3 : explain SELECT c FROM sbtest3 WHERE id=1935373
	Index Scan using sbtest3_pkey on sbtest3  (cost=0.43..8.45 rows=1 width=121)
	  Index Cond: (id = 1935373)

table 4 : explain SELECT c FROM sbtest4 WHERE id=7855002
	Index Scan using sbtest4_pkey on sbtest4  (cost=0.43..8.45 rows=1 width=121)
	  Index Cond: (id = 7855002)

table 5 : explain SELECT c FROM sbtest5 WHERE id=4691612
	Index Scan using sbtest5_pkey on sbtest5  (cost=0.43..8.45 rows=1 width=121)
	  Index Cond: (id = 4691612)

table 6 : explain SELECT c FROM sbtest6 WHERE id=2521668
	Index Scan using sbtest6_pkey on sbtest6  (cost=0.43..8.45 rows=1 width=121)
	  Index Cond: (id = 2521668)

table 7 : explain SELECT c FROM sbtest7 WHERE id=3017677
	Index Scan using sbtest7_pkey on sbtest7  (cost=0.43..8.45 rows=1 width=121)
	  Index Cond: (id = 3017677)

table 8 : explain SELECT c FROM sbtest8 WHERE id=8139737
	Index Scan using sbtest8_pkey on sbtest8  (cost=0.43..8.45 rows=1 width=121)
	  Index Cond: (id = 8139737)

for: sum_ranges
table 1 : explain SELECT SUM(k) FROM sbtest1 WHERE id BETWEEN 1409210 AND 1410209
	Aggregate  (cost=3757.98..3757.99 rows=1 width=8)
	  ->  Bitmap Heap Scan on sbtest1  (cost=30.37..3755.56 rows=969 width=4)
	        Recheck Cond: ((id >= 1409210) AND (id <= 1410209))
	        ->  Bitmap Index Scan on sbtest1_pkey  (cost=0.00..30.12 rows=969 width=0)
	              Index Cond: ((id >= 1409210) AND (id <= 1410209))

table 2 : explain SELECT SUM(k) FROM sbtest2 WHERE id BETWEEN 1094933 AND 1095932
	Aggregate  (cost=3495.71..3495.72 rows=1 width=8)
	  ->  Bitmap Heap Scan on sbtest2  (cost=25.67..3493.46 rows=901 width=4)
	        Recheck Cond: ((id >= 1094933) AND (id <= 1095932))
	        ->  Bitmap Index Scan on sbtest2_pkey  (cost=0.00..25.44 rows=901 width=0)
	              Index Cond: ((id >= 1094933) AND (id <= 1095932))

table 3 : explain SELECT SUM(k) FROM sbtest3 WHERE id BETWEEN 5207270 AND 5208269
	Aggregate  (cost=4000.90..4000.91 rows=1 width=8)
	  ->  Bitmap Heap Scan on sbtest3  (cost=31.01..3998.32 rows=1032 width=4)
	        Recheck Cond: ((id >= 5207270) AND (id <= 5208269))
	        ->  Bitmap Index Scan on sbtest3_pkey  (cost=0.00..30.75 rows=1032 width=0)
	              Index Cond: ((id >= 5207270) AND (id <= 5208269))

table 4 : explain SELECT SUM(k) FROM sbtest4 WHERE id BETWEEN 6454752 AND 6455751
	Aggregate  (cost=3878.77..3878.78 rows=1 width=8)
	  ->  Bitmap Heap Scan on sbtest4  (cost=30.68..3876.27 rows=1000 width=4)
	        Recheck Cond: ((id >= 6454752) AND (id <= 6455751))
	        ->  Bitmap Index Scan on sbtest4_pkey  (cost=0.00..30.43 rows=1000 width=0)
	              Index Cond: ((id >= 6454752) AND (id <= 6455751))

table 5 : explain SELECT SUM(k) FROM sbtest5 WHERE id BETWEEN 8365920 AND 8366919
	Aggregate  (cost=3806.34..3806.35 rows=1 width=8)
	  ->  Bitmap Heap Scan on sbtest5  (cost=30.50..3803.89 rows=982 width=4)
	        Recheck Cond: ((id >= 8365920) AND (id <= 8366919))
	        ->  Bitmap Index Scan on sbtest5_pkey  (cost=0.00..30.25 rows=982 width=0)
	              Index Cond: ((id >= 8365920) AND (id <= 8366919))

table 6 : explain SELECT SUM(k) FROM sbtest6 WHERE id BETWEEN 8331721 AND 8332720
	Aggregate  (cost=3345.89..3345.90 rows=1 width=8)
	  ->  Bitmap Heap Scan on sbtest6  (cost=25.26..3343.73 rows=861 width=4)
	        Recheck Cond: ((id >= 8331721) AND (id <= 8332720))
	        ->  Bitmap Index Scan on sbtest6_pkey  (cost=0.00..25.04 rows=861 width=0)
	              Index Cond: ((id >= 8331721) AND (id <= 8332720))

table 7 : explain SELECT SUM(k) FROM sbtest7 WHERE id BETWEEN 4141286 AND 4142285
	Aggregate  (cost=3585.02..3585.03 rows=1 width=8)
	  ->  Bitmap Heap Scan on sbtest7  (cost=29.89..3582.72 rows=922 width=4)
	        Recheck Cond: ((id >= 4141286) AND (id <= 4142285))
	        ->  Bitmap Index Scan on sbtest7_pkey  (cost=0.00..29.65 rows=922 width=0)
	              Index Cond: ((id >= 4141286) AND (id <= 4142285))

table 8 : explain SELECT SUM(k) FROM sbtest8 WHERE id BETWEEN 3764786 AND 3765785
	Aggregate  (cost=3518.32..3518.33 rows=1 width=8)
	  ->  Bitmap Heap Scan on sbtest8  (cost=25.73..3516.06 rows=907 width=4)
	        Recheck Cond: ((id >= 3764786) AND (id <= 3765785))
	        ->  Bitmap Index Scan on sbtest8_pkey  (cost=0.00..25.50 rows=907 width=0)
	              Index Cond: ((id >= 3764786) AND (id <= 3765785))

for: distinct_ranges
table 1 : explain SELECT DISTINCT c FROM sbtest1 WHERE id BETWEEN 1284938 AND 1285937 ORDER BY c
	Unique  (cost=4159.48..4164.79 rows=1062 width=121)
	  ->  Sort  (cost=4159.48..4162.14 rows=1062 width=121)
	        Sort Key: c
	        ->  Bitmap Heap Scan on sbtest1  (cost=31.32..4106.10 rows=1062 width=121)
	              Recheck Cond: ((id >= 1284938) AND (id <= 1285937))
	              ->  Bitmap Index Scan on sbtest1_pkey  (cost=0.00..31.05 rows=1062 width=0)
	                    Index Cond: ((id >= 1284938) AND (id <= 1285937))

table 2 : explain SELECT DISTINCT c FROM sbtest2 WHERE id BETWEEN 2146423 AND 2147422 ORDER BY c
	Unique  (cost=4200.10..4205.46 rows=1073 width=121)
	  ->  Sort  (cost=4200.10..4202.78 rows=1073 width=121)
	        Sort Key: c
	        ->  Bitmap Heap Scan on sbtest2  (cost=31.43..4146.09 rows=1073 width=121)
	              Recheck Cond: ((id >= 2146423) AND (id <= 2147422))
	              ->  Bitmap Index Scan on sbtest2_pkey  (cost=0.00..31.16 rows=1073 width=0)
	                    Index Cond: ((id >= 2146423) AND (id <= 2147422))

table 3 : explain SELECT DISTINCT c FROM sbtest3 WHERE id BETWEEN 5018851 AND 5019850 ORDER BY c
	Unique  (cost=4053.81..4058.98 rows=1033 width=121)
	  ->  Sort  (cost=4053.81..4056.39 rows=1033 width=121)
	        Sort Key: c
	        ->  Bitmap Heap Scan on sbtest3  (cost=31.02..4002.10 rows=1033 width=121)
	              Recheck Cond: ((id >= 5018851) AND (id <= 5019850))
	              ->  Bitmap Index Scan on sbtest3_pkey  (cost=0.00..30.76 rows=1033 width=0)
	                    Index Cond: ((id >= 5018851) AND (id <= 5019850))

table 4 : explain SELECT DISTINCT c FROM sbtest4 WHERE id BETWEEN 2223407 AND 2224406 ORDER BY c
	Unique  (cost=4106.17..4111.40 rows=1047 width=121)
	  ->  Sort  (cost=4106.17..4108.78 rows=1047 width=121)
	        Sort Key: c
	        ->  Bitmap Heap Scan on sbtest4  (cost=31.17..4053.65 rows=1047 width=121)
	              Recheck Cond: ((id >= 2223407) AND (id <= 2224406))
	              ->  Bitmap Index Scan on sbtest4_pkey  (cost=0.00..30.90 rows=1047 width=0)
	                    Index Cond: ((id >= 2223407) AND (id <= 2224406))

table 5 : explain SELECT DISTINCT c FROM sbtest5 WHERE id BETWEEN 9311894 AND 9312893 ORDER BY c
	Unique  (cost=3929.26..3934.27 rows=1002 width=121)
	  ->  Sort  (cost=3929.26..3931.76 rows=1002 width=121)
	        Sort Key: c
	        ->  Bitmap Heap Scan on sbtest5  (cost=30.71..3879.31 rows=1002 width=121)
	              Recheck Cond: ((id >= 9311894) AND (id <= 9312893))
	              ->  Bitmap Index Scan on sbtest5_pkey  (cost=0.00..30.45 rows=1002 width=0)
	                    Index Cond: ((id >= 9311894) AND (id <= 9312893))

table 6 : explain SELECT DISTINCT c FROM sbtest6 WHERE id BETWEEN 3756060 AND 3757059 ORDER BY c
	Unique  (cost=3570.20..3574.75 rows=909 width=121)
	  ->  Sort  (cost=3570.20..3572.48 rows=909 width=121)
	        Sort Key: c
	        ->  Bitmap Heap Scan on sbtest6  (cost=25.75..3525.54 rows=909 width=121)
	              Recheck Cond: ((id >= 3756060) AND (id <= 3757059))
	              ->  Bitmap Index Scan on sbtest6_pkey  (cost=0.00..25.52 rows=909 width=0)
	                    Index Cond: ((id >= 3756060) AND (id <= 3757059))

table 7 : explain SELECT DISTINCT c FROM sbtest7 WHERE id BETWEEN 3224668 AND 3225667 ORDER BY c
	Unique  (cost=3969.90..3974.96 rows=1011 width=121)
	  ->  Sort  (cost=3969.90..3972.43 rows=1011 width=121)
	        Sort Key: c
	        ->  Bitmap Heap Scan on sbtest7  (cost=30.80..3919.45 rows=1011 width=121)
	              Recheck Cond: ((id >= 3224668) AND (id <= 3225667))
	              ->  Bitmap Index Scan on sbtest7_pkey  (cost=0.00..30.54 rows=1011 width=0)
	                    Index Cond: ((id >= 3224668) AND (id <= 3225667))

table 8 : explain SELECT DISTINCT c FROM sbtest8 WHERE id BETWEEN 6919032 AND 6920031 ORDER BY c
	Unique  (cost=3764.01..3768.80 rows=959 width=121)
	  ->  Sort  (cost=3764.01..3766.40 rows=959 width=121)
	        Sort Key: c
	        ->  Bitmap Heap Scan on sbtest8  (cost=30.26..3716.51 rows=959 width=121)
	              Recheck Cond: ((id >= 6919032) AND (id <= 6920031))
	              ->  Bitmap Index Scan on sbtest8_pkey  (cost=0.00..30.02 rows=959 width=0)
	                    Index Cond: ((id >= 6919032) AND (id <= 6920031))

for point_selects
table 1 : explain SELECT c FROM sbtest1 WHERE id=5161347
	Index Scan using sbtest1_pkey on sbtest1  (cost=0.43..8.45 rows=1 width=121)
	  Index Cond: (id = 5161347)

table 2 : explain SELECT c FROM sbtest2 WHERE id=2278318
	Index Scan using sbtest2_pkey on sbtest2  (cost=0.43..8.45 rows=1 width=121)
	  Index Cond: (id = 2278318)

table 3 : explain SELECT c FROM sbtest3 WHERE id=9106680
	Index Scan using sbtest3_pkey on sbtest3  (cost=0.43..8.45 rows=1 width=121)
	  Index Cond: (id = 9106680)

table 4 : explain SELECT c FROM sbtest4 WHERE id=8733471
	Index Scan using sbtest4_pkey on sbtest4  (cost=0.43..8.45 rows=1 width=121)
	  Index Cond: (id = 8733471)

table 5 : explain SELECT c FROM sbtest5 WHERE id=6236508
	Index Scan using sbtest5_pkey on sbtest5  (cost=0.43..8.45 rows=1 width=121)
	  Index Cond: (id = 6236508)

table 6 : explain SELECT c FROM sbtest6 WHERE id=4666875
	Index Scan using sbtest6_pkey on sbtest6  (cost=0.43..8.45 rows=1 width=121)
	  Index Cond: (id = 4666875)

table 7 : explain SELECT c FROM sbtest7 WHERE id=3583641
	Index Scan using sbtest7_pkey on sbtest7  (cost=0.43..8.45 rows=1 width=121)
	  Index Cond: (id = 3583641)

table 8 : explain SELECT c FROM sbtest8 WHERE id=7720212
	Index Scan using sbtest8_pkey on sbtest8  (cost=0.43..8.45 rows=1 width=121)
	  Index Cond: (id = 7720212)

for point_selects
table 1 : explain SELECT c FROM sbtest1 WHERE id=5833801
	Index Scan using sbtest1_pkey on sbtest1  (cost=0.43..8.45 rows=1 width=121)
	  Index Cond: (id = 5833801)

table 2 : explain SELECT c FROM sbtest2 WHERE id=1128782
	Index Scan using sbtest2_pkey on sbtest2  (cost=0.43..8.45 rows=1 width=121)
	  Index Cond: (id = 1128782)

table 3 : explain SELECT c FROM sbtest3 WHERE id=6765883
	Index Scan using sbtest3_pkey on sbtest3  (cost=0.43..8.45 rows=1 width=121)
	  Index Cond: (id = 6765883)

table 4 : explain SELECT c FROM sbtest4 WHERE id=5517828
	Index Scan using sbtest4_pkey on sbtest4  (cost=0.43..8.45 rows=1 width=121)
	  Index Cond: (id = 5517828)

table 5 : explain SELECT c FROM sbtest5 WHERE id=2125767
	Index Scan using sbtest5_pkey on sbtest5  (cost=0.43..8.45 rows=1 width=121)
	  Index Cond: (id = 2125767)

table 6 : explain SELECT c FROM sbtest6 WHERE id=3955332
	Index Scan using sbtest6_pkey on sbtest6  (cost=0.43..8.45 rows=1 width=121)
	  Index Cond: (id = 3955332)

table 7 : explain SELECT c FROM sbtest7 WHERE id=1563138
	Index Scan using sbtest7_pkey on sbtest7  (cost=0.43..8.45 rows=1 width=121)
	  Index Cond: (id = 1563138)

table 8 : explain SELECT c FROM sbtest8 WHERE id=578847
	Index Scan using sbtest8_pkey on sbtest8  (cost=0.43..8.45 rows=1 width=121)
	  Index Cond: (id = 578847)

for: order_ranges
table 1 : explain SELECT c FROM sbtest1 WHERE id BETWEEN 480136 AND 481135 ORDER BY c
	Sort  (cost=3926.18..3928.69 rows=1001 width=121)
	  Sort Key: c
	  ->  Bitmap Heap Scan on sbtest1  (cost=30.70..3876.30 rows=1001 width=121)
	        Recheck Cond: ((id >= 480136) AND (id <= 481135))
	        ->  Bitmap Index Scan on sbtest1_pkey  (cost=0.00..30.44 rows=1001 width=0)
	              Index Cond: ((id >= 480136) AND (id <= 481135))

table 2 : explain SELECT c FROM sbtest2 WHERE id BETWEEN 8733874 AND 8734873 ORDER BY c
	Sort  (cost=3982.30..3984.84 rows=1016 width=121)
	  Sort Key: c
	  ->  Bitmap Heap Scan on sbtest2  (cost=30.85..3931.56 rows=1016 width=121)
	        Recheck Cond: ((id >= 8733874) AND (id <= 8734873))
	        ->  Bitmap Index Scan on sbtest2_pkey  (cost=0.00..30.59 rows=1016 width=0)
	              Index Cond: ((id >= 8733874) AND (id <= 8734873))

table 3 : explain SELECT c FROM sbtest3 WHERE id BETWEEN 1745761 AND 1746760 ORDER BY c
	Sort  (cost=3881.26..3883.73 rows=988 width=121)
	  Sort Key: c
	  ->  Bitmap Heap Scan on sbtest3  (cost=30.56..3832.11 rows=988 width=121)
	        Recheck Cond: ((id >= 1745761) AND (id <= 1746760))
	        ->  Bitmap Index Scan on sbtest3_pkey  (cost=0.00..30.32 rows=988 width=0)
	              Index Cond: ((id >= 1745761) AND (id <= 1746760))

table 4 : explain SELECT c FROM sbtest4 WHERE id BETWEEN 5520564 AND 5521563 ORDER BY c
	Sort  (cost=4350.96..4353.73 rows=1111 width=121)
	  Sort Key: c
	  ->  Bitmap Heap Scan on sbtest4  (cost=31.82..4294.75 rows=1111 width=121)
	        Recheck Cond: ((id >= 5520564) AND (id <= 5521563))
	        ->  Bitmap Index Scan on sbtest4_pkey  (cost=0.00..31.54 rows=1111 width=0)
	              Index Cond: ((id >= 5520564) AND (id <= 5521563))

table 5 : explain SELECT c FROM sbtest5 WHERE id BETWEEN 8322959 AND 8323958 ORDER BY c
	Sort  (cost=3852.69..3855.15 rows=982 width=121)
	  Sort Key: c
	  ->  Bitmap Heap Scan on sbtest5  (cost=30.50..3803.89 rows=982 width=121)
	        Recheck Cond: ((id >= 8322959) AND (id <= 8323958))
	        ->  Bitmap Index Scan on sbtest5_pkey  (cost=0.00..30.25 rows=982 width=0)
	              Index Cond: ((id >= 8322959) AND (id <= 8323958))

table 6 : explain SELECT c FROM sbtest6 WHERE id BETWEEN 3501333 AND 3502332 ORDER BY c
	Sort  (cost=3812.09..3814.52 rows=971 width=121)
	  Sort Key: c
	  ->  Bitmap Heap Scan on sbtest6  (cost=30.39..3763.91 rows=971 width=121)
	        Recheck Cond: ((id >= 3501333) AND (id <= 3502332))
	        ->  Bitmap Index Scan on sbtest6_pkey  (cost=0.00..30.14 rows=971 width=0)
	              Index Cond: ((id >= 3501333) AND (id <= 3502332))

table 7 : explain SELECT c FROM sbtest7 WHERE id BETWEEN 4345681 AND 4346680 ORDER BY c
	Sort  (cost=3628.12..3630.42 rows=922 width=121)
	  Sort Key: c
	  ->  Bitmap Heap Scan on sbtest7  (cost=29.89..3582.72 rows=922 width=121)
	        Recheck Cond: ((id >= 4345681) AND (id <= 4346680))
	        ->  Bitmap Index Scan on sbtest7_pkey  (cost=0.00..29.65 rows=922 width=0)
	              Index Cond: ((id >= 4345681) AND (id <= 4346680))

table 8 : explain SELECT c FROM sbtest8 WHERE id BETWEEN 3772783 AND 3773782 ORDER BY c
	Sort  (cost=3560.61..3562.88 rows=907 width=121)
	  Sort Key: c
	  ->  Bitmap Heap Scan on sbtest8  (cost=25.73..3516.06 rows=907 width=121)
	        Recheck Cond: ((id >= 3772783) AND (id <= 3773782))
	        ->  Bitmap Index Scan on sbtest8_pkey  (cost=0.00..25.50 rows=907 width=0)
	              Index Cond: ((id >= 3772783) AND (id <= 3773782))

for: simple_ranges
table 1 : explain SELECT c FROM sbtest1 WHERE id BETWEEN 1332180 AND 1333179
	Bitmap Heap Scan on sbtest1  (cost=30.31..3732.90 rows=963 width=121)
	  Recheck Cond: ((id >= 1332180) AND (id <= 1333179))
	  ->  Bitmap Index Scan on sbtest1_pkey  (cost=0.00..30.07 rows=963 width=0)
	        Index Cond: ((id >= 1332180) AND (id <= 1333179))

table 2 : explain SELECT c FROM sbtest2 WHERE id BETWEEN 8106699 AND 8107698
	Bitmap Heap Scan on sbtest2  (cost=30.90..3950.39 rows=1021 width=121)
	  Recheck Cond: ((id >= 8106699) AND (id <= 8107698))
	  ->  Bitmap Index Scan on sbtest2_pkey  (cost=0.00..30.64 rows=1021 width=0)
	        Index Cond: ((id >= 8106699) AND (id <= 8107698))

table 3 : explain SELECT c FROM sbtest3 WHERE id BETWEEN 8268132 AND 8269131
	Bitmap Heap Scan on sbtest3  (cost=30.55..3828.33 rows=987 width=121)
	  Recheck Cond: ((id >= 8268132) AND (id <= 8269131))
	  ->  Bitmap Index Scan on sbtest3_pkey  (cost=0.00..30.30 rows=987 width=0)
	        Index Cond: ((id >= 8268132) AND (id <= 8269131))

table 4 : explain SELECT c FROM sbtest4 WHERE id BETWEEN 4873977 AND 4874976
	Bitmap Heap Scan on sbtest4  (cost=30.14..3675.92 rows=947 width=121)
	  Recheck Cond: ((id >= 4873977) AND (id <= 4874976))
	  ->  Bitmap Index Scan on sbtest4_pkey  (cost=0.00..29.90 rows=947 width=0)
	        Index Cond: ((id >= 4873977) AND (id <= 4874976))

table 5 : explain SELECT c FROM sbtest5 WHERE id BETWEEN 2800810 AND 2801809
	Bitmap Heap Scan on sbtest5  (cost=31.43..4146.66 rows=1073 width=121)
	  Recheck Cond: ((id >= 2800810) AND (id <= 2801809))
	  ->  Bitmap Index Scan on sbtest5_pkey  (cost=0.00..31.16 rows=1073 width=0)
	        Index Cond: ((id >= 2800810) AND (id <= 2801809))

table 6 : explain SELECT c FROM sbtest6 WHERE id BETWEEN 9158933 AND 9159932
	Bitmap Heap Scan on sbtest6  (cost=31.19..4058.07 rows=1049 width=121)
	  Recheck Cond: ((id >= 9158933) AND (id <= 9159932))
	  ->  Bitmap Index Scan on sbtest6_pkey  (cost=0.00..30.93 rows=1049 width=0)
	        Index Cond: ((id >= 9158933) AND (id <= 9159932))

table 7 : explain SELECT c FROM sbtest7 WHERE id BETWEEN 4051037 AND 4052036
	Bitmap Heap Scan on sbtest7  (cost=35.78..4285.57 rows=1107 width=121)
	  Recheck Cond: ((id >= 4051037) AND (id <= 4052036))
	  ->  Bitmap Index Scan on sbtest7_pkey  (cost=0.00..35.51 rows=1107 width=0)
	        Index Cond: ((id >= 4051037) AND (id <= 4052036))

table 8 : explain SELECT c FROM sbtest8 WHERE id BETWEEN 8981564 AND 8982563
	Bitmap Heap Scan on sbtest8  (cost=31.72..4251.20 rows=1101 width=121)
	  Recheck Cond: ((id >= 8981564) AND (id <= 8982563))
	  ->  Bitmap Index Scan on sbtest8_pkey  (cost=0.00..31.44 rows=1101 width=0)
	        Index Cond: ((id >= 8981564) AND (id <= 8982563))

for: simple_ranges
table 1 : explain SELECT c FROM sbtest1 WHERE id BETWEEN 2977348 AND 2978347
	Bitmap Heap Scan on sbtest1  (cost=30.96..3974.30 rows=1027 width=121)
	  Recheck Cond: ((id >= 2977348) AND (id <= 2978347))
	  ->  Bitmap Index Scan on sbtest1_pkey  (cost=0.00..30.70 rows=1027 width=0)
	        Index Cond: ((id >= 2977348) AND (id <= 2978347))

table 2 : explain SELECT c FROM sbtest2 WHERE id BETWEEN 9147147 AND 9148146
	Bitmap Heap Scan on sbtest2  (cost=30.78..3905.18 rows=1009 width=121)
	  Recheck Cond: ((id >= 9147147) AND (id <= 9148146))
	  ->  Bitmap Index Scan on sbtest2_pkey  (cost=0.00..30.52 rows=1009 width=0)
	        Index Cond: ((id >= 9147147) AND (id <= 9148146))

table 3 : explain SELECT c FROM sbtest3 WHERE id BETWEEN 2695689 AND 2696688
	Bitmap Heap Scan on sbtest3  (cost=30.66..3869.91 rows=998 width=121)
	  Recheck Cond: ((id >= 2695689) AND (id <= 2696688))
	  ->  Bitmap Index Scan on sbtest3_pkey  (cost=0.00..30.41 rows=998 width=0)
	        Index Cond: ((id >= 2695689) AND (id <= 2696688))

table 4 : explain SELECT c FROM sbtest4 WHERE id BETWEEN 8029932 AND 8030931
	Bitmap Heap Scan on sbtest4  (cost=31.41..4144.12 rows=1071 width=121)
	  Recheck Cond: ((id >= 8029932) AND (id <= 8030931))
	  ->  Bitmap Index Scan on sbtest4_pkey  (cost=0.00..31.14 rows=1071 width=0)
	        Index Cond: ((id >= 8029932) AND (id <= 8030931))

table 5 : explain SELECT c FROM sbtest5 WHERE id BETWEEN 4038954 AND 4039953
	Bitmap Heap Scan on sbtest5  (cost=25.75..3524.15 rows=909 width=121)
	  Recheck Cond: ((id >= 4038954) AND (id <= 4039953))
	  ->  Bitmap Index Scan on sbtest5_pkey  (cost=0.00..25.52 rows=909 width=0)
	        Index Cond: ((id >= 4038954) AND (id <= 4039953))

table 6 : explain SELECT c FROM sbtest6 WHERE id BETWEEN 1780662 AND 1781661
	Bitmap Heap Scan on sbtest6  (cost=30.18..3688.36 rows=951 width=121)
	  Recheck Cond: ((id >= 1780662) AND (id <= 1781661))
	  ->  Bitmap Index Scan on sbtest6_pkey  (cost=0.00..29.94 rows=951 width=0)
	        Index Cond: ((id >= 1780662) AND (id <= 1781661))

table 7 : explain SELECT c FROM sbtest7 WHERE id BETWEEN 9672692 AND 9673691
	Bitmap Heap Scan on sbtest7  (cost=30.71..3885.44 rows=1002 width=121)
	  Recheck Cond: ((id >= 9672692) AND (id <= 9673691))
	  ->  Bitmap Index Scan on sbtest7_pkey  (cost=0.00..30.45 rows=1002 width=0)
	        Index Cond: ((id >= 9672692) AND (id <= 9673691))

table 8 : explain SELECT c FROM sbtest8 WHERE id BETWEEN 5001597 AND 5002596
	Bitmap Heap Scan on sbtest8  (cost=31.07..4014.29 rows=1038 width=121)
	  Recheck Cond: ((id >= 5001597) AND (id <= 5002596))
	  ->  Bitmap Index Scan on sbtest8_pkey  (cost=0.00..30.82 rows=1038 width=0)
	        Index Cond: ((id >= 5001597) AND (id <= 5002596))

for: simple_ranges
table 1 : explain SELECT c FROM sbtest1 WHERE id BETWEEN 181495 AND 182494
	Bitmap Heap Scan on sbtest1  (cost=30.63..3853.67 rows=995 width=121)
	  Recheck Cond: ((id >= 181495) AND (id <= 182494))
	  ->  Bitmap Index Scan on sbtest1_pkey  (cost=0.00..30.39 rows=995 width=0)
	        Index Cond: ((id >= 181495) AND (id <= 182494))

table 2 : explain SELECT c FROM sbtest2 WHERE id BETWEEN 5425272 AND 5426271
	Bitmap Heap Scan on sbtest2  (cost=31.21..4063.33 rows=1051 width=121)
	  Recheck Cond: ((id >= 5425272) AND (id <= 5426271))
	  ->  Bitmap Index Scan on sbtest2_pkey  (cost=0.00..30.94 rows=1051 width=0)
	        Index Cond: ((id >= 5425272) AND (id <= 5426271))

table 3 : explain SELECT c FROM sbtest3 WHERE id BETWEEN 9006791 AND 9007790
	Bitmap Heap Scan on sbtest3  (cost=30.54..3824.55 rows=986 width=121)
	  Recheck Cond: ((id >= 9006791) AND (id <= 9007790))
	  ->  Bitmap Index Scan on sbtest3_pkey  (cost=0.00..30.29 rows=986 width=0)
	        Index Cond: ((id >= 9006791) AND (id <= 9007790))

table 4 : explain SELECT c FROM sbtest4 WHERE id BETWEEN 6562504 AND 6563503
	Bitmap Heap Scan on sbtest4  (cost=26.00..3618.94 rows=933 width=121)
	  Recheck Cond: ((id >= 6562504) AND (id <= 6563503))
	  ->  Bitmap Index Scan on sbtest4_pkey  (cost=0.00..25.76 rows=933 width=0)
	        Index Cond: ((id >= 6562504) AND (id <= 6563503))

table 5 : explain SELECT c FROM sbtest5 WHERE id BETWEEN 5696040 AND 5697039
	Bitmap Heap Scan on sbtest5  (cost=30.95..3969.75 rows=1026 width=121)
	  Recheck Cond: ((id >= 5696040) AND (id <= 5697039))
	  ->  Bitmap Index Scan on sbtest5_pkey  (cost=0.00..30.69 rows=1026 width=0)
	        Index Cond: ((id >= 5696040) AND (id <= 5697039))

table 6 : explain SELECT c FROM sbtest6 WHERE id BETWEEN 4023293 AND 4024292
	Bitmap Heap Scan on sbtest6  (cost=30.62..3850.73 rows=994 width=121)
	  Recheck Cond: ((id >= 4023293) AND (id <= 4024292))
	  ->  Bitmap Index Scan on sbtest6_pkey  (cost=0.00..30.37 rows=994 width=0)
	        Index Cond: ((id >= 4023293) AND (id <= 4024292))

table 7 : explain SELECT c FROM sbtest7 WHERE id BETWEEN 1453341 AND 1454340
	Bitmap Heap Scan on sbtest7  (cost=30.61..3851.42 rows=993 width=121)
	  Recheck Cond: ((id >= 1453341) AND (id <= 1454340))
	  ->  Bitmap Index Scan on sbtest7_pkey  (cost=0.00..30.36 rows=993 width=0)
	        Index Cond: ((id >= 1453341) AND (id <= 1454340))

table 8 : explain SELECT c FROM sbtest8 WHERE id BETWEEN 509337 AND 510336
	Bitmap Heap Scan on sbtest8  (cost=30.48..3795.75 rows=980 width=121)
	  Recheck Cond: ((id >= 509337) AND (id <= 510336))
	  ->  Bitmap Index Scan on sbtest8_pkey  (cost=0.00..30.23 rows=980 width=0)
	        Index Cond: ((id >= 509337) AND (id <= 510336))

for: order_ranges
table 1 : explain SELECT c FROM sbtest1 WHERE id BETWEEN 5471598 AND 5472597 ORDER BY c
	Sort  (cost=3711.62..3713.98 rows=945 width=121)
	  Sort Key: c
	  ->  Bitmap Heap Scan on sbtest1  (cost=30.12..3664.91 rows=945 width=121)
	        Recheck Cond: ((id >= 5471598) AND (id <= 5472597))
	        ->  Bitmap Index Scan on sbtest1_pkey  (cost=0.00..29.89 rows=945 width=0)
	              Index Cond: ((id >= 5471598) AND (id <= 5472597))

table 2 : explain SELECT c FROM sbtest2 WHERE id BETWEEN 2263005 AND 2264004 ORDER BY c
	Sort  (cost=3928.74..3931.25 rows=1002 width=121)
	  Sort Key: c
	  ->  Bitmap Heap Scan on sbtest2  (cost=30.71..3878.80 rows=1002 width=121)
	        Recheck Cond: ((id >= 2263005) AND (id <= 2264004))
	        ->  Bitmap Index Scan on sbtest2_pkey  (cost=0.00..30.45 rows=1002 width=0)
	              Index Cond: ((id >= 2263005) AND (id <= 2264004))

table 3 : explain SELECT c FROM sbtest3 WHERE id BETWEEN 2134089 AND 2135088 ORDER BY c
	Sort  (cost=3977.15..3979.68 rows=1013 width=121)
	  Sort Key: c
	  ->  Bitmap Heap Scan on sbtest3  (cost=30.82..3926.58 rows=1013 width=121)
	        Recheck Cond: ((id >= 2134089) AND (id <= 2135088))
	        ->  Bitmap Index Scan on sbtest3_pkey  (cost=0.00..30.57 rows=1013 width=0)
	              Index Cond: ((id >= 2134089) AND (id <= 2135088))

table 4 : explain SELECT c FROM sbtest4 WHERE id BETWEEN 6501632 AND 6502631 ORDER BY c
	Sort  (cost=3926.10..3928.60 rows=1000 width=121)
	  Sort Key: c
	  ->  Bitmap Heap Scan on sbtest4  (cost=30.68..3876.27 rows=1000 width=121)
	        Recheck Cond: ((id >= 6501632) AND (id <= 6502631))
	        ->  Bitmap Index Scan on sbtest4_pkey  (cost=0.00..30.43 rows=1000 width=0)
	              Index Cond: ((id >= 6501632) AND (id <= 6502631))

table 5 : explain SELECT c FROM sbtest5 WHERE id BETWEEN 278385 AND 279384 ORDER BY c
	Sort  (cost=3979.00..3981.53 rows=1015 width=121)
	  Sort Key: c
	  ->  Bitmap Heap Scan on sbtest5  (cost=30.84..3928.31 rows=1015 width=121)
	        Recheck Cond: ((id >= 278385) AND (id <= 279384))
	        ->  Bitmap Index Scan on sbtest5_pkey  (cost=0.00..30.58 rows=1015 width=0)
	              Index Cond: ((id >= 278385) AND (id <= 279384))

table 6 : explain SELECT c FROM sbtest6 WHERE id BETWEEN 1964411 AND 1965410 ORDER BY c
	Sort  (cost=3808.25..3810.68 rows=970 width=121)
	  Sort Key: c
	  ->  Bitmap Heap Scan on sbtest6  (cost=30.38..3760.13 rows=970 width=121)
	        Recheck Cond: ((id >= 1964411) AND (id <= 1965410))
	        ->  Bitmap Index Scan on sbtest6_pkey  (cost=0.00..30.14 rows=970 width=0)
	              Index Cond: ((id >= 1964411) AND (id <= 1965410))

table 7 : explain SELECT c FROM sbtest7 WHERE id BETWEEN 5324284 AND 5325283 ORDER BY c
	Sort  (cost=4031.25..4033.82 rows=1027 width=121)
	  Sort Key: c
	  ->  Bitmap Heap Scan on sbtest7  (cost=30.96..3979.88 rows=1027 width=121)
	        Recheck Cond: ((id >= 5324284) AND (id <= 5325283))
	        ->  Bitmap Index Scan on sbtest7_pkey  (cost=0.00..30.70 rows=1027 width=0)
	              Index Cond: ((id >= 5324284) AND (id <= 5325283))

table 8 : explain SELECT c FROM sbtest8 WHERE id BETWEEN 3605748 AND 3606747 ORDER BY c
	Sort  (cost=3767.84..3770.24 rows=960 width=121)
	  Sort Key: c
	  ->  Bitmap Heap Scan on sbtest8  (cost=30.27..3720.28 rows=960 width=121)
	        Recheck Cond: ((id >= 3605748) AND (id <= 3606747))
	        ->  Bitmap Index Scan on sbtest8_pkey  (cost=0.00..30.04 rows=960 width=0)
	              Index Cond: ((id >= 3605748) AND (id <= 3606747))

for: sum_ranges
table 1 : explain SELECT SUM(k) FROM sbtest1 WHERE id BETWEEN 3637567 AND 3638566
	Aggregate  (cost=3893.89..3893.90 rows=1 width=8)
	  ->  Bitmap Heap Scan on sbtest1  (cost=30.74..3891.38 rows=1005 width=4)
	        Recheck Cond: ((id >= 3637567) AND (id <= 3638566))
	        ->  Bitmap Index Scan on sbtest1_pkey  (cost=0.00..30.48 rows=1005 width=0)
	              Index Cond: ((id >= 3637567) AND (id <= 3638566))

table 2 : explain SELECT SUM(k) FROM sbtest2 WHERE id BETWEEN 7173736 AND 7174735
	Aggregate  (cost=4005.70..4005.71 rows=1 width=8)
	  ->  Bitmap Heap Scan on sbtest2  (cost=31.04..4003.11 rows=1035 width=4)
	        Recheck Cond: ((id >= 7173736) AND (id <= 7174735))
	        ->  Bitmap Index Scan on sbtest2_pkey  (cost=0.00..30.79 rows=1035 width=0)
	              Index Cond: ((id >= 7173736) AND (id <= 7174735))

table 3 : explain SELECT SUM(k) FROM sbtest3 WHERE id BETWEEN 9931529 AND 9932528
	Aggregate  (cost=3618.77..3618.78 rows=1 width=8)
	  ->  Bitmap Heap Scan on sbtest3  (cost=29.98..3616.44 rows=931 width=4)
	        Recheck Cond: ((id >= 9931529) AND (id <= 9932528))
	        ->  Bitmap Index Scan on sbtest3_pkey  (cost=0.00..29.75 rows=931 width=0)
	              Index Cond: ((id >= 9931529) AND (id <= 9932528))

table 4 : explain SELECT SUM(k) FROM sbtest4 WHERE id BETWEEN 6806163 AND 6807162
	Aggregate  (cost=3647.78..3647.79 rows=1 width=8)
	  ->  Bitmap Heap Scan on sbtest4  (cost=26.07..3645.43 rows=940 width=4)
	        Recheck Cond: ((id >= 6806163) AND (id <= 6807162))
	        ->  Bitmap Index Scan on sbtest4_pkey  (cost=0.00..25.83 rows=940 width=0)
	              Index Cond: ((id >= 6806163) AND (id <= 6807162))

table 5 : explain SELECT SUM(k) FROM sbtest5 WHERE id BETWEEN 7604890 AND 7605889
	Aggregate  (cost=3772.37..3772.38 rows=1 width=8)
	  ->  Bitmap Heap Scan on sbtest5  (cost=30.41..3769.93 rows=973 width=4)
	        Recheck Cond: ((id >= 7604890) AND (id <= 7605889))
	        ->  Bitmap Index Scan on sbtest5_pkey  (cost=0.00..30.16 rows=973 width=0)
	              Index Cond: ((id >= 7604890) AND (id <= 7605889))

table 6 : explain SELECT SUM(k) FROM sbtest6 WHERE id BETWEEN 9127670 AND 9128669
	Aggregate  (cost=4053.15..4053.16 rows=1 width=8)
	  ->  Bitmap Heap Scan on sbtest6  (cost=31.17..4050.54 rows=1047 width=4)
	        Recheck Cond: ((id >= 9127670) AND (id <= 9128669))
	        ->  Bitmap Index Scan on sbtest6_pkey  (cost=0.00..30.90 rows=1047 width=0)
	              Index Cond: ((id >= 9127670) AND (id <= 9128669))

table 7 : explain SELECT SUM(k) FROM sbtest7 WHERE id BETWEEN 8176033 AND 8177032
	Aggregate  (cost=3520.55..3520.56 rows=1 width=8)
	  ->  Bitmap Heap Scan on sbtest7  (cost=29.71..3518.28 rows=905 width=4)
	        Recheck Cond: ((id >= 8176033) AND (id <= 8177032))
	        ->  Bitmap Index Scan on sbtest7_pkey  (cost=0.00..29.48 rows=905 width=0)
	              Index Cond: ((id >= 8176033) AND (id <= 8177032))

table 8 : explain SELECT SUM(k) FROM sbtest8 WHERE id BETWEEN 1306697 AND 1307696
	Aggregate  (cost=4069.61..4069.62 rows=1 width=8)
	  ->  Bitmap Heap Scan on sbtest8  (cost=31.22..4066.98 rows=1052 width=4)
	        Recheck Cond: ((id >= 1306697) AND (id <= 1307696))
	        ->  Bitmap Index Scan on sbtest8_pkey  (cost=0.00..30.95 rows=1052 width=0)
	              Index Cond: ((id >= 1306697) AND (id <= 1307696))

for: simple_ranges
table 1 : explain SELECT c FROM sbtest1 WHERE id BETWEEN 5483041 AND 5484040
	Bitmap Heap Scan on sbtest1  (cost=30.12..3664.91 rows=945 width=121)
	  Recheck Cond: ((id >= 5483041) AND (id <= 5484040))
	  ->  Bitmap Index Scan on sbtest1_pkey  (cost=0.00..29.89 rows=945 width=0)
	        Index Cond: ((id >= 5483041) AND (id <= 5484040))

table 2 : explain SELECT c FROM sbtest2 WHERE id BETWEEN 7167607 AND 7168606
	Bitmap Heap Scan on sbtest2  (cost=31.04..4003.11 rows=1035 width=121)
	  Recheck Cond: ((id >= 7167607) AND (id <= 7168606))
	  ->  Bitmap Index Scan on sbtest2_pkey  (cost=0.00..30.79 rows=1035 width=0)
	        Index Cond: ((id >= 7167607) AND (id <= 7168606))

table 3 : explain SELECT c FROM sbtest3 WHERE id BETWEEN 3561530 AND 3562529
	Bitmap Heap Scan on sbtest3  (cost=30.32..3741.35 rows=964 width=121)
	  Recheck Cond: ((id >= 3561530) AND (id <= 3562529))
	  ->  Bitmap Index Scan on sbtest3_pkey  (cost=0.00..30.07 rows=964 width=0)
	        Index Cond: ((id >= 3561530) AND (id <= 3562529))

table 4 : explain SELECT c FROM sbtest4 WHERE id BETWEEN 123373 AND 124372
	Bitmap Heap Scan on sbtest4  (cost=30.21..3702.40 rows=954 width=121)
	  Recheck Cond: ((id >= 123373) AND (id <= 124372))
	  ->  Bitmap Index Scan on sbtest4_pkey  (cost=0.00..29.97 rows=954 width=0)
	        Index Cond: ((id >= 123373) AND (id <= 124372))

table 5 : explain SELECT c FROM sbtest5 WHERE id BETWEEN 3685201 AND 3686200
	Bitmap Heap Scan on sbtest5  (cost=31.39..4131.61 rows=1069 width=121)
	  Recheck Cond: ((id >= 3685201) AND (id <= 3686200))
	  ->  Bitmap Index Scan on sbtest5_pkey  (cost=0.00..31.12 rows=1069 width=0)
	        Index Cond: ((id >= 3685201) AND (id <= 3686200))

table 6 : explain SELECT c FROM sbtest6 WHERE id BETWEEN 8766402 AND 8767401
	Bitmap Heap Scan on sbtest6  (cost=30.53..3816.76 rows=985 width=121)
	  Recheck Cond: ((id >= 8766402) AND (id <= 8767401))
	  ->  Bitmap Index Scan on sbtest6_pkey  (cost=0.00..30.29 rows=985 width=0)
	        Index Cond: ((id >= 8766402) AND (id <= 8767401))

table 7 : explain SELECT c FROM sbtest7 WHERE id BETWEEN 8596436 AND 8597435
	Bitmap Heap Scan on sbtest7  (cost=30.46..3794.71 rows=978 width=121)
	  Recheck Cond: ((id >= 8596436) AND (id <= 8597435))
	  ->  Bitmap Index Scan on sbtest7_pkey  (cost=0.00..30.21 rows=978 width=0)
	        Index Cond: ((id >= 8596436) AND (id <= 8597435))

table 8 : explain SELECT c FROM sbtest8 WHERE id BETWEEN 7465708 AND 7466707
	Bitmap Heap Scan on sbtest8  (cost=30.17..3682.53 rows=950 width=121)
	  Recheck Cond: ((id >= 7465708) AND (id <= 7466707))
	  ->  Bitmap Index Scan on sbtest8_pkey  (cost=0.00..29.93 rows=950 width=0)
	        Index Cond: ((id >= 7465708) AND (id <= 7466707))

for: simple_ranges
table 1 : explain SELECT c FROM sbtest1 WHERE id BETWEEN 1995407 AND 1996406
	Bitmap Heap Scan on sbtest1  (cost=30.78..3906.46 rows=1009 width=121)
	  Recheck Cond: ((id >= 1995407) AND (id <= 1996406))
	  ->  Bitmap Index Scan on sbtest1_pkey  (cost=0.00..30.52 rows=1009 width=0)
	        Index Cond: ((id >= 1995407) AND (id <= 1996406))

table 2 : explain SELECT c FROM sbtest2 WHERE id BETWEEN 3219718 AND 3220717
	Bitmap Heap Scan on sbtest2  (cost=29.93..3591.97 rows=926 width=121)
	  Recheck Cond: ((id >= 3219718) AND (id <= 3220717))
	  ->  Bitmap Index Scan on sbtest2_pkey  (cost=0.00..29.69 rows=926 width=0)
	        Index Cond: ((id >= 3219718) AND (id <= 3220717))

table 3 : explain SELECT c FROM sbtest3 WHERE id BETWEEN 2959402 AND 2960401
	Bitmap Heap Scan on sbtest3  (cost=30.45..3790.52 rows=977 width=121)
	  Recheck Cond: ((id >= 2959402) AND (id <= 2960401))
	  ->  Bitmap Index Scan on sbtest3_pkey  (cost=0.00..30.20 rows=977 width=0)
	        Index Cond: ((id >= 2959402) AND (id <= 2960401))

table 4 : explain SELECT c FROM sbtest4 WHERE id BETWEEN 3475795 AND 3476794
	Bitmap Heap Scan on sbtest4  (cost=30.63..3857.39 rows=995 width=121)
	  Recheck Cond: ((id >= 3475795) AND (id <= 3476794))
	  ->  Bitmap Index Scan on sbtest4_pkey  (cost=0.00..30.39 rows=995 width=0)
	        Index Cond: ((id >= 3475795) AND (id <= 3476794))

table 5 : explain SELECT c FROM sbtest5 WHERE id BETWEEN 3963079 AND 3964078
	Bitmap Heap Scan on sbtest5  (cost=31.23..4071.41 rows=1053 width=121)
	  Recheck Cond: ((id >= 3963079) AND (id <= 3964078))
	  ->  Bitmap Index Scan on sbtest5_pkey  (cost=0.00..30.96 rows=1053 width=0)
	        Index Cond: ((id >= 3963079) AND (id <= 3964078))

table 6 : explain SELECT c FROM sbtest6 WHERE id BETWEEN 8189339 AND 8190338
	Bitmap Heap Scan on sbtest6  (cost=25.62..3476.33 rows=896 width=121)
	  Recheck Cond: ((id >= 8189339) AND (id <= 8190338))
	  ->  Bitmap Index Scan on sbtest6_pkey  (cost=0.00..25.39 rows=896 width=0)
	        Index Cond: ((id >= 8189339) AND (id <= 8190338))

table 7 : explain SELECT c FROM sbtest7 WHERE id BETWEEN 6577003 AND 6578002
	Bitmap Heap Scan on sbtest7  (cost=30.27..3726.61 rows=960 width=121)
	  Recheck Cond: ((id >= 6577003) AND (id <= 6578002))
	  ->  Bitmap Index Scan on sbtest7_pkey  (cost=0.00..30.04 rows=960 width=0)
	        Index Cond: ((id >= 6577003) AND (id <= 6578002))

table 8 : explain SELECT c FROM sbtest8 WHERE id BETWEEN 2490794 AND 2491793
	Bitmap Heap Scan on sbtest8  (cost=25.71..3508.49 rows=905 width=121)
	  Recheck Cond: ((id >= 2490794) AND (id <= 2491793))
	  ->  Bitmap Index Scan on sbtest8_pkey  (cost=0.00..25.48 rows=905 width=0)
	        Index Cond: ((id >= 2490794) AND (id <= 2491793))

for: distinct_ranges
table 1 : explain SELECT DISTINCT c FROM sbtest1 WHERE id BETWEEN 863372 AND 864371 ORDER BY c
	Unique  (cost=3726.95..3731.70 rows=949 width=121)
	  ->  Sort  (cost=3726.95..3729.33 rows=949 width=121)
	        Sort Key: c
	        ->  Bitmap Heap Scan on sbtest1  (cost=30.16..3680.03 rows=949 width=121)
	              Recheck Cond: ((id >= 863372) AND (id <= 864371))
	              ->  Bitmap Index Scan on sbtest1_pkey  (cost=0.00..29.93 rows=949 width=0)
	                    Index Cond: ((id >= 863372) AND (id <= 864371))

table 2 : explain SELECT DISTINCT c FROM sbtest2 WHERE id BETWEEN 6203514 AND 6204513 ORDER BY c
	Unique  (cost=4303.14..4308.64 rows=1100 width=121)
	  ->  Sort  (cost=4303.14..4305.89 rows=1100 width=121)
	        Sort Key: c
	        ->  Bitmap Heap Scan on sbtest2  (cost=31.71..4247.57 rows=1100 width=121)
	              Recheck Cond: ((id >= 6203514) AND (id <= 6204513))
	              ->  Bitmap Index Scan on sbtest2_pkey  (cost=0.00..31.43 rows=1100 width=0)
	                    Index Cond: ((id >= 6203514) AND (id <= 6204513))

table 3 : explain SELECT DISTINCT c FROM sbtest3 WHERE id BETWEEN 3379162 AND 3380161 ORDER BY c
	Unique  (cost=3942.64..3947.66 rows=1004 width=121)
	  ->  Sort  (cost=3942.64..3945.15 rows=1004 width=121)
	        Sort Key: c
	        ->  Bitmap Heap Scan on sbtest3  (cost=30.73..3892.58 rows=1004 width=121)
	              Recheck Cond: ((id >= 3379162) AND (id <= 3380161))
	              ->  Bitmap Index Scan on sbtest3_pkey  (cost=0.00..30.47 rows=1004 width=0)
	                    Index Cond: ((id >= 3379162) AND (id <= 3380161))

table 4 : explain SELECT DISTINCT c FROM sbtest4 WHERE id BETWEEN 714008 AND 715007 ORDER BY c
	Unique  (cost=4029.57..4034.71 rows=1027 width=121)
	  ->  Sort  (cost=4029.57..4032.14 rows=1027 width=121)
	        Sort Key: c
	        ->  Bitmap Heap Scan on sbtest4  (cost=30.96..3978.20 rows=1027 width=121)
	              Recheck Cond: ((id >= 714008) AND (id <= 715007))
	              ->  Bitmap Index Scan on sbtest4_pkey  (cost=0.00..30.70 rows=1027 width=0)
	                    Index Cond: ((id >= 714008) AND (id <= 715007))

table 5 : explain SELECT DISTINCT c FROM sbtest5 WHERE id BETWEEN 7271427 AND 7272426 ORDER BY c
	Unique  (cost=4063.12..4068.31 rows=1037 width=121)
	  ->  Sort  (cost=4063.12..4065.72 rows=1037 width=121)
	        Sort Key: c
	        ->  Bitmap Heap Scan on sbtest5  (cost=31.06..4011.18 rows=1037 width=121)
	              Recheck Cond: ((id >= 7271427) AND (id <= 7272426))
	              ->  Bitmap Index Scan on sbtest5_pkey  (cost=0.00..30.80 rows=1037 width=0)
	                    Index Cond: ((id >= 7271427) AND (id <= 7272426))

table 6 : explain SELECT DISTINCT c FROM sbtest6 WHERE id BETWEEN 7637439 AND 7638438 ORDER BY c
	Unique  (cost=3892.56..3897.52 rows=992 width=121)
	  ->  Sort  (cost=3892.56..3895.04 rows=992 width=121)
	        Sort Key: c
	        ->  Bitmap Heap Scan on sbtest6  (cost=30.60..3843.18 rows=992 width=121)
	              Recheck Cond: ((id >= 7637439) AND (id <= 7638438))
	              ->  Bitmap Index Scan on sbtest6_pkey  (cost=0.00..30.36 rows=992 width=0)
	                    Index Cond: ((id >= 7637439) AND (id <= 7638438))

table 7 : explain SELECT DISTINCT c FROM sbtest7 WHERE id BETWEEN 7992779 AND 7993778 ORDER BY c
	Unique  (cost=3989.08..3994.16 rows=1016 width=121)
	  ->  Sort  (cost=3989.08..3991.62 rows=1016 width=121)
	        Sort Key: c
	        ->  Bitmap Heap Scan on sbtest7  (cost=30.85..3938.33 rows=1016 width=121)
	              Recheck Cond: ((id >= 7992779) AND (id <= 7993778))
	              ->  Bitmap Index Scan on sbtest7_pkey  (cost=0.00..30.59 rows=1016 width=0)
	                    Index Cond: ((id >= 7992779) AND (id <= 7993778))

table 8 : explain SELECT DISTINCT c FROM sbtest8 WHERE id BETWEEN 301523 AND 302522 ORDER BY c
	Unique  (cost=3909.51..3914.49 rows=997 width=121)
	  ->  Sort  (cost=3909.51..3912.00 rows=997 width=121)
	        Sort Key: c
	        ->  Bitmap Heap Scan on sbtest8  (cost=30.65..3859.85 rows=997 width=121)
	              Recheck Cond: ((id >= 301523) AND (id <= 302522))
	              ->  Bitmap Index Scan on sbtest8_pkey  (cost=0.00..30.40 rows=997 width=0)
	                    Index Cond: ((id >= 301523) AND (id <= 302522))

for: sum_ranges
table 1 : explain SELECT SUM(k) FROM sbtest1 WHERE id BETWEEN 7523688 AND 7524687
	Aggregate  (cost=3648.37..3648.38 rows=1 width=8)
	  ->  Bitmap Heap Scan on sbtest1  (cost=30.07..3646.02 rows=940 width=4)
	        Recheck Cond: ((id >= 7523688) AND (id <= 7524687))
	        ->  Bitmap Index Scan on sbtest1_pkey  (cost=0.00..29.83 rows=940 width=0)
	              Index Cond: ((id >= 7523688) AND (id <= 7524687))

table 2 : explain SELECT SUM(k) FROM sbtest2 WHERE id BETWEEN 5720708 AND 5721707
	Aggregate  (cost=3647.22..3647.23 rows=1 width=8)
	  ->  Bitmap Heap Scan on sbtest2  (cost=30.07..3644.87 rows=940 width=4)
	        Recheck Cond: ((id >= 5720708) AND (id <= 5721707))
	        ->  Bitmap Index Scan on sbtest2_pkey  (cost=0.00..29.83 rows=940 width=0)
	              Index Cond: ((id >= 5720708) AND (id <= 5721707))

table 3 : explain SELECT SUM(k) FROM sbtest3 WHERE id BETWEEN 4781501 AND 4782500
	Aggregate  (cost=3592.24..3592.25 rows=1 width=8)
	  ->  Bitmap Heap Scan on sbtest3  (cost=29.91..3589.93 rows=924 width=4)
	        Recheck Cond: ((id >= 4781501) AND (id <= 4782500))
	        ->  Bitmap Index Scan on sbtest3_pkey  (cost=0.00..29.68 rows=924 width=0)
	              Index Cond: ((id >= 4781501) AND (id <= 4782500))

table 4 : explain SELECT SUM(k) FROM sbtest4 WHERE id BETWEEN 5081909 AND 5082908
	Aggregate  (cost=4018.52..4018.53 rows=1 width=8)
	  ->  Bitmap Heap Scan on sbtest4  (cost=31.06..4015.93 rows=1037 width=4)
	        Recheck Cond: ((id >= 5081909) AND (id <= 5082908))
	        ->  Bitmap Index Scan on sbtest4_pkey  (cost=0.00..30.80 rows=1037 width=0)
	              Index Cond: ((id >= 5081909) AND (id <= 5082908))

table 5 : explain SELECT SUM(k) FROM sbtest5 WHERE id BETWEEN 8379719 AND 8380718
	Aggregate  (cost=3806.34..3806.35 rows=1 width=8)
	  ->  Bitmap Heap Scan on sbtest5  (cost=30.50..3803.89 rows=982 width=4)
	        Recheck Cond: ((id >= 8379719) AND (id <= 8380718))
	        ->  Bitmap Index Scan on sbtest5_pkey  (cost=0.00..30.25 rows=982 width=0)
	              Index Cond: ((id >= 8379719) AND (id <= 8380718))

table 6 : explain SELECT SUM(k) FROM sbtest6 WHERE id BETWEEN 4386083 AND 4387082
	Aggregate  (cost=3546.74..3546.75 rows=1 width=8)
	  ->  Bitmap Heap Scan on sbtest6  (cost=25.80..3544.46 rows=914 width=4)
	        Recheck Cond: ((id >= 4386083) AND (id <= 4387082))
	        ->  Bitmap Index Scan on sbtest6_pkey  (cost=0.00..25.57 rows=914 width=0)
	              Index Cond: ((id >= 4386083) AND (id <= 4387082))

table 7 : explain SELECT SUM(k) FROM sbtest7 WHERE id BETWEEN 7091833 AND 7092832
	Aggregate  (cost=4024.00..4024.01 rows=1 width=8)
	  ->  Bitmap Heap Scan on sbtest7  (cost=31.07..4021.41 rows=1038 width=4)
	        Recheck Cond: ((id >= 7091833) AND (id <= 7092832))
	        ->  Bitmap Index Scan on sbtest7_pkey  (cost=0.00..30.82 rows=1038 width=0)
	              Index Cond: ((id >= 7091833) AND (id <= 7092832))

table 8 : explain SELECT SUM(k) FROM sbtest8 WHERE id BETWEEN 8105529 AND 8106528
	Aggregate  (cost=3881.20..3881.21 rows=1 width=8)
	  ->  Bitmap Heap Scan on sbtest8  (cost=30.71..3878.69 rows=1002 width=4)
	        Recheck Cond: ((id >= 8105529) AND (id <= 8106528))
	        ->  Bitmap Index Scan on sbtest8_pkey  (cost=0.00..30.45 rows=1002 width=0)
	              Index Cond: ((id >= 8105529) AND (id <= 8106528))

for: sum_ranges
table 1 : explain SELECT SUM(k) FROM sbtest1 WHERE id BETWEEN 7014165 AND 7015164
	Aggregate  (cost=4240.49..4240.50 rows=1 width=8)
	  ->  Bitmap Heap Scan on sbtest1  (cost=31.68..4237.75 rows=1097 width=4)
	        Recheck Cond: ((id >= 7014165) AND (id <= 7015164))
	        ->  Bitmap Index Scan on sbtest1_pkey  (cost=0.00..31.40 rows=1097 width=0)
	              Index Cond: ((id >= 7014165) AND (id <= 7015164))

table 2 : explain SELECT SUM(k) FROM sbtest2 WHERE id BETWEEN 1800312 AND 1801311
	Aggregate  (cost=3851.13..3851.14 rows=1 width=8)
	  ->  Bitmap Heap Scan on sbtest2  (cost=30.62..3848.64 rows=994 width=4)
	        Recheck Cond: ((id >= 1800312) AND (id <= 1801311))
	        ->  Bitmap Index Scan on sbtest2_pkey  (cost=0.00..30.37 rows=994 width=0)
	              Index Cond: ((id >= 1800312) AND (id <= 1801311))

table 3 : explain SELECT SUM(k) FROM sbtest3 WHERE id BETWEEN 7081359 AND 7082358
	Aggregate  (cost=3656.66..3656.67 rows=1 width=8)
	  ->  Bitmap Heap Scan on sbtest3  (cost=30.08..3654.31 rows=941 width=4)
	        Recheck Cond: ((id >= 7081359) AND (id <= 7082358))
	        ->  Bitmap Index Scan on sbtest3_pkey  (cost=0.00..29.84 rows=941 width=0)
	              Index Cond: ((id >= 7081359) AND (id <= 7082358))

table 4 : explain SELECT SUM(k) FROM sbtest4 WHERE id BETWEEN 4123382 AND 4124381
	Aggregate  (cost=4052.49..4052.50 rows=1 width=8)
	  ->  Bitmap Heap Scan on sbtest4  (cost=31.16..4049.88 rows=1046 width=4)
	        Recheck Cond: ((id >= 4123382) AND (id <= 4124381))
	        ->  Bitmap Index Scan on sbtest4_pkey  (cost=0.00..30.89 rows=1046 width=0)
	              Index Cond: ((id >= 4123382) AND (id <= 4124381))

table 5 : explain SELECT SUM(k) FROM sbtest5 WHERE id BETWEEN 3374829 AND 3375828
	Aggregate  (cost=3783.69..3783.70 rows=1 width=8)
	  ->  Bitmap Heap Scan on sbtest5  (cost=30.44..3781.25 rows=976 width=4)
	        Recheck Cond: ((id >= 3374829) AND (id <= 3375828))
	        ->  Bitmap Index Scan on sbtest5_pkey  (cost=0.00..30.19 rows=976 width=0)
	              Index Cond: ((id >= 3374829) AND (id <= 3375828))

table 6 : explain SELECT SUM(k) FROM sbtest6 WHERE id BETWEEN 3194727 AND 3195726
	Aggregate  (cost=4072.00..4072.01 rows=1 width=8)
	  ->  Bitmap Heap Scan on sbtest6  (cost=31.22..4069.37 rows=1052 width=4)
	        Recheck Cond: ((id >= 3194727) AND (id <= 3195726))
	        ->  Bitmap Index Scan on sbtest6_pkey  (cost=0.00..30.95 rows=1052 width=0)
	              Index Cond: ((id >= 3194727) AND (id <= 3195726))

table 7 : explain SELECT SUM(k) FROM sbtest7 WHERE id BETWEEN 3736373 AND 3737372
	Aggregate  (cost=3732.80..3732.81 rows=1 width=8)
	  ->  Bitmap Heap Scan on sbtest7  (cost=30.29..3730.39 rows=961 width=4)
	        Recheck Cond: ((id >= 3736373) AND (id <= 3737372))
	        ->  Bitmap Index Scan on sbtest7_pkey  (cost=0.00..30.04 rows=961 width=0)
	              Index Cond: ((id >= 3736373) AND (id <= 3737372))

table 8 : explain SELECT SUM(k) FROM sbtest8 WHERE id BETWEEN 3481511 AND 3482510
	Aggregate  (cost=3703.80..3703.81 rows=1 width=8)
	  ->  Bitmap Heap Scan on sbtest8  (cost=30.22..3701.41 rows=955 width=4)
	        Recheck Cond: ((id >= 3481511) AND (id <= 3482510))
	        ->  Bitmap Index Scan on sbtest8_pkey  (cost=0.00..29.98 rows=955 width=0)
	              Index Cond: ((id >= 3481511) AND (id <= 3482510))

for: distinct_ranges
table 1 : explain SELECT DISTINCT c FROM sbtest1 WHERE id BETWEEN 3804628 AND 3805627 ORDER BY c
	Unique  (cost=4071.57..4076.76 rows=1039 width=121)
	  ->  Sort  (cost=4071.57..4074.17 rows=1039 width=121)
	        Sort Key: c
	        ->  Bitmap Heap Scan on sbtest1  (cost=31.08..4019.51 rows=1039 width=121)
	              Recheck Cond: ((id >= 3804628) AND (id <= 3805627))
	              ->  Bitmap Index Scan on sbtest1_pkey  (cost=0.00..30.82 rows=1039 width=0)
	                    Index Cond: ((id >= 3804628) AND (id <= 3805627))

table 2 : explain SELECT DISTINCT c FROM sbtest2 WHERE id BETWEEN 9073329 AND 9074328 ORDER BY c
	Unique  (cost=3867.51..3872.44 rows=986 width=121)
	  ->  Sort  (cost=3867.51..3869.97 rows=986 width=121)
	        Sort Key: c
	        ->  Bitmap Heap Scan on sbtest2  (cost=30.54..3818.48 rows=986 width=121)
	              Recheck Cond: ((id >= 9073329) AND (id <= 9074328))
	              ->  Bitmap Index Scan on sbtest2_pkey  (cost=0.00..30.29 rows=986 width=0)
	                    Index Cond: ((id >= 9073329) AND (id <= 9074328))

table 3 : explain SELECT DISTINCT c FROM sbtest3 WHERE id BETWEEN 4162398 AND 4163397 ORDER BY c
	Unique  (cost=4092.12..4097.34 rows=1043 width=121)
	  ->  Sort  (cost=4092.12..4094.73 rows=1043 width=121)
	        Sort Key: c
	        ->  Bitmap Heap Scan on sbtest3  (cost=31.13..4039.84 rows=1043 width=121)
	              Recheck Cond: ((id >= 4162398) AND (id <= 4163397))
	              ->  Bitmap Index Scan on sbtest3_pkey  (cost=0.00..30.86 rows=1043 width=0)
	                    Index Cond: ((id >= 4162398) AND (id <= 4163397))

table 4 : explain SELECT DISTINCT c FROM sbtest4 WHERE id BETWEEN 5943986 AND 5944985 ORDER BY c
	Unique  (cost=3745.78..3750.54 rows=953 width=121)
	  ->  Sort  (cost=3745.78..3748.16 rows=953 width=121)
	        Sort Key: c
	        ->  Bitmap Heap Scan on sbtest4  (cost=30.20..3698.62 rows=953 width=121)
	              Recheck Cond: ((id >= 5943986) AND (id <= 5944985))
	              ->  Bitmap Index Scan on sbtest4_pkey  (cost=0.00..29.96 rows=953 width=0)
	                    Index Cond: ((id >= 5943986) AND (id <= 5944985))

table 5 : explain SELECT DISTINCT c FROM sbtest5 WHERE id BETWEEN 8254631 AND 8255630 ORDER BY c
	Unique  (cost=4059.30..4064.48 rows=1036 width=121)
	  ->  Sort  (cost=4059.30..4061.89 rows=1036 width=121)
	        Sort Key: c
	        ->  Bitmap Heap Scan on sbtest5  (cost=31.05..4007.42 rows=1036 width=121)
	              Recheck Cond: ((id >= 8254631) AND (id <= 8255630))
	              ->  Bitmap Index Scan on sbtest5_pkey  (cost=0.00..30.79 rows=1036 width=0)
	                    Index Cond: ((id >= 8254631) AND (id <= 8255630))

table 6 : explain SELECT DISTINCT c FROM sbtest6 WHERE id BETWEEN 2609333 AND 2610332 ORDER BY c
	Unique  (cost=3808.25..3813.10 rows=970 width=121)
	  ->  Sort  (cost=3808.25..3810.68 rows=970 width=121)
	        Sort Key: c
	        ->  Bitmap Heap Scan on sbtest6  (cost=30.38..3760.13 rows=970 width=121)
	              Recheck Cond: ((id >= 2609333) AND (id <= 2610332))
	              ->  Bitmap Index Scan on sbtest6_pkey  (cost=0.00..30.14 rows=970 width=0)
	                    Index Cond: ((id >= 2609333) AND (id <= 2610332))

table 7 : explain SELECT DISTINCT c FROM sbtest7 WHERE id BETWEEN 3721426 AND 3722425 ORDER BY c
	Unique  (cost=3778.00..3782.81 rows=961 width=121)
	  ->  Sort  (cost=3778.00..3780.41 rows=961 width=121)
	        Sort Key: c
	        ->  Bitmap Heap Scan on sbtest7  (cost=30.29..3730.39 rows=961 width=121)
	              Recheck Cond: ((id >= 3721426) AND (id <= 3722425))
	              ->  Bitmap Index Scan on sbtest7_pkey  (cost=0.00..30.04 rows=961 width=0)
	                    Index Cond: ((id >= 3721426) AND (id <= 3722425))

table 8 : explain SELECT DISTINCT c FROM sbtest8 WHERE id BETWEEN 929028 AND 930027 ORDER BY c
	Unique  (cost=4054.83..4060.00 rows=1035 width=121)
	  ->  Sort  (cost=4054.83..4057.42 rows=1035 width=121)
	        Sort Key: c
	        ->  Bitmap Heap Scan on sbtest8  (cost=31.04..4003.00 rows=1035 width=121)
	              Recheck Cond: ((id >= 929028) AND (id <= 930027))
	              ->  Bitmap Index Scan on sbtest8_pkey  (cost=0.00..30.79 rows=1035 width=0)
	                    Index Cond: ((id >= 929028) AND (id <= 930027))

for: sum_ranges
table 1 : explain SELECT SUM(k) FROM sbtest1 WHERE id BETWEEN 3946489 AND 3947488
	Aggregate  (cost=3549.79..3549.80 rows=1 width=8)
	  ->  Bitmap Heap Scan on sbtest1  (cost=25.81..3547.50 rows=915 width=4)
	        Recheck Cond: ((id >= 3946489) AND (id <= 3947488))
	        ->  Bitmap Index Scan on sbtest1_pkey  (cost=0.00..25.58 rows=915 width=0)
	              Index Cond: ((id >= 3946489) AND (id <= 3947488))

table 2 : explain SELECT SUM(k) FROM sbtest2 WHERE id BETWEEN 389927 AND 390926
	Aggregate  (cost=3956.71..3956.72 rows=1 width=8)
	  ->  Bitmap Heap Scan on sbtest2  (cost=30.91..3954.16 rows=1022 width=4)
	        Recheck Cond: ((id >= 389927) AND (id <= 390926))
	        ->  Bitmap Index Scan on sbtest2_pkey  (cost=0.00..30.65 rows=1022 width=0)
	              Index Cond: ((id >= 389927) AND (id <= 390926))

table 3 : explain SELECT SUM(k) FROM sbtest3 WHERE id BETWEEN 5996913 AND 5997912
	Aggregate  (cost=3982.01..3982.02 rows=1 width=8)
	  ->  Bitmap Heap Scan on sbtest3  (cost=30.96..3979.45 rows=1027 width=4)
	        Recheck Cond: ((id >= 5996913) AND (id <= 5997912))
	        ->  Bitmap Index Scan on sbtest3_pkey  (cost=0.00..30.70 rows=1027 width=0)
	              Index Cond: ((id >= 5996913) AND (id <= 5997912))

table 4 : explain SELECT SUM(k) FROM sbtest4 WHERE id BETWEEN 1823989 AND 1824988
	Aggregate  (cost=3731.28..3731.29 rows=1 width=8)
	  ->  Bitmap Heap Scan on sbtest4  (cost=30.29..3728.88 rows=961 width=4)
	        Recheck Cond: ((id >= 1823989) AND (id <= 1824988))
	        ->  Bitmap Index Scan on sbtest4_pkey  (cost=0.00..30.04 rows=961 width=0)
	              Index Cond: ((id >= 1823989) AND (id <= 1824988))

table 5 : explain SELECT SUM(k) FROM sbtest5 WHERE id BETWEEN 9907373 AND 9908372
	Aggregate  (cost=3855.41..3855.42 rows=1 width=8)
	  ->  Bitmap Heap Scan on sbtest5  (cost=30.63..3852.92 rows=995 width=4)
	        Recheck Cond: ((id >= 9907373) AND (id <= 9908372))
	        ->  Bitmap Index Scan on sbtest5_pkey  (cost=0.00..30.39 rows=995 width=0)
	              Index Cond: ((id >= 9907373) AND (id <= 9908372))

table 6 : explain SELECT SUM(k) FROM sbtest6 WHERE id BETWEEN 9840794 AND 9841793
	Aggregate  (cost=4143.58..4143.59 rows=1 width=8)
	  ->  Bitmap Heap Scan on sbtest6  (cost=31.41..4140.90 rows=1071 width=4)
	        Recheck Cond: ((id >= 9840794) AND (id <= 9841793))
	        ->  Bitmap Index Scan on sbtest6_pkey  (cost=0.00..31.14 rows=1071 width=0)
	              Index Cond: ((id >= 9840794) AND (id <= 9841793))

table 7 : explain SELECT SUM(k) FROM sbtest7 WHERE id BETWEEN 1340156 AND 1341155
	Aggregate  (cost=3774.44..3774.45 rows=1 width=8)
	  ->  Bitmap Heap Scan on sbtest7  (cost=30.40..3772.01 rows=972 width=4)
	        Recheck Cond: ((id >= 1340156) AND (id <= 1341155))
	        ->  Bitmap Index Scan on sbtest7_pkey  (cost=0.00..30.15 rows=972 width=0)
	              Index Cond: ((id >= 1340156) AND (id <= 1341155))

table 8 : explain SELECT SUM(k) FROM sbtest8 WHERE id BETWEEN 1874821 AND 1875820
	Aggregate  (cost=3423.68..3423.69 rows=1 width=8)
	  ->  Bitmap Heap Scan on sbtest8  (cost=25.48..3421.48 rows=882 width=4)
	        Recheck Cond: ((id >= 1874821) AND (id <= 1875820))
	        ->  Bitmap Index Scan on sbtest8_pkey  (cost=0.00..25.25 rows=882 width=0)
	              Index Cond: ((id >= 1874821) AND (id <= 1875820))

for: order_ranges
table 1 : explain SELECT c FROM sbtest1 WHERE id BETWEEN 6673129 AND 6674128 ORDER BY c
	Sort  (cost=4205.32..4208.01 rows=1074 width=121)
	  Sort Key: c
	  ->  Bitmap Heap Scan on sbtest1  (cost=31.44..4151.26 rows=1074 width=121)
	        Recheck Cond: ((id >= 6673129) AND (id <= 6674128))
	        ->  Bitmap Index Scan on sbtest1_pkey  (cost=0.00..31.18 rows=1074 width=0)
	              Index Cond: ((id >= 6673129) AND (id <= 6674128))

table 2 : explain SELECT c FROM sbtest2 WHERE id BETWEEN 3766742 AND 3767741 ORDER BY c
	Sort  (cost=3587.57..3589.85 rows=914 width=121)
	  Sort Key: c
	  ->  Bitmap Heap Scan on sbtest2  (cost=25.80..3542.62 rows=914 width=121)
	        Recheck Cond: ((id >= 3766742) AND (id <= 3767741))
	        ->  Bitmap Index Scan on sbtest2_pkey  (cost=0.00..25.57 rows=914 width=0)
	              Index Cond: ((id >= 3766742) AND (id <= 3767741))

table 3 : explain SELECT c FROM sbtest3 WHERE id BETWEEN 8037402 AND 8038401 ORDER BY c
	Sort  (cost=4000.15..4002.70 rows=1019 width=121)
	  Sort Key: c
	  ->  Bitmap Heap Scan on sbtest3  (cost=30.88..3949.24 rows=1019 width=121)
	        Recheck Cond: ((id >= 8037402) AND (id <= 8038401))
	        ->  Bitmap Index Scan on sbtest3_pkey  (cost=0.00..30.62 rows=1019 width=0)
	              Index Cond: ((id >= 8037402) AND (id <= 8038401))

table 4 : explain SELECT c FROM sbtest4 WHERE id BETWEEN 6199089 AND 6200088 ORDER BY c
	Sort  (cost=3784.17..3786.57 rows=963 width=121)
	  Sort Key: c
	  ->  Bitmap Heap Scan on sbtest4  (cost=30.31..3736.44 rows=963 width=121)
	        Recheck Cond: ((id >= 6199089) AND (id <= 6200088))
	        ->  Bitmap Index Scan on sbtest4_pkey  (cost=0.00..30.07 rows=963 width=0)
	              Index Cond: ((id >= 6199089) AND (id <= 6200088))

table 5 : explain SELECT c FROM sbtest5 WHERE id BETWEEN 2207902 AND 2208901 ORDER BY c
	Sort  (cost=3580.34..3582.62 rows=912 width=121)
	  Sort Key: c
	  ->  Bitmap Heap Scan on sbtest5  (cost=25.78..3535.50 rows=912 width=121)
	        Recheck Cond: ((id >= 2207902) AND (id <= 2208901))
	        ->  Bitmap Index Scan on sbtest5_pkey  (cost=0.00..25.55 rows=912 width=0)
	              Index Cond: ((id >= 2207902) AND (id <= 2208901))

table 6 : explain SELECT c FROM sbtest6 WHERE id BETWEEN 560041 AND 561040 ORDER BY c
	Sort  (cost=3965.31..3967.84 rows=1011 width=121)
	  Sort Key: c
	  ->  Bitmap Heap Scan on sbtest6  (cost=30.80..3914.86 rows=1011 width=121)
	        Recheck Cond: ((id >= 560041) AND (id <= 561040))
	        ->  Bitmap Index Scan on sbtest6_pkey  (cost=0.00..30.54 rows=1011 width=0)
	              Index Cond: ((id >= 560041) AND (id <= 561040))

table 7 : explain SELECT c FROM sbtest7 WHERE id BETWEEN 4358548 AND 4359547 ORDER BY c
	Sort  (cost=3628.12..3630.42 rows=922 width=121)
	  Sort Key: c
	  ->  Bitmap Heap Scan on sbtest7  (cost=29.89..3582.72 rows=922 width=121)
	        Recheck Cond: ((id >= 4358548) AND (id <= 4359547))
	        ->  Bitmap Index Scan on sbtest7_pkey  (cost=0.00..29.65 rows=922 width=0)
	              Index Cond: ((id >= 4358548) AND (id <= 4359547))

table 8 : explain SELECT c FROM sbtest8 WHERE id BETWEEN 854829 AND 855828 ORDER BY c
	Sort  (cost=3687.36..3689.70 rows=939 width=121)
	  Sort Key: c
	  ->  Bitmap Heap Scan on sbtest8  (cost=30.06..3640.99 rows=939 width=121)
	        Recheck Cond: ((id >= 854829) AND (id <= 855828))
	        ->  Bitmap Index Scan on sbtest8_pkey  (cost=0.00..29.82 rows=939 width=0)
	              Index Cond: ((id >= 854829) AND (id <= 855828))

for: sum_ranges
table 1 : explain SELECT SUM(k) FROM sbtest1 WHERE id BETWEEN 6670919 AND 6671918
	Aggregate  (cost=4153.94..4153.95 rows=1 width=8)
	  ->  Bitmap Heap Scan on sbtest1  (cost=31.44..4151.26 rows=1074 width=4)
	        Recheck Cond: ((id >= 6670919) AND (id <= 6671918))
	        ->  Bitmap Index Scan on sbtest1_pkey  (cost=0.00..31.18 rows=1074 width=0)
	              Index Cond: ((id >= 6670919) AND (id <= 6671918))

table 2 : explain SELECT SUM(k) FROM sbtest2 WHERE id BETWEEN 2174434 AND 2175433
	Aggregate  (cost=4148.77..4148.78 rows=1 width=8)
	  ->  Bitmap Heap Scan on sbtest2  (cost=31.43..4146.09 rows=1073 width=4)
	        Recheck Cond: ((id >= 2174434) AND (id <= 2175433))
	        ->  Bitmap Index Scan on sbtest2_pkey  (cost=0.00..31.16 rows=1073 width=0)
	              Index Cond: ((id >= 2174434) AND (id <= 2175433))

table 3 : explain SELECT SUM(k) FROM sbtest3 WHERE id BETWEEN 601546 AND 602545
	Aggregate  (cost=4034.89..4034.90 rows=1 width=8)
	  ->  Bitmap Heap Scan on sbtest3  (cost=31.11..4032.29 rows=1041 width=4)
	        Recheck Cond: ((id >= 601546) AND (id <= 602545))
	        ->  Bitmap Index Scan on sbtest3_pkey  (cost=0.00..30.84 rows=1041 width=0)
	              Index Cond: ((id >= 601546) AND (id <= 602545))

table 4 : explain SELECT SUM(k) FROM sbtest4 WHERE id BETWEEN 8313418 AND 8314417
	Aggregate  (cost=3776.68..3776.69 rows=1 width=8)
	  ->  Bitmap Heap Scan on sbtest4  (cost=30.41..3774.25 rows=973 width=4)
	        Recheck Cond: ((id >= 8313418) AND (id <= 8314417))
	        ->  Bitmap Index Scan on sbtest4_pkey  (cost=0.00..30.16 rows=973 width=0)
	              Index Cond: ((id >= 8313418) AND (id <= 8314417))

table 5 : explain SELECT SUM(k) FROM sbtest5 WHERE id BETWEEN 8738087 AND 8739086
	Aggregate  (cost=3821.44..3821.45 rows=1 width=8)
	  ->  Bitmap Heap Scan on sbtest5  (cost=30.54..3818.98 rows=986 width=4)
	        Recheck Cond: ((id >= 8738087) AND (id <= 8739086))
	        ->  Bitmap Index Scan on sbtest5_pkey  (cost=0.00..30.29 rows=986 width=0)
	              Index Cond: ((id >= 8738087) AND (id <= 8739086))

table 6 : explain SELECT SUM(k) FROM sbtest6 WHERE id BETWEEN 7039268 AND 7040267
	Aggregate  (cost=4173.70..4173.71 rows=1 width=8)
	  ->  Bitmap Heap Scan on sbtest6  (cost=31.49..4171.01 rows=1079 width=4)
	        Recheck Cond: ((id >= 7039268) AND (id <= 7040267))
	        ->  Bitmap Index Scan on sbtest6_pkey  (cost=0.00..31.22 rows=1079 width=0)
	              Index Cond: ((id >= 7039268) AND (id <= 7040267))

table 7 : explain SELECT SUM(k) FROM sbtest7 WHERE id BETWEEN 8960494 AND 8961493
	Aggregate  (cost=4269.49..4269.50 rows=1 width=8)
	  ->  Bitmap Heap Scan on sbtest7  (cost=35.73..4266.74 rows=1102 width=4)
	        Recheck Cond: ((id >= 8960494) AND (id <= 8961493))
	        ->  Bitmap Index Scan on sbtest7_pkey  (cost=0.00..35.45 rows=1102 width=0)
	              Index Cond: ((id >= 8960494) AND (id <= 8961493))

table 8 : explain SELECT SUM(k) FROM sbtest8 WHERE id BETWEEN 8132992 AND 8133991
	Aggregate  (cost=3613.10..3613.11 rows=1 width=8)
	  ->  Bitmap Heap Scan on sbtest8  (cost=29.98..3610.77 rows=931 width=4)
	        Recheck Cond: ((id >= 8132992) AND (id <= 8133991))
	        ->  Bitmap Index Scan on sbtest8_pkey  (cost=0.00..29.75 rows=931 width=0)
	              Index Cond: ((id >= 8132992) AND (id <= 8133991))

for: sum_ranges
table 1 : explain SELECT SUM(k) FROM sbtest1 WHERE id BETWEEN 1456220 AND 1457219
	Aggregate  (cost=4074.86..4074.87 rows=1 width=8)
	  ->  Bitmap Heap Scan on sbtest1  (cost=31.23..4072.23 rows=1053 width=4)
	        Recheck Cond: ((id >= 1456220) AND (id <= 1457219))
	        ->  Bitmap Index Scan on sbtest1_pkey  (cost=0.00..30.96 rows=1053 width=0)
	              Index Cond: ((id >= 1456220) AND (id <= 1457219))

table 2 : explain SELECT SUM(k) FROM sbtest2 WHERE id BETWEEN 599492 AND 600491
	Aggregate  (cost=3771.87..3771.88 rows=1 width=8)
	  ->  Bitmap Heap Scan on sbtest2  (cost=30.41..3769.44 rows=973 width=4)
	        Recheck Cond: ((id >= 599492) AND (id <= 600491))
	        ->  Bitmap Index Scan on sbtest2_pkey  (cost=0.00..30.16 rows=973 width=0)
	              Index Cond: ((id >= 599492) AND (id <= 600491))

table 3 : explain SELECT SUM(k) FROM sbtest3 WHERE id BETWEEN 205629 AND 206628
	Aggregate  (cost=3785.40..3785.41 rows=1 width=8)
	  ->  Bitmap Heap Scan on sbtest3  (cost=30.43..3782.96 rows=975 width=4)
	        Recheck Cond: ((id >= 205629) AND (id <= 206628))
	        ->  Bitmap Index Scan on sbtest3_pkey  (cost=0.00..30.18 rows=975 width=0)
	              Index Cond: ((id >= 205629) AND (id <= 206628))

table 4 : explain SELECT SUM(k) FROM sbtest4 WHERE id BETWEEN 3966115 AND 3967114
	Aggregate  (cost=3988.32..3988.33 rows=1 width=8)
	  ->  Bitmap Heap Scan on sbtest4  (cost=30.98..3985.75 rows=1029 width=4)
	        Recheck Cond: ((id >= 3966115) AND (id <= 3967114))
	        ->  Bitmap Index Scan on sbtest4_pkey  (cost=0.00..30.72 rows=1029 width=0)
	              Index Cond: ((id >= 3966115) AND (id <= 3967114))

table 5 : explain SELECT SUM(k) FROM sbtest5 WHERE id BETWEEN 3955224 AND 3956223
	Aggregate  (cost=4074.04..4074.05 rows=1 width=8)
	  ->  Bitmap Heap Scan on sbtest5  (cost=31.23..4071.41 rows=1053 width=4)
	        Recheck Cond: ((id >= 3955224) AND (id <= 3956223))
	        ->  Bitmap Index Scan on sbtest5_pkey  (cost=0.00..30.96 rows=1053 width=0)
	              Index Cond: ((id >= 3955224) AND (id <= 3956223))

table 6 : explain SELECT SUM(k) FROM sbtest6 WHERE id BETWEEN 9379994 AND 9380993
	Aggregate  (cost=3932.48..3932.49 rows=1 width=8)
	  ->  Bitmap Heap Scan on sbtest6  (cost=30.84..3929.94 rows=1015 width=4)
	        Recheck Cond: ((id >= 9379994) AND (id <= 9380993))
	        ->  Bitmap Index Scan on sbtest6_pkey  (cost=0.00..30.58 rows=1015 width=0)
	              Index Cond: ((id >= 9379994) AND (id <= 9380993))

table 7 : explain SELECT SUM(k) FROM sbtest7 WHERE id BETWEEN 7308780 AND 7309779
	Aggregate  (cost=4016.45..4016.46 rows=1 width=8)
	  ->  Bitmap Heap Scan on sbtest7  (cost=31.05..4013.86 rows=1036 width=4)
	        Recheck Cond: ((id >= 7308780) AND (id <= 7309779))
	        ->  Bitmap Index Scan on sbtest7_pkey  (cost=0.00..30.79 rows=1036 width=0)
	              Index Cond: ((id >= 7308780) AND (id <= 7309779))

table 8 : explain SELECT SUM(k) FROM sbtest8 WHERE id BETWEEN 7595839 AND 7596838
	Aggregate  (cost=3786.87..3786.88 rows=1 width=8)
	  ->  Bitmap Heap Scan on sbtest8  (cost=30.45..3784.43 rows=977 width=4)
	        Recheck Cond: ((id >= 7595839) AND (id <= 7596838))
	        ->  Bitmap Index Scan on sbtest8_pkey  (cost=0.00..30.20 rows=977 width=0)
	              Index Cond: ((id >= 7595839) AND (id <= 7596838))

for: order_ranges
table 1 : explain SELECT c FROM sbtest1 WHERE id BETWEEN 1734884 AND 1735883 ORDER BY c
	Sort  (cost=3696.27..3698.63 rows=941 width=121)
	  Sort Key: c
	  ->  Bitmap Heap Scan on sbtest1  (cost=30.08..3649.80 rows=941 width=121)
	        Recheck Cond: ((id >= 1734884) AND (id <= 1735883))
	        ->  Bitmap Index Scan on sbtest1_pkey  (cost=0.00..29.84 rows=941 width=0)
	              Index Cond: ((id >= 1734884) AND (id <= 1735883))

table 2 : explain SELECT c FROM sbtest2 WHERE id BETWEEN 5743889 AND 5744888 ORDER BY c
	Sort  (cost=3787.09..3789.50 rows=965 width=121)
	  Sort Key: c
	  ->  Bitmap Heap Scan on sbtest2  (cost=30.33..3739.26 rows=965 width=121)
	        Recheck Cond: ((id >= 5743889) AND (id <= 5744888))
	        ->  Bitmap Index Scan on sbtest2_pkey  (cost=0.00..30.08 rows=965 width=0)
	              Index Cond: ((id >= 5743889) AND (id <= 5744888))

table 3 : explain SELECT c FROM sbtest3 WHERE id BETWEEN 9574143 AND 9575142 ORDER BY c
	Sort  (cost=3961.81..3964.33 rows=1009 width=121)
	  Sort Key: c
	  ->  Bitmap Heap Scan on sbtest3  (cost=30.78..3911.47 rows=1009 width=121)
	        Recheck Cond: ((id >= 9574143) AND (id <= 9575142))
	        ->  Bitmap Index Scan on sbtest3_pkey  (cost=0.00..30.52 rows=1009 width=0)
	              Index Cond: ((id >= 9574143) AND (id <= 9575142))

table 4 : explain SELECT c FROM sbtest4 WHERE id BETWEEN 2377812 AND 2378811 ORDER BY c
	Sort  (cost=3880.09..3882.56 rows=988 width=121)
	  Sort Key: c
	  ->  Bitmap Heap Scan on sbtest4  (cost=30.56..3830.94 rows=988 width=121)
	        Recheck Cond: ((id >= 2377812) AND (id <= 2378811))
	        ->  Bitmap Index Scan on sbtest4_pkey  (cost=0.00..30.32 rows=988 width=0)
	              Index Cond: ((id >= 2377812) AND (id <= 2378811))

table 5 : explain SELECT c FROM sbtest5 WHERE id BETWEEN 5679305 AND 5680304 ORDER BY c
	Sort  (cost=4021.07..4023.63 rows=1026 width=121)
	  Sort Key: c
	  ->  Bitmap Heap Scan on sbtest5  (cost=30.95..3969.75 rows=1026 width=121)
	        Recheck Cond: ((id >= 5679305) AND (id <= 5680304))
	        ->  Bitmap Index Scan on sbtest5_pkey  (cost=0.00..30.69 rows=1026 width=0)
	              Index Cond: ((id >= 5679305) AND (id <= 5680304))

table 6 : explain SELECT c FROM sbtest6 WHERE id BETWEEN 1310629 AND 1311628 ORDER BY c
	Sort  (cost=3700.88..3703.23 rows=942 width=121)
	  Sort Key: c
	  ->  Bitmap Heap Scan on sbtest6  (cost=30.09..3654.35 rows=942 width=121)
	        Recheck Cond: ((id >= 1310629) AND (id <= 1311628))
	        ->  Bitmap Index Scan on sbtest6_pkey  (cost=0.00..29.86 rows=942 width=0)
	              Index Cond: ((id >= 1310629) AND (id <= 1311628))

table 7 : explain SELECT c FROM sbtest7 WHERE id BETWEEN 7525784 AND 7526783 ORDER BY c
	Sort  (cost=4138.53..4141.17 rows=1055 width=121)
	  Sort Key: c
	  ->  Bitmap Heap Scan on sbtest7  (cost=31.25..4085.56 rows=1055 width=121)
	        Recheck Cond: ((id >= 7525784) AND (id <= 7526783))
	        ->  Bitmap Index Scan on sbtest7_pkey  (cost=0.00..30.98 rows=1055 width=0)
	              Index Cond: ((id >= 7525784) AND (id <= 7526783))

table 8 : explain SELECT c FROM sbtest8 WHERE id BETWEEN 1739443 AND 1740442 ORDER BY c
	Sort  (cost=4222.88..4225.58 rows=1079 width=121)
	  Sort Key: c
	  ->  Bitmap Heap Scan on sbtest8  (cost=31.49..4168.53 rows=1079 width=121)
	        Recheck Cond: ((id >= 1739443) AND (id <= 1740442))
	        ->  Bitmap Index Scan on sbtest8_pkey  (cost=0.00..31.22 rows=1079 width=0)
	              Index Cond: ((id >= 1739443) AND (id <= 1740442))

for: order_ranges
table 1 : explain SELECT c FROM sbtest1 WHERE id BETWEEN 2218256 AND 2219255 ORDER BY c
	Sort  (cost=3473.45..3475.66 rows=884 width=121)
	  Sort Key: c
	  ->  Bitmap Heap Scan on sbtest1  (cost=25.50..3430.19 rows=884 width=121)
	        Recheck Cond: ((id >= 2218256) AND (id <= 2219255))
	        ->  Bitmap Index Scan on sbtest1_pkey  (cost=0.00..25.27 rows=884 width=0)
	              Index Cond: ((id >= 2218256) AND (id <= 2219255))

table 2 : explain SELECT c FROM sbtest2 WHERE id BETWEEN 587968 AND 588967 ORDER BY c
	Sort  (cost=3898.13..3900.62 rows=994 width=121)
	  Sort Key: c
	  ->  Bitmap Heap Scan on sbtest2  (cost=30.62..3848.64 rows=994 width=121)
	        Recheck Cond: ((id >= 587968) AND (id <= 588967))
	        ->  Bitmap Index Scan on sbtest2_pkey  (cost=0.00..30.37 rows=994 width=0)
	              Index Cond: ((id >= 587968) AND (id <= 588967))

table 3 : explain SELECT c FROM sbtest3 WHERE id BETWEEN 1693681 AND 1694680 ORDER BY c
	Sort  (cost=3846.72..3849.17 rows=979 width=121)
	  Sort Key: c
	  ->  Bitmap Heap Scan on sbtest3  (cost=30.47..3798.09 rows=979 width=121)
	        Recheck Cond: ((id >= 1693681) AND (id <= 1694680))
	        ->  Bitmap Index Scan on sbtest3_pkey  (cost=0.00..30.22 rows=979 width=0)
	              Index Cond: ((id >= 1693681) AND (id <= 1694680))

table 4 : explain SELECT c FROM sbtest4 WHERE id BETWEEN 8927326 AND 8928325 ORDER BY c
	Sort  (cost=3753.45..3755.84 rows=955 width=121)
	  Sort Key: c
	  ->  Bitmap Heap Scan on sbtest4  (cost=30.22..3706.19 rows=955 width=121)
	        Recheck Cond: ((id >= 8927326) AND (id <= 8928325))
	        ->  Bitmap Index Scan on sbtest4_pkey  (cost=0.00..29.98 rows=955 width=0)
	              Index Cond: ((id >= 8927326) AND (id <= 8928325))

table 5 : explain SELECT c FROM sbtest5 WHERE id BETWEEN 4204959 AND 4205958 ORDER BY c
	Sort  (cost=3963.69..3966.22 rows=1011 width=121)
	  Sort Key: c
	  ->  Bitmap Heap Scan on sbtest5  (cost=30.80..3913.24 rows=1011 width=121)
	        Recheck Cond: ((id >= 4204959) AND (id <= 4205958))
	        ->  Bitmap Index Scan on sbtest5_pkey  (cost=0.00..30.54 rows=1011 width=0)
	              Index Cond: ((id >= 4204959) AND (id <= 4205958))

table 6 : explain SELECT c FROM sbtest6 WHERE id BETWEEN 6850168 AND 6851167 ORDER BY c
	Sort  (cost=3527.95..3530.19 rows=898 width=121)
	  Sort Key: c
	  ->  Bitmap Heap Scan on sbtest6  (cost=25.64..3483.90 rows=898 width=121)
	        Recheck Cond: ((id >= 6850168) AND (id <= 6851167))
	        ->  Bitmap Index Scan on sbtest6_pkey  (cost=0.00..25.41 rows=898 width=0)
	              Index Cond: ((id >= 6850168) AND (id <= 6851167))

table 7 : explain SELECT c FROM sbtest7 WHERE id BETWEEN 6457933 AND 6458932 ORDER BY c
	Sort  (cost=3639.65..3641.97 rows=925 width=121)
	  Sort Key: c
	  ->  Bitmap Heap Scan on sbtest7  (cost=29.92..3594.08 rows=925 width=121)
	        Recheck Cond: ((id >= 6457933) AND (id <= 6458932))
	        ->  Bitmap Index Scan on sbtest7_pkey  (cost=0.00..29.68 rows=925 width=0)
	              Index Cond: ((id >= 6457933) AND (id <= 6458932))

table 8 : explain SELECT c FROM sbtest8 WHERE id BETWEEN 9316691 AND 9317690 ORDER BY c
	Sort  (cost=3575.96..3578.24 rows=911 width=121)
	  Sort Key: c
	  ->  Bitmap Heap Scan on sbtest8  (cost=25.77..3531.18 rows=911 width=121)
	        Recheck Cond: ((id >= 9316691) AND (id <= 9317690))
	        ->  Bitmap Index Scan on sbtest8_pkey  (cost=0.00..25.54 rows=911 width=0)
	              Index Cond: ((id >= 9316691) AND (id <= 9317690))

for: distinct_ranges
table 1 : explain SELECT DISTINCT c FROM sbtest1 WHERE id BETWEEN 6974188 AND 6975187 ORDER BY c
	Unique  (cost=4109.80..4115.04 rows=1049 width=121)
	  ->  Sort  (cost=4109.80..4112.42 rows=1049 width=121)
	        Sort Key: c
	        ->  Bitmap Heap Scan on sbtest1  (cost=31.19..4057.17 rows=1049 width=121)
	              Recheck Cond: ((id >= 6974188) AND (id <= 6975187))
	              ->  Bitmap Index Scan on sbtest1_pkey  (cost=0.00..30.93 rows=1049 width=0)
	                    Index Cond: ((id >= 6974188) AND (id <= 6975187))

table 2 : explain SELECT DISTINCT c FROM sbtest2 WHERE id BETWEEN 6605990 AND 6606989 ORDER BY c
	Unique  (cost=4165.74..4171.06 rows=1064 width=121)
	  ->  Sort  (cost=4165.74..4168.40 rows=1064 width=121)
	        Sort Key: c
	        ->  Bitmap Heap Scan on sbtest2  (cost=31.34..4112.24 rows=1064 width=121)
	              Recheck Cond: ((id >= 6605990) AND (id <= 6606989))
	              ->  Bitmap Index Scan on sbtest2_pkey  (cost=0.00..31.07 rows=1064 width=0)
	                    Index Cond: ((id >= 6605990) AND (id <= 6606989))

table 3 : explain SELECT DISTINCT c FROM sbtest3 WHERE id BETWEEN 9090424 AND 9091423 ORDER BY c
	Unique  (cost=3493.10..3497.54 rows=887 width=121)
	  ->  Sort  (cost=3493.10..3495.32 rows=887 width=121)
	        Sort Key: c
	        ->  Bitmap Heap Scan on sbtest3  (cost=29.53..3449.67 rows=887 width=121)
	              Recheck Cond: ((id >= 9090424) AND (id <= 9091423))
	              ->  Bitmap Index Scan on sbtest3_pkey  (cost=0.00..29.30 rows=887 width=0)
	                    Index Cond: ((id >= 9090424) AND (id <= 9091423))

table 4 : explain SELECT DISTINCT c FROM sbtest4 WHERE id BETWEEN 6136760 AND 6137759 ORDER BY c
	Unique  (cost=3784.17..3788.98 rows=963 width=121)
	  ->  Sort  (cost=3784.17..3786.57 rows=963 width=121)
	        Sort Key: c
	        ->  Bitmap Heap Scan on sbtest4  (cost=30.31..3736.44 rows=963 width=121)
	              Recheck Cond: ((id >= 6136760) AND (id <= 6137759))
	              ->  Bitmap Index Scan on sbtest4_pkey  (cost=0.00..30.07 rows=963 width=0)
	                    Index Cond: ((id >= 6136760) AND (id <= 6137759))

table 5 : explain SELECT DISTINCT c FROM sbtest5 WHERE id BETWEEN 1749350 AND 1750349 ORDER BY c
	Unique  (cost=3576.50..3581.05 rows=911 width=121)
	  ->  Sort  (cost=3576.50..3578.78 rows=911 width=121)
	        Sort Key: c
	        ->  Bitmap Heap Scan on sbtest5  (cost=25.77..3531.72 rows=911 width=121)
	              Recheck Cond: ((id >= 1749350) AND (id <= 1750349))
	              ->  Bitmap Index Scan on sbtest5_pkey  (cost=0.00..25.54 rows=911 width=0)
	                    Index Cond: ((id >= 1749350) AND (id <= 1750349))

table 6 : explain SELECT DISTINCT c FROM sbtest6 WHERE id BETWEEN 4543091 AND 4544090 ORDER BY c
	Unique  (cost=3900.22..3905.19 rows=994 width=121)
	  ->  Sort  (cost=3900.22..3902.70 rows=994 width=121)
	        Sort Key: c
	        ->  Bitmap Heap Scan on sbtest6  (cost=30.62..3850.73 rows=994 width=121)
	              Recheck Cond: ((id >= 4543091) AND (id <= 4544090))
	              ->  Bitmap Index Scan on sbtest6_pkey  (cost=0.00..30.37 rows=994 width=0)
	                    Index Cond: ((id >= 4543091) AND (id <= 4544090))

table 7 : explain SELECT DISTINCT c FROM sbtest7 WHERE id BETWEEN 7287844 AND 7288843 ORDER BY c
	Unique  (cost=4065.74..4070.92 rows=1036 width=121)
	  ->  Sort  (cost=4065.74..4068.33 rows=1036 width=121)
	        Sort Key: c
	        ->  Bitmap Heap Scan on sbtest7  (cost=31.05..4013.86 rows=1036 width=121)
	              Recheck Cond: ((id >= 7287844) AND (id <= 7288843))
	              ->  Bitmap Index Scan on sbtest7_pkey  (cost=0.00..30.79 rows=1036 width=0)
	                    Index Cond: ((id >= 7287844) AND (id <= 7288843))

table 8 : explain SELECT DISTINCT c FROM sbtest8 WHERE id BETWEEN 6351156 AND 6352155 ORDER BY c
	Unique  (cost=4039.54..4044.70 rows=1031 width=121)
	  ->  Sort  (cost=4039.54..4042.12 rows=1031 width=121)
	        Sort Key: c
	        ->  Bitmap Heap Scan on sbtest8  (cost=31.00..3987.94 rows=1031 width=121)
	              Recheck Cond: ((id >= 6351156) AND (id <= 6352155))
	              ->  Bitmap Index Scan on sbtest8_pkey  (cost=0.00..30.75 rows=1031 width=0)
	                    Index Cond: ((id >= 6351156) AND (id <= 6352155))

for: order_ranges
table 1 : explain SELECT c FROM sbtest1 WHERE id BETWEEN 5205826 AND 5206825 ORDER BY c
	Sort  (cost=3592.51..3594.80 rows=915 width=121)
	  Sort Key: c
	  ->  Bitmap Heap Scan on sbtest1  (cost=25.81..3547.50 rows=915 width=121)
	        Recheck Cond: ((id >= 5205826) AND (id <= 5206825))
	        ->  Bitmap Index Scan on sbtest1_pkey  (cost=0.00..25.58 rows=915 width=0)
	              Index Cond: ((id >= 5205826) AND (id <= 5206825))

table 2 : explain SELECT c FROM sbtest2 WHERE id BETWEEN 3179390 AND 3180389 ORDER BY c
	Sort  (cost=3637.60..3639.92 rows=926 width=121)
	  Sort Key: c
	  ->  Bitmap Heap Scan on sbtest2  (cost=29.93..3591.97 rows=926 width=121)
	        Recheck Cond: ((id >= 3179390) AND (id <= 3180389))
	        ->  Bitmap Index Scan on sbtest2_pkey  (cost=0.00..29.69 rows=926 width=0)
	              Index Cond: ((id >= 3179390) AND (id <= 3180389))

table 3 : explain SELECT c FROM sbtest3 WHERE id BETWEEN 5797297 AND 5798296 ORDER BY c
	Sort  (cost=4026.98..4029.55 rows=1026 width=121)
	  Sort Key: c
	  ->  Bitmap Heap Scan on sbtest3  (cost=30.95..3975.67 rows=1026 width=121)
	        Recheck Cond: ((id >= 5797297) AND (id <= 5798296))
	        ->  Bitmap Index Scan on sbtest3_pkey  (cost=0.00..30.69 rows=1026 width=0)
	              Index Cond: ((id >= 5797297) AND (id <= 5798296))

table 4 : explain SELECT c FROM sbtest4 WHERE id BETWEEN 1274175 AND 1275174 ORDER BY c
	Sort  (cost=3887.76..3890.23 rows=990 width=121)
	  Sort Key: c
	  ->  Bitmap Heap Scan on sbtest4  (cost=30.58..3838.50 rows=990 width=121)
	        Recheck Cond: ((id >= 1274175) AND (id <= 1275174))
	        ->  Bitmap Index Scan on sbtest4_pkey  (cost=0.00..30.33 rows=990 width=0)
	              Index Cond: ((id >= 1274175) AND (id <= 1275174))

table 5 : explain SELECT c FROM sbtest5 WHERE id BETWEEN 7986460 AND 7987459 ORDER BY c
	Sort  (cost=3752.92..3755.31 rows=957 width=121)
	  Sort Key: c
	  ->  Bitmap Heap Scan on sbtest5  (cost=26.24..3705.54 rows=957 width=121)
	        Recheck Cond: ((id >= 7986460) AND (id <= 7987459))
	        ->  Bitmap Index Scan on sbtest5_pkey  (cost=0.00..26.00 rows=957 width=0)
	              Index Cond: ((id >= 7986460) AND (id <= 7987459))

table 6 : explain SELECT c FROM sbtest6 WHERE id BETWEEN 8267524 AND 8268523 ORDER BY c
	Sort  (cost=4133.64..4136.28 rows=1055 width=121)
	  Sort Key: c
	  ->  Bitmap Heap Scan on sbtest6  (cost=31.25..4080.67 rows=1055 width=121)
	        Recheck Cond: ((id >= 8267524) AND (id <= 8268523))
	        ->  Bitmap Index Scan on sbtest6_pkey  (cost=0.00..30.98 rows=1055 width=0)
	              Index Cond: ((id >= 8267524) AND (id <= 8268523))

table 7 : explain SELECT c FROM sbtest7 WHERE id BETWEEN 3165327 AND 3166326 ORDER BY c
	Sort  (cost=3912.36..3914.85 rows=996 width=121)
	  Sort Key: c
	  ->  Bitmap Heap Scan on sbtest7  (cost=30.64..3862.76 rows=996 width=121)
	        Recheck Cond: ((id >= 3165327) AND (id <= 3166326))
	        ->  Bitmap Index Scan on sbtest7_pkey  (cost=0.00..30.39 rows=996 width=0)
	              Index Cond: ((id >= 3165327) AND (id <= 3166326))

table 8 : explain SELECT c FROM sbtest8 WHERE id BETWEEN 2915570 AND 2916569 ORDER BY c
	Sort  (cost=4245.78..4248.50 rows=1085 width=121)
	  Sort Key: c
	  ->  Bitmap Heap Scan on sbtest8  (cost=31.56..4191.08 rows=1085 width=121)
	        Recheck Cond: ((id >= 2915570) AND (id <= 2916569))
	        ->  Bitmap Index Scan on sbtest8_pkey  (cost=0.00..31.29 rows=1085 width=0)
	              Index Cond: ((id >= 2915570) AND (id <= 2916569))

for: order_ranges
table 1 : explain SELECT c FROM sbtest1 WHERE id BETWEEN 2494979 AND 2495978 ORDER BY c
	Sort  (cost=4006.55..4009.10 rows=1022 width=121)
	  Sort Key: c
	  ->  Bitmap Heap Scan on sbtest1  (cost=30.91..3955.46 rows=1022 width=121)
	        Recheck Cond: ((id >= 2494979) AND (id <= 2495978))
	        ->  Bitmap Index Scan on sbtest1_pkey  (cost=0.00..30.65 rows=1022 width=0)
	              Index Cond: ((id >= 2494979) AND (id <= 2495978))

table 2 : explain SELECT c FROM sbtest2 WHERE id BETWEEN 2168009 AND 2169008 ORDER BY c
	Sort  (cost=4200.10..4202.78 rows=1073 width=121)
	  Sort Key: c
	  ->  Bitmap Heap Scan on sbtest2  (cost=31.43..4146.09 rows=1073 width=121)
	        Recheck Cond: ((id >= 2168009) AND (id <= 2169008))
	        ->  Bitmap Index Scan on sbtest2_pkey  (cost=0.00..31.16 rows=1073 width=0)
	              Index Cond: ((id >= 2168009) AND (id <= 2169008))

table 3 : explain SELECT c FROM sbtest3 WHERE id BETWEEN 991891 AND 992890 ORDER BY c
	Sort  (cost=3558.52..3560.78 rows=904 width=121)
	  Sort Key: c
	  ->  Bitmap Heap Scan on sbtest3  (cost=29.70..3514.14 rows=904 width=121)
	        Recheck Cond: ((id >= 991891) AND (id <= 992890))
	        ->  Bitmap Index Scan on sbtest3_pkey  (cost=0.00..29.47 rows=904 width=0)
	              Index Cond: ((id >= 991891) AND (id <= 992890))

table 4 : explain SELECT c FROM sbtest4 WHERE id BETWEEN 9466291 AND 9467290 ORDER BY c
	Sort  (cost=3661.12..3663.45 rows=932 width=121)
	  Sort Key: c
	  ->  Bitmap Heap Scan on sbtest4  (cost=25.99..3615.15 rows=932 width=121)
	        Recheck Cond: ((id >= 9466291) AND (id <= 9467290))
	        ->  Bitmap Index Scan on sbtest4_pkey  (cost=0.00..25.75 rows=932 width=0)
	              Index Cond: ((id >= 9466291) AND (id <= 9467290))

table 5 : explain SELECT c FROM sbtest5 WHERE id BETWEEN 6233970 AND 6234969 ORDER BY c
	Sort  (cost=3806.73..3809.16 rows=970 width=121)
	  Sort Key: c
	  ->  Bitmap Heap Scan on sbtest5  (cost=30.38..3758.61 rows=970 width=121)
	        Recheck Cond: ((id >= 6233970) AND (id <= 6234969))
	        ->  Bitmap Index Scan on sbtest5_pkey  (cost=0.00..30.14 rows=970 width=0)
	              Index Cond: ((id >= 6233970) AND (id <= 6234969))

table 6 : explain SELECT c FROM sbtest6 WHERE id BETWEEN 6776054 AND 6777053 ORDER BY c
	Sort  (cost=3789.09..3791.50 rows=965 width=121)
	  Sort Key: c
	  ->  Bitmap Heap Scan on sbtest6  (cost=30.33..3741.25 rows=965 width=121)
	        Recheck Cond: ((id >= 6776054) AND (id <= 6777053))
	        ->  Bitmap Index Scan on sbtest6_pkey  (cost=0.00..30.08 rows=965 width=0)
	              Index Cond: ((id >= 6776054) AND (id <= 6777053))

table 7 : explain SELECT c FROM sbtest7 WHERE id BETWEEN 4215691 AND 4216690 ORDER BY c
	Sort  (cost=4195.97..4198.65 rows=1070 width=121)
	  Sort Key: c
	  ->  Bitmap Heap Scan on sbtest7  (cost=31.40..4142.13 rows=1070 width=121)
	        Recheck Cond: ((id >= 4215691) AND (id <= 4216690))
	        ->  Bitmap Index Scan on sbtest7_pkey  (cost=0.00..31.14 rows=1070 width=0)
	              Index Cond: ((id >= 4215691) AND (id <= 4216690))

table 8 : explain SELECT c FROM sbtest8 WHERE id BETWEEN 6661268 AND 6662267 ORDER BY c
	Sort  (cost=3848.26..3850.72 rows=981 width=121)
	  Sort Key: c
	  ->  Bitmap Heap Scan on sbtest8  (cost=30.49..3799.52 rows=981 width=121)
	        Recheck Cond: ((id >= 6661268) AND (id <= 6662267))
	        ->  Bitmap Index Scan on sbtest8_pkey  (cost=0.00..30.25 rows=981 width=0)
	              Index Cond: ((id >= 6661268) AND (id <= 6662267))

for: order_ranges
table 1 : explain SELECT c FROM sbtest1 WHERE id BETWEEN 971064 AND 972063 ORDER BY c
	Sort  (cost=3891.72..3894.20 rows=992 width=121)
	  Sort Key: c
	  ->  Bitmap Heap Scan on sbtest1  (cost=30.60..3842.35 rows=992 width=121)
	        Recheck Cond: ((id >= 971064) AND (id <= 972063))
	        ->  Bitmap Index Scan on sbtest1_pkey  (cost=0.00..30.36 rows=992 width=0)
	              Index Cond: ((id >= 971064) AND (id <= 972063))

table 2 : explain SELECT c FROM sbtest2 WHERE id BETWEEN 8616749 AND 8617748 ORDER BY c
	Sort  (cost=3737.28..3739.66 rows=952 width=121)
	  Sort Key: c
	  ->  Bitmap Heap Scan on sbtest2  (cost=30.19..3690.18 rows=952 width=121)
	        Recheck Cond: ((id >= 8616749) AND (id <= 8617748))
	        ->  Bitmap Index Scan on sbtest2_pkey  (cost=0.00..29.95 rows=952 width=0)
	              Index Cond: ((id >= 8616749) AND (id <= 8617748))

table 3 : explain SELECT c FROM sbtest3 WHERE id BETWEEN 8691078 AND 8692077 ORDER BY c
	Sort  (cost=3727.68..3730.05 rows=948 width=121)
	  Sort Key: c
	  ->  Bitmap Heap Scan on sbtest3  (cost=30.15..3680.81 rows=948 width=121)
	        Recheck Cond: ((id >= 8691078) AND (id <= 8692077))
	        ->  Bitmap Index Scan on sbtest3_pkey  (cost=0.00..29.91 rows=948 width=0)
	              Index Cond: ((id >= 8691078) AND (id <= 8692077))

table 4 : explain SELECT c FROM sbtest4 WHERE id BETWEEN 9089069 AND 9090068 ORDER BY c
	Sort  (cost=3799.52..3801.93 rows=967 width=121)
	  Sort Key: c
	  ->  Bitmap Heap Scan on sbtest4  (cost=30.35..3751.57 rows=967 width=121)
	        Recheck Cond: ((id >= 9089069) AND (id <= 9090068))
	        ->  Bitmap Index Scan on sbtest4_pkey  (cost=0.00..30.11 rows=967 width=0)
	              Index Cond: ((id >= 9089069) AND (id <= 9090068))

table 5 : explain SELECT c FROM sbtest5 WHERE id BETWEEN 6007722 AND 6008721 ORDER BY c
	Sort  (cost=4021.07..4023.63 rows=1026 width=121)
	  Sort Key: c
	  ->  Bitmap Heap Scan on sbtest5  (cost=30.95..3969.75 rows=1026 width=121)
	        Recheck Cond: ((id >= 6007722) AND (id <= 6008721))
	        ->  Bitmap Index Scan on sbtest5_pkey  (cost=0.00..30.69 rows=1026 width=0)
	              Index Cond: ((id >= 6007722) AND (id <= 6008721))

table 6 : explain SELECT c FROM sbtest6 WHERE id BETWEEN 4424795 AND 4425794 ORDER BY c
	Sort  (cost=4190.98..4193.65 rows=1070 width=121)
	  Sort Key: c
	  ->  Bitmap Heap Scan on sbtest6  (cost=31.40..4137.14 rows=1070 width=121)
	        Recheck Cond: ((id >= 4424795) AND (id <= 4425794))
	        ->  Bitmap Index Scan on sbtest6_pkey  (cost=0.00..31.14 rows=1070 width=0)
	              Index Cond: ((id >= 4424795) AND (id <= 4425794))

table 7 : explain SELECT c FROM sbtest7 WHERE id BETWEEN 9902645 AND 9903644 ORDER BY c
	Sort  (cost=3973.74..3976.27 rows=1012 width=121)
	  Sort Key: c
	  ->  Bitmap Heap Scan on sbtest7  (cost=30.81..3923.22 rows=1012 width=121)
	        Recheck Cond: ((id >= 9902645) AND (id <= 9903644))
	        ->  Bitmap Index Scan on sbtest7_pkey  (cost=0.00..30.55 rows=1012 width=0)
	              Index Cond: ((id >= 9902645) AND (id <= 9903644))

table 8 : explain SELECT c FROM sbtest8 WHERE id BETWEEN 4582798 AND 4583797 ORDER BY c
	Sort  (cost=4165.62..4168.28 rows=1064 width=121)
	  Sort Key: c
	  ->  Bitmap Heap Scan on sbtest8  (cost=31.34..4112.12 rows=1064 width=121)
	        Recheck Cond: ((id >= 4582798) AND (id <= 4583797))
	        ->  Bitmap Index Scan on sbtest8_pkey  (cost=0.00..31.07 rows=1064 width=0)
	              Index Cond: ((id >= 4582798) AND (id <= 4583797))

for: distinct_ranges
table 1 : explain SELECT DISTINCT c FROM sbtest1 WHERE id BETWEEN 2025729 AND 2026728 ORDER BY c
	Unique  (cost=3884.07..3889.02 rows=990 width=121)
	  ->  Sort  (cost=3884.07..3886.54 rows=990 width=121)
	        Sort Key: c
	        ->  Bitmap Heap Scan on sbtest1  (cost=30.58..3834.81 rows=990 width=121)
	              Recheck Cond: ((id >= 2025729) AND (id <= 2026728))
	              ->  Bitmap Index Scan on sbtest1_pkey  (cost=0.00..30.33 rows=990 width=0)
	                    Index Cond: ((id >= 2025729) AND (id <= 2026728))

table 2 : explain SELECT DISTINCT c FROM sbtest2 WHERE id BETWEEN 2011939 AND 2012938 ORDER BY c
	Unique  (cost=3560.70..3565.24 rows=907 width=121)
	  ->  Sort  (cost=3560.70..3562.97 rows=907 width=121)
	        Sort Key: c
	        ->  Bitmap Heap Scan on sbtest2  (cost=25.73..3516.15 rows=907 width=121)
	              Recheck Cond: ((id >= 2011939) AND (id <= 2012938))
	              ->  Bitmap Index Scan on sbtest2_pkey  (cost=0.00..25.50 rows=907 width=0)
	                    Index Cond: ((id >= 2011939) AND (id <= 2012938))

table 3 : explain SELECT DISTINCT c FROM sbtest3 WHERE id BETWEEN 4897349 AND 4898348 ORDER BY c
	Unique  (cost=4003.99..4009.09 rows=1020 width=121)
	  ->  Sort  (cost=4003.99..4006.54 rows=1020 width=121)
	        Sort Key: c
	        ->  Bitmap Heap Scan on sbtest3  (cost=30.89..3953.01 rows=1020 width=121)
	              Recheck Cond: ((id >= 4897349) AND (id <= 4898348))
	              ->  Bitmap Index Scan on sbtest3_pkey  (cost=0.00..30.64 rows=1020 width=0)
	                    Index Cond: ((id >= 4897349) AND (id <= 4898348))

table 4 : explain SELECT DISTINCT c FROM sbtest4 WHERE id BETWEEN 2271629 AND 2272628 ORDER BY c
	Unique  (cost=4106.17..4111.40 rows=1047 width=121)
	  ->  Sort  (cost=4106.17..4108.78 rows=1047 width=121)
	        Sort Key: c
	        ->  Bitmap Heap Scan on sbtest4  (cost=31.17..4053.65 rows=1047 width=121)
	              Recheck Cond: ((id >= 2271629) AND (id <= 2272628))
	              ->  Bitmap Index Scan on sbtest4_pkey  (cost=0.00..30.90 rows=1047 width=0)
	                    Index Cond: ((id >= 2271629) AND (id <= 2272628))

table 5 : explain SELECT DISTINCT c FROM sbtest5 WHERE id BETWEEN 1932665 AND 1933664 ORDER BY c
	Unique  (cost=4055.48..4060.65 rows=1035 width=121)
	  ->  Sort  (cost=4055.48..4058.07 rows=1035 width=121)
	        Sort Key: c
	        ->  Bitmap Heap Scan on sbtest5  (cost=31.04..4003.65 rows=1035 width=121)
	              Recheck Cond: ((id >= 1932665) AND (id <= 1933664))
	              ->  Bitmap Index Scan on sbtest5_pkey  (cost=0.00..30.79 rows=1035 width=0)
	                    Index Cond: ((id >= 1932665) AND (id <= 1933664))

table 6 : explain SELECT DISTINCT c FROM sbtest6 WHERE id BETWEEN 1275874 AND 1276873 ORDER BY c
	Unique  (cost=4114.53..4119.78 rows=1050 width=121)
	  ->  Sort  (cost=4114.53..4117.15 rows=1050 width=121)
	        Sort Key: c
	        ->  Bitmap Heap Scan on sbtest6  (cost=31.20..4061.84 rows=1050 width=121)
	              Recheck Cond: ((id >= 1275874) AND (id <= 1276873))
	              ->  Bitmap Index Scan on sbtest6_pkey  (cost=0.00..30.93 rows=1050 width=0)
	                    Index Cond: ((id >= 1275874) AND (id <= 1276873))

table 7 : explain SELECT DISTINCT c FROM sbtest7 WHERE id BETWEEN 6409800 AND 6410799 ORDER BY c
	Unique  (cost=3639.65..3644.28 rows=925 width=121)
	  ->  Sort  (cost=3639.65..3641.97 rows=925 width=121)
	        Sort Key: c
	        ->  Bitmap Heap Scan on sbtest7  (cost=29.92..3594.08 rows=925 width=121)
	              Recheck Cond: ((id >= 6409800) AND (id <= 6410799))
	              ->  Bitmap Index Scan on sbtest7_pkey  (cost=0.00..29.68 rows=925 width=0)
	                    Index Cond: ((id >= 6409800) AND (id <= 6410799))

table 8 : explain SELECT DISTINCT c FROM sbtest8 WHERE id BETWEEN 9126035 AND 9127034 ORDER BY c
	Unique  (cost=4398.42..4404.05 rows=1126 width=121)
	  ->  Sort  (cost=4398.42..4401.24 rows=1126 width=121)
	        Sort Key: c
	        ->  Bitmap Heap Scan on sbtest8  (cost=31.98..4341.35 rows=1126 width=121)
	              Recheck Cond: ((id >= 9126035) AND (id <= 9127034))
	              ->  Bitmap Index Scan on sbtest8_pkey  (cost=0.00..31.69 rows=1126 width=0)
	                    Index Cond: ((id >= 9126035) AND (id <= 9127034))

for: distinct_ranges
table 1 : explain SELECT DISTINCT c FROM sbtest1 WHERE id BETWEEN 7628605 AND 7629604 ORDER BY c
	Unique  (cost=3534.92..3539.42 rows=900 width=121)
	  ->  Sort  (cost=3534.92..3537.17 rows=900 width=121)
	        Sort Key: c
	        ->  Bitmap Heap Scan on sbtest1  (cost=25.66..3490.75 rows=900 width=121)
	              Recheck Cond: ((id >= 7628605) AND (id <= 7629604))
	              ->  Bitmap Index Scan on sbtest1_pkey  (cost=0.00..25.43 rows=900 width=0)
	                    Index Cond: ((id >= 7628605) AND (id <= 7629604))

table 2 : explain SELECT DISTINCT c FROM sbtest2 WHERE id BETWEEN 5803009 AND 5804008 ORDER BY c
	Unique  (cost=3787.09..3791.92 rows=965 width=121)
	  ->  Sort  (cost=3787.09..3789.50 rows=965 width=121)
	        Sort Key: c
	        ->  Bitmap Heap Scan on sbtest2  (cost=30.33..3739.26 rows=965 width=121)
	              Recheck Cond: ((id >= 5803009) AND (id <= 5804008))
	              ->  Bitmap Index Scan on sbtest2_pkey  (cost=0.00..30.08 rows=965 width=0)
	                    Index Cond: ((id >= 5803009) AND (id <= 5804008))

table 3 : explain SELECT DISTINCT c FROM sbtest3 WHERE id BETWEEN 5477770 AND 5478769 ORDER BY c
	Unique  (cost=3808.33..3813.18 rows=969 width=121)
	  ->  Sort  (cost=3808.33..3810.75 rows=969 width=121)
	        Sort Key: c
	        ->  Bitmap Heap Scan on sbtest3  (cost=30.37..3760.27 rows=969 width=121)
	              Recheck Cond: ((id >= 5477770) AND (id <= 5478769))
	              ->  Bitmap Index Scan on sbtest3_pkey  (cost=0.00..30.12 rows=969 width=0)
	                    Index Cond: ((id >= 5477770) AND (id <= 5478769))

table 4 : explain SELECT DISTINCT c FROM sbtest4 WHERE id BETWEEN 4972511 AND 4973510 ORDER BY c
	Unique  (cost=3722.74..3727.47 rows=947 width=121)
	  ->  Sort  (cost=3722.74..3725.10 rows=947 width=121)
	        Sort Key: c
	        ->  Bitmap Heap Scan on sbtest4  (cost=30.14..3675.92 rows=947 width=121)
	              Recheck Cond: ((id >= 4972511) AND (id <= 4973510))
	              ->  Bitmap Index Scan on sbtest4_pkey  (cost=0.00..29.90 rows=947 width=0)
	                    Index Cond: ((id >= 4972511) AND (id <= 4973510))

table 5 : explain SELECT DISTINCT c FROM sbtest5 WHERE id BETWEEN 6860129 AND 6861128 ORDER BY c
	Unique  (cost=3806.73..3811.58 rows=970 width=121)
	  ->  Sort  (cost=3806.73..3809.16 rows=970 width=121)
	        Sort Key: c
	        ->  Bitmap Heap Scan on sbtest5  (cost=30.38..3758.61 rows=970 width=121)
	              Recheck Cond: ((id >= 6860129) AND (id <= 6861128))
	              ->  Bitmap Index Scan on sbtest5_pkey  (cost=0.00..30.14 rows=970 width=0)
	                    Index Cond: ((id >= 6860129) AND (id <= 6861128))

table 6 : explain SELECT DISTINCT c FROM sbtest6 WHERE id BETWEEN 4816704 AND 4817703 ORDER BY c
	Unique  (cost=4041.85..4047.01 rows=1031 width=121)
	  ->  Sort  (cost=4041.85..4044.43 rows=1031 width=121)
	        Sort Key: c
	        ->  Bitmap Heap Scan on sbtest6  (cost=31.00..3990.25 rows=1031 width=121)
	              Recheck Cond: ((id >= 4816704) AND (id <= 4817703))
	              ->  Bitmap Index Scan on sbtest6_pkey  (cost=0.00..30.75 rows=1031 width=0)
	                    Index Cond: ((id >= 4816704) AND (id <= 4817703))

table 7 : explain SELECT DISTINCT c FROM sbtest7 WHERE id BETWEEN 8651433 AND 8652432 ORDER BY c
	Unique  (cost=3843.28..3848.17 rows=978 width=121)
	  ->  Sort  (cost=3843.28..3845.73 rows=978 width=121)
	        Sort Key: c
	        ->  Bitmap Heap Scan on sbtest7  (cost=30.46..3794.71 rows=978 width=121)
	              Recheck Cond: ((id >= 8651433) AND (id <= 8652432))
	              ->  Bitmap Index Scan on sbtest7_pkey  (cost=0.00..30.21 rows=978 width=0)
	                    Index Cond: ((id >= 8651433) AND (id <= 8652432))

table 8 : explain SELECT DISTINCT c FROM sbtest8 WHERE id BETWEEN 4454510 AND 4455509 ORDER BY c
	Unique  (cost=3798.48..3803.32 rows=968 width=121)
	  ->  Sort  (cost=3798.48..3800.90 rows=968 width=121)
	        Sort Key: c
	        ->  Bitmap Heap Scan on sbtest8  (cost=30.36..3750.48 rows=968 width=121)
	              Recheck Cond: ((id >= 4454510) AND (id <= 4455509))
	              ->  Bitmap Index Scan on sbtest8_pkey  (cost=0.00..30.11 rows=968 width=0)
	                    Index Cond: ((id >= 4454510) AND (id <= 4455509))

for: distinct_ranges
table 1 : explain SELECT DISTINCT c FROM sbtest1 WHERE id BETWEEN 4210459 AND 4211458 ORDER BY c
	Unique  (cost=3891.72..3896.68 rows=992 width=121)
	  ->  Sort  (cost=3891.72..3894.20 rows=992 width=121)
	        Sort Key: c
	        ->  Bitmap Heap Scan on sbtest1  (cost=30.60..3842.35 rows=992 width=121)
	              Recheck Cond: ((id >= 4210459) AND (id <= 4211458))
	              ->  Bitmap Index Scan on sbtest1_pkey  (cost=0.00..30.36 rows=992 width=0)
	                    Index Cond: ((id >= 4210459) AND (id <= 4211458))

table 2 : explain SELECT DISTINCT c FROM sbtest2 WHERE id BETWEEN 6678912 AND 6679911 ORDER BY c
	Unique  (cost=3741.12..3745.88 rows=953 width=121)
	  ->  Sort  (cost=3741.12..3743.50 rows=953 width=121)
	        Sort Key: c
	        ->  Bitmap Heap Scan on sbtest2  (cost=30.20..3693.96 rows=953 width=121)
	              Recheck Cond: ((id >= 6678912) AND (id <= 6679911))
	              ->  Bitmap Index Scan on sbtest2_pkey  (cost=0.00..29.96 rows=953 width=0)
	                    Index Cond: ((id >= 6678912) AND (id <= 6679911))

table 3 : explain SELECT DISTINCT c FROM sbtest3 WHERE id BETWEEN 6965248 AND 6966247 ORDER BY c
	Unique  (cost=4245.26..4250.68 rows=1083 width=121)
	  ->  Sort  (cost=4245.26..4247.97 rows=1083 width=121)
	        Sort Key: c
	        ->  Bitmap Heap Scan on sbtest3  (cost=31.54..4190.68 rows=1083 width=121)
	              Recheck Cond: ((id >= 6965248) AND (id <= 6966247))
	              ->  Bitmap Index Scan on sbtest3_pkey  (cost=0.00..31.26 rows=1083 width=0)
	                    Index Cond: ((id >= 6965248) AND (id <= 6966247))

table 4 : explain SELECT DISTINCT c FROM sbtest4 WHERE id BETWEEN 6538522 AND 6539521 ORDER BY c
	Unique  (cost=3664.96..3669.63 rows=933 width=121)
	  ->  Sort  (cost=3664.96..3667.29 rows=933 width=121)
	        Sort Key: c
	        ->  Bitmap Heap Scan on sbtest4  (cost=26.00..3618.94 rows=933 width=121)
	              Recheck Cond: ((id >= 6538522) AND (id <= 6539521))
	              ->  Bitmap Index Scan on sbtest4_pkey  (cost=0.00..25.76 rows=933 width=0)
	                    Index Cond: ((id >= 6538522) AND (id <= 6539521))

table 5 : explain SELECT DISTINCT c FROM sbtest5 WHERE id BETWEEN 9956447 AND 9957446 ORDER BY c
	Unique  (cost=3902.46..3907.44 rows=995 width=121)
	  ->  Sort  (cost=3902.46..3904.95 rows=995 width=121)
	        Sort Key: c
	        ->  Bitmap Heap Scan on sbtest5  (cost=30.63..3852.92 rows=995 width=121)
	              Recheck Cond: ((id >= 9956447) AND (id <= 9957446))
	              ->  Bitmap Index Scan on sbtest5_pkey  (cost=0.00..30.39 rows=995 width=0)
	                    Index Cond: ((id >= 9956447) AND (id <= 9957446))

table 6 : explain SELECT DISTINCT c FROM sbtest6 WHERE id BETWEEN 8586272 AND 8587271 ORDER BY c
	Unique  (cost=3896.39..3901.35 rows=993 width=121)
	  ->  Sort  (cost=3896.39..3898.87 rows=993 width=121)
	        Sort Key: c
	        ->  Bitmap Heap Scan on sbtest6  (cost=30.61..3846.96 rows=993 width=121)
	              Recheck Cond: ((id >= 8586272) AND (id <= 8587271))
	              ->  Bitmap Index Scan on sbtest6_pkey  (cost=0.00..30.36 rows=993 width=0)
	                    Index Cond: ((id >= 8586272) AND (id <= 8587271))

table 7 : explain SELECT DISTINCT c FROM sbtest7 WHERE id BETWEEN 9912330 AND 9913329 ORDER BY c
	Unique  (cost=4050.41..4055.57 rows=1032 width=121)
	  ->  Sort  (cost=4050.41..4052.99 rows=1032 width=121)
	        Sort Key: c
	        ->  Bitmap Heap Scan on sbtest7  (cost=31.01..3998.76 rows=1032 width=121)
	              Recheck Cond: ((id >= 9912330) AND (id <= 9913329))
	              ->  Bitmap Index Scan on sbtest7_pkey  (cost=0.00..30.75 rows=1032 width=0)
	                    Index Cond: ((id >= 9912330) AND (id <= 9913329))

table 8 : explain SELECT DISTINCT c FROM sbtest8 WHERE id BETWEEN 7108590 AND 7109589 ORDER BY c
	Unique  (cost=4058.65..4063.83 rows=1036 width=121)
	  ->  Sort  (cost=4058.65..4061.24 rows=1036 width=121)
	        Sort Key: c
	        ->  Bitmap Heap Scan on sbtest8  (cost=31.05..4006.76 rows=1036 width=121)
	              Recheck Cond: ((id >= 7108590) AND (id <= 7109589))
	              ->  Bitmap Index Scan on sbtest8_pkey  (cost=0.00..30.79 rows=1036 width=0)
	                    Index Cond: ((id >= 7108590) AND (id <= 7109589))

for: distinct_ranges
table 1 : explain SELECT DISTINCT c FROM sbtest1 WHERE id BETWEEN 6602028 AND 6603027 ORDER BY c
	Unique  (cost=4308.41..4313.92 rows=1101 width=121)
	  ->  Sort  (cost=4308.41..4311.16 rows=1101 width=121)
	        Sort Key: c
	        ->  Bitmap Heap Scan on sbtest1  (cost=31.72..4252.79 rows=1101 width=121)
	              Recheck Cond: ((id >= 6602028) AND (id <= 6603027))
	              ->  Bitmap Index Scan on sbtest1_pkey  (cost=0.00..31.44 rows=1101 width=0)
	                    Index Cond: ((id >= 6602028) AND (id <= 6603027))

table 2 : explain SELECT DISTINCT c FROM sbtest2 WHERE id BETWEEN 3785155 AND 3786154 ORDER BY c
	Unique  (cost=3587.57..3592.14 rows=914 width=121)
	  ->  Sort  (cost=3587.57..3589.85 rows=914 width=121)
	        Sort Key: c
	        ->  Bitmap Heap Scan on sbtest2  (cost=25.80..3542.62 rows=914 width=121)
	              Recheck Cond: ((id >= 3785155) AND (id <= 3786154))
	              ->  Bitmap Index Scan on sbtest2_pkey  (cost=0.00..25.57 rows=914 width=0)
	                    Index Cond: ((id >= 3785155) AND (id <= 3786154))

table 3 : explain SELECT DISTINCT c FROM sbtest3 WHERE id BETWEEN 351120 AND 352119 ORDER BY c
	Unique  (cost=3723.84..3728.57 rows=947 width=121)
	  ->  Sort  (cost=3723.84..3726.20 rows=947 width=121)
	        Sort Key: c
	        ->  Bitmap Heap Scan on sbtest3  (cost=30.14..3677.02 rows=947 width=121)
	              Recheck Cond: ((id >= 351120) AND (id <= 352119))
	              ->  Bitmap Index Scan on sbtest3_pkey  (cost=0.00..29.90 rows=947 width=0)
	                    Index Cond: ((id >= 351120) AND (id <= 352119))

table 4 : explain SELECT DISTINCT c FROM sbtest4 WHERE id BETWEEN 4408713 AND 4409712 ORDER BY c
	Unique  (cost=3676.49..3681.17 rows=936 width=121)
	  ->  Sort  (cost=3676.49..3678.83 rows=936 width=121)
	        Sort Key: c
	        ->  Bitmap Heap Scan on sbtest4  (cost=26.03..3630.29 rows=936 width=121)
	              Recheck Cond: ((id >= 4408713) AND (id <= 4409712))
	              ->  Bitmap Index Scan on sbtest4_pkey  (cost=0.00..25.79 rows=936 width=0)
	                    Index Cond: ((id >= 4408713) AND (id <= 4409712))

table 5 : explain SELECT DISTINCT c FROM sbtest5 WHERE id BETWEEN 280700 AND 281699 ORDER BY c
	Unique  (cost=3979.00..3984.07 rows=1015 width=121)
	  ->  Sort  (cost=3979.00..3981.53 rows=1015 width=121)
	        Sort Key: c
	        ->  Bitmap Heap Scan on sbtest5  (cost=30.84..3928.31 rows=1015 width=121)
	              Recheck Cond: ((id >= 280700) AND (id <= 281699))
	              ->  Bitmap Index Scan on sbtest5_pkey  (cost=0.00..30.58 rows=1015 width=0)
	                    Index Cond: ((id >= 280700) AND (id <= 281699))

table 6 : explain SELECT DISTINCT c FROM sbtest6 WHERE id BETWEEN 1849024 AND 1850023 ORDER BY c
	Unique  (cost=3643.32..3647.95 rows=927 width=121)
	  ->  Sort  (cost=3643.32..3645.63 rows=927 width=121)
	        Sort Key: c
	        ->  Bitmap Heap Scan on sbtest6  (cost=29.94..3597.63 rows=927 width=121)
	              Recheck Cond: ((id >= 1849024) AND (id <= 1850023))
	              ->  Bitmap Index Scan on sbtest6_pkey  (cost=0.00..29.70 rows=927 width=0)
	                    Index Cond: ((id >= 1849024) AND (id <= 1850023))

table 7 : explain SELECT DISTINCT c FROM sbtest7 WHERE id BETWEEN 7077085 AND 7078084 ORDER BY c
	Unique  (cost=4073.41..4078.60 rows=1038 width=121)
	  ->  Sort  (cost=4073.41..4076.00 rows=1038 width=121)
	        Sort Key: c
	        ->  Bitmap Heap Scan on sbtest7  (cost=31.07..4021.41 rows=1038 width=121)
	              Recheck Cond: ((id >= 7077085) AND (id <= 7078084))
	              ->  Bitmap Index Scan on sbtest7_pkey  (cost=0.00..30.82 rows=1038 width=0)
	                    Index Cond: ((id >= 7077085) AND (id <= 7078084))

table 8 : explain SELECT DISTINCT c FROM sbtest8 WHERE id BETWEEN 3359597 AND 3360596 ORDER BY c
	Unique  (cost=3943.94..3948.97 rows=1006 width=121)
	  ->  Sort  (cost=3943.94..3946.45 rows=1006 width=121)
	        Sort Key: c
	        ->  Bitmap Heap Scan on sbtest8  (cost=30.75..3893.77 rows=1006 width=121)
	              Recheck Cond: ((id >= 3359597) AND (id <= 3360596))
	              ->  Bitmap Index Scan on sbtest8_pkey  (cost=0.00..30.50 rows=1006 width=0)
	                    Index Cond: ((id >= 3359597) AND (id <= 3360596))

for: distinct_ranges
table 1 : explain SELECT DISTINCT c FROM sbtest1 WHERE id BETWEEN 8653163 AND 8654162 ORDER BY c
	Unique  (cost=3849.60..3854.50 rows=981 width=121)
	  ->  Sort  (cost=3849.60..3852.05 rows=981 width=121)
	        Sort Key: c
	        ->  Bitmap Heap Scan on sbtest1  (cost=30.49..3800.85 rows=981 width=121)
	              Recheck Cond: ((id >= 8653163) AND (id <= 8654162))
	              ->  Bitmap Index Scan on sbtest1_pkey  (cost=0.00..30.25 rows=981 width=0)
	                    Index Cond: ((id >= 8653163) AND (id <= 8654162))

table 2 : explain SELECT DISTINCT c FROM sbtest2 WHERE id BETWEEN 8371042 AND 8372041 ORDER BY c
	Unique  (cost=3794.75..3799.59 rows=967 width=121)
	  ->  Sort  (cost=3794.75..3797.17 rows=967 width=121)
	        Sort Key: c
	        ->  Bitmap Heap Scan on sbtest2  (cost=30.35..3746.80 rows=967 width=121)
	              Recheck Cond: ((id >= 8371042) AND (id <= 8372041))
	              ->  Bitmap Index Scan on sbtest2_pkey  (cost=0.00..30.11 rows=967 width=0)
	                    Index Cond: ((id >= 8371042) AND (id <= 8372041))

table 3 : explain SELECT DISTINCT c FROM sbtest3 WHERE id BETWEEN 8203261 AND 8204260 ORDER BY c
	Unique  (cost=3877.42..3882.36 rows=987 width=121)
	  ->  Sort  (cost=3877.42..3879.89 rows=987 width=121)
	        Sort Key: c
	        ->  Bitmap Heap Scan on sbtest3  (cost=30.55..3828.33 rows=987 width=121)
	              Recheck Cond: ((id >= 8203261) AND (id <= 8204260))
	              ->  Bitmap Index Scan on sbtest3_pkey  (cost=0.00..30.30 rows=987 width=0)
	                    Index Cond: ((id >= 8203261) AND (id <= 8204260))

table 4 : explain SELECT DISTINCT c FROM sbtest4 WHERE id BETWEEN 4602906 AND 4603905 ORDER BY c
	Unique  (cost=4347.14..4352.69 rows=1110 width=121)
	  ->  Sort  (cost=4347.14..4349.91 rows=1110 width=121)
	        Sort Key: c
	        ->  Bitmap Heap Scan on sbtest4  (cost=31.81..4290.99 rows=1110 width=121)
	              Recheck Cond: ((id >= 4602906) AND (id <= 4603905))
	              ->  Bitmap Index Scan on sbtest4_pkey  (cost=0.00..31.54 rows=1110 width=0)
	                    Index Cond: ((id >= 4602906) AND (id <= 4603905))

table 5 : explain SELECT DISTINCT c FROM sbtest5 WHERE id BETWEEN 3630731 AND 3631730 ORDER BY c
	Unique  (cost=4185.39..4190.74 rows=1069 width=121)
	  ->  Sort  (cost=4185.39..4188.07 rows=1069 width=121)
	        Sort Key: c
	        ->  Bitmap Heap Scan on sbtest5  (cost=31.39..4131.61 rows=1069 width=121)
	              Recheck Cond: ((id >= 3630731) AND (id <= 3631730))
	              ->  Bitmap Index Scan on sbtest5_pkey  (cost=0.00..31.12 rows=1069 width=0)
	                    Index Cond: ((id >= 3630731) AND (id <= 3631730))

table 6 : explain SELECT DISTINCT c FROM sbtest6 WHERE id BETWEEN 4013434 AND 4014433 ORDER BY c
	Unique  (cost=3900.22..3905.19 rows=994 width=121)
	  ->  Sort  (cost=3900.22..3902.70 rows=994 width=121)
	        Sort Key: c
	        ->  Bitmap Heap Scan on sbtest6  (cost=30.62..3850.73 rows=994 width=121)
	              Recheck Cond: ((id >= 4013434) AND (id <= 4014433))
	              ->  Bitmap Index Scan on sbtest6_pkey  (cost=0.00..30.37 rows=994 width=0)
	                    Index Cond: ((id >= 4013434) AND (id <= 4014433))

table 7 : explain SELECT DISTINCT c FROM sbtest7 WHERE id BETWEEN 6093988 AND 6094987 ORDER BY c
	Unique  (cost=3639.65..3644.28 rows=925 width=121)
	  ->  Sort  (cost=3639.65..3641.97 rows=925 width=121)
	        Sort Key: c
	        ->  Bitmap Heap Scan on sbtest7  (cost=29.92..3594.08 rows=925 width=121)
	              Recheck Cond: ((id >= 6093988) AND (id <= 6094987))
	              ->  Bitmap Index Scan on sbtest7_pkey  (cost=0.00..29.68 rows=925 width=0)
	                    Index Cond: ((id >= 6093988) AND (id <= 6094987))

table 8 : explain SELECT DISTINCT c FROM sbtest8 WHERE id BETWEEN 9462390 AND 9463389 ORDER BY c
	Unique  (cost=3618.33..3622.93 rows=921 width=121)
	  ->  Sort  (cost=3618.33..3620.63 rows=921 width=121)
	        Sort Key: c
	        ->  Bitmap Heap Scan on sbtest8  (cost=29.88..3572.98 rows=921 width=121)
	              Recheck Cond: ((id >= 9462390) AND (id <= 9463389))
	              ->  Bitmap Index Scan on sbtest8_pkey  (cost=0.00..29.64 rows=921 width=0)
	                    Index Cond: ((id >= 9462390) AND (id <= 9463389))

Threads started!

Warming up for 5 seconds...

SQL statistics:
    queries performed:
        read:                            89401877
        write:                           0
        other:                           16254916
        total:                           105656793
    transactions:                        8127478 (12900.59 per sec.)
    queries:                             105656793 (167706.97 per sec.)
    ignored errors:                      0      (0.00 per sec.)
    reconnects:                          0      (0.00 per sec.)

Throughput:
    events/s (eps):                      12900.5875
    time elapsed:                        630.0085s
    total number of events:              8127478

Latency (ms):
         min:                                    0.51
         avg:                                    3.10
         max:                                   27.26
         95th percentile:                        3.25
         sum:                             25191134.03

Threads fairness:
    events (avg/stddev):           203186.6750/352.25
    execution time (avg/stddev):   629.7784/0.00

